<?xml version="1.0" encoding="UTF-8"?>
<testsuite xmlns:xsi="http://www.w3.org/2001/XMLSchema-instance" xsi:noNamespaceSchemaLocation="https://maven.apache.org/surefire/maven-surefire-plugin/xsd/surefire-test-report-3.0.xsd" version="3.0" name="org.apache.hadoop.ozone.om.TestOzoneManagerHAWithACL" time="34.747" tests="1" errors="1" skipped="0" failures="0">
  <properties>
    <property name="awt.toolkit" value="sun.awt.X11.XToolkit"/>
    <property name="file.encoding.pkg" value="sun.io"/>
    <property name="java.specification.version" value="1.8"/>
    <property name="sun.cpu.isalist" value=""/>
    <property name="sun.jnu.encoding" value="UTF-8"/>
    <property name="java.class.path" value="/home/runner/work/ozone/ozone/hadoop-ozone/integration-test/target/test-classes:/home/runner/work/ozone/ozone/hadoop-ozone/integration-test/target/classes:/home/runner/.m2/repository/org/apache/ozone/ozone-common/1.4.0-SNAPSHOT/ozone-common-1.4.0-SNAPSHOT.jar:/home/runner/.m2/repository/io/grpc/grpc-netty/1.51.1/grpc-netty-1.51.1.jar:/home/runner/.m2/repository/io/grpc/grpc-core/1.51.1/grpc-core-1.51.1.jar:/home/runner/.m2/repository/com/google/android/annotations/4.1.1.4/annotations-4.1.1.4.jar:/home/runner/.m2/repository/org/codehaus/mojo/animal-sniffer-annotations/1.21/animal-sniffer-annotations-1.21.jar:/home/runner/.m2/repository/com/google/errorprone/error_prone_annotations/2.2.0/error_prone_annotations-2.2.0.jar:/home/runner/.m2/repository/io/perfmark/perfmark-api/0.25.0/perfmark-api-0.25.0.jar:/home/runner/.m2/repository/io/netty/netty-codec-http2/4.1.86.Final/netty-codec-http2-4.1.86.Final.jar:/home/runner/.m2/repository/io/netty/netty-common/4.1.86.Final/netty-common-4.1.86.Final.jar:/home/runner/.m2/repository/io/netty/netty-buffer/4.1.86.Final/netty-buffer-4.1.86.Final.jar:/home/runner/.m2/repository/io/netty/netty-codec-http/4.1.86.Final/netty-codec-http-4.1.86.Final.jar:/home/runner/.m2/repository/io/netty/netty-handler-proxy/4.1.86.Final/netty-handler-proxy-4.1.86.Final.jar:/home/runner/.m2/repository/io/netty/netty-codec-socks/4.1.86.Final/netty-codec-socks-4.1.86.Final.jar:/home/runner/.m2/repository/io/netty/netty-tcnative-boringssl-static/2.0.54.Final/netty-tcnative-boringssl-static-2.0.54.Final.jar:/home/runner/.m2/repository/io/netty/netty-tcnative-classes/2.0.54.Final/netty-tcnative-classes-2.0.54.Final.jar:/home/runner/.m2/repository/io/netty/netty-tcnative-boringssl-static/2.0.54.Final/netty-tcnative-boringssl-static-2.0.54.Final-linux-x86_64.jar:/home/runner/.m2/repository/io/netty/netty-tcnative-boringssl-static/2.0.54.Final/netty-tcnative-boringssl-static-2.0.54.Final-linux-aarch_64.jar:/home/runner/.m2/repository/io/netty/netty-tcnative-boringssl-static/2.0.54.Final/netty-tcnative-boringssl-static-2.0.54.Final-osx-x86_64.jar:/home/runner/.m2/repository/io/netty/netty-tcnative-boringssl-static/2.0.54.Final/netty-tcnative-boringssl-static-2.0.54.Final-osx-aarch_64.jar:/home/runner/.m2/repository/io/netty/netty-tcnative-boringssl-static/2.0.54.Final/netty-tcnative-boringssl-static-2.0.54.Final-windows-x86_64.jar:/home/runner/.m2/repository/org/apache/commons/commons-compress/1.21/commons-compress-1.21.jar:/home/runner/.m2/repository/org/apache/ozone/hdds-common/1.4.0-SNAPSHOT/hdds-common-1.4.0-SNAPSHOT.jar:/home/runner/.m2/repository/org/apache/ozone/hdds-client/1.4.0-SNAPSHOT/hdds-client-1.4.0-SNAPSHOT.jar:/home/runner/.m2/repository/org/apache/ozone/ozone-interface-client/1.4.0-SNAPSHOT/ozone-interface-client-1.4.0-SNAPSHOT.jar:/home/runner/.m2/repository/org/apache/hadoop/hadoop-hdfs-client/3.3.5/hadoop-hdfs-client-3.3.5.jar:/home/runner/.m2/repository/com/squareup/okhttp3/okhttp/4.9.3/okhttp-4.9.3.jar:/home/runner/.m2/repository/com/squareup/okio/okio/2.8.0/okio-2.8.0.jar:/home/runner/.m2/repository/org/jetbrains/kotlin/kotlin-stdlib-common/1.6.21/kotlin-stdlib-common-1.6.21.jar:/home/runner/.m2/repository/org/apache/ozone/hdds-test-utils/1.4.0-SNAPSHOT/hdds-test-utils-1.4.0-SNAPSHOT.jar:/home/runner/.m2/repository/com/google/guava/guava/31.1-jre/guava-31.1-jre.jar:/home/runner/.m2/repository/com/google/guava/failureaccess/1.0.1/failureaccess-1.0.1.jar:/home/runner/.m2/repository/com/google/guava/listenablefuture/9999.0-empty-to-avoid-conflict-with-guava/listenablefuture-9999.0-empty-to-avoid-conflict-with-guava.jar:/home/runner/.m2/repository/com/google/code/findbugs/jsr305/3.0.0/jsr305-3.0.0.jar:/home/runner/.m2/repository/org/checkerframework/checker-qual/3.12.0/checker-qual-3.12.0.jar:/home/runner/.m2/repository/com/google/j2objc/j2objc-annotations/1.3/j2objc-annotations-1.3.jar:/home/runner/.m2/repository/commons-io/commons-io/2.11.0/commons-io-2.11.0.jar:/home/runner/.m2/repository/commons-logging/commons-logging/1.2/commons-logging-1.2.jar:/home/runner/.m2/repository/ch/qos/reload4j/reload4j/1.2.22/reload4j-1.2.22.jar:/home/runner/.m2/repository/org/slf4j/slf4j-api/1.7.36/slf4j-api-1.7.36.jar:/home/runner/.m2/repository/org/apache/ozone/hdds-server-scm/1.4.0-SNAPSHOT/hdds-server-scm-1.4.0-SNAPSHOT.jar:/home/runner/.m2/repository/org/apache/ozone/hdds-container-service/1.4.0-SNAPSHOT/hdds-container-service-1.4.0-SNAPSHOT.jar:/home/runner/.m2/repository/org/apache/ozone/hdds-hadoop-dependency-server/1.4.0-SNAPSHOT/hdds-hadoop-dependency-server-1.4.0-SNAPSHOT.jar:/home/runner/.m2/repository/org/apache/hadoop/hadoop-hdfs/3.3.5/hadoop-hdfs-3.3.5.jar:/home/runner/.m2/repository/commons-daemon/commons-daemon/1.0.13/commons-daemon-1.0.13.jar:/home/runner/.m2/repository/org/apache/ozone/hdds-server-framework/1.4.0-SNAPSHOT/hdds-server-framework-1.4.0-SNAPSHOT.jar:/home/runner/.m2/repository/io/dropwizard/metrics/metrics-core/3.2.4/metrics-core-3.2.4.jar:/home/runner/.m2/repository/org/apache/commons/commons-text/1.4/commons-text-1.4.jar:/home/runner/.m2/repository/org/bouncycastle/bcprov-jdk15on/1.67/bcprov-jdk15on-1.67.jar:/home/runner/.m2/repository/com/google/protobuf/protobuf-java/2.5.0/protobuf-java-2.5.0.jar:/home/runner/.m2/repository/org/apache/ozone/hdds-server-framework/1.4.0-SNAPSHOT/hdds-server-framework-1.4.0-SNAPSHOT-tests.jar:/home/runner/.m2/repository/org/apache/ozone/hdds-interface-server/1.4.0-SNAPSHOT/hdds-interface-server-1.4.0-SNAPSHOT.jar:/home/runner/.m2/repository/org/apache/ozone/hdds-interface-admin/1.4.0-SNAPSHOT/hdds-interface-admin-1.4.0-SNAPSHOT.jar:/home/runner/.m2/repository/org/apache/ozone/hdds-managed-rocksdb/1.4.0-SNAPSHOT/hdds-managed-rocksdb-1.4.0-SNAPSHOT.jar:/home/runner/.m2/repository/org/rocksdb/rocksdbjni/7.7.3/rocksdbjni-7.7.3.jar:/home/runner/.m2/repository/org/slf4j/slf4j-reload4j/1.7.36/slf4j-reload4j-1.7.36.jar:/home/runner/.m2/repository/org/apache/commons/commons-configuration2/2.1.1/commons-configuration2-2.1.1.jar:/home/runner/.m2/repository/org/apache/logging/log4j/log4j-core/2.17.1/log4j-core-2.17.1.jar:/home/runner/.m2/repository/com/lmax/disruptor/3.4.2/disruptor-3.4.2.jar:/home/runner/.m2/repository/org/eclipse/jetty/jetty-util/9.4.51.v20230217/jetty-util-9.4.51.v20230217.jar:/home/runner/.m2/repository/org/eclipse/jetty/jetty-server/9.4.51.v20230217/jetty-server-9.4.51.v20230217.jar:/home/runner/.m2/repository/org/eclipse/jetty/jetty-http/9.4.51.v20230217/jetty-http-9.4.51.v20230217.jar:/home/runner/.m2/repository/org/eclipse/jetty/jetty-io/9.4.51.v20230217/jetty-io-9.4.51.v20230217.jar:/home/runner/.m2/repository/org/eclipse/jetty/jetty-servlet/9.4.51.v20230217/jetty-servlet-9.4.51.v20230217.jar:/home/runner/.m2/repository/org/eclipse/jetty/jetty-security/9.4.51.v20230217/jetty-security-9.4.51.v20230217.jar:/home/runner/.m2/repository/org/eclipse/jetty/jetty-util-ajax/9.4.51.v20230217/jetty-util-ajax-9.4.51.v20230217.jar:/home/runner/.m2/repository/org/eclipse/jetty/jetty-webapp/9.4.51.v20230217/jetty-webapp-9.4.51.v20230217.jar:/home/runner/.m2/repository/org/eclipse/jetty/jetty-xml/9.4.51.v20230217/jetty-xml-9.4.51.v20230217.jar:/home/runner/.m2/repository/org/apache/ratis/ratis-server/2.5.1/ratis-server-2.5.1.jar:/home/runner/.m2/repository/org/apache/ratis/ratis-thirdparty-misc/1.0.4/ratis-thirdparty-misc-1.0.4.jar:/home/runner/.m2/repository/org/apache/ratis/ratis-proto/2.5.1/ratis-proto-2.5.1.jar:/home/runner/.m2/repository/org/apache/ratis/ratis-common/2.5.1/ratis-common-2.5.1.jar:/home/runner/.m2/repository/org/apache/ratis/ratis-client/2.5.1/ratis-client-2.5.1.jar:/home/runner/.m2/repository/org/apache/ratis/ratis-server-api/2.5.1/ratis-server-api-2.5.1.jar:/home/runner/.m2/repository/org/apache/ratis/ratis-metrics/2.5.1/ratis-metrics-2.5.1.jar:/home/runner/.m2/repository/io/prometheus/simpleclient_dropwizard/0.7.0/simpleclient_dropwizard-0.7.0.jar:/home/runner/.m2/repository/io/prometheus/simpleclient/0.7.0/simpleclient-0.7.0.jar:/home/runner/.m2/repository/io/prometheus/simpleclient_common/0.7.0/simpleclient_common-0.7.0.jar:/home/runner/.m2/repository/com/fasterxml/jackson/datatype/jackson-datatype-jsr310/2.13.4/jackson-datatype-jsr310-2.13.4.jar:/home/runner/.m2/repository/com/fasterxml/jackson/core/jackson-core/2.13.4/jackson-core-2.13.4.jar:/home/runner/.m2/repository/com/github/spotbugs/spotbugs-annotations/3.1.12/spotbugs-annotations-3.1.12.jar:/home/runner/.m2/repository/org/apache/ozone/rocksdb-checkpoint-differ/1.4.0-SNAPSHOT/rocksdb-checkpoint-differ-1.4.0-SNAPSHOT.jar:/home/runner/.m2/repository/org/awaitility/awaitility/4.2.0/awaitility-4.2.0.jar:/home/runner/.m2/repository/org/hamcrest/hamcrest/2.1/hamcrest-2.1.jar:/home/runner/.m2/repository/org/apache/ozone/ozone-manager/1.4.0-SNAPSHOT/ozone-manager-1.4.0-SNAPSHOT.jar:/home/runner/.m2/repository/org/aspectj/aspectjrt/1.9.7/aspectjrt-1.9.7.jar:/home/runner/.m2/repository/org/aspectj/aspectjweaver/1.9.7/aspectjweaver-1.9.7.jar:/home/runner/.m2/repository/org/apache/ozone/hdds-interface-client/1.4.0-SNAPSHOT/hdds-interface-client-1.4.0-SNAPSHOT.jar:/home/runner/.m2/repository/org/apache/hadoop/thirdparty/hadoop-shaded-protobuf_3_7/1.1.1/hadoop-shaded-protobuf_3_7-1.1.1.jar:/home/runner/.m2/repository/org/apache/ozone/ozone-interface-storage/1.4.0-SNAPSHOT/ozone-interface-storage-1.4.0-SNAPSHOT.jar:/home/runner/.m2/repository/org/reflections/reflections/0.9.11/reflections-0.9.11.jar:/home/runner/.m2/repository/com/sun/jersey/jersey-client/1.19/jersey-client-1.19.jar:/home/runner/.m2/repository/org/codehaus/jackson/jackson-core-asl/1.9.13/jackson-core-asl-1.9.13.jar:/home/runner/.m2/repository/org/codehaus/jackson/jackson-mapper-asl/1.9.13/jackson-mapper-asl-1.9.13.jar:/home/runner/.m2/repository/org/codehaus/jackson/jackson-jaxrs/1.9.13/jackson-jaxrs-1.9.13.jar:/home/runner/.m2/repository/org/apache/ranger/ranger-intg/2.3.0/ranger-intg-2.3.0.jar:/home/runner/.m2/repository/org/apache/ranger/ranger-plugins-common/2.3.0/ranger-plugins-common-2.3.0.jar:/home/runner/.m2/repository/commons-lang/commons-lang/2.6/commons-lang-2.6.jar:/home/runner/.m2/repository/org/apache/ranger/ranger-plugins-cred/2.3.0/ranger-plugins-cred-2.3.0.jar:/home/runner/.m2/repository/org/apache/ranger/ranger-plugins-audit/2.3.0/ranger-plugins-audit-2.3.0.jar:/home/runner/.m2/repository/org/eclipse/jetty/jetty-client/9.4.51.v20230217/jetty-client-9.4.51.v20230217.jar:/home/runner/.m2/repository/org/apache/httpcomponents/httpmime/4.5.6/httpmime-4.5.6.jar:/home/runner/.m2/repository/org/apache/httpcomponents/httpcore-nio/4.4.13/httpcore-nio-4.4.13.jar:/home/runner/.m2/repository/org/apache/httpcomponents/httpasyncclient/4.1.3/httpasyncclient-4.1.3.jar:/home/runner/.m2/repository/com/carrotsearch/hppc/0.8.0/hppc-0.8.0.jar:/home/runner/.m2/repository/org/apache/orc/orc-core/1.5.8/orc-core-1.5.8.jar:/home/runner/.m2/repository/net/java/dev/jna/jna/5.2.0/jna-5.2.0.jar:/home/runner/.m2/repository/net/java/dev/jna/jna-platform/5.2.0/jna-platform-5.2.0.jar:/home/runner/.m2/repository/com/kstruct/gethostname4j/0.0.2/gethostname4j-0.0.2.jar:/home/runner/.m2/repository/org/apache/ranger/ranger-plugin-classloader/2.3.0/ranger-plugin-classloader-2.3.0.jar:/home/runner/.m2/repository/org/apache/ozone/hdds-rocks-native/1.4.0-SNAPSHOT/hdds-rocks-native-1.4.0-SNAPSHOT.jar:/home/runner/.m2/repository/org/apache/hadoop/hadoop-minikdc/3.3.5/hadoop-minikdc-3.3.5.jar:/home/runner/.m2/repository/org/apache/kerby/kerb-simplekdc/1.0.1/kerb-simplekdc-1.0.1.jar:/home/runner/.m2/repository/org/apache/kerby/kerb-client/1.0.1/kerb-client-1.0.1.jar:/home/runner/.m2/repository/org/apache/kerby/kerby-config/1.0.1/kerby-config-1.0.1.jar:/home/runner/.m2/repository/org/apache/kerby/kerb-common/1.0.1/kerb-common-1.0.1.jar:/home/runner/.m2/repository/org/apache/kerby/kerb-crypto/1.0.1/kerb-crypto-1.0.1.jar:/home/runner/.m2/repository/org/apache/kerby/kerb-util/1.0.1/kerb-util-1.0.1.jar:/home/runner/.m2/repository/org/apache/kerby/token-provider/1.0.1/token-provider-1.0.1.jar:/home/runner/.m2/repository/org/apache/kerby/kerb-admin/1.0.1/kerb-admin-1.0.1.jar:/home/runner/.m2/repository/org/apache/kerby/kerb-server/1.0.1/kerb-server-1.0.1.jar:/home/runner/.m2/repository/org/apache/kerby/kerb-identity/1.0.1/kerb-identity-1.0.1.jar:/home/runner/.m2/repository/org/apache/kerby/kerby-xdr/1.0.1/kerby-xdr-1.0.1.jar:/home/runner/.m2/repository/org/apache/ozone/ozone-s3gateway/1.4.0-SNAPSHOT/ozone-s3gateway-1.4.0-SNAPSHOT.jar:/home/runner/.m2/repository/org/javassist/javassist/3.21.0-GA/javassist-3.21.0-GA.jar:/home/runner/.m2/repository/org/jboss/weld/servlet/weld-servlet-shaded/3.1.9.Final/weld-servlet-shaded-3.1.9.Final.jar:/home/runner/.m2/repository/org/glassfish/jersey/containers/jersey-container-servlet-core/2.34/jersey-container-servlet-core-2.34.jar:/home/runner/.m2/repository/org/glassfish/hk2/external/jakarta.inject/2.6.1/jakarta.inject-2.6.1.jar:/home/runner/.m2/repository/org/glassfish/jersey/core/jersey-common/2.34/jersey-common-2.34.jar:/home/runner/.m2/repository/jakarta/ws/rs/jakarta.ws.rs-api/2.1.6/jakarta.ws.rs-api-2.1.6.jar:/home/runner/.m2/repository/org/glassfish/jersey/ext/cdi/jersey-cdi1x/2.34/jersey-cdi1x-2.34.jar:/home/runner/.m2/repository/org/glassfish/jersey/inject/jersey-hk2/2.34/jersey-hk2-2.34.jar:/home/runner/.m2/repository/org/glassfish/hk2/hk2-locator/2.6.1/hk2-locator-2.6.1.jar:/home/runner/.m2/repository/org/glassfish/jersey/media/jersey-media-jaxb/2.34/jersey-media-jaxb-2.34.jar:/home/runner/.m2/repository/org/glassfish/hk2/osgi-resource-locator/1.0.3/osgi-resource-locator-1.0.3.jar:/home/runner/.m2/repository/org/glassfish/hk2/hk2-api/2.5.0/hk2-api-2.5.0.jar:/home/runner/.m2/repository/org/glassfish/hk2/hk2-utils/2.5.0/hk2-utils-2.5.0.jar:/home/runner/.m2/repository/org/glassfish/hk2/external/aopalliance-repackaged/2.5.0/aopalliance-repackaged-2.5.0.jar:/home/runner/.m2/repository/com/fasterxml/jackson/dataformat/jackson-dataformat-xml/2.13.4/jackson-dataformat-xml-2.13.4.jar:/home/runner/.m2/repository/org/codehaus/woodstox/stax2-api/4.2.1/stax2-api-4.2.1.jar:/home/runner/.m2/repository/com/fasterxml/woodstox/woodstox-core/5.4.0/woodstox-core-5.4.0.jar:/home/runner/.m2/repository/com/fasterxml/jackson/module/jackson-module-jaxb-annotations/2.13.4/jackson-module-jaxb-annotations-2.13.4.jar:/home/runner/.m2/repository/jakarta/xml/bind/jakarta.xml.bind-api/2.3.3/jakarta.xml.bind-api-2.3.3.jar:/home/runner/.m2/repository/jakarta/activation/jakarta.activation-api/1.2.2/jakarta.activation-api-1.2.2.jar:/home/runner/.m2/repository/javax/enterprise/cdi-api/2.0/cdi-api-2.0.jar:/home/runner/.m2/repository/javax/el/javax.el-api/3.0.0/javax.el-api-3.0.0.jar:/home/runner/.m2/repository/javax/interceptor/javax.interceptor-api/1.2/javax.interceptor-api-1.2.jar:/home/runner/.m2/repository/javax/inject/javax.inject/1/javax.inject-1.jar:/home/runner/.m2/repository/javax/xml/bind/jaxb-api/2.3.0/jaxb-api-2.3.0.jar:/home/runner/.m2/repository/org/glassfish/jaxb/jaxb-runtime/2.3.0.1/jaxb-runtime-2.3.0.1.jar:/home/runner/.m2/repository/org/glassfish/jaxb/jaxb-core/2.3.0.1/jaxb-core-2.3.0.1.jar:/home/runner/.m2/repository/org/glassfish/jaxb/txw2/2.3.0.1/txw2-2.3.0.1.jar:/home/runner/.m2/repository/com/sun/istack/istack-commons-runtime/3.0.5/istack-commons-runtime-3.0.5.jar:/home/runner/.m2/repository/org/jvnet/staxex/stax-ex/1.7.8/stax-ex-1.7.8.jar:/home/runner/.m2/repository/com/sun/xml/fastinfoset/FastInfoset/1.2.13/FastInfoset-1.2.13.jar:/home/runner/.m2/repository/javax/activation/activation/1.1.1/activation-1.1.1.jar:/home/runner/.m2/repository/io/grpc/grpc-protobuf/1.51.1/grpc-protobuf-1.51.1.jar:/home/runner/.m2/repository/com/google/api/grpc/proto-google-common-protos/2.9.0/proto-google-common-protos-2.9.0.jar:/home/runner/.m2/repository/io/grpc/grpc-protobuf-lite/1.51.1/grpc-protobuf-lite-1.51.1.jar:/home/runner/.m2/repository/io/grpc/grpc-stub/1.51.1/grpc-stub-1.51.1.jar:/home/runner/.m2/repository/io/netty/netty-transport/4.1.86.Final/netty-transport-4.1.86.Final.jar:/home/runner/.m2/repository/io/netty/netty-resolver/4.1.86.Final/netty-resolver-4.1.86.Final.jar:/home/runner/.m2/repository/org/apache/ozone/ozone-csi/1.4.0-SNAPSHOT/ozone-csi-1.4.0-SNAPSHOT.jar:/home/runner/.m2/repository/com/google/protobuf/protobuf-java-util/3.19.6/protobuf-java-util-3.19.6.jar:/home/runner/.m2/repository/com/google/code/gson/gson/2.9.0/gson-2.9.0.jar:/home/runner/.m2/repository/org/apache/ozone/hdds-config/1.4.0-SNAPSHOT/hdds-config-1.4.0-SNAPSHOT.jar:/home/runner/.m2/repository/io/netty/netty-transport-native-epoll/4.1.86.Final/netty-transport-native-epoll-4.1.86.Final-linux-x86_64.jar:/home/runner/.m2/repository/io/netty/netty-transport-classes-epoll/4.1.86.Final/netty-transport-classes-epoll-4.1.86.Final.jar:/home/runner/.m2/repository/io/netty/netty-transport-native-unix-common/4.1.86.Final/netty-transport-native-unix-common-4.1.86.Final.jar:/home/runner/.m2/repository/org/apache/ozone/ozone-recon/1.4.0-SNAPSHOT/ozone-recon-1.4.0-SNAPSHOT.jar:/home/runner/.m2/repository/org/apache/ozone/ozone-reconcodegen/1.4.0-SNAPSHOT/ozone-reconcodegen-1.4.0-SNAPSHOT.jar:/home/runner/.m2/repository/com/google/inject/guice/5.1.0/guice-5.1.0.jar:/home/runner/.m2/repository/aopalliance/aopalliance/1.0/aopalliance-1.0.jar:/home/runner/.m2/repository/com/google/inject/extensions/guice-assistedinject/5.1.0/guice-assistedinject-5.1.0.jar:/home/runner/.m2/repository/com/google/inject/extensions/guice-servlet/5.1.0/guice-servlet-5.1.0.jar:/home/runner/.m2/repository/org/glassfish/jersey/containers/jersey-container-servlet/2.34/jersey-container-servlet-2.34.jar:/home/runner/.m2/repository/org/glassfish/hk2/guice-bridge/2.5.0/guice-bridge-2.5.0.jar:/home/runner/.m2/repository/org/glassfish/jersey/core/jersey-server/2.34/jersey-server-2.34.jar:/home/runner/.m2/repository/org/glassfish/jersey/core/jersey-client/2.34/jersey-client-2.34.jar:/home/runner/.m2/repository/jakarta/annotation/jakarta.annotation-api/1.3.5/jakarta.annotation-api-1.3.5.jar:/home/runner/.m2/repository/jakarta/validation/jakarta.validation-api/2.0.2/jakarta.validation-api-2.0.2.jar:/home/runner/.m2/repository/org/glassfish/jersey/media/jersey-media-json-jackson/2.34/jersey-media-json-jackson-2.34.jar:/home/runner/.m2/repository/org/glassfish/jersey/ext/jersey-entity-filtering/2.34/jersey-entity-filtering-2.34.jar:/home/runner/.m2/repository/org/jooq/jooq/3.11.10/jooq-3.11.10.jar:/home/runner/.m2/repository/org/jooq/jooq-meta/3.11.10/jooq-meta-3.11.10.jar:/home/runner/.m2/repository/org/jooq/jooq-codegen/3.11.10/jooq-codegen-3.11.10.jar:/home/runner/.m2/repository/com/jolbox/bonecp/0.8.0.RELEASE/bonecp-0.8.0.RELEASE.jar:/home/runner/.m2/repository/org/apache/derby/derby/10.14.2.0/derby-10.14.2.0.jar:/home/runner/.m2/repository/org/xerial/sqlite-jdbc/3.41.2.2/sqlite-jdbc-3.41.2.2.jar:/home/runner/.m2/repository/org/springframework/spring-jdbc/5.3.27/spring-jdbc-5.3.27.jar:/home/runner/.m2/repository/org/springframework/spring-beans/5.3.27/spring-beans-5.3.27.jar:/home/runner/.m2/repository/org/springframework/spring-core/5.3.27/spring-core-5.3.27.jar:/home/runner/.m2/repository/org/springframework/spring-tx/5.3.27/spring-tx-5.3.27.jar:/home/runner/.m2/repository/org/apache/ozone/ozone-client/1.4.0-SNAPSHOT/ozone-client-1.4.0-SNAPSHOT.jar:/home/runner/.m2/repository/org/apache/ozone/hdds-erasurecode/1.4.0-SNAPSHOT/hdds-erasurecode-1.4.0-SNAPSHOT.jar:/home/runner/.m2/repository/org/apache/ozone/ozone-filesystem/1.4.0-SNAPSHOT/ozone-filesystem-1.4.0-SNAPSHOT.jar:/home/runner/.m2/repository/org/apache/ozone/ozone-filesystem-common/1.4.0-SNAPSHOT/ozone-filesystem-common-1.4.0-SNAPSHOT.jar:/home/runner/.m2/repository/org/apache/ozone/ozone-tools/1.4.0-SNAPSHOT/ozone-tools-1.4.0-SNAPSHOT.jar:/home/runner/.m2/repository/com/amazonaws/aws-java-sdk-core/1.12.261/aws-java-sdk-core-1.12.261.jar:/home/runner/.m2/repository/org/apache/httpcomponents/httpclient/4.5.13/httpclient-4.5.13.jar:/home/runner/.m2/repository/org/apache/httpcomponents/httpcore/4.4.13/httpcore-4.4.13.jar:/home/runner/.m2/repository/software/amazon/ion/ion-java/1.0.2/ion-java-1.0.2.jar:/home/runner/.m2/repository/com/fasterxml/jackson/dataformat/jackson-dataformat-cbor/2.13.4/jackson-dataformat-cbor-2.13.4.jar:/home/runner/.m2/repository/joda-time/joda-time/2.10.6/joda-time-2.10.6.jar:/home/runner/.m2/repository/com/amazonaws/aws-java-sdk-s3/1.12.261/aws-java-sdk-s3-1.12.261.jar:/home/runner/.m2/repository/com/amazonaws/aws-java-sdk-kms/1.12.261/aws-java-sdk-kms-1.12.261.jar:/home/runner/.m2/repository/com/amazonaws/jmespath-java/1.12.261/jmespath-java-1.12.261.jar:/home/runner/.m2/repository/org/kohsuke/metainf-services/metainf-services/1.8/metainf-services-1.8.jar:/home/runner/.m2/repository/org/apache/ozone/hdds-tools/1.4.0-SNAPSHOT/hdds-tools-1.4.0-SNAPSHOT.jar:/home/runner/.m2/repository/org/apache/ratis/ratis-tools/2.5.1/ratis-tools-2.5.1.jar:/home/runner/.m2/repository/commons-cli/commons-cli/1.2/commons-cli-1.2.jar:/home/runner/.m2/repository/org/apache/commons/commons-lang3/3.7/commons-lang3-3.7.jar:/home/runner/.m2/repository/org/apache/ozone/ozone-manager/1.4.0-SNAPSHOT/ozone-manager-1.4.0-SNAPSHOT-tests.jar:/home/runner/.m2/repository/org/apache/ozone/hdds-common/1.4.0-SNAPSHOT/hdds-common-1.4.0-SNAPSHOT-tests.jar:/home/runner/.m2/repository/org/apache/ozone/hdds-hadoop-dependency-client/1.4.0-SNAPSHOT/hdds-hadoop-dependency-client-1.4.0-SNAPSHOT.jar:/home/runner/.m2/repository/info/picocli/picocli/4.6.1/picocli-4.6.1.jar:/home/runner/.m2/repository/com/fasterxml/jackson/core/jackson-annotations/2.13.4/jackson-annotations-2.13.4.jar:/home/runner/.m2/repository/org/apache/ozone/hdds-annotation-processing/1.4.0-SNAPSHOT/hdds-annotation-processing-1.4.0-SNAPSHOT.jar:/home/runner/.m2/repository/javax/annotation/javax.annotation-api/1.2/javax.annotation-api-1.2.jar:/home/runner/.m2/repository/org/apache/ratis/ratis-netty/2.5.1/ratis-netty-2.5.1.jar:/home/runner/.m2/repository/org/apache/ratis/ratis-grpc/2.5.1/ratis-grpc-2.5.1.jar:/home/runner/.m2/repository/org/apache/logging/log4j/log4j-api/2.17.1/log4j-api-2.17.1.jar:/home/runner/.m2/repository/org/apache/commons/commons-pool2/2.6.0/commons-pool2-2.6.0.jar:/home/runner/.m2/repository/org/bouncycastle/bcpkix-jdk15on/1.67/bcpkix-jdk15on-1.67.jar:/home/runner/.m2/repository/commons-validator/commons-validator/1.6/commons-validator-1.6.jar:/home/runner/.m2/repository/commons-beanutils/commons-beanutils/1.9.4/commons-beanutils-1.9.4.jar:/home/runner/.m2/repository/commons-digester/commons-digester/1.8.1/commons-digester-1.8.1.jar:/home/runner/.m2/repository/commons-collections/commons-collections/3.2.2/commons-collections-3.2.2.jar:/home/runner/.m2/repository/io/jaegertracing/jaeger-client/1.6.0/jaeger-client-1.6.0.jar:/home/runner/.m2/repository/io/jaegertracing/jaeger-thrift/1.6.0/jaeger-thrift-1.6.0.jar:/home/runner/.m2/repository/org/apache/thrift/libthrift/0.14.1/libthrift-0.14.1.jar:/home/runner/.m2/repository/io/jaegertracing/jaeger-core/1.6.0/jaeger-core-1.6.0.jar:/home/runner/.m2/repository/io/jaegertracing/jaeger-tracerresolver/1.6.0/jaeger-tracerresolver-1.6.0.jar:/home/runner/.m2/repository/io/opentracing/contrib/opentracing-tracerresolver/0.1.8/opentracing-tracerresolver-0.1.8.jar:/home/runner/.m2/repository/org/jetbrains/kotlin/kotlin-stdlib/1.6.21/kotlin-stdlib-1.6.21.jar:/home/runner/.m2/repository/org/jetbrains/annotations/13.0/annotations-13.0.jar:/home/runner/.m2/repository/io/opentracing/opentracing-util/0.33.0/opentracing-util-0.33.0.jar:/home/runner/.m2/repository/io/opentracing/opentracing-api/0.33.0/opentracing-api-0.33.0.jar:/home/runner/.m2/repository/io/opentracing/opentracing-noop/0.33.0/opentracing-noop-0.33.0.jar:/home/runner/.m2/repository/org/yaml/snakeyaml/2.0/snakeyaml-2.0.jar:/home/runner/.m2/repository/io/grpc/grpc-api/1.51.1/grpc-api-1.51.1.jar:/home/runner/.m2/repository/io/grpc/grpc-context/1.51.1/grpc-context-1.51.1.jar:/home/runner/.m2/repository/junit/junit/4.13.1/junit-4.13.1.jar:/home/runner/.m2/repository/org/hamcrest/hamcrest-core/1.3/hamcrest-core-1.3.jar:/home/runner/.m2/repository/org/junit/jupiter/junit-jupiter-api/5.8.2/junit-jupiter-api-5.8.2.jar:/home/runner/.m2/repository/org/opentest4j/opentest4j/1.2.0/opentest4j-1.2.0.jar:/home/runner/.m2/repository/org/junit/platform/junit-platform-commons/1.8.2/junit-platform-commons-1.8.2.jar:/home/runner/.m2/repository/org/apiguardian/apiguardian-api/1.1.2/apiguardian-api-1.1.2.jar:/home/runner/.m2/repository/org/junit/jupiter/junit-jupiter-params/5.8.2/junit-jupiter-params-5.8.2.jar:/home/runner/.m2/repository/org/junit/jupiter/junit-jupiter-migrationsupport/5.8.2/junit-jupiter-migrationsupport-5.8.2.jar:/home/runner/.m2/repository/org/junit/jupiter/junit-jupiter-engine/5.8.2/junit-jupiter-engine-5.8.2.jar:/home/runner/.m2/repository/org/junit/platform/junit-platform-engine/1.8.2/junit-platform-engine-1.8.2.jar:/home/runner/.m2/repository/org/junit/vintage/junit-vintage-engine/5.8.2/junit-vintage-engine-5.8.2.jar:/home/runner/.m2/repository/org/junit/platform/junit-platform-launcher/1.8.2/junit-platform-launcher-1.8.2.jar:/home/runner/.m2/repository/org/mockito/mockito-core/2.28.2/mockito-core-2.28.2.jar:/home/runner/.m2/repository/net/bytebuddy/byte-buddy/1.9.10/byte-buddy-1.9.10.jar:/home/runner/.m2/repository/net/bytebuddy/byte-buddy-agent/1.9.10/byte-buddy-agent-1.9.10.jar:/home/runner/.m2/repository/org/objenesis/objenesis/1.0/objenesis-1.0.jar:/home/runner/.m2/repository/org/apache/hadoop/hadoop-kms/3.3.5/hadoop-kms-3.3.5.jar:/home/runner/.m2/repository/org/apache/hadoop/hadoop-auth/3.3.5/hadoop-auth-3.3.5.jar:/home/runner/.m2/repository/com/nimbusds/nimbus-jose-jwt/9.8.1/nimbus-jose-jwt-9.8.1.jar:/home/runner/.m2/repository/com/github/stephenc/jcip/jcip-annotations/1.0-1/jcip-annotations-1.0-1.jar:/home/runner/.m2/repository/net/minidev/json-smart/2.4.7/json-smart-2.4.7.jar:/home/runner/.m2/repository/net/minidev/accessors-smart/2.4.7/accessors-smart-2.4.7.jar:/home/runner/.m2/repository/org/ow2/asm/asm/5.0.4/asm-5.0.4.jar:/home/runner/.m2/repository/org/apache/zookeeper/zookeeper/3.5.6/zookeeper-3.5.6.jar:/home/runner/.m2/repository/org/apache/zookeeper/zookeeper-jute/3.5.6/zookeeper-jute-3.5.6.jar:/home/runner/.m2/repository/org/apache/yetus/audience-annotations/0.5.0/audience-annotations-0.5.0.jar:/home/runner/.m2/repository/org/apache/curator/curator-framework/4.2.0/curator-framework-4.2.0.jar:/home/runner/.m2/repository/org/apache/hadoop/thirdparty/hadoop-shaded-guava/1.1.1/hadoop-shaded-guava-1.1.1.jar:/home/runner/.m2/repository/com/sun/jersey/jersey-core/1.19/jersey-core-1.19.jar:/home/runner/.m2/repository/javax/ws/rs/jsr311-api/1.1.1/jsr311-api-1.1.1.jar:/home/runner/.m2/repository/com/sun/jersey/jersey-server/1.19/jersey-server-1.19.jar:/home/runner/.m2/repository/javax/servlet/javax.servlet-api/3.1.0/javax.servlet-api-3.1.0.jar:/home/runner/.m2/repository/org/apache/hadoop/hadoop-common/3.3.5/hadoop-common-3.3.5.jar:/home/runner/.m2/repository/org/apache/commons/commons-math3/3.1.1/commons-math3-3.1.1.jar:/home/runner/.m2/repository/commons-net/commons-net/3.9.0/commons-net-3.9.0.jar:/home/runner/.m2/repository/com/sun/jersey/jersey-servlet/1.19/jersey-servlet-1.19.jar:/home/runner/.m2/repository/com/github/pjfanning/jersey-json/1.20/jersey-json-1.20.jar:/home/runner/.m2/repository/org/codehaus/jettison/jettison/1.1/jettison-1.1.jar:/home/runner/.m2/repository/com/sun/xml/bind/jaxb-impl/2.2.3-1/jaxb-impl-2.2.3-1.jar:/home/runner/.m2/repository/com/google/re2j/re2j/1.1/re2j-1.1.jar:/home/runner/.m2/repository/com/jcraft/jsch/0.1.54/jsch-0.1.54.jar:/home/runner/.m2/repository/org/apache/curator/curator-client/4.2.0/curator-client-4.2.0.jar:/home/runner/.m2/repository/org/apache/curator/curator-recipes/4.2.0/curator-recipes-4.2.0.jar:/home/runner/.m2/repository/org/apache/kerby/kerb-core/1.0.1/kerb-core-1.0.1.jar:/home/runner/.m2/repository/org/apache/kerby/kerby-pkix/1.0.1/kerby-pkix-1.0.1.jar:/home/runner/.m2/repository/org/apache/kerby/kerby-asn1/1.0.1/kerby-asn1-1.0.1.jar:/home/runner/.m2/repository/org/apache/kerby/kerby-util/1.0.1/kerby-util-1.0.1.jar:/home/runner/.m2/repository/dnsjava/dnsjava/2.1.7/dnsjava-2.1.7.jar:/home/runner/.m2/repository/org/xerial/snappy/snappy-java/1.1.8.2/snappy-java-1.1.8.2.jar:/home/runner/.m2/repository/com/fasterxml/jackson/core/jackson-databind/2.13.4.2/jackson-databind-2.13.4.2.jar:/home/runner/.m2/repository/org/apache/hadoop/hadoop-kms/3.3.5/hadoop-kms-3.3.5-tests.jar:/home/runner/.m2/repository/org/apache/ozone/hdds-server-scm/1.4.0-SNAPSHOT/hdds-server-scm-1.4.0-SNAPSHOT-tests.jar:/home/runner/.m2/repository/org/apache/ozone/hdds-container-service/1.4.0-SNAPSHOT/hdds-container-service-1.4.0-SNAPSHOT-tests.jar:/home/runner/.m2/repository/com/github/luben/zstd-jni/1.5.2-5/zstd-jni-1.5.2-5.jar:/home/runner/.m2/repository/commons-codec/commons-codec/1.15/commons-codec-1.15.jar:/home/runner/.m2/repository/io/netty/netty-codec/4.1.86.Final/netty-codec-4.1.86.Final.jar:/home/runner/.m2/repository/io/netty/netty-handler/4.1.86.Final/netty-handler-4.1.86.Final.jar:/home/runner/.m2/repository/org/apache/ozone/hdds-hadoop-dependency-test/1.4.0-SNAPSHOT/hdds-hadoop-dependency-test-1.4.0-SNAPSHOT.jar:/home/runner/.m2/repository/org/apache/hadoop/hadoop-common/3.3.5/hadoop-common-3.3.5-tests.jar:/home/runner/.m2/repository/org/apache/hadoop/hadoop-hdfs/3.3.5/hadoop-hdfs-3.3.5-tests.jar:/home/runner/.m2/repository/org/assertj/assertj-core/3.12.2/assertj-core-3.12.2.jar:/home/runner/.m2/repository/org/apache/hadoop/hadoop-distcp/3.3.5/hadoop-distcp-3.3.5.jar:/home/runner/.m2/repository/org/apache/hadoop/hadoop-mapreduce-client-jobclient/3.3.5/hadoop-mapreduce-client-jobclient-3.3.5.jar:/home/runner/.m2/repository/org/apache/hadoop/hadoop-mapreduce-client-common/3.3.5/hadoop-mapreduce-client-common-3.3.5.jar:/home/runner/.m2/repository/org/apache/hadoop/hadoop-yarn-common/3.3.5/hadoop-yarn-common-3.3.5.jar:/home/runner/.m2/repository/org/apache/hadoop/hadoop-yarn-api/3.3.5/hadoop-yarn-api-3.3.5.jar:/home/runner/.m2/repository/com/sun/jersey/contribs/jersey-guice/1.19/jersey-guice-1.19.jar:/home/runner/.m2/repository/com/fasterxml/jackson/jaxrs/jackson-jaxrs-json-provider/2.13.4/jackson-jaxrs-json-provider-2.13.4.jar:/home/runner/.m2/repository/com/fasterxml/jackson/jaxrs/jackson-jaxrs-base/2.13.4/jackson-jaxrs-base-2.13.4.jar:/home/runner/.m2/repository/org/apache/hadoop/hadoop-yarn-client/3.3.5/hadoop-yarn-client-3.3.5.jar:/home/runner/.m2/repository/org/eclipse/jetty/websocket/websocket-client/9.4.48.v20220622/websocket-client-9.4.48.v20220622.jar:/home/runner/.m2/repository/org/eclipse/jetty/websocket/websocket-common/9.4.48.v20220622/websocket-common-9.4.48.v20220622.jar:/home/runner/.m2/repository/org/eclipse/jetty/websocket/websocket-api/9.4.48.v20220622/websocket-api-9.4.48.v20220622.jar:/home/runner/.m2/repository/org/jline/jline/3.9.0/jline-3.9.0.jar:/home/runner/.m2/repository/org/apache/hadoop/hadoop-mapreduce-client-core/3.3.5/hadoop-mapreduce-client-core-3.3.5.jar:/home/runner/.m2/repository/org/apache/avro/avro/1.7.7/avro-1.7.7.jar:/home/runner/.m2/repository/com/thoughtworks/paranamer/paranamer/2.3/paranamer-2.3.jar:/home/runner/.m2/repository/org/apache/hadoop/hadoop-annotations/3.3.5/hadoop-annotations-3.3.5.jar:/usr/lib/jvm/temurin-8-jdk-amd64/jre/../lib/tools.jar:/home/runner/.m2/repository/io/netty/netty/3.10.6.Final/netty-3.10.6.Final.jar:/home/runner/.m2/repository/org/apache/hadoop/hadoop-distcp/3.3.5/hadoop-distcp-3.3.5-tests.jar:/home/runner/.m2/repository/org/slf4j/jul-to-slf4j/1.7.36/jul-to-slf4j-1.7.36.jar:"/>
    <property name="java.vm.vendor" value="Temurin"/>
    <property name="sun.arch.data.model" value="64"/>
    <property name="test.build.dir" value="/home/runner/work/ozone/ozone/hadoop-ozone/integration-test/target/test-dir"/>
    <property name="test.cache.data" value=""/>
    <property name="java.vendor.url" value="https://adoptium.net/"/>
    <property name="user.timezone" value="Etc/UTC"/>
    <property name="java.vm.specification.version" value="1.8"/>
    <property name="os.name" value="Linux"/>
    <property name="test.build.data" value="/home/runner/work/ozone/ozone/hadoop-ozone/integration-test/target/test-dir"/>
    <property name="sun.java.launcher" value="SUN_STANDARD"/>
    <property name="sun.boot.library.path" value="/usr/lib/jvm/temurin-8-jdk-amd64/jre/lib/amd64"/>
    <property name="sun.java.command" value="/home/runner/work/ozone/ozone/hadoop-ozone/integration-test/target/surefire/surefirebooter3311838448513161.jar /home/runner/work/ozone/ozone/hadoop-ozone/integration-test/target/surefire 2023-06-06T06-58-00_386-jvmRun1 surefire2454474814653712200tmp surefire_23147269994988007528tmp"/>
    <property name="surefire.test.class.path" value="/home/runner/work/ozone/ozone/hadoop-ozone/integration-test/target/test-classes:/home/runner/work/ozone/ozone/hadoop-ozone/integration-test/target/classes:/home/runner/.m2/repository/org/apache/ozone/ozone-common/1.4.0-SNAPSHOT/ozone-common-1.4.0-SNAPSHOT.jar:/home/runner/.m2/repository/io/grpc/grpc-netty/1.51.1/grpc-netty-1.51.1.jar:/home/runner/.m2/repository/io/grpc/grpc-core/1.51.1/grpc-core-1.51.1.jar:/home/runner/.m2/repository/com/google/android/annotations/4.1.1.4/annotations-4.1.1.4.jar:/home/runner/.m2/repository/org/codehaus/mojo/animal-sniffer-annotations/1.21/animal-sniffer-annotations-1.21.jar:/home/runner/.m2/repository/com/google/errorprone/error_prone_annotations/2.2.0/error_prone_annotations-2.2.0.jar:/home/runner/.m2/repository/io/perfmark/perfmark-api/0.25.0/perfmark-api-0.25.0.jar:/home/runner/.m2/repository/io/netty/netty-codec-http2/4.1.86.Final/netty-codec-http2-4.1.86.Final.jar:/home/runner/.m2/repository/io/netty/netty-common/4.1.86.Final/netty-common-4.1.86.Final.jar:/home/runner/.m2/repository/io/netty/netty-buffer/4.1.86.Final/netty-buffer-4.1.86.Final.jar:/home/runner/.m2/repository/io/netty/netty-codec-http/4.1.86.Final/netty-codec-http-4.1.86.Final.jar:/home/runner/.m2/repository/io/netty/netty-handler-proxy/4.1.86.Final/netty-handler-proxy-4.1.86.Final.jar:/home/runner/.m2/repository/io/netty/netty-codec-socks/4.1.86.Final/netty-codec-socks-4.1.86.Final.jar:/home/runner/.m2/repository/io/netty/netty-tcnative-boringssl-static/2.0.54.Final/netty-tcnative-boringssl-static-2.0.54.Final.jar:/home/runner/.m2/repository/io/netty/netty-tcnative-classes/2.0.54.Final/netty-tcnative-classes-2.0.54.Final.jar:/home/runner/.m2/repository/io/netty/netty-tcnative-boringssl-static/2.0.54.Final/netty-tcnative-boringssl-static-2.0.54.Final-linux-x86_64.jar:/home/runner/.m2/repository/io/netty/netty-tcnative-boringssl-static/2.0.54.Final/netty-tcnative-boringssl-static-2.0.54.Final-linux-aarch_64.jar:/home/runner/.m2/repository/io/netty/netty-tcnative-boringssl-static/2.0.54.Final/netty-tcnative-boringssl-static-2.0.54.Final-osx-x86_64.jar:/home/runner/.m2/repository/io/netty/netty-tcnative-boringssl-static/2.0.54.Final/netty-tcnative-boringssl-static-2.0.54.Final-osx-aarch_64.jar:/home/runner/.m2/repository/io/netty/netty-tcnative-boringssl-static/2.0.54.Final/netty-tcnative-boringssl-static-2.0.54.Final-windows-x86_64.jar:/home/runner/.m2/repository/org/apache/commons/commons-compress/1.21/commons-compress-1.21.jar:/home/runner/.m2/repository/org/apache/ozone/hdds-common/1.4.0-SNAPSHOT/hdds-common-1.4.0-SNAPSHOT.jar:/home/runner/.m2/repository/org/apache/ozone/hdds-client/1.4.0-SNAPSHOT/hdds-client-1.4.0-SNAPSHOT.jar:/home/runner/.m2/repository/org/apache/ozone/ozone-interface-client/1.4.0-SNAPSHOT/ozone-interface-client-1.4.0-SNAPSHOT.jar:/home/runner/.m2/repository/org/apache/hadoop/hadoop-hdfs-client/3.3.5/hadoop-hdfs-client-3.3.5.jar:/home/runner/.m2/repository/com/squareup/okhttp3/okhttp/4.9.3/okhttp-4.9.3.jar:/home/runner/.m2/repository/com/squareup/okio/okio/2.8.0/okio-2.8.0.jar:/home/runner/.m2/repository/org/jetbrains/kotlin/kotlin-stdlib-common/1.6.21/kotlin-stdlib-common-1.6.21.jar:/home/runner/.m2/repository/org/apache/ozone/hdds-test-utils/1.4.0-SNAPSHOT/hdds-test-utils-1.4.0-SNAPSHOT.jar:/home/runner/.m2/repository/com/google/guava/guava/31.1-jre/guava-31.1-jre.jar:/home/runner/.m2/repository/com/google/guava/failureaccess/1.0.1/failureaccess-1.0.1.jar:/home/runner/.m2/repository/com/google/guava/listenablefuture/9999.0-empty-to-avoid-conflict-with-guava/listenablefuture-9999.0-empty-to-avoid-conflict-with-guava.jar:/home/runner/.m2/repository/com/google/code/findbugs/jsr305/3.0.0/jsr305-3.0.0.jar:/home/runner/.m2/repository/org/checkerframework/checker-qual/3.12.0/checker-qual-3.12.0.jar:/home/runner/.m2/repository/com/google/j2objc/j2objc-annotations/1.3/j2objc-annotations-1.3.jar:/home/runner/.m2/repository/commons-io/commons-io/2.11.0/commons-io-2.11.0.jar:/home/runner/.m2/repository/commons-logging/commons-logging/1.2/commons-logging-1.2.jar:/home/runner/.m2/repository/ch/qos/reload4j/reload4j/1.2.22/reload4j-1.2.22.jar:/home/runner/.m2/repository/org/slf4j/slf4j-api/1.7.36/slf4j-api-1.7.36.jar:/home/runner/.m2/repository/org/apache/ozone/hdds-server-scm/1.4.0-SNAPSHOT/hdds-server-scm-1.4.0-SNAPSHOT.jar:/home/runner/.m2/repository/org/apache/ozone/hdds-container-service/1.4.0-SNAPSHOT/hdds-container-service-1.4.0-SNAPSHOT.jar:/home/runner/.m2/repository/org/apache/ozone/hdds-hadoop-dependency-server/1.4.0-SNAPSHOT/hdds-hadoop-dependency-server-1.4.0-SNAPSHOT.jar:/home/runner/.m2/repository/org/apache/hadoop/hadoop-hdfs/3.3.5/hadoop-hdfs-3.3.5.jar:/home/runner/.m2/repository/commons-daemon/commons-daemon/1.0.13/commons-daemon-1.0.13.jar:/home/runner/.m2/repository/org/apache/ozone/hdds-server-framework/1.4.0-SNAPSHOT/hdds-server-framework-1.4.0-SNAPSHOT.jar:/home/runner/.m2/repository/io/dropwizard/metrics/metrics-core/3.2.4/metrics-core-3.2.4.jar:/home/runner/.m2/repository/org/apache/commons/commons-text/1.4/commons-text-1.4.jar:/home/runner/.m2/repository/org/bouncycastle/bcprov-jdk15on/1.67/bcprov-jdk15on-1.67.jar:/home/runner/.m2/repository/com/google/protobuf/protobuf-java/2.5.0/protobuf-java-2.5.0.jar:/home/runner/.m2/repository/org/apache/ozone/hdds-server-framework/1.4.0-SNAPSHOT/hdds-server-framework-1.4.0-SNAPSHOT-tests.jar:/home/runner/.m2/repository/org/apache/ozone/hdds-interface-server/1.4.0-SNAPSHOT/hdds-interface-server-1.4.0-SNAPSHOT.jar:/home/runner/.m2/repository/org/apache/ozone/hdds-interface-admin/1.4.0-SNAPSHOT/hdds-interface-admin-1.4.0-SNAPSHOT.jar:/home/runner/.m2/repository/org/apache/ozone/hdds-managed-rocksdb/1.4.0-SNAPSHOT/hdds-managed-rocksdb-1.4.0-SNAPSHOT.jar:/home/runner/.m2/repository/org/rocksdb/rocksdbjni/7.7.3/rocksdbjni-7.7.3.jar:/home/runner/.m2/repository/org/slf4j/slf4j-reload4j/1.7.36/slf4j-reload4j-1.7.36.jar:/home/runner/.m2/repository/org/apache/commons/commons-configuration2/2.1.1/commons-configuration2-2.1.1.jar:/home/runner/.m2/repository/org/apache/logging/log4j/log4j-core/2.17.1/log4j-core-2.17.1.jar:/home/runner/.m2/repository/com/lmax/disruptor/3.4.2/disruptor-3.4.2.jar:/home/runner/.m2/repository/org/eclipse/jetty/jetty-util/9.4.51.v20230217/jetty-util-9.4.51.v20230217.jar:/home/runner/.m2/repository/org/eclipse/jetty/jetty-server/9.4.51.v20230217/jetty-server-9.4.51.v20230217.jar:/home/runner/.m2/repository/org/eclipse/jetty/jetty-http/9.4.51.v20230217/jetty-http-9.4.51.v20230217.jar:/home/runner/.m2/repository/org/eclipse/jetty/jetty-io/9.4.51.v20230217/jetty-io-9.4.51.v20230217.jar:/home/runner/.m2/repository/org/eclipse/jetty/jetty-servlet/9.4.51.v20230217/jetty-servlet-9.4.51.v20230217.jar:/home/runner/.m2/repository/org/eclipse/jetty/jetty-security/9.4.51.v20230217/jetty-security-9.4.51.v20230217.jar:/home/runner/.m2/repository/org/eclipse/jetty/jetty-util-ajax/9.4.51.v20230217/jetty-util-ajax-9.4.51.v20230217.jar:/home/runner/.m2/repository/org/eclipse/jetty/jetty-webapp/9.4.51.v20230217/jetty-webapp-9.4.51.v20230217.jar:/home/runner/.m2/repository/org/eclipse/jetty/jetty-xml/9.4.51.v20230217/jetty-xml-9.4.51.v20230217.jar:/home/runner/.m2/repository/org/apache/ratis/ratis-server/2.5.1/ratis-server-2.5.1.jar:/home/runner/.m2/repository/org/apache/ratis/ratis-thirdparty-misc/1.0.4/ratis-thirdparty-misc-1.0.4.jar:/home/runner/.m2/repository/org/apache/ratis/ratis-proto/2.5.1/ratis-proto-2.5.1.jar:/home/runner/.m2/repository/org/apache/ratis/ratis-common/2.5.1/ratis-common-2.5.1.jar:/home/runner/.m2/repository/org/apache/ratis/ratis-client/2.5.1/ratis-client-2.5.1.jar:/home/runner/.m2/repository/org/apache/ratis/ratis-server-api/2.5.1/ratis-server-api-2.5.1.jar:/home/runner/.m2/repository/org/apache/ratis/ratis-metrics/2.5.1/ratis-metrics-2.5.1.jar:/home/runner/.m2/repository/io/prometheus/simpleclient_dropwizard/0.7.0/simpleclient_dropwizard-0.7.0.jar:/home/runner/.m2/repository/io/prometheus/simpleclient/0.7.0/simpleclient-0.7.0.jar:/home/runner/.m2/repository/io/prometheus/simpleclient_common/0.7.0/simpleclient_common-0.7.0.jar:/home/runner/.m2/repository/com/fasterxml/jackson/datatype/jackson-datatype-jsr310/2.13.4/jackson-datatype-jsr310-2.13.4.jar:/home/runner/.m2/repository/com/fasterxml/jackson/core/jackson-core/2.13.4/jackson-core-2.13.4.jar:/home/runner/.m2/repository/com/github/spotbugs/spotbugs-annotations/3.1.12/spotbugs-annotations-3.1.12.jar:/home/runner/.m2/repository/org/apache/ozone/rocksdb-checkpoint-differ/1.4.0-SNAPSHOT/rocksdb-checkpoint-differ-1.4.0-SNAPSHOT.jar:/home/runner/.m2/repository/org/awaitility/awaitility/4.2.0/awaitility-4.2.0.jar:/home/runner/.m2/repository/org/hamcrest/hamcrest/2.1/hamcrest-2.1.jar:/home/runner/.m2/repository/org/apache/ozone/ozone-manager/1.4.0-SNAPSHOT/ozone-manager-1.4.0-SNAPSHOT.jar:/home/runner/.m2/repository/org/aspectj/aspectjrt/1.9.7/aspectjrt-1.9.7.jar:/home/runner/.m2/repository/org/aspectj/aspectjweaver/1.9.7/aspectjweaver-1.9.7.jar:/home/runner/.m2/repository/org/apache/ozone/hdds-interface-client/1.4.0-SNAPSHOT/hdds-interface-client-1.4.0-SNAPSHOT.jar:/home/runner/.m2/repository/org/apache/hadoop/thirdparty/hadoop-shaded-protobuf_3_7/1.1.1/hadoop-shaded-protobuf_3_7-1.1.1.jar:/home/runner/.m2/repository/org/apache/ozone/ozone-interface-storage/1.4.0-SNAPSHOT/ozone-interface-storage-1.4.0-SNAPSHOT.jar:/home/runner/.m2/repository/org/reflections/reflections/0.9.11/reflections-0.9.11.jar:/home/runner/.m2/repository/com/sun/jersey/jersey-client/1.19/jersey-client-1.19.jar:/home/runner/.m2/repository/org/codehaus/jackson/jackson-core-asl/1.9.13/jackson-core-asl-1.9.13.jar:/home/runner/.m2/repository/org/codehaus/jackson/jackson-mapper-asl/1.9.13/jackson-mapper-asl-1.9.13.jar:/home/runner/.m2/repository/org/codehaus/jackson/jackson-jaxrs/1.9.13/jackson-jaxrs-1.9.13.jar:/home/runner/.m2/repository/org/apache/ranger/ranger-intg/2.3.0/ranger-intg-2.3.0.jar:/home/runner/.m2/repository/org/apache/ranger/ranger-plugins-common/2.3.0/ranger-plugins-common-2.3.0.jar:/home/runner/.m2/repository/commons-lang/commons-lang/2.6/commons-lang-2.6.jar:/home/runner/.m2/repository/org/apache/ranger/ranger-plugins-cred/2.3.0/ranger-plugins-cred-2.3.0.jar:/home/runner/.m2/repository/org/apache/ranger/ranger-plugins-audit/2.3.0/ranger-plugins-audit-2.3.0.jar:/home/runner/.m2/repository/org/eclipse/jetty/jetty-client/9.4.51.v20230217/jetty-client-9.4.51.v20230217.jar:/home/runner/.m2/repository/org/apache/httpcomponents/httpmime/4.5.6/httpmime-4.5.6.jar:/home/runner/.m2/repository/org/apache/httpcomponents/httpcore-nio/4.4.13/httpcore-nio-4.4.13.jar:/home/runner/.m2/repository/org/apache/httpcomponents/httpasyncclient/4.1.3/httpasyncclient-4.1.3.jar:/home/runner/.m2/repository/com/carrotsearch/hppc/0.8.0/hppc-0.8.0.jar:/home/runner/.m2/repository/org/apache/orc/orc-core/1.5.8/orc-core-1.5.8.jar:/home/runner/.m2/repository/net/java/dev/jna/jna/5.2.0/jna-5.2.0.jar:/home/runner/.m2/repository/net/java/dev/jna/jna-platform/5.2.0/jna-platform-5.2.0.jar:/home/runner/.m2/repository/com/kstruct/gethostname4j/0.0.2/gethostname4j-0.0.2.jar:/home/runner/.m2/repository/org/apache/ranger/ranger-plugin-classloader/2.3.0/ranger-plugin-classloader-2.3.0.jar:/home/runner/.m2/repository/org/apache/ozone/hdds-rocks-native/1.4.0-SNAPSHOT/hdds-rocks-native-1.4.0-SNAPSHOT.jar:/home/runner/.m2/repository/org/apache/hadoop/hadoop-minikdc/3.3.5/hadoop-minikdc-3.3.5.jar:/home/runner/.m2/repository/org/apache/kerby/kerb-simplekdc/1.0.1/kerb-simplekdc-1.0.1.jar:/home/runner/.m2/repository/org/apache/kerby/kerb-client/1.0.1/kerb-client-1.0.1.jar:/home/runner/.m2/repository/org/apache/kerby/kerby-config/1.0.1/kerby-config-1.0.1.jar:/home/runner/.m2/repository/org/apache/kerby/kerb-common/1.0.1/kerb-common-1.0.1.jar:/home/runner/.m2/repository/org/apache/kerby/kerb-crypto/1.0.1/kerb-crypto-1.0.1.jar:/home/runner/.m2/repository/org/apache/kerby/kerb-util/1.0.1/kerb-util-1.0.1.jar:/home/runner/.m2/repository/org/apache/kerby/token-provider/1.0.1/token-provider-1.0.1.jar:/home/runner/.m2/repository/org/apache/kerby/kerb-admin/1.0.1/kerb-admin-1.0.1.jar:/home/runner/.m2/repository/org/apache/kerby/kerb-server/1.0.1/kerb-server-1.0.1.jar:/home/runner/.m2/repository/org/apache/kerby/kerb-identity/1.0.1/kerb-identity-1.0.1.jar:/home/runner/.m2/repository/org/apache/kerby/kerby-xdr/1.0.1/kerby-xdr-1.0.1.jar:/home/runner/.m2/repository/org/apache/ozone/ozone-s3gateway/1.4.0-SNAPSHOT/ozone-s3gateway-1.4.0-SNAPSHOT.jar:/home/runner/.m2/repository/org/javassist/javassist/3.21.0-GA/javassist-3.21.0-GA.jar:/home/runner/.m2/repository/org/jboss/weld/servlet/weld-servlet-shaded/3.1.9.Final/weld-servlet-shaded-3.1.9.Final.jar:/home/runner/.m2/repository/org/glassfish/jersey/containers/jersey-container-servlet-core/2.34/jersey-container-servlet-core-2.34.jar:/home/runner/.m2/repository/org/glassfish/hk2/external/jakarta.inject/2.6.1/jakarta.inject-2.6.1.jar:/home/runner/.m2/repository/org/glassfish/jersey/core/jersey-common/2.34/jersey-common-2.34.jar:/home/runner/.m2/repository/jakarta/ws/rs/jakarta.ws.rs-api/2.1.6/jakarta.ws.rs-api-2.1.6.jar:/home/runner/.m2/repository/org/glassfish/jersey/ext/cdi/jersey-cdi1x/2.34/jersey-cdi1x-2.34.jar:/home/runner/.m2/repository/org/glassfish/jersey/inject/jersey-hk2/2.34/jersey-hk2-2.34.jar:/home/runner/.m2/repository/org/glassfish/hk2/hk2-locator/2.6.1/hk2-locator-2.6.1.jar:/home/runner/.m2/repository/org/glassfish/jersey/media/jersey-media-jaxb/2.34/jersey-media-jaxb-2.34.jar:/home/runner/.m2/repository/org/glassfish/hk2/osgi-resource-locator/1.0.3/osgi-resource-locator-1.0.3.jar:/home/runner/.m2/repository/org/glassfish/hk2/hk2-api/2.5.0/hk2-api-2.5.0.jar:/home/runner/.m2/repository/org/glassfish/hk2/hk2-utils/2.5.0/hk2-utils-2.5.0.jar:/home/runner/.m2/repository/org/glassfish/hk2/external/aopalliance-repackaged/2.5.0/aopalliance-repackaged-2.5.0.jar:/home/runner/.m2/repository/com/fasterxml/jackson/dataformat/jackson-dataformat-xml/2.13.4/jackson-dataformat-xml-2.13.4.jar:/home/runner/.m2/repository/org/codehaus/woodstox/stax2-api/4.2.1/stax2-api-4.2.1.jar:/home/runner/.m2/repository/com/fasterxml/woodstox/woodstox-core/5.4.0/woodstox-core-5.4.0.jar:/home/runner/.m2/repository/com/fasterxml/jackson/module/jackson-module-jaxb-annotations/2.13.4/jackson-module-jaxb-annotations-2.13.4.jar:/home/runner/.m2/repository/jakarta/xml/bind/jakarta.xml.bind-api/2.3.3/jakarta.xml.bind-api-2.3.3.jar:/home/runner/.m2/repository/jakarta/activation/jakarta.activation-api/1.2.2/jakarta.activation-api-1.2.2.jar:/home/runner/.m2/repository/javax/enterprise/cdi-api/2.0/cdi-api-2.0.jar:/home/runner/.m2/repository/javax/el/javax.el-api/3.0.0/javax.el-api-3.0.0.jar:/home/runner/.m2/repository/javax/interceptor/javax.interceptor-api/1.2/javax.interceptor-api-1.2.jar:/home/runner/.m2/repository/javax/inject/javax.inject/1/javax.inject-1.jar:/home/runner/.m2/repository/javax/xml/bind/jaxb-api/2.3.0/jaxb-api-2.3.0.jar:/home/runner/.m2/repository/org/glassfish/jaxb/jaxb-runtime/2.3.0.1/jaxb-runtime-2.3.0.1.jar:/home/runner/.m2/repository/org/glassfish/jaxb/jaxb-core/2.3.0.1/jaxb-core-2.3.0.1.jar:/home/runner/.m2/repository/org/glassfish/jaxb/txw2/2.3.0.1/txw2-2.3.0.1.jar:/home/runner/.m2/repository/com/sun/istack/istack-commons-runtime/3.0.5/istack-commons-runtime-3.0.5.jar:/home/runner/.m2/repository/org/jvnet/staxex/stax-ex/1.7.8/stax-ex-1.7.8.jar:/home/runner/.m2/repository/com/sun/xml/fastinfoset/FastInfoset/1.2.13/FastInfoset-1.2.13.jar:/home/runner/.m2/repository/javax/activation/activation/1.1.1/activation-1.1.1.jar:/home/runner/.m2/repository/io/grpc/grpc-protobuf/1.51.1/grpc-protobuf-1.51.1.jar:/home/runner/.m2/repository/com/google/api/grpc/proto-google-common-protos/2.9.0/proto-google-common-protos-2.9.0.jar:/home/runner/.m2/repository/io/grpc/grpc-protobuf-lite/1.51.1/grpc-protobuf-lite-1.51.1.jar:/home/runner/.m2/repository/io/grpc/grpc-stub/1.51.1/grpc-stub-1.51.1.jar:/home/runner/.m2/repository/io/netty/netty-transport/4.1.86.Final/netty-transport-4.1.86.Final.jar:/home/runner/.m2/repository/io/netty/netty-resolver/4.1.86.Final/netty-resolver-4.1.86.Final.jar:/home/runner/.m2/repository/org/apache/ozone/ozone-csi/1.4.0-SNAPSHOT/ozone-csi-1.4.0-SNAPSHOT.jar:/home/runner/.m2/repository/com/google/protobuf/protobuf-java-util/3.19.6/protobuf-java-util-3.19.6.jar:/home/runner/.m2/repository/com/google/code/gson/gson/2.9.0/gson-2.9.0.jar:/home/runner/.m2/repository/org/apache/ozone/hdds-config/1.4.0-SNAPSHOT/hdds-config-1.4.0-SNAPSHOT.jar:/home/runner/.m2/repository/io/netty/netty-transport-native-epoll/4.1.86.Final/netty-transport-native-epoll-4.1.86.Final-linux-x86_64.jar:/home/runner/.m2/repository/io/netty/netty-transport-classes-epoll/4.1.86.Final/netty-transport-classes-epoll-4.1.86.Final.jar:/home/runner/.m2/repository/io/netty/netty-transport-native-unix-common/4.1.86.Final/netty-transport-native-unix-common-4.1.86.Final.jar:/home/runner/.m2/repository/org/apache/ozone/ozone-recon/1.4.0-SNAPSHOT/ozone-recon-1.4.0-SNAPSHOT.jar:/home/runner/.m2/repository/org/apache/ozone/ozone-reconcodegen/1.4.0-SNAPSHOT/ozone-reconcodegen-1.4.0-SNAPSHOT.jar:/home/runner/.m2/repository/com/google/inject/guice/5.1.0/guice-5.1.0.jar:/home/runner/.m2/repository/aopalliance/aopalliance/1.0/aopalliance-1.0.jar:/home/runner/.m2/repository/com/google/inject/extensions/guice-assistedinject/5.1.0/guice-assistedinject-5.1.0.jar:/home/runner/.m2/repository/com/google/inject/extensions/guice-servlet/5.1.0/guice-servlet-5.1.0.jar:/home/runner/.m2/repository/org/glassfish/jersey/containers/jersey-container-servlet/2.34/jersey-container-servlet-2.34.jar:/home/runner/.m2/repository/org/glassfish/hk2/guice-bridge/2.5.0/guice-bridge-2.5.0.jar:/home/runner/.m2/repository/org/glassfish/jersey/core/jersey-server/2.34/jersey-server-2.34.jar:/home/runner/.m2/repository/org/glassfish/jersey/core/jersey-client/2.34/jersey-client-2.34.jar:/home/runner/.m2/repository/jakarta/annotation/jakarta.annotation-api/1.3.5/jakarta.annotation-api-1.3.5.jar:/home/runner/.m2/repository/jakarta/validation/jakarta.validation-api/2.0.2/jakarta.validation-api-2.0.2.jar:/home/runner/.m2/repository/org/glassfish/jersey/media/jersey-media-json-jackson/2.34/jersey-media-json-jackson-2.34.jar:/home/runner/.m2/repository/org/glassfish/jersey/ext/jersey-entity-filtering/2.34/jersey-entity-filtering-2.34.jar:/home/runner/.m2/repository/org/jooq/jooq/3.11.10/jooq-3.11.10.jar:/home/runner/.m2/repository/org/jooq/jooq-meta/3.11.10/jooq-meta-3.11.10.jar:/home/runner/.m2/repository/org/jooq/jooq-codegen/3.11.10/jooq-codegen-3.11.10.jar:/home/runner/.m2/repository/com/jolbox/bonecp/0.8.0.RELEASE/bonecp-0.8.0.RELEASE.jar:/home/runner/.m2/repository/org/apache/derby/derby/10.14.2.0/derby-10.14.2.0.jar:/home/runner/.m2/repository/org/xerial/sqlite-jdbc/3.41.2.2/sqlite-jdbc-3.41.2.2.jar:/home/runner/.m2/repository/org/springframework/spring-jdbc/5.3.27/spring-jdbc-5.3.27.jar:/home/runner/.m2/repository/org/springframework/spring-beans/5.3.27/spring-beans-5.3.27.jar:/home/runner/.m2/repository/org/springframework/spring-core/5.3.27/spring-core-5.3.27.jar:/home/runner/.m2/repository/org/springframework/spring-tx/5.3.27/spring-tx-5.3.27.jar:/home/runner/.m2/repository/org/apache/ozone/ozone-client/1.4.0-SNAPSHOT/ozone-client-1.4.0-SNAPSHOT.jar:/home/runner/.m2/repository/org/apache/ozone/hdds-erasurecode/1.4.0-SNAPSHOT/hdds-erasurecode-1.4.0-SNAPSHOT.jar:/home/runner/.m2/repository/org/apache/ozone/ozone-filesystem/1.4.0-SNAPSHOT/ozone-filesystem-1.4.0-SNAPSHOT.jar:/home/runner/.m2/repository/org/apache/ozone/ozone-filesystem-common/1.4.0-SNAPSHOT/ozone-filesystem-common-1.4.0-SNAPSHOT.jar:/home/runner/.m2/repository/org/apache/ozone/ozone-tools/1.4.0-SNAPSHOT/ozone-tools-1.4.0-SNAPSHOT.jar:/home/runner/.m2/repository/com/amazonaws/aws-java-sdk-core/1.12.261/aws-java-sdk-core-1.12.261.jar:/home/runner/.m2/repository/org/apache/httpcomponents/httpclient/4.5.13/httpclient-4.5.13.jar:/home/runner/.m2/repository/org/apache/httpcomponents/httpcore/4.4.13/httpcore-4.4.13.jar:/home/runner/.m2/repository/software/amazon/ion/ion-java/1.0.2/ion-java-1.0.2.jar:/home/runner/.m2/repository/com/fasterxml/jackson/dataformat/jackson-dataformat-cbor/2.13.4/jackson-dataformat-cbor-2.13.4.jar:/home/runner/.m2/repository/joda-time/joda-time/2.10.6/joda-time-2.10.6.jar:/home/runner/.m2/repository/com/amazonaws/aws-java-sdk-s3/1.12.261/aws-java-sdk-s3-1.12.261.jar:/home/runner/.m2/repository/com/amazonaws/aws-java-sdk-kms/1.12.261/aws-java-sdk-kms-1.12.261.jar:/home/runner/.m2/repository/com/amazonaws/jmespath-java/1.12.261/jmespath-java-1.12.261.jar:/home/runner/.m2/repository/org/kohsuke/metainf-services/metainf-services/1.8/metainf-services-1.8.jar:/home/runner/.m2/repository/org/apache/ozone/hdds-tools/1.4.0-SNAPSHOT/hdds-tools-1.4.0-SNAPSHOT.jar:/home/runner/.m2/repository/org/apache/ratis/ratis-tools/2.5.1/ratis-tools-2.5.1.jar:/home/runner/.m2/repository/commons-cli/commons-cli/1.2/commons-cli-1.2.jar:/home/runner/.m2/repository/org/apache/commons/commons-lang3/3.7/commons-lang3-3.7.jar:/home/runner/.m2/repository/org/apache/ozone/ozone-manager/1.4.0-SNAPSHOT/ozone-manager-1.4.0-SNAPSHOT-tests.jar:/home/runner/.m2/repository/org/apache/ozone/hdds-common/1.4.0-SNAPSHOT/hdds-common-1.4.0-SNAPSHOT-tests.jar:/home/runner/.m2/repository/org/apache/ozone/hdds-hadoop-dependency-client/1.4.0-SNAPSHOT/hdds-hadoop-dependency-client-1.4.0-SNAPSHOT.jar:/home/runner/.m2/repository/info/picocli/picocli/4.6.1/picocli-4.6.1.jar:/home/runner/.m2/repository/com/fasterxml/jackson/core/jackson-annotations/2.13.4/jackson-annotations-2.13.4.jar:/home/runner/.m2/repository/org/apache/ozone/hdds-annotation-processing/1.4.0-SNAPSHOT/hdds-annotation-processing-1.4.0-SNAPSHOT.jar:/home/runner/.m2/repository/javax/annotation/javax.annotation-api/1.2/javax.annotation-api-1.2.jar:/home/runner/.m2/repository/org/apache/ratis/ratis-netty/2.5.1/ratis-netty-2.5.1.jar:/home/runner/.m2/repository/org/apache/ratis/ratis-grpc/2.5.1/ratis-grpc-2.5.1.jar:/home/runner/.m2/repository/org/apache/logging/log4j/log4j-api/2.17.1/log4j-api-2.17.1.jar:/home/runner/.m2/repository/org/apache/commons/commons-pool2/2.6.0/commons-pool2-2.6.0.jar:/home/runner/.m2/repository/org/bouncycastle/bcpkix-jdk15on/1.67/bcpkix-jdk15on-1.67.jar:/home/runner/.m2/repository/commons-validator/commons-validator/1.6/commons-validator-1.6.jar:/home/runner/.m2/repository/commons-beanutils/commons-beanutils/1.9.4/commons-beanutils-1.9.4.jar:/home/runner/.m2/repository/commons-digester/commons-digester/1.8.1/commons-digester-1.8.1.jar:/home/runner/.m2/repository/commons-collections/commons-collections/3.2.2/commons-collections-3.2.2.jar:/home/runner/.m2/repository/io/jaegertracing/jaeger-client/1.6.0/jaeger-client-1.6.0.jar:/home/runner/.m2/repository/io/jaegertracing/jaeger-thrift/1.6.0/jaeger-thrift-1.6.0.jar:/home/runner/.m2/repository/org/apache/thrift/libthrift/0.14.1/libthrift-0.14.1.jar:/home/runner/.m2/repository/io/jaegertracing/jaeger-core/1.6.0/jaeger-core-1.6.0.jar:/home/runner/.m2/repository/io/jaegertracing/jaeger-tracerresolver/1.6.0/jaeger-tracerresolver-1.6.0.jar:/home/runner/.m2/repository/io/opentracing/contrib/opentracing-tracerresolver/0.1.8/opentracing-tracerresolver-0.1.8.jar:/home/runner/.m2/repository/org/jetbrains/kotlin/kotlin-stdlib/1.6.21/kotlin-stdlib-1.6.21.jar:/home/runner/.m2/repository/org/jetbrains/annotations/13.0/annotations-13.0.jar:/home/runner/.m2/repository/io/opentracing/opentracing-util/0.33.0/opentracing-util-0.33.0.jar:/home/runner/.m2/repository/io/opentracing/opentracing-api/0.33.0/opentracing-api-0.33.0.jar:/home/runner/.m2/repository/io/opentracing/opentracing-noop/0.33.0/opentracing-noop-0.33.0.jar:/home/runner/.m2/repository/org/yaml/snakeyaml/2.0/snakeyaml-2.0.jar:/home/runner/.m2/repository/io/grpc/grpc-api/1.51.1/grpc-api-1.51.1.jar:/home/runner/.m2/repository/io/grpc/grpc-context/1.51.1/grpc-context-1.51.1.jar:/home/runner/.m2/repository/junit/junit/4.13.1/junit-4.13.1.jar:/home/runner/.m2/repository/org/hamcrest/hamcrest-core/1.3/hamcrest-core-1.3.jar:/home/runner/.m2/repository/org/junit/jupiter/junit-jupiter-api/5.8.2/junit-jupiter-api-5.8.2.jar:/home/runner/.m2/repository/org/opentest4j/opentest4j/1.2.0/opentest4j-1.2.0.jar:/home/runner/.m2/repository/org/junit/platform/junit-platform-commons/1.8.2/junit-platform-commons-1.8.2.jar:/home/runner/.m2/repository/org/apiguardian/apiguardian-api/1.1.2/apiguardian-api-1.1.2.jar:/home/runner/.m2/repository/org/junit/jupiter/junit-jupiter-params/5.8.2/junit-jupiter-params-5.8.2.jar:/home/runner/.m2/repository/org/junit/jupiter/junit-jupiter-migrationsupport/5.8.2/junit-jupiter-migrationsupport-5.8.2.jar:/home/runner/.m2/repository/org/junit/jupiter/junit-jupiter-engine/5.8.2/junit-jupiter-engine-5.8.2.jar:/home/runner/.m2/repository/org/junit/platform/junit-platform-engine/1.8.2/junit-platform-engine-1.8.2.jar:/home/runner/.m2/repository/org/junit/vintage/junit-vintage-engine/5.8.2/junit-vintage-engine-5.8.2.jar:/home/runner/.m2/repository/org/junit/platform/junit-platform-launcher/1.8.2/junit-platform-launcher-1.8.2.jar:/home/runner/.m2/repository/org/mockito/mockito-core/2.28.2/mockito-core-2.28.2.jar:/home/runner/.m2/repository/net/bytebuddy/byte-buddy/1.9.10/byte-buddy-1.9.10.jar:/home/runner/.m2/repository/net/bytebuddy/byte-buddy-agent/1.9.10/byte-buddy-agent-1.9.10.jar:/home/runner/.m2/repository/org/objenesis/objenesis/1.0/objenesis-1.0.jar:/home/runner/.m2/repository/org/apache/hadoop/hadoop-kms/3.3.5/hadoop-kms-3.3.5.jar:/home/runner/.m2/repository/org/apache/hadoop/hadoop-auth/3.3.5/hadoop-auth-3.3.5.jar:/home/runner/.m2/repository/com/nimbusds/nimbus-jose-jwt/9.8.1/nimbus-jose-jwt-9.8.1.jar:/home/runner/.m2/repository/com/github/stephenc/jcip/jcip-annotations/1.0-1/jcip-annotations-1.0-1.jar:/home/runner/.m2/repository/net/minidev/json-smart/2.4.7/json-smart-2.4.7.jar:/home/runner/.m2/repository/net/minidev/accessors-smart/2.4.7/accessors-smart-2.4.7.jar:/home/runner/.m2/repository/org/ow2/asm/asm/5.0.4/asm-5.0.4.jar:/home/runner/.m2/repository/org/apache/zookeeper/zookeeper/3.5.6/zookeeper-3.5.6.jar:/home/runner/.m2/repository/org/apache/zookeeper/zookeeper-jute/3.5.6/zookeeper-jute-3.5.6.jar:/home/runner/.m2/repository/org/apache/yetus/audience-annotations/0.5.0/audience-annotations-0.5.0.jar:/home/runner/.m2/repository/org/apache/curator/curator-framework/4.2.0/curator-framework-4.2.0.jar:/home/runner/.m2/repository/org/apache/hadoop/thirdparty/hadoop-shaded-guava/1.1.1/hadoop-shaded-guava-1.1.1.jar:/home/runner/.m2/repository/com/sun/jersey/jersey-core/1.19/jersey-core-1.19.jar:/home/runner/.m2/repository/javax/ws/rs/jsr311-api/1.1.1/jsr311-api-1.1.1.jar:/home/runner/.m2/repository/com/sun/jersey/jersey-server/1.19/jersey-server-1.19.jar:/home/runner/.m2/repository/javax/servlet/javax.servlet-api/3.1.0/javax.servlet-api-3.1.0.jar:/home/runner/.m2/repository/org/apache/hadoop/hadoop-common/3.3.5/hadoop-common-3.3.5.jar:/home/runner/.m2/repository/org/apache/commons/commons-math3/3.1.1/commons-math3-3.1.1.jar:/home/runner/.m2/repository/commons-net/commons-net/3.9.0/commons-net-3.9.0.jar:/home/runner/.m2/repository/com/sun/jersey/jersey-servlet/1.19/jersey-servlet-1.19.jar:/home/runner/.m2/repository/com/github/pjfanning/jersey-json/1.20/jersey-json-1.20.jar:/home/runner/.m2/repository/org/codehaus/jettison/jettison/1.1/jettison-1.1.jar:/home/runner/.m2/repository/com/sun/xml/bind/jaxb-impl/2.2.3-1/jaxb-impl-2.2.3-1.jar:/home/runner/.m2/repository/com/google/re2j/re2j/1.1/re2j-1.1.jar:/home/runner/.m2/repository/com/jcraft/jsch/0.1.54/jsch-0.1.54.jar:/home/runner/.m2/repository/org/apache/curator/curator-client/4.2.0/curator-client-4.2.0.jar:/home/runner/.m2/repository/org/apache/curator/curator-recipes/4.2.0/curator-recipes-4.2.0.jar:/home/runner/.m2/repository/org/apache/kerby/kerb-core/1.0.1/kerb-core-1.0.1.jar:/home/runner/.m2/repository/org/apache/kerby/kerby-pkix/1.0.1/kerby-pkix-1.0.1.jar:/home/runner/.m2/repository/org/apache/kerby/kerby-asn1/1.0.1/kerby-asn1-1.0.1.jar:/home/runner/.m2/repository/org/apache/kerby/kerby-util/1.0.1/kerby-util-1.0.1.jar:/home/runner/.m2/repository/dnsjava/dnsjava/2.1.7/dnsjava-2.1.7.jar:/home/runner/.m2/repository/org/xerial/snappy/snappy-java/1.1.8.2/snappy-java-1.1.8.2.jar:/home/runner/.m2/repository/com/fasterxml/jackson/core/jackson-databind/2.13.4.2/jackson-databind-2.13.4.2.jar:/home/runner/.m2/repository/org/apache/hadoop/hadoop-kms/3.3.5/hadoop-kms-3.3.5-tests.jar:/home/runner/.m2/repository/org/apache/ozone/hdds-server-scm/1.4.0-SNAPSHOT/hdds-server-scm-1.4.0-SNAPSHOT-tests.jar:/home/runner/.m2/repository/org/apache/ozone/hdds-container-service/1.4.0-SNAPSHOT/hdds-container-service-1.4.0-SNAPSHOT-tests.jar:/home/runner/.m2/repository/com/github/luben/zstd-jni/1.5.2-5/zstd-jni-1.5.2-5.jar:/home/runner/.m2/repository/commons-codec/commons-codec/1.15/commons-codec-1.15.jar:/home/runner/.m2/repository/io/netty/netty-codec/4.1.86.Final/netty-codec-4.1.86.Final.jar:/home/runner/.m2/repository/io/netty/netty-handler/4.1.86.Final/netty-handler-4.1.86.Final.jar:/home/runner/.m2/repository/org/apache/ozone/hdds-hadoop-dependency-test/1.4.0-SNAPSHOT/hdds-hadoop-dependency-test-1.4.0-SNAPSHOT.jar:/home/runner/.m2/repository/org/apache/hadoop/hadoop-common/3.3.5/hadoop-common-3.3.5-tests.jar:/home/runner/.m2/repository/org/apache/hadoop/hadoop-hdfs/3.3.5/hadoop-hdfs-3.3.5-tests.jar:/home/runner/.m2/repository/org/assertj/assertj-core/3.12.2/assertj-core-3.12.2.jar:/home/runner/.m2/repository/org/apache/hadoop/hadoop-distcp/3.3.5/hadoop-distcp-3.3.5.jar:/home/runner/.m2/repository/org/apache/hadoop/hadoop-mapreduce-client-jobclient/3.3.5/hadoop-mapreduce-client-jobclient-3.3.5.jar:/home/runner/.m2/repository/org/apache/hadoop/hadoop-mapreduce-client-common/3.3.5/hadoop-mapreduce-client-common-3.3.5.jar:/home/runner/.m2/repository/org/apache/hadoop/hadoop-yarn-common/3.3.5/hadoop-yarn-common-3.3.5.jar:/home/runner/.m2/repository/org/apache/hadoop/hadoop-yarn-api/3.3.5/hadoop-yarn-api-3.3.5.jar:/home/runner/.m2/repository/com/sun/jersey/contribs/jersey-guice/1.19/jersey-guice-1.19.jar:/home/runner/.m2/repository/com/fasterxml/jackson/jaxrs/jackson-jaxrs-json-provider/2.13.4/jackson-jaxrs-json-provider-2.13.4.jar:/home/runner/.m2/repository/com/fasterxml/jackson/jaxrs/jackson-jaxrs-base/2.13.4/jackson-jaxrs-base-2.13.4.jar:/home/runner/.m2/repository/org/apache/hadoop/hadoop-yarn-client/3.3.5/hadoop-yarn-client-3.3.5.jar:/home/runner/.m2/repository/org/eclipse/jetty/websocket/websocket-client/9.4.48.v20220622/websocket-client-9.4.48.v20220622.jar:/home/runner/.m2/repository/org/eclipse/jetty/websocket/websocket-common/9.4.48.v20220622/websocket-common-9.4.48.v20220622.jar:/home/runner/.m2/repository/org/eclipse/jetty/websocket/websocket-api/9.4.48.v20220622/websocket-api-9.4.48.v20220622.jar:/home/runner/.m2/repository/org/jline/jline/3.9.0/jline-3.9.0.jar:/home/runner/.m2/repository/org/apache/hadoop/hadoop-mapreduce-client-core/3.3.5/hadoop-mapreduce-client-core-3.3.5.jar:/home/runner/.m2/repository/org/apache/avro/avro/1.7.7/avro-1.7.7.jar:/home/runner/.m2/repository/com/thoughtworks/paranamer/paranamer/2.3/paranamer-2.3.jar:/home/runner/.m2/repository/org/apache/hadoop/hadoop-annotations/3.3.5/hadoop-annotations-3.3.5.jar:/usr/lib/jvm/temurin-8-jdk-amd64/jre/../lib/tools.jar:/home/runner/.m2/repository/io/netty/netty/3.10.6.Final/netty-3.10.6.Final.jar:/home/runner/.m2/repository/org/apache/hadoop/hadoop-distcp/3.3.5/hadoop-distcp-3.3.5-tests.jar:/home/runner/.m2/repository/org/slf4j/jul-to-slf4j/1.7.36/jul-to-slf4j-1.7.36.jar:"/>
    <property name="sun.cpu.endian" value="little"/>
    <property name="user.home" value="/home/runner"/>
    <property name="user.language" value="en"/>
    <property name="java.specification.vendor" value="Oracle Corporation"/>
    <property name="java.home" value="/usr/lib/jvm/temurin-8-jdk-amd64/jre"/>
    <property name="java.security.krb5.conf" value="/home/runner/work/ozone/ozone/hadoop-ozone/integration-test/target/test-classes/krb5.conf"/>
    <property name="basedir" value="/home/runner/work/ozone/ozone/hadoop-ozone/integration-test"/>
    <property name="file.separator" value="/"/>
    <property name="line.separator" value="&#10;"/>
    <property name="java.vm.specification.vendor" value="Oracle Corporation"/>
    <property name="java.specification.name" value="Java Platform API Specification"/>
    <property name="java.awt.graphicsenv" value="sun.awt.X11GraphicsEnvironment"/>
    <property name="skip.installnpx" value="true"/>
    <property name="surefire.real.class.path" value="/home/runner/work/ozone/ozone/hadoop-ozone/integration-test/target/surefire/surefirebooter3311838448513161.jar:/home/runner/.m2/repository/org/jacoco/org.jacoco.agent/0.8.5/org.jacoco.agent-0.8.5-runtime.jar"/>
    <property name="hadoop.log.dir" value="/home/runner/work/ozone/ozone/hadoop-ozone/integration-test/target/log"/>
    <property name="sun.boot.class.path" value="/usr/lib/jvm/temurin-8-jdk-amd64/jre/lib/resources.jar:/usr/lib/jvm/temurin-8-jdk-amd64/jre/lib/rt.jar:/usr/lib/jvm/temurin-8-jdk-amd64/jre/lib/sunrsasign.jar:/usr/lib/jvm/temurin-8-jdk-amd64/jre/lib/jsse.jar:/usr/lib/jvm/temurin-8-jdk-amd64/jre/lib/jce.jar:/usr/lib/jvm/temurin-8-jdk-amd64/jre/lib/charsets.jar:/usr/lib/jvm/temurin-8-jdk-amd64/jre/lib/jfr.jar:/usr/lib/jvm/temurin-8-jdk-amd64/jre/classes"/>
    <property name="sun.management.compiler" value="HotSpot 64-Bit Tiered Compilers"/>
    <property name="skip.npx" value="true"/>
    <property name="java.runtime.version" value="1.8.0_372-b07"/>
    <property name="java.net.preferIPv4Stack" value="true"/>
    <property name="user.name" value="runner"/>
    <property name="path.separator" value=":"/>
    <property name="java.security.egd" value="file:///dev/urandom"/>
    <property name="os.version" value="5.15.0-1038-azure"/>
    <property name="java.endorsed.dirs" value="/usr/lib/jvm/temurin-8-jdk-amd64/jre/lib/endorsed"/>
    <property name="java.runtime.name" value="OpenJDK Runtime Environment"/>
    <property name="file.encoding" value="UTF-8"/>
    <property name="java.vm.name" value="OpenJDK 64-Bit Server VM"/>
    <property name="test.build.webapps" value=""/>
    <property name="localRepository" value="/home/runner/.m2/repository"/>
    <property name="jetty.git.hash" value="b45c405e4544384de066f814ed42ae3dceacdd49"/>
    <property name="java.vendor.url.bug" value="https://github.com/adoptium/adoptium-support/issues"/>
    <property name="java.io.tmpdir" value="/tmp"/>
    <property name="require.test.libhadoop" value=""/>
    <property name="java.version" value="1.8.0_372"/>
    <property name="user.dir" value="/home/runner/work/ozone/ozone/hadoop-ozone/integration-test"/>
    <property name="os.arch" value="amd64"/>
    <property name="java.vm.specification.name" value="Java Virtual Machine Specification"/>
    <property name="test.build.classes" value="/home/runner/work/ozone/ozone/hadoop-ozone/integration-test/target/test-classes"/>
    <property name="java.awt.printerjob" value="sun.print.PSPrinterJob"/>
    <property name="sun.os.patch.level" value="unknown"/>
    <property name="org.apache.ratis.thirdparty.io.netty.allocator.useCacheForAllThreads" value="false"/>
    <property name="hadoop.tmp.dir" value="/home/runner/work/ozone/ozone/hadoop-ozone/integration-test/target/tmp"/>
    <property name="java.library.path" value="/usr/java/packages/lib/amd64:/usr/lib64:/lib64:/lib:/usr/lib"/>
    <property name="java.vm.info" value="mixed mode"/>
    <property name="java.vendor" value="Temurin"/>
    <property name="java.vm.version" value="25.372-b07"/>
    <property name="java.specification.maintenance.version" value="4"/>
    <property name="java.ext.dirs" value="/usr/lib/jvm/temurin-8-jdk-amd64/jre/lib/ext:/usr/java/packages/lib/ext"/>
    <property name="sun.io.unicode.encoding" value="UnicodeLittle"/>
    <property name="java.class.version" value="52.0"/>
  </properties>
  <testcase name="testRunAllTests" classname="org.apache.hadoop.ozone.om.TestOzoneManagerHAWithACL" time="5.384">
    <error type="VOLUME_ALREADY_EXISTS org.apache.hadoop.ozone.om.exceptions.OMException"><![CDATA[VOLUME_ALREADY_EXISTS org.apache.hadoop.ozone.om.exceptions.OMException: Volume already exists
	at org.apache.hadoop.ozone.om.protocolPB.OzoneManagerProtocolClientSideTranslatorPB.handleError(OzoneManagerProtocolClientSideTranslatorPB.java:707)
	at org.apache.hadoop.ozone.om.protocolPB.OzoneManagerProtocolClientSideTranslatorPB.createVolume(OzoneManagerProtocolClientSideTranslatorPB.java:323)
	at org.apache.hadoop.ozone.client.rpc.RpcClient.createVolume(RpcClient.java:463)
	at org.apache.hadoop.ozone.client.ObjectStore.createVolume(ObjectStore.java:127)
	at org.apache.hadoop.ozone.om.TestOzoneManagerHA.setupBucket(TestOzoneManagerHA.java:245)
	at org.apache.hadoop.ozone.om.TestOzoneManagerHAWithACL.testLinkBucketRemoveBucketAcl(TestOzoneManagerHAWithACL.java:245)
	at org.apache.hadoop.ozone.om.TestOzoneManagerHAWithACL.testRunAllTests(TestOzoneManagerHAWithACL.java:59)
	at sun.reflect.NativeMethodAccessorImpl.invoke0(Native Method)
	at sun.reflect.NativeMethodAccessorImpl.invoke(NativeMethodAccessorImpl.java:62)
	at sun.reflect.DelegatingMethodAccessorImpl.invoke(DelegatingMethodAccessorImpl.java:43)
	at java.lang.reflect.Method.invoke(Method.java:498)
	at org.junit.platform.commons.util.ReflectionUtils.invokeMethod(ReflectionUtils.java:725)
	at org.junit.jupiter.engine.execution.MethodInvocation.proceed(MethodInvocation.java:60)
	at org.junit.jupiter.engine.execution.InvocationInterceptorChain$ValidatingInvocation.proceed(InvocationInterceptorChain.java:131)
	at org.junit.jupiter.engine.extension.TimeoutInvocation.proceed(TimeoutInvocation.java:46)
	at org.junit.jupiter.engine.extension.TimeoutExtension.intercept(TimeoutExtension.java:149)
	at org.junit.jupiter.engine.extension.TimeoutExtension.interceptTestableMethod(TimeoutExtension.java:140)
	at org.junit.jupiter.engine.extension.TimeoutExtension.interceptTestMethod(TimeoutExtension.java:84)
	at org.junit.jupiter.engine.execution.ExecutableInvoker$ReflectiveInterceptorCall.lambda$ofVoidMethod$0(ExecutableInvoker.java:115)
	at org.junit.jupiter.engine.execution.ExecutableInvoker.lambda$invoke$0(ExecutableInvoker.java:105)
	at org.junit.jupiter.engine.execution.InvocationInterceptorChain$InterceptedInvocation.proceed(InvocationInterceptorChain.java:106)
	at org.junit.jupiter.engine.execution.InvocationInterceptorChain.proceed(InvocationInterceptorChain.java:64)
	at org.junit.jupiter.engine.execution.InvocationInterceptorChain.chainAndInvoke(InvocationInterceptorChain.java:45)
	at org.junit.jupiter.engine.execution.InvocationInterceptorChain.invoke(InvocationInterceptorChain.java:37)
	at org.junit.jupiter.engine.execution.ExecutableInvoker.invoke(ExecutableInvoker.java:104)
	at org.junit.jupiter.engine.execution.ExecutableInvoker.invoke(ExecutableInvoker.java:98)
	at org.junit.jupiter.engine.descriptor.TestMethodTestDescriptor.lambda$invokeTestMethod$7(TestMethodTestDescriptor.java:214)
	at org.junit.platform.engine.support.hierarchical.ThrowableCollector.execute(ThrowableCollector.java:73)
	at org.junit.jupiter.engine.descriptor.TestMethodTestDescriptor.invokeTestMethod(TestMethodTestDescriptor.java:210)
	at org.junit.jupiter.engine.descriptor.TestMethodTestDescriptor.execute(TestMethodTestDescriptor.java:135)
	at org.junit.jupiter.engine.descriptor.TestMethodTestDescriptor.execute(TestMethodTestDescriptor.java:66)
	at org.junit.platform.engine.support.hierarchical.NodeTestTask.lambda$executeRecursively$6(NodeTestTask.java:151)
	at org.junit.platform.engine.support.hierarchical.ThrowableCollector.execute(ThrowableCollector.java:73)
	at org.junit.platform.engine.support.hierarchical.NodeTestTask.lambda$executeRecursively$8(NodeTestTask.java:141)
	at org.junit.platform.engine.support.hierarchical.Node.around(Node.java:137)
	at org.junit.platform.engine.support.hierarchical.NodeTestTask.lambda$executeRecursively$9(NodeTestTask.java:139)
	at org.junit.platform.engine.support.hierarchical.ThrowableCollector.execute(ThrowableCollector.java:73)
	at org.junit.platform.engine.support.hierarchical.NodeTestTask.executeRecursively(NodeTestTask.java:138)
	at org.junit.platform.engine.support.hierarchical.NodeTestTask.execute(NodeTestTask.java:95)
	at java.util.ArrayList.forEach(ArrayList.java:1259)
	at org.junit.platform.engine.support.hierarchical.SameThreadHierarchicalTestExecutorService.invokeAll(SameThreadHierarchicalTestExecutorService.java:41)
	at org.junit.platform.engine.support.hierarchical.NodeTestTask.lambda$executeRecursively$6(NodeTestTask.java:155)
	at org.junit.platform.engine.support.hierarchical.ThrowableCollector.execute(ThrowableCollector.java:73)
	at org.junit.platform.engine.support.hierarchical.NodeTestTask.lambda$executeRecursively$8(NodeTestTask.java:141)
	at org.junit.platform.engine.support.hierarchical.Node.around(Node.java:137)
	at org.junit.platform.engine.support.hierarchical.NodeTestTask.lambda$executeRecursively$9(NodeTestTask.java:139)
	at org.junit.platform.engine.support.hierarchical.ThrowableCollector.execute(ThrowableCollector.java:73)
	at org.junit.platform.engine.support.hierarchical.NodeTestTask.executeRecursively(NodeTestTask.java:138)
	at org.junit.platform.engine.support.hierarchical.NodeTestTask.execute(NodeTestTask.java:95)
	at java.util.ArrayList.forEach(ArrayList.java:1259)
	at org.junit.platform.engine.support.hierarchical.SameThreadHierarchicalTestExecutorService.invokeAll(SameThreadHierarchicalTestExecutorService.java:41)
	at org.junit.platform.engine.support.hierarchical.NodeTestTask.lambda$executeRecursively$6(NodeTestTask.java:155)
	at org.junit.platform.engine.support.hierarchical.ThrowableCollector.execute(ThrowableCollector.java:73)
	at org.junit.platform.engine.support.hierarchical.NodeTestTask.lambda$executeRecursively$8(NodeTestTask.java:141)
	at org.junit.platform.engine.support.hierarchical.Node.around(Node.java:137)
	at org.junit.platform.engine.support.hierarchical.NodeTestTask.lambda$executeRecursively$9(NodeTestTask.java:139)
	at org.junit.platform.engine.support.hierarchical.ThrowableCollector.execute(ThrowableCollector.java:73)
	at org.junit.platform.engine.support.hierarchical.NodeTestTask.executeRecursively(NodeTestTask.java:138)
	at org.junit.platform.engine.support.hierarchical.NodeTestTask.execute(NodeTestTask.java:95)
	at org.junit.platform.engine.support.hierarchical.SameThreadHierarchicalTestExecutorService.submit(SameThreadHierarchicalTestExecutorService.java:35)
	at org.junit.platform.engine.support.hierarchical.HierarchicalTestExecutor.execute(HierarchicalTestExecutor.java:57)
	at org.junit.platform.engine.support.hierarchical.HierarchicalTestEngine.execute(HierarchicalTestEngine.java:54)
	at org.junit.platform.launcher.core.EngineExecutionOrchestrator.execute(EngineExecutionOrchestrator.java:107)
	at org.junit.platform.launcher.core.EngineExecutionOrchestrator.execute(EngineExecutionOrchestrator.java:88)
	at org.junit.platform.launcher.core.EngineExecutionOrchestrator.lambda$execute$0(EngineExecutionOrchestrator.java:54)
	at org.junit.platform.launcher.core.EngineExecutionOrchestrator.withInterceptedStreams(EngineExecutionOrchestrator.java:67)
	at org.junit.platform.launcher.core.EngineExecutionOrchestrator.execute(EngineExecutionOrchestrator.java:52)
	at org.junit.platform.launcher.core.DefaultLauncher.execute(DefaultLauncher.java:114)
	at org.junit.platform.launcher.core.DefaultLauncher.execute(DefaultLauncher.java:86)
	at org.junit.platform.launcher.core.DefaultLauncherSession$DelegatingLauncher.execute(DefaultLauncherSession.java:86)
	at org.junit.platform.launcher.core.SessionPerRequestLauncher.execute(SessionPerRequestLauncher.java:53)
	at org.apache.maven.surefire.junitplatform.JUnitPlatformProvider.execute(JUnitPlatformProvider.java:188)
	at org.apache.maven.surefire.junitplatform.JUnitPlatformProvider.invokeAllTests(JUnitPlatformProvider.java:154)
	at org.apache.maven.surefire.junitplatform.JUnitPlatformProvider.invoke(JUnitPlatformProvider.java:124)
	at org.apache.maven.surefire.booter.ForkedBooter.runSuitesInProcess(ForkedBooter.java:428)
	at org.apache.maven.surefire.booter.ForkedBooter.execute(ForkedBooter.java:162)
	at org.apache.maven.surefire.booter.ForkedBooter.run(ForkedBooter.java:562)
	at org.apache.maven.surefire.booter.ForkedBooter.main(ForkedBooter.java:548)
]]></error>
    <system-out><![CDATA[2023-06-06 06:59:11,259 [main] WARN  server.ServerUtils (ServerUtils.java:getScmDbDir(155)) - ozone.scm.db.dirs is not configured. We recommend adding this setting. Falling back to ozone.metadata.dirs instead.
2023-06-06 06:59:11,443 [main] INFO  reflections.Reflections (Reflections.java:scan(232)) - Reflections took 134 ms to scan 7 urls, producing 158 keys and 368 values 
2023-06-06 06:59:11,630 [main] WARN  server.ServerUtils (ServerUtils.java:getScmDbDir(155)) - ozone.scm.db.dirs is not configured. We recommend adding this setting. Falling back to ozone.metadata.dirs instead.
2023-06-06 06:59:11,633 [main] INFO  ha.SCMHANodeDetails (SCMHANodeDetails.java:loadSCMHAConfig(209)) - ServiceID for StorageContainerManager is null
2023-06-06 06:59:11,642 [main] WARN  ha.SCMHANodeDetails (SCMHANodeDetails.java:validateSCMHAConfig(182)) - Invalid config ozone.scm.ratis.enable. The config was not specified, but the default value true conflicts with the expected config value false. Falling back to the expected value. Current State of SCM: SCM is running in Non-HA without Ratis Ratis SCM -> Non Ratis SCM or Non HA SCM -> HA SCM is not supported
2023-06-06 06:59:11,642 [main] INFO  ha.SCMHANodeDetails (SCMHANodeDetails.java:loadSCMHAConfig(214)) - ozone.scm.default.service.id is not defined, falling back to ozone.scm.service.ids to find serviceID for StorageContainerManager if it is HA enabled cluster
2023-06-06 06:59:12,311 [main] WARN  utils.HAUtils (HAUtils.java:getMetaDir(352)) - ozone.scm.db.dirs is not configured. We recommend adding this setting. Falling back to ozone.metadata.dirs instead.
2023-06-06 06:59:12,441 [main] WARN  db.DBStoreBuilder (DBStoreBuilder.java:applyDBDefinition(165)) - ozone.scm.db.dirs is not configured. We recommend adding this setting. Falling back to ozone.metadata.dirs instead.
2023-06-06 06:59:12,652 [main] INFO  net.NodeSchemaLoader (NodeSchemaLoader.java:loadSchemaFromFile(129)) - Loading schema from [jar:file:/home/runner/.m2/repository/org/apache/ozone/hdds-common/1.4.0-SNAPSHOT/hdds-common-1.4.0-SNAPSHOT.jar!/network-topology-default.xml]
2023-06-06 06:59:12,654 [main] INFO  net.NodeSchemaLoader (NodeSchemaLoader.java:loadSchema(176)) - Loading network topology layer schema file
2023-06-06 06:59:12,701 [main] INFO  metrics.MetricRegistries (MetricRegistriesLoader.java:load(64)) - Loaded MetricRegistries class org.apache.ratis.metrics.impl.MetricRegistriesImpl
2023-06-06 06:59:12,713 [main] INFO  upgrade.AbstractLayoutVersionManager (AbstractLayoutVersionManager.java:init(83)) - Initializing Layout version manager with metadata layout = HADOOP_PRC_PORTS_IN_DATANODEDETAILS (version = 7), software layout = HADOOP_PRC_PORTS_IN_DATANODEDETAILS (version = 7)
2023-06-06 06:59:12,908 [main] INFO  ha.SequenceIdGenerator (SequenceIdGenerator.java:upgradeToSequenceId(349)) - upgrade localId to 111677748019200000
2023-06-06 06:59:12,909 [main] INFO  ha.SequenceIdGenerator (SequenceIdGenerator.java:upgradeToSequenceId(359)) - upgrade delTxnId to 0
2023-06-06 06:59:12,931 [main] INFO  ha.SequenceIdGenerator (SequenceIdGenerator.java:upgradeToSequenceId(376)) - upgrade containerId to 0
2023-06-06 06:59:12,933 [main] INFO  ha.SequenceIdGenerator (SequenceIdGenerator.java:<init>(220)) - Init the HA SequenceIdGenerator.
2023-06-06 06:59:12,984 [main] WARN  server.ServerUtils (ServerUtils.java:sanitizeUserArgs(80)) - ozone.scm.stale.node.interval value = 300000 is larger than max = 100000 based on the key value of ozone.scm.heartbeat.thread.interval, reset to the max value 100000.
2023-06-06 06:59:12,985 [main] WARN  server.ServerUtils (ServerUtils.java:sanitizeUserArgs(80)) - ozone.scm.stale.node.interval value = 300000 is larger than max = 100000 based on the key value of ozone.scm.heartbeat.thread.interval, reset to the max value 100000.
2023-06-06 06:59:12,991 [main] INFO  node.SCMNodeManager (SCMNodeManager.java:<init>(159)) - Entering startup safe mode.
2023-06-06 06:59:13,009 [main] INFO  algorithms.ContainerPlacementPolicyFactory (ContainerPlacementPolicyFactory.java:getPolicyInternal(86)) - Create container placement policy of type org.apache.hadoop.hdds.scm.container.placement.algorithms.SCMContainerPlacementRackAware
2023-06-06 06:59:13,013 [main] INFO  algorithms.ContainerPlacementPolicyFactory (ContainerPlacementPolicyFactory.java:getPolicyInternal(86)) - Create container placement policy of type org.apache.hadoop.hdds.scm.container.placement.algorithms.SCMContainerPlacementRackScatter
2023-06-06 06:59:13,022 [main] INFO  pipeline.PipelineStateManagerImpl (PipelineStateManagerImpl.java:initialize(78)) - No pipeline exists in current db
2023-06-06 06:59:13,037 [main] INFO  algorithms.LeaderChoosePolicyFactory (LeaderChoosePolicyFactory.java:getPolicy(57)) - Create leader choose policy of type org.apache.hadoop.hdds.scm.pipeline.leader.choose.algorithms.MinLeaderCountChoosePolicy
2023-06-06 06:59:13,037 [main] INFO  algorithms.ContainerPlacementPolicyFactory (ContainerPlacementPolicyFactory.java:getPolicyInternal(86)) - Create container placement policy of type org.apache.hadoop.hdds.scm.container.placement.algorithms.SCMContainerPlacementRackScatter
2023-06-06 06:59:13,045 [main] INFO  ha.SCMServiceManager (SCMServiceManager.java:register(42)) - Registering service BackgroundPipelineCreator.
2023-06-06 06:59:13,045 [main] INFO  pipeline.BackgroundPipelineCreator (BackgroundPipelineCreator.java:start(124)) - Starting RatisPipelineUtilsThread.
2023-06-06 06:59:13,050 [main] INFO  BackgroundPipelineScrubber (BackgroundSCMService.java:start(68)) - Starting BackgroundPipelineScrubber Service.
2023-06-06 06:59:13,051 [main] INFO  ha.SCMServiceManager (SCMServiceManager.java:register(42)) - Registering service BackgroundPipelineScrubber.
2023-06-06 06:59:13,057 [main] INFO  ExpiredContainerReplicaOpScrubber (BackgroundSCMService.java:start(68)) - Starting ExpiredContainerReplicaOpScrubber Service.
2023-06-06 06:59:13,057 [main] INFO  ha.SCMServiceManager (SCMServiceManager.java:register(42)) - Registering service ExpiredContainerReplicaOpScrubber.
2023-06-06 06:59:13,096 [main] INFO  algorithms.PipelineChoosePolicyFactory (PipelineChoosePolicyFactory.java:createPipelineChoosePolicyFromClass(73)) - Create pipeline choose policy of type org.apache.hadoop.hdds.scm.pipeline.choose.algorithms.RandomPipelineChoosePolicy
2023-06-06 06:59:13,117 [main] INFO  ha.SCMServiceManager (SCMServiceManager.java:register(42)) - Registering service SCMBlockDeletingService.
2023-06-06 06:59:13,204 [main] INFO  replication.ReplicationManager (ReplicationManager.java:start(299)) - Starting Replication Monitor Thread.
2023-06-06 06:59:13,211 [main] INFO  ha.SCMServiceManager (SCMServiceManager.java:register(42)) - Registering service ReplicationManager.
2023-06-06 06:59:13,217 [ReplicationMonitor] INFO  replication.ReplicationManager (ReplicationManager.java:processAll(374)) - Replication Manager is not ready to run until 3000ms after safemode exit
2023-06-06 06:59:13,219 [main] INFO  safemode.ContainerSafeModeRule (ContainerSafeModeRule.java:<init>(89)) - containers with one replica threshold count 0
2023-06-06 06:59:13,223 [main] INFO  safemode.HealthyPipelineSafeModeRule (HealthyPipelineSafeModeRule.java:initializeRule(169)) - Total pipeline count is 0, healthy pipeline threshold count is 1
2023-06-06 06:59:13,225 [main] INFO  safemode.OneReplicaPipelineSafeModeRule (OneReplicaPipelineSafeModeRule.java:initializeRule(180)) - Total pipeline count is 0, pipeline's with at least one datanode reported threshold count is 0
2023-06-06 06:59:13,263 [main] INFO  server.StorageContainerManager (StorageContainerManager.java:<init>(404)) - SCM start with adminUsers: [*, runner]
2023-06-06 06:59:13,547 [main] INFO  audit.AuditLogger (AuditLogger.java:refreshDebugCmdSet(126)) - Refresh DebugCmdSet for SCMAudit to [].
2023-06-06 06:59:13,575 [main] INFO  ipc.CallQueueManager (CallQueueManager.java:<init>(90)) - Using callQueue: class java.util.concurrent.LinkedBlockingQueue, queueCapacity: 2000, scheduler: class org.apache.hadoop.ipc.DefaultRpcScheduler, ipcBackoff: false.
2023-06-06 06:59:13,612 [Socket Reader #1 for port 15002] INFO  ipc.Server (Server.java:run(1319)) - Starting Socket Reader #1 for port 15002
2023-06-06 06:59:13,643 [Listener at 0.0.0.0/15002] INFO  hdds.HddsUtils (HddsUtils.java:preserveThreadName(843)) - Restoring thread name: main
2023-06-06 06:59:13,668 [main] INFO  audit.AuditLogger (AuditLogger.java:refreshDebugCmdSet(126)) - Refresh DebugCmdSet for SCMAudit to [].
2023-06-06 06:59:13,673 [main] INFO  ipc.CallQueueManager (CallQueueManager.java:<init>(90)) - Using callQueue: class java.util.concurrent.LinkedBlockingQueue, queueCapacity: 2000, scheduler: class org.apache.hadoop.ipc.DefaultRpcScheduler, ipcBackoff: false.
2023-06-06 06:59:13,674 [Socket Reader #1 for port 15001] INFO  ipc.Server (Server.java:run(1319)) - Starting Socket Reader #1 for port 15001
2023-06-06 06:59:13,675 [Listener at 0.0.0.0/15001] INFO  hdds.HddsUtils (HddsUtils.java:preserveThreadName(843)) - Restoring thread name: main
2023-06-06 06:59:13,700 [main] INFO  audit.AuditLogger (AuditLogger.java:refreshDebugCmdSet(126)) - Refresh DebugCmdSet for SCMAudit to [].
2023-06-06 06:59:13,710 [main] INFO  ipc.CallQueueManager (CallQueueManager.java:<init>(90)) - Using callQueue: class java.util.concurrent.LinkedBlockingQueue, queueCapacity: 2000, scheduler: class org.apache.hadoop.ipc.DefaultRpcScheduler, ipcBackoff: false.
2023-06-06 06:59:13,711 [Socket Reader #1 for port 15000] INFO  ipc.Server (Server.java:run(1319)) - Starting Socket Reader #1 for port 15000
2023-06-06 06:59:13,713 [Listener at 0.0.0.0/15000] INFO  hdds.HddsUtils (HddsUtils.java:preserveThreadName(843)) - Restoring thread name: main
2023-06-06 06:59:13,762 [main] INFO  ha.SCMServiceManager (SCMServiceManager.java:register(42)) - Registering service ContainerBalancer.
2023-06-06 06:59:13,766 [main] INFO  server.StorageContainerManager (StorageContainerManager.java:<init>(416)) - 
Container Balancer status:
Key                            Value
Running                        false
Container Balancer Configuration values:
Key                                                Value
Threshold                                          10
Max Datanodes to Involve per Iteration(percent)    20
Max Size to Move per Iteration                     500GB
Max Size Entering Target per Iteration             26GB
Max Size Leaving Source per Iteration              26GB

2023-06-06 06:59:13,767 [main] INFO  ha.SCMContext (SCMContext.java:updateSafeModeStatus(228)) - Update SafeModeStatus from SafeModeStatus{safeModeStatus=true, preCheckPassed=false} to SafeModeStatus{safeModeStatus=true, preCheckPassed=false}.
2023-06-06 06:59:13,773 [main] INFO  server.StorageContainerManager (StorageContainerManager.java:start(1465)) - StorageContainerLocationProtocol RPC server is listening at /0.0.0.0:15000
2023-06-06 06:59:13,838 [main] WARN  impl.MetricsConfig (MetricsConfig.java:loadFirst(136)) - Cannot locate configuration: tried hadoop-metrics2-storagecontainermanager.properties,hadoop-metrics2.properties
2023-06-06 06:59:13,851 [main] INFO  impl.MetricsSystemImpl (MetricsSystemImpl.java:startTimer(378)) - Scheduled Metric snapshot period at 10 second(s).
2023-06-06 06:59:13,851 [main] INFO  impl.MetricsSystemImpl (MetricsSystemImpl.java:start(191)) - StorageContainerManager metrics system started
2023-06-06 06:59:14,097 [main] INFO  server.SCMClientProtocolServer (SCMClientProtocolServer.java:start(199)) - RPC server for Client  is listening at /0.0.0.0:15000
2023-06-06 06:59:14,098 [IPC Server Responder] INFO  ipc.Server (Server.java:run(1558)) - IPC Server Responder: starting
2023-06-06 06:59:14,099 [IPC Server listener on 15000] INFO  ipc.Server (Server.java:run(1398)) - IPC Server listener on 15000: starting
2023-06-06 06:59:14,105 [main] INFO  server.StorageContainerManager (StorageContainerManager.java:start(1479)) - ScmBlockLocationProtocol RPC server is listening at /0.0.0.0:15001
2023-06-06 06:59:14,106 [main] INFO  server.SCMBlockProtocolServer (SCMBlockProtocolServer.java:start(152)) - RPC server for Block Protocol is listening at /0.0.0.0:15001
2023-06-06 06:59:14,106 [IPC Server Responder] INFO  ipc.Server (Server.java:run(1558)) - IPC Server Responder: starting
2023-06-06 06:59:14,106 [IPC Server listener on 15001] INFO  ipc.Server (Server.java:run(1398)) - IPC Server listener on 15001: starting
2023-06-06 06:59:14,108 [main] INFO  server.SCMDatanodeProtocolServer (SCMDatanodeProtocolServer.java:start(193)) - ScmDatanodeProtocol RPC server for DataNodes is listening at /0.0.0.0:15002
2023-06-06 06:59:14,109 [IPC Server Responder] INFO  ipc.Server (Server.java:run(1558)) - IPC Server Responder: starting
2023-06-06 06:59:14,110 [IPC Server listener on 15002] INFO  ipc.Server (Server.java:run(1398)) - IPC Server listener on 15002: starting
2023-06-06 06:59:14,121 [JvmPauseMonitor0] INFO  util.JvmPauseMonitor (JvmPauseMonitor.java:run(103)) - JvmPauseMonitor-7f12c2bd-23cc-4f26-a72c-d3222d11a825: Started
2023-06-06 06:59:14,136 [main] INFO  http.BaseHttpServer (BaseHttpServer.java:newHttpServer2BuilderForOzone(224)) - Starting Web-server for scm at: http://0.0.0.0:15003
2023-06-06 06:59:14,136 [main] INFO  http.BaseHttpServer (BaseHttpServer.java:<init>(111)) - Hadoop Security Enabled: false Ozone Security Enabled: false Ozone HTTP Security Enabled: false 
2023-06-06 06:59:14,160 [main] INFO  util.log (Log.java:initialized(170)) - Logging initialized @4281ms to org.eclipse.jetty.util.log.Slf4jLog
2023-06-06 06:59:14,242 [main] WARN  server.AuthenticationFilter (AuthenticationFilter.java:constructSecretProvider(240)) - Unable to initialize FileSignerSecretProvider, falling back to use random secrets. Reason: Could not read signature secret file: /home/runner/hadoop-http-auth-signature-secret
2023-06-06 06:59:14,247 [main] INFO  http.HttpRequestLog (HttpRequestLog.java:getRequestLog(86)) - Http request log for http.requests.scm is not defined
2023-06-06 06:59:14,253 [main] INFO  http.HttpServer2 (HttpServer2.java:addGlobalFilter(1031)) - Added global filter 'safety' (class=org.apache.hadoop.hdds.server.http.HttpServer2$QuotingInputFilter)
2023-06-06 06:59:14,255 [main] INFO  http.HttpServer2 (HttpServer2.java:addFilter(1007)) - Added filter static_user_filter (class=org.apache.hadoop.http.lib.StaticUserWebFilter$StaticUserFilter) to context scm
2023-06-06 06:59:14,255 [main] INFO  http.HttpServer2 (HttpServer2.java:addFilter(1015)) - Added filter static_user_filter (class=org.apache.hadoop.http.lib.StaticUserWebFilter$StaticUserFilter) to context static
2023-06-06 06:59:14,255 [main] INFO  http.HttpServer2 (HttpServer2.java:addFilter(1015)) - Added filter static_user_filter (class=org.apache.hadoop.http.lib.StaticUserWebFilter$StaticUserFilter) to context logs
2023-06-06 06:59:14,293 [main] INFO  http.BaseHttpServer (BaseHttpServer.java:<init>(190)) - HTTP server of scm uses base directory /home/runner/work/ozone/ozone/hadoop-ozone/integration-test/target/test-dir/MiniOzoneClusterImpl-8bad4e8b-826b-4b9b-92b9-e03c261c0494/ozone-meta/webserver
2023-06-06 06:59:14,294 [main] INFO  http.HttpServer2 (HttpServer2.java:bindListener(1250)) - Jetty bound to port 15003
2023-06-06 06:59:14,295 [main] INFO  server.Server (Server.java:doStart(375)) - jetty-9.4.51.v20230217; built: 2023-02-17T08:19:37.309Z; git: b45c405e4544384de066f814ed42ae3dceacdd49; jvm 1.8.0_372-b07
2023-06-06 06:59:14,322 [main] INFO  server.session (DefaultSessionIdManager.java:doStart(334)) - DefaultSessionIdManager workerName=node0
2023-06-06 06:59:14,322 [main] INFO  server.session (DefaultSessionIdManager.java:doStart(339)) - No SessionScavenger set, using defaults
2023-06-06 06:59:14,324 [main] INFO  server.session (HouseKeeper.java:startScavenging(132)) - node0 Scavenging every 600000ms
2023-06-06 06:59:14,334 [main] INFO  handler.ContextHandler (ContextHandler.java:doStart(921)) - Started o.e.j.s.ServletContextHandler@2862bac6{logs,/logs,file:///home/runner/work/ozone/ozone/hadoop-ozone/integration-test/target/log,AVAILABLE}
2023-06-06 06:59:14,334 [main] INFO  handler.ContextHandler (ContextHandler.java:doStart(921)) - Started o.e.j.s.ServletContextHandler@69b436a7{static,/static,file:///home/runner/work/ozone/ozone/hadoop-ozone/integration-test/target/test-classes/webapps/static,AVAILABLE}
2023-06-06 06:59:14,370 [main] INFO  handler.ContextHandler (ContextHandler.java:doStart(921)) - Started o.e.j.w.WebAppContext@31a9eaa{scm,/,file:///home/runner/work/ozone/ozone/hadoop-ozone/integration-test/target/test-classes/webapps/scm/,AVAILABLE}{file:/home/runner/work/ozone/ozone/hadoop-ozone/integration-test/target/test-classes/webapps/scm}
2023-06-06 06:59:14,378 [main] INFO  server.AbstractConnector (AbstractConnector.java:doStart(333)) - Started ServerConnector@72ea5674{HTTP/1.1, (http/1.1)}{0.0.0.0:15003}
2023-06-06 06:59:14,378 [main] INFO  server.Server (Server.java:doStart(415)) - Started @4500ms
2023-06-06 06:59:14,380 [main] INFO  impl.MetricsSinkAdapter (MetricsSinkAdapter.java:start(204)) - Sink prometheus started
2023-06-06 06:59:14,381 [main] INFO  impl.MetricsSystemImpl (MetricsSystemImpl.java:registerSink(305)) - Registered sink prometheus
2023-06-06 06:59:14,382 [main] INFO  http.BaseHttpServer (BaseHttpServer.java:updateConnectorAddress(344)) - HTTP server of scm listening at http://0.0.0.0:15003
2023-06-06 06:59:14,442 [main] INFO  audit.AuditLogger (AuditLogger.java:refreshDebugCmdSet(126)) - Refresh DebugCmdSet for OMAudit to [].
2023-06-06 06:59:14,518 [main] INFO  ha.OMHANodeDetails (OMHANodeDetails.java:loadOMHAConfig(121)) - ServiceID for OzoneManager is om-service-test1
2023-06-06 06:59:14,524 [main] INFO  ha.OMHANodeDetails (OMHANodeDetails.java:loadOMHAConfig(201)) - Found matching OM address with OMServiceId: om-service-test1, OMNodeId: omNode-1, RPC Address: localhost:15004 and Ratis port: 15007
2023-06-06 06:59:14,525 [main] INFO  ha.OMHANodeDetails (ConfUtils.java:setNodeSpecificConfigs(97)) - Setting configuration key ozone.om.http-address with value of key ozone.om.http-address.om-service-test1.omNode-1: 127.0.0.1:15005
2023-06-06 06:59:14,525 [main] INFO  ha.OMHANodeDetails (ConfUtils.java:setNodeSpecificConfigs(97)) - Setting configuration key ozone.om.https-address with value of key ozone.om.https-address.om-service-test1.omNode-1: 127.0.0.1:15006
2023-06-06 06:59:14,525 [main] INFO  ha.OMHANodeDetails (ConfUtils.java:setNodeSpecificConfigs(97)) - Setting configuration key ozone.om.address with value of key ozone.om.address.om-service-test1.omNode-1: 127.0.0.1:15004
2023-06-06 06:59:14,526 [main] WARN  server.ServerUtils (ServerUtils.java:getDBPath(311)) - ozone.om.db.dirs is not configured. We recommend adding this setting. Falling back to ozone.metadata.dirs instead.
2023-06-06 06:59:14,536 [main] INFO  proxy.SCMBlockLocationFailoverProxyProvider (SCMBlockLocationFailoverProxyProvider.java:<init>(114)) - Created block location fail-over proxy with 1 nodes: [nodeId=scmNodeId,nodeAddress=/0.0.0.0:15001]
OM initialization succeeded.Current cluster id for sd=/home/runner/work/ozone/ozone/hadoop-ozone/integration-test/target/test-dir/MiniOzoneClusterImpl-8bad4e8b-826b-4b9b-92b9-e03c261c0494/omNode-1/om;cid=8bad4e8b-826b-4b9b-92b9-e03c261c0494;layoutVersion=5
2023-06-06 06:59:14,758 [main] INFO  ha.OMHANodeDetails (OMHANodeDetails.java:loadOMHAConfig(121)) - ServiceID for OzoneManager is om-service-test1
2023-06-06 06:59:14,758 [main] INFO  ha.OMHANodeDetails (OMHANodeDetails.java:loadOMHAConfig(201)) - Found matching OM address with OMServiceId: om-service-test1, OMNodeId: omNode-1, RPC Address: localhost:15004 and Ratis port: 15007
2023-06-06 06:59:14,759 [main] INFO  ha.OMHANodeDetails (ConfUtils.java:setNodeSpecificConfigs(97)) - Setting configuration key ozone.om.http-address with value of key ozone.om.http-address.om-service-test1.omNode-1: 127.0.0.1:15005
2023-06-06 06:59:14,759 [main] INFO  ha.OMHANodeDetails (ConfUtils.java:setNodeSpecificConfigs(97)) - Setting configuration key ozone.om.https-address with value of key ozone.om.https-address.om-service-test1.omNode-1: 127.0.0.1:15006
2023-06-06 06:59:14,759 [main] INFO  ha.OMHANodeDetails (ConfUtils.java:setNodeSpecificConfigs(97)) - Setting configuration key ozone.om.address with value of key ozone.om.address.om-service-test1.omNode-1: 127.0.0.1:15004
2023-06-06 06:59:14,759 [main] WARN  server.ServerUtils (ServerUtils.java:getDBPath(311)) - ozone.om.db.dirs is not configured. We recommend adding this setting. Falling back to ozone.metadata.dirs instead.
2023-06-06 06:59:14,762 [main] INFO  upgrade.AbstractLayoutVersionManager (AbstractLayoutVersionManager.java:init(83)) - Initializing Layout version manager with metadata layout = FILESYSTEM_SNAPSHOT (version = 5), software layout = FILESYSTEM_SNAPSHOT (version = 5)
2023-06-06 06:59:14,864 [main] INFO  reflections.Reflections (Reflections.java:scan(232)) - Reflections took 99 ms to scan 2 urls, producing 178 keys and 491 values [using 2 cores]
2023-06-06 06:59:14,868 [main] INFO  upgrade.OMLayoutVersionManager (OMLayoutVersionManager.java:lambda$0(115)) - Skipping Upgrade Action MockOmUpgradeAction since it has been finalized.
2023-06-06 06:59:14,871 [main] WARN  server.ServerUtils (ServerUtils.java:getDBPath(311)) - ozone.om.db.dirs is not configured. We recommend adding this setting. Falling back to ozone.metadata.dirs instead.
2023-06-06 06:59:15,000 [main] INFO  proxy.SCMBlockLocationFailoverProxyProvider (SCMBlockLocationFailoverProxyProvider.java:<init>(114)) - Created block location fail-over proxy with 1 nodes: [nodeId=scmNodeId,nodeAddress=/0.0.0.0:15001]
2023-06-06 06:59:15,009 [main] INFO  proxy.SCMBlockLocationFailoverProxyProvider (SCMBlockLocationFailoverProxyProvider.java:<init>(114)) - Created block location fail-over proxy with 1 nodes: [nodeId=scmNodeId,nodeAddress=/0.0.0.0:15001]
2023-06-06 06:59:15,033 [main] INFO  om.OzoneManager (OzoneManager.java:<init>(642)) - OM start with adminUsers: [*, runner]
2023-06-06 06:59:15,046 [main] WARN  server.ServerUtils (ServerUtils.java:getDBPath(311)) - ozone.om.db.dirs is not configured. We recommend adding this setting. Falling back to ozone.metadata.dirs instead.
2023-06-06 06:59:15,074 [main] INFO  helpers.OmKeyInfo (OmKeyInfo.java:getCodec(71)) - OmKeyInfo.getCodec ignorePipeline = true
2023-06-06 06:59:15,353 [main] INFO  om.OzoneManager (OzoneManager.java:instantiateServices(771)) - S3 Multi-Tenancy is disabled
2023-06-06 06:59:15,382 [main] INFO  om.OmSnapshotManager (OmSnapshotManager.java:<init>(170)) - Ozone filesystem snapshot feature is enabled.
2023-06-06 06:59:15,390 [main] WARN  server.ServerUtils (ServerUtils.java:getDBPath(311)) - ozone.om.snapshot.diff.db.dir is not configured. We recommend adding this setting. Falling back to ozone.metadata.dirs instead.
2023-06-06 06:59:15,437 [main] INFO  utils.NativeLibraryLoader (NativeLibraryLoader.java:loadLibrary(103)) - Loading Library: ozone_rocksdb_tools
2023-06-06 06:59:15,501 [main] INFO  om.OzoneManager (OzoneManager.java:addS3GVolumeToDB(4248)) - Created Volume s3v With Owner runner required for S3Gateway operations.
2023-06-06 06:59:15,566 [main] WARN  server.ServerUtils (ServerUtils.java:getDefaultRatisDirectory(323)) - Storage directory for Ratis is not configured. It is a good idea to map this to an SSD disk. Falling back to ozone.metadata.dirs
2023-06-06 06:59:15,567 [main] WARN  utils.OzoneManagerRatisUtils (OzoneManagerRatisUtils.java:getOMRatisSnapshotDirectory(461)) - ozone.om.ratis.snapshot.dir is not configured. Falling back to ozone.metadata.dirs config
2023-06-06 06:59:15,591 [main] INFO  utils.RDBSnapshotProvider (RDBSnapshotProvider.java:init(83)) - Cleaning up the candidate dir: /home/runner/work/ozone/ozone/hadoop-ozone/integration-test/target/test-dir/MiniOzoneClusterImpl-8bad4e8b-826b-4b9b-92b9-e03c261c0494/omNode-1/snapshot/om.db.candidate
2023-06-06 06:59:15,592 [main] INFO  ratis_snapshot.OmRatisSnapshotProvider (OmRatisSnapshotProvider.java:<init>(84)) - Initializing OM Snapshot Provider
2023-06-06 06:59:15,733 [main] WARN  server.ServerUtils (ServerUtils.java:getDefaultRatisDirectory(323)) - Storage directory for Ratis is not configured. It is a good idea to map this to an SSD disk. Falling back to ozone.metadata.dirs
2023-06-06 06:59:15,758 [main] INFO  ratis.OzoneManagerRatisServer (OzoneManagerRatisServer.java:<init>(163)) - Instantiating OM Ratis server with groupID: om-service-test1 and peers: localhost:15007, localhost:15015, localhost:15011
2023-06-06 06:59:15,767 [main] INFO  ratis.OzoneManagerStateMachine (OzoneManagerStateMachine.java:loadSnapshotInfoFromDB(670)) - LastAppliedIndex is set from TransactionInfo from OM DB as (t:0, i:~)
2023-06-06 06:59:15,826 [main] INFO  server.RaftServer (ConfUtils.java:logGet(46)) - raft.rpc.type = GRPC (default)
2023-06-06 06:59:15,836 [main] INFO  grpc.GrpcConfigKeys (ConfUtils.java:logFallback(53)) - raft.grpc.admin.host = null (fallback to raft.grpc.server.host)
2023-06-06 06:59:15,838 [main] INFO  grpc.GrpcConfigKeys (ConfUtils.java:logFallback(53)) - raft.grpc.admin.port = 15007 (fallback to raft.grpc.server.port)
2023-06-06 06:59:15,839 [main] INFO  grpc.GrpcConfigKeys (ConfUtils.java:logFallback(53)) - raft.grpc.client.host = null (fallback to raft.grpc.server.host)
2023-06-06 06:59:15,839 [main] INFO  grpc.GrpcConfigKeys (ConfUtils.java:logFallback(53)) - raft.grpc.client.port = 15007 (fallback to raft.grpc.server.port)
2023-06-06 06:59:15,839 [main] INFO  grpc.GrpcConfigKeys (ConfUtils.java:logGet(46)) - raft.grpc.server.host = null (default)
2023-06-06 06:59:15,840 [main] INFO  grpc.GrpcConfigKeys (ConfUtils.java:logGet(46)) - raft.grpc.server.port = 15007 (custom)
2023-06-06 06:59:15,840 [main] INFO  server.GrpcService (ConfUtils.java:logGet(46)) - raft.grpc.message.size.max = 33554432 (custom)
2023-06-06 06:59:15,842 [main] INFO  server.RaftServerConfigKeys (ConfUtils.java:logGet(46)) - raft.server.log.appender.buffer.byte-limit = 33554432 (custom)
2023-06-06 06:59:15,842 [main] INFO  server.GrpcService (ConfUtils.java:logGet(46)) - raft.grpc.flow.control.window = 1MB (=1048576) (default)
2023-06-06 06:59:15,843 [main] INFO  server.RaftServerConfigKeys (ConfUtils.java:logGet(46)) - raft.server.rpc.request.timeout = 3000ms (default)
2023-06-06 06:59:15,854 [main] INFO  grpc.GrpcConfigKeys (ConfUtils.java:logGet(46)) - raft.grpc.server.heartbeat.channel = true (default)
2023-06-06 06:59:15,859 [main] INFO  grpc.GrpcConfigKeys (ConfUtils.java:logGet(46)) - raft.grpc.server.async.request.thread.pool.cached = true (default)
2023-06-06 06:59:15,860 [main] INFO  grpc.GrpcConfigKeys (ConfUtils.java:logGet(46)) - raft.grpc.server.async.request.thread.pool.size = 32 (default)
2023-06-06 06:59:16,184 [main] INFO  impl.DataStreamServerImpl (ConfUtils.java:logGet(46)) - raft.datastream.type = DISABLED (default)
2023-06-06 06:59:16,189 [main] INFO  server.RaftServerConfigKeys (ConfUtils.java:logGet(46)) - raft.server.threadpool.proxy.cached = true (default)
2023-06-06 06:59:16,190 [main] INFO  server.RaftServerConfigKeys (ConfUtils.java:logGet(46)) - raft.server.threadpool.proxy.size = 0 (default)
2023-06-06 06:59:16,190 [main] INFO  server.RaftServerConfigKeys (ConfUtils.java:logGet(46)) - raft.server.rpc.slowness.timeout = 2s (custom)
2023-06-06 06:59:16,190 [main] INFO  server.RaftServerConfigKeys (ConfUtils.java:logGet(46)) - raft.server.leaderelection.leader.step-down.wait-time = 10s (default)
2023-06-06 06:59:16,192 [main] INFO  server.RaftServerConfigKeys (ConfUtils.java:logGet(46)) - raft.server.storage.dir = [/home/runner/work/ozone/ozone/hadoop-ozone/integration-test/target/test-dir/MiniOzoneClusterImpl-8bad4e8b-826b-4b9b-92b9-e03c261c0494/omNode-1/ratis] (custom)
2023-06-06 06:59:16,200 [main] INFO  server.RaftServer (RaftServerProxy.java:addNew(98)) - omNode-1: addNew group-523986131536:[omNode-3|rpc:localhost:15015|priority:0|startupRole:FOLLOWER, omNode-1|rpc:localhost:15007|priority:0|startupRole:FOLLOWER, omNode-2|rpc:localhost:15011|priority:0|startupRole:FOLLOWER] returns group-523986131536:java.util.concurrent.CompletableFuture@22e7efe[Not completed]
2023-06-06 06:59:16,201 [main] INFO  om.OzoneManager (OzoneManager.java:initializeRatisServer(2106)) - OzoneManager Ratis server initialized at port 15007
2023-06-06 06:59:16,204 [main] INFO  om.OzoneManager (OzoneManager.java:getRpcServer(1165)) - Creating RPC Server
2023-06-06 06:59:16,227 [omNode-1-groupManagement] INFO  server.RaftServer$Division (RaftServerImpl.java:<init>(198)) - omNode-1: new RaftServerImpl for group-523986131536:[omNode-3|rpc:localhost:15015|priority:0|startupRole:FOLLOWER, omNode-1|rpc:localhost:15007|priority:0|startupRole:FOLLOWER, omNode-2|rpc:localhost:15011|priority:0|startupRole:FOLLOWER] with OzoneManagerStateMachine:uninitialized
2023-06-06 06:59:16,228 [omNode-1-groupManagement] INFO  server.RaftServerConfigKeys (ConfUtils.java:logGet(46)) - raft.server.rpc.timeout.min = 1s (custom)
2023-06-06 06:59:16,228 [omNode-1-groupManagement] INFO  server.RaftServerConfigKeys (ConfUtils.java:logGet(46)) - raft.server.rpc.timeout.max = 1200ms (custom)
2023-06-06 06:59:16,229 [omNode-1-groupManagement] INFO  server.RaftServerConfigKeys (ConfUtils.java:logGet(46)) - raft.server.rpc.sleep.time = 25ms (default)
2023-06-06 06:59:16,229 [omNode-1-groupManagement] INFO  server.RaftServerConfigKeys (ConfUtils.java:logGet(46)) - raft.server.rpc.slowness.timeout = 2s (custom)
2023-06-06 06:59:16,229 [omNode-1-groupManagement] INFO  server.RaftServerConfigKeys (ConfUtils.java:logGet(46)) - raft.server.leaderelection.leader.step-down.wait-time = 10s (default)
2023-06-06 06:59:16,229 [omNode-1-groupManagement] INFO  server.RaftServerConfigKeys (ConfUtils.java:logGet(46)) - raft.server.sleep.deviation.threshold = 300ms (default)
2023-06-06 06:59:16,241 [omNode-1-groupManagement] INFO  server.RaftServer$Division (ServerState.java:<init>(120)) - omNode-1@group-523986131536: ConfigurationManager, init=-1: peers:[omNode-3|rpc:localhost:15015|priority:0|startupRole:FOLLOWER, omNode-1|rpc:localhost:15007|priority:0|startupRole:FOLLOWER, omNode-2|rpc:localhost:15011|priority:0|startupRole:FOLLOWER]|listeners:[], old=null, confs=<EMPTY_MAP>
2023-06-06 06:59:16,241 [omNode-1-groupManagement] INFO  server.RaftServerConfigKeys (ConfUtils.java:logGet(46)) - raft.server.storage.dir = [/home/runner/work/ozone/ozone/hadoop-ozone/integration-test/target/test-dir/MiniOzoneClusterImpl-8bad4e8b-826b-4b9b-92b9-e03c261c0494/omNode-1/ratis] (custom)
2023-06-06 06:59:16,249 [omNode-1-groupManagement] INFO  server.RaftServerConfigKeys (ConfUtils.java:logGet(46)) - raft.server.log.corruption.policy = EXCEPTION (default)
2023-06-06 06:59:16,250 [omNode-1-groupManagement] INFO  server.RaftServerConfigKeys (ConfUtils.java:logGet(46)) - raft.server.storage.free-space.min = 0MB (=0) (default)
2023-06-06 06:59:16,263 [omNode-1-groupManagement] INFO  server.RaftServerConfigKeys (ConfUtils.java:logGet(46)) - raft.server.notification.no-leader.timeout = 2s (custom)
2023-06-06 06:59:16,269 [omNode-1-groupManagement] INFO  server.RaftServerConfigKeys (ConfUtils.java:logGet(46)) - raft.server.read.timeout = 10s (default)
2023-06-06 06:59:16,275 [omNode-1-groupManagement] INFO  server.RaftServerConfigKeys (ConfUtils.java:logGet(46)) - raft.server.retrycache.expirytime = 30000ms (custom)
2023-06-06 06:59:16,275 [omNode-1-groupManagement] INFO  server.RaftServerConfigKeys (ConfUtils.java:logGet(46)) - raft.server.retrycache.statistics.expirytime = 100μs (default)
2023-06-06 06:59:16,325 [omNode-1-groupManagement] INFO  server.RaftServerConfigKeys (ConfUtils.java:logGet(46)) - raft.server.read.option = DEFAULT (default)
2023-06-06 06:59:16,378 [omNode-1-groupManagement] INFO  server.RaftServerConfigKeys (ConfUtils.java:logGet(46)) - raft.server.rpc.request.timeout = 3000ms (default)
2023-06-06 06:59:16,382 [omNode-1-groupManagement] INFO  server.RaftServerConfigKeys (ConfUtils.java:logGet(46)) - raft.server.log.appender.install.snapshot.enabled = false (custom)
2023-06-06 06:59:16,382 [omNode-1-groupManagement] INFO  server.RaftServerConfigKeys (ConfUtils.java:logGet(46)) - raft.server.threadpool.server.cached = true (default)
2023-06-06 06:59:16,384 [omNode-1-groupManagement] INFO  server.RaftServerConfigKeys (ConfUtils.java:logGet(46)) - raft.server.threadpool.server.size = 0 (default)
2023-06-06 06:59:16,384 [omNode-1-groupManagement] INFO  server.RaftServerConfigKeys (ConfUtils.java:logGet(46)) - raft.server.threadpool.client.cached = true (default)
2023-06-06 06:59:16,385 [omNode-1-groupManagement] INFO  server.RaftServerConfigKeys (ConfUtils.java:logGet(46)) - raft.server.threadpool.client.size = 0 (default)
2023-06-06 06:59:16,881 [main] INFO  reflections.Reflections (Reflections.java:scan(232)) - Reflections took 596 ms to scan 19 urls, producing 69 keys and 5284 values [using 2 cores]
2023-06-06 06:59:17,049 [main] INFO  ipc.CallQueueManager (CallQueueManager.java:<init>(90)) - Using callQueue: class java.util.concurrent.LinkedBlockingQueue, queueCapacity: 2000, scheduler: class org.apache.hadoop.ipc.DefaultRpcScheduler, ipcBackoff: false.
2023-06-06 06:59:17,050 [Socket Reader #1 for port 15004] INFO  ipc.Server (Server.java:run(1319)) - Starting Socket Reader #1 for port 15004
2023-06-06 06:59:17,054 [Listener at 127.0.0.1/15004] INFO  hdds.HddsUtils (HddsUtils.java:preserveThreadName(843)) - Restoring thread name: main
2023-06-06 06:59:17,078 [main] INFO  impl.MetricsSystemImpl (MetricsSystemImpl.java:init(158)) - OzoneManager metrics system started (again)
2023-06-06 06:59:17,089 [main] INFO  om.OzoneManager (OzoneManager.java:start(1587)) - OzoneManager RPC server is listening at localhost/127.0.0.1:15004
2023-06-06 06:59:17,090 [main] INFO  ratis.OzoneManagerRatisServer (OzoneManagerRatisServer.java:start(558)) - Starting OzoneManagerRatisServer omNode-1 at port 15007
2023-06-06 06:59:17,092 [omNode-1-impl-thread1] INFO  storage.RaftStorageDirectory (RaftStorageDirectoryImpl.java:analyzeStorage(137)) - The storage directory /home/runner/work/ozone/ozone/hadoop-ozone/integration-test/target/test-dir/MiniOzoneClusterImpl-8bad4e8b-826b-4b9b-92b9-e03c261c0494/omNode-1/ratis/c9bc4cf4-3bc3-3c60-a66b-523986131536 does not exist. Creating ...
2023-06-06 06:59:17,096 [omNode-1-impl-thread1] INFO  storage.RaftStorageDirectory (RaftStorageDirectoryImpl.java:tryLock(231)) - Lock on /home/runner/work/ozone/ozone/hadoop-ozone/integration-test/target/test-dir/MiniOzoneClusterImpl-8bad4e8b-826b-4b9b-92b9-e03c261c0494/omNode-1/ratis/c9bc4cf4-3bc3-3c60-a66b-523986131536/in_use.lock acquired by nodename 5524@fv-az617-212
2023-06-06 06:59:17,101 [omNode-1-impl-thread1] INFO  storage.RaftStorage (RaftStorageImpl.java:format(96)) - Storage directory /home/runner/work/ozone/ozone/hadoop-ozone/integration-test/target/test-dir/MiniOzoneClusterImpl-8bad4e8b-826b-4b9b-92b9-e03c261c0494/omNode-1/ratis/c9bc4cf4-3bc3-3c60-a66b-523986131536 has been successfully formatted.
2023-06-06 06:59:17,104 [omNode-1-impl-thread1] INFO  server.RaftServerConfigKeys (ConfUtils.java:logGet(46)) - raft.server.log.use.memory = false (default)
2023-06-06 06:59:17,111 [omNode-1-impl-thread1] INFO  server.RaftServerConfigKeys (ConfUtils.java:logGet(46)) - raft.server.log.purge.gap = 50 (custom)
2023-06-06 06:59:17,112 [omNode-1-impl-thread1] INFO  server.RaftServerConfigKeys (ConfUtils.java:logGet(46)) - raft.server.log.appender.buffer.byte-limit = 33554432 (custom)
2023-06-06 06:59:17,113 [omNode-1-impl-thread1] INFO  server.RaftServerConfigKeys (ConfUtils.java:logGet(46)) - raft.server.log.statemachine.data.read.timeout = 1000ms (default)
2023-06-06 06:59:17,115 [omNode-1-impl-thread1] INFO  server.RaftServerConfigKeys (ConfUtils.java:logGet(46)) - raft.server.log.purge.preservation.log.num = 0 (default)
2023-06-06 06:59:17,118 [omNode-1-impl-thread1] INFO  server.RaftServerConfigKeys (ConfUtils.java:logGet(46)) - raft.server.log.segment.size.max = 4194304 (custom)
2023-06-06 06:59:17,123 [omNode-1-impl-thread1] INFO  server.RaftServerConfigKeys (ConfUtils.java:logGet(46)) - raft.server.log.segment.cache.num.max = 2 (custom)
2023-06-06 06:59:17,123 [omNode-1-impl-thread1] INFO  server.RaftServerConfigKeys (ConfUtils.java:logGet(46)) - raft.server.log.segment.cache.size.max = 200MB (=209715200) (default)
2023-06-06 06:59:17,123 [omNode-1-impl-thread1] INFO  server.RaftServerConfigKeys (ConfUtils.java:logGet(46)) - raft.server.log.appender.buffer.byte-limit = 33554432 (custom)
2023-06-06 06:59:17,129 [omNode-1-impl-thread1] INFO  segmented.SegmentedRaftLogWorker (SegmentedRaftLogWorker.java:<init>(188)) - new omNode-1@group-523986131536-SegmentedRaftLogWorker for RaftStorageImpl:Storage Directory /home/runner/work/ozone/ozone/hadoop-ozone/integration-test/target/test-dir/MiniOzoneClusterImpl-8bad4e8b-826b-4b9b-92b9-e03c261c0494/omNode-1/ratis/c9bc4cf4-3bc3-3c60-a66b-523986131536
2023-06-06 06:59:17,129 [omNode-1-impl-thread1] INFO  server.RaftServerConfigKeys (ConfUtils.java:logGet(46)) - raft.server.log.queue.byte-limit = 64MB (=67108864) (default)
2023-06-06 06:59:17,130 [omNode-1-impl-thread1] INFO  server.RaftServerConfigKeys (ConfUtils.java:logGet(46)) - raft.server.log.queue.element-limit = 4096 (default)
2023-06-06 06:59:17,131 [omNode-1-impl-thread1] INFO  server.RaftServerConfigKeys (ConfUtils.java:logGet(46)) - raft.server.log.segment.size.max = 4194304 (custom)
2023-06-06 06:59:17,131 [omNode-1-impl-thread1] INFO  server.RaftServerConfigKeys (ConfUtils.java:logGet(46)) - raft.server.log.preallocated.size = 4194304 (custom)
2023-06-06 06:59:17,131 [omNode-1-impl-thread1] INFO  server.RaftServerConfigKeys (ConfUtils.java:logGet(46)) - raft.server.log.force.sync.num = 128 (default)
2023-06-06 06:59:17,132 [omNode-1-impl-thread1] INFO  server.RaftServerConfigKeys (ConfUtils.java:logGet(46)) - raft.server.log.statemachine.data.sync = true (default)
2023-06-06 06:59:17,132 [omNode-1-impl-thread1] INFO  server.RaftServerConfigKeys (ConfUtils.java:logGet(46)) - raft.server.log.statemachine.data.sync.timeout = 10s (default)
2023-06-06 06:59:17,133 [omNode-1-impl-thread1] INFO  server.RaftServerConfigKeys (ConfUtils.java:logGet(46)) - raft.server.log.statemachine.data.sync.timeout.retry = -1 (default)
2023-06-06 06:59:17,143 [omNode-1-impl-thread1] INFO  server.RaftServerConfigKeys (ConfUtils.java:logGet(46)) - raft.server.log.write.buffer.size = 64KB (=65536) (default)
2023-06-06 06:59:17,143 [omNode-1-impl-thread1] INFO  server.RaftServerConfigKeys (ConfUtils.java:logGet(46)) - raft.server.log.appender.buffer.byte-limit = 33554432 (custom)
2023-06-06 06:59:17,148 [omNode-1-impl-thread1] INFO  server.RaftServerConfigKeys (ConfUtils.java:logGet(46)) - raft.server.log.unsafe-flush.enabled = false (default)
2023-06-06 06:59:17,148 [omNode-1-impl-thread1] INFO  server.RaftServerConfigKeys (ConfUtils.java:logGet(46)) - raft.server.log.async-flush.enabled = false (default)
2023-06-06 06:59:17,148 [omNode-1-impl-thread1] INFO  server.RaftServerConfigKeys (ConfUtils.java:logGet(46)) - raft.server.log.statemachine.data.caching.enabled = false (default)
2023-06-06 06:59:17,154 [omNode-1-impl-thread1] INFO  segmented.SegmentedRaftLogWorker (SegmentedRaftLogWorker.java:lambda$new$0(135)) - omNode-1@group-523986131536-SegmentedRaftLogWorker: flushIndex: setUnconditionally 0 -> -1
2023-06-06 06:59:17,154 [omNode-1-impl-thread1] INFO  segmented.SegmentedRaftLogWorker (SegmentedRaftLogWorker.java:lambda$new$0(135)) - omNode-1@group-523986131536-SegmentedRaftLogWorker: safeCacheEvictIndex: setUnconditionally 0 -> -1
2023-06-06 06:59:17,155 [omNode-1-impl-thread1] INFO  server.RaftServer$Division (RaftServerImpl.java:start(342)) - omNode-1@group-523986131536: start as a follower, conf=-1: peers:[omNode-3|rpc:localhost:15015|priority:0|startupRole:FOLLOWER, omNode-1|rpc:localhost:15007|priority:0|startupRole:FOLLOWER, omNode-2|rpc:localhost:15011|priority:0|startupRole:FOLLOWER]|listeners:[], old=null
2023-06-06 06:59:17,155 [omNode-1-impl-thread1] INFO  server.RaftServer$Division (RaftServerImpl.java:setRole(329)) - omNode-1@group-523986131536: changes role from      null to FOLLOWER at term 0 for startAsFollower
2023-06-06 06:59:17,158 [omNode-1-impl-thread1] INFO  impl.RoleInfo (RoleInfo.java:updateAndGet(139)) - omNode-1: start omNode-1@group-523986131536-FollowerState
2023-06-06 06:59:17,159 [omNode-1-impl-thread1] INFO  util.JmxRegister (JmxRegister.java:tryRegister(44)) - Successfully registered JMX Bean with object name Ratis:service=RaftServer,group=group-523986131536,id=omNode-1
2023-06-06 06:59:17,161 [omNode-1-impl-thread1] INFO  server.RaftServerConfigKeys (ConfUtils.java:logGet(46)) - raft.server.snapshot.auto.trigger.enabled = true (custom)
2023-06-06 06:59:17,162 [omNode-1-impl-thread1] INFO  server.RaftServerConfigKeys (ConfUtils.java:logGet(46)) - raft.server.snapshot.auto.trigger.threshold = 50 (custom)
2023-06-06 06:59:17,162 [omNode-1-impl-thread1] INFO  server.RaftServerConfigKeys (ConfUtils.java:logGet(46)) - raft.server.snapshot.retention.file.num = -1 (default)
2023-06-06 06:59:17,162 [omNode-1-impl-thread1] INFO  server.RaftServerConfigKeys (ConfUtils.java:logGet(46)) - raft.server.log.purge.upto.snapshot.index = true (custom)
2023-06-06 06:59:17,166 [omNode-1@group-523986131536-FollowerState] INFO  server.RaftServerConfigKeys (ConfUtils.java:logFallback(53)) - raft.server.rpc.first-election.timeout.min = 1s (fallback to raft.server.rpc.timeout.min)
2023-06-06 06:59:17,166 [omNode-1@group-523986131536-FollowerState] INFO  server.RaftServerConfigKeys (ConfUtils.java:logFallback(53)) - raft.server.rpc.first-election.timeout.max = 1200ms (fallback to raft.server.rpc.timeout.max)
2023-06-06 06:59:17,167 [main] INFO  server.RaftServer (RaftServerProxy.java:startImpl(400)) - omNode-1: start RPC server
2023-06-06 06:59:17,239 [main] INFO  server.GrpcService (GrpcService.java:startImpl(302)) - omNode-1: GrpcService started, listening on 15007
2023-06-06 06:59:17,242 [main] INFO  om.OzoneManager (OzoneManager.java:start(1603)) - Version File has different layout version (5) than OM DB (null). That is expected if this OM has never been finalized to a newer layout version.
2023-06-06 06:59:17,242 [JvmPauseMonitor1] INFO  util.JvmPauseMonitor (JvmPauseMonitor.java:run(103)) - JvmPauseMonitor-omNode-1: Started
2023-06-06 06:59:17,274 [main] INFO  http.BaseHttpServer (BaseHttpServer.java:newHttpServer2BuilderForOzone(224)) - Starting Web-server for ozoneManager at: http://0.0.0.0:15005
2023-06-06 06:59:17,274 [main] INFO  http.BaseHttpServer (BaseHttpServer.java:<init>(111)) - Hadoop Security Enabled: false Ozone Security Enabled: false Ozone HTTP Security Enabled: false 
2023-06-06 06:59:17,275 [main] WARN  server.AuthenticationFilter (AuthenticationFilter.java:constructSecretProvider(240)) - Unable to initialize FileSignerSecretProvider, falling back to use random secrets. Reason: Could not read signature secret file: /home/runner/hadoop-http-auth-signature-secret
2023-06-06 06:59:17,276 [main] INFO  http.HttpRequestLog (HttpRequestLog.java:getRequestLog(86)) - Http request log for http.requests.ozoneManager is not defined
2023-06-06 06:59:17,279 [main] INFO  http.HttpServer2 (HttpServer2.java:addGlobalFilter(1031)) - Added global filter 'safety' (class=org.apache.hadoop.hdds.server.http.HttpServer2$QuotingInputFilter)
2023-06-06 06:59:17,281 [main] INFO  http.HttpServer2 (HttpServer2.java:addFilter(1007)) - Added filter static_user_filter (class=org.apache.hadoop.http.lib.StaticUserWebFilter$StaticUserFilter) to context ozoneManager
2023-06-06 06:59:17,282 [main] INFO  http.HttpServer2 (HttpServer2.java:addFilter(1015)) - Added filter static_user_filter (class=org.apache.hadoop.http.lib.StaticUserWebFilter$StaticUserFilter) to context logs
2023-06-06 06:59:17,282 [main] INFO  http.HttpServer2 (HttpServer2.java:addFilter(1015)) - Added filter static_user_filter (class=org.apache.hadoop.http.lib.StaticUserWebFilter$StaticUserFilter) to context static
2023-06-06 06:59:17,284 [main] INFO  http.BaseHttpServer (BaseHttpServer.java:<init>(190)) - HTTP server of ozoneManager uses base directory /home/runner/work/ozone/ozone/hadoop-ozone/integration-test/target/test-dir/MiniOzoneClusterImpl-8bad4e8b-826b-4b9b-92b9-e03c261c0494/omNode-1/webserver
2023-06-06 06:59:17,287 [main] INFO  http.HttpServer2 (HttpServer2.java:bindListener(1250)) - Jetty bound to port 15005
2023-06-06 06:59:17,287 [main] INFO  server.Server (Server.java:doStart(375)) - jetty-9.4.51.v20230217; built: 2023-02-17T08:19:37.309Z; git: b45c405e4544384de066f814ed42ae3dceacdd49; jvm 1.8.0_372-b07
2023-06-06 06:59:17,293 [main] INFO  server.session (DefaultSessionIdManager.java:doStart(334)) - DefaultSessionIdManager workerName=node0
2023-06-06 06:59:17,293 [main] INFO  server.session (DefaultSessionIdManager.java:doStart(339)) - No SessionScavenger set, using defaults
2023-06-06 06:59:17,293 [main] INFO  server.session (HouseKeeper.java:startScavenging(132)) - node0 Scavenging every 600000ms
2023-06-06 06:59:17,296 [main] INFO  handler.ContextHandler (ContextHandler.java:doStart(921)) - Started o.e.j.s.ServletContextHandler@70ce5a0a{logs,/logs,file:///home/runner/work/ozone/ozone/hadoop-ozone/integration-test/target/log,AVAILABLE}
2023-06-06 06:59:17,297 [main] INFO  handler.ContextHandler (ContextHandler.java:doStart(921)) - Started o.e.j.s.ServletContextHandler@1477b4ab{static,/static,file:///home/runner/work/ozone/ozone/hadoop-ozone/integration-test/target/test-classes/webapps/static,AVAILABLE}
2023-06-06 06:59:17,302 [main] INFO  handler.ContextHandler (ContextHandler.java:doStart(921)) - Started o.e.j.w.WebAppContext@169d11c5{ozoneManager,/,file:///home/runner/work/ozone/ozone/hadoop-ozone/integration-test/target/test-classes/webapps/ozoneManager/,AVAILABLE}{file:/home/runner/work/ozone/ozone/hadoop-ozone/integration-test/target/test-classes/webapps/ozoneManager}
2023-06-06 06:59:17,304 [main] INFO  server.AbstractConnector (AbstractConnector.java:doStart(333)) - Started ServerConnector@5e698640{HTTP/1.1, (http/1.1)}{0.0.0.0:15005}
2023-06-06 06:59:17,304 [main] INFO  server.Server (Server.java:doStart(415)) - Started @7426ms
2023-06-06 06:59:17,304 [main] WARN  impl.MetricsSystemImpl (MetricsSystemImpl.java:register(279)) - Sink prometheus already exists!
2023-06-06 06:59:17,304 [main] INFO  http.BaseHttpServer (BaseHttpServer.java:updateConnectorAddress(344)) - HTTP server of ozoneManager listening at http://0.0.0.0:15005
2023-06-06 06:59:17,305 [IPC Server Responder] INFO  ipc.Server (Server.java:run(1558)) - IPC Server Responder: starting
2023-06-06 06:59:17,309 [IPC Server listener on 15004] INFO  ipc.Server (Server.java:run(1398)) - IPC Server listener on 15004: starting
2023-06-06 06:59:17,316 [main] INFO  om.OzoneManager (OzoneManager.java:startTrashEmptier(2059)) - Trash Interval set to 0. Files deleted won't move to trash
2023-06-06 06:59:17,318 [main] INFO  ozone.MiniOzoneHAClusterImpl (MiniOzoneHAClusterImpl.java:createOMService(503)) - Started OzoneManager omNode-1 RPC server at localhost/127.0.0.1:15004
2023-06-06 06:59:17,319 [main] INFO  ha.OMHANodeDetails (OMHANodeDetails.java:loadOMHAConfig(121)) - ServiceID for OzoneManager is om-service-test1
2023-06-06 06:59:17,319 [main] INFO  ha.OMHANodeDetails (OMHANodeDetails.java:loadOMHAConfig(201)) - Found matching OM address with OMServiceId: om-service-test1, OMNodeId: omNode-2, RPC Address: localhost:15008 and Ratis port: 15011
2023-06-06 06:59:17,319 [main] INFO  ha.OMHANodeDetails (ConfUtils.java:setNodeSpecificConfigs(97)) - Setting configuration key ozone.om.http-address with value of key ozone.om.http-address.om-service-test1.omNode-2: 127.0.0.1:15009
2023-06-06 06:59:17,319 [main] INFO  ha.OMHANodeDetails (ConfUtils.java:setNodeSpecificConfigs(97)) - Setting configuration key ozone.om.https-address with value of key ozone.om.https-address.om-service-test1.omNode-2: 127.0.0.1:15010
2023-06-06 06:59:17,320 [main] INFO  ha.OMHANodeDetails (ConfUtils.java:setNodeSpecificConfigs(97)) - Setting configuration key ozone.om.address with value of key ozone.om.address.om-service-test1.omNode-2: 127.0.0.1:15008
2023-06-06 06:59:17,320 [main] WARN  server.ServerUtils (ServerUtils.java:getDBPath(311)) - ozone.om.db.dirs is not configured. We recommend adding this setting. Falling back to ozone.metadata.dirs instead.
2023-06-06 06:59:17,322 [main] INFO  proxy.SCMBlockLocationFailoverProxyProvider (SCMBlockLocationFailoverProxyProvider.java:<init>(114)) - Created block location fail-over proxy with 1 nodes: [nodeId=scmNodeId,nodeAddress=/0.0.0.0:15001]
OM initialization succeeded.Current cluster id for sd=/home/runner/work/ozone/ozone/hadoop-ozone/integration-test/target/test-dir/MiniOzoneClusterImpl-8bad4e8b-826b-4b9b-92b9-e03c261c0494/omNode-2/om;cid=8bad4e8b-826b-4b9b-92b9-e03c261c0494;layoutVersion=5
2023-06-06 06:59:17,334 [main] INFO  ha.OMHANodeDetails (OMHANodeDetails.java:loadOMHAConfig(121)) - ServiceID for OzoneManager is om-service-test1
2023-06-06 06:59:17,335 [main] INFO  ha.OMHANodeDetails (OMHANodeDetails.java:loadOMHAConfig(201)) - Found matching OM address with OMServiceId: om-service-test1, OMNodeId: omNode-2, RPC Address: localhost:15008 and Ratis port: 15011
2023-06-06 06:59:17,335 [main] INFO  ha.OMHANodeDetails (ConfUtils.java:setNodeSpecificConfigs(97)) - Setting configuration key ozone.om.http-address with value of key ozone.om.http-address.om-service-test1.omNode-2: 127.0.0.1:15009
2023-06-06 06:59:17,335 [main] INFO  ha.OMHANodeDetails (ConfUtils.java:setNodeSpecificConfigs(97)) - Setting configuration key ozone.om.https-address with value of key ozone.om.https-address.om-service-test1.omNode-2: 127.0.0.1:15010
2023-06-06 06:59:17,335 [main] INFO  ha.OMHANodeDetails (ConfUtils.java:setNodeSpecificConfigs(97)) - Setting configuration key ozone.om.address with value of key ozone.om.address.om-service-test1.omNode-2: 127.0.0.1:15008
2023-06-06 06:59:17,335 [main] WARN  server.ServerUtils (ServerUtils.java:getDBPath(311)) - ozone.om.db.dirs is not configured. We recommend adding this setting. Falling back to ozone.metadata.dirs instead.
2023-06-06 06:59:17,338 [main] INFO  upgrade.AbstractLayoutVersionManager (AbstractLayoutVersionManager.java:init(83)) - Initializing Layout version manager with metadata layout = FILESYSTEM_SNAPSHOT (version = 5), software layout = FILESYSTEM_SNAPSHOT (version = 5)
2023-06-06 06:59:17,531 [main] INFO  reflections.Reflections (Reflections.java:scan(232)) - Reflections took 191 ms to scan 2 urls, producing 178 keys and 491 values [using 2 cores]
2023-06-06 06:59:17,532 [main] INFO  upgrade.OMLayoutVersionManager (OMLayoutVersionManager.java:lambda$0(115)) - Skipping Upgrade Action MockOmUpgradeAction since it has been finalized.
2023-06-06 06:59:17,532 [main] WARN  server.ServerUtils (ServerUtils.java:getDBPath(311)) - ozone.om.db.dirs is not configured. We recommend adding this setting. Falling back to ozone.metadata.dirs instead.
2023-06-06 06:59:17,533 [main] INFO  proxy.SCMBlockLocationFailoverProxyProvider (SCMBlockLocationFailoverProxyProvider.java:<init>(114)) - Created block location fail-over proxy with 1 nodes: [nodeId=scmNodeId,nodeAddress=/0.0.0.0:15001]
2023-06-06 06:59:17,535 [main] INFO  proxy.SCMBlockLocationFailoverProxyProvider (SCMBlockLocationFailoverProxyProvider.java:<init>(114)) - Created block location fail-over proxy with 1 nodes: [nodeId=scmNodeId,nodeAddress=/0.0.0.0:15001]
2023-06-06 06:59:17,551 [main] INFO  om.OzoneManager (OzoneManager.java:<init>(642)) - OM start with adminUsers: [*, runner]
2023-06-06 06:59:17,553 [main] WARN  server.ServerUtils (ServerUtils.java:getDBPath(311)) - ozone.om.db.dirs is not configured. We recommend adding this setting. Falling back to ozone.metadata.dirs instead.
2023-06-06 06:59:17,553 [main] INFO  helpers.OmKeyInfo (OmKeyInfo.java:getCodec(71)) - OmKeyInfo.getCodec ignorePipeline = true
2023-06-06 06:59:17,754 [main] INFO  om.OzoneManager (OzoneManager.java:instantiateServices(771)) - S3 Multi-Tenancy is disabled
2023-06-06 06:59:17,754 [main] INFO  om.OmSnapshotManager (OmSnapshotManager.java:<init>(170)) - Ozone filesystem snapshot feature is enabled.
2023-06-06 06:59:17,754 [main] WARN  server.ServerUtils (ServerUtils.java:getDBPath(311)) - ozone.om.snapshot.diff.db.dir is not configured. We recommend adding this setting. Falling back to ozone.metadata.dirs instead.
2023-06-06 06:59:17,796 [main] INFO  utils.NativeLibraryLoader (NativeLibraryLoader.java:loadLibrary(103)) - Loading Library: ozone_rocksdb_tools
2023-06-06 06:59:17,798 [main] INFO  om.OzoneManager (OzoneManager.java:addS3GVolumeToDB(4248)) - Created Volume s3v With Owner runner required for S3Gateway operations.
2023-06-06 06:59:17,799 [main] WARN  server.ServerUtils (ServerUtils.java:getDefaultRatisDirectory(323)) - Storage directory for Ratis is not configured. It is a good idea to map this to an SSD disk. Falling back to ozone.metadata.dirs
2023-06-06 06:59:17,799 [main] WARN  utils.OzoneManagerRatisUtils (OzoneManagerRatisUtils.java:getOMRatisSnapshotDirectory(461)) - ozone.om.ratis.snapshot.dir is not configured. Falling back to ozone.metadata.dirs config
2023-06-06 06:59:17,799 [main] INFO  utils.RDBSnapshotProvider (RDBSnapshotProvider.java:init(83)) - Cleaning up the candidate dir: /home/runner/work/ozone/ozone/hadoop-ozone/integration-test/target/test-dir/MiniOzoneClusterImpl-8bad4e8b-826b-4b9b-92b9-e03c261c0494/omNode-2/snapshot/om.db.candidate
2023-06-06 06:59:17,799 [main] INFO  ratis_snapshot.OmRatisSnapshotProvider (OmRatisSnapshotProvider.java:<init>(84)) - Initializing OM Snapshot Provider
2023-06-06 06:59:17,801 [main] WARN  impl.MetricRegistriesImpl (MetricRegistriesImpl.java:addReporterRegistration(111)) - New reporters are added after registries were created. Some metrics will be missing from the reporter. Please add reporter before adding any new registry.
2023-06-06 06:59:17,801 [main] WARN  impl.MetricRegistriesImpl (MetricRegistriesImpl.java:addReporterRegistration(111)) - New reporters are added after registries were created. Some metrics will be missing from the reporter. Please add reporter before adding any new registry.
2023-06-06 06:59:17,801 [main] WARN  server.ServerUtils (ServerUtils.java:getDefaultRatisDirectory(323)) - Storage directory for Ratis is not configured. It is a good idea to map this to an SSD disk. Falling back to ozone.metadata.dirs
2023-06-06 06:59:17,802 [main] INFO  ratis.OzoneManagerRatisServer (OzoneManagerRatisServer.java:<init>(163)) - Instantiating OM Ratis server with groupID: om-service-test1 and peers: localhost:15011, localhost:15015, localhost:15007
2023-06-06 06:59:17,803 [main] INFO  ratis.OzoneManagerStateMachine (OzoneManagerStateMachine.java:loadSnapshotInfoFromDB(670)) - LastAppliedIndex is set from TransactionInfo from OM DB as (t:0, i:~)
2023-06-06 06:59:17,803 [main] INFO  server.RaftServer (ConfUtils.java:logGet(46)) - raft.rpc.type = GRPC (default)
2023-06-06 06:59:17,804 [main] INFO  grpc.GrpcConfigKeys (ConfUtils.java:logFallback(53)) - raft.grpc.admin.host = null (fallback to raft.grpc.server.host)
2023-06-06 06:59:17,804 [main] INFO  grpc.GrpcConfigKeys (ConfUtils.java:logFallback(53)) - raft.grpc.admin.port = 15011 (fallback to raft.grpc.server.port)
2023-06-06 06:59:17,804 [main] INFO  grpc.GrpcConfigKeys (ConfUtils.java:logFallback(53)) - raft.grpc.client.host = null (fallback to raft.grpc.server.host)
2023-06-06 06:59:17,804 [main] INFO  grpc.GrpcConfigKeys (ConfUtils.java:logFallback(53)) - raft.grpc.client.port = 15011 (fallback to raft.grpc.server.port)
2023-06-06 06:59:17,804 [main] INFO  grpc.GrpcConfigKeys (ConfUtils.java:logGet(46)) - raft.grpc.server.host = null (default)
2023-06-06 06:59:17,804 [main] INFO  grpc.GrpcConfigKeys (ConfUtils.java:logGet(46)) - raft.grpc.server.port = 15011 (custom)
2023-06-06 06:59:17,804 [main] INFO  server.GrpcService (ConfUtils.java:logGet(46)) - raft.grpc.message.size.max = 33554432 (custom)
2023-06-06 06:59:17,805 [main] INFO  server.RaftServerConfigKeys (ConfUtils.java:logGet(46)) - raft.server.log.appender.buffer.byte-limit = 33554432 (custom)
2023-06-06 06:59:17,805 [main] INFO  server.GrpcService (ConfUtils.java:logGet(46)) - raft.grpc.flow.control.window = 1MB (=1048576) (default)
2023-06-06 06:59:17,805 [main] INFO  server.RaftServerConfigKeys (ConfUtils.java:logGet(46)) - raft.server.rpc.request.timeout = 3000ms (default)
2023-06-06 06:59:17,805 [main] INFO  grpc.GrpcConfigKeys (ConfUtils.java:logGet(46)) - raft.grpc.server.heartbeat.channel = true (default)
2023-06-06 06:59:17,805 [main] INFO  grpc.GrpcConfigKeys (ConfUtils.java:logGet(46)) - raft.grpc.server.async.request.thread.pool.cached = true (default)
2023-06-06 06:59:17,805 [main] INFO  grpc.GrpcConfigKeys (ConfUtils.java:logGet(46)) - raft.grpc.server.async.request.thread.pool.size = 32 (default)
2023-06-06 06:59:17,806 [main] INFO  impl.DataStreamServerImpl (ConfUtils.java:logGet(46)) - raft.datastream.type = DISABLED (default)
2023-06-06 06:59:17,806 [main] INFO  server.RaftServerConfigKeys (ConfUtils.java:logGet(46)) - raft.server.threadpool.proxy.cached = true (default)
2023-06-06 06:59:17,807 [main] INFO  server.RaftServerConfigKeys (ConfUtils.java:logGet(46)) - raft.server.threadpool.proxy.size = 0 (default)
2023-06-06 06:59:17,807 [main] INFO  server.RaftServerConfigKeys (ConfUtils.java:logGet(46)) - raft.server.rpc.slowness.timeout = 2s (custom)
2023-06-06 06:59:17,807 [main] INFO  server.RaftServerConfigKeys (ConfUtils.java:logGet(46)) - raft.server.leaderelection.leader.step-down.wait-time = 10s (default)
2023-06-06 06:59:17,807 [main] INFO  server.RaftServerConfigKeys (ConfUtils.java:logGet(46)) - raft.server.storage.dir = [/home/runner/work/ozone/ozone/hadoop-ozone/integration-test/target/test-dir/MiniOzoneClusterImpl-8bad4e8b-826b-4b9b-92b9-e03c261c0494/omNode-2/ratis] (custom)
2023-06-06 06:59:17,808 [main] INFO  server.RaftServer (RaftServerProxy.java:addNew(98)) - omNode-2: addNew group-523986131536:[omNode-3|rpc:localhost:15015|priority:0|startupRole:FOLLOWER, omNode-1|rpc:localhost:15007|priority:0|startupRole:FOLLOWER, omNode-2|rpc:localhost:15011|priority:0|startupRole:FOLLOWER] returns group-523986131536:java.util.concurrent.CompletableFuture@6a77fbc[Not completed]
2023-06-06 06:59:17,808 [main] INFO  om.OzoneManager (OzoneManager.java:initializeRatisServer(2106)) - OzoneManager Ratis server initialized at port 15011
2023-06-06 06:59:17,808 [main] INFO  om.OzoneManager (OzoneManager.java:getRpcServer(1165)) - Creating RPC Server
2023-06-06 06:59:17,809 [omNode-2-groupManagement] INFO  server.RaftServer$Division (RaftServerImpl.java:<init>(198)) - omNode-2: new RaftServerImpl for group-523986131536:[omNode-3|rpc:localhost:15015|priority:0|startupRole:FOLLOWER, omNode-1|rpc:localhost:15007|priority:0|startupRole:FOLLOWER, omNode-2|rpc:localhost:15011|priority:0|startupRole:FOLLOWER] with OzoneManagerStateMachine:uninitialized
2023-06-06 06:59:17,809 [omNode-2-groupManagement] INFO  server.RaftServerConfigKeys (ConfUtils.java:logGet(46)) - raft.server.rpc.timeout.min = 1s (custom)
2023-06-06 06:59:17,810 [omNode-2-groupManagement] INFO  server.RaftServerConfigKeys (ConfUtils.java:logGet(46)) - raft.server.rpc.timeout.max = 1200ms (custom)
2023-06-06 06:59:17,810 [omNode-2-groupManagement] INFO  server.RaftServerConfigKeys (ConfUtils.java:logGet(46)) - raft.server.rpc.sleep.time = 25ms (default)
2023-06-06 06:59:17,810 [omNode-2-groupManagement] INFO  server.RaftServerConfigKeys (ConfUtils.java:logGet(46)) - raft.server.rpc.slowness.timeout = 2s (custom)
2023-06-06 06:59:17,810 [omNode-2-groupManagement] INFO  server.RaftServerConfigKeys (ConfUtils.java:logGet(46)) - raft.server.leaderelection.leader.step-down.wait-time = 10s (default)
2023-06-06 06:59:17,810 [omNode-2-groupManagement] INFO  server.RaftServerConfigKeys (ConfUtils.java:logGet(46)) - raft.server.sleep.deviation.threshold = 300ms (default)
2023-06-06 06:59:17,810 [omNode-2-groupManagement] INFO  server.RaftServer$Division (ServerState.java:<init>(120)) - omNode-2@group-523986131536: ConfigurationManager, init=-1: peers:[omNode-3|rpc:localhost:15015|priority:0|startupRole:FOLLOWER, omNode-1|rpc:localhost:15007|priority:0|startupRole:FOLLOWER, omNode-2|rpc:localhost:15011|priority:0|startupRole:FOLLOWER]|listeners:[], old=null, confs=<EMPTY_MAP>
2023-06-06 06:59:17,810 [omNode-2-groupManagement] INFO  server.RaftServerConfigKeys (ConfUtils.java:logGet(46)) - raft.server.storage.dir = [/home/runner/work/ozone/ozone/hadoop-ozone/integration-test/target/test-dir/MiniOzoneClusterImpl-8bad4e8b-826b-4b9b-92b9-e03c261c0494/omNode-2/ratis] (custom)
2023-06-06 06:59:17,810 [omNode-2-groupManagement] INFO  server.RaftServerConfigKeys (ConfUtils.java:logGet(46)) - raft.server.log.corruption.policy = EXCEPTION (default)
2023-06-06 06:59:17,810 [omNode-2-groupManagement] INFO  server.RaftServerConfigKeys (ConfUtils.java:logGet(46)) - raft.server.storage.free-space.min = 0MB (=0) (default)
2023-06-06 06:59:17,810 [omNode-2-groupManagement] INFO  server.RaftServerConfigKeys (ConfUtils.java:logGet(46)) - raft.server.notification.no-leader.timeout = 2s (custom)
2023-06-06 06:59:17,810 [omNode-2-groupManagement] INFO  server.RaftServerConfigKeys (ConfUtils.java:logGet(46)) - raft.server.read.timeout = 10s (default)
2023-06-06 06:59:17,810 [omNode-2-groupManagement] INFO  server.RaftServerConfigKeys (ConfUtils.java:logGet(46)) - raft.server.retrycache.expirytime = 30000ms (custom)
2023-06-06 06:59:17,811 [omNode-2-groupManagement] INFO  server.RaftServerConfigKeys (ConfUtils.java:logGet(46)) - raft.server.retrycache.statistics.expirytime = 100μs (default)
2023-06-06 06:59:17,811 [omNode-2-groupManagement] INFO  server.RaftServerConfigKeys (ConfUtils.java:logGet(46)) - raft.server.read.option = DEFAULT (default)
2023-06-06 06:59:17,812 [omNode-2-groupManagement] INFO  server.RaftServerConfigKeys (ConfUtils.java:logGet(46)) - raft.server.rpc.request.timeout = 3000ms (default)
2023-06-06 06:59:17,812 [omNode-2-groupManagement] INFO  server.RaftServerConfigKeys (ConfUtils.java:logGet(46)) - raft.server.log.appender.install.snapshot.enabled = false (custom)
2023-06-06 06:59:17,812 [omNode-2-groupManagement] INFO  server.RaftServerConfigKeys (ConfUtils.java:logGet(46)) - raft.server.threadpool.server.cached = true (default)
2023-06-06 06:59:17,812 [omNode-2-groupManagement] INFO  server.RaftServerConfigKeys (ConfUtils.java:logGet(46)) - raft.server.threadpool.server.size = 0 (default)
2023-06-06 06:59:17,812 [omNode-2-groupManagement] INFO  server.RaftServerConfigKeys (ConfUtils.java:logGet(46)) - raft.server.threadpool.client.cached = true (default)
2023-06-06 06:59:17,812 [omNode-2-groupManagement] INFO  server.RaftServerConfigKeys (ConfUtils.java:logGet(46)) - raft.server.threadpool.client.size = 0 (default)
2023-06-06 06:59:18,253 [omNode-1@group-523986131536-FollowerState] INFO  impl.FollowerState (FollowerState.java:run(143)) - omNode-1@group-523986131536-FollowerState: change to CANDIDATE, lastRpcElapsedTime:1094430835ns, electionTimeout:1085ms
2023-06-06 06:59:18,254 [omNode-1@group-523986131536-FollowerState] INFO  impl.RoleInfo (RoleInfo.java:shutdownFollowerState(110)) - omNode-1: shutdown omNode-1@group-523986131536-FollowerState
2023-06-06 06:59:18,255 [omNode-1@group-523986131536-FollowerState] INFO  server.RaftServer$Division (RaftServerImpl.java:setRole(329)) - omNode-1@group-523986131536: changes role from  FOLLOWER to CANDIDATE at term 0 for changeToCandidate
2023-06-06 06:59:18,257 [omNode-1@group-523986131536-FollowerState] INFO  server.RaftServerConfigKeys (ConfUtils.java:logGet(46)) - raft.server.leaderelection.pre-vote = true (default)
2023-06-06 06:59:18,257 [omNode-1@group-523986131536-FollowerState] INFO  impl.RoleInfo (RoleInfo.java:updateAndGet(139)) - omNode-1: start omNode-1@group-523986131536-LeaderElection1
2023-06-06 06:59:18,280 [omNode-1@group-523986131536-LeaderElection1] INFO  impl.LeaderElection (LeaderElection.java:askForVotes(321)) - omNode-1@group-523986131536-LeaderElection1 PRE_VOTE round 0: submit vote requests at term 0 for -1: peers:[omNode-3|rpc:localhost:15015|priority:0|startupRole:FOLLOWER, omNode-1|rpc:localhost:15007|priority:0|startupRole:FOLLOWER, omNode-2|rpc:localhost:15011|priority:0|startupRole:FOLLOWER]|listeners:[], old=null
2023-06-06 06:59:18,312 [main] INFO  reflections.Reflections (Reflections.java:scan(232)) - Reflections took 503 ms to scan 19 urls, producing 69 keys and 5284 values [using 2 cores]
2023-06-06 06:59:18,314 [main] INFO  ipc.CallQueueManager (CallQueueManager.java:<init>(90)) - Using callQueue: class java.util.concurrent.LinkedBlockingQueue, queueCapacity: 2000, scheduler: class org.apache.hadoop.ipc.DefaultRpcScheduler, ipcBackoff: false.
2023-06-06 06:59:18,316 [Socket Reader #1 for port 15008] INFO  ipc.Server (Server.java:run(1319)) - Starting Socket Reader #1 for port 15008
2023-06-06 06:59:18,322 [Listener at 127.0.0.1/15008] INFO  hdds.HddsUtils (HddsUtils.java:preserveThreadName(843)) - Restoring thread name: main
2023-06-06 06:59:18,328 [omNode-1@group-523986131536-LeaderElection1] INFO  server.RaftServerConfigKeys (ConfUtils.java:logFallback(53)) - raft.server.rpc.first-election.timeout.min = 1s (fallback to raft.server.rpc.timeout.min)
2023-06-06 06:59:18,329 [omNode-1@group-523986131536-LeaderElection1] INFO  server.RaftServerConfigKeys (ConfUtils.java:logFallback(53)) - raft.server.rpc.first-election.timeout.max = 1200ms (fallback to raft.server.rpc.timeout.max)
2023-06-06 06:59:18,338 [omNode-1@group-523986131536-LeaderElection1-1] INFO  server.GrpcServerProtocolClient (GrpcServerProtocolClient.java:<init>(65)) - Build channel for omNode-3
2023-06-06 06:59:18,341 [omNode-1@group-523986131536-LeaderElection1-2] INFO  server.GrpcServerProtocolClient (GrpcServerProtocolClient.java:<init>(65)) - Build channel for omNode-2
2023-06-06 06:59:18,356 [main] INFO  impl.MetricsSystemImpl (MetricsSystemImpl.java:init(158)) - OzoneManager metrics system started (again)
2023-06-06 06:59:18,381 [main] INFO  om.OzoneManager (OzoneManager.java:start(1587)) - OzoneManager RPC server is listening at localhost/127.0.0.1:15008
2023-06-06 06:59:18,382 [main] INFO  ratis.OzoneManagerRatisServer (OzoneManagerRatisServer.java:start(558)) - Starting OzoneManagerRatisServer omNode-2 at port 15011
2023-06-06 06:59:18,383 [omNode-2-impl-thread1] INFO  storage.RaftStorageDirectory (RaftStorageDirectoryImpl.java:analyzeStorage(137)) - The storage directory /home/runner/work/ozone/ozone/hadoop-ozone/integration-test/target/test-dir/MiniOzoneClusterImpl-8bad4e8b-826b-4b9b-92b9-e03c261c0494/omNode-2/ratis/c9bc4cf4-3bc3-3c60-a66b-523986131536 does not exist. Creating ...
2023-06-06 06:59:18,387 [omNode-2-impl-thread1] INFO  storage.RaftStorageDirectory (RaftStorageDirectoryImpl.java:tryLock(231)) - Lock on /home/runner/work/ozone/ozone/hadoop-ozone/integration-test/target/test-dir/MiniOzoneClusterImpl-8bad4e8b-826b-4b9b-92b9-e03c261c0494/omNode-2/ratis/c9bc4cf4-3bc3-3c60-a66b-523986131536/in_use.lock acquired by nodename 5524@fv-az617-212
2023-06-06 06:59:18,388 [omNode-2-impl-thread1] INFO  storage.RaftStorage (RaftStorageImpl.java:format(96)) - Storage directory /home/runner/work/ozone/ozone/hadoop-ozone/integration-test/target/test-dir/MiniOzoneClusterImpl-8bad4e8b-826b-4b9b-92b9-e03c261c0494/omNode-2/ratis/c9bc4cf4-3bc3-3c60-a66b-523986131536 has been successfully formatted.
2023-06-06 06:59:18,389 [omNode-2-impl-thread1] INFO  server.RaftServerConfigKeys (ConfUtils.java:logGet(46)) - raft.server.log.use.memory = false (default)
2023-06-06 06:59:18,389 [omNode-2-impl-thread1] INFO  server.RaftServerConfigKeys (ConfUtils.java:logGet(46)) - raft.server.log.purge.gap = 50 (custom)
2023-06-06 06:59:18,389 [omNode-2-impl-thread1] INFO  server.RaftServerConfigKeys (ConfUtils.java:logGet(46)) - raft.server.log.appender.buffer.byte-limit = 33554432 (custom)
2023-06-06 06:59:18,389 [omNode-2-impl-thread1] INFO  server.RaftServerConfigKeys (ConfUtils.java:logGet(46)) - raft.server.log.statemachine.data.read.timeout = 1000ms (default)
2023-06-06 06:59:18,389 [omNode-2-impl-thread1] INFO  server.RaftServerConfigKeys (ConfUtils.java:logGet(46)) - raft.server.log.purge.preservation.log.num = 0 (default)
2023-06-06 06:59:18,389 [omNode-2-impl-thread1] INFO  server.RaftServerConfigKeys (ConfUtils.java:logGet(46)) - raft.server.log.segment.size.max = 4194304 (custom)
2023-06-06 06:59:18,390 [omNode-2-impl-thread1] INFO  server.RaftServerConfigKeys (ConfUtils.java:logGet(46)) - raft.server.log.segment.cache.num.max = 2 (custom)
2023-06-06 06:59:18,390 [omNode-2-impl-thread1] INFO  server.RaftServerConfigKeys (ConfUtils.java:logGet(46)) - raft.server.log.segment.cache.size.max = 200MB (=209715200) (default)
2023-06-06 06:59:18,390 [omNode-2-impl-thread1] INFO  server.RaftServerConfigKeys (ConfUtils.java:logGet(46)) - raft.server.log.appender.buffer.byte-limit = 33554432 (custom)
2023-06-06 06:59:18,390 [omNode-2-impl-thread1] INFO  segmented.SegmentedRaftLogWorker (SegmentedRaftLogWorker.java:<init>(188)) - new omNode-2@group-523986131536-SegmentedRaftLogWorker for RaftStorageImpl:Storage Directory /home/runner/work/ozone/ozone/hadoop-ozone/integration-test/target/test-dir/MiniOzoneClusterImpl-8bad4e8b-826b-4b9b-92b9-e03c261c0494/omNode-2/ratis/c9bc4cf4-3bc3-3c60-a66b-523986131536
2023-06-06 06:59:18,391 [omNode-2-impl-thread1] INFO  server.RaftServerConfigKeys (ConfUtils.java:logGet(46)) - raft.server.log.queue.byte-limit = 64MB (=67108864) (default)
2023-06-06 06:59:18,392 [omNode-2-impl-thread1] INFO  server.RaftServerConfigKeys (ConfUtils.java:logGet(46)) - raft.server.log.queue.element-limit = 4096 (default)
2023-06-06 06:59:18,392 [omNode-2-impl-thread1] INFO  server.RaftServerConfigKeys (ConfUtils.java:logGet(46)) - raft.server.log.segment.size.max = 4194304 (custom)
2023-06-06 06:59:18,392 [omNode-2-impl-thread1] INFO  server.RaftServerConfigKeys (ConfUtils.java:logGet(46)) - raft.server.log.preallocated.size = 4194304 (custom)
2023-06-06 06:59:18,392 [omNode-2-impl-thread1] INFO  server.RaftServerConfigKeys (ConfUtils.java:logGet(46)) - raft.server.log.force.sync.num = 128 (default)
2023-06-06 06:59:18,392 [omNode-2-impl-thread1] INFO  server.RaftServerConfigKeys (ConfUtils.java:logGet(46)) - raft.server.log.statemachine.data.sync = true (default)
2023-06-06 06:59:18,392 [omNode-2-impl-thread1] INFO  server.RaftServerConfigKeys (ConfUtils.java:logGet(46)) - raft.server.log.statemachine.data.sync.timeout = 10s (default)
2023-06-06 06:59:18,392 [omNode-2-impl-thread1] INFO  server.RaftServerConfigKeys (ConfUtils.java:logGet(46)) - raft.server.log.statemachine.data.sync.timeout.retry = -1 (default)
2023-06-06 06:59:18,394 [omNode-2-impl-thread1] INFO  server.RaftServerConfigKeys (ConfUtils.java:logGet(46)) - raft.server.log.write.buffer.size = 64KB (=65536) (default)
2023-06-06 06:59:18,394 [omNode-2-impl-thread1] INFO  server.RaftServerConfigKeys (ConfUtils.java:logGet(46)) - raft.server.log.appender.buffer.byte-limit = 33554432 (custom)
2023-06-06 06:59:18,398 [omNode-2-impl-thread1] INFO  server.RaftServerConfigKeys (ConfUtils.java:logGet(46)) - raft.server.log.unsafe-flush.enabled = false (default)
2023-06-06 06:59:18,399 [omNode-2-impl-thread1] INFO  server.RaftServerConfigKeys (ConfUtils.java:logGet(46)) - raft.server.log.async-flush.enabled = false (default)
2023-06-06 06:59:18,399 [omNode-2-impl-thread1] INFO  server.RaftServerConfigKeys (ConfUtils.java:logGet(46)) - raft.server.log.statemachine.data.caching.enabled = false (default)
2023-06-06 06:59:18,399 [omNode-2-impl-thread1] INFO  segmented.SegmentedRaftLogWorker (SegmentedRaftLogWorker.java:lambda$new$0(135)) - omNode-2@group-523986131536-SegmentedRaftLogWorker: flushIndex: setUnconditionally 0 -> -1
2023-06-06 06:59:18,399 [omNode-2-impl-thread1] INFO  segmented.SegmentedRaftLogWorker (SegmentedRaftLogWorker.java:lambda$new$0(135)) - omNode-2@group-523986131536-SegmentedRaftLogWorker: safeCacheEvictIndex: setUnconditionally 0 -> -1
2023-06-06 06:59:18,399 [omNode-2-impl-thread1] INFO  server.RaftServer$Division (RaftServerImpl.java:start(342)) - omNode-2@group-523986131536: start as a follower, conf=-1: peers:[omNode-3|rpc:localhost:15015|priority:0|startupRole:FOLLOWER, omNode-1|rpc:localhost:15007|priority:0|startupRole:FOLLOWER, omNode-2|rpc:localhost:15011|priority:0|startupRole:FOLLOWER]|listeners:[], old=null
2023-06-06 06:59:18,405 [omNode-2-impl-thread1] INFO  server.RaftServer$Division (RaftServerImpl.java:setRole(329)) - omNode-2@group-523986131536: changes role from      null to FOLLOWER at term 0 for startAsFollower
2023-06-06 06:59:18,409 [omNode-2-impl-thread1] INFO  impl.RoleInfo (RoleInfo.java:updateAndGet(139)) - omNode-2: start omNode-2@group-523986131536-FollowerState
2023-06-06 06:59:18,413 [omNode-2-impl-thread1] INFO  util.JmxRegister (JmxRegister.java:tryRegister(44)) - Successfully registered JMX Bean with object name Ratis:service=RaftServer,group=group-523986131536,id=omNode-2
2023-06-06 06:59:18,415 [omNode-2-impl-thread1] INFO  server.RaftServerConfigKeys (ConfUtils.java:logGet(46)) - raft.server.snapshot.auto.trigger.enabled = true (custom)
2023-06-06 06:59:18,415 [omNode-2-impl-thread1] INFO  server.RaftServerConfigKeys (ConfUtils.java:logGet(46)) - raft.server.snapshot.auto.trigger.threshold = 50 (custom)
2023-06-06 06:59:18,415 [omNode-2-impl-thread1] INFO  server.RaftServerConfigKeys (ConfUtils.java:logGet(46)) - raft.server.snapshot.retention.file.num = -1 (default)
2023-06-06 06:59:18,415 [omNode-2-impl-thread1] INFO  server.RaftServerConfigKeys (ConfUtils.java:logGet(46)) - raft.server.log.purge.upto.snapshot.index = true (custom)
2023-06-06 06:59:18,416 [main] INFO  server.RaftServer (RaftServerProxy.java:startImpl(400)) - omNode-2: start RPC server
2023-06-06 06:59:18,420 [omNode-2@group-523986131536-FollowerState] INFO  server.RaftServerConfigKeys (ConfUtils.java:logFallback(53)) - raft.server.rpc.first-election.timeout.min = 1s (fallback to raft.server.rpc.timeout.min)
2023-06-06 06:59:18,420 [omNode-2@group-523986131536-FollowerState] INFO  server.RaftServerConfigKeys (ConfUtils.java:logFallback(53)) - raft.server.rpc.first-election.timeout.max = 1200ms (fallback to raft.server.rpc.timeout.max)
2023-06-06 06:59:18,422 [main] INFO  server.GrpcService (GrpcService.java:startImpl(302)) - omNode-2: GrpcService started, listening on 15011
2023-06-06 06:59:18,424 [main] INFO  om.OzoneManager (OzoneManager.java:start(1603)) - Version File has different layout version (5) than OM DB (null). That is expected if this OM has never been finalized to a newer layout version.
2023-06-06 06:59:18,425 [JvmPauseMonitor2] INFO  util.JvmPauseMonitor (JvmPauseMonitor.java:run(103)) - JvmPauseMonitor-omNode-2: Started
2023-06-06 06:59:18,442 [main] INFO  http.BaseHttpServer (BaseHttpServer.java:newHttpServer2BuilderForOzone(224)) - Starting Web-server for ozoneManager at: http://0.0.0.0:15009
2023-06-06 06:59:18,442 [main] INFO  http.BaseHttpServer (BaseHttpServer.java:<init>(111)) - Hadoop Security Enabled: false Ozone Security Enabled: false Ozone HTTP Security Enabled: false 
2023-06-06 06:59:18,443 [main] WARN  server.AuthenticationFilter (AuthenticationFilter.java:constructSecretProvider(240)) - Unable to initialize FileSignerSecretProvider, falling back to use random secrets. Reason: Could not read signature secret file: /home/runner/hadoop-http-auth-signature-secret
2023-06-06 06:59:18,444 [main] INFO  http.HttpRequestLog (HttpRequestLog.java:getRequestLog(86)) - Http request log for http.requests.ozoneManager is not defined
2023-06-06 06:59:18,446 [main] INFO  http.HttpServer2 (HttpServer2.java:addGlobalFilter(1031)) - Added global filter 'safety' (class=org.apache.hadoop.hdds.server.http.HttpServer2$QuotingInputFilter)
2023-06-06 06:59:18,447 [main] INFO  http.HttpServer2 (HttpServer2.java:addFilter(1007)) - Added filter static_user_filter (class=org.apache.hadoop.http.lib.StaticUserWebFilter$StaticUserFilter) to context ozoneManager
2023-06-06 06:59:18,447 [main] INFO  http.HttpServer2 (HttpServer2.java:addFilter(1015)) - Added filter static_user_filter (class=org.apache.hadoop.http.lib.StaticUserWebFilter$StaticUserFilter) to context logs
2023-06-06 06:59:18,447 [main] INFO  http.HttpServer2 (HttpServer2.java:addFilter(1015)) - Added filter static_user_filter (class=org.apache.hadoop.http.lib.StaticUserWebFilter$StaticUserFilter) to context static
2023-06-06 06:59:18,448 [main] INFO  http.BaseHttpServer (BaseHttpServer.java:<init>(190)) - HTTP server of ozoneManager uses base directory /home/runner/work/ozone/ozone/hadoop-ozone/integration-test/target/test-dir/MiniOzoneClusterImpl-8bad4e8b-826b-4b9b-92b9-e03c261c0494/omNode-2/webserver
2023-06-06 06:59:18,450 [main] INFO  http.HttpServer2 (HttpServer2.java:bindListener(1250)) - Jetty bound to port 15009
2023-06-06 06:59:18,451 [main] INFO  server.Server (Server.java:doStart(375)) - jetty-9.4.51.v20230217; built: 2023-02-17T08:19:37.309Z; git: b45c405e4544384de066f814ed42ae3dceacdd49; jvm 1.8.0_372-b07
2023-06-06 06:59:18,452 [main] INFO  server.session (DefaultSessionIdManager.java:doStart(334)) - DefaultSessionIdManager workerName=node0
2023-06-06 06:59:18,452 [main] INFO  server.session (DefaultSessionIdManager.java:doStart(339)) - No SessionScavenger set, using defaults
2023-06-06 06:59:18,452 [main] INFO  server.session (HouseKeeper.java:startScavenging(132)) - node0 Scavenging every 660000ms
2023-06-06 06:59:18,453 [main] INFO  handler.ContextHandler (ContextHandler.java:doStart(921)) - Started o.e.j.s.ServletContextHandler@54eb65bc{logs,/logs,file:///home/runner/work/ozone/ozone/hadoop-ozone/integration-test/target/log,AVAILABLE}
2023-06-06 06:59:18,454 [main] INFO  handler.ContextHandler (ContextHandler.java:doStart(921)) - Started o.e.j.s.ServletContextHandler@90967b3{static,/static,file:///home/runner/work/ozone/ozone/hadoop-ozone/integration-test/target/test-classes/webapps/static,AVAILABLE}
2023-06-06 06:59:18,457 [main] INFO  handler.ContextHandler (ContextHandler.java:doStart(921)) - Started o.e.j.w.WebAppContext@66a2f0f1{ozoneManager,/,file:///home/runner/work/ozone/ozone/hadoop-ozone/integration-test/target/test-classes/webapps/ozoneManager/,AVAILABLE}{file:/home/runner/work/ozone/ozone/hadoop-ozone/integration-test/target/test-classes/webapps/ozoneManager}
2023-06-06 06:59:18,478 [main] INFO  server.AbstractConnector (AbstractConnector.java:doStart(333)) - Started ServerConnector@6340fdbb{HTTP/1.1, (http/1.1)}{0.0.0.0:15009}
2023-06-06 06:59:18,478 [main] INFO  server.Server (Server.java:doStart(415)) - Started @8600ms
2023-06-06 06:59:18,478 [main] WARN  impl.MetricsSystemImpl (MetricsSystemImpl.java:register(279)) - Sink prometheus already exists!
2023-06-06 06:59:18,480 [main] INFO  http.BaseHttpServer (BaseHttpServer.java:updateConnectorAddress(344)) - HTTP server of ozoneManager listening at http://0.0.0.0:15009
2023-06-06 06:59:18,481 [IPC Server listener on 15008] INFO  ipc.Server (Server.java:run(1398)) - IPC Server listener on 15008: starting
2023-06-06 06:59:18,484 [IPC Server Responder] INFO  ipc.Server (Server.java:run(1558)) - IPC Server Responder: starting
2023-06-06 06:59:18,491 [main] INFO  om.OzoneManager (OzoneManager.java:startTrashEmptier(2059)) - Trash Interval set to 0. Files deleted won't move to trash
2023-06-06 06:59:18,491 [main] INFO  ozone.MiniOzoneHAClusterImpl (MiniOzoneHAClusterImpl.java:createOMService(503)) - Started OzoneManager omNode-2 RPC server at localhost/127.0.0.1:15008
2023-06-06 06:59:18,492 [main] INFO  ha.OMHANodeDetails (OMHANodeDetails.java:loadOMHAConfig(121)) - ServiceID for OzoneManager is om-service-test1
2023-06-06 06:59:18,493 [main] INFO  ha.OMHANodeDetails (OMHANodeDetails.java:loadOMHAConfig(201)) - Found matching OM address with OMServiceId: om-service-test1, OMNodeId: omNode-3, RPC Address: localhost:15012 and Ratis port: 15015
2023-06-06 06:59:18,493 [main] INFO  ha.OMHANodeDetails (ConfUtils.java:setNodeSpecificConfigs(97)) - Setting configuration key ozone.om.http-address with value of key ozone.om.http-address.om-service-test1.omNode-3: 127.0.0.1:15013
2023-06-06 06:59:18,493 [main] INFO  ha.OMHANodeDetails (ConfUtils.java:setNodeSpecificConfigs(97)) - Setting configuration key ozone.om.https-address with value of key ozone.om.https-address.om-service-test1.omNode-3: 127.0.0.1:15014
2023-06-06 06:59:18,493 [main] INFO  ha.OMHANodeDetails (ConfUtils.java:setNodeSpecificConfigs(97)) - Setting configuration key ozone.om.address with value of key ozone.om.address.om-service-test1.omNode-3: 127.0.0.1:15012
2023-06-06 06:59:18,502 [main] WARN  server.ServerUtils (ServerUtils.java:getDBPath(311)) - ozone.om.db.dirs is not configured. We recommend adding this setting. Falling back to ozone.metadata.dirs instead.
2023-06-06 06:59:18,510 [main] INFO  proxy.SCMBlockLocationFailoverProxyProvider (SCMBlockLocationFailoverProxyProvider.java:<init>(114)) - Created block location fail-over proxy with 1 nodes: [nodeId=scmNodeId,nodeAddress=/0.0.0.0:15001]
OM initialization succeeded.Current cluster id for sd=/home/runner/work/ozone/ozone/hadoop-ozone/integration-test/target/test-dir/MiniOzoneClusterImpl-8bad4e8b-826b-4b9b-92b9-e03c261c0494/omNode-3/om;cid=8bad4e8b-826b-4b9b-92b9-e03c261c0494;layoutVersion=5
2023-06-06 06:59:18,538 [main] INFO  ha.OMHANodeDetails (OMHANodeDetails.java:loadOMHAConfig(121)) - ServiceID for OzoneManager is om-service-test1
2023-06-06 06:59:18,539 [main] INFO  ha.OMHANodeDetails (OMHANodeDetails.java:loadOMHAConfig(201)) - Found matching OM address with OMServiceId: om-service-test1, OMNodeId: omNode-3, RPC Address: localhost:15012 and Ratis port: 15015
2023-06-06 06:59:18,539 [main] INFO  ha.OMHANodeDetails (ConfUtils.java:setNodeSpecificConfigs(97)) - Setting configuration key ozone.om.http-address with value of key ozone.om.http-address.om-service-test1.omNode-3: 127.0.0.1:15013
2023-06-06 06:59:18,539 [main] INFO  ha.OMHANodeDetails (ConfUtils.java:setNodeSpecificConfigs(97)) - Setting configuration key ozone.om.https-address with value of key ozone.om.https-address.om-service-test1.omNode-3: 127.0.0.1:15014
2023-06-06 06:59:18,539 [main] INFO  ha.OMHANodeDetails (ConfUtils.java:setNodeSpecificConfigs(97)) - Setting configuration key ozone.om.address with value of key ozone.om.address.om-service-test1.omNode-3: 127.0.0.1:15012
2023-06-06 06:59:18,539 [main] WARN  server.ServerUtils (ServerUtils.java:getDBPath(311)) - ozone.om.db.dirs is not configured. We recommend adding this setting. Falling back to ozone.metadata.dirs instead.
2023-06-06 06:59:18,541 [main] INFO  upgrade.AbstractLayoutVersionManager (AbstractLayoutVersionManager.java:init(83)) - Initializing Layout version manager with metadata layout = FILESYSTEM_SNAPSHOT (version = 5), software layout = FILESYSTEM_SNAPSHOT (version = 5)
2023-06-06 06:59:18,732 [omNode-1@group-523986131536-LeaderElection1] INFO  impl.LeaderElection (LogUtils.java:infoOrTrace(137)) - omNode-1@group-523986131536-LeaderElection1 got exception when requesting votes: java.util.concurrent.ExecutionException: org.apache.ratis.thirdparty.io.grpc.StatusRuntimeException: UNAVAILABLE: io exception
2023-06-06 06:59:18,736 [main] INFO  reflections.Reflections (Reflections.java:scan(232)) - Reflections took 193 ms to scan 2 urls, producing 178 keys and 491 values [using 2 cores]
2023-06-06 06:59:18,736 [main] INFO  upgrade.OMLayoutVersionManager (OMLayoutVersionManager.java:lambda$0(115)) - Skipping Upgrade Action MockOmUpgradeAction since it has been finalized.
2023-06-06 06:59:18,736 [main] WARN  server.ServerUtils (ServerUtils.java:getDBPath(311)) - ozone.om.db.dirs is not configured. We recommend adding this setting. Falling back to ozone.metadata.dirs instead.
2023-06-06 06:59:18,737 [main] INFO  proxy.SCMBlockLocationFailoverProxyProvider (SCMBlockLocationFailoverProxyProvider.java:<init>(114)) - Created block location fail-over proxy with 1 nodes: [nodeId=scmNodeId,nodeAddress=/0.0.0.0:15001]
2023-06-06 06:59:18,739 [main] INFO  proxy.SCMBlockLocationFailoverProxyProvider (SCMBlockLocationFailoverProxyProvider.java:<init>(114)) - Created block location fail-over proxy with 1 nodes: [nodeId=scmNodeId,nodeAddress=/0.0.0.0:15001]
2023-06-06 06:59:18,787 [main] INFO  om.OzoneManager (OzoneManager.java:<init>(642)) - OM start with adminUsers: [*, runner]
2023-06-06 06:59:18,788 [main] WARN  server.ServerUtils (ServerUtils.java:getDBPath(311)) - ozone.om.db.dirs is not configured. We recommend adding this setting. Falling back to ozone.metadata.dirs instead.
2023-06-06 06:59:18,789 [main] INFO  helpers.OmKeyInfo (OmKeyInfo.java:getCodec(71)) - OmKeyInfo.getCodec ignorePipeline = true
2023-06-06 06:59:18,802 [grpc-default-executor-0] INFO  server.RaftServer$Division (RaftServerImpl.java:requestVote(1302)) - omNode-2@group-523986131536: receive requestVote(PRE_VOTE, omNode-1, group-523986131536, 0, (t:0, i:~))
2023-06-06 06:59:18,804 [grpc-default-executor-0] INFO  impl.VoteContext (VoteContext.java:log(49)) - omNode-2@group-523986131536-FOLLOWER: accept PRE_VOTE from omNode-1: our priority 0 <= candidate's priority 0
2023-06-06 06:59:18,815 [grpc-default-executor-0] INFO  server.RaftServer$Division (RaftServerImpl.java:requestVote(1335)) - omNode-2@group-523986131536 replies to PRE_VOTE vote request: omNode-1<-omNode-2#0:OK-t0. Peer's state: omNode-2@group-523986131536:t0, leader=null, voted=, raftlog=Memoized:omNode-2@group-523986131536-SegmentedRaftLog:OPENED:c-1, conf=-1: peers:[omNode-3|rpc:localhost:15015|priority:0|startupRole:FOLLOWER, omNode-1|rpc:localhost:15007|priority:0|startupRole:FOLLOWER, omNode-2|rpc:localhost:15011|priority:0|startupRole:FOLLOWER]|listeners:[], old=null
2023-06-06 06:59:18,826 [omNode-1@group-523986131536-LeaderElection1] INFO  impl.LeaderElection (LeaderElection.java:logAndReturn(90)) - omNode-1@group-523986131536-LeaderElection1: PRE_VOTE PASSED received 1 response(s) and 1 exception(s):
2023-06-06 06:59:18,826 [omNode-1@group-523986131536-LeaderElection1] INFO  impl.LeaderElection (LeaderElection.java:logAndReturn(94)) -   Response 0: omNode-1<-omNode-2#0:OK-t0
2023-06-06 06:59:18,826 [omNode-1@group-523986131536-LeaderElection1] INFO  impl.LeaderElection (LogUtils.java:infoOrTrace(137)) -   Exception 1: java.util.concurrent.ExecutionException: org.apache.ratis.thirdparty.io.grpc.StatusRuntimeException: UNAVAILABLE: io exception
2023-06-06 06:59:18,827 [omNode-1@group-523986131536-LeaderElection1] INFO  impl.LeaderElection (LeaderElection.java:askForVotes(323)) - omNode-1@group-523986131536-LeaderElection1 PRE_VOTE round 0: result PASSED
2023-06-06 06:59:18,830 [omNode-1@group-523986131536-LeaderElection1] INFO  impl.LeaderElection (LeaderElection.java:askForVotes(321)) - omNode-1@group-523986131536-LeaderElection1 ELECTION round 0: submit vote requests at term 1 for -1: peers:[omNode-3|rpc:localhost:15015|priority:0|startupRole:FOLLOWER, omNode-1|rpc:localhost:15007|priority:0|startupRole:FOLLOWER, omNode-2|rpc:localhost:15011|priority:0|startupRole:FOLLOWER]|listeners:[], old=null
2023-06-06 06:59:18,835 [omNode-1@group-523986131536-LeaderElection1] INFO  server.RaftServerConfigKeys (ConfUtils.java:logFallback(53)) - raft.server.rpc.first-election.timeout.min = 1s (fallback to raft.server.rpc.timeout.min)
2023-06-06 06:59:18,835 [omNode-1@group-523986131536-LeaderElection1] INFO  server.RaftServerConfigKeys (ConfUtils.java:logFallback(53)) - raft.server.rpc.first-election.timeout.max = 1200ms (fallback to raft.server.rpc.timeout.max)
2023-06-06 06:59:18,835 [omNode-1@group-523986131536-LeaderElection1] INFO  impl.LeaderElection (LogUtils.java:infoOrTrace(137)) - omNode-1@group-523986131536-LeaderElection1 got exception when requesting votes: java.util.concurrent.ExecutionException: org.apache.ratis.thirdparty.io.grpc.StatusRuntimeException: UNAVAILABLE: io exception
2023-06-06 06:59:18,845 [grpc-default-executor-0] INFO  server.RaftServer$Division (RaftServerImpl.java:requestVote(1302)) - omNode-2@group-523986131536: receive requestVote(ELECTION, omNode-1, group-523986131536, 1, (t:0, i:~))
2023-06-06 06:59:18,847 [grpc-default-executor-0] INFO  impl.VoteContext (VoteContext.java:log(49)) - omNode-2@group-523986131536-FOLLOWER: accept ELECTION from omNode-1: our priority 0 <= candidate's priority 0
2023-06-06 06:59:18,847 [grpc-default-executor-0] INFO  server.RaftServer$Division (RaftServerImpl.java:setRole(329)) - omNode-2@group-523986131536: changes role from  FOLLOWER to FOLLOWER at term 1 for candidate:omNode-1
2023-06-06 06:59:18,847 [grpc-default-executor-0] INFO  impl.RoleInfo (RoleInfo.java:shutdownFollowerState(110)) - omNode-2: shutdown omNode-2@group-523986131536-FollowerState
2023-06-06 06:59:18,848 [grpc-default-executor-0] INFO  impl.RoleInfo (RoleInfo.java:updateAndGet(139)) - omNode-2: start omNode-2@group-523986131536-FollowerState
2023-06-06 06:59:18,847 [omNode-2@group-523986131536-FollowerState] INFO  impl.FollowerState (FollowerState.java:run(152)) - omNode-2@group-523986131536-FollowerState was interrupted
2023-06-06 06:59:18,858 [grpc-default-executor-0] INFO  server.RaftServer$Division (RaftServerImpl.java:requestVote(1335)) - omNode-2@group-523986131536 replies to ELECTION vote request: omNode-1<-omNode-2#0:OK-t1. Peer's state: omNode-2@group-523986131536:t1, leader=null, voted=omNode-1, raftlog=Memoized:omNode-2@group-523986131536-SegmentedRaftLog:OPENED:c-1, conf=-1: peers:[omNode-3|rpc:localhost:15015|priority:0|startupRole:FOLLOWER, omNode-1|rpc:localhost:15007|priority:0|startupRole:FOLLOWER, omNode-2|rpc:localhost:15011|priority:0|startupRole:FOLLOWER]|listeners:[], old=null
2023-06-06 06:59:18,862 [omNode-1@group-523986131536-LeaderElection1] INFO  impl.LeaderElection (LeaderElection.java:logAndReturn(90)) - omNode-1@group-523986131536-LeaderElection1: ELECTION PASSED received 1 response(s) and 1 exception(s):
2023-06-06 06:59:18,862 [omNode-1@group-523986131536-LeaderElection1] INFO  impl.LeaderElection (LeaderElection.java:logAndReturn(94)) -   Response 0: omNode-1<-omNode-2#0:OK-t1
2023-06-06 06:59:18,862 [omNode-1@group-523986131536-LeaderElection1] INFO  impl.LeaderElection (LogUtils.java:infoOrTrace(137)) -   Exception 1: java.util.concurrent.ExecutionException: org.apache.ratis.thirdparty.io.grpc.StatusRuntimeException: UNAVAILABLE: io exception
2023-06-06 06:59:18,862 [omNode-1@group-523986131536-LeaderElection1] INFO  impl.LeaderElection (LeaderElection.java:askForVotes(323)) - omNode-1@group-523986131536-LeaderElection1 ELECTION round 0: result PASSED
2023-06-06 06:59:18,862 [omNode-1@group-523986131536-LeaderElection1] INFO  impl.RoleInfo (RoleInfo.java:shutdownLeaderElection(130)) - omNode-1: shutdown omNode-1@group-523986131536-LeaderElection1
2023-06-06 06:59:18,862 [omNode-1@group-523986131536-LeaderElection1] INFO  server.RaftServer$Division (RaftServerImpl.java:setRole(329)) - omNode-1@group-523986131536: changes role from CANDIDATE to LEADER at term 1 for changeToLeader
2023-06-06 06:59:18,864 [omNode-1@group-523986131536-LeaderElection1] INFO  server.RaftServer$Division (ServerState.java:setLeader(317)) - omNode-1@group-523986131536: change Leader from null to omNode-1 at term 1 for becomeLeader, leader elected after 2599ms
2023-06-06 06:59:18,873 [omNode-1@group-523986131536-LeaderElection1] INFO  server.RaftServerConfigKeys (ConfUtils.java:logGet(46)) - raft.server.staging.catchup.gap = 1000 (default)
2023-06-06 06:59:18,880 [omNode-1@group-523986131536-LeaderElection1] INFO  server.RaftServerConfigKeys (ConfUtils.java:logGet(46)) - raft.server.write.element-limit = 4096 (default)
2023-06-06 06:59:18,881 [omNode-1@group-523986131536-LeaderElection1] INFO  server.RaftServerConfigKeys (ConfUtils.java:logGet(46)) - raft.server.write.byte-limit = 64MB (=67108864) (default)
2023-06-06 06:59:18,894 [omNode-1@group-523986131536-LeaderElection1] INFO  server.RaftServerConfigKeys (ConfUtils.java:logGet(46)) - raft.server.watch.timeout = 10s (default)
2023-06-06 06:59:18,894 [omNode-1@group-523986131536-LeaderElection1] INFO  server.RaftServerConfigKeys (ConfUtils.java:logGet(46)) - raft.server.watch.timeout.denomination = 1s (default)
2023-06-06 06:59:18,895 [omNode-1@group-523986131536-LeaderElection1] INFO  server.RaftServerConfigKeys (ConfUtils.java:logGet(46)) - raft.server.watch.element-limit = 65536 (default)
2023-06-06 06:59:18,903 [omNode-1@group-523986131536-LeaderElection1] INFO  server.RaftServerConfigKeys (ConfUtils.java:logGet(46)) - raft.server.write.element-limit = 4096 (default)
2023-06-06 06:59:18,906 [omNode-1@group-523986131536-LeaderElection1] INFO  server.RaftServerConfigKeys (ConfUtils.java:logGet(46)) - raft.server.write.follower.gap.ratio.max = -1.0 (default)
2023-06-06 06:59:18,920 [omNode-1@group-523986131536-LeaderElection1] INFO  server.RaftServerConfigKeys (ConfUtils.java:logGet(46)) - raft.server.log.appender.snapshot.chunk.size.max = 16MB (=16777216) (default)
2023-06-06 06:59:18,920 [omNode-1@group-523986131536-LeaderElection1] INFO  server.RaftServerConfigKeys (ConfUtils.java:logGet(46)) - raft.server.log.appender.buffer.byte-limit = 33554432 (custom)
2023-06-06 06:59:18,920 [omNode-1@group-523986131536-LeaderElection1] INFO  server.RaftServerConfigKeys (ConfUtils.java:logGet(46)) - raft.server.log.appender.buffer.element-limit = 1024 (custom)
2023-06-06 06:59:18,922 [omNode-1@group-523986131536-LeaderElection1] INFO  server.RaftServerConfigKeys (ConfUtils.java:logGet(46)) - raft.server.log.appender.wait-time.min = 10ms (default)
2023-06-06 06:59:18,922 [omNode-1@group-523986131536-LeaderElection1] INFO  grpc.GrpcConfigKeys (ConfUtils.java:logGet(46)) - raft.grpc.server.leader.outstanding.appends.max = 128 (default)
2023-06-06 06:59:18,923 [omNode-1@group-523986131536-LeaderElection1] INFO  server.RaftServerConfigKeys (ConfUtils.java:logGet(46)) - raft.server.rpc.request.timeout = 3000ms (default)
2023-06-06 06:59:18,923 [omNode-1@group-523986131536-LeaderElection1] INFO  grpc.GrpcConfigKeys (ConfUtils.java:logGet(46)) - raft.grpc.server.install_snapshot.request.element-limit = 8 (default)
2023-06-06 06:59:18,923 [omNode-1@group-523986131536-LeaderElection1] INFO  grpc.GrpcConfigKeys (ConfUtils.java:logGet(46)) - raft.grpc.server.install_snapshot.request.timeout = 3000ms (default)
2023-06-06 06:59:18,924 [omNode-1@group-523986131536-LeaderElection1] INFO  server.RaftServerConfigKeys (ConfUtils.java:logGet(46)) - raft.server.log.appender.install.snapshot.enabled = false (custom)
2023-06-06 06:59:18,924 [omNode-1@group-523986131536-LeaderElection1] INFO  grpc.GrpcConfigKeys (ConfUtils.java:logGet(46)) - raft.grpc.server.heartbeat.channel = true (default)
2023-06-06 06:59:18,926 [omNode-1@group-523986131536-LeaderElection1] INFO  server.RaftServerConfigKeys (ConfUtils.java:logGet(46)) - raft.server.log.appender.snapshot.chunk.size.max = 16MB (=16777216) (default)
2023-06-06 06:59:18,926 [omNode-1@group-523986131536-LeaderElection1] INFO  server.RaftServerConfigKeys (ConfUtils.java:logGet(46)) - raft.server.log.appender.buffer.byte-limit = 33554432 (custom)
2023-06-06 06:59:18,927 [omNode-1@group-523986131536-LeaderElection1] INFO  server.RaftServerConfigKeys (ConfUtils.java:logGet(46)) - raft.server.log.appender.buffer.element-limit = 1024 (custom)
2023-06-06 06:59:18,927 [omNode-1@group-523986131536-LeaderElection1] INFO  server.RaftServerConfigKeys (ConfUtils.java:logGet(46)) - raft.server.log.appender.wait-time.min = 10ms (default)
2023-06-06 06:59:18,927 [omNode-1@group-523986131536-LeaderElection1] INFO  grpc.GrpcConfigKeys (ConfUtils.java:logGet(46)) - raft.grpc.server.leader.outstanding.appends.max = 128 (default)
2023-06-06 06:59:18,927 [omNode-1@group-523986131536-LeaderElection1] INFO  server.RaftServerConfigKeys (ConfUtils.java:logGet(46)) - raft.server.rpc.request.timeout = 3000ms (default)
2023-06-06 06:59:18,927 [omNode-1@group-523986131536-LeaderElection1] INFO  grpc.GrpcConfigKeys (ConfUtils.java:logGet(46)) - raft.grpc.server.install_snapshot.request.element-limit = 8 (default)
2023-06-06 06:59:18,927 [omNode-1@group-523986131536-LeaderElection1] INFO  grpc.GrpcConfigKeys (ConfUtils.java:logGet(46)) - raft.grpc.server.install_snapshot.request.timeout = 3000ms (default)
2023-06-06 06:59:18,927 [omNode-1@group-523986131536-LeaderElection1] INFO  server.RaftServerConfigKeys (ConfUtils.java:logGet(46)) - raft.server.log.appender.install.snapshot.enabled = false (custom)
2023-06-06 06:59:18,927 [omNode-1@group-523986131536-LeaderElection1] INFO  grpc.GrpcConfigKeys (ConfUtils.java:logGet(46)) - raft.grpc.server.heartbeat.channel = true (default)
2023-06-06 06:59:18,928 [omNode-1@group-523986131536-LeaderElection1] INFO  impl.RoleInfo (RoleInfo.java:updateAndGet(139)) - omNode-1: start omNode-1@group-523986131536-LeaderStateImpl
2023-06-06 06:59:18,944 [omNode-1@group-523986131536-LeaderElection1] INFO  segmented.SegmentedRaftLogWorker (SegmentedRaftLogWorker.java:startLogSegment(447)) - omNode-1@group-523986131536-SegmentedRaftLogWorker: Starting segment from index:0
2023-06-06 06:59:18,998 [omNode-1@group-523986131536-LeaderElection1] INFO  server.RaftServer$Division (ServerState.java:setRaftConf(434)) - omNode-1@group-523986131536: set configuration 0: peers:[omNode-3|rpc:localhost:15015|admin:|client:|dataStream:|priority:0|startupRole:FOLLOWER, omNode-1|rpc:localhost:15007|admin:|client:|dataStream:|priority:0|startupRole:FOLLOWER, omNode-2|rpc:localhost:15011|admin:|client:|dataStream:|priority:0|startupRole:FOLLOWER]|listeners:[], old=null
2023-06-06 06:59:19,014 [grpc-default-executor-0] WARN  server.GrpcLogAppender (LogUtils.java:warn(122)) - omNode-1@group-523986131536->omNode-3-AppendLogResponseHandler: Failed appendEntries: org.apache.ratis.thirdparty.io.grpc.StatusRuntimeException: UNAVAILABLE: io exception
2023-06-06 06:59:19,073 [grpc-default-executor-0] WARN  server.GrpcLogAppender (LogUtils.java:warn(122)) - omNode-1@group-523986131536->omNode-3-AppendLogResponseHandler: Failed appendEntries: org.apache.ratis.thirdparty.io.grpc.StatusRuntimeException: UNAVAILABLE: io exception
2023-06-06 06:59:19,059 [grpc-default-executor-3] WARN  server.GrpcLogAppender (LogUtils.java:warn(122)) - omNode-1@group-523986131536->omNode-3-AppendLogResponseHandler: Failed appendEntries: org.apache.ratis.thirdparty.io.grpc.StatusRuntimeException: UNAVAILABLE: io exception
2023-06-06 06:59:19,076 [grpc-default-executor-3] INFO  leader.FollowerInfo (FollowerInfoImpl.java:lambda$new$0(52)) - omNode-1@group-523986131536->omNode-3: decreaseNextIndex nextIndex: updateUnconditionally 1 -> 0
2023-06-06 06:59:19,082 [grpc-default-executor-3] WARN  server.GrpcLogAppender (LogUtils.java:warn(122)) - omNode-1@group-523986131536->omNode-3-AppendLogResponseHandler: Failed appendEntries: org.apache.ratis.thirdparty.io.grpc.StatusRuntimeException: UNAVAILABLE: io exception
2023-06-06 06:59:19,120 [omNode-2-server-thread1] INFO  server.RaftServer$Division (ServerState.java:setLeader(317)) - omNode-2@group-523986131536: change Leader from null to omNode-1 at term 1 for appendEntries, leader elected after 1308ms
2023-06-06 06:59:19,123 [omNode-2-server-thread1] INFO  server.RaftServer$Division (ServerState.java:setRaftConf(434)) - omNode-2@group-523986131536: set configuration 0: peers:[omNode-3|rpc:localhost:15015|admin:|client:|dataStream:|priority:0|startupRole:FOLLOWER, omNode-1|rpc:localhost:15007|admin:|client:|dataStream:|priority:0|startupRole:FOLLOWER, omNode-2|rpc:localhost:15011|admin:|client:|dataStream:|priority:0|startupRole:FOLLOWER]|listeners:[], old=null
2023-06-06 06:59:19,124 [omNode-2-server-thread1] INFO  segmented.SegmentedRaftLogWorker (SegmentedRaftLogWorker.java:startLogSegment(447)) - omNode-2@group-523986131536-SegmentedRaftLogWorker: Starting segment from index:0
2023-06-06 06:59:19,140 [omNode-2@group-523986131536-SegmentedRaftLogWorker] INFO  segmented.SegmentedRaftLogWorker (SegmentedRaftLogWorker.java:execute(651)) - omNode-2@group-523986131536-SegmentedRaftLogWorker: created new log segment /home/runner/work/ozone/ozone/hadoop-ozone/integration-test/target/test-dir/MiniOzoneClusterImpl-8bad4e8b-826b-4b9b-92b9-e03c261c0494/omNode-2/ratis/c9bc4cf4-3bc3-3c60-a66b-523986131536/current/log_inprogress_0
2023-06-06 06:59:19,145 [main] INFO  om.OzoneManager (OzoneManager.java:instantiateServices(771)) - S3 Multi-Tenancy is disabled
2023-06-06 06:59:19,146 [main] INFO  om.OmSnapshotManager (OmSnapshotManager.java:<init>(170)) - Ozone filesystem snapshot feature is enabled.
2023-06-06 06:59:19,146 [main] WARN  server.ServerUtils (ServerUtils.java:getDBPath(311)) - ozone.om.snapshot.diff.db.dir is not configured. We recommend adding this setting. Falling back to ozone.metadata.dirs instead.
2023-06-06 06:59:19,153 [omNode-1@group-523986131536-SegmentedRaftLogWorker] INFO  segmented.SegmentedRaftLogWorker (SegmentedRaftLogWorker.java:execute(651)) - omNode-1@group-523986131536-SegmentedRaftLogWorker: created new log segment /home/runner/work/ozone/ozone/hadoop-ozone/integration-test/target/test-dir/MiniOzoneClusterImpl-8bad4e8b-826b-4b9b-92b9-e03c261c0494/omNode-1/ratis/c9bc4cf4-3bc3-3c60-a66b-523986131536/current/log_inprogress_0
2023-06-06 06:59:19,157 [grpc-default-executor-3] WARN  server.GrpcLogAppender (LogUtils.java:warn(122)) - omNode-1@group-523986131536->omNode-3-AppendLogResponseHandler: Failed appendEntries: org.apache.ratis.thirdparty.io.grpc.StatusRuntimeException: UNAVAILABLE: io exception
2023-06-06 06:59:19,158 [grpc-default-executor-3] INFO  leader.FollowerInfo (FollowerInfoImpl.java:lambda$new$0(52)) - omNode-1@group-523986131536->omNode-3: decreaseNextIndex nextIndex: updateUnconditionally 1 -> 0
2023-06-06 06:59:19,158 [grpc-default-executor-0] WARN  server.GrpcLogAppender (LogUtils.java:warn(122)) - omNode-1@group-523986131536->omNode-3-AppendLogResponseHandler: Failed appendEntries: org.apache.ratis.thirdparty.io.grpc.StatusRuntimeException: UNAVAILABLE: io exception
2023-06-06 06:59:19,183 [grpc-default-executor-4] WARN  server.GrpcLogAppender (LogUtils.java:warn(122)) - omNode-1@group-523986131536->omNode-3-AppendLogResponseHandler: Failed appendEntries: org.apache.ratis.thirdparty.io.grpc.StatusRuntimeException: UNAVAILABLE: io exception
2023-06-06 06:59:19,183 [grpc-default-executor-0] WARN  server.GrpcLogAppender (LogUtils.java:warn(122)) - omNode-1@group-523986131536->omNode-3-AppendLogResponseHandler: Failed appendEntries: org.apache.ratis.thirdparty.io.grpc.StatusRuntimeException: UNAVAILABLE: io exception
2023-06-06 06:59:19,184 [grpc-default-executor-4] INFO  leader.FollowerInfo (FollowerInfoImpl.java:lambda$new$0(52)) - omNode-1@group-523986131536->omNode-3: decreaseNextIndex nextIndex: updateUnconditionally 1 -> 0
2023-06-06 06:59:19,198 [main] INFO  utils.NativeLibraryLoader (NativeLibraryLoader.java:loadLibrary(103)) - Loading Library: ozone_rocksdb_tools
2023-06-06 06:59:19,202 [main] INFO  om.OzoneManager (OzoneManager.java:addS3GVolumeToDB(4248)) - Created Volume s3v With Owner runner required for S3Gateway operations.
2023-06-06 06:59:19,202 [main] WARN  server.ServerUtils (ServerUtils.java:getDefaultRatisDirectory(323)) - Storage directory for Ratis is not configured. It is a good idea to map this to an SSD disk. Falling back to ozone.metadata.dirs
2023-06-06 06:59:19,202 [main] WARN  utils.OzoneManagerRatisUtils (OzoneManagerRatisUtils.java:getOMRatisSnapshotDirectory(461)) - ozone.om.ratis.snapshot.dir is not configured. Falling back to ozone.metadata.dirs config
2023-06-06 06:59:19,203 [main] INFO  utils.RDBSnapshotProvider (RDBSnapshotProvider.java:init(83)) - Cleaning up the candidate dir: /home/runner/work/ozone/ozone/hadoop-ozone/integration-test/target/test-dir/MiniOzoneClusterImpl-8bad4e8b-826b-4b9b-92b9-e03c261c0494/omNode-3/snapshot/om.db.candidate
2023-06-06 06:59:19,203 [main] INFO  ratis_snapshot.OmRatisSnapshotProvider (OmRatisSnapshotProvider.java:<init>(84)) - Initializing OM Snapshot Provider
2023-06-06 06:59:19,208 [main] WARN  impl.MetricRegistriesImpl (MetricRegistriesImpl.java:addReporterRegistration(111)) - New reporters are added after registries were created. Some metrics will be missing from the reporter. Please add reporter before adding any new registry.
2023-06-06 06:59:19,208 [main] WARN  impl.MetricRegistriesImpl (MetricRegistriesImpl.java:addReporterRegistration(111)) - New reporters are added after registries were created. Some metrics will be missing from the reporter. Please add reporter before adding any new registry.
2023-06-06 06:59:19,208 [main] WARN  server.ServerUtils (ServerUtils.java:getDefaultRatisDirectory(323)) - Storage directory for Ratis is not configured. It is a good idea to map this to an SSD disk. Falling back to ozone.metadata.dirs
2023-06-06 06:59:19,211 [main] INFO  ratis.OzoneManagerRatisServer (OzoneManagerRatisServer.java:<init>(163)) - Instantiating OM Ratis server with groupID: om-service-test1 and peers: localhost:15015, localhost:15007, localhost:15011
2023-06-06 06:59:19,211 [main] INFO  ratis.OzoneManagerStateMachine (OzoneManagerStateMachine.java:loadSnapshotInfoFromDB(670)) - LastAppliedIndex is set from TransactionInfo from OM DB as (t:0, i:~)
2023-06-06 06:59:19,212 [main] INFO  server.RaftServer (ConfUtils.java:logGet(46)) - raft.rpc.type = GRPC (default)
2023-06-06 06:59:19,212 [main] INFO  grpc.GrpcConfigKeys (ConfUtils.java:logFallback(53)) - raft.grpc.admin.host = null (fallback to raft.grpc.server.host)
2023-06-06 06:59:19,213 [main] INFO  grpc.GrpcConfigKeys (ConfUtils.java:logFallback(53)) - raft.grpc.admin.port = 15015 (fallback to raft.grpc.server.port)
2023-06-06 06:59:19,213 [main] INFO  grpc.GrpcConfigKeys (ConfUtils.java:logFallback(53)) - raft.grpc.client.host = null (fallback to raft.grpc.server.host)
2023-06-06 06:59:19,213 [main] INFO  grpc.GrpcConfigKeys (ConfUtils.java:logFallback(53)) - raft.grpc.client.port = 15015 (fallback to raft.grpc.server.port)
2023-06-06 06:59:19,213 [main] INFO  grpc.GrpcConfigKeys (ConfUtils.java:logGet(46)) - raft.grpc.server.host = null (default)
2023-06-06 06:59:19,213 [main] INFO  grpc.GrpcConfigKeys (ConfUtils.java:logGet(46)) - raft.grpc.server.port = 15015 (custom)
2023-06-06 06:59:19,213 [main] INFO  server.GrpcService (ConfUtils.java:logGet(46)) - raft.grpc.message.size.max = 33554432 (custom)
2023-06-06 06:59:19,213 [main] INFO  server.RaftServerConfigKeys (ConfUtils.java:logGet(46)) - raft.server.log.appender.buffer.byte-limit = 33554432 (custom)
2023-06-06 06:59:19,213 [main] INFO  server.GrpcService (ConfUtils.java:logGet(46)) - raft.grpc.flow.control.window = 1MB (=1048576) (default)
2023-06-06 06:59:19,214 [main] INFO  server.RaftServerConfigKeys (ConfUtils.java:logGet(46)) - raft.server.rpc.request.timeout = 3000ms (default)
2023-06-06 06:59:19,214 [main] INFO  grpc.GrpcConfigKeys (ConfUtils.java:logGet(46)) - raft.grpc.server.heartbeat.channel = true (default)
2023-06-06 06:59:19,214 [main] INFO  grpc.GrpcConfigKeys (ConfUtils.java:logGet(46)) - raft.grpc.server.async.request.thread.pool.cached = true (default)
2023-06-06 06:59:19,215 [main] INFO  grpc.GrpcConfigKeys (ConfUtils.java:logGet(46)) - raft.grpc.server.async.request.thread.pool.size = 32 (default)
2023-06-06 06:59:19,216 [main] INFO  impl.DataStreamServerImpl (ConfUtils.java:logGet(46)) - raft.datastream.type = DISABLED (default)
2023-06-06 06:59:19,216 [main] INFO  server.RaftServerConfigKeys (ConfUtils.java:logGet(46)) - raft.server.threadpool.proxy.cached = true (default)
2023-06-06 06:59:19,216 [main] INFO  server.RaftServerConfigKeys (ConfUtils.java:logGet(46)) - raft.server.threadpool.proxy.size = 0 (default)
2023-06-06 06:59:19,216 [main] INFO  server.RaftServerConfigKeys (ConfUtils.java:logGet(46)) - raft.server.rpc.slowness.timeout = 2s (custom)
2023-06-06 06:59:19,216 [main] INFO  server.RaftServerConfigKeys (ConfUtils.java:logGet(46)) - raft.server.leaderelection.leader.step-down.wait-time = 10s (default)
2023-06-06 06:59:19,216 [main] INFO  server.RaftServerConfigKeys (ConfUtils.java:logGet(46)) - raft.server.storage.dir = [/home/runner/work/ozone/ozone/hadoop-ozone/integration-test/target/test-dir/MiniOzoneClusterImpl-8bad4e8b-826b-4b9b-92b9-e03c261c0494/omNode-3/ratis] (custom)
2023-06-06 06:59:19,217 [main] INFO  server.RaftServer (RaftServerProxy.java:addNew(98)) - omNode-3: addNew group-523986131536:[omNode-3|rpc:localhost:15015|priority:0|startupRole:FOLLOWER, omNode-1|rpc:localhost:15007|priority:0|startupRole:FOLLOWER, omNode-2|rpc:localhost:15011|priority:0|startupRole:FOLLOWER] returns group-523986131536:java.util.concurrent.CompletableFuture@d678716[Not completed]
2023-06-06 06:59:19,217 [main] INFO  om.OzoneManager (OzoneManager.java:initializeRatisServer(2106)) - OzoneManager Ratis server initialized at port 15015
2023-06-06 06:59:19,217 [main] INFO  om.OzoneManager (OzoneManager.java:getRpcServer(1165)) - Creating RPC Server
2023-06-06 06:59:19,219 [omNode-3-groupManagement] INFO  server.RaftServer$Division (RaftServerImpl.java:<init>(198)) - omNode-3: new RaftServerImpl for group-523986131536:[omNode-3|rpc:localhost:15015|priority:0|startupRole:FOLLOWER, omNode-1|rpc:localhost:15007|priority:0|startupRole:FOLLOWER, omNode-2|rpc:localhost:15011|priority:0|startupRole:FOLLOWER] with OzoneManagerStateMachine:uninitialized
2023-06-06 06:59:19,219 [omNode-3-groupManagement] INFO  server.RaftServerConfigKeys (ConfUtils.java:logGet(46)) - raft.server.rpc.timeout.min = 1s (custom)
2023-06-06 06:59:19,219 [omNode-3-groupManagement] INFO  server.RaftServerConfigKeys (ConfUtils.java:logGet(46)) - raft.server.rpc.timeout.max = 1200ms (custom)
2023-06-06 06:59:19,219 [omNode-3-groupManagement] INFO  server.RaftServerConfigKeys (ConfUtils.java:logGet(46)) - raft.server.rpc.sleep.time = 25ms (default)
2023-06-06 06:59:19,219 [omNode-3-groupManagement] INFO  server.RaftServerConfigKeys (ConfUtils.java:logGet(46)) - raft.server.rpc.slowness.timeout = 2s (custom)
2023-06-06 06:59:19,219 [omNode-3-groupManagement] INFO  server.RaftServerConfigKeys (ConfUtils.java:logGet(46)) - raft.server.leaderelection.leader.step-down.wait-time = 10s (default)
2023-06-06 06:59:19,219 [omNode-3-groupManagement] INFO  server.RaftServerConfigKeys (ConfUtils.java:logGet(46)) - raft.server.sleep.deviation.threshold = 300ms (default)
2023-06-06 06:59:19,219 [omNode-3-groupManagement] INFO  server.RaftServer$Division (ServerState.java:<init>(120)) - omNode-3@group-523986131536: ConfigurationManager, init=-1: peers:[omNode-3|rpc:localhost:15015|priority:0|startupRole:FOLLOWER, omNode-1|rpc:localhost:15007|priority:0|startupRole:FOLLOWER, omNode-2|rpc:localhost:15011|priority:0|startupRole:FOLLOWER]|listeners:[], old=null, confs=<EMPTY_MAP>
2023-06-06 06:59:19,219 [omNode-3-groupManagement] INFO  server.RaftServerConfigKeys (ConfUtils.java:logGet(46)) - raft.server.storage.dir = [/home/runner/work/ozone/ozone/hadoop-ozone/integration-test/target/test-dir/MiniOzoneClusterImpl-8bad4e8b-826b-4b9b-92b9-e03c261c0494/omNode-3/ratis] (custom)
2023-06-06 06:59:19,220 [omNode-3-groupManagement] INFO  server.RaftServerConfigKeys (ConfUtils.java:logGet(46)) - raft.server.log.corruption.policy = EXCEPTION (default)
2023-06-06 06:59:19,220 [omNode-3-groupManagement] INFO  server.RaftServerConfigKeys (ConfUtils.java:logGet(46)) - raft.server.storage.free-space.min = 0MB (=0) (default)
2023-06-06 06:59:19,221 [omNode-3-groupManagement] INFO  server.RaftServerConfigKeys (ConfUtils.java:logGet(46)) - raft.server.notification.no-leader.timeout = 2s (custom)
2023-06-06 06:59:19,221 [omNode-3-groupManagement] INFO  server.RaftServerConfigKeys (ConfUtils.java:logGet(46)) - raft.server.read.timeout = 10s (default)
2023-06-06 06:59:19,221 [omNode-3-groupManagement] INFO  server.RaftServerConfigKeys (ConfUtils.java:logGet(46)) - raft.server.retrycache.expirytime = 30000ms (custom)
2023-06-06 06:59:19,221 [omNode-3-groupManagement] INFO  server.RaftServerConfigKeys (ConfUtils.java:logGet(46)) - raft.server.retrycache.statistics.expirytime = 100μs (default)
2023-06-06 06:59:19,221 [omNode-3-groupManagement] INFO  server.RaftServerConfigKeys (ConfUtils.java:logGet(46)) - raft.server.read.option = DEFAULT (default)
2023-06-06 06:59:19,224 [omNode-3-groupManagement] INFO  server.RaftServerConfigKeys (ConfUtils.java:logGet(46)) - raft.server.rpc.request.timeout = 3000ms (default)
2023-06-06 06:59:19,224 [omNode-3-groupManagement] INFO  server.RaftServerConfigKeys (ConfUtils.java:logGet(46)) - raft.server.log.appender.install.snapshot.enabled = false (custom)
2023-06-06 06:59:19,225 [omNode-3-groupManagement] INFO  server.RaftServerConfigKeys (ConfUtils.java:logGet(46)) - raft.server.threadpool.server.cached = true (default)
2023-06-06 06:59:19,225 [omNode-3-groupManagement] INFO  server.RaftServerConfigKeys (ConfUtils.java:logGet(46)) - raft.server.threadpool.server.size = 0 (default)
2023-06-06 06:59:19,225 [omNode-3-groupManagement] INFO  server.RaftServerConfigKeys (ConfUtils.java:logGet(46)) - raft.server.threadpool.client.cached = true (default)
2023-06-06 06:59:19,225 [omNode-3-groupManagement] INFO  server.RaftServerConfigKeys (ConfUtils.java:logGet(46)) - raft.server.threadpool.client.size = 0 (default)
2023-06-06 06:59:19,263 [grpc-default-executor-0] WARN  server.GrpcLogAppender (LogUtils.java:warn(122)) - omNode-1@group-523986131536->omNode-3-AppendLogResponseHandler: Failed appendEntries: org.apache.ratis.thirdparty.io.grpc.StatusRuntimeException: UNAVAILABLE: io exception
2023-06-06 06:59:19,264 [grpc-default-executor-4] WARN  server.GrpcLogAppender (LogUtils.java:warn(122)) - omNode-1@group-523986131536->omNode-3-AppendLogResponseHandler: Failed appendEntries: org.apache.ratis.thirdparty.io.grpc.StatusRuntimeException: UNAVAILABLE: io exception
2023-06-06 06:59:19,275 [grpc-default-executor-4] WARN  server.GrpcLogAppender (LogUtils.java:warn(122)) - omNode-1@group-523986131536->omNode-3-AppendLogResponseHandler: Failed appendEntries: org.apache.ratis.thirdparty.io.grpc.StatusRuntimeException: UNAVAILABLE: io exception
2023-06-06 06:59:19,275 [grpc-default-executor-4] INFO  leader.FollowerInfo (FollowerInfoImpl.java:lambda$new$0(52)) - omNode-1@group-523986131536->omNode-3: decreaseNextIndex nextIndex: updateUnconditionally 1 -> 0
2023-06-06 06:59:19,286 [grpc-default-executor-0] WARN  server.GrpcLogAppender (LogUtils.java:warn(122)) - omNode-1@group-523986131536->omNode-3-AppendLogResponseHandler: Failed appendEntries: org.apache.ratis.thirdparty.io.grpc.StatusRuntimeException: UNAVAILABLE: io exception
2023-06-06 06:59:19,286 [grpc-default-executor-0] INFO  leader.FollowerInfo (FollowerInfoImpl.java:lambda$new$0(52)) - omNode-1@group-523986131536->omNode-3: decreaseNextIndex nextIndex: updateUnconditionally 1 -> 0
2023-06-06 06:59:19,293 [grpc-default-executor-0] WARN  server.GrpcLogAppender (LogUtils.java:warn(122)) - omNode-1@group-523986131536->omNode-3-AppendLogResponseHandler: Failed appendEntries: org.apache.ratis.thirdparty.io.grpc.StatusRuntimeException: UNAVAILABLE: io exception
2023-06-06 06:59:19,297 [grpc-default-executor-4] WARN  server.GrpcLogAppender (LogUtils.java:warn(122)) - omNode-1@group-523986131536->omNode-3-AppendLogResponseHandler: Failed appendEntries: org.apache.ratis.thirdparty.io.grpc.StatusRuntimeException: UNAVAILABLE: io exception
2023-06-06 06:59:19,413 [omNode-1@group-523986131536-StateMachineUpdater] INFO  ratis.OzoneManagerStateMachine (OzoneManagerStateMachine.java:notifyConfigurationChanged(201)) - Received Configuration change notification from Ratis. New Peer list:
[id: "omNode-3"
address: "localhost:15015"
startupRole: FOLLOWER
, id: "omNode-1"
address: "localhost:15007"
startupRole: FOLLOWER
, id: "omNode-2"
address: "localhost:15011"
startupRole: FOLLOWER
]
2023-06-06 06:59:19,514 [grpc-default-executor-4] WARN  server.GrpcLogAppender (LogUtils.java:warn(122)) - omNode-1@group-523986131536->omNode-3-AppendLogResponseHandler: Failed appendEntries: org.apache.ratis.thirdparty.io.grpc.StatusRuntimeException: UNAVAILABLE: io exception
2023-06-06 06:59:19,515 [grpc-default-executor-0] WARN  server.GrpcLogAppender (LogUtils.java:warn(122)) - omNode-1@group-523986131536->omNode-3-AppendLogResponseHandler: Failed appendEntries: org.apache.ratis.thirdparty.io.grpc.StatusRuntimeException: UNAVAILABLE: io exception
2023-06-06 06:59:19,526 [grpc-default-executor-0] WARN  server.GrpcLogAppender (LogUtils.java:warn(122)) - omNode-1@group-523986131536->omNode-3-AppendLogResponseHandler: Failed appendEntries: org.apache.ratis.thirdparty.io.grpc.StatusRuntimeException: UNAVAILABLE: io exception
2023-06-06 06:59:19,527 [grpc-default-executor-0] INFO  leader.FollowerInfo (FollowerInfoImpl.java:lambda$new$0(52)) - omNode-1@group-523986131536->omNode-3: decreaseNextIndex nextIndex: updateUnconditionally 1 -> 0
2023-06-06 06:59:19,527 [grpc-default-executor-4] WARN  server.GrpcLogAppender (LogUtils.java:warn(122)) - omNode-1@group-523986131536->omNode-3-AppendLogResponseHandler: Failed appendEntries: org.apache.ratis.thirdparty.io.grpc.StatusRuntimeException: UNAVAILABLE: io exception
2023-06-06 06:59:19,655 [omNode-2@group-523986131536-StateMachineUpdater] INFO  ratis.OzoneManagerStateMachine (OzoneManagerStateMachine.java:notifyConfigurationChanged(201)) - Received Configuration change notification from Ratis. New Peer list:
[id: "omNode-3"
address: "localhost:15015"
startupRole: FOLLOWER
, id: "omNode-1"
address: "localhost:15007"
startupRole: FOLLOWER
, id: "omNode-2"
address: "localhost:15011"
startupRole: FOLLOWER
]
2023-06-06 06:59:19,658 [grpc-default-executor-0] WARN  server.GrpcLogAppender (LogUtils.java:warn(122)) - omNode-1@group-523986131536->omNode-3-AppendLogResponseHandler: Failed appendEntries: org.apache.ratis.thirdparty.io.grpc.StatusRuntimeException: UNAVAILABLE: io exception
2023-06-06 06:59:19,665 [grpc-default-executor-4] WARN  server.GrpcLogAppender (LogUtils.java:warn(122)) - omNode-1@group-523986131536->omNode-3-AppendLogResponseHandler: Failed appendEntries: org.apache.ratis.thirdparty.io.grpc.StatusRuntimeException: UNAVAILABLE: io exception
2023-06-06 06:59:19,665 [grpc-default-executor-0] INFO  leader.FollowerInfo (FollowerInfoImpl.java:lambda$new$0(52)) - omNode-1@group-523986131536->omNode-3: decreaseNextIndex nextIndex: updateUnconditionally 1 -> 0
2023-06-06 06:59:19,686 [main] INFO  reflections.Reflections (Reflections.java:scan(232)) - Reflections took 468 ms to scan 19 urls, producing 69 keys and 5284 values [using 2 cores]
2023-06-06 06:59:19,688 [main] INFO  ipc.CallQueueManager (CallQueueManager.java:<init>(90)) - Using callQueue: class java.util.concurrent.LinkedBlockingQueue, queueCapacity: 2000, scheduler: class org.apache.hadoop.ipc.DefaultRpcScheduler, ipcBackoff: false.
2023-06-06 06:59:19,689 [Socket Reader #1 for port 15012] INFO  ipc.Server (Server.java:run(1319)) - Starting Socket Reader #1 for port 15012
2023-06-06 06:59:19,694 [Listener at 127.0.0.1/15012] INFO  hdds.HddsUtils (HddsUtils.java:preserveThreadName(843)) - Restoring thread name: main
2023-06-06 06:59:19,712 [main] INFO  impl.MetricsSystemImpl (MetricsSystemImpl.java:init(158)) - OzoneManager metrics system started (again)
2023-06-06 06:59:19,723 [main] INFO  om.OzoneManager (OzoneManager.java:start(1587)) - OzoneManager RPC server is listening at localhost/127.0.0.1:15012
2023-06-06 06:59:19,723 [main] INFO  ratis.OzoneManagerRatisServer (OzoneManagerRatisServer.java:start(558)) - Starting OzoneManagerRatisServer omNode-3 at port 15015
2023-06-06 06:59:19,723 [omNode-3-impl-thread1] INFO  storage.RaftStorageDirectory (RaftStorageDirectoryImpl.java:analyzeStorage(137)) - The storage directory /home/runner/work/ozone/ozone/hadoop-ozone/integration-test/target/test-dir/MiniOzoneClusterImpl-8bad4e8b-826b-4b9b-92b9-e03c261c0494/omNode-3/ratis/c9bc4cf4-3bc3-3c60-a66b-523986131536 does not exist. Creating ...
2023-06-06 06:59:19,724 [omNode-3-impl-thread1] INFO  storage.RaftStorageDirectory (RaftStorageDirectoryImpl.java:tryLock(231)) - Lock on /home/runner/work/ozone/ozone/hadoop-ozone/integration-test/target/test-dir/MiniOzoneClusterImpl-8bad4e8b-826b-4b9b-92b9-e03c261c0494/omNode-3/ratis/c9bc4cf4-3bc3-3c60-a66b-523986131536/in_use.lock acquired by nodename 5524@fv-az617-212
2023-06-06 06:59:19,727 [omNode-3-impl-thread1] INFO  storage.RaftStorage (RaftStorageImpl.java:format(96)) - Storage directory /home/runner/work/ozone/ozone/hadoop-ozone/integration-test/target/test-dir/MiniOzoneClusterImpl-8bad4e8b-826b-4b9b-92b9-e03c261c0494/omNode-3/ratis/c9bc4cf4-3bc3-3c60-a66b-523986131536 has been successfully formatted.
2023-06-06 06:59:19,727 [omNode-3-impl-thread1] INFO  server.RaftServerConfigKeys (ConfUtils.java:logGet(46)) - raft.server.log.use.memory = false (default)
2023-06-06 06:59:19,728 [omNode-3-impl-thread1] INFO  server.RaftServerConfigKeys (ConfUtils.java:logGet(46)) - raft.server.log.purge.gap = 50 (custom)
2023-06-06 06:59:19,728 [omNode-3-impl-thread1] INFO  server.RaftServerConfigKeys (ConfUtils.java:logGet(46)) - raft.server.log.appender.buffer.byte-limit = 33554432 (custom)
2023-06-06 06:59:19,728 [omNode-3-impl-thread1] INFO  server.RaftServerConfigKeys (ConfUtils.java:logGet(46)) - raft.server.log.statemachine.data.read.timeout = 1000ms (default)
2023-06-06 06:59:19,728 [omNode-3-impl-thread1] INFO  server.RaftServerConfigKeys (ConfUtils.java:logGet(46)) - raft.server.log.purge.preservation.log.num = 0 (default)
2023-06-06 06:59:19,728 [omNode-3-impl-thread1] INFO  server.RaftServerConfigKeys (ConfUtils.java:logGet(46)) - raft.server.log.segment.size.max = 4194304 (custom)
2023-06-06 06:59:19,729 [omNode-3-impl-thread1] INFO  server.RaftServerConfigKeys (ConfUtils.java:logGet(46)) - raft.server.log.segment.cache.num.max = 2 (custom)
2023-06-06 06:59:19,729 [omNode-3-impl-thread1] INFO  server.RaftServerConfigKeys (ConfUtils.java:logGet(46)) - raft.server.log.segment.cache.size.max = 200MB (=209715200) (default)
2023-06-06 06:59:19,729 [omNode-3-impl-thread1] INFO  server.RaftServerConfigKeys (ConfUtils.java:logGet(46)) - raft.server.log.appender.buffer.byte-limit = 33554432 (custom)
2023-06-06 06:59:19,729 [omNode-3-impl-thread1] INFO  segmented.SegmentedRaftLogWorker (SegmentedRaftLogWorker.java:<init>(188)) - new omNode-3@group-523986131536-SegmentedRaftLogWorker for RaftStorageImpl:Storage Directory /home/runner/work/ozone/ozone/hadoop-ozone/integration-test/target/test-dir/MiniOzoneClusterImpl-8bad4e8b-826b-4b9b-92b9-e03c261c0494/omNode-3/ratis/c9bc4cf4-3bc3-3c60-a66b-523986131536
2023-06-06 06:59:19,733 [omNode-3-impl-thread1] INFO  server.RaftServerConfigKeys (ConfUtils.java:logGet(46)) - raft.server.log.queue.byte-limit = 64MB (=67108864) (default)
2023-06-06 06:59:19,733 [omNode-3-impl-thread1] INFO  server.RaftServerConfigKeys (ConfUtils.java:logGet(46)) - raft.server.log.queue.element-limit = 4096 (default)
2023-06-06 06:59:19,733 [omNode-3-impl-thread1] INFO  server.RaftServerConfigKeys (ConfUtils.java:logGet(46)) - raft.server.log.segment.size.max = 4194304 (custom)
2023-06-06 06:59:19,733 [omNode-3-impl-thread1] INFO  server.RaftServerConfigKeys (ConfUtils.java:logGet(46)) - raft.server.log.preallocated.size = 4194304 (custom)
2023-06-06 06:59:19,733 [omNode-3-impl-thread1] INFO  server.RaftServerConfigKeys (ConfUtils.java:logGet(46)) - raft.server.log.force.sync.num = 128 (default)
2023-06-06 06:59:19,733 [omNode-3-impl-thread1] INFO  server.RaftServerConfigKeys (ConfUtils.java:logGet(46)) - raft.server.log.statemachine.data.sync = true (default)
2023-06-06 06:59:19,733 [omNode-3-impl-thread1] INFO  server.RaftServerConfigKeys (ConfUtils.java:logGet(46)) - raft.server.log.statemachine.data.sync.timeout = 10s (default)
2023-06-06 06:59:19,733 [omNode-3-impl-thread1] INFO  server.RaftServerConfigKeys (ConfUtils.java:logGet(46)) - raft.server.log.statemachine.data.sync.timeout.retry = -1 (default)
2023-06-06 06:59:19,734 [omNode-3-impl-thread1] INFO  server.RaftServerConfigKeys (ConfUtils.java:logGet(46)) - raft.server.log.write.buffer.size = 64KB (=65536) (default)
2023-06-06 06:59:19,734 [omNode-3-impl-thread1] INFO  server.RaftServerConfigKeys (ConfUtils.java:logGet(46)) - raft.server.log.appender.buffer.byte-limit = 33554432 (custom)
2023-06-06 06:59:19,740 [omNode-3-impl-thread1] INFO  server.RaftServerConfigKeys (ConfUtils.java:logGet(46)) - raft.server.log.unsafe-flush.enabled = false (default)
2023-06-06 06:59:19,740 [omNode-3-impl-thread1] INFO  server.RaftServerConfigKeys (ConfUtils.java:logGet(46)) - raft.server.log.async-flush.enabled = false (default)
2023-06-06 06:59:19,740 [omNode-3-impl-thread1] INFO  server.RaftServerConfigKeys (ConfUtils.java:logGet(46)) - raft.server.log.statemachine.data.caching.enabled = false (default)
2023-06-06 06:59:19,741 [omNode-3-impl-thread1] INFO  segmented.SegmentedRaftLogWorker (SegmentedRaftLogWorker.java:lambda$new$0(135)) - omNode-3@group-523986131536-SegmentedRaftLogWorker: flushIndex: setUnconditionally 0 -> -1
2023-06-06 06:59:19,741 [omNode-3-impl-thread1] INFO  segmented.SegmentedRaftLogWorker (SegmentedRaftLogWorker.java:lambda$new$0(135)) - omNode-3@group-523986131536-SegmentedRaftLogWorker: safeCacheEvictIndex: setUnconditionally 0 -> -1
2023-06-06 06:59:19,746 [omNode-3-impl-thread1] INFO  server.RaftServer$Division (RaftServerImpl.java:start(342)) - omNode-3@group-523986131536: start as a follower, conf=-1: peers:[omNode-3|rpc:localhost:15015|priority:0|startupRole:FOLLOWER, omNode-1|rpc:localhost:15007|priority:0|startupRole:FOLLOWER, omNode-2|rpc:localhost:15011|priority:0|startupRole:FOLLOWER]|listeners:[], old=null
2023-06-06 06:59:19,746 [omNode-3-impl-thread1] INFO  server.RaftServer$Division (RaftServerImpl.java:setRole(329)) - omNode-3@group-523986131536: changes role from      null to FOLLOWER at term 0 for startAsFollower
2023-06-06 06:59:19,751 [omNode-3-impl-thread1] INFO  impl.RoleInfo (RoleInfo.java:updateAndGet(139)) - omNode-3: start omNode-3@group-523986131536-FollowerState
2023-06-06 06:59:19,753 [omNode-3-impl-thread1] INFO  util.JmxRegister (JmxRegister.java:tryRegister(44)) - Successfully registered JMX Bean with object name Ratis:service=RaftServer,group=group-523986131536,id=omNode-3
2023-06-06 06:59:19,753 [omNode-3-impl-thread1] INFO  server.RaftServerConfigKeys (ConfUtils.java:logGet(46)) - raft.server.snapshot.auto.trigger.enabled = true (custom)
2023-06-06 06:59:19,753 [omNode-3-impl-thread1] INFO  server.RaftServerConfigKeys (ConfUtils.java:logGet(46)) - raft.server.snapshot.auto.trigger.threshold = 50 (custom)
2023-06-06 06:59:19,753 [omNode-3-impl-thread1] INFO  server.RaftServerConfigKeys (ConfUtils.java:logGet(46)) - raft.server.snapshot.retention.file.num = -1 (default)
2023-06-06 06:59:19,753 [omNode-3-impl-thread1] INFO  server.RaftServerConfigKeys (ConfUtils.java:logGet(46)) - raft.server.log.purge.upto.snapshot.index = true (custom)
2023-06-06 06:59:19,754 [omNode-3@group-523986131536-FollowerState] INFO  server.RaftServerConfigKeys (ConfUtils.java:logFallback(53)) - raft.server.rpc.first-election.timeout.min = 1s (fallback to raft.server.rpc.timeout.min)
2023-06-06 06:59:19,754 [omNode-3@group-523986131536-FollowerState] INFO  server.RaftServerConfigKeys (ConfUtils.java:logFallback(53)) - raft.server.rpc.first-election.timeout.max = 1200ms (fallback to raft.server.rpc.timeout.max)
2023-06-06 06:59:19,754 [main] INFO  server.RaftServer (RaftServerProxy.java:startImpl(400)) - omNode-3: start RPC server
2023-06-06 06:59:19,761 [main] INFO  server.GrpcService (GrpcService.java:startImpl(302)) - omNode-3: GrpcService started, listening on 15015
2023-06-06 06:59:19,761 [main] INFO  om.OzoneManager (OzoneManager.java:start(1603)) - Version File has different layout version (5) than OM DB (null). That is expected if this OM has never been finalized to a newer layout version.
2023-06-06 06:59:19,762 [JvmPauseMonitor3] INFO  util.JvmPauseMonitor (JvmPauseMonitor.java:run(103)) - JvmPauseMonitor-omNode-3: Started
2023-06-06 06:59:19,766 [grpc-default-executor-4] WARN  server.GrpcLogAppender (LogUtils.java:warn(122)) - omNode-1@group-523986131536->omNode-3-AppendLogResponseHandler: Failed appendEntries: org.apache.ratis.thirdparty.io.grpc.StatusRuntimeException: UNAVAILABLE: io exception
2023-06-06 06:59:19,766 [grpc-default-executor-0] WARN  server.GrpcLogAppender (LogUtils.java:warn(122)) - omNode-1@group-523986131536->omNode-3-AppendLogResponseHandler: Failed appendEntries: org.apache.ratis.thirdparty.io.grpc.StatusRuntimeException: UNAVAILABLE: io exception
2023-06-06 06:59:19,781 [main] INFO  http.BaseHttpServer (BaseHttpServer.java:newHttpServer2BuilderForOzone(224)) - Starting Web-server for ozoneManager at: http://0.0.0.0:15013
2023-06-06 06:59:19,781 [main] INFO  http.BaseHttpServer (BaseHttpServer.java:<init>(111)) - Hadoop Security Enabled: false Ozone Security Enabled: false Ozone HTTP Security Enabled: false 
2023-06-06 06:59:19,785 [main] WARN  server.AuthenticationFilter (AuthenticationFilter.java:constructSecretProvider(240)) - Unable to initialize FileSignerSecretProvider, falling back to use random secrets. Reason: Could not read signature secret file: /home/runner/hadoop-http-auth-signature-secret
2023-06-06 06:59:19,788 [main] INFO  http.HttpRequestLog (HttpRequestLog.java:getRequestLog(86)) - Http request log for http.requests.ozoneManager is not defined
2023-06-06 06:59:19,793 [main] INFO  http.HttpServer2 (HttpServer2.java:addGlobalFilter(1031)) - Added global filter 'safety' (class=org.apache.hadoop.hdds.server.http.HttpServer2$QuotingInputFilter)
2023-06-06 06:59:19,794 [main] INFO  http.HttpServer2 (HttpServer2.java:addFilter(1007)) - Added filter static_user_filter (class=org.apache.hadoop.http.lib.StaticUserWebFilter$StaticUserFilter) to context ozoneManager
2023-06-06 06:59:19,794 [main] INFO  http.HttpServer2 (HttpServer2.java:addFilter(1015)) - Added filter static_user_filter (class=org.apache.hadoop.http.lib.StaticUserWebFilter$StaticUserFilter) to context logs
2023-06-06 06:59:19,794 [main] INFO  http.HttpServer2 (HttpServer2.java:addFilter(1015)) - Added filter static_user_filter (class=org.apache.hadoop.http.lib.StaticUserWebFilter$StaticUserFilter) to context static
2023-06-06 06:59:19,796 [main] INFO  http.BaseHttpServer (BaseHttpServer.java:<init>(190)) - HTTP server of ozoneManager uses base directory /home/runner/work/ozone/ozone/hadoop-ozone/integration-test/target/test-dir/MiniOzoneClusterImpl-8bad4e8b-826b-4b9b-92b9-e03c261c0494/omNode-3/webserver
2023-06-06 06:59:19,796 [main] INFO  http.HttpServer2 (HttpServer2.java:bindListener(1250)) - Jetty bound to port 15013
2023-06-06 06:59:19,797 [main] INFO  server.Server (Server.java:doStart(375)) - jetty-9.4.51.v20230217; built: 2023-02-17T08:19:37.309Z; git: b45c405e4544384de066f814ed42ae3dceacdd49; jvm 1.8.0_372-b07
2023-06-06 06:59:19,806 [main] INFO  server.session (DefaultSessionIdManager.java:doStart(334)) - DefaultSessionIdManager workerName=node0
2023-06-06 06:59:19,807 [main] INFO  server.session (DefaultSessionIdManager.java:doStart(339)) - No SessionScavenger set, using defaults
2023-06-06 06:59:19,807 [main] INFO  server.session (HouseKeeper.java:startScavenging(132)) - node0 Scavenging every 600000ms
2023-06-06 06:59:19,808 [main] INFO  handler.ContextHandler (ContextHandler.java:doStart(921)) - Started o.e.j.s.ServletContextHandler@12f9db3f{logs,/logs,file:///home/runner/work/ozone/ozone/hadoop-ozone/integration-test/target/log,AVAILABLE}
2023-06-06 06:59:19,808 [main] INFO  handler.ContextHandler (ContextHandler.java:doStart(921)) - Started o.e.j.s.ServletContextHandler@5abac3d5{static,/static,file:///home/runner/work/ozone/ozone/hadoop-ozone/integration-test/target/test-classes/webapps/static,AVAILABLE}
2023-06-06 06:59:19,812 [main] INFO  handler.ContextHandler (ContextHandler.java:doStart(921)) - Started o.e.j.w.WebAppContext@6aa4b9ae{ozoneManager,/,file:///home/runner/work/ozone/ozone/hadoop-ozone/integration-test/target/test-classes/webapps/ozoneManager/,AVAILABLE}{file:/home/runner/work/ozone/ozone/hadoop-ozone/integration-test/target/test-classes/webapps/ozoneManager}
2023-06-06 06:59:19,814 [main] INFO  server.AbstractConnector (AbstractConnector.java:doStart(333)) - Started ServerConnector@1c395e9c{HTTP/1.1, (http/1.1)}{0.0.0.0:15013}
2023-06-06 06:59:19,815 [main] INFO  server.Server (Server.java:doStart(415)) - Started @9936ms
2023-06-06 06:59:19,815 [main] WARN  impl.MetricsSystemImpl (MetricsSystemImpl.java:register(279)) - Sink prometheus already exists!
2023-06-06 06:59:19,816 [main] INFO  http.BaseHttpServer (BaseHttpServer.java:updateConnectorAddress(344)) - HTTP server of ozoneManager listening at http://0.0.0.0:15013
2023-06-06 06:59:19,817 [IPC Server Responder] INFO  ipc.Server (Server.java:run(1558)) - IPC Server Responder: starting
2023-06-06 06:59:19,820 [IPC Server listener on 15012] INFO  ipc.Server (Server.java:run(1398)) - IPC Server listener on 15012: starting
2023-06-06 06:59:19,827 [main] INFO  om.OzoneManager (OzoneManager.java:startTrashEmptier(2059)) - Trash Interval set to 0. Files deleted won't move to trash
2023-06-06 06:59:19,828 [main] INFO  ozone.MiniOzoneHAClusterImpl (MiniOzoneHAClusterImpl.java:createOMService(503)) - Started OzoneManager omNode-3 RPC server at localhost/127.0.0.1:15012
2023-06-06 06:59:19,965 [main] WARN  impl.MetricRegistriesImpl (MetricRegistriesImpl.java:addReporterRegistration(111)) - New reporters are added after registries were created. Some metrics will be missing from the reporter. Please add reporter before adding any new registry.
2023-06-06 06:59:19,965 [main] WARN  impl.MetricRegistriesImpl (MetricRegistriesImpl.java:addReporterRegistration(111)) - New reporters are added after registries were created. Some metrics will be missing from the reporter. Please add reporter before adding any new registry.
2023-06-06 06:59:19,965 [main] INFO  impl.MetricsSystemImpl (MetricsSystemImpl.java:init(158)) - HddsDatanode metrics system started (again)
2023-06-06 06:59:19,990 [main] INFO  ozone.HddsDatanodeService (HddsDatanodeService.java:start(261)) - HddsDatanodeService host:fv-az617-212.pwnmbzmyba5ezmab2zpzaqbtmg.cx.internal.cloudapp.net ip:10.1.26.1
2023-06-06 06:59:20,025 [omNode-3-server-thread1] INFO  server.RaftServer$Division (ServerState.java:setLeader(317)) - omNode-3@group-523986131536: change Leader from null to omNode-1 at term 1 for appendEntries, leader elected after 802ms
2023-06-06 06:59:20,033 [omNode-3-server-thread1] INFO  server.RaftServer$Division (ServerState.java:setRaftConf(434)) - omNode-3@group-523986131536: set configuration 0: peers:[omNode-3|rpc:localhost:15015|admin:|client:|dataStream:|priority:0|startupRole:FOLLOWER, omNode-1|rpc:localhost:15007|admin:|client:|dataStream:|priority:0|startupRole:FOLLOWER, omNode-2|rpc:localhost:15011|admin:|client:|dataStream:|priority:0|startupRole:FOLLOWER]|listeners:[], old=null
2023-06-06 06:59:20,033 [omNode-3-server-thread1] INFO  segmented.SegmentedRaftLogWorker (SegmentedRaftLogWorker.java:startLogSegment(447)) - omNode-3@group-523986131536-SegmentedRaftLogWorker: Starting segment from index:0
2023-06-06 06:59:20,040 [main] INFO  upgrade.AbstractLayoutVersionManager (AbstractLayoutVersionManager.java:init(83)) - Initializing Layout version manager with metadata layout = HADOOP_PRC_PORTS_IN_DATANODEDETAILS (version = 7), software layout = HADOOP_PRC_PORTS_IN_DATANODEDETAILS (version = 7)
2023-06-06 06:59:20,043 [omNode-3@group-523986131536-SegmentedRaftLogWorker] INFO  segmented.SegmentedRaftLogWorker (SegmentedRaftLogWorker.java:execute(651)) - omNode-3@group-523986131536-SegmentedRaftLogWorker: created new log segment /home/runner/work/ozone/ozone/hadoop-ozone/integration-test/target/test-dir/MiniOzoneClusterImpl-8bad4e8b-826b-4b9b-92b9-e03c261c0494/omNode-3/ratis/c9bc4cf4-3bc3-3c60-a66b-523986131536/current/log_inprogress_0
2023-06-06 06:59:20,045 [main] INFO  statemachine.DatanodeStateMachine (DatanodeStateMachine.java:getEndPointTaskThreadPoolSize(271)) - Datanode State Machine Task Thread Pool size 2
2023-06-06 06:59:20,046 [omNode-3@group-523986131536-StateMachineUpdater] INFO  ratis.OzoneManagerStateMachine (OzoneManagerStateMachine.java:notifyConfigurationChanged(201)) - Received Configuration change notification from Ratis. New Peer list:
[id: "omNode-3"
address: "localhost:15015"
startupRole: FOLLOWER
, id: "omNode-1"
address: "localhost:15007"
startupRole: FOLLOWER
, id: "omNode-2"
address: "localhost:15011"
startupRole: FOLLOWER
]
2023-06-06 06:59:20,114 [main] INFO  volume.HddsVolume (HddsVolume.java:<init>(130)) - Creating HddsVolume: /home/runner/work/ozone/ozone/hadoop-ozone/integration-test/target/test-dir/MiniOzoneClusterImpl-8bad4e8b-826b-4b9b-92b9-e03c261c0494/datanode-0/data-0/containers/hdds of storage type : DISK capacity : 9223372036854775807
2023-06-06 06:59:20,116 [main] INFO  volume.MutableVolumeSet (MutableVolumeSet.java:initializeVolumeSet(175)) - Added Volume : /home/runner/work/ozone/ozone/hadoop-ozone/integration-test/target/test-dir/MiniOzoneClusterImpl-8bad4e8b-826b-4b9b-92b9-e03c261c0494/datanode-0/data-0/containers/hdds to VolumeSet
2023-06-06 06:59:20,116 [main] INFO  volume.ThrottledAsyncChecker (ThrottledAsyncChecker.java:schedule(141)) - Scheduling a check for /home/runner/work/ozone/ozone/hadoop-ozone/integration-test/target/test-dir/MiniOzoneClusterImpl-8bad4e8b-826b-4b9b-92b9-e03c261c0494/datanode-0/data-0/containers/hdds
2023-06-06 06:59:20,130 [main] INFO  volume.StorageVolumeChecker (StorageVolumeChecker.java:checkAllVolumes(202)) - Scheduled health check for volume /home/runner/work/ozone/ozone/hadoop-ozone/integration-test/target/test-dir/MiniOzoneClusterImpl-8bad4e8b-826b-4b9b-92b9-e03c261c0494/datanode-0/data-0/containers/hdds
2023-06-06 06:59:20,150 [main] INFO  volume.MutableVolumeSet (MutableVolumeSet.java:initializeVolumeSet(175)) - Added Volume : /home/runner/work/ozone/ozone/hadoop-ozone/integration-test/target/test-dir/MiniOzoneClusterImpl-8bad4e8b-826b-4b9b-92b9-e03c261c0494/datanode-0/data/ratis to VolumeSet
2023-06-06 06:59:20,150 [main] INFO  volume.ThrottledAsyncChecker (ThrottledAsyncChecker.java:schedule(141)) - Scheduling a check for /home/runner/work/ozone/ozone/hadoop-ozone/integration-test/target/test-dir/MiniOzoneClusterImpl-8bad4e8b-826b-4b9b-92b9-e03c261c0494/datanode-0/data/ratis
2023-06-06 06:59:20,151 [main] INFO  volume.StorageVolumeChecker (StorageVolumeChecker.java:checkAllVolumes(202)) - Scheduled health check for volume /home/runner/work/ozone/ozone/hadoop-ozone/integration-test/target/test-dir/MiniOzoneClusterImpl-8bad4e8b-826b-4b9b-92b9-e03c261c0494/datanode-0/data/ratis
2023-06-06 06:59:20,182 [Thread-260] INFO  ozoneimpl.ContainerReader (ContainerReader.java:readVolume(175)) - Finish verifying containers on volume /home/runner/work/ozone/ozone/hadoop-ozone/integration-test/target/test-dir/MiniOzoneClusterImpl-8bad4e8b-826b-4b9b-92b9-e03c261c0494/datanode-0/data-0/containers/hdds
2023-06-06 06:59:20,183 [main] INFO  ozoneimpl.OzoneContainer (OzoneContainer.java:buildContainerSet(303)) - Build ContainerSet costs 0s
2023-06-06 06:59:20,287 [main] INFO  audit.AuditLogger (AuditLogger.java:refreshDebugCmdSet(126)) - Refresh DebugCmdSet for DNAudit to [].
2023-06-06 06:59:20,312 [main] INFO  server.RaftServer (ConfUtils.java:logGet(46)) - raft.rpc.type = GRPC (default)
2023-06-06 06:59:20,312 [main] INFO  grpc.GrpcConfigKeys (ConfUtils.java:logFallback(53)) - raft.grpc.admin.host = null (fallback to raft.grpc.server.host)
2023-06-06 06:59:20,312 [main] INFO  grpc.GrpcConfigKeys (ConfUtils.java:logGet(46)) - raft.grpc.admin.port = 15021 (custom)
2023-06-06 06:59:20,312 [main] INFO  grpc.GrpcConfigKeys (ConfUtils.java:logFallback(53)) - raft.grpc.client.host = null (fallback to raft.grpc.server.host)
2023-06-06 06:59:20,313 [main] INFO  grpc.GrpcConfigKeys (ConfUtils.java:logGet(46)) - raft.grpc.client.port = 15020 (custom)
2023-06-06 06:59:20,313 [main] INFO  grpc.GrpcConfigKeys (ConfUtils.java:logGet(46)) - raft.grpc.server.host = null (default)
2023-06-06 06:59:20,313 [main] INFO  grpc.GrpcConfigKeys (ConfUtils.java:logGet(46)) - raft.grpc.server.port = 15022 (custom)
2023-06-06 06:59:20,313 [main] INFO  server.GrpcService (ConfUtils.java:logGet(46)) - raft.grpc.message.size.max = 32MB (=33554432) (custom)
2023-06-06 06:59:20,313 [main] INFO  server.RaftServerConfigKeys (ConfUtils.java:logGet(46)) - raft.server.log.appender.buffer.byte-limit = 33554432 (custom)
2023-06-06 06:59:20,313 [main] INFO  server.GrpcService (ConfUtils.java:logGet(46)) - raft.grpc.flow.control.window = 5MB (=5242880) (custom)
2023-06-06 06:59:20,313 [main] INFO  server.RaftServerConfigKeys (ConfUtils.java:logGet(46)) - raft.server.rpc.request.timeout = 60s (custom)
2023-06-06 06:59:20,313 [main] INFO  grpc.GrpcConfigKeys (ConfUtils.java:logGet(46)) - raft.grpc.server.heartbeat.channel = true (default)
2023-06-06 06:59:20,314 [main] INFO  grpc.GrpcConfigKeys (ConfUtils.java:logGet(46)) - raft.grpc.server.async.request.thread.pool.cached = true (default)
2023-06-06 06:59:20,314 [main] INFO  grpc.GrpcConfigKeys (ConfUtils.java:logGet(46)) - raft.grpc.server.async.request.thread.pool.size = 32 (default)
2023-06-06 06:59:20,316 [main] INFO  impl.DataStreamServerImpl (ConfUtils.java:logGet(46)) - raft.datastream.type = NETTY (custom)
2023-06-06 06:59:20,323 [main] INFO  server.RaftServerConfigKeys (ConfUtils.java:logGet(46)) - raft.server.data-stream.async.request.thread.pool.cached = false (default)
2023-06-06 06:59:20,323 [main] INFO  server.RaftServerConfigKeys (ConfUtils.java:logGet(46)) - raft.server.data-stream.async.request.thread.pool.size = 20 (custom)
2023-06-06 06:59:20,324 [main] INFO  server.RaftServerConfigKeys (ConfUtils.java:logGet(46)) - raft.server.data-stream.async.write.thread.pool.size = 16 (default)
2023-06-06 06:59:20,324 [main] INFO  server.RaftServerConfigKeys (ConfUtils.java:logGet(46)) - raft.server.data-stream.client.pool.size = 10 (default)
2023-06-06 06:59:20,326 [main] INFO  netty.NettyConfigKeys$DataStream (ConfUtils.java:logGet(46)) - raft.netty.dataStream.server.use-epoll = false (default)
2023-06-06 06:59:20,327 [main] INFO  netty.NettyConfigKeys$DataStream (ConfUtils.java:logGet(46)) - raft.netty.dataStream.server.boss-group.size = 0 (default)
2023-06-06 06:59:20,333 [main] INFO  netty.NettyConfigKeys$DataStream (ConfUtils.java:logGet(46)) - raft.netty.dataStream.server.worker-group.size = 0 (default)
2023-06-06 06:59:20,333 [main] INFO  netty.NettyConfigKeys$DataStream (ConfUtils.java:logGet(46)) - raft.netty.dataStream.server.tls.conf = null (default)
2023-06-06 06:59:20,334 [main] INFO  netty.NettyConfigKeys$DataStream (ConfUtils.java:logGet(46)) - raft.netty.dataStream.host = null (default)
2023-06-06 06:59:20,335 [main] INFO  netty.NettyConfigKeys$DataStream (ConfUtils.java:logGet(46)) - raft.netty.dataStream.port = 15023 (custom)
2023-06-06 06:59:20,343 [main] INFO  server.RaftServerConfigKeys (ConfUtils.java:logGet(46)) - raft.server.threadpool.proxy.cached = true (default)
2023-06-06 06:59:20,343 [main] INFO  server.RaftServerConfigKeys (ConfUtils.java:logGet(46)) - raft.server.threadpool.proxy.size = 0 (default)
2023-06-06 06:59:20,343 [main] INFO  server.RaftServerConfigKeys (ConfUtils.java:logGet(46)) - raft.server.rpc.slowness.timeout = 300s (custom)
2023-06-06 06:59:20,343 [main] INFO  server.RaftServerConfigKeys (ConfUtils.java:logGet(46)) - raft.server.leaderelection.leader.step-down.wait-time = 10s (default)
2023-06-06 06:59:20,343 [main] INFO  server.RaftServerConfigKeys (ConfUtils.java:logGet(46)) - raft.server.storage.dir = [/home/runner/work/ozone/ozone/hadoop-ozone/integration-test/target/test-dir/MiniOzoneClusterImpl-8bad4e8b-826b-4b9b-92b9-e03c261c0494/datanode-0/data/ratis] (custom)
2023-06-06 06:59:20,363 [252f6884-8a0a-4c07-9df6-494d0e55bfc9-NettyServerStreamRpc-bossGroup--thread1] INFO  logging.LoggingHandler (AbstractInternalLogger.java:log(148)) - [id: 0x8be26969] REGISTERED
2023-06-06 06:59:20,364 [252f6884-8a0a-4c07-9df6-494d0e55bfc9-NettyServerStreamRpc-bossGroup--thread1] INFO  logging.LoggingHandler (AbstractInternalLogger.java:log(148)) - [id: 0x8be26969] BIND: 0.0.0.0/0.0.0.0:15023
2023-06-06 06:59:20,365 [252f6884-8a0a-4c07-9df6-494d0e55bfc9-NettyServerStreamRpc-bossGroup--thread1] INFO  logging.LoggingHandler (AbstractInternalLogger.java:log(148)) - [id: 0x8be26969, L:/0:0:0:0:0:0:0:0:15023] ACTIVE
2023-06-06 06:59:20,378 [main] INFO  server.XceiverServerGrpc (XceiverServerGrpc.java:<init>(132)) - GrpcServer channel type EpollServerSocketChannel
2023-06-06 06:59:20,409 [main] INFO  replication.ReplicationSupervisor (ReplicationSupervisor.java:nodeStateUpdated(305)) - Node state updated to IN_SERVICE, scaling executor pool size to 10
2023-06-06 06:59:20,451 [main] INFO  http.BaseHttpServer (BaseHttpServer.java:newHttpServer2BuilderForOzone(224)) - Starting Web-server for hddsDatanode at: http://0.0.0.0:15017
2023-06-06 06:59:20,451 [main] INFO  http.BaseHttpServer (BaseHttpServer.java:<init>(111)) - Hadoop Security Enabled: false Ozone Security Enabled: false Ozone HTTP Security Enabled: false 
2023-06-06 06:59:20,453 [main] WARN  server.AuthenticationFilter (AuthenticationFilter.java:constructSecretProvider(240)) - Unable to initialize FileSignerSecretProvider, falling back to use random secrets. Reason: Could not read signature secret file: /home/runner/hadoop-http-auth-signature-secret
2023-06-06 06:59:20,453 [main] INFO  http.HttpRequestLog (HttpRequestLog.java:getRequestLog(86)) - Http request log for http.requests.hddsDatanode is not defined
2023-06-06 06:59:20,455 [main] INFO  http.HttpServer2 (HttpServer2.java:addGlobalFilter(1031)) - Added global filter 'safety' (class=org.apache.hadoop.hdds.server.http.HttpServer2$QuotingInputFilter)
2023-06-06 06:59:20,455 [main] INFO  http.HttpServer2 (HttpServer2.java:addFilter(1007)) - Added filter static_user_filter (class=org.apache.hadoop.http.lib.StaticUserWebFilter$StaticUserFilter) to context hddsDatanode
2023-06-06 06:59:20,455 [main] INFO  http.HttpServer2 (HttpServer2.java:addFilter(1015)) - Added filter static_user_filter (class=org.apache.hadoop.http.lib.StaticUserWebFilter$StaticUserFilter) to context logs
2023-06-06 06:59:20,456 [main] INFO  http.HttpServer2 (HttpServer2.java:addFilter(1015)) - Added filter static_user_filter (class=org.apache.hadoop.http.lib.StaticUserWebFilter$StaticUserFilter) to context static
2023-06-06 06:59:20,456 [main] INFO  http.BaseHttpServer (BaseHttpServer.java:<init>(190)) - HTTP server of hddsDatanode uses base directory /home/runner/work/ozone/ozone/hadoop-ozone/integration-test/target/test-dir/MiniOzoneClusterImpl-8bad4e8b-826b-4b9b-92b9-e03c261c0494/datanode-0/meta/webserver
2023-06-06 06:59:20,456 [main] INFO  http.HttpServer2 (HttpServer2.java:bindListener(1250)) - Jetty bound to port 15017
2023-06-06 06:59:20,457 [main] INFO  server.Server (Server.java:doStart(375)) - jetty-9.4.51.v20230217; built: 2023-02-17T08:19:37.309Z; git: b45c405e4544384de066f814ed42ae3dceacdd49; jvm 1.8.0_372-b07
2023-06-06 06:59:20,460 [main] INFO  server.session (DefaultSessionIdManager.java:doStart(334)) - DefaultSessionIdManager workerName=node0
2023-06-06 06:59:20,460 [main] INFO  server.session (DefaultSessionIdManager.java:doStart(339)) - No SessionScavenger set, using defaults
2023-06-06 06:59:20,461 [main] INFO  server.session (HouseKeeper.java:startScavenging(132)) - node0 Scavenging every 600000ms
2023-06-06 06:59:20,462 [main] INFO  handler.ContextHandler (ContextHandler.java:doStart(921)) - Started o.e.j.s.ServletContextHandler@3a58cf8f{logs,/logs,file:///home/runner/work/ozone/ozone/hadoop-ozone/integration-test/target/log,AVAILABLE}
2023-06-06 06:59:20,462 [main] INFO  handler.ContextHandler (ContextHandler.java:doStart(921)) - Started o.e.j.s.ServletContextHandler@70ad20c1{static,/static,jar:file:/home/runner/.m2/repository/org/apache/ozone/hdds-container-service/1.4.0-SNAPSHOT/hdds-container-service-1.4.0-SNAPSHOT.jar!/webapps/static,AVAILABLE}
2023-06-06 06:59:20,696 [main] INFO  handler.ContextHandler (ContextHandler.java:doStart(921)) - Started o.e.j.w.WebAppContext@6c3e27af{hddsDatanode,/,file:///home/runner/work/ozone/ozone/hadoop-ozone/integration-test/target/test-dir/MiniOzoneClusterImpl-8bad4e8b-826b-4b9b-92b9-e03c261c0494/datanode-0/meta/webserver/jetty-0_0_0_0-15017-hdds-container-service-1_4_0-SNAPSHOT_jar-_-any-7136909510993479104/webapp/,AVAILABLE}{jar:file:/home/runner/.m2/repository/org/apache/ozone/hdds-container-service/1.4.0-SNAPSHOT/hdds-container-service-1.4.0-SNAPSHOT.jar!/webapps/hddsDatanode}
2023-06-06 06:59:20,697 [main] INFO  server.AbstractConnector (AbstractConnector.java:doStart(333)) - Started ServerConnector@3f353ae6{HTTP/1.1, (http/1.1)}{0.0.0.0:15017}
2023-06-06 06:59:20,697 [main] INFO  server.Server (Server.java:doStart(415)) - Started @10819ms
2023-06-06 06:59:20,697 [main] WARN  impl.MetricsSystemImpl (MetricsSystemImpl.java:register(279)) - Sink prometheus already exists!
2023-06-06 06:59:20,698 [main] INFO  http.BaseHttpServer (BaseHttpServer.java:updateConnectorAddress(344)) - HTTP server of hddsDatanode listening at http://0.0.0.0:15017
2023-06-06 06:59:20,701 [main] INFO  ipc.CallQueueManager (CallQueueManager.java:<init>(90)) - Using callQueue: class java.util.concurrent.LinkedBlockingQueue, queueCapacity: 100, scheduler: class org.apache.hadoop.ipc.DefaultRpcScheduler, ipcBackoff: false.
2023-06-06 06:59:20,702 [Socket Reader #1 for port 15018] INFO  ipc.Server (Server.java:run(1319)) - Starting Socket Reader #1 for port 15018
2023-06-06 06:59:20,706 [Listener at 0.0.0.0/15018] INFO  hdds.HddsUtils (HddsUtils.java:preserveThreadName(843)) - Restoring thread name: main
2023-06-06 06:59:20,706 [main] INFO  ozone.HddsDatanodeService (HddsDatanodeService.java:start(331)) - Datanode start with admins: [*, runner]
2023-06-06 06:59:20,706 [main] INFO  ozone.HddsDatanodeClientProtocolServer (HddsDatanodeClientProtocolServer.java:start(83)) - RPC server for Client /0.0.0.0:15018
2023-06-06 06:59:20,709 [IPC Server Responder] INFO  ipc.Server (Server.java:run(1558)) - IPC Server Responder: starting
2023-06-06 06:59:20,709 [IPC Server listener on 15018] INFO  ipc.Server (Server.java:run(1398)) - IPC Server listener on 15018: starting
2023-06-06 06:59:20,712 [Datanode State Machine Daemon Thread] INFO  statemachine.DatanodeStateMachine (DatanodeStateMachine.java:lambda$startDaemon$0(523)) - Ozone container server started.
2023-06-06 06:59:20,713 [main] WARN  impl.MetricRegistriesImpl (MetricRegistriesImpl.java:addReporterRegistration(111)) - New reporters are added after registries were created. Some metrics will be missing from the reporter. Please add reporter before adding any new registry.
2023-06-06 06:59:20,713 [main] WARN  impl.MetricRegistriesImpl (MetricRegistriesImpl.java:addReporterRegistration(111)) - New reporters are added after registries were created. Some metrics will be missing from the reporter. Please add reporter before adding any new registry.
2023-06-06 06:59:20,714 [main] INFO  impl.MetricsSystemImpl (MetricsSystemImpl.java:init(158)) - HddsDatanode metrics system started (again)
2023-06-06 06:59:20,725 [main] INFO  ozone.HddsDatanodeService (HddsDatanodeService.java:start(261)) - HddsDatanodeService host:fv-az617-212.pwnmbzmyba5ezmab2zpzaqbtmg.cx.internal.cloudapp.net ip:10.1.26.1
2023-06-06 06:59:20,762 [main] INFO  upgrade.AbstractLayoutVersionManager (AbstractLayoutVersionManager.java:init(83)) - Initializing Layout version manager with metadata layout = HADOOP_PRC_PORTS_IN_DATANODEDETAILS (version = 7), software layout = HADOOP_PRC_PORTS_IN_DATANODEDETAILS (version = 7)
2023-06-06 06:59:20,763 [main] INFO  statemachine.DatanodeStateMachine (DatanodeStateMachine.java:getEndPointTaskThreadPoolSize(271)) - Datanode State Machine Task Thread Pool size 2
2023-06-06 06:59:20,770 [main] INFO  volume.HddsVolume (HddsVolume.java:<init>(130)) - Creating HddsVolume: /home/runner/work/ozone/ozone/hadoop-ozone/integration-test/target/test-dir/MiniOzoneClusterImpl-8bad4e8b-826b-4b9b-92b9-e03c261c0494/datanode-1/data-0/containers/hdds of storage type : DISK capacity : 9223372036854775807
2023-06-06 06:59:20,771 [main] INFO  volume.MutableVolumeSet (MutableVolumeSet.java:initializeVolumeSet(175)) - Added Volume : /home/runner/work/ozone/ozone/hadoop-ozone/integration-test/target/test-dir/MiniOzoneClusterImpl-8bad4e8b-826b-4b9b-92b9-e03c261c0494/datanode-1/data-0/containers/hdds to VolumeSet
2023-06-06 06:59:20,771 [main] INFO  volume.ThrottledAsyncChecker (ThrottledAsyncChecker.java:schedule(141)) - Scheduling a check for /home/runner/work/ozone/ozone/hadoop-ozone/integration-test/target/test-dir/MiniOzoneClusterImpl-8bad4e8b-826b-4b9b-92b9-e03c261c0494/datanode-1/data-0/containers/hdds
2023-06-06 06:59:20,771 [main] INFO  volume.StorageVolumeChecker (StorageVolumeChecker.java:checkAllVolumes(202)) - Scheduled health check for volume /home/runner/work/ozone/ozone/hadoop-ozone/integration-test/target/test-dir/MiniOzoneClusterImpl-8bad4e8b-826b-4b9b-92b9-e03c261c0494/datanode-1/data-0/containers/hdds
2023-06-06 06:59:20,784 [main] INFO  volume.MutableVolumeSet (MutableVolumeSet.java:initializeVolumeSet(175)) - Added Volume : /home/runner/work/ozone/ozone/hadoop-ozone/integration-test/target/test-dir/MiniOzoneClusterImpl-8bad4e8b-826b-4b9b-92b9-e03c261c0494/datanode-1/data/ratis to VolumeSet
2023-06-06 06:59:20,784 [main] INFO  volume.ThrottledAsyncChecker (ThrottledAsyncChecker.java:schedule(141)) - Scheduling a check for /home/runner/work/ozone/ozone/hadoop-ozone/integration-test/target/test-dir/MiniOzoneClusterImpl-8bad4e8b-826b-4b9b-92b9-e03c261c0494/datanode-1/data/ratis
2023-06-06 06:59:20,784 [main] INFO  volume.StorageVolumeChecker (StorageVolumeChecker.java:checkAllVolumes(202)) - Scheduled health check for volume /home/runner/work/ozone/ozone/hadoop-ozone/integration-test/target/test-dir/MiniOzoneClusterImpl-8bad4e8b-826b-4b9b-92b9-e03c261c0494/datanode-1/data/ratis
2023-06-06 06:59:20,795 [Thread-277] INFO  ozoneimpl.ContainerReader (ContainerReader.java:readVolume(175)) - Finish verifying containers on volume /home/runner/work/ozone/ozone/hadoop-ozone/integration-test/target/test-dir/MiniOzoneClusterImpl-8bad4e8b-826b-4b9b-92b9-e03c261c0494/datanode-1/data-0/containers/hdds
2023-06-06 06:59:20,796 [main] INFO  ozoneimpl.OzoneContainer (OzoneContainer.java:buildContainerSet(303)) - Build ContainerSet costs 0s
2023-06-06 06:59:20,798 [main] INFO  server.RaftServer (ConfUtils.java:logGet(46)) - raft.rpc.type = GRPC (default)
2023-06-06 06:59:20,798 [main] INFO  grpc.GrpcConfigKeys (ConfUtils.java:logFallback(53)) - raft.grpc.admin.host = null (fallback to raft.grpc.server.host)
2023-06-06 06:59:20,799 [main] INFO  grpc.GrpcConfigKeys (ConfUtils.java:logGet(46)) - raft.grpc.admin.port = 15030 (custom)
2023-06-06 06:59:20,799 [main] INFO  grpc.GrpcConfigKeys (ConfUtils.java:logFallback(53)) - raft.grpc.client.host = null (fallback to raft.grpc.server.host)
2023-06-06 06:59:20,799 [main] INFO  grpc.GrpcConfigKeys (ConfUtils.java:logGet(46)) - raft.grpc.client.port = 15029 (custom)
2023-06-06 06:59:20,799 [main] INFO  grpc.GrpcConfigKeys (ConfUtils.java:logGet(46)) - raft.grpc.server.host = null (default)
2023-06-06 06:59:20,799 [main] INFO  grpc.GrpcConfigKeys (ConfUtils.java:logGet(46)) - raft.grpc.server.port = 15031 (custom)
2023-06-06 06:59:20,799 [main] INFO  server.GrpcService (ConfUtils.java:logGet(46)) - raft.grpc.message.size.max = 32MB (=33554432) (custom)
2023-06-06 06:59:20,799 [main] INFO  server.RaftServerConfigKeys (ConfUtils.java:logGet(46)) - raft.server.log.appender.buffer.byte-limit = 33554432 (custom)
2023-06-06 06:59:20,799 [main] INFO  server.GrpcService (ConfUtils.java:logGet(46)) - raft.grpc.flow.control.window = 5MB (=5242880) (custom)
2023-06-06 06:59:20,799 [main] INFO  server.RaftServerConfigKeys (ConfUtils.java:logGet(46)) - raft.server.rpc.request.timeout = 60s (custom)
2023-06-06 06:59:20,800 [main] INFO  grpc.GrpcConfigKeys (ConfUtils.java:logGet(46)) - raft.grpc.server.heartbeat.channel = true (default)
2023-06-06 06:59:20,800 [main] INFO  grpc.GrpcConfigKeys (ConfUtils.java:logGet(46)) - raft.grpc.server.async.request.thread.pool.cached = true (default)
2023-06-06 06:59:20,800 [main] INFO  grpc.GrpcConfigKeys (ConfUtils.java:logGet(46)) - raft.grpc.server.async.request.thread.pool.size = 32 (default)
2023-06-06 06:59:20,802 [main] INFO  impl.DataStreamServerImpl (ConfUtils.java:logGet(46)) - raft.datastream.type = NETTY (custom)
2023-06-06 06:59:20,802 [main] INFO  server.RaftServerConfigKeys (ConfUtils.java:logGet(46)) - raft.server.data-stream.async.request.thread.pool.cached = false (default)
2023-06-06 06:59:20,802 [main] INFO  server.RaftServerConfigKeys (ConfUtils.java:logGet(46)) - raft.server.data-stream.async.request.thread.pool.size = 20 (custom)
2023-06-06 06:59:20,803 [main] INFO  server.RaftServerConfigKeys (ConfUtils.java:logGet(46)) - raft.server.data-stream.async.write.thread.pool.size = 16 (default)
2023-06-06 06:59:20,803 [main] INFO  server.RaftServerConfigKeys (ConfUtils.java:logGet(46)) - raft.server.data-stream.client.pool.size = 10 (default)
2023-06-06 06:59:20,803 [main] INFO  netty.NettyConfigKeys$DataStream (ConfUtils.java:logGet(46)) - raft.netty.dataStream.server.use-epoll = false (default)
2023-06-06 06:59:20,803 [main] INFO  netty.NettyConfigKeys$DataStream (ConfUtils.java:logGet(46)) - raft.netty.dataStream.server.boss-group.size = 0 (default)
2023-06-06 06:59:20,803 [main] INFO  netty.NettyConfigKeys$DataStream (ConfUtils.java:logGet(46)) - raft.netty.dataStream.server.worker-group.size = 0 (default)
2023-06-06 06:59:20,804 [main] INFO  netty.NettyConfigKeys$DataStream (ConfUtils.java:logGet(46)) - raft.netty.dataStream.server.tls.conf = null (default)
2023-06-06 06:59:20,804 [main] INFO  netty.NettyConfigKeys$DataStream (ConfUtils.java:logGet(46)) - raft.netty.dataStream.host = null (default)
2023-06-06 06:59:20,804 [main] INFO  netty.NettyConfigKeys$DataStream (ConfUtils.java:logGet(46)) - raft.netty.dataStream.port = 15032 (custom)
2023-06-06 06:59:20,804 [main] INFO  server.RaftServerConfigKeys (ConfUtils.java:logGet(46)) - raft.server.threadpool.proxy.cached = true (default)
2023-06-06 06:59:20,804 [main] INFO  server.RaftServerConfigKeys (ConfUtils.java:logGet(46)) - raft.server.threadpool.proxy.size = 0 (default)
2023-06-06 06:59:20,804 [main] INFO  server.RaftServerConfigKeys (ConfUtils.java:logGet(46)) - raft.server.rpc.slowness.timeout = 300s (custom)
2023-06-06 06:59:20,804 [main] INFO  server.RaftServerConfigKeys (ConfUtils.java:logGet(46)) - raft.server.leaderelection.leader.step-down.wait-time = 10s (default)
2023-06-06 06:59:20,805 [main] INFO  server.RaftServerConfigKeys (ConfUtils.java:logGet(46)) - raft.server.storage.dir = [/home/runner/work/ozone/ozone/hadoop-ozone/integration-test/target/test-dir/MiniOzoneClusterImpl-8bad4e8b-826b-4b9b-92b9-e03c261c0494/datanode-1/data/ratis] (custom)
2023-06-06 06:59:20,805 [9b7fe73a-3db0-4294-ac6d-c59285debe9e-NettyServerStreamRpc-bossGroup--thread1] INFO  logging.LoggingHandler (AbstractInternalLogger.java:log(148)) - [id: 0x81e32846] REGISTERED
2023-06-06 06:59:20,813 [9b7fe73a-3db0-4294-ac6d-c59285debe9e-NettyServerStreamRpc-bossGroup--thread1] INFO  logging.LoggingHandler (AbstractInternalLogger.java:log(148)) - [id: 0x81e32846] BIND: 0.0.0.0/0.0.0.0:15032
2023-06-06 06:59:20,813 [9b7fe73a-3db0-4294-ac6d-c59285debe9e-NettyServerStreamRpc-bossGroup--thread1] INFO  logging.LoggingHandler (AbstractInternalLogger.java:log(148)) - [id: 0x81e32846, L:/0:0:0:0:0:0:0:0:15032] ACTIVE
2023-06-06 06:59:20,815 [main] INFO  server.XceiverServerGrpc (XceiverServerGrpc.java:<init>(132)) - GrpcServer channel type EpollServerSocketChannel
2023-06-06 06:59:20,817 [main] INFO  replication.ReplicationSupervisor (ReplicationSupervisor.java:nodeStateUpdated(305)) - Node state updated to IN_SERVICE, scaling executor pool size to 10
2023-06-06 06:59:20,826 [main] INFO  http.BaseHttpServer (BaseHttpServer.java:newHttpServer2BuilderForOzone(224)) - Starting Web-server for hddsDatanode at: http://0.0.0.0:15026
2023-06-06 06:59:20,826 [main] INFO  http.BaseHttpServer (BaseHttpServer.java:<init>(111)) - Hadoop Security Enabled: false Ozone Security Enabled: false Ozone HTTP Security Enabled: false 
2023-06-06 06:59:20,827 [main] WARN  server.AuthenticationFilter (AuthenticationFilter.java:constructSecretProvider(240)) - Unable to initialize FileSignerSecretProvider, falling back to use random secrets. Reason: Could not read signature secret file: /home/runner/hadoop-http-auth-signature-secret
2023-06-06 06:59:20,831 [main] INFO  http.HttpRequestLog (HttpRequestLog.java:getRequestLog(86)) - Http request log for http.requests.hddsDatanode is not defined
2023-06-06 06:59:20,833 [main] INFO  http.HttpServer2 (HttpServer2.java:addGlobalFilter(1031)) - Added global filter 'safety' (class=org.apache.hadoop.hdds.server.http.HttpServer2$QuotingInputFilter)
2023-06-06 06:59:20,833 [main] INFO  http.HttpServer2 (HttpServer2.java:addFilter(1007)) - Added filter static_user_filter (class=org.apache.hadoop.http.lib.StaticUserWebFilter$StaticUserFilter) to context hddsDatanode
2023-06-06 06:59:20,834 [main] INFO  http.HttpServer2 (HttpServer2.java:addFilter(1015)) - Added filter static_user_filter (class=org.apache.hadoop.http.lib.StaticUserWebFilter$StaticUserFilter) to context logs
2023-06-06 06:59:20,834 [main] INFO  http.HttpServer2 (HttpServer2.java:addFilter(1015)) - Added filter static_user_filter (class=org.apache.hadoop.http.lib.StaticUserWebFilter$StaticUserFilter) to context static
2023-06-06 06:59:20,836 [main] INFO  http.BaseHttpServer (BaseHttpServer.java:<init>(190)) - HTTP server of hddsDatanode uses base directory /home/runner/work/ozone/ozone/hadoop-ozone/integration-test/target/test-dir/MiniOzoneClusterImpl-8bad4e8b-826b-4b9b-92b9-e03c261c0494/datanode-1/meta/webserver
2023-06-06 06:59:20,836 [main] INFO  http.HttpServer2 (HttpServer2.java:bindListener(1250)) - Jetty bound to port 15026
2023-06-06 06:59:20,836 [main] INFO  server.Server (Server.java:doStart(375)) - jetty-9.4.51.v20230217; built: 2023-02-17T08:19:37.309Z; git: b45c405e4544384de066f814ed42ae3dceacdd49; jvm 1.8.0_372-b07
2023-06-06 06:59:20,841 [omNode-3@group-523986131536-FollowerState] INFO  server.RaftServerConfigKeys (ConfUtils.java:logFallback(53)) - raft.server.rpc.first-election.timeout.min = 1s (fallback to raft.server.rpc.timeout.min)
2023-06-06 06:59:20,841 [omNode-3@group-523986131536-FollowerState] INFO  server.RaftServerConfigKeys (ConfUtils.java:logFallback(53)) - raft.server.rpc.first-election.timeout.max = 1200ms (fallback to raft.server.rpc.timeout.max)
2023-06-06 06:59:20,848 [main] INFO  server.session (DefaultSessionIdManager.java:doStart(334)) - DefaultSessionIdManager workerName=node0
2023-06-06 06:59:20,849 [main] INFO  server.session (DefaultSessionIdManager.java:doStart(339)) - No SessionScavenger set, using defaults
2023-06-06 06:59:20,849 [main] INFO  server.session (HouseKeeper.java:startScavenging(132)) - node0 Scavenging every 600000ms
2023-06-06 06:59:20,849 [main] INFO  handler.ContextHandler (ContextHandler.java:doStart(921)) - Started o.e.j.s.ServletContextHandler@6ff2d1d{logs,/logs,file:///home/runner/work/ozone/ozone/hadoop-ozone/integration-test/target/log,AVAILABLE}
2023-06-06 06:59:20,850 [main] INFO  handler.ContextHandler (ContextHandler.java:doStart(921)) - Started o.e.j.s.ServletContextHandler@53b9d387{static,/static,jar:file:/home/runner/.m2/repository/org/apache/ozone/hdds-container-service/1.4.0-SNAPSHOT/hdds-container-service-1.4.0-SNAPSHOT.jar!/webapps/static,AVAILABLE}
2023-06-06 06:59:20,926 [Datanode State Machine Task Thread - 0] INFO  datanode.InitDatanodeState (InitDatanodeState.java:persistContainerDatanodeDetails(138)) - DatanodeDetails is persisted to /home/runner/work/ozone/ozone/hadoop-ozone/integration-test/target/test-dir/MiniOzoneClusterImpl-8bad4e8b-826b-4b9b-92b9-e03c261c0494/datanode-0/meta/datanode.id
2023-06-06 06:59:21,085 [main] INFO  handler.ContextHandler (ContextHandler.java:doStart(921)) - Started o.e.j.w.WebAppContext@5d80293e{hddsDatanode,/,file:///home/runner/work/ozone/ozone/hadoop-ozone/integration-test/target/test-dir/MiniOzoneClusterImpl-8bad4e8b-826b-4b9b-92b9-e03c261c0494/datanode-1/meta/webserver/jetty-0_0_0_0-15026-hdds-container-service-1_4_0-SNAPSHOT_jar-_-any-416437194228266048/webapp/,AVAILABLE}{jar:file:/home/runner/.m2/repository/org/apache/ozone/hdds-container-service/1.4.0-SNAPSHOT/hdds-container-service-1.4.0-SNAPSHOT.jar!/webapps/hddsDatanode}
2023-06-06 06:59:21,086 [main] INFO  server.AbstractConnector (AbstractConnector.java:doStart(333)) - Started ServerConnector@2791a2b4{HTTP/1.1, (http/1.1)}{0.0.0.0:15026}
2023-06-06 06:59:21,086 [main] INFO  server.Server (Server.java:doStart(415)) - Started @11208ms
2023-06-06 06:59:21,087 [main] WARN  impl.MetricsSystemImpl (MetricsSystemImpl.java:register(279)) - Sink prometheus already exists!
2023-06-06 06:59:21,087 [main] INFO  http.BaseHttpServer (BaseHttpServer.java:updateConnectorAddress(344)) - HTTP server of hddsDatanode listening at http://0.0.0.0:15026
2023-06-06 06:59:21,087 [main] INFO  ipc.CallQueueManager (CallQueueManager.java:<init>(90)) - Using callQueue: class java.util.concurrent.LinkedBlockingQueue, queueCapacity: 100, scheduler: class org.apache.hadoop.ipc.DefaultRpcScheduler, ipcBackoff: false.
2023-06-06 06:59:21,088 [Socket Reader #1 for port 15027] INFO  ipc.Server (Server.java:run(1319)) - Starting Socket Reader #1 for port 15027
2023-06-06 06:59:21,090 [Listener at 0.0.0.0/15027] INFO  hdds.HddsUtils (HddsUtils.java:preserveThreadName(843)) - Restoring thread name: main
2023-06-06 06:59:21,091 [main] INFO  ozone.HddsDatanodeService (HddsDatanodeService.java:start(331)) - Datanode start with admins: [*, runner]
2023-06-06 06:59:21,091 [main] INFO  ozone.HddsDatanodeClientProtocolServer (HddsDatanodeClientProtocolServer.java:start(83)) - RPC server for Client /0.0.0.0:15027
2023-06-06 06:59:21,092 [IPC Server Responder] INFO  ipc.Server (Server.java:run(1558)) - IPC Server Responder: starting
2023-06-06 06:59:21,092 [IPC Server listener on 15027] INFO  ipc.Server (Server.java:run(1398)) - IPC Server listener on 15027: starting
2023-06-06 06:59:21,092 [main] WARN  impl.MetricRegistriesImpl (MetricRegistriesImpl.java:addReporterRegistration(111)) - New reporters are added after registries were created. Some metrics will be missing from the reporter. Please add reporter before adding any new registry.
2023-06-06 06:59:21,092 [main] WARN  impl.MetricRegistriesImpl (MetricRegistriesImpl.java:addReporterRegistration(111)) - New reporters are added after registries were created. Some metrics will be missing from the reporter. Please add reporter before adding any new registry.
2023-06-06 06:59:21,092 [main] INFO  impl.MetricsSystemImpl (MetricsSystemImpl.java:init(158)) - HddsDatanode metrics system started (again)
2023-06-06 06:59:21,093 [Datanode State Machine Daemon Thread] INFO  statemachine.DatanodeStateMachine (DatanodeStateMachine.java:lambda$startDaemon$0(523)) - Ozone container server started.
2023-06-06 06:59:21,104 [main] INFO  ozone.HddsDatanodeService (HddsDatanodeService.java:start(261)) - HddsDatanodeService host:fv-az617-212.pwnmbzmyba5ezmab2zpzaqbtmg.cx.internal.cloudapp.net ip:10.1.26.1
2023-06-06 06:59:21,123 [Datanode State Machine Task Thread - 0] INFO  datanode.InitDatanodeState (InitDatanodeState.java:persistContainerDatanodeDetails(138)) - DatanodeDetails is persisted to /home/runner/work/ozone/ozone/hadoop-ozone/integration-test/target/test-dir/MiniOzoneClusterImpl-8bad4e8b-826b-4b9b-92b9-e03c261c0494/datanode-1/meta/datanode.id
2023-06-06 06:59:21,134 [main] INFO  upgrade.AbstractLayoutVersionManager (AbstractLayoutVersionManager.java:init(83)) - Initializing Layout version manager with metadata layout = HADOOP_PRC_PORTS_IN_DATANODEDETAILS (version = 7), software layout = HADOOP_PRC_PORTS_IN_DATANODEDETAILS (version = 7)
2023-06-06 06:59:21,135 [main] INFO  statemachine.DatanodeStateMachine (DatanodeStateMachine.java:getEndPointTaskThreadPoolSize(271)) - Datanode State Machine Task Thread Pool size 2
2023-06-06 06:59:21,137 [main] INFO  volume.HddsVolume (HddsVolume.java:<init>(130)) - Creating HddsVolume: /home/runner/work/ozone/ozone/hadoop-ozone/integration-test/target/test-dir/MiniOzoneClusterImpl-8bad4e8b-826b-4b9b-92b9-e03c261c0494/datanode-2/data-0/containers/hdds of storage type : DISK capacity : 9223372036854775807
2023-06-06 06:59:21,137 [main] INFO  volume.MutableVolumeSet (MutableVolumeSet.java:initializeVolumeSet(175)) - Added Volume : /home/runner/work/ozone/ozone/hadoop-ozone/integration-test/target/test-dir/MiniOzoneClusterImpl-8bad4e8b-826b-4b9b-92b9-e03c261c0494/datanode-2/data-0/containers/hdds to VolumeSet
2023-06-06 06:59:21,137 [main] INFO  volume.ThrottledAsyncChecker (ThrottledAsyncChecker.java:schedule(141)) - Scheduling a check for /home/runner/work/ozone/ozone/hadoop-ozone/integration-test/target/test-dir/MiniOzoneClusterImpl-8bad4e8b-826b-4b9b-92b9-e03c261c0494/datanode-2/data-0/containers/hdds
2023-06-06 06:59:21,144 [main] INFO  volume.StorageVolumeChecker (StorageVolumeChecker.java:checkAllVolumes(202)) - Scheduled health check for volume /home/runner/work/ozone/ozone/hadoop-ozone/integration-test/target/test-dir/MiniOzoneClusterImpl-8bad4e8b-826b-4b9b-92b9-e03c261c0494/datanode-2/data-0/containers/hdds
2023-06-06 06:59:21,155 [main] INFO  volume.MutableVolumeSet (MutableVolumeSet.java:initializeVolumeSet(175)) - Added Volume : /home/runner/work/ozone/ozone/hadoop-ozone/integration-test/target/test-dir/MiniOzoneClusterImpl-8bad4e8b-826b-4b9b-92b9-e03c261c0494/datanode-2/data/ratis to VolumeSet
2023-06-06 06:59:21,155 [main] INFO  volume.ThrottledAsyncChecker (ThrottledAsyncChecker.java:schedule(141)) - Scheduling a check for /home/runner/work/ozone/ozone/hadoop-ozone/integration-test/target/test-dir/MiniOzoneClusterImpl-8bad4e8b-826b-4b9b-92b9-e03c261c0494/datanode-2/data/ratis
2023-06-06 06:59:21,155 [main] INFO  volume.StorageVolumeChecker (StorageVolumeChecker.java:checkAllVolumes(202)) - Scheduled health check for volume /home/runner/work/ozone/ozone/hadoop-ozone/integration-test/target/test-dir/MiniOzoneClusterImpl-8bad4e8b-826b-4b9b-92b9-e03c261c0494/datanode-2/data/ratis
2023-06-06 06:59:21,165 [Thread-294] INFO  ozoneimpl.ContainerReader (ContainerReader.java:readVolume(175)) - Finish verifying containers on volume /home/runner/work/ozone/ozone/hadoop-ozone/integration-test/target/test-dir/MiniOzoneClusterImpl-8bad4e8b-826b-4b9b-92b9-e03c261c0494/datanode-2/data-0/containers/hdds
2023-06-06 06:59:21,165 [main] INFO  ozoneimpl.OzoneContainer (OzoneContainer.java:buildContainerSet(303)) - Build ContainerSet costs 0s
2023-06-06 06:59:21,168 [main] INFO  server.RaftServer (ConfUtils.java:logGet(46)) - raft.rpc.type = GRPC (default)
2023-06-06 06:59:21,168 [main] INFO  grpc.GrpcConfigKeys (ConfUtils.java:logFallback(53)) - raft.grpc.admin.host = null (fallback to raft.grpc.server.host)
2023-06-06 06:59:21,168 [main] INFO  grpc.GrpcConfigKeys (ConfUtils.java:logGet(46)) - raft.grpc.admin.port = 15039 (custom)
2023-06-06 06:59:21,168 [main] INFO  grpc.GrpcConfigKeys (ConfUtils.java:logFallback(53)) - raft.grpc.client.host = null (fallback to raft.grpc.server.host)
2023-06-06 06:59:21,168 [main] INFO  grpc.GrpcConfigKeys (ConfUtils.java:logGet(46)) - raft.grpc.client.port = 15038 (custom)
2023-06-06 06:59:21,168 [main] INFO  grpc.GrpcConfigKeys (ConfUtils.java:logGet(46)) - raft.grpc.server.host = null (default)
2023-06-06 06:59:21,168 [main] INFO  grpc.GrpcConfigKeys (ConfUtils.java:logGet(46)) - raft.grpc.server.port = 15040 (custom)
2023-06-06 06:59:21,169 [main] INFO  server.GrpcService (ConfUtils.java:logGet(46)) - raft.grpc.message.size.max = 32MB (=33554432) (custom)
2023-06-06 06:59:21,169 [main] INFO  server.RaftServerConfigKeys (ConfUtils.java:logGet(46)) - raft.server.log.appender.buffer.byte-limit = 33554432 (custom)
2023-06-06 06:59:21,169 [main] INFO  server.GrpcService (ConfUtils.java:logGet(46)) - raft.grpc.flow.control.window = 5MB (=5242880) (custom)
2023-06-06 06:59:21,169 [main] INFO  server.RaftServerConfigKeys (ConfUtils.java:logGet(46)) - raft.server.rpc.request.timeout = 60s (custom)
2023-06-06 06:59:21,169 [main] INFO  grpc.GrpcConfigKeys (ConfUtils.java:logGet(46)) - raft.grpc.server.heartbeat.channel = true (default)
2023-06-06 06:59:21,169 [main] INFO  grpc.GrpcConfigKeys (ConfUtils.java:logGet(46)) - raft.grpc.server.async.request.thread.pool.cached = true (default)
2023-06-06 06:59:21,169 [main] INFO  grpc.GrpcConfigKeys (ConfUtils.java:logGet(46)) - raft.grpc.server.async.request.thread.pool.size = 32 (default)
2023-06-06 06:59:21,171 [main] INFO  impl.DataStreamServerImpl (ConfUtils.java:logGet(46)) - raft.datastream.type = NETTY (custom)
2023-06-06 06:59:21,171 [main] INFO  server.RaftServerConfigKeys (ConfUtils.java:logGet(46)) - raft.server.data-stream.async.request.thread.pool.cached = false (default)
2023-06-06 06:59:21,171 [main] INFO  server.RaftServerConfigKeys (ConfUtils.java:logGet(46)) - raft.server.data-stream.async.request.thread.pool.size = 20 (custom)
2023-06-06 06:59:21,172 [main] INFO  server.RaftServerConfigKeys (ConfUtils.java:logGet(46)) - raft.server.data-stream.async.write.thread.pool.size = 16 (default)
2023-06-06 06:59:21,172 [main] INFO  server.RaftServerConfigKeys (ConfUtils.java:logGet(46)) - raft.server.data-stream.client.pool.size = 10 (default)
2023-06-06 06:59:21,172 [main] INFO  netty.NettyConfigKeys$DataStream (ConfUtils.java:logGet(46)) - raft.netty.dataStream.server.use-epoll = false (default)
2023-06-06 06:59:21,172 [main] INFO  netty.NettyConfigKeys$DataStream (ConfUtils.java:logGet(46)) - raft.netty.dataStream.server.boss-group.size = 0 (default)
2023-06-06 06:59:21,172 [main] INFO  netty.NettyConfigKeys$DataStream (ConfUtils.java:logGet(46)) - raft.netty.dataStream.server.worker-group.size = 0 (default)
2023-06-06 06:59:21,172 [main] INFO  netty.NettyConfigKeys$DataStream (ConfUtils.java:logGet(46)) - raft.netty.dataStream.server.tls.conf = null (default)
2023-06-06 06:59:21,173 [main] INFO  netty.NettyConfigKeys$DataStream (ConfUtils.java:logGet(46)) - raft.netty.dataStream.host = null (default)
2023-06-06 06:59:21,173 [main] INFO  netty.NettyConfigKeys$DataStream (ConfUtils.java:logGet(46)) - raft.netty.dataStream.port = 15041 (custom)
2023-06-06 06:59:21,173 [main] INFO  server.RaftServerConfigKeys (ConfUtils.java:logGet(46)) - raft.server.threadpool.proxy.cached = true (default)
2023-06-06 06:59:21,173 [main] INFO  server.RaftServerConfigKeys (ConfUtils.java:logGet(46)) - raft.server.threadpool.proxy.size = 0 (default)
2023-06-06 06:59:21,173 [main] INFO  server.RaftServerConfigKeys (ConfUtils.java:logGet(46)) - raft.server.rpc.slowness.timeout = 300s (custom)
2023-06-06 06:59:21,174 [main] INFO  server.RaftServerConfigKeys (ConfUtils.java:logGet(46)) - raft.server.leaderelection.leader.step-down.wait-time = 10s (default)
2023-06-06 06:59:21,174 [main] INFO  server.RaftServerConfigKeys (ConfUtils.java:logGet(46)) - raft.server.storage.dir = [/home/runner/work/ozone/ozone/hadoop-ozone/integration-test/target/test-dir/MiniOzoneClusterImpl-8bad4e8b-826b-4b9b-92b9-e03c261c0494/datanode-2/data/ratis] (custom)
2023-06-06 06:59:21,174 [e0d9f277-ba74-4528-aa5b-6dadce97c603-NettyServerStreamRpc-bossGroup--thread1] INFO  logging.LoggingHandler (AbstractInternalLogger.java:log(148)) - [id: 0x6986f956] REGISTERED
2023-06-06 06:59:21,174 [e0d9f277-ba74-4528-aa5b-6dadce97c603-NettyServerStreamRpc-bossGroup--thread1] INFO  logging.LoggingHandler (AbstractInternalLogger.java:log(148)) - [id: 0x6986f956] BIND: 0.0.0.0/0.0.0.0:15041
2023-06-06 06:59:21,174 [e0d9f277-ba74-4528-aa5b-6dadce97c603-NettyServerStreamRpc-bossGroup--thread1] INFO  logging.LoggingHandler (AbstractInternalLogger.java:log(148)) - [id: 0x6986f956, L:/0:0:0:0:0:0:0:0:15041] ACTIVE
2023-06-06 06:59:21,176 [main] INFO  server.XceiverServerGrpc (XceiverServerGrpc.java:<init>(132)) - GrpcServer channel type EpollServerSocketChannel
2023-06-06 06:59:21,177 [main] INFO  replication.ReplicationSupervisor (ReplicationSupervisor.java:nodeStateUpdated(305)) - Node state updated to IN_SERVICE, scaling executor pool size to 10
2023-06-06 06:59:21,179 [main] INFO  http.BaseHttpServer (BaseHttpServer.java:newHttpServer2BuilderForOzone(224)) - Starting Web-server for hddsDatanode at: http://0.0.0.0:15035
2023-06-06 06:59:21,179 [main] INFO  http.BaseHttpServer (BaseHttpServer.java:<init>(111)) - Hadoop Security Enabled: false Ozone Security Enabled: false Ozone HTTP Security Enabled: false 
2023-06-06 06:59:21,180 [main] WARN  server.AuthenticationFilter (AuthenticationFilter.java:constructSecretProvider(240)) - Unable to initialize FileSignerSecretProvider, falling back to use random secrets. Reason: Could not read signature secret file: /home/runner/hadoop-http-auth-signature-secret
2023-06-06 06:59:21,181 [main] INFO  http.HttpRequestLog (HttpRequestLog.java:getRequestLog(86)) - Http request log for http.requests.hddsDatanode is not defined
2023-06-06 06:59:21,182 [main] INFO  http.HttpServer2 (HttpServer2.java:addGlobalFilter(1031)) - Added global filter 'safety' (class=org.apache.hadoop.hdds.server.http.HttpServer2$QuotingInputFilter)
2023-06-06 06:59:21,184 [main] INFO  http.HttpServer2 (HttpServer2.java:addFilter(1007)) - Added filter static_user_filter (class=org.apache.hadoop.http.lib.StaticUserWebFilter$StaticUserFilter) to context hddsDatanode
2023-06-06 06:59:21,184 [main] INFO  http.HttpServer2 (HttpServer2.java:addFilter(1015)) - Added filter static_user_filter (class=org.apache.hadoop.http.lib.StaticUserWebFilter$StaticUserFilter) to context logs
2023-06-06 06:59:21,184 [main] INFO  http.HttpServer2 (HttpServer2.java:addFilter(1015)) - Added filter static_user_filter (class=org.apache.hadoop.http.lib.StaticUserWebFilter$StaticUserFilter) to context static
2023-06-06 06:59:21,185 [main] INFO  http.BaseHttpServer (BaseHttpServer.java:<init>(190)) - HTTP server of hddsDatanode uses base directory /home/runner/work/ozone/ozone/hadoop-ozone/integration-test/target/test-dir/MiniOzoneClusterImpl-8bad4e8b-826b-4b9b-92b9-e03c261c0494/datanode-2/meta/webserver
2023-06-06 06:59:21,185 [main] INFO  http.HttpServer2 (HttpServer2.java:bindListener(1250)) - Jetty bound to port 15035
2023-06-06 06:59:21,185 [main] INFO  server.Server (Server.java:doStart(375)) - jetty-9.4.51.v20230217; built: 2023-02-17T08:19:37.309Z; git: b45c405e4544384de066f814ed42ae3dceacdd49; jvm 1.8.0_372-b07
2023-06-06 06:59:21,186 [main] INFO  server.session (DefaultSessionIdManager.java:doStart(334)) - DefaultSessionIdManager workerName=node0
2023-06-06 06:59:21,186 [main] INFO  server.session (DefaultSessionIdManager.java:doStart(339)) - No SessionScavenger set, using defaults
2023-06-06 06:59:21,187 [main] INFO  server.session (HouseKeeper.java:startScavenging(132)) - node0 Scavenging every 660000ms
2023-06-06 06:59:21,187 [main] INFO  handler.ContextHandler (ContextHandler.java:doStart(921)) - Started o.e.j.s.ServletContextHandler@5781301{logs,/logs,file:///home/runner/work/ozone/ozone/hadoop-ozone/integration-test/target/log,AVAILABLE}
2023-06-06 06:59:21,188 [main] INFO  handler.ContextHandler (ContextHandler.java:doStart(921)) - Started o.e.j.s.ServletContextHandler@5beaccd4{static,/static,jar:file:/home/runner/.m2/repository/org/apache/ozone/hdds-container-service/1.4.0-SNAPSHOT/hdds-container-service-1.4.0-SNAPSHOT.jar!/webapps/static,AVAILABLE}
2023-06-06 06:59:21,392 [main] INFO  handler.ContextHandler (ContextHandler.java:doStart(921)) - Started o.e.j.w.WebAppContext@3c18db30{hddsDatanode,/,file:///home/runner/work/ozone/ozone/hadoop-ozone/integration-test/target/test-dir/MiniOzoneClusterImpl-8bad4e8b-826b-4b9b-92b9-e03c261c0494/datanode-2/meta/webserver/jetty-0_0_0_0-15035-hdds-container-service-1_4_0-SNAPSHOT_jar-_-any-6121068000980417039/webapp/,AVAILABLE}{jar:file:/home/runner/.m2/repository/org/apache/ozone/hdds-container-service/1.4.0-SNAPSHOT/hdds-container-service-1.4.0-SNAPSHOT.jar!/webapps/hddsDatanode}
2023-06-06 06:59:21,393 [main] INFO  server.AbstractConnector (AbstractConnector.java:doStart(333)) - Started ServerConnector@17d96a31{HTTP/1.1, (http/1.1)}{0.0.0.0:15035}
2023-06-06 06:59:21,393 [main] INFO  server.Server (Server.java:doStart(415)) - Started @11515ms
2023-06-06 06:59:21,393 [main] WARN  impl.MetricsSystemImpl (MetricsSystemImpl.java:register(279)) - Sink prometheus already exists!
2023-06-06 06:59:21,394 [main] INFO  http.BaseHttpServer (BaseHttpServer.java:updateConnectorAddress(344)) - HTTP server of hddsDatanode listening at http://0.0.0.0:15035
2023-06-06 06:59:21,394 [main] INFO  ipc.CallQueueManager (CallQueueManager.java:<init>(90)) - Using callQueue: class java.util.concurrent.LinkedBlockingQueue, queueCapacity: 100, scheduler: class org.apache.hadoop.ipc.DefaultRpcScheduler, ipcBackoff: false.
2023-06-06 06:59:21,399 [Socket Reader #1 for port 15036] INFO  ipc.Server (Server.java:run(1319)) - Starting Socket Reader #1 for port 15036
2023-06-06 06:59:21,405 [Listener at 0.0.0.0/15036] INFO  hdds.HddsUtils (HddsUtils.java:preserveThreadName(843)) - Restoring thread name: main
2023-06-06 06:59:21,406 [main] INFO  ozone.HddsDatanodeService (HddsDatanodeService.java:start(331)) - Datanode start with admins: [*, runner]
2023-06-06 06:59:21,406 [main] INFO  ozone.HddsDatanodeClientProtocolServer (HddsDatanodeClientProtocolServer.java:start(83)) - RPC server for Client /0.0.0.0:15036
2023-06-06 06:59:21,409 [IPC Server Responder] INFO  ipc.Server (Server.java:run(1558)) - IPC Server Responder: starting
2023-06-06 06:59:21,409 [IPC Server listener on 15036] INFO  ipc.Server (Server.java:run(1398)) - IPC Server listener on 15036: starting
2023-06-06 06:59:21,414 [Datanode State Machine Daemon Thread] INFO  statemachine.DatanodeStateMachine (DatanodeStateMachine.java:lambda$startDaemon$0(523)) - Ozone container server started.
2023-06-06 06:59:21,416 [main] INFO  ozone.MiniOzoneClusterImpl (MiniOzoneClusterImpl.java:lambda$waitForClusterToBeReady$0(222)) - Waiting for nodes to be ready. Got 0 of 3 DN Heartbeats.
2023-06-06 06:59:21,417 [main] INFO  ozone.MiniOzoneClusterImpl (MiniOzoneClusterImpl.java:lambda$waitForClusterToBeReady$0(225)) - Waiting for cluster to exit safe mode
2023-06-06 06:59:21,417 [main] INFO  ozone.MiniOzoneClusterImpl (MiniOzoneClusterImpl.java:lambda$waitForClusterToBeReady$0(227)) - SCM became leader
2023-06-06 06:59:21,425 [Datanode State Machine Task Thread - 0] INFO  datanode.InitDatanodeState (InitDatanodeState.java:persistContainerDatanodeDetails(138)) - DatanodeDetails is persisted to /home/runner/work/ozone/ozone/hadoop-ozone/integration-test/target/test-dir/MiniOzoneClusterImpl-8bad4e8b-826b-4b9b-92b9-e03c261c0494/datanode-2/meta/datanode.id
2023-06-06 06:59:22,017 [omNode-3@group-523986131536-FollowerState] INFO  server.RaftServerConfigKeys (ConfUtils.java:logFallback(53)) - raft.server.rpc.first-election.timeout.min = 1s (fallback to raft.server.rpc.timeout.min)
2023-06-06 06:59:22,018 [omNode-3@group-523986131536-FollowerState] INFO  server.RaftServerConfigKeys (ConfUtils.java:logFallback(53)) - raft.server.rpc.first-election.timeout.max = 1200ms (fallback to raft.server.rpc.timeout.max)
2023-06-06 06:59:22,417 [main] INFO  ozone.MiniOzoneClusterImpl (MiniOzoneClusterImpl.java:lambda$waitForClusterToBeReady$0(222)) - Waiting for nodes to be ready. Got 0 of 3 DN Heartbeats.
2023-06-06 06:59:22,417 [main] INFO  ozone.MiniOzoneClusterImpl (MiniOzoneClusterImpl.java:lambda$waitForClusterToBeReady$0(225)) - Waiting for cluster to exit safe mode
2023-06-06 06:59:22,417 [main] INFO  ozone.MiniOzoneClusterImpl (MiniOzoneClusterImpl.java:lambda$waitForClusterToBeReady$0(227)) - SCM became leader
2023-06-06 06:59:22,865 [EndpointStateMachine task thread for /0.0.0.0:15002 - 0 ] INFO  utils.DatanodeStoreCache (DatanodeStoreCache.java:addDB(66)) - Added db /home/runner/work/ozone/ozone/hadoop-ozone/integration-test/target/test-dir/MiniOzoneClusterImpl-8bad4e8b-826b-4b9b-92b9-e03c261c0494/datanode-0/data-0/containers/hdds/8bad4e8b-826b-4b9b-92b9-e03c261c0494/DS-6a7abe24-0eab-4b76-af41-12ca7976373d/container.db to cache
2023-06-06 06:59:22,866 [EndpointStateMachine task thread for /0.0.0.0:15002 - 0 ] INFO  volume.HddsVolume (HddsVolume.java:createDbStore(350)) - SchemaV3 db is created and loaded at /home/runner/work/ozone/ozone/hadoop-ozone/integration-test/target/test-dir/MiniOzoneClusterImpl-8bad4e8b-826b-4b9b-92b9-e03c261c0494/datanode-0/data-0/containers/hdds/8bad4e8b-826b-4b9b-92b9-e03c261c0494/DS-6a7abe24-0eab-4b76-af41-12ca7976373d/container.db for volume DS-6a7abe24-0eab-4b76-af41-12ca7976373d
2023-06-06 06:59:22,868 [EndpointStateMachine task thread for /0.0.0.0:15002 - 0 ] INFO  ozoneimpl.OzoneContainer (OzoneContainer.java:start(398)) - Attempting to start container services.
2023-06-06 06:59:22,870 [EndpointStateMachine task thread for /0.0.0.0:15002 - 0 ] INFO  ozoneimpl.OzoneContainer (OzoneContainer.java:startContainerScrub(314)) - Scheduled background container scanners and the on-demand container scanner have been disabled.
2023-06-06 06:59:22,873 [EndpointStateMachine task thread for /0.0.0.0:15002 - 0 ] INFO  replication.ReplicationServer (ReplicationServer.java:start(128)) - ReplicationServer is started using port 15024
2023-06-06 06:59:22,873 [EndpointStateMachine task thread for /0.0.0.0:15002 - 0 ] INFO  ratis.XceiverServerRatis (XceiverServerRatis.java:start(517)) - Starting XceiverServerRatis 252f6884-8a0a-4c07-9df6-494d0e55bfc9
2023-06-06 06:59:22,885 [EndpointStateMachine task thread for /0.0.0.0:15002 - 0 ] INFO  server.RaftServer (RaftServerProxy.java:startImpl(400)) - 252f6884-8a0a-4c07-9df6-494d0e55bfc9: start RPC server
2023-06-06 06:59:22,888 [EndpointStateMachine task thread for /0.0.0.0:15002 - 0 ] INFO  server.GrpcService (GrpcService.java:startImpl(302)) - 252f6884-8a0a-4c07-9df6-494d0e55bfc9: GrpcService started, listening on 15020
2023-06-06 06:59:22,890 [EndpointStateMachine task thread for /0.0.0.0:15002 - 0 ] INFO  server.GrpcService (GrpcService.java:startImpl(302)) - 252f6884-8a0a-4c07-9df6-494d0e55bfc9: GrpcService started, listening on 15022
2023-06-06 06:59:22,891 [EndpointStateMachine task thread for /0.0.0.0:15002 - 0 ] INFO  server.GrpcService (GrpcService.java:startImpl(302)) - 252f6884-8a0a-4c07-9df6-494d0e55bfc9: GrpcService started, listening on 15021
2023-06-06 06:59:22,893 [EndpointStateMachine task thread for /0.0.0.0:15002 - 0 ] INFO  ratis.XceiverServerRatis (XceiverServerRatis.java:getRealPort(543)) - XceiverServerRatis 252f6884-8a0a-4c07-9df6-494d0e55bfc9 is started using port 15020 for RATIS
2023-06-06 06:59:22,893 [EndpointStateMachine task thread for /0.0.0.0:15002 - 0 ] INFO  ratis.XceiverServerRatis (XceiverServerRatis.java:getRealPort(543)) - XceiverServerRatis 252f6884-8a0a-4c07-9df6-494d0e55bfc9 is started using port 15021 for RATIS_ADMIN
2023-06-06 06:59:22,893 [EndpointStateMachine task thread for /0.0.0.0:15002 - 0 ] INFO  ratis.XceiverServerRatis (XceiverServerRatis.java:getRealPort(543)) - XceiverServerRatis 252f6884-8a0a-4c07-9df6-494d0e55bfc9 is started using port 15022 for RATIS_SERVER
2023-06-06 06:59:22,893 [EndpointStateMachine task thread for /0.0.0.0:15002 - 0 ] INFO  ratis.XceiverServerRatis (XceiverServerRatis.java:getRealPort(543)) - XceiverServerRatis 252f6884-8a0a-4c07-9df6-494d0e55bfc9 is started using port 15023 for RATIS_DATASTREAM
2023-06-06 06:59:22,895 [JvmPauseMonitor4] INFO  util.JvmPauseMonitor (JvmPauseMonitor.java:run(103)) - JvmPauseMonitor-252f6884-8a0a-4c07-9df6-494d0e55bfc9: Started
2023-06-06 06:59:22,914 [BlockDeletingService#0] INFO  interfaces.ContainerDeletionChoosingPolicyTemplate (ContainerDeletionChoosingPolicyTemplate.java:chooseContainerForBlockDeletion(83)) - Chosen 0/5000 blocks from 0 candidate containers.
2023-06-06 06:59:23,148 [EndpointStateMachine task thread for /0.0.0.0:15002 - 0 ] INFO  utils.DatanodeStoreCache (DatanodeStoreCache.java:addDB(66)) - Added db /home/runner/work/ozone/ozone/hadoop-ozone/integration-test/target/test-dir/MiniOzoneClusterImpl-8bad4e8b-826b-4b9b-92b9-e03c261c0494/datanode-1/data-0/containers/hdds/8bad4e8b-826b-4b9b-92b9-e03c261c0494/DS-42c2bf06-4c2b-4894-8fe7-ae7fe724a49b/container.db to cache
2023-06-06 06:59:23,148 [EndpointStateMachine task thread for /0.0.0.0:15002 - 0 ] INFO  volume.HddsVolume (HddsVolume.java:createDbStore(350)) - SchemaV3 db is created and loaded at /home/runner/work/ozone/ozone/hadoop-ozone/integration-test/target/test-dir/MiniOzoneClusterImpl-8bad4e8b-826b-4b9b-92b9-e03c261c0494/datanode-1/data-0/containers/hdds/8bad4e8b-826b-4b9b-92b9-e03c261c0494/DS-42c2bf06-4c2b-4894-8fe7-ae7fe724a49b/container.db for volume DS-42c2bf06-4c2b-4894-8fe7-ae7fe724a49b
2023-06-06 06:59:23,149 [EndpointStateMachine task thread for /0.0.0.0:15002 - 0 ] INFO  ozoneimpl.OzoneContainer (OzoneContainer.java:start(398)) - Attempting to start container services.
2023-06-06 06:59:23,149 [EndpointStateMachine task thread for /0.0.0.0:15002 - 0 ] INFO  ozoneimpl.OzoneContainer (OzoneContainer.java:startContainerScrub(314)) - Scheduled background container scanners and the on-demand container scanner have been disabled.
2023-06-06 06:59:23,151 [EndpointStateMachine task thread for /0.0.0.0:15002 - 0 ] INFO  replication.ReplicationServer (ReplicationServer.java:start(128)) - ReplicationServer is started using port 15033
2023-06-06 06:59:23,151 [EndpointStateMachine task thread for /0.0.0.0:15002 - 0 ] INFO  ratis.XceiverServerRatis (XceiverServerRatis.java:start(517)) - Starting XceiverServerRatis 9b7fe73a-3db0-4294-ac6d-c59285debe9e
2023-06-06 06:59:23,153 [EndpointStateMachine task thread for /0.0.0.0:15002 - 0 ] INFO  server.RaftServer (RaftServerProxy.java:startImpl(400)) - 9b7fe73a-3db0-4294-ac6d-c59285debe9e: start RPC server
2023-06-06 06:59:23,156 [EndpointStateMachine task thread for /0.0.0.0:15002 - 0 ] INFO  server.GrpcService (GrpcService.java:startImpl(302)) - 9b7fe73a-3db0-4294-ac6d-c59285debe9e: GrpcService started, listening on 15029
2023-06-06 06:59:23,157 [EndpointStateMachine task thread for /0.0.0.0:15002 - 0 ] INFO  server.GrpcService (GrpcService.java:startImpl(302)) - 9b7fe73a-3db0-4294-ac6d-c59285debe9e: GrpcService started, listening on 15031
2023-06-06 06:59:23,158 [EndpointStateMachine task thread for /0.0.0.0:15002 - 0 ] INFO  server.GrpcService (GrpcService.java:startImpl(302)) - 9b7fe73a-3db0-4294-ac6d-c59285debe9e: GrpcService started, listening on 15030
2023-06-06 06:59:23,159 [EndpointStateMachine task thread for /0.0.0.0:15002 - 0 ] INFO  ratis.XceiverServerRatis (XceiverServerRatis.java:getRealPort(543)) - XceiverServerRatis 9b7fe73a-3db0-4294-ac6d-c59285debe9e is started using port 15029 for RATIS
2023-06-06 06:59:23,159 [EndpointStateMachine task thread for /0.0.0.0:15002 - 0 ] INFO  ratis.XceiverServerRatis (XceiverServerRatis.java:getRealPort(543)) - XceiverServerRatis 9b7fe73a-3db0-4294-ac6d-c59285debe9e is started using port 15030 for RATIS_ADMIN
2023-06-06 06:59:23,159 [JvmPauseMonitor5] INFO  util.JvmPauseMonitor (JvmPauseMonitor.java:run(103)) - JvmPauseMonitor-9b7fe73a-3db0-4294-ac6d-c59285debe9e: Started
2023-06-06 06:59:23,160 [EndpointStateMachine task thread for /0.0.0.0:15002 - 0 ] INFO  ratis.XceiverServerRatis (XceiverServerRatis.java:getRealPort(543)) - XceiverServerRatis 9b7fe73a-3db0-4294-ac6d-c59285debe9e is started using port 15031 for RATIS_SERVER
2023-06-06 06:59:23,160 [EndpointStateMachine task thread for /0.0.0.0:15002 - 0 ] INFO  ratis.XceiverServerRatis (XceiverServerRatis.java:getRealPort(543)) - XceiverServerRatis 9b7fe73a-3db0-4294-ac6d-c59285debe9e is started using port 15032 for RATIS_DATASTREAM
2023-06-06 06:59:23,162 [BlockDeletingService#0] INFO  interfaces.ContainerDeletionChoosingPolicyTemplate (ContainerDeletionChoosingPolicyTemplate.java:chooseContainerForBlockDeletion(83)) - Chosen 0/5000 blocks from 0 candidate containers.
2023-06-06 06:59:23,210 [omNode-3@group-523986131536-FollowerState] INFO  server.RaftServerConfigKeys (ConfUtils.java:logFallback(53)) - raft.server.rpc.first-election.timeout.min = 1s (fallback to raft.server.rpc.timeout.min)
2023-06-06 06:59:23,210 [omNode-3@group-523986131536-FollowerState] INFO  server.RaftServerConfigKeys (ConfUtils.java:logFallback(53)) - raft.server.rpc.first-election.timeout.max = 1200ms (fallback to raft.server.rpc.timeout.max)
2023-06-06 06:59:23,417 [main] INFO  ozone.MiniOzoneClusterImpl (MiniOzoneClusterImpl.java:lambda$waitForClusterToBeReady$0(222)) - Waiting for nodes to be ready. Got 0 of 3 DN Heartbeats.
2023-06-06 06:59:23,418 [main] INFO  ozone.MiniOzoneClusterImpl (MiniOzoneClusterImpl.java:lambda$waitForClusterToBeReady$0(225)) - Waiting for cluster to exit safe mode
2023-06-06 06:59:23,418 [main] INFO  ozone.MiniOzoneClusterImpl (MiniOzoneClusterImpl.java:lambda$waitForClusterToBeReady$0(227)) - SCM became leader
2023-06-06 06:59:23,462 [EndpointStateMachine task thread for /0.0.0.0:15002 - 0 ] INFO  utils.DatanodeStoreCache (DatanodeStoreCache.java:addDB(66)) - Added db /home/runner/work/ozone/ozone/hadoop-ozone/integration-test/target/test-dir/MiniOzoneClusterImpl-8bad4e8b-826b-4b9b-92b9-e03c261c0494/datanode-2/data-0/containers/hdds/8bad4e8b-826b-4b9b-92b9-e03c261c0494/DS-66239763-2de1-40d4-b713-d2b17be45410/container.db to cache
2023-06-06 06:59:23,462 [EndpointStateMachine task thread for /0.0.0.0:15002 - 0 ] INFO  volume.HddsVolume (HddsVolume.java:createDbStore(350)) - SchemaV3 db is created and loaded at /home/runner/work/ozone/ozone/hadoop-ozone/integration-test/target/test-dir/MiniOzoneClusterImpl-8bad4e8b-826b-4b9b-92b9-e03c261c0494/datanode-2/data-0/containers/hdds/8bad4e8b-826b-4b9b-92b9-e03c261c0494/DS-66239763-2de1-40d4-b713-d2b17be45410/container.db for volume DS-66239763-2de1-40d4-b713-d2b17be45410
2023-06-06 06:59:23,463 [EndpointStateMachine task thread for /0.0.0.0:15002 - 0 ] INFO  ozoneimpl.OzoneContainer (OzoneContainer.java:start(398)) - Attempting to start container services.
2023-06-06 06:59:23,464 [EndpointStateMachine task thread for /0.0.0.0:15002 - 0 ] INFO  ozoneimpl.OzoneContainer (OzoneContainer.java:startContainerScrub(314)) - Scheduled background container scanners and the on-demand container scanner have been disabled.
2023-06-06 06:59:23,466 [EndpointStateMachine task thread for /0.0.0.0:15002 - 0 ] INFO  replication.ReplicationServer (ReplicationServer.java:start(128)) - ReplicationServer is started using port 15042
2023-06-06 06:59:23,467 [EndpointStateMachine task thread for /0.0.0.0:15002 - 0 ] INFO  ratis.XceiverServerRatis (XceiverServerRatis.java:start(517)) - Starting XceiverServerRatis e0d9f277-ba74-4528-aa5b-6dadce97c603
2023-06-06 06:59:23,467 [EndpointStateMachine task thread for /0.0.0.0:15002 - 0 ] INFO  server.RaftServer (RaftServerProxy.java:startImpl(400)) - e0d9f277-ba74-4528-aa5b-6dadce97c603: start RPC server
2023-06-06 06:59:23,469 [EndpointStateMachine task thread for /0.0.0.0:15002 - 0 ] INFO  server.GrpcService (GrpcService.java:startImpl(302)) - e0d9f277-ba74-4528-aa5b-6dadce97c603: GrpcService started, listening on 15038
2023-06-06 06:59:23,473 [EndpointStateMachine task thread for /0.0.0.0:15002 - 0 ] INFO  server.GrpcService (GrpcService.java:startImpl(302)) - e0d9f277-ba74-4528-aa5b-6dadce97c603: GrpcService started, listening on 15040
2023-06-06 06:59:23,474 [EndpointStateMachine task thread for /0.0.0.0:15002 - 0 ] INFO  server.GrpcService (GrpcService.java:startImpl(302)) - e0d9f277-ba74-4528-aa5b-6dadce97c603: GrpcService started, listening on 15039
2023-06-06 06:59:23,475 [EndpointStateMachine task thread for /0.0.0.0:15002 - 0 ] INFO  ratis.XceiverServerRatis (XceiverServerRatis.java:getRealPort(543)) - XceiverServerRatis e0d9f277-ba74-4528-aa5b-6dadce97c603 is started using port 15038 for RATIS
2023-06-06 06:59:23,475 [EndpointStateMachine task thread for /0.0.0.0:15002 - 0 ] INFO  ratis.XceiverServerRatis (XceiverServerRatis.java:getRealPort(543)) - XceiverServerRatis e0d9f277-ba74-4528-aa5b-6dadce97c603 is started using port 15039 for RATIS_ADMIN
2023-06-06 06:59:23,475 [JvmPauseMonitor6] INFO  util.JvmPauseMonitor (JvmPauseMonitor.java:run(103)) - JvmPauseMonitor-e0d9f277-ba74-4528-aa5b-6dadce97c603: Started
2023-06-06 06:59:23,475 [EndpointStateMachine task thread for /0.0.0.0:15002 - 0 ] INFO  ratis.XceiverServerRatis (XceiverServerRatis.java:getRealPort(543)) - XceiverServerRatis e0d9f277-ba74-4528-aa5b-6dadce97c603 is started using port 15040 for RATIS_SERVER
2023-06-06 06:59:23,475 [EndpointStateMachine task thread for /0.0.0.0:15002 - 0 ] INFO  ratis.XceiverServerRatis (XceiverServerRatis.java:getRealPort(543)) - XceiverServerRatis e0d9f277-ba74-4528-aa5b-6dadce97c603 is started using port 15041 for RATIS_DATASTREAM
2023-06-06 06:59:23,479 [BlockDeletingService#0] INFO  interfaces.ContainerDeletionChoosingPolicyTemplate (ContainerDeletionChoosingPolicyTemplate.java:chooseContainerForBlockDeletion(83)) - Chosen 0/5000 blocks from 0 candidate containers.
2023-06-06 06:59:24,245 [omNode-3@group-523986131536-FollowerState] INFO  server.RaftServerConfigKeys (ConfUtils.java:logFallback(53)) - raft.server.rpc.first-election.timeout.min = 1s (fallback to raft.server.rpc.timeout.min)
2023-06-06 06:59:24,245 [omNode-3@group-523986131536-FollowerState] INFO  server.RaftServerConfigKeys (ConfUtils.java:logFallback(53)) - raft.server.rpc.first-election.timeout.max = 1200ms (fallback to raft.server.rpc.timeout.max)
2023-06-06 06:59:24,418 [main] INFO  ozone.MiniOzoneClusterImpl (MiniOzoneClusterImpl.java:lambda$waitForClusterToBeReady$0(222)) - Waiting for nodes to be ready. Got 0 of 3 DN Heartbeats.
2023-06-06 06:59:24,418 [main] INFO  ozone.MiniOzoneClusterImpl (MiniOzoneClusterImpl.java:lambda$waitForClusterToBeReady$0(225)) - Waiting for cluster to exit safe mode
2023-06-06 06:59:24,418 [main] INFO  ozone.MiniOzoneClusterImpl (MiniOzoneClusterImpl.java:lambda$waitForClusterToBeReady$0(227)) - SCM became leader
2023-06-06 06:59:24,765 [IPC Server handler 8 on default port 15002] INFO  net.NetworkTopologyImpl (NetworkTopologyImpl.java:add(112)) - Added a new node: /default-rack/252f6884-8a0a-4c07-9df6-494d0e55bfc9
2023-06-06 06:59:24,767 [IPC Server handler 8 on default port 15002] INFO  node.SCMNodeManager (SCMNodeManager.java:register(407)) - Registered Data node : 252f6884-8a0a-4c07-9df6-494d0e55bfc9{ip: 10.1.26.1, host: fv-az617-212.pwnmbzmyba5ezmab2zpzaqbtmg.cx.internal.cloudapp.net, ports: [HTTP=15017, CLIENT_RPC=15018, REPLICATION=15024, RATIS=15020, RATIS_ADMIN=15021, RATIS_SERVER=15022, RATIS_DATASTREAM=15023, STANDALONE=15019], networkLocation: /default-rack, certSerialId: null, persistedOpState: null, persistedOpStateExpiryEpochSec: 0}
2023-06-06 06:59:24,770 [EventQueue-NewNodeForNewNodeHandler] INFO  pipeline.BackgroundPipelineCreator (BackgroundPipelineCreator.java:notifyEventTriggered(276)) - trigger a one-shot run on RatisPipelineUtilsThread.
2023-06-06 06:59:24,771 [EventQueue-NodeRegistrationContainerReportForContainerSafeModeRule] INFO  safemode.SCMSafeModeManager (SCMSafeModeManager.java:validateSafeModeExitRules(200)) - ContainerSafeModeRule rule is successfully validated
2023-06-06 06:59:24,784 [EventQueue-PipelineReportForOneReplicaPipelineSafeModeRule] INFO  safemode.SCMSafeModeManager (SCMSafeModeManager.java:validateSafeModeExitRules(200)) - AtleastOneDatanodeReportedRule rule is successfully validated
2023-06-06 06:59:24,777 [RatisPipelineUtilsThread - 0] INFO  pipeline.RatisPipelineProvider (RatisPipelineProvider.java:lambda$create$0(206)) - Sending CreatePipelineCommand for pipeline:PipelineID=ca269774-7af4-4fe5-8c02-8c496130a13a to datanode:252f6884-8a0a-4c07-9df6-494d0e55bfc9
2023-06-06 06:59:24,771 [EventQueue-NodeRegistrationContainerReportForDataNodeSafeModeRule] INFO  safemode.SCMSafeModeManager (DataNodeSafeModeRule.java:process(71)) - SCM in safe mode. 1 DataNodes registered, 3 required.
2023-06-06 06:59:24,794 [RatisPipelineUtilsThread - 0] INFO  pipeline.PipelineStateManagerImpl (PipelineStateManagerImpl.java:addPipeline(103)) - Created pipeline Pipeline[ Id: ca269774-7af4-4fe5-8c02-8c496130a13a, Nodes: 252f6884-8a0a-4c07-9df6-494d0e55bfc9(fv-az617-212.pwnmbzmyba5ezmab2zpzaqbtmg.cx.internal.cloudapp.net/10.1.26.1), ReplicationConfig: RATIS/ONE, State:ALLOCATED, leaderId:, CreationTimestamp2023-06-06T06:59:24.776Z[Etc/UTC]].
2023-06-06 06:59:25,113 [IPC Server handler 19 on default port 15002] INFO  net.NetworkTopologyImpl (NetworkTopologyImpl.java:add(112)) - Added a new node: /default-rack/9b7fe73a-3db0-4294-ac6d-c59285debe9e
2023-06-06 06:59:25,113 [IPC Server handler 19 on default port 15002] INFO  node.SCMNodeManager (SCMNodeManager.java:register(407)) - Registered Data node : 9b7fe73a-3db0-4294-ac6d-c59285debe9e{ip: 10.1.26.1, host: fv-az617-212.pwnmbzmyba5ezmab2zpzaqbtmg.cx.internal.cloudapp.net, ports: [HTTP=15026, CLIENT_RPC=15027, REPLICATION=15033, RATIS=15029, RATIS_ADMIN=15030, RATIS_SERVER=15031, RATIS_DATASTREAM=15032, STANDALONE=15028], networkLocation: /default-rack, certSerialId: null, persistedOpState: null, persistedOpStateExpiryEpochSec: 0}
2023-06-06 06:59:25,113 [EventQueue-NodeRegistrationContainerReportForDataNodeSafeModeRule] INFO  safemode.SCMSafeModeManager (DataNodeSafeModeRule.java:process(71)) - SCM in safe mode. 2 DataNodes registered, 3 required.
2023-06-06 06:59:25,114 [EventQueue-NewNodeForNewNodeHandler] INFO  pipeline.BackgroundPipelineCreator (BackgroundPipelineCreator.java:notifyEventTriggered(276)) - trigger a one-shot run on RatisPipelineUtilsThread.
2023-06-06 06:59:25,115 [RatisPipelineUtilsThread - 0] INFO  pipeline.RatisPipelineProvider (RatisPipelineProvider.java:lambda$create$0(206)) - Sending CreatePipelineCommand for pipeline:PipelineID=05b4d201-04fc-4e81-b907-ffcb79d671d0 to datanode:9b7fe73a-3db0-4294-ac6d-c59285debe9e
2023-06-06 06:59:25,116 [RatisPipelineUtilsThread - 0] INFO  pipeline.PipelineStateManagerImpl (PipelineStateManagerImpl.java:addPipeline(103)) - Created pipeline Pipeline[ Id: 05b4d201-04fc-4e81-b907-ffcb79d671d0, Nodes: 9b7fe73a-3db0-4294-ac6d-c59285debe9e(fv-az617-212.pwnmbzmyba5ezmab2zpzaqbtmg.cx.internal.cloudapp.net/10.1.26.1), ReplicationConfig: RATIS/ONE, State:ALLOCATED, leaderId:, CreationTimestamp2023-06-06T06:59:25.115Z[Etc/UTC]].
2023-06-06 06:59:25,379 [omNode-3@group-523986131536-FollowerState] INFO  server.RaftServerConfigKeys (ConfUtils.java:logFallback(53)) - raft.server.rpc.first-election.timeout.min = 1s (fallback to raft.server.rpc.timeout.min)
2023-06-06 06:59:25,379 [omNode-3@group-523986131536-FollowerState] INFO  server.RaftServerConfigKeys (ConfUtils.java:logFallback(53)) - raft.server.rpc.first-election.timeout.max = 1200ms (fallback to raft.server.rpc.timeout.max)
2023-06-06 06:59:25,419 [main] INFO  ozone.MiniOzoneClusterImpl (MiniOzoneClusterImpl.java:lambda$waitForClusterToBeReady$0(222)) - Waiting for nodes to be ready. Got 2 of 3 DN Heartbeats.
2023-06-06 06:59:25,419 [main] INFO  ozone.MiniOzoneClusterImpl (MiniOzoneClusterImpl.java:lambda$waitForClusterToBeReady$0(225)) - Waiting for cluster to exit safe mode
2023-06-06 06:59:25,419 [main] INFO  ozone.MiniOzoneClusterImpl (MiniOzoneClusterImpl.java:lambda$waitForClusterToBeReady$0(227)) - SCM became leader
2023-06-06 06:59:25,423 [IPC Server handler 9 on default port 15002] INFO  net.NetworkTopologyImpl (NetworkTopologyImpl.java:add(112)) - Added a new node: /default-rack/e0d9f277-ba74-4528-aa5b-6dadce97c603
2023-06-06 06:59:25,423 [IPC Server handler 9 on default port 15002] INFO  node.SCMNodeManager (SCMNodeManager.java:register(407)) - Registered Data node : e0d9f277-ba74-4528-aa5b-6dadce97c603{ip: 10.1.26.1, host: fv-az617-212.pwnmbzmyba5ezmab2zpzaqbtmg.cx.internal.cloudapp.net, ports: [HTTP=15035, CLIENT_RPC=15036, REPLICATION=15042, RATIS=15038, RATIS_ADMIN=15039, RATIS_SERVER=15040, RATIS_DATASTREAM=15041, STANDALONE=15037], networkLocation: /default-rack, certSerialId: null, persistedOpState: null, persistedOpStateExpiryEpochSec: 0}
2023-06-06 06:59:25,424 [EventQueue-NewNodeForNewNodeHandler] INFO  pipeline.BackgroundPipelineCreator (BackgroundPipelineCreator.java:notifyEventTriggered(276)) - trigger a one-shot run on RatisPipelineUtilsThread.
2023-06-06 06:59:25,424 [EventQueue-NodeRegistrationContainerReportForDataNodeSafeModeRule] INFO  safemode.SCMSafeModeManager (DataNodeSafeModeRule.java:process(71)) - SCM in safe mode. 3 DataNodes registered, 3 required.
2023-06-06 06:59:25,425 [EventQueue-NodeRegistrationContainerReportForDataNodeSafeModeRule] INFO  safemode.SCMSafeModeManager (SCMSafeModeManager.java:validateSafeModeExitRules(200)) - DataNodeSafeModeRule rule is successfully validated
2023-06-06 06:59:25,425 [RatisPipelineUtilsThread - 0] INFO  pipeline.RatisPipelineProvider (RatisPipelineProvider.java:lambda$create$0(206)) - Sending CreatePipelineCommand for pipeline:PipelineID=8a30cac3-0859-477f-b64f-e96348555626 to datanode:e0d9f277-ba74-4528-aa5b-6dadce97c603
2023-06-06 06:59:25,425 [EventQueue-NodeRegistrationContainerReportForDataNodeSafeModeRule] INFO  safemode.SCMSafeModeManager (SCMSafeModeManager.java:completePreCheck(229)) - All SCM safe mode pre check rules have passed
2023-06-06 06:59:25,425 [EventQueue-NodeRegistrationContainerReportForDataNodeSafeModeRule] INFO  ha.SCMContext (SCMContext.java:updateSafeModeStatus(228)) - Update SafeModeStatus from SafeModeStatus{safeModeStatus=true, preCheckPassed=false} to SafeModeStatus{safeModeStatus=true, preCheckPassed=true}.
2023-06-06 06:59:25,425 [EventQueue-NodeRegistrationContainerReportForDataNodeSafeModeRule] INFO  pipeline.BackgroundPipelineCreator (BackgroundPipelineCreator.java:notifyEventTriggered(276)) - trigger a one-shot run on RatisPipelineUtilsThread.
2023-06-06 06:59:25,426 [RatisPipelineUtilsThread - 0] INFO  pipeline.PipelineStateManagerImpl (PipelineStateManagerImpl.java:addPipeline(103)) - Created pipeline Pipeline[ Id: 8a30cac3-0859-477f-b64f-e96348555626, Nodes: e0d9f277-ba74-4528-aa5b-6dadce97c603(fv-az617-212.pwnmbzmyba5ezmab2zpzaqbtmg.cx.internal.cloudapp.net/10.1.26.1), ReplicationConfig: RATIS/ONE, State:ALLOCATED, leaderId:, CreationTimestamp2023-06-06T06:59:25.425Z[Etc/UTC]].
2023-06-06 06:59:25,429 [RatisPipelineUtilsThread - 0] INFO  pipeline.RatisPipelineProvider (RatisPipelineProvider.java:lambda$create$0(206)) - Sending CreatePipelineCommand for pipeline:PipelineID=e99ce884-51b0-49be-8118-80a6d881258b to datanode:9b7fe73a-3db0-4294-ac6d-c59285debe9e
2023-06-06 06:59:25,429 [RatisPipelineUtilsThread - 0] INFO  pipeline.RatisPipelineProvider (RatisPipelineProvider.java:lambda$create$0(206)) - Sending CreatePipelineCommand for pipeline:PipelineID=e99ce884-51b0-49be-8118-80a6d881258b to datanode:e0d9f277-ba74-4528-aa5b-6dadce97c603
2023-06-06 06:59:25,430 [RatisPipelineUtilsThread - 0] INFO  pipeline.RatisPipelineProvider (RatisPipelineProvider.java:lambda$create$0(206)) - Sending CreatePipelineCommand for pipeline:PipelineID=e99ce884-51b0-49be-8118-80a6d881258b to datanode:252f6884-8a0a-4c07-9df6-494d0e55bfc9
2023-06-06 06:59:25,432 [RatisPipelineUtilsThread - 0] INFO  pipeline.PipelineStateManagerImpl (PipelineStateManagerImpl.java:addPipeline(103)) - Created pipeline Pipeline[ Id: e99ce884-51b0-49be-8118-80a6d881258b, Nodes: 9b7fe73a-3db0-4294-ac6d-c59285debe9e(fv-az617-212.pwnmbzmyba5ezmab2zpzaqbtmg.cx.internal.cloudapp.net/10.1.26.1)e0d9f277-ba74-4528-aa5b-6dadce97c603(fv-az617-212.pwnmbzmyba5ezmab2zpzaqbtmg.cx.internal.cloudapp.net/10.1.26.1)252f6884-8a0a-4c07-9df6-494d0e55bfc9(fv-az617-212.pwnmbzmyba5ezmab2zpzaqbtmg.cx.internal.cloudapp.net/10.1.26.1), ReplicationConfig: RATIS/THREE, State:ALLOCATED, leaderId:, CreationTimestamp2023-06-06T06:59:25.429Z[Etc/UTC]].
2023-06-06 06:59:25,435 [RatisPipelineUtilsThread - 0] INFO  pipeline.RatisPipelineProvider (RatisPipelineProvider.java:lambda$create$0(206)) - Sending CreatePipelineCommand for pipeline:PipelineID=c35752c9-a1f6-4ec4-895a-09abcad8a53d to datanode:9b7fe73a-3db0-4294-ac6d-c59285debe9e
2023-06-06 06:59:25,435 [RatisPipelineUtilsThread - 0] INFO  pipeline.RatisPipelineProvider (RatisPipelineProvider.java:lambda$create$0(206)) - Sending CreatePipelineCommand for pipeline:PipelineID=c35752c9-a1f6-4ec4-895a-09abcad8a53d to datanode:252f6884-8a0a-4c07-9df6-494d0e55bfc9
2023-06-06 06:59:25,435 [RatisPipelineUtilsThread - 0] INFO  pipeline.RatisPipelineProvider (RatisPipelineProvider.java:lambda$create$0(206)) - Sending CreatePipelineCommand for pipeline:PipelineID=c35752c9-a1f6-4ec4-895a-09abcad8a53d to datanode:e0d9f277-ba74-4528-aa5b-6dadce97c603
2023-06-06 06:59:25,436 [RatisPipelineUtilsThread - 0] INFO  pipeline.PipelineStateManagerImpl (PipelineStateManagerImpl.java:addPipeline(103)) - Created pipeline Pipeline[ Id: c35752c9-a1f6-4ec4-895a-09abcad8a53d, Nodes: 9b7fe73a-3db0-4294-ac6d-c59285debe9e(fv-az617-212.pwnmbzmyba5ezmab2zpzaqbtmg.cx.internal.cloudapp.net/10.1.26.1)252f6884-8a0a-4c07-9df6-494d0e55bfc9(fv-az617-212.pwnmbzmyba5ezmab2zpzaqbtmg.cx.internal.cloudapp.net/10.1.26.1)e0d9f277-ba74-4528-aa5b-6dadce97c603(fv-az617-212.pwnmbzmyba5ezmab2zpzaqbtmg.cx.internal.cloudapp.net/10.1.26.1), ReplicationConfig: RATIS/THREE, State:ALLOCATED, leaderId:, CreationTimestamp2023-06-06T06:59:25.435Z[Etc/UTC]].
2023-06-06 06:59:25,438 [RatisPipelineUtilsThread - 0] INFO  pipeline.PipelineManagerImpl (PipelineManagerImpl.java:recordMetricsForPipeline(826)) - Pipeline: PipelineID=c35752c9-a1f6-4ec4-895a-09abcad8a53d contains same datanodes as previous pipelines: PipelineID=e99ce884-51b0-49be-8118-80a6d881258b nodeIds: 9b7fe73a-3db0-4294-ac6d-c59285debe9e, 252f6884-8a0a-4c07-9df6-494d0e55bfc9, e0d9f277-ba74-4528-aa5b-6dadce97c603
2023-06-06 06:59:25,438 [RatisPipelineUtilsThread - 0] WARN  pipeline.PipelinePlacementPolicy (PipelinePlacementPolicy.java:filterViableNodes(166)) - Pipeline creation failed due to no sufficient healthy datanodes. Required 3. Found 0. Excluded 3.
2023-06-06 06:59:25,439 [RatisPipelineUtilsThread - 0] WARN  pipeline.PipelinePlacementPolicy (PipelinePlacementPolicy.java:filterViableNodes(166)) - Pipeline creation failed due to no sufficient healthy datanodes. Required 3. Found 0. Excluded 3.
2023-06-06 06:59:26,419 [main] INFO  ozone.MiniOzoneClusterImpl (MiniOzoneClusterImpl.java:lambda$waitForClusterToBeReady$0(222)) - Nodes are ready. Got 3 of 3 DN Heartbeats.
2023-06-06 06:59:26,420 [main] INFO  ozone.MiniOzoneClusterImpl (MiniOzoneClusterImpl.java:lambda$waitForClusterToBeReady$0(225)) - Waiting for cluster to exit safe mode
2023-06-06 06:59:26,420 [main] INFO  ozone.MiniOzoneClusterImpl (MiniOzoneClusterImpl.java:lambda$waitForClusterToBeReady$0(227)) - SCM became leader
2023-06-06 06:59:26,459 [omNode-3@group-523986131536-FollowerState] INFO  server.RaftServerConfigKeys (ConfUtils.java:logFallback(53)) - raft.server.rpc.first-election.timeout.min = 1s (fallback to raft.server.rpc.timeout.min)
2023-06-06 06:59:26,459 [omNode-3@group-523986131536-FollowerState] INFO  server.RaftServerConfigKeys (ConfUtils.java:logFallback(53)) - raft.server.rpc.first-election.timeout.max = 1200ms (fallback to raft.server.rpc.timeout.max)
2023-06-06 06:59:27,420 [main] INFO  ozone.MiniOzoneClusterImpl (MiniOzoneClusterImpl.java:lambda$waitForClusterToBeReady$0(222)) - Nodes are ready. Got 3 of 3 DN Heartbeats.
2023-06-06 06:59:27,420 [main] INFO  ozone.MiniOzoneClusterImpl (MiniOzoneClusterImpl.java:lambda$waitForClusterToBeReady$0(225)) - Waiting for cluster to exit safe mode
2023-06-06 06:59:27,421 [main] INFO  ozone.MiniOzoneClusterImpl (MiniOzoneClusterImpl.java:lambda$waitForClusterToBeReady$0(227)) - SCM became leader
2023-06-06 06:59:27,658 [omNode-3@group-523986131536-FollowerState] INFO  server.RaftServerConfigKeys (ConfUtils.java:logFallback(53)) - raft.server.rpc.first-election.timeout.min = 1s (fallback to raft.server.rpc.timeout.min)
2023-06-06 06:59:27,658 [omNode-3@group-523986131536-FollowerState] INFO  server.RaftServerConfigKeys (ConfUtils.java:logFallback(53)) - raft.server.rpc.first-election.timeout.max = 1200ms (fallback to raft.server.rpc.timeout.max)
2023-06-06 06:59:27,768 [PipelineCommandHandlerThread-0] INFO  server.RaftServer (RaftServerProxy.java:addNew(98)) - 252f6884-8a0a-4c07-9df6-494d0e55bfc9: addNew group-8C496130A13A:[252f6884-8a0a-4c07-9df6-494d0e55bfc9|rpc:10.1.26.1:15022|admin:10.1.26.1:15021|client:10.1.26.1:15020|dataStream:10.1.26.1:15023|priority:1|startupRole:FOLLOWER] returns group-8C496130A13A:java.util.concurrent.CompletableFuture@7db580e1[Not completed]
2023-06-06 06:59:27,779 [252f6884-8a0a-4c07-9df6-494d0e55bfc9-groupManagement] INFO  server.RaftServer$Division (RaftServerImpl.java:<init>(198)) - 252f6884-8a0a-4c07-9df6-494d0e55bfc9: new RaftServerImpl for group-8C496130A13A:[252f6884-8a0a-4c07-9df6-494d0e55bfc9|rpc:10.1.26.1:15022|admin:10.1.26.1:15021|client:10.1.26.1:15020|dataStream:10.1.26.1:15023|priority:1|startupRole:FOLLOWER] with ContainerStateMachine:uninitialized
2023-06-06 06:59:27,779 [252f6884-8a0a-4c07-9df6-494d0e55bfc9-groupManagement] INFO  server.RaftServerConfigKeys (ConfUtils.java:logGet(46)) - raft.server.rpc.timeout.min = 5s (custom)
2023-06-06 06:59:27,779 [252f6884-8a0a-4c07-9df6-494d0e55bfc9-groupManagement] INFO  server.RaftServerConfigKeys (ConfUtils.java:logGet(46)) - raft.server.rpc.timeout.max = 5200ms (custom)
2023-06-06 06:59:27,779 [252f6884-8a0a-4c07-9df6-494d0e55bfc9-groupManagement] INFO  server.RaftServerConfigKeys (ConfUtils.java:logGet(46)) - raft.server.rpc.sleep.time = 25ms (default)
2023-06-06 06:59:27,780 [252f6884-8a0a-4c07-9df6-494d0e55bfc9-groupManagement] INFO  server.RaftServerConfigKeys (ConfUtils.java:logGet(46)) - raft.server.rpc.slowness.timeout = 300s (custom)
2023-06-06 06:59:27,780 [252f6884-8a0a-4c07-9df6-494d0e55bfc9-groupManagement] INFO  server.RaftServerConfigKeys (ConfUtils.java:logGet(46)) - raft.server.leaderelection.leader.step-down.wait-time = 10s (default)
2023-06-06 06:59:27,780 [252f6884-8a0a-4c07-9df6-494d0e55bfc9-groupManagement] INFO  server.RaftServerConfigKeys (ConfUtils.java:logGet(46)) - raft.server.sleep.deviation.threshold = 300ms (default)
2023-06-06 06:59:27,780 [252f6884-8a0a-4c07-9df6-494d0e55bfc9-groupManagement] INFO  server.RaftServer$Division (ServerState.java:<init>(120)) - 252f6884-8a0a-4c07-9df6-494d0e55bfc9@group-8C496130A13A: ConfigurationManager, init=-1: peers:[252f6884-8a0a-4c07-9df6-494d0e55bfc9|rpc:10.1.26.1:15022|admin:10.1.26.1:15021|client:10.1.26.1:15020|dataStream:10.1.26.1:15023|priority:1|startupRole:FOLLOWER]|listeners:[], old=null, confs=<EMPTY_MAP>
2023-06-06 06:59:27,780 [252f6884-8a0a-4c07-9df6-494d0e55bfc9-groupManagement] INFO  server.RaftServerConfigKeys (ConfUtils.java:logGet(46)) - raft.server.storage.dir = [/home/runner/work/ozone/ozone/hadoop-ozone/integration-test/target/test-dir/MiniOzoneClusterImpl-8bad4e8b-826b-4b9b-92b9-e03c261c0494/datanode-0/data/ratis] (custom)
2023-06-06 06:59:27,780 [252f6884-8a0a-4c07-9df6-494d0e55bfc9-groupManagement] INFO  server.RaftServerConfigKeys (ConfUtils.java:logGet(46)) - raft.server.log.corruption.policy = EXCEPTION (default)
2023-06-06 06:59:27,780 [252f6884-8a0a-4c07-9df6-494d0e55bfc9-groupManagement] INFO  server.RaftServerConfigKeys (ConfUtils.java:logGet(46)) - raft.server.storage.free-space.min = 0MB (=0) (default)
2023-06-06 06:59:27,780 [252f6884-8a0a-4c07-9df6-494d0e55bfc9-groupManagement] INFO  server.RaftServerConfigKeys (ConfUtils.java:logGet(46)) - raft.server.notification.no-leader.timeout = 300s (custom)
2023-06-06 06:59:27,780 [252f6884-8a0a-4c07-9df6-494d0e55bfc9-groupManagement] INFO  server.RaftServerConfigKeys (ConfUtils.java:logGet(46)) - raft.server.read.timeout = 10s (default)
2023-06-06 06:59:27,780 [252f6884-8a0a-4c07-9df6-494d0e55bfc9-groupManagement] INFO  server.RaftServerConfigKeys (ConfUtils.java:logGet(46)) - raft.server.retrycache.expirytime = 600000ms (custom)
2023-06-06 06:59:27,780 [252f6884-8a0a-4c07-9df6-494d0e55bfc9-groupManagement] INFO  server.RaftServerConfigKeys (ConfUtils.java:logGet(46)) - raft.server.retrycache.statistics.expirytime = 100μs (default)
2023-06-06 06:59:27,780 [252f6884-8a0a-4c07-9df6-494d0e55bfc9-groupManagement] INFO  server.RaftServerConfigKeys (ConfUtils.java:logGet(46)) - raft.server.read.option = DEFAULT (default)
2023-06-06 06:59:27,785 [252f6884-8a0a-4c07-9df6-494d0e55bfc9-groupManagement] INFO  server.RaftServerConfigKeys (ConfUtils.java:logGet(46)) - raft.server.rpc.request.timeout = 60s (custom)
2023-06-06 06:59:27,785 [252f6884-8a0a-4c07-9df6-494d0e55bfc9-groupManagement] INFO  server.RaftServerConfigKeys (ConfUtils.java:logGet(46)) - raft.server.log.appender.install.snapshot.enabled = false (custom)
2023-06-06 06:59:27,785 [252f6884-8a0a-4c07-9df6-494d0e55bfc9-groupManagement] INFO  server.RaftServerConfigKeys (ConfUtils.java:logGet(46)) - raft.server.threadpool.server.cached = true (default)
2023-06-06 06:59:27,785 [252f6884-8a0a-4c07-9df6-494d0e55bfc9-groupManagement] INFO  server.RaftServerConfigKeys (ConfUtils.java:logGet(46)) - raft.server.threadpool.server.size = 0 (default)
2023-06-06 06:59:27,785 [252f6884-8a0a-4c07-9df6-494d0e55bfc9-groupManagement] INFO  server.RaftServerConfigKeys (ConfUtils.java:logGet(46)) - raft.server.threadpool.client.cached = true (default)
2023-06-06 06:59:27,785 [252f6884-8a0a-4c07-9df6-494d0e55bfc9-groupManagement] INFO  server.RaftServerConfigKeys (ConfUtils.java:logGet(46)) - raft.server.threadpool.client.size = 0 (default)
2023-06-06 06:59:27,785 [252f6884-8a0a-4c07-9df6-494d0e55bfc9-groupManagement] INFO  storage.RaftStorageDirectory (RaftStorageDirectoryImpl.java:analyzeStorage(137)) - The storage directory /home/runner/work/ozone/ozone/hadoop-ozone/integration-test/target/test-dir/MiniOzoneClusterImpl-8bad4e8b-826b-4b9b-92b9-e03c261c0494/datanode-0/data/ratis/ca269774-7af4-4fe5-8c02-8c496130a13a does not exist. Creating ...
2023-06-06 06:59:27,787 [252f6884-8a0a-4c07-9df6-494d0e55bfc9-groupManagement] INFO  storage.RaftStorageDirectory (RaftStorageDirectoryImpl.java:tryLock(231)) - Lock on /home/runner/work/ozone/ozone/hadoop-ozone/integration-test/target/test-dir/MiniOzoneClusterImpl-8bad4e8b-826b-4b9b-92b9-e03c261c0494/datanode-0/data/ratis/ca269774-7af4-4fe5-8c02-8c496130a13a/in_use.lock acquired by nodename 5524@fv-az617-212
2023-06-06 06:59:27,788 [252f6884-8a0a-4c07-9df6-494d0e55bfc9-groupManagement] INFO  storage.RaftStorage (RaftStorageImpl.java:format(96)) - Storage directory /home/runner/work/ozone/ozone/hadoop-ozone/integration-test/target/test-dir/MiniOzoneClusterImpl-8bad4e8b-826b-4b9b-92b9-e03c261c0494/datanode-0/data/ratis/ca269774-7af4-4fe5-8c02-8c496130a13a has been successfully formatted.
2023-06-06 06:59:27,792 [252f6884-8a0a-4c07-9df6-494d0e55bfc9-groupManagement] INFO  ratis.ContainerStateMachine (ContainerStateMachine.java:loadSnapshot(262)) - group-8C496130A13A: The snapshot info is null. Setting the last applied indexto:(t:0, i:~)
2023-06-06 06:59:27,792 [252f6884-8a0a-4c07-9df6-494d0e55bfc9-groupManagement] INFO  server.RaftServerConfigKeys (ConfUtils.java:logGet(46)) - raft.server.log.use.memory = false (default)
2023-06-06 06:59:27,793 [252f6884-8a0a-4c07-9df6-494d0e55bfc9-groupManagement] INFO  server.RaftServerConfigKeys (ConfUtils.java:logGet(46)) - raft.server.log.purge.gap = 1000000 (custom)
2023-06-06 06:59:27,793 [252f6884-8a0a-4c07-9df6-494d0e55bfc9-groupManagement] INFO  server.RaftServerConfigKeys (ConfUtils.java:logGet(46)) - raft.server.log.appender.buffer.byte-limit = 33554432 (custom)
2023-06-06 06:59:27,793 [252f6884-8a0a-4c07-9df6-494d0e55bfc9-groupManagement] INFO  server.RaftServerConfigKeys (ConfUtils.java:logGet(46)) - raft.server.log.statemachine.data.read.timeout = 1000ms (default)
2023-06-06 06:59:27,793 [252f6884-8a0a-4c07-9df6-494d0e55bfc9-groupManagement] INFO  server.RaftServerConfigKeys (ConfUtils.java:logGet(46)) - raft.server.log.purge.preservation.log.num = 0 (default)
2023-06-06 06:59:27,793 [252f6884-8a0a-4c07-9df6-494d0e55bfc9-groupManagement] INFO  server.RaftServerConfigKeys (ConfUtils.java:logGet(46)) - raft.server.log.segment.size.max = 1048576 (custom)
2023-06-06 06:59:27,793 [252f6884-8a0a-4c07-9df6-494d0e55bfc9-groupManagement] INFO  server.RaftServerConfigKeys (ConfUtils.java:logGet(46)) - raft.server.log.segment.cache.num.max = 2 (custom)
2023-06-06 06:59:27,794 [252f6884-8a0a-4c07-9df6-494d0e55bfc9-groupManagement] INFO  server.RaftServerConfigKeys (ConfUtils.java:logGet(46)) - raft.server.log.segment.cache.size.max = 200MB (=209715200) (default)
2023-06-06 06:59:27,794 [252f6884-8a0a-4c07-9df6-494d0e55bfc9-groupManagement] INFO  server.RaftServerConfigKeys (ConfUtils.java:logGet(46)) - raft.server.log.appender.buffer.byte-limit = 33554432 (custom)
2023-06-06 06:59:27,794 [252f6884-8a0a-4c07-9df6-494d0e55bfc9-groupManagement] INFO  segmented.SegmentedRaftLogWorker (SegmentedRaftLogWorker.java:<init>(188)) - new 252f6884-8a0a-4c07-9df6-494d0e55bfc9@group-8C496130A13A-SegmentedRaftLogWorker for RaftStorageImpl:Storage Directory /home/runner/work/ozone/ozone/hadoop-ozone/integration-test/target/test-dir/MiniOzoneClusterImpl-8bad4e8b-826b-4b9b-92b9-e03c261c0494/datanode-0/data/ratis/ca269774-7af4-4fe5-8c02-8c496130a13a
2023-06-06 06:59:27,794 [252f6884-8a0a-4c07-9df6-494d0e55bfc9-groupManagement] INFO  server.RaftServerConfigKeys (ConfUtils.java:logGet(46)) - raft.server.log.queue.byte-limit = 4294967296 (custom)
2023-06-06 06:59:27,794 [252f6884-8a0a-4c07-9df6-494d0e55bfc9-groupManagement] INFO  server.RaftServerConfigKeys (ConfUtils.java:logGet(46)) - raft.server.log.queue.element-limit = 1024 (custom)
2023-06-06 06:59:27,794 [252f6884-8a0a-4c07-9df6-494d0e55bfc9-groupManagement] INFO  server.RaftServerConfigKeys (ConfUtils.java:logGet(46)) - raft.server.log.segment.size.max = 1048576 (custom)
2023-06-06 06:59:27,794 [252f6884-8a0a-4c07-9df6-494d0e55bfc9-groupManagement] INFO  server.RaftServerConfigKeys (ConfUtils.java:logGet(46)) - raft.server.log.preallocated.size = 16384 (custom)
2023-06-06 06:59:27,794 [252f6884-8a0a-4c07-9df6-494d0e55bfc9-groupManagement] INFO  server.RaftServerConfigKeys (ConfUtils.java:logGet(46)) - raft.server.log.force.sync.num = 128 (default)
2023-06-06 06:59:27,794 [252f6884-8a0a-4c07-9df6-494d0e55bfc9-groupManagement] INFO  server.RaftServerConfigKeys (ConfUtils.java:logGet(46)) - raft.server.log.statemachine.data.sync = true (default)
2023-06-06 06:59:27,794 [252f6884-8a0a-4c07-9df6-494d0e55bfc9-groupManagement] INFO  server.RaftServerConfigKeys (ConfUtils.java:logGet(46)) - raft.server.log.statemachine.data.sync.timeout = 10s (default)
2023-06-06 06:59:27,794 [252f6884-8a0a-4c07-9df6-494d0e55bfc9-groupManagement] INFO  server.RaftServerConfigKeys (ConfUtils.java:logGet(46)) - raft.server.log.statemachine.data.sync.timeout.retry = -1 (default)
2023-06-06 06:59:27,795 [252f6884-8a0a-4c07-9df6-494d0e55bfc9-groupManagement] INFO  server.RaftServerConfigKeys (ConfUtils.java:logGet(46)) - raft.server.log.write.buffer.size = 1048576 (custom)
2023-06-06 06:59:27,795 [252f6884-8a0a-4c07-9df6-494d0e55bfc9-groupManagement] INFO  server.RaftServerConfigKeys (ConfUtils.java:logGet(46)) - raft.server.log.appender.buffer.byte-limit = 33554432 (custom)
2023-06-06 06:59:27,798 [252f6884-8a0a-4c07-9df6-494d0e55bfc9-groupManagement] INFO  server.RaftServerConfigKeys (ConfUtils.java:logGet(46)) - raft.server.log.unsafe-flush.enabled = false (default)
2023-06-06 06:59:27,798 [252f6884-8a0a-4c07-9df6-494d0e55bfc9-groupManagement] INFO  server.RaftServerConfigKeys (ConfUtils.java:logGet(46)) - raft.server.log.async-flush.enabled = false (default)
2023-06-06 06:59:27,798 [252f6884-8a0a-4c07-9df6-494d0e55bfc9-groupManagement] INFO  server.RaftServerConfigKeys (ConfUtils.java:logGet(46)) - raft.server.log.statemachine.data.caching.enabled = true (custom)
2023-06-06 06:59:27,798 [252f6884-8a0a-4c07-9df6-494d0e55bfc9-groupManagement] INFO  segmented.SegmentedRaftLogWorker (SegmentedRaftLogWorker.java:lambda$new$0(135)) - 252f6884-8a0a-4c07-9df6-494d0e55bfc9@group-8C496130A13A-SegmentedRaftLogWorker: flushIndex: setUnconditionally 0 -> -1
2023-06-06 06:59:27,798 [252f6884-8a0a-4c07-9df6-494d0e55bfc9-groupManagement] INFO  segmented.SegmentedRaftLogWorker (SegmentedRaftLogWorker.java:lambda$new$0(135)) - 252f6884-8a0a-4c07-9df6-494d0e55bfc9@group-8C496130A13A-SegmentedRaftLogWorker: safeCacheEvictIndex: setUnconditionally 0 -> -1
2023-06-06 06:59:27,799 [252f6884-8a0a-4c07-9df6-494d0e55bfc9-groupManagement] INFO  server.RaftServer$Division (RaftServerImpl.java:start(342)) - 252f6884-8a0a-4c07-9df6-494d0e55bfc9@group-8C496130A13A: start as a follower, conf=-1: peers:[252f6884-8a0a-4c07-9df6-494d0e55bfc9|rpc:10.1.26.1:15022|admin:10.1.26.1:15021|client:10.1.26.1:15020|dataStream:10.1.26.1:15023|priority:1|startupRole:FOLLOWER]|listeners:[], old=null
2023-06-06 06:59:27,799 [252f6884-8a0a-4c07-9df6-494d0e55bfc9-groupManagement] INFO  server.RaftServer$Division (RaftServerImpl.java:setRole(329)) - 252f6884-8a0a-4c07-9df6-494d0e55bfc9@group-8C496130A13A: changes role from      null to FOLLOWER at term 0 for startAsFollower
2023-06-06 06:59:27,799 [252f6884-8a0a-4c07-9df6-494d0e55bfc9-groupManagement] INFO  impl.RoleInfo (RoleInfo.java:updateAndGet(139)) - 252f6884-8a0a-4c07-9df6-494d0e55bfc9: start 252f6884-8a0a-4c07-9df6-494d0e55bfc9@group-8C496130A13A-FollowerState
2023-06-06 06:59:27,803 [252f6884-8a0a-4c07-9df6-494d0e55bfc9-groupManagement] INFO  util.JmxRegister (JmxRegister.java:tryRegister(44)) - Successfully registered JMX Bean with object name Ratis:service=RaftServer,group=group-8C496130A13A,id=252f6884-8a0a-4c07-9df6-494d0e55bfc9
2023-06-06 06:59:27,803 [252f6884-8a0a-4c07-9df6-494d0e55bfc9-groupManagement] INFO  server.RaftServerConfigKeys (ConfUtils.java:logGet(46)) - raft.server.snapshot.auto.trigger.enabled = true (custom)
2023-06-06 06:59:27,803 [252f6884-8a0a-4c07-9df6-494d0e55bfc9-groupManagement] INFO  server.RaftServerConfigKeys (ConfUtils.java:logGet(46)) - raft.server.snapshot.auto.trigger.threshold = 10000 (custom)
2023-06-06 06:59:27,803 [252f6884-8a0a-4c07-9df6-494d0e55bfc9-groupManagement] INFO  server.RaftServerConfigKeys (ConfUtils.java:logGet(46)) - raft.server.snapshot.retention.file.num = 5 (custom)
2023-06-06 06:59:27,803 [252f6884-8a0a-4c07-9df6-494d0e55bfc9-groupManagement] INFO  server.RaftServerConfigKeys (ConfUtils.java:logGet(46)) - raft.server.log.purge.upto.snapshot.index = false (default)
2023-06-06 06:59:27,803 [252f6884-8a0a-4c07-9df6-494d0e55bfc9@group-8C496130A13A-FollowerState] INFO  server.RaftServerConfigKeys (ConfUtils.java:logFallback(53)) - raft.server.rpc.first-election.timeout.min = 5s (fallback to raft.server.rpc.timeout.min)
2023-06-06 06:59:27,804 [252f6884-8a0a-4c07-9df6-494d0e55bfc9@group-8C496130A13A-FollowerState] INFO  server.RaftServerConfigKeys (ConfUtils.java:logFallback(53)) - raft.server.rpc.first-election.timeout.max = 5200ms (fallback to raft.server.rpc.timeout.max)
2023-06-06 06:59:27,814 [PipelineCommandHandlerThread-0] INFO  ratis.XceiverServerRatis (XceiverServerRatis.java:addGroup(804)) - Created group PipelineID=ca269774-7af4-4fe5-8c02-8c496130a13a
2023-06-06 06:59:27,814 [PipelineCommandHandlerThread-0] INFO  commandhandler.CreatePipelineCommandHandler (CreatePipelineCommandHandler.java:lambda$handle$2(124)) - Created Pipeline RATIS ONE PipelineID=ca269774-7af4-4fe5-8c02-8c496130a13a.
2023-06-06 06:59:27,815 [PipelineCommandHandlerThread-0] INFO  server.RaftServer (RaftServerProxy.java:addNew(98)) - 252f6884-8a0a-4c07-9df6-494d0e55bfc9: addNew group-80A6D881258B:[252f6884-8a0a-4c07-9df6-494d0e55bfc9|rpc:10.1.26.1:15022|admin:10.1.26.1:15021|client:10.1.26.1:15020|dataStream:10.1.26.1:15023|priority:0|startupRole:FOLLOWER, e0d9f277-ba74-4528-aa5b-6dadce97c603|rpc:10.1.26.1:15040|admin:10.1.26.1:15039|client:10.1.26.1:15038|dataStream:10.1.26.1:15041|priority:1|startupRole:FOLLOWER, 9b7fe73a-3db0-4294-ac6d-c59285debe9e|rpc:10.1.26.1:15031|admin:10.1.26.1:15030|client:10.1.26.1:15029|dataStream:10.1.26.1:15032|priority:0|startupRole:FOLLOWER] returns group-80A6D881258B:java.util.concurrent.CompletableFuture@6b3a1d0[Not completed]
2023-06-06 06:59:27,815 [EventQueue-PipelineReportForPipelineReportHandler] INFO  pipeline.PipelineManagerImpl (PipelineManagerImpl.java:openPipeline(367)) - Pipeline Pipeline[ Id: ca269774-7af4-4fe5-8c02-8c496130a13a, Nodes: 252f6884-8a0a-4c07-9df6-494d0e55bfc9(fv-az617-212.pwnmbzmyba5ezmab2zpzaqbtmg.cx.internal.cloudapp.net/10.1.26.1), ReplicationConfig: RATIS/ONE, State:ALLOCATED, leaderId:252f6884-8a0a-4c07-9df6-494d0e55bfc9, CreationTimestamp2023-06-06T06:59:24.776Z[Etc/UTC]] moved to OPEN state
2023-06-06 06:59:27,816 [252f6884-8a0a-4c07-9df6-494d0e55bfc9-groupManagement] INFO  server.RaftServer$Division (RaftServerImpl.java:<init>(198)) - 252f6884-8a0a-4c07-9df6-494d0e55bfc9: new RaftServerImpl for group-80A6D881258B:[252f6884-8a0a-4c07-9df6-494d0e55bfc9|rpc:10.1.26.1:15022|admin:10.1.26.1:15021|client:10.1.26.1:15020|dataStream:10.1.26.1:15023|priority:0|startupRole:FOLLOWER, e0d9f277-ba74-4528-aa5b-6dadce97c603|rpc:10.1.26.1:15040|admin:10.1.26.1:15039|client:10.1.26.1:15038|dataStream:10.1.26.1:15041|priority:1|startupRole:FOLLOWER, 9b7fe73a-3db0-4294-ac6d-c59285debe9e|rpc:10.1.26.1:15031|admin:10.1.26.1:15030|client:10.1.26.1:15029|dataStream:10.1.26.1:15032|priority:0|startupRole:FOLLOWER] with ContainerStateMachine:uninitialized
2023-06-06 06:59:27,817 [252f6884-8a0a-4c07-9df6-494d0e55bfc9-groupManagement] INFO  server.RaftServerConfigKeys (ConfUtils.java:logGet(46)) - raft.server.rpc.timeout.min = 5s (custom)
2023-06-06 06:59:27,817 [252f6884-8a0a-4c07-9df6-494d0e55bfc9-groupManagement] INFO  server.RaftServerConfigKeys (ConfUtils.java:logGet(46)) - raft.server.rpc.timeout.max = 5200ms (custom)
2023-06-06 06:59:27,817 [252f6884-8a0a-4c07-9df6-494d0e55bfc9-groupManagement] INFO  server.RaftServerConfigKeys (ConfUtils.java:logGet(46)) - raft.server.rpc.sleep.time = 25ms (default)
2023-06-06 06:59:27,817 [252f6884-8a0a-4c07-9df6-494d0e55bfc9-groupManagement] INFO  server.RaftServerConfigKeys (ConfUtils.java:logGet(46)) - raft.server.rpc.slowness.timeout = 300s (custom)
2023-06-06 06:59:27,817 [252f6884-8a0a-4c07-9df6-494d0e55bfc9-groupManagement] INFO  server.RaftServerConfigKeys (ConfUtils.java:logGet(46)) - raft.server.leaderelection.leader.step-down.wait-time = 10s (default)
2023-06-06 06:59:27,817 [252f6884-8a0a-4c07-9df6-494d0e55bfc9-groupManagement] INFO  server.RaftServerConfigKeys (ConfUtils.java:logGet(46)) - raft.server.sleep.deviation.threshold = 300ms (default)
2023-06-06 06:59:27,818 [252f6884-8a0a-4c07-9df6-494d0e55bfc9-groupManagement] INFO  server.RaftServer$Division (ServerState.java:<init>(120)) - 252f6884-8a0a-4c07-9df6-494d0e55bfc9@group-80A6D881258B: ConfigurationManager, init=-1: peers:[252f6884-8a0a-4c07-9df6-494d0e55bfc9|rpc:10.1.26.1:15022|admin:10.1.26.1:15021|client:10.1.26.1:15020|dataStream:10.1.26.1:15023|priority:0|startupRole:FOLLOWER, e0d9f277-ba74-4528-aa5b-6dadce97c603|rpc:10.1.26.1:15040|admin:10.1.26.1:15039|client:10.1.26.1:15038|dataStream:10.1.26.1:15041|priority:1|startupRole:FOLLOWER, 9b7fe73a-3db0-4294-ac6d-c59285debe9e|rpc:10.1.26.1:15031|admin:10.1.26.1:15030|client:10.1.26.1:15029|dataStream:10.1.26.1:15032|priority:0|startupRole:FOLLOWER]|listeners:[], old=null, confs=<EMPTY_MAP>
2023-06-06 06:59:27,818 [252f6884-8a0a-4c07-9df6-494d0e55bfc9-groupManagement] INFO  server.RaftServerConfigKeys (ConfUtils.java:logGet(46)) - raft.server.storage.dir = [/home/runner/work/ozone/ozone/hadoop-ozone/integration-test/target/test-dir/MiniOzoneClusterImpl-8bad4e8b-826b-4b9b-92b9-e03c261c0494/datanode-0/data/ratis] (custom)
2023-06-06 06:59:27,818 [252f6884-8a0a-4c07-9df6-494d0e55bfc9-groupManagement] INFO  server.RaftServerConfigKeys (ConfUtils.java:logGet(46)) - raft.server.log.corruption.policy = EXCEPTION (default)
2023-06-06 06:59:27,818 [252f6884-8a0a-4c07-9df6-494d0e55bfc9-groupManagement] INFO  server.RaftServerConfigKeys (ConfUtils.java:logGet(46)) - raft.server.storage.free-space.min = 0MB (=0) (default)
2023-06-06 06:59:27,818 [252f6884-8a0a-4c07-9df6-494d0e55bfc9-groupManagement] INFO  server.RaftServerConfigKeys (ConfUtils.java:logGet(46)) - raft.server.notification.no-leader.timeout = 300s (custom)
2023-06-06 06:59:27,818 [252f6884-8a0a-4c07-9df6-494d0e55bfc9-groupManagement] INFO  server.RaftServerConfigKeys (ConfUtils.java:logGet(46)) - raft.server.read.timeout = 10s (default)
2023-06-06 06:59:27,818 [252f6884-8a0a-4c07-9df6-494d0e55bfc9-groupManagement] INFO  server.RaftServerConfigKeys (ConfUtils.java:logGet(46)) - raft.server.retrycache.expirytime = 600000ms (custom)
2023-06-06 06:59:27,818 [252f6884-8a0a-4c07-9df6-494d0e55bfc9-groupManagement] INFO  server.RaftServerConfigKeys (ConfUtils.java:logGet(46)) - raft.server.retrycache.statistics.expirytime = 100μs (default)
2023-06-06 06:59:27,818 [252f6884-8a0a-4c07-9df6-494d0e55bfc9-groupManagement] INFO  server.RaftServerConfigKeys (ConfUtils.java:logGet(46)) - raft.server.read.option = DEFAULT (default)
2023-06-06 06:59:27,820 [252f6884-8a0a-4c07-9df6-494d0e55bfc9-groupManagement] INFO  server.RaftServerConfigKeys (ConfUtils.java:logGet(46)) - raft.server.rpc.request.timeout = 60s (custom)
2023-06-06 06:59:27,820 [252f6884-8a0a-4c07-9df6-494d0e55bfc9-groupManagement] INFO  server.RaftServerConfigKeys (ConfUtils.java:logGet(46)) - raft.server.log.appender.install.snapshot.enabled = false (custom)
2023-06-06 06:59:27,820 [252f6884-8a0a-4c07-9df6-494d0e55bfc9-groupManagement] INFO  server.RaftServerConfigKeys (ConfUtils.java:logGet(46)) - raft.server.threadpool.server.cached = true (default)
2023-06-06 06:59:27,820 [252f6884-8a0a-4c07-9df6-494d0e55bfc9-groupManagement] INFO  server.RaftServerConfigKeys (ConfUtils.java:logGet(46)) - raft.server.threadpool.server.size = 0 (default)
2023-06-06 06:59:27,820 [252f6884-8a0a-4c07-9df6-494d0e55bfc9-groupManagement] INFO  server.RaftServerConfigKeys (ConfUtils.java:logGet(46)) - raft.server.threadpool.client.cached = true (default)
2023-06-06 06:59:27,820 [252f6884-8a0a-4c07-9df6-494d0e55bfc9-groupManagement] INFO  server.RaftServerConfigKeys (ConfUtils.java:logGet(46)) - raft.server.threadpool.client.size = 0 (default)
2023-06-06 06:59:27,820 [252f6884-8a0a-4c07-9df6-494d0e55bfc9-groupManagement] INFO  storage.RaftStorageDirectory (RaftStorageDirectoryImpl.java:analyzeStorage(137)) - The storage directory /home/runner/work/ozone/ozone/hadoop-ozone/integration-test/target/test-dir/MiniOzoneClusterImpl-8bad4e8b-826b-4b9b-92b9-e03c261c0494/datanode-0/data/ratis/e99ce884-51b0-49be-8118-80a6d881258b does not exist. Creating ...
2023-06-06 06:59:27,821 [EventQueue-OpenPipelineForHealthyPipelineSafeModeRule] INFO  safemode.SCMSafeModeManager (HealthyPipelineSafeModeRule.java:process(137)) - SCM in safe mode. Healthy pipelines reported count is 0, required healthy pipeline reported count is 1
2023-06-06 06:59:27,823 [252f6884-8a0a-4c07-9df6-494d0e55bfc9-groupManagement] INFO  storage.RaftStorageDirectory (RaftStorageDirectoryImpl.java:tryLock(231)) - Lock on /home/runner/work/ozone/ozone/hadoop-ozone/integration-test/target/test-dir/MiniOzoneClusterImpl-8bad4e8b-826b-4b9b-92b9-e03c261c0494/datanode-0/data/ratis/e99ce884-51b0-49be-8118-80a6d881258b/in_use.lock acquired by nodename 5524@fv-az617-212
2023-06-06 06:59:27,826 [252f6884-8a0a-4c07-9df6-494d0e55bfc9-groupManagement] INFO  storage.RaftStorage (RaftStorageImpl.java:format(96)) - Storage directory /home/runner/work/ozone/ozone/hadoop-ozone/integration-test/target/test-dir/MiniOzoneClusterImpl-8bad4e8b-826b-4b9b-92b9-e03c261c0494/datanode-0/data/ratis/e99ce884-51b0-49be-8118-80a6d881258b has been successfully formatted.
2023-06-06 06:59:27,826 [252f6884-8a0a-4c07-9df6-494d0e55bfc9-groupManagement] INFO  ratis.ContainerStateMachine (ContainerStateMachine.java:loadSnapshot(262)) - group-80A6D881258B: The snapshot info is null. Setting the last applied indexto:(t:0, i:~)
2023-06-06 06:59:27,827 [252f6884-8a0a-4c07-9df6-494d0e55bfc9-groupManagement] INFO  server.RaftServerConfigKeys (ConfUtils.java:logGet(46)) - raft.server.log.use.memory = false (default)
2023-06-06 06:59:27,828 [EventQueue-OpenPipelineForHealthyPipelineSafeModeRule] INFO  safemode.SCMSafeModeManager (HealthyPipelineSafeModeRule.java:process(137)) - SCM in safe mode. Healthy pipelines reported count is 0, required healthy pipeline reported count is 1
2023-06-06 06:59:27,828 [252f6884-8a0a-4c07-9df6-494d0e55bfc9-groupManagement] INFO  server.RaftServerConfigKeys (ConfUtils.java:logGet(46)) - raft.server.log.purge.gap = 1000000 (custom)
2023-06-06 06:59:27,829 [252f6884-8a0a-4c07-9df6-494d0e55bfc9-groupManagement] INFO  server.RaftServerConfigKeys (ConfUtils.java:logGet(46)) - raft.server.log.appender.buffer.byte-limit = 33554432 (custom)
2023-06-06 06:59:27,829 [252f6884-8a0a-4c07-9df6-494d0e55bfc9-groupManagement] INFO  server.RaftServerConfigKeys (ConfUtils.java:logGet(46)) - raft.server.log.statemachine.data.read.timeout = 1000ms (default)
2023-06-06 06:59:27,829 [252f6884-8a0a-4c07-9df6-494d0e55bfc9-groupManagement] INFO  server.RaftServerConfigKeys (ConfUtils.java:logGet(46)) - raft.server.log.purge.preservation.log.num = 0 (default)
2023-06-06 06:59:27,829 [252f6884-8a0a-4c07-9df6-494d0e55bfc9-groupManagement] INFO  server.RaftServerConfigKeys (ConfUtils.java:logGet(46)) - raft.server.log.segment.size.max = 1048576 (custom)
2023-06-06 06:59:27,829 [252f6884-8a0a-4c07-9df6-494d0e55bfc9-groupManagement] INFO  server.RaftServerConfigKeys (ConfUtils.java:logGet(46)) - raft.server.log.segment.cache.num.max = 2 (custom)
2023-06-06 06:59:27,829 [252f6884-8a0a-4c07-9df6-494d0e55bfc9-groupManagement] INFO  server.RaftServerConfigKeys (ConfUtils.java:logGet(46)) - raft.server.log.segment.cache.size.max = 200MB (=209715200) (default)
2023-06-06 06:59:27,829 [252f6884-8a0a-4c07-9df6-494d0e55bfc9-groupManagement] INFO  server.RaftServerConfigKeys (ConfUtils.java:logGet(46)) - raft.server.log.appender.buffer.byte-limit = 33554432 (custom)
2023-06-06 06:59:27,830 [252f6884-8a0a-4c07-9df6-494d0e55bfc9-groupManagement] INFO  segmented.SegmentedRaftLogWorker (SegmentedRaftLogWorker.java:<init>(188)) - new 252f6884-8a0a-4c07-9df6-494d0e55bfc9@group-80A6D881258B-SegmentedRaftLogWorker for RaftStorageImpl:Storage Directory /home/runner/work/ozone/ozone/hadoop-ozone/integration-test/target/test-dir/MiniOzoneClusterImpl-8bad4e8b-826b-4b9b-92b9-e03c261c0494/datanode-0/data/ratis/e99ce884-51b0-49be-8118-80a6d881258b
2023-06-06 06:59:27,830 [252f6884-8a0a-4c07-9df6-494d0e55bfc9-groupManagement] INFO  server.RaftServerConfigKeys (ConfUtils.java:logGet(46)) - raft.server.log.queue.byte-limit = 4294967296 (custom)
2023-06-06 06:59:27,830 [252f6884-8a0a-4c07-9df6-494d0e55bfc9-groupManagement] INFO  server.RaftServerConfigKeys (ConfUtils.java:logGet(46)) - raft.server.log.queue.element-limit = 1024 (custom)
2023-06-06 06:59:27,830 [252f6884-8a0a-4c07-9df6-494d0e55bfc9-groupManagement] INFO  server.RaftServerConfigKeys (ConfUtils.java:logGet(46)) - raft.server.log.segment.size.max = 1048576 (custom)
2023-06-06 06:59:27,830 [252f6884-8a0a-4c07-9df6-494d0e55bfc9-groupManagement] INFO  server.RaftServerConfigKeys (ConfUtils.java:logGet(46)) - raft.server.log.preallocated.size = 16384 (custom)
2023-06-06 06:59:27,830 [252f6884-8a0a-4c07-9df6-494d0e55bfc9-groupManagement] INFO  server.RaftServerConfigKeys (ConfUtils.java:logGet(46)) - raft.server.log.force.sync.num = 128 (default)
2023-06-06 06:59:27,830 [252f6884-8a0a-4c07-9df6-494d0e55bfc9-groupManagement] INFO  server.RaftServerConfigKeys (ConfUtils.java:logGet(46)) - raft.server.log.statemachine.data.sync = true (default)
2023-06-06 06:59:27,830 [252f6884-8a0a-4c07-9df6-494d0e55bfc9-groupManagement] INFO  server.RaftServerConfigKeys (ConfUtils.java:logGet(46)) - raft.server.log.statemachine.data.sync.timeout = 10s (default)
2023-06-06 06:59:27,830 [252f6884-8a0a-4c07-9df6-494d0e55bfc9-groupManagement] INFO  server.RaftServerConfigKeys (ConfUtils.java:logGet(46)) - raft.server.log.statemachine.data.sync.timeout.retry = -1 (default)
2023-06-06 06:59:27,832 [252f6884-8a0a-4c07-9df6-494d0e55bfc9-groupManagement] INFO  server.RaftServerConfigKeys (ConfUtils.java:logGet(46)) - raft.server.log.write.buffer.size = 1048576 (custom)
2023-06-06 06:59:27,833 [252f6884-8a0a-4c07-9df6-494d0e55bfc9-groupManagement] INFO  server.RaftServerConfigKeys (ConfUtils.java:logGet(46)) - raft.server.log.appender.buffer.byte-limit = 33554432 (custom)
2023-06-06 06:59:27,838 [252f6884-8a0a-4c07-9df6-494d0e55bfc9-groupManagement] INFO  server.RaftServerConfigKeys (ConfUtils.java:logGet(46)) - raft.server.log.unsafe-flush.enabled = false (default)
2023-06-06 06:59:27,838 [252f6884-8a0a-4c07-9df6-494d0e55bfc9-groupManagement] INFO  server.RaftServerConfigKeys (ConfUtils.java:logGet(46)) - raft.server.log.async-flush.enabled = false (default)
2023-06-06 06:59:27,838 [252f6884-8a0a-4c07-9df6-494d0e55bfc9-groupManagement] INFO  server.RaftServerConfigKeys (ConfUtils.java:logGet(46)) - raft.server.log.statemachine.data.caching.enabled = true (custom)
2023-06-06 06:59:27,838 [252f6884-8a0a-4c07-9df6-494d0e55bfc9-groupManagement] INFO  segmented.SegmentedRaftLogWorker (SegmentedRaftLogWorker.java:lambda$new$0(135)) - 252f6884-8a0a-4c07-9df6-494d0e55bfc9@group-80A6D881258B-SegmentedRaftLogWorker: flushIndex: setUnconditionally 0 -> -1
2023-06-06 06:59:27,838 [252f6884-8a0a-4c07-9df6-494d0e55bfc9-groupManagement] INFO  segmented.SegmentedRaftLogWorker (SegmentedRaftLogWorker.java:lambda$new$0(135)) - 252f6884-8a0a-4c07-9df6-494d0e55bfc9@group-80A6D881258B-SegmentedRaftLogWorker: safeCacheEvictIndex: setUnconditionally 0 -> -1
2023-06-06 06:59:27,838 [252f6884-8a0a-4c07-9df6-494d0e55bfc9-groupManagement] INFO  server.RaftServer$Division (RaftServerImpl.java:start(342)) - 252f6884-8a0a-4c07-9df6-494d0e55bfc9@group-80A6D881258B: start as a follower, conf=-1: peers:[252f6884-8a0a-4c07-9df6-494d0e55bfc9|rpc:10.1.26.1:15022|admin:10.1.26.1:15021|client:10.1.26.1:15020|dataStream:10.1.26.1:15023|priority:0|startupRole:FOLLOWER, e0d9f277-ba74-4528-aa5b-6dadce97c603|rpc:10.1.26.1:15040|admin:10.1.26.1:15039|client:10.1.26.1:15038|dataStream:10.1.26.1:15041|priority:1|startupRole:FOLLOWER, 9b7fe73a-3db0-4294-ac6d-c59285debe9e|rpc:10.1.26.1:15031|admin:10.1.26.1:15030|client:10.1.26.1:15029|dataStream:10.1.26.1:15032|priority:0|startupRole:FOLLOWER]|listeners:[], old=null
2023-06-06 06:59:27,838 [252f6884-8a0a-4c07-9df6-494d0e55bfc9-groupManagement] INFO  server.RaftServer$Division (RaftServerImpl.java:setRole(329)) - 252f6884-8a0a-4c07-9df6-494d0e55bfc9@group-80A6D881258B: changes role from      null to FOLLOWER at term 0 for startAsFollower
2023-06-06 06:59:27,838 [252f6884-8a0a-4c07-9df6-494d0e55bfc9-groupManagement] INFO  impl.RoleInfo (RoleInfo.java:updateAndGet(139)) - 252f6884-8a0a-4c07-9df6-494d0e55bfc9: start 252f6884-8a0a-4c07-9df6-494d0e55bfc9@group-80A6D881258B-FollowerState
2023-06-06 06:59:27,841 [252f6884-8a0a-4c07-9df6-494d0e55bfc9-groupManagement] INFO  util.JmxRegister (JmxRegister.java:tryRegister(44)) - Successfully registered JMX Bean with object name Ratis:service=RaftServer,group=group-80A6D881258B,id=252f6884-8a0a-4c07-9df6-494d0e55bfc9
2023-06-06 06:59:27,841 [252f6884-8a0a-4c07-9df6-494d0e55bfc9-groupManagement] INFO  server.RaftServerConfigKeys (ConfUtils.java:logGet(46)) - raft.server.snapshot.auto.trigger.enabled = true (custom)
2023-06-06 06:59:27,841 [252f6884-8a0a-4c07-9df6-494d0e55bfc9-groupManagement] INFO  server.RaftServerConfigKeys (ConfUtils.java:logGet(46)) - raft.server.snapshot.auto.trigger.threshold = 10000 (custom)
2023-06-06 06:59:27,841 [252f6884-8a0a-4c07-9df6-494d0e55bfc9-groupManagement] INFO  server.RaftServerConfigKeys (ConfUtils.java:logGet(46)) - raft.server.snapshot.retention.file.num = 5 (custom)
2023-06-06 06:59:27,841 [252f6884-8a0a-4c07-9df6-494d0e55bfc9-groupManagement] INFO  server.RaftServerConfigKeys (ConfUtils.java:logGet(46)) - raft.server.log.purge.upto.snapshot.index = false (default)
2023-06-06 06:59:27,844 [252f6884-8a0a-4c07-9df6-494d0e55bfc9@group-80A6D881258B-FollowerState] INFO  server.RaftServerConfigKeys (ConfUtils.java:logFallback(53)) - raft.server.rpc.first-election.timeout.min = 5s (fallback to raft.server.rpc.timeout.min)
2023-06-06 06:59:27,845 [PipelineCommandHandlerThread-0] INFO  ratis.XceiverServerRatis (XceiverServerRatis.java:addGroup(804)) - Created group PipelineID=e99ce884-51b0-49be-8118-80a6d881258b
2023-06-06 06:59:27,851 [252f6884-8a0a-4c07-9df6-494d0e55bfc9@group-80A6D881258B-FollowerState] INFO  server.RaftServerConfigKeys (ConfUtils.java:logFallback(53)) - raft.server.rpc.first-election.timeout.max = 5200ms (fallback to raft.server.rpc.timeout.max)
2023-06-06 06:59:27,901 [grpc-default-executor-4] INFO  server.RaftServer (RaftServerProxy.java:addNew(98)) - 9b7fe73a-3db0-4294-ac6d-c59285debe9e: addNew group-80A6D881258B:[252f6884-8a0a-4c07-9df6-494d0e55bfc9|rpc:10.1.26.1:15022|admin:10.1.26.1:15021|client:10.1.26.1:15020|dataStream:10.1.26.1:15023|priority:0|startupRole:FOLLOWER, e0d9f277-ba74-4528-aa5b-6dadce97c603|rpc:10.1.26.1:15040|admin:10.1.26.1:15039|client:10.1.26.1:15038|dataStream:10.1.26.1:15041|priority:1|startupRole:FOLLOWER, 9b7fe73a-3db0-4294-ac6d-c59285debe9e|rpc:10.1.26.1:15031|admin:10.1.26.1:15030|client:10.1.26.1:15029|dataStream:10.1.26.1:15032|priority:0|startupRole:FOLLOWER] returns group-80A6D881258B:java.util.concurrent.CompletableFuture@165b6aa8[Not completed]
2023-06-06 06:59:27,905 [9b7fe73a-3db0-4294-ac6d-c59285debe9e-groupManagement] INFO  server.RaftServer$Division (RaftServerImpl.java:<init>(198)) - 9b7fe73a-3db0-4294-ac6d-c59285debe9e: new RaftServerImpl for group-80A6D881258B:[252f6884-8a0a-4c07-9df6-494d0e55bfc9|rpc:10.1.26.1:15022|admin:10.1.26.1:15021|client:10.1.26.1:15020|dataStream:10.1.26.1:15023|priority:0|startupRole:FOLLOWER, e0d9f277-ba74-4528-aa5b-6dadce97c603|rpc:10.1.26.1:15040|admin:10.1.26.1:15039|client:10.1.26.1:15038|dataStream:10.1.26.1:15041|priority:1|startupRole:FOLLOWER, 9b7fe73a-3db0-4294-ac6d-c59285debe9e|rpc:10.1.26.1:15031|admin:10.1.26.1:15030|client:10.1.26.1:15029|dataStream:10.1.26.1:15032|priority:0|startupRole:FOLLOWER] with ContainerStateMachine:uninitialized
2023-06-06 06:59:27,905 [9b7fe73a-3db0-4294-ac6d-c59285debe9e-groupManagement] INFO  server.RaftServerConfigKeys (ConfUtils.java:logGet(46)) - raft.server.rpc.timeout.min = 5s (custom)
2023-06-06 06:59:27,905 [9b7fe73a-3db0-4294-ac6d-c59285debe9e-groupManagement] INFO  server.RaftServerConfigKeys (ConfUtils.java:logGet(46)) - raft.server.rpc.timeout.max = 5200ms (custom)
2023-06-06 06:59:27,905 [9b7fe73a-3db0-4294-ac6d-c59285debe9e-groupManagement] INFO  server.RaftServerConfigKeys (ConfUtils.java:logGet(46)) - raft.server.rpc.sleep.time = 25ms (default)
2023-06-06 06:59:27,905 [9b7fe73a-3db0-4294-ac6d-c59285debe9e-groupManagement] INFO  server.RaftServerConfigKeys (ConfUtils.java:logGet(46)) - raft.server.rpc.slowness.timeout = 300s (custom)
2023-06-06 06:59:27,905 [9b7fe73a-3db0-4294-ac6d-c59285debe9e-groupManagement] INFO  server.RaftServerConfigKeys (ConfUtils.java:logGet(46)) - raft.server.leaderelection.leader.step-down.wait-time = 10s (default)
2023-06-06 06:59:27,906 [9b7fe73a-3db0-4294-ac6d-c59285debe9e-groupManagement] INFO  server.RaftServerConfigKeys (ConfUtils.java:logGet(46)) - raft.server.sleep.deviation.threshold = 300ms (default)
2023-06-06 06:59:27,906 [9b7fe73a-3db0-4294-ac6d-c59285debe9e-groupManagement] INFO  server.RaftServer$Division (ServerState.java:<init>(120)) - 9b7fe73a-3db0-4294-ac6d-c59285debe9e@group-80A6D881258B: ConfigurationManager, init=-1: peers:[252f6884-8a0a-4c07-9df6-494d0e55bfc9|rpc:10.1.26.1:15022|admin:10.1.26.1:15021|client:10.1.26.1:15020|dataStream:10.1.26.1:15023|priority:0|startupRole:FOLLOWER, e0d9f277-ba74-4528-aa5b-6dadce97c603|rpc:10.1.26.1:15040|admin:10.1.26.1:15039|client:10.1.26.1:15038|dataStream:10.1.26.1:15041|priority:1|startupRole:FOLLOWER, 9b7fe73a-3db0-4294-ac6d-c59285debe9e|rpc:10.1.26.1:15031|admin:10.1.26.1:15030|client:10.1.26.1:15029|dataStream:10.1.26.1:15032|priority:0|startupRole:FOLLOWER]|listeners:[], old=null, confs=<EMPTY_MAP>
2023-06-06 06:59:27,907 [9b7fe73a-3db0-4294-ac6d-c59285debe9e-groupManagement] INFO  server.RaftServerConfigKeys (ConfUtils.java:logGet(46)) - raft.server.storage.dir = [/home/runner/work/ozone/ozone/hadoop-ozone/integration-test/target/test-dir/MiniOzoneClusterImpl-8bad4e8b-826b-4b9b-92b9-e03c261c0494/datanode-1/data/ratis] (custom)
2023-06-06 06:59:27,907 [9b7fe73a-3db0-4294-ac6d-c59285debe9e-groupManagement] INFO  server.RaftServerConfigKeys (ConfUtils.java:logGet(46)) - raft.server.log.corruption.policy = EXCEPTION (default)
2023-06-06 06:59:27,908 [9b7fe73a-3db0-4294-ac6d-c59285debe9e-groupManagement] INFO  server.RaftServerConfigKeys (ConfUtils.java:logGet(46)) - raft.server.storage.free-space.min = 0MB (=0) (default)
2023-06-06 06:59:27,908 [9b7fe73a-3db0-4294-ac6d-c59285debe9e-groupManagement] INFO  server.RaftServerConfigKeys (ConfUtils.java:logGet(46)) - raft.server.notification.no-leader.timeout = 300s (custom)
2023-06-06 06:59:27,908 [9b7fe73a-3db0-4294-ac6d-c59285debe9e-groupManagement] INFO  server.RaftServerConfigKeys (ConfUtils.java:logGet(46)) - raft.server.read.timeout = 10s (default)
2023-06-06 06:59:27,908 [9b7fe73a-3db0-4294-ac6d-c59285debe9e-groupManagement] INFO  server.RaftServerConfigKeys (ConfUtils.java:logGet(46)) - raft.server.retrycache.expirytime = 600000ms (custom)
2023-06-06 06:59:27,908 [9b7fe73a-3db0-4294-ac6d-c59285debe9e-groupManagement] INFO  server.RaftServerConfigKeys (ConfUtils.java:logGet(46)) - raft.server.retrycache.statistics.expirytime = 100μs (default)
2023-06-06 06:59:27,908 [9b7fe73a-3db0-4294-ac6d-c59285debe9e-groupManagement] INFO  server.RaftServerConfigKeys (ConfUtils.java:logGet(46)) - raft.server.read.option = DEFAULT (default)
2023-06-06 06:59:27,919 [9b7fe73a-3db0-4294-ac6d-c59285debe9e-groupManagement] INFO  server.RaftServerConfigKeys (ConfUtils.java:logGet(46)) - raft.server.rpc.request.timeout = 60s (custom)
2023-06-06 06:59:27,919 [9b7fe73a-3db0-4294-ac6d-c59285debe9e-groupManagement] INFO  server.RaftServerConfigKeys (ConfUtils.java:logGet(46)) - raft.server.log.appender.install.snapshot.enabled = false (custom)
2023-06-06 06:59:27,919 [9b7fe73a-3db0-4294-ac6d-c59285debe9e-groupManagement] INFO  server.RaftServerConfigKeys (ConfUtils.java:logGet(46)) - raft.server.threadpool.server.cached = true (default)
2023-06-06 06:59:27,919 [9b7fe73a-3db0-4294-ac6d-c59285debe9e-groupManagement] INFO  server.RaftServerConfigKeys (ConfUtils.java:logGet(46)) - raft.server.threadpool.server.size = 0 (default)
2023-06-06 06:59:27,919 [9b7fe73a-3db0-4294-ac6d-c59285debe9e-groupManagement] INFO  server.RaftServerConfigKeys (ConfUtils.java:logGet(46)) - raft.server.threadpool.client.cached = true (default)
2023-06-06 06:59:27,919 [9b7fe73a-3db0-4294-ac6d-c59285debe9e-groupManagement] INFO  server.RaftServerConfigKeys (ConfUtils.java:logGet(46)) - raft.server.threadpool.client.size = 0 (default)
2023-06-06 06:59:27,919 [9b7fe73a-3db0-4294-ac6d-c59285debe9e-groupManagement] INFO  storage.RaftStorageDirectory (RaftStorageDirectoryImpl.java:analyzeStorage(137)) - The storage directory /home/runner/work/ozone/ozone/hadoop-ozone/integration-test/target/test-dir/MiniOzoneClusterImpl-8bad4e8b-826b-4b9b-92b9-e03c261c0494/datanode-1/data/ratis/e99ce884-51b0-49be-8118-80a6d881258b does not exist. Creating ...
2023-06-06 06:59:27,920 [9b7fe73a-3db0-4294-ac6d-c59285debe9e-groupManagement] INFO  storage.RaftStorageDirectory (RaftStorageDirectoryImpl.java:tryLock(231)) - Lock on /home/runner/work/ozone/ozone/hadoop-ozone/integration-test/target/test-dir/MiniOzoneClusterImpl-8bad4e8b-826b-4b9b-92b9-e03c261c0494/datanode-1/data/ratis/e99ce884-51b0-49be-8118-80a6d881258b/in_use.lock acquired by nodename 5524@fv-az617-212
2023-06-06 06:59:27,922 [9b7fe73a-3db0-4294-ac6d-c59285debe9e-groupManagement] INFO  storage.RaftStorage (RaftStorageImpl.java:format(96)) - Storage directory /home/runner/work/ozone/ozone/hadoop-ozone/integration-test/target/test-dir/MiniOzoneClusterImpl-8bad4e8b-826b-4b9b-92b9-e03c261c0494/datanode-1/data/ratis/e99ce884-51b0-49be-8118-80a6d881258b has been successfully formatted.
2023-06-06 06:59:27,923 [9b7fe73a-3db0-4294-ac6d-c59285debe9e-groupManagement] INFO  ratis.ContainerStateMachine (ContainerStateMachine.java:loadSnapshot(262)) - group-80A6D881258B: The snapshot info is null. Setting the last applied indexto:(t:0, i:~)
2023-06-06 06:59:27,923 [9b7fe73a-3db0-4294-ac6d-c59285debe9e-groupManagement] INFO  server.RaftServerConfigKeys (ConfUtils.java:logGet(46)) - raft.server.log.use.memory = false (default)
2023-06-06 06:59:27,924 [9b7fe73a-3db0-4294-ac6d-c59285debe9e-groupManagement] INFO  server.RaftServerConfigKeys (ConfUtils.java:logGet(46)) - raft.server.log.purge.gap = 1000000 (custom)
2023-06-06 06:59:27,924 [9b7fe73a-3db0-4294-ac6d-c59285debe9e-groupManagement] INFO  server.RaftServerConfigKeys (ConfUtils.java:logGet(46)) - raft.server.log.appender.buffer.byte-limit = 33554432 (custom)
2023-06-06 06:59:27,924 [9b7fe73a-3db0-4294-ac6d-c59285debe9e-groupManagement] INFO  server.RaftServerConfigKeys (ConfUtils.java:logGet(46)) - raft.server.log.statemachine.data.read.timeout = 1000ms (default)
2023-06-06 06:59:27,924 [9b7fe73a-3db0-4294-ac6d-c59285debe9e-groupManagement] INFO  server.RaftServerConfigKeys (ConfUtils.java:logGet(46)) - raft.server.log.purge.preservation.log.num = 0 (default)
2023-06-06 06:59:27,926 [9b7fe73a-3db0-4294-ac6d-c59285debe9e-groupManagement] INFO  server.RaftServerConfigKeys (ConfUtils.java:logGet(46)) - raft.server.log.segment.size.max = 1048576 (custom)
2023-06-06 06:59:27,927 [9b7fe73a-3db0-4294-ac6d-c59285debe9e-groupManagement] INFO  server.RaftServerConfigKeys (ConfUtils.java:logGet(46)) - raft.server.log.segment.cache.num.max = 2 (custom)
2023-06-06 06:59:27,928 [9b7fe73a-3db0-4294-ac6d-c59285debe9e-groupManagement] INFO  server.RaftServerConfigKeys (ConfUtils.java:logGet(46)) - raft.server.log.segment.cache.size.max = 200MB (=209715200) (default)
2023-06-06 06:59:27,928 [9b7fe73a-3db0-4294-ac6d-c59285debe9e-groupManagement] INFO  server.RaftServerConfigKeys (ConfUtils.java:logGet(46)) - raft.server.log.appender.buffer.byte-limit = 33554432 (custom)
2023-06-06 06:59:27,928 [9b7fe73a-3db0-4294-ac6d-c59285debe9e-groupManagement] INFO  segmented.SegmentedRaftLogWorker (SegmentedRaftLogWorker.java:<init>(188)) - new 9b7fe73a-3db0-4294-ac6d-c59285debe9e@group-80A6D881258B-SegmentedRaftLogWorker for RaftStorageImpl:Storage Directory /home/runner/work/ozone/ozone/hadoop-ozone/integration-test/target/test-dir/MiniOzoneClusterImpl-8bad4e8b-826b-4b9b-92b9-e03c261c0494/datanode-1/data/ratis/e99ce884-51b0-49be-8118-80a6d881258b
2023-06-06 06:59:27,928 [9b7fe73a-3db0-4294-ac6d-c59285debe9e-groupManagement] INFO  server.RaftServerConfigKeys (ConfUtils.java:logGet(46)) - raft.server.log.queue.byte-limit = 4294967296 (custom)
2023-06-06 06:59:27,928 [9b7fe73a-3db0-4294-ac6d-c59285debe9e-groupManagement] INFO  server.RaftServerConfigKeys (ConfUtils.java:logGet(46)) - raft.server.log.queue.element-limit = 1024 (custom)
2023-06-06 06:59:27,928 [9b7fe73a-3db0-4294-ac6d-c59285debe9e-groupManagement] INFO  server.RaftServerConfigKeys (ConfUtils.java:logGet(46)) - raft.server.log.segment.size.max = 1048576 (custom)
2023-06-06 06:59:27,928 [9b7fe73a-3db0-4294-ac6d-c59285debe9e-groupManagement] INFO  server.RaftServerConfigKeys (ConfUtils.java:logGet(46)) - raft.server.log.preallocated.size = 16384 (custom)
2023-06-06 06:59:27,928 [9b7fe73a-3db0-4294-ac6d-c59285debe9e-groupManagement] INFO  server.RaftServerConfigKeys (ConfUtils.java:logGet(46)) - raft.server.log.force.sync.num = 128 (default)
2023-06-06 06:59:27,928 [9b7fe73a-3db0-4294-ac6d-c59285debe9e-groupManagement] INFO  server.RaftServerConfigKeys (ConfUtils.java:logGet(46)) - raft.server.log.statemachine.data.sync = true (default)
2023-06-06 06:59:27,928 [9b7fe73a-3db0-4294-ac6d-c59285debe9e-groupManagement] INFO  server.RaftServerConfigKeys (ConfUtils.java:logGet(46)) - raft.server.log.statemachine.data.sync.timeout = 10s (default)
2023-06-06 06:59:27,928 [9b7fe73a-3db0-4294-ac6d-c59285debe9e-groupManagement] INFO  server.RaftServerConfigKeys (ConfUtils.java:logGet(46)) - raft.server.log.statemachine.data.sync.timeout.retry = -1 (default)
2023-06-06 06:59:27,929 [9b7fe73a-3db0-4294-ac6d-c59285debe9e-groupManagement] INFO  server.RaftServerConfigKeys (ConfUtils.java:logGet(46)) - raft.server.log.write.buffer.size = 1048576 (custom)
2023-06-06 06:59:27,930 [9b7fe73a-3db0-4294-ac6d-c59285debe9e-groupManagement] INFO  server.RaftServerConfigKeys (ConfUtils.java:logGet(46)) - raft.server.log.appender.buffer.byte-limit = 33554432 (custom)
2023-06-06 06:59:28,078 [JvmPauseMonitor6] WARN  util.JvmPauseMonitor (JvmPauseMonitor.java:detectPause(124)) - JvmPauseMonitor-e0d9f277-ba74-4528-aa5b-6dadce97c603: Detected pause in JVM or host machine approximately 0.100s with 0.142s GC time.
GC pool 'PS MarkSweep' had collection(s): count=1 time=114ms
GC pool 'PS Scavenge' had collection(s): count=1 time=28ms
2023-06-06 06:59:28,081 [9b7fe73a-3db0-4294-ac6d-c59285debe9e-groupManagement] INFO  server.RaftServerConfigKeys (ConfUtils.java:logGet(46)) - raft.server.log.unsafe-flush.enabled = false (default)
2023-06-06 06:59:28,081 [9b7fe73a-3db0-4294-ac6d-c59285debe9e-groupManagement] INFO  server.RaftServerConfigKeys (ConfUtils.java:logGet(46)) - raft.server.log.async-flush.enabled = false (default)
2023-06-06 06:59:28,081 [9b7fe73a-3db0-4294-ac6d-c59285debe9e-groupManagement] INFO  server.RaftServerConfigKeys (ConfUtils.java:logGet(46)) - raft.server.log.statemachine.data.caching.enabled = true (custom)
2023-06-06 06:59:28,081 [9b7fe73a-3db0-4294-ac6d-c59285debe9e-groupManagement] INFO  segmented.SegmentedRaftLogWorker (SegmentedRaftLogWorker.java:lambda$new$0(135)) - 9b7fe73a-3db0-4294-ac6d-c59285debe9e@group-80A6D881258B-SegmentedRaftLogWorker: flushIndex: setUnconditionally 0 -> -1
2023-06-06 06:59:28,081 [9b7fe73a-3db0-4294-ac6d-c59285debe9e-groupManagement] INFO  segmented.SegmentedRaftLogWorker (SegmentedRaftLogWorker.java:lambda$new$0(135)) - 9b7fe73a-3db0-4294-ac6d-c59285debe9e@group-80A6D881258B-SegmentedRaftLogWorker: safeCacheEvictIndex: setUnconditionally 0 -> -1
2023-06-06 06:59:28,082 [9b7fe73a-3db0-4294-ac6d-c59285debe9e-groupManagement] INFO  server.RaftServer$Division (RaftServerImpl.java:start(342)) - 9b7fe73a-3db0-4294-ac6d-c59285debe9e@group-80A6D881258B: start as a follower, conf=-1: peers:[252f6884-8a0a-4c07-9df6-494d0e55bfc9|rpc:10.1.26.1:15022|admin:10.1.26.1:15021|client:10.1.26.1:15020|dataStream:10.1.26.1:15023|priority:0|startupRole:FOLLOWER, e0d9f277-ba74-4528-aa5b-6dadce97c603|rpc:10.1.26.1:15040|admin:10.1.26.1:15039|client:10.1.26.1:15038|dataStream:10.1.26.1:15041|priority:1|startupRole:FOLLOWER, 9b7fe73a-3db0-4294-ac6d-c59285debe9e|rpc:10.1.26.1:15031|admin:10.1.26.1:15030|client:10.1.26.1:15029|dataStream:10.1.26.1:15032|priority:0|startupRole:FOLLOWER]|listeners:[], old=null
2023-06-06 06:59:28,082 [9b7fe73a-3db0-4294-ac6d-c59285debe9e-groupManagement] INFO  server.RaftServer$Division (RaftServerImpl.java:setRole(329)) - 9b7fe73a-3db0-4294-ac6d-c59285debe9e@group-80A6D881258B: changes role from      null to FOLLOWER at term 0 for startAsFollower
2023-06-06 06:59:28,082 [9b7fe73a-3db0-4294-ac6d-c59285debe9e-groupManagement] INFO  impl.RoleInfo (RoleInfo.java:updateAndGet(139)) - 9b7fe73a-3db0-4294-ac6d-c59285debe9e: start 9b7fe73a-3db0-4294-ac6d-c59285debe9e@group-80A6D881258B-FollowerState
2023-06-06 06:59:28,082 [9b7fe73a-3db0-4294-ac6d-c59285debe9e@group-80A6D881258B-FollowerState] INFO  server.RaftServerConfigKeys (ConfUtils.java:logFallback(53)) - raft.server.rpc.first-election.timeout.min = 5s (fallback to raft.server.rpc.timeout.min)
2023-06-06 06:59:28,082 [9b7fe73a-3db0-4294-ac6d-c59285debe9e-groupManagement] INFO  util.JmxRegister (JmxRegister.java:tryRegister(44)) - Successfully registered JMX Bean with object name Ratis:service=RaftServer,group=group-80A6D881258B,id=9b7fe73a-3db0-4294-ac6d-c59285debe9e
2023-06-06 06:59:28,083 [9b7fe73a-3db0-4294-ac6d-c59285debe9e@group-80A6D881258B-FollowerState] INFO  server.RaftServerConfigKeys (ConfUtils.java:logFallback(53)) - raft.server.rpc.first-election.timeout.max = 5200ms (fallback to raft.server.rpc.timeout.max)
2023-06-06 06:59:28,083 [9b7fe73a-3db0-4294-ac6d-c59285debe9e-groupManagement] INFO  server.RaftServerConfigKeys (ConfUtils.java:logGet(46)) - raft.server.snapshot.auto.trigger.enabled = true (custom)
2023-06-06 06:59:28,083 [9b7fe73a-3db0-4294-ac6d-c59285debe9e-groupManagement] INFO  server.RaftServerConfigKeys (ConfUtils.java:logGet(46)) - raft.server.snapshot.auto.trigger.threshold = 10000 (custom)
2023-06-06 06:59:28,083 [9b7fe73a-3db0-4294-ac6d-c59285debe9e-groupManagement] INFO  server.RaftServerConfigKeys (ConfUtils.java:logGet(46)) - raft.server.snapshot.retention.file.num = 5 (custom)
2023-06-06 06:59:28,083 [9b7fe73a-3db0-4294-ac6d-c59285debe9e-groupManagement] INFO  server.RaftServerConfigKeys (ConfUtils.java:logGet(46)) - raft.server.log.purge.upto.snapshot.index = false (default)
2023-06-06 06:59:28,114 [PipelineCommandHandlerThread-0] INFO  server.RaftServer (RaftServerProxy.java:addNew(98)) - 9b7fe73a-3db0-4294-ac6d-c59285debe9e: addNew group-FFCB79D671D0:[9b7fe73a-3db0-4294-ac6d-c59285debe9e|rpc:10.1.26.1:15031|admin:10.1.26.1:15030|client:10.1.26.1:15029|dataStream:10.1.26.1:15032|priority:1|startupRole:FOLLOWER] returns group-FFCB79D671D0:java.util.concurrent.CompletableFuture@66361d69[Not completed]
2023-06-06 06:59:28,118 [9b7fe73a-3db0-4294-ac6d-c59285debe9e-groupManagement] INFO  server.RaftServer$Division (RaftServerImpl.java:<init>(198)) - 9b7fe73a-3db0-4294-ac6d-c59285debe9e: new RaftServerImpl for group-FFCB79D671D0:[9b7fe73a-3db0-4294-ac6d-c59285debe9e|rpc:10.1.26.1:15031|admin:10.1.26.1:15030|client:10.1.26.1:15029|dataStream:10.1.26.1:15032|priority:1|startupRole:FOLLOWER] with ContainerStateMachine:uninitialized
2023-06-06 06:59:28,118 [9b7fe73a-3db0-4294-ac6d-c59285debe9e-groupManagement] INFO  server.RaftServerConfigKeys (ConfUtils.java:logGet(46)) - raft.server.rpc.timeout.min = 5s (custom)
2023-06-06 06:59:28,118 [9b7fe73a-3db0-4294-ac6d-c59285debe9e-groupManagement] INFO  server.RaftServerConfigKeys (ConfUtils.java:logGet(46)) - raft.server.rpc.timeout.max = 5200ms (custom)
2023-06-06 06:59:28,118 [9b7fe73a-3db0-4294-ac6d-c59285debe9e-groupManagement] INFO  server.RaftServerConfigKeys (ConfUtils.java:logGet(46)) - raft.server.rpc.sleep.time = 25ms (default)
2023-06-06 06:59:28,118 [9b7fe73a-3db0-4294-ac6d-c59285debe9e-groupManagement] INFO  server.RaftServerConfigKeys (ConfUtils.java:logGet(46)) - raft.server.rpc.slowness.timeout = 300s (custom)
2023-06-06 06:59:28,118 [9b7fe73a-3db0-4294-ac6d-c59285debe9e-groupManagement] INFO  server.RaftServerConfigKeys (ConfUtils.java:logGet(46)) - raft.server.leaderelection.leader.step-down.wait-time = 10s (default)
2023-06-06 06:59:28,118 [9b7fe73a-3db0-4294-ac6d-c59285debe9e-groupManagement] INFO  server.RaftServerConfigKeys (ConfUtils.java:logGet(46)) - raft.server.sleep.deviation.threshold = 300ms (default)
2023-06-06 06:59:28,118 [9b7fe73a-3db0-4294-ac6d-c59285debe9e-groupManagement] INFO  server.RaftServer$Division (ServerState.java:<init>(120)) - 9b7fe73a-3db0-4294-ac6d-c59285debe9e@group-FFCB79D671D0: ConfigurationManager, init=-1: peers:[9b7fe73a-3db0-4294-ac6d-c59285debe9e|rpc:10.1.26.1:15031|admin:10.1.26.1:15030|client:10.1.26.1:15029|dataStream:10.1.26.1:15032|priority:1|startupRole:FOLLOWER]|listeners:[], old=null, confs=<EMPTY_MAP>
2023-06-06 06:59:28,118 [9b7fe73a-3db0-4294-ac6d-c59285debe9e-groupManagement] INFO  server.RaftServerConfigKeys (ConfUtils.java:logGet(46)) - raft.server.storage.dir = [/home/runner/work/ozone/ozone/hadoop-ozone/integration-test/target/test-dir/MiniOzoneClusterImpl-8bad4e8b-826b-4b9b-92b9-e03c261c0494/datanode-1/data/ratis] (custom)
2023-06-06 06:59:28,118 [9b7fe73a-3db0-4294-ac6d-c59285debe9e-groupManagement] INFO  server.RaftServerConfigKeys (ConfUtils.java:logGet(46)) - raft.server.log.corruption.policy = EXCEPTION (default)
2023-06-06 06:59:28,118 [9b7fe73a-3db0-4294-ac6d-c59285debe9e-groupManagement] INFO  server.RaftServerConfigKeys (ConfUtils.java:logGet(46)) - raft.server.storage.free-space.min = 0MB (=0) (default)
2023-06-06 06:59:28,118 [9b7fe73a-3db0-4294-ac6d-c59285debe9e-groupManagement] INFO  server.RaftServerConfigKeys (ConfUtils.java:logGet(46)) - raft.server.notification.no-leader.timeout = 300s (custom)
2023-06-06 06:59:28,119 [9b7fe73a-3db0-4294-ac6d-c59285debe9e-groupManagement] INFO  server.RaftServerConfigKeys (ConfUtils.java:logGet(46)) - raft.server.read.timeout = 10s (default)
2023-06-06 06:59:28,119 [9b7fe73a-3db0-4294-ac6d-c59285debe9e-groupManagement] INFO  server.RaftServerConfigKeys (ConfUtils.java:logGet(46)) - raft.server.retrycache.expirytime = 600000ms (custom)
2023-06-06 06:59:28,119 [9b7fe73a-3db0-4294-ac6d-c59285debe9e-groupManagement] INFO  server.RaftServerConfigKeys (ConfUtils.java:logGet(46)) - raft.server.retrycache.statistics.expirytime = 100μs (default)
2023-06-06 06:59:28,119 [9b7fe73a-3db0-4294-ac6d-c59285debe9e-groupManagement] INFO  server.RaftServerConfigKeys (ConfUtils.java:logGet(46)) - raft.server.read.option = DEFAULT (default)
2023-06-06 06:59:28,120 [9b7fe73a-3db0-4294-ac6d-c59285debe9e-groupManagement] INFO  server.RaftServerConfigKeys (ConfUtils.java:logGet(46)) - raft.server.rpc.request.timeout = 60s (custom)
2023-06-06 06:59:28,120 [9b7fe73a-3db0-4294-ac6d-c59285debe9e-groupManagement] INFO  server.RaftServerConfigKeys (ConfUtils.java:logGet(46)) - raft.server.log.appender.install.snapshot.enabled = false (custom)
2023-06-06 06:59:28,120 [9b7fe73a-3db0-4294-ac6d-c59285debe9e-groupManagement] INFO  server.RaftServerConfigKeys (ConfUtils.java:logGet(46)) - raft.server.threadpool.server.cached = true (default)
2023-06-06 06:59:28,120 [9b7fe73a-3db0-4294-ac6d-c59285debe9e-groupManagement] INFO  server.RaftServerConfigKeys (ConfUtils.java:logGet(46)) - raft.server.threadpool.server.size = 0 (default)
2023-06-06 06:59:28,120 [9b7fe73a-3db0-4294-ac6d-c59285debe9e-groupManagement] INFO  server.RaftServerConfigKeys (ConfUtils.java:logGet(46)) - raft.server.threadpool.client.cached = true (default)
2023-06-06 06:59:28,120 [9b7fe73a-3db0-4294-ac6d-c59285debe9e-groupManagement] INFO  server.RaftServerConfigKeys (ConfUtils.java:logGet(46)) - raft.server.threadpool.client.size = 0 (default)
2023-06-06 06:59:28,120 [9b7fe73a-3db0-4294-ac6d-c59285debe9e-groupManagement] INFO  storage.RaftStorageDirectory (RaftStorageDirectoryImpl.java:analyzeStorage(137)) - The storage directory /home/runner/work/ozone/ozone/hadoop-ozone/integration-test/target/test-dir/MiniOzoneClusterImpl-8bad4e8b-826b-4b9b-92b9-e03c261c0494/datanode-1/data/ratis/05b4d201-04fc-4e81-b907-ffcb79d671d0 does not exist. Creating ...
2023-06-06 06:59:28,123 [9b7fe73a-3db0-4294-ac6d-c59285debe9e-groupManagement] INFO  storage.RaftStorageDirectory (RaftStorageDirectoryImpl.java:tryLock(231)) - Lock on /home/runner/work/ozone/ozone/hadoop-ozone/integration-test/target/test-dir/MiniOzoneClusterImpl-8bad4e8b-826b-4b9b-92b9-e03c261c0494/datanode-1/data/ratis/05b4d201-04fc-4e81-b907-ffcb79d671d0/in_use.lock acquired by nodename 5524@fv-az617-212
2023-06-06 06:59:28,126 [9b7fe73a-3db0-4294-ac6d-c59285debe9e-groupManagement] INFO  storage.RaftStorage (RaftStorageImpl.java:format(96)) - Storage directory /home/runner/work/ozone/ozone/hadoop-ozone/integration-test/target/test-dir/MiniOzoneClusterImpl-8bad4e8b-826b-4b9b-92b9-e03c261c0494/datanode-1/data/ratis/05b4d201-04fc-4e81-b907-ffcb79d671d0 has been successfully formatted.
2023-06-06 06:59:28,126 [9b7fe73a-3db0-4294-ac6d-c59285debe9e-groupManagement] INFO  ratis.ContainerStateMachine (ContainerStateMachine.java:loadSnapshot(262)) - group-FFCB79D671D0: The snapshot info is null. Setting the last applied indexto:(t:0, i:~)
2023-06-06 06:59:28,126 [9b7fe73a-3db0-4294-ac6d-c59285debe9e-groupManagement] INFO  server.RaftServerConfigKeys (ConfUtils.java:logGet(46)) - raft.server.log.use.memory = false (default)
2023-06-06 06:59:28,126 [9b7fe73a-3db0-4294-ac6d-c59285debe9e-groupManagement] INFO  server.RaftServerConfigKeys (ConfUtils.java:logGet(46)) - raft.server.log.purge.gap = 1000000 (custom)
2023-06-06 06:59:28,127 [9b7fe73a-3db0-4294-ac6d-c59285debe9e-groupManagement] INFO  server.RaftServerConfigKeys (ConfUtils.java:logGet(46)) - raft.server.log.appender.buffer.byte-limit = 33554432 (custom)
2023-06-06 06:59:28,127 [9b7fe73a-3db0-4294-ac6d-c59285debe9e-groupManagement] INFO  server.RaftServerConfigKeys (ConfUtils.java:logGet(46)) - raft.server.log.statemachine.data.read.timeout = 1000ms (default)
2023-06-06 06:59:28,127 [9b7fe73a-3db0-4294-ac6d-c59285debe9e-groupManagement] INFO  server.RaftServerConfigKeys (ConfUtils.java:logGet(46)) - raft.server.log.purge.preservation.log.num = 0 (default)
2023-06-06 06:59:28,127 [9b7fe73a-3db0-4294-ac6d-c59285debe9e-groupManagement] INFO  server.RaftServerConfigKeys (ConfUtils.java:logGet(46)) - raft.server.log.segment.size.max = 1048576 (custom)
2023-06-06 06:59:28,130 [EventQueue-PipelineReportForPipelineReportHandler] INFO  pipeline.PipelineManagerImpl (PipelineManagerImpl.java:openPipeline(367)) - Pipeline Pipeline[ Id: 05b4d201-04fc-4e81-b907-ffcb79d671d0, Nodes: 9b7fe73a-3db0-4294-ac6d-c59285debe9e(fv-az617-212.pwnmbzmyba5ezmab2zpzaqbtmg.cx.internal.cloudapp.net/10.1.26.1), ReplicationConfig: RATIS/ONE, State:ALLOCATED, leaderId:9b7fe73a-3db0-4294-ac6d-c59285debe9e, CreationTimestamp2023-06-06T06:59:25.115Z[Etc/UTC]] moved to OPEN state
2023-06-06 06:59:28,131 [EventQueue-OpenPipelineForHealthyPipelineSafeModeRule] INFO  safemode.SCMSafeModeManager (HealthyPipelineSafeModeRule.java:process(137)) - SCM in safe mode. Healthy pipelines reported count is 0, required healthy pipeline reported count is 1
2023-06-06 06:59:28,133 [grpc-default-executor-3] INFO  server.RaftServer (RaftServerProxy.java:addNew(98)) - e0d9f277-ba74-4528-aa5b-6dadce97c603: addNew group-80A6D881258B:[252f6884-8a0a-4c07-9df6-494d0e55bfc9|rpc:10.1.26.1:15022|admin:10.1.26.1:15021|client:10.1.26.1:15020|dataStream:10.1.26.1:15023|priority:0|startupRole:FOLLOWER, e0d9f277-ba74-4528-aa5b-6dadce97c603|rpc:10.1.26.1:15040|admin:10.1.26.1:15039|client:10.1.26.1:15038|dataStream:10.1.26.1:15041|priority:1|startupRole:FOLLOWER, 9b7fe73a-3db0-4294-ac6d-c59285debe9e|rpc:10.1.26.1:15031|admin:10.1.26.1:15030|client:10.1.26.1:15029|dataStream:10.1.26.1:15032|priority:0|startupRole:FOLLOWER] returns group-80A6D881258B:java.util.concurrent.CompletableFuture@76236f32[Not completed]
2023-06-06 06:59:28,134 [9b7fe73a-3db0-4294-ac6d-c59285debe9e-groupManagement] INFO  server.RaftServerConfigKeys (ConfUtils.java:logGet(46)) - raft.server.log.segment.cache.num.max = 2 (custom)
2023-06-06 06:59:28,134 [9b7fe73a-3db0-4294-ac6d-c59285debe9e-groupManagement] INFO  server.RaftServerConfigKeys (ConfUtils.java:logGet(46)) - raft.server.log.segment.cache.size.max = 200MB (=209715200) (default)
2023-06-06 06:59:28,134 [9b7fe73a-3db0-4294-ac6d-c59285debe9e-groupManagement] INFO  server.RaftServerConfigKeys (ConfUtils.java:logGet(46)) - raft.server.log.appender.buffer.byte-limit = 33554432 (custom)
2023-06-06 06:59:28,134 [9b7fe73a-3db0-4294-ac6d-c59285debe9e-groupManagement] INFO  segmented.SegmentedRaftLogWorker (SegmentedRaftLogWorker.java:<init>(188)) - new 9b7fe73a-3db0-4294-ac6d-c59285debe9e@group-FFCB79D671D0-SegmentedRaftLogWorker for RaftStorageImpl:Storage Directory /home/runner/work/ozone/ozone/hadoop-ozone/integration-test/target/test-dir/MiniOzoneClusterImpl-8bad4e8b-826b-4b9b-92b9-e03c261c0494/datanode-1/data/ratis/05b4d201-04fc-4e81-b907-ffcb79d671d0
2023-06-06 06:59:28,134 [9b7fe73a-3db0-4294-ac6d-c59285debe9e-groupManagement] INFO  server.RaftServerConfigKeys (ConfUtils.java:logGet(46)) - raft.server.log.queue.byte-limit = 4294967296 (custom)
2023-06-06 06:59:28,134 [9b7fe73a-3db0-4294-ac6d-c59285debe9e-groupManagement] INFO  server.RaftServerConfigKeys (ConfUtils.java:logGet(46)) - raft.server.log.queue.element-limit = 1024 (custom)
2023-06-06 06:59:28,134 [9b7fe73a-3db0-4294-ac6d-c59285debe9e-groupManagement] INFO  server.RaftServerConfigKeys (ConfUtils.java:logGet(46)) - raft.server.log.segment.size.max = 1048576 (custom)
2023-06-06 06:59:28,134 [9b7fe73a-3db0-4294-ac6d-c59285debe9e-groupManagement] INFO  server.RaftServerConfigKeys (ConfUtils.java:logGet(46)) - raft.server.log.preallocated.size = 16384 (custom)
2023-06-06 06:59:28,134 [9b7fe73a-3db0-4294-ac6d-c59285debe9e-groupManagement] INFO  server.RaftServerConfigKeys (ConfUtils.java:logGet(46)) - raft.server.log.force.sync.num = 128 (default)
2023-06-06 06:59:28,134 [9b7fe73a-3db0-4294-ac6d-c59285debe9e-groupManagement] INFO  server.RaftServerConfigKeys (ConfUtils.java:logGet(46)) - raft.server.log.statemachine.data.sync = true (default)
2023-06-06 06:59:28,134 [9b7fe73a-3db0-4294-ac6d-c59285debe9e-groupManagement] INFO  server.RaftServerConfigKeys (ConfUtils.java:logGet(46)) - raft.server.log.statemachine.data.sync.timeout = 10s (default)
2023-06-06 06:59:28,137 [9b7fe73a-3db0-4294-ac6d-c59285debe9e-groupManagement] INFO  server.RaftServerConfigKeys (ConfUtils.java:logGet(46)) - raft.server.log.statemachine.data.sync.timeout.retry = -1 (default)
2023-06-06 06:59:28,138 [9b7fe73a-3db0-4294-ac6d-c59285debe9e-groupManagement] INFO  server.RaftServerConfigKeys (ConfUtils.java:logGet(46)) - raft.server.log.write.buffer.size = 1048576 (custom)
2023-06-06 06:59:28,138 [9b7fe73a-3db0-4294-ac6d-c59285debe9e-groupManagement] INFO  server.RaftServerConfigKeys (ConfUtils.java:logGet(46)) - raft.server.log.appender.buffer.byte-limit = 33554432 (custom)
2023-06-06 06:59:28,135 [e0d9f277-ba74-4528-aa5b-6dadce97c603-groupManagement] INFO  server.RaftServer$Division (RaftServerImpl.java:<init>(198)) - e0d9f277-ba74-4528-aa5b-6dadce97c603: new RaftServerImpl for group-80A6D881258B:[252f6884-8a0a-4c07-9df6-494d0e55bfc9|rpc:10.1.26.1:15022|admin:10.1.26.1:15021|client:10.1.26.1:15020|dataStream:10.1.26.1:15023|priority:0|startupRole:FOLLOWER, e0d9f277-ba74-4528-aa5b-6dadce97c603|rpc:10.1.26.1:15040|admin:10.1.26.1:15039|client:10.1.26.1:15038|dataStream:10.1.26.1:15041|priority:1|startupRole:FOLLOWER, 9b7fe73a-3db0-4294-ac6d-c59285debe9e|rpc:10.1.26.1:15031|admin:10.1.26.1:15030|client:10.1.26.1:15029|dataStream:10.1.26.1:15032|priority:0|startupRole:FOLLOWER] with ContainerStateMachine:uninitialized
2023-06-06 06:59:28,142 [e0d9f277-ba74-4528-aa5b-6dadce97c603-groupManagement] INFO  server.RaftServerConfigKeys (ConfUtils.java:logGet(46)) - raft.server.rpc.timeout.min = 5s (custom)
2023-06-06 06:59:28,143 [e0d9f277-ba74-4528-aa5b-6dadce97c603-groupManagement] INFO  server.RaftServerConfigKeys (ConfUtils.java:logGet(46)) - raft.server.rpc.timeout.max = 5200ms (custom)
2023-06-06 06:59:28,143 [e0d9f277-ba74-4528-aa5b-6dadce97c603-groupManagement] INFO  server.RaftServerConfigKeys (ConfUtils.java:logGet(46)) - raft.server.rpc.sleep.time = 25ms (default)
2023-06-06 06:59:28,143 [e0d9f277-ba74-4528-aa5b-6dadce97c603-groupManagement] INFO  server.RaftServerConfigKeys (ConfUtils.java:logGet(46)) - raft.server.rpc.slowness.timeout = 300s (custom)
2023-06-06 06:59:28,143 [e0d9f277-ba74-4528-aa5b-6dadce97c603-groupManagement] INFO  server.RaftServerConfigKeys (ConfUtils.java:logGet(46)) - raft.server.leaderelection.leader.step-down.wait-time = 10s (default)
2023-06-06 06:59:28,143 [e0d9f277-ba74-4528-aa5b-6dadce97c603-groupManagement] INFO  server.RaftServerConfigKeys (ConfUtils.java:logGet(46)) - raft.server.sleep.deviation.threshold = 300ms (default)
2023-06-06 06:59:28,143 [e0d9f277-ba74-4528-aa5b-6dadce97c603-groupManagement] INFO  server.RaftServer$Division (ServerState.java:<init>(120)) - e0d9f277-ba74-4528-aa5b-6dadce97c603@group-80A6D881258B: ConfigurationManager, init=-1: peers:[252f6884-8a0a-4c07-9df6-494d0e55bfc9|rpc:10.1.26.1:15022|admin:10.1.26.1:15021|client:10.1.26.1:15020|dataStream:10.1.26.1:15023|priority:0|startupRole:FOLLOWER, e0d9f277-ba74-4528-aa5b-6dadce97c603|rpc:10.1.26.1:15040|admin:10.1.26.1:15039|client:10.1.26.1:15038|dataStream:10.1.26.1:15041|priority:1|startupRole:FOLLOWER, 9b7fe73a-3db0-4294-ac6d-c59285debe9e|rpc:10.1.26.1:15031|admin:10.1.26.1:15030|client:10.1.26.1:15029|dataStream:10.1.26.1:15032|priority:0|startupRole:FOLLOWER]|listeners:[], old=null, confs=<EMPTY_MAP>
2023-06-06 06:59:28,143 [e0d9f277-ba74-4528-aa5b-6dadce97c603-groupManagement] INFO  server.RaftServerConfigKeys (ConfUtils.java:logGet(46)) - raft.server.storage.dir = [/home/runner/work/ozone/ozone/hadoop-ozone/integration-test/target/test-dir/MiniOzoneClusterImpl-8bad4e8b-826b-4b9b-92b9-e03c261c0494/datanode-2/data/ratis] (custom)
2023-06-06 06:59:28,143 [e0d9f277-ba74-4528-aa5b-6dadce97c603-groupManagement] INFO  server.RaftServerConfigKeys (ConfUtils.java:logGet(46)) - raft.server.log.corruption.policy = EXCEPTION (default)
2023-06-06 06:59:28,143 [e0d9f277-ba74-4528-aa5b-6dadce97c603-groupManagement] INFO  server.RaftServerConfigKeys (ConfUtils.java:logGet(46)) - raft.server.storage.free-space.min = 0MB (=0) (default)
2023-06-06 06:59:28,143 [e0d9f277-ba74-4528-aa5b-6dadce97c603-groupManagement] INFO  server.RaftServerConfigKeys (ConfUtils.java:logGet(46)) - raft.server.notification.no-leader.timeout = 300s (custom)
2023-06-06 06:59:28,143 [e0d9f277-ba74-4528-aa5b-6dadce97c603-groupManagement] INFO  server.RaftServerConfigKeys (ConfUtils.java:logGet(46)) - raft.server.read.timeout = 10s (default)
2023-06-06 06:59:28,143 [e0d9f277-ba74-4528-aa5b-6dadce97c603-groupManagement] INFO  server.RaftServerConfigKeys (ConfUtils.java:logGet(46)) - raft.server.retrycache.expirytime = 600000ms (custom)
2023-06-06 06:59:28,143 [e0d9f277-ba74-4528-aa5b-6dadce97c603-groupManagement] INFO  server.RaftServerConfigKeys (ConfUtils.java:logGet(46)) - raft.server.retrycache.statistics.expirytime = 100μs (default)
2023-06-06 06:59:28,143 [e0d9f277-ba74-4528-aa5b-6dadce97c603-groupManagement] INFO  server.RaftServerConfigKeys (ConfUtils.java:logGet(46)) - raft.server.read.option = DEFAULT (default)
2023-06-06 06:59:28,142 [9b7fe73a-3db0-4294-ac6d-c59285debe9e-groupManagement] INFO  server.RaftServerConfigKeys (ConfUtils.java:logGet(46)) - raft.server.log.unsafe-flush.enabled = false (default)
2023-06-06 06:59:28,145 [e0d9f277-ba74-4528-aa5b-6dadce97c603-groupManagement] INFO  server.RaftServerConfigKeys (ConfUtils.java:logGet(46)) - raft.server.rpc.request.timeout = 60s (custom)
2023-06-06 06:59:28,146 [e0d9f277-ba74-4528-aa5b-6dadce97c603-groupManagement] INFO  server.RaftServerConfigKeys (ConfUtils.java:logGet(46)) - raft.server.log.appender.install.snapshot.enabled = false (custom)
2023-06-06 06:59:28,146 [e0d9f277-ba74-4528-aa5b-6dadce97c603-groupManagement] INFO  server.RaftServerConfigKeys (ConfUtils.java:logGet(46)) - raft.server.threadpool.server.cached = true (default)
2023-06-06 06:59:28,146 [e0d9f277-ba74-4528-aa5b-6dadce97c603-groupManagement] INFO  server.RaftServerConfigKeys (ConfUtils.java:logGet(46)) - raft.server.threadpool.server.size = 0 (default)
2023-06-06 06:59:28,146 [e0d9f277-ba74-4528-aa5b-6dadce97c603-groupManagement] INFO  server.RaftServerConfigKeys (ConfUtils.java:logGet(46)) - raft.server.threadpool.client.cached = true (default)
2023-06-06 06:59:28,146 [e0d9f277-ba74-4528-aa5b-6dadce97c603-groupManagement] INFO  server.RaftServerConfigKeys (ConfUtils.java:logGet(46)) - raft.server.threadpool.client.size = 0 (default)
2023-06-06 06:59:28,146 [e0d9f277-ba74-4528-aa5b-6dadce97c603-groupManagement] INFO  storage.RaftStorageDirectory (RaftStorageDirectoryImpl.java:analyzeStorage(137)) - The storage directory /home/runner/work/ozone/ozone/hadoop-ozone/integration-test/target/test-dir/MiniOzoneClusterImpl-8bad4e8b-826b-4b9b-92b9-e03c261c0494/datanode-2/data/ratis/e99ce884-51b0-49be-8118-80a6d881258b does not exist. Creating ...
2023-06-06 06:59:28,146 [9b7fe73a-3db0-4294-ac6d-c59285debe9e-groupManagement] INFO  server.RaftServerConfigKeys (ConfUtils.java:logGet(46)) - raft.server.log.async-flush.enabled = false (default)
2023-06-06 06:59:28,147 [9b7fe73a-3db0-4294-ac6d-c59285debe9e-groupManagement] INFO  server.RaftServerConfigKeys (ConfUtils.java:logGet(46)) - raft.server.log.statemachine.data.caching.enabled = true (custom)
2023-06-06 06:59:28,148 [e0d9f277-ba74-4528-aa5b-6dadce97c603-groupManagement] INFO  storage.RaftStorageDirectory (RaftStorageDirectoryImpl.java:tryLock(231)) - Lock on /home/runner/work/ozone/ozone/hadoop-ozone/integration-test/target/test-dir/MiniOzoneClusterImpl-8bad4e8b-826b-4b9b-92b9-e03c261c0494/datanode-2/data/ratis/e99ce884-51b0-49be-8118-80a6d881258b/in_use.lock acquired by nodename 5524@fv-az617-212
2023-06-06 06:59:28,148 [9b7fe73a-3db0-4294-ac6d-c59285debe9e-groupManagement] INFO  segmented.SegmentedRaftLogWorker (SegmentedRaftLogWorker.java:lambda$new$0(135)) - 9b7fe73a-3db0-4294-ac6d-c59285debe9e@group-FFCB79D671D0-SegmentedRaftLogWorker: flushIndex: setUnconditionally 0 -> -1
2023-06-06 06:59:28,149 [9b7fe73a-3db0-4294-ac6d-c59285debe9e-groupManagement] INFO  segmented.SegmentedRaftLogWorker (SegmentedRaftLogWorker.java:lambda$new$0(135)) - 9b7fe73a-3db0-4294-ac6d-c59285debe9e@group-FFCB79D671D0-SegmentedRaftLogWorker: safeCacheEvictIndex: setUnconditionally 0 -> -1
2023-06-06 06:59:28,149 [9b7fe73a-3db0-4294-ac6d-c59285debe9e-groupManagement] INFO  server.RaftServer$Division (RaftServerImpl.java:start(342)) - 9b7fe73a-3db0-4294-ac6d-c59285debe9e@group-FFCB79D671D0: start as a follower, conf=-1: peers:[9b7fe73a-3db0-4294-ac6d-c59285debe9e|rpc:10.1.26.1:15031|admin:10.1.26.1:15030|client:10.1.26.1:15029|dataStream:10.1.26.1:15032|priority:1|startupRole:FOLLOWER]|listeners:[], old=null
2023-06-06 06:59:28,150 [9b7fe73a-3db0-4294-ac6d-c59285debe9e-groupManagement] INFO  server.RaftServer$Division (RaftServerImpl.java:setRole(329)) - 9b7fe73a-3db0-4294-ac6d-c59285debe9e@group-FFCB79D671D0: changes role from      null to FOLLOWER at term 0 for startAsFollower
2023-06-06 06:59:28,150 [9b7fe73a-3db0-4294-ac6d-c59285debe9e-groupManagement] INFO  impl.RoleInfo (RoleInfo.java:updateAndGet(139)) - 9b7fe73a-3db0-4294-ac6d-c59285debe9e: start 9b7fe73a-3db0-4294-ac6d-c59285debe9e@group-FFCB79D671D0-FollowerState
2023-06-06 06:59:28,150 [e0d9f277-ba74-4528-aa5b-6dadce97c603-groupManagement] INFO  storage.RaftStorage (RaftStorageImpl.java:format(96)) - Storage directory /home/runner/work/ozone/ozone/hadoop-ozone/integration-test/target/test-dir/MiniOzoneClusterImpl-8bad4e8b-826b-4b9b-92b9-e03c261c0494/datanode-2/data/ratis/e99ce884-51b0-49be-8118-80a6d881258b has been successfully formatted.
2023-06-06 06:59:28,157 [e0d9f277-ba74-4528-aa5b-6dadce97c603-groupManagement] INFO  ratis.ContainerStateMachine (ContainerStateMachine.java:loadSnapshot(262)) - group-80A6D881258B: The snapshot info is null. Setting the last applied indexto:(t:0, i:~)
2023-06-06 06:59:28,157 [e0d9f277-ba74-4528-aa5b-6dadce97c603-groupManagement] INFO  server.RaftServerConfigKeys (ConfUtils.java:logGet(46)) - raft.server.log.use.memory = false (default)
2023-06-06 06:59:28,157 [e0d9f277-ba74-4528-aa5b-6dadce97c603-groupManagement] INFO  server.RaftServerConfigKeys (ConfUtils.java:logGet(46)) - raft.server.log.purge.gap = 1000000 (custom)
2023-06-06 06:59:28,157 [e0d9f277-ba74-4528-aa5b-6dadce97c603-groupManagement] INFO  server.RaftServerConfigKeys (ConfUtils.java:logGet(46)) - raft.server.log.appender.buffer.byte-limit = 33554432 (custom)
2023-06-06 06:59:28,157 [e0d9f277-ba74-4528-aa5b-6dadce97c603-groupManagement] INFO  server.RaftServerConfigKeys (ConfUtils.java:logGet(46)) - raft.server.log.statemachine.data.read.timeout = 1000ms (default)
2023-06-06 06:59:28,157 [e0d9f277-ba74-4528-aa5b-6dadce97c603-groupManagement] INFO  server.RaftServerConfigKeys (ConfUtils.java:logGet(46)) - raft.server.log.purge.preservation.log.num = 0 (default)
2023-06-06 06:59:28,157 [e0d9f277-ba74-4528-aa5b-6dadce97c603-groupManagement] INFO  server.RaftServerConfigKeys (ConfUtils.java:logGet(46)) - raft.server.log.segment.size.max = 1048576 (custom)
2023-06-06 06:59:28,157 [e0d9f277-ba74-4528-aa5b-6dadce97c603-groupManagement] INFO  server.RaftServerConfigKeys (ConfUtils.java:logGet(46)) - raft.server.log.segment.cache.num.max = 2 (custom)
2023-06-06 06:59:28,158 [e0d9f277-ba74-4528-aa5b-6dadce97c603-groupManagement] INFO  server.RaftServerConfigKeys (ConfUtils.java:logGet(46)) - raft.server.log.segment.cache.size.max = 200MB (=209715200) (default)
2023-06-06 06:59:28,158 [e0d9f277-ba74-4528-aa5b-6dadce97c603-groupManagement] INFO  server.RaftServerConfigKeys (ConfUtils.java:logGet(46)) - raft.server.log.appender.buffer.byte-limit = 33554432 (custom)
2023-06-06 06:59:28,158 [e0d9f277-ba74-4528-aa5b-6dadce97c603-groupManagement] INFO  segmented.SegmentedRaftLogWorker (SegmentedRaftLogWorker.java:<init>(188)) - new e0d9f277-ba74-4528-aa5b-6dadce97c603@group-80A6D881258B-SegmentedRaftLogWorker for RaftStorageImpl:Storage Directory /home/runner/work/ozone/ozone/hadoop-ozone/integration-test/target/test-dir/MiniOzoneClusterImpl-8bad4e8b-826b-4b9b-92b9-e03c261c0494/datanode-2/data/ratis/e99ce884-51b0-49be-8118-80a6d881258b
2023-06-06 06:59:28,158 [e0d9f277-ba74-4528-aa5b-6dadce97c603-groupManagement] INFO  server.RaftServerConfigKeys (ConfUtils.java:logGet(46)) - raft.server.log.queue.byte-limit = 4294967296 (custom)
2023-06-06 06:59:28,158 [e0d9f277-ba74-4528-aa5b-6dadce97c603-groupManagement] INFO  server.RaftServerConfigKeys (ConfUtils.java:logGet(46)) - raft.server.log.queue.element-limit = 1024 (custom)
2023-06-06 06:59:28,158 [e0d9f277-ba74-4528-aa5b-6dadce97c603-groupManagement] INFO  server.RaftServerConfigKeys (ConfUtils.java:logGet(46)) - raft.server.log.segment.size.max = 1048576 (custom)
2023-06-06 06:59:28,158 [e0d9f277-ba74-4528-aa5b-6dadce97c603-groupManagement] INFO  server.RaftServerConfigKeys (ConfUtils.java:logGet(46)) - raft.server.log.preallocated.size = 16384 (custom)
2023-06-06 06:59:28,158 [e0d9f277-ba74-4528-aa5b-6dadce97c603-groupManagement] INFO  server.RaftServerConfigKeys (ConfUtils.java:logGet(46)) - raft.server.log.force.sync.num = 128 (default)
2023-06-06 06:59:28,158 [e0d9f277-ba74-4528-aa5b-6dadce97c603-groupManagement] INFO  server.RaftServerConfigKeys (ConfUtils.java:logGet(46)) - raft.server.log.statemachine.data.sync = true (default)
2023-06-06 06:59:28,158 [e0d9f277-ba74-4528-aa5b-6dadce97c603-groupManagement] INFO  server.RaftServerConfigKeys (ConfUtils.java:logGet(46)) - raft.server.log.statemachine.data.sync.timeout = 10s (default)
2023-06-06 06:59:28,158 [e0d9f277-ba74-4528-aa5b-6dadce97c603-groupManagement] INFO  server.RaftServerConfigKeys (ConfUtils.java:logGet(46)) - raft.server.log.statemachine.data.sync.timeout.retry = -1 (default)
2023-06-06 06:59:28,159 [e0d9f277-ba74-4528-aa5b-6dadce97c603-groupManagement] INFO  server.RaftServerConfigKeys (ConfUtils.java:logGet(46)) - raft.server.log.write.buffer.size = 1048576 (custom)
2023-06-06 06:59:28,159 [e0d9f277-ba74-4528-aa5b-6dadce97c603-groupManagement] INFO  server.RaftServerConfigKeys (ConfUtils.java:logGet(46)) - raft.server.log.appender.buffer.byte-limit = 33554432 (custom)
2023-06-06 06:59:28,165 [9b7fe73a-3db0-4294-ac6d-c59285debe9e@group-FFCB79D671D0-FollowerState] INFO  server.RaftServerConfigKeys (ConfUtils.java:logFallback(53)) - raft.server.rpc.first-election.timeout.min = 5s (fallback to raft.server.rpc.timeout.min)
2023-06-06 06:59:28,165 [9b7fe73a-3db0-4294-ac6d-c59285debe9e@group-FFCB79D671D0-FollowerState] INFO  server.RaftServerConfigKeys (ConfUtils.java:logFallback(53)) - raft.server.rpc.first-election.timeout.max = 5200ms (fallback to raft.server.rpc.timeout.max)
2023-06-06 06:59:28,165 [9b7fe73a-3db0-4294-ac6d-c59285debe9e-groupManagement] INFO  util.JmxRegister (JmxRegister.java:tryRegister(44)) - Successfully registered JMX Bean with object name Ratis:service=RaftServer,group=group-FFCB79D671D0,id=9b7fe73a-3db0-4294-ac6d-c59285debe9e
2023-06-06 06:59:28,166 [9b7fe73a-3db0-4294-ac6d-c59285debe9e-groupManagement] INFO  server.RaftServerConfigKeys (ConfUtils.java:logGet(46)) - raft.server.snapshot.auto.trigger.enabled = true (custom)
2023-06-06 06:59:28,166 [9b7fe73a-3db0-4294-ac6d-c59285debe9e-groupManagement] INFO  server.RaftServerConfigKeys (ConfUtils.java:logGet(46)) - raft.server.snapshot.auto.trigger.threshold = 10000 (custom)
2023-06-06 06:59:28,166 [9b7fe73a-3db0-4294-ac6d-c59285debe9e-groupManagement] INFO  server.RaftServerConfigKeys (ConfUtils.java:logGet(46)) - raft.server.snapshot.retention.file.num = 5 (custom)
2023-06-06 06:59:28,166 [9b7fe73a-3db0-4294-ac6d-c59285debe9e-groupManagement] INFO  server.RaftServerConfigKeys (ConfUtils.java:logGet(46)) - raft.server.log.purge.upto.snapshot.index = false (default)
2023-06-06 06:59:28,166 [PipelineCommandHandlerThread-0] INFO  ratis.XceiverServerRatis (XceiverServerRatis.java:addGroup(804)) - Created group PipelineID=05b4d201-04fc-4e81-b907-ffcb79d671d0
2023-06-06 06:59:28,166 [PipelineCommandHandlerThread-0] INFO  commandhandler.CreatePipelineCommandHandler (CreatePipelineCommandHandler.java:lambda$handle$2(124)) - Created Pipeline RATIS ONE PipelineID=05b4d201-04fc-4e81-b907-ffcb79d671d0.
2023-06-06 06:59:28,167 [PipelineCommandHandlerThread-0] INFO  server.RaftServer (RaftServerProxy.java:addNew(98)) - 9b7fe73a-3db0-4294-ac6d-c59285debe9e: addNew group-09ABCAD8A53D:[252f6884-8a0a-4c07-9df6-494d0e55bfc9|rpc:10.1.26.1:15022|admin:10.1.26.1:15021|client:10.1.26.1:15020|dataStream:10.1.26.1:15023|priority:1|startupRole:FOLLOWER, e0d9f277-ba74-4528-aa5b-6dadce97c603|rpc:10.1.26.1:15040|admin:10.1.26.1:15039|client:10.1.26.1:15038|dataStream:10.1.26.1:15041|priority:0|startupRole:FOLLOWER, 9b7fe73a-3db0-4294-ac6d-c59285debe9e|rpc:10.1.26.1:15031|admin:10.1.26.1:15030|client:10.1.26.1:15029|dataStream:10.1.26.1:15032|priority:0|startupRole:FOLLOWER] returns group-09ABCAD8A53D:java.util.concurrent.CompletableFuture@68f1efdf[Not completed]
2023-06-06 06:59:28,168 [9b7fe73a-3db0-4294-ac6d-c59285debe9e-groupManagement] INFO  server.RaftServer$Division (RaftServerImpl.java:<init>(198)) - 9b7fe73a-3db0-4294-ac6d-c59285debe9e: new RaftServerImpl for group-09ABCAD8A53D:[252f6884-8a0a-4c07-9df6-494d0e55bfc9|rpc:10.1.26.1:15022|admin:10.1.26.1:15021|client:10.1.26.1:15020|dataStream:10.1.26.1:15023|priority:1|startupRole:FOLLOWER, e0d9f277-ba74-4528-aa5b-6dadce97c603|rpc:10.1.26.1:15040|admin:10.1.26.1:15039|client:10.1.26.1:15038|dataStream:10.1.26.1:15041|priority:0|startupRole:FOLLOWER, 9b7fe73a-3db0-4294-ac6d-c59285debe9e|rpc:10.1.26.1:15031|admin:10.1.26.1:15030|client:10.1.26.1:15029|dataStream:10.1.26.1:15032|priority:0|startupRole:FOLLOWER] with ContainerStateMachine:uninitialized
2023-06-06 06:59:28,168 [9b7fe73a-3db0-4294-ac6d-c59285debe9e-groupManagement] INFO  server.RaftServerConfigKeys (ConfUtils.java:logGet(46)) - raft.server.rpc.timeout.min = 5s (custom)
2023-06-06 06:59:28,168 [9b7fe73a-3db0-4294-ac6d-c59285debe9e-groupManagement] INFO  server.RaftServerConfigKeys (ConfUtils.java:logGet(46)) - raft.server.rpc.timeout.max = 5200ms (custom)
2023-06-06 06:59:28,168 [9b7fe73a-3db0-4294-ac6d-c59285debe9e-groupManagement] INFO  server.RaftServerConfigKeys (ConfUtils.java:logGet(46)) - raft.server.rpc.sleep.time = 25ms (default)
2023-06-06 06:59:28,168 [9b7fe73a-3db0-4294-ac6d-c59285debe9e-groupManagement] INFO  server.RaftServerConfigKeys (ConfUtils.java:logGet(46)) - raft.server.rpc.slowness.timeout = 300s (custom)
2023-06-06 06:59:28,168 [9b7fe73a-3db0-4294-ac6d-c59285debe9e-groupManagement] INFO  server.RaftServerConfigKeys (ConfUtils.java:logGet(46)) - raft.server.leaderelection.leader.step-down.wait-time = 10s (default)
2023-06-06 06:59:28,168 [9b7fe73a-3db0-4294-ac6d-c59285debe9e-groupManagement] INFO  server.RaftServerConfigKeys (ConfUtils.java:logGet(46)) - raft.server.sleep.deviation.threshold = 300ms (default)
2023-06-06 06:59:28,169 [9b7fe73a-3db0-4294-ac6d-c59285debe9e-groupManagement] INFO  server.RaftServer$Division (ServerState.java:<init>(120)) - 9b7fe73a-3db0-4294-ac6d-c59285debe9e@group-09ABCAD8A53D: ConfigurationManager, init=-1: peers:[252f6884-8a0a-4c07-9df6-494d0e55bfc9|rpc:10.1.26.1:15022|admin:10.1.26.1:15021|client:10.1.26.1:15020|dataStream:10.1.26.1:15023|priority:1|startupRole:FOLLOWER, e0d9f277-ba74-4528-aa5b-6dadce97c603|rpc:10.1.26.1:15040|admin:10.1.26.1:15039|client:10.1.26.1:15038|dataStream:10.1.26.1:15041|priority:0|startupRole:FOLLOWER, 9b7fe73a-3db0-4294-ac6d-c59285debe9e|rpc:10.1.26.1:15031|admin:10.1.26.1:15030|client:10.1.26.1:15029|dataStream:10.1.26.1:15032|priority:0|startupRole:FOLLOWER]|listeners:[], old=null, confs=<EMPTY_MAP>
2023-06-06 06:59:28,169 [9b7fe73a-3db0-4294-ac6d-c59285debe9e-groupManagement] INFO  server.RaftServerConfigKeys (ConfUtils.java:logGet(46)) - raft.server.storage.dir = [/home/runner/work/ozone/ozone/hadoop-ozone/integration-test/target/test-dir/MiniOzoneClusterImpl-8bad4e8b-826b-4b9b-92b9-e03c261c0494/datanode-1/data/ratis] (custom)
2023-06-06 06:59:28,169 [e0d9f277-ba74-4528-aa5b-6dadce97c603-groupManagement] INFO  server.RaftServerConfigKeys (ConfUtils.java:logGet(46)) - raft.server.log.unsafe-flush.enabled = false (default)
2023-06-06 06:59:28,169 [e0d9f277-ba74-4528-aa5b-6dadce97c603-groupManagement] INFO  server.RaftServerConfigKeys (ConfUtils.java:logGet(46)) - raft.server.log.async-flush.enabled = false (default)
2023-06-06 06:59:28,169 [e0d9f277-ba74-4528-aa5b-6dadce97c603-groupManagement] INFO  server.RaftServerConfigKeys (ConfUtils.java:logGet(46)) - raft.server.log.statemachine.data.caching.enabled = true (custom)
2023-06-06 06:59:28,170 [e0d9f277-ba74-4528-aa5b-6dadce97c603-groupManagement] INFO  segmented.SegmentedRaftLogWorker (SegmentedRaftLogWorker.java:lambda$new$0(135)) - e0d9f277-ba74-4528-aa5b-6dadce97c603@group-80A6D881258B-SegmentedRaftLogWorker: flushIndex: setUnconditionally 0 -> -1
2023-06-06 06:59:28,170 [e0d9f277-ba74-4528-aa5b-6dadce97c603-groupManagement] INFO  segmented.SegmentedRaftLogWorker (SegmentedRaftLogWorker.java:lambda$new$0(135)) - e0d9f277-ba74-4528-aa5b-6dadce97c603@group-80A6D881258B-SegmentedRaftLogWorker: safeCacheEvictIndex: setUnconditionally 0 -> -1
2023-06-06 06:59:28,171 [e0d9f277-ba74-4528-aa5b-6dadce97c603-groupManagement] INFO  server.RaftServer$Division (RaftServerImpl.java:start(342)) - e0d9f277-ba74-4528-aa5b-6dadce97c603@group-80A6D881258B: start as a follower, conf=-1: peers:[252f6884-8a0a-4c07-9df6-494d0e55bfc9|rpc:10.1.26.1:15022|admin:10.1.26.1:15021|client:10.1.26.1:15020|dataStream:10.1.26.1:15023|priority:0|startupRole:FOLLOWER, e0d9f277-ba74-4528-aa5b-6dadce97c603|rpc:10.1.26.1:15040|admin:10.1.26.1:15039|client:10.1.26.1:15038|dataStream:10.1.26.1:15041|priority:1|startupRole:FOLLOWER, 9b7fe73a-3db0-4294-ac6d-c59285debe9e|rpc:10.1.26.1:15031|admin:10.1.26.1:15030|client:10.1.26.1:15029|dataStream:10.1.26.1:15032|priority:0|startupRole:FOLLOWER]|listeners:[], old=null
2023-06-06 06:59:28,171 [e0d9f277-ba74-4528-aa5b-6dadce97c603-groupManagement] INFO  server.RaftServer$Division (RaftServerImpl.java:setRole(329)) - e0d9f277-ba74-4528-aa5b-6dadce97c603@group-80A6D881258B: changes role from      null to FOLLOWER at term 0 for startAsFollower
2023-06-06 06:59:28,171 [e0d9f277-ba74-4528-aa5b-6dadce97c603-groupManagement] INFO  impl.RoleInfo (RoleInfo.java:updateAndGet(139)) - e0d9f277-ba74-4528-aa5b-6dadce97c603: start e0d9f277-ba74-4528-aa5b-6dadce97c603@group-80A6D881258B-FollowerState
2023-06-06 06:59:28,173 [9b7fe73a-3db0-4294-ac6d-c59285debe9e-groupManagement] INFO  server.RaftServerConfigKeys (ConfUtils.java:logGet(46)) - raft.server.log.corruption.policy = EXCEPTION (default)
2023-06-06 06:59:28,177 [9b7fe73a-3db0-4294-ac6d-c59285debe9e-groupManagement] INFO  server.RaftServerConfigKeys (ConfUtils.java:logGet(46)) - raft.server.storage.free-space.min = 0MB (=0) (default)
2023-06-06 06:59:28,177 [9b7fe73a-3db0-4294-ac6d-c59285debe9e-groupManagement] INFO  server.RaftServerConfigKeys (ConfUtils.java:logGet(46)) - raft.server.notification.no-leader.timeout = 300s (custom)
2023-06-06 06:59:28,177 [9b7fe73a-3db0-4294-ac6d-c59285debe9e-groupManagement] INFO  server.RaftServerConfigKeys (ConfUtils.java:logGet(46)) - raft.server.read.timeout = 10s (default)
2023-06-06 06:59:28,177 [9b7fe73a-3db0-4294-ac6d-c59285debe9e-groupManagement] INFO  server.RaftServerConfigKeys (ConfUtils.java:logGet(46)) - raft.server.retrycache.expirytime = 600000ms (custom)
2023-06-06 06:59:28,177 [9b7fe73a-3db0-4294-ac6d-c59285debe9e-groupManagement] INFO  server.RaftServerConfigKeys (ConfUtils.java:logGet(46)) - raft.server.retrycache.statistics.expirytime = 100μs (default)
2023-06-06 06:59:28,177 [9b7fe73a-3db0-4294-ac6d-c59285debe9e-groupManagement] INFO  server.RaftServerConfigKeys (ConfUtils.java:logGet(46)) - raft.server.read.option = DEFAULT (default)
2023-06-06 06:59:28,178 [9b7fe73a-3db0-4294-ac6d-c59285debe9e-groupManagement] INFO  server.RaftServerConfigKeys (ConfUtils.java:logGet(46)) - raft.server.rpc.request.timeout = 60s (custom)
2023-06-06 06:59:28,178 [9b7fe73a-3db0-4294-ac6d-c59285debe9e-groupManagement] INFO  server.RaftServerConfigKeys (ConfUtils.java:logGet(46)) - raft.server.log.appender.install.snapshot.enabled = false (custom)
2023-06-06 06:59:28,178 [9b7fe73a-3db0-4294-ac6d-c59285debe9e-groupManagement] INFO  server.RaftServerConfigKeys (ConfUtils.java:logGet(46)) - raft.server.threadpool.server.cached = true (default)
2023-06-06 06:59:28,178 [9b7fe73a-3db0-4294-ac6d-c59285debe9e-groupManagement] INFO  server.RaftServerConfigKeys (ConfUtils.java:logGet(46)) - raft.server.threadpool.server.size = 0 (default)
2023-06-06 06:59:28,178 [9b7fe73a-3db0-4294-ac6d-c59285debe9e-groupManagement] INFO  server.RaftServerConfigKeys (ConfUtils.java:logGet(46)) - raft.server.threadpool.client.cached = true (default)
2023-06-06 06:59:28,178 [9b7fe73a-3db0-4294-ac6d-c59285debe9e-groupManagement] INFO  server.RaftServerConfigKeys (ConfUtils.java:logGet(46)) - raft.server.threadpool.client.size = 0 (default)
2023-06-06 06:59:28,178 [9b7fe73a-3db0-4294-ac6d-c59285debe9e-groupManagement] INFO  storage.RaftStorageDirectory (RaftStorageDirectoryImpl.java:analyzeStorage(137)) - The storage directory /home/runner/work/ozone/ozone/hadoop-ozone/integration-test/target/test-dir/MiniOzoneClusterImpl-8bad4e8b-826b-4b9b-92b9-e03c261c0494/datanode-1/data/ratis/c35752c9-a1f6-4ec4-895a-09abcad8a53d does not exist. Creating ...
2023-06-06 06:59:28,173 [e0d9f277-ba74-4528-aa5b-6dadce97c603-groupManagement] INFO  util.JmxRegister (JmxRegister.java:tryRegister(44)) - Successfully registered JMX Bean with object name Ratis:service=RaftServer,group=group-80A6D881258B,id=e0d9f277-ba74-4528-aa5b-6dadce97c603
2023-06-06 06:59:28,179 [e0d9f277-ba74-4528-aa5b-6dadce97c603-groupManagement] INFO  server.RaftServerConfigKeys (ConfUtils.java:logGet(46)) - raft.server.snapshot.auto.trigger.enabled = true (custom)
2023-06-06 06:59:28,179 [e0d9f277-ba74-4528-aa5b-6dadce97c603-groupManagement] INFO  server.RaftServerConfigKeys (ConfUtils.java:logGet(46)) - raft.server.snapshot.auto.trigger.threshold = 10000 (custom)
2023-06-06 06:59:28,179 [e0d9f277-ba74-4528-aa5b-6dadce97c603-groupManagement] INFO  server.RaftServerConfigKeys (ConfUtils.java:logGet(46)) - raft.server.snapshot.retention.file.num = 5 (custom)
2023-06-06 06:59:28,179 [e0d9f277-ba74-4528-aa5b-6dadce97c603-groupManagement] INFO  server.RaftServerConfigKeys (ConfUtils.java:logGet(46)) - raft.server.log.purge.upto.snapshot.index = false (default)
2023-06-06 06:59:28,180 [e0d9f277-ba74-4528-aa5b-6dadce97c603@group-80A6D881258B-FollowerState] INFO  server.RaftServerConfigKeys (ConfUtils.java:logFallback(53)) - raft.server.rpc.first-election.timeout.min = 5s (fallback to raft.server.rpc.timeout.min)
2023-06-06 06:59:28,180 [e0d9f277-ba74-4528-aa5b-6dadce97c603@group-80A6D881258B-FollowerState] INFO  server.RaftServerConfigKeys (ConfUtils.java:logFallback(53)) - raft.server.rpc.first-election.timeout.max = 5200ms (fallback to raft.server.rpc.timeout.max)
2023-06-06 06:59:28,180 [9b7fe73a-3db0-4294-ac6d-c59285debe9e-groupManagement] INFO  storage.RaftStorageDirectory (RaftStorageDirectoryImpl.java:tryLock(231)) - Lock on /home/runner/work/ozone/ozone/hadoop-ozone/integration-test/target/test-dir/MiniOzoneClusterImpl-8bad4e8b-826b-4b9b-92b9-e03c261c0494/datanode-1/data/ratis/c35752c9-a1f6-4ec4-895a-09abcad8a53d/in_use.lock acquired by nodename 5524@fv-az617-212
2023-06-06 06:59:28,183 [9b7fe73a-3db0-4294-ac6d-c59285debe9e-groupManagement] INFO  storage.RaftStorage (RaftStorageImpl.java:format(96)) - Storage directory /home/runner/work/ozone/ozone/hadoop-ozone/integration-test/target/test-dir/MiniOzoneClusterImpl-8bad4e8b-826b-4b9b-92b9-e03c261c0494/datanode-1/data/ratis/c35752c9-a1f6-4ec4-895a-09abcad8a53d has been successfully formatted.
2023-06-06 06:59:28,186 [9b7fe73a-3db0-4294-ac6d-c59285debe9e-groupManagement] INFO  ratis.ContainerStateMachine (ContainerStateMachine.java:loadSnapshot(262)) - group-09ABCAD8A53D: The snapshot info is null. Setting the last applied indexto:(t:0, i:~)
2023-06-06 06:59:28,186 [9b7fe73a-3db0-4294-ac6d-c59285debe9e-groupManagement] INFO  server.RaftServerConfigKeys (ConfUtils.java:logGet(46)) - raft.server.log.use.memory = false (default)
2023-06-06 06:59:28,186 [9b7fe73a-3db0-4294-ac6d-c59285debe9e-groupManagement] INFO  server.RaftServerConfigKeys (ConfUtils.java:logGet(46)) - raft.server.log.purge.gap = 1000000 (custom)
2023-06-06 06:59:28,186 [9b7fe73a-3db0-4294-ac6d-c59285debe9e-groupManagement] INFO  server.RaftServerConfigKeys (ConfUtils.java:logGet(46)) - raft.server.log.appender.buffer.byte-limit = 33554432 (custom)
2023-06-06 06:59:28,186 [9b7fe73a-3db0-4294-ac6d-c59285debe9e-groupManagement] INFO  server.RaftServerConfigKeys (ConfUtils.java:logGet(46)) - raft.server.log.statemachine.data.read.timeout = 1000ms (default)
2023-06-06 06:59:28,186 [9b7fe73a-3db0-4294-ac6d-c59285debe9e-groupManagement] INFO  server.RaftServerConfigKeys (ConfUtils.java:logGet(46)) - raft.server.log.purge.preservation.log.num = 0 (default)
2023-06-06 06:59:28,186 [9b7fe73a-3db0-4294-ac6d-c59285debe9e-groupManagement] INFO  server.RaftServerConfigKeys (ConfUtils.java:logGet(46)) - raft.server.log.segment.size.max = 1048576 (custom)
2023-06-06 06:59:28,187 [9b7fe73a-3db0-4294-ac6d-c59285debe9e-groupManagement] INFO  server.RaftServerConfigKeys (ConfUtils.java:logGet(46)) - raft.server.log.segment.cache.num.max = 2 (custom)
2023-06-06 06:59:28,187 [9b7fe73a-3db0-4294-ac6d-c59285debe9e-groupManagement] INFO  server.RaftServerConfigKeys (ConfUtils.java:logGet(46)) - raft.server.log.segment.cache.size.max = 200MB (=209715200) (default)
2023-06-06 06:59:28,187 [9b7fe73a-3db0-4294-ac6d-c59285debe9e-groupManagement] INFO  server.RaftServerConfigKeys (ConfUtils.java:logGet(46)) - raft.server.log.appender.buffer.byte-limit = 33554432 (custom)
2023-06-06 06:59:28,187 [9b7fe73a-3db0-4294-ac6d-c59285debe9e-groupManagement] INFO  segmented.SegmentedRaftLogWorker (SegmentedRaftLogWorker.java:<init>(188)) - new 9b7fe73a-3db0-4294-ac6d-c59285debe9e@group-09ABCAD8A53D-SegmentedRaftLogWorker for RaftStorageImpl:Storage Directory /home/runner/work/ozone/ozone/hadoop-ozone/integration-test/target/test-dir/MiniOzoneClusterImpl-8bad4e8b-826b-4b9b-92b9-e03c261c0494/datanode-1/data/ratis/c35752c9-a1f6-4ec4-895a-09abcad8a53d
2023-06-06 06:59:28,187 [9b7fe73a-3db0-4294-ac6d-c59285debe9e-groupManagement] INFO  server.RaftServerConfigKeys (ConfUtils.java:logGet(46)) - raft.server.log.queue.byte-limit = 4294967296 (custom)
2023-06-06 06:59:28,187 [9b7fe73a-3db0-4294-ac6d-c59285debe9e-groupManagement] INFO  server.RaftServerConfigKeys (ConfUtils.java:logGet(46)) - raft.server.log.queue.element-limit = 1024 (custom)
2023-06-06 06:59:28,187 [9b7fe73a-3db0-4294-ac6d-c59285debe9e-groupManagement] INFO  server.RaftServerConfigKeys (ConfUtils.java:logGet(46)) - raft.server.log.segment.size.max = 1048576 (custom)
2023-06-06 06:59:28,187 [9b7fe73a-3db0-4294-ac6d-c59285debe9e-groupManagement] INFO  server.RaftServerConfigKeys (ConfUtils.java:logGet(46)) - raft.server.log.preallocated.size = 16384 (custom)
2023-06-06 06:59:28,187 [9b7fe73a-3db0-4294-ac6d-c59285debe9e-groupManagement] INFO  server.RaftServerConfigKeys (ConfUtils.java:logGet(46)) - raft.server.log.force.sync.num = 128 (default)
2023-06-06 06:59:28,187 [9b7fe73a-3db0-4294-ac6d-c59285debe9e-groupManagement] INFO  server.RaftServerConfigKeys (ConfUtils.java:logGet(46)) - raft.server.log.statemachine.data.sync = true (default)
2023-06-06 06:59:28,188 [9b7fe73a-3db0-4294-ac6d-c59285debe9e-groupManagement] INFO  server.RaftServerConfigKeys (ConfUtils.java:logGet(46)) - raft.server.log.statemachine.data.sync.timeout = 10s (default)
2023-06-06 06:59:28,188 [9b7fe73a-3db0-4294-ac6d-c59285debe9e-groupManagement] INFO  server.RaftServerConfigKeys (ConfUtils.java:logGet(46)) - raft.server.log.statemachine.data.sync.timeout.retry = -1 (default)
2023-06-06 06:59:28,191 [9b7fe73a-3db0-4294-ac6d-c59285debe9e-groupManagement] INFO  server.RaftServerConfigKeys (ConfUtils.java:logGet(46)) - raft.server.log.write.buffer.size = 1048576 (custom)
2023-06-06 06:59:28,192 [9b7fe73a-3db0-4294-ac6d-c59285debe9e-groupManagement] INFO  server.RaftServerConfigKeys (ConfUtils.java:logGet(46)) - raft.server.log.appender.buffer.byte-limit = 33554432 (custom)
2023-06-06 06:59:28,194 [EventQueue-OpenPipelineForHealthyPipelineSafeModeRule] INFO  safemode.SCMSafeModeManager (HealthyPipelineSafeModeRule.java:process(137)) - SCM in safe mode. Healthy pipelines reported count is 0, required healthy pipeline reported count is 1
2023-06-06 06:59:28,195 [9b7fe73a-3db0-4294-ac6d-c59285debe9e-groupManagement] INFO  server.RaftServerConfigKeys (ConfUtils.java:logGet(46)) - raft.server.log.unsafe-flush.enabled = false (default)
2023-06-06 06:59:28,195 [9b7fe73a-3db0-4294-ac6d-c59285debe9e-groupManagement] INFO  server.RaftServerConfigKeys (ConfUtils.java:logGet(46)) - raft.server.log.async-flush.enabled = false (default)
2023-06-06 06:59:28,195 [9b7fe73a-3db0-4294-ac6d-c59285debe9e-groupManagement] INFO  server.RaftServerConfigKeys (ConfUtils.java:logGet(46)) - raft.server.log.statemachine.data.caching.enabled = true (custom)
2023-06-06 06:59:28,195 [9b7fe73a-3db0-4294-ac6d-c59285debe9e-groupManagement] INFO  segmented.SegmentedRaftLogWorker (SegmentedRaftLogWorker.java:lambda$new$0(135)) - 9b7fe73a-3db0-4294-ac6d-c59285debe9e@group-09ABCAD8A53D-SegmentedRaftLogWorker: flushIndex: setUnconditionally 0 -> -1
2023-06-06 06:59:28,195 [9b7fe73a-3db0-4294-ac6d-c59285debe9e-groupManagement] INFO  segmented.SegmentedRaftLogWorker (SegmentedRaftLogWorker.java:lambda$new$0(135)) - 9b7fe73a-3db0-4294-ac6d-c59285debe9e@group-09ABCAD8A53D-SegmentedRaftLogWorker: safeCacheEvictIndex: setUnconditionally 0 -> -1
2023-06-06 06:59:28,195 [9b7fe73a-3db0-4294-ac6d-c59285debe9e-groupManagement] INFO  server.RaftServer$Division (RaftServerImpl.java:start(342)) - 9b7fe73a-3db0-4294-ac6d-c59285debe9e@group-09ABCAD8A53D: start as a follower, conf=-1: peers:[252f6884-8a0a-4c07-9df6-494d0e55bfc9|rpc:10.1.26.1:15022|admin:10.1.26.1:15021|client:10.1.26.1:15020|dataStream:10.1.26.1:15023|priority:1|startupRole:FOLLOWER, e0d9f277-ba74-4528-aa5b-6dadce97c603|rpc:10.1.26.1:15040|admin:10.1.26.1:15039|client:10.1.26.1:15038|dataStream:10.1.26.1:15041|priority:0|startupRole:FOLLOWER, 9b7fe73a-3db0-4294-ac6d-c59285debe9e|rpc:10.1.26.1:15031|admin:10.1.26.1:15030|client:10.1.26.1:15029|dataStream:10.1.26.1:15032|priority:0|startupRole:FOLLOWER]|listeners:[], old=null
2023-06-06 06:59:28,195 [9b7fe73a-3db0-4294-ac6d-c59285debe9e-groupManagement] INFO  server.RaftServer$Division (RaftServerImpl.java:setRole(329)) - 9b7fe73a-3db0-4294-ac6d-c59285debe9e@group-09ABCAD8A53D: changes role from      null to FOLLOWER at term 0 for startAsFollower
2023-06-06 06:59:28,195 [9b7fe73a-3db0-4294-ac6d-c59285debe9e-groupManagement] INFO  impl.RoleInfo (RoleInfo.java:updateAndGet(139)) - 9b7fe73a-3db0-4294-ac6d-c59285debe9e: start 9b7fe73a-3db0-4294-ac6d-c59285debe9e@group-09ABCAD8A53D-FollowerState
2023-06-06 06:59:28,197 [9b7fe73a-3db0-4294-ac6d-c59285debe9e-groupManagement] INFO  util.JmxRegister (JmxRegister.java:tryRegister(44)) - Successfully registered JMX Bean with object name Ratis:service=RaftServer,group=group-09ABCAD8A53D,id=9b7fe73a-3db0-4294-ac6d-c59285debe9e
2023-06-06 06:59:28,197 [9b7fe73a-3db0-4294-ac6d-c59285debe9e-groupManagement] INFO  server.RaftServerConfigKeys (ConfUtils.java:logGet(46)) - raft.server.snapshot.auto.trigger.enabled = true (custom)
2023-06-06 06:59:28,197 [9b7fe73a-3db0-4294-ac6d-c59285debe9e-groupManagement] INFO  server.RaftServerConfigKeys (ConfUtils.java:logGet(46)) - raft.server.snapshot.auto.trigger.threshold = 10000 (custom)
2023-06-06 06:59:28,197 [9b7fe73a-3db0-4294-ac6d-c59285debe9e-groupManagement] INFO  server.RaftServerConfigKeys (ConfUtils.java:logGet(46)) - raft.server.snapshot.retention.file.num = 5 (custom)
2023-06-06 06:59:28,197 [9b7fe73a-3db0-4294-ac6d-c59285debe9e-groupManagement] INFO  server.RaftServerConfigKeys (ConfUtils.java:logGet(46)) - raft.server.log.purge.upto.snapshot.index = false (default)
2023-06-06 06:59:28,197 [9b7fe73a-3db0-4294-ac6d-c59285debe9e@group-09ABCAD8A53D-FollowerState] INFO  server.RaftServerConfigKeys (ConfUtils.java:logFallback(53)) - raft.server.rpc.first-election.timeout.min = 5s (fallback to raft.server.rpc.timeout.min)
2023-06-06 06:59:28,201 [9b7fe73a-3db0-4294-ac6d-c59285debe9e@group-09ABCAD8A53D-FollowerState] INFO  server.RaftServerConfigKeys (ConfUtils.java:logFallback(53)) - raft.server.rpc.first-election.timeout.max = 5200ms (fallback to raft.server.rpc.timeout.max)
2023-06-06 06:59:28,202 [PipelineCommandHandlerThread-0] INFO  ratis.XceiverServerRatis (XceiverServerRatis.java:addGroup(804)) - Created group PipelineID=c35752c9-a1f6-4ec4-895a-09abcad8a53d
2023-06-06 06:59:28,205 [PipelineCommandHandlerThread-0] INFO  commandhandler.CreatePipelineCommandHandler (CreatePipelineCommandHandler.java:lambda$handle$2(124)) - Created Pipeline RATIS THREE PipelineID=e99ce884-51b0-49be-8118-80a6d881258b.
2023-06-06 06:59:28,205 [PipelineCommandHandlerThread-0] INFO  server.RaftServer (RaftServerProxy.java:addNew(98)) - 252f6884-8a0a-4c07-9df6-494d0e55bfc9: addNew group-09ABCAD8A53D:[252f6884-8a0a-4c07-9df6-494d0e55bfc9|rpc:10.1.26.1:15022|admin:10.1.26.1:15021|client:10.1.26.1:15020|dataStream:10.1.26.1:15023|priority:1|startupRole:FOLLOWER, e0d9f277-ba74-4528-aa5b-6dadce97c603|rpc:10.1.26.1:15040|admin:10.1.26.1:15039|client:10.1.26.1:15038|dataStream:10.1.26.1:15041|priority:0|startupRole:FOLLOWER, 9b7fe73a-3db0-4294-ac6d-c59285debe9e|rpc:10.1.26.1:15031|admin:10.1.26.1:15030|client:10.1.26.1:15029|dataStream:10.1.26.1:15032|priority:0|startupRole:FOLLOWER] returns group-09ABCAD8A53D:java.util.concurrent.CompletableFuture@4655b447[Not completed]
2023-06-06 06:59:28,206 [252f6884-8a0a-4c07-9df6-494d0e55bfc9-groupManagement] INFO  server.RaftServer$Division (RaftServerImpl.java:<init>(198)) - 252f6884-8a0a-4c07-9df6-494d0e55bfc9: new RaftServerImpl for group-09ABCAD8A53D:[252f6884-8a0a-4c07-9df6-494d0e55bfc9|rpc:10.1.26.1:15022|admin:10.1.26.1:15021|client:10.1.26.1:15020|dataStream:10.1.26.1:15023|priority:1|startupRole:FOLLOWER, e0d9f277-ba74-4528-aa5b-6dadce97c603|rpc:10.1.26.1:15040|admin:10.1.26.1:15039|client:10.1.26.1:15038|dataStream:10.1.26.1:15041|priority:0|startupRole:FOLLOWER, 9b7fe73a-3db0-4294-ac6d-c59285debe9e|rpc:10.1.26.1:15031|admin:10.1.26.1:15030|client:10.1.26.1:15029|dataStream:10.1.26.1:15032|priority:0|startupRole:FOLLOWER] with ContainerStateMachine:uninitialized
2023-06-06 06:59:28,206 [252f6884-8a0a-4c07-9df6-494d0e55bfc9-groupManagement] INFO  server.RaftServerConfigKeys (ConfUtils.java:logGet(46)) - raft.server.rpc.timeout.min = 5s (custom)
2023-06-06 06:59:28,206 [252f6884-8a0a-4c07-9df6-494d0e55bfc9-groupManagement] INFO  server.RaftServerConfigKeys (ConfUtils.java:logGet(46)) - raft.server.rpc.timeout.max = 5200ms (custom)
2023-06-06 06:59:28,206 [252f6884-8a0a-4c07-9df6-494d0e55bfc9-groupManagement] INFO  server.RaftServerConfigKeys (ConfUtils.java:logGet(46)) - raft.server.rpc.sleep.time = 25ms (default)
2023-06-06 06:59:28,206 [252f6884-8a0a-4c07-9df6-494d0e55bfc9-groupManagement] INFO  server.RaftServerConfigKeys (ConfUtils.java:logGet(46)) - raft.server.rpc.slowness.timeout = 300s (custom)
2023-06-06 06:59:28,206 [252f6884-8a0a-4c07-9df6-494d0e55bfc9-groupManagement] INFO  server.RaftServerConfigKeys (ConfUtils.java:logGet(46)) - raft.server.leaderelection.leader.step-down.wait-time = 10s (default)
2023-06-06 06:59:28,206 [252f6884-8a0a-4c07-9df6-494d0e55bfc9-groupManagement] INFO  server.RaftServerConfigKeys (ConfUtils.java:logGet(46)) - raft.server.sleep.deviation.threshold = 300ms (default)
2023-06-06 06:59:28,207 [252f6884-8a0a-4c07-9df6-494d0e55bfc9-groupManagement] INFO  server.RaftServer$Division (ServerState.java:<init>(120)) - 252f6884-8a0a-4c07-9df6-494d0e55bfc9@group-09ABCAD8A53D: ConfigurationManager, init=-1: peers:[252f6884-8a0a-4c07-9df6-494d0e55bfc9|rpc:10.1.26.1:15022|admin:10.1.26.1:15021|client:10.1.26.1:15020|dataStream:10.1.26.1:15023|priority:1|startupRole:FOLLOWER, e0d9f277-ba74-4528-aa5b-6dadce97c603|rpc:10.1.26.1:15040|admin:10.1.26.1:15039|client:10.1.26.1:15038|dataStream:10.1.26.1:15041|priority:0|startupRole:FOLLOWER, 9b7fe73a-3db0-4294-ac6d-c59285debe9e|rpc:10.1.26.1:15031|admin:10.1.26.1:15030|client:10.1.26.1:15029|dataStream:10.1.26.1:15032|priority:0|startupRole:FOLLOWER]|listeners:[], old=null, confs=<EMPTY_MAP>
2023-06-06 06:59:28,207 [252f6884-8a0a-4c07-9df6-494d0e55bfc9-groupManagement] INFO  server.RaftServerConfigKeys (ConfUtils.java:logGet(46)) - raft.server.storage.dir = [/home/runner/work/ozone/ozone/hadoop-ozone/integration-test/target/test-dir/MiniOzoneClusterImpl-8bad4e8b-826b-4b9b-92b9-e03c261c0494/datanode-0/data/ratis] (custom)
2023-06-06 06:59:28,207 [252f6884-8a0a-4c07-9df6-494d0e55bfc9-groupManagement] INFO  server.RaftServerConfigKeys (ConfUtils.java:logGet(46)) - raft.server.log.corruption.policy = EXCEPTION (default)
2023-06-06 06:59:28,207 [252f6884-8a0a-4c07-9df6-494d0e55bfc9-groupManagement] INFO  server.RaftServerConfigKeys (ConfUtils.java:logGet(46)) - raft.server.storage.free-space.min = 0MB (=0) (default)
2023-06-06 06:59:28,207 [252f6884-8a0a-4c07-9df6-494d0e55bfc9-groupManagement] INFO  server.RaftServerConfigKeys (ConfUtils.java:logGet(46)) - raft.server.notification.no-leader.timeout = 300s (custom)
2023-06-06 06:59:28,207 [252f6884-8a0a-4c07-9df6-494d0e55bfc9-groupManagement] INFO  server.RaftServerConfigKeys (ConfUtils.java:logGet(46)) - raft.server.read.timeout = 10s (default)
2023-06-06 06:59:28,207 [252f6884-8a0a-4c07-9df6-494d0e55bfc9-groupManagement] INFO  server.RaftServerConfigKeys (ConfUtils.java:logGet(46)) - raft.server.retrycache.expirytime = 600000ms (custom)
2023-06-06 06:59:28,207 [252f6884-8a0a-4c07-9df6-494d0e55bfc9-groupManagement] INFO  server.RaftServerConfigKeys (ConfUtils.java:logGet(46)) - raft.server.retrycache.statistics.expirytime = 100μs (default)
2023-06-06 06:59:28,207 [252f6884-8a0a-4c07-9df6-494d0e55bfc9-groupManagement] INFO  server.RaftServerConfigKeys (ConfUtils.java:logGet(46)) - raft.server.read.option = DEFAULT (default)
2023-06-06 06:59:28,208 [252f6884-8a0a-4c07-9df6-494d0e55bfc9-groupManagement] INFO  server.RaftServerConfigKeys (ConfUtils.java:logGet(46)) - raft.server.rpc.request.timeout = 60s (custom)
2023-06-06 06:59:28,208 [252f6884-8a0a-4c07-9df6-494d0e55bfc9-groupManagement] INFO  server.RaftServerConfigKeys (ConfUtils.java:logGet(46)) - raft.server.log.appender.install.snapshot.enabled = false (custom)
2023-06-06 06:59:28,208 [252f6884-8a0a-4c07-9df6-494d0e55bfc9-groupManagement] INFO  server.RaftServerConfigKeys (ConfUtils.java:logGet(46)) - raft.server.threadpool.server.cached = true (default)
2023-06-06 06:59:28,208 [252f6884-8a0a-4c07-9df6-494d0e55bfc9-groupManagement] INFO  server.RaftServerConfigKeys (ConfUtils.java:logGet(46)) - raft.server.threadpool.server.size = 0 (default)
2023-06-06 06:59:28,208 [252f6884-8a0a-4c07-9df6-494d0e55bfc9-groupManagement] INFO  server.RaftServerConfigKeys (ConfUtils.java:logGet(46)) - raft.server.threadpool.client.cached = true (default)
2023-06-06 06:59:28,208 [252f6884-8a0a-4c07-9df6-494d0e55bfc9-groupManagement] INFO  server.RaftServerConfigKeys (ConfUtils.java:logGet(46)) - raft.server.threadpool.client.size = 0 (default)
2023-06-06 06:59:28,208 [252f6884-8a0a-4c07-9df6-494d0e55bfc9-groupManagement] INFO  storage.RaftStorageDirectory (RaftStorageDirectoryImpl.java:analyzeStorage(137)) - The storage directory /home/runner/work/ozone/ozone/hadoop-ozone/integration-test/target/test-dir/MiniOzoneClusterImpl-8bad4e8b-826b-4b9b-92b9-e03c261c0494/datanode-0/data/ratis/c35752c9-a1f6-4ec4-895a-09abcad8a53d does not exist. Creating ...
2023-06-06 06:59:28,213 [252f6884-8a0a-4c07-9df6-494d0e55bfc9-groupManagement] INFO  storage.RaftStorageDirectory (RaftStorageDirectoryImpl.java:tryLock(231)) - Lock on /home/runner/work/ozone/ozone/hadoop-ozone/integration-test/target/test-dir/MiniOzoneClusterImpl-8bad4e8b-826b-4b9b-92b9-e03c261c0494/datanode-0/data/ratis/c35752c9-a1f6-4ec4-895a-09abcad8a53d/in_use.lock acquired by nodename 5524@fv-az617-212
2023-06-06 06:59:28,216 [252f6884-8a0a-4c07-9df6-494d0e55bfc9-groupManagement] INFO  storage.RaftStorage (RaftStorageImpl.java:format(96)) - Storage directory /home/runner/work/ozone/ozone/hadoop-ozone/integration-test/target/test-dir/MiniOzoneClusterImpl-8bad4e8b-826b-4b9b-92b9-e03c261c0494/datanode-0/data/ratis/c35752c9-a1f6-4ec4-895a-09abcad8a53d has been successfully formatted.
2023-06-06 06:59:28,217 [252f6884-8a0a-4c07-9df6-494d0e55bfc9-groupManagement] INFO  ratis.ContainerStateMachine (ContainerStateMachine.java:loadSnapshot(262)) - group-09ABCAD8A53D: The snapshot info is null. Setting the last applied indexto:(t:0, i:~)
2023-06-06 06:59:28,217 [252f6884-8a0a-4c07-9df6-494d0e55bfc9-groupManagement] INFO  server.RaftServerConfigKeys (ConfUtils.java:logGet(46)) - raft.server.log.use.memory = false (default)
2023-06-06 06:59:28,217 [252f6884-8a0a-4c07-9df6-494d0e55bfc9-groupManagement] INFO  server.RaftServerConfigKeys (ConfUtils.java:logGet(46)) - raft.server.log.purge.gap = 1000000 (custom)
2023-06-06 06:59:28,217 [252f6884-8a0a-4c07-9df6-494d0e55bfc9-groupManagement] INFO  server.RaftServerConfigKeys (ConfUtils.java:logGet(46)) - raft.server.log.appender.buffer.byte-limit = 33554432 (custom)
2023-06-06 06:59:28,217 [252f6884-8a0a-4c07-9df6-494d0e55bfc9-groupManagement] INFO  server.RaftServerConfigKeys (ConfUtils.java:logGet(46)) - raft.server.log.statemachine.data.read.timeout = 1000ms (default)
2023-06-06 06:59:28,217 [252f6884-8a0a-4c07-9df6-494d0e55bfc9-groupManagement] INFO  server.RaftServerConfigKeys (ConfUtils.java:logGet(46)) - raft.server.log.purge.preservation.log.num = 0 (default)
2023-06-06 06:59:28,217 [252f6884-8a0a-4c07-9df6-494d0e55bfc9-groupManagement] INFO  server.RaftServerConfigKeys (ConfUtils.java:logGet(46)) - raft.server.log.segment.size.max = 1048576 (custom)
2023-06-06 06:59:28,220 [252f6884-8a0a-4c07-9df6-494d0e55bfc9-groupManagement] INFO  server.RaftServerConfigKeys (ConfUtils.java:logGet(46)) - raft.server.log.segment.cache.num.max = 2 (custom)
2023-06-06 06:59:28,220 [EventQueue-OpenPipelineForHealthyPipelineSafeModeRule] INFO  safemode.SCMSafeModeManager (HealthyPipelineSafeModeRule.java:process(137)) - SCM in safe mode. Healthy pipelines reported count is 0, required healthy pipeline reported count is 1
2023-06-06 06:59:28,223 [252f6884-8a0a-4c07-9df6-494d0e55bfc9-groupManagement] INFO  server.RaftServerConfigKeys (ConfUtils.java:logGet(46)) - raft.server.log.segment.cache.size.max = 200MB (=209715200) (default)
2023-06-06 06:59:28,231 [252f6884-8a0a-4c07-9df6-494d0e55bfc9-groupManagement] INFO  server.RaftServerConfigKeys (ConfUtils.java:logGet(46)) - raft.server.log.appender.buffer.byte-limit = 33554432 (custom)
2023-06-06 06:59:28,231 [252f6884-8a0a-4c07-9df6-494d0e55bfc9-groupManagement] INFO  segmented.SegmentedRaftLogWorker (SegmentedRaftLogWorker.java:<init>(188)) - new 252f6884-8a0a-4c07-9df6-494d0e55bfc9@group-09ABCAD8A53D-SegmentedRaftLogWorker for RaftStorageImpl:Storage Directory /home/runner/work/ozone/ozone/hadoop-ozone/integration-test/target/test-dir/MiniOzoneClusterImpl-8bad4e8b-826b-4b9b-92b9-e03c261c0494/datanode-0/data/ratis/c35752c9-a1f6-4ec4-895a-09abcad8a53d
2023-06-06 06:59:28,231 [252f6884-8a0a-4c07-9df6-494d0e55bfc9-groupManagement] INFO  server.RaftServerConfigKeys (ConfUtils.java:logGet(46)) - raft.server.log.queue.byte-limit = 4294967296 (custom)
2023-06-06 06:59:28,231 [252f6884-8a0a-4c07-9df6-494d0e55bfc9-groupManagement] INFO  server.RaftServerConfigKeys (ConfUtils.java:logGet(46)) - raft.server.log.queue.element-limit = 1024 (custom)
2023-06-06 06:59:28,231 [252f6884-8a0a-4c07-9df6-494d0e55bfc9-groupManagement] INFO  server.RaftServerConfigKeys (ConfUtils.java:logGet(46)) - raft.server.log.segment.size.max = 1048576 (custom)
2023-06-06 06:59:28,231 [252f6884-8a0a-4c07-9df6-494d0e55bfc9-groupManagement] INFO  server.RaftServerConfigKeys (ConfUtils.java:logGet(46)) - raft.server.log.preallocated.size = 16384 (custom)
2023-06-06 06:59:28,231 [252f6884-8a0a-4c07-9df6-494d0e55bfc9-groupManagement] INFO  server.RaftServerConfigKeys (ConfUtils.java:logGet(46)) - raft.server.log.force.sync.num = 128 (default)
2023-06-06 06:59:28,231 [252f6884-8a0a-4c07-9df6-494d0e55bfc9-groupManagement] INFO  server.RaftServerConfigKeys (ConfUtils.java:logGet(46)) - raft.server.log.statemachine.data.sync = true (default)
2023-06-06 06:59:28,231 [252f6884-8a0a-4c07-9df6-494d0e55bfc9-groupManagement] INFO  server.RaftServerConfigKeys (ConfUtils.java:logGet(46)) - raft.server.log.statemachine.data.sync.timeout = 10s (default)
2023-06-06 06:59:28,231 [252f6884-8a0a-4c07-9df6-494d0e55bfc9-groupManagement] INFO  server.RaftServerConfigKeys (ConfUtils.java:logGet(46)) - raft.server.log.statemachine.data.sync.timeout.retry = -1 (default)
2023-06-06 06:59:28,233 [252f6884-8a0a-4c07-9df6-494d0e55bfc9-groupManagement] INFO  server.RaftServerConfigKeys (ConfUtils.java:logGet(46)) - raft.server.log.write.buffer.size = 1048576 (custom)
2023-06-06 06:59:28,233 [252f6884-8a0a-4c07-9df6-494d0e55bfc9-groupManagement] INFO  server.RaftServerConfigKeys (ConfUtils.java:logGet(46)) - raft.server.log.appender.buffer.byte-limit = 33554432 (custom)
2023-06-06 06:59:28,236 [252f6884-8a0a-4c07-9df6-494d0e55bfc9-groupManagement] INFO  server.RaftServerConfigKeys (ConfUtils.java:logGet(46)) - raft.server.log.unsafe-flush.enabled = false (default)
2023-06-06 06:59:28,236 [252f6884-8a0a-4c07-9df6-494d0e55bfc9-groupManagement] INFO  server.RaftServerConfigKeys (ConfUtils.java:logGet(46)) - raft.server.log.async-flush.enabled = false (default)
2023-06-06 06:59:28,236 [252f6884-8a0a-4c07-9df6-494d0e55bfc9-groupManagement] INFO  server.RaftServerConfigKeys (ConfUtils.java:logGet(46)) - raft.server.log.statemachine.data.caching.enabled = true (custom)
2023-06-06 06:59:28,237 [252f6884-8a0a-4c07-9df6-494d0e55bfc9-groupManagement] INFO  segmented.SegmentedRaftLogWorker (SegmentedRaftLogWorker.java:lambda$new$0(135)) - 252f6884-8a0a-4c07-9df6-494d0e55bfc9@group-09ABCAD8A53D-SegmentedRaftLogWorker: flushIndex: setUnconditionally 0 -> -1
2023-06-06 06:59:28,237 [252f6884-8a0a-4c07-9df6-494d0e55bfc9-groupManagement] INFO  segmented.SegmentedRaftLogWorker (SegmentedRaftLogWorker.java:lambda$new$0(135)) - 252f6884-8a0a-4c07-9df6-494d0e55bfc9@group-09ABCAD8A53D-SegmentedRaftLogWorker: safeCacheEvictIndex: setUnconditionally 0 -> -1
2023-06-06 06:59:28,237 [252f6884-8a0a-4c07-9df6-494d0e55bfc9-groupManagement] INFO  server.RaftServer$Division (RaftServerImpl.java:start(342)) - 252f6884-8a0a-4c07-9df6-494d0e55bfc9@group-09ABCAD8A53D: start as a follower, conf=-1: peers:[252f6884-8a0a-4c07-9df6-494d0e55bfc9|rpc:10.1.26.1:15022|admin:10.1.26.1:15021|client:10.1.26.1:15020|dataStream:10.1.26.1:15023|priority:1|startupRole:FOLLOWER, e0d9f277-ba74-4528-aa5b-6dadce97c603|rpc:10.1.26.1:15040|admin:10.1.26.1:15039|client:10.1.26.1:15038|dataStream:10.1.26.1:15041|priority:0|startupRole:FOLLOWER, 9b7fe73a-3db0-4294-ac6d-c59285debe9e|rpc:10.1.26.1:15031|admin:10.1.26.1:15030|client:10.1.26.1:15029|dataStream:10.1.26.1:15032|priority:0|startupRole:FOLLOWER]|listeners:[], old=null
2023-06-06 06:59:28,237 [252f6884-8a0a-4c07-9df6-494d0e55bfc9-groupManagement] INFO  server.RaftServer$Division (RaftServerImpl.java:setRole(329)) - 252f6884-8a0a-4c07-9df6-494d0e55bfc9@group-09ABCAD8A53D: changes role from      null to FOLLOWER at term 0 for startAsFollower
2023-06-06 06:59:28,237 [252f6884-8a0a-4c07-9df6-494d0e55bfc9-groupManagement] INFO  impl.RoleInfo (RoleInfo.java:updateAndGet(139)) - 252f6884-8a0a-4c07-9df6-494d0e55bfc9: start 252f6884-8a0a-4c07-9df6-494d0e55bfc9@group-09ABCAD8A53D-FollowerState
2023-06-06 06:59:28,237 [252f6884-8a0a-4c07-9df6-494d0e55bfc9-groupManagement] INFO  util.JmxRegister (JmxRegister.java:tryRegister(44)) - Successfully registered JMX Bean with object name Ratis:service=RaftServer,group=group-09ABCAD8A53D,id=252f6884-8a0a-4c07-9df6-494d0e55bfc9
2023-06-06 06:59:28,237 [252f6884-8a0a-4c07-9df6-494d0e55bfc9-groupManagement] INFO  server.RaftServerConfigKeys (ConfUtils.java:logGet(46)) - raft.server.snapshot.auto.trigger.enabled = true (custom)
2023-06-06 06:59:28,237 [252f6884-8a0a-4c07-9df6-494d0e55bfc9-groupManagement] INFO  server.RaftServerConfigKeys (ConfUtils.java:logGet(46)) - raft.server.snapshot.auto.trigger.threshold = 10000 (custom)
2023-06-06 06:59:28,237 [252f6884-8a0a-4c07-9df6-494d0e55bfc9-groupManagement] INFO  server.RaftServerConfigKeys (ConfUtils.java:logGet(46)) - raft.server.snapshot.retention.file.num = 5 (custom)
2023-06-06 06:59:28,237 [252f6884-8a0a-4c07-9df6-494d0e55bfc9-groupManagement] INFO  server.RaftServerConfigKeys (ConfUtils.java:logGet(46)) - raft.server.log.purge.upto.snapshot.index = false (default)
2023-06-06 06:59:28,238 [252f6884-8a0a-4c07-9df6-494d0e55bfc9@group-09ABCAD8A53D-FollowerState] INFO  server.RaftServerConfigKeys (ConfUtils.java:logFallback(53)) - raft.server.rpc.first-election.timeout.min = 5s (fallback to raft.server.rpc.timeout.min)
2023-06-06 06:59:28,241 [PipelineCommandHandlerThread-0] INFO  ratis.XceiverServerRatis (XceiverServerRatis.java:addGroup(804)) - Created group PipelineID=c35752c9-a1f6-4ec4-895a-09abcad8a53d
2023-06-06 06:59:28,241 [252f6884-8a0a-4c07-9df6-494d0e55bfc9@group-09ABCAD8A53D-FollowerState] INFO  server.RaftServerConfigKeys (ConfUtils.java:logFallback(53)) - raft.server.rpc.first-election.timeout.max = 5200ms (fallback to raft.server.rpc.timeout.max)
2023-06-06 06:59:28,306 [grpc-default-executor-3] INFO  server.RaftServer (RaftServerProxy.java:addNew(98)) - e0d9f277-ba74-4528-aa5b-6dadce97c603: addNew group-09ABCAD8A53D:[252f6884-8a0a-4c07-9df6-494d0e55bfc9|rpc:10.1.26.1:15022|admin:10.1.26.1:15021|client:10.1.26.1:15020|dataStream:10.1.26.1:15023|priority:1|startupRole:FOLLOWER, e0d9f277-ba74-4528-aa5b-6dadce97c603|rpc:10.1.26.1:15040|admin:10.1.26.1:15039|client:10.1.26.1:15038|dataStream:10.1.26.1:15041|priority:0|startupRole:FOLLOWER, 9b7fe73a-3db0-4294-ac6d-c59285debe9e|rpc:10.1.26.1:15031|admin:10.1.26.1:15030|client:10.1.26.1:15029|dataStream:10.1.26.1:15032|priority:0|startupRole:FOLLOWER] returns group-09ABCAD8A53D:java.util.concurrent.CompletableFuture@7adea01c[Not completed]
2023-06-06 06:59:28,307 [e0d9f277-ba74-4528-aa5b-6dadce97c603-groupManagement] INFO  server.RaftServer$Division (RaftServerImpl.java:<init>(198)) - e0d9f277-ba74-4528-aa5b-6dadce97c603: new RaftServerImpl for group-09ABCAD8A53D:[252f6884-8a0a-4c07-9df6-494d0e55bfc9|rpc:10.1.26.1:15022|admin:10.1.26.1:15021|client:10.1.26.1:15020|dataStream:10.1.26.1:15023|priority:1|startupRole:FOLLOWER, e0d9f277-ba74-4528-aa5b-6dadce97c603|rpc:10.1.26.1:15040|admin:10.1.26.1:15039|client:10.1.26.1:15038|dataStream:10.1.26.1:15041|priority:0|startupRole:FOLLOWER, 9b7fe73a-3db0-4294-ac6d-c59285debe9e|rpc:10.1.26.1:15031|admin:10.1.26.1:15030|client:10.1.26.1:15029|dataStream:10.1.26.1:15032|priority:0|startupRole:FOLLOWER] with ContainerStateMachine:uninitialized
2023-06-06 06:59:28,307 [e0d9f277-ba74-4528-aa5b-6dadce97c603-groupManagement] INFO  server.RaftServerConfigKeys (ConfUtils.java:logGet(46)) - raft.server.rpc.timeout.min = 5s (custom)
2023-06-06 06:59:28,307 [e0d9f277-ba74-4528-aa5b-6dadce97c603-groupManagement] INFO  server.RaftServerConfigKeys (ConfUtils.java:logGet(46)) - raft.server.rpc.timeout.max = 5200ms (custom)
2023-06-06 06:59:28,307 [e0d9f277-ba74-4528-aa5b-6dadce97c603-groupManagement] INFO  server.RaftServerConfigKeys (ConfUtils.java:logGet(46)) - raft.server.rpc.sleep.time = 25ms (default)
2023-06-06 06:59:28,307 [e0d9f277-ba74-4528-aa5b-6dadce97c603-groupManagement] INFO  server.RaftServerConfigKeys (ConfUtils.java:logGet(46)) - raft.server.rpc.slowness.timeout = 300s (custom)
2023-06-06 06:59:28,307 [e0d9f277-ba74-4528-aa5b-6dadce97c603-groupManagement] INFO  server.RaftServerConfigKeys (ConfUtils.java:logGet(46)) - raft.server.leaderelection.leader.step-down.wait-time = 10s (default)
2023-06-06 06:59:28,307 [e0d9f277-ba74-4528-aa5b-6dadce97c603-groupManagement] INFO  server.RaftServerConfigKeys (ConfUtils.java:logGet(46)) - raft.server.sleep.deviation.threshold = 300ms (default)
2023-06-06 06:59:28,307 [e0d9f277-ba74-4528-aa5b-6dadce97c603-groupManagement] INFO  server.RaftServer$Division (ServerState.java:<init>(120)) - e0d9f277-ba74-4528-aa5b-6dadce97c603@group-09ABCAD8A53D: ConfigurationManager, init=-1: peers:[252f6884-8a0a-4c07-9df6-494d0e55bfc9|rpc:10.1.26.1:15022|admin:10.1.26.1:15021|client:10.1.26.1:15020|dataStream:10.1.26.1:15023|priority:1|startupRole:FOLLOWER, e0d9f277-ba74-4528-aa5b-6dadce97c603|rpc:10.1.26.1:15040|admin:10.1.26.1:15039|client:10.1.26.1:15038|dataStream:10.1.26.1:15041|priority:0|startupRole:FOLLOWER, 9b7fe73a-3db0-4294-ac6d-c59285debe9e|rpc:10.1.26.1:15031|admin:10.1.26.1:15030|client:10.1.26.1:15029|dataStream:10.1.26.1:15032|priority:0|startupRole:FOLLOWER]|listeners:[], old=null, confs=<EMPTY_MAP>
2023-06-06 06:59:28,307 [e0d9f277-ba74-4528-aa5b-6dadce97c603-groupManagement] INFO  server.RaftServerConfigKeys (ConfUtils.java:logGet(46)) - raft.server.storage.dir = [/home/runner/work/ozone/ozone/hadoop-ozone/integration-test/target/test-dir/MiniOzoneClusterImpl-8bad4e8b-826b-4b9b-92b9-e03c261c0494/datanode-2/data/ratis] (custom)
2023-06-06 06:59:28,307 [e0d9f277-ba74-4528-aa5b-6dadce97c603-groupManagement] INFO  server.RaftServerConfigKeys (ConfUtils.java:logGet(46)) - raft.server.log.corruption.policy = EXCEPTION (default)
2023-06-06 06:59:28,307 [e0d9f277-ba74-4528-aa5b-6dadce97c603-groupManagement] INFO  server.RaftServerConfigKeys (ConfUtils.java:logGet(46)) - raft.server.storage.free-space.min = 0MB (=0) (default)
2023-06-06 06:59:28,308 [e0d9f277-ba74-4528-aa5b-6dadce97c603-groupManagement] INFO  server.RaftServerConfigKeys (ConfUtils.java:logGet(46)) - raft.server.notification.no-leader.timeout = 300s (custom)
2023-06-06 06:59:28,308 [e0d9f277-ba74-4528-aa5b-6dadce97c603-groupManagement] INFO  server.RaftServerConfigKeys (ConfUtils.java:logGet(46)) - raft.server.read.timeout = 10s (default)
2023-06-06 06:59:28,308 [e0d9f277-ba74-4528-aa5b-6dadce97c603-groupManagement] INFO  server.RaftServerConfigKeys (ConfUtils.java:logGet(46)) - raft.server.retrycache.expirytime = 600000ms (custom)
2023-06-06 06:59:28,308 [e0d9f277-ba74-4528-aa5b-6dadce97c603-groupManagement] INFO  server.RaftServerConfigKeys (ConfUtils.java:logGet(46)) - raft.server.retrycache.statistics.expirytime = 100μs (default)
2023-06-06 06:59:28,308 [e0d9f277-ba74-4528-aa5b-6dadce97c603-groupManagement] INFO  server.RaftServerConfigKeys (ConfUtils.java:logGet(46)) - raft.server.read.option = DEFAULT (default)
2023-06-06 06:59:28,309 [e0d9f277-ba74-4528-aa5b-6dadce97c603-groupManagement] INFO  server.RaftServerConfigKeys (ConfUtils.java:logGet(46)) - raft.server.rpc.request.timeout = 60s (custom)
2023-06-06 06:59:28,309 [e0d9f277-ba74-4528-aa5b-6dadce97c603-groupManagement] INFO  server.RaftServerConfigKeys (ConfUtils.java:logGet(46)) - raft.server.log.appender.install.snapshot.enabled = false (custom)
2023-06-06 06:59:28,309 [e0d9f277-ba74-4528-aa5b-6dadce97c603-groupManagement] INFO  server.RaftServerConfigKeys (ConfUtils.java:logGet(46)) - raft.server.threadpool.server.cached = true (default)
2023-06-06 06:59:28,309 [e0d9f277-ba74-4528-aa5b-6dadce97c603-groupManagement] INFO  server.RaftServerConfigKeys (ConfUtils.java:logGet(46)) - raft.server.threadpool.server.size = 0 (default)
2023-06-06 06:59:28,316 [e0d9f277-ba74-4528-aa5b-6dadce97c603-groupManagement] INFO  server.RaftServerConfigKeys (ConfUtils.java:logGet(46)) - raft.server.threadpool.client.cached = true (default)
2023-06-06 06:59:28,316 [e0d9f277-ba74-4528-aa5b-6dadce97c603-groupManagement] INFO  server.RaftServerConfigKeys (ConfUtils.java:logGet(46)) - raft.server.threadpool.client.size = 0 (default)
2023-06-06 06:59:28,316 [e0d9f277-ba74-4528-aa5b-6dadce97c603-groupManagement] INFO  storage.RaftStorageDirectory (RaftStorageDirectoryImpl.java:analyzeStorage(137)) - The storage directory /home/runner/work/ozone/ozone/hadoop-ozone/integration-test/target/test-dir/MiniOzoneClusterImpl-8bad4e8b-826b-4b9b-92b9-e03c261c0494/datanode-2/data/ratis/c35752c9-a1f6-4ec4-895a-09abcad8a53d does not exist. Creating ...
2023-06-06 06:59:28,317 [e0d9f277-ba74-4528-aa5b-6dadce97c603-groupManagement] INFO  storage.RaftStorageDirectory (RaftStorageDirectoryImpl.java:tryLock(231)) - Lock on /home/runner/work/ozone/ozone/hadoop-ozone/integration-test/target/test-dir/MiniOzoneClusterImpl-8bad4e8b-826b-4b9b-92b9-e03c261c0494/datanode-2/data/ratis/c35752c9-a1f6-4ec4-895a-09abcad8a53d/in_use.lock acquired by nodename 5524@fv-az617-212
2023-06-06 06:59:28,321 [e0d9f277-ba74-4528-aa5b-6dadce97c603-groupManagement] INFO  storage.RaftStorage (RaftStorageImpl.java:format(96)) - Storage directory /home/runner/work/ozone/ozone/hadoop-ozone/integration-test/target/test-dir/MiniOzoneClusterImpl-8bad4e8b-826b-4b9b-92b9-e03c261c0494/datanode-2/data/ratis/c35752c9-a1f6-4ec4-895a-09abcad8a53d has been successfully formatted.
2023-06-06 06:59:28,326 [e0d9f277-ba74-4528-aa5b-6dadce97c603-groupManagement] INFO  ratis.ContainerStateMachine (ContainerStateMachine.java:loadSnapshot(262)) - group-09ABCAD8A53D: The snapshot info is null. Setting the last applied indexto:(t:0, i:~)
2023-06-06 06:59:28,326 [e0d9f277-ba74-4528-aa5b-6dadce97c603-groupManagement] INFO  server.RaftServerConfigKeys (ConfUtils.java:logGet(46)) - raft.server.log.use.memory = false (default)
2023-06-06 06:59:28,326 [e0d9f277-ba74-4528-aa5b-6dadce97c603-groupManagement] INFO  server.RaftServerConfigKeys (ConfUtils.java:logGet(46)) - raft.server.log.purge.gap = 1000000 (custom)
2023-06-06 06:59:28,326 [e0d9f277-ba74-4528-aa5b-6dadce97c603-groupManagement] INFO  server.RaftServerConfigKeys (ConfUtils.java:logGet(46)) - raft.server.log.appender.buffer.byte-limit = 33554432 (custom)
2023-06-06 06:59:28,326 [e0d9f277-ba74-4528-aa5b-6dadce97c603-groupManagement] INFO  server.RaftServerConfigKeys (ConfUtils.java:logGet(46)) - raft.server.log.statemachine.data.read.timeout = 1000ms (default)
2023-06-06 06:59:28,326 [e0d9f277-ba74-4528-aa5b-6dadce97c603-groupManagement] INFO  server.RaftServerConfigKeys (ConfUtils.java:logGet(46)) - raft.server.log.purge.preservation.log.num = 0 (default)
2023-06-06 06:59:28,326 [e0d9f277-ba74-4528-aa5b-6dadce97c603-groupManagement] INFO  server.RaftServerConfigKeys (ConfUtils.java:logGet(46)) - raft.server.log.segment.size.max = 1048576 (custom)
2023-06-06 06:59:28,327 [e0d9f277-ba74-4528-aa5b-6dadce97c603-groupManagement] INFO  server.RaftServerConfigKeys (ConfUtils.java:logGet(46)) - raft.server.log.segment.cache.num.max = 2 (custom)
2023-06-06 06:59:28,327 [e0d9f277-ba74-4528-aa5b-6dadce97c603-groupManagement] INFO  server.RaftServerConfigKeys (ConfUtils.java:logGet(46)) - raft.server.log.segment.cache.size.max = 200MB (=209715200) (default)
2023-06-06 06:59:28,327 [e0d9f277-ba74-4528-aa5b-6dadce97c603-groupManagement] INFO  server.RaftServerConfigKeys (ConfUtils.java:logGet(46)) - raft.server.log.appender.buffer.byte-limit = 33554432 (custom)
2023-06-06 06:59:28,327 [e0d9f277-ba74-4528-aa5b-6dadce97c603-groupManagement] INFO  segmented.SegmentedRaftLogWorker (SegmentedRaftLogWorker.java:<init>(188)) - new e0d9f277-ba74-4528-aa5b-6dadce97c603@group-09ABCAD8A53D-SegmentedRaftLogWorker for RaftStorageImpl:Storage Directory /home/runner/work/ozone/ozone/hadoop-ozone/integration-test/target/test-dir/MiniOzoneClusterImpl-8bad4e8b-826b-4b9b-92b9-e03c261c0494/datanode-2/data/ratis/c35752c9-a1f6-4ec4-895a-09abcad8a53d
2023-06-06 06:59:28,327 [e0d9f277-ba74-4528-aa5b-6dadce97c603-groupManagement] INFO  server.RaftServerConfigKeys (ConfUtils.java:logGet(46)) - raft.server.log.queue.byte-limit = 4294967296 (custom)
2023-06-06 06:59:28,327 [e0d9f277-ba74-4528-aa5b-6dadce97c603-groupManagement] INFO  server.RaftServerConfigKeys (ConfUtils.java:logGet(46)) - raft.server.log.queue.element-limit = 1024 (custom)
2023-06-06 06:59:28,327 [e0d9f277-ba74-4528-aa5b-6dadce97c603-groupManagement] INFO  server.RaftServerConfigKeys (ConfUtils.java:logGet(46)) - raft.server.log.segment.size.max = 1048576 (custom)
2023-06-06 06:59:28,327 [e0d9f277-ba74-4528-aa5b-6dadce97c603-groupManagement] INFO  server.RaftServerConfigKeys (ConfUtils.java:logGet(46)) - raft.server.log.preallocated.size = 16384 (custom)
2023-06-06 06:59:28,327 [e0d9f277-ba74-4528-aa5b-6dadce97c603-groupManagement] INFO  server.RaftServerConfigKeys (ConfUtils.java:logGet(46)) - raft.server.log.force.sync.num = 128 (default)
2023-06-06 06:59:28,327 [e0d9f277-ba74-4528-aa5b-6dadce97c603-groupManagement] INFO  server.RaftServerConfigKeys (ConfUtils.java:logGet(46)) - raft.server.log.statemachine.data.sync = true (default)
2023-06-06 06:59:28,327 [e0d9f277-ba74-4528-aa5b-6dadce97c603-groupManagement] INFO  server.RaftServerConfigKeys (ConfUtils.java:logGet(46)) - raft.server.log.statemachine.data.sync.timeout = 10s (default)
2023-06-06 06:59:28,327 [e0d9f277-ba74-4528-aa5b-6dadce97c603-groupManagement] INFO  server.RaftServerConfigKeys (ConfUtils.java:logGet(46)) - raft.server.log.statemachine.data.sync.timeout.retry = -1 (default)
2023-06-06 06:59:28,328 [e0d9f277-ba74-4528-aa5b-6dadce97c603-groupManagement] INFO  server.RaftServerConfigKeys (ConfUtils.java:logGet(46)) - raft.server.log.write.buffer.size = 1048576 (custom)
2023-06-06 06:59:28,328 [e0d9f277-ba74-4528-aa5b-6dadce97c603-groupManagement] INFO  server.RaftServerConfigKeys (ConfUtils.java:logGet(46)) - raft.server.log.appender.buffer.byte-limit = 33554432 (custom)
2023-06-06 06:59:28,333 [e0d9f277-ba74-4528-aa5b-6dadce97c603-groupManagement] INFO  server.RaftServerConfigKeys (ConfUtils.java:logGet(46)) - raft.server.log.unsafe-flush.enabled = false (default)
2023-06-06 06:59:28,333 [e0d9f277-ba74-4528-aa5b-6dadce97c603-groupManagement] INFO  server.RaftServerConfigKeys (ConfUtils.java:logGet(46)) - raft.server.log.async-flush.enabled = false (default)
2023-06-06 06:59:28,333 [e0d9f277-ba74-4528-aa5b-6dadce97c603-groupManagement] INFO  server.RaftServerConfigKeys (ConfUtils.java:logGet(46)) - raft.server.log.statemachine.data.caching.enabled = true (custom)
2023-06-06 06:59:28,333 [e0d9f277-ba74-4528-aa5b-6dadce97c603-groupManagement] INFO  segmented.SegmentedRaftLogWorker (SegmentedRaftLogWorker.java:lambda$new$0(135)) - e0d9f277-ba74-4528-aa5b-6dadce97c603@group-09ABCAD8A53D-SegmentedRaftLogWorker: flushIndex: setUnconditionally 0 -> -1
2023-06-06 06:59:28,333 [e0d9f277-ba74-4528-aa5b-6dadce97c603-groupManagement] INFO  segmented.SegmentedRaftLogWorker (SegmentedRaftLogWorker.java:lambda$new$0(135)) - e0d9f277-ba74-4528-aa5b-6dadce97c603@group-09ABCAD8A53D-SegmentedRaftLogWorker: safeCacheEvictIndex: setUnconditionally 0 -> -1
2023-06-06 06:59:28,345 [e0d9f277-ba74-4528-aa5b-6dadce97c603-groupManagement] INFO  server.RaftServer$Division (RaftServerImpl.java:start(342)) - e0d9f277-ba74-4528-aa5b-6dadce97c603@group-09ABCAD8A53D: start as a follower, conf=-1: peers:[252f6884-8a0a-4c07-9df6-494d0e55bfc9|rpc:10.1.26.1:15022|admin:10.1.26.1:15021|client:10.1.26.1:15020|dataStream:10.1.26.1:15023|priority:1|startupRole:FOLLOWER, e0d9f277-ba74-4528-aa5b-6dadce97c603|rpc:10.1.26.1:15040|admin:10.1.26.1:15039|client:10.1.26.1:15038|dataStream:10.1.26.1:15041|priority:0|startupRole:FOLLOWER, 9b7fe73a-3db0-4294-ac6d-c59285debe9e|rpc:10.1.26.1:15031|admin:10.1.26.1:15030|client:10.1.26.1:15029|dataStream:10.1.26.1:15032|priority:0|startupRole:FOLLOWER]|listeners:[], old=null
2023-06-06 06:59:28,345 [e0d9f277-ba74-4528-aa5b-6dadce97c603-groupManagement] INFO  server.RaftServer$Division (RaftServerImpl.java:setRole(329)) - e0d9f277-ba74-4528-aa5b-6dadce97c603@group-09ABCAD8A53D: changes role from      null to FOLLOWER at term 0 for startAsFollower
2023-06-06 06:59:28,345 [e0d9f277-ba74-4528-aa5b-6dadce97c603-groupManagement] INFO  impl.RoleInfo (RoleInfo.java:updateAndGet(139)) - e0d9f277-ba74-4528-aa5b-6dadce97c603: start e0d9f277-ba74-4528-aa5b-6dadce97c603@group-09ABCAD8A53D-FollowerState
2023-06-06 06:59:28,346 [e0d9f277-ba74-4528-aa5b-6dadce97c603-groupManagement] INFO  util.JmxRegister (JmxRegister.java:tryRegister(44)) - Successfully registered JMX Bean with object name Ratis:service=RaftServer,group=group-09ABCAD8A53D,id=e0d9f277-ba74-4528-aa5b-6dadce97c603
2023-06-06 06:59:28,347 [e0d9f277-ba74-4528-aa5b-6dadce97c603-groupManagement] INFO  server.RaftServerConfigKeys (ConfUtils.java:logGet(46)) - raft.server.snapshot.auto.trigger.enabled = true (custom)
2023-06-06 06:59:28,347 [e0d9f277-ba74-4528-aa5b-6dadce97c603-groupManagement] INFO  server.RaftServerConfigKeys (ConfUtils.java:logGet(46)) - raft.server.snapshot.auto.trigger.threshold = 10000 (custom)
2023-06-06 06:59:28,347 [e0d9f277-ba74-4528-aa5b-6dadce97c603-groupManagement] INFO  server.RaftServerConfigKeys (ConfUtils.java:logGet(46)) - raft.server.snapshot.retention.file.num = 5 (custom)
2023-06-06 06:59:28,347 [e0d9f277-ba74-4528-aa5b-6dadce97c603-groupManagement] INFO  server.RaftServerConfigKeys (ConfUtils.java:logGet(46)) - raft.server.log.purge.upto.snapshot.index = false (default)
2023-06-06 06:59:28,348 [e0d9f277-ba74-4528-aa5b-6dadce97c603@group-09ABCAD8A53D-FollowerState] INFO  server.RaftServerConfigKeys (ConfUtils.java:logFallback(53)) - raft.server.rpc.first-election.timeout.min = 5s (fallback to raft.server.rpc.timeout.min)
2023-06-06 06:59:28,354 [e0d9f277-ba74-4528-aa5b-6dadce97c603@group-09ABCAD8A53D-FollowerState] INFO  server.RaftServerConfigKeys (ConfUtils.java:logFallback(53)) - raft.server.rpc.first-election.timeout.max = 5200ms (fallback to raft.server.rpc.timeout.max)
2023-06-06 06:59:28,368 [PipelineCommandHandlerThread-0] INFO  commandhandler.CreatePipelineCommandHandler (CreatePipelineCommandHandler.java:lambda$handle$2(124)) - Created Pipeline RATIS THREE PipelineID=c35752c9-a1f6-4ec4-895a-09abcad8a53d.
2023-06-06 06:59:28,369 [PipelineCommandHandlerThread-0] INFO  commandhandler.CreatePipelineCommandHandler (CreatePipelineCommandHandler.java:lambda$handle$2(124)) - Created Pipeline RATIS THREE PipelineID=c35752c9-a1f6-4ec4-895a-09abcad8a53d.
2023-06-06 06:59:28,421 [main] INFO  ozone.MiniOzoneClusterImpl (MiniOzoneClusterImpl.java:lambda$waitForClusterToBeReady$0(222)) - Nodes are ready. Got 3 of 3 DN Heartbeats.
2023-06-06 06:59:28,421 [main] INFO  ozone.MiniOzoneClusterImpl (MiniOzoneClusterImpl.java:lambda$waitForClusterToBeReady$0(225)) - Waiting for cluster to exit safe mode
2023-06-06 06:59:28,421 [main] INFO  ozone.MiniOzoneClusterImpl (MiniOzoneClusterImpl.java:lambda$waitForClusterToBeReady$0(227)) - SCM became leader
2023-06-06 06:59:28,423 [e0d9f277-ba74-4528-aa5b-6dadce97c603-groupManagement] INFO  server.RaftServer$Division (RaftServerImpl.java:<init>(198)) - e0d9f277-ba74-4528-aa5b-6dadce97c603: new RaftServerImpl for group-E96348555626:[e0d9f277-ba74-4528-aa5b-6dadce97c603|rpc:10.1.26.1:15040|admin:10.1.26.1:15039|client:10.1.26.1:15038|dataStream:10.1.26.1:15041|priority:1|startupRole:FOLLOWER] with ContainerStateMachine:uninitialized
2023-06-06 06:59:28,423 [e0d9f277-ba74-4528-aa5b-6dadce97c603-groupManagement] INFO  server.RaftServerConfigKeys (ConfUtils.java:logGet(46)) - raft.server.rpc.timeout.min = 5s (custom)
2023-06-06 06:59:28,423 [e0d9f277-ba74-4528-aa5b-6dadce97c603-groupManagement] INFO  server.RaftServerConfigKeys (ConfUtils.java:logGet(46)) - raft.server.rpc.timeout.max = 5200ms (custom)
2023-06-06 06:59:28,423 [e0d9f277-ba74-4528-aa5b-6dadce97c603-groupManagement] INFO  server.RaftServerConfigKeys (ConfUtils.java:logGet(46)) - raft.server.rpc.sleep.time = 25ms (default)
2023-06-06 06:59:28,423 [e0d9f277-ba74-4528-aa5b-6dadce97c603-groupManagement] INFO  server.RaftServerConfigKeys (ConfUtils.java:logGet(46)) - raft.server.rpc.slowness.timeout = 300s (custom)
2023-06-06 06:59:28,423 [e0d9f277-ba74-4528-aa5b-6dadce97c603-groupManagement] INFO  server.RaftServerConfigKeys (ConfUtils.java:logGet(46)) - raft.server.leaderelection.leader.step-down.wait-time = 10s (default)
2023-06-06 06:59:28,423 [e0d9f277-ba74-4528-aa5b-6dadce97c603-groupManagement] INFO  server.RaftServerConfigKeys (ConfUtils.java:logGet(46)) - raft.server.sleep.deviation.threshold = 300ms (default)
2023-06-06 06:59:28,423 [e0d9f277-ba74-4528-aa5b-6dadce97c603-groupManagement] INFO  server.RaftServer$Division (ServerState.java:<init>(120)) - e0d9f277-ba74-4528-aa5b-6dadce97c603@group-E96348555626: ConfigurationManager, init=-1: peers:[e0d9f277-ba74-4528-aa5b-6dadce97c603|rpc:10.1.26.1:15040|admin:10.1.26.1:15039|client:10.1.26.1:15038|dataStream:10.1.26.1:15041|priority:1|startupRole:FOLLOWER]|listeners:[], old=null, confs=<EMPTY_MAP>
2023-06-06 06:59:28,424 [e0d9f277-ba74-4528-aa5b-6dadce97c603-groupManagement] INFO  server.RaftServerConfigKeys (ConfUtils.java:logGet(46)) - raft.server.storage.dir = [/home/runner/work/ozone/ozone/hadoop-ozone/integration-test/target/test-dir/MiniOzoneClusterImpl-8bad4e8b-826b-4b9b-92b9-e03c261c0494/datanode-2/data/ratis] (custom)
2023-06-06 06:59:28,424 [e0d9f277-ba74-4528-aa5b-6dadce97c603-groupManagement] INFO  server.RaftServerConfigKeys (ConfUtils.java:logGet(46)) - raft.server.log.corruption.policy = EXCEPTION (default)
2023-06-06 06:59:28,424 [e0d9f277-ba74-4528-aa5b-6dadce97c603-groupManagement] INFO  server.RaftServerConfigKeys (ConfUtils.java:logGet(46)) - raft.server.storage.free-space.min = 0MB (=0) (default)
2023-06-06 06:59:28,424 [e0d9f277-ba74-4528-aa5b-6dadce97c603-groupManagement] INFO  server.RaftServerConfigKeys (ConfUtils.java:logGet(46)) - raft.server.notification.no-leader.timeout = 300s (custom)
2023-06-06 06:59:28,424 [e0d9f277-ba74-4528-aa5b-6dadce97c603-groupManagement] INFO  server.RaftServerConfigKeys (ConfUtils.java:logGet(46)) - raft.server.read.timeout = 10s (default)
2023-06-06 06:59:28,424 [e0d9f277-ba74-4528-aa5b-6dadce97c603-groupManagement] INFO  server.RaftServerConfigKeys (ConfUtils.java:logGet(46)) - raft.server.retrycache.expirytime = 600000ms (custom)
2023-06-06 06:59:28,424 [e0d9f277-ba74-4528-aa5b-6dadce97c603-groupManagement] INFO  server.RaftServerConfigKeys (ConfUtils.java:logGet(46)) - raft.server.retrycache.statistics.expirytime = 100μs (default)
2023-06-06 06:59:28,424 [e0d9f277-ba74-4528-aa5b-6dadce97c603-groupManagement] INFO  server.RaftServerConfigKeys (ConfUtils.java:logGet(46)) - raft.server.read.option = DEFAULT (default)
2023-06-06 06:59:28,425 [e0d9f277-ba74-4528-aa5b-6dadce97c603-groupManagement] INFO  server.RaftServerConfigKeys (ConfUtils.java:logGet(46)) - raft.server.rpc.request.timeout = 60s (custom)
2023-06-06 06:59:28,425 [e0d9f277-ba74-4528-aa5b-6dadce97c603-groupManagement] INFO  server.RaftServerConfigKeys (ConfUtils.java:logGet(46)) - raft.server.log.appender.install.snapshot.enabled = false (custom)
2023-06-06 06:59:28,425 [e0d9f277-ba74-4528-aa5b-6dadce97c603-groupManagement] INFO  server.RaftServerConfigKeys (ConfUtils.java:logGet(46)) - raft.server.threadpool.server.cached = true (default)
2023-06-06 06:59:28,425 [e0d9f277-ba74-4528-aa5b-6dadce97c603-groupManagement] INFO  server.RaftServerConfigKeys (ConfUtils.java:logGet(46)) - raft.server.threadpool.server.size = 0 (default)
2023-06-06 06:59:28,425 [e0d9f277-ba74-4528-aa5b-6dadce97c603-groupManagement] INFO  server.RaftServerConfigKeys (ConfUtils.java:logGet(46)) - raft.server.threadpool.client.cached = true (default)
2023-06-06 06:59:28,425 [e0d9f277-ba74-4528-aa5b-6dadce97c603-groupManagement] INFO  server.RaftServerConfigKeys (ConfUtils.java:logGet(46)) - raft.server.threadpool.client.size = 0 (default)
2023-06-06 06:59:28,428 [PipelineCommandHandlerThread-0] INFO  server.RaftServer (RaftServerProxy.java:addNew(98)) - e0d9f277-ba74-4528-aa5b-6dadce97c603: addNew group-E96348555626:[e0d9f277-ba74-4528-aa5b-6dadce97c603|rpc:10.1.26.1:15040|admin:10.1.26.1:15039|client:10.1.26.1:15038|dataStream:10.1.26.1:15041|priority:1|startupRole:FOLLOWER] returns      null e0d9f277-ba74-4528-aa5b-6dadce97c603@group-E96348555626:t0, leader=null, voted=null, raftlog=UNINITIALIZED, conf=-1: peers:[e0d9f277-ba74-4528-aa5b-6dadce97c603|rpc:10.1.26.1:15040|admin:10.1.26.1:15039|client:10.1.26.1:15038|dataStream:10.1.26.1:15041|priority:1|startupRole:FOLLOWER]|listeners:[], old=null NEW
2023-06-06 06:59:28,428 [e0d9f277-ba74-4528-aa5b-6dadce97c603-groupManagement] INFO  storage.RaftStorageDirectory (RaftStorageDirectoryImpl.java:analyzeStorage(137)) - The storage directory /home/runner/work/ozone/ozone/hadoop-ozone/integration-test/target/test-dir/MiniOzoneClusterImpl-8bad4e8b-826b-4b9b-92b9-e03c261c0494/datanode-2/data/ratis/8a30cac3-0859-477f-b64f-e96348555626 does not exist. Creating ...
2023-06-06 06:59:28,430 [e0d9f277-ba74-4528-aa5b-6dadce97c603-groupManagement] INFO  storage.RaftStorageDirectory (RaftStorageDirectoryImpl.java:tryLock(231)) - Lock on /home/runner/work/ozone/ozone/hadoop-ozone/integration-test/target/test-dir/MiniOzoneClusterImpl-8bad4e8b-826b-4b9b-92b9-e03c261c0494/datanode-2/data/ratis/8a30cac3-0859-477f-b64f-e96348555626/in_use.lock acquired by nodename 5524@fv-az617-212
2023-06-06 06:59:28,431 [e0d9f277-ba74-4528-aa5b-6dadce97c603-groupManagement] INFO  storage.RaftStorage (RaftStorageImpl.java:format(96)) - Storage directory /home/runner/work/ozone/ozone/hadoop-ozone/integration-test/target/test-dir/MiniOzoneClusterImpl-8bad4e8b-826b-4b9b-92b9-e03c261c0494/datanode-2/data/ratis/8a30cac3-0859-477f-b64f-e96348555626 has been successfully formatted.
2023-06-06 06:59:28,431 [e0d9f277-ba74-4528-aa5b-6dadce97c603-groupManagement] INFO  ratis.ContainerStateMachine (ContainerStateMachine.java:loadSnapshot(262)) - group-E96348555626: The snapshot info is null. Setting the last applied indexto:(t:0, i:~)
2023-06-06 06:59:28,431 [e0d9f277-ba74-4528-aa5b-6dadce97c603-groupManagement] INFO  server.RaftServerConfigKeys (ConfUtils.java:logGet(46)) - raft.server.log.use.memory = false (default)
2023-06-06 06:59:28,432 [e0d9f277-ba74-4528-aa5b-6dadce97c603-groupManagement] INFO  server.RaftServerConfigKeys (ConfUtils.java:logGet(46)) - raft.server.log.purge.gap = 1000000 (custom)
2023-06-06 06:59:28,432 [e0d9f277-ba74-4528-aa5b-6dadce97c603-groupManagement] INFO  server.RaftServerConfigKeys (ConfUtils.java:logGet(46)) - raft.server.log.appender.buffer.byte-limit = 33554432 (custom)
2023-06-06 06:59:28,432 [e0d9f277-ba74-4528-aa5b-6dadce97c603-groupManagement] INFO  server.RaftServerConfigKeys (ConfUtils.java:logGet(46)) - raft.server.log.statemachine.data.read.timeout = 1000ms (default)
2023-06-06 06:59:28,432 [e0d9f277-ba74-4528-aa5b-6dadce97c603-groupManagement] INFO  server.RaftServerConfigKeys (ConfUtils.java:logGet(46)) - raft.server.log.purge.preservation.log.num = 0 (default)
2023-06-06 06:59:28,432 [e0d9f277-ba74-4528-aa5b-6dadce97c603-groupManagement] INFO  server.RaftServerConfigKeys (ConfUtils.java:logGet(46)) - raft.server.log.segment.size.max = 1048576 (custom)
2023-06-06 06:59:28,433 [e0d9f277-ba74-4528-aa5b-6dadce97c603-groupManagement] INFO  server.RaftServerConfigKeys (ConfUtils.java:logGet(46)) - raft.server.log.segment.cache.num.max = 2 (custom)
2023-06-06 06:59:28,433 [e0d9f277-ba74-4528-aa5b-6dadce97c603-groupManagement] INFO  server.RaftServerConfigKeys (ConfUtils.java:logGet(46)) - raft.server.log.segment.cache.size.max = 200MB (=209715200) (default)
2023-06-06 06:59:28,433 [e0d9f277-ba74-4528-aa5b-6dadce97c603-groupManagement] INFO  server.RaftServerConfigKeys (ConfUtils.java:logGet(46)) - raft.server.log.appender.buffer.byte-limit = 33554432 (custom)
2023-06-06 06:59:28,437 [e0d9f277-ba74-4528-aa5b-6dadce97c603-groupManagement] INFO  segmented.SegmentedRaftLogWorker (SegmentedRaftLogWorker.java:<init>(188)) - new e0d9f277-ba74-4528-aa5b-6dadce97c603@group-E96348555626-SegmentedRaftLogWorker for RaftStorageImpl:Storage Directory /home/runner/work/ozone/ozone/hadoop-ozone/integration-test/target/test-dir/MiniOzoneClusterImpl-8bad4e8b-826b-4b9b-92b9-e03c261c0494/datanode-2/data/ratis/8a30cac3-0859-477f-b64f-e96348555626
2023-06-06 06:59:28,438 [e0d9f277-ba74-4528-aa5b-6dadce97c603-groupManagement] INFO  server.RaftServerConfigKeys (ConfUtils.java:logGet(46)) - raft.server.log.queue.byte-limit = 4294967296 (custom)
2023-06-06 06:59:28,438 [e0d9f277-ba74-4528-aa5b-6dadce97c603-groupManagement] INFO  server.RaftServerConfigKeys (ConfUtils.java:logGet(46)) - raft.server.log.queue.element-limit = 1024 (custom)
2023-06-06 06:59:28,438 [EventQueue-PipelineReportForPipelineReportHandler] INFO  pipeline.PipelineManagerImpl (PipelineManagerImpl.java:openPipeline(367)) - Pipeline Pipeline[ Id: 8a30cac3-0859-477f-b64f-e96348555626, Nodes: e0d9f277-ba74-4528-aa5b-6dadce97c603(fv-az617-212.pwnmbzmyba5ezmab2zpzaqbtmg.cx.internal.cloudapp.net/10.1.26.1), ReplicationConfig: RATIS/ONE, State:ALLOCATED, leaderId:e0d9f277-ba74-4528-aa5b-6dadce97c603, CreationTimestamp2023-06-06T06:59:25.425Z[Etc/UTC]] moved to OPEN state
2023-06-06 06:59:28,446 [e0d9f277-ba74-4528-aa5b-6dadce97c603-groupManagement] INFO  server.RaftServerConfigKeys (ConfUtils.java:logGet(46)) - raft.server.log.segment.size.max = 1048576 (custom)
2023-06-06 06:59:28,448 [e0d9f277-ba74-4528-aa5b-6dadce97c603-groupManagement] INFO  server.RaftServerConfigKeys (ConfUtils.java:logGet(46)) - raft.server.log.preallocated.size = 16384 (custom)
2023-06-06 06:59:28,448 [e0d9f277-ba74-4528-aa5b-6dadce97c603-groupManagement] INFO  server.RaftServerConfigKeys (ConfUtils.java:logGet(46)) - raft.server.log.force.sync.num = 128 (default)
2023-06-06 06:59:28,448 [e0d9f277-ba74-4528-aa5b-6dadce97c603-groupManagement] INFO  server.RaftServerConfigKeys (ConfUtils.java:logGet(46)) - raft.server.log.statemachine.data.sync = true (default)
2023-06-06 06:59:28,448 [e0d9f277-ba74-4528-aa5b-6dadce97c603-groupManagement] INFO  server.RaftServerConfigKeys (ConfUtils.java:logGet(46)) - raft.server.log.statemachine.data.sync.timeout = 10s (default)
2023-06-06 06:59:28,448 [e0d9f277-ba74-4528-aa5b-6dadce97c603-groupManagement] INFO  server.RaftServerConfigKeys (ConfUtils.java:logGet(46)) - raft.server.log.statemachine.data.sync.timeout.retry = -1 (default)
2023-06-06 06:59:28,448 [EventQueue-OpenPipelineForHealthyPipelineSafeModeRule] INFO  safemode.SCMSafeModeManager (HealthyPipelineSafeModeRule.java:process(137)) - SCM in safe mode. Healthy pipelines reported count is 0, required healthy pipeline reported count is 1
2023-06-06 06:59:28,449 [e0d9f277-ba74-4528-aa5b-6dadce97c603-groupManagement] INFO  server.RaftServerConfigKeys (ConfUtils.java:logGet(46)) - raft.server.log.write.buffer.size = 1048576 (custom)
2023-06-06 06:59:28,449 [e0d9f277-ba74-4528-aa5b-6dadce97c603-groupManagement] INFO  server.RaftServerConfigKeys (ConfUtils.java:logGet(46)) - raft.server.log.appender.buffer.byte-limit = 33554432 (custom)
2023-06-06 06:59:28,452 [e0d9f277-ba74-4528-aa5b-6dadce97c603-groupManagement] INFO  server.RaftServerConfigKeys (ConfUtils.java:logGet(46)) - raft.server.log.unsafe-flush.enabled = false (default)
2023-06-06 06:59:28,452 [e0d9f277-ba74-4528-aa5b-6dadce97c603-groupManagement] INFO  server.RaftServerConfigKeys (ConfUtils.java:logGet(46)) - raft.server.log.async-flush.enabled = false (default)
2023-06-06 06:59:28,452 [e0d9f277-ba74-4528-aa5b-6dadce97c603-groupManagement] INFO  server.RaftServerConfigKeys (ConfUtils.java:logGet(46)) - raft.server.log.statemachine.data.caching.enabled = true (custom)
2023-06-06 06:59:28,452 [e0d9f277-ba74-4528-aa5b-6dadce97c603-groupManagement] INFO  segmented.SegmentedRaftLogWorker (SegmentedRaftLogWorker.java:lambda$new$0(135)) - e0d9f277-ba74-4528-aa5b-6dadce97c603@group-E96348555626-SegmentedRaftLogWorker: flushIndex: setUnconditionally 0 -> -1
2023-06-06 06:59:28,452 [e0d9f277-ba74-4528-aa5b-6dadce97c603-groupManagement] INFO  segmented.SegmentedRaftLogWorker (SegmentedRaftLogWorker.java:lambda$new$0(135)) - e0d9f277-ba74-4528-aa5b-6dadce97c603@group-E96348555626-SegmentedRaftLogWorker: safeCacheEvictIndex: setUnconditionally 0 -> -1
2023-06-06 06:59:28,452 [e0d9f277-ba74-4528-aa5b-6dadce97c603-groupManagement] INFO  server.RaftServer$Division (RaftServerImpl.java:start(342)) - e0d9f277-ba74-4528-aa5b-6dadce97c603@group-E96348555626: start as a follower, conf=-1: peers:[e0d9f277-ba74-4528-aa5b-6dadce97c603|rpc:10.1.26.1:15040|admin:10.1.26.1:15039|client:10.1.26.1:15038|dataStream:10.1.26.1:15041|priority:1|startupRole:FOLLOWER]|listeners:[], old=null
2023-06-06 06:59:28,453 [e0d9f277-ba74-4528-aa5b-6dadce97c603-groupManagement] INFO  server.RaftServer$Division (RaftServerImpl.java:setRole(329)) - e0d9f277-ba74-4528-aa5b-6dadce97c603@group-E96348555626: changes role from      null to FOLLOWER at term 0 for startAsFollower
2023-06-06 06:59:28,453 [e0d9f277-ba74-4528-aa5b-6dadce97c603-groupManagement] INFO  impl.RoleInfo (RoleInfo.java:updateAndGet(139)) - e0d9f277-ba74-4528-aa5b-6dadce97c603: start e0d9f277-ba74-4528-aa5b-6dadce97c603@group-E96348555626-FollowerState
2023-06-06 06:59:28,461 [e0d9f277-ba74-4528-aa5b-6dadce97c603-groupManagement] INFO  util.JmxRegister (JmxRegister.java:tryRegister(44)) - Successfully registered JMX Bean with object name Ratis:service=RaftServer,group=group-E96348555626,id=e0d9f277-ba74-4528-aa5b-6dadce97c603
2023-06-06 06:59:28,461 [e0d9f277-ba74-4528-aa5b-6dadce97c603-groupManagement] INFO  server.RaftServerConfigKeys (ConfUtils.java:logGet(46)) - raft.server.snapshot.auto.trigger.enabled = true (custom)
2023-06-06 06:59:28,461 [e0d9f277-ba74-4528-aa5b-6dadce97c603-groupManagement] INFO  server.RaftServerConfigKeys (ConfUtils.java:logGet(46)) - raft.server.snapshot.auto.trigger.threshold = 10000 (custom)
2023-06-06 06:59:28,461 [e0d9f277-ba74-4528-aa5b-6dadce97c603-groupManagement] INFO  server.RaftServerConfigKeys (ConfUtils.java:logGet(46)) - raft.server.snapshot.retention.file.num = 5 (custom)
2023-06-06 06:59:28,461 [e0d9f277-ba74-4528-aa5b-6dadce97c603-groupManagement] INFO  server.RaftServerConfigKeys (ConfUtils.java:logGet(46)) - raft.server.log.purge.upto.snapshot.index = false (default)
2023-06-06 06:59:28,462 [e0d9f277-ba74-4528-aa5b-6dadce97c603@group-E96348555626-FollowerState] INFO  server.RaftServerConfigKeys (ConfUtils.java:logFallback(53)) - raft.server.rpc.first-election.timeout.min = 5s (fallback to raft.server.rpc.timeout.min)
2023-06-06 06:59:28,462 [e0d9f277-ba74-4528-aa5b-6dadce97c603@group-E96348555626-FollowerState] INFO  server.RaftServerConfigKeys (ConfUtils.java:logFallback(53)) - raft.server.rpc.first-election.timeout.max = 5200ms (fallback to raft.server.rpc.timeout.max)
2023-06-06 06:59:28,465 [PipelineCommandHandlerThread-0] INFO  ratis.XceiverServerRatis (XceiverServerRatis.java:addGroup(804)) - Created group PipelineID=8a30cac3-0859-477f-b64f-e96348555626
2023-06-06 06:59:28,465 [PipelineCommandHandlerThread-0] INFO  commandhandler.CreatePipelineCommandHandler (CreatePipelineCommandHandler.java:lambda$handle$2(124)) - Created Pipeline RATIS ONE PipelineID=8a30cac3-0859-477f-b64f-e96348555626.
2023-06-06 06:59:28,828 [omNode-3@group-523986131536-FollowerState] INFO  server.RaftServerConfigKeys (ConfUtils.java:logFallback(53)) - raft.server.rpc.first-election.timeout.min = 1s (fallback to raft.server.rpc.timeout.min)
2023-06-06 06:59:28,828 [omNode-3@group-523986131536-FollowerState] INFO  server.RaftServerConfigKeys (ConfUtils.java:logFallback(53)) - raft.server.rpc.first-election.timeout.max = 1200ms (fallback to raft.server.rpc.timeout.max)
2023-06-06 06:59:29,421 [main] INFO  ozone.MiniOzoneClusterImpl (MiniOzoneClusterImpl.java:lambda$waitForClusterToBeReady$0(222)) - Nodes are ready. Got 3 of 3 DN Heartbeats.
2023-06-06 06:59:29,422 [main] INFO  ozone.MiniOzoneClusterImpl (MiniOzoneClusterImpl.java:lambda$waitForClusterToBeReady$0(225)) - Waiting for cluster to exit safe mode
2023-06-06 06:59:29,422 [main] INFO  ozone.MiniOzoneClusterImpl (MiniOzoneClusterImpl.java:lambda$waitForClusterToBeReady$0(227)) - SCM became leader
2023-06-06 06:59:29,831 [omNode-3@group-523986131536-FollowerState] INFO  server.RaftServerConfigKeys (ConfUtils.java:logFallback(53)) - raft.server.rpc.first-election.timeout.min = 1s (fallback to raft.server.rpc.timeout.min)
2023-06-06 06:59:29,831 [omNode-3@group-523986131536-FollowerState] INFO  server.RaftServerConfigKeys (ConfUtils.java:logFallback(53)) - raft.server.rpc.first-election.timeout.max = 1200ms (fallback to raft.server.rpc.timeout.max)
2023-06-06 06:59:30,422 [main] INFO  ozone.MiniOzoneClusterImpl (MiniOzoneClusterImpl.java:lambda$waitForClusterToBeReady$0(222)) - Nodes are ready. Got 3 of 3 DN Heartbeats.
2023-06-06 06:59:30,422 [main] INFO  ozone.MiniOzoneClusterImpl (MiniOzoneClusterImpl.java:lambda$waitForClusterToBeReady$0(225)) - Waiting for cluster to exit safe mode
2023-06-06 06:59:30,422 [main] INFO  ozone.MiniOzoneClusterImpl (MiniOzoneClusterImpl.java:lambda$waitForClusterToBeReady$0(227)) - SCM became leader
2023-06-06 06:59:30,834 [omNode-3@group-523986131536-FollowerState] INFO  server.RaftServerConfigKeys (ConfUtils.java:logFallback(53)) - raft.server.rpc.first-election.timeout.min = 1s (fallback to raft.server.rpc.timeout.min)
2023-06-06 06:59:30,834 [omNode-3@group-523986131536-FollowerState] INFO  server.RaftServerConfigKeys (ConfUtils.java:logFallback(53)) - raft.server.rpc.first-election.timeout.max = 1200ms (fallback to raft.server.rpc.timeout.max)
2023-06-06 06:59:31,422 [main] INFO  ozone.MiniOzoneClusterImpl (MiniOzoneClusterImpl.java:lambda$waitForClusterToBeReady$0(222)) - Nodes are ready. Got 3 of 3 DN Heartbeats.
2023-06-06 06:59:31,423 [main] INFO  ozone.MiniOzoneClusterImpl (MiniOzoneClusterImpl.java:lambda$waitForClusterToBeReady$0(225)) - Waiting for cluster to exit safe mode
2023-06-06 06:59:31,423 [main] INFO  ozone.MiniOzoneClusterImpl (MiniOzoneClusterImpl.java:lambda$waitForClusterToBeReady$0(227)) - SCM became leader
2023-06-06 06:59:32,027 [omNode-3@group-523986131536-FollowerState] INFO  server.RaftServerConfigKeys (ConfUtils.java:logFallback(53)) - raft.server.rpc.first-election.timeout.min = 1s (fallback to raft.server.rpc.timeout.min)
2023-06-06 06:59:32,027 [omNode-3@group-523986131536-FollowerState] INFO  server.RaftServerConfigKeys (ConfUtils.java:logFallback(53)) - raft.server.rpc.first-election.timeout.max = 1200ms (fallback to raft.server.rpc.timeout.max)
2023-06-06 06:59:32,423 [main] INFO  ozone.MiniOzoneClusterImpl (MiniOzoneClusterImpl.java:lambda$waitForClusterToBeReady$0(222)) - Nodes are ready. Got 3 of 3 DN Heartbeats.
2023-06-06 06:59:32,423 [main] INFO  ozone.MiniOzoneClusterImpl (MiniOzoneClusterImpl.java:lambda$waitForClusterToBeReady$0(225)) - Waiting for cluster to exit safe mode
2023-06-06 06:59:32,423 [main] INFO  ozone.MiniOzoneClusterImpl (MiniOzoneClusterImpl.java:lambda$waitForClusterToBeReady$0(227)) - SCM became leader
2023-06-06 06:59:32,849 [252f6884-8a0a-4c07-9df6-494d0e55bfc9@group-8C496130A13A-FollowerState] INFO  impl.FollowerState (FollowerState.java:run(143)) - 252f6884-8a0a-4c07-9df6-494d0e55bfc9@group-8C496130A13A-FollowerState: change to CANDIDATE, lastRpcElapsedTime:5049938207ns, electionTimeout:5045ms
2023-06-06 06:59:32,849 [252f6884-8a0a-4c07-9df6-494d0e55bfc9@group-8C496130A13A-FollowerState] INFO  impl.RoleInfo (RoleInfo.java:shutdownFollowerState(110)) - 252f6884-8a0a-4c07-9df6-494d0e55bfc9: shutdown 252f6884-8a0a-4c07-9df6-494d0e55bfc9@group-8C496130A13A-FollowerState
2023-06-06 06:59:32,849 [252f6884-8a0a-4c07-9df6-494d0e55bfc9@group-8C496130A13A-FollowerState] INFO  server.RaftServer$Division (RaftServerImpl.java:setRole(329)) - 252f6884-8a0a-4c07-9df6-494d0e55bfc9@group-8C496130A13A: changes role from  FOLLOWER to CANDIDATE at term 0 for changeToCandidate
2023-06-06 06:59:32,850 [252f6884-8a0a-4c07-9df6-494d0e55bfc9@group-8C496130A13A-FollowerState] INFO  server.RaftServerConfigKeys (ConfUtils.java:logGet(46)) - raft.server.leaderelection.pre-vote = true (default)
2023-06-06 06:59:32,850 [252f6884-8a0a-4c07-9df6-494d0e55bfc9@group-8C496130A13A-FollowerState] INFO  impl.RoleInfo (RoleInfo.java:updateAndGet(139)) - 252f6884-8a0a-4c07-9df6-494d0e55bfc9: start 252f6884-8a0a-4c07-9df6-494d0e55bfc9@group-8C496130A13A-LeaderElection2
2023-06-06 06:59:32,857 [252f6884-8a0a-4c07-9df6-494d0e55bfc9@group-8C496130A13A-LeaderElection2] INFO  impl.LeaderElection (LeaderElection.java:askForVotes(321)) - 252f6884-8a0a-4c07-9df6-494d0e55bfc9@group-8C496130A13A-LeaderElection2 PRE_VOTE round 0: submit vote requests at term 0 for -1: peers:[252f6884-8a0a-4c07-9df6-494d0e55bfc9|rpc:10.1.26.1:15022|admin:10.1.26.1:15021|client:10.1.26.1:15020|dataStream:10.1.26.1:15023|priority:1|startupRole:FOLLOWER]|listeners:[], old=null
2023-06-06 06:59:32,857 [252f6884-8a0a-4c07-9df6-494d0e55bfc9@group-8C496130A13A-LeaderElection2] INFO  impl.LeaderElection (LeaderElection.java:askForVotes(323)) - 252f6884-8a0a-4c07-9df6-494d0e55bfc9@group-8C496130A13A-LeaderElection2 PRE_VOTE round 0: result PASSED (term=0)
2023-06-06 06:59:32,859 [252f6884-8a0a-4c07-9df6-494d0e55bfc9@group-8C496130A13A-LeaderElection2] INFO  impl.LeaderElection (LeaderElection.java:askForVotes(321)) - 252f6884-8a0a-4c07-9df6-494d0e55bfc9@group-8C496130A13A-LeaderElection2 ELECTION round 0: submit vote requests at term 1 for -1: peers:[252f6884-8a0a-4c07-9df6-494d0e55bfc9|rpc:10.1.26.1:15022|admin:10.1.26.1:15021|client:10.1.26.1:15020|dataStream:10.1.26.1:15023|priority:1|startupRole:FOLLOWER]|listeners:[], old=null
2023-06-06 06:59:32,860 [252f6884-8a0a-4c07-9df6-494d0e55bfc9@group-8C496130A13A-LeaderElection2] INFO  impl.LeaderElection (LeaderElection.java:askForVotes(323)) - 252f6884-8a0a-4c07-9df6-494d0e55bfc9@group-8C496130A13A-LeaderElection2 ELECTION round 0: result PASSED (term=1)
2023-06-06 06:59:32,860 [252f6884-8a0a-4c07-9df6-494d0e55bfc9@group-8C496130A13A-LeaderElection2] INFO  impl.RoleInfo (RoleInfo.java:shutdownLeaderElection(130)) - 252f6884-8a0a-4c07-9df6-494d0e55bfc9: shutdown 252f6884-8a0a-4c07-9df6-494d0e55bfc9@group-8C496130A13A-LeaderElection2
2023-06-06 06:59:32,860 [252f6884-8a0a-4c07-9df6-494d0e55bfc9@group-8C496130A13A-LeaderElection2] INFO  server.RaftServer$Division (RaftServerImpl.java:setRole(329)) - 252f6884-8a0a-4c07-9df6-494d0e55bfc9@group-8C496130A13A: changes role from CANDIDATE to LEADER at term 1 for changeToLeader
2023-06-06 06:59:32,860 [252f6884-8a0a-4c07-9df6-494d0e55bfc9@group-8C496130A13A-LeaderElection2] INFO  ratis.XceiverServerRatis (XceiverServerRatis.java:handleLeaderChangedNotification(902)) - Leader change notification received for group: group-8C496130A13A with new leaderId: 252f6884-8a0a-4c07-9df6-494d0e55bfc9
2023-06-06 06:59:32,860 [252f6884-8a0a-4c07-9df6-494d0e55bfc9@group-8C496130A13A-LeaderElection2] INFO  server.RaftServer$Division (ServerState.java:setLeader(317)) - 252f6884-8a0a-4c07-9df6-494d0e55bfc9@group-8C496130A13A: change Leader from null to 252f6884-8a0a-4c07-9df6-494d0e55bfc9 at term 1 for becomeLeader, leader elected after 5079ms
2023-06-06 06:59:32,860 [252f6884-8a0a-4c07-9df6-494d0e55bfc9@group-8C496130A13A-LeaderElection2] INFO  server.RaftServerConfigKeys (ConfUtils.java:logGet(46)) - raft.server.staging.catchup.gap = 1000 (default)
2023-06-06 06:59:32,861 [252f6884-8a0a-4c07-9df6-494d0e55bfc9@group-8C496130A13A-LeaderElection2] INFO  server.RaftServerConfigKeys (ConfUtils.java:logGet(46)) - raft.server.write.element-limit = 1024 (custom)
2023-06-06 06:59:32,862 [252f6884-8a0a-4c07-9df6-494d0e55bfc9@group-8C496130A13A-LeaderElection2] INFO  server.RaftServerConfigKeys (ConfUtils.java:logGet(46)) - raft.server.write.byte-limit = 1024 M (=1073741824) (custom)
2023-06-06 06:59:32,863 [252f6884-8a0a-4c07-9df6-494d0e55bfc9@group-8C496130A13A-LeaderElection2] INFO  server.RaftServerConfigKeys (ConfUtils.java:logGet(46)) - raft.server.watch.timeout = 180s (custom)
2023-06-06 06:59:32,863 [EventQueue-OpenPipelineForHealthyPipelineSafeModeRule] INFO  safemode.SCMSafeModeManager (HealthyPipelineSafeModeRule.java:process(137)) - SCM in safe mode. Healthy pipelines reported count is 0, required healthy pipeline reported count is 1
2023-06-06 06:59:32,863 [252f6884-8a0a-4c07-9df6-494d0e55bfc9@group-8C496130A13A-LeaderElection2] INFO  server.RaftServerConfigKeys (ConfUtils.java:logGet(46)) - raft.server.watch.timeout.denomination = 1s (default)
2023-06-06 06:59:32,863 [252f6884-8a0a-4c07-9df6-494d0e55bfc9@group-8C496130A13A-LeaderElection2] INFO  server.RaftServerConfigKeys (ConfUtils.java:logGet(46)) - raft.server.watch.element-limit = 65536 (default)
2023-06-06 06:59:32,863 [252f6884-8a0a-4c07-9df6-494d0e55bfc9@group-8C496130A13A-LeaderElection2] INFO  server.RaftServerConfigKeys (ConfUtils.java:logGet(46)) - raft.server.write.element-limit = 1024 (custom)
2023-06-06 06:59:32,863 [252f6884-8a0a-4c07-9df6-494d0e55bfc9@group-8C496130A13A-LeaderElection2] INFO  server.RaftServerConfigKeys (ConfUtils.java:logGet(46)) - raft.server.write.follower.gap.ratio.max = -1.0 (default)
2023-06-06 06:59:32,863 [252f6884-8a0a-4c07-9df6-494d0e55bfc9@group-8C496130A13A-LeaderElection2] INFO  impl.RoleInfo (RoleInfo.java:updateAndGet(139)) - 252f6884-8a0a-4c07-9df6-494d0e55bfc9: start 252f6884-8a0a-4c07-9df6-494d0e55bfc9@group-8C496130A13A-LeaderStateImpl
2023-06-06 06:59:32,863 [252f6884-8a0a-4c07-9df6-494d0e55bfc9@group-8C496130A13A-LeaderElection2] INFO  segmented.SegmentedRaftLogWorker (SegmentedRaftLogWorker.java:startLogSegment(447)) - 252f6884-8a0a-4c07-9df6-494d0e55bfc9@group-8C496130A13A-SegmentedRaftLogWorker: Starting segment from index:0
2023-06-06 06:59:32,869 [252f6884-8a0a-4c07-9df6-494d0e55bfc9@group-8C496130A13A-SegmentedRaftLogWorker] INFO  segmented.SegmentedRaftLogWorker (SegmentedRaftLogWorker.java:execute(651)) - 252f6884-8a0a-4c07-9df6-494d0e55bfc9@group-8C496130A13A-SegmentedRaftLogWorker: created new log segment /home/runner/work/ozone/ozone/hadoop-ozone/integration-test/target/test-dir/MiniOzoneClusterImpl-8bad4e8b-826b-4b9b-92b9-e03c261c0494/datanode-0/data/ratis/ca269774-7af4-4fe5-8c02-8c496130a13a/current/log_inprogress_0
2023-06-06 06:59:32,885 [252f6884-8a0a-4c07-9df6-494d0e55bfc9@group-8C496130A13A-LeaderElection2] INFO  server.RaftServer$Division (ServerState.java:setRaftConf(434)) - 252f6884-8a0a-4c07-9df6-494d0e55bfc9@group-8C496130A13A: set configuration 0: peers:[252f6884-8a0a-4c07-9df6-494d0e55bfc9|rpc:10.1.26.1:15022|admin:10.1.26.1:15021|client:10.1.26.1:15020|dataStream:10.1.26.1:15023|priority:1|startupRole:FOLLOWER]|listeners:[], old=null
2023-06-06 06:59:32,905 [252f6884-8a0a-4c07-9df6-494d0e55bfc9@group-80A6D881258B-FollowerState] INFO  impl.FollowerState (FollowerState.java:run(143)) - 252f6884-8a0a-4c07-9df6-494d0e55bfc9@group-80A6D881258B-FollowerState: change to CANDIDATE, lastRpcElapsedTime:5066637123ns, electionTimeout:5054ms
2023-06-06 06:59:32,905 [252f6884-8a0a-4c07-9df6-494d0e55bfc9@group-80A6D881258B-FollowerState] INFO  impl.RoleInfo (RoleInfo.java:shutdownFollowerState(110)) - 252f6884-8a0a-4c07-9df6-494d0e55bfc9: shutdown 252f6884-8a0a-4c07-9df6-494d0e55bfc9@group-80A6D881258B-FollowerState
2023-06-06 06:59:32,905 [252f6884-8a0a-4c07-9df6-494d0e55bfc9@group-80A6D881258B-FollowerState] INFO  server.RaftServer$Division (RaftServerImpl.java:setRole(329)) - 252f6884-8a0a-4c07-9df6-494d0e55bfc9@group-80A6D881258B: changes role from  FOLLOWER to CANDIDATE at term 0 for changeToCandidate
2023-06-06 06:59:32,906 [252f6884-8a0a-4c07-9df6-494d0e55bfc9@group-80A6D881258B-FollowerState] INFO  server.RaftServerConfigKeys (ConfUtils.java:logGet(46)) - raft.server.leaderelection.pre-vote = true (default)
2023-06-06 06:59:32,906 [252f6884-8a0a-4c07-9df6-494d0e55bfc9@group-80A6D881258B-FollowerState] INFO  impl.RoleInfo (RoleInfo.java:updateAndGet(139)) - 252f6884-8a0a-4c07-9df6-494d0e55bfc9: start 252f6884-8a0a-4c07-9df6-494d0e55bfc9@group-80A6D881258B-LeaderElection3
2023-06-06 06:59:32,907 [252f6884-8a0a-4c07-9df6-494d0e55bfc9@group-80A6D881258B-LeaderElection3] INFO  impl.LeaderElection (LeaderElection.java:askForVotes(321)) - 252f6884-8a0a-4c07-9df6-494d0e55bfc9@group-80A6D881258B-LeaderElection3 PRE_VOTE round 0: submit vote requests at term 0 for -1: peers:[252f6884-8a0a-4c07-9df6-494d0e55bfc9|rpc:10.1.26.1:15022|admin:10.1.26.1:15021|client:10.1.26.1:15020|dataStream:10.1.26.1:15023|priority:0|startupRole:FOLLOWER, e0d9f277-ba74-4528-aa5b-6dadce97c603|rpc:10.1.26.1:15040|admin:10.1.26.1:15039|client:10.1.26.1:15038|dataStream:10.1.26.1:15041|priority:1|startupRole:FOLLOWER, 9b7fe73a-3db0-4294-ac6d-c59285debe9e|rpc:10.1.26.1:15031|admin:10.1.26.1:15030|client:10.1.26.1:15029|dataStream:10.1.26.1:15032|priority:0|startupRole:FOLLOWER]|listeners:[], old=null
2023-06-06 06:59:32,908 [252f6884-8a0a-4c07-9df6-494d0e55bfc9@group-80A6D881258B-LeaderElection3-1] INFO  server.GrpcServerProtocolClient (GrpcServerProtocolClient.java:<init>(65)) - Build channel for e0d9f277-ba74-4528-aa5b-6dadce97c603
2023-06-06 06:59:32,908 [252f6884-8a0a-4c07-9df6-494d0e55bfc9@group-80A6D881258B-LeaderElection3] INFO  server.RaftServerConfigKeys (ConfUtils.java:logFallback(53)) - raft.server.rpc.first-election.timeout.min = 5s (fallback to raft.server.rpc.timeout.min)
2023-06-06 06:59:32,909 [252f6884-8a0a-4c07-9df6-494d0e55bfc9@group-80A6D881258B-LeaderElection3] INFO  server.RaftServerConfigKeys (ConfUtils.java:logFallback(53)) - raft.server.rpc.first-election.timeout.max = 5200ms (fallback to raft.server.rpc.timeout.max)
2023-06-06 06:59:32,909 [252f6884-8a0a-4c07-9df6-494d0e55bfc9@group-80A6D881258B-LeaderElection3-2] INFO  server.GrpcServerProtocolClient (GrpcServerProtocolClient.java:<init>(65)) - Build channel for 9b7fe73a-3db0-4294-ac6d-c59285debe9e
2023-06-06 06:59:32,920 [grpc-default-executor-3] INFO  server.RaftServer$Division (RaftServerImpl.java:requestVote(1302)) - 9b7fe73a-3db0-4294-ac6d-c59285debe9e@group-80A6D881258B: receive requestVote(PRE_VOTE, 252f6884-8a0a-4c07-9df6-494d0e55bfc9, group-80A6D881258B, 0, (t:0, i:0))
2023-06-06 06:59:32,920 [grpc-default-executor-3] INFO  impl.VoteContext (VoteContext.java:log(49)) - 9b7fe73a-3db0-4294-ac6d-c59285debe9e@group-80A6D881258B-FOLLOWER: accept PRE_VOTE from 252f6884-8a0a-4c07-9df6-494d0e55bfc9: our priority 0 <= candidate's priority 0
2023-06-06 06:59:32,921 [grpc-default-executor-3] INFO  server.RaftServer$Division (RaftServerImpl.java:requestVote(1335)) - 9b7fe73a-3db0-4294-ac6d-c59285debe9e@group-80A6D881258B replies to PRE_VOTE vote request: 252f6884-8a0a-4c07-9df6-494d0e55bfc9<-9b7fe73a-3db0-4294-ac6d-c59285debe9e#0:OK-t0. Peer's state: 9b7fe73a-3db0-4294-ac6d-c59285debe9e@group-80A6D881258B:t0, leader=null, voted=, raftlog=Memoized:9b7fe73a-3db0-4294-ac6d-c59285debe9e@group-80A6D881258B-SegmentedRaftLog:OPENED:c-1, conf=-1: peers:[252f6884-8a0a-4c07-9df6-494d0e55bfc9|rpc:10.1.26.1:15022|admin:10.1.26.1:15021|client:10.1.26.1:15020|dataStream:10.1.26.1:15023|priority:0|startupRole:FOLLOWER, e0d9f277-ba74-4528-aa5b-6dadce97c603|rpc:10.1.26.1:15040|admin:10.1.26.1:15039|client:10.1.26.1:15038|dataStream:10.1.26.1:15041|priority:1|startupRole:FOLLOWER, 9b7fe73a-3db0-4294-ac6d-c59285debe9e|rpc:10.1.26.1:15031|admin:10.1.26.1:15030|client:10.1.26.1:15029|dataStream:10.1.26.1:15032|priority:0|startupRole:FOLLOWER]|listeners:[], old=null
2023-06-06 06:59:32,931 [grpc-default-executor-3] INFO  server.RaftServer$Division (RaftServerImpl.java:requestVote(1302)) - e0d9f277-ba74-4528-aa5b-6dadce97c603@group-80A6D881258B: receive requestVote(PRE_VOTE, 252f6884-8a0a-4c07-9df6-494d0e55bfc9, group-80A6D881258B, 0, (t:0, i:0))
2023-06-06 06:59:32,931 [grpc-default-executor-3] INFO  impl.VoteContext (VoteContext.java:log(49)) - e0d9f277-ba74-4528-aa5b-6dadce97c603@group-80A6D881258B-FOLLOWER: reject PRE_VOTE from 252f6884-8a0a-4c07-9df6-494d0e55bfc9: our priority 1 > candidate's priority 0
2023-06-06 06:59:32,931 [grpc-default-executor-3] INFO  server.RaftServer$Division (RaftServerImpl.java:requestVote(1335)) - e0d9f277-ba74-4528-aa5b-6dadce97c603@group-80A6D881258B replies to PRE_VOTE vote request: 252f6884-8a0a-4c07-9df6-494d0e55bfc9<-e0d9f277-ba74-4528-aa5b-6dadce97c603#0:FAIL-t0. Peer's state: e0d9f277-ba74-4528-aa5b-6dadce97c603@group-80A6D881258B:t0, leader=null, voted=, raftlog=Memoized:e0d9f277-ba74-4528-aa5b-6dadce97c603@group-80A6D881258B-SegmentedRaftLog:OPENED:c-1, conf=-1: peers:[252f6884-8a0a-4c07-9df6-494d0e55bfc9|rpc:10.1.26.1:15022|admin:10.1.26.1:15021|client:10.1.26.1:15020|dataStream:10.1.26.1:15023|priority:0|startupRole:FOLLOWER, e0d9f277-ba74-4528-aa5b-6dadce97c603|rpc:10.1.26.1:15040|admin:10.1.26.1:15039|client:10.1.26.1:15038|dataStream:10.1.26.1:15041|priority:1|startupRole:FOLLOWER, 9b7fe73a-3db0-4294-ac6d-c59285debe9e|rpc:10.1.26.1:15031|admin:10.1.26.1:15030|client:10.1.26.1:15029|dataStream:10.1.26.1:15032|priority:0|startupRole:FOLLOWER]|listeners:[], old=null
2023-06-06 06:59:32,934 [252f6884-8a0a-4c07-9df6-494d0e55bfc9@group-80A6D881258B-LeaderElection3] INFO  impl.LeaderElection (LeaderElection.java:logAndReturn(90)) - 252f6884-8a0a-4c07-9df6-494d0e55bfc9@group-80A6D881258B-LeaderElection3: PRE_VOTE REJECTED received 2 response(s) and 0 exception(s):
2023-06-06 06:59:32,934 [252f6884-8a0a-4c07-9df6-494d0e55bfc9@group-80A6D881258B-LeaderElection3] INFO  impl.LeaderElection (LeaderElection.java:logAndReturn(94)) -   Response 0: 252f6884-8a0a-4c07-9df6-494d0e55bfc9<-e0d9f277-ba74-4528-aa5b-6dadce97c603#0:FAIL-t0
2023-06-06 06:59:32,934 [252f6884-8a0a-4c07-9df6-494d0e55bfc9@group-80A6D881258B-LeaderElection3] INFO  impl.LeaderElection (LeaderElection.java:logAndReturn(94)) -   Response 1: 252f6884-8a0a-4c07-9df6-494d0e55bfc9<-9b7fe73a-3db0-4294-ac6d-c59285debe9e#0:OK-t0
2023-06-06 06:59:32,934 [252f6884-8a0a-4c07-9df6-494d0e55bfc9@group-80A6D881258B-LeaderElection3] INFO  impl.LeaderElection (LeaderElection.java:askForVotes(323)) - 252f6884-8a0a-4c07-9df6-494d0e55bfc9@group-80A6D881258B-LeaderElection3 PRE_VOTE round 0: result REJECTED
2023-06-06 06:59:32,935 [252f6884-8a0a-4c07-9df6-494d0e55bfc9@group-80A6D881258B-LeaderElection3] INFO  server.RaftServer$Division (RaftServerImpl.java:setRole(329)) - 252f6884-8a0a-4c07-9df6-494d0e55bfc9@group-80A6D881258B: changes role from CANDIDATE to FOLLOWER at term 0 for REJECTED
2023-06-06 06:59:32,935 [252f6884-8a0a-4c07-9df6-494d0e55bfc9@group-80A6D881258B-LeaderElection3] INFO  impl.RoleInfo (RoleInfo.java:shutdownLeaderElection(130)) - 252f6884-8a0a-4c07-9df6-494d0e55bfc9: shutdown 252f6884-8a0a-4c07-9df6-494d0e55bfc9@group-80A6D881258B-LeaderElection3
2023-06-06 06:59:32,935 [252f6884-8a0a-4c07-9df6-494d0e55bfc9@group-80A6D881258B-LeaderElection3] INFO  impl.RoleInfo (RoleInfo.java:updateAndGet(139)) - 252f6884-8a0a-4c07-9df6-494d0e55bfc9: start 252f6884-8a0a-4c07-9df6-494d0e55bfc9@group-80A6D881258B-FollowerState
2023-06-06 06:59:33,047 [omNode-3@group-523986131536-FollowerState] INFO  server.RaftServerConfigKeys (ConfUtils.java:logFallback(53)) - raft.server.rpc.first-election.timeout.min = 1s (fallback to raft.server.rpc.timeout.min)
2023-06-06 06:59:33,048 [omNode-3@group-523986131536-FollowerState] INFO  server.RaftServerConfigKeys (ConfUtils.java:logFallback(53)) - raft.server.rpc.first-election.timeout.max = 1200ms (fallback to raft.server.rpc.timeout.max)
2023-06-06 06:59:33,127 [9b7fe73a-3db0-4294-ac6d-c59285debe9e@group-80A6D881258B-FollowerState] INFO  server.RaftServerConfigKeys (ConfUtils.java:logFallback(53)) - raft.server.rpc.first-election.timeout.min = 5s (fallback to raft.server.rpc.timeout.min)
2023-06-06 06:59:33,128 [9b7fe73a-3db0-4294-ac6d-c59285debe9e@group-80A6D881258B-FollowerState] INFO  server.RaftServerConfigKeys (ConfUtils.java:logFallback(53)) - raft.server.rpc.first-election.timeout.max = 5200ms (fallback to raft.server.rpc.timeout.max)
2023-06-06 06:59:33,260 [e0d9f277-ba74-4528-aa5b-6dadce97c603@group-80A6D881258B-FollowerState] INFO  impl.FollowerState (FollowerState.java:run(143)) - e0d9f277-ba74-4528-aa5b-6dadce97c603@group-80A6D881258B-FollowerState: change to CANDIDATE, lastRpcElapsedTime:5088635357ns, electionTimeout:5079ms
2023-06-06 06:59:33,260 [e0d9f277-ba74-4528-aa5b-6dadce97c603@group-80A6D881258B-FollowerState] INFO  impl.RoleInfo (RoleInfo.java:shutdownFollowerState(110)) - e0d9f277-ba74-4528-aa5b-6dadce97c603: shutdown e0d9f277-ba74-4528-aa5b-6dadce97c603@group-80A6D881258B-FollowerState
2023-06-06 06:59:33,260 [e0d9f277-ba74-4528-aa5b-6dadce97c603@group-80A6D881258B-FollowerState] INFO  server.RaftServer$Division (RaftServerImpl.java:setRole(329)) - e0d9f277-ba74-4528-aa5b-6dadce97c603@group-80A6D881258B: changes role from  FOLLOWER to CANDIDATE at term 0 for changeToCandidate
2023-06-06 06:59:33,260 [e0d9f277-ba74-4528-aa5b-6dadce97c603@group-80A6D881258B-FollowerState] INFO  server.RaftServerConfigKeys (ConfUtils.java:logGet(46)) - raft.server.leaderelection.pre-vote = true (default)
2023-06-06 06:59:33,260 [e0d9f277-ba74-4528-aa5b-6dadce97c603@group-80A6D881258B-FollowerState] INFO  impl.RoleInfo (RoleInfo.java:updateAndGet(139)) - e0d9f277-ba74-4528-aa5b-6dadce97c603: start e0d9f277-ba74-4528-aa5b-6dadce97c603@group-80A6D881258B-LeaderElection4
2023-06-06 06:59:33,265 [e0d9f277-ba74-4528-aa5b-6dadce97c603@group-80A6D881258B-LeaderElection4] INFO  impl.LeaderElection (LeaderElection.java:askForVotes(321)) - e0d9f277-ba74-4528-aa5b-6dadce97c603@group-80A6D881258B-LeaderElection4 PRE_VOTE round 0: submit vote requests at term 0 for -1: peers:[252f6884-8a0a-4c07-9df6-494d0e55bfc9|rpc:10.1.26.1:15022|admin:10.1.26.1:15021|client:10.1.26.1:15020|dataStream:10.1.26.1:15023|priority:0|startupRole:FOLLOWER, e0d9f277-ba74-4528-aa5b-6dadce97c603|rpc:10.1.26.1:15040|admin:10.1.26.1:15039|client:10.1.26.1:15038|dataStream:10.1.26.1:15041|priority:1|startupRole:FOLLOWER, 9b7fe73a-3db0-4294-ac6d-c59285debe9e|rpc:10.1.26.1:15031|admin:10.1.26.1:15030|client:10.1.26.1:15029|dataStream:10.1.26.1:15032|priority:0|startupRole:FOLLOWER]|listeners:[], old=null
2023-06-06 06:59:33,267 [e0d9f277-ba74-4528-aa5b-6dadce97c603@group-80A6D881258B-LeaderElection4-1] INFO  server.GrpcServerProtocolClient (GrpcServerProtocolClient.java:<init>(65)) - Build channel for 252f6884-8a0a-4c07-9df6-494d0e55bfc9
2023-06-06 06:59:33,267 [e0d9f277-ba74-4528-aa5b-6dadce97c603@group-80A6D881258B-LeaderElection4] INFO  server.RaftServerConfigKeys (ConfUtils.java:logFallback(53)) - raft.server.rpc.first-election.timeout.min = 5s (fallback to raft.server.rpc.timeout.min)
2023-06-06 06:59:33,269 [e0d9f277-ba74-4528-aa5b-6dadce97c603@group-80A6D881258B-LeaderElection4] INFO  server.RaftServerConfigKeys (ConfUtils.java:logFallback(53)) - raft.server.rpc.first-election.timeout.max = 5200ms (fallback to raft.server.rpc.timeout.max)
2023-06-06 06:59:33,270 [e0d9f277-ba74-4528-aa5b-6dadce97c603@group-80A6D881258B-LeaderElection4-2] INFO  server.GrpcServerProtocolClient (GrpcServerProtocolClient.java:<init>(65)) - Build channel for 9b7fe73a-3db0-4294-ac6d-c59285debe9e
2023-06-06 06:59:33,283 [grpc-default-executor-3] INFO  server.RaftServer$Division (RaftServerImpl.java:requestVote(1302)) - 252f6884-8a0a-4c07-9df6-494d0e55bfc9@group-80A6D881258B: receive requestVote(PRE_VOTE, e0d9f277-ba74-4528-aa5b-6dadce97c603, group-80A6D881258B, 0, (t:0, i:0))
2023-06-06 06:59:33,283 [grpc-default-executor-3] INFO  impl.VoteContext (VoteContext.java:log(49)) - 252f6884-8a0a-4c07-9df6-494d0e55bfc9@group-80A6D881258B-FOLLOWER: accept PRE_VOTE from e0d9f277-ba74-4528-aa5b-6dadce97c603: our priority 0 <= candidate's priority 1
2023-06-06 06:59:33,283 [grpc-default-executor-3] INFO  server.RaftServer$Division (RaftServerImpl.java:requestVote(1335)) - 252f6884-8a0a-4c07-9df6-494d0e55bfc9@group-80A6D881258B replies to PRE_VOTE vote request: e0d9f277-ba74-4528-aa5b-6dadce97c603<-252f6884-8a0a-4c07-9df6-494d0e55bfc9#0:OK-t0. Peer's state: 252f6884-8a0a-4c07-9df6-494d0e55bfc9@group-80A6D881258B:t0, leader=null, voted=, raftlog=Memoized:252f6884-8a0a-4c07-9df6-494d0e55bfc9@group-80A6D881258B-SegmentedRaftLog:OPENED:c-1, conf=-1: peers:[252f6884-8a0a-4c07-9df6-494d0e55bfc9|rpc:10.1.26.1:15022|admin:10.1.26.1:15021|client:10.1.26.1:15020|dataStream:10.1.26.1:15023|priority:0|startupRole:FOLLOWER, e0d9f277-ba74-4528-aa5b-6dadce97c603|rpc:10.1.26.1:15040|admin:10.1.26.1:15039|client:10.1.26.1:15038|dataStream:10.1.26.1:15041|priority:1|startupRole:FOLLOWER, 9b7fe73a-3db0-4294-ac6d-c59285debe9e|rpc:10.1.26.1:15031|admin:10.1.26.1:15030|client:10.1.26.1:15029|dataStream:10.1.26.1:15032|priority:0|startupRole:FOLLOWER]|listeners:[], old=null
2023-06-06 06:59:33,284 [e0d9f277-ba74-4528-aa5b-6dadce97c603@group-80A6D881258B-LeaderElection4] INFO  impl.LeaderElection (LeaderElection.java:logAndReturn(90)) - e0d9f277-ba74-4528-aa5b-6dadce97c603@group-80A6D881258B-LeaderElection4: PRE_VOTE PASSED received 1 response(s) and 0 exception(s):
2023-06-06 06:59:33,284 [e0d9f277-ba74-4528-aa5b-6dadce97c603@group-80A6D881258B-LeaderElection4] INFO  impl.LeaderElection (LeaderElection.java:logAndReturn(94)) -   Response 0: e0d9f277-ba74-4528-aa5b-6dadce97c603<-252f6884-8a0a-4c07-9df6-494d0e55bfc9#0:OK-t0
2023-06-06 06:59:33,284 [e0d9f277-ba74-4528-aa5b-6dadce97c603@group-80A6D881258B-LeaderElection4] INFO  impl.LeaderElection (LeaderElection.java:askForVotes(323)) - e0d9f277-ba74-4528-aa5b-6dadce97c603@group-80A6D881258B-LeaderElection4 PRE_VOTE round 0: result PASSED
2023-06-06 06:59:33,286 [e0d9f277-ba74-4528-aa5b-6dadce97c603@group-80A6D881258B-LeaderElection4] INFO  impl.LeaderElection (LeaderElection.java:askForVotes(321)) - e0d9f277-ba74-4528-aa5b-6dadce97c603@group-80A6D881258B-LeaderElection4 ELECTION round 0: submit vote requests at term 1 for -1: peers:[252f6884-8a0a-4c07-9df6-494d0e55bfc9|rpc:10.1.26.1:15022|admin:10.1.26.1:15021|client:10.1.26.1:15020|dataStream:10.1.26.1:15023|priority:0|startupRole:FOLLOWER, e0d9f277-ba74-4528-aa5b-6dadce97c603|rpc:10.1.26.1:15040|admin:10.1.26.1:15039|client:10.1.26.1:15038|dataStream:10.1.26.1:15041|priority:1|startupRole:FOLLOWER, 9b7fe73a-3db0-4294-ac6d-c59285debe9e|rpc:10.1.26.1:15031|admin:10.1.26.1:15030|client:10.1.26.1:15029|dataStream:10.1.26.1:15032|priority:0|startupRole:FOLLOWER]|listeners:[], old=null
2023-06-06 06:59:33,290 [e0d9f277-ba74-4528-aa5b-6dadce97c603@group-80A6D881258B-LeaderElection4] INFO  server.RaftServerConfigKeys (ConfUtils.java:logFallback(53)) - raft.server.rpc.first-election.timeout.min = 5s (fallback to raft.server.rpc.timeout.min)
2023-06-06 06:59:33,290 [e0d9f277-ba74-4528-aa5b-6dadce97c603@group-80A6D881258B-LeaderElection4] INFO  server.RaftServerConfigKeys (ConfUtils.java:logFallback(53)) - raft.server.rpc.first-election.timeout.max = 5200ms (fallback to raft.server.rpc.timeout.max)
2023-06-06 06:59:33,291 [grpc-default-executor-3] INFO  server.RaftServer$Division (RaftServerImpl.java:requestVote(1302)) - 9b7fe73a-3db0-4294-ac6d-c59285debe9e@group-80A6D881258B: receive requestVote(PRE_VOTE, e0d9f277-ba74-4528-aa5b-6dadce97c603, group-80A6D881258B, 0, (t:0, i:0))
2023-06-06 06:59:33,291 [grpc-default-executor-4] INFO  server.RaftServer$Division (RaftServerImpl.java:requestVote(1302)) - 252f6884-8a0a-4c07-9df6-494d0e55bfc9@group-80A6D881258B: receive requestVote(ELECTION, e0d9f277-ba74-4528-aa5b-6dadce97c603, group-80A6D881258B, 1, (t:0, i:0))
2023-06-06 06:59:33,292 [grpc-default-executor-3] INFO  impl.VoteContext (VoteContext.java:log(49)) - 9b7fe73a-3db0-4294-ac6d-c59285debe9e@group-80A6D881258B-FOLLOWER: accept PRE_VOTE from e0d9f277-ba74-4528-aa5b-6dadce97c603: our priority 0 <= candidate's priority 1
2023-06-06 06:59:33,292 [grpc-default-executor-3] INFO  server.RaftServer$Division (RaftServerImpl.java:requestVote(1335)) - 9b7fe73a-3db0-4294-ac6d-c59285debe9e@group-80A6D881258B replies to PRE_VOTE vote request: e0d9f277-ba74-4528-aa5b-6dadce97c603<-9b7fe73a-3db0-4294-ac6d-c59285debe9e#0:OK-t0. Peer's state: 9b7fe73a-3db0-4294-ac6d-c59285debe9e@group-80A6D881258B:t0, leader=null, voted=, raftlog=Memoized:9b7fe73a-3db0-4294-ac6d-c59285debe9e@group-80A6D881258B-SegmentedRaftLog:OPENED:c-1, conf=-1: peers:[252f6884-8a0a-4c07-9df6-494d0e55bfc9|rpc:10.1.26.1:15022|admin:10.1.26.1:15021|client:10.1.26.1:15020|dataStream:10.1.26.1:15023|priority:0|startupRole:FOLLOWER, e0d9f277-ba74-4528-aa5b-6dadce97c603|rpc:10.1.26.1:15040|admin:10.1.26.1:15039|client:10.1.26.1:15038|dataStream:10.1.26.1:15041|priority:1|startupRole:FOLLOWER, 9b7fe73a-3db0-4294-ac6d-c59285debe9e|rpc:10.1.26.1:15031|admin:10.1.26.1:15030|client:10.1.26.1:15029|dataStream:10.1.26.1:15032|priority:0|startupRole:FOLLOWER]|listeners:[], old=null
2023-06-06 06:59:33,292 [grpc-default-executor-4] INFO  impl.VoteContext (VoteContext.java:log(49)) - 252f6884-8a0a-4c07-9df6-494d0e55bfc9@group-80A6D881258B-FOLLOWER: accept ELECTION from e0d9f277-ba74-4528-aa5b-6dadce97c603: our priority 0 <= candidate's priority 1
2023-06-06 06:59:33,292 [grpc-default-executor-4] INFO  server.RaftServer$Division (RaftServerImpl.java:setRole(329)) - 252f6884-8a0a-4c07-9df6-494d0e55bfc9@group-80A6D881258B: changes role from  FOLLOWER to FOLLOWER at term 1 for candidate:e0d9f277-ba74-4528-aa5b-6dadce97c603
2023-06-06 06:59:33,292 [grpc-default-executor-4] INFO  impl.RoleInfo (RoleInfo.java:shutdownFollowerState(110)) - 252f6884-8a0a-4c07-9df6-494d0e55bfc9: shutdown 252f6884-8a0a-4c07-9df6-494d0e55bfc9@group-80A6D881258B-FollowerState
2023-06-06 06:59:33,292 [grpc-default-executor-4] INFO  impl.RoleInfo (RoleInfo.java:updateAndGet(139)) - 252f6884-8a0a-4c07-9df6-494d0e55bfc9: start 252f6884-8a0a-4c07-9df6-494d0e55bfc9@group-80A6D881258B-FollowerState
2023-06-06 06:59:33,293 [252f6884-8a0a-4c07-9df6-494d0e55bfc9@group-80A6D881258B-FollowerState] INFO  impl.FollowerState (FollowerState.java:run(152)) - 252f6884-8a0a-4c07-9df6-494d0e55bfc9@group-80A6D881258B-FollowerState was interrupted
2023-06-06 06:59:33,296 [grpc-default-executor-3] INFO  server.RaftServer$Division (RaftServerImpl.java:requestVote(1302)) - 9b7fe73a-3db0-4294-ac6d-c59285debe9e@group-80A6D881258B: receive requestVote(ELECTION, e0d9f277-ba74-4528-aa5b-6dadce97c603, group-80A6D881258B, 1, (t:0, i:0))
2023-06-06 06:59:33,296 [grpc-default-executor-4] INFO  server.RaftServer$Division (RaftServerImpl.java:requestVote(1335)) - 252f6884-8a0a-4c07-9df6-494d0e55bfc9@group-80A6D881258B replies to ELECTION vote request: e0d9f277-ba74-4528-aa5b-6dadce97c603<-252f6884-8a0a-4c07-9df6-494d0e55bfc9#0:OK-t1. Peer's state: 252f6884-8a0a-4c07-9df6-494d0e55bfc9@group-80A6D881258B:t1, leader=null, voted=e0d9f277-ba74-4528-aa5b-6dadce97c603, raftlog=Memoized:252f6884-8a0a-4c07-9df6-494d0e55bfc9@group-80A6D881258B-SegmentedRaftLog:OPENED:c-1, conf=-1: peers:[252f6884-8a0a-4c07-9df6-494d0e55bfc9|rpc:10.1.26.1:15022|admin:10.1.26.1:15021|client:10.1.26.1:15020|dataStream:10.1.26.1:15023|priority:0|startupRole:FOLLOWER, e0d9f277-ba74-4528-aa5b-6dadce97c603|rpc:10.1.26.1:15040|admin:10.1.26.1:15039|client:10.1.26.1:15038|dataStream:10.1.26.1:15041|priority:1|startupRole:FOLLOWER, 9b7fe73a-3db0-4294-ac6d-c59285debe9e|rpc:10.1.26.1:15031|admin:10.1.26.1:15030|client:10.1.26.1:15029|dataStream:10.1.26.1:15032|priority:0|startupRole:FOLLOWER]|listeners:[], old=null
2023-06-06 06:59:33,296 [grpc-default-executor-3] INFO  impl.VoteContext (VoteContext.java:log(49)) - 9b7fe73a-3db0-4294-ac6d-c59285debe9e@group-80A6D881258B-FOLLOWER: accept ELECTION from e0d9f277-ba74-4528-aa5b-6dadce97c603: our priority 0 <= candidate's priority 1
2023-06-06 06:59:33,296 [grpc-default-executor-3] INFO  server.RaftServer$Division (RaftServerImpl.java:setRole(329)) - 9b7fe73a-3db0-4294-ac6d-c59285debe9e@group-80A6D881258B: changes role from  FOLLOWER to FOLLOWER at term 1 for candidate:e0d9f277-ba74-4528-aa5b-6dadce97c603
2023-06-06 06:59:33,296 [grpc-default-executor-3] INFO  impl.RoleInfo (RoleInfo.java:shutdownFollowerState(110)) - 9b7fe73a-3db0-4294-ac6d-c59285debe9e: shutdown 9b7fe73a-3db0-4294-ac6d-c59285debe9e@group-80A6D881258B-FollowerState
2023-06-06 06:59:33,296 [9b7fe73a-3db0-4294-ac6d-c59285debe9e@group-80A6D881258B-FollowerState] INFO  impl.FollowerState (FollowerState.java:run(152)) - 9b7fe73a-3db0-4294-ac6d-c59285debe9e@group-80A6D881258B-FollowerState was interrupted
2023-06-06 06:59:33,297 [grpc-default-executor-3] INFO  impl.RoleInfo (RoleInfo.java:updateAndGet(139)) - 9b7fe73a-3db0-4294-ac6d-c59285debe9e: start 9b7fe73a-3db0-4294-ac6d-c59285debe9e@group-80A6D881258B-FollowerState
2023-06-06 06:59:33,298 [e0d9f277-ba74-4528-aa5b-6dadce97c603@group-80A6D881258B-LeaderElection4] INFO  impl.LeaderElection (LeaderElection.java:logAndReturn(90)) - e0d9f277-ba74-4528-aa5b-6dadce97c603@group-80A6D881258B-LeaderElection4: ELECTION PASSED received 1 response(s) and 0 exception(s):
2023-06-06 06:59:33,298 [e0d9f277-ba74-4528-aa5b-6dadce97c603@group-80A6D881258B-LeaderElection4] INFO  impl.LeaderElection (LeaderElection.java:logAndReturn(94)) -   Response 0: e0d9f277-ba74-4528-aa5b-6dadce97c603<-252f6884-8a0a-4c07-9df6-494d0e55bfc9#0:OK-t1
2023-06-06 06:59:33,301 [e0d9f277-ba74-4528-aa5b-6dadce97c603@group-80A6D881258B-LeaderElection4] INFO  impl.LeaderElection (LeaderElection.java:askForVotes(323)) - e0d9f277-ba74-4528-aa5b-6dadce97c603@group-80A6D881258B-LeaderElection4 ELECTION round 0: result PASSED
2023-06-06 06:59:33,301 [e0d9f277-ba74-4528-aa5b-6dadce97c603@group-80A6D881258B-LeaderElection4] INFO  impl.RoleInfo (RoleInfo.java:shutdownLeaderElection(130)) - e0d9f277-ba74-4528-aa5b-6dadce97c603: shutdown e0d9f277-ba74-4528-aa5b-6dadce97c603@group-80A6D881258B-LeaderElection4
2023-06-06 06:59:33,301 [e0d9f277-ba74-4528-aa5b-6dadce97c603@group-80A6D881258B-LeaderElection4] INFO  server.RaftServer$Division (RaftServerImpl.java:setRole(329)) - e0d9f277-ba74-4528-aa5b-6dadce97c603@group-80A6D881258B: changes role from CANDIDATE to LEADER at term 1 for changeToLeader
2023-06-06 06:59:33,301 [e0d9f277-ba74-4528-aa5b-6dadce97c603@group-80A6D881258B-LeaderElection4] INFO  ratis.XceiverServerRatis (XceiverServerRatis.java:handleLeaderChangedNotification(902)) - Leader change notification received for group: group-80A6D881258B with new leaderId: e0d9f277-ba74-4528-aa5b-6dadce97c603
2023-06-06 06:59:33,301 [e0d9f277-ba74-4528-aa5b-6dadce97c603@group-80A6D881258B-LeaderElection4] INFO  server.RaftServer$Division (ServerState.java:setLeader(317)) - e0d9f277-ba74-4528-aa5b-6dadce97c603@group-80A6D881258B: change Leader from null to e0d9f277-ba74-4528-aa5b-6dadce97c603 at term 1 for becomeLeader, leader elected after 5157ms
2023-06-06 06:59:33,305 [e0d9f277-ba74-4528-aa5b-6dadce97c603@group-80A6D881258B-LeaderElection4] INFO  server.RaftServerConfigKeys (ConfUtils.java:logGet(46)) - raft.server.staging.catchup.gap = 1000 (default)
2023-06-06 06:59:33,305 [e0d9f277-ba74-4528-aa5b-6dadce97c603@group-80A6D881258B-LeaderElection4] INFO  server.RaftServerConfigKeys (ConfUtils.java:logGet(46)) - raft.server.write.element-limit = 1024 (custom)
2023-06-06 06:59:33,305 [e0d9f277-ba74-4528-aa5b-6dadce97c603@group-80A6D881258B-LeaderElection4] INFO  server.RaftServerConfigKeys (ConfUtils.java:logGet(46)) - raft.server.write.byte-limit = 1024 M (=1073741824) (custom)
2023-06-06 06:59:33,306 [e0d9f277-ba74-4528-aa5b-6dadce97c603@group-80A6D881258B-LeaderElection4] INFO  server.RaftServerConfigKeys (ConfUtils.java:logGet(46)) - raft.server.watch.timeout = 180s (custom)
2023-06-06 06:59:33,306 [e0d9f277-ba74-4528-aa5b-6dadce97c603@group-80A6D881258B-LeaderElection4] INFO  server.RaftServerConfigKeys (ConfUtils.java:logGet(46)) - raft.server.watch.timeout.denomination = 1s (default)
2023-06-06 06:59:33,306 [e0d9f277-ba74-4528-aa5b-6dadce97c603@group-80A6D881258B-LeaderElection4] INFO  server.RaftServerConfigKeys (ConfUtils.java:logGet(46)) - raft.server.watch.element-limit = 65536 (default)
2023-06-06 06:59:33,306 [e0d9f277-ba74-4528-aa5b-6dadce97c603@group-80A6D881258B-LeaderElection4] INFO  server.RaftServerConfigKeys (ConfUtils.java:logGet(46)) - raft.server.write.element-limit = 1024 (custom)
2023-06-06 06:59:33,306 [e0d9f277-ba74-4528-aa5b-6dadce97c603@group-80A6D881258B-LeaderElection4] INFO  server.RaftServerConfigKeys (ConfUtils.java:logGet(46)) - raft.server.write.follower.gap.ratio.max = -1.0 (default)
2023-06-06 06:59:33,306 [e0d9f277-ba74-4528-aa5b-6dadce97c603@group-80A6D881258B-LeaderElection4] INFO  server.RaftServerConfigKeys (ConfUtils.java:logGet(46)) - raft.server.log.appender.snapshot.chunk.size.max = 16MB (=16777216) (default)
2023-06-06 06:59:33,306 [e0d9f277-ba74-4528-aa5b-6dadce97c603@group-80A6D881258B-LeaderElection4] INFO  server.RaftServerConfigKeys (ConfUtils.java:logGet(46)) - raft.server.log.appender.buffer.byte-limit = 33554432 (custom)
2023-06-06 06:59:33,307 [e0d9f277-ba74-4528-aa5b-6dadce97c603@group-80A6D881258B-LeaderElection4] INFO  server.RaftServerConfigKeys (ConfUtils.java:logGet(46)) - raft.server.log.appender.buffer.element-limit = 1 (custom)
2023-06-06 06:59:33,307 [e0d9f277-ba74-4528-aa5b-6dadce97c603@group-80A6D881258B-LeaderElection4] INFO  server.RaftServerConfigKeys (ConfUtils.java:logGet(46)) - raft.server.log.appender.wait-time.min = 10ms (default)
2023-06-06 06:59:33,307 [e0d9f277-ba74-4528-aa5b-6dadce97c603@group-80A6D881258B-LeaderElection4] INFO  grpc.GrpcConfigKeys (ConfUtils.java:logGet(46)) - raft.grpc.server.leader.outstanding.appends.max = 128 (default)
2023-06-06 06:59:33,307 [e0d9f277-ba74-4528-aa5b-6dadce97c603@group-80A6D881258B-LeaderElection4] INFO  server.RaftServerConfigKeys (ConfUtils.java:logGet(46)) - raft.server.rpc.request.timeout = 60s (custom)
2023-06-06 06:59:33,307 [e0d9f277-ba74-4528-aa5b-6dadce97c603@group-80A6D881258B-LeaderElection4] INFO  grpc.GrpcConfigKeys (ConfUtils.java:logGet(46)) - raft.grpc.server.install_snapshot.request.element-limit = 8 (default)
2023-06-06 06:59:33,307 [e0d9f277-ba74-4528-aa5b-6dadce97c603@group-80A6D881258B-LeaderElection4] INFO  grpc.GrpcConfigKeys (ConfUtils.java:logGet(46)) - raft.grpc.server.install_snapshot.request.timeout = 3000ms (default)
2023-06-06 06:59:33,307 [e0d9f277-ba74-4528-aa5b-6dadce97c603@group-80A6D881258B-LeaderElection4] INFO  server.RaftServerConfigKeys (ConfUtils.java:logGet(46)) - raft.server.log.appender.install.snapshot.enabled = false (custom)
2023-06-06 06:59:33,307 [e0d9f277-ba74-4528-aa5b-6dadce97c603@group-80A6D881258B-LeaderElection4] INFO  grpc.GrpcConfigKeys (ConfUtils.java:logGet(46)) - raft.grpc.server.heartbeat.channel = true (default)
2023-06-06 06:59:33,307 [e0d9f277-ba74-4528-aa5b-6dadce97c603@group-80A6D881258B-LeaderElection4] INFO  server.RaftServerConfigKeys (ConfUtils.java:logGet(46)) - raft.server.log.appender.snapshot.chunk.size.max = 16MB (=16777216) (default)
2023-06-06 06:59:33,308 [e0d9f277-ba74-4528-aa5b-6dadce97c603@group-80A6D881258B-LeaderElection4] INFO  server.RaftServerConfigKeys (ConfUtils.java:logGet(46)) - raft.server.log.appender.buffer.byte-limit = 33554432 (custom)
2023-06-06 06:59:33,308 [e0d9f277-ba74-4528-aa5b-6dadce97c603@group-80A6D881258B-LeaderElection4] INFO  server.RaftServerConfigKeys (ConfUtils.java:logGet(46)) - raft.server.log.appender.buffer.element-limit = 1 (custom)
2023-06-06 06:59:33,308 [e0d9f277-ba74-4528-aa5b-6dadce97c603@group-80A6D881258B-LeaderElection4] INFO  server.RaftServerConfigKeys (ConfUtils.java:logGet(46)) - raft.server.log.appender.wait-time.min = 10ms (default)
2023-06-06 06:59:33,308 [e0d9f277-ba74-4528-aa5b-6dadce97c603@group-80A6D881258B-LeaderElection4] INFO  grpc.GrpcConfigKeys (ConfUtils.java:logGet(46)) - raft.grpc.server.leader.outstanding.appends.max = 128 (default)
2023-06-06 06:59:33,308 [e0d9f277-ba74-4528-aa5b-6dadce97c603@group-80A6D881258B-LeaderElection4] INFO  server.RaftServerConfigKeys (ConfUtils.java:logGet(46)) - raft.server.rpc.request.timeout = 60s (custom)
2023-06-06 06:59:33,308 [e0d9f277-ba74-4528-aa5b-6dadce97c603@group-80A6D881258B-LeaderElection4] INFO  grpc.GrpcConfigKeys (ConfUtils.java:logGet(46)) - raft.grpc.server.install_snapshot.request.element-limit = 8 (default)
2023-06-06 06:59:33,308 [e0d9f277-ba74-4528-aa5b-6dadce97c603@group-80A6D881258B-LeaderElection4] INFO  grpc.GrpcConfigKeys (ConfUtils.java:logGet(46)) - raft.grpc.server.install_snapshot.request.timeout = 3000ms (default)
2023-06-06 06:59:33,308 [e0d9f277-ba74-4528-aa5b-6dadce97c603@group-80A6D881258B-LeaderElection4] INFO  server.RaftServerConfigKeys (ConfUtils.java:logGet(46)) - raft.server.log.appender.install.snapshot.enabled = false (custom)
2023-06-06 06:59:33,308 [e0d9f277-ba74-4528-aa5b-6dadce97c603@group-80A6D881258B-LeaderElection4] INFO  grpc.GrpcConfigKeys (ConfUtils.java:logGet(46)) - raft.grpc.server.heartbeat.channel = true (default)
2023-06-06 06:59:33,308 [e0d9f277-ba74-4528-aa5b-6dadce97c603@group-80A6D881258B-LeaderElection4] INFO  impl.RoleInfo (RoleInfo.java:updateAndGet(139)) - e0d9f277-ba74-4528-aa5b-6dadce97c603: start e0d9f277-ba74-4528-aa5b-6dadce97c603@group-80A6D881258B-LeaderStateImpl
2023-06-06 06:59:33,308 [e0d9f277-ba74-4528-aa5b-6dadce97c603@group-80A6D881258B-LeaderElection4] INFO  segmented.SegmentedRaftLogWorker (SegmentedRaftLogWorker.java:startLogSegment(447)) - e0d9f277-ba74-4528-aa5b-6dadce97c603@group-80A6D881258B-SegmentedRaftLogWorker: Starting segment from index:0
2023-06-06 06:59:33,309 [e0d9f277-ba74-4528-aa5b-6dadce97c603@group-80A6D881258B-SegmentedRaftLogWorker] INFO  segmented.SegmentedRaftLogWorker (SegmentedRaftLogWorker.java:execute(651)) - e0d9f277-ba74-4528-aa5b-6dadce97c603@group-80A6D881258B-SegmentedRaftLogWorker: created new log segment /home/runner/work/ozone/ozone/hadoop-ozone/integration-test/target/test-dir/MiniOzoneClusterImpl-8bad4e8b-826b-4b9b-92b9-e03c261c0494/datanode-2/data/ratis/e99ce884-51b0-49be-8118-80a6d881258b/current/log_inprogress_0
2023-06-06 06:59:33,316 [grpc-default-executor-3] INFO  server.RaftServer$Division (RaftServerImpl.java:requestVote(1335)) - 9b7fe73a-3db0-4294-ac6d-c59285debe9e@group-80A6D881258B replies to ELECTION vote request: e0d9f277-ba74-4528-aa5b-6dadce97c603<-9b7fe73a-3db0-4294-ac6d-c59285debe9e#0:OK-t1. Peer's state: 9b7fe73a-3db0-4294-ac6d-c59285debe9e@group-80A6D881258B:t1, leader=null, voted=e0d9f277-ba74-4528-aa5b-6dadce97c603, raftlog=Memoized:9b7fe73a-3db0-4294-ac6d-c59285debe9e@group-80A6D881258B-SegmentedRaftLog:OPENED:c-1, conf=-1: peers:[252f6884-8a0a-4c07-9df6-494d0e55bfc9|rpc:10.1.26.1:15022|admin:10.1.26.1:15021|client:10.1.26.1:15020|dataStream:10.1.26.1:15023|priority:0|startupRole:FOLLOWER, e0d9f277-ba74-4528-aa5b-6dadce97c603|rpc:10.1.26.1:15040|admin:10.1.26.1:15039|client:10.1.26.1:15038|dataStream:10.1.26.1:15041|priority:1|startupRole:FOLLOWER, 9b7fe73a-3db0-4294-ac6d-c59285debe9e|rpc:10.1.26.1:15031|admin:10.1.26.1:15030|client:10.1.26.1:15029|dataStream:10.1.26.1:15032|priority:0|startupRole:FOLLOWER]|listeners:[], old=null
2023-06-06 06:59:33,322 [e0d9f277-ba74-4528-aa5b-6dadce97c603@group-80A6D881258B-LeaderElection4] INFO  server.RaftServer$Division (ServerState.java:setRaftConf(434)) - e0d9f277-ba74-4528-aa5b-6dadce97c603@group-80A6D881258B: set configuration 0: peers:[252f6884-8a0a-4c07-9df6-494d0e55bfc9|rpc:10.1.26.1:15022|admin:10.1.26.1:15021|client:10.1.26.1:15020|dataStream:10.1.26.1:15023|priority:0|startupRole:FOLLOWER, e0d9f277-ba74-4528-aa5b-6dadce97c603|rpc:10.1.26.1:15040|admin:10.1.26.1:15039|client:10.1.26.1:15038|dataStream:10.1.26.1:15041|priority:1|startupRole:FOLLOWER, 9b7fe73a-3db0-4294-ac6d-c59285debe9e|rpc:10.1.26.1:15031|admin:10.1.26.1:15030|client:10.1.26.1:15029|dataStream:10.1.26.1:15032|priority:0|startupRole:FOLLOWER]|listeners:[], old=null
2023-06-06 06:59:33,333 [252f6884-8a0a-4c07-9df6-494d0e55bfc9-server-thread1] INFO  ratis.XceiverServerRatis (XceiverServerRatis.java:handleLeaderChangedNotification(902)) - Leader change notification received for group: group-80A6D881258B with new leaderId: e0d9f277-ba74-4528-aa5b-6dadce97c603
2023-06-06 06:59:33,336 [252f6884-8a0a-4c07-9df6-494d0e55bfc9-server-thread1] INFO  server.RaftServer$Division (ServerState.java:setLeader(317)) - 252f6884-8a0a-4c07-9df6-494d0e55bfc9@group-80A6D881258B: change Leader from null to e0d9f277-ba74-4528-aa5b-6dadce97c603 at term 1 for appendEntries, leader elected after 5515ms
2023-06-06 06:59:33,337 [EventQueue-PipelineReportForPipelineReportHandler] INFO  pipeline.PipelineManagerImpl (PipelineManagerImpl.java:openPipeline(367)) - Pipeline Pipeline[ Id: e99ce884-51b0-49be-8118-80a6d881258b, Nodes: 9b7fe73a-3db0-4294-ac6d-c59285debe9e(fv-az617-212.pwnmbzmyba5ezmab2zpzaqbtmg.cx.internal.cloudapp.net/10.1.26.1)e0d9f277-ba74-4528-aa5b-6dadce97c603(fv-az617-212.pwnmbzmyba5ezmab2zpzaqbtmg.cx.internal.cloudapp.net/10.1.26.1)252f6884-8a0a-4c07-9df6-494d0e55bfc9(fv-az617-212.pwnmbzmyba5ezmab2zpzaqbtmg.cx.internal.cloudapp.net/10.1.26.1), ReplicationConfig: RATIS/THREE, State:ALLOCATED, leaderId:e0d9f277-ba74-4528-aa5b-6dadce97c603, CreationTimestamp2023-06-06T06:59:25.429Z[Etc/UTC]] moved to OPEN state
2023-06-06 06:59:33,342 [EventQueue-OpenPipelineForHealthyPipelineSafeModeRule] INFO  safemode.SCMSafeModeManager (HealthyPipelineSafeModeRule.java:process(137)) - SCM in safe mode. Healthy pipelines reported count is 1, required healthy pipeline reported count is 1
2023-06-06 06:59:33,342 [EventQueue-OpenPipelineForHealthyPipelineSafeModeRule] INFO  safemode.SCMSafeModeManager (SCMSafeModeManager.java:validateSafeModeExitRules(200)) - HealthyPipelineSafeModeRule rule is successfully validated
2023-06-06 06:59:33,342 [EventQueue-OpenPipelineForHealthyPipelineSafeModeRule] INFO  safemode.SCMSafeModeManager (SCMSafeModeManager.java:validateSafeModeExitRules(215)) - ScmSafeModeManager, all rules are successfully validated
2023-06-06 06:59:33,342 [EventQueue-OpenPipelineForHealthyPipelineSafeModeRule] INFO  safemode.SCMSafeModeManager (SCMSafeModeManager.java:exitSafeMode(244)) - SCM exiting safe mode.
2023-06-06 06:59:33,342 [EventQueue-OpenPipelineForHealthyPipelineSafeModeRule] INFO  ha.SCMContext (SCMContext.java:updateSafeModeStatus(228)) - Update SafeModeStatus from SafeModeStatus{safeModeStatus=true, preCheckPassed=true} to SafeModeStatus{safeModeStatus=false, preCheckPassed=true}.
2023-06-06 06:59:33,342 [EventQueue-OpenPipelineForHealthyPipelineSafeModeRule] INFO  pipeline.BackgroundPipelineCreator (BackgroundPipelineCreator.java:notifyStatusChanged(254)) - Service BackgroundPipelineCreator transitions to RUNNING.
2023-06-06 06:59:33,342 [EventQueue-OpenPipelineForHealthyPipelineSafeModeRule] INFO  BackgroundPipelineScrubber (BackgroundSCMService.java:notifyStatusChanged(82)) - Service BackgroundPipelineScrubber transitions to RUNNING.
2023-06-06 06:59:33,342 [EventQueue-OpenPipelineForHealthyPipelineSafeModeRule] INFO  ExpiredContainerReplicaOpScrubber (BackgroundSCMService.java:notifyStatusChanged(82)) - Service ExpiredContainerReplicaOpScrubber transitions to RUNNING.
2023-06-06 06:59:33,342 [EventQueue-OpenPipelineForHealthyPipelineSafeModeRule] INFO  replication.ReplicationManager (ReplicationManager.java:notifyStatusChanged(1369)) - Service ReplicationManager transitions to RUNNING.
2023-06-06 06:59:33,345 [9b7fe73a-3db0-4294-ac6d-c59285debe9e@group-FFCB79D671D0-FollowerState] INFO  impl.FollowerState (FollowerState.java:run(143)) - 9b7fe73a-3db0-4294-ac6d-c59285debe9e@group-FFCB79D671D0-FollowerState: change to CANDIDATE, lastRpcElapsedTime:5195646635ns, electionTimeout:5175ms
2023-06-06 06:59:33,351 [9b7fe73a-3db0-4294-ac6d-c59285debe9e@group-FFCB79D671D0-FollowerState] INFO  impl.RoleInfo (RoleInfo.java:shutdownFollowerState(110)) - 9b7fe73a-3db0-4294-ac6d-c59285debe9e: shutdown 9b7fe73a-3db0-4294-ac6d-c59285debe9e@group-FFCB79D671D0-FollowerState
2023-06-06 06:59:33,351 [9b7fe73a-3db0-4294-ac6d-c59285debe9e@group-FFCB79D671D0-FollowerState] INFO  server.RaftServer$Division (RaftServerImpl.java:setRole(329)) - 9b7fe73a-3db0-4294-ac6d-c59285debe9e@group-FFCB79D671D0: changes role from  FOLLOWER to CANDIDATE at term 0 for changeToCandidate
2023-06-06 06:59:33,351 [EventQueue-OpenPipelineForHealthyPipelineSafeModeRule] WARN  balancer.ContainerBalancer (ContainerBalancer.java:shouldRun(135)) - Could not find persisted configuration for ContainerBalancer when checking if ContainerBalancer should run. ContainerBalancer should not run now.
2023-06-06 06:59:33,350 [252f6884-8a0a-4c07-9df6-494d0e55bfc9-server-thread2] INFO  server.RaftServer$Division (ServerState.java:setRaftConf(434)) - 252f6884-8a0a-4c07-9df6-494d0e55bfc9@group-80A6D881258B: set configuration 0: peers:[252f6884-8a0a-4c07-9df6-494d0e55bfc9|rpc:10.1.26.1:15022|admin:10.1.26.1:15021|client:10.1.26.1:15020|dataStream:10.1.26.1:15023|priority:0|startupRole:FOLLOWER, e0d9f277-ba74-4528-aa5b-6dadce97c603|rpc:10.1.26.1:15040|admin:10.1.26.1:15039|client:10.1.26.1:15038|dataStream:10.1.26.1:15041|priority:1|startupRole:FOLLOWER, 9b7fe73a-3db0-4294-ac6d-c59285debe9e|rpc:10.1.26.1:15031|admin:10.1.26.1:15030|client:10.1.26.1:15029|dataStream:10.1.26.1:15032|priority:0|startupRole:FOLLOWER]|listeners:[], old=null
2023-06-06 06:59:33,351 [252f6884-8a0a-4c07-9df6-494d0e55bfc9-server-thread2] INFO  segmented.SegmentedRaftLogWorker (SegmentedRaftLogWorker.java:startLogSegment(447)) - 252f6884-8a0a-4c07-9df6-494d0e55bfc9@group-80A6D881258B-SegmentedRaftLogWorker: Starting segment from index:0
2023-06-06 06:59:33,349 [9b7fe73a-3db0-4294-ac6d-c59285debe9e-server-thread1] INFO  ratis.XceiverServerRatis (XceiverServerRatis.java:handleLeaderChangedNotification(902)) - Leader change notification received for group: group-80A6D881258B with new leaderId: e0d9f277-ba74-4528-aa5b-6dadce97c603
2023-06-06 06:59:33,352 [252f6884-8a0a-4c07-9df6-494d0e55bfc9@group-80A6D881258B-SegmentedRaftLogWorker] INFO  segmented.SegmentedRaftLogWorker (SegmentedRaftLogWorker.java:execute(651)) - 252f6884-8a0a-4c07-9df6-494d0e55bfc9@group-80A6D881258B-SegmentedRaftLogWorker: created new log segment /home/runner/work/ozone/ozone/hadoop-ozone/integration-test/target/test-dir/MiniOzoneClusterImpl-8bad4e8b-826b-4b9b-92b9-e03c261c0494/datanode-0/data/ratis/e99ce884-51b0-49be-8118-80a6d881258b/current/log_inprogress_0
2023-06-06 06:59:33,352 [9b7fe73a-3db0-4294-ac6d-c59285debe9e-server-thread1] INFO  server.RaftServer$Division (ServerState.java:setLeader(317)) - 9b7fe73a-3db0-4294-ac6d-c59285debe9e@group-80A6D881258B: change Leader from null to e0d9f277-ba74-4528-aa5b-6dadce97c603 at term 1 for appendEntries, leader elected after 5441ms
2023-06-06 06:59:33,352 [9b7fe73a-3db0-4294-ac6d-c59285debe9e@group-FFCB79D671D0-FollowerState] INFO  server.RaftServerConfigKeys (ConfUtils.java:logGet(46)) - raft.server.leaderelection.pre-vote = true (default)
2023-06-06 06:59:33,353 [9b7fe73a-3db0-4294-ac6d-c59285debe9e@group-FFCB79D671D0-FollowerState] INFO  impl.RoleInfo (RoleInfo.java:updateAndGet(139)) - 9b7fe73a-3db0-4294-ac6d-c59285debe9e: start 9b7fe73a-3db0-4294-ac6d-c59285debe9e@group-FFCB79D671D0-LeaderElection5
2023-06-06 06:59:33,354 [9b7fe73a-3db0-4294-ac6d-c59285debe9e-server-thread2] INFO  server.RaftServer$Division (ServerState.java:setRaftConf(434)) - 9b7fe73a-3db0-4294-ac6d-c59285debe9e@group-80A6D881258B: set configuration 0: peers:[252f6884-8a0a-4c07-9df6-494d0e55bfc9|rpc:10.1.26.1:15022|admin:10.1.26.1:15021|client:10.1.26.1:15020|dataStream:10.1.26.1:15023|priority:0|startupRole:FOLLOWER, e0d9f277-ba74-4528-aa5b-6dadce97c603|rpc:10.1.26.1:15040|admin:10.1.26.1:15039|client:10.1.26.1:15038|dataStream:10.1.26.1:15041|priority:1|startupRole:FOLLOWER, 9b7fe73a-3db0-4294-ac6d-c59285debe9e|rpc:10.1.26.1:15031|admin:10.1.26.1:15030|client:10.1.26.1:15029|dataStream:10.1.26.1:15032|priority:0|startupRole:FOLLOWER]|listeners:[], old=null
2023-06-06 06:59:33,357 [9b7fe73a-3db0-4294-ac6d-c59285debe9e-server-thread2] INFO  segmented.SegmentedRaftLogWorker (SegmentedRaftLogWorker.java:startLogSegment(447)) - 9b7fe73a-3db0-4294-ac6d-c59285debe9e@group-80A6D881258B-SegmentedRaftLogWorker: Starting segment from index:0
2023-06-06 06:59:33,357 [9b7fe73a-3db0-4294-ac6d-c59285debe9e@group-FFCB79D671D0-LeaderElection5] INFO  impl.LeaderElection (LeaderElection.java:askForVotes(321)) - 9b7fe73a-3db0-4294-ac6d-c59285debe9e@group-FFCB79D671D0-LeaderElection5 PRE_VOTE round 0: submit vote requests at term 0 for -1: peers:[9b7fe73a-3db0-4294-ac6d-c59285debe9e|rpc:10.1.26.1:15031|admin:10.1.26.1:15030|client:10.1.26.1:15029|dataStream:10.1.26.1:15032|priority:1|startupRole:FOLLOWER]|listeners:[], old=null
2023-06-06 06:59:33,360 [9b7fe73a-3db0-4294-ac6d-c59285debe9e@group-FFCB79D671D0-LeaderElection5] INFO  impl.LeaderElection (LeaderElection.java:askForVotes(323)) - 9b7fe73a-3db0-4294-ac6d-c59285debe9e@group-FFCB79D671D0-LeaderElection5 PRE_VOTE round 0: result PASSED (term=0)
2023-06-06 06:59:33,362 [9b7fe73a-3db0-4294-ac6d-c59285debe9e@group-80A6D881258B-SegmentedRaftLogWorker] INFO  segmented.SegmentedRaftLogWorker (SegmentedRaftLogWorker.java:execute(651)) - 9b7fe73a-3db0-4294-ac6d-c59285debe9e@group-80A6D881258B-SegmentedRaftLogWorker: created new log segment /home/runner/work/ozone/ozone/hadoop-ozone/integration-test/target/test-dir/MiniOzoneClusterImpl-8bad4e8b-826b-4b9b-92b9-e03c261c0494/datanode-1/data/ratis/e99ce884-51b0-49be-8118-80a6d881258b/current/log_inprogress_0
2023-06-06 06:59:33,364 [9b7fe73a-3db0-4294-ac6d-c59285debe9e@group-FFCB79D671D0-LeaderElection5] INFO  impl.LeaderElection (LeaderElection.java:askForVotes(321)) - 9b7fe73a-3db0-4294-ac6d-c59285debe9e@group-FFCB79D671D0-LeaderElection5 ELECTION round 0: submit vote requests at term 1 for -1: peers:[9b7fe73a-3db0-4294-ac6d-c59285debe9e|rpc:10.1.26.1:15031|admin:10.1.26.1:15030|client:10.1.26.1:15029|dataStream:10.1.26.1:15032|priority:1|startupRole:FOLLOWER]|listeners:[], old=null
2023-06-06 06:59:33,364 [9b7fe73a-3db0-4294-ac6d-c59285debe9e@group-FFCB79D671D0-LeaderElection5] INFO  impl.LeaderElection (LeaderElection.java:askForVotes(323)) - 9b7fe73a-3db0-4294-ac6d-c59285debe9e@group-FFCB79D671D0-LeaderElection5 ELECTION round 0: result PASSED (term=1)
2023-06-06 06:59:33,364 [9b7fe73a-3db0-4294-ac6d-c59285debe9e@group-FFCB79D671D0-LeaderElection5] INFO  impl.RoleInfo (RoleInfo.java:shutdownLeaderElection(130)) - 9b7fe73a-3db0-4294-ac6d-c59285debe9e: shutdown 9b7fe73a-3db0-4294-ac6d-c59285debe9e@group-FFCB79D671D0-LeaderElection5
2023-06-06 06:59:33,364 [9b7fe73a-3db0-4294-ac6d-c59285debe9e@group-FFCB79D671D0-LeaderElection5] INFO  server.RaftServer$Division (RaftServerImpl.java:setRole(329)) - 9b7fe73a-3db0-4294-ac6d-c59285debe9e@group-FFCB79D671D0: changes role from CANDIDATE to LEADER at term 1 for changeToLeader
2023-06-06 06:59:33,364 [9b7fe73a-3db0-4294-ac6d-c59285debe9e@group-FFCB79D671D0-LeaderElection5] INFO  ratis.XceiverServerRatis (XceiverServerRatis.java:handleLeaderChangedNotification(902)) - Leader change notification received for group: group-FFCB79D671D0 with new leaderId: 9b7fe73a-3db0-4294-ac6d-c59285debe9e
2023-06-06 06:59:33,366 [9b7fe73a-3db0-4294-ac6d-c59285debe9e@group-FFCB79D671D0-LeaderElection5] INFO  server.RaftServer$Division (ServerState.java:setLeader(317)) - 9b7fe73a-3db0-4294-ac6d-c59285debe9e@group-FFCB79D671D0: change Leader from null to 9b7fe73a-3db0-4294-ac6d-c59285debe9e at term 1 for becomeLeader, leader elected after 5245ms
2023-06-06 06:59:33,366 [9b7fe73a-3db0-4294-ac6d-c59285debe9e@group-FFCB79D671D0-LeaderElection5] INFO  server.RaftServerConfigKeys (ConfUtils.java:logGet(46)) - raft.server.staging.catchup.gap = 1000 (default)
2023-06-06 06:59:33,366 [9b7fe73a-3db0-4294-ac6d-c59285debe9e@group-FFCB79D671D0-LeaderElection5] INFO  server.RaftServerConfigKeys (ConfUtils.java:logGet(46)) - raft.server.write.element-limit = 1024 (custom)
2023-06-06 06:59:33,366 [9b7fe73a-3db0-4294-ac6d-c59285debe9e@group-FFCB79D671D0-LeaderElection5] INFO  server.RaftServerConfigKeys (ConfUtils.java:logGet(46)) - raft.server.write.byte-limit = 1024 M (=1073741824) (custom)
2023-06-06 06:59:33,366 [9b7fe73a-3db0-4294-ac6d-c59285debe9e@group-FFCB79D671D0-LeaderElection5] INFO  server.RaftServerConfigKeys (ConfUtils.java:logGet(46)) - raft.server.watch.timeout = 180s (custom)
2023-06-06 06:59:33,366 [9b7fe73a-3db0-4294-ac6d-c59285debe9e@group-FFCB79D671D0-LeaderElection5] INFO  server.RaftServerConfigKeys (ConfUtils.java:logGet(46)) - raft.server.watch.timeout.denomination = 1s (default)
2023-06-06 06:59:33,367 [9b7fe73a-3db0-4294-ac6d-c59285debe9e@group-FFCB79D671D0-LeaderElection5] INFO  server.RaftServerConfigKeys (ConfUtils.java:logGet(46)) - raft.server.watch.element-limit = 65536 (default)
2023-06-06 06:59:33,367 [9b7fe73a-3db0-4294-ac6d-c59285debe9e@group-FFCB79D671D0-LeaderElection5] INFO  server.RaftServerConfigKeys (ConfUtils.java:logGet(46)) - raft.server.write.element-limit = 1024 (custom)
2023-06-06 06:59:33,367 [9b7fe73a-3db0-4294-ac6d-c59285debe9e@group-FFCB79D671D0-LeaderElection5] INFO  server.RaftServerConfigKeys (ConfUtils.java:logGet(46)) - raft.server.write.follower.gap.ratio.max = -1.0 (default)
2023-06-06 06:59:33,367 [9b7fe73a-3db0-4294-ac6d-c59285debe9e@group-FFCB79D671D0-LeaderElection5] INFO  impl.RoleInfo (RoleInfo.java:updateAndGet(139)) - 9b7fe73a-3db0-4294-ac6d-c59285debe9e: start 9b7fe73a-3db0-4294-ac6d-c59285debe9e@group-FFCB79D671D0-LeaderStateImpl
2023-06-06 06:59:33,367 [9b7fe73a-3db0-4294-ac6d-c59285debe9e@group-FFCB79D671D0-LeaderElection5] INFO  segmented.SegmentedRaftLogWorker (SegmentedRaftLogWorker.java:startLogSegment(447)) - 9b7fe73a-3db0-4294-ac6d-c59285debe9e@group-FFCB79D671D0-SegmentedRaftLogWorker: Starting segment from index:0
2023-06-06 06:59:33,368 [9b7fe73a-3db0-4294-ac6d-c59285debe9e@group-09ABCAD8A53D-FollowerState] INFO  impl.FollowerState (FollowerState.java:run(143)) - 9b7fe73a-3db0-4294-ac6d-c59285debe9e@group-09ABCAD8A53D-FollowerState: change to CANDIDATE, lastRpcElapsedTime:5172100737ns, electionTimeout:5166ms
2023-06-06 06:59:33,368 [9b7fe73a-3db0-4294-ac6d-c59285debe9e@group-09ABCAD8A53D-FollowerState] INFO  impl.RoleInfo (RoleInfo.java:shutdownFollowerState(110)) - 9b7fe73a-3db0-4294-ac6d-c59285debe9e: shutdown 9b7fe73a-3db0-4294-ac6d-c59285debe9e@group-09ABCAD8A53D-FollowerState
2023-06-06 06:59:33,368 [9b7fe73a-3db0-4294-ac6d-c59285debe9e@group-09ABCAD8A53D-FollowerState] INFO  server.RaftServer$Division (RaftServerImpl.java:setRole(329)) - 9b7fe73a-3db0-4294-ac6d-c59285debe9e@group-09ABCAD8A53D: changes role from  FOLLOWER to CANDIDATE at term 0 for changeToCandidate
2023-06-06 06:59:33,369 [9b7fe73a-3db0-4294-ac6d-c59285debe9e@group-FFCB79D671D0-SegmentedRaftLogWorker] INFO  segmented.SegmentedRaftLogWorker (SegmentedRaftLogWorker.java:execute(651)) - 9b7fe73a-3db0-4294-ac6d-c59285debe9e@group-FFCB79D671D0-SegmentedRaftLogWorker: created new log segment /home/runner/work/ozone/ozone/hadoop-ozone/integration-test/target/test-dir/MiniOzoneClusterImpl-8bad4e8b-826b-4b9b-92b9-e03c261c0494/datanode-1/data/ratis/05b4d201-04fc-4e81-b907-ffcb79d671d0/current/log_inprogress_0
2023-06-06 06:59:33,374 [9b7fe73a-3db0-4294-ac6d-c59285debe9e@group-FFCB79D671D0-LeaderElection5] INFO  server.RaftServer$Division (ServerState.java:setRaftConf(434)) - 9b7fe73a-3db0-4294-ac6d-c59285debe9e@group-FFCB79D671D0: set configuration 0: peers:[9b7fe73a-3db0-4294-ac6d-c59285debe9e|rpc:10.1.26.1:15031|admin:10.1.26.1:15030|client:10.1.26.1:15029|dataStream:10.1.26.1:15032|priority:1|startupRole:FOLLOWER]|listeners:[], old=null
2023-06-06 06:59:33,374 [9b7fe73a-3db0-4294-ac6d-c59285debe9e@group-09ABCAD8A53D-FollowerState] INFO  server.RaftServerConfigKeys (ConfUtils.java:logGet(46)) - raft.server.leaderelection.pre-vote = true (default)
2023-06-06 06:59:33,374 [9b7fe73a-3db0-4294-ac6d-c59285debe9e@group-09ABCAD8A53D-FollowerState] INFO  impl.RoleInfo (RoleInfo.java:updateAndGet(139)) - 9b7fe73a-3db0-4294-ac6d-c59285debe9e: start 9b7fe73a-3db0-4294-ac6d-c59285debe9e@group-09ABCAD8A53D-LeaderElection6
2023-06-06 06:59:33,376 [9b7fe73a-3db0-4294-ac6d-c59285debe9e@group-09ABCAD8A53D-LeaderElection6] INFO  impl.LeaderElection (LeaderElection.java:askForVotes(321)) - 9b7fe73a-3db0-4294-ac6d-c59285debe9e@group-09ABCAD8A53D-LeaderElection6 PRE_VOTE round 0: submit vote requests at term 0 for -1: peers:[252f6884-8a0a-4c07-9df6-494d0e55bfc9|rpc:10.1.26.1:15022|admin:10.1.26.1:15021|client:10.1.26.1:15020|dataStream:10.1.26.1:15023|priority:1|startupRole:FOLLOWER, e0d9f277-ba74-4528-aa5b-6dadce97c603|rpc:10.1.26.1:15040|admin:10.1.26.1:15039|client:10.1.26.1:15038|dataStream:10.1.26.1:15041|priority:0|startupRole:FOLLOWER, 9b7fe73a-3db0-4294-ac6d-c59285debe9e|rpc:10.1.26.1:15031|admin:10.1.26.1:15030|client:10.1.26.1:15029|dataStream:10.1.26.1:15032|priority:0|startupRole:FOLLOWER]|listeners:[], old=null
2023-06-06 06:59:33,377 [9b7fe73a-3db0-4294-ac6d-c59285debe9e@group-09ABCAD8A53D-LeaderElection6] INFO  server.RaftServerConfigKeys (ConfUtils.java:logFallback(53)) - raft.server.rpc.first-election.timeout.min = 5s (fallback to raft.server.rpc.timeout.min)
2023-06-06 06:59:33,377 [9b7fe73a-3db0-4294-ac6d-c59285debe9e@group-09ABCAD8A53D-LeaderElection6-1] INFO  server.GrpcServerProtocolClient (GrpcServerProtocolClient.java:<init>(65)) - Build channel for 252f6884-8a0a-4c07-9df6-494d0e55bfc9
2023-06-06 06:59:33,377 [9b7fe73a-3db0-4294-ac6d-c59285debe9e@group-09ABCAD8A53D-LeaderElection6] INFO  server.RaftServerConfigKeys (ConfUtils.java:logFallback(53)) - raft.server.rpc.first-election.timeout.max = 5200ms (fallback to raft.server.rpc.timeout.max)
2023-06-06 06:59:33,378 [9b7fe73a-3db0-4294-ac6d-c59285debe9e@group-09ABCAD8A53D-LeaderElection6-2] INFO  server.GrpcServerProtocolClient (GrpcServerProtocolClient.java:<init>(65)) - Build channel for e0d9f277-ba74-4528-aa5b-6dadce97c603
2023-06-06 06:59:33,390 [grpc-default-executor-3] INFO  server.RaftServer$Division (RaftServerImpl.java:requestVote(1302)) - e0d9f277-ba74-4528-aa5b-6dadce97c603@group-09ABCAD8A53D: receive requestVote(PRE_VOTE, 9b7fe73a-3db0-4294-ac6d-c59285debe9e, group-09ABCAD8A53D, 0, (t:0, i:0))
2023-06-06 06:59:33,390 [grpc-default-executor-3] INFO  impl.VoteContext (VoteContext.java:log(49)) - e0d9f277-ba74-4528-aa5b-6dadce97c603@group-09ABCAD8A53D-FOLLOWER: accept PRE_VOTE from 9b7fe73a-3db0-4294-ac6d-c59285debe9e: our priority 0 <= candidate's priority 0
2023-06-06 06:59:33,390 [grpc-default-executor-3] INFO  server.RaftServer$Division (RaftServerImpl.java:requestVote(1335)) - e0d9f277-ba74-4528-aa5b-6dadce97c603@group-09ABCAD8A53D replies to PRE_VOTE vote request: 9b7fe73a-3db0-4294-ac6d-c59285debe9e<-e0d9f277-ba74-4528-aa5b-6dadce97c603#0:OK-t0. Peer's state: e0d9f277-ba74-4528-aa5b-6dadce97c603@group-09ABCAD8A53D:t0, leader=null, voted=, raftlog=Memoized:e0d9f277-ba74-4528-aa5b-6dadce97c603@group-09ABCAD8A53D-SegmentedRaftLog:OPENED:c-1, conf=-1: peers:[252f6884-8a0a-4c07-9df6-494d0e55bfc9|rpc:10.1.26.1:15022|admin:10.1.26.1:15021|client:10.1.26.1:15020|dataStream:10.1.26.1:15023|priority:1|startupRole:FOLLOWER, e0d9f277-ba74-4528-aa5b-6dadce97c603|rpc:10.1.26.1:15040|admin:10.1.26.1:15039|client:10.1.26.1:15038|dataStream:10.1.26.1:15041|priority:0|startupRole:FOLLOWER, 9b7fe73a-3db0-4294-ac6d-c59285debe9e|rpc:10.1.26.1:15031|admin:10.1.26.1:15030|client:10.1.26.1:15029|dataStream:10.1.26.1:15032|priority:0|startupRole:FOLLOWER]|listeners:[], old=null
2023-06-06 06:59:33,390 [grpc-default-executor-3] INFO  server.RaftServer$Division (RaftServerImpl.java:requestVote(1302)) - 252f6884-8a0a-4c07-9df6-494d0e55bfc9@group-09ABCAD8A53D: receive requestVote(PRE_VOTE, 9b7fe73a-3db0-4294-ac6d-c59285debe9e, group-09ABCAD8A53D, 0, (t:0, i:0))
2023-06-06 06:59:33,391 [grpc-default-executor-3] INFO  impl.VoteContext (VoteContext.java:log(49)) - 252f6884-8a0a-4c07-9df6-494d0e55bfc9@group-09ABCAD8A53D-FOLLOWER: reject PRE_VOTE from 9b7fe73a-3db0-4294-ac6d-c59285debe9e: our priority 1 > candidate's priority 0
2023-06-06 06:59:33,391 [grpc-default-executor-3] INFO  server.RaftServer$Division (RaftServerImpl.java:requestVote(1335)) - 252f6884-8a0a-4c07-9df6-494d0e55bfc9@group-09ABCAD8A53D replies to PRE_VOTE vote request: 9b7fe73a-3db0-4294-ac6d-c59285debe9e<-252f6884-8a0a-4c07-9df6-494d0e55bfc9#0:FAIL-t0. Peer's state: 252f6884-8a0a-4c07-9df6-494d0e55bfc9@group-09ABCAD8A53D:t0, leader=null, voted=, raftlog=Memoized:252f6884-8a0a-4c07-9df6-494d0e55bfc9@group-09ABCAD8A53D-SegmentedRaftLog:OPENED:c-1, conf=-1: peers:[252f6884-8a0a-4c07-9df6-494d0e55bfc9|rpc:10.1.26.1:15022|admin:10.1.26.1:15021|client:10.1.26.1:15020|dataStream:10.1.26.1:15023|priority:1|startupRole:FOLLOWER, e0d9f277-ba74-4528-aa5b-6dadce97c603|rpc:10.1.26.1:15040|admin:10.1.26.1:15039|client:10.1.26.1:15038|dataStream:10.1.26.1:15041|priority:0|startupRole:FOLLOWER, 9b7fe73a-3db0-4294-ac6d-c59285debe9e|rpc:10.1.26.1:15031|admin:10.1.26.1:15030|client:10.1.26.1:15029|dataStream:10.1.26.1:15032|priority:0|startupRole:FOLLOWER]|listeners:[], old=null
2023-06-06 06:59:33,394 [9b7fe73a-3db0-4294-ac6d-c59285debe9e@group-09ABCAD8A53D-LeaderElection6] INFO  impl.LeaderElection (LeaderElection.java:logAndReturn(90)) - 9b7fe73a-3db0-4294-ac6d-c59285debe9e@group-09ABCAD8A53D-LeaderElection6: PRE_VOTE REJECTED received 2 response(s) and 0 exception(s):
2023-06-06 06:59:33,395 [9b7fe73a-3db0-4294-ac6d-c59285debe9e@group-09ABCAD8A53D-LeaderElection6] INFO  impl.LeaderElection (LeaderElection.java:logAndReturn(94)) -   Response 0: 9b7fe73a-3db0-4294-ac6d-c59285debe9e<-252f6884-8a0a-4c07-9df6-494d0e55bfc9#0:FAIL-t0
2023-06-06 06:59:33,395 [9b7fe73a-3db0-4294-ac6d-c59285debe9e@group-09ABCAD8A53D-LeaderElection6] INFO  impl.LeaderElection (LeaderElection.java:logAndReturn(94)) -   Response 1: 9b7fe73a-3db0-4294-ac6d-c59285debe9e<-e0d9f277-ba74-4528-aa5b-6dadce97c603#0:OK-t0
2023-06-06 06:59:33,395 [9b7fe73a-3db0-4294-ac6d-c59285debe9e@group-09ABCAD8A53D-LeaderElection6] INFO  impl.LeaderElection (LeaderElection.java:askForVotes(323)) - 9b7fe73a-3db0-4294-ac6d-c59285debe9e@group-09ABCAD8A53D-LeaderElection6 PRE_VOTE round 0: result REJECTED
2023-06-06 06:59:33,395 [9b7fe73a-3db0-4294-ac6d-c59285debe9e@group-09ABCAD8A53D-LeaderElection6] INFO  server.RaftServer$Division (RaftServerImpl.java:setRole(329)) - 9b7fe73a-3db0-4294-ac6d-c59285debe9e@group-09ABCAD8A53D: changes role from CANDIDATE to FOLLOWER at term 0 for REJECTED
2023-06-06 06:59:33,395 [9b7fe73a-3db0-4294-ac6d-c59285debe9e@group-09ABCAD8A53D-LeaderElection6] INFO  impl.RoleInfo (RoleInfo.java:shutdownLeaderElection(130)) - 9b7fe73a-3db0-4294-ac6d-c59285debe9e: shutdown 9b7fe73a-3db0-4294-ac6d-c59285debe9e@group-09ABCAD8A53D-LeaderElection6
2023-06-06 06:59:33,395 [9b7fe73a-3db0-4294-ac6d-c59285debe9e@group-09ABCAD8A53D-LeaderElection6] INFO  impl.RoleInfo (RoleInfo.java:updateAndGet(139)) - 9b7fe73a-3db0-4294-ac6d-c59285debe9e: start 9b7fe73a-3db0-4294-ac6d-c59285debe9e@group-09ABCAD8A53D-FollowerState
2023-06-06 06:59:33,414 [e0d9f277-ba74-4528-aa5b-6dadce97c603@group-09ABCAD8A53D-FollowerState] INFO  server.RaftServerConfigKeys (ConfUtils.java:logFallback(53)) - raft.server.rpc.first-election.timeout.min = 5s (fallback to raft.server.rpc.timeout.min)
2023-06-06 06:59:33,415 [e0d9f277-ba74-4528-aa5b-6dadce97c603@group-09ABCAD8A53D-FollowerState] INFO  server.RaftServerConfigKeys (ConfUtils.java:logFallback(53)) - raft.server.rpc.first-election.timeout.max = 5200ms (fallback to raft.server.rpc.timeout.max)
2023-06-06 06:59:33,424 [main] INFO  ozone.MiniOzoneClusterImpl (MiniOzoneClusterImpl.java:lambda$waitForClusterToBeReady$0(222)) - Nodes are ready. Got 3 of 3 DN Heartbeats.
2023-06-06 06:59:33,424 [main] INFO  ozone.MiniOzoneClusterImpl (MiniOzoneClusterImpl.java:lambda$waitForClusterToBeReady$0(225)) - Cluster exits safe mode
2023-06-06 06:59:33,424 [main] INFO  ozone.MiniOzoneClusterImpl (MiniOzoneClusterImpl.java:lambda$waitForClusterToBeReady$0(227)) - SCM became leader
2023-06-06 06:59:33,432 [252f6884-8a0a-4c07-9df6-494d0e55bfc9@group-09ABCAD8A53D-FollowerState] INFO  impl.FollowerState (FollowerState.java:run(143)) - 252f6884-8a0a-4c07-9df6-494d0e55bfc9@group-09ABCAD8A53D-FollowerState: change to CANDIDATE, lastRpcElapsedTime:5195469440ns, electionTimeout:5191ms
2023-06-06 06:59:33,433 [252f6884-8a0a-4c07-9df6-494d0e55bfc9@group-09ABCAD8A53D-FollowerState] INFO  impl.RoleInfo (RoleInfo.java:shutdownFollowerState(110)) - 252f6884-8a0a-4c07-9df6-494d0e55bfc9: shutdown 252f6884-8a0a-4c07-9df6-494d0e55bfc9@group-09ABCAD8A53D-FollowerState
2023-06-06 06:59:33,433 [252f6884-8a0a-4c07-9df6-494d0e55bfc9@group-09ABCAD8A53D-FollowerState] INFO  server.RaftServer$Division (RaftServerImpl.java:setRole(329)) - 252f6884-8a0a-4c07-9df6-494d0e55bfc9@group-09ABCAD8A53D: changes role from  FOLLOWER to CANDIDATE at term 0 for changeToCandidate
2023-06-06 06:59:33,433 [252f6884-8a0a-4c07-9df6-494d0e55bfc9@group-09ABCAD8A53D-FollowerState] INFO  server.RaftServerConfigKeys (ConfUtils.java:logGet(46)) - raft.server.leaderelection.pre-vote = true (default)
2023-06-06 06:59:33,433 [252f6884-8a0a-4c07-9df6-494d0e55bfc9@group-09ABCAD8A53D-FollowerState] INFO  impl.RoleInfo (RoleInfo.java:updateAndGet(139)) - 252f6884-8a0a-4c07-9df6-494d0e55bfc9: start 252f6884-8a0a-4c07-9df6-494d0e55bfc9@group-09ABCAD8A53D-LeaderElection7
2023-06-06 06:59:33,446 [252f6884-8a0a-4c07-9df6-494d0e55bfc9@group-09ABCAD8A53D-LeaderElection7] INFO  impl.LeaderElection (LeaderElection.java:askForVotes(321)) - 252f6884-8a0a-4c07-9df6-494d0e55bfc9@group-09ABCAD8A53D-LeaderElection7 PRE_VOTE round 0: submit vote requests at term 0 for -1: peers:[252f6884-8a0a-4c07-9df6-494d0e55bfc9|rpc:10.1.26.1:15022|admin:10.1.26.1:15021|client:10.1.26.1:15020|dataStream:10.1.26.1:15023|priority:1|startupRole:FOLLOWER, e0d9f277-ba74-4528-aa5b-6dadce97c603|rpc:10.1.26.1:15040|admin:10.1.26.1:15039|client:10.1.26.1:15038|dataStream:10.1.26.1:15041|priority:0|startupRole:FOLLOWER, 9b7fe73a-3db0-4294-ac6d-c59285debe9e|rpc:10.1.26.1:15031|admin:10.1.26.1:15030|client:10.1.26.1:15029|dataStream:10.1.26.1:15032|priority:0|startupRole:FOLLOWER]|listeners:[], old=null
2023-06-06 06:59:33,453 [252f6884-8a0a-4c07-9df6-494d0e55bfc9@group-09ABCAD8A53D-LeaderElection7] INFO  server.RaftServerConfigKeys (ConfUtils.java:logFallback(53)) - raft.server.rpc.first-election.timeout.min = 5s (fallback to raft.server.rpc.timeout.min)
2023-06-06 06:59:33,453 [252f6884-8a0a-4c07-9df6-494d0e55bfc9@group-09ABCAD8A53D-LeaderElection7] INFO  server.RaftServerConfigKeys (ConfUtils.java:logFallback(53)) - raft.server.rpc.first-election.timeout.max = 5200ms (fallback to raft.server.rpc.timeout.max)
2023-06-06 06:59:33,455 [grpc-default-executor-3] INFO  server.RaftServer$Division (RaftServerImpl.java:requestVote(1302)) - e0d9f277-ba74-4528-aa5b-6dadce97c603@group-09ABCAD8A53D: receive requestVote(PRE_VOTE, 252f6884-8a0a-4c07-9df6-494d0e55bfc9, group-09ABCAD8A53D, 0, (t:0, i:0))
2023-06-06 06:59:33,456 [grpc-default-executor-3] INFO  impl.VoteContext (VoteContext.java:log(49)) - e0d9f277-ba74-4528-aa5b-6dadce97c603@group-09ABCAD8A53D-FOLLOWER: accept PRE_VOTE from 252f6884-8a0a-4c07-9df6-494d0e55bfc9: our priority 0 <= candidate's priority 1
2023-06-06 06:59:33,457 [grpc-default-executor-3] INFO  server.RaftServer$Division (RaftServerImpl.java:requestVote(1335)) - e0d9f277-ba74-4528-aa5b-6dadce97c603@group-09ABCAD8A53D replies to PRE_VOTE vote request: 252f6884-8a0a-4c07-9df6-494d0e55bfc9<-e0d9f277-ba74-4528-aa5b-6dadce97c603#0:OK-t0. Peer's state: e0d9f277-ba74-4528-aa5b-6dadce97c603@group-09ABCAD8A53D:t0, leader=null, voted=, raftlog=Memoized:e0d9f277-ba74-4528-aa5b-6dadce97c603@group-09ABCAD8A53D-SegmentedRaftLog:OPENED:c-1, conf=-1: peers:[252f6884-8a0a-4c07-9df6-494d0e55bfc9|rpc:10.1.26.1:15022|admin:10.1.26.1:15021|client:10.1.26.1:15020|dataStream:10.1.26.1:15023|priority:1|startupRole:FOLLOWER, e0d9f277-ba74-4528-aa5b-6dadce97c603|rpc:10.1.26.1:15040|admin:10.1.26.1:15039|client:10.1.26.1:15038|dataStream:10.1.26.1:15041|priority:0|startupRole:FOLLOWER, 9b7fe73a-3db0-4294-ac6d-c59285debe9e|rpc:10.1.26.1:15031|admin:10.1.26.1:15030|client:10.1.26.1:15029|dataStream:10.1.26.1:15032|priority:0|startupRole:FOLLOWER]|listeners:[], old=null
2023-06-06 06:59:33,460 [grpc-default-executor-4] INFO  server.RaftServer$Division (RaftServerImpl.java:requestVote(1302)) - 9b7fe73a-3db0-4294-ac6d-c59285debe9e@group-09ABCAD8A53D: receive requestVote(PRE_VOTE, 252f6884-8a0a-4c07-9df6-494d0e55bfc9, group-09ABCAD8A53D, 0, (t:0, i:0))
2023-06-06 06:59:33,460 [grpc-default-executor-4] INFO  impl.VoteContext (VoteContext.java:log(49)) - 9b7fe73a-3db0-4294-ac6d-c59285debe9e@group-09ABCAD8A53D-FOLLOWER: accept PRE_VOTE from 252f6884-8a0a-4c07-9df6-494d0e55bfc9: our priority 0 <= candidate's priority 1
2023-06-06 06:59:33,460 [grpc-default-executor-4] INFO  server.RaftServer$Division (RaftServerImpl.java:requestVote(1335)) - 9b7fe73a-3db0-4294-ac6d-c59285debe9e@group-09ABCAD8A53D replies to PRE_VOTE vote request: 252f6884-8a0a-4c07-9df6-494d0e55bfc9<-9b7fe73a-3db0-4294-ac6d-c59285debe9e#0:OK-t0. Peer's state: 9b7fe73a-3db0-4294-ac6d-c59285debe9e@group-09ABCAD8A53D:t0, leader=null, voted=, raftlog=Memoized:9b7fe73a-3db0-4294-ac6d-c59285debe9e@group-09ABCAD8A53D-SegmentedRaftLog:OPENED:c-1, conf=-1: peers:[252f6884-8a0a-4c07-9df6-494d0e55bfc9|rpc:10.1.26.1:15022|admin:10.1.26.1:15021|client:10.1.26.1:15020|dataStream:10.1.26.1:15023|priority:1|startupRole:FOLLOWER, e0d9f277-ba74-4528-aa5b-6dadce97c603|rpc:10.1.26.1:15040|admin:10.1.26.1:15039|client:10.1.26.1:15038|dataStream:10.1.26.1:15041|priority:0|startupRole:FOLLOWER, 9b7fe73a-3db0-4294-ac6d-c59285debe9e|rpc:10.1.26.1:15031|admin:10.1.26.1:15030|client:10.1.26.1:15029|dataStream:10.1.26.1:15032|priority:0|startupRole:FOLLOWER]|listeners:[], old=null
2023-06-06 06:59:33,461 [252f6884-8a0a-4c07-9df6-494d0e55bfc9@group-09ABCAD8A53D-LeaderElection7] INFO  impl.LeaderElection (LeaderElection.java:logAndReturn(90)) - 252f6884-8a0a-4c07-9df6-494d0e55bfc9@group-09ABCAD8A53D-LeaderElection7: PRE_VOTE PASSED received 1 response(s) and 0 exception(s):
2023-06-06 06:59:33,461 [252f6884-8a0a-4c07-9df6-494d0e55bfc9@group-09ABCAD8A53D-LeaderElection7] INFO  impl.LeaderElection (LeaderElection.java:logAndReturn(94)) -   Response 0: 252f6884-8a0a-4c07-9df6-494d0e55bfc9<-e0d9f277-ba74-4528-aa5b-6dadce97c603#0:OK-t0
2023-06-06 06:59:33,461 [252f6884-8a0a-4c07-9df6-494d0e55bfc9@group-09ABCAD8A53D-LeaderElection7] INFO  impl.LeaderElection (LeaderElection.java:askForVotes(323)) - 252f6884-8a0a-4c07-9df6-494d0e55bfc9@group-09ABCAD8A53D-LeaderElection7 PRE_VOTE round 0: result PASSED
2023-06-06 06:59:33,463 [252f6884-8a0a-4c07-9df6-494d0e55bfc9@group-09ABCAD8A53D-LeaderElection7] INFO  impl.LeaderElection (LeaderElection.java:askForVotes(321)) - 252f6884-8a0a-4c07-9df6-494d0e55bfc9@group-09ABCAD8A53D-LeaderElection7 ELECTION round 0: submit vote requests at term 1 for -1: peers:[252f6884-8a0a-4c07-9df6-494d0e55bfc9|rpc:10.1.26.1:15022|admin:10.1.26.1:15021|client:10.1.26.1:15020|dataStream:10.1.26.1:15023|priority:1|startupRole:FOLLOWER, e0d9f277-ba74-4528-aa5b-6dadce97c603|rpc:10.1.26.1:15040|admin:10.1.26.1:15039|client:10.1.26.1:15038|dataStream:10.1.26.1:15041|priority:0|startupRole:FOLLOWER, 9b7fe73a-3db0-4294-ac6d-c59285debe9e|rpc:10.1.26.1:15031|admin:10.1.26.1:15030|client:10.1.26.1:15029|dataStream:10.1.26.1:15032|priority:0|startupRole:FOLLOWER]|listeners:[], old=null
2023-06-06 06:59:33,471 [252f6884-8a0a-4c07-9df6-494d0e55bfc9@group-09ABCAD8A53D-LeaderElection7] INFO  server.RaftServerConfigKeys (ConfUtils.java:logFallback(53)) - raft.server.rpc.first-election.timeout.min = 5s (fallback to raft.server.rpc.timeout.min)
2023-06-06 06:59:33,471 [252f6884-8a0a-4c07-9df6-494d0e55bfc9@group-09ABCAD8A53D-LeaderElection7] INFO  server.RaftServerConfigKeys (ConfUtils.java:logFallback(53)) - raft.server.rpc.first-election.timeout.max = 5200ms (fallback to raft.server.rpc.timeout.max)
2023-06-06 06:59:33,476 [grpc-default-executor-4] INFO  server.RaftServer$Division (RaftServerImpl.java:requestVote(1302)) - e0d9f277-ba74-4528-aa5b-6dadce97c603@group-09ABCAD8A53D: receive requestVote(ELECTION, 252f6884-8a0a-4c07-9df6-494d0e55bfc9, group-09ABCAD8A53D, 1, (t:0, i:0))
2023-06-06 06:59:33,476 [grpc-default-executor-4] INFO  impl.VoteContext (VoteContext.java:log(49)) - e0d9f277-ba74-4528-aa5b-6dadce97c603@group-09ABCAD8A53D-FOLLOWER: accept ELECTION from 252f6884-8a0a-4c07-9df6-494d0e55bfc9: our priority 0 <= candidate's priority 1
2023-06-06 06:59:33,476 [grpc-default-executor-4] INFO  server.RaftServer$Division (RaftServerImpl.java:setRole(329)) - e0d9f277-ba74-4528-aa5b-6dadce97c603@group-09ABCAD8A53D: changes role from  FOLLOWER to FOLLOWER at term 1 for candidate:252f6884-8a0a-4c07-9df6-494d0e55bfc9
2023-06-06 06:59:33,476 [grpc-default-executor-4] INFO  impl.RoleInfo (RoleInfo.java:shutdownFollowerState(110)) - e0d9f277-ba74-4528-aa5b-6dadce97c603: shutdown e0d9f277-ba74-4528-aa5b-6dadce97c603@group-09ABCAD8A53D-FollowerState
2023-06-06 06:59:33,476 [e0d9f277-ba74-4528-aa5b-6dadce97c603@group-09ABCAD8A53D-FollowerState] INFO  impl.FollowerState (FollowerState.java:run(152)) - e0d9f277-ba74-4528-aa5b-6dadce97c603@group-09ABCAD8A53D-FollowerState was interrupted
2023-06-06 06:59:33,477 [grpc-default-executor-4] INFO  impl.RoleInfo (RoleInfo.java:updateAndGet(139)) - e0d9f277-ba74-4528-aa5b-6dadce97c603: start e0d9f277-ba74-4528-aa5b-6dadce97c603@group-09ABCAD8A53D-FollowerState
2023-06-06 06:59:33,477 [e0d9f277-ba74-4528-aa5b-6dadce97c603@group-E96348555626-FollowerState] INFO  impl.FollowerState (FollowerState.java:run(143)) - e0d9f277-ba74-4528-aa5b-6dadce97c603@group-E96348555626-FollowerState: change to CANDIDATE, lastRpcElapsedTime:5024781850ns, electionTimeout:5012ms
2023-06-06 06:59:33,481 [e0d9f277-ba74-4528-aa5b-6dadce97c603@group-E96348555626-FollowerState] INFO  impl.RoleInfo (RoleInfo.java:shutdownFollowerState(110)) - e0d9f277-ba74-4528-aa5b-6dadce97c603: shutdown e0d9f277-ba74-4528-aa5b-6dadce97c603@group-E96348555626-FollowerState
2023-06-06 06:59:33,481 [e0d9f277-ba74-4528-aa5b-6dadce97c603@group-E96348555626-FollowerState] INFO  server.RaftServer$Division (RaftServerImpl.java:setRole(329)) - e0d9f277-ba74-4528-aa5b-6dadce97c603@group-E96348555626: changes role from  FOLLOWER to CANDIDATE at term 0 for changeToCandidate
2023-06-06 06:59:33,482 [grpc-default-executor-4] INFO  server.RaftServer$Division (RaftServerImpl.java:requestVote(1335)) - e0d9f277-ba74-4528-aa5b-6dadce97c603@group-09ABCAD8A53D replies to ELECTION vote request: 252f6884-8a0a-4c07-9df6-494d0e55bfc9<-e0d9f277-ba74-4528-aa5b-6dadce97c603#0:OK-t1. Peer's state: e0d9f277-ba74-4528-aa5b-6dadce97c603@group-09ABCAD8A53D:t1, leader=null, voted=252f6884-8a0a-4c07-9df6-494d0e55bfc9, raftlog=Memoized:e0d9f277-ba74-4528-aa5b-6dadce97c603@group-09ABCAD8A53D-SegmentedRaftLog:OPENED:c-1, conf=-1: peers:[252f6884-8a0a-4c07-9df6-494d0e55bfc9|rpc:10.1.26.1:15022|admin:10.1.26.1:15021|client:10.1.26.1:15020|dataStream:10.1.26.1:15023|priority:1|startupRole:FOLLOWER, e0d9f277-ba74-4528-aa5b-6dadce97c603|rpc:10.1.26.1:15040|admin:10.1.26.1:15039|client:10.1.26.1:15038|dataStream:10.1.26.1:15041|priority:0|startupRole:FOLLOWER, 9b7fe73a-3db0-4294-ac6d-c59285debe9e|rpc:10.1.26.1:15031|admin:10.1.26.1:15030|client:10.1.26.1:15029|dataStream:10.1.26.1:15032|priority:0|startupRole:FOLLOWER]|listeners:[], old=null
2023-06-06 06:59:33,484 [252f6884-8a0a-4c07-9df6-494d0e55bfc9@group-09ABCAD8A53D-LeaderElection7] INFO  impl.LeaderElection (LeaderElection.java:logAndReturn(90)) - 252f6884-8a0a-4c07-9df6-494d0e55bfc9@group-09ABCAD8A53D-LeaderElection7: ELECTION PASSED received 1 response(s) and 0 exception(s):
2023-06-06 06:59:33,484 [252f6884-8a0a-4c07-9df6-494d0e55bfc9@group-09ABCAD8A53D-LeaderElection7] INFO  impl.LeaderElection (LeaderElection.java:logAndReturn(94)) -   Response 0: 252f6884-8a0a-4c07-9df6-494d0e55bfc9<-e0d9f277-ba74-4528-aa5b-6dadce97c603#0:OK-t1
2023-06-06 06:59:33,484 [252f6884-8a0a-4c07-9df6-494d0e55bfc9@group-09ABCAD8A53D-LeaderElection7] INFO  impl.LeaderElection (LeaderElection.java:askForVotes(323)) - 252f6884-8a0a-4c07-9df6-494d0e55bfc9@group-09ABCAD8A53D-LeaderElection7 ELECTION round 0: result PASSED
2023-06-06 06:59:33,484 [252f6884-8a0a-4c07-9df6-494d0e55bfc9@group-09ABCAD8A53D-LeaderElection7] INFO  impl.RoleInfo (RoleInfo.java:shutdownLeaderElection(130)) - 252f6884-8a0a-4c07-9df6-494d0e55bfc9: shutdown 252f6884-8a0a-4c07-9df6-494d0e55bfc9@group-09ABCAD8A53D-LeaderElection7
2023-06-06 06:59:33,484 [252f6884-8a0a-4c07-9df6-494d0e55bfc9@group-09ABCAD8A53D-LeaderElection7] INFO  server.RaftServer$Division (RaftServerImpl.java:setRole(329)) - 252f6884-8a0a-4c07-9df6-494d0e55bfc9@group-09ABCAD8A53D: changes role from CANDIDATE to LEADER at term 1 for changeToLeader
2023-06-06 06:59:33,484 [252f6884-8a0a-4c07-9df6-494d0e55bfc9@group-09ABCAD8A53D-LeaderElection7] INFO  ratis.XceiverServerRatis (XceiverServerRatis.java:handleLeaderChangedNotification(902)) - Leader change notification received for group: group-09ABCAD8A53D with new leaderId: 252f6884-8a0a-4c07-9df6-494d0e55bfc9
2023-06-06 06:59:33,484 [252f6884-8a0a-4c07-9df6-494d0e55bfc9@group-09ABCAD8A53D-LeaderElection7] INFO  server.RaftServer$Division (ServerState.java:setLeader(317)) - 252f6884-8a0a-4c07-9df6-494d0e55bfc9@group-09ABCAD8A53D: change Leader from null to 252f6884-8a0a-4c07-9df6-494d0e55bfc9 at term 1 for becomeLeader, leader elected after 5277ms
2023-06-06 06:59:33,486 [e0d9f277-ba74-4528-aa5b-6dadce97c603@group-E96348555626-FollowerState] INFO  server.RaftServerConfigKeys (ConfUtils.java:logGet(46)) - raft.server.leaderelection.pre-vote = true (default)
2023-06-06 06:59:33,486 [e0d9f277-ba74-4528-aa5b-6dadce97c603@group-E96348555626-FollowerState] INFO  impl.RoleInfo (RoleInfo.java:updateAndGet(139)) - e0d9f277-ba74-4528-aa5b-6dadce97c603: start e0d9f277-ba74-4528-aa5b-6dadce97c603@group-E96348555626-LeaderElection8
2023-06-06 06:59:33,486 [grpc-default-executor-4] INFO  server.RaftServer$Division (RaftServerImpl.java:requestVote(1302)) - 9b7fe73a-3db0-4294-ac6d-c59285debe9e@group-09ABCAD8A53D: receive requestVote(ELECTION, 252f6884-8a0a-4c07-9df6-494d0e55bfc9, group-09ABCAD8A53D, 1, (t:0, i:0))
2023-06-06 06:59:33,487 [e0d9f277-ba74-4528-aa5b-6dadce97c603@group-E96348555626-LeaderElection8] INFO  impl.LeaderElection (LeaderElection.java:askForVotes(321)) - e0d9f277-ba74-4528-aa5b-6dadce97c603@group-E96348555626-LeaderElection8 PRE_VOTE round 0: submit vote requests at term 0 for -1: peers:[e0d9f277-ba74-4528-aa5b-6dadce97c603|rpc:10.1.26.1:15040|admin:10.1.26.1:15039|client:10.1.26.1:15038|dataStream:10.1.26.1:15041|priority:1|startupRole:FOLLOWER]|listeners:[], old=null
2023-06-06 06:59:33,487 [e0d9f277-ba74-4528-aa5b-6dadce97c603@group-E96348555626-LeaderElection8] INFO  impl.LeaderElection (LeaderElection.java:askForVotes(323)) - e0d9f277-ba74-4528-aa5b-6dadce97c603@group-E96348555626-LeaderElection8 PRE_VOTE round 0: result PASSED (term=0)
2023-06-06 06:59:33,490 [252f6884-8a0a-4c07-9df6-494d0e55bfc9@group-09ABCAD8A53D-LeaderElection7] INFO  server.RaftServerConfigKeys (ConfUtils.java:logGet(46)) - raft.server.staging.catchup.gap = 1000 (default)
2023-06-06 06:59:33,490 [252f6884-8a0a-4c07-9df6-494d0e55bfc9@group-09ABCAD8A53D-LeaderElection7] INFO  server.RaftServerConfigKeys (ConfUtils.java:logGet(46)) - raft.server.write.element-limit = 1024 (custom)
2023-06-06 06:59:33,490 [252f6884-8a0a-4c07-9df6-494d0e55bfc9@group-09ABCAD8A53D-LeaderElection7] INFO  server.RaftServerConfigKeys (ConfUtils.java:logGet(46)) - raft.server.write.byte-limit = 1024 M (=1073741824) (custom)
2023-06-06 06:59:33,490 [252f6884-8a0a-4c07-9df6-494d0e55bfc9@group-09ABCAD8A53D-LeaderElection7] INFO  server.RaftServerConfigKeys (ConfUtils.java:logGet(46)) - raft.server.watch.timeout = 180s (custom)
2023-06-06 06:59:33,490 [252f6884-8a0a-4c07-9df6-494d0e55bfc9@group-09ABCAD8A53D-LeaderElection7] INFO  server.RaftServerConfigKeys (ConfUtils.java:logGet(46)) - raft.server.watch.timeout.denomination = 1s (default)
2023-06-06 06:59:33,490 [252f6884-8a0a-4c07-9df6-494d0e55bfc9@group-09ABCAD8A53D-LeaderElection7] INFO  server.RaftServerConfigKeys (ConfUtils.java:logGet(46)) - raft.server.watch.element-limit = 65536 (default)
2023-06-06 06:59:33,490 [252f6884-8a0a-4c07-9df6-494d0e55bfc9@group-09ABCAD8A53D-LeaderElection7] INFO  server.RaftServerConfigKeys (ConfUtils.java:logGet(46)) - raft.server.write.element-limit = 1024 (custom)
2023-06-06 06:59:33,490 [252f6884-8a0a-4c07-9df6-494d0e55bfc9@group-09ABCAD8A53D-LeaderElection7] INFO  server.RaftServerConfigKeys (ConfUtils.java:logGet(46)) - raft.server.write.follower.gap.ratio.max = -1.0 (default)
2023-06-06 06:59:33,491 [grpc-default-executor-4] INFO  impl.VoteContext (VoteContext.java:log(49)) - 9b7fe73a-3db0-4294-ac6d-c59285debe9e@group-09ABCAD8A53D-FOLLOWER: accept ELECTION from 252f6884-8a0a-4c07-9df6-494d0e55bfc9: our priority 0 <= candidate's priority 1
2023-06-06 06:59:33,491 [grpc-default-executor-4] INFO  server.RaftServer$Division (RaftServerImpl.java:setRole(329)) - 9b7fe73a-3db0-4294-ac6d-c59285debe9e@group-09ABCAD8A53D: changes role from  FOLLOWER to FOLLOWER at term 1 for candidate:252f6884-8a0a-4c07-9df6-494d0e55bfc9
2023-06-06 06:59:33,491 [grpc-default-executor-4] INFO  impl.RoleInfo (RoleInfo.java:shutdownFollowerState(110)) - 9b7fe73a-3db0-4294-ac6d-c59285debe9e: shutdown 9b7fe73a-3db0-4294-ac6d-c59285debe9e@group-09ABCAD8A53D-FollowerState
2023-06-06 06:59:33,491 [grpc-default-executor-4] INFO  impl.RoleInfo (RoleInfo.java:updateAndGet(139)) - 9b7fe73a-3db0-4294-ac6d-c59285debe9e: start 9b7fe73a-3db0-4294-ac6d-c59285debe9e@group-09ABCAD8A53D-FollowerState
2023-06-06 06:59:33,491 [252f6884-8a0a-4c07-9df6-494d0e55bfc9@group-09ABCAD8A53D-LeaderElection7] INFO  server.RaftServerConfigKeys (ConfUtils.java:logGet(46)) - raft.server.log.appender.snapshot.chunk.size.max = 16MB (=16777216) (default)
2023-06-06 06:59:33,491 [9b7fe73a-3db0-4294-ac6d-c59285debe9e@group-09ABCAD8A53D-FollowerState] INFO  impl.FollowerState (FollowerState.java:run(152)) - 9b7fe73a-3db0-4294-ac6d-c59285debe9e@group-09ABCAD8A53D-FollowerState was interrupted
2023-06-06 06:59:33,491 [252f6884-8a0a-4c07-9df6-494d0e55bfc9@group-09ABCAD8A53D-LeaderElection7] INFO  server.RaftServerConfigKeys (ConfUtils.java:logGet(46)) - raft.server.log.appender.buffer.byte-limit = 33554432 (custom)
2023-06-06 06:59:33,491 [252f6884-8a0a-4c07-9df6-494d0e55bfc9@group-09ABCAD8A53D-LeaderElection7] INFO  server.RaftServerConfigKeys (ConfUtils.java:logGet(46)) - raft.server.log.appender.buffer.element-limit = 1 (custom)
2023-06-06 06:59:33,492 [e0d9f277-ba74-4528-aa5b-6dadce97c603@group-E96348555626-LeaderElection8] INFO  impl.LeaderElection (LeaderElection.java:askForVotes(321)) - e0d9f277-ba74-4528-aa5b-6dadce97c603@group-E96348555626-LeaderElection8 ELECTION round 0: submit vote requests at term 1 for -1: peers:[e0d9f277-ba74-4528-aa5b-6dadce97c603|rpc:10.1.26.1:15040|admin:10.1.26.1:15039|client:10.1.26.1:15038|dataStream:10.1.26.1:15041|priority:1|startupRole:FOLLOWER]|listeners:[], old=null
2023-06-06 06:59:33,492 [e0d9f277-ba74-4528-aa5b-6dadce97c603@group-E96348555626-LeaderElection8] INFO  impl.LeaderElection (LeaderElection.java:askForVotes(323)) - e0d9f277-ba74-4528-aa5b-6dadce97c603@group-E96348555626-LeaderElection8 ELECTION round 0: result PASSED (term=1)
2023-06-06 06:59:33,492 [e0d9f277-ba74-4528-aa5b-6dadce97c603@group-E96348555626-LeaderElection8] INFO  impl.RoleInfo (RoleInfo.java:shutdownLeaderElection(130)) - e0d9f277-ba74-4528-aa5b-6dadce97c603: shutdown e0d9f277-ba74-4528-aa5b-6dadce97c603@group-E96348555626-LeaderElection8
2023-06-06 06:59:33,492 [e0d9f277-ba74-4528-aa5b-6dadce97c603@group-E96348555626-LeaderElection8] INFO  server.RaftServer$Division (RaftServerImpl.java:setRole(329)) - e0d9f277-ba74-4528-aa5b-6dadce97c603@group-E96348555626: changes role from CANDIDATE to LEADER at term 1 for changeToLeader
2023-06-06 06:59:33,492 [e0d9f277-ba74-4528-aa5b-6dadce97c603@group-E96348555626-LeaderElection8] INFO  ratis.XceiverServerRatis (XceiverServerRatis.java:handleLeaderChangedNotification(902)) - Leader change notification received for group: group-E96348555626 with new leaderId: e0d9f277-ba74-4528-aa5b-6dadce97c603
2023-06-06 06:59:33,497 [e0d9f277-ba74-4528-aa5b-6dadce97c603@group-E96348555626-LeaderElection8] INFO  server.RaftServer$Division (ServerState.java:setLeader(317)) - e0d9f277-ba74-4528-aa5b-6dadce97c603@group-E96348555626: change Leader from null to e0d9f277-ba74-4528-aa5b-6dadce97c603 at term 1 for becomeLeader, leader elected after 5068ms
2023-06-06 06:59:33,497 [e0d9f277-ba74-4528-aa5b-6dadce97c603@group-E96348555626-LeaderElection8] INFO  server.RaftServerConfigKeys (ConfUtils.java:logGet(46)) - raft.server.staging.catchup.gap = 1000 (default)
2023-06-06 06:59:33,498 [EventQueue-PipelineReportForPipelineReportHandler] INFO  pipeline.PipelineManagerImpl (PipelineManagerImpl.java:openPipeline(367)) - Pipeline Pipeline[ Id: c35752c9-a1f6-4ec4-895a-09abcad8a53d, Nodes: 9b7fe73a-3db0-4294-ac6d-c59285debe9e(fv-az617-212.pwnmbzmyba5ezmab2zpzaqbtmg.cx.internal.cloudapp.net/10.1.26.1)252f6884-8a0a-4c07-9df6-494d0e55bfc9(fv-az617-212.pwnmbzmyba5ezmab2zpzaqbtmg.cx.internal.cloudapp.net/10.1.26.1)e0d9f277-ba74-4528-aa5b-6dadce97c603(fv-az617-212.pwnmbzmyba5ezmab2zpzaqbtmg.cx.internal.cloudapp.net/10.1.26.1), ReplicationConfig: RATIS/THREE, State:ALLOCATED, leaderId:252f6884-8a0a-4c07-9df6-494d0e55bfc9, CreationTimestamp2023-06-06T06:59:25.435Z[Etc/UTC]] moved to OPEN state
2023-06-06 06:59:33,498 [252f6884-8a0a-4c07-9df6-494d0e55bfc9@group-09ABCAD8A53D-LeaderElection7] INFO  server.RaftServerConfigKeys (ConfUtils.java:logGet(46)) - raft.server.log.appender.wait-time.min = 10ms (default)
2023-06-06 06:59:33,498 [252f6884-8a0a-4c07-9df6-494d0e55bfc9@group-09ABCAD8A53D-LeaderElection7] INFO  grpc.GrpcConfigKeys (ConfUtils.java:logGet(46)) - raft.grpc.server.leader.outstanding.appends.max = 128 (default)
2023-06-06 06:59:33,499 [252f6884-8a0a-4c07-9df6-494d0e55bfc9@group-09ABCAD8A53D-LeaderElection7] INFO  server.RaftServerConfigKeys (ConfUtils.java:logGet(46)) - raft.server.rpc.request.timeout = 60s (custom)
2023-06-06 06:59:33,499 [252f6884-8a0a-4c07-9df6-494d0e55bfc9@group-09ABCAD8A53D-LeaderElection7] INFO  grpc.GrpcConfigKeys (ConfUtils.java:logGet(46)) - raft.grpc.server.install_snapshot.request.element-limit = 8 (default)
2023-06-06 06:59:33,499 [252f6884-8a0a-4c07-9df6-494d0e55bfc9@group-09ABCAD8A53D-LeaderElection7] INFO  grpc.GrpcConfigKeys (ConfUtils.java:logGet(46)) - raft.grpc.server.install_snapshot.request.timeout = 3000ms (default)
2023-06-06 06:59:33,499 [252f6884-8a0a-4c07-9df6-494d0e55bfc9@group-09ABCAD8A53D-LeaderElection7] INFO  server.RaftServerConfigKeys (ConfUtils.java:logGet(46)) - raft.server.log.appender.install.snapshot.enabled = false (custom)
2023-06-06 06:59:33,499 [252f6884-8a0a-4c07-9df6-494d0e55bfc9@group-09ABCAD8A53D-LeaderElection7] INFO  grpc.GrpcConfigKeys (ConfUtils.java:logGet(46)) - raft.grpc.server.heartbeat.channel = true (default)
2023-06-06 06:59:33,499 [252f6884-8a0a-4c07-9df6-494d0e55bfc9@group-09ABCAD8A53D-LeaderElection7] INFO  server.RaftServerConfigKeys (ConfUtils.java:logGet(46)) - raft.server.log.appender.snapshot.chunk.size.max = 16MB (=16777216) (default)
2023-06-06 06:59:33,499 [252f6884-8a0a-4c07-9df6-494d0e55bfc9@group-09ABCAD8A53D-LeaderElection7] INFO  server.RaftServerConfigKeys (ConfUtils.java:logGet(46)) - raft.server.log.appender.buffer.byte-limit = 33554432 (custom)
2023-06-06 06:59:33,499 [252f6884-8a0a-4c07-9df6-494d0e55bfc9@group-09ABCAD8A53D-LeaderElection7] INFO  server.RaftServerConfigKeys (ConfUtils.java:logGet(46)) - raft.server.log.appender.buffer.element-limit = 1 (custom)
2023-06-06 06:59:33,499 [252f6884-8a0a-4c07-9df6-494d0e55bfc9@group-09ABCAD8A53D-LeaderElection7] INFO  server.RaftServerConfigKeys (ConfUtils.java:logGet(46)) - raft.server.log.appender.wait-time.min = 10ms (default)
2023-06-06 06:59:33,500 [252f6884-8a0a-4c07-9df6-494d0e55bfc9@group-09ABCAD8A53D-LeaderElection7] INFO  grpc.GrpcConfigKeys (ConfUtils.java:logGet(46)) - raft.grpc.server.leader.outstanding.appends.max = 128 (default)
2023-06-06 06:59:33,500 [252f6884-8a0a-4c07-9df6-494d0e55bfc9@group-09ABCAD8A53D-LeaderElection7] INFO  server.RaftServerConfigKeys (ConfUtils.java:logGet(46)) - raft.server.rpc.request.timeout = 60s (custom)
2023-06-06 06:59:33,500 [252f6884-8a0a-4c07-9df6-494d0e55bfc9@group-09ABCAD8A53D-LeaderElection7] INFO  grpc.GrpcConfigKeys (ConfUtils.java:logGet(46)) - raft.grpc.server.install_snapshot.request.element-limit = 8 (default)
2023-06-06 06:59:33,500 [252f6884-8a0a-4c07-9df6-494d0e55bfc9@group-09ABCAD8A53D-LeaderElection7] INFO  grpc.GrpcConfigKeys (ConfUtils.java:logGet(46)) - raft.grpc.server.install_snapshot.request.timeout = 3000ms (default)
2023-06-06 06:59:33,500 [252f6884-8a0a-4c07-9df6-494d0e55bfc9@group-09ABCAD8A53D-LeaderElection7] INFO  server.RaftServerConfigKeys (ConfUtils.java:logGet(46)) - raft.server.log.appender.install.snapshot.enabled = false (custom)
2023-06-06 06:59:33,500 [252f6884-8a0a-4c07-9df6-494d0e55bfc9@group-09ABCAD8A53D-LeaderElection7] INFO  grpc.GrpcConfigKeys (ConfUtils.java:logGet(46)) - raft.grpc.server.heartbeat.channel = true (default)
2023-06-06 06:59:33,500 [252f6884-8a0a-4c07-9df6-494d0e55bfc9@group-09ABCAD8A53D-LeaderElection7] INFO  impl.RoleInfo (RoleInfo.java:updateAndGet(139)) - 252f6884-8a0a-4c07-9df6-494d0e55bfc9: start 252f6884-8a0a-4c07-9df6-494d0e55bfc9@group-09ABCAD8A53D-LeaderStateImpl
2023-06-06 06:59:33,500 [252f6884-8a0a-4c07-9df6-494d0e55bfc9@group-09ABCAD8A53D-LeaderElection7] INFO  segmented.SegmentedRaftLogWorker (SegmentedRaftLogWorker.java:startLogSegment(447)) - 252f6884-8a0a-4c07-9df6-494d0e55bfc9@group-09ABCAD8A53D-SegmentedRaftLogWorker: Starting segment from index:0
2023-06-06 06:59:33,501 [e0d9f277-ba74-4528-aa5b-6dadce97c603@group-E96348555626-LeaderElection8] INFO  server.RaftServerConfigKeys (ConfUtils.java:logGet(46)) - raft.server.write.element-limit = 1024 (custom)
2023-06-06 06:59:33,501 [e0d9f277-ba74-4528-aa5b-6dadce97c603@group-E96348555626-LeaderElection8] INFO  server.RaftServerConfigKeys (ConfUtils.java:logGet(46)) - raft.server.write.byte-limit = 1024 M (=1073741824) (custom)
2023-06-06 06:59:33,501 [e0d9f277-ba74-4528-aa5b-6dadce97c603@group-E96348555626-LeaderElection8] INFO  server.RaftServerConfigKeys (ConfUtils.java:logGet(46)) - raft.server.watch.timeout = 180s (custom)
2023-06-06 06:59:33,501 [e0d9f277-ba74-4528-aa5b-6dadce97c603@group-E96348555626-LeaderElection8] INFO  server.RaftServerConfigKeys (ConfUtils.java:logGet(46)) - raft.server.watch.timeout.denomination = 1s (default)
2023-06-06 06:59:33,501 [e0d9f277-ba74-4528-aa5b-6dadce97c603@group-E96348555626-LeaderElection8] INFO  server.RaftServerConfigKeys (ConfUtils.java:logGet(46)) - raft.server.watch.element-limit = 65536 (default)
2023-06-06 06:59:33,501 [e0d9f277-ba74-4528-aa5b-6dadce97c603@group-E96348555626-LeaderElection8] INFO  server.RaftServerConfigKeys (ConfUtils.java:logGet(46)) - raft.server.write.element-limit = 1024 (custom)
2023-06-06 06:59:33,501 [e0d9f277-ba74-4528-aa5b-6dadce97c603@group-E96348555626-LeaderElection8] INFO  server.RaftServerConfigKeys (ConfUtils.java:logGet(46)) - raft.server.write.follower.gap.ratio.max = -1.0 (default)
2023-06-06 06:59:33,501 [e0d9f277-ba74-4528-aa5b-6dadce97c603@group-E96348555626-LeaderElection8] INFO  impl.RoleInfo (RoleInfo.java:updateAndGet(139)) - e0d9f277-ba74-4528-aa5b-6dadce97c603: start e0d9f277-ba74-4528-aa5b-6dadce97c603@group-E96348555626-LeaderStateImpl
2023-06-06 06:59:33,501 [e0d9f277-ba74-4528-aa5b-6dadce97c603@group-E96348555626-LeaderElection8] INFO  segmented.SegmentedRaftLogWorker (SegmentedRaftLogWorker.java:startLogSegment(447)) - e0d9f277-ba74-4528-aa5b-6dadce97c603@group-E96348555626-SegmentedRaftLogWorker: Starting segment from index:0
2023-06-06 06:59:33,504 [252f6884-8a0a-4c07-9df6-494d0e55bfc9@group-09ABCAD8A53D-SegmentedRaftLogWorker] INFO  segmented.SegmentedRaftLogWorker (SegmentedRaftLogWorker.java:execute(651)) - 252f6884-8a0a-4c07-9df6-494d0e55bfc9@group-09ABCAD8A53D-SegmentedRaftLogWorker: created new log segment /home/runner/work/ozone/ozone/hadoop-ozone/integration-test/target/test-dir/MiniOzoneClusterImpl-8bad4e8b-826b-4b9b-92b9-e03c261c0494/datanode-0/data/ratis/c35752c9-a1f6-4ec4-895a-09abcad8a53d/current/log_inprogress_0
2023-06-06 06:59:33,522 [252f6884-8a0a-4c07-9df6-494d0e55bfc9@group-09ABCAD8A53D-LeaderElection7] INFO  server.RaftServer$Division (ServerState.java:setRaftConf(434)) - 252f6884-8a0a-4c07-9df6-494d0e55bfc9@group-09ABCAD8A53D: set configuration 0: peers:[252f6884-8a0a-4c07-9df6-494d0e55bfc9|rpc:10.1.26.1:15022|admin:10.1.26.1:15021|client:10.1.26.1:15020|dataStream:10.1.26.1:15023|priority:1|startupRole:FOLLOWER, e0d9f277-ba74-4528-aa5b-6dadce97c603|rpc:10.1.26.1:15040|admin:10.1.26.1:15039|client:10.1.26.1:15038|dataStream:10.1.26.1:15041|priority:0|startupRole:FOLLOWER, 9b7fe73a-3db0-4294-ac6d-c59285debe9e|rpc:10.1.26.1:15031|admin:10.1.26.1:15030|client:10.1.26.1:15029|dataStream:10.1.26.1:15032|priority:0|startupRole:FOLLOWER]|listeners:[], old=null
2023-06-06 06:59:33,522 [grpc-default-executor-4] INFO  server.RaftServer$Division (RaftServerImpl.java:requestVote(1335)) - 9b7fe73a-3db0-4294-ac6d-c59285debe9e@group-09ABCAD8A53D replies to ELECTION vote request: 252f6884-8a0a-4c07-9df6-494d0e55bfc9<-9b7fe73a-3db0-4294-ac6d-c59285debe9e#0:OK-t1. Peer's state: 9b7fe73a-3db0-4294-ac6d-c59285debe9e@group-09ABCAD8A53D:t1, leader=null, voted=252f6884-8a0a-4c07-9df6-494d0e55bfc9, raftlog=Memoized:9b7fe73a-3db0-4294-ac6d-c59285debe9e@group-09ABCAD8A53D-SegmentedRaftLog:OPENED:c-1, conf=-1: peers:[252f6884-8a0a-4c07-9df6-494d0e55bfc9|rpc:10.1.26.1:15022|admin:10.1.26.1:15021|client:10.1.26.1:15020|dataStream:10.1.26.1:15023|priority:1|startupRole:FOLLOWER, e0d9f277-ba74-4528-aa5b-6dadce97c603|rpc:10.1.26.1:15040|admin:10.1.26.1:15039|client:10.1.26.1:15038|dataStream:10.1.26.1:15041|priority:0|startupRole:FOLLOWER, 9b7fe73a-3db0-4294-ac6d-c59285debe9e|rpc:10.1.26.1:15031|admin:10.1.26.1:15030|client:10.1.26.1:15029|dataStream:10.1.26.1:15032|priority:0|startupRole:FOLLOWER]|listeners:[], old=null
2023-06-06 06:59:33,532 [e0d9f277-ba74-4528-aa5b-6dadce97c603@group-E96348555626-SegmentedRaftLogWorker] INFO  segmented.SegmentedRaftLogWorker (SegmentedRaftLogWorker.java:execute(651)) - e0d9f277-ba74-4528-aa5b-6dadce97c603@group-E96348555626-SegmentedRaftLogWorker: created new log segment /home/runner/work/ozone/ozone/hadoop-ozone/integration-test/target/test-dir/MiniOzoneClusterImpl-8bad4e8b-826b-4b9b-92b9-e03c261c0494/datanode-2/data/ratis/8a30cac3-0859-477f-b64f-e96348555626/current/log_inprogress_0
2023-06-06 06:59:33,550 [e0d9f277-ba74-4528-aa5b-6dadce97c603@group-E96348555626-LeaderElection8] INFO  server.RaftServer$Division (ServerState.java:setRaftConf(434)) - e0d9f277-ba74-4528-aa5b-6dadce97c603@group-E96348555626: set configuration 0: peers:[e0d9f277-ba74-4528-aa5b-6dadce97c603|rpc:10.1.26.1:15040|admin:10.1.26.1:15039|client:10.1.26.1:15038|dataStream:10.1.26.1:15041|priority:1|startupRole:FOLLOWER]|listeners:[], old=null
2023-06-06 06:59:33,553 [e0d9f277-ba74-4528-aa5b-6dadce97c603-server-thread1] INFO  ratis.XceiverServerRatis (XceiverServerRatis.java:handleLeaderChangedNotification(902)) - Leader change notification received for group: group-09ABCAD8A53D with new leaderId: 252f6884-8a0a-4c07-9df6-494d0e55bfc9
2023-06-06 06:59:33,553 [e0d9f277-ba74-4528-aa5b-6dadce97c603-server-thread1] INFO  server.RaftServer$Division (ServerState.java:setLeader(317)) - e0d9f277-ba74-4528-aa5b-6dadce97c603@group-09ABCAD8A53D: change Leader from null to 252f6884-8a0a-4c07-9df6-494d0e55bfc9 at term 1 for appendEntries, leader elected after 5245ms
2023-06-06 06:59:33,555 [9b7fe73a-3db0-4294-ac6d-c59285debe9e-server-thread1] INFO  ratis.XceiverServerRatis (XceiverServerRatis.java:handleLeaderChangedNotification(902)) - Leader change notification received for group: group-09ABCAD8A53D with new leaderId: 252f6884-8a0a-4c07-9df6-494d0e55bfc9
2023-06-06 06:59:33,555 [9b7fe73a-3db0-4294-ac6d-c59285debe9e-server-thread1] INFO  server.RaftServer$Division (ServerState.java:setLeader(317)) - 9b7fe73a-3db0-4294-ac6d-c59285debe9e@group-09ABCAD8A53D: change Leader from null to 252f6884-8a0a-4c07-9df6-494d0e55bfc9 at term 1 for appendEntries, leader elected after 5378ms
2023-06-06 06:59:33,561 [e0d9f277-ba74-4528-aa5b-6dadce97c603-server-thread1] INFO  server.RaftServer$Division (ServerState.java:setRaftConf(434)) - e0d9f277-ba74-4528-aa5b-6dadce97c603@group-09ABCAD8A53D: set configuration 0: peers:[252f6884-8a0a-4c07-9df6-494d0e55bfc9|rpc:10.1.26.1:15022|admin:10.1.26.1:15021|client:10.1.26.1:15020|dataStream:10.1.26.1:15023|priority:1|startupRole:FOLLOWER, e0d9f277-ba74-4528-aa5b-6dadce97c603|rpc:10.1.26.1:15040|admin:10.1.26.1:15039|client:10.1.26.1:15038|dataStream:10.1.26.1:15041|priority:0|startupRole:FOLLOWER, 9b7fe73a-3db0-4294-ac6d-c59285debe9e|rpc:10.1.26.1:15031|admin:10.1.26.1:15030|client:10.1.26.1:15029|dataStream:10.1.26.1:15032|priority:0|startupRole:FOLLOWER]|listeners:[], old=null
2023-06-06 06:59:33,561 [e0d9f277-ba74-4528-aa5b-6dadce97c603-server-thread1] INFO  segmented.SegmentedRaftLogWorker (SegmentedRaftLogWorker.java:startLogSegment(447)) - e0d9f277-ba74-4528-aa5b-6dadce97c603@group-09ABCAD8A53D-SegmentedRaftLogWorker: Starting segment from index:0
2023-06-06 06:59:33,563 [e0d9f277-ba74-4528-aa5b-6dadce97c603@group-09ABCAD8A53D-SegmentedRaftLogWorker] INFO  segmented.SegmentedRaftLogWorker (SegmentedRaftLogWorker.java:execute(651)) - e0d9f277-ba74-4528-aa5b-6dadce97c603@group-09ABCAD8A53D-SegmentedRaftLogWorker: created new log segment /home/runner/work/ozone/ozone/hadoop-ozone/integration-test/target/test-dir/MiniOzoneClusterImpl-8bad4e8b-826b-4b9b-92b9-e03c261c0494/datanode-2/data/ratis/c35752c9-a1f6-4ec4-895a-09abcad8a53d/current/log_inprogress_0
2023-06-06 06:59:33,581 [9b7fe73a-3db0-4294-ac6d-c59285debe9e-server-thread1] INFO  server.RaftServer$Division (ServerState.java:setRaftConf(434)) - 9b7fe73a-3db0-4294-ac6d-c59285debe9e@group-09ABCAD8A53D: set configuration 0: peers:[252f6884-8a0a-4c07-9df6-494d0e55bfc9|rpc:10.1.26.1:15022|admin:10.1.26.1:15021|client:10.1.26.1:15020|dataStream:10.1.26.1:15023|priority:1|startupRole:FOLLOWER, e0d9f277-ba74-4528-aa5b-6dadce97c603|rpc:10.1.26.1:15040|admin:10.1.26.1:15039|client:10.1.26.1:15038|dataStream:10.1.26.1:15041|priority:0|startupRole:FOLLOWER, 9b7fe73a-3db0-4294-ac6d-c59285debe9e|rpc:10.1.26.1:15031|admin:10.1.26.1:15030|client:10.1.26.1:15029|dataStream:10.1.26.1:15032|priority:0|startupRole:FOLLOWER]|listeners:[], old=null
2023-06-06 06:59:33,581 [9b7fe73a-3db0-4294-ac6d-c59285debe9e-server-thread1] INFO  segmented.SegmentedRaftLogWorker (SegmentedRaftLogWorker.java:startLogSegment(447)) - 9b7fe73a-3db0-4294-ac6d-c59285debe9e@group-09ABCAD8A53D-SegmentedRaftLogWorker: Starting segment from index:0
2023-06-06 06:59:33,585 [9b7fe73a-3db0-4294-ac6d-c59285debe9e@group-09ABCAD8A53D-SegmentedRaftLogWorker] INFO  segmented.SegmentedRaftLogWorker (SegmentedRaftLogWorker.java:execute(651)) - 9b7fe73a-3db0-4294-ac6d-c59285debe9e@group-09ABCAD8A53D-SegmentedRaftLogWorker: created new log segment /home/runner/work/ozone/ozone/hadoop-ozone/integration-test/target/test-dir/MiniOzoneClusterImpl-8bad4e8b-826b-4b9b-92b9-e03c261c0494/datanode-1/data/ratis/c35752c9-a1f6-4ec4-895a-09abcad8a53d/current/log_inprogress_0
2023-06-06 06:59:34,249 [omNode-3@group-523986131536-FollowerState] INFO  server.RaftServerConfigKeys (ConfUtils.java:logFallback(53)) - raft.server.rpc.first-election.timeout.min = 1s (fallback to raft.server.rpc.timeout.min)
2023-06-06 06:59:34,249 [omNode-3@group-523986131536-FollowerState] INFO  server.RaftServerConfigKeys (ConfUtils.java:logFallback(53)) - raft.server.rpc.first-election.timeout.max = 1200ms (fallback to raft.server.rpc.timeout.max)
2023-06-06 06:59:34,249 [JvmPauseMonitor0] WARN  util.JvmPauseMonitor (JvmPauseMonitor.java:detectPause(124)) - JvmPauseMonitor-7f12c2bd-23cc-4f26-a72c-d3222d11a825: Detected pause in JVM or host machine approximately 0.105s with 0.316s GC time.
GC pool 'PS MarkSweep' had collection(s): count=1 time=252ms
GC pool 'PS Scavenge' had collection(s): count=1 time=64ms
2023-06-06 06:59:34,252 [JvmPauseMonitor6] WARN  util.JvmPauseMonitor (JvmPauseMonitor.java:detectPause(124)) - JvmPauseMonitor-e0d9f277-ba74-4528-aa5b-6dadce97c603: Detected pause in JVM or host machine approximately 0.172s with 0.316s GC time.
GC pool 'PS MarkSweep' had collection(s): count=1 time=252ms
GC pool 'PS Scavenge' had collection(s): count=1 time=64ms
2023-06-06 06:59:34,259 [JvmPauseMonitor2] WARN  util.JvmPauseMonitor (JvmPauseMonitor.java:detectPause(124)) - JvmPauseMonitor-omNode-2: Detected pause in JVM or host machine approximately 0.330s with 0.316s GC time.
GC pool 'PS MarkSweep' had collection(s): count=1 time=252ms
GC pool 'PS Scavenge' had collection(s): count=1 time=64ms
2023-06-06 06:59:34,325 [main] INFO  rpc.RpcClient (RpcClient.java:createVolume(459)) - Creating Volume: volume52650, with user31706 as owner and space quota set to -1 bytes, counts quota set to -1
2023-06-06 06:59:34,401 [OM StateMachine ApplyTransaction Thread - 0] INFO  volume.OMVolumeCreateRequest (OMVolumeCreateRequest.java:validateAndUpdateCache(196)) - created volume:volume52650 for user:user31706
2023-06-06 06:59:34,404 [OM StateMachine ApplyTransaction Thread - 0] INFO  volume.OMVolumeCreateRequest (OMVolumeCreateRequest.java:validateAndUpdateCache(196)) - created volume:volume52650 for user:user31706
2023-06-06 06:59:34,403 [OM StateMachine ApplyTransaction Thread - 0] INFO  volume.OMVolumeCreateRequest (OMVolumeCreateRequest.java:validateAndUpdateCache(196)) - created volume:volume52650 for user:user31706
2023-06-06 06:59:34,431 [main] INFO  rpc.RpcClient (RpcClient.java:createBucket(686)) - Creating Bucket: volume52650/0e6585de-021f-4776-bccc-e0c027bafae6, with server-side default bucket layout, runner as owner, Versioning false, Storage Type set to DISK and Encryption set to false, Replication Type set to server-side default replication type, Namespace Quota set to -1, Space Quota set to -1 
2023-06-06 06:59:34,449 [OM StateMachine ApplyTransaction Thread - 0] INFO  bucket.OMBucketCreateRequest (OMBucketCreateRequest.java:validateAndUpdateCache(270)) - created bucket: 0e6585de-021f-4776-bccc-e0c027bafae6 of layout OBJECT_STORE in volume: volume52650
2023-06-06 06:59:34,454 [OM StateMachine ApplyTransaction Thread - 0] INFO  bucket.OMBucketCreateRequest (OMBucketCreateRequest.java:validateAndUpdateCache(270)) - created bucket: 0e6585de-021f-4776-bccc-e0c027bafae6 of layout OBJECT_STORE in volume: volume52650
2023-06-06 06:59:34,466 [OM StateMachine ApplyTransaction Thread - 0] INFO  bucket.OMBucketCreateRequest (OMBucketCreateRequest.java:validateAndUpdateCache(270)) - created bucket: 0e6585de-021f-4776-bccc-e0c027bafae6 of layout OBJECT_STORE in volume: volume52650
2023-06-06 06:59:34,505 [OM StateMachine ApplyTransaction Thread - 0] ERROR acl.OMBucketAddAclRequest (OMBucketAddAclRequest.java:onComplete(134)) - Add acl [user:remoteUser:r[DEFAULT]] to path /volume52650/0e6585de-021f-4776-bccc-e0c027bafae6 failed, because acl already exist
2023-06-06 06:59:34,515 [OM StateMachine ApplyTransaction Thread - 0] ERROR acl.OMBucketAddAclRequest (OMBucketAddAclRequest.java:onComplete(134)) - Add acl [user:remoteUser:r[DEFAULT]] to path /volume52650/0e6585de-021f-4776-bccc-e0c027bafae6 failed, because acl already exist
2023-06-06 06:59:34,513 [OM StateMachine ApplyTransaction Thread - 0] ERROR acl.OMBucketAddAclRequest (OMBucketAddAclRequest.java:onComplete(134)) - Add acl [user:remoteUser:r[DEFAULT]] to path /volume52650/0e6585de-021f-4776-bccc-e0c027bafae6 failed, because acl already exist
2023-06-06 06:59:34,544 [main] INFO  rpc.RpcClient (RpcClient.java:createVolume(459)) - Creating Volume: volume04379, with user79295 as owner and space quota set to -1 bytes, counts quota set to -1
2023-06-06 06:59:34,551 [OM StateMachine ApplyTransaction Thread - 0] INFO  volume.OMVolumeCreateRequest (OMVolumeCreateRequest.java:validateAndUpdateCache(196)) - created volume:volume04379 for user:user79295
2023-06-06 06:59:34,553 [main] INFO  rpc.RpcClient (RpcClient.java:createBucket(686)) - Creating Bucket: volume04379/af1c72c2-32d6-4475-bd59-d871d1aaba05, with server-side default bucket layout, runner as owner, Versioning false, Storage Type set to DISK and Encryption set to false, Replication Type set to server-side default replication type, Namespace Quota set to -1, Space Quota set to -1 
2023-06-06 06:59:34,559 [OM StateMachine ApplyTransaction Thread - 0] INFO  volume.OMVolumeCreateRequest (OMVolumeCreateRequest.java:validateAndUpdateCache(196)) - created volume:volume04379 for user:user79295
2023-06-06 06:59:34,560 [OM StateMachine ApplyTransaction Thread - 0] INFO  volume.OMVolumeCreateRequest (OMVolumeCreateRequest.java:validateAndUpdateCache(196)) - created volume:volume04379 for user:user79295
2023-06-06 06:59:34,572 [OM StateMachine ApplyTransaction Thread - 0] INFO  bucket.OMBucketCreateRequest (OMBucketCreateRequest.java:validateAndUpdateCache(270)) - created bucket: af1c72c2-32d6-4475-bd59-d871d1aaba05 of layout OBJECT_STORE in volume: volume04379
2023-06-06 06:59:34,583 [OM StateMachine ApplyTransaction Thread - 0] INFO  bucket.OMBucketCreateRequest (OMBucketCreateRequest.java:validateAndUpdateCache(270)) - created bucket: af1c72c2-32d6-4475-bd59-d871d1aaba05 of layout OBJECT_STORE in volume: volume04379
2023-06-06 06:59:34,584 [OM StateMachine ApplyTransaction Thread - 0] INFO  bucket.OMBucketCreateRequest (OMBucketCreateRequest.java:validateAndUpdateCache(270)) - created bucket: af1c72c2-32d6-4475-bd59-d871d1aaba05 of layout OBJECT_STORE in volume: volume04379
2023-06-06 06:59:34,607 [OM StateMachine ApplyTransaction Thread - 0] ERROR acl.OMBucketRemoveAclRequest (OMBucketRemoveAclRequest.java:onComplete(131)) - Remove acl [user:runner:a[ACCESS]] for path /volume04379/af1c72c2-32d6-4475-bd59-d871d1aaba05 failed, because acl does not exist
2023-06-06 06:59:34,613 [OM StateMachine ApplyTransaction Thread - 0] ERROR acl.OMBucketRemoveAclRequest (OMBucketRemoveAclRequest.java:onComplete(131)) - Remove acl [user:runner:a[ACCESS]] for path /volume04379/af1c72c2-32d6-4475-bd59-d871d1aaba05 failed, because acl does not exist
2023-06-06 06:59:34,629 [OM StateMachine ApplyTransaction Thread - 0] ERROR acl.OMBucketRemoveAclRequest (OMBucketRemoveAclRequest.java:onComplete(131)) - Remove acl [user:runner:a[ACCESS]] for path /volume04379/af1c72c2-32d6-4475-bd59-d871d1aaba05 failed, because acl does not exist
2023-06-06 06:59:34,711 [main] INFO  rpc.RpcClient (RpcClient.java:createVolume(459)) - Creating Volume: volume02730, with user43036 as owner and space quota set to -1 bytes, counts quota set to -1
2023-06-06 06:59:34,716 [OM StateMachine ApplyTransaction Thread - 0] INFO  volume.OMVolumeCreateRequest (OMVolumeCreateRequest.java:validateAndUpdateCache(196)) - created volume:volume02730 for user:user43036
2023-06-06 06:59:34,718 [main] INFO  rpc.RpcClient (RpcClient.java:createBucket(686)) - Creating Bucket: volume02730/e1a17660-ff38-45bf-b14a-8bbcc5bc7e20, with server-side default bucket layout, runner as owner, Versioning false, Storage Type set to DISK and Encryption set to false, Replication Type set to server-side default replication type, Namespace Quota set to -1, Space Quota set to -1 
2023-06-06 06:59:34,725 [OM StateMachine ApplyTransaction Thread - 0] INFO  volume.OMVolumeCreateRequest (OMVolumeCreateRequest.java:validateAndUpdateCache(196)) - created volume:volume02730 for user:user43036
2023-06-06 06:59:34,726 [OM StateMachine ApplyTransaction Thread - 0] INFO  volume.OMVolumeCreateRequest (OMVolumeCreateRequest.java:validateAndUpdateCache(196)) - created volume:volume02730 for user:user43036
2023-06-06 06:59:34,737 [OM StateMachine ApplyTransaction Thread - 0] INFO  bucket.OMBucketCreateRequest (OMBucketCreateRequest.java:validateAndUpdateCache(270)) - created bucket: e1a17660-ff38-45bf-b14a-8bbcc5bc7e20 of layout OBJECT_STORE in volume: volume02730
2023-06-06 06:59:34,746 [OM StateMachine ApplyTransaction Thread - 0] INFO  bucket.OMBucketCreateRequest (OMBucketCreateRequest.java:validateAndUpdateCache(270)) - created bucket: e1a17660-ff38-45bf-b14a-8bbcc5bc7e20 of layout OBJECT_STORE in volume: volume02730
2023-06-06 06:59:34,749 [OM StateMachine ApplyTransaction Thread - 0] INFO  bucket.OMBucketCreateRequest (OMBucketCreateRequest.java:validateAndUpdateCache(270)) - created bucket: e1a17660-ff38-45bf-b14a-8bbcc5bc7e20 of layout OBJECT_STORE in volume: volume02730
2023-06-06 06:59:34,779 [main] INFO  rpc.RpcClient (RpcClient.java:createVolume(459)) - Creating Volume: volume85951, with user15692 as owner and space quota set to -1 bytes, counts quota set to -1
2023-06-06 06:59:34,784 [OM StateMachine ApplyTransaction Thread - 0] INFO  volume.OMVolumeCreateRequest (OMVolumeCreateRequest.java:validateAndUpdateCache(196)) - created volume:volume85951 for user:user15692
2023-06-06 06:59:34,787 [main] INFO  rpc.RpcClient (RpcClient.java:createBucket(686)) - Creating Bucket: volume85951/3cd3439c-b115-437e-8b4c-30c8afa94a6b, with server-side default bucket layout, runner as owner, Versioning false, Storage Type set to DISK and Encryption set to false, Replication Type set to server-side default replication type, Namespace Quota set to -1, Space Quota set to -1 
2023-06-06 06:59:34,793 [OM StateMachine ApplyTransaction Thread - 0] INFO  volume.OMVolumeCreateRequest (OMVolumeCreateRequest.java:validateAndUpdateCache(196)) - created volume:volume85951 for user:user15692
2023-06-06 06:59:34,796 [OM StateMachine ApplyTransaction Thread - 0] INFO  volume.OMVolumeCreateRequest (OMVolumeCreateRequest.java:validateAndUpdateCache(196)) - created volume:volume85951 for user:user15692
2023-06-06 06:59:34,806 [OM StateMachine ApplyTransaction Thread - 0] INFO  bucket.OMBucketCreateRequest (OMBucketCreateRequest.java:validateAndUpdateCache(270)) - created bucket: 3cd3439c-b115-437e-8b4c-30c8afa94a6b of layout OBJECT_STORE in volume: volume85951
2023-06-06 06:59:34,817 [OM StateMachine ApplyTransaction Thread - 0] INFO  bucket.OMBucketCreateRequest (OMBucketCreateRequest.java:validateAndUpdateCache(270)) - created bucket: 3cd3439c-b115-437e-8b4c-30c8afa94a6b of layout OBJECT_STORE in volume: volume85951
2023-06-06 06:59:34,818 [OM StateMachine ApplyTransaction Thread - 0] INFO  bucket.OMBucketCreateRequest (OMBucketCreateRequest.java:validateAndUpdateCache(270)) - created bucket: 3cd3439c-b115-437e-8b4c-30c8afa94a6b of layout OBJECT_STORE in volume: volume85951
2023-06-06 06:59:34,857 [IPC Server handler 6 on default port 15001] INFO  ha.SequenceIdGenerator (SequenceIdGenerator.java:getNextId(128)) - Allocate a batch for containerId, change lastId from 0 to 1000.
2023-06-06 06:59:34,867 [IPC Server handler 6 on default port 15001] WARN  ha.SequenceIdGenerator (SequenceIdGenerator.java:allocateBatch(237)) - Failed to allocate a batch for localId, expected lastId is 0, actual lastId is 111677748019200000.
2023-06-06 06:59:34,867 [IPC Server handler 6 on default port 15001] INFO  ha.SequenceIdGenerator (SequenceIdGenerator.java:getNextId(128)) - Allocate a batch for localId, change lastId from 111677748019200000 to 111677748019201000.
2023-06-06 06:59:34,952 [main] INFO  impl.MetricsSystemImpl (MetricsSystemImpl.java:init(158)) - XceiverClientMetrics metrics system started (again)
2023-06-06 06:59:34,956 [main] INFO  lib.Interns (Interns.java:removeEldestEntry(50)) - Metrics intern cache overflow at 2011 for MetricsSystem={MetricsSystem=MetricsInfoImpl{name=MetricsSystem, description=MetricsSystem}, MetricsSystem record=MetricsInfoImpl{name=MetricsSystem, description=MetricsSystem record}}
2023-06-06 06:59:35,285 [main] INFO  rpc.RpcClient (RpcClient.java:createVolume(459)) - Creating Volume: volume42579, with user06979 as owner and space quota set to -1 bytes, counts quota set to -1
2023-06-06 06:59:35,290 [OM StateMachine ApplyTransaction Thread - 0] INFO  volume.OMVolumeCreateRequest (OMVolumeCreateRequest.java:validateAndUpdateCache(196)) - created volume:volume42579 for user:user06979
2023-06-06 06:59:35,293 [main] INFO  rpc.RpcClient (RpcClient.java:createBucket(686)) - Creating Bucket: volume42579/43cbc609-c6da-4f8a-a4fa-34950c9de860, with server-side default bucket layout, runner as owner, Versioning false, Storage Type set to DISK and Encryption set to false, Replication Type set to server-side default replication type, Namespace Quota set to -1, Space Quota set to -1 
2023-06-06 06:59:35,300 [OM StateMachine ApplyTransaction Thread - 0] INFO  volume.OMVolumeCreateRequest (OMVolumeCreateRequest.java:validateAndUpdateCache(196)) - created volume:volume42579 for user:user06979
2023-06-06 06:59:35,301 [OM StateMachine ApplyTransaction Thread - 0] INFO  volume.OMVolumeCreateRequest (OMVolumeCreateRequest.java:validateAndUpdateCache(196)) - created volume:volume42579 for user:user06979
2023-06-06 06:59:35,312 [OM StateMachine ApplyTransaction Thread - 0] INFO  bucket.OMBucketCreateRequest (OMBucketCreateRequest.java:validateAndUpdateCache(270)) - created bucket: 43cbc609-c6da-4f8a-a4fa-34950c9de860 of layout OBJECT_STORE in volume: volume42579
2023-06-06 06:59:35,321 [OM StateMachine ApplyTransaction Thread - 0] INFO  bucket.OMBucketCreateRequest (OMBucketCreateRequest.java:validateAndUpdateCache(270)) - created bucket: 43cbc609-c6da-4f8a-a4fa-34950c9de860 of layout OBJECT_STORE in volume: volume42579
2023-06-06 06:59:35,323 [omNode-1@group-523986131536-StateMachineUpdater] INFO  ratis.OzoneManagerStateMachine (OzoneManagerStateMachine.java:takeSnapshot(479)) - Current Snapshot Index (t:1, i:50)
2023-06-06 06:59:35,325 [OM StateMachine ApplyTransaction Thread - 0] INFO  bucket.OMBucketCreateRequest (OMBucketCreateRequest.java:validateAndUpdateCache(270)) - created bucket: 43cbc609-c6da-4f8a-a4fa-34950c9de860 of layout OBJECT_STORE in volume: volume42579
2023-06-06 06:59:35,332 [omNode-2@group-523986131536-StateMachineUpdater] INFO  ratis.OzoneManagerStateMachine (OzoneManagerStateMachine.java:takeSnapshot(479)) - Current Snapshot Index (t:1, i:50)
2023-06-06 06:59:35,334 [omNode-3@group-523986131536-StateMachineUpdater] INFO  ratis.OzoneManagerStateMachine (OzoneManagerStateMachine.java:takeSnapshot(479)) - Current Snapshot Index (t:1, i:50)
2023-06-06 06:59:35,368 [omNode-2@group-523986131536-StateMachineUpdater] INFO  impl.StateMachineUpdater (StateMachineUpdater.java:takeSnapshot(291)) - omNode-2@group-523986131536-StateMachineUpdater: Took a snapshot at index 50
2023-06-06 06:59:35,368 [omNode-2@group-523986131536-StateMachineUpdater] INFO  impl.StateMachineUpdater (StateMachineUpdater.java:lambda$new$0(97)) - omNode-2@group-523986131536-StateMachineUpdater: snapshotIndex: updateIncreasingly -1 -> 50
2023-06-06 06:59:35,368 [omNode-2@group-523986131536-StateMachineUpdater] INFO  raftlog.RaftLog (RaftLogBase.java:purge(314)) - omNode-2@group-523986131536-SegmentedRaftLog: purge 50
2023-06-06 06:59:35,368 [omNode-2@group-523986131536-StateMachineUpdater] INFO  raftlog.RaftLog (RaftLogBase.java:lambda$new$0(53)) - omNode-2@group-523986131536-SegmentedRaftLog: snapshotIndex: updateIncreasingly -1 -> 50
2023-06-06 06:59:35,369 [omNode-2@group-523986131536-StateMachineUpdater] INFO  raftlog.RaftLog (RaftLogBase.java:lambda$new$0(53)) - omNode-2@group-523986131536-SegmentedRaftLog: purgeIndex: updateToMax old=-1, new=50, updated? true
2023-06-06 06:59:35,369 [omNode-1@group-523986131536-StateMachineUpdater] INFO  impl.StateMachineUpdater (StateMachineUpdater.java:takeSnapshot(291)) - omNode-1@group-523986131536-StateMachineUpdater: Took a snapshot at index 50
2023-06-06 06:59:35,371 [omNode-1@group-523986131536-StateMachineUpdater] INFO  impl.StateMachineUpdater (StateMachineUpdater.java:lambda$new$0(97)) - omNode-1@group-523986131536-StateMachineUpdater: snapshotIndex: updateIncreasingly -1 -> 50
2023-06-06 06:59:35,371 [omNode-1@group-523986131536-StateMachineUpdater] INFO  raftlog.RaftLog (RaftLogBase.java:purge(314)) - omNode-1@group-523986131536-SegmentedRaftLog: purge 50
2023-06-06 06:59:35,372 [omNode-1@group-523986131536-StateMachineUpdater] INFO  raftlog.RaftLog (RaftLogBase.java:lambda$new$0(53)) - omNode-1@group-523986131536-SegmentedRaftLog: snapshotIndex: updateIncreasingly -1 -> 50
2023-06-06 06:59:35,372 [omNode-1@group-523986131536-StateMachineUpdater] INFO  raftlog.RaftLog (RaftLogBase.java:lambda$new$0(53)) - omNode-1@group-523986131536-SegmentedRaftLog: purgeIndex: updateToMax old=-1, new=50, updated? true
2023-06-06 06:59:35,387 [omNode-3@group-523986131536-StateMachineUpdater] INFO  impl.StateMachineUpdater (StateMachineUpdater.java:takeSnapshot(291)) - omNode-3@group-523986131536-StateMachineUpdater: Took a snapshot at index 50
2023-06-06 06:59:35,387 [omNode-3@group-523986131536-StateMachineUpdater] INFO  impl.StateMachineUpdater (StateMachineUpdater.java:lambda$new$0(97)) - omNode-3@group-523986131536-StateMachineUpdater: snapshotIndex: updateIncreasingly -1 -> 50
2023-06-06 06:59:35,387 [omNode-3@group-523986131536-StateMachineUpdater] INFO  raftlog.RaftLog (RaftLogBase.java:purge(314)) - omNode-3@group-523986131536-SegmentedRaftLog: purge 50
2023-06-06 06:59:35,387 [omNode-3@group-523986131536-StateMachineUpdater] INFO  raftlog.RaftLog (RaftLogBase.java:lambda$new$0(53)) - omNode-3@group-523986131536-SegmentedRaftLog: snapshotIndex: updateIncreasingly -1 -> 50
2023-06-06 06:59:35,387 [omNode-3@group-523986131536-StateMachineUpdater] INFO  raftlog.RaftLog (RaftLogBase.java:lambda$new$0(53)) - omNode-3@group-523986131536-SegmentedRaftLog: purgeIndex: updateToMax old=-1, new=50, updated? true
2023-06-06 06:59:35,436 [omNode-3@group-523986131536-FollowerState] INFO  server.RaftServerConfigKeys (ConfUtils.java:logFallback(53)) - raft.server.rpc.first-election.timeout.min = 1s (fallback to raft.server.rpc.timeout.min)
2023-06-06 06:59:35,436 [omNode-3@group-523986131536-FollowerState] INFO  server.RaftServerConfigKeys (ConfUtils.java:logFallback(53)) - raft.server.rpc.first-election.timeout.max = 1200ms (fallback to raft.server.rpc.timeout.max)
2023-06-06 06:59:35,546 [main] INFO  rpc.RpcClient (RpcClient.java:createVolume(459)) - Creating Volume: volume17533, with user02583 as owner and space quota set to -1 bytes, counts quota set to -1
2023-06-06 06:59:35,552 [OM StateMachine ApplyTransaction Thread - 0] INFO  volume.OMVolumeCreateRequest (OMVolumeCreateRequest.java:validateAndUpdateCache(196)) - created volume:volume17533 for user:user02583
2023-06-06 06:59:35,555 [main] INFO  rpc.RpcClient (RpcClient.java:createBucket(686)) - Creating Bucket: volume17533/fa9ff9ca-716b-4551-9b25-a3a148dbc7b5, with server-side default bucket layout, runner as owner, Versioning false, Storage Type set to DISK and Encryption set to false, Replication Type set to server-side default replication type, Namespace Quota set to -1, Space Quota set to -1 
2023-06-06 06:59:35,561 [OM StateMachine ApplyTransaction Thread - 0] INFO  volume.OMVolumeCreateRequest (OMVolumeCreateRequest.java:validateAndUpdateCache(196)) - created volume:volume17533 for user:user02583
2023-06-06 06:59:35,563 [OM StateMachine ApplyTransaction Thread - 0] INFO  volume.OMVolumeCreateRequest (OMVolumeCreateRequest.java:validateAndUpdateCache(196)) - created volume:volume17533 for user:user02583
2023-06-06 06:59:35,573 [OM StateMachine ApplyTransaction Thread - 0] INFO  bucket.OMBucketCreateRequest (OMBucketCreateRequest.java:validateAndUpdateCache(270)) - created bucket: fa9ff9ca-716b-4551-9b25-a3a148dbc7b5 of layout OBJECT_STORE in volume: volume17533
2023-06-06 06:59:35,583 [OM StateMachine ApplyTransaction Thread - 0] INFO  bucket.OMBucketCreateRequest (OMBucketCreateRequest.java:validateAndUpdateCache(270)) - created bucket: fa9ff9ca-716b-4551-9b25-a3a148dbc7b5 of layout OBJECT_STORE in volume: volume17533
2023-06-06 06:59:35,586 [OM StateMachine ApplyTransaction Thread - 0] INFO  bucket.OMBucketCreateRequest (OMBucketCreateRequest.java:validateAndUpdateCache(270)) - created bucket: fa9ff9ca-716b-4551-9b25-a3a148dbc7b5 of layout OBJECT_STORE in volume: volume17533
2023-06-06 06:59:35,682 [main] INFO  rpc.RpcClient (RpcClient.java:createVolume(459)) - Creating Volume: volume04057, with user52723 as owner and space quota set to -1 bytes, counts quota set to -1
2023-06-06 06:59:35,687 [OM StateMachine ApplyTransaction Thread - 0] INFO  volume.OMVolumeCreateRequest (OMVolumeCreateRequest.java:validateAndUpdateCache(196)) - created volume:volume04057 for user:user52723
2023-06-06 06:59:35,689 [main] INFO  rpc.RpcClient (RpcClient.java:createBucket(686)) - Creating Bucket: volume04057/e4fe3ff6-acf0-4953-b5e8-27e5e7b8666f, with server-side default bucket layout, runner as owner, Versioning false, Storage Type set to DISK and Encryption set to false, Replication Type set to server-side default replication type, Namespace Quota set to -1, Space Quota set to -1 
2023-06-06 06:59:35,696 [OM StateMachine ApplyTransaction Thread - 0] INFO  volume.OMVolumeCreateRequest (OMVolumeCreateRequest.java:validateAndUpdateCache(196)) - created volume:volume04057 for user:user52723
2023-06-06 06:59:35,698 [OM StateMachine ApplyTransaction Thread - 0] INFO  volume.OMVolumeCreateRequest (OMVolumeCreateRequest.java:validateAndUpdateCache(196)) - created volume:volume04057 for user:user52723
2023-06-06 06:59:35,707 [OM StateMachine ApplyTransaction Thread - 0] INFO  bucket.OMBucketCreateRequest (OMBucketCreateRequest.java:validateAndUpdateCache(270)) - created bucket: e4fe3ff6-acf0-4953-b5e8-27e5e7b8666f of layout OBJECT_STORE in volume: volume04057
2023-06-06 06:59:35,718 [OM StateMachine ApplyTransaction Thread - 0] INFO  bucket.OMBucketCreateRequest (OMBucketCreateRequest.java:validateAndUpdateCache(270)) - created bucket: e4fe3ff6-acf0-4953-b5e8-27e5e7b8666f of layout OBJECT_STORE in volume: volume04057
2023-06-06 06:59:35,721 [OM StateMachine ApplyTransaction Thread - 0] INFO  bucket.OMBucketCreateRequest (OMBucketCreateRequest.java:validateAndUpdateCache(270)) - created bucket: e4fe3ff6-acf0-4953-b5e8-27e5e7b8666f of layout OBJECT_STORE in volume: volume04057
2023-06-06 06:59:35,778 [main] INFO  rpc.RpcClient (RpcClient.java:createVolume(459)) - Creating Volume: volume86881, with user36911 as owner and space quota set to -1 bytes, counts quota set to -1
2023-06-06 06:59:35,785 [OM StateMachine ApplyTransaction Thread - 0] INFO  volume.OMVolumeCreateRequest (OMVolumeCreateRequest.java:validateAndUpdateCache(196)) - created volume:volume86881 for user:user36911
2023-06-06 06:59:35,787 [main] INFO  rpc.RpcClient (RpcClient.java:createBucket(686)) - Creating Bucket: volume86881/d7bdbabc-3b1f-4b52-aba5-800a27215fc6, with server-side default bucket layout, runner as owner, Versioning false, Storage Type set to DISK and Encryption set to false, Replication Type set to server-side default replication type, Namespace Quota set to -1, Space Quota set to -1 
2023-06-06 06:59:35,795 [OM StateMachine ApplyTransaction Thread - 0] INFO  volume.OMVolumeCreateRequest (OMVolumeCreateRequest.java:validateAndUpdateCache(196)) - created volume:volume86881 for user:user36911
2023-06-06 06:59:35,801 [OM StateMachine ApplyTransaction Thread - 0] INFO  volume.OMVolumeCreateRequest (OMVolumeCreateRequest.java:validateAndUpdateCache(196)) - created volume:volume86881 for user:user36911
2023-06-06 06:59:35,802 [OM StateMachine ApplyTransaction Thread - 0] INFO  bucket.OMBucketCreateRequest (OMBucketCreateRequest.java:validateAndUpdateCache(270)) - created bucket: d7bdbabc-3b1f-4b52-aba5-800a27215fc6 of layout OBJECT_STORE in volume: volume86881
2023-06-06 06:59:35,811 [OM StateMachine ApplyTransaction Thread - 0] INFO  bucket.OMBucketCreateRequest (OMBucketCreateRequest.java:validateAndUpdateCache(270)) - created bucket: d7bdbabc-3b1f-4b52-aba5-800a27215fc6 of layout OBJECT_STORE in volume: volume86881
2023-06-06 06:59:35,816 [OM StateMachine ApplyTransaction Thread - 0] INFO  bucket.OMBucketCreateRequest (OMBucketCreateRequest.java:validateAndUpdateCache(270)) - created bucket: d7bdbabc-3b1f-4b52-aba5-800a27215fc6 of layout OBJECT_STORE in volume: volume86881
2023-06-06 06:59:35,891 [omNode-1@group-523986131536-StateMachineUpdater] INFO  ratis.OzoneManagerStateMachine (OzoneManagerStateMachine.java:takeSnapshot(479)) - Current Snapshot Index (t:1, i:100)
2023-06-06 06:59:35,910 [main] INFO  rpc.RpcClient (RpcClient.java:createVolume(459)) - Creating Volume: volume22660, with user13374 as owner and space quota set to -1 bytes, counts quota set to -1
2023-06-06 06:59:35,914 [omNode-3@group-523986131536-StateMachineUpdater] INFO  ratis.OzoneManagerStateMachine (OzoneManagerStateMachine.java:takeSnapshot(479)) - Current Snapshot Index (t:1, i:100)
2023-06-06 06:59:35,919 [OM StateMachine ApplyTransaction Thread - 0] INFO  volume.OMVolumeCreateRequest (OMVolumeCreateRequest.java:validateAndUpdateCache(196)) - created volume:volume22660 for user:user13374
2023-06-06 06:59:35,919 [omNode-2@group-523986131536-StateMachineUpdater] INFO  ratis.OzoneManagerStateMachine (OzoneManagerStateMachine.java:takeSnapshot(479)) - Current Snapshot Index (t:1, i:100)
2023-06-06 06:59:35,930 [omNode-1@group-523986131536-StateMachineUpdater] INFO  impl.StateMachineUpdater (StateMachineUpdater.java:takeSnapshot(291)) - omNode-1@group-523986131536-StateMachineUpdater: Took a snapshot at index 100
2023-06-06 06:59:35,930 [omNode-1@group-523986131536-StateMachineUpdater] INFO  impl.StateMachineUpdater (StateMachineUpdater.java:lambda$new$0(97)) - omNode-1@group-523986131536-StateMachineUpdater: snapshotIndex: updateIncreasingly 50 -> 100
2023-06-06 06:59:35,930 [omNode-1@group-523986131536-StateMachineUpdater] INFO  raftlog.RaftLog (RaftLogBase.java:purge(314)) - omNode-1@group-523986131536-SegmentedRaftLog: purge 100
2023-06-06 06:59:35,930 [omNode-1@group-523986131536-StateMachineUpdater] INFO  raftlog.RaftLog (RaftLogBase.java:lambda$new$0(53)) - omNode-1@group-523986131536-SegmentedRaftLog: snapshotIndex: updateIncreasingly 50 -> 100
2023-06-06 06:59:35,930 [omNode-1@group-523986131536-StateMachineUpdater] INFO  raftlog.RaftLog (RaftLogBase.java:lambda$new$0(53)) - omNode-1@group-523986131536-SegmentedRaftLog: purgeIndex: updateToMax old=50, new=100, updated? true
2023-06-06 06:59:35,930 [OM StateMachine ApplyTransaction Thread - 0] INFO  volume.OMVolumeCreateRequest (OMVolumeCreateRequest.java:validateAndUpdateCache(196)) - created volume:volume22660 for user:user13374
2023-06-06 06:59:35,933 [main] INFO  rpc.RpcClient (RpcClient.java:createBucket(686)) - Creating Bucket: volume22660/8cc1475b-7034-41e5-9a0b-537a9028376b, with server-side default bucket layout, runner as owner, Versioning false, Storage Type set to DISK and Encryption set to false, Replication Type set to server-side default replication type, Namespace Quota set to -1, Space Quota set to -1 
2023-06-06 06:59:35,938 [OM StateMachine ApplyTransaction Thread - 0] INFO  bucket.OMBucketCreateRequest (OMBucketCreateRequest.java:validateAndUpdateCache(270)) - created bucket: 8cc1475b-7034-41e5-9a0b-537a9028376b of layout OBJECT_STORE in volume: volume22660
2023-06-06 06:59:35,950 [omNode-3@group-523986131536-StateMachineUpdater] INFO  impl.StateMachineUpdater (StateMachineUpdater.java:takeSnapshot(291)) - omNode-3@group-523986131536-StateMachineUpdater: Took a snapshot at index 100
2023-06-06 06:59:35,950 [omNode-3@group-523986131536-StateMachineUpdater] INFO  impl.StateMachineUpdater (StateMachineUpdater.java:lambda$new$0(97)) - omNode-3@group-523986131536-StateMachineUpdater: snapshotIndex: updateIncreasingly 50 -> 100
2023-06-06 06:59:35,950 [omNode-3@group-523986131536-StateMachineUpdater] INFO  raftlog.RaftLog (RaftLogBase.java:purge(314)) - omNode-3@group-523986131536-SegmentedRaftLog: purge 100
2023-06-06 06:59:35,950 [omNode-3@group-523986131536-StateMachineUpdater] INFO  raftlog.RaftLog (RaftLogBase.java:lambda$new$0(53)) - omNode-3@group-523986131536-SegmentedRaftLog: snapshotIndex: updateIncreasingly 50 -> 100
2023-06-06 06:59:35,950 [omNode-3@group-523986131536-StateMachineUpdater] INFO  raftlog.RaftLog (RaftLogBase.java:lambda$new$0(53)) - omNode-3@group-523986131536-SegmentedRaftLog: purgeIndex: updateToMax old=50, new=100, updated? true
2023-06-06 06:59:35,951 [OM StateMachine ApplyTransaction Thread - 0] INFO  volume.OMVolumeCreateRequest (OMVolumeCreateRequest.java:validateAndUpdateCache(196)) - created volume:volume22660 for user:user13374
2023-06-06 06:59:35,951 [OM StateMachine ApplyTransaction Thread - 0] INFO  bucket.OMBucketCreateRequest (OMBucketCreateRequest.java:validateAndUpdateCache(270)) - created bucket: 8cc1475b-7034-41e5-9a0b-537a9028376b of layout OBJECT_STORE in volume: volume22660
2023-06-06 06:59:35,955 [omNode-2@group-523986131536-StateMachineUpdater] INFO  impl.StateMachineUpdater (StateMachineUpdater.java:takeSnapshot(291)) - omNode-2@group-523986131536-StateMachineUpdater: Took a snapshot at index 100
2023-06-06 06:59:35,955 [omNode-2@group-523986131536-StateMachineUpdater] INFO  impl.StateMachineUpdater (StateMachineUpdater.java:lambda$new$0(97)) - omNode-2@group-523986131536-StateMachineUpdater: snapshotIndex: updateIncreasingly 50 -> 100
2023-06-06 06:59:35,955 [omNode-2@group-523986131536-StateMachineUpdater] INFO  raftlog.RaftLog (RaftLogBase.java:purge(314)) - omNode-2@group-523986131536-SegmentedRaftLog: purge 100
2023-06-06 06:59:35,955 [omNode-2@group-523986131536-StateMachineUpdater] INFO  raftlog.RaftLog (RaftLogBase.java:lambda$new$0(53)) - omNode-2@group-523986131536-SegmentedRaftLog: snapshotIndex: updateIncreasingly 50 -> 100
2023-06-06 06:59:35,955 [omNode-2@group-523986131536-StateMachineUpdater] INFO  raftlog.RaftLog (RaftLogBase.java:lambda$new$0(53)) - omNode-2@group-523986131536-SegmentedRaftLog: purgeIndex: updateToMax old=50, new=100, updated? true
2023-06-06 06:59:35,956 [OM StateMachine ApplyTransaction Thread - 0] INFO  bucket.OMBucketCreateRequest (OMBucketCreateRequest.java:validateAndUpdateCache(270)) - created bucket: 8cc1475b-7034-41e5-9a0b-537a9028376b of layout OBJECT_STORE in volume: volume22660
2023-06-06 06:59:35,977 [main] INFO  rpc.RpcClient (RpcClient.java:createVolume(459)) - Creating Volume: volume76611, with user05931 as owner and space quota set to -1 bytes, counts quota set to -1
2023-06-06 06:59:35,984 [OM StateMachine ApplyTransaction Thread - 0] INFO  volume.OMVolumeCreateRequest (OMVolumeCreateRequest.java:validateAndUpdateCache(196)) - created volume:volume76611 for user:user05931
2023-06-06 06:59:35,987 [main] INFO  rpc.RpcClient (RpcClient.java:createBucket(686)) - Creating Bucket: volume76611/72a8e2ab-60d4-403c-9156-549b154c0988, with server-side default bucket layout, runner as owner, Versioning false, Storage Type set to DISK and Encryption set to false, Replication Type set to server-side default replication type, Namespace Quota set to -1, Space Quota set to -1 
2023-06-06 06:59:35,994 [OM StateMachine ApplyTransaction Thread - 0] INFO  volume.OMVolumeCreateRequest (OMVolumeCreateRequest.java:validateAndUpdateCache(196)) - created volume:volume76611 for user:user05931
2023-06-06 06:59:35,994 [OM StateMachine ApplyTransaction Thread - 0] INFO  volume.OMVolumeCreateRequest (OMVolumeCreateRequest.java:validateAndUpdateCache(196)) - created volume:volume76611 for user:user05931
2023-06-06 06:59:36,005 [OM StateMachine ApplyTransaction Thread - 0] INFO  bucket.OMBucketCreateRequest (OMBucketCreateRequest.java:validateAndUpdateCache(270)) - created bucket: 72a8e2ab-60d4-403c-9156-549b154c0988 of layout OBJECT_STORE in volume: volume76611
2023-06-06 06:59:36,015 [OM StateMachine ApplyTransaction Thread - 0] INFO  bucket.OMBucketCreateRequest (OMBucketCreateRequest.java:validateAndUpdateCache(270)) - created bucket: 72a8e2ab-60d4-403c-9156-549b154c0988 of layout OBJECT_STORE in volume: volume76611
2023-06-06 06:59:36,016 [OM StateMachine ApplyTransaction Thread - 0] INFO  bucket.OMBucketCreateRequest (OMBucketCreateRequest.java:validateAndUpdateCache(270)) - created bucket: 72a8e2ab-60d4-403c-9156-549b154c0988 of layout OBJECT_STORE in volume: volume76611
2023-06-06 06:59:36,025 [main] INFO  rpc.RpcClient (RpcClient.java:createVolume(459)) - Creating Volume: volume-link-43340, with user60303 as owner and space quota set to -1 bytes, counts quota set to -1
2023-06-06 06:59:36,030 [OM StateMachine ApplyTransaction Thread - 0] INFO  volume.OMVolumeCreateRequest (OMVolumeCreateRequest.java:validateAndUpdateCache(196)) - created volume:volume-link-43340 for user:user60303
2023-06-06 06:59:36,033 [main] INFO  rpc.RpcClient (RpcClient.java:createBucket(686)) - Creating Bucket: volume-link-43340/ea5951ef-4e7d-4bca-b4eb-9c6472427822, with server-side default bucket layout, runner as owner, Versioning false, Storage Type set to DISK and Encryption set to false, Replication Type set to server-side default replication type, Namespace Quota set to -1, Space Quota set to -1 
2023-06-06 06:59:36,040 [OM StateMachine ApplyTransaction Thread - 0] INFO  volume.OMVolumeCreateRequest (OMVolumeCreateRequest.java:validateAndUpdateCache(196)) - created volume:volume-link-43340 for user:user60303
2023-06-06 06:59:36,040 [OM StateMachine ApplyTransaction Thread - 0] INFO  volume.OMVolumeCreateRequest (OMVolumeCreateRequest.java:validateAndUpdateCache(196)) - created volume:volume-link-43340 for user:user60303
2023-06-06 06:59:36,052 [OM StateMachine ApplyTransaction Thread - 0] INFO  bucket.OMBucketCreateRequest (OMBucketCreateRequest.java:validateAndUpdateCache(270)) - created bucket: ea5951ef-4e7d-4bca-b4eb-9c6472427822 of layout OBJECT_STORE in volume: volume-link-43340
2023-06-06 06:59:36,061 [OM StateMachine ApplyTransaction Thread - 0] INFO  bucket.OMBucketCreateRequest (OMBucketCreateRequest.java:validateAndUpdateCache(270)) - created bucket: ea5951ef-4e7d-4bca-b4eb-9c6472427822 of layout OBJECT_STORE in volume: volume-link-43340
2023-06-06 06:59:36,062 [OM StateMachine ApplyTransaction Thread - 0] INFO  bucket.OMBucketCreateRequest (OMBucketCreateRequest.java:validateAndUpdateCache(270)) - created bucket: ea5951ef-4e7d-4bca-b4eb-9c6472427822 of layout OBJECT_STORE in volume: volume-link-43340
2023-06-06 06:59:36,117 [main] INFO  rpc.RpcClient (RpcClient.java:createVolume(459)) - Creating Volume: volume04379, with user45292 as owner and space quota set to -1 bytes, counts quota set to -1
06:59:36.126 [OM StateMachine ApplyTransaction Thread - 0] ERROR OMAudit - user=runner | ip=127.0.0.1 | op=CREATE_VOLUME {admin=admin57561, owner=user45292, volume=volume04379, creationTime=1686034776118, modificationTime=1686034776118, quotaInBytes=-1, quotaInNamespace=-1, usedNamespace=0, objectID=-9223372036854745344, updateID=119} | ret=FAILURE
org.apache.hadoop.ozone.om.exceptions.OMException: Volume already exists
	at org.apache.hadoop.ozone.om.request.volume.OMVolumeCreateRequest.validateAndUpdateCache(OMVolumeCreateRequest.java:154) ~[ozone-manager-1.4.0-SNAPSHOT.jar:?]
	at org.apache.hadoop.ozone.protocolPB.OzoneManagerRequestHandler.handleWriteRequest(OzoneManagerRequestHandler.java:338) ~[ozone-manager-1.4.0-SNAPSHOT.jar:?]
	at org.apache.hadoop.ozone.om.ratis.OzoneManagerStateMachine.runCommand(OzoneManagerStateMachine.java:567) ~[ozone-manager-1.4.0-SNAPSHOT.jar:?]
	at org.apache.hadoop.ozone.om.ratis.OzoneManagerStateMachine.lambda$1(OzoneManagerStateMachine.java:358) ~[ozone-manager-1.4.0-SNAPSHOT.jar:?]
	at java.util.concurrent.CompletableFuture$AsyncSupply.run(CompletableFuture.java:1604) [?:1.8.0_372]
	at java.util.concurrent.ThreadPoolExecutor.runWorker(ThreadPoolExecutor.java:1149) [?:1.8.0_372]
	at java.util.concurrent.ThreadPoolExecutor$Worker.run(ThreadPoolExecutor.java:624) [?:1.8.0_372]
	at java.lang.Thread.run(Thread.java:750) [?:1.8.0_372]
06:59:36.132 [OM StateMachine ApplyTransaction Thread - 0] ERROR OMAudit - user=runner | ip=127.0.0.1 | op=CREATE_VOLUME {admin=admin57561, owner=user45292, volume=volume04379, creationTime=1686034776118, modificationTime=1686034776118, quotaInBytes=-1, quotaInNamespace=-1, usedNamespace=0, objectID=-9223372036854745344, updateID=119} | ret=FAILURE
org.apache.hadoop.ozone.om.exceptions.OMException: Volume already exists
	at org.apache.hadoop.ozone.om.request.volume.OMVolumeCreateRequest.validateAndUpdateCache(OMVolumeCreateRequest.java:154) ~[ozone-manager-1.4.0-SNAPSHOT.jar:?]
	at org.apache.hadoop.ozone.protocolPB.OzoneManagerRequestHandler.handleWriteRequest(OzoneManagerRequestHandler.java:338) ~[ozone-manager-1.4.0-SNAPSHOT.jar:?]
	at org.apache.hadoop.ozone.om.ratis.OzoneManagerStateMachine.runCommand(OzoneManagerStateMachine.java:567) ~[ozone-manager-1.4.0-SNAPSHOT.jar:?]
	at org.apache.hadoop.ozone.om.ratis.OzoneManagerStateMachine.lambda$1(OzoneManagerStateMachine.java:358) ~[ozone-manager-1.4.0-SNAPSHOT.jar:?]
	at java.util.concurrent.CompletableFuture$AsyncSupply.run(CompletableFuture.java:1604) [?:1.8.0_372]
	at java.util.concurrent.ThreadPoolExecutor.runWorker(ThreadPoolExecutor.java:1149) [?:1.8.0_372]
	at java.util.concurrent.ThreadPoolExecutor$Worker.run(ThreadPoolExecutor.java:624) [?:1.8.0_372]
	at java.lang.Thread.run(Thread.java:750) [?:1.8.0_372]
06:59:36.131 [OM StateMachine ApplyTransaction Thread - 0] ERROR OMAudit - user=runner | ip=127.0.0.1 | op=CREATE_VOLUME {admin=admin57561, owner=user45292, volume=volume04379, creationTime=1686034776118, modificationTime=1686034776118, quotaInBytes=-1, quotaInNamespace=-1, usedNamespace=0, objectID=-9223372036854745344, updateID=119} | ret=FAILURE
org.apache.hadoop.ozone.om.exceptions.OMException: Volume already exists
	at org.apache.hadoop.ozone.om.request.volume.OMVolumeCreateRequest.validateAndUpdateCache(OMVolumeCreateRequest.java:154) ~[ozone-manager-1.4.0-SNAPSHOT.jar:?]
	at org.apache.hadoop.ozone.protocolPB.OzoneManagerRequestHandler.handleWriteRequest(OzoneManagerRequestHandler.java:338) ~[ozone-manager-1.4.0-SNAPSHOT.jar:?]
	at org.apache.hadoop.ozone.om.ratis.OzoneManagerStateMachine.runCommand(OzoneManagerStateMachine.java:567) ~[ozone-manager-1.4.0-SNAPSHOT.jar:?]
	at org.apache.hadoop.ozone.om.ratis.OzoneManagerStateMachine.lambda$1(OzoneManagerStateMachine.java:358) ~[ozone-manager-1.4.0-SNAPSHOT.jar:?]
	at java.util.concurrent.CompletableFuture$AsyncSupply.run(CompletableFuture.java:1604) [?:1.8.0_372]
	at java.util.concurrent.ThreadPoolExecutor.runWorker(ThreadPoolExecutor.java:1149) [?:1.8.0_372]
	at java.util.concurrent.ThreadPoolExecutor$Worker.run(ThreadPoolExecutor.java:624) [?:1.8.0_372]
	at java.lang.Thread.run(Thread.java:750) [?:1.8.0_372]
2023-06-06 06:59:36,142 [OM StateMachine ApplyTransaction Thread - 0] ERROR volume.OMVolumeCreateRequest (OMVolumeCreateRequest.java:validateAndUpdateCache(199)) - Volume creation failed for user:user45292 volume:volume04379
VOLUME_ALREADY_EXISTS org.apache.hadoop.ozone.om.exceptions.OMException: Volume already exists
	at org.apache.hadoop.ozone.om.request.volume.OMVolumeCreateRequest.validateAndUpdateCache(OMVolumeCreateRequest.java:154)
	at org.apache.hadoop.ozone.protocolPB.OzoneManagerRequestHandler.handleWriteRequest(OzoneManagerRequestHandler.java:338)
	at org.apache.hadoop.ozone.om.ratis.OzoneManagerStateMachine.runCommand(OzoneManagerStateMachine.java:567)
	at org.apache.hadoop.ozone.om.ratis.OzoneManagerStateMachine.lambda$1(OzoneManagerStateMachine.java:358)
	at java.util.concurrent.CompletableFuture$AsyncSupply.run(CompletableFuture.java:1604)
	at java.util.concurrent.ThreadPoolExecutor.runWorker(ThreadPoolExecutor.java:1149)
	at java.util.concurrent.ThreadPoolExecutor$Worker.run(ThreadPoolExecutor.java:624)
	at java.lang.Thread.run(Thread.java:750)
2023-06-06 06:59:36,143 [OM StateMachine ApplyTransaction Thread - 0] ERROR volume.OMVolumeCreateRequest (OMVolumeCreateRequest.java:validateAndUpdateCache(199)) - Volume creation failed for user:user45292 volume:volume04379
VOLUME_ALREADY_EXISTS org.apache.hadoop.ozone.om.exceptions.OMException: Volume already exists
	at org.apache.hadoop.ozone.om.request.volume.OMVolumeCreateRequest.validateAndUpdateCache(OMVolumeCreateRequest.java:154)
	at org.apache.hadoop.ozone.protocolPB.OzoneManagerRequestHandler.handleWriteRequest(OzoneManagerRequestHandler.java:338)
	at org.apache.hadoop.ozone.om.ratis.OzoneManagerStateMachine.runCommand(OzoneManagerStateMachine.java:567)
	at org.apache.hadoop.ozone.om.ratis.OzoneManagerStateMachine.lambda$1(OzoneManagerStateMachine.java:358)
	at java.util.concurrent.CompletableFuture$AsyncSupply.run(CompletableFuture.java:1604)
	at java.util.concurrent.ThreadPoolExecutor.runWorker(ThreadPoolExecutor.java:1149)
	at java.util.concurrent.ThreadPoolExecutor$Worker.run(ThreadPoolExecutor.java:624)
	at java.lang.Thread.run(Thread.java:750)
2023-06-06 06:59:36,142 [OM StateMachine ApplyTransaction Thread - 0] ERROR volume.OMVolumeCreateRequest (OMVolumeCreateRequest.java:validateAndUpdateCache(199)) - Volume creation failed for user:user45292 volume:volume04379
VOLUME_ALREADY_EXISTS org.apache.hadoop.ozone.om.exceptions.OMException: Volume already exists
	at org.apache.hadoop.ozone.om.request.volume.OMVolumeCreateRequest.validateAndUpdateCache(OMVolumeCreateRequest.java:154)
	at org.apache.hadoop.ozone.protocolPB.OzoneManagerRequestHandler.handleWriteRequest(OzoneManagerRequestHandler.java:338)
	at org.apache.hadoop.ozone.om.ratis.OzoneManagerStateMachine.runCommand(OzoneManagerStateMachine.java:567)
	at org.apache.hadoop.ozone.om.ratis.OzoneManagerStateMachine.lambda$1(OzoneManagerStateMachine.java:358)
	at java.util.concurrent.CompletableFuture$AsyncSupply.run(CompletableFuture.java:1604)
	at java.util.concurrent.ThreadPoolExecutor.runWorker(ThreadPoolExecutor.java:1149)
	at java.util.concurrent.ThreadPoolExecutor$Worker.run(ThreadPoolExecutor.java:624)
	at java.lang.Thread.run(Thread.java:750)
2023-06-06 06:59:36,160 [main] INFO  om.OzoneManager (OzoneManager.java:stop(2165)) - omNode-3[localhost:15012]: Stopping Ozone Manager
2023-06-06 06:59:36,160 [main] INFO  ipc.Server (Server.java:stop(3501)) - Stopping server on 15012
2023-06-06 06:59:36,163 [IPC Server Responder] INFO  ipc.Server (Server.java:run(1563)) - Stopping IPC Server Responder
2023-06-06 06:59:36,163 [IPC Server listener on 15012] INFO  ipc.Server (Server.java:run(1430)) - Stopping IPC Server listener on 15012
2023-06-06 06:59:36,166 [main] INFO  server.RaftServer (RaftServerProxy.java:lambda$close$6(416)) - omNode-3: close
2023-06-06 06:59:36,168 [main] INFO  server.GrpcService (GrpcService.java:closeImpl(311)) - omNode-3: shutdown server GrpcServerProtocolService now
2023-06-06 06:59:36,169 [omNode-3-impl-thread1] INFO  server.RaftServer$Division (RaftServerImpl.java:lambda$close$4(466)) - omNode-3@group-523986131536: shutdown
2023-06-06 06:59:36,169 [omNode-3-impl-thread1] INFO  util.JmxRegister (JmxRegister.java:unregister(73)) - Successfully un-registered JMX Bean with object name Ratis:service=RaftServer,group=group-523986131536,id=omNode-3
2023-06-06 06:59:36,169 [omNode-3-impl-thread1] INFO  impl.RoleInfo (RoleInfo.java:shutdownFollowerState(110)) - omNode-3: shutdown omNode-3@group-523986131536-FollowerState
2023-06-06 06:59:36,169 [omNode-3-impl-thread1] INFO  impl.StateMachineUpdater (StateMachineUpdater.java:stopAndJoin(155)) - omNode-3@group-523986131536-StateMachineUpdater: set stopIndex = 119
2023-06-06 06:59:36,169 [omNode-3@group-523986131536-FollowerState] INFO  impl.FollowerState (FollowerState.java:run(152)) - omNode-3@group-523986131536-FollowerState was interrupted
2023-06-06 06:59:36,169 [omNode-3@group-523986131536-StateMachineUpdater] INFO  ratis.OzoneManagerStateMachine (OzoneManagerStateMachine.java:takeSnapshot(479)) - Current Snapshot Index (t:1, i:119)
2023-06-06 06:59:36,181 [grpc-default-executor-0] WARN  server.GrpcServerProtocolService (LogUtils.java:warn(122)) - omNode-3: APPEND_ENTRIES onError, lastRequest: null: org.apache.ratis.thirdparty.io.grpc.StatusRuntimeException: CANCELLED: client cancelled
2023-06-06 06:59:36,181 [grpc-default-executor-4] WARN  server.GrpcServerProtocolService (LogUtils.java:warn(122)) - omNode-3: APPEND_ENTRIES onError, lastRequest: omNode-1->omNode-3#204-t1,previous=(t:1, i:119),leaderCommit=119,initializing? true,entries: size=1, first=(t:1, i:120), METADATAENTRY(c:119): org.apache.ratis.thirdparty.io.grpc.StatusRuntimeException: CANCELLED: client cancelled
2023-06-06 06:59:36,183 [main] INFO  server.GrpcService (GrpcService.java:closeImpl(320)) - omNode-3: shutdown server GrpcServerProtocolService successfully
2023-06-06 06:59:36,184 [grpc-default-executor-4] WARN  server.GrpcLogAppender (LogUtils.java:warn(122)) - omNode-1@group-523986131536->omNode-3-AppendLogResponseHandler: Failed appendEntries: org.apache.ratis.thirdparty.io.grpc.StatusRuntimeException: CANCELLED: RST_STREAM closed stream. HTTP/2 error code: CANCEL
2023-06-06 06:59:36,184 [grpc-default-executor-4] INFO  leader.FollowerInfo (FollowerInfoImpl.java:lambda$new$0(52)) - omNode-1@group-523986131536->omNode-3: decreaseNextIndex nextIndex: updateUnconditionally 121 -> 120
2023-06-06 06:59:36,184 [grpc-default-executor-4] WARN  server.GrpcLogAppender (LogUtils.java:warn(122)) - omNode-1@group-523986131536->omNode-3-AppendLogResponseHandler: Failed appendEntries: org.apache.ratis.thirdparty.io.grpc.StatusRuntimeException: CANCELLED: RST_STREAM closed stream. HTTP/2 error code: CANCEL
2023-06-06 06:59:36,184 [grpc-default-executor-4] INFO  leader.FollowerInfo (FollowerInfoImpl.java:lambda$new$0(52)) - omNode-1@group-523986131536->omNode-3: decreaseNextIndex nextIndex: updateUnconditionally 120 -> 119
2023-06-06 06:59:36,195 [omNode-3@group-523986131536-StateMachineUpdater] INFO  impl.StateMachineUpdater (StateMachineUpdater.java:takeSnapshot(291)) - omNode-3@group-523986131536-StateMachineUpdater: Took a snapshot at index 119
2023-06-06 06:59:36,195 [omNode-3@group-523986131536-StateMachineUpdater] INFO  impl.StateMachineUpdater (StateMachineUpdater.java:lambda$new$0(97)) - omNode-3@group-523986131536-StateMachineUpdater: snapshotIndex: updateIncreasingly 100 -> 119
2023-06-06 06:59:36,196 [omNode-3@group-523986131536-StateMachineUpdater] INFO  ratis.OzoneManagerStateMachine (OzoneManagerStateMachine.java:close(533)) - StateMachine has shutdown. Shutdown OzoneManager if not already shutdown.
2023-06-06 06:59:36,196 [omNode-3@group-523986131536-StateMachineUpdater] INFO  ratis.OzoneManagerDoubleBuffer (OzoneManagerDoubleBuffer.java:stopDaemon(559)) - Stopping OMDoubleBuffer flush thread
2023-06-06 06:59:36,196 [OMDoubleBufferFlushThread] INFO  ratis.OzoneManagerDoubleBuffer (OzoneManagerDoubleBuffer.java:canFlush(648)) - OMDoubleBuffer flush thread OMDoubleBufferFlushThread is interrupted and will exit.
2023-06-06 06:59:36,197 [omNode-3-impl-thread1] INFO  server.RaftServer$Division (ServerState.java:close(472)) - omNode-3@group-523986131536: closes. applyIndex: 119
2023-06-06 06:59:36,634 [grpc-default-executor-0] WARN  server.GrpcLogAppender (LogUtils.java:warn(122)) - omNode-1@group-523986131536->omNode-3-AppendLogResponseHandler: Failed appendEntries: org.apache.ratis.thirdparty.io.grpc.StatusRuntimeException: UNAVAILABLE: io exception
2023-06-06 06:59:36,635 [grpc-default-executor-0] INFO  leader.FollowerInfo (FollowerInfoImpl.java:lambda$new$0(52)) - omNode-1@group-523986131536->omNode-3: decreaseNextIndex nextIndex: updateUnconditionally 119 -> 118
2023-06-06 06:59:36,641 [grpc-default-executor-2] WARN  server.GrpcLogAppender (LogUtils.java:warn(122)) - omNode-1@group-523986131536->omNode-3-AppendLogResponseHandler: Failed appendEntries: org.apache.ratis.thirdparty.io.grpc.StatusRuntimeException: UNAVAILABLE: io exception
2023-06-06 06:59:36,642 [grpc-default-executor-2] INFO  leader.FollowerInfo (FollowerInfoImpl.java:lambda$new$0(52)) - omNode-1@group-523986131536->omNode-3: decreaseNextIndex nextIndex: updateUnconditionally 118 -> 117
2023-06-06 06:59:36,643 [grpc-default-executor-4] WARN  server.GrpcLogAppender (LogUtils.java:warn(122)) - omNode-1@group-523986131536->omNode-3-AppendLogResponseHandler: Failed appendEntries: org.apache.ratis.thirdparty.io.grpc.StatusRuntimeException: UNAVAILABLE: io exception
2023-06-06 06:59:36,643 [grpc-default-executor-4] INFO  leader.FollowerInfo (FollowerInfoImpl.java:lambda$new$0(52)) - omNode-1@group-523986131536->omNode-3: decreaseNextIndex nextIndex: updateUnconditionally 121 -> 120
2023-06-06 06:59:36,643 [grpc-default-executor-2] WARN  server.GrpcLogAppender (LogUtils.java:warn(122)) - omNode-1@group-523986131536->omNode-3-AppendLogResponseHandler: Failed appendEntries: org.apache.ratis.thirdparty.io.grpc.StatusRuntimeException: UNAVAILABLE: io exception
2023-06-06 06:59:36,644 [grpc-default-executor-2] INFO  leader.FollowerInfo (FollowerInfoImpl.java:lambda$new$0(52)) - omNode-1@group-523986131536->omNode-3: decreaseNextIndex nextIndex: updateUnconditionally 120 -> 119
2023-06-06 06:59:36,883 [grpc-default-executor-2] WARN  server.GrpcLogAppender (LogUtils.java:warn(122)) - omNode-1@group-523986131536->omNode-3-AppendLogResponseHandler: Failed appendEntries: org.apache.ratis.thirdparty.io.grpc.StatusRuntimeException: UNAVAILABLE: io exception
2023-06-06 06:59:36,884 [grpc-default-executor-2] INFO  leader.FollowerInfo (FollowerInfoImpl.java:lambda$new$0(52)) - omNode-1@group-523986131536->omNode-3: decreaseNextIndex nextIndex: updateUnconditionally 119 -> 118
2023-06-06 06:59:36,884 [grpc-default-executor-4] WARN  server.GrpcLogAppender (LogUtils.java:warn(122)) - omNode-1@group-523986131536->omNode-3-AppendLogResponseHandler: Failed appendEntries: org.apache.ratis.thirdparty.io.grpc.StatusRuntimeException: UNAVAILABLE: io exception
2023-06-06 06:59:36,884 [grpc-default-executor-4] INFO  leader.FollowerInfo (FollowerInfoImpl.java:lambda$new$0(52)) - omNode-1@group-523986131536->omNode-3: decreaseNextIndex nextIndex: updateUnconditionally 118 -> 117
2023-06-06 06:59:36,894 [grpc-default-executor-4] WARN  server.GrpcLogAppender (LogUtils.java:warn(122)) - omNode-1@group-523986131536->omNode-3-AppendLogResponseHandler: Failed appendEntries: org.apache.ratis.thirdparty.io.grpc.StatusRuntimeException: UNAVAILABLE: io exception
2023-06-06 06:59:36,894 [grpc-default-executor-2] WARN  server.GrpcLogAppender (LogUtils.java:warn(122)) - omNode-1@group-523986131536->omNode-3-AppendLogResponseHandler: Failed appendEntries: org.apache.ratis.thirdparty.io.grpc.StatusRuntimeException: UNAVAILABLE: io exception
2023-06-06 06:59:36,894 [grpc-default-executor-4] INFO  leader.FollowerInfo (FollowerInfoImpl.java:lambda$new$0(52)) - omNode-1@group-523986131536->omNode-3: decreaseNextIndex nextIndex: updateUnconditionally 121 -> 120
2023-06-06 06:59:36,894 [grpc-default-executor-2] INFO  leader.FollowerInfo (FollowerInfoImpl.java:lambda$new$0(52)) - omNode-1@group-523986131536->omNode-3: decreaseNextIndex nextIndex: updateUnconditionally 120 -> 119
2023-06-06 06:59:37,132 [omNode-3-impl-thread1] INFO  segmented.SegmentedRaftLogWorker (SegmentedRaftLogWorker.java:close(252)) - omNode-3@group-523986131536-SegmentedRaftLogWorker close()
2023-06-06 06:59:37,133 [JvmPauseMonitor3] INFO  util.JvmPauseMonitor (JvmPauseMonitor.java:run(109)) - JvmPauseMonitor-omNode-3: Stopped
2023-06-06 06:59:37,133 [main] INFO  ratis.OzoneManagerStateMachine (OzoneManagerStateMachine.java:close(533)) - StateMachine has shutdown. Shutdown OzoneManager if not already shutdown.
2023-06-06 06:59:37,133 [main] INFO  ratis.OzoneManagerDoubleBuffer (OzoneManagerDoubleBuffer.java:stopDaemon(568)) - OMDoubleBuffer flush thread is not running.
2023-06-06 06:59:37,134 [main] INFO  utils.BackgroundService (BackgroundService.java:shutdown(141)) - Shutting down service KeyDeletingService
2023-06-06 06:59:37,134 [grpc-default-executor-2] WARN  server.GrpcLogAppender (LogUtils.java:warn(122)) - omNode-1@group-523986131536->omNode-3-AppendLogResponseHandler: Failed appendEntries: org.apache.ratis.thirdparty.io.grpc.StatusRuntimeException: UNAVAILABLE: io exception
2023-06-06 06:59:37,135 [grpc-default-executor-2] INFO  leader.FollowerInfo (FollowerInfoImpl.java:lambda$new$0(52)) - omNode-1@group-523986131536->omNode-3: decreaseNextIndex nextIndex: updateUnconditionally 119 -> 118
2023-06-06 06:59:37,136 [grpc-default-executor-4] WARN  server.GrpcLogAppender (LogUtils.java:warn(122)) - omNode-1@group-523986131536->omNode-3-AppendLogResponseHandler: Failed appendEntries: org.apache.ratis.thirdparty.io.grpc.StatusRuntimeException: UNAVAILABLE: io exception
2023-06-06 06:59:37,136 [grpc-default-executor-4] INFO  leader.FollowerInfo (FollowerInfoImpl.java:lambda$new$0(52)) - omNode-1@group-523986131536->omNode-3: decreaseNextIndex nextIndex: updateUnconditionally 118 -> 117
2023-06-06 06:59:37,136 [main] INFO  utils.BackgroundService (BackgroundService.java:shutdown(141)) - Shutting down service KeyDeletingService
2023-06-06 06:59:37,138 [main] INFO  utils.BackgroundService (BackgroundService.java:shutdown(141)) - Shutting down service OpenKeyCleanupService
2023-06-06 06:59:37,138 [main] INFO  utils.BackgroundService (BackgroundService.java:shutdown(141)) - Shutting down service SstFilteringService
2023-06-06 06:59:37,139 [main] INFO  utils.BackgroundService (BackgroundService.java:shutdown(141)) - Shutting down service SnapshotDeletingService
2023-06-06 06:59:37,143 [main] INFO  handler.ContextHandler (ContextHandler.java:doStop(1159)) - Stopped o.e.j.w.WebAppContext@6aa4b9ae{ozoneManager,/,null,STOPPED}{file:/home/runner/work/ozone/ozone/hadoop-ozone/integration-test/target/test-classes/webapps/ozoneManager}
2023-06-06 06:59:37,144 [grpc-default-executor-2] WARN  server.GrpcLogAppender (LogUtils.java:warn(122)) - omNode-1@group-523986131536->omNode-3-AppendLogResponseHandler: Failed appendEntries: org.apache.ratis.thirdparty.io.grpc.StatusRuntimeException: UNAVAILABLE: io exception
2023-06-06 06:59:37,145 [grpc-default-executor-0] WARN  server.GrpcLogAppender (LogUtils.java:warn(122)) - omNode-1@group-523986131536->omNode-3-AppendLogResponseHandler: Failed appendEntries: org.apache.ratis.thirdparty.io.grpc.StatusRuntimeException: UNAVAILABLE: io exception
2023-06-06 06:59:37,145 [grpc-default-executor-2] INFO  leader.FollowerInfo (FollowerInfoImpl.java:lambda$new$0(52)) - omNode-1@group-523986131536->omNode-3: decreaseNextIndex nextIndex: updateUnconditionally 121 -> 120
2023-06-06 06:59:37,145 [grpc-default-executor-0] INFO  leader.FollowerInfo (FollowerInfoImpl.java:lambda$new$0(52)) - omNode-1@group-523986131536->omNode-3: decreaseNextIndex nextIndex: updateUnconditionally 120 -> 119
2023-06-06 06:59:37,149 [main] INFO  server.AbstractConnector (AbstractConnector.java:doStop(383)) - Stopped ServerConnector@1c395e9c{HTTP/1.1, (http/1.1)}{0.0.0.0:15013}
2023-06-06 06:59:37,149 [main] INFO  server.session (HouseKeeper.java:stopScavenging(149)) - node0 Stopped scavenging
2023-06-06 06:59:37,149 [main] INFO  handler.ContextHandler (ContextHandler.java:doStop(1159)) - Stopped o.e.j.s.ServletContextHandler@5abac3d5{static,/static,file:///home/runner/work/ozone/ozone/hadoop-ozone/integration-test/target/test-classes/webapps/static,STOPPED}
2023-06-06 06:59:37,149 [main] INFO  handler.ContextHandler (ContextHandler.java:doStop(1159)) - Stopped o.e.j.s.ServletContextHandler@12f9db3f{logs,/logs,file:///home/runner/work/ozone/ozone/hadoop-ozone/integration-test/target/log,STOPPED}
2023-06-06 06:59:37,155 [main] INFO  snapshot.SnapshotDiffManager (SnapshotDiffManager.java:closeExecutorService(1278)) - Shutting down executorService: 'SnapDiffExecutor'
2023-06-06 06:59:37,155 [main] INFO  utils.BackgroundService (BackgroundService.java:shutdown(141)) - Shutting down service SnapshotDiffCleanupService
2023-06-06 06:59:37,158 [main] INFO  om.OzoneManager (OzoneManager.java:restart(1676)) - OzoneManager RPC server is listening at localhost/127.0.0.1:15012
2023-06-06 06:59:37,158 [main] INFO  impl.MetricsSystemImpl (MetricsSystemImpl.java:init(158)) - OzoneManager metrics system started (again)
2023-06-06 06:59:37,170 [main] WARN  server.ServerUtils (ServerUtils.java:getDBPath(311)) - ozone.om.db.dirs is not configured. We recommend adding this setting. Falling back to ozone.metadata.dirs instead.
2023-06-06 06:59:37,170 [main] INFO  helpers.OmKeyInfo (OmKeyInfo.java:getCodec(71)) - OmKeyInfo.getCodec ignorePipeline = true
2023-06-06 06:59:37,208 [main] INFO  om.OzoneManager (OzoneManager.java:instantiateServices(771)) - S3 Multi-Tenancy is disabled
2023-06-06 06:59:37,209 [main] INFO  om.OmSnapshotManager (OmSnapshotManager.java:<init>(170)) - Ozone filesystem snapshot feature is enabled.
2023-06-06 06:59:37,209 [main] WARN  server.ServerUtils (ServerUtils.java:getDBPath(311)) - ozone.om.snapshot.diff.db.dir is not configured. We recommend adding this setting. Falling back to ozone.metadata.dirs instead.
2023-06-06 06:59:37,228 [main] INFO  utils.NativeLibraryLoader (NativeLibraryLoader.java:loadLibrary(103)) - Loading Library: ozone_rocksdb_tools
2023-06-06 06:59:37,239 [main] WARN  server.ServerUtils (ServerUtils.java:getDefaultRatisDirectory(323)) - Storage directory for Ratis is not configured. It is a good idea to map this to an SSD disk. Falling back to ozone.metadata.dirs
2023-06-06 06:59:37,240 [main] INFO  ratis.OzoneManagerRatisServer (OzoneManagerRatisServer.java:<init>(163)) - Instantiating OM Ratis server with groupID: om-service-test1 and peers: localhost:15015, localhost:15007, localhost:15011
2023-06-06 06:59:37,241 [main] INFO  ratis.OzoneManagerStateMachine (OzoneManagerStateMachine.java:loadSnapshotInfoFromDB(670)) - LastAppliedIndex is set from TransactionInfo from OM DB as (t:1, i:119)
2023-06-06 06:59:37,241 [main] INFO  server.RaftServer (ConfUtils.java:logGet(46)) - raft.rpc.type = GRPC (default)
2023-06-06 06:59:37,241 [main] INFO  grpc.GrpcConfigKeys (ConfUtils.java:logFallback(53)) - raft.grpc.admin.host = null (fallback to raft.grpc.server.host)
2023-06-06 06:59:37,241 [main] INFO  grpc.GrpcConfigKeys (ConfUtils.java:logFallback(53)) - raft.grpc.admin.port = 15015 (fallback to raft.grpc.server.port)
2023-06-06 06:59:37,241 [main] INFO  grpc.GrpcConfigKeys (ConfUtils.java:logFallback(53)) - raft.grpc.client.host = null (fallback to raft.grpc.server.host)
2023-06-06 06:59:37,241 [main] INFO  grpc.GrpcConfigKeys (ConfUtils.java:logFallback(53)) - raft.grpc.client.port = 15015 (fallback to raft.grpc.server.port)
2023-06-06 06:59:37,242 [main] INFO  grpc.GrpcConfigKeys (ConfUtils.java:logGet(46)) - raft.grpc.server.host = null (default)
2023-06-06 06:59:37,242 [main] INFO  grpc.GrpcConfigKeys (ConfUtils.java:logGet(46)) - raft.grpc.server.port = 15015 (custom)
2023-06-06 06:59:37,242 [main] INFO  server.GrpcService (ConfUtils.java:logGet(46)) - raft.grpc.message.size.max = 33554432 (custom)
2023-06-06 06:59:37,242 [main] INFO  server.RaftServerConfigKeys (ConfUtils.java:logGet(46)) - raft.server.log.appender.buffer.byte-limit = 33554432 (custom)
2023-06-06 06:59:37,242 [main] INFO  server.GrpcService (ConfUtils.java:logGet(46)) - raft.grpc.flow.control.window = 1MB (=1048576) (default)
2023-06-06 06:59:37,242 [main] INFO  server.RaftServerConfigKeys (ConfUtils.java:logGet(46)) - raft.server.rpc.request.timeout = 3000ms (default)
2023-06-06 06:59:37,242 [main] INFO  grpc.GrpcConfigKeys (ConfUtils.java:logGet(46)) - raft.grpc.server.heartbeat.channel = true (default)
2023-06-06 06:59:37,242 [main] INFO  grpc.GrpcConfigKeys (ConfUtils.java:logGet(46)) - raft.grpc.server.async.request.thread.pool.cached = true (default)
2023-06-06 06:59:37,243 [main] INFO  grpc.GrpcConfigKeys (ConfUtils.java:logGet(46)) - raft.grpc.server.async.request.thread.pool.size = 32 (default)
2023-06-06 06:59:37,245 [main] INFO  impl.DataStreamServerImpl (ConfUtils.java:logGet(46)) - raft.datastream.type = DISABLED (default)
2023-06-06 06:59:37,245 [main] INFO  server.RaftServerConfigKeys (ConfUtils.java:logGet(46)) - raft.server.threadpool.proxy.cached = true (default)
2023-06-06 06:59:37,245 [main] INFO  server.RaftServerConfigKeys (ConfUtils.java:logGet(46)) - raft.server.threadpool.proxy.size = 0 (default)
2023-06-06 06:59:37,245 [main] INFO  server.RaftServerConfigKeys (ConfUtils.java:logGet(46)) - raft.server.rpc.slowness.timeout = 2s (custom)
2023-06-06 06:59:37,245 [main] INFO  server.RaftServerConfigKeys (ConfUtils.java:logGet(46)) - raft.server.leaderelection.leader.step-down.wait-time = 10s (default)
2023-06-06 06:59:37,245 [main] INFO  server.RaftServerConfigKeys (ConfUtils.java:logGet(46)) - raft.server.storage.dir = [/home/runner/work/ozone/ozone/hadoop-ozone/integration-test/target/test-dir/MiniOzoneClusterImpl-8bad4e8b-826b-4b9b-92b9-e03c261c0494/omNode-3/ratis] (custom)
2023-06-06 06:59:37,246 [omNode-3-impl-thread1] INFO  server.RaftServer (RaftServerProxy.java:initGroupDir(258)) - omNode-3: found a subdirectory /home/runner/work/ozone/ozone/hadoop-ozone/integration-test/target/test-dir/MiniOzoneClusterImpl-8bad4e8b-826b-4b9b-92b9-e03c261c0494/omNode-3/ratis/c9bc4cf4-3bc3-3c60-a66b-523986131536
2023-06-06 06:59:37,246 [main] INFO  server.RaftServer (RaftServerProxy.java:addNew(98)) - omNode-3: addNew group-523986131536:[omNode-3|rpc:localhost:15015|priority:0|startupRole:FOLLOWER, omNode-1|rpc:localhost:15007|priority:0|startupRole:FOLLOWER, omNode-2|rpc:localhost:15011|priority:0|startupRole:FOLLOWER] returns group-523986131536:java.util.concurrent.CompletableFuture@61b9d55c[Not completed]
2023-06-06 06:59:37,246 [omNode-3-groupManagement] INFO  server.RaftServer$Division (RaftServerImpl.java:<init>(198)) - omNode-3: new RaftServerImpl for group-523986131536:[omNode-3|rpc:localhost:15015|priority:0|startupRole:FOLLOWER, omNode-1|rpc:localhost:15007|priority:0|startupRole:FOLLOWER, omNode-2|rpc:localhost:15011|priority:0|startupRole:FOLLOWER] with OzoneManagerStateMachine:uninitialized
2023-06-06 06:59:37,246 [main] INFO  om.OzoneManager (OzoneManager.java:initializeRatisServer(2106)) - OzoneManager Ratis server initialized at port 15015
2023-06-06 06:59:37,246 [omNode-3-groupManagement] INFO  server.RaftServerConfigKeys (ConfUtils.java:logGet(46)) - raft.server.rpc.timeout.min = 1s (custom)
2023-06-06 06:59:37,246 [main] INFO  ratis.OzoneManagerRatisServer (OzoneManagerRatisServer.java:start(558)) - Starting OzoneManagerRatisServer omNode-3 at port 15015
2023-06-06 06:59:37,246 [omNode-3-groupManagement] INFO  server.RaftServerConfigKeys (ConfUtils.java:logGet(46)) - raft.server.rpc.timeout.max = 1200ms (custom)
2023-06-06 06:59:37,247 [omNode-3-groupManagement] INFO  server.RaftServerConfigKeys (ConfUtils.java:logGet(46)) - raft.server.rpc.sleep.time = 25ms (default)
2023-06-06 06:59:37,247 [omNode-3-groupManagement] INFO  server.RaftServerConfigKeys (ConfUtils.java:logGet(46)) - raft.server.rpc.slowness.timeout = 2s (custom)
2023-06-06 06:59:37,247 [omNode-3-groupManagement] INFO  server.RaftServerConfigKeys (ConfUtils.java:logGet(46)) - raft.server.leaderelection.leader.step-down.wait-time = 10s (default)
2023-06-06 06:59:37,247 [omNode-3-groupManagement] INFO  server.RaftServerConfigKeys (ConfUtils.java:logGet(46)) - raft.server.sleep.deviation.threshold = 300ms (default)
2023-06-06 06:59:37,247 [omNode-3-groupManagement] INFO  server.RaftServer$Division (ServerState.java:<init>(120)) - omNode-3@group-523986131536: ConfigurationManager, init=-1: peers:[omNode-3|rpc:localhost:15015|priority:0|startupRole:FOLLOWER, omNode-1|rpc:localhost:15007|priority:0|startupRole:FOLLOWER, omNode-2|rpc:localhost:15011|priority:0|startupRole:FOLLOWER]|listeners:[], old=null, confs=<EMPTY_MAP>
2023-06-06 06:59:37,247 [omNode-3-groupManagement] INFO  server.RaftServerConfigKeys (ConfUtils.java:logGet(46)) - raft.server.storage.dir = [/home/runner/work/ozone/ozone/hadoop-ozone/integration-test/target/test-dir/MiniOzoneClusterImpl-8bad4e8b-826b-4b9b-92b9-e03c261c0494/omNode-3/ratis] (custom)
2023-06-06 06:59:37,247 [omNode-3-groupManagement] INFO  server.RaftServerConfigKeys (ConfUtils.java:logGet(46)) - raft.server.log.corruption.policy = EXCEPTION (default)
2023-06-06 06:59:37,247 [omNode-3-groupManagement] INFO  server.RaftServerConfigKeys (ConfUtils.java:logGet(46)) - raft.server.storage.free-space.min = 0MB (=0) (default)
2023-06-06 06:59:37,247 [omNode-3-groupManagement] INFO  server.RaftServerConfigKeys (ConfUtils.java:logGet(46)) - raft.server.notification.no-leader.timeout = 2s (custom)
2023-06-06 06:59:37,247 [omNode-3-groupManagement] INFO  server.RaftServerConfigKeys (ConfUtils.java:logGet(46)) - raft.server.read.timeout = 10s (default)
2023-06-06 06:59:37,247 [omNode-3-groupManagement] INFO  server.RaftServerConfigKeys (ConfUtils.java:logGet(46)) - raft.server.retrycache.expirytime = 30000ms (custom)
2023-06-06 06:59:37,247 [omNode-3-groupManagement] INFO  server.RaftServerConfigKeys (ConfUtils.java:logGet(46)) - raft.server.retrycache.statistics.expirytime = 100μs (default)
2023-06-06 06:59:37,247 [omNode-3-groupManagement] INFO  server.RaftServerConfigKeys (ConfUtils.java:logGet(46)) - raft.server.read.option = DEFAULT (default)
2023-06-06 06:59:37,248 [omNode-3-groupManagement] INFO  server.RaftServerConfigKeys (ConfUtils.java:logGet(46)) - raft.server.rpc.request.timeout = 3000ms (default)
2023-06-06 06:59:37,248 [omNode-3-groupManagement] INFO  server.RaftServerConfigKeys (ConfUtils.java:logGet(46)) - raft.server.log.appender.install.snapshot.enabled = false (custom)
2023-06-06 06:59:37,248 [omNode-3-groupManagement] INFO  server.RaftServerConfigKeys (ConfUtils.java:logGet(46)) - raft.server.threadpool.server.cached = true (default)
2023-06-06 06:59:37,248 [omNode-3-groupManagement] INFO  server.RaftServerConfigKeys (ConfUtils.java:logGet(46)) - raft.server.threadpool.server.size = 0 (default)
2023-06-06 06:59:37,248 [omNode-3-groupManagement] INFO  server.RaftServerConfigKeys (ConfUtils.java:logGet(46)) - raft.server.threadpool.client.cached = true (default)
2023-06-06 06:59:37,248 [omNode-3-groupManagement] INFO  server.RaftServerConfigKeys (ConfUtils.java:logGet(46)) - raft.server.threadpool.client.size = 0 (default)
2023-06-06 06:59:37,250 [omNode-3-impl-thread1] INFO  storage.RaftStorageDirectory (RaftStorageDirectoryImpl.java:tryLock(231)) - Lock on /home/runner/work/ozone/ozone/hadoop-ozone/integration-test/target/test-dir/MiniOzoneClusterImpl-8bad4e8b-826b-4b9b-92b9-e03c261c0494/omNode-3/ratis/c9bc4cf4-3bc3-3c60-a66b-523986131536/in_use.lock acquired by nodename 5524@fv-az617-212
2023-06-06 06:59:37,250 [omNode-3-impl-thread1] INFO  storage.RaftStorage (RaftStorageImpl.java:analyzeAndRecoverStorage(117)) - Read RaftStorageMetadata{term=1, votedFor=} from /home/runner/work/ozone/ozone/hadoop-ozone/integration-test/target/test-dir/MiniOzoneClusterImpl-8bad4e8b-826b-4b9b-92b9-e03c261c0494/omNode-3/ratis/c9bc4cf4-3bc3-3c60-a66b-523986131536/current/raft-meta
2023-06-06 06:59:37,253 [omNode-3-impl-thread1] INFO  server.RaftServer$Division (ServerState.java:setRaftConf(434)) - omNode-3@group-523986131536: set configuration 0: peers:[omNode-3|rpc:localhost:15015|admin:|client:|dataStream:|priority:0|startupRole:FOLLOWER, omNode-1|rpc:localhost:15007|admin:|client:|dataStream:|priority:0|startupRole:FOLLOWER, omNode-2|rpc:localhost:15011|admin:|client:|dataStream:|priority:0|startupRole:FOLLOWER]|listeners:[], old=null
2023-06-06 06:59:37,253 [omNode-3-impl-thread1] INFO  server.RaftServerConfigKeys (ConfUtils.java:logGet(46)) - raft.server.log.use.memory = false (default)
2023-06-06 06:59:37,253 [omNode-3-impl-thread1] INFO  server.RaftServerConfigKeys (ConfUtils.java:logGet(46)) - raft.server.log.purge.gap = 50 (custom)
2023-06-06 06:59:37,253 [omNode-3-impl-thread1] INFO  server.RaftServerConfigKeys (ConfUtils.java:logGet(46)) - raft.server.log.appender.buffer.byte-limit = 33554432 (custom)
2023-06-06 06:59:37,253 [omNode-3-impl-thread1] INFO  server.RaftServerConfigKeys (ConfUtils.java:logGet(46)) - raft.server.log.statemachine.data.read.timeout = 1000ms (default)
2023-06-06 06:59:37,253 [omNode-3-impl-thread1] INFO  server.RaftServerConfigKeys (ConfUtils.java:logGet(46)) - raft.server.log.purge.preservation.log.num = 0 (default)
2023-06-06 06:59:37,254 [omNode-3-impl-thread1] INFO  server.RaftServerConfigKeys (ConfUtils.java:logGet(46)) - raft.server.log.segment.size.max = 4194304 (custom)
2023-06-06 06:59:37,254 [omNode-3-impl-thread1] INFO  server.RaftServerConfigKeys (ConfUtils.java:logGet(46)) - raft.server.log.segment.cache.num.max = 2 (custom)
2023-06-06 06:59:37,254 [omNode-3-impl-thread1] INFO  server.RaftServerConfigKeys (ConfUtils.java:logGet(46)) - raft.server.log.segment.cache.size.max = 200MB (=209715200) (default)
2023-06-06 06:59:37,254 [omNode-3-impl-thread1] INFO  server.RaftServerConfigKeys (ConfUtils.java:logGet(46)) - raft.server.log.appender.buffer.byte-limit = 33554432 (custom)
2023-06-06 06:59:37,254 [omNode-3-impl-thread1] INFO  segmented.SegmentedRaftLogWorker (SegmentedRaftLogWorker.java:<init>(188)) - new omNode-3@group-523986131536-SegmentedRaftLogWorker for RaftStorageImpl:Storage Directory /home/runner/work/ozone/ozone/hadoop-ozone/integration-test/target/test-dir/MiniOzoneClusterImpl-8bad4e8b-826b-4b9b-92b9-e03c261c0494/omNode-3/ratis/c9bc4cf4-3bc3-3c60-a66b-523986131536
2023-06-06 06:59:37,254 [omNode-3-impl-thread1] INFO  server.RaftServerConfigKeys (ConfUtils.java:logGet(46)) - raft.server.log.queue.byte-limit = 64MB (=67108864) (default)
2023-06-06 06:59:37,254 [omNode-3-impl-thread1] INFO  server.RaftServerConfigKeys (ConfUtils.java:logGet(46)) - raft.server.log.queue.element-limit = 4096 (default)
2023-06-06 06:59:37,254 [omNode-3-impl-thread1] INFO  server.RaftServerConfigKeys (ConfUtils.java:logGet(46)) - raft.server.log.segment.size.max = 4194304 (custom)
2023-06-06 06:59:37,254 [omNode-3-impl-thread1] INFO  server.RaftServerConfigKeys (ConfUtils.java:logGet(46)) - raft.server.log.preallocated.size = 4194304 (custom)
2023-06-06 06:59:37,254 [omNode-3-impl-thread1] INFO  server.RaftServerConfigKeys (ConfUtils.java:logGet(46)) - raft.server.log.force.sync.num = 128 (default)
2023-06-06 06:59:37,254 [omNode-3-impl-thread1] INFO  server.RaftServerConfigKeys (ConfUtils.java:logGet(46)) - raft.server.log.statemachine.data.sync = true (default)
2023-06-06 06:59:37,254 [omNode-3-impl-thread1] INFO  server.RaftServerConfigKeys (ConfUtils.java:logGet(46)) - raft.server.log.statemachine.data.sync.timeout = 10s (default)
2023-06-06 06:59:37,254 [omNode-3-impl-thread1] INFO  server.RaftServerConfigKeys (ConfUtils.java:logGet(46)) - raft.server.log.statemachine.data.sync.timeout.retry = -1 (default)
2023-06-06 06:59:37,255 [omNode-3-impl-thread1] INFO  server.RaftServerConfigKeys (ConfUtils.java:logGet(46)) - raft.server.log.write.buffer.size = 64KB (=65536) (default)
2023-06-06 06:59:37,255 [omNode-3-impl-thread1] INFO  server.RaftServerConfigKeys (ConfUtils.java:logGet(46)) - raft.server.log.appender.buffer.byte-limit = 33554432 (custom)
2023-06-06 06:59:37,258 [omNode-3-impl-thread1] INFO  server.RaftServerConfigKeys (ConfUtils.java:logGet(46)) - raft.server.log.unsafe-flush.enabled = false (default)
2023-06-06 06:59:37,258 [omNode-3-impl-thread1] INFO  server.RaftServerConfigKeys (ConfUtils.java:logGet(46)) - raft.server.log.async-flush.enabled = false (default)
2023-06-06 06:59:37,258 [omNode-3-impl-thread1] INFO  server.RaftServerConfigKeys (ConfUtils.java:logGet(46)) - raft.server.log.statemachine.data.caching.enabled = false (default)
2023-06-06 06:59:37,262 [omNode-3-impl-thread1] INFO  server.RaftServer$Division (ServerState.java:setRaftConf(434)) - omNode-3@group-523986131536: set configuration 0: peers:[omNode-3|rpc:localhost:15015|admin:|client:|dataStream:|priority:0|startupRole:FOLLOWER, omNode-1|rpc:localhost:15007|admin:|client:|dataStream:|priority:0|startupRole:FOLLOWER, omNode-2|rpc:localhost:15011|admin:|client:|dataStream:|priority:0|startupRole:FOLLOWER]|listeners:[], old=null
2023-06-06 06:59:37,269 [omNode-3-impl-thread1] INFO  segmented.LogSegment (LogSegment.java:loadSegment(170)) - Successfully read 121 entries from segment file /home/runner/work/ozone/ozone/hadoop-ozone/integration-test/target/test-dir/MiniOzoneClusterImpl-8bad4e8b-826b-4b9b-92b9-e03c261c0494/omNode-3/ratis/c9bc4cf4-3bc3-3c60-a66b-523986131536/current/log_inprogress_0
2023-06-06 06:59:37,269 [omNode-3-impl-thread1] INFO  segmented.SegmentedRaftLogWorker (SegmentedRaftLogWorker.java:lambda$new$0(135)) - omNode-3@group-523986131536-SegmentedRaftLogWorker: flushIndex: setUnconditionally 0 -> 120
2023-06-06 06:59:37,269 [omNode-3-impl-thread1] INFO  segmented.SegmentedRaftLogWorker (SegmentedRaftLogWorker.java:lambda$new$0(135)) - omNode-3@group-523986131536-SegmentedRaftLogWorker: safeCacheEvictIndex: setUnconditionally 0 -> -1
2023-06-06 06:59:37,269 [omNode-3-impl-thread1] INFO  server.RaftServer$Division (RaftServerImpl.java:start(342)) - omNode-3@group-523986131536: start as a follower, conf=0: peers:[omNode-3|rpc:localhost:15015|admin:|client:|dataStream:|priority:0|startupRole:FOLLOWER, omNode-1|rpc:localhost:15007|admin:|client:|dataStream:|priority:0|startupRole:FOLLOWER, omNode-2|rpc:localhost:15011|admin:|client:|dataStream:|priority:0|startupRole:FOLLOWER]|listeners:[], old=null
2023-06-06 06:59:37,269 [omNode-3-impl-thread1] INFO  server.RaftServer$Division (RaftServerImpl.java:setRole(329)) - omNode-3@group-523986131536: changes role from      null to FOLLOWER at term 1 for startAsFollower
2023-06-06 06:59:37,269 [omNode-3-impl-thread1] INFO  impl.RoleInfo (RoleInfo.java:updateAndGet(139)) - omNode-3: start omNode-3@group-523986131536-FollowerState
2023-06-06 06:59:37,273 [omNode-3-impl-thread1] INFO  util.JmxRegister (JmxRegister.java:tryRegister(44)) - Successfully registered JMX Bean with object name Ratis:service=RaftServer,group=group-523986131536,id=omNode-3
2023-06-06 06:59:37,273 [omNode-3-impl-thread1] INFO  server.RaftServerConfigKeys (ConfUtils.java:logGet(46)) - raft.server.snapshot.auto.trigger.enabled = true (custom)
2023-06-06 06:59:37,273 [omNode-3-impl-thread1] INFO  server.RaftServerConfigKeys (ConfUtils.java:logGet(46)) - raft.server.snapshot.auto.trigger.threshold = 50 (custom)
2023-06-06 06:59:37,273 [omNode-3-impl-thread1] INFO  server.RaftServerConfigKeys (ConfUtils.java:logGet(46)) - raft.server.snapshot.retention.file.num = -1 (default)
2023-06-06 06:59:37,273 [omNode-3-impl-thread1] INFO  server.RaftServerConfigKeys (ConfUtils.java:logGet(46)) - raft.server.log.purge.upto.snapshot.index = true (custom)
2023-06-06 06:59:37,274 [main] INFO  server.RaftServer (RaftServerProxy.java:startImpl(400)) - omNode-3: start RPC server
2023-06-06 06:59:37,274 [omNode-3@group-523986131536-FollowerState] INFO  server.RaftServerConfigKeys (ConfUtils.java:logFallback(53)) - raft.server.rpc.first-election.timeout.min = 1s (fallback to raft.server.rpc.timeout.min)
2023-06-06 06:59:37,278 [main] INFO  server.GrpcService (GrpcService.java:startImpl(302)) - omNode-3: GrpcService started, listening on 15015
2023-06-06 06:59:37,286 [main] INFO  om.OzoneManager (OzoneManager.java:getRpcServer(1165)) - Creating RPC Server
2023-06-06 06:59:37,286 [JvmPauseMonitor7] INFO  util.JvmPauseMonitor (JvmPauseMonitor.java:run(103)) - JvmPauseMonitor-omNode-3: Started
2023-06-06 06:59:37,287 [omNode-3@group-523986131536-FollowerState] INFO  server.RaftServerConfigKeys (ConfUtils.java:logFallback(53)) - raft.server.rpc.first-election.timeout.max = 1200ms (fallback to raft.server.rpc.timeout.max)
2023-06-06 06:59:37,385 [grpc-default-executor-2] WARN  server.GrpcLogAppender (LogUtils.java:warn(122)) - omNode-1@group-523986131536->omNode-3-AppendLogResponseHandler: Failed appendEntries: org.apache.ratis.thirdparty.io.grpc.StatusRuntimeException: UNAVAILABLE: io exception
2023-06-06 06:59:37,385 [grpc-default-executor-0] WARN  server.GrpcLogAppender (LogUtils.java:warn(122)) - omNode-1@group-523986131536->omNode-3-AppendLogResponseHandler: Failed appendEntries: org.apache.ratis.thirdparty.io.grpc.StatusRuntimeException: UNAVAILABLE: io exception
2023-06-06 06:59:37,386 [grpc-default-executor-2] INFO  leader.FollowerInfo (FollowerInfoImpl.java:lambda$new$0(52)) - omNode-1@group-523986131536->omNode-3: decreaseNextIndex nextIndex: updateUnconditionally 119 -> 118
2023-06-06 06:59:37,387 [grpc-default-executor-0] INFO  leader.FollowerInfo (FollowerInfoImpl.java:lambda$new$0(52)) - omNode-1@group-523986131536->omNode-3: decreaseNextIndex nextIndex: updateUnconditionally 118 -> 117
2023-06-06 06:59:37,405 [omNode-3-server-thread1] INFO  server.RaftServer$Division (ServerState.java:setLeader(317)) - omNode-3@group-523986131536: change Leader from null to omNode-1 at term 1 for appendEntries, leader elected after 153ms
2023-06-06 06:59:37,405 [omNode-3-server-thread1] INFO  server.RaftServer$Division (RaftServerImpl.java:checkInconsistentAppendEntries(1603)) - omNode-3@group-523986131536: Failed appendEntries as the first entry (index 117) already exists (snapshotIndex: 119, commitIndex: 119)
2023-06-06 06:59:37,405 [omNode-3-server-thread1] INFO  server.RaftServer$Division (RaftServerImpl.java:checkInconsistentAppendEntries(1583)) - omNode-3@group-523986131536: inconsistency entries. Reply:omNode-1<-omNode-3#214:FAIL-t1,INCONSISTENCY,nextIndex=120,followerCommit=119,matchIndex=-1
2023-06-06 06:59:37,406 [grpc-default-executor-5] WARN  server.GrpcLogAppender (GrpcLogAppender.java:onNextImpl(401)) - omNode-1@group-523986131536->omNode-3-AppendLogResponseHandler: received INCONSISTENCY reply with nextIndex 120
2023-06-06 06:59:37,407 [grpc-default-executor-5] INFO  leader.FollowerInfo (FollowerInfoImpl.java:lambda$new$0(52)) - omNode-1@group-523986131536->omNode-3: setNextIndex nextIndex: updateUnconditionally 121 -> 120
2023-06-06 06:59:37,725 [main] INFO  reflections.Reflections (Reflections.java:scan(232)) - Reflections took 437 ms to scan 19 urls, producing 69 keys and 5284 values [using 2 cores]
2023-06-06 06:59:37,726 [main] INFO  ipc.CallQueueManager (CallQueueManager.java:<init>(90)) - Using callQueue: class java.util.concurrent.LinkedBlockingQueue, queueCapacity: 2000, scheduler: class org.apache.hadoop.ipc.DefaultRpcScheduler, ipcBackoff: false.
2023-06-06 06:59:37,727 [Socket Reader #1 for port 15012] INFO  ipc.Server (Server.java:run(1319)) - Starting Socket Reader #1 for port 15012
2023-06-06 06:59:37,729 [Listener at localhost/15012] INFO  hdds.HddsUtils (HddsUtils.java:preserveThreadName(843)) - Restoring thread name: main
2023-06-06 06:59:37,730 [main] INFO  http.BaseHttpServer (BaseHttpServer.java:newHttpServer2BuilderForOzone(224)) - Starting Web-server for ozoneManager at: http://0.0.0.0:15013
2023-06-06 06:59:37,730 [main] INFO  http.BaseHttpServer (BaseHttpServer.java:<init>(111)) - Hadoop Security Enabled: false Ozone Security Enabled: false Ozone HTTP Security Enabled: false 
2023-06-06 06:59:37,732 [main] WARN  server.AuthenticationFilter (AuthenticationFilter.java:constructSecretProvider(240)) - Unable to initialize FileSignerSecretProvider, falling back to use random secrets. Reason: Could not read signature secret file: /home/runner/hadoop-http-auth-signature-secret
2023-06-06 06:59:37,732 [main] INFO  http.HttpRequestLog (HttpRequestLog.java:getRequestLog(86)) - Http request log for http.requests.ozoneManager is not defined
2023-06-06 06:59:37,734 [main] INFO  http.HttpServer2 (HttpServer2.java:addGlobalFilter(1031)) - Added global filter 'safety' (class=org.apache.hadoop.hdds.server.http.HttpServer2$QuotingInputFilter)
2023-06-06 06:59:37,735 [main] INFO  http.HttpServer2 (HttpServer2.java:addFilter(1007)) - Added filter static_user_filter (class=org.apache.hadoop.http.lib.StaticUserWebFilter$StaticUserFilter) to context ozoneManager
2023-06-06 06:59:37,735 [main] INFO  http.HttpServer2 (HttpServer2.java:addFilter(1015)) - Added filter static_user_filter (class=org.apache.hadoop.http.lib.StaticUserWebFilter$StaticUserFilter) to context logs
2023-06-06 06:59:37,735 [main] INFO  http.HttpServer2 (HttpServer2.java:addFilter(1015)) - Added filter static_user_filter (class=org.apache.hadoop.http.lib.StaticUserWebFilter$StaticUserFilter) to context static
2023-06-06 06:59:37,736 [main] INFO  http.BaseHttpServer (BaseHttpServer.java:<init>(190)) - HTTP server of ozoneManager uses base directory /home/runner/work/ozone/ozone/hadoop-ozone/integration-test/target/test-dir/MiniOzoneClusterImpl-8bad4e8b-826b-4b9b-92b9-e03c261c0494/omNode-3/webserver
2023-06-06 06:59:37,736 [main] INFO  http.HttpServer2 (HttpServer2.java:bindListener(1250)) - Jetty bound to port 15013
2023-06-06 06:59:37,737 [main] INFO  server.Server (Server.java:doStart(375)) - jetty-9.4.51.v20230217; built: 2023-02-17T08:19:37.309Z; git: b45c405e4544384de066f814ed42ae3dceacdd49; jvm 1.8.0_372-b07
2023-06-06 06:59:37,740 [main] INFO  server.session (DefaultSessionIdManager.java:doStart(334)) - DefaultSessionIdManager workerName=node0
2023-06-06 06:59:37,740 [main] INFO  server.session (DefaultSessionIdManager.java:doStart(339)) - No SessionScavenger set, using defaults
2023-06-06 06:59:37,740 [main] INFO  server.session (HouseKeeper.java:startScavenging(132)) - node0 Scavenging every 660000ms
2023-06-06 06:59:37,741 [main] INFO  handler.ContextHandler (ContextHandler.java:doStart(921)) - Started o.e.j.s.ServletContextHandler@5661fc7a{logs,/logs,file:///home/runner/work/ozone/ozone/hadoop-ozone/integration-test/target/log,AVAILABLE}
2023-06-06 06:59:37,741 [main] INFO  handler.ContextHandler (ContextHandler.java:doStart(921)) - Started o.e.j.s.ServletContextHandler@76065be8{static,/static,file:///home/runner/work/ozone/ozone/hadoop-ozone/integration-test/target/test-classes/webapps/static,AVAILABLE}
2023-06-06 06:59:37,746 [main] INFO  handler.ContextHandler (ContextHandler.java:doStart(921)) - Started o.e.j.w.WebAppContext@4aa4a9d5{ozoneManager,/,file:///home/runner/work/ozone/ozone/hadoop-ozone/integration-test/target/test-classes/webapps/ozoneManager/,AVAILABLE}{file:/home/runner/work/ozone/ozone/hadoop-ozone/integration-test/target/test-classes/webapps/ozoneManager}
2023-06-06 06:59:37,748 [main] INFO  server.AbstractConnector (AbstractConnector.java:doStart(333)) - Started ServerConnector@1d9bd1a6{HTTP/1.1, (http/1.1)}{0.0.0.0:15013}
2023-06-06 06:59:37,748 [main] INFO  server.Server (Server.java:doStart(415)) - Started @27870ms
2023-06-06 06:59:37,748 [main] WARN  impl.MetricsSystemImpl (MetricsSystemImpl.java:register(279)) - Sink prometheus already exists!
2023-06-06 06:59:37,749 [main] INFO  http.BaseHttpServer (BaseHttpServer.java:updateConnectorAddress(344)) - HTTP server of ozoneManager listening at http://0.0.0.0:15013
2023-06-06 06:59:37,749 [IPC Server Responder] INFO  ipc.Server (Server.java:run(1558)) - IPC Server Responder: starting
2023-06-06 06:59:37,749 [IPC Server listener on 15012] INFO  ipc.Server (Server.java:run(1398)) - IPC Server listener on 15012: starting
2023-06-06 06:59:37,751 [main] INFO  om.OzoneManager (OzoneManager.java:startTrashEmptier(2059)) - Trash Interval set to 0. Files deleted won't move to trash
2023-06-06 06:59:37,751 [main] INFO  om.OzoneManager (OzoneManager.java:stop(2165)) - omNode-1[localhost:15004]: Stopping Ozone Manager
2023-06-06 06:59:37,751 [main] INFO  ipc.Server (Server.java:stop(3501)) - Stopping server on 15004
2023-06-06 06:59:37,759 [IPC Server listener on 15004] INFO  ipc.Server (Server.java:run(1430)) - Stopping IPC Server listener on 15004
2023-06-06 06:59:37,759 [IPC Server Responder] INFO  ipc.Server (Server.java:run(1563)) - Stopping IPC Server Responder
2023-06-06 06:59:37,760 [main] INFO  server.RaftServer (RaftServerProxy.java:lambda$close$6(416)) - omNode-1: close
2023-06-06 06:59:37,760 [main] INFO  server.GrpcService (GrpcService.java:closeImpl(311)) - omNode-1: shutdown server GrpcServerProtocolService now
2023-06-06 06:59:37,761 [omNode-1-impl-thread1] INFO  server.RaftServer$Division (RaftServerImpl.java:lambda$close$4(466)) - omNode-1@group-523986131536: shutdown
2023-06-06 06:59:37,761 [omNode-1-impl-thread1] INFO  util.JmxRegister (JmxRegister.java:unregister(73)) - Successfully un-registered JMX Bean with object name Ratis:service=RaftServer,group=group-523986131536,id=omNode-1
2023-06-06 06:59:37,761 [omNode-1-impl-thread1] INFO  impl.RoleInfo (RoleInfo.java:shutdownLeaderState(93)) - omNode-1: shutdown omNode-1@group-523986131536-LeaderStateImpl
2023-06-06 06:59:37,762 [omNode-1-impl-thread1] INFO  impl.PendingRequests (PendingRequests.java:sendNotLeaderResponses(289)) - omNode-1@group-523986131536-PendingRequests: sendNotLeaderResponses
2023-06-06 06:59:37,762 [omNode-1@group-523986131536->omNode-3-GrpcLogAppender-LogAppenderDaemon] WARN  server.GrpcLogAppender (GrpcLogAppender.java:mayWait(199)) - omNode-1@group-523986131536->omNode-3-GrpcLogAppender: Wait interrupted by java.lang.InterruptedException
2023-06-06 06:59:37,763 [omNode-1@group-523986131536->omNode-2-GrpcLogAppender-LogAppenderDaemon] WARN  server.GrpcLogAppender (GrpcLogAppender.java:mayWait(199)) - omNode-1@group-523986131536->omNode-2-GrpcLogAppender: Wait interrupted by java.lang.InterruptedException
2023-06-06 06:59:37,763 [grpc-default-executor-5] INFO  server.GrpcServerProtocolService (GrpcServerProtocolService.java:onCompleted(155)) - omNode-3: Completed APPEND_ENTRIES, lastRequest: null
2023-06-06 06:59:37,763 [grpc-default-executor-4] INFO  server.GrpcServerProtocolService (GrpcServerProtocolService.java:onCompleted(155)) - omNode-2: Completed APPEND_ENTRIES, lastRequest: omNode-1->omNode-2#191-t1,previous=(t:1, i:119),leaderCommit=119,initializing? true,entries: size=1, first=(t:1, i:120), METADATAENTRY(c:119)
2023-06-06 06:59:37,763 [grpc-default-executor-5] INFO  server.GrpcServerProtocolService (GrpcServerProtocolService.java:lambda$onCompleted$5(157)) - omNode-3: Completed APPEND_ENTRIES, lastReply: null
2023-06-06 06:59:37,763 [grpc-default-executor-0] INFO  server.GrpcServerProtocolService (GrpcServerProtocolService.java:onCompleted(155)) - omNode-2: Completed APPEND_ENTRIES, lastRequest: null
2023-06-06 06:59:37,764 [grpc-default-executor-2] INFO  server.GrpcServerProtocolService (GrpcServerProtocolService.java:onCompleted(155)) - omNode-3: Completed APPEND_ENTRIES, lastRequest: omNode-1->omNode-3#215-t1,previous=(t:1, i:119),leaderCommit=120,initializing? true,entries: size=1, first=(t:1, i:120), METADATAENTRY(c:119)
2023-06-06 06:59:37,764 [grpc-default-executor-2] INFO  server.GrpcServerProtocolService (GrpcServerProtocolService.java:lambda$onCompleted$5(157)) - omNode-3: Completed APPEND_ENTRIES, lastReply: null
2023-06-06 06:59:37,764 [grpc-default-executor-5] INFO  server.GrpcLogAppender (GrpcLogAppender.java:onCompleted(428)) - omNode-1@group-523986131536->omNode-3-AppendLogResponseHandler: follower responses appendEntries COMPLETED
2023-06-06 06:59:37,764 [grpc-default-executor-5] INFO  leader.FollowerInfo (FollowerInfoImpl.java:lambda$new$0(52)) - omNode-1@group-523986131536->omNode-3: decreaseNextIndex nextIndex: updateUnconditionally 121 -> 120
2023-06-06 06:59:37,765 [grpc-default-executor-0] INFO  server.GrpcServerProtocolService (GrpcServerProtocolService.java:lambda$onCompleted$5(157)) - omNode-2: Completed APPEND_ENTRIES, lastReply: serverReply {
  requestorId: "omNode-1"
  replyId: "omNode-2"
  raftGroupId {
    id: "\311\274L\364;\303<`\246kR9\206\023\0256"
  }
  callId: 196
  success: true
}
term: 1
nextIndex: 121
followerCommit: 120
matchIndex: 18446744073709551615
isHearbeat: true

2023-06-06 06:59:37,763 [grpc-default-executor-4] INFO  server.GrpcServerProtocolService (GrpcServerProtocolService.java:lambda$onCompleted$5(157)) - omNode-2: Completed APPEND_ENTRIES, lastReply: null
2023-06-06 06:59:37,766 [grpc-default-executor-2] INFO  server.GrpcLogAppender (GrpcLogAppender.java:onCompleted(428)) - omNode-1@group-523986131536->omNode-3-AppendLogResponseHandler: follower responses appendEntries COMPLETED
2023-06-06 06:59:37,766 [grpc-default-executor-2] INFO  leader.FollowerInfo (FollowerInfoImpl.java:lambda$new$0(52)) - omNode-1@group-523986131536->omNode-3: decreaseNextIndex nextIndex: updateUnconditionally 120 -> 119
2023-06-06 06:59:37,766 [grpc-default-executor-2] INFO  server.GrpcLogAppender (GrpcLogAppender.java:onCompleted(428)) - omNode-1@group-523986131536->omNode-2-AppendLogResponseHandler: follower responses appendEntries COMPLETED
2023-06-06 06:59:37,766 [grpc-default-executor-2] INFO  leader.FollowerInfo (FollowerInfoImpl.java:lambda$new$0(52)) - omNode-1@group-523986131536->omNode-2: decreaseNextIndex nextIndex: updateUnconditionally 121 -> 120
2023-06-06 06:59:37,769 [grpc-default-executor-2] INFO  server.GrpcLogAppender (GrpcLogAppender.java:onCompleted(428)) - omNode-1@group-523986131536->omNode-2-AppendLogResponseHandler: follower responses appendEntries COMPLETED
2023-06-06 06:59:37,769 [grpc-default-executor-2] INFO  leader.FollowerInfo (FollowerInfoImpl.java:lambda$new$0(52)) - omNode-1@group-523986131536->omNode-2: decreaseNextIndex nextIndex: updateUnconditionally 120 -> 119
2023-06-06 06:59:37,770 [omNode-1@group-523986131536-StateMachineUpdater] INFO  ratis.OzoneManagerStateMachine (OzoneManagerStateMachine.java:takeSnapshot(479)) - Current Snapshot Index (t:1, i:120)
2023-06-06 06:59:37,771 [omNode-1-impl-thread1] INFO  impl.StateMachineUpdater (StateMachineUpdater.java:stopAndJoin(155)) - omNode-1@group-523986131536-StateMachineUpdater: set stopIndex = 120
2023-06-06 06:59:37,777 [Thread-1065] INFO  server.GrpcServerProtocolClient (GrpcServerProtocolClient.java:close(103)) - omNode-3 Close channels
2023-06-06 06:59:37,779 [Thread-1067] INFO  server.GrpcServerProtocolClient (GrpcServerProtocolClient.java:close(103)) - omNode-2 Close channels
2023-06-06 06:59:37,783 [main] INFO  server.GrpcService (GrpcService.java:closeImpl(320)) - omNode-1: shutdown server GrpcServerProtocolService successfully
2023-06-06 06:59:37,799 [omNode-1@group-523986131536-StateMachineUpdater] INFO  impl.StateMachineUpdater (StateMachineUpdater.java:takeSnapshot(291)) - omNode-1@group-523986131536-StateMachineUpdater: Took a snapshot at index 120
2023-06-06 06:59:37,799 [omNode-1@group-523986131536-StateMachineUpdater] INFO  impl.StateMachineUpdater (StateMachineUpdater.java:lambda$new$0(97)) - omNode-1@group-523986131536-StateMachineUpdater: snapshotIndex: updateIncreasingly 100 -> 120
2023-06-06 06:59:37,799 [omNode-1@group-523986131536-StateMachineUpdater] INFO  ratis.OzoneManagerStateMachine (OzoneManagerStateMachine.java:close(533)) - StateMachine has shutdown. Shutdown OzoneManager if not already shutdown.
2023-06-06 06:59:37,799 [omNode-1@group-523986131536-StateMachineUpdater] INFO  ratis.OzoneManagerDoubleBuffer (OzoneManagerDoubleBuffer.java:stopDaemon(559)) - Stopping OMDoubleBuffer flush thread
2023-06-06 06:59:37,799 [OMDoubleBufferFlushThread] INFO  ratis.OzoneManagerDoubleBuffer (OzoneManagerDoubleBuffer.java:canFlush(648)) - OMDoubleBuffer flush thread OMDoubleBufferFlushThread is interrupted and will exit.
2023-06-06 06:59:37,800 [omNode-1-impl-thread1] INFO  server.RaftServer$Division (ServerState.java:close(472)) - omNode-1@group-523986131536: closes. applyIndex: 120
2023-06-06 06:59:38,125 [omNode-1-impl-thread1] INFO  segmented.SegmentedRaftLogWorker (SegmentedRaftLogWorker.java:close(252)) - omNode-1@group-523986131536-SegmentedRaftLogWorker close()
2023-06-06 06:59:38,126 [JvmPauseMonitor1] INFO  util.JvmPauseMonitor (JvmPauseMonitor.java:run(109)) - JvmPauseMonitor-omNode-1: Stopped
2023-06-06 06:59:38,126 [main] INFO  ratis.OzoneManagerStateMachine (OzoneManagerStateMachine.java:close(533)) - StateMachine has shutdown. Shutdown OzoneManager if not already shutdown.
2023-06-06 06:59:38,126 [main] INFO  ratis.OzoneManagerDoubleBuffer (OzoneManagerDoubleBuffer.java:stopDaemon(568)) - OMDoubleBuffer flush thread is not running.
2023-06-06 06:59:38,127 [main] INFO  utils.BackgroundService (BackgroundService.java:shutdown(141)) - Shutting down service KeyDeletingService
2023-06-06 06:59:38,127 [main] INFO  utils.BackgroundService (BackgroundService.java:shutdown(141)) - Shutting down service KeyDeletingService
2023-06-06 06:59:38,127 [main] INFO  utils.BackgroundService (BackgroundService.java:shutdown(141)) - Shutting down service OpenKeyCleanupService
2023-06-06 06:59:38,128 [main] INFO  utils.BackgroundService (BackgroundService.java:shutdown(141)) - Shutting down service SstFilteringService
2023-06-06 06:59:38,128 [main] INFO  utils.BackgroundService (BackgroundService.java:shutdown(141)) - Shutting down service SnapshotDeletingService
2023-06-06 06:59:38,129 [main] INFO  handler.ContextHandler (ContextHandler.java:doStop(1159)) - Stopped o.e.j.w.WebAppContext@169d11c5{ozoneManager,/,null,STOPPED}{file:/home/runner/work/ozone/ozone/hadoop-ozone/integration-test/target/test-classes/webapps/ozoneManager}
2023-06-06 06:59:38,129 [main] INFO  server.AbstractConnector (AbstractConnector.java:doStop(383)) - Stopped ServerConnector@5e698640{HTTP/1.1, (http/1.1)}{0.0.0.0:15005}
2023-06-06 06:59:38,129 [main] INFO  server.session (HouseKeeper.java:stopScavenging(149)) - node0 Stopped scavenging
2023-06-06 06:59:38,130 [main] INFO  handler.ContextHandler (ContextHandler.java:doStop(1159)) - Stopped o.e.j.s.ServletContextHandler@1477b4ab{static,/static,file:///home/runner/work/ozone/ozone/hadoop-ozone/integration-test/target/test-classes/webapps/static,STOPPED}
2023-06-06 06:59:38,130 [main] INFO  handler.ContextHandler (ContextHandler.java:doStop(1159)) - Stopped o.e.j.s.ServletContextHandler@70ce5a0a{logs,/logs,file:///home/runner/work/ozone/ozone/hadoop-ozone/integration-test/target/log,STOPPED}
2023-06-06 06:59:38,135 [main] INFO  snapshot.SnapshotDiffManager (SnapshotDiffManager.java:closeExecutorService(1278)) - Shutting down executorService: 'SnapDiffExecutor'
2023-06-06 06:59:38,136 [main] INFO  utils.BackgroundService (BackgroundService.java:shutdown(141)) - Shutting down service SnapshotDiffCleanupService
2023-06-06 06:59:38,136 [main] INFO  om.OzoneManager (OzoneManager.java:restart(1676)) - OzoneManager RPC server is listening at localhost/127.0.0.1:15004
2023-06-06 06:59:38,137 [main] INFO  impl.MetricsSystemImpl (MetricsSystemImpl.java:init(158)) - OzoneManager metrics system started (again)
2023-06-06 06:59:38,152 [main] WARN  server.ServerUtils (ServerUtils.java:getDBPath(311)) - ozone.om.db.dirs is not configured. We recommend adding this setting. Falling back to ozone.metadata.dirs instead.
2023-06-06 06:59:38,153 [main] INFO  helpers.OmKeyInfo (OmKeyInfo.java:getCodec(71)) - OmKeyInfo.getCodec ignorePipeline = true
2023-06-06 06:59:38,208 [main] INFO  om.OzoneManager (OzoneManager.java:instantiateServices(771)) - S3 Multi-Tenancy is disabled
2023-06-06 06:59:38,208 [main] INFO  om.OmSnapshotManager (OmSnapshotManager.java:<init>(170)) - Ozone filesystem snapshot feature is enabled.
2023-06-06 06:59:38,208 [main] WARN  server.ServerUtils (ServerUtils.java:getDBPath(311)) - ozone.om.snapshot.diff.db.dir is not configured. We recommend adding this setting. Falling back to ozone.metadata.dirs instead.
2023-06-06 06:59:38,220 [main] INFO  utils.NativeLibraryLoader (NativeLibraryLoader.java:loadLibrary(103)) - Loading Library: ozone_rocksdb_tools
2023-06-06 06:59:38,222 [main] WARN  server.ServerUtils (ServerUtils.java:getDefaultRatisDirectory(323)) - Storage directory for Ratis is not configured. It is a good idea to map this to an SSD disk. Falling back to ozone.metadata.dirs
2023-06-06 06:59:38,223 [main] INFO  ratis.OzoneManagerRatisServer (OzoneManagerRatisServer.java:<init>(163)) - Instantiating OM Ratis server with groupID: om-service-test1 and peers: localhost:15007, localhost:15015, localhost:15011
2023-06-06 06:59:38,223 [main] INFO  ratis.OzoneManagerStateMachine (OzoneManagerStateMachine.java:loadSnapshotInfoFromDB(670)) - LastAppliedIndex is set from TransactionInfo from OM DB as (t:1, i:120)
2023-06-06 06:59:38,224 [main] INFO  server.RaftServer (ConfUtils.java:logGet(46)) - raft.rpc.type = GRPC (default)
2023-06-06 06:59:38,224 [main] INFO  grpc.GrpcConfigKeys (ConfUtils.java:logFallback(53)) - raft.grpc.admin.host = null (fallback to raft.grpc.server.host)
2023-06-06 06:59:38,224 [main] INFO  grpc.GrpcConfigKeys (ConfUtils.java:logFallback(53)) - raft.grpc.admin.port = 15007 (fallback to raft.grpc.server.port)
2023-06-06 06:59:38,224 [main] INFO  grpc.GrpcConfigKeys (ConfUtils.java:logFallback(53)) - raft.grpc.client.host = null (fallback to raft.grpc.server.host)
2023-06-06 06:59:38,225 [main] INFO  grpc.GrpcConfigKeys (ConfUtils.java:logFallback(53)) - raft.grpc.client.port = 15007 (fallback to raft.grpc.server.port)
2023-06-06 06:59:38,225 [main] INFO  grpc.GrpcConfigKeys (ConfUtils.java:logGet(46)) - raft.grpc.server.host = null (default)
2023-06-06 06:59:38,225 [main] INFO  grpc.GrpcConfigKeys (ConfUtils.java:logGet(46)) - raft.grpc.server.port = 15007 (custom)
2023-06-06 06:59:38,225 [main] INFO  server.GrpcService (ConfUtils.java:logGet(46)) - raft.grpc.message.size.max = 33554432 (custom)
2023-06-06 06:59:38,225 [main] INFO  server.RaftServerConfigKeys (ConfUtils.java:logGet(46)) - raft.server.log.appender.buffer.byte-limit = 33554432 (custom)
2023-06-06 06:59:38,225 [main] INFO  server.GrpcService (ConfUtils.java:logGet(46)) - raft.grpc.flow.control.window = 1MB (=1048576) (default)
2023-06-06 06:59:38,225 [main] INFO  server.RaftServerConfigKeys (ConfUtils.java:logGet(46)) - raft.server.rpc.request.timeout = 3000ms (default)
2023-06-06 06:59:38,225 [main] INFO  grpc.GrpcConfigKeys (ConfUtils.java:logGet(46)) - raft.grpc.server.heartbeat.channel = true (default)
2023-06-06 06:59:38,225 [main] INFO  grpc.GrpcConfigKeys (ConfUtils.java:logGet(46)) - raft.grpc.server.async.request.thread.pool.cached = true (default)
2023-06-06 06:59:38,226 [main] INFO  grpc.GrpcConfigKeys (ConfUtils.java:logGet(46)) - raft.grpc.server.async.request.thread.pool.size = 32 (default)
2023-06-06 06:59:38,227 [main] INFO  impl.DataStreamServerImpl (ConfUtils.java:logGet(46)) - raft.datastream.type = DISABLED (default)
2023-06-06 06:59:38,227 [main] INFO  server.RaftServerConfigKeys (ConfUtils.java:logGet(46)) - raft.server.threadpool.proxy.cached = true (default)
2023-06-06 06:59:38,227 [main] INFO  server.RaftServerConfigKeys (ConfUtils.java:logGet(46)) - raft.server.threadpool.proxy.size = 0 (default)
2023-06-06 06:59:38,227 [main] INFO  server.RaftServerConfigKeys (ConfUtils.java:logGet(46)) - raft.server.rpc.slowness.timeout = 2s (custom)
2023-06-06 06:59:38,227 [main] INFO  server.RaftServerConfigKeys (ConfUtils.java:logGet(46)) - raft.server.leaderelection.leader.step-down.wait-time = 10s (default)
2023-06-06 06:59:38,227 [main] INFO  server.RaftServerConfigKeys (ConfUtils.java:logGet(46)) - raft.server.storage.dir = [/home/runner/work/ozone/ozone/hadoop-ozone/integration-test/target/test-dir/MiniOzoneClusterImpl-8bad4e8b-826b-4b9b-92b9-e03c261c0494/omNode-1/ratis] (custom)
2023-06-06 06:59:38,228 [omNode-1-impl-thread1] INFO  server.RaftServer (RaftServerProxy.java:initGroupDir(258)) - omNode-1: found a subdirectory /home/runner/work/ozone/ozone/hadoop-ozone/integration-test/target/test-dir/MiniOzoneClusterImpl-8bad4e8b-826b-4b9b-92b9-e03c261c0494/omNode-1/ratis/c9bc4cf4-3bc3-3c60-a66b-523986131536
2023-06-06 06:59:38,228 [main] INFO  server.RaftServer (RaftServerProxy.java:addNew(98)) - omNode-1: addNew group-523986131536:[omNode-3|rpc:localhost:15015|priority:0|startupRole:FOLLOWER, omNode-1|rpc:localhost:15007|priority:0|startupRole:FOLLOWER, omNode-2|rpc:localhost:15011|priority:0|startupRole:FOLLOWER] returns group-523986131536:java.util.concurrent.CompletableFuture@39c5f774[Not completed]
2023-06-06 06:59:38,228 [omNode-1-groupManagement] INFO  server.RaftServer$Division (RaftServerImpl.java:<init>(198)) - omNode-1: new RaftServerImpl for group-523986131536:[omNode-3|rpc:localhost:15015|priority:0|startupRole:FOLLOWER, omNode-1|rpc:localhost:15007|priority:0|startupRole:FOLLOWER, omNode-2|rpc:localhost:15011|priority:0|startupRole:FOLLOWER] with OzoneManagerStateMachine:uninitialized
2023-06-06 06:59:38,228 [main] INFO  om.OzoneManager (OzoneManager.java:initializeRatisServer(2106)) - OzoneManager Ratis server initialized at port 15007
2023-06-06 06:59:38,228 [main] INFO  ratis.OzoneManagerRatisServer (OzoneManagerRatisServer.java:start(558)) - Starting OzoneManagerRatisServer omNode-1 at port 15007
2023-06-06 06:59:38,228 [omNode-1-groupManagement] INFO  server.RaftServerConfigKeys (ConfUtils.java:logGet(46)) - raft.server.rpc.timeout.min = 1s (custom)
2023-06-06 06:59:38,228 [omNode-1-groupManagement] INFO  server.RaftServerConfigKeys (ConfUtils.java:logGet(46)) - raft.server.rpc.timeout.max = 1200ms (custom)
2023-06-06 06:59:38,228 [omNode-1-groupManagement] INFO  server.RaftServerConfigKeys (ConfUtils.java:logGet(46)) - raft.server.rpc.sleep.time = 25ms (default)
2023-06-06 06:59:38,228 [omNode-1-groupManagement] INFO  server.RaftServerConfigKeys (ConfUtils.java:logGet(46)) - raft.server.rpc.slowness.timeout = 2s (custom)
2023-06-06 06:59:38,229 [omNode-1-groupManagement] INFO  server.RaftServerConfigKeys (ConfUtils.java:logGet(46)) - raft.server.leaderelection.leader.step-down.wait-time = 10s (default)
2023-06-06 06:59:38,229 [omNode-1-groupManagement] INFO  server.RaftServerConfigKeys (ConfUtils.java:logGet(46)) - raft.server.sleep.deviation.threshold = 300ms (default)
2023-06-06 06:59:38,229 [omNode-1-groupManagement] INFO  server.RaftServer$Division (ServerState.java:<init>(120)) - omNode-1@group-523986131536: ConfigurationManager, init=-1: peers:[omNode-3|rpc:localhost:15015|priority:0|startupRole:FOLLOWER, omNode-1|rpc:localhost:15007|priority:0|startupRole:FOLLOWER, omNode-2|rpc:localhost:15011|priority:0|startupRole:FOLLOWER]|listeners:[], old=null, confs=<EMPTY_MAP>
2023-06-06 06:59:38,229 [omNode-1-groupManagement] INFO  server.RaftServerConfigKeys (ConfUtils.java:logGet(46)) - raft.server.storage.dir = [/home/runner/work/ozone/ozone/hadoop-ozone/integration-test/target/test-dir/MiniOzoneClusterImpl-8bad4e8b-826b-4b9b-92b9-e03c261c0494/omNode-1/ratis] (custom)
2023-06-06 06:59:38,229 [omNode-1-groupManagement] INFO  server.RaftServerConfigKeys (ConfUtils.java:logGet(46)) - raft.server.log.corruption.policy = EXCEPTION (default)
2023-06-06 06:59:38,229 [omNode-1-groupManagement] INFO  server.RaftServerConfigKeys (ConfUtils.java:logGet(46)) - raft.server.storage.free-space.min = 0MB (=0) (default)
2023-06-06 06:59:38,229 [omNode-1-groupManagement] INFO  server.RaftServerConfigKeys (ConfUtils.java:logGet(46)) - raft.server.notification.no-leader.timeout = 2s (custom)
2023-06-06 06:59:38,230 [omNode-1-groupManagement] INFO  server.RaftServerConfigKeys (ConfUtils.java:logGet(46)) - raft.server.read.timeout = 10s (default)
2023-06-06 06:59:38,230 [omNode-1-groupManagement] INFO  server.RaftServerConfigKeys (ConfUtils.java:logGet(46)) - raft.server.retrycache.expirytime = 30000ms (custom)
2023-06-06 06:59:38,230 [omNode-1-groupManagement] INFO  server.RaftServerConfigKeys (ConfUtils.java:logGet(46)) - raft.server.retrycache.statistics.expirytime = 100μs (default)
2023-06-06 06:59:38,230 [omNode-1-groupManagement] INFO  server.RaftServerConfigKeys (ConfUtils.java:logGet(46)) - raft.server.read.option = DEFAULT (default)
2023-06-06 06:59:38,230 [omNode-1-groupManagement] INFO  server.RaftServerConfigKeys (ConfUtils.java:logGet(46)) - raft.server.rpc.request.timeout = 3000ms (default)
2023-06-06 06:59:38,230 [omNode-1-groupManagement] INFO  server.RaftServerConfigKeys (ConfUtils.java:logGet(46)) - raft.server.log.appender.install.snapshot.enabled = false (custom)
2023-06-06 06:59:38,230 [omNode-1-groupManagement] INFO  server.RaftServerConfigKeys (ConfUtils.java:logGet(46)) - raft.server.threadpool.server.cached = true (default)
2023-06-06 06:59:38,231 [omNode-1-groupManagement] INFO  server.RaftServerConfigKeys (ConfUtils.java:logGet(46)) - raft.server.threadpool.server.size = 0 (default)
2023-06-06 06:59:38,231 [omNode-1-groupManagement] INFO  server.RaftServerConfigKeys (ConfUtils.java:logGet(46)) - raft.server.threadpool.client.cached = true (default)
2023-06-06 06:59:38,231 [omNode-1-groupManagement] INFO  server.RaftServerConfigKeys (ConfUtils.java:logGet(46)) - raft.server.threadpool.client.size = 0 (default)
2023-06-06 06:59:38,232 [omNode-1-impl-thread1] INFO  storage.RaftStorageDirectory (RaftStorageDirectoryImpl.java:tryLock(231)) - Lock on /home/runner/work/ozone/ozone/hadoop-ozone/integration-test/target/test-dir/MiniOzoneClusterImpl-8bad4e8b-826b-4b9b-92b9-e03c261c0494/omNode-1/ratis/c9bc4cf4-3bc3-3c60-a66b-523986131536/in_use.lock acquired by nodename 5524@fv-az617-212
2023-06-06 06:59:38,232 [omNode-1-impl-thread1] INFO  storage.RaftStorage (RaftStorageImpl.java:analyzeAndRecoverStorage(117)) - Read RaftStorageMetadata{term=1, votedFor=omNode-1} from /home/runner/work/ozone/ozone/hadoop-ozone/integration-test/target/test-dir/MiniOzoneClusterImpl-8bad4e8b-826b-4b9b-92b9-e03c261c0494/omNode-1/ratis/c9bc4cf4-3bc3-3c60-a66b-523986131536/current/raft-meta
2023-06-06 06:59:38,234 [omNode-1-impl-thread1] INFO  server.RaftServer$Division (ServerState.java:setRaftConf(434)) - omNode-1@group-523986131536: set configuration 0: peers:[omNode-3|rpc:localhost:15015|admin:|client:|dataStream:|priority:0|startupRole:FOLLOWER, omNode-1|rpc:localhost:15007|admin:|client:|dataStream:|priority:0|startupRole:FOLLOWER, omNode-2|rpc:localhost:15011|admin:|client:|dataStream:|priority:0|startupRole:FOLLOWER]|listeners:[], old=null
2023-06-06 06:59:38,234 [omNode-1-impl-thread1] INFO  server.RaftServerConfigKeys (ConfUtils.java:logGet(46)) - raft.server.log.use.memory = false (default)
2023-06-06 06:59:38,234 [omNode-1-impl-thread1] INFO  server.RaftServerConfigKeys (ConfUtils.java:logGet(46)) - raft.server.log.purge.gap = 50 (custom)
2023-06-06 06:59:38,234 [omNode-1-impl-thread1] INFO  server.RaftServerConfigKeys (ConfUtils.java:logGet(46)) - raft.server.log.appender.buffer.byte-limit = 33554432 (custom)
2023-06-06 06:59:38,234 [omNode-1-impl-thread1] INFO  server.RaftServerConfigKeys (ConfUtils.java:logGet(46)) - raft.server.log.statemachine.data.read.timeout = 1000ms (default)
2023-06-06 06:59:38,234 [omNode-1-impl-thread1] INFO  server.RaftServerConfigKeys (ConfUtils.java:logGet(46)) - raft.server.log.purge.preservation.log.num = 0 (default)
2023-06-06 06:59:38,234 [omNode-1-impl-thread1] INFO  server.RaftServerConfigKeys (ConfUtils.java:logGet(46)) - raft.server.log.segment.size.max = 4194304 (custom)
2023-06-06 06:59:38,234 [omNode-1-impl-thread1] INFO  server.RaftServerConfigKeys (ConfUtils.java:logGet(46)) - raft.server.log.segment.cache.num.max = 2 (custom)
2023-06-06 06:59:38,235 [omNode-1-impl-thread1] INFO  server.RaftServerConfigKeys (ConfUtils.java:logGet(46)) - raft.server.log.segment.cache.size.max = 200MB (=209715200) (default)
2023-06-06 06:59:38,235 [omNode-1-impl-thread1] INFO  server.RaftServerConfigKeys (ConfUtils.java:logGet(46)) - raft.server.log.appender.buffer.byte-limit = 33554432 (custom)
2023-06-06 06:59:38,235 [omNode-1-impl-thread1] INFO  segmented.SegmentedRaftLogWorker (SegmentedRaftLogWorker.java:<init>(188)) - new omNode-1@group-523986131536-SegmentedRaftLogWorker for RaftStorageImpl:Storage Directory /home/runner/work/ozone/ozone/hadoop-ozone/integration-test/target/test-dir/MiniOzoneClusterImpl-8bad4e8b-826b-4b9b-92b9-e03c261c0494/omNode-1/ratis/c9bc4cf4-3bc3-3c60-a66b-523986131536
2023-06-06 06:59:38,235 [omNode-1-impl-thread1] INFO  server.RaftServerConfigKeys (ConfUtils.java:logGet(46)) - raft.server.log.queue.byte-limit = 64MB (=67108864) (default)
2023-06-06 06:59:38,235 [omNode-1-impl-thread1] INFO  server.RaftServerConfigKeys (ConfUtils.java:logGet(46)) - raft.server.log.queue.element-limit = 4096 (default)
2023-06-06 06:59:38,235 [omNode-1-impl-thread1] INFO  server.RaftServerConfigKeys (ConfUtils.java:logGet(46)) - raft.server.log.segment.size.max = 4194304 (custom)
2023-06-06 06:59:38,235 [omNode-1-impl-thread1] INFO  server.RaftServerConfigKeys (ConfUtils.java:logGet(46)) - raft.server.log.preallocated.size = 4194304 (custom)
2023-06-06 06:59:38,235 [omNode-1-impl-thread1] INFO  server.RaftServerConfigKeys (ConfUtils.java:logGet(46)) - raft.server.log.force.sync.num = 128 (default)
2023-06-06 06:59:38,235 [omNode-1-impl-thread1] INFO  server.RaftServerConfigKeys (ConfUtils.java:logGet(46)) - raft.server.log.statemachine.data.sync = true (default)
2023-06-06 06:59:38,235 [omNode-1-impl-thread1] INFO  server.RaftServerConfigKeys (ConfUtils.java:logGet(46)) - raft.server.log.statemachine.data.sync.timeout = 10s (default)
2023-06-06 06:59:38,235 [omNode-1-impl-thread1] INFO  server.RaftServerConfigKeys (ConfUtils.java:logGet(46)) - raft.server.log.statemachine.data.sync.timeout.retry = -1 (default)
2023-06-06 06:59:38,235 [omNode-1-impl-thread1] INFO  server.RaftServerConfigKeys (ConfUtils.java:logGet(46)) - raft.server.log.write.buffer.size = 64KB (=65536) (default)
2023-06-06 06:59:38,235 [omNode-1-impl-thread1] INFO  server.RaftServerConfigKeys (ConfUtils.java:logGet(46)) - raft.server.log.appender.buffer.byte-limit = 33554432 (custom)
2023-06-06 06:59:38,239 [omNode-1-impl-thread1] INFO  server.RaftServerConfigKeys (ConfUtils.java:logGet(46)) - raft.server.log.unsafe-flush.enabled = false (default)
2023-06-06 06:59:38,239 [omNode-1-impl-thread1] INFO  server.RaftServerConfigKeys (ConfUtils.java:logGet(46)) - raft.server.log.async-flush.enabled = false (default)
2023-06-06 06:59:38,239 [omNode-1-impl-thread1] INFO  server.RaftServerConfigKeys (ConfUtils.java:logGet(46)) - raft.server.log.statemachine.data.caching.enabled = false (default)
2023-06-06 06:59:38,239 [omNode-1-impl-thread1] INFO  server.RaftServer$Division (ServerState.java:setRaftConf(434)) - omNode-1@group-523986131536: set configuration 0: peers:[omNode-3|rpc:localhost:15015|admin:|client:|dataStream:|priority:0|startupRole:FOLLOWER, omNode-1|rpc:localhost:15007|admin:|client:|dataStream:|priority:0|startupRole:FOLLOWER, omNode-2|rpc:localhost:15011|admin:|client:|dataStream:|priority:0|startupRole:FOLLOWER]|listeners:[], old=null
2023-06-06 06:59:38,245 [omNode-1-impl-thread1] INFO  segmented.LogSegment (LogSegment.java:loadSegment(170)) - Successfully read 121 entries from segment file /home/runner/work/ozone/ozone/hadoop-ozone/integration-test/target/test-dir/MiniOzoneClusterImpl-8bad4e8b-826b-4b9b-92b9-e03c261c0494/omNode-1/ratis/c9bc4cf4-3bc3-3c60-a66b-523986131536/current/log_inprogress_0
2023-06-06 06:59:38,245 [omNode-1-impl-thread1] INFO  segmented.SegmentedRaftLogWorker (SegmentedRaftLogWorker.java:lambda$new$0(135)) - omNode-1@group-523986131536-SegmentedRaftLogWorker: flushIndex: setUnconditionally 0 -> 120
2023-06-06 06:59:38,245 [omNode-1-impl-thread1] INFO  segmented.SegmentedRaftLogWorker (SegmentedRaftLogWorker.java:lambda$new$0(135)) - omNode-1@group-523986131536-SegmentedRaftLogWorker: safeCacheEvictIndex: setUnconditionally 0 -> -1
2023-06-06 06:59:38,252 [omNode-1-impl-thread1] INFO  server.RaftServer$Division (RaftServerImpl.java:start(342)) - omNode-1@group-523986131536: start as a follower, conf=0: peers:[omNode-3|rpc:localhost:15015|admin:|client:|dataStream:|priority:0|startupRole:FOLLOWER, omNode-1|rpc:localhost:15007|admin:|client:|dataStream:|priority:0|startupRole:FOLLOWER, omNode-2|rpc:localhost:15011|admin:|client:|dataStream:|priority:0|startupRole:FOLLOWER]|listeners:[], old=null
2023-06-06 06:59:38,252 [omNode-1-impl-thread1] INFO  server.RaftServer$Division (RaftServerImpl.java:setRole(329)) - omNode-1@group-523986131536: changes role from      null to FOLLOWER at term 1 for startAsFollower
2023-06-06 06:59:38,252 [omNode-1-impl-thread1] INFO  impl.RoleInfo (RoleInfo.java:updateAndGet(139)) - omNode-1: start omNode-1@group-523986131536-FollowerState
2023-06-06 06:59:38,257 [omNode-1-impl-thread1] INFO  util.JmxRegister (JmxRegister.java:tryRegister(44)) - Successfully registered JMX Bean with object name Ratis:service=RaftServer,group=group-523986131536,id=omNode-1
2023-06-06 06:59:38,257 [omNode-1-impl-thread1] INFO  server.RaftServerConfigKeys (ConfUtils.java:logGet(46)) - raft.server.snapshot.auto.trigger.enabled = true (custom)
2023-06-06 06:59:38,257 [omNode-1-impl-thread1] INFO  server.RaftServerConfigKeys (ConfUtils.java:logGet(46)) - raft.server.snapshot.auto.trigger.threshold = 50 (custom)
2023-06-06 06:59:38,257 [omNode-1-impl-thread1] INFO  server.RaftServerConfigKeys (ConfUtils.java:logGet(46)) - raft.server.snapshot.retention.file.num = -1 (default)
2023-06-06 06:59:38,257 [omNode-1-impl-thread1] INFO  server.RaftServerConfigKeys (ConfUtils.java:logGet(46)) - raft.server.log.purge.upto.snapshot.index = true (custom)
2023-06-06 06:59:38,258 [omNode-1@group-523986131536-FollowerState] INFO  server.RaftServerConfigKeys (ConfUtils.java:logFallback(53)) - raft.server.rpc.first-election.timeout.min = 1s (fallback to raft.server.rpc.timeout.min)
2023-06-06 06:59:38,258 [omNode-1@group-523986131536-FollowerState] INFO  server.RaftServerConfigKeys (ConfUtils.java:logFallback(53)) - raft.server.rpc.first-election.timeout.max = 1200ms (fallback to raft.server.rpc.timeout.max)
2023-06-06 06:59:38,258 [main] INFO  server.RaftServer (RaftServerProxy.java:startImpl(400)) - omNode-1: start RPC server
2023-06-06 06:59:38,262 [main] INFO  server.GrpcService (GrpcService.java:startImpl(302)) - omNode-1: GrpcService started, listening on 15007
2023-06-06 06:59:38,262 [main] INFO  om.OzoneManager (OzoneManager.java:getRpcServer(1165)) - Creating RPC Server
2023-06-06 06:59:38,265 [JvmPauseMonitor8] INFO  util.JvmPauseMonitor (JvmPauseMonitor.java:run(103)) - JvmPauseMonitor-omNode-1: Started
2023-06-06 06:59:38,401 [omNode-3@group-523986131536-FollowerState] INFO  server.RaftServerConfigKeys (ConfUtils.java:logFallback(53)) - raft.server.rpc.first-election.timeout.min = 1s (fallback to raft.server.rpc.timeout.min)
2023-06-06 06:59:38,401 [omNode-3@group-523986131536-FollowerState] INFO  server.RaftServerConfigKeys (ConfUtils.java:logFallback(53)) - raft.server.rpc.first-election.timeout.max = 1200ms (fallback to raft.server.rpc.timeout.max)
2023-06-06 06:59:38,676 [main] INFO  reflections.Reflections (Reflections.java:scan(232)) - Reflections took 413 ms to scan 19 urls, producing 69 keys and 5284 values [using 2 cores]
2023-06-06 06:59:38,678 [main] INFO  ipc.CallQueueManager (CallQueueManager.java:<init>(90)) - Using callQueue: class java.util.concurrent.LinkedBlockingQueue, queueCapacity: 2000, scheduler: class org.apache.hadoop.ipc.DefaultRpcScheduler, ipcBackoff: false.
2023-06-06 06:59:38,678 [Socket Reader #1 for port 15004] INFO  ipc.Server (Server.java:run(1319)) - Starting Socket Reader #1 for port 15004
2023-06-06 06:59:38,680 [Listener at localhost/15004] INFO  hdds.HddsUtils (HddsUtils.java:preserveThreadName(843)) - Restoring thread name: main
2023-06-06 06:59:38,681 [main] INFO  http.BaseHttpServer (BaseHttpServer.java:newHttpServer2BuilderForOzone(224)) - Starting Web-server for ozoneManager at: http://0.0.0.0:15005
2023-06-06 06:59:38,681 [main] INFO  http.BaseHttpServer (BaseHttpServer.java:<init>(111)) - Hadoop Security Enabled: false Ozone Security Enabled: false Ozone HTTP Security Enabled: false 
2023-06-06 06:59:38,682 [main] WARN  server.AuthenticationFilter (AuthenticationFilter.java:constructSecretProvider(240)) - Unable to initialize FileSignerSecretProvider, falling back to use random secrets. Reason: Could not read signature secret file: /home/runner/hadoop-http-auth-signature-secret
2023-06-06 06:59:38,683 [main] INFO  http.HttpRequestLog (HttpRequestLog.java:getRequestLog(86)) - Http request log for http.requests.ozoneManager is not defined
2023-06-06 06:59:38,684 [main] INFO  http.HttpServer2 (HttpServer2.java:addGlobalFilter(1031)) - Added global filter 'safety' (class=org.apache.hadoop.hdds.server.http.HttpServer2$QuotingInputFilter)
2023-06-06 06:59:38,686 [main] INFO  http.HttpServer2 (HttpServer2.java:addFilter(1007)) - Added filter static_user_filter (class=org.apache.hadoop.http.lib.StaticUserWebFilter$StaticUserFilter) to context ozoneManager
2023-06-06 06:59:38,686 [main] INFO  http.HttpServer2 (HttpServer2.java:addFilter(1015)) - Added filter static_user_filter (class=org.apache.hadoop.http.lib.StaticUserWebFilter$StaticUserFilter) to context logs
2023-06-06 06:59:38,686 [main] INFO  http.HttpServer2 (HttpServer2.java:addFilter(1015)) - Added filter static_user_filter (class=org.apache.hadoop.http.lib.StaticUserWebFilter$StaticUserFilter) to context static
2023-06-06 06:59:38,687 [main] INFO  http.BaseHttpServer (BaseHttpServer.java:<init>(190)) - HTTP server of ozoneManager uses base directory /home/runner/work/ozone/ozone/hadoop-ozone/integration-test/target/test-dir/MiniOzoneClusterImpl-8bad4e8b-826b-4b9b-92b9-e03c261c0494/omNode-1/webserver
2023-06-06 06:59:38,687 [main] INFO  http.HttpServer2 (HttpServer2.java:bindListener(1250)) - Jetty bound to port 15005
2023-06-06 06:59:38,688 [main] INFO  server.Server (Server.java:doStart(375)) - jetty-9.4.51.v20230217; built: 2023-02-17T08:19:37.309Z; git: b45c405e4544384de066f814ed42ae3dceacdd49; jvm 1.8.0_372-b07
2023-06-06 06:59:38,689 [main] INFO  server.session (DefaultSessionIdManager.java:doStart(334)) - DefaultSessionIdManager workerName=node0
2023-06-06 06:59:38,689 [main] INFO  server.session (DefaultSessionIdManager.java:doStart(339)) - No SessionScavenger set, using defaults
2023-06-06 06:59:38,690 [main] INFO  server.session (HouseKeeper.java:startScavenging(132)) - node0 Scavenging every 600000ms
2023-06-06 06:59:38,690 [main] INFO  handler.ContextHandler (ContextHandler.java:doStart(921)) - Started o.e.j.s.ServletContextHandler@2504869a{logs,/logs,file:///home/runner/work/ozone/ozone/hadoop-ozone/integration-test/target/log,AVAILABLE}
2023-06-06 06:59:38,691 [main] INFO  handler.ContextHandler (ContextHandler.java:doStart(921)) - Started o.e.j.s.ServletContextHandler@48395417{static,/static,file:///home/runner/work/ozone/ozone/hadoop-ozone/integration-test/target/test-classes/webapps/static,AVAILABLE}
2023-06-06 06:59:38,694 [main] INFO  handler.ContextHandler (ContextHandler.java:doStart(921)) - Started o.e.j.w.WebAppContext@3eca364c{ozoneManager,/,file:///home/runner/work/ozone/ozone/hadoop-ozone/integration-test/target/test-classes/webapps/ozoneManager/,AVAILABLE}{file:/home/runner/work/ozone/ozone/hadoop-ozone/integration-test/target/test-classes/webapps/ozoneManager}
2023-06-06 06:59:38,698 [main] INFO  server.AbstractConnector (AbstractConnector.java:doStart(333)) - Started ServerConnector@21c3628d{HTTP/1.1, (http/1.1)}{0.0.0.0:15005}
2023-06-06 06:59:38,698 [main] INFO  server.Server (Server.java:doStart(415)) - Started @28820ms
2023-06-06 06:59:38,698 [main] WARN  impl.MetricsSystemImpl (MetricsSystemImpl.java:register(279)) - Sink prometheus already exists!
2023-06-06 06:59:38,699 [main] INFO  http.BaseHttpServer (BaseHttpServer.java:updateConnectorAddress(344)) - HTTP server of ozoneManager listening at http://0.0.0.0:15005
2023-06-06 06:59:38,703 [IPC Server Responder] INFO  ipc.Server (Server.java:run(1558)) - IPC Server Responder: starting
2023-06-06 06:59:38,703 [IPC Server listener on 15004] INFO  ipc.Server (Server.java:run(1398)) - IPC Server listener on 15004: starting
2023-06-06 06:59:38,704 [main] INFO  om.OzoneManager (OzoneManager.java:startTrashEmptier(2059)) - Trash Interval set to 0. Files deleted won't move to trash
2023-06-06 06:59:38,705 [main] INFO  om.OzoneManager (OzoneManager.java:stop(2165)) - omNode-2[localhost:15008]: Stopping Ozone Manager
2023-06-06 06:59:38,705 [main] INFO  ipc.Server (Server.java:stop(3501)) - Stopping server on 15008
2023-06-06 06:59:38,713 [IPC Server listener on 15008] INFO  ipc.Server (Server.java:run(1430)) - Stopping IPC Server listener on 15008
2023-06-06 06:59:38,714 [IPC Server Responder] INFO  ipc.Server (Server.java:run(1563)) - Stopping IPC Server Responder
2023-06-06 06:59:38,715 [main] INFO  server.RaftServer (RaftServerProxy.java:lambda$close$6(416)) - omNode-2: close
2023-06-06 06:59:38,715 [main] INFO  server.GrpcService (GrpcService.java:closeImpl(311)) - omNode-2: shutdown server GrpcServerProtocolService now
2023-06-06 06:59:38,715 [omNode-2-impl-thread1] INFO  server.RaftServer$Division (RaftServerImpl.java:lambda$close$4(466)) - omNode-2@group-523986131536: shutdown
2023-06-06 06:59:38,715 [omNode-2-impl-thread1] INFO  util.JmxRegister (JmxRegister.java:unregister(73)) - Successfully un-registered JMX Bean with object name Ratis:service=RaftServer,group=group-523986131536,id=omNode-2
2023-06-06 06:59:38,715 [omNode-2-impl-thread1] INFO  impl.RoleInfo (RoleInfo.java:shutdownFollowerState(110)) - omNode-2: shutdown omNode-2@group-523986131536-FollowerState
2023-06-06 06:59:38,715 [omNode-2-impl-thread1] INFO  impl.StateMachineUpdater (StateMachineUpdater.java:stopAndJoin(155)) - omNode-2@group-523986131536-StateMachineUpdater: set stopIndex = 120
2023-06-06 06:59:38,715 [omNode-2@group-523986131536-StateMachineUpdater] INFO  ratis.OzoneManagerStateMachine (OzoneManagerStateMachine.java:takeSnapshot(479)) - Current Snapshot Index (t:1, i:120)
2023-06-06 06:59:38,715 [omNode-2@group-523986131536-FollowerState] INFO  impl.FollowerState (FollowerState.java:run(152)) - omNode-2@group-523986131536-FollowerState was interrupted
2023-06-06 06:59:38,722 [main] INFO  server.GrpcService (GrpcService.java:closeImpl(320)) - omNode-2: shutdown server GrpcServerProtocolService successfully
2023-06-06 06:59:38,738 [omNode-2@group-523986131536-StateMachineUpdater] INFO  impl.StateMachineUpdater (StateMachineUpdater.java:takeSnapshot(291)) - omNode-2@group-523986131536-StateMachineUpdater: Took a snapshot at index 120
2023-06-06 06:59:38,738 [omNode-2@group-523986131536-StateMachineUpdater] INFO  impl.StateMachineUpdater (StateMachineUpdater.java:lambda$new$0(97)) - omNode-2@group-523986131536-StateMachineUpdater: snapshotIndex: updateIncreasingly 100 -> 120
2023-06-06 06:59:38,738 [omNode-2@group-523986131536-StateMachineUpdater] INFO  ratis.OzoneManagerStateMachine (OzoneManagerStateMachine.java:close(533)) - StateMachine has shutdown. Shutdown OzoneManager if not already shutdown.
2023-06-06 06:59:38,738 [omNode-2@group-523986131536-StateMachineUpdater] INFO  ratis.OzoneManagerDoubleBuffer (OzoneManagerDoubleBuffer.java:stopDaemon(559)) - Stopping OMDoubleBuffer flush thread
2023-06-06 06:59:38,738 [OMDoubleBufferFlushThread] INFO  ratis.OzoneManagerDoubleBuffer (OzoneManagerDoubleBuffer.java:canFlush(648)) - OMDoubleBuffer flush thread OMDoubleBufferFlushThread is interrupted and will exit.
2023-06-06 06:59:38,739 [omNode-2-impl-thread1] INFO  server.RaftServer$Division (ServerState.java:close(472)) - omNode-2@group-523986131536: closes. applyIndex: 120
2023-06-06 06:59:39,133 [omNode-2-impl-thread1] INFO  segmented.SegmentedRaftLogWorker (SegmentedRaftLogWorker.java:close(252)) - omNode-2@group-523986131536-SegmentedRaftLogWorker close()
2023-06-06 06:59:39,134 [JvmPauseMonitor2] INFO  util.JvmPauseMonitor (JvmPauseMonitor.java:run(109)) - JvmPauseMonitor-omNode-2: Stopped
2023-06-06 06:59:39,134 [main] INFO  ratis.OzoneManagerStateMachine (OzoneManagerStateMachine.java:close(533)) - StateMachine has shutdown. Shutdown OzoneManager if not already shutdown.
2023-06-06 06:59:39,134 [main] INFO  ratis.OzoneManagerDoubleBuffer (OzoneManagerDoubleBuffer.java:stopDaemon(568)) - OMDoubleBuffer flush thread is not running.
2023-06-06 06:59:39,134 [main] INFO  utils.BackgroundService (BackgroundService.java:shutdown(141)) - Shutting down service KeyDeletingService
2023-06-06 06:59:39,135 [main] INFO  utils.BackgroundService (BackgroundService.java:shutdown(141)) - Shutting down service KeyDeletingService
2023-06-06 06:59:39,135 [main] INFO  utils.BackgroundService (BackgroundService.java:shutdown(141)) - Shutting down service OpenKeyCleanupService
2023-06-06 06:59:39,135 [main] INFO  utils.BackgroundService (BackgroundService.java:shutdown(141)) - Shutting down service SstFilteringService
2023-06-06 06:59:39,135 [main] INFO  utils.BackgroundService (BackgroundService.java:shutdown(141)) - Shutting down service SnapshotDeletingService
2023-06-06 06:59:39,136 [main] INFO  handler.ContextHandler (ContextHandler.java:doStop(1159)) - Stopped o.e.j.w.WebAppContext@66a2f0f1{ozoneManager,/,null,STOPPED}{file:/home/runner/work/ozone/ozone/hadoop-ozone/integration-test/target/test-classes/webapps/ozoneManager}
2023-06-06 06:59:39,137 [main] INFO  server.AbstractConnector (AbstractConnector.java:doStop(383)) - Stopped ServerConnector@6340fdbb{HTTP/1.1, (http/1.1)}{0.0.0.0:15009}
2023-06-06 06:59:39,137 [main] INFO  server.session (HouseKeeper.java:stopScavenging(149)) - node0 Stopped scavenging
2023-06-06 06:59:39,137 [main] INFO  handler.ContextHandler (ContextHandler.java:doStop(1159)) - Stopped o.e.j.s.ServletContextHandler@90967b3{static,/static,file:///home/runner/work/ozone/ozone/hadoop-ozone/integration-test/target/test-classes/webapps/static,STOPPED}
2023-06-06 06:59:39,138 [main] INFO  handler.ContextHandler (ContextHandler.java:doStop(1159)) - Stopped o.e.j.s.ServletContextHandler@54eb65bc{logs,/logs,file:///home/runner/work/ozone/ozone/hadoop-ozone/integration-test/target/log,STOPPED}
2023-06-06 06:59:39,142 [main] INFO  snapshot.SnapshotDiffManager (SnapshotDiffManager.java:closeExecutorService(1278)) - Shutting down executorService: 'SnapDiffExecutor'
2023-06-06 06:59:39,142 [main] INFO  utils.BackgroundService (BackgroundService.java:shutdown(141)) - Shutting down service SnapshotDiffCleanupService
2023-06-06 06:59:39,143 [main] INFO  om.OzoneManager (OzoneManager.java:restart(1676)) - OzoneManager RPC server is listening at localhost/127.0.0.1:15008
2023-06-06 06:59:39,143 [main] INFO  impl.MetricsSystemImpl (MetricsSystemImpl.java:init(158)) - OzoneManager metrics system started (again)
2023-06-06 06:59:39,156 [main] WARN  server.ServerUtils (ServerUtils.java:getDBPath(311)) - ozone.om.db.dirs is not configured. We recommend adding this setting. Falling back to ozone.metadata.dirs instead.
2023-06-06 06:59:39,156 [main] INFO  helpers.OmKeyInfo (OmKeyInfo.java:getCodec(71)) - OmKeyInfo.getCodec ignorePipeline = true
2023-06-06 06:59:39,197 [main] INFO  om.OzoneManager (OzoneManager.java:instantiateServices(771)) - S3 Multi-Tenancy is disabled
2023-06-06 06:59:39,198 [main] INFO  om.OmSnapshotManager (OmSnapshotManager.java:<init>(170)) - Ozone filesystem snapshot feature is enabled.
2023-06-06 06:59:39,198 [main] WARN  server.ServerUtils (ServerUtils.java:getDBPath(311)) - ozone.om.snapshot.diff.db.dir is not configured. We recommend adding this setting. Falling back to ozone.metadata.dirs instead.
2023-06-06 06:59:39,211 [main] INFO  utils.NativeLibraryLoader (NativeLibraryLoader.java:loadLibrary(103)) - Loading Library: ozone_rocksdb_tools
2023-06-06 06:59:39,213 [main] WARN  server.ServerUtils (ServerUtils.java:getDefaultRatisDirectory(323)) - Storage directory for Ratis is not configured. It is a good idea to map this to an SSD disk. Falling back to ozone.metadata.dirs
2023-06-06 06:59:39,214 [main] INFO  ratis.OzoneManagerRatisServer (OzoneManagerRatisServer.java:<init>(163)) - Instantiating OM Ratis server with groupID: om-service-test1 and peers: localhost:15011, localhost:15015, localhost:15007
2023-06-06 06:59:39,215 [main] INFO  ratis.OzoneManagerStateMachine (OzoneManagerStateMachine.java:loadSnapshotInfoFromDB(670)) - LastAppliedIndex is set from TransactionInfo from OM DB as (t:1, i:120)
2023-06-06 06:59:39,215 [main] INFO  server.RaftServer (ConfUtils.java:logGet(46)) - raft.rpc.type = GRPC (default)
2023-06-06 06:59:39,215 [main] INFO  grpc.GrpcConfigKeys (ConfUtils.java:logFallback(53)) - raft.grpc.admin.host = null (fallback to raft.grpc.server.host)
2023-06-06 06:59:39,216 [main] INFO  grpc.GrpcConfigKeys (ConfUtils.java:logFallback(53)) - raft.grpc.admin.port = 15011 (fallback to raft.grpc.server.port)
2023-06-06 06:59:39,216 [main] INFO  grpc.GrpcConfigKeys (ConfUtils.java:logFallback(53)) - raft.grpc.client.host = null (fallback to raft.grpc.server.host)
2023-06-06 06:59:39,216 [main] INFO  grpc.GrpcConfigKeys (ConfUtils.java:logFallback(53)) - raft.grpc.client.port = 15011 (fallback to raft.grpc.server.port)
2023-06-06 06:59:39,216 [main] INFO  grpc.GrpcConfigKeys (ConfUtils.java:logGet(46)) - raft.grpc.server.host = null (default)
2023-06-06 06:59:39,216 [main] INFO  grpc.GrpcConfigKeys (ConfUtils.java:logGet(46)) - raft.grpc.server.port = 15011 (custom)
2023-06-06 06:59:39,216 [main] INFO  server.GrpcService (ConfUtils.java:logGet(46)) - raft.grpc.message.size.max = 33554432 (custom)
2023-06-06 06:59:39,216 [main] INFO  server.RaftServerConfigKeys (ConfUtils.java:logGet(46)) - raft.server.log.appender.buffer.byte-limit = 33554432 (custom)
2023-06-06 06:59:39,216 [main] INFO  server.GrpcService (ConfUtils.java:logGet(46)) - raft.grpc.flow.control.window = 1MB (=1048576) (default)
2023-06-06 06:59:39,216 [main] INFO  server.RaftServerConfigKeys (ConfUtils.java:logGet(46)) - raft.server.rpc.request.timeout = 3000ms (default)
2023-06-06 06:59:39,217 [main] INFO  grpc.GrpcConfigKeys (ConfUtils.java:logGet(46)) - raft.grpc.server.heartbeat.channel = true (default)
2023-06-06 06:59:39,217 [main] INFO  grpc.GrpcConfigKeys (ConfUtils.java:logGet(46)) - raft.grpc.server.async.request.thread.pool.cached = true (default)
2023-06-06 06:59:39,217 [main] INFO  grpc.GrpcConfigKeys (ConfUtils.java:logGet(46)) - raft.grpc.server.async.request.thread.pool.size = 32 (default)
2023-06-06 06:59:39,218 [main] INFO  impl.DataStreamServerImpl (ConfUtils.java:logGet(46)) - raft.datastream.type = DISABLED (default)
2023-06-06 06:59:39,218 [main] INFO  server.RaftServerConfigKeys (ConfUtils.java:logGet(46)) - raft.server.threadpool.proxy.cached = true (default)
2023-06-06 06:59:39,218 [main] INFO  server.RaftServerConfigKeys (ConfUtils.java:logGet(46)) - raft.server.threadpool.proxy.size = 0 (default)
2023-06-06 06:59:39,218 [main] INFO  server.RaftServerConfigKeys (ConfUtils.java:logGet(46)) - raft.server.rpc.slowness.timeout = 2s (custom)
2023-06-06 06:59:39,218 [main] INFO  server.RaftServerConfigKeys (ConfUtils.java:logGet(46)) - raft.server.leaderelection.leader.step-down.wait-time = 10s (default)
2023-06-06 06:59:39,219 [main] INFO  server.RaftServerConfigKeys (ConfUtils.java:logGet(46)) - raft.server.storage.dir = [/home/runner/work/ozone/ozone/hadoop-ozone/integration-test/target/test-dir/MiniOzoneClusterImpl-8bad4e8b-826b-4b9b-92b9-e03c261c0494/omNode-2/ratis] (custom)
2023-06-06 06:59:39,219 [omNode-2-impl-thread1] INFO  server.RaftServer (RaftServerProxy.java:initGroupDir(258)) - omNode-2: found a subdirectory /home/runner/work/ozone/ozone/hadoop-ozone/integration-test/target/test-dir/MiniOzoneClusterImpl-8bad4e8b-826b-4b9b-92b9-e03c261c0494/omNode-2/ratis/c9bc4cf4-3bc3-3c60-a66b-523986131536
2023-06-06 06:59:39,219 [main] INFO  server.RaftServer (RaftServerProxy.java:addNew(98)) - omNode-2: addNew group-523986131536:[omNode-3|rpc:localhost:15015|priority:0|startupRole:FOLLOWER, omNode-1|rpc:localhost:15007|priority:0|startupRole:FOLLOWER, omNode-2|rpc:localhost:15011|priority:0|startupRole:FOLLOWER] returns group-523986131536:java.util.concurrent.CompletableFuture@33ae40ce[Not completed]
2023-06-06 06:59:39,219 [omNode-2-groupManagement] INFO  server.RaftServer$Division (RaftServerImpl.java:<init>(198)) - omNode-2: new RaftServerImpl for group-523986131536:[omNode-3|rpc:localhost:15015|priority:0|startupRole:FOLLOWER, omNode-1|rpc:localhost:15007|priority:0|startupRole:FOLLOWER, omNode-2|rpc:localhost:15011|priority:0|startupRole:FOLLOWER] with OzoneManagerStateMachine:uninitialized
2023-06-06 06:59:39,219 [main] INFO  om.OzoneManager (OzoneManager.java:initializeRatisServer(2106)) - OzoneManager Ratis server initialized at port 15011
2023-06-06 06:59:39,220 [omNode-2-groupManagement] INFO  server.RaftServerConfigKeys (ConfUtils.java:logGet(46)) - raft.server.rpc.timeout.min = 1s (custom)
2023-06-06 06:59:39,220 [main] INFO  ratis.OzoneManagerRatisServer (OzoneManagerRatisServer.java:start(558)) - Starting OzoneManagerRatisServer omNode-2 at port 15011
2023-06-06 06:59:39,220 [omNode-2-groupManagement] INFO  server.RaftServerConfigKeys (ConfUtils.java:logGet(46)) - raft.server.rpc.timeout.max = 1200ms (custom)
2023-06-06 06:59:39,221 [omNode-2-groupManagement] INFO  server.RaftServerConfigKeys (ConfUtils.java:logGet(46)) - raft.server.rpc.sleep.time = 25ms (default)
2023-06-06 06:59:39,221 [omNode-2-groupManagement] INFO  server.RaftServerConfigKeys (ConfUtils.java:logGet(46)) - raft.server.rpc.slowness.timeout = 2s (custom)
2023-06-06 06:59:39,221 [omNode-2-groupManagement] INFO  server.RaftServerConfigKeys (ConfUtils.java:logGet(46)) - raft.server.leaderelection.leader.step-down.wait-time = 10s (default)
2023-06-06 06:59:39,221 [omNode-2-groupManagement] INFO  server.RaftServerConfigKeys (ConfUtils.java:logGet(46)) - raft.server.sleep.deviation.threshold = 300ms (default)
2023-06-06 06:59:39,221 [omNode-2-groupManagement] INFO  server.RaftServer$Division (ServerState.java:<init>(120)) - omNode-2@group-523986131536: ConfigurationManager, init=-1: peers:[omNode-3|rpc:localhost:15015|priority:0|startupRole:FOLLOWER, omNode-1|rpc:localhost:15007|priority:0|startupRole:FOLLOWER, omNode-2|rpc:localhost:15011|priority:0|startupRole:FOLLOWER]|listeners:[], old=null, confs=<EMPTY_MAP>
2023-06-06 06:59:39,221 [omNode-2-groupManagement] INFO  server.RaftServerConfigKeys (ConfUtils.java:logGet(46)) - raft.server.storage.dir = [/home/runner/work/ozone/ozone/hadoop-ozone/integration-test/target/test-dir/MiniOzoneClusterImpl-8bad4e8b-826b-4b9b-92b9-e03c261c0494/omNode-2/ratis] (custom)
2023-06-06 06:59:39,221 [omNode-2-groupManagement] INFO  server.RaftServerConfigKeys (ConfUtils.java:logGet(46)) - raft.server.log.corruption.policy = EXCEPTION (default)
2023-06-06 06:59:39,221 [omNode-2-groupManagement] INFO  server.RaftServerConfigKeys (ConfUtils.java:logGet(46)) - raft.server.storage.free-space.min = 0MB (=0) (default)
2023-06-06 06:59:39,221 [omNode-2-groupManagement] INFO  server.RaftServerConfigKeys (ConfUtils.java:logGet(46)) - raft.server.notification.no-leader.timeout = 2s (custom)
2023-06-06 06:59:39,221 [omNode-2-groupManagement] INFO  server.RaftServerConfigKeys (ConfUtils.java:logGet(46)) - raft.server.read.timeout = 10s (default)
2023-06-06 06:59:39,221 [omNode-2-groupManagement] INFO  server.RaftServerConfigKeys (ConfUtils.java:logGet(46)) - raft.server.retrycache.expirytime = 30000ms (custom)
2023-06-06 06:59:39,221 [omNode-2-groupManagement] INFO  server.RaftServerConfigKeys (ConfUtils.java:logGet(46)) - raft.server.retrycache.statistics.expirytime = 100μs (default)
2023-06-06 06:59:39,222 [omNode-2-groupManagement] INFO  server.RaftServerConfigKeys (ConfUtils.java:logGet(46)) - raft.server.read.option = DEFAULT (default)
2023-06-06 06:59:39,224 [omNode-2-groupManagement] INFO  server.RaftServerConfigKeys (ConfUtils.java:logGet(46)) - raft.server.rpc.request.timeout = 3000ms (default)
2023-06-06 06:59:39,225 [omNode-2-groupManagement] INFO  server.RaftServerConfigKeys (ConfUtils.java:logGet(46)) - raft.server.log.appender.install.snapshot.enabled = false (custom)
2023-06-06 06:59:39,225 [omNode-2-groupManagement] INFO  server.RaftServerConfigKeys (ConfUtils.java:logGet(46)) - raft.server.threadpool.server.cached = true (default)
2023-06-06 06:59:39,225 [omNode-2-groupManagement] INFO  server.RaftServerConfigKeys (ConfUtils.java:logGet(46)) - raft.server.threadpool.server.size = 0 (default)
2023-06-06 06:59:39,225 [omNode-2-groupManagement] INFO  server.RaftServerConfigKeys (ConfUtils.java:logGet(46)) - raft.server.threadpool.client.cached = true (default)
2023-06-06 06:59:39,225 [omNode-2-groupManagement] INFO  server.RaftServerConfigKeys (ConfUtils.java:logGet(46)) - raft.server.threadpool.client.size = 0 (default)
2023-06-06 06:59:39,226 [omNode-2-impl-thread1] INFO  storage.RaftStorageDirectory (RaftStorageDirectoryImpl.java:tryLock(231)) - Lock on /home/runner/work/ozone/ozone/hadoop-ozone/integration-test/target/test-dir/MiniOzoneClusterImpl-8bad4e8b-826b-4b9b-92b9-e03c261c0494/omNode-2/ratis/c9bc4cf4-3bc3-3c60-a66b-523986131536/in_use.lock acquired by nodename 5524@fv-az617-212
2023-06-06 06:59:39,226 [omNode-2-impl-thread1] INFO  storage.RaftStorage (RaftStorageImpl.java:analyzeAndRecoverStorage(117)) - Read RaftStorageMetadata{term=1, votedFor=omNode-1} from /home/runner/work/ozone/ozone/hadoop-ozone/integration-test/target/test-dir/MiniOzoneClusterImpl-8bad4e8b-826b-4b9b-92b9-e03c261c0494/omNode-2/ratis/c9bc4cf4-3bc3-3c60-a66b-523986131536/current/raft-meta
2023-06-06 06:59:39,227 [omNode-2-impl-thread1] INFO  server.RaftServer$Division (ServerState.java:setRaftConf(434)) - omNode-2@group-523986131536: set configuration 0: peers:[omNode-3|rpc:localhost:15015|admin:|client:|dataStream:|priority:0|startupRole:FOLLOWER, omNode-1|rpc:localhost:15007|admin:|client:|dataStream:|priority:0|startupRole:FOLLOWER, omNode-2|rpc:localhost:15011|admin:|client:|dataStream:|priority:0|startupRole:FOLLOWER]|listeners:[], old=null
2023-06-06 06:59:39,227 [omNode-2-impl-thread1] INFO  server.RaftServerConfigKeys (ConfUtils.java:logGet(46)) - raft.server.log.use.memory = false (default)
2023-06-06 06:59:39,227 [omNode-2-impl-thread1] INFO  server.RaftServerConfigKeys (ConfUtils.java:logGet(46)) - raft.server.log.purge.gap = 50 (custom)
2023-06-06 06:59:39,227 [omNode-2-impl-thread1] INFO  server.RaftServerConfigKeys (ConfUtils.java:logGet(46)) - raft.server.log.appender.buffer.byte-limit = 33554432 (custom)
2023-06-06 06:59:39,227 [omNode-2-impl-thread1] INFO  server.RaftServerConfigKeys (ConfUtils.java:logGet(46)) - raft.server.log.statemachine.data.read.timeout = 1000ms (default)
2023-06-06 06:59:39,227 [omNode-2-impl-thread1] INFO  server.RaftServerConfigKeys (ConfUtils.java:logGet(46)) - raft.server.log.purge.preservation.log.num = 0 (default)
2023-06-06 06:59:39,228 [omNode-2-impl-thread1] INFO  server.RaftServerConfigKeys (ConfUtils.java:logGet(46)) - raft.server.log.segment.size.max = 4194304 (custom)
2023-06-06 06:59:39,228 [omNode-2-impl-thread1] INFO  server.RaftServerConfigKeys (ConfUtils.java:logGet(46)) - raft.server.log.segment.cache.num.max = 2 (custom)
2023-06-06 06:59:39,228 [omNode-2-impl-thread1] INFO  server.RaftServerConfigKeys (ConfUtils.java:logGet(46)) - raft.server.log.segment.cache.size.max = 200MB (=209715200) (default)
2023-06-06 06:59:39,228 [omNode-2-impl-thread1] INFO  server.RaftServerConfigKeys (ConfUtils.java:logGet(46)) - raft.server.log.appender.buffer.byte-limit = 33554432 (custom)
2023-06-06 06:59:39,228 [omNode-2-impl-thread1] INFO  segmented.SegmentedRaftLogWorker (SegmentedRaftLogWorker.java:<init>(188)) - new omNode-2@group-523986131536-SegmentedRaftLogWorker for RaftStorageImpl:Storage Directory /home/runner/work/ozone/ozone/hadoop-ozone/integration-test/target/test-dir/MiniOzoneClusterImpl-8bad4e8b-826b-4b9b-92b9-e03c261c0494/omNode-2/ratis/c9bc4cf4-3bc3-3c60-a66b-523986131536
2023-06-06 06:59:39,228 [omNode-2-impl-thread1] INFO  server.RaftServerConfigKeys (ConfUtils.java:logGet(46)) - raft.server.log.queue.byte-limit = 64MB (=67108864) (default)
2023-06-06 06:59:39,228 [omNode-2-impl-thread1] INFO  server.RaftServerConfigKeys (ConfUtils.java:logGet(46)) - raft.server.log.queue.element-limit = 4096 (default)
2023-06-06 06:59:39,228 [omNode-2-impl-thread1] INFO  server.RaftServerConfigKeys (ConfUtils.java:logGet(46)) - raft.server.log.segment.size.max = 4194304 (custom)
2023-06-06 06:59:39,228 [omNode-2-impl-thread1] INFO  server.RaftServerConfigKeys (ConfUtils.java:logGet(46)) - raft.server.log.preallocated.size = 4194304 (custom)
2023-06-06 06:59:39,228 [omNode-2-impl-thread1] INFO  server.RaftServerConfigKeys (ConfUtils.java:logGet(46)) - raft.server.log.force.sync.num = 128 (default)
2023-06-06 06:59:39,228 [omNode-2-impl-thread1] INFO  server.RaftServerConfigKeys (ConfUtils.java:logGet(46)) - raft.server.log.statemachine.data.sync = true (default)
2023-06-06 06:59:39,228 [omNode-2-impl-thread1] INFO  server.RaftServerConfigKeys (ConfUtils.java:logGet(46)) - raft.server.log.statemachine.data.sync.timeout = 10s (default)
2023-06-06 06:59:39,228 [omNode-2-impl-thread1] INFO  server.RaftServerConfigKeys (ConfUtils.java:logGet(46)) - raft.server.log.statemachine.data.sync.timeout.retry = -1 (default)
2023-06-06 06:59:39,229 [omNode-2-impl-thread1] INFO  server.RaftServerConfigKeys (ConfUtils.java:logGet(46)) - raft.server.log.write.buffer.size = 64KB (=65536) (default)
2023-06-06 06:59:39,229 [omNode-2-impl-thread1] INFO  server.RaftServerConfigKeys (ConfUtils.java:logGet(46)) - raft.server.log.appender.buffer.byte-limit = 33554432 (custom)
2023-06-06 06:59:39,232 [omNode-2-impl-thread1] INFO  server.RaftServerConfigKeys (ConfUtils.java:logGet(46)) - raft.server.log.unsafe-flush.enabled = false (default)
2023-06-06 06:59:39,232 [omNode-2-impl-thread1] INFO  server.RaftServerConfigKeys (ConfUtils.java:logGet(46)) - raft.server.log.async-flush.enabled = false (default)
2023-06-06 06:59:39,232 [omNode-2-impl-thread1] INFO  server.RaftServerConfigKeys (ConfUtils.java:logGet(46)) - raft.server.log.statemachine.data.caching.enabled = false (default)
2023-06-06 06:59:39,232 [omNode-2-impl-thread1] INFO  server.RaftServer$Division (ServerState.java:setRaftConf(434)) - omNode-2@group-523986131536: set configuration 0: peers:[omNode-3|rpc:localhost:15015|admin:|client:|dataStream:|priority:0|startupRole:FOLLOWER, omNode-1|rpc:localhost:15007|admin:|client:|dataStream:|priority:0|startupRole:FOLLOWER, omNode-2|rpc:localhost:15011|admin:|client:|dataStream:|priority:0|startupRole:FOLLOWER]|listeners:[], old=null
2023-06-06 06:59:39,235 [omNode-2-impl-thread1] INFO  segmented.LogSegment (LogSegment.java:loadSegment(170)) - Successfully read 121 entries from segment file /home/runner/work/ozone/ozone/hadoop-ozone/integration-test/target/test-dir/MiniOzoneClusterImpl-8bad4e8b-826b-4b9b-92b9-e03c261c0494/omNode-2/ratis/c9bc4cf4-3bc3-3c60-a66b-523986131536/current/log_inprogress_0
2023-06-06 06:59:39,235 [omNode-2-impl-thread1] INFO  segmented.SegmentedRaftLogWorker (SegmentedRaftLogWorker.java:lambda$new$0(135)) - omNode-2@group-523986131536-SegmentedRaftLogWorker: flushIndex: setUnconditionally 0 -> 120
2023-06-06 06:59:39,235 [omNode-2-impl-thread1] INFO  segmented.SegmentedRaftLogWorker (SegmentedRaftLogWorker.java:lambda$new$0(135)) - omNode-2@group-523986131536-SegmentedRaftLogWorker: safeCacheEvictIndex: setUnconditionally 0 -> -1
2023-06-06 06:59:39,235 [omNode-2-impl-thread1] INFO  server.RaftServer$Division (RaftServerImpl.java:start(342)) - omNode-2@group-523986131536: start as a follower, conf=0: peers:[omNode-3|rpc:localhost:15015|admin:|client:|dataStream:|priority:0|startupRole:FOLLOWER, omNode-1|rpc:localhost:15007|admin:|client:|dataStream:|priority:0|startupRole:FOLLOWER, omNode-2|rpc:localhost:15011|admin:|client:|dataStream:|priority:0|startupRole:FOLLOWER]|listeners:[], old=null
2023-06-06 06:59:39,235 [omNode-2-impl-thread1] INFO  server.RaftServer$Division (RaftServerImpl.java:setRole(329)) - omNode-2@group-523986131536: changes role from      null to FOLLOWER at term 1 for startAsFollower
2023-06-06 06:59:39,235 [omNode-2-impl-thread1] INFO  impl.RoleInfo (RoleInfo.java:updateAndGet(139)) - omNode-2: start omNode-2@group-523986131536-FollowerState
2023-06-06 06:59:39,237 [omNode-2-impl-thread1] INFO  util.JmxRegister (JmxRegister.java:tryRegister(44)) - Successfully registered JMX Bean with object name Ratis:service=RaftServer,group=group-523986131536,id=omNode-2
2023-06-06 06:59:39,237 [omNode-2@group-523986131536-FollowerState] INFO  server.RaftServerConfigKeys (ConfUtils.java:logFallback(53)) - raft.server.rpc.first-election.timeout.min = 1s (fallback to raft.server.rpc.timeout.min)
2023-06-06 06:59:39,237 [omNode-2-impl-thread1] INFO  server.RaftServerConfigKeys (ConfUtils.java:logGet(46)) - raft.server.snapshot.auto.trigger.enabled = true (custom)
2023-06-06 06:59:39,237 [omNode-2@group-523986131536-FollowerState] INFO  server.RaftServerConfigKeys (ConfUtils.java:logFallback(53)) - raft.server.rpc.first-election.timeout.max = 1200ms (fallback to raft.server.rpc.timeout.max)
2023-06-06 06:59:39,237 [omNode-2-impl-thread1] INFO  server.RaftServerConfigKeys (ConfUtils.java:logGet(46)) - raft.server.snapshot.auto.trigger.threshold = 50 (custom)
2023-06-06 06:59:39,237 [omNode-2-impl-thread1] INFO  server.RaftServerConfigKeys (ConfUtils.java:logGet(46)) - raft.server.snapshot.retention.file.num = -1 (default)
2023-06-06 06:59:39,237 [omNode-2-impl-thread1] INFO  server.RaftServerConfigKeys (ConfUtils.java:logGet(46)) - raft.server.log.purge.upto.snapshot.index = true (custom)
2023-06-06 06:59:39,238 [main] INFO  server.RaftServer (RaftServerProxy.java:startImpl(400)) - omNode-2: start RPC server
2023-06-06 06:59:39,243 [main] INFO  server.GrpcService (GrpcService.java:startImpl(302)) - omNode-2: GrpcService started, listening on 15011
2023-06-06 06:59:39,243 [main] INFO  om.OzoneManager (OzoneManager.java:getRpcServer(1165)) - Creating RPC Server
2023-06-06 06:59:39,245 [JvmPauseMonitor9] INFO  util.JvmPauseMonitor (JvmPauseMonitor.java:run(103)) - JvmPauseMonitor-omNode-2: Started
2023-06-06 06:59:39,349 [omNode-1@group-523986131536-FollowerState] INFO  impl.FollowerState (FollowerState.java:run(143)) - omNode-1@group-523986131536-FollowerState: change to CANDIDATE, lastRpcElapsedTime:1096281492ns, electionTimeout:1091ms
2023-06-06 06:59:39,349 [omNode-1@group-523986131536-FollowerState] INFO  impl.RoleInfo (RoleInfo.java:shutdownFollowerState(110)) - omNode-1: shutdown omNode-1@group-523986131536-FollowerState
2023-06-06 06:59:39,349 [omNode-1@group-523986131536-FollowerState] INFO  server.RaftServer$Division (RaftServerImpl.java:setRole(329)) - omNode-1@group-523986131536: changes role from  FOLLOWER to CANDIDATE at term 1 for changeToCandidate
2023-06-06 06:59:39,349 [omNode-1@group-523986131536-FollowerState] INFO  server.RaftServerConfigKeys (ConfUtils.java:logGet(46)) - raft.server.leaderelection.pre-vote = true (default)
2023-06-06 06:59:39,349 [omNode-1@group-523986131536-FollowerState] INFO  impl.RoleInfo (RoleInfo.java:updateAndGet(139)) - omNode-1: start omNode-1@group-523986131536-LeaderElection9
2023-06-06 06:59:39,356 [omNode-1@group-523986131536-LeaderElection9] INFO  impl.LeaderElection (LeaderElection.java:askForVotes(321)) - omNode-1@group-523986131536-LeaderElection9 PRE_VOTE round 0: submit vote requests at term 1 for 0: peers:[omNode-3|rpc:localhost:15015|admin:|client:|dataStream:|priority:0|startupRole:FOLLOWER, omNode-1|rpc:localhost:15007|admin:|client:|dataStream:|priority:0|startupRole:FOLLOWER, omNode-2|rpc:localhost:15011|admin:|client:|dataStream:|priority:0|startupRole:FOLLOWER]|listeners:[], old=null
2023-06-06 06:59:39,361 [omNode-1@group-523986131536-LeaderElection9-1] INFO  server.GrpcServerProtocolClient (GrpcServerProtocolClient.java:<init>(65)) - Build channel for omNode-3
2023-06-06 06:59:39,364 [omNode-1@group-523986131536-LeaderElection9] INFO  server.RaftServerConfigKeys (ConfUtils.java:logFallback(53)) - raft.server.rpc.first-election.timeout.min = 1s (fallback to raft.server.rpc.timeout.min)
2023-06-06 06:59:39,364 [omNode-1@group-523986131536-LeaderElection9] INFO  server.RaftServerConfigKeys (ConfUtils.java:logFallback(53)) - raft.server.rpc.first-election.timeout.max = 1200ms (fallback to raft.server.rpc.timeout.max)
2023-06-06 06:59:39,368 [omNode-1@group-523986131536-LeaderElection9-2] INFO  server.GrpcServerProtocolClient (GrpcServerProtocolClient.java:<init>(65)) - Build channel for omNode-2
2023-06-06 06:59:39,374 [grpc-default-executor-2] INFO  server.RaftServer$Division (RaftServerImpl.java:requestVote(1302)) - omNode-3@group-523986131536: receive requestVote(PRE_VOTE, omNode-1, group-523986131536, 1, (t:1, i:120))
2023-06-06 06:59:39,374 [grpc-default-executor-2] INFO  impl.VoteContext (VoteContext.java:log(49)) - omNode-3@group-523986131536-FOLLOWER: accept PRE_VOTE from omNode-1: our priority 0 <= candidate's priority 0
2023-06-06 06:59:39,374 [grpc-default-executor-2] INFO  server.RaftServer$Division (RaftServerImpl.java:requestVote(1335)) - omNode-3@group-523986131536 replies to PRE_VOTE vote request: omNode-1<-omNode-3#0:OK-t1. Peer's state: omNode-3@group-523986131536:t1, leader=omNode-1, voted=, raftlog=Memoized:omNode-3@group-523986131536-SegmentedRaftLog:OPENED:c120, conf=0: peers:[omNode-3|rpc:localhost:15015|admin:|client:|dataStream:|priority:0|startupRole:FOLLOWER, omNode-1|rpc:localhost:15007|admin:|client:|dataStream:|priority:0|startupRole:FOLLOWER, omNode-2|rpc:localhost:15011|admin:|client:|dataStream:|priority:0|startupRole:FOLLOWER]|listeners:[], old=null
2023-06-06 06:59:39,385 [grpc-default-executor-2] INFO  server.RaftServer$Division (RaftServerImpl.java:requestVote(1302)) - omNode-2@group-523986131536: receive requestVote(PRE_VOTE, omNode-1, group-523986131536, 1, (t:1, i:120))
2023-06-06 06:59:39,385 [grpc-default-executor-2] INFO  impl.VoteContext (VoteContext.java:log(49)) - omNode-2@group-523986131536-FOLLOWER: accept PRE_VOTE from omNode-1: our priority 0 <= candidate's priority 0
2023-06-06 06:59:39,389 [omNode-1@group-523986131536-LeaderElection9] INFO  impl.LeaderElection (LeaderElection.java:logAndReturn(90)) - omNode-1@group-523986131536-LeaderElection9: PRE_VOTE PASSED received 1 response(s) and 0 exception(s):
2023-06-06 06:59:39,389 [omNode-1@group-523986131536-LeaderElection9] INFO  impl.LeaderElection (LeaderElection.java:logAndReturn(94)) -   Response 0: omNode-1<-omNode-3#0:OK-t1
2023-06-06 06:59:39,389 [omNode-1@group-523986131536-LeaderElection9] INFO  impl.LeaderElection (LeaderElection.java:askForVotes(323)) - omNode-1@group-523986131536-LeaderElection9 PRE_VOTE round 0: result PASSED
2023-06-06 06:59:39,390 [grpc-default-executor-2] INFO  server.RaftServer$Division (RaftServerImpl.java:requestVote(1335)) - omNode-2@group-523986131536 replies to PRE_VOTE vote request: omNode-1<-omNode-2#0:OK-t1. Peer's state: omNode-2@group-523986131536:t1, leader=null, voted=omNode-1, raftlog=Memoized:omNode-2@group-523986131536-SegmentedRaftLog:OPENED:c120, conf=0: peers:[omNode-3|rpc:localhost:15015|admin:|client:|dataStream:|priority:0|startupRole:FOLLOWER, omNode-1|rpc:localhost:15007|admin:|client:|dataStream:|priority:0|startupRole:FOLLOWER, omNode-2|rpc:localhost:15011|admin:|client:|dataStream:|priority:0|startupRole:FOLLOWER]|listeners:[], old=null
2023-06-06 06:59:39,392 [omNode-1@group-523986131536-LeaderElection9] INFO  impl.LeaderElection (LeaderElection.java:askForVotes(321)) - omNode-1@group-523986131536-LeaderElection9 ELECTION round 0: submit vote requests at term 2 for 0: peers:[omNode-3|rpc:localhost:15015|admin:|client:|dataStream:|priority:0|startupRole:FOLLOWER, omNode-1|rpc:localhost:15007|admin:|client:|dataStream:|priority:0|startupRole:FOLLOWER, omNode-2|rpc:localhost:15011|admin:|client:|dataStream:|priority:0|startupRole:FOLLOWER]|listeners:[], old=null
2023-06-06 06:59:39,405 [omNode-1@group-523986131536-LeaderElection9] INFO  server.RaftServerConfigKeys (ConfUtils.java:logFallback(53)) - raft.server.rpc.first-election.timeout.min = 1s (fallback to raft.server.rpc.timeout.min)
2023-06-06 06:59:39,405 [omNode-1@group-523986131536-LeaderElection9] INFO  server.RaftServerConfigKeys (ConfUtils.java:logFallback(53)) - raft.server.rpc.first-election.timeout.max = 1200ms (fallback to raft.server.rpc.timeout.max)
2023-06-06 06:59:39,406 [omNode-3@group-523986131536-FollowerState] INFO  server.RaftServerConfigKeys (ConfUtils.java:logFallback(53)) - raft.server.rpc.first-election.timeout.min = 1s (fallback to raft.server.rpc.timeout.min)
2023-06-06 06:59:39,406 [omNode-3@group-523986131536-FollowerState] INFO  server.RaftServerConfigKeys (ConfUtils.java:logFallback(53)) - raft.server.rpc.first-election.timeout.max = 1200ms (fallback to raft.server.rpc.timeout.max)
2023-06-06 06:59:39,415 [grpc-default-executor-4] INFO  server.RaftServer$Division (RaftServerImpl.java:requestVote(1302)) - omNode-2@group-523986131536: receive requestVote(ELECTION, omNode-1, group-523986131536, 2, (t:1, i:120))
2023-06-06 06:59:39,415 [grpc-default-executor-2] INFO  server.RaftServer$Division (RaftServerImpl.java:requestVote(1302)) - omNode-3@group-523986131536: receive requestVote(ELECTION, omNode-1, group-523986131536, 2, (t:1, i:120))
2023-06-06 06:59:39,415 [grpc-default-executor-2] INFO  impl.VoteContext (VoteContext.java:log(49)) - omNode-3@group-523986131536-FOLLOWER: accept ELECTION from omNode-1: our priority 0 <= candidate's priority 0
2023-06-06 06:59:39,416 [grpc-default-executor-2] INFO  server.RaftServer$Division (ServerState.java:setLeader(317)) - omNode-3@group-523986131536: change Leader from omNode-1 to null at term 2 for updateCurrentTerm
2023-06-06 06:59:39,416 [grpc-default-executor-2] INFO  server.RaftServer$Division (RaftServerImpl.java:setRole(329)) - omNode-3@group-523986131536: changes role from  FOLLOWER to FOLLOWER at term 2 for candidate:omNode-1
2023-06-06 06:59:39,416 [grpc-default-executor-2] INFO  impl.RoleInfo (RoleInfo.java:shutdownFollowerState(110)) - omNode-3: shutdown omNode-3@group-523986131536-FollowerState
2023-06-06 06:59:39,416 [grpc-default-executor-2] INFO  impl.RoleInfo (RoleInfo.java:updateAndGet(139)) - omNode-3: start omNode-3@group-523986131536-FollowerState
2023-06-06 06:59:39,416 [omNode-3@group-523986131536-FollowerState] INFO  impl.FollowerState (FollowerState.java:run(152)) - omNode-3@group-523986131536-FollowerState was interrupted
2023-06-06 06:59:39,421 [grpc-default-executor-4] INFO  impl.VoteContext (VoteContext.java:log(49)) - omNode-2@group-523986131536-FOLLOWER: accept ELECTION from omNode-1: our priority 0 <= candidate's priority 0
2023-06-06 06:59:39,421 [grpc-default-executor-4] INFO  server.RaftServer$Division (RaftServerImpl.java:setRole(329)) - omNode-2@group-523986131536: changes role from  FOLLOWER to FOLLOWER at term 2 for candidate:omNode-1
2023-06-06 06:59:39,421 [grpc-default-executor-4] INFO  impl.RoleInfo (RoleInfo.java:shutdownFollowerState(110)) - omNode-2: shutdown omNode-2@group-523986131536-FollowerState
2023-06-06 06:59:39,422 [grpc-default-executor-4] INFO  impl.RoleInfo (RoleInfo.java:updateAndGet(139)) - omNode-2: start omNode-2@group-523986131536-FollowerState
2023-06-06 06:59:39,422 [omNode-2@group-523986131536-FollowerState] INFO  impl.FollowerState (FollowerState.java:run(152)) - omNode-2@group-523986131536-FollowerState was interrupted
2023-06-06 06:59:39,426 [grpc-default-executor-2] INFO  server.RaftServer$Division (RaftServerImpl.java:requestVote(1335)) - omNode-3@group-523986131536 replies to ELECTION vote request: omNode-1<-omNode-3#0:OK-t2. Peer's state: omNode-3@group-523986131536:t2, leader=null, voted=omNode-1, raftlog=Memoized:omNode-3@group-523986131536-SegmentedRaftLog:OPENED:c120, conf=0: peers:[omNode-3|rpc:localhost:15015|admin:|client:|dataStream:|priority:0|startupRole:FOLLOWER, omNode-1|rpc:localhost:15007|admin:|client:|dataStream:|priority:0|startupRole:FOLLOWER, omNode-2|rpc:localhost:15011|admin:|client:|dataStream:|priority:0|startupRole:FOLLOWER]|listeners:[], old=null
2023-06-06 06:59:39,426 [grpc-default-executor-4] INFO  server.RaftServer$Division (RaftServerImpl.java:requestVote(1335)) - omNode-2@group-523986131536 replies to ELECTION vote request: omNode-1<-omNode-2#0:OK-t2. Peer's state: omNode-2@group-523986131536:t2, leader=null, voted=omNode-1, raftlog=Memoized:omNode-2@group-523986131536-SegmentedRaftLog:OPENED:c120, conf=0: peers:[omNode-3|rpc:localhost:15015|admin:|client:|dataStream:|priority:0|startupRole:FOLLOWER, omNode-1|rpc:localhost:15007|admin:|client:|dataStream:|priority:0|startupRole:FOLLOWER, omNode-2|rpc:localhost:15011|admin:|client:|dataStream:|priority:0|startupRole:FOLLOWER]|listeners:[], old=null
2023-06-06 06:59:39,427 [omNode-1@group-523986131536-LeaderElection9] INFO  impl.LeaderElection (LeaderElection.java:logAndReturn(90)) - omNode-1@group-523986131536-LeaderElection9: ELECTION PASSED received 1 response(s) and 0 exception(s):
2023-06-06 06:59:39,427 [omNode-1@group-523986131536-LeaderElection9] INFO  impl.LeaderElection (LeaderElection.java:logAndReturn(94)) -   Response 0: omNode-1<-omNode-3#0:OK-t2
2023-06-06 06:59:39,427 [omNode-1@group-523986131536-LeaderElection9] INFO  impl.LeaderElection (LeaderElection.java:askForVotes(323)) - omNode-1@group-523986131536-LeaderElection9 ELECTION round 0: result PASSED
2023-06-06 06:59:39,427 [omNode-1@group-523986131536-LeaderElection9] INFO  impl.RoleInfo (RoleInfo.java:shutdownLeaderElection(130)) - omNode-1: shutdown omNode-1@group-523986131536-LeaderElection9
2023-06-06 06:59:39,427 [omNode-1@group-523986131536-LeaderElection9] INFO  server.RaftServer$Division (RaftServerImpl.java:setRole(329)) - omNode-1@group-523986131536: changes role from CANDIDATE to LEADER at term 2 for changeToLeader
2023-06-06 06:59:39,427 [omNode-1@group-523986131536-LeaderElection9] INFO  server.RaftServer$Division (ServerState.java:setLeader(317)) - omNode-1@group-523986131536: change Leader from null to omNode-1 at term 2 for becomeLeader, leader elected after 1197ms
2023-06-06 06:59:39,427 [omNode-1@group-523986131536-LeaderElection9] INFO  server.RaftServerConfigKeys (ConfUtils.java:logGet(46)) - raft.server.staging.catchup.gap = 1000 (default)
2023-06-06 06:59:39,428 [omNode-1@group-523986131536-LeaderElection9] INFO  server.RaftServerConfigKeys (ConfUtils.java:logGet(46)) - raft.server.write.element-limit = 4096 (default)
2023-06-06 06:59:39,428 [omNode-1@group-523986131536-LeaderElection9] INFO  server.RaftServerConfigKeys (ConfUtils.java:logGet(46)) - raft.server.write.byte-limit = 64MB (=67108864) (default)
2023-06-06 06:59:39,428 [omNode-1@group-523986131536-LeaderElection9] INFO  server.RaftServerConfigKeys (ConfUtils.java:logGet(46)) - raft.server.watch.timeout = 10s (default)
2023-06-06 06:59:39,428 [omNode-1@group-523986131536-LeaderElection9] INFO  server.RaftServerConfigKeys (ConfUtils.java:logGet(46)) - raft.server.watch.timeout.denomination = 1s (default)
2023-06-06 06:59:39,428 [omNode-1@group-523986131536-LeaderElection9] INFO  server.RaftServerConfigKeys (ConfUtils.java:logGet(46)) - raft.server.watch.element-limit = 65536 (default)
2023-06-06 06:59:39,428 [omNode-1@group-523986131536-LeaderElection9] INFO  server.RaftServerConfigKeys (ConfUtils.java:logGet(46)) - raft.server.write.element-limit = 4096 (default)
2023-06-06 06:59:39,428 [omNode-1@group-523986131536-LeaderElection9] INFO  server.RaftServerConfigKeys (ConfUtils.java:logGet(46)) - raft.server.write.follower.gap.ratio.max = -1.0 (default)
2023-06-06 06:59:39,428 [omNode-1@group-523986131536-LeaderElection9] INFO  server.RaftServerConfigKeys (ConfUtils.java:logGet(46)) - raft.server.log.appender.snapshot.chunk.size.max = 16MB (=16777216) (default)
2023-06-06 06:59:39,428 [omNode-1@group-523986131536-LeaderElection9] INFO  server.RaftServerConfigKeys (ConfUtils.java:logGet(46)) - raft.server.log.appender.buffer.byte-limit = 33554432 (custom)
2023-06-06 06:59:39,428 [omNode-1@group-523986131536-LeaderElection9] INFO  server.RaftServerConfigKeys (ConfUtils.java:logGet(46)) - raft.server.log.appender.buffer.element-limit = 1024 (custom)
2023-06-06 06:59:39,429 [omNode-1@group-523986131536-LeaderElection9] INFO  server.RaftServerConfigKeys (ConfUtils.java:logGet(46)) - raft.server.log.appender.wait-time.min = 10ms (default)
2023-06-06 06:59:39,429 [omNode-1@group-523986131536-LeaderElection9] INFO  grpc.GrpcConfigKeys (ConfUtils.java:logGet(46)) - raft.grpc.server.leader.outstanding.appends.max = 128 (default)
2023-06-06 06:59:39,429 [omNode-1@group-523986131536-LeaderElection9] INFO  server.RaftServerConfigKeys (ConfUtils.java:logGet(46)) - raft.server.rpc.request.timeout = 3000ms (default)
2023-06-06 06:59:39,429 [omNode-1@group-523986131536-LeaderElection9] INFO  grpc.GrpcConfigKeys (ConfUtils.java:logGet(46)) - raft.grpc.server.install_snapshot.request.element-limit = 8 (default)
2023-06-06 06:59:39,429 [omNode-1@group-523986131536-LeaderElection9] INFO  grpc.GrpcConfigKeys (ConfUtils.java:logGet(46)) - raft.grpc.server.install_snapshot.request.timeout = 3000ms (default)
2023-06-06 06:59:39,429 [omNode-1@group-523986131536-LeaderElection9] INFO  server.RaftServerConfigKeys (ConfUtils.java:logGet(46)) - raft.server.log.appender.install.snapshot.enabled = false (custom)
2023-06-06 06:59:39,430 [omNode-1@group-523986131536-LeaderElection9] INFO  grpc.GrpcConfigKeys (ConfUtils.java:logGet(46)) - raft.grpc.server.heartbeat.channel = true (default)
2023-06-06 06:59:39,430 [omNode-1@group-523986131536-LeaderElection9] INFO  server.RaftServerConfigKeys (ConfUtils.java:logGet(46)) - raft.server.log.appender.snapshot.chunk.size.max = 16MB (=16777216) (default)
2023-06-06 06:59:39,430 [omNode-1@group-523986131536-LeaderElection9] INFO  server.RaftServerConfigKeys (ConfUtils.java:logGet(46)) - raft.server.log.appender.buffer.byte-limit = 33554432 (custom)
2023-06-06 06:59:39,430 [omNode-1@group-523986131536-LeaderElection9] INFO  server.RaftServerConfigKeys (ConfUtils.java:logGet(46)) - raft.server.log.appender.buffer.element-limit = 1024 (custom)
2023-06-06 06:59:39,430 [omNode-1@group-523986131536-LeaderElection9] INFO  server.RaftServerConfigKeys (ConfUtils.java:logGet(46)) - raft.server.log.appender.wait-time.min = 10ms (default)
2023-06-06 06:59:39,430 [omNode-1@group-523986131536-LeaderElection9] INFO  grpc.GrpcConfigKeys (ConfUtils.java:logGet(46)) - raft.grpc.server.leader.outstanding.appends.max = 128 (default)
2023-06-06 06:59:39,430 [omNode-1@group-523986131536-LeaderElection9] INFO  server.RaftServerConfigKeys (ConfUtils.java:logGet(46)) - raft.server.rpc.request.timeout = 3000ms (default)
2023-06-06 06:59:39,430 [omNode-1@group-523986131536-LeaderElection9] INFO  grpc.GrpcConfigKeys (ConfUtils.java:logGet(46)) - raft.grpc.server.install_snapshot.request.element-limit = 8 (default)
2023-06-06 06:59:39,430 [omNode-1@group-523986131536-LeaderElection9] INFO  grpc.GrpcConfigKeys (ConfUtils.java:logGet(46)) - raft.grpc.server.install_snapshot.request.timeout = 3000ms (default)
2023-06-06 06:59:39,430 [omNode-1@group-523986131536-LeaderElection9] INFO  server.RaftServerConfigKeys (ConfUtils.java:logGet(46)) - raft.server.log.appender.install.snapshot.enabled = false (custom)
2023-06-06 06:59:39,430 [omNode-1@group-523986131536-LeaderElection9] INFO  grpc.GrpcConfigKeys (ConfUtils.java:logGet(46)) - raft.grpc.server.heartbeat.channel = true (default)
2023-06-06 06:59:39,431 [omNode-1@group-523986131536-LeaderElection9] INFO  impl.RoleInfo (RoleInfo.java:updateAndGet(139)) - omNode-1: start omNode-1@group-523986131536-LeaderStateImpl
2023-06-06 06:59:39,431 [omNode-1@group-523986131536-LeaderElection9] INFO  segmented.SegmentedRaftLogWorker (SegmentedRaftLogWorker.java:rollLogSegment(452)) - omNode-1@group-523986131536-SegmentedRaftLogWorker: Rolling segment log-0_120 to index:120
2023-06-06 06:59:39,433 [omNode-1@group-523986131536-SegmentedRaftLogWorker] INFO  segmented.SegmentedRaftLogWorker (SegmentedRaftLogWorker.java:execute(608)) - omNode-1@group-523986131536-SegmentedRaftLogWorker: Rolled log segment from /home/runner/work/ozone/ozone/hadoop-ozone/integration-test/target/test-dir/MiniOzoneClusterImpl-8bad4e8b-826b-4b9b-92b9-e03c261c0494/omNode-1/ratis/c9bc4cf4-3bc3-3c60-a66b-523986131536/current/log_inprogress_0 to /home/runner/work/ozone/ozone/hadoop-ozone/integration-test/target/test-dir/MiniOzoneClusterImpl-8bad4e8b-826b-4b9b-92b9-e03c261c0494/omNode-1/ratis/c9bc4cf4-3bc3-3c60-a66b-523986131536/current/log_0-120
2023-06-06 06:59:39,442 [omNode-1@group-523986131536-LeaderElection9] INFO  server.RaftServer$Division (ServerState.java:setRaftConf(434)) - omNode-1@group-523986131536: set configuration 121: peers:[omNode-3|rpc:localhost:15015|admin:|client:|dataStream:|priority:0|startupRole:FOLLOWER, omNode-1|rpc:localhost:15007|admin:|client:|dataStream:|priority:0|startupRole:FOLLOWER, omNode-2|rpc:localhost:15011|admin:|client:|dataStream:|priority:0|startupRole:FOLLOWER]|listeners:[], old=null
2023-06-06 06:59:39,444 [omNode-3-server-thread2] INFO  server.RaftServer$Division (ServerState.java:setLeader(317)) - omNode-3@group-523986131536: change Leader from null to omNode-1 at term 2 for appendEntries, leader elected after 27ms
2023-06-06 06:59:39,448 [omNode-1@group-523986131536-SegmentedRaftLogWorker] INFO  segmented.SegmentedRaftLogWorker (SegmentedRaftLogWorker.java:execute(651)) - omNode-1@group-523986131536-SegmentedRaftLogWorker: created new log segment /home/runner/work/ozone/ozone/hadoop-ozone/integration-test/target/test-dir/MiniOzoneClusterImpl-8bad4e8b-826b-4b9b-92b9-e03c261c0494/omNode-1/ratis/c9bc4cf4-3bc3-3c60-a66b-523986131536/current/log_inprogress_121
2023-06-06 06:59:39,454 [omNode-3-server-thread1] INFO  server.RaftServer$Division (ServerState.java:setRaftConf(434)) - omNode-3@group-523986131536: set configuration 121: peers:[omNode-3|rpc:localhost:15015|admin:|client:|dataStream:|priority:0|startupRole:FOLLOWER, omNode-1|rpc:localhost:15007|admin:|client:|dataStream:|priority:0|startupRole:FOLLOWER, omNode-2|rpc:localhost:15011|admin:|client:|dataStream:|priority:0|startupRole:FOLLOWER]|listeners:[], old=null
2023-06-06 06:59:39,454 [omNode-3-server-thread1] INFO  segmented.SegmentedRaftLogWorker (SegmentedRaftLogWorker.java:rollLogSegment(452)) - omNode-3@group-523986131536-SegmentedRaftLogWorker: Rolling segment log-0_120 to index:120
2023-06-06 06:59:39,458 [omNode-3@group-523986131536-SegmentedRaftLogWorker] INFO  segmented.SegmentedRaftLogWorker (SegmentedRaftLogWorker.java:execute(608)) - omNode-3@group-523986131536-SegmentedRaftLogWorker: Rolled log segment from /home/runner/work/ozone/ozone/hadoop-ozone/integration-test/target/test-dir/MiniOzoneClusterImpl-8bad4e8b-826b-4b9b-92b9-e03c261c0494/omNode-3/ratis/c9bc4cf4-3bc3-3c60-a66b-523986131536/current/log_inprogress_0 to /home/runner/work/ozone/ozone/hadoop-ozone/integration-test/target/test-dir/MiniOzoneClusterImpl-8bad4e8b-826b-4b9b-92b9-e03c261c0494/omNode-3/ratis/c9bc4cf4-3bc3-3c60-a66b-523986131536/current/log_0-120
2023-06-06 06:59:39,467 [omNode-3@group-523986131536-SegmentedRaftLogWorker] INFO  segmented.SegmentedRaftLogWorker (SegmentedRaftLogWorker.java:execute(651)) - omNode-3@group-523986131536-SegmentedRaftLogWorker: created new log segment /home/runner/work/ozone/ozone/hadoop-ozone/integration-test/target/test-dir/MiniOzoneClusterImpl-8bad4e8b-826b-4b9b-92b9-e03c261c0494/omNode-3/ratis/c9bc4cf4-3bc3-3c60-a66b-523986131536/current/log_inprogress_121
2023-06-06 06:59:39,473 [omNode-1@group-523986131536-StateMachineUpdater] INFO  ratis.OzoneManagerStateMachine (OzoneManagerStateMachine.java:notifyConfigurationChanged(201)) - Received Configuration change notification from Ratis. New Peer list:
[id: "omNode-3"
address: "localhost:15015"
startupRole: FOLLOWER
, id: "omNode-1"
address: "localhost:15007"
startupRole: FOLLOWER
, id: "omNode-2"
address: "localhost:15011"
startupRole: FOLLOWER
]
2023-06-06 06:59:39,475 [omNode-3@group-523986131536-StateMachineUpdater] INFO  ratis.OzoneManagerStateMachine (OzoneManagerStateMachine.java:notifyConfigurationChanged(201)) - Received Configuration change notification from Ratis. New Peer list:
[id: "omNode-3"
address: "localhost:15015"
startupRole: FOLLOWER
, id: "omNode-1"
address: "localhost:15007"
startupRole: FOLLOWER
, id: "omNode-2"
address: "localhost:15011"
startupRole: FOLLOWER
]
2023-06-06 06:59:39,485 [omNode-2-server-thread1] INFO  server.RaftServer$Division (ServerState.java:setLeader(317)) - omNode-2@group-523986131536: change Leader from null to omNode-1 at term 2 for appendEntries, leader elected after 253ms
2023-06-06 06:59:39,486 [omNode-2-server-thread2] INFO  server.RaftServer$Division (ServerState.java:setRaftConf(434)) - omNode-2@group-523986131536: set configuration 121: peers:[omNode-3|rpc:localhost:15015|admin:|client:|dataStream:|priority:0|startupRole:FOLLOWER, omNode-1|rpc:localhost:15007|admin:|client:|dataStream:|priority:0|startupRole:FOLLOWER, omNode-2|rpc:localhost:15011|admin:|client:|dataStream:|priority:0|startupRole:FOLLOWER]|listeners:[], old=null
2023-06-06 06:59:39,486 [omNode-2-server-thread2] INFO  segmented.SegmentedRaftLogWorker (SegmentedRaftLogWorker.java:rollLogSegment(452)) - omNode-2@group-523986131536-SegmentedRaftLogWorker: Rolling segment log-0_120 to index:120
2023-06-06 06:59:39,494 [omNode-2@group-523986131536-SegmentedRaftLogWorker] INFO  segmented.SegmentedRaftLogWorker (SegmentedRaftLogWorker.java:execute(608)) - omNode-2@group-523986131536-SegmentedRaftLogWorker: Rolled log segment from /home/runner/work/ozone/ozone/hadoop-ozone/integration-test/target/test-dir/MiniOzoneClusterImpl-8bad4e8b-826b-4b9b-92b9-e03c261c0494/omNode-2/ratis/c9bc4cf4-3bc3-3c60-a66b-523986131536/current/log_inprogress_0 to /home/runner/work/ozone/ozone/hadoop-ozone/integration-test/target/test-dir/MiniOzoneClusterImpl-8bad4e8b-826b-4b9b-92b9-e03c261c0494/omNode-2/ratis/c9bc4cf4-3bc3-3c60-a66b-523986131536/current/log_0-120
2023-06-06 06:59:39,507 [omNode-2@group-523986131536-SegmentedRaftLogWorker] INFO  segmented.SegmentedRaftLogWorker (SegmentedRaftLogWorker.java:execute(651)) - omNode-2@group-523986131536-SegmentedRaftLogWorker: created new log segment /home/runner/work/ozone/ozone/hadoop-ozone/integration-test/target/test-dir/MiniOzoneClusterImpl-8bad4e8b-826b-4b9b-92b9-e03c261c0494/omNode-2/ratis/c9bc4cf4-3bc3-3c60-a66b-523986131536/current/log_inprogress_121
2023-06-06 06:59:39,511 [omNode-2@group-523986131536-StateMachineUpdater] INFO  ratis.OzoneManagerStateMachine (OzoneManagerStateMachine.java:notifyConfigurationChanged(201)) - Received Configuration change notification from Ratis. New Peer list:
[id: "omNode-3"
address: "localhost:15015"
startupRole: FOLLOWER
, id: "omNode-1"
address: "localhost:15007"
startupRole: FOLLOWER
, id: "omNode-2"
address: "localhost:15011"
startupRole: FOLLOWER
]
2023-06-06 06:59:39,649 [main] INFO  reflections.Reflections (Reflections.java:scan(232)) - Reflections took 405 ms to scan 19 urls, producing 69 keys and 5284 values [using 2 cores]
2023-06-06 06:59:39,650 [main] INFO  ipc.CallQueueManager (CallQueueManager.java:<init>(90)) - Using callQueue: class java.util.concurrent.LinkedBlockingQueue, queueCapacity: 2000, scheduler: class org.apache.hadoop.ipc.DefaultRpcScheduler, ipcBackoff: false.
2023-06-06 06:59:39,651 [Socket Reader #1 for port 15008] INFO  ipc.Server (Server.java:run(1319)) - Starting Socket Reader #1 for port 15008
2023-06-06 06:59:39,653 [Listener at localhost/15008] INFO  hdds.HddsUtils (HddsUtils.java:preserveThreadName(843)) - Restoring thread name: main
2023-06-06 06:59:39,654 [main] INFO  http.BaseHttpServer (BaseHttpServer.java:newHttpServer2BuilderForOzone(224)) - Starting Web-server for ozoneManager at: http://0.0.0.0:15009
2023-06-06 06:59:39,654 [main] INFO  http.BaseHttpServer (BaseHttpServer.java:<init>(111)) - Hadoop Security Enabled: false Ozone Security Enabled: false Ozone HTTP Security Enabled: false 
2023-06-06 06:59:39,655 [main] WARN  server.AuthenticationFilter (AuthenticationFilter.java:constructSecretProvider(240)) - Unable to initialize FileSignerSecretProvider, falling back to use random secrets. Reason: Could not read signature secret file: /home/runner/hadoop-http-auth-signature-secret
2023-06-06 06:59:39,656 [main] INFO  http.HttpRequestLog (HttpRequestLog.java:getRequestLog(86)) - Http request log for http.requests.ozoneManager is not defined
2023-06-06 06:59:39,657 [main] INFO  http.HttpServer2 (HttpServer2.java:addGlobalFilter(1031)) - Added global filter 'safety' (class=org.apache.hadoop.hdds.server.http.HttpServer2$QuotingInputFilter)
2023-06-06 06:59:39,658 [main] INFO  http.HttpServer2 (HttpServer2.java:addFilter(1007)) - Added filter static_user_filter (class=org.apache.hadoop.http.lib.StaticUserWebFilter$StaticUserFilter) to context ozoneManager
2023-06-06 06:59:39,658 [main] INFO  http.HttpServer2 (HttpServer2.java:addFilter(1015)) - Added filter static_user_filter (class=org.apache.hadoop.http.lib.StaticUserWebFilter$StaticUserFilter) to context logs
2023-06-06 06:59:39,658 [main] INFO  http.HttpServer2 (HttpServer2.java:addFilter(1015)) - Added filter static_user_filter (class=org.apache.hadoop.http.lib.StaticUserWebFilter$StaticUserFilter) to context static
2023-06-06 06:59:39,659 [main] INFO  http.BaseHttpServer (BaseHttpServer.java:<init>(190)) - HTTP server of ozoneManager uses base directory /home/runner/work/ozone/ozone/hadoop-ozone/integration-test/target/test-dir/MiniOzoneClusterImpl-8bad4e8b-826b-4b9b-92b9-e03c261c0494/omNode-2/webserver
2023-06-06 06:59:39,659 [main] INFO  http.HttpServer2 (HttpServer2.java:bindListener(1250)) - Jetty bound to port 15009
2023-06-06 06:59:39,659 [main] INFO  server.Server (Server.java:doStart(375)) - jetty-9.4.51.v20230217; built: 2023-02-17T08:19:37.309Z; git: b45c405e4544384de066f814ed42ae3dceacdd49; jvm 1.8.0_372-b07
2023-06-06 06:59:39,661 [main] INFO  server.session (DefaultSessionIdManager.java:doStart(334)) - DefaultSessionIdManager workerName=node0
2023-06-06 06:59:39,661 [main] INFO  server.session (DefaultSessionIdManager.java:doStart(339)) - No SessionScavenger set, using defaults
2023-06-06 06:59:39,662 [main] INFO  server.session (HouseKeeper.java:startScavenging(132)) - node0 Scavenging every 660000ms
2023-06-06 06:59:39,662 [main] INFO  handler.ContextHandler (ContextHandler.java:doStart(921)) - Started o.e.j.s.ServletContextHandler@4f1bbed9{logs,/logs,file:///home/runner/work/ozone/ozone/hadoop-ozone/integration-test/target/log,AVAILABLE}
2023-06-06 06:59:39,663 [main] INFO  handler.ContextHandler (ContextHandler.java:doStart(921)) - Started o.e.j.s.ServletContextHandler@7da42d8d{static,/static,file:///home/runner/work/ozone/ozone/hadoop-ozone/integration-test/target/test-classes/webapps/static,AVAILABLE}
2023-06-06 06:59:39,666 [main] INFO  handler.ContextHandler (ContextHandler.java:doStart(921)) - Started o.e.j.w.WebAppContext@75b986b9{ozoneManager,/,file:///home/runner/work/ozone/ozone/hadoop-ozone/integration-test/target/test-classes/webapps/ozoneManager/,AVAILABLE}{file:/home/runner/work/ozone/ozone/hadoop-ozone/integration-test/target/test-classes/webapps/ozoneManager}
2023-06-06 06:59:39,671 [main] INFO  server.AbstractConnector (AbstractConnector.java:doStart(333)) - Started ServerConnector@7f1faa83{HTTP/1.1, (http/1.1)}{0.0.0.0:15009}
2023-06-06 06:59:39,671 [main] INFO  server.Server (Server.java:doStart(415)) - Started @29793ms
2023-06-06 06:59:39,671 [main] WARN  impl.MetricsSystemImpl (MetricsSystemImpl.java:register(279)) - Sink prometheus already exists!
2023-06-06 06:59:39,672 [main] INFO  http.BaseHttpServer (BaseHttpServer.java:updateConnectorAddress(344)) - HTTP server of ozoneManager listening at http://0.0.0.0:15009
2023-06-06 06:59:39,672 [IPC Server Responder] INFO  ipc.Server (Server.java:run(1558)) - IPC Server Responder: starting
2023-06-06 06:59:39,673 [IPC Server listener on 15008] INFO  ipc.Server (Server.java:run(1398)) - IPC Server listener on 15008: starting
2023-06-06 06:59:39,679 [main] INFO  om.OzoneManager (OzoneManager.java:startTrashEmptier(2059)) - Trash Interval set to 0. Files deleted won't move to trash
]]></system-out>
  </testcase>
</testsuite>