<?xml version="1.0" encoding="UTF-8"?>
<testsuite xmlns:xsi="http://www.w3.org/2001/XMLSchema-instance" xsi:noNamespaceSchemaLocation="https://maven.apache.org/surefire/maven-surefire-plugin/xsd/surefire-test-report.xsd" name="org.apache.hadoop.hdds.upgrade.TestHDDSUpgrade" time="486.786" tests="13" errors="0" skipped="4" failures="1">
  <properties>
    <property name="awt.toolkit" value="sun.awt.X11.XToolkit"/>
    <property name="file.encoding.pkg" value="sun.io"/>
    <property name="java.specification.version" value="1.8"/>
    <property name="sun.cpu.isalist" value=""/>
    <property name="sun.jnu.encoding" value="UTF-8"/>
    <property name="java.class.path" value="/home/runner/work/ozone/ozone/hadoop-ozone/integration-test/target/test-classes:/home/runner/work/ozone/ozone/hadoop-ozone/integration-test/target/classes:/home/runner/.m2/repository/org/apache/ozone/ozone-common/1.3.0-SNAPSHOT/ozone-common-1.3.0-SNAPSHOT.jar:/home/runner/.m2/repository/org/apache/commons/commons-compress/1.21/commons-compress-1.21.jar:/home/runner/.m2/repository/org/apache/ozone/hdds-common/1.3.0-SNAPSHOT/hdds-common-1.3.0-SNAPSHOT.jar:/home/runner/.m2/repository/org/apache/ozone/hdds-client/1.3.0-SNAPSHOT/hdds-client-1.3.0-SNAPSHOT.jar:/home/runner/.m2/repository/org/apache/ozone/ozone-interface-client/1.3.0-SNAPSHOT/ozone-interface-client-1.3.0-SNAPSHOT.jar:/home/runner/.m2/repository/org/apache/ozone/hdds-test-utils/1.3.0-SNAPSHOT/hdds-test-utils-1.3.0-SNAPSHOT.jar:/home/runner/.m2/repository/com/google/guava/guava/30.1.1-jre/guava-30.1.1-jre.jar:/home/runner/.m2/repository/com/google/guava/failureaccess/1.0.1/failureaccess-1.0.1.jar:/home/runner/.m2/repository/com/google/guava/listenablefuture/9999.0-empty-to-avoid-conflict-with-guava/listenablefuture-9999.0-empty-to-avoid-conflict-with-guava.jar:/home/runner/.m2/repository/com/google/code/findbugs/jsr305/3.0.0/jsr305-3.0.0.jar:/home/runner/.m2/repository/org/checkerframework/checker-qual/3.8.0/checker-qual-3.8.0.jar:/home/runner/.m2/repository/com/google/errorprone/error_prone_annotations/2.2.0/error_prone_annotations-2.2.0.jar:/home/runner/.m2/repository/com/google/j2objc/j2objc-annotations/1.3/j2objc-annotations-1.3.jar:/home/runner/.m2/repository/commons-io/commons-io/2.11.0/commons-io-2.11.0.jar:/home/runner/.m2/repository/commons-logging/commons-logging/1.2/commons-logging-1.2.jar:/home/runner/.m2/repository/log4j/log4j/1.2.17/log4j-1.2.17.jar:/home/runner/.m2/repository/org/slf4j/slf4j-api/1.7.30/slf4j-api-1.7.30.jar:/home/runner/.m2/repository/org/apache/ozone/hdds-server-scm/1.3.0-SNAPSHOT/hdds-server-scm-1.3.0-SNAPSHOT.jar:/home/runner/.m2/repository/org/apache/ozone/hdds-container-service/1.3.0-SNAPSHOT/hdds-container-service-1.3.0-SNAPSHOT.jar:/home/runner/.m2/repository/org/apache/ozone/hdds-hadoop-dependency-server/1.3.0-SNAPSHOT/hdds-hadoop-dependency-server-1.3.0-SNAPSHOT.jar:/home/runner/.m2/repository/org/apache/hadoop/hadoop-hdfs/3.3.1/hadoop-hdfs-3.3.1.jar:/home/runner/.m2/repository/org/apache/ozone/hdds-server-framework/1.3.0-SNAPSHOT/hdds-server-framework-1.3.0-SNAPSHOT.jar:/home/runner/.m2/repository/org/apache/ozone/hdds-interface-server/1.3.0-SNAPSHOT/hdds-interface-server-1.3.0-SNAPSHOT.jar:/home/runner/.m2/repository/org/eclipse/jetty/jetty-servlet/9.4.43.v20210629/jetty-servlet-9.4.43.v20210629.jar:/home/runner/.m2/repository/org/eclipse/jetty/jetty-security/9.4.43.v20210629/jetty-security-9.4.43.v20210629.jar:/home/runner/.m2/repository/org/rocksdb/rocksdbjni/6.25.3/rocksdbjni-6.25.3.jar:/home/runner/.m2/repository/io/prometheus/simpleclient_dropwizard/0.7.0/simpleclient_dropwizard-0.7.0.jar:/home/runner/.m2/repository/io/prometheus/simpleclient/0.7.0/simpleclient-0.7.0.jar:/home/runner/.m2/repository/io/prometheus/simpleclient_common/0.7.0/simpleclient_common-0.7.0.jar:/home/runner/.m2/repository/com/fasterxml/jackson/datatype/jackson-datatype-jsr310/2.12.1/jackson-datatype-jsr310-2.12.1.jar:/home/runner/.m2/repository/io/dropwizard/metrics/metrics-core/3.2.4/metrics-core-3.2.4.jar:/home/runner/.m2/repository/org/apache/hadoop/hadoop-hdfs-client/3.3.1/hadoop-hdfs-client-3.3.1.jar:/home/runner/.m2/repository/org/bouncycastle/bcprov-jdk15on/1.67/bcprov-jdk15on-1.67.jar:/home/runner/.m2/repository/com/google/protobuf/protobuf-java/2.5.0/protobuf-java-2.5.0.jar:/home/runner/.m2/repository/org/apache/ozone/ozone-manager/1.3.0-SNAPSHOT/ozone-manager-1.3.0-SNAPSHOT.jar:/home/runner/.m2/repository/org/aspectj/aspectjrt/1.9.7/aspectjrt-1.9.7.jar:/home/runner/.m2/repository/org/aspectj/aspectjweaver/1.9.7/aspectjweaver-1.9.7.jar:/home/runner/.m2/repository/org/apache/ozone/hdds-interface-client/1.3.0-SNAPSHOT/hdds-interface-client-1.3.0-SNAPSHOT.jar:/home/runner/.m2/repository/org/apache/hadoop/thirdparty/hadoop-shaded-protobuf_3_7/1.1.1/hadoop-shaded-protobuf_3_7-1.1.1.jar:/home/runner/.m2/repository/org/apache/ozone/ozone-interface-storage/1.3.0-SNAPSHOT/ozone-interface-storage-1.3.0-SNAPSHOT.jar:/home/runner/.m2/repository/org/reflections/reflections/0.9.11/reflections-0.9.11.jar:/home/runner/.m2/repository/org/apache/hadoop/hadoop-minikdc/3.3.1/hadoop-minikdc-3.3.1.jar:/home/runner/.m2/repository/org/apache/kerby/kerb-simplekdc/1.0.1/kerb-simplekdc-1.0.1.jar:/home/runner/.m2/repository/org/apache/kerby/kerb-client/1.0.1/kerb-client-1.0.1.jar:/home/runner/.m2/repository/org/apache/kerby/kerby-config/1.0.1/kerby-config-1.0.1.jar:/home/runner/.m2/repository/org/apache/kerby/kerb-common/1.0.1/kerb-common-1.0.1.jar:/home/runner/.m2/repository/org/apache/kerby/kerb-crypto/1.0.1/kerb-crypto-1.0.1.jar:/home/runner/.m2/repository/org/apache/kerby/kerb-util/1.0.1/kerb-util-1.0.1.jar:/home/runner/.m2/repository/org/apache/kerby/token-provider/1.0.1/token-provider-1.0.1.jar:/home/runner/.m2/repository/org/apache/kerby/kerb-admin/1.0.1/kerb-admin-1.0.1.jar:/home/runner/.m2/repository/org/apache/kerby/kerb-server/1.0.1/kerb-server-1.0.1.jar:/home/runner/.m2/repository/org/apache/kerby/kerb-identity/1.0.1/kerb-identity-1.0.1.jar:/home/runner/.m2/repository/org/apache/kerby/kerby-xdr/1.0.1/kerby-xdr-1.0.1.jar:/home/runner/.m2/repository/org/slf4j/slf4j-log4j12/1.7.30/slf4j-log4j12-1.7.30.jar:/home/runner/.m2/repository/org/apache/ozone/ozone-s3gateway/1.3.0-SNAPSHOT/ozone-s3gateway-1.3.0-SNAPSHOT.jar:/home/runner/.m2/repository/org/javassist/javassist/3.21.0-GA/javassist-3.21.0-GA.jar:/home/runner/.m2/repository/org/jboss/weld/servlet/weld-servlet/2.4.7.Final/weld-servlet-2.4.7.Final.jar:/home/runner/.m2/repository/org/glassfish/jersey/containers/jersey-container-servlet-core/2.33/jersey-container-servlet-core-2.33.jar:/home/runner/.m2/repository/org/glassfish/hk2/external/jakarta.inject/2.6.1/jakarta.inject-2.6.1.jar:/home/runner/.m2/repository/org/glassfish/jersey/core/jersey-common/2.33/jersey-common-2.33.jar:/home/runner/.m2/repository/jakarta/ws/rs/jakarta.ws.rs-api/2.1.6/jakarta.ws.rs-api-2.1.6.jar:/home/runner/.m2/repository/org/glassfish/jersey/ext/cdi/jersey-cdi1x/2.33/jersey-cdi1x-2.33.jar:/home/runner/.m2/repository/org/glassfish/jersey/inject/jersey-hk2/2.33/jersey-hk2-2.33.jar:/home/runner/.m2/repository/org/glassfish/hk2/hk2-locator/2.6.1/hk2-locator-2.6.1.jar:/home/runner/.m2/repository/org/glassfish/jersey/media/jersey-media-jaxb/2.33/jersey-media-jaxb-2.33.jar:/home/runner/.m2/repository/org/glassfish/hk2/osgi-resource-locator/1.0.3/osgi-resource-locator-1.0.3.jar:/home/runner/.m2/repository/org/glassfish/hk2/hk2-api/2.5.0/hk2-api-2.5.0.jar:/home/runner/.m2/repository/org/glassfish/hk2/hk2-utils/2.5.0/hk2-utils-2.5.0.jar:/home/runner/.m2/repository/org/glassfish/hk2/external/aopalliance-repackaged/2.5.0/aopalliance-repackaged-2.5.0.jar:/home/runner/.m2/repository/com/fasterxml/jackson/dataformat/jackson-dataformat-xml/2.12.1/jackson-dataformat-xml-2.12.1.jar:/home/runner/.m2/repository/com/fasterxml/jackson/core/jackson-core/2.12.1/jackson-core-2.12.1.jar:/home/runner/.m2/repository/com/fasterxml/jackson/module/jackson-module-jaxb-annotations/2.12.1/jackson-module-jaxb-annotations-2.12.1.jar:/home/runner/.m2/repository/jakarta/xml/bind/jakarta.xml.bind-api/2.3.2/jakarta.xml.bind-api-2.3.2.jar:/home/runner/.m2/repository/org/codehaus/woodstox/stax2-api/3.1.4/stax2-api-3.1.4.jar:/home/runner/.m2/repository/com/fasterxml/woodstox/woodstox-core/5.0.3/woodstox-core-5.0.3.jar:/home/runner/.m2/repository/javax/enterprise/cdi-api/1.2/cdi-api-1.2.jar:/home/runner/.m2/repository/javax/el/javax.el-api/3.0.0/javax.el-api-3.0.0.jar:/home/runner/.m2/repository/javax/interceptor/javax.interceptor-api/1.2/javax.interceptor-api-1.2.jar:/home/runner/.m2/repository/javax/inject/javax.inject/1/javax.inject-1.jar:/home/runner/.m2/repository/javax/xml/bind/jaxb-api/2.3.0/jaxb-api-2.3.0.jar:/home/runner/.m2/repository/org/glassfish/jaxb/jaxb-runtime/2.3.0.1/jaxb-runtime-2.3.0.1.jar:/home/runner/.m2/repository/org/glassfish/jaxb/jaxb-core/2.3.0.1/jaxb-core-2.3.0.1.jar:/home/runner/.m2/repository/org/glassfish/jaxb/txw2/2.3.0.1/txw2-2.3.0.1.jar:/home/runner/.m2/repository/com/sun/istack/istack-commons-runtime/3.0.5/istack-commons-runtime-3.0.5.jar:/home/runner/.m2/repository/org/jvnet/staxex/stax-ex/1.7.8/stax-ex-1.7.8.jar:/home/runner/.m2/repository/com/sun/xml/fastinfoset/FastInfoset/1.2.13/FastInfoset-1.2.13.jar:/home/runner/.m2/repository/javax/activation/activation/1.1.1/activation-1.1.1.jar:/home/runner/.m2/repository/org/apache/ozone/ozone-csi/1.3.0-SNAPSHOT/ozone-csi-1.3.0-SNAPSHOT.jar:/home/runner/.m2/repository/com/google/protobuf/protobuf-java-util/3.12.0/protobuf-java-util-3.12.0.jar:/home/runner/.m2/repository/com/google/code/gson/gson/2.2.4/gson-2.2.4.jar:/home/runner/.m2/repository/org/apache/ozone/hdds-config/1.3.0-SNAPSHOT/hdds-config-1.3.0-SNAPSHOT.jar:/home/runner/.m2/repository/io/grpc/grpc-netty/1.33.0/grpc-netty-1.33.0.jar:/home/runner/.m2/repository/io/grpc/grpc-core/1.33.0/grpc-core-1.33.0.jar:/home/runner/.m2/repository/com/google/android/annotations/4.1.1.4/annotations-4.1.1.4.jar:/home/runner/.m2/repository/io/netty/netty-codec-http2/4.1.63.Final/netty-codec-http2-4.1.63.Final.jar:/home/runner/.m2/repository/io/netty/netty-codec-http/4.1.63.Final/netty-codec-http-4.1.63.Final.jar:/home/runner/.m2/repository/io/netty/netty-handler-proxy/4.1.63.Final/netty-handler-proxy-4.1.63.Final.jar:/home/runner/.m2/repository/io/netty/netty-codec-socks/4.1.63.Final/netty-codec-socks-4.1.63.Final.jar:/home/runner/.m2/repository/io/perfmark/perfmark-api/0.19.0/perfmark-api-0.19.0.jar:/home/runner/.m2/repository/org/codehaus/mojo/animal-sniffer-annotations/1.18/animal-sniffer-annotations-1.18.jar:/home/runner/.m2/repository/io/netty/netty-transport-native-epoll/4.1.63.Final/netty-transport-native-epoll-4.1.63.Final.jar:/home/runner/.m2/repository/io/netty/netty-common/4.1.63.Final/netty-common-4.1.63.Final.jar:/home/runner/.m2/repository/io/netty/netty-buffer/4.1.63.Final/netty-buffer-4.1.63.Final.jar:/home/runner/.m2/repository/io/netty/netty-transport-native-unix-common/4.1.63.Final/netty-transport-native-unix-common-4.1.63.Final.jar:/home/runner/.m2/repository/io/grpc/grpc-protobuf/1.33.0/grpc-protobuf-1.33.0.jar:/home/runner/.m2/repository/io/grpc/grpc-api/1.33.0/grpc-api-1.33.0.jar:/home/runner/.m2/repository/io/grpc/grpc-context/1.33.0/grpc-context-1.33.0.jar:/home/runner/.m2/repository/com/google/api/grpc/proto-google-common-protos/1.17.0/proto-google-common-protos-1.17.0.jar:/home/runner/.m2/repository/io/grpc/grpc-protobuf-lite/1.33.0/grpc-protobuf-lite-1.33.0.jar:/home/runner/.m2/repository/io/grpc/grpc-stub/1.33.0/grpc-stub-1.33.0.jar:/home/runner/.m2/repository/org/apache/ozone/ozone-recon/1.3.0-SNAPSHOT/ozone-recon-1.3.0-SNAPSHOT.jar:/home/runner/.m2/repository/org/apache/ozone/ozone-reconcodegen/1.3.0-SNAPSHOT/ozone-reconcodegen-1.3.0-SNAPSHOT.jar:/home/runner/.m2/repository/com/google/inject/extensions/guice-multibindings/4.0/guice-multibindings-4.0.jar:/home/runner/.m2/repository/com/google/inject/guice/4.0/guice-4.0.jar:/home/runner/.m2/repository/aopalliance/aopalliance/1.0/aopalliance-1.0.jar:/home/runner/.m2/repository/com/google/inject/extensions/guice-assistedinject/4.0/guice-assistedinject-4.0.jar:/home/runner/.m2/repository/com/google/inject/extensions/guice-servlet/4.0/guice-servlet-4.0.jar:/home/runner/.m2/repository/org/glassfish/jersey/containers/jersey-container-servlet/2.33/jersey-container-servlet-2.33.jar:/home/runner/.m2/repository/org/glassfish/hk2/guice-bridge/2.5.0/guice-bridge-2.5.0.jar:/home/runner/.m2/repository/org/glassfish/jersey/core/jersey-server/2.33/jersey-server-2.33.jar:/home/runner/.m2/repository/org/glassfish/jersey/core/jersey-client/2.33/jersey-client-2.33.jar:/home/runner/.m2/repository/jakarta/annotation/jakarta.annotation-api/1.3.5/jakarta.annotation-api-1.3.5.jar:/home/runner/.m2/repository/jakarta/validation/jakarta.validation-api/2.0.2/jakarta.validation-api-2.0.2.jar:/home/runner/.m2/repository/org/glassfish/jersey/media/jersey-media-json-jackson/2.33/jersey-media-json-jackson-2.33.jar:/home/runner/.m2/repository/org/glassfish/jersey/ext/jersey-entity-filtering/2.33/jersey-entity-filtering-2.33.jar:/home/runner/.m2/repository/org/jooq/jooq/3.11.10/jooq-3.11.10.jar:/home/runner/.m2/repository/org/jooq/jooq-meta/3.11.10/jooq-meta-3.11.10.jar:/home/runner/.m2/repository/org/jooq/jooq-codegen/3.11.10/jooq-codegen-3.11.10.jar:/home/runner/.m2/repository/com/jolbox/bonecp/0.8.0.RELEASE/bonecp-0.8.0.RELEASE.jar:/home/runner/.m2/repository/org/apache/derby/derby/10.14.2.0/derby-10.14.2.0.jar:/home/runner/.m2/repository/org/xerial/sqlite-jdbc/3.25.2/sqlite-jdbc-3.25.2.jar:/home/runner/.m2/repository/org/springframework/spring-jdbc/5.2.18.RELEASE/spring-jdbc-5.2.18.RELEASE.jar:/home/runner/.m2/repository/org/springframework/spring-beans/5.2.18.RELEASE/spring-beans-5.2.18.RELEASE.jar:/home/runner/.m2/repository/org/springframework/spring-core/5.2.18.RELEASE/spring-core-5.2.18.RELEASE.jar:/home/runner/.m2/repository/org/springframework/spring-jcl/5.2.18.RELEASE/spring-jcl-5.2.18.RELEASE.jar:/home/runner/.m2/repository/org/springframework/spring-tx/5.2.18.RELEASE/spring-tx-5.2.18.RELEASE.jar:/home/runner/.m2/repository/org/apache/ozone/ozone-client/1.3.0-SNAPSHOT/ozone-client-1.3.0-SNAPSHOT.jar:/home/runner/.m2/repository/org/apache/ozone/ozone-filesystem/1.3.0-SNAPSHOT/ozone-filesystem-1.3.0-SNAPSHOT.jar:/home/runner/.m2/repository/org/apache/ozone/ozone-filesystem-common/1.3.0-SNAPSHOT/ozone-filesystem-common-1.3.0-SNAPSHOT.jar:/home/runner/.m2/repository/org/apache/ozone/ozone-tools/1.3.0-SNAPSHOT/ozone-tools-1.3.0-SNAPSHOT.jar:/home/runner/.m2/repository/org/apache/ratis/ratis-tools/2.2.0/ratis-tools-2.2.0.jar:/home/runner/.m2/repository/com/amazonaws/aws-java-sdk-core/1.12.124/aws-java-sdk-core-1.12.124.jar:/home/runner/.m2/repository/org/apache/httpcomponents/httpclient/4.5.13/httpclient-4.5.13.jar:/home/runner/.m2/repository/org/apache/httpcomponents/httpcore/4.4.13/httpcore-4.4.13.jar:/home/runner/.m2/repository/software/amazon/ion/ion-java/1.0.2/ion-java-1.0.2.jar:/home/runner/.m2/repository/com/fasterxml/jackson/dataformat/jackson-dataformat-cbor/2.12.1/jackson-dataformat-cbor-2.12.1.jar:/home/runner/.m2/repository/joda-time/joda-time/2.8.1/joda-time-2.8.1.jar:/home/runner/.m2/repository/com/amazonaws/aws-java-sdk-s3/1.12.124/aws-java-sdk-s3-1.12.124.jar:/home/runner/.m2/repository/com/amazonaws/aws-java-sdk-kms/1.12.124/aws-java-sdk-kms-1.12.124.jar:/home/runner/.m2/repository/com/amazonaws/jmespath-java/1.12.124/jmespath-java-1.12.124.jar:/home/runner/.m2/repository/org/kohsuke/metainf-services/metainf-services/1.8/metainf-services-1.8.jar:/home/runner/.m2/repository/org/apache/ozone/hdds-tools/1.3.0-SNAPSHOT/hdds-tools-1.3.0-SNAPSHOT.jar:/home/runner/.m2/repository/commons-cli/commons-cli/1.2/commons-cli-1.2.jar:/home/runner/.m2/repository/org/apache/commons/commons-lang3/3.7/commons-lang3-3.7.jar:/home/runner/.m2/repository/org/apache/ozone/ozone-manager/1.3.0-SNAPSHOT/ozone-manager-1.3.0-SNAPSHOT-tests.jar:/home/runner/.m2/repository/org/apache/ozone/hdds-common/1.3.0-SNAPSHOT/hdds-common-1.3.0-SNAPSHOT-tests.jar:/home/runner/.m2/repository/org/apache/ozone/hdds-hadoop-dependency-client/1.3.0-SNAPSHOT/hdds-hadoop-dependency-client-1.3.0-SNAPSHOT.jar:/home/runner/.m2/repository/info/picocli/picocli/4.6.1/picocli-4.6.1.jar:/home/runner/.m2/repository/com/fasterxml/jackson/core/jackson-annotations/2.12.1/jackson-annotations-2.12.1.jar:/home/runner/.m2/repository/javax/annotation/javax.annotation-api/1.2/javax.annotation-api-1.2.jar:/home/runner/.m2/repository/org/apache/ratis/ratis-server/2.2.0/ratis-server-2.2.0.jar:/home/runner/.m2/repository/org/apache/ratis/ratis-client/2.2.0/ratis-client-2.2.0.jar:/home/runner/.m2/repository/org/apache/ratis/ratis-server-api/2.2.0/ratis-server-api-2.2.0.jar:/home/runner/.m2/repository/org/apache/ratis/ratis-metrics/2.2.0/ratis-metrics-2.2.0.jar:/home/runner/.m2/repository/org/apache/ratis/ratis-netty/2.2.0/ratis-netty-2.2.0.jar:/home/runner/.m2/repository/org/apache/ratis/ratis-grpc/2.2.0/ratis-grpc-2.2.0.jar:/home/runner/.m2/repository/org/apache/logging/log4j/log4j-api/2.17.1/log4j-api-2.17.1.jar:/home/runner/.m2/repository/org/apache/logging/log4j/log4j-core/2.17.1/log4j-core-2.17.1.jar:/home/runner/.m2/repository/com/lmax/disruptor/3.4.2/disruptor-3.4.2.jar:/home/runner/.m2/repository/org/apache/commons/commons-pool2/2.6.0/commons-pool2-2.6.0.jar:/home/runner/.m2/repository/org/bouncycastle/bcpkix-jdk15on/1.67/bcpkix-jdk15on-1.67.jar:/home/runner/.m2/repository/commons-validator/commons-validator/1.6/commons-validator-1.6.jar:/home/runner/.m2/repository/commons-beanutils/commons-beanutils/1.9.4/commons-beanutils-1.9.4.jar:/home/runner/.m2/repository/commons-digester/commons-digester/1.8.1/commons-digester-1.8.1.jar:/home/runner/.m2/repository/commons-collections/commons-collections/3.2.2/commons-collections-3.2.2.jar:/home/runner/.m2/repository/io/jaegertracing/jaeger-client/1.6.0/jaeger-client-1.6.0.jar:/home/runner/.m2/repository/io/jaegertracing/jaeger-thrift/1.6.0/jaeger-thrift-1.6.0.jar:/home/runner/.m2/repository/org/apache/thrift/libthrift/0.14.1/libthrift-0.14.1.jar:/home/runner/.m2/repository/com/squareup/okhttp3/okhttp/4.9.0/okhttp-4.9.0.jar:/home/runner/.m2/repository/com/squareup/okio/okio/2.8.0/okio-2.8.0.jar:/home/runner/.m2/repository/io/jaegertracing/jaeger-core/1.6.0/jaeger-core-1.6.0.jar:/home/runner/.m2/repository/io/jaegertracing/jaeger-tracerresolver/1.6.0/jaeger-tracerresolver-1.6.0.jar:/home/runner/.m2/repository/io/opentracing/contrib/opentracing-tracerresolver/0.1.8/opentracing-tracerresolver-0.1.8.jar:/home/runner/.m2/repository/org/jetbrains/kotlin/kotlin-stdlib/1.4.31/kotlin-stdlib-1.4.31.jar:/home/runner/.m2/repository/org/jetbrains/kotlin/kotlin-stdlib-common/1.4.31/kotlin-stdlib-common-1.4.31.jar:/home/runner/.m2/repository/org/jetbrains/annotations/13.0/annotations-13.0.jar:/home/runner/.m2/repository/io/opentracing/opentracing-util/0.33.0/opentracing-util-0.33.0.jar:/home/runner/.m2/repository/io/opentracing/opentracing-api/0.33.0/opentracing-api-0.33.0.jar:/home/runner/.m2/repository/io/opentracing/opentracing-noop/0.33.0/opentracing-noop-0.33.0.jar:/home/runner/.m2/repository/org/yaml/snakeyaml/1.26/snakeyaml-1.26.jar:/home/runner/.m2/repository/org/apache/ozone/hdds-interface-admin/1.3.0-SNAPSHOT/hdds-interface-admin-1.3.0-SNAPSHOT.jar:/home/runner/.m2/repository/junit/junit/4.13.1/junit-4.13.1.jar:/home/runner/.m2/repository/org/hamcrest/hamcrest-core/1.3/hamcrest-core-1.3.jar:/home/runner/.m2/repository/org/junit/jupiter/junit-jupiter-api/5.7.0/junit-jupiter-api-5.7.0.jar:/home/runner/.m2/repository/org/apiguardian/apiguardian-api/1.1.0/apiguardian-api-1.1.0.jar:/home/runner/.m2/repository/org/opentest4j/opentest4j/1.2.0/opentest4j-1.2.0.jar:/home/runner/.m2/repository/org/junit/platform/junit-platform-commons/1.7.0/junit-platform-commons-1.7.0.jar:/home/runner/.m2/repository/org/junit/jupiter/junit-jupiter-engine/5.7.0/junit-jupiter-engine-5.7.0.jar:/home/runner/.m2/repository/org/junit/platform/junit-platform-engine/1.7.0/junit-platform-engine-1.7.0.jar:/home/runner/.m2/repository/org/junit/vintage/junit-vintage-engine/5.7.0/junit-vintage-engine-5.7.0.jar:/home/runner/.m2/repository/org/junit/platform/junit-platform-launcher/1.7.0/junit-platform-launcher-1.7.0.jar:/home/runner/.m2/repository/org/mockito/mockito-core/2.28.2/mockito-core-2.28.2.jar:/home/runner/.m2/repository/net/bytebuddy/byte-buddy/1.9.10/byte-buddy-1.9.10.jar:/home/runner/.m2/repository/net/bytebuddy/byte-buddy-agent/1.9.10/byte-buddy-agent-1.9.10.jar:/home/runner/.m2/repository/org/objenesis/objenesis/1.0/objenesis-1.0.jar:/home/runner/.m2/repository/org/apache/hadoop/hadoop-kms/3.3.1/hadoop-kms-3.3.1.jar:/home/runner/.m2/repository/org/apache/hadoop/hadoop-auth/3.3.1/hadoop-auth-3.3.1.jar:/home/runner/.m2/repository/com/nimbusds/nimbus-jose-jwt/7.9/nimbus-jose-jwt-7.9.jar:/home/runner/.m2/repository/com/github/stephenc/jcip/jcip-annotations/1.0-1/jcip-annotations-1.0-1.jar:/home/runner/.m2/repository/net/minidev/json-smart/2.3.1/json-smart-2.3.1.jar:/home/runner/.m2/repository/net/minidev/accessors-smart/2.3.1/accessors-smart-2.3.1.jar:/home/runner/.m2/repository/org/ow2/asm/asm/5.0.4/asm-5.0.4.jar:/home/runner/.m2/repository/org/apache/zookeeper/zookeeper/3.5.6/zookeeper-3.5.6.jar:/home/runner/.m2/repository/org/apache/zookeeper/zookeeper-jute/3.5.6/zookeeper-jute-3.5.6.jar:/home/runner/.m2/repository/org/apache/yetus/audience-annotations/0.5.0/audience-annotations-0.5.0.jar:/home/runner/.m2/repository/org/apache/curator/curator-framework/4.2.0/curator-framework-4.2.0.jar:/home/runner/.m2/repository/org/apache/hadoop/thirdparty/hadoop-shaded-guava/1.1.1/hadoop-shaded-guava-1.1.1.jar:/home/runner/.m2/repository/com/sun/jersey/jersey-core/1.19/jersey-core-1.19.jar:/home/runner/.m2/repository/javax/ws/rs/jsr311-api/1.1.1/jsr311-api-1.1.1.jar:/home/runner/.m2/repository/com/sun/jersey/jersey-server/1.19/jersey-server-1.19.jar:/home/runner/.m2/repository/javax/servlet/javax.servlet-api/3.1.0/javax.servlet-api-3.1.0.jar:/home/runner/.m2/repository/org/eclipse/jetty/jetty-server/9.4.43.v20210629/jetty-server-9.4.43.v20210629.jar:/home/runner/.m2/repository/org/eclipse/jetty/jetty-http/9.4.43.v20210629/jetty-http-9.4.43.v20210629.jar:/home/runner/.m2/repository/org/eclipse/jetty/jetty-io/9.4.43.v20210629/jetty-io-9.4.43.v20210629.jar:/home/runner/.m2/repository/org/eclipse/jetty/jetty-webapp/9.4.43.v20210629/jetty-webapp-9.4.43.v20210629.jar:/home/runner/.m2/repository/org/eclipse/jetty/jetty-xml/9.4.43.v20210629/jetty-xml-9.4.43.v20210629.jar:/home/runner/.m2/repository/org/apache/hadoop/hadoop-common/3.3.1/hadoop-common-3.3.1.jar:/home/runner/.m2/repository/org/apache/commons/commons-math3/3.1.1/commons-math3-3.1.1.jar:/home/runner/.m2/repository/commons-net/commons-net/3.6/commons-net-3.6.jar:/home/runner/.m2/repository/jakarta/activation/jakarta.activation-api/1.2.1/jakarta.activation-api-1.2.1.jar:/home/runner/.m2/repository/com/sun/jersey/jersey-servlet/1.19/jersey-servlet-1.19.jar:/home/runner/.m2/repository/com/sun/jersey/jersey-json/1.19/jersey-json-1.19.jar:/home/runner/.m2/repository/org/codehaus/jettison/jettison/1.1/jettison-1.1.jar:/home/runner/.m2/repository/com/sun/xml/bind/jaxb-impl/2.2.3-1/jaxb-impl-2.2.3-1.jar:/home/runner/.m2/repository/org/codehaus/jackson/jackson-jaxrs/1.9.2/jackson-jaxrs-1.9.2.jar:/home/runner/.m2/repository/org/codehaus/jackson/jackson-xc/1.9.2/jackson-xc-1.9.2.jar:/home/runner/.m2/repository/org/apache/commons/commons-configuration2/2.1.1/commons-configuration2-2.1.1.jar:/home/runner/.m2/repository/org/apache/commons/commons-text/1.4/commons-text-1.4.jar:/home/runner/.m2/repository/com/google/re2j/re2j/1.1/re2j-1.1.jar:/home/runner/.m2/repository/com/jcraft/jsch/0.1.54/jsch-0.1.54.jar:/home/runner/.m2/repository/org/apache/curator/curator-client/4.2.0/curator-client-4.2.0.jar:/home/runner/.m2/repository/org/apache/curator/curator-recipes/4.2.0/curator-recipes-4.2.0.jar:/home/runner/.m2/repository/org/apache/kerby/kerb-core/1.0.1/kerb-core-1.0.1.jar:/home/runner/.m2/repository/org/apache/kerby/kerby-pkix/1.0.1/kerby-pkix-1.0.1.jar:/home/runner/.m2/repository/org/apache/kerby/kerby-asn1/1.0.1/kerby-asn1-1.0.1.jar:/home/runner/.m2/repository/org/apache/kerby/kerby-util/1.0.1/kerby-util-1.0.1.jar:/home/runner/.m2/repository/dnsjava/dnsjava/2.1.7/dnsjava-2.1.7.jar:/home/runner/.m2/repository/org/xerial/snappy/snappy-java/1.1.8.2/snappy-java-1.1.8.2.jar:/home/runner/.m2/repository/org/slf4j/jul-to-slf4j/1.7.30/jul-to-slf4j-1.7.30.jar:/home/runner/.m2/repository/org/eclipse/jetty/jetty-util/9.4.43.v20210629/jetty-util-9.4.43.v20210629.jar:/home/runner/.m2/repository/com/fasterxml/jackson/core/jackson-databind/2.12.1/jackson-databind-2.12.1.jar:/home/runner/.m2/repository/org/apache/hadoop/hadoop-kms/3.3.1/hadoop-kms-3.3.1-tests.jar:/home/runner/.m2/repository/org/apache/ozone/hdds-server-scm/1.3.0-SNAPSHOT/hdds-server-scm-1.3.0-SNAPSHOT-tests.jar:/home/runner/.m2/repository/org/apache/ozone/hdds-container-service/1.3.0-SNAPSHOT/hdds-container-service-1.3.0-SNAPSHOT-tests.jar:/home/runner/.m2/repository/commons-codec/commons-codec/1.11/commons-codec-1.11.jar:/home/runner/.m2/repository/io/netty/netty-transport/4.1.63.Final/netty-transport-4.1.63.Final.jar:/home/runner/.m2/repository/io/netty/netty-resolver/4.1.63.Final/netty-resolver-4.1.63.Final.jar:/home/runner/.m2/repository/io/netty/netty-codec/4.1.63.Final/netty-codec-4.1.63.Final.jar:/home/runner/.m2/repository/io/netty/netty-handler/4.1.63.Final/netty-handler-4.1.63.Final.jar:/home/runner/.m2/repository/org/apache/ozone/hdds-hadoop-dependency-test/1.3.0-SNAPSHOT/hdds-hadoop-dependency-test-1.3.0-SNAPSHOT.jar:/home/runner/.m2/repository/org/apache/hadoop/hadoop-common/3.3.1/hadoop-common-3.3.1-tests.jar:/home/runner/.m2/repository/org/assertj/assertj-core/3.12.2/assertj-core-3.12.2.jar:/home/runner/.m2/repository/org/apache/hadoop/hadoop-hdfs/3.3.1/hadoop-hdfs-3.3.1-tests.jar:/home/runner/.m2/repository/org/eclipse/jetty/jetty-util-ajax/9.4.43.v20210629/jetty-util-ajax-9.4.43.v20210629.jar:/home/runner/.m2/repository/commons-daemon/commons-daemon/1.0.13/commons-daemon-1.0.13.jar:/home/runner/.m2/repository/io/netty/netty/3.10.6.Final/netty-3.10.6.Final.jar:/home/runner/.m2/repository/io/netty/netty-all/4.1.63.Final/netty-all-4.1.63.Final.jar:/home/runner/.m2/repository/org/apache/htrace/htrace-core4/4.1.0-incubating/htrace-core4-4.1.0-incubating.jar:/home/runner/.m2/repository/org/fusesource/leveldbjni/leveldbjni-all/1.8/leveldbjni-all-1.8.jar:/home/runner/.m2/repository/org/apache/hadoop/hadoop-distcp/3.3.1/hadoop-distcp-3.3.1.jar:/home/runner/.m2/repository/org/apache/hadoop/hadoop-mapreduce-client-jobclient/3.3.1/hadoop-mapreduce-client-jobclient-3.3.1.jar:/home/runner/.m2/repository/org/apache/hadoop/hadoop-mapreduce-client-common/3.3.1/hadoop-mapreduce-client-common-3.3.1.jar:/home/runner/.m2/repository/org/apache/hadoop/hadoop-yarn-common/3.3.1/hadoop-yarn-common-3.3.1.jar:/home/runner/.m2/repository/org/apache/hadoop/hadoop-yarn-api/3.3.1/hadoop-yarn-api-3.3.1.jar:/home/runner/.m2/repository/com/sun/jersey/jersey-client/1.19/jersey-client-1.19.jar:/home/runner/.m2/repository/com/sun/jersey/contribs/jersey-guice/1.19/jersey-guice-1.19.jar:/home/runner/.m2/repository/com/fasterxml/jackson/jaxrs/jackson-jaxrs-json-provider/2.12.1/jackson-jaxrs-json-provider-2.12.1.jar:/home/runner/.m2/repository/com/fasterxml/jackson/jaxrs/jackson-jaxrs-base/2.12.1/jackson-jaxrs-base-2.12.1.jar:/home/runner/.m2/repository/org/apache/hadoop/hadoop-yarn-client/3.3.1/hadoop-yarn-client-3.3.1.jar:/home/runner/.m2/repository/org/eclipse/jetty/websocket/websocket-client/9.4.40.v20210413/websocket-client-9.4.40.v20210413.jar:/home/runner/.m2/repository/org/eclipse/jetty/jetty-client/9.4.40.v20210413/jetty-client-9.4.40.v20210413.jar:/home/runner/.m2/repository/org/eclipse/jetty/websocket/websocket-common/9.4.40.v20210413/websocket-common-9.4.40.v20210413.jar:/home/runner/.m2/repository/org/eclipse/jetty/websocket/websocket-api/9.4.40.v20210413/websocket-api-9.4.40.v20210413.jar:/home/runner/.m2/repository/org/jline/jline/3.9.0/jline-3.9.0.jar:/home/runner/.m2/repository/org/apache/hadoop/hadoop-mapreduce-client-core/3.3.1/hadoop-mapreduce-client-core-3.3.1.jar:/home/runner/.m2/repository/org/apache/avro/avro/1.7.7/avro-1.7.7.jar:/home/runner/.m2/repository/org/codehaus/jackson/jackson-core-asl/1.9.13/jackson-core-asl-1.9.13.jar:/home/runner/.m2/repository/org/codehaus/jackson/jackson-mapper-asl/1.9.13/jackson-mapper-asl-1.9.13.jar:/home/runner/.m2/repository/com/thoughtworks/paranamer/paranamer/2.3/paranamer-2.3.jar:/home/runner/.m2/repository/org/apache/hadoop/hadoop-annotations/3.3.1/hadoop-annotations-3.3.1.jar:/usr/lib/jvm/temurin-8-jdk-amd64/jre/../lib/tools.jar:/home/runner/.m2/repository/org/apache/hadoop/hadoop-distcp/3.3.1/hadoop-distcp-3.3.1-tests.jar:/home/runner/.m2/repository/org/apache/ratis/ratis-common/2.2.0/ratis-common-2.2.0.jar:/home/runner/.m2/repository/org/apache/ratis/ratis-thirdparty-misc/0.7.0/ratis-thirdparty-misc-0.7.0.jar:/home/runner/.m2/repository/org/apache/ratis/ratis-proto/2.2.0/ratis-proto-2.2.0.jar:"/>
    <property name="java.vm.vendor" value="Temurin"/>
    <property name="sun.arch.data.model" value="64"/>
    <property name="test.build.dir" value="/home/runner/work/ozone/ozone/hadoop-ozone/integration-test/target/test-dir"/>
    <property name="test.cache.data" value=""/>
    <property name="java.vendor.url" value="https://adoptium.net/"/>
    <property name="user.timezone" value=""/>
    <property name="java.vm.specification.version" value="1.8"/>
    <property name="os.name" value="Linux"/>
    <property name="test.build.data" value="/home/runner/work/ozone/ozone/hadoop-ozone/integration-test/target/test-dir"/>
    <property name="sun.java.launcher" value="SUN_STANDARD"/>
    <property name="sun.boot.library.path" value="/usr/lib/jvm/temurin-8-jdk-amd64/jre/lib/amd64"/>
    <property name="sun.java.command" value="/home/runner/work/ozone/ozone/hadoop-ozone/integration-test/target/surefire/surefirebooter6020894548659258322.jar /home/runner/work/ozone/ozone/hadoop-ozone/integration-test/target/surefire 2022-02-04T12-44-38_272-jvmRun1 surefire7976729544764423119tmp surefire_147754389949519998682tmp"/>
    <property name="surefire.test.class.path" value="/home/runner/work/ozone/ozone/hadoop-ozone/integration-test/target/test-classes:/home/runner/work/ozone/ozone/hadoop-ozone/integration-test/target/classes:/home/runner/.m2/repository/org/apache/ozone/ozone-common/1.3.0-SNAPSHOT/ozone-common-1.3.0-SNAPSHOT.jar:/home/runner/.m2/repository/org/apache/commons/commons-compress/1.21/commons-compress-1.21.jar:/home/runner/.m2/repository/org/apache/ozone/hdds-common/1.3.0-SNAPSHOT/hdds-common-1.3.0-SNAPSHOT.jar:/home/runner/.m2/repository/org/apache/ozone/hdds-client/1.3.0-SNAPSHOT/hdds-client-1.3.0-SNAPSHOT.jar:/home/runner/.m2/repository/org/apache/ozone/ozone-interface-client/1.3.0-SNAPSHOT/ozone-interface-client-1.3.0-SNAPSHOT.jar:/home/runner/.m2/repository/org/apache/ozone/hdds-test-utils/1.3.0-SNAPSHOT/hdds-test-utils-1.3.0-SNAPSHOT.jar:/home/runner/.m2/repository/com/google/guava/guava/30.1.1-jre/guava-30.1.1-jre.jar:/home/runner/.m2/repository/com/google/guava/failureaccess/1.0.1/failureaccess-1.0.1.jar:/home/runner/.m2/repository/com/google/guava/listenablefuture/9999.0-empty-to-avoid-conflict-with-guava/listenablefuture-9999.0-empty-to-avoid-conflict-with-guava.jar:/home/runner/.m2/repository/com/google/code/findbugs/jsr305/3.0.0/jsr305-3.0.0.jar:/home/runner/.m2/repository/org/checkerframework/checker-qual/3.8.0/checker-qual-3.8.0.jar:/home/runner/.m2/repository/com/google/errorprone/error_prone_annotations/2.2.0/error_prone_annotations-2.2.0.jar:/home/runner/.m2/repository/com/google/j2objc/j2objc-annotations/1.3/j2objc-annotations-1.3.jar:/home/runner/.m2/repository/commons-io/commons-io/2.11.0/commons-io-2.11.0.jar:/home/runner/.m2/repository/commons-logging/commons-logging/1.2/commons-logging-1.2.jar:/home/runner/.m2/repository/log4j/log4j/1.2.17/log4j-1.2.17.jar:/home/runner/.m2/repository/org/slf4j/slf4j-api/1.7.30/slf4j-api-1.7.30.jar:/home/runner/.m2/repository/org/apache/ozone/hdds-server-scm/1.3.0-SNAPSHOT/hdds-server-scm-1.3.0-SNAPSHOT.jar:/home/runner/.m2/repository/org/apache/ozone/hdds-container-service/1.3.0-SNAPSHOT/hdds-container-service-1.3.0-SNAPSHOT.jar:/home/runner/.m2/repository/org/apache/ozone/hdds-hadoop-dependency-server/1.3.0-SNAPSHOT/hdds-hadoop-dependency-server-1.3.0-SNAPSHOT.jar:/home/runner/.m2/repository/org/apache/hadoop/hadoop-hdfs/3.3.1/hadoop-hdfs-3.3.1.jar:/home/runner/.m2/repository/org/apache/ozone/hdds-server-framework/1.3.0-SNAPSHOT/hdds-server-framework-1.3.0-SNAPSHOT.jar:/home/runner/.m2/repository/org/apache/ozone/hdds-interface-server/1.3.0-SNAPSHOT/hdds-interface-server-1.3.0-SNAPSHOT.jar:/home/runner/.m2/repository/org/eclipse/jetty/jetty-servlet/9.4.43.v20210629/jetty-servlet-9.4.43.v20210629.jar:/home/runner/.m2/repository/org/eclipse/jetty/jetty-security/9.4.43.v20210629/jetty-security-9.4.43.v20210629.jar:/home/runner/.m2/repository/org/rocksdb/rocksdbjni/6.25.3/rocksdbjni-6.25.3.jar:/home/runner/.m2/repository/io/prometheus/simpleclient_dropwizard/0.7.0/simpleclient_dropwizard-0.7.0.jar:/home/runner/.m2/repository/io/prometheus/simpleclient/0.7.0/simpleclient-0.7.0.jar:/home/runner/.m2/repository/io/prometheus/simpleclient_common/0.7.0/simpleclient_common-0.7.0.jar:/home/runner/.m2/repository/com/fasterxml/jackson/datatype/jackson-datatype-jsr310/2.12.1/jackson-datatype-jsr310-2.12.1.jar:/home/runner/.m2/repository/io/dropwizard/metrics/metrics-core/3.2.4/metrics-core-3.2.4.jar:/home/runner/.m2/repository/org/apache/hadoop/hadoop-hdfs-client/3.3.1/hadoop-hdfs-client-3.3.1.jar:/home/runner/.m2/repository/org/bouncycastle/bcprov-jdk15on/1.67/bcprov-jdk15on-1.67.jar:/home/runner/.m2/repository/com/google/protobuf/protobuf-java/2.5.0/protobuf-java-2.5.0.jar:/home/runner/.m2/repository/org/apache/ozone/ozone-manager/1.3.0-SNAPSHOT/ozone-manager-1.3.0-SNAPSHOT.jar:/home/runner/.m2/repository/org/aspectj/aspectjrt/1.9.7/aspectjrt-1.9.7.jar:/home/runner/.m2/repository/org/aspectj/aspectjweaver/1.9.7/aspectjweaver-1.9.7.jar:/home/runner/.m2/repository/org/apache/ozone/hdds-interface-client/1.3.0-SNAPSHOT/hdds-interface-client-1.3.0-SNAPSHOT.jar:/home/runner/.m2/repository/org/apache/hadoop/thirdparty/hadoop-shaded-protobuf_3_7/1.1.1/hadoop-shaded-protobuf_3_7-1.1.1.jar:/home/runner/.m2/repository/org/apache/ozone/ozone-interface-storage/1.3.0-SNAPSHOT/ozone-interface-storage-1.3.0-SNAPSHOT.jar:/home/runner/.m2/repository/org/reflections/reflections/0.9.11/reflections-0.9.11.jar:/home/runner/.m2/repository/org/apache/hadoop/hadoop-minikdc/3.3.1/hadoop-minikdc-3.3.1.jar:/home/runner/.m2/repository/org/apache/kerby/kerb-simplekdc/1.0.1/kerb-simplekdc-1.0.1.jar:/home/runner/.m2/repository/org/apache/kerby/kerb-client/1.0.1/kerb-client-1.0.1.jar:/home/runner/.m2/repository/org/apache/kerby/kerby-config/1.0.1/kerby-config-1.0.1.jar:/home/runner/.m2/repository/org/apache/kerby/kerb-common/1.0.1/kerb-common-1.0.1.jar:/home/runner/.m2/repository/org/apache/kerby/kerb-crypto/1.0.1/kerb-crypto-1.0.1.jar:/home/runner/.m2/repository/org/apache/kerby/kerb-util/1.0.1/kerb-util-1.0.1.jar:/home/runner/.m2/repository/org/apache/kerby/token-provider/1.0.1/token-provider-1.0.1.jar:/home/runner/.m2/repository/org/apache/kerby/kerb-admin/1.0.1/kerb-admin-1.0.1.jar:/home/runner/.m2/repository/org/apache/kerby/kerb-server/1.0.1/kerb-server-1.0.1.jar:/home/runner/.m2/repository/org/apache/kerby/kerb-identity/1.0.1/kerb-identity-1.0.1.jar:/home/runner/.m2/repository/org/apache/kerby/kerby-xdr/1.0.1/kerby-xdr-1.0.1.jar:/home/runner/.m2/repository/org/slf4j/slf4j-log4j12/1.7.30/slf4j-log4j12-1.7.30.jar:/home/runner/.m2/repository/org/apache/ozone/ozone-s3gateway/1.3.0-SNAPSHOT/ozone-s3gateway-1.3.0-SNAPSHOT.jar:/home/runner/.m2/repository/org/javassist/javassist/3.21.0-GA/javassist-3.21.0-GA.jar:/home/runner/.m2/repository/org/jboss/weld/servlet/weld-servlet/2.4.7.Final/weld-servlet-2.4.7.Final.jar:/home/runner/.m2/repository/org/glassfish/jersey/containers/jersey-container-servlet-core/2.33/jersey-container-servlet-core-2.33.jar:/home/runner/.m2/repository/org/glassfish/hk2/external/jakarta.inject/2.6.1/jakarta.inject-2.6.1.jar:/home/runner/.m2/repository/org/glassfish/jersey/core/jersey-common/2.33/jersey-common-2.33.jar:/home/runner/.m2/repository/jakarta/ws/rs/jakarta.ws.rs-api/2.1.6/jakarta.ws.rs-api-2.1.6.jar:/home/runner/.m2/repository/org/glassfish/jersey/ext/cdi/jersey-cdi1x/2.33/jersey-cdi1x-2.33.jar:/home/runner/.m2/repository/org/glassfish/jersey/inject/jersey-hk2/2.33/jersey-hk2-2.33.jar:/home/runner/.m2/repository/org/glassfish/hk2/hk2-locator/2.6.1/hk2-locator-2.6.1.jar:/home/runner/.m2/repository/org/glassfish/jersey/media/jersey-media-jaxb/2.33/jersey-media-jaxb-2.33.jar:/home/runner/.m2/repository/org/glassfish/hk2/osgi-resource-locator/1.0.3/osgi-resource-locator-1.0.3.jar:/home/runner/.m2/repository/org/glassfish/hk2/hk2-api/2.5.0/hk2-api-2.5.0.jar:/home/runner/.m2/repository/org/glassfish/hk2/hk2-utils/2.5.0/hk2-utils-2.5.0.jar:/home/runner/.m2/repository/org/glassfish/hk2/external/aopalliance-repackaged/2.5.0/aopalliance-repackaged-2.5.0.jar:/home/runner/.m2/repository/com/fasterxml/jackson/dataformat/jackson-dataformat-xml/2.12.1/jackson-dataformat-xml-2.12.1.jar:/home/runner/.m2/repository/com/fasterxml/jackson/core/jackson-core/2.12.1/jackson-core-2.12.1.jar:/home/runner/.m2/repository/com/fasterxml/jackson/module/jackson-module-jaxb-annotations/2.12.1/jackson-module-jaxb-annotations-2.12.1.jar:/home/runner/.m2/repository/jakarta/xml/bind/jakarta.xml.bind-api/2.3.2/jakarta.xml.bind-api-2.3.2.jar:/home/runner/.m2/repository/org/codehaus/woodstox/stax2-api/3.1.4/stax2-api-3.1.4.jar:/home/runner/.m2/repository/com/fasterxml/woodstox/woodstox-core/5.0.3/woodstox-core-5.0.3.jar:/home/runner/.m2/repository/javax/enterprise/cdi-api/1.2/cdi-api-1.2.jar:/home/runner/.m2/repository/javax/el/javax.el-api/3.0.0/javax.el-api-3.0.0.jar:/home/runner/.m2/repository/javax/interceptor/javax.interceptor-api/1.2/javax.interceptor-api-1.2.jar:/home/runner/.m2/repository/javax/inject/javax.inject/1/javax.inject-1.jar:/home/runner/.m2/repository/javax/xml/bind/jaxb-api/2.3.0/jaxb-api-2.3.0.jar:/home/runner/.m2/repository/org/glassfish/jaxb/jaxb-runtime/2.3.0.1/jaxb-runtime-2.3.0.1.jar:/home/runner/.m2/repository/org/glassfish/jaxb/jaxb-core/2.3.0.1/jaxb-core-2.3.0.1.jar:/home/runner/.m2/repository/org/glassfish/jaxb/txw2/2.3.0.1/txw2-2.3.0.1.jar:/home/runner/.m2/repository/com/sun/istack/istack-commons-runtime/3.0.5/istack-commons-runtime-3.0.5.jar:/home/runner/.m2/repository/org/jvnet/staxex/stax-ex/1.7.8/stax-ex-1.7.8.jar:/home/runner/.m2/repository/com/sun/xml/fastinfoset/FastInfoset/1.2.13/FastInfoset-1.2.13.jar:/home/runner/.m2/repository/javax/activation/activation/1.1.1/activation-1.1.1.jar:/home/runner/.m2/repository/org/apache/ozone/ozone-csi/1.3.0-SNAPSHOT/ozone-csi-1.3.0-SNAPSHOT.jar:/home/runner/.m2/repository/com/google/protobuf/protobuf-java-util/3.12.0/protobuf-java-util-3.12.0.jar:/home/runner/.m2/repository/com/google/code/gson/gson/2.2.4/gson-2.2.4.jar:/home/runner/.m2/repository/org/apache/ozone/hdds-config/1.3.0-SNAPSHOT/hdds-config-1.3.0-SNAPSHOT.jar:/home/runner/.m2/repository/io/grpc/grpc-netty/1.33.0/grpc-netty-1.33.0.jar:/home/runner/.m2/repository/io/grpc/grpc-core/1.33.0/grpc-core-1.33.0.jar:/home/runner/.m2/repository/com/google/android/annotations/4.1.1.4/annotations-4.1.1.4.jar:/home/runner/.m2/repository/io/netty/netty-codec-http2/4.1.63.Final/netty-codec-http2-4.1.63.Final.jar:/home/runner/.m2/repository/io/netty/netty-codec-http/4.1.63.Final/netty-codec-http-4.1.63.Final.jar:/home/runner/.m2/repository/io/netty/netty-handler-proxy/4.1.63.Final/netty-handler-proxy-4.1.63.Final.jar:/home/runner/.m2/repository/io/netty/netty-codec-socks/4.1.63.Final/netty-codec-socks-4.1.63.Final.jar:/home/runner/.m2/repository/io/perfmark/perfmark-api/0.19.0/perfmark-api-0.19.0.jar:/home/runner/.m2/repository/org/codehaus/mojo/animal-sniffer-annotations/1.18/animal-sniffer-annotations-1.18.jar:/home/runner/.m2/repository/io/netty/netty-transport-native-epoll/4.1.63.Final/netty-transport-native-epoll-4.1.63.Final.jar:/home/runner/.m2/repository/io/netty/netty-common/4.1.63.Final/netty-common-4.1.63.Final.jar:/home/runner/.m2/repository/io/netty/netty-buffer/4.1.63.Final/netty-buffer-4.1.63.Final.jar:/home/runner/.m2/repository/io/netty/netty-transport-native-unix-common/4.1.63.Final/netty-transport-native-unix-common-4.1.63.Final.jar:/home/runner/.m2/repository/io/grpc/grpc-protobuf/1.33.0/grpc-protobuf-1.33.0.jar:/home/runner/.m2/repository/io/grpc/grpc-api/1.33.0/grpc-api-1.33.0.jar:/home/runner/.m2/repository/io/grpc/grpc-context/1.33.0/grpc-context-1.33.0.jar:/home/runner/.m2/repository/com/google/api/grpc/proto-google-common-protos/1.17.0/proto-google-common-protos-1.17.0.jar:/home/runner/.m2/repository/io/grpc/grpc-protobuf-lite/1.33.0/grpc-protobuf-lite-1.33.0.jar:/home/runner/.m2/repository/io/grpc/grpc-stub/1.33.0/grpc-stub-1.33.0.jar:/home/runner/.m2/repository/org/apache/ozone/ozone-recon/1.3.0-SNAPSHOT/ozone-recon-1.3.0-SNAPSHOT.jar:/home/runner/.m2/repository/org/apache/ozone/ozone-reconcodegen/1.3.0-SNAPSHOT/ozone-reconcodegen-1.3.0-SNAPSHOT.jar:/home/runner/.m2/repository/com/google/inject/extensions/guice-multibindings/4.0/guice-multibindings-4.0.jar:/home/runner/.m2/repository/com/google/inject/guice/4.0/guice-4.0.jar:/home/runner/.m2/repository/aopalliance/aopalliance/1.0/aopalliance-1.0.jar:/home/runner/.m2/repository/com/google/inject/extensions/guice-assistedinject/4.0/guice-assistedinject-4.0.jar:/home/runner/.m2/repository/com/google/inject/extensions/guice-servlet/4.0/guice-servlet-4.0.jar:/home/runner/.m2/repository/org/glassfish/jersey/containers/jersey-container-servlet/2.33/jersey-container-servlet-2.33.jar:/home/runner/.m2/repository/org/glassfish/hk2/guice-bridge/2.5.0/guice-bridge-2.5.0.jar:/home/runner/.m2/repository/org/glassfish/jersey/core/jersey-server/2.33/jersey-server-2.33.jar:/home/runner/.m2/repository/org/glassfish/jersey/core/jersey-client/2.33/jersey-client-2.33.jar:/home/runner/.m2/repository/jakarta/annotation/jakarta.annotation-api/1.3.5/jakarta.annotation-api-1.3.5.jar:/home/runner/.m2/repository/jakarta/validation/jakarta.validation-api/2.0.2/jakarta.validation-api-2.0.2.jar:/home/runner/.m2/repository/org/glassfish/jersey/media/jersey-media-json-jackson/2.33/jersey-media-json-jackson-2.33.jar:/home/runner/.m2/repository/org/glassfish/jersey/ext/jersey-entity-filtering/2.33/jersey-entity-filtering-2.33.jar:/home/runner/.m2/repository/org/jooq/jooq/3.11.10/jooq-3.11.10.jar:/home/runner/.m2/repository/org/jooq/jooq-meta/3.11.10/jooq-meta-3.11.10.jar:/home/runner/.m2/repository/org/jooq/jooq-codegen/3.11.10/jooq-codegen-3.11.10.jar:/home/runner/.m2/repository/com/jolbox/bonecp/0.8.0.RELEASE/bonecp-0.8.0.RELEASE.jar:/home/runner/.m2/repository/org/apache/derby/derby/10.14.2.0/derby-10.14.2.0.jar:/home/runner/.m2/repository/org/xerial/sqlite-jdbc/3.25.2/sqlite-jdbc-3.25.2.jar:/home/runner/.m2/repository/org/springframework/spring-jdbc/5.2.18.RELEASE/spring-jdbc-5.2.18.RELEASE.jar:/home/runner/.m2/repository/org/springframework/spring-beans/5.2.18.RELEASE/spring-beans-5.2.18.RELEASE.jar:/home/runner/.m2/repository/org/springframework/spring-core/5.2.18.RELEASE/spring-core-5.2.18.RELEASE.jar:/home/runner/.m2/repository/org/springframework/spring-jcl/5.2.18.RELEASE/spring-jcl-5.2.18.RELEASE.jar:/home/runner/.m2/repository/org/springframework/spring-tx/5.2.18.RELEASE/spring-tx-5.2.18.RELEASE.jar:/home/runner/.m2/repository/org/apache/ozone/ozone-client/1.3.0-SNAPSHOT/ozone-client-1.3.0-SNAPSHOT.jar:/home/runner/.m2/repository/org/apache/ozone/ozone-filesystem/1.3.0-SNAPSHOT/ozone-filesystem-1.3.0-SNAPSHOT.jar:/home/runner/.m2/repository/org/apache/ozone/ozone-filesystem-common/1.3.0-SNAPSHOT/ozone-filesystem-common-1.3.0-SNAPSHOT.jar:/home/runner/.m2/repository/org/apache/ozone/ozone-tools/1.3.0-SNAPSHOT/ozone-tools-1.3.0-SNAPSHOT.jar:/home/runner/.m2/repository/org/apache/ratis/ratis-tools/2.2.0/ratis-tools-2.2.0.jar:/home/runner/.m2/repository/com/amazonaws/aws-java-sdk-core/1.12.124/aws-java-sdk-core-1.12.124.jar:/home/runner/.m2/repository/org/apache/httpcomponents/httpclient/4.5.13/httpclient-4.5.13.jar:/home/runner/.m2/repository/org/apache/httpcomponents/httpcore/4.4.13/httpcore-4.4.13.jar:/home/runner/.m2/repository/software/amazon/ion/ion-java/1.0.2/ion-java-1.0.2.jar:/home/runner/.m2/repository/com/fasterxml/jackson/dataformat/jackson-dataformat-cbor/2.12.1/jackson-dataformat-cbor-2.12.1.jar:/home/runner/.m2/repository/joda-time/joda-time/2.8.1/joda-time-2.8.1.jar:/home/runner/.m2/repository/com/amazonaws/aws-java-sdk-s3/1.12.124/aws-java-sdk-s3-1.12.124.jar:/home/runner/.m2/repository/com/amazonaws/aws-java-sdk-kms/1.12.124/aws-java-sdk-kms-1.12.124.jar:/home/runner/.m2/repository/com/amazonaws/jmespath-java/1.12.124/jmespath-java-1.12.124.jar:/home/runner/.m2/repository/org/kohsuke/metainf-services/metainf-services/1.8/metainf-services-1.8.jar:/home/runner/.m2/repository/org/apache/ozone/hdds-tools/1.3.0-SNAPSHOT/hdds-tools-1.3.0-SNAPSHOT.jar:/home/runner/.m2/repository/commons-cli/commons-cli/1.2/commons-cli-1.2.jar:/home/runner/.m2/repository/org/apache/commons/commons-lang3/3.7/commons-lang3-3.7.jar:/home/runner/.m2/repository/org/apache/ozone/ozone-manager/1.3.0-SNAPSHOT/ozone-manager-1.3.0-SNAPSHOT-tests.jar:/home/runner/.m2/repository/org/apache/ozone/hdds-common/1.3.0-SNAPSHOT/hdds-common-1.3.0-SNAPSHOT-tests.jar:/home/runner/.m2/repository/org/apache/ozone/hdds-hadoop-dependency-client/1.3.0-SNAPSHOT/hdds-hadoop-dependency-client-1.3.0-SNAPSHOT.jar:/home/runner/.m2/repository/info/picocli/picocli/4.6.1/picocli-4.6.1.jar:/home/runner/.m2/repository/com/fasterxml/jackson/core/jackson-annotations/2.12.1/jackson-annotations-2.12.1.jar:/home/runner/.m2/repository/javax/annotation/javax.annotation-api/1.2/javax.annotation-api-1.2.jar:/home/runner/.m2/repository/org/apache/ratis/ratis-server/2.2.0/ratis-server-2.2.0.jar:/home/runner/.m2/repository/org/apache/ratis/ratis-client/2.2.0/ratis-client-2.2.0.jar:/home/runner/.m2/repository/org/apache/ratis/ratis-server-api/2.2.0/ratis-server-api-2.2.0.jar:/home/runner/.m2/repository/org/apache/ratis/ratis-metrics/2.2.0/ratis-metrics-2.2.0.jar:/home/runner/.m2/repository/org/apache/ratis/ratis-netty/2.2.0/ratis-netty-2.2.0.jar:/home/runner/.m2/repository/org/apache/ratis/ratis-grpc/2.2.0/ratis-grpc-2.2.0.jar:/home/runner/.m2/repository/org/apache/logging/log4j/log4j-api/2.17.1/log4j-api-2.17.1.jar:/home/runner/.m2/repository/org/apache/logging/log4j/log4j-core/2.17.1/log4j-core-2.17.1.jar:/home/runner/.m2/repository/com/lmax/disruptor/3.4.2/disruptor-3.4.2.jar:/home/runner/.m2/repository/org/apache/commons/commons-pool2/2.6.0/commons-pool2-2.6.0.jar:/home/runner/.m2/repository/org/bouncycastle/bcpkix-jdk15on/1.67/bcpkix-jdk15on-1.67.jar:/home/runner/.m2/repository/commons-validator/commons-validator/1.6/commons-validator-1.6.jar:/home/runner/.m2/repository/commons-beanutils/commons-beanutils/1.9.4/commons-beanutils-1.9.4.jar:/home/runner/.m2/repository/commons-digester/commons-digester/1.8.1/commons-digester-1.8.1.jar:/home/runner/.m2/repository/commons-collections/commons-collections/3.2.2/commons-collections-3.2.2.jar:/home/runner/.m2/repository/io/jaegertracing/jaeger-client/1.6.0/jaeger-client-1.6.0.jar:/home/runner/.m2/repository/io/jaegertracing/jaeger-thrift/1.6.0/jaeger-thrift-1.6.0.jar:/home/runner/.m2/repository/org/apache/thrift/libthrift/0.14.1/libthrift-0.14.1.jar:/home/runner/.m2/repository/com/squareup/okhttp3/okhttp/4.9.0/okhttp-4.9.0.jar:/home/runner/.m2/repository/com/squareup/okio/okio/2.8.0/okio-2.8.0.jar:/home/runner/.m2/repository/io/jaegertracing/jaeger-core/1.6.0/jaeger-core-1.6.0.jar:/home/runner/.m2/repository/io/jaegertracing/jaeger-tracerresolver/1.6.0/jaeger-tracerresolver-1.6.0.jar:/home/runner/.m2/repository/io/opentracing/contrib/opentracing-tracerresolver/0.1.8/opentracing-tracerresolver-0.1.8.jar:/home/runner/.m2/repository/org/jetbrains/kotlin/kotlin-stdlib/1.4.31/kotlin-stdlib-1.4.31.jar:/home/runner/.m2/repository/org/jetbrains/kotlin/kotlin-stdlib-common/1.4.31/kotlin-stdlib-common-1.4.31.jar:/home/runner/.m2/repository/org/jetbrains/annotations/13.0/annotations-13.0.jar:/home/runner/.m2/repository/io/opentracing/opentracing-util/0.33.0/opentracing-util-0.33.0.jar:/home/runner/.m2/repository/io/opentracing/opentracing-api/0.33.0/opentracing-api-0.33.0.jar:/home/runner/.m2/repository/io/opentracing/opentracing-noop/0.33.0/opentracing-noop-0.33.0.jar:/home/runner/.m2/repository/org/yaml/snakeyaml/1.26/snakeyaml-1.26.jar:/home/runner/.m2/repository/org/apache/ozone/hdds-interface-admin/1.3.0-SNAPSHOT/hdds-interface-admin-1.3.0-SNAPSHOT.jar:/home/runner/.m2/repository/junit/junit/4.13.1/junit-4.13.1.jar:/home/runner/.m2/repository/org/hamcrest/hamcrest-core/1.3/hamcrest-core-1.3.jar:/home/runner/.m2/repository/org/junit/jupiter/junit-jupiter-api/5.7.0/junit-jupiter-api-5.7.0.jar:/home/runner/.m2/repository/org/apiguardian/apiguardian-api/1.1.0/apiguardian-api-1.1.0.jar:/home/runner/.m2/repository/org/opentest4j/opentest4j/1.2.0/opentest4j-1.2.0.jar:/home/runner/.m2/repository/org/junit/platform/junit-platform-commons/1.7.0/junit-platform-commons-1.7.0.jar:/home/runner/.m2/repository/org/junit/jupiter/junit-jupiter-engine/5.7.0/junit-jupiter-engine-5.7.0.jar:/home/runner/.m2/repository/org/junit/platform/junit-platform-engine/1.7.0/junit-platform-engine-1.7.0.jar:/home/runner/.m2/repository/org/junit/vintage/junit-vintage-engine/5.7.0/junit-vintage-engine-5.7.0.jar:/home/runner/.m2/repository/org/junit/platform/junit-platform-launcher/1.7.0/junit-platform-launcher-1.7.0.jar:/home/runner/.m2/repository/org/mockito/mockito-core/2.28.2/mockito-core-2.28.2.jar:/home/runner/.m2/repository/net/bytebuddy/byte-buddy/1.9.10/byte-buddy-1.9.10.jar:/home/runner/.m2/repository/net/bytebuddy/byte-buddy-agent/1.9.10/byte-buddy-agent-1.9.10.jar:/home/runner/.m2/repository/org/objenesis/objenesis/1.0/objenesis-1.0.jar:/home/runner/.m2/repository/org/apache/hadoop/hadoop-kms/3.3.1/hadoop-kms-3.3.1.jar:/home/runner/.m2/repository/org/apache/hadoop/hadoop-auth/3.3.1/hadoop-auth-3.3.1.jar:/home/runner/.m2/repository/com/nimbusds/nimbus-jose-jwt/7.9/nimbus-jose-jwt-7.9.jar:/home/runner/.m2/repository/com/github/stephenc/jcip/jcip-annotations/1.0-1/jcip-annotations-1.0-1.jar:/home/runner/.m2/repository/net/minidev/json-smart/2.3.1/json-smart-2.3.1.jar:/home/runner/.m2/repository/net/minidev/accessors-smart/2.3.1/accessors-smart-2.3.1.jar:/home/runner/.m2/repository/org/ow2/asm/asm/5.0.4/asm-5.0.4.jar:/home/runner/.m2/repository/org/apache/zookeeper/zookeeper/3.5.6/zookeeper-3.5.6.jar:/home/runner/.m2/repository/org/apache/zookeeper/zookeeper-jute/3.5.6/zookeeper-jute-3.5.6.jar:/home/runner/.m2/repository/org/apache/yetus/audience-annotations/0.5.0/audience-annotations-0.5.0.jar:/home/runner/.m2/repository/org/apache/curator/curator-framework/4.2.0/curator-framework-4.2.0.jar:/home/runner/.m2/repository/org/apache/hadoop/thirdparty/hadoop-shaded-guava/1.1.1/hadoop-shaded-guava-1.1.1.jar:/home/runner/.m2/repository/com/sun/jersey/jersey-core/1.19/jersey-core-1.19.jar:/home/runner/.m2/repository/javax/ws/rs/jsr311-api/1.1.1/jsr311-api-1.1.1.jar:/home/runner/.m2/repository/com/sun/jersey/jersey-server/1.19/jersey-server-1.19.jar:/home/runner/.m2/repository/javax/servlet/javax.servlet-api/3.1.0/javax.servlet-api-3.1.0.jar:/home/runner/.m2/repository/org/eclipse/jetty/jetty-server/9.4.43.v20210629/jetty-server-9.4.43.v20210629.jar:/home/runner/.m2/repository/org/eclipse/jetty/jetty-http/9.4.43.v20210629/jetty-http-9.4.43.v20210629.jar:/home/runner/.m2/repository/org/eclipse/jetty/jetty-io/9.4.43.v20210629/jetty-io-9.4.43.v20210629.jar:/home/runner/.m2/repository/org/eclipse/jetty/jetty-webapp/9.4.43.v20210629/jetty-webapp-9.4.43.v20210629.jar:/home/runner/.m2/repository/org/eclipse/jetty/jetty-xml/9.4.43.v20210629/jetty-xml-9.4.43.v20210629.jar:/home/runner/.m2/repository/org/apache/hadoop/hadoop-common/3.3.1/hadoop-common-3.3.1.jar:/home/runner/.m2/repository/org/apache/commons/commons-math3/3.1.1/commons-math3-3.1.1.jar:/home/runner/.m2/repository/commons-net/commons-net/3.6/commons-net-3.6.jar:/home/runner/.m2/repository/jakarta/activation/jakarta.activation-api/1.2.1/jakarta.activation-api-1.2.1.jar:/home/runner/.m2/repository/com/sun/jersey/jersey-servlet/1.19/jersey-servlet-1.19.jar:/home/runner/.m2/repository/com/sun/jersey/jersey-json/1.19/jersey-json-1.19.jar:/home/runner/.m2/repository/org/codehaus/jettison/jettison/1.1/jettison-1.1.jar:/home/runner/.m2/repository/com/sun/xml/bind/jaxb-impl/2.2.3-1/jaxb-impl-2.2.3-1.jar:/home/runner/.m2/repository/org/codehaus/jackson/jackson-jaxrs/1.9.2/jackson-jaxrs-1.9.2.jar:/home/runner/.m2/repository/org/codehaus/jackson/jackson-xc/1.9.2/jackson-xc-1.9.2.jar:/home/runner/.m2/repository/org/apache/commons/commons-configuration2/2.1.1/commons-configuration2-2.1.1.jar:/home/runner/.m2/repository/org/apache/commons/commons-text/1.4/commons-text-1.4.jar:/home/runner/.m2/repository/com/google/re2j/re2j/1.1/re2j-1.1.jar:/home/runner/.m2/repository/com/jcraft/jsch/0.1.54/jsch-0.1.54.jar:/home/runner/.m2/repository/org/apache/curator/curator-client/4.2.0/curator-client-4.2.0.jar:/home/runner/.m2/repository/org/apache/curator/curator-recipes/4.2.0/curator-recipes-4.2.0.jar:/home/runner/.m2/repository/org/apache/kerby/kerb-core/1.0.1/kerb-core-1.0.1.jar:/home/runner/.m2/repository/org/apache/kerby/kerby-pkix/1.0.1/kerby-pkix-1.0.1.jar:/home/runner/.m2/repository/org/apache/kerby/kerby-asn1/1.0.1/kerby-asn1-1.0.1.jar:/home/runner/.m2/repository/org/apache/kerby/kerby-util/1.0.1/kerby-util-1.0.1.jar:/home/runner/.m2/repository/dnsjava/dnsjava/2.1.7/dnsjava-2.1.7.jar:/home/runner/.m2/repository/org/xerial/snappy/snappy-java/1.1.8.2/snappy-java-1.1.8.2.jar:/home/runner/.m2/repository/org/slf4j/jul-to-slf4j/1.7.30/jul-to-slf4j-1.7.30.jar:/home/runner/.m2/repository/org/eclipse/jetty/jetty-util/9.4.43.v20210629/jetty-util-9.4.43.v20210629.jar:/home/runner/.m2/repository/com/fasterxml/jackson/core/jackson-databind/2.12.1/jackson-databind-2.12.1.jar:/home/runner/.m2/repository/org/apache/hadoop/hadoop-kms/3.3.1/hadoop-kms-3.3.1-tests.jar:/home/runner/.m2/repository/org/apache/ozone/hdds-server-scm/1.3.0-SNAPSHOT/hdds-server-scm-1.3.0-SNAPSHOT-tests.jar:/home/runner/.m2/repository/org/apache/ozone/hdds-container-service/1.3.0-SNAPSHOT/hdds-container-service-1.3.0-SNAPSHOT-tests.jar:/home/runner/.m2/repository/commons-codec/commons-codec/1.11/commons-codec-1.11.jar:/home/runner/.m2/repository/io/netty/netty-transport/4.1.63.Final/netty-transport-4.1.63.Final.jar:/home/runner/.m2/repository/io/netty/netty-resolver/4.1.63.Final/netty-resolver-4.1.63.Final.jar:/home/runner/.m2/repository/io/netty/netty-codec/4.1.63.Final/netty-codec-4.1.63.Final.jar:/home/runner/.m2/repository/io/netty/netty-handler/4.1.63.Final/netty-handler-4.1.63.Final.jar:/home/runner/.m2/repository/org/apache/ozone/hdds-hadoop-dependency-test/1.3.0-SNAPSHOT/hdds-hadoop-dependency-test-1.3.0-SNAPSHOT.jar:/home/runner/.m2/repository/org/apache/hadoop/hadoop-common/3.3.1/hadoop-common-3.3.1-tests.jar:/home/runner/.m2/repository/org/assertj/assertj-core/3.12.2/assertj-core-3.12.2.jar:/home/runner/.m2/repository/org/apache/hadoop/hadoop-hdfs/3.3.1/hadoop-hdfs-3.3.1-tests.jar:/home/runner/.m2/repository/org/eclipse/jetty/jetty-util-ajax/9.4.43.v20210629/jetty-util-ajax-9.4.43.v20210629.jar:/home/runner/.m2/repository/commons-daemon/commons-daemon/1.0.13/commons-daemon-1.0.13.jar:/home/runner/.m2/repository/io/netty/netty/3.10.6.Final/netty-3.10.6.Final.jar:/home/runner/.m2/repository/io/netty/netty-all/4.1.63.Final/netty-all-4.1.63.Final.jar:/home/runner/.m2/repository/org/apache/htrace/htrace-core4/4.1.0-incubating/htrace-core4-4.1.0-incubating.jar:/home/runner/.m2/repository/org/fusesource/leveldbjni/leveldbjni-all/1.8/leveldbjni-all-1.8.jar:/home/runner/.m2/repository/org/apache/hadoop/hadoop-distcp/3.3.1/hadoop-distcp-3.3.1.jar:/home/runner/.m2/repository/org/apache/hadoop/hadoop-mapreduce-client-jobclient/3.3.1/hadoop-mapreduce-client-jobclient-3.3.1.jar:/home/runner/.m2/repository/org/apache/hadoop/hadoop-mapreduce-client-common/3.3.1/hadoop-mapreduce-client-common-3.3.1.jar:/home/runner/.m2/repository/org/apache/hadoop/hadoop-yarn-common/3.3.1/hadoop-yarn-common-3.3.1.jar:/home/runner/.m2/repository/org/apache/hadoop/hadoop-yarn-api/3.3.1/hadoop-yarn-api-3.3.1.jar:/home/runner/.m2/repository/com/sun/jersey/jersey-client/1.19/jersey-client-1.19.jar:/home/runner/.m2/repository/com/sun/jersey/contribs/jersey-guice/1.19/jersey-guice-1.19.jar:/home/runner/.m2/repository/com/fasterxml/jackson/jaxrs/jackson-jaxrs-json-provider/2.12.1/jackson-jaxrs-json-provider-2.12.1.jar:/home/runner/.m2/repository/com/fasterxml/jackson/jaxrs/jackson-jaxrs-base/2.12.1/jackson-jaxrs-base-2.12.1.jar:/home/runner/.m2/repository/org/apache/hadoop/hadoop-yarn-client/3.3.1/hadoop-yarn-client-3.3.1.jar:/home/runner/.m2/repository/org/eclipse/jetty/websocket/websocket-client/9.4.40.v20210413/websocket-client-9.4.40.v20210413.jar:/home/runner/.m2/repository/org/eclipse/jetty/jetty-client/9.4.40.v20210413/jetty-client-9.4.40.v20210413.jar:/home/runner/.m2/repository/org/eclipse/jetty/websocket/websocket-common/9.4.40.v20210413/websocket-common-9.4.40.v20210413.jar:/home/runner/.m2/repository/org/eclipse/jetty/websocket/websocket-api/9.4.40.v20210413/websocket-api-9.4.40.v20210413.jar:/home/runner/.m2/repository/org/jline/jline/3.9.0/jline-3.9.0.jar:/home/runner/.m2/repository/org/apache/hadoop/hadoop-mapreduce-client-core/3.3.1/hadoop-mapreduce-client-core-3.3.1.jar:/home/runner/.m2/repository/org/apache/avro/avro/1.7.7/avro-1.7.7.jar:/home/runner/.m2/repository/org/codehaus/jackson/jackson-core-asl/1.9.13/jackson-core-asl-1.9.13.jar:/home/runner/.m2/repository/org/codehaus/jackson/jackson-mapper-asl/1.9.13/jackson-mapper-asl-1.9.13.jar:/home/runner/.m2/repository/com/thoughtworks/paranamer/paranamer/2.3/paranamer-2.3.jar:/home/runner/.m2/repository/org/apache/hadoop/hadoop-annotations/3.3.1/hadoop-annotations-3.3.1.jar:/usr/lib/jvm/temurin-8-jdk-amd64/jre/../lib/tools.jar:/home/runner/.m2/repository/org/apache/hadoop/hadoop-distcp/3.3.1/hadoop-distcp-3.3.1-tests.jar:/home/runner/.m2/repository/org/apache/ratis/ratis-common/2.2.0/ratis-common-2.2.0.jar:/home/runner/.m2/repository/org/apache/ratis/ratis-thirdparty-misc/0.7.0/ratis-thirdparty-misc-0.7.0.jar:/home/runner/.m2/repository/org/apache/ratis/ratis-proto/2.2.0/ratis-proto-2.2.0.jar:"/>
    <property name="sun.cpu.endian" value="little"/>
    <property name="user.home" value="/home/runner"/>
    <property name="user.language" value="en"/>
    <property name="java.specification.vendor" value="Oracle Corporation"/>
    <property name="java.home" value="/usr/lib/jvm/temurin-8-jdk-amd64/jre"/>
    <property name="java.security.krb5.conf" value="/home/runner/work/ozone/ozone/hadoop-ozone/integration-test/target/test-classes/krb5.conf"/>
    <property name="basedir" value="/home/runner/work/ozone/ozone/hadoop-ozone/integration-test"/>
    <property name="file.separator" value="/"/>
    <property name="line.separator" value="&#10;"/>
    <property name="java.vm.specification.vendor" value="Oracle Corporation"/>
    <property name="java.specification.name" value="Java Platform API Specification"/>
    <property name="java.awt.graphicsenv" value="sun.awt.X11GraphicsEnvironment"/>
    <property name="skip.installnpx" value="true"/>
    <property name="surefire.real.class.path" value="/home/runner/work/ozone/ozone/hadoop-ozone/integration-test/target/surefire/surefirebooter6020894548659258322.jar:/home/runner/.m2/repository/org/jacoco/org.jacoco.agent/0.8.5/org.jacoco.agent-0.8.5-runtime.jar"/>
    <property name="hadoop.log.dir" value="/home/runner/work/ozone/ozone/hadoop-ozone/integration-test/target/log"/>
    <property name="sun.boot.class.path" value="/usr/lib/jvm/temurin-8-jdk-amd64/jre/lib/resources.jar:/usr/lib/jvm/temurin-8-jdk-amd64/jre/lib/rt.jar:/usr/lib/jvm/temurin-8-jdk-amd64/jre/lib/sunrsasign.jar:/usr/lib/jvm/temurin-8-jdk-amd64/jre/lib/jsse.jar:/usr/lib/jvm/temurin-8-jdk-amd64/jre/lib/jce.jar:/usr/lib/jvm/temurin-8-jdk-amd64/jre/lib/charsets.jar:/usr/lib/jvm/temurin-8-jdk-amd64/jre/lib/jfr.jar:/usr/lib/jvm/temurin-8-jdk-amd64/jre/classes"/>
    <property name="sun.management.compiler" value="HotSpot 64-Bit Tiered Compilers"/>
    <property name="skip.npx" value="true"/>
    <property name="java.runtime.version" value="1.8.0_312-b07"/>
    <property name="java.net.preferIPv4Stack" value="true"/>
    <property name="user.name" value="runner"/>
    <property name="path.separator" value=":"/>
    <property name="java.security.egd" value="file:///dev/urandom"/>
    <property name="os.version" value="5.4.0-1068-azure"/>
    <property name="java.endorsed.dirs" value="/usr/lib/jvm/temurin-8-jdk-amd64/jre/lib/endorsed"/>
    <property name="java.runtime.name" value="OpenJDK Runtime Environment"/>
    <property name="file.encoding" value="UTF-8"/>
    <property name="java.vm.name" value="OpenJDK 64-Bit Server VM"/>
    <property name="test.build.webapps" value=""/>
    <property name="localRepository" value="/home/runner/.m2/repository"/>
    <property name="java.vendor.url.bug" value="https://github.com/adoptium/adoptium-support/issues"/>
    <property name="java.io.tmpdir" value="/tmp"/>
    <property name="require.test.libhadoop" value=""/>
    <property name="java.version" value="1.8.0_312"/>
    <property name="user.dir" value="/home/runner/work/ozone/ozone/hadoop-ozone/integration-test"/>
    <property name="os.arch" value="amd64"/>
    <property name="java.vm.specification.name" value="Java Virtual Machine Specification"/>
    <property name="test.build.classes" value="/home/runner/work/ozone/ozone/hadoop-ozone/integration-test/target/test-classes"/>
    <property name="java.awt.printerjob" value="sun.print.PSPrinterJob"/>
    <property name="sun.os.patch.level" value="unknown"/>
    <property name="hadoop.tmp.dir" value="/home/runner/work/ozone/ozone/hadoop-ozone/integration-test/target/tmp"/>
    <property name="java.library.path" value="/usr/java/packages/lib/amd64:/usr/lib64:/lib64:/lib:/usr/lib"/>
    <property name="java.vm.info" value="mixed mode"/>
    <property name="java.vendor" value="Temurin"/>
    <property name="java.vm.version" value="25.312-b07"/>
    <property name="java.ext.dirs" value="/usr/lib/jvm/temurin-8-jdk-amd64/jre/lib/ext:/usr/java/packages/lib/ext"/>
    <property name="sun.io.unicode.encoding" value="UnicodeLittle"/>
    <property name="java.class.version" value="52.0"/>
  </properties>
  <testcase name="testDataNodeAndSCMFailuresTogetherDuringDataNodeUpgrade" classname="org.apache.hadoop.hdds.upgrade.TestHDDSUpgrade" time="0">
    <skipped/>
  </testcase>
  <testcase name="testDataNodeAndSCMFailuresTogetherDuringSCMUpgrade" classname="org.apache.hadoop.hdds.upgrade.TestHDDSUpgrade" time="0">
    <skipped/>
  </testcase>
  <testcase name="testScmFailuresAfterScmPostFinalizeUpgrade" classname="org.apache.hadoop.hdds.upgrade.TestHDDSUpgrade" time="53.025"/>
  <testcase name="testScmFailuresAfterScmPreFinalizeUpgrade" classname="org.apache.hadoop.hdds.upgrade.TestHDDSUpgrade" time="72.034">
    <failure message="Timeout waiting for Upgrade to complete on SCM." type="java.lang.AssertionError">java.lang.AssertionError: Timeout waiting for Upgrade to complete on SCM.
	at org.junit.Assert.fail(Assert.java:89)
	at org.apache.hadoop.hdds.upgrade.TestHDDSUpgrade.testPostUpgradeConditionsSCM(TestHDDSUpgrade.java:250)
	at org.apache.hadoop.hdds.upgrade.TestHDDSUpgrade.testFinalizationWithFailureInjectionHelper(TestHDDSUpgrade.java:1067)
	at org.apache.hadoop.hdds.upgrade.TestHDDSUpgrade.testScmFailuresAfterScmPreFinalizeUpgrade(TestHDDSUpgrade.java:694)
	at sun.reflect.NativeMethodAccessorImpl.invoke0(Native Method)
	at sun.reflect.NativeMethodAccessorImpl.invoke(NativeMethodAccessorImpl.java:62)
	at sun.reflect.DelegatingMethodAccessorImpl.invoke(DelegatingMethodAccessorImpl.java:43)
	at java.lang.reflect.Method.invoke(Method.java:498)
	at org.junit.runners.model.FrameworkMethod$1.runReflectiveCall(FrameworkMethod.java:59)
	at org.junit.internal.runners.model.ReflectiveCallable.run(ReflectiveCallable.java:12)
	at org.junit.runners.model.FrameworkMethod.invokeExplosively(FrameworkMethod.java:56)
	at org.junit.internal.runners.statements.InvokeMethod.evaluate(InvokeMethod.java:17)
	at org.junit.internal.runners.statements.RunBefores.evaluate(RunBefores.java:26)
	at org.junit.internal.runners.statements.RunAfters.evaluate(RunAfters.java:27)
	at org.junit.internal.runners.statements.FailOnTimeout$CallableStatement.call(FailOnTimeout.java:288)
	at org.junit.internal.runners.statements.FailOnTimeout$CallableStatement.call(FailOnTimeout.java:282)
	at java.util.concurrent.FutureTask.run(FutureTask.java:266)
	at java.lang.Thread.run(Thread.java:748)
</failure>
    <system-out><![CDATA[2022-02-04 12:59:27,778 [IPC Server listener on 0] INFO  ipc.Server (Server.java:run(1376)) - Stopping IPC Server listener on 0
2022-02-04 12:59:27,778 [IPC Server Responder] INFO  ipc.Server (Server.java:run(1512)) - Stopping IPC Server Responder
2022-02-04 12:59:27,779 [Time-limited test] INFO  ha.SequenceIdGenerator (SequenceIdGenerator.java:getNextId(127)) - Allocate a batch for containerId, change lastId from 0 to 1000.
2022-02-04 12:59:27,781 [Mini-Cluster-Provider-Reap] INFO  server.RaftServer (RaftServerProxy.java:lambda$close$6(391)) - om1: close
2022-02-04 12:59:27,785 [Mini-Cluster-Provider-Reap] INFO  server.RaftServer$Division (RaftServerImpl.java:lambda$close$4(412)) - om1@group-C5BA1605619E: shutdown
2022-02-04 12:59:27,785 [Mini-Cluster-Provider-Reap] INFO  util.JmxRegister (JmxRegister.java:unregister(73)) - Successfully un-registered JMX Bean with object name Ratis:service=RaftServer,group=group-C5BA1605619E,id=om1
2022-02-04 12:59:27,785 [Mini-Cluster-Provider-Reap] INFO  impl.RoleInfo (RoleInfo.java:shutdownLeaderState(91)) - om1: shutdown om1@group-C5BA1605619E-LeaderStateImpl
2022-02-04 12:59:27,786 [Mini-Cluster-Provider-Reap] INFO  impl.PendingRequests (PendingRequests.java:sendNotLeaderResponses(282)) - om1@group-C5BA1605619E-PendingRequests: sendNotLeaderResponses
2022-02-04 12:59:27,799 [Mini-Cluster-Provider-Reap] INFO  impl.StateMachineUpdater (StateMachineUpdater.java:stopAndJoin(149)) - om1@group-C5BA1605619E-StateMachineUpdater: set stopIndex = 8
2022-02-04 12:59:27,799 [om1@group-C5BA1605619E-StateMachineUpdater] INFO  ratis.OzoneManagerStateMachine (OzoneManagerStateMachine.java:takeSnapshot(417)) - Current Snapshot Index (t:1, i:8)
2022-02-04 12:59:27,800 [om1@group-C5BA1605619E-StateMachineUpdater] INFO  impl.StateMachineUpdater (StateMachineUpdater.java:takeSnapshot(281)) - om1@group-C5BA1605619E-StateMachineUpdater: Took a snapshot at index 8
2022-02-04 12:59:27,800 [om1@group-C5BA1605619E-StateMachineUpdater] INFO  impl.StateMachineUpdater (StateMachineUpdater.java:lambda$new$0(89)) - om1@group-C5BA1605619E-StateMachineUpdater: snapshotIndex: updateIncreasingly -1 -> 8
2022-02-04 12:59:27,801 [om1@group-C5BA1605619E-StateMachineUpdater] INFO  ratis.OzoneManagerStateMachine (OzoneManagerStateMachine.java:close(471)) - StateMachine has shutdown. Shutdown OzoneManager if not already shutdown.
2022-02-04 12:59:27,801 [Mini-Cluster-Provider-Reap] INFO  server.RaftServer$Division (ServerState.java:close(419)) - om1@group-C5BA1605619E: closes. applyIndex: 8
2022-02-04 12:59:27,803 [om1@group-C5BA1605619E-SegmentedRaftLogWorker] INFO  segmented.SegmentedRaftLogWorker (SegmentedRaftLogWorker.java:run(327)) - om1@group-C5BA1605619E-SegmentedRaftLogWorker was interrupted, exiting. There are 0 tasks remaining in the queue.
2022-02-04 12:59:27,806 [Mini-Cluster-Provider-Reap] INFO  segmented.SegmentedRaftLogWorker (SegmentedRaftLogWorker.java:close(237)) - om1@group-C5BA1605619E-SegmentedRaftLogWorker close()
2022-02-04 12:59:27,808 [Mini-Cluster-Provider-Reap] INFO  server.GrpcService (GrpcService.java:closeImpl(262)) - om1: shutdown server with port 35269 now
2022-02-04 12:59:27,810 [Mini-Cluster-Provider-Reap] INFO  server.GrpcService (GrpcService.java:closeImpl(271)) - om1: shutdown server with port 35269 successfully
2022-02-04 12:59:27,810 [org.apache.ratis.util.JvmPauseMonitor$$Lambda$545/901670684@10ccb309] INFO  util.JvmPauseMonitor (JvmPauseMonitor.java:run(109)) - JvmPauseMonitor-om1: Stopped
2022-02-04 12:59:27,811 [Mini-Cluster-Provider-Reap] INFO  ratis.OzoneManagerDoubleBuffer (OzoneManagerDoubleBuffer.java:stop(437)) - Stopping OMDoubleBuffer flush thread
2022-02-04 12:59:27,811 [OMDoubleBufferFlushThread] INFO  ratis.OzoneManagerDoubleBuffer (OzoneManagerDoubleBuffer.java:flushTransactions(356)) - OMDoubleBuffer flush thread OMDoubleBufferFlushThread is interrupted and will exit. OMDoubleBufferFlushThread
2022-02-04 12:59:27,813 [Mini-Cluster-Provider-Reap] INFO  utils.BackgroundService (BackgroundService.java:shutdown(132)) - Shutting down service KeyDeletingService
2022-02-04 12:59:27,815 [Mini-Cluster-Provider-Reap] INFO  utils.BackgroundService (BackgroundService.java:shutdown(132)) - Shutting down service DirectoryDeletingService
2022-02-04 12:59:27,818 [Mini-Cluster-Provider-Reap] INFO  handler.ContextHandler (ContextHandler.java:doStop(1153)) - Stopped o.e.j.w.WebAppContext@4125998e{ozoneManager,/,null,STOPPED}{file:/home/runner/work/ozone/ozone/hadoop-ozone/integration-test/target/test-classes/webapps/ozoneManager}
2022-02-04 12:59:27,818 [Mini-Cluster-Provider-Reap] INFO  server.AbstractConnector (AbstractConnector.java:doStop(381)) - Stopped ServerConnector@206eccfa{HTTP/1.1, (http/1.1)}{0.0.0.0:0}
2022-02-04 12:59:27,819 [Mini-Cluster-Provider-Reap] INFO  server.session (HouseKeeper.java:stopScavenging(149)) - node0 Stopped scavenging
2022-02-04 12:59:27,824 [Mini-Cluster-Provider-Reap] INFO  handler.ContextHandler (ContextHandler.java:doStop(1153)) - Stopped o.e.j.s.ServletContextHandler@55882169{static,/static,file:///home/runner/work/ozone/ozone/hadoop-ozone/integration-test/target/test-classes/webapps/static,STOPPED}
2022-02-04 12:59:27,825 [Mini-Cluster-Provider-Reap] INFO  handler.ContextHandler (ContextHandler.java:doStop(1153)) - Stopped o.e.j.s.ServletContextHandler@391bdaca{logs,/logs,file:///home/runner/work/ozone/ozone/hadoop-ozone/integration-test/target/log,STOPPED}
2022-02-04 12:59:27,851 [Mini-Cluster-Provider-Reap] INFO  ozone.MiniOzoneClusterImpl (MiniOzoneClusterImpl.java:stopDatanodes(511)) - Stopping the HddsDatanodes
2022-02-04 12:59:27,909 [Time-limited test] INFO  rpc.RpcClient (RpcClient.java:createVolume(399)) - Creating Volume: testhddsupgrade, with runner as owner and space quota set to -1 bytes, counts quota set to -1
2022-02-04 12:59:27,920 [OM StateMachine ApplyTransaction Thread - 0] INFO  volume.OMVolumeCreateRequest (OMVolumeCreateRequest.java:validateAndUpdateCache(195)) - created volume:testhddsupgrade for user:runner
2022-02-04 12:59:27,940 [Time-limited test] INFO  rpc.RpcClient (RpcClient.java:createBucket(562)) - Creating Bucket: testhddsupgrade/testhddsupgrade, with runner as owner and Versioning false and Storage Type set to DISK and Encryption set to false 
2022-02-04 12:59:27,954 [IPC Server handler 1 on default port 41377] WARN  ha.SequenceIdGenerator (SequenceIdGenerator.java:allocateBatch(235)) - Failed to allocate a batch for localId, expected lastId is 0, actual lastId is 109611004723200000.
2022-02-04 12:59:27,954 [IPC Server handler 1 on default port 41377] INFO  ha.SequenceIdGenerator (SequenceIdGenerator.java:getNextId(127)) - Allocate a batch for localId, change lastId from 109611004723200000 to 109611004723201000.
2022-02-04 12:59:28,003 [EventQueue-OpenPipelineForHealthyPipelineSafeModeRule] INFO  safemode.SCMSafeModeManager (HealthyPipelineSafeModeRule.java:process(124)) - SCM in safe mode. Healthy pipelines reported count is 0, required healthy pipeline reported count is 1
2022-02-04 12:59:28,065 [Time-limited test] INFO  upgrade.UpgradeFinalizer (BasicUpgradeFinalizer.java:logAndEmit(342)) - Finalization started.
2022-02-04 12:59:28,065 [Time-limited test] INFO  pipeline.BackgroundPipelineCreator (BackgroundPipelineCreator.java:stop(158)) - Stopping RatisPipelineUtilsThread.
2022-02-04 12:59:28,066 [Time-limited test] INFO  pipeline.PipelineManagerImpl (PipelineManagerImpl.java:closePipeline(365)) - Pipeline Pipeline[ Id: 030b25f1-cf8a-46dd-8a11-f9713bc8cc04, Nodes: 99ec0913-bcd1-4774-8e53-643ce8734cf6{ip: 10.1.0.52, host: fv-az116-891.vzw04321ajxubdbcnpick5nqva.xx.internal.cloudapp.net, ports: [REPLICATION=43877, RATIS=38161, RATIS_ADMIN=38161, RATIS_SERVER=38161, STANDALONE=41191], networkLocation: /default-rack, certSerialId: null, persistedOpState: IN_SERVICE, persistedOpStateExpiryEpochSec: 0}, ReplicationConfig: RATIS/ONE, State:OPEN, leaderId:99ec0913-bcd1-4774-8e53-643ce8734cf6, CreationTimestamp2022-02-04T12:59:08.446Z[Etc/UTC]] moved to CLOSED state
2022-02-04 12:59:28,066 [Time-limited test] INFO  pipeline.PipelineManagerImpl (PipelineManagerImpl.java:closePipeline(365)) - Pipeline Pipeline[ Id: 8a243daa-5b73-44e1-9f0a-bb28d28c7810, Nodes: cd33ab12-5c76-4090-ae9e-f8dc2a96321d{ip: 10.1.0.52, host: fv-az116-891.vzw04321ajxubdbcnpick5nqva.xx.internal.cloudapp.net, ports: [REPLICATION=44351, RATIS=40103, RATIS_ADMIN=40103, RATIS_SERVER=40103, STANDALONE=34851], networkLocation: /default-rack, certSerialId: null, persistedOpState: IN_SERVICE, persistedOpStateExpiryEpochSec: 0}, ReplicationConfig: RATIS/ONE, State:OPEN, leaderId:cd33ab12-5c76-4090-ae9e-f8dc2a96321d, CreationTimestamp2022-02-04T12:59:08.850Z[Etc/UTC]] moved to CLOSED state
2022-02-04 12:59:28,066 [Time-limited test] INFO  pipeline.PipelineManagerImpl (PipelineManagerImpl.java:closePipeline(365)) - Pipeline Pipeline[ Id: c45d4f00-a397-4cba-a2ad-7be1a07ca54a, Nodes: 4dd803c0-ea86-48ec-b5c9-2601c1b23b4d{ip: 10.1.0.52, host: fv-az116-891.vzw04321ajxubdbcnpick5nqva.xx.internal.cloudapp.net, ports: [REPLICATION=44173, RATIS=34153, RATIS_ADMIN=34153, RATIS_SERVER=34153, STANDALONE=46171], networkLocation: /default-rack, certSerialId: null, persistedOpState: IN_SERVICE, persistedOpStateExpiryEpochSec: 0}, ReplicationConfig: RATIS/ONE, State:OPEN, leaderId:4dd803c0-ea86-48ec-b5c9-2601c1b23b4d, CreationTimestamp2022-02-04T12:59:09.060Z[Etc/UTC]] moved to CLOSED state
2022-02-04 12:59:28,071 [Time-limited test] INFO  pipeline.PipelineManagerImpl (PipelineManagerImpl.java:closeContainersForPipeline(344)) - Container #1 closed for pipeline=PipelineID=9dfef911-82a6-4066-87a3-31b87afc2984
2022-02-04 12:59:28,071 [Time-limited test] INFO  pipeline.PipelineManagerImpl (PipelineManagerImpl.java:closeContainersForPipeline(344)) - Container #2 closed for pipeline=PipelineID=9dfef911-82a6-4066-87a3-31b87afc2984
2022-02-04 12:59:28,072 [Time-limited test] INFO  pipeline.PipelineManagerImpl (PipelineManagerImpl.java:closePipeline(365)) - Pipeline Pipeline[ Id: 9dfef911-82a6-4066-87a3-31b87afc2984, Nodes: 4dd803c0-ea86-48ec-b5c9-2601c1b23b4d{ip: 10.1.0.52, host: fv-az116-891.vzw04321ajxubdbcnpick5nqva.xx.internal.cloudapp.net, ports: [REPLICATION=44173, RATIS=34153, RATIS_ADMIN=34153, RATIS_SERVER=34153, STANDALONE=46171], networkLocation: /default-rack, certSerialId: null, persistedOpState: IN_SERVICE, persistedOpStateExpiryEpochSec: 0}cd33ab12-5c76-4090-ae9e-f8dc2a96321d{ip: 10.1.0.52, host: fv-az116-891.vzw04321ajxubdbcnpick5nqva.xx.internal.cloudapp.net, ports: [REPLICATION=44351, RATIS=40103, RATIS_ADMIN=40103, RATIS_SERVER=40103, STANDALONE=34851], networkLocation: /default-rack, certSerialId: null, persistedOpState: IN_SERVICE, persistedOpStateExpiryEpochSec: 0}99ec0913-bcd1-4774-8e53-643ce8734cf6{ip: 10.1.0.52, host: fv-az116-891.vzw04321ajxubdbcnpick5nqva.xx.internal.cloudapp.net, ports: [REPLICATION=43877, RATIS=38161, RATIS_ADMIN=38161, RATIS_SERVER=38161, STANDALONE=41191], networkLocation: /default-rack, certSerialId: null, persistedOpState: IN_SERVICE, persistedOpStateExpiryEpochSec: 0}, ReplicationConfig: RATIS/THREE, State:OPEN, leaderId:99ec0913-bcd1-4774-8e53-643ce8734cf6, CreationTimestamp2022-02-04T12:59:09.061Z[Etc/UTC]] moved to CLOSED state
2022-02-04 12:59:28,072 [Time-limited test] INFO  upgrade.UpgradeFinalizer (SCMUpgradeFinalizer.java:waitForAllPipelinesToDestroy(156)) - Waiting for all pipelines to close.
2022-02-04 12:59:28,072 [EventQueue-CloseContainerForCloseContainerEventHandler] INFO  container.CloseContainerEventHandler (CloseContainerEventHandler.java:onMessage(69)) - Close container Event triggered for container : #1
2022-02-04 12:59:28,072 [EventQueue-CloseContainerForCloseContainerEventHandler] INFO  container.CloseContainerEventHandler (CloseContainerEventHandler.java:onMessage(69)) - Close container Event triggered for container : #2
2022-02-04 12:59:28,203 [Listener at 127.0.0.1/43489] INFO  ozone.MiniOzoneClusterImpl (MiniOzoneClusterImpl.java:lambda$waitForClusterToBeReady$0(219)) - Nodes are ready. Got 3 of 3 DN Heartbeats.
2022-02-04 12:59:28,203 [Listener at 127.0.0.1/43489] INFO  ozone.MiniOzoneClusterImpl (MiniOzoneClusterImpl.java:lambda$waitForClusterToBeReady$0(222)) - Waiting for cluster to exit safe mode
2022-02-04 12:59:28,203 [Listener at 127.0.0.1/43489] INFO  ozone.MiniOzoneClusterImpl (MiniOzoneClusterImpl.java:lambda$waitForClusterToBeReady$0(224)) - SCM became leader
2022-02-04 12:59:28,317 [EventQueue-OpenPipelineForHealthyPipelineSafeModeRule] INFO  safemode.SCMSafeModeManager (HealthyPipelineSafeModeRule.java:process(124)) - SCM in safe mode. Healthy pipelines reported count is 0, required healthy pipeline reported count is 1
2022-02-04 12:59:29,203 [Listener at 127.0.0.1/43489] INFO  ozone.MiniOzoneClusterImpl (MiniOzoneClusterImpl.java:lambda$waitForClusterToBeReady$0(219)) - Nodes are ready. Got 3 of 3 DN Heartbeats.
2022-02-04 12:59:29,204 [Listener at 127.0.0.1/43489] INFO  ozone.MiniOzoneClusterImpl (MiniOzoneClusterImpl.java:lambda$waitForClusterToBeReady$0(222)) - Waiting for cluster to exit safe mode
2022-02-04 12:59:29,204 [Listener at 127.0.0.1/43489] INFO  ozone.MiniOzoneClusterImpl (MiniOzoneClusterImpl.java:lambda$waitForClusterToBeReady$0(224)) - SCM became leader
2022-02-04 12:59:29,502 [EventQueue-OpenPipelineForHealthyPipelineSafeModeRule] INFO  safemode.SCMSafeModeManager (HealthyPipelineSafeModeRule.java:process(124)) - SCM in safe mode. Healthy pipelines reported count is 0, required healthy pipeline reported count is 1
2022-02-04 12:59:29,529 [pool-235-thread-4] INFO  keyvalue.KeyValueContainer (KeyValueContainer.java:flushAndSyncDB(401)) - Container 1 is synced with bcsId 0.
2022-02-04 12:59:29,529 [pool-235-thread-4] INFO  keyvalue.KeyValueContainer (KeyValueContainer.java:flushAndSyncDB(401)) - Container 1 is synced with bcsId 0.
2022-02-04 12:59:29,533 [pool-235-thread-4] INFO  keyvalue.KeyValueContainer (KeyValueContainer.java:close(338)) - Container 1 is closed with bcsId 0.
2022-02-04 12:59:29,534 [EventQueue-IncrementalContainerReportForIncrementalContainerReportHandler] INFO  container.IncrementalContainerReportHandler (AbstractContainerReportHandler.java:updateContainerState(223)) - Moving container #1 to CLOSED state, datanode 99ec0913-bcd1-4774-8e53-643ce8734cf6{ip: 10.1.0.52, host: fv-az116-891.vzw04321ajxubdbcnpick5nqva.xx.internal.cloudapp.net, ports: [REPLICATION=43877, RATIS=38161, RATIS_ADMIN=38161, RATIS_SERVER=38161, STANDALONE=41191], networkLocation: /default-rack, certSerialId: null, persistedOpState: IN_SERVICE, persistedOpStateExpiryEpochSec: 0} reported CLOSED replica.
2022-02-04 12:59:29,534 [pool-236-thread-4] INFO  keyvalue.KeyValueContainer (KeyValueContainer.java:flushAndSyncDB(401)) - Container 1 is synced with bcsId 0.
2022-02-04 12:59:29,535 [pool-236-thread-4] INFO  keyvalue.KeyValueContainer (KeyValueContainer.java:flushAndSyncDB(401)) - Container 1 is synced with bcsId 0.
2022-02-04 12:59:29,537 [pool-236-thread-4] INFO  keyvalue.KeyValueContainer (KeyValueContainer.java:close(338)) - Container 1 is closed with bcsId 0.
2022-02-04 12:59:29,542 [pool-237-thread-4] INFO  keyvalue.KeyValueContainer (KeyValueContainer.java:flushAndSyncDB(401)) - Container 1 is synced with bcsId 0.
2022-02-04 12:59:29,546 [pool-237-thread-4] INFO  keyvalue.KeyValueContainer (KeyValueContainer.java:flushAndSyncDB(401)) - Container 1 is synced with bcsId 0.
2022-02-04 12:59:29,549 [pool-237-thread-4] INFO  keyvalue.KeyValueContainer (KeyValueContainer.java:close(338)) - Container 1 is closed with bcsId 0.
2022-02-04 12:59:29,559 [pool-235-thread-5] INFO  keyvalue.KeyValueContainer (KeyValueContainer.java:flushAndSyncDB(401)) - Container 2 is synced with bcsId 4.
2022-02-04 12:59:29,559 [pool-235-thread-5] INFO  keyvalue.KeyValueContainer (KeyValueContainer.java:flushAndSyncDB(401)) - Container 2 is synced with bcsId 4.
2022-02-04 12:59:29,561 [pool-235-thread-5] INFO  keyvalue.KeyValueContainer (KeyValueContainer.java:close(338)) - Container 2 is closed with bcsId 4.
2022-02-04 12:59:29,563 [pool-236-thread-5] INFO  keyvalue.KeyValueContainer (KeyValueContainer.java:flushAndSyncDB(401)) - Container 2 is synced with bcsId 4.
2022-02-04 12:59:29,563 [pool-236-thread-5] INFO  keyvalue.KeyValueContainer (KeyValueContainer.java:flushAndSyncDB(401)) - Container 2 is synced with bcsId 4.
2022-02-04 12:59:29,567 [pool-236-thread-5] INFO  keyvalue.KeyValueContainer (KeyValueContainer.java:close(338)) - Container 2 is closed with bcsId 4.
2022-02-04 12:59:29,572 [EventQueue-IncrementalContainerReportForIncrementalContainerReportHandler] INFO  container.IncrementalContainerReportHandler (AbstractContainerReportHandler.java:updateContainerState(223)) - Moving container #2 to CLOSED state, datanode 99ec0913-bcd1-4774-8e53-643ce8734cf6{ip: 10.1.0.52, host: fv-az116-891.vzw04321ajxubdbcnpick5nqva.xx.internal.cloudapp.net, ports: [REPLICATION=43877, RATIS=38161, RATIS_ADMIN=38161, RATIS_SERVER=38161, STANDALONE=41191], networkLocation: /default-rack, certSerialId: null, persistedOpState: IN_SERVICE, persistedOpStateExpiryEpochSec: 0} reported CLOSED replica.
2022-02-04 12:59:29,574 [pool-237-thread-5] INFO  keyvalue.KeyValueContainer (KeyValueContainer.java:flushAndSyncDB(401)) - Container 2 is synced with bcsId 4.
2022-02-04 12:59:29,574 [pool-237-thread-5] INFO  keyvalue.KeyValueContainer (KeyValueContainer.java:flushAndSyncDB(401)) - Container 2 is synced with bcsId 4.
2022-02-04 12:59:29,576 [pool-237-thread-5] INFO  keyvalue.KeyValueContainer (KeyValueContainer.java:close(338)) - Container 2 is closed with bcsId 4.
2022-02-04 12:59:29,722 [EventQueue-OpenPipelineForHealthyPipelineSafeModeRule] INFO  safemode.SCMSafeModeManager (HealthyPipelineSafeModeRule.java:process(124)) - SCM in safe mode. Healthy pipelines reported count is 0, required healthy pipeline reported count is 1
2022-02-04 12:59:29,817 [EventQueue-OpenPipelineForHealthyPipelineSafeModeRule] INFO  safemode.SCMSafeModeManager (HealthyPipelineSafeModeRule.java:process(124)) - SCM in safe mode. Healthy pipelines reported count is 0, required healthy pipeline reported count is 1
2022-02-04 12:59:29,846 [77b2354b-f995-4356-b656-35090dbcfa7f@group-A207BA99A34F-FollowerState] INFO  impl.FollowerState (FollowerState.java:run(134)) - 77b2354b-f995-4356-b656-35090dbcfa7f@group-A207BA99A34F-FollowerState: change to CANDIDATE, lastRpcElapsedTime:5018021190ns, electionTimeout:5017ms
2022-02-04 12:59:29,846 [77b2354b-f995-4356-b656-35090dbcfa7f@group-A207BA99A34F-FollowerState] INFO  impl.RoleInfo (RoleInfo.java:shutdownFollowerState(108)) - 77b2354b-f995-4356-b656-35090dbcfa7f: shutdown 77b2354b-f995-4356-b656-35090dbcfa7f@group-A207BA99A34F-FollowerState
2022-02-04 12:59:29,846 [77b2354b-f995-4356-b656-35090dbcfa7f@group-A207BA99A34F-FollowerState] INFO  server.RaftServer$Division (RaftServerImpl.java:setRole(290)) - 77b2354b-f995-4356-b656-35090dbcfa7f@group-A207BA99A34F: changes role from  FOLLOWER to CANDIDATE at term 0 for changeToCandidate
2022-02-04 12:59:29,846 [77b2354b-f995-4356-b656-35090dbcfa7f@group-A207BA99A34F-FollowerState] INFO  server.RaftServerConfigKeys (ConfUtils.java:logGet(44)) - raft.server.leaderelection.pre-vote = false (custom)
2022-02-04 12:59:29,846 [77b2354b-f995-4356-b656-35090dbcfa7f@group-A207BA99A34F-FollowerState] INFO  impl.RoleInfo (RoleInfo.java:updateAndGet(130)) - 77b2354b-f995-4356-b656-35090dbcfa7f: start 77b2354b-f995-4356-b656-35090dbcfa7f@group-A207BA99A34F-LeaderElection20
2022-02-04 12:59:29,851 [77b2354b-f995-4356-b656-35090dbcfa7f@group-A207BA99A34F-LeaderElection20] INFO  impl.LeaderElection (LeaderElection.java:askForVotes(306)) - 77b2354b-f995-4356-b656-35090dbcfa7f@group-A207BA99A34F-LeaderElection20 ELECTION round 0: submit vote requests at term 1 for -1: [48509481-1279-4ab6-a4c6-c4d867ebe0e4|rpc:10.1.0.52:36155|priority:0, a6f0a267-e289-4b59-b54b-7c098cd4cf92|rpc:10.1.0.52:36247|priority:1, 77b2354b-f995-4356-b656-35090dbcfa7f|rpc:10.1.0.52:34321|priority:0], old=null
2022-02-04 12:59:29,864 [grpc-default-executor-3] INFO  server.RaftServer$Division (RaftServerImpl.java:requestVote(1046)) - 48509481-1279-4ab6-a4c6-c4d867ebe0e4@group-A207BA99A34F: receive requestVote(ELECTION, 77b2354b-f995-4356-b656-35090dbcfa7f, group-A207BA99A34F, 1, (t:0, i:0))
2022-02-04 12:59:29,864 [grpc-default-executor-3] INFO  impl.VoteContext (VoteContext.java:log(48)) - 48509481-1279-4ab6-a4c6-c4d867ebe0e4@group-A207BA99A34F-FOLLOWER: accept ELECTION from 77b2354b-f995-4356-b656-35090dbcfa7f: our priority 0 <= candidate's priority 0
2022-02-04 12:59:29,865 [grpc-default-executor-3] INFO  server.RaftServer$Division (RaftServerImpl.java:setRole(290)) - 48509481-1279-4ab6-a4c6-c4d867ebe0e4@group-A207BA99A34F: changes role from  FOLLOWER to FOLLOWER at term 1 for candidate:77b2354b-f995-4356-b656-35090dbcfa7f
2022-02-04 12:59:29,865 [grpc-default-executor-3] INFO  impl.RoleInfo (RoleInfo.java:shutdownFollowerState(108)) - 48509481-1279-4ab6-a4c6-c4d867ebe0e4: shutdown 48509481-1279-4ab6-a4c6-c4d867ebe0e4@group-A207BA99A34F-FollowerState
2022-02-04 12:59:29,865 [grpc-default-executor-3] INFO  impl.RoleInfo (RoleInfo.java:updateAndGet(130)) - 48509481-1279-4ab6-a4c6-c4d867ebe0e4: start 48509481-1279-4ab6-a4c6-c4d867ebe0e4@group-A207BA99A34F-FollowerState
2022-02-04 12:59:29,865 [48509481-1279-4ab6-a4c6-c4d867ebe0e4@group-A207BA99A34F-FollowerState] INFO  impl.FollowerState (FollowerState.java:run(143)) - 48509481-1279-4ab6-a4c6-c4d867ebe0e4@group-A207BA99A34F-FollowerState was interrupted: {}
java.lang.InterruptedException: sleep interrupted
	at java.lang.Thread.sleep(Native Method)
	at java.lang.Thread.sleep(Thread.java:340)
	at java.util.concurrent.TimeUnit.sleep(TimeUnit.java:386)
	at org.apache.ratis.util.TimeDuration.sleep(TimeDuration.java:324)
	at org.apache.ratis.util.TimeDuration.sleep(TimeDuration.java:309)
	at org.apache.ratis.server.impl.FollowerState.run(FollowerState.java:118)
2022-02-04 12:59:29,870 [grpc-default-executor-4] INFO  server.RaftServer$Division (RaftServerImpl.java:requestVote(1046)) - a6f0a267-e289-4b59-b54b-7c098cd4cf92@group-A207BA99A34F: receive requestVote(ELECTION, 77b2354b-f995-4356-b656-35090dbcfa7f, group-A207BA99A34F, 1, (t:0, i:0))
2022-02-04 12:59:29,870 [grpc-default-executor-4] INFO  impl.VoteContext (VoteContext.java:log(48)) - a6f0a267-e289-4b59-b54b-7c098cd4cf92@group-A207BA99A34F-FOLLOWER: reject ELECTION from 77b2354b-f995-4356-b656-35090dbcfa7f: our priority 1 > candidate's priority 0
2022-02-04 12:59:29,870 [grpc-default-executor-3] INFO  server.RaftServer$Division (RaftServerImpl.java:requestVote(1078)) - 48509481-1279-4ab6-a4c6-c4d867ebe0e4@group-A207BA99A34F replies to ELECTION vote request: 77b2354b-f995-4356-b656-35090dbcfa7f<-48509481-1279-4ab6-a4c6-c4d867ebe0e4#0:OK-t1. Peer's state: 48509481-1279-4ab6-a4c6-c4d867ebe0e4@group-A207BA99A34F:t1, leader=null, voted=77b2354b-f995-4356-b656-35090dbcfa7f, raftlog=48509481-1279-4ab6-a4c6-c4d867ebe0e4@group-A207BA99A34F-SegmentedRaftLog:OPENED:c-1, conf=-1: [48509481-1279-4ab6-a4c6-c4d867ebe0e4|rpc:10.1.0.52:36155|dataStream:|priority:0, a6f0a267-e289-4b59-b54b-7c098cd4cf92|rpc:10.1.0.52:36247|dataStream:|priority:1, 77b2354b-f995-4356-b656-35090dbcfa7f|rpc:10.1.0.52:34321|dataStream:|priority:0], old=null
2022-02-04 12:59:29,870 [grpc-default-executor-4] INFO  server.RaftServer$Division (RaftServerImpl.java:setRole(290)) - a6f0a267-e289-4b59-b54b-7c098cd4cf92@group-A207BA99A34F: changes role from  FOLLOWER to FOLLOWER at term 1 for candidate:77b2354b-f995-4356-b656-35090dbcfa7f
2022-02-04 12:59:29,870 [grpc-default-executor-4] INFO  impl.RoleInfo (RoleInfo.java:shutdownFollowerState(108)) - a6f0a267-e289-4b59-b54b-7c098cd4cf92: shutdown a6f0a267-e289-4b59-b54b-7c098cd4cf92@group-A207BA99A34F-FollowerState
2022-02-04 12:59:29,871 [grpc-default-executor-4] INFO  impl.RoleInfo (RoleInfo.java:updateAndGet(130)) - a6f0a267-e289-4b59-b54b-7c098cd4cf92: start a6f0a267-e289-4b59-b54b-7c098cd4cf92@group-A207BA99A34F-FollowerState
2022-02-04 12:59:29,871 [a6f0a267-e289-4b59-b54b-7c098cd4cf92@group-A207BA99A34F-FollowerState] INFO  impl.FollowerState (FollowerState.java:run(143)) - a6f0a267-e289-4b59-b54b-7c098cd4cf92@group-A207BA99A34F-FollowerState was interrupted: {}
java.lang.InterruptedException: sleep interrupted
	at java.lang.Thread.sleep(Native Method)
	at java.lang.Thread.sleep(Thread.java:340)
	at java.util.concurrent.TimeUnit.sleep(TimeUnit.java:386)
	at org.apache.ratis.util.TimeDuration.sleep(TimeDuration.java:324)
	at org.apache.ratis.util.TimeDuration.sleep(TimeDuration.java:309)
	at org.apache.ratis.server.impl.FollowerState.run(FollowerState.java:118)
2022-02-04 12:59:29,872 [grpc-default-executor-4] INFO  server.RaftServer$Division (RaftServerImpl.java:requestVote(1078)) - a6f0a267-e289-4b59-b54b-7c098cd4cf92@group-A207BA99A34F replies to ELECTION vote request: 77b2354b-f995-4356-b656-35090dbcfa7f<-a6f0a267-e289-4b59-b54b-7c098cd4cf92#0:FAIL-t1. Peer's state: a6f0a267-e289-4b59-b54b-7c098cd4cf92@group-A207BA99A34F:t1, leader=null, voted=null, raftlog=a6f0a267-e289-4b59-b54b-7c098cd4cf92@group-A207BA99A34F-SegmentedRaftLog:OPENED:c-1, conf=-1: [48509481-1279-4ab6-a4c6-c4d867ebe0e4|rpc:10.1.0.52:36155|dataStream:|priority:0, a6f0a267-e289-4b59-b54b-7c098cd4cf92|rpc:10.1.0.52:36247|dataStream:|priority:1, 77b2354b-f995-4356-b656-35090dbcfa7f|rpc:10.1.0.52:34321|dataStream:|priority:0], old=null
2022-02-04 12:59:29,877 [77b2354b-f995-4356-b656-35090dbcfa7f@group-A207BA99A34F-LeaderElection20] INFO  impl.LeaderElection (LeaderElection.java:logAndReturn(89)) - 77b2354b-f995-4356-b656-35090dbcfa7f@group-A207BA99A34F-LeaderElection20: ELECTION REJECTED received 1 response(s) and 0 exception(s):
2022-02-04 12:59:29,877 [77b2354b-f995-4356-b656-35090dbcfa7f@group-A207BA99A34F-LeaderElection20] INFO  impl.LeaderElection (LeaderElection.java:logAndReturn(93)) -   Response 0: 77b2354b-f995-4356-b656-35090dbcfa7f<-a6f0a267-e289-4b59-b54b-7c098cd4cf92#0:FAIL-t1
2022-02-04 12:59:29,877 [77b2354b-f995-4356-b656-35090dbcfa7f@group-A207BA99A34F-LeaderElection20] INFO  impl.LeaderElection (LeaderElection.java:askForVotes(308)) - 77b2354b-f995-4356-b656-35090dbcfa7f@group-A207BA99A34F-LeaderElection20 ELECTION round 0: result REJECTED
2022-02-04 12:59:29,877 [77b2354b-f995-4356-b656-35090dbcfa7f@group-A207BA99A34F-LeaderElection20] INFO  server.RaftServer$Division (RaftServerImpl.java:setRole(290)) - 77b2354b-f995-4356-b656-35090dbcfa7f@group-A207BA99A34F: changes role from CANDIDATE to FOLLOWER at term 1 for REJECTED
2022-02-04 12:59:29,878 [77b2354b-f995-4356-b656-35090dbcfa7f@group-A207BA99A34F-LeaderElection20] INFO  impl.RoleInfo (RoleInfo.java:shutdownLeaderElection(121)) - 77b2354b-f995-4356-b656-35090dbcfa7f: shutdown 77b2354b-f995-4356-b656-35090dbcfa7f@group-A207BA99A34F-LeaderElection20
2022-02-04 12:59:29,878 [77b2354b-f995-4356-b656-35090dbcfa7f@group-A207BA99A34F-LeaderElection20] INFO  impl.RoleInfo (RoleInfo.java:updateAndGet(130)) - 77b2354b-f995-4356-b656-35090dbcfa7f: start 77b2354b-f995-4356-b656-35090dbcfa7f@group-A207BA99A34F-FollowerState
2022-02-04 12:59:29,963 [77b2354b-f995-4356-b656-35090dbcfa7f@group-DABF5BB6F0FC-FollowerState] INFO  impl.FollowerState (FollowerState.java:run(134)) - 77b2354b-f995-4356-b656-35090dbcfa7f@group-DABF5BB6F0FC-FollowerState: change to CANDIDATE, lastRpcElapsedTime:5158170742ns, electionTimeout:5153ms
2022-02-04 12:59:29,963 [77b2354b-f995-4356-b656-35090dbcfa7f@group-DABF5BB6F0FC-FollowerState] INFO  impl.RoleInfo (RoleInfo.java:shutdownFollowerState(108)) - 77b2354b-f995-4356-b656-35090dbcfa7f: shutdown 77b2354b-f995-4356-b656-35090dbcfa7f@group-DABF5BB6F0FC-FollowerState
2022-02-04 12:59:29,963 [77b2354b-f995-4356-b656-35090dbcfa7f@group-DABF5BB6F0FC-FollowerState] INFO  server.RaftServer$Division (RaftServerImpl.java:setRole(290)) - 77b2354b-f995-4356-b656-35090dbcfa7f@group-DABF5BB6F0FC: changes role from  FOLLOWER to CANDIDATE at term 0 for changeToCandidate
2022-02-04 12:59:29,963 [77b2354b-f995-4356-b656-35090dbcfa7f@group-DABF5BB6F0FC-FollowerState] INFO  server.RaftServerConfigKeys (ConfUtils.java:logGet(44)) - raft.server.leaderelection.pre-vote = false (custom)
2022-02-04 12:59:29,963 [77b2354b-f995-4356-b656-35090dbcfa7f@group-DABF5BB6F0FC-FollowerState] INFO  impl.RoleInfo (RoleInfo.java:updateAndGet(130)) - 77b2354b-f995-4356-b656-35090dbcfa7f: start 77b2354b-f995-4356-b656-35090dbcfa7f@group-DABF5BB6F0FC-LeaderElection21
2022-02-04 12:59:29,968 [77b2354b-f995-4356-b656-35090dbcfa7f@group-DABF5BB6F0FC-LeaderElection21] INFO  impl.LeaderElection (LeaderElection.java:askForVotes(306)) - 77b2354b-f995-4356-b656-35090dbcfa7f@group-DABF5BB6F0FC-LeaderElection21 ELECTION round 0: submit vote requests at term 1 for -1: [77b2354b-f995-4356-b656-35090dbcfa7f|rpc:10.1.0.52:34321|priority:1], old=null
2022-02-04 12:59:29,968 [77b2354b-f995-4356-b656-35090dbcfa7f@group-DABF5BB6F0FC-LeaderElection21] INFO  impl.LeaderElection (LeaderElection.java:askForVotes(308)) - 77b2354b-f995-4356-b656-35090dbcfa7f@group-DABF5BB6F0FC-LeaderElection21 ELECTION round 0: result PASSED (term=1)
2022-02-04 12:59:29,968 [77b2354b-f995-4356-b656-35090dbcfa7f@group-DABF5BB6F0FC-LeaderElection21] INFO  impl.RoleInfo (RoleInfo.java:shutdownLeaderElection(121)) - 77b2354b-f995-4356-b656-35090dbcfa7f: shutdown 77b2354b-f995-4356-b656-35090dbcfa7f@group-DABF5BB6F0FC-LeaderElection21
2022-02-04 12:59:29,968 [77b2354b-f995-4356-b656-35090dbcfa7f@group-DABF5BB6F0FC-LeaderElection21] INFO  server.RaftServer$Division (RaftServerImpl.java:setRole(290)) - 77b2354b-f995-4356-b656-35090dbcfa7f@group-DABF5BB6F0FC: changes role from CANDIDATE to LEADER at term 1 for changeToLeader
2022-02-04 12:59:29,968 [77b2354b-f995-4356-b656-35090dbcfa7f@group-DABF5BB6F0FC-LeaderElection21] INFO  ratis.XceiverServerRatis (XceiverServerRatis.java:handleLeaderChangedNotification(866)) - Leader change notification received for group: group-DABF5BB6F0FC with new leaderId: 77b2354b-f995-4356-b656-35090dbcfa7f
2022-02-04 12:59:29,968 [77b2354b-f995-4356-b656-35090dbcfa7f@group-DABF5BB6F0FC-LeaderElection21] INFO  server.RaftServer$Division (ServerState.java:setLeader(285)) - 77b2354b-f995-4356-b656-35090dbcfa7f@group-DABF5BB6F0FC: change Leader from null to 77b2354b-f995-4356-b656-35090dbcfa7f at term 1 for becomeLeader, leader elected after 5175ms
2022-02-04 12:59:29,968 [77b2354b-f995-4356-b656-35090dbcfa7f@group-DABF5BB6F0FC-LeaderElection21] INFO  server.RaftServerConfigKeys (ConfUtils.java:logGet(44)) - raft.server.staging.catchup.gap = 1000 (default)
2022-02-04 12:59:29,969 [77b2354b-f995-4356-b656-35090dbcfa7f@group-DABF5BB6F0FC-LeaderElection21] INFO  server.RaftServerConfigKeys (ConfUtils.java:logGet(44)) - raft.server.write.element-limit = 1024 (custom)
2022-02-04 12:59:29,969 [77b2354b-f995-4356-b656-35090dbcfa7f@group-DABF5BB6F0FC-LeaderElection21] INFO  server.RaftServerConfigKeys (ConfUtils.java:logGet(44)) - raft.server.write.byte-limit = 1024 M (=1073741824) (custom)
2022-02-04 12:59:29,969 [EventQueue-OpenPipelineForHealthyPipelineSafeModeRule] INFO  safemode.SCMSafeModeManager (HealthyPipelineSafeModeRule.java:process(124)) - SCM in safe mode. Healthy pipelines reported count is 0, required healthy pipeline reported count is 1
2022-02-04 12:59:29,970 [77b2354b-f995-4356-b656-35090dbcfa7f@group-DABF5BB6F0FC-LeaderElection21] INFO  server.RaftServerConfigKeys (ConfUtils.java:logGet(44)) - raft.server.watch.timeout = 180s (custom)
2022-02-04 12:59:29,973 [77b2354b-f995-4356-b656-35090dbcfa7f@group-DABF5BB6F0FC-LeaderElection21] INFO  server.RaftServerConfigKeys (ConfUtils.java:logGet(44)) - raft.server.watch.timeout.denomination = 1s (default)
2022-02-04 12:59:29,974 [77b2354b-f995-4356-b656-35090dbcfa7f@group-DABF5BB6F0FC-LeaderElection21] INFO  server.RaftServerConfigKeys (ConfUtils.java:logGet(44)) - raft.server.watch.element-limit = 65536 (default)
2022-02-04 12:59:29,974 [77b2354b-f995-4356-b656-35090dbcfa7f@group-DABF5BB6F0FC-LeaderElection21] INFO  server.RaftServerConfigKeys (ConfUtils.java:logGet(44)) - raft.server.write.element-limit = 1024 (custom)
2022-02-04 12:59:29,974 [77b2354b-f995-4356-b656-35090dbcfa7f@group-DABF5BB6F0FC-LeaderElection21] INFO  server.RaftServerConfigKeys (ConfUtils.java:logGet(44)) - raft.server.write.follower.gap.ratio.max = -1.0 (default)
2022-02-04 12:59:29,974 [77b2354b-f995-4356-b656-35090dbcfa7f@group-DABF5BB6F0FC-LeaderElection21] INFO  impl.RoleInfo (RoleInfo.java:updateAndGet(130)) - 77b2354b-f995-4356-b656-35090dbcfa7f: start 77b2354b-f995-4356-b656-35090dbcfa7f@group-DABF5BB6F0FC-LeaderStateImpl
2022-02-04 12:59:29,974 [77b2354b-f995-4356-b656-35090dbcfa7f@group-DABF5BB6F0FC-LeaderElection21] INFO  segmented.SegmentedRaftLogWorker (SegmentedRaftLogWorker.java:startLogSegment(394)) - 77b2354b-f995-4356-b656-35090dbcfa7f@group-DABF5BB6F0FC-SegmentedRaftLogWorker: Starting segment from index:0
2022-02-04 12:59:29,978 [77b2354b-f995-4356-b656-35090dbcfa7f@group-DABF5BB6F0FC-LeaderElection21] INFO  server.RaftServer$Division (ServerState.java:setRaftConf(387)) - 77b2354b-f995-4356-b656-35090dbcfa7f@group-DABF5BB6F0FC: set configuration 0: [77b2354b-f995-4356-b656-35090dbcfa7f|rpc:10.1.0.52:34321|dataStream:|priority:1], old=null
2022-02-04 12:59:29,979 [77b2354b-f995-4356-b656-35090dbcfa7f@group-DABF5BB6F0FC-SegmentedRaftLogWorker] INFO  segmented.SegmentedRaftLogWorker (SegmentedRaftLogWorker.java:execute(601)) - 77b2354b-f995-4356-b656-35090dbcfa7f@group-DABF5BB6F0FC-SegmentedRaftLogWorker: created new log segment /home/runner/work/ozone/ozone/hadoop-ozone/integration-test/target/test-dir/MiniOzoneClusterImpl-503825c1-f507-478e-a8da-8e65ca68fc38/datanode-0/data/ratis/0e9d08f7-9710-4d0e-8517-dabf5bb6f0fc/current/log_inprogress_0
2022-02-04 12:59:30,094 [a6f0a267-e289-4b59-b54b-7c098cd4cf92@group-CE5C49BC10DD-FollowerState] INFO  impl.FollowerState (FollowerState.java:run(134)) - a6f0a267-e289-4b59-b54b-7c098cd4cf92@group-CE5C49BC10DD-FollowerState: change to CANDIDATE, lastRpcElapsedTime:5087333666ns, electionTimeout:5080ms
2022-02-04 12:59:30,095 [a6f0a267-e289-4b59-b54b-7c098cd4cf92@group-CE5C49BC10DD-FollowerState] INFO  impl.RoleInfo (RoleInfo.java:shutdownFollowerState(108)) - a6f0a267-e289-4b59-b54b-7c098cd4cf92: shutdown a6f0a267-e289-4b59-b54b-7c098cd4cf92@group-CE5C49BC10DD-FollowerState
2022-02-04 12:59:30,095 [a6f0a267-e289-4b59-b54b-7c098cd4cf92@group-CE5C49BC10DD-FollowerState] INFO  server.RaftServer$Division (RaftServerImpl.java:setRole(290)) - a6f0a267-e289-4b59-b54b-7c098cd4cf92@group-CE5C49BC10DD: changes role from  FOLLOWER to CANDIDATE at term 0 for changeToCandidate
2022-02-04 12:59:30,095 [a6f0a267-e289-4b59-b54b-7c098cd4cf92@group-CE5C49BC10DD-FollowerState] INFO  server.RaftServerConfigKeys (ConfUtils.java:logGet(44)) - raft.server.leaderelection.pre-vote = false (custom)
2022-02-04 12:59:30,095 [a6f0a267-e289-4b59-b54b-7c098cd4cf92@group-CE5C49BC10DD-FollowerState] INFO  impl.RoleInfo (RoleInfo.java:updateAndGet(130)) - a6f0a267-e289-4b59-b54b-7c098cd4cf92: start a6f0a267-e289-4b59-b54b-7c098cd4cf92@group-CE5C49BC10DD-LeaderElection22
2022-02-04 12:59:30,099 [a6f0a267-e289-4b59-b54b-7c098cd4cf92@group-CE5C49BC10DD-LeaderElection22] INFO  impl.LeaderElection (LeaderElection.java:askForVotes(306)) - a6f0a267-e289-4b59-b54b-7c098cd4cf92@group-CE5C49BC10DD-LeaderElection22 ELECTION round 0: submit vote requests at term 1 for -1: [a6f0a267-e289-4b59-b54b-7c098cd4cf92|rpc:10.1.0.52:36247|priority:1], old=null
2022-02-04 12:59:30,099 [a6f0a267-e289-4b59-b54b-7c098cd4cf92@group-CE5C49BC10DD-LeaderElection22] INFO  impl.LeaderElection (LeaderElection.java:askForVotes(308)) - a6f0a267-e289-4b59-b54b-7c098cd4cf92@group-CE5C49BC10DD-LeaderElection22 ELECTION round 0: result PASSED (term=1)
2022-02-04 12:59:30,099 [a6f0a267-e289-4b59-b54b-7c098cd4cf92@group-CE5C49BC10DD-LeaderElection22] INFO  impl.RoleInfo (RoleInfo.java:shutdownLeaderElection(121)) - a6f0a267-e289-4b59-b54b-7c098cd4cf92: shutdown a6f0a267-e289-4b59-b54b-7c098cd4cf92@group-CE5C49BC10DD-LeaderElection22
2022-02-04 12:59:30,099 [a6f0a267-e289-4b59-b54b-7c098cd4cf92@group-CE5C49BC10DD-LeaderElection22] INFO  server.RaftServer$Division (RaftServerImpl.java:setRole(290)) - a6f0a267-e289-4b59-b54b-7c098cd4cf92@group-CE5C49BC10DD: changes role from CANDIDATE to LEADER at term 1 for changeToLeader
2022-02-04 12:59:30,099 [a6f0a267-e289-4b59-b54b-7c098cd4cf92@group-CE5C49BC10DD-LeaderElection22] INFO  ratis.XceiverServerRatis (XceiverServerRatis.java:handleLeaderChangedNotification(866)) - Leader change notification received for group: group-CE5C49BC10DD with new leaderId: a6f0a267-e289-4b59-b54b-7c098cd4cf92
2022-02-04 12:59:30,099 [a6f0a267-e289-4b59-b54b-7c098cd4cf92@group-CE5C49BC10DD-LeaderElection22] INFO  server.RaftServer$Division (ServerState.java:setLeader(285)) - a6f0a267-e289-4b59-b54b-7c098cd4cf92@group-CE5C49BC10DD: change Leader from null to a6f0a267-e289-4b59-b54b-7c098cd4cf92 at term 1 for becomeLeader, leader elected after 5098ms
2022-02-04 12:59:30,099 [a6f0a267-e289-4b59-b54b-7c098cd4cf92@group-CE5C49BC10DD-LeaderElection22] INFO  server.RaftServerConfigKeys (ConfUtils.java:logGet(44)) - raft.server.staging.catchup.gap = 1000 (default)
2022-02-04 12:59:30,100 [a6f0a267-e289-4b59-b54b-7c098cd4cf92@group-CE5C49BC10DD-LeaderElection22] INFO  server.RaftServerConfigKeys (ConfUtils.java:logGet(44)) - raft.server.write.element-limit = 1024 (custom)
2022-02-04 12:59:30,100 [a6f0a267-e289-4b59-b54b-7c098cd4cf92@group-CE5C49BC10DD-LeaderElection22] INFO  server.RaftServerConfigKeys (ConfUtils.java:logGet(44)) - raft.server.write.byte-limit = 1024 M (=1073741824) (custom)
2022-02-04 12:59:30,100 [a6f0a267-e289-4b59-b54b-7c098cd4cf92@group-CE5C49BC10DD-LeaderElection22] INFO  server.RaftServerConfigKeys (ConfUtils.java:logGet(44)) - raft.server.watch.timeout = 180s (custom)
2022-02-04 12:59:30,100 [EventQueue-OpenPipelineForHealthyPipelineSafeModeRule] INFO  safemode.SCMSafeModeManager (HealthyPipelineSafeModeRule.java:process(124)) - SCM in safe mode. Healthy pipelines reported count is 0, required healthy pipeline reported count is 1
2022-02-04 12:59:30,100 [a6f0a267-e289-4b59-b54b-7c098cd4cf92@group-CE5C49BC10DD-LeaderElection22] INFO  server.RaftServerConfigKeys (ConfUtils.java:logGet(44)) - raft.server.watch.timeout.denomination = 1s (default)
2022-02-04 12:59:30,100 [a6f0a267-e289-4b59-b54b-7c098cd4cf92@group-CE5C49BC10DD-LeaderElection22] INFO  server.RaftServerConfigKeys (ConfUtils.java:logGet(44)) - raft.server.watch.element-limit = 65536 (default)
2022-02-04 12:59:30,100 [a6f0a267-e289-4b59-b54b-7c098cd4cf92@group-CE5C49BC10DD-LeaderElection22] INFO  server.RaftServerConfigKeys (ConfUtils.java:logGet(44)) - raft.server.write.element-limit = 1024 (custom)
2022-02-04 12:59:30,101 [a6f0a267-e289-4b59-b54b-7c098cd4cf92@group-CE5C49BC10DD-LeaderElection22] INFO  server.RaftServerConfigKeys (ConfUtils.java:logGet(44)) - raft.server.write.follower.gap.ratio.max = -1.0 (default)
2022-02-04 12:59:30,101 [a6f0a267-e289-4b59-b54b-7c098cd4cf92@group-CE5C49BC10DD-LeaderElection22] INFO  impl.RoleInfo (RoleInfo.java:updateAndGet(130)) - a6f0a267-e289-4b59-b54b-7c098cd4cf92: start a6f0a267-e289-4b59-b54b-7c098cd4cf92@group-CE5C49BC10DD-LeaderStateImpl
2022-02-04 12:59:30,101 [a6f0a267-e289-4b59-b54b-7c098cd4cf92@group-CE5C49BC10DD-LeaderElection22] INFO  segmented.SegmentedRaftLogWorker (SegmentedRaftLogWorker.java:startLogSegment(394)) - a6f0a267-e289-4b59-b54b-7c098cd4cf92@group-CE5C49BC10DD-SegmentedRaftLogWorker: Starting segment from index:0
2022-02-04 12:59:30,106 [a6f0a267-e289-4b59-b54b-7c098cd4cf92@group-CE5C49BC10DD-LeaderElection22] INFO  server.RaftServer$Division (ServerState.java:setRaftConf(387)) - a6f0a267-e289-4b59-b54b-7c098cd4cf92@group-CE5C49BC10DD: set configuration 0: [a6f0a267-e289-4b59-b54b-7c098cd4cf92|rpc:10.1.0.52:36247|dataStream:|priority:1], old=null
2022-02-04 12:59:30,107 [a6f0a267-e289-4b59-b54b-7c098cd4cf92@group-CE5C49BC10DD-SegmentedRaftLogWorker] INFO  segmented.SegmentedRaftLogWorker (SegmentedRaftLogWorker.java:execute(601)) - a6f0a267-e289-4b59-b54b-7c098cd4cf92@group-CE5C49BC10DD-SegmentedRaftLogWorker: created new log segment /home/runner/work/ozone/ozone/hadoop-ozone/integration-test/target/test-dir/MiniOzoneClusterImpl-503825c1-f507-478e-a8da-8e65ca68fc38/datanode-1/data/ratis/13efa5b4-1ba6-4182-b559-ce5c49bc10dd/current/log_inprogress_0
2022-02-04 12:59:30,204 [Listener at 127.0.0.1/43489] INFO  ozone.MiniOzoneClusterImpl (MiniOzoneClusterImpl.java:lambda$waitForClusterToBeReady$0(219)) - Nodes are ready. Got 3 of 3 DN Heartbeats.
2022-02-04 12:59:30,204 [Listener at 127.0.0.1/43489] INFO  ozone.MiniOzoneClusterImpl (MiniOzoneClusterImpl.java:lambda$waitForClusterToBeReady$0(222)) - Waiting for cluster to exit safe mode
2022-02-04 12:59:30,204 [Listener at 127.0.0.1/43489] INFO  ozone.MiniOzoneClusterImpl (MiniOzoneClusterImpl.java:lambda$waitForClusterToBeReady$0(224)) - SCM became leader
2022-02-04 12:59:30,280 [48509481-1279-4ab6-a4c6-c4d867ebe0e4@group-33F0C32CF12B-FollowerState] INFO  impl.FollowerState (FollowerState.java:run(134)) - 48509481-1279-4ab6-a4c6-c4d867ebe0e4@group-33F0C32CF12B-FollowerState: change to CANDIDATE, lastRpcElapsedTime:5054434077ns, electionTimeout:5052ms
2022-02-04 12:59:30,280 [48509481-1279-4ab6-a4c6-c4d867ebe0e4@group-33F0C32CF12B-FollowerState] INFO  impl.RoleInfo (RoleInfo.java:shutdownFollowerState(108)) - 48509481-1279-4ab6-a4c6-c4d867ebe0e4: shutdown 48509481-1279-4ab6-a4c6-c4d867ebe0e4@group-33F0C32CF12B-FollowerState
2022-02-04 12:59:30,281 [48509481-1279-4ab6-a4c6-c4d867ebe0e4@group-33F0C32CF12B-FollowerState] INFO  server.RaftServer$Division (RaftServerImpl.java:setRole(290)) - 48509481-1279-4ab6-a4c6-c4d867ebe0e4@group-33F0C32CF12B: changes role from  FOLLOWER to CANDIDATE at term 0 for changeToCandidate
2022-02-04 12:59:30,281 [48509481-1279-4ab6-a4c6-c4d867ebe0e4@group-33F0C32CF12B-FollowerState] INFO  server.RaftServerConfigKeys (ConfUtils.java:logGet(44)) - raft.server.leaderelection.pre-vote = false (custom)
2022-02-04 12:59:30,281 [48509481-1279-4ab6-a4c6-c4d867ebe0e4@group-33F0C32CF12B-FollowerState] INFO  impl.RoleInfo (RoleInfo.java:updateAndGet(130)) - 48509481-1279-4ab6-a4c6-c4d867ebe0e4: start 48509481-1279-4ab6-a4c6-c4d867ebe0e4@group-33F0C32CF12B-LeaderElection23
2022-02-04 12:59:30,285 [48509481-1279-4ab6-a4c6-c4d867ebe0e4@group-33F0C32CF12B-LeaderElection23] INFO  impl.LeaderElection (LeaderElection.java:askForVotes(306)) - 48509481-1279-4ab6-a4c6-c4d867ebe0e4@group-33F0C32CF12B-LeaderElection23 ELECTION round 0: submit vote requests at term 1 for -1: [48509481-1279-4ab6-a4c6-c4d867ebe0e4|rpc:10.1.0.52:36155|priority:1], old=null
2022-02-04 12:59:30,285 [48509481-1279-4ab6-a4c6-c4d867ebe0e4@group-33F0C32CF12B-LeaderElection23] INFO  impl.LeaderElection (LeaderElection.java:askForVotes(308)) - 48509481-1279-4ab6-a4c6-c4d867ebe0e4@group-33F0C32CF12B-LeaderElection23 ELECTION round 0: result PASSED (term=1)
2022-02-04 12:59:30,285 [48509481-1279-4ab6-a4c6-c4d867ebe0e4@group-33F0C32CF12B-LeaderElection23] INFO  impl.RoleInfo (RoleInfo.java:shutdownLeaderElection(121)) - 48509481-1279-4ab6-a4c6-c4d867ebe0e4: shutdown 48509481-1279-4ab6-a4c6-c4d867ebe0e4@group-33F0C32CF12B-LeaderElection23
2022-02-04 12:59:30,285 [48509481-1279-4ab6-a4c6-c4d867ebe0e4@group-33F0C32CF12B-LeaderElection23] INFO  server.RaftServer$Division (RaftServerImpl.java:setRole(290)) - 48509481-1279-4ab6-a4c6-c4d867ebe0e4@group-33F0C32CF12B: changes role from CANDIDATE to LEADER at term 1 for changeToLeader
2022-02-04 12:59:30,285 [48509481-1279-4ab6-a4c6-c4d867ebe0e4@group-33F0C32CF12B-LeaderElection23] INFO  ratis.XceiverServerRatis (XceiverServerRatis.java:handleLeaderChangedNotification(866)) - Leader change notification received for group: group-33F0C32CF12B with new leaderId: 48509481-1279-4ab6-a4c6-c4d867ebe0e4
2022-02-04 12:59:30,286 [48509481-1279-4ab6-a4c6-c4d867ebe0e4@group-33F0C32CF12B-LeaderElection23] INFO  server.RaftServer$Division (ServerState.java:setLeader(285)) - 48509481-1279-4ab6-a4c6-c4d867ebe0e4@group-33F0C32CF12B: change Leader from null to 48509481-1279-4ab6-a4c6-c4d867ebe0e4 at term 1 for becomeLeader, leader elected after 5065ms
2022-02-04 12:59:30,286 [48509481-1279-4ab6-a4c6-c4d867ebe0e4@group-33F0C32CF12B-LeaderElection23] INFO  server.RaftServerConfigKeys (ConfUtils.java:logGet(44)) - raft.server.staging.catchup.gap = 1000 (default)
2022-02-04 12:59:30,286 [48509481-1279-4ab6-a4c6-c4d867ebe0e4@group-33F0C32CF12B-LeaderElection23] INFO  server.RaftServerConfigKeys (ConfUtils.java:logGet(44)) - raft.server.write.element-limit = 1024 (custom)
2022-02-04 12:59:30,286 [48509481-1279-4ab6-a4c6-c4d867ebe0e4@group-33F0C32CF12B-LeaderElection23] INFO  server.RaftServerConfigKeys (ConfUtils.java:logGet(44)) - raft.server.write.byte-limit = 1024 M (=1073741824) (custom)
2022-02-04 12:59:30,287 [EventQueue-OpenPipelineForHealthyPipelineSafeModeRule] INFO  safemode.SCMSafeModeManager (HealthyPipelineSafeModeRule.java:process(124)) - SCM in safe mode. Healthy pipelines reported count is 0, required healthy pipeline reported count is 1
2022-02-04 12:59:30,287 [48509481-1279-4ab6-a4c6-c4d867ebe0e4@group-33F0C32CF12B-LeaderElection23] INFO  server.RaftServerConfigKeys (ConfUtils.java:logGet(44)) - raft.server.watch.timeout = 180s (custom)
2022-02-04 12:59:30,287 [48509481-1279-4ab6-a4c6-c4d867ebe0e4@group-33F0C32CF12B-LeaderElection23] INFO  server.RaftServerConfigKeys (ConfUtils.java:logGet(44)) - raft.server.watch.timeout.denomination = 1s (default)
2022-02-04 12:59:30,287 [48509481-1279-4ab6-a4c6-c4d867ebe0e4@group-33F0C32CF12B-LeaderElection23] INFO  server.RaftServerConfigKeys (ConfUtils.java:logGet(44)) - raft.server.watch.element-limit = 65536 (default)
2022-02-04 12:59:30,287 [48509481-1279-4ab6-a4c6-c4d867ebe0e4@group-33F0C32CF12B-LeaderElection23] INFO  server.RaftServerConfigKeys (ConfUtils.java:logGet(44)) - raft.server.write.element-limit = 1024 (custom)
2022-02-04 12:59:30,287 [48509481-1279-4ab6-a4c6-c4d867ebe0e4@group-33F0C32CF12B-LeaderElection23] INFO  server.RaftServerConfigKeys (ConfUtils.java:logGet(44)) - raft.server.write.follower.gap.ratio.max = -1.0 (default)
2022-02-04 12:59:30,287 [48509481-1279-4ab6-a4c6-c4d867ebe0e4@group-33F0C32CF12B-LeaderElection23] INFO  impl.RoleInfo (RoleInfo.java:updateAndGet(130)) - 48509481-1279-4ab6-a4c6-c4d867ebe0e4: start 48509481-1279-4ab6-a4c6-c4d867ebe0e4@group-33F0C32CF12B-LeaderStateImpl
2022-02-04 12:59:30,288 [48509481-1279-4ab6-a4c6-c4d867ebe0e4@group-33F0C32CF12B-LeaderElection23] INFO  segmented.SegmentedRaftLogWorker (SegmentedRaftLogWorker.java:startLogSegment(394)) - 48509481-1279-4ab6-a4c6-c4d867ebe0e4@group-33F0C32CF12B-SegmentedRaftLogWorker: Starting segment from index:0
2022-02-04 12:59:30,289 [48509481-1279-4ab6-a4c6-c4d867ebe0e4@group-33F0C32CF12B-LeaderElection23] INFO  server.RaftServer$Division (ServerState.java:setRaftConf(387)) - 48509481-1279-4ab6-a4c6-c4d867ebe0e4@group-33F0C32CF12B: set configuration 0: [48509481-1279-4ab6-a4c6-c4d867ebe0e4|rpc:10.1.0.52:36155|dataStream:|priority:1], old=null
2022-02-04 12:59:30,290 [48509481-1279-4ab6-a4c6-c4d867ebe0e4@group-33F0C32CF12B-SegmentedRaftLogWorker] INFO  segmented.SegmentedRaftLogWorker (SegmentedRaftLogWorker.java:execute(601)) - 48509481-1279-4ab6-a4c6-c4d867ebe0e4@group-33F0C32CF12B-SegmentedRaftLogWorker: created new log segment /home/runner/work/ozone/ozone/hadoop-ozone/integration-test/target/test-dir/MiniOzoneClusterImpl-503825c1-f507-478e-a8da-8e65ca68fc38/datanode-2/data/ratis/90a3c92f-b073-43f3-b410-33f0c32cf12b/current/log_inprogress_0
2022-02-04 12:59:30,970 [EventQueue-OpenPipelineForHealthyPipelineSafeModeRule] INFO  safemode.SCMSafeModeManager (HealthyPipelineSafeModeRule.java:process(124)) - SCM in safe mode. Healthy pipelines reported count is 0, required healthy pipeline reported count is 1
2022-02-04 12:59:31,100 [EventQueue-OpenPipelineForHealthyPipelineSafeModeRule] INFO  safemode.SCMSafeModeManager (HealthyPipelineSafeModeRule.java:process(124)) - SCM in safe mode. Healthy pipelines reported count is 0, required healthy pipeline reported count is 1
2022-02-04 12:59:31,204 [Listener at 127.0.0.1/43489] INFO  ozone.MiniOzoneClusterImpl (MiniOzoneClusterImpl.java:lambda$waitForClusterToBeReady$0(219)) - Nodes are ready. Got 3 of 3 DN Heartbeats.
2022-02-04 12:59:31,205 [Listener at 127.0.0.1/43489] INFO  ozone.MiniOzoneClusterImpl (MiniOzoneClusterImpl.java:lambda$waitForClusterToBeReady$0(222)) - Waiting for cluster to exit safe mode
2022-02-04 12:59:31,205 [Listener at 127.0.0.1/43489] INFO  ozone.MiniOzoneClusterImpl (MiniOzoneClusterImpl.java:lambda$waitForClusterToBeReady$0(224)) - SCM became leader
2022-02-04 12:59:31,287 [EventQueue-OpenPipelineForHealthyPipelineSafeModeRule] INFO  safemode.SCMSafeModeManager (HealthyPipelineSafeModeRule.java:process(124)) - SCM in safe mode. Healthy pipelines reported count is 0, required healthy pipeline reported count is 1
2022-02-04 12:59:32,205 [Listener at 127.0.0.1/43489] INFO  ozone.MiniOzoneClusterImpl (MiniOzoneClusterImpl.java:lambda$waitForClusterToBeReady$0(219)) - Nodes are ready. Got 3 of 3 DN Heartbeats.
2022-02-04 12:59:32,205 [Listener at 127.0.0.1/43489] INFO  ozone.MiniOzoneClusterImpl (MiniOzoneClusterImpl.java:lambda$waitForClusterToBeReady$0(222)) - Waiting for cluster to exit safe mode
2022-02-04 12:59:32,205 [Listener at 127.0.0.1/43489] INFO  ozone.MiniOzoneClusterImpl (MiniOzoneClusterImpl.java:lambda$waitForClusterToBeReady$0(224)) - SCM became leader
2022-02-04 12:59:32,287 [EventQueue-OpenPipelineForHealthyPipelineSafeModeRule] INFO  safemode.SCMSafeModeManager (HealthyPipelineSafeModeRule.java:process(124)) - SCM in safe mode. Healthy pipelines reported count is 0, required healthy pipeline reported count is 1
2022-02-04 12:59:32,600 [EventQueue-OpenPipelineForHealthyPipelineSafeModeRule] INFO  safemode.SCMSafeModeManager (HealthyPipelineSafeModeRule.java:process(124)) - SCM in safe mode. Healthy pipelines reported count is 0, required healthy pipeline reported count is 1
2022-02-04 12:59:32,861 [ForkJoinPool.commonPool-worker-0] INFO  ozoneimpl.OzoneContainer (OzoneContainer.java:stop(336)) - Attempting to stop container services.
2022-02-04 12:59:32,861 [Mini-Cluster-Provider-Reap] INFO  ozoneimpl.OzoneContainer (OzoneContainer.java:stop(336)) - Attempting to stop container services.
2022-02-04 12:59:32,862 [Mini-Cluster-Provider-Reap] INFO  server.RaftServer (RaftServerProxy.java:lambda$close$6(391)) - b6f6ffb2-2f05-4b6e-813a-dd4c5505c79c: close
2022-02-04 12:59:32,862 [Mini-Cluster-Provider-Reap] INFO  server.RaftServer$Division (RaftServerImpl.java:lambda$close$4(412)) - b6f6ffb2-2f05-4b6e-813a-dd4c5505c79c@group-6130A5F73337: shutdown
2022-02-04 12:59:32,862 [Mini-Cluster-Provider-Reap] INFO  util.JmxRegister (JmxRegister.java:unregister(73)) - Successfully un-registered JMX Bean with object name Ratis:service=RaftServer,group=group-6130A5F73337,id=b6f6ffb2-2f05-4b6e-813a-dd4c5505c79c
2022-02-04 12:59:32,862 [Mini-Cluster-Provider-Reap] INFO  impl.RoleInfo (RoleInfo.java:shutdownLeaderState(91)) - b6f6ffb2-2f05-4b6e-813a-dd4c5505c79c: shutdown b6f6ffb2-2f05-4b6e-813a-dd4c5505c79c@group-6130A5F73337-LeaderStateImpl
2022-02-04 12:59:32,863 [Mini-Cluster-Provider-Reap] INFO  impl.PendingRequests (PendingRequests.java:sendNotLeaderResponses(282)) - b6f6ffb2-2f05-4b6e-813a-dd4c5505c79c@group-6130A5F73337-PendingRequests: sendNotLeaderResponses
2022-02-04 12:59:32,863 [Mini-Cluster-Provider-Reap] INFO  impl.StateMachineUpdater (StateMachineUpdater.java:stopAndJoin(149)) - b6f6ffb2-2f05-4b6e-813a-dd4c5505c79c@group-6130A5F73337-StateMachineUpdater: set stopIndex = 0
2022-02-04 12:59:32,863 [b6f6ffb2-2f05-4b6e-813a-dd4c5505c79c@group-6130A5F73337-StateMachineUpdater] INFO  ratis.ContainerStateMachine (ContainerStateMachine.java:takeSnapshot(299)) - group-6130A5F73337: Taking a snapshot at:(t:1, i:0) file /home/runner/work/ozone/ozone/hadoop-ozone/integration-test/target/test-dir/MiniOzoneClusterImpl-2de8e96d-15a2-401a-96b2-d4c0b97aa068/datanode-1/data/ratis/d47aa0a1-761f-4aba-92c8-6130a5f73337/sm/snapshot.1_0
2022-02-04 12:59:32,864 [ForkJoinPool.commonPool-worker-0] INFO  server.RaftServer (RaftServerProxy.java:lambda$close$6(391)) - d1d82d8d-040b-42cf-acad-3b53dec65cc7: close
2022-02-04 12:59:32,864 [ForkJoinPool.commonPool-worker-0] INFO  server.RaftServer$Division (RaftServerImpl.java:lambda$close$4(412)) - d1d82d8d-040b-42cf-acad-3b53dec65cc7@group-FD77529E1A2E: shutdown
2022-02-04 12:59:32,864 [ForkJoinPool.commonPool-worker-0] INFO  util.JmxRegister (JmxRegister.java:unregister(73)) - Successfully un-registered JMX Bean with object name Ratis:service=RaftServer,group=group-FD77529E1A2E,id=d1d82d8d-040b-42cf-acad-3b53dec65cc7
2022-02-04 12:59:32,864 [ForkJoinPool.commonPool-worker-0] INFO  impl.RoleInfo (RoleInfo.java:shutdownLeaderState(91)) - d1d82d8d-040b-42cf-acad-3b53dec65cc7: shutdown d1d82d8d-040b-42cf-acad-3b53dec65cc7@group-FD77529E1A2E-LeaderStateImpl
2022-02-04 12:59:32,864 [ForkJoinPool.commonPool-worker-0] INFO  impl.PendingRequests (PendingRequests.java:sendNotLeaderResponses(282)) - d1d82d8d-040b-42cf-acad-3b53dec65cc7@group-FD77529E1A2E-PendingRequests: sendNotLeaderResponses
2022-02-04 12:59:32,865 [ForkJoinPool.commonPool-worker-0] INFO  impl.StateMachineUpdater (StateMachineUpdater.java:stopAndJoin(149)) - d1d82d8d-040b-42cf-acad-3b53dec65cc7@group-FD77529E1A2E-StateMachineUpdater: set stopIndex = 0
2022-02-04 12:59:32,865 [d1d82d8d-040b-42cf-acad-3b53dec65cc7@group-FD77529E1A2E-StateMachineUpdater] INFO  ratis.ContainerStateMachine (ContainerStateMachine.java:takeSnapshot(299)) - group-FD77529E1A2E: Taking a snapshot at:(t:1, i:0) file /home/runner/work/ozone/ozone/hadoop-ozone/integration-test/target/test-dir/MiniOzoneClusterImpl-2de8e96d-15a2-401a-96b2-d4c0b97aa068/datanode-0/data/ratis/5529e5da-2ce6-4415-a9d7-fd77529e1a2e/sm/snapshot.1_0
2022-02-04 12:59:32,865 [b6f6ffb2-2f05-4b6e-813a-dd4c5505c79c@group-6130A5F73337-StateMachineUpdater] INFO  ratis.ContainerStateMachine (ContainerStateMachine.java:takeSnapshot(310)) - group-6130A5F73337: Finished taking a snapshot at:(t:1, i:0) file:/home/runner/work/ozone/ozone/hadoop-ozone/integration-test/target/test-dir/MiniOzoneClusterImpl-2de8e96d-15a2-401a-96b2-d4c0b97aa068/datanode-1/data/ratis/d47aa0a1-761f-4aba-92c8-6130a5f73337/sm/snapshot.1_0 took: 2 ms
2022-02-04 12:59:32,865 [b6f6ffb2-2f05-4b6e-813a-dd4c5505c79c@group-6130A5F73337-StateMachineUpdater] INFO  impl.StateMachineUpdater (StateMachineUpdater.java:takeSnapshot(281)) - b6f6ffb2-2f05-4b6e-813a-dd4c5505c79c@group-6130A5F73337-StateMachineUpdater: Took a snapshot at index 0
2022-02-04 12:59:32,865 [b6f6ffb2-2f05-4b6e-813a-dd4c5505c79c@group-6130A5F73337-StateMachineUpdater] INFO  impl.StateMachineUpdater (StateMachineUpdater.java:lambda$new$0(89)) - b6f6ffb2-2f05-4b6e-813a-dd4c5505c79c@group-6130A5F73337-StateMachineUpdater: snapshotIndex: updateIncreasingly -1 -> 0
2022-02-04 12:59:32,866 [d1d82d8d-040b-42cf-acad-3b53dec65cc7@group-FD77529E1A2E-StateMachineUpdater] INFO  ratis.ContainerStateMachine (ContainerStateMachine.java:takeSnapshot(310)) - group-FD77529E1A2E: Finished taking a snapshot at:(t:1, i:0) file:/home/runner/work/ozone/ozone/hadoop-ozone/integration-test/target/test-dir/MiniOzoneClusterImpl-2de8e96d-15a2-401a-96b2-d4c0b97aa068/datanode-0/data/ratis/5529e5da-2ce6-4415-a9d7-fd77529e1a2e/sm/snapshot.1_0 took: 0 ms
2022-02-04 12:59:32,866 [d1d82d8d-040b-42cf-acad-3b53dec65cc7@group-FD77529E1A2E-StateMachineUpdater] INFO  impl.StateMachineUpdater (StateMachineUpdater.java:takeSnapshot(281)) - d1d82d8d-040b-42cf-acad-3b53dec65cc7@group-FD77529E1A2E-StateMachineUpdater: Took a snapshot at index 0
2022-02-04 12:59:32,866 [d1d82d8d-040b-42cf-acad-3b53dec65cc7@group-FD77529E1A2E-StateMachineUpdater] INFO  impl.StateMachineUpdater (StateMachineUpdater.java:lambda$new$0(89)) - d1d82d8d-040b-42cf-acad-3b53dec65cc7@group-FD77529E1A2E-StateMachineUpdater: snapshotIndex: updateIncreasingly -1 -> 0
2022-02-04 12:59:32,866 [Mini-Cluster-Provider-Reap] INFO  server.RaftServer$Division (ServerState.java:close(419)) - b6f6ffb2-2f05-4b6e-813a-dd4c5505c79c@group-6130A5F73337: closes. applyIndex: 0
2022-02-04 12:59:32,866 [b6f6ffb2-2f05-4b6e-813a-dd4c5505c79c@group-6130A5F73337-SegmentedRaftLogWorker] INFO  segmented.SegmentedRaftLogWorker (SegmentedRaftLogWorker.java:run(327)) - b6f6ffb2-2f05-4b6e-813a-dd4c5505c79c@group-6130A5F73337-SegmentedRaftLogWorker was interrupted, exiting. There are 0 tasks remaining in the queue.
2022-02-04 12:59:32,867 [Mini-Cluster-Provider-Reap] INFO  segmented.SegmentedRaftLogWorker (SegmentedRaftLogWorker.java:close(237)) - b6f6ffb2-2f05-4b6e-813a-dd4c5505c79c@group-6130A5F73337-SegmentedRaftLogWorker close()
2022-02-04 12:59:32,867 [ForkJoinPool.commonPool-worker-0] INFO  server.RaftServer$Division (ServerState.java:close(419)) - d1d82d8d-040b-42cf-acad-3b53dec65cc7@group-FD77529E1A2E: closes. applyIndex: 0
2022-02-04 12:59:32,868 [Mini-Cluster-Provider-Reap] INFO  server.RaftServer$Division (RaftServerImpl.java:lambda$close$4(412)) - b6f6ffb2-2f05-4b6e-813a-dd4c5505c79c@group-F65584743E6E: shutdown
2022-02-04 12:59:32,868 [d1d82d8d-040b-42cf-acad-3b53dec65cc7@group-FD77529E1A2E-SegmentedRaftLogWorker] INFO  segmented.SegmentedRaftLogWorker (SegmentedRaftLogWorker.java:run(327)) - d1d82d8d-040b-42cf-acad-3b53dec65cc7@group-FD77529E1A2E-SegmentedRaftLogWorker was interrupted, exiting. There are 0 tasks remaining in the queue.
2022-02-04 12:59:32,868 [Mini-Cluster-Provider-Reap] INFO  util.JmxRegister (JmxRegister.java:unregister(73)) - Successfully un-registered JMX Bean with object name Ratis:service=RaftServer,group=group-F65584743E6E,id=b6f6ffb2-2f05-4b6e-813a-dd4c5505c79c
2022-02-04 12:59:32,868 [Mini-Cluster-Provider-Reap] INFO  impl.RoleInfo (RoleInfo.java:shutdownLeaderState(91)) - b6f6ffb2-2f05-4b6e-813a-dd4c5505c79c: shutdown b6f6ffb2-2f05-4b6e-813a-dd4c5505c79c@group-F65584743E6E-LeaderStateImpl
2022-02-04 12:59:32,868 [ForkJoinPool.commonPool-worker-0] INFO  segmented.SegmentedRaftLogWorker (SegmentedRaftLogWorker.java:close(237)) - d1d82d8d-040b-42cf-acad-3b53dec65cc7@group-FD77529E1A2E-SegmentedRaftLogWorker close()
2022-02-04 12:59:32,868 [b6f6ffb2-2f05-4b6e-813a-dd4c5505c79c@group-F65584743E6E->32c39f51-2f56-4d5e-8fbc-89c9bf378090-GrpcLogAppender-LogAppenderDaemon] WARN  server.GrpcLogAppender (GrpcLogAppender.java:mayWait(177)) - b6f6ffb2-2f05-4b6e-813a-dd4c5505c79c@group-F65584743E6E->32c39f51-2f56-4d5e-8fbc-89c9bf378090-GrpcLogAppender: Wait interrupted by java.lang.InterruptedException
2022-02-04 12:59:32,868 [Mini-Cluster-Provider-Reap] INFO  impl.PendingRequests (PendingRequests.java:sendNotLeaderResponses(282)) - b6f6ffb2-2f05-4b6e-813a-dd4c5505c79c@group-F65584743E6E-PendingRequests: sendNotLeaderResponses
2022-02-04 12:59:32,868 [b6f6ffb2-2f05-4b6e-813a-dd4c5505c79c@group-F65584743E6E->d1d82d8d-040b-42cf-acad-3b53dec65cc7-GrpcLogAppender-LogAppenderDaemon] WARN  server.GrpcLogAppender (GrpcLogAppender.java:mayWait(177)) - b6f6ffb2-2f05-4b6e-813a-dd4c5505c79c@group-F65584743E6E->d1d82d8d-040b-42cf-acad-3b53dec65cc7-GrpcLogAppender: Wait interrupted by java.lang.InterruptedException
2022-02-04 12:59:32,870 [grpc-default-executor-3] INFO  server.GrpcServerProtocolService (GrpcServerProtocolService.java:onCompleted(140)) - 32c39f51-2f56-4d5e-8fbc-89c9bf378090: Completed APPEND_ENTRIES, lastRequest: b6f6ffb2-2f05-4b6e-813a-dd4c5505c79c->32c39f51-2f56-4d5e-8fbc-89c9bf378090#1-t2,previous=(t:0, i:0),leaderCommit=0,initializing? true,entries: size=1, first=(t:2, i:0), CONFIGURATIONENTRY
2022-02-04 12:59:32,871 [grpc-default-executor-4] INFO  server.GrpcServerProtocolService (GrpcServerProtocolService.java:onCompleted(140)) - d1d82d8d-040b-42cf-acad-3b53dec65cc7: Completed APPEND_ENTRIES, lastRequest: b6f6ffb2-2f05-4b6e-813a-dd4c5505c79c->d1d82d8d-040b-42cf-acad-3b53dec65cc7#1-t2,previous=(t:0, i:0),leaderCommit=0,initializing? true,entries: size=1, first=(t:2, i:0), CONFIGURATIONENTRY
2022-02-04 12:59:32,871 [grpc-default-executor-1] INFO  server.GrpcLogAppender (GrpcLogAppender.java:onCompleted(346)) - b6f6ffb2-2f05-4b6e-813a-dd4c5505c79c@group-F65584743E6E->32c39f51-2f56-4d5e-8fbc-89c9bf378090-AppendLogResponseHandler: follower responses appendEntries COMPLETED
2022-02-04 12:59:32,871 [grpc-default-executor-1] INFO  leader.FollowerInfo (FollowerInfoImpl.java:lambda$new$0(47)) - b6f6ffb2-2f05-4b6e-813a-dd4c5505c79c@group-F65584743E6E->32c39f51-2f56-4d5e-8fbc-89c9bf378090: nextIndex: updateUnconditionally 1 -> 0
2022-02-04 12:59:32,872 [grpc-default-executor-4] INFO  server.GrpcLogAppender (GrpcLogAppender.java:onCompleted(346)) - b6f6ffb2-2f05-4b6e-813a-dd4c5505c79c@group-F65584743E6E->d1d82d8d-040b-42cf-acad-3b53dec65cc7-AppendLogResponseHandler: follower responses appendEntries COMPLETED
2022-02-04 12:59:32,872 [grpc-default-executor-4] INFO  leader.FollowerInfo (FollowerInfoImpl.java:lambda$new$0(47)) - b6f6ffb2-2f05-4b6e-813a-dd4c5505c79c@group-F65584743E6E->d1d82d8d-040b-42cf-acad-3b53dec65cc7: nextIndex: updateUnconditionally 1 -> 0
2022-02-04 12:59:32,876 [ForkJoinPool.commonPool-worker-0] INFO  server.RaftServer$Division (RaftServerImpl.java:lambda$close$4(412)) - d1d82d8d-040b-42cf-acad-3b53dec65cc7@group-F65584743E6E: shutdown
2022-02-04 12:59:32,876 [ForkJoinPool.commonPool-worker-0] INFO  util.JmxRegister (JmxRegister.java:unregister(73)) - Successfully un-registered JMX Bean with object name Ratis:service=RaftServer,group=group-F65584743E6E,id=d1d82d8d-040b-42cf-acad-3b53dec65cc7
2022-02-04 12:59:32,876 [ForkJoinPool.commonPool-worker-0] INFO  impl.RoleInfo (RoleInfo.java:shutdownFollowerState(108)) - d1d82d8d-040b-42cf-acad-3b53dec65cc7: shutdown d1d82d8d-040b-42cf-acad-3b53dec65cc7@group-F65584743E6E-FollowerState
2022-02-04 12:59:32,876 [d1d82d8d-040b-42cf-acad-3b53dec65cc7@group-F65584743E6E-FollowerState] INFO  impl.FollowerState (FollowerState.java:run(143)) - d1d82d8d-040b-42cf-acad-3b53dec65cc7@group-F65584743E6E-FollowerState was interrupted: {}
java.lang.InterruptedException: sleep interrupted
	at java.lang.Thread.sleep(Native Method)
	at java.lang.Thread.sleep(Thread.java:340)
	at java.util.concurrent.TimeUnit.sleep(TimeUnit.java:386)
	at org.apache.ratis.util.TimeDuration.sleep(TimeDuration.java:324)
	at org.apache.ratis.util.TimeDuration.sleep(TimeDuration.java:309)
	at org.apache.ratis.server.impl.FollowerState.run(FollowerState.java:118)
2022-02-04 12:59:32,876 [ForkJoinPool.commonPool-worker-0] INFO  impl.StateMachineUpdater (StateMachineUpdater.java:stopAndJoin(149)) - d1d82d8d-040b-42cf-acad-3b53dec65cc7@group-F65584743E6E-StateMachineUpdater: set stopIndex = 0
2022-02-04 12:59:32,877 [d1d82d8d-040b-42cf-acad-3b53dec65cc7@group-F65584743E6E-StateMachineUpdater] INFO  ratis.ContainerStateMachine (ContainerStateMachine.java:takeSnapshot(299)) - group-F65584743E6E: Taking a snapshot at:(t:2, i:0) file /home/runner/work/ozone/ozone/hadoop-ozone/integration-test/target/test-dir/MiniOzoneClusterImpl-2de8e96d-15a2-401a-96b2-d4c0b97aa068/datanode-0/data/ratis/00ae2468-2365-401f-baae-f65584743e6e/sm/snapshot.2_0
2022-02-04 12:59:32,877 [Mini-Cluster-Provider-Reap] INFO  impl.StateMachineUpdater (StateMachineUpdater.java:stopAndJoin(149)) - b6f6ffb2-2f05-4b6e-813a-dd4c5505c79c@group-F65584743E6E-StateMachineUpdater: set stopIndex = 0
2022-02-04 12:59:32,878 [d1d82d8d-040b-42cf-acad-3b53dec65cc7@group-F65584743E6E-StateMachineUpdater] INFO  ratis.ContainerStateMachine (ContainerStateMachine.java:takeSnapshot(310)) - group-F65584743E6E: Finished taking a snapshot at:(t:2, i:0) file:/home/runner/work/ozone/ozone/hadoop-ozone/integration-test/target/test-dir/MiniOzoneClusterImpl-2de8e96d-15a2-401a-96b2-d4c0b97aa068/datanode-0/data/ratis/00ae2468-2365-401f-baae-f65584743e6e/sm/snapshot.2_0 took: 2 ms
2022-02-04 12:59:32,878 [d1d82d8d-040b-42cf-acad-3b53dec65cc7@group-F65584743E6E-StateMachineUpdater] INFO  impl.StateMachineUpdater (StateMachineUpdater.java:takeSnapshot(281)) - d1d82d8d-040b-42cf-acad-3b53dec65cc7@group-F65584743E6E-StateMachineUpdater: Took a snapshot at index 0
2022-02-04 12:59:32,878 [d1d82d8d-040b-42cf-acad-3b53dec65cc7@group-F65584743E6E-StateMachineUpdater] INFO  impl.StateMachineUpdater (StateMachineUpdater.java:lambda$new$0(89)) - d1d82d8d-040b-42cf-acad-3b53dec65cc7@group-F65584743E6E-StateMachineUpdater: snapshotIndex: updateIncreasingly -1 -> 0
2022-02-04 12:59:32,879 [b6f6ffb2-2f05-4b6e-813a-dd4c5505c79c@group-F65584743E6E-StateMachineUpdater] INFO  ratis.ContainerStateMachine (ContainerStateMachine.java:takeSnapshot(299)) - group-F65584743E6E: Taking a snapshot at:(t:2, i:0) file /home/runner/work/ozone/ozone/hadoop-ozone/integration-test/target/test-dir/MiniOzoneClusterImpl-2de8e96d-15a2-401a-96b2-d4c0b97aa068/datanode-1/data/ratis/00ae2468-2365-401f-baae-f65584743e6e/sm/snapshot.2_0
2022-02-04 12:59:32,879 [ForkJoinPool.commonPool-worker-0] INFO  server.RaftServer$Division (ServerState.java:close(419)) - d1d82d8d-040b-42cf-acad-3b53dec65cc7@group-F65584743E6E: closes. applyIndex: 0
2022-02-04 12:59:32,879 [d1d82d8d-040b-42cf-acad-3b53dec65cc7@group-F65584743E6E-SegmentedRaftLogWorker] INFO  segmented.SegmentedRaftLogWorker (SegmentedRaftLogWorker.java:run(327)) - d1d82d8d-040b-42cf-acad-3b53dec65cc7@group-F65584743E6E-SegmentedRaftLogWorker was interrupted, exiting. There are 0 tasks remaining in the queue.
2022-02-04 12:59:32,880 [b6f6ffb2-2f05-4b6e-813a-dd4c5505c79c@group-F65584743E6E-StateMachineUpdater] INFO  ratis.ContainerStateMachine (ContainerStateMachine.java:takeSnapshot(310)) - group-F65584743E6E: Finished taking a snapshot at:(t:2, i:0) file:/home/runner/work/ozone/ozone/hadoop-ozone/integration-test/target/test-dir/MiniOzoneClusterImpl-2de8e96d-15a2-401a-96b2-d4c0b97aa068/datanode-1/data/ratis/00ae2468-2365-401f-baae-f65584743e6e/sm/snapshot.2_0 took: 0 ms
2022-02-04 12:59:32,880 [b6f6ffb2-2f05-4b6e-813a-dd4c5505c79c@group-F65584743E6E-StateMachineUpdater] INFO  impl.StateMachineUpdater (StateMachineUpdater.java:takeSnapshot(281)) - b6f6ffb2-2f05-4b6e-813a-dd4c5505c79c@group-F65584743E6E-StateMachineUpdater: Took a snapshot at index 0
2022-02-04 12:59:32,880 [b6f6ffb2-2f05-4b6e-813a-dd4c5505c79c@group-F65584743E6E-StateMachineUpdater] INFO  impl.StateMachineUpdater (StateMachineUpdater.java:lambda$new$0(89)) - b6f6ffb2-2f05-4b6e-813a-dd4c5505c79c@group-F65584743E6E-StateMachineUpdater: snapshotIndex: updateIncreasingly -1 -> 0
2022-02-04 12:59:32,880 [Mini-Cluster-Provider-Reap] INFO  server.RaftServer$Division (ServerState.java:close(419)) - b6f6ffb2-2f05-4b6e-813a-dd4c5505c79c@group-F65584743E6E: closes. applyIndex: 0
2022-02-04 12:59:32,880 [b6f6ffb2-2f05-4b6e-813a-dd4c5505c79c@group-F65584743E6E-SegmentedRaftLogWorker] INFO  segmented.SegmentedRaftLogWorker (SegmentedRaftLogWorker.java:run(327)) - b6f6ffb2-2f05-4b6e-813a-dd4c5505c79c@group-F65584743E6E-SegmentedRaftLogWorker was interrupted, exiting. There are 0 tasks remaining in the queue.
2022-02-04 12:59:32,880 [Mini-Cluster-Provider-Reap] INFO  segmented.SegmentedRaftLogWorker (SegmentedRaftLogWorker.java:close(237)) - b6f6ffb2-2f05-4b6e-813a-dd4c5505c79c@group-F65584743E6E-SegmentedRaftLogWorker close()
2022-02-04 12:59:32,880 [ForkJoinPool.commonPool-worker-0] INFO  segmented.SegmentedRaftLogWorker (SegmentedRaftLogWorker.java:close(237)) - d1d82d8d-040b-42cf-acad-3b53dec65cc7@group-F65584743E6E-SegmentedRaftLogWorker close()
2022-02-04 12:59:32,882 [Mini-Cluster-Provider-Reap] INFO  server.GrpcService (GrpcService.java:closeImpl(262)) - b6f6ffb2-2f05-4b6e-813a-dd4c5505c79c: shutdown server with port 42285 now
2022-02-04 12:59:32,882 [ForkJoinPool.commonPool-worker-0] INFO  server.GrpcService (GrpcService.java:closeImpl(262)) - d1d82d8d-040b-42cf-acad-3b53dec65cc7: shutdown server with port 37807 now
2022-02-04 12:59:32,892 [grpc-default-executor-3] WARN  client.GrpcClientProtocolService (LogUtils.java:warn(122)) - 2-UnorderedRequestStreamObserver2: onError: org.apache.ratis.thirdparty.io.grpc.StatusRuntimeException: CANCELLED: client cancelled
2022-02-04 12:59:32,895 [ForkJoinPool.commonPool-worker-0] INFO  server.GrpcService (GrpcService.java:closeImpl(271)) - d1d82d8d-040b-42cf-acad-3b53dec65cc7: shutdown server with port 37807 successfully
2022-02-04 12:59:32,895 [org.apache.ratis.util.JvmPauseMonitor$$Lambda$545/901670684@e0c65b2] INFO  util.JvmPauseMonitor (JvmPauseMonitor.java:run(109)) - JvmPauseMonitor-d1d82d8d-040b-42cf-acad-3b53dec65cc7: Stopped
2022-02-04 12:59:32,903 [Mini-Cluster-Provider-Reap] INFO  server.GrpcService (GrpcService.java:closeImpl(271)) - b6f6ffb2-2f05-4b6e-813a-dd4c5505c79c: shutdown server with port 42285 successfully
2022-02-04 12:59:32,904 [org.apache.ratis.util.JvmPauseMonitor$$Lambda$545/901670684@d59425b] INFO  util.JvmPauseMonitor (JvmPauseMonitor.java:run(109)) - JvmPauseMonitor-b6f6ffb2-2f05-4b6e-813a-dd4c5505c79c: Stopped
2022-02-04 12:59:32,970 [EventQueue-OpenPipelineForHealthyPipelineSafeModeRule] INFO  safemode.SCMSafeModeManager (HealthyPipelineSafeModeRule.java:process(124)) - SCM in safe mode. Healthy pipelines reported count is 0, required healthy pipeline reported count is 1
2022-02-04 12:59:33,072 [Time-limited test] INFO  upgrade.UpgradeFinalizer (BasicUpgradeFinalizer.java:logAndEmit(342)) -   Existing pipelines and containers will be closed during Upgrade.
  New pipelines creation will remain frozen until Upgrade is finalized.
2022-02-04 12:59:33,073 [Time-limited test] INFO  ozone.MiniOzoneClusterImpl (MiniOzoneClusterImpl.java:restartStorageContainerManager(345)) - Restarting SCM in cluster class org.apache.hadoop.ozone.MiniOzoneClusterImpl
2022-02-04 12:59:33,073 [Time-limited test] INFO  server.StorageContainerManager (StorageContainerManager.java:stop(1390)) - Stopping Container Balancer service.
2022-02-04 12:59:33,073 [Time-limited test] INFO  balancer.ContainerBalancer (ContainerBalancer.java:stop(751)) - Container Balancer is not running.
2022-02-04 12:59:33,073 [Time-limited test] INFO  server.StorageContainerManager (StorageContainerManager.java:stop(1397)) - Stopping Replication Manager Service.
2022-02-04 12:59:33,073 [Time-limited test] INFO  container.ReplicationManager (ReplicationManager.java:stop(357)) - Stopping Replication Monitor Thread.
2022-02-04 12:59:33,075 [Time-limited test] INFO  server.StorageContainerManager (StorageContainerManager.java:stop(1404)) - Stopping the Datanode Admin Monitor.
2022-02-04 12:59:33,075 [Time-limited test] INFO  server.StorageContainerManager (StorageContainerManager.java:stop(1411)) - Stopping Lease Manager of the command watchers
2022-02-04 12:59:33,076 [Time-limited test] INFO  server.StorageContainerManager (StorageContainerManager.java:stop(1418)) - Stopping datanode service RPC server
2022-02-04 12:59:33,076 [Time-limited test] INFO  server.SCMDatanodeProtocolServer (SCMDatanodeProtocolServer.java:stop(390)) - Stopping the RPC server for DataNodes
2022-02-04 12:59:33,077 [Time-limited test] INFO  ipc.Server (Server.java:stop(3414)) - Stopping server on 41383
2022-02-04 12:59:33,078 [IPC Server listener on 0] INFO  ipc.Server (Server.java:run(1376)) - Stopping IPC Server listener on 0
2022-02-04 12:59:33,079 [IPC Server handler 0 on default port 41383] WARN  ipc.Server (Server.java:processResponse(1717)) - IPC Server handler 0 on default port 41383, call Call#566 Retry#0 org.apache.hadoop.ozone.protocol.StorageContainerDatanodeProtocol.submitRequest from 10.1.0.52:43360: output error
2022-02-04 12:59:33,080 [IPC Server handler 0 on default port 41383] INFO  ipc.Server (Server.java:run(2979)) - IPC Server handler 0 on default port 41383 caught an exception
java.nio.channels.ClosedChannelException
	at sun.nio.ch.SocketChannelImpl.ensureWriteOpen(SocketChannelImpl.java:269)
	at sun.nio.ch.SocketChannelImpl.write(SocketChannelImpl.java:460)
	at org.apache.hadoop.ipc.Server.channelWrite(Server.java:3605)
	at org.apache.hadoop.ipc.Server.access$1700(Server.java:141)
	at org.apache.hadoop.ipc.Server$Responder.processResponse(Server.java:1667)
	at org.apache.hadoop.ipc.Server$Responder.doRespond(Server.java:1737)
	at org.apache.hadoop.ipc.Server$Connection.sendResponse(Server.java:2837)
	at org.apache.hadoop.ipc.Server$Connection.access$300(Server.java:1809)
	at org.apache.hadoop.ipc.Server$RpcCall.doResponse(Server.java:1117)
	at org.apache.hadoop.ipc.Server$Call.doResponse(Server.java:909)
	at org.apache.hadoop.ipc.Server$Call.sendResponse(Server.java:895)
	at org.apache.hadoop.ipc.Server$RpcCall.run(Server.java:1052)
	at org.apache.hadoop.ipc.Server$RpcCall.run(Server.java:963)
	at java.security.AccessController.doPrivileged(Native Method)
	at javax.security.auth.Subject.doAs(Subject.java:422)
	at org.apache.hadoop.security.UserGroupInformation.doAs(UserGroupInformation.java:1878)
	at org.apache.hadoop.ipc.Server$Handler.run(Server.java:2966)
2022-02-04 12:59:33,081 [IPC Server Responder] INFO  ipc.Server (Server.java:run(1512)) - Stopping IPC Server Responder
2022-02-04 12:59:33,084 [EndpointStateMachine task thread for /0.0.0.0:41383 - 0 ] WARN  statemachine.EndpointStateMachine (EndpointStateMachine.java:logIfNeeded(236)) - Unable to communicate to SCM server at 0.0.0.0:41383 for past 0 seconds.
java.io.EOFException: End of File Exception between local host is: "fv-az116-891/10.1.0.52"; destination host is: "0.0.0.0":41383; : java.io.EOFException; For more details see:  http://wiki.apache.org/hadoop/EOFException
	at sun.reflect.NativeConstructorAccessorImpl.newInstance0(Native Method)
	at sun.reflect.NativeConstructorAccessorImpl.newInstance(NativeConstructorAccessorImpl.java:62)
	at sun.reflect.DelegatingConstructorAccessorImpl.newInstance(DelegatingConstructorAccessorImpl.java:45)
	at java.lang.reflect.Constructor.newInstance(Constructor.java:423)
	at org.apache.hadoop.net.NetUtils.wrapWithMessage(NetUtils.java:913)
	at org.apache.hadoop.net.NetUtils.wrapException(NetUtils.java:862)
	at org.apache.hadoop.ipc.Client.getRpcResponse(Client.java:1577)
	at org.apache.hadoop.ipc.Client.call(Client.java:1519)
	at org.apache.hadoop.ipc.Client.call(Client.java:1416)
	at org.apache.hadoop.ipc.ProtobufRpcEngine$Invoker.invoke(ProtobufRpcEngine.java:236)
	at org.apache.hadoop.ipc.ProtobufRpcEngine$Invoker.invoke(ProtobufRpcEngine.java:123)
	at com.sun.proxy.$Proxy51.submitRequest(Unknown Source)
	at org.apache.hadoop.ozone.protocolPB.StorageContainerDatanodeProtocolClientSideTranslatorPB.submitRequest(StorageContainerDatanodeProtocolClientSideTranslatorPB.java:117)
	at org.apache.hadoop.ozone.protocolPB.StorageContainerDatanodeProtocolClientSideTranslatorPB.sendHeartbeat(StorageContainerDatanodeProtocolClientSideTranslatorPB.java:149)
	at org.apache.hadoop.ozone.container.common.states.endpoint.HeartbeatEndpointTask.call(HeartbeatEndpointTask.java:179)
	at org.apache.hadoop.ozone.container.common.states.endpoint.HeartbeatEndpointTask.call(HeartbeatEndpointTask.java:82)
	at java.util.concurrent.FutureTask.run(FutureTask.java:266)
	at java.util.concurrent.ThreadPoolExecutor.runWorker(ThreadPoolExecutor.java:1149)
	at java.util.concurrent.ThreadPoolExecutor$Worker.run(ThreadPoolExecutor.java:624)
	at java.lang.Thread.run(Thread.java:748)
Caused by: java.io.EOFException
	at java.io.DataInputStream.readInt(DataInputStream.java:392)
	at org.apache.hadoop.ipc.Client$IpcStreams.readResponse(Client.java:1892)
	at org.apache.hadoop.ipc.Client$Connection.receiveRpcResponse(Client.java:1202)
	at org.apache.hadoop.ipc.Client$Connection.run(Client.java:1098)
2022-02-04 12:59:33,206 [Listener at 127.0.0.1/43489] INFO  ozone.MiniOzoneClusterImpl (MiniOzoneClusterImpl.java:lambda$waitForClusterToBeReady$0(219)) - Nodes are ready. Got 3 of 3 DN Heartbeats.
2022-02-04 12:59:33,206 [Listener at 127.0.0.1/43489] INFO  ozone.MiniOzoneClusterImpl (MiniOzoneClusterImpl.java:lambda$waitForClusterToBeReady$0(222)) - Waiting for cluster to exit safe mode
2022-02-04 12:59:33,206 [Listener at 127.0.0.1/43489] INFO  ozone.MiniOzoneClusterImpl (MiniOzoneClusterImpl.java:lambda$waitForClusterToBeReady$0(224)) - SCM became leader
2022-02-04 12:59:33,287 [EventQueue-OpenPipelineForHealthyPipelineSafeModeRule] INFO  safemode.SCMSafeModeManager (HealthyPipelineSafeModeRule.java:process(124)) - SCM in safe mode. Healthy pipelines reported count is 0, required healthy pipeline reported count is 1
2022-02-04 12:59:33,350 [SCM Heartbeat Processing Thread - 0] WARN  node.NodeStateManager (NodeStateManager.java:scheduleNextHealthCheck(799)) - Current Thread is interrupted, shutting down HB processing thread for Node Manager.
2022-02-04 12:59:33,352 [Time-limited test] INFO  server.StorageContainerManager (StorageContainerManager.java:stop(1426)) - Stopping block service RPC server
2022-02-04 12:59:33,353 [Time-limited test] INFO  server.SCMBlockProtocolServer (SCMBlockProtocolServer.java:stop(160)) - Stopping the RPC server for Block Protocol
2022-02-04 12:59:33,354 [Time-limited test] INFO  ipc.Server (Server.java:stop(3414)) - Stopping server on 41377
2022-02-04 12:59:33,357 [IPC Server listener on 0] INFO  ipc.Server (Server.java:run(1376)) - Stopping IPC Server listener on 0
2022-02-04 12:59:33,359 [IPC Server Responder] INFO  ipc.Server (Server.java:run(1512)) - Stopping IPC Server Responder
2022-02-04 12:59:33,360 [Time-limited test] INFO  server.StorageContainerManager (StorageContainerManager.java:stop(1433)) - Stopping the StorageContainerLocationProtocol RPC server
2022-02-04 12:59:33,361 [Time-limited test] INFO  server.SCMClientProtocolServer (SCMClientProtocolServer.java:stop(174)) - Stopping the RPC server for Client Protocol
2022-02-04 12:59:33,362 [Time-limited test] INFO  ipc.Server (Server.java:stop(3414)) - Stopping server on 33141
2022-02-04 12:59:33,365 [IPC Server listener on 0] INFO  ipc.Server (Server.java:run(1376)) - Stopping IPC Server listener on 0
2022-02-04 12:59:33,366 [IPC Server Responder] INFO  ipc.Server (Server.java:run(1512)) - Stopping IPC Server Responder
2022-02-04 12:59:33,368 [Time-limited test] INFO  server.StorageContainerManager (StorageContainerManager.java:stop(1440)) - Stopping Storage Container Manager HTTP server.
2022-02-04 12:59:33,371 [Time-limited test] INFO  handler.ContextHandler (ContextHandler.java:doStop(1153)) - Stopped o.e.j.w.WebAppContext@1270072f{scm,/,null,STOPPED}{file:/home/runner/work/ozone/ozone/hadoop-ozone/integration-test/target/test-classes/webapps/scm}
2022-02-04 12:59:33,372 [Time-limited test] INFO  server.AbstractConnector (AbstractConnector.java:doStop(381)) - Stopped ServerConnector@506d3251{HTTP/1.1, (http/1.1)}{0.0.0.0:0}
2022-02-04 12:59:33,372 [Time-limited test] INFO  server.session (HouseKeeper.java:stopScavenging(149)) - node0 Stopped scavenging
2022-02-04 12:59:33,373 [Time-limited test] INFO  handler.ContextHandler (ContextHandler.java:doStop(1153)) - Stopped o.e.j.s.ServletContextHandler@75c1997{static,/static,file:///home/runner/work/ozone/ozone/hadoop-ozone/integration-test/target/test-classes/webapps/static,STOPPED}
2022-02-04 12:59:33,376 [Time-limited test] INFO  handler.ContextHandler (ContextHandler.java:doStop(1153)) - Stopped o.e.j.s.ServletContextHandler@6df7ee19{logs,/logs,file:///home/runner/work/ozone/ozone/hadoop-ozone/integration-test/target/log,STOPPED}
2022-02-04 12:59:33,377 [Time-limited test] INFO  server.StorageContainerManager (StorageContainerManager.java:stop(1451)) - Stopping Block Manager Service.
2022-02-04 12:59:33,377 [Time-limited test] INFO  utils.BackgroundService (BackgroundService.java:shutdown(132)) - Shutting down service SCMBlockDeletingService
2022-02-04 12:59:33,378 [Time-limited test] INFO  utils.BackgroundService (BackgroundService.java:shutdown(132)) - Shutting down service SCMBlockDeletingService
2022-02-04 12:59:33,382 [Time-limited test] INFO  server.StorageContainerManager (StorageContainerManager.java:stop(1478)) - Stopping SCM Event Queue.
2022-02-04 12:59:33,388 [Time-limited test] INFO  server.StorageContainerManager (StorageContainerManager.java:stop(1489)) - Stopping SCM HA services.
2022-02-04 12:59:33,388 [Time-limited test] WARN  pipeline.BackgroundPipelineCreator (BackgroundPipelineCreator.java:stop(154)) - RatisPipelineUtilsThread is not running, just ignore.
2022-02-04 12:59:33,388 [Time-limited test] INFO  server.StorageContainerManager (StorageContainerManager.java:stop(1499)) - Stopping SCM MetadataStore.
2022-02-04 12:59:33,391 [Time-limited test] INFO  impl.MetricsSystemImpl (MetricsSystemImpl.java:stop(210)) - Stopping StorageContainerManager metrics system...
2022-02-04 12:59:33,394 [prometheus] INFO  impl.MetricsSinkAdapter (MetricsSinkAdapter.java:publishMetricsFromQueue(141)) - prometheus thread interrupted.
2022-02-04 12:59:33,395 [Time-limited test] INFO  impl.MetricsSystemImpl (MetricsSystemImpl.java:stop(216)) - StorageContainerManager metrics system stopped.
2022-02-04 12:59:33,395 [Time-limited test] INFO  ha.SCMHANodeDetails (SCMHANodeDetails.java:loadSCMHAConfig(157)) - ServiceID for StorageContainerManager is null
2022-02-04 12:59:33,395 [Time-limited test] INFO  ha.SCMHANodeDetails (SCMHANodeDetails.java:loadSCMHAConfig(162)) - ozone.scm.default.service.id is not defined, falling back to ozone.scm.service.ids to find serviceID for StorageContainerManager if it is HA enabled cluster
2022-02-04 12:59:33,396 [Time-limited test] WARN  server.ServerUtils (ServerUtils.java:getScmDbDir(148)) - ozone.scm.db.dirs is not configured. We recommend adding this setting. Falling back to ozone.metadata.dirs instead.
2022-02-04 12:59:33,396 [Time-limited test] INFO  upgrade.AbstractLayoutVersionManager (AbstractLayoutVersionManager.java:init(79)) - Initializing Layout version manager with metadata layout = INITIAL_VERSION (version = 0), software layout = SCM_HA (version = 2)
2022-02-04 12:59:33,439 [Time-limited test] INFO  reflections.Reflections (Reflections.java:scan(232)) - Reflections took 36 ms to scan 7 urls, producing 119 keys and 279 values 
2022-02-04 12:59:33,440 [Time-limited test] INFO  upgrade.HDDSLayoutVersionManager (HDDSLayoutVersionManager.java:lambda$registerUpgradeActions$0(76)) - Registering Upgrade Action : DatanodeSchemaV2FinalizeAction
2022-02-04 12:59:33,440 [Time-limited test] INFO  upgrade.HDDSLayoutVersionManager (HDDSLayoutVersionManager.java:lambda$registerUpgradeActions$0(76)) - Registering Upgrade Action : ScmOnFinalizeActionForDatanodeSchemaV2
2022-02-04 12:59:33,440 [Time-limited test] INFO  upgrade.HDDSLayoutVersionManager (HDDSLayoutVersionManager.java:lambda$registerUpgradeActions$0(76)) - Registering Upgrade Action : ScmHAFinalizeUpgradeActionDatanode
2022-02-04 12:59:33,440 [Time-limited test] INFO  upgrade.HDDSLayoutVersionManager (HDDSLayoutVersionManager.java:lambda$registerUpgradeActions$0(76)) - Registering Upgrade Action : ScmHAUnfinalizedStateValidationAction
2022-02-04 12:59:33,441 [Time-limited test] WARN  utils.HAUtils (HAUtils.java:getMetaDir(342)) - ozone.scm.db.dirs is not configured. We recommend adding this setting. Falling back to ozone.metadata.dirs instead.
2022-02-04 12:59:33,442 [Time-limited test] WARN  db.DBStoreBuilder (DBStoreBuilder.java:applyDBDefinition(145)) - ozone.scm.db.dirs is not configured. We recommend adding this setting. Falling back to ozone.metadata.dirs instead.
2022-02-04 12:59:33,471 [Time-limited test] INFO  net.NodeSchemaLoader (NodeSchemaLoader.java:loadSchemaFromFile(129)) - Loading schema from [jar:file:/home/runner/.m2/repository/org/apache/ozone/hdds-common/1.3.0-SNAPSHOT/hdds-common-1.3.0-SNAPSHOT.jar!/network-topology-default.xml]
2022-02-04 12:59:33,472 [Time-limited test] INFO  net.NodeSchemaLoader (NodeSchemaLoader.java:loadSchema(176)) - Loading network topology layer schema file
2022-02-04 12:59:33,474 [Time-limited test] WARN  impl.MetricRegistriesImpl (MetricRegistriesImpl.java:addReporterRegistration(111)) - New reporters are added after registries were created. Some metrics will be missing from the reporter. Please add reporter before adding any new registry.
2022-02-04 12:59:33,474 [Time-limited test] WARN  impl.MetricRegistriesImpl (MetricRegistriesImpl.java:addReporterRegistration(111)) - New reporters are added after registries were created. Some metrics will be missing from the reporter. Please add reporter before adding any new registry.
2022-02-04 12:59:33,474 [Time-limited test] INFO  ha.SequenceIdGenerator (SequenceIdGenerator.java:<init>(218)) - Init the HA SequenceIdGenerator.
2022-02-04 12:59:33,479 [Time-limited test] INFO  node.SCMNodeManager (SCMNodeManager.java:<init>(144)) - Entering startup safe mode.
2022-02-04 12:59:33,480 [Time-limited test] INFO  algorithms.ContainerPlacementPolicyFactory (ContainerPlacementPolicyFactory.java:getPolicy(60)) - Create container placement policy of type org.apache.hadoop.hdds.scm.container.placement.algorithms.SCMContainerPlacementRandom
2022-02-04 12:59:33,481 [Time-limited test] INFO  algorithms.LeaderChoosePolicyFactory (LeaderChoosePolicyFactory.java:getPolicy(57)) - Create leader choose policy of type org.apache.hadoop.hdds.scm.pipeline.leader.choose.algorithms.MinLeaderCountChoosePolicy
2022-02-04 12:59:33,481 [Time-limited test] INFO  ha.SCMServiceManager (SCMServiceManager.java:register(43)) - Registering service BackgroundPipelineCreator.
2022-02-04 12:59:33,481 [Time-limited test] INFO  pipeline.BackgroundPipelineCreator (BackgroundPipelineCreator.java:start(130)) - Starting RatisPipelineUtilsThread.
2022-02-04 12:59:33,482 [Time-limited test] INFO  algorithms.PipelineChoosePolicyFactory (PipelineChoosePolicyFactory.java:createPipelineChoosePolicyFromClass(73)) - Create pipeline choose policy of type org.apache.hadoop.hdds.scm.pipeline.choose.algorithms.RandomPipelineChoosePolicy
2022-02-04 12:59:33,482 [Time-limited test] INFO  ha.SCMServiceManager (SCMServiceManager.java:register(43)) - Registering service SCMBlockDeletingService.
2022-02-04 12:59:33,482 [Time-limited test] INFO  ha.SCMServiceManager (SCMServiceManager.java:register(43)) - Registering service ReplicationManager.
2022-02-04 12:59:33,483 [Time-limited test] INFO  container.ReplicationManager (ReplicationManager.java:start(326)) - Starting Replication Monitor Thread.
2022-02-04 12:59:33,483 [Time-limited test] INFO  safemode.ContainerSafeModeRule (ContainerSafeModeRule.java:<init>(89)) - containers with one replica threshold count 2
2022-02-04 12:59:33,483 [Time-limited test] INFO  safemode.HealthyPipelineSafeModeRule (HealthyPipelineSafeModeRule.java:initializeRule(156)) - Total pipeline count is 0, healthy pipeline threshold count is 1
2022-02-04 12:59:33,483 [Time-limited test] INFO  safemode.OneReplicaPipelineSafeModeRule (OneReplicaPipelineSafeModeRule.java:initializeRule(180)) - Total pipeline count is 0, pipeline's with at least one datanode reported threshold count is 0
2022-02-04 12:59:33,484 [Time-limited test] INFO  ipc.CallQueueManager (CallQueueManager.java:<init>(90)) - Using callQueue: class java.util.concurrent.LinkedBlockingQueue, queueCapacity: 2000, scheduler: class org.apache.hadoop.ipc.DefaultRpcScheduler, ipcBackoff: false.
2022-02-04 12:59:33,485 [Socket Reader #1 for port 41383] INFO  ipc.Server (Server.java:run(1265)) - Starting Socket Reader #1 for port 41383
2022-02-04 12:59:33,486 [Listener at 0.0.0.0/41383] INFO  ipc.CallQueueManager (CallQueueManager.java:<init>(90)) - Using callQueue: class java.util.concurrent.LinkedBlockingQueue, queueCapacity: 2000, scheduler: class org.apache.hadoop.ipc.DefaultRpcScheduler, ipcBackoff: false.
2022-02-04 12:59:33,486 [Socket Reader #1 for port 41377] INFO  ipc.Server (Server.java:run(1265)) - Starting Socket Reader #1 for port 41377
2022-02-04 12:59:33,487 [Listener at 0.0.0.0/41377] INFO  ipc.CallQueueManager (CallQueueManager.java:<init>(90)) - Using callQueue: class java.util.concurrent.LinkedBlockingQueue, queueCapacity: 2000, scheduler: class org.apache.hadoop.ipc.DefaultRpcScheduler, ipcBackoff: false.
2022-02-04 12:59:33,488 [Socket Reader #1 for port 33141] INFO  ipc.Server (Server.java:run(1265)) - Starting Socket Reader #1 for port 33141
2022-02-04 12:59:33,495 [ReplicationMonitor] INFO  container.ReplicationManager (ReplicationManager.java:processAll(374)) - Replication Manager is not ready to run until 3000ms after safemode exit
2022-02-04 12:59:33,514 [Listener at 0.0.0.0/33141] INFO  algorithms.ContainerPlacementPolicyFactory (ContainerPlacementPolicyFactory.java:getPolicy(60)) - Create container placement policy of type org.apache.hadoop.hdds.scm.container.placement.algorithms.SCMContainerPlacementRandom
2022-02-04 12:59:33,514 [Listener at 0.0.0.0/33141] INFO  server.StorageContainerManager (StorageContainerManager.java:<init>(388)) - 
Container Balancer status:
Key                            Value
Running                        false
Container Balancer Configuration values:
Key                                                Value
Threshold                                          10
Max Datanodes to Involve per Iteration(percent)    20
Max Size to Move per Iteration                     500GB
Max Size Entering Target per Iteration             26GB
Max Size Leaving Source per Iteration              26GB

2022-02-04 12:59:33,514 [Listener at 0.0.0.0/33141] WARN  events.EventQueue (EventQueue.java:fireEvent(194)) - No event handler registered for event TypedEvent{payloadType=SafeModeStatus, name='Safe mode status'}
2022-02-04 12:59:33,514 [Listener at 0.0.0.0/33141] INFO  ha.SCMContext (SCMContext.java:updateSafeModeStatus(211)) - Update SafeModeStatus from SafeModeStatus{safeModeStatus=true, preCheckPassed=false} to SafeModeStatus{safeModeStatus=true, preCheckPassed=false}.
2022-02-04 12:59:33,515 [Listener at 0.0.0.0/33141] INFO  upgrade.UpgradeFinalizer (BasicUpgradeFinalizer.java:runPrefinalizeStateActions(235)) - Running pre-finalized state validations for unfinalized layout features.
2022-02-04 12:59:33,515 [Listener at 0.0.0.0/33141] INFO  upgrade.UpgradeFinalizer (BasicUpgradeFinalizer.java:runValidationAction(264)) - Executing pre finalize state validation ScmHAUnfinalizedStateValidationAction
2022-02-04 12:59:33,515 [Listener at 0.0.0.0/33141] INFO  upgrade.UpgradeFinalizer (BasicUpgradeFinalizer.java:runPrefinalizeStateActions(248)) - Running first upgrade commands for unfinalized layout features.
2022-02-04 12:59:33,515 [Listener at 0.0.0.0/33141] INFO  server.StorageContainerManager (StorageContainerManager.java:start(1303)) - StorageContainerLocationProtocol RPC server is listening at /0.0.0.0:33141
2022-02-04 12:59:33,516 [Listener at 0.0.0.0/33141] WARN  impl.MetricsConfig (MetricsConfig.java:loadFirst(136)) - Cannot locate configuration: tried hadoop-metrics2-storagecontainermanager.properties,hadoop-metrics2.properties
2022-02-04 12:59:33,520 [Listener at 0.0.0.0/33141] INFO  impl.MetricsSystemImpl (MetricsSystemImpl.java:startTimer(378)) - Scheduled Metric snapshot period at 10 second(s).
2022-02-04 12:59:33,521 [Listener at 0.0.0.0/33141] INFO  impl.MetricsSystemImpl (MetricsSystemImpl.java:start(191)) - StorageContainerManager metrics system started
2022-02-04 12:59:33,533 [Listener at 0.0.0.0/33141] INFO  impl.MetricsSinkAdapter (MetricsSinkAdapter.java:start(204)) - Sink prometheus started
2022-02-04 12:59:33,533 [Listener at 0.0.0.0/33141] INFO  impl.MetricsSystemImpl (MetricsSystemImpl.java:registerSink(305)) - Registered sink prometheus
2022-02-04 12:59:33,557 [Listener at 0.0.0.0/33141] INFO  server.SCMClientProtocolServer (SCMClientProtocolServer.java:start(165)) - RPC server for Client  is listening at /0.0.0.0:33141
2022-02-04 12:59:33,558 [IPC Server Responder] INFO  ipc.Server (Server.java:run(1507)) - IPC Server Responder: starting
2022-02-04 12:59:33,562 [IPC Server listener on 33141] INFO  ipc.Server (Server.java:run(1344)) - IPC Server listener on 33141: starting
2022-02-04 12:59:33,569 [Listener at 0.0.0.0/33141] INFO  server.StorageContainerManager (StorageContainerManager.java:start(1318)) - ScmBlockLocationProtocol RPC server is listening at /0.0.0.0:41377
2022-02-04 12:59:33,569 [Listener at 0.0.0.0/33141] INFO  server.SCMBlockProtocolServer (SCMBlockProtocolServer.java:start(151)) - RPC server for Block Protocol is listening at /0.0.0.0:41377
2022-02-04 12:59:33,570 [IPC Server Responder] INFO  ipc.Server (Server.java:run(1507)) - IPC Server Responder: starting
2022-02-04 12:59:33,570 [IPC Server listener on 41377] INFO  ipc.Server (Server.java:run(1344)) - IPC Server listener on 41377: starting
2022-02-04 12:59:33,583 [Listener at 0.0.0.0/33141] INFO  server.SCMDatanodeProtocolServer (SCMDatanodeProtocolServer.java:start(181)) - ScmDatanodeProtocol RPC server for DataNodes is listening at /0.0.0.0:41383
2022-02-04 12:59:33,583 [IPC Server Responder] INFO  ipc.Server (Server.java:run(1507)) - IPC Server Responder: starting
2022-02-04 12:59:33,584 [IPC Server listener on 41383] INFO  ipc.Server (Server.java:run(1344)) - IPC Server listener on 41383: starting
2022-02-04 12:59:33,590 [Listener at 0.0.0.0/33141] INFO  http.BaseHttpServer (BaseHttpServer.java:newHttpServer2BuilderForOzone(209)) - Starting Web-server for scm at: http://0.0.0.0:43437
2022-02-04 12:59:33,590 [Listener at 0.0.0.0/33141] INFO  http.BaseHttpServer (BaseHttpServer.java:<init>(107)) - Hadoop Security Enabled: false Ozone Security Enabled: false Ozone HTTP Security Enabled: false 
2022-02-04 12:59:33,590 [org.apache.hadoop.util.JvmPauseMonitor$Monitor@34d4ea8a] INFO  util.JvmPauseMonitor (JvmPauseMonitor.java:run(188)) - Starting JVM pause monitor
2022-02-04 12:59:33,591 [Listener at 0.0.0.0/33141] INFO  server.AuthenticationFilter (AuthenticationFilter.java:constructSecretProvider(240)) - Unable to initialize FileSignerSecretProvider, falling back to use random secrets.
2022-02-04 12:59:33,597 [Listener at 0.0.0.0/33141] WARN  http.HttpRequestLog (HttpRequestLog.java:getRequestLog(103)) - Jetty request log can only be enabled using Log4j
2022-02-04 12:59:33,598 [Listener at 0.0.0.0/33141] INFO  http.HttpServer2 (HttpServer2.java:addGlobalFilter(1030)) - Added global filter 'safety' (class=org.apache.hadoop.hdds.server.http.HttpServer2$QuotingInputFilter)
2022-02-04 12:59:33,599 [Listener at 0.0.0.0/33141] INFO  http.HttpServer2 (HttpServer2.java:addFilter(1006)) - Added filter static_user_filter (class=org.apache.hadoop.http.lib.StaticUserWebFilter$StaticUserFilter) to context scm
2022-02-04 12:59:33,599 [Listener at 0.0.0.0/33141] INFO  http.HttpServer2 (HttpServer2.java:addFilter(1014)) - Added filter static_user_filter (class=org.apache.hadoop.http.lib.StaticUserWebFilter$StaticUserFilter) to context logs
2022-02-04 12:59:33,599 [Listener at 0.0.0.0/33141] INFO  http.HttpServer2 (HttpServer2.java:addFilter(1014)) - Added filter static_user_filter (class=org.apache.hadoop.http.lib.StaticUserWebFilter$StaticUserFilter) to context static
2022-02-04 12:59:33,599 [Listener at 0.0.0.0/33141] INFO  http.HttpServer2 (HttpServer2.java:bindListener(1249)) - Jetty bound to port 43437
2022-02-04 12:59:33,599 [Listener at 0.0.0.0/33141] INFO  server.Server (Server.java:doStart(375)) - jetty-9.4.43.v20210629; built: 2021-06-30T11:07:22.254Z; git: 526006ecfa3af7f1a27ef3a288e2bef7ea9dd7e8; jvm 1.8.0_312-b07
2022-02-04 12:59:33,603 [Listener at 0.0.0.0/33141] INFO  server.session (DefaultSessionIdManager.java:doStart(334)) - DefaultSessionIdManager workerName=node0
2022-02-04 12:59:33,603 [Listener at 0.0.0.0/33141] INFO  server.session (DefaultSessionIdManager.java:doStart(339)) - No SessionScavenger set, using defaults
2022-02-04 12:59:33,603 [Listener at 0.0.0.0/33141] INFO  server.session (HouseKeeper.java:startScavenging(132)) - node0 Scavenging every 600000ms
2022-02-04 12:59:33,608 [Listener at 0.0.0.0/33141] INFO  handler.ContextHandler (ContextHandler.java:doStart(915)) - Started o.e.j.s.ServletContextHandler@3ddfec99{logs,/logs,file:///home/runner/work/ozone/ozone/hadoop-ozone/integration-test/target/log,AVAILABLE}
2022-02-04 12:59:33,609 [Listener at 0.0.0.0/33141] INFO  handler.ContextHandler (ContextHandler.java:doStart(915)) - Started o.e.j.s.ServletContextHandler@7a2f7cd{static,/static,file:///home/runner/work/ozone/ozone/hadoop-ozone/integration-test/target/test-classes/webapps/static,AVAILABLE}
2022-02-04 12:59:33,609 [IPC Server handler 0 on default port 41383] INFO  server.SCMDatanodeHeartbeatDispatcher (SCMDatanodeHeartbeatDispatcher.java:dispatch(101)) - SCM received heartbeat from an unregistered datanode 4dd803c0-ea86-48ec-b5c9-2601c1b23b4d{ip: 10.1.0.52, host: fv-az116-891.vzw04321ajxubdbcnpick5nqva.xx.internal.cloudapp.net, ports: [REPLICATION=44173, RATIS=34153, RATIS_ADMIN=34153, RATIS_SERVER=34153, STANDALONE=46171], networkLocation: /default-rack, certSerialId: null, persistedOpState: null, persistedOpStateExpiryEpochSec: 0}. Asking datanode to re-register.
2022-02-04 12:59:33,610 [IPC Server handler 1 on default port 41383] INFO  server.SCMDatanodeHeartbeatDispatcher (SCMDatanodeHeartbeatDispatcher.java:dispatch(101)) - SCM received heartbeat from an unregistered datanode cd33ab12-5c76-4090-ae9e-f8dc2a96321d{ip: 10.1.0.52, host: fv-az116-891.vzw04321ajxubdbcnpick5nqva.xx.internal.cloudapp.net, ports: [REPLICATION=44351, RATIS=40103, RATIS_ADMIN=40103, RATIS_SERVER=40103, STANDALONE=34851], networkLocation: /default-rack, certSerialId: null, persistedOpState: null, persistedOpStateExpiryEpochSec: 0}. Asking datanode to re-register.
2022-02-04 12:59:33,612 [IPC Server handler 1 on default port 41383] INFO  server.SCMDatanodeHeartbeatDispatcher (SCMDatanodeHeartbeatDispatcher.java:dispatch(101)) - SCM received heartbeat from an unregistered datanode 99ec0913-bcd1-4774-8e53-643ce8734cf6{ip: 10.1.0.52, host: fv-az116-891.vzw04321ajxubdbcnpick5nqva.xx.internal.cloudapp.net, ports: [REPLICATION=43877, RATIS=38161, RATIS_ADMIN=38161, RATIS_SERVER=38161, STANDALONE=41191], networkLocation: /default-rack, certSerialId: null, persistedOpState: null, persistedOpStateExpiryEpochSec: 0}. Asking datanode to re-register.
2022-02-04 12:59:33,619 [Listener at 0.0.0.0/33141] INFO  handler.ContextHandler (ContextHandler.java:doStart(915)) - Started o.e.j.w.WebAppContext@42952a8d{scm,/,file:///home/runner/work/ozone/ozone/hadoop-ozone/integration-test/target/test-classes/webapps/scm/,AVAILABLE}{file:/home/runner/work/ozone/ozone/hadoop-ozone/integration-test/target/test-classes/webapps/scm}
2022-02-04 12:59:33,621 [Listener at 0.0.0.0/33141] INFO  server.AbstractConnector (AbstractConnector.java:doStart(331)) - Started ServerConnector@5844b2a3{HTTP/1.1, (http/1.1)}{0.0.0.0:43437}
2022-02-04 12:59:33,621 [Listener at 0.0.0.0/33141] INFO  server.Server (Server.java:doStart(415)) - Started @60302ms
2022-02-04 12:59:33,622 [Listener at 0.0.0.0/33141] WARN  impl.MetricsSystemImpl (MetricsSystemImpl.java:register(279)) - Sink prometheus already exists!
2022-02-04 12:59:33,625 [Listener at 0.0.0.0/33141] INFO  http.BaseHttpServer (BaseHttpServer.java:updateConnectorAddress(329)) - HTTP server of scm listening at http://0.0.0.0:43437
2022-02-04 12:59:33,625 [Listener at 0.0.0.0/33141] INFO  ozone.MiniOzoneClusterImpl (MiniOzoneClusterImpl.java:lambda$waitForClusterToBeReady$0(219)) - Waiting for nodes to be ready. Got 0 of 3 DN Heartbeats.
2022-02-04 12:59:33,625 [Listener at 0.0.0.0/33141] INFO  ozone.MiniOzoneClusterImpl (MiniOzoneClusterImpl.java:lambda$waitForClusterToBeReady$0(222)) - Waiting for cluster to exit safe mode
2022-02-04 12:59:33,625 [Listener at 0.0.0.0/33141] INFO  ozone.MiniOzoneClusterImpl (MiniOzoneClusterImpl.java:lambda$waitForClusterToBeReady$0(224)) - SCM became leader
2022-02-04 12:59:34,070 [IPC Server handler 3 on default port 41383] INFO  net.NetworkTopologyImpl (NetworkTopologyImpl.java:add(112)) - Added a new node: /default-rack/4dd803c0-ea86-48ec-b5c9-2601c1b23b4d
2022-02-04 12:59:34,071 [IPC Server handler 3 on default port 41383] INFO  node.SCMNodeManager (SCMNodeManager.java:register(389)) - Registered Data node : 4dd803c0-ea86-48ec-b5c9-2601c1b23b4d{ip: 10.1.0.52, host: fv-az116-891.vzw04321ajxubdbcnpick5nqva.xx.internal.cloudapp.net, ports: [REPLICATION=44173, RATIS=34153, RATIS_ADMIN=34153, RATIS_SERVER=34153, STANDALONE=46171], networkLocation: /default-rack, certSerialId: null, persistedOpState: null, persistedOpStateExpiryEpochSec: 0}
2022-02-04 12:59:34,075 [EventQueue-NodeRegistrationContainerReportForDataNodeSafeModeRule] INFO  safemode.SCMSafeModeManager (DataNodeSafeModeRule.java:process(71)) - SCM in safe mode. 1 DataNodes registered, 3 required.
2022-02-04 12:59:34,075 [EventQueue-NodeRegistrationContainerReportForContainerSafeModeRule] INFO  safemode.SCMSafeModeManager (ContainerSafeModeRule.java:process(127)) - SCM in safe mode. 100.0 % containers have at least one reported replica.
2022-02-04 12:59:34,075 [EventQueue-NodeRegistrationContainerReportForContainerSafeModeRule] INFO  safemode.SCMSafeModeManager (SCMSafeModeManager.java:validateSafeModeExitRules(204)) - ContainerSafeModeRule rule is successfully validated
2022-02-04 12:59:34,079 [IPC Server handler 4 on default port 41383] INFO  net.NetworkTopologyImpl (NetworkTopologyImpl.java:add(112)) - Added a new node: /default-rack/99ec0913-bcd1-4774-8e53-643ce8734cf6
2022-02-04 12:59:34,079 [IPC Server handler 4 on default port 41383] INFO  node.SCMNodeManager (SCMNodeManager.java:register(389)) - Registered Data node : 99ec0913-bcd1-4774-8e53-643ce8734cf6{ip: 10.1.0.52, host: fv-az116-891.vzw04321ajxubdbcnpick5nqva.xx.internal.cloudapp.net, ports: [REPLICATION=43877, RATIS=38161, RATIS_ADMIN=38161, RATIS_SERVER=38161, STANDALONE=41191], networkLocation: /default-rack, certSerialId: null, persistedOpState: null, persistedOpStateExpiryEpochSec: 0}
2022-02-04 12:59:34,080 [EventQueue-NewNodeForNewNodeHandler] INFO  pipeline.BackgroundPipelineCreator (BackgroundPipelineCreator.java:notifyEventTriggered(285)) - trigger a one-shot run on RatisPipelineUtilsThread.
2022-02-04 12:59:34,080 [EventQueue-NewNodeForNewNodeHandler] INFO  pipeline.BackgroundPipelineCreator (BackgroundPipelineCreator.java:notifyEventTriggered(285)) - trigger a one-shot run on RatisPipelineUtilsThread.
2022-02-04 12:59:34,080 [EventQueue-NodeRegistrationContainerReportForDataNodeSafeModeRule] INFO  safemode.SCMSafeModeManager (DataNodeSafeModeRule.java:process(71)) - SCM in safe mode. 2 DataNodes registered, 3 required.
2022-02-04 12:59:34,080 [RatisPipelineUtilsThread - 0] INFO  pipeline.RatisPipelineProvider (RatisPipelineProvider.java:lambda$create$0(183)) - Sending CreatePipelineCommand for pipeline:PipelineID=ba81bbd6-36b2-4c25-8136-040b0bc54f08 to datanode:99ec0913-bcd1-4774-8e53-643ce8734cf6
2022-02-04 12:59:34,081 [EventQueue-PipelineReportForOneReplicaPipelineSafeModeRule] INFO  safemode.SCMSafeModeManager (SCMSafeModeManager.java:validateSafeModeExitRules(204)) - AtleastOneDatanodeReportedRule rule is successfully validated
2022-02-04 12:59:34,082 [RatisPipelineUtilsThread - 0] INFO  pipeline.PipelineStateManagerImpl (PipelineStateManagerImpl.java:addPipeline(101)) - Created pipeline Pipeline[ Id: ba81bbd6-36b2-4c25-8136-040b0bc54f08, Nodes: 99ec0913-bcd1-4774-8e53-643ce8734cf6{ip: 10.1.0.52, host: fv-az116-891.vzw04321ajxubdbcnpick5nqva.xx.internal.cloudapp.net, ports: [REPLICATION=43877, RATIS=38161, RATIS_ADMIN=38161, RATIS_SERVER=38161, STANDALONE=41191], networkLocation: /default-rack, certSerialId: null, persistedOpState: IN_SERVICE, persistedOpStateExpiryEpochSec: 0}, ReplicationConfig: RATIS/ONE, State:ALLOCATED, leaderId:, CreationTimestamp2022-02-04T12:59:34.080Z[Etc/UTC]].
2022-02-04 12:59:34,083 [RatisPipelineUtilsThread - 0] INFO  pipeline.RatisPipelineProvider (RatisPipelineProvider.java:lambda$create$0(183)) - Sending CreatePipelineCommand for pipeline:PipelineID=a015f9d5-3056-4a16-a89a-9f6b499ce2f6 to datanode:4dd803c0-ea86-48ec-b5c9-2601c1b23b4d
2022-02-04 12:59:34,083 [RatisPipelineUtilsThread - 0] INFO  pipeline.PipelineStateManagerImpl (PipelineStateManagerImpl.java:addPipeline(101)) - Created pipeline Pipeline[ Id: a015f9d5-3056-4a16-a89a-9f6b499ce2f6, Nodes: 4dd803c0-ea86-48ec-b5c9-2601c1b23b4d{ip: 10.1.0.52, host: fv-az116-891.vzw04321ajxubdbcnpick5nqva.xx.internal.cloudapp.net, ports: [REPLICATION=44173, RATIS=34153, RATIS_ADMIN=34153, RATIS_SERVER=34153, STANDALONE=46171], networkLocation: /default-rack, certSerialId: null, persistedOpState: IN_SERVICE, persistedOpStateExpiryEpochSec: 0}, ReplicationConfig: RATIS/ONE, State:ALLOCATED, leaderId:, CreationTimestamp2022-02-04T12:59:34.083Z[Etc/UTC]].
2022-02-04 12:59:34,088 [IPC Server handler 5 on default port 41383] INFO  net.NetworkTopologyImpl (NetworkTopologyImpl.java:add(112)) - Added a new node: /default-rack/cd33ab12-5c76-4090-ae9e-f8dc2a96321d
2022-02-04 12:59:34,088 [IPC Server handler 5 on default port 41383] INFO  node.SCMNodeManager (SCMNodeManager.java:register(389)) - Registered Data node : cd33ab12-5c76-4090-ae9e-f8dc2a96321d{ip: 10.1.0.52, host: fv-az116-891.vzw04321ajxubdbcnpick5nqva.xx.internal.cloudapp.net, ports: [REPLICATION=44351, RATIS=40103, RATIS_ADMIN=40103, RATIS_SERVER=40103, STANDALONE=34851], networkLocation: /default-rack, certSerialId: null, persistedOpState: null, persistedOpStateExpiryEpochSec: 0}
2022-02-04 12:59:34,089 [EventQueue-NewNodeForNewNodeHandler] INFO  pipeline.BackgroundPipelineCreator (BackgroundPipelineCreator.java:notifyEventTriggered(285)) - trigger a one-shot run on RatisPipelineUtilsThread.
2022-02-04 12:59:34,089 [RatisPipelineUtilsThread - 0] INFO  pipeline.RatisPipelineProvider (RatisPipelineProvider.java:lambda$create$0(183)) - Sending CreatePipelineCommand for pipeline:PipelineID=72db46a2-1f21-44a2-8da9-a406557888d6 to datanode:cd33ab12-5c76-4090-ae9e-f8dc2a96321d
2022-02-04 12:59:34,089 [EventQueue-OpenPipelineForHealthyPipelineSafeModeRule] INFO  safemode.SCMSafeModeManager (HealthyPipelineSafeModeRule.java:process(124)) - SCM in safe mode. Healthy pipelines reported count is 0, required healthy pipeline reported count is 1
2022-02-04 12:59:34,089 [EventQueue-OpenPipelineForHealthyPipelineSafeModeRule] INFO  safemode.SCMSafeModeManager (HealthyPipelineSafeModeRule.java:process(124)) - SCM in safe mode. Healthy pipelines reported count is 0, required healthy pipeline reported count is 1
2022-02-04 12:59:34,089 [EventQueue-NodeRegistrationContainerReportForDataNodeSafeModeRule] INFO  safemode.SCMSafeModeManager (DataNodeSafeModeRule.java:process(71)) - SCM in safe mode. 3 DataNodes registered, 3 required.
2022-02-04 12:59:34,089 [EventQueue-NodeRegistrationContainerReportForDataNodeSafeModeRule] INFO  safemode.SCMSafeModeManager (SCMSafeModeManager.java:validateSafeModeExitRules(204)) - DataNodeSafeModeRule rule is successfully validated
2022-02-04 12:59:34,089 [EventQueue-NodeRegistrationContainerReportForDataNodeSafeModeRule] INFO  safemode.SCMSafeModeManager (SCMSafeModeManager.java:completePreCheck(233)) - All SCM safe mode pre check rules have passed
2022-02-04 12:59:34,090 [EventQueue-NodeRegistrationContainerReportForDataNodeSafeModeRule] WARN  events.EventQueue (EventQueue.java:fireEvent(194)) - No event handler registered for event TypedEvent{payloadType=SafeModeStatus, name='Safe mode status'}
2022-02-04 12:59:34,090 [EventQueue-NodeRegistrationContainerReportForDataNodeSafeModeRule] INFO  ha.SCMContext (SCMContext.java:updateSafeModeStatus(211)) - Update SafeModeStatus from SafeModeStatus{safeModeStatus=true, preCheckPassed=false} to SafeModeStatus{safeModeStatus=true, preCheckPassed=true}.
2022-02-04 12:59:34,090 [EventQueue-NodeRegistrationContainerReportForDataNodeSafeModeRule] INFO  pipeline.BackgroundPipelineCreator (BackgroundPipelineCreator.java:notifyEventTriggered(285)) - trigger a one-shot run on RatisPipelineUtilsThread.
2022-02-04 12:59:34,090 [RatisPipelineUtilsThread - 0] INFO  pipeline.PipelineStateManagerImpl (PipelineStateManagerImpl.java:addPipeline(101)) - Created pipeline Pipeline[ Id: 72db46a2-1f21-44a2-8da9-a406557888d6, Nodes: cd33ab12-5c76-4090-ae9e-f8dc2a96321d{ip: 10.1.0.52, host: fv-az116-891.vzw04321ajxubdbcnpick5nqva.xx.internal.cloudapp.net, ports: [REPLICATION=44351, RATIS=40103, RATIS_ADMIN=40103, RATIS_SERVER=40103, STANDALONE=34851], networkLocation: /default-rack, certSerialId: null, persistedOpState: IN_SERVICE, persistedOpStateExpiryEpochSec: 0}, ReplicationConfig: RATIS/ONE, State:ALLOCATED, leaderId:, CreationTimestamp2022-02-04T12:59:34.089Z[Etc/UTC]].
2022-02-04 12:59:34,090 [RatisPipelineUtilsThread - 0] INFO  pipeline.RatisPipelineProvider (RatisPipelineProvider.java:lambda$create$0(183)) - Sending CreatePipelineCommand for pipeline:PipelineID=e44ca63e-d44e-44e5-99a0-3ff861dd1686 to datanode:99ec0913-bcd1-4774-8e53-643ce8734cf6
2022-02-04 12:59:34,090 [RatisPipelineUtilsThread - 0] INFO  pipeline.RatisPipelineProvider (RatisPipelineProvider.java:lambda$create$0(183)) - Sending CreatePipelineCommand for pipeline:PipelineID=e44ca63e-d44e-44e5-99a0-3ff861dd1686 to datanode:4dd803c0-ea86-48ec-b5c9-2601c1b23b4d
2022-02-04 12:59:34,090 [RatisPipelineUtilsThread - 0] INFO  pipeline.RatisPipelineProvider (RatisPipelineProvider.java:lambda$create$0(183)) - Sending CreatePipelineCommand for pipeline:PipelineID=e44ca63e-d44e-44e5-99a0-3ff861dd1686 to datanode:cd33ab12-5c76-4090-ae9e-f8dc2a96321d
2022-02-04 12:59:34,091 [RatisPipelineUtilsThread - 0] INFO  pipeline.PipelineStateManagerImpl (PipelineStateManagerImpl.java:addPipeline(101)) - Created pipeline Pipeline[ Id: e44ca63e-d44e-44e5-99a0-3ff861dd1686, Nodes: 99ec0913-bcd1-4774-8e53-643ce8734cf6{ip: 10.1.0.52, host: fv-az116-891.vzw04321ajxubdbcnpick5nqva.xx.internal.cloudapp.net, ports: [REPLICATION=43877, RATIS=38161, RATIS_ADMIN=38161, RATIS_SERVER=38161, STANDALONE=41191], networkLocation: /default-rack, certSerialId: null, persistedOpState: IN_SERVICE, persistedOpStateExpiryEpochSec: 0}4dd803c0-ea86-48ec-b5c9-2601c1b23b4d{ip: 10.1.0.52, host: fv-az116-891.vzw04321ajxubdbcnpick5nqva.xx.internal.cloudapp.net, ports: [REPLICATION=44173, RATIS=34153, RATIS_ADMIN=34153, RATIS_SERVER=34153, STANDALONE=46171], networkLocation: /default-rack, certSerialId: null, persistedOpState: IN_SERVICE, persistedOpStateExpiryEpochSec: 0}cd33ab12-5c76-4090-ae9e-f8dc2a96321d{ip: 10.1.0.52, host: fv-az116-891.vzw04321ajxubdbcnpick5nqva.xx.internal.cloudapp.net, ports: [REPLICATION=44351, RATIS=40103, RATIS_ADMIN=40103, RATIS_SERVER=40103, STANDALONE=34851], networkLocation: /default-rack, certSerialId: null, persistedOpState: IN_SERVICE, persistedOpStateExpiryEpochSec: 0}, ReplicationConfig: RATIS/THREE, State:ALLOCATED, leaderId:, CreationTimestamp2022-02-04T12:59:34.090Z[Etc/UTC]].
2022-02-04 12:59:34,091 [EventQueue-OpenPipelineForHealthyPipelineSafeModeRule] INFO  safemode.SCMSafeModeManager (HealthyPipelineSafeModeRule.java:process(124)) - SCM in safe mode. Healthy pipelines reported count is 0, required healthy pipeline reported count is 1
2022-02-04 12:59:34,091 [EventQueue-OpenPipelineForHealthyPipelineSafeModeRule] INFO  safemode.SCMSafeModeManager (HealthyPipelineSafeModeRule.java:process(124)) - SCM in safe mode. Healthy pipelines reported count is 1, required healthy pipeline reported count is 1
2022-02-04 12:59:34,091 [EventQueue-OpenPipelineForHealthyPipelineSafeModeRule] INFO  safemode.SCMSafeModeManager (SCMSafeModeManager.java:validateSafeModeExitRules(204)) - HealthyPipelineSafeModeRule rule is successfully validated
2022-02-04 12:59:34,092 [EventQueue-OpenPipelineForHealthyPipelineSafeModeRule] INFO  safemode.SCMSafeModeManager (SCMSafeModeManager.java:validateSafeModeExitRules(219)) - ScmSafeModeManager, all rules are successfully validated
2022-02-04 12:59:34,092 [EventQueue-OpenPipelineForHealthyPipelineSafeModeRule] INFO  safemode.SCMSafeModeManager (SCMSafeModeManager.java:exitSafeMode(248)) - SCM exiting safe mode.
2022-02-04 12:59:34,092 [EventQueue-OpenPipelineForHealthyPipelineSafeModeRule] WARN  events.EventQueue (EventQueue.java:fireEvent(194)) - No event handler registered for event TypedEvent{payloadType=SafeModeStatus, name='Safe mode status'}
2022-02-04 12:59:34,092 [EventQueue-OpenPipelineForHealthyPipelineSafeModeRule] INFO  ha.SCMContext (SCMContext.java:updateSafeModeStatus(211)) - Update SafeModeStatus from SafeModeStatus{safeModeStatus=true, preCheckPassed=true} to SafeModeStatus{safeModeStatus=false, preCheckPassed=true}.
2022-02-04 12:59:34,092 [EventQueue-OpenPipelineForHealthyPipelineSafeModeRule] INFO  pipeline.BackgroundPipelineCreator (BackgroundPipelineCreator.java:notifyStatusChanged(264)) - Service BackgroundPipelineCreator transitions to RUNNING.
2022-02-04 12:59:34,092 [EventQueue-OpenPipelineForHealthyPipelineSafeModeRule] INFO  container.ReplicationManager (ReplicationManager.java:notifyStatusChanged(1807)) - Service ReplicationManager transitions to RUNNING.
2022-02-04 12:59:34,100 [EventQueue-OpenPipelineForHealthyPipelineSafeModeRule] INFO  safemode.SCMSafeModeManager (HealthyPipelineSafeModeRule.java:process(124)) - SCM in safe mode. Healthy pipelines reported count is 0, required healthy pipeline reported count is 1
2022-02-04 12:59:34,206 [Listener at 127.0.0.1/43489] INFO  ozone.MiniOzoneClusterImpl (MiniOzoneClusterImpl.java:lambda$waitForClusterToBeReady$0(219)) - Nodes are ready. Got 3 of 3 DN Heartbeats.
2022-02-04 12:59:34,206 [Listener at 127.0.0.1/43489] INFO  ozone.MiniOzoneClusterImpl (MiniOzoneClusterImpl.java:lambda$waitForClusterToBeReady$0(222)) - Waiting for cluster to exit safe mode
2022-02-04 12:59:34,206 [Listener at 127.0.0.1/43489] INFO  ozone.MiniOzoneClusterImpl (MiniOzoneClusterImpl.java:lambda$waitForClusterToBeReady$0(224)) - SCM became leader
2022-02-04 12:59:34,287 [EventQueue-OpenPipelineForHealthyPipelineSafeModeRule] INFO  safemode.SCMSafeModeManager (HealthyPipelineSafeModeRule.java:process(124)) - SCM in safe mode. Healthy pipelines reported count is 0, required healthy pipeline reported count is 1
2022-02-04 12:59:34,626 [Listener at 0.0.0.0/33141] INFO  ozone.MiniOzoneClusterImpl (MiniOzoneClusterImpl.java:lambda$waitForClusterToBeReady$0(219)) - Nodes are ready. Got 3 of 3 DN Heartbeats.
2022-02-04 12:59:34,626 [Listener at 0.0.0.0/33141] INFO  ozone.MiniOzoneClusterImpl (MiniOzoneClusterImpl.java:lambda$waitForClusterToBeReady$0(222)) - Cluster exits safe mode
2022-02-04 12:59:34,626 [Listener at 0.0.0.0/33141] INFO  ozone.MiniOzoneClusterImpl (MiniOzoneClusterImpl.java:lambda$waitForClusterToBeReady$0(224)) - SCM became leader
2022-02-04 12:59:34,626 [Listener at 0.0.0.0/33141] WARN  upgrade.InjectedUpgradeFinalizationExecutor (InjectedUpgradeFinalizationExecutor.java:execute(90)) - Upgrade Finalization failed with following Exception.
org.apache.hadoop.ozone.upgrade.InjectedUpgradeFinalizationExecutor$UpgradeTestInjectionAbort
	at org.apache.hadoop.ozone.upgrade.InjectedUpgradeFinalizationExecutor.injectTestFunctionAtThisPoint(InjectedUpgradeFinalizationExecutor.java:124)
	at org.apache.hadoop.ozone.upgrade.InjectedUpgradeFinalizationExecutor.execute(InjectedUpgradeFinalizationExecutor.java:80)
	at org.apache.hadoop.ozone.upgrade.BasicUpgradeFinalizer.finalize(BasicUpgradeFinalizer.java:74)
	at org.apache.hadoop.hdds.scm.server.StorageContainerManager.finalizeUpgrade(StorageContainerManager.java:1834)
	at org.apache.hadoop.hdds.upgrade.TestHDDSUpgrade.testFinalizationWithFailureInjectionHelper(TestHDDSUpgrade.java:1044)
	at org.apache.hadoop.hdds.upgrade.TestHDDSUpgrade.testScmFailuresAfterScmPreFinalizeUpgrade(TestHDDSUpgrade.java:694)
	at sun.reflect.NativeMethodAccessorImpl.invoke0(Native Method)
	at sun.reflect.NativeMethodAccessorImpl.invoke(NativeMethodAccessorImpl.java:62)
	at sun.reflect.DelegatingMethodAccessorImpl.invoke(DelegatingMethodAccessorImpl.java:43)
	at java.lang.reflect.Method.invoke(Method.java:498)
	at org.junit.runners.model.FrameworkMethod$1.runReflectiveCall(FrameworkMethod.java:59)
	at org.junit.internal.runners.model.ReflectiveCallable.run(ReflectiveCallable.java:12)
	at org.junit.runners.model.FrameworkMethod.invokeExplosively(FrameworkMethod.java:56)
	at org.junit.internal.runners.statements.InvokeMethod.evaluate(InvokeMethod.java:17)
	at org.junit.internal.runners.statements.RunBefores.evaluate(RunBefores.java:26)
	at org.junit.internal.runners.statements.RunAfters.evaluate(RunAfters.java:27)
	at org.junit.internal.runners.statements.FailOnTimeout$CallableStatement.call(FailOnTimeout.java:288)
	at org.junit.internal.runners.statements.FailOnTimeout$CallableStatement.call(FailOnTimeout.java:282)
	at java.util.concurrent.FutureTask.run(FutureTask.java:266)
	at java.lang.Thread.run(Thread.java:748)
2022-02-04 12:59:34,629 [Thread-974] INFO  upgrade.UpgradeFinalizer (BasicUpgradeFinalizer.java:logAndEmit(342)) - Finalization started.
2022-02-04 12:59:34,636 [Thread-974] INFO  pipeline.BackgroundPipelineCreator (BackgroundPipelineCreator.java:stop(158)) - Stopping RatisPipelineUtilsThread.
2022-02-04 12:59:34,637 [Thread-974] INFO  pipeline.PipelineManagerImpl (PipelineManagerImpl.java:closePipeline(365)) - Pipeline Pipeline[ Id: ba81bbd6-36b2-4c25-8136-040b0bc54f08, Nodes: 99ec0913-bcd1-4774-8e53-643ce8734cf6{ip: 10.1.0.52, host: fv-az116-891.vzw04321ajxubdbcnpick5nqva.xx.internal.cloudapp.net, ports: [REPLICATION=43877, RATIS=38161, RATIS_ADMIN=38161, RATIS_SERVER=38161, STANDALONE=41191], networkLocation: /default-rack, certSerialId: null, persistedOpState: IN_SERVICE, persistedOpStateExpiryEpochSec: 0}, ReplicationConfig: RATIS/ONE, State:ALLOCATED, leaderId:, CreationTimestamp2022-02-04T12:59:34.080Z[Etc/UTC]] moved to CLOSED state
2022-02-04 12:59:34,637 [Thread-974] INFO  pipeline.PipelineManagerImpl (PipelineManagerImpl.java:closePipeline(365)) - Pipeline Pipeline[ Id: e44ca63e-d44e-44e5-99a0-3ff861dd1686, Nodes: 99ec0913-bcd1-4774-8e53-643ce8734cf6{ip: 10.1.0.52, host: fv-az116-891.vzw04321ajxubdbcnpick5nqva.xx.internal.cloudapp.net, ports: [REPLICATION=43877, RATIS=38161, RATIS_ADMIN=38161, RATIS_SERVER=38161, STANDALONE=41191], networkLocation: /default-rack, certSerialId: null, persistedOpState: IN_SERVICE, persistedOpStateExpiryEpochSec: 0}4dd803c0-ea86-48ec-b5c9-2601c1b23b4d{ip: 10.1.0.52, host: fv-az116-891.vzw04321ajxubdbcnpick5nqva.xx.internal.cloudapp.net, ports: [REPLICATION=44173, RATIS=34153, RATIS_ADMIN=34153, RATIS_SERVER=34153, STANDALONE=46171], networkLocation: /default-rack, certSerialId: null, persistedOpState: IN_SERVICE, persistedOpStateExpiryEpochSec: 0}cd33ab12-5c76-4090-ae9e-f8dc2a96321d{ip: 10.1.0.52, host: fv-az116-891.vzw04321ajxubdbcnpick5nqva.xx.internal.cloudapp.net, ports: [REPLICATION=44351, RATIS=40103, RATIS_ADMIN=40103, RATIS_SERVER=40103, STANDALONE=34851], networkLocation: /default-rack, certSerialId: null, persistedOpState: IN_SERVICE, persistedOpStateExpiryEpochSec: 0}, ReplicationConfig: RATIS/THREE, State:ALLOCATED, leaderId:, CreationTimestamp2022-02-04T12:59:34.090Z[Etc/UTC]] moved to CLOSED state
2022-02-04 12:59:34,637 [Thread-974] INFO  pipeline.PipelineManagerImpl (PipelineManagerImpl.java:closePipeline(365)) - Pipeline Pipeline[ Id: a015f9d5-3056-4a16-a89a-9f6b499ce2f6, Nodes: 4dd803c0-ea86-48ec-b5c9-2601c1b23b4d{ip: 10.1.0.52, host: fv-az116-891.vzw04321ajxubdbcnpick5nqva.xx.internal.cloudapp.net, ports: [REPLICATION=44173, RATIS=34153, RATIS_ADMIN=34153, RATIS_SERVER=34153, STANDALONE=46171], networkLocation: /default-rack, certSerialId: null, persistedOpState: IN_SERVICE, persistedOpStateExpiryEpochSec: 0}, ReplicationConfig: RATIS/ONE, State:ALLOCATED, leaderId:, CreationTimestamp2022-02-04T12:59:34.083Z[Etc/UTC]] moved to CLOSED state
2022-02-04 12:59:34,637 [Thread-974] INFO  pipeline.PipelineManagerImpl (PipelineManagerImpl.java:closePipeline(365)) - Pipeline Pipeline[ Id: 72db46a2-1f21-44a2-8da9-a406557888d6, Nodes: cd33ab12-5c76-4090-ae9e-f8dc2a96321d{ip: 10.1.0.52, host: fv-az116-891.vzw04321ajxubdbcnpick5nqva.xx.internal.cloudapp.net, ports: [REPLICATION=44351, RATIS=40103, RATIS_ADMIN=40103, RATIS_SERVER=40103, STANDALONE=34851], networkLocation: /default-rack, certSerialId: null, persistedOpState: IN_SERVICE, persistedOpStateExpiryEpochSec: 0}, ReplicationConfig: RATIS/ONE, State:ALLOCATED, leaderId:, CreationTimestamp2022-02-04T12:59:34.089Z[Etc/UTC]] moved to CLOSED state
2022-02-04 12:59:34,638 [Thread-974] INFO  upgrade.UpgradeFinalizer (SCMUpgradeFinalizer.java:waitForAllPipelinesToDestroy(156)) - Waiting for all pipelines to close.
2022-02-04 12:59:34,961 [ForkJoinPool.commonPool-worker-0] INFO  utils.BackgroundService (BackgroundService.java:shutdown(132)) - Shutting down service BlockDeletingService
2022-02-04 12:59:34,961 [Mini-Cluster-Provider-Reap] INFO  utils.BackgroundService (BackgroundService.java:shutdown(132)) - Shutting down service BlockDeletingService
2022-02-04 12:59:34,971 [EventQueue-OpenPipelineForHealthyPipelineSafeModeRule] INFO  safemode.SCMSafeModeManager (HealthyPipelineSafeModeRule.java:process(124)) - SCM in safe mode. Healthy pipelines reported count is 0, required healthy pipeline reported count is 1
2022-02-04 12:59:35,014 [48509481-1279-4ab6-a4c6-c4d867ebe0e4@group-A207BA99A34F-FollowerState] INFO  impl.FollowerState (FollowerState.java:run(134)) - 48509481-1279-4ab6-a4c6-c4d867ebe0e4@group-A207BA99A34F-FollowerState: change to CANDIDATE, lastRpcElapsedTime:5144228746ns, electionTimeout:5132ms
2022-02-04 12:59:35,015 [48509481-1279-4ab6-a4c6-c4d867ebe0e4@group-A207BA99A34F-FollowerState] INFO  impl.RoleInfo (RoleInfo.java:shutdownFollowerState(108)) - 48509481-1279-4ab6-a4c6-c4d867ebe0e4: shutdown 48509481-1279-4ab6-a4c6-c4d867ebe0e4@group-A207BA99A34F-FollowerState
2022-02-04 12:59:35,015 [48509481-1279-4ab6-a4c6-c4d867ebe0e4@group-A207BA99A34F-FollowerState] INFO  server.RaftServer$Division (RaftServerImpl.java:setRole(290)) - 48509481-1279-4ab6-a4c6-c4d867ebe0e4@group-A207BA99A34F: changes role from  FOLLOWER to CANDIDATE at term 1 for changeToCandidate
2022-02-04 12:59:35,015 [48509481-1279-4ab6-a4c6-c4d867ebe0e4@group-A207BA99A34F-FollowerState] INFO  server.RaftServerConfigKeys (ConfUtils.java:logGet(44)) - raft.server.leaderelection.pre-vote = false (custom)
2022-02-04 12:59:35,015 [48509481-1279-4ab6-a4c6-c4d867ebe0e4@group-A207BA99A34F-FollowerState] INFO  impl.RoleInfo (RoleInfo.java:updateAndGet(130)) - 48509481-1279-4ab6-a4c6-c4d867ebe0e4: start 48509481-1279-4ab6-a4c6-c4d867ebe0e4@group-A207BA99A34F-LeaderElection24
2022-02-04 12:59:35,023 [a6f0a267-e289-4b59-b54b-7c098cd4cf92@group-A207BA99A34F-FollowerState] INFO  impl.FollowerState (FollowerState.java:run(134)) - a6f0a267-e289-4b59-b54b-7c098cd4cf92@group-A207BA99A34F-FollowerState: change to CANDIDATE, lastRpcElapsedTime:5152463044ns, electionTimeout:5151ms
2022-02-04 12:59:35,023 [a6f0a267-e289-4b59-b54b-7c098cd4cf92@group-A207BA99A34F-FollowerState] INFO  impl.RoleInfo (RoleInfo.java:shutdownFollowerState(108)) - a6f0a267-e289-4b59-b54b-7c098cd4cf92: shutdown a6f0a267-e289-4b59-b54b-7c098cd4cf92@group-A207BA99A34F-FollowerState
2022-02-04 12:59:35,023 [a6f0a267-e289-4b59-b54b-7c098cd4cf92@group-A207BA99A34F-FollowerState] INFO  server.RaftServer$Division (RaftServerImpl.java:setRole(290)) - a6f0a267-e289-4b59-b54b-7c098cd4cf92@group-A207BA99A34F: changes role from  FOLLOWER to CANDIDATE at term 1 for changeToCandidate
2022-02-04 12:59:35,023 [a6f0a267-e289-4b59-b54b-7c098cd4cf92@group-A207BA99A34F-FollowerState] INFO  server.RaftServerConfigKeys (ConfUtils.java:logGet(44)) - raft.server.leaderelection.pre-vote = false (custom)
2022-02-04 12:59:35,023 [a6f0a267-e289-4b59-b54b-7c098cd4cf92@group-A207BA99A34F-FollowerState] INFO  impl.RoleInfo (RoleInfo.java:updateAndGet(130)) - a6f0a267-e289-4b59-b54b-7c098cd4cf92: start a6f0a267-e289-4b59-b54b-7c098cd4cf92@group-A207BA99A34F-LeaderElection25
2022-02-04 12:59:35,031 [77b2354b-f995-4356-b656-35090dbcfa7f@group-A207BA99A34F-FollowerState] INFO  impl.FollowerState (FollowerState.java:run(134)) - 77b2354b-f995-4356-b656-35090dbcfa7f@group-A207BA99A34F-FollowerState: change to CANDIDATE, lastRpcElapsedTime:5153442943ns, electionTimeout:5146ms
2022-02-04 12:59:35,031 [77b2354b-f995-4356-b656-35090dbcfa7f@group-A207BA99A34F-FollowerState] INFO  impl.RoleInfo (RoleInfo.java:shutdownFollowerState(108)) - 77b2354b-f995-4356-b656-35090dbcfa7f: shutdown 77b2354b-f995-4356-b656-35090dbcfa7f@group-A207BA99A34F-FollowerState
2022-02-04 12:59:35,031 [77b2354b-f995-4356-b656-35090dbcfa7f@group-A207BA99A34F-FollowerState] INFO  server.RaftServer$Division (RaftServerImpl.java:setRole(290)) - 77b2354b-f995-4356-b656-35090dbcfa7f@group-A207BA99A34F: changes role from  FOLLOWER to CANDIDATE at term 1 for changeToCandidate
2022-02-04 12:59:35,031 [77b2354b-f995-4356-b656-35090dbcfa7f@group-A207BA99A34F-FollowerState] INFO  server.RaftServerConfigKeys (ConfUtils.java:logGet(44)) - raft.server.leaderelection.pre-vote = false (custom)
2022-02-04 12:59:35,031 [77b2354b-f995-4356-b656-35090dbcfa7f@group-A207BA99A34F-FollowerState] INFO  impl.RoleInfo (RoleInfo.java:updateAndGet(130)) - 77b2354b-f995-4356-b656-35090dbcfa7f: start 77b2354b-f995-4356-b656-35090dbcfa7f@group-A207BA99A34F-LeaderElection26
2022-02-04 12:59:35,034 [a6f0a267-e289-4b59-b54b-7c098cd4cf92@group-A207BA99A34F-LeaderElection25] INFO  impl.LeaderElection (LeaderElection.java:askForVotes(306)) - a6f0a267-e289-4b59-b54b-7c098cd4cf92@group-A207BA99A34F-LeaderElection25 ELECTION round 0: submit vote requests at term 2 for -1: [48509481-1279-4ab6-a4c6-c4d867ebe0e4|rpc:10.1.0.52:36155|dataStream:|priority:0, a6f0a267-e289-4b59-b54b-7c098cd4cf92|rpc:10.1.0.52:36247|dataStream:|priority:1, 77b2354b-f995-4356-b656-35090dbcfa7f|rpc:10.1.0.52:34321|dataStream:|priority:0], old=null
2022-02-04 12:59:35,034 [48509481-1279-4ab6-a4c6-c4d867ebe0e4@group-A207BA99A34F-LeaderElection24] INFO  impl.LeaderElection (LeaderElection.java:askForVotes(306)) - 48509481-1279-4ab6-a4c6-c4d867ebe0e4@group-A207BA99A34F-LeaderElection24 ELECTION round 0: submit vote requests at term 2 for -1: [48509481-1279-4ab6-a4c6-c4d867ebe0e4|rpc:10.1.0.52:36155|dataStream:|priority:0, a6f0a267-e289-4b59-b54b-7c098cd4cf92|rpc:10.1.0.52:36247|dataStream:|priority:1, 77b2354b-f995-4356-b656-35090dbcfa7f|rpc:10.1.0.52:34321|dataStream:|priority:0], old=null
2022-02-04 12:59:35,046 [77b2354b-f995-4356-b656-35090dbcfa7f@group-A207BA99A34F-LeaderElection26] INFO  impl.LeaderElection (LeaderElection.java:askForVotes(306)) - 77b2354b-f995-4356-b656-35090dbcfa7f@group-A207BA99A34F-LeaderElection26 ELECTION round 0: submit vote requests at term 2 for -1: [48509481-1279-4ab6-a4c6-c4d867ebe0e4|rpc:10.1.0.52:36155|priority:0, a6f0a267-e289-4b59-b54b-7c098cd4cf92|rpc:10.1.0.52:36247|priority:1, 77b2354b-f995-4356-b656-35090dbcfa7f|rpc:10.1.0.52:34321|priority:0], old=null
2022-02-04 12:59:35,076 [Command processor thread] INFO  server.RaftServer (RaftServerProxy.java:addNew(95)) - 99ec0913-bcd1-4774-8e53-643ce8734cf6: addNew group-040B0BC54F08:[99ec0913-bcd1-4774-8e53-643ce8734cf6|rpc:10.1.0.52:38161|priority:1] returns group-040B0BC54F08:java.util.concurrent.CompletableFuture@36d02750[Not completed]
2022-02-04 12:59:35,077 [pool-171-thread-1] INFO  server.RaftServer$Division (RaftServerImpl.java:<init>(184)) - 99ec0913-bcd1-4774-8e53-643ce8734cf6: new RaftServerImpl for group-040B0BC54F08:[99ec0913-bcd1-4774-8e53-643ce8734cf6|rpc:10.1.0.52:38161|priority:1] with ContainerStateMachine:uninitialized
2022-02-04 12:59:35,077 [pool-171-thread-1] INFO  server.RaftServerConfigKeys (ConfUtils.java:logGet(44)) - raft.server.rpc.timeout.min = 5s (custom)
2022-02-04 12:59:35,077 [pool-171-thread-1] INFO  server.RaftServerConfigKeys (ConfUtils.java:logGet(44)) - raft.server.rpc.timeout.max = 5200ms (custom)
2022-02-04 12:59:35,080 [pool-171-thread-1] INFO  server.RaftServerConfigKeys (ConfUtils.java:logGet(44)) - raft.server.rpc.sleep.time = 25ms (default)
2022-02-04 12:59:35,080 [pool-171-thread-1] INFO  server.RaftServerConfigKeys (ConfUtils.java:logGet(44)) - raft.server.rpc.slowness.timeout = 300s (custom)
2022-02-04 12:59:35,080 [pool-171-thread-1] INFO  server.RaftServerConfigKeys (ConfUtils.java:logGet(44)) - raft.server.leaderelection.leader.step-down.wait-time = 10s (default)
2022-02-04 12:59:35,080 [pool-171-thread-1] INFO  server.RaftServerConfigKeys (ConfUtils.java:logGet(44)) - raft.server.sleep.deviation.threshold = 300ms (default)
2022-02-04 12:59:35,080 [pool-171-thread-1] INFO  server.RaftServerConfigKeys (ConfUtils.java:logGet(44)) - raft.server.log.appender.install.snapshot.enabled = false (custom)
2022-02-04 12:59:35,081 [pool-171-thread-1] INFO  server.RaftServer$Division (ServerState.java:<init>(105)) - 99ec0913-bcd1-4774-8e53-643ce8734cf6@group-040B0BC54F08: ConfigurationManager, init=-1: [99ec0913-bcd1-4774-8e53-643ce8734cf6|rpc:10.1.0.52:38161|priority:1], old=null, confs=<EMPTY_MAP>
2022-02-04 12:59:35,081 [pool-171-thread-1] INFO  server.RaftServerConfigKeys (ConfUtils.java:logGet(44)) - raft.server.storage.dir = [/home/runner/work/ozone/ozone/hadoop-ozone/integration-test/target/test-dir/MiniOzoneClusterImpl-5b939f7d-2090-4c2b-bba9-fa55352059d6/datanode-0/data/ratis] (custom)
2022-02-04 12:59:35,081 [pool-171-thread-1] INFO  server.RaftServerConfigKeys (ConfUtils.java:logGet(44)) - raft.server.log.corruption.policy = EXCEPTION (default)
2022-02-04 12:59:35,081 [pool-171-thread-1] INFO  server.RaftServerConfigKeys (ConfUtils.java:logGet(44)) - raft.server.storage.free-space.min = 0MB (=0) (default)
2022-02-04 12:59:35,081 [pool-171-thread-1] INFO  storage.RaftStorageDirectory (RaftStorageDirectoryImpl.java:analyzeStorage(135)) - The storage directory /home/runner/work/ozone/ozone/hadoop-ozone/integration-test/target/test-dir/MiniOzoneClusterImpl-5b939f7d-2090-4c2b-bba9-fa55352059d6/datanode-0/data/ratis/ba81bbd6-36b2-4c25-8136-040b0bc54f08 does not exist. Creating ...
2022-02-04 12:59:35,082 [pool-171-thread-1] INFO  storage.RaftStorageDirectory (RaftStorageDirectoryImpl.java:tryLock(230)) - Lock on /home/runner/work/ozone/ozone/hadoop-ozone/integration-test/target/test-dir/MiniOzoneClusterImpl-5b939f7d-2090-4c2b-bba9-fa55352059d6/datanode-0/data/ratis/ba81bbd6-36b2-4c25-8136-040b0bc54f08/in_use.lock acquired by nodename 13540@fv-az116-891
2022-02-04 12:59:35,083 [pool-171-thread-1] INFO  storage.RaftStorage (RaftStorageImpl.java:format(89)) - Storage directory /home/runner/work/ozone/ozone/hadoop-ozone/integration-test/target/test-dir/MiniOzoneClusterImpl-5b939f7d-2090-4c2b-bba9-fa55352059d6/datanode-0/data/ratis/ba81bbd6-36b2-4c25-8136-040b0bc54f08 has been successfully formatted.
2022-02-04 12:59:35,087 [Command processor thread] INFO  server.RaftServer (RaftServerProxy.java:addNew(95)) - cd33ab12-5c76-4090-ae9e-f8dc2a96321d: addNew group-A406557888D6:[cd33ab12-5c76-4090-ae9e-f8dc2a96321d|rpc:10.1.0.52:40103|priority:1] returns group-A406557888D6:java.util.concurrent.CompletableFuture@565c45e1[Not completed]
2022-02-04 12:59:35,088 [pool-202-thread-1] INFO  server.RaftServer$Division (RaftServerImpl.java:<init>(184)) - cd33ab12-5c76-4090-ae9e-f8dc2a96321d: new RaftServerImpl for group-A406557888D6:[cd33ab12-5c76-4090-ae9e-f8dc2a96321d|rpc:10.1.0.52:40103|priority:1] with ContainerStateMachine:uninitialized
2022-02-04 12:59:35,088 [pool-202-thread-1] INFO  server.RaftServerConfigKeys (ConfUtils.java:logGet(44)) - raft.server.rpc.timeout.min = 5s (custom)
2022-02-04 12:59:35,088 [pool-202-thread-1] INFO  server.RaftServerConfigKeys (ConfUtils.java:logGet(44)) - raft.server.rpc.timeout.max = 5200ms (custom)
2022-02-04 12:59:35,088 [pool-202-thread-1] INFO  server.RaftServerConfigKeys (ConfUtils.java:logGet(44)) - raft.server.rpc.sleep.time = 25ms (default)
2022-02-04 12:59:35,088 [pool-202-thread-1] INFO  server.RaftServerConfigKeys (ConfUtils.java:logGet(44)) - raft.server.rpc.slowness.timeout = 300s (custom)
2022-02-04 12:59:35,088 [pool-202-thread-1] INFO  server.RaftServerConfigKeys (ConfUtils.java:logGet(44)) - raft.server.leaderelection.leader.step-down.wait-time = 10s (default)
2022-02-04 12:59:35,088 [pool-202-thread-1] INFO  server.RaftServerConfigKeys (ConfUtils.java:logGet(44)) - raft.server.sleep.deviation.threshold = 300ms (default)
2022-02-04 12:59:35,088 [pool-202-thread-1] INFO  server.RaftServerConfigKeys (ConfUtils.java:logGet(44)) - raft.server.log.appender.install.snapshot.enabled = false (custom)
2022-02-04 12:59:35,088 [pool-202-thread-1] INFO  server.RaftServer$Division (ServerState.java:<init>(105)) - cd33ab12-5c76-4090-ae9e-f8dc2a96321d@group-A406557888D6: ConfigurationManager, init=-1: [cd33ab12-5c76-4090-ae9e-f8dc2a96321d|rpc:10.1.0.52:40103|priority:1], old=null, confs=<EMPTY_MAP>
2022-02-04 12:59:35,088 [pool-202-thread-1] INFO  server.RaftServerConfigKeys (ConfUtils.java:logGet(44)) - raft.server.storage.dir = [/home/runner/work/ozone/ozone/hadoop-ozone/integration-test/target/test-dir/MiniOzoneClusterImpl-5b939f7d-2090-4c2b-bba9-fa55352059d6/datanode-1/data/ratis] (custom)
2022-02-04 12:59:35,089 [pool-202-thread-1] INFO  server.RaftServerConfigKeys (ConfUtils.java:logGet(44)) - raft.server.log.corruption.policy = EXCEPTION (default)
2022-02-04 12:59:35,089 [pool-202-thread-1] INFO  server.RaftServerConfigKeys (ConfUtils.java:logGet(44)) - raft.server.storage.free-space.min = 0MB (=0) (default)
2022-02-04 12:59:35,089 [pool-202-thread-1] INFO  storage.RaftStorageDirectory (RaftStorageDirectoryImpl.java:analyzeStorage(135)) - The storage directory /home/runner/work/ozone/ozone/hadoop-ozone/integration-test/target/test-dir/MiniOzoneClusterImpl-5b939f7d-2090-4c2b-bba9-fa55352059d6/datanode-1/data/ratis/72db46a2-1f21-44a2-8da9-a406557888d6 does not exist. Creating ...
2022-02-04 12:59:35,090 [pool-171-thread-1] INFO  ratis.ContainerStateMachine (ContainerStateMachine.java:loadSnapshot(231)) - group-040B0BC54F08: The snapshot info is null. Setting the last applied indexto:(t:0, i:~)
2022-02-04 12:59:35,090 [pool-171-thread-1] INFO  server.RaftServerConfigKeys (ConfUtils.java:logGet(44)) - raft.server.notification.no-leader.timeout = 300s (custom)
2022-02-04 12:59:35,090 [pool-171-thread-1] INFO  server.RaftServerConfigKeys (ConfUtils.java:logGet(44)) - raft.server.log.use.memory = false (default)
2022-02-04 12:59:35,090 [pool-171-thread-1] INFO  server.RaftServerConfigKeys (ConfUtils.java:logGet(44)) - raft.server.log.purge.gap = 1000000 (custom)
2022-02-04 12:59:35,090 [pool-171-thread-1] INFO  server.RaftServerConfigKeys (ConfUtils.java:logGet(44)) - raft.server.log.appender.buffer.byte-limit = 33554432 (custom)
2022-02-04 12:59:35,090 [pool-171-thread-1] INFO  server.RaftServerConfigKeys (ConfUtils.java:logGet(44)) - raft.server.log.segment.size.max = 1048576 (custom)
2022-02-04 12:59:35,091 [pool-171-thread-1] INFO  server.RaftServerConfigKeys (ConfUtils.java:logGet(44)) - raft.server.log.segment.cache.num.max = 2 (custom)
2022-02-04 12:59:35,091 [pool-171-thread-1] INFO  server.RaftServerConfigKeys (ConfUtils.java:logGet(44)) - raft.server.log.segment.cache.size.max = 200MB (=209715200) (default)
2022-02-04 12:59:35,091 [pool-171-thread-1] INFO  segmented.SegmentedRaftLogWorker (SegmentedRaftLogWorker.java:<init>(182)) - new 99ec0913-bcd1-4774-8e53-643ce8734cf6@group-040B0BC54F08-SegmentedRaftLogWorker for RaftStorageImpl:Storage Directory /home/runner/work/ozone/ozone/hadoop-ozone/integration-test/target/test-dir/MiniOzoneClusterImpl-5b939f7d-2090-4c2b-bba9-fa55352059d6/datanode-0/data/ratis/ba81bbd6-36b2-4c25-8136-040b0bc54f08
2022-02-04 12:59:35,091 [pool-171-thread-1] INFO  server.RaftServerConfigKeys (ConfUtils.java:logGet(44)) - raft.server.log.queue.byte-limit = 2147483647 (custom)
2022-02-04 12:59:35,091 [pool-171-thread-1] INFO  server.RaftServerConfigKeys (ConfUtils.java:logGet(44)) - raft.server.log.queue.element-limit = 1024 (custom)
2022-02-04 12:59:35,091 [pool-171-thread-1] INFO  server.RaftServerConfigKeys (ConfUtils.java:logGet(44)) - raft.server.log.segment.size.max = 1048576 (custom)
2022-02-04 12:59:35,091 [pool-171-thread-1] INFO  server.RaftServerConfigKeys (ConfUtils.java:logGet(44)) - raft.server.log.preallocated.size = 16384 (custom)
2022-02-04 12:59:35,091 [pool-171-thread-1] INFO  server.RaftServerConfigKeys (ConfUtils.java:logGet(44)) - raft.server.log.force.sync.num = 128 (default)
2022-02-04 12:59:35,091 [pool-171-thread-1] INFO  server.RaftServerConfigKeys (ConfUtils.java:logGet(44)) - raft.server.log.statemachine.data.sync = true (default)
2022-02-04 12:59:35,091 [pool-171-thread-1] INFO  server.RaftServerConfigKeys (ConfUtils.java:logGet(44)) - raft.server.log.statemachine.data.sync.timeout = 10s (default)
2022-02-04 12:59:35,091 [pool-171-thread-1] INFO  server.RaftServerConfigKeys (ConfUtils.java:logGet(44)) - raft.server.log.statemachine.data.sync.timeout.retry = -1 (default)
2022-02-04 12:59:35,092 [pool-202-thread-1] INFO  storage.RaftStorageDirectory (RaftStorageDirectoryImpl.java:tryLock(230)) - Lock on /home/runner/work/ozone/ozone/hadoop-ozone/integration-test/target/test-dir/MiniOzoneClusterImpl-5b939f7d-2090-4c2b-bba9-fa55352059d6/datanode-1/data/ratis/72db46a2-1f21-44a2-8da9-a406557888d6/in_use.lock acquired by nodename 13540@fv-az116-891
2022-02-04 12:59:35,100 [grpc-default-executor-3] INFO  server.RaftServer$Division (RaftServerImpl.java:requestVote(1046)) - 48509481-1279-4ab6-a4c6-c4d867ebe0e4@group-A207BA99A34F: receive requestVote(ELECTION, 77b2354b-f995-4356-b656-35090dbcfa7f, group-A207BA99A34F, 2, (t:0, i:0))
2022-02-04 12:59:35,100 [grpc-default-executor-3] INFO  impl.VoteContext (VoteContext.java:log(48)) - 48509481-1279-4ab6-a4c6-c4d867ebe0e4@group-A207BA99A34F-CANDIDATE: reject ELECTION from 77b2354b-f995-4356-b656-35090dbcfa7f: already has voted for 48509481-1279-4ab6-a4c6-c4d867ebe0e4 at current term 2
2022-02-04 12:59:35,100 [grpc-default-executor-3] INFO  server.RaftServer$Division (RaftServerImpl.java:requestVote(1078)) - 48509481-1279-4ab6-a4c6-c4d867ebe0e4@group-A207BA99A34F replies to ELECTION vote request: 77b2354b-f995-4356-b656-35090dbcfa7f<-48509481-1279-4ab6-a4c6-c4d867ebe0e4#0:FAIL-t2. Peer's state: 48509481-1279-4ab6-a4c6-c4d867ebe0e4@group-A207BA99A34F:t2, leader=null, voted=48509481-1279-4ab6-a4c6-c4d867ebe0e4, raftlog=48509481-1279-4ab6-a4c6-c4d867ebe0e4@group-A207BA99A34F-SegmentedRaftLog:OPENED:c-1, conf=-1: [48509481-1279-4ab6-a4c6-c4d867ebe0e4|rpc:10.1.0.52:36155|dataStream:|priority:0, a6f0a267-e289-4b59-b54b-7c098cd4cf92|rpc:10.1.0.52:36247|dataStream:|priority:1, 77b2354b-f995-4356-b656-35090dbcfa7f|rpc:10.1.0.52:34321|dataStream:|priority:0], old=null
2022-02-04 12:59:35,101 [grpc-default-executor-4] INFO  server.RaftServer$Division (RaftServerImpl.java:requestVote(1046)) - 77b2354b-f995-4356-b656-35090dbcfa7f@group-A207BA99A34F: receive requestVote(ELECTION, 48509481-1279-4ab6-a4c6-c4d867ebe0e4, group-A207BA99A34F, 2, (t:0, i:0))
2022-02-04 12:59:35,101 [grpc-default-executor-4] INFO  impl.VoteContext (VoteContext.java:log(48)) - 77b2354b-f995-4356-b656-35090dbcfa7f@group-A207BA99A34F-CANDIDATE: reject ELECTION from 48509481-1279-4ab6-a4c6-c4d867ebe0e4: already has voted for 77b2354b-f995-4356-b656-35090dbcfa7f at current term 2
2022-02-04 12:59:35,101 [grpc-default-executor-4] INFO  server.RaftServer$Division (RaftServerImpl.java:requestVote(1078)) - 77b2354b-f995-4356-b656-35090dbcfa7f@group-A207BA99A34F replies to ELECTION vote request: 48509481-1279-4ab6-a4c6-c4d867ebe0e4<-77b2354b-f995-4356-b656-35090dbcfa7f#0:FAIL-t2. Peer's state: 77b2354b-f995-4356-b656-35090dbcfa7f@group-A207BA99A34F:t2, leader=null, voted=77b2354b-f995-4356-b656-35090dbcfa7f, raftlog=77b2354b-f995-4356-b656-35090dbcfa7f@group-A207BA99A34F-SegmentedRaftLog:OPENED:c-1, conf=-1: [48509481-1279-4ab6-a4c6-c4d867ebe0e4|rpc:10.1.0.52:36155|priority:0, a6f0a267-e289-4b59-b54b-7c098cd4cf92|rpc:10.1.0.52:36247|priority:1, 77b2354b-f995-4356-b656-35090dbcfa7f|rpc:10.1.0.52:34321|priority:0], old=null
2022-02-04 12:59:35,101 [grpc-default-executor-0] INFO  server.RaftServer$Division (RaftServerImpl.java:requestVote(1046)) - 48509481-1279-4ab6-a4c6-c4d867ebe0e4@group-A207BA99A34F: receive requestVote(ELECTION, a6f0a267-e289-4b59-b54b-7c098cd4cf92, group-A207BA99A34F, 2, (t:0, i:0))
2022-02-04 12:59:35,101 [grpc-default-executor-0] INFO  impl.VoteContext (VoteContext.java:log(48)) - 48509481-1279-4ab6-a4c6-c4d867ebe0e4@group-A207BA99A34F-CANDIDATE: reject ELECTION from a6f0a267-e289-4b59-b54b-7c098cd4cf92: already has voted for 48509481-1279-4ab6-a4c6-c4d867ebe0e4 at current term 2
2022-02-04 12:59:35,101 [grpc-default-executor-0] INFO  server.RaftServer$Division (RaftServerImpl.java:requestVote(1078)) - 48509481-1279-4ab6-a4c6-c4d867ebe0e4@group-A207BA99A34F replies to ELECTION vote request: a6f0a267-e289-4b59-b54b-7c098cd4cf92<-48509481-1279-4ab6-a4c6-c4d867ebe0e4#0:FAIL-t2. Peer's state: 48509481-1279-4ab6-a4c6-c4d867ebe0e4@group-A207BA99A34F:t2, leader=null, voted=48509481-1279-4ab6-a4c6-c4d867ebe0e4, raftlog=48509481-1279-4ab6-a4c6-c4d867ebe0e4@group-A207BA99A34F-SegmentedRaftLog:OPENED:c-1, conf=-1: [48509481-1279-4ab6-a4c6-c4d867ebe0e4|rpc:10.1.0.52:36155|dataStream:|priority:0, a6f0a267-e289-4b59-b54b-7c098cd4cf92|rpc:10.1.0.52:36247|dataStream:|priority:1, 77b2354b-f995-4356-b656-35090dbcfa7f|rpc:10.1.0.52:34321|dataStream:|priority:0], old=null
2022-02-04 12:59:35,110 [pool-171-thread-1] INFO  server.RaftServerConfigKeys (ConfUtils.java:logGet(44)) - raft.server.log.write.buffer.size = 1048576 (custom)
2022-02-04 12:59:35,110 [pool-202-thread-1] INFO  storage.RaftStorage (RaftStorageImpl.java:format(89)) - Storage directory /home/runner/work/ozone/ozone/hadoop-ozone/integration-test/target/test-dir/MiniOzoneClusterImpl-5b939f7d-2090-4c2b-bba9-fa55352059d6/datanode-1/data/ratis/72db46a2-1f21-44a2-8da9-a406557888d6 has been successfully formatted.
2022-02-04 12:59:35,111 [pool-202-thread-1] INFO  ratis.ContainerStateMachine (ContainerStateMachine.java:loadSnapshot(231)) - group-A406557888D6: The snapshot info is null. Setting the last applied indexto:(t:0, i:~)
2022-02-04 12:59:35,111 [pool-202-thread-1] INFO  server.RaftServerConfigKeys (ConfUtils.java:logGet(44)) - raft.server.notification.no-leader.timeout = 300s (custom)
2022-02-04 12:59:35,111 [pool-202-thread-1] INFO  server.RaftServerConfigKeys (ConfUtils.java:logGet(44)) - raft.server.log.use.memory = false (default)
2022-02-04 12:59:35,111 [pool-202-thread-1] INFO  server.RaftServerConfigKeys (ConfUtils.java:logGet(44)) - raft.server.log.purge.gap = 1000000 (custom)
2022-02-04 12:59:35,111 [pool-202-thread-1] INFO  server.RaftServerConfigKeys (ConfUtils.java:logGet(44)) - raft.server.log.appender.buffer.byte-limit = 33554432 (custom)
2022-02-04 12:59:35,111 [pool-202-thread-1] INFO  server.RaftServerConfigKeys (ConfUtils.java:logGet(44)) - raft.server.log.segment.size.max = 1048576 (custom)
2022-02-04 12:59:35,111 [pool-202-thread-1] INFO  server.RaftServerConfigKeys (ConfUtils.java:logGet(44)) - raft.server.log.segment.cache.num.max = 2 (custom)
2022-02-04 12:59:35,111 [pool-202-thread-1] INFO  server.RaftServerConfigKeys (ConfUtils.java:logGet(44)) - raft.server.log.segment.cache.size.max = 200MB (=209715200) (default)
2022-02-04 12:59:35,111 [pool-202-thread-1] INFO  segmented.SegmentedRaftLogWorker (SegmentedRaftLogWorker.java:<init>(182)) - new cd33ab12-5c76-4090-ae9e-f8dc2a96321d@group-A406557888D6-SegmentedRaftLogWorker for RaftStorageImpl:Storage Directory /home/runner/work/ozone/ozone/hadoop-ozone/integration-test/target/test-dir/MiniOzoneClusterImpl-5b939f7d-2090-4c2b-bba9-fa55352059d6/datanode-1/data/ratis/72db46a2-1f21-44a2-8da9-a406557888d6
2022-02-04 12:59:35,112 [pool-202-thread-1] INFO  server.RaftServerConfigKeys (ConfUtils.java:logGet(44)) - raft.server.log.queue.byte-limit = 2147483647 (custom)
2022-02-04 12:59:35,112 [pool-202-thread-1] INFO  server.RaftServerConfigKeys (ConfUtils.java:logGet(44)) - raft.server.log.queue.element-limit = 1024 (custom)
2022-02-04 12:59:35,112 [pool-202-thread-1] INFO  server.RaftServerConfigKeys (ConfUtils.java:logGet(44)) - raft.server.log.segment.size.max = 1048576 (custom)
2022-02-04 12:59:35,112 [pool-202-thread-1] INFO  server.RaftServerConfigKeys (ConfUtils.java:logGet(44)) - raft.server.log.preallocated.size = 16384 (custom)
2022-02-04 12:59:35,112 [pool-202-thread-1] INFO  server.RaftServerConfigKeys (ConfUtils.java:logGet(44)) - raft.server.log.force.sync.num = 128 (default)
2022-02-04 12:59:35,112 [pool-202-thread-1] INFO  server.RaftServerConfigKeys (ConfUtils.java:logGet(44)) - raft.server.log.statemachine.data.sync = true (default)
2022-02-04 12:59:35,112 [pool-202-thread-1] INFO  server.RaftServerConfigKeys (ConfUtils.java:logGet(44)) - raft.server.log.statemachine.data.sync.timeout = 10s (default)
2022-02-04 12:59:35,112 [pool-202-thread-1] INFO  server.RaftServerConfigKeys (ConfUtils.java:logGet(44)) - raft.server.log.statemachine.data.sync.timeout.retry = -1 (default)
2022-02-04 12:59:35,112 [pool-171-thread-1] INFO  server.RaftServerConfigKeys (ConfUtils.java:logGet(44)) - raft.server.log.statemachine.data.caching.enabled = true (custom)
2022-02-04 12:59:35,113 [pool-202-thread-1] INFO  server.RaftServerConfigKeys (ConfUtils.java:logGet(44)) - raft.server.log.write.buffer.size = 1048576 (custom)
2022-02-04 12:59:35,114 [grpc-default-executor-0] INFO  server.RaftServer$Division (RaftServerImpl.java:requestVote(1046)) - a6f0a267-e289-4b59-b54b-7c098cd4cf92@group-A207BA99A34F: receive requestVote(ELECTION, 48509481-1279-4ab6-a4c6-c4d867ebe0e4, group-A207BA99A34F, 2, (t:0, i:0))
2022-02-04 12:59:35,114 [pool-202-thread-1] INFO  server.RaftServerConfigKeys (ConfUtils.java:logGet(44)) - raft.server.log.statemachine.data.caching.enabled = true (custom)
2022-02-04 12:59:35,114 [grpc-default-executor-0] INFO  impl.VoteContext (VoteContext.java:log(48)) - a6f0a267-e289-4b59-b54b-7c098cd4cf92@group-A207BA99A34F-CANDIDATE: reject ELECTION from 48509481-1279-4ab6-a4c6-c4d867ebe0e4: already has voted for a6f0a267-e289-4b59-b54b-7c098cd4cf92 at current term 2
2022-02-04 12:59:35,114 [grpc-default-executor-0] INFO  server.RaftServer$Division (RaftServerImpl.java:requestVote(1078)) - a6f0a267-e289-4b59-b54b-7c098cd4cf92@group-A207BA99A34F replies to ELECTION vote request: 48509481-1279-4ab6-a4c6-c4d867ebe0e4<-a6f0a267-e289-4b59-b54b-7c098cd4cf92#0:FAIL-t2. Peer's state: a6f0a267-e289-4b59-b54b-7c098cd4cf92@group-A207BA99A34F:t2, leader=null, voted=a6f0a267-e289-4b59-b54b-7c098cd4cf92, raftlog=a6f0a267-e289-4b59-b54b-7c098cd4cf92@group-A207BA99A34F-SegmentedRaftLog:OPENED:c-1, conf=-1: [48509481-1279-4ab6-a4c6-c4d867ebe0e4|rpc:10.1.0.52:36155|dataStream:|priority:0, a6f0a267-e289-4b59-b54b-7c098cd4cf92|rpc:10.1.0.52:36247|dataStream:|priority:1, 77b2354b-f995-4356-b656-35090dbcfa7f|rpc:10.1.0.52:34321|dataStream:|priority:0], old=null
2022-02-04 12:59:35,114 [grpc-default-executor-1] INFO  server.RaftServer$Division (RaftServerImpl.java:requestVote(1046)) - 77b2354b-f995-4356-b656-35090dbcfa7f@group-A207BA99A34F: receive requestVote(ELECTION, a6f0a267-e289-4b59-b54b-7c098cd4cf92, group-A207BA99A34F, 2, (t:0, i:0))
2022-02-04 12:59:35,114 [grpc-default-executor-1] INFO  impl.VoteContext (VoteContext.java:log(48)) - 77b2354b-f995-4356-b656-35090dbcfa7f@group-A207BA99A34F-CANDIDATE: reject ELECTION from a6f0a267-e289-4b59-b54b-7c098cd4cf92: already has voted for 77b2354b-f995-4356-b656-35090dbcfa7f at current term 2
2022-02-04 12:59:35,114 [grpc-default-executor-1] INFO  server.RaftServer$Division (RaftServerImpl.java:requestVote(1078)) - 77b2354b-f995-4356-b656-35090dbcfa7f@group-A207BA99A34F replies to ELECTION vote request: a6f0a267-e289-4b59-b54b-7c098cd4cf92<-77b2354b-f995-4356-b656-35090dbcfa7f#0:FAIL-t2. Peer's state: 77b2354b-f995-4356-b656-35090dbcfa7f@group-A207BA99A34F:t2, leader=null, voted=77b2354b-f995-4356-b656-35090dbcfa7f, raftlog=77b2354b-f995-4356-b656-35090dbcfa7f@group-A207BA99A34F-SegmentedRaftLog:OPENED:c-1, conf=-1: [48509481-1279-4ab6-a4c6-c4d867ebe0e4|rpc:10.1.0.52:36155|priority:0, a6f0a267-e289-4b59-b54b-7c098cd4cf92|rpc:10.1.0.52:36247|priority:1, 77b2354b-f995-4356-b656-35090dbcfa7f|rpc:10.1.0.52:34321|priority:0], old=null
2022-02-04 12:59:35,115 [pool-171-thread-1] INFO  segmented.SegmentedRaftLogWorker (SegmentedRaftLogWorker.java:lambda$new$0(133)) - 99ec0913-bcd1-4774-8e53-643ce8734cf6@group-040B0BC54F08-SegmentedRaftLogWorker: flushIndex: setUnconditionally 0 -> -1
2022-02-04 12:59:35,116 [pool-171-thread-1] INFO  segmented.SegmentedRaftLogWorker (SegmentedRaftLogWorker.java:lambda$new$0(133)) - 99ec0913-bcd1-4774-8e53-643ce8734cf6@group-040B0BC54F08-SegmentedRaftLogWorker: safeCacheEvictIndex: setUnconditionally 0 -> -1
2022-02-04 12:59:35,116 [pool-171-thread-1] INFO  server.RaftServerConfigKeys (ConfUtils.java:logGet(44)) - raft.server.snapshot.auto.trigger.enabled = true (custom)
2022-02-04 12:59:35,116 [pool-171-thread-1] INFO  server.RaftServerConfigKeys (ConfUtils.java:logGet(44)) - raft.server.snapshot.auto.trigger.threshold = 10000 (custom)
2022-02-04 12:59:35,116 [pool-171-thread-1] INFO  server.RaftServerConfigKeys (ConfUtils.java:logGet(44)) - raft.server.snapshot.retention.file.num = 5 (custom)
2022-02-04 12:59:35,116 [pool-171-thread-1] INFO  server.RaftServerConfigKeys (ConfUtils.java:logGet(44)) - raft.server.log.purge.upto.snapshot.index = false (default)
2022-02-04 12:59:35,116 [pool-171-thread-1] INFO  server.RaftServerConfigKeys (ConfUtils.java:logGet(44)) - raft.server.retrycache.expirytime = 600000ms (custom)
2022-02-04 12:59:35,116 [pool-171-thread-1] INFO  server.RaftServerConfigKeys (ConfUtils.java:logGet(44)) - raft.server.retrycache.statistics.expirytime = 100μs (default)
2022-02-04 12:59:35,116 [pool-202-thread-1] INFO  segmented.SegmentedRaftLogWorker (SegmentedRaftLogWorker.java:lambda$new$0(133)) - cd33ab12-5c76-4090-ae9e-f8dc2a96321d@group-A406557888D6-SegmentedRaftLogWorker: flushIndex: setUnconditionally 0 -> -1
2022-02-04 12:59:35,116 [pool-202-thread-1] INFO  segmented.SegmentedRaftLogWorker (SegmentedRaftLogWorker.java:lambda$new$0(133)) - cd33ab12-5c76-4090-ae9e-f8dc2a96321d@group-A406557888D6-SegmentedRaftLogWorker: safeCacheEvictIndex: setUnconditionally 0 -> -1
2022-02-04 12:59:35,117 [pool-171-thread-1] INFO  server.RaftServer$Division (RaftServerImpl.java:start(301)) - 99ec0913-bcd1-4774-8e53-643ce8734cf6@group-040B0BC54F08: start as a follower, conf=-1: [99ec0913-bcd1-4774-8e53-643ce8734cf6|rpc:10.1.0.52:38161|priority:1], old=null
2022-02-04 12:59:35,117 [pool-171-thread-1] INFO  server.RaftServer$Division (RaftServerImpl.java:setRole(290)) - 99ec0913-bcd1-4774-8e53-643ce8734cf6@group-040B0BC54F08: changes role from      null to FOLLOWER at term 0 for startAsFollower
2022-02-04 12:59:35,124 [pool-202-thread-1] INFO  server.RaftServerConfigKeys (ConfUtils.java:logGet(44)) - raft.server.snapshot.auto.trigger.enabled = true (custom)
2022-02-04 12:59:35,124 [pool-202-thread-1] INFO  server.RaftServerConfigKeys (ConfUtils.java:logGet(44)) - raft.server.snapshot.auto.trigger.threshold = 10000 (custom)
2022-02-04 12:59:35,124 [pool-202-thread-1] INFO  server.RaftServerConfigKeys (ConfUtils.java:logGet(44)) - raft.server.snapshot.retention.file.num = 5 (custom)
2022-02-04 12:59:35,124 [pool-202-thread-1] INFO  server.RaftServerConfigKeys (ConfUtils.java:logGet(44)) - raft.server.log.purge.upto.snapshot.index = false (default)
2022-02-04 12:59:35,124 [pool-202-thread-1] INFO  server.RaftServerConfigKeys (ConfUtils.java:logGet(44)) - raft.server.retrycache.expirytime = 600000ms (custom)
2022-02-04 12:59:35,124 [pool-202-thread-1] INFO  server.RaftServerConfigKeys (ConfUtils.java:logGet(44)) - raft.server.retrycache.statistics.expirytime = 100μs (default)
2022-02-04 12:59:35,125 [pool-202-thread-1] INFO  server.RaftServer$Division (RaftServerImpl.java:start(301)) - cd33ab12-5c76-4090-ae9e-f8dc2a96321d@group-A406557888D6: start as a follower, conf=-1: [cd33ab12-5c76-4090-ae9e-f8dc2a96321d|rpc:10.1.0.52:40103|priority:1], old=null
2022-02-04 12:59:35,125 [pool-202-thread-1] INFO  server.RaftServer$Division (RaftServerImpl.java:setRole(290)) - cd33ab12-5c76-4090-ae9e-f8dc2a96321d@group-A406557888D6: changes role from      null to FOLLOWER at term 0 for startAsFollower
2022-02-04 12:59:35,125 [pool-202-thread-1] INFO  impl.RoleInfo (RoleInfo.java:updateAndGet(130)) - cd33ab12-5c76-4090-ae9e-f8dc2a96321d: start cd33ab12-5c76-4090-ae9e-f8dc2a96321d@group-A406557888D6-FollowerState
2022-02-04 12:59:35,133 [pool-202-thread-1] INFO  util.JmxRegister (JmxRegister.java:tryRegister(44)) - Successfully registered JMX Bean with object name Ratis:service=RaftServer,group=group-A406557888D6,id=cd33ab12-5c76-4090-ae9e-f8dc2a96321d
2022-02-04 12:59:35,136 [Command processor thread] INFO  ratis.XceiverServerRatis (XceiverServerRatis.java:addGroup(768)) - Created group PipelineID=72db46a2-1f21-44a2-8da9-a406557888d6
2022-02-04 12:59:35,136 [Command processor thread] INFO  commandhandler.CreatePipelineCommandHandler (CreatePipelineCommandHandler.java:handle(106)) - Created Pipeline RATIS ONE PipelineID=72db46a2-1f21-44a2-8da9-a406557888d6.
2022-02-04 12:59:35,136 [Command processor thread] INFO  server.RaftServer (RaftServerProxy.java:addNew(95)) - cd33ab12-5c76-4090-ae9e-f8dc2a96321d: addNew group-3FF861DD1686:[99ec0913-bcd1-4774-8e53-643ce8734cf6|rpc:10.1.0.52:38161|priority:1, 4dd803c0-ea86-48ec-b5c9-2601c1b23b4d|rpc:10.1.0.52:34153|priority:0, cd33ab12-5c76-4090-ae9e-f8dc2a96321d|rpc:10.1.0.52:40103|priority:0] returns group-3FF861DD1686:java.util.concurrent.CompletableFuture@20afab39[Not completed]
2022-02-04 12:59:35,147 [48509481-1279-4ab6-a4c6-c4d867ebe0e4@group-A207BA99A34F-LeaderElection24] INFO  impl.LeaderElection (LeaderElection.java:logAndReturn(89)) - 48509481-1279-4ab6-a4c6-c4d867ebe0e4@group-A207BA99A34F-LeaderElection24: ELECTION REJECTED received 2 response(s) and 0 exception(s):
2022-02-04 12:59:35,147 [48509481-1279-4ab6-a4c6-c4d867ebe0e4@group-A207BA99A34F-LeaderElection24] INFO  impl.LeaderElection (LeaderElection.java:logAndReturn(93)) -   Response 0: 48509481-1279-4ab6-a4c6-c4d867ebe0e4<-77b2354b-f995-4356-b656-35090dbcfa7f#0:FAIL-t2
2022-02-04 12:59:35,147 [48509481-1279-4ab6-a4c6-c4d867ebe0e4@group-A207BA99A34F-LeaderElection24] INFO  impl.LeaderElection (LeaderElection.java:logAndReturn(93)) -   Response 1: 48509481-1279-4ab6-a4c6-c4d867ebe0e4<-a6f0a267-e289-4b59-b54b-7c098cd4cf92#0:FAIL-t2
2022-02-04 12:59:35,147 [48509481-1279-4ab6-a4c6-c4d867ebe0e4@group-A207BA99A34F-LeaderElection24] INFO  impl.LeaderElection (LeaderElection.java:askForVotes(308)) - 48509481-1279-4ab6-a4c6-c4d867ebe0e4@group-A207BA99A34F-LeaderElection24 ELECTION round 0: result REJECTED
2022-02-04 12:59:35,147 [48509481-1279-4ab6-a4c6-c4d867ebe0e4@group-A207BA99A34F-LeaderElection24] INFO  server.RaftServer$Division (RaftServerImpl.java:setRole(290)) - 48509481-1279-4ab6-a4c6-c4d867ebe0e4@group-A207BA99A34F: changes role from CANDIDATE to FOLLOWER at term 2 for REJECTED
2022-02-04 12:59:35,148 [48509481-1279-4ab6-a4c6-c4d867ebe0e4@group-A207BA99A34F-LeaderElection24] INFO  impl.RoleInfo (RoleInfo.java:shutdownLeaderElection(121)) - 48509481-1279-4ab6-a4c6-c4d867ebe0e4: shutdown 48509481-1279-4ab6-a4c6-c4d867ebe0e4@group-A207BA99A34F-LeaderElection24
2022-02-04 12:59:35,148 [48509481-1279-4ab6-a4c6-c4d867ebe0e4@group-A207BA99A34F-LeaderElection24] INFO  impl.RoleInfo (RoleInfo.java:updateAndGet(130)) - 48509481-1279-4ab6-a4c6-c4d867ebe0e4: start 48509481-1279-4ab6-a4c6-c4d867ebe0e4@group-A207BA99A34F-FollowerState
2022-02-04 12:59:35,148 [grpc-default-executor-0] INFO  server.RaftServer$Division (RaftServerImpl.java:requestVote(1046)) - a6f0a267-e289-4b59-b54b-7c098cd4cf92@group-A207BA99A34F: receive requestVote(ELECTION, 77b2354b-f995-4356-b656-35090dbcfa7f, group-A207BA99A34F, 2, (t:0, i:0))
2022-02-04 12:59:35,148 [a6f0a267-e289-4b59-b54b-7c098cd4cf92@group-A207BA99A34F-LeaderElection25] INFO  impl.LeaderElection (LeaderElection.java:logAndReturn(89)) - a6f0a267-e289-4b59-b54b-7c098cd4cf92@group-A207BA99A34F-LeaderElection25: ELECTION REJECTED received 2 response(s) and 0 exception(s):
2022-02-04 12:59:35,148 [grpc-default-executor-0] INFO  impl.VoteContext (VoteContext.java:log(48)) - a6f0a267-e289-4b59-b54b-7c098cd4cf92@group-A207BA99A34F-CANDIDATE: reject ELECTION from 77b2354b-f995-4356-b656-35090dbcfa7f: already has voted for a6f0a267-e289-4b59-b54b-7c098cd4cf92 at current term 2
2022-02-04 12:59:35,148 [a6f0a267-e289-4b59-b54b-7c098cd4cf92@group-A207BA99A34F-LeaderElection25] INFO  impl.LeaderElection (LeaderElection.java:logAndReturn(93)) -   Response 0: a6f0a267-e289-4b59-b54b-7c098cd4cf92<-48509481-1279-4ab6-a4c6-c4d867ebe0e4#0:FAIL-t2
2022-02-04 12:59:35,148 [a6f0a267-e289-4b59-b54b-7c098cd4cf92@group-A207BA99A34F-LeaderElection25] INFO  impl.LeaderElection (LeaderElection.java:logAndReturn(93)) -   Response 1: a6f0a267-e289-4b59-b54b-7c098cd4cf92<-77b2354b-f995-4356-b656-35090dbcfa7f#0:FAIL-t2
2022-02-04 12:59:35,148 [grpc-default-executor-0] INFO  server.RaftServer$Division (RaftServerImpl.java:requestVote(1078)) - a6f0a267-e289-4b59-b54b-7c098cd4cf92@group-A207BA99A34F replies to ELECTION vote request: 77b2354b-f995-4356-b656-35090dbcfa7f<-a6f0a267-e289-4b59-b54b-7c098cd4cf92#0:FAIL-t2. Peer's state: a6f0a267-e289-4b59-b54b-7c098cd4cf92@group-A207BA99A34F:t2, leader=null, voted=a6f0a267-e289-4b59-b54b-7c098cd4cf92, raftlog=a6f0a267-e289-4b59-b54b-7c098cd4cf92@group-A207BA99A34F-SegmentedRaftLog:OPENED:c-1, conf=-1: [48509481-1279-4ab6-a4c6-c4d867ebe0e4|rpc:10.1.0.52:36155|dataStream:|priority:0, a6f0a267-e289-4b59-b54b-7c098cd4cf92|rpc:10.1.0.52:36247|dataStream:|priority:1, 77b2354b-f995-4356-b656-35090dbcfa7f|rpc:10.1.0.52:34321|dataStream:|priority:0], old=null
2022-02-04 12:59:35,158 [pool-202-thread-1] INFO  server.RaftServer$Division (RaftServerImpl.java:<init>(184)) - cd33ab12-5c76-4090-ae9e-f8dc2a96321d: new RaftServerImpl for group-3FF861DD1686:[99ec0913-bcd1-4774-8e53-643ce8734cf6|rpc:10.1.0.52:38161|priority:1, 4dd803c0-ea86-48ec-b5c9-2601c1b23b4d|rpc:10.1.0.52:34153|priority:0, cd33ab12-5c76-4090-ae9e-f8dc2a96321d|rpc:10.1.0.52:40103|priority:0] with ContainerStateMachine:uninitialized
2022-02-04 12:59:35,158 [pool-202-thread-1] INFO  server.RaftServerConfigKeys (ConfUtils.java:logGet(44)) - raft.server.rpc.timeout.min = 5s (custom)
2022-02-04 12:59:35,158 [pool-202-thread-1] INFO  server.RaftServerConfigKeys (ConfUtils.java:logGet(44)) - raft.server.rpc.timeout.max = 5200ms (custom)
2022-02-04 12:59:35,158 [pool-202-thread-1] INFO  server.RaftServerConfigKeys (ConfUtils.java:logGet(44)) - raft.server.rpc.sleep.time = 25ms (default)
2022-02-04 12:59:35,158 [pool-202-thread-1] INFO  server.RaftServerConfigKeys (ConfUtils.java:logGet(44)) - raft.server.rpc.slowness.timeout = 300s (custom)
2022-02-04 12:59:35,158 [pool-202-thread-1] INFO  server.RaftServerConfigKeys (ConfUtils.java:logGet(44)) - raft.server.leaderelection.leader.step-down.wait-time = 10s (default)
2022-02-04 12:59:35,158 [pool-202-thread-1] INFO  server.RaftServerConfigKeys (ConfUtils.java:logGet(44)) - raft.server.sleep.deviation.threshold = 300ms (default)
2022-02-04 12:59:35,158 [pool-202-thread-1] INFO  server.RaftServerConfigKeys (ConfUtils.java:logGet(44)) - raft.server.log.appender.install.snapshot.enabled = false (custom)
2022-02-04 12:59:35,159 [pool-202-thread-1] INFO  server.RaftServer$Division (ServerState.java:<init>(105)) - cd33ab12-5c76-4090-ae9e-f8dc2a96321d@group-3FF861DD1686: ConfigurationManager, init=-1: [99ec0913-bcd1-4774-8e53-643ce8734cf6|rpc:10.1.0.52:38161|priority:1, 4dd803c0-ea86-48ec-b5c9-2601c1b23b4d|rpc:10.1.0.52:34153|priority:0, cd33ab12-5c76-4090-ae9e-f8dc2a96321d|rpc:10.1.0.52:40103|priority:0], old=null, confs=<EMPTY_MAP>
2022-02-04 12:59:35,159 [pool-202-thread-1] INFO  server.RaftServerConfigKeys (ConfUtils.java:logGet(44)) - raft.server.storage.dir = [/home/runner/work/ozone/ozone/hadoop-ozone/integration-test/target/test-dir/MiniOzoneClusterImpl-5b939f7d-2090-4c2b-bba9-fa55352059d6/datanode-1/data/ratis] (custom)
2022-02-04 12:59:35,159 [pool-202-thread-1] INFO  server.RaftServerConfigKeys (ConfUtils.java:logGet(44)) - raft.server.log.corruption.policy = EXCEPTION (default)
2022-02-04 12:59:35,159 [pool-202-thread-1] INFO  server.RaftServerConfigKeys (ConfUtils.java:logGet(44)) - raft.server.storage.free-space.min = 0MB (=0) (default)
2022-02-04 12:59:35,159 [pool-202-thread-1] INFO  storage.RaftStorageDirectory (RaftStorageDirectoryImpl.java:analyzeStorage(135)) - The storage directory /home/runner/work/ozone/ozone/hadoop-ozone/integration-test/target/test-dir/MiniOzoneClusterImpl-5b939f7d-2090-4c2b-bba9-fa55352059d6/datanode-1/data/ratis/e44ca63e-d44e-44e5-99a0-3ff861dd1686 does not exist. Creating ...
2022-02-04 12:59:35,159 [pool-171-thread-1] INFO  impl.RoleInfo (RoleInfo.java:updateAndGet(130)) - 99ec0913-bcd1-4774-8e53-643ce8734cf6: start 99ec0913-bcd1-4774-8e53-643ce8734cf6@group-040B0BC54F08-FollowerState
2022-02-04 12:59:35,161 [pool-202-thread-1] INFO  storage.RaftStorageDirectory (RaftStorageDirectoryImpl.java:tryLock(230)) - Lock on /home/runner/work/ozone/ozone/hadoop-ozone/integration-test/target/test-dir/MiniOzoneClusterImpl-5b939f7d-2090-4c2b-bba9-fa55352059d6/datanode-1/data/ratis/e44ca63e-d44e-44e5-99a0-3ff861dd1686/in_use.lock acquired by nodename 13540@fv-az116-891
2022-02-04 12:59:35,165 [pool-202-thread-1] INFO  storage.RaftStorage (RaftStorageImpl.java:format(89)) - Storage directory /home/runner/work/ozone/ozone/hadoop-ozone/integration-test/target/test-dir/MiniOzoneClusterImpl-5b939f7d-2090-4c2b-bba9-fa55352059d6/datanode-1/data/ratis/e44ca63e-d44e-44e5-99a0-3ff861dd1686 has been successfully formatted.
2022-02-04 12:59:35,165 [pool-171-thread-1] INFO  util.JmxRegister (JmxRegister.java:tryRegister(44)) - Successfully registered JMX Bean with object name Ratis:service=RaftServer,group=group-040B0BC54F08,id=99ec0913-bcd1-4774-8e53-643ce8734cf6
2022-02-04 12:59:35,165 [a6f0a267-e289-4b59-b54b-7c098cd4cf92@group-A207BA99A34F-LeaderElection25] INFO  impl.LeaderElection (LeaderElection.java:askForVotes(308)) - a6f0a267-e289-4b59-b54b-7c098cd4cf92@group-A207BA99A34F-LeaderElection25 ELECTION round 0: result REJECTED
2022-02-04 12:59:35,165 [a6f0a267-e289-4b59-b54b-7c098cd4cf92@group-A207BA99A34F-LeaderElection25] INFO  server.RaftServer$Division (RaftServerImpl.java:setRole(290)) - a6f0a267-e289-4b59-b54b-7c098cd4cf92@group-A207BA99A34F: changes role from CANDIDATE to FOLLOWER at term 2 for REJECTED
2022-02-04 12:59:35,165 [a6f0a267-e289-4b59-b54b-7c098cd4cf92@group-A207BA99A34F-LeaderElection25] INFO  impl.RoleInfo (RoleInfo.java:shutdownLeaderElection(121)) - a6f0a267-e289-4b59-b54b-7c098cd4cf92: shutdown a6f0a267-e289-4b59-b54b-7c098cd4cf92@group-A207BA99A34F-LeaderElection25
2022-02-04 12:59:35,165 [a6f0a267-e289-4b59-b54b-7c098cd4cf92@group-A207BA99A34F-LeaderElection25] INFO  impl.RoleInfo (RoleInfo.java:updateAndGet(130)) - a6f0a267-e289-4b59-b54b-7c098cd4cf92: start a6f0a267-e289-4b59-b54b-7c098cd4cf92@group-A207BA99A34F-FollowerState
2022-02-04 12:59:35,165 [77b2354b-f995-4356-b656-35090dbcfa7f@group-A207BA99A34F-LeaderElection26] INFO  impl.LeaderElection (LeaderElection.java:logAndReturn(89)) - 77b2354b-f995-4356-b656-35090dbcfa7f@group-A207BA99A34F-LeaderElection26: ELECTION REJECTED received 2 response(s) and 0 exception(s):
2022-02-04 12:59:35,166 [77b2354b-f995-4356-b656-35090dbcfa7f@group-A207BA99A34F-LeaderElection26] INFO  impl.LeaderElection (LeaderElection.java:logAndReturn(93)) -   Response 0: 77b2354b-f995-4356-b656-35090dbcfa7f<-48509481-1279-4ab6-a4c6-c4d867ebe0e4#0:FAIL-t2
2022-02-04 12:59:35,166 [77b2354b-f995-4356-b656-35090dbcfa7f@group-A207BA99A34F-LeaderElection26] INFO  impl.LeaderElection (LeaderElection.java:logAndReturn(93)) -   Response 1: 77b2354b-f995-4356-b656-35090dbcfa7f<-a6f0a267-e289-4b59-b54b-7c098cd4cf92#0:FAIL-t2
2022-02-04 12:59:35,165 [pool-202-thread-1] INFO  ratis.ContainerStateMachine (ContainerStateMachine.java:loadSnapshot(231)) - group-3FF861DD1686: The snapshot info is null. Setting the last applied indexto:(t:0, i:~)
2022-02-04 12:59:35,167 [pool-202-thread-1] INFO  server.RaftServerConfigKeys (ConfUtils.java:logGet(44)) - raft.server.notification.no-leader.timeout = 300s (custom)
2022-02-04 12:59:35,167 [pool-202-thread-1] INFO  server.RaftServerConfigKeys (ConfUtils.java:logGet(44)) - raft.server.log.use.memory = false (default)
2022-02-04 12:59:35,167 [pool-202-thread-1] INFO  server.RaftServerConfigKeys (ConfUtils.java:logGet(44)) - raft.server.log.purge.gap = 1000000 (custom)
2022-02-04 12:59:35,167 [pool-202-thread-1] INFO  server.RaftServerConfigKeys (ConfUtils.java:logGet(44)) - raft.server.log.appender.buffer.byte-limit = 33554432 (custom)
2022-02-04 12:59:35,167 [pool-202-thread-1] INFO  server.RaftServerConfigKeys (ConfUtils.java:logGet(44)) - raft.server.log.segment.size.max = 1048576 (custom)
2022-02-04 12:59:35,170 [Command processor thread] INFO  ratis.XceiverServerRatis (XceiverServerRatis.java:addGroup(768)) - Created group PipelineID=ba81bbd6-36b2-4c25-8136-040b0bc54f08
2022-02-04 12:59:35,170 [Command processor thread] INFO  commandhandler.CreatePipelineCommandHandler (CreatePipelineCommandHandler.java:handle(106)) - Created Pipeline RATIS ONE PipelineID=ba81bbd6-36b2-4c25-8136-040b0bc54f08.
2022-02-04 12:59:35,171 [Command processor thread] INFO  server.RaftServer (RaftServerProxy.java:addNew(95)) - 99ec0913-bcd1-4774-8e53-643ce8734cf6: addNew group-3FF861DD1686:[99ec0913-bcd1-4774-8e53-643ce8734cf6|rpc:10.1.0.52:38161|priority:1, 4dd803c0-ea86-48ec-b5c9-2601c1b23b4d|rpc:10.1.0.52:34153|priority:0, cd33ab12-5c76-4090-ae9e-f8dc2a96321d|rpc:10.1.0.52:40103|priority:0] returns group-3FF861DD1686:java.util.concurrent.CompletableFuture@358f0a9a[Not completed]
2022-02-04 12:59:35,171 [77b2354b-f995-4356-b656-35090dbcfa7f@group-A207BA99A34F-LeaderElection26] INFO  impl.LeaderElection (LeaderElection.java:askForVotes(308)) - 77b2354b-f995-4356-b656-35090dbcfa7f@group-A207BA99A34F-LeaderElection26 ELECTION round 0: result REJECTED
2022-02-04 12:59:35,171 [77b2354b-f995-4356-b656-35090dbcfa7f@group-A207BA99A34F-LeaderElection26] INFO  server.RaftServer$Division (RaftServerImpl.java:setRole(290)) - 77b2354b-f995-4356-b656-35090dbcfa7f@group-A207BA99A34F: changes role from CANDIDATE to FOLLOWER at term 2 for REJECTED
2022-02-04 12:59:35,171 [77b2354b-f995-4356-b656-35090dbcfa7f@group-A207BA99A34F-LeaderElection26] INFO  impl.RoleInfo (RoleInfo.java:shutdownLeaderElection(121)) - 77b2354b-f995-4356-b656-35090dbcfa7f: shutdown 77b2354b-f995-4356-b656-35090dbcfa7f@group-A207BA99A34F-LeaderElection26
2022-02-04 12:59:35,171 [77b2354b-f995-4356-b656-35090dbcfa7f@group-A207BA99A34F-LeaderElection26] INFO  impl.RoleInfo (RoleInfo.java:updateAndGet(130)) - 77b2354b-f995-4356-b656-35090dbcfa7f: start 77b2354b-f995-4356-b656-35090dbcfa7f@group-A207BA99A34F-FollowerState
2022-02-04 12:59:35,172 [pool-171-thread-1] INFO  server.RaftServer$Division (RaftServerImpl.java:<init>(184)) - 99ec0913-bcd1-4774-8e53-643ce8734cf6: new RaftServerImpl for group-3FF861DD1686:[99ec0913-bcd1-4774-8e53-643ce8734cf6|rpc:10.1.0.52:38161|priority:1, 4dd803c0-ea86-48ec-b5c9-2601c1b23b4d|rpc:10.1.0.52:34153|priority:0, cd33ab12-5c76-4090-ae9e-f8dc2a96321d|rpc:10.1.0.52:40103|priority:0] with ContainerStateMachine:uninitialized
2022-02-04 12:59:35,172 [pool-171-thread-1] INFO  server.RaftServerConfigKeys (ConfUtils.java:logGet(44)) - raft.server.rpc.timeout.min = 5s (custom)
2022-02-04 12:59:35,172 [pool-171-thread-1] INFO  server.RaftServerConfigKeys (ConfUtils.java:logGet(44)) - raft.server.rpc.timeout.max = 5200ms (custom)
2022-02-04 12:59:35,172 [pool-171-thread-1] INFO  server.RaftServerConfigKeys (ConfUtils.java:logGet(44)) - raft.server.rpc.sleep.time = 25ms (default)
2022-02-04 12:59:35,172 [pool-171-thread-1] INFO  server.RaftServerConfigKeys (ConfUtils.java:logGet(44)) - raft.server.rpc.slowness.timeout = 300s (custom)
2022-02-04 12:59:35,172 [pool-171-thread-1] INFO  server.RaftServerConfigKeys (ConfUtils.java:logGet(44)) - raft.server.leaderelection.leader.step-down.wait-time = 10s (default)
2022-02-04 12:59:35,172 [pool-171-thread-1] INFO  server.RaftServerConfigKeys (ConfUtils.java:logGet(44)) - raft.server.sleep.deviation.threshold = 300ms (default)
2022-02-04 12:59:35,172 [pool-171-thread-1] INFO  server.RaftServerConfigKeys (ConfUtils.java:logGet(44)) - raft.server.log.appender.install.snapshot.enabled = false (custom)
2022-02-04 12:59:35,172 [pool-171-thread-1] INFO  server.RaftServer$Division (ServerState.java:<init>(105)) - 99ec0913-bcd1-4774-8e53-643ce8734cf6@group-3FF861DD1686: ConfigurationManager, init=-1: [99ec0913-bcd1-4774-8e53-643ce8734cf6|rpc:10.1.0.52:38161|priority:1, 4dd803c0-ea86-48ec-b5c9-2601c1b23b4d|rpc:10.1.0.52:34153|priority:0, cd33ab12-5c76-4090-ae9e-f8dc2a96321d|rpc:10.1.0.52:40103|priority:0], old=null, confs=<EMPTY_MAP>
2022-02-04 12:59:35,172 [pool-171-thread-1] INFO  server.RaftServerConfigKeys (ConfUtils.java:logGet(44)) - raft.server.storage.dir = [/home/runner/work/ozone/ozone/hadoop-ozone/integration-test/target/test-dir/MiniOzoneClusterImpl-5b939f7d-2090-4c2b-bba9-fa55352059d6/datanode-0/data/ratis] (custom)
2022-02-04 12:59:35,173 [pool-171-thread-1] INFO  server.RaftServerConfigKeys (ConfUtils.java:logGet(44)) - raft.server.log.corruption.policy = EXCEPTION (default)
2022-02-04 12:59:35,173 [pool-171-thread-1] INFO  server.RaftServerConfigKeys (ConfUtils.java:logGet(44)) - raft.server.storage.free-space.min = 0MB (=0) (default)
2022-02-04 12:59:35,173 [pool-171-thread-1] INFO  storage.RaftStorageDirectory (RaftStorageDirectoryImpl.java:analyzeStorage(135)) - The storage directory /home/runner/work/ozone/ozone/hadoop-ozone/integration-test/target/test-dir/MiniOzoneClusterImpl-5b939f7d-2090-4c2b-bba9-fa55352059d6/datanode-0/data/ratis/e44ca63e-d44e-44e5-99a0-3ff861dd1686 does not exist. Creating ...
2022-02-04 12:59:35,173 [pool-202-thread-1] INFO  server.RaftServerConfigKeys (ConfUtils.java:logGet(44)) - raft.server.log.segment.cache.num.max = 2 (custom)
2022-02-04 12:59:35,174 [pool-202-thread-1] INFO  server.RaftServerConfigKeys (ConfUtils.java:logGet(44)) - raft.server.log.segment.cache.size.max = 200MB (=209715200) (default)
2022-02-04 12:59:35,174 [pool-202-thread-1] INFO  segmented.SegmentedRaftLogWorker (SegmentedRaftLogWorker.java:<init>(182)) - new cd33ab12-5c76-4090-ae9e-f8dc2a96321d@group-3FF861DD1686-SegmentedRaftLogWorker for RaftStorageImpl:Storage Directory /home/runner/work/ozone/ozone/hadoop-ozone/integration-test/target/test-dir/MiniOzoneClusterImpl-5b939f7d-2090-4c2b-bba9-fa55352059d6/datanode-1/data/ratis/e44ca63e-d44e-44e5-99a0-3ff861dd1686
2022-02-04 12:59:35,174 [pool-171-thread-1] INFO  storage.RaftStorageDirectory (RaftStorageDirectoryImpl.java:tryLock(230)) - Lock on /home/runner/work/ozone/ozone/hadoop-ozone/integration-test/target/test-dir/MiniOzoneClusterImpl-5b939f7d-2090-4c2b-bba9-fa55352059d6/datanode-0/data/ratis/e44ca63e-d44e-44e5-99a0-3ff861dd1686/in_use.lock acquired by nodename 13540@fv-az116-891
2022-02-04 12:59:35,174 [pool-202-thread-1] INFO  server.RaftServerConfigKeys (ConfUtils.java:logGet(44)) - raft.server.log.queue.byte-limit = 2147483647 (custom)
2022-02-04 12:59:35,174 [pool-202-thread-1] INFO  server.RaftServerConfigKeys (ConfUtils.java:logGet(44)) - raft.server.log.queue.element-limit = 1024 (custom)
2022-02-04 12:59:35,175 [pool-202-thread-1] INFO  server.RaftServerConfigKeys (ConfUtils.java:logGet(44)) - raft.server.log.segment.size.max = 1048576 (custom)
2022-02-04 12:59:35,175 [pool-202-thread-1] INFO  server.RaftServerConfigKeys (ConfUtils.java:logGet(44)) - raft.server.log.preallocated.size = 16384 (custom)
2022-02-04 12:59:35,175 [pool-202-thread-1] INFO  server.RaftServerConfigKeys (ConfUtils.java:logGet(44)) - raft.server.log.force.sync.num = 128 (default)
2022-02-04 12:59:35,175 [pool-202-thread-1] INFO  server.RaftServerConfigKeys (ConfUtils.java:logGet(44)) - raft.server.log.statemachine.data.sync = true (default)
2022-02-04 12:59:35,175 [pool-202-thread-1] INFO  server.RaftServerConfigKeys (ConfUtils.java:logGet(44)) - raft.server.log.statemachine.data.sync.timeout = 10s (default)
2022-02-04 12:59:35,175 [pool-202-thread-1] INFO  server.RaftServerConfigKeys (ConfUtils.java:logGet(44)) - raft.server.log.statemachine.data.sync.timeout.retry = -1 (default)
2022-02-04 12:59:35,175 [pool-171-thread-1] INFO  storage.RaftStorage (RaftStorageImpl.java:format(89)) - Storage directory /home/runner/work/ozone/ozone/hadoop-ozone/integration-test/target/test-dir/MiniOzoneClusterImpl-5b939f7d-2090-4c2b-bba9-fa55352059d6/datanode-0/data/ratis/e44ca63e-d44e-44e5-99a0-3ff861dd1686 has been successfully formatted.
2022-02-04 12:59:35,177 [pool-171-thread-1] INFO  ratis.ContainerStateMachine (ContainerStateMachine.java:loadSnapshot(231)) - group-3FF861DD1686: The snapshot info is null. Setting the last applied indexto:(t:0, i:~)
2022-02-04 12:59:35,177 [pool-171-thread-1] INFO  server.RaftServerConfigKeys (ConfUtils.java:logGet(44)) - raft.server.notification.no-leader.timeout = 300s (custom)
2022-02-04 12:59:35,177 [pool-171-thread-1] INFO  server.RaftServerConfigKeys (ConfUtils.java:logGet(44)) - raft.server.log.use.memory = false (default)
2022-02-04 12:59:35,177 [pool-171-thread-1] INFO  server.RaftServerConfigKeys (ConfUtils.java:logGet(44)) - raft.server.log.purge.gap = 1000000 (custom)
2022-02-04 12:59:35,177 [pool-171-thread-1] INFO  server.RaftServerConfigKeys (ConfUtils.java:logGet(44)) - raft.server.log.appender.buffer.byte-limit = 33554432 (custom)
2022-02-04 12:59:35,177 [pool-171-thread-1] INFO  server.RaftServerConfigKeys (ConfUtils.java:logGet(44)) - raft.server.log.segment.size.max = 1048576 (custom)
2022-02-04 12:59:35,178 [pool-171-thread-1] INFO  server.RaftServerConfigKeys (ConfUtils.java:logGet(44)) - raft.server.log.segment.cache.num.max = 2 (custom)
2022-02-04 12:59:35,178 [pool-171-thread-1] INFO  server.RaftServerConfigKeys (ConfUtils.java:logGet(44)) - raft.server.log.segment.cache.size.max = 200MB (=209715200) (default)
2022-02-04 12:59:35,178 [pool-171-thread-1] INFO  segmented.SegmentedRaftLogWorker (SegmentedRaftLogWorker.java:<init>(182)) - new 99ec0913-bcd1-4774-8e53-643ce8734cf6@group-3FF861DD1686-SegmentedRaftLogWorker for RaftStorageImpl:Storage Directory /home/runner/work/ozone/ozone/hadoop-ozone/integration-test/target/test-dir/MiniOzoneClusterImpl-5b939f7d-2090-4c2b-bba9-fa55352059d6/datanode-0/data/ratis/e44ca63e-d44e-44e5-99a0-3ff861dd1686
2022-02-04 12:59:35,178 [pool-171-thread-1] INFO  server.RaftServerConfigKeys (ConfUtils.java:logGet(44)) - raft.server.log.queue.byte-limit = 2147483647 (custom)
2022-02-04 12:59:35,178 [pool-171-thread-1] INFO  server.RaftServerConfigKeys (ConfUtils.java:logGet(44)) - raft.server.log.queue.element-limit = 1024 (custom)
2022-02-04 12:59:35,178 [pool-171-thread-1] INFO  server.RaftServerConfigKeys (ConfUtils.java:logGet(44)) - raft.server.log.segment.size.max = 1048576 (custom)
2022-02-04 12:59:35,178 [pool-171-thread-1] INFO  server.RaftServerConfigKeys (ConfUtils.java:logGet(44)) - raft.server.log.preallocated.size = 16384 (custom)
2022-02-04 12:59:35,178 [pool-171-thread-1] INFO  server.RaftServerConfigKeys (ConfUtils.java:logGet(44)) - raft.server.log.force.sync.num = 128 (default)
2022-02-04 12:59:35,178 [pool-171-thread-1] INFO  server.RaftServerConfigKeys (ConfUtils.java:logGet(44)) - raft.server.log.statemachine.data.sync = true (default)
2022-02-04 12:59:35,178 [pool-171-thread-1] INFO  server.RaftServerConfigKeys (ConfUtils.java:logGet(44)) - raft.server.log.statemachine.data.sync.timeout = 10s (default)
2022-02-04 12:59:35,178 [pool-171-thread-1] INFO  server.RaftServerConfigKeys (ConfUtils.java:logGet(44)) - raft.server.log.statemachine.data.sync.timeout.retry = -1 (default)
2022-02-04 12:59:35,179 [pool-171-thread-1] INFO  server.RaftServerConfigKeys (ConfUtils.java:logGet(44)) - raft.server.log.write.buffer.size = 1048576 (custom)
2022-02-04 12:59:35,180 [pool-171-thread-1] INFO  server.RaftServerConfigKeys (ConfUtils.java:logGet(44)) - raft.server.log.statemachine.data.caching.enabled = true (custom)
2022-02-04 12:59:35,180 [pool-171-thread-1] INFO  segmented.SegmentedRaftLogWorker (SegmentedRaftLogWorker.java:lambda$new$0(133)) - 99ec0913-bcd1-4774-8e53-643ce8734cf6@group-3FF861DD1686-SegmentedRaftLogWorker: flushIndex: setUnconditionally 0 -> -1
2022-02-04 12:59:35,180 [pool-171-thread-1] INFO  segmented.SegmentedRaftLogWorker (SegmentedRaftLogWorker.java:lambda$new$0(133)) - 99ec0913-bcd1-4774-8e53-643ce8734cf6@group-3FF861DD1686-SegmentedRaftLogWorker: safeCacheEvictIndex: setUnconditionally 0 -> -1
2022-02-04 12:59:35,187 [pool-171-thread-1] INFO  server.RaftServerConfigKeys (ConfUtils.java:logGet(44)) - raft.server.snapshot.auto.trigger.enabled = true (custom)
2022-02-04 12:59:35,187 [pool-171-thread-1] INFO  server.RaftServerConfigKeys (ConfUtils.java:logGet(44)) - raft.server.snapshot.auto.trigger.threshold = 10000 (custom)
2022-02-04 12:59:35,187 [pool-171-thread-1] INFO  server.RaftServerConfigKeys (ConfUtils.java:logGet(44)) - raft.server.snapshot.retention.file.num = 5 (custom)
2022-02-04 12:59:35,187 [pool-171-thread-1] INFO  server.RaftServerConfigKeys (ConfUtils.java:logGet(44)) - raft.server.log.purge.upto.snapshot.index = false (default)
2022-02-04 12:59:35,187 [pool-171-thread-1] INFO  server.RaftServerConfigKeys (ConfUtils.java:logGet(44)) - raft.server.retrycache.expirytime = 600000ms (custom)
2022-02-04 12:59:35,187 [pool-171-thread-1] INFO  server.RaftServerConfigKeys (ConfUtils.java:logGet(44)) - raft.server.retrycache.statistics.expirytime = 100μs (default)
2022-02-04 12:59:35,189 [pool-171-thread-1] INFO  server.RaftServer$Division (RaftServerImpl.java:start(301)) - 99ec0913-bcd1-4774-8e53-643ce8734cf6@group-3FF861DD1686: start as a follower, conf=-1: [99ec0913-bcd1-4774-8e53-643ce8734cf6|rpc:10.1.0.52:38161|priority:1, 4dd803c0-ea86-48ec-b5c9-2601c1b23b4d|rpc:10.1.0.52:34153|priority:0, cd33ab12-5c76-4090-ae9e-f8dc2a96321d|rpc:10.1.0.52:40103|priority:0], old=null
2022-02-04 12:59:35,189 [pool-171-thread-1] INFO  server.RaftServer$Division (RaftServerImpl.java:setRole(290)) - 99ec0913-bcd1-4774-8e53-643ce8734cf6@group-3FF861DD1686: changes role from      null to FOLLOWER at term 0 for startAsFollower
2022-02-04 12:59:35,189 [pool-171-thread-1] INFO  impl.RoleInfo (RoleInfo.java:updateAndGet(130)) - 99ec0913-bcd1-4774-8e53-643ce8734cf6: start 99ec0913-bcd1-4774-8e53-643ce8734cf6@group-3FF861DD1686-FollowerState
2022-02-04 12:59:35,193 [pool-171-thread-1] INFO  util.JmxRegister (JmxRegister.java:tryRegister(44)) - Successfully registered JMX Bean with object name Ratis:service=RaftServer,group=group-3FF861DD1686,id=99ec0913-bcd1-4774-8e53-643ce8734cf6
2022-02-04 12:59:35,206 [Listener at 127.0.0.1/43489] INFO  ozone.MiniOzoneClusterImpl (MiniOzoneClusterImpl.java:lambda$waitForClusterToBeReady$0(219)) - Nodes are ready. Got 3 of 3 DN Heartbeats.
2022-02-04 12:59:35,206 [Listener at 127.0.0.1/43489] INFO  ozone.MiniOzoneClusterImpl (MiniOzoneClusterImpl.java:lambda$waitForClusterToBeReady$0(222)) - Waiting for cluster to exit safe mode
2022-02-04 12:59:35,206 [Listener at 127.0.0.1/43489] INFO  ozone.MiniOzoneClusterImpl (MiniOzoneClusterImpl.java:lambda$waitForClusterToBeReady$0(224)) - SCM became leader
2022-02-04 12:59:35,208 [pool-202-thread-1] INFO  server.RaftServerConfigKeys (ConfUtils.java:logGet(44)) - raft.server.log.write.buffer.size = 1048576 (custom)
2022-02-04 12:59:35,209 [pool-202-thread-1] INFO  server.RaftServerConfigKeys (ConfUtils.java:logGet(44)) - raft.server.log.statemachine.data.caching.enabled = true (custom)
2022-02-04 12:59:35,209 [pool-202-thread-1] INFO  segmented.SegmentedRaftLogWorker (SegmentedRaftLogWorker.java:lambda$new$0(133)) - cd33ab12-5c76-4090-ae9e-f8dc2a96321d@group-3FF861DD1686-SegmentedRaftLogWorker: flushIndex: setUnconditionally 0 -> -1
2022-02-04 12:59:35,209 [pool-202-thread-1] INFO  segmented.SegmentedRaftLogWorker (SegmentedRaftLogWorker.java:lambda$new$0(133)) - cd33ab12-5c76-4090-ae9e-f8dc2a96321d@group-3FF861DD1686-SegmentedRaftLogWorker: safeCacheEvictIndex: setUnconditionally 0 -> -1
2022-02-04 12:59:35,209 [Command processor thread] INFO  ratis.XceiverServerRatis (XceiverServerRatis.java:addGroup(768)) - Created group PipelineID=e44ca63e-d44e-44e5-99a0-3ff861dd1686
2022-02-04 12:59:35,216 [pool-202-thread-1] INFO  server.RaftServerConfigKeys (ConfUtils.java:logGet(44)) - raft.server.snapshot.auto.trigger.enabled = true (custom)
2022-02-04 12:59:35,216 [pool-202-thread-1] INFO  server.RaftServerConfigKeys (ConfUtils.java:logGet(44)) - raft.server.snapshot.auto.trigger.threshold = 10000 (custom)
2022-02-04 12:59:35,216 [pool-202-thread-1] INFO  server.RaftServerConfigKeys (ConfUtils.java:logGet(44)) - raft.server.snapshot.retention.file.num = 5 (custom)
2022-02-04 12:59:35,216 [pool-202-thread-1] INFO  server.RaftServerConfigKeys (ConfUtils.java:logGet(44)) - raft.server.log.purge.upto.snapshot.index = false (default)
2022-02-04 12:59:35,216 [pool-202-thread-1] INFO  server.RaftServerConfigKeys (ConfUtils.java:logGet(44)) - raft.server.retrycache.expirytime = 600000ms (custom)
2022-02-04 12:59:35,216 [pool-202-thread-1] INFO  server.RaftServerConfigKeys (ConfUtils.java:logGet(44)) - raft.server.retrycache.statistics.expirytime = 100μs (default)
2022-02-04 12:59:35,217 [pool-202-thread-1] INFO  server.RaftServer$Division (RaftServerImpl.java:start(301)) - cd33ab12-5c76-4090-ae9e-f8dc2a96321d@group-3FF861DD1686: start as a follower, conf=-1: [99ec0913-bcd1-4774-8e53-643ce8734cf6|rpc:10.1.0.52:38161|priority:1, 4dd803c0-ea86-48ec-b5c9-2601c1b23b4d|rpc:10.1.0.52:34153|priority:0, cd33ab12-5c76-4090-ae9e-f8dc2a96321d|rpc:10.1.0.52:40103|priority:0], old=null
2022-02-04 12:59:35,217 [pool-202-thread-1] INFO  server.RaftServer$Division (RaftServerImpl.java:setRole(290)) - cd33ab12-5c76-4090-ae9e-f8dc2a96321d@group-3FF861DD1686: changes role from      null to FOLLOWER at term 0 for startAsFollower
2022-02-04 12:59:35,217 [pool-202-thread-1] INFO  impl.RoleInfo (RoleInfo.java:updateAndGet(130)) - cd33ab12-5c76-4090-ae9e-f8dc2a96321d: start cd33ab12-5c76-4090-ae9e-f8dc2a96321d@group-3FF861DD1686-FollowerState
2022-02-04 12:59:35,227 [pool-202-thread-1] INFO  util.JmxRegister (JmxRegister.java:tryRegister(44)) - Successfully registered JMX Bean with object name Ratis:service=RaftServer,group=group-3FF861DD1686,id=cd33ab12-5c76-4090-ae9e-f8dc2a96321d
2022-02-04 12:59:35,233 [Command processor thread] INFO  ratis.XceiverServerRatis (XceiverServerRatis.java:addGroup(768)) - Created group PipelineID=e44ca63e-d44e-44e5-99a0-3ff861dd1686
2022-02-04 12:59:35,240 [grpc-default-executor-0] INFO  server.RaftServer (RaftServerProxy.java:addNew(95)) - 4dd803c0-ea86-48ec-b5c9-2601c1b23b4d: addNew group-3FF861DD1686:[99ec0913-bcd1-4774-8e53-643ce8734cf6|rpc:10.1.0.52:38161|dataStream:|priority:1, 4dd803c0-ea86-48ec-b5c9-2601c1b23b4d|rpc:10.1.0.52:34153|dataStream:|priority:0, cd33ab12-5c76-4090-ae9e-f8dc2a96321d|rpc:10.1.0.52:40103|dataStream:|priority:0] returns group-3FF861DD1686:java.util.concurrent.CompletableFuture@14935922[Not completed]
2022-02-04 12:59:35,242 [pool-223-thread-1] INFO  server.RaftServer$Division (RaftServerImpl.java:<init>(184)) - 4dd803c0-ea86-48ec-b5c9-2601c1b23b4d: new RaftServerImpl for group-3FF861DD1686:[99ec0913-bcd1-4774-8e53-643ce8734cf6|rpc:10.1.0.52:38161|dataStream:|priority:1, 4dd803c0-ea86-48ec-b5c9-2601c1b23b4d|rpc:10.1.0.52:34153|dataStream:|priority:0, cd33ab12-5c76-4090-ae9e-f8dc2a96321d|rpc:10.1.0.52:40103|dataStream:|priority:0] with ContainerStateMachine:uninitialized
2022-02-04 12:59:35,242 [pool-223-thread-1] INFO  server.RaftServerConfigKeys (ConfUtils.java:logGet(44)) - raft.server.rpc.timeout.min = 5s (custom)
2022-02-04 12:59:35,242 [pool-223-thread-1] INFO  server.RaftServerConfigKeys (ConfUtils.java:logGet(44)) - raft.server.rpc.timeout.max = 5200ms (custom)
2022-02-04 12:59:35,242 [pool-223-thread-1] INFO  server.RaftServerConfigKeys (ConfUtils.java:logGet(44)) - raft.server.rpc.sleep.time = 25ms (default)
2022-02-04 12:59:35,242 [pool-223-thread-1] INFO  server.RaftServerConfigKeys (ConfUtils.java:logGet(44)) - raft.server.rpc.slowness.timeout = 300s (custom)
2022-02-04 12:59:35,242 [pool-223-thread-1] INFO  server.RaftServerConfigKeys (ConfUtils.java:logGet(44)) - raft.server.leaderelection.leader.step-down.wait-time = 10s (default)
2022-02-04 12:59:35,242 [pool-223-thread-1] INFO  server.RaftServerConfigKeys (ConfUtils.java:logGet(44)) - raft.server.sleep.deviation.threshold = 300ms (default)
2022-02-04 12:59:35,242 [pool-223-thread-1] INFO  server.RaftServerConfigKeys (ConfUtils.java:logGet(44)) - raft.server.log.appender.install.snapshot.enabled = false (custom)
2022-02-04 12:59:35,243 [pool-223-thread-1] INFO  server.RaftServer$Division (ServerState.java:<init>(105)) - 4dd803c0-ea86-48ec-b5c9-2601c1b23b4d@group-3FF861DD1686: ConfigurationManager, init=-1: [99ec0913-bcd1-4774-8e53-643ce8734cf6|rpc:10.1.0.52:38161|dataStream:|priority:1, 4dd803c0-ea86-48ec-b5c9-2601c1b23b4d|rpc:10.1.0.52:34153|dataStream:|priority:0, cd33ab12-5c76-4090-ae9e-f8dc2a96321d|rpc:10.1.0.52:40103|dataStream:|priority:0], old=null, confs=<EMPTY_MAP>
2022-02-04 12:59:35,243 [pool-223-thread-1] INFO  server.RaftServerConfigKeys (ConfUtils.java:logGet(44)) - raft.server.storage.dir = [/home/runner/work/ozone/ozone/hadoop-ozone/integration-test/target/test-dir/MiniOzoneClusterImpl-5b939f7d-2090-4c2b-bba9-fa55352059d6/datanode-2/data/ratis] (custom)
2022-02-04 12:59:35,243 [pool-223-thread-1] INFO  server.RaftServerConfigKeys (ConfUtils.java:logGet(44)) - raft.server.log.corruption.policy = EXCEPTION (default)
2022-02-04 12:59:35,243 [pool-223-thread-1] INFO  server.RaftServerConfigKeys (ConfUtils.java:logGet(44)) - raft.server.storage.free-space.min = 0MB (=0) (default)
2022-02-04 12:59:35,243 [pool-223-thread-1] INFO  storage.RaftStorageDirectory (RaftStorageDirectoryImpl.java:analyzeStorage(135)) - The storage directory /home/runner/work/ozone/ozone/hadoop-ozone/integration-test/target/test-dir/MiniOzoneClusterImpl-5b939f7d-2090-4c2b-bba9-fa55352059d6/datanode-2/data/ratis/e44ca63e-d44e-44e5-99a0-3ff861dd1686 does not exist. Creating ...
2022-02-04 12:59:35,248 [pool-223-thread-1] INFO  storage.RaftStorageDirectory (RaftStorageDirectoryImpl.java:tryLock(230)) - Lock on /home/runner/work/ozone/ozone/hadoop-ozone/integration-test/target/test-dir/MiniOzoneClusterImpl-5b939f7d-2090-4c2b-bba9-fa55352059d6/datanode-2/data/ratis/e44ca63e-d44e-44e5-99a0-3ff861dd1686/in_use.lock acquired by nodename 13540@fv-az116-891
2022-02-04 12:59:35,256 [pool-223-thread-1] INFO  storage.RaftStorage (RaftStorageImpl.java:format(89)) - Storage directory /home/runner/work/ozone/ozone/hadoop-ozone/integration-test/target/test-dir/MiniOzoneClusterImpl-5b939f7d-2090-4c2b-bba9-fa55352059d6/datanode-2/data/ratis/e44ca63e-d44e-44e5-99a0-3ff861dd1686 has been successfully formatted.
2022-02-04 12:59:35,266 [pool-223-thread-1] INFO  ratis.ContainerStateMachine (ContainerStateMachine.java:loadSnapshot(231)) - group-3FF861DD1686: The snapshot info is null. Setting the last applied indexto:(t:0, i:~)
2022-02-04 12:59:35,266 [pool-223-thread-1] INFO  server.RaftServerConfigKeys (ConfUtils.java:logGet(44)) - raft.server.notification.no-leader.timeout = 300s (custom)
2022-02-04 12:59:35,266 [pool-223-thread-1] INFO  server.RaftServerConfigKeys (ConfUtils.java:logGet(44)) - raft.server.log.use.memory = false (default)
2022-02-04 12:59:35,266 [pool-223-thread-1] INFO  server.RaftServerConfigKeys (ConfUtils.java:logGet(44)) - raft.server.log.purge.gap = 1000000 (custom)
2022-02-04 12:59:35,266 [pool-223-thread-1] INFO  server.RaftServerConfigKeys (ConfUtils.java:logGet(44)) - raft.server.log.appender.buffer.byte-limit = 33554432 (custom)
2022-02-04 12:59:35,266 [pool-223-thread-1] INFO  server.RaftServerConfigKeys (ConfUtils.java:logGet(44)) - raft.server.log.segment.size.max = 1048576 (custom)
2022-02-04 12:59:35,267 [pool-223-thread-1] INFO  server.RaftServerConfigKeys (ConfUtils.java:logGet(44)) - raft.server.log.segment.cache.num.max = 2 (custom)
2022-02-04 12:59:35,267 [pool-223-thread-1] INFO  server.RaftServerConfigKeys (ConfUtils.java:logGet(44)) - raft.server.log.segment.cache.size.max = 200MB (=209715200) (default)
2022-02-04 12:59:35,267 [pool-223-thread-1] INFO  segmented.SegmentedRaftLogWorker (SegmentedRaftLogWorker.java:<init>(182)) - new 4dd803c0-ea86-48ec-b5c9-2601c1b23b4d@group-3FF861DD1686-SegmentedRaftLogWorker for RaftStorageImpl:Storage Directory /home/runner/work/ozone/ozone/hadoop-ozone/integration-test/target/test-dir/MiniOzoneClusterImpl-5b939f7d-2090-4c2b-bba9-fa55352059d6/datanode-2/data/ratis/e44ca63e-d44e-44e5-99a0-3ff861dd1686
2022-02-04 12:59:35,267 [pool-223-thread-1] INFO  server.RaftServerConfigKeys (ConfUtils.java:logGet(44)) - raft.server.log.queue.byte-limit = 2147483647 (custom)
2022-02-04 12:59:35,267 [pool-223-thread-1] INFO  server.RaftServerConfigKeys (ConfUtils.java:logGet(44)) - raft.server.log.queue.element-limit = 1024 (custom)
2022-02-04 12:59:35,267 [pool-223-thread-1] INFO  server.RaftServerConfigKeys (ConfUtils.java:logGet(44)) - raft.server.log.segment.size.max = 1048576 (custom)
2022-02-04 12:59:35,267 [pool-223-thread-1] INFO  server.RaftServerConfigKeys (ConfUtils.java:logGet(44)) - raft.server.log.preallocated.size = 16384 (custom)
2022-02-04 12:59:35,267 [pool-223-thread-1] INFO  server.RaftServerConfigKeys (ConfUtils.java:logGet(44)) - raft.server.log.force.sync.num = 128 (default)
2022-02-04 12:59:35,267 [pool-223-thread-1] INFO  server.RaftServerConfigKeys (ConfUtils.java:logGet(44)) - raft.server.log.statemachine.data.sync = true (default)
2022-02-04 12:59:35,267 [pool-223-thread-1] INFO  server.RaftServerConfigKeys (ConfUtils.java:logGet(44)) - raft.server.log.statemachine.data.sync.timeout = 10s (default)
2022-02-04 12:59:35,267 [pool-223-thread-1] INFO  server.RaftServerConfigKeys (ConfUtils.java:logGet(44)) - raft.server.log.statemachine.data.sync.timeout.retry = -1 (default)
2022-02-04 12:59:35,268 [pool-223-thread-1] INFO  server.RaftServerConfigKeys (ConfUtils.java:logGet(44)) - raft.server.log.write.buffer.size = 1048576 (custom)
2022-02-04 12:59:35,269 [pool-223-thread-1] INFO  server.RaftServerConfigKeys (ConfUtils.java:logGet(44)) - raft.server.log.statemachine.data.caching.enabled = true (custom)
2022-02-04 12:59:35,269 [pool-223-thread-1] INFO  segmented.SegmentedRaftLogWorker (SegmentedRaftLogWorker.java:lambda$new$0(133)) - 4dd803c0-ea86-48ec-b5c9-2601c1b23b4d@group-3FF861DD1686-SegmentedRaftLogWorker: flushIndex: setUnconditionally 0 -> -1
2022-02-04 12:59:35,269 [pool-223-thread-1] INFO  segmented.SegmentedRaftLogWorker (SegmentedRaftLogWorker.java:lambda$new$0(133)) - 4dd803c0-ea86-48ec-b5c9-2601c1b23b4d@group-3FF861DD1686-SegmentedRaftLogWorker: safeCacheEvictIndex: setUnconditionally 0 -> -1
2022-02-04 12:59:35,297 [pool-223-thread-1] INFO  server.RaftServerConfigKeys (ConfUtils.java:logGet(44)) - raft.server.snapshot.auto.trigger.enabled = true (custom)
2022-02-04 12:59:35,298 [pool-223-thread-1] INFO  server.RaftServerConfigKeys (ConfUtils.java:logGet(44)) - raft.server.snapshot.auto.trigger.threshold = 10000 (custom)
2022-02-04 12:59:35,298 [pool-223-thread-1] INFO  server.RaftServerConfigKeys (ConfUtils.java:logGet(44)) - raft.server.snapshot.retention.file.num = 5 (custom)
2022-02-04 12:59:35,298 [pool-223-thread-1] INFO  server.RaftServerConfigKeys (ConfUtils.java:logGet(44)) - raft.server.log.purge.upto.snapshot.index = false (default)
2022-02-04 12:59:35,298 [pool-223-thread-1] INFO  server.RaftServerConfigKeys (ConfUtils.java:logGet(44)) - raft.server.retrycache.expirytime = 600000ms (custom)
2022-02-04 12:59:35,298 [pool-223-thread-1] INFO  server.RaftServerConfigKeys (ConfUtils.java:logGet(44)) - raft.server.retrycache.statistics.expirytime = 100μs (default)
2022-02-04 12:59:35,299 [pool-223-thread-1] INFO  server.RaftServer$Division (RaftServerImpl.java:start(301)) - 4dd803c0-ea86-48ec-b5c9-2601c1b23b4d@group-3FF861DD1686: start as a follower, conf=-1: [99ec0913-bcd1-4774-8e53-643ce8734cf6|rpc:10.1.0.52:38161|dataStream:|priority:1, 4dd803c0-ea86-48ec-b5c9-2601c1b23b4d|rpc:10.1.0.52:34153|dataStream:|priority:0, cd33ab12-5c76-4090-ae9e-f8dc2a96321d|rpc:10.1.0.52:40103|dataStream:|priority:0], old=null
2022-02-04 12:59:35,299 [pool-223-thread-1] INFO  server.RaftServer$Division (RaftServerImpl.java:setRole(290)) - 4dd803c0-ea86-48ec-b5c9-2601c1b23b4d@group-3FF861DD1686: changes role from      null to FOLLOWER at term 0 for startAsFollower
2022-02-04 12:59:35,299 [pool-223-thread-1] INFO  impl.RoleInfo (RoleInfo.java:updateAndGet(130)) - 4dd803c0-ea86-48ec-b5c9-2601c1b23b4d: start 4dd803c0-ea86-48ec-b5c9-2601c1b23b4d@group-3FF861DD1686-FollowerState
2022-02-04 12:59:35,303 [pool-223-thread-1] INFO  util.JmxRegister (JmxRegister.java:tryRegister(44)) - Successfully registered JMX Bean with object name Ratis:service=RaftServer,group=group-3FF861DD1686,id=4dd803c0-ea86-48ec-b5c9-2601c1b23b4d
2022-02-04 12:59:35,485 [Command processor thread] INFO  commandhandler.CreatePipelineCommandHandler (CreatePipelineCommandHandler.java:handle(106)) - Created Pipeline RATIS THREE PipelineID=e44ca63e-d44e-44e5-99a0-3ff861dd1686.
2022-02-04 12:59:35,569 [Command processor thread] INFO  server.RaftServer (RaftServerProxy.java:addNew(95)) - 4dd803c0-ea86-48ec-b5c9-2601c1b23b4d: addNew group-9F6B499CE2F6:[4dd803c0-ea86-48ec-b5c9-2601c1b23b4d|rpc:10.1.0.52:34153|priority:1] returns group-9F6B499CE2F6:java.util.concurrent.CompletableFuture@4d899f71[Not completed]
2022-02-04 12:59:35,570 [pool-223-thread-1] INFO  server.RaftServer$Division (RaftServerImpl.java:<init>(184)) - 4dd803c0-ea86-48ec-b5c9-2601c1b23b4d: new RaftServerImpl for group-9F6B499CE2F6:[4dd803c0-ea86-48ec-b5c9-2601c1b23b4d|rpc:10.1.0.52:34153|priority:1] with ContainerStateMachine:uninitialized
2022-02-04 12:59:35,570 [pool-223-thread-1] INFO  server.RaftServerConfigKeys (ConfUtils.java:logGet(44)) - raft.server.rpc.timeout.min = 5s (custom)
2022-02-04 12:59:35,570 [pool-223-thread-1] INFO  server.RaftServerConfigKeys (ConfUtils.java:logGet(44)) - raft.server.rpc.timeout.max = 5200ms (custom)
2022-02-04 12:59:35,570 [pool-223-thread-1] INFO  server.RaftServerConfigKeys (ConfUtils.java:logGet(44)) - raft.server.rpc.sleep.time = 25ms (default)
2022-02-04 12:59:35,570 [pool-223-thread-1] INFO  server.RaftServerConfigKeys (ConfUtils.java:logGet(44)) - raft.server.rpc.slowness.timeout = 300s (custom)
2022-02-04 12:59:35,570 [pool-223-thread-1] INFO  server.RaftServerConfigKeys (ConfUtils.java:logGet(44)) - raft.server.leaderelection.leader.step-down.wait-time = 10s (default)
2022-02-04 12:59:35,571 [pool-223-thread-1] INFO  server.RaftServerConfigKeys (ConfUtils.java:logGet(44)) - raft.server.sleep.deviation.threshold = 300ms (default)
2022-02-04 12:59:35,571 [pool-223-thread-1] INFO  server.RaftServerConfigKeys (ConfUtils.java:logGet(44)) - raft.server.log.appender.install.snapshot.enabled = false (custom)
2022-02-04 12:59:35,571 [pool-223-thread-1] INFO  server.RaftServer$Division (ServerState.java:<init>(105)) - 4dd803c0-ea86-48ec-b5c9-2601c1b23b4d@group-9F6B499CE2F6: ConfigurationManager, init=-1: [4dd803c0-ea86-48ec-b5c9-2601c1b23b4d|rpc:10.1.0.52:34153|priority:1], old=null, confs=<EMPTY_MAP>
2022-02-04 12:59:35,571 [pool-223-thread-1] INFO  server.RaftServerConfigKeys (ConfUtils.java:logGet(44)) - raft.server.storage.dir = [/home/runner/work/ozone/ozone/hadoop-ozone/integration-test/target/test-dir/MiniOzoneClusterImpl-5b939f7d-2090-4c2b-bba9-fa55352059d6/datanode-2/data/ratis] (custom)
2022-02-04 12:59:35,571 [pool-223-thread-1] INFO  server.RaftServerConfigKeys (ConfUtils.java:logGet(44)) - raft.server.log.corruption.policy = EXCEPTION (default)
2022-02-04 12:59:35,571 [pool-223-thread-1] INFO  server.RaftServerConfigKeys (ConfUtils.java:logGet(44)) - raft.server.storage.free-space.min = 0MB (=0) (default)
2022-02-04 12:59:35,572 [pool-223-thread-1] INFO  storage.RaftStorageDirectory (RaftStorageDirectoryImpl.java:analyzeStorage(135)) - The storage directory /home/runner/work/ozone/ozone/hadoop-ozone/integration-test/target/test-dir/MiniOzoneClusterImpl-5b939f7d-2090-4c2b-bba9-fa55352059d6/datanode-2/data/ratis/a015f9d5-3056-4a16-a89a-9f6b499ce2f6 does not exist. Creating ...
2022-02-04 12:59:35,573 [pool-223-thread-1] INFO  storage.RaftStorageDirectory (RaftStorageDirectoryImpl.java:tryLock(230)) - Lock on /home/runner/work/ozone/ozone/hadoop-ozone/integration-test/target/test-dir/MiniOzoneClusterImpl-5b939f7d-2090-4c2b-bba9-fa55352059d6/datanode-2/data/ratis/a015f9d5-3056-4a16-a89a-9f6b499ce2f6/in_use.lock acquired by nodename 13540@fv-az116-891
2022-02-04 12:59:35,577 [pool-223-thread-1] INFO  storage.RaftStorage (RaftStorageImpl.java:format(89)) - Storage directory /home/runner/work/ozone/ozone/hadoop-ozone/integration-test/target/test-dir/MiniOzoneClusterImpl-5b939f7d-2090-4c2b-bba9-fa55352059d6/datanode-2/data/ratis/a015f9d5-3056-4a16-a89a-9f6b499ce2f6 has been successfully formatted.
2022-02-04 12:59:35,578 [pool-223-thread-1] INFO  ratis.ContainerStateMachine (ContainerStateMachine.java:loadSnapshot(231)) - group-9F6B499CE2F6: The snapshot info is null. Setting the last applied indexto:(t:0, i:~)
2022-02-04 12:59:35,578 [pool-223-thread-1] INFO  server.RaftServerConfigKeys (ConfUtils.java:logGet(44)) - raft.server.notification.no-leader.timeout = 300s (custom)
2022-02-04 12:59:35,582 [pool-223-thread-1] INFO  server.RaftServerConfigKeys (ConfUtils.java:logGet(44)) - raft.server.log.use.memory = false (default)
2022-02-04 12:59:35,582 [pool-223-thread-1] INFO  server.RaftServerConfigKeys (ConfUtils.java:logGet(44)) - raft.server.log.purge.gap = 1000000 (custom)
2022-02-04 12:59:35,582 [pool-223-thread-1] INFO  server.RaftServerConfigKeys (ConfUtils.java:logGet(44)) - raft.server.log.appender.buffer.byte-limit = 33554432 (custom)
2022-02-04 12:59:35,582 [pool-223-thread-1] INFO  server.RaftServerConfigKeys (ConfUtils.java:logGet(44)) - raft.server.log.segment.size.max = 1048576 (custom)
2022-02-04 12:59:35,582 [pool-223-thread-1] INFO  server.RaftServerConfigKeys (ConfUtils.java:logGet(44)) - raft.server.log.segment.cache.num.max = 2 (custom)
2022-02-04 12:59:35,583 [pool-223-thread-1] INFO  server.RaftServerConfigKeys (ConfUtils.java:logGet(44)) - raft.server.log.segment.cache.size.max = 200MB (=209715200) (default)
2022-02-04 12:59:35,583 [pool-223-thread-1] INFO  segmented.SegmentedRaftLogWorker (SegmentedRaftLogWorker.java:<init>(182)) - new 4dd803c0-ea86-48ec-b5c9-2601c1b23b4d@group-9F6B499CE2F6-SegmentedRaftLogWorker for RaftStorageImpl:Storage Directory /home/runner/work/ozone/ozone/hadoop-ozone/integration-test/target/test-dir/MiniOzoneClusterImpl-5b939f7d-2090-4c2b-bba9-fa55352059d6/datanode-2/data/ratis/a015f9d5-3056-4a16-a89a-9f6b499ce2f6
2022-02-04 12:59:35,583 [pool-223-thread-1] INFO  server.RaftServerConfigKeys (ConfUtils.java:logGet(44)) - raft.server.log.queue.byte-limit = 2147483647 (custom)
2022-02-04 12:59:35,583 [pool-223-thread-1] INFO  server.RaftServerConfigKeys (ConfUtils.java:logGet(44)) - raft.server.log.queue.element-limit = 1024 (custom)
2022-02-04 12:59:35,583 [pool-223-thread-1] INFO  server.RaftServerConfigKeys (ConfUtils.java:logGet(44)) - raft.server.log.segment.size.max = 1048576 (custom)
2022-02-04 12:59:35,583 [pool-223-thread-1] INFO  server.RaftServerConfigKeys (ConfUtils.java:logGet(44)) - raft.server.log.preallocated.size = 16384 (custom)
2022-02-04 12:59:35,583 [pool-223-thread-1] INFO  server.RaftServerConfigKeys (ConfUtils.java:logGet(44)) - raft.server.log.force.sync.num = 128 (default)
2022-02-04 12:59:35,583 [pool-223-thread-1] INFO  server.RaftServerConfigKeys (ConfUtils.java:logGet(44)) - raft.server.log.statemachine.data.sync = true (default)
2022-02-04 12:59:35,583 [pool-223-thread-1] INFO  server.RaftServerConfigKeys (ConfUtils.java:logGet(44)) - raft.server.log.statemachine.data.sync.timeout = 10s (default)
2022-02-04 12:59:35,583 [pool-223-thread-1] INFO  server.RaftServerConfigKeys (ConfUtils.java:logGet(44)) - raft.server.log.statemachine.data.sync.timeout.retry = -1 (default)
2022-02-04 12:59:35,584 [pool-223-thread-1] INFO  server.RaftServerConfigKeys (ConfUtils.java:logGet(44)) - raft.server.log.write.buffer.size = 1048576 (custom)
2022-02-04 12:59:35,586 [pool-223-thread-1] INFO  server.RaftServerConfigKeys (ConfUtils.java:logGet(44)) - raft.server.log.statemachine.data.caching.enabled = true (custom)
2022-02-04 12:59:35,587 [pool-223-thread-1] INFO  segmented.SegmentedRaftLogWorker (SegmentedRaftLogWorker.java:lambda$new$0(133)) - 4dd803c0-ea86-48ec-b5c9-2601c1b23b4d@group-9F6B499CE2F6-SegmentedRaftLogWorker: flushIndex: setUnconditionally 0 -> -1
2022-02-04 12:59:35,588 [pool-223-thread-1] INFO  segmented.SegmentedRaftLogWorker (SegmentedRaftLogWorker.java:lambda$new$0(133)) - 4dd803c0-ea86-48ec-b5c9-2601c1b23b4d@group-9F6B499CE2F6-SegmentedRaftLogWorker: safeCacheEvictIndex: setUnconditionally 0 -> -1
2022-02-04 12:59:35,597 [pool-223-thread-1] INFO  server.RaftServerConfigKeys (ConfUtils.java:logGet(44)) - raft.server.snapshot.auto.trigger.enabled = true (custom)
2022-02-04 12:59:35,597 [pool-223-thread-1] INFO  server.RaftServerConfigKeys (ConfUtils.java:logGet(44)) - raft.server.snapshot.auto.trigger.threshold = 10000 (custom)
2022-02-04 12:59:35,597 [pool-223-thread-1] INFO  server.RaftServerConfigKeys (ConfUtils.java:logGet(44)) - raft.server.snapshot.retention.file.num = 5 (custom)
2022-02-04 12:59:35,597 [pool-223-thread-1] INFO  server.RaftServerConfigKeys (ConfUtils.java:logGet(44)) - raft.server.log.purge.upto.snapshot.index = false (default)
2022-02-04 12:59:35,597 [pool-223-thread-1] INFO  server.RaftServerConfigKeys (ConfUtils.java:logGet(44)) - raft.server.retrycache.expirytime = 600000ms (custom)
2022-02-04 12:59:35,597 [pool-223-thread-1] INFO  server.RaftServerConfigKeys (ConfUtils.java:logGet(44)) - raft.server.retrycache.statistics.expirytime = 100μs (default)
2022-02-04 12:59:35,598 [pool-223-thread-1] INFO  server.RaftServer$Division (RaftServerImpl.java:start(301)) - 4dd803c0-ea86-48ec-b5c9-2601c1b23b4d@group-9F6B499CE2F6: start as a follower, conf=-1: [4dd803c0-ea86-48ec-b5c9-2601c1b23b4d|rpc:10.1.0.52:34153|priority:1], old=null
2022-02-04 12:59:35,598 [pool-223-thread-1] INFO  server.RaftServer$Division (RaftServerImpl.java:setRole(290)) - 4dd803c0-ea86-48ec-b5c9-2601c1b23b4d@group-9F6B499CE2F6: changes role from      null to FOLLOWER at term 0 for startAsFollower
2022-02-04 12:59:35,599 [pool-223-thread-1] INFO  impl.RoleInfo (RoleInfo.java:updateAndGet(130)) - 4dd803c0-ea86-48ec-b5c9-2601c1b23b4d: start 4dd803c0-ea86-48ec-b5c9-2601c1b23b4d@group-9F6B499CE2F6-FollowerState
2022-02-04 12:59:35,602 [EventQueue-OpenPipelineForHealthyPipelineSafeModeRule] INFO  safemode.SCMSafeModeManager (HealthyPipelineSafeModeRule.java:process(124)) - SCM in safe mode. Healthy pipelines reported count is 0, required healthy pipeline reported count is 1
2022-02-04 12:59:35,607 [pool-223-thread-1] INFO  util.JmxRegister (JmxRegister.java:tryRegister(44)) - Successfully registered JMX Bean with object name Ratis:service=RaftServer,group=group-9F6B499CE2F6,id=4dd803c0-ea86-48ec-b5c9-2601c1b23b4d
2022-02-04 12:59:35,616 [Command processor thread] INFO  ratis.XceiverServerRatis (XceiverServerRatis.java:addGroup(768)) - Created group PipelineID=a015f9d5-3056-4a16-a89a-9f6b499ce2f6
2022-02-04 12:59:35,616 [Command processor thread] INFO  commandhandler.CreatePipelineCommandHandler (CreatePipelineCommandHandler.java:handle(106)) - Created Pipeline RATIS ONE PipelineID=a015f9d5-3056-4a16-a89a-9f6b499ce2f6.
2022-02-04 12:59:35,790 [EventQueue-OpenPipelineForHealthyPipelineSafeModeRule] INFO  safemode.SCMSafeModeManager (HealthyPipelineSafeModeRule.java:process(124)) - SCM in safe mode. Healthy pipelines reported count is 0, required healthy pipeline reported count is 1
2022-02-04 12:59:36,239 [Listener at 127.0.0.1/43489] INFO  ozone.MiniOzoneClusterImpl (MiniOzoneClusterImpl.java:lambda$waitForClusterToBeReady$0(219)) - Nodes are ready. Got 3 of 3 DN Heartbeats.
2022-02-04 12:59:36,239 [Listener at 127.0.0.1/43489] INFO  ozone.MiniOzoneClusterImpl (MiniOzoneClusterImpl.java:lambda$waitForClusterToBeReady$0(222)) - Waiting for cluster to exit safe mode
2022-02-04 12:59:36,239 [Listener at 127.0.0.1/43489] INFO  ozone.MiniOzoneClusterImpl (MiniOzoneClusterImpl.java:lambda$waitForClusterToBeReady$0(224)) - SCM became leader
2022-02-04 12:59:36,472 [EventQueue-OpenPipelineForHealthyPipelineSafeModeRule] INFO  safemode.SCMSafeModeManager (HealthyPipelineSafeModeRule.java:process(124)) - SCM in safe mode. Healthy pipelines reported count is 0, required healthy pipeline reported count is 1
2022-02-04 12:59:37,104 [EventQueue-OpenPipelineForHealthyPipelineSafeModeRule] INFO  safemode.SCMSafeModeManager (HealthyPipelineSafeModeRule.java:process(124)) - SCM in safe mode. Healthy pipelines reported count is 0, required healthy pipeline reported count is 1
2022-02-04 12:59:37,239 [Listener at 127.0.0.1/43489] INFO  ozone.MiniOzoneClusterImpl (MiniOzoneClusterImpl.java:lambda$waitForClusterToBeReady$0(219)) - Nodes are ready. Got 3 of 3 DN Heartbeats.
2022-02-04 12:59:37,239 [Listener at 127.0.0.1/43489] INFO  ozone.MiniOzoneClusterImpl (MiniOzoneClusterImpl.java:lambda$waitForClusterToBeReady$0(222)) - Waiting for cluster to exit safe mode
2022-02-04 12:59:37,240 [Listener at 127.0.0.1/43489] INFO  ozone.MiniOzoneClusterImpl (MiniOzoneClusterImpl.java:lambda$waitForClusterToBeReady$0(224)) - SCM became leader
2022-02-04 12:59:37,794 [EventQueue-OpenPipelineForHealthyPipelineSafeModeRule] INFO  safemode.SCMSafeModeManager (HealthyPipelineSafeModeRule.java:process(124)) - SCM in safe mode. Healthy pipelines reported count is 0, required healthy pipeline reported count is 1
2022-02-04 12:59:37,973 [EventQueue-OpenPipelineForHealthyPipelineSafeModeRule] INFO  safemode.SCMSafeModeManager (HealthyPipelineSafeModeRule.java:process(124)) - SCM in safe mode. Healthy pipelines reported count is 0, required healthy pipeline reported count is 1
2022-02-04 12:59:37,977 [Mini-Cluster-Provider-Reap] INFO  statemachine.DatanodeStateMachine (DatanodeStateMachine.java:stopDaemon(529)) - Ozone container server stopped.
2022-02-04 12:59:37,977 [ForkJoinPool.commonPool-worker-0] INFO  statemachine.DatanodeStateMachine (DatanodeStateMachine.java:stopDaemon(529)) - Ozone container server stopped.
2022-02-04 12:59:37,996 [Mini-Cluster-Provider-Reap] INFO  handler.ContextHandler (ContextHandler.java:doStop(1153)) - Stopped o.e.j.w.WebAppContext@44719bd3{hddsDatanode,/,null,STOPPED}{jar:file:/home/runner/.m2/repository/org/apache/ozone/hdds-container-service/1.3.0-SNAPSHOT/hdds-container-service-1.3.0-SNAPSHOT.jar!/webapps/hddsDatanode}
2022-02-04 12:59:38,001 [Mini-Cluster-Provider-Reap] INFO  server.AbstractConnector (AbstractConnector.java:doStop(381)) - Stopped ServerConnector@d91d1c8{HTTP/1.1, (http/1.1)}{0.0.0.0:0}
2022-02-04 12:59:38,001 [Mini-Cluster-Provider-Reap] INFO  server.session (HouseKeeper.java:stopScavenging(149)) - node0 Stopped scavenging
2022-02-04 12:59:38,002 [ForkJoinPool.commonPool-worker-0] INFO  handler.ContextHandler (ContextHandler.java:doStop(1153)) - Stopped o.e.j.w.WebAppContext@5999a472{hddsDatanode,/,null,STOPPED}{jar:file:/home/runner/.m2/repository/org/apache/ozone/hdds-container-service/1.3.0-SNAPSHOT/hdds-container-service-1.3.0-SNAPSHOT.jar!/webapps/hddsDatanode}
2022-02-04 12:59:38,002 [Mini-Cluster-Provider-Reap] INFO  handler.ContextHandler (ContextHandler.java:doStop(1153)) - Stopped o.e.j.s.ServletContextHandler@4b8c7cdd{static,/static,jar:file:/home/runner/.m2/repository/org/apache/ozone/hdds-container-service/1.3.0-SNAPSHOT/hdds-container-service-1.3.0-SNAPSHOT.jar!/webapps/static,STOPPED}
2022-02-04 12:59:38,003 [Mini-Cluster-Provider-Reap] INFO  handler.ContextHandler (ContextHandler.java:doStop(1153)) - Stopped o.e.j.s.ServletContextHandler@11262752{logs,/logs,file:///home/runner/work/ozone/ozone/hadoop-ozone/integration-test/target/log,STOPPED}
2022-02-04 12:59:38,006 [ForkJoinPool.commonPool-worker-0] INFO  server.AbstractConnector (AbstractConnector.java:doStop(381)) - Stopped ServerConnector@2cd9cce0{HTTP/1.1, (http/1.1)}{0.0.0.0:0}
2022-02-04 12:59:38,006 [ForkJoinPool.commonPool-worker-0] INFO  server.session (HouseKeeper.java:stopScavenging(149)) - node0 Stopped scavenging
2022-02-04 12:59:38,018 [ForkJoinPool.commonPool-worker-0] INFO  handler.ContextHandler (ContextHandler.java:doStop(1153)) - Stopped o.e.j.s.ServletContextHandler@679ed48a{static,/static,jar:file:/home/runner/.m2/repository/org/apache/ozone/hdds-container-service/1.3.0-SNAPSHOT/hdds-container-service-1.3.0-SNAPSHOT.jar!/webapps/static,STOPPED}
2022-02-04 12:59:38,019 [ForkJoinPool.commonPool-worker-0] INFO  handler.ContextHandler (ContextHandler.java:doStop(1153)) - Stopped o.e.j.s.ServletContextHandler@50762cef{logs,/logs,file:///home/runner/work/ozone/ozone/hadoop-ozone/integration-test/target/log,STOPPED}
2022-02-04 12:59:38,020 [Command processor thread] INFO  commandhandler.CreatePipelineCommandHandler (CreatePipelineCommandHandler.java:handle(106)) - Created Pipeline RATIS THREE PipelineID=e44ca63e-d44e-44e5-99a0-3ff861dd1686.
2022-02-04 12:59:38,103 [EventQueue-OpenPipelineForHealthyPipelineSafeModeRule] INFO  safemode.SCMSafeModeManager (HealthyPipelineSafeModeRule.java:process(124)) - SCM in safe mode. Healthy pipelines reported count is 0, required healthy pipeline reported count is 1
2022-02-04 12:59:38,240 [Listener at 127.0.0.1/43489] INFO  ozone.MiniOzoneClusterImpl (MiniOzoneClusterImpl.java:lambda$waitForClusterToBeReady$0(219)) - Nodes are ready. Got 3 of 3 DN Heartbeats.
2022-02-04 12:59:38,240 [Listener at 127.0.0.1/43489] INFO  ozone.MiniOzoneClusterImpl (MiniOzoneClusterImpl.java:lambda$waitForClusterToBeReady$0(222)) - Waiting for cluster to exit safe mode
2022-02-04 12:59:38,240 [Listener at 127.0.0.1/43489] INFO  ozone.MiniOzoneClusterImpl (MiniOzoneClusterImpl.java:lambda$waitForClusterToBeReady$0(224)) - SCM became leader
2022-02-04 12:59:38,258 [32c39f51-2f56-4d5e-8fbc-89c9bf378090@group-F65584743E6E-FollowerState] INFO  impl.FollowerState (FollowerState.java:run(134)) - 32c39f51-2f56-4d5e-8fbc-89c9bf378090@group-F65584743E6E-FollowerState: change to CANDIDATE, lastRpcElapsedTime:5427068350ns, electionTimeout:5177ms
2022-02-04 12:59:38,258 [32c39f51-2f56-4d5e-8fbc-89c9bf378090@group-F65584743E6E-FollowerState] INFO  impl.RoleInfo (RoleInfo.java:shutdownFollowerState(108)) - 32c39f51-2f56-4d5e-8fbc-89c9bf378090: shutdown 32c39f51-2f56-4d5e-8fbc-89c9bf378090@group-F65584743E6E-FollowerState
2022-02-04 12:59:38,258 [32c39f51-2f56-4d5e-8fbc-89c9bf378090@group-F65584743E6E-FollowerState] INFO  server.RaftServer$Division (RaftServerImpl.java:setRole(290)) - 32c39f51-2f56-4d5e-8fbc-89c9bf378090@group-F65584743E6E: changes role from  FOLLOWER to CANDIDATE at term 2 for changeToCandidate
2022-02-04 12:59:38,259 [32c39f51-2f56-4d5e-8fbc-89c9bf378090@group-F65584743E6E-FollowerState] INFO  server.RaftServerConfigKeys (ConfUtils.java:logGet(44)) - raft.server.leaderelection.pre-vote = false (custom)
2022-02-04 12:59:38,259 [32c39f51-2f56-4d5e-8fbc-89c9bf378090@group-F65584743E6E-FollowerState] INFO  impl.RoleInfo (RoleInfo.java:updateAndGet(130)) - 32c39f51-2f56-4d5e-8fbc-89c9bf378090: start 32c39f51-2f56-4d5e-8fbc-89c9bf378090@group-F65584743E6E-LeaderElection27
2022-02-04 12:59:38,277 [32c39f51-2f56-4d5e-8fbc-89c9bf378090@group-F65584743E6E-LeaderElection27] INFO  server.RaftServer$Division (ServerState.java:setLeader(285)) - 32c39f51-2f56-4d5e-8fbc-89c9bf378090@group-F65584743E6E: change Leader from b6f6ffb2-2f05-4b6e-813a-dd4c5505c79c to null at term 2 for ELECTION
2022-02-04 12:59:38,282 [32c39f51-2f56-4d5e-8fbc-89c9bf378090@group-F65584743E6E-LeaderElection27] INFO  impl.LeaderElection (LeaderElection.java:askForVotes(306)) - 32c39f51-2f56-4d5e-8fbc-89c9bf378090@group-F65584743E6E-LeaderElection27 ELECTION round 0: submit vote requests at term 3 for 0: [b6f6ffb2-2f05-4b6e-813a-dd4c5505c79c|rpc:10.1.0.52:42285|dataStream:|priority:1, d1d82d8d-040b-42cf-acad-3b53dec65cc7|rpc:10.1.0.52:37807|dataStream:|priority:0, 32c39f51-2f56-4d5e-8fbc-89c9bf378090|rpc:10.1.0.52:33115|dataStream:|priority:0], old=null
2022-02-04 12:59:38,307 [32c39f51-2f56-4d5e-8fbc-89c9bf378090@group-F65584743E6E-LeaderElection27] INFO  impl.LeaderElection (LogUtils.java:infoOrTrace(137)) - 32c39f51-2f56-4d5e-8fbc-89c9bf378090@group-F65584743E6E-LeaderElection27 got exception when requesting votes: java.util.concurrent.ExecutionException: org.apache.ratis.thirdparty.io.grpc.StatusRuntimeException: UNAVAILABLE: io exception
2022-02-04 12:59:38,308 [32c39f51-2f56-4d5e-8fbc-89c9bf378090@group-F65584743E6E-LeaderElection27] INFO  impl.LeaderElection (LogUtils.java:infoOrTrace(137)) - 32c39f51-2f56-4d5e-8fbc-89c9bf378090@group-F65584743E6E-LeaderElection27 got exception when requesting votes: java.util.concurrent.ExecutionException: org.apache.ratis.thirdparty.io.grpc.StatusRuntimeException: UNAVAILABLE: io exception
2022-02-04 12:59:38,308 [32c39f51-2f56-4d5e-8fbc-89c9bf378090@group-F65584743E6E-LeaderElection27] INFO  impl.LeaderElection (LeaderElection.java:logAndReturn(89)) - 32c39f51-2f56-4d5e-8fbc-89c9bf378090@group-F65584743E6E-LeaderElection27: ELECTION REJECTED received 0 response(s) and 2 exception(s):
2022-02-04 12:59:38,308 [32c39f51-2f56-4d5e-8fbc-89c9bf378090@group-F65584743E6E-LeaderElection27] INFO  impl.LeaderElection (LogUtils.java:infoOrTrace(137)) -   Exception 0: java.util.concurrent.ExecutionException: org.apache.ratis.thirdparty.io.grpc.StatusRuntimeException: UNAVAILABLE: io exception
2022-02-04 12:59:38,308 [32c39f51-2f56-4d5e-8fbc-89c9bf378090@group-F65584743E6E-LeaderElection27] INFO  impl.LeaderElection (LogUtils.java:infoOrTrace(137)) -   Exception 1: java.util.concurrent.ExecutionException: org.apache.ratis.thirdparty.io.grpc.StatusRuntimeException: UNAVAILABLE: io exception
2022-02-04 12:59:38,308 [32c39f51-2f56-4d5e-8fbc-89c9bf378090@group-F65584743E6E-LeaderElection27] INFO  impl.LeaderElection (LeaderElection.java:askForVotes(308)) - 32c39f51-2f56-4d5e-8fbc-89c9bf378090@group-F65584743E6E-LeaderElection27 ELECTION round 0: result REJECTED
2022-02-04 12:59:38,308 [32c39f51-2f56-4d5e-8fbc-89c9bf378090@group-F65584743E6E-LeaderElection27] INFO  server.RaftServer$Division (RaftServerImpl.java:setRole(290)) - 32c39f51-2f56-4d5e-8fbc-89c9bf378090@group-F65584743E6E: changes role from CANDIDATE to FOLLOWER at term 3 for REJECTED
2022-02-04 12:59:38,308 [32c39f51-2f56-4d5e-8fbc-89c9bf378090@group-F65584743E6E-LeaderElection27] INFO  impl.RoleInfo (RoleInfo.java:shutdownLeaderElection(121)) - 32c39f51-2f56-4d5e-8fbc-89c9bf378090: shutdown 32c39f51-2f56-4d5e-8fbc-89c9bf378090@group-F65584743E6E-LeaderElection27
2022-02-04 12:59:38,308 [32c39f51-2f56-4d5e-8fbc-89c9bf378090@group-F65584743E6E-LeaderElection27] INFO  impl.RoleInfo (RoleInfo.java:updateAndGet(130)) - 32c39f51-2f56-4d5e-8fbc-89c9bf378090: start 32c39f51-2f56-4d5e-8fbc-89c9bf378090@group-F65584743E6E-FollowerState
2022-02-04 12:59:39,105 [EventQueue-OpenPipelineForHealthyPipelineSafeModeRule] INFO  safemode.SCMSafeModeManager (HealthyPipelineSafeModeRule.java:process(124)) - SCM in safe mode. Healthy pipelines reported count is 0, required healthy pipeline reported count is 1
2022-02-04 12:59:39,240 [Listener at 127.0.0.1/43489] INFO  ozone.MiniOzoneClusterImpl (MiniOzoneClusterImpl.java:lambda$waitForClusterToBeReady$0(219)) - Nodes are ready. Got 3 of 3 DN Heartbeats.
2022-02-04 12:59:39,240 [Listener at 127.0.0.1/43489] INFO  ozone.MiniOzoneClusterImpl (MiniOzoneClusterImpl.java:lambda$waitForClusterToBeReady$0(222)) - Waiting for cluster to exit safe mode
2022-02-04 12:59:39,240 [Listener at 127.0.0.1/43489] INFO  ozone.MiniOzoneClusterImpl (MiniOzoneClusterImpl.java:lambda$waitForClusterToBeReady$0(224)) - SCM became leader
2022-02-04 12:59:39,293 [EventQueue-OpenPipelineForHealthyPipelineSafeModeRule] INFO  safemode.SCMSafeModeManager (HealthyPipelineSafeModeRule.java:process(124)) - SCM in safe mode. Healthy pipelines reported count is 0, required healthy pipeline reported count is 1
2022-02-04 12:59:39,638 [Thread-974] INFO  upgrade.UpgradeFinalizer (BasicUpgradeFinalizer.java:logAndEmit(342)) -   Existing pipelines and containers will be closed during Upgrade.
  New pipelines creation will remain frozen until Upgrade is finalized.
2022-02-04 12:59:39,638 [Thread-974] INFO  upgrade.ScmOnFinalizeActionForDatanodeSchemaV2 (ScmOnFinalizeActionForDatanodeSchemaV2.java:execute(43)) - Executing SCM On Finalize action for layout feature DATANODE_SCHEMA_V2
2022-02-04 12:59:39,639 [Thread-974] INFO  upgrade.UpgradeFinalizer (BasicUpgradeFinalizer.java:logAndEmit(342)) - No onFinalize work defined for feature: SCM_HA.
2022-02-04 12:59:39,641 [Thread-974] INFO  pipeline.BackgroundPipelineCreator (BackgroundPipelineCreator.java:start(130)) - Starting RatisPipelineUtilsThread.
2022-02-04 12:59:39,642 [EventQueue-HealthyReadonlyNodeForHealthyReadOnlyNodeHandler] INFO  node.HealthyReadOnlyNodeHandler (HealthyReadOnlyNodeHandler.java:onMessage(58)) - Datanode 99ec0913-bcd1-4774-8e53-643ce8734cf6{ip: 10.1.0.52, host: fv-az116-891.vzw04321ajxubdbcnpick5nqva.xx.internal.cloudapp.net, ports: [REPLICATION=43877, RATIS=38161, RATIS_ADMIN=38161, RATIS_SERVER=38161, STANDALONE=41191], networkLocation: /default-rack, certSerialId: null, persistedOpState: IN_SERVICE, persistedOpStateExpiryEpochSec: 0} moved to HEALTHY READONLY state.
2022-02-04 12:59:39,642 [EventQueue-HealthyReadonlyNodeForHealthyReadOnlyNodeHandler] INFO  node.HealthyReadOnlyNodeHandler (HealthyReadOnlyNodeHandler.java:onMessage(62)) - Closing pipeline PipelineID=ba81bbd6-36b2-4c25-8136-040b0bc54f08 which uses HEALTHY READONLY datanode 99ec0913-bcd1-4774-8e53-643ce8734cf6{ip: 10.1.0.52, host: fv-az116-891.vzw04321ajxubdbcnpick5nqva.xx.internal.cloudapp.net, ports: [REPLICATION=43877, RATIS=38161, RATIS_ADMIN=38161, RATIS_SERVER=38161, STANDALONE=41191], networkLocation: /default-rack, certSerialId: null, persistedOpState: IN_SERVICE, persistedOpStateExpiryEpochSec: 0} 
2022-02-04 12:59:39,642 [EventQueue-HealthyReadonlyNodeForHealthyReadOnlyNodeHandler] INFO  pipeline.RatisPipelineProvider (RatisPipelineProvider.java:lambda$close$1(222)) - Send pipeline:PipelineID=ba81bbd6-36b2-4c25-8136-040b0bc54f08 close command to datanode 99ec0913-bcd1-4774-8e53-643ce8734cf6
2022-02-04 12:59:39,643 [EventQueue-HealthyReadonlyNodeForHealthyReadOnlyNodeHandler] INFO  pipeline.PipelineStateManagerImpl (PipelineStateManagerImpl.java:removePipeline(223)) - Pipeline Pipeline[ Id: ba81bbd6-36b2-4c25-8136-040b0bc54f08, Nodes: 99ec0913-bcd1-4774-8e53-643ce8734cf6{ip: 10.1.0.52, host: fv-az116-891.vzw04321ajxubdbcnpick5nqva.xx.internal.cloudapp.net, ports: [REPLICATION=43877, RATIS=38161, RATIS_ADMIN=38161, RATIS_SERVER=38161, STANDALONE=41191], networkLocation: /default-rack, certSerialId: null, persistedOpState: IN_SERVICE, persistedOpStateExpiryEpochSec: 0}, ReplicationConfig: RATIS/ONE, State:CLOSED, leaderId:99ec0913-bcd1-4774-8e53-643ce8734cf6, CreationTimestamp2022-02-04T12:59:34.080Z[Etc/UTC]] removed.
2022-02-04 12:59:39,643 [EventQueue-HealthyReadonlyNodeForHealthyReadOnlyNodeHandler] INFO  node.HealthyReadOnlyNodeHandler (HealthyReadOnlyNodeHandler.java:onMessage(62)) - Closing pipeline PipelineID=030b25f1-cf8a-46dd-8a11-f9713bc8cc04 which uses HEALTHY READONLY datanode 99ec0913-bcd1-4774-8e53-643ce8734cf6{ip: 10.1.0.52, host: fv-az116-891.vzw04321ajxubdbcnpick5nqva.xx.internal.cloudapp.net, ports: [REPLICATION=43877, RATIS=38161, RATIS_ADMIN=38161, RATIS_SERVER=38161, STANDALONE=41191], networkLocation: /default-rack, certSerialId: null, persistedOpState: IN_SERVICE, persistedOpStateExpiryEpochSec: 0} 
2022-02-04 12:59:39,643 [EventQueue-HealthyReadonlyNodeForHealthyReadOnlyNodeHandler] INFO  pipeline.RatisPipelineProvider (RatisPipelineProvider.java:lambda$close$1(222)) - Send pipeline:PipelineID=030b25f1-cf8a-46dd-8a11-f9713bc8cc04 close command to datanode 99ec0913-bcd1-4774-8e53-643ce8734cf6
2022-02-04 12:59:39,643 [EventQueue-HealthyReadonlyNodeForHealthyReadOnlyNodeHandler] INFO  pipeline.PipelineStateManagerImpl (PipelineStateManagerImpl.java:removePipeline(223)) - Pipeline Pipeline[ Id: 030b25f1-cf8a-46dd-8a11-f9713bc8cc04, Nodes: 99ec0913-bcd1-4774-8e53-643ce8734cf6{ip: 10.1.0.52, host: fv-az116-891.vzw04321ajxubdbcnpick5nqva.xx.internal.cloudapp.net, ports: [REPLICATION=43877, RATIS=38161, RATIS_ADMIN=38161, RATIS_SERVER=38161, STANDALONE=41191], networkLocation: /default-rack, certSerialId: null, persistedOpState: IN_SERVICE, persistedOpStateExpiryEpochSec: 0}, ReplicationConfig: RATIS/ONE, State:CLOSED, leaderId:99ec0913-bcd1-4774-8e53-643ce8734cf6, CreationTimestamp2022-02-04T12:59:33.480Z[Etc/UTC]] removed.
2022-02-04 12:59:39,643 [EventQueue-HealthyReadonlyNodeForHealthyReadOnlyNodeHandler] INFO  node.HealthyReadOnlyNodeHandler (HealthyReadOnlyNodeHandler.java:onMessage(62)) - Closing pipeline PipelineID=e44ca63e-d44e-44e5-99a0-3ff861dd1686 which uses HEALTHY READONLY datanode 99ec0913-bcd1-4774-8e53-643ce8734cf6{ip: 10.1.0.52, host: fv-az116-891.vzw04321ajxubdbcnpick5nqva.xx.internal.cloudapp.net, ports: [REPLICATION=43877, RATIS=38161, RATIS_ADMIN=38161, RATIS_SERVER=38161, STANDALONE=41191], networkLocation: /default-rack, certSerialId: null, persistedOpState: IN_SERVICE, persistedOpStateExpiryEpochSec: 0} 
2022-02-04 12:59:39,643 [EventQueue-HealthyReadonlyNodeForHealthyReadOnlyNodeHandler] INFO  pipeline.RatisPipelineProvider (RatisPipelineProvider.java:lambda$close$1(222)) - Send pipeline:PipelineID=e44ca63e-d44e-44e5-99a0-3ff861dd1686 close command to datanode 99ec0913-bcd1-4774-8e53-643ce8734cf6
2022-02-04 12:59:39,643 [EventQueue-HealthyReadonlyNodeForHealthyReadOnlyNodeHandler] INFO  pipeline.RatisPipelineProvider (RatisPipelineProvider.java:lambda$close$1(222)) - Send pipeline:PipelineID=e44ca63e-d44e-44e5-99a0-3ff861dd1686 close command to datanode 4dd803c0-ea86-48ec-b5c9-2601c1b23b4d
2022-02-04 12:59:39,644 [EventQueue-HealthyReadonlyNodeForHealthyReadOnlyNodeHandler] INFO  pipeline.RatisPipelineProvider (RatisPipelineProvider.java:lambda$close$1(222)) - Send pipeline:PipelineID=e44ca63e-d44e-44e5-99a0-3ff861dd1686 close command to datanode cd33ab12-5c76-4090-ae9e-f8dc2a96321d
2022-02-04 12:59:39,644 [EventQueue-HealthyReadonlyNodeForHealthyReadOnlyNodeHandler] INFO  pipeline.PipelineStateManagerImpl (PipelineStateManagerImpl.java:removePipeline(223)) - Pipeline Pipeline[ Id: e44ca63e-d44e-44e5-99a0-3ff861dd1686, Nodes: 99ec0913-bcd1-4774-8e53-643ce8734cf6{ip: 10.1.0.52, host: fv-az116-891.vzw04321ajxubdbcnpick5nqva.xx.internal.cloudapp.net, ports: [REPLICATION=43877, RATIS=38161, RATIS_ADMIN=38161, RATIS_SERVER=38161, STANDALONE=41191], networkLocation: /default-rack, certSerialId: null, persistedOpState: IN_SERVICE, persistedOpStateExpiryEpochSec: 0}4dd803c0-ea86-48ec-b5c9-2601c1b23b4d{ip: 10.1.0.52, host: fv-az116-891.vzw04321ajxubdbcnpick5nqva.xx.internal.cloudapp.net, ports: [REPLICATION=44173, RATIS=34153, RATIS_ADMIN=34153, RATIS_SERVER=34153, STANDALONE=46171], networkLocation: /default-rack, certSerialId: null, persistedOpState: IN_SERVICE, persistedOpStateExpiryEpochSec: 0}cd33ab12-5c76-4090-ae9e-f8dc2a96321d{ip: 10.1.0.52, host: fv-az116-891.vzw04321ajxubdbcnpick5nqva.xx.internal.cloudapp.net, ports: [REPLICATION=44351, RATIS=40103, RATIS_ADMIN=40103, RATIS_SERVER=40103, STANDALONE=34851], networkLocation: /default-rack, certSerialId: null, persistedOpState: IN_SERVICE, persistedOpStateExpiryEpochSec: 0}, ReplicationConfig: RATIS/THREE, State:CLOSED, leaderId:, CreationTimestamp2022-02-04T12:59:34.090Z[Etc/UTC]] removed.
2022-02-04 12:59:39,644 [EventQueue-HealthyReadonlyNodeForHealthyReadOnlyNodeHandler] INFO  node.HealthyReadOnlyNodeHandler (HealthyReadOnlyNodeHandler.java:onMessage(62)) - Closing pipeline PipelineID=9dfef911-82a6-4066-87a3-31b87afc2984 which uses HEALTHY READONLY datanode 99ec0913-bcd1-4774-8e53-643ce8734cf6{ip: 10.1.0.52, host: fv-az116-891.vzw04321ajxubdbcnpick5nqva.xx.internal.cloudapp.net, ports: [REPLICATION=43877, RATIS=38161, RATIS_ADMIN=38161, RATIS_SERVER=38161, STANDALONE=41191], networkLocation: /default-rack, certSerialId: null, persistedOpState: IN_SERVICE, persistedOpStateExpiryEpochSec: 0} 
2022-02-04 12:59:39,644 [EventQueue-HealthyReadonlyNodeForHealthyReadOnlyNodeHandler] INFO  pipeline.RatisPipelineProvider (RatisPipelineProvider.java:lambda$close$1(222)) - Send pipeline:PipelineID=9dfef911-82a6-4066-87a3-31b87afc2984 close command to datanode 4dd803c0-ea86-48ec-b5c9-2601c1b23b4d
2022-02-04 12:59:39,644 [EventQueue-HealthyReadonlyNodeForHealthyReadOnlyNodeHandler] INFO  pipeline.RatisPipelineProvider (RatisPipelineProvider.java:lambda$close$1(222)) - Send pipeline:PipelineID=9dfef911-82a6-4066-87a3-31b87afc2984 close command to datanode cd33ab12-5c76-4090-ae9e-f8dc2a96321d
2022-02-04 12:59:39,644 [EventQueue-HealthyReadonlyNodeForHealthyReadOnlyNodeHandler] INFO  pipeline.RatisPipelineProvider (RatisPipelineProvider.java:lambda$close$1(222)) - Send pipeline:PipelineID=9dfef911-82a6-4066-87a3-31b87afc2984 close command to datanode 99ec0913-bcd1-4774-8e53-643ce8734cf6
2022-02-04 12:59:39,645 [EventQueue-HealthyReadonlyNodeForHealthyReadOnlyNodeHandler] INFO  pipeline.PipelineStateManagerImpl (PipelineStateManagerImpl.java:removePipeline(223)) - Pipeline Pipeline[ Id: 9dfef911-82a6-4066-87a3-31b87afc2984, Nodes: 4dd803c0-ea86-48ec-b5c9-2601c1b23b4d{ip: 10.1.0.52, host: fv-az116-891.vzw04321ajxubdbcnpick5nqva.xx.internal.cloudapp.net, ports: [REPLICATION=44173, RATIS=34153, RATIS_ADMIN=34153, RATIS_SERVER=34153, STANDALONE=46171], networkLocation: /default-rack, certSerialId: null, persistedOpState: IN_SERVICE, persistedOpStateExpiryEpochSec: 0}cd33ab12-5c76-4090-ae9e-f8dc2a96321d{ip: 10.1.0.52, host: fv-az116-891.vzw04321ajxubdbcnpick5nqva.xx.internal.cloudapp.net, ports: [REPLICATION=44351, RATIS=40103, RATIS_ADMIN=40103, RATIS_SERVER=40103, STANDALONE=34851], networkLocation: /default-rack, certSerialId: null, persistedOpState: IN_SERVICE, persistedOpStateExpiryEpochSec: 0}99ec0913-bcd1-4774-8e53-643ce8734cf6{ip: 10.1.0.52, host: fv-az116-891.vzw04321ajxubdbcnpick5nqva.xx.internal.cloudapp.net, ports: [REPLICATION=43877, RATIS=38161, RATIS_ADMIN=38161, RATIS_SERVER=38161, STANDALONE=41191], networkLocation: /default-rack, certSerialId: null, persistedOpState: IN_SERVICE, persistedOpStateExpiryEpochSec: 0}, ReplicationConfig: RATIS/THREE, State:CLOSED, leaderId:99ec0913-bcd1-4774-8e53-643ce8734cf6, CreationTimestamp2022-02-04T12:59:33.480Z[Etc/UTC]] removed.
2022-02-04 12:59:39,645 [EventQueue-HealthyReadonlyNodeForHealthyReadOnlyNodeHandler] INFO  node.HealthyReadOnlyNodeHandler (HealthyReadOnlyNodeHandler.java:onMessage(58)) - Datanode 4dd803c0-ea86-48ec-b5c9-2601c1b23b4d{ip: 10.1.0.52, host: fv-az116-891.vzw04321ajxubdbcnpick5nqva.xx.internal.cloudapp.net, ports: [REPLICATION=44173, RATIS=34153, RATIS_ADMIN=34153, RATIS_SERVER=34153, STANDALONE=46171], networkLocation: /default-rack, certSerialId: null, persistedOpState: IN_SERVICE, persistedOpStateExpiryEpochSec: 0} moved to HEALTHY READONLY state.
2022-02-04 12:59:39,645 [EventQueue-HealthyReadonlyNodeForHealthyReadOnlyNodeHandler] INFO  node.HealthyReadOnlyNodeHandler (HealthyReadOnlyNodeHandler.java:onMessage(62)) - Closing pipeline PipelineID=c45d4f00-a397-4cba-a2ad-7be1a07ca54a which uses HEALTHY READONLY datanode 4dd803c0-ea86-48ec-b5c9-2601c1b23b4d{ip: 10.1.0.52, host: fv-az116-891.vzw04321ajxubdbcnpick5nqva.xx.internal.cloudapp.net, ports: [REPLICATION=44173, RATIS=34153, RATIS_ADMIN=34153, RATIS_SERVER=34153, STANDALONE=46171], networkLocation: /default-rack, certSerialId: null, persistedOpState: IN_SERVICE, persistedOpStateExpiryEpochSec: 0} 
2022-02-04 12:59:39,645 [EventQueue-HealthyReadonlyNodeForHealthyReadOnlyNodeHandler] INFO  pipeline.RatisPipelineProvider (RatisPipelineProvider.java:lambda$close$1(222)) - Send pipeline:PipelineID=c45d4f00-a397-4cba-a2ad-7be1a07ca54a close command to datanode 4dd803c0-ea86-48ec-b5c9-2601c1b23b4d
2022-02-04 12:59:39,646 [EventQueue-HealthyReadonlyNodeForHealthyReadOnlyNodeHandler] INFO  pipeline.PipelineStateManagerImpl (PipelineStateManagerImpl.java:removePipeline(223)) - Pipeline Pipeline[ Id: c45d4f00-a397-4cba-a2ad-7be1a07ca54a, Nodes: 4dd803c0-ea86-48ec-b5c9-2601c1b23b4d{ip: 10.1.0.52, host: fv-az116-891.vzw04321ajxubdbcnpick5nqva.xx.internal.cloudapp.net, ports: [REPLICATION=44173, RATIS=34153, RATIS_ADMIN=34153, RATIS_SERVER=34153, STANDALONE=46171], networkLocation: /default-rack, certSerialId: null, persistedOpState: IN_SERVICE, persistedOpStateExpiryEpochSec: 0}, ReplicationConfig: RATIS/ONE, State:CLOSED, leaderId:4dd803c0-ea86-48ec-b5c9-2601c1b23b4d, CreationTimestamp2022-02-04T12:59:33.480Z[Etc/UTC]] removed.
2022-02-04 12:59:39,646 [Thread-974] INFO  upgrade.UpgradeFinalizer (SCMUpgradeFinalizer.java:postFinalizeUpgrade(116)) - Waiting for at least one open pipeline after SCM finalization.
2022-02-04 12:59:39,646 [EventQueue-HealthyReadonlyNodeForHealthyReadOnlyNodeHandler] INFO  node.HealthyReadOnlyNodeHandler (HealthyReadOnlyNodeHandler.java:onMessage(62)) - Closing pipeline PipelineID=a015f9d5-3056-4a16-a89a-9f6b499ce2f6 which uses HEALTHY READONLY datanode 4dd803c0-ea86-48ec-b5c9-2601c1b23b4d{ip: 10.1.0.52, host: fv-az116-891.vzw04321ajxubdbcnpick5nqva.xx.internal.cloudapp.net, ports: [REPLICATION=44173, RATIS=34153, RATIS_ADMIN=34153, RATIS_SERVER=34153, STANDALONE=46171], networkLocation: /default-rack, certSerialId: null, persistedOpState: IN_SERVICE, persistedOpStateExpiryEpochSec: 0} 
2022-02-04 12:59:39,646 [EventQueue-HealthyReadonlyNodeForHealthyReadOnlyNodeHandler] INFO  pipeline.RatisPipelineProvider (RatisPipelineProvider.java:lambda$close$1(222)) - Send pipeline:PipelineID=a015f9d5-3056-4a16-a89a-9f6b499ce2f6 close command to datanode 4dd803c0-ea86-48ec-b5c9-2601c1b23b4d
2022-02-04 12:59:39,646 [RatisPipelineUtilsThread - 0] INFO  pipeline.PipelineManagerImpl (PipelineManagerImpl.java:scrubPipeline(404)) - Scrubbing pipeline: id: PipelineID=8a243daa-5b73-44e1-9f0a-bb28d28c7810 since it stays at CLOSED stage.
2022-02-04 12:59:39,646 [EventQueue-HealthyReadonlyNodeForHealthyReadOnlyNodeHandler] INFO  pipeline.PipelineStateManagerImpl (PipelineStateManagerImpl.java:removePipeline(223)) - Pipeline Pipeline[ Id: a015f9d5-3056-4a16-a89a-9f6b499ce2f6, Nodes: 4dd803c0-ea86-48ec-b5c9-2601c1b23b4d{ip: 10.1.0.52, host: fv-az116-891.vzw04321ajxubdbcnpick5nqva.xx.internal.cloudapp.net, ports: [REPLICATION=44173, RATIS=34153, RATIS_ADMIN=34153, RATIS_SERVER=34153, STANDALONE=46171], networkLocation: /default-rack, certSerialId: null, persistedOpState: IN_SERVICE, persistedOpStateExpiryEpochSec: 0}, ReplicationConfig: RATIS/ONE, State:CLOSED, leaderId:4dd803c0-ea86-48ec-b5c9-2601c1b23b4d, CreationTimestamp2022-02-04T12:59:34.083Z[Etc/UTC]] removed.
2022-02-04 12:59:39,647 [EventQueue-HealthyReadonlyNodeForHealthyReadOnlyNodeHandler] INFO  node.HealthyReadOnlyNodeHandler (HealthyReadOnlyNodeHandler.java:onMessage(58)) - Datanode cd33ab12-5c76-4090-ae9e-f8dc2a96321d{ip: 10.1.0.52, host: fv-az116-891.vzw04321ajxubdbcnpick5nqva.xx.internal.cloudapp.net, ports: [REPLICATION=44351, RATIS=40103, RATIS_ADMIN=40103, RATIS_SERVER=40103, STANDALONE=34851], networkLocation: /default-rack, certSerialId: null, persistedOpState: IN_SERVICE, persistedOpStateExpiryEpochSec: 0} moved to HEALTHY READONLY state.
2022-02-04 12:59:39,647 [EventQueue-HealthyReadonlyNodeForHealthyReadOnlyNodeHandler] INFO  node.HealthyReadOnlyNodeHandler (HealthyReadOnlyNodeHandler.java:onMessage(62)) - Closing pipeline PipelineID=8a243daa-5b73-44e1-9f0a-bb28d28c7810 which uses HEALTHY READONLY datanode cd33ab12-5c76-4090-ae9e-f8dc2a96321d{ip: 10.1.0.52, host: fv-az116-891.vzw04321ajxubdbcnpick5nqva.xx.internal.cloudapp.net, ports: [REPLICATION=44351, RATIS=40103, RATIS_ADMIN=40103, RATIS_SERVER=40103, STANDALONE=34851], networkLocation: /default-rack, certSerialId: null, persistedOpState: IN_SERVICE, persistedOpStateExpiryEpochSec: 0} 
2022-02-04 12:59:39,647 [EventQueue-HealthyReadonlyNodeForHealthyReadOnlyNodeHandler] INFO  pipeline.RatisPipelineProvider (RatisPipelineProvider.java:lambda$close$1(222)) - Send pipeline:PipelineID=8a243daa-5b73-44e1-9f0a-bb28d28c7810 close command to datanode cd33ab12-5c76-4090-ae9e-f8dc2a96321d
2022-02-04 12:59:39,647 [RatisPipelineUtilsThread - 0] INFO  pipeline.RatisPipelineProvider (RatisPipelineProvider.java:lambda$close$1(222)) - Send pipeline:PipelineID=8a243daa-5b73-44e1-9f0a-bb28d28c7810 close command to datanode cd33ab12-5c76-4090-ae9e-f8dc2a96321d
2022-02-04 12:59:39,647 [RatisPipelineUtilsThread - 0] INFO  pipeline.PipelineStateManagerImpl (PipelineStateManagerImpl.java:removePipeline(223)) - Pipeline Pipeline[ Id: 8a243daa-5b73-44e1-9f0a-bb28d28c7810, Nodes: cd33ab12-5c76-4090-ae9e-f8dc2a96321d{ip: 10.1.0.52, host: fv-az116-891.vzw04321ajxubdbcnpick5nqva.xx.internal.cloudapp.net, ports: [REPLICATION=44351, RATIS=40103, RATIS_ADMIN=40103, RATIS_SERVER=40103, STANDALONE=34851], networkLocation: /default-rack, certSerialId: null, persistedOpState: IN_SERVICE, persistedOpStateExpiryEpochSec: 0}, ReplicationConfig: RATIS/ONE, State:CLOSED, leaderId:cd33ab12-5c76-4090-ae9e-f8dc2a96321d, CreationTimestamp2022-02-04T12:59:33.480Z[Etc/UTC]] removed.
2022-02-04 12:59:39,647 [RatisPipelineUtilsThread - 0] INFO  pipeline.PipelineManagerImpl (PipelineManagerImpl.java:scrubPipeline(404)) - Scrubbing pipeline: id: PipelineID=a015f9d5-3056-4a16-a89a-9f6b499ce2f6 since it stays at CLOSED stage.
2022-02-04 12:59:39,647 [RatisPipelineUtilsThread - 0] ERROR pipeline.BackgroundPipelineCreator (BackgroundPipelineCreator.java:createPipelines(231)) - Error while scrubbing pipelines.
org.apache.hadoop.hdds.scm.pipeline.PipelineNotFoundException: PipelineID=a015f9d5-3056-4a16-a89a-9f6b499ce2f6 not found
	at org.apache.hadoop.hdds.scm.pipeline.PipelineStateMap.getContainers(PipelineStateMap.java:278)
	at org.apache.hadoop.hdds.scm.pipeline.PipelineStateManagerImpl.getContainers(PipelineStateManagerImpl.java:196)
	at sun.reflect.GeneratedMethodAccessor97.invoke(Unknown Source)
	at sun.reflect.DelegatingMethodAccessorImpl.invoke(DelegatingMethodAccessorImpl.java:43)
	at java.lang.reflect.Method.invoke(Method.java:498)
	at org.apache.hadoop.hdds.scm.ha.SCMHAInvocationHandler.invokeLocal(SCMHAInvocationHandler.java:83)
	at org.apache.hadoop.hdds.scm.ha.SCMHAInvocationHandler.invoke(SCMHAInvocationHandler.java:68)
	at com.sun.proxy.$Proxy24.getContainers(Unknown Source)
	at org.apache.hadoop.hdds.scm.pipeline.PipelineManagerImpl.closeContainersForPipeline(PipelineManagerImpl.java:330)
	at org.apache.hadoop.hdds.scm.pipeline.PipelineManagerImpl.scrubPipeline(PipelineManagerImpl.java:406)
	at org.apache.hadoop.hdds.scm.pipeline.BackgroundPipelineCreator.createPipelines(BackgroundPipelineCreator.java:229)
	at org.apache.hadoop.hdds.scm.pipeline.BackgroundPipelineCreator.run(BackgroundPipelineCreator.java:176)
	at java.lang.Thread.run(Thread.java:748)
2022-02-04 12:59:39,648 [EventQueue-HealthyReadonlyNodeForHealthyReadOnlyNodeHandler] WARN  pipeline.PipelineStateManagerImpl (PipelineStateManagerImpl.java:removePipeline(225)) - Pipeline 8a243daa-5b73-44e1-9f0a-bb28d28c7810 is not found in the pipeline Map. Pipeline may have been deleted already.
2022-02-04 12:59:39,649 [EventQueue-HealthyReadonlyNodeForHealthyReadOnlyNodeHandler] INFO  node.HealthyReadOnlyNodeHandler (HealthyReadOnlyNodeHandler.java:onMessage(62)) - Closing pipeline PipelineID=72db46a2-1f21-44a2-8da9-a406557888d6 which uses HEALTHY READONLY datanode cd33ab12-5c76-4090-ae9e-f8dc2a96321d{ip: 10.1.0.52, host: fv-az116-891.vzw04321ajxubdbcnpick5nqva.xx.internal.cloudapp.net, ports: [REPLICATION=44351, RATIS=40103, RATIS_ADMIN=40103, RATIS_SERVER=40103, STANDALONE=34851], networkLocation: /default-rack, certSerialId: null, persistedOpState: IN_SERVICE, persistedOpStateExpiryEpochSec: 0} 
2022-02-04 12:59:39,656 [RatisPipelineUtilsThread - 0] ERROR scm.SCMCommonPlacementPolicy (SCMCommonPlacementPolicy.java:filterNodesWithSpace(171)) - Unable to find enough nodes that meet the space requirement of 1073741824 bytes for metadata and 5368709120 bytes for data in healthy node set. Required 3. Found 0.
2022-02-04 12:59:39,656 [EventQueue-HealthyReadonlyNodeForHealthyReadOnlyNodeHandler] INFO  pipeline.RatisPipelineProvider (RatisPipelineProvider.java:lambda$close$1(222)) - Send pipeline:PipelineID=72db46a2-1f21-44a2-8da9-a406557888d6 close command to datanode cd33ab12-5c76-4090-ae9e-f8dc2a96321d
2022-02-04 12:59:39,656 [EventQueue-HealthyReadonlyNodeForHealthyReadOnlyNodeHandler] INFO  pipeline.PipelineStateManagerImpl (PipelineStateManagerImpl.java:removePipeline(223)) - Pipeline Pipeline[ Id: 72db46a2-1f21-44a2-8da9-a406557888d6, Nodes: cd33ab12-5c76-4090-ae9e-f8dc2a96321d{ip: 10.1.0.52, host: fv-az116-891.vzw04321ajxubdbcnpick5nqva.xx.internal.cloudapp.net, ports: [REPLICATION=44351, RATIS=40103, RATIS_ADMIN=40103, RATIS_SERVER=40103, STANDALONE=34851], networkLocation: /default-rack, certSerialId: null, persistedOpState: IN_SERVICE, persistedOpStateExpiryEpochSec: 0}, ReplicationConfig: RATIS/ONE, State:CLOSED, leaderId:cd33ab12-5c76-4090-ae9e-f8dc2a96321d, CreationTimestamp2022-02-04T12:59:34.089Z[Etc/UTC]] removed.
2022-02-04 12:59:39,666 [IPC Server handler 3 on default port 41383] WARN  node.SCMNodeManager (SCMNodeManager.java:processLayoutVersionReport(598)) - Data node fv-az116-891.vzw04321ajxubdbcnpick5nqva.xx.internal.cloudapp.net can not be used in any pipeline in the cluster. DataNode MetadataLayoutVersion = 0, SCM MetadataLayoutVersion = 2
2022-02-04 12:59:39,668 [EventQueue-PipelineReportForPipelineReportHandler] INFO  pipeline.PipelineReportHandler (PipelineReportHandler.java:processPipelineReport(113)) - Reported pipeline PipelineID=8a243daa-5b73-44e1-9f0a-bb28d28c7810 is not found
2022-02-04 12:59:39,668 [EventQueue-PipelineReportForPipelineReportHandler] INFO  pipeline.PipelineReportHandler (PipelineReportHandler.java:processPipelineReport(113)) - Reported pipeline PipelineID=e44ca63e-d44e-44e5-99a0-3ff861dd1686 is not found
2022-02-04 12:59:39,668 [EventQueue-PipelineReportForPipelineReportHandler] INFO  pipeline.PipelineReportHandler (PipelineReportHandler.java:processPipelineReport(113)) - Reported pipeline PipelineID=72db46a2-1f21-44a2-8da9-a406557888d6 is not found
2022-02-04 12:59:39,668 [EventQueue-PipelineReportForPipelineReportHandler] INFO  pipeline.PipelineReportHandler (PipelineReportHandler.java:processPipelineReport(113)) - Reported pipeline PipelineID=9dfef911-82a6-4066-87a3-31b87afc2984 is not found
2022-02-04 12:59:39,750 [IPC Server handler 5 on default port 41383] WARN  node.SCMNodeManager (SCMNodeManager.java:processLayoutVersionReport(598)) - Data node fv-az116-891.vzw04321ajxubdbcnpick5nqva.xx.internal.cloudapp.net can not be used in any pipeline in the cluster. DataNode MetadataLayoutVersion = 0, SCM MetadataLayoutVersion = 2
2022-02-04 12:59:39,974 [EventQueue-OpenPipelineForHealthyPipelineSafeModeRule] INFO  safemode.SCMSafeModeManager (HealthyPipelineSafeModeRule.java:process(124)) - SCM in safe mode. Healthy pipelines reported count is 0, required healthy pipeline reported count is 1
2022-02-04 12:59:40,081 [IPC Server handler 7 on default port 41383] WARN  node.SCMNodeManager (SCMNodeManager.java:processLayoutVersionReport(598)) - Data node fv-az116-891.vzw04321ajxubdbcnpick5nqva.xx.internal.cloudapp.net can not be used in any pipeline in the cluster. DataNode MetadataLayoutVersion = 0, SCM MetadataLayoutVersion = 2
2022-02-04 12:59:40,166 [IPC Server handler 2 on default port 41383] WARN  node.SCMNodeManager (SCMNodeManager.java:processLayoutVersionReport(598)) - Data node fv-az116-891.vzw04321ajxubdbcnpick5nqva.xx.internal.cloudapp.net can not be used in any pipeline in the cluster. DataNode MetadataLayoutVersion = 0, SCM MetadataLayoutVersion = 2
2022-02-04 12:59:40,172 [cd33ab12-5c76-4090-ae9e-f8dc2a96321d@group-A406557888D6-FollowerState] INFO  impl.FollowerState (FollowerState.java:run(134)) - cd33ab12-5c76-4090-ae9e-f8dc2a96321d@group-A406557888D6-FollowerState: change to CANDIDATE, lastRpcElapsedTime:5047048680ns, electionTimeout:5039ms
2022-02-04 12:59:40,172 [cd33ab12-5c76-4090-ae9e-f8dc2a96321d@group-A406557888D6-FollowerState] INFO  impl.RoleInfo (RoleInfo.java:shutdownFollowerState(108)) - cd33ab12-5c76-4090-ae9e-f8dc2a96321d: shutdown cd33ab12-5c76-4090-ae9e-f8dc2a96321d@group-A406557888D6-FollowerState
2022-02-04 12:59:40,173 [cd33ab12-5c76-4090-ae9e-f8dc2a96321d@group-A406557888D6-FollowerState] INFO  server.RaftServer$Division (RaftServerImpl.java:setRole(290)) - cd33ab12-5c76-4090-ae9e-f8dc2a96321d@group-A406557888D6: changes role from  FOLLOWER to CANDIDATE at term 0 for changeToCandidate
2022-02-04 12:59:40,173 [cd33ab12-5c76-4090-ae9e-f8dc2a96321d@group-A406557888D6-FollowerState] INFO  server.RaftServerConfigKeys (ConfUtils.java:logGet(44)) - raft.server.leaderelection.pre-vote = false (custom)
2022-02-04 12:59:40,173 [cd33ab12-5c76-4090-ae9e-f8dc2a96321d@group-A406557888D6-FollowerState] INFO  impl.RoleInfo (RoleInfo.java:updateAndGet(130)) - cd33ab12-5c76-4090-ae9e-f8dc2a96321d: start cd33ab12-5c76-4090-ae9e-f8dc2a96321d@group-A406557888D6-LeaderElection28
2022-02-04 12:59:40,184 [cd33ab12-5c76-4090-ae9e-f8dc2a96321d@group-A406557888D6-LeaderElection28] INFO  impl.LeaderElection (LeaderElection.java:askForVotes(306)) - cd33ab12-5c76-4090-ae9e-f8dc2a96321d@group-A406557888D6-LeaderElection28 ELECTION round 0: submit vote requests at term 1 for -1: [cd33ab12-5c76-4090-ae9e-f8dc2a96321d|rpc:10.1.0.52:40103|priority:1], old=null
2022-02-04 12:59:40,184 [cd33ab12-5c76-4090-ae9e-f8dc2a96321d@group-A406557888D6-LeaderElection28] INFO  impl.LeaderElection (LeaderElection.java:askForVotes(308)) - cd33ab12-5c76-4090-ae9e-f8dc2a96321d@group-A406557888D6-LeaderElection28 ELECTION round 0: result PASSED (term=1)
2022-02-04 12:59:40,184 [cd33ab12-5c76-4090-ae9e-f8dc2a96321d@group-A406557888D6-LeaderElection28] INFO  impl.RoleInfo (RoleInfo.java:shutdownLeaderElection(121)) - cd33ab12-5c76-4090-ae9e-f8dc2a96321d: shutdown cd33ab12-5c76-4090-ae9e-f8dc2a96321d@group-A406557888D6-LeaderElection28
2022-02-04 12:59:40,184 [cd33ab12-5c76-4090-ae9e-f8dc2a96321d@group-A406557888D6-LeaderElection28] INFO  server.RaftServer$Division (RaftServerImpl.java:setRole(290)) - cd33ab12-5c76-4090-ae9e-f8dc2a96321d@group-A406557888D6: changes role from CANDIDATE to LEADER at term 1 for changeToLeader
2022-02-04 12:59:40,184 [cd33ab12-5c76-4090-ae9e-f8dc2a96321d@group-A406557888D6-LeaderElection28] INFO  ratis.XceiverServerRatis (XceiverServerRatis.java:handleLeaderChangedNotification(866)) - Leader change notification received for group: group-A406557888D6 with new leaderId: cd33ab12-5c76-4090-ae9e-f8dc2a96321d
2022-02-04 12:59:40,185 [IPC Server handler 9 on default port 41383] WARN  node.SCMNodeManager (SCMNodeManager.java:processLayoutVersionReport(598)) - Data node fv-az116-891.vzw04321ajxubdbcnpick5nqva.xx.internal.cloudapp.net can not be used in any pipeline in the cluster. DataNode MetadataLayoutVersion = 0, SCM MetadataLayoutVersion = 2
2022-02-04 12:59:40,186 [EventQueue-PipelineReportForPipelineReportHandler] INFO  pipeline.PipelineReportHandler (PipelineReportHandler.java:processPipelineReport(113)) - Reported pipeline PipelineID=8a243daa-5b73-44e1-9f0a-bb28d28c7810 is not found
2022-02-04 12:59:40,186 [EventQueue-PipelineReportForPipelineReportHandler] INFO  pipeline.PipelineReportHandler (PipelineReportHandler.java:processPipelineReport(113)) - Reported pipeline PipelineID=e44ca63e-d44e-44e5-99a0-3ff861dd1686 is not found
2022-02-04 12:59:40,186 [EventQueue-PipelineReportForPipelineReportHandler] INFO  pipeline.PipelineReportHandler (PipelineReportHandler.java:processPipelineReport(113)) - Reported pipeline PipelineID=72db46a2-1f21-44a2-8da9-a406557888d6 is not found
2022-02-04 12:59:40,186 [EventQueue-PipelineReportForPipelineReportHandler] INFO  pipeline.PipelineReportHandler (PipelineReportHandler.java:processPipelineReport(113)) - Reported pipeline PipelineID=9dfef911-82a6-4066-87a3-31b87afc2984 is not found
2022-02-04 12:59:40,187 [cd33ab12-5c76-4090-ae9e-f8dc2a96321d@group-A406557888D6-LeaderElection28] INFO  server.RaftServer$Division (ServerState.java:setLeader(285)) - cd33ab12-5c76-4090-ae9e-f8dc2a96321d@group-A406557888D6: change Leader from null to cd33ab12-5c76-4090-ae9e-f8dc2a96321d at term 1 for becomeLeader, leader elected after 5073ms
2022-02-04 12:59:40,187 [cd33ab12-5c76-4090-ae9e-f8dc2a96321d@group-A406557888D6-LeaderElection28] INFO  server.RaftServerConfigKeys (ConfUtils.java:logGet(44)) - raft.server.staging.catchup.gap = 1000 (default)
2022-02-04 12:59:40,187 [cd33ab12-5c76-4090-ae9e-f8dc2a96321d@group-A406557888D6-LeaderElection28] INFO  server.RaftServerConfigKeys (ConfUtils.java:logGet(44)) - raft.server.write.element-limit = 1024 (custom)
2022-02-04 12:59:40,188 [cd33ab12-5c76-4090-ae9e-f8dc2a96321d@group-A406557888D6-LeaderElection28] INFO  server.RaftServerConfigKeys (ConfUtils.java:logGet(44)) - raft.server.write.byte-limit = 1024 M (=1073741824) (custom)
2022-02-04 12:59:40,193 [cd33ab12-5c76-4090-ae9e-f8dc2a96321d@group-A406557888D6-LeaderElection28] INFO  server.RaftServerConfigKeys (ConfUtils.java:logGet(44)) - raft.server.watch.timeout = 180s (custom)
2022-02-04 12:59:40,193 [cd33ab12-5c76-4090-ae9e-f8dc2a96321d@group-A406557888D6-LeaderElection28] INFO  server.RaftServerConfigKeys (ConfUtils.java:logGet(44)) - raft.server.watch.timeout.denomination = 1s (default)
2022-02-04 12:59:40,193 [cd33ab12-5c76-4090-ae9e-f8dc2a96321d@group-A406557888D6-LeaderElection28] INFO  server.RaftServerConfigKeys (ConfUtils.java:logGet(44)) - raft.server.watch.element-limit = 65536 (default)
2022-02-04 12:59:40,194 [cd33ab12-5c76-4090-ae9e-f8dc2a96321d@group-A406557888D6-LeaderElection28] INFO  server.RaftServerConfigKeys (ConfUtils.java:logGet(44)) - raft.server.write.element-limit = 1024 (custom)
2022-02-04 12:59:40,194 [cd33ab12-5c76-4090-ae9e-f8dc2a96321d@group-A406557888D6-LeaderElection28] INFO  server.RaftServerConfigKeys (ConfUtils.java:logGet(44)) - raft.server.write.follower.gap.ratio.max = -1.0 (default)
2022-02-04 12:59:40,197 [cd33ab12-5c76-4090-ae9e-f8dc2a96321d@group-A406557888D6-LeaderElection28] INFO  impl.RoleInfo (RoleInfo.java:updateAndGet(130)) - cd33ab12-5c76-4090-ae9e-f8dc2a96321d: start cd33ab12-5c76-4090-ae9e-f8dc2a96321d@group-A406557888D6-LeaderStateImpl
2022-02-04 12:59:40,198 [cd33ab12-5c76-4090-ae9e-f8dc2a96321d@group-A406557888D6-LeaderElection28] INFO  segmented.SegmentedRaftLogWorker (SegmentedRaftLogWorker.java:startLogSegment(394)) - cd33ab12-5c76-4090-ae9e-f8dc2a96321d@group-A406557888D6-SegmentedRaftLogWorker: Starting segment from index:0
2022-02-04 12:59:40,199 [cd33ab12-5c76-4090-ae9e-f8dc2a96321d@group-A406557888D6-SegmentedRaftLogWorker] INFO  segmented.SegmentedRaftLogWorker (SegmentedRaftLogWorker.java:execute(601)) - cd33ab12-5c76-4090-ae9e-f8dc2a96321d@group-A406557888D6-SegmentedRaftLogWorker: created new log segment /home/runner/work/ozone/ozone/hadoop-ozone/integration-test/target/test-dir/MiniOzoneClusterImpl-5b939f7d-2090-4c2b-bba9-fa55352059d6/datanode-1/data/ratis/72db46a2-1f21-44a2-8da9-a406557888d6/current/log_inprogress_0
2022-02-04 12:59:40,216 [cd33ab12-5c76-4090-ae9e-f8dc2a96321d@group-A406557888D6-LeaderElection28] INFO  server.RaftServer$Division (ServerState.java:setRaftConf(387)) - cd33ab12-5c76-4090-ae9e-f8dc2a96321d@group-A406557888D6: set configuration 0: [cd33ab12-5c76-4090-ae9e-f8dc2a96321d|rpc:10.1.0.52:40103|dataStream:|priority:1], old=null
2022-02-04 12:59:40,225 [99ec0913-bcd1-4774-8e53-643ce8734cf6@group-040B0BC54F08-FollowerState] INFO  impl.FollowerState (FollowerState.java:run(134)) - 99ec0913-bcd1-4774-8e53-643ce8734cf6@group-040B0BC54F08-FollowerState: change to CANDIDATE, lastRpcElapsedTime:5065706973ns, electionTimeout:5040ms
2022-02-04 12:59:40,225 [99ec0913-bcd1-4774-8e53-643ce8734cf6@group-040B0BC54F08-FollowerState] INFO  impl.RoleInfo (RoleInfo.java:shutdownFollowerState(108)) - 99ec0913-bcd1-4774-8e53-643ce8734cf6: shutdown 99ec0913-bcd1-4774-8e53-643ce8734cf6@group-040B0BC54F08-FollowerState
2022-02-04 12:59:40,225 [99ec0913-bcd1-4774-8e53-643ce8734cf6@group-040B0BC54F08-FollowerState] INFO  server.RaftServer$Division (RaftServerImpl.java:setRole(290)) - 99ec0913-bcd1-4774-8e53-643ce8734cf6@group-040B0BC54F08: changes role from  FOLLOWER to CANDIDATE at term 0 for changeToCandidate
2022-02-04 12:59:40,225 [99ec0913-bcd1-4774-8e53-643ce8734cf6@group-040B0BC54F08-FollowerState] INFO  server.RaftServerConfigKeys (ConfUtils.java:logGet(44)) - raft.server.leaderelection.pre-vote = false (custom)
2022-02-04 12:59:40,226 [99ec0913-bcd1-4774-8e53-643ce8734cf6@group-040B0BC54F08-FollowerState] INFO  impl.RoleInfo (RoleInfo.java:updateAndGet(130)) - 99ec0913-bcd1-4774-8e53-643ce8734cf6: start 99ec0913-bcd1-4774-8e53-643ce8734cf6@group-040B0BC54F08-LeaderElection29
2022-02-04 12:59:40,240 [Listener at 127.0.0.1/43489] INFO  ozone.MiniOzoneClusterImpl (MiniOzoneClusterImpl.java:lambda$waitForClusterToBeReady$0(219)) - Nodes are ready. Got 3 of 3 DN Heartbeats.
2022-02-04 12:59:40,241 [Listener at 127.0.0.1/43489] INFO  ozone.MiniOzoneClusterImpl (MiniOzoneClusterImpl.java:lambda$waitForClusterToBeReady$0(222)) - Waiting for cluster to exit safe mode
2022-02-04 12:59:40,241 [Listener at 127.0.0.1/43489] INFO  ozone.MiniOzoneClusterImpl (MiniOzoneClusterImpl.java:lambda$waitForClusterToBeReady$0(224)) - SCM became leader
2022-02-04 12:59:40,244 [99ec0913-bcd1-4774-8e53-643ce8734cf6@group-040B0BC54F08-LeaderElection29] INFO  impl.LeaderElection (LeaderElection.java:askForVotes(306)) - 99ec0913-bcd1-4774-8e53-643ce8734cf6@group-040B0BC54F08-LeaderElection29 ELECTION round 0: submit vote requests at term 1 for -1: [99ec0913-bcd1-4774-8e53-643ce8734cf6|rpc:10.1.0.52:38161|priority:1], old=null
2022-02-04 12:59:40,244 [99ec0913-bcd1-4774-8e53-643ce8734cf6@group-040B0BC54F08-LeaderElection29] INFO  impl.LeaderElection (LeaderElection.java:askForVotes(308)) - 99ec0913-bcd1-4774-8e53-643ce8734cf6@group-040B0BC54F08-LeaderElection29 ELECTION round 0: result PASSED (term=1)
2022-02-04 12:59:40,244 [99ec0913-bcd1-4774-8e53-643ce8734cf6@group-040B0BC54F08-LeaderElection29] INFO  impl.RoleInfo (RoleInfo.java:shutdownLeaderElection(121)) - 99ec0913-bcd1-4774-8e53-643ce8734cf6: shutdown 99ec0913-bcd1-4774-8e53-643ce8734cf6@group-040B0BC54F08-LeaderElection29
2022-02-04 12:59:40,244 [99ec0913-bcd1-4774-8e53-643ce8734cf6@group-040B0BC54F08-LeaderElection29] INFO  server.RaftServer$Division (RaftServerImpl.java:setRole(290)) - 99ec0913-bcd1-4774-8e53-643ce8734cf6@group-040B0BC54F08: changes role from CANDIDATE to LEADER at term 1 for changeToLeader
2022-02-04 12:59:40,244 [99ec0913-bcd1-4774-8e53-643ce8734cf6@group-040B0BC54F08-LeaderElection29] INFO  ratis.XceiverServerRatis (XceiverServerRatis.java:handleLeaderChangedNotification(866)) - Leader change notification received for group: group-040B0BC54F08 with new leaderId: 99ec0913-bcd1-4774-8e53-643ce8734cf6
2022-02-04 12:59:40,244 [99ec0913-bcd1-4774-8e53-643ce8734cf6@group-040B0BC54F08-LeaderElection29] INFO  server.RaftServer$Division (ServerState.java:setLeader(285)) - 99ec0913-bcd1-4774-8e53-643ce8734cf6@group-040B0BC54F08: change Leader from null to 99ec0913-bcd1-4774-8e53-643ce8734cf6 at term 1 for becomeLeader, leader elected after 5153ms
2022-02-04 12:59:40,244 [99ec0913-bcd1-4774-8e53-643ce8734cf6@group-040B0BC54F08-LeaderElection29] INFO  server.RaftServerConfigKeys (ConfUtils.java:logGet(44)) - raft.server.staging.catchup.gap = 1000 (default)
2022-02-04 12:59:40,244 [99ec0913-bcd1-4774-8e53-643ce8734cf6@group-040B0BC54F08-LeaderElection29] INFO  server.RaftServerConfigKeys (ConfUtils.java:logGet(44)) - raft.server.write.element-limit = 1024 (custom)
2022-02-04 12:59:40,244 [99ec0913-bcd1-4774-8e53-643ce8734cf6@group-040B0BC54F08-LeaderElection29] INFO  server.RaftServerConfigKeys (ConfUtils.java:logGet(44)) - raft.server.write.byte-limit = 1024 M (=1073741824) (custom)
2022-02-04 12:59:40,245 [99ec0913-bcd1-4774-8e53-643ce8734cf6@group-040B0BC54F08-LeaderElection29] INFO  server.RaftServerConfigKeys (ConfUtils.java:logGet(44)) - raft.server.watch.timeout = 180s (custom)
2022-02-04 12:59:40,245 [99ec0913-bcd1-4774-8e53-643ce8734cf6@group-040B0BC54F08-LeaderElection29] INFO  server.RaftServerConfigKeys (ConfUtils.java:logGet(44)) - raft.server.watch.timeout.denomination = 1s (default)
2022-02-04 12:59:40,245 [99ec0913-bcd1-4774-8e53-643ce8734cf6@group-040B0BC54F08-LeaderElection29] INFO  server.RaftServerConfigKeys (ConfUtils.java:logGet(44)) - raft.server.watch.element-limit = 65536 (default)
2022-02-04 12:59:40,245 [IPC Server handler 10 on default port 41383] WARN  node.SCMNodeManager (SCMNodeManager.java:processLayoutVersionReport(598)) - Data node fv-az116-891.vzw04321ajxubdbcnpick5nqva.xx.internal.cloudapp.net can not be used in any pipeline in the cluster. DataNode MetadataLayoutVersion = 0, SCM MetadataLayoutVersion = 2
2022-02-04 12:59:40,245 [99ec0913-bcd1-4774-8e53-643ce8734cf6@group-040B0BC54F08-LeaderElection29] INFO  server.RaftServerConfigKeys (ConfUtils.java:logGet(44)) - raft.server.write.element-limit = 1024 (custom)
2022-02-04 12:59:40,245 [99ec0913-bcd1-4774-8e53-643ce8734cf6@group-040B0BC54F08-LeaderElection29] INFO  server.RaftServerConfigKeys (ConfUtils.java:logGet(44)) - raft.server.write.follower.gap.ratio.max = -1.0 (default)
2022-02-04 12:59:40,245 [99ec0913-bcd1-4774-8e53-643ce8734cf6@group-040B0BC54F08-LeaderElection29] INFO  impl.RoleInfo (RoleInfo.java:updateAndGet(130)) - 99ec0913-bcd1-4774-8e53-643ce8734cf6: start 99ec0913-bcd1-4774-8e53-643ce8734cf6@group-040B0BC54F08-LeaderStateImpl
2022-02-04 12:59:40,246 [99ec0913-bcd1-4774-8e53-643ce8734cf6@group-040B0BC54F08-LeaderElection29] INFO  segmented.SegmentedRaftLogWorker (SegmentedRaftLogWorker.java:startLogSegment(394)) - 99ec0913-bcd1-4774-8e53-643ce8734cf6@group-040B0BC54F08-SegmentedRaftLogWorker: Starting segment from index:0
2022-02-04 12:59:40,246 [EventQueue-PipelineReportForPipelineReportHandler] INFO  pipeline.PipelineReportHandler (PipelineReportHandler.java:processPipelineReport(113)) - Reported pipeline PipelineID=ba81bbd6-36b2-4c25-8136-040b0bc54f08 is not found
2022-02-04 12:59:40,246 [EventQueue-PipelineReportForPipelineReportHandler] INFO  pipeline.PipelineReportHandler (PipelineReportHandler.java:processPipelineReport(113)) - Reported pipeline PipelineID=030b25f1-cf8a-46dd-8a11-f9713bc8cc04 is not found
2022-02-04 12:59:40,247 [EventQueue-PipelineReportForPipelineReportHandler] INFO  pipeline.PipelineReportHandler (PipelineReportHandler.java:processPipelineReport(113)) - Reported pipeline PipelineID=e44ca63e-d44e-44e5-99a0-3ff861dd1686 is not found
2022-02-04 12:59:40,247 [EventQueue-PipelineReportForPipelineReportHandler] INFO  pipeline.PipelineReportHandler (PipelineReportHandler.java:processPipelineReport(113)) - Reported pipeline PipelineID=9dfef911-82a6-4066-87a3-31b87afc2984 is not found
2022-02-04 12:59:40,248 [99ec0913-bcd1-4774-8e53-643ce8734cf6@group-040B0BC54F08-SegmentedRaftLogWorker] INFO  segmented.SegmentedRaftLogWorker (SegmentedRaftLogWorker.java:execute(601)) - 99ec0913-bcd1-4774-8e53-643ce8734cf6@group-040B0BC54F08-SegmentedRaftLogWorker: created new log segment /home/runner/work/ozone/ozone/hadoop-ozone/integration-test/target/test-dir/MiniOzoneClusterImpl-5b939f7d-2090-4c2b-bba9-fa55352059d6/datanode-0/data/ratis/ba81bbd6-36b2-4c25-8136-040b0bc54f08/current/log_inprogress_0
2022-02-04 12:59:40,254 [a6f0a267-e289-4b59-b54b-7c098cd4cf92@group-A207BA99A34F-FollowerState] INFO  impl.FollowerState (FollowerState.java:run(134)) - a6f0a267-e289-4b59-b54b-7c098cd4cf92@group-A207BA99A34F-FollowerState: change to CANDIDATE, lastRpcElapsedTime:5088640465ns, electionTimeout:5086ms
2022-02-04 12:59:40,254 [a6f0a267-e289-4b59-b54b-7c098cd4cf92@group-A207BA99A34F-FollowerState] INFO  impl.RoleInfo (RoleInfo.java:shutdownFollowerState(108)) - a6f0a267-e289-4b59-b54b-7c098cd4cf92: shutdown a6f0a267-e289-4b59-b54b-7c098cd4cf92@group-A207BA99A34F-FollowerState
2022-02-04 12:59:40,254 [a6f0a267-e289-4b59-b54b-7c098cd4cf92@group-A207BA99A34F-FollowerState] INFO  server.RaftServer$Division (RaftServerImpl.java:setRole(290)) - a6f0a267-e289-4b59-b54b-7c098cd4cf92@group-A207BA99A34F: changes role from  FOLLOWER to CANDIDATE at term 2 for changeToCandidate
2022-02-04 12:59:40,254 [a6f0a267-e289-4b59-b54b-7c098cd4cf92@group-A207BA99A34F-FollowerState] INFO  server.RaftServerConfigKeys (ConfUtils.java:logGet(44)) - raft.server.leaderelection.pre-vote = false (custom)
2022-02-04 12:59:40,254 [a6f0a267-e289-4b59-b54b-7c098cd4cf92@group-A207BA99A34F-FollowerState] INFO  impl.RoleInfo (RoleInfo.java:updateAndGet(130)) - a6f0a267-e289-4b59-b54b-7c098cd4cf92: start a6f0a267-e289-4b59-b54b-7c098cd4cf92@group-A207BA99A34F-LeaderElection30
2022-02-04 12:59:40,254 [99ec0913-bcd1-4774-8e53-643ce8734cf6@group-040B0BC54F08-LeaderElection29] INFO  server.RaftServer$Division (ServerState.java:setRaftConf(387)) - 99ec0913-bcd1-4774-8e53-643ce8734cf6@group-040B0BC54F08: set configuration 0: [99ec0913-bcd1-4774-8e53-643ce8734cf6|rpc:10.1.0.52:38161|dataStream:|priority:1], old=null
2022-02-04 12:59:40,260 [a6f0a267-e289-4b59-b54b-7c098cd4cf92@group-A207BA99A34F-LeaderElection30] INFO  impl.LeaderElection (LeaderElection.java:askForVotes(306)) - a6f0a267-e289-4b59-b54b-7c098cd4cf92@group-A207BA99A34F-LeaderElection30 ELECTION round 0: submit vote requests at term 3 for -1: [48509481-1279-4ab6-a4c6-c4d867ebe0e4|rpc:10.1.0.52:36155|dataStream:|priority:0, a6f0a267-e289-4b59-b54b-7c098cd4cf92|rpc:10.1.0.52:36247|dataStream:|priority:1, 77b2354b-f995-4356-b656-35090dbcfa7f|rpc:10.1.0.52:34321|dataStream:|priority:0], old=null
2022-02-04 12:59:40,269 [grpc-default-executor-0] INFO  server.RaftServer$Division (RaftServerImpl.java:requestVote(1046)) - 77b2354b-f995-4356-b656-35090dbcfa7f@group-A207BA99A34F: receive requestVote(ELECTION, a6f0a267-e289-4b59-b54b-7c098cd4cf92, group-A207BA99A34F, 3, (t:0, i:0))
2022-02-04 12:59:40,269 [grpc-default-executor-0] INFO  impl.VoteContext (VoteContext.java:log(48)) - 77b2354b-f995-4356-b656-35090dbcfa7f@group-A207BA99A34F-FOLLOWER: accept ELECTION from a6f0a267-e289-4b59-b54b-7c098cd4cf92: our priority 0 <= candidate's priority 1
2022-02-04 12:59:40,269 [grpc-default-executor-0] INFO  server.RaftServer$Division (RaftServerImpl.java:setRole(290)) - 77b2354b-f995-4356-b656-35090dbcfa7f@group-A207BA99A34F: changes role from  FOLLOWER to FOLLOWER at term 3 for candidate:a6f0a267-e289-4b59-b54b-7c098cd4cf92
2022-02-04 12:59:40,269 [grpc-default-executor-0] INFO  impl.RoleInfo (RoleInfo.java:shutdownFollowerState(108)) - 77b2354b-f995-4356-b656-35090dbcfa7f: shutdown 77b2354b-f995-4356-b656-35090dbcfa7f@group-A207BA99A34F-FollowerState
2022-02-04 12:59:40,269 [grpc-default-executor-0] INFO  impl.RoleInfo (RoleInfo.java:updateAndGet(130)) - 77b2354b-f995-4356-b656-35090dbcfa7f: start 77b2354b-f995-4356-b656-35090dbcfa7f@group-A207BA99A34F-FollowerState
2022-02-04 12:59:40,270 [77b2354b-f995-4356-b656-35090dbcfa7f@group-A207BA99A34F-FollowerState] INFO  impl.FollowerState (FollowerState.java:run(143)) - 77b2354b-f995-4356-b656-35090dbcfa7f@group-A207BA99A34F-FollowerState was interrupted: {}
java.lang.InterruptedException: sleep interrupted
	at java.lang.Thread.sleep(Native Method)
	at java.lang.Thread.sleep(Thread.java:340)
	at java.util.concurrent.TimeUnit.sleep(TimeUnit.java:386)
	at org.apache.ratis.util.TimeDuration.sleep(TimeDuration.java:324)
	at org.apache.ratis.util.TimeDuration.sleep(TimeDuration.java:309)
	at org.apache.ratis.server.impl.FollowerState.run(FollowerState.java:118)
2022-02-04 12:59:40,272 [grpc-default-executor-4] INFO  server.RaftServer$Division (RaftServerImpl.java:requestVote(1046)) - 48509481-1279-4ab6-a4c6-c4d867ebe0e4@group-A207BA99A34F: receive requestVote(ELECTION, a6f0a267-e289-4b59-b54b-7c098cd4cf92, group-A207BA99A34F, 3, (t:0, i:0))
2022-02-04 12:59:40,272 [grpc-default-executor-4] INFO  impl.VoteContext (VoteContext.java:log(48)) - 48509481-1279-4ab6-a4c6-c4d867ebe0e4@group-A207BA99A34F-FOLLOWER: accept ELECTION from a6f0a267-e289-4b59-b54b-7c098cd4cf92: our priority 0 <= candidate's priority 1
2022-02-04 12:59:40,272 [grpc-default-executor-4] INFO  server.RaftServer$Division (RaftServerImpl.java:setRole(290)) - 48509481-1279-4ab6-a4c6-c4d867ebe0e4@group-A207BA99A34F: changes role from  FOLLOWER to FOLLOWER at term 3 for candidate:a6f0a267-e289-4b59-b54b-7c098cd4cf92
2022-02-04 12:59:40,272 [grpc-default-executor-4] INFO  impl.RoleInfo (RoleInfo.java:shutdownFollowerState(108)) - 48509481-1279-4ab6-a4c6-c4d867ebe0e4: shutdown 48509481-1279-4ab6-a4c6-c4d867ebe0e4@group-A207BA99A34F-FollowerState
2022-02-04 12:59:40,279 [grpc-default-executor-4] INFO  impl.RoleInfo (RoleInfo.java:updateAndGet(130)) - 48509481-1279-4ab6-a4c6-c4d867ebe0e4: start 48509481-1279-4ab6-a4c6-c4d867ebe0e4@group-A207BA99A34F-FollowerState
2022-02-04 12:59:40,279 [48509481-1279-4ab6-a4c6-c4d867ebe0e4@group-A207BA99A34F-FollowerState] INFO  impl.FollowerState (FollowerState.java:run(143)) - 48509481-1279-4ab6-a4c6-c4d867ebe0e4@group-A207BA99A34F-FollowerState was interrupted: {}
java.lang.InterruptedException: sleep interrupted
	at java.lang.Thread.sleep(Native Method)
	at java.lang.Thread.sleep(Thread.java:340)
	at java.util.concurrent.TimeUnit.sleep(TimeUnit.java:386)
	at org.apache.ratis.util.TimeDuration.sleep(TimeDuration.java:324)
	at org.apache.ratis.util.TimeDuration.sleep(TimeDuration.java:309)
	at org.apache.ratis.server.impl.FollowerState.run(FollowerState.java:118)
2022-02-04 12:59:40,290 [grpc-default-executor-4] INFO  server.RaftServer$Division (RaftServerImpl.java:requestVote(1078)) - 48509481-1279-4ab6-a4c6-c4d867ebe0e4@group-A207BA99A34F replies to ELECTION vote request: a6f0a267-e289-4b59-b54b-7c098cd4cf92<-48509481-1279-4ab6-a4c6-c4d867ebe0e4#0:OK-t3. Peer's state: 48509481-1279-4ab6-a4c6-c4d867ebe0e4@group-A207BA99A34F:t3, leader=null, voted=a6f0a267-e289-4b59-b54b-7c098cd4cf92, raftlog=48509481-1279-4ab6-a4c6-c4d867ebe0e4@group-A207BA99A34F-SegmentedRaftLog:OPENED:c-1, conf=-1: [48509481-1279-4ab6-a4c6-c4d867ebe0e4|rpc:10.1.0.52:36155|dataStream:|priority:0, a6f0a267-e289-4b59-b54b-7c098cd4cf92|rpc:10.1.0.52:36247|dataStream:|priority:1, 77b2354b-f995-4356-b656-35090dbcfa7f|rpc:10.1.0.52:34321|dataStream:|priority:0], old=null
2022-02-04 12:59:40,290 [grpc-default-executor-0] INFO  server.RaftServer$Division (RaftServerImpl.java:requestVote(1078)) - 77b2354b-f995-4356-b656-35090dbcfa7f@group-A207BA99A34F replies to ELECTION vote request: a6f0a267-e289-4b59-b54b-7c098cd4cf92<-77b2354b-f995-4356-b656-35090dbcfa7f#0:OK-t3. Peer's state: 77b2354b-f995-4356-b656-35090dbcfa7f@group-A207BA99A34F:t3, leader=null, voted=a6f0a267-e289-4b59-b54b-7c098cd4cf92, raftlog=77b2354b-f995-4356-b656-35090dbcfa7f@group-A207BA99A34F-SegmentedRaftLog:OPENED:c-1, conf=-1: [48509481-1279-4ab6-a4c6-c4d867ebe0e4|rpc:10.1.0.52:36155|priority:0, a6f0a267-e289-4b59-b54b-7c098cd4cf92|rpc:10.1.0.52:36247|priority:1, 77b2354b-f995-4356-b656-35090dbcfa7f|rpc:10.1.0.52:34321|priority:0], old=null
2022-02-04 12:59:40,294 [a6f0a267-e289-4b59-b54b-7c098cd4cf92@group-A207BA99A34F-LeaderElection30] INFO  impl.LeaderElection (LeaderElection.java:logAndReturn(89)) - a6f0a267-e289-4b59-b54b-7c098cd4cf92@group-A207BA99A34F-LeaderElection30: ELECTION PASSED received 1 response(s) and 0 exception(s):
2022-02-04 12:59:40,294 [a6f0a267-e289-4b59-b54b-7c098cd4cf92@group-A207BA99A34F-LeaderElection30] INFO  impl.LeaderElection (LeaderElection.java:logAndReturn(93)) -   Response 0: a6f0a267-e289-4b59-b54b-7c098cd4cf92<-48509481-1279-4ab6-a4c6-c4d867ebe0e4#0:OK-t3
2022-02-04 12:59:40,294 [a6f0a267-e289-4b59-b54b-7c098cd4cf92@group-A207BA99A34F-LeaderElection30] INFO  impl.LeaderElection (LeaderElection.java:askForVotes(308)) - a6f0a267-e289-4b59-b54b-7c098cd4cf92@group-A207BA99A34F-LeaderElection30 ELECTION round 0: result PASSED
2022-02-04 12:59:40,294 [a6f0a267-e289-4b59-b54b-7c098cd4cf92@group-A207BA99A34F-LeaderElection30] INFO  impl.RoleInfo (RoleInfo.java:shutdownLeaderElection(121)) - a6f0a267-e289-4b59-b54b-7c098cd4cf92: shutdown a6f0a267-e289-4b59-b54b-7c098cd4cf92@group-A207BA99A34F-LeaderElection30
2022-02-04 12:59:40,294 [a6f0a267-e289-4b59-b54b-7c098cd4cf92@group-A207BA99A34F-LeaderElection30] INFO  server.RaftServer$Division (RaftServerImpl.java:setRole(290)) - a6f0a267-e289-4b59-b54b-7c098cd4cf92@group-A207BA99A34F: changes role from CANDIDATE to LEADER at term 3 for changeToLeader
2022-02-04 12:59:40,294 [a6f0a267-e289-4b59-b54b-7c098cd4cf92@group-A207BA99A34F-LeaderElection30] INFO  ratis.XceiverServerRatis (XceiverServerRatis.java:handleLeaderChangedNotification(866)) - Leader change notification received for group: group-A207BA99A34F with new leaderId: a6f0a267-e289-4b59-b54b-7c098cd4cf92
2022-02-04 12:59:40,294 [a6f0a267-e289-4b59-b54b-7c098cd4cf92@group-A207BA99A34F-LeaderElection30] INFO  server.RaftServer$Division (ServerState.java:setLeader(285)) - a6f0a267-e289-4b59-b54b-7c098cd4cf92@group-A207BA99A34F: change Leader from null to a6f0a267-e289-4b59-b54b-7c098cd4cf92 at term 3 for becomeLeader, leader elected after 15430ms
2022-02-04 12:59:40,294 [a6f0a267-e289-4b59-b54b-7c098cd4cf92@group-A207BA99A34F-LeaderElection30] INFO  server.RaftServerConfigKeys (ConfUtils.java:logGet(44)) - raft.server.staging.catchup.gap = 1000 (default)
2022-02-04 12:59:40,295 [a6f0a267-e289-4b59-b54b-7c098cd4cf92@group-A207BA99A34F-LeaderElection30] INFO  server.RaftServerConfigKeys (ConfUtils.java:logGet(44)) - raft.server.write.element-limit = 1024 (custom)
2022-02-04 12:59:40,295 [a6f0a267-e289-4b59-b54b-7c098cd4cf92@group-A207BA99A34F-LeaderElection30] INFO  server.RaftServerConfigKeys (ConfUtils.java:logGet(44)) - raft.server.write.byte-limit = 1024 M (=1073741824) (custom)
2022-02-04 12:59:40,295 [a6f0a267-e289-4b59-b54b-7c098cd4cf92@group-A207BA99A34F-LeaderElection30] INFO  server.RaftServerConfigKeys (ConfUtils.java:logGet(44)) - raft.server.watch.timeout = 180s (custom)
2022-02-04 12:59:40,295 [a6f0a267-e289-4b59-b54b-7c098cd4cf92@group-A207BA99A34F-LeaderElection30] INFO  server.RaftServerConfigKeys (ConfUtils.java:logGet(44)) - raft.server.watch.timeout.denomination = 1s (default)
2022-02-04 12:59:40,295 [a6f0a267-e289-4b59-b54b-7c098cd4cf92@group-A207BA99A34F-LeaderElection30] INFO  server.RaftServerConfigKeys (ConfUtils.java:logGet(44)) - raft.server.watch.element-limit = 65536 (default)
2022-02-04 12:59:40,295 [a6f0a267-e289-4b59-b54b-7c098cd4cf92@group-A207BA99A34F-LeaderElection30] INFO  server.RaftServerConfigKeys (ConfUtils.java:logGet(44)) - raft.server.write.element-limit = 1024 (custom)
2022-02-04 12:59:40,295 [a6f0a267-e289-4b59-b54b-7c098cd4cf92@group-A207BA99A34F-LeaderElection30] INFO  server.RaftServerConfigKeys (ConfUtils.java:logGet(44)) - raft.server.write.follower.gap.ratio.max = -1.0 (default)
2022-02-04 12:59:40,295 [a6f0a267-e289-4b59-b54b-7c098cd4cf92@group-A207BA99A34F-LeaderElection30] INFO  server.RaftServerConfigKeys (ConfUtils.java:logGet(44)) - raft.server.log.appender.snapshot.chunk.size.max = 16MB (=16777216) (default)
2022-02-04 12:59:40,295 [a6f0a267-e289-4b59-b54b-7c098cd4cf92@group-A207BA99A34F-LeaderElection30] INFO  server.RaftServerConfigKeys (ConfUtils.java:logGet(44)) - raft.server.log.appender.buffer.byte-limit = 33554432 (custom)
2022-02-04 12:59:40,295 [a6f0a267-e289-4b59-b54b-7c098cd4cf92@group-A207BA99A34F-LeaderElection30] INFO  server.RaftServerConfigKeys (ConfUtils.java:logGet(44)) - raft.server.log.appender.buffer.element-limit = 1 (custom)
2022-02-04 12:59:40,295 [a6f0a267-e289-4b59-b54b-7c098cd4cf92@group-A207BA99A34F-LeaderElection30] INFO  grpc.GrpcConfigKeys (ConfUtils.java:logGet(44)) - raft.grpc.server.leader.outstanding.appends.max = 128 (default)
2022-02-04 12:59:40,296 [a6f0a267-e289-4b59-b54b-7c098cd4cf92@group-A207BA99A34F-LeaderElection30] INFO  server.RaftServerConfigKeys (ConfUtils.java:logGet(44)) - raft.server.rpc.request.timeout = 60s (custom)
2022-02-04 12:59:40,296 [a6f0a267-e289-4b59-b54b-7c098cd4cf92@group-A207BA99A34F-LeaderElection30] INFO  server.RaftServerConfigKeys (ConfUtils.java:logGet(44)) - raft.server.log.appender.install.snapshot.enabled = false (custom)
2022-02-04 12:59:40,296 [a6f0a267-e289-4b59-b54b-7c098cd4cf92@group-A207BA99A34F-LeaderElection30] INFO  server.RaftServerConfigKeys (ConfUtils.java:logGet(44)) - raft.server.log.appender.snapshot.chunk.size.max = 16MB (=16777216) (default)
2022-02-04 12:59:40,296 [a6f0a267-e289-4b59-b54b-7c098cd4cf92@group-A207BA99A34F-LeaderElection30] INFO  server.RaftServerConfigKeys (ConfUtils.java:logGet(44)) - raft.server.log.appender.buffer.byte-limit = 33554432 (custom)
2022-02-04 12:59:40,296 [a6f0a267-e289-4b59-b54b-7c098cd4cf92@group-A207BA99A34F-LeaderElection30] INFO  server.RaftServerConfigKeys (ConfUtils.java:logGet(44)) - raft.server.log.appender.buffer.element-limit = 1 (custom)
2022-02-04 12:59:40,297 [a6f0a267-e289-4b59-b54b-7c098cd4cf92@group-A207BA99A34F-LeaderElection30] INFO  grpc.GrpcConfigKeys (ConfUtils.java:logGet(44)) - raft.grpc.server.leader.outstanding.appends.max = 128 (default)
2022-02-04 12:59:40,297 [a6f0a267-e289-4b59-b54b-7c098cd4cf92@group-A207BA99A34F-LeaderElection30] INFO  server.RaftServerConfigKeys (ConfUtils.java:logGet(44)) - raft.server.rpc.request.timeout = 60s (custom)
2022-02-04 12:59:40,297 [a6f0a267-e289-4b59-b54b-7c098cd4cf92@group-A207BA99A34F-LeaderElection30] INFO  server.RaftServerConfigKeys (ConfUtils.java:logGet(44)) - raft.server.log.appender.install.snapshot.enabled = false (custom)
2022-02-04 12:59:40,301 [EventQueue-PipelineReportForPipelineReportHandler] INFO  pipeline.PipelineManagerImpl (PipelineManagerImpl.java:openPipeline(291)) - Pipeline Pipeline[ Id: 6e1a1ab3-f731-4155-a709-a207ba99a34f, Nodes: a6f0a267-e289-4b59-b54b-7c098cd4cf92{ip: 10.1.0.52, host: fv-az116-891.vzw04321ajxubdbcnpick5nqva.xx.internal.cloudapp.net, ports: [REPLICATION=41385, RATIS=36247, RATIS_ADMIN=36247, RATIS_SERVER=36247, STANDALONE=46379], networkLocation: /default-rack, certSerialId: null, persistedOpState: IN_SERVICE, persistedOpStateExpiryEpochSec: 0}48509481-1279-4ab6-a4c6-c4d867ebe0e4{ip: 10.1.0.52, host: fv-az116-891.vzw04321ajxubdbcnpick5nqva.xx.internal.cloudapp.net, ports: [REPLICATION=33785, RATIS=36155, RATIS_ADMIN=36155, RATIS_SERVER=36155, STANDALONE=38345], networkLocation: /default-rack, certSerialId: null, persistedOpState: IN_SERVICE, persistedOpStateExpiryEpochSec: 0}77b2354b-f995-4356-b656-35090dbcfa7f{ip: 10.1.0.52, host: fv-az116-891.vzw04321ajxubdbcnpick5nqva.xx.internal.cloudapp.net, ports: [REPLICATION=46537, RATIS=34321, RATIS_ADMIN=34321, RATIS_SERVER=34321, STANDALONE=34753], networkLocation: /default-rack, certSerialId: null, persistedOpState: IN_SERVICE, persistedOpStateExpiryEpochSec: 0}, ReplicationConfig: RATIS/THREE, State:ALLOCATED, leaderId:a6f0a267-e289-4b59-b54b-7c098cd4cf92, CreationTimestamp2022-02-04T12:59:22.217Z[Etc/UTC]] moved to OPEN state
2022-02-04 12:59:40,302 [EventQueue-OpenPipelineForHealthyPipelineSafeModeRule] INFO  safemode.SCMSafeModeManager (HealthyPipelineSafeModeRule.java:process(124)) - SCM in safe mode. Healthy pipelines reported count is 1, required healthy pipeline reported count is 1
2022-02-04 12:59:40,302 [EventQueue-OpenPipelineForHealthyPipelineSafeModeRule] INFO  safemode.SCMSafeModeManager (SCMSafeModeManager.java:validateSafeModeExitRules(204)) - HealthyPipelineSafeModeRule rule is successfully validated
2022-02-04 12:59:40,302 [EventQueue-OpenPipelineForHealthyPipelineSafeModeRule] INFO  safemode.SCMSafeModeManager (SCMSafeModeManager.java:validateSafeModeExitRules(219)) - ScmSafeModeManager, all rules are successfully validated
2022-02-04 12:59:40,302 [EventQueue-OpenPipelineForHealthyPipelineSafeModeRule] INFO  safemode.SCMSafeModeManager (SCMSafeModeManager.java:exitSafeMode(248)) - SCM exiting safe mode.
2022-02-04 12:59:40,302 [EventQueue-OpenPipelineForHealthyPipelineSafeModeRule] WARN  events.EventQueue (EventQueue.java:fireEvent(194)) - No event handler registered for event TypedEvent{payloadType=SafeModeStatus, name='Safe mode status'}
2022-02-04 12:59:40,302 [EventQueue-OpenPipelineForHealthyPipelineSafeModeRule] INFO  ha.SCMContext (SCMContext.java:updateSafeModeStatus(211)) - Update SafeModeStatus from SafeModeStatus{safeModeStatus=true, preCheckPassed=true} to SafeModeStatus{safeModeStatus=false, preCheckPassed=true}.
2022-02-04 12:59:40,302 [EventQueue-OpenPipelineForHealthyPipelineSafeModeRule] INFO  pipeline.BackgroundPipelineCreator (BackgroundPipelineCreator.java:notifyStatusChanged(264)) - Service BackgroundPipelineCreator transitions to RUNNING.
2022-02-04 12:59:40,302 [EventQueue-OpenPipelineForHealthyPipelineSafeModeRule] INFO  container.ReplicationManager (ReplicationManager.java:notifyStatusChanged(1807)) - Service ReplicationManager transitions to RUNNING.
2022-02-04 12:59:40,303 [a6f0a267-e289-4b59-b54b-7c098cd4cf92@group-A207BA99A34F-LeaderElection30] INFO  impl.RoleInfo (RoleInfo.java:updateAndGet(130)) - a6f0a267-e289-4b59-b54b-7c098cd4cf92: start a6f0a267-e289-4b59-b54b-7c098cd4cf92@group-A207BA99A34F-LeaderStateImpl
2022-02-04 12:59:40,303 [a6f0a267-e289-4b59-b54b-7c098cd4cf92@group-A207BA99A34F-LeaderElection30] INFO  segmented.SegmentedRaftLogWorker (SegmentedRaftLogWorker.java:startLogSegment(394)) - a6f0a267-e289-4b59-b54b-7c098cd4cf92@group-A207BA99A34F-SegmentedRaftLogWorker: Starting segment from index:0
2022-02-04 12:59:40,307 [a6f0a267-e289-4b59-b54b-7c098cd4cf92@group-A207BA99A34F-SegmentedRaftLogWorker] INFO  segmented.SegmentedRaftLogWorker (SegmentedRaftLogWorker.java:execute(601)) - a6f0a267-e289-4b59-b54b-7c098cd4cf92@group-A207BA99A34F-SegmentedRaftLogWorker: created new log segment /home/runner/work/ozone/ozone/hadoop-ozone/integration-test/target/test-dir/MiniOzoneClusterImpl-503825c1-f507-478e-a8da-8e65ca68fc38/datanode-1/data/ratis/6e1a1ab3-f731-4155-a709-a207ba99a34f/current/log_inprogress_0
2022-02-04 12:59:40,322 [grpc-default-executor-0] INFO  ratis.XceiverServerRatis (XceiverServerRatis.java:handleLeaderChangedNotification(866)) - Leader change notification received for group: group-A207BA99A34F with new leaderId: a6f0a267-e289-4b59-b54b-7c098cd4cf92
2022-02-04 12:59:40,322 [grpc-default-executor-0] INFO  server.RaftServer$Division (ServerState.java:setLeader(285)) - 77b2354b-f995-4356-b656-35090dbcfa7f@group-A207BA99A34F: change Leader from null to a6f0a267-e289-4b59-b54b-7c098cd4cf92 at term 3 for appendEntries, leader elected after 15506ms
2022-02-04 12:59:40,326 [grpc-default-executor-4] INFO  ratis.XceiverServerRatis (XceiverServerRatis.java:handleLeaderChangedNotification(866)) - Leader change notification received for group: group-A207BA99A34F with new leaderId: a6f0a267-e289-4b59-b54b-7c098cd4cf92
2022-02-04 12:59:40,326 [grpc-default-executor-4] INFO  server.RaftServer$Division (ServerState.java:setLeader(285)) - 48509481-1279-4ab6-a4c6-c4d867ebe0e4@group-A207BA99A34F: change Leader from null to a6f0a267-e289-4b59-b54b-7c098cd4cf92 at term 3 for appendEntries, leader elected after 15423ms
2022-02-04 12:59:40,334 [a6f0a267-e289-4b59-b54b-7c098cd4cf92@group-A207BA99A34F-LeaderElection30] INFO  server.RaftServer$Division (ServerState.java:setRaftConf(387)) - a6f0a267-e289-4b59-b54b-7c098cd4cf92@group-A207BA99A34F: set configuration 0: [48509481-1279-4ab6-a4c6-c4d867ebe0e4|rpc:10.1.0.52:36155|dataStream:|priority:0, a6f0a267-e289-4b59-b54b-7c098cd4cf92|rpc:10.1.0.52:36247|dataStream:|priority:1, 77b2354b-f995-4356-b656-35090dbcfa7f|rpc:10.1.0.52:34321|dataStream:|priority:0], old=null
2022-02-04 12:59:40,334 [grpc-default-executor-0] INFO  server.RaftServer$Division (ServerState.java:setRaftConf(387)) - 77b2354b-f995-4356-b656-35090dbcfa7f@group-A207BA99A34F: set configuration 0: [48509481-1279-4ab6-a4c6-c4d867ebe0e4|rpc:10.1.0.52:36155|dataStream:|priority:0, a6f0a267-e289-4b59-b54b-7c098cd4cf92|rpc:10.1.0.52:36247|dataStream:|priority:1, 77b2354b-f995-4356-b656-35090dbcfa7f|rpc:10.1.0.52:34321|dataStream:|priority:0], old=null
2022-02-04 12:59:40,334 [grpc-default-executor-0] INFO  segmented.SegmentedRaftLogWorker (SegmentedRaftLogWorker.java:startLogSegment(394)) - 77b2354b-f995-4356-b656-35090dbcfa7f@group-A207BA99A34F-SegmentedRaftLogWorker: Starting segment from index:0
2022-02-04 12:59:40,336 [77b2354b-f995-4356-b656-35090dbcfa7f@group-A207BA99A34F-SegmentedRaftLogWorker] INFO  segmented.SegmentedRaftLogWorker (SegmentedRaftLogWorker.java:execute(601)) - 77b2354b-f995-4356-b656-35090dbcfa7f@group-A207BA99A34F-SegmentedRaftLogWorker: created new log segment /home/runner/work/ozone/ozone/hadoop-ozone/integration-test/target/test-dir/MiniOzoneClusterImpl-503825c1-f507-478e-a8da-8e65ca68fc38/datanode-0/data/ratis/6e1a1ab3-f731-4155-a709-a207ba99a34f/current/log_inprogress_0
2022-02-04 12:59:40,340 [cd33ab12-5c76-4090-ae9e-f8dc2a96321d@group-3FF861DD1686-FollowerState] INFO  impl.FollowerState (FollowerState.java:run(134)) - cd33ab12-5c76-4090-ae9e-f8dc2a96321d@group-3FF861DD1686-FollowerState: change to CANDIDATE, lastRpcElapsedTime:5123133254ns, electionTimeout:5112ms
2022-02-04 12:59:40,341 [cd33ab12-5c76-4090-ae9e-f8dc2a96321d@group-3FF861DD1686-FollowerState] INFO  impl.RoleInfo (RoleInfo.java:shutdownFollowerState(108)) - cd33ab12-5c76-4090-ae9e-f8dc2a96321d: shutdown cd33ab12-5c76-4090-ae9e-f8dc2a96321d@group-3FF861DD1686-FollowerState
2022-02-04 12:59:40,341 [cd33ab12-5c76-4090-ae9e-f8dc2a96321d@group-3FF861DD1686-FollowerState] INFO  server.RaftServer$Division (RaftServerImpl.java:setRole(290)) - cd33ab12-5c76-4090-ae9e-f8dc2a96321d@group-3FF861DD1686: changes role from  FOLLOWER to CANDIDATE at term 0 for changeToCandidate
2022-02-04 12:59:40,344 [cd33ab12-5c76-4090-ae9e-f8dc2a96321d@group-3FF861DD1686-FollowerState] INFO  server.RaftServerConfigKeys (ConfUtils.java:logGet(44)) - raft.server.leaderelection.pre-vote = false (custom)
2022-02-04 12:59:40,344 [cd33ab12-5c76-4090-ae9e-f8dc2a96321d@group-3FF861DD1686-FollowerState] INFO  impl.RoleInfo (RoleInfo.java:updateAndGet(130)) - cd33ab12-5c76-4090-ae9e-f8dc2a96321d: start cd33ab12-5c76-4090-ae9e-f8dc2a96321d@group-3FF861DD1686-LeaderElection31
2022-02-04 12:59:40,353 [grpc-default-executor-4] INFO  server.RaftServer$Division (ServerState.java:setRaftConf(387)) - 48509481-1279-4ab6-a4c6-c4d867ebe0e4@group-A207BA99A34F: set configuration 0: [48509481-1279-4ab6-a4c6-c4d867ebe0e4|rpc:10.1.0.52:36155|dataStream:|priority:0, a6f0a267-e289-4b59-b54b-7c098cd4cf92|rpc:10.1.0.52:36247|dataStream:|priority:1, 77b2354b-f995-4356-b656-35090dbcfa7f|rpc:10.1.0.52:34321|dataStream:|priority:0], old=null
2022-02-04 12:59:40,354 [grpc-default-executor-4] INFO  segmented.SegmentedRaftLogWorker (SegmentedRaftLogWorker.java:startLogSegment(394)) - 48509481-1279-4ab6-a4c6-c4d867ebe0e4@group-A207BA99A34F-SegmentedRaftLogWorker: Starting segment from index:0
2022-02-04 12:59:40,354 [99ec0913-bcd1-4774-8e53-643ce8734cf6@group-3FF861DD1686-FollowerState] INFO  impl.FollowerState (FollowerState.java:run(134)) - 99ec0913-bcd1-4774-8e53-643ce8734cf6@group-3FF861DD1686-FollowerState: change to CANDIDATE, lastRpcElapsedTime:5165513539ns, electionTimeout:5155ms
2022-02-04 12:59:40,355 [99ec0913-bcd1-4774-8e53-643ce8734cf6@group-3FF861DD1686-FollowerState] INFO  impl.RoleInfo (RoleInfo.java:shutdownFollowerState(108)) - 99ec0913-bcd1-4774-8e53-643ce8734cf6: shutdown 99ec0913-bcd1-4774-8e53-643ce8734cf6@group-3FF861DD1686-FollowerState
2022-02-04 12:59:40,355 [99ec0913-bcd1-4774-8e53-643ce8734cf6@group-3FF861DD1686-FollowerState] INFO  server.RaftServer$Division (RaftServerImpl.java:setRole(290)) - 99ec0913-bcd1-4774-8e53-643ce8734cf6@group-3FF861DD1686: changes role from  FOLLOWER to CANDIDATE at term 0 for changeToCandidate
2022-02-04 12:59:40,355 [99ec0913-bcd1-4774-8e53-643ce8734cf6@group-3FF861DD1686-FollowerState] INFO  server.RaftServerConfigKeys (ConfUtils.java:logGet(44)) - raft.server.leaderelection.pre-vote = false (custom)
2022-02-04 12:59:40,355 [99ec0913-bcd1-4774-8e53-643ce8734cf6@group-3FF861DD1686-FollowerState] INFO  impl.RoleInfo (RoleInfo.java:updateAndGet(130)) - 99ec0913-bcd1-4774-8e53-643ce8734cf6: start 99ec0913-bcd1-4774-8e53-643ce8734cf6@group-3FF861DD1686-LeaderElection32
2022-02-04 12:59:40,360 [48509481-1279-4ab6-a4c6-c4d867ebe0e4@group-A207BA99A34F-SegmentedRaftLogWorker] INFO  segmented.SegmentedRaftLogWorker (SegmentedRaftLogWorker.java:execute(601)) - 48509481-1279-4ab6-a4c6-c4d867ebe0e4@group-A207BA99A34F-SegmentedRaftLogWorker: created new log segment /home/runner/work/ozone/ozone/hadoop-ozone/integration-test/target/test-dir/MiniOzoneClusterImpl-503825c1-f507-478e-a8da-8e65ca68fc38/datanode-2/data/ratis/6e1a1ab3-f731-4155-a709-a207ba99a34f/current/log_inprogress_0
2022-02-04 12:59:40,362 [cd33ab12-5c76-4090-ae9e-f8dc2a96321d@group-3FF861DD1686-LeaderElection31] INFO  impl.LeaderElection (LeaderElection.java:askForVotes(306)) - cd33ab12-5c76-4090-ae9e-f8dc2a96321d@group-3FF861DD1686-LeaderElection31 ELECTION round 0: submit vote requests at term 1 for -1: [99ec0913-bcd1-4774-8e53-643ce8734cf6|rpc:10.1.0.52:38161|priority:1, 4dd803c0-ea86-48ec-b5c9-2601c1b23b4d|rpc:10.1.0.52:34153|priority:0, cd33ab12-5c76-4090-ae9e-f8dc2a96321d|rpc:10.1.0.52:40103|priority:0], old=null
2022-02-04 12:59:40,370 [grpc-default-executor-0] INFO  server.RaftServer$Division (RaftServerImpl.java:requestVote(1046)) - 99ec0913-bcd1-4774-8e53-643ce8734cf6@group-3FF861DD1686: receive requestVote(ELECTION, cd33ab12-5c76-4090-ae9e-f8dc2a96321d, group-3FF861DD1686, 1, (t:0, i:0))
2022-02-04 12:59:40,371 [grpc-default-executor-1] INFO  server.RaftServer$Division (RaftServerImpl.java:requestVote(1046)) - 4dd803c0-ea86-48ec-b5c9-2601c1b23b4d@group-3FF861DD1686: receive requestVote(ELECTION, cd33ab12-5c76-4090-ae9e-f8dc2a96321d, group-3FF861DD1686, 1, (t:0, i:0))
2022-02-04 12:59:40,371 [grpc-default-executor-1] INFO  impl.VoteContext (VoteContext.java:log(48)) - 4dd803c0-ea86-48ec-b5c9-2601c1b23b4d@group-3FF861DD1686-FOLLOWER: accept ELECTION from cd33ab12-5c76-4090-ae9e-f8dc2a96321d: our priority 0 <= candidate's priority 0
2022-02-04 12:59:40,371 [grpc-default-executor-1] INFO  server.RaftServer$Division (RaftServerImpl.java:setRole(290)) - 4dd803c0-ea86-48ec-b5c9-2601c1b23b4d@group-3FF861DD1686: changes role from  FOLLOWER to FOLLOWER at term 1 for candidate:cd33ab12-5c76-4090-ae9e-f8dc2a96321d
2022-02-04 12:59:40,371 [grpc-default-executor-1] INFO  impl.RoleInfo (RoleInfo.java:shutdownFollowerState(108)) - 4dd803c0-ea86-48ec-b5c9-2601c1b23b4d: shutdown 4dd803c0-ea86-48ec-b5c9-2601c1b23b4d@group-3FF861DD1686-FollowerState
2022-02-04 12:59:40,378 [grpc-default-executor-1] INFO  impl.RoleInfo (RoleInfo.java:updateAndGet(130)) - 4dd803c0-ea86-48ec-b5c9-2601c1b23b4d: start 4dd803c0-ea86-48ec-b5c9-2601c1b23b4d@group-3FF861DD1686-FollowerState
2022-02-04 12:59:40,378 [4dd803c0-ea86-48ec-b5c9-2601c1b23b4d@group-3FF861DD1686-FollowerState] INFO  impl.FollowerState (FollowerState.java:run(143)) - 4dd803c0-ea86-48ec-b5c9-2601c1b23b4d@group-3FF861DD1686-FollowerState was interrupted: {}
java.lang.InterruptedException: sleep interrupted
	at java.lang.Thread.sleep(Native Method)
	at java.lang.Thread.sleep(Thread.java:340)
	at java.util.concurrent.TimeUnit.sleep(TimeUnit.java:386)
	at org.apache.ratis.util.TimeDuration.sleep(TimeDuration.java:324)
	at org.apache.ratis.util.TimeDuration.sleep(TimeDuration.java:309)
	at org.apache.ratis.server.impl.FollowerState.run(FollowerState.java:118)
2022-02-04 12:59:40,386 [99ec0913-bcd1-4774-8e53-643ce8734cf6@group-3FF861DD1686-LeaderElection32] INFO  impl.LeaderElection (LeaderElection.java:askForVotes(306)) - 99ec0913-bcd1-4774-8e53-643ce8734cf6@group-3FF861DD1686-LeaderElection32 ELECTION round 0: submit vote requests at term 1 for -1: [99ec0913-bcd1-4774-8e53-643ce8734cf6|rpc:10.1.0.52:38161|priority:1, 4dd803c0-ea86-48ec-b5c9-2601c1b23b4d|rpc:10.1.0.52:34153|priority:0, cd33ab12-5c76-4090-ae9e-f8dc2a96321d|rpc:10.1.0.52:40103|priority:0], old=null
2022-02-04 12:59:40,386 [grpc-default-executor-0] INFO  impl.VoteContext (VoteContext.java:log(48)) - 99ec0913-bcd1-4774-8e53-643ce8734cf6@group-3FF861DD1686-CANDIDATE: reject ELECTION from cd33ab12-5c76-4090-ae9e-f8dc2a96321d: already has voted for 99ec0913-bcd1-4774-8e53-643ce8734cf6 at current term 1
2022-02-04 12:59:40,386 [grpc-default-executor-0] INFO  server.RaftServer$Division (RaftServerImpl.java:requestVote(1078)) - 99ec0913-bcd1-4774-8e53-643ce8734cf6@group-3FF861DD1686 replies to ELECTION vote request: cd33ab12-5c76-4090-ae9e-f8dc2a96321d<-99ec0913-bcd1-4774-8e53-643ce8734cf6#0:FAIL-t1. Peer's state: 99ec0913-bcd1-4774-8e53-643ce8734cf6@group-3FF861DD1686:t1, leader=null, voted=99ec0913-bcd1-4774-8e53-643ce8734cf6, raftlog=99ec0913-bcd1-4774-8e53-643ce8734cf6@group-3FF861DD1686-SegmentedRaftLog:OPENED:c-1, conf=-1: [99ec0913-bcd1-4774-8e53-643ce8734cf6|rpc:10.1.0.52:38161|priority:1, 4dd803c0-ea86-48ec-b5c9-2601c1b23b4d|rpc:10.1.0.52:34153|priority:0, cd33ab12-5c76-4090-ae9e-f8dc2a96321d|rpc:10.1.0.52:40103|priority:0], old=null
2022-02-04 12:59:40,391 [cd33ab12-5c76-4090-ae9e-f8dc2a96321d@group-3FF861DD1686-LeaderElection31] INFO  impl.LeaderElection (LeaderElection.java:logAndReturn(89)) - cd33ab12-5c76-4090-ae9e-f8dc2a96321d@group-3FF861DD1686-LeaderElection31: ELECTION REJECTED received 1 response(s) and 0 exception(s):
2022-02-04 12:59:40,391 [cd33ab12-5c76-4090-ae9e-f8dc2a96321d@group-3FF861DD1686-LeaderElection31] INFO  impl.LeaderElection (LeaderElection.java:logAndReturn(93)) -   Response 0: cd33ab12-5c76-4090-ae9e-f8dc2a96321d<-99ec0913-bcd1-4774-8e53-643ce8734cf6#0:FAIL-t1
2022-02-04 12:59:40,391 [cd33ab12-5c76-4090-ae9e-f8dc2a96321d@group-3FF861DD1686-LeaderElection31] INFO  impl.LeaderElection (LeaderElection.java:askForVotes(308)) - cd33ab12-5c76-4090-ae9e-f8dc2a96321d@group-3FF861DD1686-LeaderElection31 ELECTION round 0: result REJECTED
2022-02-04 12:59:40,391 [cd33ab12-5c76-4090-ae9e-f8dc2a96321d@group-3FF861DD1686-LeaderElection31] INFO  server.RaftServer$Division (RaftServerImpl.java:setRole(290)) - cd33ab12-5c76-4090-ae9e-f8dc2a96321d@group-3FF861DD1686: changes role from CANDIDATE to FOLLOWER at term 1 for REJECTED
2022-02-04 12:59:40,391 [cd33ab12-5c76-4090-ae9e-f8dc2a96321d@group-3FF861DD1686-LeaderElection31] INFO  impl.RoleInfo (RoleInfo.java:shutdownLeaderElection(121)) - cd33ab12-5c76-4090-ae9e-f8dc2a96321d: shutdown cd33ab12-5c76-4090-ae9e-f8dc2a96321d@group-3FF861DD1686-LeaderElection31
2022-02-04 12:59:40,391 [cd33ab12-5c76-4090-ae9e-f8dc2a96321d@group-3FF861DD1686-LeaderElection31] INFO  impl.RoleInfo (RoleInfo.java:updateAndGet(130)) - cd33ab12-5c76-4090-ae9e-f8dc2a96321d: start cd33ab12-5c76-4090-ae9e-f8dc2a96321d@group-3FF861DD1686-FollowerState
2022-02-04 12:59:40,392 [grpc-default-executor-0] INFO  server.RaftServer$Division (RaftServerImpl.java:requestVote(1046)) - 4dd803c0-ea86-48ec-b5c9-2601c1b23b4d@group-3FF861DD1686: receive requestVote(ELECTION, 99ec0913-bcd1-4774-8e53-643ce8734cf6, group-3FF861DD1686, 1, (t:0, i:0))
2022-02-04 12:59:40,401 [grpc-default-executor-1] INFO  server.RaftServer$Division (RaftServerImpl.java:requestVote(1078)) - 4dd803c0-ea86-48ec-b5c9-2601c1b23b4d@group-3FF861DD1686 replies to ELECTION vote request: cd33ab12-5c76-4090-ae9e-f8dc2a96321d<-4dd803c0-ea86-48ec-b5c9-2601c1b23b4d#0:OK-t1. Peer's state: 4dd803c0-ea86-48ec-b5c9-2601c1b23b4d@group-3FF861DD1686:t1, leader=null, voted=cd33ab12-5c76-4090-ae9e-f8dc2a96321d, raftlog=4dd803c0-ea86-48ec-b5c9-2601c1b23b4d@group-3FF861DD1686-SegmentedRaftLog:OPENED:c-1, conf=-1: [99ec0913-bcd1-4774-8e53-643ce8734cf6|rpc:10.1.0.52:38161|dataStream:|priority:1, 4dd803c0-ea86-48ec-b5c9-2601c1b23b4d|rpc:10.1.0.52:34153|dataStream:|priority:0, cd33ab12-5c76-4090-ae9e-f8dc2a96321d|rpc:10.1.0.52:40103|dataStream:|priority:0], old=null
2022-02-04 12:59:40,402 [grpc-default-executor-0] INFO  impl.VoteContext (VoteContext.java:log(48)) - 4dd803c0-ea86-48ec-b5c9-2601c1b23b4d@group-3FF861DD1686-FOLLOWER: reject ELECTION from 99ec0913-bcd1-4774-8e53-643ce8734cf6: already has voted for cd33ab12-5c76-4090-ae9e-f8dc2a96321d at current term 1
2022-02-04 12:59:40,403 [grpc-default-executor-0] INFO  server.RaftServer$Division (RaftServerImpl.java:requestVote(1078)) - 4dd803c0-ea86-48ec-b5c9-2601c1b23b4d@group-3FF861DD1686 replies to ELECTION vote request: 99ec0913-bcd1-4774-8e53-643ce8734cf6<-4dd803c0-ea86-48ec-b5c9-2601c1b23b4d#0:FAIL-t1. Peer's state: 4dd803c0-ea86-48ec-b5c9-2601c1b23b4d@group-3FF861DD1686:t1, leader=null, voted=cd33ab12-5c76-4090-ae9e-f8dc2a96321d, raftlog=4dd803c0-ea86-48ec-b5c9-2601c1b23b4d@group-3FF861DD1686-SegmentedRaftLog:OPENED:c-1, conf=-1: [99ec0913-bcd1-4774-8e53-643ce8734cf6|rpc:10.1.0.52:38161|dataStream:|priority:1, 4dd803c0-ea86-48ec-b5c9-2601c1b23b4d|rpc:10.1.0.52:34153|dataStream:|priority:0, cd33ab12-5c76-4090-ae9e-f8dc2a96321d|rpc:10.1.0.52:40103|dataStream:|priority:0], old=null
2022-02-04 12:59:40,404 [grpc-default-executor-1] INFO  server.RaftServer$Division (RaftServerImpl.java:requestVote(1046)) - cd33ab12-5c76-4090-ae9e-f8dc2a96321d@group-3FF861DD1686: receive requestVote(ELECTION, 99ec0913-bcd1-4774-8e53-643ce8734cf6, group-3FF861DD1686, 1, (t:0, i:0))
2022-02-04 12:59:40,404 [grpc-default-executor-1] INFO  impl.VoteContext (VoteContext.java:log(48)) - cd33ab12-5c76-4090-ae9e-f8dc2a96321d@group-3FF861DD1686-FOLLOWER: reject ELECTION from 99ec0913-bcd1-4774-8e53-643ce8734cf6: already has voted for cd33ab12-5c76-4090-ae9e-f8dc2a96321d at current term 1
2022-02-04 12:59:40,404 [grpc-default-executor-1] INFO  server.RaftServer$Division (RaftServerImpl.java:requestVote(1078)) - cd33ab12-5c76-4090-ae9e-f8dc2a96321d@group-3FF861DD1686 replies to ELECTION vote request: 99ec0913-bcd1-4774-8e53-643ce8734cf6<-cd33ab12-5c76-4090-ae9e-f8dc2a96321d#0:FAIL-t1. Peer's state: cd33ab12-5c76-4090-ae9e-f8dc2a96321d@group-3FF861DD1686:t1, leader=null, voted=cd33ab12-5c76-4090-ae9e-f8dc2a96321d, raftlog=cd33ab12-5c76-4090-ae9e-f8dc2a96321d@group-3FF861DD1686-SegmentedRaftLog:OPENED:c-1, conf=-1: [99ec0913-bcd1-4774-8e53-643ce8734cf6|rpc:10.1.0.52:38161|priority:1, 4dd803c0-ea86-48ec-b5c9-2601c1b23b4d|rpc:10.1.0.52:34153|priority:0, cd33ab12-5c76-4090-ae9e-f8dc2a96321d|rpc:10.1.0.52:40103|priority:0], old=null
2022-02-04 12:59:40,405 [99ec0913-bcd1-4774-8e53-643ce8734cf6@group-3FF861DD1686-LeaderElection32] INFO  impl.LeaderElection (LeaderElection.java:logAndReturn(89)) - 99ec0913-bcd1-4774-8e53-643ce8734cf6@group-3FF861DD1686-LeaderElection32: ELECTION REJECTED received 2 response(s) and 0 exception(s):
2022-02-04 12:59:40,405 [99ec0913-bcd1-4774-8e53-643ce8734cf6@group-3FF861DD1686-LeaderElection32] INFO  impl.LeaderElection (LeaderElection.java:logAndReturn(93)) -   Response 0: 99ec0913-bcd1-4774-8e53-643ce8734cf6<-4dd803c0-ea86-48ec-b5c9-2601c1b23b4d#0:FAIL-t1
2022-02-04 12:59:40,406 [99ec0913-bcd1-4774-8e53-643ce8734cf6@group-3FF861DD1686-LeaderElection32] INFO  impl.LeaderElection (LeaderElection.java:logAndReturn(93)) -   Response 1: 99ec0913-bcd1-4774-8e53-643ce8734cf6<-cd33ab12-5c76-4090-ae9e-f8dc2a96321d#0:FAIL-t1
2022-02-04 12:59:40,406 [99ec0913-bcd1-4774-8e53-643ce8734cf6@group-3FF861DD1686-LeaderElection32] INFO  impl.LeaderElection (LeaderElection.java:askForVotes(308)) - 99ec0913-bcd1-4774-8e53-643ce8734cf6@group-3FF861DD1686-LeaderElection32 ELECTION round 0: result REJECTED
2022-02-04 12:59:40,406 [99ec0913-bcd1-4774-8e53-643ce8734cf6@group-3FF861DD1686-LeaderElection32] INFO  server.RaftServer$Division (RaftServerImpl.java:setRole(290)) - 99ec0913-bcd1-4774-8e53-643ce8734cf6@group-3FF861DD1686: changes role from CANDIDATE to FOLLOWER at term 1 for REJECTED
2022-02-04 12:59:40,406 [99ec0913-bcd1-4774-8e53-643ce8734cf6@group-3FF861DD1686-LeaderElection32] INFO  impl.RoleInfo (RoleInfo.java:shutdownLeaderElection(121)) - 99ec0913-bcd1-4774-8e53-643ce8734cf6: shutdown 99ec0913-bcd1-4774-8e53-643ce8734cf6@group-3FF861DD1686-LeaderElection32
2022-02-04 12:59:40,406 [99ec0913-bcd1-4774-8e53-643ce8734cf6@group-3FF861DD1686-LeaderElection32] INFO  impl.RoleInfo (RoleInfo.java:updateAndGet(130)) - 99ec0913-bcd1-4774-8e53-643ce8734cf6: start 99ec0913-bcd1-4774-8e53-643ce8734cf6@group-3FF861DD1686-FollowerState
2022-02-04 12:59:40,579 [Command processor thread] INFO  server.RaftServer (RaftServerProxy.java:remove(106)) - 4dd803c0-ea86-48ec-b5c9-2601c1b23b4d: remove  FOLLOWER 4dd803c0-ea86-48ec-b5c9-2601c1b23b4d@group-3FF861DD1686:t1, leader=null, voted=cd33ab12-5c76-4090-ae9e-f8dc2a96321d, raftlog=4dd803c0-ea86-48ec-b5c9-2601c1b23b4d@group-3FF861DD1686-SegmentedRaftLog:OPENED:c-1, conf=-1: [99ec0913-bcd1-4774-8e53-643ce8734cf6|rpc:10.1.0.52:38161|dataStream:|priority:1, 4dd803c0-ea86-48ec-b5c9-2601c1b23b4d|rpc:10.1.0.52:34153|dataStream:|priority:0, cd33ab12-5c76-4090-ae9e-f8dc2a96321d|rpc:10.1.0.52:40103|dataStream:|priority:0], old=null RUNNING
2022-02-04 12:59:40,579 [Command processor thread] INFO  server.RaftServer$Division (RaftServerImpl.java:lambda$close$4(412)) - 4dd803c0-ea86-48ec-b5c9-2601c1b23b4d@group-3FF861DD1686: shutdown
2022-02-04 12:59:40,579 [Command processor thread] INFO  util.JmxRegister (JmxRegister.java:unregister(73)) - Successfully un-registered JMX Bean with object name Ratis:service=RaftServer,group=group-3FF861DD1686,id=4dd803c0-ea86-48ec-b5c9-2601c1b23b4d
2022-02-04 12:59:40,579 [Command processor thread] INFO  impl.RoleInfo (RoleInfo.java:shutdownFollowerState(108)) - 4dd803c0-ea86-48ec-b5c9-2601c1b23b4d: shutdown 4dd803c0-ea86-48ec-b5c9-2601c1b23b4d@group-3FF861DD1686-FollowerState
2022-02-04 12:59:40,579 [Command processor thread] INFO  impl.StateMachineUpdater (StateMachineUpdater.java:stopAndJoin(149)) - 4dd803c0-ea86-48ec-b5c9-2601c1b23b4d@group-3FF861DD1686-StateMachineUpdater: set stopIndex = -1
2022-02-04 12:59:40,579 [4dd803c0-ea86-48ec-b5c9-2601c1b23b4d@group-3FF861DD1686-FollowerState] INFO  impl.FollowerState (FollowerState.java:run(143)) - 4dd803c0-ea86-48ec-b5c9-2601c1b23b4d@group-3FF861DD1686-FollowerState was interrupted: {}
java.lang.InterruptedException: sleep interrupted
	at java.lang.Thread.sleep(Native Method)
	at java.lang.Thread.sleep(Thread.java:340)
	at java.util.concurrent.TimeUnit.sleep(TimeUnit.java:386)
	at org.apache.ratis.util.TimeDuration.sleep(TimeDuration.java:324)
	at org.apache.ratis.util.TimeDuration.sleep(TimeDuration.java:309)
	at org.apache.ratis.server.impl.FollowerState.run(FollowerState.java:118)
2022-02-04 12:59:40,587 [Command processor thread] INFO  server.RaftServer$Division (ServerState.java:close(419)) - 4dd803c0-ea86-48ec-b5c9-2601c1b23b4d@group-3FF861DD1686: closes. applyIndex: -1
2022-02-04 12:59:40,587 [4dd803c0-ea86-48ec-b5c9-2601c1b23b4d@group-3FF861DD1686-SegmentedRaftLogWorker] INFO  segmented.SegmentedRaftLogWorker (SegmentedRaftLogWorker.java:run(327)) - 4dd803c0-ea86-48ec-b5c9-2601c1b23b4d@group-3FF861DD1686-SegmentedRaftLogWorker was interrupted, exiting. There are 0 tasks remaining in the queue.
2022-02-04 12:59:40,587 [Command processor thread] INFO  segmented.SegmentedRaftLogWorker (SegmentedRaftLogWorker.java:close(237)) - 4dd803c0-ea86-48ec-b5c9-2601c1b23b4d@group-3FF861DD1686-SegmentedRaftLogWorker close()
2022-02-04 12:59:40,590 [Command processor thread] INFO  server.RaftServer$Division (RaftServerImpl.java:groupRemove(382)) - 4dd803c0-ea86-48ec-b5c9-2601c1b23b4d@group-3FF861DD1686: Succeed to remove RaftStorageDirectory Storage Directory /home/runner/work/ozone/ozone/hadoop-ozone/integration-test/target/test-dir/MiniOzoneClusterImpl-5b939f7d-2090-4c2b-bba9-fa55352059d6/datanode-2/data/ratis/e44ca63e-d44e-44e5-99a0-3ff861dd1686
2022-02-04 12:59:40,590 [Command processor thread] INFO  commandhandler.ClosePipelineCommandHandler (ClosePipelineCommandHandler.java:handle(78)) - Close Pipeline PipelineID=e44ca63e-d44e-44e5-99a0-3ff861dd1686 command on datanode 4dd803c0-ea86-48ec-b5c9-2601c1b23b4d.
2022-02-04 12:59:40,591 [Command processor thread] INFO  server.RaftServer (RaftServerProxy.java:remove(106)) - 4dd803c0-ea86-48ec-b5c9-2601c1b23b4d: remove  FOLLOWER 4dd803c0-ea86-48ec-b5c9-2601c1b23b4d@group-31B87AFC2984:t1, leader=99ec0913-bcd1-4774-8e53-643ce8734cf6, voted=99ec0913-bcd1-4774-8e53-643ce8734cf6, raftlog=4dd803c0-ea86-48ec-b5c9-2601c1b23b4d@group-31B87AFC2984-SegmentedRaftLog:OPENED:c10, conf=0: [4dd803c0-ea86-48ec-b5c9-2601c1b23b4d|rpc:10.1.0.52:34153|dataStream:|priority:0, 99ec0913-bcd1-4774-8e53-643ce8734cf6|rpc:10.1.0.52:38161|dataStream:|priority:1, cd33ab12-5c76-4090-ae9e-f8dc2a96321d|rpc:10.1.0.52:40103|dataStream:|priority:0], old=null RUNNING
2022-02-04 12:59:40,591 [Command processor thread] INFO  server.RaftServer$Division (RaftServerImpl.java:lambda$close$4(412)) - 4dd803c0-ea86-48ec-b5c9-2601c1b23b4d@group-31B87AFC2984: shutdown
2022-02-04 12:59:40,591 [Command processor thread] INFO  util.JmxRegister (JmxRegister.java:unregister(73)) - Successfully un-registered JMX Bean with object name Ratis:service=RaftServer,group=group-31B87AFC2984,id=4dd803c0-ea86-48ec-b5c9-2601c1b23b4d
2022-02-04 12:59:40,591 [Command processor thread] INFO  impl.RoleInfo (RoleInfo.java:shutdownFollowerState(108)) - 4dd803c0-ea86-48ec-b5c9-2601c1b23b4d: shutdown 4dd803c0-ea86-48ec-b5c9-2601c1b23b4d@group-31B87AFC2984-FollowerState
2022-02-04 12:59:40,591 [Command processor thread] INFO  impl.StateMachineUpdater (StateMachineUpdater.java:stopAndJoin(149)) - 4dd803c0-ea86-48ec-b5c9-2601c1b23b4d@group-31B87AFC2984-StateMachineUpdater: set stopIndex = 10
2022-02-04 12:59:40,592 [4dd803c0-ea86-48ec-b5c9-2601c1b23b4d@group-31B87AFC2984-FollowerState] INFO  impl.FollowerState (FollowerState.java:run(143)) - 4dd803c0-ea86-48ec-b5c9-2601c1b23b4d@group-31B87AFC2984-FollowerState was interrupted: {}
java.lang.InterruptedException: sleep interrupted
	at java.lang.Thread.sleep(Native Method)
	at java.lang.Thread.sleep(Thread.java:340)
	at java.util.concurrent.TimeUnit.sleep(TimeUnit.java:386)
	at org.apache.ratis.util.TimeDuration.sleep(TimeDuration.java:324)
	at org.apache.ratis.util.TimeDuration.sleep(TimeDuration.java:309)
	at org.apache.ratis.server.impl.FollowerState.run(FollowerState.java:118)
2022-02-04 12:59:40,592 [4dd803c0-ea86-48ec-b5c9-2601c1b23b4d@group-31B87AFC2984-StateMachineUpdater] INFO  ratis.ContainerStateMachine (ContainerStateMachine.java:takeSnapshot(299)) - group-31B87AFC2984: Taking a snapshot at:(t:1, i:10) file /home/runner/work/ozone/ozone/hadoop-ozone/integration-test/target/test-dir/MiniOzoneClusterImpl-5b939f7d-2090-4c2b-bba9-fa55352059d6/datanode-2/data/ratis/9dfef911-82a6-4066-87a3-31b87afc2984/sm/snapshot.1_10
2022-02-04 12:59:40,594 [IPC Server handler 1 on default port 41383] WARN  node.SCMNodeManager (SCMNodeManager.java:processLayoutVersionReport(598)) - Data node fv-az116-891.vzw04321ajxubdbcnpick5nqva.xx.internal.cloudapp.net can not be used in any pipeline in the cluster. DataNode MetadataLayoutVersion = 0, SCM MetadataLayoutVersion = 2
2022-02-04 12:59:40,594 [EventQueue-PipelineReportForPipelineReportHandler] INFO  pipeline.PipelineReportHandler (PipelineReportHandler.java:processPipelineReport(113)) - Reported pipeline PipelineID=c45d4f00-a397-4cba-a2ad-7be1a07ca54a is not found
2022-02-04 12:59:40,595 [EventQueue-PipelineReportForPipelineReportHandler] INFO  pipeline.PipelineReportHandler (PipelineReportHandler.java:processPipelineReport(113)) - Reported pipeline PipelineID=e44ca63e-d44e-44e5-99a0-3ff861dd1686 is not found
2022-02-04 12:59:40,595 [EventQueue-PipelineReportForPipelineReportHandler] INFO  pipeline.PipelineReportHandler (PipelineReportHandler.java:processPipelineReport(113)) - Reported pipeline PipelineID=a015f9d5-3056-4a16-a89a-9f6b499ce2f6 is not found
2022-02-04 12:59:40,595 [EventQueue-PipelineReportForPipelineReportHandler] INFO  pipeline.PipelineReportHandler (PipelineReportHandler.java:processPipelineReport(113)) - Reported pipeline PipelineID=9dfef911-82a6-4066-87a3-31b87afc2984 is not found
2022-02-04 12:59:40,598 [4dd803c0-ea86-48ec-b5c9-2601c1b23b4d@group-31B87AFC2984-StateMachineUpdater] INFO  ratis.ContainerStateMachine (ContainerStateMachine.java:takeSnapshot(310)) - group-31B87AFC2984: Finished taking a snapshot at:(t:1, i:10) file:/home/runner/work/ozone/ozone/hadoop-ozone/integration-test/target/test-dir/MiniOzoneClusterImpl-5b939f7d-2090-4c2b-bba9-fa55352059d6/datanode-2/data/ratis/9dfef911-82a6-4066-87a3-31b87afc2984/sm/snapshot.1_10 took: 6 ms
2022-02-04 12:59:40,598 [4dd803c0-ea86-48ec-b5c9-2601c1b23b4d@group-31B87AFC2984-StateMachineUpdater] INFO  impl.StateMachineUpdater (StateMachineUpdater.java:takeSnapshot(281)) - 4dd803c0-ea86-48ec-b5c9-2601c1b23b4d@group-31B87AFC2984-StateMachineUpdater: Took a snapshot at index 10
2022-02-04 12:59:40,598 [4dd803c0-ea86-48ec-b5c9-2601c1b23b4d@group-31B87AFC2984-StateMachineUpdater] INFO  impl.StateMachineUpdater (StateMachineUpdater.java:lambda$new$0(89)) - 4dd803c0-ea86-48ec-b5c9-2601c1b23b4d@group-31B87AFC2984-StateMachineUpdater: snapshotIndex: updateIncreasingly -1 -> 10
2022-02-04 12:59:40,600 [Command processor thread] INFO  server.RaftServer$Division (ServerState.java:close(419)) - 4dd803c0-ea86-48ec-b5c9-2601c1b23b4d@group-31B87AFC2984: closes. applyIndex: 10
2022-02-04 12:59:40,601 [4dd803c0-ea86-48ec-b5c9-2601c1b23b4d@group-31B87AFC2984-SegmentedRaftLogWorker] INFO  segmented.SegmentedRaftLogWorker (SegmentedRaftLogWorker.java:run(327)) - 4dd803c0-ea86-48ec-b5c9-2601c1b23b4d@group-31B87AFC2984-SegmentedRaftLogWorker was interrupted, exiting. There are 0 tasks remaining in the queue.
2022-02-04 12:59:40,608 [Command processor thread] INFO  segmented.SegmentedRaftLogWorker (SegmentedRaftLogWorker.java:close(237)) - 4dd803c0-ea86-48ec-b5c9-2601c1b23b4d@group-31B87AFC2984-SegmentedRaftLogWorker close()
2022-02-04 12:59:40,610 [Command processor thread] INFO  server.RaftServer$Division (RaftServerImpl.java:groupRemove(382)) - 4dd803c0-ea86-48ec-b5c9-2601c1b23b4d@group-31B87AFC2984: Succeed to remove RaftStorageDirectory Storage Directory /home/runner/work/ozone/ozone/hadoop-ozone/integration-test/target/test-dir/MiniOzoneClusterImpl-5b939f7d-2090-4c2b-bba9-fa55352059d6/datanode-2/data/ratis/9dfef911-82a6-4066-87a3-31b87afc2984
2022-02-04 12:59:40,610 [Command processor thread] INFO  commandhandler.ClosePipelineCommandHandler (ClosePipelineCommandHandler.java:handle(78)) - Close Pipeline PipelineID=9dfef911-82a6-4066-87a3-31b87afc2984 command on datanode 4dd803c0-ea86-48ec-b5c9-2601c1b23b4d.
2022-02-04 12:59:40,610 [Command processor thread] INFO  server.RaftServer (RaftServerProxy.java:remove(106)) - 4dd803c0-ea86-48ec-b5c9-2601c1b23b4d: remove    LEADER 4dd803c0-ea86-48ec-b5c9-2601c1b23b4d@group-7BE1A07CA54A:t1, leader=4dd803c0-ea86-48ec-b5c9-2601c1b23b4d, voted=4dd803c0-ea86-48ec-b5c9-2601c1b23b4d, raftlog=4dd803c0-ea86-48ec-b5c9-2601c1b23b4d@group-7BE1A07CA54A-SegmentedRaftLog:OPENED:c0, conf=0: [4dd803c0-ea86-48ec-b5c9-2601c1b23b4d|rpc:10.1.0.52:34153|dataStream:|priority:1], old=null RUNNING
2022-02-04 12:59:40,610 [Command processor thread] INFO  server.RaftServer$Division (RaftServerImpl.java:lambda$close$4(412)) - 4dd803c0-ea86-48ec-b5c9-2601c1b23b4d@group-7BE1A07CA54A: shutdown
2022-02-04 12:59:40,610 [Command processor thread] INFO  util.JmxRegister (JmxRegister.java:unregister(73)) - Successfully un-registered JMX Bean with object name Ratis:service=RaftServer,group=group-7BE1A07CA54A,id=4dd803c0-ea86-48ec-b5c9-2601c1b23b4d
2022-02-04 12:59:40,610 [Command processor thread] INFO  impl.RoleInfo (RoleInfo.java:shutdownLeaderState(91)) - 4dd803c0-ea86-48ec-b5c9-2601c1b23b4d: shutdown 4dd803c0-ea86-48ec-b5c9-2601c1b23b4d@group-7BE1A07CA54A-LeaderStateImpl
2022-02-04 12:59:40,611 [Command processor thread] INFO  impl.PendingRequests (PendingRequests.java:sendNotLeaderResponses(282)) - 4dd803c0-ea86-48ec-b5c9-2601c1b23b4d@group-7BE1A07CA54A-PendingRequests: sendNotLeaderResponses
2022-02-04 12:59:40,611 [4dd803c0-ea86-48ec-b5c9-2601c1b23b4d@group-7BE1A07CA54A-StateMachineUpdater] INFO  ratis.ContainerStateMachine (ContainerStateMachine.java:takeSnapshot(299)) - group-7BE1A07CA54A: Taking a snapshot at:(t:1, i:0) file /home/runner/work/ozone/ozone/hadoop-ozone/integration-test/target/test-dir/MiniOzoneClusterImpl-5b939f7d-2090-4c2b-bba9-fa55352059d6/datanode-2/data/ratis/c45d4f00-a397-4cba-a2ad-7be1a07ca54a/sm/snapshot.1_0
2022-02-04 12:59:40,611 [Command processor thread] INFO  impl.StateMachineUpdater (StateMachineUpdater.java:stopAndJoin(149)) - 4dd803c0-ea86-48ec-b5c9-2601c1b23b4d@group-7BE1A07CA54A-StateMachineUpdater: set stopIndex = 0
2022-02-04 12:59:40,612 [4dd803c0-ea86-48ec-b5c9-2601c1b23b4d@group-7BE1A07CA54A-StateMachineUpdater] INFO  ratis.ContainerStateMachine (ContainerStateMachine.java:takeSnapshot(310)) - group-7BE1A07CA54A: Finished taking a snapshot at:(t:1, i:0) file:/home/runner/work/ozone/ozone/hadoop-ozone/integration-test/target/test-dir/MiniOzoneClusterImpl-5b939f7d-2090-4c2b-bba9-fa55352059d6/datanode-2/data/ratis/c45d4f00-a397-4cba-a2ad-7be1a07ca54a/sm/snapshot.1_0 took: 1 ms
2022-02-04 12:59:40,612 [4dd803c0-ea86-48ec-b5c9-2601c1b23b4d@group-7BE1A07CA54A-StateMachineUpdater] INFO  impl.StateMachineUpdater (StateMachineUpdater.java:takeSnapshot(281)) - 4dd803c0-ea86-48ec-b5c9-2601c1b23b4d@group-7BE1A07CA54A-StateMachineUpdater: Took a snapshot at index 0
2022-02-04 12:59:40,612 [4dd803c0-ea86-48ec-b5c9-2601c1b23b4d@group-7BE1A07CA54A-StateMachineUpdater] INFO  impl.StateMachineUpdater (StateMachineUpdater.java:lambda$new$0(89)) - 4dd803c0-ea86-48ec-b5c9-2601c1b23b4d@group-7BE1A07CA54A-StateMachineUpdater: snapshotIndex: updateIncreasingly -1 -> 0
2022-02-04 12:59:40,613 [Command processor thread] INFO  server.RaftServer$Division (ServerState.java:close(419)) - 4dd803c0-ea86-48ec-b5c9-2601c1b23b4d@group-7BE1A07CA54A: closes. applyIndex: 0
2022-02-04 12:59:40,613 [4dd803c0-ea86-48ec-b5c9-2601c1b23b4d@group-7BE1A07CA54A-SegmentedRaftLogWorker] INFO  segmented.SegmentedRaftLogWorker (SegmentedRaftLogWorker.java:run(327)) - 4dd803c0-ea86-48ec-b5c9-2601c1b23b4d@group-7BE1A07CA54A-SegmentedRaftLogWorker was interrupted, exiting. There are 0 tasks remaining in the queue.
2022-02-04 12:59:40,613 [Command processor thread] INFO  segmented.SegmentedRaftLogWorker (SegmentedRaftLogWorker.java:close(237)) - 4dd803c0-ea86-48ec-b5c9-2601c1b23b4d@group-7BE1A07CA54A-SegmentedRaftLogWorker close()
2022-02-04 12:59:40,615 [Command processor thread] INFO  server.RaftServer$Division (RaftServerImpl.java:groupRemove(382)) - 4dd803c0-ea86-48ec-b5c9-2601c1b23b4d@group-7BE1A07CA54A: Succeed to remove RaftStorageDirectory Storage Directory /home/runner/work/ozone/ozone/hadoop-ozone/integration-test/target/test-dir/MiniOzoneClusterImpl-5b939f7d-2090-4c2b-bba9-fa55352059d6/datanode-2/data/ratis/c45d4f00-a397-4cba-a2ad-7be1a07ca54a
2022-02-04 12:59:40,615 [Command processor thread] INFO  commandhandler.ClosePipelineCommandHandler (ClosePipelineCommandHandler.java:handle(78)) - Close Pipeline PipelineID=c45d4f00-a397-4cba-a2ad-7be1a07ca54a command on datanode 4dd803c0-ea86-48ec-b5c9-2601c1b23b4d.
2022-02-04 12:59:40,615 [Command processor thread] INFO  server.RaftServer (RaftServerProxy.java:remove(106)) - 4dd803c0-ea86-48ec-b5c9-2601c1b23b4d: remove  FOLLOWER 4dd803c0-ea86-48ec-b5c9-2601c1b23b4d@group-9F6B499CE2F6:t0, leader=null, voted=, raftlog=4dd803c0-ea86-48ec-b5c9-2601c1b23b4d@group-9F6B499CE2F6-SegmentedRaftLog:OPENED:c-1, conf=-1: [4dd803c0-ea86-48ec-b5c9-2601c1b23b4d|rpc:10.1.0.52:34153|priority:1], old=null RUNNING
2022-02-04 12:59:40,615 [Command processor thread] INFO  server.RaftServer$Division (RaftServerImpl.java:lambda$close$4(412)) - 4dd803c0-ea86-48ec-b5c9-2601c1b23b4d@group-9F6B499CE2F6: shutdown
2022-02-04 12:59:40,615 [Command processor thread] INFO  util.JmxRegister (JmxRegister.java:unregister(73)) - Successfully un-registered JMX Bean with object name Ratis:service=RaftServer,group=group-9F6B499CE2F6,id=4dd803c0-ea86-48ec-b5c9-2601c1b23b4d
2022-02-04 12:59:40,615 [Command processor thread] INFO  impl.RoleInfo (RoleInfo.java:shutdownFollowerState(108)) - 4dd803c0-ea86-48ec-b5c9-2601c1b23b4d: shutdown 4dd803c0-ea86-48ec-b5c9-2601c1b23b4d@group-9F6B499CE2F6-FollowerState
2022-02-04 12:59:40,615 [4dd803c0-ea86-48ec-b5c9-2601c1b23b4d@group-9F6B499CE2F6-FollowerState] INFO  impl.FollowerState (FollowerState.java:run(143)) - 4dd803c0-ea86-48ec-b5c9-2601c1b23b4d@group-9F6B499CE2F6-FollowerState was interrupted: {}
java.lang.InterruptedException: sleep interrupted
	at java.lang.Thread.sleep(Native Method)
	at java.lang.Thread.sleep(Thread.java:340)
	at java.util.concurrent.TimeUnit.sleep(TimeUnit.java:386)
	at org.apache.ratis.util.TimeDuration.sleep(TimeDuration.java:324)
	at org.apache.ratis.util.TimeDuration.sleep(TimeDuration.java:309)
	at org.apache.ratis.server.impl.FollowerState.run(FollowerState.java:118)
2022-02-04 12:59:40,615 [Command processor thread] INFO  impl.StateMachineUpdater (StateMachineUpdater.java:stopAndJoin(149)) - 4dd803c0-ea86-48ec-b5c9-2601c1b23b4d@group-9F6B499CE2F6-StateMachineUpdater: set stopIndex = -1
2022-02-04 12:59:40,616 [Command processor thread] INFO  server.RaftServer$Division (ServerState.java:close(419)) - 4dd803c0-ea86-48ec-b5c9-2601c1b23b4d@group-9F6B499CE2F6: closes. applyIndex: -1
2022-02-04 12:59:40,616 [4dd803c0-ea86-48ec-b5c9-2601c1b23b4d@group-9F6B499CE2F6-SegmentedRaftLogWorker] INFO  segmented.SegmentedRaftLogWorker (SegmentedRaftLogWorker.java:run(327)) - 4dd803c0-ea86-48ec-b5c9-2601c1b23b4d@group-9F6B499CE2F6-SegmentedRaftLogWorker was interrupted, exiting. There are 0 tasks remaining in the queue.
2022-02-04 12:59:40,616 [Command processor thread] INFO  segmented.SegmentedRaftLogWorker (SegmentedRaftLogWorker.java:close(237)) - 4dd803c0-ea86-48ec-b5c9-2601c1b23b4d@group-9F6B499CE2F6-SegmentedRaftLogWorker close()
2022-02-04 12:59:40,618 [Command processor thread] INFO  server.RaftServer$Division (RaftServerImpl.java:groupRemove(382)) - 4dd803c0-ea86-48ec-b5c9-2601c1b23b4d@group-9F6B499CE2F6: Succeed to remove RaftStorageDirectory Storage Directory /home/runner/work/ozone/ozone/hadoop-ozone/integration-test/target/test-dir/MiniOzoneClusterImpl-5b939f7d-2090-4c2b-bba9-fa55352059d6/datanode-2/data/ratis/a015f9d5-3056-4a16-a89a-9f6b499ce2f6
2022-02-04 12:59:40,618 [Command processor thread] INFO  commandhandler.ClosePipelineCommandHandler (ClosePipelineCommandHandler.java:handle(78)) - Close Pipeline PipelineID=a015f9d5-3056-4a16-a89a-9f6b499ce2f6 command on datanode 4dd803c0-ea86-48ec-b5c9-2601c1b23b4d.
2022-02-04 12:59:40,619 [Command processor thread] INFO  commandhandler.FinalizeNewLayoutVersionCommandHandler (FinalizeNewLayoutVersionCommandHandler.java:handle(64)) - Processing FinalizeNewLayoutVersionCommandHandler command.
2022-02-04 12:59:40,619 [Command processor thread] INFO  commandhandler.FinalizeNewLayoutVersionCommandHandler (FinalizeNewLayoutVersionCommandHandler.java:handle(77)) - Finalize Upgrade called!
2022-02-04 12:59:40,619 [Command processor thread] INFO  upgrade.UpgradeFinalizer (BasicUpgradeFinalizer.java:logAndEmit(342)) - Finalization started.
2022-02-04 12:59:40,619 [Command processor thread] INFO  upgrade.DatanodeSchemaV2FinalizeAction (DatanodeSchemaV2FinalizeAction.java:execute(44)) - Executing datanode 'onFinalize' action for the first version with upgrade support. New containers will be created with Schema Version 2 henceforth.
2022-02-04 12:59:40,620 [Command processor thread] INFO  upgrade.ScmHAFinalizeUpgradeActionDatanode (ScmHAFinalizeUpgradeActionDatanode.java:execute(52)) - Upgrading Datanode volume layout for SCM HA support.
2022-02-04 12:59:40,620 [Command processor thread] INFO  upgrade.ScmHAFinalizeUpgradeActionDatanode (ScmHAFinalizeUpgradeActionDatanode.java:upgradeVolume(98)) - Creating symlink /home/runner/work/ozone/ozone/hadoop-ozone/integration-test/target/test-dir/MiniOzoneClusterImpl-5b939f7d-2090-4c2b-bba9-fa55352059d6/datanode-2/data-0/containers/hdds/5b939f7d-2090-4c2b-bba9-fa55352059d6 -> 6c7347f7-a747-45bb-8c93-7e03b3acb69c as part of SCM HA finalization for datanode.
2022-02-04 12:59:40,621 [Command processor thread] INFO  upgrade.UpgradeFinalizer (BasicUpgradeFinalizer.java:logAndEmit(342)) - Finalization is done.
2022-02-04 12:59:40,686 [IPC Server handler 4 on default port 41383] WARN  node.SCMNodeManager (SCMNodeManager.java:processLayoutVersionReport(598)) - Data node fv-az116-891.vzw04321ajxubdbcnpick5nqva.xx.internal.cloudapp.net can not be used in any pipeline in the cluster. DataNode MetadataLayoutVersion = 0, SCM MetadataLayoutVersion = 2
2022-02-04 12:59:40,745 [IPC Server handler 5 on default port 41383] WARN  node.SCMNodeManager (SCMNodeManager.java:processLayoutVersionReport(598)) - Data node fv-az116-891.vzw04321ajxubdbcnpick5nqva.xx.internal.cloudapp.net can not be used in any pipeline in the cluster. DataNode MetadataLayoutVersion = 0, SCM MetadataLayoutVersion = 2
2022-02-04 12:59:40,750 [Command processor thread] INFO  server.RaftServer (RaftServerProxy.java:remove(106)) - 99ec0913-bcd1-4774-8e53-643ce8734cf6: remove    LEADER 99ec0913-bcd1-4774-8e53-643ce8734cf6@group-040B0BC54F08:t1, leader=99ec0913-bcd1-4774-8e53-643ce8734cf6, voted=99ec0913-bcd1-4774-8e53-643ce8734cf6, raftlog=99ec0913-bcd1-4774-8e53-643ce8734cf6@group-040B0BC54F08-SegmentedRaftLog:OPENED:c0, conf=0: [99ec0913-bcd1-4774-8e53-643ce8734cf6|rpc:10.1.0.52:38161|dataStream:|priority:1], old=null RUNNING
2022-02-04 12:59:40,750 [Command processor thread] INFO  server.RaftServer$Division (RaftServerImpl.java:lambda$close$4(412)) - 99ec0913-bcd1-4774-8e53-643ce8734cf6@group-040B0BC54F08: shutdown
2022-02-04 12:59:40,750 [Command processor thread] INFO  util.JmxRegister (JmxRegister.java:unregister(73)) - Successfully un-registered JMX Bean with object name Ratis:service=RaftServer,group=group-040B0BC54F08,id=99ec0913-bcd1-4774-8e53-643ce8734cf6
2022-02-04 12:59:40,750 [Command processor thread] INFO  impl.RoleInfo (RoleInfo.java:shutdownLeaderState(91)) - 99ec0913-bcd1-4774-8e53-643ce8734cf6: shutdown 99ec0913-bcd1-4774-8e53-643ce8734cf6@group-040B0BC54F08-LeaderStateImpl
2022-02-04 12:59:40,750 [Command processor thread] INFO  impl.PendingRequests (PendingRequests.java:sendNotLeaderResponses(282)) - 99ec0913-bcd1-4774-8e53-643ce8734cf6@group-040B0BC54F08-PendingRequests: sendNotLeaderResponses
2022-02-04 12:59:40,751 [Command processor thread] INFO  impl.StateMachineUpdater (StateMachineUpdater.java:stopAndJoin(149)) - 99ec0913-bcd1-4774-8e53-643ce8734cf6@group-040B0BC54F08-StateMachineUpdater: set stopIndex = 0
2022-02-04 12:59:40,751 [99ec0913-bcd1-4774-8e53-643ce8734cf6@group-040B0BC54F08-StateMachineUpdater] INFO  ratis.ContainerStateMachine (ContainerStateMachine.java:takeSnapshot(299)) - group-040B0BC54F08: Taking a snapshot at:(t:1, i:0) file /home/runner/work/ozone/ozone/hadoop-ozone/integration-test/target/test-dir/MiniOzoneClusterImpl-5b939f7d-2090-4c2b-bba9-fa55352059d6/datanode-0/data/ratis/ba81bbd6-36b2-4c25-8136-040b0bc54f08/sm/snapshot.1_0
2022-02-04 12:59:40,752 [99ec0913-bcd1-4774-8e53-643ce8734cf6@group-040B0BC54F08-StateMachineUpdater] INFO  ratis.ContainerStateMachine (ContainerStateMachine.java:takeSnapshot(310)) - group-040B0BC54F08: Finished taking a snapshot at:(t:1, i:0) file:/home/runner/work/ozone/ozone/hadoop-ozone/integration-test/target/test-dir/MiniOzoneClusterImpl-5b939f7d-2090-4c2b-bba9-fa55352059d6/datanode-0/data/ratis/ba81bbd6-36b2-4c25-8136-040b0bc54f08/sm/snapshot.1_0 took: 1 ms
2022-02-04 12:59:40,752 [99ec0913-bcd1-4774-8e53-643ce8734cf6@group-040B0BC54F08-StateMachineUpdater] INFO  impl.StateMachineUpdater (StateMachineUpdater.java:takeSnapshot(281)) - 99ec0913-bcd1-4774-8e53-643ce8734cf6@group-040B0BC54F08-StateMachineUpdater: Took a snapshot at index 0
2022-02-04 12:59:40,752 [99ec0913-bcd1-4774-8e53-643ce8734cf6@group-040B0BC54F08-StateMachineUpdater] INFO  impl.StateMachineUpdater (StateMachineUpdater.java:lambda$new$0(89)) - 99ec0913-bcd1-4774-8e53-643ce8734cf6@group-040B0BC54F08-StateMachineUpdater: snapshotIndex: updateIncreasingly -1 -> 0
2022-02-04 12:59:40,753 [Command processor thread] INFO  server.RaftServer$Division (ServerState.java:close(419)) - 99ec0913-bcd1-4774-8e53-643ce8734cf6@group-040B0BC54F08: closes. applyIndex: 0
2022-02-04 12:59:40,753 [99ec0913-bcd1-4774-8e53-643ce8734cf6@group-040B0BC54F08-SegmentedRaftLogWorker] INFO  segmented.SegmentedRaftLogWorker (SegmentedRaftLogWorker.java:run(327)) - 99ec0913-bcd1-4774-8e53-643ce8734cf6@group-040B0BC54F08-SegmentedRaftLogWorker was interrupted, exiting. There are 0 tasks remaining in the queue.
2022-02-04 12:59:40,756 [Command processor thread] INFO  segmented.SegmentedRaftLogWorker (SegmentedRaftLogWorker.java:close(237)) - 99ec0913-bcd1-4774-8e53-643ce8734cf6@group-040B0BC54F08-SegmentedRaftLogWorker close()
2022-02-04 12:59:40,757 [Command processor thread] INFO  server.RaftServer$Division (RaftServerImpl.java:groupRemove(382)) - 99ec0913-bcd1-4774-8e53-643ce8734cf6@group-040B0BC54F08: Succeed to remove RaftStorageDirectory Storage Directory /home/runner/work/ozone/ozone/hadoop-ozone/integration-test/target/test-dir/MiniOzoneClusterImpl-5b939f7d-2090-4c2b-bba9-fa55352059d6/datanode-0/data/ratis/ba81bbd6-36b2-4c25-8136-040b0bc54f08
2022-02-04 12:59:40,758 [Command processor thread] INFO  commandhandler.ClosePipelineCommandHandler (ClosePipelineCommandHandler.java:handle(78)) - Close Pipeline PipelineID=ba81bbd6-36b2-4c25-8136-040b0bc54f08 command on datanode 99ec0913-bcd1-4774-8e53-643ce8734cf6.
2022-02-04 12:59:40,758 [Command processor thread] INFO  server.RaftServer (RaftServerProxy.java:remove(106)) - 99ec0913-bcd1-4774-8e53-643ce8734cf6: remove    LEADER 99ec0913-bcd1-4774-8e53-643ce8734cf6@group-F9713BC8CC04:t1, leader=99ec0913-bcd1-4774-8e53-643ce8734cf6, voted=99ec0913-bcd1-4774-8e53-643ce8734cf6, raftlog=99ec0913-bcd1-4774-8e53-643ce8734cf6@group-F9713BC8CC04-SegmentedRaftLog:OPENED:c0, conf=0: [99ec0913-bcd1-4774-8e53-643ce8734cf6|rpc:10.1.0.52:38161|dataStream:|priority:1], old=null RUNNING
2022-02-04 12:59:40,758 [Command processor thread] INFO  server.RaftServer$Division (RaftServerImpl.java:lambda$close$4(412)) - 99ec0913-bcd1-4774-8e53-643ce8734cf6@group-F9713BC8CC04: shutdown
2022-02-04 12:59:40,758 [Command processor thread] INFO  util.JmxRegister (JmxRegister.java:unregister(73)) - Successfully un-registered JMX Bean with object name Ratis:service=RaftServer,group=group-F9713BC8CC04,id=99ec0913-bcd1-4774-8e53-643ce8734cf6
2022-02-04 12:59:40,758 [Command processor thread] INFO  impl.RoleInfo (RoleInfo.java:shutdownLeaderState(91)) - 99ec0913-bcd1-4774-8e53-643ce8734cf6: shutdown 99ec0913-bcd1-4774-8e53-643ce8734cf6@group-F9713BC8CC04-LeaderStateImpl
2022-02-04 12:59:40,758 [Command processor thread] INFO  impl.PendingRequests (PendingRequests.java:sendNotLeaderResponses(282)) - 99ec0913-bcd1-4774-8e53-643ce8734cf6@group-F9713BC8CC04-PendingRequests: sendNotLeaderResponses
2022-02-04 12:59:40,758 [Command processor thread] INFO  impl.StateMachineUpdater (StateMachineUpdater.java:stopAndJoin(149)) - 99ec0913-bcd1-4774-8e53-643ce8734cf6@group-F9713BC8CC04-StateMachineUpdater: set stopIndex = 0
2022-02-04 12:59:40,759 [99ec0913-bcd1-4774-8e53-643ce8734cf6@group-F9713BC8CC04-StateMachineUpdater] INFO  ratis.ContainerStateMachine (ContainerStateMachine.java:takeSnapshot(299)) - group-F9713BC8CC04: Taking a snapshot at:(t:1, i:0) file /home/runner/work/ozone/ozone/hadoop-ozone/integration-test/target/test-dir/MiniOzoneClusterImpl-5b939f7d-2090-4c2b-bba9-fa55352059d6/datanode-0/data/ratis/030b25f1-cf8a-46dd-8a11-f9713bc8cc04/sm/snapshot.1_0
2022-02-04 12:59:40,760 [99ec0913-bcd1-4774-8e53-643ce8734cf6@group-F9713BC8CC04-StateMachineUpdater] INFO  ratis.ContainerStateMachine (ContainerStateMachine.java:takeSnapshot(310)) - group-F9713BC8CC04: Finished taking a snapshot at:(t:1, i:0) file:/home/runner/work/ozone/ozone/hadoop-ozone/integration-test/target/test-dir/MiniOzoneClusterImpl-5b939f7d-2090-4c2b-bba9-fa55352059d6/datanode-0/data/ratis/030b25f1-cf8a-46dd-8a11-f9713bc8cc04/sm/snapshot.1_0 took: 1 ms
2022-02-04 12:59:40,761 [99ec0913-bcd1-4774-8e53-643ce8734cf6@group-F9713BC8CC04-StateMachineUpdater] INFO  impl.StateMachineUpdater (StateMachineUpdater.java:takeSnapshot(281)) - 99ec0913-bcd1-4774-8e53-643ce8734cf6@group-F9713BC8CC04-StateMachineUpdater: Took a snapshot at index 0
2022-02-04 12:59:40,761 [99ec0913-bcd1-4774-8e53-643ce8734cf6@group-F9713BC8CC04-StateMachineUpdater] INFO  impl.StateMachineUpdater (StateMachineUpdater.java:lambda$new$0(89)) - 99ec0913-bcd1-4774-8e53-643ce8734cf6@group-F9713BC8CC04-StateMachineUpdater: snapshotIndex: updateIncreasingly -1 -> 0
2022-02-04 12:59:40,761 [Command processor thread] INFO  server.RaftServer$Division (ServerState.java:close(419)) - 99ec0913-bcd1-4774-8e53-643ce8734cf6@group-F9713BC8CC04: closes. applyIndex: 0
2022-02-04 12:59:40,761 [99ec0913-bcd1-4774-8e53-643ce8734cf6@group-F9713BC8CC04-SegmentedRaftLogWorker] INFO  segmented.SegmentedRaftLogWorker (SegmentedRaftLogWorker.java:run(327)) - 99ec0913-bcd1-4774-8e53-643ce8734cf6@group-F9713BC8CC04-SegmentedRaftLogWorker was interrupted, exiting. There are 0 tasks remaining in the queue.
2022-02-04 12:59:40,761 [Command processor thread] INFO  segmented.SegmentedRaftLogWorker (SegmentedRaftLogWorker.java:close(237)) - 99ec0913-bcd1-4774-8e53-643ce8734cf6@group-F9713BC8CC04-SegmentedRaftLogWorker close()
2022-02-04 12:59:40,762 [Command processor thread] INFO  server.RaftServer$Division (RaftServerImpl.java:groupRemove(382)) - 99ec0913-bcd1-4774-8e53-643ce8734cf6@group-F9713BC8CC04: Succeed to remove RaftStorageDirectory Storage Directory /home/runner/work/ozone/ozone/hadoop-ozone/integration-test/target/test-dir/MiniOzoneClusterImpl-5b939f7d-2090-4c2b-bba9-fa55352059d6/datanode-0/data/ratis/030b25f1-cf8a-46dd-8a11-f9713bc8cc04
2022-02-04 12:59:40,763 [Command processor thread] INFO  commandhandler.ClosePipelineCommandHandler (ClosePipelineCommandHandler.java:handle(78)) - Close Pipeline PipelineID=030b25f1-cf8a-46dd-8a11-f9713bc8cc04 command on datanode 99ec0913-bcd1-4774-8e53-643ce8734cf6.
2022-02-04 12:59:40,763 [Command processor thread] INFO  server.RaftServer (RaftServerProxy.java:remove(106)) - 99ec0913-bcd1-4774-8e53-643ce8734cf6: remove  FOLLOWER 99ec0913-bcd1-4774-8e53-643ce8734cf6@group-3FF861DD1686:t1, leader=null, voted=99ec0913-bcd1-4774-8e53-643ce8734cf6, raftlog=99ec0913-bcd1-4774-8e53-643ce8734cf6@group-3FF861DD1686-SegmentedRaftLog:OPENED:c-1, conf=-1: [99ec0913-bcd1-4774-8e53-643ce8734cf6|rpc:10.1.0.52:38161|priority:1, 4dd803c0-ea86-48ec-b5c9-2601c1b23b4d|rpc:10.1.0.52:34153|priority:0, cd33ab12-5c76-4090-ae9e-f8dc2a96321d|rpc:10.1.0.52:40103|priority:0], old=null RUNNING
2022-02-04 12:59:40,763 [Command processor thread] INFO  server.RaftServer$Division (RaftServerImpl.java:lambda$close$4(412)) - 99ec0913-bcd1-4774-8e53-643ce8734cf6@group-3FF861DD1686: shutdown
2022-02-04 12:59:40,763 [Command processor thread] INFO  util.JmxRegister (JmxRegister.java:unregister(73)) - Successfully un-registered JMX Bean with object name Ratis:service=RaftServer,group=group-3FF861DD1686,id=99ec0913-bcd1-4774-8e53-643ce8734cf6
2022-02-04 12:59:40,763 [Command processor thread] INFO  impl.RoleInfo (RoleInfo.java:shutdownFollowerState(108)) - 99ec0913-bcd1-4774-8e53-643ce8734cf6: shutdown 99ec0913-bcd1-4774-8e53-643ce8734cf6@group-3FF861DD1686-FollowerState
2022-02-04 12:59:40,763 [Command processor thread] INFO  impl.StateMachineUpdater (StateMachineUpdater.java:stopAndJoin(149)) - 99ec0913-bcd1-4774-8e53-643ce8734cf6@group-3FF861DD1686-StateMachineUpdater: set stopIndex = -1
2022-02-04 12:59:40,763 [99ec0913-bcd1-4774-8e53-643ce8734cf6@group-3FF861DD1686-FollowerState] INFO  impl.FollowerState (FollowerState.java:run(143)) - 99ec0913-bcd1-4774-8e53-643ce8734cf6@group-3FF861DD1686-FollowerState was interrupted: {}
java.lang.InterruptedException: sleep interrupted
	at java.lang.Thread.sleep(Native Method)
	at java.lang.Thread.sleep(Thread.java:340)
	at java.util.concurrent.TimeUnit.sleep(TimeUnit.java:386)
	at org.apache.ratis.util.TimeDuration.sleep(TimeDuration.java:324)
	at org.apache.ratis.util.TimeDuration.sleep(TimeDuration.java:309)
	at org.apache.ratis.server.impl.FollowerState.run(FollowerState.java:118)
2022-02-04 12:59:40,763 [Command processor thread] INFO  server.RaftServer$Division (ServerState.java:close(419)) - 99ec0913-bcd1-4774-8e53-643ce8734cf6@group-3FF861DD1686: closes. applyIndex: -1
2022-02-04 12:59:40,768 [99ec0913-bcd1-4774-8e53-643ce8734cf6@group-3FF861DD1686-SegmentedRaftLogWorker] INFO  segmented.SegmentedRaftLogWorker (SegmentedRaftLogWorker.java:run(327)) - 99ec0913-bcd1-4774-8e53-643ce8734cf6@group-3FF861DD1686-SegmentedRaftLogWorker was interrupted, exiting. There are 0 tasks remaining in the queue.
2022-02-04 12:59:40,768 [Command processor thread] INFO  segmented.SegmentedRaftLogWorker (SegmentedRaftLogWorker.java:close(237)) - 99ec0913-bcd1-4774-8e53-643ce8734cf6@group-3FF861DD1686-SegmentedRaftLogWorker close()
2022-02-04 12:59:40,771 [Command processor thread] INFO  server.RaftServer$Division (RaftServerImpl.java:groupRemove(382)) - 99ec0913-bcd1-4774-8e53-643ce8734cf6@group-3FF861DD1686: Succeed to remove RaftStorageDirectory Storage Directory /home/runner/work/ozone/ozone/hadoop-ozone/integration-test/target/test-dir/MiniOzoneClusterImpl-5b939f7d-2090-4c2b-bba9-fa55352059d6/datanode-0/data/ratis/e44ca63e-d44e-44e5-99a0-3ff861dd1686
2022-02-04 12:59:40,771 [Command processor thread] INFO  commandhandler.ClosePipelineCommandHandler (ClosePipelineCommandHandler.java:handle(78)) - Close Pipeline PipelineID=e44ca63e-d44e-44e5-99a0-3ff861dd1686 command on datanode 99ec0913-bcd1-4774-8e53-643ce8734cf6.
2022-02-04 12:59:40,771 [Command processor thread] INFO  server.RaftServer (RaftServerProxy.java:remove(106)) - 99ec0913-bcd1-4774-8e53-643ce8734cf6: remove    LEADER 99ec0913-bcd1-4774-8e53-643ce8734cf6@group-31B87AFC2984:t1, leader=99ec0913-bcd1-4774-8e53-643ce8734cf6, voted=99ec0913-bcd1-4774-8e53-643ce8734cf6, raftlog=99ec0913-bcd1-4774-8e53-643ce8734cf6@group-31B87AFC2984-SegmentedRaftLog:OPENED:c10, conf=0: [4dd803c0-ea86-48ec-b5c9-2601c1b23b4d|rpc:10.1.0.52:34153|dataStream:|priority:0, 99ec0913-bcd1-4774-8e53-643ce8734cf6|rpc:10.1.0.52:38161|dataStream:|priority:1, cd33ab12-5c76-4090-ae9e-f8dc2a96321d|rpc:10.1.0.52:40103|dataStream:|priority:0], old=null RUNNING
2022-02-04 12:59:40,771 [Command processor thread] INFO  server.RaftServer$Division (RaftServerImpl.java:lambda$close$4(412)) - 99ec0913-bcd1-4774-8e53-643ce8734cf6@group-31B87AFC2984: shutdown
2022-02-04 12:59:40,772 [Command processor thread] INFO  util.JmxRegister (JmxRegister.java:unregister(73)) - Successfully un-registered JMX Bean with object name Ratis:service=RaftServer,group=group-31B87AFC2984,id=99ec0913-bcd1-4774-8e53-643ce8734cf6
2022-02-04 12:59:40,772 [Command processor thread] INFO  impl.RoleInfo (RoleInfo.java:shutdownLeaderState(91)) - 99ec0913-bcd1-4774-8e53-643ce8734cf6: shutdown 99ec0913-bcd1-4774-8e53-643ce8734cf6@group-31B87AFC2984-LeaderStateImpl
2022-02-04 12:59:40,772 [99ec0913-bcd1-4774-8e53-643ce8734cf6@group-31B87AFC2984->4dd803c0-ea86-48ec-b5c9-2601c1b23b4d-GrpcLogAppender-LogAppenderDaemon] WARN  server.GrpcLogAppender (GrpcLogAppender.java:mayWait(177)) - 99ec0913-bcd1-4774-8e53-643ce8734cf6@group-31B87AFC2984->4dd803c0-ea86-48ec-b5c9-2601c1b23b4d-GrpcLogAppender: Wait interrupted by java.lang.InterruptedException
2022-02-04 12:59:40,773 [99ec0913-bcd1-4774-8e53-643ce8734cf6@group-31B87AFC2984->cd33ab12-5c76-4090-ae9e-f8dc2a96321d-GrpcLogAppender-LogAppenderDaemon] WARN  server.GrpcLogAppender (GrpcLogAppender.java:mayWait(177)) - 99ec0913-bcd1-4774-8e53-643ce8734cf6@group-31B87AFC2984->cd33ab12-5c76-4090-ae9e-f8dc2a96321d-GrpcLogAppender: Wait interrupted by java.lang.InterruptedException
2022-02-04 12:59:40,773 [Command processor thread] INFO  impl.PendingRequests (PendingRequests.java:sendNotLeaderResponses(282)) - 99ec0913-bcd1-4774-8e53-643ce8734cf6@group-31B87AFC2984-PendingRequests: sendNotLeaderResponses
2022-02-04 12:59:40,773 [grpc-default-executor-1] INFO  server.GrpcServerProtocolService (GrpcServerProtocolService.java:onCompleted(140)) - 4dd803c0-ea86-48ec-b5c9-2601c1b23b4d: Completed APPEND_ENTRIES, lastRequest: 99ec0913-bcd1-4774-8e53-643ce8734cf6->4dd803c0-ea86-48ec-b5c9-2601c1b23b4d#434-t1,previous=(t:1, i:9),leaderCommit=9,initializing? true,entries: size=1, first=(t:1, i:10), METADATAENTRY(c:9)
2022-02-04 12:59:40,773 [grpc-default-executor-0] INFO  server.GrpcServerProtocolService (GrpcServerProtocolService.java:onCompleted(140)) - cd33ab12-5c76-4090-ae9e-f8dc2a96321d: Completed APPEND_ENTRIES, lastRequest: 99ec0913-bcd1-4774-8e53-643ce8734cf6->cd33ab12-5c76-4090-ae9e-f8dc2a96321d#192-t1,previous=(t:1, i:9),leaderCommit=9,initializing? true,entries: size=1, first=(t:1, i:10), METADATAENTRY(c:9)
2022-02-04 12:59:40,774 [grpc-default-executor-4] INFO  server.GrpcLogAppender (GrpcLogAppender.java:onCompleted(346)) - 99ec0913-bcd1-4774-8e53-643ce8734cf6@group-31B87AFC2984->4dd803c0-ea86-48ec-b5c9-2601c1b23b4d-AppendLogResponseHandler: follower responses appendEntries COMPLETED
2022-02-04 12:59:40,775 [grpc-default-executor-4] INFO  leader.FollowerInfo (FollowerInfoImpl.java:lambda$new$0(47)) - 99ec0913-bcd1-4774-8e53-643ce8734cf6@group-31B87AFC2984->4dd803c0-ea86-48ec-b5c9-2601c1b23b4d: nextIndex: updateUnconditionally 11 -> 10
2022-02-04 12:59:40,775 [grpc-default-executor-3] INFO  server.GrpcLogAppender (GrpcLogAppender.java:onCompleted(346)) - 99ec0913-bcd1-4774-8e53-643ce8734cf6@group-31B87AFC2984->cd33ab12-5c76-4090-ae9e-f8dc2a96321d-AppendLogResponseHandler: follower responses appendEntries COMPLETED
2022-02-04 12:59:40,775 [grpc-default-executor-3] INFO  leader.FollowerInfo (FollowerInfoImpl.java:lambda$new$0(47)) - 99ec0913-bcd1-4774-8e53-643ce8734cf6@group-31B87AFC2984->cd33ab12-5c76-4090-ae9e-f8dc2a96321d: nextIndex: updateUnconditionally 11 -> 10
2022-02-04 12:59:40,781 [Command processor thread] INFO  impl.StateMachineUpdater (StateMachineUpdater.java:stopAndJoin(149)) - 99ec0913-bcd1-4774-8e53-643ce8734cf6@group-31B87AFC2984-StateMachineUpdater: set stopIndex = 10
2022-02-04 12:59:40,782 [99ec0913-bcd1-4774-8e53-643ce8734cf6@group-31B87AFC2984-StateMachineUpdater] INFO  ratis.ContainerStateMachine (ContainerStateMachine.java:takeSnapshot(299)) - group-31B87AFC2984: Taking a snapshot at:(t:1, i:10) file /home/runner/work/ozone/ozone/hadoop-ozone/integration-test/target/test-dir/MiniOzoneClusterImpl-5b939f7d-2090-4c2b-bba9-fa55352059d6/datanode-0/data/ratis/9dfef911-82a6-4066-87a3-31b87afc2984/sm/snapshot.1_10
2022-02-04 12:59:40,784 [99ec0913-bcd1-4774-8e53-643ce8734cf6@group-31B87AFC2984-StateMachineUpdater] INFO  ratis.ContainerStateMachine (ContainerStateMachine.java:takeSnapshot(310)) - group-31B87AFC2984: Finished taking a snapshot at:(t:1, i:10) file:/home/runner/work/ozone/ozone/hadoop-ozone/integration-test/target/test-dir/MiniOzoneClusterImpl-5b939f7d-2090-4c2b-bba9-fa55352059d6/datanode-0/data/ratis/9dfef911-82a6-4066-87a3-31b87afc2984/sm/snapshot.1_10 took: 2 ms
2022-02-04 12:59:40,784 [99ec0913-bcd1-4774-8e53-643ce8734cf6@group-31B87AFC2984-StateMachineUpdater] INFO  impl.StateMachineUpdater (StateMachineUpdater.java:takeSnapshot(281)) - 99ec0913-bcd1-4774-8e53-643ce8734cf6@group-31B87AFC2984-StateMachineUpdater: Took a snapshot at index 10
2022-02-04 12:59:40,785 [99ec0913-bcd1-4774-8e53-643ce8734cf6@group-31B87AFC2984-StateMachineUpdater] INFO  impl.StateMachineUpdater (StateMachineUpdater.java:lambda$new$0(89)) - 99ec0913-bcd1-4774-8e53-643ce8734cf6@group-31B87AFC2984-StateMachineUpdater: snapshotIndex: updateIncreasingly -1 -> 10
2022-02-04 12:59:40,785 [Command processor thread] INFO  server.RaftServer$Division (ServerState.java:close(419)) - 99ec0913-bcd1-4774-8e53-643ce8734cf6@group-31B87AFC2984: closes. applyIndex: 10
2022-02-04 12:59:40,785 [99ec0913-bcd1-4774-8e53-643ce8734cf6@group-31B87AFC2984-SegmentedRaftLogWorker] INFO  segmented.SegmentedRaftLogWorker (SegmentedRaftLogWorker.java:run(327)) - 99ec0913-bcd1-4774-8e53-643ce8734cf6@group-31B87AFC2984-SegmentedRaftLogWorker was interrupted, exiting. There are 0 tasks remaining in the queue.
2022-02-04 12:59:40,798 [Command processor thread] INFO  segmented.SegmentedRaftLogWorker (SegmentedRaftLogWorker.java:close(237)) - 99ec0913-bcd1-4774-8e53-643ce8734cf6@group-31B87AFC2984-SegmentedRaftLogWorker close()
2022-02-04 12:59:40,800 [Command processor thread] INFO  server.RaftServer$Division (RaftServerImpl.java:groupRemove(382)) - 99ec0913-bcd1-4774-8e53-643ce8734cf6@group-31B87AFC2984: Succeed to remove RaftStorageDirectory Storage Directory /home/runner/work/ozone/ozone/hadoop-ozone/integration-test/target/test-dir/MiniOzoneClusterImpl-5b939f7d-2090-4c2b-bba9-fa55352059d6/datanode-0/data/ratis/9dfef911-82a6-4066-87a3-31b87afc2984
2022-02-04 12:59:40,800 [Command processor thread] INFO  commandhandler.ClosePipelineCommandHandler (ClosePipelineCommandHandler.java:handle(78)) - Close Pipeline PipelineID=9dfef911-82a6-4066-87a3-31b87afc2984 command on datanode 99ec0913-bcd1-4774-8e53-643ce8734cf6.
2022-02-04 12:59:40,800 [Command processor thread] INFO  commandhandler.FinalizeNewLayoutVersionCommandHandler (FinalizeNewLayoutVersionCommandHandler.java:handle(64)) - Processing FinalizeNewLayoutVersionCommandHandler command.
2022-02-04 12:59:40,800 [Command processor thread] INFO  commandhandler.FinalizeNewLayoutVersionCommandHandler (FinalizeNewLayoutVersionCommandHandler.java:handle(77)) - Finalize Upgrade called!
2022-02-04 12:59:40,800 [Command processor thread] INFO  upgrade.UpgradeFinalizer (BasicUpgradeFinalizer.java:logAndEmit(342)) - Finalization started.
2022-02-04 12:59:40,800 [Command processor thread] INFO  upgrade.DatanodeSchemaV2FinalizeAction (DatanodeSchemaV2FinalizeAction.java:execute(44)) - Executing datanode 'onFinalize' action for the first version with upgrade support. New containers will be created with Schema Version 2 henceforth.
2022-02-04 12:59:40,803 [Command processor thread] INFO  upgrade.ScmHAFinalizeUpgradeActionDatanode (ScmHAFinalizeUpgradeActionDatanode.java:execute(52)) - Upgrading Datanode volume layout for SCM HA support.
2022-02-04 12:59:40,803 [Command processor thread] INFO  upgrade.ScmHAFinalizeUpgradeActionDatanode (ScmHAFinalizeUpgradeActionDatanode.java:upgradeVolume(98)) - Creating symlink /home/runner/work/ozone/ozone/hadoop-ozone/integration-test/target/test-dir/MiniOzoneClusterImpl-5b939f7d-2090-4c2b-bba9-fa55352059d6/datanode-0/data-0/containers/hdds/5b939f7d-2090-4c2b-bba9-fa55352059d6 -> 6c7347f7-a747-45bb-8c93-7e03b3acb69c as part of SCM HA finalization for datanode.
2022-02-04 12:59:40,810 [Command processor thread] INFO  upgrade.UpgradeFinalizer (BasicUpgradeFinalizer.java:logAndEmit(342)) - Finalization is done.
2022-02-04 12:59:40,810 [Command processor thread] INFO  commandhandler.FinalizeNewLayoutVersionCommandHandler (FinalizeNewLayoutVersionCommandHandler.java:handle(64)) - Processing FinalizeNewLayoutVersionCommandHandler command.
2022-02-04 12:59:41,165 [Command processor thread] INFO  server.RaftServer (RaftServerProxy.java:remove(106)) - cd33ab12-5c76-4090-ae9e-f8dc2a96321d: remove  FOLLOWER cd33ab12-5c76-4090-ae9e-f8dc2a96321d@group-3FF861DD1686:t1, leader=null, voted=cd33ab12-5c76-4090-ae9e-f8dc2a96321d, raftlog=cd33ab12-5c76-4090-ae9e-f8dc2a96321d@group-3FF861DD1686-SegmentedRaftLog:OPENED:c-1, conf=-1: [99ec0913-bcd1-4774-8e53-643ce8734cf6|rpc:10.1.0.52:38161|priority:1, 4dd803c0-ea86-48ec-b5c9-2601c1b23b4d|rpc:10.1.0.52:34153|priority:0, cd33ab12-5c76-4090-ae9e-f8dc2a96321d|rpc:10.1.0.52:40103|priority:0], old=null RUNNING
2022-02-04 12:59:41,166 [Command processor thread] INFO  server.RaftServer$Division (RaftServerImpl.java:lambda$close$4(412)) - cd33ab12-5c76-4090-ae9e-f8dc2a96321d@group-3FF861DD1686: shutdown
2022-02-04 12:59:41,166 [Command processor thread] INFO  util.JmxRegister (JmxRegister.java:unregister(73)) - Successfully un-registered JMX Bean with object name Ratis:service=RaftServer,group=group-3FF861DD1686,id=cd33ab12-5c76-4090-ae9e-f8dc2a96321d
2022-02-04 12:59:41,166 [Command processor thread] INFO  impl.RoleInfo (RoleInfo.java:shutdownFollowerState(108)) - cd33ab12-5c76-4090-ae9e-f8dc2a96321d: shutdown cd33ab12-5c76-4090-ae9e-f8dc2a96321d@group-3FF861DD1686-FollowerState
2022-02-04 12:59:41,166 [Command processor thread] INFO  impl.StateMachineUpdater (StateMachineUpdater.java:stopAndJoin(149)) - cd33ab12-5c76-4090-ae9e-f8dc2a96321d@group-3FF861DD1686-StateMachineUpdater: set stopIndex = -1
2022-02-04 12:59:41,166 [cd33ab12-5c76-4090-ae9e-f8dc2a96321d@group-3FF861DD1686-FollowerState] INFO  impl.FollowerState (FollowerState.java:run(143)) - cd33ab12-5c76-4090-ae9e-f8dc2a96321d@group-3FF861DD1686-FollowerState was interrupted: {}
java.lang.InterruptedException: sleep interrupted
	at java.lang.Thread.sleep(Native Method)
	at java.lang.Thread.sleep(Thread.java:340)
	at java.util.concurrent.TimeUnit.sleep(TimeUnit.java:386)
	at org.apache.ratis.util.TimeDuration.sleep(TimeDuration.java:324)
	at org.apache.ratis.util.TimeDuration.sleep(TimeDuration.java:309)
	at org.apache.ratis.server.impl.FollowerState.run(FollowerState.java:118)
2022-02-04 12:59:41,168 [Command processor thread] INFO  server.RaftServer$Division (ServerState.java:close(419)) - cd33ab12-5c76-4090-ae9e-f8dc2a96321d@group-3FF861DD1686: closes. applyIndex: -1
2022-02-04 12:59:41,168 [cd33ab12-5c76-4090-ae9e-f8dc2a96321d@group-3FF861DD1686-SegmentedRaftLogWorker] INFO  segmented.SegmentedRaftLogWorker (SegmentedRaftLogWorker.java:run(327)) - cd33ab12-5c76-4090-ae9e-f8dc2a96321d@group-3FF861DD1686-SegmentedRaftLogWorker was interrupted, exiting. There are 0 tasks remaining in the queue.
2022-02-04 12:59:41,168 [Command processor thread] INFO  segmented.SegmentedRaftLogWorker (SegmentedRaftLogWorker.java:close(237)) - cd33ab12-5c76-4090-ae9e-f8dc2a96321d@group-3FF861DD1686-SegmentedRaftLogWorker close()
2022-02-04 12:59:41,174 [Command processor thread] INFO  server.RaftServer$Division (RaftServerImpl.java:groupRemove(382)) - cd33ab12-5c76-4090-ae9e-f8dc2a96321d@group-3FF861DD1686: Succeed to remove RaftStorageDirectory Storage Directory /home/runner/work/ozone/ozone/hadoop-ozone/integration-test/target/test-dir/MiniOzoneClusterImpl-5b939f7d-2090-4c2b-bba9-fa55352059d6/datanode-1/data/ratis/e44ca63e-d44e-44e5-99a0-3ff861dd1686
2022-02-04 12:59:41,174 [Command processor thread] INFO  commandhandler.ClosePipelineCommandHandler (ClosePipelineCommandHandler.java:handle(78)) - Close Pipeline PipelineID=e44ca63e-d44e-44e5-99a0-3ff861dd1686 command on datanode cd33ab12-5c76-4090-ae9e-f8dc2a96321d.
2022-02-04 12:59:41,174 [Command processor thread] INFO  server.RaftServer (RaftServerProxy.java:remove(106)) - cd33ab12-5c76-4090-ae9e-f8dc2a96321d: remove  FOLLOWER cd33ab12-5c76-4090-ae9e-f8dc2a96321d@group-31B87AFC2984:t1, leader=99ec0913-bcd1-4774-8e53-643ce8734cf6, voted=cd33ab12-5c76-4090-ae9e-f8dc2a96321d, raftlog=cd33ab12-5c76-4090-ae9e-f8dc2a96321d@group-31B87AFC2984-SegmentedRaftLog:OPENED:c10, conf=0: [4dd803c0-ea86-48ec-b5c9-2601c1b23b4d|rpc:10.1.0.52:34153|dataStream:|priority:0, 99ec0913-bcd1-4774-8e53-643ce8734cf6|rpc:10.1.0.52:38161|dataStream:|priority:1, cd33ab12-5c76-4090-ae9e-f8dc2a96321d|rpc:10.1.0.52:40103|dataStream:|priority:0], old=null RUNNING
2022-02-04 12:59:41,174 [Command processor thread] INFO  server.RaftServer$Division (RaftServerImpl.java:lambda$close$4(412)) - cd33ab12-5c76-4090-ae9e-f8dc2a96321d@group-31B87AFC2984: shutdown
2022-02-04 12:59:41,174 [Command processor thread] INFO  util.JmxRegister (JmxRegister.java:unregister(73)) - Successfully un-registered JMX Bean with object name Ratis:service=RaftServer,group=group-31B87AFC2984,id=cd33ab12-5c76-4090-ae9e-f8dc2a96321d
2022-02-04 12:59:41,174 [Command processor thread] INFO  impl.RoleInfo (RoleInfo.java:shutdownFollowerState(108)) - cd33ab12-5c76-4090-ae9e-f8dc2a96321d: shutdown cd33ab12-5c76-4090-ae9e-f8dc2a96321d@group-31B87AFC2984-FollowerState
2022-02-04 12:59:41,175 [Command processor thread] INFO  impl.StateMachineUpdater (StateMachineUpdater.java:stopAndJoin(149)) - cd33ab12-5c76-4090-ae9e-f8dc2a96321d@group-31B87AFC2984-StateMachineUpdater: set stopIndex = 10
2022-02-04 12:59:41,175 [cd33ab12-5c76-4090-ae9e-f8dc2a96321d@group-31B87AFC2984-FollowerState] INFO  impl.FollowerState (FollowerState.java:run(143)) - cd33ab12-5c76-4090-ae9e-f8dc2a96321d@group-31B87AFC2984-FollowerState was interrupted: {}
java.lang.InterruptedException: sleep interrupted
	at java.lang.Thread.sleep(Native Method)
	at java.lang.Thread.sleep(Thread.java:340)
	at java.util.concurrent.TimeUnit.sleep(TimeUnit.java:386)
	at org.apache.ratis.util.TimeDuration.sleep(TimeDuration.java:324)
	at org.apache.ratis.util.TimeDuration.sleep(TimeDuration.java:309)
	at org.apache.ratis.server.impl.FollowerState.run(FollowerState.java:118)
2022-02-04 12:59:41,175 [cd33ab12-5c76-4090-ae9e-f8dc2a96321d@group-31B87AFC2984-StateMachineUpdater] INFO  ratis.ContainerStateMachine (ContainerStateMachine.java:takeSnapshot(299)) - group-31B87AFC2984: Taking a snapshot at:(t:1, i:10) file /home/runner/work/ozone/ozone/hadoop-ozone/integration-test/target/test-dir/MiniOzoneClusterImpl-5b939f7d-2090-4c2b-bba9-fa55352059d6/datanode-1/data/ratis/9dfef911-82a6-4066-87a3-31b87afc2984/sm/snapshot.1_10
2022-02-04 12:59:41,177 [cd33ab12-5c76-4090-ae9e-f8dc2a96321d@group-31B87AFC2984-StateMachineUpdater] INFO  ratis.ContainerStateMachine (ContainerStateMachine.java:takeSnapshot(310)) - group-31B87AFC2984: Finished taking a snapshot at:(t:1, i:10) file:/home/runner/work/ozone/ozone/hadoop-ozone/integration-test/target/test-dir/MiniOzoneClusterImpl-5b939f7d-2090-4c2b-bba9-fa55352059d6/datanode-1/data/ratis/9dfef911-82a6-4066-87a3-31b87afc2984/sm/snapshot.1_10 took: 2 ms
2022-02-04 12:59:41,177 [cd33ab12-5c76-4090-ae9e-f8dc2a96321d@group-31B87AFC2984-StateMachineUpdater] INFO  impl.StateMachineUpdater (StateMachineUpdater.java:takeSnapshot(281)) - cd33ab12-5c76-4090-ae9e-f8dc2a96321d@group-31B87AFC2984-StateMachineUpdater: Took a snapshot at index 10
2022-02-04 12:59:41,177 [cd33ab12-5c76-4090-ae9e-f8dc2a96321d@group-31B87AFC2984-StateMachineUpdater] INFO  impl.StateMachineUpdater (StateMachineUpdater.java:lambda$new$0(89)) - cd33ab12-5c76-4090-ae9e-f8dc2a96321d@group-31B87AFC2984-StateMachineUpdater: snapshotIndex: updateIncreasingly -1 -> 10
2022-02-04 12:59:41,178 [Command processor thread] INFO  server.RaftServer$Division (ServerState.java:close(419)) - cd33ab12-5c76-4090-ae9e-f8dc2a96321d@group-31B87AFC2984: closes. applyIndex: 10
2022-02-04 12:59:41,178 [cd33ab12-5c76-4090-ae9e-f8dc2a96321d@group-31B87AFC2984-SegmentedRaftLogWorker] INFO  segmented.SegmentedRaftLogWorker (SegmentedRaftLogWorker.java:run(327)) - cd33ab12-5c76-4090-ae9e-f8dc2a96321d@group-31B87AFC2984-SegmentedRaftLogWorker was interrupted, exiting. There are 0 tasks remaining in the queue.
2022-02-04 12:59:41,179 [Command processor thread] INFO  segmented.SegmentedRaftLogWorker (SegmentedRaftLogWorker.java:close(237)) - cd33ab12-5c76-4090-ae9e-f8dc2a96321d@group-31B87AFC2984-SegmentedRaftLogWorker close()
2022-02-04 12:59:41,180 [Command processor thread] INFO  server.RaftServer$Division (RaftServerImpl.java:groupRemove(382)) - cd33ab12-5c76-4090-ae9e-f8dc2a96321d@group-31B87AFC2984: Succeed to remove RaftStorageDirectory Storage Directory /home/runner/work/ozone/ozone/hadoop-ozone/integration-test/target/test-dir/MiniOzoneClusterImpl-5b939f7d-2090-4c2b-bba9-fa55352059d6/datanode-1/data/ratis/9dfef911-82a6-4066-87a3-31b87afc2984
2022-02-04 12:59:41,180 [Command processor thread] INFO  commandhandler.ClosePipelineCommandHandler (ClosePipelineCommandHandler.java:handle(78)) - Close Pipeline PipelineID=9dfef911-82a6-4066-87a3-31b87afc2984 command on datanode cd33ab12-5c76-4090-ae9e-f8dc2a96321d.
2022-02-04 12:59:41,180 [Command processor thread] INFO  server.RaftServer (RaftServerProxy.java:remove(106)) - cd33ab12-5c76-4090-ae9e-f8dc2a96321d: remove    LEADER cd33ab12-5c76-4090-ae9e-f8dc2a96321d@group-BB28D28C7810:t1, leader=cd33ab12-5c76-4090-ae9e-f8dc2a96321d, voted=cd33ab12-5c76-4090-ae9e-f8dc2a96321d, raftlog=cd33ab12-5c76-4090-ae9e-f8dc2a96321d@group-BB28D28C7810-SegmentedRaftLog:OPENED:c0, conf=0: [cd33ab12-5c76-4090-ae9e-f8dc2a96321d|rpc:10.1.0.52:40103|dataStream:|priority:1], old=null RUNNING
2022-02-04 12:59:41,180 [Command processor thread] INFO  server.RaftServer$Division (RaftServerImpl.java:lambda$close$4(412)) - cd33ab12-5c76-4090-ae9e-f8dc2a96321d@group-BB28D28C7810: shutdown
2022-02-04 12:59:41,180 [Command processor thread] INFO  util.JmxRegister (JmxRegister.java:unregister(73)) - Successfully un-registered JMX Bean with object name Ratis:service=RaftServer,group=group-BB28D28C7810,id=cd33ab12-5c76-4090-ae9e-f8dc2a96321d
2022-02-04 12:59:41,180 [Command processor thread] INFO  impl.RoleInfo (RoleInfo.java:shutdownLeaderState(91)) - cd33ab12-5c76-4090-ae9e-f8dc2a96321d: shutdown cd33ab12-5c76-4090-ae9e-f8dc2a96321d@group-BB28D28C7810-LeaderStateImpl
2022-02-04 12:59:41,181 [Command processor thread] INFO  impl.PendingRequests (PendingRequests.java:sendNotLeaderResponses(282)) - cd33ab12-5c76-4090-ae9e-f8dc2a96321d@group-BB28D28C7810-PendingRequests: sendNotLeaderResponses
2022-02-04 12:59:41,181 [Command processor thread] INFO  impl.StateMachineUpdater (StateMachineUpdater.java:stopAndJoin(149)) - cd33ab12-5c76-4090-ae9e-f8dc2a96321d@group-BB28D28C7810-StateMachineUpdater: set stopIndex = 0
2022-02-04 12:59:41,181 [cd33ab12-5c76-4090-ae9e-f8dc2a96321d@group-BB28D28C7810-StateMachineUpdater] INFO  ratis.ContainerStateMachine (ContainerStateMachine.java:takeSnapshot(299)) - group-BB28D28C7810: Taking a snapshot at:(t:1, i:0) file /home/runner/work/ozone/ozone/hadoop-ozone/integration-test/target/test-dir/MiniOzoneClusterImpl-5b939f7d-2090-4c2b-bba9-fa55352059d6/datanode-1/data/ratis/8a243daa-5b73-44e1-9f0a-bb28d28c7810/sm/snapshot.1_0
2022-02-04 12:59:41,182 [cd33ab12-5c76-4090-ae9e-f8dc2a96321d@group-BB28D28C7810-StateMachineUpdater] INFO  ratis.ContainerStateMachine (ContainerStateMachine.java:takeSnapshot(310)) - group-BB28D28C7810: Finished taking a snapshot at:(t:1, i:0) file:/home/runner/work/ozone/ozone/hadoop-ozone/integration-test/target/test-dir/MiniOzoneClusterImpl-5b939f7d-2090-4c2b-bba9-fa55352059d6/datanode-1/data/ratis/8a243daa-5b73-44e1-9f0a-bb28d28c7810/sm/snapshot.1_0 took: 1 ms
2022-02-04 12:59:41,182 [cd33ab12-5c76-4090-ae9e-f8dc2a96321d@group-BB28D28C7810-StateMachineUpdater] INFO  impl.StateMachineUpdater (StateMachineUpdater.java:takeSnapshot(281)) - cd33ab12-5c76-4090-ae9e-f8dc2a96321d@group-BB28D28C7810-StateMachineUpdater: Took a snapshot at index 0
2022-02-04 12:59:41,182 [cd33ab12-5c76-4090-ae9e-f8dc2a96321d@group-BB28D28C7810-StateMachineUpdater] INFO  impl.StateMachineUpdater (StateMachineUpdater.java:lambda$new$0(89)) - cd33ab12-5c76-4090-ae9e-f8dc2a96321d@group-BB28D28C7810-StateMachineUpdater: snapshotIndex: updateIncreasingly -1 -> 0
2022-02-04 12:59:41,183 [Command processor thread] INFO  server.RaftServer$Division (ServerState.java:close(419)) - cd33ab12-5c76-4090-ae9e-f8dc2a96321d@group-BB28D28C7810: closes. applyIndex: 0
2022-02-04 12:59:41,183 [cd33ab12-5c76-4090-ae9e-f8dc2a96321d@group-BB28D28C7810-SegmentedRaftLogWorker] INFO  segmented.SegmentedRaftLogWorker (SegmentedRaftLogWorker.java:run(327)) - cd33ab12-5c76-4090-ae9e-f8dc2a96321d@group-BB28D28C7810-SegmentedRaftLogWorker was interrupted, exiting. There are 0 tasks remaining in the queue.
2022-02-04 12:59:41,183 [Command processor thread] INFO  segmented.SegmentedRaftLogWorker (SegmentedRaftLogWorker.java:close(237)) - cd33ab12-5c76-4090-ae9e-f8dc2a96321d@group-BB28D28C7810-SegmentedRaftLogWorker close()
2022-02-04 12:59:41,186 [IPC Server handler 9 on default port 41383] WARN  node.SCMNodeManager (SCMNodeManager.java:processLayoutVersionReport(598)) - Data node fv-az116-891.vzw04321ajxubdbcnpick5nqva.xx.internal.cloudapp.net can not be used in any pipeline in the cluster. DataNode MetadataLayoutVersion = 0, SCM MetadataLayoutVersion = 2
2022-02-04 12:59:41,187 [EventQueue-PipelineReportForPipelineReportHandler] INFO  pipeline.PipelineReportHandler (PipelineReportHandler.java:processPipelineReport(113)) - Reported pipeline PipelineID=8a243daa-5b73-44e1-9f0a-bb28d28c7810 is not found
2022-02-04 12:59:41,187 [EventQueue-PipelineReportForPipelineReportHandler] INFO  pipeline.PipelineReportHandler (PipelineReportHandler.java:processPipelineReport(113)) - Reported pipeline PipelineID=e44ca63e-d44e-44e5-99a0-3ff861dd1686 is not found
2022-02-04 12:59:41,187 [EventQueue-PipelineReportForPipelineReportHandler] INFO  pipeline.PipelineReportHandler (PipelineReportHandler.java:processPipelineReport(113)) - Reported pipeline PipelineID=72db46a2-1f21-44a2-8da9-a406557888d6 is not found
2022-02-04 12:59:41,187 [EventQueue-PipelineReportForPipelineReportHandler] INFO  pipeline.PipelineReportHandler (PipelineReportHandler.java:processPipelineReport(113)) - Reported pipeline PipelineID=9dfef911-82a6-4066-87a3-31b87afc2984 is not found
2022-02-04 12:59:41,193 [Command processor thread] INFO  server.RaftServer$Division (RaftServerImpl.java:groupRemove(382)) - cd33ab12-5c76-4090-ae9e-f8dc2a96321d@group-BB28D28C7810: Succeed to remove RaftStorageDirectory Storage Directory /home/runner/work/ozone/ozone/hadoop-ozone/integration-test/target/test-dir/MiniOzoneClusterImpl-5b939f7d-2090-4c2b-bba9-fa55352059d6/datanode-1/data/ratis/8a243daa-5b73-44e1-9f0a-bb28d28c7810
2022-02-04 12:59:41,193 [Command processor thread] INFO  commandhandler.ClosePipelineCommandHandler (ClosePipelineCommandHandler.java:handle(78)) - Close Pipeline PipelineID=8a243daa-5b73-44e1-9f0a-bb28d28c7810 command on datanode cd33ab12-5c76-4090-ae9e-f8dc2a96321d.
2022-02-04 12:59:41,193 [Command processor thread] INFO  server.RaftServer (RaftServerProxy.java:remove(106)) - cd33ab12-5c76-4090-ae9e-f8dc2a96321d: remove    LEADER cd33ab12-5c76-4090-ae9e-f8dc2a96321d@group-A406557888D6:t1, leader=cd33ab12-5c76-4090-ae9e-f8dc2a96321d, voted=cd33ab12-5c76-4090-ae9e-f8dc2a96321d, raftlog=cd33ab12-5c76-4090-ae9e-f8dc2a96321d@group-A406557888D6-SegmentedRaftLog:OPENED:c0, conf=0: [cd33ab12-5c76-4090-ae9e-f8dc2a96321d|rpc:10.1.0.52:40103|dataStream:|priority:1], old=null RUNNING
2022-02-04 12:59:41,193 [Command processor thread] INFO  server.RaftServer$Division (RaftServerImpl.java:lambda$close$4(412)) - cd33ab12-5c76-4090-ae9e-f8dc2a96321d@group-A406557888D6: shutdown
2022-02-04 12:59:41,194 [Command processor thread] INFO  util.JmxRegister (JmxRegister.java:unregister(73)) - Successfully un-registered JMX Bean with object name Ratis:service=RaftServer,group=group-A406557888D6,id=cd33ab12-5c76-4090-ae9e-f8dc2a96321d
2022-02-04 12:59:41,194 [Command processor thread] INFO  impl.RoleInfo (RoleInfo.java:shutdownLeaderState(91)) - cd33ab12-5c76-4090-ae9e-f8dc2a96321d: shutdown cd33ab12-5c76-4090-ae9e-f8dc2a96321d@group-A406557888D6-LeaderStateImpl
2022-02-04 12:59:41,194 [Command processor thread] INFO  impl.PendingRequests (PendingRequests.java:sendNotLeaderResponses(282)) - cd33ab12-5c76-4090-ae9e-f8dc2a96321d@group-A406557888D6-PendingRequests: sendNotLeaderResponses
2022-02-04 12:59:41,194 [Command processor thread] INFO  impl.StateMachineUpdater (StateMachineUpdater.java:stopAndJoin(149)) - cd33ab12-5c76-4090-ae9e-f8dc2a96321d@group-A406557888D6-StateMachineUpdater: set stopIndex = 0
2022-02-04 12:59:41,194 [cd33ab12-5c76-4090-ae9e-f8dc2a96321d@group-A406557888D6-StateMachineUpdater] INFO  ratis.ContainerStateMachine (ContainerStateMachine.java:takeSnapshot(299)) - group-A406557888D6: Taking a snapshot at:(t:1, i:0) file /home/runner/work/ozone/ozone/hadoop-ozone/integration-test/target/test-dir/MiniOzoneClusterImpl-5b939f7d-2090-4c2b-bba9-fa55352059d6/datanode-1/data/ratis/72db46a2-1f21-44a2-8da9-a406557888d6/sm/snapshot.1_0
2022-02-04 12:59:41,196 [cd33ab12-5c76-4090-ae9e-f8dc2a96321d@group-A406557888D6-StateMachineUpdater] INFO  ratis.ContainerStateMachine (ContainerStateMachine.java:takeSnapshot(310)) - group-A406557888D6: Finished taking a snapshot at:(t:1, i:0) file:/home/runner/work/ozone/ozone/hadoop-ozone/integration-test/target/test-dir/MiniOzoneClusterImpl-5b939f7d-2090-4c2b-bba9-fa55352059d6/datanode-1/data/ratis/72db46a2-1f21-44a2-8da9-a406557888d6/sm/snapshot.1_0 took: 2 ms
2022-02-04 12:59:41,196 [cd33ab12-5c76-4090-ae9e-f8dc2a96321d@group-A406557888D6-StateMachineUpdater] INFO  impl.StateMachineUpdater (StateMachineUpdater.java:takeSnapshot(281)) - cd33ab12-5c76-4090-ae9e-f8dc2a96321d@group-A406557888D6-StateMachineUpdater: Took a snapshot at index 0
2022-02-04 12:59:41,196 [cd33ab12-5c76-4090-ae9e-f8dc2a96321d@group-A406557888D6-StateMachineUpdater] INFO  impl.StateMachineUpdater (StateMachineUpdater.java:lambda$new$0(89)) - cd33ab12-5c76-4090-ae9e-f8dc2a96321d@group-A406557888D6-StateMachineUpdater: snapshotIndex: updateIncreasingly -1 -> 0
2022-02-04 12:59:41,201 [Command processor thread] INFO  server.RaftServer$Division (ServerState.java:close(419)) - cd33ab12-5c76-4090-ae9e-f8dc2a96321d@group-A406557888D6: closes. applyIndex: 0
2022-02-04 12:59:41,201 [cd33ab12-5c76-4090-ae9e-f8dc2a96321d@group-A406557888D6-SegmentedRaftLogWorker] INFO  segmented.SegmentedRaftLogWorker (SegmentedRaftLogWorker.java:run(327)) - cd33ab12-5c76-4090-ae9e-f8dc2a96321d@group-A406557888D6-SegmentedRaftLogWorker was interrupted, exiting. There are 0 tasks remaining in the queue.
2022-02-04 12:59:41,203 [Command processor thread] INFO  segmented.SegmentedRaftLogWorker (SegmentedRaftLogWorker.java:close(237)) - cd33ab12-5c76-4090-ae9e-f8dc2a96321d@group-A406557888D6-SegmentedRaftLogWorker close()
2022-02-04 12:59:41,204 [Command processor thread] INFO  server.RaftServer$Division (RaftServerImpl.java:groupRemove(382)) - cd33ab12-5c76-4090-ae9e-f8dc2a96321d@group-A406557888D6: Succeed to remove RaftStorageDirectory Storage Directory /home/runner/work/ozone/ozone/hadoop-ozone/integration-test/target/test-dir/MiniOzoneClusterImpl-5b939f7d-2090-4c2b-bba9-fa55352059d6/datanode-1/data/ratis/72db46a2-1f21-44a2-8da9-a406557888d6
2022-02-04 12:59:41,204 [Command processor thread] INFO  commandhandler.ClosePipelineCommandHandler (ClosePipelineCommandHandler.java:handle(78)) - Close Pipeline PipelineID=72db46a2-1f21-44a2-8da9-a406557888d6 command on datanode cd33ab12-5c76-4090-ae9e-f8dc2a96321d.
2022-02-04 12:59:41,204 [Command processor thread] INFO  commandhandler.FinalizeNewLayoutVersionCommandHandler (FinalizeNewLayoutVersionCommandHandler.java:handle(64)) - Processing FinalizeNewLayoutVersionCommandHandler command.
2022-02-04 12:59:41,204 [Command processor thread] INFO  commandhandler.FinalizeNewLayoutVersionCommandHandler (FinalizeNewLayoutVersionCommandHandler.java:handle(77)) - Finalize Upgrade called!
2022-02-04 12:59:41,204 [Command processor thread] INFO  upgrade.UpgradeFinalizer (BasicUpgradeFinalizer.java:logAndEmit(342)) - Finalization started.
2022-02-04 12:59:41,204 [Command processor thread] INFO  upgrade.DatanodeSchemaV2FinalizeAction (DatanodeSchemaV2FinalizeAction.java:execute(44)) - Executing datanode 'onFinalize' action for the first version with upgrade support. New containers will be created with Schema Version 2 henceforth.
2022-02-04 12:59:41,206 [Command processor thread] INFO  upgrade.ScmHAFinalizeUpgradeActionDatanode (ScmHAFinalizeUpgradeActionDatanode.java:execute(52)) - Upgrading Datanode volume layout for SCM HA support.
2022-02-04 12:59:41,206 [Command processor thread] INFO  upgrade.ScmHAFinalizeUpgradeActionDatanode (ScmHAFinalizeUpgradeActionDatanode.java:upgradeVolume(98)) - Creating symlink /home/runner/work/ozone/ozone/hadoop-ozone/integration-test/target/test-dir/MiniOzoneClusterImpl-5b939f7d-2090-4c2b-bba9-fa55352059d6/datanode-1/data-0/containers/hdds/5b939f7d-2090-4c2b-bba9-fa55352059d6 -> 6c7347f7-a747-45bb-8c93-7e03b3acb69c as part of SCM HA finalization for datanode.
2022-02-04 12:59:41,207 [Command processor thread] INFO  upgrade.UpgradeFinalizer (BasicUpgradeFinalizer.java:logAndEmit(342)) - Finalization is done.
2022-02-04 12:59:41,207 [Command processor thread] INFO  commandhandler.FinalizeNewLayoutVersionCommandHandler (FinalizeNewLayoutVersionCommandHandler.java:handle(64)) - Processing FinalizeNewLayoutVersionCommandHandler command.
2022-02-04 12:59:41,207 [Command processor thread] INFO  commandhandler.FinalizeNewLayoutVersionCommandHandler (FinalizeNewLayoutVersionCommandHandler.java:handle(64)) - Processing FinalizeNewLayoutVersionCommandHandler command.
2022-02-04 12:59:41,207 [Command processor thread] INFO  commandhandler.FinalizeNewLayoutVersionCommandHandler (FinalizeNewLayoutVersionCommandHandler.java:handle(64)) - Processing FinalizeNewLayoutVersionCommandHandler command.
2022-02-04 12:59:41,241 [Listener at 127.0.0.1/43489] INFO  ozone.MiniOzoneClusterImpl (MiniOzoneClusterImpl.java:lambda$waitForClusterToBeReady$0(219)) - Nodes are ready. Got 3 of 3 DN Heartbeats.
2022-02-04 12:59:41,241 [Listener at 127.0.0.1/43489] INFO  ozone.MiniOzoneClusterImpl (MiniOzoneClusterImpl.java:lambda$waitForClusterToBeReady$0(222)) - Cluster exits safe mode
2022-02-04 12:59:41,241 [Listener at 127.0.0.1/43489] INFO  ozone.MiniOzoneClusterImpl (MiniOzoneClusterImpl.java:lambda$waitForClusterToBeReady$0(224)) - SCM became leader
2022-02-04 12:59:41,242 [Listener at 127.0.0.1/43489] WARN  server.ServerUtils (ServerUtils.java:getScmDbDir(148)) - ozone.scm.db.dirs is not configured. We recommend adding this setting. Falling back to ozone.metadata.dirs instead.
2022-02-04 12:59:41,245 [Listener at 127.0.0.1/43489] INFO  ha.SCMHANodeDetails (SCMHANodeDetails.java:loadSCMHAConfig(157)) - ServiceID for StorageContainerManager is null
2022-02-04 12:59:41,245 [Listener at 127.0.0.1/43489] INFO  ha.SCMHANodeDetails (SCMHANodeDetails.java:loadSCMHAConfig(162)) - ozone.scm.default.service.id is not defined, falling back to ozone.scm.service.ids to find serviceID for StorageContainerManager if it is HA enabled cluster
2022-02-04 12:59:41,246 [Listener at 127.0.0.1/43489] WARN  server.ServerUtils (ServerUtils.java:getScmDbDir(148)) - ozone.scm.db.dirs is not configured. We recommend adding this setting. Falling back to ozone.metadata.dirs instead.
2022-02-04 12:59:41,246 [Listener at 127.0.0.1/43489] INFO  upgrade.AbstractLayoutVersionManager (AbstractLayoutVersionManager.java:init(79)) - Initializing Layout version manager with metadata layout = INITIAL_VERSION (version = 0), software layout = SCM_HA (version = 2)
2022-02-04 12:59:41,312 [Listener at 127.0.0.1/43489] INFO  reflections.Reflections (Reflections.java:scan(232)) - Reflections took 65 ms to scan 7 urls, producing 119 keys and 279 values 
2022-02-04 12:59:41,317 [Listener at 127.0.0.1/43489] INFO  upgrade.HDDSLayoutVersionManager (HDDSLayoutVersionManager.java:lambda$registerUpgradeActions$0(76)) - Registering Upgrade Action : DatanodeSchemaV2FinalizeAction
2022-02-04 12:59:41,317 [Listener at 127.0.0.1/43489] INFO  upgrade.HDDSLayoutVersionManager (HDDSLayoutVersionManager.java:lambda$registerUpgradeActions$0(76)) - Registering Upgrade Action : ScmOnFinalizeActionForDatanodeSchemaV2
2022-02-04 12:59:41,317 [Listener at 127.0.0.1/43489] INFO  upgrade.HDDSLayoutVersionManager (HDDSLayoutVersionManager.java:lambda$registerUpgradeActions$0(76)) - Registering Upgrade Action : ScmHAFinalizeUpgradeActionDatanode
2022-02-04 12:59:41,317 [Listener at 127.0.0.1/43489] INFO  upgrade.HDDSLayoutVersionManager (HDDSLayoutVersionManager.java:lambda$registerUpgradeActions$0(76)) - Registering Upgrade Action : ScmHAUnfinalizedStateValidationAction
2022-02-04 12:59:41,317 [Listener at 127.0.0.1/43489] WARN  utils.HAUtils (HAUtils.java:getMetaDir(342)) - ozone.scm.db.dirs is not configured. We recommend adding this setting. Falling back to ozone.metadata.dirs instead.
2022-02-04 12:59:41,318 [Listener at 127.0.0.1/43489] WARN  db.DBStoreBuilder (DBStoreBuilder.java:applyDBDefinition(145)) - ozone.scm.db.dirs is not configured. We recommend adding this setting. Falling back to ozone.metadata.dirs instead.
2022-02-04 12:59:41,457 [Listener at 127.0.0.1/43489] INFO  net.NodeSchemaLoader (NodeSchemaLoader.java:loadSchemaFromFile(129)) - Loading schema from [jar:file:/home/runner/.m2/repository/org/apache/ozone/hdds-common/1.3.0-SNAPSHOT/hdds-common-1.3.0-SNAPSHOT.jar!/network-topology-default.xml]
2022-02-04 12:59:41,457 [Listener at 127.0.0.1/43489] INFO  net.NodeSchemaLoader (NodeSchemaLoader.java:loadSchema(176)) - Loading network topology layer schema file
2022-02-04 12:59:41,466 [Listener at 127.0.0.1/43489] WARN  impl.MetricRegistriesImpl (MetricRegistriesImpl.java:addReporterRegistration(111)) - New reporters are added after registries were created. Some metrics will be missing from the reporter. Please add reporter before adding any new registry.
2022-02-04 12:59:41,466 [Listener at 127.0.0.1/43489] WARN  impl.MetricRegistriesImpl (MetricRegistriesImpl.java:addReporterRegistration(111)) - New reporters are added after registries were created. Some metrics will be missing from the reporter. Please add reporter before adding any new registry.
2022-02-04 12:59:41,467 [Listener at 127.0.0.1/43489] INFO  ha.SequenceIdGenerator (SequenceIdGenerator.java:upgradeToSequenceId(347)) - upgrade localId to 109611004723200000
2022-02-04 12:59:41,467 [Listener at 127.0.0.1/43489] INFO  ha.SequenceIdGenerator (SequenceIdGenerator.java:upgradeToSequenceId(357)) - upgrade delTxnId to 0
2022-02-04 12:59:41,467 [Listener at 127.0.0.1/43489] INFO  ha.SequenceIdGenerator (SequenceIdGenerator.java:upgradeToSequenceId(371)) - upgrade containerId to 0
2022-02-04 12:59:41,467 [Listener at 127.0.0.1/43489] INFO  ha.SequenceIdGenerator (SequenceIdGenerator.java:<init>(218)) - Init the HA SequenceIdGenerator.
2022-02-04 12:59:41,474 [Listener at 127.0.0.1/43489] INFO  node.SCMNodeManager (SCMNodeManager.java:<init>(144)) - Entering startup safe mode.
2022-02-04 12:59:41,475 [Listener at 127.0.0.1/43489] INFO  algorithms.ContainerPlacementPolicyFactory (ContainerPlacementPolicyFactory.java:getPolicy(60)) - Create container placement policy of type org.apache.hadoop.hdds.scm.container.placement.algorithms.SCMContainerPlacementRandom
2022-02-04 12:59:41,475 [Listener at 127.0.0.1/43489] INFO  pipeline.PipelineStateManagerImpl (PipelineStateManagerImpl.java:initialize(78)) - No pipeline exists in current db
2022-02-04 12:59:41,475 [Listener at 127.0.0.1/43489] INFO  algorithms.LeaderChoosePolicyFactory (LeaderChoosePolicyFactory.java:getPolicy(57)) - Create leader choose policy of type org.apache.hadoop.hdds.scm.pipeline.leader.choose.algorithms.MinLeaderCountChoosePolicy
2022-02-04 12:59:41,475 [Listener at 127.0.0.1/43489] INFO  ha.SCMServiceManager (SCMServiceManager.java:register(43)) - Registering service BackgroundPipelineCreator.
2022-02-04 12:59:41,475 [Listener at 127.0.0.1/43489] INFO  pipeline.BackgroundPipelineCreator (BackgroundPipelineCreator.java:start(130)) - Starting RatisPipelineUtilsThread.
2022-02-04 12:59:41,476 [Listener at 127.0.0.1/43489] INFO  algorithms.PipelineChoosePolicyFactory (PipelineChoosePolicyFactory.java:createPipelineChoosePolicyFromClass(73)) - Create pipeline choose policy of type org.apache.hadoop.hdds.scm.pipeline.choose.algorithms.RandomPipelineChoosePolicy
2022-02-04 12:59:41,477 [Listener at 127.0.0.1/43489] INFO  ha.SCMServiceManager (SCMServiceManager.java:register(43)) - Registering service SCMBlockDeletingService.
2022-02-04 12:59:41,477 [Listener at 127.0.0.1/43489] INFO  ha.SCMServiceManager (SCMServiceManager.java:register(43)) - Registering service ReplicationManager.
2022-02-04 12:59:41,477 [Listener at 127.0.0.1/43489] INFO  container.ReplicationManager (ReplicationManager.java:start(326)) - Starting Replication Monitor Thread.
2022-02-04 12:59:41,484 [Listener at 127.0.0.1/43489] INFO  safemode.ContainerSafeModeRule (ContainerSafeModeRule.java:<init>(89)) - containers with one replica threshold count 0
2022-02-04 12:59:41,484 [Listener at 127.0.0.1/43489] INFO  safemode.HealthyPipelineSafeModeRule (HealthyPipelineSafeModeRule.java:initializeRule(156)) - Total pipeline count is 0, healthy pipeline threshold count is 1
2022-02-04 12:59:41,484 [Listener at 127.0.0.1/43489] INFO  safemode.OneReplicaPipelineSafeModeRule (OneReplicaPipelineSafeModeRule.java:initializeRule(180)) - Total pipeline count is 0, pipeline's with at least one datanode reported threshold count is 0
2022-02-04 12:59:41,493 [EventQueue-HealthyReadonlyToHealthyNodeForReadOnlyHealthyToHealthyNodeHandler] INFO  node.ReadOnlyHealthyToHealthyNodeHandler (ReadOnlyHealthyToHealthyNodeHandler.java:onMessage(51)) - Datanode 99ec0913-bcd1-4774-8e53-643ce8734cf6{ip: 10.1.0.52, host: fv-az116-891.vzw04321ajxubdbcnpick5nqva.xx.internal.cloudapp.net, ports: [REPLICATION=43877, RATIS=38161, RATIS_ADMIN=38161, RATIS_SERVER=38161, STANDALONE=41191], networkLocation: /default-rack, certSerialId: null, persistedOpState: IN_SERVICE, persistedOpStateExpiryEpochSec: 0} moved to HEALTHY state.
2022-02-04 12:59:41,493 [EventQueue-HealthyReadonlyToHealthyNodeForReadOnlyHealthyToHealthyNodeHandler] INFO  pipeline.BackgroundPipelineCreator (BackgroundPipelineCreator.java:notifyEventTriggered(285)) - trigger a one-shot run on RatisPipelineUtilsThread.
2022-02-04 12:59:41,494 [RatisPipelineUtilsThread - 0] INFO  pipeline.RatisPipelineProvider (RatisPipelineProvider.java:lambda$create$0(183)) - Sending CreatePipelineCommand for pipeline:PipelineID=0cc918b6-700b-47a5-9296-878e865cc184 to datanode:99ec0913-bcd1-4774-8e53-643ce8734cf6
2022-02-04 12:59:41,494 [RatisPipelineUtilsThread - 0] INFO  pipeline.PipelineStateManagerImpl (PipelineStateManagerImpl.java:addPipeline(101)) - Created pipeline Pipeline[ Id: 0cc918b6-700b-47a5-9296-878e865cc184, Nodes: 99ec0913-bcd1-4774-8e53-643ce8734cf6{ip: 10.1.0.52, host: fv-az116-891.vzw04321ajxubdbcnpick5nqva.xx.internal.cloudapp.net, ports: [REPLICATION=43877, RATIS=38161, RATIS_ADMIN=38161, RATIS_SERVER=38161, STANDALONE=41191], networkLocation: /default-rack, certSerialId: null, persistedOpState: IN_SERVICE, persistedOpStateExpiryEpochSec: 0}, ReplicationConfig: RATIS/ONE, State:ALLOCATED, leaderId:, CreationTimestamp2022-02-04T12:59:41.494Z[Etc/UTC]].
2022-02-04 12:59:41,495 [RatisPipelineUtilsThread - 0] ERROR scm.SCMCommonPlacementPolicy (SCMCommonPlacementPolicy.java:filterNodesWithSpace(171)) - Unable to find enough nodes that meet the space requirement of 1073741824 bytes for metadata and 5368709120 bytes for data in healthy node set. Required 3. Found 2.
2022-02-04 12:59:41,495 [RatisPipelineUtilsThread - 0] INFO  pipeline.RatisPipelineProvider (RatisPipelineProvider.java:lambda$create$0(183)) - Sending CreatePipelineCommand for pipeline:PipelineID=26f0ad9f-a0dc-437f-818c-e81f2e06515f to datanode:4dd803c0-ea86-48ec-b5c9-2601c1b23b4d
2022-02-04 12:59:41,495 [RatisPipelineUtilsThread - 0] INFO  pipeline.PipelineStateManagerImpl (PipelineStateManagerImpl.java:addPipeline(101)) - Created pipeline Pipeline[ Id: 26f0ad9f-a0dc-437f-818c-e81f2e06515f, Nodes: 4dd803c0-ea86-48ec-b5c9-2601c1b23b4d{ip: 10.1.0.52, host: fv-az116-891.vzw04321ajxubdbcnpick5nqva.xx.internal.cloudapp.net, ports: [REPLICATION=44173, RATIS=34153, RATIS_ADMIN=34153, RATIS_SERVER=34153, STANDALONE=46171], networkLocation: /default-rack, certSerialId: null, persistedOpState: IN_SERVICE, persistedOpStateExpiryEpochSec: 0}, ReplicationConfig: RATIS/ONE, State:ALLOCATED, leaderId:, CreationTimestamp2022-02-04T12:59:41.495Z[Etc/UTC]].
2022-02-04 12:59:41,496 [EventQueue-HealthyReadonlyToHealthyNodeForReadOnlyHealthyToHealthyNodeHandler] INFO  node.ReadOnlyHealthyToHealthyNodeHandler (ReadOnlyHealthyToHealthyNodeHandler.java:onMessage(51)) - Datanode 4dd803c0-ea86-48ec-b5c9-2601c1b23b4d{ip: 10.1.0.52, host: fv-az116-891.vzw04321ajxubdbcnpick5nqva.xx.internal.cloudapp.net, ports: [REPLICATION=44173, RATIS=34153, RATIS_ADMIN=34153, RATIS_SERVER=34153, STANDALONE=46171], networkLocation: /default-rack, certSerialId: null, persistedOpState: IN_SERVICE, persistedOpStateExpiryEpochSec: 0} moved to HEALTHY state.
2022-02-04 12:59:41,496 [EventQueue-HealthyReadonlyToHealthyNodeForReadOnlyHealthyToHealthyNodeHandler] INFO  pipeline.BackgroundPipelineCreator (BackgroundPipelineCreator.java:notifyEventTriggered(285)) - trigger a one-shot run on RatisPipelineUtilsThread.
2022-02-04 12:59:41,496 [RatisPipelineUtilsThread - 0] ERROR scm.SCMCommonPlacementPolicy (SCMCommonPlacementPolicy.java:filterNodesWithSpace(171)) - Unable to find enough nodes that meet the space requirement of 1073741824 bytes for metadata and 5368709120 bytes for data in healthy node set. Required 3. Found 2.
2022-02-04 12:59:41,499 [ReplicationMonitor] INFO  container.ReplicationManager (ReplicationManager.java:processAll(374)) - Replication Manager is not ready to run until 3000ms after safemode exit
2022-02-04 12:59:41,500 [Listener at 127.0.0.1/43489] INFO  ipc.CallQueueManager (CallQueueManager.java:<init>(90)) - Using callQueue: class java.util.concurrent.LinkedBlockingQueue, queueCapacity: 2000, scheduler: class org.apache.hadoop.ipc.DefaultRpcScheduler, ipcBackoff: false.
2022-02-04 12:59:41,501 [Socket Reader #1 for port 0] INFO  ipc.Server (Server.java:run(1265)) - Starting Socket Reader #1 for port 0
2022-02-04 12:59:41,510 [Listener at 0.0.0.0/32811] INFO  ipc.CallQueueManager (CallQueueManager.java:<init>(90)) - Using callQueue: class java.util.concurrent.LinkedBlockingQueue, queueCapacity: 2000, scheduler: class org.apache.hadoop.ipc.DefaultRpcScheduler, ipcBackoff: false.
2022-02-04 12:59:41,516 [Socket Reader #1 for port 0] INFO  ipc.Server (Server.java:run(1265)) - Starting Socket Reader #1 for port 0
2022-02-04 12:59:41,523 [Listener at 0.0.0.0/38999] INFO  ipc.CallQueueManager (CallQueueManager.java:<init>(90)) - Using callQueue: class java.util.concurrent.LinkedBlockingQueue, queueCapacity: 2000, scheduler: class org.apache.hadoop.ipc.DefaultRpcScheduler, ipcBackoff: false.
2022-02-04 12:59:41,535 [Socket Reader #1 for port 0] INFO  ipc.Server (Server.java:run(1265)) - Starting Socket Reader #1 for port 0
2022-02-04 12:59:41,574 [Listener at 0.0.0.0/39829] INFO  algorithms.ContainerPlacementPolicyFactory (ContainerPlacementPolicyFactory.java:getPolicy(60)) - Create container placement policy of type org.apache.hadoop.hdds.scm.container.placement.algorithms.SCMContainerPlacementRandom
2022-02-04 12:59:41,575 [Listener at 0.0.0.0/39829] INFO  server.StorageContainerManager (StorageContainerManager.java:<init>(388)) - 
Container Balancer status:
Key                            Value
Running                        false
Container Balancer Configuration values:
Key                                                Value
Threshold                                          10
Max Datanodes to Involve per Iteration(percent)    20
Max Size to Move per Iteration                     500GB
Max Size Entering Target per Iteration             26GB
Max Size Leaving Source per Iteration              26GB

2022-02-04 12:59:41,575 [Listener at 0.0.0.0/39829] WARN  events.EventQueue (EventQueue.java:fireEvent(194)) - No event handler registered for event TypedEvent{payloadType=SafeModeStatus, name='Safe mode status'}
2022-02-04 12:59:41,575 [Listener at 0.0.0.0/39829] INFO  ha.SCMContext (SCMContext.java:updateSafeModeStatus(211)) - Update SafeModeStatus from SafeModeStatus{safeModeStatus=true, preCheckPassed=false} to SafeModeStatus{safeModeStatus=true, preCheckPassed=false}.
2022-02-04 12:59:41,575 [Listener at 0.0.0.0/39829] INFO  upgrade.UpgradeFinalizer (BasicUpgradeFinalizer.java:runPrefinalizeStateActions(235)) - Running pre-finalized state validations for unfinalized layout features.
2022-02-04 12:59:41,575 [Listener at 0.0.0.0/39829] INFO  upgrade.UpgradeFinalizer (BasicUpgradeFinalizer.java:runValidationAction(264)) - Executing pre finalize state validation ScmHAUnfinalizedStateValidationAction
2022-02-04 12:59:41,575 [Listener at 0.0.0.0/39829] INFO  upgrade.UpgradeFinalizer (BasicUpgradeFinalizer.java:runPrefinalizeStateActions(248)) - Running first upgrade commands for unfinalized layout features.
2022-02-04 12:59:41,575 [Listener at 0.0.0.0/39829] INFO  server.StorageContainerManager (StorageContainerManager.java:start(1303)) - StorageContainerLocationProtocol RPC server is listening at /0.0.0.0:39829
2022-02-04 12:59:41,575 [Listener at 0.0.0.0/39829] INFO  impl.MetricsSystemImpl (MetricsSystemImpl.java:init(158)) - StorageContainerManager metrics system started (again)
2022-02-04 12:59:41,615 [Listener at 0.0.0.0/39829] INFO  server.SCMClientProtocolServer (SCMClientProtocolServer.java:start(165)) - RPC server for Client  is listening at /0.0.0.0:39829
2022-02-04 12:59:41,620 [IPC Server Responder] INFO  ipc.Server (Server.java:run(1507)) - IPC Server Responder: starting
2022-02-04 12:59:41,623 [IPC Server listener on 0] INFO  ipc.Server (Server.java:run(1344)) - IPC Server listener on 0: starting
2022-02-04 12:59:41,721 [Listener at 0.0.0.0/39829] INFO  server.StorageContainerManager (StorageContainerManager.java:start(1318)) - ScmBlockLocationProtocol RPC server is listening at /0.0.0.0:38999
2022-02-04 12:59:41,721 [Listener at 0.0.0.0/39829] INFO  server.SCMBlockProtocolServer (SCMBlockProtocolServer.java:start(151)) - RPC server for Block Protocol is listening at /0.0.0.0:38999
2022-02-04 12:59:41,724 [IPC Server Responder] INFO  ipc.Server (Server.java:run(1507)) - IPC Server Responder: starting
2022-02-04 12:59:41,729 [IPC Server listener on 0] INFO  ipc.Server (Server.java:run(1344)) - IPC Server listener on 0: starting
2022-02-04 12:59:41,779 [Listener at 0.0.0.0/39829] INFO  server.SCMDatanodeProtocolServer (SCMDatanodeProtocolServer.java:start(181)) - ScmDatanodeProtocol RPC server for DataNodes is listening at /0.0.0.0:32811
2022-02-04 12:59:41,781 [IPC Server Responder] INFO  ipc.Server (Server.java:run(1507)) - IPC Server Responder: starting
2022-02-04 12:59:41,781 [IPC Server listener on 0] INFO  ipc.Server (Server.java:run(1344)) - IPC Server listener on 0: starting
2022-02-04 12:59:41,793 [Listener at 0.0.0.0/39829] INFO  http.BaseHttpServer (BaseHttpServer.java:newHttpServer2BuilderForOzone(209)) - Starting Web-server for scm at: http://0.0.0.0:0
2022-02-04 12:59:41,793 [Listener at 0.0.0.0/39829] INFO  http.BaseHttpServer (BaseHttpServer.java:<init>(107)) - Hadoop Security Enabled: false Ozone Security Enabled: false Ozone HTTP Security Enabled: false 
2022-02-04 12:59:41,794 [Listener at 0.0.0.0/39829] INFO  server.AuthenticationFilter (AuthenticationFilter.java:constructSecretProvider(240)) - Unable to initialize FileSignerSecretProvider, falling back to use random secrets.
2022-02-04 12:59:41,799 [Listener at 0.0.0.0/39829] WARN  http.HttpRequestLog (HttpRequestLog.java:getRequestLog(103)) - Jetty request log can only be enabled using Log4j
2022-02-04 12:59:41,801 [Listener at 0.0.0.0/39829] INFO  http.HttpServer2 (HttpServer2.java:addGlobalFilter(1030)) - Added global filter 'safety' (class=org.apache.hadoop.hdds.server.http.HttpServer2$QuotingInputFilter)
2022-02-04 12:59:41,801 [Listener at 0.0.0.0/39829] INFO  http.HttpServer2 (HttpServer2.java:addFilter(1006)) - Added filter static_user_filter (class=org.apache.hadoop.http.lib.StaticUserWebFilter$StaticUserFilter) to context scm
2022-02-04 12:59:41,801 [Listener at 0.0.0.0/39829] INFO  http.HttpServer2 (HttpServer2.java:addFilter(1014)) - Added filter static_user_filter (class=org.apache.hadoop.http.lib.StaticUserWebFilter$StaticUserFilter) to context logs
2022-02-04 12:59:41,801 [Listener at 0.0.0.0/39829] INFO  http.HttpServer2 (HttpServer2.java:addFilter(1014)) - Added filter static_user_filter (class=org.apache.hadoop.http.lib.StaticUserWebFilter$StaticUserFilter) to context static
2022-02-04 12:59:41,801 [Listener at 0.0.0.0/39829] INFO  http.HttpServer2 (HttpServer2.java:bindListener(1249)) - Jetty bound to port 43681
2022-02-04 12:59:41,801 [Listener at 0.0.0.0/39829] INFO  server.Server (Server.java:doStart(375)) - jetty-9.4.43.v20210629; built: 2021-06-30T11:07:22.254Z; git: 526006ecfa3af7f1a27ef3a288e2bef7ea9dd7e8; jvm 1.8.0_312-b07
2022-02-04 12:59:41,803 [org.apache.hadoop.util.JvmPauseMonitor$Monitor@563888c7] INFO  util.JvmPauseMonitor (JvmPauseMonitor.java:run(188)) - Starting JVM pause monitor
2022-02-04 12:59:41,829 [Listener at 0.0.0.0/39829] INFO  server.session (DefaultSessionIdManager.java:doStart(334)) - DefaultSessionIdManager workerName=node0
2022-02-04 12:59:41,829 [Listener at 0.0.0.0/39829] INFO  server.session (DefaultSessionIdManager.java:doStart(339)) - No SessionScavenger set, using defaults
2022-02-04 12:59:41,829 [Listener at 0.0.0.0/39829] INFO  server.session (HouseKeeper.java:startScavenging(132)) - node0 Scavenging every 600000ms
2022-02-04 12:59:41,832 [Listener at 0.0.0.0/39829] INFO  handler.ContextHandler (ContextHandler.java:doStart(915)) - Started o.e.j.s.ServletContextHandler@478f0e7f{logs,/logs,file:///home/runner/work/ozone/ozone/hadoop-ozone/integration-test/target/log,AVAILABLE}
2022-02-04 12:59:41,832 [Listener at 0.0.0.0/39829] INFO  handler.ContextHandler (ContextHandler.java:doStart(915)) - Started o.e.j.s.ServletContextHandler@e016269{static,/static,file:///home/runner/work/ozone/ozone/hadoop-ozone/integration-test/target/test-classes/webapps/static,AVAILABLE}
2022-02-04 12:59:41,835 [Listener at 0.0.0.0/39829] INFO  handler.ContextHandler (ContextHandler.java:doStart(915)) - Started o.e.j.w.WebAppContext@78709237{scm,/,file:///home/runner/work/ozone/ozone/hadoop-ozone/integration-test/target/test-classes/webapps/scm/,AVAILABLE}{file:/home/runner/work/ozone/ozone/hadoop-ozone/integration-test/target/test-classes/webapps/scm}
2022-02-04 12:59:41,846 [Listener at 0.0.0.0/39829] INFO  server.AbstractConnector (AbstractConnector.java:doStart(331)) - Started ServerConnector@5824965b{HTTP/1.1, (http/1.1)}{0.0.0.0:43681}
2022-02-04 12:59:41,846 [Listener at 0.0.0.0/39829] INFO  server.Server (Server.java:doStart(415)) - Started @68527ms
2022-02-04 12:59:41,846 [Listener at 0.0.0.0/39829] WARN  impl.MetricsSystemImpl (MetricsSystemImpl.java:register(279)) - Sink prometheus already exists!
2022-02-04 12:59:41,847 [Listener at 0.0.0.0/39829] INFO  http.BaseHttpServer (BaseHttpServer.java:updateConnectorAddress(329)) - HTTP server of scm listening at http://0.0.0.0:43681
2022-02-04 12:59:41,847 [Listener at 0.0.0.0/39829] WARN  server.ServerUtils (ServerUtils.java:getDBPath(225)) - ozone.om.db.dirs is not configured. We recommend adding this setting. Falling back to ozone.metadata.dirs instead.
2022-02-04 12:59:41,849 [Listener at 0.0.0.0/39829] INFO  ha.OMHANodeDetails (OMHANodeDetails.java:loadOMHAConfig(112)) - ozone.om.internal.service.id is not defined, falling back to ozone.om.service.ids to find serviceID for OzoneManager if it is HA enabled cluster
2022-02-04 12:59:41,849 [Listener at 0.0.0.0/39829] INFO  ha.OMHANodeDetails (OMHANodeDetails.java:loadOMHAConfig(218)) - Configuration does not have ozone.om.address set. Falling back to the default OM address /127.0.0.1:0
2022-02-04 12:59:41,849 [Listener at 0.0.0.0/39829] INFO  ha.OMHANodeDetails (OMHANodeDetails.java:getOMNodeDetailsForNonHA(246)) - OM Service ID is not set. Setting it to the default ID: omServiceIdDefault
2022-02-04 12:59:41,849 [Listener at 0.0.0.0/39829] INFO  ha.OMHANodeDetails (OMHANodeDetails.java:getOMNodeDetailsForNonHA(253)) - OM Node ID is not set. Setting it to the default ID: om1
2022-02-04 12:59:41,850 [Listener at 0.0.0.0/39829] WARN  server.ServerUtils (ServerUtils.java:getDBPath(225)) - ozone.om.db.dirs is not configured. We recommend adding this setting. Falling back to ozone.metadata.dirs instead.
2022-02-04 12:59:41,850 [Listener at 0.0.0.0/39829] INFO  upgrade.AbstractLayoutVersionManager (AbstractLayoutVersionManager.java:init(79)) - Initializing Layout version manager with metadata layout = INITIAL_VERSION (version = 0), software layout = INITIAL_VERSION (version = 0)
2022-02-04 12:59:41,921 [Listener at 0.0.0.0/39829] INFO  reflections.Reflections (Reflections.java:scan(232)) - Reflections took 71 ms to scan 2 urls, producing 133 keys and 348 values [using 2 cores]
2022-02-04 12:59:41,921 [Listener at 0.0.0.0/39829] INFO  upgrade.OMLayoutVersionManager (OMLayoutVersionManager.java:lambda$0(115)) - Skipping Upgrade Action MockOmUpgradeAction since it has been finalized.
2022-02-04 12:59:41,921 [Listener at 0.0.0.0/39829] WARN  server.ServerUtils (ServerUtils.java:getDBPath(225)) - ozone.om.db.dirs is not configured. We recommend adding this setting. Falling back to ozone.metadata.dirs instead.
2022-02-04 12:59:41,938 [Listener at 0.0.0.0/39829] WARN  server.ServerUtils (ServerUtils.java:getDBPath(225)) - ozone.om.db.dirs is not configured. We recommend adding this setting. Falling back to ozone.metadata.dirs instead.
2022-02-04 12:59:41,938 [Listener at 0.0.0.0/39829] INFO  codec.OmKeyInfoCodec (OmKeyInfoCodec.java:<init>(50)) - OmKeyInfoCodec ignorePipeline = true
2022-02-04 12:59:41,938 [Listener at 0.0.0.0/39829] INFO  codec.RepeatedOmKeyInfoCodec (RepeatedOmKeyInfoCodec.java:<init>(42)) - RepeatedOmKeyInfoCodec ignorePipeline = true
2022-02-04 12:59:41,993 [EventQueue-HealthyReadonlyToHealthyNodeForReadOnlyHealthyToHealthyNodeHandler] INFO  node.ReadOnlyHealthyToHealthyNodeHandler (ReadOnlyHealthyToHealthyNodeHandler.java:onMessage(51)) - Datanode cd33ab12-5c76-4090-ae9e-f8dc2a96321d{ip: 10.1.0.52, host: fv-az116-891.vzw04321ajxubdbcnpick5nqva.xx.internal.cloudapp.net, ports: [REPLICATION=44351, RATIS=40103, RATIS_ADMIN=40103, RATIS_SERVER=40103, STANDALONE=34851], networkLocation: /default-rack, certSerialId: null, persistedOpState: IN_SERVICE, persistedOpStateExpiryEpochSec: 0} moved to HEALTHY state.
2022-02-04 12:59:41,993 [EventQueue-HealthyReadonlyToHealthyNodeForReadOnlyHealthyToHealthyNodeHandler] INFO  pipeline.BackgroundPipelineCreator (BackgroundPipelineCreator.java:notifyEventTriggered(285)) - trigger a one-shot run on RatisPipelineUtilsThread.
2022-02-04 12:59:41,994 [RatisPipelineUtilsThread - 0] INFO  pipeline.RatisPipelineProvider (RatisPipelineProvider.java:lambda$create$0(183)) - Sending CreatePipelineCommand for pipeline:PipelineID=9b8301f2-fcad-4469-b8f4-cbdbc90d8b9b to datanode:cd33ab12-5c76-4090-ae9e-f8dc2a96321d
2022-02-04 12:59:41,994 [RatisPipelineUtilsThread - 0] INFO  pipeline.PipelineStateManagerImpl (PipelineStateManagerImpl.java:addPipeline(101)) - Created pipeline Pipeline[ Id: 9b8301f2-fcad-4469-b8f4-cbdbc90d8b9b, Nodes: cd33ab12-5c76-4090-ae9e-f8dc2a96321d{ip: 10.1.0.52, host: fv-az116-891.vzw04321ajxubdbcnpick5nqva.xx.internal.cloudapp.net, ports: [REPLICATION=44351, RATIS=40103, RATIS_ADMIN=40103, RATIS_SERVER=40103, STANDALONE=34851], networkLocation: /default-rack, certSerialId: null, persistedOpState: IN_SERVICE, persistedOpStateExpiryEpochSec: 0}, ReplicationConfig: RATIS/ONE, State:ALLOCATED, leaderId:, CreationTimestamp2022-02-04T12:59:41.994Z[Etc/UTC]].
2022-02-04 12:59:41,995 [RatisPipelineUtilsThread - 0] INFO  pipeline.RatisPipelineProvider (RatisPipelineProvider.java:lambda$create$0(183)) - Sending CreatePipelineCommand for pipeline:PipelineID=2c61621a-88db-4373-ad0e-a8606b43266c to datanode:99ec0913-bcd1-4774-8e53-643ce8734cf6
2022-02-04 12:59:41,995 [RatisPipelineUtilsThread - 0] INFO  pipeline.RatisPipelineProvider (RatisPipelineProvider.java:lambda$create$0(183)) - Sending CreatePipelineCommand for pipeline:PipelineID=2c61621a-88db-4373-ad0e-a8606b43266c to datanode:4dd803c0-ea86-48ec-b5c9-2601c1b23b4d
2022-02-04 12:59:41,995 [RatisPipelineUtilsThread - 0] INFO  pipeline.RatisPipelineProvider (RatisPipelineProvider.java:lambda$create$0(183)) - Sending CreatePipelineCommand for pipeline:PipelineID=2c61621a-88db-4373-ad0e-a8606b43266c to datanode:cd33ab12-5c76-4090-ae9e-f8dc2a96321d
2022-02-04 12:59:41,995 [RatisPipelineUtilsThread - 0] INFO  pipeline.PipelineStateManagerImpl (PipelineStateManagerImpl.java:addPipeline(101)) - Created pipeline Pipeline[ Id: 2c61621a-88db-4373-ad0e-a8606b43266c, Nodes: 99ec0913-bcd1-4774-8e53-643ce8734cf6{ip: 10.1.0.52, host: fv-az116-891.vzw04321ajxubdbcnpick5nqva.xx.internal.cloudapp.net, ports: [REPLICATION=43877, RATIS=38161, RATIS_ADMIN=38161, RATIS_SERVER=38161, STANDALONE=41191], networkLocation: /default-rack, certSerialId: null, persistedOpState: IN_SERVICE, persistedOpStateExpiryEpochSec: 0}4dd803c0-ea86-48ec-b5c9-2601c1b23b4d{ip: 10.1.0.52, host: fv-az116-891.vzw04321ajxubdbcnpick5nqva.xx.internal.cloudapp.net, ports: [REPLICATION=44173, RATIS=34153, RATIS_ADMIN=34153, RATIS_SERVER=34153, STANDALONE=46171], networkLocation: /default-rack, certSerialId: null, persistedOpState: IN_SERVICE, persistedOpStateExpiryEpochSec: 0}cd33ab12-5c76-4090-ae9e-f8dc2a96321d{ip: 10.1.0.52, host: fv-az116-891.vzw04321ajxubdbcnpick5nqva.xx.internal.cloudapp.net, ports: [REPLICATION=44351, RATIS=40103, RATIS_ADMIN=40103, RATIS_SERVER=40103, STANDALONE=34851], networkLocation: /default-rack, certSerialId: null, persistedOpState: IN_SERVICE, persistedOpStateExpiryEpochSec: 0}, ReplicationConfig: RATIS/THREE, State:ALLOCATED, leaderId:, CreationTimestamp2022-02-04T12:59:41.995Z[Etc/UTC]].
2022-02-04 12:59:42,088 [Command processor thread] INFO  commandhandler.FinalizeNewLayoutVersionCommandHandler (FinalizeNewLayoutVersionCommandHandler.java:handle(64)) - Processing FinalizeNewLayoutVersionCommandHandler command.
2022-02-04 12:59:42,088 [Command processor thread] INFO  server.RaftServer (RaftServerProxy.java:addNew(95)) - 4dd803c0-ea86-48ec-b5c9-2601c1b23b4d: addNew group-E81F2E06515F:[4dd803c0-ea86-48ec-b5c9-2601c1b23b4d|rpc:10.1.0.52:34153|priority:1] returns group-E81F2E06515F:java.util.concurrent.CompletableFuture@2e9842f5[Not completed]
2022-02-04 12:59:42,089 [pool-223-thread-1] INFO  server.RaftServer$Division (RaftServerImpl.java:<init>(184)) - 4dd803c0-ea86-48ec-b5c9-2601c1b23b4d: new RaftServerImpl for group-E81F2E06515F:[4dd803c0-ea86-48ec-b5c9-2601c1b23b4d|rpc:10.1.0.52:34153|priority:1] with ContainerStateMachine:uninitialized
2022-02-04 12:59:42,090 [pool-223-thread-1] INFO  server.RaftServerConfigKeys (ConfUtils.java:logGet(44)) - raft.server.rpc.timeout.min = 5s (custom)
2022-02-04 12:59:42,090 [pool-223-thread-1] INFO  server.RaftServerConfigKeys (ConfUtils.java:logGet(44)) - raft.server.rpc.timeout.max = 5200ms (custom)
2022-02-04 12:59:42,090 [pool-223-thread-1] INFO  server.RaftServerConfigKeys (ConfUtils.java:logGet(44)) - raft.server.rpc.sleep.time = 25ms (default)
2022-02-04 12:59:42,090 [pool-223-thread-1] INFO  server.RaftServerConfigKeys (ConfUtils.java:logGet(44)) - raft.server.rpc.slowness.timeout = 300s (custom)
2022-02-04 12:59:42,090 [pool-223-thread-1] INFO  server.RaftServerConfigKeys (ConfUtils.java:logGet(44)) - raft.server.leaderelection.leader.step-down.wait-time = 10s (default)
2022-02-04 12:59:42,090 [pool-223-thread-1] INFO  server.RaftServerConfigKeys (ConfUtils.java:logGet(44)) - raft.server.sleep.deviation.threshold = 300ms (default)
2022-02-04 12:59:42,090 [pool-223-thread-1] INFO  server.RaftServerConfigKeys (ConfUtils.java:logGet(44)) - raft.server.log.appender.install.snapshot.enabled = false (custom)
2022-02-04 12:59:42,090 [pool-223-thread-1] INFO  server.RaftServer$Division (ServerState.java:<init>(105)) - 4dd803c0-ea86-48ec-b5c9-2601c1b23b4d@group-E81F2E06515F: ConfigurationManager, init=-1: [4dd803c0-ea86-48ec-b5c9-2601c1b23b4d|rpc:10.1.0.52:34153|priority:1], old=null, confs=<EMPTY_MAP>
2022-02-04 12:59:42,090 [pool-223-thread-1] INFO  server.RaftServerConfigKeys (ConfUtils.java:logGet(44)) - raft.server.storage.dir = [/home/runner/work/ozone/ozone/hadoop-ozone/integration-test/target/test-dir/MiniOzoneClusterImpl-5b939f7d-2090-4c2b-bba9-fa55352059d6/datanode-2/data/ratis] (custom)
2022-02-04 12:59:42,090 [pool-223-thread-1] INFO  server.RaftServerConfigKeys (ConfUtils.java:logGet(44)) - raft.server.log.corruption.policy = EXCEPTION (default)
2022-02-04 12:59:42,090 [pool-223-thread-1] INFO  server.RaftServerConfigKeys (ConfUtils.java:logGet(44)) - raft.server.storage.free-space.min = 0MB (=0) (default)
2022-02-04 12:59:42,090 [pool-223-thread-1] INFO  storage.RaftStorageDirectory (RaftStorageDirectoryImpl.java:analyzeStorage(135)) - The storage directory /home/runner/work/ozone/ozone/hadoop-ozone/integration-test/target/test-dir/MiniOzoneClusterImpl-5b939f7d-2090-4c2b-bba9-fa55352059d6/datanode-2/data/ratis/26f0ad9f-a0dc-437f-818c-e81f2e06515f does not exist. Creating ...
2022-02-04 12:59:42,098 [pool-223-thread-1] INFO  storage.RaftStorageDirectory (RaftStorageDirectoryImpl.java:tryLock(230)) - Lock on /home/runner/work/ozone/ozone/hadoop-ozone/integration-test/target/test-dir/MiniOzoneClusterImpl-5b939f7d-2090-4c2b-bba9-fa55352059d6/datanode-2/data/ratis/26f0ad9f-a0dc-437f-818c-e81f2e06515f/in_use.lock acquired by nodename 13540@fv-az116-891
2022-02-04 12:59:42,100 [pool-223-thread-1] INFO  storage.RaftStorage (RaftStorageImpl.java:format(89)) - Storage directory /home/runner/work/ozone/ozone/hadoop-ozone/integration-test/target/test-dir/MiniOzoneClusterImpl-5b939f7d-2090-4c2b-bba9-fa55352059d6/datanode-2/data/ratis/26f0ad9f-a0dc-437f-818c-e81f2e06515f has been successfully formatted.
2022-02-04 12:59:42,100 [pool-223-thread-1] INFO  ratis.ContainerStateMachine (ContainerStateMachine.java:loadSnapshot(231)) - group-E81F2E06515F: The snapshot info is null. Setting the last applied indexto:(t:0, i:~)
2022-02-04 12:59:42,100 [pool-223-thread-1] INFO  server.RaftServerConfigKeys (ConfUtils.java:logGet(44)) - raft.server.notification.no-leader.timeout = 300s (custom)
2022-02-04 12:59:42,100 [pool-223-thread-1] INFO  server.RaftServerConfigKeys (ConfUtils.java:logGet(44)) - raft.server.log.use.memory = false (default)
2022-02-04 12:59:42,101 [pool-223-thread-1] INFO  server.RaftServerConfigKeys (ConfUtils.java:logGet(44)) - raft.server.log.purge.gap = 1000000 (custom)
2022-02-04 12:59:42,101 [pool-223-thread-1] INFO  server.RaftServerConfigKeys (ConfUtils.java:logGet(44)) - raft.server.log.appender.buffer.byte-limit = 33554432 (custom)
2022-02-04 12:59:42,101 [pool-223-thread-1] INFO  server.RaftServerConfigKeys (ConfUtils.java:logGet(44)) - raft.server.log.segment.size.max = 1048576 (custom)
2022-02-04 12:59:42,101 [EventQueue-PipelineReportForPipelineReportHandler] INFO  pipeline.PipelineManagerImpl (PipelineManagerImpl.java:openPipeline(291)) - Pipeline Pipeline[ Id: 26f0ad9f-a0dc-437f-818c-e81f2e06515f, Nodes: 4dd803c0-ea86-48ec-b5c9-2601c1b23b4d{ip: 10.1.0.52, host: fv-az116-891.vzw04321ajxubdbcnpick5nqva.xx.internal.cloudapp.net, ports: [REPLICATION=44173, RATIS=34153, RATIS_ADMIN=34153, RATIS_SERVER=34153, STANDALONE=46171], networkLocation: /default-rack, certSerialId: null, persistedOpState: IN_SERVICE, persistedOpStateExpiryEpochSec: 0}, ReplicationConfig: RATIS/ONE, State:ALLOCATED, leaderId:4dd803c0-ea86-48ec-b5c9-2601c1b23b4d, CreationTimestamp2022-02-04T12:59:41.495Z[Etc/UTC]] moved to OPEN state
2022-02-04 12:59:42,102 [pool-223-thread-1] INFO  server.RaftServerConfigKeys (ConfUtils.java:logGet(44)) - raft.server.log.segment.cache.num.max = 2 (custom)
2022-02-04 12:59:42,102 [pool-223-thread-1] INFO  server.RaftServerConfigKeys (ConfUtils.java:logGet(44)) - raft.server.log.segment.cache.size.max = 200MB (=209715200) (default)
2022-02-04 12:59:42,102 [pool-223-thread-1] INFO  segmented.SegmentedRaftLogWorker (SegmentedRaftLogWorker.java:<init>(182)) - new 4dd803c0-ea86-48ec-b5c9-2601c1b23b4d@group-E81F2E06515F-SegmentedRaftLogWorker for RaftStorageImpl:Storage Directory /home/runner/work/ozone/ozone/hadoop-ozone/integration-test/target/test-dir/MiniOzoneClusterImpl-5b939f7d-2090-4c2b-bba9-fa55352059d6/datanode-2/data/ratis/26f0ad9f-a0dc-437f-818c-e81f2e06515f
2022-02-04 12:59:42,102 [pool-223-thread-1] INFO  server.RaftServerConfigKeys (ConfUtils.java:logGet(44)) - raft.server.log.queue.byte-limit = 2147483647 (custom)
2022-02-04 12:59:42,102 [pool-223-thread-1] INFO  server.RaftServerConfigKeys (ConfUtils.java:logGet(44)) - raft.server.log.queue.element-limit = 1024 (custom)
2022-02-04 12:59:42,102 [pool-223-thread-1] INFO  server.RaftServerConfigKeys (ConfUtils.java:logGet(44)) - raft.server.log.segment.size.max = 1048576 (custom)
2022-02-04 12:59:42,102 [pool-223-thread-1] INFO  server.RaftServerConfigKeys (ConfUtils.java:logGet(44)) - raft.server.log.preallocated.size = 16384 (custom)
2022-02-04 12:59:42,102 [pool-223-thread-1] INFO  server.RaftServerConfigKeys (ConfUtils.java:logGet(44)) - raft.server.log.force.sync.num = 128 (default)
2022-02-04 12:59:42,102 [pool-223-thread-1] INFO  server.RaftServerConfigKeys (ConfUtils.java:logGet(44)) - raft.server.log.statemachine.data.sync = true (default)
2022-02-04 12:59:42,102 [pool-223-thread-1] INFO  server.RaftServerConfigKeys (ConfUtils.java:logGet(44)) - raft.server.log.statemachine.data.sync.timeout = 10s (default)
2022-02-04 12:59:42,103 [pool-223-thread-1] INFO  server.RaftServerConfigKeys (ConfUtils.java:logGet(44)) - raft.server.log.statemachine.data.sync.timeout.retry = -1 (default)
2022-02-04 12:59:42,103 [pool-223-thread-1] INFO  server.RaftServerConfigKeys (ConfUtils.java:logGet(44)) - raft.server.log.write.buffer.size = 1048576 (custom)
2022-02-04 12:59:42,104 [pool-223-thread-1] INFO  server.RaftServerConfigKeys (ConfUtils.java:logGet(44)) - raft.server.log.statemachine.data.caching.enabled = true (custom)
2022-02-04 12:59:42,105 [pool-223-thread-1] INFO  segmented.SegmentedRaftLogWorker (SegmentedRaftLogWorker.java:lambda$new$0(133)) - 4dd803c0-ea86-48ec-b5c9-2601c1b23b4d@group-E81F2E06515F-SegmentedRaftLogWorker: flushIndex: setUnconditionally 0 -> -1
2022-02-04 12:59:42,109 [pool-223-thread-1] INFO  segmented.SegmentedRaftLogWorker (SegmentedRaftLogWorker.java:lambda$new$0(133)) - 4dd803c0-ea86-48ec-b5c9-2601c1b23b4d@group-E81F2E06515F-SegmentedRaftLogWorker: safeCacheEvictIndex: setUnconditionally 0 -> -1
2022-02-04 12:59:42,118 [pool-223-thread-1] INFO  server.RaftServerConfigKeys (ConfUtils.java:logGet(44)) - raft.server.snapshot.auto.trigger.enabled = true (custom)
2022-02-04 12:59:42,118 [pool-223-thread-1] INFO  server.RaftServerConfigKeys (ConfUtils.java:logGet(44)) - raft.server.snapshot.auto.trigger.threshold = 10000 (custom)
2022-02-04 12:59:42,118 [pool-223-thread-1] INFO  server.RaftServerConfigKeys (ConfUtils.java:logGet(44)) - raft.server.snapshot.retention.file.num = 5 (custom)
2022-02-04 12:59:42,118 [pool-223-thread-1] INFO  server.RaftServerConfigKeys (ConfUtils.java:logGet(44)) - raft.server.log.purge.upto.snapshot.index = false (default)
2022-02-04 12:59:42,118 [pool-223-thread-1] INFO  server.RaftServerConfigKeys (ConfUtils.java:logGet(44)) - raft.server.retrycache.expirytime = 600000ms (custom)
2022-02-04 12:59:42,118 [pool-223-thread-1] INFO  server.RaftServerConfigKeys (ConfUtils.java:logGet(44)) - raft.server.retrycache.statistics.expirytime = 100μs (default)
2022-02-04 12:59:42,119 [pool-223-thread-1] INFO  server.RaftServer$Division (RaftServerImpl.java:start(301)) - 4dd803c0-ea86-48ec-b5c9-2601c1b23b4d@group-E81F2E06515F: start as a follower, conf=-1: [4dd803c0-ea86-48ec-b5c9-2601c1b23b4d|rpc:10.1.0.52:34153|priority:1], old=null
2022-02-04 12:59:42,119 [pool-223-thread-1] INFO  server.RaftServer$Division (RaftServerImpl.java:setRole(290)) - 4dd803c0-ea86-48ec-b5c9-2601c1b23b4d@group-E81F2E06515F: changes role from      null to FOLLOWER at term 0 for startAsFollower
2022-02-04 12:59:42,119 [pool-223-thread-1] INFO  impl.RoleInfo (RoleInfo.java:updateAndGet(130)) - 4dd803c0-ea86-48ec-b5c9-2601c1b23b4d: start 4dd803c0-ea86-48ec-b5c9-2601c1b23b4d@group-E81F2E06515F-FollowerState
2022-02-04 12:59:42,124 [pool-223-thread-1] INFO  util.JmxRegister (JmxRegister.java:tryRegister(44)) - Successfully registered JMX Bean with object name Ratis:service=RaftServer,group=group-E81F2E06515F,id=4dd803c0-ea86-48ec-b5c9-2601c1b23b4d
2022-02-04 12:59:42,136 [Command processor thread] INFO  ratis.XceiverServerRatis (XceiverServerRatis.java:addGroup(768)) - Created group PipelineID=26f0ad9f-a0dc-437f-818c-e81f2e06515f
2022-02-04 12:59:42,136 [Command processor thread] INFO  commandhandler.CreatePipelineCommandHandler (CreatePipelineCommandHandler.java:handle(106)) - Created Pipeline RATIS ONE PipelineID=26f0ad9f-a0dc-437f-818c-e81f2e06515f.
2022-02-04 12:59:42,136 [Command processor thread] INFO  server.RaftServer (RaftServerProxy.java:addNew(95)) - 4dd803c0-ea86-48ec-b5c9-2601c1b23b4d: addNew group-A8606B43266C:[99ec0913-bcd1-4774-8e53-643ce8734cf6|rpc:10.1.0.52:38161|priority:1, 4dd803c0-ea86-48ec-b5c9-2601c1b23b4d|rpc:10.1.0.52:34153|priority:0, cd33ab12-5c76-4090-ae9e-f8dc2a96321d|rpc:10.1.0.52:40103|priority:0] returns group-A8606B43266C:java.util.concurrent.CompletableFuture@60690a06[Not completed]
2022-02-04 12:59:42,138 [pool-223-thread-1] INFO  server.RaftServer$Division (RaftServerImpl.java:<init>(184)) - 4dd803c0-ea86-48ec-b5c9-2601c1b23b4d: new RaftServerImpl for group-A8606B43266C:[99ec0913-bcd1-4774-8e53-643ce8734cf6|rpc:10.1.0.52:38161|priority:1, 4dd803c0-ea86-48ec-b5c9-2601c1b23b4d|rpc:10.1.0.52:34153|priority:0, cd33ab12-5c76-4090-ae9e-f8dc2a96321d|rpc:10.1.0.52:40103|priority:0] with ContainerStateMachine:uninitialized
2022-02-04 12:59:42,138 [pool-223-thread-1] INFO  server.RaftServerConfigKeys (ConfUtils.java:logGet(44)) - raft.server.rpc.timeout.min = 5s (custom)
2022-02-04 12:59:42,138 [pool-223-thread-1] INFO  server.RaftServerConfigKeys (ConfUtils.java:logGet(44)) - raft.server.rpc.timeout.max = 5200ms (custom)
2022-02-04 12:59:42,138 [pool-223-thread-1] INFO  server.RaftServerConfigKeys (ConfUtils.java:logGet(44)) - raft.server.rpc.sleep.time = 25ms (default)
2022-02-04 12:59:42,138 [pool-223-thread-1] INFO  server.RaftServerConfigKeys (ConfUtils.java:logGet(44)) - raft.server.rpc.slowness.timeout = 300s (custom)
2022-02-04 12:59:42,138 [pool-223-thread-1] INFO  server.RaftServerConfigKeys (ConfUtils.java:logGet(44)) - raft.server.leaderelection.leader.step-down.wait-time = 10s (default)
2022-02-04 12:59:42,138 [pool-223-thread-1] INFO  server.RaftServerConfigKeys (ConfUtils.java:logGet(44)) - raft.server.sleep.deviation.threshold = 300ms (default)
2022-02-04 12:59:42,138 [pool-223-thread-1] INFO  server.RaftServerConfigKeys (ConfUtils.java:logGet(44)) - raft.server.log.appender.install.snapshot.enabled = false (custom)
2022-02-04 12:59:42,138 [pool-223-thread-1] INFO  server.RaftServer$Division (ServerState.java:<init>(105)) - 4dd803c0-ea86-48ec-b5c9-2601c1b23b4d@group-A8606B43266C: ConfigurationManager, init=-1: [99ec0913-bcd1-4774-8e53-643ce8734cf6|rpc:10.1.0.52:38161|priority:1, 4dd803c0-ea86-48ec-b5c9-2601c1b23b4d|rpc:10.1.0.52:34153|priority:0, cd33ab12-5c76-4090-ae9e-f8dc2a96321d|rpc:10.1.0.52:40103|priority:0], old=null, confs=<EMPTY_MAP>
2022-02-04 12:59:42,138 [pool-223-thread-1] INFO  server.RaftServerConfigKeys (ConfUtils.java:logGet(44)) - raft.server.storage.dir = [/home/runner/work/ozone/ozone/hadoop-ozone/integration-test/target/test-dir/MiniOzoneClusterImpl-5b939f7d-2090-4c2b-bba9-fa55352059d6/datanode-2/data/ratis] (custom)
2022-02-04 12:59:42,138 [pool-223-thread-1] INFO  server.RaftServerConfigKeys (ConfUtils.java:logGet(44)) - raft.server.log.corruption.policy = EXCEPTION (default)
2022-02-04 12:59:42,138 [pool-223-thread-1] INFO  server.RaftServerConfigKeys (ConfUtils.java:logGet(44)) - raft.server.storage.free-space.min = 0MB (=0) (default)
2022-02-04 12:59:42,138 [pool-223-thread-1] INFO  storage.RaftStorageDirectory (RaftStorageDirectoryImpl.java:analyzeStorage(135)) - The storage directory /home/runner/work/ozone/ozone/hadoop-ozone/integration-test/target/test-dir/MiniOzoneClusterImpl-5b939f7d-2090-4c2b-bba9-fa55352059d6/datanode-2/data/ratis/2c61621a-88db-4373-ad0e-a8606b43266c does not exist. Creating ...
2022-02-04 12:59:42,146 [pool-223-thread-1] INFO  storage.RaftStorageDirectory (RaftStorageDirectoryImpl.java:tryLock(230)) - Lock on /home/runner/work/ozone/ozone/hadoop-ozone/integration-test/target/test-dir/MiniOzoneClusterImpl-5b939f7d-2090-4c2b-bba9-fa55352059d6/datanode-2/data/ratis/2c61621a-88db-4373-ad0e-a8606b43266c/in_use.lock acquired by nodename 13540@fv-az116-891
2022-02-04 12:59:42,147 [Listener at 0.0.0.0/39829] INFO  om.OzoneManager (OzoneManager.java:addS3GVolumeToDB(3732)) - Created Volume s3v With Owner runner required for S3Gateway operations.
2022-02-04 12:59:42,147 [Listener at 0.0.0.0/39829] WARN  server.ServerUtils (ServerUtils.java:getDefaultRatisDirectory(237)) - Storage directory for Ratis is not configured. It is a good idea to map this to an SSD disk. Falling back to ozone.metadata.dirs
2022-02-04 12:59:42,147 [Listener at 0.0.0.0/39829] WARN  utils.OzoneManagerRatisUtils (OzoneManagerRatisUtils.java:getOMRatisSnapshotDirectory(330)) - ozone.om.ratis.snapshot.dir is not configured. Falling back to ozone.metadata.dirs config
2022-02-04 12:59:42,148 [Listener at 0.0.0.0/39829] WARN  impl.MetricRegistriesImpl (MetricRegistriesImpl.java:addReporterRegistration(111)) - New reporters are added after registries were created. Some metrics will be missing from the reporter. Please add reporter before adding any new registry.
2022-02-04 12:59:42,148 [Listener at 0.0.0.0/39829] WARN  impl.MetricRegistriesImpl (MetricRegistriesImpl.java:addReporterRegistration(111)) - New reporters are added after registries were created. Some metrics will be missing from the reporter. Please add reporter before adding any new registry.
2022-02-04 12:59:42,148 [Listener at 0.0.0.0/39829] WARN  server.ServerUtils (ServerUtils.java:getDefaultRatisDirectory(237)) - Storage directory for Ratis is not configured. It is a good idea to map this to an SSD disk. Falling back to ozone.metadata.dirs
2022-02-04 12:59:42,149 [pool-223-thread-1] INFO  storage.RaftStorage (RaftStorageImpl.java:format(89)) - Storage directory /home/runner/work/ozone/ozone/hadoop-ozone/integration-test/target/test-dir/MiniOzoneClusterImpl-5b939f7d-2090-4c2b-bba9-fa55352059d6/datanode-2/data/ratis/2c61621a-88db-4373-ad0e-a8606b43266c has been successfully formatted.
2022-02-04 12:59:42,149 [pool-223-thread-1] INFO  ratis.ContainerStateMachine (ContainerStateMachine.java:loadSnapshot(231)) - group-A8606B43266C: The snapshot info is null. Setting the last applied indexto:(t:0, i:~)
2022-02-04 12:59:42,150 [pool-223-thread-1] INFO  server.RaftServerConfigKeys (ConfUtils.java:logGet(44)) - raft.server.notification.no-leader.timeout = 300s (custom)
2022-02-04 12:59:42,150 [pool-223-thread-1] INFO  server.RaftServerConfigKeys (ConfUtils.java:logGet(44)) - raft.server.log.use.memory = false (default)
2022-02-04 12:59:42,150 [pool-223-thread-1] INFO  server.RaftServerConfigKeys (ConfUtils.java:logGet(44)) - raft.server.log.purge.gap = 1000000 (custom)
2022-02-04 12:59:42,150 [pool-223-thread-1] INFO  server.RaftServerConfigKeys (ConfUtils.java:logGet(44)) - raft.server.log.appender.buffer.byte-limit = 33554432 (custom)
2022-02-04 12:59:42,150 [pool-223-thread-1] INFO  server.RaftServerConfigKeys (ConfUtils.java:logGet(44)) - raft.server.log.segment.size.max = 1048576 (custom)
2022-02-04 12:59:42,151 [Listener at 0.0.0.0/39829] INFO  ratis.OzoneManagerRatisServer (OzoneManagerRatisServer.java:<init>(159)) - Instantiating OM Ratis server with groupID: omServiceIdDefault and peers: localhost:38951
2022-02-04 12:59:42,151 [Listener at 0.0.0.0/39829] INFO  ratis.OzoneManagerStateMachine (OzoneManagerStateMachine.java:loadSnapshotInfoFromDB(605)) - LastAppliedIndex is set from TransactionInfo from OM DB as (t:0, i:~)
2022-02-04 12:59:42,151 [pool-223-thread-1] INFO  server.RaftServerConfigKeys (ConfUtils.java:logGet(44)) - raft.server.log.segment.cache.num.max = 2 (custom)
2022-02-04 12:59:42,151 [pool-223-thread-1] INFO  server.RaftServerConfigKeys (ConfUtils.java:logGet(44)) - raft.server.log.segment.cache.size.max = 200MB (=209715200) (default)
2022-02-04 12:59:42,151 [pool-223-thread-1] INFO  segmented.SegmentedRaftLogWorker (SegmentedRaftLogWorker.java:<init>(182)) - new 4dd803c0-ea86-48ec-b5c9-2601c1b23b4d@group-A8606B43266C-SegmentedRaftLogWorker for RaftStorageImpl:Storage Directory /home/runner/work/ozone/ozone/hadoop-ozone/integration-test/target/test-dir/MiniOzoneClusterImpl-5b939f7d-2090-4c2b-bba9-fa55352059d6/datanode-2/data/ratis/2c61621a-88db-4373-ad0e-a8606b43266c
2022-02-04 12:59:42,151 [pool-223-thread-1] INFO  server.RaftServerConfigKeys (ConfUtils.java:logGet(44)) - raft.server.log.queue.byte-limit = 2147483647 (custom)
2022-02-04 12:59:42,151 [pool-223-thread-1] INFO  server.RaftServerConfigKeys (ConfUtils.java:logGet(44)) - raft.server.log.queue.element-limit = 1024 (custom)
2022-02-04 12:59:42,151 [pool-223-thread-1] INFO  server.RaftServerConfigKeys (ConfUtils.java:logGet(44)) - raft.server.log.segment.size.max = 1048576 (custom)
2022-02-04 12:59:42,152 [pool-223-thread-1] INFO  server.RaftServerConfigKeys (ConfUtils.java:logGet(44)) - raft.server.log.preallocated.size = 16384 (custom)
2022-02-04 12:59:42,152 [pool-223-thread-1] INFO  server.RaftServerConfigKeys (ConfUtils.java:logGet(44)) - raft.server.log.force.sync.num = 128 (default)
2022-02-04 12:59:42,152 [pool-223-thread-1] INFO  server.RaftServerConfigKeys (ConfUtils.java:logGet(44)) - raft.server.log.statemachine.data.sync = true (default)
2022-02-04 12:59:42,152 [pool-223-thread-1] INFO  server.RaftServerConfigKeys (ConfUtils.java:logGet(44)) - raft.server.log.statemachine.data.sync.timeout = 10s (default)
2022-02-04 12:59:42,152 [pool-223-thread-1] INFO  server.RaftServerConfigKeys (ConfUtils.java:logGet(44)) - raft.server.log.statemachine.data.sync.timeout.retry = -1 (default)
2022-02-04 12:59:42,159 [Listener at 0.0.0.0/39829] INFO  server.RaftServer (ConfUtils.java:logGet(44)) - raft.rpc.type = GRPC (default)
2022-02-04 12:59:42,159 [Listener at 0.0.0.0/39829] INFO  grpc.GrpcFactory (GrpcFactory.java:checkPooledByteBufAllocatorUseCacheForAllThreads(48)) - PERFORMANCE WARNING: useCacheForAllThreads is true that may cause Netty to create a lot garbage objects and, as a result, trigger GC.
	It is recommended to disable useCacheForAllThreads by setting -Dorg.apache.ratis.thirdparty.io.netty.allocator.useCacheForAllThreads=false in command line.
2022-02-04 12:59:42,159 [Listener at 0.0.0.0/39829] INFO  grpc.GrpcConfigKeys (ConfUtils.java:logGet(44)) - raft.grpc.admin.port = -1 (default)
2022-02-04 12:59:42,159 [Listener at 0.0.0.0/39829] INFO  grpc.GrpcConfigKeys (ConfUtils.java:logGet(44)) - raft.grpc.server.port = 38951 (custom)
2022-02-04 12:59:42,159 [Listener at 0.0.0.0/39829] INFO  grpc.GrpcConfigKeys (ConfUtils.java:logGet(44)) - raft.grpc.client.port = -1 (default)
2022-02-04 12:59:42,159 [Listener at 0.0.0.0/39829] INFO  grpc.GrpcConfigKeys (ConfUtils.java:logGet(44)) - raft.grpc.server.port = 38951 (custom)
2022-02-04 12:59:42,159 [Listener at 0.0.0.0/39829] INFO  grpc.GrpcConfigKeys (ConfUtils.java:logGet(44)) - raft.grpc.server.port = 38951 (custom)
2022-02-04 12:59:42,160 [Listener at 0.0.0.0/39829] INFO  server.GrpcService (ConfUtils.java:logGet(44)) - raft.grpc.message.size.max = 33554432 (custom)
2022-02-04 12:59:42,160 [Listener at 0.0.0.0/39829] INFO  server.RaftServerConfigKeys (ConfUtils.java:logGet(44)) - raft.server.log.appender.buffer.byte-limit = 33554432 (custom)
2022-02-04 12:59:42,160 [pool-223-thread-1] INFO  server.RaftServerConfigKeys (ConfUtils.java:logGet(44)) - raft.server.log.write.buffer.size = 1048576 (custom)
2022-02-04 12:59:42,160 [Listener at 0.0.0.0/39829] INFO  server.GrpcService (ConfUtils.java:logGet(44)) - raft.grpc.flow.control.window = 1MB (=1048576) (default)
2022-02-04 12:59:42,160 [Listener at 0.0.0.0/39829] INFO  server.RaftServerConfigKeys (ConfUtils.java:logGet(44)) - raft.server.rpc.request.timeout = 3000ms (default)
2022-02-04 12:59:42,160 [pool-223-thread-1] INFO  server.RaftServerConfigKeys (ConfUtils.java:logGet(44)) - raft.server.log.statemachine.data.caching.enabled = true (custom)
2022-02-04 12:59:42,161 [pool-223-thread-1] INFO  segmented.SegmentedRaftLogWorker (SegmentedRaftLogWorker.java:lambda$new$0(133)) - 4dd803c0-ea86-48ec-b5c9-2601c1b23b4d@group-A8606B43266C-SegmentedRaftLogWorker: flushIndex: setUnconditionally 0 -> -1
2022-02-04 12:59:42,161 [pool-223-thread-1] INFO  segmented.SegmentedRaftLogWorker (SegmentedRaftLogWorker.java:lambda$new$0(133)) - 4dd803c0-ea86-48ec-b5c9-2601c1b23b4d@group-A8606B43266C-SegmentedRaftLogWorker: safeCacheEvictIndex: setUnconditionally 0 -> -1
2022-02-04 12:59:42,161 [Listener at 0.0.0.0/39829] INFO  impl.DataStreamServerImpl (ConfUtils.java:logGet(44)) - raft.datastream.type = DISABLED (default)
2022-02-04 12:59:42,161 [Listener at 0.0.0.0/39829] INFO  server.RaftServerConfigKeys (ConfUtils.java:logGet(44)) - raft.server.rpc.slowness.timeout = 120s (custom)
2022-02-04 12:59:42,161 [Listener at 0.0.0.0/39829] INFO  server.RaftServerConfigKeys (ConfUtils.java:logGet(44)) - raft.server.leaderelection.leader.step-down.wait-time = 10s (default)
2022-02-04 12:59:42,162 [Listener at 0.0.0.0/39829] INFO  server.RaftServerConfigKeys (ConfUtils.java:logGet(44)) - raft.server.storage.dir = [/home/runner/work/ozone/ozone/hadoop-ozone/integration-test/target/test-dir/MiniOzoneClusterImpl-782824e0-d6a6-4661-a42b-aa8966ebbd0c/ozone-meta/ratis] (custom)
2022-02-04 12:59:42,166 [pool-223-thread-1] INFO  server.RaftServerConfigKeys (ConfUtils.java:logGet(44)) - raft.server.snapshot.auto.trigger.enabled = true (custom)
2022-02-04 12:59:42,167 [pool-223-thread-1] INFO  server.RaftServerConfigKeys (ConfUtils.java:logGet(44)) - raft.server.snapshot.auto.trigger.threshold = 10000 (custom)
2022-02-04 12:59:42,167 [pool-223-thread-1] INFO  server.RaftServerConfigKeys (ConfUtils.java:logGet(44)) - raft.server.snapshot.retention.file.num = 5 (custom)
2022-02-04 12:59:42,167 [pool-223-thread-1] INFO  server.RaftServerConfigKeys (ConfUtils.java:logGet(44)) - raft.server.log.purge.upto.snapshot.index = false (default)
2022-02-04 12:59:42,171 [Listener at 0.0.0.0/39829] INFO  server.RaftServer (RaftServerProxy.java:addNew(95)) - om1: addNew group-C5BA1605619E:[om1|rpc:localhost:38951|priority:0] returns group-C5BA1605619E:java.util.concurrent.CompletableFuture@40fe171e[Not completed]
2022-02-04 12:59:42,171 [Listener at 0.0.0.0/39829] INFO  om.OzoneManager (OzoneManager.java:initializeRatisServer(1834)) - OzoneManager Ratis server initialized at port 38951
2022-02-04 12:59:42,171 [pool-223-thread-1] INFO  server.RaftServerConfigKeys (ConfUtils.java:logGet(44)) - raft.server.retrycache.expirytime = 600000ms (custom)
2022-02-04 12:59:42,171 [pool-223-thread-1] INFO  server.RaftServerConfigKeys (ConfUtils.java:logGet(44)) - raft.server.retrycache.statistics.expirytime = 100μs (default)
2022-02-04 12:59:42,172 [Listener at 0.0.0.0/39829] INFO  ipc.CallQueueManager (CallQueueManager.java:<init>(90)) - Using callQueue: class java.util.concurrent.LinkedBlockingQueue, queueCapacity: 2000, scheduler: class org.apache.hadoop.ipc.DefaultRpcScheduler, ipcBackoff: false.
2022-02-04 12:59:42,172 [pool-223-thread-1] INFO  server.RaftServer$Division (RaftServerImpl.java:start(301)) - 4dd803c0-ea86-48ec-b5c9-2601c1b23b4d@group-A8606B43266C: start as a follower, conf=-1: [99ec0913-bcd1-4774-8e53-643ce8734cf6|rpc:10.1.0.52:38161|priority:1, 4dd803c0-ea86-48ec-b5c9-2601c1b23b4d|rpc:10.1.0.52:34153|priority:0, cd33ab12-5c76-4090-ae9e-f8dc2a96321d|rpc:10.1.0.52:40103|priority:0], old=null
2022-02-04 12:59:42,172 [pool-223-thread-1] INFO  server.RaftServer$Division (RaftServerImpl.java:setRole(290)) - 4dd803c0-ea86-48ec-b5c9-2601c1b23b4d@group-A8606B43266C: changes role from      null to FOLLOWER at term 0 for startAsFollower
2022-02-04 12:59:42,173 [pool-451-thread-1] INFO  server.RaftServer$Division (RaftServerImpl.java:<init>(184)) - om1: new RaftServerImpl for group-C5BA1605619E:[om1|rpc:localhost:38951|priority:0] with OzoneManagerStateMachine:uninitialized
2022-02-04 12:59:42,177 [Socket Reader #1 for port 0] INFO  ipc.Server (Server.java:run(1265)) - Starting Socket Reader #1 for port 0
2022-02-04 12:59:42,187 [pool-223-thread-1] INFO  impl.RoleInfo (RoleInfo.java:updateAndGet(130)) - 4dd803c0-ea86-48ec-b5c9-2601c1b23b4d: start 4dd803c0-ea86-48ec-b5c9-2601c1b23b4d@group-A8606B43266C-FollowerState
2022-02-04 12:59:42,187 [pool-451-thread-1] INFO  server.RaftServerConfigKeys (ConfUtils.java:logGet(44)) - raft.server.rpc.timeout.min = 1s (custom)
2022-02-04 12:59:42,187 [pool-223-thread-1] INFO  util.JmxRegister (JmxRegister.java:tryRegister(44)) - Successfully registered JMX Bean with object name Ratis:service=RaftServer,group=group-A8606B43266C,id=4dd803c0-ea86-48ec-b5c9-2601c1b23b4d
2022-02-04 12:59:42,187 [pool-451-thread-1] INFO  server.RaftServerConfigKeys (ConfUtils.java:logGet(44)) - raft.server.rpc.timeout.max = 1200ms (custom)
2022-02-04 12:59:42,187 [pool-451-thread-1] INFO  server.RaftServerConfigKeys (ConfUtils.java:logGet(44)) - raft.server.rpc.sleep.time = 25ms (default)
2022-02-04 12:59:42,187 [pool-451-thread-1] INFO  server.RaftServerConfigKeys (ConfUtils.java:logGet(44)) - raft.server.rpc.slowness.timeout = 120s (custom)
2022-02-04 12:59:42,187 [pool-451-thread-1] INFO  server.RaftServerConfigKeys (ConfUtils.java:logGet(44)) - raft.server.leaderelection.leader.step-down.wait-time = 10s (default)
2022-02-04 12:59:42,187 [pool-451-thread-1] INFO  server.RaftServerConfigKeys (ConfUtils.java:logGet(44)) - raft.server.sleep.deviation.threshold = 300ms (default)
2022-02-04 12:59:42,187 [pool-451-thread-1] INFO  server.RaftServerConfigKeys (ConfUtils.java:logGet(44)) - raft.server.log.appender.install.snapshot.enabled = false (custom)
2022-02-04 12:59:42,187 [pool-451-thread-1] INFO  server.RaftServer$Division (ServerState.java:<init>(105)) - om1@group-C5BA1605619E: ConfigurationManager, init=-1: [om1|rpc:localhost:38951|priority:0], old=null, confs=<EMPTY_MAP>
2022-02-04 12:59:42,187 [pool-451-thread-1] INFO  server.RaftServerConfigKeys (ConfUtils.java:logGet(44)) - raft.server.storage.dir = [/home/runner/work/ozone/ozone/hadoop-ozone/integration-test/target/test-dir/MiniOzoneClusterImpl-782824e0-d6a6-4661-a42b-aa8966ebbd0c/ozone-meta/ratis] (custom)
2022-02-04 12:59:42,187 [pool-451-thread-1] INFO  server.RaftServerConfigKeys (ConfUtils.java:logGet(44)) - raft.server.log.corruption.policy = EXCEPTION (default)
2022-02-04 12:59:42,187 [pool-451-thread-1] INFO  server.RaftServerConfigKeys (ConfUtils.java:logGet(44)) - raft.server.storage.free-space.min = 0MB (=0) (default)
2022-02-04 12:59:42,188 [pool-451-thread-1] INFO  storage.RaftStorageDirectory (RaftStorageDirectoryImpl.java:analyzeStorage(135)) - The storage directory /home/runner/work/ozone/ozone/hadoop-ozone/integration-test/target/test-dir/MiniOzoneClusterImpl-782824e0-d6a6-4661-a42b-aa8966ebbd0c/ozone-meta/ratis/bf265839-605b-3f16-9796-c5ba1605619e does not exist. Creating ...
2022-02-04 12:59:42,190 [Command processor thread] INFO  ratis.XceiverServerRatis (XceiverServerRatis.java:addGroup(768)) - Created group PipelineID=2c61621a-88db-4373-ad0e-a8606b43266c
2022-02-04 12:59:42,190 [pool-451-thread-1] INFO  storage.RaftStorageDirectory (RaftStorageDirectoryImpl.java:tryLock(230)) - Lock on /home/runner/work/ozone/ozone/hadoop-ozone/integration-test/target/test-dir/MiniOzoneClusterImpl-782824e0-d6a6-4661-a42b-aa8966ebbd0c/ozone-meta/ratis/bf265839-605b-3f16-9796-c5ba1605619e/in_use.lock acquired by nodename 13540@fv-az116-891
2022-02-04 12:59:42,192 [pool-451-thread-1] INFO  storage.RaftStorage (RaftStorageImpl.java:format(89)) - Storage directory /home/runner/work/ozone/ozone/hadoop-ozone/integration-test/target/test-dir/MiniOzoneClusterImpl-782824e0-d6a6-4661-a42b-aa8966ebbd0c/ozone-meta/ratis/bf265839-605b-3f16-9796-c5ba1605619e has been successfully formatted.
2022-02-04 12:59:42,192 [pool-451-thread-1] INFO  server.RaftServerConfigKeys (ConfUtils.java:logGet(44)) - raft.server.notification.no-leader.timeout = 120s (custom)
2022-02-04 12:59:42,198 [pool-451-thread-1] INFO  server.RaftServerConfigKeys (ConfUtils.java:logGet(44)) - raft.server.log.use.memory = false (default)
2022-02-04 12:59:42,198 [pool-451-thread-1] INFO  server.RaftServerConfigKeys (ConfUtils.java:logGet(44)) - raft.server.log.purge.gap = 1000000 (custom)
2022-02-04 12:59:42,198 [pool-451-thread-1] INFO  server.RaftServerConfigKeys (ConfUtils.java:logGet(44)) - raft.server.log.appender.buffer.byte-limit = 33554432 (custom)
2022-02-04 12:59:42,199 [pool-451-thread-1] INFO  server.RaftServerConfigKeys (ConfUtils.java:logGet(44)) - raft.server.log.segment.size.max = 4194304 (custom)
2022-02-04 12:59:42,199 [pool-451-thread-1] INFO  server.RaftServerConfigKeys (ConfUtils.java:logGet(44)) - raft.server.log.segment.cache.num.max = 2 (custom)
2022-02-04 12:59:42,199 [pool-451-thread-1] INFO  server.RaftServerConfigKeys (ConfUtils.java:logGet(44)) - raft.server.log.segment.cache.size.max = 200MB (=209715200) (default)
2022-02-04 12:59:42,199 [pool-451-thread-1] INFO  segmented.SegmentedRaftLogWorker (SegmentedRaftLogWorker.java:<init>(182)) - new om1@group-C5BA1605619E-SegmentedRaftLogWorker for RaftStorageImpl:Storage Directory /home/runner/work/ozone/ozone/hadoop-ozone/integration-test/target/test-dir/MiniOzoneClusterImpl-782824e0-d6a6-4661-a42b-aa8966ebbd0c/ozone-meta/ratis/bf265839-605b-3f16-9796-c5ba1605619e
2022-02-04 12:59:42,199 [pool-451-thread-1] INFO  server.RaftServerConfigKeys (ConfUtils.java:logGet(44)) - raft.server.log.queue.byte-limit = 64MB (=67108864) (default)
2022-02-04 12:59:42,199 [pool-451-thread-1] INFO  server.RaftServerConfigKeys (ConfUtils.java:logGet(44)) - raft.server.log.queue.element-limit = 4096 (default)
2022-02-04 12:59:42,199 [pool-451-thread-1] INFO  server.RaftServerConfigKeys (ConfUtils.java:logGet(44)) - raft.server.log.segment.size.max = 4194304 (custom)
2022-02-04 12:59:42,199 [pool-451-thread-1] INFO  server.RaftServerConfigKeys (ConfUtils.java:logGet(44)) - raft.server.log.preallocated.size = 4194304 (custom)
2022-02-04 12:59:42,200 [pool-451-thread-1] INFO  server.RaftServerConfigKeys (ConfUtils.java:logGet(44)) - raft.server.log.force.sync.num = 128 (default)
2022-02-04 12:59:42,200 [pool-451-thread-1] INFO  server.RaftServerConfigKeys (ConfUtils.java:logGet(44)) - raft.server.log.statemachine.data.sync = true (default)
2022-02-04 12:59:42,200 [pool-451-thread-1] INFO  server.RaftServerConfigKeys (ConfUtils.java:logGet(44)) - raft.server.log.statemachine.data.sync.timeout = 10s (default)
2022-02-04 12:59:42,200 [pool-451-thread-1] INFO  server.RaftServerConfigKeys (ConfUtils.java:logGet(44)) - raft.server.log.statemachine.data.sync.timeout.retry = -1 (default)
2022-02-04 12:59:42,201 [pool-451-thread-1] INFO  server.RaftServerConfigKeys (ConfUtils.java:logGet(44)) - raft.server.log.write.buffer.size = 64KB (=65536) (default)
2022-02-04 12:59:42,201 [pool-451-thread-1] INFO  server.RaftServerConfigKeys (ConfUtils.java:logGet(44)) - raft.server.log.statemachine.data.caching.enabled = false (default)
2022-02-04 12:59:42,201 [pool-451-thread-1] INFO  segmented.SegmentedRaftLogWorker (SegmentedRaftLogWorker.java:lambda$new$0(133)) - om1@group-C5BA1605619E-SegmentedRaftLogWorker: flushIndex: setUnconditionally 0 -> -1
2022-02-04 12:59:42,201 [pool-451-thread-1] INFO  segmented.SegmentedRaftLogWorker (SegmentedRaftLogWorker.java:lambda$new$0(133)) - om1@group-C5BA1605619E-SegmentedRaftLogWorker: safeCacheEvictIndex: setUnconditionally 0 -> -1
2022-02-04 12:59:42,202 [pool-451-thread-1] INFO  server.RaftServerConfigKeys (ConfUtils.java:logGet(44)) - raft.server.snapshot.auto.trigger.enabled = true (custom)
2022-02-04 12:59:42,202 [pool-451-thread-1] INFO  server.RaftServerConfigKeys (ConfUtils.java:logGet(44)) - raft.server.snapshot.auto.trigger.threshold = 400000 (default)
2022-02-04 12:59:42,202 [pool-451-thread-1] INFO  server.RaftServerConfigKeys (ConfUtils.java:logGet(44)) - raft.server.snapshot.retention.file.num = -1 (default)
2022-02-04 12:59:42,202 [pool-451-thread-1] INFO  server.RaftServerConfigKeys (ConfUtils.java:logGet(44)) - raft.server.log.purge.upto.snapshot.index = true (custom)
2022-02-04 12:59:42,202 [pool-451-thread-1] INFO  server.RaftServerConfigKeys (ConfUtils.java:logGet(44)) - raft.server.retrycache.expirytime = 300s (custom)
2022-02-04 12:59:42,202 [pool-451-thread-1] INFO  server.RaftServerConfigKeys (ConfUtils.java:logGet(44)) - raft.server.retrycache.statistics.expirytime = 100μs (default)
2022-02-04 12:59:42,213 [grpc-default-executor-3] INFO  server.RaftServer (RaftServerProxy.java:addNew(95)) - 99ec0913-bcd1-4774-8e53-643ce8734cf6: addNew group-A8606B43266C:[99ec0913-bcd1-4774-8e53-643ce8734cf6|rpc:10.1.0.52:38161|dataStream:|priority:1, 4dd803c0-ea86-48ec-b5c9-2601c1b23b4d|rpc:10.1.0.52:34153|dataStream:|priority:0, cd33ab12-5c76-4090-ae9e-f8dc2a96321d|rpc:10.1.0.52:40103|dataStream:|priority:0] returns group-A8606B43266C:java.util.concurrent.CompletableFuture@7b69bff7[Not completed]
2022-02-04 12:59:42,214 [pool-171-thread-1] INFO  server.RaftServer$Division (RaftServerImpl.java:<init>(184)) - 99ec0913-bcd1-4774-8e53-643ce8734cf6: new RaftServerImpl for group-A8606B43266C:[99ec0913-bcd1-4774-8e53-643ce8734cf6|rpc:10.1.0.52:38161|dataStream:|priority:1, 4dd803c0-ea86-48ec-b5c9-2601c1b23b4d|rpc:10.1.0.52:34153|dataStream:|priority:0, cd33ab12-5c76-4090-ae9e-f8dc2a96321d|rpc:10.1.0.52:40103|dataStream:|priority:0] with ContainerStateMachine:uninitialized
2022-02-04 12:59:42,214 [pool-171-thread-1] INFO  server.RaftServerConfigKeys (ConfUtils.java:logGet(44)) - raft.server.rpc.timeout.min = 5s (custom)
2022-02-04 12:59:42,214 [pool-171-thread-1] INFO  server.RaftServerConfigKeys (ConfUtils.java:logGet(44)) - raft.server.rpc.timeout.max = 5200ms (custom)
2022-02-04 12:59:42,214 [pool-171-thread-1] INFO  server.RaftServerConfigKeys (ConfUtils.java:logGet(44)) - raft.server.rpc.sleep.time = 25ms (default)
2022-02-04 12:59:42,214 [pool-171-thread-1] INFO  server.RaftServerConfigKeys (ConfUtils.java:logGet(44)) - raft.server.rpc.slowness.timeout = 300s (custom)
2022-02-04 12:59:42,214 [pool-171-thread-1] INFO  server.RaftServerConfigKeys (ConfUtils.java:logGet(44)) - raft.server.leaderelection.leader.step-down.wait-time = 10s (default)
2022-02-04 12:59:42,214 [pool-171-thread-1] INFO  server.RaftServerConfigKeys (ConfUtils.java:logGet(44)) - raft.server.sleep.deviation.threshold = 300ms (default)
2022-02-04 12:59:42,214 [pool-171-thread-1] INFO  server.RaftServerConfigKeys (ConfUtils.java:logGet(44)) - raft.server.log.appender.install.snapshot.enabled = false (custom)
2022-02-04 12:59:42,214 [pool-171-thread-1] INFO  server.RaftServer$Division (ServerState.java:<init>(105)) - 99ec0913-bcd1-4774-8e53-643ce8734cf6@group-A8606B43266C: ConfigurationManager, init=-1: [99ec0913-bcd1-4774-8e53-643ce8734cf6|rpc:10.1.0.52:38161|dataStream:|priority:1, 4dd803c0-ea86-48ec-b5c9-2601c1b23b4d|rpc:10.1.0.52:34153|dataStream:|priority:0, cd33ab12-5c76-4090-ae9e-f8dc2a96321d|rpc:10.1.0.52:40103|dataStream:|priority:0], old=null, confs=<EMPTY_MAP>
2022-02-04 12:59:42,214 [pool-171-thread-1] INFO  server.RaftServerConfigKeys (ConfUtils.java:logGet(44)) - raft.server.storage.dir = [/home/runner/work/ozone/ozone/hadoop-ozone/integration-test/target/test-dir/MiniOzoneClusterImpl-5b939f7d-2090-4c2b-bba9-fa55352059d6/datanode-0/data/ratis] (custom)
2022-02-04 12:59:42,215 [pool-171-thread-1] INFO  server.RaftServerConfigKeys (ConfUtils.java:logGet(44)) - raft.server.log.corruption.policy = EXCEPTION (default)
2022-02-04 12:59:42,215 [pool-171-thread-1] INFO  server.RaftServerConfigKeys (ConfUtils.java:logGet(44)) - raft.server.storage.free-space.min = 0MB (=0) (default)
2022-02-04 12:59:42,215 [pool-171-thread-1] INFO  storage.RaftStorageDirectory (RaftStorageDirectoryImpl.java:analyzeStorage(135)) - The storage directory /home/runner/work/ozone/ozone/hadoop-ozone/integration-test/target/test-dir/MiniOzoneClusterImpl-5b939f7d-2090-4c2b-bba9-fa55352059d6/datanode-0/data/ratis/2c61621a-88db-4373-ad0e-a8606b43266c does not exist. Creating ...
2022-02-04 12:59:42,216 [pool-171-thread-1] INFO  storage.RaftStorageDirectory (RaftStorageDirectoryImpl.java:tryLock(230)) - Lock on /home/runner/work/ozone/ozone/hadoop-ozone/integration-test/target/test-dir/MiniOzoneClusterImpl-5b939f7d-2090-4c2b-bba9-fa55352059d6/datanode-0/data/ratis/2c61621a-88db-4373-ad0e-a8606b43266c/in_use.lock acquired by nodename 13540@fv-az116-891
2022-02-04 12:59:42,218 [pool-171-thread-1] INFO  storage.RaftStorage (RaftStorageImpl.java:format(89)) - Storage directory /home/runner/work/ozone/ozone/hadoop-ozone/integration-test/target/test-dir/MiniOzoneClusterImpl-5b939f7d-2090-4c2b-bba9-fa55352059d6/datanode-0/data/ratis/2c61621a-88db-4373-ad0e-a8606b43266c has been successfully formatted.
2022-02-04 12:59:42,219 [pool-171-thread-1] INFO  ratis.ContainerStateMachine (ContainerStateMachine.java:loadSnapshot(231)) - group-A8606B43266C: The snapshot info is null. Setting the last applied indexto:(t:0, i:~)
2022-02-04 12:59:42,219 [pool-171-thread-1] INFO  server.RaftServerConfigKeys (ConfUtils.java:logGet(44)) - raft.server.notification.no-leader.timeout = 300s (custom)
2022-02-04 12:59:42,219 [pool-171-thread-1] INFO  server.RaftServerConfigKeys (ConfUtils.java:logGet(44)) - raft.server.log.use.memory = false (default)
2022-02-04 12:59:42,219 [pool-171-thread-1] INFO  server.RaftServerConfigKeys (ConfUtils.java:logGet(44)) - raft.server.log.purge.gap = 1000000 (custom)
2022-02-04 12:59:42,219 [pool-171-thread-1] INFO  server.RaftServerConfigKeys (ConfUtils.java:logGet(44)) - raft.server.log.appender.buffer.byte-limit = 33554432 (custom)
2022-02-04 12:59:42,219 [pool-171-thread-1] INFO  server.RaftServerConfigKeys (ConfUtils.java:logGet(44)) - raft.server.log.segment.size.max = 1048576 (custom)
2022-02-04 12:59:42,220 [pool-171-thread-1] INFO  server.RaftServerConfigKeys (ConfUtils.java:logGet(44)) - raft.server.log.segment.cache.num.max = 2 (custom)
2022-02-04 12:59:42,220 [pool-171-thread-1] INFO  server.RaftServerConfigKeys (ConfUtils.java:logGet(44)) - raft.server.log.segment.cache.size.max = 200MB (=209715200) (default)
2022-02-04 12:59:42,220 [pool-171-thread-1] INFO  segmented.SegmentedRaftLogWorker (SegmentedRaftLogWorker.java:<init>(182)) - new 99ec0913-bcd1-4774-8e53-643ce8734cf6@group-A8606B43266C-SegmentedRaftLogWorker for RaftStorageImpl:Storage Directory /home/runner/work/ozone/ozone/hadoop-ozone/integration-test/target/test-dir/MiniOzoneClusterImpl-5b939f7d-2090-4c2b-bba9-fa55352059d6/datanode-0/data/ratis/2c61621a-88db-4373-ad0e-a8606b43266c
2022-02-04 12:59:42,220 [pool-171-thread-1] INFO  server.RaftServerConfigKeys (ConfUtils.java:logGet(44)) - raft.server.log.queue.byte-limit = 2147483647 (custom)
2022-02-04 12:59:42,220 [pool-171-thread-1] INFO  server.RaftServerConfigKeys (ConfUtils.java:logGet(44)) - raft.server.log.queue.element-limit = 1024 (custom)
2022-02-04 12:59:42,220 [pool-171-thread-1] INFO  server.RaftServerConfigKeys (ConfUtils.java:logGet(44)) - raft.server.log.segment.size.max = 1048576 (custom)
2022-02-04 12:59:42,220 [pool-171-thread-1] INFO  server.RaftServerConfigKeys (ConfUtils.java:logGet(44)) - raft.server.log.preallocated.size = 16384 (custom)
2022-02-04 12:59:42,220 [pool-171-thread-1] INFO  server.RaftServerConfigKeys (ConfUtils.java:logGet(44)) - raft.server.log.force.sync.num = 128 (default)
2022-02-04 12:59:42,220 [pool-171-thread-1] INFO  server.RaftServerConfigKeys (ConfUtils.java:logGet(44)) - raft.server.log.statemachine.data.sync = true (default)
2022-02-04 12:59:42,221 [pool-171-thread-1] INFO  server.RaftServerConfigKeys (ConfUtils.java:logGet(44)) - raft.server.log.statemachine.data.sync.timeout = 10s (default)
2022-02-04 12:59:42,221 [pool-171-thread-1] INFO  server.RaftServerConfigKeys (ConfUtils.java:logGet(44)) - raft.server.log.statemachine.data.sync.timeout.retry = -1 (default)
2022-02-04 12:59:42,225 [pool-171-thread-1] INFO  server.RaftServerConfigKeys (ConfUtils.java:logGet(44)) - raft.server.log.write.buffer.size = 1048576 (custom)
2022-02-04 12:59:42,226 [pool-171-thread-1] INFO  server.RaftServerConfigKeys (ConfUtils.java:logGet(44)) - raft.server.log.statemachine.data.caching.enabled = true (custom)
2022-02-04 12:59:42,226 [pool-171-thread-1] INFO  segmented.SegmentedRaftLogWorker (SegmentedRaftLogWorker.java:lambda$new$0(133)) - 99ec0913-bcd1-4774-8e53-643ce8734cf6@group-A8606B43266C-SegmentedRaftLogWorker: flushIndex: setUnconditionally 0 -> -1
2022-02-04 12:59:42,226 [pool-171-thread-1] INFO  segmented.SegmentedRaftLogWorker (SegmentedRaftLogWorker.java:lambda$new$0(133)) - 99ec0913-bcd1-4774-8e53-643ce8734cf6@group-A8606B43266C-SegmentedRaftLogWorker: safeCacheEvictIndex: setUnconditionally 0 -> -1
2022-02-04 12:59:42,233 [pool-171-thread-1] INFO  server.RaftServerConfigKeys (ConfUtils.java:logGet(44)) - raft.server.snapshot.auto.trigger.enabled = true (custom)
2022-02-04 12:59:42,233 [pool-171-thread-1] INFO  server.RaftServerConfigKeys (ConfUtils.java:logGet(44)) - raft.server.snapshot.auto.trigger.threshold = 10000 (custom)
2022-02-04 12:59:42,233 [pool-171-thread-1] INFO  server.RaftServerConfigKeys (ConfUtils.java:logGet(44)) - raft.server.snapshot.retention.file.num = 5 (custom)
2022-02-04 12:59:42,233 [pool-171-thread-1] INFO  server.RaftServerConfigKeys (ConfUtils.java:logGet(44)) - raft.server.log.purge.upto.snapshot.index = false (default)
2022-02-04 12:59:42,233 [pool-171-thread-1] INFO  server.RaftServerConfigKeys (ConfUtils.java:logGet(44)) - raft.server.retrycache.expirytime = 600000ms (custom)
2022-02-04 12:59:42,233 [pool-171-thread-1] INFO  server.RaftServerConfigKeys (ConfUtils.java:logGet(44)) - raft.server.retrycache.statistics.expirytime = 100μs (default)
2022-02-04 12:59:42,234 [pool-171-thread-1] INFO  server.RaftServer$Division (RaftServerImpl.java:start(301)) - 99ec0913-bcd1-4774-8e53-643ce8734cf6@group-A8606B43266C: start as a follower, conf=-1: [99ec0913-bcd1-4774-8e53-643ce8734cf6|rpc:10.1.0.52:38161|dataStream:|priority:1, 4dd803c0-ea86-48ec-b5c9-2601c1b23b4d|rpc:10.1.0.52:34153|dataStream:|priority:0, cd33ab12-5c76-4090-ae9e-f8dc2a96321d|rpc:10.1.0.52:40103|dataStream:|priority:0], old=null
2022-02-04 12:59:42,234 [pool-171-thread-1] INFO  server.RaftServer$Division (RaftServerImpl.java:setRole(290)) - 99ec0913-bcd1-4774-8e53-643ce8734cf6@group-A8606B43266C: changes role from      null to FOLLOWER at term 0 for startAsFollower
2022-02-04 12:59:42,234 [pool-171-thread-1] INFO  impl.RoleInfo (RoleInfo.java:updateAndGet(130)) - 99ec0913-bcd1-4774-8e53-643ce8734cf6: start 99ec0913-bcd1-4774-8e53-643ce8734cf6@group-A8606B43266C-FollowerState
2022-02-04 12:59:42,241 [Listener at 127.0.0.1/36713] INFO  impl.MetricsSystemImpl (MetricsSystemImpl.java:init(158)) - OzoneManager metrics system started (again)
2022-02-04 12:59:42,244 [Command processor thread] INFO  commandhandler.FinalizeNewLayoutVersionCommandHandler (FinalizeNewLayoutVersionCommandHandler.java:handle(64)) - Processing FinalizeNewLayoutVersionCommandHandler command.
2022-02-04 12:59:42,244 [Command processor thread] INFO  server.RaftServer (RaftServerProxy.java:addNew(95)) - 99ec0913-bcd1-4774-8e53-643ce8734cf6: addNew group-878E865CC184:[99ec0913-bcd1-4774-8e53-643ce8734cf6|rpc:10.1.0.52:38161|priority:1] returns group-878E865CC184:java.util.concurrent.CompletableFuture@4da7f8b3[Not completed]
2022-02-04 12:59:42,245 [pool-171-thread-1] INFO  util.JmxRegister (JmxRegister.java:tryRegister(44)) - Successfully registered JMX Bean with object name Ratis:service=RaftServer,group=group-A8606B43266C,id=99ec0913-bcd1-4774-8e53-643ce8734cf6
2022-02-04 12:59:42,257 [pool-171-thread-1] INFO  server.RaftServer$Division (RaftServerImpl.java:<init>(184)) - 99ec0913-bcd1-4774-8e53-643ce8734cf6: new RaftServerImpl for group-878E865CC184:[99ec0913-bcd1-4774-8e53-643ce8734cf6|rpc:10.1.0.52:38161|priority:1] with ContainerStateMachine:uninitialized
2022-02-04 12:59:42,257 [pool-171-thread-1] INFO  server.RaftServerConfigKeys (ConfUtils.java:logGet(44)) - raft.server.rpc.timeout.min = 5s (custom)
2022-02-04 12:59:42,257 [pool-171-thread-1] INFO  server.RaftServerConfigKeys (ConfUtils.java:logGet(44)) - raft.server.rpc.timeout.max = 5200ms (custom)
2022-02-04 12:59:42,257 [pool-171-thread-1] INFO  server.RaftServerConfigKeys (ConfUtils.java:logGet(44)) - raft.server.rpc.sleep.time = 25ms (default)
2022-02-04 12:59:42,257 [pool-171-thread-1] INFO  server.RaftServerConfigKeys (ConfUtils.java:logGet(44)) - raft.server.rpc.slowness.timeout = 300s (custom)
2022-02-04 12:59:42,257 [pool-171-thread-1] INFO  server.RaftServerConfigKeys (ConfUtils.java:logGet(44)) - raft.server.leaderelection.leader.step-down.wait-time = 10s (default)
2022-02-04 12:59:42,257 [pool-171-thread-1] INFO  server.RaftServerConfigKeys (ConfUtils.java:logGet(44)) - raft.server.sleep.deviation.threshold = 300ms (default)
2022-02-04 12:59:42,257 [pool-171-thread-1] INFO  server.RaftServerConfigKeys (ConfUtils.java:logGet(44)) - raft.server.log.appender.install.snapshot.enabled = false (custom)
2022-02-04 12:59:42,257 [pool-171-thread-1] INFO  server.RaftServer$Division (ServerState.java:<init>(105)) - 99ec0913-bcd1-4774-8e53-643ce8734cf6@group-878E865CC184: ConfigurationManager, init=-1: [99ec0913-bcd1-4774-8e53-643ce8734cf6|rpc:10.1.0.52:38161|priority:1], old=null, confs=<EMPTY_MAP>
2022-02-04 12:59:42,257 [pool-171-thread-1] INFO  server.RaftServerConfigKeys (ConfUtils.java:logGet(44)) - raft.server.storage.dir = [/home/runner/work/ozone/ozone/hadoop-ozone/integration-test/target/test-dir/MiniOzoneClusterImpl-5b939f7d-2090-4c2b-bba9-fa55352059d6/datanode-0/data/ratis] (custom)
2022-02-04 12:59:42,258 [pool-171-thread-1] INFO  server.RaftServerConfigKeys (ConfUtils.java:logGet(44)) - raft.server.log.corruption.policy = EXCEPTION (default)
2022-02-04 12:59:42,258 [pool-171-thread-1] INFO  server.RaftServerConfigKeys (ConfUtils.java:logGet(44)) - raft.server.storage.free-space.min = 0MB (=0) (default)
2022-02-04 12:59:42,258 [pool-171-thread-1] INFO  storage.RaftStorageDirectory (RaftStorageDirectoryImpl.java:analyzeStorage(135)) - The storage directory /home/runner/work/ozone/ozone/hadoop-ozone/integration-test/target/test-dir/MiniOzoneClusterImpl-5b939f7d-2090-4c2b-bba9-fa55352059d6/datanode-0/data/ratis/0cc918b6-700b-47a5-9296-878e865cc184 does not exist. Creating ...
2022-02-04 12:59:42,260 [pool-171-thread-1] INFO  storage.RaftStorageDirectory (RaftStorageDirectoryImpl.java:tryLock(230)) - Lock on /home/runner/work/ozone/ozone/hadoop-ozone/integration-test/target/test-dir/MiniOzoneClusterImpl-5b939f7d-2090-4c2b-bba9-fa55352059d6/datanode-0/data/ratis/0cc918b6-700b-47a5-9296-878e865cc184/in_use.lock acquired by nodename 13540@fv-az116-891
2022-02-04 12:59:42,268 [pool-171-thread-1] INFO  storage.RaftStorage (RaftStorageImpl.java:format(89)) - Storage directory /home/runner/work/ozone/ozone/hadoop-ozone/integration-test/target/test-dir/MiniOzoneClusterImpl-5b939f7d-2090-4c2b-bba9-fa55352059d6/datanode-0/data/ratis/0cc918b6-700b-47a5-9296-878e865cc184 has been successfully formatted.
2022-02-04 12:59:42,268 [pool-171-thread-1] INFO  ratis.ContainerStateMachine (ContainerStateMachine.java:loadSnapshot(231)) - group-878E865CC184: The snapshot info is null. Setting the last applied indexto:(t:0, i:~)
2022-02-04 12:59:42,268 [pool-171-thread-1] INFO  server.RaftServerConfigKeys (ConfUtils.java:logGet(44)) - raft.server.notification.no-leader.timeout = 300s (custom)
2022-02-04 12:59:42,268 [pool-171-thread-1] INFO  server.RaftServerConfigKeys (ConfUtils.java:logGet(44)) - raft.server.log.use.memory = false (default)
2022-02-04 12:59:42,268 [pool-171-thread-1] INFO  server.RaftServerConfigKeys (ConfUtils.java:logGet(44)) - raft.server.log.purge.gap = 1000000 (custom)
2022-02-04 12:59:42,268 [pool-171-thread-1] INFO  server.RaftServerConfigKeys (ConfUtils.java:logGet(44)) - raft.server.log.appender.buffer.byte-limit = 33554432 (custom)
2022-02-04 12:59:42,268 [pool-171-thread-1] INFO  server.RaftServerConfigKeys (ConfUtils.java:logGet(44)) - raft.server.log.segment.size.max = 1048576 (custom)
2022-02-04 12:59:42,269 [pool-171-thread-1] INFO  server.RaftServerConfigKeys (ConfUtils.java:logGet(44)) - raft.server.log.segment.cache.num.max = 2 (custom)
2022-02-04 12:59:42,269 [pool-171-thread-1] INFO  server.RaftServerConfigKeys (ConfUtils.java:logGet(44)) - raft.server.log.segment.cache.size.max = 200MB (=209715200) (default)
2022-02-04 12:59:42,269 [pool-171-thread-1] INFO  segmented.SegmentedRaftLogWorker (SegmentedRaftLogWorker.java:<init>(182)) - new 99ec0913-bcd1-4774-8e53-643ce8734cf6@group-878E865CC184-SegmentedRaftLogWorker for RaftStorageImpl:Storage Directory /home/runner/work/ozone/ozone/hadoop-ozone/integration-test/target/test-dir/MiniOzoneClusterImpl-5b939f7d-2090-4c2b-bba9-fa55352059d6/datanode-0/data/ratis/0cc918b6-700b-47a5-9296-878e865cc184
2022-02-04 12:59:42,269 [pool-171-thread-1] INFO  server.RaftServerConfigKeys (ConfUtils.java:logGet(44)) - raft.server.log.queue.byte-limit = 2147483647 (custom)
2022-02-04 12:59:42,269 [pool-171-thread-1] INFO  server.RaftServerConfigKeys (ConfUtils.java:logGet(44)) - raft.server.log.queue.element-limit = 1024 (custom)
2022-02-04 12:59:42,269 [pool-171-thread-1] INFO  server.RaftServerConfigKeys (ConfUtils.java:logGet(44)) - raft.server.log.segment.size.max = 1048576 (custom)
2022-02-04 12:59:42,269 [pool-171-thread-1] INFO  server.RaftServerConfigKeys (ConfUtils.java:logGet(44)) - raft.server.log.preallocated.size = 16384 (custom)
2022-02-04 12:59:42,269 [pool-171-thread-1] INFO  server.RaftServerConfigKeys (ConfUtils.java:logGet(44)) - raft.server.log.force.sync.num = 128 (default)
2022-02-04 12:59:42,270 [pool-171-thread-1] INFO  server.RaftServerConfigKeys (ConfUtils.java:logGet(44)) - raft.server.log.statemachine.data.sync = true (default)
2022-02-04 12:59:42,270 [pool-171-thread-1] INFO  server.RaftServerConfigKeys (ConfUtils.java:logGet(44)) - raft.server.log.statemachine.data.sync.timeout = 10s (default)
2022-02-04 12:59:42,270 [pool-171-thread-1] INFO  server.RaftServerConfigKeys (ConfUtils.java:logGet(44)) - raft.server.log.statemachine.data.sync.timeout.retry = -1 (default)
2022-02-04 12:59:42,271 [pool-171-thread-1] INFO  server.RaftServerConfigKeys (ConfUtils.java:logGet(44)) - raft.server.log.write.buffer.size = 1048576 (custom)
2022-02-04 12:59:42,271 [EventQueue-PipelineReportForPipelineReportHandler] INFO  pipeline.PipelineManagerImpl (PipelineManagerImpl.java:openPipeline(291)) - Pipeline Pipeline[ Id: 0cc918b6-700b-47a5-9296-878e865cc184, Nodes: 99ec0913-bcd1-4774-8e53-643ce8734cf6{ip: 10.1.0.52, host: fv-az116-891.vzw04321ajxubdbcnpick5nqva.xx.internal.cloudapp.net, ports: [REPLICATION=43877, RATIS=38161, RATIS_ADMIN=38161, RATIS_SERVER=38161, STANDALONE=41191], networkLocation: /default-rack, certSerialId: null, persistedOpState: IN_SERVICE, persistedOpStateExpiryEpochSec: 0}, ReplicationConfig: RATIS/ONE, State:ALLOCATED, leaderId:99ec0913-bcd1-4774-8e53-643ce8734cf6, CreationTimestamp2022-02-04T12:59:41.494Z[Etc/UTC]] moved to OPEN state
2022-02-04 12:59:42,271 [pool-171-thread-1] INFO  server.RaftServerConfigKeys (ConfUtils.java:logGet(44)) - raft.server.log.statemachine.data.caching.enabled = true (custom)
2022-02-04 12:59:42,272 [pool-171-thread-1] INFO  segmented.SegmentedRaftLogWorker (SegmentedRaftLogWorker.java:lambda$new$0(133)) - 99ec0913-bcd1-4774-8e53-643ce8734cf6@group-878E865CC184-SegmentedRaftLogWorker: flushIndex: setUnconditionally 0 -> -1
2022-02-04 12:59:42,272 [pool-171-thread-1] INFO  segmented.SegmentedRaftLogWorker (SegmentedRaftLogWorker.java:lambda$new$0(133)) - 99ec0913-bcd1-4774-8e53-643ce8734cf6@group-878E865CC184-SegmentedRaftLogWorker: safeCacheEvictIndex: setUnconditionally 0 -> -1
2022-02-04 12:59:42,273 [pool-171-thread-1] INFO  server.RaftServerConfigKeys (ConfUtils.java:logGet(44)) - raft.server.snapshot.auto.trigger.enabled = true (custom)
2022-02-04 12:59:42,273 [pool-171-thread-1] INFO  server.RaftServerConfigKeys (ConfUtils.java:logGet(44)) - raft.server.snapshot.auto.trigger.threshold = 10000 (custom)
2022-02-04 12:59:42,274 [pool-171-thread-1] INFO  server.RaftServerConfigKeys (ConfUtils.java:logGet(44)) - raft.server.snapshot.retention.file.num = 5 (custom)
2022-02-04 12:59:42,274 [pool-171-thread-1] INFO  server.RaftServerConfigKeys (ConfUtils.java:logGet(44)) - raft.server.log.purge.upto.snapshot.index = false (default)
2022-02-04 12:59:42,274 [pool-171-thread-1] INFO  server.RaftServerConfigKeys (ConfUtils.java:logGet(44)) - raft.server.retrycache.expirytime = 600000ms (custom)
2022-02-04 12:59:42,274 [pool-171-thread-1] INFO  server.RaftServerConfigKeys (ConfUtils.java:logGet(44)) - raft.server.retrycache.statistics.expirytime = 100μs (default)
2022-02-04 12:59:42,275 [pool-171-thread-1] INFO  server.RaftServer$Division (RaftServerImpl.java:start(301)) - 99ec0913-bcd1-4774-8e53-643ce8734cf6@group-878E865CC184: start as a follower, conf=-1: [99ec0913-bcd1-4774-8e53-643ce8734cf6|rpc:10.1.0.52:38161|priority:1], old=null
2022-02-04 12:59:42,275 [pool-171-thread-1] INFO  server.RaftServer$Division (RaftServerImpl.java:setRole(290)) - 99ec0913-bcd1-4774-8e53-643ce8734cf6@group-878E865CC184: changes role from      null to FOLLOWER at term 0 for startAsFollower
2022-02-04 12:59:42,275 [pool-171-thread-1] INFO  impl.RoleInfo (RoleInfo.java:updateAndGet(130)) - 99ec0913-bcd1-4774-8e53-643ce8734cf6: start 99ec0913-bcd1-4774-8e53-643ce8734cf6@group-878E865CC184-FollowerState
2022-02-04 12:59:42,278 [Listener at 127.0.0.1/36713] INFO  om.OzoneManager (OzoneManager.java:start(1365)) - OzoneManager RPC server is listening at localhost/127.0.0.1:36713
2022-02-04 12:59:42,278 [Listener at 127.0.0.1/36713] INFO  ratis.OzoneManagerRatisServer (OzoneManagerRatisServer.java:start(554)) - Starting OzoneManagerRatisServer om1 at port 38951
2022-02-04 12:59:42,278 [Listener at 127.0.0.1/36713] INFO  server.RaftServer$Division (RaftServerImpl.java:start(301)) - om1@group-C5BA1605619E: start as a follower, conf=-1: [om1|rpc:localhost:38951|priority:0], old=null
2022-02-04 12:59:42,278 [Listener at 127.0.0.1/36713] INFO  server.RaftServer$Division (RaftServerImpl.java:setRole(290)) - om1@group-C5BA1605619E: changes role from      null to FOLLOWER at term 0 for startAsFollower
2022-02-04 12:59:42,278 [pool-171-thread-1] INFO  util.JmxRegister (JmxRegister.java:tryRegister(44)) - Successfully registered JMX Bean with object name Ratis:service=RaftServer,group=group-878E865CC184,id=99ec0913-bcd1-4774-8e53-643ce8734cf6
2022-02-04 12:59:42,279 [Command processor thread] INFO  ratis.XceiverServerRatis (XceiverServerRatis.java:addGroup(768)) - Created group PipelineID=0cc918b6-700b-47a5-9296-878e865cc184
2022-02-04 12:59:42,279 [Command processor thread] INFO  commandhandler.CreatePipelineCommandHandler (CreatePipelineCommandHandler.java:handle(106)) - Created Pipeline RATIS ONE PipelineID=0cc918b6-700b-47a5-9296-878e865cc184.
2022-02-04 12:59:42,285 [Listener at 127.0.0.1/36713] INFO  impl.RoleInfo (RoleInfo.java:updateAndGet(130)) - om1: start om1@group-C5BA1605619E-FollowerState
2022-02-04 12:59:42,288 [grpc-default-executor-3] INFO  server.RaftServer (RaftServerProxy.java:addNew(95)) - cd33ab12-5c76-4090-ae9e-f8dc2a96321d: addNew group-A8606B43266C:[99ec0913-bcd1-4774-8e53-643ce8734cf6|rpc:10.1.0.52:38161|dataStream:|priority:1, 4dd803c0-ea86-48ec-b5c9-2601c1b23b4d|rpc:10.1.0.52:34153|dataStream:|priority:0, cd33ab12-5c76-4090-ae9e-f8dc2a96321d|rpc:10.1.0.52:40103|dataStream:|priority:0] returns group-A8606B43266C:java.util.concurrent.CompletableFuture@7aec66fc[Not completed]
2022-02-04 12:59:42,288 [pool-202-thread-1] INFO  server.RaftServer$Division (RaftServerImpl.java:<init>(184)) - cd33ab12-5c76-4090-ae9e-f8dc2a96321d: new RaftServerImpl for group-A8606B43266C:[99ec0913-bcd1-4774-8e53-643ce8734cf6|rpc:10.1.0.52:38161|dataStream:|priority:1, 4dd803c0-ea86-48ec-b5c9-2601c1b23b4d|rpc:10.1.0.52:34153|dataStream:|priority:0, cd33ab12-5c76-4090-ae9e-f8dc2a96321d|rpc:10.1.0.52:40103|dataStream:|priority:0] with ContainerStateMachine:uninitialized
2022-02-04 12:59:42,288 [pool-202-thread-1] INFO  server.RaftServerConfigKeys (ConfUtils.java:logGet(44)) - raft.server.rpc.timeout.min = 5s (custom)
2022-02-04 12:59:42,289 [pool-202-thread-1] INFO  server.RaftServerConfigKeys (ConfUtils.java:logGet(44)) - raft.server.rpc.timeout.max = 5200ms (custom)
2022-02-04 12:59:42,289 [pool-202-thread-1] INFO  server.RaftServerConfigKeys (ConfUtils.java:logGet(44)) - raft.server.rpc.sleep.time = 25ms (default)
2022-02-04 12:59:42,289 [pool-202-thread-1] INFO  server.RaftServerConfigKeys (ConfUtils.java:logGet(44)) - raft.server.rpc.slowness.timeout = 300s (custom)
2022-02-04 12:59:42,289 [pool-202-thread-1] INFO  server.RaftServerConfigKeys (ConfUtils.java:logGet(44)) - raft.server.leaderelection.leader.step-down.wait-time = 10s (default)
2022-02-04 12:59:42,289 [pool-202-thread-1] INFO  server.RaftServerConfigKeys (ConfUtils.java:logGet(44)) - raft.server.sleep.deviation.threshold = 300ms (default)
2022-02-04 12:59:42,289 [pool-202-thread-1] INFO  server.RaftServerConfigKeys (ConfUtils.java:logGet(44)) - raft.server.log.appender.install.snapshot.enabled = false (custom)
2022-02-04 12:59:42,289 [pool-202-thread-1] INFO  server.RaftServer$Division (ServerState.java:<init>(105)) - cd33ab12-5c76-4090-ae9e-f8dc2a96321d@group-A8606B43266C: ConfigurationManager, init=-1: [99ec0913-bcd1-4774-8e53-643ce8734cf6|rpc:10.1.0.52:38161|dataStream:|priority:1, 4dd803c0-ea86-48ec-b5c9-2601c1b23b4d|rpc:10.1.0.52:34153|dataStream:|priority:0, cd33ab12-5c76-4090-ae9e-f8dc2a96321d|rpc:10.1.0.52:40103|dataStream:|priority:0], old=null, confs=<EMPTY_MAP>
2022-02-04 12:59:42,290 [pool-202-thread-1] INFO  server.RaftServerConfigKeys (ConfUtils.java:logGet(44)) - raft.server.storage.dir = [/home/runner/work/ozone/ozone/hadoop-ozone/integration-test/target/test-dir/MiniOzoneClusterImpl-5b939f7d-2090-4c2b-bba9-fa55352059d6/datanode-1/data/ratis] (custom)
2022-02-04 12:59:42,290 [pool-202-thread-1] INFO  server.RaftServerConfigKeys (ConfUtils.java:logGet(44)) - raft.server.log.corruption.policy = EXCEPTION (default)
2022-02-04 12:59:42,290 [pool-202-thread-1] INFO  server.RaftServerConfigKeys (ConfUtils.java:logGet(44)) - raft.server.storage.free-space.min = 0MB (=0) (default)
2022-02-04 12:59:42,290 [pool-202-thread-1] INFO  storage.RaftStorageDirectory (RaftStorageDirectoryImpl.java:analyzeStorage(135)) - The storage directory /home/runner/work/ozone/ozone/hadoop-ozone/integration-test/target/test-dir/MiniOzoneClusterImpl-5b939f7d-2090-4c2b-bba9-fa55352059d6/datanode-1/data/ratis/2c61621a-88db-4373-ad0e-a8606b43266c does not exist. Creating ...
2022-02-04 12:59:42,292 [pool-202-thread-1] INFO  storage.RaftStorageDirectory (RaftStorageDirectoryImpl.java:tryLock(230)) - Lock on /home/runner/work/ozone/ozone/hadoop-ozone/integration-test/target/test-dir/MiniOzoneClusterImpl-5b939f7d-2090-4c2b-bba9-fa55352059d6/datanode-1/data/ratis/2c61621a-88db-4373-ad0e-a8606b43266c/in_use.lock acquired by nodename 13540@fv-az116-891
2022-02-04 12:59:42,294 [Listener at 127.0.0.1/36713] INFO  util.JmxRegister (JmxRegister.java:tryRegister(44)) - Successfully registered JMX Bean with object name Ratis:service=RaftServer,group=group-C5BA1605619E,id=om1
2022-02-04 12:59:42,294 [pool-202-thread-1] INFO  storage.RaftStorage (RaftStorageImpl.java:format(89)) - Storage directory /home/runner/work/ozone/ozone/hadoop-ozone/integration-test/target/test-dir/MiniOzoneClusterImpl-5b939f7d-2090-4c2b-bba9-fa55352059d6/datanode-1/data/ratis/2c61621a-88db-4373-ad0e-a8606b43266c has been successfully formatted.
2022-02-04 12:59:42,303 [Listener at 127.0.0.1/36713] INFO  server.RaftServer (RaftServerProxy.java:lambda$start$5(374)) - om1: start RPC server
2022-02-04 12:59:42,304 [pool-202-thread-1] INFO  ratis.ContainerStateMachine (ContainerStateMachine.java:loadSnapshot(231)) - group-A8606B43266C: The snapshot info is null. Setting the last applied indexto:(t:0, i:~)
2022-02-04 12:59:42,304 [pool-202-thread-1] INFO  server.RaftServerConfigKeys (ConfUtils.java:logGet(44)) - raft.server.notification.no-leader.timeout = 300s (custom)
2022-02-04 12:59:42,304 [pool-202-thread-1] INFO  server.RaftServerConfigKeys (ConfUtils.java:logGet(44)) - raft.server.log.use.memory = false (default)
2022-02-04 12:59:42,304 [pool-202-thread-1] INFO  server.RaftServerConfigKeys (ConfUtils.java:logGet(44)) - raft.server.log.purge.gap = 1000000 (custom)
2022-02-04 12:59:42,304 [pool-202-thread-1] INFO  server.RaftServerConfigKeys (ConfUtils.java:logGet(44)) - raft.server.log.appender.buffer.byte-limit = 33554432 (custom)
2022-02-04 12:59:42,304 [pool-202-thread-1] INFO  server.RaftServerConfigKeys (ConfUtils.java:logGet(44)) - raft.server.log.segment.size.max = 1048576 (custom)
2022-02-04 12:59:42,305 [pool-202-thread-1] INFO  server.RaftServerConfigKeys (ConfUtils.java:logGet(44)) - raft.server.log.segment.cache.num.max = 2 (custom)
2022-02-04 12:59:42,305 [pool-202-thread-1] INFO  server.RaftServerConfigKeys (ConfUtils.java:logGet(44)) - raft.server.log.segment.cache.size.max = 200MB (=209715200) (default)
2022-02-04 12:59:42,305 [pool-202-thread-1] INFO  segmented.SegmentedRaftLogWorker (SegmentedRaftLogWorker.java:<init>(182)) - new cd33ab12-5c76-4090-ae9e-f8dc2a96321d@group-A8606B43266C-SegmentedRaftLogWorker for RaftStorageImpl:Storage Directory /home/runner/work/ozone/ozone/hadoop-ozone/integration-test/target/test-dir/MiniOzoneClusterImpl-5b939f7d-2090-4c2b-bba9-fa55352059d6/datanode-1/data/ratis/2c61621a-88db-4373-ad0e-a8606b43266c
2022-02-04 12:59:42,305 [pool-202-thread-1] INFO  server.RaftServerConfigKeys (ConfUtils.java:logGet(44)) - raft.server.log.queue.byte-limit = 2147483647 (custom)
2022-02-04 12:59:42,305 [pool-202-thread-1] INFO  server.RaftServerConfigKeys (ConfUtils.java:logGet(44)) - raft.server.log.queue.element-limit = 1024 (custom)
2022-02-04 12:59:42,305 [pool-202-thread-1] INFO  server.RaftServerConfigKeys (ConfUtils.java:logGet(44)) - raft.server.log.segment.size.max = 1048576 (custom)
2022-02-04 12:59:42,305 [pool-202-thread-1] INFO  server.RaftServerConfigKeys (ConfUtils.java:logGet(44)) - raft.server.log.preallocated.size = 16384 (custom)
2022-02-04 12:59:42,305 [pool-202-thread-1] INFO  server.RaftServerConfigKeys (ConfUtils.java:logGet(44)) - raft.server.log.force.sync.num = 128 (default)
2022-02-04 12:59:42,305 [pool-202-thread-1] INFO  server.RaftServerConfigKeys (ConfUtils.java:logGet(44)) - raft.server.log.statemachine.data.sync = true (default)
2022-02-04 12:59:42,305 [pool-202-thread-1] INFO  server.RaftServerConfigKeys (ConfUtils.java:logGet(44)) - raft.server.log.statemachine.data.sync.timeout = 10s (default)
2022-02-04 12:59:42,305 [pool-202-thread-1] INFO  server.RaftServerConfigKeys (ConfUtils.java:logGet(44)) - raft.server.log.statemachine.data.sync.timeout.retry = -1 (default)
2022-02-04 12:59:42,306 [pool-202-thread-1] INFO  server.RaftServerConfigKeys (ConfUtils.java:logGet(44)) - raft.server.log.write.buffer.size = 1048576 (custom)
2022-02-04 12:59:42,306 [pool-202-thread-1] INFO  server.RaftServerConfigKeys (ConfUtils.java:logGet(44)) - raft.server.log.statemachine.data.caching.enabled = true (custom)
2022-02-04 12:59:42,306 [pool-202-thread-1] INFO  segmented.SegmentedRaftLogWorker (SegmentedRaftLogWorker.java:lambda$new$0(133)) - cd33ab12-5c76-4090-ae9e-f8dc2a96321d@group-A8606B43266C-SegmentedRaftLogWorker: flushIndex: setUnconditionally 0 -> -1
2022-02-04 12:59:42,306 [pool-202-thread-1] INFO  segmented.SegmentedRaftLogWorker (SegmentedRaftLogWorker.java:lambda$new$0(133)) - cd33ab12-5c76-4090-ae9e-f8dc2a96321d@group-A8606B43266C-SegmentedRaftLogWorker: safeCacheEvictIndex: setUnconditionally 0 -> -1
2022-02-04 12:59:42,307 [Listener at 127.0.0.1/36713] INFO  server.GrpcService (GrpcService.java:startImpl(253)) - om1: GrpcService started, listening on 38951
2022-02-04 12:59:42,311 [pool-202-thread-1] INFO  server.RaftServerConfigKeys (ConfUtils.java:logGet(44)) - raft.server.snapshot.auto.trigger.enabled = true (custom)
2022-02-04 12:59:42,311 [pool-202-thread-1] INFO  server.RaftServerConfigKeys (ConfUtils.java:logGet(44)) - raft.server.snapshot.auto.trigger.threshold = 10000 (custom)
2022-02-04 12:59:42,311 [pool-202-thread-1] INFO  server.RaftServerConfigKeys (ConfUtils.java:logGet(44)) - raft.server.snapshot.retention.file.num = 5 (custom)
2022-02-04 12:59:42,311 [pool-202-thread-1] INFO  server.RaftServerConfigKeys (ConfUtils.java:logGet(44)) - raft.server.log.purge.upto.snapshot.index = false (default)
2022-02-04 12:59:42,315 [pool-202-thread-1] INFO  server.RaftServerConfigKeys (ConfUtils.java:logGet(44)) - raft.server.retrycache.expirytime = 600000ms (custom)
2022-02-04 12:59:42,315 [Listener at 127.0.0.1/36713] INFO  om.OzoneManager (OzoneManager.java:start(1381)) - Version File has different layout version (0) than OM DB (null). That is expected if this OM has never been finalized to a newer layout version.
2022-02-04 12:59:42,315 [pool-202-thread-1] INFO  server.RaftServerConfigKeys (ConfUtils.java:logGet(44)) - raft.server.retrycache.statistics.expirytime = 100μs (default)
2022-02-04 12:59:42,316 [pool-202-thread-1] INFO  server.RaftServer$Division (RaftServerImpl.java:start(301)) - cd33ab12-5c76-4090-ae9e-f8dc2a96321d@group-A8606B43266C: start as a follower, conf=-1: [99ec0913-bcd1-4774-8e53-643ce8734cf6|rpc:10.1.0.52:38161|dataStream:|priority:1, 4dd803c0-ea86-48ec-b5c9-2601c1b23b4d|rpc:10.1.0.52:34153|dataStream:|priority:0, cd33ab12-5c76-4090-ae9e-f8dc2a96321d|rpc:10.1.0.52:40103|dataStream:|priority:0], old=null
2022-02-04 12:59:42,316 [pool-202-thread-1] INFO  server.RaftServer$Division (RaftServerImpl.java:setRole(290)) - cd33ab12-5c76-4090-ae9e-f8dc2a96321d@group-A8606B43266C: changes role from      null to FOLLOWER at term 0 for startAsFollower
2022-02-04 12:59:42,317 [org.apache.ratis.util.JvmPauseMonitor$$Lambda$545/901670684@107db41] INFO  util.JvmPauseMonitor (JvmPauseMonitor.java:run(103)) - JvmPauseMonitor-om1: Started
2022-02-04 12:59:42,319 [pool-202-thread-1] INFO  impl.RoleInfo (RoleInfo.java:updateAndGet(130)) - cd33ab12-5c76-4090-ae9e-f8dc2a96321d: start cd33ab12-5c76-4090-ae9e-f8dc2a96321d@group-A8606B43266C-FollowerState
2022-02-04 12:59:42,320 [pool-202-thread-1] INFO  util.JmxRegister (JmxRegister.java:tryRegister(44)) - Successfully registered JMX Bean with object name Ratis:service=RaftServer,group=group-A8606B43266C,id=cd33ab12-5c76-4090-ae9e-f8dc2a96321d
2022-02-04 12:59:42,337 [Listener at 127.0.0.1/36713] INFO  http.BaseHttpServer (BaseHttpServer.java:newHttpServer2BuilderForOzone(209)) - Starting Web-server for ozoneManager at: http://0.0.0.0:0
2022-02-04 12:59:42,337 [Listener at 127.0.0.1/36713] INFO  http.BaseHttpServer (BaseHttpServer.java:<init>(107)) - Hadoop Security Enabled: false Ozone Security Enabled: false Ozone HTTP Security Enabled: false 
2022-02-04 12:59:42,338 [Listener at 127.0.0.1/36713] INFO  server.AuthenticationFilter (AuthenticationFilter.java:constructSecretProvider(240)) - Unable to initialize FileSignerSecretProvider, falling back to use random secrets.
2022-02-04 12:59:42,338 [Listener at 127.0.0.1/36713] WARN  http.HttpRequestLog (HttpRequestLog.java:getRequestLog(103)) - Jetty request log can only be enabled using Log4j
2022-02-04 12:59:42,339 [Listener at 127.0.0.1/36713] INFO  http.HttpServer2 (HttpServer2.java:addGlobalFilter(1030)) - Added global filter 'safety' (class=org.apache.hadoop.hdds.server.http.HttpServer2$QuotingInputFilter)
2022-02-04 12:59:42,340 [Listener at 127.0.0.1/36713] INFO  http.HttpServer2 (HttpServer2.java:addFilter(1006)) - Added filter static_user_filter (class=org.apache.hadoop.http.lib.StaticUserWebFilter$StaticUserFilter) to context ozoneManager
2022-02-04 12:59:42,340 [Listener at 127.0.0.1/36713] INFO  http.HttpServer2 (HttpServer2.java:addFilter(1014)) - Added filter static_user_filter (class=org.apache.hadoop.http.lib.StaticUserWebFilter$StaticUserFilter) to context static
2022-02-04 12:59:42,340 [Listener at 127.0.0.1/36713] INFO  http.HttpServer2 (HttpServer2.java:addFilter(1014)) - Added filter static_user_filter (class=org.apache.hadoop.http.lib.StaticUserWebFilter$StaticUserFilter) to context logs
2022-02-04 12:59:42,340 [Listener at 127.0.0.1/36713] INFO  http.HttpServer2 (HttpServer2.java:bindListener(1249)) - Jetty bound to port 41003
2022-02-04 12:59:42,343 [Listener at 127.0.0.1/36713] INFO  server.Server (Server.java:doStart(375)) - jetty-9.4.43.v20210629; built: 2021-06-30T11:07:22.254Z; git: 526006ecfa3af7f1a27ef3a288e2bef7ea9dd7e8; jvm 1.8.0_312-b07
2022-02-04 12:59:42,349 [Listener at 127.0.0.1/36713] INFO  server.session (DefaultSessionIdManager.java:doStart(334)) - DefaultSessionIdManager workerName=node0
2022-02-04 12:59:42,349 [Listener at 127.0.0.1/36713] INFO  server.session (DefaultSessionIdManager.java:doStart(339)) - No SessionScavenger set, using defaults
2022-02-04 12:59:42,349 [Listener at 127.0.0.1/36713] INFO  server.session (HouseKeeper.java:startScavenging(132)) - node0 Scavenging every 600000ms
2022-02-04 12:59:42,350 [Listener at 127.0.0.1/36713] INFO  handler.ContextHandler (ContextHandler.java:doStart(915)) - Started o.e.j.s.ServletContextHandler@58120aa7{logs,/logs,file:///home/runner/work/ozone/ozone/hadoop-ozone/integration-test/target/log,AVAILABLE}
2022-02-04 12:59:42,351 [Listener at 127.0.0.1/36713] INFO  handler.ContextHandler (ContextHandler.java:doStart(915)) - Started o.e.j.s.ServletContextHandler@60cbb12a{static,/static,file:///home/runner/work/ozone/ozone/hadoop-ozone/integration-test/target/test-classes/webapps/static,AVAILABLE}
2022-02-04 12:59:42,359 [Command processor thread] INFO  commandhandler.CreatePipelineCommandHandler (CreatePipelineCommandHandler.java:handle(106)) - Created Pipeline RATIS THREE PipelineID=2c61621a-88db-4373-ad0e-a8606b43266c.
2022-02-04 12:59:42,359 [Listener at 127.0.0.1/36713] INFO  handler.ContextHandler (ContextHandler.java:doStart(915)) - Started o.e.j.w.WebAppContext@6a370cf0{ozoneManager,/,file:///home/runner/work/ozone/ozone/hadoop-ozone/integration-test/target/test-classes/webapps/ozoneManager/,AVAILABLE}{file:/home/runner/work/ozone/ozone/hadoop-ozone/integration-test/target/test-classes/webapps/ozoneManager}
2022-02-04 12:59:42,362 [Listener at 127.0.0.1/36713] INFO  server.AbstractConnector (AbstractConnector.java:doStart(331)) - Started ServerConnector@4d63b479{HTTP/1.1, (http/1.1)}{0.0.0.0:41003}
2022-02-04 12:59:42,362 [Listener at 127.0.0.1/36713] INFO  server.Server (Server.java:doStart(415)) - Started @69043ms
2022-02-04 12:59:42,362 [Listener at 127.0.0.1/36713] WARN  impl.MetricsSystemImpl (MetricsSystemImpl.java:register(279)) - Sink prometheus already exists!
2022-02-04 12:59:42,363 [Listener at 127.0.0.1/36713] INFO  http.BaseHttpServer (BaseHttpServer.java:updateConnectorAddress(329)) - HTTP server of ozoneManager listening at http://0.0.0.0:41003
2022-02-04 12:59:42,363 [IPC Server Responder] INFO  ipc.Server (Server.java:run(1507)) - IPC Server Responder: starting
2022-02-04 12:59:42,364 [IPC Server listener on 0] INFO  ipc.Server (Server.java:run(1344)) - IPC Server listener on 0: starting
2022-02-04 12:59:42,366 [Listener at 127.0.0.1/36713] INFO  om.OzoneManager (OzoneManager.java:startTrashEmptier(1792)) - Trash Interval set to 0. Files deleted will not move to trash
2022-02-04 12:59:42,381 [org.apache.hadoop.util.JvmPauseMonitor$Monitor@54d6fe9e] INFO  util.JvmPauseMonitor (JvmPauseMonitor.java:run(188)) - Starting JVM pause monitor
2022-02-04 12:59:42,398 [Listener at 127.0.0.1/36713] WARN  impl.MetricRegistriesImpl (MetricRegistriesImpl.java:addReporterRegistration(111)) - New reporters are added after registries were created. Some metrics will be missing from the reporter. Please add reporter before adding any new registry.
2022-02-04 12:59:42,398 [Listener at 127.0.0.1/36713] WARN  impl.MetricRegistriesImpl (MetricRegistriesImpl.java:addReporterRegistration(111)) - New reporters are added after registries were created. Some metrics will be missing from the reporter. Please add reporter before adding any new registry.
2022-02-04 12:59:42,399 [Listener at 127.0.0.1/36713] INFO  impl.MetricsSystemImpl (MetricsSystemImpl.java:init(158)) - HddsDatanode metrics system started (again)
2022-02-04 12:59:42,414 [Listener at 127.0.0.1/36713] INFO  ozone.HddsDatanodeService (HddsDatanodeService.java:start(234)) - HddsDatanodeService host:fv-az116-891.vzw04321ajxubdbcnpick5nqva.xx.internal.cloudapp.net ip:10.1.0.52
2022-02-04 12:59:42,439 [Listener at 127.0.0.1/36713] INFO  upgrade.AbstractLayoutVersionManager (AbstractLayoutVersionManager.java:init(79)) - Initializing Layout version manager with metadata layout = INITIAL_VERSION (version = 0), software layout = SCM_HA (version = 2)
2022-02-04 12:59:42,507 [Listener at 127.0.0.1/36713] INFO  reflections.Reflections (Reflections.java:scan(232)) - Reflections took 65 ms to scan 7 urls, producing 119 keys and 279 values 
2022-02-04 12:59:42,509 [Listener at 127.0.0.1/36713] INFO  upgrade.HDDSLayoutVersionManager (HDDSLayoutVersionManager.java:lambda$registerUpgradeActions$0(76)) - Registering Upgrade Action : DatanodeSchemaV2FinalizeAction
2022-02-04 12:59:42,510 [Listener at 127.0.0.1/36713] INFO  upgrade.HDDSLayoutVersionManager (HDDSLayoutVersionManager.java:lambda$registerUpgradeActions$0(76)) - Registering Upgrade Action : ScmOnFinalizeActionForDatanodeSchemaV2
2022-02-04 12:59:42,510 [Listener at 127.0.0.1/36713] INFO  upgrade.HDDSLayoutVersionManager (HDDSLayoutVersionManager.java:lambda$registerUpgradeActions$0(76)) - Registering Upgrade Action : ScmHAFinalizeUpgradeActionDatanode
2022-02-04 12:59:42,510 [Listener at 127.0.0.1/36713] INFO  upgrade.HDDSLayoutVersionManager (HDDSLayoutVersionManager.java:lambda$registerUpgradeActions$0(76)) - Registering Upgrade Action : ScmHAUnfinalizedStateValidationAction
2022-02-04 12:59:42,511 [Listener at 127.0.0.1/36713] INFO  statemachine.DatanodeStateMachine (DatanodeStateMachine.java:getEndPointTaskThreadPoolSize(222)) - Datanode State Machine Task Thread Pool size 2
2022-02-04 12:59:42,513 [Listener at 127.0.0.1/36713] INFO  volume.HddsVolume (HddsVolume.java:<init>(120)) - Creating HddsVolume: /home/runner/work/ozone/ozone/hadoop-ozone/integration-test/target/test-dir/MiniOzoneClusterImpl-782824e0-d6a6-4661-a42b-aa8966ebbd0c/datanode-0/data-0/containers/hdds of storage type : DISK capacity : 9223372036854775807
2022-02-04 12:59:42,513 [Listener at 127.0.0.1/36713] INFO  volume.MutableVolumeSet (MutableVolumeSet.java:initializeVolumeSet(168)) - Added Volume : /home/runner/work/ozone/ozone/hadoop-ozone/integration-test/target/test-dir/MiniOzoneClusterImpl-782824e0-d6a6-4661-a42b-aa8966ebbd0c/datanode-0/data-0/containers/hdds to VolumeSet
2022-02-04 12:59:42,513 [Listener at 127.0.0.1/36713] INFO  volume.ThrottledAsyncChecker (ThrottledAsyncChecker.java:schedule(141)) - Scheduling a check for /home/runner/work/ozone/ozone/hadoop-ozone/integration-test/target/test-dir/MiniOzoneClusterImpl-782824e0-d6a6-4661-a42b-aa8966ebbd0c/datanode-0/data-0/containers/hdds
2022-02-04 12:59:42,516 [Listener at 127.0.0.1/36713] INFO  volume.StorageVolumeChecker (StorageVolumeChecker.java:checkAllVolumes(202)) - Scheduled health check for volume /home/runner/work/ozone/ozone/hadoop-ozone/integration-test/target/test-dir/MiniOzoneClusterImpl-782824e0-d6a6-4661-a42b-aa8966ebbd0c/datanode-0/data-0/containers/hdds
2022-02-04 12:59:42,531 [Listener at 127.0.0.1/36713] INFO  volume.MutableVolumeSet (MutableVolumeSet.java:initializeVolumeSet(168)) - Added Volume : /home/runner/work/ozone/ozone/hadoop-ozone/integration-test/target/test-dir/MiniOzoneClusterImpl-782824e0-d6a6-4661-a42b-aa8966ebbd0c/datanode-0/data/ratis to VolumeSet
2022-02-04 12:59:42,531 [Listener at 127.0.0.1/36713] INFO  volume.ThrottledAsyncChecker (ThrottledAsyncChecker.java:schedule(141)) - Scheduling a check for /home/runner/work/ozone/ozone/hadoop-ozone/integration-test/target/test-dir/MiniOzoneClusterImpl-782824e0-d6a6-4661-a42b-aa8966ebbd0c/datanode-0/data/ratis
2022-02-04 12:59:42,531 [Listener at 127.0.0.1/36713] INFO  volume.StorageVolumeChecker (StorageVolumeChecker.java:checkAllVolumes(202)) - Scheduled health check for volume /home/runner/work/ozone/ozone/hadoop-ozone/integration-test/target/test-dir/MiniOzoneClusterImpl-782824e0-d6a6-4661-a42b-aa8966ebbd0c/datanode-0/data/ratis
2022-02-04 12:59:42,543 [Thread-1174] INFO  ozoneimpl.ContainerReader (ContainerReader.java:readVolume(172)) - Finish verifying containers on volume /home/runner/work/ozone/ozone/hadoop-ozone/integration-test/target/test-dir/MiniOzoneClusterImpl-782824e0-d6a6-4661-a42b-aa8966ebbd0c/datanode-0/data-0/containers/hdds
2022-02-04 12:59:42,543 [Listener at 127.0.0.1/36713] INFO  ozoneimpl.OzoneContainer (OzoneContainer.java:buildContainerSet(237)) - Build ContainerSet costs 0s
2022-02-04 12:59:42,545 [Listener at 127.0.0.1/36713] INFO  server.RaftServer (ConfUtils.java:logGet(44)) - raft.rpc.type = GRPC (default)
2022-02-04 12:59:42,545 [Listener at 127.0.0.1/36713] INFO  grpc.GrpcFactory (GrpcFactory.java:checkPooledByteBufAllocatorUseCacheForAllThreads(48)) - PERFORMANCE WARNING: useCacheForAllThreads is true that may cause Netty to create a lot garbage objects and, as a result, trigger GC.
	It is recommended to disable useCacheForAllThreads by setting -Dorg.apache.ratis.thirdparty.io.netty.allocator.useCacheForAllThreads=false in command line.
2022-02-04 12:59:42,545 [Listener at 127.0.0.1/36713] INFO  grpc.GrpcConfigKeys (ConfUtils.java:logGet(44)) - raft.grpc.admin.port = 0 (custom)
2022-02-04 12:59:42,546 [Listener at 127.0.0.1/36713] INFO  grpc.GrpcConfigKeys (ConfUtils.java:logGet(44)) - raft.grpc.client.port = 0 (custom)
2022-02-04 12:59:42,546 [Listener at 127.0.0.1/36713] INFO  grpc.GrpcConfigKeys (ConfUtils.java:logGet(44)) - raft.grpc.server.port = 0 (default)
2022-02-04 12:59:42,547 [Listener at 127.0.0.1/36713] INFO  server.GrpcService (ConfUtils.java:logGet(44)) - raft.grpc.message.size.max = 32MB (=33554432) (custom)
2022-02-04 12:59:42,547 [Listener at 127.0.0.1/36713] INFO  server.RaftServerConfigKeys (ConfUtils.java:logGet(44)) - raft.server.log.appender.buffer.byte-limit = 33554432 (custom)
2022-02-04 12:59:42,547 [Listener at 127.0.0.1/36713] INFO  server.GrpcService (ConfUtils.java:logGet(44)) - raft.grpc.flow.control.window = 5MB (=5242880) (custom)
2022-02-04 12:59:42,547 [Listener at 127.0.0.1/36713] INFO  server.RaftServerConfigKeys (ConfUtils.java:logGet(44)) - raft.server.rpc.request.timeout = 60s (custom)
2022-02-04 12:59:42,548 [Listener at 127.0.0.1/36713] INFO  impl.DataStreamServerImpl (ConfUtils.java:logGet(44)) - raft.datastream.type = DISABLED (default)
2022-02-04 12:59:42,548 [Listener at 127.0.0.1/36713] INFO  server.RaftServerConfigKeys (ConfUtils.java:logGet(44)) - raft.server.rpc.slowness.timeout = 300s (custom)
2022-02-04 12:59:42,548 [Listener at 127.0.0.1/36713] INFO  server.RaftServerConfigKeys (ConfUtils.java:logGet(44)) - raft.server.leaderelection.leader.step-down.wait-time = 10s (default)
2022-02-04 12:59:42,548 [Listener at 127.0.0.1/36713] INFO  server.RaftServerConfigKeys (ConfUtils.java:logGet(44)) - raft.server.storage.dir = [/home/runner/work/ozone/ozone/hadoop-ozone/integration-test/target/test-dir/MiniOzoneClusterImpl-782824e0-d6a6-4661-a42b-aa8966ebbd0c/datanode-0/data/ratis] (custom)
2022-02-04 12:59:42,550 [Listener at 127.0.0.1/36713] INFO  server.XceiverServerGrpc (XceiverServerGrpc.java:<init>(132)) - GrpcServer channel type EpollServerSocketChannel
2022-02-04 12:59:42,556 [Listener at 127.0.0.1/36713] INFO  http.BaseHttpServer (BaseHttpServer.java:newHttpServer2BuilderForOzone(209)) - Starting Web-server for hddsDatanode at: http://0.0.0.0:0
2022-02-04 12:59:42,556 [Listener at 127.0.0.1/36713] INFO  http.BaseHttpServer (BaseHttpServer.java:<init>(107)) - Hadoop Security Enabled: false Ozone Security Enabled: false Ozone HTTP Security Enabled: false 
2022-02-04 12:59:42,558 [Listener at 127.0.0.1/36713] INFO  server.AuthenticationFilter (AuthenticationFilter.java:constructSecretProvider(240)) - Unable to initialize FileSignerSecretProvider, falling back to use random secrets.
2022-02-04 12:59:42,565 [Listener at 127.0.0.1/36713] WARN  http.HttpRequestLog (HttpRequestLog.java:getRequestLog(103)) - Jetty request log can only be enabled using Log4j
2022-02-04 12:59:42,566 [Listener at 127.0.0.1/36713] INFO  http.HttpServer2 (HttpServer2.java:addGlobalFilter(1030)) - Added global filter 'safety' (class=org.apache.hadoop.hdds.server.http.HttpServer2$QuotingInputFilter)
2022-02-04 12:59:42,566 [Listener at 127.0.0.1/36713] INFO  http.HttpServer2 (HttpServer2.java:addFilter(1006)) - Added filter static_user_filter (class=org.apache.hadoop.http.lib.StaticUserWebFilter$StaticUserFilter) to context hddsDatanode
2022-02-04 12:59:42,566 [Listener at 127.0.0.1/36713] INFO  http.HttpServer2 (HttpServer2.java:addFilter(1014)) - Added filter static_user_filter (class=org.apache.hadoop.http.lib.StaticUserWebFilter$StaticUserFilter) to context logs
2022-02-04 12:59:42,566 [Listener at 127.0.0.1/36713] INFO  http.HttpServer2 (HttpServer2.java:addFilter(1014)) - Added filter static_user_filter (class=org.apache.hadoop.http.lib.StaticUserWebFilter$StaticUserFilter) to context static
2022-02-04 12:59:42,567 [Listener at 127.0.0.1/36713] INFO  http.HttpServer2 (HttpServer2.java:bindListener(1249)) - Jetty bound to port 41189
2022-02-04 12:59:42,567 [Listener at 127.0.0.1/36713] INFO  server.Server (Server.java:doStart(375)) - jetty-9.4.43.v20210629; built: 2021-06-30T11:07:22.254Z; git: 526006ecfa3af7f1a27ef3a288e2bef7ea9dd7e8; jvm 1.8.0_312-b07
2022-02-04 12:59:42,573 [Listener at 127.0.0.1/36713] INFO  server.session (DefaultSessionIdManager.java:doStart(334)) - DefaultSessionIdManager workerName=node0
2022-02-04 12:59:42,573 [Listener at 127.0.0.1/36713] INFO  server.session (DefaultSessionIdManager.java:doStart(339)) - No SessionScavenger set, using defaults
2022-02-04 12:59:42,573 [Listener at 127.0.0.1/36713] INFO  server.session (HouseKeeper.java:startScavenging(132)) - node0 Scavenging every 600000ms
2022-02-04 12:59:42,574 [Listener at 127.0.0.1/36713] INFO  handler.ContextHandler (ContextHandler.java:doStart(915)) - Started o.e.j.s.ServletContextHandler@6120bbf5{logs,/logs,file:///home/runner/work/ozone/ozone/hadoop-ozone/integration-test/target/log,AVAILABLE}
2022-02-04 12:59:42,574 [Listener at 127.0.0.1/36713] INFO  handler.ContextHandler (ContextHandler.java:doStart(915)) - Started o.e.j.s.ServletContextHandler@6f9a05bd{static,/static,jar:file:/home/runner/.m2/repository/org/apache/ozone/hdds-container-service/1.3.0-SNAPSHOT/hdds-container-service-1.3.0-SNAPSHOT.jar!/webapps/static,AVAILABLE}
2022-02-04 12:59:42,617 [Listener at 127.0.0.1/36713] INFO  handler.ContextHandler (ContextHandler.java:doStart(915)) - Started o.e.j.w.WebAppContext@36cf9ab5{hddsDatanode,/,file:///tmp/jetty-0_0_0_0-41189-hdds-container-service-1_3_0-SNAPSHOT_jar-_-any-4838683846580905226/webapp/,AVAILABLE}{jar:file:/home/runner/.m2/repository/org/apache/ozone/hdds-container-service/1.3.0-SNAPSHOT/hdds-container-service-1.3.0-SNAPSHOT.jar!/webapps/hddsDatanode}
2022-02-04 12:59:42,623 [Listener at 127.0.0.1/36713] INFO  server.AbstractConnector (AbstractConnector.java:doStart(331)) - Started ServerConnector@4037bdb2{HTTP/1.1, (http/1.1)}{0.0.0.0:41189}
2022-02-04 12:59:42,623 [Listener at 127.0.0.1/36713] INFO  server.Server (Server.java:doStart(415)) - Started @69303ms
2022-02-04 12:59:42,623 [Listener at 127.0.0.1/36713] WARN  impl.MetricsSystemImpl (MetricsSystemImpl.java:register(279)) - Sink prometheus already exists!
2022-02-04 12:59:42,629 [Listener at 127.0.0.1/36713] INFO  http.BaseHttpServer (BaseHttpServer.java:updateConnectorAddress(329)) - HTTP server of hddsDatanode listening at http://0.0.0.0:41189
2022-02-04 12:59:42,633 [Listener at 127.0.0.1/36713] WARN  impl.MetricRegistriesImpl (MetricRegistriesImpl.java:addReporterRegistration(111)) - New reporters are added after registries were created. Some metrics will be missing from the reporter. Please add reporter before adding any new registry.
2022-02-04 12:59:42,633 [Listener at 127.0.0.1/36713] WARN  impl.MetricRegistriesImpl (MetricRegistriesImpl.java:addReporterRegistration(111)) - New reporters are added after registries were created. Some metrics will be missing from the reporter. Please add reporter before adding any new registry.
2022-02-04 12:59:42,633 [Listener at 127.0.0.1/36713] INFO  impl.MetricsSystemImpl (MetricsSystemImpl.java:init(158)) - HddsDatanode metrics system started (again)
2022-02-04 12:59:42,634 [Datanode State Machine Daemon Thread] INFO  statemachine.DatanodeStateMachine (DatanodeStateMachine.java:lambda$startDaemon$0(470)) - Ozone container server started.
2022-02-04 12:59:42,647 [Datanode State Machine Daemon Thread] INFO  upgrade.UpgradeFinalizer (BasicUpgradeFinalizer.java:runPrefinalizeStateActions(235)) - Running pre-finalized state validations for unfinalized layout features.
2022-02-04 12:59:42,647 [Datanode State Machine Daemon Thread] INFO  upgrade.UpgradeFinalizer (BasicUpgradeFinalizer.java:runPrefinalizeStateActions(248)) - Running first upgrade commands for unfinalized layout features.
2022-02-04 12:59:42,652 [org.apache.hadoop.util.JvmPauseMonitor$Monitor@3f8afc51] INFO  util.JvmPauseMonitor (JvmPauseMonitor.java:run(188)) - Starting JVM pause monitor
2022-02-04 12:59:42,668 [Listener at 127.0.0.1/36713] INFO  ozone.HddsDatanodeService (HddsDatanodeService.java:start(234)) - HddsDatanodeService host:fv-az116-891.vzw04321ajxubdbcnpick5nqva.xx.internal.cloudapp.net ip:10.1.0.52
2022-02-04 12:59:42,669 [Datanode State Machine Task Thread - 0] INFO  datanode.InitDatanodeState (InitDatanodeState.java:persistContainerDatanodeDetails(145)) - DatanodeDetails is persisted to /home/runner/work/ozone/ozone/hadoop-ozone/integration-test/target/test-dir/MiniOzoneClusterImpl-782824e0-d6a6-4661-a42b-aa8966ebbd0c/datanode-0/meta/datanode.id
2022-02-04 12:59:42,686 [Command processor thread] INFO  commandhandler.FinalizeNewLayoutVersionCommandHandler (FinalizeNewLayoutVersionCommandHandler.java:handle(64)) - Processing FinalizeNewLayoutVersionCommandHandler command.
2022-02-04 12:59:42,686 [Command processor thread] INFO  server.RaftServer (RaftServerProxy.java:addNew(95)) - cd33ab12-5c76-4090-ae9e-f8dc2a96321d: addNew group-CBDBC90D8B9B:[cd33ab12-5c76-4090-ae9e-f8dc2a96321d|rpc:10.1.0.52:40103|priority:1] returns group-CBDBC90D8B9B:java.util.concurrent.CompletableFuture@da38804[Not completed]
2022-02-04 12:59:42,687 [pool-202-thread-1] INFO  server.RaftServer$Division (RaftServerImpl.java:<init>(184)) - cd33ab12-5c76-4090-ae9e-f8dc2a96321d: new RaftServerImpl for group-CBDBC90D8B9B:[cd33ab12-5c76-4090-ae9e-f8dc2a96321d|rpc:10.1.0.52:40103|priority:1] with ContainerStateMachine:uninitialized
2022-02-04 12:59:42,687 [pool-202-thread-1] INFO  server.RaftServerConfigKeys (ConfUtils.java:logGet(44)) - raft.server.rpc.timeout.min = 5s (custom)
2022-02-04 12:59:42,687 [pool-202-thread-1] INFO  server.RaftServerConfigKeys (ConfUtils.java:logGet(44)) - raft.server.rpc.timeout.max = 5200ms (custom)
2022-02-04 12:59:42,688 [pool-202-thread-1] INFO  server.RaftServerConfigKeys (ConfUtils.java:logGet(44)) - raft.server.rpc.sleep.time = 25ms (default)
2022-02-04 12:59:42,688 [pool-202-thread-1] INFO  server.RaftServerConfigKeys (ConfUtils.java:logGet(44)) - raft.server.rpc.slowness.timeout = 300s (custom)
2022-02-04 12:59:42,688 [pool-202-thread-1] INFO  server.RaftServerConfigKeys (ConfUtils.java:logGet(44)) - raft.server.leaderelection.leader.step-down.wait-time = 10s (default)
2022-02-04 12:59:42,688 [pool-202-thread-1] INFO  server.RaftServerConfigKeys (ConfUtils.java:logGet(44)) - raft.server.sleep.deviation.threshold = 300ms (default)
2022-02-04 12:59:42,688 [pool-202-thread-1] INFO  server.RaftServerConfigKeys (ConfUtils.java:logGet(44)) - raft.server.log.appender.install.snapshot.enabled = false (custom)
2022-02-04 12:59:42,688 [pool-202-thread-1] INFO  server.RaftServer$Division (ServerState.java:<init>(105)) - cd33ab12-5c76-4090-ae9e-f8dc2a96321d@group-CBDBC90D8B9B: ConfigurationManager, init=-1: [cd33ab12-5c76-4090-ae9e-f8dc2a96321d|rpc:10.1.0.52:40103|priority:1], old=null, confs=<EMPTY_MAP>
2022-02-04 12:59:42,688 [pool-202-thread-1] INFO  server.RaftServerConfigKeys (ConfUtils.java:logGet(44)) - raft.server.storage.dir = [/home/runner/work/ozone/ozone/hadoop-ozone/integration-test/target/test-dir/MiniOzoneClusterImpl-5b939f7d-2090-4c2b-bba9-fa55352059d6/datanode-1/data/ratis] (custom)
2022-02-04 12:59:42,688 [pool-202-thread-1] INFO  server.RaftServerConfigKeys (ConfUtils.java:logGet(44)) - raft.server.log.corruption.policy = EXCEPTION (default)
2022-02-04 12:59:42,688 [pool-202-thread-1] INFO  server.RaftServerConfigKeys (ConfUtils.java:logGet(44)) - raft.server.storage.free-space.min = 0MB (=0) (default)
2022-02-04 12:59:42,688 [pool-202-thread-1] INFO  storage.RaftStorageDirectory (RaftStorageDirectoryImpl.java:analyzeStorage(135)) - The storage directory /home/runner/work/ozone/ozone/hadoop-ozone/integration-test/target/test-dir/MiniOzoneClusterImpl-5b939f7d-2090-4c2b-bba9-fa55352059d6/datanode-1/data/ratis/9b8301f2-fcad-4469-b8f4-cbdbc90d8b9b does not exist. Creating ...
2022-02-04 12:59:42,690 [pool-202-thread-1] INFO  storage.RaftStorageDirectory (RaftStorageDirectoryImpl.java:tryLock(230)) - Lock on /home/runner/work/ozone/ozone/hadoop-ozone/integration-test/target/test-dir/MiniOzoneClusterImpl-5b939f7d-2090-4c2b-bba9-fa55352059d6/datanode-1/data/ratis/9b8301f2-fcad-4469-b8f4-cbdbc90d8b9b/in_use.lock acquired by nodename 13540@fv-az116-891
2022-02-04 12:59:42,691 [pool-202-thread-1] INFO  storage.RaftStorage (RaftStorageImpl.java:format(89)) - Storage directory /home/runner/work/ozone/ozone/hadoop-ozone/integration-test/target/test-dir/MiniOzoneClusterImpl-5b939f7d-2090-4c2b-bba9-fa55352059d6/datanode-1/data/ratis/9b8301f2-fcad-4469-b8f4-cbdbc90d8b9b has been successfully formatted.
2022-02-04 12:59:42,692 [pool-202-thread-1] INFO  ratis.ContainerStateMachine (ContainerStateMachine.java:loadSnapshot(231)) - group-CBDBC90D8B9B: The snapshot info is null. Setting the last applied indexto:(t:0, i:~)
2022-02-04 12:59:42,692 [pool-202-thread-1] INFO  server.RaftServerConfigKeys (ConfUtils.java:logGet(44)) - raft.server.notification.no-leader.timeout = 300s (custom)
2022-02-04 12:59:42,692 [pool-202-thread-1] INFO  server.RaftServerConfigKeys (ConfUtils.java:logGet(44)) - raft.server.log.use.memory = false (default)
2022-02-04 12:59:42,692 [pool-202-thread-1] INFO  server.RaftServerConfigKeys (ConfUtils.java:logGet(44)) - raft.server.log.purge.gap = 1000000 (custom)
2022-02-04 12:59:42,692 [pool-202-thread-1] INFO  server.RaftServerConfigKeys (ConfUtils.java:logGet(44)) - raft.server.log.appender.buffer.byte-limit = 33554432 (custom)
2022-02-04 12:59:42,692 [pool-202-thread-1] INFO  server.RaftServerConfigKeys (ConfUtils.java:logGet(44)) - raft.server.log.segment.size.max = 1048576 (custom)
2022-02-04 12:59:42,695 [EventQueue-PipelineReportForPipelineReportHandler] INFO  pipeline.PipelineManagerImpl (PipelineManagerImpl.java:openPipeline(291)) - Pipeline Pipeline[ Id: 9b8301f2-fcad-4469-b8f4-cbdbc90d8b9b, Nodes: cd33ab12-5c76-4090-ae9e-f8dc2a96321d{ip: 10.1.0.52, host: fv-az116-891.vzw04321ajxubdbcnpick5nqva.xx.internal.cloudapp.net, ports: [REPLICATION=44351, RATIS=40103, RATIS_ADMIN=40103, RATIS_SERVER=40103, STANDALONE=34851], networkLocation: /default-rack, certSerialId: null, persistedOpState: IN_SERVICE, persistedOpStateExpiryEpochSec: 0}, ReplicationConfig: RATIS/ONE, State:ALLOCATED, leaderId:cd33ab12-5c76-4090-ae9e-f8dc2a96321d, CreationTimestamp2022-02-04T12:59:41.994Z[Etc/UTC]] moved to OPEN state
2022-02-04 12:59:42,696 [pool-202-thread-1] INFO  server.RaftServerConfigKeys (ConfUtils.java:logGet(44)) - raft.server.log.segment.cache.num.max = 2 (custom)
2022-02-04 12:59:42,696 [pool-202-thread-1] INFO  server.RaftServerConfigKeys (ConfUtils.java:logGet(44)) - raft.server.log.segment.cache.size.max = 200MB (=209715200) (default)
2022-02-04 12:59:42,696 [pool-202-thread-1] INFO  segmented.SegmentedRaftLogWorker (SegmentedRaftLogWorker.java:<init>(182)) - new cd33ab12-5c76-4090-ae9e-f8dc2a96321d@group-CBDBC90D8B9B-SegmentedRaftLogWorker for RaftStorageImpl:Storage Directory /home/runner/work/ozone/ozone/hadoop-ozone/integration-test/target/test-dir/MiniOzoneClusterImpl-5b939f7d-2090-4c2b-bba9-fa55352059d6/datanode-1/data/ratis/9b8301f2-fcad-4469-b8f4-cbdbc90d8b9b
2022-02-04 12:59:42,696 [pool-202-thread-1] INFO  server.RaftServerConfigKeys (ConfUtils.java:logGet(44)) - raft.server.log.queue.byte-limit = 2147483647 (custom)
2022-02-04 12:59:42,696 [pool-202-thread-1] INFO  server.RaftServerConfigKeys (ConfUtils.java:logGet(44)) - raft.server.log.queue.element-limit = 1024 (custom)
2022-02-04 12:59:42,696 [pool-202-thread-1] INFO  server.RaftServerConfigKeys (ConfUtils.java:logGet(44)) - raft.server.log.segment.size.max = 1048576 (custom)
2022-02-04 12:59:42,697 [pool-202-thread-1] INFO  server.RaftServerConfigKeys (ConfUtils.java:logGet(44)) - raft.server.log.preallocated.size = 16384 (custom)
2022-02-04 12:59:42,697 [pool-202-thread-1] INFO  server.RaftServerConfigKeys (ConfUtils.java:logGet(44)) - raft.server.log.force.sync.num = 128 (default)
2022-02-04 12:59:42,697 [pool-202-thread-1] INFO  server.RaftServerConfigKeys (ConfUtils.java:logGet(44)) - raft.server.log.statemachine.data.sync = true (default)
2022-02-04 12:59:42,697 [pool-202-thread-1] INFO  server.RaftServerConfigKeys (ConfUtils.java:logGet(44)) - raft.server.log.statemachine.data.sync.timeout = 10s (default)
2022-02-04 12:59:42,697 [pool-202-thread-1] INFO  server.RaftServerConfigKeys (ConfUtils.java:logGet(44)) - raft.server.log.statemachine.data.sync.timeout.retry = -1 (default)
2022-02-04 12:59:42,721 [pool-202-thread-1] INFO  server.RaftServerConfigKeys (ConfUtils.java:logGet(44)) - raft.server.log.write.buffer.size = 1048576 (custom)
2022-02-04 12:59:42,721 [pool-202-thread-1] INFO  server.RaftServerConfigKeys (ConfUtils.java:logGet(44)) - raft.server.log.statemachine.data.caching.enabled = true (custom)
2022-02-04 12:59:42,724 [Listener at 127.0.0.1/36713] INFO  upgrade.AbstractLayoutVersionManager (AbstractLayoutVersionManager.java:init(79)) - Initializing Layout version manager with metadata layout = INITIAL_VERSION (version = 0), software layout = SCM_HA (version = 2)
2022-02-04 12:59:42,733 [pool-202-thread-1] INFO  segmented.SegmentedRaftLogWorker (SegmentedRaftLogWorker.java:lambda$new$0(133)) - cd33ab12-5c76-4090-ae9e-f8dc2a96321d@group-CBDBC90D8B9B-SegmentedRaftLogWorker: flushIndex: setUnconditionally 0 -> -1
2022-02-04 12:59:42,733 [pool-202-thread-1] INFO  segmented.SegmentedRaftLogWorker (SegmentedRaftLogWorker.java:lambda$new$0(133)) - cd33ab12-5c76-4090-ae9e-f8dc2a96321d@group-CBDBC90D8B9B-SegmentedRaftLogWorker: safeCacheEvictIndex: setUnconditionally 0 -> -1
2022-02-04 12:59:42,741 [pool-202-thread-1] INFO  server.RaftServerConfigKeys (ConfUtils.java:logGet(44)) - raft.server.snapshot.auto.trigger.enabled = true (custom)
2022-02-04 12:59:42,741 [pool-202-thread-1] INFO  server.RaftServerConfigKeys (ConfUtils.java:logGet(44)) - raft.server.snapshot.auto.trigger.threshold = 10000 (custom)
2022-02-04 12:59:42,741 [pool-202-thread-1] INFO  server.RaftServerConfigKeys (ConfUtils.java:logGet(44)) - raft.server.snapshot.retention.file.num = 5 (custom)
2022-02-04 12:59:42,741 [pool-202-thread-1] INFO  server.RaftServerConfigKeys (ConfUtils.java:logGet(44)) - raft.server.log.purge.upto.snapshot.index = false (default)
2022-02-04 12:59:42,741 [pool-202-thread-1] INFO  server.RaftServerConfigKeys (ConfUtils.java:logGet(44)) - raft.server.retrycache.expirytime = 600000ms (custom)
2022-02-04 12:59:42,741 [pool-202-thread-1] INFO  server.RaftServerConfigKeys (ConfUtils.java:logGet(44)) - raft.server.retrycache.statistics.expirytime = 100μs (default)
2022-02-04 12:59:42,742 [pool-202-thread-1] INFO  server.RaftServer$Division (RaftServerImpl.java:start(301)) - cd33ab12-5c76-4090-ae9e-f8dc2a96321d@group-CBDBC90D8B9B: start as a follower, conf=-1: [cd33ab12-5c76-4090-ae9e-f8dc2a96321d|rpc:10.1.0.52:40103|priority:1], old=null
2022-02-04 12:59:42,742 [pool-202-thread-1] INFO  server.RaftServer$Division (RaftServerImpl.java:setRole(290)) - cd33ab12-5c76-4090-ae9e-f8dc2a96321d@group-CBDBC90D8B9B: changes role from      null to FOLLOWER at term 0 for startAsFollower
2022-02-04 12:59:42,742 [pool-202-thread-1] INFO  impl.RoleInfo (RoleInfo.java:updateAndGet(130)) - cd33ab12-5c76-4090-ae9e-f8dc2a96321d: start cd33ab12-5c76-4090-ae9e-f8dc2a96321d@group-CBDBC90D8B9B-FollowerState
2022-02-04 12:59:42,743 [pool-202-thread-1] INFO  util.JmxRegister (JmxRegister.java:tryRegister(44)) - Successfully registered JMX Bean with object name Ratis:service=RaftServer,group=group-CBDBC90D8B9B,id=cd33ab12-5c76-4090-ae9e-f8dc2a96321d
2022-02-04 12:59:42,743 [Command processor thread] INFO  ratis.XceiverServerRatis (XceiverServerRatis.java:addGroup(768)) - Created group PipelineID=9b8301f2-fcad-4469-b8f4-cbdbc90d8b9b
2022-02-04 12:59:42,744 [Command processor thread] INFO  commandhandler.CreatePipelineCommandHandler (CreatePipelineCommandHandler.java:handle(106)) - Created Pipeline RATIS ONE PipelineID=9b8301f2-fcad-4469-b8f4-cbdbc90d8b9b.
2022-02-04 12:59:42,763 [Listener at 127.0.0.1/36713] INFO  reflections.Reflections (Reflections.java:scan(232)) - Reflections took 38 ms to scan 7 urls, producing 119 keys and 279 values 
2022-02-04 12:59:42,764 [Listener at 127.0.0.1/36713] INFO  upgrade.HDDSLayoutVersionManager (HDDSLayoutVersionManager.java:lambda$registerUpgradeActions$0(76)) - Registering Upgrade Action : DatanodeSchemaV2FinalizeAction
2022-02-04 12:59:42,764 [Listener at 127.0.0.1/36713] INFO  upgrade.HDDSLayoutVersionManager (HDDSLayoutVersionManager.java:lambda$registerUpgradeActions$0(76)) - Registering Upgrade Action : ScmOnFinalizeActionForDatanodeSchemaV2
2022-02-04 12:59:42,764 [Listener at 127.0.0.1/36713] INFO  upgrade.HDDSLayoutVersionManager (HDDSLayoutVersionManager.java:lambda$registerUpgradeActions$0(76)) - Registering Upgrade Action : ScmHAFinalizeUpgradeActionDatanode
2022-02-04 12:59:42,764 [Listener at 127.0.0.1/36713] INFO  upgrade.HDDSLayoutVersionManager (HDDSLayoutVersionManager.java:lambda$registerUpgradeActions$0(76)) - Registering Upgrade Action : ScmHAUnfinalizedStateValidationAction
2022-02-04 12:59:42,764 [Listener at 127.0.0.1/36713] INFO  statemachine.DatanodeStateMachine (DatanodeStateMachine.java:getEndPointTaskThreadPoolSize(222)) - Datanode State Machine Task Thread Pool size 2
2022-02-04 12:59:42,766 [Listener at 127.0.0.1/36713] INFO  volume.HddsVolume (HddsVolume.java:<init>(120)) - Creating HddsVolume: /home/runner/work/ozone/ozone/hadoop-ozone/integration-test/target/test-dir/MiniOzoneClusterImpl-782824e0-d6a6-4661-a42b-aa8966ebbd0c/datanode-1/data-0/containers/hdds of storage type : DISK capacity : 9223372036854775807
2022-02-04 12:59:42,766 [Listener at 127.0.0.1/36713] INFO  volume.MutableVolumeSet (MutableVolumeSet.java:initializeVolumeSet(168)) - Added Volume : /home/runner/work/ozone/ozone/hadoop-ozone/integration-test/target/test-dir/MiniOzoneClusterImpl-782824e0-d6a6-4661-a42b-aa8966ebbd0c/datanode-1/data-0/containers/hdds to VolumeSet
2022-02-04 12:59:42,766 [Listener at 127.0.0.1/36713] INFO  volume.ThrottledAsyncChecker (ThrottledAsyncChecker.java:schedule(141)) - Scheduling a check for /home/runner/work/ozone/ozone/hadoop-ozone/integration-test/target/test-dir/MiniOzoneClusterImpl-782824e0-d6a6-4661-a42b-aa8966ebbd0c/datanode-1/data-0/containers/hdds
2022-02-04 12:59:42,769 [Listener at 127.0.0.1/36713] INFO  volume.StorageVolumeChecker (StorageVolumeChecker.java:checkAllVolumes(202)) - Scheduled health check for volume /home/runner/work/ozone/ozone/hadoop-ozone/integration-test/target/test-dir/MiniOzoneClusterImpl-782824e0-d6a6-4661-a42b-aa8966ebbd0c/datanode-1/data-0/containers/hdds
2022-02-04 12:59:42,780 [Listener at 127.0.0.1/36713] INFO  volume.MutableVolumeSet (MutableVolumeSet.java:initializeVolumeSet(168)) - Added Volume : /home/runner/work/ozone/ozone/hadoop-ozone/integration-test/target/test-dir/MiniOzoneClusterImpl-782824e0-d6a6-4661-a42b-aa8966ebbd0c/datanode-1/data/ratis to VolumeSet
2022-02-04 12:59:42,780 [Listener at 127.0.0.1/36713] INFO  volume.ThrottledAsyncChecker (ThrottledAsyncChecker.java:schedule(141)) - Scheduling a check for /home/runner/work/ozone/ozone/hadoop-ozone/integration-test/target/test-dir/MiniOzoneClusterImpl-782824e0-d6a6-4661-a42b-aa8966ebbd0c/datanode-1/data/ratis
2022-02-04 12:59:42,780 [Listener at 127.0.0.1/36713] INFO  volume.StorageVolumeChecker (StorageVolumeChecker.java:checkAllVolumes(202)) - Scheduled health check for volume /home/runner/work/ozone/ozone/hadoop-ozone/integration-test/target/test-dir/MiniOzoneClusterImpl-782824e0-d6a6-4661-a42b-aa8966ebbd0c/datanode-1/data/ratis
2022-02-04 12:59:42,790 [Thread-1188] INFO  ozoneimpl.ContainerReader (ContainerReader.java:readVolume(172)) - Finish verifying containers on volume /home/runner/work/ozone/ozone/hadoop-ozone/integration-test/target/test-dir/MiniOzoneClusterImpl-782824e0-d6a6-4661-a42b-aa8966ebbd0c/datanode-1/data-0/containers/hdds
2022-02-04 12:59:42,790 [Listener at 127.0.0.1/36713] INFO  ozoneimpl.OzoneContainer (OzoneContainer.java:buildContainerSet(237)) - Build ContainerSet costs 0s
2022-02-04 12:59:42,791 [Listener at 127.0.0.1/36713] INFO  server.RaftServer (ConfUtils.java:logGet(44)) - raft.rpc.type = GRPC (default)
2022-02-04 12:59:42,792 [Listener at 127.0.0.1/36713] INFO  grpc.GrpcFactory (GrpcFactory.java:checkPooledByteBufAllocatorUseCacheForAllThreads(48)) - PERFORMANCE WARNING: useCacheForAllThreads is true that may cause Netty to create a lot garbage objects and, as a result, trigger GC.
	It is recommended to disable useCacheForAllThreads by setting -Dorg.apache.ratis.thirdparty.io.netty.allocator.useCacheForAllThreads=false in command line.
2022-02-04 12:59:42,792 [Listener at 127.0.0.1/36713] INFO  grpc.GrpcConfigKeys (ConfUtils.java:logGet(44)) - raft.grpc.admin.port = 0 (custom)
2022-02-04 12:59:42,792 [Listener at 127.0.0.1/36713] INFO  grpc.GrpcConfigKeys (ConfUtils.java:logGet(44)) - raft.grpc.client.port = 0 (custom)
2022-02-04 12:59:42,792 [Listener at 127.0.0.1/36713] INFO  grpc.GrpcConfigKeys (ConfUtils.java:logGet(44)) - raft.grpc.server.port = 0 (default)
2022-02-04 12:59:42,792 [Listener at 127.0.0.1/36713] INFO  server.GrpcService (ConfUtils.java:logGet(44)) - raft.grpc.message.size.max = 32MB (=33554432) (custom)
2022-02-04 12:59:42,792 [Listener at 127.0.0.1/36713] INFO  server.RaftServerConfigKeys (ConfUtils.java:logGet(44)) - raft.server.log.appender.buffer.byte-limit = 33554432 (custom)
2022-02-04 12:59:42,792 [Listener at 127.0.0.1/36713] INFO  server.GrpcService (ConfUtils.java:logGet(44)) - raft.grpc.flow.control.window = 5MB (=5242880) (custom)
2022-02-04 12:59:42,792 [Listener at 127.0.0.1/36713] INFO  server.RaftServerConfigKeys (ConfUtils.java:logGet(44)) - raft.server.rpc.request.timeout = 60s (custom)
2022-02-04 12:59:42,793 [Listener at 127.0.0.1/36713] INFO  impl.DataStreamServerImpl (ConfUtils.java:logGet(44)) - raft.datastream.type = DISABLED (default)
2022-02-04 12:59:42,793 [Listener at 127.0.0.1/36713] INFO  server.RaftServerConfigKeys (ConfUtils.java:logGet(44)) - raft.server.rpc.slowness.timeout = 300s (custom)
2022-02-04 12:59:42,793 [Listener at 127.0.0.1/36713] INFO  server.RaftServerConfigKeys (ConfUtils.java:logGet(44)) - raft.server.leaderelection.leader.step-down.wait-time = 10s (default)
2022-02-04 12:59:42,793 [Listener at 127.0.0.1/36713] INFO  server.RaftServerConfigKeys (ConfUtils.java:logGet(44)) - raft.server.storage.dir = [/home/runner/work/ozone/ozone/hadoop-ozone/integration-test/target/test-dir/MiniOzoneClusterImpl-782824e0-d6a6-4661-a42b-aa8966ebbd0c/datanode-1/data/ratis] (custom)
2022-02-04 12:59:42,795 [Listener at 127.0.0.1/36713] INFO  server.XceiverServerGrpc (XceiverServerGrpc.java:<init>(132)) - GrpcServer channel type EpollServerSocketChannel
2022-02-04 12:59:42,797 [Listener at 127.0.0.1/36713] INFO  http.BaseHttpServer (BaseHttpServer.java:newHttpServer2BuilderForOzone(209)) - Starting Web-server for hddsDatanode at: http://0.0.0.0:0
2022-02-04 12:59:42,797 [Listener at 127.0.0.1/36713] INFO  http.BaseHttpServer (BaseHttpServer.java:<init>(107)) - Hadoop Security Enabled: false Ozone Security Enabled: false Ozone HTTP Security Enabled: false 
2022-02-04 12:59:42,807 [Listener at 127.0.0.1/36713] INFO  server.AuthenticationFilter (AuthenticationFilter.java:constructSecretProvider(240)) - Unable to initialize FileSignerSecretProvider, falling back to use random secrets.
2022-02-04 12:59:42,812 [Listener at 127.0.0.1/36713] WARN  http.HttpRequestLog (HttpRequestLog.java:getRequestLog(103)) - Jetty request log can only be enabled using Log4j
2022-02-04 12:59:42,813 [Listener at 127.0.0.1/36713] INFO  http.HttpServer2 (HttpServer2.java:addGlobalFilter(1030)) - Added global filter 'safety' (class=org.apache.hadoop.hdds.server.http.HttpServer2$QuotingInputFilter)
2022-02-04 12:59:42,813 [Listener at 127.0.0.1/36713] INFO  http.HttpServer2 (HttpServer2.java:addFilter(1006)) - Added filter static_user_filter (class=org.apache.hadoop.http.lib.StaticUserWebFilter$StaticUserFilter) to context hddsDatanode
2022-02-04 12:59:42,813 [Listener at 127.0.0.1/36713] INFO  http.HttpServer2 (HttpServer2.java:addFilter(1014)) - Added filter static_user_filter (class=org.apache.hadoop.http.lib.StaticUserWebFilter$StaticUserFilter) to context static
2022-02-04 12:59:42,813 [Listener at 127.0.0.1/36713] INFO  http.HttpServer2 (HttpServer2.java:addFilter(1014)) - Added filter static_user_filter (class=org.apache.hadoop.http.lib.StaticUserWebFilter$StaticUserFilter) to context logs
2022-02-04 12:59:42,815 [Listener at 127.0.0.1/36713] INFO  http.HttpServer2 (HttpServer2.java:bindListener(1249)) - Jetty bound to port 33345
2022-02-04 12:59:42,815 [Listener at 127.0.0.1/36713] INFO  server.Server (Server.java:doStart(375)) - jetty-9.4.43.v20210629; built: 2021-06-30T11:07:22.254Z; git: 526006ecfa3af7f1a27ef3a288e2bef7ea9dd7e8; jvm 1.8.0_312-b07
2022-02-04 12:59:42,859 [Listener at 127.0.0.1/36713] INFO  server.session (DefaultSessionIdManager.java:doStart(334)) - DefaultSessionIdManager workerName=node0
2022-02-04 12:59:42,859 [Listener at 127.0.0.1/36713] INFO  server.session (DefaultSessionIdManager.java:doStart(339)) - No SessionScavenger set, using defaults
2022-02-04 12:59:42,865 [Listener at 127.0.0.1/36713] INFO  server.session (HouseKeeper.java:startScavenging(132)) - node0 Scavenging every 600000ms
2022-02-04 12:59:42,866 [Listener at 127.0.0.1/36713] INFO  handler.ContextHandler (ContextHandler.java:doStart(915)) - Started o.e.j.s.ServletContextHandler@514d4b80{logs,/logs,file:///home/runner/work/ozone/ozone/hadoop-ozone/integration-test/target/log,AVAILABLE}
2022-02-04 12:59:42,866 [Listener at 127.0.0.1/36713] INFO  handler.ContextHandler (ContextHandler.java:doStart(915)) - Started o.e.j.s.ServletContextHandler@c1da50f{static,/static,jar:file:/home/runner/.m2/repository/org/apache/ozone/hdds-container-service/1.3.0-SNAPSHOT/hdds-container-service-1.3.0-SNAPSHOT.jar!/webapps/static,AVAILABLE}
2022-02-04 12:59:42,917 [Listener at 127.0.0.1/36713] INFO  handler.ContextHandler (ContextHandler.java:doStart(915)) - Started o.e.j.w.WebAppContext@54b2617a{hddsDatanode,/,file:///tmp/jetty-0_0_0_0-33345-hdds-container-service-1_3_0-SNAPSHOT_jar-_-any-6936876566125589333/webapp/,AVAILABLE}{jar:file:/home/runner/.m2/repository/org/apache/ozone/hdds-container-service/1.3.0-SNAPSHOT/hdds-container-service-1.3.0-SNAPSHOT.jar!/webapps/hddsDatanode}
2022-02-04 12:59:42,927 [Listener at 127.0.0.1/36713] INFO  server.AbstractConnector (AbstractConnector.java:doStart(331)) - Started ServerConnector@65f473a{HTTP/1.1, (http/1.1)}{0.0.0.0:33345}
2022-02-04 12:59:42,928 [Listener at 127.0.0.1/36713] INFO  server.Server (Server.java:doStart(415)) - Started @69608ms
2022-02-04 12:59:42,928 [Listener at 127.0.0.1/36713] WARN  impl.MetricsSystemImpl (MetricsSystemImpl.java:register(279)) - Sink prometheus already exists!
2022-02-04 12:59:42,928 [Listener at 127.0.0.1/36713] INFO  http.BaseHttpServer (BaseHttpServer.java:updateConnectorAddress(329)) - HTTP server of hddsDatanode listening at http://0.0.0.0:33345
2022-02-04 12:59:42,931 [Listener at 127.0.0.1/36713] WARN  impl.MetricRegistriesImpl (MetricRegistriesImpl.java:addReporterRegistration(111)) - New reporters are added after registries were created. Some metrics will be missing from the reporter. Please add reporter before adding any new registry.
2022-02-04 12:59:42,931 [Listener at 127.0.0.1/36713] WARN  impl.MetricRegistriesImpl (MetricRegistriesImpl.java:addReporterRegistration(111)) - New reporters are added after registries were created. Some metrics will be missing from the reporter. Please add reporter before adding any new registry.
2022-02-04 12:59:42,931 [Listener at 127.0.0.1/36713] INFO  impl.MetricsSystemImpl (MetricsSystemImpl.java:init(158)) - HddsDatanode metrics system started (again)
2022-02-04 12:59:42,937 [Datanode State Machine Daemon Thread] INFO  statemachine.DatanodeStateMachine (DatanodeStateMachine.java:lambda$startDaemon$0(470)) - Ozone container server started.
2022-02-04 12:59:42,948 [Listener at 127.0.0.1/36713] INFO  ozone.HddsDatanodeService (HddsDatanodeService.java:start(234)) - HddsDatanodeService host:fv-az116-891.vzw04321ajxubdbcnpick5nqva.xx.internal.cloudapp.net ip:10.1.0.52
2022-02-04 12:59:42,957 [Datanode State Machine Daemon Thread] INFO  upgrade.UpgradeFinalizer (BasicUpgradeFinalizer.java:runPrefinalizeStateActions(235)) - Running pre-finalized state validations for unfinalized layout features.
2022-02-04 12:59:42,957 [Datanode State Machine Daemon Thread] INFO  upgrade.UpgradeFinalizer (BasicUpgradeFinalizer.java:runPrefinalizeStateActions(248)) - Running first upgrade commands for unfinalized layout features.
2022-02-04 12:59:42,961 [org.apache.hadoop.util.JvmPauseMonitor$Monitor@42adfc3] INFO  util.JvmPauseMonitor (JvmPauseMonitor.java:run(188)) - Starting JVM pause monitor
2022-02-04 12:59:42,970 [Datanode State Machine Task Thread - 0] INFO  datanode.InitDatanodeState (InitDatanodeState.java:persistContainerDatanodeDetails(145)) - DatanodeDetails is persisted to /home/runner/work/ozone/ozone/hadoop-ozone/integration-test/target/test-dir/MiniOzoneClusterImpl-782824e0-d6a6-4661-a42b-aa8966ebbd0c/datanode-1/meta/datanode.id
2022-02-04 12:59:42,978 [Listener at 127.0.0.1/36713] INFO  upgrade.AbstractLayoutVersionManager (AbstractLayoutVersionManager.java:init(79)) - Initializing Layout version manager with metadata layout = INITIAL_VERSION (version = 0), software layout = SCM_HA (version = 2)
2022-02-04 12:59:43,007 [Mini-Cluster-Provider-Reap] INFO  ozoneimpl.OzoneContainer (OzoneContainer.java:stop(336)) - Attempting to stop container services.
2022-02-04 12:59:43,008 [Mini-Cluster-Provider-Reap] INFO  server.RaftServer (RaftServerProxy.java:lambda$close$6(391)) - 32c39f51-2f56-4d5e-8fbc-89c9bf378090: close
2022-02-04 12:59:43,008 [Mini-Cluster-Provider-Reap] INFO  server.RaftServer$Division (RaftServerImpl.java:lambda$close$4(412)) - 32c39f51-2f56-4d5e-8fbc-89c9bf378090@group-FECC53B7A070: shutdown
2022-02-04 12:59:43,008 [ForkJoinPool.commonPool-worker-1] INFO  server.RaftServer$Division (RaftServerImpl.java:lambda$close$4(412)) - 32c39f51-2f56-4d5e-8fbc-89c9bf378090@group-F65584743E6E: shutdown
2022-02-04 12:59:43,008 [ForkJoinPool.commonPool-worker-1] INFO  util.JmxRegister (JmxRegister.java:unregister(73)) - Successfully un-registered JMX Bean with object name Ratis:service=RaftServer,group=group-F65584743E6E,id=32c39f51-2f56-4d5e-8fbc-89c9bf378090
2022-02-04 12:59:43,008 [ForkJoinPool.commonPool-worker-1] INFO  impl.RoleInfo (RoleInfo.java:shutdownFollowerState(108)) - 32c39f51-2f56-4d5e-8fbc-89c9bf378090: shutdown 32c39f51-2f56-4d5e-8fbc-89c9bf378090@group-F65584743E6E-FollowerState
2022-02-04 12:59:43,008 [ForkJoinPool.commonPool-worker-1] INFO  impl.StateMachineUpdater (StateMachineUpdater.java:stopAndJoin(149)) - 32c39f51-2f56-4d5e-8fbc-89c9bf378090@group-F65584743E6E-StateMachineUpdater: set stopIndex = 0
2022-02-04 12:59:43,008 [32c39f51-2f56-4d5e-8fbc-89c9bf378090@group-F65584743E6E-StateMachineUpdater] INFO  ratis.ContainerStateMachine (ContainerStateMachine.java:takeSnapshot(299)) - group-F65584743E6E: Taking a snapshot at:(t:2, i:0) file /home/runner/work/ozone/ozone/hadoop-ozone/integration-test/target/test-dir/MiniOzoneClusterImpl-2de8e96d-15a2-401a-96b2-d4c0b97aa068/datanode-2/data/ratis/00ae2468-2365-401f-baae-f65584743e6e/sm/snapshot.2_0
2022-02-04 12:59:43,008 [Mini-Cluster-Provider-Reap] INFO  util.JmxRegister (JmxRegister.java:unregister(73)) - Successfully un-registered JMX Bean with object name Ratis:service=RaftServer,group=group-FECC53B7A070,id=32c39f51-2f56-4d5e-8fbc-89c9bf378090
2022-02-04 12:59:43,009 [Mini-Cluster-Provider-Reap] INFO  impl.RoleInfo (RoleInfo.java:shutdownLeaderState(91)) - 32c39f51-2f56-4d5e-8fbc-89c9bf378090: shutdown 32c39f51-2f56-4d5e-8fbc-89c9bf378090@group-FECC53B7A070-LeaderStateImpl
2022-02-04 12:59:43,009 [Mini-Cluster-Provider-Reap] INFO  impl.PendingRequests (PendingRequests.java:sendNotLeaderResponses(282)) - 32c39f51-2f56-4d5e-8fbc-89c9bf378090@group-FECC53B7A070-PendingRequests: sendNotLeaderResponses
2022-02-04 12:59:43,009 [Mini-Cluster-Provider-Reap] INFO  impl.StateMachineUpdater (StateMachineUpdater.java:stopAndJoin(149)) - 32c39f51-2f56-4d5e-8fbc-89c9bf378090@group-FECC53B7A070-StateMachineUpdater: set stopIndex = 0
2022-02-04 12:59:43,010 [32c39f51-2f56-4d5e-8fbc-89c9bf378090@group-FECC53B7A070-StateMachineUpdater] INFO  ratis.ContainerStateMachine (ContainerStateMachine.java:takeSnapshot(299)) - group-FECC53B7A070: Taking a snapshot at:(t:1, i:0) file /home/runner/work/ozone/ozone/hadoop-ozone/integration-test/target/test-dir/MiniOzoneClusterImpl-2de8e96d-15a2-401a-96b2-d4c0b97aa068/datanode-2/data/ratis/6e9eb8df-572e-41d3-a631-fecc53b7a070/sm/snapshot.1_0
2022-02-04 12:59:43,010 [32c39f51-2f56-4d5e-8fbc-89c9bf378090@group-F65584743E6E-FollowerState] INFO  impl.FollowerState (FollowerState.java:run(143)) - 32c39f51-2f56-4d5e-8fbc-89c9bf378090@group-F65584743E6E-FollowerState was interrupted: {}
java.lang.InterruptedException: sleep interrupted
	at java.lang.Thread.sleep(Native Method)
	at java.lang.Thread.sleep(Thread.java:340)
	at java.util.concurrent.TimeUnit.sleep(TimeUnit.java:386)
	at org.apache.ratis.util.TimeDuration.sleep(TimeDuration.java:324)
	at org.apache.ratis.util.TimeDuration.sleep(TimeDuration.java:309)
	at org.apache.ratis.server.impl.FollowerState.run(FollowerState.java:118)
2022-02-04 12:59:43,010 [32c39f51-2f56-4d5e-8fbc-89c9bf378090@group-F65584743E6E-StateMachineUpdater] INFO  ratis.ContainerStateMachine (ContainerStateMachine.java:takeSnapshot(310)) - group-F65584743E6E: Finished taking a snapshot at:(t:2, i:0) file:/home/runner/work/ozone/ozone/hadoop-ozone/integration-test/target/test-dir/MiniOzoneClusterImpl-2de8e96d-15a2-401a-96b2-d4c0b97aa068/datanode-2/data/ratis/00ae2468-2365-401f-baae-f65584743e6e/sm/snapshot.2_0 took: 2 ms
2022-02-04 12:59:43,011 [32c39f51-2f56-4d5e-8fbc-89c9bf378090@group-F65584743E6E-StateMachineUpdater] INFO  impl.StateMachineUpdater (StateMachineUpdater.java:takeSnapshot(281)) - 32c39f51-2f56-4d5e-8fbc-89c9bf378090@group-F65584743E6E-StateMachineUpdater: Took a snapshot at index 0
2022-02-04 12:59:43,011 [32c39f51-2f56-4d5e-8fbc-89c9bf378090@group-F65584743E6E-StateMachineUpdater] INFO  impl.StateMachineUpdater (StateMachineUpdater.java:lambda$new$0(89)) - 32c39f51-2f56-4d5e-8fbc-89c9bf378090@group-F65584743E6E-StateMachineUpdater: snapshotIndex: updateIncreasingly -1 -> 0
2022-02-04 12:59:43,011 [32c39f51-2f56-4d5e-8fbc-89c9bf378090@group-FECC53B7A070-StateMachineUpdater] INFO  ratis.ContainerStateMachine (ContainerStateMachine.java:takeSnapshot(310)) - group-FECC53B7A070: Finished taking a snapshot at:(t:1, i:0) file:/home/runner/work/ozone/ozone/hadoop-ozone/integration-test/target/test-dir/MiniOzoneClusterImpl-2de8e96d-15a2-401a-96b2-d4c0b97aa068/datanode-2/data/ratis/6e9eb8df-572e-41d3-a631-fecc53b7a070/sm/snapshot.1_0 took: 1 ms
2022-02-04 12:59:43,011 [32c39f51-2f56-4d5e-8fbc-89c9bf378090@group-FECC53B7A070-StateMachineUpdater] INFO  impl.StateMachineUpdater (StateMachineUpdater.java:takeSnapshot(281)) - 32c39f51-2f56-4d5e-8fbc-89c9bf378090@group-FECC53B7A070-StateMachineUpdater: Took a snapshot at index 0
2022-02-04 12:59:43,011 [32c39f51-2f56-4d5e-8fbc-89c9bf378090@group-FECC53B7A070-StateMachineUpdater] INFO  impl.StateMachineUpdater (StateMachineUpdater.java:lambda$new$0(89)) - 32c39f51-2f56-4d5e-8fbc-89c9bf378090@group-FECC53B7A070-StateMachineUpdater: snapshotIndex: updateIncreasingly -1 -> 0
2022-02-04 12:59:43,011 [ForkJoinPool.commonPool-worker-1] INFO  server.RaftServer$Division (ServerState.java:close(419)) - 32c39f51-2f56-4d5e-8fbc-89c9bf378090@group-F65584743E6E: closes. applyIndex: 0
2022-02-04 12:59:43,012 [32c39f51-2f56-4d5e-8fbc-89c9bf378090@group-F65584743E6E-SegmentedRaftLogWorker] INFO  segmented.SegmentedRaftLogWorker (SegmentedRaftLogWorker.java:run(327)) - 32c39f51-2f56-4d5e-8fbc-89c9bf378090@group-F65584743E6E-SegmentedRaftLogWorker was interrupted, exiting. There are 0 tasks remaining in the queue.
2022-02-04 12:59:43,012 [ForkJoinPool.commonPool-worker-1] INFO  segmented.SegmentedRaftLogWorker (SegmentedRaftLogWorker.java:close(237)) - 32c39f51-2f56-4d5e-8fbc-89c9bf378090@group-F65584743E6E-SegmentedRaftLogWorker close()
2022-02-04 12:59:43,012 [Mini-Cluster-Provider-Reap] INFO  server.RaftServer$Division (ServerState.java:close(419)) - 32c39f51-2f56-4d5e-8fbc-89c9bf378090@group-FECC53B7A070: closes. applyIndex: 0
2022-02-04 12:59:43,012 [32c39f51-2f56-4d5e-8fbc-89c9bf378090@group-FECC53B7A070-SegmentedRaftLogWorker] INFO  segmented.SegmentedRaftLogWorker (SegmentedRaftLogWorker.java:run(327)) - 32c39f51-2f56-4d5e-8fbc-89c9bf378090@group-FECC53B7A070-SegmentedRaftLogWorker was interrupted, exiting. There are 0 tasks remaining in the queue.
2022-02-04 12:59:43,013 [Mini-Cluster-Provider-Reap] INFO  segmented.SegmentedRaftLogWorker (SegmentedRaftLogWorker.java:close(237)) - 32c39f51-2f56-4d5e-8fbc-89c9bf378090@group-FECC53B7A070-SegmentedRaftLogWorker close()
2022-02-04 12:59:43,013 [Mini-Cluster-Provider-Reap] INFO  server.GrpcService (GrpcService.java:closeImpl(262)) - 32c39f51-2f56-4d5e-8fbc-89c9bf378090: shutdown server with port 33115 now
2022-02-04 12:59:43,017 [Mini-Cluster-Provider-Reap] INFO  server.GrpcService (GrpcService.java:closeImpl(271)) - 32c39f51-2f56-4d5e-8fbc-89c9bf378090: shutdown server with port 33115 successfully
2022-02-04 12:59:43,017 [org.apache.ratis.util.JvmPauseMonitor$$Lambda$545/901670684@7c71881a] INFO  util.JvmPauseMonitor (JvmPauseMonitor.java:run(109)) - JvmPauseMonitor-32c39f51-2f56-4d5e-8fbc-89c9bf378090: Stopped
2022-02-04 12:59:43,027 [Listener at 127.0.0.1/36713] INFO  reflections.Reflections (Reflections.java:scan(232)) - Reflections took 48 ms to scan 7 urls, producing 119 keys and 279 values 
2022-02-04 12:59:43,028 [Listener at 127.0.0.1/36713] INFO  upgrade.HDDSLayoutVersionManager (HDDSLayoutVersionManager.java:lambda$registerUpgradeActions$0(76)) - Registering Upgrade Action : DatanodeSchemaV2FinalizeAction
2022-02-04 12:59:43,028 [Listener at 127.0.0.1/36713] INFO  upgrade.HDDSLayoutVersionManager (HDDSLayoutVersionManager.java:lambda$registerUpgradeActions$0(76)) - Registering Upgrade Action : ScmOnFinalizeActionForDatanodeSchemaV2
2022-02-04 12:59:43,028 [Listener at 127.0.0.1/36713] INFO  upgrade.HDDSLayoutVersionManager (HDDSLayoutVersionManager.java:lambda$registerUpgradeActions$0(76)) - Registering Upgrade Action : ScmHAFinalizeUpgradeActionDatanode
2022-02-04 12:59:43,028 [Listener at 127.0.0.1/36713] INFO  upgrade.HDDSLayoutVersionManager (HDDSLayoutVersionManager.java:lambda$registerUpgradeActions$0(76)) - Registering Upgrade Action : ScmHAUnfinalizedStateValidationAction
2022-02-04 12:59:43,028 [Listener at 127.0.0.1/36713] INFO  statemachine.DatanodeStateMachine (DatanodeStateMachine.java:getEndPointTaskThreadPoolSize(222)) - Datanode State Machine Task Thread Pool size 2
2022-02-04 12:59:43,029 [Listener at 127.0.0.1/36713] INFO  volume.HddsVolume (HddsVolume.java:<init>(120)) - Creating HddsVolume: /home/runner/work/ozone/ozone/hadoop-ozone/integration-test/target/test-dir/MiniOzoneClusterImpl-782824e0-d6a6-4661-a42b-aa8966ebbd0c/datanode-2/data-0/containers/hdds of storage type : DISK capacity : 9223372036854775807
2022-02-04 12:59:43,030 [Listener at 127.0.0.1/36713] INFO  volume.MutableVolumeSet (MutableVolumeSet.java:initializeVolumeSet(168)) - Added Volume : /home/runner/work/ozone/ozone/hadoop-ozone/integration-test/target/test-dir/MiniOzoneClusterImpl-782824e0-d6a6-4661-a42b-aa8966ebbd0c/datanode-2/data-0/containers/hdds to VolumeSet
2022-02-04 12:59:43,030 [Listener at 127.0.0.1/36713] INFO  volume.ThrottledAsyncChecker (ThrottledAsyncChecker.java:schedule(141)) - Scheduling a check for /home/runner/work/ozone/ozone/hadoop-ozone/integration-test/target/test-dir/MiniOzoneClusterImpl-782824e0-d6a6-4661-a42b-aa8966ebbd0c/datanode-2/data-0/containers/hdds
2022-02-04 12:59:43,030 [Listener at 127.0.0.1/36713] INFO  volume.StorageVolumeChecker (StorageVolumeChecker.java:checkAllVolumes(202)) - Scheduled health check for volume /home/runner/work/ozone/ozone/hadoop-ozone/integration-test/target/test-dir/MiniOzoneClusterImpl-782824e0-d6a6-4661-a42b-aa8966ebbd0c/datanode-2/data-0/containers/hdds
2022-02-04 12:59:43,041 [Listener at 127.0.0.1/36713] INFO  volume.MutableVolumeSet (MutableVolumeSet.java:initializeVolumeSet(168)) - Added Volume : /home/runner/work/ozone/ozone/hadoop-ozone/integration-test/target/test-dir/MiniOzoneClusterImpl-782824e0-d6a6-4661-a42b-aa8966ebbd0c/datanode-2/data/ratis to VolumeSet
2022-02-04 12:59:43,041 [Listener at 127.0.0.1/36713] INFO  volume.ThrottledAsyncChecker (ThrottledAsyncChecker.java:schedule(141)) - Scheduling a check for /home/runner/work/ozone/ozone/hadoop-ozone/integration-test/target/test-dir/MiniOzoneClusterImpl-782824e0-d6a6-4661-a42b-aa8966ebbd0c/datanode-2/data/ratis
2022-02-04 12:59:43,041 [Listener at 127.0.0.1/36713] INFO  volume.StorageVolumeChecker (StorageVolumeChecker.java:checkAllVolumes(202)) - Scheduled health check for volume /home/runner/work/ozone/ozone/hadoop-ozone/integration-test/target/test-dir/MiniOzoneClusterImpl-782824e0-d6a6-4661-a42b-aa8966ebbd0c/datanode-2/data/ratis
2022-02-04 12:59:43,060 [Thread-1203] INFO  ozoneimpl.ContainerReader (ContainerReader.java:readVolume(172)) - Finish verifying containers on volume /home/runner/work/ozone/ozone/hadoop-ozone/integration-test/target/test-dir/MiniOzoneClusterImpl-782824e0-d6a6-4661-a42b-aa8966ebbd0c/datanode-2/data-0/containers/hdds
2022-02-04 12:59:43,066 [Listener at 127.0.0.1/36713] INFO  ozoneimpl.OzoneContainer (OzoneContainer.java:buildContainerSet(237)) - Build ContainerSet costs 0s
2022-02-04 12:59:43,068 [Listener at 127.0.0.1/36713] INFO  server.RaftServer (ConfUtils.java:logGet(44)) - raft.rpc.type = GRPC (default)
2022-02-04 12:59:43,068 [Listener at 127.0.0.1/36713] INFO  grpc.GrpcFactory (GrpcFactory.java:checkPooledByteBufAllocatorUseCacheForAllThreads(48)) - PERFORMANCE WARNING: useCacheForAllThreads is true that may cause Netty to create a lot garbage objects and, as a result, trigger GC.
	It is recommended to disable useCacheForAllThreads by setting -Dorg.apache.ratis.thirdparty.io.netty.allocator.useCacheForAllThreads=false in command line.
2022-02-04 12:59:43,068 [Listener at 127.0.0.1/36713] INFO  grpc.GrpcConfigKeys (ConfUtils.java:logGet(44)) - raft.grpc.admin.port = 0 (custom)
2022-02-04 12:59:43,068 [Listener at 127.0.0.1/36713] INFO  grpc.GrpcConfigKeys (ConfUtils.java:logGet(44)) - raft.grpc.client.port = 0 (custom)
2022-02-04 12:59:43,069 [Listener at 127.0.0.1/36713] INFO  grpc.GrpcConfigKeys (ConfUtils.java:logGet(44)) - raft.grpc.server.port = 0 (default)
2022-02-04 12:59:43,069 [Listener at 127.0.0.1/36713] INFO  server.GrpcService (ConfUtils.java:logGet(44)) - raft.grpc.message.size.max = 32MB (=33554432) (custom)
2022-02-04 12:59:43,069 [Listener at 127.0.0.1/36713] INFO  server.RaftServerConfigKeys (ConfUtils.java:logGet(44)) - raft.server.log.appender.buffer.byte-limit = 33554432 (custom)
2022-02-04 12:59:43,069 [Listener at 127.0.0.1/36713] INFO  server.GrpcService (ConfUtils.java:logGet(44)) - raft.grpc.flow.control.window = 5MB (=5242880) (custom)
2022-02-04 12:59:43,069 [Listener at 127.0.0.1/36713] INFO  server.RaftServerConfigKeys (ConfUtils.java:logGet(44)) - raft.server.rpc.request.timeout = 60s (custom)
2022-02-04 12:59:43,072 [Listener at 127.0.0.1/36713] INFO  impl.DataStreamServerImpl (ConfUtils.java:logGet(44)) - raft.datastream.type = DISABLED (default)
2022-02-04 12:59:43,072 [Listener at 127.0.0.1/36713] INFO  server.RaftServerConfigKeys (ConfUtils.java:logGet(44)) - raft.server.rpc.slowness.timeout = 300s (custom)
2022-02-04 12:59:43,072 [Listener at 127.0.0.1/36713] INFO  server.RaftServerConfigKeys (ConfUtils.java:logGet(44)) - raft.server.leaderelection.leader.step-down.wait-time = 10s (default)
2022-02-04 12:59:43,072 [Listener at 127.0.0.1/36713] INFO  server.RaftServerConfigKeys (ConfUtils.java:logGet(44)) - raft.server.storage.dir = [/home/runner/work/ozone/ozone/hadoop-ozone/integration-test/target/test-dir/MiniOzoneClusterImpl-782824e0-d6a6-4661-a42b-aa8966ebbd0c/datanode-2/data/ratis] (custom)
2022-02-04 12:59:43,074 [Listener at 127.0.0.1/36713] INFO  server.XceiverServerGrpc (XceiverServerGrpc.java:<init>(132)) - GrpcServer channel type EpollServerSocketChannel
2022-02-04 12:59:43,084 [Listener at 127.0.0.1/36713] INFO  http.BaseHttpServer (BaseHttpServer.java:newHttpServer2BuilderForOzone(209)) - Starting Web-server for hddsDatanode at: http://0.0.0.0:0
2022-02-04 12:59:43,084 [Listener at 127.0.0.1/36713] INFO  http.BaseHttpServer (BaseHttpServer.java:<init>(107)) - Hadoop Security Enabled: false Ozone Security Enabled: false Ozone HTTP Security Enabled: false 
2022-02-04 12:59:43,085 [Listener at 127.0.0.1/36713] INFO  server.AuthenticationFilter (AuthenticationFilter.java:constructSecretProvider(240)) - Unable to initialize FileSignerSecretProvider, falling back to use random secrets.
2022-02-04 12:59:43,093 [Listener at 127.0.0.1/36713] WARN  http.HttpRequestLog (HttpRequestLog.java:getRequestLog(103)) - Jetty request log can only be enabled using Log4j
2022-02-04 12:59:43,094 [Listener at 127.0.0.1/36713] INFO  http.HttpServer2 (HttpServer2.java:addGlobalFilter(1030)) - Added global filter 'safety' (class=org.apache.hadoop.hdds.server.http.HttpServer2$QuotingInputFilter)
2022-02-04 12:59:43,094 [Listener at 127.0.0.1/36713] INFO  http.HttpServer2 (HttpServer2.java:addFilter(1006)) - Added filter static_user_filter (class=org.apache.hadoop.http.lib.StaticUserWebFilter$StaticUserFilter) to context hddsDatanode
2022-02-04 12:59:43,094 [Listener at 127.0.0.1/36713] INFO  http.HttpServer2 (HttpServer2.java:addFilter(1014)) - Added filter static_user_filter (class=org.apache.hadoop.http.lib.StaticUserWebFilter$StaticUserFilter) to context static
2022-02-04 12:59:43,094 [Listener at 127.0.0.1/36713] INFO  http.HttpServer2 (HttpServer2.java:addFilter(1014)) - Added filter static_user_filter (class=org.apache.hadoop.http.lib.StaticUserWebFilter$StaticUserFilter) to context logs
2022-02-04 12:59:43,095 [Listener at 127.0.0.1/36713] INFO  http.HttpServer2 (HttpServer2.java:bindListener(1249)) - Jetty bound to port 34143
2022-02-04 12:59:43,095 [Listener at 127.0.0.1/36713] INFO  server.Server (Server.java:doStart(375)) - jetty-9.4.43.v20210629; built: 2021-06-30T11:07:22.254Z; git: 526006ecfa3af7f1a27ef3a288e2bef7ea9dd7e8; jvm 1.8.0_312-b07
2022-02-04 12:59:43,123 [Listener at 127.0.0.1/36713] INFO  server.session (DefaultSessionIdManager.java:doStart(334)) - DefaultSessionIdManager workerName=node0
2022-02-04 12:59:43,123 [Listener at 127.0.0.1/36713] INFO  server.session (DefaultSessionIdManager.java:doStart(339)) - No SessionScavenger set, using defaults
2022-02-04 12:59:43,123 [Listener at 127.0.0.1/36713] INFO  server.session (HouseKeeper.java:startScavenging(132)) - node0 Scavenging every 600000ms
2022-02-04 12:59:43,126 [Listener at 127.0.0.1/36713] INFO  handler.ContextHandler (ContextHandler.java:doStart(915)) - Started o.e.j.s.ServletContextHandler@39e0e907{logs,/logs,file:///home/runner/work/ozone/ozone/hadoop-ozone/integration-test/target/log,AVAILABLE}
2022-02-04 12:59:43,126 [Listener at 127.0.0.1/36713] INFO  handler.ContextHandler (ContextHandler.java:doStart(915)) - Started o.e.j.s.ServletContextHandler@45de292e{static,/static,jar:file:/home/runner/.m2/repository/org/apache/ozone/hdds-container-service/1.3.0-SNAPSHOT/hdds-container-service-1.3.0-SNAPSHOT.jar!/webapps/static,AVAILABLE}
2022-02-04 12:59:43,190 [Listener at 127.0.0.1/36713] INFO  handler.ContextHandler (ContextHandler.java:doStart(915)) - Started o.e.j.w.WebAppContext@4f7deabf{hddsDatanode,/,file:///tmp/jetty-0_0_0_0-34143-hdds-container-service-1_3_0-SNAPSHOT_jar-_-any-674736356835122496/webapp/,AVAILABLE}{jar:file:/home/runner/.m2/repository/org/apache/ozone/hdds-container-service/1.3.0-SNAPSHOT/hdds-container-service-1.3.0-SNAPSHOT.jar!/webapps/hddsDatanode}
2022-02-04 12:59:43,200 [Listener at 127.0.0.1/36713] INFO  server.AbstractConnector (AbstractConnector.java:doStart(331)) - Started ServerConnector@3f32777a{HTTP/1.1, (http/1.1)}{0.0.0.0:34143}
2022-02-04 12:59:43,200 [Listener at 127.0.0.1/36713] INFO  server.Server (Server.java:doStart(415)) - Started @69881ms
2022-02-04 12:59:43,200 [Listener at 127.0.0.1/36713] WARN  impl.MetricsSystemImpl (MetricsSystemImpl.java:register(279)) - Sink prometheus already exists!
2022-02-04 12:59:43,201 [Listener at 127.0.0.1/36713] INFO  http.BaseHttpServer (BaseHttpServer.java:updateConnectorAddress(329)) - HTTP server of hddsDatanode listening at http://0.0.0.0:34143
2022-02-04 12:59:43,201 [Listener at 127.0.0.1/36713] INFO  ozone.MiniOzoneClusterImpl (MiniOzoneClusterImpl.java:lambda$waitForClusterToBeReady$0(219)) - Waiting for nodes to be ready. Got 0 of 3 DN Heartbeats.
2022-02-04 12:59:43,201 [Listener at 127.0.0.1/36713] INFO  ozone.MiniOzoneClusterImpl (MiniOzoneClusterImpl.java:lambda$waitForClusterToBeReady$0(222)) - Waiting for cluster to exit safe mode
2022-02-04 12:59:43,201 [Listener at 127.0.0.1/36713] INFO  ozone.MiniOzoneClusterImpl (MiniOzoneClusterImpl.java:lambda$waitForClusterToBeReady$0(224)) - SCM became leader
2022-02-04 12:59:43,201 [Datanode State Machine Daemon Thread] INFO  statemachine.DatanodeStateMachine (DatanodeStateMachine.java:lambda$startDaemon$0(470)) - Ozone container server started.
2022-02-04 12:59:43,209 [Datanode State Machine Daemon Thread] INFO  upgrade.UpgradeFinalizer (BasicUpgradeFinalizer.java:runPrefinalizeStateActions(235)) - Running pre-finalized state validations for unfinalized layout features.
2022-02-04 12:59:43,209 [Datanode State Machine Daemon Thread] INFO  upgrade.UpgradeFinalizer (BasicUpgradeFinalizer.java:runPrefinalizeStateActions(248)) - Running first upgrade commands for unfinalized layout features.
2022-02-04 12:59:43,216 [org.apache.hadoop.util.JvmPauseMonitor$Monitor@79b7e7a1] INFO  util.JvmPauseMonitor (JvmPauseMonitor.java:run(188)) - Starting JVM pause monitor
2022-02-04 12:59:43,219 [Datanode State Machine Task Thread - 0] INFO  datanode.InitDatanodeState (InitDatanodeState.java:persistContainerDatanodeDetails(145)) - DatanodeDetails is persisted to /home/runner/work/ozone/ozone/hadoop-ozone/integration-test/target/test-dir/MiniOzoneClusterImpl-782824e0-d6a6-4661-a42b-aa8966ebbd0c/datanode-2/meta/datanode.id
2022-02-04 12:59:43,450 [om1@group-C5BA1605619E-FollowerState] INFO  impl.FollowerState (FollowerState.java:run(134)) - om1@group-C5BA1605619E-FollowerState: change to CANDIDATE, lastRpcElapsedTime:1164881303ns, electionTimeout:1156ms
2022-02-04 12:59:43,450 [om1@group-C5BA1605619E-FollowerState] INFO  impl.RoleInfo (RoleInfo.java:shutdownFollowerState(108)) - om1: shutdown om1@group-C5BA1605619E-FollowerState
2022-02-04 12:59:43,451 [om1@group-C5BA1605619E-FollowerState] INFO  server.RaftServer$Division (RaftServerImpl.java:setRole(290)) - om1@group-C5BA1605619E: changes role from  FOLLOWER to CANDIDATE at term 0 for changeToCandidate
2022-02-04 12:59:43,451 [om1@group-C5BA1605619E-FollowerState] INFO  server.RaftServerConfigKeys (ConfUtils.java:logGet(44)) - raft.server.leaderelection.pre-vote = false (custom)
2022-02-04 12:59:43,451 [om1@group-C5BA1605619E-FollowerState] INFO  impl.RoleInfo (RoleInfo.java:updateAndGet(130)) - om1: start om1@group-C5BA1605619E-LeaderElection33
2022-02-04 12:59:43,459 [om1@group-C5BA1605619E-LeaderElection33] INFO  impl.LeaderElection (LeaderElection.java:askForVotes(306)) - om1@group-C5BA1605619E-LeaderElection33 ELECTION round 0: submit vote requests at term 1 for -1: [om1|rpc:localhost:38951|priority:0], old=null
2022-02-04 12:59:43,459 [om1@group-C5BA1605619E-LeaderElection33] INFO  impl.LeaderElection (LeaderElection.java:askForVotes(308)) - om1@group-C5BA1605619E-LeaderElection33 ELECTION round 0: result PASSED (term=1)
2022-02-04 12:59:43,459 [om1@group-C5BA1605619E-LeaderElection33] INFO  impl.RoleInfo (RoleInfo.java:shutdownLeaderElection(121)) - om1: shutdown om1@group-C5BA1605619E-LeaderElection33
2022-02-04 12:59:43,459 [om1@group-C5BA1605619E-LeaderElection33] INFO  server.RaftServer$Division (RaftServerImpl.java:setRole(290)) - om1@group-C5BA1605619E: changes role from CANDIDATE to LEADER at term 1 for changeToLeader
2022-02-04 12:59:43,459 [om1@group-C5BA1605619E-LeaderElection33] INFO  server.RaftServer$Division (ServerState.java:setLeader(285)) - om1@group-C5BA1605619E: change Leader from null to om1 at term 1 for becomeLeader, leader elected after 1267ms
2022-02-04 12:59:43,459 [om1@group-C5BA1605619E-LeaderElection33] INFO  server.RaftServerConfigKeys (ConfUtils.java:logGet(44)) - raft.server.staging.catchup.gap = 1000 (default)
2022-02-04 12:59:43,462 [om1@group-C5BA1605619E-LeaderElection33] INFO  server.RaftServerConfigKeys (ConfUtils.java:logGet(44)) - raft.server.write.element-limit = 4096 (default)
2022-02-04 12:59:43,462 [om1@group-C5BA1605619E-LeaderElection33] INFO  server.RaftServerConfigKeys (ConfUtils.java:logGet(44)) - raft.server.write.byte-limit = 64MB (=67108864) (default)
2022-02-04 12:59:43,462 [om1@group-C5BA1605619E-LeaderElection33] INFO  server.RaftServerConfigKeys (ConfUtils.java:logGet(44)) - raft.server.watch.timeout = 10s (default)
2022-02-04 12:59:43,462 [om1@group-C5BA1605619E-LeaderElection33] INFO  server.RaftServerConfigKeys (ConfUtils.java:logGet(44)) - raft.server.watch.timeout.denomination = 1s (default)
2022-02-04 12:59:43,462 [om1@group-C5BA1605619E-LeaderElection33] INFO  server.RaftServerConfigKeys (ConfUtils.java:logGet(44)) - raft.server.watch.element-limit = 65536 (default)
2022-02-04 12:59:43,462 [om1@group-C5BA1605619E-LeaderElection33] INFO  server.RaftServerConfigKeys (ConfUtils.java:logGet(44)) - raft.server.write.element-limit = 4096 (default)
2022-02-04 12:59:43,462 [om1@group-C5BA1605619E-LeaderElection33] INFO  server.RaftServerConfigKeys (ConfUtils.java:logGet(44)) - raft.server.write.follower.gap.ratio.max = -1.0 (default)
2022-02-04 12:59:43,463 [om1@group-C5BA1605619E-LeaderElection33] INFO  impl.RoleInfo (RoleInfo.java:updateAndGet(130)) - om1: start om1@group-C5BA1605619E-LeaderStateImpl
2022-02-04 12:59:43,463 [om1@group-C5BA1605619E-LeaderElection33] INFO  segmented.SegmentedRaftLogWorker (SegmentedRaftLogWorker.java:startLogSegment(394)) - om1@group-C5BA1605619E-SegmentedRaftLogWorker: Starting segment from index:0
2022-02-04 12:59:43,470 [om1@group-C5BA1605619E-LeaderElection33] INFO  server.RaftServer$Division (ServerState.java:setRaftConf(387)) - om1@group-C5BA1605619E: set configuration 0: [om1|rpc:localhost:38951|admin:|client:|dataStream:|priority:0], old=null
2022-02-04 12:59:43,474 [om1@group-C5BA1605619E-SegmentedRaftLogWorker] INFO  segmented.SegmentedRaftLogWorker (SegmentedRaftLogWorker.java:execute(601)) - om1@group-C5BA1605619E-SegmentedRaftLogWorker: created new log segment /home/runner/work/ozone/ozone/hadoop-ozone/integration-test/target/test-dir/MiniOzoneClusterImpl-782824e0-d6a6-4661-a42b-aa8966ebbd0c/ozone-meta/ratis/bf265839-605b-3f16-9796-c5ba1605619e/current/log_inprogress_0
2022-02-04 12:59:43,476 [om1@group-C5BA1605619E-StateMachineUpdater] INFO  ratis.OzoneManagerStateMachine (OzoneManagerStateMachine.java:notifyConfigurationChanged(188)) - Received Configuration change notification from Ratis. New Peer list:
[id: "om1"
address: "localhost:38951"
]
2022-02-04 12:59:44,201 [Listener at 127.0.0.1/36713] INFO  ozone.MiniOzoneClusterImpl (MiniOzoneClusterImpl.java:lambda$waitForClusterToBeReady$0(219)) - Waiting for nodes to be ready. Got 0 of 3 DN Heartbeats.
2022-02-04 12:59:44,201 [Listener at 127.0.0.1/36713] INFO  ozone.MiniOzoneClusterImpl (MiniOzoneClusterImpl.java:lambda$waitForClusterToBeReady$0(222)) - Waiting for cluster to exit safe mode
2022-02-04 12:59:44,201 [Listener at 127.0.0.1/36713] INFO  ozone.MiniOzoneClusterImpl (MiniOzoneClusterImpl.java:lambda$waitForClusterToBeReady$0(224)) - SCM became leader
2022-02-04 12:59:44,646 [Thread-974] INFO  upgrade.UpgradeFinalizer (SCMUpgradeFinalizer.java:postFinalizeUpgrade(116)) - Waiting for at least one open pipeline after SCM finalization.
2022-02-04 12:59:44,679 [EndpointStateMachine task thread for /0.0.0.0:32811 - 0 ] INFO  ozoneimpl.OzoneContainer (OzoneContainer.java:start(315)) - Attempting to start container services.
2022-02-04 12:59:44,679 [EndpointStateMachine task thread for /0.0.0.0:32811 - 0 ] INFO  ozoneimpl.OzoneContainer (OzoneContainer.java:startContainerScrub(250)) - Background container scanner has been disabled.
2022-02-04 12:59:44,680 [EndpointStateMachine task thread for /0.0.0.0:32811 - 0 ] INFO  replication.ReplicationServer (ReplicationServer.java:start(111)) - ReplicationServer is started using port 43433
2022-02-04 12:59:44,681 [EndpointStateMachine task thread for /0.0.0.0:32811 - 0 ] INFO  ratis.XceiverServerRatis (XceiverServerRatis.java:start(484)) - Starting XceiverServerRatis 20c947e9-2491-4ec2-ac6b-23c6a5282b40
2022-02-04 12:59:44,684 [EndpointStateMachine task thread for /0.0.0.0:32811 - 0 ] INFO  server.RaftServer (RaftServerProxy.java:lambda$start$5(374)) - 20c947e9-2491-4ec2-ac6b-23c6a5282b40: start RPC server
2022-02-04 12:59:44,684 [EndpointStateMachine task thread for /0.0.0.0:32811 - 0 ] INFO  server.GrpcService (GrpcService.java:startImpl(253)) - 20c947e9-2491-4ec2-ac6b-23c6a5282b40: GrpcService started, listening on 39573
2022-02-04 12:59:44,684 [EndpointStateMachine task thread for /0.0.0.0:32811 - 0 ] INFO  ratis.XceiverServerRatis (XceiverServerRatis.java:getRealPort(505)) - XceiverServerRatis 20c947e9-2491-4ec2-ac6b-23c6a5282b40 is started using port 39573 for RATIS
2022-02-04 12:59:44,684 [EndpointStateMachine task thread for /0.0.0.0:32811 - 0 ] INFO  ratis.XceiverServerRatis (XceiverServerRatis.java:getRealPort(505)) - XceiverServerRatis 20c947e9-2491-4ec2-ac6b-23c6a5282b40 is started using port 39573 for RATIS_ADMIN
2022-02-04 12:59:44,684 [EndpointStateMachine task thread for /0.0.0.0:32811 - 0 ] INFO  ratis.XceiverServerRatis (XceiverServerRatis.java:getRealPort(505)) - XceiverServerRatis 20c947e9-2491-4ec2-ac6b-23c6a5282b40 is started using port 39573 for RATIS_SERVER
2022-02-04 12:59:44,685 [org.apache.ratis.util.JvmPauseMonitor$$Lambda$545/901670684@78eef785] INFO  util.JvmPauseMonitor (JvmPauseMonitor.java:run(103)) - JvmPauseMonitor-20c947e9-2491-4ec2-ac6b-23c6a5282b40: Started
2022-02-04 12:59:44,685 [EndpointStateMachine task thread for /0.0.0.0:32811 - 0 ] INFO  server.XceiverServerGrpc (XceiverServerGrpc.java:start(180)) - XceiverServerGrpc 20c947e9-2491-4ec2-ac6b-23c6a5282b40 is started using port 39923
2022-02-04 12:59:44,995 [EndpointStateMachine task thread for /0.0.0.0:32811 - 0 ] INFO  ozoneimpl.OzoneContainer (OzoneContainer.java:start(315)) - Attempting to start container services.
2022-02-04 12:59:44,995 [EndpointStateMachine task thread for /0.0.0.0:32811 - 0 ] INFO  ozoneimpl.OzoneContainer (OzoneContainer.java:startContainerScrub(250)) - Background container scanner has been disabled.
2022-02-04 12:59:45,001 [EndpointStateMachine task thread for /0.0.0.0:32811 - 0 ] INFO  replication.ReplicationServer (ReplicationServer.java:start(111)) - ReplicationServer is started using port 38243
2022-02-04 12:59:45,003 [EndpointStateMachine task thread for /0.0.0.0:32811 - 0 ] INFO  ratis.XceiverServerRatis (XceiverServerRatis.java:start(484)) - Starting XceiverServerRatis e198e8aa-ac7e-482e-b774-3b2c159474e4
2022-02-04 12:59:45,006 [EndpointStateMachine task thread for /0.0.0.0:32811 - 0 ] INFO  server.RaftServer (RaftServerProxy.java:lambda$start$5(374)) - e198e8aa-ac7e-482e-b774-3b2c159474e4: start RPC server
2022-02-04 12:59:45,006 [EndpointStateMachine task thread for /0.0.0.0:32811 - 0 ] INFO  server.GrpcService (GrpcService.java:startImpl(253)) - e198e8aa-ac7e-482e-b774-3b2c159474e4: GrpcService started, listening on 43823
2022-02-04 12:59:45,011 [EndpointStateMachine task thread for /0.0.0.0:32811 - 0 ] INFO  ratis.XceiverServerRatis (XceiverServerRatis.java:getRealPort(505)) - XceiverServerRatis e198e8aa-ac7e-482e-b774-3b2c159474e4 is started using port 43823 for RATIS
2022-02-04 12:59:45,011 [EndpointStateMachine task thread for /0.0.0.0:32811 - 0 ] INFO  ratis.XceiverServerRatis (XceiverServerRatis.java:getRealPort(505)) - XceiverServerRatis e198e8aa-ac7e-482e-b774-3b2c159474e4 is started using port 43823 for RATIS_ADMIN
2022-02-04 12:59:45,011 [EndpointStateMachine task thread for /0.0.0.0:32811 - 0 ] INFO  ratis.XceiverServerRatis (XceiverServerRatis.java:getRealPort(505)) - XceiverServerRatis e198e8aa-ac7e-482e-b774-3b2c159474e4 is started using port 43823 for RATIS_SERVER
2022-02-04 12:59:45,012 [org.apache.ratis.util.JvmPauseMonitor$$Lambda$545/901670684@1da563f5] INFO  util.JvmPauseMonitor (JvmPauseMonitor.java:run(103)) - JvmPauseMonitor-e198e8aa-ac7e-482e-b774-3b2c159474e4: Started
2022-02-04 12:59:45,016 [EndpointStateMachine task thread for /0.0.0.0:32811 - 0 ] INFO  server.XceiverServerGrpc (XceiverServerGrpc.java:start(180)) - XceiverServerGrpc e198e8aa-ac7e-482e-b774-3b2c159474e4 is started using port 34027
2022-02-04 12:59:45,033 [Mini-Cluster-Provider-Reap] INFO  utils.BackgroundService (BackgroundService.java:shutdown(132)) - Shutting down service BlockDeletingService
2022-02-04 12:59:45,202 [Listener at 127.0.0.1/36713] INFO  ozone.MiniOzoneClusterImpl (MiniOzoneClusterImpl.java:lambda$waitForClusterToBeReady$0(219)) - Waiting for nodes to be ready. Got 0 of 3 DN Heartbeats.
2022-02-04 12:59:45,202 [Listener at 127.0.0.1/36713] INFO  ozone.MiniOzoneClusterImpl (MiniOzoneClusterImpl.java:lambda$waitForClusterToBeReady$0(222)) - Waiting for cluster to exit safe mode
2022-02-04 12:59:45,202 [Listener at 127.0.0.1/36713] INFO  ozone.MiniOzoneClusterImpl (MiniOzoneClusterImpl.java:lambda$waitForClusterToBeReady$0(224)) - SCM became leader
2022-02-04 12:59:45,233 [EndpointStateMachine task thread for /0.0.0.0:32811 - 0 ] INFO  ozoneimpl.OzoneContainer (OzoneContainer.java:start(315)) - Attempting to start container services.
2022-02-04 12:59:45,233 [EndpointStateMachine task thread for /0.0.0.0:32811 - 0 ] INFO  ozoneimpl.OzoneContainer (OzoneContainer.java:startContainerScrub(250)) - Background container scanner has been disabled.
2022-02-04 12:59:45,234 [EndpointStateMachine task thread for /0.0.0.0:32811 - 0 ] INFO  replication.ReplicationServer (ReplicationServer.java:start(111)) - ReplicationServer is started using port 38171
2022-02-04 12:59:45,236 [EndpointStateMachine task thread for /0.0.0.0:32811 - 0 ] INFO  ratis.XceiverServerRatis (XceiverServerRatis.java:start(484)) - Starting XceiverServerRatis 0f498a75-cc04-4524-9ea4-078af0041db3
2022-02-04 12:59:45,246 [EndpointStateMachine task thread for /0.0.0.0:32811 - 0 ] INFO  server.RaftServer (RaftServerProxy.java:lambda$start$5(374)) - 0f498a75-cc04-4524-9ea4-078af0041db3: start RPC server
2022-02-04 12:59:45,246 [EndpointStateMachine task thread for /0.0.0.0:32811 - 0 ] INFO  server.GrpcService (GrpcService.java:startImpl(253)) - 0f498a75-cc04-4524-9ea4-078af0041db3: GrpcService started, listening on 39849
2022-02-04 12:59:45,247 [EndpointStateMachine task thread for /0.0.0.0:32811 - 0 ] INFO  ratis.XceiverServerRatis (XceiverServerRatis.java:getRealPort(505)) - XceiverServerRatis 0f498a75-cc04-4524-9ea4-078af0041db3 is started using port 39849 for RATIS
2022-02-04 12:59:45,247 [EndpointStateMachine task thread for /0.0.0.0:32811 - 0 ] INFO  ratis.XceiverServerRatis (XceiverServerRatis.java:getRealPort(505)) - XceiverServerRatis 0f498a75-cc04-4524-9ea4-078af0041db3 is started using port 39849 for RATIS_ADMIN
2022-02-04 12:59:45,247 [EndpointStateMachine task thread for /0.0.0.0:32811 - 0 ] INFO  ratis.XceiverServerRatis (XceiverServerRatis.java:getRealPort(505)) - XceiverServerRatis 0f498a75-cc04-4524-9ea4-078af0041db3 is started using port 39849 for RATIS_SERVER
2022-02-04 12:59:45,247 [org.apache.ratis.util.JvmPauseMonitor$$Lambda$545/901670684@406070ec] INFO  util.JvmPauseMonitor (JvmPauseMonitor.java:run(103)) - JvmPauseMonitor-0f498a75-cc04-4524-9ea4-078af0041db3: Started
2022-02-04 12:59:45,256 [EndpointStateMachine task thread for /0.0.0.0:32811 - 0 ] INFO  server.XceiverServerGrpc (XceiverServerGrpc.java:start(180)) - XceiverServerGrpc 0f498a75-cc04-4524-9ea4-078af0041db3 is started using port 35635
2022-02-04 12:59:46,202 [Listener at 127.0.0.1/36713] INFO  ozone.MiniOzoneClusterImpl (MiniOzoneClusterImpl.java:lambda$waitForClusterToBeReady$0(219)) - Waiting for nodes to be ready. Got 0 of 3 DN Heartbeats.
2022-02-04 12:59:46,202 [Listener at 127.0.0.1/36713] INFO  ozone.MiniOzoneClusterImpl (MiniOzoneClusterImpl.java:lambda$waitForClusterToBeReady$0(222)) - Waiting for cluster to exit safe mode
2022-02-04 12:59:46,202 [Listener at 127.0.0.1/36713] INFO  ozone.MiniOzoneClusterImpl (MiniOzoneClusterImpl.java:lambda$waitForClusterToBeReady$0(224)) - SCM became leader
2022-02-04 12:59:46,654 [IPC Server handler 2 on default port 32811] INFO  net.NetworkTopologyImpl (NetworkTopologyImpl.java:add(112)) - Added a new node: /default-rack/20c947e9-2491-4ec2-ac6b-23c6a5282b40
2022-02-04 12:59:46,654 [IPC Server handler 2 on default port 32811] INFO  node.SCMNodeManager (SCMNodeManager.java:register(389)) - Registered Data node : 20c947e9-2491-4ec2-ac6b-23c6a5282b40{ip: 10.1.0.52, host: fv-az116-891.vzw04321ajxubdbcnpick5nqva.xx.internal.cloudapp.net, ports: [REPLICATION=43433, RATIS=39573, RATIS_ADMIN=39573, RATIS_SERVER=39573, STANDALONE=39923], networkLocation: /default-rack, certSerialId: null, persistedOpState: null, persistedOpStateExpiryEpochSec: 0}
2022-02-04 12:59:46,657 [EventQueue-NodeRegistrationContainerReportForDataNodeSafeModeRule] INFO  safemode.SCMSafeModeManager (DataNodeSafeModeRule.java:process(71)) - SCM in safe mode. 1 DataNodes registered, 3 required.
2022-02-04 12:59:46,658 [EventQueue-NodeRegistrationContainerReportForContainerSafeModeRule] INFO  safemode.SCMSafeModeManager (SCMSafeModeManager.java:validateSafeModeExitRules(204)) - ContainerSafeModeRule rule is successfully validated
2022-02-04 12:59:46,662 [EventQueue-NewNodeForNewNodeHandler] INFO  pipeline.BackgroundPipelineCreator (BackgroundPipelineCreator.java:notifyEventTriggered(285)) - trigger a one-shot run on RatisPipelineUtilsThread.
2022-02-04 12:59:46,662 [EventQueue-PipelineReportForOneReplicaPipelineSafeModeRule] INFO  safemode.SCMSafeModeManager (SCMSafeModeManager.java:validateSafeModeExitRules(204)) - AtleastOneDatanodeReportedRule rule is successfully validated
2022-02-04 12:59:46,662 [RatisPipelineUtilsThread - 0] INFO  pipeline.RatisPipelineProvider (RatisPipelineProvider.java:lambda$create$0(183)) - Sending CreatePipelineCommand for pipeline:PipelineID=985cf42f-20eb-4fa8-a45b-3e41619bfc42 to datanode:20c947e9-2491-4ec2-ac6b-23c6a5282b40
2022-02-04 12:59:46,668 [RatisPipelineUtilsThread - 0] INFO  pipeline.PipelineStateManagerImpl (PipelineStateManagerImpl.java:addPipeline(101)) - Created pipeline Pipeline[ Id: 985cf42f-20eb-4fa8-a45b-3e41619bfc42, Nodes: 20c947e9-2491-4ec2-ac6b-23c6a5282b40{ip: 10.1.0.52, host: fv-az116-891.vzw04321ajxubdbcnpick5nqva.xx.internal.cloudapp.net, ports: [REPLICATION=43433, RATIS=39573, RATIS_ADMIN=39573, RATIS_SERVER=39573, STANDALONE=39923], networkLocation: /default-rack, certSerialId: null, persistedOpState: IN_SERVICE, persistedOpStateExpiryEpochSec: 0}, ReplicationConfig: RATIS/ONE, State:ALLOCATED, leaderId:, CreationTimestamp2022-02-04T12:59:46.662Z[Etc/UTC]].
2022-02-04 12:59:46,963 [IPC Server handler 0 on default port 32811] INFO  net.NetworkTopologyImpl (NetworkTopologyImpl.java:add(112)) - Added a new node: /default-rack/e198e8aa-ac7e-482e-b774-3b2c159474e4
2022-02-04 12:59:46,963 [IPC Server handler 0 on default port 32811] INFO  node.SCMNodeManager (SCMNodeManager.java:register(389)) - Registered Data node : e198e8aa-ac7e-482e-b774-3b2c159474e4{ip: 10.1.0.52, host: fv-az116-891.vzw04321ajxubdbcnpick5nqva.xx.internal.cloudapp.net, ports: [REPLICATION=38243, RATIS=43823, RATIS_ADMIN=43823, RATIS_SERVER=43823, STANDALONE=34027], networkLocation: /default-rack, certSerialId: null, persistedOpState: null, persistedOpStateExpiryEpochSec: 0}
2022-02-04 12:59:46,963 [EventQueue-NewNodeForNewNodeHandler] INFO  pipeline.BackgroundPipelineCreator (BackgroundPipelineCreator.java:notifyEventTriggered(285)) - trigger a one-shot run on RatisPipelineUtilsThread.
2022-02-04 12:59:46,965 [EventQueue-NodeRegistrationContainerReportForDataNodeSafeModeRule] INFO  safemode.SCMSafeModeManager (DataNodeSafeModeRule.java:process(71)) - SCM in safe mode. 2 DataNodes registered, 3 required.
2022-02-04 12:59:46,969 [RatisPipelineUtilsThread - 0] INFO  pipeline.RatisPipelineProvider (RatisPipelineProvider.java:lambda$create$0(183)) - Sending CreatePipelineCommand for pipeline:PipelineID=7a224167-ef4b-4a7a-a6cb-d12e2b386b4d to datanode:e198e8aa-ac7e-482e-b774-3b2c159474e4
2022-02-04 12:59:46,970 [RatisPipelineUtilsThread - 0] INFO  pipeline.PipelineStateManagerImpl (PipelineStateManagerImpl.java:addPipeline(101)) - Created pipeline Pipeline[ Id: 7a224167-ef4b-4a7a-a6cb-d12e2b386b4d, Nodes: e198e8aa-ac7e-482e-b774-3b2c159474e4{ip: 10.1.0.52, host: fv-az116-891.vzw04321ajxubdbcnpick5nqva.xx.internal.cloudapp.net, ports: [REPLICATION=38243, RATIS=43823, RATIS_ADMIN=43823, RATIS_SERVER=43823, STANDALONE=34027], networkLocation: /default-rack, certSerialId: null, persistedOpState: IN_SERVICE, persistedOpStateExpiryEpochSec: 0}, ReplicationConfig: RATIS/ONE, State:ALLOCATED, leaderId:, CreationTimestamp2022-02-04T12:59:46.969Z[Etc/UTC]].
2022-02-04 12:59:47,202 [Listener at 127.0.0.1/36713] INFO  ozone.MiniOzoneClusterImpl (MiniOzoneClusterImpl.java:lambda$waitForClusterToBeReady$0(219)) - Waiting for nodes to be ready. Got 2 of 3 DN Heartbeats.
2022-02-04 12:59:47,203 [Listener at 127.0.0.1/36713] INFO  ozone.MiniOzoneClusterImpl (MiniOzoneClusterImpl.java:lambda$waitForClusterToBeReady$0(222)) - Waiting for cluster to exit safe mode
2022-02-04 12:59:47,203 [Listener at 127.0.0.1/36713] INFO  ozone.MiniOzoneClusterImpl (MiniOzoneClusterImpl.java:lambda$waitForClusterToBeReady$0(224)) - SCM became leader
2022-02-04 12:59:47,217 [IPC Server handler 1 on default port 32811] INFO  net.NetworkTopologyImpl (NetworkTopologyImpl.java:add(112)) - Added a new node: /default-rack/0f498a75-cc04-4524-9ea4-078af0041db3
2022-02-04 12:59:47,218 [IPC Server handler 1 on default port 32811] INFO  node.SCMNodeManager (SCMNodeManager.java:register(389)) - Registered Data node : 0f498a75-cc04-4524-9ea4-078af0041db3{ip: 10.1.0.52, host: fv-az116-891.vzw04321ajxubdbcnpick5nqva.xx.internal.cloudapp.net, ports: [REPLICATION=38171, RATIS=39849, RATIS_ADMIN=39849, RATIS_SERVER=39849, STANDALONE=35635], networkLocation: /default-rack, certSerialId: null, persistedOpState: null, persistedOpStateExpiryEpochSec: 0}
2022-02-04 12:59:47,218 [EventQueue-NewNodeForNewNodeHandler] INFO  pipeline.BackgroundPipelineCreator (BackgroundPipelineCreator.java:notifyEventTriggered(285)) - trigger a one-shot run on RatisPipelineUtilsThread.
2022-02-04 12:59:47,220 [EventQueue-NodeRegistrationContainerReportForDataNodeSafeModeRule] INFO  safemode.SCMSafeModeManager (DataNodeSafeModeRule.java:process(71)) - SCM in safe mode. 3 DataNodes registered, 3 required.
2022-02-04 12:59:47,221 [EventQueue-NodeRegistrationContainerReportForDataNodeSafeModeRule] INFO  safemode.SCMSafeModeManager (SCMSafeModeManager.java:validateSafeModeExitRules(204)) - DataNodeSafeModeRule rule is successfully validated
2022-02-04 12:59:47,221 [EventQueue-NodeRegistrationContainerReportForDataNodeSafeModeRule] INFO  safemode.SCMSafeModeManager (SCMSafeModeManager.java:completePreCheck(233)) - All SCM safe mode pre check rules have passed
2022-02-04 12:59:47,222 [EventQueue-NodeRegistrationContainerReportForDataNodeSafeModeRule] WARN  events.EventQueue (EventQueue.java:fireEvent(194)) - No event handler registered for event TypedEvent{payloadType=SafeModeStatus, name='Safe mode status'}
2022-02-04 12:59:47,222 [EventQueue-NodeRegistrationContainerReportForDataNodeSafeModeRule] INFO  ha.SCMContext (SCMContext.java:updateSafeModeStatus(211)) - Update SafeModeStatus from SafeModeStatus{safeModeStatus=true, preCheckPassed=false} to SafeModeStatus{safeModeStatus=true, preCheckPassed=true}.
2022-02-04 12:59:47,222 [EventQueue-NodeRegistrationContainerReportForDataNodeSafeModeRule] INFO  pipeline.BackgroundPipelineCreator (BackgroundPipelineCreator.java:notifyEventTriggered(285)) - trigger a one-shot run on RatisPipelineUtilsThread.
2022-02-04 12:59:47,221 [RatisPipelineUtilsThread - 0] INFO  pipeline.RatisPipelineProvider (RatisPipelineProvider.java:lambda$create$0(183)) - Sending CreatePipelineCommand for pipeline:PipelineID=2d47c9d0-b22f-4fef-9701-bcb729c2b436 to datanode:0f498a75-cc04-4524-9ea4-078af0041db3
2022-02-04 12:59:47,222 [RatisPipelineUtilsThread - 0] INFO  pipeline.PipelineStateManagerImpl (PipelineStateManagerImpl.java:addPipeline(101)) - Created pipeline Pipeline[ Id: 2d47c9d0-b22f-4fef-9701-bcb729c2b436, Nodes: 0f498a75-cc04-4524-9ea4-078af0041db3{ip: 10.1.0.52, host: fv-az116-891.vzw04321ajxubdbcnpick5nqva.xx.internal.cloudapp.net, ports: [REPLICATION=38171, RATIS=39849, RATIS_ADMIN=39849, RATIS_SERVER=39849, STANDALONE=35635], networkLocation: /default-rack, certSerialId: null, persistedOpState: IN_SERVICE, persistedOpStateExpiryEpochSec: 0}, ReplicationConfig: RATIS/ONE, State:ALLOCATED, leaderId:, CreationTimestamp2022-02-04T12:59:47.221Z[Etc/UTC]].
2022-02-04 12:59:47,223 [RatisPipelineUtilsThread - 0] INFO  pipeline.RatisPipelineProvider (RatisPipelineProvider.java:lambda$create$0(183)) - Sending CreatePipelineCommand for pipeline:PipelineID=443ee736-5b15-423d-a2f2-f359d992425a to datanode:e198e8aa-ac7e-482e-b774-3b2c159474e4
2022-02-04 12:59:47,223 [RatisPipelineUtilsThread - 0] INFO  pipeline.RatisPipelineProvider (RatisPipelineProvider.java:lambda$create$0(183)) - Sending CreatePipelineCommand for pipeline:PipelineID=443ee736-5b15-423d-a2f2-f359d992425a to datanode:20c947e9-2491-4ec2-ac6b-23c6a5282b40
2022-02-04 12:59:47,223 [RatisPipelineUtilsThread - 0] INFO  pipeline.RatisPipelineProvider (RatisPipelineProvider.java:lambda$create$0(183)) - Sending CreatePipelineCommand for pipeline:PipelineID=443ee736-5b15-423d-a2f2-f359d992425a to datanode:0f498a75-cc04-4524-9ea4-078af0041db3
2022-02-04 12:59:47,223 [RatisPipelineUtilsThread - 0] INFO  pipeline.PipelineStateManagerImpl (PipelineStateManagerImpl.java:addPipeline(101)) - Created pipeline Pipeline[ Id: 443ee736-5b15-423d-a2f2-f359d992425a, Nodes: e198e8aa-ac7e-482e-b774-3b2c159474e4{ip: 10.1.0.52, host: fv-az116-891.vzw04321ajxubdbcnpick5nqva.xx.internal.cloudapp.net, ports: [REPLICATION=38243, RATIS=43823, RATIS_ADMIN=43823, RATIS_SERVER=43823, STANDALONE=34027], networkLocation: /default-rack, certSerialId: null, persistedOpState: IN_SERVICE, persistedOpStateExpiryEpochSec: 0}20c947e9-2491-4ec2-ac6b-23c6a5282b40{ip: 10.1.0.52, host: fv-az116-891.vzw04321ajxubdbcnpick5nqva.xx.internal.cloudapp.net, ports: [REPLICATION=43433, RATIS=39573, RATIS_ADMIN=39573, RATIS_SERVER=39573, STANDALONE=39923], networkLocation: /default-rack, certSerialId: null, persistedOpState: IN_SERVICE, persistedOpStateExpiryEpochSec: 0}0f498a75-cc04-4524-9ea4-078af0041db3{ip: 10.1.0.52, host: fv-az116-891.vzw04321ajxubdbcnpick5nqva.xx.internal.cloudapp.net, ports: [REPLICATION=38171, RATIS=39849, RATIS_ADMIN=39849, RATIS_SERVER=39849, STANDALONE=35635], networkLocation: /default-rack, certSerialId: null, persistedOpState: IN_SERVICE, persistedOpStateExpiryEpochSec: 0}, ReplicationConfig: RATIS/THREE, State:ALLOCATED, leaderId:, CreationTimestamp2022-02-04T12:59:47.223Z[Etc/UTC]].
2022-02-04 12:59:47,267 [4dd803c0-ea86-48ec-b5c9-2601c1b23b4d@group-E81F2E06515F-FollowerState] INFO  impl.FollowerState (FollowerState.java:run(134)) - 4dd803c0-ea86-48ec-b5c9-2601c1b23b4d@group-E81F2E06515F-FollowerState: change to CANDIDATE, lastRpcElapsedTime:5147853446ns, electionTimeout:5143ms
2022-02-04 12:59:47,268 [4dd803c0-ea86-48ec-b5c9-2601c1b23b4d@group-E81F2E06515F-FollowerState] INFO  impl.RoleInfo (RoleInfo.java:shutdownFollowerState(108)) - 4dd803c0-ea86-48ec-b5c9-2601c1b23b4d: shutdown 4dd803c0-ea86-48ec-b5c9-2601c1b23b4d@group-E81F2E06515F-FollowerState
2022-02-04 12:59:47,268 [4dd803c0-ea86-48ec-b5c9-2601c1b23b4d@group-E81F2E06515F-FollowerState] INFO  server.RaftServer$Division (RaftServerImpl.java:setRole(290)) - 4dd803c0-ea86-48ec-b5c9-2601c1b23b4d@group-E81F2E06515F: changes role from  FOLLOWER to CANDIDATE at term 0 for changeToCandidate
2022-02-04 12:59:47,268 [4dd803c0-ea86-48ec-b5c9-2601c1b23b4d@group-E81F2E06515F-FollowerState] INFO  server.RaftServerConfigKeys (ConfUtils.java:logGet(44)) - raft.server.leaderelection.pre-vote = false (custom)
2022-02-04 12:59:47,268 [4dd803c0-ea86-48ec-b5c9-2601c1b23b4d@group-E81F2E06515F-FollowerState] INFO  impl.RoleInfo (RoleInfo.java:updateAndGet(130)) - 4dd803c0-ea86-48ec-b5c9-2601c1b23b4d: start 4dd803c0-ea86-48ec-b5c9-2601c1b23b4d@group-E81F2E06515F-LeaderElection34
2022-02-04 12:59:47,286 [4dd803c0-ea86-48ec-b5c9-2601c1b23b4d@group-E81F2E06515F-LeaderElection34] INFO  impl.LeaderElection (LeaderElection.java:askForVotes(306)) - 4dd803c0-ea86-48ec-b5c9-2601c1b23b4d@group-E81F2E06515F-LeaderElection34 ELECTION round 0: submit vote requests at term 1 for -1: [4dd803c0-ea86-48ec-b5c9-2601c1b23b4d|rpc:10.1.0.52:34153|priority:1], old=null
2022-02-04 12:59:47,286 [4dd803c0-ea86-48ec-b5c9-2601c1b23b4d@group-E81F2E06515F-LeaderElection34] INFO  impl.LeaderElection (LeaderElection.java:askForVotes(308)) - 4dd803c0-ea86-48ec-b5c9-2601c1b23b4d@group-E81F2E06515F-LeaderElection34 ELECTION round 0: result PASSED (term=1)
2022-02-04 12:59:47,286 [4dd803c0-ea86-48ec-b5c9-2601c1b23b4d@group-E81F2E06515F-LeaderElection34] INFO  impl.RoleInfo (RoleInfo.java:shutdownLeaderElection(121)) - 4dd803c0-ea86-48ec-b5c9-2601c1b23b4d: shutdown 4dd803c0-ea86-48ec-b5c9-2601c1b23b4d@group-E81F2E06515F-LeaderElection34
2022-02-04 12:59:47,286 [4dd803c0-ea86-48ec-b5c9-2601c1b23b4d@group-E81F2E06515F-LeaderElection34] INFO  server.RaftServer$Division (RaftServerImpl.java:setRole(290)) - 4dd803c0-ea86-48ec-b5c9-2601c1b23b4d@group-E81F2E06515F: changes role from CANDIDATE to LEADER at term 1 for changeToLeader
2022-02-04 12:59:47,286 [4dd803c0-ea86-48ec-b5c9-2601c1b23b4d@group-E81F2E06515F-LeaderElection34] INFO  ratis.XceiverServerRatis (XceiverServerRatis.java:handleLeaderChangedNotification(866)) - Leader change notification received for group: group-E81F2E06515F with new leaderId: 4dd803c0-ea86-48ec-b5c9-2601c1b23b4d
2022-02-04 12:59:47,287 [4dd803c0-ea86-48ec-b5c9-2601c1b23b4d@group-E81F2E06515F-LeaderElection34] INFO  server.RaftServer$Division (ServerState.java:setLeader(285)) - 4dd803c0-ea86-48ec-b5c9-2601c1b23b4d@group-E81F2E06515F: change Leader from null to 4dd803c0-ea86-48ec-b5c9-2601c1b23b4d at term 1 for becomeLeader, leader elected after 5186ms
2022-02-04 12:59:47,287 [4dd803c0-ea86-48ec-b5c9-2601c1b23b4d@group-E81F2E06515F-LeaderElection34] INFO  server.RaftServerConfigKeys (ConfUtils.java:logGet(44)) - raft.server.staging.catchup.gap = 1000 (default)
2022-02-04 12:59:47,289 [4dd803c0-ea86-48ec-b5c9-2601c1b23b4d@group-E81F2E06515F-LeaderElection34] INFO  server.RaftServerConfigKeys (ConfUtils.java:logGet(44)) - raft.server.write.element-limit = 1024 (custom)
2022-02-04 12:59:47,289 [4dd803c0-ea86-48ec-b5c9-2601c1b23b4d@group-E81F2E06515F-LeaderElection34] INFO  server.RaftServerConfigKeys (ConfUtils.java:logGet(44)) - raft.server.write.byte-limit = 1024 M (=1073741824) (custom)
2022-02-04 12:59:47,291 [4dd803c0-ea86-48ec-b5c9-2601c1b23b4d@group-E81F2E06515F-LeaderElection34] INFO  server.RaftServerConfigKeys (ConfUtils.java:logGet(44)) - raft.server.watch.timeout = 180s (custom)
2022-02-04 12:59:47,291 [4dd803c0-ea86-48ec-b5c9-2601c1b23b4d@group-E81F2E06515F-LeaderElection34] INFO  server.RaftServerConfigKeys (ConfUtils.java:logGet(44)) - raft.server.watch.timeout.denomination = 1s (default)
2022-02-04 12:59:47,291 [4dd803c0-ea86-48ec-b5c9-2601c1b23b4d@group-E81F2E06515F-LeaderElection34] INFO  server.RaftServerConfigKeys (ConfUtils.java:logGet(44)) - raft.server.watch.element-limit = 65536 (default)
2022-02-04 12:59:47,291 [4dd803c0-ea86-48ec-b5c9-2601c1b23b4d@group-E81F2E06515F-LeaderElection34] INFO  server.RaftServerConfigKeys (ConfUtils.java:logGet(44)) - raft.server.write.element-limit = 1024 (custom)
2022-02-04 12:59:47,291 [4dd803c0-ea86-48ec-b5c9-2601c1b23b4d@group-E81F2E06515F-LeaderElection34] INFO  server.RaftServerConfigKeys (ConfUtils.java:logGet(44)) - raft.server.write.follower.gap.ratio.max = -1.0 (default)
2022-02-04 12:59:47,291 [4dd803c0-ea86-48ec-b5c9-2601c1b23b4d@group-E81F2E06515F-LeaderElection34] INFO  impl.RoleInfo (RoleInfo.java:updateAndGet(130)) - 4dd803c0-ea86-48ec-b5c9-2601c1b23b4d: start 4dd803c0-ea86-48ec-b5c9-2601c1b23b4d@group-E81F2E06515F-LeaderStateImpl
2022-02-04 12:59:47,292 [4dd803c0-ea86-48ec-b5c9-2601c1b23b4d@group-E81F2E06515F-LeaderElection34] INFO  segmented.SegmentedRaftLogWorker (SegmentedRaftLogWorker.java:startLogSegment(394)) - 4dd803c0-ea86-48ec-b5c9-2601c1b23b4d@group-E81F2E06515F-SegmentedRaftLogWorker: Starting segment from index:0
2022-02-04 12:59:47,295 [4dd803c0-ea86-48ec-b5c9-2601c1b23b4d@group-E81F2E06515F-SegmentedRaftLogWorker] INFO  segmented.SegmentedRaftLogWorker (SegmentedRaftLogWorker.java:execute(601)) - 4dd803c0-ea86-48ec-b5c9-2601c1b23b4d@group-E81F2E06515F-SegmentedRaftLogWorker: created new log segment /home/runner/work/ozone/ozone/hadoop-ozone/integration-test/target/test-dir/MiniOzoneClusterImpl-5b939f7d-2090-4c2b-bba9-fa55352059d6/datanode-2/data/ratis/26f0ad9f-a0dc-437f-818c-e81f2e06515f/current/log_inprogress_0
2022-02-04 12:59:47,295 [4dd803c0-ea86-48ec-b5c9-2601c1b23b4d@group-E81F2E06515F-LeaderElection34] INFO  server.RaftServer$Division (ServerState.java:setRaftConf(387)) - 4dd803c0-ea86-48ec-b5c9-2601c1b23b4d@group-E81F2E06515F: set configuration 0: [4dd803c0-ea86-48ec-b5c9-2601c1b23b4d|rpc:10.1.0.52:34153|dataStream:|priority:1], old=null
2022-02-04 12:59:47,319 [4dd803c0-ea86-48ec-b5c9-2601c1b23b4d@group-A8606B43266C-FollowerState] INFO  impl.FollowerState (FollowerState.java:run(134)) - 4dd803c0-ea86-48ec-b5c9-2601c1b23b4d@group-A8606B43266C-FollowerState: change to CANDIDATE, lastRpcElapsedTime:5131989151ns, electionTimeout:5113ms
2022-02-04 12:59:47,319 [4dd803c0-ea86-48ec-b5c9-2601c1b23b4d@group-A8606B43266C-FollowerState] INFO  impl.RoleInfo (RoleInfo.java:shutdownFollowerState(108)) - 4dd803c0-ea86-48ec-b5c9-2601c1b23b4d: shutdown 4dd803c0-ea86-48ec-b5c9-2601c1b23b4d@group-A8606B43266C-FollowerState
2022-02-04 12:59:47,319 [4dd803c0-ea86-48ec-b5c9-2601c1b23b4d@group-A8606B43266C-FollowerState] INFO  server.RaftServer$Division (RaftServerImpl.java:setRole(290)) - 4dd803c0-ea86-48ec-b5c9-2601c1b23b4d@group-A8606B43266C: changes role from  FOLLOWER to CANDIDATE at term 0 for changeToCandidate
2022-02-04 12:59:47,319 [4dd803c0-ea86-48ec-b5c9-2601c1b23b4d@group-A8606B43266C-FollowerState] INFO  server.RaftServerConfigKeys (ConfUtils.java:logGet(44)) - raft.server.leaderelection.pre-vote = false (custom)
2022-02-04 12:59:47,319 [4dd803c0-ea86-48ec-b5c9-2601c1b23b4d@group-A8606B43266C-FollowerState] INFO  impl.RoleInfo (RoleInfo.java:updateAndGet(130)) - 4dd803c0-ea86-48ec-b5c9-2601c1b23b4d: start 4dd803c0-ea86-48ec-b5c9-2601c1b23b4d@group-A8606B43266C-LeaderElection35
2022-02-04 12:59:47,323 [99ec0913-bcd1-4774-8e53-643ce8734cf6@group-878E865CC184-FollowerState] INFO  impl.FollowerState (FollowerState.java:run(134)) - 99ec0913-bcd1-4774-8e53-643ce8734cf6@group-878E865CC184-FollowerState: change to CANDIDATE, lastRpcElapsedTime:5047994779ns, electionTimeout:5044ms
2022-02-04 12:59:47,324 [99ec0913-bcd1-4774-8e53-643ce8734cf6@group-878E865CC184-FollowerState] INFO  impl.RoleInfo (RoleInfo.java:shutdownFollowerState(108)) - 99ec0913-bcd1-4774-8e53-643ce8734cf6: shutdown 99ec0913-bcd1-4774-8e53-643ce8734cf6@group-878E865CC184-FollowerState
2022-02-04 12:59:47,324 [99ec0913-bcd1-4774-8e53-643ce8734cf6@group-878E865CC184-FollowerState] INFO  server.RaftServer$Division (RaftServerImpl.java:setRole(290)) - 99ec0913-bcd1-4774-8e53-643ce8734cf6@group-878E865CC184: changes role from  FOLLOWER to CANDIDATE at term 0 for changeToCandidate
2022-02-04 12:59:47,324 [99ec0913-bcd1-4774-8e53-643ce8734cf6@group-878E865CC184-FollowerState] INFO  server.RaftServerConfigKeys (ConfUtils.java:logGet(44)) - raft.server.leaderelection.pre-vote = false (custom)
2022-02-04 12:59:47,324 [99ec0913-bcd1-4774-8e53-643ce8734cf6@group-878E865CC184-FollowerState] INFO  impl.RoleInfo (RoleInfo.java:updateAndGet(130)) - 99ec0913-bcd1-4774-8e53-643ce8734cf6: start 99ec0913-bcd1-4774-8e53-643ce8734cf6@group-878E865CC184-LeaderElection36
2022-02-04 12:59:47,332 [4dd803c0-ea86-48ec-b5c9-2601c1b23b4d@group-A8606B43266C-LeaderElection35] INFO  impl.LeaderElection (LeaderElection.java:askForVotes(306)) - 4dd803c0-ea86-48ec-b5c9-2601c1b23b4d@group-A8606B43266C-LeaderElection35 ELECTION round 0: submit vote requests at term 1 for -1: [99ec0913-bcd1-4774-8e53-643ce8734cf6|rpc:10.1.0.52:38161|priority:1, 4dd803c0-ea86-48ec-b5c9-2601c1b23b4d|rpc:10.1.0.52:34153|priority:0, cd33ab12-5c76-4090-ae9e-f8dc2a96321d|rpc:10.1.0.52:40103|priority:0], old=null
2022-02-04 12:59:47,344 [99ec0913-bcd1-4774-8e53-643ce8734cf6@group-878E865CC184-LeaderElection36] INFO  impl.LeaderElection (LeaderElection.java:askForVotes(306)) - 99ec0913-bcd1-4774-8e53-643ce8734cf6@group-878E865CC184-LeaderElection36 ELECTION round 0: submit vote requests at term 1 for -1: [99ec0913-bcd1-4774-8e53-643ce8734cf6|rpc:10.1.0.52:38161|priority:1], old=null
2022-02-04 12:59:47,344 [99ec0913-bcd1-4774-8e53-643ce8734cf6@group-878E865CC184-LeaderElection36] INFO  impl.LeaderElection (LeaderElection.java:askForVotes(308)) - 99ec0913-bcd1-4774-8e53-643ce8734cf6@group-878E865CC184-LeaderElection36 ELECTION round 0: result PASSED (term=1)
2022-02-04 12:59:47,344 [99ec0913-bcd1-4774-8e53-643ce8734cf6@group-878E865CC184-LeaderElection36] INFO  impl.RoleInfo (RoleInfo.java:shutdownLeaderElection(121)) - 99ec0913-bcd1-4774-8e53-643ce8734cf6: shutdown 99ec0913-bcd1-4774-8e53-643ce8734cf6@group-878E865CC184-LeaderElection36
2022-02-04 12:59:47,344 [99ec0913-bcd1-4774-8e53-643ce8734cf6@group-878E865CC184-LeaderElection36] INFO  server.RaftServer$Division (RaftServerImpl.java:setRole(290)) - 99ec0913-bcd1-4774-8e53-643ce8734cf6@group-878E865CC184: changes role from CANDIDATE to LEADER at term 1 for changeToLeader
2022-02-04 12:59:47,344 [99ec0913-bcd1-4774-8e53-643ce8734cf6@group-878E865CC184-LeaderElection36] INFO  ratis.XceiverServerRatis (XceiverServerRatis.java:handleLeaderChangedNotification(866)) - Leader change notification received for group: group-878E865CC184 with new leaderId: 99ec0913-bcd1-4774-8e53-643ce8734cf6
2022-02-04 12:59:47,344 [99ec0913-bcd1-4774-8e53-643ce8734cf6@group-878E865CC184-LeaderElection36] INFO  server.RaftServer$Division (ServerState.java:setLeader(285)) - 99ec0913-bcd1-4774-8e53-643ce8734cf6@group-878E865CC184: change Leader from null to 99ec0913-bcd1-4774-8e53-643ce8734cf6 at term 1 for becomeLeader, leader elected after 5076ms
2022-02-04 12:59:47,344 [99ec0913-bcd1-4774-8e53-643ce8734cf6@group-878E865CC184-LeaderElection36] INFO  server.RaftServerConfigKeys (ConfUtils.java:logGet(44)) - raft.server.staging.catchup.gap = 1000 (default)
2022-02-04 12:59:47,345 [99ec0913-bcd1-4774-8e53-643ce8734cf6@group-878E865CC184-LeaderElection36] INFO  server.RaftServerConfigKeys (ConfUtils.java:logGet(44)) - raft.server.write.element-limit = 1024 (custom)
2022-02-04 12:59:47,345 [99ec0913-bcd1-4774-8e53-643ce8734cf6@group-878E865CC184-LeaderElection36] INFO  server.RaftServerConfigKeys (ConfUtils.java:logGet(44)) - raft.server.write.byte-limit = 1024 M (=1073741824) (custom)
2022-02-04 12:59:47,345 [99ec0913-bcd1-4774-8e53-643ce8734cf6@group-878E865CC184-LeaderElection36] INFO  server.RaftServerConfigKeys (ConfUtils.java:logGet(44)) - raft.server.watch.timeout = 180s (custom)
2022-02-04 12:59:47,345 [99ec0913-bcd1-4774-8e53-643ce8734cf6@group-878E865CC184-LeaderElection36] INFO  server.RaftServerConfigKeys (ConfUtils.java:logGet(44)) - raft.server.watch.timeout.denomination = 1s (default)
2022-02-04 12:59:47,345 [99ec0913-bcd1-4774-8e53-643ce8734cf6@group-878E865CC184-LeaderElection36] INFO  server.RaftServerConfigKeys (ConfUtils.java:logGet(44)) - raft.server.watch.element-limit = 65536 (default)
2022-02-04 12:59:47,345 [99ec0913-bcd1-4774-8e53-643ce8734cf6@group-878E865CC184-LeaderElection36] INFO  server.RaftServerConfigKeys (ConfUtils.java:logGet(44)) - raft.server.write.element-limit = 1024 (custom)
2022-02-04 12:59:47,345 [99ec0913-bcd1-4774-8e53-643ce8734cf6@group-878E865CC184-LeaderElection36] INFO  server.RaftServerConfigKeys (ConfUtils.java:logGet(44)) - raft.server.write.follower.gap.ratio.max = -1.0 (default)
2022-02-04 12:59:47,346 [99ec0913-bcd1-4774-8e53-643ce8734cf6@group-878E865CC184-LeaderElection36] INFO  impl.RoleInfo (RoleInfo.java:updateAndGet(130)) - 99ec0913-bcd1-4774-8e53-643ce8734cf6: start 99ec0913-bcd1-4774-8e53-643ce8734cf6@group-878E865CC184-LeaderStateImpl
2022-02-04 12:59:47,346 [99ec0913-bcd1-4774-8e53-643ce8734cf6@group-878E865CC184-LeaderElection36] INFO  segmented.SegmentedRaftLogWorker (SegmentedRaftLogWorker.java:startLogSegment(394)) - 99ec0913-bcd1-4774-8e53-643ce8734cf6@group-878E865CC184-SegmentedRaftLogWorker: Starting segment from index:0
2022-02-04 12:59:47,348 [99ec0913-bcd1-4774-8e53-643ce8734cf6@group-878E865CC184-SegmentedRaftLogWorker] INFO  segmented.SegmentedRaftLogWorker (SegmentedRaftLogWorker.java:execute(601)) - 99ec0913-bcd1-4774-8e53-643ce8734cf6@group-878E865CC184-SegmentedRaftLogWorker: created new log segment /home/runner/work/ozone/ozone/hadoop-ozone/integration-test/target/test-dir/MiniOzoneClusterImpl-5b939f7d-2090-4c2b-bba9-fa55352059d6/datanode-0/data/ratis/0cc918b6-700b-47a5-9296-878e865cc184/current/log_inprogress_0
2022-02-04 12:59:47,354 [99ec0913-bcd1-4774-8e53-643ce8734cf6@group-A8606B43266C-FollowerState] INFO  impl.FollowerState (FollowerState.java:run(134)) - 99ec0913-bcd1-4774-8e53-643ce8734cf6@group-A8606B43266C-FollowerState: change to CANDIDATE, lastRpcElapsedTime:5119618155ns, electionTimeout:5108ms
2022-02-04 12:59:47,354 [99ec0913-bcd1-4774-8e53-643ce8734cf6@group-A8606B43266C-FollowerState] INFO  impl.RoleInfo (RoleInfo.java:shutdownFollowerState(108)) - 99ec0913-bcd1-4774-8e53-643ce8734cf6: shutdown 99ec0913-bcd1-4774-8e53-643ce8734cf6@group-A8606B43266C-FollowerState
2022-02-04 12:59:47,354 [99ec0913-bcd1-4774-8e53-643ce8734cf6@group-A8606B43266C-FollowerState] INFO  server.RaftServer$Division (RaftServerImpl.java:setRole(290)) - 99ec0913-bcd1-4774-8e53-643ce8734cf6@group-A8606B43266C: changes role from  FOLLOWER to CANDIDATE at term 0 for changeToCandidate
2022-02-04 12:59:47,356 [99ec0913-bcd1-4774-8e53-643ce8734cf6@group-A8606B43266C-FollowerState] INFO  server.RaftServerConfigKeys (ConfUtils.java:logGet(44)) - raft.server.leaderelection.pre-vote = false (custom)
2022-02-04 12:59:47,356 [99ec0913-bcd1-4774-8e53-643ce8734cf6@group-A8606B43266C-FollowerState] INFO  impl.RoleInfo (RoleInfo.java:updateAndGet(130)) - 99ec0913-bcd1-4774-8e53-643ce8734cf6: start 99ec0913-bcd1-4774-8e53-643ce8734cf6@group-A8606B43266C-LeaderElection37
2022-02-04 12:59:47,359 [grpc-default-executor-0] INFO  server.RaftServer$Division (RaftServerImpl.java:requestVote(1046)) - 99ec0913-bcd1-4774-8e53-643ce8734cf6@group-A8606B43266C: receive requestVote(ELECTION, 4dd803c0-ea86-48ec-b5c9-2601c1b23b4d, group-A8606B43266C, 1, (t:0, i:0))
2022-02-04 12:59:47,375 [99ec0913-bcd1-4774-8e53-643ce8734cf6@group-878E865CC184-LeaderElection36] INFO  server.RaftServer$Division (ServerState.java:setRaftConf(387)) - 99ec0913-bcd1-4774-8e53-643ce8734cf6@group-878E865CC184: set configuration 0: [99ec0913-bcd1-4774-8e53-643ce8734cf6|rpc:10.1.0.52:38161|dataStream:|priority:1], old=null
2022-02-04 12:59:47,375 [grpc-default-executor-0] INFO  impl.VoteContext (VoteContext.java:log(48)) - 99ec0913-bcd1-4774-8e53-643ce8734cf6@group-A8606B43266C-CANDIDATE: reject ELECTION from 4dd803c0-ea86-48ec-b5c9-2601c1b23b4d: our priority 1 > candidate's priority 0
2022-02-04 12:59:47,376 [grpc-default-executor-0] INFO  server.RaftServer$Division (RaftServerImpl.java:setRole(290)) - 99ec0913-bcd1-4774-8e53-643ce8734cf6@group-A8606B43266C: changes role from CANDIDATE to FOLLOWER at term 1 for candidate:4dd803c0-ea86-48ec-b5c9-2601c1b23b4d
2022-02-04 12:59:47,376 [grpc-default-executor-0] INFO  impl.RoleInfo (RoleInfo.java:shutdownLeaderElection(121)) - 99ec0913-bcd1-4774-8e53-643ce8734cf6: shutdown 99ec0913-bcd1-4774-8e53-643ce8734cf6@group-A8606B43266C-LeaderElection37
2022-02-04 12:59:47,376 [grpc-default-executor-0] INFO  impl.RoleInfo (RoleInfo.java:updateAndGet(130)) - 99ec0913-bcd1-4774-8e53-643ce8734cf6: start 99ec0913-bcd1-4774-8e53-643ce8734cf6@group-A8606B43266C-FollowerState
2022-02-04 12:59:47,378 [cd33ab12-5c76-4090-ae9e-f8dc2a96321d@group-A8606B43266C-FollowerState] INFO  impl.FollowerState (FollowerState.java:run(134)) - cd33ab12-5c76-4090-ae9e-f8dc2a96321d@group-A8606B43266C-FollowerState: change to CANDIDATE, lastRpcElapsedTime:5059139376ns, electionTimeout:5053ms
2022-02-04 12:59:47,379 [cd33ab12-5c76-4090-ae9e-f8dc2a96321d@group-A8606B43266C-FollowerState] INFO  impl.RoleInfo (RoleInfo.java:shutdownFollowerState(108)) - cd33ab12-5c76-4090-ae9e-f8dc2a96321d: shutdown cd33ab12-5c76-4090-ae9e-f8dc2a96321d@group-A8606B43266C-FollowerState
2022-02-04 12:59:47,379 [cd33ab12-5c76-4090-ae9e-f8dc2a96321d@group-A8606B43266C-FollowerState] INFO  server.RaftServer$Division (RaftServerImpl.java:setRole(290)) - cd33ab12-5c76-4090-ae9e-f8dc2a96321d@group-A8606B43266C: changes role from  FOLLOWER to CANDIDATE at term 0 for changeToCandidate
2022-02-04 12:59:47,379 [cd33ab12-5c76-4090-ae9e-f8dc2a96321d@group-A8606B43266C-FollowerState] INFO  server.RaftServerConfigKeys (ConfUtils.java:logGet(44)) - raft.server.leaderelection.pre-vote = false (custom)
2022-02-04 12:59:47,379 [cd33ab12-5c76-4090-ae9e-f8dc2a96321d@group-A8606B43266C-FollowerState] INFO  impl.RoleInfo (RoleInfo.java:updateAndGet(130)) - cd33ab12-5c76-4090-ae9e-f8dc2a96321d: start cd33ab12-5c76-4090-ae9e-f8dc2a96321d@group-A8606B43266C-LeaderElection38
2022-02-04 12:59:47,391 [grpc-default-executor-3] INFO  server.RaftServer$Division (RaftServerImpl.java:requestVote(1046)) - cd33ab12-5c76-4090-ae9e-f8dc2a96321d@group-A8606B43266C: receive requestVote(ELECTION, 4dd803c0-ea86-48ec-b5c9-2601c1b23b4d, group-A8606B43266C, 1, (t:0, i:0))
2022-02-04 12:59:47,392 [grpc-default-executor-3] INFO  impl.VoteContext (VoteContext.java:log(48)) - cd33ab12-5c76-4090-ae9e-f8dc2a96321d@group-A8606B43266C-CANDIDATE: reject ELECTION from 4dd803c0-ea86-48ec-b5c9-2601c1b23b4d: already has voted for cd33ab12-5c76-4090-ae9e-f8dc2a96321d at current term 1
2022-02-04 12:59:47,393 [grpc-default-executor-3] INFO  server.RaftServer$Division (RaftServerImpl.java:requestVote(1078)) - cd33ab12-5c76-4090-ae9e-f8dc2a96321d@group-A8606B43266C replies to ELECTION vote request: 4dd803c0-ea86-48ec-b5c9-2601c1b23b4d<-cd33ab12-5c76-4090-ae9e-f8dc2a96321d#0:FAIL-t1. Peer's state: cd33ab12-5c76-4090-ae9e-f8dc2a96321d@group-A8606B43266C:t1, leader=null, voted=cd33ab12-5c76-4090-ae9e-f8dc2a96321d, raftlog=cd33ab12-5c76-4090-ae9e-f8dc2a96321d@group-A8606B43266C-SegmentedRaftLog:OPENED:c-1, conf=-1: [99ec0913-bcd1-4774-8e53-643ce8734cf6|rpc:10.1.0.52:38161|dataStream:|priority:1, 4dd803c0-ea86-48ec-b5c9-2601c1b23b4d|rpc:10.1.0.52:34153|dataStream:|priority:0, cd33ab12-5c76-4090-ae9e-f8dc2a96321d|rpc:10.1.0.52:40103|dataStream:|priority:0], old=null
2022-02-04 12:59:47,393 [grpc-default-executor-0] INFO  server.RaftServer$Division (RaftServerImpl.java:requestVote(1078)) - 99ec0913-bcd1-4774-8e53-643ce8734cf6@group-A8606B43266C replies to ELECTION vote request: 4dd803c0-ea86-48ec-b5c9-2601c1b23b4d<-99ec0913-bcd1-4774-8e53-643ce8734cf6#0:FAIL-t1. Peer's state: 99ec0913-bcd1-4774-8e53-643ce8734cf6@group-A8606B43266C:t1, leader=null, voted=null, raftlog=99ec0913-bcd1-4774-8e53-643ce8734cf6@group-A8606B43266C-SegmentedRaftLog:OPENED:c-1, conf=-1: [99ec0913-bcd1-4774-8e53-643ce8734cf6|rpc:10.1.0.52:38161|dataStream:|priority:1, 4dd803c0-ea86-48ec-b5c9-2601c1b23b4d|rpc:10.1.0.52:34153|dataStream:|priority:0, cd33ab12-5c76-4090-ae9e-f8dc2a96321d|rpc:10.1.0.52:40103|dataStream:|priority:0], old=null
2022-02-04 12:59:47,394 [cd33ab12-5c76-4090-ae9e-f8dc2a96321d@group-A8606B43266C-LeaderElection38] INFO  impl.LeaderElection (LeaderElection.java:askForVotes(306)) - cd33ab12-5c76-4090-ae9e-f8dc2a96321d@group-A8606B43266C-LeaderElection38 ELECTION round 0: submit vote requests at term 1 for -1: [99ec0913-bcd1-4774-8e53-643ce8734cf6|rpc:10.1.0.52:38161|dataStream:|priority:1, 4dd803c0-ea86-48ec-b5c9-2601c1b23b4d|rpc:10.1.0.52:34153|dataStream:|priority:0, cd33ab12-5c76-4090-ae9e-f8dc2a96321d|rpc:10.1.0.52:40103|dataStream:|priority:0], old=null
2022-02-04 12:59:47,406 [4dd803c0-ea86-48ec-b5c9-2601c1b23b4d@group-A8606B43266C-LeaderElection35] INFO  impl.LeaderElection (LeaderElection.java:logAndReturn(89)) - 4dd803c0-ea86-48ec-b5c9-2601c1b23b4d@group-A8606B43266C-LeaderElection35: ELECTION REJECTED received 2 response(s) and 0 exception(s):
2022-02-04 12:59:47,406 [4dd803c0-ea86-48ec-b5c9-2601c1b23b4d@group-A8606B43266C-LeaderElection35] INFO  impl.LeaderElection (LeaderElection.java:logAndReturn(93)) -   Response 0: 4dd803c0-ea86-48ec-b5c9-2601c1b23b4d<-99ec0913-bcd1-4774-8e53-643ce8734cf6#0:FAIL-t1
2022-02-04 12:59:47,406 [4dd803c0-ea86-48ec-b5c9-2601c1b23b4d@group-A8606B43266C-LeaderElection35] INFO  impl.LeaderElection (LeaderElection.java:logAndReturn(93)) -   Response 1: 4dd803c0-ea86-48ec-b5c9-2601c1b23b4d<-cd33ab12-5c76-4090-ae9e-f8dc2a96321d#0:FAIL-t1
2022-02-04 12:59:47,406 [4dd803c0-ea86-48ec-b5c9-2601c1b23b4d@group-A8606B43266C-LeaderElection35] INFO  impl.LeaderElection (LeaderElection.java:askForVotes(308)) - 4dd803c0-ea86-48ec-b5c9-2601c1b23b4d@group-A8606B43266C-LeaderElection35 ELECTION round 0: result REJECTED
2022-02-04 12:59:47,406 [4dd803c0-ea86-48ec-b5c9-2601c1b23b4d@group-A8606B43266C-LeaderElection35] INFO  server.RaftServer$Division (RaftServerImpl.java:setRole(290)) - 4dd803c0-ea86-48ec-b5c9-2601c1b23b4d@group-A8606B43266C: changes role from CANDIDATE to FOLLOWER at term 1 for REJECTED
2022-02-04 12:59:47,406 [4dd803c0-ea86-48ec-b5c9-2601c1b23b4d@group-A8606B43266C-LeaderElection35] INFO  impl.RoleInfo (RoleInfo.java:shutdownLeaderElection(121)) - 4dd803c0-ea86-48ec-b5c9-2601c1b23b4d: shutdown 4dd803c0-ea86-48ec-b5c9-2601c1b23b4d@group-A8606B43266C-LeaderElection35
2022-02-04 12:59:47,406 [4dd803c0-ea86-48ec-b5c9-2601c1b23b4d@group-A8606B43266C-LeaderElection35] INFO  impl.RoleInfo (RoleInfo.java:updateAndGet(130)) - 4dd803c0-ea86-48ec-b5c9-2601c1b23b4d: start 4dd803c0-ea86-48ec-b5c9-2601c1b23b4d@group-A8606B43266C-FollowerState
2022-02-04 12:59:47,407 [grpc-default-executor-0] INFO  server.RaftServer$Division (RaftServerImpl.java:requestVote(1046)) - 99ec0913-bcd1-4774-8e53-643ce8734cf6@group-A8606B43266C: receive requestVote(ELECTION, cd33ab12-5c76-4090-ae9e-f8dc2a96321d, group-A8606B43266C, 1, (t:0, i:0))
2022-02-04 12:59:47,407 [grpc-default-executor-0] INFO  impl.VoteContext (VoteContext.java:log(48)) - 99ec0913-bcd1-4774-8e53-643ce8734cf6@group-A8606B43266C-FOLLOWER: reject ELECTION from cd33ab12-5c76-4090-ae9e-f8dc2a96321d: our priority 1 > candidate's priority 0
2022-02-04 12:59:47,407 [grpc-default-executor-0] INFO  server.RaftServer$Division (RaftServerImpl.java:setRole(290)) - 99ec0913-bcd1-4774-8e53-643ce8734cf6@group-A8606B43266C: changes role from  FOLLOWER to FOLLOWER at term 1 for candidate:cd33ab12-5c76-4090-ae9e-f8dc2a96321d
2022-02-04 12:59:47,407 [grpc-default-executor-0] INFO  impl.RoleInfo (RoleInfo.java:shutdownFollowerState(108)) - 99ec0913-bcd1-4774-8e53-643ce8734cf6: shutdown 99ec0913-bcd1-4774-8e53-643ce8734cf6@group-A8606B43266C-FollowerState
2022-02-04 12:59:47,413 [grpc-default-executor-0] INFO  impl.RoleInfo (RoleInfo.java:updateAndGet(130)) - 99ec0913-bcd1-4774-8e53-643ce8734cf6: start 99ec0913-bcd1-4774-8e53-643ce8734cf6@group-A8606B43266C-FollowerState
2022-02-04 12:59:47,413 [99ec0913-bcd1-4774-8e53-643ce8734cf6@group-A8606B43266C-FollowerState] INFO  impl.FollowerState (FollowerState.java:run(143)) - 99ec0913-bcd1-4774-8e53-643ce8734cf6@group-A8606B43266C-FollowerState was interrupted: {}
java.lang.InterruptedException: sleep interrupted
	at java.lang.Thread.sleep(Native Method)
	at java.lang.Thread.sleep(Thread.java:340)
	at java.util.concurrent.TimeUnit.sleep(TimeUnit.java:386)
	at org.apache.ratis.util.TimeDuration.sleep(TimeDuration.java:324)
	at org.apache.ratis.util.TimeDuration.sleep(TimeDuration.java:309)
	at org.apache.ratis.server.impl.FollowerState.run(FollowerState.java:118)
2022-02-04 12:59:47,413 [grpc-default-executor-0] INFO  server.RaftServer$Division (RaftServerImpl.java:requestVote(1078)) - 99ec0913-bcd1-4774-8e53-643ce8734cf6@group-A8606B43266C replies to ELECTION vote request: cd33ab12-5c76-4090-ae9e-f8dc2a96321d<-99ec0913-bcd1-4774-8e53-643ce8734cf6#0:FAIL-t1. Peer's state: 99ec0913-bcd1-4774-8e53-643ce8734cf6@group-A8606B43266C:t1, leader=null, voted=null, raftlog=99ec0913-bcd1-4774-8e53-643ce8734cf6@group-A8606B43266C-SegmentedRaftLog:OPENED:c-1, conf=-1: [99ec0913-bcd1-4774-8e53-643ce8734cf6|rpc:10.1.0.52:38161|dataStream:|priority:1, 4dd803c0-ea86-48ec-b5c9-2601c1b23b4d|rpc:10.1.0.52:34153|dataStream:|priority:0, cd33ab12-5c76-4090-ae9e-f8dc2a96321d|rpc:10.1.0.52:40103|dataStream:|priority:0], old=null
2022-02-04 12:59:47,415 [cd33ab12-5c76-4090-ae9e-f8dc2a96321d@group-A8606B43266C-LeaderElection38] INFO  impl.LeaderElection (LeaderElection.java:logAndReturn(89)) - cd33ab12-5c76-4090-ae9e-f8dc2a96321d@group-A8606B43266C-LeaderElection38: ELECTION REJECTED received 1 response(s) and 0 exception(s):
2022-02-04 12:59:47,415 [cd33ab12-5c76-4090-ae9e-f8dc2a96321d@group-A8606B43266C-LeaderElection38] INFO  impl.LeaderElection (LeaderElection.java:logAndReturn(93)) -   Response 0: cd33ab12-5c76-4090-ae9e-f8dc2a96321d<-99ec0913-bcd1-4774-8e53-643ce8734cf6#0:FAIL-t1
2022-02-04 12:59:47,415 [cd33ab12-5c76-4090-ae9e-f8dc2a96321d@group-A8606B43266C-LeaderElection38] INFO  impl.LeaderElection (LeaderElection.java:askForVotes(308)) - cd33ab12-5c76-4090-ae9e-f8dc2a96321d@group-A8606B43266C-LeaderElection38 ELECTION round 0: result REJECTED
2022-02-04 12:59:47,415 [cd33ab12-5c76-4090-ae9e-f8dc2a96321d@group-A8606B43266C-LeaderElection38] INFO  server.RaftServer$Division (RaftServerImpl.java:setRole(290)) - cd33ab12-5c76-4090-ae9e-f8dc2a96321d@group-A8606B43266C: changes role from CANDIDATE to FOLLOWER at term 1 for REJECTED
2022-02-04 12:59:47,415 [cd33ab12-5c76-4090-ae9e-f8dc2a96321d@group-A8606B43266C-LeaderElection38] INFO  impl.RoleInfo (RoleInfo.java:shutdownLeaderElection(121)) - cd33ab12-5c76-4090-ae9e-f8dc2a96321d: shutdown cd33ab12-5c76-4090-ae9e-f8dc2a96321d@group-A8606B43266C-LeaderElection38
2022-02-04 12:59:47,415 [cd33ab12-5c76-4090-ae9e-f8dc2a96321d@group-A8606B43266C-LeaderElection38] INFO  impl.RoleInfo (RoleInfo.java:updateAndGet(130)) - cd33ab12-5c76-4090-ae9e-f8dc2a96321d: start cd33ab12-5c76-4090-ae9e-f8dc2a96321d@group-A8606B43266C-FollowerState
2022-02-04 12:59:47,415 [grpc-default-executor-3] INFO  server.RaftServer$Division (RaftServerImpl.java:requestVote(1046)) - 4dd803c0-ea86-48ec-b5c9-2601c1b23b4d@group-A8606B43266C: receive requestVote(ELECTION, cd33ab12-5c76-4090-ae9e-f8dc2a96321d, group-A8606B43266C, 1, (t:0, i:0))
2022-02-04 12:59:47,416 [grpc-default-executor-3] INFO  impl.VoteContext (VoteContext.java:log(48)) - 4dd803c0-ea86-48ec-b5c9-2601c1b23b4d@group-A8606B43266C-FOLLOWER: reject ELECTION from cd33ab12-5c76-4090-ae9e-f8dc2a96321d: already has voted for 4dd803c0-ea86-48ec-b5c9-2601c1b23b4d at current term 1
2022-02-04 12:59:47,416 [grpc-default-executor-3] INFO  server.RaftServer$Division (RaftServerImpl.java:requestVote(1078)) - 4dd803c0-ea86-48ec-b5c9-2601c1b23b4d@group-A8606B43266C replies to ELECTION vote request: cd33ab12-5c76-4090-ae9e-f8dc2a96321d<-4dd803c0-ea86-48ec-b5c9-2601c1b23b4d#0:FAIL-t1. Peer's state: 4dd803c0-ea86-48ec-b5c9-2601c1b23b4d@group-A8606B43266C:t1, leader=null, voted=4dd803c0-ea86-48ec-b5c9-2601c1b23b4d, raftlog=4dd803c0-ea86-48ec-b5c9-2601c1b23b4d@group-A8606B43266C-SegmentedRaftLog:OPENED:c-1, conf=-1: [99ec0913-bcd1-4774-8e53-643ce8734cf6|rpc:10.1.0.52:38161|priority:1, 4dd803c0-ea86-48ec-b5c9-2601c1b23b4d|rpc:10.1.0.52:34153|priority:0, cd33ab12-5c76-4090-ae9e-f8dc2a96321d|rpc:10.1.0.52:40103|priority:0], old=null
2022-02-04 12:59:47,895 [cd33ab12-5c76-4090-ae9e-f8dc2a96321d@group-CBDBC90D8B9B-FollowerState] INFO  impl.FollowerState (FollowerState.java:run(134)) - cd33ab12-5c76-4090-ae9e-f8dc2a96321d@group-CBDBC90D8B9B-FollowerState: change to CANDIDATE, lastRpcElapsedTime:5153010943ns, electionTimeout:5152ms
2022-02-04 12:59:47,896 [cd33ab12-5c76-4090-ae9e-f8dc2a96321d@group-CBDBC90D8B9B-FollowerState] INFO  impl.RoleInfo (RoleInfo.java:shutdownFollowerState(108)) - cd33ab12-5c76-4090-ae9e-f8dc2a96321d: shutdown cd33ab12-5c76-4090-ae9e-f8dc2a96321d@group-CBDBC90D8B9B-FollowerState
2022-02-04 12:59:47,896 [cd33ab12-5c76-4090-ae9e-f8dc2a96321d@group-CBDBC90D8B9B-FollowerState] INFO  server.RaftServer$Division (RaftServerImpl.java:setRole(290)) - cd33ab12-5c76-4090-ae9e-f8dc2a96321d@group-CBDBC90D8B9B: changes role from  FOLLOWER to CANDIDATE at term 0 for changeToCandidate
2022-02-04 12:59:47,896 [cd33ab12-5c76-4090-ae9e-f8dc2a96321d@group-CBDBC90D8B9B-FollowerState] INFO  server.RaftServerConfigKeys (ConfUtils.java:logGet(44)) - raft.server.leaderelection.pre-vote = false (custom)
2022-02-04 12:59:47,896 [cd33ab12-5c76-4090-ae9e-f8dc2a96321d@group-CBDBC90D8B9B-FollowerState] INFO  impl.RoleInfo (RoleInfo.java:updateAndGet(130)) - cd33ab12-5c76-4090-ae9e-f8dc2a96321d: start cd33ab12-5c76-4090-ae9e-f8dc2a96321d@group-CBDBC90D8B9B-LeaderElection39
2022-02-04 12:59:47,902 [cd33ab12-5c76-4090-ae9e-f8dc2a96321d@group-CBDBC90D8B9B-LeaderElection39] INFO  impl.LeaderElection (LeaderElection.java:askForVotes(306)) - cd33ab12-5c76-4090-ae9e-f8dc2a96321d@group-CBDBC90D8B9B-LeaderElection39 ELECTION round 0: submit vote requests at term 1 for -1: [cd33ab12-5c76-4090-ae9e-f8dc2a96321d|rpc:10.1.0.52:40103|priority:1], old=null
2022-02-04 12:59:47,902 [cd33ab12-5c76-4090-ae9e-f8dc2a96321d@group-CBDBC90D8B9B-LeaderElection39] INFO  impl.LeaderElection (LeaderElection.java:askForVotes(308)) - cd33ab12-5c76-4090-ae9e-f8dc2a96321d@group-CBDBC90D8B9B-LeaderElection39 ELECTION round 0: result PASSED (term=1)
2022-02-04 12:59:47,902 [cd33ab12-5c76-4090-ae9e-f8dc2a96321d@group-CBDBC90D8B9B-LeaderElection39] INFO  impl.RoleInfo (RoleInfo.java:shutdownLeaderElection(121)) - cd33ab12-5c76-4090-ae9e-f8dc2a96321d: shutdown cd33ab12-5c76-4090-ae9e-f8dc2a96321d@group-CBDBC90D8B9B-LeaderElection39
2022-02-04 12:59:47,902 [cd33ab12-5c76-4090-ae9e-f8dc2a96321d@group-CBDBC90D8B9B-LeaderElection39] INFO  server.RaftServer$Division (RaftServerImpl.java:setRole(290)) - cd33ab12-5c76-4090-ae9e-f8dc2a96321d@group-CBDBC90D8B9B: changes role from CANDIDATE to LEADER at term 1 for changeToLeader
2022-02-04 12:59:47,907 [cd33ab12-5c76-4090-ae9e-f8dc2a96321d@group-CBDBC90D8B9B-LeaderElection39] INFO  ratis.XceiverServerRatis (XceiverServerRatis.java:handleLeaderChangedNotification(866)) - Leader change notification received for group: group-CBDBC90D8B9B with new leaderId: cd33ab12-5c76-4090-ae9e-f8dc2a96321d
2022-02-04 12:59:47,907 [cd33ab12-5c76-4090-ae9e-f8dc2a96321d@group-CBDBC90D8B9B-LeaderElection39] INFO  server.RaftServer$Division (ServerState.java:setLeader(285)) - cd33ab12-5c76-4090-ae9e-f8dc2a96321d@group-CBDBC90D8B9B: change Leader from null to cd33ab12-5c76-4090-ae9e-f8dc2a96321d at term 1 for becomeLeader, leader elected after 5214ms
2022-02-04 12:59:47,907 [cd33ab12-5c76-4090-ae9e-f8dc2a96321d@group-CBDBC90D8B9B-LeaderElection39] INFO  server.RaftServerConfigKeys (ConfUtils.java:logGet(44)) - raft.server.staging.catchup.gap = 1000 (default)
2022-02-04 12:59:47,907 [cd33ab12-5c76-4090-ae9e-f8dc2a96321d@group-CBDBC90D8B9B-LeaderElection39] INFO  server.RaftServerConfigKeys (ConfUtils.java:logGet(44)) - raft.server.write.element-limit = 1024 (custom)
2022-02-04 12:59:47,908 [cd33ab12-5c76-4090-ae9e-f8dc2a96321d@group-CBDBC90D8B9B-LeaderElection39] INFO  server.RaftServerConfigKeys (ConfUtils.java:logGet(44)) - raft.server.write.byte-limit = 1024 M (=1073741824) (custom)
2022-02-04 12:59:47,908 [cd33ab12-5c76-4090-ae9e-f8dc2a96321d@group-CBDBC90D8B9B-LeaderElection39] INFO  server.RaftServerConfigKeys (ConfUtils.java:logGet(44)) - raft.server.watch.timeout = 180s (custom)
2022-02-04 12:59:47,909 [cd33ab12-5c76-4090-ae9e-f8dc2a96321d@group-CBDBC90D8B9B-LeaderElection39] INFO  server.RaftServerConfigKeys (ConfUtils.java:logGet(44)) - raft.server.watch.timeout.denomination = 1s (default)
2022-02-04 12:59:47,909 [cd33ab12-5c76-4090-ae9e-f8dc2a96321d@group-CBDBC90D8B9B-LeaderElection39] INFO  server.RaftServerConfigKeys (ConfUtils.java:logGet(44)) - raft.server.watch.element-limit = 65536 (default)
2022-02-04 12:59:47,909 [cd33ab12-5c76-4090-ae9e-f8dc2a96321d@group-CBDBC90D8B9B-LeaderElection39] INFO  server.RaftServerConfigKeys (ConfUtils.java:logGet(44)) - raft.server.write.element-limit = 1024 (custom)
2022-02-04 12:59:47,909 [cd33ab12-5c76-4090-ae9e-f8dc2a96321d@group-CBDBC90D8B9B-LeaderElection39] INFO  server.RaftServerConfigKeys (ConfUtils.java:logGet(44)) - raft.server.write.follower.gap.ratio.max = -1.0 (default)
2022-02-04 12:59:47,909 [cd33ab12-5c76-4090-ae9e-f8dc2a96321d@group-CBDBC90D8B9B-LeaderElection39] INFO  impl.RoleInfo (RoleInfo.java:updateAndGet(130)) - cd33ab12-5c76-4090-ae9e-f8dc2a96321d: start cd33ab12-5c76-4090-ae9e-f8dc2a96321d@group-CBDBC90D8B9B-LeaderStateImpl
2022-02-04 12:59:47,909 [cd33ab12-5c76-4090-ae9e-f8dc2a96321d@group-CBDBC90D8B9B-LeaderElection39] INFO  segmented.SegmentedRaftLogWorker (SegmentedRaftLogWorker.java:startLogSegment(394)) - cd33ab12-5c76-4090-ae9e-f8dc2a96321d@group-CBDBC90D8B9B-SegmentedRaftLogWorker: Starting segment from index:0
2022-02-04 12:59:47,912 [cd33ab12-5c76-4090-ae9e-f8dc2a96321d@group-CBDBC90D8B9B-LeaderElection39] INFO  server.RaftServer$Division (ServerState.java:setRaftConf(387)) - cd33ab12-5c76-4090-ae9e-f8dc2a96321d@group-CBDBC90D8B9B: set configuration 0: [cd33ab12-5c76-4090-ae9e-f8dc2a96321d|rpc:10.1.0.52:40103|dataStream:|priority:1], old=null
2022-02-04 12:59:47,912 [cd33ab12-5c76-4090-ae9e-f8dc2a96321d@group-CBDBC90D8B9B-SegmentedRaftLogWorker] INFO  segmented.SegmentedRaftLogWorker (SegmentedRaftLogWorker.java:execute(601)) - cd33ab12-5c76-4090-ae9e-f8dc2a96321d@group-CBDBC90D8B9B-SegmentedRaftLogWorker: created new log segment /home/runner/work/ozone/ozone/hadoop-ozone/integration-test/target/test-dir/MiniOzoneClusterImpl-5b939f7d-2090-4c2b-bba9-fa55352059d6/datanode-1/data/ratis/9b8301f2-fcad-4469-b8f4-cbdbc90d8b9b/current/log_inprogress_0
2022-02-04 12:59:48,041 [Mini-Cluster-Provider-Reap] INFO  statemachine.DatanodeStateMachine (DatanodeStateMachine.java:stopDaemon(529)) - Ozone container server stopped.
2022-02-04 12:59:48,066 [Mini-Cluster-Provider-Reap] INFO  handler.ContextHandler (ContextHandler.java:doStop(1153)) - Stopped o.e.j.w.WebAppContext@45a2ad0e{hddsDatanode,/,null,STOPPED}{jar:file:/home/runner/.m2/repository/org/apache/ozone/hdds-container-service/1.3.0-SNAPSHOT/hdds-container-service-1.3.0-SNAPSHOT.jar!/webapps/hddsDatanode}
2022-02-04 12:59:48,067 [Mini-Cluster-Provider-Reap] INFO  server.AbstractConnector (AbstractConnector.java:doStop(381)) - Stopped ServerConnector@6bf9e160{HTTP/1.1, (http/1.1)}{0.0.0.0:0}
2022-02-04 12:59:48,067 [Mini-Cluster-Provider-Reap] INFO  server.session (HouseKeeper.java:stopScavenging(149)) - node0 Stopped scavenging
2022-02-04 12:59:48,068 [Mini-Cluster-Provider-Reap] INFO  handler.ContextHandler (ContextHandler.java:doStop(1153)) - Stopped o.e.j.s.ServletContextHandler@3199373a{static,/static,jar:file:/home/runner/.m2/repository/org/apache/ozone/hdds-container-service/1.3.0-SNAPSHOT/hdds-container-service-1.3.0-SNAPSHOT.jar!/webapps/static,STOPPED}
2022-02-04 12:59:48,071 [Mini-Cluster-Provider-Reap] INFO  handler.ContextHandler (ContextHandler.java:doStop(1153)) - Stopped o.e.j.s.ServletContextHandler@7c0a45b0{logs,/logs,file:///home/runner/work/ozone/ozone/hadoop-ozone/integration-test/target/log,STOPPED}
2022-02-04 12:59:48,073 [Mini-Cluster-Provider-Reap] INFO  ozone.MiniOzoneClusterImpl (MiniOzoneClusterImpl.java:stopSCM(526)) - Stopping the StorageContainerManager
2022-02-04 12:59:48,073 [Mini-Cluster-Provider-Reap] INFO  server.StorageContainerManager (StorageContainerManager.java:stop(1390)) - Stopping Container Balancer service.
2022-02-04 12:59:48,073 [Mini-Cluster-Provider-Reap] INFO  balancer.ContainerBalancer (ContainerBalancer.java:stop(751)) - Container Balancer is not running.
2022-02-04 12:59:48,073 [Mini-Cluster-Provider-Reap] INFO  server.StorageContainerManager (StorageContainerManager.java:stop(1397)) - Stopping Replication Manager Service.
2022-02-04 12:59:48,073 [Mini-Cluster-Provider-Reap] INFO  container.ReplicationManager (ReplicationManager.java:stop(357)) - Stopping Replication Monitor Thread.
2022-02-04 12:59:48,073 [Mini-Cluster-Provider-Reap] INFO  server.StorageContainerManager (StorageContainerManager.java:stop(1404)) - Stopping the Datanode Admin Monitor.
2022-02-04 12:59:48,073 [Mini-Cluster-Provider-Reap] INFO  server.StorageContainerManager (StorageContainerManager.java:stop(1411)) - Stopping Lease Manager of the command watchers
2022-02-04 12:59:48,073 [Mini-Cluster-Provider-Reap] INFO  server.StorageContainerManager (StorageContainerManager.java:stop(1418)) - Stopping datanode service RPC server
2022-02-04 12:59:48,073 [Mini-Cluster-Provider-Reap] INFO  server.SCMDatanodeProtocolServer (SCMDatanodeProtocolServer.java:stop(390)) - Stopping the RPC server for DataNodes
2022-02-04 12:59:48,077 [Mini-Cluster-Provider-Reap] INFO  ipc.Server (Server.java:stop(3414)) - Stopping server on 36169
2022-02-04 12:59:48,080 [IPC Server listener on 36169] INFO  ipc.Server (Server.java:run(1376)) - Stopping IPC Server listener on 36169
2022-02-04 12:59:48,082 [IPC Server Responder] INFO  ipc.Server (Server.java:run(1512)) - Stopping IPC Server Responder
2022-02-04 12:59:48,203 [Listener at 127.0.0.1/36713] INFO  ozone.MiniOzoneClusterImpl (MiniOzoneClusterImpl.java:lambda$waitForClusterToBeReady$0(219)) - Nodes are ready. Got 3 of 3 DN Heartbeats.
2022-02-04 12:59:48,203 [Listener at 127.0.0.1/36713] INFO  ozone.MiniOzoneClusterImpl (MiniOzoneClusterImpl.java:lambda$waitForClusterToBeReady$0(222)) - Waiting for cluster to exit safe mode
2022-02-04 12:59:48,203 [Listener at 127.0.0.1/36713] INFO  ozone.MiniOzoneClusterImpl (MiniOzoneClusterImpl.java:lambda$waitForClusterToBeReady$0(224)) - SCM became leader
2022-02-04 12:59:48,532 [SCM Heartbeat Processing Thread - 0] WARN  node.NodeStateManager (NodeStateManager.java:scheduleNextHealthCheck(799)) - Current Thread is interrupted, shutting down HB processing thread for Node Manager.
2022-02-04 12:59:48,532 [Mini-Cluster-Provider-Reap] INFO  server.StorageContainerManager (StorageContainerManager.java:stop(1426)) - Stopping block service RPC server
2022-02-04 12:59:48,532 [Mini-Cluster-Provider-Reap] INFO  server.SCMBlockProtocolServer (SCMBlockProtocolServer.java:stop(160)) - Stopping the RPC server for Block Protocol
2022-02-04 12:59:48,534 [Mini-Cluster-Provider-Reap] INFO  ipc.Server (Server.java:stop(3414)) - Stopping server on 42853
2022-02-04 12:59:48,537 [IPC Server listener on 42853] INFO  ipc.Server (Server.java:run(1376)) - Stopping IPC Server listener on 42853
2022-02-04 12:59:48,537 [Mini-Cluster-Provider-Reap] INFO  server.StorageContainerManager (StorageContainerManager.java:stop(1433)) - Stopping the StorageContainerLocationProtocol RPC server
2022-02-04 12:59:48,537 [Mini-Cluster-Provider-Reap] INFO  server.SCMClientProtocolServer (SCMClientProtocolServer.java:stop(174)) - Stopping the RPC server for Client Protocol
2022-02-04 12:59:48,538 [Mini-Cluster-Provider-Reap] INFO  ipc.Server (Server.java:stop(3414)) - Stopping server on 44605
2022-02-04 12:59:48,541 [IPC Server Responder] INFO  ipc.Server (Server.java:run(1512)) - Stopping IPC Server Responder
2022-02-04 12:59:48,543 [Mini-Cluster-Provider-Reap] INFO  server.StorageContainerManager (StorageContainerManager.java:stop(1440)) - Stopping Storage Container Manager HTTP server.
2022-02-04 12:59:48,543 [IPC Server Responder] INFO  ipc.Server (Server.java:run(1512)) - Stopping IPC Server Responder
2022-02-04 12:59:48,543 [IPC Server listener on 44605] INFO  ipc.Server (Server.java:run(1376)) - Stopping IPC Server listener on 44605
2022-02-04 12:59:48,553 [Mini-Cluster-Provider-Reap] INFO  handler.ContextHandler (ContextHandler.java:doStop(1153)) - Stopped o.e.j.w.WebAppContext@18bbffbe{scm,/,null,STOPPED}{file:/home/runner/work/ozone/ozone/hadoop-ozone/integration-test/target/test-classes/webapps/scm}
2022-02-04 12:59:48,555 [Mini-Cluster-Provider-Reap] INFO  server.AbstractConnector (AbstractConnector.java:doStop(381)) - Stopped ServerConnector@534ecf9b{HTTP/1.1, (http/1.1)}{0.0.0.0:38969}
2022-02-04 12:59:48,555 [Mini-Cluster-Provider-Reap] INFO  server.session (HouseKeeper.java:stopScavenging(149)) - node0 Stopped scavenging
2022-02-04 12:59:48,557 [Mini-Cluster-Provider-Reap] INFO  handler.ContextHandler (ContextHandler.java:doStop(1153)) - Stopped o.e.j.s.ServletContextHandler@5f4168fd{static,/static,file:///home/runner/work/ozone/ozone/hadoop-ozone/integration-test/target/test-classes/webapps/static,STOPPED}
2022-02-04 12:59:48,560 [Mini-Cluster-Provider-Reap] INFO  handler.ContextHandler (ContextHandler.java:doStop(1153)) - Stopped o.e.j.s.ServletContextHandler@6e3a445{logs,/logs,file:///home/runner/work/ozone/ozone/hadoop-ozone/integration-test/target/log,STOPPED}
2022-02-04 12:59:48,565 [Mini-Cluster-Provider-Reap] INFO  server.StorageContainerManager (StorageContainerManager.java:stop(1451)) - Stopping Block Manager Service.
2022-02-04 12:59:48,565 [Mini-Cluster-Provider-Reap] INFO  utils.BackgroundService (BackgroundService.java:shutdown(132)) - Shutting down service SCMBlockDeletingService
2022-02-04 12:59:48,565 [Mini-Cluster-Provider-Reap] INFO  utils.BackgroundService (BackgroundService.java:shutdown(132)) - Shutting down service SCMBlockDeletingService
2022-02-04 12:59:48,565 [Mini-Cluster-Provider-Reap] INFO  server.StorageContainerManager (StorageContainerManager.java:stop(1478)) - Stopping SCM Event Queue.
2022-02-04 12:59:48,572 [Mini-Cluster-Provider-Reap] INFO  server.StorageContainerManager (StorageContainerManager.java:stop(1489)) - Stopping SCM HA services.
2022-02-04 12:59:48,572 [Mini-Cluster-Provider-Reap] INFO  pipeline.BackgroundPipelineCreator (BackgroundPipelineCreator.java:stop(158)) - Stopping RatisPipelineUtilsThread.
2022-02-04 12:59:48,572 [Mini-Cluster-Provider-Reap] INFO  server.StorageContainerManager (StorageContainerManager.java:stop(1499)) - Stopping SCM MetadataStore.
2022-02-04 12:59:48,573 [Mini-Cluster-Provider-Reap] INFO  impl.MetricsSystemImpl (MetricsSystemImpl.java:stop(210)) - Stopping HddsDatanode metrics system...
2022-02-04 12:59:48,575 [prometheus] INFO  impl.MetricsSinkAdapter (MetricsSinkAdapter.java:publishMetricsFromQueue(141)) - prometheus thread interrupted.
2022-02-04 12:59:48,581 [Mini-Cluster-Provider-Reap] INFO  impl.MetricsSystemImpl (MetricsSystemImpl.java:stop(216)) - HddsDatanode metrics system stopped.
2022-02-04 12:59:49,203 [Listener at 127.0.0.1/36713] INFO  ozone.MiniOzoneClusterImpl (MiniOzoneClusterImpl.java:lambda$waitForClusterToBeReady$0(219)) - Nodes are ready. Got 3 of 3 DN Heartbeats.
2022-02-04 12:59:49,203 [Listener at 127.0.0.1/36713] INFO  ozone.MiniOzoneClusterImpl (MiniOzoneClusterImpl.java:lambda$waitForClusterToBeReady$0(222)) - Waiting for cluster to exit safe mode
2022-02-04 12:59:49,203 [Listener at 127.0.0.1/36713] INFO  ozone.MiniOzoneClusterImpl (MiniOzoneClusterImpl.java:lambda$waitForClusterToBeReady$0(224)) - SCM became leader
2022-02-04 12:59:49,646 [Thread-974] INFO  upgrade.UpgradeFinalizer (SCMUpgradeFinalizer.java:postFinalizeUpgrade(116)) - Waiting for at least one open pipeline after SCM finalization.
2022-02-04 12:59:49,652 [Command processor thread] INFO  server.RaftServer (RaftServerProxy.java:addNew(95)) - 20c947e9-2491-4ec2-ac6b-23c6a5282b40: addNew group-3E41619BFC42:[20c947e9-2491-4ec2-ac6b-23c6a5282b40|rpc:10.1.0.52:39573|priority:1] returns group-3E41619BFC42:java.util.concurrent.CompletableFuture@4a93235c[Not completed]
2022-02-04 12:59:49,657 [pool-467-thread-1] INFO  server.RaftServer$Division (RaftServerImpl.java:<init>(184)) - 20c947e9-2491-4ec2-ac6b-23c6a5282b40: new RaftServerImpl for group-3E41619BFC42:[20c947e9-2491-4ec2-ac6b-23c6a5282b40|rpc:10.1.0.52:39573|priority:1] with ContainerStateMachine:uninitialized
2022-02-04 12:59:49,662 [pool-467-thread-1] INFO  server.RaftServerConfigKeys (ConfUtils.java:logGet(44)) - raft.server.rpc.timeout.min = 5s (custom)
2022-02-04 12:59:49,662 [pool-467-thread-1] INFO  server.RaftServerConfigKeys (ConfUtils.java:logGet(44)) - raft.server.rpc.timeout.max = 5200ms (custom)
2022-02-04 12:59:49,662 [pool-467-thread-1] INFO  server.RaftServerConfigKeys (ConfUtils.java:logGet(44)) - raft.server.rpc.sleep.time = 25ms (default)
2022-02-04 12:59:49,662 [pool-467-thread-1] INFO  server.RaftServerConfigKeys (ConfUtils.java:logGet(44)) - raft.server.rpc.slowness.timeout = 300s (custom)
2022-02-04 12:59:49,662 [pool-467-thread-1] INFO  server.RaftServerConfigKeys (ConfUtils.java:logGet(44)) - raft.server.leaderelection.leader.step-down.wait-time = 10s (default)
2022-02-04 12:59:49,662 [pool-467-thread-1] INFO  server.RaftServerConfigKeys (ConfUtils.java:logGet(44)) - raft.server.sleep.deviation.threshold = 300ms (default)
2022-02-04 12:59:49,662 [pool-467-thread-1] INFO  server.RaftServerConfigKeys (ConfUtils.java:logGet(44)) - raft.server.log.appender.install.snapshot.enabled = false (custom)
2022-02-04 12:59:49,662 [pool-467-thread-1] INFO  server.RaftServer$Division (ServerState.java:<init>(105)) - 20c947e9-2491-4ec2-ac6b-23c6a5282b40@group-3E41619BFC42: ConfigurationManager, init=-1: [20c947e9-2491-4ec2-ac6b-23c6a5282b40|rpc:10.1.0.52:39573|priority:1], old=null, confs=<EMPTY_MAP>
2022-02-04 12:59:49,662 [pool-467-thread-1] INFO  server.RaftServerConfigKeys (ConfUtils.java:logGet(44)) - raft.server.storage.dir = [/home/runner/work/ozone/ozone/hadoop-ozone/integration-test/target/test-dir/MiniOzoneClusterImpl-782824e0-d6a6-4661-a42b-aa8966ebbd0c/datanode-0/data/ratis] (custom)
2022-02-04 12:59:49,663 [pool-467-thread-1] INFO  server.RaftServerConfigKeys (ConfUtils.java:logGet(44)) - raft.server.log.corruption.policy = EXCEPTION (default)
2022-02-04 12:59:49,663 [pool-467-thread-1] INFO  server.RaftServerConfigKeys (ConfUtils.java:logGet(44)) - raft.server.storage.free-space.min = 0MB (=0) (default)
2022-02-04 12:59:49,663 [pool-467-thread-1] INFO  storage.RaftStorageDirectory (RaftStorageDirectoryImpl.java:analyzeStorage(135)) - The storage directory /home/runner/work/ozone/ozone/hadoop-ozone/integration-test/target/test-dir/MiniOzoneClusterImpl-782824e0-d6a6-4661-a42b-aa8966ebbd0c/datanode-0/data/ratis/985cf42f-20eb-4fa8-a45b-3e41619bfc42 does not exist. Creating ...
2022-02-04 12:59:49,668 [pool-467-thread-1] INFO  storage.RaftStorageDirectory (RaftStorageDirectoryImpl.java:tryLock(230)) - Lock on /home/runner/work/ozone/ozone/hadoop-ozone/integration-test/target/test-dir/MiniOzoneClusterImpl-782824e0-d6a6-4661-a42b-aa8966ebbd0c/datanode-0/data/ratis/985cf42f-20eb-4fa8-a45b-3e41619bfc42/in_use.lock acquired by nodename 13540@fv-az116-891
2022-02-04 12:59:49,670 [pool-467-thread-1] INFO  storage.RaftStorage (RaftStorageImpl.java:format(89)) - Storage directory /home/runner/work/ozone/ozone/hadoop-ozone/integration-test/target/test-dir/MiniOzoneClusterImpl-782824e0-d6a6-4661-a42b-aa8966ebbd0c/datanode-0/data/ratis/985cf42f-20eb-4fa8-a45b-3e41619bfc42 has been successfully formatted.
2022-02-04 12:59:49,672 [pool-467-thread-1] INFO  ratis.ContainerStateMachine (ContainerStateMachine.java:loadSnapshot(231)) - group-3E41619BFC42: The snapshot info is null. Setting the last applied indexto:(t:0, i:~)
2022-02-04 12:59:49,673 [EventQueue-PipelineReportForPipelineReportHandler] INFO  pipeline.PipelineManagerImpl (PipelineManagerImpl.java:openPipeline(291)) - Pipeline Pipeline[ Id: 985cf42f-20eb-4fa8-a45b-3e41619bfc42, Nodes: 20c947e9-2491-4ec2-ac6b-23c6a5282b40{ip: 10.1.0.52, host: fv-az116-891.vzw04321ajxubdbcnpick5nqva.xx.internal.cloudapp.net, ports: [REPLICATION=43433, RATIS=39573, RATIS_ADMIN=39573, RATIS_SERVER=39573, STANDALONE=39923], networkLocation: /default-rack, certSerialId: null, persistedOpState: IN_SERVICE, persistedOpStateExpiryEpochSec: 0}, ReplicationConfig: RATIS/ONE, State:ALLOCATED, leaderId:20c947e9-2491-4ec2-ac6b-23c6a5282b40, CreationTimestamp2022-02-04T12:59:46.662Z[Etc/UTC]] moved to OPEN state
2022-02-04 12:59:49,673 [pool-467-thread-1] INFO  server.RaftServerConfigKeys (ConfUtils.java:logGet(44)) - raft.server.notification.no-leader.timeout = 300s (custom)
2022-02-04 12:59:49,674 [pool-467-thread-1] INFO  server.RaftServerConfigKeys (ConfUtils.java:logGet(44)) - raft.server.log.use.memory = false (default)
2022-02-04 12:59:49,674 [pool-467-thread-1] INFO  server.RaftServerConfigKeys (ConfUtils.java:logGet(44)) - raft.server.log.purge.gap = 1000000 (custom)
2022-02-04 12:59:49,674 [pool-467-thread-1] INFO  server.RaftServerConfigKeys (ConfUtils.java:logGet(44)) - raft.server.log.appender.buffer.byte-limit = 33554432 (custom)
2022-02-04 12:59:49,674 [pool-467-thread-1] INFO  server.RaftServerConfigKeys (ConfUtils.java:logGet(44)) - raft.server.log.segment.size.max = 1048576 (custom)
2022-02-04 12:59:49,674 [pool-467-thread-1] INFO  server.RaftServerConfigKeys (ConfUtils.java:logGet(44)) - raft.server.log.segment.cache.num.max = 2 (custom)
2022-02-04 12:59:49,675 [pool-467-thread-1] INFO  server.RaftServerConfigKeys (ConfUtils.java:logGet(44)) - raft.server.log.segment.cache.size.max = 200MB (=209715200) (default)
2022-02-04 12:59:49,675 [pool-467-thread-1] INFO  segmented.SegmentedRaftLogWorker (SegmentedRaftLogWorker.java:<init>(182)) - new 20c947e9-2491-4ec2-ac6b-23c6a5282b40@group-3E41619BFC42-SegmentedRaftLogWorker for RaftStorageImpl:Storage Directory /home/runner/work/ozone/ozone/hadoop-ozone/integration-test/target/test-dir/MiniOzoneClusterImpl-782824e0-d6a6-4661-a42b-aa8966ebbd0c/datanode-0/data/ratis/985cf42f-20eb-4fa8-a45b-3e41619bfc42
2022-02-04 12:59:49,676 [pool-467-thread-1] INFO  server.RaftServerConfigKeys (ConfUtils.java:logGet(44)) - raft.server.log.queue.byte-limit = 2147483647 (custom)
2022-02-04 12:59:49,676 [pool-467-thread-1] INFO  server.RaftServerConfigKeys (ConfUtils.java:logGet(44)) - raft.server.log.queue.element-limit = 1024 (custom)
2022-02-04 12:59:49,676 [pool-467-thread-1] INFO  server.RaftServerConfigKeys (ConfUtils.java:logGet(44)) - raft.server.log.segment.size.max = 1048576 (custom)
2022-02-04 12:59:49,676 [pool-467-thread-1] INFO  server.RaftServerConfigKeys (ConfUtils.java:logGet(44)) - raft.server.log.preallocated.size = 16384 (custom)
2022-02-04 12:59:49,677 [pool-467-thread-1] INFO  server.RaftServerConfigKeys (ConfUtils.java:logGet(44)) - raft.server.log.force.sync.num = 128 (default)
2022-02-04 12:59:49,677 [pool-467-thread-1] INFO  server.RaftServerConfigKeys (ConfUtils.java:logGet(44)) - raft.server.log.statemachine.data.sync = true (default)
2022-02-04 12:59:49,677 [pool-467-thread-1] INFO  server.RaftServerConfigKeys (ConfUtils.java:logGet(44)) - raft.server.log.statemachine.data.sync.timeout = 10s (default)
2022-02-04 12:59:49,677 [pool-467-thread-1] INFO  server.RaftServerConfigKeys (ConfUtils.java:logGet(44)) - raft.server.log.statemachine.data.sync.timeout.retry = -1 (default)
2022-02-04 12:59:49,678 [pool-467-thread-1] INFO  server.RaftServerConfigKeys (ConfUtils.java:logGet(44)) - raft.server.log.write.buffer.size = 1048576 (custom)
2022-02-04 12:59:49,678 [pool-467-thread-1] INFO  server.RaftServerConfigKeys (ConfUtils.java:logGet(44)) - raft.server.log.statemachine.data.caching.enabled = true (custom)
2022-02-04 12:59:49,681 [pool-467-thread-1] INFO  segmented.SegmentedRaftLogWorker (SegmentedRaftLogWorker.java:lambda$new$0(133)) - 20c947e9-2491-4ec2-ac6b-23c6a5282b40@group-3E41619BFC42-SegmentedRaftLogWorker: flushIndex: setUnconditionally 0 -> -1
2022-02-04 12:59:49,681 [pool-467-thread-1] INFO  segmented.SegmentedRaftLogWorker (SegmentedRaftLogWorker.java:lambda$new$0(133)) - 20c947e9-2491-4ec2-ac6b-23c6a5282b40@group-3E41619BFC42-SegmentedRaftLogWorker: safeCacheEvictIndex: setUnconditionally 0 -> -1
2022-02-04 12:59:49,683 [pool-467-thread-1] INFO  server.RaftServerConfigKeys (ConfUtils.java:logGet(44)) - raft.server.snapshot.auto.trigger.enabled = true (custom)
2022-02-04 12:59:49,683 [pool-467-thread-1] INFO  server.RaftServerConfigKeys (ConfUtils.java:logGet(44)) - raft.server.snapshot.auto.trigger.threshold = 10000 (custom)
2022-02-04 12:59:49,683 [pool-467-thread-1] INFO  server.RaftServerConfigKeys (ConfUtils.java:logGet(44)) - raft.server.snapshot.retention.file.num = 5 (custom)
2022-02-04 12:59:49,683 [pool-467-thread-1] INFO  server.RaftServerConfigKeys (ConfUtils.java:logGet(44)) - raft.server.log.purge.upto.snapshot.index = false (default)
2022-02-04 12:59:49,684 [pool-467-thread-1] INFO  server.RaftServerConfigKeys (ConfUtils.java:logGet(44)) - raft.server.retrycache.expirytime = 600000ms (custom)
2022-02-04 12:59:49,684 [pool-467-thread-1] INFO  server.RaftServerConfigKeys (ConfUtils.java:logGet(44)) - raft.server.retrycache.statistics.expirytime = 100μs (default)
2022-02-04 12:59:49,685 [pool-467-thread-1] INFO  server.RaftServer$Division (RaftServerImpl.java:start(301)) - 20c947e9-2491-4ec2-ac6b-23c6a5282b40@group-3E41619BFC42: start as a follower, conf=-1: [20c947e9-2491-4ec2-ac6b-23c6a5282b40|rpc:10.1.0.52:39573|priority:1], old=null
2022-02-04 12:59:49,685 [pool-467-thread-1] INFO  server.RaftServer$Division (RaftServerImpl.java:setRole(290)) - 20c947e9-2491-4ec2-ac6b-23c6a5282b40@group-3E41619BFC42: changes role from      null to FOLLOWER at term 0 for startAsFollower
2022-02-04 12:59:49,685 [pool-467-thread-1] INFO  impl.RoleInfo (RoleInfo.java:updateAndGet(130)) - 20c947e9-2491-4ec2-ac6b-23c6a5282b40: start 20c947e9-2491-4ec2-ac6b-23c6a5282b40@group-3E41619BFC42-FollowerState
2022-02-04 12:59:49,686 [pool-467-thread-1] INFO  util.JmxRegister (JmxRegister.java:tryRegister(44)) - Successfully registered JMX Bean with object name Ratis:service=RaftServer,group=group-3E41619BFC42,id=20c947e9-2491-4ec2-ac6b-23c6a5282b40
2022-02-04 12:59:49,695 [Command processor thread] INFO  ratis.XceiverServerRatis (XceiverServerRatis.java:addGroup(768)) - Created group PipelineID=985cf42f-20eb-4fa8-a45b-3e41619bfc42
2022-02-04 12:59:49,695 [Command processor thread] INFO  commandhandler.CreatePipelineCommandHandler (CreatePipelineCommandHandler.java:handle(106)) - Created Pipeline RATIS ONE PipelineID=985cf42f-20eb-4fa8-a45b-3e41619bfc42.
2022-02-04 12:59:49,696 [Command processor thread] INFO  server.RaftServer (RaftServerProxy.java:addNew(95)) - 20c947e9-2491-4ec2-ac6b-23c6a5282b40: addNew group-F359D992425A:[20c947e9-2491-4ec2-ac6b-23c6a5282b40|rpc:10.1.0.52:39573|priority:0, e198e8aa-ac7e-482e-b774-3b2c159474e4|rpc:10.1.0.52:43823|priority:0, 0f498a75-cc04-4524-9ea4-078af0041db3|rpc:10.1.0.52:39849|priority:1] returns group-F359D992425A:java.util.concurrent.CompletableFuture@4eacbed6[Not completed]
2022-02-04 12:59:49,696 [pool-467-thread-1] INFO  server.RaftServer$Division (RaftServerImpl.java:<init>(184)) - 20c947e9-2491-4ec2-ac6b-23c6a5282b40: new RaftServerImpl for group-F359D992425A:[20c947e9-2491-4ec2-ac6b-23c6a5282b40|rpc:10.1.0.52:39573|priority:0, e198e8aa-ac7e-482e-b774-3b2c159474e4|rpc:10.1.0.52:43823|priority:0, 0f498a75-cc04-4524-9ea4-078af0041db3|rpc:10.1.0.52:39849|priority:1] with ContainerStateMachine:uninitialized
2022-02-04 12:59:49,696 [pool-467-thread-1] INFO  server.RaftServerConfigKeys (ConfUtils.java:logGet(44)) - raft.server.rpc.timeout.min = 5s (custom)
2022-02-04 12:59:49,696 [pool-467-thread-1] INFO  server.RaftServerConfigKeys (ConfUtils.java:logGet(44)) - raft.server.rpc.timeout.max = 5200ms (custom)
2022-02-04 12:59:49,696 [pool-467-thread-1] INFO  server.RaftServerConfigKeys (ConfUtils.java:logGet(44)) - raft.server.rpc.sleep.time = 25ms (default)
2022-02-04 12:59:49,696 [pool-467-thread-1] INFO  server.RaftServerConfigKeys (ConfUtils.java:logGet(44)) - raft.server.rpc.slowness.timeout = 300s (custom)
2022-02-04 12:59:49,696 [pool-467-thread-1] INFO  server.RaftServerConfigKeys (ConfUtils.java:logGet(44)) - raft.server.leaderelection.leader.step-down.wait-time = 10s (default)
2022-02-04 12:59:49,696 [pool-467-thread-1] INFO  server.RaftServerConfigKeys (ConfUtils.java:logGet(44)) - raft.server.sleep.deviation.threshold = 300ms (default)
2022-02-04 12:59:49,696 [pool-467-thread-1] INFO  server.RaftServerConfigKeys (ConfUtils.java:logGet(44)) - raft.server.log.appender.install.snapshot.enabled = false (custom)
2022-02-04 12:59:49,697 [pool-467-thread-1] INFO  server.RaftServer$Division (ServerState.java:<init>(105)) - 20c947e9-2491-4ec2-ac6b-23c6a5282b40@group-F359D992425A: ConfigurationManager, init=-1: [20c947e9-2491-4ec2-ac6b-23c6a5282b40|rpc:10.1.0.52:39573|priority:0, e198e8aa-ac7e-482e-b774-3b2c159474e4|rpc:10.1.0.52:43823|priority:0, 0f498a75-cc04-4524-9ea4-078af0041db3|rpc:10.1.0.52:39849|priority:1], old=null, confs=<EMPTY_MAP>
2022-02-04 12:59:49,697 [pool-467-thread-1] INFO  server.RaftServerConfigKeys (ConfUtils.java:logGet(44)) - raft.server.storage.dir = [/home/runner/work/ozone/ozone/hadoop-ozone/integration-test/target/test-dir/MiniOzoneClusterImpl-782824e0-d6a6-4661-a42b-aa8966ebbd0c/datanode-0/data/ratis] (custom)
2022-02-04 12:59:49,697 [pool-467-thread-1] INFO  server.RaftServerConfigKeys (ConfUtils.java:logGet(44)) - raft.server.log.corruption.policy = EXCEPTION (default)
2022-02-04 12:59:49,697 [pool-467-thread-1] INFO  server.RaftServerConfigKeys (ConfUtils.java:logGet(44)) - raft.server.storage.free-space.min = 0MB (=0) (default)
2022-02-04 12:59:49,697 [pool-467-thread-1] INFO  storage.RaftStorageDirectory (RaftStorageDirectoryImpl.java:analyzeStorage(135)) - The storage directory /home/runner/work/ozone/ozone/hadoop-ozone/integration-test/target/test-dir/MiniOzoneClusterImpl-782824e0-d6a6-4661-a42b-aa8966ebbd0c/datanode-0/data/ratis/443ee736-5b15-423d-a2f2-f359d992425a does not exist. Creating ...
2022-02-04 12:59:49,697 [EventQueue-OpenPipelineForHealthyPipelineSafeModeRule] INFO  safemode.SCMSafeModeManager (HealthyPipelineSafeModeRule.java:process(124)) - SCM in safe mode. Healthy pipelines reported count is 0, required healthy pipeline reported count is 1
2022-02-04 12:59:49,698 [pool-467-thread-1] INFO  storage.RaftStorageDirectory (RaftStorageDirectoryImpl.java:tryLock(230)) - Lock on /home/runner/work/ozone/ozone/hadoop-ozone/integration-test/target/test-dir/MiniOzoneClusterImpl-782824e0-d6a6-4661-a42b-aa8966ebbd0c/datanode-0/data/ratis/443ee736-5b15-423d-a2f2-f359d992425a/in_use.lock acquired by nodename 13540@fv-az116-891
2022-02-04 12:59:49,699 [pool-467-thread-1] INFO  storage.RaftStorage (RaftStorageImpl.java:format(89)) - Storage directory /home/runner/work/ozone/ozone/hadoop-ozone/integration-test/target/test-dir/MiniOzoneClusterImpl-782824e0-d6a6-4661-a42b-aa8966ebbd0c/datanode-0/data/ratis/443ee736-5b15-423d-a2f2-f359d992425a has been successfully formatted.
2022-02-04 12:59:49,700 [pool-467-thread-1] INFO  ratis.ContainerStateMachine (ContainerStateMachine.java:loadSnapshot(231)) - group-F359D992425A: The snapshot info is null. Setting the last applied indexto:(t:0, i:~)
2022-02-04 12:59:49,700 [pool-467-thread-1] INFO  server.RaftServerConfigKeys (ConfUtils.java:logGet(44)) - raft.server.notification.no-leader.timeout = 300s (custom)
2022-02-04 12:59:49,700 [pool-467-thread-1] INFO  server.RaftServerConfigKeys (ConfUtils.java:logGet(44)) - raft.server.log.use.memory = false (default)
2022-02-04 12:59:49,700 [pool-467-thread-1] INFO  server.RaftServerConfigKeys (ConfUtils.java:logGet(44)) - raft.server.log.purge.gap = 1000000 (custom)
2022-02-04 12:59:49,700 [pool-467-thread-1] INFO  server.RaftServerConfigKeys (ConfUtils.java:logGet(44)) - raft.server.log.appender.buffer.byte-limit = 33554432 (custom)
2022-02-04 12:59:49,700 [pool-467-thread-1] INFO  server.RaftServerConfigKeys (ConfUtils.java:logGet(44)) - raft.server.log.segment.size.max = 1048576 (custom)
2022-02-04 12:59:49,701 [pool-467-thread-1] INFO  server.RaftServerConfigKeys (ConfUtils.java:logGet(44)) - raft.server.log.segment.cache.num.max = 2 (custom)
2022-02-04 12:59:49,701 [pool-467-thread-1] INFO  server.RaftServerConfigKeys (ConfUtils.java:logGet(44)) - raft.server.log.segment.cache.size.max = 200MB (=209715200) (default)
2022-02-04 12:59:49,701 [pool-467-thread-1] INFO  segmented.SegmentedRaftLogWorker (SegmentedRaftLogWorker.java:<init>(182)) - new 20c947e9-2491-4ec2-ac6b-23c6a5282b40@group-F359D992425A-SegmentedRaftLogWorker for RaftStorageImpl:Storage Directory /home/runner/work/ozone/ozone/hadoop-ozone/integration-test/target/test-dir/MiniOzoneClusterImpl-782824e0-d6a6-4661-a42b-aa8966ebbd0c/datanode-0/data/ratis/443ee736-5b15-423d-a2f2-f359d992425a
2022-02-04 12:59:49,701 [pool-467-thread-1] INFO  server.RaftServerConfigKeys (ConfUtils.java:logGet(44)) - raft.server.log.queue.byte-limit = 2147483647 (custom)
2022-02-04 12:59:49,701 [pool-467-thread-1] INFO  server.RaftServerConfigKeys (ConfUtils.java:logGet(44)) - raft.server.log.queue.element-limit = 1024 (custom)
2022-02-04 12:59:49,701 [pool-467-thread-1] INFO  server.RaftServerConfigKeys (ConfUtils.java:logGet(44)) - raft.server.log.segment.size.max = 1048576 (custom)
2022-02-04 12:59:49,701 [pool-467-thread-1] INFO  server.RaftServerConfigKeys (ConfUtils.java:logGet(44)) - raft.server.log.preallocated.size = 16384 (custom)
2022-02-04 12:59:49,701 [pool-467-thread-1] INFO  server.RaftServerConfigKeys (ConfUtils.java:logGet(44)) - raft.server.log.force.sync.num = 128 (default)
2022-02-04 12:59:49,701 [EventQueue-OpenPipelineForHealthyPipelineSafeModeRule] INFO  safemode.SCMSafeModeManager (HealthyPipelineSafeModeRule.java:process(124)) - SCM in safe mode. Healthy pipelines reported count is 0, required healthy pipeline reported count is 1
2022-02-04 12:59:49,701 [pool-467-thread-1] INFO  server.RaftServerConfigKeys (ConfUtils.java:logGet(44)) - raft.server.log.statemachine.data.sync = true (default)
2022-02-04 12:59:49,701 [pool-467-thread-1] INFO  server.RaftServerConfigKeys (ConfUtils.java:logGet(44)) - raft.server.log.statemachine.data.sync.timeout = 10s (default)
2022-02-04 12:59:49,702 [pool-467-thread-1] INFO  server.RaftServerConfigKeys (ConfUtils.java:logGet(44)) - raft.server.log.statemachine.data.sync.timeout.retry = -1 (default)
2022-02-04 12:59:49,702 [pool-467-thread-1] INFO  server.RaftServerConfigKeys (ConfUtils.java:logGet(44)) - raft.server.log.write.buffer.size = 1048576 (custom)
2022-02-04 12:59:49,703 [pool-467-thread-1] INFO  server.RaftServerConfigKeys (ConfUtils.java:logGet(44)) - raft.server.log.statemachine.data.caching.enabled = true (custom)
2022-02-04 12:59:49,703 [pool-467-thread-1] INFO  segmented.SegmentedRaftLogWorker (SegmentedRaftLogWorker.java:lambda$new$0(133)) - 20c947e9-2491-4ec2-ac6b-23c6a5282b40@group-F359D992425A-SegmentedRaftLogWorker: flushIndex: setUnconditionally 0 -> -1
2022-02-04 12:59:49,703 [pool-467-thread-1] INFO  segmented.SegmentedRaftLogWorker (SegmentedRaftLogWorker.java:lambda$new$0(133)) - 20c947e9-2491-4ec2-ac6b-23c6a5282b40@group-F359D992425A-SegmentedRaftLogWorker: safeCacheEvictIndex: setUnconditionally 0 -> -1
2022-02-04 12:59:49,705 [pool-467-thread-1] INFO  server.RaftServerConfigKeys (ConfUtils.java:logGet(44)) - raft.server.snapshot.auto.trigger.enabled = true (custom)
2022-02-04 12:59:49,706 [pool-467-thread-1] INFO  server.RaftServerConfigKeys (ConfUtils.java:logGet(44)) - raft.server.snapshot.auto.trigger.threshold = 10000 (custom)
2022-02-04 12:59:49,706 [pool-467-thread-1] INFO  server.RaftServerConfigKeys (ConfUtils.java:logGet(44)) - raft.server.snapshot.retention.file.num = 5 (custom)
2022-02-04 12:59:49,706 [pool-467-thread-1] INFO  server.RaftServerConfigKeys (ConfUtils.java:logGet(44)) - raft.server.log.purge.upto.snapshot.index = false (default)
2022-02-04 12:59:49,706 [pool-467-thread-1] INFO  server.RaftServerConfigKeys (ConfUtils.java:logGet(44)) - raft.server.retrycache.expirytime = 600000ms (custom)
2022-02-04 12:59:49,706 [pool-467-thread-1] INFO  server.RaftServerConfigKeys (ConfUtils.java:logGet(44)) - raft.server.retrycache.statistics.expirytime = 100μs (default)
2022-02-04 12:59:49,708 [pool-467-thread-1] INFO  server.RaftServer$Division (RaftServerImpl.java:start(301)) - 20c947e9-2491-4ec2-ac6b-23c6a5282b40@group-F359D992425A: start as a follower, conf=-1: [20c947e9-2491-4ec2-ac6b-23c6a5282b40|rpc:10.1.0.52:39573|priority:0, e198e8aa-ac7e-482e-b774-3b2c159474e4|rpc:10.1.0.52:43823|priority:0, 0f498a75-cc04-4524-9ea4-078af0041db3|rpc:10.1.0.52:39849|priority:1], old=null
2022-02-04 12:59:49,708 [pool-467-thread-1] INFO  server.RaftServer$Division (RaftServerImpl.java:setRole(290)) - 20c947e9-2491-4ec2-ac6b-23c6a5282b40@group-F359D992425A: changes role from      null to FOLLOWER at term 0 for startAsFollower
2022-02-04 12:59:49,708 [pool-467-thread-1] INFO  impl.RoleInfo (RoleInfo.java:updateAndGet(130)) - 20c947e9-2491-4ec2-ac6b-23c6a5282b40: start 20c947e9-2491-4ec2-ac6b-23c6a5282b40@group-F359D992425A-FollowerState
2022-02-04 12:59:49,708 [pool-467-thread-1] INFO  util.JmxRegister (JmxRegister.java:tryRegister(44)) - Successfully registered JMX Bean with object name Ratis:service=RaftServer,group=group-F359D992425A,id=20c947e9-2491-4ec2-ac6b-23c6a5282b40
2022-02-04 12:59:49,709 [Command processor thread] INFO  ratis.XceiverServerRatis (XceiverServerRatis.java:addGroup(768)) - Created group PipelineID=443ee736-5b15-423d-a2f2-f359d992425a
2022-02-04 12:59:49,721 [grpc-default-executor-0] INFO  server.RaftServer (RaftServerProxy.java:addNew(95)) - e198e8aa-ac7e-482e-b774-3b2c159474e4: addNew group-F359D992425A:[20c947e9-2491-4ec2-ac6b-23c6a5282b40|rpc:10.1.0.52:39573|dataStream:|priority:0, e198e8aa-ac7e-482e-b774-3b2c159474e4|rpc:10.1.0.52:43823|dataStream:|priority:0, 0f498a75-cc04-4524-9ea4-078af0041db3|rpc:10.1.0.52:39849|dataStream:|priority:1] returns group-F359D992425A:java.util.concurrent.CompletableFuture@5304b85b[Not completed]
2022-02-04 12:59:49,734 [pool-489-thread-1] INFO  server.RaftServer$Division (RaftServerImpl.java:<init>(184)) - e198e8aa-ac7e-482e-b774-3b2c159474e4: new RaftServerImpl for group-F359D992425A:[20c947e9-2491-4ec2-ac6b-23c6a5282b40|rpc:10.1.0.52:39573|dataStream:|priority:0, e198e8aa-ac7e-482e-b774-3b2c159474e4|rpc:10.1.0.52:43823|dataStream:|priority:0, 0f498a75-cc04-4524-9ea4-078af0041db3|rpc:10.1.0.52:39849|dataStream:|priority:1] with ContainerStateMachine:uninitialized
2022-02-04 12:59:49,735 [pool-489-thread-1] INFO  server.RaftServerConfigKeys (ConfUtils.java:logGet(44)) - raft.server.rpc.timeout.min = 5s (custom)
2022-02-04 12:59:49,735 [pool-489-thread-1] INFO  server.RaftServerConfigKeys (ConfUtils.java:logGet(44)) - raft.server.rpc.timeout.max = 5200ms (custom)
2022-02-04 12:59:49,735 [pool-489-thread-1] INFO  server.RaftServerConfigKeys (ConfUtils.java:logGet(44)) - raft.server.rpc.sleep.time = 25ms (default)
2022-02-04 12:59:49,735 [pool-489-thread-1] INFO  server.RaftServerConfigKeys (ConfUtils.java:logGet(44)) - raft.server.rpc.slowness.timeout = 300s (custom)
2022-02-04 12:59:49,735 [pool-489-thread-1] INFO  server.RaftServerConfigKeys (ConfUtils.java:logGet(44)) - raft.server.leaderelection.leader.step-down.wait-time = 10s (default)
2022-02-04 12:59:49,735 [pool-489-thread-1] INFO  server.RaftServerConfigKeys (ConfUtils.java:logGet(44)) - raft.server.sleep.deviation.threshold = 300ms (default)
2022-02-04 12:59:49,735 [pool-489-thread-1] INFO  server.RaftServerConfigKeys (ConfUtils.java:logGet(44)) - raft.server.log.appender.install.snapshot.enabled = false (custom)
2022-02-04 12:59:49,735 [pool-489-thread-1] INFO  server.RaftServer$Division (ServerState.java:<init>(105)) - e198e8aa-ac7e-482e-b774-3b2c159474e4@group-F359D992425A: ConfigurationManager, init=-1: [20c947e9-2491-4ec2-ac6b-23c6a5282b40|rpc:10.1.0.52:39573|dataStream:|priority:0, e198e8aa-ac7e-482e-b774-3b2c159474e4|rpc:10.1.0.52:43823|dataStream:|priority:0, 0f498a75-cc04-4524-9ea4-078af0041db3|rpc:10.1.0.52:39849|dataStream:|priority:1], old=null, confs=<EMPTY_MAP>
2022-02-04 12:59:49,735 [pool-489-thread-1] INFO  server.RaftServerConfigKeys (ConfUtils.java:logGet(44)) - raft.server.storage.dir = [/home/runner/work/ozone/ozone/hadoop-ozone/integration-test/target/test-dir/MiniOzoneClusterImpl-782824e0-d6a6-4661-a42b-aa8966ebbd0c/datanode-1/data/ratis] (custom)
2022-02-04 12:59:49,735 [pool-489-thread-1] INFO  server.RaftServerConfigKeys (ConfUtils.java:logGet(44)) - raft.server.log.corruption.policy = EXCEPTION (default)
2022-02-04 12:59:49,735 [pool-489-thread-1] INFO  server.RaftServerConfigKeys (ConfUtils.java:logGet(44)) - raft.server.storage.free-space.min = 0MB (=0) (default)
2022-02-04 12:59:49,735 [pool-489-thread-1] INFO  storage.RaftStorageDirectory (RaftStorageDirectoryImpl.java:analyzeStorage(135)) - The storage directory /home/runner/work/ozone/ozone/hadoop-ozone/integration-test/target/test-dir/MiniOzoneClusterImpl-782824e0-d6a6-4661-a42b-aa8966ebbd0c/datanode-1/data/ratis/443ee736-5b15-423d-a2f2-f359d992425a does not exist. Creating ...
2022-02-04 12:59:49,737 [pool-489-thread-1] INFO  storage.RaftStorageDirectory (RaftStorageDirectoryImpl.java:tryLock(230)) - Lock on /home/runner/work/ozone/ozone/hadoop-ozone/integration-test/target/test-dir/MiniOzoneClusterImpl-782824e0-d6a6-4661-a42b-aa8966ebbd0c/datanode-1/data/ratis/443ee736-5b15-423d-a2f2-f359d992425a/in_use.lock acquired by nodename 13540@fv-az116-891
2022-02-04 12:59:49,742 [pool-489-thread-1] INFO  storage.RaftStorage (RaftStorageImpl.java:format(89)) - Storage directory /home/runner/work/ozone/ozone/hadoop-ozone/integration-test/target/test-dir/MiniOzoneClusterImpl-782824e0-d6a6-4661-a42b-aa8966ebbd0c/datanode-1/data/ratis/443ee736-5b15-423d-a2f2-f359d992425a has been successfully formatted.
2022-02-04 12:59:49,744 [pool-489-thread-1] INFO  ratis.ContainerStateMachine (ContainerStateMachine.java:loadSnapshot(231)) - group-F359D992425A: The snapshot info is null. Setting the last applied indexto:(t:0, i:~)
2022-02-04 12:59:49,744 [pool-489-thread-1] INFO  server.RaftServerConfigKeys (ConfUtils.java:logGet(44)) - raft.server.notification.no-leader.timeout = 300s (custom)
2022-02-04 12:59:49,744 [pool-489-thread-1] INFO  server.RaftServerConfigKeys (ConfUtils.java:logGet(44)) - raft.server.log.use.memory = false (default)
2022-02-04 12:59:49,744 [pool-489-thread-1] INFO  server.RaftServerConfigKeys (ConfUtils.java:logGet(44)) - raft.server.log.purge.gap = 1000000 (custom)
2022-02-04 12:59:49,744 [pool-489-thread-1] INFO  server.RaftServerConfigKeys (ConfUtils.java:logGet(44)) - raft.server.log.appender.buffer.byte-limit = 33554432 (custom)
2022-02-04 12:59:49,744 [pool-489-thread-1] INFO  server.RaftServerConfigKeys (ConfUtils.java:logGet(44)) - raft.server.log.segment.size.max = 1048576 (custom)
2022-02-04 12:59:49,745 [pool-489-thread-1] INFO  server.RaftServerConfigKeys (ConfUtils.java:logGet(44)) - raft.server.log.segment.cache.num.max = 2 (custom)
2022-02-04 12:59:49,745 [pool-489-thread-1] INFO  server.RaftServerConfigKeys (ConfUtils.java:logGet(44)) - raft.server.log.segment.cache.size.max = 200MB (=209715200) (default)
2022-02-04 12:59:49,745 [pool-489-thread-1] INFO  segmented.SegmentedRaftLogWorker (SegmentedRaftLogWorker.java:<init>(182)) - new e198e8aa-ac7e-482e-b774-3b2c159474e4@group-F359D992425A-SegmentedRaftLogWorker for RaftStorageImpl:Storage Directory /home/runner/work/ozone/ozone/hadoop-ozone/integration-test/target/test-dir/MiniOzoneClusterImpl-782824e0-d6a6-4661-a42b-aa8966ebbd0c/datanode-1/data/ratis/443ee736-5b15-423d-a2f2-f359d992425a
2022-02-04 12:59:49,745 [pool-489-thread-1] INFO  server.RaftServerConfigKeys (ConfUtils.java:logGet(44)) - raft.server.log.queue.byte-limit = 2147483647 (custom)
2022-02-04 12:59:49,745 [pool-489-thread-1] INFO  server.RaftServerConfigKeys (ConfUtils.java:logGet(44)) - raft.server.log.queue.element-limit = 1024 (custom)
2022-02-04 12:59:49,745 [pool-489-thread-1] INFO  server.RaftServerConfigKeys (ConfUtils.java:logGet(44)) - raft.server.log.segment.size.max = 1048576 (custom)
2022-02-04 12:59:49,745 [pool-489-thread-1] INFO  server.RaftServerConfigKeys (ConfUtils.java:logGet(44)) - raft.server.log.preallocated.size = 16384 (custom)
2022-02-04 12:59:49,745 [pool-489-thread-1] INFO  server.RaftServerConfigKeys (ConfUtils.java:logGet(44)) - raft.server.log.force.sync.num = 128 (default)
2022-02-04 12:59:49,745 [pool-489-thread-1] INFO  server.RaftServerConfigKeys (ConfUtils.java:logGet(44)) - raft.server.log.statemachine.data.sync = true (default)
2022-02-04 12:59:49,745 [pool-489-thread-1] INFO  server.RaftServerConfigKeys (ConfUtils.java:logGet(44)) - raft.server.log.statemachine.data.sync.timeout = 10s (default)
2022-02-04 12:59:49,745 [pool-489-thread-1] INFO  server.RaftServerConfigKeys (ConfUtils.java:logGet(44)) - raft.server.log.statemachine.data.sync.timeout.retry = -1 (default)
2022-02-04 12:59:49,746 [pool-489-thread-1] INFO  server.RaftServerConfigKeys (ConfUtils.java:logGet(44)) - raft.server.log.write.buffer.size = 1048576 (custom)
2022-02-04 12:59:49,747 [pool-489-thread-1] INFO  server.RaftServerConfigKeys (ConfUtils.java:logGet(44)) - raft.server.log.statemachine.data.caching.enabled = true (custom)
2022-02-04 12:59:49,747 [pool-489-thread-1] INFO  segmented.SegmentedRaftLogWorker (SegmentedRaftLogWorker.java:lambda$new$0(133)) - e198e8aa-ac7e-482e-b774-3b2c159474e4@group-F359D992425A-SegmentedRaftLogWorker: flushIndex: setUnconditionally 0 -> -1
2022-02-04 12:59:49,747 [pool-489-thread-1] INFO  segmented.SegmentedRaftLogWorker (SegmentedRaftLogWorker.java:lambda$new$0(133)) - e198e8aa-ac7e-482e-b774-3b2c159474e4@group-F359D992425A-SegmentedRaftLogWorker: safeCacheEvictIndex: setUnconditionally 0 -> -1
2022-02-04 12:59:49,761 [pool-489-thread-1] INFO  server.RaftServerConfigKeys (ConfUtils.java:logGet(44)) - raft.server.snapshot.auto.trigger.enabled = true (custom)
2022-02-04 12:59:49,761 [pool-489-thread-1] INFO  server.RaftServerConfigKeys (ConfUtils.java:logGet(44)) - raft.server.snapshot.auto.trigger.threshold = 10000 (custom)
2022-02-04 12:59:49,761 [pool-489-thread-1] INFO  server.RaftServerConfigKeys (ConfUtils.java:logGet(44)) - raft.server.snapshot.retention.file.num = 5 (custom)
2022-02-04 12:59:49,761 [pool-489-thread-1] INFO  server.RaftServerConfigKeys (ConfUtils.java:logGet(44)) - raft.server.log.purge.upto.snapshot.index = false (default)
2022-02-04 12:59:49,761 [pool-489-thread-1] INFO  server.RaftServerConfigKeys (ConfUtils.java:logGet(44)) - raft.server.retrycache.expirytime = 600000ms (custom)
2022-02-04 12:59:49,761 [pool-489-thread-1] INFO  server.RaftServerConfigKeys (ConfUtils.java:logGet(44)) - raft.server.retrycache.statistics.expirytime = 100μs (default)
2022-02-04 12:59:49,763 [pool-489-thread-1] INFO  server.RaftServer$Division (RaftServerImpl.java:start(301)) - e198e8aa-ac7e-482e-b774-3b2c159474e4@group-F359D992425A: start as a follower, conf=-1: [20c947e9-2491-4ec2-ac6b-23c6a5282b40|rpc:10.1.0.52:39573|dataStream:|priority:0, e198e8aa-ac7e-482e-b774-3b2c159474e4|rpc:10.1.0.52:43823|dataStream:|priority:0, 0f498a75-cc04-4524-9ea4-078af0041db3|rpc:10.1.0.52:39849|dataStream:|priority:1], old=null
2022-02-04 12:59:49,763 [pool-489-thread-1] INFO  server.RaftServer$Division (RaftServerImpl.java:setRole(290)) - e198e8aa-ac7e-482e-b774-3b2c159474e4@group-F359D992425A: changes role from      null to FOLLOWER at term 0 for startAsFollower
2022-02-04 12:59:49,763 [pool-489-thread-1] INFO  impl.RoleInfo (RoleInfo.java:updateAndGet(130)) - e198e8aa-ac7e-482e-b774-3b2c159474e4: start e198e8aa-ac7e-482e-b774-3b2c159474e4@group-F359D992425A-FollowerState
2022-02-04 12:59:49,768 [pool-489-thread-1] INFO  util.JmxRegister (JmxRegister.java:tryRegister(44)) - Successfully registered JMX Bean with object name Ratis:service=RaftServer,group=group-F359D992425A,id=e198e8aa-ac7e-482e-b774-3b2c159474e4
2022-02-04 12:59:49,825 [grpc-default-executor-0] INFO  server.RaftServer (RaftServerProxy.java:addNew(95)) - 0f498a75-cc04-4524-9ea4-078af0041db3: addNew group-F359D992425A:[20c947e9-2491-4ec2-ac6b-23c6a5282b40|rpc:10.1.0.52:39573|dataStream:|priority:0, e198e8aa-ac7e-482e-b774-3b2c159474e4|rpc:10.1.0.52:43823|dataStream:|priority:0, 0f498a75-cc04-4524-9ea4-078af0041db3|rpc:10.1.0.52:39849|dataStream:|priority:1] returns group-F359D992425A:java.util.concurrent.CompletableFuture@23ca2eff[Not completed]
2022-02-04 12:59:49,834 [pool-510-thread-1] INFO  server.RaftServer$Division (RaftServerImpl.java:<init>(184)) - 0f498a75-cc04-4524-9ea4-078af0041db3: new RaftServerImpl for group-F359D992425A:[20c947e9-2491-4ec2-ac6b-23c6a5282b40|rpc:10.1.0.52:39573|dataStream:|priority:0, e198e8aa-ac7e-482e-b774-3b2c159474e4|rpc:10.1.0.52:43823|dataStream:|priority:0, 0f498a75-cc04-4524-9ea4-078af0041db3|rpc:10.1.0.52:39849|dataStream:|priority:1] with ContainerStateMachine:uninitialized
2022-02-04 12:59:49,838 [pool-510-thread-1] INFO  server.RaftServerConfigKeys (ConfUtils.java:logGet(44)) - raft.server.rpc.timeout.min = 5s (custom)
2022-02-04 12:59:49,839 [pool-510-thread-1] INFO  server.RaftServerConfigKeys (ConfUtils.java:logGet(44)) - raft.server.rpc.timeout.max = 5200ms (custom)
2022-02-04 12:59:49,839 [pool-510-thread-1] INFO  server.RaftServerConfigKeys (ConfUtils.java:logGet(44)) - raft.server.rpc.sleep.time = 25ms (default)
2022-02-04 12:59:49,839 [pool-510-thread-1] INFO  server.RaftServerConfigKeys (ConfUtils.java:logGet(44)) - raft.server.rpc.slowness.timeout = 300s (custom)
2022-02-04 12:59:49,839 [pool-510-thread-1] INFO  server.RaftServerConfigKeys (ConfUtils.java:logGet(44)) - raft.server.leaderelection.leader.step-down.wait-time = 10s (default)
2022-02-04 12:59:49,839 [pool-510-thread-1] INFO  server.RaftServerConfigKeys (ConfUtils.java:logGet(44)) - raft.server.sleep.deviation.threshold = 300ms (default)
2022-02-04 12:59:49,839 [pool-510-thread-1] INFO  server.RaftServerConfigKeys (ConfUtils.java:logGet(44)) - raft.server.log.appender.install.snapshot.enabled = false (custom)
2022-02-04 12:59:49,839 [pool-510-thread-1] INFO  server.RaftServer$Division (ServerState.java:<init>(105)) - 0f498a75-cc04-4524-9ea4-078af0041db3@group-F359D992425A: ConfigurationManager, init=-1: [20c947e9-2491-4ec2-ac6b-23c6a5282b40|rpc:10.1.0.52:39573|dataStream:|priority:0, e198e8aa-ac7e-482e-b774-3b2c159474e4|rpc:10.1.0.52:43823|dataStream:|priority:0, 0f498a75-cc04-4524-9ea4-078af0041db3|rpc:10.1.0.52:39849|dataStream:|priority:1], old=null, confs=<EMPTY_MAP>
2022-02-04 12:59:49,839 [pool-510-thread-1] INFO  server.RaftServerConfigKeys (ConfUtils.java:logGet(44)) - raft.server.storage.dir = [/home/runner/work/ozone/ozone/hadoop-ozone/integration-test/target/test-dir/MiniOzoneClusterImpl-782824e0-d6a6-4661-a42b-aa8966ebbd0c/datanode-2/data/ratis] (custom)
2022-02-04 12:59:49,839 [pool-510-thread-1] INFO  server.RaftServerConfigKeys (ConfUtils.java:logGet(44)) - raft.server.log.corruption.policy = EXCEPTION (default)
2022-02-04 12:59:49,839 [pool-510-thread-1] INFO  server.RaftServerConfigKeys (ConfUtils.java:logGet(44)) - raft.server.storage.free-space.min = 0MB (=0) (default)
2022-02-04 12:59:49,839 [pool-510-thread-1] INFO  storage.RaftStorageDirectory (RaftStorageDirectoryImpl.java:analyzeStorage(135)) - The storage directory /home/runner/work/ozone/ozone/hadoop-ozone/integration-test/target/test-dir/MiniOzoneClusterImpl-782824e0-d6a6-4661-a42b-aa8966ebbd0c/datanode-2/data/ratis/443ee736-5b15-423d-a2f2-f359d992425a does not exist. Creating ...
2022-02-04 12:59:49,841 [pool-510-thread-1] INFO  storage.RaftStorageDirectory (RaftStorageDirectoryImpl.java:tryLock(230)) - Lock on /home/runner/work/ozone/ozone/hadoop-ozone/integration-test/target/test-dir/MiniOzoneClusterImpl-782824e0-d6a6-4661-a42b-aa8966ebbd0c/datanode-2/data/ratis/443ee736-5b15-423d-a2f2-f359d992425a/in_use.lock acquired by nodename 13540@fv-az116-891
2022-02-04 12:59:49,846 [pool-510-thread-1] INFO  storage.RaftStorage (RaftStorageImpl.java:format(89)) - Storage directory /home/runner/work/ozone/ozone/hadoop-ozone/integration-test/target/test-dir/MiniOzoneClusterImpl-782824e0-d6a6-4661-a42b-aa8966ebbd0c/datanode-2/data/ratis/443ee736-5b15-423d-a2f2-f359d992425a has been successfully formatted.
2022-02-04 12:59:49,848 [pool-510-thread-1] INFO  ratis.ContainerStateMachine (ContainerStateMachine.java:loadSnapshot(231)) - group-F359D992425A: The snapshot info is null. Setting the last applied indexto:(t:0, i:~)
2022-02-04 12:59:49,848 [pool-510-thread-1] INFO  server.RaftServerConfigKeys (ConfUtils.java:logGet(44)) - raft.server.notification.no-leader.timeout = 300s (custom)
2022-02-04 12:59:49,848 [pool-510-thread-1] INFO  server.RaftServerConfigKeys (ConfUtils.java:logGet(44)) - raft.server.log.use.memory = false (default)
2022-02-04 12:59:49,848 [pool-510-thread-1] INFO  server.RaftServerConfigKeys (ConfUtils.java:logGet(44)) - raft.server.log.purge.gap = 1000000 (custom)
2022-02-04 12:59:49,848 [pool-510-thread-1] INFO  server.RaftServerConfigKeys (ConfUtils.java:logGet(44)) - raft.server.log.appender.buffer.byte-limit = 33554432 (custom)
2022-02-04 12:59:49,849 [pool-510-thread-1] INFO  server.RaftServerConfigKeys (ConfUtils.java:logGet(44)) - raft.server.log.segment.size.max = 1048576 (custom)
2022-02-04 12:59:49,849 [pool-510-thread-1] INFO  server.RaftServerConfigKeys (ConfUtils.java:logGet(44)) - raft.server.log.segment.cache.num.max = 2 (custom)
2022-02-04 12:59:49,849 [pool-510-thread-1] INFO  server.RaftServerConfigKeys (ConfUtils.java:logGet(44)) - raft.server.log.segment.cache.size.max = 200MB (=209715200) (default)
2022-02-04 12:59:49,849 [pool-510-thread-1] INFO  segmented.SegmentedRaftLogWorker (SegmentedRaftLogWorker.java:<init>(182)) - new 0f498a75-cc04-4524-9ea4-078af0041db3@group-F359D992425A-SegmentedRaftLogWorker for RaftStorageImpl:Storage Directory /home/runner/work/ozone/ozone/hadoop-ozone/integration-test/target/test-dir/MiniOzoneClusterImpl-782824e0-d6a6-4661-a42b-aa8966ebbd0c/datanode-2/data/ratis/443ee736-5b15-423d-a2f2-f359d992425a
2022-02-04 12:59:49,849 [pool-510-thread-1] INFO  server.RaftServerConfigKeys (ConfUtils.java:logGet(44)) - raft.server.log.queue.byte-limit = 2147483647 (custom)
2022-02-04 12:59:49,850 [pool-510-thread-1] INFO  server.RaftServerConfigKeys (ConfUtils.java:logGet(44)) - raft.server.log.queue.element-limit = 1024 (custom)
2022-02-04 12:59:49,850 [pool-510-thread-1] INFO  server.RaftServerConfigKeys (ConfUtils.java:logGet(44)) - raft.server.log.segment.size.max = 1048576 (custom)
2022-02-04 12:59:49,850 [pool-510-thread-1] INFO  server.RaftServerConfigKeys (ConfUtils.java:logGet(44)) - raft.server.log.preallocated.size = 16384 (custom)
2022-02-04 12:59:49,850 [pool-510-thread-1] INFO  server.RaftServerConfigKeys (ConfUtils.java:logGet(44)) - raft.server.log.force.sync.num = 128 (default)
2022-02-04 12:59:49,850 [pool-510-thread-1] INFO  server.RaftServerConfigKeys (ConfUtils.java:logGet(44)) - raft.server.log.statemachine.data.sync = true (default)
2022-02-04 12:59:49,850 [pool-510-thread-1] INFO  server.RaftServerConfigKeys (ConfUtils.java:logGet(44)) - raft.server.log.statemachine.data.sync.timeout = 10s (default)
2022-02-04 12:59:49,850 [pool-510-thread-1] INFO  server.RaftServerConfigKeys (ConfUtils.java:logGet(44)) - raft.server.log.statemachine.data.sync.timeout.retry = -1 (default)
2022-02-04 12:59:49,851 [pool-510-thread-1] INFO  server.RaftServerConfigKeys (ConfUtils.java:logGet(44)) - raft.server.log.write.buffer.size = 1048576 (custom)
2022-02-04 12:59:49,852 [pool-510-thread-1] INFO  server.RaftServerConfigKeys (ConfUtils.java:logGet(44)) - raft.server.log.statemachine.data.caching.enabled = true (custom)
2022-02-04 12:59:49,852 [pool-510-thread-1] INFO  segmented.SegmentedRaftLogWorker (SegmentedRaftLogWorker.java:lambda$new$0(133)) - 0f498a75-cc04-4524-9ea4-078af0041db3@group-F359D992425A-SegmentedRaftLogWorker: flushIndex: setUnconditionally 0 -> -1
2022-02-04 12:59:49,852 [pool-510-thread-1] INFO  segmented.SegmentedRaftLogWorker (SegmentedRaftLogWorker.java:lambda$new$0(133)) - 0f498a75-cc04-4524-9ea4-078af0041db3@group-F359D992425A-SegmentedRaftLogWorker: safeCacheEvictIndex: setUnconditionally 0 -> -1
2022-02-04 12:59:49,852 [pool-510-thread-1] INFO  server.RaftServerConfigKeys (ConfUtils.java:logGet(44)) - raft.server.snapshot.auto.trigger.enabled = true (custom)
2022-02-04 12:59:49,852 [pool-510-thread-1] INFO  server.RaftServerConfigKeys (ConfUtils.java:logGet(44)) - raft.server.snapshot.auto.trigger.threshold = 10000 (custom)
2022-02-04 12:59:49,853 [pool-510-thread-1] INFO  server.RaftServerConfigKeys (ConfUtils.java:logGet(44)) - raft.server.snapshot.retention.file.num = 5 (custom)
2022-02-04 12:59:49,853 [pool-510-thread-1] INFO  server.RaftServerConfigKeys (ConfUtils.java:logGet(44)) - raft.server.log.purge.upto.snapshot.index = false (default)
2022-02-04 12:59:49,853 [pool-510-thread-1] INFO  server.RaftServerConfigKeys (ConfUtils.java:logGet(44)) - raft.server.retrycache.expirytime = 600000ms (custom)
2022-02-04 12:59:49,853 [pool-510-thread-1] INFO  server.RaftServerConfigKeys (ConfUtils.java:logGet(44)) - raft.server.retrycache.statistics.expirytime = 100μs (default)
2022-02-04 12:59:49,854 [pool-510-thread-1] INFO  server.RaftServer$Division (RaftServerImpl.java:start(301)) - 0f498a75-cc04-4524-9ea4-078af0041db3@group-F359D992425A: start as a follower, conf=-1: [20c947e9-2491-4ec2-ac6b-23c6a5282b40|rpc:10.1.0.52:39573|dataStream:|priority:0, e198e8aa-ac7e-482e-b774-3b2c159474e4|rpc:10.1.0.52:43823|dataStream:|priority:0, 0f498a75-cc04-4524-9ea4-078af0041db3|rpc:10.1.0.52:39849|dataStream:|priority:1], old=null
2022-02-04 12:59:49,854 [pool-510-thread-1] INFO  server.RaftServer$Division (RaftServerImpl.java:setRole(290)) - 0f498a75-cc04-4524-9ea4-078af0041db3@group-F359D992425A: changes role from      null to FOLLOWER at term 0 for startAsFollower
2022-02-04 12:59:49,854 [pool-510-thread-1] INFO  impl.RoleInfo (RoleInfo.java:updateAndGet(130)) - 0f498a75-cc04-4524-9ea4-078af0041db3: start 0f498a75-cc04-4524-9ea4-078af0041db3@group-F359D992425A-FollowerState
2022-02-04 12:59:49,856 [pool-510-thread-1] INFO  util.JmxRegister (JmxRegister.java:tryRegister(44)) - Successfully registered JMX Bean with object name Ratis:service=RaftServer,group=group-F359D992425A,id=0f498a75-cc04-4524-9ea4-078af0041db3
2022-02-04 12:59:49,863 [Command processor thread] INFO  commandhandler.CreatePipelineCommandHandler (CreatePipelineCommandHandler.java:handle(106)) - Created Pipeline RATIS THREE PipelineID=443ee736-5b15-423d-a2f2-f359d992425a.
2022-02-04 12:59:49,962 [Command processor thread] INFO  server.RaftServer (RaftServerProxy.java:addNew(95)) - e198e8aa-ac7e-482e-b774-3b2c159474e4: addNew group-D12E2B386B4D:[e198e8aa-ac7e-482e-b774-3b2c159474e4|rpc:10.1.0.52:43823|priority:1] returns group-D12E2B386B4D:java.util.concurrent.CompletableFuture@73ced32b[Not completed]
2022-02-04 12:59:49,963 [pool-489-thread-1] INFO  server.RaftServer$Division (RaftServerImpl.java:<init>(184)) - e198e8aa-ac7e-482e-b774-3b2c159474e4: new RaftServerImpl for group-D12E2B386B4D:[e198e8aa-ac7e-482e-b774-3b2c159474e4|rpc:10.1.0.52:43823|priority:1] with ContainerStateMachine:uninitialized
2022-02-04 12:59:49,963 [pool-489-thread-1] INFO  server.RaftServerConfigKeys (ConfUtils.java:logGet(44)) - raft.server.rpc.timeout.min = 5s (custom)
2022-02-04 12:59:49,963 [pool-489-thread-1] INFO  server.RaftServerConfigKeys (ConfUtils.java:logGet(44)) - raft.server.rpc.timeout.max = 5200ms (custom)
2022-02-04 12:59:49,963 [pool-489-thread-1] INFO  server.RaftServerConfigKeys (ConfUtils.java:logGet(44)) - raft.server.rpc.sleep.time = 25ms (default)
2022-02-04 12:59:49,963 [pool-489-thread-1] INFO  server.RaftServerConfigKeys (ConfUtils.java:logGet(44)) - raft.server.rpc.slowness.timeout = 300s (custom)
2022-02-04 12:59:49,963 [pool-489-thread-1] INFO  server.RaftServerConfigKeys (ConfUtils.java:logGet(44)) - raft.server.leaderelection.leader.step-down.wait-time = 10s (default)
2022-02-04 12:59:49,963 [pool-489-thread-1] INFO  server.RaftServerConfigKeys (ConfUtils.java:logGet(44)) - raft.server.sleep.deviation.threshold = 300ms (default)
2022-02-04 12:59:49,963 [pool-489-thread-1] INFO  server.RaftServerConfigKeys (ConfUtils.java:logGet(44)) - raft.server.log.appender.install.snapshot.enabled = false (custom)
2022-02-04 12:59:49,964 [pool-489-thread-1] INFO  server.RaftServer$Division (ServerState.java:<init>(105)) - e198e8aa-ac7e-482e-b774-3b2c159474e4@group-D12E2B386B4D: ConfigurationManager, init=-1: [e198e8aa-ac7e-482e-b774-3b2c159474e4|rpc:10.1.0.52:43823|priority:1], old=null, confs=<EMPTY_MAP>
2022-02-04 12:59:49,964 [pool-489-thread-1] INFO  server.RaftServerConfigKeys (ConfUtils.java:logGet(44)) - raft.server.storage.dir = [/home/runner/work/ozone/ozone/hadoop-ozone/integration-test/target/test-dir/MiniOzoneClusterImpl-782824e0-d6a6-4661-a42b-aa8966ebbd0c/datanode-1/data/ratis] (custom)
2022-02-04 12:59:49,964 [pool-489-thread-1] INFO  server.RaftServerConfigKeys (ConfUtils.java:logGet(44)) - raft.server.log.corruption.policy = EXCEPTION (default)
2022-02-04 12:59:49,964 [pool-489-thread-1] INFO  server.RaftServerConfigKeys (ConfUtils.java:logGet(44)) - raft.server.storage.free-space.min = 0MB (=0) (default)
2022-02-04 12:59:49,964 [pool-489-thread-1] INFO  storage.RaftStorageDirectory (RaftStorageDirectoryImpl.java:analyzeStorage(135)) - The storage directory /home/runner/work/ozone/ozone/hadoop-ozone/integration-test/target/test-dir/MiniOzoneClusterImpl-782824e0-d6a6-4661-a42b-aa8966ebbd0c/datanode-1/data/ratis/7a224167-ef4b-4a7a-a6cb-d12e2b386b4d does not exist. Creating ...
2022-02-04 12:59:49,965 [pool-489-thread-1] INFO  storage.RaftStorageDirectory (RaftStorageDirectoryImpl.java:tryLock(230)) - Lock on /home/runner/work/ozone/ozone/hadoop-ozone/integration-test/target/test-dir/MiniOzoneClusterImpl-782824e0-d6a6-4661-a42b-aa8966ebbd0c/datanode-1/data/ratis/7a224167-ef4b-4a7a-a6cb-d12e2b386b4d/in_use.lock acquired by nodename 13540@fv-az116-891
2022-02-04 12:59:49,967 [pool-489-thread-1] INFO  storage.RaftStorage (RaftStorageImpl.java:format(89)) - Storage directory /home/runner/work/ozone/ozone/hadoop-ozone/integration-test/target/test-dir/MiniOzoneClusterImpl-782824e0-d6a6-4661-a42b-aa8966ebbd0c/datanode-1/data/ratis/7a224167-ef4b-4a7a-a6cb-d12e2b386b4d has been successfully formatted.
2022-02-04 12:59:49,967 [pool-489-thread-1] INFO  ratis.ContainerStateMachine (ContainerStateMachine.java:loadSnapshot(231)) - group-D12E2B386B4D: The snapshot info is null. Setting the last applied indexto:(t:0, i:~)
2022-02-04 12:59:49,967 [pool-489-thread-1] INFO  server.RaftServerConfigKeys (ConfUtils.java:logGet(44)) - raft.server.notification.no-leader.timeout = 300s (custom)
2022-02-04 12:59:49,967 [pool-489-thread-1] INFO  server.RaftServerConfigKeys (ConfUtils.java:logGet(44)) - raft.server.log.use.memory = false (default)
2022-02-04 12:59:49,967 [pool-489-thread-1] INFO  server.RaftServerConfigKeys (ConfUtils.java:logGet(44)) - raft.server.log.purge.gap = 1000000 (custom)
2022-02-04 12:59:49,967 [pool-489-thread-1] INFO  server.RaftServerConfigKeys (ConfUtils.java:logGet(44)) - raft.server.log.appender.buffer.byte-limit = 33554432 (custom)
2022-02-04 12:59:49,968 [pool-489-thread-1] INFO  server.RaftServerConfigKeys (ConfUtils.java:logGet(44)) - raft.server.log.segment.size.max = 1048576 (custom)
2022-02-04 12:59:49,968 [pool-489-thread-1] INFO  server.RaftServerConfigKeys (ConfUtils.java:logGet(44)) - raft.server.log.segment.cache.num.max = 2 (custom)
2022-02-04 12:59:49,968 [pool-489-thread-1] INFO  server.RaftServerConfigKeys (ConfUtils.java:logGet(44)) - raft.server.log.segment.cache.size.max = 200MB (=209715200) (default)
2022-02-04 12:59:49,968 [pool-489-thread-1] INFO  segmented.SegmentedRaftLogWorker (SegmentedRaftLogWorker.java:<init>(182)) - new e198e8aa-ac7e-482e-b774-3b2c159474e4@group-D12E2B386B4D-SegmentedRaftLogWorker for RaftStorageImpl:Storage Directory /home/runner/work/ozone/ozone/hadoop-ozone/integration-test/target/test-dir/MiniOzoneClusterImpl-782824e0-d6a6-4661-a42b-aa8966ebbd0c/datanode-1/data/ratis/7a224167-ef4b-4a7a-a6cb-d12e2b386b4d
2022-02-04 12:59:49,968 [pool-489-thread-1] INFO  server.RaftServerConfigKeys (ConfUtils.java:logGet(44)) - raft.server.log.queue.byte-limit = 2147483647 (custom)
2022-02-04 12:59:49,968 [EventQueue-PipelineReportForPipelineReportHandler] INFO  pipeline.PipelineManagerImpl (PipelineManagerImpl.java:openPipeline(291)) - Pipeline Pipeline[ Id: 7a224167-ef4b-4a7a-a6cb-d12e2b386b4d, Nodes: e198e8aa-ac7e-482e-b774-3b2c159474e4{ip: 10.1.0.52, host: fv-az116-891.vzw04321ajxubdbcnpick5nqva.xx.internal.cloudapp.net, ports: [REPLICATION=38243, RATIS=43823, RATIS_ADMIN=43823, RATIS_SERVER=43823, STANDALONE=34027], networkLocation: /default-rack, certSerialId: null, persistedOpState: IN_SERVICE, persistedOpStateExpiryEpochSec: 0}, ReplicationConfig: RATIS/ONE, State:ALLOCATED, leaderId:e198e8aa-ac7e-482e-b774-3b2c159474e4, CreationTimestamp2022-02-04T12:59:46.969Z[Etc/UTC]] moved to OPEN state
2022-02-04 12:59:49,968 [pool-489-thread-1] INFO  server.RaftServerConfigKeys (ConfUtils.java:logGet(44)) - raft.server.log.queue.element-limit = 1024 (custom)
2022-02-04 12:59:49,968 [pool-489-thread-1] INFO  server.RaftServerConfigKeys (ConfUtils.java:logGet(44)) - raft.server.log.segment.size.max = 1048576 (custom)
2022-02-04 12:59:49,969 [pool-489-thread-1] INFO  server.RaftServerConfigKeys (ConfUtils.java:logGet(44)) - raft.server.log.preallocated.size = 16384 (custom)
2022-02-04 12:59:49,969 [pool-489-thread-1] INFO  server.RaftServerConfigKeys (ConfUtils.java:logGet(44)) - raft.server.log.force.sync.num = 128 (default)
2022-02-04 12:59:49,969 [pool-489-thread-1] INFO  server.RaftServerConfigKeys (ConfUtils.java:logGet(44)) - raft.server.log.statemachine.data.sync = true (default)
2022-02-04 12:59:49,969 [pool-489-thread-1] INFO  server.RaftServerConfigKeys (ConfUtils.java:logGet(44)) - raft.server.log.statemachine.data.sync.timeout = 10s (default)
2022-02-04 12:59:49,969 [EventQueue-OpenPipelineForHealthyPipelineSafeModeRule] INFO  safemode.SCMSafeModeManager (HealthyPipelineSafeModeRule.java:process(124)) - SCM in safe mode. Healthy pipelines reported count is 0, required healthy pipeline reported count is 1
2022-02-04 12:59:49,969 [pool-489-thread-1] INFO  server.RaftServerConfigKeys (ConfUtils.java:logGet(44)) - raft.server.log.statemachine.data.sync.timeout.retry = -1 (default)
2022-02-04 12:59:49,970 [pool-489-thread-1] INFO  server.RaftServerConfigKeys (ConfUtils.java:logGet(44)) - raft.server.log.write.buffer.size = 1048576 (custom)
2022-02-04 12:59:49,970 [pool-489-thread-1] INFO  server.RaftServerConfigKeys (ConfUtils.java:logGet(44)) - raft.server.log.statemachine.data.caching.enabled = true (custom)
2022-02-04 12:59:49,971 [pool-489-thread-1] INFO  segmented.SegmentedRaftLogWorker (SegmentedRaftLogWorker.java:lambda$new$0(133)) - e198e8aa-ac7e-482e-b774-3b2c159474e4@group-D12E2B386B4D-SegmentedRaftLogWorker: flushIndex: setUnconditionally 0 -> -1
2022-02-04 12:59:49,971 [pool-489-thread-1] INFO  segmented.SegmentedRaftLogWorker (SegmentedRaftLogWorker.java:lambda$new$0(133)) - e198e8aa-ac7e-482e-b774-3b2c159474e4@group-D12E2B386B4D-SegmentedRaftLogWorker: safeCacheEvictIndex: setUnconditionally 0 -> -1
2022-02-04 12:59:49,973 [pool-489-thread-1] INFO  server.RaftServerConfigKeys (ConfUtils.java:logGet(44)) - raft.server.snapshot.auto.trigger.enabled = true (custom)
2022-02-04 12:59:49,975 [pool-489-thread-1] INFO  server.RaftServerConfigKeys (ConfUtils.java:logGet(44)) - raft.server.snapshot.auto.trigger.threshold = 10000 (custom)
2022-02-04 12:59:49,975 [pool-489-thread-1] INFO  server.RaftServerConfigKeys (ConfUtils.java:logGet(44)) - raft.server.snapshot.retention.file.num = 5 (custom)
2022-02-04 12:59:49,975 [pool-489-thread-1] INFO  server.RaftServerConfigKeys (ConfUtils.java:logGet(44)) - raft.server.log.purge.upto.snapshot.index = false (default)
2022-02-04 12:59:49,975 [pool-489-thread-1] INFO  server.RaftServerConfigKeys (ConfUtils.java:logGet(44)) - raft.server.retrycache.expirytime = 600000ms (custom)
2022-02-04 12:59:49,975 [pool-489-thread-1] INFO  server.RaftServerConfigKeys (ConfUtils.java:logGet(44)) - raft.server.retrycache.statistics.expirytime = 100μs (default)
2022-02-04 12:59:49,977 [pool-489-thread-1] INFO  server.RaftServer$Division (RaftServerImpl.java:start(301)) - e198e8aa-ac7e-482e-b774-3b2c159474e4@group-D12E2B386B4D: start as a follower, conf=-1: [e198e8aa-ac7e-482e-b774-3b2c159474e4|rpc:10.1.0.52:43823|priority:1], old=null
2022-02-04 12:59:49,977 [pool-489-thread-1] INFO  server.RaftServer$Division (RaftServerImpl.java:setRole(290)) - e198e8aa-ac7e-482e-b774-3b2c159474e4@group-D12E2B386B4D: changes role from      null to FOLLOWER at term 0 for startAsFollower
2022-02-04 12:59:49,977 [pool-489-thread-1] INFO  impl.RoleInfo (RoleInfo.java:updateAndGet(130)) - e198e8aa-ac7e-482e-b774-3b2c159474e4: start e198e8aa-ac7e-482e-b774-3b2c159474e4@group-D12E2B386B4D-FollowerState
2022-02-04 12:59:49,986 [pool-489-thread-1] INFO  util.JmxRegister (JmxRegister.java:tryRegister(44)) - Successfully registered JMX Bean with object name Ratis:service=RaftServer,group=group-D12E2B386B4D,id=e198e8aa-ac7e-482e-b774-3b2c159474e4
2022-02-04 12:59:49,989 [Command processor thread] INFO  ratis.XceiverServerRatis (XceiverServerRatis.java:addGroup(768)) - Created group PipelineID=7a224167-ef4b-4a7a-a6cb-d12e2b386b4d
2022-02-04 12:59:49,989 [Command processor thread] INFO  commandhandler.CreatePipelineCommandHandler (CreatePipelineCommandHandler.java:handle(106)) - Created Pipeline RATIS ONE PipelineID=7a224167-ef4b-4a7a-a6cb-d12e2b386b4d.
2022-02-04 12:59:50,204 [Listener at 127.0.0.1/36713] INFO  ozone.MiniOzoneClusterImpl (MiniOzoneClusterImpl.java:lambda$waitForClusterToBeReady$0(219)) - Nodes are ready. Got 3 of 3 DN Heartbeats.
2022-02-04 12:59:50,204 [Listener at 127.0.0.1/36713] INFO  ozone.MiniOzoneClusterImpl (MiniOzoneClusterImpl.java:lambda$waitForClusterToBeReady$0(222)) - Waiting for cluster to exit safe mode
2022-02-04 12:59:50,204 [Listener at 127.0.0.1/36713] INFO  ozone.MiniOzoneClusterImpl (MiniOzoneClusterImpl.java:lambda$waitForClusterToBeReady$0(224)) - SCM became leader
2022-02-04 12:59:50,216 [Command processor thread] INFO  server.RaftServer (RaftServerProxy.java:addNew(95)) - 0f498a75-cc04-4524-9ea4-078af0041db3: addNew group-BCB729C2B436:[0f498a75-cc04-4524-9ea4-078af0041db3|rpc:10.1.0.52:39849|priority:1] returns group-BCB729C2B436:java.util.concurrent.CompletableFuture@d0ed8a8[Not completed]
2022-02-04 12:59:50,217 [pool-510-thread-1] INFO  server.RaftServer$Division (RaftServerImpl.java:<init>(184)) - 0f498a75-cc04-4524-9ea4-078af0041db3: new RaftServerImpl for group-BCB729C2B436:[0f498a75-cc04-4524-9ea4-078af0041db3|rpc:10.1.0.52:39849|priority:1] with ContainerStateMachine:uninitialized
2022-02-04 12:59:50,217 [pool-510-thread-1] INFO  server.RaftServerConfigKeys (ConfUtils.java:logGet(44)) - raft.server.rpc.timeout.min = 5s (custom)
2022-02-04 12:59:50,217 [pool-510-thread-1] INFO  server.RaftServerConfigKeys (ConfUtils.java:logGet(44)) - raft.server.rpc.timeout.max = 5200ms (custom)
2022-02-04 12:59:50,217 [pool-510-thread-1] INFO  server.RaftServerConfigKeys (ConfUtils.java:logGet(44)) - raft.server.rpc.sleep.time = 25ms (default)
2022-02-04 12:59:50,217 [pool-510-thread-1] INFO  server.RaftServerConfigKeys (ConfUtils.java:logGet(44)) - raft.server.rpc.slowness.timeout = 300s (custom)
2022-02-04 12:59:50,217 [pool-510-thread-1] INFO  server.RaftServerConfigKeys (ConfUtils.java:logGet(44)) - raft.server.leaderelection.leader.step-down.wait-time = 10s (default)
2022-02-04 12:59:50,217 [pool-510-thread-1] INFO  server.RaftServerConfigKeys (ConfUtils.java:logGet(44)) - raft.server.sleep.deviation.threshold = 300ms (default)
2022-02-04 12:59:50,217 [pool-510-thread-1] INFO  server.RaftServerConfigKeys (ConfUtils.java:logGet(44)) - raft.server.log.appender.install.snapshot.enabled = false (custom)
2022-02-04 12:59:50,218 [pool-510-thread-1] INFO  server.RaftServer$Division (ServerState.java:<init>(105)) - 0f498a75-cc04-4524-9ea4-078af0041db3@group-BCB729C2B436: ConfigurationManager, init=-1: [0f498a75-cc04-4524-9ea4-078af0041db3|rpc:10.1.0.52:39849|priority:1], old=null, confs=<EMPTY_MAP>
2022-02-04 12:59:50,218 [pool-510-thread-1] INFO  server.RaftServerConfigKeys (ConfUtils.java:logGet(44)) - raft.server.storage.dir = [/home/runner/work/ozone/ozone/hadoop-ozone/integration-test/target/test-dir/MiniOzoneClusterImpl-782824e0-d6a6-4661-a42b-aa8966ebbd0c/datanode-2/data/ratis] (custom)
2022-02-04 12:59:50,218 [pool-510-thread-1] INFO  server.RaftServerConfigKeys (ConfUtils.java:logGet(44)) - raft.server.log.corruption.policy = EXCEPTION (default)
2022-02-04 12:59:50,218 [pool-510-thread-1] INFO  server.RaftServerConfigKeys (ConfUtils.java:logGet(44)) - raft.server.storage.free-space.min = 0MB (=0) (default)
2022-02-04 12:59:50,218 [pool-510-thread-1] INFO  storage.RaftStorageDirectory (RaftStorageDirectoryImpl.java:analyzeStorage(135)) - The storage directory /home/runner/work/ozone/ozone/hadoop-ozone/integration-test/target/test-dir/MiniOzoneClusterImpl-782824e0-d6a6-4661-a42b-aa8966ebbd0c/datanode-2/data/ratis/2d47c9d0-b22f-4fef-9701-bcb729c2b436 does not exist. Creating ...
2022-02-04 12:59:50,220 [pool-510-thread-1] INFO  storage.RaftStorageDirectory (RaftStorageDirectoryImpl.java:tryLock(230)) - Lock on /home/runner/work/ozone/ozone/hadoop-ozone/integration-test/target/test-dir/MiniOzoneClusterImpl-782824e0-d6a6-4661-a42b-aa8966ebbd0c/datanode-2/data/ratis/2d47c9d0-b22f-4fef-9701-bcb729c2b436/in_use.lock acquired by nodename 13540@fv-az116-891
2022-02-04 12:59:50,221 [pool-510-thread-1] INFO  storage.RaftStorage (RaftStorageImpl.java:format(89)) - Storage directory /home/runner/work/ozone/ozone/hadoop-ozone/integration-test/target/test-dir/MiniOzoneClusterImpl-782824e0-d6a6-4661-a42b-aa8966ebbd0c/datanode-2/data/ratis/2d47c9d0-b22f-4fef-9701-bcb729c2b436 has been successfully formatted.
2022-02-04 12:59:50,223 [EventQueue-PipelineReportForPipelineReportHandler] INFO  pipeline.PipelineManagerImpl (PipelineManagerImpl.java:openPipeline(291)) - Pipeline Pipeline[ Id: 2d47c9d0-b22f-4fef-9701-bcb729c2b436, Nodes: 0f498a75-cc04-4524-9ea4-078af0041db3{ip: 10.1.0.52, host: fv-az116-891.vzw04321ajxubdbcnpick5nqva.xx.internal.cloudapp.net, ports: [REPLICATION=38171, RATIS=39849, RATIS_ADMIN=39849, RATIS_SERVER=39849, STANDALONE=35635], networkLocation: /default-rack, certSerialId: null, persistedOpState: IN_SERVICE, persistedOpStateExpiryEpochSec: 0}, ReplicationConfig: RATIS/ONE, State:ALLOCATED, leaderId:0f498a75-cc04-4524-9ea4-078af0041db3, CreationTimestamp2022-02-04T12:59:47.221Z[Etc/UTC]] moved to OPEN state
2022-02-04 12:59:50,223 [EventQueue-OpenPipelineForHealthyPipelineSafeModeRule] INFO  safemode.SCMSafeModeManager (HealthyPipelineSafeModeRule.java:process(124)) - SCM in safe mode. Healthy pipelines reported count is 0, required healthy pipeline reported count is 1
2022-02-04 12:59:50,223 [pool-510-thread-1] INFO  ratis.ContainerStateMachine (ContainerStateMachine.java:loadSnapshot(231)) - group-BCB729C2B436: The snapshot info is null. Setting the last applied indexto:(t:0, i:~)
2022-02-04 12:59:50,224 [pool-510-thread-1] INFO  server.RaftServerConfigKeys (ConfUtils.java:logGet(44)) - raft.server.notification.no-leader.timeout = 300s (custom)
2022-02-04 12:59:50,224 [pool-510-thread-1] INFO  server.RaftServerConfigKeys (ConfUtils.java:logGet(44)) - raft.server.log.use.memory = false (default)
2022-02-04 12:59:50,224 [pool-510-thread-1] INFO  server.RaftServerConfigKeys (ConfUtils.java:logGet(44)) - raft.server.log.purge.gap = 1000000 (custom)
2022-02-04 12:59:50,224 [pool-510-thread-1] INFO  server.RaftServerConfigKeys (ConfUtils.java:logGet(44)) - raft.server.log.appender.buffer.byte-limit = 33554432 (custom)
2022-02-04 12:59:50,224 [pool-510-thread-1] INFO  server.RaftServerConfigKeys (ConfUtils.java:logGet(44)) - raft.server.log.segment.size.max = 1048576 (custom)
2022-02-04 12:59:50,225 [pool-510-thread-1] INFO  server.RaftServerConfigKeys (ConfUtils.java:logGet(44)) - raft.server.log.segment.cache.num.max = 2 (custom)
2022-02-04 12:59:50,225 [pool-510-thread-1] INFO  server.RaftServerConfigKeys (ConfUtils.java:logGet(44)) - raft.server.log.segment.cache.size.max = 200MB (=209715200) (default)
2022-02-04 12:59:50,225 [pool-510-thread-1] INFO  segmented.SegmentedRaftLogWorker (SegmentedRaftLogWorker.java:<init>(182)) - new 0f498a75-cc04-4524-9ea4-078af0041db3@group-BCB729C2B436-SegmentedRaftLogWorker for RaftStorageImpl:Storage Directory /home/runner/work/ozone/ozone/hadoop-ozone/integration-test/target/test-dir/MiniOzoneClusterImpl-782824e0-d6a6-4661-a42b-aa8966ebbd0c/datanode-2/data/ratis/2d47c9d0-b22f-4fef-9701-bcb729c2b436
2022-02-04 12:59:50,225 [pool-510-thread-1] INFO  server.RaftServerConfigKeys (ConfUtils.java:logGet(44)) - raft.server.log.queue.byte-limit = 2147483647 (custom)
2022-02-04 12:59:50,225 [pool-510-thread-1] INFO  server.RaftServerConfigKeys (ConfUtils.java:logGet(44)) - raft.server.log.queue.element-limit = 1024 (custom)
2022-02-04 12:59:50,225 [pool-510-thread-1] INFO  server.RaftServerConfigKeys (ConfUtils.java:logGet(44)) - raft.server.log.segment.size.max = 1048576 (custom)
2022-02-04 12:59:50,225 [pool-510-thread-1] INFO  server.RaftServerConfigKeys (ConfUtils.java:logGet(44)) - raft.server.log.preallocated.size = 16384 (custom)
2022-02-04 12:59:50,225 [pool-510-thread-1] INFO  server.RaftServerConfigKeys (ConfUtils.java:logGet(44)) - raft.server.log.force.sync.num = 128 (default)
2022-02-04 12:59:50,226 [pool-510-thread-1] INFO  server.RaftServerConfigKeys (ConfUtils.java:logGet(44)) - raft.server.log.statemachine.data.sync = true (default)
2022-02-04 12:59:50,226 [pool-510-thread-1] INFO  server.RaftServerConfigKeys (ConfUtils.java:logGet(44)) - raft.server.log.statemachine.data.sync.timeout = 10s (default)
2022-02-04 12:59:50,226 [pool-510-thread-1] INFO  server.RaftServerConfigKeys (ConfUtils.java:logGet(44)) - raft.server.log.statemachine.data.sync.timeout.retry = -1 (default)
2022-02-04 12:59:50,227 [pool-510-thread-1] INFO  server.RaftServerConfigKeys (ConfUtils.java:logGet(44)) - raft.server.log.write.buffer.size = 1048576 (custom)
2022-02-04 12:59:50,230 [pool-510-thread-1] INFO  server.RaftServerConfigKeys (ConfUtils.java:logGet(44)) - raft.server.log.statemachine.data.caching.enabled = true (custom)
2022-02-04 12:59:50,230 [pool-510-thread-1] INFO  segmented.SegmentedRaftLogWorker (SegmentedRaftLogWorker.java:lambda$new$0(133)) - 0f498a75-cc04-4524-9ea4-078af0041db3@group-BCB729C2B436-SegmentedRaftLogWorker: flushIndex: setUnconditionally 0 -> -1
2022-02-04 12:59:50,230 [pool-510-thread-1] INFO  segmented.SegmentedRaftLogWorker (SegmentedRaftLogWorker.java:lambda$new$0(133)) - 0f498a75-cc04-4524-9ea4-078af0041db3@group-BCB729C2B436-SegmentedRaftLogWorker: safeCacheEvictIndex: setUnconditionally 0 -> -1
2022-02-04 12:59:50,233 [pool-510-thread-1] INFO  server.RaftServerConfigKeys (ConfUtils.java:logGet(44)) - raft.server.snapshot.auto.trigger.enabled = true (custom)
2022-02-04 12:59:50,233 [pool-510-thread-1] INFO  server.RaftServerConfigKeys (ConfUtils.java:logGet(44)) - raft.server.snapshot.auto.trigger.threshold = 10000 (custom)
2022-02-04 12:59:50,233 [pool-510-thread-1] INFO  server.RaftServerConfigKeys (ConfUtils.java:logGet(44)) - raft.server.snapshot.retention.file.num = 5 (custom)
2022-02-04 12:59:50,233 [pool-510-thread-1] INFO  server.RaftServerConfigKeys (ConfUtils.java:logGet(44)) - raft.server.log.purge.upto.snapshot.index = false (default)
2022-02-04 12:59:50,233 [pool-510-thread-1] INFO  server.RaftServerConfigKeys (ConfUtils.java:logGet(44)) - raft.server.retrycache.expirytime = 600000ms (custom)
2022-02-04 12:59:50,233 [pool-510-thread-1] INFO  server.RaftServerConfigKeys (ConfUtils.java:logGet(44)) - raft.server.retrycache.statistics.expirytime = 100μs (default)
2022-02-04 12:59:50,235 [pool-510-thread-1] INFO  server.RaftServer$Division (RaftServerImpl.java:start(301)) - 0f498a75-cc04-4524-9ea4-078af0041db3@group-BCB729C2B436: start as a follower, conf=-1: [0f498a75-cc04-4524-9ea4-078af0041db3|rpc:10.1.0.52:39849|priority:1], old=null
2022-02-04 12:59:50,235 [pool-510-thread-1] INFO  server.RaftServer$Division (RaftServerImpl.java:setRole(290)) - 0f498a75-cc04-4524-9ea4-078af0041db3@group-BCB729C2B436: changes role from      null to FOLLOWER at term 0 for startAsFollower
2022-02-04 12:59:50,235 [pool-510-thread-1] INFO  impl.RoleInfo (RoleInfo.java:updateAndGet(130)) - 0f498a75-cc04-4524-9ea4-078af0041db3: start 0f498a75-cc04-4524-9ea4-078af0041db3@group-BCB729C2B436-FollowerState
2022-02-04 12:59:50,235 [pool-510-thread-1] INFO  util.JmxRegister (JmxRegister.java:tryRegister(44)) - Successfully registered JMX Bean with object name Ratis:service=RaftServer,group=group-BCB729C2B436,id=0f498a75-cc04-4524-9ea4-078af0041db3
2022-02-04 12:59:50,236 [Command processor thread] INFO  ratis.XceiverServerRatis (XceiverServerRatis.java:addGroup(768)) - Created group PipelineID=2d47c9d0-b22f-4fef-9701-bcb729c2b436
2022-02-04 12:59:50,236 [Command processor thread] INFO  commandhandler.CreatePipelineCommandHandler (CreatePipelineCommandHandler.java:handle(106)) - Created Pipeline RATIS ONE PipelineID=2d47c9d0-b22f-4fef-9701-bcb729c2b436.
2022-02-04 12:59:50,969 [EventQueue-OpenPipelineForHealthyPipelineSafeModeRule] INFO  safemode.SCMSafeModeManager (HealthyPipelineSafeModeRule.java:process(124)) - SCM in safe mode. Healthy pipelines reported count is 0, required healthy pipeline reported count is 1
2022-02-04 12:59:51,204 [Listener at 127.0.0.1/36713] INFO  ozone.MiniOzoneClusterImpl (MiniOzoneClusterImpl.java:lambda$waitForClusterToBeReady$0(219)) - Nodes are ready. Got 3 of 3 DN Heartbeats.
2022-02-04 12:59:51,204 [Listener at 127.0.0.1/36713] INFO  ozone.MiniOzoneClusterImpl (MiniOzoneClusterImpl.java:lambda$waitForClusterToBeReady$0(222)) - Waiting for cluster to exit safe mode
2022-02-04 12:59:51,204 [Listener at 127.0.0.1/36713] INFO  ozone.MiniOzoneClusterImpl (MiniOzoneClusterImpl.java:lambda$waitForClusterToBeReady$0(224)) - SCM became leader
2022-02-04 12:59:51,208 [EventQueue-OpenPipelineForHealthyPipelineSafeModeRule] INFO  safemode.SCMSafeModeManager (HealthyPipelineSafeModeRule.java:process(124)) - SCM in safe mode. Healthy pipelines reported count is 0, required healthy pipeline reported count is 1
2022-02-04 12:59:51,724 [EventQueue-OpenPipelineForHealthyPipelineSafeModeRule] INFO  safemode.SCMSafeModeManager (HealthyPipelineSafeModeRule.java:process(124)) - SCM in safe mode. Healthy pipelines reported count is 0, required healthy pipeline reported count is 1
2022-02-04 12:59:51,969 [EventQueue-OpenPipelineForHealthyPipelineSafeModeRule] INFO  safemode.SCMSafeModeManager (HealthyPipelineSafeModeRule.java:process(124)) - SCM in safe mode. Healthy pipelines reported count is 0, required healthy pipeline reported count is 1
2022-02-04 12:59:52,204 [Listener at 127.0.0.1/36713] INFO  ozone.MiniOzoneClusterImpl (MiniOzoneClusterImpl.java:lambda$waitForClusterToBeReady$0(219)) - Nodes are ready. Got 3 of 3 DN Heartbeats.
2022-02-04 12:59:52,204 [Listener at 127.0.0.1/36713] INFO  ozone.MiniOzoneClusterImpl (MiniOzoneClusterImpl.java:lambda$waitForClusterToBeReady$0(222)) - Waiting for cluster to exit safe mode
2022-02-04 12:59:52,205 [Listener at 127.0.0.1/36713] INFO  ozone.MiniOzoneClusterImpl (MiniOzoneClusterImpl.java:lambda$waitForClusterToBeReady$0(224)) - SCM became leader
2022-02-04 12:59:52,429 [cd33ab12-5c76-4090-ae9e-f8dc2a96321d@group-A8606B43266C-FollowerState] INFO  impl.FollowerState (FollowerState.java:run(134)) - cd33ab12-5c76-4090-ae9e-f8dc2a96321d@group-A8606B43266C-FollowerState: change to CANDIDATE, lastRpcElapsedTime:5013833291ns, electionTimeout:5010ms
2022-02-04 12:59:52,429 [cd33ab12-5c76-4090-ae9e-f8dc2a96321d@group-A8606B43266C-FollowerState] INFO  impl.RoleInfo (RoleInfo.java:shutdownFollowerState(108)) - cd33ab12-5c76-4090-ae9e-f8dc2a96321d: shutdown cd33ab12-5c76-4090-ae9e-f8dc2a96321d@group-A8606B43266C-FollowerState
2022-02-04 12:59:52,429 [cd33ab12-5c76-4090-ae9e-f8dc2a96321d@group-A8606B43266C-FollowerState] INFO  server.RaftServer$Division (RaftServerImpl.java:setRole(290)) - cd33ab12-5c76-4090-ae9e-f8dc2a96321d@group-A8606B43266C: changes role from  FOLLOWER to CANDIDATE at term 1 for changeToCandidate
2022-02-04 12:59:52,429 [cd33ab12-5c76-4090-ae9e-f8dc2a96321d@group-A8606B43266C-FollowerState] INFO  server.RaftServerConfigKeys (ConfUtils.java:logGet(44)) - raft.server.leaderelection.pre-vote = false (custom)
2022-02-04 12:59:52,429 [cd33ab12-5c76-4090-ae9e-f8dc2a96321d@group-A8606B43266C-FollowerState] INFO  impl.RoleInfo (RoleInfo.java:updateAndGet(130)) - cd33ab12-5c76-4090-ae9e-f8dc2a96321d: start cd33ab12-5c76-4090-ae9e-f8dc2a96321d@group-A8606B43266C-LeaderElection40
2022-02-04 12:59:52,438 [cd33ab12-5c76-4090-ae9e-f8dc2a96321d@group-A8606B43266C-LeaderElection40] INFO  impl.LeaderElection (LeaderElection.java:askForVotes(306)) - cd33ab12-5c76-4090-ae9e-f8dc2a96321d@group-A8606B43266C-LeaderElection40 ELECTION round 0: submit vote requests at term 2 for -1: [99ec0913-bcd1-4774-8e53-643ce8734cf6|rpc:10.1.0.52:38161|dataStream:|priority:1, 4dd803c0-ea86-48ec-b5c9-2601c1b23b4d|rpc:10.1.0.52:34153|dataStream:|priority:0, cd33ab12-5c76-4090-ae9e-f8dc2a96321d|rpc:10.1.0.52:40103|dataStream:|priority:0], old=null
2022-02-04 12:59:52,443 [grpc-default-executor-0] INFO  server.RaftServer$Division (RaftServerImpl.java:requestVote(1046)) - 99ec0913-bcd1-4774-8e53-643ce8734cf6@group-A8606B43266C: receive requestVote(ELECTION, cd33ab12-5c76-4090-ae9e-f8dc2a96321d, group-A8606B43266C, 2, (t:0, i:0))
2022-02-04 12:59:52,443 [grpc-default-executor-0] INFO  impl.VoteContext (VoteContext.java:log(48)) - 99ec0913-bcd1-4774-8e53-643ce8734cf6@group-A8606B43266C-FOLLOWER: reject ELECTION from cd33ab12-5c76-4090-ae9e-f8dc2a96321d: our priority 1 > candidate's priority 0
2022-02-04 12:59:52,443 [grpc-default-executor-0] INFO  server.RaftServer$Division (RaftServerImpl.java:setRole(290)) - 99ec0913-bcd1-4774-8e53-643ce8734cf6@group-A8606B43266C: changes role from  FOLLOWER to FOLLOWER at term 2 for candidate:cd33ab12-5c76-4090-ae9e-f8dc2a96321d
2022-02-04 12:59:52,443 [grpc-default-executor-0] INFO  impl.RoleInfo (RoleInfo.java:shutdownFollowerState(108)) - 99ec0913-bcd1-4774-8e53-643ce8734cf6: shutdown 99ec0913-bcd1-4774-8e53-643ce8734cf6@group-A8606B43266C-FollowerState
2022-02-04 12:59:52,449 [grpc-default-executor-0] INFO  impl.RoleInfo (RoleInfo.java:updateAndGet(130)) - 99ec0913-bcd1-4774-8e53-643ce8734cf6: start 99ec0913-bcd1-4774-8e53-643ce8734cf6@group-A8606B43266C-FollowerState
2022-02-04 12:59:52,450 [99ec0913-bcd1-4774-8e53-643ce8734cf6@group-A8606B43266C-FollowerState] INFO  impl.FollowerState (FollowerState.java:run(143)) - 99ec0913-bcd1-4774-8e53-643ce8734cf6@group-A8606B43266C-FollowerState was interrupted: {}
java.lang.InterruptedException: sleep interrupted
	at java.lang.Thread.sleep(Native Method)
	at java.lang.Thread.sleep(Thread.java:340)
	at java.util.concurrent.TimeUnit.sleep(TimeUnit.java:386)
	at org.apache.ratis.util.TimeDuration.sleep(TimeDuration.java:324)
	at org.apache.ratis.util.TimeDuration.sleep(TimeDuration.java:309)
	at org.apache.ratis.server.impl.FollowerState.run(FollowerState.java:118)
2022-02-04 12:59:52,451 [grpc-default-executor-0] INFO  server.RaftServer$Division (RaftServerImpl.java:requestVote(1078)) - 99ec0913-bcd1-4774-8e53-643ce8734cf6@group-A8606B43266C replies to ELECTION vote request: cd33ab12-5c76-4090-ae9e-f8dc2a96321d<-99ec0913-bcd1-4774-8e53-643ce8734cf6#0:FAIL-t2. Peer's state: 99ec0913-bcd1-4774-8e53-643ce8734cf6@group-A8606B43266C:t2, leader=null, voted=null, raftlog=99ec0913-bcd1-4774-8e53-643ce8734cf6@group-A8606B43266C-SegmentedRaftLog:OPENED:c-1, conf=-1: [99ec0913-bcd1-4774-8e53-643ce8734cf6|rpc:10.1.0.52:38161|dataStream:|priority:1, 4dd803c0-ea86-48ec-b5c9-2601c1b23b4d|rpc:10.1.0.52:34153|dataStream:|priority:0, cd33ab12-5c76-4090-ae9e-f8dc2a96321d|rpc:10.1.0.52:40103|dataStream:|priority:0], old=null
2022-02-04 12:59:52,452 [cd33ab12-5c76-4090-ae9e-f8dc2a96321d@group-A8606B43266C-LeaderElection40] INFO  impl.LeaderElection (LeaderElection.java:logAndReturn(89)) - cd33ab12-5c76-4090-ae9e-f8dc2a96321d@group-A8606B43266C-LeaderElection40: ELECTION REJECTED received 1 response(s) and 0 exception(s):
2022-02-04 12:59:52,452 [cd33ab12-5c76-4090-ae9e-f8dc2a96321d@group-A8606B43266C-LeaderElection40] INFO  impl.LeaderElection (LeaderElection.java:logAndReturn(93)) -   Response 0: cd33ab12-5c76-4090-ae9e-f8dc2a96321d<-99ec0913-bcd1-4774-8e53-643ce8734cf6#0:FAIL-t2
2022-02-04 12:59:52,452 [cd33ab12-5c76-4090-ae9e-f8dc2a96321d@group-A8606B43266C-LeaderElection40] INFO  impl.LeaderElection (LeaderElection.java:askForVotes(308)) - cd33ab12-5c76-4090-ae9e-f8dc2a96321d@group-A8606B43266C-LeaderElection40 ELECTION round 0: result REJECTED
2022-02-04 12:59:52,452 [cd33ab12-5c76-4090-ae9e-f8dc2a96321d@group-A8606B43266C-LeaderElection40] INFO  server.RaftServer$Division (RaftServerImpl.java:setRole(290)) - cd33ab12-5c76-4090-ae9e-f8dc2a96321d@group-A8606B43266C: changes role from CANDIDATE to FOLLOWER at term 2 for REJECTED
2022-02-04 12:59:52,452 [cd33ab12-5c76-4090-ae9e-f8dc2a96321d@group-A8606B43266C-LeaderElection40] INFO  impl.RoleInfo (RoleInfo.java:shutdownLeaderElection(121)) - cd33ab12-5c76-4090-ae9e-f8dc2a96321d: shutdown cd33ab12-5c76-4090-ae9e-f8dc2a96321d@group-A8606B43266C-LeaderElection40
2022-02-04 12:59:52,452 [cd33ab12-5c76-4090-ae9e-f8dc2a96321d@group-A8606B43266C-LeaderElection40] INFO  impl.RoleInfo (RoleInfo.java:updateAndGet(130)) - cd33ab12-5c76-4090-ae9e-f8dc2a96321d: start cd33ab12-5c76-4090-ae9e-f8dc2a96321d@group-A8606B43266C-FollowerState
2022-02-04 12:59:52,460 [grpc-default-executor-0] INFO  server.RaftServer$Division (RaftServerImpl.java:requestVote(1046)) - 4dd803c0-ea86-48ec-b5c9-2601c1b23b4d@group-A8606B43266C: receive requestVote(ELECTION, cd33ab12-5c76-4090-ae9e-f8dc2a96321d, group-A8606B43266C, 2, (t:0, i:0))
2022-02-04 12:59:52,460 [grpc-default-executor-0] INFO  impl.VoteContext (VoteContext.java:log(48)) - 4dd803c0-ea86-48ec-b5c9-2601c1b23b4d@group-A8606B43266C-FOLLOWER: accept ELECTION from cd33ab12-5c76-4090-ae9e-f8dc2a96321d: our priority 0 <= candidate's priority 0
2022-02-04 12:59:52,460 [grpc-default-executor-0] INFO  server.RaftServer$Division (RaftServerImpl.java:setRole(290)) - 4dd803c0-ea86-48ec-b5c9-2601c1b23b4d@group-A8606B43266C: changes role from  FOLLOWER to FOLLOWER at term 2 for candidate:cd33ab12-5c76-4090-ae9e-f8dc2a96321d
2022-02-04 12:59:52,460 [grpc-default-executor-0] INFO  impl.RoleInfo (RoleInfo.java:shutdownFollowerState(108)) - 4dd803c0-ea86-48ec-b5c9-2601c1b23b4d: shutdown 4dd803c0-ea86-48ec-b5c9-2601c1b23b4d@group-A8606B43266C-FollowerState
2022-02-04 12:59:52,461 [grpc-default-executor-0] INFO  impl.RoleInfo (RoleInfo.java:updateAndGet(130)) - 4dd803c0-ea86-48ec-b5c9-2601c1b23b4d: start 4dd803c0-ea86-48ec-b5c9-2601c1b23b4d@group-A8606B43266C-FollowerState
2022-02-04 12:59:52,461 [4dd803c0-ea86-48ec-b5c9-2601c1b23b4d@group-A8606B43266C-FollowerState] INFO  impl.FollowerState (FollowerState.java:run(143)) - 4dd803c0-ea86-48ec-b5c9-2601c1b23b4d@group-A8606B43266C-FollowerState was interrupted: {}
java.lang.InterruptedException: sleep interrupted
	at java.lang.Thread.sleep(Native Method)
	at java.lang.Thread.sleep(Thread.java:340)
	at java.util.concurrent.TimeUnit.sleep(TimeUnit.java:386)
	at org.apache.ratis.util.TimeDuration.sleep(TimeDuration.java:324)
	at org.apache.ratis.util.TimeDuration.sleep(TimeDuration.java:309)
	at org.apache.ratis.server.impl.FollowerState.run(FollowerState.java:118)
2022-02-04 12:59:52,463 [grpc-default-executor-0] INFO  server.RaftServer$Division (RaftServerImpl.java:requestVote(1078)) - 4dd803c0-ea86-48ec-b5c9-2601c1b23b4d@group-A8606B43266C replies to ELECTION vote request: cd33ab12-5c76-4090-ae9e-f8dc2a96321d<-4dd803c0-ea86-48ec-b5c9-2601c1b23b4d#0:OK-t2. Peer's state: 4dd803c0-ea86-48ec-b5c9-2601c1b23b4d@group-A8606B43266C:t2, leader=null, voted=cd33ab12-5c76-4090-ae9e-f8dc2a96321d, raftlog=4dd803c0-ea86-48ec-b5c9-2601c1b23b4d@group-A8606B43266C-SegmentedRaftLog:OPENED:c-1, conf=-1: [99ec0913-bcd1-4774-8e53-643ce8734cf6|rpc:10.1.0.52:38161|priority:1, 4dd803c0-ea86-48ec-b5c9-2601c1b23b4d|rpc:10.1.0.52:34153|priority:0, cd33ab12-5c76-4090-ae9e-f8dc2a96321d|rpc:10.1.0.52:40103|priority:0], old=null
2022-02-04 12:59:52,708 [EventQueue-OpenPipelineForHealthyPipelineSafeModeRule] INFO  safemode.SCMSafeModeManager (HealthyPipelineSafeModeRule.java:process(124)) - SCM in safe mode. Healthy pipelines reported count is 0, required healthy pipeline reported count is 1
2022-02-04 12:59:53,205 [Listener at 127.0.0.1/36713] INFO  ozone.MiniOzoneClusterImpl (MiniOzoneClusterImpl.java:lambda$waitForClusterToBeReady$0(219)) - Nodes are ready. Got 3 of 3 DN Heartbeats.
2022-02-04 12:59:53,205 [Listener at 127.0.0.1/36713] INFO  ozone.MiniOzoneClusterImpl (MiniOzoneClusterImpl.java:lambda$waitForClusterToBeReady$0(222)) - Waiting for cluster to exit safe mode
2022-02-04 12:59:53,205 [Listener at 127.0.0.1/36713] INFO  ozone.MiniOzoneClusterImpl (MiniOzoneClusterImpl.java:lambda$waitForClusterToBeReady$0(224)) - SCM became leader
2022-02-04 12:59:53,224 [EventQueue-OpenPipelineForHealthyPipelineSafeModeRule] INFO  safemode.SCMSafeModeManager (HealthyPipelineSafeModeRule.java:process(124)) - SCM in safe mode. Healthy pipelines reported count is 0, required healthy pipeline reported count is 1
2022-02-04 12:59:53,469 [EventQueue-OpenPipelineForHealthyPipelineSafeModeRule] INFO  safemode.SCMSafeModeManager (HealthyPipelineSafeModeRule.java:process(124)) - SCM in safe mode. Healthy pipelines reported count is 0, required healthy pipeline reported count is 1
2022-02-04 12:59:54,205 [Listener at 127.0.0.1/36713] INFO  ozone.MiniOzoneClusterImpl (MiniOzoneClusterImpl.java:lambda$waitForClusterToBeReady$0(219)) - Nodes are ready. Got 3 of 3 DN Heartbeats.
2022-02-04 12:59:54,205 [Listener at 127.0.0.1/36713] INFO  ozone.MiniOzoneClusterImpl (MiniOzoneClusterImpl.java:lambda$waitForClusterToBeReady$0(222)) - Waiting for cluster to exit safe mode
2022-02-04 12:59:54,205 [Listener at 127.0.0.1/36713] INFO  ozone.MiniOzoneClusterImpl (MiniOzoneClusterImpl.java:lambda$waitForClusterToBeReady$0(224)) - SCM became leader
2022-02-04 12:59:54,210 [EventQueue-OpenPipelineForHealthyPipelineSafeModeRule] INFO  safemode.SCMSafeModeManager (HealthyPipelineSafeModeRule.java:process(124)) - SCM in safe mode. Healthy pipelines reported count is 0, required healthy pipeline reported count is 1
2022-02-04 12:59:54,224 [EventQueue-OpenPipelineForHealthyPipelineSafeModeRule] INFO  safemode.SCMSafeModeManager (HealthyPipelineSafeModeRule.java:process(124)) - SCM in safe mode. Healthy pipelines reported count is 0, required healthy pipeline reported count is 1
2022-02-04 12:59:54,468 [EventQueue-OpenPipelineForHealthyPipelineSafeModeRule] INFO  safemode.SCMSafeModeManager (HealthyPipelineSafeModeRule.java:process(124)) - SCM in safe mode. Healthy pipelines reported count is 0, required healthy pipeline reported count is 1
2022-02-04 12:59:54,647 [Thread-974] INFO  upgrade.UpgradeFinalizer (SCMUpgradeFinalizer.java:postFinalizeUpgrade(116)) - Waiting for at least one open pipeline after SCM finalization.
2022-02-04 12:59:54,739 [20c947e9-2491-4ec2-ac6b-23c6a5282b40@group-F359D992425A-FollowerState] INFO  impl.FollowerState (FollowerState.java:run(134)) - 20c947e9-2491-4ec2-ac6b-23c6a5282b40@group-F359D992425A-FollowerState: change to CANDIDATE, lastRpcElapsedTime:5030787885ns, electionTimeout:5030ms
2022-02-04 12:59:54,739 [20c947e9-2491-4ec2-ac6b-23c6a5282b40@group-F359D992425A-FollowerState] INFO  impl.RoleInfo (RoleInfo.java:shutdownFollowerState(108)) - 20c947e9-2491-4ec2-ac6b-23c6a5282b40: shutdown 20c947e9-2491-4ec2-ac6b-23c6a5282b40@group-F359D992425A-FollowerState
2022-02-04 12:59:54,739 [20c947e9-2491-4ec2-ac6b-23c6a5282b40@group-F359D992425A-FollowerState] INFO  server.RaftServer$Division (RaftServerImpl.java:setRole(290)) - 20c947e9-2491-4ec2-ac6b-23c6a5282b40@group-F359D992425A: changes role from  FOLLOWER to CANDIDATE at term 0 for changeToCandidate
2022-02-04 12:59:54,739 [20c947e9-2491-4ec2-ac6b-23c6a5282b40@group-F359D992425A-FollowerState] INFO  server.RaftServerConfigKeys (ConfUtils.java:logGet(44)) - raft.server.leaderelection.pre-vote = false (custom)
2022-02-04 12:59:54,739 [20c947e9-2491-4ec2-ac6b-23c6a5282b40@group-F359D992425A-FollowerState] INFO  impl.RoleInfo (RoleInfo.java:updateAndGet(130)) - 20c947e9-2491-4ec2-ac6b-23c6a5282b40: start 20c947e9-2491-4ec2-ac6b-23c6a5282b40@group-F359D992425A-LeaderElection41
2022-02-04 12:59:54,746 [20c947e9-2491-4ec2-ac6b-23c6a5282b40@group-F359D992425A-LeaderElection41] INFO  impl.LeaderElection (LeaderElection.java:askForVotes(306)) - 20c947e9-2491-4ec2-ac6b-23c6a5282b40@group-F359D992425A-LeaderElection41 ELECTION round 0: submit vote requests at term 1 for -1: [20c947e9-2491-4ec2-ac6b-23c6a5282b40|rpc:10.1.0.52:39573|priority:0, e198e8aa-ac7e-482e-b774-3b2c159474e4|rpc:10.1.0.52:43823|priority:0, 0f498a75-cc04-4524-9ea4-078af0041db3|rpc:10.1.0.52:39849|priority:1], old=null
2022-02-04 12:59:54,762 [grpc-default-executor-0] INFO  server.RaftServer$Division (RaftServerImpl.java:requestVote(1046)) - e198e8aa-ac7e-482e-b774-3b2c159474e4@group-F359D992425A: receive requestVote(ELECTION, 20c947e9-2491-4ec2-ac6b-23c6a5282b40, group-F359D992425A, 1, (t:0, i:0))
2022-02-04 12:59:54,762 [grpc-default-executor-0] INFO  impl.VoteContext (VoteContext.java:log(48)) - e198e8aa-ac7e-482e-b774-3b2c159474e4@group-F359D992425A-FOLLOWER: accept ELECTION from 20c947e9-2491-4ec2-ac6b-23c6a5282b40: our priority 0 <= candidate's priority 0
2022-02-04 12:59:54,762 [grpc-default-executor-0] INFO  server.RaftServer$Division (RaftServerImpl.java:setRole(290)) - e198e8aa-ac7e-482e-b774-3b2c159474e4@group-F359D992425A: changes role from  FOLLOWER to FOLLOWER at term 1 for candidate:20c947e9-2491-4ec2-ac6b-23c6a5282b40
2022-02-04 12:59:54,762 [grpc-default-executor-0] INFO  impl.RoleInfo (RoleInfo.java:shutdownFollowerState(108)) - e198e8aa-ac7e-482e-b774-3b2c159474e4: shutdown e198e8aa-ac7e-482e-b774-3b2c159474e4@group-F359D992425A-FollowerState
2022-02-04 12:59:54,762 [grpc-default-executor-0] INFO  impl.RoleInfo (RoleInfo.java:updateAndGet(130)) - e198e8aa-ac7e-482e-b774-3b2c159474e4: start e198e8aa-ac7e-482e-b774-3b2c159474e4@group-F359D992425A-FollowerState
2022-02-04 12:59:54,763 [e198e8aa-ac7e-482e-b774-3b2c159474e4@group-F359D992425A-FollowerState] INFO  impl.FollowerState (FollowerState.java:run(143)) - e198e8aa-ac7e-482e-b774-3b2c159474e4@group-F359D992425A-FollowerState was interrupted: {}
java.lang.InterruptedException: sleep interrupted
	at java.lang.Thread.sleep(Native Method)
	at java.lang.Thread.sleep(Thread.java:340)
	at java.util.concurrent.TimeUnit.sleep(TimeUnit.java:386)
	at org.apache.ratis.util.TimeDuration.sleep(TimeDuration.java:324)
	at org.apache.ratis.util.TimeDuration.sleep(TimeDuration.java:309)
	at org.apache.ratis.server.impl.FollowerState.run(FollowerState.java:118)
2022-02-04 12:59:54,766 [grpc-default-executor-3] INFO  server.RaftServer$Division (RaftServerImpl.java:requestVote(1046)) - 0f498a75-cc04-4524-9ea4-078af0041db3@group-F359D992425A: receive requestVote(ELECTION, 20c947e9-2491-4ec2-ac6b-23c6a5282b40, group-F359D992425A, 1, (t:0, i:0))
2022-02-04 12:59:54,766 [grpc-default-executor-3] INFO  impl.VoteContext (VoteContext.java:log(48)) - 0f498a75-cc04-4524-9ea4-078af0041db3@group-F359D992425A-FOLLOWER: reject ELECTION from 20c947e9-2491-4ec2-ac6b-23c6a5282b40: our priority 1 > candidate's priority 0
2022-02-04 12:59:54,766 [grpc-default-executor-3] INFO  server.RaftServer$Division (RaftServerImpl.java:setRole(290)) - 0f498a75-cc04-4524-9ea4-078af0041db3@group-F359D992425A: changes role from  FOLLOWER to FOLLOWER at term 1 for candidate:20c947e9-2491-4ec2-ac6b-23c6a5282b40
2022-02-04 12:59:54,766 [grpc-default-executor-3] INFO  impl.RoleInfo (RoleInfo.java:shutdownFollowerState(108)) - 0f498a75-cc04-4524-9ea4-078af0041db3: shutdown 0f498a75-cc04-4524-9ea4-078af0041db3@group-F359D992425A-FollowerState
2022-02-04 12:59:54,773 [20c947e9-2491-4ec2-ac6b-23c6a5282b40@group-3E41619BFC42-FollowerState] INFO  impl.FollowerState (FollowerState.java:run(134)) - 20c947e9-2491-4ec2-ac6b-23c6a5282b40@group-3E41619BFC42-FollowerState: change to CANDIDATE, lastRpcElapsedTime:5087771966ns, electionTimeout:5081ms
2022-02-04 12:59:54,773 [20c947e9-2491-4ec2-ac6b-23c6a5282b40@group-3E41619BFC42-FollowerState] INFO  impl.RoleInfo (RoleInfo.java:shutdownFollowerState(108)) - 20c947e9-2491-4ec2-ac6b-23c6a5282b40: shutdown 20c947e9-2491-4ec2-ac6b-23c6a5282b40@group-3E41619BFC42-FollowerState
2022-02-04 12:59:54,773 [20c947e9-2491-4ec2-ac6b-23c6a5282b40@group-3E41619BFC42-FollowerState] INFO  server.RaftServer$Division (RaftServerImpl.java:setRole(290)) - 20c947e9-2491-4ec2-ac6b-23c6a5282b40@group-3E41619BFC42: changes role from  FOLLOWER to CANDIDATE at term 0 for changeToCandidate
2022-02-04 12:59:54,776 [20c947e9-2491-4ec2-ac6b-23c6a5282b40@group-3E41619BFC42-FollowerState] INFO  server.RaftServerConfigKeys (ConfUtils.java:logGet(44)) - raft.server.leaderelection.pre-vote = false (custom)
2022-02-04 12:59:54,776 [20c947e9-2491-4ec2-ac6b-23c6a5282b40@group-3E41619BFC42-FollowerState] INFO  impl.RoleInfo (RoleInfo.java:updateAndGet(130)) - 20c947e9-2491-4ec2-ac6b-23c6a5282b40: start 20c947e9-2491-4ec2-ac6b-23c6a5282b40@group-3E41619BFC42-LeaderElection42
2022-02-04 12:59:54,777 [grpc-default-executor-3] INFO  impl.RoleInfo (RoleInfo.java:updateAndGet(130)) - 0f498a75-cc04-4524-9ea4-078af0041db3: start 0f498a75-cc04-4524-9ea4-078af0041db3@group-F359D992425A-FollowerState
2022-02-04 12:59:54,777 [0f498a75-cc04-4524-9ea4-078af0041db3@group-F359D992425A-FollowerState] INFO  impl.FollowerState (FollowerState.java:run(143)) - 0f498a75-cc04-4524-9ea4-078af0041db3@group-F359D992425A-FollowerState was interrupted: {}
java.lang.InterruptedException: sleep interrupted
	at java.lang.Thread.sleep(Native Method)
	at java.lang.Thread.sleep(Thread.java:340)
	at java.util.concurrent.TimeUnit.sleep(TimeUnit.java:386)
	at org.apache.ratis.util.TimeDuration.sleep(TimeDuration.java:324)
	at org.apache.ratis.util.TimeDuration.sleep(TimeDuration.java:309)
	at org.apache.ratis.server.impl.FollowerState.run(FollowerState.java:118)
2022-02-04 12:59:54,779 [grpc-default-executor-0] INFO  server.RaftServer$Division (RaftServerImpl.java:requestVote(1078)) - e198e8aa-ac7e-482e-b774-3b2c159474e4@group-F359D992425A replies to ELECTION vote request: 20c947e9-2491-4ec2-ac6b-23c6a5282b40<-e198e8aa-ac7e-482e-b774-3b2c159474e4#0:OK-t1. Peer's state: e198e8aa-ac7e-482e-b774-3b2c159474e4@group-F359D992425A:t1, leader=null, voted=20c947e9-2491-4ec2-ac6b-23c6a5282b40, raftlog=e198e8aa-ac7e-482e-b774-3b2c159474e4@group-F359D992425A-SegmentedRaftLog:OPENED:c-1, conf=-1: [20c947e9-2491-4ec2-ac6b-23c6a5282b40|rpc:10.1.0.52:39573|dataStream:|priority:0, e198e8aa-ac7e-482e-b774-3b2c159474e4|rpc:10.1.0.52:43823|dataStream:|priority:0, 0f498a75-cc04-4524-9ea4-078af0041db3|rpc:10.1.0.52:39849|dataStream:|priority:1], old=null
2022-02-04 12:59:54,780 [20c947e9-2491-4ec2-ac6b-23c6a5282b40@group-3E41619BFC42-LeaderElection42] INFO  impl.LeaderElection (LeaderElection.java:askForVotes(306)) - 20c947e9-2491-4ec2-ac6b-23c6a5282b40@group-3E41619BFC42-LeaderElection42 ELECTION round 0: submit vote requests at term 1 for -1: [20c947e9-2491-4ec2-ac6b-23c6a5282b40|rpc:10.1.0.52:39573|priority:1], old=null
2022-02-04 12:59:54,780 [20c947e9-2491-4ec2-ac6b-23c6a5282b40@group-3E41619BFC42-LeaderElection42] INFO  impl.LeaderElection (LeaderElection.java:askForVotes(308)) - 20c947e9-2491-4ec2-ac6b-23c6a5282b40@group-3E41619BFC42-LeaderElection42 ELECTION round 0: result PASSED (term=1)
2022-02-04 12:59:54,780 [20c947e9-2491-4ec2-ac6b-23c6a5282b40@group-3E41619BFC42-LeaderElection42] INFO  impl.RoleInfo (RoleInfo.java:shutdownLeaderElection(121)) - 20c947e9-2491-4ec2-ac6b-23c6a5282b40: shutdown 20c947e9-2491-4ec2-ac6b-23c6a5282b40@group-3E41619BFC42-LeaderElection42
2022-02-04 12:59:54,781 [20c947e9-2491-4ec2-ac6b-23c6a5282b40@group-3E41619BFC42-LeaderElection42] INFO  server.RaftServer$Division (RaftServerImpl.java:setRole(290)) - 20c947e9-2491-4ec2-ac6b-23c6a5282b40@group-3E41619BFC42: changes role from CANDIDATE to LEADER at term 1 for changeToLeader
2022-02-04 12:59:54,781 [20c947e9-2491-4ec2-ac6b-23c6a5282b40@group-3E41619BFC42-LeaderElection42] INFO  ratis.XceiverServerRatis (XceiverServerRatis.java:handleLeaderChangedNotification(866)) - Leader change notification received for group: group-3E41619BFC42 with new leaderId: 20c947e9-2491-4ec2-ac6b-23c6a5282b40
2022-02-04 12:59:54,798 [20c947e9-2491-4ec2-ac6b-23c6a5282b40@group-3E41619BFC42-LeaderElection42] INFO  server.RaftServer$Division (ServerState.java:setLeader(285)) - 20c947e9-2491-4ec2-ac6b-23c6a5282b40@group-3E41619BFC42: change Leader from null to 20c947e9-2491-4ec2-ac6b-23c6a5282b40 at term 1 for becomeLeader, leader elected after 5107ms
2022-02-04 12:59:54,798 [20c947e9-2491-4ec2-ac6b-23c6a5282b40@group-3E41619BFC42-LeaderElection42] INFO  server.RaftServerConfigKeys (ConfUtils.java:logGet(44)) - raft.server.staging.catchup.gap = 1000 (default)
2022-02-04 12:59:54,799 [grpc-default-executor-3] INFO  server.RaftServer$Division (RaftServerImpl.java:requestVote(1078)) - 0f498a75-cc04-4524-9ea4-078af0041db3@group-F359D992425A replies to ELECTION vote request: 20c947e9-2491-4ec2-ac6b-23c6a5282b40<-0f498a75-cc04-4524-9ea4-078af0041db3#0:FAIL-t1. Peer's state: 0f498a75-cc04-4524-9ea4-078af0041db3@group-F359D992425A:t1, leader=null, voted=null, raftlog=0f498a75-cc04-4524-9ea4-078af0041db3@group-F359D992425A-SegmentedRaftLog:OPENED:c-1, conf=-1: [20c947e9-2491-4ec2-ac6b-23c6a5282b40|rpc:10.1.0.52:39573|dataStream:|priority:0, e198e8aa-ac7e-482e-b774-3b2c159474e4|rpc:10.1.0.52:43823|dataStream:|priority:0, 0f498a75-cc04-4524-9ea4-078af0041db3|rpc:10.1.0.52:39849|dataStream:|priority:1], old=null
2022-02-04 12:59:54,799 [20c947e9-2491-4ec2-ac6b-23c6a5282b40@group-3E41619BFC42-LeaderElection42] INFO  server.RaftServerConfigKeys (ConfUtils.java:logGet(44)) - raft.server.write.element-limit = 1024 (custom)
2022-02-04 12:59:54,799 [20c947e9-2491-4ec2-ac6b-23c6a5282b40@group-3E41619BFC42-LeaderElection42] INFO  server.RaftServerConfigKeys (ConfUtils.java:logGet(44)) - raft.server.write.byte-limit = 1024 M (=1073741824) (custom)
2022-02-04 12:59:54,799 [20c947e9-2491-4ec2-ac6b-23c6a5282b40@group-3E41619BFC42-LeaderElection42] INFO  server.RaftServerConfigKeys (ConfUtils.java:logGet(44)) - raft.server.watch.timeout = 180s (custom)
2022-02-04 12:59:54,799 [20c947e9-2491-4ec2-ac6b-23c6a5282b40@group-3E41619BFC42-LeaderElection42] INFO  server.RaftServerConfigKeys (ConfUtils.java:logGet(44)) - raft.server.watch.timeout.denomination = 1s (default)
2022-02-04 12:59:54,799 [20c947e9-2491-4ec2-ac6b-23c6a5282b40@group-3E41619BFC42-LeaderElection42] INFO  server.RaftServerConfigKeys (ConfUtils.java:logGet(44)) - raft.server.watch.element-limit = 65536 (default)
2022-02-04 12:59:54,799 [20c947e9-2491-4ec2-ac6b-23c6a5282b40@group-3E41619BFC42-LeaderElection42] INFO  server.RaftServerConfigKeys (ConfUtils.java:logGet(44)) - raft.server.write.element-limit = 1024 (custom)
2022-02-04 12:59:54,799 [20c947e9-2491-4ec2-ac6b-23c6a5282b40@group-3E41619BFC42-LeaderElection42] INFO  server.RaftServerConfigKeys (ConfUtils.java:logGet(44)) - raft.server.write.follower.gap.ratio.max = -1.0 (default)
2022-02-04 12:59:54,800 [20c947e9-2491-4ec2-ac6b-23c6a5282b40@group-3E41619BFC42-LeaderElection42] INFO  impl.RoleInfo (RoleInfo.java:updateAndGet(130)) - 20c947e9-2491-4ec2-ac6b-23c6a5282b40: start 20c947e9-2491-4ec2-ac6b-23c6a5282b40@group-3E41619BFC42-LeaderStateImpl
2022-02-04 12:59:54,800 [20c947e9-2491-4ec2-ac6b-23c6a5282b40@group-3E41619BFC42-LeaderElection42] INFO  segmented.SegmentedRaftLogWorker (SegmentedRaftLogWorker.java:startLogSegment(394)) - 20c947e9-2491-4ec2-ac6b-23c6a5282b40@group-3E41619BFC42-SegmentedRaftLogWorker: Starting segment from index:0
2022-02-04 12:59:54,802 [20c947e9-2491-4ec2-ac6b-23c6a5282b40@group-F359D992425A-LeaderElection41] INFO  impl.LeaderElection (LeaderElection.java:logAndReturn(89)) - 20c947e9-2491-4ec2-ac6b-23c6a5282b40@group-F359D992425A-LeaderElection41: ELECTION REJECTED received 2 response(s) and 0 exception(s):
2022-02-04 12:59:54,802 [20c947e9-2491-4ec2-ac6b-23c6a5282b40@group-F359D992425A-LeaderElection41] INFO  impl.LeaderElection (LeaderElection.java:logAndReturn(93)) -   Response 0: 20c947e9-2491-4ec2-ac6b-23c6a5282b40<-e198e8aa-ac7e-482e-b774-3b2c159474e4#0:OK-t1
2022-02-04 12:59:54,802 [20c947e9-2491-4ec2-ac6b-23c6a5282b40@group-F359D992425A-LeaderElection41] INFO  impl.LeaderElection (LeaderElection.java:logAndReturn(93)) -   Response 1: 20c947e9-2491-4ec2-ac6b-23c6a5282b40<-0f498a75-cc04-4524-9ea4-078af0041db3#0:FAIL-t1
2022-02-04 12:59:54,802 [20c947e9-2491-4ec2-ac6b-23c6a5282b40@group-3E41619BFC42-SegmentedRaftLogWorker] INFO  segmented.SegmentedRaftLogWorker (SegmentedRaftLogWorker.java:execute(601)) - 20c947e9-2491-4ec2-ac6b-23c6a5282b40@group-3E41619BFC42-SegmentedRaftLogWorker: created new log segment /home/runner/work/ozone/ozone/hadoop-ozone/integration-test/target/test-dir/MiniOzoneClusterImpl-782824e0-d6a6-4661-a42b-aa8966ebbd0c/datanode-0/data/ratis/985cf42f-20eb-4fa8-a45b-3e41619bfc42/current/log_inprogress_0
2022-02-04 12:59:54,803 [20c947e9-2491-4ec2-ac6b-23c6a5282b40@group-F359D992425A-LeaderElection41] INFO  impl.LeaderElection (LeaderElection.java:askForVotes(308)) - 20c947e9-2491-4ec2-ac6b-23c6a5282b40@group-F359D992425A-LeaderElection41 ELECTION round 0: result REJECTED
2022-02-04 12:59:54,803 [20c947e9-2491-4ec2-ac6b-23c6a5282b40@group-F359D992425A-LeaderElection41] INFO  server.RaftServer$Division (RaftServerImpl.java:setRole(290)) - 20c947e9-2491-4ec2-ac6b-23c6a5282b40@group-F359D992425A: changes role from CANDIDATE to FOLLOWER at term 1 for REJECTED
2022-02-04 12:59:54,803 [20c947e9-2491-4ec2-ac6b-23c6a5282b40@group-F359D992425A-LeaderElection41] INFO  impl.RoleInfo (RoleInfo.java:shutdownLeaderElection(121)) - 20c947e9-2491-4ec2-ac6b-23c6a5282b40: shutdown 20c947e9-2491-4ec2-ac6b-23c6a5282b40@group-F359D992425A-LeaderElection41
2022-02-04 12:59:54,803 [20c947e9-2491-4ec2-ac6b-23c6a5282b40@group-F359D992425A-LeaderElection41] INFO  impl.RoleInfo (RoleInfo.java:updateAndGet(130)) - 20c947e9-2491-4ec2-ac6b-23c6a5282b40: start 20c947e9-2491-4ec2-ac6b-23c6a5282b40@group-F359D992425A-FollowerState
2022-02-04 12:59:54,802 [EventQueue-OpenPipelineForHealthyPipelineSafeModeRule] INFO  safemode.SCMSafeModeManager (HealthyPipelineSafeModeRule.java:process(124)) - SCM in safe mode. Healthy pipelines reported count is 0, required healthy pipeline reported count is 1
2022-02-04 12:59:54,806 [20c947e9-2491-4ec2-ac6b-23c6a5282b40@group-3E41619BFC42-LeaderElection42] INFO  server.RaftServer$Division (ServerState.java:setRaftConf(387)) - 20c947e9-2491-4ec2-ac6b-23c6a5282b40@group-3E41619BFC42: set configuration 0: [20c947e9-2491-4ec2-ac6b-23c6a5282b40|rpc:10.1.0.52:39573|dataStream:|priority:1], old=null
2022-02-04 12:59:55,065 [e198e8aa-ac7e-482e-b774-3b2c159474e4@group-D12E2B386B4D-FollowerState] INFO  impl.FollowerState (FollowerState.java:run(134)) - e198e8aa-ac7e-482e-b774-3b2c159474e4@group-D12E2B386B4D-FollowerState: change to CANDIDATE, lastRpcElapsedTime:5087837266ns, electionTimeout:5076ms
2022-02-04 12:59:55,065 [e198e8aa-ac7e-482e-b774-3b2c159474e4@group-D12E2B386B4D-FollowerState] INFO  impl.RoleInfo (RoleInfo.java:shutdownFollowerState(108)) - e198e8aa-ac7e-482e-b774-3b2c159474e4: shutdown e198e8aa-ac7e-482e-b774-3b2c159474e4@group-D12E2B386B4D-FollowerState
2022-02-04 12:59:55,065 [e198e8aa-ac7e-482e-b774-3b2c159474e4@group-D12E2B386B4D-FollowerState] INFO  server.RaftServer$Division (RaftServerImpl.java:setRole(290)) - e198e8aa-ac7e-482e-b774-3b2c159474e4@group-D12E2B386B4D: changes role from  FOLLOWER to CANDIDATE at term 0 for changeToCandidate
2022-02-04 12:59:55,065 [e198e8aa-ac7e-482e-b774-3b2c159474e4@group-D12E2B386B4D-FollowerState] INFO  server.RaftServerConfigKeys (ConfUtils.java:logGet(44)) - raft.server.leaderelection.pre-vote = false (custom)
2022-02-04 12:59:55,065 [e198e8aa-ac7e-482e-b774-3b2c159474e4@group-D12E2B386B4D-FollowerState] INFO  impl.RoleInfo (RoleInfo.java:updateAndGet(130)) - e198e8aa-ac7e-482e-b774-3b2c159474e4: start e198e8aa-ac7e-482e-b774-3b2c159474e4@group-D12E2B386B4D-LeaderElection43
2022-02-04 12:59:55,076 [e198e8aa-ac7e-482e-b774-3b2c159474e4@group-D12E2B386B4D-LeaderElection43] INFO  impl.LeaderElection (LeaderElection.java:askForVotes(306)) - e198e8aa-ac7e-482e-b774-3b2c159474e4@group-D12E2B386B4D-LeaderElection43 ELECTION round 0: submit vote requests at term 1 for -1: [e198e8aa-ac7e-482e-b774-3b2c159474e4|rpc:10.1.0.52:43823|priority:1], old=null
2022-02-04 12:59:55,076 [e198e8aa-ac7e-482e-b774-3b2c159474e4@group-D12E2B386B4D-LeaderElection43] INFO  impl.LeaderElection (LeaderElection.java:askForVotes(308)) - e198e8aa-ac7e-482e-b774-3b2c159474e4@group-D12E2B386B4D-LeaderElection43 ELECTION round 0: result PASSED (term=1)
2022-02-04 12:59:55,076 [e198e8aa-ac7e-482e-b774-3b2c159474e4@group-D12E2B386B4D-LeaderElection43] INFO  impl.RoleInfo (RoleInfo.java:shutdownLeaderElection(121)) - e198e8aa-ac7e-482e-b774-3b2c159474e4: shutdown e198e8aa-ac7e-482e-b774-3b2c159474e4@group-D12E2B386B4D-LeaderElection43
2022-02-04 12:59:55,076 [e198e8aa-ac7e-482e-b774-3b2c159474e4@group-D12E2B386B4D-LeaderElection43] INFO  server.RaftServer$Division (RaftServerImpl.java:setRole(290)) - e198e8aa-ac7e-482e-b774-3b2c159474e4@group-D12E2B386B4D: changes role from CANDIDATE to LEADER at term 1 for changeToLeader
2022-02-04 12:59:55,076 [e198e8aa-ac7e-482e-b774-3b2c159474e4@group-D12E2B386B4D-LeaderElection43] INFO  ratis.XceiverServerRatis (XceiverServerRatis.java:handleLeaderChangedNotification(866)) - Leader change notification received for group: group-D12E2B386B4D with new leaderId: e198e8aa-ac7e-482e-b774-3b2c159474e4
2022-02-04 12:59:55,076 [e198e8aa-ac7e-482e-b774-3b2c159474e4@group-D12E2B386B4D-LeaderElection43] INFO  server.RaftServer$Division (ServerState.java:setLeader(285)) - e198e8aa-ac7e-482e-b774-3b2c159474e4@group-D12E2B386B4D: change Leader from null to e198e8aa-ac7e-482e-b774-3b2c159474e4 at term 1 for becomeLeader, leader elected after 5108ms
2022-02-04 12:59:55,076 [e198e8aa-ac7e-482e-b774-3b2c159474e4@group-D12E2B386B4D-LeaderElection43] INFO  server.RaftServerConfigKeys (ConfUtils.java:logGet(44)) - raft.server.staging.catchup.gap = 1000 (default)
2022-02-04 12:59:55,076 [e198e8aa-ac7e-482e-b774-3b2c159474e4@group-D12E2B386B4D-LeaderElection43] INFO  server.RaftServerConfigKeys (ConfUtils.java:logGet(44)) - raft.server.write.element-limit = 1024 (custom)
2022-02-04 12:59:55,076 [e198e8aa-ac7e-482e-b774-3b2c159474e4@group-D12E2B386B4D-LeaderElection43] INFO  server.RaftServerConfigKeys (ConfUtils.java:logGet(44)) - raft.server.write.byte-limit = 1024 M (=1073741824) (custom)
2022-02-04 12:59:55,077 [e198e8aa-ac7e-482e-b774-3b2c159474e4@group-D12E2B386B4D-LeaderElection43] INFO  server.RaftServerConfigKeys (ConfUtils.java:logGet(44)) - raft.server.watch.timeout = 180s (custom)
2022-02-04 12:59:55,077 [e198e8aa-ac7e-482e-b774-3b2c159474e4@group-D12E2B386B4D-LeaderElection43] INFO  server.RaftServerConfigKeys (ConfUtils.java:logGet(44)) - raft.server.watch.timeout.denomination = 1s (default)
2022-02-04 12:59:55,077 [e198e8aa-ac7e-482e-b774-3b2c159474e4@group-D12E2B386B4D-LeaderElection43] INFO  server.RaftServerConfigKeys (ConfUtils.java:logGet(44)) - raft.server.watch.element-limit = 65536 (default)
2022-02-04 12:59:55,077 [e198e8aa-ac7e-482e-b774-3b2c159474e4@group-D12E2B386B4D-LeaderElection43] INFO  server.RaftServerConfigKeys (ConfUtils.java:logGet(44)) - raft.server.write.element-limit = 1024 (custom)
2022-02-04 12:59:55,077 [e198e8aa-ac7e-482e-b774-3b2c159474e4@group-D12E2B386B4D-LeaderElection43] INFO  server.RaftServerConfigKeys (ConfUtils.java:logGet(44)) - raft.server.write.follower.gap.ratio.max = -1.0 (default)
2022-02-04 12:59:55,077 [e198e8aa-ac7e-482e-b774-3b2c159474e4@group-D12E2B386B4D-LeaderElection43] INFO  impl.RoleInfo (RoleInfo.java:updateAndGet(130)) - e198e8aa-ac7e-482e-b774-3b2c159474e4: start e198e8aa-ac7e-482e-b774-3b2c159474e4@group-D12E2B386B4D-LeaderStateImpl
2022-02-04 12:59:55,077 [e198e8aa-ac7e-482e-b774-3b2c159474e4@group-D12E2B386B4D-LeaderElection43] INFO  segmented.SegmentedRaftLogWorker (SegmentedRaftLogWorker.java:startLogSegment(394)) - e198e8aa-ac7e-482e-b774-3b2c159474e4@group-D12E2B386B4D-SegmentedRaftLogWorker: Starting segment from index:0
2022-02-04 12:59:55,079 [EventQueue-OpenPipelineForHealthyPipelineSafeModeRule] INFO  safemode.SCMSafeModeManager (HealthyPipelineSafeModeRule.java:process(124)) - SCM in safe mode. Healthy pipelines reported count is 0, required healthy pipeline reported count is 1
2022-02-04 12:59:55,080 [e198e8aa-ac7e-482e-b774-3b2c159474e4@group-D12E2B386B4D-SegmentedRaftLogWorker] INFO  segmented.SegmentedRaftLogWorker (SegmentedRaftLogWorker.java:execute(601)) - e198e8aa-ac7e-482e-b774-3b2c159474e4@group-D12E2B386B4D-SegmentedRaftLogWorker: created new log segment /home/runner/work/ozone/ozone/hadoop-ozone/integration-test/target/test-dir/MiniOzoneClusterImpl-782824e0-d6a6-4661-a42b-aa8966ebbd0c/datanode-1/data/ratis/7a224167-ef4b-4a7a-a6cb-d12e2b386b4d/current/log_inprogress_0
2022-02-04 12:59:55,083 [e198e8aa-ac7e-482e-b774-3b2c159474e4@group-D12E2B386B4D-LeaderElection43] INFO  server.RaftServer$Division (ServerState.java:setRaftConf(387)) - e198e8aa-ac7e-482e-b774-3b2c159474e4@group-D12E2B386B4D: set configuration 0: [e198e8aa-ac7e-482e-b774-3b2c159474e4|rpc:10.1.0.52:43823|dataStream:|priority:1], old=null
2022-02-04 12:59:55,206 [Listener at 127.0.0.1/36713] INFO  ozone.MiniOzoneClusterImpl (MiniOzoneClusterImpl.java:lambda$waitForClusterToBeReady$0(219)) - Nodes are ready. Got 3 of 3 DN Heartbeats.
2022-02-04 12:59:55,206 [Listener at 127.0.0.1/36713] INFO  ozone.MiniOzoneClusterImpl (MiniOzoneClusterImpl.java:lambda$waitForClusterToBeReady$0(222)) - Waiting for cluster to exit safe mode
2022-02-04 12:59:55,206 [Listener at 127.0.0.1/36713] INFO  ozone.MiniOzoneClusterImpl (MiniOzoneClusterImpl.java:lambda$waitForClusterToBeReady$0(224)) - SCM became leader
2022-02-04 12:59:55,262 [0f498a75-cc04-4524-9ea4-078af0041db3@group-BCB729C2B436-FollowerState] INFO  impl.FollowerState (FollowerState.java:run(134)) - 0f498a75-cc04-4524-9ea4-078af0041db3@group-BCB729C2B436-FollowerState: change to CANDIDATE, lastRpcElapsedTime:5027165686ns, electionTimeout:5026ms
2022-02-04 12:59:55,262 [0f498a75-cc04-4524-9ea4-078af0041db3@group-BCB729C2B436-FollowerState] INFO  impl.RoleInfo (RoleInfo.java:shutdownFollowerState(108)) - 0f498a75-cc04-4524-9ea4-078af0041db3: shutdown 0f498a75-cc04-4524-9ea4-078af0041db3@group-BCB729C2B436-FollowerState
2022-02-04 12:59:55,262 [0f498a75-cc04-4524-9ea4-078af0041db3@group-BCB729C2B436-FollowerState] INFO  server.RaftServer$Division (RaftServerImpl.java:setRole(290)) - 0f498a75-cc04-4524-9ea4-078af0041db3@group-BCB729C2B436: changes role from  FOLLOWER to CANDIDATE at term 0 for changeToCandidate
2022-02-04 12:59:55,262 [0f498a75-cc04-4524-9ea4-078af0041db3@group-BCB729C2B436-FollowerState] INFO  server.RaftServerConfigKeys (ConfUtils.java:logGet(44)) - raft.server.leaderelection.pre-vote = false (custom)
2022-02-04 12:59:55,262 [0f498a75-cc04-4524-9ea4-078af0041db3@group-BCB729C2B436-FollowerState] INFO  impl.RoleInfo (RoleInfo.java:updateAndGet(130)) - 0f498a75-cc04-4524-9ea4-078af0041db3: start 0f498a75-cc04-4524-9ea4-078af0041db3@group-BCB729C2B436-LeaderElection44
2022-02-04 12:59:55,270 [0f498a75-cc04-4524-9ea4-078af0041db3@group-BCB729C2B436-LeaderElection44] INFO  impl.LeaderElection (LeaderElection.java:askForVotes(306)) - 0f498a75-cc04-4524-9ea4-078af0041db3@group-BCB729C2B436-LeaderElection44 ELECTION round 0: submit vote requests at term 1 for -1: [0f498a75-cc04-4524-9ea4-078af0041db3|rpc:10.1.0.52:39849|priority:1], old=null
2022-02-04 12:59:55,270 [0f498a75-cc04-4524-9ea4-078af0041db3@group-BCB729C2B436-LeaderElection44] INFO  impl.LeaderElection (LeaderElection.java:askForVotes(308)) - 0f498a75-cc04-4524-9ea4-078af0041db3@group-BCB729C2B436-LeaderElection44 ELECTION round 0: result PASSED (term=1)
2022-02-04 12:59:55,270 [0f498a75-cc04-4524-9ea4-078af0041db3@group-BCB729C2B436-LeaderElection44] INFO  impl.RoleInfo (RoleInfo.java:shutdownLeaderElection(121)) - 0f498a75-cc04-4524-9ea4-078af0041db3: shutdown 0f498a75-cc04-4524-9ea4-078af0041db3@group-BCB729C2B436-LeaderElection44
2022-02-04 12:59:55,270 [0f498a75-cc04-4524-9ea4-078af0041db3@group-BCB729C2B436-LeaderElection44] INFO  server.RaftServer$Division (RaftServerImpl.java:setRole(290)) - 0f498a75-cc04-4524-9ea4-078af0041db3@group-BCB729C2B436: changes role from CANDIDATE to LEADER at term 1 for changeToLeader
2022-02-04 12:59:55,270 [0f498a75-cc04-4524-9ea4-078af0041db3@group-BCB729C2B436-LeaderElection44] INFO  ratis.XceiverServerRatis (XceiverServerRatis.java:handleLeaderChangedNotification(866)) - Leader change notification received for group: group-BCB729C2B436 with new leaderId: 0f498a75-cc04-4524-9ea4-078af0041db3
2022-02-04 12:59:55,271 [0f498a75-cc04-4524-9ea4-078af0041db3@group-BCB729C2B436-LeaderElection44] INFO  server.RaftServer$Division (ServerState.java:setLeader(285)) - 0f498a75-cc04-4524-9ea4-078af0041db3@group-BCB729C2B436: change Leader from null to 0f498a75-cc04-4524-9ea4-078af0041db3 at term 1 for becomeLeader, leader elected after 5046ms
2022-02-04 12:59:55,271 [0f498a75-cc04-4524-9ea4-078af0041db3@group-BCB729C2B436-LeaderElection44] INFO  server.RaftServerConfigKeys (ConfUtils.java:logGet(44)) - raft.server.staging.catchup.gap = 1000 (default)
2022-02-04 12:59:55,271 [0f498a75-cc04-4524-9ea4-078af0041db3@group-BCB729C2B436-LeaderElection44] INFO  server.RaftServerConfigKeys (ConfUtils.java:logGet(44)) - raft.server.write.element-limit = 1024 (custom)
2022-02-04 12:59:55,271 [EventQueue-OpenPipelineForHealthyPipelineSafeModeRule] INFO  safemode.SCMSafeModeManager (HealthyPipelineSafeModeRule.java:process(124)) - SCM in safe mode. Healthy pipelines reported count is 0, required healthy pipeline reported count is 1
2022-02-04 12:59:55,271 [0f498a75-cc04-4524-9ea4-078af0041db3@group-BCB729C2B436-LeaderElection44] INFO  server.RaftServerConfigKeys (ConfUtils.java:logGet(44)) - raft.server.write.byte-limit = 1024 M (=1073741824) (custom)
2022-02-04 12:59:55,272 [0f498a75-cc04-4524-9ea4-078af0041db3@group-BCB729C2B436-LeaderElection44] INFO  server.RaftServerConfigKeys (ConfUtils.java:logGet(44)) - raft.server.watch.timeout = 180s (custom)
2022-02-04 12:59:55,272 [0f498a75-cc04-4524-9ea4-078af0041db3@group-BCB729C2B436-LeaderElection44] INFO  server.RaftServerConfigKeys (ConfUtils.java:logGet(44)) - raft.server.watch.timeout.denomination = 1s (default)
2022-02-04 12:59:55,272 [0f498a75-cc04-4524-9ea4-078af0041db3@group-BCB729C2B436-LeaderElection44] INFO  server.RaftServerConfigKeys (ConfUtils.java:logGet(44)) - raft.server.watch.element-limit = 65536 (default)
2022-02-04 12:59:55,272 [0f498a75-cc04-4524-9ea4-078af0041db3@group-BCB729C2B436-LeaderElection44] INFO  server.RaftServerConfigKeys (ConfUtils.java:logGet(44)) - raft.server.write.element-limit = 1024 (custom)
2022-02-04 12:59:55,272 [0f498a75-cc04-4524-9ea4-078af0041db3@group-BCB729C2B436-LeaderElection44] INFO  server.RaftServerConfigKeys (ConfUtils.java:logGet(44)) - raft.server.write.follower.gap.ratio.max = -1.0 (default)
2022-02-04 12:59:55,272 [0f498a75-cc04-4524-9ea4-078af0041db3@group-BCB729C2B436-LeaderElection44] INFO  impl.RoleInfo (RoleInfo.java:updateAndGet(130)) - 0f498a75-cc04-4524-9ea4-078af0041db3: start 0f498a75-cc04-4524-9ea4-078af0041db3@group-BCB729C2B436-LeaderStateImpl
2022-02-04 12:59:55,272 [0f498a75-cc04-4524-9ea4-078af0041db3@group-BCB729C2B436-LeaderElection44] INFO  segmented.SegmentedRaftLogWorker (SegmentedRaftLogWorker.java:startLogSegment(394)) - 0f498a75-cc04-4524-9ea4-078af0041db3@group-BCB729C2B436-SegmentedRaftLogWorker: Starting segment from index:0
2022-02-04 12:59:55,275 [0f498a75-cc04-4524-9ea4-078af0041db3@group-BCB729C2B436-SegmentedRaftLogWorker] INFO  segmented.SegmentedRaftLogWorker (SegmentedRaftLogWorker.java:execute(601)) - 0f498a75-cc04-4524-9ea4-078af0041db3@group-BCB729C2B436-SegmentedRaftLogWorker: created new log segment /home/runner/work/ozone/ozone/hadoop-ozone/integration-test/target/test-dir/MiniOzoneClusterImpl-782824e0-d6a6-4661-a42b-aa8966ebbd0c/datanode-2/data/ratis/2d47c9d0-b22f-4fef-9701-bcb729c2b436/current/log_inprogress_0
2022-02-04 12:59:55,284 [0f498a75-cc04-4524-9ea4-078af0041db3@group-BCB729C2B436-LeaderElection44] INFO  server.RaftServer$Division (ServerState.java:setRaftConf(387)) - 0f498a75-cc04-4524-9ea4-078af0041db3@group-BCB729C2B436: set configuration 0: [0f498a75-cc04-4524-9ea4-078af0041db3|rpc:10.1.0.52:39849|dataStream:|priority:1], old=null
2022-02-04 12:59:56,078 [EventQueue-OpenPipelineForHealthyPipelineSafeModeRule] INFO  safemode.SCMSafeModeManager (HealthyPipelineSafeModeRule.java:process(124)) - SCM in safe mode. Healthy pipelines reported count is 0, required healthy pipeline reported count is 1
2022-02-04 12:59:56,206 [Listener at 127.0.0.1/36713] INFO  ozone.MiniOzoneClusterImpl (MiniOzoneClusterImpl.java:lambda$waitForClusterToBeReady$0(219)) - Nodes are ready. Got 3 of 3 DN Heartbeats.
2022-02-04 12:59:56,206 [Listener at 127.0.0.1/36713] INFO  ozone.MiniOzoneClusterImpl (MiniOzoneClusterImpl.java:lambda$waitForClusterToBeReady$0(222)) - Waiting for cluster to exit safe mode
2022-02-04 12:59:56,206 [Listener at 127.0.0.1/36713] INFO  ozone.MiniOzoneClusterImpl (MiniOzoneClusterImpl.java:lambda$waitForClusterToBeReady$0(224)) - SCM became leader
2022-02-04 12:59:56,303 [EventQueue-OpenPipelineForHealthyPipelineSafeModeRule] INFO  safemode.SCMSafeModeManager (HealthyPipelineSafeModeRule.java:process(124)) - SCM in safe mode. Healthy pipelines reported count is 0, required healthy pipeline reported count is 1
2022-02-04 12:59:56,771 [EventQueue-OpenPipelineForHealthyPipelineSafeModeRule] INFO  safemode.SCMSafeModeManager (HealthyPipelineSafeModeRule.java:process(124)) - SCM in safe mode. Healthy pipelines reported count is 0, required healthy pipeline reported count is 1
2022-02-04 12:59:57,206 [Listener at 127.0.0.1/36713] INFO  ozone.MiniOzoneClusterImpl (MiniOzoneClusterImpl.java:lambda$waitForClusterToBeReady$0(219)) - Nodes are ready. Got 3 of 3 DN Heartbeats.
2022-02-04 12:59:57,206 [Listener at 127.0.0.1/36713] INFO  ozone.MiniOzoneClusterImpl (MiniOzoneClusterImpl.java:lambda$waitForClusterToBeReady$0(222)) - Waiting for cluster to exit safe mode
2022-02-04 12:59:57,207 [Listener at 127.0.0.1/36713] INFO  ozone.MiniOzoneClusterImpl (MiniOzoneClusterImpl.java:lambda$waitForClusterToBeReady$0(224)) - SCM became leader
2022-02-04 12:59:57,581 [EventQueue-OpenPipelineForHealthyPipelineSafeModeRule] INFO  safemode.SCMSafeModeManager (HealthyPipelineSafeModeRule.java:process(124)) - SCM in safe mode. Healthy pipelines reported count is 0, required healthy pipeline reported count is 1
2022-02-04 12:59:57,587 [cd33ab12-5c76-4090-ae9e-f8dc2a96321d@group-A8606B43266C-FollowerState] INFO  impl.FollowerState (FollowerState.java:run(134)) - cd33ab12-5c76-4090-ae9e-f8dc2a96321d@group-A8606B43266C-FollowerState: change to CANDIDATE, lastRpcElapsedTime:5134549950ns, electionTimeout:5125ms
2022-02-04 12:59:57,587 [cd33ab12-5c76-4090-ae9e-f8dc2a96321d@group-A8606B43266C-FollowerState] INFO  impl.RoleInfo (RoleInfo.java:shutdownFollowerState(108)) - cd33ab12-5c76-4090-ae9e-f8dc2a96321d: shutdown cd33ab12-5c76-4090-ae9e-f8dc2a96321d@group-A8606B43266C-FollowerState
2022-02-04 12:59:57,587 [cd33ab12-5c76-4090-ae9e-f8dc2a96321d@group-A8606B43266C-FollowerState] INFO  server.RaftServer$Division (RaftServerImpl.java:setRole(290)) - cd33ab12-5c76-4090-ae9e-f8dc2a96321d@group-A8606B43266C: changes role from  FOLLOWER to CANDIDATE at term 2 for changeToCandidate
2022-02-04 12:59:57,587 [cd33ab12-5c76-4090-ae9e-f8dc2a96321d@group-A8606B43266C-FollowerState] INFO  server.RaftServerConfigKeys (ConfUtils.java:logGet(44)) - raft.server.leaderelection.pre-vote = false (custom)
2022-02-04 12:59:57,587 [cd33ab12-5c76-4090-ae9e-f8dc2a96321d@group-A8606B43266C-FollowerState] INFO  impl.RoleInfo (RoleInfo.java:updateAndGet(130)) - cd33ab12-5c76-4090-ae9e-f8dc2a96321d: start cd33ab12-5c76-4090-ae9e-f8dc2a96321d@group-A8606B43266C-LeaderElection45
2022-02-04 12:59:57,595 [cd33ab12-5c76-4090-ae9e-f8dc2a96321d@group-A8606B43266C-LeaderElection45] INFO  impl.LeaderElection (LeaderElection.java:askForVotes(306)) - cd33ab12-5c76-4090-ae9e-f8dc2a96321d@group-A8606B43266C-LeaderElection45 ELECTION round 0: submit vote requests at term 3 for -1: [99ec0913-bcd1-4774-8e53-643ce8734cf6|rpc:10.1.0.52:38161|dataStream:|priority:1, 4dd803c0-ea86-48ec-b5c9-2601c1b23b4d|rpc:10.1.0.52:34153|dataStream:|priority:0, cd33ab12-5c76-4090-ae9e-f8dc2a96321d|rpc:10.1.0.52:40103|dataStream:|priority:0], old=null
2022-02-04 12:59:57,601 [grpc-default-executor-0] INFO  server.RaftServer$Division (RaftServerImpl.java:requestVote(1046)) - 99ec0913-bcd1-4774-8e53-643ce8734cf6@group-A8606B43266C: receive requestVote(ELECTION, cd33ab12-5c76-4090-ae9e-f8dc2a96321d, group-A8606B43266C, 3, (t:0, i:0))
2022-02-04 12:59:57,601 [grpc-default-executor-0] INFO  impl.VoteContext (VoteContext.java:log(48)) - 99ec0913-bcd1-4774-8e53-643ce8734cf6@group-A8606B43266C-FOLLOWER: reject ELECTION from cd33ab12-5c76-4090-ae9e-f8dc2a96321d: our priority 1 > candidate's priority 0
2022-02-04 12:59:57,601 [grpc-default-executor-0] INFO  server.RaftServer$Division (RaftServerImpl.java:setRole(290)) - 99ec0913-bcd1-4774-8e53-643ce8734cf6@group-A8606B43266C: changes role from  FOLLOWER to FOLLOWER at term 3 for candidate:cd33ab12-5c76-4090-ae9e-f8dc2a96321d
2022-02-04 12:59:57,601 [grpc-default-executor-0] INFO  impl.RoleInfo (RoleInfo.java:shutdownFollowerState(108)) - 99ec0913-bcd1-4774-8e53-643ce8734cf6: shutdown 99ec0913-bcd1-4774-8e53-643ce8734cf6@group-A8606B43266C-FollowerState
2022-02-04 12:59:57,602 [grpc-default-executor-0] INFO  impl.RoleInfo (RoleInfo.java:updateAndGet(130)) - 99ec0913-bcd1-4774-8e53-643ce8734cf6: start 99ec0913-bcd1-4774-8e53-643ce8734cf6@group-A8606B43266C-FollowerState
2022-02-04 12:59:57,602 [99ec0913-bcd1-4774-8e53-643ce8734cf6@group-A8606B43266C-FollowerState] INFO  impl.FollowerState (FollowerState.java:run(143)) - 99ec0913-bcd1-4774-8e53-643ce8734cf6@group-A8606B43266C-FollowerState was interrupted: {}
java.lang.InterruptedException: sleep interrupted
	at java.lang.Thread.sleep(Native Method)
	at java.lang.Thread.sleep(Thread.java:340)
	at java.util.concurrent.TimeUnit.sleep(TimeUnit.java:386)
	at org.apache.ratis.util.TimeDuration.sleep(TimeDuration.java:324)
	at org.apache.ratis.util.TimeDuration.sleep(TimeDuration.java:309)
	at org.apache.ratis.server.impl.FollowerState.run(FollowerState.java:118)
2022-02-04 12:59:57,610 [grpc-default-executor-3] INFO  server.RaftServer$Division (RaftServerImpl.java:requestVote(1046)) - 4dd803c0-ea86-48ec-b5c9-2601c1b23b4d@group-A8606B43266C: receive requestVote(ELECTION, cd33ab12-5c76-4090-ae9e-f8dc2a96321d, group-A8606B43266C, 3, (t:0, i:0))
2022-02-04 12:59:57,610 [grpc-default-executor-3] INFO  impl.VoteContext (VoteContext.java:log(48)) - 4dd803c0-ea86-48ec-b5c9-2601c1b23b4d@group-A8606B43266C-FOLLOWER: accept ELECTION from cd33ab12-5c76-4090-ae9e-f8dc2a96321d: our priority 0 <= candidate's priority 0
2022-02-04 12:59:57,611 [grpc-default-executor-3] INFO  server.RaftServer$Division (RaftServerImpl.java:setRole(290)) - 4dd803c0-ea86-48ec-b5c9-2601c1b23b4d@group-A8606B43266C: changes role from  FOLLOWER to FOLLOWER at term 3 for candidate:cd33ab12-5c76-4090-ae9e-f8dc2a96321d
2022-02-04 12:59:57,611 [grpc-default-executor-3] INFO  impl.RoleInfo (RoleInfo.java:shutdownFollowerState(108)) - 4dd803c0-ea86-48ec-b5c9-2601c1b23b4d: shutdown 4dd803c0-ea86-48ec-b5c9-2601c1b23b4d@group-A8606B43266C-FollowerState
2022-02-04 12:59:57,611 [grpc-default-executor-3] INFO  impl.RoleInfo (RoleInfo.java:updateAndGet(130)) - 4dd803c0-ea86-48ec-b5c9-2601c1b23b4d: start 4dd803c0-ea86-48ec-b5c9-2601c1b23b4d@group-A8606B43266C-FollowerState
2022-02-04 12:59:57,611 [grpc-default-executor-0] INFO  server.RaftServer$Division (RaftServerImpl.java:requestVote(1078)) - 99ec0913-bcd1-4774-8e53-643ce8734cf6@group-A8606B43266C replies to ELECTION vote request: cd33ab12-5c76-4090-ae9e-f8dc2a96321d<-99ec0913-bcd1-4774-8e53-643ce8734cf6#0:FAIL-t3. Peer's state: 99ec0913-bcd1-4774-8e53-643ce8734cf6@group-A8606B43266C:t3, leader=null, voted=null, raftlog=99ec0913-bcd1-4774-8e53-643ce8734cf6@group-A8606B43266C-SegmentedRaftLog:OPENED:c-1, conf=-1: [99ec0913-bcd1-4774-8e53-643ce8734cf6|rpc:10.1.0.52:38161|dataStream:|priority:1, 4dd803c0-ea86-48ec-b5c9-2601c1b23b4d|rpc:10.1.0.52:34153|dataStream:|priority:0, cd33ab12-5c76-4090-ae9e-f8dc2a96321d|rpc:10.1.0.52:40103|dataStream:|priority:0], old=null
2022-02-04 12:59:57,611 [4dd803c0-ea86-48ec-b5c9-2601c1b23b4d@group-A8606B43266C-FollowerState] INFO  impl.FollowerState (FollowerState.java:run(143)) - 4dd803c0-ea86-48ec-b5c9-2601c1b23b4d@group-A8606B43266C-FollowerState was interrupted: {}
java.lang.InterruptedException: sleep interrupted
	at java.lang.Thread.sleep(Native Method)
	at java.lang.Thread.sleep(Thread.java:340)
	at java.util.concurrent.TimeUnit.sleep(TimeUnit.java:386)
	at org.apache.ratis.util.TimeDuration.sleep(TimeDuration.java:324)
	at org.apache.ratis.util.TimeDuration.sleep(TimeDuration.java:309)
	at org.apache.ratis.server.impl.FollowerState.run(FollowerState.java:118)
2022-02-04 12:59:57,619 [cd33ab12-5c76-4090-ae9e-f8dc2a96321d@group-A8606B43266C-LeaderElection45] INFO  impl.LeaderElection (LeaderElection.java:logAndReturn(89)) - cd33ab12-5c76-4090-ae9e-f8dc2a96321d@group-A8606B43266C-LeaderElection45: ELECTION REJECTED received 1 response(s) and 0 exception(s):
2022-02-04 12:59:57,619 [cd33ab12-5c76-4090-ae9e-f8dc2a96321d@group-A8606B43266C-LeaderElection45] INFO  impl.LeaderElection (LeaderElection.java:logAndReturn(93)) -   Response 0: cd33ab12-5c76-4090-ae9e-f8dc2a96321d<-99ec0913-bcd1-4774-8e53-643ce8734cf6#0:FAIL-t3
2022-02-04 12:59:57,619 [cd33ab12-5c76-4090-ae9e-f8dc2a96321d@group-A8606B43266C-LeaderElection45] INFO  impl.LeaderElection (LeaderElection.java:askForVotes(308)) - cd33ab12-5c76-4090-ae9e-f8dc2a96321d@group-A8606B43266C-LeaderElection45 ELECTION round 0: result REJECTED
2022-02-04 12:59:57,619 [cd33ab12-5c76-4090-ae9e-f8dc2a96321d@group-A8606B43266C-LeaderElection45] INFO  server.RaftServer$Division (RaftServerImpl.java:setRole(290)) - cd33ab12-5c76-4090-ae9e-f8dc2a96321d@group-A8606B43266C: changes role from CANDIDATE to FOLLOWER at term 3 for REJECTED
2022-02-04 12:59:57,619 [cd33ab12-5c76-4090-ae9e-f8dc2a96321d@group-A8606B43266C-LeaderElection45] INFO  impl.RoleInfo (RoleInfo.java:shutdownLeaderElection(121)) - cd33ab12-5c76-4090-ae9e-f8dc2a96321d: shutdown cd33ab12-5c76-4090-ae9e-f8dc2a96321d@group-A8606B43266C-LeaderElection45
2022-02-04 12:59:57,619 [cd33ab12-5c76-4090-ae9e-f8dc2a96321d@group-A8606B43266C-LeaderElection45] INFO  impl.RoleInfo (RoleInfo.java:updateAndGet(130)) - cd33ab12-5c76-4090-ae9e-f8dc2a96321d: start cd33ab12-5c76-4090-ae9e-f8dc2a96321d@group-A8606B43266C-FollowerState
2022-02-04 12:59:57,620 [grpc-default-executor-3] INFO  server.RaftServer$Division (RaftServerImpl.java:requestVote(1078)) - 4dd803c0-ea86-48ec-b5c9-2601c1b23b4d@group-A8606B43266C replies to ELECTION vote request: cd33ab12-5c76-4090-ae9e-f8dc2a96321d<-4dd803c0-ea86-48ec-b5c9-2601c1b23b4d#0:OK-t3. Peer's state: 4dd803c0-ea86-48ec-b5c9-2601c1b23b4d@group-A8606B43266C:t3, leader=null, voted=cd33ab12-5c76-4090-ae9e-f8dc2a96321d, raftlog=4dd803c0-ea86-48ec-b5c9-2601c1b23b4d@group-A8606B43266C-SegmentedRaftLog:OPENED:c-1, conf=-1: [99ec0913-bcd1-4774-8e53-643ce8734cf6|rpc:10.1.0.52:38161|priority:1, 4dd803c0-ea86-48ec-b5c9-2601c1b23b4d|rpc:10.1.0.52:34153|priority:0, cd33ab12-5c76-4090-ae9e-f8dc2a96321d|rpc:10.1.0.52:40103|priority:0], old=null
2022-02-04 12:59:58,207 [Listener at 127.0.0.1/36713] INFO  ozone.MiniOzoneClusterImpl (MiniOzoneClusterImpl.java:lambda$waitForClusterToBeReady$0(219)) - Nodes are ready. Got 3 of 3 DN Heartbeats.
2022-02-04 12:59:58,207 [Listener at 127.0.0.1/36713] INFO  ozone.MiniOzoneClusterImpl (MiniOzoneClusterImpl.java:lambda$waitForClusterToBeReady$0(222)) - Waiting for cluster to exit safe mode
2022-02-04 12:59:58,207 [Listener at 127.0.0.1/36713] INFO  ozone.MiniOzoneClusterImpl (MiniOzoneClusterImpl.java:lambda$waitForClusterToBeReady$0(224)) - SCM became leader
2022-02-04 12:59:58,272 [EventQueue-OpenPipelineForHealthyPipelineSafeModeRule] INFO  safemode.SCMSafeModeManager (HealthyPipelineSafeModeRule.java:process(124)) - SCM in safe mode. Healthy pipelines reported count is 0, required healthy pipeline reported count is 1
2022-02-04 12:59:58,302 [EventQueue-OpenPipelineForHealthyPipelineSafeModeRule] INFO  safemode.SCMSafeModeManager (HealthyPipelineSafeModeRule.java:process(124)) - SCM in safe mode. Healthy pipelines reported count is 0, required healthy pipeline reported count is 1
2022-02-04 12:59:59,207 [Listener at 127.0.0.1/36713] INFO  ozone.MiniOzoneClusterImpl (MiniOzoneClusterImpl.java:lambda$waitForClusterToBeReady$0(219)) - Nodes are ready. Got 3 of 3 DN Heartbeats.
2022-02-04 12:59:59,207 [Listener at 127.0.0.1/36713] INFO  ozone.MiniOzoneClusterImpl (MiniOzoneClusterImpl.java:lambda$waitForClusterToBeReady$0(222)) - Waiting for cluster to exit safe mode
2022-02-04 12:59:59,207 [Listener at 127.0.0.1/36713] INFO  ozone.MiniOzoneClusterImpl (MiniOzoneClusterImpl.java:lambda$waitForClusterToBeReady$0(224)) - SCM became leader
2022-02-04 12:59:59,272 [EventQueue-OpenPipelineForHealthyPipelineSafeModeRule] INFO  safemode.SCMSafeModeManager (HealthyPipelineSafeModeRule.java:process(124)) - SCM in safe mode. Healthy pipelines reported count is 0, required healthy pipeline reported count is 1
2022-02-04 12:59:59,580 [EventQueue-OpenPipelineForHealthyPipelineSafeModeRule] INFO  safemode.SCMSafeModeManager (HealthyPipelineSafeModeRule.java:process(124)) - SCM in safe mode. Healthy pipelines reported count is 0, required healthy pipeline reported count is 1
2022-02-04 12:59:59,647 [Thread-974] INFO  upgrade.UpgradeFinalizer (SCMUpgradeFinalizer.java:postFinalizeUpgrade(116)) - Waiting for at least one open pipeline after SCM finalization.
2022-02-04 12:59:59,803 [EventQueue-OpenPipelineForHealthyPipelineSafeModeRule] INFO  safemode.SCMSafeModeManager (HealthyPipelineSafeModeRule.java:process(124)) - SCM in safe mode. Healthy pipelines reported count is 0, required healthy pipeline reported count is 1
2022-02-04 12:59:59,819 [0f498a75-cc04-4524-9ea4-078af0041db3@group-F359D992425A-FollowerState] INFO  impl.FollowerState (FollowerState.java:run(134)) - 0f498a75-cc04-4524-9ea4-078af0041db3@group-F359D992425A-FollowerState: change to CANDIDATE, lastRpcElapsedTime:5042276781ns, electionTimeout:5021ms
2022-02-04 12:59:59,820 [0f498a75-cc04-4524-9ea4-078af0041db3@group-F359D992425A-FollowerState] INFO  impl.RoleInfo (RoleInfo.java:shutdownFollowerState(108)) - 0f498a75-cc04-4524-9ea4-078af0041db3: shutdown 0f498a75-cc04-4524-9ea4-078af0041db3@group-F359D992425A-FollowerState
2022-02-04 12:59:59,820 [0f498a75-cc04-4524-9ea4-078af0041db3@group-F359D992425A-FollowerState] INFO  server.RaftServer$Division (RaftServerImpl.java:setRole(290)) - 0f498a75-cc04-4524-9ea4-078af0041db3@group-F359D992425A: changes role from  FOLLOWER to CANDIDATE at term 1 for changeToCandidate
2022-02-04 12:59:59,820 [0f498a75-cc04-4524-9ea4-078af0041db3@group-F359D992425A-FollowerState] INFO  server.RaftServerConfigKeys (ConfUtils.java:logGet(44)) - raft.server.leaderelection.pre-vote = false (custom)
2022-02-04 12:59:59,820 [0f498a75-cc04-4524-9ea4-078af0041db3@group-F359D992425A-FollowerState] INFO  impl.RoleInfo (RoleInfo.java:updateAndGet(130)) - 0f498a75-cc04-4524-9ea4-078af0041db3: start 0f498a75-cc04-4524-9ea4-078af0041db3@group-F359D992425A-LeaderElection46
2022-02-04 12:59:59,823 [0f498a75-cc04-4524-9ea4-078af0041db3@group-F359D992425A-LeaderElection46] INFO  impl.LeaderElection (LeaderElection.java:askForVotes(306)) - 0f498a75-cc04-4524-9ea4-078af0041db3@group-F359D992425A-LeaderElection46 ELECTION round 0: submit vote requests at term 2 for -1: [20c947e9-2491-4ec2-ac6b-23c6a5282b40|rpc:10.1.0.52:39573|dataStream:|priority:0, e198e8aa-ac7e-482e-b774-3b2c159474e4|rpc:10.1.0.52:43823|dataStream:|priority:0, 0f498a75-cc04-4524-9ea4-078af0041db3|rpc:10.1.0.52:39849|dataStream:|priority:1], old=null
2022-02-04 12:59:59,840 [grpc-default-executor-0] INFO  server.RaftServer$Division (RaftServerImpl.java:requestVote(1046)) - 20c947e9-2491-4ec2-ac6b-23c6a5282b40@group-F359D992425A: receive requestVote(ELECTION, 0f498a75-cc04-4524-9ea4-078af0041db3, group-F359D992425A, 2, (t:0, i:0))
2022-02-04 12:59:59,840 [grpc-default-executor-0] INFO  impl.VoteContext (VoteContext.java:log(48)) - 20c947e9-2491-4ec2-ac6b-23c6a5282b40@group-F359D992425A-FOLLOWER: accept ELECTION from 0f498a75-cc04-4524-9ea4-078af0041db3: our priority 0 <= candidate's priority 1
2022-02-04 12:59:59,840 [grpc-default-executor-0] INFO  server.RaftServer$Division (RaftServerImpl.java:setRole(290)) - 20c947e9-2491-4ec2-ac6b-23c6a5282b40@group-F359D992425A: changes role from  FOLLOWER to FOLLOWER at term 2 for candidate:0f498a75-cc04-4524-9ea4-078af0041db3
2022-02-04 12:59:59,841 [grpc-default-executor-0] INFO  impl.RoleInfo (RoleInfo.java:shutdownFollowerState(108)) - 20c947e9-2491-4ec2-ac6b-23c6a5282b40: shutdown 20c947e9-2491-4ec2-ac6b-23c6a5282b40@group-F359D992425A-FollowerState
2022-02-04 12:59:59,841 [grpc-default-executor-0] INFO  impl.RoleInfo (RoleInfo.java:updateAndGet(130)) - 20c947e9-2491-4ec2-ac6b-23c6a5282b40: start 20c947e9-2491-4ec2-ac6b-23c6a5282b40@group-F359D992425A-FollowerState
2022-02-04 12:59:59,841 [20c947e9-2491-4ec2-ac6b-23c6a5282b40@group-F359D992425A-FollowerState] INFO  impl.FollowerState (FollowerState.java:run(143)) - 20c947e9-2491-4ec2-ac6b-23c6a5282b40@group-F359D992425A-FollowerState was interrupted: {}
java.lang.InterruptedException: sleep interrupted
	at java.lang.Thread.sleep(Native Method)
	at java.lang.Thread.sleep(Thread.java:340)
	at java.util.concurrent.TimeUnit.sleep(TimeUnit.java:386)
	at org.apache.ratis.util.TimeDuration.sleep(TimeDuration.java:324)
	at org.apache.ratis.util.TimeDuration.sleep(TimeDuration.java:309)
	at org.apache.ratis.server.impl.FollowerState.run(FollowerState.java:118)
2022-02-04 12:59:59,846 [grpc-default-executor-0] INFO  server.RaftServer$Division (RaftServerImpl.java:requestVote(1078)) - 20c947e9-2491-4ec2-ac6b-23c6a5282b40@group-F359D992425A replies to ELECTION vote request: 0f498a75-cc04-4524-9ea4-078af0041db3<-20c947e9-2491-4ec2-ac6b-23c6a5282b40#0:OK-t2. Peer's state: 20c947e9-2491-4ec2-ac6b-23c6a5282b40@group-F359D992425A:t2, leader=null, voted=0f498a75-cc04-4524-9ea4-078af0041db3, raftlog=20c947e9-2491-4ec2-ac6b-23c6a5282b40@group-F359D992425A-SegmentedRaftLog:OPENED:c-1, conf=-1: [20c947e9-2491-4ec2-ac6b-23c6a5282b40|rpc:10.1.0.52:39573|priority:0, e198e8aa-ac7e-482e-b774-3b2c159474e4|rpc:10.1.0.52:43823|priority:0, 0f498a75-cc04-4524-9ea4-078af0041db3|rpc:10.1.0.52:39849|priority:1], old=null
2022-02-04 12:59:59,849 [0f498a75-cc04-4524-9ea4-078af0041db3@group-F359D992425A-LeaderElection46] INFO  impl.LeaderElection (LeaderElection.java:logAndReturn(89)) - 0f498a75-cc04-4524-9ea4-078af0041db3@group-F359D992425A-LeaderElection46: ELECTION PASSED received 1 response(s) and 0 exception(s):
2022-02-04 12:59:59,849 [0f498a75-cc04-4524-9ea4-078af0041db3@group-F359D992425A-LeaderElection46] INFO  impl.LeaderElection (LeaderElection.java:logAndReturn(93)) -   Response 0: 0f498a75-cc04-4524-9ea4-078af0041db3<-20c947e9-2491-4ec2-ac6b-23c6a5282b40#0:OK-t2
2022-02-04 12:59:59,849 [0f498a75-cc04-4524-9ea4-078af0041db3@group-F359D992425A-LeaderElection46] INFO  impl.LeaderElection (LeaderElection.java:askForVotes(308)) - 0f498a75-cc04-4524-9ea4-078af0041db3@group-F359D992425A-LeaderElection46 ELECTION round 0: result PASSED
2022-02-04 12:59:59,850 [grpc-default-executor-3] INFO  server.RaftServer$Division (RaftServerImpl.java:requestVote(1046)) - e198e8aa-ac7e-482e-b774-3b2c159474e4@group-F359D992425A: receive requestVote(ELECTION, 0f498a75-cc04-4524-9ea4-078af0041db3, group-F359D992425A, 2, (t:0, i:0))
2022-02-04 12:59:59,850 [grpc-default-executor-3] INFO  impl.VoteContext (VoteContext.java:log(48)) - e198e8aa-ac7e-482e-b774-3b2c159474e4@group-F359D992425A-FOLLOWER: accept ELECTION from 0f498a75-cc04-4524-9ea4-078af0041db3: our priority 0 <= candidate's priority 1
2022-02-04 12:59:59,850 [grpc-default-executor-3] INFO  server.RaftServer$Division (RaftServerImpl.java:setRole(290)) - e198e8aa-ac7e-482e-b774-3b2c159474e4@group-F359D992425A: changes role from  FOLLOWER to FOLLOWER at term 2 for candidate:0f498a75-cc04-4524-9ea4-078af0041db3
2022-02-04 12:59:59,850 [grpc-default-executor-3] INFO  impl.RoleInfo (RoleInfo.java:shutdownFollowerState(108)) - e198e8aa-ac7e-482e-b774-3b2c159474e4: shutdown e198e8aa-ac7e-482e-b774-3b2c159474e4@group-F359D992425A-FollowerState
2022-02-04 12:59:59,850 [grpc-default-executor-3] INFO  impl.RoleInfo (RoleInfo.java:updateAndGet(130)) - e198e8aa-ac7e-482e-b774-3b2c159474e4: start e198e8aa-ac7e-482e-b774-3b2c159474e4@group-F359D992425A-FollowerState
2022-02-04 12:59:59,850 [e198e8aa-ac7e-482e-b774-3b2c159474e4@group-F359D992425A-FollowerState] INFO  impl.FollowerState (FollowerState.java:run(143)) - e198e8aa-ac7e-482e-b774-3b2c159474e4@group-F359D992425A-FollowerState was interrupted: {}
java.lang.InterruptedException: sleep interrupted
	at java.lang.Thread.sleep(Native Method)
	at java.lang.Thread.sleep(Thread.java:340)
	at java.util.concurrent.TimeUnit.sleep(TimeUnit.java:386)
	at org.apache.ratis.util.TimeDuration.sleep(TimeDuration.java:324)
	at org.apache.ratis.util.TimeDuration.sleep(TimeDuration.java:309)
	at org.apache.ratis.server.impl.FollowerState.run(FollowerState.java:118)
2022-02-04 12:59:59,855 [grpc-default-executor-3] INFO  server.RaftServer$Division (RaftServerImpl.java:requestVote(1078)) - e198e8aa-ac7e-482e-b774-3b2c159474e4@group-F359D992425A replies to ELECTION vote request: 0f498a75-cc04-4524-9ea4-078af0041db3<-e198e8aa-ac7e-482e-b774-3b2c159474e4#0:OK-t2. Peer's state: e198e8aa-ac7e-482e-b774-3b2c159474e4@group-F359D992425A:t2, leader=null, voted=0f498a75-cc04-4524-9ea4-078af0041db3, raftlog=e198e8aa-ac7e-482e-b774-3b2c159474e4@group-F359D992425A-SegmentedRaftLog:OPENED:c-1, conf=-1: [20c947e9-2491-4ec2-ac6b-23c6a5282b40|rpc:10.1.0.52:39573|dataStream:|priority:0, e198e8aa-ac7e-482e-b774-3b2c159474e4|rpc:10.1.0.52:43823|dataStream:|priority:0, 0f498a75-cc04-4524-9ea4-078af0041db3|rpc:10.1.0.52:39849|dataStream:|priority:1], old=null
2022-02-04 12:59:59,856 [0f498a75-cc04-4524-9ea4-078af0041db3@group-F359D992425A-LeaderElection46] INFO  impl.RoleInfo (RoleInfo.java:shutdownLeaderElection(121)) - 0f498a75-cc04-4524-9ea4-078af0041db3: shutdown 0f498a75-cc04-4524-9ea4-078af0041db3@group-F359D992425A-LeaderElection46
2022-02-04 12:59:59,856 [0f498a75-cc04-4524-9ea4-078af0041db3@group-F359D992425A-LeaderElection46] INFO  server.RaftServer$Division (RaftServerImpl.java:setRole(290)) - 0f498a75-cc04-4524-9ea4-078af0041db3@group-F359D992425A: changes role from CANDIDATE to LEADER at term 2 for changeToLeader
2022-02-04 12:59:59,856 [0f498a75-cc04-4524-9ea4-078af0041db3@group-F359D992425A-LeaderElection46] INFO  ratis.XceiverServerRatis (XceiverServerRatis.java:handleLeaderChangedNotification(866)) - Leader change notification received for group: group-F359D992425A with new leaderId: 0f498a75-cc04-4524-9ea4-078af0041db3
2022-02-04 12:59:59,856 [0f498a75-cc04-4524-9ea4-078af0041db3@group-F359D992425A-LeaderElection46] INFO  server.RaftServer$Division (ServerState.java:setLeader(285)) - 0f498a75-cc04-4524-9ea4-078af0041db3@group-F359D992425A: change Leader from null to 0f498a75-cc04-4524-9ea4-078af0041db3 at term 2 for becomeLeader, leader elected after 10007ms
2022-02-04 12:59:59,856 [0f498a75-cc04-4524-9ea4-078af0041db3@group-F359D992425A-LeaderElection46] INFO  server.RaftServerConfigKeys (ConfUtils.java:logGet(44)) - raft.server.staging.catchup.gap = 1000 (default)
2022-02-04 12:59:59,856 [0f498a75-cc04-4524-9ea4-078af0041db3@group-F359D992425A-LeaderElection46] INFO  server.RaftServerConfigKeys (ConfUtils.java:logGet(44)) - raft.server.write.element-limit = 1024 (custom)
2022-02-04 12:59:59,856 [0f498a75-cc04-4524-9ea4-078af0041db3@group-F359D992425A-LeaderElection46] INFO  server.RaftServerConfigKeys (ConfUtils.java:logGet(44)) - raft.server.write.byte-limit = 1024 M (=1073741824) (custom)
2022-02-04 12:59:59,857 [0f498a75-cc04-4524-9ea4-078af0041db3@group-F359D992425A-LeaderElection46] INFO  server.RaftServerConfigKeys (ConfUtils.java:logGet(44)) - raft.server.watch.timeout = 180s (custom)
2022-02-04 12:59:59,857 [0f498a75-cc04-4524-9ea4-078af0041db3@group-F359D992425A-LeaderElection46] INFO  server.RaftServerConfigKeys (ConfUtils.java:logGet(44)) - raft.server.watch.timeout.denomination = 1s (default)
2022-02-04 12:59:59,857 [0f498a75-cc04-4524-9ea4-078af0041db3@group-F359D992425A-LeaderElection46] INFO  server.RaftServerConfigKeys (ConfUtils.java:logGet(44)) - raft.server.watch.element-limit = 65536 (default)
2022-02-04 12:59:59,857 [0f498a75-cc04-4524-9ea4-078af0041db3@group-F359D992425A-LeaderElection46] INFO  server.RaftServerConfigKeys (ConfUtils.java:logGet(44)) - raft.server.write.element-limit = 1024 (custom)
2022-02-04 12:59:59,857 [0f498a75-cc04-4524-9ea4-078af0041db3@group-F359D992425A-LeaderElection46] INFO  server.RaftServerConfigKeys (ConfUtils.java:logGet(44)) - raft.server.write.follower.gap.ratio.max = -1.0 (default)
2022-02-04 12:59:59,857 [0f498a75-cc04-4524-9ea4-078af0041db3@group-F359D992425A-LeaderElection46] INFO  server.RaftServerConfigKeys (ConfUtils.java:logGet(44)) - raft.server.log.appender.snapshot.chunk.size.max = 16MB (=16777216) (default)
2022-02-04 12:59:59,857 [0f498a75-cc04-4524-9ea4-078af0041db3@group-F359D992425A-LeaderElection46] INFO  server.RaftServerConfigKeys (ConfUtils.java:logGet(44)) - raft.server.log.appender.buffer.byte-limit = 33554432 (custom)
2022-02-04 12:59:59,857 [0f498a75-cc04-4524-9ea4-078af0041db3@group-F359D992425A-LeaderElection46] INFO  server.RaftServerConfigKeys (ConfUtils.java:logGet(44)) - raft.server.log.appender.buffer.element-limit = 1 (custom)
2022-02-04 12:59:59,857 [0f498a75-cc04-4524-9ea4-078af0041db3@group-F359D992425A-LeaderElection46] INFO  grpc.GrpcConfigKeys (ConfUtils.java:logGet(44)) - raft.grpc.server.leader.outstanding.appends.max = 128 (default)
2022-02-04 12:59:59,857 [0f498a75-cc04-4524-9ea4-078af0041db3@group-F359D992425A-LeaderElection46] INFO  server.RaftServerConfigKeys (ConfUtils.java:logGet(44)) - raft.server.rpc.request.timeout = 60s (custom)
2022-02-04 12:59:59,857 [0f498a75-cc04-4524-9ea4-078af0041db3@group-F359D992425A-LeaderElection46] INFO  server.RaftServerConfigKeys (ConfUtils.java:logGet(44)) - raft.server.log.appender.install.snapshot.enabled = false (custom)
2022-02-04 12:59:59,858 [0f498a75-cc04-4524-9ea4-078af0041db3@group-F359D992425A-LeaderElection46] INFO  server.RaftServerConfigKeys (ConfUtils.java:logGet(44)) - raft.server.log.appender.snapshot.chunk.size.max = 16MB (=16777216) (default)
2022-02-04 12:59:59,858 [0f498a75-cc04-4524-9ea4-078af0041db3@group-F359D992425A-LeaderElection46] INFO  server.RaftServerConfigKeys (ConfUtils.java:logGet(44)) - raft.server.log.appender.buffer.byte-limit = 33554432 (custom)
2022-02-04 12:59:59,858 [0f498a75-cc04-4524-9ea4-078af0041db3@group-F359D992425A-LeaderElection46] INFO  server.RaftServerConfigKeys (ConfUtils.java:logGet(44)) - raft.server.log.appender.buffer.element-limit = 1 (custom)
2022-02-04 12:59:59,858 [0f498a75-cc04-4524-9ea4-078af0041db3@group-F359D992425A-LeaderElection46] INFO  grpc.GrpcConfigKeys (ConfUtils.java:logGet(44)) - raft.grpc.server.leader.outstanding.appends.max = 128 (default)
2022-02-04 12:59:59,858 [0f498a75-cc04-4524-9ea4-078af0041db3@group-F359D992425A-LeaderElection46] INFO  server.RaftServerConfigKeys (ConfUtils.java:logGet(44)) - raft.server.rpc.request.timeout = 60s (custom)
2022-02-04 12:59:59,859 [0f498a75-cc04-4524-9ea4-078af0041db3@group-F359D992425A-LeaderElection46] INFO  server.RaftServerConfigKeys (ConfUtils.java:logGet(44)) - raft.server.log.appender.install.snapshot.enabled = false (custom)
2022-02-04 12:59:59,859 [0f498a75-cc04-4524-9ea4-078af0041db3@group-F359D992425A-LeaderElection46] INFO  impl.RoleInfo (RoleInfo.java:updateAndGet(130)) - 0f498a75-cc04-4524-9ea4-078af0041db3: start 0f498a75-cc04-4524-9ea4-078af0041db3@group-F359D992425A-LeaderStateImpl
2022-02-04 12:59:59,860 [0f498a75-cc04-4524-9ea4-078af0041db3@group-F359D992425A-LeaderElection46] INFO  segmented.SegmentedRaftLogWorker (SegmentedRaftLogWorker.java:startLogSegment(394)) - 0f498a75-cc04-4524-9ea4-078af0041db3@group-F359D992425A-SegmentedRaftLogWorker: Starting segment from index:0
2022-02-04 12:59:59,862 [EventQueue-PipelineReportForPipelineReportHandler] INFO  pipeline.PipelineManagerImpl (PipelineManagerImpl.java:openPipeline(291)) - Pipeline Pipeline[ Id: 443ee736-5b15-423d-a2f2-f359d992425a, Nodes: e198e8aa-ac7e-482e-b774-3b2c159474e4{ip: 10.1.0.52, host: fv-az116-891.vzw04321ajxubdbcnpick5nqva.xx.internal.cloudapp.net, ports: [REPLICATION=38243, RATIS=43823, RATIS_ADMIN=43823, RATIS_SERVER=43823, STANDALONE=34027], networkLocation: /default-rack, certSerialId: null, persistedOpState: IN_SERVICE, persistedOpStateExpiryEpochSec: 0}20c947e9-2491-4ec2-ac6b-23c6a5282b40{ip: 10.1.0.52, host: fv-az116-891.vzw04321ajxubdbcnpick5nqva.xx.internal.cloudapp.net, ports: [REPLICATION=43433, RATIS=39573, RATIS_ADMIN=39573, RATIS_SERVER=39573, STANDALONE=39923], networkLocation: /default-rack, certSerialId: null, persistedOpState: IN_SERVICE, persistedOpStateExpiryEpochSec: 0}0f498a75-cc04-4524-9ea4-078af0041db3{ip: 10.1.0.52, host: fv-az116-891.vzw04321ajxubdbcnpick5nqva.xx.internal.cloudapp.net, ports: [REPLICATION=38171, RATIS=39849, RATIS_ADMIN=39849, RATIS_SERVER=39849, STANDALONE=35635], networkLocation: /default-rack, certSerialId: null, persistedOpState: IN_SERVICE, persistedOpStateExpiryEpochSec: 0}, ReplicationConfig: RATIS/THREE, State:ALLOCATED, leaderId:0f498a75-cc04-4524-9ea4-078af0041db3, CreationTimestamp2022-02-04T12:59:47.223Z[Etc/UTC]] moved to OPEN state
2022-02-04 12:59:59,862 [EventQueue-OpenPipelineForHealthyPipelineSafeModeRule] INFO  safemode.SCMSafeModeManager (HealthyPipelineSafeModeRule.java:process(124)) - SCM in safe mode. Healthy pipelines reported count is 1, required healthy pipeline reported count is 1
2022-02-04 12:59:59,862 [EventQueue-OpenPipelineForHealthyPipelineSafeModeRule] INFO  safemode.SCMSafeModeManager (SCMSafeModeManager.java:validateSafeModeExitRules(204)) - HealthyPipelineSafeModeRule rule is successfully validated
2022-02-04 12:59:59,862 [EventQueue-OpenPipelineForHealthyPipelineSafeModeRule] INFO  safemode.SCMSafeModeManager (SCMSafeModeManager.java:validateSafeModeExitRules(219)) - ScmSafeModeManager, all rules are successfully validated
2022-02-04 12:59:59,862 [EventQueue-OpenPipelineForHealthyPipelineSafeModeRule] INFO  safemode.SCMSafeModeManager (SCMSafeModeManager.java:exitSafeMode(248)) - SCM exiting safe mode.
2022-02-04 12:59:59,862 [EventQueue-OpenPipelineForHealthyPipelineSafeModeRule] WARN  events.EventQueue (EventQueue.java:fireEvent(194)) - No event handler registered for event TypedEvent{payloadType=SafeModeStatus, name='Safe mode status'}
2022-02-04 12:59:59,862 [EventQueue-OpenPipelineForHealthyPipelineSafeModeRule] INFO  ha.SCMContext (SCMContext.java:updateSafeModeStatus(211)) - Update SafeModeStatus from SafeModeStatus{safeModeStatus=true, preCheckPassed=true} to SafeModeStatus{safeModeStatus=false, preCheckPassed=true}.
2022-02-04 12:59:59,862 [EventQueue-OpenPipelineForHealthyPipelineSafeModeRule] INFO  pipeline.BackgroundPipelineCreator (BackgroundPipelineCreator.java:notifyStatusChanged(264)) - Service BackgroundPipelineCreator transitions to RUNNING.
2022-02-04 12:59:59,863 [EventQueue-OpenPipelineForHealthyPipelineSafeModeRule] INFO  container.ReplicationManager (ReplicationManager.java:notifyStatusChanged(1807)) - Service ReplicationManager transitions to RUNNING.
2022-02-04 12:59:59,864 [0f498a75-cc04-4524-9ea4-078af0041db3@group-F359D992425A-SegmentedRaftLogWorker] INFO  segmented.SegmentedRaftLogWorker (SegmentedRaftLogWorker.java:execute(601)) - 0f498a75-cc04-4524-9ea4-078af0041db3@group-F359D992425A-SegmentedRaftLogWorker: created new log segment /home/runner/work/ozone/ozone/hadoop-ozone/integration-test/target/test-dir/MiniOzoneClusterImpl-782824e0-d6a6-4661-a42b-aa8966ebbd0c/datanode-2/data/ratis/443ee736-5b15-423d-a2f2-f359d992425a/current/log_inprogress_0
2022-02-04 12:59:59,891 [grpc-default-executor-0] INFO  ratis.XceiverServerRatis (XceiverServerRatis.java:handleLeaderChangedNotification(866)) - Leader change notification received for group: group-F359D992425A with new leaderId: 0f498a75-cc04-4524-9ea4-078af0041db3
2022-02-04 12:59:59,891 [grpc-default-executor-0] INFO  server.RaftServer$Division (ServerState.java:setLeader(285)) - e198e8aa-ac7e-482e-b774-3b2c159474e4@group-F359D992425A: change Leader from null to 0f498a75-cc04-4524-9ea4-078af0041db3 at term 2 for appendEntries, leader elected after 10147ms
2022-02-04 12:59:59,899 [grpc-default-executor-3] INFO  ratis.XceiverServerRatis (XceiverServerRatis.java:handleLeaderChangedNotification(866)) - Leader change notification received for group: group-F359D992425A with new leaderId: 0f498a75-cc04-4524-9ea4-078af0041db3
2022-02-04 12:59:59,899 [grpc-default-executor-3] INFO  server.RaftServer$Division (ServerState.java:setLeader(285)) - 20c947e9-2491-4ec2-ac6b-23c6a5282b40@group-F359D992425A: change Leader from null to 0f498a75-cc04-4524-9ea4-078af0041db3 at term 2 for appendEntries, leader elected after 10199ms
2022-02-04 12:59:59,916 [0f498a75-cc04-4524-9ea4-078af0041db3@group-F359D992425A-LeaderElection46] INFO  server.RaftServer$Division (ServerState.java:setRaftConf(387)) - 0f498a75-cc04-4524-9ea4-078af0041db3@group-F359D992425A: set configuration 0: [20c947e9-2491-4ec2-ac6b-23c6a5282b40|rpc:10.1.0.52:39573|dataStream:|priority:0, e198e8aa-ac7e-482e-b774-3b2c159474e4|rpc:10.1.0.52:43823|dataStream:|priority:0, 0f498a75-cc04-4524-9ea4-078af0041db3|rpc:10.1.0.52:39849|dataStream:|priority:1], old=null
2022-02-04 12:59:59,916 [grpc-default-executor-0] INFO  server.RaftServer$Division (ServerState.java:setRaftConf(387)) - e198e8aa-ac7e-482e-b774-3b2c159474e4@group-F359D992425A: set configuration 0: [20c947e9-2491-4ec2-ac6b-23c6a5282b40|rpc:10.1.0.52:39573|dataStream:|priority:0, e198e8aa-ac7e-482e-b774-3b2c159474e4|rpc:10.1.0.52:43823|dataStream:|priority:0, 0f498a75-cc04-4524-9ea4-078af0041db3|rpc:10.1.0.52:39849|dataStream:|priority:1], old=null
2022-02-04 12:59:59,916 [grpc-default-executor-0] INFO  segmented.SegmentedRaftLogWorker (SegmentedRaftLogWorker.java:startLogSegment(394)) - e198e8aa-ac7e-482e-b774-3b2c159474e4@group-F359D992425A-SegmentedRaftLogWorker: Starting segment from index:0
2022-02-04 12:59:59,919 [e198e8aa-ac7e-482e-b774-3b2c159474e4@group-F359D992425A-SegmentedRaftLogWorker] INFO  segmented.SegmentedRaftLogWorker (SegmentedRaftLogWorker.java:execute(601)) - e198e8aa-ac7e-482e-b774-3b2c159474e4@group-F359D992425A-SegmentedRaftLogWorker: created new log segment /home/runner/work/ozone/ozone/hadoop-ozone/integration-test/target/test-dir/MiniOzoneClusterImpl-782824e0-d6a6-4661-a42b-aa8966ebbd0c/datanode-1/data/ratis/443ee736-5b15-423d-a2f2-f359d992425a/current/log_inprogress_0
2022-02-04 12:59:59,940 [grpc-default-executor-0] INFO  server.RaftServer$Division (ServerState.java:setRaftConf(387)) - 20c947e9-2491-4ec2-ac6b-23c6a5282b40@group-F359D992425A: set configuration 0: [20c947e9-2491-4ec2-ac6b-23c6a5282b40|rpc:10.1.0.52:39573|dataStream:|priority:0, e198e8aa-ac7e-482e-b774-3b2c159474e4|rpc:10.1.0.52:43823|dataStream:|priority:0, 0f498a75-cc04-4524-9ea4-078af0041db3|rpc:10.1.0.52:39849|dataStream:|priority:1], old=null
2022-02-04 12:59:59,940 [grpc-default-executor-0] INFO  segmented.SegmentedRaftLogWorker (SegmentedRaftLogWorker.java:startLogSegment(394)) - 20c947e9-2491-4ec2-ac6b-23c6a5282b40@group-F359D992425A-SegmentedRaftLogWorker: Starting segment from index:0
2022-02-04 12:59:59,942 [20c947e9-2491-4ec2-ac6b-23c6a5282b40@group-F359D992425A-SegmentedRaftLogWorker] INFO  segmented.SegmentedRaftLogWorker (SegmentedRaftLogWorker.java:execute(601)) - 20c947e9-2491-4ec2-ac6b-23c6a5282b40@group-F359D992425A-SegmentedRaftLogWorker: created new log segment /home/runner/work/ozone/ozone/hadoop-ozone/integration-test/target/test-dir/MiniOzoneClusterImpl-782824e0-d6a6-4661-a42b-aa8966ebbd0c/datanode-0/data/ratis/443ee736-5b15-423d-a2f2-f359d992425a/current/log_inprogress_0
2022-02-04 13:00:00,207 [Listener at 127.0.0.1/36713] INFO  ozone.MiniOzoneClusterImpl (MiniOzoneClusterImpl.java:lambda$waitForClusterToBeReady$0(219)) - Nodes are ready. Got 3 of 3 DN Heartbeats.
2022-02-04 13:00:00,208 [Listener at 127.0.0.1/36713] INFO  ozone.MiniOzoneClusterImpl (MiniOzoneClusterImpl.java:lambda$waitForClusterToBeReady$0(222)) - Cluster exits safe mode
2022-02-04 13:00:00,208 [Listener at 127.0.0.1/36713] INFO  ozone.MiniOzoneClusterImpl (MiniOzoneClusterImpl.java:lambda$waitForClusterToBeReady$0(224)) - SCM became leader
2022-02-04 13:00:02,726 [cd33ab12-5c76-4090-ae9e-f8dc2a96321d@group-A8606B43266C-FollowerState] INFO  impl.FollowerState (FollowerState.java:run(134)) - cd33ab12-5c76-4090-ae9e-f8dc2a96321d@group-A8606B43266C-FollowerState: change to CANDIDATE, lastRpcElapsedTime:5107315459ns, electionTimeout:5101ms
2022-02-04 13:00:02,726 [cd33ab12-5c76-4090-ae9e-f8dc2a96321d@group-A8606B43266C-FollowerState] INFO  impl.RoleInfo (RoleInfo.java:shutdownFollowerState(108)) - cd33ab12-5c76-4090-ae9e-f8dc2a96321d: shutdown cd33ab12-5c76-4090-ae9e-f8dc2a96321d@group-A8606B43266C-FollowerState
2022-02-04 13:00:02,727 [cd33ab12-5c76-4090-ae9e-f8dc2a96321d@group-A8606B43266C-FollowerState] INFO  server.RaftServer$Division (RaftServerImpl.java:setRole(290)) - cd33ab12-5c76-4090-ae9e-f8dc2a96321d@group-A8606B43266C: changes role from  FOLLOWER to CANDIDATE at term 3 for changeToCandidate
2022-02-04 13:00:02,727 [cd33ab12-5c76-4090-ae9e-f8dc2a96321d@group-A8606B43266C-FollowerState] INFO  server.RaftServerConfigKeys (ConfUtils.java:logGet(44)) - raft.server.leaderelection.pre-vote = false (custom)
2022-02-04 13:00:02,727 [cd33ab12-5c76-4090-ae9e-f8dc2a96321d@group-A8606B43266C-FollowerState] INFO  impl.RoleInfo (RoleInfo.java:updateAndGet(130)) - cd33ab12-5c76-4090-ae9e-f8dc2a96321d: start cd33ab12-5c76-4090-ae9e-f8dc2a96321d@group-A8606B43266C-LeaderElection47
2022-02-04 13:00:02,729 [cd33ab12-5c76-4090-ae9e-f8dc2a96321d@group-A8606B43266C-LeaderElection47] INFO  impl.LeaderElection (LeaderElection.java:askForVotes(306)) - cd33ab12-5c76-4090-ae9e-f8dc2a96321d@group-A8606B43266C-LeaderElection47 ELECTION round 0: submit vote requests at term 4 for -1: [99ec0913-bcd1-4774-8e53-643ce8734cf6|rpc:10.1.0.52:38161|dataStream:|priority:1, 4dd803c0-ea86-48ec-b5c9-2601c1b23b4d|rpc:10.1.0.52:34153|dataStream:|priority:0, cd33ab12-5c76-4090-ae9e-f8dc2a96321d|rpc:10.1.0.52:40103|dataStream:|priority:0], old=null
2022-02-04 13:00:02,735 [grpc-default-executor-3] INFO  server.RaftServer$Division (RaftServerImpl.java:requestVote(1046)) - 99ec0913-bcd1-4774-8e53-643ce8734cf6@group-A8606B43266C: receive requestVote(ELECTION, cd33ab12-5c76-4090-ae9e-f8dc2a96321d, group-A8606B43266C, 4, (t:0, i:0))
2022-02-04 13:00:02,735 [grpc-default-executor-3] INFO  impl.VoteContext (VoteContext.java:log(48)) - 99ec0913-bcd1-4774-8e53-643ce8734cf6@group-A8606B43266C-FOLLOWER: reject ELECTION from cd33ab12-5c76-4090-ae9e-f8dc2a96321d: our priority 1 > candidate's priority 0
2022-02-04 13:00:02,735 [grpc-default-executor-3] INFO  server.RaftServer$Division (RaftServerImpl.java:setRole(290)) - 99ec0913-bcd1-4774-8e53-643ce8734cf6@group-A8606B43266C: changes role from  FOLLOWER to FOLLOWER at term 4 for candidate:cd33ab12-5c76-4090-ae9e-f8dc2a96321d
2022-02-04 13:00:02,735 [grpc-default-executor-3] INFO  impl.RoleInfo (RoleInfo.java:shutdownFollowerState(108)) - 99ec0913-bcd1-4774-8e53-643ce8734cf6: shutdown 99ec0913-bcd1-4774-8e53-643ce8734cf6@group-A8606B43266C-FollowerState
2022-02-04 13:00:02,742 [grpc-default-executor-3] INFO  impl.RoleInfo (RoleInfo.java:updateAndGet(130)) - 99ec0913-bcd1-4774-8e53-643ce8734cf6: start 99ec0913-bcd1-4774-8e53-643ce8734cf6@group-A8606B43266C-FollowerState
2022-02-04 13:00:02,742 [99ec0913-bcd1-4774-8e53-643ce8734cf6@group-A8606B43266C-FollowerState] INFO  impl.FollowerState (FollowerState.java:run(143)) - 99ec0913-bcd1-4774-8e53-643ce8734cf6@group-A8606B43266C-FollowerState was interrupted: {}
java.lang.InterruptedException: sleep interrupted
	at java.lang.Thread.sleep(Native Method)
	at java.lang.Thread.sleep(Thread.java:340)
	at java.util.concurrent.TimeUnit.sleep(TimeUnit.java:386)
	at org.apache.ratis.util.TimeDuration.sleep(TimeDuration.java:324)
	at org.apache.ratis.util.TimeDuration.sleep(TimeDuration.java:309)
	at org.apache.ratis.server.impl.FollowerState.run(FollowerState.java:118)
2022-02-04 13:00:02,744 [grpc-default-executor-0] INFO  server.RaftServer$Division (RaftServerImpl.java:requestVote(1046)) - 4dd803c0-ea86-48ec-b5c9-2601c1b23b4d@group-A8606B43266C: receive requestVote(ELECTION, cd33ab12-5c76-4090-ae9e-f8dc2a96321d, group-A8606B43266C, 4, (t:0, i:0))
2022-02-04 13:00:02,744 [grpc-default-executor-0] INFO  impl.VoteContext (VoteContext.java:log(48)) - 4dd803c0-ea86-48ec-b5c9-2601c1b23b4d@group-A8606B43266C-FOLLOWER: accept ELECTION from cd33ab12-5c76-4090-ae9e-f8dc2a96321d: our priority 0 <= candidate's priority 0
2022-02-04 13:00:02,744 [grpc-default-executor-0] INFO  server.RaftServer$Division (RaftServerImpl.java:setRole(290)) - 4dd803c0-ea86-48ec-b5c9-2601c1b23b4d@group-A8606B43266C: changes role from  FOLLOWER to FOLLOWER at term 4 for candidate:cd33ab12-5c76-4090-ae9e-f8dc2a96321d
2022-02-04 13:00:02,744 [grpc-default-executor-0] INFO  impl.RoleInfo (RoleInfo.java:shutdownFollowerState(108)) - 4dd803c0-ea86-48ec-b5c9-2601c1b23b4d: shutdown 4dd803c0-ea86-48ec-b5c9-2601c1b23b4d@group-A8606B43266C-FollowerState
2022-02-04 13:00:02,747 [4dd803c0-ea86-48ec-b5c9-2601c1b23b4d@group-A8606B43266C-FollowerState] INFO  impl.FollowerState (FollowerState.java:run(143)) - 4dd803c0-ea86-48ec-b5c9-2601c1b23b4d@group-A8606B43266C-FollowerState was interrupted: {}
java.lang.InterruptedException: sleep interrupted
	at java.lang.Thread.sleep(Native Method)
	at java.lang.Thread.sleep(Thread.java:340)
	at java.util.concurrent.TimeUnit.sleep(TimeUnit.java:386)
	at org.apache.ratis.util.TimeDuration.sleep(TimeDuration.java:324)
	at org.apache.ratis.util.TimeDuration.sleep(TimeDuration.java:309)
	at org.apache.ratis.server.impl.FollowerState.run(FollowerState.java:118)
2022-02-04 13:00:02,747 [grpc-default-executor-0] INFO  impl.RoleInfo (RoleInfo.java:updateAndGet(130)) - 4dd803c0-ea86-48ec-b5c9-2601c1b23b4d: start 4dd803c0-ea86-48ec-b5c9-2601c1b23b4d@group-A8606B43266C-FollowerState
2022-02-04 13:00:02,747 [grpc-default-executor-3] INFO  server.RaftServer$Division (RaftServerImpl.java:requestVote(1078)) - 99ec0913-bcd1-4774-8e53-643ce8734cf6@group-A8606B43266C replies to ELECTION vote request: cd33ab12-5c76-4090-ae9e-f8dc2a96321d<-99ec0913-bcd1-4774-8e53-643ce8734cf6#0:FAIL-t4. Peer's state: 99ec0913-bcd1-4774-8e53-643ce8734cf6@group-A8606B43266C:t4, leader=null, voted=null, raftlog=99ec0913-bcd1-4774-8e53-643ce8734cf6@group-A8606B43266C-SegmentedRaftLog:OPENED:c-1, conf=-1: [99ec0913-bcd1-4774-8e53-643ce8734cf6|rpc:10.1.0.52:38161|dataStream:|priority:1, 4dd803c0-ea86-48ec-b5c9-2601c1b23b4d|rpc:10.1.0.52:34153|dataStream:|priority:0, cd33ab12-5c76-4090-ae9e-f8dc2a96321d|rpc:10.1.0.52:40103|dataStream:|priority:0], old=null
2022-02-04 13:00:02,748 [grpc-default-executor-0] INFO  server.RaftServer$Division (RaftServerImpl.java:requestVote(1078)) - 4dd803c0-ea86-48ec-b5c9-2601c1b23b4d@group-A8606B43266C replies to ELECTION vote request: cd33ab12-5c76-4090-ae9e-f8dc2a96321d<-4dd803c0-ea86-48ec-b5c9-2601c1b23b4d#0:OK-t4. Peer's state: 4dd803c0-ea86-48ec-b5c9-2601c1b23b4d@group-A8606B43266C:t4, leader=null, voted=cd33ab12-5c76-4090-ae9e-f8dc2a96321d, raftlog=4dd803c0-ea86-48ec-b5c9-2601c1b23b4d@group-A8606B43266C-SegmentedRaftLog:OPENED:c-1, conf=-1: [99ec0913-bcd1-4774-8e53-643ce8734cf6|rpc:10.1.0.52:38161|priority:1, 4dd803c0-ea86-48ec-b5c9-2601c1b23b4d|rpc:10.1.0.52:34153|priority:0, cd33ab12-5c76-4090-ae9e-f8dc2a96321d|rpc:10.1.0.52:40103|priority:0], old=null
2022-02-04 13:00:02,749 [cd33ab12-5c76-4090-ae9e-f8dc2a96321d@group-A8606B43266C-LeaderElection47] INFO  impl.LeaderElection (LeaderElection.java:logAndReturn(89)) - cd33ab12-5c76-4090-ae9e-f8dc2a96321d@group-A8606B43266C-LeaderElection47: ELECTION REJECTED received 1 response(s) and 0 exception(s):
2022-02-04 13:00:02,749 [cd33ab12-5c76-4090-ae9e-f8dc2a96321d@group-A8606B43266C-LeaderElection47] INFO  impl.LeaderElection (LeaderElection.java:logAndReturn(93)) -   Response 0: cd33ab12-5c76-4090-ae9e-f8dc2a96321d<-99ec0913-bcd1-4774-8e53-643ce8734cf6#0:FAIL-t4
2022-02-04 13:00:02,749 [cd33ab12-5c76-4090-ae9e-f8dc2a96321d@group-A8606B43266C-LeaderElection47] INFO  impl.LeaderElection (LeaderElection.java:askForVotes(308)) - cd33ab12-5c76-4090-ae9e-f8dc2a96321d@group-A8606B43266C-LeaderElection47 ELECTION round 0: result REJECTED
2022-02-04 13:00:02,749 [cd33ab12-5c76-4090-ae9e-f8dc2a96321d@group-A8606B43266C-LeaderElection47] INFO  server.RaftServer$Division (RaftServerImpl.java:setRole(290)) - cd33ab12-5c76-4090-ae9e-f8dc2a96321d@group-A8606B43266C: changes role from CANDIDATE to FOLLOWER at term 4 for REJECTED
2022-02-04 13:00:02,749 [cd33ab12-5c76-4090-ae9e-f8dc2a96321d@group-A8606B43266C-LeaderElection47] INFO  impl.RoleInfo (RoleInfo.java:shutdownLeaderElection(121)) - cd33ab12-5c76-4090-ae9e-f8dc2a96321d: shutdown cd33ab12-5c76-4090-ae9e-f8dc2a96321d@group-A8606B43266C-LeaderElection47
2022-02-04 13:00:02,749 [cd33ab12-5c76-4090-ae9e-f8dc2a96321d@group-A8606B43266C-LeaderElection47] INFO  impl.RoleInfo (RoleInfo.java:updateAndGet(130)) - cd33ab12-5c76-4090-ae9e-f8dc2a96321d: start cd33ab12-5c76-4090-ae9e-f8dc2a96321d@group-A8606B43266C-FollowerState
2022-02-04 13:00:04,647 [Thread-974] INFO  upgrade.UpgradeFinalizer (SCMUpgradeFinalizer.java:postFinalizeUpgrade(116)) - Waiting for at least one open pipeline after SCM finalization.
2022-02-04 13:00:07,804 [4dd803c0-ea86-48ec-b5c9-2601c1b23b4d@group-A8606B43266C-FollowerState] INFO  impl.FollowerState (FollowerState.java:run(134)) - 4dd803c0-ea86-48ec-b5c9-2601c1b23b4d@group-A8606B43266C-FollowerState: change to CANDIDATE, lastRpcElapsedTime:5055803276ns, electionTimeout:5053ms
2022-02-04 13:00:07,804 [4dd803c0-ea86-48ec-b5c9-2601c1b23b4d@group-A8606B43266C-FollowerState] INFO  impl.RoleInfo (RoleInfo.java:shutdownFollowerState(108)) - 4dd803c0-ea86-48ec-b5c9-2601c1b23b4d: shutdown 4dd803c0-ea86-48ec-b5c9-2601c1b23b4d@group-A8606B43266C-FollowerState
2022-02-04 13:00:07,805 [4dd803c0-ea86-48ec-b5c9-2601c1b23b4d@group-A8606B43266C-FollowerState] INFO  server.RaftServer$Division (RaftServerImpl.java:setRole(290)) - 4dd803c0-ea86-48ec-b5c9-2601c1b23b4d@group-A8606B43266C: changes role from  FOLLOWER to CANDIDATE at term 4 for changeToCandidate
2022-02-04 13:00:07,805 [4dd803c0-ea86-48ec-b5c9-2601c1b23b4d@group-A8606B43266C-FollowerState] INFO  server.RaftServerConfigKeys (ConfUtils.java:logGet(44)) - raft.server.leaderelection.pre-vote = false (custom)
2022-02-04 13:00:07,805 [4dd803c0-ea86-48ec-b5c9-2601c1b23b4d@group-A8606B43266C-FollowerState] INFO  impl.RoleInfo (RoleInfo.java:updateAndGet(130)) - 4dd803c0-ea86-48ec-b5c9-2601c1b23b4d: start 4dd803c0-ea86-48ec-b5c9-2601c1b23b4d@group-A8606B43266C-LeaderElection48
2022-02-04 13:00:07,811 [4dd803c0-ea86-48ec-b5c9-2601c1b23b4d@group-A8606B43266C-LeaderElection48] INFO  impl.LeaderElection (LeaderElection.java:askForVotes(306)) - 4dd803c0-ea86-48ec-b5c9-2601c1b23b4d@group-A8606B43266C-LeaderElection48 ELECTION round 0: submit vote requests at term 5 for -1: [99ec0913-bcd1-4774-8e53-643ce8734cf6|rpc:10.1.0.52:38161|priority:1, 4dd803c0-ea86-48ec-b5c9-2601c1b23b4d|rpc:10.1.0.52:34153|priority:0, cd33ab12-5c76-4090-ae9e-f8dc2a96321d|rpc:10.1.0.52:40103|priority:0], old=null
2022-02-04 13:00:07,816 [grpc-default-executor-0] INFO  server.RaftServer$Division (RaftServerImpl.java:requestVote(1046)) - 99ec0913-bcd1-4774-8e53-643ce8734cf6@group-A8606B43266C: receive requestVote(ELECTION, 4dd803c0-ea86-48ec-b5c9-2601c1b23b4d, group-A8606B43266C, 5, (t:0, i:0))
2022-02-04 13:00:07,816 [grpc-default-executor-0] INFO  impl.VoteContext (VoteContext.java:log(48)) - 99ec0913-bcd1-4774-8e53-643ce8734cf6@group-A8606B43266C-FOLLOWER: reject ELECTION from 4dd803c0-ea86-48ec-b5c9-2601c1b23b4d: our priority 1 > candidate's priority 0
2022-02-04 13:00:07,816 [grpc-default-executor-0] INFO  server.RaftServer$Division (RaftServerImpl.java:setRole(290)) - 99ec0913-bcd1-4774-8e53-643ce8734cf6@group-A8606B43266C: changes role from  FOLLOWER to FOLLOWER at term 5 for candidate:4dd803c0-ea86-48ec-b5c9-2601c1b23b4d
2022-02-04 13:00:07,816 [grpc-default-executor-0] INFO  impl.RoleInfo (RoleInfo.java:shutdownFollowerState(108)) - 99ec0913-bcd1-4774-8e53-643ce8734cf6: shutdown 99ec0913-bcd1-4774-8e53-643ce8734cf6@group-A8606B43266C-FollowerState
2022-02-04 13:00:07,819 [grpc-default-executor-0] INFO  impl.RoleInfo (RoleInfo.java:updateAndGet(130)) - 99ec0913-bcd1-4774-8e53-643ce8734cf6: start 99ec0913-bcd1-4774-8e53-643ce8734cf6@group-A8606B43266C-FollowerState
2022-02-04 13:00:07,819 [99ec0913-bcd1-4774-8e53-643ce8734cf6@group-A8606B43266C-FollowerState] INFO  impl.FollowerState (FollowerState.java:run(143)) - 99ec0913-bcd1-4774-8e53-643ce8734cf6@group-A8606B43266C-FollowerState was interrupted: {}
java.lang.InterruptedException: sleep interrupted
	at java.lang.Thread.sleep(Native Method)
	at java.lang.Thread.sleep(Thread.java:340)
	at java.util.concurrent.TimeUnit.sleep(TimeUnit.java:386)
	at org.apache.ratis.util.TimeDuration.sleep(TimeDuration.java:324)
	at org.apache.ratis.util.TimeDuration.sleep(TimeDuration.java:309)
	at org.apache.ratis.server.impl.FollowerState.run(FollowerState.java:118)
2022-02-04 13:00:07,821 [grpc-default-executor-3] INFO  server.RaftServer$Division (RaftServerImpl.java:requestVote(1046)) - cd33ab12-5c76-4090-ae9e-f8dc2a96321d@group-A8606B43266C: receive requestVote(ELECTION, 4dd803c0-ea86-48ec-b5c9-2601c1b23b4d, group-A8606B43266C, 5, (t:0, i:0))
2022-02-04 13:00:07,821 [grpc-default-executor-3] INFO  impl.VoteContext (VoteContext.java:log(48)) - cd33ab12-5c76-4090-ae9e-f8dc2a96321d@group-A8606B43266C-FOLLOWER: accept ELECTION from 4dd803c0-ea86-48ec-b5c9-2601c1b23b4d: our priority 0 <= candidate's priority 0
2022-02-04 13:00:07,821 [grpc-default-executor-3] INFO  server.RaftServer$Division (RaftServerImpl.java:setRole(290)) - cd33ab12-5c76-4090-ae9e-f8dc2a96321d@group-A8606B43266C: changes role from  FOLLOWER to FOLLOWER at term 5 for candidate:4dd803c0-ea86-48ec-b5c9-2601c1b23b4d
2022-02-04 13:00:07,821 [grpc-default-executor-3] INFO  impl.RoleInfo (RoleInfo.java:shutdownFollowerState(108)) - cd33ab12-5c76-4090-ae9e-f8dc2a96321d: shutdown cd33ab12-5c76-4090-ae9e-f8dc2a96321d@group-A8606B43266C-FollowerState
2022-02-04 13:00:07,822 [cd33ab12-5c76-4090-ae9e-f8dc2a96321d@group-A8606B43266C-FollowerState] INFO  impl.FollowerState (FollowerState.java:run(143)) - cd33ab12-5c76-4090-ae9e-f8dc2a96321d@group-A8606B43266C-FollowerState was interrupted: {}
java.lang.InterruptedException: sleep interrupted
	at java.lang.Thread.sleep(Native Method)
	at java.lang.Thread.sleep(Thread.java:340)
	at java.util.concurrent.TimeUnit.sleep(TimeUnit.java:386)
	at org.apache.ratis.util.TimeDuration.sleep(TimeDuration.java:324)
	at org.apache.ratis.util.TimeDuration.sleep(TimeDuration.java:309)
	at org.apache.ratis.server.impl.FollowerState.run(FollowerState.java:118)
2022-02-04 13:00:07,822 [grpc-default-executor-3] INFO  impl.RoleInfo (RoleInfo.java:updateAndGet(130)) - cd33ab12-5c76-4090-ae9e-f8dc2a96321d: start cd33ab12-5c76-4090-ae9e-f8dc2a96321d@group-A8606B43266C-FollowerState
2022-02-04 13:00:07,833 [grpc-default-executor-0] INFO  server.RaftServer$Division (RaftServerImpl.java:requestVote(1078)) - 99ec0913-bcd1-4774-8e53-643ce8734cf6@group-A8606B43266C replies to ELECTION vote request: 4dd803c0-ea86-48ec-b5c9-2601c1b23b4d<-99ec0913-bcd1-4774-8e53-643ce8734cf6#0:FAIL-t5. Peer's state: 99ec0913-bcd1-4774-8e53-643ce8734cf6@group-A8606B43266C:t5, leader=null, voted=null, raftlog=99ec0913-bcd1-4774-8e53-643ce8734cf6@group-A8606B43266C-SegmentedRaftLog:OPENED:c-1, conf=-1: [99ec0913-bcd1-4774-8e53-643ce8734cf6|rpc:10.1.0.52:38161|dataStream:|priority:1, 4dd803c0-ea86-48ec-b5c9-2601c1b23b4d|rpc:10.1.0.52:34153|dataStream:|priority:0, cd33ab12-5c76-4090-ae9e-f8dc2a96321d|rpc:10.1.0.52:40103|dataStream:|priority:0], old=null
2022-02-04 13:00:07,834 [4dd803c0-ea86-48ec-b5c9-2601c1b23b4d@group-A8606B43266C-LeaderElection48] INFO  impl.LeaderElection (LeaderElection.java:logAndReturn(89)) - 4dd803c0-ea86-48ec-b5c9-2601c1b23b4d@group-A8606B43266C-LeaderElection48: ELECTION REJECTED received 1 response(s) and 0 exception(s):
2022-02-04 13:00:07,834 [4dd803c0-ea86-48ec-b5c9-2601c1b23b4d@group-A8606B43266C-LeaderElection48] INFO  impl.LeaderElection (LeaderElection.java:logAndReturn(93)) -   Response 0: 4dd803c0-ea86-48ec-b5c9-2601c1b23b4d<-99ec0913-bcd1-4774-8e53-643ce8734cf6#0:FAIL-t5
2022-02-04 13:00:07,835 [4dd803c0-ea86-48ec-b5c9-2601c1b23b4d@group-A8606B43266C-LeaderElection48] INFO  impl.LeaderElection (LeaderElection.java:askForVotes(308)) - 4dd803c0-ea86-48ec-b5c9-2601c1b23b4d@group-A8606B43266C-LeaderElection48 ELECTION round 0: result REJECTED
2022-02-04 13:00:07,835 [4dd803c0-ea86-48ec-b5c9-2601c1b23b4d@group-A8606B43266C-LeaderElection48] INFO  server.RaftServer$Division (RaftServerImpl.java:setRole(290)) - 4dd803c0-ea86-48ec-b5c9-2601c1b23b4d@group-A8606B43266C: changes role from CANDIDATE to FOLLOWER at term 5 for REJECTED
2022-02-04 13:00:07,835 [4dd803c0-ea86-48ec-b5c9-2601c1b23b4d@group-A8606B43266C-LeaderElection48] INFO  impl.RoleInfo (RoleInfo.java:shutdownLeaderElection(121)) - 4dd803c0-ea86-48ec-b5c9-2601c1b23b4d: shutdown 4dd803c0-ea86-48ec-b5c9-2601c1b23b4d@group-A8606B43266C-LeaderElection48
2022-02-04 13:00:07,835 [4dd803c0-ea86-48ec-b5c9-2601c1b23b4d@group-A8606B43266C-LeaderElection48] INFO  impl.RoleInfo (RoleInfo.java:updateAndGet(130)) - 4dd803c0-ea86-48ec-b5c9-2601c1b23b4d: start 4dd803c0-ea86-48ec-b5c9-2601c1b23b4d@group-A8606B43266C-FollowerState
2022-02-04 13:00:07,837 [grpc-default-executor-3] INFO  server.RaftServer$Division (RaftServerImpl.java:requestVote(1078)) - cd33ab12-5c76-4090-ae9e-f8dc2a96321d@group-A8606B43266C replies to ELECTION vote request: 4dd803c0-ea86-48ec-b5c9-2601c1b23b4d<-cd33ab12-5c76-4090-ae9e-f8dc2a96321d#0:OK-t5. Peer's state: cd33ab12-5c76-4090-ae9e-f8dc2a96321d@group-A8606B43266C:t5, leader=null, voted=4dd803c0-ea86-48ec-b5c9-2601c1b23b4d, raftlog=cd33ab12-5c76-4090-ae9e-f8dc2a96321d@group-A8606B43266C-SegmentedRaftLog:OPENED:c-1, conf=-1: [99ec0913-bcd1-4774-8e53-643ce8734cf6|rpc:10.1.0.52:38161|dataStream:|priority:1, 4dd803c0-ea86-48ec-b5c9-2601c1b23b4d|rpc:10.1.0.52:34153|dataStream:|priority:0, cd33ab12-5c76-4090-ae9e-f8dc2a96321d|rpc:10.1.0.52:40103|dataStream:|priority:0], old=null
2022-02-04 13:00:09,647 [Thread-974] INFO  upgrade.UpgradeFinalizer (SCMUpgradeFinalizer.java:postFinalizeUpgrade(116)) - Waiting for at least one open pipeline after SCM finalization.
2022-02-04 13:00:12,937 [4dd803c0-ea86-48ec-b5c9-2601c1b23b4d@group-A8606B43266C-FollowerState] INFO  impl.FollowerState (FollowerState.java:run(134)) - 4dd803c0-ea86-48ec-b5c9-2601c1b23b4d@group-A8606B43266C-FollowerState: change to CANDIDATE, lastRpcElapsedTime:5102378361ns, electionTimeout:5095ms
2022-02-04 13:00:12,937 [4dd803c0-ea86-48ec-b5c9-2601c1b23b4d@group-A8606B43266C-FollowerState] INFO  impl.RoleInfo (RoleInfo.java:shutdownFollowerState(108)) - 4dd803c0-ea86-48ec-b5c9-2601c1b23b4d: shutdown 4dd803c0-ea86-48ec-b5c9-2601c1b23b4d@group-A8606B43266C-FollowerState
2022-02-04 13:00:12,937 [4dd803c0-ea86-48ec-b5c9-2601c1b23b4d@group-A8606B43266C-FollowerState] INFO  server.RaftServer$Division (RaftServerImpl.java:setRole(290)) - 4dd803c0-ea86-48ec-b5c9-2601c1b23b4d@group-A8606B43266C: changes role from  FOLLOWER to CANDIDATE at term 5 for changeToCandidate
2022-02-04 13:00:12,937 [4dd803c0-ea86-48ec-b5c9-2601c1b23b4d@group-A8606B43266C-FollowerState] INFO  server.RaftServerConfigKeys (ConfUtils.java:logGet(44)) - raft.server.leaderelection.pre-vote = false (custom)
2022-02-04 13:00:12,937 [4dd803c0-ea86-48ec-b5c9-2601c1b23b4d@group-A8606B43266C-FollowerState] INFO  impl.RoleInfo (RoleInfo.java:updateAndGet(130)) - 4dd803c0-ea86-48ec-b5c9-2601c1b23b4d: start 4dd803c0-ea86-48ec-b5c9-2601c1b23b4d@group-A8606B43266C-LeaderElection49
2022-02-04 13:00:12,942 [4dd803c0-ea86-48ec-b5c9-2601c1b23b4d@group-A8606B43266C-LeaderElection49] INFO  impl.LeaderElection (LeaderElection.java:askForVotes(306)) - 4dd803c0-ea86-48ec-b5c9-2601c1b23b4d@group-A8606B43266C-LeaderElection49 ELECTION round 0: submit vote requests at term 6 for -1: [99ec0913-bcd1-4774-8e53-643ce8734cf6|rpc:10.1.0.52:38161|priority:1, 4dd803c0-ea86-48ec-b5c9-2601c1b23b4d|rpc:10.1.0.52:34153|priority:0, cd33ab12-5c76-4090-ae9e-f8dc2a96321d|rpc:10.1.0.52:40103|priority:0], old=null
2022-02-04 13:00:12,946 [grpc-default-executor-0] INFO  server.RaftServer$Division (RaftServerImpl.java:requestVote(1046)) - 99ec0913-bcd1-4774-8e53-643ce8734cf6@group-A8606B43266C: receive requestVote(ELECTION, 4dd803c0-ea86-48ec-b5c9-2601c1b23b4d, group-A8606B43266C, 6, (t:0, i:0))
2022-02-04 13:00:12,946 [grpc-default-executor-0] INFO  impl.VoteContext (VoteContext.java:log(48)) - 99ec0913-bcd1-4774-8e53-643ce8734cf6@group-A8606B43266C-FOLLOWER: reject ELECTION from 4dd803c0-ea86-48ec-b5c9-2601c1b23b4d: our priority 1 > candidate's priority 0
2022-02-04 13:00:12,947 [grpc-default-executor-0] INFO  server.RaftServer$Division (RaftServerImpl.java:setRole(290)) - 99ec0913-bcd1-4774-8e53-643ce8734cf6@group-A8606B43266C: changes role from  FOLLOWER to FOLLOWER at term 6 for candidate:4dd803c0-ea86-48ec-b5c9-2601c1b23b4d
2022-02-04 13:00:12,947 [grpc-default-executor-0] INFO  impl.RoleInfo (RoleInfo.java:shutdownFollowerState(108)) - 99ec0913-bcd1-4774-8e53-643ce8734cf6: shutdown 99ec0913-bcd1-4774-8e53-643ce8734cf6@group-A8606B43266C-FollowerState
2022-02-04 13:00:12,955 [grpc-default-executor-0] INFO  impl.RoleInfo (RoleInfo.java:updateAndGet(130)) - 99ec0913-bcd1-4774-8e53-643ce8734cf6: start 99ec0913-bcd1-4774-8e53-643ce8734cf6@group-A8606B43266C-FollowerState
2022-02-04 13:00:12,955 [99ec0913-bcd1-4774-8e53-643ce8734cf6@group-A8606B43266C-FollowerState] INFO  impl.FollowerState (FollowerState.java:run(143)) - 99ec0913-bcd1-4774-8e53-643ce8734cf6@group-A8606B43266C-FollowerState was interrupted: {}
java.lang.InterruptedException: sleep interrupted
	at java.lang.Thread.sleep(Native Method)
	at java.lang.Thread.sleep(Thread.java:340)
	at java.util.concurrent.TimeUnit.sleep(TimeUnit.java:386)
	at org.apache.ratis.util.TimeDuration.sleep(TimeDuration.java:324)
	at org.apache.ratis.util.TimeDuration.sleep(TimeDuration.java:309)
	at org.apache.ratis.server.impl.FollowerState.run(FollowerState.java:118)
2022-02-04 13:00:12,956 [grpc-default-executor-3] INFO  server.RaftServer$Division (RaftServerImpl.java:requestVote(1046)) - cd33ab12-5c76-4090-ae9e-f8dc2a96321d@group-A8606B43266C: receive requestVote(ELECTION, 4dd803c0-ea86-48ec-b5c9-2601c1b23b4d, group-A8606B43266C, 6, (t:0, i:0))
2022-02-04 13:00:12,956 [grpc-default-executor-3] INFO  impl.VoteContext (VoteContext.java:log(48)) - cd33ab12-5c76-4090-ae9e-f8dc2a96321d@group-A8606B43266C-FOLLOWER: accept ELECTION from 4dd803c0-ea86-48ec-b5c9-2601c1b23b4d: our priority 0 <= candidate's priority 0
2022-02-04 13:00:12,956 [grpc-default-executor-3] INFO  server.RaftServer$Division (RaftServerImpl.java:setRole(290)) - cd33ab12-5c76-4090-ae9e-f8dc2a96321d@group-A8606B43266C: changes role from  FOLLOWER to FOLLOWER at term 6 for candidate:4dd803c0-ea86-48ec-b5c9-2601c1b23b4d
2022-02-04 13:00:12,957 [grpc-default-executor-3] INFO  impl.RoleInfo (RoleInfo.java:shutdownFollowerState(108)) - cd33ab12-5c76-4090-ae9e-f8dc2a96321d: shutdown cd33ab12-5c76-4090-ae9e-f8dc2a96321d@group-A8606B43266C-FollowerState
2022-02-04 13:00:12,958 [grpc-default-executor-3] INFO  impl.RoleInfo (RoleInfo.java:updateAndGet(130)) - cd33ab12-5c76-4090-ae9e-f8dc2a96321d: start cd33ab12-5c76-4090-ae9e-f8dc2a96321d@group-A8606B43266C-FollowerState
2022-02-04 13:00:12,958 [cd33ab12-5c76-4090-ae9e-f8dc2a96321d@group-A8606B43266C-FollowerState] INFO  impl.FollowerState (FollowerState.java:run(143)) - cd33ab12-5c76-4090-ae9e-f8dc2a96321d@group-A8606B43266C-FollowerState was interrupted: {}
java.lang.InterruptedException: sleep interrupted
	at java.lang.Thread.sleep(Native Method)
	at java.lang.Thread.sleep(Thread.java:340)
	at java.util.concurrent.TimeUnit.sleep(TimeUnit.java:386)
	at org.apache.ratis.util.TimeDuration.sleep(TimeDuration.java:324)
	at org.apache.ratis.util.TimeDuration.sleep(TimeDuration.java:309)
	at org.apache.ratis.server.impl.FollowerState.run(FollowerState.java:118)
2022-02-04 13:00:12,960 [grpc-default-executor-0] INFO  server.RaftServer$Division (RaftServerImpl.java:requestVote(1078)) - 99ec0913-bcd1-4774-8e53-643ce8734cf6@group-A8606B43266C replies to ELECTION vote request: 4dd803c0-ea86-48ec-b5c9-2601c1b23b4d<-99ec0913-bcd1-4774-8e53-643ce8734cf6#0:FAIL-t6. Peer's state: 99ec0913-bcd1-4774-8e53-643ce8734cf6@group-A8606B43266C:t6, leader=null, voted=null, raftlog=99ec0913-bcd1-4774-8e53-643ce8734cf6@group-A8606B43266C-SegmentedRaftLog:OPENED:c-1, conf=-1: [99ec0913-bcd1-4774-8e53-643ce8734cf6|rpc:10.1.0.52:38161|dataStream:|priority:1, 4dd803c0-ea86-48ec-b5c9-2601c1b23b4d|rpc:10.1.0.52:34153|dataStream:|priority:0, cd33ab12-5c76-4090-ae9e-f8dc2a96321d|rpc:10.1.0.52:40103|dataStream:|priority:0], old=null
2022-02-04 13:00:12,961 [grpc-default-executor-3] INFO  server.RaftServer$Division (RaftServerImpl.java:requestVote(1078)) - cd33ab12-5c76-4090-ae9e-f8dc2a96321d@group-A8606B43266C replies to ELECTION vote request: 4dd803c0-ea86-48ec-b5c9-2601c1b23b4d<-cd33ab12-5c76-4090-ae9e-f8dc2a96321d#0:OK-t6. Peer's state: cd33ab12-5c76-4090-ae9e-f8dc2a96321d@group-A8606B43266C:t6, leader=null, voted=4dd803c0-ea86-48ec-b5c9-2601c1b23b4d, raftlog=cd33ab12-5c76-4090-ae9e-f8dc2a96321d@group-A8606B43266C-SegmentedRaftLog:OPENED:c-1, conf=-1: [99ec0913-bcd1-4774-8e53-643ce8734cf6|rpc:10.1.0.52:38161|dataStream:|priority:1, 4dd803c0-ea86-48ec-b5c9-2601c1b23b4d|rpc:10.1.0.52:34153|dataStream:|priority:0, cd33ab12-5c76-4090-ae9e-f8dc2a96321d|rpc:10.1.0.52:40103|dataStream:|priority:0], old=null
2022-02-04 13:00:12,962 [4dd803c0-ea86-48ec-b5c9-2601c1b23b4d@group-A8606B43266C-LeaderElection49] INFO  impl.LeaderElection (LeaderElection.java:logAndReturn(89)) - 4dd803c0-ea86-48ec-b5c9-2601c1b23b4d@group-A8606B43266C-LeaderElection49: ELECTION REJECTED received 1 response(s) and 0 exception(s):
2022-02-04 13:00:12,962 [4dd803c0-ea86-48ec-b5c9-2601c1b23b4d@group-A8606B43266C-LeaderElection49] INFO  impl.LeaderElection (LeaderElection.java:logAndReturn(93)) -   Response 0: 4dd803c0-ea86-48ec-b5c9-2601c1b23b4d<-99ec0913-bcd1-4774-8e53-643ce8734cf6#0:FAIL-t6
2022-02-04 13:00:12,962 [4dd803c0-ea86-48ec-b5c9-2601c1b23b4d@group-A8606B43266C-LeaderElection49] INFO  impl.LeaderElection (LeaderElection.java:askForVotes(308)) - 4dd803c0-ea86-48ec-b5c9-2601c1b23b4d@group-A8606B43266C-LeaderElection49 ELECTION round 0: result REJECTED
2022-02-04 13:00:12,962 [4dd803c0-ea86-48ec-b5c9-2601c1b23b4d@group-A8606B43266C-LeaderElection49] INFO  server.RaftServer$Division (RaftServerImpl.java:setRole(290)) - 4dd803c0-ea86-48ec-b5c9-2601c1b23b4d@group-A8606B43266C: changes role from CANDIDATE to FOLLOWER at term 6 for REJECTED
2022-02-04 13:00:12,962 [4dd803c0-ea86-48ec-b5c9-2601c1b23b4d@group-A8606B43266C-LeaderElection49] INFO  impl.RoleInfo (RoleInfo.java:shutdownLeaderElection(121)) - 4dd803c0-ea86-48ec-b5c9-2601c1b23b4d: shutdown 4dd803c0-ea86-48ec-b5c9-2601c1b23b4d@group-A8606B43266C-LeaderElection49
2022-02-04 13:00:12,962 [4dd803c0-ea86-48ec-b5c9-2601c1b23b4d@group-A8606B43266C-LeaderElection49] INFO  impl.RoleInfo (RoleInfo.java:updateAndGet(130)) - 4dd803c0-ea86-48ec-b5c9-2601c1b23b4d: start 4dd803c0-ea86-48ec-b5c9-2601c1b23b4d@group-A8606B43266C-FollowerState
2022-02-04 13:00:14,648 [Thread-974] INFO  upgrade.UpgradeFinalizer (SCMUpgradeFinalizer.java:postFinalizeUpgrade(116)) - Waiting for at least one open pipeline after SCM finalization.
2022-02-04 13:00:18,153 [4dd803c0-ea86-48ec-b5c9-2601c1b23b4d@group-A8606B43266C-FollowerState] INFO  impl.FollowerState (FollowerState.java:run(134)) - 4dd803c0-ea86-48ec-b5c9-2601c1b23b4d@group-A8606B43266C-FollowerState: change to CANDIDATE, lastRpcElapsedTime:5190990831ns, electionTimeout:5179ms
2022-02-04 13:00:18,153 [4dd803c0-ea86-48ec-b5c9-2601c1b23b4d@group-A8606B43266C-FollowerState] INFO  impl.RoleInfo (RoleInfo.java:shutdownFollowerState(108)) - 4dd803c0-ea86-48ec-b5c9-2601c1b23b4d: shutdown 4dd803c0-ea86-48ec-b5c9-2601c1b23b4d@group-A8606B43266C-FollowerState
2022-02-04 13:00:18,153 [4dd803c0-ea86-48ec-b5c9-2601c1b23b4d@group-A8606B43266C-FollowerState] INFO  server.RaftServer$Division (RaftServerImpl.java:setRole(290)) - 4dd803c0-ea86-48ec-b5c9-2601c1b23b4d@group-A8606B43266C: changes role from  FOLLOWER to CANDIDATE at term 6 for changeToCandidate
2022-02-04 13:00:18,153 [4dd803c0-ea86-48ec-b5c9-2601c1b23b4d@group-A8606B43266C-FollowerState] INFO  server.RaftServerConfigKeys (ConfUtils.java:logGet(44)) - raft.server.leaderelection.pre-vote = false (custom)
2022-02-04 13:00:18,153 [4dd803c0-ea86-48ec-b5c9-2601c1b23b4d@group-A8606B43266C-FollowerState] INFO  impl.RoleInfo (RoleInfo.java:updateAndGet(130)) - 4dd803c0-ea86-48ec-b5c9-2601c1b23b4d: start 4dd803c0-ea86-48ec-b5c9-2601c1b23b4d@group-A8606B43266C-LeaderElection50
2022-02-04 13:00:18,154 [99ec0913-bcd1-4774-8e53-643ce8734cf6@group-A8606B43266C-FollowerState] INFO  impl.FollowerState (FollowerState.java:run(134)) - 99ec0913-bcd1-4774-8e53-643ce8734cf6@group-A8606B43266C-FollowerState: change to CANDIDATE, lastRpcElapsedTime:5198886327ns, electionTimeout:5195ms
2022-02-04 13:00:18,154 [99ec0913-bcd1-4774-8e53-643ce8734cf6@group-A8606B43266C-FollowerState] INFO  impl.RoleInfo (RoleInfo.java:shutdownFollowerState(108)) - 99ec0913-bcd1-4774-8e53-643ce8734cf6: shutdown 99ec0913-bcd1-4774-8e53-643ce8734cf6@group-A8606B43266C-FollowerState
2022-02-04 13:00:18,154 [99ec0913-bcd1-4774-8e53-643ce8734cf6@group-A8606B43266C-FollowerState] INFO  server.RaftServer$Division (RaftServerImpl.java:setRole(290)) - 99ec0913-bcd1-4774-8e53-643ce8734cf6@group-A8606B43266C: changes role from  FOLLOWER to CANDIDATE at term 6 for changeToCandidate
2022-02-04 13:00:18,154 [99ec0913-bcd1-4774-8e53-643ce8734cf6@group-A8606B43266C-FollowerState] INFO  server.RaftServerConfigKeys (ConfUtils.java:logGet(44)) - raft.server.leaderelection.pre-vote = false (custom)
2022-02-04 13:00:18,154 [99ec0913-bcd1-4774-8e53-643ce8734cf6@group-A8606B43266C-FollowerState] INFO  impl.RoleInfo (RoleInfo.java:updateAndGet(130)) - 99ec0913-bcd1-4774-8e53-643ce8734cf6: start 99ec0913-bcd1-4774-8e53-643ce8734cf6@group-A8606B43266C-LeaderElection51
2022-02-04 13:00:18,161 [4dd803c0-ea86-48ec-b5c9-2601c1b23b4d@group-A8606B43266C-LeaderElection50] INFO  impl.LeaderElection (LeaderElection.java:askForVotes(306)) - 4dd803c0-ea86-48ec-b5c9-2601c1b23b4d@group-A8606B43266C-LeaderElection50 ELECTION round 0: submit vote requests at term 7 for -1: [99ec0913-bcd1-4774-8e53-643ce8734cf6|rpc:10.1.0.52:38161|priority:1, 4dd803c0-ea86-48ec-b5c9-2601c1b23b4d|rpc:10.1.0.52:34153|priority:0, cd33ab12-5c76-4090-ae9e-f8dc2a96321d|rpc:10.1.0.52:40103|priority:0], old=null
2022-02-04 13:00:18,164 [grpc-default-executor-3] INFO  server.RaftServer$Division (RaftServerImpl.java:requestVote(1046)) - 99ec0913-bcd1-4774-8e53-643ce8734cf6@group-A8606B43266C: receive requestVote(ELECTION, 4dd803c0-ea86-48ec-b5c9-2601c1b23b4d, group-A8606B43266C, 7, (t:0, i:0))
2022-02-04 13:00:18,164 [grpc-default-executor-3] INFO  impl.VoteContext (VoteContext.java:log(48)) - 99ec0913-bcd1-4774-8e53-643ce8734cf6@group-A8606B43266C-CANDIDATE: reject ELECTION from 4dd803c0-ea86-48ec-b5c9-2601c1b23b4d: already has voted for 99ec0913-bcd1-4774-8e53-643ce8734cf6 at current term 7
2022-02-04 13:00:18,165 [grpc-default-executor-3] INFO  server.RaftServer$Division (RaftServerImpl.java:requestVote(1078)) - 99ec0913-bcd1-4774-8e53-643ce8734cf6@group-A8606B43266C replies to ELECTION vote request: 4dd803c0-ea86-48ec-b5c9-2601c1b23b4d<-99ec0913-bcd1-4774-8e53-643ce8734cf6#0:FAIL-t7. Peer's state: 99ec0913-bcd1-4774-8e53-643ce8734cf6@group-A8606B43266C:t7, leader=null, voted=99ec0913-bcd1-4774-8e53-643ce8734cf6, raftlog=99ec0913-bcd1-4774-8e53-643ce8734cf6@group-A8606B43266C-SegmentedRaftLog:OPENED:c-1, conf=-1: [99ec0913-bcd1-4774-8e53-643ce8734cf6|rpc:10.1.0.52:38161|dataStream:|priority:1, 4dd803c0-ea86-48ec-b5c9-2601c1b23b4d|rpc:10.1.0.52:34153|dataStream:|priority:0, cd33ab12-5c76-4090-ae9e-f8dc2a96321d|rpc:10.1.0.52:40103|dataStream:|priority:0], old=null
2022-02-04 13:00:18,166 [99ec0913-bcd1-4774-8e53-643ce8734cf6@group-A8606B43266C-LeaderElection51] INFO  impl.LeaderElection (LeaderElection.java:askForVotes(306)) - 99ec0913-bcd1-4774-8e53-643ce8734cf6@group-A8606B43266C-LeaderElection51 ELECTION round 0: submit vote requests at term 7 for -1: [99ec0913-bcd1-4774-8e53-643ce8734cf6|rpc:10.1.0.52:38161|dataStream:|priority:1, 4dd803c0-ea86-48ec-b5c9-2601c1b23b4d|rpc:10.1.0.52:34153|dataStream:|priority:0, cd33ab12-5c76-4090-ae9e-f8dc2a96321d|rpc:10.1.0.52:40103|dataStream:|priority:0], old=null
2022-02-04 13:00:18,166 [4dd803c0-ea86-48ec-b5c9-2601c1b23b4d@group-A8606B43266C-LeaderElection50] INFO  impl.LeaderElection (LeaderElection.java:logAndReturn(89)) - 4dd803c0-ea86-48ec-b5c9-2601c1b23b4d@group-A8606B43266C-LeaderElection50: ELECTION REJECTED received 1 response(s) and 0 exception(s):
2022-02-04 13:00:18,166 [4dd803c0-ea86-48ec-b5c9-2601c1b23b4d@group-A8606B43266C-LeaderElection50] INFO  impl.LeaderElection (LeaderElection.java:logAndReturn(93)) -   Response 0: 4dd803c0-ea86-48ec-b5c9-2601c1b23b4d<-99ec0913-bcd1-4774-8e53-643ce8734cf6#0:FAIL-t7
2022-02-04 13:00:18,166 [4dd803c0-ea86-48ec-b5c9-2601c1b23b4d@group-A8606B43266C-LeaderElection50] INFO  impl.LeaderElection (LeaderElection.java:askForVotes(308)) - 4dd803c0-ea86-48ec-b5c9-2601c1b23b4d@group-A8606B43266C-LeaderElection50 ELECTION round 0: result REJECTED
2022-02-04 13:00:18,166 [4dd803c0-ea86-48ec-b5c9-2601c1b23b4d@group-A8606B43266C-LeaderElection50] INFO  server.RaftServer$Division (RaftServerImpl.java:setRole(290)) - 4dd803c0-ea86-48ec-b5c9-2601c1b23b4d@group-A8606B43266C: changes role from CANDIDATE to FOLLOWER at term 7 for REJECTED
2022-02-04 13:00:18,166 [4dd803c0-ea86-48ec-b5c9-2601c1b23b4d@group-A8606B43266C-LeaderElection50] INFO  impl.RoleInfo (RoleInfo.java:shutdownLeaderElection(121)) - 4dd803c0-ea86-48ec-b5c9-2601c1b23b4d: shutdown 4dd803c0-ea86-48ec-b5c9-2601c1b23b4d@group-A8606B43266C-LeaderElection50
2022-02-04 13:00:18,166 [4dd803c0-ea86-48ec-b5c9-2601c1b23b4d@group-A8606B43266C-LeaderElection50] INFO  impl.RoleInfo (RoleInfo.java:updateAndGet(130)) - 4dd803c0-ea86-48ec-b5c9-2601c1b23b4d: start 4dd803c0-ea86-48ec-b5c9-2601c1b23b4d@group-A8606B43266C-FollowerState
2022-02-04 13:00:18,167 [grpc-default-executor-3] INFO  server.RaftServer$Division (RaftServerImpl.java:requestVote(1046)) - cd33ab12-5c76-4090-ae9e-f8dc2a96321d@group-A8606B43266C: receive requestVote(ELECTION, 4dd803c0-ea86-48ec-b5c9-2601c1b23b4d, group-A8606B43266C, 7, (t:0, i:0))
2022-02-04 13:00:18,167 [grpc-default-executor-3] INFO  impl.VoteContext (VoteContext.java:log(48)) - cd33ab12-5c76-4090-ae9e-f8dc2a96321d@group-A8606B43266C-FOLLOWER: accept ELECTION from 4dd803c0-ea86-48ec-b5c9-2601c1b23b4d: our priority 0 <= candidate's priority 0
2022-02-04 13:00:18,167 [grpc-default-executor-3] INFO  server.RaftServer$Division (RaftServerImpl.java:setRole(290)) - cd33ab12-5c76-4090-ae9e-f8dc2a96321d@group-A8606B43266C: changes role from  FOLLOWER to FOLLOWER at term 7 for candidate:4dd803c0-ea86-48ec-b5c9-2601c1b23b4d
2022-02-04 13:00:18,167 [grpc-default-executor-3] INFO  impl.RoleInfo (RoleInfo.java:shutdownFollowerState(108)) - cd33ab12-5c76-4090-ae9e-f8dc2a96321d: shutdown cd33ab12-5c76-4090-ae9e-f8dc2a96321d@group-A8606B43266C-FollowerState
2022-02-04 13:00:18,172 [grpc-default-executor-0] INFO  server.RaftServer$Division (RaftServerImpl.java:requestVote(1046)) - 4dd803c0-ea86-48ec-b5c9-2601c1b23b4d@group-A8606B43266C: receive requestVote(ELECTION, 99ec0913-bcd1-4774-8e53-643ce8734cf6, group-A8606B43266C, 7, (t:0, i:0))
2022-02-04 13:00:18,172 [grpc-default-executor-0] INFO  impl.VoteContext (VoteContext.java:log(48)) - 4dd803c0-ea86-48ec-b5c9-2601c1b23b4d@group-A8606B43266C-FOLLOWER: reject ELECTION from 99ec0913-bcd1-4774-8e53-643ce8734cf6: already has voted for 4dd803c0-ea86-48ec-b5c9-2601c1b23b4d at current term 7
2022-02-04 13:00:18,172 [grpc-default-executor-0] INFO  server.RaftServer$Division (RaftServerImpl.java:requestVote(1078)) - 4dd803c0-ea86-48ec-b5c9-2601c1b23b4d@group-A8606B43266C replies to ELECTION vote request: 99ec0913-bcd1-4774-8e53-643ce8734cf6<-4dd803c0-ea86-48ec-b5c9-2601c1b23b4d#0:FAIL-t7. Peer's state: 4dd803c0-ea86-48ec-b5c9-2601c1b23b4d@group-A8606B43266C:t7, leader=null, voted=4dd803c0-ea86-48ec-b5c9-2601c1b23b4d, raftlog=4dd803c0-ea86-48ec-b5c9-2601c1b23b4d@group-A8606B43266C-SegmentedRaftLog:OPENED:c-1, conf=-1: [99ec0913-bcd1-4774-8e53-643ce8734cf6|rpc:10.1.0.52:38161|priority:1, 4dd803c0-ea86-48ec-b5c9-2601c1b23b4d|rpc:10.1.0.52:34153|priority:0, cd33ab12-5c76-4090-ae9e-f8dc2a96321d|rpc:10.1.0.52:40103|priority:0], old=null
2022-02-04 13:00:18,174 [grpc-default-executor-3] INFO  impl.RoleInfo (RoleInfo.java:updateAndGet(130)) - cd33ab12-5c76-4090-ae9e-f8dc2a96321d: start cd33ab12-5c76-4090-ae9e-f8dc2a96321d@group-A8606B43266C-FollowerState
2022-02-04 13:00:18,174 [cd33ab12-5c76-4090-ae9e-f8dc2a96321d@group-A8606B43266C-FollowerState] INFO  impl.FollowerState (FollowerState.java:run(143)) - cd33ab12-5c76-4090-ae9e-f8dc2a96321d@group-A8606B43266C-FollowerState was interrupted: {}
java.lang.InterruptedException: sleep interrupted
	at java.lang.Thread.sleep(Native Method)
	at java.lang.Thread.sleep(Thread.java:340)
	at java.util.concurrent.TimeUnit.sleep(TimeUnit.java:386)
	at org.apache.ratis.util.TimeDuration.sleep(TimeDuration.java:324)
	at org.apache.ratis.util.TimeDuration.sleep(TimeDuration.java:309)
	at org.apache.ratis.server.impl.FollowerState.run(FollowerState.java:118)
2022-02-04 13:00:18,176 [grpc-default-executor-3] INFO  server.RaftServer$Division (RaftServerImpl.java:requestVote(1078)) - cd33ab12-5c76-4090-ae9e-f8dc2a96321d@group-A8606B43266C replies to ELECTION vote request: 4dd803c0-ea86-48ec-b5c9-2601c1b23b4d<-cd33ab12-5c76-4090-ae9e-f8dc2a96321d#0:OK-t7. Peer's state: cd33ab12-5c76-4090-ae9e-f8dc2a96321d@group-A8606B43266C:t7, leader=null, voted=4dd803c0-ea86-48ec-b5c9-2601c1b23b4d, raftlog=cd33ab12-5c76-4090-ae9e-f8dc2a96321d@group-A8606B43266C-SegmentedRaftLog:OPENED:c-1, conf=-1: [99ec0913-bcd1-4774-8e53-643ce8734cf6|rpc:10.1.0.52:38161|dataStream:|priority:1, 4dd803c0-ea86-48ec-b5c9-2601c1b23b4d|rpc:10.1.0.52:34153|dataStream:|priority:0, cd33ab12-5c76-4090-ae9e-f8dc2a96321d|rpc:10.1.0.52:40103|dataStream:|priority:0], old=null
2022-02-04 13:00:18,176 [grpc-default-executor-0] INFO  server.RaftServer$Division (RaftServerImpl.java:requestVote(1046)) - cd33ab12-5c76-4090-ae9e-f8dc2a96321d@group-A8606B43266C: receive requestVote(ELECTION, 99ec0913-bcd1-4774-8e53-643ce8734cf6, group-A8606B43266C, 7, (t:0, i:0))
2022-02-04 13:00:18,176 [grpc-default-executor-0] INFO  impl.VoteContext (VoteContext.java:log(48)) - cd33ab12-5c76-4090-ae9e-f8dc2a96321d@group-A8606B43266C-FOLLOWER: reject ELECTION from 99ec0913-bcd1-4774-8e53-643ce8734cf6: already has voted for 4dd803c0-ea86-48ec-b5c9-2601c1b23b4d at current term 7
2022-02-04 13:00:18,177 [grpc-default-executor-0] INFO  server.RaftServer$Division (RaftServerImpl.java:requestVote(1078)) - cd33ab12-5c76-4090-ae9e-f8dc2a96321d@group-A8606B43266C replies to ELECTION vote request: 99ec0913-bcd1-4774-8e53-643ce8734cf6<-cd33ab12-5c76-4090-ae9e-f8dc2a96321d#0:FAIL-t7. Peer's state: cd33ab12-5c76-4090-ae9e-f8dc2a96321d@group-A8606B43266C:t7, leader=null, voted=4dd803c0-ea86-48ec-b5c9-2601c1b23b4d, raftlog=cd33ab12-5c76-4090-ae9e-f8dc2a96321d@group-A8606B43266C-SegmentedRaftLog:OPENED:c-1, conf=-1: [99ec0913-bcd1-4774-8e53-643ce8734cf6|rpc:10.1.0.52:38161|dataStream:|priority:1, 4dd803c0-ea86-48ec-b5c9-2601c1b23b4d|rpc:10.1.0.52:34153|dataStream:|priority:0, cd33ab12-5c76-4090-ae9e-f8dc2a96321d|rpc:10.1.0.52:40103|dataStream:|priority:0], old=null
2022-02-04 13:00:18,179 [99ec0913-bcd1-4774-8e53-643ce8734cf6@group-A8606B43266C-LeaderElection51] INFO  impl.LeaderElection (LeaderElection.java:logAndReturn(89)) - 99ec0913-bcd1-4774-8e53-643ce8734cf6@group-A8606B43266C-LeaderElection51: ELECTION REJECTED received 2 response(s) and 0 exception(s):
2022-02-04 13:00:18,179 [99ec0913-bcd1-4774-8e53-643ce8734cf6@group-A8606B43266C-LeaderElection51] INFO  impl.LeaderElection (LeaderElection.java:logAndReturn(93)) -   Response 0: 99ec0913-bcd1-4774-8e53-643ce8734cf6<-4dd803c0-ea86-48ec-b5c9-2601c1b23b4d#0:FAIL-t7
2022-02-04 13:00:18,179 [99ec0913-bcd1-4774-8e53-643ce8734cf6@group-A8606B43266C-LeaderElection51] INFO  impl.LeaderElection (LeaderElection.java:logAndReturn(93)) -   Response 1: 99ec0913-bcd1-4774-8e53-643ce8734cf6<-cd33ab12-5c76-4090-ae9e-f8dc2a96321d#0:FAIL-t7
2022-02-04 13:00:18,179 [99ec0913-bcd1-4774-8e53-643ce8734cf6@group-A8606B43266C-LeaderElection51] INFO  impl.LeaderElection (LeaderElection.java:askForVotes(308)) - 99ec0913-bcd1-4774-8e53-643ce8734cf6@group-A8606B43266C-LeaderElection51 ELECTION round 0: result REJECTED
2022-02-04 13:00:18,179 [99ec0913-bcd1-4774-8e53-643ce8734cf6@group-A8606B43266C-LeaderElection51] INFO  server.RaftServer$Division (RaftServerImpl.java:setRole(290)) - 99ec0913-bcd1-4774-8e53-643ce8734cf6@group-A8606B43266C: changes role from CANDIDATE to FOLLOWER at term 7 for REJECTED
2022-02-04 13:00:18,180 [99ec0913-bcd1-4774-8e53-643ce8734cf6@group-A8606B43266C-LeaderElection51] INFO  impl.RoleInfo (RoleInfo.java:shutdownLeaderElection(121)) - 99ec0913-bcd1-4774-8e53-643ce8734cf6: shutdown 99ec0913-bcd1-4774-8e53-643ce8734cf6@group-A8606B43266C-LeaderElection51
2022-02-04 13:00:18,180 [99ec0913-bcd1-4774-8e53-643ce8734cf6@group-A8606B43266C-LeaderElection51] INFO  impl.RoleInfo (RoleInfo.java:updateAndGet(130)) - 99ec0913-bcd1-4774-8e53-643ce8734cf6: start 99ec0913-bcd1-4774-8e53-643ce8734cf6@group-A8606B43266C-FollowerState
2022-02-04 13:00:19,648 [Thread-974] INFO  upgrade.UpgradeFinalizer (SCMUpgradeFinalizer.java:postFinalizeUpgrade(116)) - Waiting for at least one open pipeline after SCM finalization.
2022-02-04 13:00:23,200 [4dd803c0-ea86-48ec-b5c9-2601c1b23b4d@group-A8606B43266C-FollowerState] INFO  impl.FollowerState (FollowerState.java:run(134)) - 4dd803c0-ea86-48ec-b5c9-2601c1b23b4d@group-A8606B43266C-FollowerState: change to CANDIDATE, lastRpcElapsedTime:5033701684ns, electionTimeout:5032ms
2022-02-04 13:00:23,200 [4dd803c0-ea86-48ec-b5c9-2601c1b23b4d@group-A8606B43266C-FollowerState] INFO  impl.RoleInfo (RoleInfo.java:shutdownFollowerState(108)) - 4dd803c0-ea86-48ec-b5c9-2601c1b23b4d: shutdown 4dd803c0-ea86-48ec-b5c9-2601c1b23b4d@group-A8606B43266C-FollowerState
2022-02-04 13:00:23,200 [4dd803c0-ea86-48ec-b5c9-2601c1b23b4d@group-A8606B43266C-FollowerState] INFO  server.RaftServer$Division (RaftServerImpl.java:setRole(290)) - 4dd803c0-ea86-48ec-b5c9-2601c1b23b4d@group-A8606B43266C: changes role from  FOLLOWER to CANDIDATE at term 7 for changeToCandidate
2022-02-04 13:00:23,200 [4dd803c0-ea86-48ec-b5c9-2601c1b23b4d@group-A8606B43266C-FollowerState] INFO  server.RaftServerConfigKeys (ConfUtils.java:logGet(44)) - raft.server.leaderelection.pre-vote = false (custom)
2022-02-04 13:00:23,200 [4dd803c0-ea86-48ec-b5c9-2601c1b23b4d@group-A8606B43266C-FollowerState] INFO  impl.RoleInfo (RoleInfo.java:updateAndGet(130)) - 4dd803c0-ea86-48ec-b5c9-2601c1b23b4d: start 4dd803c0-ea86-48ec-b5c9-2601c1b23b4d@group-A8606B43266C-LeaderElection52
2022-02-04 13:00:23,207 [4dd803c0-ea86-48ec-b5c9-2601c1b23b4d@group-A8606B43266C-LeaderElection52] INFO  impl.LeaderElection (LeaderElection.java:askForVotes(306)) - 4dd803c0-ea86-48ec-b5c9-2601c1b23b4d@group-A8606B43266C-LeaderElection52 ELECTION round 0: submit vote requests at term 8 for -1: [99ec0913-bcd1-4774-8e53-643ce8734cf6|rpc:10.1.0.52:38161|priority:1, 4dd803c0-ea86-48ec-b5c9-2601c1b23b4d|rpc:10.1.0.52:34153|priority:0, cd33ab12-5c76-4090-ae9e-f8dc2a96321d|rpc:10.1.0.52:40103|priority:0], old=null
2022-02-04 13:00:23,212 [grpc-default-executor-0] INFO  server.RaftServer$Division (RaftServerImpl.java:requestVote(1046)) - 99ec0913-bcd1-4774-8e53-643ce8734cf6@group-A8606B43266C: receive requestVote(ELECTION, 4dd803c0-ea86-48ec-b5c9-2601c1b23b4d, group-A8606B43266C, 8, (t:0, i:0))
2022-02-04 13:00:23,212 [grpc-default-executor-0] INFO  impl.VoteContext (VoteContext.java:log(48)) - 99ec0913-bcd1-4774-8e53-643ce8734cf6@group-A8606B43266C-FOLLOWER: reject ELECTION from 4dd803c0-ea86-48ec-b5c9-2601c1b23b4d: our priority 1 > candidate's priority 0
2022-02-04 13:00:23,212 [grpc-default-executor-0] INFO  server.RaftServer$Division (RaftServerImpl.java:setRole(290)) - 99ec0913-bcd1-4774-8e53-643ce8734cf6@group-A8606B43266C: changes role from  FOLLOWER to FOLLOWER at term 8 for candidate:4dd803c0-ea86-48ec-b5c9-2601c1b23b4d
2022-02-04 13:00:23,213 [grpc-default-executor-0] INFO  impl.RoleInfo (RoleInfo.java:shutdownFollowerState(108)) - 99ec0913-bcd1-4774-8e53-643ce8734cf6: shutdown 99ec0913-bcd1-4774-8e53-643ce8734cf6@group-A8606B43266C-FollowerState
2022-02-04 13:00:23,213 [grpc-default-executor-0] INFO  impl.RoleInfo (RoleInfo.java:updateAndGet(130)) - 99ec0913-bcd1-4774-8e53-643ce8734cf6: start 99ec0913-bcd1-4774-8e53-643ce8734cf6@group-A8606B43266C-FollowerState
2022-02-04 13:00:23,214 [99ec0913-bcd1-4774-8e53-643ce8734cf6@group-A8606B43266C-FollowerState] INFO  impl.FollowerState (FollowerState.java:run(143)) - 99ec0913-bcd1-4774-8e53-643ce8734cf6@group-A8606B43266C-FollowerState was interrupted: {}
java.lang.InterruptedException: sleep interrupted
	at java.lang.Thread.sleep(Native Method)
	at java.lang.Thread.sleep(Thread.java:340)
	at java.util.concurrent.TimeUnit.sleep(TimeUnit.java:386)
	at org.apache.ratis.util.TimeDuration.sleep(TimeDuration.java:324)
	at org.apache.ratis.util.TimeDuration.sleep(TimeDuration.java:309)
	at org.apache.ratis.server.impl.FollowerState.run(FollowerState.java:118)
2022-02-04 13:00:23,215 [grpc-default-executor-0] INFO  server.RaftServer$Division (RaftServerImpl.java:requestVote(1078)) - 99ec0913-bcd1-4774-8e53-643ce8734cf6@group-A8606B43266C replies to ELECTION vote request: 4dd803c0-ea86-48ec-b5c9-2601c1b23b4d<-99ec0913-bcd1-4774-8e53-643ce8734cf6#0:FAIL-t8. Peer's state: 99ec0913-bcd1-4774-8e53-643ce8734cf6@group-A8606B43266C:t8, leader=null, voted=null, raftlog=99ec0913-bcd1-4774-8e53-643ce8734cf6@group-A8606B43266C-SegmentedRaftLog:OPENED:c-1, conf=-1: [99ec0913-bcd1-4774-8e53-643ce8734cf6|rpc:10.1.0.52:38161|dataStream:|priority:1, 4dd803c0-ea86-48ec-b5c9-2601c1b23b4d|rpc:10.1.0.52:34153|dataStream:|priority:0, cd33ab12-5c76-4090-ae9e-f8dc2a96321d|rpc:10.1.0.52:40103|dataStream:|priority:0], old=null
2022-02-04 13:00:23,216 [4dd803c0-ea86-48ec-b5c9-2601c1b23b4d@group-A8606B43266C-LeaderElection52] INFO  impl.LeaderElection (LeaderElection.java:logAndReturn(89)) - 4dd803c0-ea86-48ec-b5c9-2601c1b23b4d@group-A8606B43266C-LeaderElection52: ELECTION REJECTED received 1 response(s) and 0 exception(s):
2022-02-04 13:00:23,216 [4dd803c0-ea86-48ec-b5c9-2601c1b23b4d@group-A8606B43266C-LeaderElection52] INFO  impl.LeaderElection (LeaderElection.java:logAndReturn(93)) -   Response 0: 4dd803c0-ea86-48ec-b5c9-2601c1b23b4d<-99ec0913-bcd1-4774-8e53-643ce8734cf6#0:FAIL-t8
2022-02-04 13:00:23,216 [4dd803c0-ea86-48ec-b5c9-2601c1b23b4d@group-A8606B43266C-LeaderElection52] INFO  impl.LeaderElection (LeaderElection.java:askForVotes(308)) - 4dd803c0-ea86-48ec-b5c9-2601c1b23b4d@group-A8606B43266C-LeaderElection52 ELECTION round 0: result REJECTED
2022-02-04 13:00:23,216 [4dd803c0-ea86-48ec-b5c9-2601c1b23b4d@group-A8606B43266C-LeaderElection52] INFO  server.RaftServer$Division (RaftServerImpl.java:setRole(290)) - 4dd803c0-ea86-48ec-b5c9-2601c1b23b4d@group-A8606B43266C: changes role from CANDIDATE to FOLLOWER at term 8 for REJECTED
2022-02-04 13:00:23,216 [4dd803c0-ea86-48ec-b5c9-2601c1b23b4d@group-A8606B43266C-LeaderElection52] INFO  impl.RoleInfo (RoleInfo.java:shutdownLeaderElection(121)) - 4dd803c0-ea86-48ec-b5c9-2601c1b23b4d: shutdown 4dd803c0-ea86-48ec-b5c9-2601c1b23b4d@group-A8606B43266C-LeaderElection52
2022-02-04 13:00:23,216 [4dd803c0-ea86-48ec-b5c9-2601c1b23b4d@group-A8606B43266C-LeaderElection52] INFO  impl.RoleInfo (RoleInfo.java:updateAndGet(130)) - 4dd803c0-ea86-48ec-b5c9-2601c1b23b4d: start 4dd803c0-ea86-48ec-b5c9-2601c1b23b4d@group-A8606B43266C-FollowerState
2022-02-04 13:00:23,218 [grpc-default-executor-0] INFO  server.RaftServer$Division (RaftServerImpl.java:requestVote(1046)) - cd33ab12-5c76-4090-ae9e-f8dc2a96321d@group-A8606B43266C: receive requestVote(ELECTION, 4dd803c0-ea86-48ec-b5c9-2601c1b23b4d, group-A8606B43266C, 8, (t:0, i:0))
2022-02-04 13:00:23,218 [grpc-default-executor-0] INFO  impl.VoteContext (VoteContext.java:log(48)) - cd33ab12-5c76-4090-ae9e-f8dc2a96321d@group-A8606B43266C-FOLLOWER: accept ELECTION from 4dd803c0-ea86-48ec-b5c9-2601c1b23b4d: our priority 0 <= candidate's priority 0
2022-02-04 13:00:23,218 [grpc-default-executor-0] INFO  server.RaftServer$Division (RaftServerImpl.java:setRole(290)) - cd33ab12-5c76-4090-ae9e-f8dc2a96321d@group-A8606B43266C: changes role from  FOLLOWER to FOLLOWER at term 8 for candidate:4dd803c0-ea86-48ec-b5c9-2601c1b23b4d
2022-02-04 13:00:23,218 [grpc-default-executor-0] INFO  impl.RoleInfo (RoleInfo.java:shutdownFollowerState(108)) - cd33ab12-5c76-4090-ae9e-f8dc2a96321d: shutdown cd33ab12-5c76-4090-ae9e-f8dc2a96321d@group-A8606B43266C-FollowerState
2022-02-04 13:00:23,218 [grpc-default-executor-0] INFO  impl.RoleInfo (RoleInfo.java:updateAndGet(130)) - cd33ab12-5c76-4090-ae9e-f8dc2a96321d: start cd33ab12-5c76-4090-ae9e-f8dc2a96321d@group-A8606B43266C-FollowerState
2022-02-04 13:00:23,218 [cd33ab12-5c76-4090-ae9e-f8dc2a96321d@group-A8606B43266C-FollowerState] INFO  impl.FollowerState (FollowerState.java:run(143)) - cd33ab12-5c76-4090-ae9e-f8dc2a96321d@group-A8606B43266C-FollowerState was interrupted: {}
java.lang.InterruptedException: sleep interrupted
	at java.lang.Thread.sleep(Native Method)
	at java.lang.Thread.sleep(Thread.java:340)
	at java.util.concurrent.TimeUnit.sleep(TimeUnit.java:386)
	at org.apache.ratis.util.TimeDuration.sleep(TimeDuration.java:324)
	at org.apache.ratis.util.TimeDuration.sleep(TimeDuration.java:309)
	at org.apache.ratis.server.impl.FollowerState.run(FollowerState.java:118)
2022-02-04 13:00:23,225 [grpc-default-executor-0] INFO  server.RaftServer$Division (RaftServerImpl.java:requestVote(1078)) - cd33ab12-5c76-4090-ae9e-f8dc2a96321d@group-A8606B43266C replies to ELECTION vote request: 4dd803c0-ea86-48ec-b5c9-2601c1b23b4d<-cd33ab12-5c76-4090-ae9e-f8dc2a96321d#0:OK-t8. Peer's state: cd33ab12-5c76-4090-ae9e-f8dc2a96321d@group-A8606B43266C:t8, leader=null, voted=4dd803c0-ea86-48ec-b5c9-2601c1b23b4d, raftlog=cd33ab12-5c76-4090-ae9e-f8dc2a96321d@group-A8606B43266C-SegmentedRaftLog:OPENED:c-1, conf=-1: [99ec0913-bcd1-4774-8e53-643ce8734cf6|rpc:10.1.0.52:38161|dataStream:|priority:1, 4dd803c0-ea86-48ec-b5c9-2601c1b23b4d|rpc:10.1.0.52:34153|dataStream:|priority:0, cd33ab12-5c76-4090-ae9e-f8dc2a96321d|rpc:10.1.0.52:40103|dataStream:|priority:0], old=null
2022-02-04 13:00:24,648 [Thread-974] INFO  upgrade.UpgradeFinalizer (SCMUpgradeFinalizer.java:postFinalizeUpgrade(116)) - Waiting for at least one open pipeline after SCM finalization.
2022-02-04 13:00:28,329 [4dd803c0-ea86-48ec-b5c9-2601c1b23b4d@group-A8606B43266C-FollowerState] INFO  impl.FollowerState (FollowerState.java:run(134)) - 4dd803c0-ea86-48ec-b5c9-2601c1b23b4d@group-A8606B43266C-FollowerState: change to CANDIDATE, lastRpcElapsedTime:5113552757ns, electionTimeout:5111ms
2022-02-04 13:00:28,329 [4dd803c0-ea86-48ec-b5c9-2601c1b23b4d@group-A8606B43266C-FollowerState] INFO  impl.RoleInfo (RoleInfo.java:shutdownFollowerState(108)) - 4dd803c0-ea86-48ec-b5c9-2601c1b23b4d: shutdown 4dd803c0-ea86-48ec-b5c9-2601c1b23b4d@group-A8606B43266C-FollowerState
2022-02-04 13:00:28,330 [4dd803c0-ea86-48ec-b5c9-2601c1b23b4d@group-A8606B43266C-FollowerState] INFO  server.RaftServer$Division (RaftServerImpl.java:setRole(290)) - 4dd803c0-ea86-48ec-b5c9-2601c1b23b4d@group-A8606B43266C: changes role from  FOLLOWER to CANDIDATE at term 8 for changeToCandidate
2022-02-04 13:00:28,330 [4dd803c0-ea86-48ec-b5c9-2601c1b23b4d@group-A8606B43266C-FollowerState] INFO  server.RaftServerConfigKeys (ConfUtils.java:logGet(44)) - raft.server.leaderelection.pre-vote = false (custom)
2022-02-04 13:00:28,330 [4dd803c0-ea86-48ec-b5c9-2601c1b23b4d@group-A8606B43266C-FollowerState] INFO  impl.RoleInfo (RoleInfo.java:updateAndGet(130)) - 4dd803c0-ea86-48ec-b5c9-2601c1b23b4d: start 4dd803c0-ea86-48ec-b5c9-2601c1b23b4d@group-A8606B43266C-LeaderElection53
2022-02-04 13:00:28,333 [4dd803c0-ea86-48ec-b5c9-2601c1b23b4d@group-A8606B43266C-LeaderElection53] INFO  impl.LeaderElection (LeaderElection.java:askForVotes(306)) - 4dd803c0-ea86-48ec-b5c9-2601c1b23b4d@group-A8606B43266C-LeaderElection53 ELECTION round 0: submit vote requests at term 9 for -1: [99ec0913-bcd1-4774-8e53-643ce8734cf6|rpc:10.1.0.52:38161|priority:1, 4dd803c0-ea86-48ec-b5c9-2601c1b23b4d|rpc:10.1.0.52:34153|priority:0, cd33ab12-5c76-4090-ae9e-f8dc2a96321d|rpc:10.1.0.52:40103|priority:0], old=null
2022-02-04 13:00:28,342 [grpc-default-executor-0] INFO  server.RaftServer$Division (RaftServerImpl.java:requestVote(1046)) - cd33ab12-5c76-4090-ae9e-f8dc2a96321d@group-A8606B43266C: receive requestVote(ELECTION, 4dd803c0-ea86-48ec-b5c9-2601c1b23b4d, group-A8606B43266C, 9, (t:0, i:0))
2022-02-04 13:00:28,342 [grpc-default-executor-0] INFO  impl.VoteContext (VoteContext.java:log(48)) - cd33ab12-5c76-4090-ae9e-f8dc2a96321d@group-A8606B43266C-FOLLOWER: accept ELECTION from 4dd803c0-ea86-48ec-b5c9-2601c1b23b4d: our priority 0 <= candidate's priority 0
2022-02-04 13:00:28,342 [grpc-default-executor-0] INFO  server.RaftServer$Division (RaftServerImpl.java:setRole(290)) - cd33ab12-5c76-4090-ae9e-f8dc2a96321d@group-A8606B43266C: changes role from  FOLLOWER to FOLLOWER at term 9 for candidate:4dd803c0-ea86-48ec-b5c9-2601c1b23b4d
2022-02-04 13:00:28,342 [grpc-default-executor-0] INFO  impl.RoleInfo (RoleInfo.java:shutdownFollowerState(108)) - cd33ab12-5c76-4090-ae9e-f8dc2a96321d: shutdown cd33ab12-5c76-4090-ae9e-f8dc2a96321d@group-A8606B43266C-FollowerState
2022-02-04 13:00:28,342 [grpc-default-executor-0] INFO  impl.RoleInfo (RoleInfo.java:updateAndGet(130)) - cd33ab12-5c76-4090-ae9e-f8dc2a96321d: start cd33ab12-5c76-4090-ae9e-f8dc2a96321d@group-A8606B43266C-FollowerState
2022-02-04 13:00:28,343 [cd33ab12-5c76-4090-ae9e-f8dc2a96321d@group-A8606B43266C-FollowerState] INFO  impl.FollowerState (FollowerState.java:run(143)) - cd33ab12-5c76-4090-ae9e-f8dc2a96321d@group-A8606B43266C-FollowerState was interrupted: {}
java.lang.InterruptedException: sleep interrupted
	at java.lang.Thread.sleep(Native Method)
	at java.lang.Thread.sleep(Thread.java:340)
	at java.util.concurrent.TimeUnit.sleep(TimeUnit.java:386)
	at org.apache.ratis.util.TimeDuration.sleep(TimeDuration.java:324)
	at org.apache.ratis.util.TimeDuration.sleep(TimeDuration.java:309)
	at org.apache.ratis.server.impl.FollowerState.run(FollowerState.java:118)
2022-02-04 13:00:28,346 [grpc-default-executor-3] INFO  server.RaftServer$Division (RaftServerImpl.java:requestVote(1046)) - 99ec0913-bcd1-4774-8e53-643ce8734cf6@group-A8606B43266C: receive requestVote(ELECTION, 4dd803c0-ea86-48ec-b5c9-2601c1b23b4d, group-A8606B43266C, 9, (t:0, i:0))
2022-02-04 13:00:28,346 [grpc-default-executor-3] INFO  impl.VoteContext (VoteContext.java:log(48)) - 99ec0913-bcd1-4774-8e53-643ce8734cf6@group-A8606B43266C-FOLLOWER: reject ELECTION from 4dd803c0-ea86-48ec-b5c9-2601c1b23b4d: our priority 1 > candidate's priority 0
2022-02-04 13:00:28,346 [grpc-default-executor-3] INFO  server.RaftServer$Division (RaftServerImpl.java:setRole(290)) - 99ec0913-bcd1-4774-8e53-643ce8734cf6@group-A8606B43266C: changes role from  FOLLOWER to FOLLOWER at term 9 for candidate:4dd803c0-ea86-48ec-b5c9-2601c1b23b4d
2022-02-04 13:00:28,346 [grpc-default-executor-3] INFO  impl.RoleInfo (RoleInfo.java:shutdownFollowerState(108)) - 99ec0913-bcd1-4774-8e53-643ce8734cf6: shutdown 99ec0913-bcd1-4774-8e53-643ce8734cf6@group-A8606B43266C-FollowerState
2022-02-04 13:00:28,352 [grpc-default-executor-3] INFO  impl.RoleInfo (RoleInfo.java:updateAndGet(130)) - 99ec0913-bcd1-4774-8e53-643ce8734cf6: start 99ec0913-bcd1-4774-8e53-643ce8734cf6@group-A8606B43266C-FollowerState
2022-02-04 13:00:28,352 [99ec0913-bcd1-4774-8e53-643ce8734cf6@group-A8606B43266C-FollowerState] INFO  impl.FollowerState (FollowerState.java:run(143)) - 99ec0913-bcd1-4774-8e53-643ce8734cf6@group-A8606B43266C-FollowerState was interrupted: {}
java.lang.InterruptedException: sleep interrupted
	at java.lang.Thread.sleep(Native Method)
	at java.lang.Thread.sleep(Thread.java:340)
	at java.util.concurrent.TimeUnit.sleep(TimeUnit.java:386)
	at org.apache.ratis.util.TimeDuration.sleep(TimeDuration.java:324)
	at org.apache.ratis.util.TimeDuration.sleep(TimeDuration.java:309)
	at org.apache.ratis.server.impl.FollowerState.run(FollowerState.java:118)
2022-02-04 13:00:28,354 [grpc-default-executor-0] INFO  server.RaftServer$Division (RaftServerImpl.java:requestVote(1078)) - cd33ab12-5c76-4090-ae9e-f8dc2a96321d@group-A8606B43266C replies to ELECTION vote request: 4dd803c0-ea86-48ec-b5c9-2601c1b23b4d<-cd33ab12-5c76-4090-ae9e-f8dc2a96321d#0:OK-t9. Peer's state: cd33ab12-5c76-4090-ae9e-f8dc2a96321d@group-A8606B43266C:t9, leader=null, voted=4dd803c0-ea86-48ec-b5c9-2601c1b23b4d, raftlog=cd33ab12-5c76-4090-ae9e-f8dc2a96321d@group-A8606B43266C-SegmentedRaftLog:OPENED:c-1, conf=-1: [99ec0913-bcd1-4774-8e53-643ce8734cf6|rpc:10.1.0.52:38161|dataStream:|priority:1, 4dd803c0-ea86-48ec-b5c9-2601c1b23b4d|rpc:10.1.0.52:34153|dataStream:|priority:0, cd33ab12-5c76-4090-ae9e-f8dc2a96321d|rpc:10.1.0.52:40103|dataStream:|priority:0], old=null
2022-02-04 13:00:28,356 [grpc-default-executor-3] INFO  server.RaftServer$Division (RaftServerImpl.java:requestVote(1078)) - 99ec0913-bcd1-4774-8e53-643ce8734cf6@group-A8606B43266C replies to ELECTION vote request: 4dd803c0-ea86-48ec-b5c9-2601c1b23b4d<-99ec0913-bcd1-4774-8e53-643ce8734cf6#0:FAIL-t9. Peer's state: 99ec0913-bcd1-4774-8e53-643ce8734cf6@group-A8606B43266C:t9, leader=null, voted=null, raftlog=99ec0913-bcd1-4774-8e53-643ce8734cf6@group-A8606B43266C-SegmentedRaftLog:OPENED:c-1, conf=-1: [99ec0913-bcd1-4774-8e53-643ce8734cf6|rpc:10.1.0.52:38161|dataStream:|priority:1, 4dd803c0-ea86-48ec-b5c9-2601c1b23b4d|rpc:10.1.0.52:34153|dataStream:|priority:0, cd33ab12-5c76-4090-ae9e-f8dc2a96321d|rpc:10.1.0.52:40103|dataStream:|priority:0], old=null
2022-02-04 13:00:28,357 [4dd803c0-ea86-48ec-b5c9-2601c1b23b4d@group-A8606B43266C-LeaderElection53] INFO  impl.LeaderElection (LeaderElection.java:logAndReturn(89)) - 4dd803c0-ea86-48ec-b5c9-2601c1b23b4d@group-A8606B43266C-LeaderElection53: ELECTION REJECTED received 2 response(s) and 0 exception(s):
2022-02-04 13:00:28,357 [4dd803c0-ea86-48ec-b5c9-2601c1b23b4d@group-A8606B43266C-LeaderElection53] INFO  impl.LeaderElection (LeaderElection.java:logAndReturn(93)) -   Response 0: 4dd803c0-ea86-48ec-b5c9-2601c1b23b4d<-99ec0913-bcd1-4774-8e53-643ce8734cf6#0:FAIL-t9
2022-02-04 13:00:28,357 [4dd803c0-ea86-48ec-b5c9-2601c1b23b4d@group-A8606B43266C-LeaderElection53] INFO  impl.LeaderElection (LeaderElection.java:logAndReturn(93)) -   Response 1: 4dd803c0-ea86-48ec-b5c9-2601c1b23b4d<-cd33ab12-5c76-4090-ae9e-f8dc2a96321d#0:OK-t9
2022-02-04 13:00:28,357 [4dd803c0-ea86-48ec-b5c9-2601c1b23b4d@group-A8606B43266C-LeaderElection53] INFO  impl.LeaderElection (LeaderElection.java:askForVotes(308)) - 4dd803c0-ea86-48ec-b5c9-2601c1b23b4d@group-A8606B43266C-LeaderElection53 ELECTION round 0: result REJECTED
2022-02-04 13:00:28,357 [4dd803c0-ea86-48ec-b5c9-2601c1b23b4d@group-A8606B43266C-LeaderElection53] INFO  server.RaftServer$Division (RaftServerImpl.java:setRole(290)) - 4dd803c0-ea86-48ec-b5c9-2601c1b23b4d@group-A8606B43266C: changes role from CANDIDATE to FOLLOWER at term 9 for REJECTED
2022-02-04 13:00:28,357 [4dd803c0-ea86-48ec-b5c9-2601c1b23b4d@group-A8606B43266C-LeaderElection53] INFO  impl.RoleInfo (RoleInfo.java:shutdownLeaderElection(121)) - 4dd803c0-ea86-48ec-b5c9-2601c1b23b4d: shutdown 4dd803c0-ea86-48ec-b5c9-2601c1b23b4d@group-A8606B43266C-LeaderElection53
2022-02-04 13:00:28,357 [4dd803c0-ea86-48ec-b5c9-2601c1b23b4d@group-A8606B43266C-LeaderElection53] INFO  impl.RoleInfo (RoleInfo.java:updateAndGet(130)) - 4dd803c0-ea86-48ec-b5c9-2601c1b23b4d: start 4dd803c0-ea86-48ec-b5c9-2601c1b23b4d@group-A8606B43266C-FollowerState
2022-02-04 13:00:29,648 [Thread-974] INFO  upgrade.UpgradeFinalizer (SCMUpgradeFinalizer.java:postFinalizeUpgrade(116)) - Waiting for at least one open pipeline after SCM finalization.
2022-02-04 13:00:33,423 [4dd803c0-ea86-48ec-b5c9-2601c1b23b4d@group-A8606B43266C-FollowerState] INFO  impl.FollowerState (FollowerState.java:run(134)) - 4dd803c0-ea86-48ec-b5c9-2601c1b23b4d@group-A8606B43266C-FollowerState: change to CANDIDATE, lastRpcElapsedTime:5065900174ns, electionTimeout:5058ms
2022-02-04 13:00:33,423 [4dd803c0-ea86-48ec-b5c9-2601c1b23b4d@group-A8606B43266C-FollowerState] INFO  impl.RoleInfo (RoleInfo.java:shutdownFollowerState(108)) - 4dd803c0-ea86-48ec-b5c9-2601c1b23b4d: shutdown 4dd803c0-ea86-48ec-b5c9-2601c1b23b4d@group-A8606B43266C-FollowerState
2022-02-04 13:00:33,424 [4dd803c0-ea86-48ec-b5c9-2601c1b23b4d@group-A8606B43266C-FollowerState] INFO  server.RaftServer$Division (RaftServerImpl.java:setRole(290)) - 4dd803c0-ea86-48ec-b5c9-2601c1b23b4d@group-A8606B43266C: changes role from  FOLLOWER to CANDIDATE at term 9 for changeToCandidate
2022-02-04 13:00:33,424 [4dd803c0-ea86-48ec-b5c9-2601c1b23b4d@group-A8606B43266C-FollowerState] INFO  server.RaftServerConfigKeys (ConfUtils.java:logGet(44)) - raft.server.leaderelection.pre-vote = false (custom)
2022-02-04 13:00:33,424 [4dd803c0-ea86-48ec-b5c9-2601c1b23b4d@group-A8606B43266C-FollowerState] INFO  impl.RoleInfo (RoleInfo.java:updateAndGet(130)) - 4dd803c0-ea86-48ec-b5c9-2601c1b23b4d: start 4dd803c0-ea86-48ec-b5c9-2601c1b23b4d@group-A8606B43266C-LeaderElection54
2022-02-04 13:00:33,427 [4dd803c0-ea86-48ec-b5c9-2601c1b23b4d@group-A8606B43266C-LeaderElection54] INFO  impl.LeaderElection (LeaderElection.java:askForVotes(306)) - 4dd803c0-ea86-48ec-b5c9-2601c1b23b4d@group-A8606B43266C-LeaderElection54 ELECTION round 0: submit vote requests at term 10 for -1: [99ec0913-bcd1-4774-8e53-643ce8734cf6|rpc:10.1.0.52:38161|priority:1, 4dd803c0-ea86-48ec-b5c9-2601c1b23b4d|rpc:10.1.0.52:34153|priority:0, cd33ab12-5c76-4090-ae9e-f8dc2a96321d|rpc:10.1.0.52:40103|priority:0], old=null
2022-02-04 13:00:33,435 [grpc-default-executor-3] INFO  server.RaftServer$Division (RaftServerImpl.java:requestVote(1046)) - 99ec0913-bcd1-4774-8e53-643ce8734cf6@group-A8606B43266C: receive requestVote(ELECTION, 4dd803c0-ea86-48ec-b5c9-2601c1b23b4d, group-A8606B43266C, 10, (t:0, i:0))
2022-02-04 13:00:33,435 [grpc-default-executor-3] INFO  impl.VoteContext (VoteContext.java:log(48)) - 99ec0913-bcd1-4774-8e53-643ce8734cf6@group-A8606B43266C-FOLLOWER: reject ELECTION from 4dd803c0-ea86-48ec-b5c9-2601c1b23b4d: our priority 1 > candidate's priority 0
2022-02-04 13:00:33,435 [grpc-default-executor-3] INFO  server.RaftServer$Division (RaftServerImpl.java:setRole(290)) - 99ec0913-bcd1-4774-8e53-643ce8734cf6@group-A8606B43266C: changes role from  FOLLOWER to FOLLOWER at term 10 for candidate:4dd803c0-ea86-48ec-b5c9-2601c1b23b4d
2022-02-04 13:00:33,435 [grpc-default-executor-3] INFO  impl.RoleInfo (RoleInfo.java:shutdownFollowerState(108)) - 99ec0913-bcd1-4774-8e53-643ce8734cf6: shutdown 99ec0913-bcd1-4774-8e53-643ce8734cf6@group-A8606B43266C-FollowerState
2022-02-04 13:00:33,444 [grpc-default-executor-3] INFO  impl.RoleInfo (RoleInfo.java:updateAndGet(130)) - 99ec0913-bcd1-4774-8e53-643ce8734cf6: start 99ec0913-bcd1-4774-8e53-643ce8734cf6@group-A8606B43266C-FollowerState
2022-02-04 13:00:33,444 [99ec0913-bcd1-4774-8e53-643ce8734cf6@group-A8606B43266C-FollowerState] INFO  impl.FollowerState (FollowerState.java:run(143)) - 99ec0913-bcd1-4774-8e53-643ce8734cf6@group-A8606B43266C-FollowerState was interrupted: {}
java.lang.InterruptedException: sleep interrupted
	at java.lang.Thread.sleep(Native Method)
	at java.lang.Thread.sleep(Thread.java:340)
	at java.util.concurrent.TimeUnit.sleep(TimeUnit.java:386)
	at org.apache.ratis.util.TimeDuration.sleep(TimeDuration.java:324)
	at org.apache.ratis.util.TimeDuration.sleep(TimeDuration.java:309)
	at org.apache.ratis.server.impl.FollowerState.run(FollowerState.java:118)
2022-02-04 13:00:33,446 [grpc-default-executor-0] INFO  server.RaftServer$Division (RaftServerImpl.java:requestVote(1046)) - cd33ab12-5c76-4090-ae9e-f8dc2a96321d@group-A8606B43266C: receive requestVote(ELECTION, 4dd803c0-ea86-48ec-b5c9-2601c1b23b4d, group-A8606B43266C, 10, (t:0, i:0))
2022-02-04 13:00:33,446 [grpc-default-executor-0] INFO  impl.VoteContext (VoteContext.java:log(48)) - cd33ab12-5c76-4090-ae9e-f8dc2a96321d@group-A8606B43266C-FOLLOWER: accept ELECTION from 4dd803c0-ea86-48ec-b5c9-2601c1b23b4d: our priority 0 <= candidate's priority 0
2022-02-04 13:00:33,446 [grpc-default-executor-0] INFO  server.RaftServer$Division (RaftServerImpl.java:setRole(290)) - cd33ab12-5c76-4090-ae9e-f8dc2a96321d@group-A8606B43266C: changes role from  FOLLOWER to FOLLOWER at term 10 for candidate:4dd803c0-ea86-48ec-b5c9-2601c1b23b4d
2022-02-04 13:00:33,446 [grpc-default-executor-0] INFO  impl.RoleInfo (RoleInfo.java:shutdownFollowerState(108)) - cd33ab12-5c76-4090-ae9e-f8dc2a96321d: shutdown cd33ab12-5c76-4090-ae9e-f8dc2a96321d@group-A8606B43266C-FollowerState
2022-02-04 13:00:33,448 [grpc-default-executor-0] INFO  impl.RoleInfo (RoleInfo.java:updateAndGet(130)) - cd33ab12-5c76-4090-ae9e-f8dc2a96321d: start cd33ab12-5c76-4090-ae9e-f8dc2a96321d@group-A8606B43266C-FollowerState
2022-02-04 13:00:33,448 [cd33ab12-5c76-4090-ae9e-f8dc2a96321d@group-A8606B43266C-FollowerState] INFO  impl.FollowerState (FollowerState.java:run(143)) - cd33ab12-5c76-4090-ae9e-f8dc2a96321d@group-A8606B43266C-FollowerState was interrupted: {}
java.lang.InterruptedException: sleep interrupted
	at java.lang.Thread.sleep(Native Method)
	at java.lang.Thread.sleep(Thread.java:340)
	at java.util.concurrent.TimeUnit.sleep(TimeUnit.java:386)
	at org.apache.ratis.util.TimeDuration.sleep(TimeDuration.java:324)
	at org.apache.ratis.util.TimeDuration.sleep(TimeDuration.java:309)
	at org.apache.ratis.server.impl.FollowerState.run(FollowerState.java:118)
2022-02-04 13:00:33,449 [grpc-default-executor-3] INFO  server.RaftServer$Division (RaftServerImpl.java:requestVote(1078)) - 99ec0913-bcd1-4774-8e53-643ce8734cf6@group-A8606B43266C replies to ELECTION vote request: 4dd803c0-ea86-48ec-b5c9-2601c1b23b4d<-99ec0913-bcd1-4774-8e53-643ce8734cf6#0:FAIL-t10. Peer's state: 99ec0913-bcd1-4774-8e53-643ce8734cf6@group-A8606B43266C:t10, leader=null, voted=null, raftlog=99ec0913-bcd1-4774-8e53-643ce8734cf6@group-A8606B43266C-SegmentedRaftLog:OPENED:c-1, conf=-1: [99ec0913-bcd1-4774-8e53-643ce8734cf6|rpc:10.1.0.52:38161|dataStream:|priority:1, 4dd803c0-ea86-48ec-b5c9-2601c1b23b4d|rpc:10.1.0.52:34153|dataStream:|priority:0, cd33ab12-5c76-4090-ae9e-f8dc2a96321d|rpc:10.1.0.52:40103|dataStream:|priority:0], old=null
2022-02-04 13:00:33,451 [4dd803c0-ea86-48ec-b5c9-2601c1b23b4d@group-A8606B43266C-LeaderElection54] INFO  impl.LeaderElection (LeaderElection.java:logAndReturn(89)) - 4dd803c0-ea86-48ec-b5c9-2601c1b23b4d@group-A8606B43266C-LeaderElection54: ELECTION REJECTED received 1 response(s) and 0 exception(s):
2022-02-04 13:00:33,451 [4dd803c0-ea86-48ec-b5c9-2601c1b23b4d@group-A8606B43266C-LeaderElection54] INFO  impl.LeaderElection (LeaderElection.java:logAndReturn(93)) -   Response 0: 4dd803c0-ea86-48ec-b5c9-2601c1b23b4d<-99ec0913-bcd1-4774-8e53-643ce8734cf6#0:FAIL-t10
2022-02-04 13:00:33,451 [grpc-default-executor-0] INFO  server.RaftServer$Division (RaftServerImpl.java:requestVote(1078)) - cd33ab12-5c76-4090-ae9e-f8dc2a96321d@group-A8606B43266C replies to ELECTION vote request: 4dd803c0-ea86-48ec-b5c9-2601c1b23b4d<-cd33ab12-5c76-4090-ae9e-f8dc2a96321d#0:OK-t10. Peer's state: cd33ab12-5c76-4090-ae9e-f8dc2a96321d@group-A8606B43266C:t10, leader=null, voted=4dd803c0-ea86-48ec-b5c9-2601c1b23b4d, raftlog=cd33ab12-5c76-4090-ae9e-f8dc2a96321d@group-A8606B43266C-SegmentedRaftLog:OPENED:c-1, conf=-1: [99ec0913-bcd1-4774-8e53-643ce8734cf6|rpc:10.1.0.52:38161|dataStream:|priority:1, 4dd803c0-ea86-48ec-b5c9-2601c1b23b4d|rpc:10.1.0.52:34153|dataStream:|priority:0, cd33ab12-5c76-4090-ae9e-f8dc2a96321d|rpc:10.1.0.52:40103|dataStream:|priority:0], old=null
2022-02-04 13:00:33,452 [4dd803c0-ea86-48ec-b5c9-2601c1b23b4d@group-A8606B43266C-LeaderElection54] INFO  impl.LeaderElection (LeaderElection.java:askForVotes(308)) - 4dd803c0-ea86-48ec-b5c9-2601c1b23b4d@group-A8606B43266C-LeaderElection54 ELECTION round 0: result REJECTED
2022-02-04 13:00:33,452 [4dd803c0-ea86-48ec-b5c9-2601c1b23b4d@group-A8606B43266C-LeaderElection54] INFO  server.RaftServer$Division (RaftServerImpl.java:setRole(290)) - 4dd803c0-ea86-48ec-b5c9-2601c1b23b4d@group-A8606B43266C: changes role from CANDIDATE to FOLLOWER at term 10 for REJECTED
2022-02-04 13:00:33,452 [4dd803c0-ea86-48ec-b5c9-2601c1b23b4d@group-A8606B43266C-LeaderElection54] INFO  impl.RoleInfo (RoleInfo.java:shutdownLeaderElection(121)) - 4dd803c0-ea86-48ec-b5c9-2601c1b23b4d: shutdown 4dd803c0-ea86-48ec-b5c9-2601c1b23b4d@group-A8606B43266C-LeaderElection54
2022-02-04 13:00:33,452 [4dd803c0-ea86-48ec-b5c9-2601c1b23b4d@group-A8606B43266C-LeaderElection54] INFO  impl.RoleInfo (RoleInfo.java:updateAndGet(130)) - 4dd803c0-ea86-48ec-b5c9-2601c1b23b4d: start 4dd803c0-ea86-48ec-b5c9-2601c1b23b4d@group-A8606B43266C-FollowerState
2022-02-04 13:00:34,649 [Thread-974] INFO  upgrade.UpgradeFinalizer (SCMUpgradeFinalizer.java:postFinalizeUpgrade(116)) - Waiting for at least one open pipeline after SCM finalization.
2022-02-04 13:00:38,577 [cd33ab12-5c76-4090-ae9e-f8dc2a96321d@group-A8606B43266C-FollowerState] INFO  impl.FollowerState (FollowerState.java:run(134)) - cd33ab12-5c76-4090-ae9e-f8dc2a96321d@group-A8606B43266C-FollowerState: change to CANDIDATE, lastRpcElapsedTime:5125548753ns, electionTimeout:5124ms
2022-02-04 13:00:38,577 [cd33ab12-5c76-4090-ae9e-f8dc2a96321d@group-A8606B43266C-FollowerState] INFO  impl.RoleInfo (RoleInfo.java:shutdownFollowerState(108)) - cd33ab12-5c76-4090-ae9e-f8dc2a96321d: shutdown cd33ab12-5c76-4090-ae9e-f8dc2a96321d@group-A8606B43266C-FollowerState
2022-02-04 13:00:38,577 [cd33ab12-5c76-4090-ae9e-f8dc2a96321d@group-A8606B43266C-FollowerState] INFO  server.RaftServer$Division (RaftServerImpl.java:setRole(290)) - cd33ab12-5c76-4090-ae9e-f8dc2a96321d@group-A8606B43266C: changes role from  FOLLOWER to CANDIDATE at term 10 for changeToCandidate
2022-02-04 13:00:38,577 [cd33ab12-5c76-4090-ae9e-f8dc2a96321d@group-A8606B43266C-FollowerState] INFO  server.RaftServerConfigKeys (ConfUtils.java:logGet(44)) - raft.server.leaderelection.pre-vote = false (custom)
2022-02-04 13:00:38,577 [cd33ab12-5c76-4090-ae9e-f8dc2a96321d@group-A8606B43266C-FollowerState] INFO  impl.RoleInfo (RoleInfo.java:updateAndGet(130)) - cd33ab12-5c76-4090-ae9e-f8dc2a96321d: start cd33ab12-5c76-4090-ae9e-f8dc2a96321d@group-A8606B43266C-LeaderElection55
2022-02-04 13:00:38,581 [cd33ab12-5c76-4090-ae9e-f8dc2a96321d@group-A8606B43266C-LeaderElection55] INFO  impl.LeaderElection (LeaderElection.java:askForVotes(306)) - cd33ab12-5c76-4090-ae9e-f8dc2a96321d@group-A8606B43266C-LeaderElection55 ELECTION round 0: submit vote requests at term 11 for -1: [99ec0913-bcd1-4774-8e53-643ce8734cf6|rpc:10.1.0.52:38161|dataStream:|priority:1, 4dd803c0-ea86-48ec-b5c9-2601c1b23b4d|rpc:10.1.0.52:34153|dataStream:|priority:0, cd33ab12-5c76-4090-ae9e-f8dc2a96321d|rpc:10.1.0.52:40103|dataStream:|priority:0], old=null
2022-02-04 13:00:38,582 [99ec0913-bcd1-4774-8e53-643ce8734cf6@group-A8606B43266C-FollowerState] INFO  impl.FollowerState (FollowerState.java:run(134)) - 99ec0913-bcd1-4774-8e53-643ce8734cf6@group-A8606B43266C-FollowerState: change to CANDIDATE, lastRpcElapsedTime:5137843449ns, electionTimeout:5134ms
2022-02-04 13:00:38,582 [99ec0913-bcd1-4774-8e53-643ce8734cf6@group-A8606B43266C-FollowerState] INFO  impl.RoleInfo (RoleInfo.java:shutdownFollowerState(108)) - 99ec0913-bcd1-4774-8e53-643ce8734cf6: shutdown 99ec0913-bcd1-4774-8e53-643ce8734cf6@group-A8606B43266C-FollowerState
2022-02-04 13:00:38,582 [99ec0913-bcd1-4774-8e53-643ce8734cf6@group-A8606B43266C-FollowerState] INFO  server.RaftServer$Division (RaftServerImpl.java:setRole(290)) - 99ec0913-bcd1-4774-8e53-643ce8734cf6@group-A8606B43266C: changes role from  FOLLOWER to CANDIDATE at term 10 for changeToCandidate
2022-02-04 13:00:38,589 [grpc-default-executor-0] INFO  server.RaftServer$Division (RaftServerImpl.java:requestVote(1046)) - 99ec0913-bcd1-4774-8e53-643ce8734cf6@group-A8606B43266C: receive requestVote(ELECTION, cd33ab12-5c76-4090-ae9e-f8dc2a96321d, group-A8606B43266C, 11, (t:0, i:0))
2022-02-04 13:00:38,594 [99ec0913-bcd1-4774-8e53-643ce8734cf6@group-A8606B43266C-FollowerState] INFO  server.RaftServerConfigKeys (ConfUtils.java:logGet(44)) - raft.server.leaderelection.pre-vote = false (custom)
2022-02-04 13:00:38,594 [99ec0913-bcd1-4774-8e53-643ce8734cf6@group-A8606B43266C-FollowerState] INFO  impl.RoleInfo (RoleInfo.java:updateAndGet(130)) - 99ec0913-bcd1-4774-8e53-643ce8734cf6: start 99ec0913-bcd1-4774-8e53-643ce8734cf6@group-A8606B43266C-LeaderElection56
2022-02-04 13:00:38,598 [grpc-default-executor-3] INFO  server.RaftServer$Division (RaftServerImpl.java:requestVote(1046)) - 4dd803c0-ea86-48ec-b5c9-2601c1b23b4d@group-A8606B43266C: receive requestVote(ELECTION, cd33ab12-5c76-4090-ae9e-f8dc2a96321d, group-A8606B43266C, 11, (t:0, i:0))
2022-02-04 13:00:38,598 [grpc-default-executor-3] INFO  impl.VoteContext (VoteContext.java:log(48)) - 4dd803c0-ea86-48ec-b5c9-2601c1b23b4d@group-A8606B43266C-FOLLOWER: accept ELECTION from cd33ab12-5c76-4090-ae9e-f8dc2a96321d: our priority 0 <= candidate's priority 0
2022-02-04 13:00:38,598 [grpc-default-executor-3] INFO  server.RaftServer$Division (RaftServerImpl.java:setRole(290)) - 4dd803c0-ea86-48ec-b5c9-2601c1b23b4d@group-A8606B43266C: changes role from  FOLLOWER to FOLLOWER at term 11 for candidate:cd33ab12-5c76-4090-ae9e-f8dc2a96321d
2022-02-04 13:00:38,598 [grpc-default-executor-3] INFO  impl.RoleInfo (RoleInfo.java:shutdownFollowerState(108)) - 4dd803c0-ea86-48ec-b5c9-2601c1b23b4d: shutdown 4dd803c0-ea86-48ec-b5c9-2601c1b23b4d@group-A8606B43266C-FollowerState
2022-02-04 13:00:38,601 [grpc-default-executor-0] INFO  impl.VoteContext (VoteContext.java:log(48)) - 99ec0913-bcd1-4774-8e53-643ce8734cf6@group-A8606B43266C-CANDIDATE: reject ELECTION from cd33ab12-5c76-4090-ae9e-f8dc2a96321d: our priority 1 > candidate's priority 0
2022-02-04 13:00:38,601 [grpc-default-executor-0] INFO  server.RaftServer$Division (RaftServerImpl.java:setRole(290)) - 99ec0913-bcd1-4774-8e53-643ce8734cf6@group-A8606B43266C: changes role from CANDIDATE to FOLLOWER at term 11 for candidate:cd33ab12-5c76-4090-ae9e-f8dc2a96321d
2022-02-04 13:00:38,601 [grpc-default-executor-0] INFO  impl.RoleInfo (RoleInfo.java:shutdownLeaderElection(121)) - 99ec0913-bcd1-4774-8e53-643ce8734cf6: shutdown 99ec0913-bcd1-4774-8e53-643ce8734cf6@group-A8606B43266C-LeaderElection56
2022-02-04 13:00:38,601 [grpc-default-executor-0] INFO  impl.RoleInfo (RoleInfo.java:updateAndGet(130)) - 99ec0913-bcd1-4774-8e53-643ce8734cf6: start 99ec0913-bcd1-4774-8e53-643ce8734cf6@group-A8606B43266C-FollowerState
2022-02-04 13:00:38,602 [99ec0913-bcd1-4774-8e53-643ce8734cf6@group-A8606B43266C-LeaderElection56] INFO  impl.LeaderElection (LeaderElection.java:run(230)) - 99ec0913-bcd1-4774-8e53-643ce8734cf6@group-A8606B43266C-LeaderElection56: skip running since this is already CLOSING
2022-02-04 13:00:38,602 [grpc-default-executor-3] INFO  impl.RoleInfo (RoleInfo.java:updateAndGet(130)) - 4dd803c0-ea86-48ec-b5c9-2601c1b23b4d: start 4dd803c0-ea86-48ec-b5c9-2601c1b23b4d@group-A8606B43266C-FollowerState
2022-02-04 13:00:38,602 [4dd803c0-ea86-48ec-b5c9-2601c1b23b4d@group-A8606B43266C-FollowerState] INFO  impl.FollowerState (FollowerState.java:run(143)) - 4dd803c0-ea86-48ec-b5c9-2601c1b23b4d@group-A8606B43266C-FollowerState was interrupted: {}
java.lang.InterruptedException: sleep interrupted
	at java.lang.Thread.sleep(Native Method)
	at java.lang.Thread.sleep(Thread.java:340)
	at java.util.concurrent.TimeUnit.sleep(TimeUnit.java:386)
	at org.apache.ratis.util.TimeDuration.sleep(TimeDuration.java:324)
	at org.apache.ratis.util.TimeDuration.sleep(TimeDuration.java:309)
	at org.apache.ratis.server.impl.FollowerState.run(FollowerState.java:118)
2022-02-04 13:00:38,603 [grpc-default-executor-0] INFO  server.RaftServer$Division (RaftServerImpl.java:requestVote(1078)) - 99ec0913-bcd1-4774-8e53-643ce8734cf6@group-A8606B43266C replies to ELECTION vote request: cd33ab12-5c76-4090-ae9e-f8dc2a96321d<-99ec0913-bcd1-4774-8e53-643ce8734cf6#0:FAIL-t11. Peer's state: 99ec0913-bcd1-4774-8e53-643ce8734cf6@group-A8606B43266C:t11, leader=null, voted=null, raftlog=99ec0913-bcd1-4774-8e53-643ce8734cf6@group-A8606B43266C-SegmentedRaftLog:OPENED:c-1, conf=-1: [99ec0913-bcd1-4774-8e53-643ce8734cf6|rpc:10.1.0.52:38161|dataStream:|priority:1, 4dd803c0-ea86-48ec-b5c9-2601c1b23b4d|rpc:10.1.0.52:34153|dataStream:|priority:0, cd33ab12-5c76-4090-ae9e-f8dc2a96321d|rpc:10.1.0.52:40103|dataStream:|priority:0], old=null
2022-02-04 13:00:38,610 [cd33ab12-5c76-4090-ae9e-f8dc2a96321d@group-A8606B43266C-LeaderElection55] INFO  impl.LeaderElection (LeaderElection.java:logAndReturn(89)) - cd33ab12-5c76-4090-ae9e-f8dc2a96321d@group-A8606B43266C-LeaderElection55: ELECTION REJECTED received 1 response(s) and 0 exception(s):
2022-02-04 13:00:38,610 [cd33ab12-5c76-4090-ae9e-f8dc2a96321d@group-A8606B43266C-LeaderElection55] INFO  impl.LeaderElection (LeaderElection.java:logAndReturn(93)) -   Response 0: cd33ab12-5c76-4090-ae9e-f8dc2a96321d<-99ec0913-bcd1-4774-8e53-643ce8734cf6#0:FAIL-t11
2022-02-04 13:00:38,610 [cd33ab12-5c76-4090-ae9e-f8dc2a96321d@group-A8606B43266C-LeaderElection55] INFO  impl.LeaderElection (LeaderElection.java:askForVotes(308)) - cd33ab12-5c76-4090-ae9e-f8dc2a96321d@group-A8606B43266C-LeaderElection55 ELECTION round 0: result REJECTED
2022-02-04 13:00:38,610 [cd33ab12-5c76-4090-ae9e-f8dc2a96321d@group-A8606B43266C-LeaderElection55] INFO  server.RaftServer$Division (RaftServerImpl.java:setRole(290)) - cd33ab12-5c76-4090-ae9e-f8dc2a96321d@group-A8606B43266C: changes role from CANDIDATE to FOLLOWER at term 11 for REJECTED
2022-02-04 13:00:38,610 [cd33ab12-5c76-4090-ae9e-f8dc2a96321d@group-A8606B43266C-LeaderElection55] INFO  impl.RoleInfo (RoleInfo.java:shutdownLeaderElection(121)) - cd33ab12-5c76-4090-ae9e-f8dc2a96321d: shutdown cd33ab12-5c76-4090-ae9e-f8dc2a96321d@group-A8606B43266C-LeaderElection55
2022-02-04 13:00:38,610 [cd33ab12-5c76-4090-ae9e-f8dc2a96321d@group-A8606B43266C-LeaderElection55] INFO  impl.RoleInfo (RoleInfo.java:updateAndGet(130)) - cd33ab12-5c76-4090-ae9e-f8dc2a96321d: start cd33ab12-5c76-4090-ae9e-f8dc2a96321d@group-A8606B43266C-FollowerState
2022-02-04 13:00:38,610 [grpc-default-executor-3] INFO  server.RaftServer$Division (RaftServerImpl.java:requestVote(1078)) - 4dd803c0-ea86-48ec-b5c9-2601c1b23b4d@group-A8606B43266C replies to ELECTION vote request: cd33ab12-5c76-4090-ae9e-f8dc2a96321d<-4dd803c0-ea86-48ec-b5c9-2601c1b23b4d#0:OK-t11. Peer's state: 4dd803c0-ea86-48ec-b5c9-2601c1b23b4d@group-A8606B43266C:t11, leader=null, voted=cd33ab12-5c76-4090-ae9e-f8dc2a96321d, raftlog=4dd803c0-ea86-48ec-b5c9-2601c1b23b4d@group-A8606B43266C-SegmentedRaftLog:OPENED:c-1, conf=-1: [99ec0913-bcd1-4774-8e53-643ce8734cf6|rpc:10.1.0.52:38161|priority:1, 4dd803c0-ea86-48ec-b5c9-2601c1b23b4d|rpc:10.1.0.52:34153|priority:0, cd33ab12-5c76-4090-ae9e-f8dc2a96321d|rpc:10.1.0.52:40103|priority:0], old=null
2022-02-04 13:00:39,649 [Thread-974] INFO  upgrade.UpgradeFinalizer (SCMUpgradeFinalizer.java:postFinalizeUpgrade(116)) - Waiting for at least one open pipeline after SCM finalization.
2022-02-04 13:00:39,791 [Mini-Cluster-Provider-Reap] INFO  ozone.MiniOzoneClusterImpl (MiniOzoneClusterImpl.java:shutdown(437)) - Shutting down the Mini Ozone Cluster
2022-02-04 13:00:39,792 [Mini-Cluster-Provider-Reap] INFO  ozone.MiniOzoneClusterImpl (MiniOzoneClusterImpl.java:stop(452)) - Stopping the Mini Ozone Cluster
2022-02-04 13:00:39,792 [Mini-Cluster-Provider-Reap] INFO  ozone.MiniOzoneClusterImpl (MiniOzoneClusterImpl.java:stopOM(534)) - Stopping the OzoneManager
2022-02-04 13:00:39,792 [Mini-Cluster-Provider-Reap] INFO  om.OzoneManager (OzoneManager.java:stop(1893)) - om1[localhost:0]: Stopping Ozone Manager
2022-02-04 13:00:39,794 [Mini-Cluster-Provider-Reap] INFO  ipc.Server (Server.java:stop(3414)) - Stopping server on 44859
2022-02-04 13:00:39,796 [IPC Server listener on 0] INFO  ipc.Server (Server.java:run(1376)) - Stopping IPC Server listener on 0
2022-02-04 13:00:39,796 [IPC Server Responder] INFO  ipc.Server (Server.java:run(1512)) - Stopping IPC Server Responder
2022-02-04 13:00:39,797 [Mini-Cluster-Provider-Reap] INFO  server.RaftServer (RaftServerProxy.java:lambda$close$6(391)) - om1: close
2022-02-04 13:00:39,800 [Mini-Cluster-Provider-Reap] INFO  server.RaftServer$Division (RaftServerImpl.java:lambda$close$4(412)) - om1@group-C5BA1605619E: shutdown
2022-02-04 13:00:39,800 [Mini-Cluster-Provider-Reap] INFO  util.JmxRegister (JmxRegister.java:unregister(73)) - Successfully un-registered JMX Bean with object name Ratis:service=RaftServer,group=group-C5BA1605619E,id="om1"
2022-02-04 13:00:39,800 [Mini-Cluster-Provider-Reap] INFO  impl.RoleInfo (RoleInfo.java:shutdownLeaderState(91)) - om1: shutdown om1@group-C5BA1605619E-LeaderStateImpl
2022-02-04 13:00:39,800 [Mini-Cluster-Provider-Reap] INFO  impl.PendingRequests (PendingRequests.java:sendNotLeaderResponses(282)) - om1@group-C5BA1605619E-PendingRequests: sendNotLeaderResponses
2022-02-04 13:00:39,806 [Mini-Cluster-Provider-Reap] INFO  impl.StateMachineUpdater (StateMachineUpdater.java:stopAndJoin(149)) - om1@group-C5BA1605619E-StateMachineUpdater: set stopIndex = 8
2022-02-04 13:00:39,806 [om1@group-C5BA1605619E-StateMachineUpdater] INFO  ratis.OzoneManagerStateMachine (OzoneManagerStateMachine.java:takeSnapshot(417)) - Current Snapshot Index (t:1, i:8)
2022-02-04 13:00:39,806 [om1@group-C5BA1605619E-StateMachineUpdater] INFO  impl.StateMachineUpdater (StateMachineUpdater.java:takeSnapshot(281)) - om1@group-C5BA1605619E-StateMachineUpdater: Took a snapshot at index 8
2022-02-04 13:00:39,806 [om1@group-C5BA1605619E-StateMachineUpdater] INFO  impl.StateMachineUpdater (StateMachineUpdater.java:lambda$new$0(89)) - om1@group-C5BA1605619E-StateMachineUpdater: snapshotIndex: updateIncreasingly -1 -> 8
2022-02-04 13:00:39,806 [om1@group-C5BA1605619E-StateMachineUpdater] INFO  ratis.OzoneManagerStateMachine (OzoneManagerStateMachine.java:close(471)) - StateMachine has shutdown. Shutdown OzoneManager if not already shutdown.
2022-02-04 13:00:39,806 [Mini-Cluster-Provider-Reap] INFO  server.RaftServer$Division (ServerState.java:close(419)) - om1@group-C5BA1605619E: closes. applyIndex: 8
2022-02-04 13:00:39,807 [om1@group-C5BA1605619E-SegmentedRaftLogWorker] INFO  segmented.SegmentedRaftLogWorker (SegmentedRaftLogWorker.java:run(327)) - om1@group-C5BA1605619E-SegmentedRaftLogWorker was interrupted, exiting. There are 0 tasks remaining in the queue.
]]></system-out>
  </testcase>
  <testcase name="testAllDataNodeFailuresAfterScmPreFinalizeUpgrade" classname="org.apache.hadoop.hdds.upgrade.TestHDDSUpgrade" time="58.407"/>
  <testcase name="testAllDataNodeFailuresBeforeScmPreFinalizeUpgrade" classname="org.apache.hadoop.hdds.upgrade.TestHDDSUpgrade" time="58.539"/>
  <testcase name="testScmFailuresAfterScmCompleteFinalization" classname="org.apache.hadoop.hdds.upgrade.TestHDDSUpgrade" time="17.129"/>
  <testcase name="testScmFailuresBeforeScmPreFinalizeUpgrade" classname="org.apache.hadoop.hdds.upgrade.TestHDDSUpgrade" time="17.771"/>
  <testcase name="testDataNodeFailuresDuringDataNodeUpgrade" classname="org.apache.hadoop.hdds.upgrade.TestHDDSUpgrade" time="0">
    <skipped/>
  </testcase>
  <testcase name="testAllPossibleDataNodeFailuresAndSCMFailures" classname="org.apache.hadoop.hdds.upgrade.TestHDDSUpgrade" time="0">
    <skipped/>
  </testcase>
  <testcase name="testAllDataNodeFailuresAfterScmCompleteFinalization" classname="org.apache.hadoop.hdds.upgrade.TestHDDSUpgrade" time="54.367"/>
  <testcase name="testAllDataNodeFailuresAfterScmPostFinalizeUpgrade" classname="org.apache.hadoop.hdds.upgrade.TestHDDSUpgrade" time="50.967"/>
  <testcase name="testFinalizationFromInitialVersionToLatestVersion" classname="org.apache.hadoop.hdds.upgrade.TestHDDSUpgrade" time="51.267"/>
</testsuite>