<?xml version="1.0" encoding="UTF-8"?>
<testsuite xmlns:xsi="http://www.w3.org/2001/XMLSchema-instance" xsi:noNamespaceSchemaLocation="https://maven.apache.org/surefire/maven-surefire-plugin/xsd/surefire-test-report.xsd" name="org.apache.hadoop.ozone.client.rpc.TestWatchForCommit" time="214.064" tests="4" errors="1" skipped="0" failures="0">
  <properties>
    <property name="awt.toolkit" value="sun.awt.X11.XToolkit"/>
    <property name="file.encoding.pkg" value="sun.io"/>
    <property name="java.specification.version" value="1.8"/>
    <property name="sun.cpu.isalist" value=""/>
    <property name="sun.jnu.encoding" value="ANSI_X3.4-1968"/>
    <property name="java.class.path" value="/github/workspace/mnt/ozone/hadoop-ozone/integration-test/target/test-classes:/github/workspace/mnt/ozone/hadoop-ozone/integration-test/target/classes:/home/user/.m2/repository/org/apache/hadoop/hadoop-ozone-common/0.6.0-SNAPSHOT/hadoop-ozone-common-0.6.0-SNAPSHOT.jar:/home/user/.m2/repository/org/apache/commons/commons-compress/1.4.1/commons-compress-1.4.1.jar:/home/user/.m2/repository/org/tukaani/xz/1.0/xz-1.0.jar:/home/user/.m2/repository/org/apache/hadoop/hadoop-hdds-common/0.6.0-SNAPSHOT/hadoop-hdds-common-0.6.0-SNAPSHOT.jar:/home/user/.m2/repository/org/apache/hadoop/hadoop-hdds-hadoop-dependency-client/0.6.0-SNAPSHOT/hadoop-hdds-hadoop-dependency-client-0.6.0-SNAPSHOT.jar:/home/user/.m2/repository/info/picocli/picocli/3.9.6/picocli-3.9.6.jar:/home/user/.m2/repository/com/fasterxml/jackson/core/jackson-annotations/2.10.3/jackson-annotations-2.10.3.jar:/home/user/.m2/repository/javax/annotation/javax.annotation-api/1.2/javax.annotation-api-1.2.jar:/home/user/.m2/repository/org/apache/ratis/ratis-server/0.6.0-6ab75ae-SNAPSHOT/ratis-server-0.6.0-6ab75ae-SNAPSHOT.jar:/home/user/.m2/repository/org/apache/ratis/ratis-client/0.6.0-6ab75ae-SNAPSHOT/ratis-client-0.6.0-6ab75ae-SNAPSHOT.jar:/home/user/.m2/repository/org/apache/ratis/ratis-metrics/0.6.0-6ab75ae-SNAPSHOT/ratis-metrics-0.6.0-6ab75ae-SNAPSHOT.jar:/home/user/.m2/repository/org/apache/ratis/ratis-netty/0.6.0-6ab75ae-SNAPSHOT/ratis-netty-0.6.0-6ab75ae-SNAPSHOT.jar:/home/user/.m2/repository/org/apache/ratis/ratis-grpc/0.6.0-6ab75ae-SNAPSHOT/ratis-grpc-0.6.0-6ab75ae-SNAPSHOT.jar:/home/user/.m2/repository/org/apache/logging/log4j/log4j-api/2.11.0/log4j-api-2.11.0.jar:/home/user/.m2/repository/org/apache/logging/log4j/log4j-core/2.11.0/log4j-core-2.11.0.jar:/home/user/.m2/repository/com/lmax/disruptor/3.4.2/disruptor-3.4.2.jar:/home/user/.m2/repository/org/apache/commons/commons-pool2/2.6.0/commons-pool2-2.6.0.jar:/home/user/.m2/repository/org/bouncycastle/bcpkix-jdk15on/1.60/bcpkix-jdk15on-1.60.jar:/home/user/.m2/repository/commons-validator/commons-validator/1.6/commons-validator-1.6.jar:/home/user/.m2/repository/commons-digester/commons-digester/1.8.1/commons-digester-1.8.1.jar:/home/user/.m2/repository/io/jaegertracing/jaeger-client/1.2.0/jaeger-client-1.2.0.jar:/home/user/.m2/repository/io/jaegertracing/jaeger-thrift/1.2.0/jaeger-thrift-1.2.0.jar:/home/user/.m2/repository/org/apache/thrift/libthrift/0.13.0/libthrift-0.13.0.jar:/home/user/.m2/repository/com/squareup/okhttp3/okhttp/4.2.2/okhttp-4.2.2.jar:/home/user/.m2/repository/com/squareup/okio/okio/2.2.2/okio-2.2.2.jar:/home/user/.m2/repository/org/jetbrains/kotlin/kotlin-stdlib/1.3.50/kotlin-stdlib-1.3.50.jar:/home/user/.m2/repository/org/jetbrains/kotlin/kotlin-stdlib-common/1.3.50/kotlin-stdlib-common-1.3.50.jar:/home/user/.m2/repository/org/jetbrains/annotations/13.0/annotations-13.0.jar:/home/user/.m2/repository/io/jaegertracing/jaeger-core/1.2.0/jaeger-core-1.2.0.jar:/home/user/.m2/repository/io/jaegertracing/jaeger-tracerresolver/1.2.0/jaeger-tracerresolver-1.2.0.jar:/home/user/.m2/repository/io/opentracing/contrib/opentracing-tracerresolver/0.1.8/opentracing-tracerresolver-0.1.8.jar:/home/user/.m2/repository/io/opentracing/opentracing-util/0.33.0/opentracing-util-0.33.0.jar:/home/user/.m2/repository/io/opentracing/opentracing-api/0.33.0/opentracing-api-0.33.0.jar:/home/user/.m2/repository/io/opentracing/opentracing-noop/0.33.0/opentracing-noop-0.33.0.jar:/home/user/.m2/repository/org/apache/hadoop/hadoop-hdds-client/0.6.0-SNAPSHOT/hadoop-hdds-client-0.6.0-SNAPSHOT.jar:/home/user/.m2/repository/org/apache/hadoop/hadoop-ozone-interface-client/0.6.0-SNAPSHOT/hadoop-ozone-interface-client-0.6.0-SNAPSHOT.jar:/home/user/.m2/repository/org/apache/hadoop/hadoop-hdds-test-utils/0.6.0-SNAPSHOT/hadoop-hdds-test-utils-0.6.0-SNAPSHOT.jar:/home/user/.m2/repository/com/google/guava/guava/28.2-jre/guava-28.2-jre.jar:/home/user/.m2/repository/com/google/guava/failureaccess/1.0.1/failureaccess-1.0.1.jar:/home/user/.m2/repository/com/google/guava/listenablefuture/9999.0-empty-to-avoid-conflict-with-guava/listenablefuture-9999.0-empty-to-avoid-conflict-with-guava.jar:/home/user/.m2/repository/com/google/code/findbugs/jsr305/3.0.0/jsr305-3.0.0.jar:/home/user/.m2/repository/org/checkerframework/checker-qual/2.10.0/checker-qual-2.10.0.jar:/home/user/.m2/repository/com/google/errorprone/error_prone_annotations/2.2.0/error_prone_annotations-2.2.0.jar:/home/user/.m2/repository/com/google/j2objc/j2objc-annotations/1.3/j2objc-annotations-1.3.jar:/home/user/.m2/repository/commons-io/commons-io/2.5/commons-io-2.5.jar:/home/user/.m2/repository/commons-logging/commons-logging/1.2/commons-logging-1.2.jar:/home/user/.m2/repository/log4j/log4j/1.2.17/log4j-1.2.17.jar:/home/user/.m2/repository/org/slf4j/slf4j-api/1.7.25/slf4j-api-1.7.25.jar:/home/user/.m2/repository/org/apache/hadoop/hadoop-hdds-server-scm/0.6.0-SNAPSHOT/hadoop-hdds-server-scm-0.6.0-SNAPSHOT.jar:/home/user/.m2/repository/org/apache/hadoop/hadoop-hdds-container-service/0.6.0-SNAPSHOT/hadoop-hdds-container-service-0.6.0-SNAPSHOT.jar:/home/user/.m2/repository/org/apache/hadoop/hadoop-hdds-hadoop-dependency-server/0.6.0-SNAPSHOT/hadoop-hdds-hadoop-dependency-server-0.6.0-SNAPSHOT.jar:/home/user/.m2/repository/org/apache/hadoop/hadoop-hdds-server-framework/0.6.0-SNAPSHOT/hadoop-hdds-server-framework-0.6.0-SNAPSHOT.jar:/home/user/.m2/repository/org/apache/hadoop/hadoop-hdds-interface-server/0.6.0-SNAPSHOT/hadoop-hdds-interface-server-0.6.0-SNAPSHOT.jar:/home/user/.m2/repository/org/apache/hadoop/hadoop-hdds-interface-admin/0.6.0-SNAPSHOT/hadoop-hdds-interface-admin-0.6.0-SNAPSHOT.jar:/home/user/.m2/repository/org/rocksdb/rocksdbjni/6.8.1/rocksdbjni-6.8.1.jar:/home/user/.m2/repository/io/prometheus/simpleclient_dropwizard/0.7.0/simpleclient_dropwizard-0.7.0.jar:/home/user/.m2/repository/io/prometheus/simpleclient/0.7.0/simpleclient-0.7.0.jar:/home/user/.m2/repository/io/prometheus/simpleclient_common/0.7.0/simpleclient_common-0.7.0.jar:/home/user/.m2/repository/com/fasterxml/jackson/datatype/jackson-datatype-jsr310/2.10.3/jackson-datatype-jsr310-2.10.3.jar:/home/user/.m2/repository/org/apache/hadoop/hadoop-hdds-docs/0.6.0-SNAPSHOT/hadoop-hdds-docs-0.6.0-SNAPSHOT.jar:/home/user/.m2/repository/io/dropwizard/metrics/metrics-core/3.2.4/metrics-core-3.2.4.jar:/home/user/.m2/repository/org/apache/hadoop/hadoop-hdfs-client/3.2.1/hadoop-hdfs-client-3.2.1.jar:/home/user/.m2/repository/org/bouncycastle/bcprov-jdk15on/1.60/bcprov-jdk15on-1.60.jar:/home/user/.m2/repository/org/apache/hadoop/hadoop-ozone-ozone-manager/0.6.0-SNAPSHOT/hadoop-ozone-ozone-manager-0.6.0-SNAPSHOT.jar:/home/user/.m2/repository/org/apache/hadoop/hadoop-hdds-interface-client/0.6.0-SNAPSHOT/hadoop-hdds-interface-client-0.6.0-SNAPSHOT.jar:/home/user/.m2/repository/org/apache/ratis/ratis-thirdparty-misc/0.4.0/ratis-thirdparty-misc-0.4.0.jar:/home/user/.m2/repository/org/apache/hadoop/hadoop-minikdc/3.2.1/hadoop-minikdc-3.2.1.jar:/home/user/.m2/repository/org/apache/kerby/kerb-simplekdc/1.0.1/kerb-simplekdc-1.0.1.jar:/home/user/.m2/repository/org/apache/kerby/kerb-client/1.0.1/kerb-client-1.0.1.jar:/home/user/.m2/repository/org/apache/kerby/kerby-config/1.0.1/kerby-config-1.0.1.jar:/home/user/.m2/repository/org/apache/kerby/kerb-core/1.0.1/kerb-core-1.0.1.jar:/home/user/.m2/repository/org/apache/kerby/kerby-pkix/1.0.1/kerby-pkix-1.0.1.jar:/home/user/.m2/repository/org/apache/kerby/kerby-asn1/1.0.1/kerby-asn1-1.0.1.jar:/home/user/.m2/repository/org/apache/kerby/kerby-util/1.0.1/kerby-util-1.0.1.jar:/home/user/.m2/repository/org/apache/kerby/kerb-common/1.0.1/kerb-common-1.0.1.jar:/home/user/.m2/repository/org/apache/kerby/kerb-crypto/1.0.1/kerb-crypto-1.0.1.jar:/home/user/.m2/repository/org/apache/kerby/kerb-util/1.0.1/kerb-util-1.0.1.jar:/home/user/.m2/repository/org/apache/kerby/token-provider/1.0.1/token-provider-1.0.1.jar:/home/user/.m2/repository/org/apache/kerby/kerb-admin/1.0.1/kerb-admin-1.0.1.jar:/home/user/.m2/repository/org/apache/kerby/kerb-server/1.0.1/kerb-server-1.0.1.jar:/home/user/.m2/repository/org/apache/kerby/kerb-identity/1.0.1/kerb-identity-1.0.1.jar:/home/user/.m2/repository/org/apache/kerby/kerby-xdr/1.0.1/kerby-xdr-1.0.1.jar:/home/user/.m2/repository/org/slf4j/slf4j-log4j12/1.7.25/slf4j-log4j12-1.7.25.jar:/home/user/.m2/repository/org/apache/hadoop/hadoop-ozone-s3gateway/0.6.0-SNAPSHOT/hadoop-ozone-s3gateway-0.6.0-SNAPSHOT.jar:/home/user/.m2/repository/org/jboss/weld/servlet/weld-servlet/2.4.7.Final/weld-servlet-2.4.7.Final.jar:/home/user/.m2/repository/org/glassfish/jersey/containers/jersey-container-servlet-core/2.27/jersey-container-servlet-core-2.27.jar:/home/user/.m2/repository/org/glassfish/hk2/external/javax.inject/2.5.0-b42/javax.inject-2.5.0-b42.jar:/home/user/.m2/repository/org/glassfish/jersey/core/jersey-common/2.27/jersey-common-2.27.jar:/home/user/.m2/repository/org/glassfish/hk2/osgi-resource-locator/1.0.1/osgi-resource-locator-1.0.1.jar:/home/user/.m2/repository/javax/ws/rs/javax.ws.rs-api/2.1/javax.ws.rs-api-2.1.jar:/home/user/.m2/repository/org/glassfish/jersey/ext/cdi/jersey-cdi1x/2.27/jersey-cdi1x-2.27.jar:/home/user/.m2/repository/org/glassfish/jersey/inject/jersey-hk2/2.27/jersey-hk2-2.27.jar:/home/user/.m2/repository/org/glassfish/hk2/hk2-locator/2.5.0-b42/hk2-locator-2.5.0-b42.jar:/home/user/.m2/repository/org/javassist/javassist/3.22.0-CR2/javassist-3.22.0-CR2.jar:/home/user/.m2/repository/org/glassfish/hk2/hk2-api/2.5.0/hk2-api-2.5.0.jar:/home/user/.m2/repository/org/glassfish/hk2/external/jakarta.inject/2.5.0/jakarta.inject-2.5.0.jar:/home/user/.m2/repository/org/glassfish/hk2/hk2-utils/2.5.0/hk2-utils-2.5.0.jar:/home/user/.m2/repository/jakarta/annotation/jakarta.annotation-api/1.3.4/jakarta.annotation-api-1.3.4.jar:/home/user/.m2/repository/org/glassfish/hk2/external/aopalliance-repackaged/2.5.0/aopalliance-repackaged-2.5.0.jar:/home/user/.m2/repository/com/fasterxml/jackson/dataformat/jackson-dataformat-xml/2.10.3/jackson-dataformat-xml-2.10.3.jar:/home/user/.m2/repository/com/fasterxml/jackson/core/jackson-core/2.10.3/jackson-core-2.10.3.jar:/home/user/.m2/repository/com/fasterxml/jackson/module/jackson-module-jaxb-annotations/2.10.3/jackson-module-jaxb-annotations-2.10.3.jar:/home/user/.m2/repository/jakarta/xml/bind/jakarta.xml.bind-api/2.3.2/jakarta.xml.bind-api-2.3.2.jar:/home/user/.m2/repository/jakarta/activation/jakarta.activation-api/1.2.1/jakarta.activation-api-1.2.1.jar:/home/user/.m2/repository/org/codehaus/woodstox/stax2-api/3.1.4/stax2-api-3.1.4.jar:/home/user/.m2/repository/com/fasterxml/woodstox/woodstox-core/5.0.3/woodstox-core-5.0.3.jar:/home/user/.m2/repository/javax/enterprise/cdi-api/1.2/cdi-api-1.2.jar:/home/user/.m2/repository/javax/el/javax.el-api/3.0.0/javax.el-api-3.0.0.jar:/home/user/.m2/repository/javax/interceptor/javax.interceptor-api/1.2/javax.interceptor-api-1.2.jar:/home/user/.m2/repository/javax/inject/javax.inject/1/javax.inject-1.jar:/home/user/.m2/repository/com/sun/xml/bind/jaxb-impl/2.3.0.1/jaxb-impl-2.3.0.1.jar:/home/user/.m2/repository/com/sun/xml/bind/jaxb-core/2.3.0.1/jaxb-core-2.3.0.1.jar:/home/user/.m2/repository/javax/xml/bind/jaxb-api/2.3.0/jaxb-api-2.3.0.jar:/home/user/.m2/repository/javax/activation/activation/1.1.1/activation-1.1.1.jar:/home/user/.m2/repository/org/apache/hadoop/hadoop-ozone-csi/0.6.0-SNAPSHOT/hadoop-ozone-csi-0.6.0-SNAPSHOT.jar:/home/user/.m2/repository/com/google/protobuf/protobuf-java-util/3.11.0/protobuf-java-util-3.11.0.jar:/home/user/.m2/repository/com/google/code/gson/gson/2.2.4/gson-2.2.4.jar:/home/user/.m2/repository/org/apache/hadoop/hadoop-hdds-config/0.6.0-SNAPSHOT/hadoop-hdds-config-0.6.0-SNAPSHOT.jar:/home/user/.m2/repository/com/google/protobuf/protobuf-java/2.5.0/protobuf-java-2.5.0.jar:/home/user/.m2/repository/io/grpc/grpc-netty/1.29.0/grpc-netty-1.29.0.jar:/home/user/.m2/repository/io/grpc/grpc-core/1.29.0/grpc-core-1.29.0.jar:/home/user/.m2/repository/com/google/android/annotations/4.1.1.4/annotations-4.1.1.4.jar:/home/user/.m2/repository/io/perfmark/perfmark-api/0.19.0/perfmark-api-0.19.0.jar:/home/user/.m2/repository/io/netty/netty-codec-http2/4.1.48.Final/netty-codec-http2-4.1.48.Final.jar:/home/user/.m2/repository/io/netty/netty-codec/4.1.48.Final/netty-codec-4.1.48.Final.jar:/home/user/.m2/repository/io/netty/netty-handler/4.1.48.Final/netty-handler-4.1.48.Final.jar:/home/user/.m2/repository/io/netty/netty-codec-http/4.1.48.Final/netty-codec-http-4.1.48.Final.jar:/home/user/.m2/repository/io/netty/netty-handler-proxy/4.1.48.Final/netty-handler-proxy-4.1.48.Final.jar:/home/user/.m2/repository/io/netty/netty-codec-socks/4.1.48.Final/netty-codec-socks-4.1.48.Final.jar:/home/user/.m2/repository/io/netty/netty-transport-native-epoll/4.1.48.Final/netty-transport-native-epoll-4.1.48.Final.jar:/home/user/.m2/repository/io/netty/netty-common/4.1.48.Final/netty-common-4.1.48.Final.jar:/home/user/.m2/repository/io/netty/netty-buffer/4.1.48.Final/netty-buffer-4.1.48.Final.jar:/home/user/.m2/repository/io/netty/netty-transport/4.1.48.Final/netty-transport-4.1.48.Final.jar:/home/user/.m2/repository/io/netty/netty-resolver/4.1.48.Final/netty-resolver-4.1.48.Final.jar:/home/user/.m2/repository/io/netty/netty-transport-native-unix-common/4.1.48.Final/netty-transport-native-unix-common-4.1.48.Final.jar:/home/user/.m2/repository/io/grpc/grpc-protobuf/1.29.0/grpc-protobuf-1.29.0.jar:/home/user/.m2/repository/io/grpc/grpc-api/1.29.0/grpc-api-1.29.0.jar:/home/user/.m2/repository/io/grpc/grpc-context/1.29.0/grpc-context-1.29.0.jar:/home/user/.m2/repository/org/codehaus/mojo/animal-sniffer-annotations/1.18/animal-sniffer-annotations-1.18.jar:/home/user/.m2/repository/com/google/api/grpc/proto-google-common-protos/1.17.0/proto-google-common-protos-1.17.0.jar:/home/user/.m2/repository/io/grpc/grpc-protobuf-lite/1.29.0/grpc-protobuf-lite-1.29.0.jar:/home/user/.m2/repository/io/grpc/grpc-stub/1.29.0/grpc-stub-1.29.0.jar:/home/user/.m2/repository/org/apache/hadoop/hadoop-ozone-recon/0.6.0-SNAPSHOT/hadoop-ozone-recon-0.6.0-SNAPSHOT.jar:/home/user/.m2/repository/org/apache/hadoop/hadoop-ozone-reconcodegen/0.6.0-SNAPSHOT/hadoop-ozone-reconcodegen-0.6.0-SNAPSHOT.jar:/home/user/.m2/repository/com/google/inject/extensions/guice-multibindings/4.0/guice-multibindings-4.0.jar:/home/user/.m2/repository/com/google/inject/guice/4.0/guice-4.0.jar:/home/user/.m2/repository/aopalliance/aopalliance/1.0/aopalliance-1.0.jar:/home/user/.m2/repository/com/google/inject/extensions/guice-assistedinject/4.0/guice-assistedinject-4.0.jar:/home/user/.m2/repository/com/google/inject/extensions/guice-servlet/4.0/guice-servlet-4.0.jar:/home/user/.m2/repository/org/glassfish/jersey/containers/jersey-container-servlet/2.27/jersey-container-servlet-2.27.jar:/home/user/.m2/repository/org/glassfish/hk2/guice-bridge/2.5.0/guice-bridge-2.5.0.jar:/home/user/.m2/repository/org/glassfish/jersey/core/jersey-server/2.27/jersey-server-2.27.jar:/home/user/.m2/repository/org/glassfish/jersey/core/jersey-client/2.27/jersey-client-2.27.jar:/home/user/.m2/repository/org/glassfish/jersey/media/jersey-media-jaxb/2.27/jersey-media-jaxb-2.27.jar:/home/user/.m2/repository/javax/validation/validation-api/1.1.0.Final/validation-api-1.1.0.Final.jar:/home/user/.m2/repository/org/glassfish/jersey/media/jersey-media-json-jackson/2.27/jersey-media-json-jackson-2.27.jar:/home/user/.m2/repository/org/glassfish/jersey/ext/jersey-entity-filtering/2.27/jersey-entity-filtering-2.27.jar:/home/user/.m2/repository/org/jooq/jooq/3.11.10/jooq-3.11.10.jar:/home/user/.m2/repository/org/jooq/jooq-meta/3.11.10/jooq-meta-3.11.10.jar:/home/user/.m2/repository/org/jooq/jooq-codegen/3.11.10/jooq-codegen-3.11.10.jar:/home/user/.m2/repository/com/jolbox/bonecp/0.8.0.RELEASE/bonecp-0.8.0.RELEASE.jar:/home/user/.m2/repository/org/apache/derby/derby/10.14.2.0/derby-10.14.2.0.jar:/home/user/.m2/repository/org/xerial/sqlite-jdbc/3.25.2/sqlite-jdbc-3.25.2.jar:/home/user/.m2/repository/org/springframework/spring-jdbc/5.2.5.RELEASE/spring-jdbc-5.2.5.RELEASE.jar:/home/user/.m2/repository/org/springframework/spring-beans/5.2.5.RELEASE/spring-beans-5.2.5.RELEASE.jar:/home/user/.m2/repository/org/springframework/spring-core/5.2.5.RELEASE/spring-core-5.2.5.RELEASE.jar:/home/user/.m2/repository/org/springframework/spring-jcl/5.2.5.RELEASE/spring-jcl-5.2.5.RELEASE.jar:/home/user/.m2/repository/org/springframework/spring-tx/5.2.5.RELEASE/spring-tx-5.2.5.RELEASE.jar:/home/user/.m2/repository/org/apache/hadoop/hadoop-ozone-client/0.6.0-SNAPSHOT/hadoop-ozone-client-0.6.0-SNAPSHOT.jar:/home/user/.m2/repository/org/apache/hadoop/hadoop-ozone-filesystem/0.6.0-SNAPSHOT/hadoop-ozone-filesystem-0.6.0-SNAPSHOT.jar:/home/user/.m2/repository/org/apache/hadoop/hadoop-ozone-filesystem-common/0.6.0-SNAPSHOT/hadoop-ozone-filesystem-common-0.6.0-SNAPSHOT.jar:/home/user/.m2/repository/org/apache/hadoop/hadoop-ozone-tools/0.6.0-SNAPSHOT/hadoop-ozone-tools-0.6.0-SNAPSHOT.jar:/home/user/.m2/repository/org/apache/hadoop/hadoop-hdfs/3.2.1/hadoop-hdfs-3.2.1.jar:/home/user/.m2/repository/org/apache/ratis/ratis-tools/0.6.0-6ab75ae-SNAPSHOT/ratis-tools-0.6.0-6ab75ae-SNAPSHOT.jar:/home/user/.m2/repository/org/apache/ratis/ratis-proto/0.6.0-6ab75ae-SNAPSHOT/ratis-proto-0.6.0-6ab75ae-SNAPSHOT.jar:/home/user/.m2/repository/org/apache/ratis/ratis-common/0.6.0-6ab75ae-SNAPSHOT/ratis-common-0.6.0-6ab75ae-SNAPSHOT.jar:/home/user/.m2/repository/com/amazonaws/aws-java-sdk-core/1.11.615/aws-java-sdk-core-1.11.615.jar:/home/user/.m2/repository/org/apache/httpcomponents/httpclient/4.5.2/httpclient-4.5.2.jar:/home/user/.m2/repository/org/apache/httpcomponents/httpcore/4.4.4/httpcore-4.4.4.jar:/home/user/.m2/repository/software/amazon/ion/ion-java/1.0.2/ion-java-1.0.2.jar:/home/user/.m2/repository/com/fasterxml/jackson/dataformat/jackson-dataformat-cbor/2.10.3/jackson-dataformat-cbor-2.10.3.jar:/home/user/.m2/repository/joda-time/joda-time/2.8.1/joda-time-2.8.1.jar:/home/user/.m2/repository/com/amazonaws/aws-java-sdk-s3/1.11.615/aws-java-sdk-s3-1.11.615.jar:/home/user/.m2/repository/com/amazonaws/aws-java-sdk-kms/1.11.615/aws-java-sdk-kms-1.11.615.jar:/home/user/.m2/repository/com/amazonaws/jmespath-java/1.11.615/jmespath-java-1.11.615.jar:/home/user/.m2/repository/org/apache/hadoop/hadoop-hdds-tools/0.6.0-SNAPSHOT/hadoop-hdds-tools-0.6.0-SNAPSHOT.jar:/home/user/.m2/repository/commons-cli/commons-cli/1.2/commons-cli-1.2.jar:/home/user/.m2/repository/org/apache/commons/commons-lang3/3.7/commons-lang3-3.7.jar:/home/user/.m2/repository/org/apache/hadoop/hadoop-ozone-ozone-manager/0.6.0-SNAPSHOT/hadoop-ozone-ozone-manager-0.6.0-SNAPSHOT-tests.jar:/home/user/.m2/repository/junit/junit/4.11/junit-4.11.jar:/home/user/.m2/repository/org/hamcrest/hamcrest-core/1.3/hamcrest-core-1.3.jar:/home/user/.m2/repository/org/openjdk/jmh/jmh-core/1.19/jmh-core-1.19.jar:/home/user/.m2/repository/net/sf/jopt-simple/jopt-simple/4.6/jopt-simple-4.6.jar:/home/user/.m2/repository/org/apache/commons/commons-math3/3.1.1/commons-math3-3.1.1.jar:/home/user/.m2/repository/org/openjdk/jmh/jmh-generator-annprocess/1.19/jmh-generator-annprocess-1.19.jar:/home/user/.m2/repository/org/mockito/mockito-all/1.8.5/mockito-all-1.8.5.jar:/home/user/.m2/repository/org/apache/hadoop/hadoop-kms/3.2.1/hadoop-kms-3.2.1.jar:/home/user/.m2/repository/org/apache/hadoop/hadoop-auth/3.2.1/hadoop-auth-3.2.1.jar:/home/user/.m2/repository/com/nimbusds/nimbus-jose-jwt/7.9/nimbus-jose-jwt-7.9.jar:/home/user/.m2/repository/com/github/stephenc/jcip/jcip-annotations/1.0-1/jcip-annotations-1.0-1.jar:/home/user/.m2/repository/net/minidev/json-smart/2.3/json-smart-2.3.jar:/home/user/.m2/repository/net/minidev/accessors-smart/1.2/accessors-smart-1.2.jar:/home/user/.m2/repository/org/ow2/asm/asm/5.0.4/asm-5.0.4.jar:/home/user/.m2/repository/org/apache/zookeeper/zookeeper/3.4.13/zookeeper-3.4.13.jar:/home/user/.m2/repository/org/apache/yetus/audience-annotations/0.5.0/audience-annotations-0.5.0.jar:/home/user/.m2/repository/org/apache/curator/curator-framework/2.13.0/curator-framework-2.13.0.jar:/home/user/.m2/repository/com/sun/jersey/jersey-core/1.19/jersey-core-1.19.jar:/home/user/.m2/repository/javax/ws/rs/jsr311-api/1.1.1/jsr311-api-1.1.1.jar:/home/user/.m2/repository/com/sun/jersey/jersey-server/1.19/jersey-server-1.19.jar:/home/user/.m2/repository/javax/servlet/javax.servlet-api/3.1.0/javax.servlet-api-3.1.0.jar:/home/user/.m2/repository/org/eclipse/jetty/jetty-server/9.4.26.v20200117/jetty-server-9.4.26.v20200117.jar:/home/user/.m2/repository/org/eclipse/jetty/jetty-http/9.4.26.v20200117/jetty-http-9.4.26.v20200117.jar:/home/user/.m2/repository/org/eclipse/jetty/jetty-io/9.4.26.v20200117/jetty-io-9.4.26.v20200117.jar:/home/user/.m2/repository/org/eclipse/jetty/jetty-webapp/9.4.26.v20200117/jetty-webapp-9.4.26.v20200117.jar:/home/user/.m2/repository/org/eclipse/jetty/jetty-xml/9.4.26.v20200117/jetty-xml-9.4.26.v20200117.jar:/home/user/.m2/repository/org/eclipse/jetty/jetty-servlet/9.4.26.v20200117/jetty-servlet-9.4.26.v20200117.jar:/home/user/.m2/repository/org/eclipse/jetty/jetty-security/9.4.26.v20200117/jetty-security-9.4.26.v20200117.jar:/home/user/.m2/repository/org/apache/hadoop/hadoop-common/3.2.1/hadoop-common-3.2.1.jar:/home/user/.m2/repository/commons-net/commons-net/3.6/commons-net-3.6.jar:/home/user/.m2/repository/commons-collections/commons-collections/3.2.2/commons-collections-3.2.2.jar:/home/user/.m2/repository/com/sun/jersey/jersey-servlet/1.19/jersey-servlet-1.19.jar:/home/user/.m2/repository/com/sun/jersey/jersey-json/1.19/jersey-json-1.19.jar:/home/user/.m2/repository/org/codehaus/jettison/jettison/1.1/jettison-1.1.jar:/home/user/.m2/repository/org/codehaus/jackson/jackson-jaxrs/1.9.2/jackson-jaxrs-1.9.2.jar:/home/user/.m2/repository/org/codehaus/jackson/jackson-xc/1.9.2/jackson-xc-1.9.2.jar:/home/user/.m2/repository/commons-beanutils/commons-beanutils/1.9.4/commons-beanutils-1.9.4.jar:/home/user/.m2/repository/org/apache/commons/commons-configuration2/2.1.1/commons-configuration2-2.1.1.jar:/home/user/.m2/repository/org/apache/commons/commons-text/1.4/commons-text-1.4.jar:/home/user/.m2/repository/com/google/re2j/re2j/1.1/re2j-1.1.jar:/home/user/.m2/repository/com/jcraft/jsch/0.1.54/jsch-0.1.54.jar:/home/user/.m2/repository/org/apache/curator/curator-client/2.13.0/curator-client-2.13.0.jar:/home/user/.m2/repository/org/apache/curator/curator-recipes/2.13.0/curator-recipes-2.13.0.jar:/home/user/.m2/repository/dnsjava/dnsjava/2.1.7/dnsjava-2.1.7.jar:/home/user/.m2/repository/org/slf4j/jul-to-slf4j/1.7.25/jul-to-slf4j-1.7.25.jar:/home/user/.m2/repository/org/eclipse/jetty/jetty-util/9.4.26.v20200117/jetty-util-9.4.26.v20200117.jar:/home/user/.m2/repository/com/fasterxml/jackson/core/jackson-databind/2.10.3/jackson-databind-2.10.3.jar:/home/user/.m2/repository/org/apache/hadoop/hadoop-kms/3.2.1/hadoop-kms-3.2.1-tests.jar:/home/user/.m2/repository/org/apache/hadoop/hadoop-hdds-server-scm/0.6.0-SNAPSHOT/hadoop-hdds-server-scm-0.6.0-SNAPSHOT-tests.jar:/home/user/.m2/repository/org/apache/hadoop/hadoop-hdds-container-service/0.6.0-SNAPSHOT/hadoop-hdds-container-service-0.6.0-SNAPSHOT-tests.jar:/home/user/.m2/repository/org/apache/hadoop/hadoop-hdds-common/0.6.0-SNAPSHOT/hadoop-hdds-common-0.6.0-SNAPSHOT-tests.jar:/home/user/.m2/repository/org/yaml/snakeyaml/1.16/snakeyaml-1.16.jar:/home/user/.m2/repository/org/apache/hadoop/hadoop-hdds-hadoop-dependency-test/0.6.0-SNAPSHOT/hadoop-hdds-hadoop-dependency-test-0.6.0-SNAPSHOT.jar:/home/user/.m2/repository/org/apache/hadoop/hadoop-common/3.2.1/hadoop-common-3.2.1-tests.jar:/home/user/.m2/repository/javax/servlet/jsp/jsp-api/2.1/jsp-api-2.1.jar:/home/user/.m2/repository/org/apache/hadoop/hadoop-hdfs/3.2.1/hadoop-hdfs-3.2.1-tests.jar:/home/user/.m2/repository/org/eclipse/jetty/jetty-util-ajax/9.4.26.v20200117/jetty-util-ajax-9.4.26.v20200117.jar:/home/user/.m2/repository/commons-codec/commons-codec/1.11/commons-codec-1.11.jar:/home/user/.m2/repository/commons-daemon/commons-daemon/1.0.13/commons-daemon-1.0.13.jar:/home/user/.m2/repository/io/netty/netty/3.10.5.Final/netty-3.10.5.Final.jar:/home/user/.m2/repository/io/netty/netty-all/4.1.48.Final/netty-all-4.1.48.Final.jar:/home/user/.m2/repository/org/apache/htrace/htrace-core4/4.1.0-incubating/htrace-core4-4.1.0-incubating.jar:/home/user/.m2/repository/org/fusesource/leveldbjni/leveldbjni-all/1.8/leveldbjni-all-1.8.jar:/home/user/.m2/repository/org/apache/hadoop/hadoop-distcp/3.2.1/hadoop-distcp-3.2.1.jar:/home/user/.m2/repository/org/apache/hadoop/hadoop-mapreduce-client-jobclient/3.2.1/hadoop-mapreduce-client-jobclient-3.2.1.jar:/home/user/.m2/repository/org/apache/hadoop/hadoop-mapreduce-client-common/3.2.1/hadoop-mapreduce-client-common-3.2.1.jar:/home/user/.m2/repository/org/apache/hadoop/hadoop-yarn-common/3.2.1/hadoop-yarn-common-3.2.1.jar:/home/user/.m2/repository/org/apache/hadoop/hadoop-yarn-api/3.2.1/hadoop-yarn-api-3.2.1.jar:/home/user/.m2/repository/com/sun/jersey/jersey-client/1.19/jersey-client-1.19.jar:/home/user/.m2/repository/com/sun/jersey/contribs/jersey-guice/1.19/jersey-guice-1.19.jar:/home/user/.m2/repository/com/fasterxml/jackson/jaxrs/jackson-jaxrs-json-provider/2.10.3/jackson-jaxrs-json-provider-2.10.3.jar:/home/user/.m2/repository/com/fasterxml/jackson/jaxrs/jackson-jaxrs-base/2.10.3/jackson-jaxrs-base-2.10.3.jar:/home/user/.m2/repository/org/apache/hadoop/hadoop-yarn-client/3.2.1/hadoop-yarn-client-3.2.1.jar:/home/user/.m2/repository/org/apache/hadoop/hadoop-mapreduce-client-core/3.2.1/hadoop-mapreduce-client-core-3.2.1.jar:/home/user/.m2/repository/org/apache/avro/avro/1.7.7/avro-1.7.7.jar:/home/user/.m2/repository/org/codehaus/jackson/jackson-core-asl/1.9.13/jackson-core-asl-1.9.13.jar:/home/user/.m2/repository/org/codehaus/jackson/jackson-mapper-asl/1.9.13/jackson-mapper-asl-1.9.13.jar:/home/user/.m2/repository/com/thoughtworks/paranamer/paranamer/2.3/paranamer-2.3.jar:/home/user/.m2/repository/org/xerial/snappy/snappy-java/1.0.5/snappy-java-1.0.5.jar:/home/user/.m2/repository/org/apache/hadoop/hadoop-annotations/3.2.1/hadoop-annotations-3.2.1.jar:/usr/lib/jvm/java-1.8.0-openjdk-1.8.0.232.b09-0.el7_7.x86_64/jre/../lib/tools.jar:/home/user/.m2/repository/org/apache/hadoop/hadoop-distcp/3.2.1/hadoop-distcp-3.2.1-tests.jar:"/>
    <property name="java.vm.vendor" value="Oracle Corporation"/>
    <property name="sun.arch.data.model" value="64"/>
    <property name="test.build.dir" value="/github/workspace/mnt/ozone/hadoop-ozone/integration-test/target/test-dir"/>
    <property name="test.cache.data" value=""/>
    <property name="java.vendor.url" value="http://java.oracle.com/"/>
    <property name="user.timezone" value=""/>
    <property name="java.vm.specification.version" value="1.8"/>
    <property name="os.name" value="Linux"/>
    <property name="test.build.data" value="/github/workspace/mnt/ozone/hadoop-ozone/integration-test/target/test-dir"/>
    <property name="user.country" value="US"/>
    <property name="sun.java.launcher" value="SUN_STANDARD"/>
    <property name="sun.boot.library.path" value="/usr/lib/jvm/java-1.8.0-openjdk-1.8.0.232.b09-0.el7_7.x86_64/jre/lib/amd64"/>
    <property name="sun.java.command" value="/github/workspace/mnt/ozone/hadoop-ozone/integration-test/target/surefire/surefirebooter6818784557538864776.jar /github/workspace/mnt/ozone/hadoop-ozone/integration-test/target/surefire 2020-07-09T05-10-01_924-jvmRun1 surefire778179990738880696tmp surefire_32816825775327322637tmp"/>
    <property name="surefire.test.class.path" value="/github/workspace/mnt/ozone/hadoop-ozone/integration-test/target/test-classes:/github/workspace/mnt/ozone/hadoop-ozone/integration-test/target/classes:/home/user/.m2/repository/org/apache/hadoop/hadoop-ozone-common/0.6.0-SNAPSHOT/hadoop-ozone-common-0.6.0-SNAPSHOT.jar:/home/user/.m2/repository/org/apache/commons/commons-compress/1.4.1/commons-compress-1.4.1.jar:/home/user/.m2/repository/org/tukaani/xz/1.0/xz-1.0.jar:/home/user/.m2/repository/org/apache/hadoop/hadoop-hdds-common/0.6.0-SNAPSHOT/hadoop-hdds-common-0.6.0-SNAPSHOT.jar:/home/user/.m2/repository/org/apache/hadoop/hadoop-hdds-hadoop-dependency-client/0.6.0-SNAPSHOT/hadoop-hdds-hadoop-dependency-client-0.6.0-SNAPSHOT.jar:/home/user/.m2/repository/info/picocli/picocli/3.9.6/picocli-3.9.6.jar:/home/user/.m2/repository/com/fasterxml/jackson/core/jackson-annotations/2.10.3/jackson-annotations-2.10.3.jar:/home/user/.m2/repository/javax/annotation/javax.annotation-api/1.2/javax.annotation-api-1.2.jar:/home/user/.m2/repository/org/apache/ratis/ratis-server/0.6.0-6ab75ae-SNAPSHOT/ratis-server-0.6.0-6ab75ae-SNAPSHOT.jar:/home/user/.m2/repository/org/apache/ratis/ratis-client/0.6.0-6ab75ae-SNAPSHOT/ratis-client-0.6.0-6ab75ae-SNAPSHOT.jar:/home/user/.m2/repository/org/apache/ratis/ratis-metrics/0.6.0-6ab75ae-SNAPSHOT/ratis-metrics-0.6.0-6ab75ae-SNAPSHOT.jar:/home/user/.m2/repository/org/apache/ratis/ratis-netty/0.6.0-6ab75ae-SNAPSHOT/ratis-netty-0.6.0-6ab75ae-SNAPSHOT.jar:/home/user/.m2/repository/org/apache/ratis/ratis-grpc/0.6.0-6ab75ae-SNAPSHOT/ratis-grpc-0.6.0-6ab75ae-SNAPSHOT.jar:/home/user/.m2/repository/org/apache/logging/log4j/log4j-api/2.11.0/log4j-api-2.11.0.jar:/home/user/.m2/repository/org/apache/logging/log4j/log4j-core/2.11.0/log4j-core-2.11.0.jar:/home/user/.m2/repository/com/lmax/disruptor/3.4.2/disruptor-3.4.2.jar:/home/user/.m2/repository/org/apache/commons/commons-pool2/2.6.0/commons-pool2-2.6.0.jar:/home/user/.m2/repository/org/bouncycastle/bcpkix-jdk15on/1.60/bcpkix-jdk15on-1.60.jar:/home/user/.m2/repository/commons-validator/commons-validator/1.6/commons-validator-1.6.jar:/home/user/.m2/repository/commons-digester/commons-digester/1.8.1/commons-digester-1.8.1.jar:/home/user/.m2/repository/io/jaegertracing/jaeger-client/1.2.0/jaeger-client-1.2.0.jar:/home/user/.m2/repository/io/jaegertracing/jaeger-thrift/1.2.0/jaeger-thrift-1.2.0.jar:/home/user/.m2/repository/org/apache/thrift/libthrift/0.13.0/libthrift-0.13.0.jar:/home/user/.m2/repository/com/squareup/okhttp3/okhttp/4.2.2/okhttp-4.2.2.jar:/home/user/.m2/repository/com/squareup/okio/okio/2.2.2/okio-2.2.2.jar:/home/user/.m2/repository/org/jetbrains/kotlin/kotlin-stdlib/1.3.50/kotlin-stdlib-1.3.50.jar:/home/user/.m2/repository/org/jetbrains/kotlin/kotlin-stdlib-common/1.3.50/kotlin-stdlib-common-1.3.50.jar:/home/user/.m2/repository/org/jetbrains/annotations/13.0/annotations-13.0.jar:/home/user/.m2/repository/io/jaegertracing/jaeger-core/1.2.0/jaeger-core-1.2.0.jar:/home/user/.m2/repository/io/jaegertracing/jaeger-tracerresolver/1.2.0/jaeger-tracerresolver-1.2.0.jar:/home/user/.m2/repository/io/opentracing/contrib/opentracing-tracerresolver/0.1.8/opentracing-tracerresolver-0.1.8.jar:/home/user/.m2/repository/io/opentracing/opentracing-util/0.33.0/opentracing-util-0.33.0.jar:/home/user/.m2/repository/io/opentracing/opentracing-api/0.33.0/opentracing-api-0.33.0.jar:/home/user/.m2/repository/io/opentracing/opentracing-noop/0.33.0/opentracing-noop-0.33.0.jar:/home/user/.m2/repository/org/apache/hadoop/hadoop-hdds-client/0.6.0-SNAPSHOT/hadoop-hdds-client-0.6.0-SNAPSHOT.jar:/home/user/.m2/repository/org/apache/hadoop/hadoop-ozone-interface-client/0.6.0-SNAPSHOT/hadoop-ozone-interface-client-0.6.0-SNAPSHOT.jar:/home/user/.m2/repository/org/apache/hadoop/hadoop-hdds-test-utils/0.6.0-SNAPSHOT/hadoop-hdds-test-utils-0.6.0-SNAPSHOT.jar:/home/user/.m2/repository/com/google/guava/guava/28.2-jre/guava-28.2-jre.jar:/home/user/.m2/repository/com/google/guava/failureaccess/1.0.1/failureaccess-1.0.1.jar:/home/user/.m2/repository/com/google/guava/listenablefuture/9999.0-empty-to-avoid-conflict-with-guava/listenablefuture-9999.0-empty-to-avoid-conflict-with-guava.jar:/home/user/.m2/repository/com/google/code/findbugs/jsr305/3.0.0/jsr305-3.0.0.jar:/home/user/.m2/repository/org/checkerframework/checker-qual/2.10.0/checker-qual-2.10.0.jar:/home/user/.m2/repository/com/google/errorprone/error_prone_annotations/2.2.0/error_prone_annotations-2.2.0.jar:/home/user/.m2/repository/com/google/j2objc/j2objc-annotations/1.3/j2objc-annotations-1.3.jar:/home/user/.m2/repository/commons-io/commons-io/2.5/commons-io-2.5.jar:/home/user/.m2/repository/commons-logging/commons-logging/1.2/commons-logging-1.2.jar:/home/user/.m2/repository/log4j/log4j/1.2.17/log4j-1.2.17.jar:/home/user/.m2/repository/org/slf4j/slf4j-api/1.7.25/slf4j-api-1.7.25.jar:/home/user/.m2/repository/org/apache/hadoop/hadoop-hdds-server-scm/0.6.0-SNAPSHOT/hadoop-hdds-server-scm-0.6.0-SNAPSHOT.jar:/home/user/.m2/repository/org/apache/hadoop/hadoop-hdds-container-service/0.6.0-SNAPSHOT/hadoop-hdds-container-service-0.6.0-SNAPSHOT.jar:/home/user/.m2/repository/org/apache/hadoop/hadoop-hdds-hadoop-dependency-server/0.6.0-SNAPSHOT/hadoop-hdds-hadoop-dependency-server-0.6.0-SNAPSHOT.jar:/home/user/.m2/repository/org/apache/hadoop/hadoop-hdds-server-framework/0.6.0-SNAPSHOT/hadoop-hdds-server-framework-0.6.0-SNAPSHOT.jar:/home/user/.m2/repository/org/apache/hadoop/hadoop-hdds-interface-server/0.6.0-SNAPSHOT/hadoop-hdds-interface-server-0.6.0-SNAPSHOT.jar:/home/user/.m2/repository/org/apache/hadoop/hadoop-hdds-interface-admin/0.6.0-SNAPSHOT/hadoop-hdds-interface-admin-0.6.0-SNAPSHOT.jar:/home/user/.m2/repository/org/rocksdb/rocksdbjni/6.8.1/rocksdbjni-6.8.1.jar:/home/user/.m2/repository/io/prometheus/simpleclient_dropwizard/0.7.0/simpleclient_dropwizard-0.7.0.jar:/home/user/.m2/repository/io/prometheus/simpleclient/0.7.0/simpleclient-0.7.0.jar:/home/user/.m2/repository/io/prometheus/simpleclient_common/0.7.0/simpleclient_common-0.7.0.jar:/home/user/.m2/repository/com/fasterxml/jackson/datatype/jackson-datatype-jsr310/2.10.3/jackson-datatype-jsr310-2.10.3.jar:/home/user/.m2/repository/org/apache/hadoop/hadoop-hdds-docs/0.6.0-SNAPSHOT/hadoop-hdds-docs-0.6.0-SNAPSHOT.jar:/home/user/.m2/repository/io/dropwizard/metrics/metrics-core/3.2.4/metrics-core-3.2.4.jar:/home/user/.m2/repository/org/apache/hadoop/hadoop-hdfs-client/3.2.1/hadoop-hdfs-client-3.2.1.jar:/home/user/.m2/repository/org/bouncycastle/bcprov-jdk15on/1.60/bcprov-jdk15on-1.60.jar:/home/user/.m2/repository/org/apache/hadoop/hadoop-ozone-ozone-manager/0.6.0-SNAPSHOT/hadoop-ozone-ozone-manager-0.6.0-SNAPSHOT.jar:/home/user/.m2/repository/org/apache/hadoop/hadoop-hdds-interface-client/0.6.0-SNAPSHOT/hadoop-hdds-interface-client-0.6.0-SNAPSHOT.jar:/home/user/.m2/repository/org/apache/ratis/ratis-thirdparty-misc/0.4.0/ratis-thirdparty-misc-0.4.0.jar:/home/user/.m2/repository/org/apache/hadoop/hadoop-minikdc/3.2.1/hadoop-minikdc-3.2.1.jar:/home/user/.m2/repository/org/apache/kerby/kerb-simplekdc/1.0.1/kerb-simplekdc-1.0.1.jar:/home/user/.m2/repository/org/apache/kerby/kerb-client/1.0.1/kerb-client-1.0.1.jar:/home/user/.m2/repository/org/apache/kerby/kerby-config/1.0.1/kerby-config-1.0.1.jar:/home/user/.m2/repository/org/apache/kerby/kerb-core/1.0.1/kerb-core-1.0.1.jar:/home/user/.m2/repository/org/apache/kerby/kerby-pkix/1.0.1/kerby-pkix-1.0.1.jar:/home/user/.m2/repository/org/apache/kerby/kerby-asn1/1.0.1/kerby-asn1-1.0.1.jar:/home/user/.m2/repository/org/apache/kerby/kerby-util/1.0.1/kerby-util-1.0.1.jar:/home/user/.m2/repository/org/apache/kerby/kerb-common/1.0.1/kerb-common-1.0.1.jar:/home/user/.m2/repository/org/apache/kerby/kerb-crypto/1.0.1/kerb-crypto-1.0.1.jar:/home/user/.m2/repository/org/apache/kerby/kerb-util/1.0.1/kerb-util-1.0.1.jar:/home/user/.m2/repository/org/apache/kerby/token-provider/1.0.1/token-provider-1.0.1.jar:/home/user/.m2/repository/org/apache/kerby/kerb-admin/1.0.1/kerb-admin-1.0.1.jar:/home/user/.m2/repository/org/apache/kerby/kerb-server/1.0.1/kerb-server-1.0.1.jar:/home/user/.m2/repository/org/apache/kerby/kerb-identity/1.0.1/kerb-identity-1.0.1.jar:/home/user/.m2/repository/org/apache/kerby/kerby-xdr/1.0.1/kerby-xdr-1.0.1.jar:/home/user/.m2/repository/org/slf4j/slf4j-log4j12/1.7.25/slf4j-log4j12-1.7.25.jar:/home/user/.m2/repository/org/apache/hadoop/hadoop-ozone-s3gateway/0.6.0-SNAPSHOT/hadoop-ozone-s3gateway-0.6.0-SNAPSHOT.jar:/home/user/.m2/repository/org/jboss/weld/servlet/weld-servlet/2.4.7.Final/weld-servlet-2.4.7.Final.jar:/home/user/.m2/repository/org/glassfish/jersey/containers/jersey-container-servlet-core/2.27/jersey-container-servlet-core-2.27.jar:/home/user/.m2/repository/org/glassfish/hk2/external/javax.inject/2.5.0-b42/javax.inject-2.5.0-b42.jar:/home/user/.m2/repository/org/glassfish/jersey/core/jersey-common/2.27/jersey-common-2.27.jar:/home/user/.m2/repository/org/glassfish/hk2/osgi-resource-locator/1.0.1/osgi-resource-locator-1.0.1.jar:/home/user/.m2/repository/javax/ws/rs/javax.ws.rs-api/2.1/javax.ws.rs-api-2.1.jar:/home/user/.m2/repository/org/glassfish/jersey/ext/cdi/jersey-cdi1x/2.27/jersey-cdi1x-2.27.jar:/home/user/.m2/repository/org/glassfish/jersey/inject/jersey-hk2/2.27/jersey-hk2-2.27.jar:/home/user/.m2/repository/org/glassfish/hk2/hk2-locator/2.5.0-b42/hk2-locator-2.5.0-b42.jar:/home/user/.m2/repository/org/javassist/javassist/3.22.0-CR2/javassist-3.22.0-CR2.jar:/home/user/.m2/repository/org/glassfish/hk2/hk2-api/2.5.0/hk2-api-2.5.0.jar:/home/user/.m2/repository/org/glassfish/hk2/external/jakarta.inject/2.5.0/jakarta.inject-2.5.0.jar:/home/user/.m2/repository/org/glassfish/hk2/hk2-utils/2.5.0/hk2-utils-2.5.0.jar:/home/user/.m2/repository/jakarta/annotation/jakarta.annotation-api/1.3.4/jakarta.annotation-api-1.3.4.jar:/home/user/.m2/repository/org/glassfish/hk2/external/aopalliance-repackaged/2.5.0/aopalliance-repackaged-2.5.0.jar:/home/user/.m2/repository/com/fasterxml/jackson/dataformat/jackson-dataformat-xml/2.10.3/jackson-dataformat-xml-2.10.3.jar:/home/user/.m2/repository/com/fasterxml/jackson/core/jackson-core/2.10.3/jackson-core-2.10.3.jar:/home/user/.m2/repository/com/fasterxml/jackson/module/jackson-module-jaxb-annotations/2.10.3/jackson-module-jaxb-annotations-2.10.3.jar:/home/user/.m2/repository/jakarta/xml/bind/jakarta.xml.bind-api/2.3.2/jakarta.xml.bind-api-2.3.2.jar:/home/user/.m2/repository/jakarta/activation/jakarta.activation-api/1.2.1/jakarta.activation-api-1.2.1.jar:/home/user/.m2/repository/org/codehaus/woodstox/stax2-api/3.1.4/stax2-api-3.1.4.jar:/home/user/.m2/repository/com/fasterxml/woodstox/woodstox-core/5.0.3/woodstox-core-5.0.3.jar:/home/user/.m2/repository/javax/enterprise/cdi-api/1.2/cdi-api-1.2.jar:/home/user/.m2/repository/javax/el/javax.el-api/3.0.0/javax.el-api-3.0.0.jar:/home/user/.m2/repository/javax/interceptor/javax.interceptor-api/1.2/javax.interceptor-api-1.2.jar:/home/user/.m2/repository/javax/inject/javax.inject/1/javax.inject-1.jar:/home/user/.m2/repository/com/sun/xml/bind/jaxb-impl/2.3.0.1/jaxb-impl-2.3.0.1.jar:/home/user/.m2/repository/com/sun/xml/bind/jaxb-core/2.3.0.1/jaxb-core-2.3.0.1.jar:/home/user/.m2/repository/javax/xml/bind/jaxb-api/2.3.0/jaxb-api-2.3.0.jar:/home/user/.m2/repository/javax/activation/activation/1.1.1/activation-1.1.1.jar:/home/user/.m2/repository/org/apache/hadoop/hadoop-ozone-csi/0.6.0-SNAPSHOT/hadoop-ozone-csi-0.6.0-SNAPSHOT.jar:/home/user/.m2/repository/com/google/protobuf/protobuf-java-util/3.11.0/protobuf-java-util-3.11.0.jar:/home/user/.m2/repository/com/google/code/gson/gson/2.2.4/gson-2.2.4.jar:/home/user/.m2/repository/org/apache/hadoop/hadoop-hdds-config/0.6.0-SNAPSHOT/hadoop-hdds-config-0.6.0-SNAPSHOT.jar:/home/user/.m2/repository/com/google/protobuf/protobuf-java/2.5.0/protobuf-java-2.5.0.jar:/home/user/.m2/repository/io/grpc/grpc-netty/1.29.0/grpc-netty-1.29.0.jar:/home/user/.m2/repository/io/grpc/grpc-core/1.29.0/grpc-core-1.29.0.jar:/home/user/.m2/repository/com/google/android/annotations/4.1.1.4/annotations-4.1.1.4.jar:/home/user/.m2/repository/io/perfmark/perfmark-api/0.19.0/perfmark-api-0.19.0.jar:/home/user/.m2/repository/io/netty/netty-codec-http2/4.1.48.Final/netty-codec-http2-4.1.48.Final.jar:/home/user/.m2/repository/io/netty/netty-codec/4.1.48.Final/netty-codec-4.1.48.Final.jar:/home/user/.m2/repository/io/netty/netty-handler/4.1.48.Final/netty-handler-4.1.48.Final.jar:/home/user/.m2/repository/io/netty/netty-codec-http/4.1.48.Final/netty-codec-http-4.1.48.Final.jar:/home/user/.m2/repository/io/netty/netty-handler-proxy/4.1.48.Final/netty-handler-proxy-4.1.48.Final.jar:/home/user/.m2/repository/io/netty/netty-codec-socks/4.1.48.Final/netty-codec-socks-4.1.48.Final.jar:/home/user/.m2/repository/io/netty/netty-transport-native-epoll/4.1.48.Final/netty-transport-native-epoll-4.1.48.Final.jar:/home/user/.m2/repository/io/netty/netty-common/4.1.48.Final/netty-common-4.1.48.Final.jar:/home/user/.m2/repository/io/netty/netty-buffer/4.1.48.Final/netty-buffer-4.1.48.Final.jar:/home/user/.m2/repository/io/netty/netty-transport/4.1.48.Final/netty-transport-4.1.48.Final.jar:/home/user/.m2/repository/io/netty/netty-resolver/4.1.48.Final/netty-resolver-4.1.48.Final.jar:/home/user/.m2/repository/io/netty/netty-transport-native-unix-common/4.1.48.Final/netty-transport-native-unix-common-4.1.48.Final.jar:/home/user/.m2/repository/io/grpc/grpc-protobuf/1.29.0/grpc-protobuf-1.29.0.jar:/home/user/.m2/repository/io/grpc/grpc-api/1.29.0/grpc-api-1.29.0.jar:/home/user/.m2/repository/io/grpc/grpc-context/1.29.0/grpc-context-1.29.0.jar:/home/user/.m2/repository/org/codehaus/mojo/animal-sniffer-annotations/1.18/animal-sniffer-annotations-1.18.jar:/home/user/.m2/repository/com/google/api/grpc/proto-google-common-protos/1.17.0/proto-google-common-protos-1.17.0.jar:/home/user/.m2/repository/io/grpc/grpc-protobuf-lite/1.29.0/grpc-protobuf-lite-1.29.0.jar:/home/user/.m2/repository/io/grpc/grpc-stub/1.29.0/grpc-stub-1.29.0.jar:/home/user/.m2/repository/org/apache/hadoop/hadoop-ozone-recon/0.6.0-SNAPSHOT/hadoop-ozone-recon-0.6.0-SNAPSHOT.jar:/home/user/.m2/repository/org/apache/hadoop/hadoop-ozone-reconcodegen/0.6.0-SNAPSHOT/hadoop-ozone-reconcodegen-0.6.0-SNAPSHOT.jar:/home/user/.m2/repository/com/google/inject/extensions/guice-multibindings/4.0/guice-multibindings-4.0.jar:/home/user/.m2/repository/com/google/inject/guice/4.0/guice-4.0.jar:/home/user/.m2/repository/aopalliance/aopalliance/1.0/aopalliance-1.0.jar:/home/user/.m2/repository/com/google/inject/extensions/guice-assistedinject/4.0/guice-assistedinject-4.0.jar:/home/user/.m2/repository/com/google/inject/extensions/guice-servlet/4.0/guice-servlet-4.0.jar:/home/user/.m2/repository/org/glassfish/jersey/containers/jersey-container-servlet/2.27/jersey-container-servlet-2.27.jar:/home/user/.m2/repository/org/glassfish/hk2/guice-bridge/2.5.0/guice-bridge-2.5.0.jar:/home/user/.m2/repository/org/glassfish/jersey/core/jersey-server/2.27/jersey-server-2.27.jar:/home/user/.m2/repository/org/glassfish/jersey/core/jersey-client/2.27/jersey-client-2.27.jar:/home/user/.m2/repository/org/glassfish/jersey/media/jersey-media-jaxb/2.27/jersey-media-jaxb-2.27.jar:/home/user/.m2/repository/javax/validation/validation-api/1.1.0.Final/validation-api-1.1.0.Final.jar:/home/user/.m2/repository/org/glassfish/jersey/media/jersey-media-json-jackson/2.27/jersey-media-json-jackson-2.27.jar:/home/user/.m2/repository/org/glassfish/jersey/ext/jersey-entity-filtering/2.27/jersey-entity-filtering-2.27.jar:/home/user/.m2/repository/org/jooq/jooq/3.11.10/jooq-3.11.10.jar:/home/user/.m2/repository/org/jooq/jooq-meta/3.11.10/jooq-meta-3.11.10.jar:/home/user/.m2/repository/org/jooq/jooq-codegen/3.11.10/jooq-codegen-3.11.10.jar:/home/user/.m2/repository/com/jolbox/bonecp/0.8.0.RELEASE/bonecp-0.8.0.RELEASE.jar:/home/user/.m2/repository/org/apache/derby/derby/10.14.2.0/derby-10.14.2.0.jar:/home/user/.m2/repository/org/xerial/sqlite-jdbc/3.25.2/sqlite-jdbc-3.25.2.jar:/home/user/.m2/repository/org/springframework/spring-jdbc/5.2.5.RELEASE/spring-jdbc-5.2.5.RELEASE.jar:/home/user/.m2/repository/org/springframework/spring-beans/5.2.5.RELEASE/spring-beans-5.2.5.RELEASE.jar:/home/user/.m2/repository/org/springframework/spring-core/5.2.5.RELEASE/spring-core-5.2.5.RELEASE.jar:/home/user/.m2/repository/org/springframework/spring-jcl/5.2.5.RELEASE/spring-jcl-5.2.5.RELEASE.jar:/home/user/.m2/repository/org/springframework/spring-tx/5.2.5.RELEASE/spring-tx-5.2.5.RELEASE.jar:/home/user/.m2/repository/org/apache/hadoop/hadoop-ozone-client/0.6.0-SNAPSHOT/hadoop-ozone-client-0.6.0-SNAPSHOT.jar:/home/user/.m2/repository/org/apache/hadoop/hadoop-ozone-filesystem/0.6.0-SNAPSHOT/hadoop-ozone-filesystem-0.6.0-SNAPSHOT.jar:/home/user/.m2/repository/org/apache/hadoop/hadoop-ozone-filesystem-common/0.6.0-SNAPSHOT/hadoop-ozone-filesystem-common-0.6.0-SNAPSHOT.jar:/home/user/.m2/repository/org/apache/hadoop/hadoop-ozone-tools/0.6.0-SNAPSHOT/hadoop-ozone-tools-0.6.0-SNAPSHOT.jar:/home/user/.m2/repository/org/apache/hadoop/hadoop-hdfs/3.2.1/hadoop-hdfs-3.2.1.jar:/home/user/.m2/repository/org/apache/ratis/ratis-tools/0.6.0-6ab75ae-SNAPSHOT/ratis-tools-0.6.0-6ab75ae-SNAPSHOT.jar:/home/user/.m2/repository/org/apache/ratis/ratis-proto/0.6.0-6ab75ae-SNAPSHOT/ratis-proto-0.6.0-6ab75ae-SNAPSHOT.jar:/home/user/.m2/repository/org/apache/ratis/ratis-common/0.6.0-6ab75ae-SNAPSHOT/ratis-common-0.6.0-6ab75ae-SNAPSHOT.jar:/home/user/.m2/repository/com/amazonaws/aws-java-sdk-core/1.11.615/aws-java-sdk-core-1.11.615.jar:/home/user/.m2/repository/org/apache/httpcomponents/httpclient/4.5.2/httpclient-4.5.2.jar:/home/user/.m2/repository/org/apache/httpcomponents/httpcore/4.4.4/httpcore-4.4.4.jar:/home/user/.m2/repository/software/amazon/ion/ion-java/1.0.2/ion-java-1.0.2.jar:/home/user/.m2/repository/com/fasterxml/jackson/dataformat/jackson-dataformat-cbor/2.10.3/jackson-dataformat-cbor-2.10.3.jar:/home/user/.m2/repository/joda-time/joda-time/2.8.1/joda-time-2.8.1.jar:/home/user/.m2/repository/com/amazonaws/aws-java-sdk-s3/1.11.615/aws-java-sdk-s3-1.11.615.jar:/home/user/.m2/repository/com/amazonaws/aws-java-sdk-kms/1.11.615/aws-java-sdk-kms-1.11.615.jar:/home/user/.m2/repository/com/amazonaws/jmespath-java/1.11.615/jmespath-java-1.11.615.jar:/home/user/.m2/repository/org/apache/hadoop/hadoop-hdds-tools/0.6.0-SNAPSHOT/hadoop-hdds-tools-0.6.0-SNAPSHOT.jar:/home/user/.m2/repository/commons-cli/commons-cli/1.2/commons-cli-1.2.jar:/home/user/.m2/repository/org/apache/commons/commons-lang3/3.7/commons-lang3-3.7.jar:/home/user/.m2/repository/org/apache/hadoop/hadoop-ozone-ozone-manager/0.6.0-SNAPSHOT/hadoop-ozone-ozone-manager-0.6.0-SNAPSHOT-tests.jar:/home/user/.m2/repository/junit/junit/4.11/junit-4.11.jar:/home/user/.m2/repository/org/hamcrest/hamcrest-core/1.3/hamcrest-core-1.3.jar:/home/user/.m2/repository/org/openjdk/jmh/jmh-core/1.19/jmh-core-1.19.jar:/home/user/.m2/repository/net/sf/jopt-simple/jopt-simple/4.6/jopt-simple-4.6.jar:/home/user/.m2/repository/org/apache/commons/commons-math3/3.1.1/commons-math3-3.1.1.jar:/home/user/.m2/repository/org/openjdk/jmh/jmh-generator-annprocess/1.19/jmh-generator-annprocess-1.19.jar:/home/user/.m2/repository/org/mockito/mockito-all/1.8.5/mockito-all-1.8.5.jar:/home/user/.m2/repository/org/apache/hadoop/hadoop-kms/3.2.1/hadoop-kms-3.2.1.jar:/home/user/.m2/repository/org/apache/hadoop/hadoop-auth/3.2.1/hadoop-auth-3.2.1.jar:/home/user/.m2/repository/com/nimbusds/nimbus-jose-jwt/7.9/nimbus-jose-jwt-7.9.jar:/home/user/.m2/repository/com/github/stephenc/jcip/jcip-annotations/1.0-1/jcip-annotations-1.0-1.jar:/home/user/.m2/repository/net/minidev/json-smart/2.3/json-smart-2.3.jar:/home/user/.m2/repository/net/minidev/accessors-smart/1.2/accessors-smart-1.2.jar:/home/user/.m2/repository/org/ow2/asm/asm/5.0.4/asm-5.0.4.jar:/home/user/.m2/repository/org/apache/zookeeper/zookeeper/3.4.13/zookeeper-3.4.13.jar:/home/user/.m2/repository/org/apache/yetus/audience-annotations/0.5.0/audience-annotations-0.5.0.jar:/home/user/.m2/repository/org/apache/curator/curator-framework/2.13.0/curator-framework-2.13.0.jar:/home/user/.m2/repository/com/sun/jersey/jersey-core/1.19/jersey-core-1.19.jar:/home/user/.m2/repository/javax/ws/rs/jsr311-api/1.1.1/jsr311-api-1.1.1.jar:/home/user/.m2/repository/com/sun/jersey/jersey-server/1.19/jersey-server-1.19.jar:/home/user/.m2/repository/javax/servlet/javax.servlet-api/3.1.0/javax.servlet-api-3.1.0.jar:/home/user/.m2/repository/org/eclipse/jetty/jetty-server/9.4.26.v20200117/jetty-server-9.4.26.v20200117.jar:/home/user/.m2/repository/org/eclipse/jetty/jetty-http/9.4.26.v20200117/jetty-http-9.4.26.v20200117.jar:/home/user/.m2/repository/org/eclipse/jetty/jetty-io/9.4.26.v20200117/jetty-io-9.4.26.v20200117.jar:/home/user/.m2/repository/org/eclipse/jetty/jetty-webapp/9.4.26.v20200117/jetty-webapp-9.4.26.v20200117.jar:/home/user/.m2/repository/org/eclipse/jetty/jetty-xml/9.4.26.v20200117/jetty-xml-9.4.26.v20200117.jar:/home/user/.m2/repository/org/eclipse/jetty/jetty-servlet/9.4.26.v20200117/jetty-servlet-9.4.26.v20200117.jar:/home/user/.m2/repository/org/eclipse/jetty/jetty-security/9.4.26.v20200117/jetty-security-9.4.26.v20200117.jar:/home/user/.m2/repository/org/apache/hadoop/hadoop-common/3.2.1/hadoop-common-3.2.1.jar:/home/user/.m2/repository/commons-net/commons-net/3.6/commons-net-3.6.jar:/home/user/.m2/repository/commons-collections/commons-collections/3.2.2/commons-collections-3.2.2.jar:/home/user/.m2/repository/com/sun/jersey/jersey-servlet/1.19/jersey-servlet-1.19.jar:/home/user/.m2/repository/com/sun/jersey/jersey-json/1.19/jersey-json-1.19.jar:/home/user/.m2/repository/org/codehaus/jettison/jettison/1.1/jettison-1.1.jar:/home/user/.m2/repository/org/codehaus/jackson/jackson-jaxrs/1.9.2/jackson-jaxrs-1.9.2.jar:/home/user/.m2/repository/org/codehaus/jackson/jackson-xc/1.9.2/jackson-xc-1.9.2.jar:/home/user/.m2/repository/commons-beanutils/commons-beanutils/1.9.4/commons-beanutils-1.9.4.jar:/home/user/.m2/repository/org/apache/commons/commons-configuration2/2.1.1/commons-configuration2-2.1.1.jar:/home/user/.m2/repository/org/apache/commons/commons-text/1.4/commons-text-1.4.jar:/home/user/.m2/repository/com/google/re2j/re2j/1.1/re2j-1.1.jar:/home/user/.m2/repository/com/jcraft/jsch/0.1.54/jsch-0.1.54.jar:/home/user/.m2/repository/org/apache/curator/curator-client/2.13.0/curator-client-2.13.0.jar:/home/user/.m2/repository/org/apache/curator/curator-recipes/2.13.0/curator-recipes-2.13.0.jar:/home/user/.m2/repository/dnsjava/dnsjava/2.1.7/dnsjava-2.1.7.jar:/home/user/.m2/repository/org/slf4j/jul-to-slf4j/1.7.25/jul-to-slf4j-1.7.25.jar:/home/user/.m2/repository/org/eclipse/jetty/jetty-util/9.4.26.v20200117/jetty-util-9.4.26.v20200117.jar:/home/user/.m2/repository/com/fasterxml/jackson/core/jackson-databind/2.10.3/jackson-databind-2.10.3.jar:/home/user/.m2/repository/org/apache/hadoop/hadoop-kms/3.2.1/hadoop-kms-3.2.1-tests.jar:/home/user/.m2/repository/org/apache/hadoop/hadoop-hdds-server-scm/0.6.0-SNAPSHOT/hadoop-hdds-server-scm-0.6.0-SNAPSHOT-tests.jar:/home/user/.m2/repository/org/apache/hadoop/hadoop-hdds-container-service/0.6.0-SNAPSHOT/hadoop-hdds-container-service-0.6.0-SNAPSHOT-tests.jar:/home/user/.m2/repository/org/apache/hadoop/hadoop-hdds-common/0.6.0-SNAPSHOT/hadoop-hdds-common-0.6.0-SNAPSHOT-tests.jar:/home/user/.m2/repository/org/yaml/snakeyaml/1.16/snakeyaml-1.16.jar:/home/user/.m2/repository/org/apache/hadoop/hadoop-hdds-hadoop-dependency-test/0.6.0-SNAPSHOT/hadoop-hdds-hadoop-dependency-test-0.6.0-SNAPSHOT.jar:/home/user/.m2/repository/org/apache/hadoop/hadoop-common/3.2.1/hadoop-common-3.2.1-tests.jar:/home/user/.m2/repository/javax/servlet/jsp/jsp-api/2.1/jsp-api-2.1.jar:/home/user/.m2/repository/org/apache/hadoop/hadoop-hdfs/3.2.1/hadoop-hdfs-3.2.1-tests.jar:/home/user/.m2/repository/org/eclipse/jetty/jetty-util-ajax/9.4.26.v20200117/jetty-util-ajax-9.4.26.v20200117.jar:/home/user/.m2/repository/commons-codec/commons-codec/1.11/commons-codec-1.11.jar:/home/user/.m2/repository/commons-daemon/commons-daemon/1.0.13/commons-daemon-1.0.13.jar:/home/user/.m2/repository/io/netty/netty/3.10.5.Final/netty-3.10.5.Final.jar:/home/user/.m2/repository/io/netty/netty-all/4.1.48.Final/netty-all-4.1.48.Final.jar:/home/user/.m2/repository/org/apache/htrace/htrace-core4/4.1.0-incubating/htrace-core4-4.1.0-incubating.jar:/home/user/.m2/repository/org/fusesource/leveldbjni/leveldbjni-all/1.8/leveldbjni-all-1.8.jar:/home/user/.m2/repository/org/apache/hadoop/hadoop-distcp/3.2.1/hadoop-distcp-3.2.1.jar:/home/user/.m2/repository/org/apache/hadoop/hadoop-mapreduce-client-jobclient/3.2.1/hadoop-mapreduce-client-jobclient-3.2.1.jar:/home/user/.m2/repository/org/apache/hadoop/hadoop-mapreduce-client-common/3.2.1/hadoop-mapreduce-client-common-3.2.1.jar:/home/user/.m2/repository/org/apache/hadoop/hadoop-yarn-common/3.2.1/hadoop-yarn-common-3.2.1.jar:/home/user/.m2/repository/org/apache/hadoop/hadoop-yarn-api/3.2.1/hadoop-yarn-api-3.2.1.jar:/home/user/.m2/repository/com/sun/jersey/jersey-client/1.19/jersey-client-1.19.jar:/home/user/.m2/repository/com/sun/jersey/contribs/jersey-guice/1.19/jersey-guice-1.19.jar:/home/user/.m2/repository/com/fasterxml/jackson/jaxrs/jackson-jaxrs-json-provider/2.10.3/jackson-jaxrs-json-provider-2.10.3.jar:/home/user/.m2/repository/com/fasterxml/jackson/jaxrs/jackson-jaxrs-base/2.10.3/jackson-jaxrs-base-2.10.3.jar:/home/user/.m2/repository/org/apache/hadoop/hadoop-yarn-client/3.2.1/hadoop-yarn-client-3.2.1.jar:/home/user/.m2/repository/org/apache/hadoop/hadoop-mapreduce-client-core/3.2.1/hadoop-mapreduce-client-core-3.2.1.jar:/home/user/.m2/repository/org/apache/avro/avro/1.7.7/avro-1.7.7.jar:/home/user/.m2/repository/org/codehaus/jackson/jackson-core-asl/1.9.13/jackson-core-asl-1.9.13.jar:/home/user/.m2/repository/org/codehaus/jackson/jackson-mapper-asl/1.9.13/jackson-mapper-asl-1.9.13.jar:/home/user/.m2/repository/com/thoughtworks/paranamer/paranamer/2.3/paranamer-2.3.jar:/home/user/.m2/repository/org/xerial/snappy/snappy-java/1.0.5/snappy-java-1.0.5.jar:/home/user/.m2/repository/org/apache/hadoop/hadoop-annotations/3.2.1/hadoop-annotations-3.2.1.jar:/usr/lib/jvm/java-1.8.0-openjdk-1.8.0.232.b09-0.el7_7.x86_64/jre/../lib/tools.jar:/home/user/.m2/repository/org/apache/hadoop/hadoop-distcp/3.2.1/hadoop-distcp-3.2.1-tests.jar:"/>
    <property name="sun.cpu.endian" value="little"/>
    <property name="user.home" value="/home/user"/>
    <property name="user.language" value="en"/>
    <property name="java.specification.vendor" value="Oracle Corporation"/>
    <property name="java.home" value="/usr/lib/jvm/java-1.8.0-openjdk-1.8.0.232.b09-0.el7_7.x86_64/jre"/>
    <property name="java.security.krb5.conf" value="/github/workspace/mnt/ozone/hadoop-ozone/integration-test/target/test-classes/krb5.conf"/>
    <property name="basedir" value="/github/workspace/mnt/ozone/hadoop-ozone/integration-test"/>
    <property name="file.separator" value="/"/>
    <property name="line.separator" value="&#10;"/>
    <property name="java.vm.specification.vendor" value="Oracle Corporation"/>
    <property name="java.specification.name" value="Java Platform API Specification"/>
    <property name="java.awt.graphicsenv" value="sun.awt.X11GraphicsEnvironment"/>
    <property name="skip.installnpx" value="true"/>
    <property name="surefire.real.class.path" value="/github/workspace/mnt/ozone/hadoop-ozone/integration-test/target/surefire/surefirebooter6818784557538864776.jar:/home/user/.m2/repository/org/jacoco/org.jacoco.agent/0.8.5/org.jacoco.agent-0.8.5-runtime.jar"/>
    <property name="hadoop.log.dir" value="/github/workspace/mnt/ozone/hadoop-ozone/integration-test/target/log"/>
    <property name="sun.boot.class.path" value="/usr/lib/jvm/java-1.8.0-openjdk-1.8.0.232.b09-0.el7_7.x86_64/jre/lib/resources.jar:/usr/lib/jvm/java-1.8.0-openjdk-1.8.0.232.b09-0.el7_7.x86_64/jre/lib/rt.jar:/usr/lib/jvm/java-1.8.0-openjdk-1.8.0.232.b09-0.el7_7.x86_64/jre/lib/sunrsasign.jar:/usr/lib/jvm/java-1.8.0-openjdk-1.8.0.232.b09-0.el7_7.x86_64/jre/lib/jsse.jar:/usr/lib/jvm/java-1.8.0-openjdk-1.8.0.232.b09-0.el7_7.x86_64/jre/lib/jce.jar:/usr/lib/jvm/java-1.8.0-openjdk-1.8.0.232.b09-0.el7_7.x86_64/jre/lib/charsets.jar:/usr/lib/jvm/java-1.8.0-openjdk-1.8.0.232.b09-0.el7_7.x86_64/jre/lib/jfr.jar:/usr/lib/jvm/java-1.8.0-openjdk-1.8.0.232.b09-0.el7_7.x86_64/jre/classes"/>
    <property name="sun.management.compiler" value="HotSpot 64-Bit Tiered Compilers"/>
    <property name="skip.npx" value="true"/>
    <property name="java.runtime.version" value="1.8.0_232-b09"/>
    <property name="java.net.preferIPv4Stack" value="true"/>
    <property name="user.name" value="jenkins1001"/>
    <property name="path.separator" value=":"/>
    <property name="java.security.egd" value="file:///dev/urandom"/>
    <property name="os.version" value="5.3.0-1031-azure"/>
    <property name="java.endorsed.dirs" value="/usr/lib/jvm/java-1.8.0-openjdk-1.8.0.232.b09-0.el7_7.x86_64/jre/lib/endorsed"/>
    <property name="java.runtime.name" value="OpenJDK Runtime Environment"/>
    <property name="file.encoding" value="ANSI_X3.4-1968"/>
    <property name="java.vm.name" value="OpenJDK 64-Bit Server VM"/>
    <property name="test.build.webapps" value=""/>
    <property name="localRepository" value="/home/user/.m2/repository"/>
    <property name="java.vendor.url.bug" value="http://bugreport.sun.com/bugreport/"/>
    <property name="java.io.tmpdir" value="/tmp"/>
    <property name="require.test.libhadoop" value=""/>
    <property name="java.version" value="1.8.0_232"/>
    <property name="user.dir" value="/github/workspace/mnt/ozone/hadoop-ozone/integration-test"/>
    <property name="os.arch" value="amd64"/>
    <property name="java.vm.specification.name" value="Java Virtual Machine Specification"/>
    <property name="test.build.classes" value="/github/workspace/mnt/ozone/hadoop-ozone/integration-test/target/test-classes"/>
    <property name="java.awt.printerjob" value="sun.print.PSPrinterJob"/>
    <property name="sun.os.patch.level" value="unknown"/>
    <property name="hadoop.tmp.dir" value="/github/workspace/mnt/ozone/hadoop-ozone/integration-test/target/tmp"/>
    <property name="java.library.path" value="/usr/lib:/usr/java/packages/lib/amd64:/usr/lib64:/lib64:/lib:/usr/lib"/>
    <property name="java.vm.info" value="mixed mode"/>
    <property name="java.vendor" value="Oracle Corporation"/>
    <property name="java.vm.version" value="25.232-b09"/>
    <property name="java.ext.dirs" value="/usr/lib/jvm/java-1.8.0-openjdk-1.8.0.232.b09-0.el7_7.x86_64/jre/lib/ext:/usr/java/packages/lib/ext"/>
    <property name="sun.io.unicode.encoding" value="UnicodeLittle"/>
    <property name="java.class.version" value="52.0"/>
  </properties>
  <testcase name="testWatchForCommitWithKeyWrite" classname="org.apache.hadoop.ozone.client.rpc.TestWatchForCommit" time="66.052"/>
  <testcase name="testWatchForCommitForRetryfailure" classname="org.apache.hadoop.ozone.client.rpc.TestWatchForCommit" time="71.133"/>
  <testcase name="testWatchForCommitForGroupMismatchException" classname="org.apache.hadoop.ozone.client.rpc.TestWatchForCommit" time="38.453"/>
  <testcase name="test2WayCommitForTimeoutException" classname="org.apache.hadoop.ozone.client.rpc.TestWatchForCommit" time="38.263">
    <error message="9fd43fdd-f81f-4298-8fae-a0f306bcbc10: group-DA5563A61CFD not found." type="org.apache.ratis.protocol.GroupMismatchException">org.apache.ratis.protocol.GroupMismatchException: 9fd43fdd-f81f-4298-8fae-a0f306bcbc10: group-DA5563A61CFD not found.
	at org.apache.ratis.server.impl.RaftServerProxy$ImplMap.get(RaftServerProxy.java:127)
	at org.apache.ratis.server.impl.RaftServerProxy.getImplFuture(RaftServerProxy.java:274)
	at org.apache.ratis.server.impl.RaftServerProxy.getImpl(RaftServerProxy.java:283)
	at org.apache.hadoop.ozone.container.ContainerTestHelper.getRaftServerImpl(ContainerTestHelper.java:593)
	at org.apache.hadoop.ozone.container.ContainerTestHelper.isRatisFollower(ContainerTestHelper.java:608)
	at org.apache.hadoop.ozone.client.rpc.TestWatchForCommit.test2WayCommitForTimeoutException(TestWatchForCommit.java:300)
	at sun.reflect.NativeMethodAccessorImpl.invoke0(Native Method)
	at sun.reflect.NativeMethodAccessorImpl.invoke(NativeMethodAccessorImpl.java:62)
	at sun.reflect.DelegatingMethodAccessorImpl.invoke(DelegatingMethodAccessorImpl.java:43)
	at java.lang.reflect.Method.invoke(Method.java:498)
	at org.junit.runners.model.FrameworkMethod$1.runReflectiveCall(FrameworkMethod.java:47)
	at org.junit.internal.runners.model.ReflectiveCallable.run(ReflectiveCallable.java:12)
	at org.junit.runners.model.FrameworkMethod.invokeExplosively(FrameworkMethod.java:44)
	at org.junit.internal.runners.statements.InvokeMethod.evaluate(InvokeMethod.java:17)
	at org.junit.internal.runners.statements.RunBefores.evaluate(RunBefores.java:26)
	at org.junit.internal.runners.statements.RunAfters.evaluate(RunAfters.java:27)
	at org.junit.runners.ParentRunner.runLeaf(ParentRunner.java:271)
	at org.junit.runners.BlockJUnit4ClassRunner.runChild(BlockJUnit4ClassRunner.java:70)
	at org.junit.runners.BlockJUnit4ClassRunner.runChild(BlockJUnit4ClassRunner.java:50)
	at org.junit.runners.ParentRunner$3.run(ParentRunner.java:238)
	at org.junit.runners.ParentRunner$1.schedule(ParentRunner.java:63)
	at org.junit.runners.ParentRunner.runChildren(ParentRunner.java:236)
	at org.junit.runners.ParentRunner.access$000(ParentRunner.java:53)
	at org.junit.runners.ParentRunner$2.evaluate(ParentRunner.java:229)
	at org.junit.runners.ParentRunner.run(ParentRunner.java:309)
	at org.apache.maven.surefire.junit4.JUnit4Provider.execute(JUnit4Provider.java:365)
	at org.apache.maven.surefire.junit4.JUnit4Provider.executeWithRerun(JUnit4Provider.java:273)
	at org.apache.maven.surefire.junit4.JUnit4Provider.executeTestSet(JUnit4Provider.java:238)
	at org.apache.maven.surefire.junit4.JUnit4Provider.invoke(JUnit4Provider.java:159)
	at org.apache.maven.surefire.booter.ForkedBooter.invokeProviderInSameClassLoader(ForkedBooter.java:384)
	at org.apache.maven.surefire.booter.ForkedBooter.runSuitesInProcess(ForkedBooter.java:345)
	at org.apache.maven.surefire.booter.ForkedBooter.execute(ForkedBooter.java:126)
	at org.apache.maven.surefire.booter.ForkedBooter.main(ForkedBooter.java:418)
</error>
    <system-out><![CDATA[2020-07-09 05:16:26,594 [Listener at 127.0.0.1/44887] WARN  server.ServerUtils (ServerUtils.java:getScmDbDir(148)) - ozone.scm.db.dirs is not configured. We recommend adding this setting. Falling back to ozone.metadata.dirs instead.
2020-07-09 05:16:26,596 [Listener at 127.0.0.1/44887] WARN  server.ServerUtils (ServerUtils.java:getScmDbDir(148)) - ozone.scm.db.dirs is not configured. We recommend adding this setting. Falling back to ozone.metadata.dirs instead.
2020-07-09 05:16:26,597 [Listener at 127.0.0.1/44887] WARN  db.DBStoreBuilder (DBStoreBuilder.java:createDBStoreBuilder(277)) - ozone.scm.db.dirs is not configured. We recommend adding this setting. Falling back to ozone.metadata.dirs instead.
2020-07-09 05:16:26,626 [Listener at 127.0.0.1/44887] INFO  net.NodeSchemaLoader (NodeSchemaLoader.java:loadSchemaFromFile(126)) - Loading file from sun.misc.CompoundEnumeration@50859a18
2020-07-09 05:16:26,626 [Listener at 127.0.0.1/44887] INFO  net.NodeSchemaLoader (NodeSchemaLoader.java:loadSchema(172)) - Loading network topology layer schema file
2020-07-09 05:16:26,632 [Listener at 127.0.0.1/44887] INFO  node.SCMNodeManager (SCMNodeManager.java:<init>(116)) - Entering startup safe mode.
2020-07-09 05:16:26,633 [Listener at 127.0.0.1/44887] INFO  algorithms.ContainerPlacementPolicyFactory (ContainerPlacementPolicyFactory.java:getPolicy(60)) - Create container placement policy of type org.apache.hadoop.hdds.scm.container.placement.algorithms.SCMContainerPlacementRandom
2020-07-09 05:16:26,633 [Listener at 127.0.0.1/44887] INFO  pipeline.SCMPipelineManager (SCMPipelineManager.java:initializePipelineState(158)) - No pipeline exists in current db
2020-07-09 05:16:26,638 [Listener at 127.0.0.1/44887] INFO  safemode.HealthyPipelineSafeModeRule (HealthyPipelineSafeModeRule.java:<init>(89)) - Total pipeline count is 0, healthy pipeline threshold count is 0
2020-07-09 05:16:26,638 [Listener at 127.0.0.1/44887] INFO  safemode.OneReplicaPipelineSafeModeRule (OneReplicaPipelineSafeModeRule.java:<init>(79)) - Total pipeline count is 0, pipeline's with at least one datanode reported threshold count is 0
2020-07-09 05:16:26,639 [Listener at 127.0.0.1/44887] INFO  ipc.CallQueueManager (CallQueueManager.java:<init>(84)) - Using callQueue: class java.util.concurrent.LinkedBlockingQueue, queueCapacity: 2000, scheduler: class org.apache.hadoop.ipc.DefaultRpcScheduler, ipcBackoff: false.
2020-07-09 05:16:26,640 [RatisPipelineUtilsThread] ERROR pipeline.SCMPipelineManager (SCMPipelineManager.java:createPipeline(222)) - Failed to create pipeline of type RATIS and factor ONE. Exception: Cannot create pipeline of factor 1 using 0 nodes. Used 0 nodes. Healthy nodes 0
2020-07-09 05:16:26,644 [Socket Reader #1 for port 0] INFO  ipc.Server (Server.java:run(1219)) - Starting Socket Reader #1 for port 0
2020-07-09 05:16:26,645 [Listener at 0.0.0.0/41487] INFO  ipc.CallQueueManager (CallQueueManager.java:<init>(84)) - Using callQueue: class java.util.concurrent.LinkedBlockingQueue, queueCapacity: 2000, scheduler: class org.apache.hadoop.ipc.DefaultRpcScheduler, ipcBackoff: false.
2020-07-09 05:16:26,645 [Socket Reader #1 for port 0] INFO  ipc.Server (Server.java:run(1219)) - Starting Socket Reader #1 for port 0
2020-07-09 05:16:26,646 [Listener at 0.0.0.0/33507] INFO  ipc.CallQueueManager (CallQueueManager.java:<init>(84)) - Using callQueue: class java.util.concurrent.LinkedBlockingQueue, queueCapacity: 2000, scheduler: class org.apache.hadoop.ipc.DefaultRpcScheduler, ipcBackoff: false.
2020-07-09 05:16:26,649 [Socket Reader #1 for port 0] INFO  ipc.Server (Server.java:run(1219)) - Starting Socket Reader #1 for port 0
2020-07-09 05:16:26,653 [Listener at 0.0.0.0/42305] INFO  http.BaseHttpServer (BaseHttpServer.java:newHttpServer2BuilderForOzone(207)) - Starting Web-server for scm at: http://0.0.0.0:0
2020-07-09 05:16:26,653 [Listener at 0.0.0.0/42305] INFO  http.BaseHttpServer (BaseHttpServer.java:<init>(106)) - Hadoop Security Enabled: false Ozone Security Enabled: false Ozone HTTP Security Enabled: false 
2020-07-09 05:16:26,654 [Listener at 0.0.0.0/42305] INFO  server.AuthenticationFilter (AuthenticationFilter.java:constructSecretProvider(240)) - Unable to initialize FileSignerSecretProvider, falling back to use random secrets.
2020-07-09 05:16:26,655 [Listener at 0.0.0.0/42305] WARN  http.HttpRequestLog (HttpRequestLog.java:getRequestLog(103)) - Jetty request log can only be enabled using Log4j
2020-07-09 05:16:26,656 [Listener at 0.0.0.0/42305] INFO  http.HttpServer2 (HttpServer2.java:addGlobalFilter(998)) - Added global filter 'safety' (class=org.apache.hadoop.hdds.server.http.HttpServer2$QuotingInputFilter)
2020-07-09 05:16:26,656 [Listener at 0.0.0.0/42305] INFO  http.HttpServer2 (HttpServer2.java:addFilter(974)) - Added filter static_user_filter (class=org.apache.hadoop.http.lib.StaticUserWebFilter$StaticUserFilter) to context scm
2020-07-09 05:16:26,656 [Listener at 0.0.0.0/42305] INFO  http.HttpServer2 (HttpServer2.java:addFilter(982)) - Added filter static_user_filter (class=org.apache.hadoop.http.lib.StaticUserWebFilter$StaticUserFilter) to context logs
2020-07-09 05:16:26,656 [Listener at 0.0.0.0/42305] INFO  http.HttpServer2 (HttpServer2.java:addFilter(982)) - Added filter static_user_filter (class=org.apache.hadoop.http.lib.StaticUserWebFilter$StaticUserFilter) to context static
2020-07-09 05:16:26,658 [Listener at 0.0.0.0/42305] INFO  server.StorageContainerManager (StorageContainerManager.java:start(782)) - StorageContainerLocationProtocol RPC server is listening at /0.0.0.0:42305
2020-07-09 05:16:26,660 [Listener at 0.0.0.0/42305] WARN  impl.MetricsConfig (MetricsConfig.java:loadFirst(134)) - Cannot locate configuration: tried hadoop-metrics2-storagecontainermanager.properties,hadoop-metrics2.properties
2020-07-09 05:16:26,661 [Listener at 0.0.0.0/42305] INFO  impl.MetricsSystemImpl (MetricsSystemImpl.java:startTimer(374)) - Scheduled Metric snapshot period at 10 second(s).
2020-07-09 05:16:26,661 [Listener at 0.0.0.0/42305] INFO  impl.MetricsSystemImpl (MetricsSystemImpl.java:start(191)) - StorageContainerManager metrics system started
2020-07-09 05:16:26,693 [Listener at 0.0.0.0/42305] WARN  impl.MetricsSystemImpl (MetricsSystemImpl.java:register(276)) - Sink prometheus already exists!
2020-07-09 05:16:26,701 [Listener at 0.0.0.0/42305] INFO  server.SCMClientProtocolServer (SCMClientProtocolServer.java:start(156)) - RPC server for Client  is listening at /0.0.0.0:42305
2020-07-09 05:16:26,702 [IPC Server Responder] INFO  ipc.Server (Server.java:run(1460)) - IPC Server Responder: starting
2020-07-09 05:16:26,702 [IPC Server listener on 0] INFO  ipc.Server (Server.java:run(1298)) - IPC Server listener on 0: starting
2020-07-09 05:16:26,706 [Listener at 0.0.0.0/42305] INFO  server.StorageContainerManager (StorageContainerManager.java:start(794)) - ScmBlockLocationProtocol RPC server is listening at /0.0.0.0:33507
2020-07-09 05:16:26,710 [Listener at 0.0.0.0/42305] INFO  server.SCMBlockProtocolServer (SCMBlockProtocolServer.java:start(149)) - RPC server for Block Protocol is listening at /0.0.0.0:33507
2020-07-09 05:16:26,712 [IPC Server Responder] INFO  ipc.Server (Server.java:run(1460)) - IPC Server Responder: starting
2020-07-09 05:16:26,713 [IPC Server listener on 0] INFO  ipc.Server (Server.java:run(1298)) - IPC Server listener on 0: starting
2020-07-09 05:16:26,724 [Listener at 0.0.0.0/42305] INFO  server.StorageContainerManager (StorageContainerManager.java:start(800)) - ScmDatanodeProtocl RPC server is listening at /0.0.0.0:41487
2020-07-09 05:16:26,724 [Listener at 0.0.0.0/42305] INFO  server.SCMDatanodeProtocolServer (SCMDatanodeProtocolServer.java:start(172)) - RPC server for DataNodes is listening at /0.0.0.0:41487
2020-07-09 05:16:26,725 [IPC Server Responder] INFO  ipc.Server (Server.java:run(1460)) - IPC Server Responder: starting
2020-07-09 05:16:26,725 [IPC Server listener on 0] INFO  ipc.Server (Server.java:run(1298)) - IPC Server listener on 0: starting
2020-07-09 05:16:26,735 [Listener at 0.0.0.0/42305] INFO  http.HttpServer2 (HttpServer2.java:bindListener(1216)) - Jetty bound to port 46781
2020-07-09 05:16:26,735 [Listener at 0.0.0.0/42305] INFO  server.Server (Server.java:doStart(359)) - jetty-9.4.26.v20200117; built: 2020-01-17T12:35:33.676Z; git: 7b38981d25d14afb4a12ff1f2596756144edf695; jvm 1.8.0_232-b09
2020-07-09 05:16:26,739 [Listener at 0.0.0.0/42305] INFO  server.session (DefaultSessionIdManager.java:doStart(333)) - DefaultSessionIdManager workerName=node0
2020-07-09 05:16:26,739 [Listener at 0.0.0.0/42305] INFO  server.session (DefaultSessionIdManager.java:doStart(338)) - No SessionScavenger set, using defaults
2020-07-09 05:16:26,740 [Listener at 0.0.0.0/42305] INFO  server.session (HouseKeeper.java:startScavenging(140)) - node0 Scavenging every 660000ms
2020-07-09 05:16:26,740 [Listener at 0.0.0.0/42305] INFO  handler.ContextHandler (ContextHandler.java:doStart(825)) - Started o.e.j.s.ServletContextHandler@2933edb6{logs,/logs,file:///github/workspace/mnt/ozone/hadoop-ozone/integration-test/target/log,AVAILABLE}
2020-07-09 05:16:26,741 [Listener at 0.0.0.0/42305] INFO  handler.ContextHandler (ContextHandler.java:doStart(825)) - Started o.e.j.s.ServletContextHandler@622168f7{static,/static,file:///github/workspace/mnt/ozone/hadoop-ozone/integration-test/target/test-classes/webapps/static,AVAILABLE}
2020-07-09 05:16:26,749 [Listener at 0.0.0.0/42305] INFO  handler.ContextHandler (ContextHandler.java:doStart(825)) - Started o.e.j.w.WebAppContext@60171a27{scm,/,file:///github/workspace/mnt/ozone/hadoop-ozone/integration-test/target/test-classes/webapps/scm/,AVAILABLE}{file:/github/workspace/mnt/ozone/hadoop-ozone/integration-test/target/test-classes/webapps/scm}
2020-07-09 05:16:26,750 [Listener at 0.0.0.0/42305] INFO  server.AbstractConnector (AbstractConnector.java:doStart(330)) - Started ServerConnector@3b00276{HTTP/1.1,[http/1.1]}{0.0.0.0:46781}
2020-07-09 05:16:26,750 [Listener at 0.0.0.0/42305] INFO  server.Server (Server.java:doStart(399)) - Started @176633ms
2020-07-09 05:16:26,750 [Listener at 0.0.0.0/42305] WARN  impl.MetricsSystemImpl (MetricsSystemImpl.java:register(276)) - Sink prometheus already exists!
2020-07-09 05:16:26,762 [Listener at 0.0.0.0/42305] INFO  http.BaseHttpServer (BaseHttpServer.java:updateConnectorAddress(327)) - HTTP server of scm listening at http://0.0.0.0:46781
2020-07-09 05:16:26,763 [Listener at 0.0.0.0/42305] WARN  server.ServerUtils (ServerUtils.java:getDBPath(225)) - ozone.om.db.dirs is not configured. We recommend adding this setting. Falling back to ozone.metadata.dirs instead.
2020-07-09 05:16:26,764 [org.apache.hadoop.util.JvmPauseMonitor$Monitor@75defbd2] INFO  util.JvmPauseMonitor (JvmPauseMonitor.java:run(188)) - Starting JVM pause monitor
2020-07-09 05:16:26,765 [Listener at 0.0.0.0/42305] INFO  ha.OMHANodeDetails (OMHANodeDetails.java:loadOMHAConfig(104)) - ozone.om.internal.service.id is not defined, falling back to ozone.om.service.ids to find serviceID for OzoneManager if it is HA enabled cluster
2020-07-09 05:16:26,766 [Listener at 0.0.0.0/42305] INFO  ha.OMHANodeDetails (OMHANodeDetails.java:loadOMHAConfig(213)) - Configuration either no ozone.om.address set. Falling back to the default OM address /127.0.0.1:0
2020-07-09 05:16:26,766 [Listener at 0.0.0.0/42305] INFO  ha.OMHANodeDetails (OMHANodeDetails.java:getOMNodeDetails(241)) - OM Service ID is not set. Setting it to the default ID: omServiceIdDefault
2020-07-09 05:16:26,766 [Listener at 0.0.0.0/42305] WARN  server.ServerUtils (ServerUtils.java:getDBPath(225)) - ozone.om.db.dirs is not configured. We recommend adding this setting. Falling back to ozone.metadata.dirs instead.
2020-07-09 05:16:26,767 [Listener at 0.0.0.0/42305] WARN  server.ServerUtils (ServerUtils.java:getDBPath(225)) - ozone.om.db.dirs is not configured. We recommend adding this setting. Falling back to ozone.metadata.dirs instead.
2020-07-09 05:16:26,771 [Listener at 0.0.0.0/42305] WARN  server.ServerUtils (ServerUtils.java:getDBPath(225)) - ozone.om.db.dirs is not configured. We recommend adding this setting. Falling back to ozone.metadata.dirs instead.
2020-07-09 05:16:26,831 [Listener at 0.0.0.0/42305] INFO  ipc.CallQueueManager (CallQueueManager.java:<init>(84)) - Using callQueue: class java.util.concurrent.LinkedBlockingQueue, queueCapacity: 2000, scheduler: class org.apache.hadoop.ipc.DefaultRpcScheduler, ipcBackoff: false.
2020-07-09 05:16:26,831 [Socket Reader #1 for port 0] INFO  ipc.Server (Server.java:run(1219)) - Starting Socket Reader #1 for port 0
2020-07-09 05:16:26,848 [Listener at 127.0.0.1/38375] INFO  impl.MetricsSystemImpl (MetricsSystemImpl.java:init(158)) - OzoneManager metrics system started (again)
2020-07-09 05:16:26,849 [Listener at 127.0.0.1/38375] INFO  om.OzoneManager (OzoneManager.java:start(1083)) - OzoneManager RPC server is listening at localhost/127.0.0.1:38375
2020-07-09 05:16:26,851 [IPC Server Responder] INFO  ipc.Server (Server.java:run(1460)) - IPC Server Responder: starting
2020-07-09 05:16:26,851 [IPC Server listener on 0] INFO  ipc.Server (Server.java:run(1298)) - IPC Server listener on 0: starting
2020-07-09 05:16:26,868 [Listener at 127.0.0.1/38375] INFO  http.BaseHttpServer (BaseHttpServer.java:newHttpServer2BuilderForOzone(207)) - Starting Web-server for ozoneManager at: http://0.0.0.0:0
2020-07-09 05:16:26,868 [Listener at 127.0.0.1/38375] INFO  http.BaseHttpServer (BaseHttpServer.java:<init>(106)) - Hadoop Security Enabled: false Ozone Security Enabled: false Ozone HTTP Security Enabled: false 
2020-07-09 05:16:26,869 [Listener at 127.0.0.1/38375] INFO  server.AuthenticationFilter (AuthenticationFilter.java:constructSecretProvider(240)) - Unable to initialize FileSignerSecretProvider, falling back to use random secrets.
2020-07-09 05:16:26,870 [Listener at 127.0.0.1/38375] WARN  http.HttpRequestLog (HttpRequestLog.java:getRequestLog(103)) - Jetty request log can only be enabled using Log4j
2020-07-09 05:16:26,870 [Listener at 127.0.0.1/38375] INFO  http.HttpServer2 (HttpServer2.java:addGlobalFilter(998)) - Added global filter 'safety' (class=org.apache.hadoop.hdds.server.http.HttpServer2$QuotingInputFilter)
2020-07-09 05:16:26,871 [Listener at 127.0.0.1/38375] INFO  http.HttpServer2 (HttpServer2.java:addFilter(974)) - Added filter static_user_filter (class=org.apache.hadoop.http.lib.StaticUserWebFilter$StaticUserFilter) to context ozoneManager
2020-07-09 05:16:26,871 [Listener at 127.0.0.1/38375] INFO  http.HttpServer2 (HttpServer2.java:addFilter(982)) - Added filter static_user_filter (class=org.apache.hadoop.http.lib.StaticUserWebFilter$StaticUserFilter) to context logs
2020-07-09 05:16:26,871 [Listener at 127.0.0.1/38375] INFO  http.HttpServer2 (HttpServer2.java:addFilter(982)) - Added filter static_user_filter (class=org.apache.hadoop.http.lib.StaticUserWebFilter$StaticUserFilter) to context static
2020-07-09 05:16:26,872 [Listener at 127.0.0.1/38375] INFO  http.HttpServer2 (HttpServer2.java:bindListener(1216)) - Jetty bound to port 39285
2020-07-09 05:16:26,872 [Listener at 127.0.0.1/38375] INFO  server.Server (Server.java:doStart(359)) - jetty-9.4.26.v20200117; built: 2020-01-17T12:35:33.676Z; git: 7b38981d25d14afb4a12ff1f2596756144edf695; jvm 1.8.0_232-b09
2020-07-09 05:16:26,877 [Listener at 127.0.0.1/38375] INFO  server.session (DefaultSessionIdManager.java:doStart(333)) - DefaultSessionIdManager workerName=node0
2020-07-09 05:16:26,877 [Listener at 127.0.0.1/38375] INFO  server.session (DefaultSessionIdManager.java:doStart(338)) - No SessionScavenger set, using defaults
2020-07-09 05:16:26,877 [Listener at 127.0.0.1/38375] INFO  server.session (HouseKeeper.java:startScavenging(140)) - node0 Scavenging every 600000ms
2020-07-09 05:16:26,878 [Listener at 127.0.0.1/38375] INFO  handler.ContextHandler (ContextHandler.java:doStart(825)) - Started o.e.j.s.ServletContextHandler@75fe04d{logs,/logs,file:///github/workspace/mnt/ozone/hadoop-ozone/integration-test/target/log,AVAILABLE}
2020-07-09 05:16:26,878 [Listener at 127.0.0.1/38375] INFO  handler.ContextHandler (ContextHandler.java:doStart(825)) - Started o.e.j.s.ServletContextHandler@6ed000ba{static,/static,file:///github/workspace/mnt/ozone/hadoop-ozone/integration-test/target/test-classes/webapps/static,AVAILABLE}
2020-07-09 05:16:26,881 [Listener at 127.0.0.1/38375] INFO  handler.ContextHandler (ContextHandler.java:doStart(825)) - Started o.e.j.w.WebAppContext@1938f3b3{ozoneManager,/,file:///github/workspace/mnt/ozone/hadoop-ozone/integration-test/target/test-classes/webapps/ozoneManager/,AVAILABLE}{file:/github/workspace/mnt/ozone/hadoop-ozone/integration-test/target/test-classes/webapps/ozoneManager}
2020-07-09 05:16:26,882 [Listener at 127.0.0.1/38375] INFO  server.AbstractConnector (AbstractConnector.java:doStart(330)) - Started ServerConnector@7336fae3{HTTP/1.1,[http/1.1]}{0.0.0.0:39285}
2020-07-09 05:16:26,882 [Listener at 127.0.0.1/38375] INFO  server.Server (Server.java:doStart(399)) - Started @176766ms
2020-07-09 05:16:26,882 [Listener at 127.0.0.1/38375] WARN  impl.MetricsSystemImpl (MetricsSystemImpl.java:register(276)) - Sink prometheus already exists!
2020-07-09 05:16:26,896 [Listener at 127.0.0.1/38375] INFO  http.BaseHttpServer (BaseHttpServer.java:updateConnectorAddress(327)) - HTTP server of ozoneManager listening at http://0.0.0.0:39285
2020-07-09 05:16:26,898 [org.apache.hadoop.util.JvmPauseMonitor$Monitor@6bc8ce0c] INFO  util.JvmPauseMonitor (JvmPauseMonitor.java:run(188)) - Starting JVM pause monitor
2020-07-09 05:16:26,912 [Listener at 127.0.0.1/38375] INFO  impl.MetricsSystemImpl (MetricsSystemImpl.java:init(158)) - HddsDatanode metrics system started (again)
2020-07-09 05:16:26,913 [Listener at 127.0.0.1/38375] INFO  ozone.HddsDatanodeService (HddsDatanodeService.java:start(197)) - HddsDatanodeService host:787407461a64 ip:172.17.0.2
2020-07-09 05:16:26,914 [Listener at 127.0.0.1/38375] INFO  volume.HddsVolume (HddsVolume.java:<init>(176)) - Creating Volume: /github/workspace/mnt/ozone/hadoop-ozone/integration-test/target/test-dir/MiniOzoneClusterImpl-d071943e-99b5-4a6b-9dcd-d6487b458803/datanode-0/data-0/containers/hdds of storage type : DISK and capacity : 9223372036854775807
2020-07-09 05:16:26,914 [Listener at 127.0.0.1/38375] INFO  volume.MutableVolumeSet (MutableVolumeSet.java:initializeVolumeSet(181)) - Added Volume : /github/workspace/mnt/ozone/hadoop-ozone/integration-test/target/test-dir/MiniOzoneClusterImpl-d071943e-99b5-4a6b-9dcd-d6487b458803/datanode-0/data-0/containers/hdds to VolumeSet
2020-07-09 05:16:26,914 [Listener at 127.0.0.1/38375] INFO  volume.ThrottledAsyncChecker (ThrottledAsyncChecker.java:schedule(141)) - Scheduling a check for /github/workspace/mnt/ozone/hadoop-ozone/integration-test/target/test-dir/MiniOzoneClusterImpl-d071943e-99b5-4a6b-9dcd-d6487b458803/datanode-0/data-0/containers/hdds
2020-07-09 05:16:26,915 [Listener at 127.0.0.1/38375] INFO  volume.HddsVolumeChecker (HddsVolumeChecker.java:checkAllVolumes(200)) - Scheduled health check for volume /github/workspace/mnt/ozone/hadoop-ozone/integration-test/target/test-dir/MiniOzoneClusterImpl-d071943e-99b5-4a6b-9dcd-d6487b458803/datanode-0/data-0/containers/hdds
2020-07-09 05:16:26,928 [Listener at 127.0.0.1/38375] INFO  impl.RaftServerProxy (ConfUtils.java:logGet(44)) - raft.rpc.type = GRPC (default)
2020-07-09 05:16:26,929 [Listener at 127.0.0.1/38375] INFO  grpc.GrpcFactory (GrpcFactory.java:checkPooledByteBufAllocatorUseCacheForAllThreads(45)) - PERFORMANCE WARNING: useCacheForAllThreads is true that may cause Netty to create a lot garbage objects and, as a result, trigger GC.
	It is recommended to disable useCacheForAllThreads by setting -Dorg.apache.ratis.thirdparty.io.netty.allocator.useCacheForAllThreads=false in command line.
2020-07-09 05:16:26,929 [Listener at 127.0.0.1/38375] INFO  grpc.GrpcConfigKeys (ConfUtils.java:logGet(44)) - raft.grpc.server.port = 0 (default)
2020-07-09 05:16:26,929 [Listener at 127.0.0.1/38375] INFO  server.GrpcService (ConfUtils.java:logGet(44)) - raft.grpc.message.size.max = 32MB (=33554432) (custom)
2020-07-09 05:16:26,929 [Listener at 127.0.0.1/38375] INFO  server.RaftServerConfigKeys (ConfUtils.java:logGet(44)) - raft.server.log.appender.buffer.byte-limit = 33554432 (custom)
2020-07-09 05:16:26,929 [Listener at 127.0.0.1/38375] INFO  server.GrpcService (ConfUtils.java:logGet(44)) - raft.grpc.flow.control.window = 5MB (=5242880) (custom)
2020-07-09 05:16:26,929 [Listener at 127.0.0.1/38375] INFO  server.RaftServerConfigKeys (ConfUtils.java:logGet(44)) - raft.server.rpc.request.timeout = 3000ms (default)
2020-07-09 05:16:26,930 [Listener at 127.0.0.1/38375] INFO  server.RaftServerConfigKeys (ConfUtils.java:logGet(44)) - raft.server.storage.dir = [/github/workspace/mnt/ozone/hadoop-ozone/integration-test/target/test-dir/MiniOzoneClusterImpl-d071943e-99b5-4a6b-9dcd-d6487b458803/datanode-0/data/ratis] (custom)
2020-07-09 05:16:26,934 [Listener at 127.0.0.1/38375] INFO  http.BaseHttpServer (BaseHttpServer.java:newHttpServer2BuilderForOzone(207)) - Starting Web-server for hddsDatanode at: http://0.0.0.0:0
2020-07-09 05:16:26,934 [Listener at 127.0.0.1/38375] INFO  http.BaseHttpServer (BaseHttpServer.java:<init>(106)) - Hadoop Security Enabled: false Ozone Security Enabled: false Ozone HTTP Security Enabled: false 
2020-07-09 05:16:26,936 [Listener at 127.0.0.1/38375] INFO  server.AuthenticationFilter (AuthenticationFilter.java:constructSecretProvider(240)) - Unable to initialize FileSignerSecretProvider, falling back to use random secrets.
2020-07-09 05:16:26,936 [Listener at 127.0.0.1/38375] WARN  http.HttpRequestLog (HttpRequestLog.java:getRequestLog(103)) - Jetty request log can only be enabled using Log4j
2020-07-09 05:16:26,937 [Listener at 127.0.0.1/38375] INFO  http.HttpServer2 (HttpServer2.java:addGlobalFilter(998)) - Added global filter 'safety' (class=org.apache.hadoop.hdds.server.http.HttpServer2$QuotingInputFilter)
2020-07-09 05:16:26,937 [Listener at 127.0.0.1/38375] INFO  http.HttpServer2 (HttpServer2.java:addFilter(974)) - Added filter static_user_filter (class=org.apache.hadoop.http.lib.StaticUserWebFilter$StaticUserFilter) to context hddsDatanode
2020-07-09 05:16:26,937 [Listener at 127.0.0.1/38375] INFO  http.HttpServer2 (HttpServer2.java:addFilter(982)) - Added filter static_user_filter (class=org.apache.hadoop.http.lib.StaticUserWebFilter$StaticUserFilter) to context static
2020-07-09 05:16:26,937 [Listener at 127.0.0.1/38375] INFO  http.HttpServer2 (HttpServer2.java:addFilter(982)) - Added filter static_user_filter (class=org.apache.hadoop.http.lib.StaticUserWebFilter$StaticUserFilter) to context logs
2020-07-09 05:16:26,938 [Listener at 127.0.0.1/38375] INFO  http.HttpServer2 (HttpServer2.java:bindListener(1216)) - Jetty bound to port 41743
2020-07-09 05:16:26,938 [Listener at 127.0.0.1/38375] INFO  server.Server (Server.java:doStart(359)) - jetty-9.4.26.v20200117; built: 2020-01-17T12:35:33.676Z; git: 7b38981d25d14afb4a12ff1f2596756144edf695; jvm 1.8.0_232-b09
2020-07-09 05:16:26,940 [Listener at 127.0.0.1/38375] INFO  server.session (DefaultSessionIdManager.java:doStart(333)) - DefaultSessionIdManager workerName=node0
2020-07-09 05:16:26,940 [Listener at 127.0.0.1/38375] INFO  server.session (DefaultSessionIdManager.java:doStart(338)) - No SessionScavenger set, using defaults
2020-07-09 05:16:26,940 [Listener at 127.0.0.1/38375] INFO  server.session (HouseKeeper.java:startScavenging(140)) - node0 Scavenging every 660000ms
2020-07-09 05:16:26,940 [Listener at 127.0.0.1/38375] INFO  handler.ContextHandler (ContextHandler.java:doStart(825)) - Started o.e.j.s.ServletContextHandler@59a9a136{logs,/logs,file:///github/workspace/mnt/ozone/hadoop-ozone/integration-test/target/log,AVAILABLE}
2020-07-09 05:16:26,941 [Listener at 127.0.0.1/38375] INFO  handler.ContextHandler (ContextHandler.java:doStart(825)) - Started o.e.j.s.ServletContextHandler@2349aa88{static,/static,jar:file:/home/user/.m2/repository/org/apache/hadoop/hadoop-hdds-container-service/0.6.0-SNAPSHOT/hadoop-hdds-container-service-0.6.0-SNAPSHOT.jar!/webapps/static,AVAILABLE}
2020-07-09 05:16:26,956 [Listener at 127.0.0.1/38375] INFO  handler.ContextHandler (ContextHandler.java:doStart(825)) - Started o.e.j.w.WebAppContext@749a3925{hddsDatanode,/,file:///tmp/jetty-0_0_0_0-41743-hadoop-hdds-container-service-0_6_0-SNAPSHOT_jar-_-any-421641825718964927.dir/webapp/,AVAILABLE}{jar:file:/home/user/.m2/repository/org/apache/hadoop/hadoop-hdds-container-service/0.6.0-SNAPSHOT/hadoop-hdds-container-service-0.6.0-SNAPSHOT.jar!/webapps/hddsDatanode}
2020-07-09 05:16:26,957 [Listener at 127.0.0.1/38375] INFO  server.AbstractConnector (AbstractConnector.java:doStart(330)) - Started ServerConnector@4b453c61{HTTP/1.1,[http/1.1]}{0.0.0.0:41743}
2020-07-09 05:16:26,957 [Listener at 127.0.0.1/38375] INFO  server.Server (Server.java:doStart(399)) - Started @176841ms
2020-07-09 05:16:26,957 [Listener at 127.0.0.1/38375] WARN  impl.MetricsSystemImpl (MetricsSystemImpl.java:register(276)) - Sink prometheus already exists!
2020-07-09 05:16:26,960 [Listener at 127.0.0.1/38375] INFO  http.BaseHttpServer (BaseHttpServer.java:updateConnectorAddress(327)) - HTTP server of hddsDatanode listening at http://0.0.0.0:41743
2020-07-09 05:16:26,960 [Listener at 127.0.0.1/38375] INFO  impl.MetricsSystemImpl (MetricsSystemImpl.java:init(158)) - HddsDatanode metrics system started (again)
2020-07-09 05:16:26,962 [Listener at 127.0.0.1/38375] INFO  ozone.HddsDatanodeService (HddsDatanodeService.java:start(197)) - HddsDatanodeService host:787407461a64 ip:172.17.0.2
2020-07-09 05:16:26,963 [org.apache.hadoop.util.JvmPauseMonitor$Monitor@70bfafcc] INFO  util.JvmPauseMonitor (JvmPauseMonitor.java:run(188)) - Starting JVM pause monitor
2020-07-09 05:16:26,963 [Listener at 127.0.0.1/38375] INFO  volume.HddsVolume (HddsVolume.java:<init>(176)) - Creating Volume: /github/workspace/mnt/ozone/hadoop-ozone/integration-test/target/test-dir/MiniOzoneClusterImpl-d071943e-99b5-4a6b-9dcd-d6487b458803/datanode-1/data-0/containers/hdds of storage type : DISK and capacity : 9223372036854775807
2020-07-09 05:16:26,964 [Listener at 127.0.0.1/38375] INFO  volume.MutableVolumeSet (MutableVolumeSet.java:initializeVolumeSet(181)) - Added Volume : /github/workspace/mnt/ozone/hadoop-ozone/integration-test/target/test-dir/MiniOzoneClusterImpl-d071943e-99b5-4a6b-9dcd-d6487b458803/datanode-1/data-0/containers/hdds to VolumeSet
2020-07-09 05:16:26,964 [Listener at 127.0.0.1/38375] INFO  volume.ThrottledAsyncChecker (ThrottledAsyncChecker.java:schedule(141)) - Scheduling a check for /github/workspace/mnt/ozone/hadoop-ozone/integration-test/target/test-dir/MiniOzoneClusterImpl-d071943e-99b5-4a6b-9dcd-d6487b458803/datanode-1/data-0/containers/hdds
2020-07-09 05:16:26,964 [Listener at 127.0.0.1/38375] INFO  volume.HddsVolumeChecker (HddsVolumeChecker.java:checkAllVolumes(200)) - Scheduled health check for volume /github/workspace/mnt/ozone/hadoop-ozone/integration-test/target/test-dir/MiniOzoneClusterImpl-d071943e-99b5-4a6b-9dcd-d6487b458803/datanode-1/data-0/containers/hdds
2020-07-09 05:16:26,966 [Datanode State Machine Thread - 0] INFO  datanode.InitDatanodeState (InitDatanodeState.java:persistContainerDatanodeDetails(145)) - DatanodeDetails is persisted to /github/workspace/mnt/ozone/hadoop-ozone/integration-test/target/test-dir/MiniOzoneClusterImpl-d071943e-99b5-4a6b-9dcd-d6487b458803/datanode-0/meta/datanode.id
2020-07-09 05:16:26,977 [Listener at 127.0.0.1/38375] INFO  impl.RaftServerProxy (ConfUtils.java:logGet(44)) - raft.rpc.type = GRPC (default)
2020-07-09 05:16:26,978 [Listener at 127.0.0.1/38375] INFO  grpc.GrpcFactory (GrpcFactory.java:checkPooledByteBufAllocatorUseCacheForAllThreads(45)) - PERFORMANCE WARNING: useCacheForAllThreads is true that may cause Netty to create a lot garbage objects and, as a result, trigger GC.
	It is recommended to disable useCacheForAllThreads by setting -Dorg.apache.ratis.thirdparty.io.netty.allocator.useCacheForAllThreads=false in command line.
2020-07-09 05:16:26,978 [Listener at 127.0.0.1/38375] INFO  grpc.GrpcConfigKeys (ConfUtils.java:logGet(44)) - raft.grpc.server.port = 0 (default)
2020-07-09 05:16:26,978 [Listener at 127.0.0.1/38375] INFO  server.GrpcService (ConfUtils.java:logGet(44)) - raft.grpc.message.size.max = 32MB (=33554432) (custom)
2020-07-09 05:16:26,978 [Listener at 127.0.0.1/38375] INFO  server.RaftServerConfigKeys (ConfUtils.java:logGet(44)) - raft.server.log.appender.buffer.byte-limit = 33554432 (custom)
2020-07-09 05:16:26,978 [Listener at 127.0.0.1/38375] INFO  server.GrpcService (ConfUtils.java:logGet(44)) - raft.grpc.flow.control.window = 5MB (=5242880) (custom)
2020-07-09 05:16:26,978 [Listener at 127.0.0.1/38375] INFO  server.RaftServerConfigKeys (ConfUtils.java:logGet(44)) - raft.server.rpc.request.timeout = 3000ms (default)
2020-07-09 05:16:26,979 [Listener at 127.0.0.1/38375] INFO  server.RaftServerConfigKeys (ConfUtils.java:logGet(44)) - raft.server.storage.dir = [/github/workspace/mnt/ozone/hadoop-ozone/integration-test/target/test-dir/MiniOzoneClusterImpl-d071943e-99b5-4a6b-9dcd-d6487b458803/datanode-1/data/ratis] (custom)
2020-07-09 05:16:26,983 [Listener at 127.0.0.1/38375] INFO  http.BaseHttpServer (BaseHttpServer.java:newHttpServer2BuilderForOzone(207)) - Starting Web-server for hddsDatanode at: http://0.0.0.0:0
2020-07-09 05:16:26,983 [Listener at 127.0.0.1/38375] INFO  http.BaseHttpServer (BaseHttpServer.java:<init>(106)) - Hadoop Security Enabled: false Ozone Security Enabled: false Ozone HTTP Security Enabled: false 
2020-07-09 05:16:26,983 [Listener at 127.0.0.1/38375] INFO  server.AuthenticationFilter (AuthenticationFilter.java:constructSecretProvider(240)) - Unable to initialize FileSignerSecretProvider, falling back to use random secrets.
2020-07-09 05:16:26,984 [Listener at 127.0.0.1/38375] WARN  http.HttpRequestLog (HttpRequestLog.java:getRequestLog(103)) - Jetty request log can only be enabled using Log4j
2020-07-09 05:16:26,984 [Listener at 127.0.0.1/38375] INFO  http.HttpServer2 (HttpServer2.java:addGlobalFilter(998)) - Added global filter 'safety' (class=org.apache.hadoop.hdds.server.http.HttpServer2$QuotingInputFilter)
2020-07-09 05:16:26,985 [Listener at 127.0.0.1/38375] INFO  http.HttpServer2 (HttpServer2.java:addFilter(974)) - Added filter static_user_filter (class=org.apache.hadoop.http.lib.StaticUserWebFilter$StaticUserFilter) to context hddsDatanode
2020-07-09 05:16:26,985 [Listener at 127.0.0.1/38375] INFO  http.HttpServer2 (HttpServer2.java:addFilter(982)) - Added filter static_user_filter (class=org.apache.hadoop.http.lib.StaticUserWebFilter$StaticUserFilter) to context logs
2020-07-09 05:16:26,985 [Listener at 127.0.0.1/38375] INFO  http.HttpServer2 (HttpServer2.java:addFilter(982)) - Added filter static_user_filter (class=org.apache.hadoop.http.lib.StaticUserWebFilter$StaticUserFilter) to context static
2020-07-09 05:16:26,985 [Listener at 127.0.0.1/38375] INFO  http.HttpServer2 (HttpServer2.java:bindListener(1216)) - Jetty bound to port 46007
2020-07-09 05:16:26,986 [Listener at 127.0.0.1/38375] INFO  server.Server (Server.java:doStart(359)) - jetty-9.4.26.v20200117; built: 2020-01-17T12:35:33.676Z; git: 7b38981d25d14afb4a12ff1f2596756144edf695; jvm 1.8.0_232-b09
2020-07-09 05:16:26,987 [Listener at 127.0.0.1/38375] INFO  server.session (DefaultSessionIdManager.java:doStart(333)) - DefaultSessionIdManager workerName=node0
2020-07-09 05:16:26,987 [Listener at 127.0.0.1/38375] INFO  server.session (DefaultSessionIdManager.java:doStart(338)) - No SessionScavenger set, using defaults
2020-07-09 05:16:26,987 [Listener at 127.0.0.1/38375] INFO  server.session (HouseKeeper.java:startScavenging(140)) - node0 Scavenging every 600000ms
2020-07-09 05:16:26,988 [Listener at 127.0.0.1/38375] INFO  handler.ContextHandler (ContextHandler.java:doStart(825)) - Started o.e.j.s.ServletContextHandler@58e22835{logs,/logs,file:///github/workspace/mnt/ozone/hadoop-ozone/integration-test/target/log,AVAILABLE}
2020-07-09 05:16:26,988 [Listener at 127.0.0.1/38375] INFO  handler.ContextHandler (ContextHandler.java:doStart(825)) - Started o.e.j.s.ServletContextHandler@685d620a{static,/static,jar:file:/home/user/.m2/repository/org/apache/hadoop/hadoop-hdds-container-service/0.6.0-SNAPSHOT/hadoop-hdds-container-service-0.6.0-SNAPSHOT.jar!/webapps/static,AVAILABLE}
2020-07-09 05:16:27,005 [Listener at 127.0.0.1/38375] INFO  handler.ContextHandler (ContextHandler.java:doStart(825)) - Started o.e.j.w.WebAppContext@7d2fc711{hddsDatanode,/,file:///tmp/jetty-0_0_0_0-46007-hadoop-hdds-container-service-0_6_0-SNAPSHOT_jar-_-any-1737288132183321870.dir/webapp/,AVAILABLE}{jar:file:/home/user/.m2/repository/org/apache/hadoop/hadoop-hdds-container-service/0.6.0-SNAPSHOT/hadoop-hdds-container-service-0.6.0-SNAPSHOT.jar!/webapps/hddsDatanode}
2020-07-09 05:16:27,006 [Listener at 127.0.0.1/38375] INFO  server.AbstractConnector (AbstractConnector.java:doStart(330)) - Started ServerConnector@2cc112a5{HTTP/1.1,[http/1.1]}{0.0.0.0:46007}
2020-07-09 05:16:27,006 [Listener at 127.0.0.1/38375] INFO  server.Server (Server.java:doStart(399)) - Started @176890ms
2020-07-09 05:16:27,007 [Listener at 127.0.0.1/38375] WARN  impl.MetricsSystemImpl (MetricsSystemImpl.java:register(276)) - Sink prometheus already exists!
2020-07-09 05:16:27,009 [Listener at 127.0.0.1/38375] INFO  http.BaseHttpServer (BaseHttpServer.java:updateConnectorAddress(327)) - HTTP server of hddsDatanode listening at http://0.0.0.0:46007
2020-07-09 05:16:27,010 [Listener at 127.0.0.1/38375] INFO  impl.MetricsSystemImpl (MetricsSystemImpl.java:init(158)) - HddsDatanode metrics system started (again)
2020-07-09 05:16:27,011 [Listener at 127.0.0.1/38375] INFO  ozone.HddsDatanodeService (HddsDatanodeService.java:start(197)) - HddsDatanodeService host:787407461a64 ip:172.17.0.2
2020-07-09 05:16:27,012 [Listener at 127.0.0.1/38375] INFO  volume.HddsVolume (HddsVolume.java:<init>(176)) - Creating Volume: /github/workspace/mnt/ozone/hadoop-ozone/integration-test/target/test-dir/MiniOzoneClusterImpl-d071943e-99b5-4a6b-9dcd-d6487b458803/datanode-2/data-0/containers/hdds of storage type : DISK and capacity : 9223372036854775807
2020-07-09 05:16:27,012 [Listener at 127.0.0.1/38375] INFO  volume.MutableVolumeSet (MutableVolumeSet.java:initializeVolumeSet(181)) - Added Volume : /github/workspace/mnt/ozone/hadoop-ozone/integration-test/target/test-dir/MiniOzoneClusterImpl-d071943e-99b5-4a6b-9dcd-d6487b458803/datanode-2/data-0/containers/hdds to VolumeSet
2020-07-09 05:16:27,012 [Listener at 127.0.0.1/38375] INFO  volume.ThrottledAsyncChecker (ThrottledAsyncChecker.java:schedule(141)) - Scheduling a check for /github/workspace/mnt/ozone/hadoop-ozone/integration-test/target/test-dir/MiniOzoneClusterImpl-d071943e-99b5-4a6b-9dcd-d6487b458803/datanode-2/data-0/containers/hdds
2020-07-09 05:16:27,013 [Listener at 127.0.0.1/38375] INFO  volume.HddsVolumeChecker (HddsVolumeChecker.java:checkAllVolumes(200)) - Scheduled health check for volume /github/workspace/mnt/ozone/hadoop-ozone/integration-test/target/test-dir/MiniOzoneClusterImpl-d071943e-99b5-4a6b-9dcd-d6487b458803/datanode-2/data-0/containers/hdds
2020-07-09 05:16:27,033 [org.apache.hadoop.util.JvmPauseMonitor$Monitor@25489ddd] INFO  util.JvmPauseMonitor (JvmPauseMonitor.java:run(188)) - Starting JVM pause monitor
2020-07-09 05:16:27,034 [Datanode State Machine Thread - 0] INFO  datanode.InitDatanodeState (InitDatanodeState.java:persistContainerDatanodeDetails(145)) - DatanodeDetails is persisted to /github/workspace/mnt/ozone/hadoop-ozone/integration-test/target/test-dir/MiniOzoneClusterImpl-d071943e-99b5-4a6b-9dcd-d6487b458803/datanode-1/meta/datanode.id
2020-07-09 05:16:27,035 [Listener at 127.0.0.1/38375] INFO  impl.RaftServerProxy (ConfUtils.java:logGet(44)) - raft.rpc.type = GRPC (default)
2020-07-09 05:16:27,036 [Listener at 127.0.0.1/38375] INFO  grpc.GrpcFactory (GrpcFactory.java:checkPooledByteBufAllocatorUseCacheForAllThreads(45)) - PERFORMANCE WARNING: useCacheForAllThreads is true that may cause Netty to create a lot garbage objects and, as a result, trigger GC.
	It is recommended to disable useCacheForAllThreads by setting -Dorg.apache.ratis.thirdparty.io.netty.allocator.useCacheForAllThreads=false in command line.
2020-07-09 05:16:27,036 [Listener at 127.0.0.1/38375] INFO  grpc.GrpcConfigKeys (ConfUtils.java:logGet(44)) - raft.grpc.server.port = 0 (default)
2020-07-09 05:16:27,036 [Listener at 127.0.0.1/38375] INFO  server.GrpcService (ConfUtils.java:logGet(44)) - raft.grpc.message.size.max = 32MB (=33554432) (custom)
2020-07-09 05:16:27,036 [Listener at 127.0.0.1/38375] INFO  server.RaftServerConfigKeys (ConfUtils.java:logGet(44)) - raft.server.log.appender.buffer.byte-limit = 33554432 (custom)
2020-07-09 05:16:27,036 [Listener at 127.0.0.1/38375] INFO  server.GrpcService (ConfUtils.java:logGet(44)) - raft.grpc.flow.control.window = 5MB (=5242880) (custom)
2020-07-09 05:16:27,036 [Listener at 127.0.0.1/38375] INFO  server.RaftServerConfigKeys (ConfUtils.java:logGet(44)) - raft.server.rpc.request.timeout = 3000ms (default)
2020-07-09 05:16:27,037 [Listener at 127.0.0.1/38375] INFO  server.RaftServerConfigKeys (ConfUtils.java:logGet(44)) - raft.server.storage.dir = [/github/workspace/mnt/ozone/hadoop-ozone/integration-test/target/test-dir/MiniOzoneClusterImpl-d071943e-99b5-4a6b-9dcd-d6487b458803/datanode-2/data/ratis] (custom)
2020-07-09 05:16:27,041 [Listener at 127.0.0.1/38375] INFO  http.BaseHttpServer (BaseHttpServer.java:newHttpServer2BuilderForOzone(207)) - Starting Web-server for hddsDatanode at: http://0.0.0.0:0
2020-07-09 05:16:27,041 [Listener at 127.0.0.1/38375] INFO  http.BaseHttpServer (BaseHttpServer.java:<init>(106)) - Hadoop Security Enabled: false Ozone Security Enabled: false Ozone HTTP Security Enabled: false 
2020-07-09 05:16:27,042 [Listener at 127.0.0.1/38375] INFO  server.AuthenticationFilter (AuthenticationFilter.java:constructSecretProvider(240)) - Unable to initialize FileSignerSecretProvider, falling back to use random secrets.
2020-07-09 05:16:27,043 [Listener at 127.0.0.1/38375] WARN  http.HttpRequestLog (HttpRequestLog.java:getRequestLog(103)) - Jetty request log can only be enabled using Log4j
2020-07-09 05:16:27,043 [Listener at 127.0.0.1/38375] INFO  http.HttpServer2 (HttpServer2.java:addGlobalFilter(998)) - Added global filter 'safety' (class=org.apache.hadoop.hdds.server.http.HttpServer2$QuotingInputFilter)
2020-07-09 05:16:27,044 [Listener at 127.0.0.1/38375] INFO  http.HttpServer2 (HttpServer2.java:addFilter(974)) - Added filter static_user_filter (class=org.apache.hadoop.http.lib.StaticUserWebFilter$StaticUserFilter) to context hddsDatanode
2020-07-09 05:16:27,044 [Listener at 127.0.0.1/38375] INFO  http.HttpServer2 (HttpServer2.java:addFilter(982)) - Added filter static_user_filter (class=org.apache.hadoop.http.lib.StaticUserWebFilter$StaticUserFilter) to context logs
2020-07-09 05:16:27,044 [Listener at 127.0.0.1/38375] INFO  http.HttpServer2 (HttpServer2.java:addFilter(982)) - Added filter static_user_filter (class=org.apache.hadoop.http.lib.StaticUserWebFilter$StaticUserFilter) to context static
2020-07-09 05:16:27,044 [Listener at 127.0.0.1/38375] INFO  http.HttpServer2 (HttpServer2.java:bindListener(1216)) - Jetty bound to port 39329
2020-07-09 05:16:27,044 [Listener at 127.0.0.1/38375] INFO  server.Server (Server.java:doStart(359)) - jetty-9.4.26.v20200117; built: 2020-01-17T12:35:33.676Z; git: 7b38981d25d14afb4a12ff1f2596756144edf695; jvm 1.8.0_232-b09
2020-07-09 05:16:27,046 [Listener at 127.0.0.1/38375] INFO  server.session (DefaultSessionIdManager.java:doStart(333)) - DefaultSessionIdManager workerName=node0
2020-07-09 05:16:27,046 [Listener at 127.0.0.1/38375] INFO  server.session (DefaultSessionIdManager.java:doStart(338)) - No SessionScavenger set, using defaults
2020-07-09 05:16:27,046 [Listener at 127.0.0.1/38375] INFO  server.session (HouseKeeper.java:startScavenging(140)) - node0 Scavenging every 660000ms
2020-07-09 05:16:27,047 [Listener at 127.0.0.1/38375] INFO  handler.ContextHandler (ContextHandler.java:doStart(825)) - Started o.e.j.s.ServletContextHandler@38ee2348{logs,/logs,file:///github/workspace/mnt/ozone/hadoop-ozone/integration-test/target/log,AVAILABLE}
2020-07-09 05:16:27,047 [Listener at 127.0.0.1/38375] INFO  handler.ContextHandler (ContextHandler.java:doStart(825)) - Started o.e.j.s.ServletContextHandler@60144979{static,/static,jar:file:/home/user/.m2/repository/org/apache/hadoop/hadoop-hdds-container-service/0.6.0-SNAPSHOT/hadoop-hdds-container-service-0.6.0-SNAPSHOT.jar!/webapps/static,AVAILABLE}
2020-07-09 05:16:27,062 [Listener at 127.0.0.1/38375] INFO  handler.ContextHandler (ContextHandler.java:doStart(825)) - Started o.e.j.w.WebAppContext@53b464b9{hddsDatanode,/,file:///tmp/jetty-0_0_0_0-39329-hadoop-hdds-container-service-0_6_0-SNAPSHOT_jar-_-any-3153034388387877109.dir/webapp/,AVAILABLE}{jar:file:/home/user/.m2/repository/org/apache/hadoop/hadoop-hdds-container-service/0.6.0-SNAPSHOT/hadoop-hdds-container-service-0.6.0-SNAPSHOT.jar!/webapps/hddsDatanode}
2020-07-09 05:16:27,063 [Listener at 127.0.0.1/38375] INFO  server.AbstractConnector (AbstractConnector.java:doStart(330)) - Started ServerConnector@2982f1eb{HTTP/1.1,[http/1.1]}{0.0.0.0:39329}
2020-07-09 05:16:27,063 [Listener at 127.0.0.1/38375] INFO  server.Server (Server.java:doStart(399)) - Started @176947ms
2020-07-09 05:16:27,063 [Listener at 127.0.0.1/38375] WARN  impl.MetricsSystemImpl (MetricsSystemImpl.java:register(276)) - Sink prometheus already exists!
2020-07-09 05:16:27,066 [Listener at 127.0.0.1/38375] INFO  http.BaseHttpServer (BaseHttpServer.java:updateConnectorAddress(327)) - HTTP server of hddsDatanode listening at http://0.0.0.0:39329
2020-07-09 05:16:27,066 [Listener at 127.0.0.1/38375] INFO  impl.MetricsSystemImpl (MetricsSystemImpl.java:init(158)) - HddsDatanode metrics system started (again)
2020-07-09 05:16:27,068 [Listener at 127.0.0.1/38375] INFO  ozone.HddsDatanodeService (HddsDatanodeService.java:start(197)) - HddsDatanodeService host:787407461a64 ip:172.17.0.2
2020-07-09 05:16:27,069 [org.apache.hadoop.util.JvmPauseMonitor$Monitor@1dc5008b] INFO  util.JvmPauseMonitor (JvmPauseMonitor.java:run(188)) - Starting JVM pause monitor
2020-07-09 05:16:27,070 [Listener at 127.0.0.1/38375] INFO  volume.HddsVolume (HddsVolume.java:<init>(176)) - Creating Volume: /github/workspace/mnt/ozone/hadoop-ozone/integration-test/target/test-dir/MiniOzoneClusterImpl-d071943e-99b5-4a6b-9dcd-d6487b458803/datanode-3/data-0/containers/hdds of storage type : DISK and capacity : 9223372036854775807
2020-07-09 05:16:27,070 [Datanode State Machine Thread - 0] INFO  datanode.InitDatanodeState (InitDatanodeState.java:persistContainerDatanodeDetails(145)) - DatanodeDetails is persisted to /github/workspace/mnt/ozone/hadoop-ozone/integration-test/target/test-dir/MiniOzoneClusterImpl-d071943e-99b5-4a6b-9dcd-d6487b458803/datanode-2/meta/datanode.id
2020-07-09 05:16:27,070 [Listener at 127.0.0.1/38375] INFO  volume.MutableVolumeSet (MutableVolumeSet.java:initializeVolumeSet(181)) - Added Volume : /github/workspace/mnt/ozone/hadoop-ozone/integration-test/target/test-dir/MiniOzoneClusterImpl-d071943e-99b5-4a6b-9dcd-d6487b458803/datanode-3/data-0/containers/hdds to VolumeSet
2020-07-09 05:16:27,070 [Listener at 127.0.0.1/38375] INFO  volume.ThrottledAsyncChecker (ThrottledAsyncChecker.java:schedule(141)) - Scheduling a check for /github/workspace/mnt/ozone/hadoop-ozone/integration-test/target/test-dir/MiniOzoneClusterImpl-d071943e-99b5-4a6b-9dcd-d6487b458803/datanode-3/data-0/containers/hdds
2020-07-09 05:16:27,070 [Listener at 127.0.0.1/38375] INFO  volume.HddsVolumeChecker (HddsVolumeChecker.java:checkAllVolumes(200)) - Scheduled health check for volume /github/workspace/mnt/ozone/hadoop-ozone/integration-test/target/test-dir/MiniOzoneClusterImpl-d071943e-99b5-4a6b-9dcd-d6487b458803/datanode-3/data-0/containers/hdds
2020-07-09 05:16:27,085 [Listener at 127.0.0.1/38375] INFO  impl.RaftServerProxy (ConfUtils.java:logGet(44)) - raft.rpc.type = GRPC (default)
2020-07-09 05:16:27,086 [Listener at 127.0.0.1/38375] INFO  grpc.GrpcFactory (GrpcFactory.java:checkPooledByteBufAllocatorUseCacheForAllThreads(45)) - PERFORMANCE WARNING: useCacheForAllThreads is true that may cause Netty to create a lot garbage objects and, as a result, trigger GC.
	It is recommended to disable useCacheForAllThreads by setting -Dorg.apache.ratis.thirdparty.io.netty.allocator.useCacheForAllThreads=false in command line.
2020-07-09 05:16:27,086 [Listener at 127.0.0.1/38375] INFO  grpc.GrpcConfigKeys (ConfUtils.java:logGet(44)) - raft.grpc.server.port = 0 (default)
2020-07-09 05:16:27,086 [Listener at 127.0.0.1/38375] INFO  server.GrpcService (ConfUtils.java:logGet(44)) - raft.grpc.message.size.max = 32MB (=33554432) (custom)
2020-07-09 05:16:27,086 [Listener at 127.0.0.1/38375] INFO  server.RaftServerConfigKeys (ConfUtils.java:logGet(44)) - raft.server.log.appender.buffer.byte-limit = 33554432 (custom)
2020-07-09 05:16:27,086 [Listener at 127.0.0.1/38375] INFO  server.GrpcService (ConfUtils.java:logGet(44)) - raft.grpc.flow.control.window = 5MB (=5242880) (custom)
2020-07-09 05:16:27,086 [Listener at 127.0.0.1/38375] INFO  server.RaftServerConfigKeys (ConfUtils.java:logGet(44)) - raft.server.rpc.request.timeout = 3000ms (default)
2020-07-09 05:16:27,087 [Listener at 127.0.0.1/38375] INFO  server.RaftServerConfigKeys (ConfUtils.java:logGet(44)) - raft.server.storage.dir = [/github/workspace/mnt/ozone/hadoop-ozone/integration-test/target/test-dir/MiniOzoneClusterImpl-d071943e-99b5-4a6b-9dcd-d6487b458803/datanode-3/data/ratis] (custom)
2020-07-09 05:16:27,091 [Listener at 127.0.0.1/38375] INFO  http.BaseHttpServer (BaseHttpServer.java:newHttpServer2BuilderForOzone(207)) - Starting Web-server for hddsDatanode at: http://0.0.0.0:0
2020-07-09 05:16:27,091 [Listener at 127.0.0.1/38375] INFO  http.BaseHttpServer (BaseHttpServer.java:<init>(106)) - Hadoop Security Enabled: false Ozone Security Enabled: false Ozone HTTP Security Enabled: false 
2020-07-09 05:16:27,092 [Listener at 127.0.0.1/38375] INFO  server.AuthenticationFilter (AuthenticationFilter.java:constructSecretProvider(240)) - Unable to initialize FileSignerSecretProvider, falling back to use random secrets.
2020-07-09 05:16:27,092 [Listener at 127.0.0.1/38375] WARN  http.HttpRequestLog (HttpRequestLog.java:getRequestLog(103)) - Jetty request log can only be enabled using Log4j
2020-07-09 05:16:27,092 [Listener at 127.0.0.1/38375] INFO  http.HttpServer2 (HttpServer2.java:addGlobalFilter(998)) - Added global filter 'safety' (class=org.apache.hadoop.hdds.server.http.HttpServer2$QuotingInputFilter)
2020-07-09 05:16:27,093 [Listener at 127.0.0.1/38375] INFO  http.HttpServer2 (HttpServer2.java:addFilter(974)) - Added filter static_user_filter (class=org.apache.hadoop.http.lib.StaticUserWebFilter$StaticUserFilter) to context hddsDatanode
2020-07-09 05:16:27,093 [Listener at 127.0.0.1/38375] INFO  http.HttpServer2 (HttpServer2.java:addFilter(982)) - Added filter static_user_filter (class=org.apache.hadoop.http.lib.StaticUserWebFilter$StaticUserFilter) to context static
2020-07-09 05:16:27,093 [Listener at 127.0.0.1/38375] INFO  http.HttpServer2 (HttpServer2.java:addFilter(982)) - Added filter static_user_filter (class=org.apache.hadoop.http.lib.StaticUserWebFilter$StaticUserFilter) to context logs
2020-07-09 05:16:27,094 [Listener at 127.0.0.1/38375] INFO  http.HttpServer2 (HttpServer2.java:bindListener(1216)) - Jetty bound to port 33031
2020-07-09 05:16:27,094 [Listener at 127.0.0.1/38375] INFO  server.Server (Server.java:doStart(359)) - jetty-9.4.26.v20200117; built: 2020-01-17T12:35:33.676Z; git: 7b38981d25d14afb4a12ff1f2596756144edf695; jvm 1.8.0_232-b09
2020-07-09 05:16:27,095 [Listener at 127.0.0.1/38375] INFO  server.session (DefaultSessionIdManager.java:doStart(333)) - DefaultSessionIdManager workerName=node0
2020-07-09 05:16:27,095 [Listener at 127.0.0.1/38375] INFO  server.session (DefaultSessionIdManager.java:doStart(338)) - No SessionScavenger set, using defaults
2020-07-09 05:16:27,096 [Listener at 127.0.0.1/38375] INFO  server.session (HouseKeeper.java:startScavenging(140)) - node0 Scavenging every 660000ms
2020-07-09 05:16:27,096 [Listener at 127.0.0.1/38375] INFO  handler.ContextHandler (ContextHandler.java:doStart(825)) - Started o.e.j.s.ServletContextHandler@5d4838fc{logs,/logs,file:///github/workspace/mnt/ozone/hadoop-ozone/integration-test/target/log,AVAILABLE}
2020-07-09 05:16:27,096 [Listener at 127.0.0.1/38375] INFO  handler.ContextHandler (ContextHandler.java:doStart(825)) - Started o.e.j.s.ServletContextHandler@21833d72{static,/static,jar:file:/home/user/.m2/repository/org/apache/hadoop/hadoop-hdds-container-service/0.6.0-SNAPSHOT/hadoop-hdds-container-service-0.6.0-SNAPSHOT.jar!/webapps/static,AVAILABLE}
2020-07-09 05:16:27,111 [Listener at 127.0.0.1/38375] INFO  handler.ContextHandler (ContextHandler.java:doStart(825)) - Started o.e.j.w.WebAppContext@23b824b3{hddsDatanode,/,file:///tmp/jetty-0_0_0_0-33031-hadoop-hdds-container-service-0_6_0-SNAPSHOT_jar-_-any-701509099235518856.dir/webapp/,AVAILABLE}{jar:file:/home/user/.m2/repository/org/apache/hadoop/hadoop-hdds-container-service/0.6.0-SNAPSHOT/hadoop-hdds-container-service-0.6.0-SNAPSHOT.jar!/webapps/hddsDatanode}
2020-07-09 05:16:27,115 [Listener at 127.0.0.1/38375] INFO  server.AbstractConnector (AbstractConnector.java:doStart(330)) - Started ServerConnector@2988933b{HTTP/1.1,[http/1.1]}{0.0.0.0:33031}
2020-07-09 05:16:27,115 [Listener at 127.0.0.1/38375] INFO  server.Server (Server.java:doStart(399)) - Started @176999ms
2020-07-09 05:16:27,115 [Listener at 127.0.0.1/38375] WARN  impl.MetricsSystemImpl (MetricsSystemImpl.java:register(276)) - Sink prometheus already exists!
2020-07-09 05:16:27,117 [Listener at 127.0.0.1/38375] INFO  http.BaseHttpServer (BaseHttpServer.java:updateConnectorAddress(327)) - HTTP server of hddsDatanode listening at http://0.0.0.0:33031
2020-07-09 05:16:27,120 [Listener at 127.0.0.1/38375] INFO  impl.MetricsSystemImpl (MetricsSystemImpl.java:init(158)) - HddsDatanode metrics system started (again)
2020-07-09 05:16:27,122 [Listener at 127.0.0.1/38375] INFO  ozone.HddsDatanodeService (HddsDatanodeService.java:start(197)) - HddsDatanodeService host:787407461a64 ip:172.17.0.2
2020-07-09 05:16:27,127 [Listener at 127.0.0.1/38375] INFO  volume.HddsVolume (HddsVolume.java:<init>(176)) - Creating Volume: /github/workspace/mnt/ozone/hadoop-ozone/integration-test/target/test-dir/MiniOzoneClusterImpl-d071943e-99b5-4a6b-9dcd-d6487b458803/datanode-4/data-0/containers/hdds of storage type : DISK and capacity : 9223372036854775807
2020-07-09 05:16:27,127 [Listener at 127.0.0.1/38375] INFO  volume.MutableVolumeSet (MutableVolumeSet.java:initializeVolumeSet(181)) - Added Volume : /github/workspace/mnt/ozone/hadoop-ozone/integration-test/target/test-dir/MiniOzoneClusterImpl-d071943e-99b5-4a6b-9dcd-d6487b458803/datanode-4/data-0/containers/hdds to VolumeSet
2020-07-09 05:16:27,128 [Listener at 127.0.0.1/38375] INFO  volume.ThrottledAsyncChecker (ThrottledAsyncChecker.java:schedule(141)) - Scheduling a check for /github/workspace/mnt/ozone/hadoop-ozone/integration-test/target/test-dir/MiniOzoneClusterImpl-d071943e-99b5-4a6b-9dcd-d6487b458803/datanode-4/data-0/containers/hdds
2020-07-09 05:16:27,133 [Listener at 127.0.0.1/38375] INFO  volume.HddsVolumeChecker (HddsVolumeChecker.java:checkAllVolumes(200)) - Scheduled health check for volume /github/workspace/mnt/ozone/hadoop-ozone/integration-test/target/test-dir/MiniOzoneClusterImpl-d071943e-99b5-4a6b-9dcd-d6487b458803/datanode-4/data-0/containers/hdds
2020-07-09 05:16:27,141 [org.apache.hadoop.util.JvmPauseMonitor$Monitor@66d994dc] INFO  util.JvmPauseMonitor (JvmPauseMonitor.java:run(188)) - Starting JVM pause monitor
2020-07-09 05:16:27,142 [Datanode State Machine Thread - 0] INFO  datanode.InitDatanodeState (InitDatanodeState.java:persistContainerDatanodeDetails(145)) - DatanodeDetails is persisted to /github/workspace/mnt/ozone/hadoop-ozone/integration-test/target/test-dir/MiniOzoneClusterImpl-d071943e-99b5-4a6b-9dcd-d6487b458803/datanode-3/meta/datanode.id
2020-07-09 05:16:27,147 [Listener at 127.0.0.1/38375] INFO  impl.RaftServerProxy (ConfUtils.java:logGet(44)) - raft.rpc.type = GRPC (default)
2020-07-09 05:16:27,147 [Listener at 127.0.0.1/38375] INFO  grpc.GrpcFactory (GrpcFactory.java:checkPooledByteBufAllocatorUseCacheForAllThreads(45)) - PERFORMANCE WARNING: useCacheForAllThreads is true that may cause Netty to create a lot garbage objects and, as a result, trigger GC.
	It is recommended to disable useCacheForAllThreads by setting -Dorg.apache.ratis.thirdparty.io.netty.allocator.useCacheForAllThreads=false in command line.
2020-07-09 05:16:27,147 [Listener at 127.0.0.1/38375] INFO  grpc.GrpcConfigKeys (ConfUtils.java:logGet(44)) - raft.grpc.server.port = 0 (default)
2020-07-09 05:16:27,147 [Listener at 127.0.0.1/38375] INFO  server.GrpcService (ConfUtils.java:logGet(44)) - raft.grpc.message.size.max = 32MB (=33554432) (custom)
2020-07-09 05:16:27,147 [Listener at 127.0.0.1/38375] INFO  server.RaftServerConfigKeys (ConfUtils.java:logGet(44)) - raft.server.log.appender.buffer.byte-limit = 33554432 (custom)
2020-07-09 05:16:27,147 [Listener at 127.0.0.1/38375] INFO  server.GrpcService (ConfUtils.java:logGet(44)) - raft.grpc.flow.control.window = 5MB (=5242880) (custom)
2020-07-09 05:16:27,148 [Listener at 127.0.0.1/38375] INFO  server.RaftServerConfigKeys (ConfUtils.java:logGet(44)) - raft.server.rpc.request.timeout = 3000ms (default)
2020-07-09 05:16:27,148 [Listener at 127.0.0.1/38375] INFO  server.RaftServerConfigKeys (ConfUtils.java:logGet(44)) - raft.server.storage.dir = [/github/workspace/mnt/ozone/hadoop-ozone/integration-test/target/test-dir/MiniOzoneClusterImpl-d071943e-99b5-4a6b-9dcd-d6487b458803/datanode-4/data/ratis] (custom)
2020-07-09 05:16:27,152 [Listener at 127.0.0.1/38375] INFO  http.BaseHttpServer (BaseHttpServer.java:newHttpServer2BuilderForOzone(207)) - Starting Web-server for hddsDatanode at: http://0.0.0.0:0
2020-07-09 05:16:27,152 [Listener at 127.0.0.1/38375] INFO  http.BaseHttpServer (BaseHttpServer.java:<init>(106)) - Hadoop Security Enabled: false Ozone Security Enabled: false Ozone HTTP Security Enabled: false 
2020-07-09 05:16:27,153 [Listener at 127.0.0.1/38375] INFO  server.AuthenticationFilter (AuthenticationFilter.java:constructSecretProvider(240)) - Unable to initialize FileSignerSecretProvider, falling back to use random secrets.
2020-07-09 05:16:27,154 [Listener at 127.0.0.1/38375] WARN  http.HttpRequestLog (HttpRequestLog.java:getRequestLog(103)) - Jetty request log can only be enabled using Log4j
2020-07-09 05:16:27,154 [Listener at 127.0.0.1/38375] INFO  http.HttpServer2 (HttpServer2.java:addGlobalFilter(998)) - Added global filter 'safety' (class=org.apache.hadoop.hdds.server.http.HttpServer2$QuotingInputFilter)
2020-07-09 05:16:27,155 [Listener at 127.0.0.1/38375] INFO  http.HttpServer2 (HttpServer2.java:addFilter(974)) - Added filter static_user_filter (class=org.apache.hadoop.http.lib.StaticUserWebFilter$StaticUserFilter) to context hddsDatanode
2020-07-09 05:16:27,155 [Listener at 127.0.0.1/38375] INFO  http.HttpServer2 (HttpServer2.java:addFilter(982)) - Added filter static_user_filter (class=org.apache.hadoop.http.lib.StaticUserWebFilter$StaticUserFilter) to context logs
2020-07-09 05:16:27,155 [Listener at 127.0.0.1/38375] INFO  http.HttpServer2 (HttpServer2.java:addFilter(982)) - Added filter static_user_filter (class=org.apache.hadoop.http.lib.StaticUserWebFilter$StaticUserFilter) to context static
2020-07-09 05:16:27,155 [Listener at 127.0.0.1/38375] INFO  http.HttpServer2 (HttpServer2.java:bindListener(1216)) - Jetty bound to port 33341
2020-07-09 05:16:27,156 [Listener at 127.0.0.1/38375] INFO  server.Server (Server.java:doStart(359)) - jetty-9.4.26.v20200117; built: 2020-01-17T12:35:33.676Z; git: 7b38981d25d14afb4a12ff1f2596756144edf695; jvm 1.8.0_232-b09
2020-07-09 05:16:27,157 [Listener at 127.0.0.1/38375] INFO  server.session (DefaultSessionIdManager.java:doStart(333)) - DefaultSessionIdManager workerName=node0
2020-07-09 05:16:27,157 [Listener at 127.0.0.1/38375] INFO  server.session (DefaultSessionIdManager.java:doStart(338)) - No SessionScavenger set, using defaults
2020-07-09 05:16:27,157 [Listener at 127.0.0.1/38375] INFO  server.session (HouseKeeper.java:startScavenging(140)) - node0 Scavenging every 600000ms
2020-07-09 05:16:27,158 [Listener at 127.0.0.1/38375] INFO  handler.ContextHandler (ContextHandler.java:doStart(825)) - Started o.e.j.s.ServletContextHandler@3c802d25{logs,/logs,file:///github/workspace/mnt/ozone/hadoop-ozone/integration-test/target/log,AVAILABLE}
2020-07-09 05:16:27,158 [Listener at 127.0.0.1/38375] INFO  handler.ContextHandler (ContextHandler.java:doStart(825)) - Started o.e.j.s.ServletContextHandler@1597ed32{static,/static,jar:file:/home/user/.m2/repository/org/apache/hadoop/hadoop-hdds-container-service/0.6.0-SNAPSHOT/hadoop-hdds-container-service-0.6.0-SNAPSHOT.jar!/webapps/static,AVAILABLE}
2020-07-09 05:16:27,173 [Listener at 127.0.0.1/38375] INFO  handler.ContextHandler (ContextHandler.java:doStart(825)) - Started o.e.j.w.WebAppContext@73372652{hddsDatanode,/,file:///tmp/jetty-0_0_0_0-33341-hadoop-hdds-container-service-0_6_0-SNAPSHOT_jar-_-any-7565032005476188394.dir/webapp/,AVAILABLE}{jar:file:/home/user/.m2/repository/org/apache/hadoop/hadoop-hdds-container-service/0.6.0-SNAPSHOT/hadoop-hdds-container-service-0.6.0-SNAPSHOT.jar!/webapps/hddsDatanode}
2020-07-09 05:16:27,174 [Listener at 127.0.0.1/38375] INFO  server.AbstractConnector (AbstractConnector.java:doStart(330)) - Started ServerConnector@1189f179{HTTP/1.1,[http/1.1]}{0.0.0.0:33341}
2020-07-09 05:16:27,174 [Listener at 127.0.0.1/38375] INFO  server.Server (Server.java:doStart(399)) - Started @177058ms
2020-07-09 05:16:27,175 [Listener at 127.0.0.1/38375] WARN  impl.MetricsSystemImpl (MetricsSystemImpl.java:register(276)) - Sink prometheus already exists!
2020-07-09 05:16:27,177 [Listener at 127.0.0.1/38375] INFO  http.BaseHttpServer (BaseHttpServer.java:updateConnectorAddress(327)) - HTTP server of hddsDatanode listening at http://0.0.0.0:33341
2020-07-09 05:16:27,178 [Listener at 127.0.0.1/38375] INFO  impl.MetricsSystemImpl (MetricsSystemImpl.java:init(158)) - HddsDatanode metrics system started (again)
2020-07-09 05:16:27,180 [Listener at 127.0.0.1/38375] INFO  ozone.HddsDatanodeService (HddsDatanodeService.java:start(197)) - HddsDatanodeService host:787407461a64 ip:172.17.0.2
2020-07-09 05:16:27,181 [Datanode State Machine Thread - 0] INFO  datanode.InitDatanodeState (InitDatanodeState.java:persistContainerDatanodeDetails(145)) - DatanodeDetails is persisted to /github/workspace/mnt/ozone/hadoop-ozone/integration-test/target/test-dir/MiniOzoneClusterImpl-d071943e-99b5-4a6b-9dcd-d6487b458803/datanode-4/meta/datanode.id
2020-07-09 05:16:27,181 [org.apache.hadoop.util.JvmPauseMonitor$Monitor@3617f1b] INFO  util.JvmPauseMonitor (JvmPauseMonitor.java:run(188)) - Starting JVM pause monitor
2020-07-09 05:16:27,181 [Listener at 127.0.0.1/38375] INFO  volume.HddsVolume (HddsVolume.java:<init>(176)) - Creating Volume: /github/workspace/mnt/ozone/hadoop-ozone/integration-test/target/test-dir/MiniOzoneClusterImpl-d071943e-99b5-4a6b-9dcd-d6487b458803/datanode-5/data-0/containers/hdds of storage type : DISK and capacity : 9223372036854775807
2020-07-09 05:16:27,182 [Listener at 127.0.0.1/38375] INFO  volume.MutableVolumeSet (MutableVolumeSet.java:initializeVolumeSet(181)) - Added Volume : /github/workspace/mnt/ozone/hadoop-ozone/integration-test/target/test-dir/MiniOzoneClusterImpl-d071943e-99b5-4a6b-9dcd-d6487b458803/datanode-5/data-0/containers/hdds to VolumeSet
2020-07-09 05:16:27,182 [Listener at 127.0.0.1/38375] INFO  volume.ThrottledAsyncChecker (ThrottledAsyncChecker.java:schedule(141)) - Scheduling a check for /github/workspace/mnt/ozone/hadoop-ozone/integration-test/target/test-dir/MiniOzoneClusterImpl-d071943e-99b5-4a6b-9dcd-d6487b458803/datanode-5/data-0/containers/hdds
2020-07-09 05:16:27,182 [Listener at 127.0.0.1/38375] INFO  volume.HddsVolumeChecker (HddsVolumeChecker.java:checkAllVolumes(200)) - Scheduled health check for volume /github/workspace/mnt/ozone/hadoop-ozone/integration-test/target/test-dir/MiniOzoneClusterImpl-d071943e-99b5-4a6b-9dcd-d6487b458803/datanode-5/data-0/containers/hdds
2020-07-09 05:16:27,195 [Listener at 127.0.0.1/38375] INFO  impl.RaftServerProxy (ConfUtils.java:logGet(44)) - raft.rpc.type = GRPC (default)
2020-07-09 05:16:27,195 [Listener at 127.0.0.1/38375] INFO  grpc.GrpcFactory (GrpcFactory.java:checkPooledByteBufAllocatorUseCacheForAllThreads(45)) - PERFORMANCE WARNING: useCacheForAllThreads is true that may cause Netty to create a lot garbage objects and, as a result, trigger GC.
	It is recommended to disable useCacheForAllThreads by setting -Dorg.apache.ratis.thirdparty.io.netty.allocator.useCacheForAllThreads=false in command line.
2020-07-09 05:16:27,195 [Listener at 127.0.0.1/38375] INFO  grpc.GrpcConfigKeys (ConfUtils.java:logGet(44)) - raft.grpc.server.port = 0 (default)
2020-07-09 05:16:27,195 [Listener at 127.0.0.1/38375] INFO  server.GrpcService (ConfUtils.java:logGet(44)) - raft.grpc.message.size.max = 32MB (=33554432) (custom)
2020-07-09 05:16:27,196 [Listener at 127.0.0.1/38375] INFO  server.RaftServerConfigKeys (ConfUtils.java:logGet(44)) - raft.server.log.appender.buffer.byte-limit = 33554432 (custom)
2020-07-09 05:16:27,196 [Listener at 127.0.0.1/38375] INFO  server.GrpcService (ConfUtils.java:logGet(44)) - raft.grpc.flow.control.window = 5MB (=5242880) (custom)
2020-07-09 05:16:27,196 [Listener at 127.0.0.1/38375] INFO  server.RaftServerConfigKeys (ConfUtils.java:logGet(44)) - raft.server.rpc.request.timeout = 3000ms (default)
2020-07-09 05:16:27,197 [Listener at 127.0.0.1/38375] INFO  server.RaftServerConfigKeys (ConfUtils.java:logGet(44)) - raft.server.storage.dir = [/github/workspace/mnt/ozone/hadoop-ozone/integration-test/target/test-dir/MiniOzoneClusterImpl-d071943e-99b5-4a6b-9dcd-d6487b458803/datanode-5/data/ratis] (custom)
2020-07-09 05:16:27,200 [Listener at 127.0.0.1/38375] INFO  http.BaseHttpServer (BaseHttpServer.java:newHttpServer2BuilderForOzone(207)) - Starting Web-server for hddsDatanode at: http://0.0.0.0:0
2020-07-09 05:16:27,200 [Listener at 127.0.0.1/38375] INFO  http.BaseHttpServer (BaseHttpServer.java:<init>(106)) - Hadoop Security Enabled: false Ozone Security Enabled: false Ozone HTTP Security Enabled: false 
2020-07-09 05:16:27,201 [Listener at 127.0.0.1/38375] INFO  server.AuthenticationFilter (AuthenticationFilter.java:constructSecretProvider(240)) - Unable to initialize FileSignerSecretProvider, falling back to use random secrets.
2020-07-09 05:16:27,202 [Listener at 127.0.0.1/38375] WARN  http.HttpRequestLog (HttpRequestLog.java:getRequestLog(103)) - Jetty request log can only be enabled using Log4j
2020-07-09 05:16:27,202 [Listener at 127.0.0.1/38375] INFO  http.HttpServer2 (HttpServer2.java:addGlobalFilter(998)) - Added global filter 'safety' (class=org.apache.hadoop.hdds.server.http.HttpServer2$QuotingInputFilter)
2020-07-09 05:16:27,203 [Listener at 127.0.0.1/38375] INFO  http.HttpServer2 (HttpServer2.java:addFilter(974)) - Added filter static_user_filter (class=org.apache.hadoop.http.lib.StaticUserWebFilter$StaticUserFilter) to context hddsDatanode
2020-07-09 05:16:27,203 [Listener at 127.0.0.1/38375] INFO  http.HttpServer2 (HttpServer2.java:addFilter(982)) - Added filter static_user_filter (class=org.apache.hadoop.http.lib.StaticUserWebFilter$StaticUserFilter) to context static
2020-07-09 05:16:27,203 [Listener at 127.0.0.1/38375] INFO  http.HttpServer2 (HttpServer2.java:addFilter(982)) - Added filter static_user_filter (class=org.apache.hadoop.http.lib.StaticUserWebFilter$StaticUserFilter) to context logs
2020-07-09 05:16:27,203 [Listener at 127.0.0.1/38375] INFO  http.HttpServer2 (HttpServer2.java:bindListener(1216)) - Jetty bound to port 33433
2020-07-09 05:16:27,203 [Listener at 127.0.0.1/38375] INFO  server.Server (Server.java:doStart(359)) - jetty-9.4.26.v20200117; built: 2020-01-17T12:35:33.676Z; git: 7b38981d25d14afb4a12ff1f2596756144edf695; jvm 1.8.0_232-b09
2020-07-09 05:16:27,205 [Listener at 127.0.0.1/38375] INFO  server.session (DefaultSessionIdManager.java:doStart(333)) - DefaultSessionIdManager workerName=node0
2020-07-09 05:16:27,205 [Listener at 127.0.0.1/38375] INFO  server.session (DefaultSessionIdManager.java:doStart(338)) - No SessionScavenger set, using defaults
2020-07-09 05:16:27,205 [Listener at 127.0.0.1/38375] INFO  server.session (HouseKeeper.java:startScavenging(140)) - node0 Scavenging every 600000ms
2020-07-09 05:16:27,206 [Listener at 127.0.0.1/38375] INFO  handler.ContextHandler (ContextHandler.java:doStart(825)) - Started o.e.j.s.ServletContextHandler@6f3059ad{logs,/logs,file:///github/workspace/mnt/ozone/hadoop-ozone/integration-test/target/log,AVAILABLE}
2020-07-09 05:16:27,206 [Listener at 127.0.0.1/38375] INFO  handler.ContextHandler (ContextHandler.java:doStart(825)) - Started o.e.j.s.ServletContextHandler@595be089{static,/static,jar:file:/home/user/.m2/repository/org/apache/hadoop/hadoop-hdds-container-service/0.6.0-SNAPSHOT/hadoop-hdds-container-service-0.6.0-SNAPSHOT.jar!/webapps/static,AVAILABLE}
2020-07-09 05:16:27,220 [Listener at 127.0.0.1/38375] INFO  handler.ContextHandler (ContextHandler.java:doStart(825)) - Started o.e.j.w.WebAppContext@46460f58{hddsDatanode,/,file:///tmp/jetty-0_0_0_0-33433-hadoop-hdds-container-service-0_6_0-SNAPSHOT_jar-_-any-2951707477580073183.dir/webapp/,AVAILABLE}{jar:file:/home/user/.m2/repository/org/apache/hadoop/hadoop-hdds-container-service/0.6.0-SNAPSHOT/hadoop-hdds-container-service-0.6.0-SNAPSHOT.jar!/webapps/hddsDatanode}
2020-07-09 05:16:27,221 [Listener at 127.0.0.1/38375] INFO  server.AbstractConnector (AbstractConnector.java:doStart(330)) - Started ServerConnector@214a81a4{HTTP/1.1,[http/1.1]}{0.0.0.0:33433}
2020-07-09 05:16:27,221 [Listener at 127.0.0.1/38375] INFO  server.Server (Server.java:doStart(399)) - Started @177105ms
2020-07-09 05:16:27,221 [Listener at 127.0.0.1/38375] WARN  impl.MetricsSystemImpl (MetricsSystemImpl.java:register(276)) - Sink prometheus already exists!
2020-07-09 05:16:27,224 [Listener at 127.0.0.1/38375] INFO  http.BaseHttpServer (BaseHttpServer.java:updateConnectorAddress(327)) - HTTP server of hddsDatanode listening at http://0.0.0.0:33433
2020-07-09 05:16:27,224 [Listener at 127.0.0.1/38375] INFO  impl.MetricsSystemImpl (MetricsSystemImpl.java:init(158)) - HddsDatanode metrics system started (again)
2020-07-09 05:16:27,227 [Listener at 127.0.0.1/38375] INFO  ozone.HddsDatanodeService (HddsDatanodeService.java:start(197)) - HddsDatanodeService host:787407461a64 ip:172.17.0.2
2020-07-09 05:16:27,229 [org.apache.hadoop.util.JvmPauseMonitor$Monitor@575ae906] INFO  util.JvmPauseMonitor (JvmPauseMonitor.java:run(188)) - Starting JVM pause monitor
2020-07-09 05:16:27,229 [Listener at 127.0.0.1/38375] INFO  volume.HddsVolume (HddsVolume.java:<init>(176)) - Creating Volume: /github/workspace/mnt/ozone/hadoop-ozone/integration-test/target/test-dir/MiniOzoneClusterImpl-d071943e-99b5-4a6b-9dcd-d6487b458803/datanode-6/data-0/containers/hdds of storage type : DISK and capacity : 9223372036854775807
2020-07-09 05:16:27,230 [Datanode State Machine Thread - 0] INFO  datanode.InitDatanodeState (InitDatanodeState.java:persistContainerDatanodeDetails(145)) - DatanodeDetails is persisted to /github/workspace/mnt/ozone/hadoop-ozone/integration-test/target/test-dir/MiniOzoneClusterImpl-d071943e-99b5-4a6b-9dcd-d6487b458803/datanode-5/meta/datanode.id
2020-07-09 05:16:27,230 [Listener at 127.0.0.1/38375] INFO  volume.MutableVolumeSet (MutableVolumeSet.java:initializeVolumeSet(181)) - Added Volume : /github/workspace/mnt/ozone/hadoop-ozone/integration-test/target/test-dir/MiniOzoneClusterImpl-d071943e-99b5-4a6b-9dcd-d6487b458803/datanode-6/data-0/containers/hdds to VolumeSet
2020-07-09 05:16:27,230 [Listener at 127.0.0.1/38375] INFO  volume.ThrottledAsyncChecker (ThrottledAsyncChecker.java:schedule(141)) - Scheduling a check for /github/workspace/mnt/ozone/hadoop-ozone/integration-test/target/test-dir/MiniOzoneClusterImpl-d071943e-99b5-4a6b-9dcd-d6487b458803/datanode-6/data-0/containers/hdds
2020-07-09 05:16:27,230 [Listener at 127.0.0.1/38375] INFO  volume.HddsVolumeChecker (HddsVolumeChecker.java:checkAllVolumes(200)) - Scheduled health check for volume /github/workspace/mnt/ozone/hadoop-ozone/integration-test/target/test-dir/MiniOzoneClusterImpl-d071943e-99b5-4a6b-9dcd-d6487b458803/datanode-6/data-0/containers/hdds
2020-07-09 05:16:27,247 [Listener at 127.0.0.1/38375] INFO  impl.RaftServerProxy (ConfUtils.java:logGet(44)) - raft.rpc.type = GRPC (default)
2020-07-09 05:16:27,247 [Listener at 127.0.0.1/38375] INFO  grpc.GrpcFactory (GrpcFactory.java:checkPooledByteBufAllocatorUseCacheForAllThreads(45)) - PERFORMANCE WARNING: useCacheForAllThreads is true that may cause Netty to create a lot garbage objects and, as a result, trigger GC.
	It is recommended to disable useCacheForAllThreads by setting -Dorg.apache.ratis.thirdparty.io.netty.allocator.useCacheForAllThreads=false in command line.
2020-07-09 05:16:27,247 [Listener at 127.0.0.1/38375] INFO  grpc.GrpcConfigKeys (ConfUtils.java:logGet(44)) - raft.grpc.server.port = 0 (default)
2020-07-09 05:16:27,248 [Listener at 127.0.0.1/38375] INFO  server.GrpcService (ConfUtils.java:logGet(44)) - raft.grpc.message.size.max = 32MB (=33554432) (custom)
2020-07-09 05:16:27,248 [Listener at 127.0.0.1/38375] INFO  server.RaftServerConfigKeys (ConfUtils.java:logGet(44)) - raft.server.log.appender.buffer.byte-limit = 33554432 (custom)
2020-07-09 05:16:27,248 [Listener at 127.0.0.1/38375] INFO  server.GrpcService (ConfUtils.java:logGet(44)) - raft.grpc.flow.control.window = 5MB (=5242880) (custom)
2020-07-09 05:16:27,248 [Listener at 127.0.0.1/38375] INFO  server.RaftServerConfigKeys (ConfUtils.java:logGet(44)) - raft.server.rpc.request.timeout = 3000ms (default)
2020-07-09 05:16:27,249 [Listener at 127.0.0.1/38375] INFO  server.RaftServerConfigKeys (ConfUtils.java:logGet(44)) - raft.server.storage.dir = [/github/workspace/mnt/ozone/hadoop-ozone/integration-test/target/test-dir/MiniOzoneClusterImpl-d071943e-99b5-4a6b-9dcd-d6487b458803/datanode-6/data/ratis] (custom)
2020-07-09 05:16:27,252 [Listener at 127.0.0.1/38375] INFO  http.BaseHttpServer (BaseHttpServer.java:newHttpServer2BuilderForOzone(207)) - Starting Web-server for hddsDatanode at: http://0.0.0.0:0
2020-07-09 05:16:27,253 [Listener at 127.0.0.1/38375] INFO  http.BaseHttpServer (BaseHttpServer.java:<init>(106)) - Hadoop Security Enabled: false Ozone Security Enabled: false Ozone HTTP Security Enabled: false 
2020-07-09 05:16:27,255 [Listener at 127.0.0.1/38375] INFO  server.AuthenticationFilter (AuthenticationFilter.java:constructSecretProvider(240)) - Unable to initialize FileSignerSecretProvider, falling back to use random secrets.
2020-07-09 05:16:27,256 [Listener at 127.0.0.1/38375] WARN  http.HttpRequestLog (HttpRequestLog.java:getRequestLog(103)) - Jetty request log can only be enabled using Log4j
2020-07-09 05:16:27,256 [Listener at 127.0.0.1/38375] INFO  http.HttpServer2 (HttpServer2.java:addGlobalFilter(998)) - Added global filter 'safety' (class=org.apache.hadoop.hdds.server.http.HttpServer2$QuotingInputFilter)
2020-07-09 05:16:27,257 [Listener at 127.0.0.1/38375] INFO  http.HttpServer2 (HttpServer2.java:addFilter(974)) - Added filter static_user_filter (class=org.apache.hadoop.http.lib.StaticUserWebFilter$StaticUserFilter) to context hddsDatanode
2020-07-09 05:16:27,257 [Listener at 127.0.0.1/38375] INFO  http.HttpServer2 (HttpServer2.java:addFilter(982)) - Added filter static_user_filter (class=org.apache.hadoop.http.lib.StaticUserWebFilter$StaticUserFilter) to context logs
2020-07-09 05:16:27,257 [Listener at 127.0.0.1/38375] INFO  http.HttpServer2 (HttpServer2.java:addFilter(982)) - Added filter static_user_filter (class=org.apache.hadoop.http.lib.StaticUserWebFilter$StaticUserFilter) to context static
2020-07-09 05:16:27,257 [Listener at 127.0.0.1/38375] INFO  http.HttpServer2 (HttpServer2.java:bindListener(1216)) - Jetty bound to port 45589
2020-07-09 05:16:27,258 [Listener at 127.0.0.1/38375] INFO  server.Server (Server.java:doStart(359)) - jetty-9.4.26.v20200117; built: 2020-01-17T12:35:33.676Z; git: 7b38981d25d14afb4a12ff1f2596756144edf695; jvm 1.8.0_232-b09
2020-07-09 05:16:27,259 [Listener at 127.0.0.1/38375] INFO  server.session (DefaultSessionIdManager.java:doStart(333)) - DefaultSessionIdManager workerName=node0
2020-07-09 05:16:27,259 [Listener at 127.0.0.1/38375] INFO  server.session (DefaultSessionIdManager.java:doStart(338)) - No SessionScavenger set, using defaults
2020-07-09 05:16:27,259 [Listener at 127.0.0.1/38375] INFO  server.session (HouseKeeper.java:startScavenging(140)) - node0 Scavenging every 600000ms
2020-07-09 05:16:27,260 [Listener at 127.0.0.1/38375] INFO  handler.ContextHandler (ContextHandler.java:doStart(825)) - Started o.e.j.s.ServletContextHandler@7ad9ed91{logs,/logs,file:///github/workspace/mnt/ozone/hadoop-ozone/integration-test/target/log,AVAILABLE}
2020-07-09 05:16:27,260 [Listener at 127.0.0.1/38375] INFO  handler.ContextHandler (ContextHandler.java:doStart(825)) - Started o.e.j.s.ServletContextHandler@18809db8{static,/static,jar:file:/home/user/.m2/repository/org/apache/hadoop/hadoop-hdds-container-service/0.6.0-SNAPSHOT/hadoop-hdds-container-service-0.6.0-SNAPSHOT.jar!/webapps/static,AVAILABLE}
2020-07-09 05:16:27,274 [Listener at 127.0.0.1/38375] INFO  handler.ContextHandler (ContextHandler.java:doStart(825)) - Started o.e.j.w.WebAppContext@1607b56b{hddsDatanode,/,file:///tmp/jetty-0_0_0_0-45589-hadoop-hdds-container-service-0_6_0-SNAPSHOT_jar-_-any-299566401001865974.dir/webapp/,AVAILABLE}{jar:file:/home/user/.m2/repository/org/apache/hadoop/hadoop-hdds-container-service/0.6.0-SNAPSHOT/hadoop-hdds-container-service-0.6.0-SNAPSHOT.jar!/webapps/hddsDatanode}
2020-07-09 05:16:27,285 [Listener at 127.0.0.1/38375] INFO  server.AbstractConnector (AbstractConnector.java:doStart(330)) - Started ServerConnector@bf68379{HTTP/1.1,[http/1.1]}{0.0.0.0:45589}
2020-07-09 05:16:27,286 [Listener at 127.0.0.1/38375] INFO  server.Server (Server.java:doStart(399)) - Started @177169ms
2020-07-09 05:16:27,286 [Listener at 127.0.0.1/38375] WARN  impl.MetricsSystemImpl (MetricsSystemImpl.java:register(276)) - Sink prometheus already exists!
2020-07-09 05:16:27,290 [Listener at 127.0.0.1/38375] INFO  http.BaseHttpServer (BaseHttpServer.java:updateConnectorAddress(327)) - HTTP server of hddsDatanode listening at http://0.0.0.0:45589
2020-07-09 05:16:27,291 [Listener at 127.0.0.1/38375] INFO  impl.MetricsSystemImpl (MetricsSystemImpl.java:init(158)) - HddsDatanode metrics system started (again)
2020-07-09 05:16:27,293 [Listener at 127.0.0.1/38375] INFO  ozone.HddsDatanodeService (HddsDatanodeService.java:start(197)) - HddsDatanodeService host:787407461a64 ip:172.17.0.2
2020-07-09 05:16:27,294 [Listener at 127.0.0.1/38375] INFO  volume.HddsVolume (HddsVolume.java:<init>(176)) - Creating Volume: /github/workspace/mnt/ozone/hadoop-ozone/integration-test/target/test-dir/MiniOzoneClusterImpl-d071943e-99b5-4a6b-9dcd-d6487b458803/datanode-7/data-0/containers/hdds of storage type : DISK and capacity : 9223372036854775807
2020-07-09 05:16:27,294 [Listener at 127.0.0.1/38375] INFO  volume.MutableVolumeSet (MutableVolumeSet.java:initializeVolumeSet(181)) - Added Volume : /github/workspace/mnt/ozone/hadoop-ozone/integration-test/target/test-dir/MiniOzoneClusterImpl-d071943e-99b5-4a6b-9dcd-d6487b458803/datanode-7/data-0/containers/hdds to VolumeSet
2020-07-09 05:16:27,294 [Listener at 127.0.0.1/38375] INFO  volume.ThrottledAsyncChecker (ThrottledAsyncChecker.java:schedule(141)) - Scheduling a check for /github/workspace/mnt/ozone/hadoop-ozone/integration-test/target/test-dir/MiniOzoneClusterImpl-d071943e-99b5-4a6b-9dcd-d6487b458803/datanode-7/data-0/containers/hdds
2020-07-09 05:16:27,295 [Listener at 127.0.0.1/38375] INFO  volume.HddsVolumeChecker (HddsVolumeChecker.java:checkAllVolumes(200)) - Scheduled health check for volume /github/workspace/mnt/ozone/hadoop-ozone/integration-test/target/test-dir/MiniOzoneClusterImpl-d071943e-99b5-4a6b-9dcd-d6487b458803/datanode-7/data-0/containers/hdds
2020-07-09 05:16:27,317 [org.apache.hadoop.util.JvmPauseMonitor$Monitor@47c3e9cc] INFO  util.JvmPauseMonitor (JvmPauseMonitor.java:run(188)) - Starting JVM pause monitor
2020-07-09 05:16:27,318 [Datanode State Machine Thread - 0] INFO  datanode.InitDatanodeState (InitDatanodeState.java:persistContainerDatanodeDetails(145)) - DatanodeDetails is persisted to /github/workspace/mnt/ozone/hadoop-ozone/integration-test/target/test-dir/MiniOzoneClusterImpl-d071943e-99b5-4a6b-9dcd-d6487b458803/datanode-6/meta/datanode.id
2020-07-09 05:16:27,321 [Listener at 127.0.0.1/38375] INFO  impl.RaftServerProxy (ConfUtils.java:logGet(44)) - raft.rpc.type = GRPC (default)
2020-07-09 05:16:27,321 [Listener at 127.0.0.1/38375] INFO  grpc.GrpcFactory (GrpcFactory.java:checkPooledByteBufAllocatorUseCacheForAllThreads(45)) - PERFORMANCE WARNING: useCacheForAllThreads is true that may cause Netty to create a lot garbage objects and, as a result, trigger GC.
	It is recommended to disable useCacheForAllThreads by setting -Dorg.apache.ratis.thirdparty.io.netty.allocator.useCacheForAllThreads=false in command line.
2020-07-09 05:16:27,322 [Listener at 127.0.0.1/38375] INFO  grpc.GrpcConfigKeys (ConfUtils.java:logGet(44)) - raft.grpc.server.port = 0 (default)
2020-07-09 05:16:27,322 [Listener at 127.0.0.1/38375] INFO  server.GrpcService (ConfUtils.java:logGet(44)) - raft.grpc.message.size.max = 32MB (=33554432) (custom)
2020-07-09 05:16:27,322 [Listener at 127.0.0.1/38375] INFO  server.RaftServerConfigKeys (ConfUtils.java:logGet(44)) - raft.server.log.appender.buffer.byte-limit = 33554432 (custom)
2020-07-09 05:16:27,322 [Listener at 127.0.0.1/38375] INFO  server.GrpcService (ConfUtils.java:logGet(44)) - raft.grpc.flow.control.window = 5MB (=5242880) (custom)
2020-07-09 05:16:27,322 [Listener at 127.0.0.1/38375] INFO  server.RaftServerConfigKeys (ConfUtils.java:logGet(44)) - raft.server.rpc.request.timeout = 3000ms (default)
2020-07-09 05:16:27,323 [Listener at 127.0.0.1/38375] INFO  server.RaftServerConfigKeys (ConfUtils.java:logGet(44)) - raft.server.storage.dir = [/github/workspace/mnt/ozone/hadoop-ozone/integration-test/target/test-dir/MiniOzoneClusterImpl-d071943e-99b5-4a6b-9dcd-d6487b458803/datanode-7/data/ratis] (custom)
2020-07-09 05:16:27,326 [Listener at 127.0.0.1/38375] INFO  http.BaseHttpServer (BaseHttpServer.java:newHttpServer2BuilderForOzone(207)) - Starting Web-server for hddsDatanode at: http://0.0.0.0:0
2020-07-09 05:16:27,327 [Listener at 127.0.0.1/38375] INFO  http.BaseHttpServer (BaseHttpServer.java:<init>(106)) - Hadoop Security Enabled: false Ozone Security Enabled: false Ozone HTTP Security Enabled: false 
2020-07-09 05:16:27,327 [Listener at 127.0.0.1/38375] INFO  server.AuthenticationFilter (AuthenticationFilter.java:constructSecretProvider(240)) - Unable to initialize FileSignerSecretProvider, falling back to use random secrets.
2020-07-09 05:16:27,328 [Listener at 127.0.0.1/38375] WARN  http.HttpRequestLog (HttpRequestLog.java:getRequestLog(103)) - Jetty request log can only be enabled using Log4j
2020-07-09 05:16:27,328 [Listener at 127.0.0.1/38375] INFO  http.HttpServer2 (HttpServer2.java:addGlobalFilter(998)) - Added global filter 'safety' (class=org.apache.hadoop.hdds.server.http.HttpServer2$QuotingInputFilter)
2020-07-09 05:16:27,329 [Listener at 127.0.0.1/38375] INFO  http.HttpServer2 (HttpServer2.java:addFilter(974)) - Added filter static_user_filter (class=org.apache.hadoop.http.lib.StaticUserWebFilter$StaticUserFilter) to context hddsDatanode
2020-07-09 05:16:27,329 [Listener at 127.0.0.1/38375] INFO  http.HttpServer2 (HttpServer2.java:addFilter(982)) - Added filter static_user_filter (class=org.apache.hadoop.http.lib.StaticUserWebFilter$StaticUserFilter) to context static
2020-07-09 05:16:27,329 [Listener at 127.0.0.1/38375] INFO  http.HttpServer2 (HttpServer2.java:addFilter(982)) - Added filter static_user_filter (class=org.apache.hadoop.http.lib.StaticUserWebFilter$StaticUserFilter) to context logs
2020-07-09 05:16:27,329 [Listener at 127.0.0.1/38375] INFO  http.HttpServer2 (HttpServer2.java:bindListener(1216)) - Jetty bound to port 39247
2020-07-09 05:16:27,329 [Listener at 127.0.0.1/38375] INFO  server.Server (Server.java:doStart(359)) - jetty-9.4.26.v20200117; built: 2020-01-17T12:35:33.676Z; git: 7b38981d25d14afb4a12ff1f2596756144edf695; jvm 1.8.0_232-b09
2020-07-09 05:16:27,338 [Listener at 127.0.0.1/38375] INFO  server.session (DefaultSessionIdManager.java:doStart(333)) - DefaultSessionIdManager workerName=node0
2020-07-09 05:16:27,338 [Listener at 127.0.0.1/38375] INFO  server.session (DefaultSessionIdManager.java:doStart(338)) - No SessionScavenger set, using defaults
2020-07-09 05:16:27,338 [Listener at 127.0.0.1/38375] INFO  server.session (HouseKeeper.java:startScavenging(140)) - node0 Scavenging every 660000ms
2020-07-09 05:16:27,339 [Listener at 127.0.0.1/38375] INFO  handler.ContextHandler (ContextHandler.java:doStart(825)) - Started o.e.j.s.ServletContextHandler@5fd5963d{logs,/logs,file:///github/workspace/mnt/ozone/hadoop-ozone/integration-test/target/log,AVAILABLE}
2020-07-09 05:16:27,340 [Listener at 127.0.0.1/38375] INFO  handler.ContextHandler (ContextHandler.java:doStart(825)) - Started o.e.j.s.ServletContextHandler@35977ba7{static,/static,jar:file:/home/user/.m2/repository/org/apache/hadoop/hadoop-hdds-container-service/0.6.0-SNAPSHOT/hadoop-hdds-container-service-0.6.0-SNAPSHOT.jar!/webapps/static,AVAILABLE}
2020-07-09 05:16:27,355 [Listener at 127.0.0.1/38375] INFO  handler.ContextHandler (ContextHandler.java:doStart(825)) - Started o.e.j.w.WebAppContext@65f85228{hddsDatanode,/,file:///tmp/jetty-0_0_0_0-39247-hadoop-hdds-container-service-0_6_0-SNAPSHOT_jar-_-any-2879107031526236227.dir/webapp/,AVAILABLE}{jar:file:/home/user/.m2/repository/org/apache/hadoop/hadoop-hdds-container-service/0.6.0-SNAPSHOT/hadoop-hdds-container-service-0.6.0-SNAPSHOT.jar!/webapps/hddsDatanode}
2020-07-09 05:16:27,357 [Listener at 127.0.0.1/38375] INFO  server.AbstractConnector (AbstractConnector.java:doStart(330)) - Started ServerConnector@42754496{HTTP/1.1,[http/1.1]}{0.0.0.0:39247}
2020-07-09 05:16:27,357 [Listener at 127.0.0.1/38375] INFO  server.Server (Server.java:doStart(399)) - Started @177240ms
2020-07-09 05:16:27,357 [Listener at 127.0.0.1/38375] WARN  impl.MetricsSystemImpl (MetricsSystemImpl.java:register(276)) - Sink prometheus already exists!
2020-07-09 05:16:27,360 [Listener at 127.0.0.1/38375] INFO  http.BaseHttpServer (BaseHttpServer.java:updateConnectorAddress(327)) - HTTP server of hddsDatanode listening at http://0.0.0.0:39247
2020-07-09 05:16:27,360 [Listener at 127.0.0.1/38375] INFO  impl.MetricsSystemImpl (MetricsSystemImpl.java:init(158)) - HddsDatanode metrics system started (again)
2020-07-09 05:16:27,362 [Listener at 127.0.0.1/38375] INFO  ozone.HddsDatanodeService (HddsDatanodeService.java:start(197)) - HddsDatanodeService host:787407461a64 ip:172.17.0.2
2020-07-09 05:16:27,365 [Listener at 127.0.0.1/38375] INFO  volume.HddsVolume (HddsVolume.java:<init>(176)) - Creating Volume: /github/workspace/mnt/ozone/hadoop-ozone/integration-test/target/test-dir/MiniOzoneClusterImpl-d071943e-99b5-4a6b-9dcd-d6487b458803/datanode-8/data-0/containers/hdds of storage type : DISK and capacity : 9223372036854775807
2020-07-09 05:16:27,365 [Listener at 127.0.0.1/38375] INFO  volume.MutableVolumeSet (MutableVolumeSet.java:initializeVolumeSet(181)) - Added Volume : /github/workspace/mnt/ozone/hadoop-ozone/integration-test/target/test-dir/MiniOzoneClusterImpl-d071943e-99b5-4a6b-9dcd-d6487b458803/datanode-8/data-0/containers/hdds to VolumeSet
2020-07-09 05:16:27,365 [Listener at 127.0.0.1/38375] INFO  volume.ThrottledAsyncChecker (ThrottledAsyncChecker.java:schedule(141)) - Scheduling a check for /github/workspace/mnt/ozone/hadoop-ozone/integration-test/target/test-dir/MiniOzoneClusterImpl-d071943e-99b5-4a6b-9dcd-d6487b458803/datanode-8/data-0/containers/hdds
2020-07-09 05:16:27,366 [Listener at 127.0.0.1/38375] INFO  volume.HddsVolumeChecker (HddsVolumeChecker.java:checkAllVolumes(200)) - Scheduled health check for volume /github/workspace/mnt/ozone/hadoop-ozone/integration-test/target/test-dir/MiniOzoneClusterImpl-d071943e-99b5-4a6b-9dcd-d6487b458803/datanode-8/data-0/containers/hdds
2020-07-09 05:16:27,384 [org.apache.hadoop.util.JvmPauseMonitor$Monitor@6b9493c8] INFO  util.JvmPauseMonitor (JvmPauseMonitor.java:run(188)) - Starting JVM pause monitor
2020-07-09 05:16:27,385 [Datanode State Machine Thread - 0] INFO  datanode.InitDatanodeState (InitDatanodeState.java:persistContainerDatanodeDetails(145)) - DatanodeDetails is persisted to /github/workspace/mnt/ozone/hadoop-ozone/integration-test/target/test-dir/MiniOzoneClusterImpl-d071943e-99b5-4a6b-9dcd-d6487b458803/datanode-7/meta/datanode.id
2020-07-09 05:16:27,386 [Listener at 127.0.0.1/38375] INFO  impl.RaftServerProxy (ConfUtils.java:logGet(44)) - raft.rpc.type = GRPC (default)
2020-07-09 05:16:27,386 [Listener at 127.0.0.1/38375] INFO  grpc.GrpcFactory (GrpcFactory.java:checkPooledByteBufAllocatorUseCacheForAllThreads(45)) - PERFORMANCE WARNING: useCacheForAllThreads is true that may cause Netty to create a lot garbage objects and, as a result, trigger GC.
	It is recommended to disable useCacheForAllThreads by setting -Dorg.apache.ratis.thirdparty.io.netty.allocator.useCacheForAllThreads=false in command line.
2020-07-09 05:16:27,386 [Listener at 127.0.0.1/38375] INFO  grpc.GrpcConfigKeys (ConfUtils.java:logGet(44)) - raft.grpc.server.port = 0 (default)
2020-07-09 05:16:27,386 [Listener at 127.0.0.1/38375] INFO  server.GrpcService (ConfUtils.java:logGet(44)) - raft.grpc.message.size.max = 32MB (=33554432) (custom)
2020-07-09 05:16:27,386 [Listener at 127.0.0.1/38375] INFO  server.RaftServerConfigKeys (ConfUtils.java:logGet(44)) - raft.server.log.appender.buffer.byte-limit = 33554432 (custom)
2020-07-09 05:16:27,386 [Listener at 127.0.0.1/38375] INFO  server.GrpcService (ConfUtils.java:logGet(44)) - raft.grpc.flow.control.window = 5MB (=5242880) (custom)
2020-07-09 05:16:27,387 [Listener at 127.0.0.1/38375] INFO  server.RaftServerConfigKeys (ConfUtils.java:logGet(44)) - raft.server.rpc.request.timeout = 3000ms (default)
2020-07-09 05:16:27,387 [Listener at 127.0.0.1/38375] INFO  server.RaftServerConfigKeys (ConfUtils.java:logGet(44)) - raft.server.storage.dir = [/github/workspace/mnt/ozone/hadoop-ozone/integration-test/target/test-dir/MiniOzoneClusterImpl-d071943e-99b5-4a6b-9dcd-d6487b458803/datanode-8/data/ratis] (custom)
2020-07-09 05:16:27,391 [Listener at 127.0.0.1/38375] INFO  http.BaseHttpServer (BaseHttpServer.java:newHttpServer2BuilderForOzone(207)) - Starting Web-server for hddsDatanode at: http://0.0.0.0:0
2020-07-09 05:16:27,391 [Listener at 127.0.0.1/38375] INFO  http.BaseHttpServer (BaseHttpServer.java:<init>(106)) - Hadoop Security Enabled: false Ozone Security Enabled: false Ozone HTTP Security Enabled: false 
2020-07-09 05:16:27,392 [Listener at 127.0.0.1/38375] INFO  server.AuthenticationFilter (AuthenticationFilter.java:constructSecretProvider(240)) - Unable to initialize FileSignerSecretProvider, falling back to use random secrets.
2020-07-09 05:16:27,392 [Listener at 127.0.0.1/38375] WARN  http.HttpRequestLog (HttpRequestLog.java:getRequestLog(103)) - Jetty request log can only be enabled using Log4j
2020-07-09 05:16:27,393 [Listener at 127.0.0.1/38375] INFO  http.HttpServer2 (HttpServer2.java:addGlobalFilter(998)) - Added global filter 'safety' (class=org.apache.hadoop.hdds.server.http.HttpServer2$QuotingInputFilter)
2020-07-09 05:16:27,393 [Listener at 127.0.0.1/38375] INFO  http.HttpServer2 (HttpServer2.java:addFilter(974)) - Added filter static_user_filter (class=org.apache.hadoop.http.lib.StaticUserWebFilter$StaticUserFilter) to context hddsDatanode
2020-07-09 05:16:27,393 [Listener at 127.0.0.1/38375] INFO  http.HttpServer2 (HttpServer2.java:addFilter(982)) - Added filter static_user_filter (class=org.apache.hadoop.http.lib.StaticUserWebFilter$StaticUserFilter) to context logs
2020-07-09 05:16:27,394 [Listener at 127.0.0.1/38375] INFO  http.HttpServer2 (HttpServer2.java:addFilter(982)) - Added filter static_user_filter (class=org.apache.hadoop.http.lib.StaticUserWebFilter$StaticUserFilter) to context static
2020-07-09 05:16:27,394 [Listener at 127.0.0.1/38375] INFO  http.HttpServer2 (HttpServer2.java:bindListener(1216)) - Jetty bound to port 34361
2020-07-09 05:16:27,394 [Listener at 127.0.0.1/38375] INFO  server.Server (Server.java:doStart(359)) - jetty-9.4.26.v20200117; built: 2020-01-17T12:35:33.676Z; git: 7b38981d25d14afb4a12ff1f2596756144edf695; jvm 1.8.0_232-b09
2020-07-09 05:16:27,395 [Listener at 127.0.0.1/38375] INFO  server.session (DefaultSessionIdManager.java:doStart(333)) - DefaultSessionIdManager workerName=node0
2020-07-09 05:16:27,396 [Listener at 127.0.0.1/38375] INFO  server.session (DefaultSessionIdManager.java:doStart(338)) - No SessionScavenger set, using defaults
2020-07-09 05:16:27,396 [Listener at 127.0.0.1/38375] INFO  server.session (HouseKeeper.java:startScavenging(140)) - node0 Scavenging every 660000ms
2020-07-09 05:16:27,396 [Listener at 127.0.0.1/38375] INFO  handler.ContextHandler (ContextHandler.java:doStart(825)) - Started o.e.j.s.ServletContextHandler@448ca967{logs,/logs,file:///github/workspace/mnt/ozone/hadoop-ozone/integration-test/target/log,AVAILABLE}
2020-07-09 05:16:27,396 [Listener at 127.0.0.1/38375] INFO  handler.ContextHandler (ContextHandler.java:doStart(825)) - Started o.e.j.s.ServletContextHandler@13a80b56{static,/static,jar:file:/home/user/.m2/repository/org/apache/hadoop/hadoop-hdds-container-service/0.6.0-SNAPSHOT/hadoop-hdds-container-service-0.6.0-SNAPSHOT.jar!/webapps/static,AVAILABLE}
2020-07-09 05:16:27,411 [Listener at 127.0.0.1/38375] INFO  handler.ContextHandler (ContextHandler.java:doStart(825)) - Started o.e.j.w.WebAppContext@14f7e21a{hddsDatanode,/,file:///tmp/jetty-0_0_0_0-34361-hadoop-hdds-container-service-0_6_0-SNAPSHOT_jar-_-any-221455554589936478.dir/webapp/,AVAILABLE}{jar:file:/home/user/.m2/repository/org/apache/hadoop/hadoop-hdds-container-service/0.6.0-SNAPSHOT/hadoop-hdds-container-service-0.6.0-SNAPSHOT.jar!/webapps/hddsDatanode}
2020-07-09 05:16:27,413 [Listener at 127.0.0.1/38375] INFO  server.AbstractConnector (AbstractConnector.java:doStart(330)) - Started ServerConnector@6415a53d{HTTP/1.1,[http/1.1]}{0.0.0.0:34361}
2020-07-09 05:16:27,413 [Listener at 127.0.0.1/38375] INFO  server.Server (Server.java:doStart(399)) - Started @177296ms
2020-07-09 05:16:27,413 [Listener at 127.0.0.1/38375] WARN  impl.MetricsSystemImpl (MetricsSystemImpl.java:register(276)) - Sink prometheus already exists!
2020-07-09 05:16:27,416 [Listener at 127.0.0.1/38375] INFO  http.BaseHttpServer (BaseHttpServer.java:updateConnectorAddress(327)) - HTTP server of hddsDatanode listening at http://0.0.0.0:34361
2020-07-09 05:16:27,416 [Listener at 127.0.0.1/38375] INFO  ozone.MiniOzoneClusterImpl (MiniOzoneClusterImpl.java:lambda$waitForClusterToBeReady$0(177)) - Waiting for nodes to be ready. Got 0 of 9 DN Heartbeats.
2020-07-09 05:16:27,416 [Listener at 127.0.0.1/38375] INFO  ozone.MiniOzoneClusterImpl (MiniOzoneClusterImpl.java:lambda$waitForClusterToBeReady$0(180)) - Waiting for cluster to exit safe mode
2020-07-09 05:16:27,417 [org.apache.hadoop.util.JvmPauseMonitor$Monitor@5865fe32] INFO  util.JvmPauseMonitor (JvmPauseMonitor.java:run(188)) - Starting JVM pause monitor
2020-07-09 05:16:27,418 [Datanode State Machine Thread - 0] INFO  datanode.InitDatanodeState (InitDatanodeState.java:persistContainerDatanodeDetails(145)) - DatanodeDetails is persisted to /github/workspace/mnt/ozone/hadoop-ozone/integration-test/target/test-dir/MiniOzoneClusterImpl-d071943e-99b5-4a6b-9dcd-d6487b458803/datanode-8/meta/datanode.id
2020-07-09 05:16:28,416 [Listener at 127.0.0.1/38375] INFO  ozone.MiniOzoneClusterImpl (MiniOzoneClusterImpl.java:lambda$waitForClusterToBeReady$0(177)) - Waiting for nodes to be ready. Got 0 of 9 DN Heartbeats.
2020-07-09 05:16:28,416 [Listener at 127.0.0.1/38375] INFO  ozone.MiniOzoneClusterImpl (MiniOzoneClusterImpl.java:lambda$waitForClusterToBeReady$0(180)) - Waiting for cluster to exit safe mode
2020-07-09 05:16:28,969 [Datanode State Machine Thread - 0] INFO  ozoneimpl.OzoneContainer (OzoneContainer.java:start(232)) - Attempting to start container services.
2020-07-09 05:16:28,970 [Datanode State Machine Thread - 0] INFO  ozoneimpl.OzoneContainer (OzoneContainer.java:startContainerScrub(196)) - Background container scanner has been disabled.
2020-07-09 05:16:28,970 [Datanode State Machine Thread - 0] INFO  ratis.XceiverServerRatis (XceiverServerRatis.java:start(425)) - Starting XceiverServerRatis 9fd43fdd-f81f-4298-8fae-a0f306bcbc10 at port 0
2020-07-09 05:16:28,971 [Datanode State Machine Thread - 0] INFO  impl.RaftServerProxy (RaftServerProxy.java:lambda$start$3(304)) - 9fd43fdd-f81f-4298-8fae-a0f306bcbc10: start RPC server
2020-07-09 05:16:28,971 [Datanode State Machine Thread - 0] INFO  server.GrpcService (GrpcService.java:startImpl(160)) - 9fd43fdd-f81f-4298-8fae-a0f306bcbc10: GrpcService started, listening on 0.0.0.0/0.0.0.0:34917
2020-07-09 05:16:28,971 [Datanode State Machine Thread - 0] INFO  ratis.XceiverServerRatis (XceiverServerRatis.java:start(437)) - XceiverServerRatis 9fd43fdd-f81f-4298-8fae-a0f306bcbc10 is started using port 34917
2020-07-09 05:16:28,974 [Datanode State Machine Thread - 0] INFO  server.XceiverServerGrpc (XceiverServerGrpc.java:start(145)) - XceiverServerGrpc 9fd43fdd-f81f-4298-8fae-a0f306bcbc10 is started using port 44459
2020-07-09 05:16:29,035 [Datanode State Machine Thread - 0] INFO  ozoneimpl.OzoneContainer (OzoneContainer.java:start(232)) - Attempting to start container services.
2020-07-09 05:16:29,035 [Datanode State Machine Thread - 0] INFO  ozoneimpl.OzoneContainer (OzoneContainer.java:startContainerScrub(196)) - Background container scanner has been disabled.
2020-07-09 05:16:29,035 [Datanode State Machine Thread - 0] INFO  ratis.XceiverServerRatis (XceiverServerRatis.java:start(425)) - Starting XceiverServerRatis 892fa5a7-ff4d-4b0c-962d-911ea3aeded8 at port 0
2020-07-09 05:16:29,036 [Datanode State Machine Thread - 0] INFO  impl.RaftServerProxy (RaftServerProxy.java:lambda$start$3(304)) - 892fa5a7-ff4d-4b0c-962d-911ea3aeded8: start RPC server
2020-07-09 05:16:29,037 [Datanode State Machine Thread - 0] INFO  server.GrpcService (GrpcService.java:startImpl(160)) - 892fa5a7-ff4d-4b0c-962d-911ea3aeded8: GrpcService started, listening on 0.0.0.0/0.0.0.0:37787
2020-07-09 05:16:29,037 [Datanode State Machine Thread - 0] INFO  ratis.XceiverServerRatis (XceiverServerRatis.java:start(437)) - XceiverServerRatis 892fa5a7-ff4d-4b0c-962d-911ea3aeded8 is started using port 37787
2020-07-09 05:16:29,037 [Datanode State Machine Thread - 0] INFO  server.XceiverServerGrpc (XceiverServerGrpc.java:start(145)) - XceiverServerGrpc 892fa5a7-ff4d-4b0c-962d-911ea3aeded8 is started using port 39765
2020-07-09 05:16:29,071 [Datanode State Machine Thread - 0] INFO  ozoneimpl.OzoneContainer (OzoneContainer.java:start(232)) - Attempting to start container services.
2020-07-09 05:16:29,071 [Datanode State Machine Thread - 0] INFO  ozoneimpl.OzoneContainer (OzoneContainer.java:startContainerScrub(196)) - Background container scanner has been disabled.
2020-07-09 05:16:29,071 [Datanode State Machine Thread - 0] INFO  ratis.XceiverServerRatis (XceiverServerRatis.java:start(425)) - Starting XceiverServerRatis 24ca51e7-b0f8-4d63-a105-3cbecc3844b6 at port 0
2020-07-09 05:16:29,072 [Datanode State Machine Thread - 0] INFO  impl.RaftServerProxy (RaftServerProxy.java:lambda$start$3(304)) - 24ca51e7-b0f8-4d63-a105-3cbecc3844b6: start RPC server
2020-07-09 05:16:29,072 [Datanode State Machine Thread - 0] INFO  server.GrpcService (GrpcService.java:startImpl(160)) - 24ca51e7-b0f8-4d63-a105-3cbecc3844b6: GrpcService started, listening on 0.0.0.0/0.0.0.0:40419
2020-07-09 05:16:29,072 [Datanode State Machine Thread - 0] INFO  ratis.XceiverServerRatis (XceiverServerRatis.java:start(437)) - XceiverServerRatis 24ca51e7-b0f8-4d63-a105-3cbecc3844b6 is started using port 40419
2020-07-09 05:16:29,073 [Datanode State Machine Thread - 0] INFO  server.XceiverServerGrpc (XceiverServerGrpc.java:start(145)) - XceiverServerGrpc 24ca51e7-b0f8-4d63-a105-3cbecc3844b6 is started using port 44957
2020-07-09 05:16:29,143 [Datanode State Machine Thread - 0] INFO  ozoneimpl.OzoneContainer (OzoneContainer.java:start(232)) - Attempting to start container services.
2020-07-09 05:16:29,144 [Datanode State Machine Thread - 0] INFO  ozoneimpl.OzoneContainer (OzoneContainer.java:startContainerScrub(196)) - Background container scanner has been disabled.
2020-07-09 05:16:29,144 [Datanode State Machine Thread - 0] INFO  ratis.XceiverServerRatis (XceiverServerRatis.java:start(425)) - Starting XceiverServerRatis 869115d6-4be2-4620-adee-449672856935 at port 0
2020-07-09 05:16:29,144 [Datanode State Machine Thread - 0] INFO  impl.RaftServerProxy (RaftServerProxy.java:lambda$start$3(304)) - 869115d6-4be2-4620-adee-449672856935: start RPC server
2020-07-09 05:16:29,145 [Datanode State Machine Thread - 0] INFO  server.GrpcService (GrpcService.java:startImpl(160)) - 869115d6-4be2-4620-adee-449672856935: GrpcService started, listening on 0.0.0.0/0.0.0.0:43919
2020-07-09 05:16:29,145 [Datanode State Machine Thread - 0] INFO  ratis.XceiverServerRatis (XceiverServerRatis.java:start(437)) - XceiverServerRatis 869115d6-4be2-4620-adee-449672856935 is started using port 43919
2020-07-09 05:16:29,145 [Datanode State Machine Thread - 0] INFO  server.XceiverServerGrpc (XceiverServerGrpc.java:start(145)) - XceiverServerGrpc 869115d6-4be2-4620-adee-449672856935 is started using port 46835
2020-07-09 05:16:29,181 [Datanode State Machine Thread - 0] INFO  ozoneimpl.OzoneContainer (OzoneContainer.java:start(232)) - Attempting to start container services.
2020-07-09 05:16:29,181 [Datanode State Machine Thread - 0] INFO  ozoneimpl.OzoneContainer (OzoneContainer.java:startContainerScrub(196)) - Background container scanner has been disabled.
2020-07-09 05:16:29,181 [Datanode State Machine Thread - 0] INFO  ratis.XceiverServerRatis (XceiverServerRatis.java:start(425)) - Starting XceiverServerRatis 2e380eeb-fc9c-4285-bf60-968042885e92 at port 0
2020-07-09 05:16:29,182 [Datanode State Machine Thread - 0] INFO  impl.RaftServerProxy (RaftServerProxy.java:lambda$start$3(304)) - 2e380eeb-fc9c-4285-bf60-968042885e92: start RPC server
2020-07-09 05:16:29,182 [Datanode State Machine Thread - 0] INFO  server.GrpcService (GrpcService.java:startImpl(160)) - 2e380eeb-fc9c-4285-bf60-968042885e92: GrpcService started, listening on 0.0.0.0/0.0.0.0:35311
2020-07-09 05:16:29,183 [Datanode State Machine Thread - 0] INFO  ratis.XceiverServerRatis (XceiverServerRatis.java:start(437)) - XceiverServerRatis 2e380eeb-fc9c-4285-bf60-968042885e92 is started using port 35311
2020-07-09 05:16:29,183 [Datanode State Machine Thread - 0] INFO  server.XceiverServerGrpc (XceiverServerGrpc.java:start(145)) - XceiverServerGrpc 2e380eeb-fc9c-4285-bf60-968042885e92 is started using port 36591
2020-07-09 05:16:29,231 [Datanode State Machine Thread - 0] INFO  ozoneimpl.OzoneContainer (OzoneContainer.java:start(232)) - Attempting to start container services.
2020-07-09 05:16:29,231 [Datanode State Machine Thread - 0] INFO  ozoneimpl.OzoneContainer (OzoneContainer.java:startContainerScrub(196)) - Background container scanner has been disabled.
2020-07-09 05:16:29,231 [Datanode State Machine Thread - 0] INFO  ratis.XceiverServerRatis (XceiverServerRatis.java:start(425)) - Starting XceiverServerRatis 6bbe18f0-a18d-467d-ac04-38543da40044 at port 0
2020-07-09 05:16:29,232 [Datanode State Machine Thread - 0] INFO  impl.RaftServerProxy (RaftServerProxy.java:lambda$start$3(304)) - 6bbe18f0-a18d-467d-ac04-38543da40044: start RPC server
2020-07-09 05:16:29,232 [Datanode State Machine Thread - 0] INFO  server.GrpcService (GrpcService.java:startImpl(160)) - 6bbe18f0-a18d-467d-ac04-38543da40044: GrpcService started, listening on 0.0.0.0/0.0.0.0:45411
2020-07-09 05:16:29,233 [Datanode State Machine Thread - 0] INFO  ratis.XceiverServerRatis (XceiverServerRatis.java:start(437)) - XceiverServerRatis 6bbe18f0-a18d-467d-ac04-38543da40044 is started using port 45411
2020-07-09 05:16:29,233 [Datanode State Machine Thread - 0] INFO  server.XceiverServerGrpc (XceiverServerGrpc.java:start(145)) - XceiverServerGrpc 6bbe18f0-a18d-467d-ac04-38543da40044 is started using port 39629
2020-07-09 05:16:29,321 [Datanode State Machine Thread - 0] INFO  ozoneimpl.OzoneContainer (OzoneContainer.java:start(232)) - Attempting to start container services.
2020-07-09 05:16:29,321 [Datanode State Machine Thread - 0] INFO  ozoneimpl.OzoneContainer (OzoneContainer.java:startContainerScrub(196)) - Background container scanner has been disabled.
2020-07-09 05:16:29,321 [Datanode State Machine Thread - 0] INFO  ratis.XceiverServerRatis (XceiverServerRatis.java:start(425)) - Starting XceiverServerRatis 46ae9337-5f88-408a-bb8b-c1fbd2583d1a at port 0
2020-07-09 05:16:29,323 [Datanode State Machine Thread - 0] INFO  impl.RaftServerProxy (RaftServerProxy.java:lambda$start$3(304)) - 46ae9337-5f88-408a-bb8b-c1fbd2583d1a: start RPC server
2020-07-09 05:16:29,323 [Datanode State Machine Thread - 0] INFO  server.GrpcService (GrpcService.java:startImpl(160)) - 46ae9337-5f88-408a-bb8b-c1fbd2583d1a: GrpcService started, listening on 0.0.0.0/0.0.0.0:40565
2020-07-09 05:16:29,323 [Datanode State Machine Thread - 0] INFO  ratis.XceiverServerRatis (XceiverServerRatis.java:start(437)) - XceiverServerRatis 46ae9337-5f88-408a-bb8b-c1fbd2583d1a is started using port 40565
2020-07-09 05:16:29,324 [Datanode State Machine Thread - 0] INFO  server.XceiverServerGrpc (XceiverServerGrpc.java:start(145)) - XceiverServerGrpc 46ae9337-5f88-408a-bb8b-c1fbd2583d1a is started using port 39631
2020-07-09 05:16:29,387 [Datanode State Machine Thread - 0] INFO  ozoneimpl.OzoneContainer (OzoneContainer.java:start(232)) - Attempting to start container services.
2020-07-09 05:16:29,387 [Datanode State Machine Thread - 0] INFO  ozoneimpl.OzoneContainer (OzoneContainer.java:startContainerScrub(196)) - Background container scanner has been disabled.
2020-07-09 05:16:29,387 [Datanode State Machine Thread - 0] INFO  ratis.XceiverServerRatis (XceiverServerRatis.java:start(425)) - Starting XceiverServerRatis abef050d-a82e-4e4e-a507-6d1aa68ef9be at port 0
2020-07-09 05:16:29,388 [Datanode State Machine Thread - 0] INFO  impl.RaftServerProxy (RaftServerProxy.java:lambda$start$3(304)) - abef050d-a82e-4e4e-a507-6d1aa68ef9be: start RPC server
2020-07-09 05:16:29,388 [Datanode State Machine Thread - 0] INFO  server.GrpcService (GrpcService.java:startImpl(160)) - abef050d-a82e-4e4e-a507-6d1aa68ef9be: GrpcService started, listening on 0.0.0.0/0.0.0.0:40691
2020-07-09 05:16:29,388 [Datanode State Machine Thread - 0] INFO  ratis.XceiverServerRatis (XceiverServerRatis.java:start(437)) - XceiverServerRatis abef050d-a82e-4e4e-a507-6d1aa68ef9be is started using port 40691
2020-07-09 05:16:29,388 [Datanode State Machine Thread - 0] INFO  server.XceiverServerGrpc (XceiverServerGrpc.java:start(145)) - XceiverServerGrpc abef050d-a82e-4e4e-a507-6d1aa68ef9be is started using port 36641
2020-07-09 05:16:29,417 [Listener at 127.0.0.1/38375] INFO  ozone.MiniOzoneClusterImpl (MiniOzoneClusterImpl.java:lambda$waitForClusterToBeReady$0(177)) - Waiting for nodes to be ready. Got 0 of 9 DN Heartbeats.
2020-07-09 05:16:29,417 [Listener at 127.0.0.1/38375] INFO  ozone.MiniOzoneClusterImpl (MiniOzoneClusterImpl.java:lambda$waitForClusterToBeReady$0(180)) - Waiting for cluster to exit safe mode
2020-07-09 05:16:29,419 [Datanode State Machine Thread - 0] INFO  ozoneimpl.OzoneContainer (OzoneContainer.java:start(232)) - Attempting to start container services.
2020-07-09 05:16:29,419 [Datanode State Machine Thread - 0] INFO  ozoneimpl.OzoneContainer (OzoneContainer.java:startContainerScrub(196)) - Background container scanner has been disabled.
2020-07-09 05:16:29,419 [Datanode State Machine Thread - 0] INFO  ratis.XceiverServerRatis (XceiverServerRatis.java:start(425)) - Starting XceiverServerRatis 27f474ea-0df6-408b-94fb-c9f4a4ae0481 at port 0
2020-07-09 05:16:29,420 [Datanode State Machine Thread - 0] INFO  impl.RaftServerProxy (RaftServerProxy.java:lambda$start$3(304)) - 27f474ea-0df6-408b-94fb-c9f4a4ae0481: start RPC server
2020-07-09 05:16:29,420 [Datanode State Machine Thread - 0] INFO  server.GrpcService (GrpcService.java:startImpl(160)) - 27f474ea-0df6-408b-94fb-c9f4a4ae0481: GrpcService started, listening on 0.0.0.0/0.0.0.0:37823
2020-07-09 05:16:29,420 [Datanode State Machine Thread - 0] INFO  ratis.XceiverServerRatis (XceiverServerRatis.java:start(437)) - XceiverServerRatis 27f474ea-0df6-408b-94fb-c9f4a4ae0481 is started using port 37823
2020-07-09 05:16:29,422 [Datanode State Machine Thread - 0] INFO  server.XceiverServerGrpc (XceiverServerGrpc.java:start(145)) - XceiverServerGrpc 27f474ea-0df6-408b-94fb-c9f4a4ae0481 is started using port 33699
2020-07-09 05:16:30,417 [Listener at 127.0.0.1/38375] INFO  ozone.MiniOzoneClusterImpl (MiniOzoneClusterImpl.java:lambda$waitForClusterToBeReady$0(177)) - Waiting for nodes to be ready. Got 0 of 9 DN Heartbeats.
2020-07-09 05:16:30,417 [Listener at 127.0.0.1/38375] INFO  ozone.MiniOzoneClusterImpl (MiniOzoneClusterImpl.java:lambda$waitForClusterToBeReady$0(180)) - Waiting for cluster to exit safe mode
2020-07-09 05:16:30,965 [IPC Server handler 0 on default port 41487] INFO  net.NetworkTopology (NetworkTopologyImpl.java:add(111)) - Added a new node: /default-rack/9fd43fdd-f81f-4298-8fae-a0f306bcbc10
2020-07-09 05:16:30,965 [IPC Server handler 0 on default port 41487] INFO  node.SCMNodeManager (SCMNodeManager.java:register(268)) - Registered Data node : 9fd43fdd-f81f-4298-8fae-a0f306bcbc10{ip: 172.17.0.2, host: 787407461a64, networkLocation: /default-rack, certSerialId: null}
2020-07-09 05:16:30,965 [RatisPipelineUtilsThread] INFO  pipeline.RatisPipelineProvider (RatisPipelineProvider.java:lambda$create$0(138)) - Sending CreatePipelineCommand for pipeline:PipelineID=65251622-076a-4cc9-b5c2-db01a6efb191 to datanode:9fd43fdd-f81f-4298-8fae-a0f306bcbc10
2020-07-09 05:16:30,969 [RatisPipelineUtilsThread] INFO  pipeline.PipelineStateManager (PipelineStateManager.java:addPipeline(54)) - Created pipeline Pipeline[ Id: 65251622-076a-4cc9-b5c2-db01a6efb191, Nodes: 9fd43fdd-f81f-4298-8fae-a0f306bcbc10{ip: 172.17.0.2, host: 787407461a64, networkLocation: /default-rack, certSerialId: null}, Type:RATIS, Factor:ONE, State:ALLOCATED, leaderId:, CreationTimestamp2020-07-09T05:16:30.965Z]
2020-07-09 05:16:30,969 [EventQueue-NodeRegistrationContainerReportForDataNodeSafeModeRule] INFO  safemode.SCMSafeModeManager (DataNodeSafeModeRule.java:process(71)) - SCM in safe mode. 1 DataNodes registered, 1 required.
2020-07-09 05:16:30,969 [EventQueue-NodeRegistrationContainerReportForDataNodeSafeModeRule] INFO  safemode.SCMSafeModeManager (SCMSafeModeManager.java:validateSafeModeExitRules(214)) - DataNodeSafeModeRule rule is successfully validated
2020-07-09 05:16:30,969 [EventQueue-NodeRegistrationContainerReportForDataNodeSafeModeRule] INFO  safemode.SCMSafeModeManager (SCMSafeModeManager.java:completePreCheck(242)) - All SCM safe mode pre check rules have passed
2020-07-09 05:16:30,969 [RatisPipelineUtilsThread] ERROR pipeline.SCMPipelineManager (SCMPipelineManager.java:createPipeline(222)) - Failed to create pipeline of type RATIS and factor ONE. Exception: Cannot create pipeline of factor 1 using 0 nodes. Used 1 nodes. Healthy nodes 1
2020-07-09 05:16:30,970 [EventQueue-NodeRegistrationContainerReportForContainerSafeModeRule] INFO  safemode.SCMSafeModeManager (SCMSafeModeManager.java:validateSafeModeExitRules(214)) - ContainerSafeModeRule rule is successfully validated
2020-07-09 05:16:30,970 [RatisPipelineUtilsThread] ERROR pipeline.SCMPipelineManager (SCMPipelineManager.java:createPipeline(222)) - Failed to create pipeline of type RATIS and factor ONE. Exception: Cannot create pipeline of factor 1 using 0 nodes. Used 1 nodes. Healthy nodes 1
2020-07-09 05:16:30,970 [RatisPipelineUtilsThread] WARN  pipeline.PipelinePlacementPolicy (PipelinePlacementPolicy.java:filterViableNodes(133)) - Pipeline creation failed due to no sufficient healthy datanodes. Required 3. Found 1.
2020-07-09 05:16:30,970 [RatisPipelineUtilsThread] ERROR pipeline.SCMPipelineManager (SCMPipelineManager.java:createPipeline(222)) - Failed to create pipeline of type RATIS and factor THREE. Exception: Pipeline creation failed due to no sufficient healthy datanodes. Required 3. Found 1.
2020-07-09 05:16:31,034 [IPC Server handler 1 on default port 41487] INFO  net.NetworkTopology (NetworkTopologyImpl.java:add(111)) - Added a new node: /default-rack/892fa5a7-ff4d-4b0c-962d-911ea3aeded8
2020-07-09 05:16:31,034 [IPC Server handler 1 on default port 41487] INFO  node.SCMNodeManager (SCMNodeManager.java:register(268)) - Registered Data node : 892fa5a7-ff4d-4b0c-962d-911ea3aeded8{ip: 172.17.0.2, host: 787407461a64, networkLocation: /default-rack, certSerialId: null}
2020-07-09 05:16:31,034 [RatisPipelineUtilsThread] INFO  pipeline.RatisPipelineProvider (RatisPipelineProvider.java:lambda$create$0(138)) - Sending CreatePipelineCommand for pipeline:PipelineID=57d2e637-5be3-47fe-a54c-a65b37d85cb4 to datanode:892fa5a7-ff4d-4b0c-962d-911ea3aeded8
2020-07-09 05:16:31,035 [RatisPipelineUtilsThread] INFO  pipeline.PipelineStateManager (PipelineStateManager.java:addPipeline(54)) - Created pipeline Pipeline[ Id: 57d2e637-5be3-47fe-a54c-a65b37d85cb4, Nodes: 892fa5a7-ff4d-4b0c-962d-911ea3aeded8{ip: 172.17.0.2, host: 787407461a64, networkLocation: /default-rack, certSerialId: null}, Type:RATIS, Factor:ONE, State:ALLOCATED, leaderId:, CreationTimestamp2020-07-09T05:16:31.034Z]
2020-07-09 05:16:31,035 [RatisPipelineUtilsThread] ERROR pipeline.SCMPipelineManager (SCMPipelineManager.java:createPipeline(222)) - Failed to create pipeline of type RATIS and factor ONE. Exception: Cannot create pipeline of factor 1 using 0 nodes. Used 2 nodes. Healthy nodes 2
2020-07-09 05:16:31,035 [RatisPipelineUtilsThread] WARN  pipeline.PipelinePlacementPolicy (PipelinePlacementPolicy.java:filterViableNodes(133)) - Pipeline creation failed due to no sufficient healthy datanodes. Required 3. Found 2.
2020-07-09 05:16:31,035 [RatisPipelineUtilsThread] ERROR pipeline.SCMPipelineManager (SCMPipelineManager.java:createPipeline(222)) - Failed to create pipeline of type RATIS and factor THREE. Exception: Pipeline creation failed due to no sufficient healthy datanodes. Required 3. Found 2.
2020-07-09 05:16:31,035 [EventQueue-NodeRegistrationContainerReportForContainerSafeModeRule] INFO  safemode.SCMSafeModeManager (SCMSafeModeManager.java:validateSafeModeExitRules(214)) - ContainerSafeModeRule rule is successfully validated
2020-07-09 05:16:31,035 [EventQueue-NodeRegistrationContainerReportForDataNodeSafeModeRule] INFO  safemode.SCMSafeModeManager (SCMSafeModeManager.java:validateSafeModeExitRules(214)) - DataNodeSafeModeRule rule is successfully validated
2020-07-09 05:16:31,069 [IPC Server handler 2 on default port 41487] INFO  net.NetworkTopology (NetworkTopologyImpl.java:add(111)) - Added a new node: /default-rack/24ca51e7-b0f8-4d63-a105-3cbecc3844b6
2020-07-09 05:16:31,069 [IPC Server handler 2 on default port 41487] INFO  node.SCMNodeManager (SCMNodeManager.java:register(268)) - Registered Data node : 24ca51e7-b0f8-4d63-a105-3cbecc3844b6{ip: 172.17.0.2, host: 787407461a64, networkLocation: /default-rack, certSerialId: null}
2020-07-09 05:16:31,070 [EventQueue-NodeRegistrationContainerReportForDataNodeSafeModeRule] INFO  safemode.SCMSafeModeManager (SCMSafeModeManager.java:validateSafeModeExitRules(214)) - DataNodeSafeModeRule rule is successfully validated
2020-07-09 05:16:31,070 [EventQueue-NodeRegistrationContainerReportForContainerSafeModeRule] INFO  safemode.SCMSafeModeManager (SCMSafeModeManager.java:validateSafeModeExitRules(214)) - ContainerSafeModeRule rule is successfully validated
2020-07-09 05:16:31,070 [RatisPipelineUtilsThread] INFO  pipeline.RatisPipelineProvider (RatisPipelineProvider.java:lambda$create$0(138)) - Sending CreatePipelineCommand for pipeline:PipelineID=435d91a2-b26f-4933-a4ea-15fd68912e1a to datanode:24ca51e7-b0f8-4d63-a105-3cbecc3844b6
2020-07-09 05:16:31,070 [RatisPipelineUtilsThread] INFO  pipeline.PipelineStateManager (PipelineStateManager.java:addPipeline(54)) - Created pipeline Pipeline[ Id: 435d91a2-b26f-4933-a4ea-15fd68912e1a, Nodes: 24ca51e7-b0f8-4d63-a105-3cbecc3844b6{ip: 172.17.0.2, host: 787407461a64, networkLocation: /default-rack, certSerialId: null}, Type:RATIS, Factor:ONE, State:ALLOCATED, leaderId:, CreationTimestamp2020-07-09T05:16:31.070Z]
2020-07-09 05:16:31,070 [RatisPipelineUtilsThread] ERROR pipeline.SCMPipelineManager (SCMPipelineManager.java:createPipeline(222)) - Failed to create pipeline of type RATIS and factor ONE. Exception: Cannot create pipeline of factor 1 using 0 nodes. Used 3 nodes. Healthy nodes 3
2020-07-09 05:16:31,071 [RatisPipelineUtilsThread] INFO  pipeline.RatisPipelineProvider (RatisPipelineProvider.java:lambda$create$0(138)) - Sending CreatePipelineCommand for pipeline:PipelineID=bc0201db-137f-48da-96a2-4378bee67a6c to datanode:24ca51e7-b0f8-4d63-a105-3cbecc3844b6
2020-07-09 05:16:31,071 [RatisPipelineUtilsThread] INFO  pipeline.RatisPipelineProvider (RatisPipelineProvider.java:lambda$create$0(138)) - Sending CreatePipelineCommand for pipeline:PipelineID=bc0201db-137f-48da-96a2-4378bee67a6c to datanode:892fa5a7-ff4d-4b0c-962d-911ea3aeded8
2020-07-09 05:16:31,071 [RatisPipelineUtilsThread] INFO  pipeline.RatisPipelineProvider (RatisPipelineProvider.java:lambda$create$0(138)) - Sending CreatePipelineCommand for pipeline:PipelineID=bc0201db-137f-48da-96a2-4378bee67a6c to datanode:9fd43fdd-f81f-4298-8fae-a0f306bcbc10
2020-07-09 05:16:31,071 [RatisPipelineUtilsThread] INFO  pipeline.PipelineStateManager (PipelineStateManager.java:addPipeline(54)) - Created pipeline Pipeline[ Id: bc0201db-137f-48da-96a2-4378bee67a6c, Nodes: 24ca51e7-b0f8-4d63-a105-3cbecc3844b6{ip: 172.17.0.2, host: 787407461a64, networkLocation: /default-rack, certSerialId: null}892fa5a7-ff4d-4b0c-962d-911ea3aeded8{ip: 172.17.0.2, host: 787407461a64, networkLocation: /default-rack, certSerialId: null}9fd43fdd-f81f-4298-8fae-a0f306bcbc10{ip: 172.17.0.2, host: 787407461a64, networkLocation: /default-rack, certSerialId: null}, Type:RATIS, Factor:THREE, State:ALLOCATED, leaderId:, CreationTimestamp2020-07-09T05:16:31.071Z]
2020-07-09 05:16:31,071 [RatisPipelineUtilsThread] ERROR pipeline.SCMPipelineManager (SCMPipelineManager.java:createPipeline(222)) - Failed to create pipeline of type RATIS and factor THREE. Exception: Pipeline creation failed because nodes are engaged in other pipelines and every node can only be engaged in max 2 pipelines. Required 3. Found 0
2020-07-09 05:16:31,142 [IPC Server handler 4 on default port 41487] INFO  net.NetworkTopology (NetworkTopologyImpl.java:add(111)) - Added a new node: /default-rack/869115d6-4be2-4620-adee-449672856935
2020-07-09 05:16:31,143 [IPC Server handler 4 on default port 41487] INFO  node.SCMNodeManager (SCMNodeManager.java:register(268)) - Registered Data node : 869115d6-4be2-4620-adee-449672856935{ip: 172.17.0.2, host: 787407461a64, networkLocation: /default-rack, certSerialId: null}
2020-07-09 05:16:31,143 [RatisPipelineUtilsThread] INFO  pipeline.RatisPipelineProvider (RatisPipelineProvider.java:lambda$create$0(138)) - Sending CreatePipelineCommand for pipeline:PipelineID=96e14cfe-89e4-49ff-b1f6-c21cdc13682e to datanode:869115d6-4be2-4620-adee-449672856935
2020-07-09 05:16:31,143 [EventQueue-NodeRegistrationContainerReportForContainerSafeModeRule] INFO  safemode.SCMSafeModeManager (SCMSafeModeManager.java:validateSafeModeExitRules(214)) - ContainerSafeModeRule rule is successfully validated
2020-07-09 05:16:31,143 [EventQueue-NodeRegistrationContainerReportForDataNodeSafeModeRule] INFO  safemode.SCMSafeModeManager (SCMSafeModeManager.java:validateSafeModeExitRules(214)) - DataNodeSafeModeRule rule is successfully validated
2020-07-09 05:16:31,143 [RatisPipelineUtilsThread] INFO  pipeline.PipelineStateManager (PipelineStateManager.java:addPipeline(54)) - Created pipeline Pipeline[ Id: 96e14cfe-89e4-49ff-b1f6-c21cdc13682e, Nodes: 869115d6-4be2-4620-adee-449672856935{ip: 172.17.0.2, host: 787407461a64, networkLocation: /default-rack, certSerialId: null}, Type:RATIS, Factor:ONE, State:ALLOCATED, leaderId:, CreationTimestamp2020-07-09T05:16:31.143Z]
2020-07-09 05:16:31,144 [RatisPipelineUtilsThread] ERROR pipeline.SCMPipelineManager (SCMPipelineManager.java:createPipeline(222)) - Failed to create pipeline of type RATIS and factor ONE. Exception: Cannot create pipeline of factor 1 using 0 nodes. Used 4 nodes. Healthy nodes 4
2020-07-09 05:16:31,144 [RatisPipelineUtilsThread] ERROR pipeline.SCMPipelineManager (SCMPipelineManager.java:createPipeline(222)) - Failed to create pipeline of type RATIS and factor THREE. Exception: Pipeline creation failed because nodes are engaged in other pipelines and every node can only be engaged in max 2 pipelines. Required 3. Found 1
2020-07-09 05:16:31,179 [IPC Server handler 5 on default port 41487] INFO  net.NetworkTopology (NetworkTopologyImpl.java:add(111)) - Added a new node: /default-rack/2e380eeb-fc9c-4285-bf60-968042885e92
2020-07-09 05:16:31,179 [IPC Server handler 5 on default port 41487] INFO  node.SCMNodeManager (SCMNodeManager.java:register(268)) - Registered Data node : 2e380eeb-fc9c-4285-bf60-968042885e92{ip: 172.17.0.2, host: 787407461a64, networkLocation: /default-rack, certSerialId: null}
2020-07-09 05:16:31,179 [RatisPipelineUtilsThread] INFO  pipeline.RatisPipelineProvider (RatisPipelineProvider.java:lambda$create$0(138)) - Sending CreatePipelineCommand for pipeline:PipelineID=7b4745aa-e6c8-4608-b381-dc179432f4e7 to datanode:2e380eeb-fc9c-4285-bf60-968042885e92
2020-07-09 05:16:31,180 [EventQueue-NodeRegistrationContainerReportForDataNodeSafeModeRule] INFO  safemode.SCMSafeModeManager (SCMSafeModeManager.java:validateSafeModeExitRules(214)) - DataNodeSafeModeRule rule is successfully validated
2020-07-09 05:16:31,180 [EventQueue-NodeRegistrationContainerReportForContainerSafeModeRule] INFO  safemode.SCMSafeModeManager (SCMSafeModeManager.java:validateSafeModeExitRules(214)) - ContainerSafeModeRule rule is successfully validated
2020-07-09 05:16:31,180 [RatisPipelineUtilsThread] INFO  pipeline.PipelineStateManager (PipelineStateManager.java:addPipeline(54)) - Created pipeline Pipeline[ Id: 7b4745aa-e6c8-4608-b381-dc179432f4e7, Nodes: 2e380eeb-fc9c-4285-bf60-968042885e92{ip: 172.17.0.2, host: 787407461a64, networkLocation: /default-rack, certSerialId: null}, Type:RATIS, Factor:ONE, State:ALLOCATED, leaderId:, CreationTimestamp2020-07-09T05:16:31.179Z]
2020-07-09 05:16:31,180 [RatisPipelineUtilsThread] ERROR pipeline.SCMPipelineManager (SCMPipelineManager.java:createPipeline(222)) - Failed to create pipeline of type RATIS and factor ONE. Exception: Cannot create pipeline of factor 1 using 0 nodes. Used 5 nodes. Healthy nodes 5
2020-07-09 05:16:31,180 [RatisPipelineUtilsThread] ERROR pipeline.SCMPipelineManager (SCMPipelineManager.java:createPipeline(222)) - Failed to create pipeline of type RATIS and factor THREE. Exception: Pipeline creation failed because nodes are engaged in other pipelines and every node can only be engaged in max 2 pipelines. Required 3. Found 2
2020-07-09 05:16:31,229 [IPC Server handler 6 on default port 41487] INFO  net.NetworkTopology (NetworkTopologyImpl.java:add(111)) - Added a new node: /default-rack/6bbe18f0-a18d-467d-ac04-38543da40044
2020-07-09 05:16:31,229 [IPC Server handler 6 on default port 41487] INFO  node.SCMNodeManager (SCMNodeManager.java:register(268)) - Registered Data node : 6bbe18f0-a18d-467d-ac04-38543da40044{ip: 172.17.0.2, host: 787407461a64, networkLocation: /default-rack, certSerialId: null}
2020-07-09 05:16:31,230 [RatisPipelineUtilsThread] INFO  pipeline.RatisPipelineProvider (RatisPipelineProvider.java:lambda$create$0(138)) - Sending CreatePipelineCommand for pipeline:PipelineID=d2464c40-faa1-4910-b793-4b8a71137631 to datanode:6bbe18f0-a18d-467d-ac04-38543da40044
2020-07-09 05:16:31,230 [EventQueue-NodeRegistrationContainerReportForDataNodeSafeModeRule] INFO  safemode.SCMSafeModeManager (SCMSafeModeManager.java:validateSafeModeExitRules(214)) - DataNodeSafeModeRule rule is successfully validated
2020-07-09 05:16:31,230 [RatisPipelineUtilsThread] INFO  pipeline.PipelineStateManager (PipelineStateManager.java:addPipeline(54)) - Created pipeline Pipeline[ Id: d2464c40-faa1-4910-b793-4b8a71137631, Nodes: 6bbe18f0-a18d-467d-ac04-38543da40044{ip: 172.17.0.2, host: 787407461a64, networkLocation: /default-rack, certSerialId: null}, Type:RATIS, Factor:ONE, State:ALLOCATED, leaderId:, CreationTimestamp2020-07-09T05:16:31.230Z]
2020-07-09 05:16:31,230 [EventQueue-NodeRegistrationContainerReportForContainerSafeModeRule] INFO  safemode.SCMSafeModeManager (SCMSafeModeManager.java:validateSafeModeExitRules(214)) - ContainerSafeModeRule rule is successfully validated
2020-07-09 05:16:31,230 [RatisPipelineUtilsThread] ERROR pipeline.SCMPipelineManager (SCMPipelineManager.java:createPipeline(222)) - Failed to create pipeline of type RATIS and factor ONE. Exception: Cannot create pipeline of factor 1 using 0 nodes. Used 6 nodes. Healthy nodes 6
2020-07-09 05:16:31,230 [RatisPipelineUtilsThread] INFO  pipeline.RatisPipelineProvider (RatisPipelineProvider.java:lambda$create$0(138)) - Sending CreatePipelineCommand for pipeline:PipelineID=df910146-1b09-4cdf-9957-da5563a61cfd to datanode:2e380eeb-fc9c-4285-bf60-968042885e92
2020-07-09 05:16:31,230 [RatisPipelineUtilsThread] INFO  pipeline.RatisPipelineProvider (RatisPipelineProvider.java:lambda$create$0(138)) - Sending CreatePipelineCommand for pipeline:PipelineID=df910146-1b09-4cdf-9957-da5563a61cfd to datanode:869115d6-4be2-4620-adee-449672856935
2020-07-09 05:16:31,230 [RatisPipelineUtilsThread] INFO  pipeline.RatisPipelineProvider (RatisPipelineProvider.java:lambda$create$0(138)) - Sending CreatePipelineCommand for pipeline:PipelineID=df910146-1b09-4cdf-9957-da5563a61cfd to datanode:6bbe18f0-a18d-467d-ac04-38543da40044
2020-07-09 05:16:31,231 [RatisPipelineUtilsThread] INFO  pipeline.PipelineStateManager (PipelineStateManager.java:addPipeline(54)) - Created pipeline Pipeline[ Id: df910146-1b09-4cdf-9957-da5563a61cfd, Nodes: 2e380eeb-fc9c-4285-bf60-968042885e92{ip: 172.17.0.2, host: 787407461a64, networkLocation: /default-rack, certSerialId: null}869115d6-4be2-4620-adee-449672856935{ip: 172.17.0.2, host: 787407461a64, networkLocation: /default-rack, certSerialId: null}6bbe18f0-a18d-467d-ac04-38543da40044{ip: 172.17.0.2, host: 787407461a64, networkLocation: /default-rack, certSerialId: null}, Type:RATIS, Factor:THREE, State:ALLOCATED, leaderId:, CreationTimestamp2020-07-09T05:16:31.230Z]
2020-07-09 05:16:31,231 [RatisPipelineUtilsThread] ERROR pipeline.SCMPipelineManager (SCMPipelineManager.java:createPipeline(222)) - Failed to create pipeline of type RATIS and factor THREE. Exception: Pipeline creation failed because nodes are engaged in other pipelines and every node can only be engaged in max 2 pipelines. Required 3. Found 0
2020-07-09 05:16:31,318 [IPC Server handler 7 on default port 41487] INFO  net.NetworkTopology (NetworkTopologyImpl.java:add(111)) - Added a new node: /default-rack/46ae9337-5f88-408a-bb8b-c1fbd2583d1a
2020-07-09 05:16:31,318 [IPC Server handler 7 on default port 41487] INFO  node.SCMNodeManager (SCMNodeManager.java:register(268)) - Registered Data node : 46ae9337-5f88-408a-bb8b-c1fbd2583d1a{ip: 172.17.0.2, host: 787407461a64, networkLocation: /default-rack, certSerialId: null}
2020-07-09 05:16:31,318 [EventQueue-NodeRegistrationContainerReportForContainerSafeModeRule] INFO  safemode.SCMSafeModeManager (SCMSafeModeManager.java:validateSafeModeExitRules(214)) - ContainerSafeModeRule rule is successfully validated
2020-07-09 05:16:31,318 [EventQueue-NodeRegistrationContainerReportForDataNodeSafeModeRule] INFO  safemode.SCMSafeModeManager (SCMSafeModeManager.java:validateSafeModeExitRules(214)) - DataNodeSafeModeRule rule is successfully validated
2020-07-09 05:16:31,319 [RatisPipelineUtilsThread] INFO  pipeline.RatisPipelineProvider (RatisPipelineProvider.java:lambda$create$0(138)) - Sending CreatePipelineCommand for pipeline:PipelineID=e4c91183-2414-47f2-b061-fce1fba9679a to datanode:46ae9337-5f88-408a-bb8b-c1fbd2583d1a
2020-07-09 05:16:31,319 [RatisPipelineUtilsThread] INFO  pipeline.PipelineStateManager (PipelineStateManager.java:addPipeline(54)) - Created pipeline Pipeline[ Id: e4c91183-2414-47f2-b061-fce1fba9679a, Nodes: 46ae9337-5f88-408a-bb8b-c1fbd2583d1a{ip: 172.17.0.2, host: 787407461a64, networkLocation: /default-rack, certSerialId: null}, Type:RATIS, Factor:ONE, State:ALLOCATED, leaderId:, CreationTimestamp2020-07-09T05:16:31.319Z]
2020-07-09 05:16:31,319 [RatisPipelineUtilsThread] ERROR pipeline.SCMPipelineManager (SCMPipelineManager.java:createPipeline(222)) - Failed to create pipeline of type RATIS and factor ONE. Exception: Cannot create pipeline of factor 1 using 0 nodes. Used 7 nodes. Healthy nodes 7
2020-07-09 05:16:31,319 [RatisPipelineUtilsThread] ERROR pipeline.SCMPipelineManager (SCMPipelineManager.java:createPipeline(222)) - Failed to create pipeline of type RATIS and factor THREE. Exception: Pipeline creation failed because nodes are engaged in other pipelines and every node can only be engaged in max 2 pipelines. Required 3. Found 1
2020-07-09 05:16:31,386 [IPC Server handler 8 on default port 41487] INFO  net.NetworkTopology (NetworkTopologyImpl.java:add(111)) - Added a new node: /default-rack/abef050d-a82e-4e4e-a507-6d1aa68ef9be
2020-07-09 05:16:31,386 [IPC Server handler 8 on default port 41487] INFO  node.SCMNodeManager (SCMNodeManager.java:register(268)) - Registered Data node : abef050d-a82e-4e4e-a507-6d1aa68ef9be{ip: 172.17.0.2, host: 787407461a64, networkLocation: /default-rack, certSerialId: null}
2020-07-09 05:16:31,386 [RatisPipelineUtilsThread] INFO  pipeline.RatisPipelineProvider (RatisPipelineProvider.java:lambda$create$0(138)) - Sending CreatePipelineCommand for pipeline:PipelineID=50e6acbb-d0f3-4b03-b303-fffa46e2e616 to datanode:abef050d-a82e-4e4e-a507-6d1aa68ef9be
2020-07-09 05:16:31,386 [EventQueue-NodeRegistrationContainerReportForContainerSafeModeRule] INFO  safemode.SCMSafeModeManager (SCMSafeModeManager.java:validateSafeModeExitRules(214)) - ContainerSafeModeRule rule is successfully validated
2020-07-09 05:16:31,386 [EventQueue-NodeRegistrationContainerReportForDataNodeSafeModeRule] INFO  safemode.SCMSafeModeManager (SCMSafeModeManager.java:validateSafeModeExitRules(214)) - DataNodeSafeModeRule rule is successfully validated
2020-07-09 05:16:31,386 [RatisPipelineUtilsThread] INFO  pipeline.PipelineStateManager (PipelineStateManager.java:addPipeline(54)) - Created pipeline Pipeline[ Id: 50e6acbb-d0f3-4b03-b303-fffa46e2e616, Nodes: abef050d-a82e-4e4e-a507-6d1aa68ef9be{ip: 172.17.0.2, host: 787407461a64, networkLocation: /default-rack, certSerialId: null}, Type:RATIS, Factor:ONE, State:ALLOCATED, leaderId:, CreationTimestamp2020-07-09T05:16:31.386Z]
2020-07-09 05:16:31,386 [RatisPipelineUtilsThread] ERROR pipeline.SCMPipelineManager (SCMPipelineManager.java:createPipeline(222)) - Failed to create pipeline of type RATIS and factor ONE. Exception: Cannot create pipeline of factor 1 using 0 nodes. Used 8 nodes. Healthy nodes 8
2020-07-09 05:16:31,387 [RatisPipelineUtilsThread] ERROR pipeline.SCMPipelineManager (SCMPipelineManager.java:createPipeline(222)) - Failed to create pipeline of type RATIS and factor THREE. Exception: Pipeline creation failed because nodes are engaged in other pipelines and every node can only be engaged in max 2 pipelines. Required 3. Found 2
2020-07-09 05:16:31,418 [Listener at 127.0.0.1/38375] INFO  ozone.MiniOzoneClusterImpl (MiniOzoneClusterImpl.java:lambda$waitForClusterToBeReady$0(177)) - Waiting for nodes to be ready. Got 8 of 9 DN Heartbeats.
2020-07-09 05:16:31,418 [Listener at 127.0.0.1/38375] INFO  ozone.MiniOzoneClusterImpl (MiniOzoneClusterImpl.java:lambda$waitForClusterToBeReady$0(180)) - Waiting for cluster to exit safe mode
2020-07-09 05:16:31,418 [IPC Server handler 9 on default port 41487] INFO  net.NetworkTopology (NetworkTopologyImpl.java:add(111)) - Added a new node: /default-rack/27f474ea-0df6-408b-94fb-c9f4a4ae0481
2020-07-09 05:16:31,418 [IPC Server handler 9 on default port 41487] INFO  node.SCMNodeManager (SCMNodeManager.java:register(268)) - Registered Data node : 27f474ea-0df6-408b-94fb-c9f4a4ae0481{ip: 172.17.0.2, host: 787407461a64, networkLocation: /default-rack, certSerialId: null}
2020-07-09 05:16:31,418 [EventQueue-NodeRegistrationContainerReportForContainerSafeModeRule] INFO  safemode.SCMSafeModeManager (SCMSafeModeManager.java:validateSafeModeExitRules(214)) - ContainerSafeModeRule rule is successfully validated
2020-07-09 05:16:31,418 [EventQueue-NodeRegistrationContainerReportForDataNodeSafeModeRule] INFO  safemode.SCMSafeModeManager (SCMSafeModeManager.java:validateSafeModeExitRules(214)) - DataNodeSafeModeRule rule is successfully validated
2020-07-09 05:16:31,418 [RatisPipelineUtilsThread] INFO  pipeline.RatisPipelineProvider (RatisPipelineProvider.java:lambda$create$0(138)) - Sending CreatePipelineCommand for pipeline:PipelineID=e3af85a4-f738-42db-952b-b01670ce27a6 to datanode:27f474ea-0df6-408b-94fb-c9f4a4ae0481
2020-07-09 05:16:31,419 [RatisPipelineUtilsThread] INFO  pipeline.PipelineStateManager (PipelineStateManager.java:addPipeline(54)) - Created pipeline Pipeline[ Id: e3af85a4-f738-42db-952b-b01670ce27a6, Nodes: 27f474ea-0df6-408b-94fb-c9f4a4ae0481{ip: 172.17.0.2, host: 787407461a64, networkLocation: /default-rack, certSerialId: null}, Type:RATIS, Factor:ONE, State:ALLOCATED, leaderId:, CreationTimestamp2020-07-09T05:16:31.418Z]
2020-07-09 05:16:31,419 [RatisPipelineUtilsThread] ERROR pipeline.SCMPipelineManager (SCMPipelineManager.java:createPipeline(222)) - Failed to create pipeline of type RATIS and factor ONE. Exception: Cannot create pipeline of factor 1 using 0 nodes. Used 9 nodes. Healthy nodes 9
2020-07-09 05:16:31,419 [RatisPipelineUtilsThread] INFO  pipeline.RatisPipelineProvider (RatisPipelineProvider.java:lambda$create$0(138)) - Sending CreatePipelineCommand for pipeline:PipelineID=e233d869-8825-455f-973d-6b4df85dc696 to datanode:27f474ea-0df6-408b-94fb-c9f4a4ae0481
2020-07-09 05:16:31,420 [RatisPipelineUtilsThread] INFO  pipeline.RatisPipelineProvider (RatisPipelineProvider.java:lambda$create$0(138)) - Sending CreatePipelineCommand for pipeline:PipelineID=e233d869-8825-455f-973d-6b4df85dc696 to datanode:46ae9337-5f88-408a-bb8b-c1fbd2583d1a
2020-07-09 05:16:31,420 [RatisPipelineUtilsThread] INFO  pipeline.RatisPipelineProvider (RatisPipelineProvider.java:lambda$create$0(138)) - Sending CreatePipelineCommand for pipeline:PipelineID=e233d869-8825-455f-973d-6b4df85dc696 to datanode:abef050d-a82e-4e4e-a507-6d1aa68ef9be
2020-07-09 05:16:31,420 [RatisPipelineUtilsThread] INFO  pipeline.PipelineStateManager (PipelineStateManager.java:addPipeline(54)) - Created pipeline Pipeline[ Id: e233d869-8825-455f-973d-6b4df85dc696, Nodes: 27f474ea-0df6-408b-94fb-c9f4a4ae0481{ip: 172.17.0.2, host: 787407461a64, networkLocation: /default-rack, certSerialId: null}46ae9337-5f88-408a-bb8b-c1fbd2583d1a{ip: 172.17.0.2, host: 787407461a64, networkLocation: /default-rack, certSerialId: null}abef050d-a82e-4e4e-a507-6d1aa68ef9be{ip: 172.17.0.2, host: 787407461a64, networkLocation: /default-rack, certSerialId: null}, Type:RATIS, Factor:THREE, State:ALLOCATED, leaderId:, CreationTimestamp2020-07-09T05:16:31.419Z]
2020-07-09 05:16:31,420 [RatisPipelineUtilsThread] ERROR pipeline.SCMPipelineManager (SCMPipelineManager.java:createPipeline(222)) - Failed to create pipeline of type RATIS and factor THREE. Exception: Pipeline creation failed because nodes are engaged in other pipelines and every node can only be engaged in max 2 pipelines. Required 3. Found 0
2020-07-09 05:16:32,418 [Listener at 127.0.0.1/38375] INFO  ozone.MiniOzoneClusterImpl (MiniOzoneClusterImpl.java:lambda$waitForClusterToBeReady$0(177)) - Nodes are ready. Got 9 of 9 DN Heartbeats.
2020-07-09 05:16:32,418 [Listener at 127.0.0.1/38375] INFO  ozone.MiniOzoneClusterImpl (MiniOzoneClusterImpl.java:lambda$waitForClusterToBeReady$0(180)) - Waiting for cluster to exit safe mode
2020-07-09 05:16:33,418 [Listener at 127.0.0.1/38375] INFO  ozone.MiniOzoneClusterImpl (MiniOzoneClusterImpl.java:lambda$waitForClusterToBeReady$0(177)) - Nodes are ready. Got 9 of 9 DN Heartbeats.
2020-07-09 05:16:33,419 [Listener at 127.0.0.1/38375] INFO  ozone.MiniOzoneClusterImpl (MiniOzoneClusterImpl.java:lambda$waitForClusterToBeReady$0(180)) - Waiting for cluster to exit safe mode
2020-07-09 05:16:33,964 [Command processor thread] INFO  impl.RaftServerProxy (RaftServerProxy.java:addNew(89)) - 9fd43fdd-f81f-4298-8fae-a0f306bcbc10: addNew group-DB01A6EFB191:[9fd43fdd-f81f-4298-8fae-a0f306bcbc10:172.17.0.2:34917] returns group-DB01A6EFB191:java.util.concurrent.CompletableFuture@1db2287e[Not completed]
2020-07-09 05:16:33,965 [pool-502-thread-1] INFO  impl.RaftServerImpl (RaftServerImpl.java:<init>(99)) - 9fd43fdd-f81f-4298-8fae-a0f306bcbc10: new RaftServerImpl for group-DB01A6EFB191:[9fd43fdd-f81f-4298-8fae-a0f306bcbc10:172.17.0.2:34917] with ContainerStateMachine:uninitialized
2020-07-09 05:16:33,965 [pool-502-thread-1] INFO  server.RaftServerConfigKeys (ConfUtils.java:logGet(44)) - raft.server.rpc.timeout.min = 5s (custom)
2020-07-09 05:16:33,965 [pool-502-thread-1] INFO  server.RaftServerConfigKeys (ConfUtils.java:logGet(44)) - raft.server.rpc.timeout.max = 5200ms (custom)
2020-07-09 05:16:33,965 [pool-502-thread-1] INFO  server.RaftServerConfigKeys (ConfUtils.java:logGet(44)) - raft.server.rpcslowness.timeout = 300000ms (custom)
2020-07-09 05:16:33,965 [pool-502-thread-1] INFO  server.RaftServerConfigKeys (ConfUtils.java:logGet(44)) - raft.server.sleep.deviation.threshold = 300 (default)
2020-07-09 05:16:33,965 [pool-502-thread-1] INFO  server.RaftServerConfigKeys (ConfUtils.java:logGet(44)) - raft.server.log.appender.install.snapshot.enabled = false (custom)
2020-07-09 05:16:33,965 [pool-502-thread-1] INFO  impl.RaftServerImpl (ServerState.java:<init>(103)) - 9fd43fdd-f81f-4298-8fae-a0f306bcbc10@group-DB01A6EFB191: ConfigurationManager, init=-1: [9fd43fdd-f81f-4298-8fae-a0f306bcbc10:172.17.0.2:34917], old=null, confs=<EMPTY_MAP>
2020-07-09 05:16:33,965 [pool-502-thread-1] INFO  server.RaftServerConfigKeys (ConfUtils.java:logGet(44)) - raft.server.storage.dir = [/github/workspace/mnt/ozone/hadoop-ozone/integration-test/target/test-dir/MiniOzoneClusterImpl-d071943e-99b5-4a6b-9dcd-d6487b458803/datanode-0/data/ratis] (custom)
2020-07-09 05:16:33,966 [pool-502-thread-1] INFO  server.RaftServerConfigKeys (ConfUtils.java:logGet(44)) - raft.server.log.corruption.policy = EXCEPTION (default)
2020-07-09 05:16:33,966 [pool-502-thread-1] INFO  storage.RaftStorageDirectory (RaftStorageDirectory.java:analyzeStorage(261)) - The storage directory /github/workspace/mnt/ozone/hadoop-ozone/integration-test/target/test-dir/MiniOzoneClusterImpl-d071943e-99b5-4a6b-9dcd-d6487b458803/datanode-0/data/ratis/65251622-076a-4cc9-b5c2-db01a6efb191 does not exist. Creating ...
2020-07-09 05:16:33,967 [pool-502-thread-1] INFO  storage.RaftStorageDirectory (RaftStorageDirectory.java:tryLock(343)) - Lock on /github/workspace/mnt/ozone/hadoop-ozone/integration-test/target/test-dir/MiniOzoneClusterImpl-d071943e-99b5-4a6b-9dcd-d6487b458803/datanode-0/data/ratis/65251622-076a-4cc9-b5c2-db01a6efb191/in_use.lock acquired by nodename 3510@787407461a64
2020-07-09 05:16:33,968 [pool-502-thread-1] INFO  storage.RaftStorage (RaftStorage.java:format(84)) - Storage directory /github/workspace/mnt/ozone/hadoop-ozone/integration-test/target/test-dir/MiniOzoneClusterImpl-d071943e-99b5-4a6b-9dcd-d6487b458803/datanode-0/data/ratis/65251622-076a-4cc9-b5c2-db01a6efb191 has been successfully formatted.
2020-07-09 05:16:33,969 [pool-502-thread-1] INFO  ratis.ContainerStateMachine (ContainerStateMachine.java:loadSnapshot(225)) - group-DB01A6EFB191: The snapshot info is null. Setting the last applied indexto:(t:0, i:~)
2020-07-09 05:16:33,969 [pool-502-thread-1] INFO  server.RaftServerConfigKeys (ConfUtils.java:logGet(44)) - raft.server.notification.no-leader.timeout = 60s (default)
2020-07-09 05:16:33,969 [pool-502-thread-1] INFO  server.RaftServerConfigKeys (ConfUtils.java:logGet(44)) - raft.server.log.use.memory = false (default)
2020-07-09 05:16:33,969 [pool-502-thread-1] INFO  server.RaftServerConfigKeys (ConfUtils.java:logGet(44)) - raft.server.log.purge.gap = 1000000 (custom)
2020-07-09 05:16:33,969 [pool-502-thread-1] INFO  server.RaftServerConfigKeys (ConfUtils.java:logGet(44)) - raft.server.log.appender.buffer.byte-limit = 33554432 (custom)
2020-07-09 05:16:33,969 [pool-502-thread-1] INFO  server.RaftServerConfigKeys (ConfUtils.java:logGet(44)) - raft.server.log.segment.size.max = 1048576 (custom)
2020-07-09 05:16:33,969 [pool-502-thread-1] INFO  metrics.RatisMetrics (RatisMetrics.java:lambda$create$0(36)) - Creating Metrics Registry : ratis.log_worker.9fd43fdd-f81f-4298-8fae-a0f306bcbc10@group-DB01A6EFB191
2020-07-09 05:16:33,970 [EventQueue-PipelineReportForPipelineReportHandler] INFO  pipeline.PipelineStateManager (PipelineStateManager.java:openPipeline(131)) - Pipeline Pipeline[ Id: 65251622-076a-4cc9-b5c2-db01a6efb191, Nodes: 9fd43fdd-f81f-4298-8fae-a0f306bcbc10{ip: 172.17.0.2, host: 787407461a64, networkLocation: /default-rack, certSerialId: null}, Type:RATIS, Factor:ONE, State:ALLOCATED, leaderId:9fd43fdd-f81f-4298-8fae-a0f306bcbc10, CreationTimestamp2020-07-09T05:16:30.965Z] moved to OPEN state
2020-07-09 05:16:33,970 [pool-502-thread-1] INFO  server.RaftServerConfigKeys (ConfUtils.java:logGet(44)) - raft.server.log.segment.cache.num.max = 2 (custom)
2020-07-09 05:16:33,970 [pool-502-thread-1] INFO  segmented.SegmentedRaftLogWorker (SegmentedRaftLogWorker.java:<init>(180)) - new 9fd43fdd-f81f-4298-8fae-a0f306bcbc10@group-DB01A6EFB191-SegmentedRaftLogWorker for RaftStorage:Storage Directory /github/workspace/mnt/ozone/hadoop-ozone/integration-test/target/test-dir/MiniOzoneClusterImpl-d071943e-99b5-4a6b-9dcd-d6487b458803/datanode-0/data/ratis/65251622-076a-4cc9-b5c2-db01a6efb191
2020-07-09 05:16:33,970 [pool-502-thread-1] INFO  server.RaftServerConfigKeys (ConfUtils.java:logGet(44)) - raft.server.log.queue.byte-limit = 2147483647 (custom)
2020-07-09 05:16:33,970 [pool-502-thread-1] INFO  server.RaftServerConfigKeys (ConfUtils.java:logGet(44)) - raft.server.log.queue.element-limit = 1024 (custom)
2020-07-09 05:16:33,971 [pool-502-thread-1] INFO  server.RaftServerConfigKeys (ConfUtils.java:logGet(44)) - raft.server.log.segment.size.max = 1048576 (custom)
2020-07-09 05:16:33,971 [pool-502-thread-1] INFO  server.RaftServerConfigKeys (ConfUtils.java:logGet(44)) - raft.server.log.preallocated.size = 16384 (custom)
2020-07-09 05:16:33,971 [pool-502-thread-1] INFO  server.RaftServerConfigKeys (ConfUtils.java:logGet(44)) - raft.server.log.write.buffer.size = 1048576 (custom)
2020-07-09 05:16:33,971 [pool-502-thread-1] INFO  server.RaftServerConfigKeys (ConfUtils.java:logGet(44)) - raft.server.log.force.sync.num = 128 (default)
2020-07-09 05:16:33,971 [pool-502-thread-1] INFO  server.RaftServerConfigKeys (ConfUtils.java:logGet(44)) - raft.server.log.statemachine.data.sync = true (default)
2020-07-09 05:16:33,971 [pool-502-thread-1] INFO  server.RaftServerConfigKeys (ConfUtils.java:logGet(44)) - raft.server.log.statemachine.data.sync.timeout = 10s (default)
2020-07-09 05:16:33,971 [pool-502-thread-1] INFO  server.RaftServerConfigKeys (ConfUtils.java:logGet(44)) - raft.server.log.statemachine.data.sync.timeout.retry = -1 (default)
2020-07-09 05:16:33,971 [EventQueue-OpenPipelineForHealthyPipelineSafeModeRule] INFO  safemode.SCMSafeModeManager (HealthyPipelineSafeModeRule.java:process(129)) - SCM in safe mode. Healthy pipelines reported count is 0, required healthy pipeline reported count is 1
2020-07-09 05:16:33,974 [pool-502-thread-1] INFO  server.RaftServerConfigKeys (ConfUtils.java:logGet(44)) - raft.server.log.statemachine.data.caching.enabled = true (custom)
2020-07-09 05:16:33,974 [pool-502-thread-1] INFO  segmented.SegmentedRaftLogWorker (SegmentedRaftLogWorker.java:lambda$new$0(129)) - 9fd43fdd-f81f-4298-8fae-a0f306bcbc10@group-DB01A6EFB191-SegmentedRaftLogWorker: flushIndex: setUnconditionally 0 -> -1
2020-07-09 05:16:33,974 [pool-502-thread-1] INFO  segmented.SegmentedRaftLogWorker (SegmentedRaftLogWorker.java:lambda$new$0(129)) - 9fd43fdd-f81f-4298-8fae-a0f306bcbc10@group-DB01A6EFB191-SegmentedRaftLogWorker: safeCacheEvictIndex: setUnconditionally 0 -> -1
2020-07-09 05:16:33,974 [EventQueue-OpenPipelineForOneReplicaPipelineSafeModeRule] INFO  safemode.SCMSafeModeManager (SCMSafeModeManager.java:validateSafeModeExitRules(214)) - AtleastOneDatanodeReportedRule rule is successfully validated
2020-07-09 05:16:33,974 [pool-502-thread-1] INFO  server.RaftServerConfigKeys (ConfUtils.java:logGet(44)) - raft.server.snapshot.auto.trigger.enabled = true (custom)
2020-07-09 05:16:33,974 [pool-502-thread-1] INFO  server.RaftServerConfigKeys (ConfUtils.java:logGet(44)) - raft.server.snapshot.auto.trigger.threshold = 10000 (custom)
2020-07-09 05:16:33,974 [pool-502-thread-1] INFO  server.RaftServerConfigKeys (ConfUtils.java:logGet(44)) - raft.server.snapshot.retention.file.num = 5 (custom)
2020-07-09 05:16:33,974 [pool-502-thread-1] INFO  server.RaftServerConfigKeys (ConfUtils.java:logGet(44)) - raft.server.log.purge.upto.snapshot.index = false (default)
2020-07-09 05:16:33,975 [pool-502-thread-1] INFO  server.RaftServerConfigKeys (ConfUtils.java:logGet(44)) - raft.server.retrycache.expirytime = 600000ms (custom)
2020-07-09 05:16:33,975 [pool-502-thread-1] INFO  metrics.RatisMetrics (RatisMetrics.java:lambda$create$0(36)) - Creating Metrics Registry : ratis.leader_election.9fd43fdd-f81f-4298-8fae-a0f306bcbc10@group-DB01A6EFB191
2020-07-09 05:16:33,975 [pool-502-thread-1] INFO  metrics.RatisMetrics (RatisMetrics.java:lambda$create$0(36)) - Creating Metrics Registry : ratis.server.9fd43fdd-f81f-4298-8fae-a0f306bcbc10@group-DB01A6EFB191
2020-07-09 05:16:33,977 [pool-502-thread-1] INFO  impl.RaftServerImpl (RaftServerImpl.java:start(186)) - 9fd43fdd-f81f-4298-8fae-a0f306bcbc10@group-DB01A6EFB191: start as a follower, conf=-1: [9fd43fdd-f81f-4298-8fae-a0f306bcbc10:172.17.0.2:34917], old=null
2020-07-09 05:16:33,977 [pool-502-thread-1] INFO  impl.RaftServerImpl (RaftServerImpl.java:setRole(175)) - 9fd43fdd-f81f-4298-8fae-a0f306bcbc10@group-DB01A6EFB191: changes role from      null to FOLLOWER at term 0 for startAsFollower
2020-07-09 05:16:33,977 [pool-502-thread-1] INFO  impl.RoleInfo (RoleInfo.java:updateAndGet(143)) - 9fd43fdd-f81f-4298-8fae-a0f306bcbc10: start FollowerState
2020-07-09 05:16:33,977 [pool-502-thread-1] INFO  util.JmxRegister (JmxRegister.java:tryRegister(44)) - Successfully registered JMX Bean with object name Ratis:service=RaftServer,group=group-DB01A6EFB191,id=9fd43fdd-f81f-4298-8fae-a0f306bcbc10
2020-07-09 05:16:33,977 [pool-502-thread-1] INFO  metrics.RatisMetrics (RatisMetrics.java:lambda$create$0(36)) - Creating Metrics Registry : ratis.state_machine.9fd43fdd-f81f-4298-8fae-a0f306bcbc10@group-DB01A6EFB191
2020-07-09 05:16:33,978 [Command processor thread] INFO  commandhandler.CreatePipelineCommandHandler (CreatePipelineCommandHandler.java:handle(109)) - Created Pipeline RATIS ONE #id: "65251622-076a-4cc9-b5c2-db01a6efb191"
uuid128 {
  mostSigBits: 7288255907378121929
  leastSigBits: -5349472607220551279
}
.
2020-07-09 05:16:33,979 [Command processor thread] INFO  impl.RaftServerProxy (RaftServerProxy.java:addNew(89)) - 9fd43fdd-f81f-4298-8fae-a0f306bcbc10: addNew group-4378BEE67A6C:[9fd43fdd-f81f-4298-8fae-a0f306bcbc10:172.17.0.2:34917, 24ca51e7-b0f8-4d63-a105-3cbecc3844b6:172.17.0.2:40419, 892fa5a7-ff4d-4b0c-962d-911ea3aeded8:172.17.0.2:37787] returns group-4378BEE67A6C:java.util.concurrent.CompletableFuture@198dbf10[Not completed]
2020-07-09 05:16:33,979 [pool-502-thread-1] INFO  impl.RaftServerImpl (RaftServerImpl.java:<init>(99)) - 9fd43fdd-f81f-4298-8fae-a0f306bcbc10: new RaftServerImpl for group-4378BEE67A6C:[9fd43fdd-f81f-4298-8fae-a0f306bcbc10:172.17.0.2:34917, 24ca51e7-b0f8-4d63-a105-3cbecc3844b6:172.17.0.2:40419, 892fa5a7-ff4d-4b0c-962d-911ea3aeded8:172.17.0.2:37787] with ContainerStateMachine:uninitialized
2020-07-09 05:16:33,979 [pool-502-thread-1] INFO  server.RaftServerConfigKeys (ConfUtils.java:logGet(44)) - raft.server.rpc.timeout.min = 5s (custom)
2020-07-09 05:16:33,980 [pool-502-thread-1] INFO  server.RaftServerConfigKeys (ConfUtils.java:logGet(44)) - raft.server.rpc.timeout.max = 5200ms (custom)
2020-07-09 05:16:33,980 [pool-502-thread-1] INFO  server.RaftServerConfigKeys (ConfUtils.java:logGet(44)) - raft.server.rpcslowness.timeout = 300000ms (custom)
2020-07-09 05:16:33,980 [pool-502-thread-1] INFO  server.RaftServerConfigKeys (ConfUtils.java:logGet(44)) - raft.server.sleep.deviation.threshold = 300 (default)
2020-07-09 05:16:33,980 [pool-502-thread-1] INFO  server.RaftServerConfigKeys (ConfUtils.java:logGet(44)) - raft.server.log.appender.install.snapshot.enabled = false (custom)
2020-07-09 05:16:33,980 [pool-502-thread-1] INFO  impl.RaftServerImpl (ServerState.java:<init>(103)) - 9fd43fdd-f81f-4298-8fae-a0f306bcbc10@group-4378BEE67A6C: ConfigurationManager, init=-1: [9fd43fdd-f81f-4298-8fae-a0f306bcbc10:172.17.0.2:34917, 24ca51e7-b0f8-4d63-a105-3cbecc3844b6:172.17.0.2:40419, 892fa5a7-ff4d-4b0c-962d-911ea3aeded8:172.17.0.2:37787], old=null, confs=<EMPTY_MAP>
2020-07-09 05:16:33,980 [pool-502-thread-1] INFO  server.RaftServerConfigKeys (ConfUtils.java:logGet(44)) - raft.server.storage.dir = [/github/workspace/mnt/ozone/hadoop-ozone/integration-test/target/test-dir/MiniOzoneClusterImpl-d071943e-99b5-4a6b-9dcd-d6487b458803/datanode-0/data/ratis] (custom)
2020-07-09 05:16:33,980 [pool-502-thread-1] INFO  server.RaftServerConfigKeys (ConfUtils.java:logGet(44)) - raft.server.log.corruption.policy = EXCEPTION (default)
2020-07-09 05:16:33,980 [pool-502-thread-1] INFO  storage.RaftStorageDirectory (RaftStorageDirectory.java:analyzeStorage(261)) - The storage directory /github/workspace/mnt/ozone/hadoop-ozone/integration-test/target/test-dir/MiniOzoneClusterImpl-d071943e-99b5-4a6b-9dcd-d6487b458803/datanode-0/data/ratis/bc0201db-137f-48da-96a2-4378bee67a6c does not exist. Creating ...
2020-07-09 05:16:33,981 [pool-502-thread-1] INFO  storage.RaftStorageDirectory (RaftStorageDirectory.java:tryLock(343)) - Lock on /github/workspace/mnt/ozone/hadoop-ozone/integration-test/target/test-dir/MiniOzoneClusterImpl-d071943e-99b5-4a6b-9dcd-d6487b458803/datanode-0/data/ratis/bc0201db-137f-48da-96a2-4378bee67a6c/in_use.lock acquired by nodename 3510@787407461a64
2020-07-09 05:16:33,982 [pool-502-thread-1] INFO  storage.RaftStorage (RaftStorage.java:format(84)) - Storage directory /github/workspace/mnt/ozone/hadoop-ozone/integration-test/target/test-dir/MiniOzoneClusterImpl-d071943e-99b5-4a6b-9dcd-d6487b458803/datanode-0/data/ratis/bc0201db-137f-48da-96a2-4378bee67a6c has been successfully formatted.
2020-07-09 05:16:33,982 [pool-502-thread-1] INFO  ratis.ContainerStateMachine (ContainerStateMachine.java:loadSnapshot(225)) - group-4378BEE67A6C: The snapshot info is null. Setting the last applied indexto:(t:0, i:~)
2020-07-09 05:16:33,983 [pool-502-thread-1] INFO  server.RaftServerConfigKeys (ConfUtils.java:logGet(44)) - raft.server.notification.no-leader.timeout = 60s (default)
2020-07-09 05:16:33,983 [pool-502-thread-1] INFO  server.RaftServerConfigKeys (ConfUtils.java:logGet(44)) - raft.server.log.use.memory = false (default)
2020-07-09 05:16:33,983 [pool-502-thread-1] INFO  server.RaftServerConfigKeys (ConfUtils.java:logGet(44)) - raft.server.log.purge.gap = 1000000 (custom)
2020-07-09 05:16:33,983 [pool-502-thread-1] INFO  server.RaftServerConfigKeys (ConfUtils.java:logGet(44)) - raft.server.log.appender.buffer.byte-limit = 33554432 (custom)
2020-07-09 05:16:33,983 [pool-502-thread-1] INFO  server.RaftServerConfigKeys (ConfUtils.java:logGet(44)) - raft.server.log.segment.size.max = 1048576 (custom)
2020-07-09 05:16:33,983 [pool-502-thread-1] INFO  metrics.RatisMetrics (RatisMetrics.java:lambda$create$0(36)) - Creating Metrics Registry : ratis.log_worker.9fd43fdd-f81f-4298-8fae-a0f306bcbc10@group-4378BEE67A6C
2020-07-09 05:16:33,984 [pool-502-thread-1] INFO  server.RaftServerConfigKeys (ConfUtils.java:logGet(44)) - raft.server.log.segment.cache.num.max = 2 (custom)
2020-07-09 05:16:33,984 [pool-502-thread-1] INFO  segmented.SegmentedRaftLogWorker (SegmentedRaftLogWorker.java:<init>(180)) - new 9fd43fdd-f81f-4298-8fae-a0f306bcbc10@group-4378BEE67A6C-SegmentedRaftLogWorker for RaftStorage:Storage Directory /github/workspace/mnt/ozone/hadoop-ozone/integration-test/target/test-dir/MiniOzoneClusterImpl-d071943e-99b5-4a6b-9dcd-d6487b458803/datanode-0/data/ratis/bc0201db-137f-48da-96a2-4378bee67a6c
2020-07-09 05:16:33,984 [pool-502-thread-1] INFO  server.RaftServerConfigKeys (ConfUtils.java:logGet(44)) - raft.server.log.queue.byte-limit = 2147483647 (custom)
2020-07-09 05:16:33,984 [pool-502-thread-1] INFO  server.RaftServerConfigKeys (ConfUtils.java:logGet(44)) - raft.server.log.queue.element-limit = 1024 (custom)
2020-07-09 05:16:33,984 [pool-502-thread-1] INFO  server.RaftServerConfigKeys (ConfUtils.java:logGet(44)) - raft.server.log.segment.size.max = 1048576 (custom)
2020-07-09 05:16:33,984 [pool-502-thread-1] INFO  server.RaftServerConfigKeys (ConfUtils.java:logGet(44)) - raft.server.log.preallocated.size = 16384 (custom)
2020-07-09 05:16:33,984 [pool-502-thread-1] INFO  server.RaftServerConfigKeys (ConfUtils.java:logGet(44)) - raft.server.log.write.buffer.size = 1048576 (custom)
2020-07-09 05:16:33,984 [pool-502-thread-1] INFO  server.RaftServerConfigKeys (ConfUtils.java:logGet(44)) - raft.server.log.force.sync.num = 128 (default)
2020-07-09 05:16:33,984 [pool-502-thread-1] INFO  server.RaftServerConfigKeys (ConfUtils.java:logGet(44)) - raft.server.log.statemachine.data.sync = true (default)
2020-07-09 05:16:33,984 [pool-502-thread-1] INFO  server.RaftServerConfigKeys (ConfUtils.java:logGet(44)) - raft.server.log.statemachine.data.sync.timeout = 10s (default)
2020-07-09 05:16:33,985 [pool-502-thread-1] INFO  server.RaftServerConfigKeys (ConfUtils.java:logGet(44)) - raft.server.log.statemachine.data.sync.timeout.retry = -1 (default)
2020-07-09 05:16:33,987 [pool-502-thread-1] INFO  server.RaftServerConfigKeys (ConfUtils.java:logGet(44)) - raft.server.log.statemachine.data.caching.enabled = true (custom)
2020-07-09 05:16:33,987 [pool-502-thread-1] INFO  segmented.SegmentedRaftLogWorker (SegmentedRaftLogWorker.java:lambda$new$0(129)) - 9fd43fdd-f81f-4298-8fae-a0f306bcbc10@group-4378BEE67A6C-SegmentedRaftLogWorker: flushIndex: setUnconditionally 0 -> -1
2020-07-09 05:16:33,987 [pool-502-thread-1] INFO  segmented.SegmentedRaftLogWorker (SegmentedRaftLogWorker.java:lambda$new$0(129)) - 9fd43fdd-f81f-4298-8fae-a0f306bcbc10@group-4378BEE67A6C-SegmentedRaftLogWorker: safeCacheEvictIndex: setUnconditionally 0 -> -1
2020-07-09 05:16:33,988 [pool-502-thread-1] INFO  server.RaftServerConfigKeys (ConfUtils.java:logGet(44)) - raft.server.snapshot.auto.trigger.enabled = true (custom)
2020-07-09 05:16:33,988 [pool-502-thread-1] INFO  server.RaftServerConfigKeys (ConfUtils.java:logGet(44)) - raft.server.snapshot.auto.trigger.threshold = 10000 (custom)
2020-07-09 05:16:33,988 [pool-502-thread-1] INFO  server.RaftServerConfigKeys (ConfUtils.java:logGet(44)) - raft.server.snapshot.retention.file.num = 5 (custom)
2020-07-09 05:16:33,988 [pool-502-thread-1] INFO  server.RaftServerConfigKeys (ConfUtils.java:logGet(44)) - raft.server.log.purge.upto.snapshot.index = false (default)
2020-07-09 05:16:33,988 [pool-502-thread-1] INFO  server.RaftServerConfigKeys (ConfUtils.java:logGet(44)) - raft.server.retrycache.expirytime = 600000ms (custom)
2020-07-09 05:16:33,988 [pool-502-thread-1] INFO  metrics.RatisMetrics (RatisMetrics.java:lambda$create$0(36)) - Creating Metrics Registry : ratis.leader_election.9fd43fdd-f81f-4298-8fae-a0f306bcbc10@group-4378BEE67A6C
2020-07-09 05:16:33,989 [pool-502-thread-1] INFO  metrics.RatisMetrics (RatisMetrics.java:lambda$create$0(36)) - Creating Metrics Registry : ratis.server.9fd43fdd-f81f-4298-8fae-a0f306bcbc10@group-4378BEE67A6C
2020-07-09 05:16:33,990 [pool-502-thread-1] INFO  impl.RaftServerImpl (RaftServerImpl.java:start(186)) - 9fd43fdd-f81f-4298-8fae-a0f306bcbc10@group-4378BEE67A6C: start as a follower, conf=-1: [9fd43fdd-f81f-4298-8fae-a0f306bcbc10:172.17.0.2:34917, 24ca51e7-b0f8-4d63-a105-3cbecc3844b6:172.17.0.2:40419, 892fa5a7-ff4d-4b0c-962d-911ea3aeded8:172.17.0.2:37787], old=null
2020-07-09 05:16:33,990 [pool-502-thread-1] INFO  impl.RaftServerImpl (RaftServerImpl.java:setRole(175)) - 9fd43fdd-f81f-4298-8fae-a0f306bcbc10@group-4378BEE67A6C: changes role from      null to FOLLOWER at term 0 for startAsFollower
2020-07-09 05:16:33,990 [pool-502-thread-1] INFO  impl.RoleInfo (RoleInfo.java:updateAndGet(143)) - 9fd43fdd-f81f-4298-8fae-a0f306bcbc10: start FollowerState
2020-07-09 05:16:33,991 [pool-502-thread-1] INFO  util.JmxRegister (JmxRegister.java:tryRegister(44)) - Successfully registered JMX Bean with object name Ratis:service=RaftServer,group=group-4378BEE67A6C,id=9fd43fdd-f81f-4298-8fae-a0f306bcbc10
2020-07-09 05:16:33,991 [pool-502-thread-1] INFO  metrics.RatisMetrics (RatisMetrics.java:lambda$create$0(36)) - Creating Metrics Registry : ratis.state_machine.9fd43fdd-f81f-4298-8fae-a0f306bcbc10@group-4378BEE67A6C
2020-07-09 05:16:33,998 [grpc-default-executor-9] INFO  impl.RaftServerProxy (RaftServerProxy.java:addNew(89)) - 24ca51e7-b0f8-4d63-a105-3cbecc3844b6: addNew group-4378BEE67A6C:[9fd43fdd-f81f-4298-8fae-a0f306bcbc10:172.17.0.2:34917, 24ca51e7-b0f8-4d63-a105-3cbecc3844b6:172.17.0.2:40419, 892fa5a7-ff4d-4b0c-962d-911ea3aeded8:172.17.0.2:37787] returns group-4378BEE67A6C:java.util.concurrent.CompletableFuture@6880bd91[Not completed]
2020-07-09 05:16:34,000 [pool-532-thread-1] INFO  impl.RaftServerImpl (RaftServerImpl.java:<init>(99)) - 24ca51e7-b0f8-4d63-a105-3cbecc3844b6: new RaftServerImpl for group-4378BEE67A6C:[9fd43fdd-f81f-4298-8fae-a0f306bcbc10:172.17.0.2:34917, 24ca51e7-b0f8-4d63-a105-3cbecc3844b6:172.17.0.2:40419, 892fa5a7-ff4d-4b0c-962d-911ea3aeded8:172.17.0.2:37787] with ContainerStateMachine:uninitialized
2020-07-09 05:16:34,000 [pool-532-thread-1] INFO  server.RaftServerConfigKeys (ConfUtils.java:logGet(44)) - raft.server.rpc.timeout.min = 5s (custom)
2020-07-09 05:16:34,001 [pool-532-thread-1] INFO  server.RaftServerConfigKeys (ConfUtils.java:logGet(44)) - raft.server.rpc.timeout.max = 5200ms (custom)
2020-07-09 05:16:34,001 [pool-532-thread-1] INFO  server.RaftServerConfigKeys (ConfUtils.java:logGet(44)) - raft.server.rpcslowness.timeout = 300000ms (custom)
2020-07-09 05:16:34,001 [pool-532-thread-1] INFO  server.RaftServerConfigKeys (ConfUtils.java:logGet(44)) - raft.server.sleep.deviation.threshold = 300 (default)
2020-07-09 05:16:34,001 [pool-532-thread-1] INFO  server.RaftServerConfigKeys (ConfUtils.java:logGet(44)) - raft.server.log.appender.install.snapshot.enabled = false (custom)
2020-07-09 05:16:34,001 [pool-532-thread-1] INFO  impl.RaftServerImpl (ServerState.java:<init>(103)) - 24ca51e7-b0f8-4d63-a105-3cbecc3844b6@group-4378BEE67A6C: ConfigurationManager, init=-1: [9fd43fdd-f81f-4298-8fae-a0f306bcbc10:172.17.0.2:34917, 24ca51e7-b0f8-4d63-a105-3cbecc3844b6:172.17.0.2:40419, 892fa5a7-ff4d-4b0c-962d-911ea3aeded8:172.17.0.2:37787], old=null, confs=<EMPTY_MAP>
2020-07-09 05:16:34,001 [pool-532-thread-1] INFO  server.RaftServerConfigKeys (ConfUtils.java:logGet(44)) - raft.server.storage.dir = [/github/workspace/mnt/ozone/hadoop-ozone/integration-test/target/test-dir/MiniOzoneClusterImpl-d071943e-99b5-4a6b-9dcd-d6487b458803/datanode-2/data/ratis] (custom)
2020-07-09 05:16:34,001 [pool-532-thread-1] INFO  server.RaftServerConfigKeys (ConfUtils.java:logGet(44)) - raft.server.log.corruption.policy = EXCEPTION (default)
2020-07-09 05:16:34,001 [pool-532-thread-1] INFO  storage.RaftStorageDirectory (RaftStorageDirectory.java:analyzeStorage(261)) - The storage directory /github/workspace/mnt/ozone/hadoop-ozone/integration-test/target/test-dir/MiniOzoneClusterImpl-d071943e-99b5-4a6b-9dcd-d6487b458803/datanode-2/data/ratis/bc0201db-137f-48da-96a2-4378bee67a6c does not exist. Creating ...
2020-07-09 05:16:34,002 [pool-532-thread-1] INFO  storage.RaftStorageDirectory (RaftStorageDirectory.java:tryLock(343)) - Lock on /github/workspace/mnt/ozone/hadoop-ozone/integration-test/target/test-dir/MiniOzoneClusterImpl-d071943e-99b5-4a6b-9dcd-d6487b458803/datanode-2/data/ratis/bc0201db-137f-48da-96a2-4378bee67a6c/in_use.lock acquired by nodename 3510@787407461a64
2020-07-09 05:16:34,003 [pool-532-thread-1] INFO  storage.RaftStorage (RaftStorage.java:format(84)) - Storage directory /github/workspace/mnt/ozone/hadoop-ozone/integration-test/target/test-dir/MiniOzoneClusterImpl-d071943e-99b5-4a6b-9dcd-d6487b458803/datanode-2/data/ratis/bc0201db-137f-48da-96a2-4378bee67a6c has been successfully formatted.
2020-07-09 05:16:34,004 [pool-532-thread-1] INFO  ratis.ContainerStateMachine (ContainerStateMachine.java:loadSnapshot(225)) - group-4378BEE67A6C: The snapshot info is null. Setting the last applied indexto:(t:0, i:~)
2020-07-09 05:16:34,004 [pool-532-thread-1] INFO  server.RaftServerConfigKeys (ConfUtils.java:logGet(44)) - raft.server.notification.no-leader.timeout = 60s (default)
2020-07-09 05:16:34,004 [pool-532-thread-1] INFO  server.RaftServerConfigKeys (ConfUtils.java:logGet(44)) - raft.server.log.use.memory = false (default)
2020-07-09 05:16:34,004 [pool-532-thread-1] INFO  server.RaftServerConfigKeys (ConfUtils.java:logGet(44)) - raft.server.log.purge.gap = 1000000 (custom)
2020-07-09 05:16:34,005 [pool-532-thread-1] INFO  server.RaftServerConfigKeys (ConfUtils.java:logGet(44)) - raft.server.log.appender.buffer.byte-limit = 33554432 (custom)
2020-07-09 05:16:34,005 [pool-532-thread-1] INFO  server.RaftServerConfigKeys (ConfUtils.java:logGet(44)) - raft.server.log.segment.size.max = 1048576 (custom)
2020-07-09 05:16:34,005 [pool-532-thread-1] INFO  metrics.RatisMetrics (RatisMetrics.java:lambda$create$0(36)) - Creating Metrics Registry : ratis.log_worker.24ca51e7-b0f8-4d63-a105-3cbecc3844b6@group-4378BEE67A6C
2020-07-09 05:16:34,005 [pool-532-thread-1] INFO  server.RaftServerConfigKeys (ConfUtils.java:logGet(44)) - raft.server.log.segment.cache.num.max = 2 (custom)
2020-07-09 05:16:34,005 [pool-532-thread-1] INFO  segmented.SegmentedRaftLogWorker (SegmentedRaftLogWorker.java:<init>(180)) - new 24ca51e7-b0f8-4d63-a105-3cbecc3844b6@group-4378BEE67A6C-SegmentedRaftLogWorker for RaftStorage:Storage Directory /github/workspace/mnt/ozone/hadoop-ozone/integration-test/target/test-dir/MiniOzoneClusterImpl-d071943e-99b5-4a6b-9dcd-d6487b458803/datanode-2/data/ratis/bc0201db-137f-48da-96a2-4378bee67a6c
2020-07-09 05:16:34,005 [pool-532-thread-1] INFO  server.RaftServerConfigKeys (ConfUtils.java:logGet(44)) - raft.server.log.queue.byte-limit = 2147483647 (custom)
2020-07-09 05:16:34,005 [pool-532-thread-1] INFO  server.RaftServerConfigKeys (ConfUtils.java:logGet(44)) - raft.server.log.queue.element-limit = 1024 (custom)
2020-07-09 05:16:34,005 [pool-532-thread-1] INFO  server.RaftServerConfigKeys (ConfUtils.java:logGet(44)) - raft.server.log.segment.size.max = 1048576 (custom)
2020-07-09 05:16:34,005 [pool-532-thread-1] INFO  server.RaftServerConfigKeys (ConfUtils.java:logGet(44)) - raft.server.log.preallocated.size = 16384 (custom)
2020-07-09 05:16:34,005 [pool-532-thread-1] INFO  server.RaftServerConfigKeys (ConfUtils.java:logGet(44)) - raft.server.log.write.buffer.size = 1048576 (custom)
2020-07-09 05:16:34,006 [pool-532-thread-1] INFO  server.RaftServerConfigKeys (ConfUtils.java:logGet(44)) - raft.server.log.force.sync.num = 128 (default)
2020-07-09 05:16:34,006 [pool-532-thread-1] INFO  server.RaftServerConfigKeys (ConfUtils.java:logGet(44)) - raft.server.log.statemachine.data.sync = true (default)
2020-07-09 05:16:34,006 [pool-532-thread-1] INFO  server.RaftServerConfigKeys (ConfUtils.java:logGet(44)) - raft.server.log.statemachine.data.sync.timeout = 10s (default)
2020-07-09 05:16:34,006 [pool-532-thread-1] INFO  server.RaftServerConfigKeys (ConfUtils.java:logGet(44)) - raft.server.log.statemachine.data.sync.timeout.retry = -1 (default)
2020-07-09 05:16:34,008 [pool-532-thread-1] INFO  server.RaftServerConfigKeys (ConfUtils.java:logGet(44)) - raft.server.log.statemachine.data.caching.enabled = true (custom)
2020-07-09 05:16:34,008 [pool-532-thread-1] INFO  segmented.SegmentedRaftLogWorker (SegmentedRaftLogWorker.java:lambda$new$0(129)) - 24ca51e7-b0f8-4d63-a105-3cbecc3844b6@group-4378BEE67A6C-SegmentedRaftLogWorker: flushIndex: setUnconditionally 0 -> -1
2020-07-09 05:16:34,008 [pool-532-thread-1] INFO  segmented.SegmentedRaftLogWorker (SegmentedRaftLogWorker.java:lambda$new$0(129)) - 24ca51e7-b0f8-4d63-a105-3cbecc3844b6@group-4378BEE67A6C-SegmentedRaftLogWorker: safeCacheEvictIndex: setUnconditionally 0 -> -1
2020-07-09 05:16:34,008 [pool-532-thread-1] INFO  server.RaftServerConfigKeys (ConfUtils.java:logGet(44)) - raft.server.snapshot.auto.trigger.enabled = true (custom)
2020-07-09 05:16:34,008 [pool-532-thread-1] INFO  server.RaftServerConfigKeys (ConfUtils.java:logGet(44)) - raft.server.snapshot.auto.trigger.threshold = 10000 (custom)
2020-07-09 05:16:34,009 [pool-532-thread-1] INFO  server.RaftServerConfigKeys (ConfUtils.java:logGet(44)) - raft.server.snapshot.retention.file.num = 5 (custom)
2020-07-09 05:16:34,009 [pool-532-thread-1] INFO  server.RaftServerConfigKeys (ConfUtils.java:logGet(44)) - raft.server.log.purge.upto.snapshot.index = false (default)
2020-07-09 05:16:34,009 [pool-532-thread-1] INFO  server.RaftServerConfigKeys (ConfUtils.java:logGet(44)) - raft.server.retrycache.expirytime = 600000ms (custom)
2020-07-09 05:16:34,009 [pool-532-thread-1] INFO  metrics.RatisMetrics (RatisMetrics.java:lambda$create$0(36)) - Creating Metrics Registry : ratis.leader_election.24ca51e7-b0f8-4d63-a105-3cbecc3844b6@group-4378BEE67A6C
2020-07-09 05:16:34,010 [pool-532-thread-1] INFO  metrics.RatisMetrics (RatisMetrics.java:lambda$create$0(36)) - Creating Metrics Registry : ratis.server.24ca51e7-b0f8-4d63-a105-3cbecc3844b6@group-4378BEE67A6C
2020-07-09 05:16:34,011 [pool-532-thread-1] INFO  impl.RaftServerImpl (RaftServerImpl.java:start(186)) - 24ca51e7-b0f8-4d63-a105-3cbecc3844b6@group-4378BEE67A6C: start as a follower, conf=-1: [9fd43fdd-f81f-4298-8fae-a0f306bcbc10:172.17.0.2:34917, 24ca51e7-b0f8-4d63-a105-3cbecc3844b6:172.17.0.2:40419, 892fa5a7-ff4d-4b0c-962d-911ea3aeded8:172.17.0.2:37787], old=null
2020-07-09 05:16:34,011 [pool-532-thread-1] INFO  impl.RaftServerImpl (RaftServerImpl.java:setRole(175)) - 24ca51e7-b0f8-4d63-a105-3cbecc3844b6@group-4378BEE67A6C: changes role from      null to FOLLOWER at term 0 for startAsFollower
2020-07-09 05:16:34,011 [pool-532-thread-1] INFO  impl.RoleInfo (RoleInfo.java:updateAndGet(143)) - 24ca51e7-b0f8-4d63-a105-3cbecc3844b6: start FollowerState
2020-07-09 05:16:34,012 [pool-532-thread-1] INFO  util.JmxRegister (JmxRegister.java:tryRegister(44)) - Successfully registered JMX Bean with object name Ratis:service=RaftServer,group=group-4378BEE67A6C,id=24ca51e7-b0f8-4d63-a105-3cbecc3844b6
2020-07-09 05:16:34,012 [pool-532-thread-1] INFO  metrics.RatisMetrics (RatisMetrics.java:lambda$create$0(36)) - Creating Metrics Registry : ratis.state_machine.24ca51e7-b0f8-4d63-a105-3cbecc3844b6@group-4378BEE67A6C
2020-07-09 05:16:34,021 [grpc-default-executor-9] INFO  impl.RaftServerProxy (RaftServerProxy.java:addNew(89)) - 892fa5a7-ff4d-4b0c-962d-911ea3aeded8: addNew group-4378BEE67A6C:[9fd43fdd-f81f-4298-8fae-a0f306bcbc10:172.17.0.2:34917, 24ca51e7-b0f8-4d63-a105-3cbecc3844b6:172.17.0.2:40419, 892fa5a7-ff4d-4b0c-962d-911ea3aeded8:172.17.0.2:37787] returns group-4378BEE67A6C:java.util.concurrent.CompletableFuture@23101a86[Not completed]
2020-07-09 05:16:34,022 [pool-517-thread-1] INFO  impl.RaftServerImpl (RaftServerImpl.java:<init>(99)) - 892fa5a7-ff4d-4b0c-962d-911ea3aeded8: new RaftServerImpl for group-4378BEE67A6C:[9fd43fdd-f81f-4298-8fae-a0f306bcbc10:172.17.0.2:34917, 24ca51e7-b0f8-4d63-a105-3cbecc3844b6:172.17.0.2:40419, 892fa5a7-ff4d-4b0c-962d-911ea3aeded8:172.17.0.2:37787] with ContainerStateMachine:uninitialized
2020-07-09 05:16:34,022 [pool-517-thread-1] INFO  server.RaftServerConfigKeys (ConfUtils.java:logGet(44)) - raft.server.rpc.timeout.min = 5s (custom)
2020-07-09 05:16:34,022 [pool-517-thread-1] INFO  server.RaftServerConfigKeys (ConfUtils.java:logGet(44)) - raft.server.rpc.timeout.max = 5200ms (custom)
2020-07-09 05:16:34,022 [pool-517-thread-1] INFO  server.RaftServerConfigKeys (ConfUtils.java:logGet(44)) - raft.server.rpcslowness.timeout = 300000ms (custom)
2020-07-09 05:16:34,022 [pool-517-thread-1] INFO  server.RaftServerConfigKeys (ConfUtils.java:logGet(44)) - raft.server.sleep.deviation.threshold = 300 (default)
2020-07-09 05:16:34,022 [pool-517-thread-1] INFO  server.RaftServerConfigKeys (ConfUtils.java:logGet(44)) - raft.server.log.appender.install.snapshot.enabled = false (custom)
2020-07-09 05:16:34,022 [pool-517-thread-1] INFO  impl.RaftServerImpl (ServerState.java:<init>(103)) - 892fa5a7-ff4d-4b0c-962d-911ea3aeded8@group-4378BEE67A6C: ConfigurationManager, init=-1: [9fd43fdd-f81f-4298-8fae-a0f306bcbc10:172.17.0.2:34917, 24ca51e7-b0f8-4d63-a105-3cbecc3844b6:172.17.0.2:40419, 892fa5a7-ff4d-4b0c-962d-911ea3aeded8:172.17.0.2:37787], old=null, confs=<EMPTY_MAP>
2020-07-09 05:16:34,022 [pool-517-thread-1] INFO  server.RaftServerConfigKeys (ConfUtils.java:logGet(44)) - raft.server.storage.dir = [/github/workspace/mnt/ozone/hadoop-ozone/integration-test/target/test-dir/MiniOzoneClusterImpl-d071943e-99b5-4a6b-9dcd-d6487b458803/datanode-1/data/ratis] (custom)
2020-07-09 05:16:34,022 [pool-517-thread-1] INFO  server.RaftServerConfigKeys (ConfUtils.java:logGet(44)) - raft.server.log.corruption.policy = EXCEPTION (default)
2020-07-09 05:16:34,023 [pool-517-thread-1] INFO  storage.RaftStorageDirectory (RaftStorageDirectory.java:analyzeStorage(261)) - The storage directory /github/workspace/mnt/ozone/hadoop-ozone/integration-test/target/test-dir/MiniOzoneClusterImpl-d071943e-99b5-4a6b-9dcd-d6487b458803/datanode-1/data/ratis/bc0201db-137f-48da-96a2-4378bee67a6c does not exist. Creating ...
2020-07-09 05:16:34,024 [pool-517-thread-1] INFO  storage.RaftStorageDirectory (RaftStorageDirectory.java:tryLock(343)) - Lock on /github/workspace/mnt/ozone/hadoop-ozone/integration-test/target/test-dir/MiniOzoneClusterImpl-d071943e-99b5-4a6b-9dcd-d6487b458803/datanode-1/data/ratis/bc0201db-137f-48da-96a2-4378bee67a6c/in_use.lock acquired by nodename 3510@787407461a64
2020-07-09 05:16:34,025 [pool-517-thread-1] INFO  storage.RaftStorage (RaftStorage.java:format(84)) - Storage directory /github/workspace/mnt/ozone/hadoop-ozone/integration-test/target/test-dir/MiniOzoneClusterImpl-d071943e-99b5-4a6b-9dcd-d6487b458803/datanode-1/data/ratis/bc0201db-137f-48da-96a2-4378bee67a6c has been successfully formatted.
2020-07-09 05:16:34,026 [pool-517-thread-1] INFO  ratis.ContainerStateMachine (ContainerStateMachine.java:loadSnapshot(225)) - group-4378BEE67A6C: The snapshot info is null. Setting the last applied indexto:(t:0, i:~)
2020-07-09 05:16:34,026 [pool-517-thread-1] INFO  server.RaftServerConfigKeys (ConfUtils.java:logGet(44)) - raft.server.notification.no-leader.timeout = 60s (default)
2020-07-09 05:16:34,026 [pool-517-thread-1] INFO  server.RaftServerConfigKeys (ConfUtils.java:logGet(44)) - raft.server.log.use.memory = false (default)
2020-07-09 05:16:34,026 [pool-517-thread-1] INFO  server.RaftServerConfigKeys (ConfUtils.java:logGet(44)) - raft.server.log.purge.gap = 1000000 (custom)
2020-07-09 05:16:34,026 [pool-517-thread-1] INFO  server.RaftServerConfigKeys (ConfUtils.java:logGet(44)) - raft.server.log.appender.buffer.byte-limit = 33554432 (custom)
2020-07-09 05:16:34,026 [pool-517-thread-1] INFO  server.RaftServerConfigKeys (ConfUtils.java:logGet(44)) - raft.server.log.segment.size.max = 1048576 (custom)
2020-07-09 05:16:34,026 [pool-517-thread-1] INFO  metrics.RatisMetrics (RatisMetrics.java:lambda$create$0(36)) - Creating Metrics Registry : ratis.log_worker.892fa5a7-ff4d-4b0c-962d-911ea3aeded8@group-4378BEE67A6C
2020-07-09 05:16:34,027 [pool-517-thread-1] INFO  server.RaftServerConfigKeys (ConfUtils.java:logGet(44)) - raft.server.log.segment.cache.num.max = 2 (custom)
2020-07-09 05:16:34,027 [pool-517-thread-1] INFO  segmented.SegmentedRaftLogWorker (SegmentedRaftLogWorker.java:<init>(180)) - new 892fa5a7-ff4d-4b0c-962d-911ea3aeded8@group-4378BEE67A6C-SegmentedRaftLogWorker for RaftStorage:Storage Directory /github/workspace/mnt/ozone/hadoop-ozone/integration-test/target/test-dir/MiniOzoneClusterImpl-d071943e-99b5-4a6b-9dcd-d6487b458803/datanode-1/data/ratis/bc0201db-137f-48da-96a2-4378bee67a6c
2020-07-09 05:16:34,027 [pool-517-thread-1] INFO  server.RaftServerConfigKeys (ConfUtils.java:logGet(44)) - raft.server.log.queue.byte-limit = 2147483647 (custom)
2020-07-09 05:16:34,027 [pool-517-thread-1] INFO  server.RaftServerConfigKeys (ConfUtils.java:logGet(44)) - raft.server.log.queue.element-limit = 1024 (custom)
2020-07-09 05:16:34,027 [pool-517-thread-1] INFO  server.RaftServerConfigKeys (ConfUtils.java:logGet(44)) - raft.server.log.segment.size.max = 1048576 (custom)
2020-07-09 05:16:34,027 [pool-517-thread-1] INFO  server.RaftServerConfigKeys (ConfUtils.java:logGet(44)) - raft.server.log.preallocated.size = 16384 (custom)
2020-07-09 05:16:34,027 [pool-517-thread-1] INFO  server.RaftServerConfigKeys (ConfUtils.java:logGet(44)) - raft.server.log.write.buffer.size = 1048576 (custom)
2020-07-09 05:16:34,027 [pool-517-thread-1] INFO  server.RaftServerConfigKeys (ConfUtils.java:logGet(44)) - raft.server.log.force.sync.num = 128 (default)
2020-07-09 05:16:34,027 [pool-517-thread-1] INFO  server.RaftServerConfigKeys (ConfUtils.java:logGet(44)) - raft.server.log.statemachine.data.sync = true (default)
2020-07-09 05:16:34,028 [pool-517-thread-1] INFO  server.RaftServerConfigKeys (ConfUtils.java:logGet(44)) - raft.server.log.statemachine.data.sync.timeout = 10s (default)
2020-07-09 05:16:34,028 [pool-517-thread-1] INFO  server.RaftServerConfigKeys (ConfUtils.java:logGet(44)) - raft.server.log.statemachine.data.sync.timeout.retry = -1 (default)
2020-07-09 05:16:34,030 [pool-517-thread-1] INFO  server.RaftServerConfigKeys (ConfUtils.java:logGet(44)) - raft.server.log.statemachine.data.caching.enabled = true (custom)
2020-07-09 05:16:34,030 [pool-517-thread-1] INFO  segmented.SegmentedRaftLogWorker (SegmentedRaftLogWorker.java:lambda$new$0(129)) - 892fa5a7-ff4d-4b0c-962d-911ea3aeded8@group-4378BEE67A6C-SegmentedRaftLogWorker: flushIndex: setUnconditionally 0 -> -1
2020-07-09 05:16:34,030 [pool-517-thread-1] INFO  segmented.SegmentedRaftLogWorker (SegmentedRaftLogWorker.java:lambda$new$0(129)) - 892fa5a7-ff4d-4b0c-962d-911ea3aeded8@group-4378BEE67A6C-SegmentedRaftLogWorker: safeCacheEvictIndex: setUnconditionally 0 -> -1
2020-07-09 05:16:34,031 [pool-517-thread-1] INFO  server.RaftServerConfigKeys (ConfUtils.java:logGet(44)) - raft.server.snapshot.auto.trigger.enabled = true (custom)
2020-07-09 05:16:34,031 [pool-517-thread-1] INFO  server.RaftServerConfigKeys (ConfUtils.java:logGet(44)) - raft.server.snapshot.auto.trigger.threshold = 10000 (custom)
2020-07-09 05:16:34,031 [pool-517-thread-1] INFO  server.RaftServerConfigKeys (ConfUtils.java:logGet(44)) - raft.server.snapshot.retention.file.num = 5 (custom)
2020-07-09 05:16:34,031 [pool-517-thread-1] INFO  server.RaftServerConfigKeys (ConfUtils.java:logGet(44)) - raft.server.log.purge.upto.snapshot.index = false (default)
2020-07-09 05:16:34,031 [pool-517-thread-1] INFO  server.RaftServerConfigKeys (ConfUtils.java:logGet(44)) - raft.server.retrycache.expirytime = 600000ms (custom)
2020-07-09 05:16:34,031 [pool-517-thread-1] INFO  metrics.RatisMetrics (RatisMetrics.java:lambda$create$0(36)) - Creating Metrics Registry : ratis.leader_election.892fa5a7-ff4d-4b0c-962d-911ea3aeded8@group-4378BEE67A6C
2020-07-09 05:16:34,032 [pool-517-thread-1] INFO  metrics.RatisMetrics (RatisMetrics.java:lambda$create$0(36)) - Creating Metrics Registry : ratis.server.892fa5a7-ff4d-4b0c-962d-911ea3aeded8@group-4378BEE67A6C
2020-07-09 05:16:34,033 [pool-517-thread-1] INFO  impl.RaftServerImpl (RaftServerImpl.java:start(186)) - 892fa5a7-ff4d-4b0c-962d-911ea3aeded8@group-4378BEE67A6C: start as a follower, conf=-1: [9fd43fdd-f81f-4298-8fae-a0f306bcbc10:172.17.0.2:34917, 24ca51e7-b0f8-4d63-a105-3cbecc3844b6:172.17.0.2:40419, 892fa5a7-ff4d-4b0c-962d-911ea3aeded8:172.17.0.2:37787], old=null
2020-07-09 05:16:34,033 [pool-517-thread-1] INFO  impl.RaftServerImpl (RaftServerImpl.java:setRole(175)) - 892fa5a7-ff4d-4b0c-962d-911ea3aeded8@group-4378BEE67A6C: changes role from      null to FOLLOWER at term 0 for startAsFollower
2020-07-09 05:16:34,033 [pool-517-thread-1] INFO  impl.RoleInfo (RoleInfo.java:updateAndGet(143)) - 892fa5a7-ff4d-4b0c-962d-911ea3aeded8: start FollowerState
2020-07-09 05:16:34,034 [pool-517-thread-1] INFO  util.JmxRegister (JmxRegister.java:tryRegister(44)) - Successfully registered JMX Bean with object name Ratis:service=RaftServer,group=group-4378BEE67A6C,id=892fa5a7-ff4d-4b0c-962d-911ea3aeded8
2020-07-09 05:16:34,034 [Command processor thread] INFO  impl.RaftServerProxy (RaftServerProxy.java:addNew(89)) - 892fa5a7-ff4d-4b0c-962d-911ea3aeded8: addNew group-A65B37D85CB4:[892fa5a7-ff4d-4b0c-962d-911ea3aeded8:172.17.0.2:37787] returns group-A65B37D85CB4:java.util.concurrent.CompletableFuture@7ef6ccf3[Not completed]
2020-07-09 05:16:34,034 [pool-517-thread-1] INFO  metrics.RatisMetrics (RatisMetrics.java:lambda$create$0(36)) - Creating Metrics Registry : ratis.state_machine.892fa5a7-ff4d-4b0c-962d-911ea3aeded8@group-4378BEE67A6C
2020-07-09 05:16:34,035 [pool-517-thread-1] INFO  impl.RaftServerImpl (RaftServerImpl.java:<init>(99)) - 892fa5a7-ff4d-4b0c-962d-911ea3aeded8: new RaftServerImpl for group-A65B37D85CB4:[892fa5a7-ff4d-4b0c-962d-911ea3aeded8:172.17.0.2:37787] with ContainerStateMachine:uninitialized
2020-07-09 05:16:34,036 [pool-517-thread-1] INFO  server.RaftServerConfigKeys (ConfUtils.java:logGet(44)) - raft.server.rpc.timeout.min = 5s (custom)
2020-07-09 05:16:34,036 [pool-517-thread-1] INFO  server.RaftServerConfigKeys (ConfUtils.java:logGet(44)) - raft.server.rpc.timeout.max = 5200ms (custom)
2020-07-09 05:16:34,036 [pool-517-thread-1] INFO  server.RaftServerConfigKeys (ConfUtils.java:logGet(44)) - raft.server.rpcslowness.timeout = 300000ms (custom)
2020-07-09 05:16:34,036 [pool-517-thread-1] INFO  server.RaftServerConfigKeys (ConfUtils.java:logGet(44)) - raft.server.sleep.deviation.threshold = 300 (default)
2020-07-09 05:16:34,036 [pool-517-thread-1] INFO  server.RaftServerConfigKeys (ConfUtils.java:logGet(44)) - raft.server.log.appender.install.snapshot.enabled = false (custom)
2020-07-09 05:16:34,036 [pool-517-thread-1] INFO  impl.RaftServerImpl (ServerState.java:<init>(103)) - 892fa5a7-ff4d-4b0c-962d-911ea3aeded8@group-A65B37D85CB4: ConfigurationManager, init=-1: [892fa5a7-ff4d-4b0c-962d-911ea3aeded8:172.17.0.2:37787], old=null, confs=<EMPTY_MAP>
2020-07-09 05:16:34,036 [pool-517-thread-1] INFO  server.RaftServerConfigKeys (ConfUtils.java:logGet(44)) - raft.server.storage.dir = [/github/workspace/mnt/ozone/hadoop-ozone/integration-test/target/test-dir/MiniOzoneClusterImpl-d071943e-99b5-4a6b-9dcd-d6487b458803/datanode-1/data/ratis] (custom)
2020-07-09 05:16:34,036 [pool-517-thread-1] INFO  server.RaftServerConfigKeys (ConfUtils.java:logGet(44)) - raft.server.log.corruption.policy = EXCEPTION (default)
2020-07-09 05:16:34,036 [pool-517-thread-1] INFO  storage.RaftStorageDirectory (RaftStorageDirectory.java:analyzeStorage(261)) - The storage directory /github/workspace/mnt/ozone/hadoop-ozone/integration-test/target/test-dir/MiniOzoneClusterImpl-d071943e-99b5-4a6b-9dcd-d6487b458803/datanode-1/data/ratis/57d2e637-5be3-47fe-a54c-a65b37d85cb4 does not exist. Creating ...
2020-07-09 05:16:34,038 [pool-517-thread-1] INFO  storage.RaftStorageDirectory (RaftStorageDirectory.java:tryLock(343)) - Lock on /github/workspace/mnt/ozone/hadoop-ozone/integration-test/target/test-dir/MiniOzoneClusterImpl-d071943e-99b5-4a6b-9dcd-d6487b458803/datanode-1/data/ratis/57d2e637-5be3-47fe-a54c-a65b37d85cb4/in_use.lock acquired by nodename 3510@787407461a64
2020-07-09 05:16:34,040 [pool-517-thread-1] INFO  storage.RaftStorage (RaftStorage.java:format(84)) - Storage directory /github/workspace/mnt/ozone/hadoop-ozone/integration-test/target/test-dir/MiniOzoneClusterImpl-d071943e-99b5-4a6b-9dcd-d6487b458803/datanode-1/data/ratis/57d2e637-5be3-47fe-a54c-a65b37d85cb4 has been successfully formatted.
2020-07-09 05:16:34,041 [pool-517-thread-1] INFO  ratis.ContainerStateMachine (ContainerStateMachine.java:loadSnapshot(225)) - group-A65B37D85CB4: The snapshot info is null. Setting the last applied indexto:(t:0, i:~)
2020-07-09 05:16:34,041 [pool-517-thread-1] INFO  server.RaftServerConfigKeys (ConfUtils.java:logGet(44)) - raft.server.notification.no-leader.timeout = 60s (default)
2020-07-09 05:16:34,041 [pool-517-thread-1] INFO  server.RaftServerConfigKeys (ConfUtils.java:logGet(44)) - raft.server.log.use.memory = false (default)
2020-07-09 05:16:34,041 [pool-517-thread-1] INFO  server.RaftServerConfigKeys (ConfUtils.java:logGet(44)) - raft.server.log.purge.gap = 1000000 (custom)
2020-07-09 05:16:34,041 [pool-517-thread-1] INFO  server.RaftServerConfigKeys (ConfUtils.java:logGet(44)) - raft.server.log.appender.buffer.byte-limit = 33554432 (custom)
2020-07-09 05:16:34,042 [pool-517-thread-1] INFO  server.RaftServerConfigKeys (ConfUtils.java:logGet(44)) - raft.server.log.segment.size.max = 1048576 (custom)
2020-07-09 05:16:34,042 [pool-517-thread-1] INFO  metrics.RatisMetrics (RatisMetrics.java:lambda$create$0(36)) - Creating Metrics Registry : ratis.log_worker.892fa5a7-ff4d-4b0c-962d-911ea3aeded8@group-A65B37D85CB4
2020-07-09 05:16:34,042 [EventQueue-PipelineReportForPipelineReportHandler] INFO  pipeline.PipelineStateManager (PipelineStateManager.java:openPipeline(131)) - Pipeline Pipeline[ Id: 57d2e637-5be3-47fe-a54c-a65b37d85cb4, Nodes: 892fa5a7-ff4d-4b0c-962d-911ea3aeded8{ip: 172.17.0.2, host: 787407461a64, networkLocation: /default-rack, certSerialId: null}, Type:RATIS, Factor:ONE, State:ALLOCATED, leaderId:892fa5a7-ff4d-4b0c-962d-911ea3aeded8, CreationTimestamp2020-07-09T05:16:31.034Z] moved to OPEN state
2020-07-09 05:16:34,042 [EventQueue-OpenPipelineForHealthyPipelineSafeModeRule] INFO  safemode.SCMSafeModeManager (HealthyPipelineSafeModeRule.java:process(129)) - SCM in safe mode. Healthy pipelines reported count is 0, required healthy pipeline reported count is 1
2020-07-09 05:16:34,042 [EventQueue-OpenPipelineForOneReplicaPipelineSafeModeRule] INFO  safemode.SCMSafeModeManager (SCMSafeModeManager.java:validateSafeModeExitRules(214)) - AtleastOneDatanodeReportedRule rule is successfully validated
2020-07-09 05:16:34,042 [pool-517-thread-1] INFO  server.RaftServerConfigKeys (ConfUtils.java:logGet(44)) - raft.server.log.segment.cache.num.max = 2 (custom)
2020-07-09 05:16:34,043 [Command processor thread] INFO  commandhandler.CreatePipelineCommandHandler (CreatePipelineCommandHandler.java:handle(109)) - Created Pipeline RATIS THREE #id: "bc0201db-137f-48da-96a2-4378bee67a6c"
uuid128 {
  mostSigBits: -4899351404189103910
  leastSigBits: -7592431835915322772
}
.
2020-07-09 05:16:34,043 [pool-517-thread-1] INFO  segmented.SegmentedRaftLogWorker (SegmentedRaftLogWorker.java:<init>(180)) - new 892fa5a7-ff4d-4b0c-962d-911ea3aeded8@group-A65B37D85CB4-SegmentedRaftLogWorker for RaftStorage:Storage Directory /github/workspace/mnt/ozone/hadoop-ozone/integration-test/target/test-dir/MiniOzoneClusterImpl-d071943e-99b5-4a6b-9dcd-d6487b458803/datanode-1/data/ratis/57d2e637-5be3-47fe-a54c-a65b37d85cb4
2020-07-09 05:16:34,043 [pool-517-thread-1] INFO  server.RaftServerConfigKeys (ConfUtils.java:logGet(44)) - raft.server.log.queue.byte-limit = 2147483647 (custom)
2020-07-09 05:16:34,043 [pool-517-thread-1] INFO  server.RaftServerConfigKeys (ConfUtils.java:logGet(44)) - raft.server.log.queue.element-limit = 1024 (custom)
2020-07-09 05:16:34,044 [pool-517-thread-1] INFO  server.RaftServerConfigKeys (ConfUtils.java:logGet(44)) - raft.server.log.segment.size.max = 1048576 (custom)
2020-07-09 05:16:34,044 [pool-517-thread-1] INFO  server.RaftServerConfigKeys (ConfUtils.java:logGet(44)) - raft.server.log.preallocated.size = 16384 (custom)
2020-07-09 05:16:34,044 [pool-517-thread-1] INFO  server.RaftServerConfigKeys (ConfUtils.java:logGet(44)) - raft.server.log.write.buffer.size = 1048576 (custom)
2020-07-09 05:16:34,044 [pool-517-thread-1] INFO  server.RaftServerConfigKeys (ConfUtils.java:logGet(44)) - raft.server.log.force.sync.num = 128 (default)
2020-07-09 05:16:34,044 [pool-517-thread-1] INFO  server.RaftServerConfigKeys (ConfUtils.java:logGet(44)) - raft.server.log.statemachine.data.sync = true (default)
2020-07-09 05:16:34,044 [pool-517-thread-1] INFO  server.RaftServerConfigKeys (ConfUtils.java:logGet(44)) - raft.server.log.statemachine.data.sync.timeout = 10s (default)
2020-07-09 05:16:34,044 [pool-517-thread-1] INFO  server.RaftServerConfigKeys (ConfUtils.java:logGet(44)) - raft.server.log.statemachine.data.sync.timeout.retry = -1 (default)
2020-07-09 05:16:34,047 [pool-517-thread-1] INFO  server.RaftServerConfigKeys (ConfUtils.java:logGet(44)) - raft.server.log.statemachine.data.caching.enabled = true (custom)
2020-07-09 05:16:34,047 [pool-517-thread-1] INFO  segmented.SegmentedRaftLogWorker (SegmentedRaftLogWorker.java:lambda$new$0(129)) - 892fa5a7-ff4d-4b0c-962d-911ea3aeded8@group-A65B37D85CB4-SegmentedRaftLogWorker: flushIndex: setUnconditionally 0 -> -1
2020-07-09 05:16:34,047 [pool-517-thread-1] INFO  segmented.SegmentedRaftLogWorker (SegmentedRaftLogWorker.java:lambda$new$0(129)) - 892fa5a7-ff4d-4b0c-962d-911ea3aeded8@group-A65B37D85CB4-SegmentedRaftLogWorker: safeCacheEvictIndex: setUnconditionally 0 -> -1
2020-07-09 05:16:34,049 [pool-517-thread-1] INFO  server.RaftServerConfigKeys (ConfUtils.java:logGet(44)) - raft.server.snapshot.auto.trigger.enabled = true (custom)
2020-07-09 05:16:34,049 [pool-517-thread-1] INFO  server.RaftServerConfigKeys (ConfUtils.java:logGet(44)) - raft.server.snapshot.auto.trigger.threshold = 10000 (custom)
2020-07-09 05:16:34,049 [pool-517-thread-1] INFO  server.RaftServerConfigKeys (ConfUtils.java:logGet(44)) - raft.server.snapshot.retention.file.num = 5 (custom)
2020-07-09 05:16:34,049 [pool-517-thread-1] INFO  server.RaftServerConfigKeys (ConfUtils.java:logGet(44)) - raft.server.log.purge.upto.snapshot.index = false (default)
2020-07-09 05:16:34,049 [pool-517-thread-1] INFO  server.RaftServerConfigKeys (ConfUtils.java:logGet(44)) - raft.server.retrycache.expirytime = 600000ms (custom)
2020-07-09 05:16:34,049 [pool-517-thread-1] INFO  metrics.RatisMetrics (RatisMetrics.java:lambda$create$0(36)) - Creating Metrics Registry : ratis.leader_election.892fa5a7-ff4d-4b0c-962d-911ea3aeded8@group-A65B37D85CB4
2020-07-09 05:16:34,050 [pool-517-thread-1] INFO  metrics.RatisMetrics (RatisMetrics.java:lambda$create$0(36)) - Creating Metrics Registry : ratis.server.892fa5a7-ff4d-4b0c-962d-911ea3aeded8@group-A65B37D85CB4
2020-07-09 05:16:34,051 [pool-517-thread-1] INFO  impl.RaftServerImpl (RaftServerImpl.java:start(186)) - 892fa5a7-ff4d-4b0c-962d-911ea3aeded8@group-A65B37D85CB4: start as a follower, conf=-1: [892fa5a7-ff4d-4b0c-962d-911ea3aeded8:172.17.0.2:37787], old=null
2020-07-09 05:16:34,052 [pool-517-thread-1] INFO  impl.RaftServerImpl (RaftServerImpl.java:setRole(175)) - 892fa5a7-ff4d-4b0c-962d-911ea3aeded8@group-A65B37D85CB4: changes role from      null to FOLLOWER at term 0 for startAsFollower
2020-07-09 05:16:34,052 [pool-517-thread-1] INFO  impl.RoleInfo (RoleInfo.java:updateAndGet(143)) - 892fa5a7-ff4d-4b0c-962d-911ea3aeded8: start FollowerState
2020-07-09 05:16:34,057 [pool-517-thread-1] INFO  util.JmxRegister (JmxRegister.java:tryRegister(44)) - Successfully registered JMX Bean with object name Ratis:service=RaftServer,group=group-A65B37D85CB4,id=892fa5a7-ff4d-4b0c-962d-911ea3aeded8
2020-07-09 05:16:34,057 [pool-517-thread-1] INFO  metrics.RatisMetrics (RatisMetrics.java:lambda$create$0(36)) - Creating Metrics Registry : ratis.state_machine.892fa5a7-ff4d-4b0c-962d-911ea3aeded8@group-A65B37D85CB4
2020-07-09 05:16:34,058 [Command processor thread] INFO  commandhandler.CreatePipelineCommandHandler (CreatePipelineCommandHandler.java:handle(109)) - Created Pipeline RATIS ONE #id: "57d2e637-5be3-47fe-a54c-a65b37d85cb4"
uuid128 {
  mostSigBits: 6328373551848179710
  leastSigBits: -6535666048512271180
}
.
2020-07-09 05:16:34,069 [Command processor thread] INFO  impl.RaftServerProxy (RaftServerProxy.java:addNew(89)) - 24ca51e7-b0f8-4d63-a105-3cbecc3844b6: addNew group-15FD68912E1A:[24ca51e7-b0f8-4d63-a105-3cbecc3844b6:172.17.0.2:40419] returns group-15FD68912E1A:java.util.concurrent.CompletableFuture@63ecefcf[Not completed]
2020-07-09 05:16:34,069 [pool-532-thread-1] INFO  impl.RaftServerImpl (RaftServerImpl.java:<init>(99)) - 24ca51e7-b0f8-4d63-a105-3cbecc3844b6: new RaftServerImpl for group-15FD68912E1A:[24ca51e7-b0f8-4d63-a105-3cbecc3844b6:172.17.0.2:40419] with ContainerStateMachine:uninitialized
2020-07-09 05:16:34,069 [pool-532-thread-1] INFO  server.RaftServerConfigKeys (ConfUtils.java:logGet(44)) - raft.server.rpc.timeout.min = 5s (custom)
2020-07-09 05:16:34,069 [pool-532-thread-1] INFO  server.RaftServerConfigKeys (ConfUtils.java:logGet(44)) - raft.server.rpc.timeout.max = 5200ms (custom)
2020-07-09 05:16:34,069 [pool-532-thread-1] INFO  server.RaftServerConfigKeys (ConfUtils.java:logGet(44)) - raft.server.rpcslowness.timeout = 300000ms (custom)
2020-07-09 05:16:34,070 [pool-532-thread-1] INFO  server.RaftServerConfigKeys (ConfUtils.java:logGet(44)) - raft.server.sleep.deviation.threshold = 300 (default)
2020-07-09 05:16:34,070 [pool-532-thread-1] INFO  server.RaftServerConfigKeys (ConfUtils.java:logGet(44)) - raft.server.log.appender.install.snapshot.enabled = false (custom)
2020-07-09 05:16:34,070 [pool-532-thread-1] INFO  impl.RaftServerImpl (ServerState.java:<init>(103)) - 24ca51e7-b0f8-4d63-a105-3cbecc3844b6@group-15FD68912E1A: ConfigurationManager, init=-1: [24ca51e7-b0f8-4d63-a105-3cbecc3844b6:172.17.0.2:40419], old=null, confs=<EMPTY_MAP>
2020-07-09 05:16:34,070 [pool-532-thread-1] INFO  server.RaftServerConfigKeys (ConfUtils.java:logGet(44)) - raft.server.storage.dir = [/github/workspace/mnt/ozone/hadoop-ozone/integration-test/target/test-dir/MiniOzoneClusterImpl-d071943e-99b5-4a6b-9dcd-d6487b458803/datanode-2/data/ratis] (custom)
2020-07-09 05:16:34,070 [pool-532-thread-1] INFO  server.RaftServerConfigKeys (ConfUtils.java:logGet(44)) - raft.server.log.corruption.policy = EXCEPTION (default)
2020-07-09 05:16:34,070 [pool-532-thread-1] INFO  storage.RaftStorageDirectory (RaftStorageDirectory.java:analyzeStorage(261)) - The storage directory /github/workspace/mnt/ozone/hadoop-ozone/integration-test/target/test-dir/MiniOzoneClusterImpl-d071943e-99b5-4a6b-9dcd-d6487b458803/datanode-2/data/ratis/435d91a2-b26f-4933-a4ea-15fd68912e1a does not exist. Creating ...
2020-07-09 05:16:34,071 [pool-532-thread-1] INFO  storage.RaftStorageDirectory (RaftStorageDirectory.java:tryLock(343)) - Lock on /github/workspace/mnt/ozone/hadoop-ozone/integration-test/target/test-dir/MiniOzoneClusterImpl-d071943e-99b5-4a6b-9dcd-d6487b458803/datanode-2/data/ratis/435d91a2-b26f-4933-a4ea-15fd68912e1a/in_use.lock acquired by nodename 3510@787407461a64
2020-07-09 05:16:34,074 [pool-532-thread-1] INFO  storage.RaftStorage (RaftStorage.java:format(84)) - Storage directory /github/workspace/mnt/ozone/hadoop-ozone/integration-test/target/test-dir/MiniOzoneClusterImpl-d071943e-99b5-4a6b-9dcd-d6487b458803/datanode-2/data/ratis/435d91a2-b26f-4933-a4ea-15fd68912e1a has been successfully formatted.
2020-07-09 05:16:34,074 [pool-532-thread-1] INFO  ratis.ContainerStateMachine (ContainerStateMachine.java:loadSnapshot(225)) - group-15FD68912E1A: The snapshot info is null. Setting the last applied indexto:(t:0, i:~)
2020-07-09 05:16:34,074 [pool-532-thread-1] INFO  server.RaftServerConfigKeys (ConfUtils.java:logGet(44)) - raft.server.notification.no-leader.timeout = 60s (default)
2020-07-09 05:16:34,074 [pool-532-thread-1] INFO  server.RaftServerConfigKeys (ConfUtils.java:logGet(44)) - raft.server.log.use.memory = false (default)
2020-07-09 05:16:34,075 [EventQueue-PipelineReportForPipelineReportHandler] INFO  pipeline.PipelineStateManager (PipelineStateManager.java:openPipeline(131)) - Pipeline Pipeline[ Id: 435d91a2-b26f-4933-a4ea-15fd68912e1a, Nodes: 24ca51e7-b0f8-4d63-a105-3cbecc3844b6{ip: 172.17.0.2, host: 787407461a64, networkLocation: /default-rack, certSerialId: null}, Type:RATIS, Factor:ONE, State:ALLOCATED, leaderId:24ca51e7-b0f8-4d63-a105-3cbecc3844b6, CreationTimestamp2020-07-09T05:16:31.070Z] moved to OPEN state
2020-07-09 05:16:34,075 [EventQueue-OpenPipelineForOneReplicaPipelineSafeModeRule] INFO  safemode.SCMSafeModeManager (SCMSafeModeManager.java:validateSafeModeExitRules(214)) - AtleastOneDatanodeReportedRule rule is successfully validated
2020-07-09 05:16:34,075 [EventQueue-OpenPipelineForHealthyPipelineSafeModeRule] INFO  safemode.SCMSafeModeManager (HealthyPipelineSafeModeRule.java:process(129)) - SCM in safe mode. Healthy pipelines reported count is 0, required healthy pipeline reported count is 1
2020-07-09 05:16:34,075 [pool-532-thread-1] INFO  server.RaftServerConfigKeys (ConfUtils.java:logGet(44)) - raft.server.log.purge.gap = 1000000 (custom)
2020-07-09 05:16:34,075 [pool-532-thread-1] INFO  server.RaftServerConfigKeys (ConfUtils.java:logGet(44)) - raft.server.log.appender.buffer.byte-limit = 33554432 (custom)
2020-07-09 05:16:34,075 [pool-532-thread-1] INFO  server.RaftServerConfigKeys (ConfUtils.java:logGet(44)) - raft.server.log.segment.size.max = 1048576 (custom)
2020-07-09 05:16:34,075 [pool-532-thread-1] INFO  metrics.RatisMetrics (RatisMetrics.java:lambda$create$0(36)) - Creating Metrics Registry : ratis.log_worker.24ca51e7-b0f8-4d63-a105-3cbecc3844b6@group-15FD68912E1A
2020-07-09 05:16:34,075 [pool-532-thread-1] INFO  server.RaftServerConfigKeys (ConfUtils.java:logGet(44)) - raft.server.log.segment.cache.num.max = 2 (custom)
2020-07-09 05:16:34,075 [pool-532-thread-1] INFO  segmented.SegmentedRaftLogWorker (SegmentedRaftLogWorker.java:<init>(180)) - new 24ca51e7-b0f8-4d63-a105-3cbecc3844b6@group-15FD68912E1A-SegmentedRaftLogWorker for RaftStorage:Storage Directory /github/workspace/mnt/ozone/hadoop-ozone/integration-test/target/test-dir/MiniOzoneClusterImpl-d071943e-99b5-4a6b-9dcd-d6487b458803/datanode-2/data/ratis/435d91a2-b26f-4933-a4ea-15fd68912e1a
2020-07-09 05:16:34,076 [pool-532-thread-1] INFO  server.RaftServerConfigKeys (ConfUtils.java:logGet(44)) - raft.server.log.queue.byte-limit = 2147483647 (custom)
2020-07-09 05:16:34,076 [pool-532-thread-1] INFO  server.RaftServerConfigKeys (ConfUtils.java:logGet(44)) - raft.server.log.queue.element-limit = 1024 (custom)
2020-07-09 05:16:34,076 [pool-532-thread-1] INFO  server.RaftServerConfigKeys (ConfUtils.java:logGet(44)) - raft.server.log.segment.size.max = 1048576 (custom)
2020-07-09 05:16:34,076 [pool-532-thread-1] INFO  server.RaftServerConfigKeys (ConfUtils.java:logGet(44)) - raft.server.log.preallocated.size = 16384 (custom)
2020-07-09 05:16:34,076 [pool-532-thread-1] INFO  server.RaftServerConfigKeys (ConfUtils.java:logGet(44)) - raft.server.log.write.buffer.size = 1048576 (custom)
2020-07-09 05:16:34,076 [pool-532-thread-1] INFO  server.RaftServerConfigKeys (ConfUtils.java:logGet(44)) - raft.server.log.force.sync.num = 128 (default)
2020-07-09 05:16:34,076 [pool-532-thread-1] INFO  server.RaftServerConfigKeys (ConfUtils.java:logGet(44)) - raft.server.log.statemachine.data.sync = true (default)
2020-07-09 05:16:34,076 [pool-532-thread-1] INFO  server.RaftServerConfigKeys (ConfUtils.java:logGet(44)) - raft.server.log.statemachine.data.sync.timeout = 10s (default)
2020-07-09 05:16:34,076 [pool-532-thread-1] INFO  server.RaftServerConfigKeys (ConfUtils.java:logGet(44)) - raft.server.log.statemachine.data.sync.timeout.retry = -1 (default)
2020-07-09 05:16:34,078 [pool-532-thread-1] INFO  server.RaftServerConfigKeys (ConfUtils.java:logGet(44)) - raft.server.log.statemachine.data.caching.enabled = true (custom)
2020-07-09 05:16:34,078 [pool-532-thread-1] INFO  segmented.SegmentedRaftLogWorker (SegmentedRaftLogWorker.java:lambda$new$0(129)) - 24ca51e7-b0f8-4d63-a105-3cbecc3844b6@group-15FD68912E1A-SegmentedRaftLogWorker: flushIndex: setUnconditionally 0 -> -1
2020-07-09 05:16:34,078 [pool-532-thread-1] INFO  segmented.SegmentedRaftLogWorker (SegmentedRaftLogWorker.java:lambda$new$0(129)) - 24ca51e7-b0f8-4d63-a105-3cbecc3844b6@group-15FD68912E1A-SegmentedRaftLogWorker: safeCacheEvictIndex: setUnconditionally 0 -> -1
2020-07-09 05:16:34,078 [pool-532-thread-1] INFO  server.RaftServerConfigKeys (ConfUtils.java:logGet(44)) - raft.server.snapshot.auto.trigger.enabled = true (custom)
2020-07-09 05:16:34,078 [pool-532-thread-1] INFO  server.RaftServerConfigKeys (ConfUtils.java:logGet(44)) - raft.server.snapshot.auto.trigger.threshold = 10000 (custom)
2020-07-09 05:16:34,078 [pool-532-thread-1] INFO  server.RaftServerConfigKeys (ConfUtils.java:logGet(44)) - raft.server.snapshot.retention.file.num = 5 (custom)
2020-07-09 05:16:34,079 [pool-532-thread-1] INFO  server.RaftServerConfigKeys (ConfUtils.java:logGet(44)) - raft.server.log.purge.upto.snapshot.index = false (default)
2020-07-09 05:16:34,079 [pool-532-thread-1] INFO  server.RaftServerConfigKeys (ConfUtils.java:logGet(44)) - raft.server.retrycache.expirytime = 600000ms (custom)
2020-07-09 05:16:34,079 [pool-532-thread-1] INFO  metrics.RatisMetrics (RatisMetrics.java:lambda$create$0(36)) - Creating Metrics Registry : ratis.leader_election.24ca51e7-b0f8-4d63-a105-3cbecc3844b6@group-15FD68912E1A
2020-07-09 05:16:34,079 [pool-532-thread-1] INFO  metrics.RatisMetrics (RatisMetrics.java:lambda$create$0(36)) - Creating Metrics Registry : ratis.server.24ca51e7-b0f8-4d63-a105-3cbecc3844b6@group-15FD68912E1A
2020-07-09 05:16:34,081 [pool-532-thread-1] INFO  impl.RaftServerImpl (RaftServerImpl.java:start(186)) - 24ca51e7-b0f8-4d63-a105-3cbecc3844b6@group-15FD68912E1A: start as a follower, conf=-1: [24ca51e7-b0f8-4d63-a105-3cbecc3844b6:172.17.0.2:40419], old=null
2020-07-09 05:16:34,081 [pool-532-thread-1] INFO  impl.RaftServerImpl (RaftServerImpl.java:setRole(175)) - 24ca51e7-b0f8-4d63-a105-3cbecc3844b6@group-15FD68912E1A: changes role from      null to FOLLOWER at term 0 for startAsFollower
2020-07-09 05:16:34,081 [pool-532-thread-1] INFO  impl.RoleInfo (RoleInfo.java:updateAndGet(143)) - 24ca51e7-b0f8-4d63-a105-3cbecc3844b6: start FollowerState
2020-07-09 05:16:34,081 [pool-532-thread-1] INFO  util.JmxRegister (JmxRegister.java:tryRegister(44)) - Successfully registered JMX Bean with object name Ratis:service=RaftServer,group=group-15FD68912E1A,id=24ca51e7-b0f8-4d63-a105-3cbecc3844b6
2020-07-09 05:16:34,081 [pool-532-thread-1] INFO  metrics.RatisMetrics (RatisMetrics.java:lambda$create$0(36)) - Creating Metrics Registry : ratis.state_machine.24ca51e7-b0f8-4d63-a105-3cbecc3844b6@group-15FD68912E1A
2020-07-09 05:16:34,082 [Command processor thread] INFO  commandhandler.CreatePipelineCommandHandler (CreatePipelineCommandHandler.java:handle(109)) - Created Pipeline RATIS ONE #id: "435d91a2-b26f-4933-a4ea-15fd68912e1a"
uuid128 {
  mostSigBits: 4854196101339629875
  leastSigBits: -6563409328813822438
}
.
2020-07-09 05:16:34,144 [Command processor thread] INFO  impl.RaftServerProxy (RaftServerProxy.java:addNew(89)) - 869115d6-4be2-4620-adee-449672856935: addNew group-C21CDC13682E:[869115d6-4be2-4620-adee-449672856935:172.17.0.2:43919] returns group-C21CDC13682E:java.util.concurrent.CompletableFuture@1d7827d5[Not completed]
2020-07-09 05:16:34,145 [pool-547-thread-1] INFO  impl.RaftServerImpl (RaftServerImpl.java:<init>(99)) - 869115d6-4be2-4620-adee-449672856935: new RaftServerImpl for group-C21CDC13682E:[869115d6-4be2-4620-adee-449672856935:172.17.0.2:43919] with ContainerStateMachine:uninitialized
2020-07-09 05:16:34,145 [pool-547-thread-1] INFO  server.RaftServerConfigKeys (ConfUtils.java:logGet(44)) - raft.server.rpc.timeout.min = 5s (custom)
2020-07-09 05:16:34,145 [pool-547-thread-1] INFO  server.RaftServerConfigKeys (ConfUtils.java:logGet(44)) - raft.server.rpc.timeout.max = 5200ms (custom)
2020-07-09 05:16:34,145 [pool-547-thread-1] INFO  server.RaftServerConfigKeys (ConfUtils.java:logGet(44)) - raft.server.rpcslowness.timeout = 300000ms (custom)
2020-07-09 05:16:34,145 [pool-547-thread-1] INFO  server.RaftServerConfigKeys (ConfUtils.java:logGet(44)) - raft.server.sleep.deviation.threshold = 300 (default)
2020-07-09 05:16:34,146 [pool-547-thread-1] INFO  server.RaftServerConfigKeys (ConfUtils.java:logGet(44)) - raft.server.log.appender.install.snapshot.enabled = false (custom)
2020-07-09 05:16:34,146 [pool-547-thread-1] INFO  impl.RaftServerImpl (ServerState.java:<init>(103)) - 869115d6-4be2-4620-adee-449672856935@group-C21CDC13682E: ConfigurationManager, init=-1: [869115d6-4be2-4620-adee-449672856935:172.17.0.2:43919], old=null, confs=<EMPTY_MAP>
2020-07-09 05:16:34,146 [pool-547-thread-1] INFO  server.RaftServerConfigKeys (ConfUtils.java:logGet(44)) - raft.server.storage.dir = [/github/workspace/mnt/ozone/hadoop-ozone/integration-test/target/test-dir/MiniOzoneClusterImpl-d071943e-99b5-4a6b-9dcd-d6487b458803/datanode-3/data/ratis] (custom)
2020-07-09 05:16:34,146 [pool-547-thread-1] INFO  server.RaftServerConfigKeys (ConfUtils.java:logGet(44)) - raft.server.log.corruption.policy = EXCEPTION (default)
2020-07-09 05:16:34,146 [pool-547-thread-1] INFO  storage.RaftStorageDirectory (RaftStorageDirectory.java:analyzeStorage(261)) - The storage directory /github/workspace/mnt/ozone/hadoop-ozone/integration-test/target/test-dir/MiniOzoneClusterImpl-d071943e-99b5-4a6b-9dcd-d6487b458803/datanode-3/data/ratis/96e14cfe-89e4-49ff-b1f6-c21cdc13682e does not exist. Creating ...
2020-07-09 05:16:34,147 [pool-547-thread-1] INFO  storage.RaftStorageDirectory (RaftStorageDirectory.java:tryLock(343)) - Lock on /github/workspace/mnt/ozone/hadoop-ozone/integration-test/target/test-dir/MiniOzoneClusterImpl-d071943e-99b5-4a6b-9dcd-d6487b458803/datanode-3/data/ratis/96e14cfe-89e4-49ff-b1f6-c21cdc13682e/in_use.lock acquired by nodename 3510@787407461a64
2020-07-09 05:16:34,149 [pool-547-thread-1] INFO  storage.RaftStorage (RaftStorage.java:format(84)) - Storage directory /github/workspace/mnt/ozone/hadoop-ozone/integration-test/target/test-dir/MiniOzoneClusterImpl-d071943e-99b5-4a6b-9dcd-d6487b458803/datanode-3/data/ratis/96e14cfe-89e4-49ff-b1f6-c21cdc13682e has been successfully formatted.
2020-07-09 05:16:34,150 [pool-547-thread-1] INFO  ratis.ContainerStateMachine (ContainerStateMachine.java:loadSnapshot(225)) - group-C21CDC13682E: The snapshot info is null. Setting the last applied indexto:(t:0, i:~)
2020-07-09 05:16:34,150 [pool-547-thread-1] INFO  server.RaftServerConfigKeys (ConfUtils.java:logGet(44)) - raft.server.notification.no-leader.timeout = 60s (default)
2020-07-09 05:16:34,150 [pool-547-thread-1] INFO  server.RaftServerConfigKeys (ConfUtils.java:logGet(44)) - raft.server.log.use.memory = false (default)
2020-07-09 05:16:34,150 [pool-547-thread-1] INFO  server.RaftServerConfigKeys (ConfUtils.java:logGet(44)) - raft.server.log.purge.gap = 1000000 (custom)
2020-07-09 05:16:34,150 [EventQueue-PipelineReportForPipelineReportHandler] INFO  pipeline.PipelineStateManager (PipelineStateManager.java:openPipeline(131)) - Pipeline Pipeline[ Id: 96e14cfe-89e4-49ff-b1f6-c21cdc13682e, Nodes: 869115d6-4be2-4620-adee-449672856935{ip: 172.17.0.2, host: 787407461a64, networkLocation: /default-rack, certSerialId: null}, Type:RATIS, Factor:ONE, State:ALLOCATED, leaderId:869115d6-4be2-4620-adee-449672856935, CreationTimestamp2020-07-09T05:16:31.143Z] moved to OPEN state
2020-07-09 05:16:34,150 [pool-547-thread-1] INFO  server.RaftServerConfigKeys (ConfUtils.java:logGet(44)) - raft.server.log.appender.buffer.byte-limit = 33554432 (custom)
2020-07-09 05:16:34,151 [EventQueue-OpenPipelineForHealthyPipelineSafeModeRule] INFO  safemode.SCMSafeModeManager (HealthyPipelineSafeModeRule.java:process(129)) - SCM in safe mode. Healthy pipelines reported count is 0, required healthy pipeline reported count is 1
2020-07-09 05:16:34,151 [pool-547-thread-1] INFO  server.RaftServerConfigKeys (ConfUtils.java:logGet(44)) - raft.server.log.segment.size.max = 1048576 (custom)
2020-07-09 05:16:34,151 [pool-547-thread-1] INFO  metrics.RatisMetrics (RatisMetrics.java:lambda$create$0(36)) - Creating Metrics Registry : ratis.log_worker.869115d6-4be2-4620-adee-449672856935@group-C21CDC13682E
2020-07-09 05:16:34,151 [EventQueue-OpenPipelineForOneReplicaPipelineSafeModeRule] INFO  safemode.SCMSafeModeManager (SCMSafeModeManager.java:validateSafeModeExitRules(214)) - AtleastOneDatanodeReportedRule rule is successfully validated
2020-07-09 05:16:34,151 [pool-547-thread-1] INFO  server.RaftServerConfigKeys (ConfUtils.java:logGet(44)) - raft.server.log.segment.cache.num.max = 2 (custom)
2020-07-09 05:16:34,151 [pool-547-thread-1] INFO  segmented.SegmentedRaftLogWorker (SegmentedRaftLogWorker.java:<init>(180)) - new 869115d6-4be2-4620-adee-449672856935@group-C21CDC13682E-SegmentedRaftLogWorker for RaftStorage:Storage Directory /github/workspace/mnt/ozone/hadoop-ozone/integration-test/target/test-dir/MiniOzoneClusterImpl-d071943e-99b5-4a6b-9dcd-d6487b458803/datanode-3/data/ratis/96e14cfe-89e4-49ff-b1f6-c21cdc13682e
2020-07-09 05:16:34,151 [pool-547-thread-1] INFO  server.RaftServerConfigKeys (ConfUtils.java:logGet(44)) - raft.server.log.queue.byte-limit = 2147483647 (custom)
2020-07-09 05:16:34,151 [pool-547-thread-1] INFO  server.RaftServerConfigKeys (ConfUtils.java:logGet(44)) - raft.server.log.queue.element-limit = 1024 (custom)
2020-07-09 05:16:34,151 [pool-547-thread-1] INFO  server.RaftServerConfigKeys (ConfUtils.java:logGet(44)) - raft.server.log.segment.size.max = 1048576 (custom)
2020-07-09 05:16:34,151 [pool-547-thread-1] INFO  server.RaftServerConfigKeys (ConfUtils.java:logGet(44)) - raft.server.log.preallocated.size = 16384 (custom)
2020-07-09 05:16:34,151 [pool-547-thread-1] INFO  server.RaftServerConfigKeys (ConfUtils.java:logGet(44)) - raft.server.log.write.buffer.size = 1048576 (custom)
2020-07-09 05:16:34,151 [pool-547-thread-1] INFO  server.RaftServerConfigKeys (ConfUtils.java:logGet(44)) - raft.server.log.force.sync.num = 128 (default)
2020-07-09 05:16:34,151 [pool-547-thread-1] INFO  server.RaftServerConfigKeys (ConfUtils.java:logGet(44)) - raft.server.log.statemachine.data.sync = true (default)
2020-07-09 05:16:34,152 [pool-547-thread-1] INFO  server.RaftServerConfigKeys (ConfUtils.java:logGet(44)) - raft.server.log.statemachine.data.sync.timeout = 10s (default)
2020-07-09 05:16:34,152 [pool-547-thread-1] INFO  server.RaftServerConfigKeys (ConfUtils.java:logGet(44)) - raft.server.log.statemachine.data.sync.timeout.retry = -1 (default)
2020-07-09 05:16:34,153 [pool-547-thread-1] INFO  server.RaftServerConfigKeys (ConfUtils.java:logGet(44)) - raft.server.log.statemachine.data.caching.enabled = true (custom)
2020-07-09 05:16:34,154 [pool-547-thread-1] INFO  segmented.SegmentedRaftLogWorker (SegmentedRaftLogWorker.java:lambda$new$0(129)) - 869115d6-4be2-4620-adee-449672856935@group-C21CDC13682E-SegmentedRaftLogWorker: flushIndex: setUnconditionally 0 -> -1
2020-07-09 05:16:34,154 [pool-547-thread-1] INFO  segmented.SegmentedRaftLogWorker (SegmentedRaftLogWorker.java:lambda$new$0(129)) - 869115d6-4be2-4620-adee-449672856935@group-C21CDC13682E-SegmentedRaftLogWorker: safeCacheEvictIndex: setUnconditionally 0 -> -1
2020-07-09 05:16:34,154 [pool-547-thread-1] INFO  server.RaftServerConfigKeys (ConfUtils.java:logGet(44)) - raft.server.snapshot.auto.trigger.enabled = true (custom)
2020-07-09 05:16:34,154 [pool-547-thread-1] INFO  server.RaftServerConfigKeys (ConfUtils.java:logGet(44)) - raft.server.snapshot.auto.trigger.threshold = 10000 (custom)
2020-07-09 05:16:34,154 [pool-547-thread-1] INFO  server.RaftServerConfigKeys (ConfUtils.java:logGet(44)) - raft.server.snapshot.retention.file.num = 5 (custom)
2020-07-09 05:16:34,154 [pool-547-thread-1] INFO  server.RaftServerConfigKeys (ConfUtils.java:logGet(44)) - raft.server.log.purge.upto.snapshot.index = false (default)
2020-07-09 05:16:34,154 [pool-547-thread-1] INFO  server.RaftServerConfigKeys (ConfUtils.java:logGet(44)) - raft.server.retrycache.expirytime = 600000ms (custom)
2020-07-09 05:16:34,154 [pool-547-thread-1] INFO  metrics.RatisMetrics (RatisMetrics.java:lambda$create$0(36)) - Creating Metrics Registry : ratis.leader_election.869115d6-4be2-4620-adee-449672856935@group-C21CDC13682E
2020-07-09 05:16:34,155 [pool-547-thread-1] INFO  metrics.RatisMetrics (RatisMetrics.java:lambda$create$0(36)) - Creating Metrics Registry : ratis.server.869115d6-4be2-4620-adee-449672856935@group-C21CDC13682E
2020-07-09 05:16:34,156 [pool-547-thread-1] INFO  impl.RaftServerImpl (RaftServerImpl.java:start(186)) - 869115d6-4be2-4620-adee-449672856935@group-C21CDC13682E: start as a follower, conf=-1: [869115d6-4be2-4620-adee-449672856935:172.17.0.2:43919], old=null
2020-07-09 05:16:34,156 [pool-547-thread-1] INFO  impl.RaftServerImpl (RaftServerImpl.java:setRole(175)) - 869115d6-4be2-4620-adee-449672856935@group-C21CDC13682E: changes role from      null to FOLLOWER at term 0 for startAsFollower
2020-07-09 05:16:34,156 [pool-547-thread-1] INFO  impl.RoleInfo (RoleInfo.java:updateAndGet(143)) - 869115d6-4be2-4620-adee-449672856935: start FollowerState
2020-07-09 05:16:34,157 [pool-547-thread-1] INFO  util.JmxRegister (JmxRegister.java:tryRegister(44)) - Successfully registered JMX Bean with object name Ratis:service=RaftServer,group=group-C21CDC13682E,id=869115d6-4be2-4620-adee-449672856935
2020-07-09 05:16:34,157 [pool-547-thread-1] INFO  metrics.RatisMetrics (RatisMetrics.java:lambda$create$0(36)) - Creating Metrics Registry : ratis.state_machine.869115d6-4be2-4620-adee-449672856935@group-C21CDC13682E
2020-07-09 05:16:34,158 [Command processor thread] INFO  commandhandler.CreatePipelineCommandHandler (CreatePipelineCommandHandler.java:handle(109)) - Created Pipeline RATIS ONE #id: "96e14cfe-89e4-49ff-b1f6-c21cdc13682e"
uuid128 {
  mostSigBits: -7574688442141619713
  leastSigBits: -5623093655518353362
}
.
2020-07-09 05:16:34,158 [Command processor thread] INFO  impl.RaftServerProxy (RaftServerProxy.java:addNew(89)) - 869115d6-4be2-4620-adee-449672856935: addNew group-DA5563A61CFD:[2e380eeb-fc9c-4285-bf60-968042885e92:172.17.0.2:35311, 6bbe18f0-a18d-467d-ac04-38543da40044:172.17.0.2:45411, 869115d6-4be2-4620-adee-449672856935:172.17.0.2:43919] returns group-DA5563A61CFD:java.util.concurrent.CompletableFuture@1947b0a2[Not completed]
2020-07-09 05:16:34,159 [pool-547-thread-1] INFO  impl.RaftServerImpl (RaftServerImpl.java:<init>(99)) - 869115d6-4be2-4620-adee-449672856935: new RaftServerImpl for group-DA5563A61CFD:[2e380eeb-fc9c-4285-bf60-968042885e92:172.17.0.2:35311, 6bbe18f0-a18d-467d-ac04-38543da40044:172.17.0.2:45411, 869115d6-4be2-4620-adee-449672856935:172.17.0.2:43919] with ContainerStateMachine:uninitialized
2020-07-09 05:16:34,159 [pool-547-thread-1] INFO  server.RaftServerConfigKeys (ConfUtils.java:logGet(44)) - raft.server.rpc.timeout.min = 5s (custom)
2020-07-09 05:16:34,159 [pool-547-thread-1] INFO  server.RaftServerConfigKeys (ConfUtils.java:logGet(44)) - raft.server.rpc.timeout.max = 5200ms (custom)
2020-07-09 05:16:34,159 [pool-547-thread-1] INFO  server.RaftServerConfigKeys (ConfUtils.java:logGet(44)) - raft.server.rpcslowness.timeout = 300000ms (custom)
2020-07-09 05:16:34,159 [pool-547-thread-1] INFO  server.RaftServerConfigKeys (ConfUtils.java:logGet(44)) - raft.server.sleep.deviation.threshold = 300 (default)
2020-07-09 05:16:34,159 [pool-547-thread-1] INFO  server.RaftServerConfigKeys (ConfUtils.java:logGet(44)) - raft.server.log.appender.install.snapshot.enabled = false (custom)
2020-07-09 05:16:34,159 [pool-547-thread-1] INFO  impl.RaftServerImpl (ServerState.java:<init>(103)) - 869115d6-4be2-4620-adee-449672856935@group-DA5563A61CFD: ConfigurationManager, init=-1: [2e380eeb-fc9c-4285-bf60-968042885e92:172.17.0.2:35311, 6bbe18f0-a18d-467d-ac04-38543da40044:172.17.0.2:45411, 869115d6-4be2-4620-adee-449672856935:172.17.0.2:43919], old=null, confs=<EMPTY_MAP>
2020-07-09 05:16:34,159 [pool-547-thread-1] INFO  server.RaftServerConfigKeys (ConfUtils.java:logGet(44)) - raft.server.storage.dir = [/github/workspace/mnt/ozone/hadoop-ozone/integration-test/target/test-dir/MiniOzoneClusterImpl-d071943e-99b5-4a6b-9dcd-d6487b458803/datanode-3/data/ratis] (custom)
2020-07-09 05:16:34,159 [pool-547-thread-1] INFO  server.RaftServerConfigKeys (ConfUtils.java:logGet(44)) - raft.server.log.corruption.policy = EXCEPTION (default)
2020-07-09 05:16:34,159 [pool-547-thread-1] INFO  storage.RaftStorageDirectory (RaftStorageDirectory.java:analyzeStorage(261)) - The storage directory /github/workspace/mnt/ozone/hadoop-ozone/integration-test/target/test-dir/MiniOzoneClusterImpl-d071943e-99b5-4a6b-9dcd-d6487b458803/datanode-3/data/ratis/df910146-1b09-4cdf-9957-da5563a61cfd does not exist. Creating ...
2020-07-09 05:16:34,160 [pool-547-thread-1] INFO  storage.RaftStorageDirectory (RaftStorageDirectory.java:tryLock(343)) - Lock on /github/workspace/mnt/ozone/hadoop-ozone/integration-test/target/test-dir/MiniOzoneClusterImpl-d071943e-99b5-4a6b-9dcd-d6487b458803/datanode-3/data/ratis/df910146-1b09-4cdf-9957-da5563a61cfd/in_use.lock acquired by nodename 3510@787407461a64
2020-07-09 05:16:34,162 [pool-547-thread-1] INFO  storage.RaftStorage (RaftStorage.java:format(84)) - Storage directory /github/workspace/mnt/ozone/hadoop-ozone/integration-test/target/test-dir/MiniOzoneClusterImpl-d071943e-99b5-4a6b-9dcd-d6487b458803/datanode-3/data/ratis/df910146-1b09-4cdf-9957-da5563a61cfd has been successfully formatted.
2020-07-09 05:16:34,162 [pool-547-thread-1] INFO  ratis.ContainerStateMachine (ContainerStateMachine.java:loadSnapshot(225)) - group-DA5563A61CFD: The snapshot info is null. Setting the last applied indexto:(t:0, i:~)
2020-07-09 05:16:34,162 [pool-547-thread-1] INFO  server.RaftServerConfigKeys (ConfUtils.java:logGet(44)) - raft.server.notification.no-leader.timeout = 60s (default)
2020-07-09 05:16:34,162 [pool-547-thread-1] INFO  server.RaftServerConfigKeys (ConfUtils.java:logGet(44)) - raft.server.log.use.memory = false (default)
2020-07-09 05:16:34,163 [pool-547-thread-1] INFO  server.RaftServerConfigKeys (ConfUtils.java:logGet(44)) - raft.server.log.purge.gap = 1000000 (custom)
2020-07-09 05:16:34,163 [pool-547-thread-1] INFO  server.RaftServerConfigKeys (ConfUtils.java:logGet(44)) - raft.server.log.appender.buffer.byte-limit = 33554432 (custom)
2020-07-09 05:16:34,163 [pool-547-thread-1] INFO  server.RaftServerConfigKeys (ConfUtils.java:logGet(44)) - raft.server.log.segment.size.max = 1048576 (custom)
2020-07-09 05:16:34,163 [pool-547-thread-1] INFO  metrics.RatisMetrics (RatisMetrics.java:lambda$create$0(36)) - Creating Metrics Registry : ratis.log_worker.869115d6-4be2-4620-adee-449672856935@group-DA5563A61CFD
2020-07-09 05:16:34,163 [pool-547-thread-1] INFO  server.RaftServerConfigKeys (ConfUtils.java:logGet(44)) - raft.server.log.segment.cache.num.max = 2 (custom)
2020-07-09 05:16:34,163 [pool-547-thread-1] INFO  segmented.SegmentedRaftLogWorker (SegmentedRaftLogWorker.java:<init>(180)) - new 869115d6-4be2-4620-adee-449672856935@group-DA5563A61CFD-SegmentedRaftLogWorker for RaftStorage:Storage Directory /github/workspace/mnt/ozone/hadoop-ozone/integration-test/target/test-dir/MiniOzoneClusterImpl-d071943e-99b5-4a6b-9dcd-d6487b458803/datanode-3/data/ratis/df910146-1b09-4cdf-9957-da5563a61cfd
2020-07-09 05:16:34,163 [pool-547-thread-1] INFO  server.RaftServerConfigKeys (ConfUtils.java:logGet(44)) - raft.server.log.queue.byte-limit = 2147483647 (custom)
2020-07-09 05:16:34,163 [pool-547-thread-1] INFO  server.RaftServerConfigKeys (ConfUtils.java:logGet(44)) - raft.server.log.queue.element-limit = 1024 (custom)
2020-07-09 05:16:34,163 [pool-547-thread-1] INFO  server.RaftServerConfigKeys (ConfUtils.java:logGet(44)) - raft.server.log.segment.size.max = 1048576 (custom)
2020-07-09 05:16:34,163 [pool-547-thread-1] INFO  server.RaftServerConfigKeys (ConfUtils.java:logGet(44)) - raft.server.log.preallocated.size = 16384 (custom)
2020-07-09 05:16:34,163 [pool-547-thread-1] INFO  server.RaftServerConfigKeys (ConfUtils.java:logGet(44)) - raft.server.log.write.buffer.size = 1048576 (custom)
2020-07-09 05:16:34,163 [pool-547-thread-1] INFO  server.RaftServerConfigKeys (ConfUtils.java:logGet(44)) - raft.server.log.force.sync.num = 128 (default)
2020-07-09 05:16:34,163 [pool-547-thread-1] INFO  server.RaftServerConfigKeys (ConfUtils.java:logGet(44)) - raft.server.log.statemachine.data.sync = true (default)
2020-07-09 05:16:34,163 [pool-547-thread-1] INFO  server.RaftServerConfigKeys (ConfUtils.java:logGet(44)) - raft.server.log.statemachine.data.sync.timeout = 10s (default)
2020-07-09 05:16:34,163 [pool-547-thread-1] INFO  server.RaftServerConfigKeys (ConfUtils.java:logGet(44)) - raft.server.log.statemachine.data.sync.timeout.retry = -1 (default)
2020-07-09 05:16:34,166 [pool-547-thread-1] INFO  server.RaftServerConfigKeys (ConfUtils.java:logGet(44)) - raft.server.log.statemachine.data.caching.enabled = true (custom)
2020-07-09 05:16:34,166 [pool-547-thread-1] INFO  segmented.SegmentedRaftLogWorker (SegmentedRaftLogWorker.java:lambda$new$0(129)) - 869115d6-4be2-4620-adee-449672856935@group-DA5563A61CFD-SegmentedRaftLogWorker: flushIndex: setUnconditionally 0 -> -1
2020-07-09 05:16:34,166 [pool-547-thread-1] INFO  segmented.SegmentedRaftLogWorker (SegmentedRaftLogWorker.java:lambda$new$0(129)) - 869115d6-4be2-4620-adee-449672856935@group-DA5563A61CFD-SegmentedRaftLogWorker: safeCacheEvictIndex: setUnconditionally 0 -> -1
2020-07-09 05:16:34,168 [pool-547-thread-1] INFO  server.RaftServerConfigKeys (ConfUtils.java:logGet(44)) - raft.server.snapshot.auto.trigger.enabled = true (custom)
2020-07-09 05:16:34,168 [pool-547-thread-1] INFO  server.RaftServerConfigKeys (ConfUtils.java:logGet(44)) - raft.server.snapshot.auto.trigger.threshold = 10000 (custom)
2020-07-09 05:16:34,168 [pool-547-thread-1] INFO  server.RaftServerConfigKeys (ConfUtils.java:logGet(44)) - raft.server.snapshot.retention.file.num = 5 (custom)
2020-07-09 05:16:34,168 [pool-547-thread-1] INFO  server.RaftServerConfigKeys (ConfUtils.java:logGet(44)) - raft.server.log.purge.upto.snapshot.index = false (default)
2020-07-09 05:16:34,168 [pool-547-thread-1] INFO  server.RaftServerConfigKeys (ConfUtils.java:logGet(44)) - raft.server.retrycache.expirytime = 600000ms (custom)
2020-07-09 05:16:34,172 [pool-547-thread-1] INFO  metrics.RatisMetrics (RatisMetrics.java:lambda$create$0(36)) - Creating Metrics Registry : ratis.leader_election.869115d6-4be2-4620-adee-449672856935@group-DA5563A61CFD
2020-07-09 05:16:34,172 [pool-547-thread-1] INFO  metrics.RatisMetrics (RatisMetrics.java:lambda$create$0(36)) - Creating Metrics Registry : ratis.server.869115d6-4be2-4620-adee-449672856935@group-DA5563A61CFD
2020-07-09 05:16:34,174 [pool-547-thread-1] INFO  impl.RaftServerImpl (RaftServerImpl.java:start(186)) - 869115d6-4be2-4620-adee-449672856935@group-DA5563A61CFD: start as a follower, conf=-1: [2e380eeb-fc9c-4285-bf60-968042885e92:172.17.0.2:35311, 6bbe18f0-a18d-467d-ac04-38543da40044:172.17.0.2:45411, 869115d6-4be2-4620-adee-449672856935:172.17.0.2:43919], old=null
2020-07-09 05:16:34,174 [pool-547-thread-1] INFO  impl.RaftServerImpl (RaftServerImpl.java:setRole(175)) - 869115d6-4be2-4620-adee-449672856935@group-DA5563A61CFD: changes role from      null to FOLLOWER at term 0 for startAsFollower
2020-07-09 05:16:34,174 [pool-547-thread-1] INFO  impl.RoleInfo (RoleInfo.java:updateAndGet(143)) - 869115d6-4be2-4620-adee-449672856935: start FollowerState
2020-07-09 05:16:34,175 [pool-547-thread-1] INFO  util.JmxRegister (JmxRegister.java:tryRegister(44)) - Successfully registered JMX Bean with object name Ratis:service=RaftServer,group=group-DA5563A61CFD,id=869115d6-4be2-4620-adee-449672856935
2020-07-09 05:16:34,175 [pool-547-thread-1] INFO  metrics.RatisMetrics (RatisMetrics.java:lambda$create$0(36)) - Creating Metrics Registry : ratis.state_machine.869115d6-4be2-4620-adee-449672856935@group-DA5563A61CFD
2020-07-09 05:16:34,179 [Command processor thread] INFO  impl.RaftServerProxy (RaftServerProxy.java:addNew(89)) - 2e380eeb-fc9c-4285-bf60-968042885e92: addNew group-DC179432F4E7:[2e380eeb-fc9c-4285-bf60-968042885e92:172.17.0.2:35311] returns group-DC179432F4E7:java.util.concurrent.CompletableFuture@52d2c31d[Not completed]
2020-07-09 05:16:34,183 [grpc-default-executor-9] INFO  impl.RaftServerProxy (RaftServerProxy.java:addNew(89)) - 2e380eeb-fc9c-4285-bf60-968042885e92: addNew group-DA5563A61CFD:[2e380eeb-fc9c-4285-bf60-968042885e92:172.17.0.2:35311, 6bbe18f0-a18d-467d-ac04-38543da40044:172.17.0.2:45411, 869115d6-4be2-4620-adee-449672856935:172.17.0.2:43919] returns group-DA5563A61CFD:java.util.concurrent.CompletableFuture@636eab37[Not completed]
2020-07-09 05:16:34,189 [pool-562-thread-1] INFO  impl.RaftServerImpl (RaftServerImpl.java:<init>(99)) - 2e380eeb-fc9c-4285-bf60-968042885e92: new RaftServerImpl for group-DC179432F4E7:[2e380eeb-fc9c-4285-bf60-968042885e92:172.17.0.2:35311] with ContainerStateMachine:uninitialized
2020-07-09 05:16:34,190 [pool-562-thread-1] INFO  server.RaftServerConfigKeys (ConfUtils.java:logGet(44)) - raft.server.rpc.timeout.min = 5s (custom)
2020-07-09 05:16:34,190 [pool-562-thread-1] INFO  server.RaftServerConfigKeys (ConfUtils.java:logGet(44)) - raft.server.rpc.timeout.max = 5200ms (custom)
2020-07-09 05:16:34,190 [pool-562-thread-1] INFO  server.RaftServerConfigKeys (ConfUtils.java:logGet(44)) - raft.server.rpcslowness.timeout = 300000ms (custom)
2020-07-09 05:16:34,190 [pool-562-thread-1] INFO  server.RaftServerConfigKeys (ConfUtils.java:logGet(44)) - raft.server.sleep.deviation.threshold = 300 (default)
2020-07-09 05:16:34,190 [pool-562-thread-1] INFO  server.RaftServerConfigKeys (ConfUtils.java:logGet(44)) - raft.server.log.appender.install.snapshot.enabled = false (custom)
2020-07-09 05:16:34,190 [pool-562-thread-1] INFO  impl.RaftServerImpl (ServerState.java:<init>(103)) - 2e380eeb-fc9c-4285-bf60-968042885e92@group-DC179432F4E7: ConfigurationManager, init=-1: [2e380eeb-fc9c-4285-bf60-968042885e92:172.17.0.2:35311], old=null, confs=<EMPTY_MAP>
2020-07-09 05:16:34,190 [pool-562-thread-1] INFO  server.RaftServerConfigKeys (ConfUtils.java:logGet(44)) - raft.server.storage.dir = [/github/workspace/mnt/ozone/hadoop-ozone/integration-test/target/test-dir/MiniOzoneClusterImpl-d071943e-99b5-4a6b-9dcd-d6487b458803/datanode-4/data/ratis] (custom)
2020-07-09 05:16:34,190 [pool-562-thread-1] INFO  server.RaftServerConfigKeys (ConfUtils.java:logGet(44)) - raft.server.log.corruption.policy = EXCEPTION (default)
2020-07-09 05:16:34,191 [pool-562-thread-1] INFO  storage.RaftStorageDirectory (RaftStorageDirectory.java:analyzeStorage(261)) - The storage directory /github/workspace/mnt/ozone/hadoop-ozone/integration-test/target/test-dir/MiniOzoneClusterImpl-d071943e-99b5-4a6b-9dcd-d6487b458803/datanode-4/data/ratis/7b4745aa-e6c8-4608-b381-dc179432f4e7 does not exist. Creating ...
2020-07-09 05:16:34,192 [pool-562-thread-1] INFO  storage.RaftStorageDirectory (RaftStorageDirectory.java:tryLock(343)) - Lock on /github/workspace/mnt/ozone/hadoop-ozone/integration-test/target/test-dir/MiniOzoneClusterImpl-d071943e-99b5-4a6b-9dcd-d6487b458803/datanode-4/data/ratis/7b4745aa-e6c8-4608-b381-dc179432f4e7/in_use.lock acquired by nodename 3510@787407461a64
2020-07-09 05:16:34,195 [pool-562-thread-1] INFO  storage.RaftStorage (RaftStorage.java:format(84)) - Storage directory /github/workspace/mnt/ozone/hadoop-ozone/integration-test/target/test-dir/MiniOzoneClusterImpl-d071943e-99b5-4a6b-9dcd-d6487b458803/datanode-4/data/ratis/7b4745aa-e6c8-4608-b381-dc179432f4e7 has been successfully formatted.
2020-07-09 05:16:34,196 [pool-562-thread-1] INFO  ratis.ContainerStateMachine (ContainerStateMachine.java:loadSnapshot(225)) - group-DC179432F4E7: The snapshot info is null. Setting the last applied indexto:(t:0, i:~)
2020-07-09 05:16:34,196 [pool-562-thread-1] INFO  server.RaftServerConfigKeys (ConfUtils.java:logGet(44)) - raft.server.notification.no-leader.timeout = 60s (default)
2020-07-09 05:16:34,196 [pool-562-thread-1] INFO  server.RaftServerConfigKeys (ConfUtils.java:logGet(44)) - raft.server.log.use.memory = false (default)
2020-07-09 05:16:34,196 [pool-562-thread-1] INFO  server.RaftServerConfigKeys (ConfUtils.java:logGet(44)) - raft.server.log.purge.gap = 1000000 (custom)
2020-07-09 05:16:34,196 [pool-562-thread-1] INFO  server.RaftServerConfigKeys (ConfUtils.java:logGet(44)) - raft.server.log.appender.buffer.byte-limit = 33554432 (custom)
2020-07-09 05:16:34,196 [EventQueue-PipelineReportForPipelineReportHandler] INFO  pipeline.PipelineStateManager (PipelineStateManager.java:openPipeline(131)) - Pipeline Pipeline[ Id: 7b4745aa-e6c8-4608-b381-dc179432f4e7, Nodes: 2e380eeb-fc9c-4285-bf60-968042885e92{ip: 172.17.0.2, host: 787407461a64, networkLocation: /default-rack, certSerialId: null}, Type:RATIS, Factor:ONE, State:ALLOCATED, leaderId:2e380eeb-fc9c-4285-bf60-968042885e92, CreationTimestamp2020-07-09T05:16:31.179Z] moved to OPEN state
2020-07-09 05:16:34,197 [EventQueue-OpenPipelineForHealthyPipelineSafeModeRule] INFO  safemode.SCMSafeModeManager (HealthyPipelineSafeModeRule.java:process(129)) - SCM in safe mode. Healthy pipelines reported count is 0, required healthy pipeline reported count is 1
2020-07-09 05:16:34,197 [EventQueue-OpenPipelineForOneReplicaPipelineSafeModeRule] INFO  safemode.SCMSafeModeManager (SCMSafeModeManager.java:validateSafeModeExitRules(214)) - AtleastOneDatanodeReportedRule rule is successfully validated
2020-07-09 05:16:34,197 [pool-562-thread-1] INFO  server.RaftServerConfigKeys (ConfUtils.java:logGet(44)) - raft.server.log.segment.size.max = 1048576 (custom)
2020-07-09 05:16:34,197 [pool-562-thread-1] INFO  metrics.RatisMetrics (RatisMetrics.java:lambda$create$0(36)) - Creating Metrics Registry : ratis.log_worker.2e380eeb-fc9c-4285-bf60-968042885e92@group-DC179432F4E7
2020-07-09 05:16:34,197 [pool-562-thread-1] INFO  server.RaftServerConfigKeys (ConfUtils.java:logGet(44)) - raft.server.log.segment.cache.num.max = 2 (custom)
2020-07-09 05:16:34,197 [pool-562-thread-1] INFO  segmented.SegmentedRaftLogWorker (SegmentedRaftLogWorker.java:<init>(180)) - new 2e380eeb-fc9c-4285-bf60-968042885e92@group-DC179432F4E7-SegmentedRaftLogWorker for RaftStorage:Storage Directory /github/workspace/mnt/ozone/hadoop-ozone/integration-test/target/test-dir/MiniOzoneClusterImpl-d071943e-99b5-4a6b-9dcd-d6487b458803/datanode-4/data/ratis/7b4745aa-e6c8-4608-b381-dc179432f4e7
2020-07-09 05:16:34,197 [pool-562-thread-1] INFO  server.RaftServerConfigKeys (ConfUtils.java:logGet(44)) - raft.server.log.queue.byte-limit = 2147483647 (custom)
2020-07-09 05:16:34,198 [pool-562-thread-1] INFO  server.RaftServerConfigKeys (ConfUtils.java:logGet(44)) - raft.server.log.queue.element-limit = 1024 (custom)
2020-07-09 05:16:34,198 [pool-562-thread-1] INFO  server.RaftServerConfigKeys (ConfUtils.java:logGet(44)) - raft.server.log.segment.size.max = 1048576 (custom)
2020-07-09 05:16:34,198 [pool-562-thread-1] INFO  server.RaftServerConfigKeys (ConfUtils.java:logGet(44)) - raft.server.log.preallocated.size = 16384 (custom)
2020-07-09 05:16:34,198 [pool-562-thread-1] INFO  server.RaftServerConfigKeys (ConfUtils.java:logGet(44)) - raft.server.log.write.buffer.size = 1048576 (custom)
2020-07-09 05:16:34,198 [pool-562-thread-1] INFO  server.RaftServerConfigKeys (ConfUtils.java:logGet(44)) - raft.server.log.force.sync.num = 128 (default)
2020-07-09 05:16:34,198 [pool-562-thread-1] INFO  server.RaftServerConfigKeys (ConfUtils.java:logGet(44)) - raft.server.log.statemachine.data.sync = true (default)
2020-07-09 05:16:34,198 [pool-562-thread-1] INFO  server.RaftServerConfigKeys (ConfUtils.java:logGet(44)) - raft.server.log.statemachine.data.sync.timeout = 10s (default)
2020-07-09 05:16:34,198 [pool-562-thread-1] INFO  server.RaftServerConfigKeys (ConfUtils.java:logGet(44)) - raft.server.log.statemachine.data.sync.timeout.retry = -1 (default)
2020-07-09 05:16:34,201 [pool-562-thread-1] INFO  server.RaftServerConfigKeys (ConfUtils.java:logGet(44)) - raft.server.log.statemachine.data.caching.enabled = true (custom)
2020-07-09 05:16:34,201 [pool-562-thread-1] INFO  segmented.SegmentedRaftLogWorker (SegmentedRaftLogWorker.java:lambda$new$0(129)) - 2e380eeb-fc9c-4285-bf60-968042885e92@group-DC179432F4E7-SegmentedRaftLogWorker: flushIndex: setUnconditionally 0 -> -1
2020-07-09 05:16:34,201 [pool-562-thread-1] INFO  segmented.SegmentedRaftLogWorker (SegmentedRaftLogWorker.java:lambda$new$0(129)) - 2e380eeb-fc9c-4285-bf60-968042885e92@group-DC179432F4E7-SegmentedRaftLogWorker: safeCacheEvictIndex: setUnconditionally 0 -> -1
2020-07-09 05:16:34,202 [pool-562-thread-1] INFO  server.RaftServerConfigKeys (ConfUtils.java:logGet(44)) - raft.server.snapshot.auto.trigger.enabled = true (custom)
2020-07-09 05:16:34,202 [pool-562-thread-1] INFO  server.RaftServerConfigKeys (ConfUtils.java:logGet(44)) - raft.server.snapshot.auto.trigger.threshold = 10000 (custom)
2020-07-09 05:16:34,202 [pool-562-thread-1] INFO  server.RaftServerConfigKeys (ConfUtils.java:logGet(44)) - raft.server.snapshot.retention.file.num = 5 (custom)
2020-07-09 05:16:34,202 [pool-562-thread-1] INFO  server.RaftServerConfigKeys (ConfUtils.java:logGet(44)) - raft.server.log.purge.upto.snapshot.index = false (default)
2020-07-09 05:16:34,202 [pool-562-thread-1] INFO  server.RaftServerConfigKeys (ConfUtils.java:logGet(44)) - raft.server.retrycache.expirytime = 600000ms (custom)
2020-07-09 05:16:34,202 [pool-562-thread-1] INFO  metrics.RatisMetrics (RatisMetrics.java:lambda$create$0(36)) - Creating Metrics Registry : ratis.leader_election.2e380eeb-fc9c-4285-bf60-968042885e92@group-DC179432F4E7
2020-07-09 05:16:34,203 [pool-562-thread-1] INFO  metrics.RatisMetrics (RatisMetrics.java:lambda$create$0(36)) - Creating Metrics Registry : ratis.server.2e380eeb-fc9c-4285-bf60-968042885e92@group-DC179432F4E7
2020-07-09 05:16:34,205 [pool-562-thread-1] INFO  impl.RaftServerImpl (RaftServerImpl.java:<init>(99)) - 2e380eeb-fc9c-4285-bf60-968042885e92: new RaftServerImpl for group-DA5563A61CFD:[2e380eeb-fc9c-4285-bf60-968042885e92:172.17.0.2:35311, 6bbe18f0-a18d-467d-ac04-38543da40044:172.17.0.2:45411, 869115d6-4be2-4620-adee-449672856935:172.17.0.2:43919] with ContainerStateMachine:uninitialized
2020-07-09 05:16:34,205 [pool-562-thread-1] INFO  server.RaftServerConfigKeys (ConfUtils.java:logGet(44)) - raft.server.rpc.timeout.min = 5s (custom)
2020-07-09 05:16:34,205 [pool-562-thread-1] INFO  server.RaftServerConfigKeys (ConfUtils.java:logGet(44)) - raft.server.rpc.timeout.max = 5200ms (custom)
2020-07-09 05:16:34,205 [pool-562-thread-1] INFO  server.RaftServerConfigKeys (ConfUtils.java:logGet(44)) - raft.server.rpcslowness.timeout = 300000ms (custom)
2020-07-09 05:16:34,205 [pool-562-thread-1] INFO  server.RaftServerConfigKeys (ConfUtils.java:logGet(44)) - raft.server.sleep.deviation.threshold = 300 (default)
2020-07-09 05:16:34,205 [pool-562-thread-1] INFO  server.RaftServerConfigKeys (ConfUtils.java:logGet(44)) - raft.server.log.appender.install.snapshot.enabled = false (custom)
2020-07-09 05:16:34,205 [pool-562-thread-1] INFO  impl.RaftServerImpl (ServerState.java:<init>(103)) - 2e380eeb-fc9c-4285-bf60-968042885e92@group-DA5563A61CFD: ConfigurationManager, init=-1: [2e380eeb-fc9c-4285-bf60-968042885e92:172.17.0.2:35311, 6bbe18f0-a18d-467d-ac04-38543da40044:172.17.0.2:45411, 869115d6-4be2-4620-adee-449672856935:172.17.0.2:43919], old=null, confs=<EMPTY_MAP>
2020-07-09 05:16:34,205 [pool-562-thread-1] INFO  server.RaftServerConfigKeys (ConfUtils.java:logGet(44)) - raft.server.storage.dir = [/github/workspace/mnt/ozone/hadoop-ozone/integration-test/target/test-dir/MiniOzoneClusterImpl-d071943e-99b5-4a6b-9dcd-d6487b458803/datanode-4/data/ratis] (custom)
2020-07-09 05:16:34,205 [pool-562-thread-1] INFO  server.RaftServerConfigKeys (ConfUtils.java:logGet(44)) - raft.server.log.corruption.policy = EXCEPTION (default)
2020-07-09 05:16:34,205 [pool-562-thread-1] INFO  storage.RaftStorageDirectory (RaftStorageDirectory.java:analyzeStorage(261)) - The storage directory /github/workspace/mnt/ozone/hadoop-ozone/integration-test/target/test-dir/MiniOzoneClusterImpl-d071943e-99b5-4a6b-9dcd-d6487b458803/datanode-4/data/ratis/df910146-1b09-4cdf-9957-da5563a61cfd does not exist. Creating ...
2020-07-09 05:16:34,206 [pool-562-thread-1] INFO  storage.RaftStorageDirectory (RaftStorageDirectory.java:tryLock(343)) - Lock on /github/workspace/mnt/ozone/hadoop-ozone/integration-test/target/test-dir/MiniOzoneClusterImpl-d071943e-99b5-4a6b-9dcd-d6487b458803/datanode-4/data/ratis/df910146-1b09-4cdf-9957-da5563a61cfd/in_use.lock acquired by nodename 3510@787407461a64
2020-07-09 05:16:34,208 [pool-562-thread-1] INFO  storage.RaftStorage (RaftStorage.java:format(84)) - Storage directory /github/workspace/mnt/ozone/hadoop-ozone/integration-test/target/test-dir/MiniOzoneClusterImpl-d071943e-99b5-4a6b-9dcd-d6487b458803/datanode-4/data/ratis/df910146-1b09-4cdf-9957-da5563a61cfd has been successfully formatted.
2020-07-09 05:16:34,208 [pool-562-thread-1] INFO  ratis.ContainerStateMachine (ContainerStateMachine.java:loadSnapshot(225)) - group-DA5563A61CFD: The snapshot info is null. Setting the last applied indexto:(t:0, i:~)
2020-07-09 05:16:34,208 [pool-562-thread-1] INFO  server.RaftServerConfigKeys (ConfUtils.java:logGet(44)) - raft.server.notification.no-leader.timeout = 60s (default)
2020-07-09 05:16:34,208 [pool-562-thread-1] INFO  server.RaftServerConfigKeys (ConfUtils.java:logGet(44)) - raft.server.log.use.memory = false (default)
2020-07-09 05:16:34,208 [pool-562-thread-1] INFO  server.RaftServerConfigKeys (ConfUtils.java:logGet(44)) - raft.server.log.purge.gap = 1000000 (custom)
2020-07-09 05:16:34,208 [pool-562-thread-1] INFO  server.RaftServerConfigKeys (ConfUtils.java:logGet(44)) - raft.server.log.appender.buffer.byte-limit = 33554432 (custom)
2020-07-09 05:16:34,208 [pool-562-thread-1] INFO  server.RaftServerConfigKeys (ConfUtils.java:logGet(44)) - raft.server.log.segment.size.max = 1048576 (custom)
2020-07-09 05:16:34,208 [pool-562-thread-1] INFO  metrics.RatisMetrics (RatisMetrics.java:lambda$create$0(36)) - Creating Metrics Registry : ratis.log_worker.2e380eeb-fc9c-4285-bf60-968042885e92@group-DA5563A61CFD
2020-07-09 05:16:34,209 [pool-562-thread-1] INFO  server.RaftServerConfigKeys (ConfUtils.java:logGet(44)) - raft.server.log.segment.cache.num.max = 2 (custom)
2020-07-09 05:16:34,209 [pool-562-thread-1] INFO  segmented.SegmentedRaftLogWorker (SegmentedRaftLogWorker.java:<init>(180)) - new 2e380eeb-fc9c-4285-bf60-968042885e92@group-DA5563A61CFD-SegmentedRaftLogWorker for RaftStorage:Storage Directory /github/workspace/mnt/ozone/hadoop-ozone/integration-test/target/test-dir/MiniOzoneClusterImpl-d071943e-99b5-4a6b-9dcd-d6487b458803/datanode-4/data/ratis/df910146-1b09-4cdf-9957-da5563a61cfd
2020-07-09 05:16:34,209 [pool-562-thread-1] INFO  server.RaftServerConfigKeys (ConfUtils.java:logGet(44)) - raft.server.log.queue.byte-limit = 2147483647 (custom)
2020-07-09 05:16:34,209 [pool-562-thread-1] INFO  server.RaftServerConfigKeys (ConfUtils.java:logGet(44)) - raft.server.log.queue.element-limit = 1024 (custom)
2020-07-09 05:16:34,209 [pool-562-thread-1] INFO  server.RaftServerConfigKeys (ConfUtils.java:logGet(44)) - raft.server.log.segment.size.max = 1048576 (custom)
2020-07-09 05:16:34,209 [pool-562-thread-1] INFO  server.RaftServerConfigKeys (ConfUtils.java:logGet(44)) - raft.server.log.preallocated.size = 16384 (custom)
2020-07-09 05:16:34,209 [pool-562-thread-1] INFO  server.RaftServerConfigKeys (ConfUtils.java:logGet(44)) - raft.server.log.write.buffer.size = 1048576 (custom)
2020-07-09 05:16:34,209 [pool-562-thread-1] INFO  server.RaftServerConfigKeys (ConfUtils.java:logGet(44)) - raft.server.log.force.sync.num = 128 (default)
2020-07-09 05:16:34,209 [pool-562-thread-1] INFO  server.RaftServerConfigKeys (ConfUtils.java:logGet(44)) - raft.server.log.statemachine.data.sync = true (default)
2020-07-09 05:16:34,209 [pool-562-thread-1] INFO  server.RaftServerConfigKeys (ConfUtils.java:logGet(44)) - raft.server.log.statemachine.data.sync.timeout = 10s (default)
2020-07-09 05:16:34,209 [pool-562-thread-1] INFO  server.RaftServerConfigKeys (ConfUtils.java:logGet(44)) - raft.server.log.statemachine.data.sync.timeout.retry = -1 (default)
2020-07-09 05:16:34,212 [pool-562-thread-1] INFO  server.RaftServerConfigKeys (ConfUtils.java:logGet(44)) - raft.server.log.statemachine.data.caching.enabled = true (custom)
2020-07-09 05:16:34,212 [pool-562-thread-1] INFO  segmented.SegmentedRaftLogWorker (SegmentedRaftLogWorker.java:lambda$new$0(129)) - 2e380eeb-fc9c-4285-bf60-968042885e92@group-DA5563A61CFD-SegmentedRaftLogWorker: flushIndex: setUnconditionally 0 -> -1
2020-07-09 05:16:34,212 [pool-562-thread-1] INFO  segmented.SegmentedRaftLogWorker (SegmentedRaftLogWorker.java:lambda$new$0(129)) - 2e380eeb-fc9c-4285-bf60-968042885e92@group-DA5563A61CFD-SegmentedRaftLogWorker: safeCacheEvictIndex: setUnconditionally 0 -> -1
2020-07-09 05:16:34,212 [pool-562-thread-1] INFO  server.RaftServerConfigKeys (ConfUtils.java:logGet(44)) - raft.server.snapshot.auto.trigger.enabled = true (custom)
2020-07-09 05:16:34,212 [pool-562-thread-1] INFO  server.RaftServerConfigKeys (ConfUtils.java:logGet(44)) - raft.server.snapshot.auto.trigger.threshold = 10000 (custom)
2020-07-09 05:16:34,212 [pool-562-thread-1] INFO  server.RaftServerConfigKeys (ConfUtils.java:logGet(44)) - raft.server.snapshot.retention.file.num = 5 (custom)
2020-07-09 05:16:34,212 [pool-562-thread-1] INFO  server.RaftServerConfigKeys (ConfUtils.java:logGet(44)) - raft.server.log.purge.upto.snapshot.index = false (default)
2020-07-09 05:16:34,213 [pool-562-thread-1] INFO  server.RaftServerConfigKeys (ConfUtils.java:logGet(44)) - raft.server.retrycache.expirytime = 600000ms (custom)
2020-07-09 05:16:34,213 [pool-562-thread-1] INFO  metrics.RatisMetrics (RatisMetrics.java:lambda$create$0(36)) - Creating Metrics Registry : ratis.leader_election.2e380eeb-fc9c-4285-bf60-968042885e92@group-DA5563A61CFD
2020-07-09 05:16:34,213 [pool-562-thread-1] INFO  metrics.RatisMetrics (RatisMetrics.java:lambda$create$0(36)) - Creating Metrics Registry : ratis.server.2e380eeb-fc9c-4285-bf60-968042885e92@group-DA5563A61CFD
2020-07-09 05:16:34,215 [pool-562-thread-1] INFO  impl.RaftServerImpl (RaftServerImpl.java:start(186)) - 2e380eeb-fc9c-4285-bf60-968042885e92@group-DC179432F4E7: start as a follower, conf=-1: [2e380eeb-fc9c-4285-bf60-968042885e92:172.17.0.2:35311], old=null
2020-07-09 05:16:34,215 [pool-562-thread-1] INFO  impl.RaftServerImpl (RaftServerImpl.java:setRole(175)) - 2e380eeb-fc9c-4285-bf60-968042885e92@group-DC179432F4E7: changes role from      null to FOLLOWER at term 0 for startAsFollower
2020-07-09 05:16:34,215 [pool-562-thread-1] INFO  impl.RoleInfo (RoleInfo.java:updateAndGet(143)) - 2e380eeb-fc9c-4285-bf60-968042885e92: start FollowerState
2020-07-09 05:16:34,215 [pool-562-thread-1] INFO  util.JmxRegister (JmxRegister.java:tryRegister(44)) - Successfully registered JMX Bean with object name Ratis:service=RaftServer,group=group-DC179432F4E7,id=2e380eeb-fc9c-4285-bf60-968042885e92
2020-07-09 05:16:34,215 [pool-562-thread-1] INFO  metrics.RatisMetrics (RatisMetrics.java:lambda$create$0(36)) - Creating Metrics Registry : ratis.state_machine.2e380eeb-fc9c-4285-bf60-968042885e92@group-DC179432F4E7
2020-07-09 05:16:34,216 [pool-562-thread-1] INFO  impl.RaftServerImpl (RaftServerImpl.java:start(186)) - 2e380eeb-fc9c-4285-bf60-968042885e92@group-DA5563A61CFD: start as a follower, conf=-1: [2e380eeb-fc9c-4285-bf60-968042885e92:172.17.0.2:35311, 6bbe18f0-a18d-467d-ac04-38543da40044:172.17.0.2:45411, 869115d6-4be2-4620-adee-449672856935:172.17.0.2:43919], old=null
2020-07-09 05:16:34,216 [pool-562-thread-1] INFO  impl.RaftServerImpl (RaftServerImpl.java:setRole(175)) - 2e380eeb-fc9c-4285-bf60-968042885e92@group-DA5563A61CFD: changes role from      null to FOLLOWER at term 0 for startAsFollower
2020-07-09 05:16:34,216 [pool-562-thread-1] INFO  impl.RoleInfo (RoleInfo.java:updateAndGet(143)) - 2e380eeb-fc9c-4285-bf60-968042885e92: start FollowerState
2020-07-09 05:16:34,217 [Command processor thread] INFO  commandhandler.CreatePipelineCommandHandler (CreatePipelineCommandHandler.java:handle(109)) - Created Pipeline RATIS ONE #id: "7b4745aa-e6c8-4608-b381-dc179432f4e7"
uuid128 {
  mostSigBits: 8883145390330234376
  leastSigBits: -5511882475096050457
}
.
2020-07-09 05:16:34,217 [pool-562-thread-1] INFO  util.JmxRegister (JmxRegister.java:tryRegister(44)) - Successfully registered JMX Bean with object name Ratis:service=RaftServer,group=group-DA5563A61CFD,id=2e380eeb-fc9c-4285-bf60-968042885e92
2020-07-09 05:16:34,217 [pool-562-thread-1] INFO  metrics.RatisMetrics (RatisMetrics.java:lambda$create$0(36)) - Creating Metrics Registry : ratis.state_machine.2e380eeb-fc9c-4285-bf60-968042885e92@group-DA5563A61CFD
2020-07-09 05:16:34,227 [grpc-default-executor-9] INFO  impl.RaftServerProxy (RaftServerProxy.java:addNew(89)) - 6bbe18f0-a18d-467d-ac04-38543da40044: addNew group-DA5563A61CFD:[2e380eeb-fc9c-4285-bf60-968042885e92:172.17.0.2:35311, 6bbe18f0-a18d-467d-ac04-38543da40044:172.17.0.2:45411, 869115d6-4be2-4620-adee-449672856935:172.17.0.2:43919] returns group-DA5563A61CFD:java.util.concurrent.CompletableFuture@5afa349d[Not completed]
2020-07-09 05:16:34,228 [pool-577-thread-1] INFO  impl.RaftServerImpl (RaftServerImpl.java:<init>(99)) - 6bbe18f0-a18d-467d-ac04-38543da40044: new RaftServerImpl for group-DA5563A61CFD:[2e380eeb-fc9c-4285-bf60-968042885e92:172.17.0.2:35311, 6bbe18f0-a18d-467d-ac04-38543da40044:172.17.0.2:45411, 869115d6-4be2-4620-adee-449672856935:172.17.0.2:43919] with ContainerStateMachine:uninitialized
2020-07-09 05:16:34,228 [pool-577-thread-1] INFO  server.RaftServerConfigKeys (ConfUtils.java:logGet(44)) - raft.server.rpc.timeout.min = 5s (custom)
2020-07-09 05:16:34,228 [pool-577-thread-1] INFO  server.RaftServerConfigKeys (ConfUtils.java:logGet(44)) - raft.server.rpc.timeout.max = 5200ms (custom)
2020-07-09 05:16:34,228 [pool-577-thread-1] INFO  server.RaftServerConfigKeys (ConfUtils.java:logGet(44)) - raft.server.rpcslowness.timeout = 300000ms (custom)
2020-07-09 05:16:34,228 [pool-577-thread-1] INFO  server.RaftServerConfigKeys (ConfUtils.java:logGet(44)) - raft.server.sleep.deviation.threshold = 300 (default)
2020-07-09 05:16:34,228 [pool-577-thread-1] INFO  server.RaftServerConfigKeys (ConfUtils.java:logGet(44)) - raft.server.log.appender.install.snapshot.enabled = false (custom)
2020-07-09 05:16:34,228 [pool-577-thread-1] INFO  impl.RaftServerImpl (ServerState.java:<init>(103)) - 6bbe18f0-a18d-467d-ac04-38543da40044@group-DA5563A61CFD: ConfigurationManager, init=-1: [2e380eeb-fc9c-4285-bf60-968042885e92:172.17.0.2:35311, 6bbe18f0-a18d-467d-ac04-38543da40044:172.17.0.2:45411, 869115d6-4be2-4620-adee-449672856935:172.17.0.2:43919], old=null, confs=<EMPTY_MAP>
2020-07-09 05:16:34,229 [pool-577-thread-1] INFO  server.RaftServerConfigKeys (ConfUtils.java:logGet(44)) - raft.server.storage.dir = [/github/workspace/mnt/ozone/hadoop-ozone/integration-test/target/test-dir/MiniOzoneClusterImpl-d071943e-99b5-4a6b-9dcd-d6487b458803/datanode-5/data/ratis] (custom)
2020-07-09 05:16:34,229 [pool-577-thread-1] INFO  server.RaftServerConfigKeys (ConfUtils.java:logGet(44)) - raft.server.log.corruption.policy = EXCEPTION (default)
2020-07-09 05:16:34,229 [pool-577-thread-1] INFO  storage.RaftStorageDirectory (RaftStorageDirectory.java:analyzeStorage(261)) - The storage directory /github/workspace/mnt/ozone/hadoop-ozone/integration-test/target/test-dir/MiniOzoneClusterImpl-d071943e-99b5-4a6b-9dcd-d6487b458803/datanode-5/data/ratis/df910146-1b09-4cdf-9957-da5563a61cfd does not exist. Creating ...
2020-07-09 05:16:34,232 [Command processor thread] INFO  impl.RaftServerProxy (RaftServerProxy.java:addNew(89)) - 6bbe18f0-a18d-467d-ac04-38543da40044: addNew group-4B8A71137631:[6bbe18f0-a18d-467d-ac04-38543da40044:172.17.0.2:45411] returns group-4B8A71137631:java.util.concurrent.CompletableFuture@6039b94a[Not completed]
2020-07-09 05:16:34,233 [pool-577-thread-1] INFO  storage.RaftStorageDirectory (RaftStorageDirectory.java:tryLock(343)) - Lock on /github/workspace/mnt/ozone/hadoop-ozone/integration-test/target/test-dir/MiniOzoneClusterImpl-d071943e-99b5-4a6b-9dcd-d6487b458803/datanode-5/data/ratis/df910146-1b09-4cdf-9957-da5563a61cfd/in_use.lock acquired by nodename 3510@787407461a64
2020-07-09 05:16:34,234 [pool-577-thread-1] INFO  storage.RaftStorage (RaftStorage.java:format(84)) - Storage directory /github/workspace/mnt/ozone/hadoop-ozone/integration-test/target/test-dir/MiniOzoneClusterImpl-d071943e-99b5-4a6b-9dcd-d6487b458803/datanode-5/data/ratis/df910146-1b09-4cdf-9957-da5563a61cfd has been successfully formatted.
2020-07-09 05:16:34,235 [pool-577-thread-1] INFO  ratis.ContainerStateMachine (ContainerStateMachine.java:loadSnapshot(225)) - group-DA5563A61CFD: The snapshot info is null. Setting the last applied indexto:(t:0, i:~)
2020-07-09 05:16:34,235 [pool-577-thread-1] INFO  server.RaftServerConfigKeys (ConfUtils.java:logGet(44)) - raft.server.notification.no-leader.timeout = 60s (default)
2020-07-09 05:16:34,235 [pool-577-thread-1] INFO  server.RaftServerConfigKeys (ConfUtils.java:logGet(44)) - raft.server.log.use.memory = false (default)
2020-07-09 05:16:34,235 [pool-577-thread-1] INFO  server.RaftServerConfigKeys (ConfUtils.java:logGet(44)) - raft.server.log.purge.gap = 1000000 (custom)
2020-07-09 05:16:34,235 [EventQueue-PipelineReportForPipelineReportHandler] INFO  pipeline.PipelineStateManager (PipelineStateManager.java:openPipeline(131)) - Pipeline Pipeline[ Id: d2464c40-faa1-4910-b793-4b8a71137631, Nodes: 6bbe18f0-a18d-467d-ac04-38543da40044{ip: 172.17.0.2, host: 787407461a64, networkLocation: /default-rack, certSerialId: null}, Type:RATIS, Factor:ONE, State:ALLOCATED, leaderId:6bbe18f0-a18d-467d-ac04-38543da40044, CreationTimestamp2020-07-09T05:16:31.230Z] moved to OPEN state
2020-07-09 05:16:34,236 [EventQueue-OpenPipelineForHealthyPipelineSafeModeRule] INFO  safemode.SCMSafeModeManager (HealthyPipelineSafeModeRule.java:process(129)) - SCM in safe mode. Healthy pipelines reported count is 0, required healthy pipeline reported count is 1
2020-07-09 05:16:34,236 [pool-577-thread-1] INFO  server.RaftServerConfigKeys (ConfUtils.java:logGet(44)) - raft.server.log.appender.buffer.byte-limit = 33554432 (custom)
2020-07-09 05:16:34,236 [EventQueue-OpenPipelineForOneReplicaPipelineSafeModeRule] INFO  safemode.SCMSafeModeManager (SCMSafeModeManager.java:validateSafeModeExitRules(214)) - AtleastOneDatanodeReportedRule rule is successfully validated
2020-07-09 05:16:34,236 [pool-577-thread-1] INFO  server.RaftServerConfigKeys (ConfUtils.java:logGet(44)) - raft.server.log.segment.size.max = 1048576 (custom)
2020-07-09 05:16:34,236 [pool-577-thread-1] INFO  metrics.RatisMetrics (RatisMetrics.java:lambda$create$0(36)) - Creating Metrics Registry : ratis.log_worker.6bbe18f0-a18d-467d-ac04-38543da40044@group-DA5563A61CFD
2020-07-09 05:16:34,236 [pool-577-thread-1] INFO  server.RaftServerConfigKeys (ConfUtils.java:logGet(44)) - raft.server.log.segment.cache.num.max = 2 (custom)
2020-07-09 05:16:34,236 [pool-577-thread-1] INFO  segmented.SegmentedRaftLogWorker (SegmentedRaftLogWorker.java:<init>(180)) - new 6bbe18f0-a18d-467d-ac04-38543da40044@group-DA5563A61CFD-SegmentedRaftLogWorker for RaftStorage:Storage Directory /github/workspace/mnt/ozone/hadoop-ozone/integration-test/target/test-dir/MiniOzoneClusterImpl-d071943e-99b5-4a6b-9dcd-d6487b458803/datanode-5/data/ratis/df910146-1b09-4cdf-9957-da5563a61cfd
2020-07-09 05:16:34,236 [pool-577-thread-1] INFO  server.RaftServerConfigKeys (ConfUtils.java:logGet(44)) - raft.server.log.queue.byte-limit = 2147483647 (custom)
2020-07-09 05:16:34,237 [pool-577-thread-1] INFO  server.RaftServerConfigKeys (ConfUtils.java:logGet(44)) - raft.server.log.queue.element-limit = 1024 (custom)
2020-07-09 05:16:34,237 [pool-577-thread-1] INFO  server.RaftServerConfigKeys (ConfUtils.java:logGet(44)) - raft.server.log.segment.size.max = 1048576 (custom)
2020-07-09 05:16:34,237 [pool-577-thread-1] INFO  server.RaftServerConfigKeys (ConfUtils.java:logGet(44)) - raft.server.log.preallocated.size = 16384 (custom)
2020-07-09 05:16:34,237 [pool-577-thread-1] INFO  server.RaftServerConfigKeys (ConfUtils.java:logGet(44)) - raft.server.log.write.buffer.size = 1048576 (custom)
2020-07-09 05:16:34,237 [pool-577-thread-1] INFO  server.RaftServerConfigKeys (ConfUtils.java:logGet(44)) - raft.server.log.force.sync.num = 128 (default)
2020-07-09 05:16:34,237 [pool-577-thread-1] INFO  server.RaftServerConfigKeys (ConfUtils.java:logGet(44)) - raft.server.log.statemachine.data.sync = true (default)
2020-07-09 05:16:34,237 [pool-577-thread-1] INFO  server.RaftServerConfigKeys (ConfUtils.java:logGet(44)) - raft.server.log.statemachine.data.sync.timeout = 10s (default)
2020-07-09 05:16:34,237 [pool-577-thread-1] INFO  server.RaftServerConfigKeys (ConfUtils.java:logGet(44)) - raft.server.log.statemachine.data.sync.timeout.retry = -1 (default)
2020-07-09 05:16:34,240 [pool-577-thread-1] INFO  server.RaftServerConfigKeys (ConfUtils.java:logGet(44)) - raft.server.log.statemachine.data.caching.enabled = true (custom)
2020-07-09 05:16:34,240 [pool-577-thread-1] INFO  segmented.SegmentedRaftLogWorker (SegmentedRaftLogWorker.java:lambda$new$0(129)) - 6bbe18f0-a18d-467d-ac04-38543da40044@group-DA5563A61CFD-SegmentedRaftLogWorker: flushIndex: setUnconditionally 0 -> -1
2020-07-09 05:16:34,240 [pool-577-thread-1] INFO  segmented.SegmentedRaftLogWorker (SegmentedRaftLogWorker.java:lambda$new$0(129)) - 6bbe18f0-a18d-467d-ac04-38543da40044@group-DA5563A61CFD-SegmentedRaftLogWorker: safeCacheEvictIndex: setUnconditionally 0 -> -1
2020-07-09 05:16:34,240 [pool-577-thread-1] INFO  server.RaftServerConfigKeys (ConfUtils.java:logGet(44)) - raft.server.snapshot.auto.trigger.enabled = true (custom)
2020-07-09 05:16:34,241 [pool-577-thread-1] INFO  server.RaftServerConfigKeys (ConfUtils.java:logGet(44)) - raft.server.snapshot.auto.trigger.threshold = 10000 (custom)
2020-07-09 05:16:34,241 [pool-577-thread-1] INFO  server.RaftServerConfigKeys (ConfUtils.java:logGet(44)) - raft.server.snapshot.retention.file.num = 5 (custom)
2020-07-09 05:16:34,241 [pool-577-thread-1] INFO  server.RaftServerConfigKeys (ConfUtils.java:logGet(44)) - raft.server.log.purge.upto.snapshot.index = false (default)
2020-07-09 05:16:34,241 [pool-577-thread-1] INFO  server.RaftServerConfigKeys (ConfUtils.java:logGet(44)) - raft.server.retrycache.expirytime = 600000ms (custom)
2020-07-09 05:16:34,241 [pool-577-thread-1] INFO  metrics.RatisMetrics (RatisMetrics.java:lambda$create$0(36)) - Creating Metrics Registry : ratis.leader_election.6bbe18f0-a18d-467d-ac04-38543da40044@group-DA5563A61CFD
2020-07-09 05:16:34,242 [pool-577-thread-1] INFO  metrics.RatisMetrics (RatisMetrics.java:lambda$create$0(36)) - Creating Metrics Registry : ratis.server.6bbe18f0-a18d-467d-ac04-38543da40044@group-DA5563A61CFD
2020-07-09 05:16:34,244 [pool-577-thread-1] INFO  impl.RaftServerImpl (RaftServerImpl.java:<init>(99)) - 6bbe18f0-a18d-467d-ac04-38543da40044: new RaftServerImpl for group-4B8A71137631:[6bbe18f0-a18d-467d-ac04-38543da40044:172.17.0.2:45411] with ContainerStateMachine:uninitialized
2020-07-09 05:16:34,244 [pool-577-thread-1] INFO  server.RaftServerConfigKeys (ConfUtils.java:logGet(44)) - raft.server.rpc.timeout.min = 5s (custom)
2020-07-09 05:16:34,244 [pool-577-thread-1] INFO  server.RaftServerConfigKeys (ConfUtils.java:logGet(44)) - raft.server.rpc.timeout.max = 5200ms (custom)
2020-07-09 05:16:34,244 [pool-577-thread-1] INFO  server.RaftServerConfigKeys (ConfUtils.java:logGet(44)) - raft.server.rpcslowness.timeout = 300000ms (custom)
2020-07-09 05:16:34,244 [pool-577-thread-1] INFO  server.RaftServerConfigKeys (ConfUtils.java:logGet(44)) - raft.server.sleep.deviation.threshold = 300 (default)
2020-07-09 05:16:34,245 [pool-577-thread-1] INFO  server.RaftServerConfigKeys (ConfUtils.java:logGet(44)) - raft.server.log.appender.install.snapshot.enabled = false (custom)
2020-07-09 05:16:34,245 [pool-577-thread-1] INFO  impl.RaftServerImpl (ServerState.java:<init>(103)) - 6bbe18f0-a18d-467d-ac04-38543da40044@group-4B8A71137631: ConfigurationManager, init=-1: [6bbe18f0-a18d-467d-ac04-38543da40044:172.17.0.2:45411], old=null, confs=<EMPTY_MAP>
2020-07-09 05:16:34,245 [pool-577-thread-1] INFO  server.RaftServerConfigKeys (ConfUtils.java:logGet(44)) - raft.server.storage.dir = [/github/workspace/mnt/ozone/hadoop-ozone/integration-test/target/test-dir/MiniOzoneClusterImpl-d071943e-99b5-4a6b-9dcd-d6487b458803/datanode-5/data/ratis] (custom)
2020-07-09 05:16:34,245 [pool-577-thread-1] INFO  server.RaftServerConfigKeys (ConfUtils.java:logGet(44)) - raft.server.log.corruption.policy = EXCEPTION (default)
2020-07-09 05:16:34,245 [pool-577-thread-1] INFO  storage.RaftStorageDirectory (RaftStorageDirectory.java:analyzeStorage(261)) - The storage directory /github/workspace/mnt/ozone/hadoop-ozone/integration-test/target/test-dir/MiniOzoneClusterImpl-d071943e-99b5-4a6b-9dcd-d6487b458803/datanode-5/data/ratis/d2464c40-faa1-4910-b793-4b8a71137631 does not exist. Creating ...
2020-07-09 05:16:34,246 [pool-577-thread-1] INFO  storage.RaftStorageDirectory (RaftStorageDirectory.java:tryLock(343)) - Lock on /github/workspace/mnt/ozone/hadoop-ozone/integration-test/target/test-dir/MiniOzoneClusterImpl-d071943e-99b5-4a6b-9dcd-d6487b458803/datanode-5/data/ratis/d2464c40-faa1-4910-b793-4b8a71137631/in_use.lock acquired by nodename 3510@787407461a64
2020-07-09 05:16:34,248 [pool-577-thread-1] INFO  storage.RaftStorage (RaftStorage.java:format(84)) - Storage directory /github/workspace/mnt/ozone/hadoop-ozone/integration-test/target/test-dir/MiniOzoneClusterImpl-d071943e-99b5-4a6b-9dcd-d6487b458803/datanode-5/data/ratis/d2464c40-faa1-4910-b793-4b8a71137631 has been successfully formatted.
2020-07-09 05:16:34,248 [pool-577-thread-1] INFO  ratis.ContainerStateMachine (ContainerStateMachine.java:loadSnapshot(225)) - group-4B8A71137631: The snapshot info is null. Setting the last applied indexto:(t:0, i:~)
2020-07-09 05:16:34,248 [pool-577-thread-1] INFO  server.RaftServerConfigKeys (ConfUtils.java:logGet(44)) - raft.server.notification.no-leader.timeout = 60s (default)
2020-07-09 05:16:34,248 [pool-577-thread-1] INFO  server.RaftServerConfigKeys (ConfUtils.java:logGet(44)) - raft.server.log.use.memory = false (default)
2020-07-09 05:16:34,249 [pool-577-thread-1] INFO  server.RaftServerConfigKeys (ConfUtils.java:logGet(44)) - raft.server.log.purge.gap = 1000000 (custom)
2020-07-09 05:16:34,249 [pool-577-thread-1] INFO  server.RaftServerConfigKeys (ConfUtils.java:logGet(44)) - raft.server.log.appender.buffer.byte-limit = 33554432 (custom)
2020-07-09 05:16:34,249 [pool-577-thread-1] INFO  server.RaftServerConfigKeys (ConfUtils.java:logGet(44)) - raft.server.log.segment.size.max = 1048576 (custom)
2020-07-09 05:16:34,249 [pool-577-thread-1] INFO  metrics.RatisMetrics (RatisMetrics.java:lambda$create$0(36)) - Creating Metrics Registry : ratis.log_worker.6bbe18f0-a18d-467d-ac04-38543da40044@group-4B8A71137631
2020-07-09 05:16:34,249 [pool-577-thread-1] INFO  server.RaftServerConfigKeys (ConfUtils.java:logGet(44)) - raft.server.log.segment.cache.num.max = 2 (custom)
2020-07-09 05:16:34,249 [pool-577-thread-1] INFO  segmented.SegmentedRaftLogWorker (SegmentedRaftLogWorker.java:<init>(180)) - new 6bbe18f0-a18d-467d-ac04-38543da40044@group-4B8A71137631-SegmentedRaftLogWorker for RaftStorage:Storage Directory /github/workspace/mnt/ozone/hadoop-ozone/integration-test/target/test-dir/MiniOzoneClusterImpl-d071943e-99b5-4a6b-9dcd-d6487b458803/datanode-5/data/ratis/d2464c40-faa1-4910-b793-4b8a71137631
2020-07-09 05:16:34,249 [pool-577-thread-1] INFO  server.RaftServerConfigKeys (ConfUtils.java:logGet(44)) - raft.server.log.queue.byte-limit = 2147483647 (custom)
2020-07-09 05:16:34,249 [pool-577-thread-1] INFO  server.RaftServerConfigKeys (ConfUtils.java:logGet(44)) - raft.server.log.queue.element-limit = 1024 (custom)
2020-07-09 05:16:34,249 [pool-577-thread-1] INFO  server.RaftServerConfigKeys (ConfUtils.java:logGet(44)) - raft.server.log.segment.size.max = 1048576 (custom)
2020-07-09 05:16:34,249 [pool-577-thread-1] INFO  server.RaftServerConfigKeys (ConfUtils.java:logGet(44)) - raft.server.log.preallocated.size = 16384 (custom)
2020-07-09 05:16:34,249 [pool-577-thread-1] INFO  server.RaftServerConfigKeys (ConfUtils.java:logGet(44)) - raft.server.log.write.buffer.size = 1048576 (custom)
2020-07-09 05:16:34,249 [pool-577-thread-1] INFO  server.RaftServerConfigKeys (ConfUtils.java:logGet(44)) - raft.server.log.force.sync.num = 128 (default)
2020-07-09 05:16:34,249 [pool-577-thread-1] INFO  server.RaftServerConfigKeys (ConfUtils.java:logGet(44)) - raft.server.log.statemachine.data.sync = true (default)
2020-07-09 05:16:34,250 [pool-577-thread-1] INFO  server.RaftServerConfigKeys (ConfUtils.java:logGet(44)) - raft.server.log.statemachine.data.sync.timeout = 10s (default)
2020-07-09 05:16:34,250 [pool-577-thread-1] INFO  server.RaftServerConfigKeys (ConfUtils.java:logGet(44)) - raft.server.log.statemachine.data.sync.timeout.retry = -1 (default)
2020-07-09 05:16:34,252 [pool-577-thread-1] INFO  server.RaftServerConfigKeys (ConfUtils.java:logGet(44)) - raft.server.log.statemachine.data.caching.enabled = true (custom)
2020-07-09 05:16:34,252 [pool-577-thread-1] INFO  segmented.SegmentedRaftLogWorker (SegmentedRaftLogWorker.java:lambda$new$0(129)) - 6bbe18f0-a18d-467d-ac04-38543da40044@group-4B8A71137631-SegmentedRaftLogWorker: flushIndex: setUnconditionally 0 -> -1
2020-07-09 05:16:34,252 [pool-577-thread-1] INFO  segmented.SegmentedRaftLogWorker (SegmentedRaftLogWorker.java:lambda$new$0(129)) - 6bbe18f0-a18d-467d-ac04-38543da40044@group-4B8A71137631-SegmentedRaftLogWorker: safeCacheEvictIndex: setUnconditionally 0 -> -1
2020-07-09 05:16:34,253 [pool-577-thread-1] INFO  server.RaftServerConfigKeys (ConfUtils.java:logGet(44)) - raft.server.snapshot.auto.trigger.enabled = true (custom)
2020-07-09 05:16:34,253 [pool-577-thread-1] INFO  server.RaftServerConfigKeys (ConfUtils.java:logGet(44)) - raft.server.snapshot.auto.trigger.threshold = 10000 (custom)
2020-07-09 05:16:34,253 [pool-577-thread-1] INFO  server.RaftServerConfigKeys (ConfUtils.java:logGet(44)) - raft.server.snapshot.retention.file.num = 5 (custom)
2020-07-09 05:16:34,253 [pool-577-thread-1] INFO  server.RaftServerConfigKeys (ConfUtils.java:logGet(44)) - raft.server.log.purge.upto.snapshot.index = false (default)
2020-07-09 05:16:34,253 [pool-577-thread-1] INFO  server.RaftServerConfigKeys (ConfUtils.java:logGet(44)) - raft.server.retrycache.expirytime = 600000ms (custom)
2020-07-09 05:16:34,253 [pool-577-thread-1] INFO  metrics.RatisMetrics (RatisMetrics.java:lambda$create$0(36)) - Creating Metrics Registry : ratis.leader_election.6bbe18f0-a18d-467d-ac04-38543da40044@group-4B8A71137631
2020-07-09 05:16:34,254 [pool-577-thread-1] INFO  metrics.RatisMetrics (RatisMetrics.java:lambda$create$0(36)) - Creating Metrics Registry : ratis.server.6bbe18f0-a18d-467d-ac04-38543da40044@group-4B8A71137631
2020-07-09 05:16:34,256 [pool-577-thread-1] INFO  impl.RaftServerImpl (RaftServerImpl.java:start(186)) - 6bbe18f0-a18d-467d-ac04-38543da40044@group-DA5563A61CFD: start as a follower, conf=-1: [2e380eeb-fc9c-4285-bf60-968042885e92:172.17.0.2:35311, 6bbe18f0-a18d-467d-ac04-38543da40044:172.17.0.2:45411, 869115d6-4be2-4620-adee-449672856935:172.17.0.2:43919], old=null
2020-07-09 05:16:34,256 [pool-577-thread-1] INFO  impl.RaftServerImpl (RaftServerImpl.java:setRole(175)) - 6bbe18f0-a18d-467d-ac04-38543da40044@group-DA5563A61CFD: changes role from      null to FOLLOWER at term 0 for startAsFollower
2020-07-09 05:16:34,256 [pool-577-thread-1] INFO  impl.RoleInfo (RoleInfo.java:updateAndGet(143)) - 6bbe18f0-a18d-467d-ac04-38543da40044: start FollowerState
2020-07-09 05:16:34,256 [pool-577-thread-1] INFO  util.JmxRegister (JmxRegister.java:tryRegister(44)) - Successfully registered JMX Bean with object name Ratis:service=RaftServer,group=group-DA5563A61CFD,id=6bbe18f0-a18d-467d-ac04-38543da40044
2020-07-09 05:16:34,256 [pool-577-thread-1] INFO  metrics.RatisMetrics (RatisMetrics.java:lambda$create$0(36)) - Creating Metrics Registry : ratis.state_machine.6bbe18f0-a18d-467d-ac04-38543da40044@group-DA5563A61CFD
2020-07-09 05:16:34,259 [pool-577-thread-1] INFO  impl.RaftServerImpl (RaftServerImpl.java:start(186)) - 6bbe18f0-a18d-467d-ac04-38543da40044@group-4B8A71137631: start as a follower, conf=-1: [6bbe18f0-a18d-467d-ac04-38543da40044:172.17.0.2:45411], old=null
2020-07-09 05:16:34,259 [pool-577-thread-1] INFO  impl.RaftServerImpl (RaftServerImpl.java:setRole(175)) - 6bbe18f0-a18d-467d-ac04-38543da40044@group-4B8A71137631: changes role from      null to FOLLOWER at term 0 for startAsFollower
2020-07-09 05:16:34,259 [pool-577-thread-1] INFO  impl.RoleInfo (RoleInfo.java:updateAndGet(143)) - 6bbe18f0-a18d-467d-ac04-38543da40044: start FollowerState
2020-07-09 05:16:34,261 [pool-577-thread-1] INFO  util.JmxRegister (JmxRegister.java:tryRegister(44)) - Successfully registered JMX Bean with object name Ratis:service=RaftServer,group=group-4B8A71137631,id=6bbe18f0-a18d-467d-ac04-38543da40044
2020-07-09 05:16:34,262 [pool-577-thread-1] INFO  metrics.RatisMetrics (RatisMetrics.java:lambda$create$0(36)) - Creating Metrics Registry : ratis.state_machine.6bbe18f0-a18d-467d-ac04-38543da40044@group-4B8A71137631
2020-07-09 05:16:34,263 [Command processor thread] INFO  commandhandler.CreatePipelineCommandHandler (CreatePipelineCommandHandler.java:handle(109)) - Created Pipeline RATIS ONE #id: "d2464c40-faa1-4910-b793-4b8a71137631"
uuid128 {
  mostSigBits: -3294862235408447216
  leastSigBits: -5218744485217601999
}
.
2020-07-09 05:16:34,264 [Command processor thread] INFO  commandhandler.CreatePipelineCommandHandler (CreatePipelineCommandHandler.java:handle(109)) - Created Pipeline RATIS THREE #id: "df910146-1b09-4cdf-9957-da5563a61cfd"
uuid128 {
  mostSigBits: -2337085331015643937
  leastSigBits: -7397203802653844227
}
.
2020-07-09 05:16:34,318 [Command processor thread] INFO  impl.RaftServerProxy (RaftServerProxy.java:addNew(89)) - 46ae9337-5f88-408a-bb8b-c1fbd2583d1a: addNew group-FCE1FBA9679A:[46ae9337-5f88-408a-bb8b-c1fbd2583d1a:172.17.0.2:40565] returns group-FCE1FBA9679A:java.util.concurrent.CompletableFuture@5f7f230c[Not completed]
2020-07-09 05:16:34,319 [pool-592-thread-1] INFO  impl.RaftServerImpl (RaftServerImpl.java:<init>(99)) - 46ae9337-5f88-408a-bb8b-c1fbd2583d1a: new RaftServerImpl for group-FCE1FBA9679A:[46ae9337-5f88-408a-bb8b-c1fbd2583d1a:172.17.0.2:40565] with ContainerStateMachine:uninitialized
2020-07-09 05:16:34,319 [pool-592-thread-1] INFO  server.RaftServerConfigKeys (ConfUtils.java:logGet(44)) - raft.server.rpc.timeout.min = 5s (custom)
2020-07-09 05:16:34,319 [pool-592-thread-1] INFO  server.RaftServerConfigKeys (ConfUtils.java:logGet(44)) - raft.server.rpc.timeout.max = 5200ms (custom)
2020-07-09 05:16:34,319 [pool-592-thread-1] INFO  server.RaftServerConfigKeys (ConfUtils.java:logGet(44)) - raft.server.rpcslowness.timeout = 300000ms (custom)
2020-07-09 05:16:34,320 [pool-592-thread-1] INFO  server.RaftServerConfigKeys (ConfUtils.java:logGet(44)) - raft.server.sleep.deviation.threshold = 300 (default)
2020-07-09 05:16:34,320 [pool-592-thread-1] INFO  server.RaftServerConfigKeys (ConfUtils.java:logGet(44)) - raft.server.log.appender.install.snapshot.enabled = false (custom)
2020-07-09 05:16:34,320 [pool-592-thread-1] INFO  impl.RaftServerImpl (ServerState.java:<init>(103)) - 46ae9337-5f88-408a-bb8b-c1fbd2583d1a@group-FCE1FBA9679A: ConfigurationManager, init=-1: [46ae9337-5f88-408a-bb8b-c1fbd2583d1a:172.17.0.2:40565], old=null, confs=<EMPTY_MAP>
2020-07-09 05:16:34,320 [pool-592-thread-1] INFO  server.RaftServerConfigKeys (ConfUtils.java:logGet(44)) - raft.server.storage.dir = [/github/workspace/mnt/ozone/hadoop-ozone/integration-test/target/test-dir/MiniOzoneClusterImpl-d071943e-99b5-4a6b-9dcd-d6487b458803/datanode-6/data/ratis] (custom)
2020-07-09 05:16:34,320 [pool-592-thread-1] INFO  server.RaftServerConfigKeys (ConfUtils.java:logGet(44)) - raft.server.log.corruption.policy = EXCEPTION (default)
2020-07-09 05:16:34,320 [pool-592-thread-1] INFO  storage.RaftStorageDirectory (RaftStorageDirectory.java:analyzeStorage(261)) - The storage directory /github/workspace/mnt/ozone/hadoop-ozone/integration-test/target/test-dir/MiniOzoneClusterImpl-d071943e-99b5-4a6b-9dcd-d6487b458803/datanode-6/data/ratis/e4c91183-2414-47f2-b061-fce1fba9679a does not exist. Creating ...
2020-07-09 05:16:34,321 [pool-592-thread-1] INFO  storage.RaftStorageDirectory (RaftStorageDirectory.java:tryLock(343)) - Lock on /github/workspace/mnt/ozone/hadoop-ozone/integration-test/target/test-dir/MiniOzoneClusterImpl-d071943e-99b5-4a6b-9dcd-d6487b458803/datanode-6/data/ratis/e4c91183-2414-47f2-b061-fce1fba9679a/in_use.lock acquired by nodename 3510@787407461a64
2020-07-09 05:16:34,322 [pool-592-thread-1] INFO  storage.RaftStorage (RaftStorage.java:format(84)) - Storage directory /github/workspace/mnt/ozone/hadoop-ozone/integration-test/target/test-dir/MiniOzoneClusterImpl-d071943e-99b5-4a6b-9dcd-d6487b458803/datanode-6/data/ratis/e4c91183-2414-47f2-b061-fce1fba9679a has been successfully formatted.
2020-07-09 05:16:34,323 [pool-592-thread-1] INFO  ratis.ContainerStateMachine (ContainerStateMachine.java:loadSnapshot(225)) - group-FCE1FBA9679A: The snapshot info is null. Setting the last applied indexto:(t:0, i:~)
2020-07-09 05:16:34,323 [pool-592-thread-1] INFO  server.RaftServerConfigKeys (ConfUtils.java:logGet(44)) - raft.server.notification.no-leader.timeout = 60s (default)
2020-07-09 05:16:34,324 [EventQueue-PipelineReportForPipelineReportHandler] INFO  pipeline.PipelineStateManager (PipelineStateManager.java:openPipeline(131)) - Pipeline Pipeline[ Id: e4c91183-2414-47f2-b061-fce1fba9679a, Nodes: 46ae9337-5f88-408a-bb8b-c1fbd2583d1a{ip: 172.17.0.2, host: 787407461a64, networkLocation: /default-rack, certSerialId: null}, Type:RATIS, Factor:ONE, State:ALLOCATED, leaderId:46ae9337-5f88-408a-bb8b-c1fbd2583d1a, CreationTimestamp2020-07-09T05:16:31.319Z] moved to OPEN state
2020-07-09 05:16:34,324 [pool-592-thread-1] INFO  server.RaftServerConfigKeys (ConfUtils.java:logGet(44)) - raft.server.log.use.memory = false (default)
2020-07-09 05:16:34,324 [EventQueue-OpenPipelineForHealthyPipelineSafeModeRule] INFO  safemode.SCMSafeModeManager (HealthyPipelineSafeModeRule.java:process(129)) - SCM in safe mode. Healthy pipelines reported count is 0, required healthy pipeline reported count is 1
2020-07-09 05:16:34,324 [EventQueue-OpenPipelineForOneReplicaPipelineSafeModeRule] INFO  safemode.SCMSafeModeManager (SCMSafeModeManager.java:validateSafeModeExitRules(214)) - AtleastOneDatanodeReportedRule rule is successfully validated
2020-07-09 05:16:34,324 [pool-592-thread-1] INFO  server.RaftServerConfigKeys (ConfUtils.java:logGet(44)) - raft.server.log.purge.gap = 1000000 (custom)
2020-07-09 05:16:34,324 [pool-592-thread-1] INFO  server.RaftServerConfigKeys (ConfUtils.java:logGet(44)) - raft.server.log.appender.buffer.byte-limit = 33554432 (custom)
2020-07-09 05:16:34,324 [pool-592-thread-1] INFO  server.RaftServerConfigKeys (ConfUtils.java:logGet(44)) - raft.server.log.segment.size.max = 1048576 (custom)
2020-07-09 05:16:34,325 [pool-592-thread-1] INFO  metrics.RatisMetrics (RatisMetrics.java:lambda$create$0(36)) - Creating Metrics Registry : ratis.log_worker.46ae9337-5f88-408a-bb8b-c1fbd2583d1a@group-FCE1FBA9679A
2020-07-09 05:16:34,325 [pool-592-thread-1] INFO  server.RaftServerConfigKeys (ConfUtils.java:logGet(44)) - raft.server.log.segment.cache.num.max = 2 (custom)
2020-07-09 05:16:34,325 [pool-592-thread-1] INFO  segmented.SegmentedRaftLogWorker (SegmentedRaftLogWorker.java:<init>(180)) - new 46ae9337-5f88-408a-bb8b-c1fbd2583d1a@group-FCE1FBA9679A-SegmentedRaftLogWorker for RaftStorage:Storage Directory /github/workspace/mnt/ozone/hadoop-ozone/integration-test/target/test-dir/MiniOzoneClusterImpl-d071943e-99b5-4a6b-9dcd-d6487b458803/datanode-6/data/ratis/e4c91183-2414-47f2-b061-fce1fba9679a
2020-07-09 05:16:34,325 [pool-592-thread-1] INFO  server.RaftServerConfigKeys (ConfUtils.java:logGet(44)) - raft.server.log.queue.byte-limit = 2147483647 (custom)
2020-07-09 05:16:34,325 [pool-592-thread-1] INFO  server.RaftServerConfigKeys (ConfUtils.java:logGet(44)) - raft.server.log.queue.element-limit = 1024 (custom)
2020-07-09 05:16:34,326 [pool-592-thread-1] INFO  server.RaftServerConfigKeys (ConfUtils.java:logGet(44)) - raft.server.log.segment.size.max = 1048576 (custom)
2020-07-09 05:16:34,326 [pool-592-thread-1] INFO  server.RaftServerConfigKeys (ConfUtils.java:logGet(44)) - raft.server.log.preallocated.size = 16384 (custom)
2020-07-09 05:16:34,326 [pool-592-thread-1] INFO  server.RaftServerConfigKeys (ConfUtils.java:logGet(44)) - raft.server.log.write.buffer.size = 1048576 (custom)
2020-07-09 05:16:34,326 [pool-592-thread-1] INFO  server.RaftServerConfigKeys (ConfUtils.java:logGet(44)) - raft.server.log.force.sync.num = 128 (default)
2020-07-09 05:16:34,326 [pool-592-thread-1] INFO  server.RaftServerConfigKeys (ConfUtils.java:logGet(44)) - raft.server.log.statemachine.data.sync = true (default)
2020-07-09 05:16:34,326 [pool-592-thread-1] INFO  server.RaftServerConfigKeys (ConfUtils.java:logGet(44)) - raft.server.log.statemachine.data.sync.timeout = 10s (default)
2020-07-09 05:16:34,326 [pool-592-thread-1] INFO  server.RaftServerConfigKeys (ConfUtils.java:logGet(44)) - raft.server.log.statemachine.data.sync.timeout.retry = -1 (default)
2020-07-09 05:16:34,329 [pool-592-thread-1] INFO  server.RaftServerConfigKeys (ConfUtils.java:logGet(44)) - raft.server.log.statemachine.data.caching.enabled = true (custom)
2020-07-09 05:16:34,329 [pool-592-thread-1] INFO  segmented.SegmentedRaftLogWorker (SegmentedRaftLogWorker.java:lambda$new$0(129)) - 46ae9337-5f88-408a-bb8b-c1fbd2583d1a@group-FCE1FBA9679A-SegmentedRaftLogWorker: flushIndex: setUnconditionally 0 -> -1
2020-07-09 05:16:34,329 [pool-592-thread-1] INFO  segmented.SegmentedRaftLogWorker (SegmentedRaftLogWorker.java:lambda$new$0(129)) - 46ae9337-5f88-408a-bb8b-c1fbd2583d1a@group-FCE1FBA9679A-SegmentedRaftLogWorker: safeCacheEvictIndex: setUnconditionally 0 -> -1
2020-07-09 05:16:34,333 [pool-592-thread-1] INFO  server.RaftServerConfigKeys (ConfUtils.java:logGet(44)) - raft.server.snapshot.auto.trigger.enabled = true (custom)
2020-07-09 05:16:34,333 [pool-592-thread-1] INFO  server.RaftServerConfigKeys (ConfUtils.java:logGet(44)) - raft.server.snapshot.auto.trigger.threshold = 10000 (custom)
2020-07-09 05:16:34,333 [pool-592-thread-1] INFO  server.RaftServerConfigKeys (ConfUtils.java:logGet(44)) - raft.server.snapshot.retention.file.num = 5 (custom)
2020-07-09 05:16:34,333 [pool-592-thread-1] INFO  server.RaftServerConfigKeys (ConfUtils.java:logGet(44)) - raft.server.log.purge.upto.snapshot.index = false (default)
2020-07-09 05:16:34,333 [pool-592-thread-1] INFO  server.RaftServerConfigKeys (ConfUtils.java:logGet(44)) - raft.server.retrycache.expirytime = 600000ms (custom)
2020-07-09 05:16:34,333 [pool-592-thread-1] INFO  metrics.RatisMetrics (RatisMetrics.java:lambda$create$0(36)) - Creating Metrics Registry : ratis.leader_election.46ae9337-5f88-408a-bb8b-c1fbd2583d1a@group-FCE1FBA9679A
2020-07-09 05:16:34,334 [pool-592-thread-1] INFO  metrics.RatisMetrics (RatisMetrics.java:lambda$create$0(36)) - Creating Metrics Registry : ratis.server.46ae9337-5f88-408a-bb8b-c1fbd2583d1a@group-FCE1FBA9679A
2020-07-09 05:16:34,336 [pool-592-thread-1] INFO  impl.RaftServerImpl (RaftServerImpl.java:start(186)) - 46ae9337-5f88-408a-bb8b-c1fbd2583d1a@group-FCE1FBA9679A: start as a follower, conf=-1: [46ae9337-5f88-408a-bb8b-c1fbd2583d1a:172.17.0.2:40565], old=null
2020-07-09 05:16:34,336 [pool-592-thread-1] INFO  impl.RaftServerImpl (RaftServerImpl.java:setRole(175)) - 46ae9337-5f88-408a-bb8b-c1fbd2583d1a@group-FCE1FBA9679A: changes role from      null to FOLLOWER at term 0 for startAsFollower
2020-07-09 05:16:34,336 [pool-592-thread-1] INFO  impl.RoleInfo (RoleInfo.java:updateAndGet(143)) - 46ae9337-5f88-408a-bb8b-c1fbd2583d1a: start FollowerState
2020-07-09 05:16:34,337 [pool-592-thread-1] INFO  util.JmxRegister (JmxRegister.java:tryRegister(44)) - Successfully registered JMX Bean with object name Ratis:service=RaftServer,group=group-FCE1FBA9679A,id=46ae9337-5f88-408a-bb8b-c1fbd2583d1a
2020-07-09 05:16:34,337 [pool-592-thread-1] INFO  metrics.RatisMetrics (RatisMetrics.java:lambda$create$0(36)) - Creating Metrics Registry : ratis.state_machine.46ae9337-5f88-408a-bb8b-c1fbd2583d1a@group-FCE1FBA9679A
2020-07-09 05:16:34,338 [Command processor thread] INFO  commandhandler.CreatePipelineCommandHandler (CreatePipelineCommandHandler.java:handle(109)) - Created Pipeline RATIS ONE #id: "e4c91183-2414-47f2-b061-fce1fba9679a"
uuid128 {
  mostSigBits: -1961016907799443470
  leastSigBits: -5737026402773276774
}
.
2020-07-09 05:16:34,338 [Command processor thread] INFO  impl.RaftServerProxy (RaftServerProxy.java:addNew(89)) - 46ae9337-5f88-408a-bb8b-c1fbd2583d1a: addNew group-6B4DF85DC696:[abef050d-a82e-4e4e-a507-6d1aa68ef9be:172.17.0.2:40691, 46ae9337-5f88-408a-bb8b-c1fbd2583d1a:172.17.0.2:40565, 27f474ea-0df6-408b-94fb-c9f4a4ae0481:172.17.0.2:37823] returns group-6B4DF85DC696:java.util.concurrent.CompletableFuture@5b40bc3b[Not completed]
2020-07-09 05:16:34,338 [pool-592-thread-1] INFO  impl.RaftServerImpl (RaftServerImpl.java:<init>(99)) - 46ae9337-5f88-408a-bb8b-c1fbd2583d1a: new RaftServerImpl for group-6B4DF85DC696:[abef050d-a82e-4e4e-a507-6d1aa68ef9be:172.17.0.2:40691, 46ae9337-5f88-408a-bb8b-c1fbd2583d1a:172.17.0.2:40565, 27f474ea-0df6-408b-94fb-c9f4a4ae0481:172.17.0.2:37823] with ContainerStateMachine:uninitialized
2020-07-09 05:16:34,338 [pool-592-thread-1] INFO  server.RaftServerConfigKeys (ConfUtils.java:logGet(44)) - raft.server.rpc.timeout.min = 5s (custom)
2020-07-09 05:16:34,338 [pool-592-thread-1] INFO  server.RaftServerConfigKeys (ConfUtils.java:logGet(44)) - raft.server.rpc.timeout.max = 5200ms (custom)
2020-07-09 05:16:34,338 [pool-592-thread-1] INFO  server.RaftServerConfigKeys (ConfUtils.java:logGet(44)) - raft.server.rpcslowness.timeout = 300000ms (custom)
2020-07-09 05:16:34,339 [pool-592-thread-1] INFO  server.RaftServerConfigKeys (ConfUtils.java:logGet(44)) - raft.server.sleep.deviation.threshold = 300 (default)
2020-07-09 05:16:34,339 [pool-592-thread-1] INFO  server.RaftServerConfigKeys (ConfUtils.java:logGet(44)) - raft.server.log.appender.install.snapshot.enabled = false (custom)
2020-07-09 05:16:34,339 [pool-592-thread-1] INFO  impl.RaftServerImpl (ServerState.java:<init>(103)) - 46ae9337-5f88-408a-bb8b-c1fbd2583d1a@group-6B4DF85DC696: ConfigurationManager, init=-1: [abef050d-a82e-4e4e-a507-6d1aa68ef9be:172.17.0.2:40691, 46ae9337-5f88-408a-bb8b-c1fbd2583d1a:172.17.0.2:40565, 27f474ea-0df6-408b-94fb-c9f4a4ae0481:172.17.0.2:37823], old=null, confs=<EMPTY_MAP>
2020-07-09 05:16:34,339 [pool-592-thread-1] INFO  server.RaftServerConfigKeys (ConfUtils.java:logGet(44)) - raft.server.storage.dir = [/github/workspace/mnt/ozone/hadoop-ozone/integration-test/target/test-dir/MiniOzoneClusterImpl-d071943e-99b5-4a6b-9dcd-d6487b458803/datanode-6/data/ratis] (custom)
2020-07-09 05:16:34,339 [pool-592-thread-1] INFO  server.RaftServerConfigKeys (ConfUtils.java:logGet(44)) - raft.server.log.corruption.policy = EXCEPTION (default)
2020-07-09 05:16:34,339 [pool-592-thread-1] INFO  storage.RaftStorageDirectory (RaftStorageDirectory.java:analyzeStorage(261)) - The storage directory /github/workspace/mnt/ozone/hadoop-ozone/integration-test/target/test-dir/MiniOzoneClusterImpl-d071943e-99b5-4a6b-9dcd-d6487b458803/datanode-6/data/ratis/e233d869-8825-455f-973d-6b4df85dc696 does not exist. Creating ...
2020-07-09 05:16:34,341 [pool-592-thread-1] INFO  storage.RaftStorageDirectory (RaftStorageDirectory.java:tryLock(343)) - Lock on /github/workspace/mnt/ozone/hadoop-ozone/integration-test/target/test-dir/MiniOzoneClusterImpl-d071943e-99b5-4a6b-9dcd-d6487b458803/datanode-6/data/ratis/e233d869-8825-455f-973d-6b4df85dc696/in_use.lock acquired by nodename 3510@787407461a64
2020-07-09 05:16:34,342 [pool-592-thread-1] INFO  storage.RaftStorage (RaftStorage.java:format(84)) - Storage directory /github/workspace/mnt/ozone/hadoop-ozone/integration-test/target/test-dir/MiniOzoneClusterImpl-d071943e-99b5-4a6b-9dcd-d6487b458803/datanode-6/data/ratis/e233d869-8825-455f-973d-6b4df85dc696 has been successfully formatted.
2020-07-09 05:16:34,342 [pool-592-thread-1] INFO  ratis.ContainerStateMachine (ContainerStateMachine.java:loadSnapshot(225)) - group-6B4DF85DC696: The snapshot info is null. Setting the last applied indexto:(t:0, i:~)
2020-07-09 05:16:34,342 [pool-592-thread-1] INFO  server.RaftServerConfigKeys (ConfUtils.java:logGet(44)) - raft.server.notification.no-leader.timeout = 60s (default)
2020-07-09 05:16:34,342 [pool-592-thread-1] INFO  server.RaftServerConfigKeys (ConfUtils.java:logGet(44)) - raft.server.log.use.memory = false (default)
2020-07-09 05:16:34,342 [pool-592-thread-1] INFO  server.RaftServerConfigKeys (ConfUtils.java:logGet(44)) - raft.server.log.purge.gap = 1000000 (custom)
2020-07-09 05:16:34,342 [pool-592-thread-1] INFO  server.RaftServerConfigKeys (ConfUtils.java:logGet(44)) - raft.server.log.appender.buffer.byte-limit = 33554432 (custom)
2020-07-09 05:16:34,342 [pool-592-thread-1] INFO  server.RaftServerConfigKeys (ConfUtils.java:logGet(44)) - raft.server.log.segment.size.max = 1048576 (custom)
2020-07-09 05:16:34,343 [pool-592-thread-1] INFO  metrics.RatisMetrics (RatisMetrics.java:lambda$create$0(36)) - Creating Metrics Registry : ratis.log_worker.46ae9337-5f88-408a-bb8b-c1fbd2583d1a@group-6B4DF85DC696
2020-07-09 05:16:34,343 [pool-592-thread-1] INFO  server.RaftServerConfigKeys (ConfUtils.java:logGet(44)) - raft.server.log.segment.cache.num.max = 2 (custom)
2020-07-09 05:16:34,343 [pool-592-thread-1] INFO  segmented.SegmentedRaftLogWorker (SegmentedRaftLogWorker.java:<init>(180)) - new 46ae9337-5f88-408a-bb8b-c1fbd2583d1a@group-6B4DF85DC696-SegmentedRaftLogWorker for RaftStorage:Storage Directory /github/workspace/mnt/ozone/hadoop-ozone/integration-test/target/test-dir/MiniOzoneClusterImpl-d071943e-99b5-4a6b-9dcd-d6487b458803/datanode-6/data/ratis/e233d869-8825-455f-973d-6b4df85dc696
2020-07-09 05:16:34,343 [pool-592-thread-1] INFO  server.RaftServerConfigKeys (ConfUtils.java:logGet(44)) - raft.server.log.queue.byte-limit = 2147483647 (custom)
2020-07-09 05:16:34,343 [pool-592-thread-1] INFO  server.RaftServerConfigKeys (ConfUtils.java:logGet(44)) - raft.server.log.queue.element-limit = 1024 (custom)
2020-07-09 05:16:34,343 [pool-592-thread-1] INFO  server.RaftServerConfigKeys (ConfUtils.java:logGet(44)) - raft.server.log.segment.size.max = 1048576 (custom)
2020-07-09 05:16:34,343 [pool-592-thread-1] INFO  server.RaftServerConfigKeys (ConfUtils.java:logGet(44)) - raft.server.log.preallocated.size = 16384 (custom)
2020-07-09 05:16:34,343 [pool-592-thread-1] INFO  server.RaftServerConfigKeys (ConfUtils.java:logGet(44)) - raft.server.log.write.buffer.size = 1048576 (custom)
2020-07-09 05:16:34,343 [pool-592-thread-1] INFO  server.RaftServerConfigKeys (ConfUtils.java:logGet(44)) - raft.server.log.force.sync.num = 128 (default)
2020-07-09 05:16:34,343 [pool-592-thread-1] INFO  server.RaftServerConfigKeys (ConfUtils.java:logGet(44)) - raft.server.log.statemachine.data.sync = true (default)
2020-07-09 05:16:34,344 [pool-592-thread-1] INFO  server.RaftServerConfigKeys (ConfUtils.java:logGet(44)) - raft.server.log.statemachine.data.sync.timeout = 10s (default)
2020-07-09 05:16:34,344 [pool-592-thread-1] INFO  server.RaftServerConfigKeys (ConfUtils.java:logGet(44)) - raft.server.log.statemachine.data.sync.timeout.retry = -1 (default)
2020-07-09 05:16:34,346 [pool-592-thread-1] INFO  server.RaftServerConfigKeys (ConfUtils.java:logGet(44)) - raft.server.log.statemachine.data.caching.enabled = true (custom)
2020-07-09 05:16:34,347 [pool-592-thread-1] INFO  segmented.SegmentedRaftLogWorker (SegmentedRaftLogWorker.java:lambda$new$0(129)) - 46ae9337-5f88-408a-bb8b-c1fbd2583d1a@group-6B4DF85DC696-SegmentedRaftLogWorker: flushIndex: setUnconditionally 0 -> -1
2020-07-09 05:16:34,347 [pool-592-thread-1] INFO  segmented.SegmentedRaftLogWorker (SegmentedRaftLogWorker.java:lambda$new$0(129)) - 46ae9337-5f88-408a-bb8b-c1fbd2583d1a@group-6B4DF85DC696-SegmentedRaftLogWorker: safeCacheEvictIndex: setUnconditionally 0 -> -1
2020-07-09 05:16:34,347 [pool-592-thread-1] INFO  server.RaftServerConfigKeys (ConfUtils.java:logGet(44)) - raft.server.snapshot.auto.trigger.enabled = true (custom)
2020-07-09 05:16:34,347 [pool-592-thread-1] INFO  server.RaftServerConfigKeys (ConfUtils.java:logGet(44)) - raft.server.snapshot.auto.trigger.threshold = 10000 (custom)
2020-07-09 05:16:34,347 [pool-592-thread-1] INFO  server.RaftServerConfigKeys (ConfUtils.java:logGet(44)) - raft.server.snapshot.retention.file.num = 5 (custom)
2020-07-09 05:16:34,347 [pool-592-thread-1] INFO  server.RaftServerConfigKeys (ConfUtils.java:logGet(44)) - raft.server.log.purge.upto.snapshot.index = false (default)
2020-07-09 05:16:34,347 [pool-592-thread-1] INFO  server.RaftServerConfigKeys (ConfUtils.java:logGet(44)) - raft.server.retrycache.expirytime = 600000ms (custom)
2020-07-09 05:16:34,347 [pool-592-thread-1] INFO  metrics.RatisMetrics (RatisMetrics.java:lambda$create$0(36)) - Creating Metrics Registry : ratis.leader_election.46ae9337-5f88-408a-bb8b-c1fbd2583d1a@group-6B4DF85DC696
2020-07-09 05:16:34,348 [pool-592-thread-1] INFO  metrics.RatisMetrics (RatisMetrics.java:lambda$create$0(36)) - Creating Metrics Registry : ratis.server.46ae9337-5f88-408a-bb8b-c1fbd2583d1a@group-6B4DF85DC696
2020-07-09 05:16:34,350 [pool-592-thread-1] INFO  impl.RaftServerImpl (RaftServerImpl.java:start(186)) - 46ae9337-5f88-408a-bb8b-c1fbd2583d1a@group-6B4DF85DC696: start as a follower, conf=-1: [abef050d-a82e-4e4e-a507-6d1aa68ef9be:172.17.0.2:40691, 46ae9337-5f88-408a-bb8b-c1fbd2583d1a:172.17.0.2:40565, 27f474ea-0df6-408b-94fb-c9f4a4ae0481:172.17.0.2:37823], old=null
2020-07-09 05:16:34,350 [pool-592-thread-1] INFO  impl.RaftServerImpl (RaftServerImpl.java:setRole(175)) - 46ae9337-5f88-408a-bb8b-c1fbd2583d1a@group-6B4DF85DC696: changes role from      null to FOLLOWER at term 0 for startAsFollower
2020-07-09 05:16:34,350 [pool-592-thread-1] INFO  impl.RoleInfo (RoleInfo.java:updateAndGet(143)) - 46ae9337-5f88-408a-bb8b-c1fbd2583d1a: start FollowerState
2020-07-09 05:16:34,351 [pool-592-thread-1] INFO  util.JmxRegister (JmxRegister.java:tryRegister(44)) - Successfully registered JMX Bean with object name Ratis:service=RaftServer,group=group-6B4DF85DC696,id=46ae9337-5f88-408a-bb8b-c1fbd2583d1a
2020-07-09 05:16:34,351 [pool-592-thread-1] INFO  metrics.RatisMetrics (RatisMetrics.java:lambda$create$0(36)) - Creating Metrics Registry : ratis.state_machine.46ae9337-5f88-408a-bb8b-c1fbd2583d1a@group-6B4DF85DC696
2020-07-09 05:16:34,360 [grpc-default-executor-9] INFO  impl.RaftServerProxy (RaftServerProxy.java:addNew(89)) - 27f474ea-0df6-408b-94fb-c9f4a4ae0481: addNew group-6B4DF85DC696:[abef050d-a82e-4e4e-a507-6d1aa68ef9be:172.17.0.2:40691, 46ae9337-5f88-408a-bb8b-c1fbd2583d1a:172.17.0.2:40565, 27f474ea-0df6-408b-94fb-c9f4a4ae0481:172.17.0.2:37823] returns group-6B4DF85DC696:java.util.concurrent.CompletableFuture@64930055[Not completed]
2020-07-09 05:16:34,361 [pool-622-thread-1] INFO  impl.RaftServerImpl (RaftServerImpl.java:<init>(99)) - 27f474ea-0df6-408b-94fb-c9f4a4ae0481: new RaftServerImpl for group-6B4DF85DC696:[abef050d-a82e-4e4e-a507-6d1aa68ef9be:172.17.0.2:40691, 46ae9337-5f88-408a-bb8b-c1fbd2583d1a:172.17.0.2:40565, 27f474ea-0df6-408b-94fb-c9f4a4ae0481:172.17.0.2:37823] with ContainerStateMachine:uninitialized
2020-07-09 05:16:34,361 [pool-622-thread-1] INFO  server.RaftServerConfigKeys (ConfUtils.java:logGet(44)) - raft.server.rpc.timeout.min = 5s (custom)
2020-07-09 05:16:34,361 [pool-622-thread-1] INFO  server.RaftServerConfigKeys (ConfUtils.java:logGet(44)) - raft.server.rpc.timeout.max = 5200ms (custom)
2020-07-09 05:16:34,361 [pool-622-thread-1] INFO  server.RaftServerConfigKeys (ConfUtils.java:logGet(44)) - raft.server.rpcslowness.timeout = 300000ms (custom)
2020-07-09 05:16:34,361 [pool-622-thread-1] INFO  server.RaftServerConfigKeys (ConfUtils.java:logGet(44)) - raft.server.sleep.deviation.threshold = 300 (default)
2020-07-09 05:16:34,361 [pool-622-thread-1] INFO  server.RaftServerConfigKeys (ConfUtils.java:logGet(44)) - raft.server.log.appender.install.snapshot.enabled = false (custom)
2020-07-09 05:16:34,361 [pool-622-thread-1] INFO  impl.RaftServerImpl (ServerState.java:<init>(103)) - 27f474ea-0df6-408b-94fb-c9f4a4ae0481@group-6B4DF85DC696: ConfigurationManager, init=-1: [abef050d-a82e-4e4e-a507-6d1aa68ef9be:172.17.0.2:40691, 46ae9337-5f88-408a-bb8b-c1fbd2583d1a:172.17.0.2:40565, 27f474ea-0df6-408b-94fb-c9f4a4ae0481:172.17.0.2:37823], old=null, confs=<EMPTY_MAP>
2020-07-09 05:16:34,361 [pool-622-thread-1] INFO  server.RaftServerConfigKeys (ConfUtils.java:logGet(44)) - raft.server.storage.dir = [/github/workspace/mnt/ozone/hadoop-ozone/integration-test/target/test-dir/MiniOzoneClusterImpl-d071943e-99b5-4a6b-9dcd-d6487b458803/datanode-8/data/ratis] (custom)
2020-07-09 05:16:34,362 [pool-622-thread-1] INFO  server.RaftServerConfigKeys (ConfUtils.java:logGet(44)) - raft.server.log.corruption.policy = EXCEPTION (default)
2020-07-09 05:16:34,362 [pool-622-thread-1] INFO  storage.RaftStorageDirectory (RaftStorageDirectory.java:analyzeStorage(261)) - The storage directory /github/workspace/mnt/ozone/hadoop-ozone/integration-test/target/test-dir/MiniOzoneClusterImpl-d071943e-99b5-4a6b-9dcd-d6487b458803/datanode-8/data/ratis/e233d869-8825-455f-973d-6b4df85dc696 does not exist. Creating ...
2020-07-09 05:16:34,363 [pool-622-thread-1] INFO  storage.RaftStorageDirectory (RaftStorageDirectory.java:tryLock(343)) - Lock on /github/workspace/mnt/ozone/hadoop-ozone/integration-test/target/test-dir/MiniOzoneClusterImpl-d071943e-99b5-4a6b-9dcd-d6487b458803/datanode-8/data/ratis/e233d869-8825-455f-973d-6b4df85dc696/in_use.lock acquired by nodename 3510@787407461a64
2020-07-09 05:16:34,365 [pool-622-thread-1] INFO  storage.RaftStorage (RaftStorage.java:format(84)) - Storage directory /github/workspace/mnt/ozone/hadoop-ozone/integration-test/target/test-dir/MiniOzoneClusterImpl-d071943e-99b5-4a6b-9dcd-d6487b458803/datanode-8/data/ratis/e233d869-8825-455f-973d-6b4df85dc696 has been successfully formatted.
2020-07-09 05:16:34,366 [pool-622-thread-1] INFO  ratis.ContainerStateMachine (ContainerStateMachine.java:loadSnapshot(225)) - group-6B4DF85DC696: The snapshot info is null. Setting the last applied indexto:(t:0, i:~)
2020-07-09 05:16:34,366 [pool-622-thread-1] INFO  server.RaftServerConfigKeys (ConfUtils.java:logGet(44)) - raft.server.notification.no-leader.timeout = 60s (default)
2020-07-09 05:16:34,366 [pool-622-thread-1] INFO  server.RaftServerConfigKeys (ConfUtils.java:logGet(44)) - raft.server.log.use.memory = false (default)
2020-07-09 05:16:34,366 [pool-622-thread-1] INFO  server.RaftServerConfigKeys (ConfUtils.java:logGet(44)) - raft.server.log.purge.gap = 1000000 (custom)
2020-07-09 05:16:34,366 [pool-622-thread-1] INFO  server.RaftServerConfigKeys (ConfUtils.java:logGet(44)) - raft.server.log.appender.buffer.byte-limit = 33554432 (custom)
2020-07-09 05:16:34,366 [pool-622-thread-1] INFO  server.RaftServerConfigKeys (ConfUtils.java:logGet(44)) - raft.server.log.segment.size.max = 1048576 (custom)
2020-07-09 05:16:34,366 [pool-622-thread-1] INFO  metrics.RatisMetrics (RatisMetrics.java:lambda$create$0(36)) - Creating Metrics Registry : ratis.log_worker.27f474ea-0df6-408b-94fb-c9f4a4ae0481@group-6B4DF85DC696
2020-07-09 05:16:34,367 [pool-622-thread-1] INFO  server.RaftServerConfigKeys (ConfUtils.java:logGet(44)) - raft.server.log.segment.cache.num.max = 2 (custom)
2020-07-09 05:16:34,367 [pool-622-thread-1] INFO  segmented.SegmentedRaftLogWorker (SegmentedRaftLogWorker.java:<init>(180)) - new 27f474ea-0df6-408b-94fb-c9f4a4ae0481@group-6B4DF85DC696-SegmentedRaftLogWorker for RaftStorage:Storage Directory /github/workspace/mnt/ozone/hadoop-ozone/integration-test/target/test-dir/MiniOzoneClusterImpl-d071943e-99b5-4a6b-9dcd-d6487b458803/datanode-8/data/ratis/e233d869-8825-455f-973d-6b4df85dc696
2020-07-09 05:16:34,367 [pool-622-thread-1] INFO  server.RaftServerConfigKeys (ConfUtils.java:logGet(44)) - raft.server.log.queue.byte-limit = 2147483647 (custom)
2020-07-09 05:16:34,367 [pool-622-thread-1] INFO  server.RaftServerConfigKeys (ConfUtils.java:logGet(44)) - raft.server.log.queue.element-limit = 1024 (custom)
2020-07-09 05:16:34,368 [pool-622-thread-1] INFO  server.RaftServerConfigKeys (ConfUtils.java:logGet(44)) - raft.server.log.segment.size.max = 1048576 (custom)
2020-07-09 05:16:34,368 [pool-622-thread-1] INFO  server.RaftServerConfigKeys (ConfUtils.java:logGet(44)) - raft.server.log.preallocated.size = 16384 (custom)
2020-07-09 05:16:34,368 [pool-622-thread-1] INFO  server.RaftServerConfigKeys (ConfUtils.java:logGet(44)) - raft.server.log.write.buffer.size = 1048576 (custom)
2020-07-09 05:16:34,368 [pool-622-thread-1] INFO  server.RaftServerConfigKeys (ConfUtils.java:logGet(44)) - raft.server.log.force.sync.num = 128 (default)
2020-07-09 05:16:34,368 [pool-622-thread-1] INFO  server.RaftServerConfigKeys (ConfUtils.java:logGet(44)) - raft.server.log.statemachine.data.sync = true (default)
2020-07-09 05:16:34,368 [pool-622-thread-1] INFO  server.RaftServerConfigKeys (ConfUtils.java:logGet(44)) - raft.server.log.statemachine.data.sync.timeout = 10s (default)
2020-07-09 05:16:34,368 [pool-622-thread-1] INFO  server.RaftServerConfigKeys (ConfUtils.java:logGet(44)) - raft.server.log.statemachine.data.sync.timeout.retry = -1 (default)
2020-07-09 05:16:34,371 [pool-622-thread-1] INFO  server.RaftServerConfigKeys (ConfUtils.java:logGet(44)) - raft.server.log.statemachine.data.caching.enabled = true (custom)
2020-07-09 05:16:34,371 [pool-622-thread-1] INFO  segmented.SegmentedRaftLogWorker (SegmentedRaftLogWorker.java:lambda$new$0(129)) - 27f474ea-0df6-408b-94fb-c9f4a4ae0481@group-6B4DF85DC696-SegmentedRaftLogWorker: flushIndex: setUnconditionally 0 -> -1
2020-07-09 05:16:34,371 [pool-622-thread-1] INFO  segmented.SegmentedRaftLogWorker (SegmentedRaftLogWorker.java:lambda$new$0(129)) - 27f474ea-0df6-408b-94fb-c9f4a4ae0481@group-6B4DF85DC696-SegmentedRaftLogWorker: safeCacheEvictIndex: setUnconditionally 0 -> -1
2020-07-09 05:16:34,371 [pool-622-thread-1] INFO  server.RaftServerConfigKeys (ConfUtils.java:logGet(44)) - raft.server.snapshot.auto.trigger.enabled = true (custom)
2020-07-09 05:16:34,371 [pool-622-thread-1] INFO  server.RaftServerConfigKeys (ConfUtils.java:logGet(44)) - raft.server.snapshot.auto.trigger.threshold = 10000 (custom)
2020-07-09 05:16:34,371 [pool-622-thread-1] INFO  server.RaftServerConfigKeys (ConfUtils.java:logGet(44)) - raft.server.snapshot.retention.file.num = 5 (custom)
2020-07-09 05:16:34,371 [pool-622-thread-1] INFO  server.RaftServerConfigKeys (ConfUtils.java:logGet(44)) - raft.server.log.purge.upto.snapshot.index = false (default)
2020-07-09 05:16:34,371 [pool-622-thread-1] INFO  server.RaftServerConfigKeys (ConfUtils.java:logGet(44)) - raft.server.retrycache.expirytime = 600000ms (custom)
2020-07-09 05:16:34,371 [pool-622-thread-1] INFO  metrics.RatisMetrics (RatisMetrics.java:lambda$create$0(36)) - Creating Metrics Registry : ratis.leader_election.27f474ea-0df6-408b-94fb-c9f4a4ae0481@group-6B4DF85DC696
2020-07-09 05:16:34,372 [pool-622-thread-1] INFO  metrics.RatisMetrics (RatisMetrics.java:lambda$create$0(36)) - Creating Metrics Registry : ratis.server.27f474ea-0df6-408b-94fb-c9f4a4ae0481@group-6B4DF85DC696
2020-07-09 05:16:34,374 [pool-622-thread-1] INFO  impl.RaftServerImpl (RaftServerImpl.java:start(186)) - 27f474ea-0df6-408b-94fb-c9f4a4ae0481@group-6B4DF85DC696: start as a follower, conf=-1: [abef050d-a82e-4e4e-a507-6d1aa68ef9be:172.17.0.2:40691, 46ae9337-5f88-408a-bb8b-c1fbd2583d1a:172.17.0.2:40565, 27f474ea-0df6-408b-94fb-c9f4a4ae0481:172.17.0.2:37823], old=null
2020-07-09 05:16:34,374 [pool-622-thread-1] INFO  impl.RaftServerImpl (RaftServerImpl.java:setRole(175)) - 27f474ea-0df6-408b-94fb-c9f4a4ae0481@group-6B4DF85DC696: changes role from      null to FOLLOWER at term 0 for startAsFollower
2020-07-09 05:16:34,374 [pool-622-thread-1] INFO  impl.RoleInfo (RoleInfo.java:updateAndGet(143)) - 27f474ea-0df6-408b-94fb-c9f4a4ae0481: start FollowerState
2020-07-09 05:16:34,374 [pool-622-thread-1] INFO  util.JmxRegister (JmxRegister.java:tryRegister(44)) - Successfully registered JMX Bean with object name Ratis:service=RaftServer,group=group-6B4DF85DC696,id=27f474ea-0df6-408b-94fb-c9f4a4ae0481
2020-07-09 05:16:34,375 [pool-622-thread-1] INFO  metrics.RatisMetrics (RatisMetrics.java:lambda$create$0(36)) - Creating Metrics Registry : ratis.state_machine.27f474ea-0df6-408b-94fb-c9f4a4ae0481@group-6B4DF85DC696
2020-07-09 05:16:34,383 [grpc-default-executor-9] INFO  impl.RaftServerProxy (RaftServerProxy.java:addNew(89)) - abef050d-a82e-4e4e-a507-6d1aa68ef9be: addNew group-6B4DF85DC696:[abef050d-a82e-4e4e-a507-6d1aa68ef9be:172.17.0.2:40691, 46ae9337-5f88-408a-bb8b-c1fbd2583d1a:172.17.0.2:40565, 27f474ea-0df6-408b-94fb-c9f4a4ae0481:172.17.0.2:37823] returns group-6B4DF85DC696:java.util.concurrent.CompletableFuture@4f2d74f2[Not completed]
2020-07-09 05:16:34,385 [pool-607-thread-1] INFO  impl.RaftServerImpl (RaftServerImpl.java:<init>(99)) - abef050d-a82e-4e4e-a507-6d1aa68ef9be: new RaftServerImpl for group-6B4DF85DC696:[abef050d-a82e-4e4e-a507-6d1aa68ef9be:172.17.0.2:40691, 46ae9337-5f88-408a-bb8b-c1fbd2583d1a:172.17.0.2:40565, 27f474ea-0df6-408b-94fb-c9f4a4ae0481:172.17.0.2:37823] with ContainerStateMachine:uninitialized
2020-07-09 05:16:34,385 [Command processor thread] INFO  impl.RaftServerProxy (RaftServerProxy.java:addNew(89)) - abef050d-a82e-4e4e-a507-6d1aa68ef9be: addNew group-FFFA46E2E616:[abef050d-a82e-4e4e-a507-6d1aa68ef9be:172.17.0.2:40691] returns group-FFFA46E2E616:java.util.concurrent.CompletableFuture@78f65947[Not completed]
2020-07-09 05:16:34,397 [pool-607-thread-1] INFO  server.RaftServerConfigKeys (ConfUtils.java:logGet(44)) - raft.server.rpc.timeout.min = 5s (custom)
2020-07-09 05:16:34,397 [pool-607-thread-1] INFO  server.RaftServerConfigKeys (ConfUtils.java:logGet(44)) - raft.server.rpc.timeout.max = 5200ms (custom)
2020-07-09 05:16:34,397 [pool-607-thread-1] INFO  server.RaftServerConfigKeys (ConfUtils.java:logGet(44)) - raft.server.rpcslowness.timeout = 300000ms (custom)
2020-07-09 05:16:34,397 [pool-607-thread-1] INFO  server.RaftServerConfigKeys (ConfUtils.java:logGet(44)) - raft.server.sleep.deviation.threshold = 300 (default)
2020-07-09 05:16:34,397 [pool-607-thread-1] INFO  server.RaftServerConfigKeys (ConfUtils.java:logGet(44)) - raft.server.log.appender.install.snapshot.enabled = false (custom)
2020-07-09 05:16:34,397 [pool-607-thread-1] INFO  impl.RaftServerImpl (ServerState.java:<init>(103)) - abef050d-a82e-4e4e-a507-6d1aa68ef9be@group-6B4DF85DC696: ConfigurationManager, init=-1: [abef050d-a82e-4e4e-a507-6d1aa68ef9be:172.17.0.2:40691, 46ae9337-5f88-408a-bb8b-c1fbd2583d1a:172.17.0.2:40565, 27f474ea-0df6-408b-94fb-c9f4a4ae0481:172.17.0.2:37823], old=null, confs=<EMPTY_MAP>
2020-07-09 05:16:34,397 [pool-607-thread-1] INFO  server.RaftServerConfigKeys (ConfUtils.java:logGet(44)) - raft.server.storage.dir = [/github/workspace/mnt/ozone/hadoop-ozone/integration-test/target/test-dir/MiniOzoneClusterImpl-d071943e-99b5-4a6b-9dcd-d6487b458803/datanode-7/data/ratis] (custom)
2020-07-09 05:16:34,397 [pool-607-thread-1] INFO  server.RaftServerConfigKeys (ConfUtils.java:logGet(44)) - raft.server.log.corruption.policy = EXCEPTION (default)
2020-07-09 05:16:34,398 [pool-607-thread-1] INFO  storage.RaftStorageDirectory (RaftStorageDirectory.java:analyzeStorage(261)) - The storage directory /github/workspace/mnt/ozone/hadoop-ozone/integration-test/target/test-dir/MiniOzoneClusterImpl-d071943e-99b5-4a6b-9dcd-d6487b458803/datanode-7/data/ratis/e233d869-8825-455f-973d-6b4df85dc696 does not exist. Creating ...
2020-07-09 05:16:34,399 [pool-607-thread-1] INFO  storage.RaftStorageDirectory (RaftStorageDirectory.java:tryLock(343)) - Lock on /github/workspace/mnt/ozone/hadoop-ozone/integration-test/target/test-dir/MiniOzoneClusterImpl-d071943e-99b5-4a6b-9dcd-d6487b458803/datanode-7/data/ratis/e233d869-8825-455f-973d-6b4df85dc696/in_use.lock acquired by nodename 3510@787407461a64
2020-07-09 05:16:34,400 [pool-607-thread-1] INFO  storage.RaftStorage (RaftStorage.java:format(84)) - Storage directory /github/workspace/mnt/ozone/hadoop-ozone/integration-test/target/test-dir/MiniOzoneClusterImpl-d071943e-99b5-4a6b-9dcd-d6487b458803/datanode-7/data/ratis/e233d869-8825-455f-973d-6b4df85dc696 has been successfully formatted.
2020-07-09 05:16:34,401 [pool-607-thread-1] INFO  ratis.ContainerStateMachine (ContainerStateMachine.java:loadSnapshot(225)) - group-6B4DF85DC696: The snapshot info is null. Setting the last applied indexto:(t:0, i:~)
2020-07-09 05:16:34,401 [pool-607-thread-1] INFO  server.RaftServerConfigKeys (ConfUtils.java:logGet(44)) - raft.server.notification.no-leader.timeout = 60s (default)
2020-07-09 05:16:34,401 [pool-607-thread-1] INFO  server.RaftServerConfigKeys (ConfUtils.java:logGet(44)) - raft.server.log.use.memory = false (default)
2020-07-09 05:16:34,401 [pool-607-thread-1] INFO  server.RaftServerConfigKeys (ConfUtils.java:logGet(44)) - raft.server.log.purge.gap = 1000000 (custom)
2020-07-09 05:16:34,401 [EventQueue-PipelineReportForPipelineReportHandler] INFO  pipeline.PipelineStateManager (PipelineStateManager.java:openPipeline(131)) - Pipeline Pipeline[ Id: 50e6acbb-d0f3-4b03-b303-fffa46e2e616, Nodes: abef050d-a82e-4e4e-a507-6d1aa68ef9be{ip: 172.17.0.2, host: 787407461a64, networkLocation: /default-rack, certSerialId: null}, Type:RATIS, Factor:ONE, State:ALLOCATED, leaderId:abef050d-a82e-4e4e-a507-6d1aa68ef9be, CreationTimestamp2020-07-09T05:16:31.386Z] moved to OPEN state
2020-07-09 05:16:34,401 [pool-607-thread-1] INFO  server.RaftServerConfigKeys (ConfUtils.java:logGet(44)) - raft.server.log.appender.buffer.byte-limit = 33554432 (custom)
2020-07-09 05:16:34,402 [EventQueue-OpenPipelineForHealthyPipelineSafeModeRule] INFO  safemode.SCMSafeModeManager (HealthyPipelineSafeModeRule.java:process(129)) - SCM in safe mode. Healthy pipelines reported count is 0, required healthy pipeline reported count is 1
2020-07-09 05:16:34,401 [EventQueue-OpenPipelineForOneReplicaPipelineSafeModeRule] INFO  safemode.SCMSafeModeManager (SCMSafeModeManager.java:validateSafeModeExitRules(214)) - AtleastOneDatanodeReportedRule rule is successfully validated
2020-07-09 05:16:34,402 [pool-607-thread-1] INFO  server.RaftServerConfigKeys (ConfUtils.java:logGet(44)) - raft.server.log.segment.size.max = 1048576 (custom)
2020-07-09 05:16:34,402 [pool-607-thread-1] INFO  metrics.RatisMetrics (RatisMetrics.java:lambda$create$0(36)) - Creating Metrics Registry : ratis.log_worker.abef050d-a82e-4e4e-a507-6d1aa68ef9be@group-6B4DF85DC696
2020-07-09 05:16:34,402 [pool-607-thread-1] INFO  server.RaftServerConfigKeys (ConfUtils.java:logGet(44)) - raft.server.log.segment.cache.num.max = 2 (custom)
2020-07-09 05:16:34,402 [pool-607-thread-1] INFO  segmented.SegmentedRaftLogWorker (SegmentedRaftLogWorker.java:<init>(180)) - new abef050d-a82e-4e4e-a507-6d1aa68ef9be@group-6B4DF85DC696-SegmentedRaftLogWorker for RaftStorage:Storage Directory /github/workspace/mnt/ozone/hadoop-ozone/integration-test/target/test-dir/MiniOzoneClusterImpl-d071943e-99b5-4a6b-9dcd-d6487b458803/datanode-7/data/ratis/e233d869-8825-455f-973d-6b4df85dc696
2020-07-09 05:16:34,402 [pool-607-thread-1] INFO  server.RaftServerConfigKeys (ConfUtils.java:logGet(44)) - raft.server.log.queue.byte-limit = 2147483647 (custom)
2020-07-09 05:16:34,403 [pool-607-thread-1] INFO  server.RaftServerConfigKeys (ConfUtils.java:logGet(44)) - raft.server.log.queue.element-limit = 1024 (custom)
2020-07-09 05:16:34,403 [pool-607-thread-1] INFO  server.RaftServerConfigKeys (ConfUtils.java:logGet(44)) - raft.server.log.segment.size.max = 1048576 (custom)
2020-07-09 05:16:34,403 [pool-607-thread-1] INFO  server.RaftServerConfigKeys (ConfUtils.java:logGet(44)) - raft.server.log.preallocated.size = 16384 (custom)
2020-07-09 05:16:34,403 [pool-607-thread-1] INFO  server.RaftServerConfigKeys (ConfUtils.java:logGet(44)) - raft.server.log.write.buffer.size = 1048576 (custom)
2020-07-09 05:16:34,403 [pool-607-thread-1] INFO  server.RaftServerConfigKeys (ConfUtils.java:logGet(44)) - raft.server.log.force.sync.num = 128 (default)
2020-07-09 05:16:34,403 [pool-607-thread-1] INFO  server.RaftServerConfigKeys (ConfUtils.java:logGet(44)) - raft.server.log.statemachine.data.sync = true (default)
2020-07-09 05:16:34,403 [pool-607-thread-1] INFO  server.RaftServerConfigKeys (ConfUtils.java:logGet(44)) - raft.server.log.statemachine.data.sync.timeout = 10s (default)
2020-07-09 05:16:34,403 [pool-607-thread-1] INFO  server.RaftServerConfigKeys (ConfUtils.java:logGet(44)) - raft.server.log.statemachine.data.sync.timeout.retry = -1 (default)
2020-07-09 05:16:34,406 [pool-607-thread-1] INFO  server.RaftServerConfigKeys (ConfUtils.java:logGet(44)) - raft.server.log.statemachine.data.caching.enabled = true (custom)
2020-07-09 05:16:34,409 [pool-607-thread-1] INFO  segmented.SegmentedRaftLogWorker (SegmentedRaftLogWorker.java:lambda$new$0(129)) - abef050d-a82e-4e4e-a507-6d1aa68ef9be@group-6B4DF85DC696-SegmentedRaftLogWorker: flushIndex: setUnconditionally 0 -> -1
2020-07-09 05:16:34,409 [pool-607-thread-1] INFO  segmented.SegmentedRaftLogWorker (SegmentedRaftLogWorker.java:lambda$new$0(129)) - abef050d-a82e-4e4e-a507-6d1aa68ef9be@group-6B4DF85DC696-SegmentedRaftLogWorker: safeCacheEvictIndex: setUnconditionally 0 -> -1
2020-07-09 05:16:34,413 [pool-607-thread-1] INFO  server.RaftServerConfigKeys (ConfUtils.java:logGet(44)) - raft.server.snapshot.auto.trigger.enabled = true (custom)
2020-07-09 05:16:34,413 [pool-607-thread-1] INFO  server.RaftServerConfigKeys (ConfUtils.java:logGet(44)) - raft.server.snapshot.auto.trigger.threshold = 10000 (custom)
2020-07-09 05:16:34,413 [pool-607-thread-1] INFO  server.RaftServerConfigKeys (ConfUtils.java:logGet(44)) - raft.server.snapshot.retention.file.num = 5 (custom)
2020-07-09 05:16:34,413 [pool-607-thread-1] INFO  server.RaftServerConfigKeys (ConfUtils.java:logGet(44)) - raft.server.log.purge.upto.snapshot.index = false (default)
2020-07-09 05:16:34,413 [pool-607-thread-1] INFO  server.RaftServerConfigKeys (ConfUtils.java:logGet(44)) - raft.server.retrycache.expirytime = 600000ms (custom)
2020-07-09 05:16:34,413 [pool-607-thread-1] INFO  metrics.RatisMetrics (RatisMetrics.java:lambda$create$0(36)) - Creating Metrics Registry : ratis.leader_election.abef050d-a82e-4e4e-a507-6d1aa68ef9be@group-6B4DF85DC696
2020-07-09 05:16:34,415 [pool-607-thread-1] INFO  metrics.RatisMetrics (RatisMetrics.java:lambda$create$0(36)) - Creating Metrics Registry : ratis.server.abef050d-a82e-4e4e-a507-6d1aa68ef9be@group-6B4DF85DC696
2020-07-09 05:16:34,417 [pool-607-thread-1] INFO  impl.RaftServerImpl (RaftServerImpl.java:<init>(99)) - abef050d-a82e-4e4e-a507-6d1aa68ef9be: new RaftServerImpl for group-FFFA46E2E616:[abef050d-a82e-4e4e-a507-6d1aa68ef9be:172.17.0.2:40691] with ContainerStateMachine:uninitialized
2020-07-09 05:16:34,417 [pool-607-thread-1] INFO  server.RaftServerConfigKeys (ConfUtils.java:logGet(44)) - raft.server.rpc.timeout.min = 5s (custom)
2020-07-09 05:16:34,417 [pool-607-thread-1] INFO  server.RaftServerConfigKeys (ConfUtils.java:logGet(44)) - raft.server.rpc.timeout.max = 5200ms (custom)
2020-07-09 05:16:34,417 [pool-607-thread-1] INFO  server.RaftServerConfigKeys (ConfUtils.java:logGet(44)) - raft.server.rpcslowness.timeout = 300000ms (custom)
2020-07-09 05:16:34,417 [pool-607-thread-1] INFO  server.RaftServerConfigKeys (ConfUtils.java:logGet(44)) - raft.server.sleep.deviation.threshold = 300 (default)
2020-07-09 05:16:34,417 [pool-607-thread-1] INFO  server.RaftServerConfigKeys (ConfUtils.java:logGet(44)) - raft.server.log.appender.install.snapshot.enabled = false (custom)
2020-07-09 05:16:34,419 [Listener at 127.0.0.1/38375] INFO  ozone.MiniOzoneClusterImpl (MiniOzoneClusterImpl.java:lambda$waitForClusterToBeReady$0(177)) - Nodes are ready. Got 9 of 9 DN Heartbeats.
2020-07-09 05:16:34,422 [Listener at 127.0.0.1/38375] INFO  ozone.MiniOzoneClusterImpl (MiniOzoneClusterImpl.java:lambda$waitForClusterToBeReady$0(180)) - Waiting for cluster to exit safe mode
2020-07-09 05:16:34,418 [pool-622-thread-1] INFO  impl.RaftServerImpl (RaftServerImpl.java:<init>(99)) - 27f474ea-0df6-408b-94fb-c9f4a4ae0481: new RaftServerImpl for group-B01670CE27A6:[27f474ea-0df6-408b-94fb-c9f4a4ae0481:172.17.0.2:37823] with ContainerStateMachine:uninitialized
2020-07-09 05:16:34,417 [Command processor thread] INFO  impl.RaftServerProxy (RaftServerProxy.java:addNew(89)) - 27f474ea-0df6-408b-94fb-c9f4a4ae0481: addNew group-B01670CE27A6:[27f474ea-0df6-408b-94fb-c9f4a4ae0481:172.17.0.2:37823] returns group-B01670CE27A6:java.util.concurrent.CompletableFuture@7d8b093f[Not completed]
2020-07-09 05:16:34,422 [pool-622-thread-1] INFO  server.RaftServerConfigKeys (ConfUtils.java:logGet(44)) - raft.server.rpc.timeout.min = 5s (custom)
2020-07-09 05:16:34,422 [pool-622-thread-1] INFO  server.RaftServerConfigKeys (ConfUtils.java:logGet(44)) - raft.server.rpc.timeout.max = 5200ms (custom)
2020-07-09 05:16:34,422 [pool-622-thread-1] INFO  server.RaftServerConfigKeys (ConfUtils.java:logGet(44)) - raft.server.rpcslowness.timeout = 300000ms (custom)
2020-07-09 05:16:34,423 [pool-622-thread-1] INFO  server.RaftServerConfigKeys (ConfUtils.java:logGet(44)) - raft.server.sleep.deviation.threshold = 300 (default)
2020-07-09 05:16:34,423 [pool-622-thread-1] INFO  server.RaftServerConfigKeys (ConfUtils.java:logGet(44)) - raft.server.log.appender.install.snapshot.enabled = false (custom)
2020-07-09 05:16:34,423 [pool-622-thread-1] INFO  impl.RaftServerImpl (ServerState.java:<init>(103)) - 27f474ea-0df6-408b-94fb-c9f4a4ae0481@group-B01670CE27A6: ConfigurationManager, init=-1: [27f474ea-0df6-408b-94fb-c9f4a4ae0481:172.17.0.2:37823], old=null, confs=<EMPTY_MAP>
2020-07-09 05:16:34,423 [pool-622-thread-1] INFO  server.RaftServerConfigKeys (ConfUtils.java:logGet(44)) - raft.server.storage.dir = [/github/workspace/mnt/ozone/hadoop-ozone/integration-test/target/test-dir/MiniOzoneClusterImpl-d071943e-99b5-4a6b-9dcd-d6487b458803/datanode-8/data/ratis] (custom)
2020-07-09 05:16:34,423 [pool-622-thread-1] INFO  server.RaftServerConfigKeys (ConfUtils.java:logGet(44)) - raft.server.log.corruption.policy = EXCEPTION (default)
2020-07-09 05:16:34,423 [pool-622-thread-1] INFO  storage.RaftStorageDirectory (RaftStorageDirectory.java:analyzeStorage(261)) - The storage directory /github/workspace/mnt/ozone/hadoop-ozone/integration-test/target/test-dir/MiniOzoneClusterImpl-d071943e-99b5-4a6b-9dcd-d6487b458803/datanode-8/data/ratis/e3af85a4-f738-42db-952b-b01670ce27a6 does not exist. Creating ...
2020-07-09 05:16:34,423 [pool-607-thread-1] INFO  impl.RaftServerImpl (ServerState.java:<init>(103)) - abef050d-a82e-4e4e-a507-6d1aa68ef9be@group-FFFA46E2E616: ConfigurationManager, init=-1: [abef050d-a82e-4e4e-a507-6d1aa68ef9be:172.17.0.2:40691], old=null, confs=<EMPTY_MAP>
2020-07-09 05:16:34,424 [pool-607-thread-1] INFO  server.RaftServerConfigKeys (ConfUtils.java:logGet(44)) - raft.server.storage.dir = [/github/workspace/mnt/ozone/hadoop-ozone/integration-test/target/test-dir/MiniOzoneClusterImpl-d071943e-99b5-4a6b-9dcd-d6487b458803/datanode-7/data/ratis] (custom)
2020-07-09 05:16:34,424 [pool-622-thread-1] INFO  storage.RaftStorageDirectory (RaftStorageDirectory.java:tryLock(343)) - Lock on /github/workspace/mnt/ozone/hadoop-ozone/integration-test/target/test-dir/MiniOzoneClusterImpl-d071943e-99b5-4a6b-9dcd-d6487b458803/datanode-8/data/ratis/e3af85a4-f738-42db-952b-b01670ce27a6/in_use.lock acquired by nodename 3510@787407461a64
2020-07-09 05:16:34,425 [pool-607-thread-1] INFO  server.RaftServerConfigKeys (ConfUtils.java:logGet(44)) - raft.server.log.corruption.policy = EXCEPTION (default)
2020-07-09 05:16:34,425 [pool-607-thread-1] INFO  storage.RaftStorageDirectory (RaftStorageDirectory.java:analyzeStorage(261)) - The storage directory /github/workspace/mnt/ozone/hadoop-ozone/integration-test/target/test-dir/MiniOzoneClusterImpl-d071943e-99b5-4a6b-9dcd-d6487b458803/datanode-7/data/ratis/50e6acbb-d0f3-4b03-b303-fffa46e2e616 does not exist. Creating ...
2020-07-09 05:16:34,425 [pool-622-thread-1] INFO  storage.RaftStorage (RaftStorage.java:format(84)) - Storage directory /github/workspace/mnt/ozone/hadoop-ozone/integration-test/target/test-dir/MiniOzoneClusterImpl-d071943e-99b5-4a6b-9dcd-d6487b458803/datanode-8/data/ratis/e3af85a4-f738-42db-952b-b01670ce27a6 has been successfully formatted.
2020-07-09 05:16:34,425 [pool-622-thread-1] INFO  ratis.ContainerStateMachine (ContainerStateMachine.java:loadSnapshot(225)) - group-B01670CE27A6: The snapshot info is null. Setting the last applied indexto:(t:0, i:~)
2020-07-09 05:16:34,425 [pool-622-thread-1] INFO  server.RaftServerConfigKeys (ConfUtils.java:logGet(44)) - raft.server.notification.no-leader.timeout = 60s (default)
2020-07-09 05:16:34,425 [pool-622-thread-1] INFO  server.RaftServerConfigKeys (ConfUtils.java:logGet(44)) - raft.server.log.use.memory = false (default)
2020-07-09 05:16:34,425 [pool-622-thread-1] INFO  server.RaftServerConfigKeys (ConfUtils.java:logGet(44)) - raft.server.log.purge.gap = 1000000 (custom)
2020-07-09 05:16:34,425 [pool-622-thread-1] INFO  server.RaftServerConfigKeys (ConfUtils.java:logGet(44)) - raft.server.log.appender.buffer.byte-limit = 33554432 (custom)
2020-07-09 05:16:34,426 [pool-622-thread-1] INFO  server.RaftServerConfigKeys (ConfUtils.java:logGet(44)) - raft.server.log.segment.size.max = 1048576 (custom)
2020-07-09 05:16:34,426 [pool-622-thread-1] INFO  metrics.RatisMetrics (RatisMetrics.java:lambda$create$0(36)) - Creating Metrics Registry : ratis.log_worker.27f474ea-0df6-408b-94fb-c9f4a4ae0481@group-B01670CE27A6
2020-07-09 05:16:34,426 [pool-622-thread-1] INFO  server.RaftServerConfigKeys (ConfUtils.java:logGet(44)) - raft.server.log.segment.cache.num.max = 2 (custom)
2020-07-09 05:16:34,426 [pool-622-thread-1] INFO  segmented.SegmentedRaftLogWorker (SegmentedRaftLogWorker.java:<init>(180)) - new 27f474ea-0df6-408b-94fb-c9f4a4ae0481@group-B01670CE27A6-SegmentedRaftLogWorker for RaftStorage:Storage Directory /github/workspace/mnt/ozone/hadoop-ozone/integration-test/target/test-dir/MiniOzoneClusterImpl-d071943e-99b5-4a6b-9dcd-d6487b458803/datanode-8/data/ratis/e3af85a4-f738-42db-952b-b01670ce27a6
2020-07-09 05:16:34,426 [EventQueue-PipelineReportForPipelineReportHandler] INFO  pipeline.PipelineStateManager (PipelineStateManager.java:openPipeline(131)) - Pipeline Pipeline[ Id: e3af85a4-f738-42db-952b-b01670ce27a6, Nodes: 27f474ea-0df6-408b-94fb-c9f4a4ae0481{ip: 172.17.0.2, host: 787407461a64, networkLocation: /default-rack, certSerialId: null}, Type:RATIS, Factor:ONE, State:ALLOCATED, leaderId:27f474ea-0df6-408b-94fb-c9f4a4ae0481, CreationTimestamp2020-07-09T05:16:31.418Z] moved to OPEN state
2020-07-09 05:16:34,426 [pool-622-thread-1] INFO  server.RaftServerConfigKeys (ConfUtils.java:logGet(44)) - raft.server.log.queue.byte-limit = 2147483647 (custom)
2020-07-09 05:16:34,426 [EventQueue-OpenPipelineForOneReplicaPipelineSafeModeRule] INFO  safemode.SCMSafeModeManager (SCMSafeModeManager.java:validateSafeModeExitRules(214)) - AtleastOneDatanodeReportedRule rule is successfully validated
2020-07-09 05:16:34,426 [EventQueue-OpenPipelineForHealthyPipelineSafeModeRule] INFO  safemode.SCMSafeModeManager (HealthyPipelineSafeModeRule.java:process(129)) - SCM in safe mode. Healthy pipelines reported count is 0, required healthy pipeline reported count is 1
2020-07-09 05:16:34,426 [pool-622-thread-1] INFO  server.RaftServerConfigKeys (ConfUtils.java:logGet(44)) - raft.server.log.queue.element-limit = 1024 (custom)
2020-07-09 05:16:34,426 [pool-622-thread-1] INFO  server.RaftServerConfigKeys (ConfUtils.java:logGet(44)) - raft.server.log.segment.size.max = 1048576 (custom)
2020-07-09 05:16:34,427 [pool-622-thread-1] INFO  server.RaftServerConfigKeys (ConfUtils.java:logGet(44)) - raft.server.log.preallocated.size = 16384 (custom)
2020-07-09 05:16:34,427 [pool-622-thread-1] INFO  server.RaftServerConfigKeys (ConfUtils.java:logGet(44)) - raft.server.log.write.buffer.size = 1048576 (custom)
2020-07-09 05:16:34,427 [pool-622-thread-1] INFO  server.RaftServerConfigKeys (ConfUtils.java:logGet(44)) - raft.server.log.force.sync.num = 128 (default)
2020-07-09 05:16:34,427 [pool-622-thread-1] INFO  server.RaftServerConfigKeys (ConfUtils.java:logGet(44)) - raft.server.log.statemachine.data.sync = true (default)
2020-07-09 05:16:34,427 [pool-622-thread-1] INFO  server.RaftServerConfigKeys (ConfUtils.java:logGet(44)) - raft.server.log.statemachine.data.sync.timeout = 10s (default)
2020-07-09 05:16:34,427 [pool-622-thread-1] INFO  server.RaftServerConfigKeys (ConfUtils.java:logGet(44)) - raft.server.log.statemachine.data.sync.timeout.retry = -1 (default)
2020-07-09 05:16:34,429 [pool-622-thread-1] INFO  server.RaftServerConfigKeys (ConfUtils.java:logGet(44)) - raft.server.log.statemachine.data.caching.enabled = true (custom)
2020-07-09 05:16:34,429 [pool-622-thread-1] INFO  segmented.SegmentedRaftLogWorker (SegmentedRaftLogWorker.java:lambda$new$0(129)) - 27f474ea-0df6-408b-94fb-c9f4a4ae0481@group-B01670CE27A6-SegmentedRaftLogWorker: flushIndex: setUnconditionally 0 -> -1
2020-07-09 05:16:34,430 [pool-622-thread-1] INFO  segmented.SegmentedRaftLogWorker (SegmentedRaftLogWorker.java:lambda$new$0(129)) - 27f474ea-0df6-408b-94fb-c9f4a4ae0481@group-B01670CE27A6-SegmentedRaftLogWorker: safeCacheEvictIndex: setUnconditionally 0 -> -1
2020-07-09 05:16:34,430 [pool-622-thread-1] INFO  server.RaftServerConfigKeys (ConfUtils.java:logGet(44)) - raft.server.snapshot.auto.trigger.enabled = true (custom)
2020-07-09 05:16:34,430 [pool-622-thread-1] INFO  server.RaftServerConfigKeys (ConfUtils.java:logGet(44)) - raft.server.snapshot.auto.trigger.threshold = 10000 (custom)
2020-07-09 05:16:34,430 [pool-622-thread-1] INFO  server.RaftServerConfigKeys (ConfUtils.java:logGet(44)) - raft.server.snapshot.retention.file.num = 5 (custom)
2020-07-09 05:16:34,430 [pool-622-thread-1] INFO  server.RaftServerConfigKeys (ConfUtils.java:logGet(44)) - raft.server.log.purge.upto.snapshot.index = false (default)
2020-07-09 05:16:34,431 [pool-622-thread-1] INFO  server.RaftServerConfigKeys (ConfUtils.java:logGet(44)) - raft.server.retrycache.expirytime = 600000ms (custom)
2020-07-09 05:16:34,431 [pool-622-thread-1] INFO  metrics.RatisMetrics (RatisMetrics.java:lambda$create$0(36)) - Creating Metrics Registry : ratis.leader_election.27f474ea-0df6-408b-94fb-c9f4a4ae0481@group-B01670CE27A6
2020-07-09 05:16:34,431 [pool-607-thread-1] INFO  storage.RaftStorageDirectory (RaftStorageDirectory.java:tryLock(343)) - Lock on /github/workspace/mnt/ozone/hadoop-ozone/integration-test/target/test-dir/MiniOzoneClusterImpl-d071943e-99b5-4a6b-9dcd-d6487b458803/datanode-7/data/ratis/50e6acbb-d0f3-4b03-b303-fffa46e2e616/in_use.lock acquired by nodename 3510@787407461a64
2020-07-09 05:16:34,432 [pool-622-thread-1] INFO  metrics.RatisMetrics (RatisMetrics.java:lambda$create$0(36)) - Creating Metrics Registry : ratis.server.27f474ea-0df6-408b-94fb-c9f4a4ae0481@group-B01670CE27A6
2020-07-09 05:16:34,432 [pool-607-thread-1] INFO  storage.RaftStorage (RaftStorage.java:format(84)) - Storage directory /github/workspace/mnt/ozone/hadoop-ozone/integration-test/target/test-dir/MiniOzoneClusterImpl-d071943e-99b5-4a6b-9dcd-d6487b458803/datanode-7/data/ratis/50e6acbb-d0f3-4b03-b303-fffa46e2e616 has been successfully formatted.
2020-07-09 05:16:34,433 [pool-607-thread-1] INFO  ratis.ContainerStateMachine (ContainerStateMachine.java:loadSnapshot(225)) - group-FFFA46E2E616: The snapshot info is null. Setting the last applied indexto:(t:0, i:~)
2020-07-09 05:16:34,438 [pool-607-thread-1] INFO  server.RaftServerConfigKeys (ConfUtils.java:logGet(44)) - raft.server.notification.no-leader.timeout = 60s (default)
2020-07-09 05:16:34,438 [pool-607-thread-1] INFO  server.RaftServerConfigKeys (ConfUtils.java:logGet(44)) - raft.server.log.use.memory = false (default)
2020-07-09 05:16:34,439 [pool-607-thread-1] INFO  server.RaftServerConfigKeys (ConfUtils.java:logGet(44)) - raft.server.log.purge.gap = 1000000 (custom)
2020-07-09 05:16:34,439 [pool-607-thread-1] INFO  server.RaftServerConfigKeys (ConfUtils.java:logGet(44)) - raft.server.log.appender.buffer.byte-limit = 33554432 (custom)
2020-07-09 05:16:34,439 [pool-607-thread-1] INFO  server.RaftServerConfigKeys (ConfUtils.java:logGet(44)) - raft.server.log.segment.size.max = 1048576 (custom)
2020-07-09 05:16:34,439 [pool-607-thread-1] INFO  metrics.RatisMetrics (RatisMetrics.java:lambda$create$0(36)) - Creating Metrics Registry : ratis.log_worker.abef050d-a82e-4e4e-a507-6d1aa68ef9be@group-FFFA46E2E616
2020-07-09 05:16:34,440 [pool-607-thread-1] INFO  server.RaftServerConfigKeys (ConfUtils.java:logGet(44)) - raft.server.log.segment.cache.num.max = 2 (custom)
2020-07-09 05:16:34,440 [pool-607-thread-1] INFO  segmented.SegmentedRaftLogWorker (SegmentedRaftLogWorker.java:<init>(180)) - new abef050d-a82e-4e4e-a507-6d1aa68ef9be@group-FFFA46E2E616-SegmentedRaftLogWorker for RaftStorage:Storage Directory /github/workspace/mnt/ozone/hadoop-ozone/integration-test/target/test-dir/MiniOzoneClusterImpl-d071943e-99b5-4a6b-9dcd-d6487b458803/datanode-7/data/ratis/50e6acbb-d0f3-4b03-b303-fffa46e2e616
2020-07-09 05:16:34,440 [pool-607-thread-1] INFO  server.RaftServerConfigKeys (ConfUtils.java:logGet(44)) - raft.server.log.queue.byte-limit = 2147483647 (custom)
2020-07-09 05:16:34,440 [pool-607-thread-1] INFO  server.RaftServerConfigKeys (ConfUtils.java:logGet(44)) - raft.server.log.queue.element-limit = 1024 (custom)
2020-07-09 05:16:34,440 [pool-607-thread-1] INFO  server.RaftServerConfigKeys (ConfUtils.java:logGet(44)) - raft.server.log.segment.size.max = 1048576 (custom)
2020-07-09 05:16:34,440 [pool-607-thread-1] INFO  server.RaftServerConfigKeys (ConfUtils.java:logGet(44)) - raft.server.log.preallocated.size = 16384 (custom)
2020-07-09 05:16:34,440 [pool-607-thread-1] INFO  server.RaftServerConfigKeys (ConfUtils.java:logGet(44)) - raft.server.log.write.buffer.size = 1048576 (custom)
2020-07-09 05:16:34,440 [pool-607-thread-1] INFO  server.RaftServerConfigKeys (ConfUtils.java:logGet(44)) - raft.server.log.force.sync.num = 128 (default)
2020-07-09 05:16:34,440 [pool-607-thread-1] INFO  server.RaftServerConfigKeys (ConfUtils.java:logGet(44)) - raft.server.log.statemachine.data.sync = true (default)
2020-07-09 05:16:34,440 [pool-607-thread-1] INFO  server.RaftServerConfigKeys (ConfUtils.java:logGet(44)) - raft.server.log.statemachine.data.sync.timeout = 10s (default)
2020-07-09 05:16:34,441 [pool-607-thread-1] INFO  server.RaftServerConfigKeys (ConfUtils.java:logGet(44)) - raft.server.log.statemachine.data.sync.timeout.retry = -1 (default)
2020-07-09 05:16:34,439 [pool-622-thread-1] INFO  impl.RaftServerImpl (RaftServerImpl.java:start(186)) - 27f474ea-0df6-408b-94fb-c9f4a4ae0481@group-B01670CE27A6: start as a follower, conf=-1: [27f474ea-0df6-408b-94fb-c9f4a4ae0481:172.17.0.2:37823], old=null
2020-07-09 05:16:34,441 [pool-622-thread-1] INFO  impl.RaftServerImpl (RaftServerImpl.java:setRole(175)) - 27f474ea-0df6-408b-94fb-c9f4a4ae0481@group-B01670CE27A6: changes role from      null to FOLLOWER at term 0 for startAsFollower
2020-07-09 05:16:34,441 [pool-622-thread-1] INFO  impl.RoleInfo (RoleInfo.java:updateAndGet(143)) - 27f474ea-0df6-408b-94fb-c9f4a4ae0481: start FollowerState
2020-07-09 05:16:34,444 [pool-607-thread-1] INFO  server.RaftServerConfigKeys (ConfUtils.java:logGet(44)) - raft.server.log.statemachine.data.caching.enabled = true (custom)
2020-07-09 05:16:34,444 [pool-607-thread-1] INFO  segmented.SegmentedRaftLogWorker (SegmentedRaftLogWorker.java:lambda$new$0(129)) - abef050d-a82e-4e4e-a507-6d1aa68ef9be@group-FFFA46E2E616-SegmentedRaftLogWorker: flushIndex: setUnconditionally 0 -> -1
2020-07-09 05:16:34,444 [pool-607-thread-1] INFO  segmented.SegmentedRaftLogWorker (SegmentedRaftLogWorker.java:lambda$new$0(129)) - abef050d-a82e-4e4e-a507-6d1aa68ef9be@group-FFFA46E2E616-SegmentedRaftLogWorker: safeCacheEvictIndex: setUnconditionally 0 -> -1
2020-07-09 05:16:34,444 [pool-622-thread-1] INFO  util.JmxRegister (JmxRegister.java:tryRegister(44)) - Successfully registered JMX Bean with object name Ratis:service=RaftServer,group=group-B01670CE27A6,id=27f474ea-0df6-408b-94fb-c9f4a4ae0481
2020-07-09 05:16:34,444 [pool-622-thread-1] INFO  metrics.RatisMetrics (RatisMetrics.java:lambda$create$0(36)) - Creating Metrics Registry : ratis.state_machine.27f474ea-0df6-408b-94fb-c9f4a4ae0481@group-B01670CE27A6
2020-07-09 05:16:34,446 [Command processor thread] INFO  commandhandler.CreatePipelineCommandHandler (CreatePipelineCommandHandler.java:handle(109)) - Created Pipeline RATIS ONE #id: "e3af85a4-f738-42db-952b-b01670ce27a6"
uuid128 {
  mostSigBits: -2040265162606755109
  leastSigBits: -7697865527631403098
}
.
2020-07-09 05:16:34,446 [pool-607-thread-1] INFO  server.RaftServerConfigKeys (ConfUtils.java:logGet(44)) - raft.server.snapshot.auto.trigger.enabled = true (custom)
2020-07-09 05:16:34,446 [pool-607-thread-1] INFO  server.RaftServerConfigKeys (ConfUtils.java:logGet(44)) - raft.server.snapshot.auto.trigger.threshold = 10000 (custom)
2020-07-09 05:16:34,446 [pool-607-thread-1] INFO  server.RaftServerConfigKeys (ConfUtils.java:logGet(44)) - raft.server.snapshot.retention.file.num = 5 (custom)
2020-07-09 05:16:34,446 [pool-607-thread-1] INFO  server.RaftServerConfigKeys (ConfUtils.java:logGet(44)) - raft.server.log.purge.upto.snapshot.index = false (default)
2020-07-09 05:16:34,446 [pool-607-thread-1] INFO  server.RaftServerConfigKeys (ConfUtils.java:logGet(44)) - raft.server.retrycache.expirytime = 600000ms (custom)
2020-07-09 05:16:34,446 [pool-607-thread-1] INFO  metrics.RatisMetrics (RatisMetrics.java:lambda$create$0(36)) - Creating Metrics Registry : ratis.leader_election.abef050d-a82e-4e4e-a507-6d1aa68ef9be@group-FFFA46E2E616
2020-07-09 05:16:34,447 [pool-607-thread-1] INFO  metrics.RatisMetrics (RatisMetrics.java:lambda$create$0(36)) - Creating Metrics Registry : ratis.server.abef050d-a82e-4e4e-a507-6d1aa68ef9be@group-FFFA46E2E616
2020-07-09 05:16:34,449 [pool-607-thread-1] INFO  impl.RaftServerImpl (RaftServerImpl.java:start(186)) - abef050d-a82e-4e4e-a507-6d1aa68ef9be@group-6B4DF85DC696: start as a follower, conf=-1: [abef050d-a82e-4e4e-a507-6d1aa68ef9be:172.17.0.2:40691, 46ae9337-5f88-408a-bb8b-c1fbd2583d1a:172.17.0.2:40565, 27f474ea-0df6-408b-94fb-c9f4a4ae0481:172.17.0.2:37823], old=null
2020-07-09 05:16:34,450 [pool-607-thread-1] INFO  impl.RaftServerImpl (RaftServerImpl.java:setRole(175)) - abef050d-a82e-4e4e-a507-6d1aa68ef9be@group-6B4DF85DC696: changes role from      null to FOLLOWER at term 0 for startAsFollower
2020-07-09 05:16:34,450 [pool-607-thread-1] INFO  impl.RoleInfo (RoleInfo.java:updateAndGet(143)) - abef050d-a82e-4e4e-a507-6d1aa68ef9be: start FollowerState
2020-07-09 05:16:34,450 [pool-607-thread-1] INFO  util.JmxRegister (JmxRegister.java:tryRegister(44)) - Successfully registered JMX Bean with object name Ratis:service=RaftServer,group=group-6B4DF85DC696,id=abef050d-a82e-4e4e-a507-6d1aa68ef9be
2020-07-09 05:16:34,450 [pool-607-thread-1] INFO  metrics.RatisMetrics (RatisMetrics.java:lambda$create$0(36)) - Creating Metrics Registry : ratis.state_machine.abef050d-a82e-4e4e-a507-6d1aa68ef9be@group-6B4DF85DC696
2020-07-09 05:16:34,451 [pool-607-thread-1] INFO  impl.RaftServerImpl (RaftServerImpl.java:start(186)) - abef050d-a82e-4e4e-a507-6d1aa68ef9be@group-FFFA46E2E616: start as a follower, conf=-1: [abef050d-a82e-4e4e-a507-6d1aa68ef9be:172.17.0.2:40691], old=null
2020-07-09 05:16:34,451 [pool-607-thread-1] INFO  impl.RaftServerImpl (RaftServerImpl.java:setRole(175)) - abef050d-a82e-4e4e-a507-6d1aa68ef9be@group-FFFA46E2E616: changes role from      null to FOLLOWER at term 0 for startAsFollower
2020-07-09 05:16:34,451 [pool-607-thread-1] INFO  impl.RoleInfo (RoleInfo.java:updateAndGet(143)) - abef050d-a82e-4e4e-a507-6d1aa68ef9be: start FollowerState
2020-07-09 05:16:34,453 [pool-607-thread-1] INFO  util.JmxRegister (JmxRegister.java:tryRegister(44)) - Successfully registered JMX Bean with object name Ratis:service=RaftServer,group=group-FFFA46E2E616,id=abef050d-a82e-4e4e-a507-6d1aa68ef9be
2020-07-09 05:16:34,453 [pool-607-thread-1] INFO  metrics.RatisMetrics (RatisMetrics.java:lambda$create$0(36)) - Creating Metrics Registry : ratis.state_machine.abef050d-a82e-4e4e-a507-6d1aa68ef9be@group-FFFA46E2E616
2020-07-09 05:16:34,454 [Command processor thread] INFO  commandhandler.CreatePipelineCommandHandler (CreatePipelineCommandHandler.java:handle(109)) - Created Pipeline RATIS ONE #id: "50e6acbb-d0f3-4b03-b303-fffa46e2e616"
uuid128 {
  mostSigBits: 5829536690342152963
  leastSigBits: -5547308865594137066
}
.
2020-07-09 05:16:34,468 [Command processor thread] INFO  commandhandler.CreatePipelineCommandHandler (CreatePipelineCommandHandler.java:handle(109)) - Created Pipeline RATIS THREE #id: "e233d869-8825-455f-973d-6b4df85dc696"
uuid128 {
  mostSigBits: -2147134649558284961
  leastSigBits: -7548759417779534186
}
.
2020-07-09 05:16:35,422 [Listener at 127.0.0.1/38375] INFO  ozone.MiniOzoneClusterImpl (MiniOzoneClusterImpl.java:lambda$waitForClusterToBeReady$0(177)) - Nodes are ready. Got 9 of 9 DN Heartbeats.
2020-07-09 05:16:35,422 [Listener at 127.0.0.1/38375] INFO  ozone.MiniOzoneClusterImpl (MiniOzoneClusterImpl.java:lambda$waitForClusterToBeReady$0(180)) - Waiting for cluster to exit safe mode
2020-07-09 05:16:36,422 [Listener at 127.0.0.1/38375] INFO  ozone.MiniOzoneClusterImpl (MiniOzoneClusterImpl.java:lambda$waitForClusterToBeReady$0(177)) - Nodes are ready. Got 9 of 9 DN Heartbeats.
2020-07-09 05:16:36,422 [Listener at 127.0.0.1/38375] INFO  ozone.MiniOzoneClusterImpl (MiniOzoneClusterImpl.java:lambda$waitForClusterToBeReady$0(180)) - Waiting for cluster to exit safe mode
2020-07-09 05:16:37,423 [Listener at 127.0.0.1/38375] INFO  ozone.MiniOzoneClusterImpl (MiniOzoneClusterImpl.java:lambda$waitForClusterToBeReady$0(177)) - Nodes are ready. Got 9 of 9 DN Heartbeats.
2020-07-09 05:16:37,423 [Listener at 127.0.0.1/38375] INFO  ozone.MiniOzoneClusterImpl (MiniOzoneClusterImpl.java:lambda$waitForClusterToBeReady$0(180)) - Waiting for cluster to exit safe mode
2020-07-09 05:16:38,423 [Listener at 127.0.0.1/38375] INFO  ozone.MiniOzoneClusterImpl (MiniOzoneClusterImpl.java:lambda$waitForClusterToBeReady$0(177)) - Nodes are ready. Got 9 of 9 DN Heartbeats.
2020-07-09 05:16:38,423 [Listener at 127.0.0.1/38375] INFO  ozone.MiniOzoneClusterImpl (MiniOzoneClusterImpl.java:lambda$waitForClusterToBeReady$0(180)) - Waiting for cluster to exit safe mode
2020-07-09 05:16:39,135 [Thread-1766] INFO  impl.FollowerState (FollowerState.java:run(108)) - 892fa5a7-ff4d-4b0c-962d-911ea3aeded8@group-A65B37D85CB4-FollowerState: change to CANDIDATE, lastRpcTime:5083ms, electionTimeout:5077ms
2020-07-09 05:16:39,136 [Thread-1766] INFO  impl.RoleInfo (RoleInfo.java:shutdownFollowerState(121)) - 892fa5a7-ff4d-4b0c-962d-911ea3aeded8: shutdown FollowerState
2020-07-09 05:16:39,136 [Thread-1766] INFO  impl.RaftServerImpl (RaftServerImpl.java:setRole(175)) - 892fa5a7-ff4d-4b0c-962d-911ea3aeded8@group-A65B37D85CB4: changes role from  FOLLOWER to CANDIDATE at term 0 for changeToCandidate
2020-07-09 05:16:39,136 [Thread-1766] INFO  impl.RoleInfo (RoleInfo.java:updateAndGet(143)) - 892fa5a7-ff4d-4b0c-962d-911ea3aeded8: start LeaderElection
2020-07-09 05:16:39,140 [892fa5a7-ff4d-4b0c-962d-911ea3aeded8@group-A65B37D85CB4-LeaderElection68] INFO  impl.LeaderElection (LeaderElection.java:askForVotes(206)) - 892fa5a7-ff4d-4b0c-962d-911ea3aeded8@group-A65B37D85CB4-LeaderElection68: begin an election at term 1 for -1: [892fa5a7-ff4d-4b0c-962d-911ea3aeded8:172.17.0.2:37787], old=null
2020-07-09 05:16:39,140 [892fa5a7-ff4d-4b0c-962d-911ea3aeded8@group-A65B37D85CB4-LeaderElection68] INFO  impl.RoleInfo (RoleInfo.java:shutdownLeaderElection(134)) - 892fa5a7-ff4d-4b0c-962d-911ea3aeded8: shutdown LeaderElection
2020-07-09 05:16:39,140 [892fa5a7-ff4d-4b0c-962d-911ea3aeded8@group-A65B37D85CB4-LeaderElection68] INFO  impl.RaftServerImpl (RaftServerImpl.java:setRole(175)) - 892fa5a7-ff4d-4b0c-962d-911ea3aeded8@group-A65B37D85CB4: changes role from CANDIDATE to LEADER at term 1 for changeToLeader
2020-07-09 05:16:39,140 [892fa5a7-ff4d-4b0c-962d-911ea3aeded8@group-A65B37D85CB4-LeaderElection68] INFO  ratis.XceiverServerRatis (XceiverServerRatis.java:handleLeaderChangedNotification(762)) - Leader change notification received for group: group-A65B37D85CB4 with new leaderId: 892fa5a7-ff4d-4b0c-962d-911ea3aeded8
2020-07-09 05:16:39,141 [892fa5a7-ff4d-4b0c-962d-911ea3aeded8@group-A65B37D85CB4-LeaderElection68] INFO  impl.RaftServerImpl (ServerState.java:setLeader(255)) - 892fa5a7-ff4d-4b0c-962d-911ea3aeded8@group-A65B37D85CB4: change Leader from null to 892fa5a7-ff4d-4b0c-962d-911ea3aeded8 at term 1 for becomeLeader, leader elected after 5099ms
2020-07-09 05:16:39,141 [892fa5a7-ff4d-4b0c-962d-911ea3aeded8@group-A65B37D85CB4-LeaderElection68] INFO  server.RaftServerConfigKeys (ConfUtils.java:logGet(44)) - raft.server.staging.catchup.gap = 1000 (default)
2020-07-09 05:16:39,141 [892fa5a7-ff4d-4b0c-962d-911ea3aeded8@group-A65B37D85CB4-LeaderElection68] INFO  server.RaftServerConfigKeys (ConfUtils.java:logGet(44)) - raft.server.rpc.sleep.time = 25ms (default)
2020-07-09 05:16:39,141 [892fa5a7-ff4d-4b0c-962d-911ea3aeded8@group-A65B37D85CB4-LeaderElection68] INFO  metrics.RatisMetrics (RatisMetrics.java:lambda$create$0(36)) - Creating Metrics Registry : ratis.log_appender.892fa5a7-ff4d-4b0c-962d-911ea3aeded8@group-A65B37D85CB4
2020-07-09 05:16:39,141 [892fa5a7-ff4d-4b0c-962d-911ea3aeded8@group-A65B37D85CB4-LeaderElection68] INFO  server.RaftServerConfigKeys (ConfUtils.java:logGet(44)) - raft.server.write.element-limit = 1024 (custom)
2020-07-09 05:16:39,141 [892fa5a7-ff4d-4b0c-962d-911ea3aeded8@group-A65B37D85CB4-LeaderElection68] INFO  server.RaftServerConfigKeys (ConfUtils.java:logGet(44)) - raft.server.write.byte-limit = 1073741824 (custom)
2020-07-09 05:16:39,142 [892fa5a7-ff4d-4b0c-962d-911ea3aeded8@group-A65B37D85CB4-LeaderElection68] INFO  server.RaftServerConfigKeys (ConfUtils.java:logGet(44)) - raft.server.watch.timeout = 3000ms (custom)
2020-07-09 05:16:39,142 [892fa5a7-ff4d-4b0c-962d-911ea3aeded8@group-A65B37D85CB4-LeaderElection68] INFO  server.RaftServerConfigKeys (ConfUtils.java:logGet(44)) - raft.server.watch.timeout.denomination = 1s (default)
2020-07-09 05:16:39,142 [892fa5a7-ff4d-4b0c-962d-911ea3aeded8@group-A65B37D85CB4-LeaderElection68] INFO  server.RaftServerConfigKeys (ConfUtils.java:logGet(44)) - raft.server.watch.element-limit = 65536 (default)
2020-07-09 05:16:39,142 [892fa5a7-ff4d-4b0c-962d-911ea3aeded8@group-A65B37D85CB4-LeaderElection68] INFO  impl.RoleInfo (RoleInfo.java:updateAndGet(143)) - 892fa5a7-ff4d-4b0c-962d-911ea3aeded8: start LeaderState
2020-07-09 05:16:39,143 [892fa5a7-ff4d-4b0c-962d-911ea3aeded8@group-A65B37D85CB4-LeaderElection68] INFO  segmented.SegmentedRaftLogWorker (SegmentedRaftLogWorker.java:startLogSegment(397)) - 892fa5a7-ff4d-4b0c-962d-911ea3aeded8@group-A65B37D85CB4-SegmentedRaftLogWorker: Starting segment from index:0
2020-07-09 05:16:39,144 [892fa5a7-ff4d-4b0c-962d-911ea3aeded8@group-A65B37D85CB4-LeaderElection68] INFO  impl.RaftServerImpl (ServerState.java:setRaftConf(356)) - 892fa5a7-ff4d-4b0c-962d-911ea3aeded8@group-A65B37D85CB4: set configuration 0: [892fa5a7-ff4d-4b0c-962d-911ea3aeded8:172.17.0.2:37787], old=null at 0
2020-07-09 05:16:39,144 [892fa5a7-ff4d-4b0c-962d-911ea3aeded8@group-A65B37D85CB4-SegmentedRaftLogWorker] INFO  segmented.SegmentedRaftLogWorker (SegmentedRaftLogWorker.java:execute(596)) - 892fa5a7-ff4d-4b0c-962d-911ea3aeded8@group-A65B37D85CB4-SegmentedRaftLogWorker: created new log segment /github/workspace/mnt/ozone/hadoop-ozone/integration-test/target/test-dir/MiniOzoneClusterImpl-d071943e-99b5-4a6b-9dcd-d6487b458803/datanode-1/data/ratis/57d2e637-5be3-47fe-a54c-a65b37d85cb4/current/log_inprogress_0
2020-07-09 05:16:39,155 [Thread-1763] INFO  impl.FollowerState (FollowerState.java:run(108)) - 892fa5a7-ff4d-4b0c-962d-911ea3aeded8@group-4378BEE67A6C-FollowerState: change to CANDIDATE, lastRpcTime:5121ms, electionTimeout:5121ms
2020-07-09 05:16:39,155 [Thread-1763] INFO  impl.RoleInfo (RoleInfo.java:shutdownFollowerState(121)) - 892fa5a7-ff4d-4b0c-962d-911ea3aeded8: shutdown FollowerState
2020-07-09 05:16:39,155 [Thread-1763] INFO  impl.RaftServerImpl (RaftServerImpl.java:setRole(175)) - 892fa5a7-ff4d-4b0c-962d-911ea3aeded8@group-4378BEE67A6C: changes role from  FOLLOWER to CANDIDATE at term 0 for changeToCandidate
2020-07-09 05:16:39,156 [Thread-1763] INFO  impl.RoleInfo (RoleInfo.java:updateAndGet(143)) - 892fa5a7-ff4d-4b0c-962d-911ea3aeded8: start LeaderElection
2020-07-09 05:16:39,160 [892fa5a7-ff4d-4b0c-962d-911ea3aeded8@group-4378BEE67A6C-LeaderElection69] INFO  impl.LeaderElection (LeaderElection.java:askForVotes(206)) - 892fa5a7-ff4d-4b0c-962d-911ea3aeded8@group-4378BEE67A6C-LeaderElection69: begin an election at term 1 for -1: [9fd43fdd-f81f-4298-8fae-a0f306bcbc10:172.17.0.2:34917, 24ca51e7-b0f8-4d63-a105-3cbecc3844b6:172.17.0.2:40419, 892fa5a7-ff4d-4b0c-962d-911ea3aeded8:172.17.0.2:37787], old=null
2020-07-09 05:16:39,163 [Thread-1758] INFO  impl.FollowerState (FollowerState.java:run(108)) - 9fd43fdd-f81f-4298-8fae-a0f306bcbc10@group-4378BEE67A6C-FollowerState: change to CANDIDATE, lastRpcTime:5172ms, electionTimeout:5172ms
2020-07-09 05:16:39,163 [Thread-1758] INFO  impl.RoleInfo (RoleInfo.java:shutdownFollowerState(121)) - 9fd43fdd-f81f-4298-8fae-a0f306bcbc10: shutdown FollowerState
2020-07-09 05:16:39,163 [Thread-1758] INFO  impl.RaftServerImpl (RaftServerImpl.java:setRole(175)) - 9fd43fdd-f81f-4298-8fae-a0f306bcbc10@group-4378BEE67A6C: changes role from  FOLLOWER to CANDIDATE at term 0 for changeToCandidate
2020-07-09 05:16:39,163 [Thread-1758] INFO  impl.RoleInfo (RoleInfo.java:updateAndGet(143)) - 9fd43fdd-f81f-4298-8fae-a0f306bcbc10: start LeaderElection
2020-07-09 05:16:39,172 [9fd43fdd-f81f-4298-8fae-a0f306bcbc10@group-4378BEE67A6C-LeaderElection70] INFO  impl.LeaderElection (LeaderElection.java:askForVotes(206)) - 9fd43fdd-f81f-4298-8fae-a0f306bcbc10@group-4378BEE67A6C-LeaderElection70: begin an election at term 1 for -1: [9fd43fdd-f81f-4298-8fae-a0f306bcbc10:172.17.0.2:34917, 24ca51e7-b0f8-4d63-a105-3cbecc3844b6:172.17.0.2:40419, 892fa5a7-ff4d-4b0c-962d-911ea3aeded8:172.17.0.2:37787], old=null
2020-07-09 05:16:39,172 [grpc-default-executor-9] DEBUG impl.RaftServerImpl (RaftServerImpl.java:requestVote(821)) - 9fd43fdd-f81f-4298-8fae-a0f306bcbc10@group-4378BEE67A6C: receive requestVote(892fa5a7-ff4d-4b0c-962d-911ea3aeded8, group-4378BEE67A6C, 1, (t:0, i:0))
2020-07-09 05:16:39,172 [grpc-default-executor-9] DEBUG impl.RaftServerImpl (RaftServerImpl.java:requestVote(853)) - 9fd43fdd-f81f-4298-8fae-a0f306bcbc10@group-4378BEE67A6C replies to vote request: 892fa5a7-ff4d-4b0c-962d-911ea3aeded8<-9fd43fdd-f81f-4298-8fae-a0f306bcbc10#0:FAIL-t1. Peer's state: 9fd43fdd-f81f-4298-8fae-a0f306bcbc10@group-4378BEE67A6C:t1, leader=null, voted=9fd43fdd-f81f-4298-8fae-a0f306bcbc10, raftlog=9fd43fdd-f81f-4298-8fae-a0f306bcbc10@group-4378BEE67A6C-SegmentedRaftLog:OPENED:c-1,f-1,i0, conf=-1: [9fd43fdd-f81f-4298-8fae-a0f306bcbc10:172.17.0.2:34917, 24ca51e7-b0f8-4d63-a105-3cbecc3844b6:172.17.0.2:40419, 892fa5a7-ff4d-4b0c-962d-911ea3aeded8:172.17.0.2:37787], old=null
2020-07-09 05:16:39,174 [Thread-1760] INFO  impl.FollowerState (FollowerState.java:run(108)) - 24ca51e7-b0f8-4d63-a105-3cbecc3844b6@group-4378BEE67A6C-FollowerState: change to CANDIDATE, lastRpcTime:5162ms, electionTimeout:5161ms
2020-07-09 05:16:39,175 [Thread-1760] INFO  impl.RoleInfo (RoleInfo.java:shutdownFollowerState(121)) - 24ca51e7-b0f8-4d63-a105-3cbecc3844b6: shutdown FollowerState
2020-07-09 05:16:39,175 [Thread-1760] INFO  impl.RaftServerImpl (RaftServerImpl.java:setRole(175)) - 24ca51e7-b0f8-4d63-a105-3cbecc3844b6@group-4378BEE67A6C: changes role from  FOLLOWER to CANDIDATE at term 0 for changeToCandidate
2020-07-09 05:16:39,175 [Thread-1760] INFO  impl.RoleInfo (RoleInfo.java:updateAndGet(143)) - 24ca51e7-b0f8-4d63-a105-3cbecc3844b6: start LeaderElection
2020-07-09 05:16:39,175 [Thread-1756] INFO  impl.FollowerState (FollowerState.java:run(108)) - 9fd43fdd-f81f-4298-8fae-a0f306bcbc10@group-DB01A6EFB191-FollowerState: change to CANDIDATE, lastRpcTime:5198ms, electionTimeout:5198ms
2020-07-09 05:16:39,176 [Thread-1756] INFO  impl.RoleInfo (RoleInfo.java:shutdownFollowerState(121)) - 9fd43fdd-f81f-4298-8fae-a0f306bcbc10: shutdown FollowerState
2020-07-09 05:16:39,176 [Thread-1756] INFO  impl.RaftServerImpl (RaftServerImpl.java:setRole(175)) - 9fd43fdd-f81f-4298-8fae-a0f306bcbc10@group-DB01A6EFB191: changes role from  FOLLOWER to CANDIDATE at term 0 for changeToCandidate
2020-07-09 05:16:39,178 [Thread-1770] INFO  impl.FollowerState (FollowerState.java:run(108)) - 869115d6-4be2-4620-adee-449672856935@group-C21CDC13682E-FollowerState: change to CANDIDATE, lastRpcTime:5022ms, electionTimeout:5021ms
2020-07-09 05:16:39,179 [Thread-1770] INFO  impl.RoleInfo (RoleInfo.java:shutdownFollowerState(121)) - 869115d6-4be2-4620-adee-449672856935: shutdown FollowerState
2020-07-09 05:16:39,179 [Thread-1770] INFO  impl.RaftServerImpl (RaftServerImpl.java:setRole(175)) - 869115d6-4be2-4620-adee-449672856935@group-C21CDC13682E: changes role from  FOLLOWER to CANDIDATE at term 0 for changeToCandidate
2020-07-09 05:16:39,179 [Thread-1770] INFO  impl.RoleInfo (RoleInfo.java:updateAndGet(143)) - 869115d6-4be2-4620-adee-449672856935: start LeaderElection
2020-07-09 05:16:39,182 [Thread-1756] INFO  impl.RoleInfo (RoleInfo.java:updateAndGet(143)) - 9fd43fdd-f81f-4298-8fae-a0f306bcbc10: start LeaderElection
2020-07-09 05:16:39,184 [grpc-default-executor-9] DEBUG impl.RaftServerImpl (RaftServerImpl.java:requestVote(821)) - 24ca51e7-b0f8-4d63-a105-3cbecc3844b6@group-4378BEE67A6C: receive requestVote(9fd43fdd-f81f-4298-8fae-a0f306bcbc10, group-4378BEE67A6C, 1, (t:0, i:0))
2020-07-09 05:16:39,185 [grpc-default-executor-2] DEBUG impl.RaftServerImpl (RaftServerImpl.java:requestVote(821)) - 24ca51e7-b0f8-4d63-a105-3cbecc3844b6@group-4378BEE67A6C: receive requestVote(892fa5a7-ff4d-4b0c-962d-911ea3aeded8, group-4378BEE67A6C, 1, (t:0, i:0))
2020-07-09 05:16:39,189 [24ca51e7-b0f8-4d63-a105-3cbecc3844b6@group-4378BEE67A6C-LeaderElection71] INFO  impl.LeaderElection (LeaderElection.java:askForVotes(206)) - 24ca51e7-b0f8-4d63-a105-3cbecc3844b6@group-4378BEE67A6C-LeaderElection71: begin an election at term 1 for -1: [9fd43fdd-f81f-4298-8fae-a0f306bcbc10:172.17.0.2:34917, 24ca51e7-b0f8-4d63-a105-3cbecc3844b6:172.17.0.2:40419, 892fa5a7-ff4d-4b0c-962d-911ea3aeded8:172.17.0.2:37787], old=null
2020-07-09 05:16:39,189 [grpc-default-executor-2] DEBUG impl.RaftServerImpl (RaftServerImpl.java:requestVote(853)) - 24ca51e7-b0f8-4d63-a105-3cbecc3844b6@group-4378BEE67A6C replies to vote request: 892fa5a7-ff4d-4b0c-962d-911ea3aeded8<-24ca51e7-b0f8-4d63-a105-3cbecc3844b6#0:FAIL-t1. Peer's state: 24ca51e7-b0f8-4d63-a105-3cbecc3844b6@group-4378BEE67A6C:t1, leader=null, voted=24ca51e7-b0f8-4d63-a105-3cbecc3844b6, raftlog=24ca51e7-b0f8-4d63-a105-3cbecc3844b6@group-4378BEE67A6C-SegmentedRaftLog:OPENED:c-1,f-1,i0, conf=-1: [9fd43fdd-f81f-4298-8fae-a0f306bcbc10:172.17.0.2:34917, 24ca51e7-b0f8-4d63-a105-3cbecc3844b6:172.17.0.2:40419, 892fa5a7-ff4d-4b0c-962d-911ea3aeded8:172.17.0.2:37787], old=null
2020-07-09 05:16:39,189 [grpc-default-executor-9] DEBUG impl.RaftServerImpl (RaftServerImpl.java:requestVote(853)) - 24ca51e7-b0f8-4d63-a105-3cbecc3844b6@group-4378BEE67A6C replies to vote request: 9fd43fdd-f81f-4298-8fae-a0f306bcbc10<-24ca51e7-b0f8-4d63-a105-3cbecc3844b6#0:FAIL-t1. Peer's state: 24ca51e7-b0f8-4d63-a105-3cbecc3844b6@group-4378BEE67A6C:t1, leader=null, voted=24ca51e7-b0f8-4d63-a105-3cbecc3844b6, raftlog=24ca51e7-b0f8-4d63-a105-3cbecc3844b6@group-4378BEE67A6C-SegmentedRaftLog:OPENED:c-1,f-1,i0, conf=-1: [9fd43fdd-f81f-4298-8fae-a0f306bcbc10:172.17.0.2:34917, 24ca51e7-b0f8-4d63-a105-3cbecc3844b6:172.17.0.2:40419, 892fa5a7-ff4d-4b0c-962d-911ea3aeded8:172.17.0.2:37787], old=null
2020-07-09 05:16:39,190 [869115d6-4be2-4620-adee-449672856935@group-C21CDC13682E-LeaderElection73] INFO  impl.LeaderElection (LeaderElection.java:askForVotes(206)) - 869115d6-4be2-4620-adee-449672856935@group-C21CDC13682E-LeaderElection73: begin an election at term 1 for -1: [869115d6-4be2-4620-adee-449672856935:172.17.0.2:43919], old=null
2020-07-09 05:16:39,191 [869115d6-4be2-4620-adee-449672856935@group-C21CDC13682E-LeaderElection73] INFO  impl.RoleInfo (RoleInfo.java:shutdownLeaderElection(134)) - 869115d6-4be2-4620-adee-449672856935: shutdown LeaderElection
2020-07-09 05:16:39,191 [869115d6-4be2-4620-adee-449672856935@group-C21CDC13682E-LeaderElection73] INFO  impl.RaftServerImpl (RaftServerImpl.java:setRole(175)) - 869115d6-4be2-4620-adee-449672856935@group-C21CDC13682E: changes role from CANDIDATE to LEADER at term 1 for changeToLeader
2020-07-09 05:16:39,191 [869115d6-4be2-4620-adee-449672856935@group-C21CDC13682E-LeaderElection73] INFO  ratis.XceiverServerRatis (XceiverServerRatis.java:handleLeaderChangedNotification(762)) - Leader change notification received for group: group-C21CDC13682E with new leaderId: 869115d6-4be2-4620-adee-449672856935
2020-07-09 05:16:39,191 [Thread-1768] INFO  impl.FollowerState (FollowerState.java:run(108)) - 24ca51e7-b0f8-4d63-a105-3cbecc3844b6@group-15FD68912E1A-FollowerState: change to CANDIDATE, lastRpcTime:5110ms, electionTimeout:5110ms
2020-07-09 05:16:39,191 [892fa5a7-ff4d-4b0c-962d-911ea3aeded8@group-4378BEE67A6C-LeaderElection69] INFO  impl.LeaderElection (LeaderElection.java:logAndReturn(61)) - 892fa5a7-ff4d-4b0c-962d-911ea3aeded8@group-4378BEE67A6C-LeaderElection69: Election REJECTED; received 2 response(s) [892fa5a7-ff4d-4b0c-962d-911ea3aeded8<-9fd43fdd-f81f-4298-8fae-a0f306bcbc10#0:FAIL-t1, 892fa5a7-ff4d-4b0c-962d-911ea3aeded8<-24ca51e7-b0f8-4d63-a105-3cbecc3844b6#0:FAIL-t1] and 0 exception(s); 892fa5a7-ff4d-4b0c-962d-911ea3aeded8@group-4378BEE67A6C:t1, leader=null, voted=892fa5a7-ff4d-4b0c-962d-911ea3aeded8, raftlog=892fa5a7-ff4d-4b0c-962d-911ea3aeded8@group-4378BEE67A6C-SegmentedRaftLog:OPENED:c-1,f-1,i0, conf=-1: [9fd43fdd-f81f-4298-8fae-a0f306bcbc10:172.17.0.2:34917, 24ca51e7-b0f8-4d63-a105-3cbecc3844b6:172.17.0.2:40419, 892fa5a7-ff4d-4b0c-962d-911ea3aeded8:172.17.0.2:37787], old=null
2020-07-09 05:16:39,199 [869115d6-4be2-4620-adee-449672856935@group-C21CDC13682E-LeaderElection73] INFO  impl.RaftServerImpl (ServerState.java:setLeader(255)) - 869115d6-4be2-4620-adee-449672856935@group-C21CDC13682E: change Leader from null to 869115d6-4be2-4620-adee-449672856935 at term 1 for becomeLeader, leader elected after 5040ms
2020-07-09 05:16:39,199 [869115d6-4be2-4620-adee-449672856935@group-C21CDC13682E-LeaderElection73] INFO  server.RaftServerConfigKeys (ConfUtils.java:logGet(44)) - raft.server.staging.catchup.gap = 1000 (default)
2020-07-09 05:16:39,201 [869115d6-4be2-4620-adee-449672856935@group-C21CDC13682E-LeaderElection73] INFO  server.RaftServerConfigKeys (ConfUtils.java:logGet(44)) - raft.server.rpc.sleep.time = 25ms (default)
2020-07-09 05:16:39,201 [869115d6-4be2-4620-adee-449672856935@group-C21CDC13682E-LeaderElection73] INFO  metrics.RatisMetrics (RatisMetrics.java:lambda$create$0(36)) - Creating Metrics Registry : ratis.log_appender.869115d6-4be2-4620-adee-449672856935@group-C21CDC13682E
2020-07-09 05:16:39,201 [892fa5a7-ff4d-4b0c-962d-911ea3aeded8@group-4378BEE67A6C-LeaderElection69] INFO  impl.RaftServerImpl (RaftServerImpl.java:setRole(175)) - 892fa5a7-ff4d-4b0c-962d-911ea3aeded8@group-4378BEE67A6C: changes role from CANDIDATE to FOLLOWER at term 1 for DISCOVERED_A_NEW_TERM
2020-07-09 05:16:39,201 [892fa5a7-ff4d-4b0c-962d-911ea3aeded8@group-4378BEE67A6C-LeaderElection69] INFO  impl.RoleInfo (RoleInfo.java:shutdownLeaderElection(134)) - 892fa5a7-ff4d-4b0c-962d-911ea3aeded8: shutdown LeaderElection
2020-07-09 05:16:39,201 [892fa5a7-ff4d-4b0c-962d-911ea3aeded8@group-4378BEE67A6C-LeaderElection69] INFO  impl.RoleInfo (RoleInfo.java:updateAndGet(143)) - 892fa5a7-ff4d-4b0c-962d-911ea3aeded8: start FollowerState
2020-07-09 05:16:39,199 [Thread-1768] INFO  impl.RoleInfo (RoleInfo.java:shutdownFollowerState(121)) - 24ca51e7-b0f8-4d63-a105-3cbecc3844b6: shutdown FollowerState
2020-07-09 05:16:39,201 [Thread-1768] INFO  impl.RaftServerImpl (RaftServerImpl.java:setRole(175)) - 24ca51e7-b0f8-4d63-a105-3cbecc3844b6@group-15FD68912E1A: changes role from  FOLLOWER to CANDIDATE at term 0 for changeToCandidate
2020-07-09 05:16:39,202 [grpc-default-executor-2] DEBUG impl.RaftServerImpl (RaftServerImpl.java:requestVote(821)) - 9fd43fdd-f81f-4298-8fae-a0f306bcbc10@group-4378BEE67A6C: receive requestVote(24ca51e7-b0f8-4d63-a105-3cbecc3844b6, group-4378BEE67A6C, 1, (t:0, i:0))
2020-07-09 05:16:39,202 [grpc-default-executor-2] DEBUG impl.RaftServerImpl (RaftServerImpl.java:requestVote(853)) - 9fd43fdd-f81f-4298-8fae-a0f306bcbc10@group-4378BEE67A6C replies to vote request: 24ca51e7-b0f8-4d63-a105-3cbecc3844b6<-9fd43fdd-f81f-4298-8fae-a0f306bcbc10#0:FAIL-t1. Peer's state: 9fd43fdd-f81f-4298-8fae-a0f306bcbc10@group-4378BEE67A6C:t1, leader=null, voted=9fd43fdd-f81f-4298-8fae-a0f306bcbc10, raftlog=9fd43fdd-f81f-4298-8fae-a0f306bcbc10@group-4378BEE67A6C-SegmentedRaftLog:OPENED:c-1,f-1,i0, conf=-1: [9fd43fdd-f81f-4298-8fae-a0f306bcbc10:172.17.0.2:34917, 24ca51e7-b0f8-4d63-a105-3cbecc3844b6:172.17.0.2:40419, 892fa5a7-ff4d-4b0c-962d-911ea3aeded8:172.17.0.2:37787], old=null
2020-07-09 05:16:39,201 [869115d6-4be2-4620-adee-449672856935@group-C21CDC13682E-LeaderElection73] INFO  server.RaftServerConfigKeys (ConfUtils.java:logGet(44)) - raft.server.write.element-limit = 1024 (custom)
2020-07-09 05:16:39,200 [grpc-default-executor-9] DEBUG impl.RaftServerImpl (RaftServerImpl.java:requestVote(821)) - 892fa5a7-ff4d-4b0c-962d-911ea3aeded8@group-4378BEE67A6C: receive requestVote(9fd43fdd-f81f-4298-8fae-a0f306bcbc10, group-4378BEE67A6C, 1, (t:0, i:0))
2020-07-09 05:16:39,199 [9fd43fdd-f81f-4298-8fae-a0f306bcbc10@group-DB01A6EFB191-LeaderElection72] INFO  impl.LeaderElection (LeaderElection.java:askForVotes(206)) - 9fd43fdd-f81f-4298-8fae-a0f306bcbc10@group-DB01A6EFB191-LeaderElection72: begin an election at term 1 for -1: [9fd43fdd-f81f-4298-8fae-a0f306bcbc10:172.17.0.2:34917], old=null
2020-07-09 05:16:39,203 [9fd43fdd-f81f-4298-8fae-a0f306bcbc10@group-DB01A6EFB191-LeaderElection72] INFO  impl.RoleInfo (RoleInfo.java:shutdownLeaderElection(134)) - 9fd43fdd-f81f-4298-8fae-a0f306bcbc10: shutdown LeaderElection
2020-07-09 05:16:39,203 [9fd43fdd-f81f-4298-8fae-a0f306bcbc10@group-DB01A6EFB191-LeaderElection72] INFO  impl.RaftServerImpl (RaftServerImpl.java:setRole(175)) - 9fd43fdd-f81f-4298-8fae-a0f306bcbc10@group-DB01A6EFB191: changes role from CANDIDATE to LEADER at term 1 for changeToLeader
2020-07-09 05:16:39,203 [9fd43fdd-f81f-4298-8fae-a0f306bcbc10@group-DB01A6EFB191-LeaderElection72] INFO  ratis.XceiverServerRatis (XceiverServerRatis.java:handleLeaderChangedNotification(762)) - Leader change notification received for group: group-DB01A6EFB191 with new leaderId: 9fd43fdd-f81f-4298-8fae-a0f306bcbc10
2020-07-09 05:16:39,203 [869115d6-4be2-4620-adee-449672856935@group-C21CDC13682E-LeaderElection73] INFO  server.RaftServerConfigKeys (ConfUtils.java:logGet(44)) - raft.server.write.byte-limit = 1073741824 (custom)
2020-07-09 05:16:39,204 [869115d6-4be2-4620-adee-449672856935@group-C21CDC13682E-LeaderElection73] INFO  server.RaftServerConfigKeys (ConfUtils.java:logGet(44)) - raft.server.watch.timeout = 3000ms (custom)
2020-07-09 05:16:39,204 [869115d6-4be2-4620-adee-449672856935@group-C21CDC13682E-LeaderElection73] INFO  server.RaftServerConfigKeys (ConfUtils.java:logGet(44)) - raft.server.watch.timeout.denomination = 1s (default)
2020-07-09 05:16:39,204 [869115d6-4be2-4620-adee-449672856935@group-C21CDC13682E-LeaderElection73] INFO  server.RaftServerConfigKeys (ConfUtils.java:logGet(44)) - raft.server.watch.element-limit = 65536 (default)
2020-07-09 05:16:39,205 [869115d6-4be2-4620-adee-449672856935@group-C21CDC13682E-LeaderElection73] INFO  impl.RoleInfo (RoleInfo.java:updateAndGet(143)) - 869115d6-4be2-4620-adee-449672856935: start LeaderState
2020-07-09 05:16:39,205 [869115d6-4be2-4620-adee-449672856935@group-C21CDC13682E-LeaderElection73] INFO  segmented.SegmentedRaftLogWorker (SegmentedRaftLogWorker.java:startLogSegment(397)) - 869115d6-4be2-4620-adee-449672856935@group-C21CDC13682E-SegmentedRaftLogWorker: Starting segment from index:0
2020-07-09 05:16:39,205 [grpc-default-executor-9] DEBUG impl.RaftServerImpl (RaftServerImpl.java:requestVote(853)) - 892fa5a7-ff4d-4b0c-962d-911ea3aeded8@group-4378BEE67A6C replies to vote request: 9fd43fdd-f81f-4298-8fae-a0f306bcbc10<-892fa5a7-ff4d-4b0c-962d-911ea3aeded8#0:FAIL-t1. Peer's state: 892fa5a7-ff4d-4b0c-962d-911ea3aeded8@group-4378BEE67A6C:t1, leader=null, voted=892fa5a7-ff4d-4b0c-962d-911ea3aeded8, raftlog=892fa5a7-ff4d-4b0c-962d-911ea3aeded8@group-4378BEE67A6C-SegmentedRaftLog:OPENED:c-1,f-1,i0, conf=-1: [9fd43fdd-f81f-4298-8fae-a0f306bcbc10:172.17.0.2:34917, 24ca51e7-b0f8-4d63-a105-3cbecc3844b6:172.17.0.2:40419, 892fa5a7-ff4d-4b0c-962d-911ea3aeded8:172.17.0.2:37787], old=null
2020-07-09 05:16:39,206 [9fd43fdd-f81f-4298-8fae-a0f306bcbc10@group-DB01A6EFB191-LeaderElection72] INFO  impl.RaftServerImpl (ServerState.java:setLeader(255)) - 9fd43fdd-f81f-4298-8fae-a0f306bcbc10@group-DB01A6EFB191: change Leader from null to 9fd43fdd-f81f-4298-8fae-a0f306bcbc10 at term 1 for becomeLeader, leader elected after 5234ms
2020-07-09 05:16:39,208 [9fd43fdd-f81f-4298-8fae-a0f306bcbc10@group-DB01A6EFB191-LeaderElection72] INFO  server.RaftServerConfigKeys (ConfUtils.java:logGet(44)) - raft.server.staging.catchup.gap = 1000 (default)
2020-07-09 05:16:39,209 [9fd43fdd-f81f-4298-8fae-a0f306bcbc10@group-DB01A6EFB191-LeaderElection72] INFO  server.RaftServerConfigKeys (ConfUtils.java:logGet(44)) - raft.server.rpc.sleep.time = 25ms (default)
2020-07-09 05:16:39,209 [9fd43fdd-f81f-4298-8fae-a0f306bcbc10@group-DB01A6EFB191-LeaderElection72] INFO  metrics.RatisMetrics (RatisMetrics.java:lambda$create$0(36)) - Creating Metrics Registry : ratis.log_appender.9fd43fdd-f81f-4298-8fae-a0f306bcbc10@group-DB01A6EFB191
2020-07-09 05:16:39,207 [869115d6-4be2-4620-adee-449672856935@group-C21CDC13682E-LeaderElection73] INFO  impl.RaftServerImpl (ServerState.java:setRaftConf(356)) - 869115d6-4be2-4620-adee-449672856935@group-C21CDC13682E: set configuration 0: [869115d6-4be2-4620-adee-449672856935:172.17.0.2:43919], old=null at 0
2020-07-09 05:16:39,212 [9fd43fdd-f81f-4298-8fae-a0f306bcbc10@group-DB01A6EFB191-LeaderElection72] INFO  server.RaftServerConfigKeys (ConfUtils.java:logGet(44)) - raft.server.write.element-limit = 1024 (custom)
2020-07-09 05:16:39,212 [9fd43fdd-f81f-4298-8fae-a0f306bcbc10@group-DB01A6EFB191-LeaderElection72] INFO  server.RaftServerConfigKeys (ConfUtils.java:logGet(44)) - raft.server.write.byte-limit = 1073741824 (custom)
2020-07-09 05:16:39,212 [9fd43fdd-f81f-4298-8fae-a0f306bcbc10@group-DB01A6EFB191-LeaderElection72] INFO  server.RaftServerConfigKeys (ConfUtils.java:logGet(44)) - raft.server.watch.timeout = 3000ms (custom)
2020-07-09 05:16:39,212 [9fd43fdd-f81f-4298-8fae-a0f306bcbc10@group-DB01A6EFB191-LeaderElection72] INFO  server.RaftServerConfigKeys (ConfUtils.java:logGet(44)) - raft.server.watch.timeout.denomination = 1s (default)
2020-07-09 05:16:39,212 [9fd43fdd-f81f-4298-8fae-a0f306bcbc10@group-DB01A6EFB191-LeaderElection72] INFO  server.RaftServerConfigKeys (ConfUtils.java:logGet(44)) - raft.server.watch.element-limit = 65536 (default)
2020-07-09 05:16:39,213 [9fd43fdd-f81f-4298-8fae-a0f306bcbc10@group-DB01A6EFB191-LeaderElection72] INFO  impl.RoleInfo (RoleInfo.java:updateAndGet(143)) - 9fd43fdd-f81f-4298-8fae-a0f306bcbc10: start LeaderState
2020-07-09 05:16:39,213 [9fd43fdd-f81f-4298-8fae-a0f306bcbc10@group-DB01A6EFB191-LeaderElection72] INFO  segmented.SegmentedRaftLogWorker (SegmentedRaftLogWorker.java:startLogSegment(397)) - 9fd43fdd-f81f-4298-8fae-a0f306bcbc10@group-DB01A6EFB191-SegmentedRaftLogWorker: Starting segment from index:0
2020-07-09 05:16:39,206 [Thread-1768] INFO  impl.RoleInfo (RoleInfo.java:updateAndGet(143)) - 24ca51e7-b0f8-4d63-a105-3cbecc3844b6: start LeaderElection
2020-07-09 05:16:39,210 [grpc-default-executor-9] DEBUG impl.RaftServerImpl (RaftServerImpl.java:requestVote(821)) - 892fa5a7-ff4d-4b0c-962d-911ea3aeded8@group-4378BEE67A6C: receive requestVote(24ca51e7-b0f8-4d63-a105-3cbecc3844b6, group-4378BEE67A6C, 1, (t:0, i:0))
2020-07-09 05:16:39,214 [grpc-default-executor-9] DEBUG impl.RaftServerImpl (RaftServerImpl.java:requestVote(853)) - 892fa5a7-ff4d-4b0c-962d-911ea3aeded8@group-4378BEE67A6C replies to vote request: 24ca51e7-b0f8-4d63-a105-3cbecc3844b6<-892fa5a7-ff4d-4b0c-962d-911ea3aeded8#0:FAIL-t1. Peer's state: 892fa5a7-ff4d-4b0c-962d-911ea3aeded8@group-4378BEE67A6C:t1, leader=null, voted=892fa5a7-ff4d-4b0c-962d-911ea3aeded8, raftlog=892fa5a7-ff4d-4b0c-962d-911ea3aeded8@group-4378BEE67A6C-SegmentedRaftLog:OPENED:c-1,f-1,i0, conf=-1: [9fd43fdd-f81f-4298-8fae-a0f306bcbc10:172.17.0.2:34917, 24ca51e7-b0f8-4d63-a105-3cbecc3844b6:172.17.0.2:40419, 892fa5a7-ff4d-4b0c-962d-911ea3aeded8:172.17.0.2:37787], old=null
2020-07-09 05:16:39,210 [9fd43fdd-f81f-4298-8fae-a0f306bcbc10@group-4378BEE67A6C-LeaderElection70] INFO  impl.LeaderElection (LeaderElection.java:logAndReturn(61)) - 9fd43fdd-f81f-4298-8fae-a0f306bcbc10@group-4378BEE67A6C-LeaderElection70: Election REJECTED; received 2 response(s) [9fd43fdd-f81f-4298-8fae-a0f306bcbc10<-24ca51e7-b0f8-4d63-a105-3cbecc3844b6#0:FAIL-t1, 9fd43fdd-f81f-4298-8fae-a0f306bcbc10<-892fa5a7-ff4d-4b0c-962d-911ea3aeded8#0:FAIL-t1] and 0 exception(s); 9fd43fdd-f81f-4298-8fae-a0f306bcbc10@group-4378BEE67A6C:t1, leader=null, voted=9fd43fdd-f81f-4298-8fae-a0f306bcbc10, raftlog=9fd43fdd-f81f-4298-8fae-a0f306bcbc10@group-4378BEE67A6C-SegmentedRaftLog:OPENED:c-1,f-1,i0, conf=-1: [9fd43fdd-f81f-4298-8fae-a0f306bcbc10:172.17.0.2:34917, 24ca51e7-b0f8-4d63-a105-3cbecc3844b6:172.17.0.2:40419, 892fa5a7-ff4d-4b0c-962d-911ea3aeded8:172.17.0.2:37787], old=null
2020-07-09 05:16:39,210 [869115d6-4be2-4620-adee-449672856935@group-C21CDC13682E-SegmentedRaftLogWorker] INFO  segmented.SegmentedRaftLogWorker (SegmentedRaftLogWorker.java:execute(596)) - 869115d6-4be2-4620-adee-449672856935@group-C21CDC13682E-SegmentedRaftLogWorker: created new log segment /github/workspace/mnt/ozone/hadoop-ozone/integration-test/target/test-dir/MiniOzoneClusterImpl-d071943e-99b5-4a6b-9dcd-d6487b458803/datanode-3/data/ratis/96e14cfe-89e4-49ff-b1f6-c21cdc13682e/current/log_inprogress_0
2020-07-09 05:16:39,215 [9fd43fdd-f81f-4298-8fae-a0f306bcbc10@group-DB01A6EFB191-LeaderElection72] INFO  impl.RaftServerImpl (ServerState.java:setRaftConf(356)) - 9fd43fdd-f81f-4298-8fae-a0f306bcbc10@group-DB01A6EFB191: set configuration 0: [9fd43fdd-f81f-4298-8fae-a0f306bcbc10:172.17.0.2:34917], old=null at 0
2020-07-09 05:16:39,223 [24ca51e7-b0f8-4d63-a105-3cbecc3844b6@group-4378BEE67A6C-LeaderElection71] INFO  impl.LeaderElection (LeaderElection.java:logAndReturn(61)) - 24ca51e7-b0f8-4d63-a105-3cbecc3844b6@group-4378BEE67A6C-LeaderElection71: Election REJECTED; received 2 response(s) [24ca51e7-b0f8-4d63-a105-3cbecc3844b6<-9fd43fdd-f81f-4298-8fae-a0f306bcbc10#0:FAIL-t1, 24ca51e7-b0f8-4d63-a105-3cbecc3844b6<-892fa5a7-ff4d-4b0c-962d-911ea3aeded8#0:FAIL-t1] and 0 exception(s); 24ca51e7-b0f8-4d63-a105-3cbecc3844b6@group-4378BEE67A6C:t1, leader=null, voted=24ca51e7-b0f8-4d63-a105-3cbecc3844b6, raftlog=24ca51e7-b0f8-4d63-a105-3cbecc3844b6@group-4378BEE67A6C-SegmentedRaftLog:OPENED:c-1,f-1,i0, conf=-1: [9fd43fdd-f81f-4298-8fae-a0f306bcbc10:172.17.0.2:34917, 24ca51e7-b0f8-4d63-a105-3cbecc3844b6:172.17.0.2:40419, 892fa5a7-ff4d-4b0c-962d-911ea3aeded8:172.17.0.2:37787], old=null
2020-07-09 05:16:39,224 [9fd43fdd-f81f-4298-8fae-a0f306bcbc10@group-4378BEE67A6C-LeaderElection70] INFO  impl.RaftServerImpl (RaftServerImpl.java:setRole(175)) - 9fd43fdd-f81f-4298-8fae-a0f306bcbc10@group-4378BEE67A6C: changes role from CANDIDATE to FOLLOWER at term 1 for DISCOVERED_A_NEW_TERM
2020-07-09 05:16:39,224 [9fd43fdd-f81f-4298-8fae-a0f306bcbc10@group-4378BEE67A6C-LeaderElection70] INFO  impl.RoleInfo (RoleInfo.java:shutdownLeaderElection(134)) - 9fd43fdd-f81f-4298-8fae-a0f306bcbc10: shutdown LeaderElection
2020-07-09 05:16:39,224 [9fd43fdd-f81f-4298-8fae-a0f306bcbc10@group-4378BEE67A6C-LeaderElection70] INFO  impl.RoleInfo (RoleInfo.java:updateAndGet(143)) - 9fd43fdd-f81f-4298-8fae-a0f306bcbc10: start FollowerState
2020-07-09 05:16:39,226 [9fd43fdd-f81f-4298-8fae-a0f306bcbc10@group-DB01A6EFB191-SegmentedRaftLogWorker] INFO  segmented.SegmentedRaftLogWorker (SegmentedRaftLogWorker.java:execute(596)) - 9fd43fdd-f81f-4298-8fae-a0f306bcbc10@group-DB01A6EFB191-SegmentedRaftLogWorker: created new log segment /github/workspace/mnt/ozone/hadoop-ozone/integration-test/target/test-dir/MiniOzoneClusterImpl-d071943e-99b5-4a6b-9dcd-d6487b458803/datanode-0/data/ratis/65251622-076a-4cc9-b5c2-db01a6efb191/current/log_inprogress_0
2020-07-09 05:16:39,226 [24ca51e7-b0f8-4d63-a105-3cbecc3844b6@group-4378BEE67A6C-LeaderElection71] INFO  impl.RaftServerImpl (RaftServerImpl.java:setRole(175)) - 24ca51e7-b0f8-4d63-a105-3cbecc3844b6@group-4378BEE67A6C: changes role from CANDIDATE to FOLLOWER at term 1 for DISCOVERED_A_NEW_TERM
2020-07-09 05:16:39,226 [24ca51e7-b0f8-4d63-a105-3cbecc3844b6@group-4378BEE67A6C-LeaderElection71] INFO  impl.RoleInfo (RoleInfo.java:shutdownLeaderElection(134)) - 24ca51e7-b0f8-4d63-a105-3cbecc3844b6: shutdown LeaderElection
2020-07-09 05:16:39,226 [24ca51e7-b0f8-4d63-a105-3cbecc3844b6@group-4378BEE67A6C-LeaderElection71] INFO  impl.RoleInfo (RoleInfo.java:updateAndGet(143)) - 24ca51e7-b0f8-4d63-a105-3cbecc3844b6: start FollowerState
2020-07-09 05:16:39,233 [Thread-1776] INFO  impl.FollowerState (FollowerState.java:run(108)) - 2e380eeb-fc9c-4285-bf60-968042885e92@group-DA5563A61CFD-FollowerState: change to CANDIDATE, lastRpcTime:5016ms, electionTimeout:5015ms
2020-07-09 05:16:39,233 [Thread-1776] INFO  impl.RoleInfo (RoleInfo.java:shutdownFollowerState(121)) - 2e380eeb-fc9c-4285-bf60-968042885e92: shutdown FollowerState
2020-07-09 05:16:39,233 [Thread-1776] INFO  impl.RaftServerImpl (RaftServerImpl.java:setRole(175)) - 2e380eeb-fc9c-4285-bf60-968042885e92@group-DA5563A61CFD: changes role from  FOLLOWER to CANDIDATE at term 0 for changeToCandidate
2020-07-09 05:16:39,233 [Thread-1776] INFO  impl.RoleInfo (RoleInfo.java:updateAndGet(143)) - 2e380eeb-fc9c-4285-bf60-968042885e92: start LeaderElection
2020-07-09 05:16:39,239 [24ca51e7-b0f8-4d63-a105-3cbecc3844b6@group-15FD68912E1A-LeaderElection74] INFO  impl.LeaderElection (LeaderElection.java:askForVotes(206)) - 24ca51e7-b0f8-4d63-a105-3cbecc3844b6@group-15FD68912E1A-LeaderElection74: begin an election at term 1 for -1: [24ca51e7-b0f8-4d63-a105-3cbecc3844b6:172.17.0.2:40419], old=null
2020-07-09 05:16:39,239 [24ca51e7-b0f8-4d63-a105-3cbecc3844b6@group-15FD68912E1A-LeaderElection74] INFO  impl.RoleInfo (RoleInfo.java:shutdownLeaderElection(134)) - 24ca51e7-b0f8-4d63-a105-3cbecc3844b6: shutdown LeaderElection
2020-07-09 05:16:39,239 [24ca51e7-b0f8-4d63-a105-3cbecc3844b6@group-15FD68912E1A-LeaderElection74] INFO  impl.RaftServerImpl (RaftServerImpl.java:setRole(175)) - 24ca51e7-b0f8-4d63-a105-3cbecc3844b6@group-15FD68912E1A: changes role from CANDIDATE to LEADER at term 1 for changeToLeader
2020-07-09 05:16:39,239 [24ca51e7-b0f8-4d63-a105-3cbecc3844b6@group-15FD68912E1A-LeaderElection74] INFO  ratis.XceiverServerRatis (XceiverServerRatis.java:handleLeaderChangedNotification(762)) - Leader change notification received for group: group-15FD68912E1A with new leaderId: 24ca51e7-b0f8-4d63-a105-3cbecc3844b6
2020-07-09 05:16:39,239 [24ca51e7-b0f8-4d63-a105-3cbecc3844b6@group-15FD68912E1A-LeaderElection74] INFO  impl.RaftServerImpl (ServerState.java:setLeader(255)) - 24ca51e7-b0f8-4d63-a105-3cbecc3844b6@group-15FD68912E1A: change Leader from null to 24ca51e7-b0f8-4d63-a105-3cbecc3844b6 at term 1 for becomeLeader, leader elected after 5164ms
2020-07-09 05:16:39,239 [24ca51e7-b0f8-4d63-a105-3cbecc3844b6@group-15FD68912E1A-LeaderElection74] INFO  server.RaftServerConfigKeys (ConfUtils.java:logGet(44)) - raft.server.staging.catchup.gap = 1000 (default)
2020-07-09 05:16:39,239 [24ca51e7-b0f8-4d63-a105-3cbecc3844b6@group-15FD68912E1A-LeaderElection74] INFO  server.RaftServerConfigKeys (ConfUtils.java:logGet(44)) - raft.server.rpc.sleep.time = 25ms (default)
2020-07-09 05:16:39,239 [24ca51e7-b0f8-4d63-a105-3cbecc3844b6@group-15FD68912E1A-LeaderElection74] INFO  metrics.RatisMetrics (RatisMetrics.java:lambda$create$0(36)) - Creating Metrics Registry : ratis.log_appender.24ca51e7-b0f8-4d63-a105-3cbecc3844b6@group-15FD68912E1A
2020-07-09 05:16:39,239 [24ca51e7-b0f8-4d63-a105-3cbecc3844b6@group-15FD68912E1A-LeaderElection74] INFO  server.RaftServerConfigKeys (ConfUtils.java:logGet(44)) - raft.server.write.element-limit = 1024 (custom)
2020-07-09 05:16:39,239 [24ca51e7-b0f8-4d63-a105-3cbecc3844b6@group-15FD68912E1A-LeaderElection74] INFO  server.RaftServerConfigKeys (ConfUtils.java:logGet(44)) - raft.server.write.byte-limit = 1073741824 (custom)
2020-07-09 05:16:39,240 [24ca51e7-b0f8-4d63-a105-3cbecc3844b6@group-15FD68912E1A-LeaderElection74] INFO  server.RaftServerConfigKeys (ConfUtils.java:logGet(44)) - raft.server.watch.timeout = 3000ms (custom)
2020-07-09 05:16:39,241 [24ca51e7-b0f8-4d63-a105-3cbecc3844b6@group-15FD68912E1A-LeaderElection74] INFO  server.RaftServerConfigKeys (ConfUtils.java:logGet(44)) - raft.server.watch.timeout.denomination = 1s (default)
2020-07-09 05:16:39,241 [24ca51e7-b0f8-4d63-a105-3cbecc3844b6@group-15FD68912E1A-LeaderElection74] INFO  server.RaftServerConfigKeys (ConfUtils.java:logGet(44)) - raft.server.watch.element-limit = 65536 (default)
2020-07-09 05:16:39,241 [24ca51e7-b0f8-4d63-a105-3cbecc3844b6@group-15FD68912E1A-LeaderElection74] INFO  impl.RoleInfo (RoleInfo.java:updateAndGet(143)) - 24ca51e7-b0f8-4d63-a105-3cbecc3844b6: start LeaderState
2020-07-09 05:16:39,241 [24ca51e7-b0f8-4d63-a105-3cbecc3844b6@group-15FD68912E1A-LeaderElection74] INFO  segmented.SegmentedRaftLogWorker (SegmentedRaftLogWorker.java:startLogSegment(397)) - 24ca51e7-b0f8-4d63-a105-3cbecc3844b6@group-15FD68912E1A-SegmentedRaftLogWorker: Starting segment from index:0
2020-07-09 05:16:39,242 [24ca51e7-b0f8-4d63-a105-3cbecc3844b6@group-15FD68912E1A-LeaderElection74] INFO  impl.RaftServerImpl (ServerState.java:setRaftConf(356)) - 24ca51e7-b0f8-4d63-a105-3cbecc3844b6@group-15FD68912E1A: set configuration 0: [24ca51e7-b0f8-4d63-a105-3cbecc3844b6:172.17.0.2:40419], old=null at 0
2020-07-09 05:16:39,242 [24ca51e7-b0f8-4d63-a105-3cbecc3844b6@group-15FD68912E1A-SegmentedRaftLogWorker] INFO  segmented.SegmentedRaftLogWorker (SegmentedRaftLogWorker.java:execute(596)) - 24ca51e7-b0f8-4d63-a105-3cbecc3844b6@group-15FD68912E1A-SegmentedRaftLogWorker: created new log segment /github/workspace/mnt/ozone/hadoop-ozone/integration-test/target/test-dir/MiniOzoneClusterImpl-d071943e-99b5-4a6b-9dcd-d6487b458803/datanode-2/data/ratis/435d91a2-b26f-4933-a4ea-15fd68912e1a/current/log_inprogress_0
2020-07-09 05:16:39,242 [2e380eeb-fc9c-4285-bf60-968042885e92@group-DA5563A61CFD-LeaderElection75] INFO  impl.LeaderElection (LeaderElection.java:askForVotes(206)) - 2e380eeb-fc9c-4285-bf60-968042885e92@group-DA5563A61CFD-LeaderElection75: begin an election at term 1 for -1: [2e380eeb-fc9c-4285-bf60-968042885e92:172.17.0.2:35311, 6bbe18f0-a18d-467d-ac04-38543da40044:172.17.0.2:45411, 869115d6-4be2-4620-adee-449672856935:172.17.0.2:43919], old=null
2020-07-09 05:16:39,247 [grpc-default-executor-9] DEBUG impl.RaftServerImpl (RaftServerImpl.java:requestVote(821)) - 6bbe18f0-a18d-467d-ac04-38543da40044@group-DA5563A61CFD: receive requestVote(2e380eeb-fc9c-4285-bf60-968042885e92, group-DA5563A61CFD, 1, (t:0, i:0))
2020-07-09 05:16:39,248 [grpc-default-executor-9] INFO  impl.RaftServerImpl (RaftServerImpl.java:setRole(175)) - 6bbe18f0-a18d-467d-ac04-38543da40044@group-DA5563A61CFD: changes role from  FOLLOWER to FOLLOWER at term 1 for recognizeCandidate:2e380eeb-fc9c-4285-bf60-968042885e92
2020-07-09 05:16:39,249 [grpc-default-executor-9] INFO  impl.RoleInfo (RoleInfo.java:shutdownFollowerState(121)) - 6bbe18f0-a18d-467d-ac04-38543da40044: shutdown FollowerState
2020-07-09 05:16:39,249 [grpc-default-executor-9] INFO  impl.RoleInfo (RoleInfo.java:updateAndGet(143)) - 6bbe18f0-a18d-467d-ac04-38543da40044: start FollowerState
2020-07-09 05:16:39,249 [Thread-1780] INFO  impl.FollowerState (FollowerState.java:run(117)) - 6bbe18f0-a18d-467d-ac04-38543da40044@group-DA5563A61CFD-FollowerState was interrupted: java.lang.InterruptedException: sleep interrupted
2020-07-09 05:16:39,249 [Thread-1775] INFO  impl.FollowerState (FollowerState.java:run(108)) - 2e380eeb-fc9c-4285-bf60-968042885e92@group-DC179432F4E7-FollowerState: change to CANDIDATE, lastRpcTime:5034ms, electionTimeout:5034ms
2020-07-09 05:16:39,250 [Thread-1775] INFO  impl.RoleInfo (RoleInfo.java:shutdownFollowerState(121)) - 2e380eeb-fc9c-4285-bf60-968042885e92: shutdown FollowerState
2020-07-09 05:16:39,250 [Thread-1775] INFO  impl.RaftServerImpl (RaftServerImpl.java:setRole(175)) - 2e380eeb-fc9c-4285-bf60-968042885e92@group-DC179432F4E7: changes role from  FOLLOWER to CANDIDATE at term 0 for changeToCandidate
2020-07-09 05:16:39,250 [Thread-1775] INFO  impl.RoleInfo (RoleInfo.java:updateAndGet(143)) - 2e380eeb-fc9c-4285-bf60-968042885e92: start LeaderElection
2020-07-09 05:16:39,255 [grpc-default-executor-9] DEBUG impl.RaftServerImpl (RaftServerImpl.java:requestVote(853)) - 6bbe18f0-a18d-467d-ac04-38543da40044@group-DA5563A61CFD replies to vote request: 2e380eeb-fc9c-4285-bf60-968042885e92<-6bbe18f0-a18d-467d-ac04-38543da40044#0:OK-t1. Peer's state: 6bbe18f0-a18d-467d-ac04-38543da40044@group-DA5563A61CFD:t1, leader=null, voted=2e380eeb-fc9c-4285-bf60-968042885e92, raftlog=6bbe18f0-a18d-467d-ac04-38543da40044@group-DA5563A61CFD-SegmentedRaftLog:OPENED:c-1,f-1,i0, conf=-1: [2e380eeb-fc9c-4285-bf60-968042885e92:172.17.0.2:35311, 6bbe18f0-a18d-467d-ac04-38543da40044:172.17.0.2:45411, 869115d6-4be2-4620-adee-449672856935:172.17.0.2:43919], old=null
2020-07-09 05:16:39,260 [grpc-default-executor-9] DEBUG impl.RaftServerImpl (RaftServerImpl.java:requestVote(821)) - 869115d6-4be2-4620-adee-449672856935@group-DA5563A61CFD: receive requestVote(2e380eeb-fc9c-4285-bf60-968042885e92, group-DA5563A61CFD, 1, (t:0, i:0))
2020-07-09 05:16:39,260 [grpc-default-executor-9] INFO  impl.RaftServerImpl (RaftServerImpl.java:setRole(175)) - 869115d6-4be2-4620-adee-449672856935@group-DA5563A61CFD: changes role from  FOLLOWER to FOLLOWER at term 1 for recognizeCandidate:2e380eeb-fc9c-4285-bf60-968042885e92
2020-07-09 05:16:39,260 [grpc-default-executor-9] INFO  impl.RoleInfo (RoleInfo.java:shutdownFollowerState(121)) - 869115d6-4be2-4620-adee-449672856935: shutdown FollowerState
2020-07-09 05:16:39,260 [grpc-default-executor-9] INFO  impl.RoleInfo (RoleInfo.java:updateAndGet(143)) - 869115d6-4be2-4620-adee-449672856935: start FollowerState
2020-07-09 05:16:39,261 [Thread-1772] INFO  impl.FollowerState (FollowerState.java:run(117)) - 869115d6-4be2-4620-adee-449672856935@group-DA5563A61CFD-FollowerState was interrupted: java.lang.InterruptedException: sleep interrupted
2020-07-09 05:16:39,261 [2e380eeb-fc9c-4285-bf60-968042885e92@group-DA5563A61CFD-LeaderElection75] INFO  impl.LeaderElection (LeaderElection.java:logAndReturn(61)) - 2e380eeb-fc9c-4285-bf60-968042885e92@group-DA5563A61CFD-LeaderElection75: Election PASSED; received 1 response(s) [2e380eeb-fc9c-4285-bf60-968042885e92<-6bbe18f0-a18d-467d-ac04-38543da40044#0:OK-t1] and 0 exception(s); 2e380eeb-fc9c-4285-bf60-968042885e92@group-DA5563A61CFD:t1, leader=null, voted=2e380eeb-fc9c-4285-bf60-968042885e92, raftlog=2e380eeb-fc9c-4285-bf60-968042885e92@group-DA5563A61CFD-SegmentedRaftLog:OPENED:c-1,f-1,i0, conf=-1: [2e380eeb-fc9c-4285-bf60-968042885e92:172.17.0.2:35311, 6bbe18f0-a18d-467d-ac04-38543da40044:172.17.0.2:45411, 869115d6-4be2-4620-adee-449672856935:172.17.0.2:43919], old=null
2020-07-09 05:16:39,261 [2e380eeb-fc9c-4285-bf60-968042885e92@group-DA5563A61CFD-LeaderElection75] INFO  impl.RoleInfo (RoleInfo.java:shutdownLeaderElection(134)) - 2e380eeb-fc9c-4285-bf60-968042885e92: shutdown LeaderElection
2020-07-09 05:16:39,261 [2e380eeb-fc9c-4285-bf60-968042885e92@group-DA5563A61CFD-LeaderElection75] INFO  impl.RaftServerImpl (RaftServerImpl.java:setRole(175)) - 2e380eeb-fc9c-4285-bf60-968042885e92@group-DA5563A61CFD: changes role from CANDIDATE to LEADER at term 1 for changeToLeader
2020-07-09 05:16:39,262 [2e380eeb-fc9c-4285-bf60-968042885e92@group-DA5563A61CFD-LeaderElection75] INFO  ratis.XceiverServerRatis (XceiverServerRatis.java:handleLeaderChangedNotification(762)) - Leader change notification received for group: group-DA5563A61CFD with new leaderId: 2e380eeb-fc9c-4285-bf60-968042885e92
2020-07-09 05:16:39,262 [2e380eeb-fc9c-4285-bf60-968042885e92@group-DA5563A61CFD-LeaderElection75] INFO  impl.RaftServerImpl (ServerState.java:setLeader(255)) - 2e380eeb-fc9c-4285-bf60-968042885e92@group-DA5563A61CFD: change Leader from null to 2e380eeb-fc9c-4285-bf60-968042885e92 at term 1 for becomeLeader, leader elected after 5053ms
2020-07-09 05:16:39,262 [2e380eeb-fc9c-4285-bf60-968042885e92@group-DA5563A61CFD-LeaderElection75] INFO  server.RaftServerConfigKeys (ConfUtils.java:logGet(44)) - raft.server.staging.catchup.gap = 1000 (default)
2020-07-09 05:16:39,262 [2e380eeb-fc9c-4285-bf60-968042885e92@group-DA5563A61CFD-LeaderElection75] INFO  server.RaftServerConfigKeys (ConfUtils.java:logGet(44)) - raft.server.rpc.sleep.time = 25ms (default)
2020-07-09 05:16:39,262 [2e380eeb-fc9c-4285-bf60-968042885e92@group-DA5563A61CFD-LeaderElection75] INFO  metrics.RatisMetrics (RatisMetrics.java:lambda$create$0(36)) - Creating Metrics Registry : ratis.log_appender.2e380eeb-fc9c-4285-bf60-968042885e92@group-DA5563A61CFD
2020-07-09 05:16:39,262 [2e380eeb-fc9c-4285-bf60-968042885e92@group-DA5563A61CFD-LeaderElection75] INFO  server.RaftServerConfigKeys (ConfUtils.java:logGet(44)) - raft.server.write.element-limit = 1024 (custom)
2020-07-09 05:16:39,262 [2e380eeb-fc9c-4285-bf60-968042885e92@group-DA5563A61CFD-LeaderElection75] INFO  server.RaftServerConfigKeys (ConfUtils.java:logGet(44)) - raft.server.write.byte-limit = 1073741824 (custom)
2020-07-09 05:16:39,263 [2e380eeb-fc9c-4285-bf60-968042885e92@group-DA5563A61CFD-LeaderElection75] INFO  server.RaftServerConfigKeys (ConfUtils.java:logGet(44)) - raft.server.watch.timeout = 3000ms (custom)
2020-07-09 05:16:39,263 [2e380eeb-fc9c-4285-bf60-968042885e92@group-DA5563A61CFD-LeaderElection75] INFO  server.RaftServerConfigKeys (ConfUtils.java:logGet(44)) - raft.server.watch.timeout.denomination = 1s (default)
2020-07-09 05:16:39,263 [2e380eeb-fc9c-4285-bf60-968042885e92@group-DA5563A61CFD-LeaderElection75] INFO  server.RaftServerConfigKeys (ConfUtils.java:logGet(44)) - raft.server.watch.element-limit = 65536 (default)
2020-07-09 05:16:39,263 [2e380eeb-fc9c-4285-bf60-968042885e92@group-DA5563A61CFD-LeaderElection75] INFO  server.RaftServerConfigKeys (ConfUtils.java:logGet(44)) - raft.server.log.appender.snapshot.chunk.size.max = 16MB (=16777216) (default)
2020-07-09 05:16:39,263 [2e380eeb-fc9c-4285-bf60-968042885e92@group-DA5563A61CFD-LeaderElection75] INFO  server.RaftServerConfigKeys (ConfUtils.java:logGet(44)) - raft.server.log.appender.buffer.byte-limit = 33554432 (custom)
2020-07-09 05:16:39,263 [2e380eeb-fc9c-4285-bf60-968042885e92@group-DA5563A61CFD-LeaderElection75] INFO  server.RaftServerConfigKeys (ConfUtils.java:logGet(44)) - raft.server.log.appender.buffer.element-limit = 1 (custom)
2020-07-09 05:16:39,263 [2e380eeb-fc9c-4285-bf60-968042885e92@group-DA5563A61CFD-LeaderElection75] INFO  grpc.GrpcConfigKeys (ConfUtils.java:logGet(44)) - raft.grpc.server.leader.outstanding.appends.max = 128 (default)
2020-07-09 05:16:39,263 [2e380eeb-fc9c-4285-bf60-968042885e92@group-DA5563A61CFD-LeaderElection75] INFO  server.RaftServerConfigKeys (ConfUtils.java:logGet(44)) - raft.server.rpc.request.timeout = 3000ms (default)
2020-07-09 05:16:39,263 [2e380eeb-fc9c-4285-bf60-968042885e92@group-DA5563A61CFD-LeaderElection75] INFO  server.RaftServerConfigKeys (ConfUtils.java:logGet(44)) - raft.server.log.appender.install.snapshot.enabled = false (custom)
2020-07-09 05:16:39,263 [2e380eeb-fc9c-4285-bf60-968042885e92@group-DA5563A61CFD-LeaderElection75] INFO  metrics.RatisMetrics (RatisMetrics.java:lambda$create$0(36)) - Creating Metrics Registry : ratis_grpc.log_appender.2e380eeb-fc9c-4285-bf60-968042885e92@group-DA5563A61CFD
2020-07-09 05:16:39,266 [2e380eeb-fc9c-4285-bf60-968042885e92@group-DA5563A61CFD-LeaderElection75] INFO  server.RaftServerConfigKeys (ConfUtils.java:logGet(44)) - raft.server.log.appender.snapshot.chunk.size.max = 16MB (=16777216) (default)
2020-07-09 05:16:39,266 [2e380eeb-fc9c-4285-bf60-968042885e92@group-DA5563A61CFD-LeaderElection75] INFO  server.RaftServerConfigKeys (ConfUtils.java:logGet(44)) - raft.server.log.appender.buffer.byte-limit = 33554432 (custom)
2020-07-09 05:16:39,266 [grpc-default-executor-9] DEBUG impl.RaftServerImpl (RaftServerImpl.java:requestVote(853)) - 869115d6-4be2-4620-adee-449672856935@group-DA5563A61CFD replies to vote request: 2e380eeb-fc9c-4285-bf60-968042885e92<-869115d6-4be2-4620-adee-449672856935#0:OK-t1. Peer's state: 869115d6-4be2-4620-adee-449672856935@group-DA5563A61CFD:t1, leader=null, voted=2e380eeb-fc9c-4285-bf60-968042885e92, raftlog=869115d6-4be2-4620-adee-449672856935@group-DA5563A61CFD-SegmentedRaftLog:OPENED:c-1,f-1,i0, conf=-1: [2e380eeb-fc9c-4285-bf60-968042885e92:172.17.0.2:35311, 6bbe18f0-a18d-467d-ac04-38543da40044:172.17.0.2:45411, 869115d6-4be2-4620-adee-449672856935:172.17.0.2:43919], old=null
2020-07-09 05:16:39,266 [EventQueue-PipelineReportForPipelineReportHandler] INFO  pipeline.PipelineStateManager (PipelineStateManager.java:openPipeline(131)) - Pipeline Pipeline[ Id: df910146-1b09-4cdf-9957-da5563a61cfd, Nodes: 2e380eeb-fc9c-4285-bf60-968042885e92{ip: 172.17.0.2, host: 787407461a64, networkLocation: /default-rack, certSerialId: null}869115d6-4be2-4620-adee-449672856935{ip: 172.17.0.2, host: 787407461a64, networkLocation: /default-rack, certSerialId: null}6bbe18f0-a18d-467d-ac04-38543da40044{ip: 172.17.0.2, host: 787407461a64, networkLocation: /default-rack, certSerialId: null}, Type:RATIS, Factor:THREE, State:ALLOCATED, leaderId:2e380eeb-fc9c-4285-bf60-968042885e92, CreationTimestamp2020-07-09T05:16:31.230Z] moved to OPEN state
2020-07-09 05:16:39,267 [EventQueue-OpenPipelineForHealthyPipelineSafeModeRule] INFO  safemode.SCMSafeModeManager (HealthyPipelineSafeModeRule.java:process(129)) - SCM in safe mode. Healthy pipelines reported count is 1, required healthy pipeline reported count is 1
2020-07-09 05:16:39,267 [EventQueue-OpenPipelineForHealthyPipelineSafeModeRule] INFO  safemode.SCMSafeModeManager (SCMSafeModeManager.java:validateSafeModeExitRules(214)) - HealthyPipelineSafeModeRule rule is successfully validated
2020-07-09 05:16:39,267 [EventQueue-OpenPipelineForHealthyPipelineSafeModeRule] INFO  safemode.SCMSafeModeManager (SCMSafeModeManager.java:validateSafeModeExitRules(228)) - ScmSafeModeManager, all rules are successfully validated
2020-07-09 05:16:39,267 [EventQueue-OpenPipelineForHealthyPipelineSafeModeRule] INFO  safemode.SCMSafeModeManager (SCMSafeModeManager.java:exitSafeMode(257)) - SCM exiting safe mode.
2020-07-09 05:16:39,267 [2e380eeb-fc9c-4285-bf60-968042885e92@group-DA5563A61CFD-LeaderElection75] INFO  server.RaftServerConfigKeys (ConfUtils.java:logGet(44)) - raft.server.log.appender.buffer.element-limit = 1 (custom)
2020-07-09 05:16:39,268 [2e380eeb-fc9c-4285-bf60-968042885e92@group-DC179432F4E7-LeaderElection76] INFO  impl.LeaderElection (LeaderElection.java:askForVotes(206)) - 2e380eeb-fc9c-4285-bf60-968042885e92@group-DC179432F4E7-LeaderElection76: begin an election at term 1 for -1: [2e380eeb-fc9c-4285-bf60-968042885e92:172.17.0.2:35311], old=null
2020-07-09 05:16:39,269 [2e380eeb-fc9c-4285-bf60-968042885e92@group-DC179432F4E7-LeaderElection76] INFO  impl.RoleInfo (RoleInfo.java:shutdownLeaderElection(134)) - 2e380eeb-fc9c-4285-bf60-968042885e92: shutdown LeaderElection
2020-07-09 05:16:39,269 [2e380eeb-fc9c-4285-bf60-968042885e92@group-DC179432F4E7-LeaderElection76] INFO  impl.RaftServerImpl (RaftServerImpl.java:setRole(175)) - 2e380eeb-fc9c-4285-bf60-968042885e92@group-DC179432F4E7: changes role from CANDIDATE to LEADER at term 1 for changeToLeader
2020-07-09 05:16:39,269 [2e380eeb-fc9c-4285-bf60-968042885e92@group-DC179432F4E7-LeaderElection76] INFO  ratis.XceiverServerRatis (XceiverServerRatis.java:handleLeaderChangedNotification(762)) - Leader change notification received for group: group-DC179432F4E7 with new leaderId: 2e380eeb-fc9c-4285-bf60-968042885e92
2020-07-09 05:16:39,270 [2e380eeb-fc9c-4285-bf60-968042885e92@group-DC179432F4E7-LeaderElection76] INFO  impl.RaftServerImpl (ServerState.java:setLeader(255)) - 2e380eeb-fc9c-4285-bf60-968042885e92@group-DC179432F4E7: change Leader from null to 2e380eeb-fc9c-4285-bf60-968042885e92 at term 1 for becomeLeader, leader elected after 5072ms
2020-07-09 05:16:39,270 [2e380eeb-fc9c-4285-bf60-968042885e92@group-DA5563A61CFD-LeaderElection75] INFO  grpc.GrpcConfigKeys (ConfUtils.java:logGet(44)) - raft.grpc.server.leader.outstanding.appends.max = 128 (default)
2020-07-09 05:16:39,270 [2e380eeb-fc9c-4285-bf60-968042885e92@group-DA5563A61CFD-LeaderElection75] INFO  server.RaftServerConfigKeys (ConfUtils.java:logGet(44)) - raft.server.rpc.request.timeout = 3000ms (default)
2020-07-09 05:16:39,270 [2e380eeb-fc9c-4285-bf60-968042885e92@group-DA5563A61CFD-LeaderElection75] INFO  server.RaftServerConfigKeys (ConfUtils.java:logGet(44)) - raft.server.log.appender.install.snapshot.enabled = false (custom)
2020-07-09 05:16:39,271 [2e380eeb-fc9c-4285-bf60-968042885e92@group-DC179432F4E7-LeaderElection76] INFO  server.RaftServerConfigKeys (ConfUtils.java:logGet(44)) - raft.server.staging.catchup.gap = 1000 (default)
2020-07-09 05:16:39,271 [2e380eeb-fc9c-4285-bf60-968042885e92@group-DC179432F4E7-LeaderElection76] INFO  server.RaftServerConfigKeys (ConfUtils.java:logGet(44)) - raft.server.rpc.sleep.time = 25ms (default)
2020-07-09 05:16:39,271 [2e380eeb-fc9c-4285-bf60-968042885e92@group-DC179432F4E7-LeaderElection76] INFO  metrics.RatisMetrics (RatisMetrics.java:lambda$create$0(36)) - Creating Metrics Registry : ratis.log_appender.2e380eeb-fc9c-4285-bf60-968042885e92@group-DC179432F4E7
2020-07-09 05:16:39,271 [2e380eeb-fc9c-4285-bf60-968042885e92@group-DC179432F4E7-LeaderElection76] INFO  server.RaftServerConfigKeys (ConfUtils.java:logGet(44)) - raft.server.write.element-limit = 1024 (custom)
2020-07-09 05:16:39,271 [2e380eeb-fc9c-4285-bf60-968042885e92@group-DC179432F4E7-LeaderElection76] INFO  server.RaftServerConfigKeys (ConfUtils.java:logGet(44)) - raft.server.write.byte-limit = 1073741824 (custom)
2020-07-09 05:16:39,276 [2e380eeb-fc9c-4285-bf60-968042885e92@group-DC179432F4E7-LeaderElection76] INFO  server.RaftServerConfigKeys (ConfUtils.java:logGet(44)) - raft.server.watch.timeout = 3000ms (custom)
2020-07-09 05:16:39,276 [2e380eeb-fc9c-4285-bf60-968042885e92@group-DC179432F4E7-LeaderElection76] INFO  server.RaftServerConfigKeys (ConfUtils.java:logGet(44)) - raft.server.watch.timeout.denomination = 1s (default)
2020-07-09 05:16:39,276 [2e380eeb-fc9c-4285-bf60-968042885e92@group-DC179432F4E7-LeaderElection76] INFO  server.RaftServerConfigKeys (ConfUtils.java:logGet(44)) - raft.server.watch.element-limit = 65536 (default)
2020-07-09 05:16:39,276 [2e380eeb-fc9c-4285-bf60-968042885e92@group-DA5563A61CFD-LeaderElection75] INFO  impl.RoleInfo (RoleInfo.java:updateAndGet(143)) - 2e380eeb-fc9c-4285-bf60-968042885e92: start LeaderState
2020-07-09 05:16:39,276 [2e380eeb-fc9c-4285-bf60-968042885e92@group-DC179432F4E7-LeaderElection76] INFO  impl.RoleInfo (RoleInfo.java:updateAndGet(143)) - 2e380eeb-fc9c-4285-bf60-968042885e92: start LeaderState
2020-07-09 05:16:39,278 [2e380eeb-fc9c-4285-bf60-968042885e92@group-DA5563A61CFD-LeaderElection75] INFO  segmented.SegmentedRaftLogWorker (SegmentedRaftLogWorker.java:startLogSegment(397)) - 2e380eeb-fc9c-4285-bf60-968042885e92@group-DA5563A61CFD-SegmentedRaftLogWorker: Starting segment from index:0
2020-07-09 05:16:39,278 [2e380eeb-fc9c-4285-bf60-968042885e92@group-DC179432F4E7-LeaderElection76] INFO  segmented.SegmentedRaftLogWorker (SegmentedRaftLogWorker.java:startLogSegment(397)) - 2e380eeb-fc9c-4285-bf60-968042885e92@group-DC179432F4E7-SegmentedRaftLogWorker: Starting segment from index:0
2020-07-09 05:16:39,278 [2e380eeb-fc9c-4285-bf60-968042885e92@group-DC179432F4E7-LeaderElection76] INFO  impl.RaftServerImpl (ServerState.java:setRaftConf(356)) - 2e380eeb-fc9c-4285-bf60-968042885e92@group-DC179432F4E7: set configuration 0: [2e380eeb-fc9c-4285-bf60-968042885e92:172.17.0.2:35311], old=null at 0
2020-07-09 05:16:39,279 [2e380eeb-fc9c-4285-bf60-968042885e92@group-DA5563A61CFD-SegmentedRaftLogWorker] INFO  segmented.SegmentedRaftLogWorker (SegmentedRaftLogWorker.java:execute(596)) - 2e380eeb-fc9c-4285-bf60-968042885e92@group-DA5563A61CFD-SegmentedRaftLogWorker: created new log segment /github/workspace/mnt/ozone/hadoop-ozone/integration-test/target/test-dir/MiniOzoneClusterImpl-d071943e-99b5-4a6b-9dcd-d6487b458803/datanode-4/data/ratis/df910146-1b09-4cdf-9957-da5563a61cfd/current/log_inprogress_0
2020-07-09 05:16:39,279 [2e380eeb-fc9c-4285-bf60-968042885e92@group-DA5563A61CFD-LeaderElection75] INFO  impl.RaftServerImpl (ServerState.java:setRaftConf(356)) - 2e380eeb-fc9c-4285-bf60-968042885e92@group-DA5563A61CFD: set configuration 0: [2e380eeb-fc9c-4285-bf60-968042885e92:172.17.0.2:35311, 6bbe18f0-a18d-467d-ac04-38543da40044:172.17.0.2:45411, 869115d6-4be2-4620-adee-449672856935:172.17.0.2:43919], old=null at 0
2020-07-09 05:16:39,280 [2e380eeb-fc9c-4285-bf60-968042885e92@group-DC179432F4E7-SegmentedRaftLogWorker] INFO  segmented.SegmentedRaftLogWorker (SegmentedRaftLogWorker.java:execute(596)) - 2e380eeb-fc9c-4285-bf60-968042885e92@group-DC179432F4E7-SegmentedRaftLogWorker: created new log segment /github/workspace/mnt/ozone/hadoop-ozone/integration-test/target/test-dir/MiniOzoneClusterImpl-d071943e-99b5-4a6b-9dcd-d6487b458803/datanode-4/data/ratis/7b4745aa-e6c8-4608-b381-dc179432f4e7/current/log_inprogress_0
2020-07-09 05:16:39,289 [grpc-default-executor-9] INFO  ratis.XceiverServerRatis (XceiverServerRatis.java:handleLeaderChangedNotification(762)) - Leader change notification received for group: group-DA5563A61CFD with new leaderId: 2e380eeb-fc9c-4285-bf60-968042885e92
2020-07-09 05:16:39,289 [grpc-default-executor-9] INFO  impl.RaftServerImpl (ServerState.java:setLeader(255)) - 6bbe18f0-a18d-467d-ac04-38543da40044@group-DA5563A61CFD: change Leader from null to 2e380eeb-fc9c-4285-bf60-968042885e92 at term 1 for appendEntries, leader elected after 5053ms
2020-07-09 05:16:39,298 [grpc-default-executor-9] DEBUG impl.RaftServerImpl (RaftServerImpl.java:logAppendEntries(928)) - 6bbe18f0-a18d-467d-ac04-38543da40044@group-DA5563A61CFD: receive appendEntries(2e380eeb-fc9c-4285-bf60-968042885e92, 1, null, 0, false, commits[2e380eeb-fc9c-4285-bf60-968042885e92:c0, 6bbe18f0-a18d-467d-ac04-38543da40044:c-1, 869115d6-4be2-4620-adee-449672856935:c-1], entries: (t:1, i:0), CONFIGURATIONENTRY
2020-07-09 05:16:39,298 [grpc-default-executor-9] INFO  impl.RaftServerImpl (ServerState.java:setRaftConf(356)) - 6bbe18f0-a18d-467d-ac04-38543da40044@group-DA5563A61CFD: set configuration 0: [2e380eeb-fc9c-4285-bf60-968042885e92:172.17.0.2:35311, 6bbe18f0-a18d-467d-ac04-38543da40044:172.17.0.2:45411, 869115d6-4be2-4620-adee-449672856935:172.17.0.2:43919], old=null at 0
2020-07-09 05:16:39,298 [grpc-default-executor-9] INFO  segmented.SegmentedRaftLogWorker (SegmentedRaftLogWorker.java:startLogSegment(397)) - 6bbe18f0-a18d-467d-ac04-38543da40044@group-DA5563A61CFD-SegmentedRaftLogWorker: Starting segment from index:0
2020-07-09 05:16:39,302 [6bbe18f0-a18d-467d-ac04-38543da40044@group-DA5563A61CFD-SegmentedRaftLogWorker] INFO  segmented.SegmentedRaftLogWorker (SegmentedRaftLogWorker.java:execute(596)) - 6bbe18f0-a18d-467d-ac04-38543da40044@group-DA5563A61CFD-SegmentedRaftLogWorker: created new log segment /github/workspace/mnt/ozone/hadoop-ozone/integration-test/target/test-dir/MiniOzoneClusterImpl-d071943e-99b5-4a6b-9dcd-d6487b458803/datanode-5/data/ratis/df910146-1b09-4cdf-9957-da5563a61cfd/current/log_inprogress_0
2020-07-09 05:16:39,309 [grpc-default-executor-2] INFO  ratis.XceiverServerRatis (XceiverServerRatis.java:handleLeaderChangedNotification(762)) - Leader change notification received for group: group-DA5563A61CFD with new leaderId: 2e380eeb-fc9c-4285-bf60-968042885e92
2020-07-09 05:16:39,310 [grpc-default-executor-2] INFO  impl.RaftServerImpl (ServerState.java:setLeader(255)) - 869115d6-4be2-4620-adee-449672856935@group-DA5563A61CFD: change Leader from null to 2e380eeb-fc9c-4285-bf60-968042885e92 at term 1 for appendEntries, leader elected after 5147ms
2020-07-09 05:16:39,310 [grpc-default-executor-9] DEBUG server.GrpcLogAppender (GrpcLogAppender.java:onNext(257)) - 2e380eeb-fc9c-4285-bf60-968042885e92@group-DA5563A61CFD->6bbe18f0-a18d-467d-ac04-38543da40044-AppendLogResponseHandler: received the first reply 2e380eeb-fc9c-4285-bf60-968042885e92<-6bbe18f0-a18d-467d-ac04-38543da40044#0:OK,SUCCESS,nextIndex:1,term:1,followerCommit:-1, request=AppendEntriesRequest:cid=0,entriesCount=0,lastEntry=null
2020-07-09 05:16:39,311 [Thread-1830] DEBUG impl.RaftServerImpl (RaftServerImpl.java:logAppendEntries(928)) - 6bbe18f0-a18d-467d-ac04-38543da40044@group-DA5563A61CFD: succeeded to handle AppendEntries. Reply: 2e380eeb-fc9c-4285-bf60-968042885e92<-6bbe18f0-a18d-467d-ac04-38543da40044#1:OK,SUCCESS,nextIndex:1,term:1,followerCommit:0
2020-07-09 05:16:39,312 [grpc-default-executor-9] DEBUG server.GrpcLogAppender (GrpcLogAppender.java:onNext(257)) - 2e380eeb-fc9c-4285-bf60-968042885e92@group-DA5563A61CFD->6bbe18f0-a18d-467d-ac04-38543da40044-AppendLogResponseHandler: received a reply 2e380eeb-fc9c-4285-bf60-968042885e92<-6bbe18f0-a18d-467d-ac04-38543da40044#1:OK,SUCCESS,nextIndex:1,term:1,followerCommit:0, request=AppendEntriesRequest:cid=1,entriesCount=1,lastEntry=(t:1, i:0)
2020-07-09 05:16:39,313 [grpc-default-executor-2] DEBUG impl.RaftServerImpl (RaftServerImpl.java:logAppendEntries(928)) - 869115d6-4be2-4620-adee-449672856935@group-DA5563A61CFD: receive appendEntries(2e380eeb-fc9c-4285-bf60-968042885e92, 1, null, 0, false, commits[2e380eeb-fc9c-4285-bf60-968042885e92:c0, 6bbe18f0-a18d-467d-ac04-38543da40044:c-1, 869115d6-4be2-4620-adee-449672856935:c-1], entries: (t:1, i:0), CONFIGURATIONENTRY
2020-07-09 05:16:39,313 [grpc-default-executor-2] INFO  impl.RaftServerImpl (ServerState.java:setRaftConf(356)) - 869115d6-4be2-4620-adee-449672856935@group-DA5563A61CFD: set configuration 0: [2e380eeb-fc9c-4285-bf60-968042885e92:172.17.0.2:35311, 6bbe18f0-a18d-467d-ac04-38543da40044:172.17.0.2:45411, 869115d6-4be2-4620-adee-449672856935:172.17.0.2:43919], old=null at 0
2020-07-09 05:16:39,314 [grpc-default-executor-2] INFO  segmented.SegmentedRaftLogWorker (SegmentedRaftLogWorker.java:startLogSegment(397)) - 869115d6-4be2-4620-adee-449672856935@group-DA5563A61CFD-SegmentedRaftLogWorker: Starting segment from index:0
2020-07-09 05:16:39,318 [grpc-default-executor-2] DEBUG server.GrpcLogAppender (GrpcLogAppender.java:onNext(257)) - 2e380eeb-fc9c-4285-bf60-968042885e92@group-DA5563A61CFD->869115d6-4be2-4620-adee-449672856935-AppendLogResponseHandler: received the first reply 2e380eeb-fc9c-4285-bf60-968042885e92<-869115d6-4be2-4620-adee-449672856935#0:OK,SUCCESS,nextIndex:1,term:1,followerCommit:-1, request=AppendEntriesRequest:cid=0,entriesCount=0,lastEntry=null
2020-07-09 05:16:39,318 [869115d6-4be2-4620-adee-449672856935@group-DA5563A61CFD-SegmentedRaftLogWorker] INFO  segmented.SegmentedRaftLogWorker (SegmentedRaftLogWorker.java:execute(596)) - 869115d6-4be2-4620-adee-449672856935@group-DA5563A61CFD-SegmentedRaftLogWorker: created new log segment /github/workspace/mnt/ozone/hadoop-ozone/integration-test/target/test-dir/MiniOzoneClusterImpl-d071943e-99b5-4a6b-9dcd-d6487b458803/datanode-3/data/ratis/df910146-1b09-4cdf-9957-da5563a61cfd/current/log_inprogress_0
2020-07-09 05:16:39,322 [Thread-1832] DEBUG impl.RaftServerImpl (RaftServerImpl.java:logAppendEntries(928)) - 869115d6-4be2-4620-adee-449672856935@group-DA5563A61CFD: succeeded to handle AppendEntries. Reply: 2e380eeb-fc9c-4285-bf60-968042885e92<-869115d6-4be2-4620-adee-449672856935#1:OK,SUCCESS,nextIndex:1,term:1,followerCommit:0
2020-07-09 05:16:39,323 [grpc-default-executor-2] DEBUG server.GrpcLogAppender (GrpcLogAppender.java:onNext(257)) - 2e380eeb-fc9c-4285-bf60-968042885e92@group-DA5563A61CFD->869115d6-4be2-4620-adee-449672856935-AppendLogResponseHandler: received a reply 2e380eeb-fc9c-4285-bf60-968042885e92<-869115d6-4be2-4620-adee-449672856935#1:OK,SUCCESS,nextIndex:1,term:1,followerCommit:0, request=AppendEntriesRequest:cid=1,entriesCount=1,lastEntry=(t:1, i:0)
2020-07-09 05:16:39,343 [Thread-1782] INFO  impl.FollowerState (FollowerState.java:run(108)) - 6bbe18f0-a18d-467d-ac04-38543da40044@group-4B8A71137631-FollowerState: change to CANDIDATE, lastRpcTime:5084ms, electionTimeout:5080ms
2020-07-09 05:16:39,343 [Thread-1782] INFO  impl.RoleInfo (RoleInfo.java:shutdownFollowerState(121)) - 6bbe18f0-a18d-467d-ac04-38543da40044: shutdown FollowerState
2020-07-09 05:16:39,344 [Thread-1782] INFO  impl.RaftServerImpl (RaftServerImpl.java:setRole(175)) - 6bbe18f0-a18d-467d-ac04-38543da40044@group-4B8A71137631: changes role from  FOLLOWER to CANDIDATE at term 0 for changeToCandidate
2020-07-09 05:16:39,344 [Thread-1782] INFO  impl.RoleInfo (RoleInfo.java:updateAndGet(143)) - 6bbe18f0-a18d-467d-ac04-38543da40044: start LeaderElection
2020-07-09 05:16:39,348 [6bbe18f0-a18d-467d-ac04-38543da40044@group-4B8A71137631-LeaderElection77] INFO  impl.LeaderElection (LeaderElection.java:askForVotes(206)) - 6bbe18f0-a18d-467d-ac04-38543da40044@group-4B8A71137631-LeaderElection77: begin an election at term 1 for -1: [6bbe18f0-a18d-467d-ac04-38543da40044:172.17.0.2:45411], old=null
2020-07-09 05:16:39,348 [6bbe18f0-a18d-467d-ac04-38543da40044@group-4B8A71137631-LeaderElection77] INFO  impl.RoleInfo (RoleInfo.java:shutdownLeaderElection(134)) - 6bbe18f0-a18d-467d-ac04-38543da40044: shutdown LeaderElection
2020-07-09 05:16:39,348 [6bbe18f0-a18d-467d-ac04-38543da40044@group-4B8A71137631-LeaderElection77] INFO  impl.RaftServerImpl (RaftServerImpl.java:setRole(175)) - 6bbe18f0-a18d-467d-ac04-38543da40044@group-4B8A71137631: changes role from CANDIDATE to LEADER at term 1 for changeToLeader
2020-07-09 05:16:39,348 [6bbe18f0-a18d-467d-ac04-38543da40044@group-4B8A71137631-LeaderElection77] INFO  ratis.XceiverServerRatis (XceiverServerRatis.java:handleLeaderChangedNotification(762)) - Leader change notification received for group: group-4B8A71137631 with new leaderId: 6bbe18f0-a18d-467d-ac04-38543da40044
2020-07-09 05:16:39,348 [6bbe18f0-a18d-467d-ac04-38543da40044@group-4B8A71137631-LeaderElection77] INFO  impl.RaftServerImpl (ServerState.java:setLeader(255)) - 6bbe18f0-a18d-467d-ac04-38543da40044@group-4B8A71137631: change Leader from null to 6bbe18f0-a18d-467d-ac04-38543da40044 at term 1 for becomeLeader, leader elected after 5099ms
2020-07-09 05:16:39,349 [6bbe18f0-a18d-467d-ac04-38543da40044@group-4B8A71137631-LeaderElection77] INFO  server.RaftServerConfigKeys (ConfUtils.java:logGet(44)) - raft.server.staging.catchup.gap = 1000 (default)
2020-07-09 05:16:39,349 [6bbe18f0-a18d-467d-ac04-38543da40044@group-4B8A71137631-LeaderElection77] INFO  server.RaftServerConfigKeys (ConfUtils.java:logGet(44)) - raft.server.rpc.sleep.time = 25ms (default)
2020-07-09 05:16:39,349 [6bbe18f0-a18d-467d-ac04-38543da40044@group-4B8A71137631-LeaderElection77] INFO  metrics.RatisMetrics (RatisMetrics.java:lambda$create$0(36)) - Creating Metrics Registry : ratis.log_appender.6bbe18f0-a18d-467d-ac04-38543da40044@group-4B8A71137631
2020-07-09 05:16:39,349 [6bbe18f0-a18d-467d-ac04-38543da40044@group-4B8A71137631-LeaderElection77] INFO  server.RaftServerConfigKeys (ConfUtils.java:logGet(44)) - raft.server.write.element-limit = 1024 (custom)
2020-07-09 05:16:39,349 [6bbe18f0-a18d-467d-ac04-38543da40044@group-4B8A71137631-LeaderElection77] INFO  server.RaftServerConfigKeys (ConfUtils.java:logGet(44)) - raft.server.write.byte-limit = 1073741824 (custom)
2020-07-09 05:16:39,350 [6bbe18f0-a18d-467d-ac04-38543da40044@group-4B8A71137631-LeaderElection77] INFO  server.RaftServerConfigKeys (ConfUtils.java:logGet(44)) - raft.server.watch.timeout = 3000ms (custom)
2020-07-09 05:16:39,350 [6bbe18f0-a18d-467d-ac04-38543da40044@group-4B8A71137631-LeaderElection77] INFO  server.RaftServerConfigKeys (ConfUtils.java:logGet(44)) - raft.server.watch.timeout.denomination = 1s (default)
2020-07-09 05:16:39,350 [6bbe18f0-a18d-467d-ac04-38543da40044@group-4B8A71137631-LeaderElection77] INFO  server.RaftServerConfigKeys (ConfUtils.java:logGet(44)) - raft.server.watch.element-limit = 65536 (default)
2020-07-09 05:16:39,351 [6bbe18f0-a18d-467d-ac04-38543da40044@group-4B8A71137631-LeaderElection77] INFO  impl.RoleInfo (RoleInfo.java:updateAndGet(143)) - 6bbe18f0-a18d-467d-ac04-38543da40044: start LeaderState
2020-07-09 05:16:39,351 [6bbe18f0-a18d-467d-ac04-38543da40044@group-4B8A71137631-LeaderElection77] INFO  segmented.SegmentedRaftLogWorker (SegmentedRaftLogWorker.java:startLogSegment(397)) - 6bbe18f0-a18d-467d-ac04-38543da40044@group-4B8A71137631-SegmentedRaftLogWorker: Starting segment from index:0
2020-07-09 05:16:39,353 [6bbe18f0-a18d-467d-ac04-38543da40044@group-4B8A71137631-SegmentedRaftLogWorker] INFO  segmented.SegmentedRaftLogWorker (SegmentedRaftLogWorker.java:execute(596)) - 6bbe18f0-a18d-467d-ac04-38543da40044@group-4B8A71137631-SegmentedRaftLogWorker: created new log segment /github/workspace/mnt/ozone/hadoop-ozone/integration-test/target/test-dir/MiniOzoneClusterImpl-d071943e-99b5-4a6b-9dcd-d6487b458803/datanode-5/data/ratis/d2464c40-faa1-4910-b793-4b8a71137631/current/log_inprogress_0
2020-07-09 05:16:39,357 [6bbe18f0-a18d-467d-ac04-38543da40044@group-4B8A71137631-LeaderElection77] INFO  impl.RaftServerImpl (ServerState.java:setRaftConf(356)) - 6bbe18f0-a18d-467d-ac04-38543da40044@group-4B8A71137631: set configuration 0: [6bbe18f0-a18d-467d-ac04-38543da40044:172.17.0.2:45411], old=null at 0
2020-07-09 05:16:39,423 [Listener at 127.0.0.1/38375] INFO  ozone.MiniOzoneClusterImpl (MiniOzoneClusterImpl.java:lambda$waitForClusterToBeReady$0(177)) - Nodes are ready. Got 9 of 9 DN Heartbeats.
2020-07-09 05:16:39,424 [Listener at 127.0.0.1/38375] INFO  ozone.MiniOzoneClusterImpl (MiniOzoneClusterImpl.java:lambda$waitForClusterToBeReady$0(180)) - Cluster exits safe mode
2020-07-09 05:16:39,432 [Listener at 127.0.0.1/38375] INFO  rpc.RpcClient (RpcClient.java:createVolume(313)) - Creating Volume: watchforcommithandlingtest, with jenkins1001 as owner.
2020-07-09 05:16:39,434 [IPC Server handler 1 on default port 38375] INFO  volume.OMVolumeCreateRequest (OMVolumeCreateRequest.java:validateAndUpdateCache(208)) - created volume:watchforcommithandlingtest for user:jenkins1001
2020-07-09 05:16:39,440 [Listener at 127.0.0.1/38375] INFO  rpc.RpcClient (RpcClient.java:createBucket(456)) - Creating Bucket: watchforcommithandlingtest/watchforcommithandlingtest, with Versioning false and Storage Type set to DISK and Encryption set to false 
2020-07-09 05:16:39,443 [Listener at 127.0.0.1/38375] INFO  ozone.MiniOzoneClusterImpl (MiniOzoneClusterImpl.java:getStorageContainerLocationClient(289)) - Creating StorageContainerLocationProtocol RPC client with address /0.0.0.0:42305
2020-07-09 05:16:39,461 [grpc-default-executor-9] DEBUG impl.RaftServerImpl (RaftServerImpl.java:submitClientRequestAsync(575)) - 2e380eeb-fc9c-4285-bf60-968042885e92@group-DA5563A61CFD: receive client request(RaftClientRequest:client-EC9378C5AA24->2e380eeb-fc9c-4285-bf60-968042885e92@group-DA5563A61CFD, cid=74, seq=1*, Watch(0), Message:<EMPTY>)
2020-07-09 05:16:39,462 [grpc-default-executor-9] DEBUG impl.RaftServerImpl (LeaderState.java:addWatchReqeust(353)) - 2e380eeb-fc9c-4285-bf60-968042885e92@group-DA5563A61CFD-LeaderState: addWatchRequest RaftClientRequest:client-EC9378C5AA24->2e380eeb-fc9c-4285-bf60-968042885e92@group-DA5563A61CFD, cid=74, seq=1*, Watch(0), Message:<EMPTY>
2020-07-09 05:16:39,473 [grpc-default-executor-9] DEBUG impl.RaftServerImpl (RaftServerImpl.java:submitClientRequestAsync(575)) - 2e380eeb-fc9c-4285-bf60-968042885e92@group-DA5563A61CFD: receive client request(RaftClientRequest:client-EC9378C5AA24->2e380eeb-fc9c-4285-bf60-968042885e92@group-DA5563A61CFD, cid=75, seq=2, RW, Message:0000002e080112001801...(size=50))
2020-07-09 05:16:39,474 [grpc-default-executor-9] DEBUG impl.RaftServerImpl (LeaderState.java:addPendingRequest(335)) - 2e380eeb-fc9c-4285-bf60-968042885e92@group-DA5563A61CFD-LeaderState: addPendingRequest at RaftClientRequest:client-EC9378C5AA24->2e380eeb-fc9c-4285-bf60-968042885e92@group-DA5563A61CFD, cid=75, seq=2, RW, Message:0000002e080112001801...(size=50), entry=(t:1, i:1), STATEMACHINELOGENTRY, client-EC9378C5AA24, cid=75
2020-07-09 05:16:39,474 [grpc-default-executor-2] DEBUG impl.RaftServerImpl (RaftServerImpl.java:logAppendEntries(928)) - 6bbe18f0-a18d-467d-ac04-38543da40044@group-DA5563A61CFD: receive appendEntries(2e380eeb-fc9c-4285-bf60-968042885e92, 1, (t:1, i:0), 0, false, commits[2e380eeb-fc9c-4285-bf60-968042885e92:c0, 6bbe18f0-a18d-467d-ac04-38543da40044:c0, 869115d6-4be2-4620-adee-449672856935:c0], entries: (t:1, i:1), STATEMACHINELOGENTRY, client-EC9378C5AA24, cid=75
2020-07-09 05:16:39,475 [grpc-default-executor-9] DEBUG impl.RaftServerImpl (RaftServerImpl.java:logAppendEntries(928)) - 869115d6-4be2-4620-adee-449672856935@group-DA5563A61CFD: receive appendEntries(2e380eeb-fc9c-4285-bf60-968042885e92, 1, (t:1, i:0), 0, false, commits[2e380eeb-fc9c-4285-bf60-968042885e92:c0, 6bbe18f0-a18d-467d-ac04-38543da40044:c0, 869115d6-4be2-4620-adee-449672856935:c0], entries: (t:1, i:1), STATEMACHINELOGENTRY, client-EC9378C5AA24, cid=75
2020-07-09 05:16:39,476 [Thread-1838] DEBUG impl.RaftServerImpl (RaftServerImpl.java:logAppendEntries(928)) - 6bbe18f0-a18d-467d-ac04-38543da40044@group-DA5563A61CFD: succeeded to handle AppendEntries. Reply: 2e380eeb-fc9c-4285-bf60-968042885e92<-6bbe18f0-a18d-467d-ac04-38543da40044#2:OK,SUCCESS,nextIndex:2,term:1,followerCommit:0
2020-07-09 05:16:39,476 [grpc-default-executor-9] DEBUG server.GrpcLogAppender (GrpcLogAppender.java:onNext(257)) - 2e380eeb-fc9c-4285-bf60-968042885e92@group-DA5563A61CFD->6bbe18f0-a18d-467d-ac04-38543da40044-AppendLogResponseHandler: received a reply 2e380eeb-fc9c-4285-bf60-968042885e92<-6bbe18f0-a18d-467d-ac04-38543da40044#2:OK,SUCCESS,nextIndex:2,term:1,followerCommit:0, request=AppendEntriesRequest:cid=2,entriesCount=1,lastEntry=(t:1, i:1)
2020-07-09 05:16:39,482 [grpc-default-executor-2] DEBUG impl.RaftServerImpl (RaftServerImpl.java:logAppendEntries(928)) - 6bbe18f0-a18d-467d-ac04-38543da40044@group-DA5563A61CFD: receive appendEntries(2e380eeb-fc9c-4285-bf60-968042885e92, 1, (t:1, i:1), 1, false, commits[2e380eeb-fc9c-4285-bf60-968042885e92:c1, 6bbe18f0-a18d-467d-ac04-38543da40044:c0, 869115d6-4be2-4620-adee-449672856935:c0], entries: (t:1, i:2), METADATAENTRY(c:1)
2020-07-09 05:16:39,482 [grpc-default-executor-9] DEBUG impl.RaftServerImpl (RaftServerImpl.java:logAppendEntries(928)) - 869115d6-4be2-4620-adee-449672856935@group-DA5563A61CFD: receive appendEntries(2e380eeb-fc9c-4285-bf60-968042885e92, 1, (t:1, i:1), 1, false, commits[2e380eeb-fc9c-4285-bf60-968042885e92:c1, 6bbe18f0-a18d-467d-ac04-38543da40044:c0, 869115d6-4be2-4620-adee-449672856935:c0], entries: (t:1, i:2), METADATAENTRY(c:1)
2020-07-09 05:16:39,483 [Thread-1839] DEBUG impl.RaftServerImpl (RaftServerImpl.java:logAppendEntries(928)) - 869115d6-4be2-4620-adee-449672856935@group-DA5563A61CFD: succeeded to handle AppendEntries. Reply: 2e380eeb-fc9c-4285-bf60-968042885e92<-869115d6-4be2-4620-adee-449672856935#2:OK,SUCCESS,nextIndex:2,term:1,followerCommit:0
2020-07-09 05:16:39,485 [grpc-default-executor-9] DEBUG server.GrpcLogAppender (GrpcLogAppender.java:onNext(257)) - 2e380eeb-fc9c-4285-bf60-968042885e92@group-DA5563A61CFD->869115d6-4be2-4620-adee-449672856935-AppendLogResponseHandler: received a reply 2e380eeb-fc9c-4285-bf60-968042885e92<-869115d6-4be2-4620-adee-449672856935#2:OK,SUCCESS,nextIndex:2,term:1,followerCommit:0, request=AppendEntriesRequest:cid=2,entriesCount=1,lastEntry=(t:1, i:1)
2020-07-09 05:16:39,487 [Thread-1842] DEBUG impl.RaftServerImpl (RaftServerImpl.java:logAppendEntries(928)) - 869115d6-4be2-4620-adee-449672856935@group-DA5563A61CFD: succeeded to handle AppendEntries. Reply: 2e380eeb-fc9c-4285-bf60-968042885e92<-869115d6-4be2-4620-adee-449672856935#3:OK,SUCCESS,nextIndex:3,term:1,followerCommit:1
2020-07-09 05:16:39,487 [grpc-default-executor-9] DEBUG server.GrpcLogAppender (GrpcLogAppender.java:onNext(257)) - 2e380eeb-fc9c-4285-bf60-968042885e92@group-DA5563A61CFD->869115d6-4be2-4620-adee-449672856935-AppendLogResponseHandler: received a reply 2e380eeb-fc9c-4285-bf60-968042885e92<-869115d6-4be2-4620-adee-449672856935#3:OK,SUCCESS,nextIndex:3,term:1,followerCommit:1, request=AppendEntriesRequest:cid=3,entriesCount=1,lastEntry=(t:1, i:2)
2020-07-09 05:16:39,488 [Thread-1841] DEBUG impl.RaftServerImpl (RaftServerImpl.java:logAppendEntries(928)) - 6bbe18f0-a18d-467d-ac04-38543da40044@group-DA5563A61CFD: succeeded to handle AppendEntries. Reply: 2e380eeb-fc9c-4285-bf60-968042885e92<-6bbe18f0-a18d-467d-ac04-38543da40044#3:OK,SUCCESS,nextIndex:3,term:1,followerCommit:1
2020-07-09 05:16:39,489 [grpc-default-executor-9] DEBUG server.GrpcLogAppender (GrpcLogAppender.java:onNext(257)) - 2e380eeb-fc9c-4285-bf60-968042885e92@group-DA5563A61CFD->6bbe18f0-a18d-467d-ac04-38543da40044-AppendLogResponseHandler: received a reply 2e380eeb-fc9c-4285-bf60-968042885e92<-6bbe18f0-a18d-467d-ac04-38543da40044#3:OK,SUCCESS,nextIndex:3,term:1,followerCommit:1, request=AppendEntriesRequest:cid=3,entriesCount=1,lastEntry=(t:1, i:2)
2020-07-09 05:16:39,502 [Thread-1796] INFO  impl.FollowerState (FollowerState.java:run(108)) - abef050d-a82e-4e4e-a507-6d1aa68ef9be@group-FFFA46E2E616-FollowerState: change to CANDIDATE, lastRpcTime:5050ms, electionTimeout:5048ms
2020-07-09 05:16:39,502 [Thread-1796] INFO  impl.RoleInfo (RoleInfo.java:shutdownFollowerState(121)) - abef050d-a82e-4e4e-a507-6d1aa68ef9be: shutdown FollowerState
2020-07-09 05:16:39,502 [Thread-1796] INFO  impl.RaftServerImpl (RaftServerImpl.java:setRole(175)) - abef050d-a82e-4e4e-a507-6d1aa68ef9be@group-FFFA46E2E616: changes role from  FOLLOWER to CANDIDATE at term 0 for changeToCandidate
2020-07-09 05:16:39,504 [Thread-1796] INFO  impl.RoleInfo (RoleInfo.java:updateAndGet(143)) - abef050d-a82e-4e4e-a507-6d1aa68ef9be: start LeaderElection
2020-07-09 05:16:39,510 [Thread-1784] INFO  impl.FollowerState (FollowerState.java:run(108)) - 46ae9337-5f88-408a-bb8b-c1fbd2583d1a@group-FCE1FBA9679A-FollowerState: change to CANDIDATE, lastRpcTime:5174ms, electionTimeout:5172ms
2020-07-09 05:16:39,511 [Thread-1784] INFO  impl.RoleInfo (RoleInfo.java:shutdownFollowerState(121)) - 46ae9337-5f88-408a-bb8b-c1fbd2583d1a: shutdown FollowerState
2020-07-09 05:16:39,511 [Thread-1784] INFO  impl.RaftServerImpl (RaftServerImpl.java:setRole(175)) - 46ae9337-5f88-408a-bb8b-c1fbd2583d1a@group-FCE1FBA9679A: changes role from  FOLLOWER to CANDIDATE at term 0 for changeToCandidate
2020-07-09 05:16:39,511 [Thread-1784] INFO  impl.RoleInfo (RoleInfo.java:updateAndGet(143)) - 46ae9337-5f88-408a-bb8b-c1fbd2583d1a: start LeaderElection
2020-07-09 05:16:39,512 [Listener at 127.0.0.1/38375] INFO  ozone.MiniOzoneClusterImpl (MiniOzoneClusterImpl.java:shutdown(387)) - Shutting down the Mini Ozone Cluster
2020-07-09 05:16:39,512 [Listener at 127.0.0.1/38375] INFO  ozone.MiniOzoneClusterImpl (MiniOzoneClusterImpl.java:stop(402)) - Stopping the Mini Ozone Cluster
2020-07-09 05:16:39,512 [Listener at 127.0.0.1/38375] INFO  ozone.MiniOzoneClusterImpl (MiniOzoneClusterImpl.java:stopOM(484)) - Stopping the OzoneManager
2020-07-09 05:16:39,512 [Listener at 127.0.0.1/38375] INFO  ipc.Server (Server.java:stop(3359)) - Stopping server on 38375
2020-07-09 05:16:39,513 [Thread-1786] INFO  impl.FollowerState (FollowerState.java:run(108)) - 46ae9337-5f88-408a-bb8b-c1fbd2583d1a@group-6B4DF85DC696-FollowerState: change to CANDIDATE, lastRpcTime:5162ms, electionTimeout:5155ms
2020-07-09 05:16:39,518 [Thread-1786] INFO  impl.RoleInfo (RoleInfo.java:shutdownFollowerState(121)) - 46ae9337-5f88-408a-bb8b-c1fbd2583d1a: shutdown FollowerState
2020-07-09 05:16:39,518 [Thread-1786] INFO  impl.RaftServerImpl (RaftServerImpl.java:setRole(175)) - 46ae9337-5f88-408a-bb8b-c1fbd2583d1a@group-6B4DF85DC696: changes role from  FOLLOWER to CANDIDATE at term 0 for changeToCandidate
2020-07-09 05:16:39,518 [Thread-1786] INFO  impl.RoleInfo (RoleInfo.java:updateAndGet(143)) - 46ae9337-5f88-408a-bb8b-c1fbd2583d1a: start LeaderElection
2020-07-09 05:16:39,521 [Listener at 127.0.0.1/38375] INFO  ratis.OzoneManagerDoubleBuffer (OzoneManagerDoubleBuffer.java:stop(458)) - Stopping OMDoubleBuffer flush thread
2020-07-09 05:16:39,521 [IPC Server listener on 0] INFO  ipc.Server (Server.java:run(1330)) - Stopping IPC Server listener on 0
2020-07-09 05:16:39,521 [OMDoubleBufferFlushThread] INFO  ratis.OzoneManagerDoubleBuffer (OzoneManagerDoubleBuffer.java:flushTransactions(357)) - OMDoubleBuffer flush thread OMDoubleBufferFlushThread is interrupted and will exit. OMDoubleBufferFlushThread
2020-07-09 05:16:39,521 [IPC Server Responder] INFO  ipc.Server (Server.java:run(1465)) - Stopping IPC Server Responder
2020-07-09 05:16:39,521 [Listener at 127.0.0.1/38375] INFO  utils.BackgroundService (BackgroundService.java:shutdown(157)) - Shutting down service KeyDeletingService
2020-07-09 05:16:39,522 [Listener at 127.0.0.1/38375] INFO  handler.ContextHandler (ContextHandler.java:doStop(1016)) - Stopped o.e.j.w.WebAppContext@1938f3b3{ozoneManager,/,null,UNAVAILABLE}{file:/github/workspace/mnt/ozone/hadoop-ozone/integration-test/target/test-classes/webapps/ozoneManager}
2020-07-09 05:16:39,523 [Listener at 127.0.0.1/38375] INFO  server.AbstractConnector (AbstractConnector.java:doStop(380)) - Stopped ServerConnector@7336fae3{HTTP/1.1,[http/1.1]}{0.0.0.0:0}
2020-07-09 05:16:39,523 [Listener at 127.0.0.1/38375] INFO  server.session (HouseKeeper.java:stopScavenging(158)) - node0 Stopped scavenging
2020-07-09 05:16:39,523 [Listener at 127.0.0.1/38375] INFO  handler.ContextHandler (ContextHandler.java:doStop(1016)) - Stopped o.e.j.s.ServletContextHandler@6ed000ba{static,/static,file:///github/workspace/mnt/ozone/hadoop-ozone/integration-test/target/test-classes/webapps/static,UNAVAILABLE}
2020-07-09 05:16:39,523 [Listener at 127.0.0.1/38375] INFO  handler.ContextHandler (ContextHandler.java:doStop(1016)) - Stopped o.e.j.s.ServletContextHandler@75fe04d{logs,/logs,file:///github/workspace/mnt/ozone/hadoop-ozone/integration-test/target/log,UNAVAILABLE}
2020-07-09 05:16:39,525 [abef050d-a82e-4e4e-a507-6d1aa68ef9be@group-FFFA46E2E616-LeaderElection78] INFO  impl.LeaderElection (LeaderElection.java:askForVotes(206)) - abef050d-a82e-4e4e-a507-6d1aa68ef9be@group-FFFA46E2E616-LeaderElection78: begin an election at term 1 for -1: [abef050d-a82e-4e4e-a507-6d1aa68ef9be:172.17.0.2:40691], old=null
2020-07-09 05:16:39,525 [abef050d-a82e-4e4e-a507-6d1aa68ef9be@group-FFFA46E2E616-LeaderElection78] INFO  impl.RoleInfo (RoleInfo.java:shutdownLeaderElection(134)) - abef050d-a82e-4e4e-a507-6d1aa68ef9be: shutdown LeaderElection
2020-07-09 05:16:39,525 [abef050d-a82e-4e4e-a507-6d1aa68ef9be@group-FFFA46E2E616-LeaderElection78] INFO  impl.RaftServerImpl (RaftServerImpl.java:setRole(175)) - abef050d-a82e-4e4e-a507-6d1aa68ef9be@group-FFFA46E2E616: changes role from CANDIDATE to LEADER at term 1 for changeToLeader
2020-07-09 05:16:39,525 [abef050d-a82e-4e4e-a507-6d1aa68ef9be@group-FFFA46E2E616-LeaderElection78] INFO  ratis.XceiverServerRatis (XceiverServerRatis.java:handleLeaderChangedNotification(762)) - Leader change notification received for group: group-FFFA46E2E616 with new leaderId: abef050d-a82e-4e4e-a507-6d1aa68ef9be
2020-07-09 05:16:39,526 [abef050d-a82e-4e4e-a507-6d1aa68ef9be@group-FFFA46E2E616-LeaderElection78] INFO  impl.RaftServerImpl (ServerState.java:setLeader(255)) - abef050d-a82e-4e4e-a507-6d1aa68ef9be@group-FFFA46E2E616: change Leader from null to abef050d-a82e-4e4e-a507-6d1aa68ef9be at term 1 for becomeLeader, leader elected after 5092ms
2020-07-09 05:16:39,527 [abef050d-a82e-4e4e-a507-6d1aa68ef9be@group-FFFA46E2E616-LeaderElection78] INFO  server.RaftServerConfigKeys (ConfUtils.java:logGet(44)) - raft.server.staging.catchup.gap = 1000 (default)
2020-07-09 05:16:39,527 [abef050d-a82e-4e4e-a507-6d1aa68ef9be@group-FFFA46E2E616-LeaderElection78] INFO  server.RaftServerConfigKeys (ConfUtils.java:logGet(44)) - raft.server.rpc.sleep.time = 25ms (default)
2020-07-09 05:16:39,527 [abef050d-a82e-4e4e-a507-6d1aa68ef9be@group-FFFA46E2E616-LeaderElection78] INFO  metrics.RatisMetrics (RatisMetrics.java:lambda$create$0(36)) - Creating Metrics Registry : ratis.log_appender.abef050d-a82e-4e4e-a507-6d1aa68ef9be@group-FFFA46E2E616
2020-07-09 05:16:39,527 [abef050d-a82e-4e4e-a507-6d1aa68ef9be@group-FFFA46E2E616-LeaderElection78] INFO  server.RaftServerConfigKeys (ConfUtils.java:logGet(44)) - raft.server.write.element-limit = 1024 (custom)
2020-07-09 05:16:39,527 [abef050d-a82e-4e4e-a507-6d1aa68ef9be@group-FFFA46E2E616-LeaderElection78] INFO  server.RaftServerConfigKeys (ConfUtils.java:logGet(44)) - raft.server.write.byte-limit = 1073741824 (custom)
2020-07-09 05:16:39,528 [abef050d-a82e-4e4e-a507-6d1aa68ef9be@group-FFFA46E2E616-LeaderElection78] INFO  server.RaftServerConfigKeys (ConfUtils.java:logGet(44)) - raft.server.watch.timeout = 3000ms (custom)
2020-07-09 05:16:39,528 [abef050d-a82e-4e4e-a507-6d1aa68ef9be@group-FFFA46E2E616-LeaderElection78] INFO  server.RaftServerConfigKeys (ConfUtils.java:logGet(44)) - raft.server.watch.timeout.denomination = 1s (default)
2020-07-09 05:16:39,528 [abef050d-a82e-4e4e-a507-6d1aa68ef9be@group-FFFA46E2E616-LeaderElection78] INFO  server.RaftServerConfigKeys (ConfUtils.java:logGet(44)) - raft.server.watch.element-limit = 65536 (default)
2020-07-09 05:16:39,528 [abef050d-a82e-4e4e-a507-6d1aa68ef9be@group-FFFA46E2E616-LeaderElection78] INFO  impl.RoleInfo (RoleInfo.java:updateAndGet(143)) - abef050d-a82e-4e4e-a507-6d1aa68ef9be: start LeaderState
2020-07-09 05:16:39,529 [abef050d-a82e-4e4e-a507-6d1aa68ef9be@group-FFFA46E2E616-LeaderElection78] INFO  segmented.SegmentedRaftLogWorker (SegmentedRaftLogWorker.java:startLogSegment(397)) - abef050d-a82e-4e4e-a507-6d1aa68ef9be@group-FFFA46E2E616-SegmentedRaftLogWorker: Starting segment from index:0
2020-07-09 05:16:39,534 [abef050d-a82e-4e4e-a507-6d1aa68ef9be@group-FFFA46E2E616-SegmentedRaftLogWorker] INFO  segmented.SegmentedRaftLogWorker (SegmentedRaftLogWorker.java:execute(596)) - abef050d-a82e-4e4e-a507-6d1aa68ef9be@group-FFFA46E2E616-SegmentedRaftLogWorker: created new log segment /github/workspace/mnt/ozone/hadoop-ozone/integration-test/target/test-dir/MiniOzoneClusterImpl-d071943e-99b5-4a6b-9dcd-d6487b458803/datanode-7/data/ratis/50e6acbb-d0f3-4b03-b303-fffa46e2e616/current/log_inprogress_0
2020-07-09 05:16:39,535 [Listener at 127.0.0.1/38375] INFO  ozone.MiniOzoneClusterImpl (MiniOzoneClusterImpl.java:stopDatanodes(461)) - Stopping the HddsDatanodes
2020-07-09 05:16:39,535 [abef050d-a82e-4e4e-a507-6d1aa68ef9be@group-FFFA46E2E616-LeaderElection78] INFO  impl.RaftServerImpl (ServerState.java:setRaftConf(356)) - abef050d-a82e-4e4e-a507-6d1aa68ef9be@group-FFFA46E2E616: set configuration 0: [abef050d-a82e-4e4e-a507-6d1aa68ef9be:172.17.0.2:40691], old=null at 0
2020-07-09 05:16:39,538 [46ae9337-5f88-408a-bb8b-c1fbd2583d1a@group-6B4DF85DC696-LeaderElection80] INFO  impl.LeaderElection (LeaderElection.java:askForVotes(206)) - 46ae9337-5f88-408a-bb8b-c1fbd2583d1a@group-6B4DF85DC696-LeaderElection80: begin an election at term 1 for -1: [abef050d-a82e-4e4e-a507-6d1aa68ef9be:172.17.0.2:40691, 46ae9337-5f88-408a-bb8b-c1fbd2583d1a:172.17.0.2:40565, 27f474ea-0df6-408b-94fb-c9f4a4ae0481:172.17.0.2:37823], old=null
2020-07-09 05:16:39,545 [46ae9337-5f88-408a-bb8b-c1fbd2583d1a@group-FCE1FBA9679A-LeaderElection79] INFO  impl.LeaderElection (LeaderElection.java:askForVotes(206)) - 46ae9337-5f88-408a-bb8b-c1fbd2583d1a@group-FCE1FBA9679A-LeaderElection79: begin an election at term 1 for -1: [46ae9337-5f88-408a-bb8b-c1fbd2583d1a:172.17.0.2:40565], old=null
2020-07-09 05:16:39,550 [46ae9337-5f88-408a-bb8b-c1fbd2583d1a@group-FCE1FBA9679A-LeaderElection79] INFO  impl.RoleInfo (RoleInfo.java:shutdownLeaderElection(134)) - 46ae9337-5f88-408a-bb8b-c1fbd2583d1a: shutdown LeaderElection
2020-07-09 05:16:39,550 [46ae9337-5f88-408a-bb8b-c1fbd2583d1a@group-FCE1FBA9679A-LeaderElection79] INFO  impl.RaftServerImpl (RaftServerImpl.java:setRole(175)) - 46ae9337-5f88-408a-bb8b-c1fbd2583d1a@group-FCE1FBA9679A: changes role from CANDIDATE to LEADER at term 1 for changeToLeader
2020-07-09 05:16:39,550 [46ae9337-5f88-408a-bb8b-c1fbd2583d1a@group-FCE1FBA9679A-LeaderElection79] INFO  ratis.XceiverServerRatis (XceiverServerRatis.java:handleLeaderChangedNotification(762)) - Leader change notification received for group: group-FCE1FBA9679A with new leaderId: 46ae9337-5f88-408a-bb8b-c1fbd2583d1a
2020-07-09 05:16:39,550 [grpc-default-executor-2] DEBUG impl.RaftServerImpl (RaftServerImpl.java:requestVote(821)) - abef050d-a82e-4e4e-a507-6d1aa68ef9be@group-6B4DF85DC696: receive requestVote(46ae9337-5f88-408a-bb8b-c1fbd2583d1a, group-6B4DF85DC696, 1, (t:0, i:0))
2020-07-09 05:16:39,551 [grpc-default-executor-9] DEBUG impl.RaftServerImpl (RaftServerImpl.java:requestVote(821)) - 27f474ea-0df6-408b-94fb-c9f4a4ae0481@group-6B4DF85DC696: receive requestVote(46ae9337-5f88-408a-bb8b-c1fbd2583d1a, group-6B4DF85DC696, 1, (t:0, i:0))
2020-07-09 05:16:39,551 [46ae9337-5f88-408a-bb8b-c1fbd2583d1a@group-FCE1FBA9679A-LeaderElection79] INFO  impl.RaftServerImpl (ServerState.java:setLeader(255)) - 46ae9337-5f88-408a-bb8b-c1fbd2583d1a@group-FCE1FBA9679A: change Leader from null to 46ae9337-5f88-408a-bb8b-c1fbd2583d1a at term 1 for becomeLeader, leader elected after 5227ms
2020-07-09 05:16:39,551 [46ae9337-5f88-408a-bb8b-c1fbd2583d1a@group-FCE1FBA9679A-LeaderElection79] INFO  server.RaftServerConfigKeys (ConfUtils.java:logGet(44)) - raft.server.staging.catchup.gap = 1000 (default)
2020-07-09 05:16:39,551 [46ae9337-5f88-408a-bb8b-c1fbd2583d1a@group-FCE1FBA9679A-LeaderElection79] INFO  server.RaftServerConfigKeys (ConfUtils.java:logGet(44)) - raft.server.rpc.sleep.time = 25ms (default)
2020-07-09 05:16:39,552 [grpc-default-executor-2] INFO  impl.RaftServerImpl (RaftServerImpl.java:setRole(175)) - abef050d-a82e-4e4e-a507-6d1aa68ef9be@group-6B4DF85DC696: changes role from  FOLLOWER to FOLLOWER at term 1 for recognizeCandidate:46ae9337-5f88-408a-bb8b-c1fbd2583d1a
2020-07-09 05:16:39,552 [grpc-default-executor-2] INFO  impl.RoleInfo (RoleInfo.java:shutdownFollowerState(121)) - abef050d-a82e-4e4e-a507-6d1aa68ef9be: shutdown FollowerState
2020-07-09 05:16:39,552 [grpc-default-executor-9] INFO  impl.RaftServerImpl (RaftServerImpl.java:setRole(175)) - 27f474ea-0df6-408b-94fb-c9f4a4ae0481@group-6B4DF85DC696: changes role from  FOLLOWER to FOLLOWER at term 1 for recognizeCandidate:46ae9337-5f88-408a-bb8b-c1fbd2583d1a
2020-07-09 05:16:39,552 [Thread-1794] INFO  impl.FollowerState (FollowerState.java:run(117)) - abef050d-a82e-4e4e-a507-6d1aa68ef9be@group-6B4DF85DC696-FollowerState was interrupted: java.lang.InterruptedException: sleep interrupted
2020-07-09 05:16:39,552 [grpc-default-executor-2] INFO  impl.RoleInfo (RoleInfo.java:updateAndGet(143)) - abef050d-a82e-4e4e-a507-6d1aa68ef9be: start FollowerState
2020-07-09 05:16:39,552 [46ae9337-5f88-408a-bb8b-c1fbd2583d1a@group-FCE1FBA9679A-LeaderElection79] INFO  metrics.RatisMetrics (RatisMetrics.java:lambda$create$0(36)) - Creating Metrics Registry : ratis.log_appender.46ae9337-5f88-408a-bb8b-c1fbd2583d1a@group-FCE1FBA9679A
2020-07-09 05:16:39,552 [grpc-default-executor-9] INFO  impl.RoleInfo (RoleInfo.java:shutdownFollowerState(121)) - 27f474ea-0df6-408b-94fb-c9f4a4ae0481: shutdown FollowerState
2020-07-09 05:16:39,553 [46ae9337-5f88-408a-bb8b-c1fbd2583d1a@group-FCE1FBA9679A-LeaderElection79] INFO  server.RaftServerConfigKeys (ConfUtils.java:logGet(44)) - raft.server.write.element-limit = 1024 (custom)
2020-07-09 05:16:39,553 [46ae9337-5f88-408a-bb8b-c1fbd2583d1a@group-FCE1FBA9679A-LeaderElection79] INFO  server.RaftServerConfigKeys (ConfUtils.java:logGet(44)) - raft.server.write.byte-limit = 1073741824 (custom)
2020-07-09 05:16:39,554 [46ae9337-5f88-408a-bb8b-c1fbd2583d1a@group-FCE1FBA9679A-LeaderElection79] INFO  server.RaftServerConfigKeys (ConfUtils.java:logGet(44)) - raft.server.watch.timeout = 3000ms (custom)
2020-07-09 05:16:39,554 [46ae9337-5f88-408a-bb8b-c1fbd2583d1a@group-FCE1FBA9679A-LeaderElection79] INFO  server.RaftServerConfigKeys (ConfUtils.java:logGet(44)) - raft.server.watch.timeout.denomination = 1s (default)
2020-07-09 05:16:39,554 [46ae9337-5f88-408a-bb8b-c1fbd2583d1a@group-FCE1FBA9679A-LeaderElection79] INFO  server.RaftServerConfigKeys (ConfUtils.java:logGet(44)) - raft.server.watch.element-limit = 65536 (default)
2020-07-09 05:16:39,554 [46ae9337-5f88-408a-bb8b-c1fbd2583d1a@group-FCE1FBA9679A-LeaderElection79] INFO  impl.RoleInfo (RoleInfo.java:updateAndGet(143)) - 46ae9337-5f88-408a-bb8b-c1fbd2583d1a: start LeaderState
2020-07-09 05:16:39,555 [46ae9337-5f88-408a-bb8b-c1fbd2583d1a@group-FCE1FBA9679A-LeaderElection79] INFO  segmented.SegmentedRaftLogWorker (SegmentedRaftLogWorker.java:startLogSegment(397)) - 46ae9337-5f88-408a-bb8b-c1fbd2583d1a@group-FCE1FBA9679A-SegmentedRaftLogWorker: Starting segment from index:0
2020-07-09 05:16:39,557 [grpc-default-executor-9] INFO  impl.RoleInfo (RoleInfo.java:updateAndGet(143)) - 27f474ea-0df6-408b-94fb-c9f4a4ae0481: start FollowerState
2020-07-09 05:16:39,558 [grpc-default-executor-2] DEBUG impl.RaftServerImpl (RaftServerImpl.java:requestVote(853)) - abef050d-a82e-4e4e-a507-6d1aa68ef9be@group-6B4DF85DC696 replies to vote request: 46ae9337-5f88-408a-bb8b-c1fbd2583d1a<-abef050d-a82e-4e4e-a507-6d1aa68ef9be#0:OK-t1. Peer's state: abef050d-a82e-4e4e-a507-6d1aa68ef9be@group-6B4DF85DC696:t1, leader=null, voted=46ae9337-5f88-408a-bb8b-c1fbd2583d1a, raftlog=abef050d-a82e-4e4e-a507-6d1aa68ef9be@group-6B4DF85DC696-SegmentedRaftLog:OPENED:c-1,f-1,i0, conf=-1: [abef050d-a82e-4e4e-a507-6d1aa68ef9be:172.17.0.2:40691, 46ae9337-5f88-408a-bb8b-c1fbd2583d1a:172.17.0.2:40565, 27f474ea-0df6-408b-94fb-c9f4a4ae0481:172.17.0.2:37823], old=null
2020-07-09 05:16:39,562 [46ae9337-5f88-408a-bb8b-c1fbd2583d1a@group-FCE1FBA9679A-SegmentedRaftLogWorker] INFO  segmented.SegmentedRaftLogWorker (SegmentedRaftLogWorker.java:execute(596)) - 46ae9337-5f88-408a-bb8b-c1fbd2583d1a@group-FCE1FBA9679A-SegmentedRaftLogWorker: created new log segment /github/workspace/mnt/ozone/hadoop-ozone/integration-test/target/test-dir/MiniOzoneClusterImpl-d071943e-99b5-4a6b-9dcd-d6487b458803/datanode-6/data/ratis/e4c91183-2414-47f2-b061-fce1fba9679a/current/log_inprogress_0
2020-07-09 05:16:39,562 [46ae9337-5f88-408a-bb8b-c1fbd2583d1a@group-FCE1FBA9679A-LeaderElection79] INFO  impl.RaftServerImpl (ServerState.java:setRaftConf(356)) - 46ae9337-5f88-408a-bb8b-c1fbd2583d1a@group-FCE1FBA9679A: set configuration 0: [46ae9337-5f88-408a-bb8b-c1fbd2583d1a:172.17.0.2:40565], old=null at 0
2020-07-09 05:16:39,563 [46ae9337-5f88-408a-bb8b-c1fbd2583d1a@group-6B4DF85DC696-LeaderElection80] INFO  impl.LeaderElection (LeaderElection.java:logAndReturn(61)) - 46ae9337-5f88-408a-bb8b-c1fbd2583d1a@group-6B4DF85DC696-LeaderElection80: Election PASSED; received 1 response(s) [46ae9337-5f88-408a-bb8b-c1fbd2583d1a<-abef050d-a82e-4e4e-a507-6d1aa68ef9be#0:OK-t1] and 0 exception(s); 46ae9337-5f88-408a-bb8b-c1fbd2583d1a@group-6B4DF85DC696:t1, leader=null, voted=46ae9337-5f88-408a-bb8b-c1fbd2583d1a, raftlog=46ae9337-5f88-408a-bb8b-c1fbd2583d1a@group-6B4DF85DC696-SegmentedRaftLog:OPENED:c-1,f-1,i0, conf=-1: [abef050d-a82e-4e4e-a507-6d1aa68ef9be:172.17.0.2:40691, 46ae9337-5f88-408a-bb8b-c1fbd2583d1a:172.17.0.2:40565, 27f474ea-0df6-408b-94fb-c9f4a4ae0481:172.17.0.2:37823], old=null
2020-07-09 05:16:39,563 [46ae9337-5f88-408a-bb8b-c1fbd2583d1a@group-6B4DF85DC696-LeaderElection80] INFO  impl.RoleInfo (RoleInfo.java:shutdownLeaderElection(134)) - 46ae9337-5f88-408a-bb8b-c1fbd2583d1a: shutdown LeaderElection
2020-07-09 05:16:39,563 [46ae9337-5f88-408a-bb8b-c1fbd2583d1a@group-6B4DF85DC696-LeaderElection80] INFO  impl.RaftServerImpl (RaftServerImpl.java:setRole(175)) - 46ae9337-5f88-408a-bb8b-c1fbd2583d1a@group-6B4DF85DC696: changes role from CANDIDATE to LEADER at term 1 for changeToLeader
2020-07-09 05:16:39,563 [46ae9337-5f88-408a-bb8b-c1fbd2583d1a@group-6B4DF85DC696-LeaderElection80] INFO  ratis.XceiverServerRatis (XceiverServerRatis.java:handleLeaderChangedNotification(762)) - Leader change notification received for group: group-6B4DF85DC696 with new leaderId: 46ae9337-5f88-408a-bb8b-c1fbd2583d1a
2020-07-09 05:16:39,563 [46ae9337-5f88-408a-bb8b-c1fbd2583d1a@group-6B4DF85DC696-LeaderElection80] INFO  impl.RaftServerImpl (ServerState.java:setLeader(255)) - 46ae9337-5f88-408a-bb8b-c1fbd2583d1a@group-6B4DF85DC696: change Leader from null to 46ae9337-5f88-408a-bb8b-c1fbd2583d1a at term 1 for becomeLeader, leader elected after 5221ms
2020-07-09 05:16:39,563 [46ae9337-5f88-408a-bb8b-c1fbd2583d1a@group-6B4DF85DC696-LeaderElection80] INFO  server.RaftServerConfigKeys (ConfUtils.java:logGet(44)) - raft.server.staging.catchup.gap = 1000 (default)
2020-07-09 05:16:39,564 [46ae9337-5f88-408a-bb8b-c1fbd2583d1a@group-6B4DF85DC696-LeaderElection80] INFO  server.RaftServerConfigKeys (ConfUtils.java:logGet(44)) - raft.server.rpc.sleep.time = 25ms (default)
2020-07-09 05:16:39,564 [46ae9337-5f88-408a-bb8b-c1fbd2583d1a@group-6B4DF85DC696-LeaderElection80] INFO  metrics.RatisMetrics (RatisMetrics.java:lambda$create$0(36)) - Creating Metrics Registry : ratis.log_appender.46ae9337-5f88-408a-bb8b-c1fbd2583d1a@group-6B4DF85DC696
2020-07-09 05:16:39,564 [46ae9337-5f88-408a-bb8b-c1fbd2583d1a@group-6B4DF85DC696-LeaderElection80] INFO  server.RaftServerConfigKeys (ConfUtils.java:logGet(44)) - raft.server.write.element-limit = 1024 (custom)
2020-07-09 05:16:39,564 [46ae9337-5f88-408a-bb8b-c1fbd2583d1a@group-6B4DF85DC696-LeaderElection80] INFO  server.RaftServerConfigKeys (ConfUtils.java:logGet(44)) - raft.server.write.byte-limit = 1073741824 (custom)
2020-07-09 05:16:39,565 [46ae9337-5f88-408a-bb8b-c1fbd2583d1a@group-6B4DF85DC696-LeaderElection80] INFO  server.RaftServerConfigKeys (ConfUtils.java:logGet(44)) - raft.server.watch.timeout = 3000ms (custom)
2020-07-09 05:16:39,565 [46ae9337-5f88-408a-bb8b-c1fbd2583d1a@group-6B4DF85DC696-LeaderElection80] INFO  server.RaftServerConfigKeys (ConfUtils.java:logGet(44)) - raft.server.watch.timeout.denomination = 1s (default)
2020-07-09 05:16:39,565 [46ae9337-5f88-408a-bb8b-c1fbd2583d1a@group-6B4DF85DC696-LeaderElection80] INFO  server.RaftServerConfigKeys (ConfUtils.java:logGet(44)) - raft.server.watch.element-limit = 65536 (default)
2020-07-09 05:16:39,565 [46ae9337-5f88-408a-bb8b-c1fbd2583d1a@group-6B4DF85DC696-LeaderElection80] INFO  server.RaftServerConfigKeys (ConfUtils.java:logGet(44)) - raft.server.log.appender.snapshot.chunk.size.max = 16MB (=16777216) (default)
2020-07-09 05:16:39,565 [46ae9337-5f88-408a-bb8b-c1fbd2583d1a@group-6B4DF85DC696-LeaderElection80] INFO  server.RaftServerConfigKeys (ConfUtils.java:logGet(44)) - raft.server.log.appender.buffer.byte-limit = 33554432 (custom)
2020-07-09 05:16:39,565 [46ae9337-5f88-408a-bb8b-c1fbd2583d1a@group-6B4DF85DC696-LeaderElection80] INFO  server.RaftServerConfigKeys (ConfUtils.java:logGet(44)) - raft.server.log.appender.buffer.element-limit = 1 (custom)
2020-07-09 05:16:39,565 [46ae9337-5f88-408a-bb8b-c1fbd2583d1a@group-6B4DF85DC696-LeaderElection80] INFO  grpc.GrpcConfigKeys (ConfUtils.java:logGet(44)) - raft.grpc.server.leader.outstanding.appends.max = 128 (default)
2020-07-09 05:16:39,565 [46ae9337-5f88-408a-bb8b-c1fbd2583d1a@group-6B4DF85DC696-LeaderElection80] INFO  server.RaftServerConfigKeys (ConfUtils.java:logGet(44)) - raft.server.rpc.request.timeout = 3000ms (default)
2020-07-09 05:16:39,566 [46ae9337-5f88-408a-bb8b-c1fbd2583d1a@group-6B4DF85DC696-LeaderElection80] INFO  server.RaftServerConfigKeys (ConfUtils.java:logGet(44)) - raft.server.log.appender.install.snapshot.enabled = false (custom)
2020-07-09 05:16:39,566 [46ae9337-5f88-408a-bb8b-c1fbd2583d1a@group-6B4DF85DC696-LeaderElection80] INFO  metrics.RatisMetrics (RatisMetrics.java:lambda$create$0(36)) - Creating Metrics Registry : ratis_grpc.log_appender.46ae9337-5f88-408a-bb8b-c1fbd2583d1a@group-6B4DF85DC696
2020-07-09 05:16:39,567 [46ae9337-5f88-408a-bb8b-c1fbd2583d1a@group-6B4DF85DC696-LeaderElection80] INFO  server.RaftServerConfigKeys (ConfUtils.java:logGet(44)) - raft.server.log.appender.snapshot.chunk.size.max = 16MB (=16777216) (default)
2020-07-09 05:16:39,567 [46ae9337-5f88-408a-bb8b-c1fbd2583d1a@group-6B4DF85DC696-LeaderElection80] INFO  server.RaftServerConfigKeys (ConfUtils.java:logGet(44)) - raft.server.log.appender.buffer.byte-limit = 33554432 (custom)
2020-07-09 05:16:39,567 [46ae9337-5f88-408a-bb8b-c1fbd2583d1a@group-6B4DF85DC696-LeaderElection80] INFO  server.RaftServerConfigKeys (ConfUtils.java:logGet(44)) - raft.server.log.appender.buffer.element-limit = 1 (custom)
2020-07-09 05:16:39,567 [46ae9337-5f88-408a-bb8b-c1fbd2583d1a@group-6B4DF85DC696-LeaderElection80] INFO  grpc.GrpcConfigKeys (ConfUtils.java:logGet(44)) - raft.grpc.server.leader.outstanding.appends.max = 128 (default)
2020-07-09 05:16:39,567 [46ae9337-5f88-408a-bb8b-c1fbd2583d1a@group-6B4DF85DC696-LeaderElection80] INFO  server.RaftServerConfigKeys (ConfUtils.java:logGet(44)) - raft.server.rpc.request.timeout = 3000ms (default)
2020-07-09 05:16:39,568 [46ae9337-5f88-408a-bb8b-c1fbd2583d1a@group-6B4DF85DC696-LeaderElection80] INFO  server.RaftServerConfigKeys (ConfUtils.java:logGet(44)) - raft.server.log.appender.install.snapshot.enabled = false (custom)
2020-07-09 05:16:39,569 [EventQueue-PipelineReportForPipelineReportHandler] INFO  pipeline.PipelineStateManager (PipelineStateManager.java:openPipeline(131)) - Pipeline Pipeline[ Id: e233d869-8825-455f-973d-6b4df85dc696, Nodes: 27f474ea-0df6-408b-94fb-c9f4a4ae0481{ip: 172.17.0.2, host: 787407461a64, networkLocation: /default-rack, certSerialId: null}46ae9337-5f88-408a-bb8b-c1fbd2583d1a{ip: 172.17.0.2, host: 787407461a64, networkLocation: /default-rack, certSerialId: null}abef050d-a82e-4e4e-a507-6d1aa68ef9be{ip: 172.17.0.2, host: 787407461a64, networkLocation: /default-rack, certSerialId: null}, Type:RATIS, Factor:THREE, State:ALLOCATED, leaderId:46ae9337-5f88-408a-bb8b-c1fbd2583d1a, CreationTimestamp2020-07-09T05:16:31.419Z] moved to OPEN state
2020-07-09 05:16:39,570 [46ae9337-5f88-408a-bb8b-c1fbd2583d1a@group-6B4DF85DC696-LeaderElection80] INFO  impl.RoleInfo (RoleInfo.java:updateAndGet(143)) - 46ae9337-5f88-408a-bb8b-c1fbd2583d1a: start LeaderState
2020-07-09 05:16:39,570 [grpc-default-executor-9] DEBUG impl.RaftServerImpl (RaftServerImpl.java:requestVote(853)) - 27f474ea-0df6-408b-94fb-c9f4a4ae0481@group-6B4DF85DC696 replies to vote request: 46ae9337-5f88-408a-bb8b-c1fbd2583d1a<-27f474ea-0df6-408b-94fb-c9f4a4ae0481#0:OK-t1. Peer's state: 27f474ea-0df6-408b-94fb-c9f4a4ae0481@group-6B4DF85DC696:t1, leader=null, voted=46ae9337-5f88-408a-bb8b-c1fbd2583d1a, raftlog=27f474ea-0df6-408b-94fb-c9f4a4ae0481@group-6B4DF85DC696-SegmentedRaftLog:OPENED:c-1,f-1,i0, conf=-1: [abef050d-a82e-4e4e-a507-6d1aa68ef9be:172.17.0.2:40691, 46ae9337-5f88-408a-bb8b-c1fbd2583d1a:172.17.0.2:40565, 27f474ea-0df6-408b-94fb-c9f4a4ae0481:172.17.0.2:37823], old=null
2020-07-09 05:16:39,575 [46ae9337-5f88-408a-bb8b-c1fbd2583d1a@group-6B4DF85DC696-LeaderElection80] INFO  segmented.SegmentedRaftLogWorker (SegmentedRaftLogWorker.java:startLogSegment(397)) - 46ae9337-5f88-408a-bb8b-c1fbd2583d1a@group-6B4DF85DC696-SegmentedRaftLogWorker: Starting segment from index:0
2020-07-09 05:16:39,576 [46ae9337-5f88-408a-bb8b-c1fbd2583d1a@group-6B4DF85DC696-SegmentedRaftLogWorker] INFO  segmented.SegmentedRaftLogWorker (SegmentedRaftLogWorker.java:execute(596)) - 46ae9337-5f88-408a-bb8b-c1fbd2583d1a@group-6B4DF85DC696-SegmentedRaftLogWorker: created new log segment /github/workspace/mnt/ozone/hadoop-ozone/integration-test/target/test-dir/MiniOzoneClusterImpl-d071943e-99b5-4a6b-9dcd-d6487b458803/datanode-6/data/ratis/e233d869-8825-455f-973d-6b4df85dc696/current/log_inprogress_0
2020-07-09 05:16:39,576 [46ae9337-5f88-408a-bb8b-c1fbd2583d1a@group-6B4DF85DC696-LeaderElection80] INFO  impl.RaftServerImpl (ServerState.java:setRaftConf(356)) - 46ae9337-5f88-408a-bb8b-c1fbd2583d1a@group-6B4DF85DC696: set configuration 0: [abef050d-a82e-4e4e-a507-6d1aa68ef9be:172.17.0.2:40691, 46ae9337-5f88-408a-bb8b-c1fbd2583d1a:172.17.0.2:40565, 27f474ea-0df6-408b-94fb-c9f4a4ae0481:172.17.0.2:37823], old=null at 0
2020-07-09 05:16:39,581 [grpc-default-executor-2] INFO  ratis.XceiverServerRatis (XceiverServerRatis.java:handleLeaderChangedNotification(762)) - Leader change notification received for group: group-6B4DF85DC696 with new leaderId: 46ae9337-5f88-408a-bb8b-c1fbd2583d1a
2020-07-09 05:16:39,581 [grpc-default-executor-2] INFO  impl.RaftServerImpl (ServerState.java:setLeader(255)) - abef050d-a82e-4e4e-a507-6d1aa68ef9be@group-6B4DF85DC696: change Leader from null to 46ae9337-5f88-408a-bb8b-c1fbd2583d1a at term 1 for appendEntries, leader elected after 5180ms
2020-07-09 05:16:39,583 [grpc-default-executor-2] DEBUG server.GrpcLogAppender (GrpcLogAppender.java:onNext(257)) - 46ae9337-5f88-408a-bb8b-c1fbd2583d1a@group-6B4DF85DC696->abef050d-a82e-4e4e-a507-6d1aa68ef9be-AppendLogResponseHandler: received the first reply 46ae9337-5f88-408a-bb8b-c1fbd2583d1a<-abef050d-a82e-4e4e-a507-6d1aa68ef9be#0:OK,SUCCESS,nextIndex:0,term:1,followerCommit:-1, request=AppendEntriesRequest:cid=0,entriesCount=0,lastEntry=null
2020-07-09 05:16:39,584 [grpc-default-executor-2] DEBUG impl.RaftServerImpl (RaftServerImpl.java:logAppendEntries(928)) - abef050d-a82e-4e4e-a507-6d1aa68ef9be@group-6B4DF85DC696: receive appendEntries(46ae9337-5f88-408a-bb8b-c1fbd2583d1a, 1, null, 0, false, commits[46ae9337-5f88-408a-bb8b-c1fbd2583d1a:c0, abef050d-a82e-4e4e-a507-6d1aa68ef9be:c-1, 27f474ea-0df6-408b-94fb-c9f4a4ae0481:c-1], entries: (t:1, i:0), CONFIGURATIONENTRY
2020-07-09 05:16:39,585 [grpc-default-executor-2] INFO  impl.RaftServerImpl (ServerState.java:setRaftConf(356)) - abef050d-a82e-4e4e-a507-6d1aa68ef9be@group-6B4DF85DC696: set configuration 0: [abef050d-a82e-4e4e-a507-6d1aa68ef9be:172.17.0.2:40691, 46ae9337-5f88-408a-bb8b-c1fbd2583d1a:172.17.0.2:40565, 27f474ea-0df6-408b-94fb-c9f4a4ae0481:172.17.0.2:37823], old=null at 0
2020-07-09 05:16:39,585 [grpc-default-executor-2] INFO  segmented.SegmentedRaftLogWorker (SegmentedRaftLogWorker.java:startLogSegment(397)) - abef050d-a82e-4e4e-a507-6d1aa68ef9be@group-6B4DF85DC696-SegmentedRaftLogWorker: Starting segment from index:0
2020-07-09 05:16:39,588 [Thread-1792] INFO  impl.FollowerState (FollowerState.java:run(108)) - 27f474ea-0df6-408b-94fb-c9f4a4ae0481@group-B01670CE27A6-FollowerState: change to CANDIDATE, lastRpcTime:5146ms, electionTimeout:5142ms
2020-07-09 05:16:39,589 [Thread-1792] INFO  impl.RoleInfo (RoleInfo.java:shutdownFollowerState(121)) - 27f474ea-0df6-408b-94fb-c9f4a4ae0481: shutdown FollowerState
2020-07-09 05:16:39,589 [Thread-1792] INFO  impl.RaftServerImpl (RaftServerImpl.java:setRole(175)) - 27f474ea-0df6-408b-94fb-c9f4a4ae0481@group-B01670CE27A6: changes role from  FOLLOWER to CANDIDATE at term 0 for changeToCandidate
2020-07-09 05:16:39,589 [Thread-1792] INFO  impl.RoleInfo (RoleInfo.java:updateAndGet(143)) - 27f474ea-0df6-408b-94fb-c9f4a4ae0481: start LeaderElection
2020-07-09 05:16:39,589 [abef050d-a82e-4e4e-a507-6d1aa68ef9be@group-6B4DF85DC696-SegmentedRaftLogWorker] INFO  segmented.SegmentedRaftLogWorker (SegmentedRaftLogWorker.java:execute(596)) - abef050d-a82e-4e4e-a507-6d1aa68ef9be@group-6B4DF85DC696-SegmentedRaftLogWorker: created new log segment /github/workspace/mnt/ozone/hadoop-ozone/integration-test/target/test-dir/MiniOzoneClusterImpl-d071943e-99b5-4a6b-9dcd-d6487b458803/datanode-7/data/ratis/e233d869-8825-455f-973d-6b4df85dc696/current/log_inprogress_0
2020-07-09 05:16:39,594 [grpc-default-executor-2] INFO  ratis.XceiverServerRatis (XceiverServerRatis.java:handleLeaderChangedNotification(762)) - Leader change notification received for group: group-6B4DF85DC696 with new leaderId: 46ae9337-5f88-408a-bb8b-c1fbd2583d1a
2020-07-09 05:16:39,594 [grpc-default-executor-2] INFO  impl.RaftServerImpl (ServerState.java:setLeader(255)) - 27f474ea-0df6-408b-94fb-c9f4a4ae0481@group-6B4DF85DC696: change Leader from null to 46ae9337-5f88-408a-bb8b-c1fbd2583d1a at term 1 for appendEntries, leader elected after 5227ms
2020-07-09 05:16:39,594 [grpc-default-executor-2] DEBUG impl.RaftServerImpl (RaftServerImpl.java:logAppendEntries(928)) - 27f474ea-0df6-408b-94fb-c9f4a4ae0481@group-6B4DF85DC696: receive appendEntries(46ae9337-5f88-408a-bb8b-c1fbd2583d1a, 1, null, 0, false, commits[46ae9337-5f88-408a-bb8b-c1fbd2583d1a:c0, abef050d-a82e-4e4e-a507-6d1aa68ef9be:c-1, 27f474ea-0df6-408b-94fb-c9f4a4ae0481:c-1], entries: (t:1, i:0), CONFIGURATIONENTRY
2020-07-09 05:16:39,598 [grpc-default-executor-2] INFO  impl.RaftServerImpl (ServerState.java:setRaftConf(356)) - 27f474ea-0df6-408b-94fb-c9f4a4ae0481@group-6B4DF85DC696: set configuration 0: [abef050d-a82e-4e4e-a507-6d1aa68ef9be:172.17.0.2:40691, 46ae9337-5f88-408a-bb8b-c1fbd2583d1a:172.17.0.2:40565, 27f474ea-0df6-408b-94fb-c9f4a4ae0481:172.17.0.2:37823], old=null at 0
2020-07-09 05:16:39,599 [grpc-default-executor-2] INFO  segmented.SegmentedRaftLogWorker (SegmentedRaftLogWorker.java:startLogSegment(397)) - 27f474ea-0df6-408b-94fb-c9f4a4ae0481@group-6B4DF85DC696-SegmentedRaftLogWorker: Starting segment from index:0
2020-07-09 05:16:39,663 [Thread-1862] DEBUG impl.RaftServerImpl (RaftServerImpl.java:logAppendEntries(928)) - abef050d-a82e-4e4e-a507-6d1aa68ef9be@group-6B4DF85DC696: succeeded to handle AppendEntries. Reply: 46ae9337-5f88-408a-bb8b-c1fbd2583d1a<-abef050d-a82e-4e4e-a507-6d1aa68ef9be#1:OK,SUCCESS,nextIndex:1,term:1,followerCommit:0
2020-07-09 05:16:39,663 [27f474ea-0df6-408b-94fb-c9f4a4ae0481@group-6B4DF85DC696-SegmentedRaftLogWorker] INFO  segmented.SegmentedRaftLogWorker (SegmentedRaftLogWorker.java:execute(596)) - 27f474ea-0df6-408b-94fb-c9f4a4ae0481@group-6B4DF85DC696-SegmentedRaftLogWorker: created new log segment /github/workspace/mnt/ozone/hadoop-ozone/integration-test/target/test-dir/MiniOzoneClusterImpl-d071943e-99b5-4a6b-9dcd-d6487b458803/datanode-8/data/ratis/e233d869-8825-455f-973d-6b4df85dc696/current/log_inprogress_0
2020-07-09 05:16:39,664 [27f474ea-0df6-408b-94fb-c9f4a4ae0481@group-B01670CE27A6-LeaderElection81] INFO  impl.LeaderElection (LeaderElection.java:askForVotes(206)) - 27f474ea-0df6-408b-94fb-c9f4a4ae0481@group-B01670CE27A6-LeaderElection81: begin an election at term 1 for -1: [27f474ea-0df6-408b-94fb-c9f4a4ae0481:172.17.0.2:37823], old=null
2020-07-09 05:16:39,664 [27f474ea-0df6-408b-94fb-c9f4a4ae0481@group-B01670CE27A6-LeaderElection81] INFO  impl.RoleInfo (RoleInfo.java:shutdownLeaderElection(134)) - 27f474ea-0df6-408b-94fb-c9f4a4ae0481: shutdown LeaderElection
2020-07-09 05:16:39,664 [27f474ea-0df6-408b-94fb-c9f4a4ae0481@group-B01670CE27A6-LeaderElection81] INFO  impl.RaftServerImpl (RaftServerImpl.java:setRole(175)) - 27f474ea-0df6-408b-94fb-c9f4a4ae0481@group-B01670CE27A6: changes role from CANDIDATE to LEADER at term 1 for changeToLeader
2020-07-09 05:16:39,664 [27f474ea-0df6-408b-94fb-c9f4a4ae0481@group-B01670CE27A6-LeaderElection81] INFO  ratis.XceiverServerRatis (XceiverServerRatis.java:handleLeaderChangedNotification(762)) - Leader change notification received for group: group-B01670CE27A6 with new leaderId: 27f474ea-0df6-408b-94fb-c9f4a4ae0481
2020-07-09 05:16:39,664 [27f474ea-0df6-408b-94fb-c9f4a4ae0481@group-B01670CE27A6-LeaderElection81] INFO  impl.RaftServerImpl (ServerState.java:setLeader(255)) - 27f474ea-0df6-408b-94fb-c9f4a4ae0481@group-B01670CE27A6: change Leader from null to 27f474ea-0df6-408b-94fb-c9f4a4ae0481 at term 1 for becomeLeader, leader elected after 5238ms
2020-07-09 05:16:39,665 [grpc-default-executor-9] DEBUG server.GrpcLogAppender (GrpcLogAppender.java:onNext(257)) - 46ae9337-5f88-408a-bb8b-c1fbd2583d1a@group-6B4DF85DC696->27f474ea-0df6-408b-94fb-c9f4a4ae0481-AppendLogResponseHandler: received the first reply 46ae9337-5f88-408a-bb8b-c1fbd2583d1a<-27f474ea-0df6-408b-94fb-c9f4a4ae0481#0:OK,SUCCESS,nextIndex:0,term:1,followerCommit:-1, request=AppendEntriesRequest:cid=0,entriesCount=0,lastEntry=null
2020-07-09 05:16:39,665 [grpc-default-executor-2] DEBUG server.GrpcLogAppender (GrpcLogAppender.java:onNext(257)) - 46ae9337-5f88-408a-bb8b-c1fbd2583d1a@group-6B4DF85DC696->abef050d-a82e-4e4e-a507-6d1aa68ef9be-AppendLogResponseHandler: received a reply 46ae9337-5f88-408a-bb8b-c1fbd2583d1a<-abef050d-a82e-4e4e-a507-6d1aa68ef9be#1:OK,SUCCESS,nextIndex:1,term:1,followerCommit:0, request=AppendEntriesRequest:cid=1,entriesCount=1,lastEntry=(t:1, i:0)
2020-07-09 05:16:39,665 [27f474ea-0df6-408b-94fb-c9f4a4ae0481@group-B01670CE27A6-LeaderElection81] INFO  server.RaftServerConfigKeys (ConfUtils.java:logGet(44)) - raft.server.staging.catchup.gap = 1000 (default)
2020-07-09 05:16:39,673 [27f474ea-0df6-408b-94fb-c9f4a4ae0481@group-B01670CE27A6-LeaderElection81] INFO  server.RaftServerConfigKeys (ConfUtils.java:logGet(44)) - raft.server.rpc.sleep.time = 25ms (default)
2020-07-09 05:16:39,673 [27f474ea-0df6-408b-94fb-c9f4a4ae0481@group-B01670CE27A6-LeaderElection81] INFO  metrics.RatisMetrics (RatisMetrics.java:lambda$create$0(36)) - Creating Metrics Registry : ratis.log_appender.27f474ea-0df6-408b-94fb-c9f4a4ae0481@group-B01670CE27A6
2020-07-09 05:16:39,673 [27f474ea-0df6-408b-94fb-c9f4a4ae0481@group-B01670CE27A6-LeaderElection81] INFO  server.RaftServerConfigKeys (ConfUtils.java:logGet(44)) - raft.server.write.element-limit = 1024 (custom)
2020-07-09 05:16:39,673 [27f474ea-0df6-408b-94fb-c9f4a4ae0481@group-B01670CE27A6-LeaderElection81] INFO  server.RaftServerConfigKeys (ConfUtils.java:logGet(44)) - raft.server.write.byte-limit = 1073741824 (custom)
2020-07-09 05:16:39,674 [27f474ea-0df6-408b-94fb-c9f4a4ae0481@group-B01670CE27A6-LeaderElection81] INFO  server.RaftServerConfigKeys (ConfUtils.java:logGet(44)) - raft.server.watch.timeout = 3000ms (custom)
2020-07-09 05:16:39,674 [27f474ea-0df6-408b-94fb-c9f4a4ae0481@group-B01670CE27A6-LeaderElection81] INFO  server.RaftServerConfigKeys (ConfUtils.java:logGet(44)) - raft.server.watch.timeout.denomination = 1s (default)
2020-07-09 05:16:39,674 [27f474ea-0df6-408b-94fb-c9f4a4ae0481@group-B01670CE27A6-LeaderElection81] INFO  server.RaftServerConfigKeys (ConfUtils.java:logGet(44)) - raft.server.watch.element-limit = 65536 (default)
2020-07-09 05:16:39,674 [27f474ea-0df6-408b-94fb-c9f4a4ae0481@group-B01670CE27A6-LeaderElection81] INFO  impl.RoleInfo (RoleInfo.java:updateAndGet(143)) - 27f474ea-0df6-408b-94fb-c9f4a4ae0481: start LeaderState
2020-07-09 05:16:39,674 [27f474ea-0df6-408b-94fb-c9f4a4ae0481@group-B01670CE27A6-LeaderElection81] INFO  segmented.SegmentedRaftLogWorker (SegmentedRaftLogWorker.java:startLogSegment(397)) - 27f474ea-0df6-408b-94fb-c9f4a4ae0481@group-B01670CE27A6-SegmentedRaftLogWorker: Starting segment from index:0
2020-07-09 05:16:39,676 [Thread-1863] DEBUG impl.RaftServerImpl (RaftServerImpl.java:logAppendEntries(928)) - 27f474ea-0df6-408b-94fb-c9f4a4ae0481@group-6B4DF85DC696: succeeded to handle AppendEntries. Reply: 46ae9337-5f88-408a-bb8b-c1fbd2583d1a<-27f474ea-0df6-408b-94fb-c9f4a4ae0481#1:OK,SUCCESS,nextIndex:1,term:1,followerCommit:0
2020-07-09 05:16:39,676 [grpc-default-executor-2] DEBUG server.GrpcLogAppender (GrpcLogAppender.java:onNext(257)) - 46ae9337-5f88-408a-bb8b-c1fbd2583d1a@group-6B4DF85DC696->27f474ea-0df6-408b-94fb-c9f4a4ae0481-AppendLogResponseHandler: received a reply 46ae9337-5f88-408a-bb8b-c1fbd2583d1a<-27f474ea-0df6-408b-94fb-c9f4a4ae0481#1:OK,SUCCESS,nextIndex:1,term:1,followerCommit:0, request=AppendEntriesRequest:cid=1,entriesCount=1,lastEntry=(t:1, i:0)
2020-07-09 05:16:39,678 [27f474ea-0df6-408b-94fb-c9f4a4ae0481@group-B01670CE27A6-SegmentedRaftLogWorker] INFO  segmented.SegmentedRaftLogWorker (SegmentedRaftLogWorker.java:execute(596)) - 27f474ea-0df6-408b-94fb-c9f4a4ae0481@group-B01670CE27A6-SegmentedRaftLogWorker: created new log segment /github/workspace/mnt/ozone/hadoop-ozone/integration-test/target/test-dir/MiniOzoneClusterImpl-d071943e-99b5-4a6b-9dcd-d6487b458803/datanode-8/data/ratis/e3af85a4-f738-42db-952b-b01670ce27a6/current/log_inprogress_0
2020-07-09 05:16:39,681 [27f474ea-0df6-408b-94fb-c9f4a4ae0481@group-B01670CE27A6-LeaderElection81] INFO  impl.RaftServerImpl (ServerState.java:setRaftConf(356)) - 27f474ea-0df6-408b-94fb-c9f4a4ae0481@group-B01670CE27A6: set configuration 0: [27f474ea-0df6-408b-94fb-c9f4a4ae0481:172.17.0.2:37823], old=null at 0
2020-07-09 05:16:40,239 [Datanode State Machine Thread - 0] INFO  statemachine.DatanodeStateMachine (DatanodeStateMachine.java:lambda$startDaemon$0(380)) - Ozone container server started.
2020-07-09 05:16:40,500 [Datanode State Machine Thread - 0] INFO  statemachine.DatanodeStateMachine (DatanodeStateMachine.java:lambda$startDaemon$0(380)) - Ozone container server started.
2020-07-09 05:16:41,990 [grpc-default-executor-9] DEBUG server.GrpcLogAppender (GrpcLogAppender.java:onNext(257)) - 2e380eeb-fc9c-4285-bf60-968042885e92@group-DA5563A61CFD->869115d6-4be2-4620-adee-449672856935-AppendLogResponseHandler: received a reply 2e380eeb-fc9c-4285-bf60-968042885e92<-869115d6-4be2-4620-adee-449672856935#4:OK,SUCCESS,nextIndex:3,term:1,followerCommit:2, request=AppendEntriesRequest:cid=4,entriesCount=0,lastEntry=null
2020-07-09 05:16:41,991 [grpc-default-executor-9] DEBUG server.GrpcLogAppender (GrpcLogAppender.java:onNext(257)) - 2e380eeb-fc9c-4285-bf60-968042885e92@group-DA5563A61CFD->6bbe18f0-a18d-467d-ac04-38543da40044-AppendLogResponseHandler: received a reply 2e380eeb-fc9c-4285-bf60-968042885e92<-6bbe18f0-a18d-467d-ac04-38543da40044#4:OK,SUCCESS,nextIndex:3,term:1,followerCommit:2, request=AppendEntriesRequest:cid=4,entriesCount=0,lastEntry=null
2020-07-09 05:16:42,167 [grpc-default-executor-9] DEBUG server.GrpcLogAppender (GrpcLogAppender.java:onNext(257)) - 46ae9337-5f88-408a-bb8b-c1fbd2583d1a@group-6B4DF85DC696->abef050d-a82e-4e4e-a507-6d1aa68ef9be-AppendLogResponseHandler: received a reply 46ae9337-5f88-408a-bb8b-c1fbd2583d1a<-abef050d-a82e-4e4e-a507-6d1aa68ef9be#2:OK,SUCCESS,nextIndex:1,term:1,followerCommit:0, request=AppendEntriesRequest:cid=2,entriesCount=0,lastEntry=null
2020-07-09 05:16:42,178 [grpc-default-executor-9] DEBUG server.GrpcLogAppender (GrpcLogAppender.java:onNext(257)) - 46ae9337-5f88-408a-bb8b-c1fbd2583d1a@group-6B4DF85DC696->27f474ea-0df6-408b-94fb-c9f4a4ae0481-AppendLogResponseHandler: received a reply 46ae9337-5f88-408a-bb8b-c1fbd2583d1a<-27f474ea-0df6-408b-94fb-c9f4a4ae0481#2:OK,SUCCESS,nextIndex:1,term:1,followerCommit:0, request=AppendEntriesRequest:cid=2,entriesCount=0,lastEntry=null
2020-07-09 05:16:42,271 [EventQueue-Delayed safe mode statusForReplicationManager] INFO  container.ReplicationManager (ReplicationManager.java:start(177)) - Starting Replication Monitor Thread.
2020-07-09 05:16:42,272 [ReplicationMonitor] INFO  container.ReplicationManager (ReplicationManager.java:run(241)) - Replication Monitor Thread took 0 milliseconds for processing 1 containers.
2020-07-09 05:16:44,239 [Thread-1811] INFO  impl.FollowerState (FollowerState.java:run(108)) - 892fa5a7-ff4d-4b0c-962d-911ea3aeded8@group-4378BEE67A6C-FollowerState: change to CANDIDATE, lastRpcTime:5037ms, electionTimeout:5014ms
2020-07-09 05:16:44,239 [Thread-1811] INFO  impl.RoleInfo (RoleInfo.java:shutdownFollowerState(121)) - 892fa5a7-ff4d-4b0c-962d-911ea3aeded8: shutdown FollowerState
2020-07-09 05:16:44,239 [Thread-1811] INFO  impl.RaftServerImpl (RaftServerImpl.java:setRole(175)) - 892fa5a7-ff4d-4b0c-962d-911ea3aeded8@group-4378BEE67A6C: changes role from  FOLLOWER to CANDIDATE at term 1 for changeToCandidate
2020-07-09 05:16:44,239 [Thread-1811] INFO  impl.RoleInfo (RoleInfo.java:updateAndGet(143)) - 892fa5a7-ff4d-4b0c-962d-911ea3aeded8: start LeaderElection
2020-07-09 05:16:44,245 [892fa5a7-ff4d-4b0c-962d-911ea3aeded8@group-4378BEE67A6C-LeaderElection82] INFO  impl.LeaderElection (LeaderElection.java:askForVotes(206)) - 892fa5a7-ff4d-4b0c-962d-911ea3aeded8@group-4378BEE67A6C-LeaderElection82: begin an election at term 2 for -1: [9fd43fdd-f81f-4298-8fae-a0f306bcbc10:172.17.0.2:34917, 24ca51e7-b0f8-4d63-a105-3cbecc3844b6:172.17.0.2:40419, 892fa5a7-ff4d-4b0c-962d-911ea3aeded8:172.17.0.2:37787], old=null
2020-07-09 05:16:44,246 [grpc-default-executor-9] DEBUG impl.RaftServerImpl (RaftServerImpl.java:requestVote(821)) - 24ca51e7-b0f8-4d63-a105-3cbecc3844b6@group-4378BEE67A6C: receive requestVote(892fa5a7-ff4d-4b0c-962d-911ea3aeded8, group-4378BEE67A6C, 2, (t:0, i:0))
2020-07-09 05:16:44,246 [grpc-default-executor-9] INFO  impl.RaftServerImpl (RaftServerImpl.java:setRole(175)) - 24ca51e7-b0f8-4d63-a105-3cbecc3844b6@group-4378BEE67A6C: changes role from  FOLLOWER to FOLLOWER at term 2 for recognizeCandidate:892fa5a7-ff4d-4b0c-962d-911ea3aeded8
2020-07-09 05:16:44,247 [grpc-default-executor-9] INFO  impl.RoleInfo (RoleInfo.java:shutdownFollowerState(121)) - 24ca51e7-b0f8-4d63-a105-3cbecc3844b6: shutdown FollowerState
2020-07-09 05:16:44,247 [grpc-default-executor-9] INFO  impl.RoleInfo (RoleInfo.java:updateAndGet(143)) - 24ca51e7-b0f8-4d63-a105-3cbecc3844b6: start FollowerState
2020-07-09 05:16:44,247 [Thread-1815] INFO  impl.FollowerState (FollowerState.java:run(117)) - 24ca51e7-b0f8-4d63-a105-3cbecc3844b6@group-4378BEE67A6C-FollowerState was interrupted: java.lang.InterruptedException: sleep interrupted
2020-07-09 05:16:44,247 [grpc-default-executor-2] DEBUG impl.RaftServerImpl (RaftServerImpl.java:requestVote(821)) - 9fd43fdd-f81f-4298-8fae-a0f306bcbc10@group-4378BEE67A6C: receive requestVote(892fa5a7-ff4d-4b0c-962d-911ea3aeded8, group-4378BEE67A6C, 2, (t:0, i:0))
2020-07-09 05:16:44,247 [grpc-default-executor-2] INFO  impl.RaftServerImpl (RaftServerImpl.java:setRole(175)) - 9fd43fdd-f81f-4298-8fae-a0f306bcbc10@group-4378BEE67A6C: changes role from  FOLLOWER to FOLLOWER at term 2 for recognizeCandidate:892fa5a7-ff4d-4b0c-962d-911ea3aeded8
2020-07-09 05:16:44,248 [grpc-default-executor-2] INFO  impl.RoleInfo (RoleInfo.java:shutdownFollowerState(121)) - 9fd43fdd-f81f-4298-8fae-a0f306bcbc10: shutdown FollowerState
2020-07-09 05:16:44,248 [grpc-default-executor-2] INFO  impl.RoleInfo (RoleInfo.java:updateAndGet(143)) - 9fd43fdd-f81f-4298-8fae-a0f306bcbc10: start FollowerState
2020-07-09 05:16:44,248 [Thread-1814] INFO  impl.FollowerState (FollowerState.java:run(117)) - 9fd43fdd-f81f-4298-8fae-a0f306bcbc10@group-4378BEE67A6C-FollowerState was interrupted: java.lang.InterruptedException: sleep interrupted
2020-07-09 05:16:44,249 [grpc-default-executor-2] DEBUG impl.RaftServerImpl (RaftServerImpl.java:requestVote(853)) - 9fd43fdd-f81f-4298-8fae-a0f306bcbc10@group-4378BEE67A6C replies to vote request: 892fa5a7-ff4d-4b0c-962d-911ea3aeded8<-9fd43fdd-f81f-4298-8fae-a0f306bcbc10#0:OK-t2. Peer's state: 9fd43fdd-f81f-4298-8fae-a0f306bcbc10@group-4378BEE67A6C:t2, leader=null, voted=892fa5a7-ff4d-4b0c-962d-911ea3aeded8, raftlog=9fd43fdd-f81f-4298-8fae-a0f306bcbc10@group-4378BEE67A6C-SegmentedRaftLog:OPENED:c-1,f-1,i0, conf=-1: [9fd43fdd-f81f-4298-8fae-a0f306bcbc10:172.17.0.2:34917, 24ca51e7-b0f8-4d63-a105-3cbecc3844b6:172.17.0.2:40419, 892fa5a7-ff4d-4b0c-962d-911ea3aeded8:172.17.0.2:37787], old=null
2020-07-09 05:16:44,250 [grpc-default-executor-9] DEBUG impl.RaftServerImpl (RaftServerImpl.java:requestVote(853)) - 24ca51e7-b0f8-4d63-a105-3cbecc3844b6@group-4378BEE67A6C replies to vote request: 892fa5a7-ff4d-4b0c-962d-911ea3aeded8<-24ca51e7-b0f8-4d63-a105-3cbecc3844b6#0:OK-t2. Peer's state: 24ca51e7-b0f8-4d63-a105-3cbecc3844b6@group-4378BEE67A6C:t2, leader=null, voted=892fa5a7-ff4d-4b0c-962d-911ea3aeded8, raftlog=24ca51e7-b0f8-4d63-a105-3cbecc3844b6@group-4378BEE67A6C-SegmentedRaftLog:OPENED:c-1,f-1,i0, conf=-1: [9fd43fdd-f81f-4298-8fae-a0f306bcbc10:172.17.0.2:34917, 24ca51e7-b0f8-4d63-a105-3cbecc3844b6:172.17.0.2:40419, 892fa5a7-ff4d-4b0c-962d-911ea3aeded8:172.17.0.2:37787], old=null
2020-07-09 05:16:44,251 [892fa5a7-ff4d-4b0c-962d-911ea3aeded8@group-4378BEE67A6C-LeaderElection82] INFO  impl.LeaderElection (LeaderElection.java:logAndReturn(61)) - 892fa5a7-ff4d-4b0c-962d-911ea3aeded8@group-4378BEE67A6C-LeaderElection82: Election PASSED; received 1 response(s) [892fa5a7-ff4d-4b0c-962d-911ea3aeded8<-9fd43fdd-f81f-4298-8fae-a0f306bcbc10#0:OK-t2] and 0 exception(s); 892fa5a7-ff4d-4b0c-962d-911ea3aeded8@group-4378BEE67A6C:t2, leader=null, voted=892fa5a7-ff4d-4b0c-962d-911ea3aeded8, raftlog=892fa5a7-ff4d-4b0c-962d-911ea3aeded8@group-4378BEE67A6C-SegmentedRaftLog:OPENED:c-1,f-1,i0, conf=-1: [9fd43fdd-f81f-4298-8fae-a0f306bcbc10:172.17.0.2:34917, 24ca51e7-b0f8-4d63-a105-3cbecc3844b6:172.17.0.2:40419, 892fa5a7-ff4d-4b0c-962d-911ea3aeded8:172.17.0.2:37787], old=null
2020-07-09 05:16:44,251 [892fa5a7-ff4d-4b0c-962d-911ea3aeded8@group-4378BEE67A6C-LeaderElection82] INFO  impl.RoleInfo (RoleInfo.java:shutdownLeaderElection(134)) - 892fa5a7-ff4d-4b0c-962d-911ea3aeded8: shutdown LeaderElection
2020-07-09 05:16:44,251 [892fa5a7-ff4d-4b0c-962d-911ea3aeded8@group-4378BEE67A6C-LeaderElection82] INFO  impl.RaftServerImpl (RaftServerImpl.java:setRole(175)) - 892fa5a7-ff4d-4b0c-962d-911ea3aeded8@group-4378BEE67A6C: changes role from CANDIDATE to LEADER at term 2 for changeToLeader
2020-07-09 05:16:44,251 [892fa5a7-ff4d-4b0c-962d-911ea3aeded8@group-4378BEE67A6C-LeaderElection82] INFO  ratis.XceiverServerRatis (XceiverServerRatis.java:handleLeaderChangedNotification(762)) - Leader change notification received for group: group-4378BEE67A6C with new leaderId: 892fa5a7-ff4d-4b0c-962d-911ea3aeded8
2020-07-09 05:16:44,251 [892fa5a7-ff4d-4b0c-962d-911ea3aeded8@group-4378BEE67A6C-LeaderElection82] INFO  impl.RaftServerImpl (ServerState.java:setLeader(255)) - 892fa5a7-ff4d-4b0c-962d-911ea3aeded8@group-4378BEE67A6C: change Leader from null to 892fa5a7-ff4d-4b0c-962d-911ea3aeded8 at term 2 for becomeLeader, leader elected after 10224ms
2020-07-09 05:16:44,251 [892fa5a7-ff4d-4b0c-962d-911ea3aeded8@group-4378BEE67A6C-LeaderElection82] INFO  server.RaftServerConfigKeys (ConfUtils.java:logGet(44)) - raft.server.staging.catchup.gap = 1000 (default)
2020-07-09 05:16:44,251 [892fa5a7-ff4d-4b0c-962d-911ea3aeded8@group-4378BEE67A6C-LeaderElection82] INFO  server.RaftServerConfigKeys (ConfUtils.java:logGet(44)) - raft.server.rpc.sleep.time = 25ms (default)
2020-07-09 05:16:44,251 [892fa5a7-ff4d-4b0c-962d-911ea3aeded8@group-4378BEE67A6C-LeaderElection82] INFO  metrics.RatisMetrics (RatisMetrics.java:lambda$create$0(36)) - Creating Metrics Registry : ratis.log_appender.892fa5a7-ff4d-4b0c-962d-911ea3aeded8@group-4378BEE67A6C
2020-07-09 05:16:44,252 [892fa5a7-ff4d-4b0c-962d-911ea3aeded8@group-4378BEE67A6C-LeaderElection82] INFO  server.RaftServerConfigKeys (ConfUtils.java:logGet(44)) - raft.server.write.element-limit = 1024 (custom)
2020-07-09 05:16:44,252 [892fa5a7-ff4d-4b0c-962d-911ea3aeded8@group-4378BEE67A6C-LeaderElection82] INFO  server.RaftServerConfigKeys (ConfUtils.java:logGet(44)) - raft.server.write.byte-limit = 1073741824 (custom)
2020-07-09 05:16:44,252 [EventQueue-PipelineReportForPipelineReportHandler] INFO  pipeline.PipelineStateManager (PipelineStateManager.java:openPipeline(131)) - Pipeline Pipeline[ Id: bc0201db-137f-48da-96a2-4378bee67a6c, Nodes: 24ca51e7-b0f8-4d63-a105-3cbecc3844b6{ip: 172.17.0.2, host: 787407461a64, networkLocation: /default-rack, certSerialId: null}892fa5a7-ff4d-4b0c-962d-911ea3aeded8{ip: 172.17.0.2, host: 787407461a64, networkLocation: /default-rack, certSerialId: null}9fd43fdd-f81f-4298-8fae-a0f306bcbc10{ip: 172.17.0.2, host: 787407461a64, networkLocation: /default-rack, certSerialId: null}, Type:RATIS, Factor:THREE, State:ALLOCATED, leaderId:892fa5a7-ff4d-4b0c-962d-911ea3aeded8, CreationTimestamp2020-07-09T05:16:31.071Z] moved to OPEN state
2020-07-09 05:16:44,253 [892fa5a7-ff4d-4b0c-962d-911ea3aeded8@group-4378BEE67A6C-LeaderElection82] INFO  server.RaftServerConfigKeys (ConfUtils.java:logGet(44)) - raft.server.watch.timeout = 3000ms (custom)
2020-07-09 05:16:44,253 [892fa5a7-ff4d-4b0c-962d-911ea3aeded8@group-4378BEE67A6C-LeaderElection82] INFO  server.RaftServerConfigKeys (ConfUtils.java:logGet(44)) - raft.server.watch.timeout.denomination = 1s (default)
2020-07-09 05:16:44,253 [892fa5a7-ff4d-4b0c-962d-911ea3aeded8@group-4378BEE67A6C-LeaderElection82] INFO  server.RaftServerConfigKeys (ConfUtils.java:logGet(44)) - raft.server.watch.element-limit = 65536 (default)
2020-07-09 05:16:44,253 [892fa5a7-ff4d-4b0c-962d-911ea3aeded8@group-4378BEE67A6C-LeaderElection82] INFO  server.RaftServerConfigKeys (ConfUtils.java:logGet(44)) - raft.server.log.appender.snapshot.chunk.size.max = 16MB (=16777216) (default)
2020-07-09 05:16:44,253 [892fa5a7-ff4d-4b0c-962d-911ea3aeded8@group-4378BEE67A6C-LeaderElection82] INFO  server.RaftServerConfigKeys (ConfUtils.java:logGet(44)) - raft.server.log.appender.buffer.byte-limit = 33554432 (custom)
2020-07-09 05:16:44,253 [892fa5a7-ff4d-4b0c-962d-911ea3aeded8@group-4378BEE67A6C-LeaderElection82] INFO  server.RaftServerConfigKeys (ConfUtils.java:logGet(44)) - raft.server.log.appender.buffer.element-limit = 1 (custom)
2020-07-09 05:16:44,253 [892fa5a7-ff4d-4b0c-962d-911ea3aeded8@group-4378BEE67A6C-LeaderElection82] INFO  grpc.GrpcConfigKeys (ConfUtils.java:logGet(44)) - raft.grpc.server.leader.outstanding.appends.max = 128 (default)
2020-07-09 05:16:44,253 [892fa5a7-ff4d-4b0c-962d-911ea3aeded8@group-4378BEE67A6C-LeaderElection82] INFO  server.RaftServerConfigKeys (ConfUtils.java:logGet(44)) - raft.server.rpc.request.timeout = 3000ms (default)
2020-07-09 05:16:44,254 [892fa5a7-ff4d-4b0c-962d-911ea3aeded8@group-4378BEE67A6C-LeaderElection82] INFO  server.RaftServerConfigKeys (ConfUtils.java:logGet(44)) - raft.server.log.appender.install.snapshot.enabled = false (custom)
2020-07-09 05:16:44,254 [892fa5a7-ff4d-4b0c-962d-911ea3aeded8@group-4378BEE67A6C-LeaderElection82] INFO  metrics.RatisMetrics (RatisMetrics.java:lambda$create$0(36)) - Creating Metrics Registry : ratis_grpc.log_appender.892fa5a7-ff4d-4b0c-962d-911ea3aeded8@group-4378BEE67A6C
2020-07-09 05:16:44,255 [892fa5a7-ff4d-4b0c-962d-911ea3aeded8@group-4378BEE67A6C-LeaderElection82] INFO  server.RaftServerConfigKeys (ConfUtils.java:logGet(44)) - raft.server.log.appender.snapshot.chunk.size.max = 16MB (=16777216) (default)
2020-07-09 05:16:44,255 [892fa5a7-ff4d-4b0c-962d-911ea3aeded8@group-4378BEE67A6C-LeaderElection82] INFO  server.RaftServerConfigKeys (ConfUtils.java:logGet(44)) - raft.server.log.appender.buffer.byte-limit = 33554432 (custom)
2020-07-09 05:16:44,255 [892fa5a7-ff4d-4b0c-962d-911ea3aeded8@group-4378BEE67A6C-LeaderElection82] INFO  server.RaftServerConfigKeys (ConfUtils.java:logGet(44)) - raft.server.log.appender.buffer.element-limit = 1 (custom)
2020-07-09 05:16:44,256 [892fa5a7-ff4d-4b0c-962d-911ea3aeded8@group-4378BEE67A6C-LeaderElection82] INFO  grpc.GrpcConfigKeys (ConfUtils.java:logGet(44)) - raft.grpc.server.leader.outstanding.appends.max = 128 (default)
2020-07-09 05:16:44,256 [892fa5a7-ff4d-4b0c-962d-911ea3aeded8@group-4378BEE67A6C-LeaderElection82] INFO  server.RaftServerConfigKeys (ConfUtils.java:logGet(44)) - raft.server.rpc.request.timeout = 3000ms (default)
2020-07-09 05:16:44,256 [892fa5a7-ff4d-4b0c-962d-911ea3aeded8@group-4378BEE67A6C-LeaderElection82] INFO  server.RaftServerConfigKeys (ConfUtils.java:logGet(44)) - raft.server.log.appender.install.snapshot.enabled = false (custom)
2020-07-09 05:16:44,258 [892fa5a7-ff4d-4b0c-962d-911ea3aeded8@group-4378BEE67A6C-LeaderElection82] INFO  impl.RoleInfo (RoleInfo.java:updateAndGet(143)) - 892fa5a7-ff4d-4b0c-962d-911ea3aeded8: start LeaderState
2020-07-09 05:16:44,259 [892fa5a7-ff4d-4b0c-962d-911ea3aeded8@group-4378BEE67A6C-LeaderElection82] INFO  segmented.SegmentedRaftLogWorker (SegmentedRaftLogWorker.java:startLogSegment(397)) - 892fa5a7-ff4d-4b0c-962d-911ea3aeded8@group-4378BEE67A6C-SegmentedRaftLogWorker: Starting segment from index:0
2020-07-09 05:16:44,260 [892fa5a7-ff4d-4b0c-962d-911ea3aeded8@group-4378BEE67A6C-SegmentedRaftLogWorker] INFO  segmented.SegmentedRaftLogWorker (SegmentedRaftLogWorker.java:execute(596)) - 892fa5a7-ff4d-4b0c-962d-911ea3aeded8@group-4378BEE67A6C-SegmentedRaftLogWorker: created new log segment /github/workspace/mnt/ozone/hadoop-ozone/integration-test/target/test-dir/MiniOzoneClusterImpl-d071943e-99b5-4a6b-9dcd-d6487b458803/datanode-1/data/ratis/bc0201db-137f-48da-96a2-4378bee67a6c/current/log_inprogress_0
2020-07-09 05:16:44,263 [grpc-default-executor-2] INFO  ratis.XceiverServerRatis (XceiverServerRatis.java:handleLeaderChangedNotification(762)) - Leader change notification received for group: group-4378BEE67A6C with new leaderId: 892fa5a7-ff4d-4b0c-962d-911ea3aeded8
2020-07-09 05:16:44,263 [grpc-default-executor-2] INFO  impl.RaftServerImpl (ServerState.java:setLeader(255)) - 9fd43fdd-f81f-4298-8fae-a0f306bcbc10@group-4378BEE67A6C: change Leader from null to 892fa5a7-ff4d-4b0c-962d-911ea3aeded8 at term 2 for appendEntries, leader elected after 10280ms
2020-07-09 05:16:44,265 [892fa5a7-ff4d-4b0c-962d-911ea3aeded8@group-4378BEE67A6C-LeaderElection82] INFO  impl.RaftServerImpl (ServerState.java:setRaftConf(356)) - 892fa5a7-ff4d-4b0c-962d-911ea3aeded8@group-4378BEE67A6C: set configuration 0: [9fd43fdd-f81f-4298-8fae-a0f306bcbc10:172.17.0.2:34917, 24ca51e7-b0f8-4d63-a105-3cbecc3844b6:172.17.0.2:40419, 892fa5a7-ff4d-4b0c-962d-911ea3aeded8:172.17.0.2:37787], old=null at 0
2020-07-09 05:16:44,268 [grpc-default-executor-11] INFO  ratis.XceiverServerRatis (XceiverServerRatis.java:handleLeaderChangedNotification(762)) - Leader change notification received for group: group-4378BEE67A6C with new leaderId: 892fa5a7-ff4d-4b0c-962d-911ea3aeded8
2020-07-09 05:16:44,268 [grpc-default-executor-11] INFO  impl.RaftServerImpl (ServerState.java:setLeader(255)) - 24ca51e7-b0f8-4d63-a105-3cbecc3844b6@group-4378BEE67A6C: change Leader from null to 892fa5a7-ff4d-4b0c-962d-911ea3aeded8 at term 2 for appendEntries, leader elected after 10263ms
2020-07-09 05:16:44,269 [grpc-default-executor-2] DEBUG impl.RaftServerImpl (RaftServerImpl.java:logAppendEntries(928)) - 9fd43fdd-f81f-4298-8fae-a0f306bcbc10@group-4378BEE67A6C: receive appendEntries(892fa5a7-ff4d-4b0c-962d-911ea3aeded8, 2, null, -1, false, commits[892fa5a7-ff4d-4b0c-962d-911ea3aeded8:c-1, 9fd43fdd-f81f-4298-8fae-a0f306bcbc10:c-1, 24ca51e7-b0f8-4d63-a105-3cbecc3844b6:c-1], entries: (t:2, i:0), CONFIGURATIONENTRY
2020-07-09 05:16:44,270 [grpc-default-executor-2] INFO  impl.RaftServerImpl (ServerState.java:setRaftConf(356)) - 9fd43fdd-f81f-4298-8fae-a0f306bcbc10@group-4378BEE67A6C: set configuration 0: [9fd43fdd-f81f-4298-8fae-a0f306bcbc10:172.17.0.2:34917, 24ca51e7-b0f8-4d63-a105-3cbecc3844b6:172.17.0.2:40419, 892fa5a7-ff4d-4b0c-962d-911ea3aeded8:172.17.0.2:37787], old=null at 0
2020-07-09 05:16:44,270 [grpc-default-executor-2] INFO  segmented.SegmentedRaftLogWorker (SegmentedRaftLogWorker.java:startLogSegment(397)) - 9fd43fdd-f81f-4298-8fae-a0f306bcbc10@group-4378BEE67A6C-SegmentedRaftLogWorker: Starting segment from index:0
2020-07-09 05:16:44,271 [grpc-default-executor-2] DEBUG impl.RaftServerImpl (RaftServerImpl.java:logAppendEntries(928)) - 24ca51e7-b0f8-4d63-a105-3cbecc3844b6@group-4378BEE67A6C: receive appendEntries(892fa5a7-ff4d-4b0c-962d-911ea3aeded8, 2, null, 0, false, commits[892fa5a7-ff4d-4b0c-962d-911ea3aeded8:c0, 9fd43fdd-f81f-4298-8fae-a0f306bcbc10:c-1, 24ca51e7-b0f8-4d63-a105-3cbecc3844b6:c-1], entries: (t:2, i:0), CONFIGURATIONENTRY
2020-07-09 05:16:44,271 [grpc-default-executor-2] INFO  impl.RaftServerImpl (ServerState.java:setRaftConf(356)) - 24ca51e7-b0f8-4d63-a105-3cbecc3844b6@group-4378BEE67A6C: set configuration 0: [9fd43fdd-f81f-4298-8fae-a0f306bcbc10:172.17.0.2:34917, 24ca51e7-b0f8-4d63-a105-3cbecc3844b6:172.17.0.2:40419, 892fa5a7-ff4d-4b0c-962d-911ea3aeded8:172.17.0.2:37787], old=null at 0
2020-07-09 05:16:44,272 [grpc-default-executor-2] INFO  segmented.SegmentedRaftLogWorker (SegmentedRaftLogWorker.java:startLogSegment(397)) - 24ca51e7-b0f8-4d63-a105-3cbecc3844b6@group-4378BEE67A6C-SegmentedRaftLogWorker: Starting segment from index:0
2020-07-09 05:16:44,273 [9fd43fdd-f81f-4298-8fae-a0f306bcbc10@group-4378BEE67A6C-SegmentedRaftLogWorker] INFO  segmented.SegmentedRaftLogWorker (SegmentedRaftLogWorker.java:execute(596)) - 9fd43fdd-f81f-4298-8fae-a0f306bcbc10@group-4378BEE67A6C-SegmentedRaftLogWorker: created new log segment /github/workspace/mnt/ozone/hadoop-ozone/integration-test/target/test-dir/MiniOzoneClusterImpl-d071943e-99b5-4a6b-9dcd-d6487b458803/datanode-0/data/ratis/bc0201db-137f-48da-96a2-4378bee67a6c/current/log_inprogress_0
2020-07-09 05:16:44,274 [grpc-default-executor-2] DEBUG server.GrpcLogAppender (GrpcLogAppender.java:onNext(257)) - 892fa5a7-ff4d-4b0c-962d-911ea3aeded8@group-4378BEE67A6C->9fd43fdd-f81f-4298-8fae-a0f306bcbc10-AppendLogResponseHandler: received the first reply 892fa5a7-ff4d-4b0c-962d-911ea3aeded8<-9fd43fdd-f81f-4298-8fae-a0f306bcbc10#0:OK,SUCCESS,nextIndex:1,term:2,followerCommit:-1, request=AppendEntriesRequest:cid=0,entriesCount=0,lastEntry=null
2020-07-09 05:16:44,275 [24ca51e7-b0f8-4d63-a105-3cbecc3844b6@group-4378BEE67A6C-SegmentedRaftLogWorker] INFO  segmented.SegmentedRaftLogWorker (SegmentedRaftLogWorker.java:execute(596)) - 24ca51e7-b0f8-4d63-a105-3cbecc3844b6@group-4378BEE67A6C-SegmentedRaftLogWorker: created new log segment /github/workspace/mnt/ozone/hadoop-ozone/integration-test/target/test-dir/MiniOzoneClusterImpl-d071943e-99b5-4a6b-9dcd-d6487b458803/datanode-2/data/ratis/bc0201db-137f-48da-96a2-4378bee67a6c/current/log_inprogress_0
2020-07-09 05:16:44,276 [grpc-default-executor-2] DEBUG server.GrpcLogAppender (GrpcLogAppender.java:onNext(257)) - 892fa5a7-ff4d-4b0c-962d-911ea3aeded8@group-4378BEE67A6C->24ca51e7-b0f8-4d63-a105-3cbecc3844b6-AppendLogResponseHandler: received the first reply 892fa5a7-ff4d-4b0c-962d-911ea3aeded8<-24ca51e7-b0f8-4d63-a105-3cbecc3844b6#0:OK,SUCCESS,nextIndex:1,term:2,followerCommit:-1, request=AppendEntriesRequest:cid=0,entriesCount=0,lastEntry=null
2020-07-09 05:16:44,277 [Thread-1880] DEBUG impl.RaftServerImpl (RaftServerImpl.java:logAppendEntries(928)) - 9fd43fdd-f81f-4298-8fae-a0f306bcbc10@group-4378BEE67A6C: succeeded to handle AppendEntries. Reply: 892fa5a7-ff4d-4b0c-962d-911ea3aeded8<-9fd43fdd-f81f-4298-8fae-a0f306bcbc10#1:OK,SUCCESS,nextIndex:1,term:2,followerCommit:-1
2020-07-09 05:16:44,278 [grpc-default-executor-2] DEBUG server.GrpcLogAppender (GrpcLogAppender.java:onNext(257)) - 892fa5a7-ff4d-4b0c-962d-911ea3aeded8@group-4378BEE67A6C->9fd43fdd-f81f-4298-8fae-a0f306bcbc10-AppendLogResponseHandler: received a reply 892fa5a7-ff4d-4b0c-962d-911ea3aeded8<-9fd43fdd-f81f-4298-8fae-a0f306bcbc10#1:OK,SUCCESS,nextIndex:1,term:2,followerCommit:-1, request=AppendEntriesRequest:cid=1,entriesCount=1,lastEntry=(t:2, i:0)
2020-07-09 05:16:44,279 [Thread-1881] DEBUG impl.RaftServerImpl (RaftServerImpl.java:logAppendEntries(928)) - 24ca51e7-b0f8-4d63-a105-3cbecc3844b6@group-4378BEE67A6C: succeeded to handle AppendEntries. Reply: 892fa5a7-ff4d-4b0c-962d-911ea3aeded8<-24ca51e7-b0f8-4d63-a105-3cbecc3844b6#1:OK,SUCCESS,nextIndex:1,term:2,followerCommit:0
2020-07-09 05:16:44,279 [grpc-default-executor-2] DEBUG server.GrpcLogAppender (GrpcLogAppender.java:onNext(257)) - 892fa5a7-ff4d-4b0c-962d-911ea3aeded8@group-4378BEE67A6C->24ca51e7-b0f8-4d63-a105-3cbecc3844b6-AppendLogResponseHandler: received a reply 892fa5a7-ff4d-4b0c-962d-911ea3aeded8<-24ca51e7-b0f8-4d63-a105-3cbecc3844b6#1:OK,SUCCESS,nextIndex:1,term:2,followerCommit:0, request=AppendEntriesRequest:cid=1,entriesCount=1,lastEntry=(t:2, i:0)
2020-07-09 05:16:44,492 [grpc-default-executor-11] DEBUG server.GrpcLogAppender (GrpcLogAppender.java:onNext(257)) - 2e380eeb-fc9c-4285-bf60-968042885e92@group-DA5563A61CFD->869115d6-4be2-4620-adee-449672856935-AppendLogResponseHandler: received a reply 2e380eeb-fc9c-4285-bf60-968042885e92<-869115d6-4be2-4620-adee-449672856935#5:OK,SUCCESS,nextIndex:3,term:1,followerCommit:2, request=AppendEntriesRequest:cid=5,entriesCount=0,lastEntry=null
2020-07-09 05:16:44,493 [grpc-default-executor-11] DEBUG server.GrpcLogAppender (GrpcLogAppender.java:onNext(257)) - 2e380eeb-fc9c-4285-bf60-968042885e92@group-DA5563A61CFD->6bbe18f0-a18d-467d-ac04-38543da40044-AppendLogResponseHandler: received a reply 2e380eeb-fc9c-4285-bf60-968042885e92<-6bbe18f0-a18d-467d-ac04-38543da40044#5:OK,SUCCESS,nextIndex:3,term:1,followerCommit:2, request=AppendEntriesRequest:cid=5,entriesCount=0,lastEntry=null
2020-07-09 05:16:44,538 [Listener at 127.0.0.1/38375] INFO  ozoneimpl.OzoneContainer (OzoneContainer.java:stop(246)) - Attempting to stop container services.
2020-07-09 05:16:44,538 [Listener at 127.0.0.1/38375] INFO  impl.RaftServerProxy (RaftServerProxy.java:lambda$close$4(319)) - 2e380eeb-fc9c-4285-bf60-968042885e92: close
2020-07-09 05:16:44,538 [Listener at 127.0.0.1/38375] INFO  impl.RaftServerImpl (RaftServerImpl.java:lambda$shutdown$3(252)) - 2e380eeb-fc9c-4285-bf60-968042885e92@group-DA5563A61CFD: shutdown
2020-07-09 05:16:44,539 [Listener at 127.0.0.1/38375] INFO  util.JmxRegister (JmxRegister.java:unregister(73)) - Successfully un-registered JMX Bean with object name Ratis:service=RaftServer,group=group-DA5563A61CFD,id=2e380eeb-fc9c-4285-bf60-968042885e92
2020-07-09 05:16:44,539 [Listener at 127.0.0.1/38375] INFO  impl.RoleInfo (RoleInfo.java:shutdownLeaderState(104)) - 2e380eeb-fc9c-4285-bf60-968042885e92: shutdown LeaderState
2020-07-09 05:16:44,539 [Listener at 127.0.0.1/38375] INFO  metrics.RatisMetrics (RatisMetrics.java:unregister(43)) - Unregistering Metrics Registry : ratis_grpc.log_appender.2e380eeb-fc9c-4285-bf60-968042885e92@group-DA5563A61CFD
2020-07-09 05:16:44,540 [Listener at 127.0.0.1/38375] INFO  metrics.RatisMetrics (RatisMetrics.java:unregister(43)) - Unregistering Metrics Registry : ratis_grpc.log_appender.2e380eeb-fc9c-4285-bf60-968042885e92@group-DA5563A61CFD
2020-07-09 05:16:44,540 [ForkJoinPool.commonPool-worker-1] INFO  ozoneimpl.OzoneContainer (OzoneContainer.java:stop(246)) - Attempting to stop container services.
2020-07-09 05:16:44,541 [org.apache.ratis.server.impl.LogAppender$AppenderDaemon$$Lambda$441/987093853@315c16ba] WARN  server.GrpcLogAppender (GrpcLogAppender.java:mayWait(153)) - 2e380eeb-fc9c-4285-bf60-968042885e92@group-DA5563A61CFD->869115d6-4be2-4620-adee-449672856935-GrpcLogAppender: Wait interrupted by java.lang.InterruptedException
2020-07-09 05:16:44,540 [org.apache.ratis.server.impl.LogAppender$AppenderDaemon$$Lambda$441/987093853@11f84ab0] WARN  server.GrpcLogAppender (GrpcLogAppender.java:mayWait(153)) - 2e380eeb-fc9c-4285-bf60-968042885e92@group-DA5563A61CFD->6bbe18f0-a18d-467d-ac04-38543da40044-GrpcLogAppender: Wait interrupted by java.lang.InterruptedException
2020-07-09 05:16:44,542 [ForkJoinPool.commonPool-worker-1] INFO  impl.RaftServerProxy (RaftServerProxy.java:lambda$close$4(319)) - 24ca51e7-b0f8-4d63-a105-3cbecc3844b6: close
2020-07-09 05:16:44,542 [ForkJoinPool.commonPool-worker-1] INFO  impl.RaftServerImpl (RaftServerImpl.java:lambda$shutdown$3(252)) - 24ca51e7-b0f8-4d63-a105-3cbecc3844b6@group-4378BEE67A6C: shutdown
2020-07-09 05:16:44,542 [ForkJoinPool.commonPool-worker-1] INFO  util.JmxRegister (JmxRegister.java:unregister(73)) - Successfully un-registered JMX Bean with object name Ratis:service=RaftServer,group=group-4378BEE67A6C,id=24ca51e7-b0f8-4d63-a105-3cbecc3844b6
2020-07-09 05:16:44,542 [ForkJoinPool.commonPool-worker-1] INFO  impl.RoleInfo (RoleInfo.java:shutdownFollowerState(121)) - 24ca51e7-b0f8-4d63-a105-3cbecc3844b6: shutdown FollowerState
2020-07-09 05:16:44,542 [ForkJoinPool.commonPool-worker-1] INFO  impl.StateMachineUpdater (StateMachineUpdater.java:stopAndJoin(142)) - 24ca51e7-b0f8-4d63-a105-3cbecc3844b6@group-4378BEE67A6C-StateMachineUpdater: set stopIndex = 0
2020-07-09 05:16:44,543 [24ca51e7-b0f8-4d63-a105-3cbecc3844b6@group-4378BEE67A6C-StateMachineUpdater] INFO  ratis.ContainerStateMachine (ContainerStateMachine.java:takeSnapshot(293)) - group-4378BEE67A6C: Taking a snapshot at:(t:2, i:0) file /github/workspace/mnt/ozone/hadoop-ozone/integration-test/target/test-dir/MiniOzoneClusterImpl-d071943e-99b5-4a6b-9dcd-d6487b458803/datanode-2/data/ratis/bc0201db-137f-48da-96a2-4378bee67a6c/sm/snapshot.2_0
2020-07-09 05:16:44,543 [grpc-default-executor-2] INFO  server.GrpcServerProtocolService (GrpcServerProtocolService.java:onCompleted(138)) - 6bbe18f0-a18d-467d-ac04-38543da40044: Completed APPEND_ENTRIES, lastRequest: 2e380eeb-fc9c-4285-bf60-968042885e92->6bbe18f0-a18d-467d-ac04-38543da40044#3-t1, previous=(t:1, i:1), leaderCommit=1, initializing? false, entries: size=1, first=(t:1, i:2), METADATAENTRY(c:1)
2020-07-09 05:16:44,541 [Listener at 127.0.0.1/38375] INFO  impl.PendingRequests (PendingRequests.java:sendNotLeaderResponses(249)) - 2e380eeb-fc9c-4285-bf60-968042885e92@group-DA5563A61CFD-PendingRequests: sendNotLeaderResponses
2020-07-09 05:16:44,542 [Thread-1873] INFO  impl.FollowerState (FollowerState.java:run(117)) - 24ca51e7-b0f8-4d63-a105-3cbecc3844b6@group-4378BEE67A6C-FollowerState was interrupted: java.lang.InterruptedException: sleep interrupted
2020-07-09 05:16:44,542 [grpc-default-executor-11] INFO  server.GrpcServerProtocolService (GrpcServerProtocolService.java:onCompleted(138)) - 869115d6-4be2-4620-adee-449672856935: Completed APPEND_ENTRIES, lastRequest: 2e380eeb-fc9c-4285-bf60-968042885e92->869115d6-4be2-4620-adee-449672856935#3-t1, previous=(t:1, i:1), leaderCommit=1, initializing? false, entries: size=1, first=(t:1, i:2), METADATAENTRY(c:1)
2020-07-09 05:16:44,544 [grpc-default-executor-9] INFO  server.GrpcLogAppender (GrpcLogAppender.java:onCompleted(319)) - 2e380eeb-fc9c-4285-bf60-968042885e92@group-DA5563A61CFD->6bbe18f0-a18d-467d-ac04-38543da40044-AppendLogResponseHandler: follower responses appendEntries COMPLETED
2020-07-09 05:16:44,547 [24ca51e7-b0f8-4d63-a105-3cbecc3844b6@group-4378BEE67A6C-StateMachineUpdater] INFO  ratis.ContainerStateMachine (ContainerStateMachine.java:takeSnapshot(304)) - group-4378BEE67A6C: Finished taking a snapshot at:(t:2, i:0) file:/github/workspace/mnt/ozone/hadoop-ozone/integration-test/target/test-dir/MiniOzoneClusterImpl-d071943e-99b5-4a6b-9dcd-d6487b458803/datanode-2/data/ratis/bc0201db-137f-48da-96a2-4378bee67a6c/sm/snapshot.2_0 time:4
2020-07-09 05:16:44,547 [24ca51e7-b0f8-4d63-a105-3cbecc3844b6@group-4378BEE67A6C-StateMachineUpdater] INFO  impl.StateMachineUpdater (StateMachineUpdater.java:takeSnapshot(277)) - 24ca51e7-b0f8-4d63-a105-3cbecc3844b6@group-4378BEE67A6C-StateMachineUpdater: Took a snapshot at index 0
2020-07-09 05:16:44,548 [24ca51e7-b0f8-4d63-a105-3cbecc3844b6@group-4378BEE67A6C-StateMachineUpdater] INFO  impl.StateMachineUpdater (StateMachineUpdater.java:lambda$new$0(87)) - 24ca51e7-b0f8-4d63-a105-3cbecc3844b6@group-4378BEE67A6C-StateMachineUpdater: snapshotIndex: updateIncreasingly -1 -> 0
2020-07-09 05:16:44,548 [24ca51e7-b0f8-4d63-a105-3cbecc3844b6@group-4378BEE67A6C-StateMachineUpdater] INFO  metrics.RatisMetrics (RatisMetrics.java:unregister(43)) - Unregistering Metrics Registry : ratis.state_machine.24ca51e7-b0f8-4d63-a105-3cbecc3844b6@group-4378BEE67A6C
2020-07-09 05:16:44,548 [ForkJoinPool.commonPool-worker-1] INFO  impl.RaftServerImpl (ServerState.java:close(387)) - 24ca51e7-b0f8-4d63-a105-3cbecc3844b6@group-4378BEE67A6C: closes. applyIndex: 0
2020-07-09 05:16:44,548 [24ca51e7-b0f8-4d63-a105-3cbecc3844b6@group-4378BEE67A6C-SegmentedRaftLogWorker] INFO  segmented.SegmentedRaftLogWorker (SegmentedRaftLogWorker.java:run(327)) - 24ca51e7-b0f8-4d63-a105-3cbecc3844b6@group-4378BEE67A6C-SegmentedRaftLogWorker was interrupted, exiting. There are 0 tasks remaining in the queue.
2020-07-09 05:16:44,548 [Listener at 127.0.0.1/38375] INFO  metrics.RatisMetrics (RatisMetrics.java:unregister(43)) - Unregistering Metrics Registry : ratis.log_appender.2e380eeb-fc9c-4285-bf60-968042885e92@group-DA5563A61CFD
2020-07-09 05:16:44,549 [Listener at 127.0.0.1/38375] INFO  metrics.RatisMetrics (RatisMetrics.java:unregister(43)) - Unregistering Metrics Registry : ratis.server.2e380eeb-fc9c-4285-bf60-968042885e92@group-DA5563A61CFD
2020-07-09 05:16:44,549 [ForkJoinPool.commonPool-worker-1] INFO  segmented.SegmentedRaftLogWorker (SegmentedRaftLogWorker.java:close(234)) - 24ca51e7-b0f8-4d63-a105-3cbecc3844b6@group-4378BEE67A6C-SegmentedRaftLogWorker close()
2020-07-09 05:16:44,552 [grpc-default-executor-2] INFO  server.GrpcLogAppender (GrpcLogAppender.java:onCompleted(319)) - 2e380eeb-fc9c-4285-bf60-968042885e92@group-DA5563A61CFD->869115d6-4be2-4620-adee-449672856935-AppendLogResponseHandler: follower responses appendEntries COMPLETED
2020-07-09 05:16:44,553 [Listener at 127.0.0.1/38375] INFO  impl.StateMachineUpdater (StateMachineUpdater.java:stopAndJoin(142)) - 2e380eeb-fc9c-4285-bf60-968042885e92@group-DA5563A61CFD-StateMachineUpdater: set stopIndex = 2
2020-07-09 05:16:44,554 [2e380eeb-fc9c-4285-bf60-968042885e92@group-DA5563A61CFD-StateMachineUpdater] INFO  ratis.ContainerStateMachine (ContainerStateMachine.java:takeSnapshot(293)) - group-DA5563A61CFD: Taking a snapshot at:(t:1, i:2) file /github/workspace/mnt/ozone/hadoop-ozone/integration-test/target/test-dir/MiniOzoneClusterImpl-d071943e-99b5-4a6b-9dcd-d6487b458803/datanode-4/data/ratis/df910146-1b09-4cdf-9957-da5563a61cfd/sm/snapshot.1_2
2020-07-09 05:16:44,555 [ForkJoinPool.commonPool-worker-1] INFO  metrics.RatisMetrics (RatisMetrics.java:unregister(43)) - Unregistering Metrics Registry : ratis.log_worker.24ca51e7-b0f8-4d63-a105-3cbecc3844b6@group-4378BEE67A6C
2020-07-09 05:16:44,555 [grpc-default-executor-2] INFO  impl.FollowerInfo (FollowerInfo.java:lambda$new$0(51)) - 2e380eeb-fc9c-4285-bf60-968042885e92@group-DA5563A61CFD->869115d6-4be2-4620-adee-449672856935: nextIndex: updateUnconditionally 3 -> 2
2020-07-09 05:16:44,556 [2e380eeb-fc9c-4285-bf60-968042885e92@group-DA5563A61CFD-StateMachineUpdater] INFO  ratis.ContainerStateMachine (ContainerStateMachine.java:takeSnapshot(304)) - group-DA5563A61CFD: Finished taking a snapshot at:(t:1, i:2) file:/github/workspace/mnt/ozone/hadoop-ozone/integration-test/target/test-dir/MiniOzoneClusterImpl-d071943e-99b5-4a6b-9dcd-d6487b458803/datanode-4/data/ratis/df910146-1b09-4cdf-9957-da5563a61cfd/sm/snapshot.1_2 time:2
2020-07-09 05:16:44,556 [2e380eeb-fc9c-4285-bf60-968042885e92@group-DA5563A61CFD-StateMachineUpdater] INFO  impl.StateMachineUpdater (StateMachineUpdater.java:takeSnapshot(277)) - 2e380eeb-fc9c-4285-bf60-968042885e92@group-DA5563A61CFD-StateMachineUpdater: Took a snapshot at index 2
2020-07-09 05:16:44,556 [2e380eeb-fc9c-4285-bf60-968042885e92@group-DA5563A61CFD-StateMachineUpdater] INFO  impl.StateMachineUpdater (StateMachineUpdater.java:lambda$new$0(87)) - 2e380eeb-fc9c-4285-bf60-968042885e92@group-DA5563A61CFD-StateMachineUpdater: snapshotIndex: updateIncreasingly -1 -> 2
2020-07-09 05:16:44,556 [2e380eeb-fc9c-4285-bf60-968042885e92@group-DA5563A61CFD-StateMachineUpdater] INFO  metrics.RatisMetrics (RatisMetrics.java:unregister(43)) - Unregistering Metrics Registry : ratis.state_machine.2e380eeb-fc9c-4285-bf60-968042885e92@group-DA5563A61CFD
2020-07-09 05:16:44,555 [grpc-default-executor-9] INFO  impl.FollowerInfo (FollowerInfo.java:lambda$new$0(51)) - 2e380eeb-fc9c-4285-bf60-968042885e92@group-DA5563A61CFD->6bbe18f0-a18d-467d-ac04-38543da40044: nextIndex: updateUnconditionally 3 -> 2
2020-07-09 05:16:44,556 [ForkJoinPool.commonPool-worker-1] INFO  metrics.RatisMetrics (RatisMetrics.java:unregister(43)) - Unregistering Metrics Registry : ratis.leader_election.24ca51e7-b0f8-4d63-a105-3cbecc3844b6@group-4378BEE67A6C
2020-07-09 05:16:44,557 [ForkJoinPool.commonPool-worker-1] INFO  metrics.RatisMetrics (RatisMetrics.java:unregister(43)) - Unregistering Metrics Registry : ratis.server.24ca51e7-b0f8-4d63-a105-3cbecc3844b6@group-4378BEE67A6C
2020-07-09 05:16:44,557 [ForkJoinPool.commonPool-worker-1] INFO  impl.RaftServerImpl (RaftServerImpl.java:lambda$shutdown$3(252)) - 24ca51e7-b0f8-4d63-a105-3cbecc3844b6@group-15FD68912E1A: shutdown
2020-07-09 05:16:44,557 [ForkJoinPool.commonPool-worker-1] INFO  util.JmxRegister (JmxRegister.java:unregister(73)) - Successfully un-registered JMX Bean with object name Ratis:service=RaftServer,group=group-15FD68912E1A,id=24ca51e7-b0f8-4d63-a105-3cbecc3844b6
2020-07-09 05:16:44,557 [ForkJoinPool.commonPool-worker-1] INFO  impl.RoleInfo (RoleInfo.java:shutdownLeaderState(104)) - 24ca51e7-b0f8-4d63-a105-3cbecc3844b6: shutdown LeaderState
2020-07-09 05:16:44,557 [ForkJoinPool.commonPool-worker-1] INFO  impl.PendingRequests (PendingRequests.java:sendNotLeaderResponses(249)) - 24ca51e7-b0f8-4d63-a105-3cbecc3844b6@group-15FD68912E1A-PendingRequests: sendNotLeaderResponses
2020-07-09 05:16:44,557 [ForkJoinPool.commonPool-worker-1] INFO  metrics.RatisMetrics (RatisMetrics.java:unregister(43)) - Unregistering Metrics Registry : ratis.log_appender.24ca51e7-b0f8-4d63-a105-3cbecc3844b6@group-15FD68912E1A
2020-07-09 05:16:44,557 [ForkJoinPool.commonPool-worker-1] INFO  metrics.RatisMetrics (RatisMetrics.java:unregister(43)) - Unregistering Metrics Registry : ratis.server.24ca51e7-b0f8-4d63-a105-3cbecc3844b6@group-15FD68912E1A
2020-07-09 05:16:44,558 [ForkJoinPool.commonPool-worker-1] INFO  impl.StateMachineUpdater (StateMachineUpdater.java:stopAndJoin(142)) - 24ca51e7-b0f8-4d63-a105-3cbecc3844b6@group-15FD68912E1A-StateMachineUpdater: set stopIndex = 0
2020-07-09 05:16:44,556 [Listener at 127.0.0.1/38375] INFO  impl.RaftServerImpl (ServerState.java:close(387)) - 2e380eeb-fc9c-4285-bf60-968042885e92@group-DA5563A61CFD: closes. applyIndex: 2
2020-07-09 05:16:44,559 [2e380eeb-fc9c-4285-bf60-968042885e92@group-DA5563A61CFD-SegmentedRaftLogWorker] INFO  segmented.SegmentedRaftLogWorker (SegmentedRaftLogWorker.java:run(327)) - 2e380eeb-fc9c-4285-bf60-968042885e92@group-DA5563A61CFD-SegmentedRaftLogWorker was interrupted, exiting. There are 0 tasks remaining in the queue.
2020-07-09 05:16:44,559 [24ca51e7-b0f8-4d63-a105-3cbecc3844b6@group-15FD68912E1A-StateMachineUpdater] INFO  ratis.ContainerStateMachine (ContainerStateMachine.java:takeSnapshot(293)) - group-15FD68912E1A: Taking a snapshot at:(t:1, i:0) file /github/workspace/mnt/ozone/hadoop-ozone/integration-test/target/test-dir/MiniOzoneClusterImpl-d071943e-99b5-4a6b-9dcd-d6487b458803/datanode-2/data/ratis/435d91a2-b26f-4933-a4ea-15fd68912e1a/sm/snapshot.1_0
2020-07-09 05:16:44,560 [24ca51e7-b0f8-4d63-a105-3cbecc3844b6@group-15FD68912E1A-StateMachineUpdater] INFO  ratis.ContainerStateMachine (ContainerStateMachine.java:takeSnapshot(304)) - group-15FD68912E1A: Finished taking a snapshot at:(t:1, i:0) file:/github/workspace/mnt/ozone/hadoop-ozone/integration-test/target/test-dir/MiniOzoneClusterImpl-d071943e-99b5-4a6b-9dcd-d6487b458803/datanode-2/data/ratis/435d91a2-b26f-4933-a4ea-15fd68912e1a/sm/snapshot.1_0 time:2
2020-07-09 05:16:44,560 [24ca51e7-b0f8-4d63-a105-3cbecc3844b6@group-15FD68912E1A-StateMachineUpdater] INFO  impl.StateMachineUpdater (StateMachineUpdater.java:takeSnapshot(277)) - 24ca51e7-b0f8-4d63-a105-3cbecc3844b6@group-15FD68912E1A-StateMachineUpdater: Took a snapshot at index 0
2020-07-09 05:16:44,560 [24ca51e7-b0f8-4d63-a105-3cbecc3844b6@group-15FD68912E1A-StateMachineUpdater] INFO  impl.StateMachineUpdater (StateMachineUpdater.java:lambda$new$0(87)) - 24ca51e7-b0f8-4d63-a105-3cbecc3844b6@group-15FD68912E1A-StateMachineUpdater: snapshotIndex: updateIncreasingly -1 -> 0
2020-07-09 05:16:44,560 [24ca51e7-b0f8-4d63-a105-3cbecc3844b6@group-15FD68912E1A-StateMachineUpdater] INFO  metrics.RatisMetrics (RatisMetrics.java:unregister(43)) - Unregistering Metrics Registry : ratis.state_machine.24ca51e7-b0f8-4d63-a105-3cbecc3844b6@group-15FD68912E1A
2020-07-09 05:16:44,561 [ForkJoinPool.commonPool-worker-1] INFO  impl.RaftServerImpl (ServerState.java:close(387)) - 24ca51e7-b0f8-4d63-a105-3cbecc3844b6@group-15FD68912E1A: closes. applyIndex: 0
2020-07-09 05:16:44,560 [Listener at 127.0.0.1/38375] INFO  segmented.SegmentedRaftLogWorker (SegmentedRaftLogWorker.java:close(234)) - 2e380eeb-fc9c-4285-bf60-968042885e92@group-DA5563A61CFD-SegmentedRaftLogWorker close()
2020-07-09 05:16:44,561 [24ca51e7-b0f8-4d63-a105-3cbecc3844b6@group-15FD68912E1A-SegmentedRaftLogWorker] INFO  segmented.SegmentedRaftLogWorker (SegmentedRaftLogWorker.java:run(327)) - 24ca51e7-b0f8-4d63-a105-3cbecc3844b6@group-15FD68912E1A-SegmentedRaftLogWorker was interrupted, exiting. There are 0 tasks remaining in the queue.
2020-07-09 05:16:44,562 [ForkJoinPool.commonPool-worker-1] INFO  segmented.SegmentedRaftLogWorker (SegmentedRaftLogWorker.java:close(234)) - 24ca51e7-b0f8-4d63-a105-3cbecc3844b6@group-15FD68912E1A-SegmentedRaftLogWorker close()
2020-07-09 05:16:44,564 [Listener at 127.0.0.1/38375] INFO  metrics.RatisMetrics (RatisMetrics.java:unregister(43)) - Unregistering Metrics Registry : ratis.log_worker.2e380eeb-fc9c-4285-bf60-968042885e92@group-DA5563A61CFD
2020-07-09 05:16:44,565 [ForkJoinPool.commonPool-worker-1] INFO  metrics.RatisMetrics (RatisMetrics.java:unregister(43)) - Unregistering Metrics Registry : ratis.log_worker.24ca51e7-b0f8-4d63-a105-3cbecc3844b6@group-15FD68912E1A
2020-07-09 05:16:44,565 [ForkJoinPool.commonPool-worker-1] INFO  metrics.RatisMetrics (RatisMetrics.java:unregister(43)) - Unregistering Metrics Registry : ratis.leader_election.24ca51e7-b0f8-4d63-a105-3cbecc3844b6@group-15FD68912E1A
2020-07-09 05:16:44,565 [ForkJoinPool.commonPool-worker-1] INFO  metrics.RatisMetrics (RatisMetrics.java:unregister(43)) - Unregistering Metrics Registry : ratis.server.24ca51e7-b0f8-4d63-a105-3cbecc3844b6@group-15FD68912E1A
2020-07-09 05:16:44,565 [ForkJoinPool.commonPool-worker-1] INFO  server.GrpcService (GrpcService.java:closeImpl(166)) - 24ca51e7-b0f8-4d63-a105-3cbecc3844b6: shutdown server with port 40419 now
2020-07-09 05:16:44,566 [Listener at 127.0.0.1/38375] INFO  metrics.RatisMetrics (RatisMetrics.java:unregister(43)) - Unregistering Metrics Registry : ratis.leader_election.2e380eeb-fc9c-4285-bf60-968042885e92@group-DA5563A61CFD
2020-07-09 05:16:44,568 [Listener at 127.0.0.1/38375] INFO  metrics.RatisMetrics (RatisMetrics.java:unregister(43)) - Unregistering Metrics Registry : ratis.server.2e380eeb-fc9c-4285-bf60-968042885e92@group-DA5563A61CFD
2020-07-09 05:16:44,568 [Listener at 127.0.0.1/38375] INFO  impl.RaftServerImpl (RaftServerImpl.java:lambda$shutdown$3(252)) - 2e380eeb-fc9c-4285-bf60-968042885e92@group-DC179432F4E7: shutdown
2020-07-09 05:16:44,568 [Listener at 127.0.0.1/38375] INFO  util.JmxRegister (JmxRegister.java:unregister(73)) - Successfully un-registered JMX Bean with object name Ratis:service=RaftServer,group=group-DC179432F4E7,id=2e380eeb-fc9c-4285-bf60-968042885e92
2020-07-09 05:16:44,568 [grpc-default-executor-9] WARN  server.GrpcServerProtocolService (LogUtils.java:warn(122)) - 24ca51e7-b0f8-4d63-a105-3cbecc3844b6: installSnapshot onError, lastRequest: 892fa5a7-ff4d-4b0c-962d-911ea3aeded8->24ca51e7-b0f8-4d63-a105-3cbecc3844b6#1-t2, previous=(t:0, i:0), leaderCommit=0, initializing? false, entries: size=1, first=(t:2, i:0), CONFIGURATIONENTRY: org.apache.ratis.thirdparty.io.grpc.StatusRuntimeException: CANCELLED: cancelled before receiving half close
2020-07-09 05:16:44,569 [grpc-default-executor-2] WARN  server.GrpcLogAppender (LogUtils.java:warn(122)) - 892fa5a7-ff4d-4b0c-962d-911ea3aeded8@group-4378BEE67A6C->24ca51e7-b0f8-4d63-a105-3cbecc3844b6-AppendLogResponseHandler: Failed appendEntries: org.apache.ratis.thirdparty.io.grpc.StatusRuntimeException: CANCELLED: HTTP/2 error code: CANCEL
Received Rst Stream
2020-07-09 05:16:44,569 [Listener at 127.0.0.1/38375] INFO  impl.RoleInfo (RoleInfo.java:shutdownLeaderState(104)) - 2e380eeb-fc9c-4285-bf60-968042885e92: shutdown LeaderState
2020-07-09 05:16:44,569 [Listener at 127.0.0.1/38375] INFO  impl.PendingRequests (PendingRequests.java:sendNotLeaderResponses(249)) - 2e380eeb-fc9c-4285-bf60-968042885e92@group-DC179432F4E7-PendingRequests: sendNotLeaderResponses
2020-07-09 05:16:44,570 [Listener at 127.0.0.1/38375] INFO  metrics.RatisMetrics (RatisMetrics.java:unregister(43)) - Unregistering Metrics Registry : ratis.log_appender.2e380eeb-fc9c-4285-bf60-968042885e92@group-DC179432F4E7
2020-07-09 05:16:44,570 [Listener at 127.0.0.1/38375] INFO  metrics.RatisMetrics (RatisMetrics.java:unregister(43)) - Unregistering Metrics Registry : ratis.server.2e380eeb-fc9c-4285-bf60-968042885e92@group-DC179432F4E7
2020-07-09 05:16:44,571 [Listener at 127.0.0.1/38375] INFO  impl.StateMachineUpdater (StateMachineUpdater.java:stopAndJoin(142)) - 2e380eeb-fc9c-4285-bf60-968042885e92@group-DC179432F4E7-StateMachineUpdater: set stopIndex = 0
2020-07-09 05:16:44,572 [2e380eeb-fc9c-4285-bf60-968042885e92@group-DC179432F4E7-StateMachineUpdater] INFO  ratis.ContainerStateMachine (ContainerStateMachine.java:takeSnapshot(293)) - group-DC179432F4E7: Taking a snapshot at:(t:1, i:0) file /github/workspace/mnt/ozone/hadoop-ozone/integration-test/target/test-dir/MiniOzoneClusterImpl-d071943e-99b5-4a6b-9dcd-d6487b458803/datanode-4/data/ratis/7b4745aa-e6c8-4608-b381-dc179432f4e7/sm/snapshot.1_0
2020-07-09 05:16:44,573 [2e380eeb-fc9c-4285-bf60-968042885e92@group-DC179432F4E7-StateMachineUpdater] INFO  ratis.ContainerStateMachine (ContainerStateMachine.java:takeSnapshot(304)) - group-DC179432F4E7: Finished taking a snapshot at:(t:1, i:0) file:/github/workspace/mnt/ozone/hadoop-ozone/integration-test/target/test-dir/MiniOzoneClusterImpl-d071943e-99b5-4a6b-9dcd-d6487b458803/datanode-4/data/ratis/7b4745aa-e6c8-4608-b381-dc179432f4e7/sm/snapshot.1_0 time:1
2020-07-09 05:16:44,573 [grpc-default-executor-2] INFO  impl.FollowerInfo (FollowerInfo.java:lambda$new$0(51)) - 892fa5a7-ff4d-4b0c-962d-911ea3aeded8@group-4378BEE67A6C->24ca51e7-b0f8-4d63-a105-3cbecc3844b6: nextIndex: updateUnconditionally 1 -> 0
2020-07-09 05:16:44,573 [2e380eeb-fc9c-4285-bf60-968042885e92@group-DC179432F4E7-StateMachineUpdater] INFO  impl.StateMachineUpdater (StateMachineUpdater.java:takeSnapshot(277)) - 2e380eeb-fc9c-4285-bf60-968042885e92@group-DC179432F4E7-StateMachineUpdater: Took a snapshot at index 0
2020-07-09 05:16:44,573 [2e380eeb-fc9c-4285-bf60-968042885e92@group-DC179432F4E7-StateMachineUpdater] INFO  impl.StateMachineUpdater (StateMachineUpdater.java:lambda$new$0(87)) - 2e380eeb-fc9c-4285-bf60-968042885e92@group-DC179432F4E7-StateMachineUpdater: snapshotIndex: updateIncreasingly -1 -> 0
2020-07-09 05:16:44,574 [2e380eeb-fc9c-4285-bf60-968042885e92@group-DC179432F4E7-StateMachineUpdater] INFO  metrics.RatisMetrics (RatisMetrics.java:unregister(43)) - Unregistering Metrics Registry : ratis.state_machine.2e380eeb-fc9c-4285-bf60-968042885e92@group-DC179432F4E7
2020-07-09 05:16:44,577 [Listener at 127.0.0.1/38375] INFO  impl.RaftServerImpl (ServerState.java:close(387)) - 2e380eeb-fc9c-4285-bf60-968042885e92@group-DC179432F4E7: closes. applyIndex: 0
2020-07-09 05:16:44,578 [2e380eeb-fc9c-4285-bf60-968042885e92@group-DC179432F4E7-SegmentedRaftLogWorker] INFO  segmented.SegmentedRaftLogWorker (SegmentedRaftLogWorker.java:run(327)) - 2e380eeb-fc9c-4285-bf60-968042885e92@group-DC179432F4E7-SegmentedRaftLogWorker was interrupted, exiting. There are 0 tasks remaining in the queue.
2020-07-09 05:16:44,578 [ForkJoinPool.commonPool-worker-1] INFO  server.GrpcService (GrpcService.java:closeImpl(174)) - 24ca51e7-b0f8-4d63-a105-3cbecc3844b6: shutdown server with port 40419 successfully
2020-07-09 05:16:44,582 [Listener at 127.0.0.1/38375] INFO  segmented.SegmentedRaftLogWorker (SegmentedRaftLogWorker.java:close(234)) - 2e380eeb-fc9c-4285-bf60-968042885e92@group-DC179432F4E7-SegmentedRaftLogWorker close()
2020-07-09 05:16:44,582 [ForkJoinPool.commonPool-worker-1] INFO  utils.BackgroundService (BackgroundService.java:shutdown(157)) - Shutting down service BlockDeletingService
2020-07-09 05:16:44,586 [Listener at 127.0.0.1/38375] INFO  metrics.RatisMetrics (RatisMetrics.java:unregister(43)) - Unregistering Metrics Registry : ratis.log_worker.2e380eeb-fc9c-4285-bf60-968042885e92@group-DC179432F4E7
2020-07-09 05:16:44,586 [Listener at 127.0.0.1/38375] INFO  metrics.RatisMetrics (RatisMetrics.java:unregister(43)) - Unregistering Metrics Registry : ratis.leader_election.2e380eeb-fc9c-4285-bf60-968042885e92@group-DC179432F4E7
2020-07-09 05:16:44,586 [Listener at 127.0.0.1/38375] INFO  metrics.RatisMetrics (RatisMetrics.java:unregister(43)) - Unregistering Metrics Registry : ratis.server.2e380eeb-fc9c-4285-bf60-968042885e92@group-DC179432F4E7
2020-07-09 05:16:44,586 [Listener at 127.0.0.1/38375] INFO  server.GrpcService (GrpcService.java:closeImpl(166)) - 2e380eeb-fc9c-4285-bf60-968042885e92: shutdown server with port 35311 now
2020-07-09 05:16:44,589 [Listener at 127.0.0.1/38375] INFO  server.GrpcService (GrpcService.java:closeImpl(174)) - 2e380eeb-fc9c-4285-bf60-968042885e92: shutdown server with port 35311 successfully
2020-07-09 05:16:44,590 [ForkJoinPool.commonPool-worker-1] INFO  statemachine.DatanodeStateMachine (DatanodeStateMachine.java:stopDaemon(428)) - Ozone container server stopped.
2020-07-09 05:16:44,591 [Listener at 127.0.0.1/38375] INFO  utils.BackgroundService (BackgroundService.java:shutdown(157)) - Shutting down service BlockDeletingService
2020-07-09 05:16:44,594 [ForkJoinPool.commonPool-worker-1] INFO  handler.ContextHandler (ContextHandler.java:doStop(1016)) - Stopped o.e.j.w.WebAppContext@53b464b9{hddsDatanode,/,null,UNAVAILABLE}{jar:file:/home/user/.m2/repository/org/apache/hadoop/hadoop-hdds-container-service/0.6.0-SNAPSHOT/hadoop-hdds-container-service-0.6.0-SNAPSHOT.jar!/webapps/hddsDatanode}
2020-07-09 05:16:44,596 [Listener at 127.0.0.1/38375] INFO  statemachine.DatanodeStateMachine (DatanodeStateMachine.java:stopDaemon(428)) - Ozone container server stopped.
2020-07-09 05:16:44,596 [ForkJoinPool.commonPool-worker-1] INFO  server.AbstractConnector (AbstractConnector.java:doStop(380)) - Stopped ServerConnector@2982f1eb{HTTP/1.1,[http/1.1]}{0.0.0.0:0}
2020-07-09 05:16:44,597 [ForkJoinPool.commonPool-worker-1] INFO  server.session (HouseKeeper.java:stopScavenging(158)) - node0 Stopped scavenging
2020-07-09 05:16:44,598 [Listener at 127.0.0.1/38375] INFO  handler.ContextHandler (ContextHandler.java:doStop(1016)) - Stopped o.e.j.w.WebAppContext@73372652{hddsDatanode,/,null,UNAVAILABLE}{jar:file:/home/user/.m2/repository/org/apache/hadoop/hadoop-hdds-container-service/0.6.0-SNAPSHOT/hadoop-hdds-container-service-0.6.0-SNAPSHOT.jar!/webapps/hddsDatanode}
2020-07-09 05:16:44,598 [ForkJoinPool.commonPool-worker-1] INFO  handler.ContextHandler (ContextHandler.java:doStop(1016)) - Stopped o.e.j.s.ServletContextHandler@60144979{static,/static,jar:file:/home/user/.m2/repository/org/apache/hadoop/hadoop-hdds-container-service/0.6.0-SNAPSHOT/hadoop-hdds-container-service-0.6.0-SNAPSHOT.jar!/webapps/static,UNAVAILABLE}
2020-07-09 05:16:44,599 [ForkJoinPool.commonPool-worker-1] INFO  handler.ContextHandler (ContextHandler.java:doStop(1016)) - Stopped o.e.j.s.ServletContextHandler@38ee2348{logs,/logs,file:///github/workspace/mnt/ozone/hadoop-ozone/integration-test/target/log,UNAVAILABLE}
2020-07-09 05:16:44,599 [Listener at 127.0.0.1/38375] INFO  server.AbstractConnector (AbstractConnector.java:doStop(380)) - Stopped ServerConnector@1189f179{HTTP/1.1,[http/1.1]}{0.0.0.0:0}
2020-07-09 05:16:44,601 [Listener at 127.0.0.1/38375] INFO  server.session (HouseKeeper.java:stopScavenging(158)) - node0 Stopped scavenging
2020-07-09 05:16:44,601 [Listener at 127.0.0.1/38375] INFO  handler.ContextHandler (ContextHandler.java:doStop(1016)) - Stopped o.e.j.s.ServletContextHandler@1597ed32{static,/static,jar:file:/home/user/.m2/repository/org/apache/hadoop/hadoop-hdds-container-service/0.6.0-SNAPSHOT/hadoop-hdds-container-service-0.6.0-SNAPSHOT.jar!/webapps/static,UNAVAILABLE}
2020-07-09 05:16:44,601 [Listener at 127.0.0.1/38375] INFO  handler.ContextHandler (ContextHandler.java:doStop(1016)) - Stopped o.e.j.s.ServletContextHandler@3c802d25{logs,/logs,file:///github/workspace/mnt/ozone/hadoop-ozone/integration-test/target/log,UNAVAILABLE}
2020-07-09 05:16:44,669 [grpc-default-executor-2] DEBUG server.GrpcLogAppender (GrpcLogAppender.java:onNext(257)) - 46ae9337-5f88-408a-bb8b-c1fbd2583d1a@group-6B4DF85DC696->abef050d-a82e-4e4e-a507-6d1aa68ef9be-AppendLogResponseHandler: received a reply 46ae9337-5f88-408a-bb8b-c1fbd2583d1a<-abef050d-a82e-4e4e-a507-6d1aa68ef9be#3:OK,SUCCESS,nextIndex:1,term:1,followerCommit:0, request=AppendEntriesRequest:cid=3,entriesCount=0,lastEntry=null
2020-07-09 05:16:44,679 [grpc-default-executor-2] DEBUG server.GrpcLogAppender (GrpcLogAppender.java:onNext(257)) - 46ae9337-5f88-408a-bb8b-c1fbd2583d1a@group-6B4DF85DC696->27f474ea-0df6-408b-94fb-c9f4a4ae0481-AppendLogResponseHandler: received a reply 46ae9337-5f88-408a-bb8b-c1fbd2583d1a<-27f474ea-0df6-408b-94fb-c9f4a4ae0481#3:OK,SUCCESS,nextIndex:1,term:1,followerCommit:0, request=AppendEntriesRequest:cid=3,entriesCount=0,lastEntry=null
2020-07-09 05:16:45,515 [Datanode State Machine Thread - 0] INFO  statemachine.DatanodeStateMachine (DatanodeStateMachine.java:lambda$startDaemon$0(380)) - Ozone container server started.
2020-07-09 05:16:45,519 [Datanode State Machine Thread - 0] INFO  statemachine.DatanodeStateMachine (DatanodeStateMachine.java:lambda$startDaemon$0(380)) - Ozone container server started.
2020-07-09 05:16:46,781 [grpc-default-executor-2] DEBUG server.GrpcLogAppender (GrpcLogAppender.java:onNext(257)) - 892fa5a7-ff4d-4b0c-962d-911ea3aeded8@group-4378BEE67A6C->9fd43fdd-f81f-4298-8fae-a0f306bcbc10-AppendLogResponseHandler: received a reply 892fa5a7-ff4d-4b0c-962d-911ea3aeded8<-9fd43fdd-f81f-4298-8fae-a0f306bcbc10#2:OK,SUCCESS,nextIndex:1,term:2,followerCommit:0, request=AppendEntriesRequest:cid=2,entriesCount=0,lastEntry=null
2020-07-09 05:16:46,784 [grpc-default-executor-9] WARN  server.GrpcLogAppender (LogUtils.java:warn(122)) - 892fa5a7-ff4d-4b0c-962d-911ea3aeded8@group-4378BEE67A6C->24ca51e7-b0f8-4d63-a105-3cbecc3844b6-AppendLogResponseHandler: Failed appendEntries: org.apache.ratis.thirdparty.io.grpc.StatusRuntimeException: UNAVAILABLE: io exception
2020-07-09 05:16:46,786 [grpc-default-executor-9] INFO  impl.FollowerInfo (FollowerInfo.java:lambda$new$0(51)) - 892fa5a7-ff4d-4b0c-962d-911ea3aeded8@group-4378BEE67A6C->24ca51e7-b0f8-4d63-a105-3cbecc3844b6: nextIndex: updateUnconditionally 1 -> 0
2020-07-09 05:16:47,171 [grpc-default-executor-9] DEBUG server.GrpcLogAppender (GrpcLogAppender.java:onNext(257)) - 46ae9337-5f88-408a-bb8b-c1fbd2583d1a@group-6B4DF85DC696->abef050d-a82e-4e4e-a507-6d1aa68ef9be-AppendLogResponseHandler: received a reply 46ae9337-5f88-408a-bb8b-c1fbd2583d1a<-abef050d-a82e-4e4e-a507-6d1aa68ef9be#4:OK,SUCCESS,nextIndex:1,term:1,followerCommit:0, request=AppendEntriesRequest:cid=4,entriesCount=0,lastEntry=null
2020-07-09 05:16:47,181 [grpc-default-executor-9] DEBUG server.GrpcLogAppender (GrpcLogAppender.java:onNext(257)) - 46ae9337-5f88-408a-bb8b-c1fbd2583d1a@group-6B4DF85DC696->27f474ea-0df6-408b-94fb-c9f4a4ae0481-AppendLogResponseHandler: received a reply 46ae9337-5f88-408a-bb8b-c1fbd2583d1a<-27f474ea-0df6-408b-94fb-c9f4a4ae0481#4:OK,SUCCESS,nextIndex:1,term:1,followerCommit:0, request=AppendEntriesRequest:cid=4,entriesCount=0,lastEntry=null
2020-07-09 05:16:49,283 [grpc-default-executor-9] DEBUG server.GrpcLogAppender (GrpcLogAppender.java:onNext(257)) - 892fa5a7-ff4d-4b0c-962d-911ea3aeded8@group-4378BEE67A6C->9fd43fdd-f81f-4298-8fae-a0f306bcbc10-AppendLogResponseHandler: received a reply 892fa5a7-ff4d-4b0c-962d-911ea3aeded8<-9fd43fdd-f81f-4298-8fae-a0f306bcbc10#3:OK,SUCCESS,nextIndex:1,term:2,followerCommit:0, request=AppendEntriesRequest:cid=3,entriesCount=0,lastEntry=null
2020-07-09 05:16:49,285 [grpc-default-executor-2] WARN  server.GrpcLogAppender (LogUtils.java:warn(122)) - 892fa5a7-ff4d-4b0c-962d-911ea3aeded8@group-4378BEE67A6C->24ca51e7-b0f8-4d63-a105-3cbecc3844b6-AppendLogResponseHandler: Failed appendEntries: org.apache.ratis.thirdparty.io.grpc.StatusRuntimeException: UNAVAILABLE: io exception
2020-07-09 05:16:49,286 [grpc-default-executor-2] INFO  impl.FollowerInfo (FollowerInfo.java:lambda$new$0(51)) - 892fa5a7-ff4d-4b0c-962d-911ea3aeded8@group-4378BEE67A6C->24ca51e7-b0f8-4d63-a105-3cbecc3844b6: nextIndex: updateUnconditionally 1 -> 0
2020-07-09 05:16:49,601 [ForkJoinPool.commonPool-worker-1] INFO  ozoneimpl.OzoneContainer (OzoneContainer.java:stop(246)) - Attempting to stop container services.
2020-07-09 05:16:49,601 [ForkJoinPool.commonPool-worker-1] INFO  impl.RaftServerProxy (RaftServerProxy.java:lambda$close$4(319)) - 869115d6-4be2-4620-adee-449672856935: close
2020-07-09 05:16:49,601 [ForkJoinPool.commonPool-worker-1] INFO  impl.RaftServerImpl (RaftServerImpl.java:lambda$shutdown$3(252)) - 869115d6-4be2-4620-adee-449672856935@group-C21CDC13682E: shutdown
2020-07-09 05:16:49,601 [ForkJoinPool.commonPool-worker-1] INFO  util.JmxRegister (JmxRegister.java:unregister(73)) - Successfully un-registered JMX Bean with object name Ratis:service=RaftServer,group=group-C21CDC13682E,id=869115d6-4be2-4620-adee-449672856935
2020-07-09 05:16:49,602 [ForkJoinPool.commonPool-worker-1] INFO  impl.RoleInfo (RoleInfo.java:shutdownLeaderState(104)) - 869115d6-4be2-4620-adee-449672856935: shutdown LeaderState
2020-07-09 05:16:49,602 [ForkJoinPool.commonPool-worker-1] INFO  impl.PendingRequests (PendingRequests.java:sendNotLeaderResponses(249)) - 869115d6-4be2-4620-adee-449672856935@group-C21CDC13682E-PendingRequests: sendNotLeaderResponses
2020-07-09 05:16:49,602 [ForkJoinPool.commonPool-worker-1] INFO  metrics.RatisMetrics (RatisMetrics.java:unregister(43)) - Unregistering Metrics Registry : ratis.log_appender.869115d6-4be2-4620-adee-449672856935@group-C21CDC13682E
2020-07-09 05:16:49,602 [ForkJoinPool.commonPool-worker-1] INFO  metrics.RatisMetrics (RatisMetrics.java:unregister(43)) - Unregistering Metrics Registry : ratis.server.869115d6-4be2-4620-adee-449672856935@group-C21CDC13682E
2020-07-09 05:16:49,602 [Listener at 127.0.0.1/38375] INFO  ozoneimpl.OzoneContainer (OzoneContainer.java:stop(246)) - Attempting to stop container services.
2020-07-09 05:16:49,603 [Listener at 127.0.0.1/38375] INFO  impl.RaftServerProxy (RaftServerProxy.java:lambda$close$4(319)) - 6bbe18f0-a18d-467d-ac04-38543da40044: close
2020-07-09 05:16:49,603 [Listener at 127.0.0.1/38375] INFO  impl.RaftServerImpl (RaftServerImpl.java:lambda$shutdown$3(252)) - 6bbe18f0-a18d-467d-ac04-38543da40044@group-DA5563A61CFD: shutdown
2020-07-09 05:16:49,603 [Listener at 127.0.0.1/38375] INFO  util.JmxRegister (JmxRegister.java:unregister(73)) - Successfully un-registered JMX Bean with object name Ratis:service=RaftServer,group=group-DA5563A61CFD,id=6bbe18f0-a18d-467d-ac04-38543da40044
2020-07-09 05:16:49,603 [Listener at 127.0.0.1/38375] INFO  impl.RoleInfo (RoleInfo.java:shutdownFollowerState(121)) - 6bbe18f0-a18d-467d-ac04-38543da40044: shutdown FollowerState
2020-07-09 05:16:49,603 [869115d6-4be2-4620-adee-449672856935@group-C21CDC13682E-StateMachineUpdater] INFO  ratis.ContainerStateMachine (ContainerStateMachine.java:takeSnapshot(293)) - group-C21CDC13682E: Taking a snapshot at:(t:1, i:0) file /github/workspace/mnt/ozone/hadoop-ozone/integration-test/target/test-dir/MiniOzoneClusterImpl-d071943e-99b5-4a6b-9dcd-d6487b458803/datanode-3/data/ratis/96e14cfe-89e4-49ff-b1f6-c21cdc13682e/sm/snapshot.1_0
2020-07-09 05:16:49,604 [Thread-1820] INFO  impl.FollowerState (FollowerState.java:run(117)) - 6bbe18f0-a18d-467d-ac04-38543da40044@group-DA5563A61CFD-FollowerState was interrupted: java.lang.InterruptedException: sleep interrupted
2020-07-09 05:16:49,603 [Listener at 127.0.0.1/38375] INFO  impl.StateMachineUpdater (StateMachineUpdater.java:stopAndJoin(142)) - 6bbe18f0-a18d-467d-ac04-38543da40044@group-DA5563A61CFD-StateMachineUpdater: set stopIndex = 2
2020-07-09 05:16:49,604 [ForkJoinPool.commonPool-worker-1] INFO  impl.StateMachineUpdater (StateMachineUpdater.java:stopAndJoin(142)) - 869115d6-4be2-4620-adee-449672856935@group-C21CDC13682E-StateMachineUpdater: set stopIndex = 0
2020-07-09 05:16:49,604 [6bbe18f0-a18d-467d-ac04-38543da40044@group-DA5563A61CFD-StateMachineUpdater] INFO  ratis.ContainerStateMachine (ContainerStateMachine.java:takeSnapshot(293)) - group-DA5563A61CFD: Taking a snapshot at:(t:1, i:2) file /github/workspace/mnt/ozone/hadoop-ozone/integration-test/target/test-dir/MiniOzoneClusterImpl-d071943e-99b5-4a6b-9dcd-d6487b458803/datanode-5/data/ratis/df910146-1b09-4cdf-9957-da5563a61cfd/sm/snapshot.1_2
2020-07-09 05:16:49,604 [869115d6-4be2-4620-adee-449672856935@group-C21CDC13682E-StateMachineUpdater] INFO  ratis.ContainerStateMachine (ContainerStateMachine.java:takeSnapshot(304)) - group-C21CDC13682E: Finished taking a snapshot at:(t:1, i:0) file:/github/workspace/mnt/ozone/hadoop-ozone/integration-test/target/test-dir/MiniOzoneClusterImpl-d071943e-99b5-4a6b-9dcd-d6487b458803/datanode-3/data/ratis/96e14cfe-89e4-49ff-b1f6-c21cdc13682e/sm/snapshot.1_0 time:1
2020-07-09 05:16:49,605 [869115d6-4be2-4620-adee-449672856935@group-C21CDC13682E-StateMachineUpdater] INFO  impl.StateMachineUpdater (StateMachineUpdater.java:takeSnapshot(277)) - 869115d6-4be2-4620-adee-449672856935@group-C21CDC13682E-StateMachineUpdater: Took a snapshot at index 0
2020-07-09 05:16:49,605 [869115d6-4be2-4620-adee-449672856935@group-C21CDC13682E-StateMachineUpdater] INFO  impl.StateMachineUpdater (StateMachineUpdater.java:lambda$new$0(87)) - 869115d6-4be2-4620-adee-449672856935@group-C21CDC13682E-StateMachineUpdater: snapshotIndex: updateIncreasingly -1 -> 0
2020-07-09 05:16:49,605 [869115d6-4be2-4620-adee-449672856935@group-C21CDC13682E-StateMachineUpdater] INFO  metrics.RatisMetrics (RatisMetrics.java:unregister(43)) - Unregistering Metrics Registry : ratis.state_machine.869115d6-4be2-4620-adee-449672856935@group-C21CDC13682E
2020-07-09 05:16:49,605 [ForkJoinPool.commonPool-worker-1] INFO  impl.RaftServerImpl (ServerState.java:close(387)) - 869115d6-4be2-4620-adee-449672856935@group-C21CDC13682E: closes. applyIndex: 0
2020-07-09 05:16:49,605 [869115d6-4be2-4620-adee-449672856935@group-C21CDC13682E-SegmentedRaftLogWorker] INFO  segmented.SegmentedRaftLogWorker (SegmentedRaftLogWorker.java:run(327)) - 869115d6-4be2-4620-adee-449672856935@group-C21CDC13682E-SegmentedRaftLogWorker was interrupted, exiting. There are 0 tasks remaining in the queue.
2020-07-09 05:16:49,605 [6bbe18f0-a18d-467d-ac04-38543da40044@group-DA5563A61CFD-StateMachineUpdater] INFO  ratis.ContainerStateMachine (ContainerStateMachine.java:takeSnapshot(304)) - group-DA5563A61CFD: Finished taking a snapshot at:(t:1, i:2) file:/github/workspace/mnt/ozone/hadoop-ozone/integration-test/target/test-dir/MiniOzoneClusterImpl-d071943e-99b5-4a6b-9dcd-d6487b458803/datanode-5/data/ratis/df910146-1b09-4cdf-9957-da5563a61cfd/sm/snapshot.1_2 time:2
2020-07-09 05:16:49,606 [6bbe18f0-a18d-467d-ac04-38543da40044@group-DA5563A61CFD-StateMachineUpdater] INFO  impl.StateMachineUpdater (StateMachineUpdater.java:takeSnapshot(277)) - 6bbe18f0-a18d-467d-ac04-38543da40044@group-DA5563A61CFD-StateMachineUpdater: Took a snapshot at index 2
2020-07-09 05:16:49,606 [6bbe18f0-a18d-467d-ac04-38543da40044@group-DA5563A61CFD-StateMachineUpdater] INFO  impl.StateMachineUpdater (StateMachineUpdater.java:lambda$new$0(87)) - 6bbe18f0-a18d-467d-ac04-38543da40044@group-DA5563A61CFD-StateMachineUpdater: snapshotIndex: updateIncreasingly -1 -> 2
2020-07-09 05:16:49,606 [6bbe18f0-a18d-467d-ac04-38543da40044@group-DA5563A61CFD-StateMachineUpdater] INFO  metrics.RatisMetrics (RatisMetrics.java:unregister(43)) - Unregistering Metrics Registry : ratis.state_machine.6bbe18f0-a18d-467d-ac04-38543da40044@group-DA5563A61CFD
2020-07-09 05:16:49,606 [Listener at 127.0.0.1/38375] INFO  impl.RaftServerImpl (ServerState.java:close(387)) - 6bbe18f0-a18d-467d-ac04-38543da40044@group-DA5563A61CFD: closes. applyIndex: 2
2020-07-09 05:16:49,606 [6bbe18f0-a18d-467d-ac04-38543da40044@group-DA5563A61CFD-SegmentedRaftLogWorker] INFO  segmented.SegmentedRaftLogWorker (SegmentedRaftLogWorker.java:run(327)) - 6bbe18f0-a18d-467d-ac04-38543da40044@group-DA5563A61CFD-SegmentedRaftLogWorker was interrupted, exiting. There are 0 tasks remaining in the queue.
2020-07-09 05:16:49,607 [ForkJoinPool.commonPool-worker-1] INFO  segmented.SegmentedRaftLogWorker (SegmentedRaftLogWorker.java:close(234)) - 869115d6-4be2-4620-adee-449672856935@group-C21CDC13682E-SegmentedRaftLogWorker close()
2020-07-09 05:16:49,609 [ForkJoinPool.commonPool-worker-1] INFO  metrics.RatisMetrics (RatisMetrics.java:unregister(43)) - Unregistering Metrics Registry : ratis.log_worker.869115d6-4be2-4620-adee-449672856935@group-C21CDC13682E
2020-07-09 05:16:49,609 [ForkJoinPool.commonPool-worker-1] INFO  metrics.RatisMetrics (RatisMetrics.java:unregister(43)) - Unregistering Metrics Registry : ratis.leader_election.869115d6-4be2-4620-adee-449672856935@group-C21CDC13682E
2020-07-09 05:16:49,609 [ForkJoinPool.commonPool-worker-1] INFO  metrics.RatisMetrics (RatisMetrics.java:unregister(43)) - Unregistering Metrics Registry : ratis.server.869115d6-4be2-4620-adee-449672856935@group-C21CDC13682E
2020-07-09 05:16:49,609 [ForkJoinPool.commonPool-worker-1] INFO  impl.RaftServerImpl (RaftServerImpl.java:lambda$shutdown$3(252)) - 869115d6-4be2-4620-adee-449672856935@group-DA5563A61CFD: shutdown
2020-07-09 05:16:49,609 [ForkJoinPool.commonPool-worker-1] INFO  util.JmxRegister (JmxRegister.java:unregister(73)) - Successfully un-registered JMX Bean with object name Ratis:service=RaftServer,group=group-DA5563A61CFD,id=869115d6-4be2-4620-adee-449672856935
2020-07-09 05:16:49,609 [ForkJoinPool.commonPool-worker-1] INFO  impl.RoleInfo (RoleInfo.java:shutdownFollowerState(121)) - 869115d6-4be2-4620-adee-449672856935: shutdown FollowerState
2020-07-09 05:16:49,609 [Thread-1822] INFO  impl.FollowerState (FollowerState.java:run(117)) - 869115d6-4be2-4620-adee-449672856935@group-DA5563A61CFD-FollowerState was interrupted: java.lang.InterruptedException: sleep interrupted
2020-07-09 05:16:49,609 [Listener at 127.0.0.1/38375] INFO  segmented.SegmentedRaftLogWorker (SegmentedRaftLogWorker.java:close(234)) - 6bbe18f0-a18d-467d-ac04-38543da40044@group-DA5563A61CFD-SegmentedRaftLogWorker close()
2020-07-09 05:16:49,610 [ForkJoinPool.commonPool-worker-1] INFO  impl.StateMachineUpdater (StateMachineUpdater.java:stopAndJoin(142)) - 869115d6-4be2-4620-adee-449672856935@group-DA5563A61CFD-StateMachineUpdater: set stopIndex = 2
2020-07-09 05:16:49,610 [869115d6-4be2-4620-adee-449672856935@group-DA5563A61CFD-StateMachineUpdater] INFO  ratis.ContainerStateMachine (ContainerStateMachine.java:takeSnapshot(293)) - group-DA5563A61CFD: Taking a snapshot at:(t:1, i:2) file /github/workspace/mnt/ozone/hadoop-ozone/integration-test/target/test-dir/MiniOzoneClusterImpl-d071943e-99b5-4a6b-9dcd-d6487b458803/datanode-3/data/ratis/df910146-1b09-4cdf-9957-da5563a61cfd/sm/snapshot.1_2
2020-07-09 05:16:49,617 [Listener at 127.0.0.1/38375] INFO  metrics.RatisMetrics (RatisMetrics.java:unregister(43)) - Unregistering Metrics Registry : ratis.log_worker.6bbe18f0-a18d-467d-ac04-38543da40044@group-DA5563A61CFD
2020-07-09 05:16:49,618 [Listener at 127.0.0.1/38375] INFO  metrics.RatisMetrics (RatisMetrics.java:unregister(43)) - Unregistering Metrics Registry : ratis.leader_election.6bbe18f0-a18d-467d-ac04-38543da40044@group-DA5563A61CFD
2020-07-09 05:16:49,618 [Listener at 127.0.0.1/38375] INFO  metrics.RatisMetrics (RatisMetrics.java:unregister(43)) - Unregistering Metrics Registry : ratis.server.6bbe18f0-a18d-467d-ac04-38543da40044@group-DA5563A61CFD
2020-07-09 05:16:49,618 [Listener at 127.0.0.1/38375] INFO  impl.RaftServerImpl (RaftServerImpl.java:lambda$shutdown$3(252)) - 6bbe18f0-a18d-467d-ac04-38543da40044@group-4B8A71137631: shutdown
2020-07-09 05:16:49,618 [869115d6-4be2-4620-adee-449672856935@group-DA5563A61CFD-StateMachineUpdater] INFO  ratis.ContainerStateMachine (ContainerStateMachine.java:takeSnapshot(304)) - group-DA5563A61CFD: Finished taking a snapshot at:(t:1, i:2) file:/github/workspace/mnt/ozone/hadoop-ozone/integration-test/target/test-dir/MiniOzoneClusterImpl-d071943e-99b5-4a6b-9dcd-d6487b458803/datanode-3/data/ratis/df910146-1b09-4cdf-9957-da5563a61cfd/sm/snapshot.1_2 time:9
2020-07-09 05:16:49,619 [869115d6-4be2-4620-adee-449672856935@group-DA5563A61CFD-StateMachineUpdater] INFO  impl.StateMachineUpdater (StateMachineUpdater.java:takeSnapshot(277)) - 869115d6-4be2-4620-adee-449672856935@group-DA5563A61CFD-StateMachineUpdater: Took a snapshot at index 2
2020-07-09 05:16:49,619 [869115d6-4be2-4620-adee-449672856935@group-DA5563A61CFD-StateMachineUpdater] INFO  impl.StateMachineUpdater (StateMachineUpdater.java:lambda$new$0(87)) - 869115d6-4be2-4620-adee-449672856935@group-DA5563A61CFD-StateMachineUpdater: snapshotIndex: updateIncreasingly -1 -> 2
2020-07-09 05:16:49,619 [869115d6-4be2-4620-adee-449672856935@group-DA5563A61CFD-StateMachineUpdater] INFO  metrics.RatisMetrics (RatisMetrics.java:unregister(43)) - Unregistering Metrics Registry : ratis.state_machine.869115d6-4be2-4620-adee-449672856935@group-DA5563A61CFD
2020-07-09 05:16:49,619 [ForkJoinPool.commonPool-worker-1] INFO  impl.RaftServerImpl (ServerState.java:close(387)) - 869115d6-4be2-4620-adee-449672856935@group-DA5563A61CFD: closes. applyIndex: 2
2020-07-09 05:16:49,619 [Listener at 127.0.0.1/38375] INFO  util.JmxRegister (JmxRegister.java:unregister(73)) - Successfully un-registered JMX Bean with object name Ratis:service=RaftServer,group=group-4B8A71137631,id=6bbe18f0-a18d-467d-ac04-38543da40044
2020-07-09 05:16:49,619 [869115d6-4be2-4620-adee-449672856935@group-DA5563A61CFD-SegmentedRaftLogWorker] INFO  segmented.SegmentedRaftLogWorker (SegmentedRaftLogWorker.java:run(327)) - 869115d6-4be2-4620-adee-449672856935@group-DA5563A61CFD-SegmentedRaftLogWorker was interrupted, exiting. There are 0 tasks remaining in the queue.
2020-07-09 05:16:49,619 [Listener at 127.0.0.1/38375] INFO  impl.RoleInfo (RoleInfo.java:shutdownLeaderState(104)) - 6bbe18f0-a18d-467d-ac04-38543da40044: shutdown LeaderState
2020-07-09 05:16:49,620 [ForkJoinPool.commonPool-worker-1] INFO  segmented.SegmentedRaftLogWorker (SegmentedRaftLogWorker.java:close(234)) - 869115d6-4be2-4620-adee-449672856935@group-DA5563A61CFD-SegmentedRaftLogWorker close()
2020-07-09 05:16:49,620 [Listener at 127.0.0.1/38375] INFO  impl.PendingRequests (PendingRequests.java:sendNotLeaderResponses(249)) - 6bbe18f0-a18d-467d-ac04-38543da40044@group-4B8A71137631-PendingRequests: sendNotLeaderResponses
2020-07-09 05:16:49,621 [ForkJoinPool.commonPool-worker-1] INFO  metrics.RatisMetrics (RatisMetrics.java:unregister(43)) - Unregistering Metrics Registry : ratis.log_worker.869115d6-4be2-4620-adee-449672856935@group-DA5563A61CFD
2020-07-09 05:16:49,621 [ForkJoinPool.commonPool-worker-1] INFO  metrics.RatisMetrics (RatisMetrics.java:unregister(43)) - Unregistering Metrics Registry : ratis.leader_election.869115d6-4be2-4620-adee-449672856935@group-DA5563A61CFD
2020-07-09 05:16:49,622 [ForkJoinPool.commonPool-worker-1] INFO  metrics.RatisMetrics (RatisMetrics.java:unregister(43)) - Unregistering Metrics Registry : ratis.server.869115d6-4be2-4620-adee-449672856935@group-DA5563A61CFD
2020-07-09 05:16:49,621 [Listener at 127.0.0.1/38375] INFO  metrics.RatisMetrics (RatisMetrics.java:unregister(43)) - Unregistering Metrics Registry : ratis.log_appender.6bbe18f0-a18d-467d-ac04-38543da40044@group-4B8A71137631
2020-07-09 05:16:49,622 [ForkJoinPool.commonPool-worker-1] INFO  server.GrpcService (GrpcService.java:closeImpl(166)) - 869115d6-4be2-4620-adee-449672856935: shutdown server with port 43919 now
2020-07-09 05:16:49,622 [Listener at 127.0.0.1/38375] INFO  metrics.RatisMetrics (RatisMetrics.java:unregister(43)) - Unregistering Metrics Registry : ratis.server.6bbe18f0-a18d-467d-ac04-38543da40044@group-4B8A71137631
2020-07-09 05:16:49,624 [6bbe18f0-a18d-467d-ac04-38543da40044@group-4B8A71137631-StateMachineUpdater] INFO  ratis.ContainerStateMachine (ContainerStateMachine.java:takeSnapshot(293)) - group-4B8A71137631: Taking a snapshot at:(t:1, i:0) file /github/workspace/mnt/ozone/hadoop-ozone/integration-test/target/test-dir/MiniOzoneClusterImpl-d071943e-99b5-4a6b-9dcd-d6487b458803/datanode-5/data/ratis/d2464c40-faa1-4910-b793-4b8a71137631/sm/snapshot.1_0
2020-07-09 05:16:49,624 [Listener at 127.0.0.1/38375] INFO  impl.StateMachineUpdater (StateMachineUpdater.java:stopAndJoin(142)) - 6bbe18f0-a18d-467d-ac04-38543da40044@group-4B8A71137631-StateMachineUpdater: set stopIndex = 0
2020-07-09 05:16:49,625 [ForkJoinPool.commonPool-worker-1] INFO  server.GrpcService (GrpcService.java:closeImpl(174)) - 869115d6-4be2-4620-adee-449672856935: shutdown server with port 43919 successfully
2020-07-09 05:16:49,625 [6bbe18f0-a18d-467d-ac04-38543da40044@group-4B8A71137631-StateMachineUpdater] INFO  ratis.ContainerStateMachine (ContainerStateMachine.java:takeSnapshot(304)) - group-4B8A71137631: Finished taking a snapshot at:(t:1, i:0) file:/github/workspace/mnt/ozone/hadoop-ozone/integration-test/target/test-dir/MiniOzoneClusterImpl-d071943e-99b5-4a6b-9dcd-d6487b458803/datanode-5/data/ratis/d2464c40-faa1-4910-b793-4b8a71137631/sm/snapshot.1_0 time:1
2020-07-09 05:16:49,625 [6bbe18f0-a18d-467d-ac04-38543da40044@group-4B8A71137631-StateMachineUpdater] INFO  impl.StateMachineUpdater (StateMachineUpdater.java:takeSnapshot(277)) - 6bbe18f0-a18d-467d-ac04-38543da40044@group-4B8A71137631-StateMachineUpdater: Took a snapshot at index 0
2020-07-09 05:16:49,625 [6bbe18f0-a18d-467d-ac04-38543da40044@group-4B8A71137631-StateMachineUpdater] INFO  impl.StateMachineUpdater (StateMachineUpdater.java:lambda$new$0(87)) - 6bbe18f0-a18d-467d-ac04-38543da40044@group-4B8A71137631-StateMachineUpdater: snapshotIndex: updateIncreasingly -1 -> 0
2020-07-09 05:16:49,625 [6bbe18f0-a18d-467d-ac04-38543da40044@group-4B8A71137631-StateMachineUpdater] INFO  metrics.RatisMetrics (RatisMetrics.java:unregister(43)) - Unregistering Metrics Registry : ratis.state_machine.6bbe18f0-a18d-467d-ac04-38543da40044@group-4B8A71137631
2020-07-09 05:16:49,626 [ForkJoinPool.commonPool-worker-1] INFO  utils.BackgroundService (BackgroundService.java:shutdown(157)) - Shutting down service BlockDeletingService
2020-07-09 05:16:49,627 [Listener at 127.0.0.1/38375] INFO  impl.RaftServerImpl (ServerState.java:close(387)) - 6bbe18f0-a18d-467d-ac04-38543da40044@group-4B8A71137631: closes. applyIndex: 0
2020-07-09 05:16:49,628 [6bbe18f0-a18d-467d-ac04-38543da40044@group-4B8A71137631-SegmentedRaftLogWorker] INFO  segmented.SegmentedRaftLogWorker (SegmentedRaftLogWorker.java:run(327)) - 6bbe18f0-a18d-467d-ac04-38543da40044@group-4B8A71137631-SegmentedRaftLogWorker was interrupted, exiting. There are 0 tasks remaining in the queue.
2020-07-09 05:16:49,629 [Listener at 127.0.0.1/38375] INFO  segmented.SegmentedRaftLogWorker (SegmentedRaftLogWorker.java:close(234)) - 6bbe18f0-a18d-467d-ac04-38543da40044@group-4B8A71137631-SegmentedRaftLogWorker close()
2020-07-09 05:16:49,629 [ForkJoinPool.commonPool-worker-1] INFO  statemachine.DatanodeStateMachine (DatanodeStateMachine.java:stopDaemon(428)) - Ozone container server stopped.
2020-07-09 05:16:49,629 [Listener at 127.0.0.1/38375] INFO  metrics.RatisMetrics (RatisMetrics.java:unregister(43)) - Unregistering Metrics Registry : ratis.log_worker.6bbe18f0-a18d-467d-ac04-38543da40044@group-4B8A71137631
2020-07-09 05:16:49,632 [ForkJoinPool.commonPool-worker-1] INFO  handler.ContextHandler (ContextHandler.java:doStop(1016)) - Stopped o.e.j.w.WebAppContext@23b824b3{hddsDatanode,/,null,UNAVAILABLE}{jar:file:/home/user/.m2/repository/org/apache/hadoop/hadoop-hdds-container-service/0.6.0-SNAPSHOT/hadoop-hdds-container-service-0.6.0-SNAPSHOT.jar!/webapps/hddsDatanode}
2020-07-09 05:16:49,632 [Listener at 127.0.0.1/38375] INFO  metrics.RatisMetrics (RatisMetrics.java:unregister(43)) - Unregistering Metrics Registry : ratis.leader_election.6bbe18f0-a18d-467d-ac04-38543da40044@group-4B8A71137631
2020-07-09 05:16:49,633 [ForkJoinPool.commonPool-worker-1] INFO  server.AbstractConnector (AbstractConnector.java:doStop(380)) - Stopped ServerConnector@2988933b{HTTP/1.1,[http/1.1]}{0.0.0.0:0}
2020-07-09 05:16:49,633 [ForkJoinPool.commonPool-worker-1] INFO  server.session (HouseKeeper.java:stopScavenging(158)) - node0 Stopped scavenging
2020-07-09 05:16:49,633 [Listener at 127.0.0.1/38375] INFO  metrics.RatisMetrics (RatisMetrics.java:unregister(43)) - Unregistering Metrics Registry : ratis.server.6bbe18f0-a18d-467d-ac04-38543da40044@group-4B8A71137631
2020-07-09 05:16:49,634 [Listener at 127.0.0.1/38375] INFO  server.GrpcService (GrpcService.java:closeImpl(166)) - 6bbe18f0-a18d-467d-ac04-38543da40044: shutdown server with port 45411 now
2020-07-09 05:16:49,634 [ForkJoinPool.commonPool-worker-1] INFO  handler.ContextHandler (ContextHandler.java:doStop(1016)) - Stopped o.e.j.s.ServletContextHandler@21833d72{static,/static,jar:file:/home/user/.m2/repository/org/apache/hadoop/hadoop-hdds-container-service/0.6.0-SNAPSHOT/hadoop-hdds-container-service-0.6.0-SNAPSHOT.jar!/webapps/static,UNAVAILABLE}
2020-07-09 05:16:49,635 [Listener at 127.0.0.1/38375] INFO  server.GrpcService (GrpcService.java:closeImpl(174)) - 6bbe18f0-a18d-467d-ac04-38543da40044: shutdown server with port 45411 successfully
2020-07-09 05:16:49,637 [ForkJoinPool.commonPool-worker-1] INFO  handler.ContextHandler (ContextHandler.java:doStop(1016)) - Stopped o.e.j.s.ServletContextHandler@5d4838fc{logs,/logs,file:///github/workspace/mnt/ozone/hadoop-ozone/integration-test/target/log,UNAVAILABLE}
2020-07-09 05:16:49,638 [Listener at 127.0.0.1/38375] INFO  utils.BackgroundService (BackgroundService.java:shutdown(157)) - Shutting down service BlockDeletingService
2020-07-09 05:16:49,640 [Listener at 127.0.0.1/38375] INFO  statemachine.DatanodeStateMachine (DatanodeStateMachine.java:stopDaemon(428)) - Ozone container server stopped.
2020-07-09 05:16:49,641 [Listener at 127.0.0.1/38375] INFO  handler.ContextHandler (ContextHandler.java:doStop(1016)) - Stopped o.e.j.w.WebAppContext@46460f58{hddsDatanode,/,null,UNAVAILABLE}{jar:file:/home/user/.m2/repository/org/apache/hadoop/hadoop-hdds-container-service/0.6.0-SNAPSHOT/hadoop-hdds-container-service-0.6.0-SNAPSHOT.jar!/webapps/hddsDatanode}
2020-07-09 05:16:49,642 [Listener at 127.0.0.1/38375] INFO  server.AbstractConnector (AbstractConnector.java:doStop(380)) - Stopped ServerConnector@214a81a4{HTTP/1.1,[http/1.1]}{0.0.0.0:0}
2020-07-09 05:16:49,642 [Listener at 127.0.0.1/38375] INFO  server.session (HouseKeeper.java:stopScavenging(158)) - node0 Stopped scavenging
2020-07-09 05:16:49,642 [Listener at 127.0.0.1/38375] INFO  handler.ContextHandler (ContextHandler.java:doStop(1016)) - Stopped o.e.j.s.ServletContextHandler@595be089{static,/static,jar:file:/home/user/.m2/repository/org/apache/hadoop/hadoop-hdds-container-service/0.6.0-SNAPSHOT/hadoop-hdds-container-service-0.6.0-SNAPSHOT.jar!/webapps/static,UNAVAILABLE}
2020-07-09 05:16:49,642 [Listener at 127.0.0.1/38375] INFO  handler.ContextHandler (ContextHandler.java:doStop(1016)) - Stopped o.e.j.s.ServletContextHandler@6f3059ad{logs,/logs,file:///github/workspace/mnt/ozone/hadoop-ozone/integration-test/target/log,UNAVAILABLE}
2020-07-09 05:16:49,672 [grpc-default-executor-2] DEBUG server.GrpcLogAppender (GrpcLogAppender.java:onNext(257)) - 46ae9337-5f88-408a-bb8b-c1fbd2583d1a@group-6B4DF85DC696->abef050d-a82e-4e4e-a507-6d1aa68ef9be-AppendLogResponseHandler: received a reply 46ae9337-5f88-408a-bb8b-c1fbd2583d1a<-abef050d-a82e-4e4e-a507-6d1aa68ef9be#5:OK,SUCCESS,nextIndex:1,term:1,followerCommit:0, request=AppendEntriesRequest:cid=5,entriesCount=0,lastEntry=null
2020-07-09 05:16:49,683 [grpc-default-executor-2] DEBUG server.GrpcLogAppender (GrpcLogAppender.java:onNext(257)) - 46ae9337-5f88-408a-bb8b-c1fbd2583d1a@group-6B4DF85DC696->27f474ea-0df6-408b-94fb-c9f4a4ae0481-AppendLogResponseHandler: received a reply 46ae9337-5f88-408a-bb8b-c1fbd2583d1a<-27f474ea-0df6-408b-94fb-c9f4a4ae0481#5:OK,SUCCESS,nextIndex:1,term:1,followerCommit:0, request=AppendEntriesRequest:cid=5,entriesCount=0,lastEntry=null
2020-07-09 05:16:50,220 [Datanode State Machine Thread - 0] INFO  statemachine.DatanodeStateMachine (DatanodeStateMachine.java:lambda$startDaemon$0(380)) - Ozone container server started.
2020-07-09 05:16:50,526 [Datanode State Machine Thread - 0] INFO  statemachine.DatanodeStateMachine (DatanodeStateMachine.java:lambda$startDaemon$0(380)) - Ozone container server started.
2020-07-09 05:16:51,786 [grpc-default-executor-2] DEBUG server.GrpcLogAppender (GrpcLogAppender.java:onNext(257)) - 892fa5a7-ff4d-4b0c-962d-911ea3aeded8@group-4378BEE67A6C->9fd43fdd-f81f-4298-8fae-a0f306bcbc10-AppendLogResponseHandler: received a reply 892fa5a7-ff4d-4b0c-962d-911ea3aeded8<-9fd43fdd-f81f-4298-8fae-a0f306bcbc10#4:OK,SUCCESS,nextIndex:1,term:2,followerCommit:0, request=AppendEntriesRequest:cid=4,entriesCount=0,lastEntry=null
2020-07-09 05:16:51,787 [grpc-default-executor-2] WARN  server.GrpcLogAppender (LogUtils.java:warn(122)) - 892fa5a7-ff4d-4b0c-962d-911ea3aeded8@group-4378BEE67A6C->24ca51e7-b0f8-4d63-a105-3cbecc3844b6-AppendLogResponseHandler: Failed appendEntries: org.apache.ratis.thirdparty.io.grpc.StatusRuntimeException: UNAVAILABLE: io exception
2020-07-09 05:16:51,789 [grpc-default-executor-2] INFO  impl.FollowerInfo (FollowerInfo.java:lambda$new$0(51)) - 892fa5a7-ff4d-4b0c-962d-911ea3aeded8@group-4378BEE67A6C->24ca51e7-b0f8-4d63-a105-3cbecc3844b6: nextIndex: updateUnconditionally 1 -> 0
2020-07-09 05:16:52,175 [grpc-default-executor-2] DEBUG server.GrpcLogAppender (GrpcLogAppender.java:onNext(257)) - 46ae9337-5f88-408a-bb8b-c1fbd2583d1a@group-6B4DF85DC696->abef050d-a82e-4e4e-a507-6d1aa68ef9be-AppendLogResponseHandler: received a reply 46ae9337-5f88-408a-bb8b-c1fbd2583d1a<-abef050d-a82e-4e4e-a507-6d1aa68ef9be#6:OK,SUCCESS,nextIndex:1,term:1,followerCommit:0, request=AppendEntriesRequest:cid=6,entriesCount=0,lastEntry=null
2020-07-09 05:16:52,184 [grpc-default-executor-2] DEBUG server.GrpcLogAppender (GrpcLogAppender.java:onNext(257)) - 46ae9337-5f88-408a-bb8b-c1fbd2583d1a@group-6B4DF85DC696->27f474ea-0df6-408b-94fb-c9f4a4ae0481-AppendLogResponseHandler: received a reply 46ae9337-5f88-408a-bb8b-c1fbd2583d1a<-27f474ea-0df6-408b-94fb-c9f4a4ae0481#6:OK,SUCCESS,nextIndex:1,term:1,followerCommit:0, request=AppendEntriesRequest:cid=6,entriesCount=0,lastEntry=null
2020-07-09 05:16:54,288 [grpc-default-executor-9] DEBUG server.GrpcLogAppender (GrpcLogAppender.java:onNext(257)) - 892fa5a7-ff4d-4b0c-962d-911ea3aeded8@group-4378BEE67A6C->9fd43fdd-f81f-4298-8fae-a0f306bcbc10-AppendLogResponseHandler: received a reply 892fa5a7-ff4d-4b0c-962d-911ea3aeded8<-9fd43fdd-f81f-4298-8fae-a0f306bcbc10#5:OK,SUCCESS,nextIndex:1,term:2,followerCommit:0, request=AppendEntriesRequest:cid=5,entriesCount=0,lastEntry=null
2020-07-09 05:16:54,289 [grpc-default-executor-9] WARN  server.GrpcLogAppender (LogUtils.java:warn(122)) - 892fa5a7-ff4d-4b0c-962d-911ea3aeded8@group-4378BEE67A6C->24ca51e7-b0f8-4d63-a105-3cbecc3844b6-AppendLogResponseHandler: Failed appendEntries: org.apache.ratis.thirdparty.io.grpc.StatusRuntimeException: UNAVAILABLE: io exception
2020-07-09 05:16:54,290 [grpc-default-executor-9] INFO  impl.FollowerInfo (FollowerInfo.java:lambda$new$0(51)) - 892fa5a7-ff4d-4b0c-962d-911ea3aeded8@group-4378BEE67A6C->24ca51e7-b0f8-4d63-a105-3cbecc3844b6: nextIndex: updateUnconditionally 1 -> 0
2020-07-09 05:16:54,642 [ForkJoinPool.commonPool-worker-1] INFO  ozoneimpl.OzoneContainer (OzoneContainer.java:stop(246)) - Attempting to stop container services.
2020-07-09 05:16:54,642 [ForkJoinPool.commonPool-worker-1] INFO  impl.RaftServerProxy (RaftServerProxy.java:lambda$close$4(319)) - 9fd43fdd-f81f-4298-8fae-a0f306bcbc10: close
2020-07-09 05:16:54,642 [ForkJoinPool.commonPool-worker-1] INFO  impl.RaftServerImpl (RaftServerImpl.java:lambda$shutdown$3(252)) - 9fd43fdd-f81f-4298-8fae-a0f306bcbc10@group-DB01A6EFB191: shutdown
2020-07-09 05:16:54,643 [ForkJoinPool.commonPool-worker-1] INFO  util.JmxRegister (JmxRegister.java:unregister(73)) - Successfully un-registered JMX Bean with object name Ratis:service=RaftServer,group=group-DB01A6EFB191,id=9fd43fdd-f81f-4298-8fae-a0f306bcbc10
2020-07-09 05:16:54,643 [ForkJoinPool.commonPool-worker-1] INFO  impl.RoleInfo (RoleInfo.java:shutdownLeaderState(104)) - 9fd43fdd-f81f-4298-8fae-a0f306bcbc10: shutdown LeaderState
2020-07-09 05:16:54,643 [ForkJoinPool.commonPool-worker-1] INFO  impl.PendingRequests (PendingRequests.java:sendNotLeaderResponses(249)) - 9fd43fdd-f81f-4298-8fae-a0f306bcbc10@group-DB01A6EFB191-PendingRequests: sendNotLeaderResponses
2020-07-09 05:16:54,643 [ForkJoinPool.commonPool-worker-1] INFO  metrics.RatisMetrics (RatisMetrics.java:unregister(43)) - Unregistering Metrics Registry : ratis.log_appender.9fd43fdd-f81f-4298-8fae-a0f306bcbc10@group-DB01A6EFB191
2020-07-09 05:16:54,643 [ForkJoinPool.commonPool-worker-1] INFO  metrics.RatisMetrics (RatisMetrics.java:unregister(43)) - Unregistering Metrics Registry : ratis.server.9fd43fdd-f81f-4298-8fae-a0f306bcbc10@group-DB01A6EFB191
2020-07-09 05:16:54,644 [ForkJoinPool.commonPool-worker-1] INFO  impl.StateMachineUpdater (StateMachineUpdater.java:stopAndJoin(142)) - 9fd43fdd-f81f-4298-8fae-a0f306bcbc10@group-DB01A6EFB191-StateMachineUpdater: set stopIndex = 0
2020-07-09 05:16:54,644 [Listener at 127.0.0.1/38375] INFO  ozoneimpl.OzoneContainer (OzoneContainer.java:stop(246)) - Attempting to stop container services.
2020-07-09 05:16:54,645 [Listener at 127.0.0.1/38375] INFO  impl.RaftServerProxy (RaftServerProxy.java:lambda$close$4(319)) - abef050d-a82e-4e4e-a507-6d1aa68ef9be: close
2020-07-09 05:16:54,645 [Listener at 127.0.0.1/38375] INFO  impl.RaftServerImpl (RaftServerImpl.java:lambda$shutdown$3(252)) - abef050d-a82e-4e4e-a507-6d1aa68ef9be@group-FFFA46E2E616: shutdown
2020-07-09 05:16:54,645 [9fd43fdd-f81f-4298-8fae-a0f306bcbc10@group-DB01A6EFB191-StateMachineUpdater] INFO  ratis.ContainerStateMachine (ContainerStateMachine.java:takeSnapshot(293)) - group-DB01A6EFB191: Taking a snapshot at:(t:1, i:0) file /github/workspace/mnt/ozone/hadoop-ozone/integration-test/target/test-dir/MiniOzoneClusterImpl-d071943e-99b5-4a6b-9dcd-d6487b458803/datanode-0/data/ratis/65251622-076a-4cc9-b5c2-db01a6efb191/sm/snapshot.1_0
2020-07-09 05:16:54,645 [Listener at 127.0.0.1/38375] INFO  util.JmxRegister (JmxRegister.java:unregister(73)) - Successfully un-registered JMX Bean with object name Ratis:service=RaftServer,group=group-FFFA46E2E616,id=abef050d-a82e-4e4e-a507-6d1aa68ef9be
2020-07-09 05:16:54,645 [Listener at 127.0.0.1/38375] INFO  impl.RoleInfo (RoleInfo.java:shutdownLeaderState(104)) - abef050d-a82e-4e4e-a507-6d1aa68ef9be: shutdown LeaderState
2020-07-09 05:16:54,645 [Listener at 127.0.0.1/38375] INFO  impl.PendingRequests (PendingRequests.java:sendNotLeaderResponses(249)) - abef050d-a82e-4e4e-a507-6d1aa68ef9be@group-FFFA46E2E616-PendingRequests: sendNotLeaderResponses
2020-07-09 05:16:54,646 [Listener at 127.0.0.1/38375] INFO  metrics.RatisMetrics (RatisMetrics.java:unregister(43)) - Unregistering Metrics Registry : ratis.log_appender.abef050d-a82e-4e4e-a507-6d1aa68ef9be@group-FFFA46E2E616
2020-07-09 05:16:54,646 [Listener at 127.0.0.1/38375] INFO  metrics.RatisMetrics (RatisMetrics.java:unregister(43)) - Unregistering Metrics Registry : ratis.server.abef050d-a82e-4e4e-a507-6d1aa68ef9be@group-FFFA46E2E616
2020-07-09 05:16:54,646 [9fd43fdd-f81f-4298-8fae-a0f306bcbc10@group-DB01A6EFB191-StateMachineUpdater] INFO  ratis.ContainerStateMachine (ContainerStateMachine.java:takeSnapshot(304)) - group-DB01A6EFB191: Finished taking a snapshot at:(t:1, i:0) file:/github/workspace/mnt/ozone/hadoop-ozone/integration-test/target/test-dir/MiniOzoneClusterImpl-d071943e-99b5-4a6b-9dcd-d6487b458803/datanode-0/data/ratis/65251622-076a-4cc9-b5c2-db01a6efb191/sm/snapshot.1_0 time:2
2020-07-09 05:16:54,646 [9fd43fdd-f81f-4298-8fae-a0f306bcbc10@group-DB01A6EFB191-StateMachineUpdater] INFO  impl.StateMachineUpdater (StateMachineUpdater.java:takeSnapshot(277)) - 9fd43fdd-f81f-4298-8fae-a0f306bcbc10@group-DB01A6EFB191-StateMachineUpdater: Took a snapshot at index 0
2020-07-09 05:16:54,646 [9fd43fdd-f81f-4298-8fae-a0f306bcbc10@group-DB01A6EFB191-StateMachineUpdater] INFO  impl.StateMachineUpdater (StateMachineUpdater.java:lambda$new$0(87)) - 9fd43fdd-f81f-4298-8fae-a0f306bcbc10@group-DB01A6EFB191-StateMachineUpdater: snapshotIndex: updateIncreasingly -1 -> 0
2020-07-09 05:16:54,646 [9fd43fdd-f81f-4298-8fae-a0f306bcbc10@group-DB01A6EFB191-StateMachineUpdater] INFO  metrics.RatisMetrics (RatisMetrics.java:unregister(43)) - Unregistering Metrics Registry : ratis.state_machine.9fd43fdd-f81f-4298-8fae-a0f306bcbc10@group-DB01A6EFB191
2020-07-09 05:16:54,647 [Listener at 127.0.0.1/38375] INFO  impl.StateMachineUpdater (StateMachineUpdater.java:stopAndJoin(142)) - abef050d-a82e-4e4e-a507-6d1aa68ef9be@group-FFFA46E2E616-StateMachineUpdater: set stopIndex = 0
2020-07-09 05:16:54,647 [ForkJoinPool.commonPool-worker-1] INFO  impl.RaftServerImpl (ServerState.java:close(387)) - 9fd43fdd-f81f-4298-8fae-a0f306bcbc10@group-DB01A6EFB191: closes. applyIndex: 0
2020-07-09 05:16:54,647 [abef050d-a82e-4e4e-a507-6d1aa68ef9be@group-FFFA46E2E616-StateMachineUpdater] INFO  ratis.ContainerStateMachine (ContainerStateMachine.java:takeSnapshot(293)) - group-FFFA46E2E616: Taking a snapshot at:(t:1, i:0) file /github/workspace/mnt/ozone/hadoop-ozone/integration-test/target/test-dir/MiniOzoneClusterImpl-d071943e-99b5-4a6b-9dcd-d6487b458803/datanode-7/data/ratis/50e6acbb-d0f3-4b03-b303-fffa46e2e616/sm/snapshot.1_0
2020-07-09 05:16:54,647 [9fd43fdd-f81f-4298-8fae-a0f306bcbc10@group-DB01A6EFB191-SegmentedRaftLogWorker] INFO  segmented.SegmentedRaftLogWorker (SegmentedRaftLogWorker.java:run(327)) - 9fd43fdd-f81f-4298-8fae-a0f306bcbc10@group-DB01A6EFB191-SegmentedRaftLogWorker was interrupted, exiting. There are 0 tasks remaining in the queue.
2020-07-09 05:16:54,648 [abef050d-a82e-4e4e-a507-6d1aa68ef9be@group-FFFA46E2E616-StateMachineUpdater] INFO  ratis.ContainerStateMachine (ContainerStateMachine.java:takeSnapshot(304)) - group-FFFA46E2E616: Finished taking a snapshot at:(t:1, i:0) file:/github/workspace/mnt/ozone/hadoop-ozone/integration-test/target/test-dir/MiniOzoneClusterImpl-d071943e-99b5-4a6b-9dcd-d6487b458803/datanode-7/data/ratis/50e6acbb-d0f3-4b03-b303-fffa46e2e616/sm/snapshot.1_0 time:1
2020-07-09 05:16:54,648 [abef050d-a82e-4e4e-a507-6d1aa68ef9be@group-FFFA46E2E616-StateMachineUpdater] INFO  impl.StateMachineUpdater (StateMachineUpdater.java:takeSnapshot(277)) - abef050d-a82e-4e4e-a507-6d1aa68ef9be@group-FFFA46E2E616-StateMachineUpdater: Took a snapshot at index 0
2020-07-09 05:16:54,648 [abef050d-a82e-4e4e-a507-6d1aa68ef9be@group-FFFA46E2E616-StateMachineUpdater] INFO  impl.StateMachineUpdater (StateMachineUpdater.java:lambda$new$0(87)) - abef050d-a82e-4e4e-a507-6d1aa68ef9be@group-FFFA46E2E616-StateMachineUpdater: snapshotIndex: updateIncreasingly -1 -> 0
2020-07-09 05:16:54,648 [abef050d-a82e-4e4e-a507-6d1aa68ef9be@group-FFFA46E2E616-StateMachineUpdater] INFO  metrics.RatisMetrics (RatisMetrics.java:unregister(43)) - Unregistering Metrics Registry : ratis.state_machine.abef050d-a82e-4e4e-a507-6d1aa68ef9be@group-FFFA46E2E616
2020-07-09 05:16:54,649 [Listener at 127.0.0.1/38375] INFO  impl.RaftServerImpl (ServerState.java:close(387)) - abef050d-a82e-4e4e-a507-6d1aa68ef9be@group-FFFA46E2E616: closes. applyIndex: 0
2020-07-09 05:16:54,649 [abef050d-a82e-4e4e-a507-6d1aa68ef9be@group-FFFA46E2E616-SegmentedRaftLogWorker] INFO  segmented.SegmentedRaftLogWorker (SegmentedRaftLogWorker.java:run(327)) - abef050d-a82e-4e4e-a507-6d1aa68ef9be@group-FFFA46E2E616-SegmentedRaftLogWorker was interrupted, exiting. There are 0 tasks remaining in the queue.
2020-07-09 05:16:54,650 [ForkJoinPool.commonPool-worker-1] INFO  segmented.SegmentedRaftLogWorker (SegmentedRaftLogWorker.java:close(234)) - 9fd43fdd-f81f-4298-8fae-a0f306bcbc10@group-DB01A6EFB191-SegmentedRaftLogWorker close()
2020-07-09 05:16:54,651 [ForkJoinPool.commonPool-worker-1] INFO  metrics.RatisMetrics (RatisMetrics.java:unregister(43)) - Unregistering Metrics Registry : ratis.log_worker.9fd43fdd-f81f-4298-8fae-a0f306bcbc10@group-DB01A6EFB191
2020-07-09 05:16:54,651 [ForkJoinPool.commonPool-worker-1] INFO  metrics.RatisMetrics (RatisMetrics.java:unregister(43)) - Unregistering Metrics Registry : ratis.leader_election.9fd43fdd-f81f-4298-8fae-a0f306bcbc10@group-DB01A6EFB191
2020-07-09 05:16:54,651 [ForkJoinPool.commonPool-worker-1] INFO  metrics.RatisMetrics (RatisMetrics.java:unregister(43)) - Unregistering Metrics Registry : ratis.server.9fd43fdd-f81f-4298-8fae-a0f306bcbc10@group-DB01A6EFB191
2020-07-09 05:16:54,651 [ForkJoinPool.commonPool-worker-1] INFO  impl.RaftServerImpl (RaftServerImpl.java:lambda$shutdown$3(252)) - 9fd43fdd-f81f-4298-8fae-a0f306bcbc10@group-4378BEE67A6C: shutdown
2020-07-09 05:16:54,652 [ForkJoinPool.commonPool-worker-1] INFO  util.JmxRegister (JmxRegister.java:unregister(73)) - Successfully un-registered JMX Bean with object name Ratis:service=RaftServer,group=group-4378BEE67A6C,id=9fd43fdd-f81f-4298-8fae-a0f306bcbc10
2020-07-09 05:16:54,652 [ForkJoinPool.commonPool-worker-1] INFO  impl.RoleInfo (RoleInfo.java:shutdownFollowerState(121)) - 9fd43fdd-f81f-4298-8fae-a0f306bcbc10: shutdown FollowerState
2020-07-09 05:16:54,651 [Listener at 127.0.0.1/38375] INFO  segmented.SegmentedRaftLogWorker (SegmentedRaftLogWorker.java:close(234)) - abef050d-a82e-4e4e-a507-6d1aa68ef9be@group-FFFA46E2E616-SegmentedRaftLogWorker close()
2020-07-09 05:16:54,652 [9fd43fdd-f81f-4298-8fae-a0f306bcbc10@group-4378BEE67A6C-StateMachineUpdater] INFO  ratis.ContainerStateMachine (ContainerStateMachine.java:takeSnapshot(293)) - group-4378BEE67A6C: Taking a snapshot at:(t:2, i:0) file /github/workspace/mnt/ozone/hadoop-ozone/integration-test/target/test-dir/MiniOzoneClusterImpl-d071943e-99b5-4a6b-9dcd-d6487b458803/datanode-0/data/ratis/bc0201db-137f-48da-96a2-4378bee67a6c/sm/snapshot.2_0
2020-07-09 05:16:54,652 [ForkJoinPool.commonPool-worker-1] INFO  impl.StateMachineUpdater (StateMachineUpdater.java:stopAndJoin(142)) - 9fd43fdd-f81f-4298-8fae-a0f306bcbc10@group-4378BEE67A6C-StateMachineUpdater: set stopIndex = 0
2020-07-09 05:16:54,652 [Thread-1874] INFO  impl.FollowerState (FollowerState.java:run(117)) - 9fd43fdd-f81f-4298-8fae-a0f306bcbc10@group-4378BEE67A6C-FollowerState was interrupted: java.lang.InterruptedException: sleep interrupted
2020-07-09 05:16:54,654 [9fd43fdd-f81f-4298-8fae-a0f306bcbc10@group-4378BEE67A6C-StateMachineUpdater] INFO  ratis.ContainerStateMachine (ContainerStateMachine.java:takeSnapshot(304)) - group-4378BEE67A6C: Finished taking a snapshot at:(t:2, i:0) file:/github/workspace/mnt/ozone/hadoop-ozone/integration-test/target/test-dir/MiniOzoneClusterImpl-d071943e-99b5-4a6b-9dcd-d6487b458803/datanode-0/data/ratis/bc0201db-137f-48da-96a2-4378bee67a6c/sm/snapshot.2_0 time:2
2020-07-09 05:16:54,655 [9fd43fdd-f81f-4298-8fae-a0f306bcbc10@group-4378BEE67A6C-StateMachineUpdater] INFO  impl.StateMachineUpdater (StateMachineUpdater.java:takeSnapshot(277)) - 9fd43fdd-f81f-4298-8fae-a0f306bcbc10@group-4378BEE67A6C-StateMachineUpdater: Took a snapshot at index 0
2020-07-09 05:16:54,655 [9fd43fdd-f81f-4298-8fae-a0f306bcbc10@group-4378BEE67A6C-StateMachineUpdater] INFO  impl.StateMachineUpdater (StateMachineUpdater.java:lambda$new$0(87)) - 9fd43fdd-f81f-4298-8fae-a0f306bcbc10@group-4378BEE67A6C-StateMachineUpdater: snapshotIndex: updateIncreasingly -1 -> 0
2020-07-09 05:16:54,655 [9fd43fdd-f81f-4298-8fae-a0f306bcbc10@group-4378BEE67A6C-StateMachineUpdater] INFO  metrics.RatisMetrics (RatisMetrics.java:unregister(43)) - Unregistering Metrics Registry : ratis.state_machine.9fd43fdd-f81f-4298-8fae-a0f306bcbc10@group-4378BEE67A6C
2020-07-09 05:16:54,656 [ForkJoinPool.commonPool-worker-1] INFO  impl.RaftServerImpl (ServerState.java:close(387)) - 9fd43fdd-f81f-4298-8fae-a0f306bcbc10@group-4378BEE67A6C: closes. applyIndex: 0
2020-07-09 05:16:54,656 [Listener at 127.0.0.1/38375] INFO  metrics.RatisMetrics (RatisMetrics.java:unregister(43)) - Unregistering Metrics Registry : ratis.log_worker.abef050d-a82e-4e4e-a507-6d1aa68ef9be@group-FFFA46E2E616
2020-07-09 05:16:54,656 [9fd43fdd-f81f-4298-8fae-a0f306bcbc10@group-4378BEE67A6C-SegmentedRaftLogWorker] INFO  segmented.SegmentedRaftLogWorker (SegmentedRaftLogWorker.java:run(327)) - 9fd43fdd-f81f-4298-8fae-a0f306bcbc10@group-4378BEE67A6C-SegmentedRaftLogWorker was interrupted, exiting. There are 0 tasks remaining in the queue.
2020-07-09 05:16:54,656 [Listener at 127.0.0.1/38375] INFO  metrics.RatisMetrics (RatisMetrics.java:unregister(43)) - Unregistering Metrics Registry : ratis.leader_election.abef050d-a82e-4e4e-a507-6d1aa68ef9be@group-FFFA46E2E616
2020-07-09 05:16:54,656 [ForkJoinPool.commonPool-worker-1] INFO  segmented.SegmentedRaftLogWorker (SegmentedRaftLogWorker.java:close(234)) - 9fd43fdd-f81f-4298-8fae-a0f306bcbc10@group-4378BEE67A6C-SegmentedRaftLogWorker close()
2020-07-09 05:16:54,656 [Listener at 127.0.0.1/38375] INFO  metrics.RatisMetrics (RatisMetrics.java:unregister(43)) - Unregistering Metrics Registry : ratis.server.abef050d-a82e-4e4e-a507-6d1aa68ef9be@group-FFFA46E2E616
2020-07-09 05:16:54,657 [ForkJoinPool.commonPool-worker-1] INFO  metrics.RatisMetrics (RatisMetrics.java:unregister(43)) - Unregistering Metrics Registry : ratis.log_worker.9fd43fdd-f81f-4298-8fae-a0f306bcbc10@group-4378BEE67A6C
2020-07-09 05:16:54,657 [ForkJoinPool.commonPool-worker-1] INFO  metrics.RatisMetrics (RatisMetrics.java:unregister(43)) - Unregistering Metrics Registry : ratis.leader_election.9fd43fdd-f81f-4298-8fae-a0f306bcbc10@group-4378BEE67A6C
2020-07-09 05:16:54,657 [ForkJoinPool.commonPool-worker-1] INFO  metrics.RatisMetrics (RatisMetrics.java:unregister(43)) - Unregistering Metrics Registry : ratis.server.9fd43fdd-f81f-4298-8fae-a0f306bcbc10@group-4378BEE67A6C
2020-07-09 05:16:54,657 [Listener at 127.0.0.1/38375] INFO  impl.RaftServerImpl (RaftServerImpl.java:lambda$shutdown$3(252)) - abef050d-a82e-4e4e-a507-6d1aa68ef9be@group-6B4DF85DC696: shutdown
2020-07-09 05:16:54,658 [Listener at 127.0.0.1/38375] INFO  util.JmxRegister (JmxRegister.java:unregister(73)) - Successfully un-registered JMX Bean with object name Ratis:service=RaftServer,group=group-6B4DF85DC696,id=abef050d-a82e-4e4e-a507-6d1aa68ef9be
2020-07-09 05:16:54,658 [Listener at 127.0.0.1/38375] INFO  impl.RoleInfo (RoleInfo.java:shutdownFollowerState(121)) - abef050d-a82e-4e4e-a507-6d1aa68ef9be: shutdown FollowerState
2020-07-09 05:16:54,658 [Thread-1854] INFO  impl.FollowerState (FollowerState.java:run(117)) - abef050d-a82e-4e4e-a507-6d1aa68ef9be@group-6B4DF85DC696-FollowerState was interrupted: java.lang.InterruptedException: sleep interrupted
2020-07-09 05:16:54,658 [abef050d-a82e-4e4e-a507-6d1aa68ef9be@group-6B4DF85DC696-StateMachineUpdater] INFO  ratis.ContainerStateMachine (ContainerStateMachine.java:takeSnapshot(293)) - group-6B4DF85DC696: Taking a snapshot at:(t:1, i:0) file /github/workspace/mnt/ozone/hadoop-ozone/integration-test/target/test-dir/MiniOzoneClusterImpl-d071943e-99b5-4a6b-9dcd-d6487b458803/datanode-7/data/ratis/e233d869-8825-455f-973d-6b4df85dc696/sm/snapshot.1_0
2020-07-09 05:16:54,658 [Listener at 127.0.0.1/38375] INFO  impl.StateMachineUpdater (StateMachineUpdater.java:stopAndJoin(142)) - abef050d-a82e-4e4e-a507-6d1aa68ef9be@group-6B4DF85DC696-StateMachineUpdater: set stopIndex = 0
2020-07-09 05:16:54,658 [ForkJoinPool.commonPool-worker-1] INFO  server.GrpcService (GrpcService.java:closeImpl(166)) - 9fd43fdd-f81f-4298-8fae-a0f306bcbc10: shutdown server with port 34917 now
2020-07-09 05:16:54,659 [abef050d-a82e-4e4e-a507-6d1aa68ef9be@group-6B4DF85DC696-StateMachineUpdater] INFO  ratis.ContainerStateMachine (ContainerStateMachine.java:takeSnapshot(304)) - group-6B4DF85DC696: Finished taking a snapshot at:(t:1, i:0) file:/github/workspace/mnt/ozone/hadoop-ozone/integration-test/target/test-dir/MiniOzoneClusterImpl-d071943e-99b5-4a6b-9dcd-d6487b458803/datanode-7/data/ratis/e233d869-8825-455f-973d-6b4df85dc696/sm/snapshot.1_0 time:1
2020-07-09 05:16:54,660 [abef050d-a82e-4e4e-a507-6d1aa68ef9be@group-6B4DF85DC696-StateMachineUpdater] INFO  impl.StateMachineUpdater (StateMachineUpdater.java:takeSnapshot(277)) - abef050d-a82e-4e4e-a507-6d1aa68ef9be@group-6B4DF85DC696-StateMachineUpdater: Took a snapshot at index 0
2020-07-09 05:16:54,661 [abef050d-a82e-4e4e-a507-6d1aa68ef9be@group-6B4DF85DC696-StateMachineUpdater] INFO  impl.StateMachineUpdater (StateMachineUpdater.java:lambda$new$0(87)) - abef050d-a82e-4e4e-a507-6d1aa68ef9be@group-6B4DF85DC696-StateMachineUpdater: snapshotIndex: updateIncreasingly -1 -> 0
2020-07-09 05:16:54,661 [abef050d-a82e-4e4e-a507-6d1aa68ef9be@group-6B4DF85DC696-StateMachineUpdater] INFO  metrics.RatisMetrics (RatisMetrics.java:unregister(43)) - Unregistering Metrics Registry : ratis.state_machine.abef050d-a82e-4e4e-a507-6d1aa68ef9be@group-6B4DF85DC696
2020-07-09 05:16:54,661 [Listener at 127.0.0.1/38375] INFO  impl.RaftServerImpl (ServerState.java:close(387)) - abef050d-a82e-4e4e-a507-6d1aa68ef9be@group-6B4DF85DC696: closes. applyIndex: 0
2020-07-09 05:16:54,661 [abef050d-a82e-4e4e-a507-6d1aa68ef9be@group-6B4DF85DC696-SegmentedRaftLogWorker] INFO  segmented.SegmentedRaftLogWorker (SegmentedRaftLogWorker.java:run(327)) - abef050d-a82e-4e4e-a507-6d1aa68ef9be@group-6B4DF85DC696-SegmentedRaftLogWorker was interrupted, exiting. There are 0 tasks remaining in the queue.
2020-07-09 05:16:54,662 [Listener at 127.0.0.1/38375] INFO  segmented.SegmentedRaftLogWorker (SegmentedRaftLogWorker.java:close(234)) - abef050d-a82e-4e4e-a507-6d1aa68ef9be@group-6B4DF85DC696-SegmentedRaftLogWorker close()
2020-07-09 05:16:54,662 [grpc-default-executor-2] WARN  server.GrpcServerProtocolService (LogUtils.java:warn(122)) - 9fd43fdd-f81f-4298-8fae-a0f306bcbc10: installSnapshot onError, lastRequest: 892fa5a7-ff4d-4b0c-962d-911ea3aeded8->9fd43fdd-f81f-4298-8fae-a0f306bcbc10#1-t2, previous=(t:0, i:0), leaderCommit=-1, initializing? false, entries: size=1, first=(t:2, i:0), CONFIGURATIONENTRY: org.apache.ratis.thirdparty.io.grpc.StatusRuntimeException: CANCELLED: cancelled before receiving half close
2020-07-09 05:16:54,664 [grpc-default-executor-2] WARN  server.GrpcLogAppender (LogUtils.java:warn(122)) - 892fa5a7-ff4d-4b0c-962d-911ea3aeded8@group-4378BEE67A6C->9fd43fdd-f81f-4298-8fae-a0f306bcbc10-AppendLogResponseHandler: Failed appendEntries: org.apache.ratis.thirdparty.io.grpc.StatusRuntimeException: CANCELLED: HTTP/2 error code: CANCEL
Received Rst Stream
2020-07-09 05:16:54,665 [Listener at 127.0.0.1/38375] INFO  metrics.RatisMetrics (RatisMetrics.java:unregister(43)) - Unregistering Metrics Registry : ratis.log_worker.abef050d-a82e-4e4e-a507-6d1aa68ef9be@group-6B4DF85DC696
2020-07-09 05:16:54,665 [Listener at 127.0.0.1/38375] INFO  metrics.RatisMetrics (RatisMetrics.java:unregister(43)) - Unregistering Metrics Registry : ratis.leader_election.abef050d-a82e-4e4e-a507-6d1aa68ef9be@group-6B4DF85DC696
2020-07-09 05:16:54,666 [Listener at 127.0.0.1/38375] INFO  metrics.RatisMetrics (RatisMetrics.java:unregister(43)) - Unregistering Metrics Registry : ratis.server.abef050d-a82e-4e4e-a507-6d1aa68ef9be@group-6B4DF85DC696
2020-07-09 05:16:54,666 [Listener at 127.0.0.1/38375] INFO  server.GrpcService (GrpcService.java:closeImpl(166)) - abef050d-a82e-4e4e-a507-6d1aa68ef9be: shutdown server with port 40691 now
2020-07-09 05:16:54,667 [grpc-default-executor-9] WARN  server.GrpcLogAppender (LogUtils.java:warn(122)) - 46ae9337-5f88-408a-bb8b-c1fbd2583d1a@group-6B4DF85DC696->abef050d-a82e-4e4e-a507-6d1aa68ef9be-AppendLogResponseHandler: Failed appendEntries: org.apache.ratis.thirdparty.io.grpc.StatusRuntimeException: CANCELLED: HTTP/2 error code: CANCEL
Received Rst Stream
2020-07-09 05:16:54,667 [grpc-default-executor-11] WARN  server.GrpcServerProtocolService (LogUtils.java:warn(122)) - abef050d-a82e-4e4e-a507-6d1aa68ef9be: installSnapshot onError, lastRequest: 46ae9337-5f88-408a-bb8b-c1fbd2583d1a->abef050d-a82e-4e4e-a507-6d1aa68ef9be#1-t1, previous=(t:0, i:0), leaderCommit=0, initializing? false, entries: size=1, first=(t:1, i:0), CONFIGURATIONENTRY: org.apache.ratis.thirdparty.io.grpc.StatusRuntimeException: CANCELLED: cancelled before receiving half close
2020-07-09 05:16:54,667 [grpc-default-executor-2] INFO  impl.FollowerInfo (FollowerInfo.java:lambda$new$0(51)) - 892fa5a7-ff4d-4b0c-962d-911ea3aeded8@group-4378BEE67A6C->9fd43fdd-f81f-4298-8fae-a0f306bcbc10: nextIndex: updateUnconditionally 1 -> 0
2020-07-09 05:16:54,673 [Listener at 127.0.0.1/38375] INFO  server.GrpcService (GrpcService.java:closeImpl(174)) - abef050d-a82e-4e4e-a507-6d1aa68ef9be: shutdown server with port 40691 successfully
2020-07-09 05:16:54,677 [ForkJoinPool.commonPool-worker-1] INFO  server.GrpcService (GrpcService.java:closeImpl(174)) - 9fd43fdd-f81f-4298-8fae-a0f306bcbc10: shutdown server with port 34917 successfully
2020-07-09 05:16:54,677 [Listener at 127.0.0.1/38375] INFO  utils.BackgroundService (BackgroundService.java:shutdown(157)) - Shutting down service BlockDeletingService
2020-07-09 05:16:54,678 [grpc-default-executor-9] INFO  impl.FollowerInfo (FollowerInfo.java:lambda$new$0(51)) - 46ae9337-5f88-408a-bb8b-c1fbd2583d1a@group-6B4DF85DC696->abef050d-a82e-4e4e-a507-6d1aa68ef9be: nextIndex: updateUnconditionally 1 -> 0
2020-07-09 05:16:54,679 [ForkJoinPool.commonPool-worker-1] INFO  utils.BackgroundService (BackgroundService.java:shutdown(157)) - Shutting down service BlockDeletingService
2020-07-09 05:16:54,681 [grpc-default-executor-2] WARN  server.GrpcLogAppender (LogUtils.java:warn(122)) - 46ae9337-5f88-408a-bb8b-c1fbd2583d1a@group-6B4DF85DC696->abef050d-a82e-4e4e-a507-6d1aa68ef9be-AppendLogResponseHandler: Failed appendEntries: org.apache.ratis.thirdparty.io.grpc.StatusRuntimeException: UNAVAILABLE: io exception
2020-07-09 05:16:54,684 [grpc-default-executor-2] INFO  impl.FollowerInfo (FollowerInfo.java:lambda$new$0(51)) - 46ae9337-5f88-408a-bb8b-c1fbd2583d1a@group-6B4DF85DC696->abef050d-a82e-4e4e-a507-6d1aa68ef9be: nextIndex: updateUnconditionally 1 -> 0
2020-07-09 05:16:54,684 [ForkJoinPool.commonPool-worker-1] INFO  statemachine.DatanodeStateMachine (DatanodeStateMachine.java:stopDaemon(428)) - Ozone container server stopped.
2020-07-09 05:16:54,684 [Listener at 127.0.0.1/38375] INFO  statemachine.DatanodeStateMachine (DatanodeStateMachine.java:stopDaemon(428)) - Ozone container server stopped.
2020-07-09 05:16:54,694 [grpc-default-executor-2] DEBUG server.GrpcLogAppender (GrpcLogAppender.java:onNext(257)) - 46ae9337-5f88-408a-bb8b-c1fbd2583d1a@group-6B4DF85DC696->27f474ea-0df6-408b-94fb-c9f4a4ae0481-AppendLogResponseHandler: received a reply 46ae9337-5f88-408a-bb8b-c1fbd2583d1a<-27f474ea-0df6-408b-94fb-c9f4a4ae0481#7:OK,SUCCESS,nextIndex:1,term:1,followerCommit:0, request=AppendEntriesRequest:cid=7,entriesCount=0,lastEntry=null
2020-07-09 05:16:54,695 [Listener at 127.0.0.1/38375] INFO  handler.ContextHandler (ContextHandler.java:doStop(1016)) - Stopped o.e.j.w.WebAppContext@65f85228{hddsDatanode,/,null,UNAVAILABLE}{jar:file:/home/user/.m2/repository/org/apache/hadoop/hadoop-hdds-container-service/0.6.0-SNAPSHOT/hadoop-hdds-container-service-0.6.0-SNAPSHOT.jar!/webapps/hddsDatanode}
2020-07-09 05:16:54,696 [ForkJoinPool.commonPool-worker-1] INFO  handler.ContextHandler (ContextHandler.java:doStop(1016)) - Stopped o.e.j.w.WebAppContext@749a3925{hddsDatanode,/,null,UNAVAILABLE}{jar:file:/home/user/.m2/repository/org/apache/hadoop/hadoop-hdds-container-service/0.6.0-SNAPSHOT/hadoop-hdds-container-service-0.6.0-SNAPSHOT.jar!/webapps/hddsDatanode}
2020-07-09 05:16:54,696 [Listener at 127.0.0.1/38375] INFO  server.AbstractConnector (AbstractConnector.java:doStop(380)) - Stopped ServerConnector@42754496{HTTP/1.1,[http/1.1]}{0.0.0.0:0}
2020-07-09 05:16:54,697 [Listener at 127.0.0.1/38375] INFO  server.session (HouseKeeper.java:stopScavenging(158)) - node0 Stopped scavenging
2020-07-09 05:16:54,697 [Listener at 127.0.0.1/38375] INFO  handler.ContextHandler (ContextHandler.java:doStop(1016)) - Stopped o.e.j.s.ServletContextHandler@35977ba7{static,/static,jar:file:/home/user/.m2/repository/org/apache/hadoop/hadoop-hdds-container-service/0.6.0-SNAPSHOT/hadoop-hdds-container-service-0.6.0-SNAPSHOT.jar!/webapps/static,UNAVAILABLE}
2020-07-09 05:16:54,697 [ForkJoinPool.commonPool-worker-1] INFO  server.AbstractConnector (AbstractConnector.java:doStop(380)) - Stopped ServerConnector@4b453c61{HTTP/1.1,[http/1.1]}{0.0.0.0:0}
2020-07-09 05:16:54,698 [ForkJoinPool.commonPool-worker-1] INFO  server.session (HouseKeeper.java:stopScavenging(158)) - node0 Stopped scavenging
2020-07-09 05:16:54,698 [Listener at 127.0.0.1/38375] INFO  handler.ContextHandler (ContextHandler.java:doStop(1016)) - Stopped o.e.j.s.ServletContextHandler@5fd5963d{logs,/logs,file:///github/workspace/mnt/ozone/hadoop-ozone/integration-test/target/log,UNAVAILABLE}
2020-07-09 05:16:54,699 [ForkJoinPool.commonPool-worker-1] INFO  handler.ContextHandler (ContextHandler.java:doStop(1016)) - Stopped o.e.j.s.ServletContextHandler@2349aa88{static,/static,jar:file:/home/user/.m2/repository/org/apache/hadoop/hadoop-hdds-container-service/0.6.0-SNAPSHOT/hadoop-hdds-container-service-0.6.0-SNAPSHOT.jar!/webapps/static,UNAVAILABLE}
2020-07-09 05:16:54,700 [ForkJoinPool.commonPool-worker-1] INFO  handler.ContextHandler (ContextHandler.java:doStop(1016)) - Stopped o.e.j.s.ServletContextHandler@59a9a136{logs,/logs,file:///github/workspace/mnt/ozone/hadoop-ozone/integration-test/target/log,UNAVAILABLE}
2020-07-09 05:16:55,253 [Datanode State Machine Thread - 0] INFO  statemachine.DatanodeStateMachine (DatanodeStateMachine.java:lambda$startDaemon$0(380)) - Ozone container server started.
2020-07-09 05:16:55,668 [Datanode State Machine Thread - 0] INFO  statemachine.DatanodeStateMachine (DatanodeStateMachine.java:lambda$startDaemon$0(380)) - Ozone container server started.
2020-07-09 05:16:56,792 [grpc-default-executor-11] WARN  server.GrpcLogAppender (LogUtils.java:warn(122)) - 892fa5a7-ff4d-4b0c-962d-911ea3aeded8@group-4378BEE67A6C->9fd43fdd-f81f-4298-8fae-a0f306bcbc10-AppendLogResponseHandler: Failed appendEntries: org.apache.ratis.thirdparty.io.grpc.StatusRuntimeException: UNAVAILABLE: io exception
2020-07-09 05:16:56,792 [grpc-default-executor-9] WARN  server.GrpcLogAppender (LogUtils.java:warn(122)) - 892fa5a7-ff4d-4b0c-962d-911ea3aeded8@group-4378BEE67A6C->24ca51e7-b0f8-4d63-a105-3cbecc3844b6-AppendLogResponseHandler: Failed appendEntries: org.apache.ratis.thirdparty.io.grpc.StatusRuntimeException: UNAVAILABLE: io exception
2020-07-09 05:16:56,793 [grpc-default-executor-11] INFO  impl.FollowerInfo (FollowerInfo.java:lambda$new$0(51)) - 892fa5a7-ff4d-4b0c-962d-911ea3aeded8@group-4378BEE67A6C->9fd43fdd-f81f-4298-8fae-a0f306bcbc10: nextIndex: updateUnconditionally 1 -> 0
2020-07-09 05:16:56,794 [grpc-default-executor-9] INFO  impl.FollowerInfo (FollowerInfo.java:lambda$new$0(51)) - 892fa5a7-ff4d-4b0c-962d-911ea3aeded8@group-4378BEE67A6C->24ca51e7-b0f8-4d63-a105-3cbecc3844b6: nextIndex: updateUnconditionally 1 -> 0
2020-07-09 05:16:57,184 [grpc-default-executor-11] WARN  server.GrpcLogAppender (LogUtils.java:warn(122)) - 46ae9337-5f88-408a-bb8b-c1fbd2583d1a@group-6B4DF85DC696->abef050d-a82e-4e4e-a507-6d1aa68ef9be-AppendLogResponseHandler: Failed appendEntries: org.apache.ratis.thirdparty.io.grpc.StatusRuntimeException: UNAVAILABLE: io exception
2020-07-09 05:16:57,185 [grpc-default-executor-11] INFO  impl.FollowerInfo (FollowerInfo.java:lambda$new$0(51)) - 46ae9337-5f88-408a-bb8b-c1fbd2583d1a@group-6B4DF85DC696->abef050d-a82e-4e4e-a507-6d1aa68ef9be: nextIndex: updateUnconditionally 1 -> 0
2020-07-09 05:16:57,195 [grpc-default-executor-11] DEBUG server.GrpcLogAppender (GrpcLogAppender.java:onNext(257)) - 46ae9337-5f88-408a-bb8b-c1fbd2583d1a@group-6B4DF85DC696->27f474ea-0df6-408b-94fb-c9f4a4ae0481-AppendLogResponseHandler: received a reply 46ae9337-5f88-408a-bb8b-c1fbd2583d1a<-27f474ea-0df6-408b-94fb-c9f4a4ae0481#8:OK,SUCCESS,nextIndex:1,term:1,followerCommit:0, request=AppendEntriesRequest:cid=8,entriesCount=0,lastEntry=null
2020-07-09 05:16:59,293 [grpc-default-executor-2] WARN  server.GrpcLogAppender (LogUtils.java:warn(122)) - 892fa5a7-ff4d-4b0c-962d-911ea3aeded8@group-4378BEE67A6C->24ca51e7-b0f8-4d63-a105-3cbecc3844b6-AppendLogResponseHandler: Failed appendEntries: org.apache.ratis.thirdparty.io.grpc.StatusRuntimeException: UNAVAILABLE: io exception
2020-07-09 05:16:59,294 [grpc-default-executor-2] INFO  impl.FollowerInfo (FollowerInfo.java:lambda$new$0(51)) - 892fa5a7-ff4d-4b0c-962d-911ea3aeded8@group-4378BEE67A6C->24ca51e7-b0f8-4d63-a105-3cbecc3844b6: nextIndex: updateUnconditionally 1 -> 0
2020-07-09 05:16:59,295 [grpc-default-executor-11] WARN  server.GrpcLogAppender (LogUtils.java:warn(122)) - 892fa5a7-ff4d-4b0c-962d-911ea3aeded8@group-4378BEE67A6C->9fd43fdd-f81f-4298-8fae-a0f306bcbc10-AppendLogResponseHandler: Failed appendEntries: org.apache.ratis.thirdparty.io.grpc.StatusRuntimeException: UNAVAILABLE: io exception
2020-07-09 05:16:59,296 [grpc-default-executor-11] INFO  impl.FollowerInfo (FollowerInfo.java:lambda$new$0(51)) - 892fa5a7-ff4d-4b0c-962d-911ea3aeded8@group-4378BEE67A6C->9fd43fdd-f81f-4298-8fae-a0f306bcbc10: nextIndex: updateUnconditionally 1 -> 0
2020-07-09 05:16:59,686 [grpc-default-executor-2] WARN  server.GrpcLogAppender (LogUtils.java:warn(122)) - 46ae9337-5f88-408a-bb8b-c1fbd2583d1a@group-6B4DF85DC696->abef050d-a82e-4e4e-a507-6d1aa68ef9be-AppendLogResponseHandler: Failed appendEntries: org.apache.ratis.thirdparty.io.grpc.StatusRuntimeException: UNAVAILABLE: io exception
2020-07-09 05:16:59,687 [grpc-default-executor-2] INFO  impl.FollowerInfo (FollowerInfo.java:lambda$new$0(51)) - 46ae9337-5f88-408a-bb8b-c1fbd2583d1a@group-6B4DF85DC696->abef050d-a82e-4e4e-a507-6d1aa68ef9be: nextIndex: updateUnconditionally 1 -> 0
2020-07-09 05:16:59,697 [grpc-default-executor-2] DEBUG server.GrpcLogAppender (GrpcLogAppender.java:onNext(257)) - 46ae9337-5f88-408a-bb8b-c1fbd2583d1a@group-6B4DF85DC696->27f474ea-0df6-408b-94fb-c9f4a4ae0481-AppendLogResponseHandler: received a reply 46ae9337-5f88-408a-bb8b-c1fbd2583d1a<-27f474ea-0df6-408b-94fb-c9f4a4ae0481#9:OK,SUCCESS,nextIndex:1,term:1,followerCommit:0, request=AppendEntriesRequest:cid=9,entriesCount=0,lastEntry=null
2020-07-09 05:16:59,702 [ForkJoinPool.commonPool-worker-1] INFO  ozoneimpl.OzoneContainer (OzoneContainer.java:stop(246)) - Attempting to stop container services.
2020-07-09 05:16:59,703 [Listener at 127.0.0.1/38375] INFO  ozoneimpl.OzoneContainer (OzoneContainer.java:stop(246)) - Attempting to stop container services.
2020-07-09 05:16:59,703 [ForkJoinPool.commonPool-worker-1] INFO  impl.RaftServerProxy (RaftServerProxy.java:lambda$close$4(319)) - 892fa5a7-ff4d-4b0c-962d-911ea3aeded8: close
2020-07-09 05:16:59,703 [Listener at 127.0.0.1/38375] INFO  impl.RaftServerProxy (RaftServerProxy.java:lambda$close$4(319)) - 27f474ea-0df6-408b-94fb-c9f4a4ae0481: close
2020-07-09 05:16:59,703 [Listener at 127.0.0.1/38375] INFO  impl.RaftServerImpl (RaftServerImpl.java:lambda$shutdown$3(252)) - 27f474ea-0df6-408b-94fb-c9f4a4ae0481@group-6B4DF85DC696: shutdown
2020-07-09 05:16:59,703 [Listener at 127.0.0.1/38375] INFO  util.JmxRegister (JmxRegister.java:unregister(73)) - Successfully un-registered JMX Bean with object name Ratis:service=RaftServer,group=group-6B4DF85DC696,id=27f474ea-0df6-408b-94fb-c9f4a4ae0481
2020-07-09 05:16:59,703 [Listener at 127.0.0.1/38375] INFO  impl.RoleInfo (RoleInfo.java:shutdownFollowerState(121)) - 27f474ea-0df6-408b-94fb-c9f4a4ae0481: shutdown FollowerState
2020-07-09 05:16:59,704 [Listener at 127.0.0.1/38375] INFO  impl.StateMachineUpdater (StateMachineUpdater.java:stopAndJoin(142)) - 27f474ea-0df6-408b-94fb-c9f4a4ae0481@group-6B4DF85DC696-StateMachineUpdater: set stopIndex = 0
2020-07-09 05:16:59,704 [Thread-1855] INFO  impl.FollowerState (FollowerState.java:run(117)) - 27f474ea-0df6-408b-94fb-c9f4a4ae0481@group-6B4DF85DC696-FollowerState was interrupted: java.lang.InterruptedException: sleep interrupted
2020-07-09 05:16:59,704 [27f474ea-0df6-408b-94fb-c9f4a4ae0481@group-6B4DF85DC696-StateMachineUpdater] INFO  ratis.ContainerStateMachine (ContainerStateMachine.java:takeSnapshot(293)) - group-6B4DF85DC696: Taking a snapshot at:(t:1, i:0) file /github/workspace/mnt/ozone/hadoop-ozone/integration-test/target/test-dir/MiniOzoneClusterImpl-d071943e-99b5-4a6b-9dcd-d6487b458803/datanode-8/data/ratis/e233d869-8825-455f-973d-6b4df85dc696/sm/snapshot.1_0
2020-07-09 05:16:59,703 [ForkJoinPool.commonPool-worker-1] INFO  impl.RaftServerImpl (RaftServerImpl.java:lambda$shutdown$3(252)) - 892fa5a7-ff4d-4b0c-962d-911ea3aeded8@group-A65B37D85CB4: shutdown
2020-07-09 05:16:59,705 [ForkJoinPool.commonPool-worker-1] INFO  util.JmxRegister (JmxRegister.java:unregister(73)) - Successfully un-registered JMX Bean with object name Ratis:service=RaftServer,group=group-A65B37D85CB4,id=892fa5a7-ff4d-4b0c-962d-911ea3aeded8
2020-07-09 05:16:59,705 [ForkJoinPool.commonPool-worker-1] INFO  impl.RoleInfo (RoleInfo.java:shutdownLeaderState(104)) - 892fa5a7-ff4d-4b0c-962d-911ea3aeded8: shutdown LeaderState
2020-07-09 05:16:59,705 [ForkJoinPool.commonPool-worker-1] INFO  impl.PendingRequests (PendingRequests.java:sendNotLeaderResponses(249)) - 892fa5a7-ff4d-4b0c-962d-911ea3aeded8@group-A65B37D85CB4-PendingRequests: sendNotLeaderResponses
2020-07-09 05:16:59,705 [ForkJoinPool.commonPool-worker-1] INFO  metrics.RatisMetrics (RatisMetrics.java:unregister(43)) - Unregistering Metrics Registry : ratis.log_appender.892fa5a7-ff4d-4b0c-962d-911ea3aeded8@group-A65B37D85CB4
2020-07-09 05:16:59,705 [ForkJoinPool.commonPool-worker-1] INFO  metrics.RatisMetrics (RatisMetrics.java:unregister(43)) - Unregistering Metrics Registry : ratis.server.892fa5a7-ff4d-4b0c-962d-911ea3aeded8@group-A65B37D85CB4
2020-07-09 05:16:59,706 [ForkJoinPool.commonPool-worker-1] INFO  impl.StateMachineUpdater (StateMachineUpdater.java:stopAndJoin(142)) - 892fa5a7-ff4d-4b0c-962d-911ea3aeded8@group-A65B37D85CB4-StateMachineUpdater: set stopIndex = 0
2020-07-09 05:16:59,706 [27f474ea-0df6-408b-94fb-c9f4a4ae0481@group-6B4DF85DC696-StateMachineUpdater] INFO  ratis.ContainerStateMachine (ContainerStateMachine.java:takeSnapshot(304)) - group-6B4DF85DC696: Finished taking a snapshot at:(t:1, i:0) file:/github/workspace/mnt/ozone/hadoop-ozone/integration-test/target/test-dir/MiniOzoneClusterImpl-d071943e-99b5-4a6b-9dcd-d6487b458803/datanode-8/data/ratis/e233d869-8825-455f-973d-6b4df85dc696/sm/snapshot.1_0 time:2
2020-07-09 05:16:59,707 [892fa5a7-ff4d-4b0c-962d-911ea3aeded8@group-A65B37D85CB4-StateMachineUpdater] INFO  ratis.ContainerStateMachine (ContainerStateMachine.java:takeSnapshot(293)) - group-A65B37D85CB4: Taking a snapshot at:(t:1, i:0) file /github/workspace/mnt/ozone/hadoop-ozone/integration-test/target/test-dir/MiniOzoneClusterImpl-d071943e-99b5-4a6b-9dcd-d6487b458803/datanode-1/data/ratis/57d2e637-5be3-47fe-a54c-a65b37d85cb4/sm/snapshot.1_0
2020-07-09 05:16:59,707 [27f474ea-0df6-408b-94fb-c9f4a4ae0481@group-6B4DF85DC696-StateMachineUpdater] INFO  impl.StateMachineUpdater (StateMachineUpdater.java:takeSnapshot(277)) - 27f474ea-0df6-408b-94fb-c9f4a4ae0481@group-6B4DF85DC696-StateMachineUpdater: Took a snapshot at index 0
2020-07-09 05:16:59,707 [27f474ea-0df6-408b-94fb-c9f4a4ae0481@group-6B4DF85DC696-StateMachineUpdater] INFO  impl.StateMachineUpdater (StateMachineUpdater.java:lambda$new$0(87)) - 27f474ea-0df6-408b-94fb-c9f4a4ae0481@group-6B4DF85DC696-StateMachineUpdater: snapshotIndex: updateIncreasingly -1 -> 0
2020-07-09 05:16:59,707 [27f474ea-0df6-408b-94fb-c9f4a4ae0481@group-6B4DF85DC696-StateMachineUpdater] INFO  metrics.RatisMetrics (RatisMetrics.java:unregister(43)) - Unregistering Metrics Registry : ratis.state_machine.27f474ea-0df6-408b-94fb-c9f4a4ae0481@group-6B4DF85DC696
2020-07-09 05:16:59,707 [Listener at 127.0.0.1/38375] INFO  impl.RaftServerImpl (ServerState.java:close(387)) - 27f474ea-0df6-408b-94fb-c9f4a4ae0481@group-6B4DF85DC696: closes. applyIndex: 0
2020-07-09 05:16:59,707 [27f474ea-0df6-408b-94fb-c9f4a4ae0481@group-6B4DF85DC696-SegmentedRaftLogWorker] INFO  segmented.SegmentedRaftLogWorker (SegmentedRaftLogWorker.java:run(327)) - 27f474ea-0df6-408b-94fb-c9f4a4ae0481@group-6B4DF85DC696-SegmentedRaftLogWorker was interrupted, exiting. There are 0 tasks remaining in the queue.
2020-07-09 05:16:59,708 [892fa5a7-ff4d-4b0c-962d-911ea3aeded8@group-A65B37D85CB4-StateMachineUpdater] INFO  ratis.ContainerStateMachine (ContainerStateMachine.java:takeSnapshot(304)) - group-A65B37D85CB4: Finished taking a snapshot at:(t:1, i:0) file:/github/workspace/mnt/ozone/hadoop-ozone/integration-test/target/test-dir/MiniOzoneClusterImpl-d071943e-99b5-4a6b-9dcd-d6487b458803/datanode-1/data/ratis/57d2e637-5be3-47fe-a54c-a65b37d85cb4/sm/snapshot.1_0 time:1
2020-07-09 05:16:59,708 [892fa5a7-ff4d-4b0c-962d-911ea3aeded8@group-A65B37D85CB4-StateMachineUpdater] INFO  impl.StateMachineUpdater (StateMachineUpdater.java:takeSnapshot(277)) - 892fa5a7-ff4d-4b0c-962d-911ea3aeded8@group-A65B37D85CB4-StateMachineUpdater: Took a snapshot at index 0
2020-07-09 05:16:59,708 [892fa5a7-ff4d-4b0c-962d-911ea3aeded8@group-A65B37D85CB4-StateMachineUpdater] INFO  impl.StateMachineUpdater (StateMachineUpdater.java:lambda$new$0(87)) - 892fa5a7-ff4d-4b0c-962d-911ea3aeded8@group-A65B37D85CB4-StateMachineUpdater: snapshotIndex: updateIncreasingly -1 -> 0
2020-07-09 05:16:59,708 [892fa5a7-ff4d-4b0c-962d-911ea3aeded8@group-A65B37D85CB4-StateMachineUpdater] INFO  metrics.RatisMetrics (RatisMetrics.java:unregister(43)) - Unregistering Metrics Registry : ratis.state_machine.892fa5a7-ff4d-4b0c-962d-911ea3aeded8@group-A65B37D85CB4
2020-07-09 05:16:59,708 [ForkJoinPool.commonPool-worker-1] INFO  impl.RaftServerImpl (ServerState.java:close(387)) - 892fa5a7-ff4d-4b0c-962d-911ea3aeded8@group-A65B37D85CB4: closes. applyIndex: 0
2020-07-09 05:16:59,708 [Listener at 127.0.0.1/38375] INFO  segmented.SegmentedRaftLogWorker (SegmentedRaftLogWorker.java:close(234)) - 27f474ea-0df6-408b-94fb-c9f4a4ae0481@group-6B4DF85DC696-SegmentedRaftLogWorker close()
2020-07-09 05:16:59,709 [892fa5a7-ff4d-4b0c-962d-911ea3aeded8@group-A65B37D85CB4-SegmentedRaftLogWorker] INFO  segmented.SegmentedRaftLogWorker (SegmentedRaftLogWorker.java:run(327)) - 892fa5a7-ff4d-4b0c-962d-911ea3aeded8@group-A65B37D85CB4-SegmentedRaftLogWorker was interrupted, exiting. There are 0 tasks remaining in the queue.
2020-07-09 05:16:59,709 [ForkJoinPool.commonPool-worker-1] INFO  segmented.SegmentedRaftLogWorker (SegmentedRaftLogWorker.java:close(234)) - 892fa5a7-ff4d-4b0c-962d-911ea3aeded8@group-A65B37D85CB4-SegmentedRaftLogWorker close()
2020-07-09 05:16:59,709 [Listener at 127.0.0.1/38375] INFO  metrics.RatisMetrics (RatisMetrics.java:unregister(43)) - Unregistering Metrics Registry : ratis.log_worker.27f474ea-0df6-408b-94fb-c9f4a4ae0481@group-6B4DF85DC696
2020-07-09 05:16:59,710 [Listener at 127.0.0.1/38375] INFO  metrics.RatisMetrics (RatisMetrics.java:unregister(43)) - Unregistering Metrics Registry : ratis.leader_election.27f474ea-0df6-408b-94fb-c9f4a4ae0481@group-6B4DF85DC696
2020-07-09 05:16:59,710 [Listener at 127.0.0.1/38375] INFO  metrics.RatisMetrics (RatisMetrics.java:unregister(43)) - Unregistering Metrics Registry : ratis.server.27f474ea-0df6-408b-94fb-c9f4a4ae0481@group-6B4DF85DC696
2020-07-09 05:16:59,711 [Listener at 127.0.0.1/38375] INFO  impl.RaftServerImpl (RaftServerImpl.java:lambda$shutdown$3(252)) - 27f474ea-0df6-408b-94fb-c9f4a4ae0481@group-B01670CE27A6: shutdown
2020-07-09 05:16:59,713 [ForkJoinPool.commonPool-worker-1] INFO  metrics.RatisMetrics (RatisMetrics.java:unregister(43)) - Unregistering Metrics Registry : ratis.log_worker.892fa5a7-ff4d-4b0c-962d-911ea3aeded8@group-A65B37D85CB4
2020-07-09 05:16:59,714 [ForkJoinPool.commonPool-worker-1] INFO  metrics.RatisMetrics (RatisMetrics.java:unregister(43)) - Unregistering Metrics Registry : ratis.leader_election.892fa5a7-ff4d-4b0c-962d-911ea3aeded8@group-A65B37D85CB4
2020-07-09 05:16:59,714 [ForkJoinPool.commonPool-worker-1] INFO  metrics.RatisMetrics (RatisMetrics.java:unregister(43)) - Unregistering Metrics Registry : ratis.server.892fa5a7-ff4d-4b0c-962d-911ea3aeded8@group-A65B37D85CB4
2020-07-09 05:16:59,714 [ForkJoinPool.commonPool-worker-1] INFO  impl.RaftServerImpl (RaftServerImpl.java:lambda$shutdown$3(252)) - 892fa5a7-ff4d-4b0c-962d-911ea3aeded8@group-4378BEE67A6C: shutdown
2020-07-09 05:16:59,714 [ForkJoinPool.commonPool-worker-1] INFO  util.JmxRegister (JmxRegister.java:unregister(73)) - Successfully un-registered JMX Bean with object name Ratis:service=RaftServer,group=group-4378BEE67A6C,id=892fa5a7-ff4d-4b0c-962d-911ea3aeded8
2020-07-09 05:16:59,715 [ForkJoinPool.commonPool-worker-1] INFO  impl.RoleInfo (RoleInfo.java:shutdownLeaderState(104)) - 892fa5a7-ff4d-4b0c-962d-911ea3aeded8: shutdown LeaderState
2020-07-09 05:16:59,715 [ForkJoinPool.commonPool-worker-1] INFO  metrics.RatisMetrics (RatisMetrics.java:unregister(43)) - Unregistering Metrics Registry : ratis_grpc.log_appender.892fa5a7-ff4d-4b0c-962d-911ea3aeded8@group-4378BEE67A6C
2020-07-09 05:16:59,714 [Listener at 127.0.0.1/38375] INFO  util.JmxRegister (JmxRegister.java:unregister(73)) - Successfully un-registered JMX Bean with object name Ratis:service=RaftServer,group=group-B01670CE27A6,id=27f474ea-0df6-408b-94fb-c9f4a4ae0481
2020-07-09 05:16:59,715 [org.apache.ratis.server.impl.LogAppender$AppenderDaemon$$Lambda$441/987093853@14464109] WARN  server.GrpcLogAppender (GrpcLogAppender.java:mayWait(153)) - 892fa5a7-ff4d-4b0c-962d-911ea3aeded8@group-4378BEE67A6C->9fd43fdd-f81f-4298-8fae-a0f306bcbc10-GrpcLogAppender: Wait interrupted by java.lang.InterruptedException
2020-07-09 05:16:59,715 [ForkJoinPool.commonPool-worker-1] INFO  metrics.RatisMetrics (RatisMetrics.java:unregister(43)) - Unregistering Metrics Registry : ratis_grpc.log_appender.892fa5a7-ff4d-4b0c-962d-911ea3aeded8@group-4378BEE67A6C
2020-07-09 05:16:59,716 [Listener at 127.0.0.1/38375] INFO  impl.RoleInfo (RoleInfo.java:shutdownLeaderState(104)) - 27f474ea-0df6-408b-94fb-c9f4a4ae0481: shutdown LeaderState
2020-07-09 05:16:59,717 [Listener at 127.0.0.1/38375] INFO  impl.PendingRequests (PendingRequests.java:sendNotLeaderResponses(249)) - 27f474ea-0df6-408b-94fb-c9f4a4ae0481@group-B01670CE27A6-PendingRequests: sendNotLeaderResponses
2020-07-09 05:16:59,717 [Listener at 127.0.0.1/38375] INFO  metrics.RatisMetrics (RatisMetrics.java:unregister(43)) - Unregistering Metrics Registry : ratis.log_appender.27f474ea-0df6-408b-94fb-c9f4a4ae0481@group-B01670CE27A6
2020-07-09 05:16:59,717 [Listener at 127.0.0.1/38375] INFO  metrics.RatisMetrics (RatisMetrics.java:unregister(43)) - Unregistering Metrics Registry : ratis.server.27f474ea-0df6-408b-94fb-c9f4a4ae0481@group-B01670CE27A6
2020-07-09 05:16:59,716 [ForkJoinPool.commonPool-worker-1] INFO  impl.PendingRequests (PendingRequests.java:sendNotLeaderResponses(249)) - 892fa5a7-ff4d-4b0c-962d-911ea3aeded8@group-4378BEE67A6C-PendingRequests: sendNotLeaderResponses
2020-07-09 05:16:59,716 [org.apache.ratis.server.impl.LogAppender$AppenderDaemon$$Lambda$441/987093853@14dbc5e] WARN  server.GrpcLogAppender (GrpcLogAppender.java:mayWait(153)) - 892fa5a7-ff4d-4b0c-962d-911ea3aeded8@group-4378BEE67A6C->24ca51e7-b0f8-4d63-a105-3cbecc3844b6-GrpcLogAppender: Wait interrupted by java.lang.InterruptedException
2020-07-09 05:16:59,718 [ForkJoinPool.commonPool-worker-1] INFO  metrics.RatisMetrics (RatisMetrics.java:unregister(43)) - Unregistering Metrics Registry : ratis.log_appender.892fa5a7-ff4d-4b0c-962d-911ea3aeded8@group-4378BEE67A6C
2020-07-09 05:16:59,718 [ForkJoinPool.commonPool-worker-1] INFO  metrics.RatisMetrics (RatisMetrics.java:unregister(43)) - Unregistering Metrics Registry : ratis.server.892fa5a7-ff4d-4b0c-962d-911ea3aeded8@group-4378BEE67A6C
2020-07-09 05:16:59,719 [892fa5a7-ff4d-4b0c-962d-911ea3aeded8@group-4378BEE67A6C-StateMachineUpdater] INFO  ratis.ContainerStateMachine (ContainerStateMachine.java:takeSnapshot(293)) - group-4378BEE67A6C: Taking a snapshot at:(t:2, i:0) file /github/workspace/mnt/ozone/hadoop-ozone/integration-test/target/test-dir/MiniOzoneClusterImpl-d071943e-99b5-4a6b-9dcd-d6487b458803/datanode-1/data/ratis/bc0201db-137f-48da-96a2-4378bee67a6c/sm/snapshot.2_0
2020-07-09 05:16:59,719 [ForkJoinPool.commonPool-worker-1] INFO  impl.StateMachineUpdater (StateMachineUpdater.java:stopAndJoin(142)) - 892fa5a7-ff4d-4b0c-962d-911ea3aeded8@group-4378BEE67A6C-StateMachineUpdater: set stopIndex = 0
2020-07-09 05:16:59,720 [892fa5a7-ff4d-4b0c-962d-911ea3aeded8@group-4378BEE67A6C-StateMachineUpdater] INFO  ratis.ContainerStateMachine (ContainerStateMachine.java:takeSnapshot(304)) - group-4378BEE67A6C: Finished taking a snapshot at:(t:2, i:0) file:/github/workspace/mnt/ozone/hadoop-ozone/integration-test/target/test-dir/MiniOzoneClusterImpl-d071943e-99b5-4a6b-9dcd-d6487b458803/datanode-1/data/ratis/bc0201db-137f-48da-96a2-4378bee67a6c/sm/snapshot.2_0 time:1
2020-07-09 05:16:59,720 [892fa5a7-ff4d-4b0c-962d-911ea3aeded8@group-4378BEE67A6C-StateMachineUpdater] INFO  impl.StateMachineUpdater (StateMachineUpdater.java:takeSnapshot(277)) - 892fa5a7-ff4d-4b0c-962d-911ea3aeded8@group-4378BEE67A6C-StateMachineUpdater: Took a snapshot at index 0
2020-07-09 05:16:59,720 [892fa5a7-ff4d-4b0c-962d-911ea3aeded8@group-4378BEE67A6C-StateMachineUpdater] INFO  impl.StateMachineUpdater (StateMachineUpdater.java:lambda$new$0(87)) - 892fa5a7-ff4d-4b0c-962d-911ea3aeded8@group-4378BEE67A6C-StateMachineUpdater: snapshotIndex: updateIncreasingly -1 -> 0
2020-07-09 05:16:59,720 [892fa5a7-ff4d-4b0c-962d-911ea3aeded8@group-4378BEE67A6C-StateMachineUpdater] INFO  metrics.RatisMetrics (RatisMetrics.java:unregister(43)) - Unregistering Metrics Registry : ratis.state_machine.892fa5a7-ff4d-4b0c-962d-911ea3aeded8@group-4378BEE67A6C
2020-07-09 05:16:59,721 [ForkJoinPool.commonPool-worker-1] INFO  impl.RaftServerImpl (ServerState.java:close(387)) - 892fa5a7-ff4d-4b0c-962d-911ea3aeded8@group-4378BEE67A6C: closes. applyIndex: 0
2020-07-09 05:16:59,721 [892fa5a7-ff4d-4b0c-962d-911ea3aeded8@group-4378BEE67A6C-SegmentedRaftLogWorker] INFO  segmented.SegmentedRaftLogWorker (SegmentedRaftLogWorker.java:run(327)) - 892fa5a7-ff4d-4b0c-962d-911ea3aeded8@group-4378BEE67A6C-SegmentedRaftLogWorker was interrupted, exiting. There are 0 tasks remaining in the queue.
2020-07-09 05:16:59,721 [ForkJoinPool.commonPool-worker-1] INFO  segmented.SegmentedRaftLogWorker (SegmentedRaftLogWorker.java:close(234)) - 892fa5a7-ff4d-4b0c-962d-911ea3aeded8@group-4378BEE67A6C-SegmentedRaftLogWorker close()
2020-07-09 05:16:59,721 [27f474ea-0df6-408b-94fb-c9f4a4ae0481@group-B01670CE27A6-StateMachineUpdater] INFO  ratis.ContainerStateMachine (ContainerStateMachine.java:takeSnapshot(293)) - group-B01670CE27A6: Taking a snapshot at:(t:1, i:0) file /github/workspace/mnt/ozone/hadoop-ozone/integration-test/target/test-dir/MiniOzoneClusterImpl-d071943e-99b5-4a6b-9dcd-d6487b458803/datanode-8/data/ratis/e3af85a4-f738-42db-952b-b01670ce27a6/sm/snapshot.1_0
2020-07-09 05:16:59,722 [ForkJoinPool.commonPool-worker-1] INFO  metrics.RatisMetrics (RatisMetrics.java:unregister(43)) - Unregistering Metrics Registry : ratis.log_worker.892fa5a7-ff4d-4b0c-962d-911ea3aeded8@group-4378BEE67A6C
2020-07-09 05:16:59,722 [ForkJoinPool.commonPool-worker-1] INFO  metrics.RatisMetrics (RatisMetrics.java:unregister(43)) - Unregistering Metrics Registry : ratis.leader_election.892fa5a7-ff4d-4b0c-962d-911ea3aeded8@group-4378BEE67A6C
2020-07-09 05:16:59,722 [ForkJoinPool.commonPool-worker-1] INFO  metrics.RatisMetrics (RatisMetrics.java:unregister(43)) - Unregistering Metrics Registry : ratis.server.892fa5a7-ff4d-4b0c-962d-911ea3aeded8@group-4378BEE67A6C
2020-07-09 05:16:59,722 [ForkJoinPool.commonPool-worker-1] INFO  server.GrpcService (GrpcService.java:closeImpl(166)) - 892fa5a7-ff4d-4b0c-962d-911ea3aeded8: shutdown server with port 37787 now
2020-07-09 05:16:59,722 [Listener at 127.0.0.1/38375] INFO  impl.StateMachineUpdater (StateMachineUpdater.java:stopAndJoin(142)) - 27f474ea-0df6-408b-94fb-c9f4a4ae0481@group-B01670CE27A6-StateMachineUpdater: set stopIndex = 0
2020-07-09 05:16:59,722 [27f474ea-0df6-408b-94fb-c9f4a4ae0481@group-B01670CE27A6-StateMachineUpdater] INFO  ratis.ContainerStateMachine (ContainerStateMachine.java:takeSnapshot(304)) - group-B01670CE27A6: Finished taking a snapshot at:(t:1, i:0) file:/github/workspace/mnt/ozone/hadoop-ozone/integration-test/target/test-dir/MiniOzoneClusterImpl-d071943e-99b5-4a6b-9dcd-d6487b458803/datanode-8/data/ratis/e3af85a4-f738-42db-952b-b01670ce27a6/sm/snapshot.1_0 time:1
2020-07-09 05:16:59,728 [27f474ea-0df6-408b-94fb-c9f4a4ae0481@group-B01670CE27A6-StateMachineUpdater] INFO  impl.StateMachineUpdater (StateMachineUpdater.java:takeSnapshot(277)) - 27f474ea-0df6-408b-94fb-c9f4a4ae0481@group-B01670CE27A6-StateMachineUpdater: Took a snapshot at index 0
2020-07-09 05:16:59,728 [27f474ea-0df6-408b-94fb-c9f4a4ae0481@group-B01670CE27A6-StateMachineUpdater] INFO  impl.StateMachineUpdater (StateMachineUpdater.java:lambda$new$0(87)) - 27f474ea-0df6-408b-94fb-c9f4a4ae0481@group-B01670CE27A6-StateMachineUpdater: snapshotIndex: updateIncreasingly -1 -> 0
2020-07-09 05:16:59,728 [27f474ea-0df6-408b-94fb-c9f4a4ae0481@group-B01670CE27A6-StateMachineUpdater] INFO  metrics.RatisMetrics (RatisMetrics.java:unregister(43)) - Unregistering Metrics Registry : ratis.state_machine.27f474ea-0df6-408b-94fb-c9f4a4ae0481@group-B01670CE27A6
2020-07-09 05:16:59,728 [Listener at 127.0.0.1/38375] INFO  impl.RaftServerImpl (ServerState.java:close(387)) - 27f474ea-0df6-408b-94fb-c9f4a4ae0481@group-B01670CE27A6: closes. applyIndex: 0
2020-07-09 05:16:59,727 [ForkJoinPool.commonPool-worker-1] INFO  server.GrpcService (GrpcService.java:closeImpl(174)) - 892fa5a7-ff4d-4b0c-962d-911ea3aeded8: shutdown server with port 37787 successfully
2020-07-09 05:16:59,728 [27f474ea-0df6-408b-94fb-c9f4a4ae0481@group-B01670CE27A6-SegmentedRaftLogWorker] INFO  segmented.SegmentedRaftLogWorker (SegmentedRaftLogWorker.java:run(327)) - 27f474ea-0df6-408b-94fb-c9f4a4ae0481@group-B01670CE27A6-SegmentedRaftLogWorker was interrupted, exiting. There are 0 tasks remaining in the queue.
2020-07-09 05:16:59,729 [Listener at 127.0.0.1/38375] INFO  segmented.SegmentedRaftLogWorker (SegmentedRaftLogWorker.java:close(234)) - 27f474ea-0df6-408b-94fb-c9f4a4ae0481@group-B01670CE27A6-SegmentedRaftLogWorker close()
2020-07-09 05:16:59,730 [Listener at 127.0.0.1/38375] INFO  metrics.RatisMetrics (RatisMetrics.java:unregister(43)) - Unregistering Metrics Registry : ratis.log_worker.27f474ea-0df6-408b-94fb-c9f4a4ae0481@group-B01670CE27A6
2020-07-09 05:16:59,730 [ForkJoinPool.commonPool-worker-1] INFO  utils.BackgroundService (BackgroundService.java:shutdown(157)) - Shutting down service BlockDeletingService
2020-07-09 05:16:59,730 [Listener at 127.0.0.1/38375] INFO  metrics.RatisMetrics (RatisMetrics.java:unregister(43)) - Unregistering Metrics Registry : ratis.leader_election.27f474ea-0df6-408b-94fb-c9f4a4ae0481@group-B01670CE27A6
2020-07-09 05:16:59,731 [Listener at 127.0.0.1/38375] INFO  metrics.RatisMetrics (RatisMetrics.java:unregister(43)) - Unregistering Metrics Registry : ratis.server.27f474ea-0df6-408b-94fb-c9f4a4ae0481@group-B01670CE27A6
2020-07-09 05:16:59,732 [Listener at 127.0.0.1/38375] INFO  server.GrpcService (GrpcService.java:closeImpl(166)) - 27f474ea-0df6-408b-94fb-c9f4a4ae0481: shutdown server with port 37823 now
2020-07-09 05:16:59,732 [ForkJoinPool.commonPool-worker-1] INFO  statemachine.DatanodeStateMachine (DatanodeStateMachine.java:stopDaemon(428)) - Ozone container server stopped.
2020-07-09 05:16:59,734 [grpc-default-executor-11] WARN  server.GrpcServerProtocolService (LogUtils.java:warn(122)) - 27f474ea-0df6-408b-94fb-c9f4a4ae0481: installSnapshot onError, lastRequest: 46ae9337-5f88-408a-bb8b-c1fbd2583d1a->27f474ea-0df6-408b-94fb-c9f4a4ae0481#1-t1, previous=(t:0, i:0), leaderCommit=0, initializing? false, entries: size=1, first=(t:1, i:0), CONFIGURATIONENTRY: org.apache.ratis.thirdparty.io.grpc.StatusRuntimeException: CANCELLED: cancelled before receiving half close
2020-07-09 05:16:59,734 [grpc-default-executor-2] WARN  server.GrpcLogAppender (LogUtils.java:warn(122)) - 46ae9337-5f88-408a-bb8b-c1fbd2583d1a@group-6B4DF85DC696->27f474ea-0df6-408b-94fb-c9f4a4ae0481-AppendLogResponseHandler: Failed appendEntries: org.apache.ratis.thirdparty.io.grpc.StatusRuntimeException: CANCELLED: HTTP/2 error code: CANCEL
Received Rst Stream
2020-07-09 05:16:59,733 [Listener at 127.0.0.1/38375] INFO  server.GrpcService (GrpcService.java:closeImpl(174)) - 27f474ea-0df6-408b-94fb-c9f4a4ae0481: shutdown server with port 37823 successfully
2020-07-09 05:16:59,736 [grpc-default-executor-2] INFO  impl.FollowerInfo (FollowerInfo.java:lambda$new$0(51)) - 46ae9337-5f88-408a-bb8b-c1fbd2583d1a@group-6B4DF85DC696->27f474ea-0df6-408b-94fb-c9f4a4ae0481: nextIndex: updateUnconditionally 1 -> 0
2020-07-09 05:16:59,735 [ForkJoinPool.commonPool-worker-1] INFO  handler.ContextHandler (ContextHandler.java:doStop(1016)) - Stopped o.e.j.w.WebAppContext@7d2fc711{hddsDatanode,/,null,UNAVAILABLE}{jar:file:/home/user/.m2/repository/org/apache/hadoop/hadoop-hdds-container-service/0.6.0-SNAPSHOT/hadoop-hdds-container-service-0.6.0-SNAPSHOT.jar!/webapps/hddsDatanode}
2020-07-09 05:16:59,737 [ForkJoinPool.commonPool-worker-1] INFO  server.AbstractConnector (AbstractConnector.java:doStop(380)) - Stopped ServerConnector@2cc112a5{HTTP/1.1,[http/1.1]}{0.0.0.0:0}
2020-07-09 05:16:59,738 [ForkJoinPool.commonPool-worker-1] INFO  server.session (HouseKeeper.java:stopScavenging(158)) - node0 Stopped scavenging
2020-07-09 05:16:59,738 [ForkJoinPool.commonPool-worker-1] INFO  handler.ContextHandler (ContextHandler.java:doStop(1016)) - Stopped o.e.j.s.ServletContextHandler@685d620a{static,/static,jar:file:/home/user/.m2/repository/org/apache/hadoop/hadoop-hdds-container-service/0.6.0-SNAPSHOT/hadoop-hdds-container-service-0.6.0-SNAPSHOT.jar!/webapps/static,UNAVAILABLE}
2020-07-09 05:16:59,738 [Listener at 127.0.0.1/38375] INFO  utils.BackgroundService (BackgroundService.java:shutdown(157)) - Shutting down service BlockDeletingService
2020-07-09 05:16:59,738 [ForkJoinPool.commonPool-worker-1] INFO  handler.ContextHandler (ContextHandler.java:doStop(1016)) - Stopped o.e.j.s.ServletContextHandler@58e22835{logs,/logs,file:///github/workspace/mnt/ozone/hadoop-ozone/integration-test/target/log,UNAVAILABLE}
2020-07-09 05:16:59,741 [Listener at 127.0.0.1/38375] INFO  statemachine.DatanodeStateMachine (DatanodeStateMachine.java:stopDaemon(428)) - Ozone container server stopped.
2020-07-09 05:16:59,743 [Listener at 127.0.0.1/38375] INFO  handler.ContextHandler (ContextHandler.java:doStop(1016)) - Stopped o.e.j.w.WebAppContext@14f7e21a{hddsDatanode,/,null,UNAVAILABLE}{jar:file:/home/user/.m2/repository/org/apache/hadoop/hadoop-hdds-container-service/0.6.0-SNAPSHOT/hadoop-hdds-container-service-0.6.0-SNAPSHOT.jar!/webapps/hddsDatanode}
2020-07-09 05:16:59,748 [Listener at 127.0.0.1/38375] INFO  server.AbstractConnector (AbstractConnector.java:doStop(380)) - Stopped ServerConnector@6415a53d{HTTP/1.1,[http/1.1]}{0.0.0.0:0}
2020-07-09 05:16:59,748 [Listener at 127.0.0.1/38375] INFO  server.session (HouseKeeper.java:stopScavenging(158)) - node0 Stopped scavenging
2020-07-09 05:16:59,748 [Listener at 127.0.0.1/38375] INFO  handler.ContextHandler (ContextHandler.java:doStop(1016)) - Stopped o.e.j.s.ServletContextHandler@13a80b56{static,/static,jar:file:/home/user/.m2/repository/org/apache/hadoop/hadoop-hdds-container-service/0.6.0-SNAPSHOT/hadoop-hdds-container-service-0.6.0-SNAPSHOT.jar!/webapps/static,UNAVAILABLE}
2020-07-09 05:16:59,749 [Listener at 127.0.0.1/38375] INFO  handler.ContextHandler (ContextHandler.java:doStop(1016)) - Stopped o.e.j.s.ServletContextHandler@448ca967{logs,/logs,file:///github/workspace/mnt/ozone/hadoop-ozone/integration-test/target/log,UNAVAILABLE}
2020-07-09 05:17:00,570 [Datanode State Machine Thread - 0] INFO  statemachine.DatanodeStateMachine (DatanodeStateMachine.java:lambda$startDaemon$0(380)) - Ozone container server started.
2020-07-09 05:17:02,187 [grpc-default-executor-11] WARN  server.GrpcLogAppender (LogUtils.java:warn(122)) - 46ae9337-5f88-408a-bb8b-c1fbd2583d1a@group-6B4DF85DC696->abef050d-a82e-4e4e-a507-6d1aa68ef9be-AppendLogResponseHandler: Failed appendEntries: org.apache.ratis.thirdparty.io.grpc.StatusRuntimeException: UNAVAILABLE: io exception
2020-07-09 05:17:02,188 [grpc-default-executor-11] INFO  impl.FollowerInfo (FollowerInfo.java:lambda$new$0(51)) - 46ae9337-5f88-408a-bb8b-c1fbd2583d1a@group-6B4DF85DC696->abef050d-a82e-4e4e-a507-6d1aa68ef9be: nextIndex: updateUnconditionally 1 -> 0
2020-07-09 05:17:02,201 [grpc-default-executor-2] WARN  server.GrpcLogAppender (LogUtils.java:warn(122)) - 46ae9337-5f88-408a-bb8b-c1fbd2583d1a@group-6B4DF85DC696->27f474ea-0df6-408b-94fb-c9f4a4ae0481-AppendLogResponseHandler: Failed appendEntries: org.apache.ratis.thirdparty.io.grpc.StatusRuntimeException: UNAVAILABLE: io exception
2020-07-09 05:17:02,203 [grpc-default-executor-2] INFO  impl.FollowerInfo (FollowerInfo.java:lambda$new$0(51)) - 46ae9337-5f88-408a-bb8b-c1fbd2583d1a@group-6B4DF85DC696->27f474ea-0df6-408b-94fb-c9f4a4ae0481: nextIndex: updateUnconditionally 1 -> 0
2020-07-09 05:17:04,689 [grpc-default-executor-11] WARN  server.GrpcLogAppender (LogUtils.java:warn(122)) - 46ae9337-5f88-408a-bb8b-c1fbd2583d1a@group-6B4DF85DC696->abef050d-a82e-4e4e-a507-6d1aa68ef9be-AppendLogResponseHandler: Failed appendEntries: org.apache.ratis.thirdparty.io.grpc.StatusRuntimeException: UNAVAILABLE: io exception
2020-07-09 05:17:04,690 [grpc-default-executor-11] INFO  impl.FollowerInfo (FollowerInfo.java:lambda$new$0(51)) - 46ae9337-5f88-408a-bb8b-c1fbd2583d1a@group-6B4DF85DC696->abef050d-a82e-4e4e-a507-6d1aa68ef9be: nextIndex: updateUnconditionally 1 -> 0
2020-07-09 05:17:04,702 [grpc-default-executor-2] WARN  server.GrpcLogAppender (LogUtils.java:warn(122)) - 46ae9337-5f88-408a-bb8b-c1fbd2583d1a@group-6B4DF85DC696->27f474ea-0df6-408b-94fb-c9f4a4ae0481-AppendLogResponseHandler: Failed appendEntries: org.apache.ratis.thirdparty.io.grpc.StatusRuntimeException: UNAVAILABLE: io exception
2020-07-09 05:17:04,703 [grpc-default-executor-2] INFO  impl.FollowerInfo (FollowerInfo.java:lambda$new$0(51)) - 46ae9337-5f88-408a-bb8b-c1fbd2583d1a@group-6B4DF85DC696->27f474ea-0df6-408b-94fb-c9f4a4ae0481: nextIndex: updateUnconditionally 1 -> 0
2020-07-09 05:17:04,740 [ForkJoinPool.commonPool-worker-1] INFO  ozoneimpl.OzoneContainer (OzoneContainer.java:stop(246)) - Attempting to stop container services.
2020-07-09 05:17:04,740 [ForkJoinPool.commonPool-worker-1] INFO  impl.RaftServerProxy (RaftServerProxy.java:lambda$close$4(319)) - 46ae9337-5f88-408a-bb8b-c1fbd2583d1a: close
2020-07-09 05:17:04,741 [ForkJoinPool.commonPool-worker-1] INFO  impl.RaftServerImpl (RaftServerImpl.java:lambda$shutdown$3(252)) - 46ae9337-5f88-408a-bb8b-c1fbd2583d1a@group-6B4DF85DC696: shutdown
2020-07-09 05:17:04,741 [ForkJoinPool.commonPool-worker-1] INFO  util.JmxRegister (JmxRegister.java:unregister(73)) - Successfully un-registered JMX Bean with object name Ratis:service=RaftServer,group=group-6B4DF85DC696,id=46ae9337-5f88-408a-bb8b-c1fbd2583d1a
2020-07-09 05:17:04,741 [ForkJoinPool.commonPool-worker-1] INFO  impl.RoleInfo (RoleInfo.java:shutdownLeaderState(104)) - 46ae9337-5f88-408a-bb8b-c1fbd2583d1a: shutdown LeaderState
2020-07-09 05:17:04,741 [ForkJoinPool.commonPool-worker-1] INFO  metrics.RatisMetrics (RatisMetrics.java:unregister(43)) - Unregistering Metrics Registry : ratis_grpc.log_appender.46ae9337-5f88-408a-bb8b-c1fbd2583d1a@group-6B4DF85DC696
2020-07-09 05:17:04,742 [ForkJoinPool.commonPool-worker-1] INFO  metrics.RatisMetrics (RatisMetrics.java:unregister(43)) - Unregistering Metrics Registry : ratis_grpc.log_appender.46ae9337-5f88-408a-bb8b-c1fbd2583d1a@group-6B4DF85DC696
2020-07-09 05:17:04,742 [org.apache.ratis.server.impl.LogAppender$AppenderDaemon$$Lambda$441/987093853@2fd01185] WARN  server.GrpcLogAppender (GrpcLogAppender.java:mayWait(153)) - 46ae9337-5f88-408a-bb8b-c1fbd2583d1a@group-6B4DF85DC696->abef050d-a82e-4e4e-a507-6d1aa68ef9be-GrpcLogAppender: Wait interrupted by java.lang.InterruptedException
2020-07-09 05:17:04,742 [org.apache.ratis.server.impl.LogAppender$AppenderDaemon$$Lambda$441/987093853@53379a4a] WARN  server.GrpcLogAppender (GrpcLogAppender.java:mayWait(153)) - 46ae9337-5f88-408a-bb8b-c1fbd2583d1a@group-6B4DF85DC696->27f474ea-0df6-408b-94fb-c9f4a4ae0481-GrpcLogAppender: Wait interrupted by java.lang.InterruptedException
2020-07-09 05:17:04,742 [ForkJoinPool.commonPool-worker-1] INFO  impl.PendingRequests (PendingRequests.java:sendNotLeaderResponses(249)) - 46ae9337-5f88-408a-bb8b-c1fbd2583d1a@group-6B4DF85DC696-PendingRequests: sendNotLeaderResponses
2020-07-09 05:17:04,743 [ForkJoinPool.commonPool-worker-1] INFO  metrics.RatisMetrics (RatisMetrics.java:unregister(43)) - Unregistering Metrics Registry : ratis.log_appender.46ae9337-5f88-408a-bb8b-c1fbd2583d1a@group-6B4DF85DC696
2020-07-09 05:17:04,743 [ForkJoinPool.commonPool-worker-1] INFO  metrics.RatisMetrics (RatisMetrics.java:unregister(43)) - Unregistering Metrics Registry : ratis.server.46ae9337-5f88-408a-bb8b-c1fbd2583d1a@group-6B4DF85DC696
2020-07-09 05:17:04,744 [ForkJoinPool.commonPool-worker-1] INFO  impl.StateMachineUpdater (StateMachineUpdater.java:stopAndJoin(142)) - 46ae9337-5f88-408a-bb8b-c1fbd2583d1a@group-6B4DF85DC696-StateMachineUpdater: set stopIndex = 0
2020-07-09 05:17:04,744 [46ae9337-5f88-408a-bb8b-c1fbd2583d1a@group-6B4DF85DC696-StateMachineUpdater] INFO  ratis.ContainerStateMachine (ContainerStateMachine.java:takeSnapshot(293)) - group-6B4DF85DC696: Taking a snapshot at:(t:1, i:0) file /github/workspace/mnt/ozone/hadoop-ozone/integration-test/target/test-dir/MiniOzoneClusterImpl-d071943e-99b5-4a6b-9dcd-d6487b458803/datanode-6/data/ratis/e233d869-8825-455f-973d-6b4df85dc696/sm/snapshot.1_0
2020-07-09 05:17:04,745 [46ae9337-5f88-408a-bb8b-c1fbd2583d1a@group-6B4DF85DC696-StateMachineUpdater] INFO  ratis.ContainerStateMachine (ContainerStateMachine.java:takeSnapshot(304)) - group-6B4DF85DC696: Finished taking a snapshot at:(t:1, i:0) file:/github/workspace/mnt/ozone/hadoop-ozone/integration-test/target/test-dir/MiniOzoneClusterImpl-d071943e-99b5-4a6b-9dcd-d6487b458803/datanode-6/data/ratis/e233d869-8825-455f-973d-6b4df85dc696/sm/snapshot.1_0 time:0
2020-07-09 05:17:04,745 [46ae9337-5f88-408a-bb8b-c1fbd2583d1a@group-6B4DF85DC696-StateMachineUpdater] INFO  impl.StateMachineUpdater (StateMachineUpdater.java:takeSnapshot(277)) - 46ae9337-5f88-408a-bb8b-c1fbd2583d1a@group-6B4DF85DC696-StateMachineUpdater: Took a snapshot at index 0
2020-07-09 05:17:04,745 [46ae9337-5f88-408a-bb8b-c1fbd2583d1a@group-6B4DF85DC696-StateMachineUpdater] INFO  impl.StateMachineUpdater (StateMachineUpdater.java:lambda$new$0(87)) - 46ae9337-5f88-408a-bb8b-c1fbd2583d1a@group-6B4DF85DC696-StateMachineUpdater: snapshotIndex: updateIncreasingly -1 -> 0
2020-07-09 05:17:04,745 [46ae9337-5f88-408a-bb8b-c1fbd2583d1a@group-6B4DF85DC696-StateMachineUpdater] INFO  metrics.RatisMetrics (RatisMetrics.java:unregister(43)) - Unregistering Metrics Registry : ratis.state_machine.46ae9337-5f88-408a-bb8b-c1fbd2583d1a@group-6B4DF85DC696
2020-07-09 05:17:04,745 [ForkJoinPool.commonPool-worker-1] INFO  impl.RaftServerImpl (ServerState.java:close(387)) - 46ae9337-5f88-408a-bb8b-c1fbd2583d1a@group-6B4DF85DC696: closes. applyIndex: 0
2020-07-09 05:17:04,746 [46ae9337-5f88-408a-bb8b-c1fbd2583d1a@group-6B4DF85DC696-SegmentedRaftLogWorker] INFO  segmented.SegmentedRaftLogWorker (SegmentedRaftLogWorker.java:run(327)) - 46ae9337-5f88-408a-bb8b-c1fbd2583d1a@group-6B4DF85DC696-SegmentedRaftLogWorker was interrupted, exiting. There are 0 tasks remaining in the queue.
2020-07-09 05:17:04,746 [ForkJoinPool.commonPool-worker-1] INFO  segmented.SegmentedRaftLogWorker (SegmentedRaftLogWorker.java:close(234)) - 46ae9337-5f88-408a-bb8b-c1fbd2583d1a@group-6B4DF85DC696-SegmentedRaftLogWorker close()
2020-07-09 05:17:04,746 [ForkJoinPool.commonPool-worker-1] INFO  metrics.RatisMetrics (RatisMetrics.java:unregister(43)) - Unregistering Metrics Registry : ratis.log_worker.46ae9337-5f88-408a-bb8b-c1fbd2583d1a@group-6B4DF85DC696
2020-07-09 05:17:04,746 [ForkJoinPool.commonPool-worker-1] INFO  metrics.RatisMetrics (RatisMetrics.java:unregister(43)) - Unregistering Metrics Registry : ratis.leader_election.46ae9337-5f88-408a-bb8b-c1fbd2583d1a@group-6B4DF85DC696
2020-07-09 05:17:04,747 [ForkJoinPool.commonPool-worker-1] INFO  metrics.RatisMetrics (RatisMetrics.java:unregister(43)) - Unregistering Metrics Registry : ratis.server.46ae9337-5f88-408a-bb8b-c1fbd2583d1a@group-6B4DF85DC696
2020-07-09 05:17:04,747 [ForkJoinPool.commonPool-worker-1] INFO  impl.RaftServerImpl (RaftServerImpl.java:lambda$shutdown$3(252)) - 46ae9337-5f88-408a-bb8b-c1fbd2583d1a@group-FCE1FBA9679A: shutdown
2020-07-09 05:17:04,747 [ForkJoinPool.commonPool-worker-1] INFO  util.JmxRegister (JmxRegister.java:unregister(73)) - Successfully un-registered JMX Bean with object name Ratis:service=RaftServer,group=group-FCE1FBA9679A,id=46ae9337-5f88-408a-bb8b-c1fbd2583d1a
2020-07-09 05:17:04,747 [ForkJoinPool.commonPool-worker-1] INFO  impl.RoleInfo (RoleInfo.java:shutdownLeaderState(104)) - 46ae9337-5f88-408a-bb8b-c1fbd2583d1a: shutdown LeaderState
2020-07-09 05:17:04,747 [ForkJoinPool.commonPool-worker-1] INFO  impl.PendingRequests (PendingRequests.java:sendNotLeaderResponses(249)) - 46ae9337-5f88-408a-bb8b-c1fbd2583d1a@group-FCE1FBA9679A-PendingRequests: sendNotLeaderResponses
2020-07-09 05:17:04,747 [ForkJoinPool.commonPool-worker-1] INFO  metrics.RatisMetrics (RatisMetrics.java:unregister(43)) - Unregistering Metrics Registry : ratis.log_appender.46ae9337-5f88-408a-bb8b-c1fbd2583d1a@group-FCE1FBA9679A
2020-07-09 05:17:04,748 [ForkJoinPool.commonPool-worker-1] INFO  metrics.RatisMetrics (RatisMetrics.java:unregister(43)) - Unregistering Metrics Registry : ratis.server.46ae9337-5f88-408a-bb8b-c1fbd2583d1a@group-FCE1FBA9679A
2020-07-09 05:17:04,748 [ForkJoinPool.commonPool-worker-1] INFO  impl.StateMachineUpdater (StateMachineUpdater.java:stopAndJoin(142)) - 46ae9337-5f88-408a-bb8b-c1fbd2583d1a@group-FCE1FBA9679A-StateMachineUpdater: set stopIndex = 0
2020-07-09 05:17:04,749 [46ae9337-5f88-408a-bb8b-c1fbd2583d1a@group-FCE1FBA9679A-StateMachineUpdater] INFO  ratis.ContainerStateMachine (ContainerStateMachine.java:takeSnapshot(293)) - group-FCE1FBA9679A: Taking a snapshot at:(t:1, i:0) file /github/workspace/mnt/ozone/hadoop-ozone/integration-test/target/test-dir/MiniOzoneClusterImpl-d071943e-99b5-4a6b-9dcd-d6487b458803/datanode-6/data/ratis/e4c91183-2414-47f2-b061-fce1fba9679a/sm/snapshot.1_0
2020-07-09 05:17:04,750 [46ae9337-5f88-408a-bb8b-c1fbd2583d1a@group-FCE1FBA9679A-StateMachineUpdater] INFO  ratis.ContainerStateMachine (ContainerStateMachine.java:takeSnapshot(304)) - group-FCE1FBA9679A: Finished taking a snapshot at:(t:1, i:0) file:/github/workspace/mnt/ozone/hadoop-ozone/integration-test/target/test-dir/MiniOzoneClusterImpl-d071943e-99b5-4a6b-9dcd-d6487b458803/datanode-6/data/ratis/e4c91183-2414-47f2-b061-fce1fba9679a/sm/snapshot.1_0 time:1
2020-07-09 05:17:04,750 [46ae9337-5f88-408a-bb8b-c1fbd2583d1a@group-FCE1FBA9679A-StateMachineUpdater] INFO  impl.StateMachineUpdater (StateMachineUpdater.java:takeSnapshot(277)) - 46ae9337-5f88-408a-bb8b-c1fbd2583d1a@group-FCE1FBA9679A-StateMachineUpdater: Took a snapshot at index 0
2020-07-09 05:17:04,750 [46ae9337-5f88-408a-bb8b-c1fbd2583d1a@group-FCE1FBA9679A-StateMachineUpdater] INFO  impl.StateMachineUpdater (StateMachineUpdater.java:lambda$new$0(87)) - 46ae9337-5f88-408a-bb8b-c1fbd2583d1a@group-FCE1FBA9679A-StateMachineUpdater: snapshotIndex: updateIncreasingly -1 -> 0
2020-07-09 05:17:04,750 [46ae9337-5f88-408a-bb8b-c1fbd2583d1a@group-FCE1FBA9679A-StateMachineUpdater] INFO  metrics.RatisMetrics (RatisMetrics.java:unregister(43)) - Unregistering Metrics Registry : ratis.state_machine.46ae9337-5f88-408a-bb8b-c1fbd2583d1a@group-FCE1FBA9679A
2020-07-09 05:17:04,750 [ForkJoinPool.commonPool-worker-1] INFO  impl.RaftServerImpl (ServerState.java:close(387)) - 46ae9337-5f88-408a-bb8b-c1fbd2583d1a@group-FCE1FBA9679A: closes. applyIndex: 0
2020-07-09 05:17:04,750 [46ae9337-5f88-408a-bb8b-c1fbd2583d1a@group-FCE1FBA9679A-SegmentedRaftLogWorker] INFO  segmented.SegmentedRaftLogWorker (SegmentedRaftLogWorker.java:run(327)) - 46ae9337-5f88-408a-bb8b-c1fbd2583d1a@group-FCE1FBA9679A-SegmentedRaftLogWorker was interrupted, exiting. There are 0 tasks remaining in the queue.
2020-07-09 05:17:04,750 [ForkJoinPool.commonPool-worker-1] INFO  segmented.SegmentedRaftLogWorker (SegmentedRaftLogWorker.java:close(234)) - 46ae9337-5f88-408a-bb8b-c1fbd2583d1a@group-FCE1FBA9679A-SegmentedRaftLogWorker close()
2020-07-09 05:17:04,751 [ForkJoinPool.commonPool-worker-1] INFO  metrics.RatisMetrics (RatisMetrics.java:unregister(43)) - Unregistering Metrics Registry : ratis.log_worker.46ae9337-5f88-408a-bb8b-c1fbd2583d1a@group-FCE1FBA9679A
2020-07-09 05:17:04,751 [ForkJoinPool.commonPool-worker-1] INFO  metrics.RatisMetrics (RatisMetrics.java:unregister(43)) - Unregistering Metrics Registry : ratis.leader_election.46ae9337-5f88-408a-bb8b-c1fbd2583d1a@group-FCE1FBA9679A
2020-07-09 05:17:04,751 [ForkJoinPool.commonPool-worker-1] INFO  metrics.RatisMetrics (RatisMetrics.java:unregister(43)) - Unregistering Metrics Registry : ratis.server.46ae9337-5f88-408a-bb8b-c1fbd2583d1a@group-FCE1FBA9679A
2020-07-09 05:17:04,751 [ForkJoinPool.commonPool-worker-1] INFO  server.GrpcService (GrpcService.java:closeImpl(166)) - 46ae9337-5f88-408a-bb8b-c1fbd2583d1a: shutdown server with port 40565 now
2020-07-09 05:17:04,751 [ForkJoinPool.commonPool-worker-1] INFO  server.GrpcService (GrpcService.java:closeImpl(174)) - 46ae9337-5f88-408a-bb8b-c1fbd2583d1a: shutdown server with port 40565 successfully
2020-07-09 05:17:04,753 [ForkJoinPool.commonPool-worker-1] INFO  utils.BackgroundService (BackgroundService.java:shutdown(157)) - Shutting down service BlockDeletingService
2020-07-09 05:17:04,754 [ForkJoinPool.commonPool-worker-1] INFO  statemachine.DatanodeStateMachine (DatanodeStateMachine.java:stopDaemon(428)) - Ozone container server stopped.
2020-07-09 05:17:04,756 [ForkJoinPool.commonPool-worker-1] INFO  handler.ContextHandler (ContextHandler.java:doStop(1016)) - Stopped o.e.j.w.WebAppContext@1607b56b{hddsDatanode,/,null,UNAVAILABLE}{jar:file:/home/user/.m2/repository/org/apache/hadoop/hadoop-hdds-container-service/0.6.0-SNAPSHOT/hadoop-hdds-container-service-0.6.0-SNAPSHOT.jar!/webapps/hddsDatanode}
2020-07-09 05:17:04,757 [ForkJoinPool.commonPool-worker-1] INFO  server.AbstractConnector (AbstractConnector.java:doStop(380)) - Stopped ServerConnector@bf68379{HTTP/1.1,[http/1.1]}{0.0.0.0:0}
2020-07-09 05:17:04,757 [ForkJoinPool.commonPool-worker-1] INFO  server.session (HouseKeeper.java:stopScavenging(158)) - node0 Stopped scavenging
2020-07-09 05:17:04,758 [ForkJoinPool.commonPool-worker-1] INFO  handler.ContextHandler (ContextHandler.java:doStop(1016)) - Stopped o.e.j.s.ServletContextHandler@18809db8{static,/static,jar:file:/home/user/.m2/repository/org/apache/hadoop/hadoop-hdds-container-service/0.6.0-SNAPSHOT/hadoop-hdds-container-service-0.6.0-SNAPSHOT.jar!/webapps/static,UNAVAILABLE}
2020-07-09 05:17:04,760 [ForkJoinPool.commonPool-worker-1] INFO  handler.ContextHandler (ContextHandler.java:doStop(1016)) - Stopped o.e.j.s.ServletContextHandler@7ad9ed91{logs,/logs,file:///github/workspace/mnt/ozone/hadoop-ozone/integration-test/target/log,UNAVAILABLE}
2020-07-09 05:17:04,761 [Listener at 127.0.0.1/38375] INFO  ozone.MiniOzoneClusterImpl (MiniOzoneClusterImpl.java:stopSCM(476)) - Stopping the StorageContainerManager
2020-07-09 05:17:04,762 [Listener at 127.0.0.1/38375] INFO  server.StorageContainerManager (StorageContainerManager.java:stop(825)) - Stopping Replication Manager Service.
2020-07-09 05:17:04,762 [Listener at 127.0.0.1/38375] INFO  container.ReplicationManager (ReplicationManager.java:stop(218)) - Stopping Replication Monitor Thread.
2020-07-09 05:17:04,762 [Listener at 127.0.0.1/38375] INFO  server.StorageContainerManager (StorageContainerManager.java:stop(832)) - Stopping Lease Manager of the command watchers
2020-07-09 05:17:04,762 [Listener at 127.0.0.1/38375] INFO  server.StorageContainerManager (StorageContainerManager.java:stop(839)) - Stopping datanode service RPC server
2020-07-09 05:17:04,763 [Listener at 127.0.0.1/38375] INFO  server.SCMDatanodeProtocolServer (SCMDatanodeProtocolServer.java:stop(361)) - Stopping the RPC server for DataNodes
2020-07-09 05:17:04,763 [Listener at 127.0.0.1/38375] INFO  ipc.Server (Server.java:stop(3359)) - Stopping server on 41487
2020-07-09 05:17:04,762 [CommandWatcher-LeaseManager#LeaseMonitor] ERROR lease.LeaseManager (LeaseManager.java:run(238)) - Execution was interrupted 
java.lang.InterruptedException: sleep interrupted
	at java.lang.Thread.sleep(Native Method)
	at org.apache.hadoop.ozone.lease.LeaseManager$LeaseMonitor.run(LeaseManager.java:234)
	at java.lang.Thread.run(Thread.java:748)
2020-07-09 05:17:04,766 [IPC Server Responder] INFO  ipc.Server (Server.java:run(1465)) - Stopping IPC Server Responder
2020-07-09 05:17:04,766 [IPC Server listener on 0] INFO  ipc.Server (Server.java:run(1330)) - Stopping IPC Server listener on 0
2020-07-09 05:17:04,797 [SCM Heartbeat Processing Thread - 0] WARN  node.NodeStateManager (NodeStateManager.java:scheduleNextHealthCheck(661)) - Current Thread is interrupted, shutting down HB processing thread for Node Manager.
2020-07-09 05:17:04,797 [Listener at 127.0.0.1/38375] INFO  server.StorageContainerManager (StorageContainerManager.java:stop(847)) - Stopping block service RPC server
2020-07-09 05:17:04,797 [Listener at 127.0.0.1/38375] INFO  server.SCMBlockProtocolServer (SCMBlockProtocolServer.java:stop(158)) - Stopping the RPC server for Block Protocol
2020-07-09 05:17:04,797 [Listener at 127.0.0.1/38375] INFO  ipc.Server (Server.java:stop(3359)) - Stopping server on 33507
2020-07-09 05:17:04,800 [Listener at 127.0.0.1/38375] INFO  server.StorageContainerManager (StorageContainerManager.java:stop(854)) - Stopping the StorageContainerLocationProtocol RPC server
2020-07-09 05:17:04,800 [IPC Server Responder] INFO  ipc.Server (Server.java:run(1465)) - Stopping IPC Server Responder
2020-07-09 05:17:04,800 [IPC Server listener on 0] INFO  ipc.Server (Server.java:run(1330)) - Stopping IPC Server listener on 0
2020-07-09 05:17:04,800 [Listener at 127.0.0.1/38375] INFO  server.SCMClientProtocolServer (SCMClientProtocolServer.java:stop(165)) - Stopping the RPC server for Client Protocol
2020-07-09 05:17:04,801 [Listener at 127.0.0.1/38375] INFO  ipc.Server (Server.java:stop(3359)) - Stopping server on 42305
2020-07-09 05:17:04,803 [IPC Server listener on 0] INFO  ipc.Server (Server.java:run(1330)) - Stopping IPC Server listener on 0
2020-07-09 05:17:04,804 [IPC Server Responder] INFO  ipc.Server (Server.java:run(1465)) - Stopping IPC Server Responder
2020-07-09 05:17:04,804 [Listener at 127.0.0.1/38375] INFO  server.StorageContainerManager (StorageContainerManager.java:stop(861)) - Stopping Storage Container Manager HTTP server.
2020-07-09 05:17:04,804 [Listener at 127.0.0.1/38375] INFO  handler.ContextHandler (ContextHandler.java:doStop(1016)) - Stopped o.e.j.w.WebAppContext@60171a27{scm,/,null,UNAVAILABLE}{file:/github/workspace/mnt/ozone/hadoop-ozone/integration-test/target/test-classes/webapps/scm}
2020-07-09 05:17:04,804 [Listener at 127.0.0.1/38375] INFO  server.AbstractConnector (AbstractConnector.java:doStop(380)) - Stopped ServerConnector@3b00276{HTTP/1.1,[http/1.1]}{0.0.0.0:0}
2020-07-09 05:17:04,805 [Listener at 127.0.0.1/38375] INFO  server.session (HouseKeeper.java:stopScavenging(158)) - node0 Stopped scavenging
2020-07-09 05:17:04,805 [Listener at 127.0.0.1/38375] INFO  handler.ContextHandler (ContextHandler.java:doStop(1016)) - Stopped o.e.j.s.ServletContextHandler@622168f7{static,/static,file:///github/workspace/mnt/ozone/hadoop-ozone/integration-test/target/test-classes/webapps/static,UNAVAILABLE}
2020-07-09 05:17:04,805 [Listener at 127.0.0.1/38375] INFO  handler.ContextHandler (ContextHandler.java:doStop(1016)) - Stopped o.e.j.s.ServletContextHandler@2933edb6{logs,/logs,file:///github/workspace/mnt/ozone/hadoop-ozone/integration-test/target/log,UNAVAILABLE}
2020-07-09 05:17:04,806 [Listener at 127.0.0.1/38375] INFO  server.StorageContainerManager (StorageContainerManager.java:stop(872)) - Stopping Block Manager Service.
2020-07-09 05:17:04,806 [Listener at 127.0.0.1/38375] INFO  utils.BackgroundService (BackgroundService.java:shutdown(157)) - Shutting down service SCMBlockDeletingService
2020-07-09 05:17:04,806 [Listener at 127.0.0.1/38375] INFO  utils.BackgroundService (BackgroundService.java:shutdown(157)) - Shutting down service SCMBlockDeletingService
2020-07-09 05:17:04,806 [Listener at 127.0.0.1/38375] INFO  server.StorageContainerManager (StorageContainerManager.java:stop(897)) - Stopping SCM Event Queue.
2020-07-09 05:17:04,810 [Listener at 127.0.0.1/38375] INFO  impl.MetricsSystemImpl (MetricsSystemImpl.java:stop(210)) - Stopping HddsDatanode metrics system...
2020-07-09 05:17:04,816 [Listener at 127.0.0.1/38375] INFO  impl.MetricsSystemImpl (MetricsSystemImpl.java:stop(216)) - HddsDatanode metrics system stopped.
]]></system-out>
    <system-err><![CDATA[Jul 09, 2020 5:16:44 AM org.apache.ratis.thirdparty.io.grpc.internal.ManagedChannelOrphanWrapper$ManagedChannelReference cleanQueue
SEVERE: *~*~*~ Channel ManagedChannelImpl{logId=687, target=172.17.0.2:45759} was not shutdown properly!!! ~*~*~*
    Make sure to call shutdown()/shutdownNow() and wait until awaitTermination() returns true.
java.lang.RuntimeException: ManagedChannel allocation site
	at org.apache.ratis.thirdparty.io.grpc.internal.ManagedChannelOrphanWrapper$ManagedChannelReference.<init>(ManagedChannelOrphanWrapper.java:94)
	at org.apache.ratis.thirdparty.io.grpc.internal.ManagedChannelOrphanWrapper.<init>(ManagedChannelOrphanWrapper.java:52)
	at org.apache.ratis.thirdparty.io.grpc.internal.ManagedChannelOrphanWrapper.<init>(ManagedChannelOrphanWrapper.java:43)
	at org.apache.ratis.thirdparty.io.grpc.internal.AbstractManagedChannelImplBuilder.build(AbstractManagedChannelImplBuilder.java:518)
	at org.apache.ratis.grpc.client.GrpcClientProtocolClient.<init>(GrpcClientProtocolClient.java:129)
	at org.apache.ratis.grpc.client.GrpcClientRpc.lambda$new$0(GrpcClientRpc.java:55)
	at org.apache.ratis.util.PeerProxyMap$PeerAndProxy.lambda$getProxy$0(PeerProxyMap.java:62)
	at org.apache.ratis.util.LifeCycle.startAndTransition(LifeCycle.java:214)
	at org.apache.ratis.util.PeerProxyMap$PeerAndProxy.getProxy(PeerProxyMap.java:61)
	at org.apache.ratis.util.PeerProxyMap.getProxy(PeerProxyMap.java:109)
	at org.apache.ratis.grpc.client.GrpcClientRpc.sendRequestAsync(GrpcClientRpc.java:66)
	at org.apache.ratis.client.impl.OrderedAsync.sendRequest(OrderedAsync.java:233)
	at org.apache.ratis.client.impl.OrderedAsync.sendRequestWithRetry(OrderedAsync.java:187)
	at org.apache.ratis.util.SlidingWindow$Client.sendOrDelayRequest(SlidingWindow.java:278)
	at org.apache.ratis.util.SlidingWindow$Client.submitNewRequest(SlidingWindow.java:257)
	at org.apache.ratis.client.impl.OrderedAsync.send(OrderedAsync.java:168)
	at org.apache.ratis.client.impl.OrderedAsync.newInstance(OrderedAsync.java:117)
	at org.apache.ratis.client.impl.RaftClientImpl.lambda$new$0(RaftClientImpl.java:127)
	at org.apache.ratis.util.MemoizedSupplier.get(MemoizedSupplier.java:62)
	at org.apache.ratis.client.impl.RaftClientImpl.getOrderedAsync(RaftClientImpl.java:150)
	at org.apache.ratis.client.impl.RaftClientImpl.sendAsync(RaftClientImpl.java:188)
	at org.apache.ratis.client.impl.RaftClientImpl.sendAsync(RaftClientImpl.java:160)
	at org.apache.hadoop.hdds.scm.XceiverClientRatis.lambda$sendRequestAsync$3(XceiverClientRatis.java:224)
	at org.apache.hadoop.hdds.tracing.TracingUtil.executeInNewSpan(TracingUtil.java:159)
	at org.apache.hadoop.hdds.scm.XceiverClientRatis.sendRequestAsync(XceiverClientRatis.java:209)
	at org.apache.hadoop.hdds.scm.XceiverClientRatis.sendCommandAsync(XceiverClientRatis.java:305)
	at org.apache.hadoop.ozone.client.rpc.TestWatchForCommit.testWatchForCommitForGroupMismatchException(TestWatchForCommit.java:335)
	at sun.reflect.NativeMethodAccessorImpl.invoke0(Native Method)
	at sun.reflect.NativeMethodAccessorImpl.invoke(NativeMethodAccessorImpl.java:62)
	at sun.reflect.DelegatingMethodAccessorImpl.invoke(DelegatingMethodAccessorImpl.java:43)
	at java.lang.reflect.Method.invoke(Method.java:498)
	at org.junit.runners.model.FrameworkMethod$1.runReflectiveCall(FrameworkMethod.java:47)
	at org.junit.internal.runners.model.ReflectiveCallable.run(ReflectiveCallable.java:12)
	at org.junit.runners.model.FrameworkMethod.invokeExplosively(FrameworkMethod.java:44)
	at org.junit.internal.runners.statements.InvokeMethod.evaluate(InvokeMethod.java:17)
	at org.junit.internal.runners.statements.RunBefores.evaluate(RunBefores.java:26)
	at org.junit.internal.runners.statements.RunAfters.evaluate(RunAfters.java:27)
	at org.junit.runners.ParentRunner.runLeaf(ParentRunner.java:271)
	at org.junit.runners.BlockJUnit4ClassRunner.runChild(BlockJUnit4ClassRunner.java:70)
	at org.junit.runners.BlockJUnit4ClassRunner.runChild(BlockJUnit4ClassRunner.java:50)
	at org.junit.runners.ParentRunner$3.run(ParentRunner.java:238)
	at org.junit.runners.ParentRunner$1.schedule(ParentRunner.java:63)
	at org.junit.runners.ParentRunner.runChildren(ParentRunner.java:236)
	at org.junit.runners.ParentRunner.access$000(ParentRunner.java:53)
	at org.junit.runners.ParentRunner$2.evaluate(ParentRunner.java:229)
	at org.junit.runners.ParentRunner.run(ParentRunner.java:309)
	at org.apache.maven.surefire.junit4.JUnit4Provider.execute(JUnit4Provider.java:365)
	at org.apache.maven.surefire.junit4.JUnit4Provider.executeWithRerun(JUnit4Provider.java:273)
	at org.apache.maven.surefire.junit4.JUnit4Provider.executeTestSet(JUnit4Provider.java:238)
	at org.apache.maven.surefire.junit4.JUnit4Provider.invoke(JUnit4Provider.java:159)
	at org.apache.maven.surefire.booter.ForkedBooter.invokeProviderInSameClassLoader(ForkedBooter.java:384)
	at org.apache.maven.surefire.booter.ForkedBooter.runSuitesInProcess(ForkedBooter.java:345)
	at org.apache.maven.surefire.booter.ForkedBooter.execute(ForkedBooter.java:126)
	at org.apache.maven.surefire.booter.ForkedBooter.main(ForkedBooter.java:418)

]]></system-err>
  </testcase>
</testsuite>