<?xml version="1.0" encoding="UTF-8"?>
<testsuite xmlns:xsi="http://www.w3.org/2001/XMLSchema-instance" xsi:noNamespaceSchemaLocation="https://maven.apache.org/surefire/maven-surefire-plugin/xsd/surefire-test-report-3.0.xsd" version="3.0" name="org.apache.hadoop.ozone.TestStorageContainerManager" time="228.071" tests="13" errors="1" skipped="0" failures="0">
  <properties>
    <property name="awt.toolkit" value="sun.awt.X11.XToolkit"/>
    <property name="file.encoding.pkg" value="sun.io"/>
    <property name="java.specification.version" value="1.8"/>
    <property name="sun.cpu.isalist" value=""/>
    <property name="sun.jnu.encoding" value="UTF-8"/>
    <property name="java.class.path" value="/home/runner/work/ozone/ozone/hadoop-ozone/integration-test/target/test-classes:/home/runner/work/ozone/ozone/hadoop-ozone/integration-test/target/classes:/home/runner/.m2/repository/org/apache/ozone/ozone-common/1.4.0-SNAPSHOT/ozone-common-1.4.0-SNAPSHOT.jar:/home/runner/.m2/repository/io/grpc/grpc-netty/1.51.1/grpc-netty-1.51.1.jar:/home/runner/.m2/repository/io/grpc/grpc-core/1.51.1/grpc-core-1.51.1.jar:/home/runner/.m2/repository/com/google/android/annotations/4.1.1.4/annotations-4.1.1.4.jar:/home/runner/.m2/repository/org/codehaus/mojo/animal-sniffer-annotations/1.21/animal-sniffer-annotations-1.21.jar:/home/runner/.m2/repository/com/google/errorprone/error_prone_annotations/2.2.0/error_prone_annotations-2.2.0.jar:/home/runner/.m2/repository/io/perfmark/perfmark-api/0.25.0/perfmark-api-0.25.0.jar:/home/runner/.m2/repository/io/netty/netty-codec-http2/4.1.86.Final/netty-codec-http2-4.1.86.Final.jar:/home/runner/.m2/repository/io/netty/netty-common/4.1.86.Final/netty-common-4.1.86.Final.jar:/home/runner/.m2/repository/io/netty/netty-buffer/4.1.86.Final/netty-buffer-4.1.86.Final.jar:/home/runner/.m2/repository/io/netty/netty-codec-http/4.1.86.Final/netty-codec-http-4.1.86.Final.jar:/home/runner/.m2/repository/io/netty/netty-handler-proxy/4.1.86.Final/netty-handler-proxy-4.1.86.Final.jar:/home/runner/.m2/repository/io/netty/netty-codec-socks/4.1.86.Final/netty-codec-socks-4.1.86.Final.jar:/home/runner/.m2/repository/io/netty/netty-tcnative-boringssl-static/2.0.54.Final/netty-tcnative-boringssl-static-2.0.54.Final.jar:/home/runner/.m2/repository/io/netty/netty-tcnative-classes/2.0.54.Final/netty-tcnative-classes-2.0.54.Final.jar:/home/runner/.m2/repository/io/netty/netty-tcnative-boringssl-static/2.0.54.Final/netty-tcnative-boringssl-static-2.0.54.Final-linux-x86_64.jar:/home/runner/.m2/repository/io/netty/netty-tcnative-boringssl-static/2.0.54.Final/netty-tcnative-boringssl-static-2.0.54.Final-linux-aarch_64.jar:/home/runner/.m2/repository/io/netty/netty-tcnative-boringssl-static/2.0.54.Final/netty-tcnative-boringssl-static-2.0.54.Final-osx-x86_64.jar:/home/runner/.m2/repository/io/netty/netty-tcnative-boringssl-static/2.0.54.Final/netty-tcnative-boringssl-static-2.0.54.Final-osx-aarch_64.jar:/home/runner/.m2/repository/io/netty/netty-tcnative-boringssl-static/2.0.54.Final/netty-tcnative-boringssl-static-2.0.54.Final-windows-x86_64.jar:/home/runner/.m2/repository/org/apache/commons/commons-compress/1.21/commons-compress-1.21.jar:/home/runner/.m2/repository/org/apache/ozone/hdds-common/1.4.0-SNAPSHOT/hdds-common-1.4.0-SNAPSHOT.jar:/home/runner/.m2/repository/org/apache/ozone/hdds-client/1.4.0-SNAPSHOT/hdds-client-1.4.0-SNAPSHOT.jar:/home/runner/.m2/repository/org/apache/ozone/ozone-interface-client/1.4.0-SNAPSHOT/ozone-interface-client-1.4.0-SNAPSHOT.jar:/home/runner/.m2/repository/org/apache/hadoop/hadoop-hdfs-client/3.3.5/hadoop-hdfs-client-3.3.5.jar:/home/runner/.m2/repository/com/squareup/okhttp3/okhttp/4.9.3/okhttp-4.9.3.jar:/home/runner/.m2/repository/com/squareup/okio/okio/2.8.0/okio-2.8.0.jar:/home/runner/.m2/repository/org/jetbrains/kotlin/kotlin-stdlib-common/1.6.21/kotlin-stdlib-common-1.6.21.jar:/home/runner/.m2/repository/org/apache/ozone/hdds-test-utils/1.4.0-SNAPSHOT/hdds-test-utils-1.4.0-SNAPSHOT.jar:/home/runner/.m2/repository/com/google/guava/guava/31.1-jre/guava-31.1-jre.jar:/home/runner/.m2/repository/com/google/guava/failureaccess/1.0.1/failureaccess-1.0.1.jar:/home/runner/.m2/repository/com/google/guava/listenablefuture/9999.0-empty-to-avoid-conflict-with-guava/listenablefuture-9999.0-empty-to-avoid-conflict-with-guava.jar:/home/runner/.m2/repository/com/google/code/findbugs/jsr305/3.0.0/jsr305-3.0.0.jar:/home/runner/.m2/repository/org/checkerframework/checker-qual/3.12.0/checker-qual-3.12.0.jar:/home/runner/.m2/repository/com/google/j2objc/j2objc-annotations/1.3/j2objc-annotations-1.3.jar:/home/runner/.m2/repository/commons-io/commons-io/2.11.0/commons-io-2.11.0.jar:/home/runner/.m2/repository/commons-logging/commons-logging/1.2/commons-logging-1.2.jar:/home/runner/.m2/repository/ch/qos/reload4j/reload4j/1.2.22/reload4j-1.2.22.jar:/home/runner/.m2/repository/org/slf4j/slf4j-api/1.7.36/slf4j-api-1.7.36.jar:/home/runner/.m2/repository/org/apache/ozone/hdds-server-scm/1.4.0-SNAPSHOT/hdds-server-scm-1.4.0-SNAPSHOT.jar:/home/runner/.m2/repository/org/apache/ozone/hdds-container-service/1.4.0-SNAPSHOT/hdds-container-service-1.4.0-SNAPSHOT.jar:/home/runner/.m2/repository/org/apache/ozone/hdds-hadoop-dependency-server/1.4.0-SNAPSHOT/hdds-hadoop-dependency-server-1.4.0-SNAPSHOT.jar:/home/runner/.m2/repository/org/apache/hadoop/hadoop-hdfs/3.3.5/hadoop-hdfs-3.3.5.jar:/home/runner/.m2/repository/commons-daemon/commons-daemon/1.0.13/commons-daemon-1.0.13.jar:/home/runner/.m2/repository/org/apache/ozone/hdds-server-framework/1.4.0-SNAPSHOT/hdds-server-framework-1.4.0-SNAPSHOT.jar:/home/runner/.m2/repository/io/dropwizard/metrics/metrics-core/3.2.4/metrics-core-3.2.4.jar:/home/runner/.m2/repository/org/apache/commons/commons-text/1.4/commons-text-1.4.jar:/home/runner/.m2/repository/org/bouncycastle/bcprov-jdk15on/1.67/bcprov-jdk15on-1.67.jar:/home/runner/.m2/repository/com/google/protobuf/protobuf-java/2.5.0/protobuf-java-2.5.0.jar:/home/runner/.m2/repository/org/apache/ozone/hdds-server-framework/1.4.0-SNAPSHOT/hdds-server-framework-1.4.0-SNAPSHOT-tests.jar:/home/runner/.m2/repository/org/apache/ozone/hdds-interface-server/1.4.0-SNAPSHOT/hdds-interface-server-1.4.0-SNAPSHOT.jar:/home/runner/.m2/repository/org/apache/ozone/hdds-interface-admin/1.4.0-SNAPSHOT/hdds-interface-admin-1.4.0-SNAPSHOT.jar:/home/runner/.m2/repository/org/apache/ozone/hdds-managed-rocksdb/1.4.0-SNAPSHOT/hdds-managed-rocksdb-1.4.0-SNAPSHOT.jar:/home/runner/.m2/repository/org/rocksdb/rocksdbjni/7.7.3/rocksdbjni-7.7.3.jar:/home/runner/.m2/repository/org/slf4j/slf4j-reload4j/1.7.36/slf4j-reload4j-1.7.36.jar:/home/runner/.m2/repository/org/apache/commons/commons-configuration2/2.1.1/commons-configuration2-2.1.1.jar:/home/runner/.m2/repository/org/apache/logging/log4j/log4j-core/2.17.1/log4j-core-2.17.1.jar:/home/runner/.m2/repository/com/lmax/disruptor/3.4.2/disruptor-3.4.2.jar:/home/runner/.m2/repository/org/eclipse/jetty/jetty-util/9.4.51.v20230217/jetty-util-9.4.51.v20230217.jar:/home/runner/.m2/repository/org/eclipse/jetty/jetty-server/9.4.51.v20230217/jetty-server-9.4.51.v20230217.jar:/home/runner/.m2/repository/org/eclipse/jetty/jetty-http/9.4.51.v20230217/jetty-http-9.4.51.v20230217.jar:/home/runner/.m2/repository/org/eclipse/jetty/jetty-io/9.4.51.v20230217/jetty-io-9.4.51.v20230217.jar:/home/runner/.m2/repository/org/eclipse/jetty/jetty-servlet/9.4.51.v20230217/jetty-servlet-9.4.51.v20230217.jar:/home/runner/.m2/repository/org/eclipse/jetty/jetty-security/9.4.51.v20230217/jetty-security-9.4.51.v20230217.jar:/home/runner/.m2/repository/org/eclipse/jetty/jetty-util-ajax/9.4.51.v20230217/jetty-util-ajax-9.4.51.v20230217.jar:/home/runner/.m2/repository/org/eclipse/jetty/jetty-webapp/9.4.51.v20230217/jetty-webapp-9.4.51.v20230217.jar:/home/runner/.m2/repository/org/eclipse/jetty/jetty-xml/9.4.51.v20230217/jetty-xml-9.4.51.v20230217.jar:/home/runner/.m2/repository/org/apache/ratis/ratis-server/2.5.1/ratis-server-2.5.1.jar:/home/runner/.m2/repository/org/apache/ratis/ratis-thirdparty-misc/1.0.4/ratis-thirdparty-misc-1.0.4.jar:/home/runner/.m2/repository/org/apache/ratis/ratis-proto/2.5.1/ratis-proto-2.5.1.jar:/home/runner/.m2/repository/org/apache/ratis/ratis-common/2.5.1/ratis-common-2.5.1.jar:/home/runner/.m2/repository/org/apache/ratis/ratis-client/2.5.1/ratis-client-2.5.1.jar:/home/runner/.m2/repository/org/apache/ratis/ratis-server-api/2.5.1/ratis-server-api-2.5.1.jar:/home/runner/.m2/repository/org/apache/ratis/ratis-metrics/2.5.1/ratis-metrics-2.5.1.jar:/home/runner/.m2/repository/io/prometheus/simpleclient_dropwizard/0.7.0/simpleclient_dropwizard-0.7.0.jar:/home/runner/.m2/repository/io/prometheus/simpleclient/0.7.0/simpleclient-0.7.0.jar:/home/runner/.m2/repository/io/prometheus/simpleclient_common/0.7.0/simpleclient_common-0.7.0.jar:/home/runner/.m2/repository/com/fasterxml/jackson/datatype/jackson-datatype-jsr310/2.13.4/jackson-datatype-jsr310-2.13.4.jar:/home/runner/.m2/repository/com/fasterxml/jackson/core/jackson-core/2.13.4/jackson-core-2.13.4.jar:/home/runner/.m2/repository/com/github/spotbugs/spotbugs-annotations/3.1.12/spotbugs-annotations-3.1.12.jar:/home/runner/.m2/repository/org/apache/ozone/rocksdb-checkpoint-differ/1.4.0-SNAPSHOT/rocksdb-checkpoint-differ-1.4.0-SNAPSHOT.jar:/home/runner/.m2/repository/org/awaitility/awaitility/4.2.0/awaitility-4.2.0.jar:/home/runner/.m2/repository/org/hamcrest/hamcrest/2.1/hamcrest-2.1.jar:/home/runner/.m2/repository/org/apache/ozone/ozone-manager/1.4.0-SNAPSHOT/ozone-manager-1.4.0-SNAPSHOT.jar:/home/runner/.m2/repository/org/aspectj/aspectjrt/1.9.7/aspectjrt-1.9.7.jar:/home/runner/.m2/repository/org/aspectj/aspectjweaver/1.9.7/aspectjweaver-1.9.7.jar:/home/runner/.m2/repository/org/apache/ozone/hdds-interface-client/1.4.0-SNAPSHOT/hdds-interface-client-1.4.0-SNAPSHOT.jar:/home/runner/.m2/repository/org/apache/hadoop/thirdparty/hadoop-shaded-protobuf_3_7/1.1.1/hadoop-shaded-protobuf_3_7-1.1.1.jar:/home/runner/.m2/repository/org/apache/ozone/ozone-interface-storage/1.4.0-SNAPSHOT/ozone-interface-storage-1.4.0-SNAPSHOT.jar:/home/runner/.m2/repository/org/reflections/reflections/0.9.11/reflections-0.9.11.jar:/home/runner/.m2/repository/com/sun/jersey/jersey-client/1.19/jersey-client-1.19.jar:/home/runner/.m2/repository/org/codehaus/jackson/jackson-core-asl/1.9.13/jackson-core-asl-1.9.13.jar:/home/runner/.m2/repository/org/codehaus/jackson/jackson-mapper-asl/1.9.13/jackson-mapper-asl-1.9.13.jar:/home/runner/.m2/repository/org/codehaus/jackson/jackson-jaxrs/1.9.13/jackson-jaxrs-1.9.13.jar:/home/runner/.m2/repository/org/apache/ranger/ranger-intg/2.3.0/ranger-intg-2.3.0.jar:/home/runner/.m2/repository/org/apache/ranger/ranger-plugins-common/2.3.0/ranger-plugins-common-2.3.0.jar:/home/runner/.m2/repository/commons-lang/commons-lang/2.6/commons-lang-2.6.jar:/home/runner/.m2/repository/org/apache/ranger/ranger-plugins-cred/2.3.0/ranger-plugins-cred-2.3.0.jar:/home/runner/.m2/repository/org/apache/ranger/ranger-plugins-audit/2.3.0/ranger-plugins-audit-2.3.0.jar:/home/runner/.m2/repository/org/eclipse/jetty/jetty-client/9.4.51.v20230217/jetty-client-9.4.51.v20230217.jar:/home/runner/.m2/repository/org/apache/httpcomponents/httpmime/4.5.6/httpmime-4.5.6.jar:/home/runner/.m2/repository/org/apache/httpcomponents/httpcore-nio/4.4.13/httpcore-nio-4.4.13.jar:/home/runner/.m2/repository/org/apache/httpcomponents/httpasyncclient/4.1.3/httpasyncclient-4.1.3.jar:/home/runner/.m2/repository/com/carrotsearch/hppc/0.8.0/hppc-0.8.0.jar:/home/runner/.m2/repository/org/apache/orc/orc-core/1.5.8/orc-core-1.5.8.jar:/home/runner/.m2/repository/net/java/dev/jna/jna/5.2.0/jna-5.2.0.jar:/home/runner/.m2/repository/net/java/dev/jna/jna-platform/5.2.0/jna-platform-5.2.0.jar:/home/runner/.m2/repository/com/kstruct/gethostname4j/0.0.2/gethostname4j-0.0.2.jar:/home/runner/.m2/repository/org/apache/ranger/ranger-plugin-classloader/2.3.0/ranger-plugin-classloader-2.3.0.jar:/home/runner/.m2/repository/org/apache/ozone/hdds-rocks-native/1.4.0-SNAPSHOT/hdds-rocks-native-1.4.0-SNAPSHOT.jar:/home/runner/.m2/repository/org/apache/hadoop/hadoop-minikdc/3.3.5/hadoop-minikdc-3.3.5.jar:/home/runner/.m2/repository/org/apache/kerby/kerb-simplekdc/1.0.1/kerb-simplekdc-1.0.1.jar:/home/runner/.m2/repository/org/apache/kerby/kerb-client/1.0.1/kerb-client-1.0.1.jar:/home/runner/.m2/repository/org/apache/kerby/kerby-config/1.0.1/kerby-config-1.0.1.jar:/home/runner/.m2/repository/org/apache/kerby/kerb-common/1.0.1/kerb-common-1.0.1.jar:/home/runner/.m2/repository/org/apache/kerby/kerb-crypto/1.0.1/kerb-crypto-1.0.1.jar:/home/runner/.m2/repository/org/apache/kerby/kerb-util/1.0.1/kerb-util-1.0.1.jar:/home/runner/.m2/repository/org/apache/kerby/token-provider/1.0.1/token-provider-1.0.1.jar:/home/runner/.m2/repository/org/apache/kerby/kerb-admin/1.0.1/kerb-admin-1.0.1.jar:/home/runner/.m2/repository/org/apache/kerby/kerb-server/1.0.1/kerb-server-1.0.1.jar:/home/runner/.m2/repository/org/apache/kerby/kerb-identity/1.0.1/kerb-identity-1.0.1.jar:/home/runner/.m2/repository/org/apache/kerby/kerby-xdr/1.0.1/kerby-xdr-1.0.1.jar:/home/runner/.m2/repository/org/apache/ozone/ozone-s3gateway/1.4.0-SNAPSHOT/ozone-s3gateway-1.4.0-SNAPSHOT.jar:/home/runner/.m2/repository/org/javassist/javassist/3.21.0-GA/javassist-3.21.0-GA.jar:/home/runner/.m2/repository/org/jboss/weld/servlet/weld-servlet-shaded/3.1.9.Final/weld-servlet-shaded-3.1.9.Final.jar:/home/runner/.m2/repository/org/glassfish/jersey/containers/jersey-container-servlet-core/2.34/jersey-container-servlet-core-2.34.jar:/home/runner/.m2/repository/org/glassfish/hk2/external/jakarta.inject/2.6.1/jakarta.inject-2.6.1.jar:/home/runner/.m2/repository/org/glassfish/jersey/core/jersey-common/2.34/jersey-common-2.34.jar:/home/runner/.m2/repository/jakarta/ws/rs/jakarta.ws.rs-api/2.1.6/jakarta.ws.rs-api-2.1.6.jar:/home/runner/.m2/repository/org/glassfish/jersey/ext/cdi/jersey-cdi1x/2.34/jersey-cdi1x-2.34.jar:/home/runner/.m2/repository/org/glassfish/jersey/inject/jersey-hk2/2.34/jersey-hk2-2.34.jar:/home/runner/.m2/repository/org/glassfish/hk2/hk2-locator/2.6.1/hk2-locator-2.6.1.jar:/home/runner/.m2/repository/org/glassfish/jersey/media/jersey-media-jaxb/2.34/jersey-media-jaxb-2.34.jar:/home/runner/.m2/repository/org/glassfish/hk2/osgi-resource-locator/1.0.3/osgi-resource-locator-1.0.3.jar:/home/runner/.m2/repository/org/glassfish/hk2/hk2-api/2.5.0/hk2-api-2.5.0.jar:/home/runner/.m2/repository/org/glassfish/hk2/hk2-utils/2.5.0/hk2-utils-2.5.0.jar:/home/runner/.m2/repository/org/glassfish/hk2/external/aopalliance-repackaged/2.5.0/aopalliance-repackaged-2.5.0.jar:/home/runner/.m2/repository/com/fasterxml/jackson/dataformat/jackson-dataformat-xml/2.13.4/jackson-dataformat-xml-2.13.4.jar:/home/runner/.m2/repository/org/codehaus/woodstox/stax2-api/4.2.1/stax2-api-4.2.1.jar:/home/runner/.m2/repository/com/fasterxml/woodstox/woodstox-core/5.4.0/woodstox-core-5.4.0.jar:/home/runner/.m2/repository/com/fasterxml/jackson/module/jackson-module-jaxb-annotations/2.13.4/jackson-module-jaxb-annotations-2.13.4.jar:/home/runner/.m2/repository/jakarta/xml/bind/jakarta.xml.bind-api/2.3.3/jakarta.xml.bind-api-2.3.3.jar:/home/runner/.m2/repository/jakarta/activation/jakarta.activation-api/1.2.2/jakarta.activation-api-1.2.2.jar:/home/runner/.m2/repository/javax/enterprise/cdi-api/2.0/cdi-api-2.0.jar:/home/runner/.m2/repository/javax/el/javax.el-api/3.0.0/javax.el-api-3.0.0.jar:/home/runner/.m2/repository/javax/interceptor/javax.interceptor-api/1.2/javax.interceptor-api-1.2.jar:/home/runner/.m2/repository/javax/inject/javax.inject/1/javax.inject-1.jar:/home/runner/.m2/repository/javax/xml/bind/jaxb-api/2.3.0/jaxb-api-2.3.0.jar:/home/runner/.m2/repository/org/glassfish/jaxb/jaxb-runtime/2.3.0.1/jaxb-runtime-2.3.0.1.jar:/home/runner/.m2/repository/org/glassfish/jaxb/jaxb-core/2.3.0.1/jaxb-core-2.3.0.1.jar:/home/runner/.m2/repository/org/glassfish/jaxb/txw2/2.3.0.1/txw2-2.3.0.1.jar:/home/runner/.m2/repository/com/sun/istack/istack-commons-runtime/3.0.5/istack-commons-runtime-3.0.5.jar:/home/runner/.m2/repository/org/jvnet/staxex/stax-ex/1.7.8/stax-ex-1.7.8.jar:/home/runner/.m2/repository/com/sun/xml/fastinfoset/FastInfoset/1.2.13/FastInfoset-1.2.13.jar:/home/runner/.m2/repository/javax/activation/activation/1.1.1/activation-1.1.1.jar:/home/runner/.m2/repository/io/grpc/grpc-protobuf/1.51.1/grpc-protobuf-1.51.1.jar:/home/runner/.m2/repository/com/google/api/grpc/proto-google-common-protos/2.9.0/proto-google-common-protos-2.9.0.jar:/home/runner/.m2/repository/io/grpc/grpc-protobuf-lite/1.51.1/grpc-protobuf-lite-1.51.1.jar:/home/runner/.m2/repository/io/grpc/grpc-stub/1.51.1/grpc-stub-1.51.1.jar:/home/runner/.m2/repository/io/netty/netty-transport/4.1.86.Final/netty-transport-4.1.86.Final.jar:/home/runner/.m2/repository/io/netty/netty-resolver/4.1.86.Final/netty-resolver-4.1.86.Final.jar:/home/runner/.m2/repository/org/apache/ozone/ozone-csi/1.4.0-SNAPSHOT/ozone-csi-1.4.0-SNAPSHOT.jar:/home/runner/.m2/repository/com/google/protobuf/protobuf-java-util/3.19.6/protobuf-java-util-3.19.6.jar:/home/runner/.m2/repository/com/google/code/gson/gson/2.9.0/gson-2.9.0.jar:/home/runner/.m2/repository/org/apache/ozone/hdds-config/1.4.0-SNAPSHOT/hdds-config-1.4.0-SNAPSHOT.jar:/home/runner/.m2/repository/io/netty/netty-transport-native-epoll/4.1.86.Final/netty-transport-native-epoll-4.1.86.Final-linux-x86_64.jar:/home/runner/.m2/repository/io/netty/netty-transport-classes-epoll/4.1.86.Final/netty-transport-classes-epoll-4.1.86.Final.jar:/home/runner/.m2/repository/io/netty/netty-transport-native-unix-common/4.1.86.Final/netty-transport-native-unix-common-4.1.86.Final.jar:/home/runner/.m2/repository/org/apache/ozone/ozone-recon/1.4.0-SNAPSHOT/ozone-recon-1.4.0-SNAPSHOT.jar:/home/runner/.m2/repository/org/apache/ozone/ozone-reconcodegen/1.4.0-SNAPSHOT/ozone-reconcodegen-1.4.0-SNAPSHOT.jar:/home/runner/.m2/repository/com/google/inject/guice/5.1.0/guice-5.1.0.jar:/home/runner/.m2/repository/aopalliance/aopalliance/1.0/aopalliance-1.0.jar:/home/runner/.m2/repository/com/google/inject/extensions/guice-assistedinject/5.1.0/guice-assistedinject-5.1.0.jar:/home/runner/.m2/repository/com/google/inject/extensions/guice-servlet/5.1.0/guice-servlet-5.1.0.jar:/home/runner/.m2/repository/org/glassfish/jersey/containers/jersey-container-servlet/2.34/jersey-container-servlet-2.34.jar:/home/runner/.m2/repository/org/glassfish/hk2/guice-bridge/2.5.0/guice-bridge-2.5.0.jar:/home/runner/.m2/repository/org/glassfish/jersey/core/jersey-server/2.34/jersey-server-2.34.jar:/home/runner/.m2/repository/org/glassfish/jersey/core/jersey-client/2.34/jersey-client-2.34.jar:/home/runner/.m2/repository/jakarta/annotation/jakarta.annotation-api/1.3.5/jakarta.annotation-api-1.3.5.jar:/home/runner/.m2/repository/jakarta/validation/jakarta.validation-api/2.0.2/jakarta.validation-api-2.0.2.jar:/home/runner/.m2/repository/org/glassfish/jersey/media/jersey-media-json-jackson/2.34/jersey-media-json-jackson-2.34.jar:/home/runner/.m2/repository/org/glassfish/jersey/ext/jersey-entity-filtering/2.34/jersey-entity-filtering-2.34.jar:/home/runner/.m2/repository/org/jooq/jooq/3.11.10/jooq-3.11.10.jar:/home/runner/.m2/repository/org/jooq/jooq-meta/3.11.10/jooq-meta-3.11.10.jar:/home/runner/.m2/repository/org/jooq/jooq-codegen/3.11.10/jooq-codegen-3.11.10.jar:/home/runner/.m2/repository/com/jolbox/bonecp/0.8.0.RELEASE/bonecp-0.8.0.RELEASE.jar:/home/runner/.m2/repository/org/apache/derby/derby/10.14.2.0/derby-10.14.2.0.jar:/home/runner/.m2/repository/org/xerial/sqlite-jdbc/3.41.2.2/sqlite-jdbc-3.41.2.2.jar:/home/runner/.m2/repository/org/springframework/spring-jdbc/5.3.27/spring-jdbc-5.3.27.jar:/home/runner/.m2/repository/org/springframework/spring-beans/5.3.27/spring-beans-5.3.27.jar:/home/runner/.m2/repository/org/springframework/spring-core/5.3.27/spring-core-5.3.27.jar:/home/runner/.m2/repository/org/springframework/spring-tx/5.3.27/spring-tx-5.3.27.jar:/home/runner/.m2/repository/org/apache/ozone/ozone-client/1.4.0-SNAPSHOT/ozone-client-1.4.0-SNAPSHOT.jar:/home/runner/.m2/repository/org/apache/ozone/hdds-erasurecode/1.4.0-SNAPSHOT/hdds-erasurecode-1.4.0-SNAPSHOT.jar:/home/runner/.m2/repository/org/apache/ozone/ozone-filesystem/1.4.0-SNAPSHOT/ozone-filesystem-1.4.0-SNAPSHOT.jar:/home/runner/.m2/repository/org/apache/ozone/ozone-filesystem-common/1.4.0-SNAPSHOT/ozone-filesystem-common-1.4.0-SNAPSHOT.jar:/home/runner/.m2/repository/org/apache/ozone/ozone-tools/1.4.0-SNAPSHOT/ozone-tools-1.4.0-SNAPSHOT.jar:/home/runner/.m2/repository/com/amazonaws/aws-java-sdk-core/1.12.261/aws-java-sdk-core-1.12.261.jar:/home/runner/.m2/repository/org/apache/httpcomponents/httpclient/4.5.13/httpclient-4.5.13.jar:/home/runner/.m2/repository/org/apache/httpcomponents/httpcore/4.4.13/httpcore-4.4.13.jar:/home/runner/.m2/repository/software/amazon/ion/ion-java/1.0.2/ion-java-1.0.2.jar:/home/runner/.m2/repository/com/fasterxml/jackson/dataformat/jackson-dataformat-cbor/2.13.4/jackson-dataformat-cbor-2.13.4.jar:/home/runner/.m2/repository/joda-time/joda-time/2.10.6/joda-time-2.10.6.jar:/home/runner/.m2/repository/com/amazonaws/aws-java-sdk-s3/1.12.261/aws-java-sdk-s3-1.12.261.jar:/home/runner/.m2/repository/com/amazonaws/aws-java-sdk-kms/1.12.261/aws-java-sdk-kms-1.12.261.jar:/home/runner/.m2/repository/com/amazonaws/jmespath-java/1.12.261/jmespath-java-1.12.261.jar:/home/runner/.m2/repository/org/kohsuke/metainf-services/metainf-services/1.8/metainf-services-1.8.jar:/home/runner/.m2/repository/org/apache/ozone/hdds-tools/1.4.0-SNAPSHOT/hdds-tools-1.4.0-SNAPSHOT.jar:/home/runner/.m2/repository/org/apache/ratis/ratis-tools/2.5.1/ratis-tools-2.5.1.jar:/home/runner/.m2/repository/commons-cli/commons-cli/1.2/commons-cli-1.2.jar:/home/runner/.m2/repository/org/apache/commons/commons-lang3/3.7/commons-lang3-3.7.jar:/home/runner/.m2/repository/org/apache/ozone/ozone-manager/1.4.0-SNAPSHOT/ozone-manager-1.4.0-SNAPSHOT-tests.jar:/home/runner/.m2/repository/org/apache/ozone/hdds-common/1.4.0-SNAPSHOT/hdds-common-1.4.0-SNAPSHOT-tests.jar:/home/runner/.m2/repository/org/apache/ozone/hdds-hadoop-dependency-client/1.4.0-SNAPSHOT/hdds-hadoop-dependency-client-1.4.0-SNAPSHOT.jar:/home/runner/.m2/repository/info/picocli/picocli/4.6.1/picocli-4.6.1.jar:/home/runner/.m2/repository/com/fasterxml/jackson/core/jackson-annotations/2.13.4/jackson-annotations-2.13.4.jar:/home/runner/.m2/repository/org/apache/ozone/hdds-annotation-processing/1.4.0-SNAPSHOT/hdds-annotation-processing-1.4.0-SNAPSHOT.jar:/home/runner/.m2/repository/javax/annotation/javax.annotation-api/1.2/javax.annotation-api-1.2.jar:/home/runner/.m2/repository/org/apache/ratis/ratis-netty/2.5.1/ratis-netty-2.5.1.jar:/home/runner/.m2/repository/org/apache/ratis/ratis-grpc/2.5.1/ratis-grpc-2.5.1.jar:/home/runner/.m2/repository/org/apache/logging/log4j/log4j-api/2.17.1/log4j-api-2.17.1.jar:/home/runner/.m2/repository/org/apache/commons/commons-pool2/2.6.0/commons-pool2-2.6.0.jar:/home/runner/.m2/repository/org/bouncycastle/bcpkix-jdk15on/1.67/bcpkix-jdk15on-1.67.jar:/home/runner/.m2/repository/commons-validator/commons-validator/1.6/commons-validator-1.6.jar:/home/runner/.m2/repository/commons-beanutils/commons-beanutils/1.9.4/commons-beanutils-1.9.4.jar:/home/runner/.m2/repository/commons-digester/commons-digester/1.8.1/commons-digester-1.8.1.jar:/home/runner/.m2/repository/commons-collections/commons-collections/3.2.2/commons-collections-3.2.2.jar:/home/runner/.m2/repository/io/jaegertracing/jaeger-client/1.6.0/jaeger-client-1.6.0.jar:/home/runner/.m2/repository/io/jaegertracing/jaeger-thrift/1.6.0/jaeger-thrift-1.6.0.jar:/home/runner/.m2/repository/org/apache/thrift/libthrift/0.14.1/libthrift-0.14.1.jar:/home/runner/.m2/repository/io/jaegertracing/jaeger-core/1.6.0/jaeger-core-1.6.0.jar:/home/runner/.m2/repository/io/jaegertracing/jaeger-tracerresolver/1.6.0/jaeger-tracerresolver-1.6.0.jar:/home/runner/.m2/repository/io/opentracing/contrib/opentracing-tracerresolver/0.1.8/opentracing-tracerresolver-0.1.8.jar:/home/runner/.m2/repository/org/jetbrains/kotlin/kotlin-stdlib/1.6.21/kotlin-stdlib-1.6.21.jar:/home/runner/.m2/repository/org/jetbrains/annotations/13.0/annotations-13.0.jar:/home/runner/.m2/repository/io/opentracing/opentracing-util/0.33.0/opentracing-util-0.33.0.jar:/home/runner/.m2/repository/io/opentracing/opentracing-api/0.33.0/opentracing-api-0.33.0.jar:/home/runner/.m2/repository/io/opentracing/opentracing-noop/0.33.0/opentracing-noop-0.33.0.jar:/home/runner/.m2/repository/org/yaml/snakeyaml/2.0/snakeyaml-2.0.jar:/home/runner/.m2/repository/io/grpc/grpc-api/1.51.1/grpc-api-1.51.1.jar:/home/runner/.m2/repository/io/grpc/grpc-context/1.51.1/grpc-context-1.51.1.jar:/home/runner/.m2/repository/junit/junit/4.13.1/junit-4.13.1.jar:/home/runner/.m2/repository/org/hamcrest/hamcrest-core/1.3/hamcrest-core-1.3.jar:/home/runner/.m2/repository/org/junit/jupiter/junit-jupiter-api/5.8.2/junit-jupiter-api-5.8.2.jar:/home/runner/.m2/repository/org/opentest4j/opentest4j/1.2.0/opentest4j-1.2.0.jar:/home/runner/.m2/repository/org/junit/platform/junit-platform-commons/1.8.2/junit-platform-commons-1.8.2.jar:/home/runner/.m2/repository/org/apiguardian/apiguardian-api/1.1.2/apiguardian-api-1.1.2.jar:/home/runner/.m2/repository/org/junit/jupiter/junit-jupiter-params/5.8.2/junit-jupiter-params-5.8.2.jar:/home/runner/.m2/repository/org/junit/jupiter/junit-jupiter-migrationsupport/5.8.2/junit-jupiter-migrationsupport-5.8.2.jar:/home/runner/.m2/repository/org/junit/jupiter/junit-jupiter-engine/5.8.2/junit-jupiter-engine-5.8.2.jar:/home/runner/.m2/repository/org/junit/platform/junit-platform-engine/1.8.2/junit-platform-engine-1.8.2.jar:/home/runner/.m2/repository/org/junit/vintage/junit-vintage-engine/5.8.2/junit-vintage-engine-5.8.2.jar:/home/runner/.m2/repository/org/junit/platform/junit-platform-launcher/1.8.2/junit-platform-launcher-1.8.2.jar:/home/runner/.m2/repository/org/mockito/mockito-core/2.28.2/mockito-core-2.28.2.jar:/home/runner/.m2/repository/net/bytebuddy/byte-buddy/1.9.10/byte-buddy-1.9.10.jar:/home/runner/.m2/repository/net/bytebuddy/byte-buddy-agent/1.9.10/byte-buddy-agent-1.9.10.jar:/home/runner/.m2/repository/org/objenesis/objenesis/1.0/objenesis-1.0.jar:/home/runner/.m2/repository/org/apache/hadoop/hadoop-kms/3.3.5/hadoop-kms-3.3.5.jar:/home/runner/.m2/repository/org/apache/hadoop/hadoop-auth/3.3.5/hadoop-auth-3.3.5.jar:/home/runner/.m2/repository/com/nimbusds/nimbus-jose-jwt/9.8.1/nimbus-jose-jwt-9.8.1.jar:/home/runner/.m2/repository/com/github/stephenc/jcip/jcip-annotations/1.0-1/jcip-annotations-1.0-1.jar:/home/runner/.m2/repository/net/minidev/json-smart/2.4.7/json-smart-2.4.7.jar:/home/runner/.m2/repository/net/minidev/accessors-smart/2.4.7/accessors-smart-2.4.7.jar:/home/runner/.m2/repository/org/ow2/asm/asm/5.0.4/asm-5.0.4.jar:/home/runner/.m2/repository/org/apache/zookeeper/zookeeper/3.5.6/zookeeper-3.5.6.jar:/home/runner/.m2/repository/org/apache/zookeeper/zookeeper-jute/3.5.6/zookeeper-jute-3.5.6.jar:/home/runner/.m2/repository/org/apache/yetus/audience-annotations/0.5.0/audience-annotations-0.5.0.jar:/home/runner/.m2/repository/org/apache/curator/curator-framework/4.2.0/curator-framework-4.2.0.jar:/home/runner/.m2/repository/org/apache/hadoop/thirdparty/hadoop-shaded-guava/1.1.1/hadoop-shaded-guava-1.1.1.jar:/home/runner/.m2/repository/com/sun/jersey/jersey-core/1.19/jersey-core-1.19.jar:/home/runner/.m2/repository/javax/ws/rs/jsr311-api/1.1.1/jsr311-api-1.1.1.jar:/home/runner/.m2/repository/com/sun/jersey/jersey-server/1.19/jersey-server-1.19.jar:/home/runner/.m2/repository/javax/servlet/javax.servlet-api/3.1.0/javax.servlet-api-3.1.0.jar:/home/runner/.m2/repository/org/apache/hadoop/hadoop-common/3.3.5/hadoop-common-3.3.5.jar:/home/runner/.m2/repository/org/apache/commons/commons-math3/3.1.1/commons-math3-3.1.1.jar:/home/runner/.m2/repository/commons-net/commons-net/3.9.0/commons-net-3.9.0.jar:/home/runner/.m2/repository/com/sun/jersey/jersey-servlet/1.19/jersey-servlet-1.19.jar:/home/runner/.m2/repository/com/github/pjfanning/jersey-json/1.20/jersey-json-1.20.jar:/home/runner/.m2/repository/org/codehaus/jettison/jettison/1.1/jettison-1.1.jar:/home/runner/.m2/repository/com/sun/xml/bind/jaxb-impl/2.2.3-1/jaxb-impl-2.2.3-1.jar:/home/runner/.m2/repository/com/google/re2j/re2j/1.1/re2j-1.1.jar:/home/runner/.m2/repository/com/jcraft/jsch/0.1.54/jsch-0.1.54.jar:/home/runner/.m2/repository/org/apache/curator/curator-client/4.2.0/curator-client-4.2.0.jar:/home/runner/.m2/repository/org/apache/curator/curator-recipes/4.2.0/curator-recipes-4.2.0.jar:/home/runner/.m2/repository/org/apache/kerby/kerb-core/1.0.1/kerb-core-1.0.1.jar:/home/runner/.m2/repository/org/apache/kerby/kerby-pkix/1.0.1/kerby-pkix-1.0.1.jar:/home/runner/.m2/repository/org/apache/kerby/kerby-asn1/1.0.1/kerby-asn1-1.0.1.jar:/home/runner/.m2/repository/org/apache/kerby/kerby-util/1.0.1/kerby-util-1.0.1.jar:/home/runner/.m2/repository/dnsjava/dnsjava/2.1.7/dnsjava-2.1.7.jar:/home/runner/.m2/repository/org/xerial/snappy/snappy-java/1.1.8.2/snappy-java-1.1.8.2.jar:/home/runner/.m2/repository/com/fasterxml/jackson/core/jackson-databind/2.13.4.2/jackson-databind-2.13.4.2.jar:/home/runner/.m2/repository/org/apache/hadoop/hadoop-kms/3.3.5/hadoop-kms-3.3.5-tests.jar:/home/runner/.m2/repository/org/apache/ozone/hdds-server-scm/1.4.0-SNAPSHOT/hdds-server-scm-1.4.0-SNAPSHOT-tests.jar:/home/runner/.m2/repository/org/apache/ozone/hdds-container-service/1.4.0-SNAPSHOT/hdds-container-service-1.4.0-SNAPSHOT-tests.jar:/home/runner/.m2/repository/com/github/luben/zstd-jni/1.5.2-5/zstd-jni-1.5.2-5.jar:/home/runner/.m2/repository/commons-codec/commons-codec/1.15/commons-codec-1.15.jar:/home/runner/.m2/repository/io/netty/netty-codec/4.1.86.Final/netty-codec-4.1.86.Final.jar:/home/runner/.m2/repository/io/netty/netty-handler/4.1.86.Final/netty-handler-4.1.86.Final.jar:/home/runner/.m2/repository/org/apache/ozone/hdds-hadoop-dependency-test/1.4.0-SNAPSHOT/hdds-hadoop-dependency-test-1.4.0-SNAPSHOT.jar:/home/runner/.m2/repository/org/apache/hadoop/hadoop-common/3.3.5/hadoop-common-3.3.5-tests.jar:/home/runner/.m2/repository/org/apache/hadoop/hadoop-hdfs/3.3.5/hadoop-hdfs-3.3.5-tests.jar:/home/runner/.m2/repository/org/assertj/assertj-core/3.12.2/assertj-core-3.12.2.jar:/home/runner/.m2/repository/org/apache/hadoop/hadoop-distcp/3.3.5/hadoop-distcp-3.3.5.jar:/home/runner/.m2/repository/org/apache/hadoop/hadoop-mapreduce-client-jobclient/3.3.5/hadoop-mapreduce-client-jobclient-3.3.5.jar:/home/runner/.m2/repository/org/apache/hadoop/hadoop-mapreduce-client-common/3.3.5/hadoop-mapreduce-client-common-3.3.5.jar:/home/runner/.m2/repository/org/apache/hadoop/hadoop-yarn-common/3.3.5/hadoop-yarn-common-3.3.5.jar:/home/runner/.m2/repository/org/apache/hadoop/hadoop-yarn-api/3.3.5/hadoop-yarn-api-3.3.5.jar:/home/runner/.m2/repository/com/sun/jersey/contribs/jersey-guice/1.19/jersey-guice-1.19.jar:/home/runner/.m2/repository/com/fasterxml/jackson/jaxrs/jackson-jaxrs-json-provider/2.13.4/jackson-jaxrs-json-provider-2.13.4.jar:/home/runner/.m2/repository/com/fasterxml/jackson/jaxrs/jackson-jaxrs-base/2.13.4/jackson-jaxrs-base-2.13.4.jar:/home/runner/.m2/repository/org/apache/hadoop/hadoop-yarn-client/3.3.5/hadoop-yarn-client-3.3.5.jar:/home/runner/.m2/repository/org/eclipse/jetty/websocket/websocket-client/9.4.48.v20220622/websocket-client-9.4.48.v20220622.jar:/home/runner/.m2/repository/org/eclipse/jetty/websocket/websocket-common/9.4.48.v20220622/websocket-common-9.4.48.v20220622.jar:/home/runner/.m2/repository/org/eclipse/jetty/websocket/websocket-api/9.4.48.v20220622/websocket-api-9.4.48.v20220622.jar:/home/runner/.m2/repository/org/jline/jline/3.9.0/jline-3.9.0.jar:/home/runner/.m2/repository/org/apache/hadoop/hadoop-mapreduce-client-core/3.3.5/hadoop-mapreduce-client-core-3.3.5.jar:/home/runner/.m2/repository/org/apache/avro/avro/1.7.7/avro-1.7.7.jar:/home/runner/.m2/repository/com/thoughtworks/paranamer/paranamer/2.3/paranamer-2.3.jar:/home/runner/.m2/repository/org/apache/hadoop/hadoop-annotations/3.3.5/hadoop-annotations-3.3.5.jar:/usr/lib/jvm/temurin-8-jdk-amd64/jre/../lib/tools.jar:/home/runner/.m2/repository/io/netty/netty/3.10.6.Final/netty-3.10.6.Final.jar:/home/runner/.m2/repository/org/apache/hadoop/hadoop-distcp/3.3.5/hadoop-distcp-3.3.5-tests.jar:/home/runner/.m2/repository/org/slf4j/jul-to-slf4j/1.7.36/jul-to-slf4j-1.7.36.jar:"/>
    <property name="java.vm.vendor" value="Temurin"/>
    <property name="sun.arch.data.model" value="64"/>
    <property name="test.build.dir" value="/home/runner/work/ozone/ozone/hadoop-ozone/integration-test/target/test-dir"/>
    <property name="test.cache.data" value=""/>
    <property name="java.vendor.url" value="https://adoptium.net/"/>
    <property name="user.timezone" value="Etc/UTC"/>
    <property name="java.vm.specification.version" value="1.8"/>
    <property name="os.name" value="Linux"/>
    <property name="test.build.data" value="/home/runner/work/ozone/ozone/hadoop-ozone/integration-test/target/test-dir"/>
    <property name="sun.java.launcher" value="SUN_STANDARD"/>
    <property name="sun.boot.library.path" value="/usr/lib/jvm/temurin-8-jdk-amd64/jre/lib/amd64"/>
    <property name="sun.java.command" value="/home/runner/work/ozone/ozone/hadoop-ozone/integration-test/target/surefire/surefirebooter6291642905719857918.jar /home/runner/work/ozone/ozone/hadoop-ozone/integration-test/target/surefire 2023-06-06T13-33-34_696-jvmRun1 surefire1152393013794071767tmp surefire_585117061989003616220tmp"/>
    <property name="surefire.test.class.path" value="/home/runner/work/ozone/ozone/hadoop-ozone/integration-test/target/test-classes:/home/runner/work/ozone/ozone/hadoop-ozone/integration-test/target/classes:/home/runner/.m2/repository/org/apache/ozone/ozone-common/1.4.0-SNAPSHOT/ozone-common-1.4.0-SNAPSHOT.jar:/home/runner/.m2/repository/io/grpc/grpc-netty/1.51.1/grpc-netty-1.51.1.jar:/home/runner/.m2/repository/io/grpc/grpc-core/1.51.1/grpc-core-1.51.1.jar:/home/runner/.m2/repository/com/google/android/annotations/4.1.1.4/annotations-4.1.1.4.jar:/home/runner/.m2/repository/org/codehaus/mojo/animal-sniffer-annotations/1.21/animal-sniffer-annotations-1.21.jar:/home/runner/.m2/repository/com/google/errorprone/error_prone_annotations/2.2.0/error_prone_annotations-2.2.0.jar:/home/runner/.m2/repository/io/perfmark/perfmark-api/0.25.0/perfmark-api-0.25.0.jar:/home/runner/.m2/repository/io/netty/netty-codec-http2/4.1.86.Final/netty-codec-http2-4.1.86.Final.jar:/home/runner/.m2/repository/io/netty/netty-common/4.1.86.Final/netty-common-4.1.86.Final.jar:/home/runner/.m2/repository/io/netty/netty-buffer/4.1.86.Final/netty-buffer-4.1.86.Final.jar:/home/runner/.m2/repository/io/netty/netty-codec-http/4.1.86.Final/netty-codec-http-4.1.86.Final.jar:/home/runner/.m2/repository/io/netty/netty-handler-proxy/4.1.86.Final/netty-handler-proxy-4.1.86.Final.jar:/home/runner/.m2/repository/io/netty/netty-codec-socks/4.1.86.Final/netty-codec-socks-4.1.86.Final.jar:/home/runner/.m2/repository/io/netty/netty-tcnative-boringssl-static/2.0.54.Final/netty-tcnative-boringssl-static-2.0.54.Final.jar:/home/runner/.m2/repository/io/netty/netty-tcnative-classes/2.0.54.Final/netty-tcnative-classes-2.0.54.Final.jar:/home/runner/.m2/repository/io/netty/netty-tcnative-boringssl-static/2.0.54.Final/netty-tcnative-boringssl-static-2.0.54.Final-linux-x86_64.jar:/home/runner/.m2/repository/io/netty/netty-tcnative-boringssl-static/2.0.54.Final/netty-tcnative-boringssl-static-2.0.54.Final-linux-aarch_64.jar:/home/runner/.m2/repository/io/netty/netty-tcnative-boringssl-static/2.0.54.Final/netty-tcnative-boringssl-static-2.0.54.Final-osx-x86_64.jar:/home/runner/.m2/repository/io/netty/netty-tcnative-boringssl-static/2.0.54.Final/netty-tcnative-boringssl-static-2.0.54.Final-osx-aarch_64.jar:/home/runner/.m2/repository/io/netty/netty-tcnative-boringssl-static/2.0.54.Final/netty-tcnative-boringssl-static-2.0.54.Final-windows-x86_64.jar:/home/runner/.m2/repository/org/apache/commons/commons-compress/1.21/commons-compress-1.21.jar:/home/runner/.m2/repository/org/apache/ozone/hdds-common/1.4.0-SNAPSHOT/hdds-common-1.4.0-SNAPSHOT.jar:/home/runner/.m2/repository/org/apache/ozone/hdds-client/1.4.0-SNAPSHOT/hdds-client-1.4.0-SNAPSHOT.jar:/home/runner/.m2/repository/org/apache/ozone/ozone-interface-client/1.4.0-SNAPSHOT/ozone-interface-client-1.4.0-SNAPSHOT.jar:/home/runner/.m2/repository/org/apache/hadoop/hadoop-hdfs-client/3.3.5/hadoop-hdfs-client-3.3.5.jar:/home/runner/.m2/repository/com/squareup/okhttp3/okhttp/4.9.3/okhttp-4.9.3.jar:/home/runner/.m2/repository/com/squareup/okio/okio/2.8.0/okio-2.8.0.jar:/home/runner/.m2/repository/org/jetbrains/kotlin/kotlin-stdlib-common/1.6.21/kotlin-stdlib-common-1.6.21.jar:/home/runner/.m2/repository/org/apache/ozone/hdds-test-utils/1.4.0-SNAPSHOT/hdds-test-utils-1.4.0-SNAPSHOT.jar:/home/runner/.m2/repository/com/google/guava/guava/31.1-jre/guava-31.1-jre.jar:/home/runner/.m2/repository/com/google/guava/failureaccess/1.0.1/failureaccess-1.0.1.jar:/home/runner/.m2/repository/com/google/guava/listenablefuture/9999.0-empty-to-avoid-conflict-with-guava/listenablefuture-9999.0-empty-to-avoid-conflict-with-guava.jar:/home/runner/.m2/repository/com/google/code/findbugs/jsr305/3.0.0/jsr305-3.0.0.jar:/home/runner/.m2/repository/org/checkerframework/checker-qual/3.12.0/checker-qual-3.12.0.jar:/home/runner/.m2/repository/com/google/j2objc/j2objc-annotations/1.3/j2objc-annotations-1.3.jar:/home/runner/.m2/repository/commons-io/commons-io/2.11.0/commons-io-2.11.0.jar:/home/runner/.m2/repository/commons-logging/commons-logging/1.2/commons-logging-1.2.jar:/home/runner/.m2/repository/ch/qos/reload4j/reload4j/1.2.22/reload4j-1.2.22.jar:/home/runner/.m2/repository/org/slf4j/slf4j-api/1.7.36/slf4j-api-1.7.36.jar:/home/runner/.m2/repository/org/apache/ozone/hdds-server-scm/1.4.0-SNAPSHOT/hdds-server-scm-1.4.0-SNAPSHOT.jar:/home/runner/.m2/repository/org/apache/ozone/hdds-container-service/1.4.0-SNAPSHOT/hdds-container-service-1.4.0-SNAPSHOT.jar:/home/runner/.m2/repository/org/apache/ozone/hdds-hadoop-dependency-server/1.4.0-SNAPSHOT/hdds-hadoop-dependency-server-1.4.0-SNAPSHOT.jar:/home/runner/.m2/repository/org/apache/hadoop/hadoop-hdfs/3.3.5/hadoop-hdfs-3.3.5.jar:/home/runner/.m2/repository/commons-daemon/commons-daemon/1.0.13/commons-daemon-1.0.13.jar:/home/runner/.m2/repository/org/apache/ozone/hdds-server-framework/1.4.0-SNAPSHOT/hdds-server-framework-1.4.0-SNAPSHOT.jar:/home/runner/.m2/repository/io/dropwizard/metrics/metrics-core/3.2.4/metrics-core-3.2.4.jar:/home/runner/.m2/repository/org/apache/commons/commons-text/1.4/commons-text-1.4.jar:/home/runner/.m2/repository/org/bouncycastle/bcprov-jdk15on/1.67/bcprov-jdk15on-1.67.jar:/home/runner/.m2/repository/com/google/protobuf/protobuf-java/2.5.0/protobuf-java-2.5.0.jar:/home/runner/.m2/repository/org/apache/ozone/hdds-server-framework/1.4.0-SNAPSHOT/hdds-server-framework-1.4.0-SNAPSHOT-tests.jar:/home/runner/.m2/repository/org/apache/ozone/hdds-interface-server/1.4.0-SNAPSHOT/hdds-interface-server-1.4.0-SNAPSHOT.jar:/home/runner/.m2/repository/org/apache/ozone/hdds-interface-admin/1.4.0-SNAPSHOT/hdds-interface-admin-1.4.0-SNAPSHOT.jar:/home/runner/.m2/repository/org/apache/ozone/hdds-managed-rocksdb/1.4.0-SNAPSHOT/hdds-managed-rocksdb-1.4.0-SNAPSHOT.jar:/home/runner/.m2/repository/org/rocksdb/rocksdbjni/7.7.3/rocksdbjni-7.7.3.jar:/home/runner/.m2/repository/org/slf4j/slf4j-reload4j/1.7.36/slf4j-reload4j-1.7.36.jar:/home/runner/.m2/repository/org/apache/commons/commons-configuration2/2.1.1/commons-configuration2-2.1.1.jar:/home/runner/.m2/repository/org/apache/logging/log4j/log4j-core/2.17.1/log4j-core-2.17.1.jar:/home/runner/.m2/repository/com/lmax/disruptor/3.4.2/disruptor-3.4.2.jar:/home/runner/.m2/repository/org/eclipse/jetty/jetty-util/9.4.51.v20230217/jetty-util-9.4.51.v20230217.jar:/home/runner/.m2/repository/org/eclipse/jetty/jetty-server/9.4.51.v20230217/jetty-server-9.4.51.v20230217.jar:/home/runner/.m2/repository/org/eclipse/jetty/jetty-http/9.4.51.v20230217/jetty-http-9.4.51.v20230217.jar:/home/runner/.m2/repository/org/eclipse/jetty/jetty-io/9.4.51.v20230217/jetty-io-9.4.51.v20230217.jar:/home/runner/.m2/repository/org/eclipse/jetty/jetty-servlet/9.4.51.v20230217/jetty-servlet-9.4.51.v20230217.jar:/home/runner/.m2/repository/org/eclipse/jetty/jetty-security/9.4.51.v20230217/jetty-security-9.4.51.v20230217.jar:/home/runner/.m2/repository/org/eclipse/jetty/jetty-util-ajax/9.4.51.v20230217/jetty-util-ajax-9.4.51.v20230217.jar:/home/runner/.m2/repository/org/eclipse/jetty/jetty-webapp/9.4.51.v20230217/jetty-webapp-9.4.51.v20230217.jar:/home/runner/.m2/repository/org/eclipse/jetty/jetty-xml/9.4.51.v20230217/jetty-xml-9.4.51.v20230217.jar:/home/runner/.m2/repository/org/apache/ratis/ratis-server/2.5.1/ratis-server-2.5.1.jar:/home/runner/.m2/repository/org/apache/ratis/ratis-thirdparty-misc/1.0.4/ratis-thirdparty-misc-1.0.4.jar:/home/runner/.m2/repository/org/apache/ratis/ratis-proto/2.5.1/ratis-proto-2.5.1.jar:/home/runner/.m2/repository/org/apache/ratis/ratis-common/2.5.1/ratis-common-2.5.1.jar:/home/runner/.m2/repository/org/apache/ratis/ratis-client/2.5.1/ratis-client-2.5.1.jar:/home/runner/.m2/repository/org/apache/ratis/ratis-server-api/2.5.1/ratis-server-api-2.5.1.jar:/home/runner/.m2/repository/org/apache/ratis/ratis-metrics/2.5.1/ratis-metrics-2.5.1.jar:/home/runner/.m2/repository/io/prometheus/simpleclient_dropwizard/0.7.0/simpleclient_dropwizard-0.7.0.jar:/home/runner/.m2/repository/io/prometheus/simpleclient/0.7.0/simpleclient-0.7.0.jar:/home/runner/.m2/repository/io/prometheus/simpleclient_common/0.7.0/simpleclient_common-0.7.0.jar:/home/runner/.m2/repository/com/fasterxml/jackson/datatype/jackson-datatype-jsr310/2.13.4/jackson-datatype-jsr310-2.13.4.jar:/home/runner/.m2/repository/com/fasterxml/jackson/core/jackson-core/2.13.4/jackson-core-2.13.4.jar:/home/runner/.m2/repository/com/github/spotbugs/spotbugs-annotations/3.1.12/spotbugs-annotations-3.1.12.jar:/home/runner/.m2/repository/org/apache/ozone/rocksdb-checkpoint-differ/1.4.0-SNAPSHOT/rocksdb-checkpoint-differ-1.4.0-SNAPSHOT.jar:/home/runner/.m2/repository/org/awaitility/awaitility/4.2.0/awaitility-4.2.0.jar:/home/runner/.m2/repository/org/hamcrest/hamcrest/2.1/hamcrest-2.1.jar:/home/runner/.m2/repository/org/apache/ozone/ozone-manager/1.4.0-SNAPSHOT/ozone-manager-1.4.0-SNAPSHOT.jar:/home/runner/.m2/repository/org/aspectj/aspectjrt/1.9.7/aspectjrt-1.9.7.jar:/home/runner/.m2/repository/org/aspectj/aspectjweaver/1.9.7/aspectjweaver-1.9.7.jar:/home/runner/.m2/repository/org/apache/ozone/hdds-interface-client/1.4.0-SNAPSHOT/hdds-interface-client-1.4.0-SNAPSHOT.jar:/home/runner/.m2/repository/org/apache/hadoop/thirdparty/hadoop-shaded-protobuf_3_7/1.1.1/hadoop-shaded-protobuf_3_7-1.1.1.jar:/home/runner/.m2/repository/org/apache/ozone/ozone-interface-storage/1.4.0-SNAPSHOT/ozone-interface-storage-1.4.0-SNAPSHOT.jar:/home/runner/.m2/repository/org/reflections/reflections/0.9.11/reflections-0.9.11.jar:/home/runner/.m2/repository/com/sun/jersey/jersey-client/1.19/jersey-client-1.19.jar:/home/runner/.m2/repository/org/codehaus/jackson/jackson-core-asl/1.9.13/jackson-core-asl-1.9.13.jar:/home/runner/.m2/repository/org/codehaus/jackson/jackson-mapper-asl/1.9.13/jackson-mapper-asl-1.9.13.jar:/home/runner/.m2/repository/org/codehaus/jackson/jackson-jaxrs/1.9.13/jackson-jaxrs-1.9.13.jar:/home/runner/.m2/repository/org/apache/ranger/ranger-intg/2.3.0/ranger-intg-2.3.0.jar:/home/runner/.m2/repository/org/apache/ranger/ranger-plugins-common/2.3.0/ranger-plugins-common-2.3.0.jar:/home/runner/.m2/repository/commons-lang/commons-lang/2.6/commons-lang-2.6.jar:/home/runner/.m2/repository/org/apache/ranger/ranger-plugins-cred/2.3.0/ranger-plugins-cred-2.3.0.jar:/home/runner/.m2/repository/org/apache/ranger/ranger-plugins-audit/2.3.0/ranger-plugins-audit-2.3.0.jar:/home/runner/.m2/repository/org/eclipse/jetty/jetty-client/9.4.51.v20230217/jetty-client-9.4.51.v20230217.jar:/home/runner/.m2/repository/org/apache/httpcomponents/httpmime/4.5.6/httpmime-4.5.6.jar:/home/runner/.m2/repository/org/apache/httpcomponents/httpcore-nio/4.4.13/httpcore-nio-4.4.13.jar:/home/runner/.m2/repository/org/apache/httpcomponents/httpasyncclient/4.1.3/httpasyncclient-4.1.3.jar:/home/runner/.m2/repository/com/carrotsearch/hppc/0.8.0/hppc-0.8.0.jar:/home/runner/.m2/repository/org/apache/orc/orc-core/1.5.8/orc-core-1.5.8.jar:/home/runner/.m2/repository/net/java/dev/jna/jna/5.2.0/jna-5.2.0.jar:/home/runner/.m2/repository/net/java/dev/jna/jna-platform/5.2.0/jna-platform-5.2.0.jar:/home/runner/.m2/repository/com/kstruct/gethostname4j/0.0.2/gethostname4j-0.0.2.jar:/home/runner/.m2/repository/org/apache/ranger/ranger-plugin-classloader/2.3.0/ranger-plugin-classloader-2.3.0.jar:/home/runner/.m2/repository/org/apache/ozone/hdds-rocks-native/1.4.0-SNAPSHOT/hdds-rocks-native-1.4.0-SNAPSHOT.jar:/home/runner/.m2/repository/org/apache/hadoop/hadoop-minikdc/3.3.5/hadoop-minikdc-3.3.5.jar:/home/runner/.m2/repository/org/apache/kerby/kerb-simplekdc/1.0.1/kerb-simplekdc-1.0.1.jar:/home/runner/.m2/repository/org/apache/kerby/kerb-client/1.0.1/kerb-client-1.0.1.jar:/home/runner/.m2/repository/org/apache/kerby/kerby-config/1.0.1/kerby-config-1.0.1.jar:/home/runner/.m2/repository/org/apache/kerby/kerb-common/1.0.1/kerb-common-1.0.1.jar:/home/runner/.m2/repository/org/apache/kerby/kerb-crypto/1.0.1/kerb-crypto-1.0.1.jar:/home/runner/.m2/repository/org/apache/kerby/kerb-util/1.0.1/kerb-util-1.0.1.jar:/home/runner/.m2/repository/org/apache/kerby/token-provider/1.0.1/token-provider-1.0.1.jar:/home/runner/.m2/repository/org/apache/kerby/kerb-admin/1.0.1/kerb-admin-1.0.1.jar:/home/runner/.m2/repository/org/apache/kerby/kerb-server/1.0.1/kerb-server-1.0.1.jar:/home/runner/.m2/repository/org/apache/kerby/kerb-identity/1.0.1/kerb-identity-1.0.1.jar:/home/runner/.m2/repository/org/apache/kerby/kerby-xdr/1.0.1/kerby-xdr-1.0.1.jar:/home/runner/.m2/repository/org/apache/ozone/ozone-s3gateway/1.4.0-SNAPSHOT/ozone-s3gateway-1.4.0-SNAPSHOT.jar:/home/runner/.m2/repository/org/javassist/javassist/3.21.0-GA/javassist-3.21.0-GA.jar:/home/runner/.m2/repository/org/jboss/weld/servlet/weld-servlet-shaded/3.1.9.Final/weld-servlet-shaded-3.1.9.Final.jar:/home/runner/.m2/repository/org/glassfish/jersey/containers/jersey-container-servlet-core/2.34/jersey-container-servlet-core-2.34.jar:/home/runner/.m2/repository/org/glassfish/hk2/external/jakarta.inject/2.6.1/jakarta.inject-2.6.1.jar:/home/runner/.m2/repository/org/glassfish/jersey/core/jersey-common/2.34/jersey-common-2.34.jar:/home/runner/.m2/repository/jakarta/ws/rs/jakarta.ws.rs-api/2.1.6/jakarta.ws.rs-api-2.1.6.jar:/home/runner/.m2/repository/org/glassfish/jersey/ext/cdi/jersey-cdi1x/2.34/jersey-cdi1x-2.34.jar:/home/runner/.m2/repository/org/glassfish/jersey/inject/jersey-hk2/2.34/jersey-hk2-2.34.jar:/home/runner/.m2/repository/org/glassfish/hk2/hk2-locator/2.6.1/hk2-locator-2.6.1.jar:/home/runner/.m2/repository/org/glassfish/jersey/media/jersey-media-jaxb/2.34/jersey-media-jaxb-2.34.jar:/home/runner/.m2/repository/org/glassfish/hk2/osgi-resource-locator/1.0.3/osgi-resource-locator-1.0.3.jar:/home/runner/.m2/repository/org/glassfish/hk2/hk2-api/2.5.0/hk2-api-2.5.0.jar:/home/runner/.m2/repository/org/glassfish/hk2/hk2-utils/2.5.0/hk2-utils-2.5.0.jar:/home/runner/.m2/repository/org/glassfish/hk2/external/aopalliance-repackaged/2.5.0/aopalliance-repackaged-2.5.0.jar:/home/runner/.m2/repository/com/fasterxml/jackson/dataformat/jackson-dataformat-xml/2.13.4/jackson-dataformat-xml-2.13.4.jar:/home/runner/.m2/repository/org/codehaus/woodstox/stax2-api/4.2.1/stax2-api-4.2.1.jar:/home/runner/.m2/repository/com/fasterxml/woodstox/woodstox-core/5.4.0/woodstox-core-5.4.0.jar:/home/runner/.m2/repository/com/fasterxml/jackson/module/jackson-module-jaxb-annotations/2.13.4/jackson-module-jaxb-annotations-2.13.4.jar:/home/runner/.m2/repository/jakarta/xml/bind/jakarta.xml.bind-api/2.3.3/jakarta.xml.bind-api-2.3.3.jar:/home/runner/.m2/repository/jakarta/activation/jakarta.activation-api/1.2.2/jakarta.activation-api-1.2.2.jar:/home/runner/.m2/repository/javax/enterprise/cdi-api/2.0/cdi-api-2.0.jar:/home/runner/.m2/repository/javax/el/javax.el-api/3.0.0/javax.el-api-3.0.0.jar:/home/runner/.m2/repository/javax/interceptor/javax.interceptor-api/1.2/javax.interceptor-api-1.2.jar:/home/runner/.m2/repository/javax/inject/javax.inject/1/javax.inject-1.jar:/home/runner/.m2/repository/javax/xml/bind/jaxb-api/2.3.0/jaxb-api-2.3.0.jar:/home/runner/.m2/repository/org/glassfish/jaxb/jaxb-runtime/2.3.0.1/jaxb-runtime-2.3.0.1.jar:/home/runner/.m2/repository/org/glassfish/jaxb/jaxb-core/2.3.0.1/jaxb-core-2.3.0.1.jar:/home/runner/.m2/repository/org/glassfish/jaxb/txw2/2.3.0.1/txw2-2.3.0.1.jar:/home/runner/.m2/repository/com/sun/istack/istack-commons-runtime/3.0.5/istack-commons-runtime-3.0.5.jar:/home/runner/.m2/repository/org/jvnet/staxex/stax-ex/1.7.8/stax-ex-1.7.8.jar:/home/runner/.m2/repository/com/sun/xml/fastinfoset/FastInfoset/1.2.13/FastInfoset-1.2.13.jar:/home/runner/.m2/repository/javax/activation/activation/1.1.1/activation-1.1.1.jar:/home/runner/.m2/repository/io/grpc/grpc-protobuf/1.51.1/grpc-protobuf-1.51.1.jar:/home/runner/.m2/repository/com/google/api/grpc/proto-google-common-protos/2.9.0/proto-google-common-protos-2.9.0.jar:/home/runner/.m2/repository/io/grpc/grpc-protobuf-lite/1.51.1/grpc-protobuf-lite-1.51.1.jar:/home/runner/.m2/repository/io/grpc/grpc-stub/1.51.1/grpc-stub-1.51.1.jar:/home/runner/.m2/repository/io/netty/netty-transport/4.1.86.Final/netty-transport-4.1.86.Final.jar:/home/runner/.m2/repository/io/netty/netty-resolver/4.1.86.Final/netty-resolver-4.1.86.Final.jar:/home/runner/.m2/repository/org/apache/ozone/ozone-csi/1.4.0-SNAPSHOT/ozone-csi-1.4.0-SNAPSHOT.jar:/home/runner/.m2/repository/com/google/protobuf/protobuf-java-util/3.19.6/protobuf-java-util-3.19.6.jar:/home/runner/.m2/repository/com/google/code/gson/gson/2.9.0/gson-2.9.0.jar:/home/runner/.m2/repository/org/apache/ozone/hdds-config/1.4.0-SNAPSHOT/hdds-config-1.4.0-SNAPSHOT.jar:/home/runner/.m2/repository/io/netty/netty-transport-native-epoll/4.1.86.Final/netty-transport-native-epoll-4.1.86.Final-linux-x86_64.jar:/home/runner/.m2/repository/io/netty/netty-transport-classes-epoll/4.1.86.Final/netty-transport-classes-epoll-4.1.86.Final.jar:/home/runner/.m2/repository/io/netty/netty-transport-native-unix-common/4.1.86.Final/netty-transport-native-unix-common-4.1.86.Final.jar:/home/runner/.m2/repository/org/apache/ozone/ozone-recon/1.4.0-SNAPSHOT/ozone-recon-1.4.0-SNAPSHOT.jar:/home/runner/.m2/repository/org/apache/ozone/ozone-reconcodegen/1.4.0-SNAPSHOT/ozone-reconcodegen-1.4.0-SNAPSHOT.jar:/home/runner/.m2/repository/com/google/inject/guice/5.1.0/guice-5.1.0.jar:/home/runner/.m2/repository/aopalliance/aopalliance/1.0/aopalliance-1.0.jar:/home/runner/.m2/repository/com/google/inject/extensions/guice-assistedinject/5.1.0/guice-assistedinject-5.1.0.jar:/home/runner/.m2/repository/com/google/inject/extensions/guice-servlet/5.1.0/guice-servlet-5.1.0.jar:/home/runner/.m2/repository/org/glassfish/jersey/containers/jersey-container-servlet/2.34/jersey-container-servlet-2.34.jar:/home/runner/.m2/repository/org/glassfish/hk2/guice-bridge/2.5.0/guice-bridge-2.5.0.jar:/home/runner/.m2/repository/org/glassfish/jersey/core/jersey-server/2.34/jersey-server-2.34.jar:/home/runner/.m2/repository/org/glassfish/jersey/core/jersey-client/2.34/jersey-client-2.34.jar:/home/runner/.m2/repository/jakarta/annotation/jakarta.annotation-api/1.3.5/jakarta.annotation-api-1.3.5.jar:/home/runner/.m2/repository/jakarta/validation/jakarta.validation-api/2.0.2/jakarta.validation-api-2.0.2.jar:/home/runner/.m2/repository/org/glassfish/jersey/media/jersey-media-json-jackson/2.34/jersey-media-json-jackson-2.34.jar:/home/runner/.m2/repository/org/glassfish/jersey/ext/jersey-entity-filtering/2.34/jersey-entity-filtering-2.34.jar:/home/runner/.m2/repository/org/jooq/jooq/3.11.10/jooq-3.11.10.jar:/home/runner/.m2/repository/org/jooq/jooq-meta/3.11.10/jooq-meta-3.11.10.jar:/home/runner/.m2/repository/org/jooq/jooq-codegen/3.11.10/jooq-codegen-3.11.10.jar:/home/runner/.m2/repository/com/jolbox/bonecp/0.8.0.RELEASE/bonecp-0.8.0.RELEASE.jar:/home/runner/.m2/repository/org/apache/derby/derby/10.14.2.0/derby-10.14.2.0.jar:/home/runner/.m2/repository/org/xerial/sqlite-jdbc/3.41.2.2/sqlite-jdbc-3.41.2.2.jar:/home/runner/.m2/repository/org/springframework/spring-jdbc/5.3.27/spring-jdbc-5.3.27.jar:/home/runner/.m2/repository/org/springframework/spring-beans/5.3.27/spring-beans-5.3.27.jar:/home/runner/.m2/repository/org/springframework/spring-core/5.3.27/spring-core-5.3.27.jar:/home/runner/.m2/repository/org/springframework/spring-tx/5.3.27/spring-tx-5.3.27.jar:/home/runner/.m2/repository/org/apache/ozone/ozone-client/1.4.0-SNAPSHOT/ozone-client-1.4.0-SNAPSHOT.jar:/home/runner/.m2/repository/org/apache/ozone/hdds-erasurecode/1.4.0-SNAPSHOT/hdds-erasurecode-1.4.0-SNAPSHOT.jar:/home/runner/.m2/repository/org/apache/ozone/ozone-filesystem/1.4.0-SNAPSHOT/ozone-filesystem-1.4.0-SNAPSHOT.jar:/home/runner/.m2/repository/org/apache/ozone/ozone-filesystem-common/1.4.0-SNAPSHOT/ozone-filesystem-common-1.4.0-SNAPSHOT.jar:/home/runner/.m2/repository/org/apache/ozone/ozone-tools/1.4.0-SNAPSHOT/ozone-tools-1.4.0-SNAPSHOT.jar:/home/runner/.m2/repository/com/amazonaws/aws-java-sdk-core/1.12.261/aws-java-sdk-core-1.12.261.jar:/home/runner/.m2/repository/org/apache/httpcomponents/httpclient/4.5.13/httpclient-4.5.13.jar:/home/runner/.m2/repository/org/apache/httpcomponents/httpcore/4.4.13/httpcore-4.4.13.jar:/home/runner/.m2/repository/software/amazon/ion/ion-java/1.0.2/ion-java-1.0.2.jar:/home/runner/.m2/repository/com/fasterxml/jackson/dataformat/jackson-dataformat-cbor/2.13.4/jackson-dataformat-cbor-2.13.4.jar:/home/runner/.m2/repository/joda-time/joda-time/2.10.6/joda-time-2.10.6.jar:/home/runner/.m2/repository/com/amazonaws/aws-java-sdk-s3/1.12.261/aws-java-sdk-s3-1.12.261.jar:/home/runner/.m2/repository/com/amazonaws/aws-java-sdk-kms/1.12.261/aws-java-sdk-kms-1.12.261.jar:/home/runner/.m2/repository/com/amazonaws/jmespath-java/1.12.261/jmespath-java-1.12.261.jar:/home/runner/.m2/repository/org/kohsuke/metainf-services/metainf-services/1.8/metainf-services-1.8.jar:/home/runner/.m2/repository/org/apache/ozone/hdds-tools/1.4.0-SNAPSHOT/hdds-tools-1.4.0-SNAPSHOT.jar:/home/runner/.m2/repository/org/apache/ratis/ratis-tools/2.5.1/ratis-tools-2.5.1.jar:/home/runner/.m2/repository/commons-cli/commons-cli/1.2/commons-cli-1.2.jar:/home/runner/.m2/repository/org/apache/commons/commons-lang3/3.7/commons-lang3-3.7.jar:/home/runner/.m2/repository/org/apache/ozone/ozone-manager/1.4.0-SNAPSHOT/ozone-manager-1.4.0-SNAPSHOT-tests.jar:/home/runner/.m2/repository/org/apache/ozone/hdds-common/1.4.0-SNAPSHOT/hdds-common-1.4.0-SNAPSHOT-tests.jar:/home/runner/.m2/repository/org/apache/ozone/hdds-hadoop-dependency-client/1.4.0-SNAPSHOT/hdds-hadoop-dependency-client-1.4.0-SNAPSHOT.jar:/home/runner/.m2/repository/info/picocli/picocli/4.6.1/picocli-4.6.1.jar:/home/runner/.m2/repository/com/fasterxml/jackson/core/jackson-annotations/2.13.4/jackson-annotations-2.13.4.jar:/home/runner/.m2/repository/org/apache/ozone/hdds-annotation-processing/1.4.0-SNAPSHOT/hdds-annotation-processing-1.4.0-SNAPSHOT.jar:/home/runner/.m2/repository/javax/annotation/javax.annotation-api/1.2/javax.annotation-api-1.2.jar:/home/runner/.m2/repository/org/apache/ratis/ratis-netty/2.5.1/ratis-netty-2.5.1.jar:/home/runner/.m2/repository/org/apache/ratis/ratis-grpc/2.5.1/ratis-grpc-2.5.1.jar:/home/runner/.m2/repository/org/apache/logging/log4j/log4j-api/2.17.1/log4j-api-2.17.1.jar:/home/runner/.m2/repository/org/apache/commons/commons-pool2/2.6.0/commons-pool2-2.6.0.jar:/home/runner/.m2/repository/org/bouncycastle/bcpkix-jdk15on/1.67/bcpkix-jdk15on-1.67.jar:/home/runner/.m2/repository/commons-validator/commons-validator/1.6/commons-validator-1.6.jar:/home/runner/.m2/repository/commons-beanutils/commons-beanutils/1.9.4/commons-beanutils-1.9.4.jar:/home/runner/.m2/repository/commons-digester/commons-digester/1.8.1/commons-digester-1.8.1.jar:/home/runner/.m2/repository/commons-collections/commons-collections/3.2.2/commons-collections-3.2.2.jar:/home/runner/.m2/repository/io/jaegertracing/jaeger-client/1.6.0/jaeger-client-1.6.0.jar:/home/runner/.m2/repository/io/jaegertracing/jaeger-thrift/1.6.0/jaeger-thrift-1.6.0.jar:/home/runner/.m2/repository/org/apache/thrift/libthrift/0.14.1/libthrift-0.14.1.jar:/home/runner/.m2/repository/io/jaegertracing/jaeger-core/1.6.0/jaeger-core-1.6.0.jar:/home/runner/.m2/repository/io/jaegertracing/jaeger-tracerresolver/1.6.0/jaeger-tracerresolver-1.6.0.jar:/home/runner/.m2/repository/io/opentracing/contrib/opentracing-tracerresolver/0.1.8/opentracing-tracerresolver-0.1.8.jar:/home/runner/.m2/repository/org/jetbrains/kotlin/kotlin-stdlib/1.6.21/kotlin-stdlib-1.6.21.jar:/home/runner/.m2/repository/org/jetbrains/annotations/13.0/annotations-13.0.jar:/home/runner/.m2/repository/io/opentracing/opentracing-util/0.33.0/opentracing-util-0.33.0.jar:/home/runner/.m2/repository/io/opentracing/opentracing-api/0.33.0/opentracing-api-0.33.0.jar:/home/runner/.m2/repository/io/opentracing/opentracing-noop/0.33.0/opentracing-noop-0.33.0.jar:/home/runner/.m2/repository/org/yaml/snakeyaml/2.0/snakeyaml-2.0.jar:/home/runner/.m2/repository/io/grpc/grpc-api/1.51.1/grpc-api-1.51.1.jar:/home/runner/.m2/repository/io/grpc/grpc-context/1.51.1/grpc-context-1.51.1.jar:/home/runner/.m2/repository/junit/junit/4.13.1/junit-4.13.1.jar:/home/runner/.m2/repository/org/hamcrest/hamcrest-core/1.3/hamcrest-core-1.3.jar:/home/runner/.m2/repository/org/junit/jupiter/junit-jupiter-api/5.8.2/junit-jupiter-api-5.8.2.jar:/home/runner/.m2/repository/org/opentest4j/opentest4j/1.2.0/opentest4j-1.2.0.jar:/home/runner/.m2/repository/org/junit/platform/junit-platform-commons/1.8.2/junit-platform-commons-1.8.2.jar:/home/runner/.m2/repository/org/apiguardian/apiguardian-api/1.1.2/apiguardian-api-1.1.2.jar:/home/runner/.m2/repository/org/junit/jupiter/junit-jupiter-params/5.8.2/junit-jupiter-params-5.8.2.jar:/home/runner/.m2/repository/org/junit/jupiter/junit-jupiter-migrationsupport/5.8.2/junit-jupiter-migrationsupport-5.8.2.jar:/home/runner/.m2/repository/org/junit/jupiter/junit-jupiter-engine/5.8.2/junit-jupiter-engine-5.8.2.jar:/home/runner/.m2/repository/org/junit/platform/junit-platform-engine/1.8.2/junit-platform-engine-1.8.2.jar:/home/runner/.m2/repository/org/junit/vintage/junit-vintage-engine/5.8.2/junit-vintage-engine-5.8.2.jar:/home/runner/.m2/repository/org/junit/platform/junit-platform-launcher/1.8.2/junit-platform-launcher-1.8.2.jar:/home/runner/.m2/repository/org/mockito/mockito-core/2.28.2/mockito-core-2.28.2.jar:/home/runner/.m2/repository/net/bytebuddy/byte-buddy/1.9.10/byte-buddy-1.9.10.jar:/home/runner/.m2/repository/net/bytebuddy/byte-buddy-agent/1.9.10/byte-buddy-agent-1.9.10.jar:/home/runner/.m2/repository/org/objenesis/objenesis/1.0/objenesis-1.0.jar:/home/runner/.m2/repository/org/apache/hadoop/hadoop-kms/3.3.5/hadoop-kms-3.3.5.jar:/home/runner/.m2/repository/org/apache/hadoop/hadoop-auth/3.3.5/hadoop-auth-3.3.5.jar:/home/runner/.m2/repository/com/nimbusds/nimbus-jose-jwt/9.8.1/nimbus-jose-jwt-9.8.1.jar:/home/runner/.m2/repository/com/github/stephenc/jcip/jcip-annotations/1.0-1/jcip-annotations-1.0-1.jar:/home/runner/.m2/repository/net/minidev/json-smart/2.4.7/json-smart-2.4.7.jar:/home/runner/.m2/repository/net/minidev/accessors-smart/2.4.7/accessors-smart-2.4.7.jar:/home/runner/.m2/repository/org/ow2/asm/asm/5.0.4/asm-5.0.4.jar:/home/runner/.m2/repository/org/apache/zookeeper/zookeeper/3.5.6/zookeeper-3.5.6.jar:/home/runner/.m2/repository/org/apache/zookeeper/zookeeper-jute/3.5.6/zookeeper-jute-3.5.6.jar:/home/runner/.m2/repository/org/apache/yetus/audience-annotations/0.5.0/audience-annotations-0.5.0.jar:/home/runner/.m2/repository/org/apache/curator/curator-framework/4.2.0/curator-framework-4.2.0.jar:/home/runner/.m2/repository/org/apache/hadoop/thirdparty/hadoop-shaded-guava/1.1.1/hadoop-shaded-guava-1.1.1.jar:/home/runner/.m2/repository/com/sun/jersey/jersey-core/1.19/jersey-core-1.19.jar:/home/runner/.m2/repository/javax/ws/rs/jsr311-api/1.1.1/jsr311-api-1.1.1.jar:/home/runner/.m2/repository/com/sun/jersey/jersey-server/1.19/jersey-server-1.19.jar:/home/runner/.m2/repository/javax/servlet/javax.servlet-api/3.1.0/javax.servlet-api-3.1.0.jar:/home/runner/.m2/repository/org/apache/hadoop/hadoop-common/3.3.5/hadoop-common-3.3.5.jar:/home/runner/.m2/repository/org/apache/commons/commons-math3/3.1.1/commons-math3-3.1.1.jar:/home/runner/.m2/repository/commons-net/commons-net/3.9.0/commons-net-3.9.0.jar:/home/runner/.m2/repository/com/sun/jersey/jersey-servlet/1.19/jersey-servlet-1.19.jar:/home/runner/.m2/repository/com/github/pjfanning/jersey-json/1.20/jersey-json-1.20.jar:/home/runner/.m2/repository/org/codehaus/jettison/jettison/1.1/jettison-1.1.jar:/home/runner/.m2/repository/com/sun/xml/bind/jaxb-impl/2.2.3-1/jaxb-impl-2.2.3-1.jar:/home/runner/.m2/repository/com/google/re2j/re2j/1.1/re2j-1.1.jar:/home/runner/.m2/repository/com/jcraft/jsch/0.1.54/jsch-0.1.54.jar:/home/runner/.m2/repository/org/apache/curator/curator-client/4.2.0/curator-client-4.2.0.jar:/home/runner/.m2/repository/org/apache/curator/curator-recipes/4.2.0/curator-recipes-4.2.0.jar:/home/runner/.m2/repository/org/apache/kerby/kerb-core/1.0.1/kerb-core-1.0.1.jar:/home/runner/.m2/repository/org/apache/kerby/kerby-pkix/1.0.1/kerby-pkix-1.0.1.jar:/home/runner/.m2/repository/org/apache/kerby/kerby-asn1/1.0.1/kerby-asn1-1.0.1.jar:/home/runner/.m2/repository/org/apache/kerby/kerby-util/1.0.1/kerby-util-1.0.1.jar:/home/runner/.m2/repository/dnsjava/dnsjava/2.1.7/dnsjava-2.1.7.jar:/home/runner/.m2/repository/org/xerial/snappy/snappy-java/1.1.8.2/snappy-java-1.1.8.2.jar:/home/runner/.m2/repository/com/fasterxml/jackson/core/jackson-databind/2.13.4.2/jackson-databind-2.13.4.2.jar:/home/runner/.m2/repository/org/apache/hadoop/hadoop-kms/3.3.5/hadoop-kms-3.3.5-tests.jar:/home/runner/.m2/repository/org/apache/ozone/hdds-server-scm/1.4.0-SNAPSHOT/hdds-server-scm-1.4.0-SNAPSHOT-tests.jar:/home/runner/.m2/repository/org/apache/ozone/hdds-container-service/1.4.0-SNAPSHOT/hdds-container-service-1.4.0-SNAPSHOT-tests.jar:/home/runner/.m2/repository/com/github/luben/zstd-jni/1.5.2-5/zstd-jni-1.5.2-5.jar:/home/runner/.m2/repository/commons-codec/commons-codec/1.15/commons-codec-1.15.jar:/home/runner/.m2/repository/io/netty/netty-codec/4.1.86.Final/netty-codec-4.1.86.Final.jar:/home/runner/.m2/repository/io/netty/netty-handler/4.1.86.Final/netty-handler-4.1.86.Final.jar:/home/runner/.m2/repository/org/apache/ozone/hdds-hadoop-dependency-test/1.4.0-SNAPSHOT/hdds-hadoop-dependency-test-1.4.0-SNAPSHOT.jar:/home/runner/.m2/repository/org/apache/hadoop/hadoop-common/3.3.5/hadoop-common-3.3.5-tests.jar:/home/runner/.m2/repository/org/apache/hadoop/hadoop-hdfs/3.3.5/hadoop-hdfs-3.3.5-tests.jar:/home/runner/.m2/repository/org/assertj/assertj-core/3.12.2/assertj-core-3.12.2.jar:/home/runner/.m2/repository/org/apache/hadoop/hadoop-distcp/3.3.5/hadoop-distcp-3.3.5.jar:/home/runner/.m2/repository/org/apache/hadoop/hadoop-mapreduce-client-jobclient/3.3.5/hadoop-mapreduce-client-jobclient-3.3.5.jar:/home/runner/.m2/repository/org/apache/hadoop/hadoop-mapreduce-client-common/3.3.5/hadoop-mapreduce-client-common-3.3.5.jar:/home/runner/.m2/repository/org/apache/hadoop/hadoop-yarn-common/3.3.5/hadoop-yarn-common-3.3.5.jar:/home/runner/.m2/repository/org/apache/hadoop/hadoop-yarn-api/3.3.5/hadoop-yarn-api-3.3.5.jar:/home/runner/.m2/repository/com/sun/jersey/contribs/jersey-guice/1.19/jersey-guice-1.19.jar:/home/runner/.m2/repository/com/fasterxml/jackson/jaxrs/jackson-jaxrs-json-provider/2.13.4/jackson-jaxrs-json-provider-2.13.4.jar:/home/runner/.m2/repository/com/fasterxml/jackson/jaxrs/jackson-jaxrs-base/2.13.4/jackson-jaxrs-base-2.13.4.jar:/home/runner/.m2/repository/org/apache/hadoop/hadoop-yarn-client/3.3.5/hadoop-yarn-client-3.3.5.jar:/home/runner/.m2/repository/org/eclipse/jetty/websocket/websocket-client/9.4.48.v20220622/websocket-client-9.4.48.v20220622.jar:/home/runner/.m2/repository/org/eclipse/jetty/websocket/websocket-common/9.4.48.v20220622/websocket-common-9.4.48.v20220622.jar:/home/runner/.m2/repository/org/eclipse/jetty/websocket/websocket-api/9.4.48.v20220622/websocket-api-9.4.48.v20220622.jar:/home/runner/.m2/repository/org/jline/jline/3.9.0/jline-3.9.0.jar:/home/runner/.m2/repository/org/apache/hadoop/hadoop-mapreduce-client-core/3.3.5/hadoop-mapreduce-client-core-3.3.5.jar:/home/runner/.m2/repository/org/apache/avro/avro/1.7.7/avro-1.7.7.jar:/home/runner/.m2/repository/com/thoughtworks/paranamer/paranamer/2.3/paranamer-2.3.jar:/home/runner/.m2/repository/org/apache/hadoop/hadoop-annotations/3.3.5/hadoop-annotations-3.3.5.jar:/usr/lib/jvm/temurin-8-jdk-amd64/jre/../lib/tools.jar:/home/runner/.m2/repository/io/netty/netty/3.10.6.Final/netty-3.10.6.Final.jar:/home/runner/.m2/repository/org/apache/hadoop/hadoop-distcp/3.3.5/hadoop-distcp-3.3.5-tests.jar:/home/runner/.m2/repository/org/slf4j/jul-to-slf4j/1.7.36/jul-to-slf4j-1.7.36.jar:"/>
    <property name="sun.cpu.endian" value="little"/>
    <property name="user.home" value="/home/runner"/>
    <property name="user.language" value="en"/>
    <property name="java.specification.vendor" value="Oracle Corporation"/>
    <property name="java.home" value="/usr/lib/jvm/temurin-8-jdk-amd64/jre"/>
    <property name="java.security.krb5.conf" value="/home/runner/work/ozone/ozone/hadoop-ozone/integration-test/target/test-classes/krb5.conf"/>
    <property name="basedir" value="/home/runner/work/ozone/ozone/hadoop-ozone/integration-test"/>
    <property name="file.separator" value="/"/>
    <property name="line.separator" value="&#10;"/>
    <property name="java.vm.specification.vendor" value="Oracle Corporation"/>
    <property name="java.specification.name" value="Java Platform API Specification"/>
    <property name="java.awt.graphicsenv" value="sun.awt.X11GraphicsEnvironment"/>
    <property name="skip.installnpx" value="true"/>
    <property name="surefire.real.class.path" value="/home/runner/work/ozone/ozone/hadoop-ozone/integration-test/target/surefire/surefirebooter6291642905719857918.jar:/home/runner/.m2/repository/org/jacoco/org.jacoco.agent/0.8.5/org.jacoco.agent-0.8.5-runtime.jar"/>
    <property name="hadoop.log.dir" value="/home/runner/work/ozone/ozone/hadoop-ozone/integration-test/target/log"/>
    <property name="sun.boot.class.path" value="/usr/lib/jvm/temurin-8-jdk-amd64/jre/lib/resources.jar:/usr/lib/jvm/temurin-8-jdk-amd64/jre/lib/rt.jar:/usr/lib/jvm/temurin-8-jdk-amd64/jre/lib/sunrsasign.jar:/usr/lib/jvm/temurin-8-jdk-amd64/jre/lib/jsse.jar:/usr/lib/jvm/temurin-8-jdk-amd64/jre/lib/jce.jar:/usr/lib/jvm/temurin-8-jdk-amd64/jre/lib/charsets.jar:/usr/lib/jvm/temurin-8-jdk-amd64/jre/lib/jfr.jar:/usr/lib/jvm/temurin-8-jdk-amd64/jre/classes"/>
    <property name="sun.management.compiler" value="HotSpot 64-Bit Tiered Compilers"/>
    <property name="skip.npx" value="true"/>
    <property name="java.runtime.version" value="1.8.0_372-b07"/>
    <property name="java.net.preferIPv4Stack" value="true"/>
    <property name="user.name" value="runner"/>
    <property name="path.separator" value=":"/>
    <property name="java.security.egd" value="file:///dev/urandom"/>
    <property name="os.version" value="5.15.0-1038-azure"/>
    <property name="java.endorsed.dirs" value="/usr/lib/jvm/temurin-8-jdk-amd64/jre/lib/endorsed"/>
    <property name="java.runtime.name" value="OpenJDK Runtime Environment"/>
    <property name="file.encoding" value="UTF-8"/>
    <property name="java.vm.name" value="OpenJDK 64-Bit Server VM"/>
    <property name="test.build.webapps" value=""/>
    <property name="localRepository" value="/home/runner/.m2/repository"/>
    <property name="jetty.git.hash" value="b45c405e4544384de066f814ed42ae3dceacdd49"/>
    <property name="java.vendor.url.bug" value="https://github.com/adoptium/adoptium-support/issues"/>
    <property name="java.io.tmpdir" value="/tmp"/>
    <property name="require.test.libhadoop" value=""/>
    <property name="java.version" value="1.8.0_372"/>
    <property name="user.dir" value="/home/runner/work/ozone/ozone/hadoop-ozone/integration-test"/>
    <property name="os.arch" value="amd64"/>
    <property name="java.vm.specification.name" value="Java Virtual Machine Specification"/>
    <property name="test.build.classes" value="/home/runner/work/ozone/ozone/hadoop-ozone/integration-test/target/test-classes"/>
    <property name="java.awt.printerjob" value="sun.print.PSPrinterJob"/>
    <property name="sun.os.patch.level" value="unknown"/>
    <property name="org.apache.ratis.thirdparty.io.netty.allocator.useCacheForAllThreads" value="false"/>
    <property name="hadoop.tmp.dir" value="/home/runner/work/ozone/ozone/hadoop-ozone/integration-test/target/tmp"/>
    <property name="java.library.path" value="/usr/java/packages/lib/amd64:/usr/lib64:/lib64:/lib:/usr/lib"/>
    <property name="java.vm.info" value="mixed mode"/>
    <property name="java.vendor" value="Temurin"/>
    <property name="java.vm.version" value="25.372-b07"/>
    <property name="java.specification.maintenance.version" value="4"/>
    <property name="java.ext.dirs" value="/usr/lib/jvm/temurin-8-jdk-amd64/jre/lib/ext:/usr/java/packages/lib/ext"/>
    <property name="sun.io.unicode.encoding" value="UnicodeLittle"/>
    <property name="java.class.version" value="52.0"/>
  </properties>
  <testcase name="testBlockDeletionTransactions" classname="org.apache.hadoop.ozone.TestStorageContainerManager" time="36.88">
    <error type="java.util.concurrent.TimeoutException"><![CDATA[java.util.concurrent.TimeoutException: 
Timed out waiting for condition. Thread diagnostics:
Timestamp: 2023-06-06 02:27:05,154

"ReplicationMonitor" daemon prio=5 tid=19 timed_waiting
java.lang.Thread.State: TIMED_WAITING
        at java.lang.Object.wait(Native Method)
        at org.apache.hadoop.hdds.scm.container.replication.ReplicationManager.run(ReplicationManager.java:934)
        at org.apache.hadoop.hdds.scm.container.replication.ReplicationManager$$Lambda$373/164045554.run(Unknown Source)
        at java.lang.Thread.run(Thread.java:750)
"fdffd6d6-5a7e-48c5-a2f3-4f163f884c78@group-E000353E9717-LeaderStateImpl" daemon prio=5 tid=442 timed_waiting
java.lang.Thread.State: TIMED_WAITING
        at sun.misc.Unsafe.park(Native Method)
        at java.util.concurrent.locks.LockSupport.parkNanos(LockSupport.java:215)
        at java.util.concurrent.locks.AbstractQueuedSynchronizer$ConditionObject.awaitNanos(AbstractQueuedSynchronizer.java:2078)
        at java.util.concurrent.ArrayBlockingQueue.poll(ArrayBlockingQueue.java:418)
        at org.apache.ratis.server.impl.LeaderStateImpl$EventQueue.poll(LeaderStateImpl.java:164)
        at org.apache.ratis.server.impl.LeaderStateImpl$EventProcessor.run(LeaderStateImpl.java:702)
"fdffd6d6-5a7e-48c5-a2f3-4f163f884c78@group-FBE9E628C331->4e2b4efa-bcb4-46de-b119-545b7decf2b1-GrpcLogAppender-LogAppenderDaemon" daemon prio=5 tid=432 timed_waiting
java.lang.Thread.State: TIMED_WAITING
        at sun.misc.Unsafe.park(Native Method)
        at java.util.concurrent.locks.LockSupport.parkNanos(LockSupport.java:215)
        at java.util.concurrent.locks.AbstractQueuedSynchronizer$ConditionObject.await(AbstractQueuedSynchronizer.java:2163)
        at org.apache.ratis.util.AwaitForSignal.await(AwaitForSignal.java:62)
        at org.apache.ratis.grpc.server.GrpcLogAppender.mayWait(GrpcLogAppender.java:197)
        at org.apache.ratis.grpc.server.GrpcLogAppender.run(GrpcLogAppender.java:148)
        at org.apache.ratis.server.leader.LogAppenderDaemon.run(LogAppenderDaemon.java:78)
        at org.apache.ratis.server.leader.LogAppenderDaemon$$Lambda$1140/920234435.run(Unknown Source)
        at java.lang.Thread.run(Thread.java:750)
"c077bb33-fcdc-4b26-85c1-b9d62aefbd7c@group-429456829E89-LeaderStateImpl" daemon prio=5 tid=390 timed_waiting
java.lang.Thread.State: TIMED_WAITING
        at sun.misc.Unsafe.park(Native Method)
        at java.util.concurrent.locks.LockSupport.parkNanos(LockSupport.java:215)
        at java.util.concurrent.locks.AbstractQueuedSynchronizer$ConditionObject.awaitNanos(AbstractQueuedSynchronizer.java:2078)
        at java.util.concurrent.ArrayBlockingQueue.poll(ArrayBlockingQueue.java:418)
        at org.apache.ratis.server.impl.LeaderStateImpl$EventQueue.poll(LeaderStateImpl.java:164)
        at org.apache.ratis.server.impl.LeaderStateImpl$EventProcessor.run(LeaderStateImpl.java:702)
"timer6" daemon prio=5 tid=436 timed_waiting
java.lang.Thread.State: TIMED_WAITING
        at java.lang.Object.wait(Native Method)
        at java.util.TimerThread.mainLoop(Timer.java:552)
        at java.util.TimerThread.run(Timer.java:505)
"om1@group-C5BA1605619E-LeaderStateImpl" daemon prio=5 tid=226 timed_waiting
java.lang.Thread.State: TIMED_WAITING
        at sun.misc.Unsafe.park(Native Method)
        at java.util.concurrent.locks.LockSupport.parkNanos(LockSupport.java:215)
        at java.util.concurrent.locks.AbstractQueuedSynchronizer$ConditionObject.awaitNanos(AbstractQueuedSynchronizer.java:2078)
        at java.util.concurrent.ArrayBlockingQueue.poll(ArrayBlockingQueue.java:418)
        at org.apache.ratis.server.impl.LeaderStateImpl$EventQueue.poll(LeaderStateImpl.java:164)
        at org.apache.ratis.server.impl.LeaderStateImpl$EventProcessor.run(LeaderStateImpl.java:702)
"4e2b4efa-bcb4-46de-b119-545b7decf2b1@group-FBE9E628C331-SegmentedRaftLogWorker" daemon prio=5 tid=352 timed_waiting
java.lang.Thread.State: TIMED_WAITING
        at sun.misc.Unsafe.park(Native Method)
        at java.util.concurrent.locks.LockSupport.parkNanos(LockSupport.java:215)
        at java.util.concurrent.locks.AbstractQueuedSynchronizer$ConditionObject.awaitNanos(AbstractQueuedSynchronizer.java:2078)
        at org.apache.ratis.util.DataBlockingQueue.poll(DataBlockingQueue.java:148)
        at org.apache.ratis.server.raftlog.segmented.SegmentedRaftLogWorker.run(SegmentedRaftLogWorker.java:307)
        at org.apache.ratis.server.raftlog.segmented.SegmentedRaftLogWorker$$Lambda$727/1896328878.run(Unknown Source)
        at java.util.concurrent.Executors$RunnableAdapter.call(Executors.java:511)
        at java.util.concurrent.FutureTask.run(FutureTask.java:266)
        at java.util.concurrent.ThreadPoolExecutor.runWorker(ThreadPoolExecutor.java:1149)
        at java.util.concurrent.ThreadPoolExecutor$Worker.run(ThreadPoolExecutor.java:624)
        at java.lang.Thread.run(Thread.java:750)
"IPC Server listener on 15004" daemon prio=5 tid=136 runnable
java.lang.Thread.State: RUNNABLE
        at sun.nio.ch.EPollArrayWrapper.epollWait(Native Method)
        at sun.nio.ch.EPollArrayWrapper.poll(EPollArrayWrapper.java:269)
        at sun.nio.ch.EPollSelectorImpl.doSelect(EPollSelectorImpl.java:93)
        at sun.nio.ch.SelectorImpl.lockAndDoSelect(SelectorImpl.java:86)
        at sun.nio.ch.SelectorImpl.select(SelectorImpl.java:97)
        at sun.nio.ch.SelectorImpl.select(SelectorImpl.java:101)
        at org.apache.hadoop.ipc.Server$Listener.run(Server.java:1404)
"Signal Dispatcher" daemon prio=9 tid=4 runnable
java.lang.Thread.State: RUNNABLE
"fdffd6d6-5a7e-48c5-a2f3-4f163f884c78@group-DDC5CB68ABFD-StateMachineUpdater" daemon prio=5 tid=358 timed_waiting
java.lang.Thread.State: TIMED_WAITING
        at sun.misc.Unsafe.park(Native Method)
        at java.util.concurrent.locks.LockSupport.parkNanos(LockSupport.java:215)
        at java.util.concurrent.locks.AbstractQueuedSynchronizer$ConditionObject.await(AbstractQueuedSynchronizer.java:2163)
        at org.apache.ratis.util.AwaitForSignal.await(AwaitForSignal.java:62)
        at org.apache.ratis.server.impl.StateMachineUpdater.waitForCommit(StateMachineUpdater.java:209)
        at org.apache.ratis.server.impl.StateMachineUpdater.run(StateMachineUpdater.java:178)
        at java.lang.Thread.run(Thread.java:750)
"FixedThreadPoolWithAffinityExecutor-3-0" daemon prio=5 tid=42 timed_waiting
java.lang.Thread.State: TIMED_WAITING
        at sun.misc.Unsafe.park(Native Method)
        at java.util.concurrent.locks.LockSupport.parkNanos(LockSupport.java:215)
        at java.util.concurrent.locks.AbstractQueuedSynchronizer$ConditionObject.awaitNanos(AbstractQueuedSynchronizer.java:2078)
        at java.util.concurrent.LinkedBlockingQueue.poll(LinkedBlockingQueue.java:467)
        at org.apache.hadoop.hdds.scm.server.ContainerReportQueue.poll(ContainerReportQueue.java:266)
        at org.apache.hadoop.hdds.scm.server.ContainerReportQueue.poll(ContainerReportQueue.java:42)
        at org.apache.hadoop.hdds.server.events.FixedThreadPoolWithAffinityExecutor$ContainerReportProcessTask.run(FixedThreadPoolWithAffinityExecutor.java:247)
        at java.util.concurrent.Executors$RunnableAdapter.call(Executors.java:511)
        at java.util.concurrent.FutureTask.run(FutureTask.java:266)
        at java.util.concurrent.ThreadPoolExecutor.runWorker(ThreadPoolExecutor.java:1149)
        at java.util.concurrent.ThreadPoolExecutor$Worker.run(ThreadPoolExecutor.java:624)
        at java.lang.Thread.run(Thread.java:750)
"IPC Server handler 17 on default port 15004" daemon prio=5 tid=180 timed_waiting
java.lang.Thread.State: TIMED_WAITING
        at sun.misc.Unsafe.park(Native Method)
        at java.util.concurrent.locks.LockSupport.parkNanos(LockSupport.java:215)
        at java.util.concurrent.locks.AbstractQueuedSynchronizer$ConditionObject.awaitNanos(AbstractQueuedSynchronizer.java:2078)
        at java.util.concurrent.LinkedBlockingQueue.poll(LinkedBlockingQueue.java:467)
        at org.apache.hadoop.ipc.CallQueueManager.take(CallQueueManager.java:317)
        at org.apache.hadoop.ipc.Server$Handler.run(Server.java:2992)
"SCM Heartbeat Processing Thread - 0" daemon prio=5 tid=15 timed_waiting
java.lang.Thread.State: TIMED_WAITING
        at sun.misc.Unsafe.park(Native Method)
        at java.util.concurrent.locks.LockSupport.parkNanos(LockSupport.java:215)
        at java.util.concurrent.locks.AbstractQueuedSynchronizer$ConditionObject.awaitNanos(AbstractQueuedSynchronizer.java:2078)
        at java.util.concurrent.ScheduledThreadPoolExecutor$DelayedWorkQueue.take(ScheduledThreadPoolExecutor.java:1093)
        at java.util.concurrent.ScheduledThreadPoolExecutor$DelayedWorkQueue.take(ScheduledThreadPoolExecutor.java:809)
        at java.util.concurrent.ThreadPoolExecutor.getTask(ThreadPoolExecutor.java:1074)
        at java.util.concurrent.ThreadPoolExecutor.runWorker(ThreadPoolExecutor.java:1134)
        at java.util.concurrent.ThreadPoolExecutor$Worker.run(ThreadPoolExecutor.java:624)
        at java.lang.Thread.run(Thread.java:750)
"Hadoop-Metrics-Updater-0" daemon prio=5 tid=28 timed_waiting
java.lang.Thread.State: TIMED_WAITING
        at sun.misc.Unsafe.park(Native Method)
        at java.util.concurrent.locks.LockSupport.parkNanos(LockSupport.java:215)
        at java.util.concurrent.locks.AbstractQueuedSynchronizer$ConditionObject.awaitNanos(AbstractQueuedSynchronizer.java:2078)
        at java.util.concurrent.ScheduledThreadPoolExecutor$DelayedWorkQueue.take(ScheduledThreadPoolExecutor.java:1093)
        at java.util.concurrent.ScheduledThreadPoolExecutor$DelayedWorkQueue.take(ScheduledThreadPoolExecutor.java:809)
        at java.util.concurrent.ThreadPoolExecutor.getTask(ThreadPoolExecutor.java:1074)
        at java.util.concurrent.ThreadPoolExecutor.runWorker(ThreadPoolExecutor.java:1134)
        at java.util.concurrent.ThreadPoolExecutor$Worker.run(ThreadPoolExecutor.java:624)
        at java.lang.Thread.run(Thread.java:750)
"grpc-default-executor-3" daemon prio=5 tid=414 timed_waiting
java.lang.Thread.State: TIMED_WAITING
        at sun.misc.Unsafe.park(Native Method)
        at java.util.concurrent.locks.LockSupport.parkNanos(LockSupport.java:215)
        at java.util.concurrent.SynchronousQueue$TransferStack.awaitFulfill(SynchronousQueue.java:460)
        at java.util.concurrent.SynchronousQueue$TransferStack.transfer(SynchronousQueue.java:362)
        at java.util.concurrent.SynchronousQueue.poll(SynchronousQueue.java:941)
        at java.util.concurrent.ThreadPoolExecutor.getTask(ThreadPoolExecutor.java:1073)
        at java.util.concurrent.ThreadPoolExecutor.runWorker(ThreadPoolExecutor.java:1134)
        at java.util.concurrent.ThreadPoolExecutor$Worker.run(ThreadPoolExecutor.java:624)
        at java.lang.Thread.run(Thread.java:750)
"Datanode State Machine Daemon Thread" daemon prio=5 tid=208 timed_waiting
java.lang.Thread.State: TIMED_WAITING
        at java.lang.Thread.sleep(Native Method)
        at org.apache.hadoop.ozone.container.common.statemachine.DatanodeStateMachine.startStateMachineThread(DatanodeStateMachine.java:341)
        at org.apache.hadoop.ozone.container.common.statemachine.DatanodeStateMachine.lambda$startDaemon$0(DatanodeStateMachine.java:524)
        at org.apache.hadoop.ozone.container.common.statemachine.DatanodeStateMachine$$Lambda$823/416392343.run(Unknown Source)
        at java.lang.Thread.run(Thread.java:750)
"Datanode State Machine Task Thread - 0"  prio=5 tid=215 in Object.wait()
java.lang.Thread.State: WAITING (on object monitor)
        at sun.misc.Unsafe.park(Native Method)
        at java.util.concurrent.locks.LockSupport.park(LockSupport.java:175)
        at java.util.concurrent.locks.AbstractQueuedSynchronizer$ConditionObject.await(AbstractQueuedSynchronizer.java:2039)
        at java.util.concurrent.LinkedBlockingQueue.take(LinkedBlockingQueue.java:442)
        at java.util.concurrent.ThreadPoolExecutor.getTask(ThreadPoolExecutor.java:1074)
        at java.util.concurrent.ThreadPoolExecutor.runWorker(ThreadPoolExecutor.java:1134)
        at java.util.concurrent.ThreadPoolExecutor$Worker.run(ThreadPoolExecutor.java:624)
        at java.lang.Thread.run(Thread.java:750)
"qtp564305890-157" daemon prio=5 tid=157 timed_waiting
java.lang.Thread.State: TIMED_WAITING
        at sun.misc.Unsafe.park(Native Method)
        at java.util.concurrent.locks.LockSupport.parkNanos(LockSupport.java:215)
        at java.util.concurrent.locks.AbstractQueuedSynchronizer$ConditionObject.awaitNanos(AbstractQueuedSynchronizer.java:2078)
        at org.eclipse.jetty.util.BlockingArrayQueue.poll(BlockingArrayQueue.java:382)
        at org.eclipse.jetty.util.thread.QueuedThreadPool$Runner.idleJobPoll(QueuedThreadPool.java:974)
        at org.eclipse.jetty.util.thread.QueuedThreadPool$Runner.run(QueuedThreadPool.java:1018)
        at java.lang.Thread.run(Thread.java:750)
"IPC Server handler 4 on default port 15000" daemon prio=5 tid=54 timed_waiting
java.lang.Thread.State: TIMED_WAITING
        at sun.misc.Unsafe.park(Native Method)
        at java.util.concurrent.locks.LockSupport.parkNanos(LockSupport.java:215)
        at java.util.concurrent.locks.AbstractQueuedSynchronizer$ConditionObject.awaitNanos(AbstractQueuedSynchronizer.java:2078)
        at java.util.concurrent.LinkedBlockingQueue.poll(LinkedBlockingQueue.java:467)
        at org.apache.hadoop.ipc.CallQueueManager.take(CallQueueManager.java:317)
        at org.apache.hadoop.ipc.Server$Handler.run(Server.java:2992)
"IPC Client (669388946) connection to 0.0.0.0/0.0.0.0:15002 from runner" daemon prio=5 tid=284 timed_waiting
java.lang.Thread.State: TIMED_WAITING
        at java.lang.Object.wait(Native Method)
        at org.apache.hadoop.ipc.Client$Connection.waitForWork(Client.java:1043)
        at org.apache.hadoop.ipc.Client$Connection.run(Client.java:1094)
"IPC Server handler 12 on default port 15000" daemon prio=5 tid=62 timed_waiting
java.lang.Thread.State: TIMED_WAITING
        at sun.misc.Unsafe.park(Native Method)
        at java.util.concurrent.locks.LockSupport.parkNanos(LockSupport.java:215)
        at java.util.concurrent.locks.AbstractQueuedSynchronizer$ConditionObject.awaitNanos(AbstractQueuedSynchronizer.java:2078)
        at java.util.concurrent.LinkedBlockingQueue.poll(LinkedBlockingQueue.java:467)
        at org.apache.hadoop.ipc.CallQueueManager.take(CallQueueManager.java:317)
        at org.apache.hadoop.ipc.Server$Handler.run(Server.java:2992)
"IPC Server handler 1 on default port 15001" daemon prio=5 tid=71 timed_waiting
java.lang.Thread.State: TIMED_WAITING
        at sun.misc.Unsafe.park(Native Method)
        at java.util.concurrent.locks.LockSupport.parkNanos(LockSupport.java:215)
        at java.util.concurrent.locks.AbstractQueuedSynchronizer$ConditionObject.awaitNanos(AbstractQueuedSynchronizer.java:2078)
        at java.util.concurrent.LinkedBlockingQueue.poll(LinkedBlockingQueue.java:467)
        at org.apache.hadoop.ipc.CallQueueManager.take(CallQueueManager.java:317)
        at org.apache.hadoop.ipc.Server$Handler.run(Server.java:2992)
"JvmPauseMonitor2" daemon prio=5 tid=290 timed_waiting
java.lang.Thread.State: TIMED_WAITING
        at java.lang.Thread.sleep(Native Method)
        at java.lang.Thread.sleep(Thread.java:342)
        at java.util.concurrent.TimeUnit.sleep(TimeUnit.java:386)
        at org.apache.ratis.util.TimeDuration.sleep(TimeDuration.java:325)
        at org.apache.ratis.util.TimeDuration.sleep(TimeDuration.java:310)
        at org.apache.ratis.util.JvmPauseMonitor.detectPause(JvmPauseMonitor.java:117)
        at org.apache.ratis.util.JvmPauseMonitor.run(JvmPauseMonitor.java:106)
        at org.apache.ratis.util.JvmPauseMonitor$$Lambda$406/1406865509.run(Unknown Source)
        at java.lang.Thread.run(Thread.java:750)
"FixedThreadPoolWithAffinityExecutor-5-0" daemon prio=5 tid=44 timed_waiting
java.lang.Thread.State: TIMED_WAITING
        at sun.misc.Unsafe.park(Native Method)
        at java.util.concurrent.locks.LockSupport.parkNanos(LockSupport.java:215)
        at java.util.concurrent.locks.AbstractQueuedSynchronizer$ConditionObject.awaitNanos(AbstractQueuedSynchronizer.java:2078)
        at java.util.concurrent.LinkedBlockingQueue.poll(LinkedBlockingQueue.java:467)
        at org.apache.hadoop.hdds.scm.server.ContainerReportQueue.poll(ContainerReportQueue.java:266)
        at org.apache.hadoop.hdds.scm.server.ContainerReportQueue.poll(ContainerReportQueue.java:42)
        at org.apache.hadoop.hdds.server.events.FixedThreadPoolWithAffinityExecutor$ContainerReportProcessTask.run(FixedThreadPoolWithAffinityExecutor.java:247)
        at java.util.concurrent.Executors$RunnableAdapter.call(Executors.java:511)
        at java.util.concurrent.FutureTask.run(FutureTask.java:266)
        at java.util.concurrent.ThreadPoolExecutor.runWorker(ThreadPoolExecutor.java:1149)
        at java.util.concurrent.ThreadPoolExecutor$Worker.run(ThreadPoolExecutor.java:624)
        at java.lang.Thread.run(Thread.java:750)
"fdffd6d6-5a7e-48c5-a2f3-4f163f884c78-server-thread1" daemon prio=5 tid=418 timed_waiting
java.lang.Thread.State: TIMED_WAITING
        at sun.misc.Unsafe.park(Native Method)
        at java.util.concurrent.locks.LockSupport.parkNanos(LockSupport.java:215)
        at java.util.concurrent.SynchronousQueue$TransferStack.awaitFulfill(SynchronousQueue.java:460)
        at java.util.concurrent.SynchronousQueue$TransferStack.transfer(SynchronousQueue.java:362)
        at java.util.concurrent.SynchronousQueue.poll(SynchronousQueue.java:941)
        at java.util.concurrent.ThreadPoolExecutor.getTask(ThreadPoolExecutor.java:1073)
        at java.util.concurrent.ThreadPoolExecutor.runWorker(ThreadPoolExecutor.java:1134)
        at java.util.concurrent.ThreadPoolExecutor$Worker.run(ThreadPoolExecutor.java:624)
        at java.lang.Thread.run(Thread.java:750)
"EventQueue-NodeRegistrationContainerReportForContainerSafeModeRule" daemon prio=5 tid=321 in Object.wait()
java.lang.Thread.State: WAITING (on object monitor)
        at sun.misc.Unsafe.park(Native Method)
        at java.util.concurrent.locks.LockSupport.park(LockSupport.java:175)
        at java.util.concurrent.locks.AbstractQueuedSynchronizer$ConditionObject.await(AbstractQueuedSynchronizer.java:2039)
        at java.util.concurrent.LinkedBlockingQueue.take(LinkedBlockingQueue.java:442)
        at java.util.concurrent.ThreadPoolExecutor.getTask(ThreadPoolExecutor.java:1074)
        at java.util.concurrent.ThreadPoolExecutor.runWorker(ThreadPoolExecutor.java:1134)
        at java.util.concurrent.ThreadPoolExecutor$Worker.run(ThreadPoolExecutor.java:624)
        at java.lang.Thread.run(Thread.java:750)
"IPC Parameter Sending Thread for 0.0.0.0/0.0.0.0:15002" daemon prio=5 tid=285 timed_waiting
java.lang.Thread.State: TIMED_WAITING
        at sun.misc.Unsafe.park(Native Method)
        at java.util.concurrent.locks.LockSupport.parkNanos(LockSupport.java:215)
        at java.util.concurrent.SynchronousQueue$TransferQueue.awaitFulfill(SynchronousQueue.java:764)
        at java.util.concurrent.SynchronousQueue$TransferQueue.transfer(SynchronousQueue.java:695)
        at java.util.concurrent.SynchronousQueue.poll(SynchronousQueue.java:941)
        at org.apache.hadoop.ipc.Client$Connection$RpcRequestSender.run(Client.java:1122)
        at java.lang.Thread.run(Thread.java:750)
"IPC Server listener on 15028" daemon prio=5 tid=268 runnable
java.lang.Thread.State: RUNNABLE
        at sun.nio.ch.EPollArrayWrapper.epollWait(Native Method)
        at sun.nio.ch.EPollArrayWrapper.poll(EPollArrayWrapper.java:269)
        at sun.nio.ch.EPollSelectorImpl.doSelect(EPollSelectorImpl.java:93)
        at sun.nio.ch.SelectorImpl.lockAndDoSelect(SelectorImpl.java:86)
        at sun.nio.ch.SelectorImpl.select(SelectorImpl.java:97)
        at sun.nio.ch.SelectorImpl.select(SelectorImpl.java:101)
        at org.apache.hadoop.ipc.Server$Listener.run(Server.java:1404)
"om1@group-C5BA1605619E-SegmentedRaftLogWorker" daemon prio=5 tid=142 timed_waiting
java.lang.Thread.State: TIMED_WAITING
        at sun.misc.Unsafe.park(Native Method)
        at java.util.concurrent.locks.LockSupport.parkNanos(LockSupport.java:215)
        at java.util.concurrent.locks.AbstractQueuedSynchronizer$ConditionObject.awaitNanos(AbstractQueuedSynchronizer.java:2078)
        at org.apache.ratis.util.DataBlockingQueue.poll(DataBlockingQueue.java:148)
        at org.apache.ratis.server.raftlog.segmented.SegmentedRaftLogWorker.run(SegmentedRaftLogWorker.java:307)
        at org.apache.ratis.server.raftlog.segmented.SegmentedRaftLogWorker$$Lambda$727/1896328878.run(Unknown Source)
        at java.util.concurrent.Executors$RunnableAdapter.call(Executors.java:511)
        at java.util.concurrent.FutureTask.run(FutureTask.java:266)
        at java.util.concurrent.ThreadPoolExecutor.runWorker(ThreadPoolExecutor.java:1149)
        at java.util.concurrent.ThreadPoolExecutor$Worker.run(ThreadPoolExecutor.java:624)
        at java.lang.Thread.run(Thread.java:750)
"DataNode DiskChecker thread 0" daemon prio=5 tid=185 timed_waiting
java.lang.Thread.State: TIMED_WAITING
        at sun.misc.Unsafe.park(Native Method)
        at java.util.concurrent.locks.LockSupport.parkNanos(LockSupport.java:215)
        at java.util.concurrent.SynchronousQueue$TransferStack.awaitFulfill(SynchronousQueue.java:460)
        at java.util.concurrent.SynchronousQueue$TransferStack.transfer(SynchronousQueue.java:362)
        at java.util.concurrent.SynchronousQueue.poll(SynchronousQueue.java:941)
        at java.util.concurrent.ThreadPoolExecutor.getTask(ThreadPoolExecutor.java:1073)
        at java.util.concurrent.ThreadPoolExecutor.runWorker(ThreadPoolExecutor.java:1134)
        at java.util.concurrent.ThreadPoolExecutor$Worker.run(ThreadPoolExecutor.java:624)
        at java.lang.Thread.run(Thread.java:750)
"IPC Server handler 1 on default port 15004" daemon prio=5 tid=164 timed_waiting
java.lang.Thread.State: TIMED_WAITING
        at sun.misc.Unsafe.park(Native Method)
        at java.util.concurrent.locks.LockSupport.parkNanos(LockSupport.java:215)
        at java.util.concurrent.locks.AbstractQueuedSynchronizer$ConditionObject.awaitNanos(AbstractQueuedSynchronizer.java:2078)
        at java.util.concurrent.LinkedBlockingQueue.poll(LinkedBlockingQueue.java:467)
        at org.apache.hadoop.ipc.CallQueueManager.take(CallQueueManager.java:317)
        at org.apache.hadoop.ipc.Server$Handler.run(Server.java:2992)
"ChunkWriter-1-0" daemon prio=5 tid=299 in Object.wait()
java.lang.Thread.State: WAITING (on object monitor)
        at sun.misc.Unsafe.park(Native Method)
        at java.util.concurrent.locks.LockSupport.park(LockSupport.java:175)
        at java.util.concurrent.locks.AbstractQueuedSynchronizer$ConditionObject.await(AbstractQueuedSynchronizer.java:2039)
        at java.util.concurrent.LinkedBlockingDeque.takeFirst(LinkedBlockingDeque.java:492)
        at java.util.concurrent.LinkedBlockingDeque.take(LinkedBlockingDeque.java:680)
        at java.util.concurrent.ThreadPoolExecutor.getTask(ThreadPoolExecutor.java:1074)
        at java.util.concurrent.ThreadPoolExecutor.runWorker(ThreadPoolExecutor.java:1134)
        at java.util.concurrent.ThreadPoolExecutor$Worker.run(ThreadPoolExecutor.java:624)
        at java.lang.Thread.run(Thread.java:750)
"process reaper" daemon prio=10 tid=12 timed_waiting
java.lang.Thread.State: TIMED_WAITING
        at sun.misc.Unsafe.park(Native Method)
        at java.util.concurrent.locks.LockSupport.parkNanos(LockSupport.java:215)
        at java.util.concurrent.SynchronousQueue$TransferStack.awaitFulfill(SynchronousQueue.java:460)
        at java.util.concurrent.SynchronousQueue$TransferStack.transfer(SynchronousQueue.java:362)
        at java.util.concurrent.SynchronousQueue.poll(SynchronousQueue.java:941)
        at java.util.concurrent.ThreadPoolExecutor.getTask(ThreadPoolExecutor.java:1073)
        at java.util.concurrent.ThreadPoolExecutor.runWorker(ThreadPoolExecutor.java:1134)
        at java.util.concurrent.ThreadPoolExecutor$Worker.run(ThreadPoolExecutor.java:624)
        at java.lang.Thread.run(Thread.java:750)
"4e2b4efa-bcb4-46de-b119-545b7decf2b1@group-DDC5CB68ABFD->c077bb33-fcdc-4b26-85c1-b9d62aefbd7c-GrpcLogAppender-LogAppenderDaemon" daemon prio=5 tid=405 timed_waiting
java.lang.Thread.State: TIMED_WAITING
        at sun.misc.Unsafe.park(Native Method)
        at java.util.concurrent.locks.LockSupport.parkNanos(LockSupport.java:215)
        at java.util.concurrent.locks.AbstractQueuedSynchronizer$ConditionObject.await(AbstractQueuedSynchronizer.java:2163)
        at org.apache.ratis.util.AwaitForSignal.await(AwaitForSignal.java:62)
        at org.apache.ratis.grpc.server.GrpcLogAppender.mayWait(GrpcLogAppender.java:197)
        at org.apache.ratis.grpc.server.GrpcLogAppender.run(GrpcLogAppender.java:148)
        at org.apache.ratis.server.leader.LogAppenderDaemon.run(LogAppenderDaemon.java:78)
        at org.apache.ratis.server.leader.LogAppenderDaemon$$Lambda$1140/920234435.run(Unknown Source)
        at java.lang.Thread.run(Thread.java:750)
"4e2b4efa-bcb4-46de-b119-545b7decf2b1@group-DDC5CB68ABFD-StateMachineUpdater" daemon prio=5 tid=344 timed_waiting
java.lang.Thread.State: TIMED_WAITING
        at sun.misc.Unsafe.park(Native Method)
        at java.util.concurrent.locks.LockSupport.parkNanos(LockSupport.java:215)
        at java.util.concurrent.locks.AbstractQueuedSynchronizer$ConditionObject.await(AbstractQueuedSynchronizer.java:2163)
        at org.apache.ratis.util.AwaitForSignal.await(AwaitForSignal.java:62)
        at org.apache.ratis.server.impl.StateMachineUpdater.waitForCommit(StateMachineUpdater.java:209)
        at org.apache.ratis.server.impl.StateMachineUpdater.run(StateMachineUpdater.java:178)
        at java.lang.Thread.run(Thread.java:750)
"BackgroundPipelineScrubberThread" daemon prio=5 tid=17 timed_waiting
java.lang.Thread.State: TIMED_WAITING
        at java.lang.Object.wait(Native Method)
        at org.apache.hadoop.hdds.scm.ha.BackgroundSCMService.run(BackgroundSCMService.java:110)
        at org.apache.hadoop.hdds.scm.ha.BackgroundSCMService$$Lambda$363/1643711771.run(Unknown Source)
        at java.lang.Thread.run(Thread.java:750)
"SnapshotDiffCleanupService#0" daemon prio=5 tid=129 timed_waiting
java.lang.Thread.State: TIMED_WAITING
        at sun.misc.Unsafe.park(Native Method)
        at java.util.concurrent.locks.LockSupport.parkNanos(LockSupport.java:215)
        at java.util.concurrent.locks.AbstractQueuedSynchronizer$ConditionObject.awaitNanos(AbstractQueuedSynchronizer.java:2078)
        at java.util.concurrent.ScheduledThreadPoolExecutor$DelayedWorkQueue.take(ScheduledThreadPoolExecutor.java:1093)
        at java.util.concurrent.ScheduledThreadPoolExecutor$DelayedWorkQueue.take(ScheduledThreadPoolExecutor.java:809)
        at java.util.concurrent.ThreadPoolExecutor.getTask(ThreadPoolExecutor.java:1074)
        at java.util.concurrent.ThreadPoolExecutor.runWorker(ThreadPoolExecutor.java:1134)
        at java.util.concurrent.ThreadPoolExecutor$Worker.run(ThreadPoolExecutor.java:624)
        at java.lang.Thread.run(Thread.java:750)
"IPC Server handler 3 on default port 15002" daemon prio=5 tid=93 timed_waiting
java.lang.Thread.State: TIMED_WAITING
        at sun.misc.Unsafe.park(Native Method)
        at java.util.concurrent.locks.LockSupport.parkNanos(LockSupport.java:215)
        at java.util.concurrent.locks.AbstractQueuedSynchronizer$ConditionObject.awaitNanos(AbstractQueuedSynchronizer.java:2078)
        at java.util.concurrent.LinkedBlockingQueue.poll(LinkedBlockingQueue.java:467)
        at org.apache.hadoop.ipc.CallQueueManager.take(CallQueueManager.java:317)
        at org.apache.hadoop.ipc.Server$Handler.run(Server.java:2992)
"IPC Server handler 14 on default port 15001" daemon prio=5 tid=84 timed_waiting
java.lang.Thread.State: TIMED_WAITING
        at sun.misc.Unsafe.park(Native Method)
        at java.util.concurrent.locks.LockSupport.parkNanos(LockSupport.java:215)
        at java.util.concurrent.locks.AbstractQueuedSynchronizer$ConditionObject.awaitNanos(AbstractQueuedSynchronizer.java:2078)
        at java.util.concurrent.LinkedBlockingQueue.poll(LinkedBlockingQueue.java:467)
        at org.apache.hadoop.ipc.CallQueueManager.take(CallQueueManager.java:317)
        at org.apache.hadoop.ipc.Server$Handler.run(Server.java:2992)
"IPC Server handler 4 on default port 15002" daemon prio=5 tid=94 timed_waiting
java.lang.Thread.State: TIMED_WAITING
        at sun.misc.Unsafe.park(Native Method)
        at java.util.concurrent.locks.LockSupport.parkNanos(LockSupport.java:215)
        at java.util.concurrent.locks.AbstractQueuedSynchronizer$ConditionObject.awaitNanos(AbstractQueuedSynchronizer.java:2078)
        at java.util.concurrent.LinkedBlockingQueue.poll(LinkedBlockingQueue.java:467)
        at org.apache.hadoop.ipc.CallQueueManager.take(CallQueueManager.java:317)
        at org.apache.hadoop.ipc.Server$Handler.run(Server.java:2992)
"IPC Server handler 16 on default port 15000" daemon prio=5 tid=66 timed_waiting
java.lang.Thread.State: TIMED_WAITING
        at sun.misc.Unsafe.park(Native Method)
        at java.util.concurrent.locks.LockSupport.parkNanos(LockSupport.java:215)
        at java.util.concurrent.locks.AbstractQueuedSynchronizer$ConditionObject.awaitNanos(AbstractQueuedSynchronizer.java:2078)
        at java.util.concurrent.LinkedBlockingQueue.poll(LinkedBlockingQueue.java:467)
        at org.apache.hadoop.ipc.CallQueueManager.take(CallQueueManager.java:317)
        at org.apache.hadoop.ipc.Server$Handler.run(Server.java:2992)
"IPC Server Responder" daemon prio=5 tid=37 runnable
java.lang.Thread.State: RUNNABLE
        at sun.nio.ch.EPollArrayWrapper.epollWait(Native Method)
        at sun.nio.ch.EPollArrayWrapper.poll(EPollArrayWrapper.java:269)
        at sun.nio.ch.EPollSelectorImpl.doSelect(EPollSelectorImpl.java:93)
        at sun.nio.ch.SelectorImpl.lockAndDoSelect(SelectorImpl.java:86)
        at sun.nio.ch.SelectorImpl.select(SelectorImpl.java:97)
        at org.apache.hadoop.ipc.Server$Responder.doRunLoop(Server.java:1578)
        at org.apache.hadoop.ipc.Server$Responder.run(Server.java:1561)
"IPC Server Responder" daemon prio=5 tid=32 runnable
java.lang.Thread.State: RUNNABLE
        at sun.nio.ch.EPollArrayWrapper.epollWait(Native Method)
        at sun.nio.ch.EPollArrayWrapper.poll(EPollArrayWrapper.java:269)
        at sun.nio.ch.EPollSelectorImpl.doSelect(EPollSelectorImpl.java:93)
        at sun.nio.ch.SelectorImpl.lockAndDoSelect(SelectorImpl.java:86)
        at sun.nio.ch.SelectorImpl.select(SelectorImpl.java:97)
        at org.apache.hadoop.ipc.Server$Responder.doRunLoop(Server.java:1578)
        at org.apache.hadoop.ipc.Server$Responder.run(Server.java:1561)
"StaleRecoveringContainerScrubbingService#0" daemon prio=5 tid=317 timed_waiting
java.lang.Thread.State: TIMED_WAITING
        at sun.misc.Unsafe.park(Native Method)
        at java.util.concurrent.locks.LockSupport.parkNanos(LockSupport.java:215)
        at java.util.concurrent.locks.AbstractQueuedSynchronizer$ConditionObject.awaitNanos(AbstractQueuedSynchronizer.java:2078)
        at java.util.concurrent.ScheduledThreadPoolExecutor$DelayedWorkQueue.take(ScheduledThreadPoolExecutor.java:1093)
        at java.util.concurrent.ScheduledThreadPoolExecutor$DelayedWorkQueue.take(ScheduledThreadPoolExecutor.java:809)
        at java.util.concurrent.ThreadPoolExecutor.getTask(ThreadPoolExecutor.java:1074)
        at java.util.concurrent.ThreadPoolExecutor.runWorker(ThreadPoolExecutor.java:1134)
        at java.util.concurrent.ThreadPoolExecutor$Worker.run(ThreadPoolExecutor.java:624)
        at java.lang.Thread.run(Thread.java:750)
"PartialTableCache Cleanup Thread - 0" daemon prio=5 tid=457 in Object.wait()
java.lang.Thread.State: WAITING (on object monitor)
        at sun.misc.Unsafe.park(Native Method)
        at java.util.concurrent.locks.LockSupport.park(LockSupport.java:175)
        at java.util.concurrent.locks.AbstractQueuedSynchronizer$ConditionObject.await(AbstractQueuedSynchronizer.java:2039)
        at java.util.concurrent.LinkedBlockingQueue.take(LinkedBlockingQueue.java:442)
        at java.util.concurrent.ThreadPoolExecutor.getTask(ThreadPoolExecutor.java:1074)
        at java.util.concurrent.ThreadPoolExecutor.runWorker(ThreadPoolExecutor.java:1134)
        at java.util.concurrent.ThreadPoolExecutor$Worker.run(ThreadPoolExecutor.java:624)
        at java.lang.Thread.run(Thread.java:750)
"IPC Server handler 8 on default port 15002" daemon prio=5 tid=98 timed_waiting
java.lang.Thread.State: TIMED_WAITING
        at sun.misc.Unsafe.park(Native Method)
        at java.util.concurrent.locks.LockSupport.parkNanos(LockSupport.java:215)
        at java.util.concurrent.locks.AbstractQueuedSynchronizer$ConditionObject.awaitNanos(AbstractQueuedSynchronizer.java:2078)
        at java.util.concurrent.LinkedBlockingQueue.poll(LinkedBlockingQueue.java:467)
        at org.apache.hadoop.ipc.CallQueueManager.take(CallQueueManager.java:317)
        at org.apache.hadoop.ipc.Server$Handler.run(Server.java:2992)
"FixedThreadPoolWithAffinityExecutor-8-0" daemon prio=5 tid=47 timed_waiting
java.lang.Thread.State: TIMED_WAITING
        at sun.misc.Unsafe.park(Native Method)
        at java.util.concurrent.locks.LockSupport.parkNanos(LockSupport.java:215)
        at java.util.concurrent.locks.AbstractQueuedSynchronizer$ConditionObject.awaitNanos(AbstractQueuedSynchronizer.java:2078)
        at java.util.concurrent.LinkedBlockingQueue.poll(LinkedBlockingQueue.java:467)
        at org.apache.hadoop.hdds.scm.server.ContainerReportQueue.poll(ContainerReportQueue.java:266)
        at org.apache.hadoop.hdds.scm.server.ContainerReportQueue.poll(ContainerReportQueue.java:42)
        at org.apache.hadoop.hdds.server.events.FixedThreadPoolWithAffinityExecutor$ContainerReportProcessTask.run(FixedThreadPoolWithAffinityExecutor.java:247)
        at java.util.concurrent.Executors$RunnableAdapter.call(Executors.java:511)
        at java.util.concurrent.FutureTask.run(FutureTask.java:266)
        at java.util.concurrent.ThreadPoolExecutor.runWorker(ThreadPoolExecutor.java:1149)
        at java.util.concurrent.ThreadPoolExecutor$Worker.run(ThreadPoolExecutor.java:624)
        at java.lang.Thread.run(Thread.java:750)
"c077bb33-fcdc-4b26-85c1-b9d62aefbd7c-server-thread1" daemon prio=5 tid=441 timed_waiting
java.lang.Thread.State: TIMED_WAITING
        at sun.misc.Unsafe.park(Native Method)
        at java.util.concurrent.locks.LockSupport.parkNanos(LockSupport.java:215)
        at java.util.concurrent.SynchronousQueue$TransferStack.awaitFulfill(SynchronousQueue.java:460)
        at java.util.concurrent.SynchronousQueue$TransferStack.transfer(SynchronousQueue.java:362)
        at java.util.concurrent.SynchronousQueue.poll(SynchronousQueue.java:941)
        at java.util.concurrent.ThreadPoolExecutor.getTask(ThreadPoolExecutor.java:1073)
        at java.util.concurrent.ThreadPoolExecutor.runWorker(ThreadPoolExecutor.java:1134)
        at java.util.concurrent.ThreadPoolExecutor$Worker.run(ThreadPoolExecutor.java:624)
        at java.lang.Thread.run(Thread.java:750)
"c077bb33-fcdc-4b26-85c1-b9d62aefbd7c@group-429456829E89-SegmentedRaftLogWorker"  prio=5 tid=331 timed_waiting
java.lang.Thread.State: TIMED_WAITING
        at sun.misc.Unsafe.park(Native Method)
        at java.util.concurrent.locks.LockSupport.parkNanos(LockSupport.java:215)
        at java.util.concurrent.locks.AbstractQueuedSynchronizer$ConditionObject.awaitNanos(AbstractQueuedSynchronizer.java:2078)
        at org.apache.ratis.util.DataBlockingQueue.poll(DataBlockingQueue.java:148)
        at org.apache.ratis.server.raftlog.segmented.SegmentedRaftLogWorker.run(SegmentedRaftLogWorker.java:307)
        at org.apache.ratis.server.raftlog.segmented.SegmentedRaftLogWorker$$Lambda$727/1896328878.run(Unknown Source)
        at java.util.concurrent.Executors$RunnableAdapter.call(Executors.java:511)
        at java.util.concurrent.FutureTask.run(FutureTask.java:266)
        at java.util.concurrent.ThreadPoolExecutor.runWorker(ThreadPoolExecutor.java:1149)
        at java.util.concurrent.ThreadPoolExecutor$Worker.run(ThreadPoolExecutor.java:624)
        at java.lang.Thread.run(Thread.java:750)
"JvmPauseMonitor3" daemon prio=5 tid=302 timed_waiting
java.lang.Thread.State: TIMED_WAITING
        at java.lang.Thread.sleep(Native Method)
        at java.lang.Thread.sleep(Thread.java:342)
        at java.util.concurrent.TimeUnit.sleep(TimeUnit.java:386)
        at org.apache.ratis.util.TimeDuration.sleep(TimeDuration.java:325)
        at org.apache.ratis.util.TimeDuration.sleep(TimeDuration.java:310)
        at org.apache.ratis.util.JvmPauseMonitor.detectPause(JvmPauseMonitor.java:117)
        at org.apache.ratis.util.JvmPauseMonitor.run(JvmPauseMonitor.java:106)
        at org.apache.ratis.util.JvmPauseMonitor$$Lambda$406/1406865509.run(Unknown Source)
        at java.lang.Thread.run(Thread.java:750)
"pool-94-thread-1" daemon prio=5 tid=219 timed_waiting
java.lang.Thread.State: TIMED_WAITING
        at sun.misc.Unsafe.park(Native Method)
        at java.util.concurrent.locks.LockSupport.parkNanos(LockSupport.java:215)
        at java.util.concurrent.locks.AbstractQueuedSynchronizer$ConditionObject.awaitNanos(AbstractQueuedSynchronizer.java:2078)
        at java.util.concurrent.ScheduledThreadPoolExecutor$DelayedWorkQueue.take(ScheduledThreadPoolExecutor.java:1093)
        at java.util.concurrent.ScheduledThreadPoolExecutor$DelayedWorkQueue.take(ScheduledThreadPoolExecutor.java:809)
        at java.util.concurrent.ThreadPoolExecutor.getTask(ThreadPoolExecutor.java:1074)
        at java.util.concurrent.ThreadPoolExecutor.runWorker(ThreadPoolExecutor.java:1134)
        at java.util.concurrent.ThreadPoolExecutor$Worker.run(ThreadPoolExecutor.java:624)
        at java.lang.Thread.run(Thread.java:750)
"qtp636208486-199" daemon prio=5 tid=199 timed_waiting
java.lang.Thread.State: TIMED_WAITING
        at sun.misc.Unsafe.park(Native Method)
        at java.util.concurrent.locks.LockSupport.parkNanos(LockSupport.java:215)
        at java.util.concurrent.locks.AbstractQueuedSynchronizer$ConditionObject.awaitNanos(AbstractQueuedSynchronizer.java:2078)
        at org.eclipse.jetty.util.BlockingArrayQueue.poll(BlockingArrayQueue.java:382)
        at org.eclipse.jetty.util.thread.QueuedThreadPool$Runner.idleJobPoll(QueuedThreadPool.java:974)
        at org.eclipse.jetty.util.thread.QueuedThreadPool$Runner.run(QueuedThreadPool.java:1018)
        at java.lang.Thread.run(Thread.java:750)
"ChunkWriter-1-0" daemon prio=5 tid=287 in Object.wait()
java.lang.Thread.State: WAITING (on object monitor)
        at sun.misc.Unsafe.park(Native Method)
        at java.util.concurrent.locks.LockSupport.park(LockSupport.java:175)
        at java.util.concurrent.locks.AbstractQueuedSynchronizer$ConditionObject.await(AbstractQueuedSynchronizer.java:2039)
        at java.util.concurrent.LinkedBlockingDeque.takeFirst(LinkedBlockingDeque.java:492)
        at java.util.concurrent.LinkedBlockingDeque.take(LinkedBlockingDeque.java:680)
        at java.util.concurrent.ThreadPoolExecutor.getTask(ThreadPoolExecutor.java:1074)
        at java.util.concurrent.ThreadPoolExecutor.runWorker(ThreadPoolExecutor.java:1134)
        at java.util.concurrent.ThreadPoolExecutor$Worker.run(ThreadPoolExecutor.java:624)
        at java.lang.Thread.run(Thread.java:750)
"ChunkWriter-3-0" daemon prio=5 tid=301 in Object.wait()
java.lang.Thread.State: WAITING (on object monitor)
        at sun.misc.Unsafe.park(Native Method)
        at java.util.concurrent.locks.LockSupport.park(LockSupport.java:175)
        at java.util.concurrent.locks.AbstractQueuedSynchronizer$ConditionObject.await(AbstractQueuedSynchronizer.java:2039)
        at java.util.concurrent.LinkedBlockingDeque.takeFirst(LinkedBlockingDeque.java:492)
        at java.util.concurrent.LinkedBlockingDeque.take(LinkedBlockingDeque.java:680)
        at java.util.concurrent.ThreadPoolExecutor.getTask(ThreadPoolExecutor.java:1074)
        at java.util.concurrent.ThreadPoolExecutor.runWorker(ThreadPoolExecutor.java:1134)
        at java.util.concurrent.ThreadPoolExecutor$Worker.run(ThreadPoolExecutor.java:624)
        at java.lang.Thread.run(Thread.java:750)
"qtp257278770-264" daemon prio=5 tid=264 timed_waiting
java.lang.Thread.State: TIMED_WAITING
        at sun.misc.Unsafe.park(Native Method)
        at java.util.concurrent.locks.LockSupport.parkNanos(LockSupport.java:215)
        at java.util.concurrent.locks.AbstractQueuedSynchronizer$ConditionObject.awaitNanos(AbstractQueuedSynchronizer.java:2078)
        at org.eclipse.jetty.util.BlockingArrayQueue.poll(BlockingArrayQueue.java:382)
        at org.eclipse.jetty.util.thread.QueuedThreadPool$Runner.idleJobPoll(QueuedThreadPool.java:974)
        at org.eclipse.jetty.util.thread.QueuedThreadPool$Runner.run(QueuedThreadPool.java:1018)
        at java.lang.Thread.run(Thread.java:750)
"4e2b4efa-bcb4-46de-b119-545b7decf2b1@group-DDC5CB68ABFD-SegmentedRaftLogWorker" daemon prio=5 tid=342 timed_waiting
java.lang.Thread.State: TIMED_WAITING
        at sun.misc.Unsafe.park(Native Method)
        at java.util.concurrent.locks.LockSupport.parkNanos(LockSupport.java:215)
        at java.util.concurrent.locks.AbstractQueuedSynchronizer$ConditionObject.awaitNanos(AbstractQueuedSynchronizer.java:2078)
        at org.apache.ratis.util.DataBlockingQueue.poll(DataBlockingQueue.java:148)
        at org.apache.ratis.server.raftlog.segmented.SegmentedRaftLogWorker.run(SegmentedRaftLogWorker.java:307)
        at org.apache.ratis.server.raftlog.segmented.SegmentedRaftLogWorker$$Lambda$727/1896328878.run(Unknown Source)
        at java.util.concurrent.Executors$RunnableAdapter.call(Executors.java:511)
        at java.util.concurrent.FutureTask.run(FutureTask.java:266)
        at java.util.concurrent.ThreadPoolExecutor.runWorker(ThreadPoolExecutor.java:1149)
        at java.util.concurrent.ThreadPoolExecutor$Worker.run(ThreadPoolExecutor.java:624)
        at java.lang.Thread.run(Thread.java:750)
"IPC Server handler 4 on default port 15001" daemon prio=5 tid=74 timed_waiting
java.lang.Thread.State: TIMED_WAITING
        at sun.misc.Unsafe.park(Native Method)
        at java.util.concurrent.locks.LockSupport.parkNanos(LockSupport.java:215)
        at java.util.concurrent.locks.AbstractQueuedSynchronizer$ConditionObject.awaitNanos(AbstractQueuedSynchronizer.java:2078)
        at java.util.concurrent.LinkedBlockingQueue.poll(LinkedBlockingQueue.java:467)
        at org.apache.hadoop.ipc.CallQueueManager.take(CallQueueManager.java:317)
        at org.apache.hadoop.ipc.Server$Handler.run(Server.java:2992)
"EndpointStateMachine task thread for /0.0.0.0:15002 - 0 "  prio=5 tid=283 in Object.wait()
java.lang.Thread.State: WAITING (on object monitor)
        at sun.misc.Unsafe.park(Native Method)
        at java.util.concurrent.locks.LockSupport.park(LockSupport.java:175)
        at java.util.concurrent.locks.AbstractQueuedSynchronizer$ConditionObject.await(AbstractQueuedSynchronizer.java:2039)
        at java.util.concurrent.LinkedBlockingQueue.take(LinkedBlockingQueue.java:442)
        at java.util.concurrent.ThreadPoolExecutor.getTask(ThreadPoolExecutor.java:1074)
        at java.util.concurrent.ThreadPoolExecutor.runWorker(ThreadPoolExecutor.java:1134)
        at java.util.concurrent.ThreadPoolExecutor$Worker.run(ThreadPoolExecutor.java:624)
        at java.lang.Thread.run(Thread.java:750)
"IPC Server handler 18 on default port 15002" daemon prio=5 tid=108 timed_waiting
java.lang.Thread.State: TIMED_WAITING
        at sun.misc.Unsafe.park(Native Method)
        at java.util.concurrent.locks.LockSupport.parkNanos(LockSupport.java:215)
        at java.util.concurrent.locks.AbstractQueuedSynchronizer$ConditionObject.awaitNanos(AbstractQueuedSynchronizer.java:2078)
        at java.util.concurrent.LinkedBlockingQueue.poll(LinkedBlockingQueue.java:467)
        at org.apache.hadoop.ipc.CallQueueManager.take(CallQueueManager.java:317)
        at org.apache.hadoop.ipc.Server$Handler.run(Server.java:2992)
"surefire-forkedjvm-command-thread" daemon prio=5 tid=10 runnable
java.lang.Thread.State: RUNNABLE
        at java.io.FileInputStream.readBytes(Native Method)
        at java.io.FileInputStream.read(FileInputStream.java:255)
        at java.io.BufferedInputStream.read1(BufferedInputStream.java:284)
        at java.io.BufferedInputStream.read(BufferedInputStream.java:345)
        at java.io.BufferedInputStream.fill(BufferedInputStream.java:246)
        at java.io.BufferedInputStream.read1(BufferedInputStream.java:286)
        at java.io.BufferedInputStream.read(BufferedInputStream.java:345)
        at org.apache.maven.surefire.api.util.internal.Channels$3.readImpl(Channels.java:214)
        at org.apache.maven.surefire.api.util.internal.AbstractNoninterruptibleReadableChannel.read(AbstractNoninterruptibleReadableChannel.java:54)
        at org.apache.maven.surefire.booter.spi.LegacyMasterProcessChannelDecoder.decode(LegacyMasterProcessChannelDecoder.java:80)
        at org.apache.maven.surefire.booter.CommandReader$CommandRunnable.run(CommandReader.java:343)
        at java.lang.Thread.run(Thread.java:750)
"IPC Server listener on 15002" daemon prio=5 tid=24 runnable
java.lang.Thread.State: RUNNABLE
        at sun.nio.ch.EPollArrayWrapper.epollWait(Native Method)
        at sun.nio.ch.EPollArrayWrapper.poll(EPollArrayWrapper.java:269)
        at sun.nio.ch.EPollSelectorImpl.doSelect(EPollSelectorImpl.java:93)
        at sun.nio.ch.SelectorImpl.lockAndDoSelect(SelectorImpl.java:86)
        at sun.nio.ch.SelectorImpl.select(SelectorImpl.java:97)
        at sun.nio.ch.SelectorImpl.select(SelectorImpl.java:101)
        at org.apache.hadoop.ipc.Server$Listener.run(Server.java:1404)
"IPC Server handler 15 on default port 15001" daemon prio=5 tid=85 timed_waiting
java.lang.Thread.State: TIMED_WAITING
        at sun.misc.Unsafe.park(Native Method)
        at java.util.concurrent.locks.LockSupport.parkNanos(LockSupport.java:215)
        at java.util.concurrent.locks.AbstractQueuedSynchronizer$ConditionObject.awaitNanos(AbstractQueuedSynchronizer.java:2078)
        at java.util.concurrent.LinkedBlockingQueue.poll(LinkedBlockingQueue.java:467)
        at org.apache.hadoop.ipc.CallQueueManager.take(CallQueueManager.java:317)
        at org.apache.hadoop.ipc.Server$Handler.run(Server.java:2992)
"c077bb33-fcdc-4b26-85c1-b9d62aefbd7c@group-DDC5CB68ABFD-SegmentedRaftLogWorker"  prio=5 tid=334 timed_waiting
java.lang.Thread.State: TIMED_WAITING
        at sun.misc.Unsafe.park(Native Method)
        at java.util.concurrent.locks.LockSupport.parkNanos(LockSupport.java:215)
        at java.util.concurrent.locks.AbstractQueuedSynchronizer$ConditionObject.awaitNanos(AbstractQueuedSynchronizer.java:2078)
        at org.apache.ratis.util.DataBlockingQueue.poll(DataBlockingQueue.java:148)
        at org.apache.ratis.server.raftlog.segmented.SegmentedRaftLogWorker.run(SegmentedRaftLogWorker.java:307)
        at org.apache.ratis.server.raftlog.segmented.SegmentedRaftLogWorker$$Lambda$727/1896328878.run(Unknown Source)
        at java.util.concurrent.Executors$RunnableAdapter.call(Executors.java:511)
        at java.util.concurrent.FutureTask.run(FutureTask.java:266)
        at java.util.concurrent.ThreadPoolExecutor.runWorker(ThreadPoolExecutor.java:1149)
        at java.util.concurrent.ThreadPoolExecutor$Worker.run(ThreadPoolExecutor.java:624)
        at java.lang.Thread.run(Thread.java:750)
"timer4" daemon prio=5 tid=416 timed_waiting
java.lang.Thread.State: TIMED_WAITING
        at java.lang.Object.wait(Native Method)
        at java.util.TimerThread.mainLoop(Timer.java:552)
        at java.util.TimerThread.run(Timer.java:505)
"OM StateMachine ApplyTransaction Thread - 0" daemon prio=5 tid=452 in Object.wait()
java.lang.Thread.State: WAITING (on object monitor)
        at sun.misc.Unsafe.park(Native Method)
        at java.util.concurrent.locks.LockSupport.park(LockSupport.java:175)
        at java.util.concurrent.locks.AbstractQueuedSynchronizer$ConditionObject.await(AbstractQueuedSynchronizer.java:2039)
        at java.util.concurrent.LinkedBlockingQueue.take(LinkedBlockingQueue.java:442)
        at java.util.concurrent.ThreadPoolExecutor.getTask(ThreadPoolExecutor.java:1074)
        at java.util.concurrent.ThreadPoolExecutor.runWorker(ThreadPoolExecutor.java:1134)
        at java.util.concurrent.ThreadPoolExecutor$Worker.run(ThreadPoolExecutor.java:624)
        at java.lang.Thread.run(Thread.java:750)
"IPC Server idle connection scanner for port 15000" daemon prio=5 tid=36 timed_waiting
java.lang.Thread.State: TIMED_WAITING
        at java.lang.Object.wait(Native Method)
        at java.util.TimerThread.mainLoop(Timer.java:552)
        at java.util.TimerThread.run(Timer.java:505)
"IPC Server handler 19 on default port 15001" daemon prio=5 tid=89 timed_waiting
java.lang.Thread.State: TIMED_WAITING
        at sun.misc.Unsafe.park(Native Method)
        at java.util.concurrent.locks.LockSupport.parkNanos(LockSupport.java:215)
        at java.util.concurrent.locks.AbstractQueuedSynchronizer$ConditionObject.awaitNanos(AbstractQueuedSynchronizer.java:2078)
        at java.util.concurrent.LinkedBlockingQueue.poll(LinkedBlockingQueue.java:467)
        at org.apache.hadoop.ipc.CallQueueManager.take(CallQueueManager.java:317)
        at org.apache.hadoop.ipc.Server$Handler.run(Server.java:2992)
"FixedThreadPoolWithAffinityExecutor-4-0" daemon prio=5 tid=43 timed_waiting
java.lang.Thread.State: TIMED_WAITING
        at sun.misc.Unsafe.park(Native Method)
        at java.util.concurrent.locks.LockSupport.parkNanos(LockSupport.java:215)
        at java.util.concurrent.locks.AbstractQueuedSynchronizer$ConditionObject.awaitNanos(AbstractQueuedSynchronizer.java:2078)
        at java.util.concurrent.LinkedBlockingQueue.poll(LinkedBlockingQueue.java:467)
        at org.apache.hadoop.hdds.scm.server.ContainerReportQueue.poll(ContainerReportQueue.java:266)
        at org.apache.hadoop.hdds.scm.server.ContainerReportQueue.poll(ContainerReportQueue.java:42)
        at org.apache.hadoop.hdds.server.events.FixedThreadPoolWithAffinityExecutor$ContainerReportProcessTask.run(FixedThreadPoolWithAffinityExecutor.java:247)
        at java.util.concurrent.Executors$RunnableAdapter.call(Executors.java:511)
        at java.util.concurrent.FutureTask.run(FutureTask.java:266)
        at java.util.concurrent.ThreadPoolExecutor.runWorker(ThreadPoolExecutor.java:1149)
        at java.util.concurrent.ThreadPoolExecutor$Worker.run(ThreadPoolExecutor.java:624)
        at java.lang.Thread.run(Thread.java:750)
"qtp257278770-263" daemon prio=5 tid=263 timed_waiting
java.lang.Thread.State: TIMED_WAITING
        at sun.misc.Unsafe.park(Native Method)
        at java.util.concurrent.locks.LockSupport.parkNanos(LockSupport.java:215)
        at java.util.concurrent.locks.AbstractQueuedSynchronizer$ConditionObject.awaitNanos(AbstractQueuedSynchronizer.java:2078)
        at org.eclipse.jetty.util.BlockingArrayQueue.poll(BlockingArrayQueue.java:382)
        at org.eclipse.jetty.util.thread.QueuedThreadPool$Runner.idleJobPoll(QueuedThreadPool.java:974)
        at org.eclipse.jetty.util.thread.QueuedThreadPool$Runner.run(QueuedThreadPool.java:1018)
        at java.lang.Thread.run(Thread.java:750)
"org.apache.hadoop.ozone.container.common.statemachine.commandhandler.DeleteBlocksCommandHandler$DeleteCmdWorker@25867f99" daemon prio=5 tid=191 timed_waiting
java.lang.Thread.State: TIMED_WAITING
        at java.lang.Thread.sleep(Native Method)
        at org.apache.hadoop.ozone.container.common.statemachine.commandhandler.DeleteBlocksCommandHandler$DeleteCmdWorker.run(DeleteBlocksCommandHandler.java:187)
        at java.lang.Thread.run(Thread.java:750)
"FullTableCache Cleanup Thread - 0" daemon prio=5 tid=454 in Object.wait()
java.lang.Thread.State: WAITING (on object monitor)
        at sun.misc.Unsafe.park(Native Method)
        at java.util.concurrent.locks.LockSupport.park(LockSupport.java:175)
        at java.util.concurrent.locks.AbstractQueuedSynchronizer$ConditionObject.await(AbstractQueuedSynchronizer.java:2039)
        at java.util.concurrent.LinkedBlockingQueue.take(LinkedBlockingQueue.java:442)
        at java.util.concurrent.ThreadPoolExecutor.getTask(ThreadPoolExecutor.java:1074)
        at java.util.concurrent.ThreadPoolExecutor.runWorker(ThreadPoolExecutor.java:1134)
        at java.util.concurrent.ThreadPoolExecutor$Worker.run(ThreadPoolExecutor.java:624)
        at java.lang.Thread.run(Thread.java:750)
"c077bb33-fcdc-4b26-85c1-b9d62aefbd7c-server-thread3" daemon prio=5 tid=446 timed_waiting
java.lang.Thread.State: TIMED_WAITING
        at sun.misc.Unsafe.park(Native Method)
        at java.util.concurrent.locks.LockSupport.parkNanos(LockSupport.java:215)
        at java.util.concurrent.SynchronousQueue$TransferStack.awaitFulfill(SynchronousQueue.java:460)
        at java.util.concurrent.SynchronousQueue$TransferStack.transfer(SynchronousQueue.java:362)
        at java.util.concurrent.SynchronousQueue.poll(SynchronousQueue.java:941)
        at java.util.concurrent.ThreadPoolExecutor.getTask(ThreadPoolExecutor.java:1073)
        at java.util.concurrent.ThreadPoolExecutor.runWorker(ThreadPoolExecutor.java:1134)
        at java.util.concurrent.ThreadPoolExecutor$Worker.run(ThreadPoolExecutor.java:624)
        at java.lang.Thread.run(Thread.java:750)
"IPC Server handler 6 on default port 15004" daemon prio=5 tid=169 timed_waiting
java.lang.Thread.State: TIMED_WAITING
        at sun.misc.Unsafe.park(Native Method)
        at java.util.concurrent.locks.LockSupport.parkNanos(LockSupport.java:215)
        at java.util.concurrent.locks.AbstractQueuedSynchronizer$ConditionObject.awaitNanos(AbstractQueuedSynchronizer.java:2078)
        at java.util.concurrent.LinkedBlockingQueue.poll(LinkedBlockingQueue.java:467)
        at org.apache.hadoop.ipc.CallQueueManager.take(CallQueueManager.java:317)
        at org.apache.hadoop.ipc.Server$Handler.run(Server.java:2992)
"ChunkWriter-2-0" daemon prio=5 tid=288 in Object.wait()
java.lang.Thread.State: WAITING (on object monitor)
        at sun.misc.Unsafe.park(Native Method)
        at java.util.concurrent.locks.LockSupport.park(LockSupport.java:175)
        at java.util.concurrent.locks.AbstractQueuedSynchronizer$ConditionObject.await(AbstractQueuedSynchronizer.java:2039)
        at java.util.concurrent.LinkedBlockingDeque.takeFirst(LinkedBlockingDeque.java:492)
        at java.util.concurrent.LinkedBlockingDeque.take(LinkedBlockingDeque.java:680)
        at java.util.concurrent.ThreadPoolExecutor.getTask(ThreadPoolExecutor.java:1074)
        at java.util.concurrent.ThreadPoolExecutor.runWorker(ThreadPoolExecutor.java:1134)
        at java.util.concurrent.ThreadPoolExecutor$Worker.run(ThreadPoolExecutor.java:624)
        at java.lang.Thread.run(Thread.java:750)
"grpc-default-executor-1" daemon prio=5 tid=394 timed_waiting
java.lang.Thread.State: TIMED_WAITING
        at sun.misc.Unsafe.park(Native Method)
        at java.util.concurrent.locks.LockSupport.parkNanos(LockSupport.java:215)
        at java.util.concurrent.SynchronousQueue$TransferStack.awaitFulfill(SynchronousQueue.java:460)
        at java.util.concurrent.SynchronousQueue$TransferStack.transfer(SynchronousQueue.java:362)
        at java.util.concurrent.SynchronousQueue.poll(SynchronousQueue.java:941)
        at java.util.concurrent.ThreadPoolExecutor.getTask(ThreadPoolExecutor.java:1073)
        at java.util.concurrent.ThreadPoolExecutor.runWorker(ThreadPoolExecutor.java:1134)
        at java.util.concurrent.ThreadPoolExecutor$Worker.run(ThreadPoolExecutor.java:624)
        at java.lang.Thread.run(Thread.java:750)
"4e2b4efa-bcb4-46de-b119-545b7decf2b1@group-9F8053CB28CC-LeaderStateImpl" daemon prio=5 tid=406 timed_waiting
java.lang.Thread.State: TIMED_WAITING
        at sun.misc.Unsafe.park(Native Method)
        at java.util.concurrent.locks.LockSupport.parkNanos(LockSupport.java:215)
        at java.util.concurrent.locks.AbstractQueuedSynchronizer$ConditionObject.awaitNanos(AbstractQueuedSynchronizer.java:2078)
        at java.util.concurrent.ArrayBlockingQueue.poll(ArrayBlockingQueue.java:418)
        at org.apache.ratis.server.impl.LeaderStateImpl$EventQueue.poll(LeaderStateImpl.java:164)
        at org.apache.ratis.server.impl.LeaderStateImpl$EventProcessor.run(LeaderStateImpl.java:702)
"Datanode ReportManager Thread - 4" daemon prio=5 tid=279 timed_waiting
java.lang.Thread.State: TIMED_WAITING
        at sun.misc.Unsafe.park(Native Method)
        at java.util.concurrent.locks.LockSupport.parkNanos(LockSupport.java:215)
        at java.util.concurrent.locks.AbstractQueuedSynchronizer$ConditionObject.awaitNanos(AbstractQueuedSynchronizer.java:2078)
        at java.util.concurrent.ScheduledThreadPoolExecutor$DelayedWorkQueue.take(ScheduledThreadPoolExecutor.java:1093)
        at java.util.concurrent.ScheduledThreadPoolExecutor$DelayedWorkQueue.take(ScheduledThreadPoolExecutor.java:809)
        at java.util.concurrent.ThreadPoolExecutor.getTask(ThreadPoolExecutor.java:1074)
        at java.util.concurrent.ThreadPoolExecutor.runWorker(ThreadPoolExecutor.java:1134)
        at java.util.concurrent.ThreadPoolExecutor$Worker.run(ThreadPoolExecutor.java:624)
        at java.lang.Thread.run(Thread.java:750)
"pool-135-thread-1"  prio=5 tid=258 timed_waiting
java.lang.Thread.State: TIMED_WAITING
        at sun.misc.Unsafe.park(Native Method)
        at java.util.concurrent.locks.LockSupport.parkNanos(LockSupport.java:215)
        at java.util.concurrent.locks.AbstractQueuedSynchronizer$ConditionObject.awaitNanos(AbstractQueuedSynchronizer.java:2078)
        at java.util.concurrent.ScheduledThreadPoolExecutor$DelayedWorkQueue.take(ScheduledThreadPoolExecutor.java:1093)
        at java.util.concurrent.ScheduledThreadPoolExecutor$DelayedWorkQueue.take(ScheduledThreadPoolExecutor.java:809)
        at java.util.concurrent.ThreadPoolExecutor.getTask(ThreadPoolExecutor.java:1074)
        at java.util.concurrent.ThreadPoolExecutor.runWorker(ThreadPoolExecutor.java:1134)
        at java.util.concurrent.ThreadPoolExecutor$Worker.run(ThreadPoolExecutor.java:624)
        at java.lang.Thread.run(Thread.java:750)
"IPC Server handler 10 on default port 15004" daemon prio=5 tid=173 timed_waiting
java.lang.Thread.State: TIMED_WAITING
        at sun.misc.Unsafe.park(Native Method)
        at java.util.concurrent.locks.LockSupport.parkNanos(LockSupport.java:215)
        at java.util.concurrent.locks.AbstractQueuedSynchronizer$ConditionObject.awaitNanos(AbstractQueuedSynchronizer.java:2078)
        at java.util.concurrent.LinkedBlockingQueue.poll(LinkedBlockingQueue.java:467)
        at org.apache.hadoop.ipc.CallQueueManager.take(CallQueueManager.java:317)
        at org.apache.hadoop.ipc.Server$Handler.run(Server.java:2992)
"Hadoop-Metrics-Updater-0" daemon prio=5 tid=206 timed_waiting
java.lang.Thread.State: TIMED_WAITING
        at sun.misc.Unsafe.park(Native Method)
        at java.util.concurrent.locks.LockSupport.parkNanos(LockSupport.java:215)
        at java.util.concurrent.locks.AbstractQueuedSynchronizer$ConditionObject.awaitNanos(AbstractQueuedSynchronizer.java:2078)
        at java.util.concurrent.ScheduledThreadPoolExecutor$DelayedWorkQueue.take(ScheduledThreadPoolExecutor.java:1093)
        at java.util.concurrent.ScheduledThreadPoolExecutor$DelayedWorkQueue.take(ScheduledThreadPoolExecutor.java:809)
        at java.util.concurrent.ThreadPoolExecutor.getTask(ThreadPoolExecutor.java:1074)
        at java.util.concurrent.ThreadPoolExecutor.runWorker(ThreadPoolExecutor.java:1134)
        at java.util.concurrent.ThreadPoolExecutor$Worker.run(ThreadPoolExecutor.java:624)
        at java.lang.Thread.run(Thread.java:750)
"IPC Server handler 16 on default port 15002" daemon prio=5 tid=106 timed_waiting
java.lang.Thread.State: TIMED_WAITING
        at sun.misc.Unsafe.park(Native Method)
        at java.util.concurrent.locks.LockSupport.parkNanos(LockSupport.java:215)
        at java.util.concurrent.locks.AbstractQueuedSynchronizer$ConditionObject.awaitNanos(AbstractQueuedSynchronizer.java:2078)
        at java.util.concurrent.LinkedBlockingQueue.poll(LinkedBlockingQueue.java:467)
        at org.apache.hadoop.ipc.CallQueueManager.take(CallQueueManager.java:317)
        at org.apache.hadoop.ipc.Server$Handler.run(Server.java:2992)
"StaleRecoveringContainerScrubbingService#1" daemon prio=5 tid=294 in Object.wait()
java.lang.Thread.State: WAITING (on object monitor)
        at sun.misc.Unsafe.park(Native Method)
        at java.util.concurrent.locks.LockSupport.park(LockSupport.java:175)
        at java.util.concurrent.locks.AbstractQueuedSynchronizer$ConditionObject.await(AbstractQueuedSynchronizer.java:2039)
        at java.util.concurrent.ScheduledThreadPoolExecutor$DelayedWorkQueue.take(ScheduledThreadPoolExecutor.java:1088)
        at java.util.concurrent.ScheduledThreadPoolExecutor$DelayedWorkQueue.take(ScheduledThreadPoolExecutor.java:809)
        at java.util.concurrent.ThreadPoolExecutor.getTask(ThreadPoolExecutor.java:1074)
        at java.util.concurrent.ThreadPoolExecutor.runWorker(ThreadPoolExecutor.java:1134)
        at java.util.concurrent.ThreadPoolExecutor$Worker.run(ThreadPoolExecutor.java:624)
        at java.lang.Thread.run(Thread.java:750)
"FixedThreadPoolWithAffinityExecutor-9-0" daemon prio=5 tid=48 timed_waiting
java.lang.Thread.State: TIMED_WAITING
        at sun.misc.Unsafe.park(Native Method)
        at java.util.concurrent.locks.LockSupport.parkNanos(LockSupport.java:215)
        at java.util.concurrent.locks.AbstractQueuedSynchronizer$ConditionObject.awaitNanos(AbstractQueuedSynchronizer.java:2078)
        at java.util.concurrent.LinkedBlockingQueue.poll(LinkedBlockingQueue.java:467)
        at org.apache.hadoop.hdds.scm.server.ContainerReportQueue.poll(ContainerReportQueue.java:266)
        at org.apache.hadoop.hdds.scm.server.ContainerReportQueue.poll(ContainerReportQueue.java:42)
        at org.apache.hadoop.hdds.server.events.FixedThreadPoolWithAffinityExecutor$ContainerReportProcessTask.run(FixedThreadPoolWithAffinityExecutor.java:247)
        at java.util.concurrent.Executors$RunnableAdapter.call(Executors.java:511)
        at java.util.concurrent.FutureTask.run(FutureTask.java:266)
        at java.util.concurrent.ThreadPoolExecutor.runWorker(ThreadPoolExecutor.java:1149)
        at java.util.concurrent.ThreadPoolExecutor$Worker.run(ThreadPoolExecutor.java:624)
        at java.lang.Thread.run(Thread.java:750)
"Datanode State Machine Task Thread - 1"  prio=5 tid=308 in Object.wait()
java.lang.Thread.State: WAITING (on object monitor)
        at sun.misc.Unsafe.park(Native Method)
        at java.util.concurrent.locks.LockSupport.park(LockSupport.java:175)
        at java.util.concurrent.locks.AbstractQueuedSynchronizer$ConditionObject.await(AbstractQueuedSynchronizer.java:2039)
        at java.util.concurrent.LinkedBlockingQueue.take(LinkedBlockingQueue.java:442)
        at java.util.concurrent.ThreadPoolExecutor.getTask(ThreadPoolExecutor.java:1074)
        at java.util.concurrent.ThreadPoolExecutor.runWorker(ThreadPoolExecutor.java:1134)
        at java.util.concurrent.ThreadPoolExecutor$Worker.run(ThreadPoolExecutor.java:624)
        at java.lang.Thread.run(Thread.java:750)
"Datanode State Machine Task Thread - 1"  prio=5 tid=282 in Object.wait()
java.lang.Thread.State: WAITING (on object monitor)
        at sun.misc.Unsafe.park(Native Method)
        at java.util.concurrent.locks.LockSupport.park(LockSupport.java:175)
        at java.util.concurrent.locks.AbstractQueuedSynchronizer$ConditionObject.await(AbstractQueuedSynchronizer.java:2039)
        at java.util.concurrent.LinkedBlockingQueue.take(LinkedBlockingQueue.java:442)
        at java.util.concurrent.ThreadPoolExecutor.getTask(ThreadPoolExecutor.java:1074)
        at java.util.concurrent.ThreadPoolExecutor.runWorker(ThreadPoolExecutor.java:1134)
        at java.util.concurrent.ThreadPoolExecutor$Worker.run(ThreadPoolExecutor.java:624)
        at java.lang.Thread.run(Thread.java:750)
"qtp1825080326-116" daemon prio=5 tid=116 timed_waiting
java.lang.Thread.State: TIMED_WAITING
        at sun.misc.Unsafe.park(Native Method)
        at java.util.concurrent.locks.LockSupport.parkNanos(LockSupport.java:215)
        at java.util.concurrent.locks.AbstractQueuedSynchronizer$ConditionObject.awaitNanos(AbstractQueuedSynchronizer.java:2078)
        at org.eclipse.jetty.util.BlockingArrayQueue.poll(BlockingArrayQueue.java:382)
        at org.eclipse.jetty.util.thread.QueuedThreadPool$Runner.idleJobPoll(QueuedThreadPool.java:974)
        at org.eclipse.jetty.util.thread.QueuedThreadPool$Runner.run(QueuedThreadPool.java:1018)
        at java.lang.Thread.run(Thread.java:750)
"qtp636208486-193" daemon prio=5 tid=193 runnable
java.lang.Thread.State: RUNNABLE
        at sun.nio.ch.EPollArrayWrapper.epollWait(Native Method)
        at sun.nio.ch.EPollArrayWrapper.poll(EPollArrayWrapper.java:269)
        at sun.nio.ch.EPollSelectorImpl.doSelect(EPollSelectorImpl.java:93)
        at sun.nio.ch.SelectorImpl.lockAndDoSelect(SelectorImpl.java:86)
        at sun.nio.ch.SelectorImpl.select(SelectorImpl.java:97)
        at sun.nio.ch.SelectorImpl.select(SelectorImpl.java:101)
        at org.eclipse.jetty.io.ManagedSelector.nioSelect(ManagedSelector.java:183)
        at org.eclipse.jetty.io.ManagedSelector.select(ManagedSelector.java:190)
        at org.eclipse.jetty.io.ManagedSelector$SelectorProducer.select(ManagedSelector.java:606)
        at org.eclipse.jetty.io.ManagedSelector$SelectorProducer.produce(ManagedSelector.java:543)
        at org.eclipse.jetty.util.thread.strategy.EatWhatYouKill.produceTask(EatWhatYouKill.java:362)
        at org.eclipse.jetty.util.thread.strategy.EatWhatYouKill.doProduce(EatWhatYouKill.java:186)
        at org.eclipse.jetty.util.thread.strategy.EatWhatYouKill.tryProduce(EatWhatYouKill.java:173)
        at org.eclipse.jetty.util.thread.strategy.EatWhatYouKill.produce(EatWhatYouKill.java:137)
        at org.eclipse.jetty.io.ManagedSelector$$Lambda$441/1172812315.run(Unknown Source)
        at org.eclipse.jetty.util.thread.QueuedThreadPool.runJob(QueuedThreadPool.java:883)
        at org.eclipse.jetty.util.thread.QueuedThreadPool$Runner.run(QueuedThreadPool.java:1034)
        at java.lang.Thread.run(Thread.java:750)
"IPC Server handler 15 on default port 15002" daemon prio=5 tid=105 timed_waiting
java.lang.Thread.State: TIMED_WAITING
        at sun.misc.Unsafe.park(Native Method)
        at java.util.concurrent.locks.LockSupport.parkNanos(LockSupport.java:215)
        at java.util.concurrent.locks.AbstractQueuedSynchronizer$ConditionObject.awaitNanos(AbstractQueuedSynchronizer.java:2078)
        at java.util.concurrent.LinkedBlockingQueue.poll(LinkedBlockingQueue.java:467)
        at org.apache.hadoop.ipc.CallQueueManager.take(CallQueueManager.java:317)
        at org.apache.hadoop.ipc.Server$Handler.run(Server.java:2992)
"fdffd6d6-5a7e-48c5-a2f3-4f163f884c78@group-FBE9E628C331-LeaderStateImpl" daemon prio=5 tid=431 timed_waiting
java.lang.Thread.State: TIMED_WAITING
        at sun.misc.Unsafe.park(Native Method)
        at java.util.concurrent.locks.LockSupport.parkNanos(LockSupport.java:215)
        at java.util.concurrent.locks.AbstractQueuedSynchronizer$ConditionObject.awaitNanos(AbstractQueuedSynchronizer.java:2078)
        at java.util.concurrent.ArrayBlockingQueue.poll(ArrayBlockingQueue.java:418)
        at org.apache.ratis.server.impl.LeaderStateImpl$EventQueue.poll(LeaderStateImpl.java:164)
        at org.apache.ratis.server.impl.LeaderStateImpl$EventProcessor.run(LeaderStateImpl.java:702)
"4e2b4efa-bcb4-46de-b119-545b7decf2b1@group-9F8053CB28CC-StateMachineUpdater" daemon prio=5 tid=348 timed_waiting
java.lang.Thread.State: TIMED_WAITING
        at sun.misc.Unsafe.park(Native Method)
        at java.util.concurrent.locks.LockSupport.parkNanos(LockSupport.java:215)
        at java.util.concurrent.locks.AbstractQueuedSynchronizer$ConditionObject.await(AbstractQueuedSynchronizer.java:2163)
        at org.apache.ratis.util.AwaitForSignal.await(AwaitForSignal.java:62)
        at org.apache.ratis.server.impl.StateMachineUpdater.waitForCommit(StateMachineUpdater.java:209)
        at org.apache.ratis.server.impl.StateMachineUpdater.run(StateMachineUpdater.java:178)
        at java.lang.Thread.run(Thread.java:750)
"IPC Server handler 13 on default port 15000" daemon prio=5 tid=63 timed_waiting
java.lang.Thread.State: TIMED_WAITING
        at sun.misc.Unsafe.park(Native Method)
        at java.util.concurrent.locks.LockSupport.parkNanos(LockSupport.java:215)
        at java.util.concurrent.locks.AbstractQueuedSynchronizer$ConditionObject.awaitNanos(AbstractQueuedSynchronizer.java:2078)
        at java.util.concurrent.LinkedBlockingQueue.poll(LinkedBlockingQueue.java:467)
        at org.apache.hadoop.ipc.CallQueueManager.take(CallQueueManager.java:317)
        at org.apache.hadoop.ipc.Server$Handler.run(Server.java:2992)
"BlockDeletingService#1" daemon prio=5 tid=295 in Object.wait()
java.lang.Thread.State: WAITING (on object monitor)
        at sun.misc.Unsafe.park(Native Method)
        at java.util.concurrent.locks.LockSupport.park(LockSupport.java:175)
        at java.util.concurrent.locks.AbstractQueuedSynchronizer$ConditionObject.await(AbstractQueuedSynchronizer.java:2039)
        at java.util.concurrent.ScheduledThreadPoolExecutor$DelayedWorkQueue.take(ScheduledThreadPoolExecutor.java:1088)
        at java.util.concurrent.ScheduledThreadPoolExecutor$DelayedWorkQueue.take(ScheduledThreadPoolExecutor.java:809)
        at java.util.concurrent.ThreadPoolExecutor.getTask(ThreadPoolExecutor.java:1074)
        at java.util.concurrent.ThreadPoolExecutor.runWorker(ThreadPoolExecutor.java:1134)
        at java.util.concurrent.ThreadPoolExecutor$Worker.run(ThreadPoolExecutor.java:624)
        at java.lang.Thread.run(Thread.java:750)
"Datanode ReportManager Thread - 1" daemon prio=5 tid=276 in Object.wait()
java.lang.Thread.State: WAITING (on object monitor)
        at sun.misc.Unsafe.park(Native Method)
        at java.util.concurrent.locks.LockSupport.park(LockSupport.java:175)
        at java.util.concurrent.locks.AbstractQueuedSynchronizer$ConditionObject.await(AbstractQueuedSynchronizer.java:2039)
        at java.util.concurrent.ScheduledThreadPoolExecutor$DelayedWorkQueue.take(ScheduledThreadPoolExecutor.java:1088)
        at java.util.concurrent.ScheduledThreadPoolExecutor$DelayedWorkQueue.take(ScheduledThreadPoolExecutor.java:809)
        at java.util.concurrent.ThreadPoolExecutor.getTask(ThreadPoolExecutor.java:1074)
        at java.util.concurrent.ThreadPoolExecutor.runWorker(ThreadPoolExecutor.java:1134)
        at java.util.concurrent.ThreadPoolExecutor$Worker.run(ThreadPoolExecutor.java:624)
        at java.lang.Thread.run(Thread.java:750)
"IPC Server Responder" daemon prio=5 tid=271 runnable
java.lang.Thread.State: RUNNABLE
        at sun.nio.ch.EPollArrayWrapper.epollWait(Native Method)
        at sun.nio.ch.EPollArrayWrapper.poll(EPollArrayWrapper.java:269)
        at sun.nio.ch.EPollSelectorImpl.doSelect(EPollSelectorImpl.java:93)
        at sun.nio.ch.SelectorImpl.lockAndDoSelect(SelectorImpl.java:86)
        at sun.nio.ch.SelectorImpl.select(SelectorImpl.java:97)
        at org.apache.hadoop.ipc.Server$Responder.doRunLoop(Server.java:1578)
        at org.apache.hadoop.ipc.Server$Responder.run(Server.java:1561)
"Socket Reader #1 for port 15002" daemon prio=5 tid=25 runnable
java.lang.Thread.State: RUNNABLE
        at sun.nio.ch.EPollArrayWrapper.epollWait(Native Method)
        at sun.nio.ch.EPollArrayWrapper.poll(EPollArrayWrapper.java:269)
        at sun.nio.ch.EPollSelectorImpl.doSelect(EPollSelectorImpl.java:93)
        at sun.nio.ch.SelectorImpl.lockAndDoSelect(SelectorImpl.java:86)
        at sun.nio.ch.SelectorImpl.select(SelectorImpl.java:97)
        at sun.nio.ch.SelectorImpl.select(SelectorImpl.java:101)
        at org.apache.hadoop.ipc.Server$Listener$Reader.doRunLoop(Server.java:1342)
        at org.apache.hadoop.ipc.Server$Listener$Reader.run(Server.java:1321)
"grpc-default-worker-ELG-3-1" daemon prio=5 tid=337 runnable
java.lang.Thread.State: RUNNABLE
        at org.apache.ratis.thirdparty.io.netty.channel.epoll.Native.epollWait0(Native Method)
        at org.apache.ratis.thirdparty.io.netty.channel.epoll.Native.epollWait(Native.java:182)
        at org.apache.ratis.thirdparty.io.netty.channel.epoll.EpollEventLoop.epollWait(EpollEventLoop.java:302)
        at org.apache.ratis.thirdparty.io.netty.channel.epoll.EpollEventLoop.run(EpollEventLoop.java:366)
        at org.apache.ratis.thirdparty.io.netty.util.concurrent.SingleThreadEventExecutor$4.run(SingleThreadEventExecutor.java:997)
        at org.apache.ratis.thirdparty.io.netty.util.internal.ThreadExecutorMap$2.run(ThreadExecutorMap.java:74)
        at org.apache.ratis.thirdparty.io.netty.util.concurrent.FastThreadLocalRunnable.run(FastThreadLocalRunnable.java:30)
        at java.lang.Thread.run(Thread.java:750)
"BlockDeletingService#0" daemon prio=5 tid=316 timed_waiting
java.lang.Thread.State: TIMED_WAITING
        at sun.misc.Unsafe.park(Native Method)
        at java.util.concurrent.locks.LockSupport.parkNanos(LockSupport.java:215)
        at java.util.concurrent.locks.AbstractQueuedSynchronizer$ConditionObject.awaitNanos(AbstractQueuedSynchronizer.java:2078)
        at java.util.concurrent.ScheduledThreadPoolExecutor$DelayedWorkQueue.take(ScheduledThreadPoolExecutor.java:1093)
        at java.util.concurrent.ScheduledThreadPoolExecutor$DelayedWorkQueue.take(ScheduledThreadPoolExecutor.java:809)
        at java.util.concurrent.ThreadPoolExecutor.getTask(ThreadPoolExecutor.java:1074)
        at java.util.concurrent.ThreadPoolExecutor.runWorker(ThreadPoolExecutor.java:1134)
        at java.util.concurrent.ThreadPoolExecutor$Worker.run(ThreadPoolExecutor.java:624)
        at java.lang.Thread.run(Thread.java:750)
"IPC Server handler 19 on default port 15000" daemon prio=5 tid=69 timed_waiting
java.lang.Thread.State: TIMED_WAITING
        at sun.misc.Unsafe.park(Native Method)
        at java.util.concurrent.locks.LockSupport.parkNanos(LockSupport.java:215)
        at java.util.concurrent.locks.AbstractQueuedSynchronizer$ConditionObject.awaitNanos(AbstractQueuedSynchronizer.java:2078)
        at java.util.concurrent.LinkedBlockingQueue.poll(LinkedBlockingQueue.java:467)
        at org.apache.hadoop.ipc.CallQueueManager.take(CallQueueManager.java:317)
        at org.apache.hadoop.ipc.Server$Handler.run(Server.java:2992)
"DataNode DiskChecker thread 0" daemon prio=5 tid=252 timed_waiting
java.lang.Thread.State: TIMED_WAITING
        at sun.misc.Unsafe.park(Native Method)
        at java.util.concurrent.locks.LockSupport.parkNanos(LockSupport.java:215)
        at java.util.concurrent.SynchronousQueue$TransferStack.awaitFulfill(SynchronousQueue.java:460)
        at java.util.concurrent.SynchronousQueue$TransferStack.transfer(SynchronousQueue.java:362)
        at java.util.concurrent.SynchronousQueue.poll(SynchronousQueue.java:941)
        at java.util.concurrent.ThreadPoolExecutor.getTask(ThreadPoolExecutor.java:1073)
        at java.util.concurrent.ThreadPoolExecutor.runWorker(ThreadPoolExecutor.java:1134)
        at java.util.concurrent.ThreadPoolExecutor$Worker.run(ThreadPoolExecutor.java:624)
        at java.lang.Thread.run(Thread.java:750)
"IPC Server handler 14 on default port 15002" daemon prio=5 tid=104 timed_waiting
java.lang.Thread.State: TIMED_WAITING
        at sun.misc.Unsafe.park(Native Method)
        at java.util.concurrent.locks.LockSupport.parkNanos(LockSupport.java:215)
        at java.util.concurrent.locks.AbstractQueuedSynchronizer$ConditionObject.awaitNanos(AbstractQueuedSynchronizer.java:2078)
        at java.util.concurrent.LinkedBlockingQueue.poll(LinkedBlockingQueue.java:467)
        at org.apache.hadoop.ipc.CallQueueManager.take(CallQueueManager.java:317)
        at org.apache.hadoop.ipc.Server$Handler.run(Server.java:2992)
"ContainerOp-543cabb3-751c-4abf-99dc-429456829e89-6"  prio=5 tid=471 in Object.wait()
java.lang.Thread.State: WAITING (on object monitor)
        at sun.misc.Unsafe.park(Native Method)
        at java.util.concurrent.locks.LockSupport.park(LockSupport.java:175)
        at java.util.concurrent.locks.AbstractQueuedSynchronizer$ConditionObject.await(AbstractQueuedSynchronizer.java:2039)
        at java.util.concurrent.LinkedBlockingQueue.take(LinkedBlockingQueue.java:442)
        at java.util.concurrent.ThreadPoolExecutor.getTask(ThreadPoolExecutor.java:1074)
        at java.util.concurrent.ThreadPoolExecutor.runWorker(ThreadPoolExecutor.java:1134)
        at java.util.concurrent.ThreadPoolExecutor$Worker.run(ThreadPoolExecutor.java:624)
        at java.lang.Thread.run(Thread.java:750)
"qtp257278770-261-acceptor-0@3ecfe885-ServerConnector@7f3b1214{HTTP/1.1, (http/1.1)}{0.0.0.0:15027}" daemon prio=3 tid=261 runnable
java.lang.Thread.State: RUNNABLE
        at sun.nio.ch.ServerSocketChannelImpl.accept0(Native Method)
        at sun.nio.ch.ServerSocketChannelImpl.accept(ServerSocketChannelImpl.java:421)
        at sun.nio.ch.ServerSocketChannelImpl.accept(ServerSocketChannelImpl.java:249)
        at org.eclipse.jetty.server.ServerConnector.accept(ServerConnector.java:388)
        at org.eclipse.jetty.server.AbstractConnector$Acceptor.run(AbstractConnector.java:704)
        at org.eclipse.jetty.util.thread.QueuedThreadPool.runJob(QueuedThreadPool.java:883)
        at org.eclipse.jetty.util.thread.QueuedThreadPool$Runner.run(QueuedThreadPool.java:1034)
        at java.lang.Thread.run(Thread.java:750)
"c077bb33-fcdc-4b26-85c1-b9d62aefbd7c-client-thread1" daemon prio=5 tid=459 timed_waiting
java.lang.Thread.State: TIMED_WAITING
        at sun.misc.Unsafe.park(Native Method)
        at java.util.concurrent.locks.LockSupport.parkNanos(LockSupport.java:215)
        at java.util.concurrent.SynchronousQueue$TransferStack.awaitFulfill(SynchronousQueue.java:460)
        at java.util.concurrent.SynchronousQueue$TransferStack.transfer(SynchronousQueue.java:362)
        at java.util.concurrent.SynchronousQueue.poll(SynchronousQueue.java:941)
        at java.util.concurrent.ThreadPoolExecutor.getTask(ThreadPoolExecutor.java:1073)
        at java.util.concurrent.ThreadPoolExecutor.runWorker(ThreadPoolExecutor.java:1134)
        at java.util.concurrent.ThreadPoolExecutor$Worker.run(ThreadPoolExecutor.java:624)
        at java.lang.Thread.run(Thread.java:750)
"IPC Server handler 15 on default port 15004" daemon prio=5 tid=178 timed_waiting
java.lang.Thread.State: TIMED_WAITING
        at sun.misc.Unsafe.park(Native Method)
        at java.util.concurrent.locks.LockSupport.parkNanos(LockSupport.java:215)
        at java.util.concurrent.locks.AbstractQueuedSynchronizer$ConditionObject.awaitNanos(AbstractQueuedSynchronizer.java:2078)
        at java.util.concurrent.LinkedBlockingQueue.poll(LinkedBlockingQueue.java:467)
        at org.apache.hadoop.ipc.CallQueueManager.take(CallQueueManager.java:317)
        at org.apache.hadoop.ipc.Server$Handler.run(Server.java:2992)
"EventQueue-NewNodeForNewNodeHandler" daemon prio=5 tid=320 in Object.wait()
java.lang.Thread.State: WAITING (on object monitor)
        at sun.misc.Unsafe.park(Native Method)
        at java.util.concurrent.locks.LockSupport.park(LockSupport.java:175)
        at java.util.concurrent.locks.AbstractQueuedSynchronizer$ConditionObject.await(AbstractQueuedSynchronizer.java:2039)
        at java.util.concurrent.LinkedBlockingQueue.take(LinkedBlockingQueue.java:442)
        at java.util.concurrent.ThreadPoolExecutor.getTask(ThreadPoolExecutor.java:1074)
        at java.util.concurrent.ThreadPoolExecutor.runWorker(ThreadPoolExecutor.java:1134)
        at java.util.concurrent.ThreadPoolExecutor$Worker.run(ThreadPoolExecutor.java:624)
        at java.lang.Thread.run(Thread.java:750)
"prometheus" daemon prio=5 tid=123 in Object.wait()
java.lang.Thread.State: WAITING (on object monitor)
        at java.lang.Object.wait(Native Method)
        at java.lang.Object.wait(Object.java:502)
        at org.apache.hadoop.metrics2.impl.SinkQueue.waitForData(SinkQueue.java:114)
        at org.apache.hadoop.metrics2.impl.SinkQueue.consumeAll(SinkQueue.java:83)
        at org.apache.hadoop.metrics2.impl.MetricsSinkAdapter.publishMetricsFromQueue(MetricsSinkAdapter.java:135)
        at org.apache.hadoop.metrics2.impl.MetricsSinkAdapter$1.run(MetricsSinkAdapter.java:89)
"qtp1258738962-231" daemon prio=5 tid=231 timed_waiting
java.lang.Thread.State: TIMED_WAITING
        at sun.misc.Unsafe.park(Native Method)
        at java.util.concurrent.locks.LockSupport.parkNanos(LockSupport.java:215)
        at java.util.concurrent.locks.AbstractQueuedSynchronizer$ConditionObject.awaitNanos(AbstractQueuedSynchronizer.java:2078)
        at org.eclipse.jetty.util.BlockingArrayQueue.poll(BlockingArrayQueue.java:382)
        at org.eclipse.jetty.util.thread.QueuedThreadPool$Runner.idleJobPoll(QueuedThreadPool.java:974)
        at org.eclipse.jetty.util.thread.QueuedThreadPool$Runner.run(QueuedThreadPool.java:1018)
        at java.lang.Thread.run(Thread.java:750)
"IPC Server Responder" daemon prio=5 tid=205 runnable
java.lang.Thread.State: RUNNABLE
        at sun.nio.ch.EPollArrayWrapper.epollWait(Native Method)
        at sun.nio.ch.EPollArrayWrapper.poll(EPollArrayWrapper.java:269)
        at sun.nio.ch.EPollSelectorImpl.doSelect(EPollSelectorImpl.java:93)
        at sun.nio.ch.SelectorImpl.lockAndDoSelect(SelectorImpl.java:86)
        at sun.nio.ch.SelectorImpl.select(SelectorImpl.java:97)
        at org.apache.hadoop.ipc.Server$Responder.doRunLoop(Server.java:1578)
        at org.apache.hadoop.ipc.Server$Responder.run(Server.java:1561)
"qtp257278770-260" daemon prio=5 tid=260 runnable
java.lang.Thread.State: RUNNABLE
        at sun.nio.ch.EPollArrayWrapper.epollWait(Native Method)
        at sun.nio.ch.EPollArrayWrapper.poll(EPollArrayWrapper.java:269)
        at sun.nio.ch.EPollSelectorImpl.doSelect(EPollSelectorImpl.java:93)
        at sun.nio.ch.SelectorImpl.lockAndDoSelect(SelectorImpl.java:86)
        at sun.nio.ch.SelectorImpl.select(SelectorImpl.java:97)
        at sun.nio.ch.SelectorImpl.select(SelectorImpl.java:101)
        at org.eclipse.jetty.io.ManagedSelector.nioSelect(ManagedSelector.java:183)
        at org.eclipse.jetty.io.ManagedSelector.select(ManagedSelector.java:190)
        at org.eclipse.jetty.io.ManagedSelector$SelectorProducer.select(ManagedSelector.java:606)
        at org.eclipse.jetty.io.ManagedSelector$SelectorProducer.produce(ManagedSelector.java:543)
        at org.eclipse.jetty.util.thread.strategy.EatWhatYouKill.produceTask(EatWhatYouKill.java:362)
        at org.eclipse.jetty.util.thread.strategy.EatWhatYouKill.doProduce(EatWhatYouKill.java:186)
        at org.eclipse.jetty.util.thread.strategy.EatWhatYouKill.tryProduce(EatWhatYouKill.java:173)
        at org.eclipse.jetty.util.thread.strategy.EatWhatYouKill.produce(EatWhatYouKill.java:137)
        at org.eclipse.jetty.io.ManagedSelector$$Lambda$441/1172812315.run(Unknown Source)
        at org.eclipse.jetty.util.thread.QueuedThreadPool.runJob(QueuedThreadPool.java:883)
        at org.eclipse.jetty.util.thread.QueuedThreadPool$Runner.run(QueuedThreadPool.java:1034)
        at java.lang.Thread.run(Thread.java:750)
"IPC Server handler 15 on default port 15000" daemon prio=5 tid=65 timed_waiting
java.lang.Thread.State: TIMED_WAITING
        at sun.misc.Unsafe.park(Native Method)
        at java.util.concurrent.locks.LockSupport.parkNanos(LockSupport.java:215)
        at java.util.concurrent.locks.AbstractQueuedSynchronizer$ConditionObject.awaitNanos(AbstractQueuedSynchronizer.java:2078)
        at java.util.concurrent.LinkedBlockingQueue.poll(LinkedBlockingQueue.java:467)
        at org.apache.hadoop.ipc.CallQueueManager.take(CallQueueManager.java:317)
        at org.apache.hadoop.ipc.Server$Handler.run(Server.java:2992)
"IPC Server idle connection scanner for port 15028" daemon prio=5 tid=270 timed_waiting
java.lang.Thread.State: TIMED_WAITING
        at java.lang.Object.wait(Native Method)
        at java.util.TimerThread.mainLoop(Timer.java:552)
        at java.util.TimerThread.run(Timer.java:505)
"qtp636208486-194-acceptor-0@678b19e1-ServerConnector@4bd0f290{HTTP/1.1, (http/1.1)}{0.0.0.0:15009}" daemon prio=3 tid=194 runnable
java.lang.Thread.State: RUNNABLE
        at sun.nio.ch.ServerSocketChannelImpl.accept0(Native Method)
        at sun.nio.ch.ServerSocketChannelImpl.accept(ServerSocketChannelImpl.java:421)
        at sun.nio.ch.ServerSocketChannelImpl.accept(ServerSocketChannelImpl.java:249)
        at org.eclipse.jetty.server.ServerConnector.accept(ServerConnector.java:388)
        at org.eclipse.jetty.server.AbstractConnector$Acceptor.run(AbstractConnector.java:704)
        at org.eclipse.jetty.util.thread.QueuedThreadPool.runJob(QueuedThreadPool.java:883)
        at org.eclipse.jetty.util.thread.QueuedThreadPool$Runner.run(QueuedThreadPool.java:1034)
        at java.lang.Thread.run(Thread.java:750)
"SstFilteringService#0" daemon prio=5 tid=151 timed_waiting
java.lang.Thread.State: TIMED_WAITING
        at sun.misc.Unsafe.park(Native Method)
        at java.util.concurrent.locks.LockSupport.parkNanos(LockSupport.java:215)
        at java.util.concurrent.locks.AbstractQueuedSynchronizer$ConditionObject.awaitNanos(AbstractQueuedSynchronizer.java:2078)
        at java.util.concurrent.ScheduledThreadPoolExecutor$DelayedWorkQueue.take(ScheduledThreadPoolExecutor.java:1093)
        at java.util.concurrent.ScheduledThreadPoolExecutor$DelayedWorkQueue.take(ScheduledThreadPoolExecutor.java:809)
        at java.util.concurrent.ThreadPoolExecutor.getTask(ThreadPoolExecutor.java:1074)
        at java.util.concurrent.ThreadPoolExecutor.runWorker(ThreadPoolExecutor.java:1134)
        at java.util.concurrent.ThreadPoolExecutor$Worker.run(ThreadPoolExecutor.java:624)
        at java.lang.Thread.run(Thread.java:750)
"IPC Server handler 12 on default port 15001" daemon prio=5 tid=82 timed_waiting
java.lang.Thread.State: TIMED_WAITING
        at sun.misc.Unsafe.park(Native Method)
        at java.util.concurrent.locks.LockSupport.parkNanos(LockSupport.java:215)
        at java.util.concurrent.locks.AbstractQueuedSynchronizer$ConditionObject.awaitNanos(AbstractQueuedSynchronizer.java:2078)
        at java.util.concurrent.LinkedBlockingQueue.poll(LinkedBlockingQueue.java:467)
        at org.apache.hadoop.ipc.CallQueueManager.take(CallQueueManager.java:317)
        at org.apache.hadoop.ipc.Server$Handler.run(Server.java:2992)
"IPC Server handler 16 on default port 15001" daemon prio=5 tid=86 timed_waiting
java.lang.Thread.State: TIMED_WAITING
        at sun.misc.Unsafe.park(Native Method)
        at java.util.concurrent.locks.LockSupport.parkNanos(LockSupport.java:215)
        at java.util.concurrent.locks.AbstractQueuedSynchronizer$ConditionObject.awaitNanos(AbstractQueuedSynchronizer.java:2078)
        at java.util.concurrent.LinkedBlockingQueue.poll(LinkedBlockingQueue.java:467)
        at org.apache.hadoop.ipc.CallQueueManager.take(CallQueueManager.java:317)
        at org.apache.hadoop.ipc.Server$Handler.run(Server.java:2992)
"ContainerOp-543cabb3-751c-4abf-99dc-429456829e89-3"  prio=5 tid=466 in Object.wait()
java.lang.Thread.State: WAITING (on object monitor)
        at sun.misc.Unsafe.park(Native Method)
        at java.util.concurrent.locks.LockSupport.park(LockSupport.java:175)
        at java.util.concurrent.locks.AbstractQueuedSynchronizer$ConditionObject.await(AbstractQueuedSynchronizer.java:2039)
        at java.util.concurrent.LinkedBlockingQueue.take(LinkedBlockingQueue.java:442)
        at java.util.concurrent.ThreadPoolExecutor.getTask(ThreadPoolExecutor.java:1074)
        at java.util.concurrent.ThreadPoolExecutor.runWorker(ThreadPoolExecutor.java:1134)
        at java.util.concurrent.ThreadPoolExecutor$Worker.run(ThreadPoolExecutor.java:624)
        at java.lang.Thread.run(Thread.java:750)
"timer1" daemon prio=5 tid=412 timed_waiting
java.lang.Thread.State: TIMED_WAITING
        at java.lang.Object.wait(Native Method)
        at java.util.TimerThread.mainLoop(Timer.java:552)
        at java.util.TimerThread.run(Timer.java:505)
"qtp257278770-265" daemon prio=5 tid=265 timed_waiting
java.lang.Thread.State: TIMED_WAITING
        at sun.misc.Unsafe.park(Native Method)
        at java.util.concurrent.locks.LockSupport.parkNanos(LockSupport.java:215)
        at java.util.concurrent.locks.AbstractQueuedSynchronizer$ConditionObject.awaitNanos(AbstractQueuedSynchronizer.java:2078)
        at org.eclipse.jetty.util.BlockingArrayQueue.poll(BlockingArrayQueue.java:382)
        at org.eclipse.jetty.util.thread.QueuedThreadPool$Runner.idleJobPoll(QueuedThreadPool.java:974)
        at org.eclipse.jetty.util.thread.QueuedThreadPool$Runner.run(QueuedThreadPool.java:1018)
        at java.lang.Thread.run(Thread.java:750)
"IPC Server handler 19 on default port 15004" daemon prio=5 tid=182 timed_waiting
java.lang.Thread.State: TIMED_WAITING
        at sun.misc.Unsafe.park(Native Method)
        at java.util.concurrent.locks.LockSupport.parkNanos(LockSupport.java:215)
        at java.util.concurrent.locks.AbstractQueuedSynchronizer$ConditionObject.awaitNanos(AbstractQueuedSynchronizer.java:2078)
        at java.util.concurrent.LinkedBlockingQueue.poll(LinkedBlockingQueue.java:467)
        at org.apache.hadoop.ipc.CallQueueManager.take(CallQueueManager.java:317)
        at org.apache.hadoop.ipc.Server$Handler.run(Server.java:2992)
"FixedThreadPoolWithAffinityExecutor-2-0" daemon prio=5 tid=41 timed_waiting
java.lang.Thread.State: TIMED_WAITING
        at sun.misc.Unsafe.park(Native Method)
        at java.util.concurrent.locks.LockSupport.parkNanos(LockSupport.java:215)
        at java.util.concurrent.locks.AbstractQueuedSynchronizer$ConditionObject.awaitNanos(AbstractQueuedSynchronizer.java:2078)
        at java.util.concurrent.LinkedBlockingQueue.poll(LinkedBlockingQueue.java:467)
        at org.apache.hadoop.hdds.scm.server.ContainerReportQueue.poll(ContainerReportQueue.java:266)
        at org.apache.hadoop.hdds.scm.server.ContainerReportQueue.poll(ContainerReportQueue.java:42)
        at org.apache.hadoop.hdds.server.events.FixedThreadPoolWithAffinityExecutor$ContainerReportProcessTask.run(FixedThreadPoolWithAffinityExecutor.java:247)
        at java.util.concurrent.Executors$RunnableAdapter.call(Executors.java:511)
        at java.util.concurrent.FutureTask.run(FutureTask.java:266)
        at java.util.concurrent.ThreadPoolExecutor.runWorker(ThreadPoolExecutor.java:1149)
        at java.util.concurrent.ThreadPoolExecutor$Worker.run(ThreadPoolExecutor.java:624)
        at java.lang.Thread.run(Thread.java:750)
"ChunkWriter-3-0" daemon prio=5 tid=289 in Object.wait()
java.lang.Thread.State: WAITING (on object monitor)
        at sun.misc.Unsafe.park(Native Method)
        at java.util.concurrent.locks.LockSupport.park(LockSupport.java:175)
        at java.util.concurrent.locks.AbstractQueuedSynchronizer$ConditionObject.await(AbstractQueuedSynchronizer.java:2039)
        at java.util.concurrent.LinkedBlockingDeque.takeFirst(LinkedBlockingDeque.java:492)
        at java.util.concurrent.LinkedBlockingDeque.take(LinkedBlockingDeque.java:680)
        at java.util.concurrent.ThreadPoolExecutor.getTask(ThreadPoolExecutor.java:1074)
        at java.util.concurrent.ThreadPoolExecutor.runWorker(ThreadPoolExecutor.java:1134)
        at java.util.concurrent.ThreadPoolExecutor$Worker.run(ThreadPoolExecutor.java:624)
        at java.lang.Thread.run(Thread.java:750)
"PartialTableCache Cleanup Thread - 0" daemon prio=5 tid=464 in Object.wait()
java.lang.Thread.State: WAITING (on object monitor)
        at sun.misc.Unsafe.park(Native Method)
        at java.util.concurrent.locks.LockSupport.park(LockSupport.java:175)
        at java.util.concurrent.locks.AbstractQueuedSynchronizer$ConditionObject.await(AbstractQueuedSynchronizer.java:2039)
        at java.util.concurrent.LinkedBlockingQueue.take(LinkedBlockingQueue.java:442)
        at java.util.concurrent.ThreadPoolExecutor.getTask(ThreadPoolExecutor.java:1074)
        at java.util.concurrent.ThreadPoolExecutor.runWorker(ThreadPoolExecutor.java:1134)
        at java.util.concurrent.ThreadPoolExecutor$Worker.run(ThreadPoolExecutor.java:624)
        at java.lang.Thread.run(Thread.java:750)
"FullTableCache Cleanup Thread - 0" daemon prio=5 tid=453 in Object.wait()
java.lang.Thread.State: WAITING (on object monitor)
        at sun.misc.Unsafe.park(Native Method)
        at java.util.concurrent.locks.LockSupport.park(LockSupport.java:175)
        at java.util.concurrent.locks.AbstractQueuedSynchronizer$ConditionObject.await(AbstractQueuedSynchronizer.java:2039)
        at java.util.concurrent.LinkedBlockingQueue.take(LinkedBlockingQueue.java:442)
        at java.util.concurrent.ThreadPoolExecutor.getTask(ThreadPoolExecutor.java:1074)
        at java.util.concurrent.ThreadPoolExecutor.runWorker(ThreadPoolExecutor.java:1134)
        at java.util.concurrent.ThreadPoolExecutor$Worker.run(ThreadPoolExecutor.java:624)
        at java.lang.Thread.run(Thread.java:750)
"IPC Server idle connection scanner for port 15010" daemon prio=5 tid=204 timed_waiting
java.lang.Thread.State: TIMED_WAITING
        at java.lang.Object.wait(Native Method)
        at java.util.TimerThread.mainLoop(Timer.java:552)
        at java.util.TimerThread.run(Timer.java:505)
"qtp636208486-196" daemon prio=5 tid=196 timed_waiting
java.lang.Thread.State: TIMED_WAITING
        at sun.misc.Unsafe.park(Native Method)
        at java.util.concurrent.locks.LockSupport.parkNanos(LockSupport.java:215)
        at java.util.concurrent.locks.AbstractQueuedSynchronizer$ConditionObject.awaitNanos(AbstractQueuedSynchronizer.java:2078)
        at org.eclipse.jetty.util.BlockingArrayQueue.poll(BlockingArrayQueue.java:382)
        at org.eclipse.jetty.util.thread.QueuedThreadPool$Runner.idleJobPoll(QueuedThreadPool.java:974)
        at org.eclipse.jetty.util.thread.QueuedThreadPool$Runner.run(QueuedThreadPool.java:1018)
        at java.lang.Thread.run(Thread.java:750)
"PartialTableCache Cleanup Thread - 0" daemon prio=5 tid=458 in Object.wait()
java.lang.Thread.State: WAITING (on object monitor)
        at sun.misc.Unsafe.park(Native Method)
        at java.util.concurrent.locks.LockSupport.park(LockSupport.java:175)
        at java.util.concurrent.locks.AbstractQueuedSynchronizer$ConditionObject.await(AbstractQueuedSynchronizer.java:2039)
        at java.util.concurrent.LinkedBlockingQueue.take(LinkedBlockingQueue.java:442)
        at java.util.concurrent.ThreadPoolExecutor.getTask(ThreadPoolExecutor.java:1074)
        at java.util.concurrent.ThreadPoolExecutor.runWorker(ThreadPoolExecutor.java:1134)
        at java.util.concurrent.ThreadPoolExecutor$Worker.run(ThreadPoolExecutor.java:624)
        at java.lang.Thread.run(Thread.java:750)
"RatisPipelineUtilsThread - 0"  prio=5 tid=16 timed_waiting
java.lang.Thread.State: TIMED_WAITING
        at java.lang.Object.wait(Native Method)
        at org.apache.hadoop.hdds.scm.pipeline.BackgroundPipelineCreator.run(BackgroundPipelineCreator.java:176)
        at org.apache.hadoop.hdds.scm.pipeline.BackgroundPipelineCreator$$Lambda$361/1848015933.run(Unknown Source)
        at java.lang.Thread.run(Thread.java:750)
"Session-HouseKeeper-5e7aef84-1"  prio=5 tid=235 timed_waiting
java.lang.Thread.State: TIMED_WAITING
        at sun.misc.Unsafe.park(Native Method)
        at java.util.concurrent.locks.LockSupport.parkNanos(LockSupport.java:215)
        at java.util.concurrent.locks.AbstractQueuedSynchronizer$ConditionObject.awaitNanos(AbstractQueuedSynchronizer.java:2078)
        at java.util.concurrent.ScheduledThreadPoolExecutor$DelayedWorkQueue.take(ScheduledThreadPoolExecutor.java:1093)
        at java.util.concurrent.ScheduledThreadPoolExecutor$DelayedWorkQueue.take(ScheduledThreadPoolExecutor.java:809)
        at java.util.concurrent.ThreadPoolExecutor.getTask(ThreadPoolExecutor.java:1074)
        at java.util.concurrent.ThreadPoolExecutor.runWorker(ThreadPoolExecutor.java:1134)
        at java.util.concurrent.ThreadPoolExecutor$Worker.run(ThreadPoolExecutor.java:624)
        at java.lang.Thread.run(Thread.java:750)
"IPC Server handler 7 on default port 15001" daemon prio=5 tid=77 timed_waiting
java.lang.Thread.State: TIMED_WAITING
        at sun.misc.Unsafe.park(Native Method)
        at java.util.concurrent.locks.LockSupport.parkNanos(LockSupport.java:215)
        at java.util.concurrent.locks.AbstractQueuedSynchronizer$ConditionObject.awaitNanos(AbstractQueuedSynchronizer.java:2078)
        at java.util.concurrent.LinkedBlockingQueue.poll(LinkedBlockingQueue.java:467)
        at org.apache.hadoop.ipc.CallQueueManager.take(CallQueueManager.java:317)
        at org.apache.hadoop.ipc.Server$Handler.run(Server.java:2992)
"Socket Reader #1 for port 15019" daemon prio=5 tid=237 runnable
java.lang.Thread.State: RUNNABLE
        at sun.nio.ch.EPollArrayWrapper.epollWait(Native Method)
        at sun.nio.ch.EPollArrayWrapper.poll(EPollArrayWrapper.java:269)
        at sun.nio.ch.EPollSelectorImpl.doSelect(EPollSelectorImpl.java:93)
        at sun.nio.ch.SelectorImpl.lockAndDoSelect(SelectorImpl.java:86)
        at sun.nio.ch.SelectorImpl.select(SelectorImpl.java:97)
        at sun.nio.ch.SelectorImpl.select(SelectorImpl.java:101)
        at org.apache.hadoop.ipc.Server$Listener$Reader.doRunLoop(Server.java:1342)
        at org.apache.hadoop.ipc.Server$Listener$Reader.run(Server.java:1321)
"IPC Server handler 2 on default port 15002" daemon prio=5 tid=92 timed_waiting
java.lang.Thread.State: TIMED_WAITING
        at sun.misc.Unsafe.park(Native Method)
        at java.util.concurrent.locks.LockSupport.parkNanos(LockSupport.java:215)
        at java.util.concurrent.locks.AbstractQueuedSynchronizer$ConditionObject.awaitNanos(AbstractQueuedSynchronizer.java:2078)
        at java.util.concurrent.LinkedBlockingQueue.poll(LinkedBlockingQueue.java:467)
        at org.apache.hadoop.ipc.CallQueueManager.take(CallQueueManager.java:317)
        at org.apache.hadoop.ipc.Server$Handler.run(Server.java:2992)
"ContainerOp-543cabb3-751c-4abf-99dc-429456829e89-5"  prio=5 tid=469 in Object.wait()
java.lang.Thread.State: WAITING (on object monitor)
        at sun.misc.Unsafe.park(Native Method)
        at java.util.concurrent.locks.LockSupport.park(LockSupport.java:175)
        at java.util.concurrent.locks.AbstractQueuedSynchronizer$ConditionObject.await(AbstractQueuedSynchronizer.java:2039)
        at java.util.concurrent.LinkedBlockingQueue.take(LinkedBlockingQueue.java:442)
        at java.util.concurrent.ThreadPoolExecutor.getTask(ThreadPoolExecutor.java:1074)
        at java.util.concurrent.ThreadPoolExecutor.runWorker(ThreadPoolExecutor.java:1134)
        at java.util.concurrent.ThreadPoolExecutor$Worker.run(ThreadPoolExecutor.java:624)
        at java.lang.Thread.run(Thread.java:750)
"BlockDeletingService#1" daemon prio=5 tid=307 in Object.wait()
java.lang.Thread.State: WAITING (on object monitor)
        at sun.misc.Unsafe.park(Native Method)
        at java.util.concurrent.locks.LockSupport.park(LockSupport.java:175)
        at java.util.concurrent.locks.AbstractQueuedSynchronizer$ConditionObject.await(AbstractQueuedSynchronizer.java:2039)
        at java.util.concurrent.ScheduledThreadPoolExecutor$DelayedWorkQueue.take(ScheduledThreadPoolExecutor.java:1088)
        at java.util.concurrent.ScheduledThreadPoolExecutor$DelayedWorkQueue.take(ScheduledThreadPoolExecutor.java:809)
        at java.util.concurrent.ThreadPoolExecutor.getTask(ThreadPoolExecutor.java:1074)
        at java.util.concurrent.ThreadPoolExecutor.runWorker(ThreadPoolExecutor.java:1134)
        at java.util.concurrent.ThreadPoolExecutor$Worker.run(ThreadPoolExecutor.java:624)
        at java.lang.Thread.run(Thread.java:750)
"Datanode ReportManager Thread - 3" daemon prio=5 tid=278 in Object.wait()
java.lang.Thread.State: WAITING (on object monitor)
        at sun.misc.Unsafe.park(Native Method)
        at java.util.concurrent.locks.LockSupport.park(LockSupport.java:175)
        at java.util.concurrent.locks.AbstractQueuedSynchronizer$ConditionObject.await(AbstractQueuedSynchronizer.java:2039)
        at java.util.concurrent.ScheduledThreadPoolExecutor$DelayedWorkQueue.take(ScheduledThreadPoolExecutor.java:1088)
        at java.util.concurrent.ScheduledThreadPoolExecutor$DelayedWorkQueue.take(ScheduledThreadPoolExecutor.java:809)
        at java.util.concurrent.ThreadPoolExecutor.getTask(ThreadPoolExecutor.java:1074)
        at java.util.concurrent.ThreadPoolExecutor.runWorker(ThreadPoolExecutor.java:1134)
        at java.util.concurrent.ThreadPoolExecutor$Worker.run(ThreadPoolExecutor.java:624)
        at java.lang.Thread.run(Thread.java:750)
"qtp1258738962-232" daemon prio=5 tid=232 timed_waiting
java.lang.Thread.State: TIMED_WAITING
        at sun.misc.Unsafe.park(Native Method)
        at java.util.concurrent.locks.LockSupport.parkNanos(LockSupport.java:215)
        at java.util.concurrent.locks.AbstractQueuedSynchronizer$ConditionObject.awaitNanos(AbstractQueuedSynchronizer.java:2078)
        at org.eclipse.jetty.util.BlockingArrayQueue.poll(BlockingArrayQueue.java:382)
        at org.eclipse.jetty.util.thread.QueuedThreadPool$Runner.idleJobPoll(QueuedThreadPool.java:974)
        at org.eclipse.jetty.util.thread.QueuedThreadPool$Runner.run(QueuedThreadPool.java:1018)
        at java.lang.Thread.run(Thread.java:750)
"IPC Server handler 8 on default port 15004" daemon prio=5 tid=171 timed_waiting
java.lang.Thread.State: TIMED_WAITING
        at sun.misc.Unsafe.park(Native Method)
        at java.util.concurrent.locks.LockSupport.parkNanos(LockSupport.java:215)
        at java.util.concurrent.locks.AbstractQueuedSynchronizer$ConditionObject.awaitNanos(AbstractQueuedSynchronizer.java:2078)
        at java.util.concurrent.LinkedBlockingQueue.poll(LinkedBlockingQueue.java:467)
        at org.apache.hadoop.ipc.CallQueueManager.take(CallQueueManager.java:317)
        at org.apache.hadoop.ipc.Server$Handler.run(Server.java:2992)
"qtp1825080326-118" daemon prio=5 tid=118 timed_waiting
java.lang.Thread.State: TIMED_WAITING
        at sun.misc.Unsafe.park(Native Method)
        at java.util.concurrent.locks.LockSupport.parkNanos(LockSupport.java:215)
        at java.util.concurrent.locks.AbstractQueuedSynchronizer$ConditionObject.awaitNanos(AbstractQueuedSynchronizer.java:2078)
        at org.eclipse.jetty.util.BlockingArrayQueue.poll(BlockingArrayQueue.java:382)
        at org.eclipse.jetty.util.thread.QueuedThreadPool$Runner.idleJobPoll(QueuedThreadPool.java:974)
        at org.eclipse.jetty.util.thread.QueuedThreadPool$Runner.run(QueuedThreadPool.java:1018)
        at java.lang.Thread.run(Thread.java:750)
"IPC Server handler 13 on default port 15001" daemon prio=5 tid=83 timed_waiting
java.lang.Thread.State: TIMED_WAITING
        at sun.misc.Unsafe.park(Native Method)
        at java.util.concurrent.locks.LockSupport.parkNanos(LockSupport.java:215)
        at java.util.concurrent.locks.AbstractQueuedSynchronizer$ConditionObject.awaitNanos(AbstractQueuedSynchronizer.java:2078)
        at java.util.concurrent.LinkedBlockingQueue.poll(LinkedBlockingQueue.java:467)
        at org.apache.hadoop.ipc.CallQueueManager.take(CallQueueManager.java:317)
        at org.apache.hadoop.ipc.Server$Handler.run(Server.java:2992)
"Timer for 'StorageContainerManager' metrics system" daemon prio=5 tid=49 timed_waiting
java.lang.Thread.State: TIMED_WAITING
        at java.lang.Object.wait(Native Method)
        at java.util.TimerThread.mainLoop(Timer.java:552)
        at java.util.TimerThread.run(Timer.java:505)
"Datanode ReportManager Thread - 4" daemon prio=5 tid=213 in Object.wait()
java.lang.Thread.State: WAITING (on object monitor)
        at sun.misc.Unsafe.park(Native Method)
        at java.util.concurrent.locks.LockSupport.park(LockSupport.java:175)
        at java.util.concurrent.locks.AbstractQueuedSynchronizer$ConditionObject.await(AbstractQueuedSynchronizer.java:2039)
        at java.util.concurrent.ScheduledThreadPoolExecutor$DelayedWorkQueue.take(ScheduledThreadPoolExecutor.java:1088)
        at java.util.concurrent.ScheduledThreadPoolExecutor$DelayedWorkQueue.take(ScheduledThreadPoolExecutor.java:809)
        at java.util.concurrent.ThreadPoolExecutor.getTask(ThreadPoolExecutor.java:1074)
        at java.util.concurrent.ThreadPoolExecutor.runWorker(ThreadPoolExecutor.java:1134)
        at java.util.concurrent.ThreadPoolExecutor$Worker.run(ThreadPoolExecutor.java:624)
        at java.lang.Thread.run(Thread.java:750)
"Command processor thread" daemon prio=5 tid=214 timed_waiting
java.lang.Thread.State: TIMED_WAITING
        at java.lang.Thread.sleep(Native Method)
        at org.apache.hadoop.ozone.container.common.statemachine.DatanodeStateMachine.lambda$initCommandHandlerThread$3(DatanodeStateMachine.java:651)
        at org.apache.hadoop.ozone.container.common.statemachine.DatanodeStateMachine$$Lambda$825/1047232888.run(Unknown Source)
        at java.lang.Thread.run(Thread.java:750)
"qtp1825080326-120" daemon prio=5 tid=120 timed_waiting
java.lang.Thread.State: TIMED_WAITING
        at sun.misc.Unsafe.park(Native Method)
        at java.util.concurrent.locks.LockSupport.parkNanos(LockSupport.java:215)
        at java.util.concurrent.locks.AbstractQueuedSynchronizer$ConditionObject.awaitNanos(AbstractQueuedSynchronizer.java:2078)
        at org.eclipse.jetty.util.BlockingArrayQueue.poll(BlockingArrayQueue.java:382)
        at org.eclipse.jetty.util.thread.QueuedThreadPool$Runner.idleJobPoll(QueuedThreadPool.java:974)
        at org.eclipse.jetty.util.thread.QueuedThreadPool$Runner.run(QueuedThreadPool.java:1018)
        at java.lang.Thread.run(Thread.java:750)
"Socket Reader #1 for port 15010" daemon prio=5 tid=203 runnable
java.lang.Thread.State: RUNNABLE
        at sun.nio.ch.EPollArrayWrapper.epollWait(Native Method)
        at sun.nio.ch.EPollArrayWrapper.poll(EPollArrayWrapper.java:269)
        at sun.nio.ch.EPollSelectorImpl.doSelect(EPollSelectorImpl.java:93)
        at sun.nio.ch.SelectorImpl.lockAndDoSelect(SelectorImpl.java:86)
        at sun.nio.ch.SelectorImpl.select(SelectorImpl.java:97)
        at sun.nio.ch.SelectorImpl.select(SelectorImpl.java:101)
        at org.apache.hadoop.ipc.Server$Listener$Reader.doRunLoop(Server.java:1342)
        at org.apache.hadoop.ipc.Server$Listener$Reader.run(Server.java:1321)
"IPC Server listener on 15001" daemon prio=5 tid=29 runnable
java.lang.Thread.State: RUNNABLE
        at sun.nio.ch.EPollArrayWrapper.epollWait(Native Method)
        at sun.nio.ch.EPollArrayWrapper.poll(EPollArrayWrapper.java:269)
        at sun.nio.ch.EPollSelectorImpl.doSelect(EPollSelectorImpl.java:93)
        at sun.nio.ch.SelectorImpl.lockAndDoSelect(SelectorImpl.java:86)
        at sun.nio.ch.SelectorImpl.select(SelectorImpl.java:97)
        at sun.nio.ch.SelectorImpl.select(SelectorImpl.java:101)
        at org.apache.hadoop.ipc.Server$Listener.run(Server.java:1404)
"IPC Server handler 0 on default port 15019" daemon prio=5 tid=241 timed_waiting
java.lang.Thread.State: TIMED_WAITING
        at sun.misc.Unsafe.park(Native Method)
        at java.util.concurrent.locks.LockSupport.parkNanos(LockSupport.java:215)
        at java.util.concurrent.locks.AbstractQueuedSynchronizer$ConditionObject.awaitNanos(AbstractQueuedSynchronizer.java:2078)
        at java.util.concurrent.LinkedBlockingQueue.poll(LinkedBlockingQueue.java:467)
        at org.apache.hadoop.ipc.CallQueueManager.take(CallQueueManager.java:317)
        at org.apache.hadoop.ipc.Server$Handler.run(Server.java:2992)
"DataNode DiskChecker thread 0" daemon prio=5 tid=218 timed_waiting
java.lang.Thread.State: TIMED_WAITING
        at sun.misc.Unsafe.park(Native Method)
        at java.util.concurrent.locks.LockSupport.parkNanos(LockSupport.java:215)
        at java.util.concurrent.SynchronousQueue$TransferStack.awaitFulfill(SynchronousQueue.java:460)
        at java.util.concurrent.SynchronousQueue$TransferStack.transfer(SynchronousQueue.java:362)
        at java.util.concurrent.SynchronousQueue.poll(SynchronousQueue.java:941)
        at java.util.concurrent.ThreadPoolExecutor.getTask(ThreadPoolExecutor.java:1073)
        at java.util.concurrent.ThreadPoolExecutor.runWorker(ThreadPoolExecutor.java:1134)
        at java.util.concurrent.ThreadPoolExecutor$Worker.run(ThreadPoolExecutor.java:624)
        at java.lang.Thread.run(Thread.java:750)
"EndpointStateMachine task thread for /0.0.0.0:15002 - 0 "  prio=5 tid=297 in Object.wait()
java.lang.Thread.State: WAITING (on object monitor)
        at sun.misc.Unsafe.park(Native Method)
        at java.util.concurrent.locks.LockSupport.park(LockSupport.java:175)
        at java.util.concurrent.locks.AbstractQueuedSynchronizer$ConditionObject.await(AbstractQueuedSynchronizer.java:2039)
        at java.util.concurrent.LinkedBlockingQueue.take(LinkedBlockingQueue.java:442)
        at java.util.concurrent.ThreadPoolExecutor.getTask(ThreadPoolExecutor.java:1074)
        at java.util.concurrent.ThreadPoolExecutor.runWorker(ThreadPoolExecutor.java:1134)
        at java.util.concurrent.ThreadPoolExecutor$Worker.run(ThreadPoolExecutor.java:624)
        at java.lang.Thread.run(Thread.java:750)
"IPC Server listener on 15019" daemon prio=5 tid=236 runnable
java.lang.Thread.State: RUNNABLE
        at sun.nio.ch.EPollArrayWrapper.epollWait(Native Method)
        at sun.nio.ch.EPollArrayWrapper.poll(EPollArrayWrapper.java:269)
        at sun.nio.ch.EPollSelectorImpl.doSelect(EPollSelectorImpl.java:93)
        at sun.nio.ch.SelectorImpl.lockAndDoSelect(SelectorImpl.java:86)
        at sun.nio.ch.SelectorImpl.select(SelectorImpl.java:97)
        at sun.nio.ch.SelectorImpl.select(SelectorImpl.java:101)
        at org.apache.hadoop.ipc.Server$Listener.run(Server.java:1404)
"IPC Server handler 3 on default port 15000" daemon prio=5 tid=53 timed_waiting
java.lang.Thread.State: TIMED_WAITING
        at sun.misc.Unsafe.park(Native Method)
        at java.util.concurrent.locks.LockSupport.parkNanos(LockSupport.java:215)
        at java.util.concurrent.locks.AbstractQueuedSynchronizer$ConditionObject.awaitNanos(AbstractQueuedSynchronizer.java:2078)
        at java.util.concurrent.LinkedBlockingQueue.poll(LinkedBlockingQueue.java:467)
        at org.apache.hadoop.ipc.CallQueueManager.take(CallQueueManager.java:317)
        at org.apache.hadoop.ipc.Server$Handler.run(Server.java:2992)
"timer3" daemon prio=5 tid=415 timed_waiting
java.lang.Thread.State: TIMED_WAITING
        at java.lang.Object.wait(Native Method)
        at java.util.TimerThread.mainLoop(Timer.java:552)
        at java.util.TimerThread.run(Timer.java:505)
"timer7" daemon prio=5 tid=438 timed_waiting
java.lang.Thread.State: TIMED_WAITING
        at java.lang.Object.wait(Native Method)
        at java.util.TimerThread.mainLoop(Timer.java:552)
        at java.util.TimerThread.run(Timer.java:505)
"IPC Server idle connection scanner for port 15002" daemon prio=5 tid=26 timed_waiting
java.lang.Thread.State: TIMED_WAITING
        at java.lang.Object.wait(Native Method)
        at java.util.TimerThread.mainLoop(Timer.java:552)
        at java.util.TimerThread.run(Timer.java:505)
"IPC Server handler 0 on default port 15000" daemon prio=5 tid=50 timed_waiting
java.lang.Thread.State: TIMED_WAITING
        at sun.misc.Unsafe.park(Native Method)
        at java.util.concurrent.locks.LockSupport.parkNanos(LockSupport.java:215)
        at java.util.concurrent.locks.AbstractQueuedSynchronizer$ConditionObject.awaitNanos(AbstractQueuedSynchronizer.java:2078)
        at java.util.concurrent.LinkedBlockingQueue.poll(LinkedBlockingQueue.java:467)
        at org.apache.hadoop.ipc.CallQueueManager.take(CallQueueManager.java:317)
        at org.apache.hadoop.ipc.Server$Handler.run(Server.java:2992)
"IPC Server handler 0 on default port 15002" daemon prio=5 tid=90 timed_waiting
java.lang.Thread.State: TIMED_WAITING
        at sun.misc.Unsafe.park(Native Method)
        at java.util.concurrent.locks.LockSupport.parkNanos(LockSupport.java:215)
        at java.util.concurrent.locks.AbstractQueuedSynchronizer$ConditionObject.awaitNanos(AbstractQueuedSynchronizer.java:2078)
        at java.util.concurrent.LinkedBlockingQueue.poll(LinkedBlockingQueue.java:467)
        at org.apache.hadoop.ipc.CallQueueManager.take(CallQueueManager.java:317)
        at org.apache.hadoop.ipc.Server$Handler.run(Server.java:2992)
"ChunkWriter-0-0" daemon prio=5 tid=298 in Object.wait()
java.lang.Thread.State: WAITING (on object monitor)
        at sun.misc.Unsafe.park(Native Method)
        at java.util.concurrent.locks.LockSupport.park(LockSupport.java:175)
        at java.util.concurrent.locks.AbstractQueuedSynchronizer$ConditionObject.await(AbstractQueuedSynchronizer.java:2039)
        at java.util.concurrent.LinkedBlockingDeque.takeFirst(LinkedBlockingDeque.java:492)
        at java.util.concurrent.LinkedBlockingDeque.take(LinkedBlockingDeque.java:680)
        at java.util.concurrent.ThreadPoolExecutor.getTask(ThreadPoolExecutor.java:1074)
        at java.util.concurrent.ThreadPoolExecutor.runWorker(ThreadPoolExecutor.java:1134)
        at java.util.concurrent.ThreadPoolExecutor$Worker.run(ThreadPoolExecutor.java:624)
        at java.lang.Thread.run(Thread.java:750)
"IPC Server handler 18 on default port 15001" daemon prio=5 tid=88 timed_waiting
java.lang.Thread.State: TIMED_WAITING
        at sun.misc.Unsafe.park(Native Method)
        at java.util.concurrent.locks.LockSupport.parkNanos(LockSupport.java:215)
        at java.util.concurrent.locks.AbstractQueuedSynchronizer$ConditionObject.awaitNanos(AbstractQueuedSynchronizer.java:2078)
        at java.util.concurrent.LinkedBlockingQueue.poll(LinkedBlockingQueue.java:467)
        at org.apache.hadoop.ipc.CallQueueManager.take(CallQueueManager.java:317)
        at org.apache.hadoop.ipc.Server$Handler.run(Server.java:2992)
"4e2b4efa-bcb4-46de-b119-545b7decf2b1-groupManagement" daemon prio=5 tid=340 in Object.wait()
java.lang.Thread.State: WAITING (on object monitor)
        at sun.misc.Unsafe.park(Native Method)
        at java.util.concurrent.locks.LockSupport.park(LockSupport.java:175)
        at java.util.concurrent.locks.AbstractQueuedSynchronizer$ConditionObject.await(AbstractQueuedSynchronizer.java:2039)
        at java.util.concurrent.LinkedBlockingQueue.take(LinkedBlockingQueue.java:442)
        at java.util.concurrent.ThreadPoolExecutor.getTask(ThreadPoolExecutor.java:1074)
        at java.util.concurrent.ThreadPoolExecutor.runWorker(ThreadPoolExecutor.java:1134)
        at java.util.concurrent.ThreadPoolExecutor$Worker.run(ThreadPoolExecutor.java:624)
        at java.lang.Thread.run(Thread.java:750)
"Hadoop-Metrics-Updater-0" daemon prio=5 tid=33 timed_waiting
java.lang.Thread.State: TIMED_WAITING
        at sun.misc.Unsafe.park(Native Method)
        at java.util.concurrent.locks.LockSupport.parkNanos(LockSupport.java:215)
        at java.util.concurrent.locks.AbstractQueuedSynchronizer$ConditionObject.awaitNanos(AbstractQueuedSynchronizer.java:2078)
        at java.util.concurrent.ScheduledThreadPoolExecutor$DelayedWorkQueue.take(ScheduledThreadPoolExecutor.java:1093)
        at java.util.concurrent.ScheduledThreadPoolExecutor$DelayedWorkQueue.take(ScheduledThreadPoolExecutor.java:809)
        at java.util.concurrent.ThreadPoolExecutor.getTask(ThreadPoolExecutor.java:1074)
        at java.util.concurrent.ThreadPoolExecutor.runWorker(ThreadPoolExecutor.java:1134)
        at java.util.concurrent.ThreadPoolExecutor$Worker.run(ThreadPoolExecutor.java:624)
        at java.lang.Thread.run(Thread.java:750)
"ContainerOp-543cabb3-751c-4abf-99dc-429456829e89-7"  prio=5 tid=472 in Object.wait()
java.lang.Thread.State: WAITING (on object monitor)
        at sun.misc.Unsafe.park(Native Method)
        at java.util.concurrent.locks.LockSupport.park(LockSupport.java:175)
        at java.util.concurrent.locks.AbstractQueuedSynchronizer$ConditionObject.await(AbstractQueuedSynchronizer.java:2039)
        at java.util.concurrent.LinkedBlockingQueue.take(LinkedBlockingQueue.java:442)
        at java.util.concurrent.ThreadPoolExecutor.getTask(ThreadPoolExecutor.java:1074)
        at java.util.concurrent.ThreadPoolExecutor.runWorker(ThreadPoolExecutor.java:1134)
        at java.util.concurrent.ThreadPoolExecutor$Worker.run(ThreadPoolExecutor.java:624)
        at java.lang.Thread.run(Thread.java:750)
"c077bb33-fcdc-4b26-85c1-b9d62aefbd7c@group-DDC5CB68ABFD-FollowerState" daemon prio=5 tid=403 timed_waiting
java.lang.Thread.State: TIMED_WAITING
        at java.lang.Thread.sleep(Native Method)
        at java.lang.Thread.sleep(Thread.java:342)
        at java.util.concurrent.TimeUnit.sleep(TimeUnit.java:386)
        at org.apache.ratis.util.TimeDuration.sleep(TimeDuration.java:325)
        at org.apache.ratis.util.TimeDuration.sleep(TimeDuration.java:310)
        at org.apache.ratis.server.impl.FollowerState.run(FollowerState.java:128)
"qtp1825080326-117" daemon prio=5 tid=117 timed_waiting
java.lang.Thread.State: TIMED_WAITING
        at sun.misc.Unsafe.park(Native Method)
        at java.util.concurrent.locks.LockSupport.parkNanos(LockSupport.java:215)
        at java.util.concurrent.locks.AbstractQueuedSynchronizer$ConditionObject.awaitNanos(AbstractQueuedSynchronizer.java:2078)
        at org.eclipse.jetty.util.BlockingArrayQueue.poll(BlockingArrayQueue.java:382)
        at org.eclipse.jetty.util.thread.QueuedThreadPool$Runner.idleJobPoll(QueuedThreadPool.java:974)
        at org.eclipse.jetty.util.thread.QueuedThreadPool$Runner.run(QueuedThreadPool.java:1018)
        at java.lang.Thread.run(Thread.java:750)
"KeyDeletingService#0" daemon prio=5 tid=149 timed_waiting
java.lang.Thread.State: TIMED_WAITING
        at sun.misc.Unsafe.park(Native Method)
        at java.util.concurrent.locks.LockSupport.parkNanos(LockSupport.java:215)
        at java.util.concurrent.locks.AbstractQueuedSynchronizer$ConditionObject.awaitNanos(AbstractQueuedSynchronizer.java:2078)
        at java.util.concurrent.ScheduledThreadPoolExecutor$DelayedWorkQueue.take(ScheduledThreadPoolExecutor.java:1093)
        at java.util.concurrent.ScheduledThreadPoolExecutor$DelayedWorkQueue.take(ScheduledThreadPoolExecutor.java:809)
        at java.util.concurrent.ThreadPoolExecutor.getTask(ThreadPoolExecutor.java:1074)
        at java.util.concurrent.ThreadPoolExecutor.runWorker(ThreadPoolExecutor.java:1134)
        at java.util.concurrent.ThreadPoolExecutor$Worker.run(ThreadPoolExecutor.java:624)
        at java.lang.Thread.run(Thread.java:750)
"om1-client-thread1" daemon prio=5 tid=451 timed_waiting
java.lang.Thread.State: TIMED_WAITING
        at sun.misc.Unsafe.park(Native Method)
        at java.util.concurrent.locks.LockSupport.parkNanos(LockSupport.java:215)
        at java.util.concurrent.SynchronousQueue$TransferStack.awaitFulfill(SynchronousQueue.java:460)
        at java.util.concurrent.SynchronousQueue$TransferStack.transfer(SynchronousQueue.java:362)
        at java.util.concurrent.SynchronousQueue.poll(SynchronousQueue.java:941)
        at java.util.concurrent.ThreadPoolExecutor.getTask(ThreadPoolExecutor.java:1073)
        at java.util.concurrent.ThreadPoolExecutor.runWorker(ThreadPoolExecutor.java:1134)
        at java.util.concurrent.ThreadPoolExecutor$Worker.run(ThreadPoolExecutor.java:624)
        at java.lang.Thread.run(Thread.java:750)
"Datanode State Machine Daemon Thread" daemon prio=5 tid=274 timed_waiting
java.lang.Thread.State: TIMED_WAITING
        at java.lang.Thread.sleep(Native Method)
        at org.apache.hadoop.ozone.container.common.statemachine.DatanodeStateMachine.startStateMachineThread(DatanodeStateMachine.java:341)
        at org.apache.hadoop.ozone.container.common.statemachine.DatanodeStateMachine.lambda$startDaemon$0(DatanodeStateMachine.java:524)
        at org.apache.hadoop.ozone.container.common.statemachine.DatanodeStateMachine$$Lambda$823/416392343.run(Unknown Source)
        at java.lang.Thread.run(Thread.java:750)
"IPC Server handler 7 on default port 15002" daemon prio=5 tid=97 timed_waiting
java.lang.Thread.State: TIMED_WAITING
        at sun.misc.Unsafe.park(Native Method)
        at java.util.concurrent.locks.LockSupport.parkNanos(LockSupport.java:215)
        at java.util.concurrent.locks.AbstractQueuedSynchronizer$ConditionObject.awaitNanos(AbstractQueuedSynchronizer.java:2078)
        at java.util.concurrent.LinkedBlockingQueue.poll(LinkedBlockingQueue.java:467)
        at org.apache.hadoop.ipc.CallQueueManager.take(CallQueueManager.java:317)
        at org.apache.hadoop.ipc.Server$Handler.run(Server.java:2992)
"IPC Server handler 19 on default port 15002" daemon prio=5 tid=109 timed_waiting
java.lang.Thread.State: TIMED_WAITING
        at sun.misc.Unsafe.park(Native Method)
        at java.util.concurrent.locks.LockSupport.parkNanos(LockSupport.java:215)
        at java.util.concurrent.locks.AbstractQueuedSynchronizer$ConditionObject.awaitNanos(AbstractQueuedSynchronizer.java:2078)
        at java.util.concurrent.LinkedBlockingQueue.poll(LinkedBlockingQueue.java:467)
        at org.apache.hadoop.ipc.CallQueueManager.take(CallQueueManager.java:317)
        at org.apache.hadoop.ipc.Server$Handler.run(Server.java:2992)
"IPC Server handler 16 on default port 15004" daemon prio=5 tid=179 timed_waiting
java.lang.Thread.State: TIMED_WAITING
        at sun.misc.Unsafe.park(Native Method)
        at java.util.concurrent.locks.LockSupport.parkNanos(LockSupport.java:215)
        at java.util.concurrent.locks.AbstractQueuedSynchronizer$ConditionObject.awaitNanos(AbstractQueuedSynchronizer.java:2078)
        at java.util.concurrent.LinkedBlockingQueue.poll(LinkedBlockingQueue.java:467)
        at org.apache.hadoop.ipc.CallQueueManager.take(CallQueueManager.java:317)
        at org.apache.hadoop.ipc.Server$Handler.run(Server.java:2992)
"Session-HouseKeeper-70a8b844-1"  prio=5 tid=162 timed_waiting
java.lang.Thread.State: TIMED_WAITING
        at sun.misc.Unsafe.park(Native Method)
        at java.util.concurrent.locks.LockSupport.parkNanos(LockSupport.java:215)
        at java.util.concurrent.locks.AbstractQueuedSynchronizer$ConditionObject.awaitNanos(AbstractQueuedSynchronizer.java:2078)
        at java.util.concurrent.ScheduledThreadPoolExecutor$DelayedWorkQueue.take(ScheduledThreadPoolExecutor.java:1093)
        at java.util.concurrent.ScheduledThreadPoolExecutor$DelayedWorkQueue.take(ScheduledThreadPoolExecutor.java:809)
        at java.util.concurrent.ThreadPoolExecutor.getTask(ThreadPoolExecutor.java:1074)
        at java.util.concurrent.ThreadPoolExecutor.runWorker(ThreadPoolExecutor.java:1134)
        at java.util.concurrent.ThreadPoolExecutor$Worker.run(ThreadPoolExecutor.java:624)
        at java.lang.Thread.run(Thread.java:750)
"IPC Server handler 9 on default port 15000" daemon prio=5 tid=59 timed_waiting
java.lang.Thread.State: TIMED_WAITING
        at sun.misc.Unsafe.park(Native Method)
        at java.util.concurrent.locks.LockSupport.parkNanos(LockSupport.java:215)
        at java.util.concurrent.locks.AbstractQueuedSynchronizer$ConditionObject.awaitNanos(AbstractQueuedSynchronizer.java:2078)
        at java.util.concurrent.LinkedBlockingQueue.poll(LinkedBlockingQueue.java:467)
        at org.apache.hadoop.ipc.CallQueueManager.take(CallQueueManager.java:317)
        at org.apache.hadoop.ipc.Server$Handler.run(Server.java:2992)
"ContainerOp-543cabb3-751c-4abf-99dc-429456829e89-1"  prio=5 tid=462 in Object.wait()
java.lang.Thread.State: WAITING (on object monitor)
        at sun.misc.Unsafe.park(Native Method)
        at java.util.concurrent.locks.LockSupport.park(LockSupport.java:175)
        at java.util.concurrent.locks.AbstractQueuedSynchronizer$ConditionObject.await(AbstractQueuedSynchronizer.java:2039)
        at java.util.concurrent.LinkedBlockingQueue.take(LinkedBlockingQueue.java:442)
        at java.util.concurrent.ThreadPoolExecutor.getTask(ThreadPoolExecutor.java:1074)
        at java.util.concurrent.ThreadPoolExecutor.runWorker(ThreadPoolExecutor.java:1134)
        at java.util.concurrent.ThreadPoolExecutor$Worker.run(ThreadPoolExecutor.java:624)
        at java.lang.Thread.run(Thread.java:750)
"c077bb33-fcdc-4b26-85c1-b9d62aefbd7c-groupManagement"  prio=5 tid=329 in Object.wait()
java.lang.Thread.State: WAITING (on object monitor)
        at sun.misc.Unsafe.park(Native Method)
        at java.util.concurrent.locks.LockSupport.park(LockSupport.java:175)
        at java.util.concurrent.locks.AbstractQueuedSynchronizer$ConditionObject.await(AbstractQueuedSynchronizer.java:2039)
        at java.util.concurrent.LinkedBlockingQueue.take(LinkedBlockingQueue.java:442)
        at java.util.concurrent.ThreadPoolExecutor.getTask(ThreadPoolExecutor.java:1074)
        at java.util.concurrent.ThreadPoolExecutor.runWorker(ThreadPoolExecutor.java:1134)
        at java.util.concurrent.ThreadPoolExecutor$Worker.run(ThreadPoolExecutor.java:624)
        at java.lang.Thread.run(Thread.java:750)
"4e2b4efa-bcb4-46de-b119-545b7decf2b1@group-FBE9E628C331-FollowerState" daemon prio=5 tid=429 timed_waiting
java.lang.Thread.State: TIMED_WAITING
        at java.lang.Thread.sleep(Native Method)
        at java.lang.Thread.sleep(Thread.java:342)
        at java.util.concurrent.TimeUnit.sleep(TimeUnit.java:386)
        at org.apache.ratis.util.TimeDuration.sleep(TimeDuration.java:325)
        at org.apache.ratis.util.TimeDuration.sleep(TimeDuration.java:310)
        at org.apache.ratis.server.impl.FollowerState.run(FollowerState.java:128)
"OpenKeyCleanupService#0" daemon prio=5 tid=150 timed_waiting
java.lang.Thread.State: TIMED_WAITING
        at sun.misc.Unsafe.park(Native Method)
        at java.util.concurrent.locks.LockSupport.parkNanos(LockSupport.java:215)
        at java.util.concurrent.locks.AbstractQueuedSynchronizer$ConditionObject.awaitNanos(AbstractQueuedSynchronizer.java:2078)
        at java.util.concurrent.ScheduledThreadPoolExecutor$DelayedWorkQueue.take(ScheduledThreadPoolExecutor.java:1093)
        at java.util.concurrent.ScheduledThreadPoolExecutor$DelayedWorkQueue.take(ScheduledThreadPoolExecutor.java:809)
        at java.util.concurrent.ThreadPoolExecutor.getTask(ThreadPoolExecutor.java:1074)
        at java.util.concurrent.ThreadPoolExecutor.runWorker(ThreadPoolExecutor.java:1134)
        at java.util.concurrent.ThreadPoolExecutor$Worker.run(ThreadPoolExecutor.java:624)
        at java.lang.Thread.run(Thread.java:750)
"pool-34-thread-1"  prio=5 tid=113 timed_waiting
java.lang.Thread.State: TIMED_WAITING
        at sun.misc.Unsafe.park(Native Method)
        at java.util.concurrent.locks.LockSupport.parkNanos(LockSupport.java:215)
        at java.util.concurrent.locks.AbstractQueuedSynchronizer$ConditionObject.awaitNanos(AbstractQueuedSynchronizer.java:2078)
        at java.util.concurrent.ScheduledThreadPoolExecutor$DelayedWorkQueue.take(ScheduledThreadPoolExecutor.java:1093)
        at java.util.concurrent.ScheduledThreadPoolExecutor$DelayedWorkQueue.take(ScheduledThreadPoolExecutor.java:809)
        at java.util.concurrent.ThreadPoolExecutor.getTask(ThreadPoolExecutor.java:1074)
        at java.util.concurrent.ThreadPoolExecutor.runWorker(ThreadPoolExecutor.java:1134)
        at java.util.concurrent.ThreadPoolExecutor$Worker.run(ThreadPoolExecutor.java:624)
        at java.lang.Thread.run(Thread.java:750)
"timer2" daemon prio=5 tid=413 timed_waiting
java.lang.Thread.State: TIMED_WAITING
        at java.lang.Object.wait(Native Method)
        at java.util.TimerThread.mainLoop(Timer.java:552)
        at java.util.TimerThread.run(Timer.java:505)
"Datanode ReportManager Thread - 2" daemon prio=5 tid=277 in Object.wait()
java.lang.Thread.State: WAITING (on object monitor)
        at sun.misc.Unsafe.park(Native Method)
        at java.util.concurrent.locks.LockSupport.park(LockSupport.java:175)
        at java.util.concurrent.locks.AbstractQueuedSynchronizer$ConditionObject.await(AbstractQueuedSynchronizer.java:2039)
        at java.util.concurrent.ScheduledThreadPoolExecutor$DelayedWorkQueue.take(ScheduledThreadPoolExecutor.java:1088)
        at java.util.concurrent.ScheduledThreadPoolExecutor$DelayedWorkQueue.take(ScheduledThreadPoolExecutor.java:809)
        at java.util.concurrent.ThreadPoolExecutor.getTask(ThreadPoolExecutor.java:1074)
        at java.util.concurrent.ThreadPoolExecutor.runWorker(ThreadPoolExecutor.java:1134)
        at java.util.concurrent.ThreadPoolExecutor$Worker.run(ThreadPoolExecutor.java:624)
        at java.lang.Thread.run(Thread.java:750)
"qtp1258738962-233" daemon prio=5 tid=233 timed_waiting
java.lang.Thread.State: TIMED_WAITING
        at sun.misc.Unsafe.park(Native Method)
        at java.util.concurrent.locks.LockSupport.parkNanos(LockSupport.java:215)
        at java.util.concurrent.locks.AbstractQueuedSynchronizer$ConditionObject.awaitNanos(AbstractQueuedSynchronizer.java:2078)
        at org.eclipse.jetty.util.BlockingArrayQueue.poll(BlockingArrayQueue.java:382)
        at org.eclipse.jetty.util.thread.QueuedThreadPool$Runner.idleJobPoll(QueuedThreadPool.java:974)
        at org.eclipse.jetty.util.thread.QueuedThreadPool$Runner.run(QueuedThreadPool.java:1018)
        at java.lang.Thread.run(Thread.java:750)
"fdffd6d6-5a7e-48c5-a2f3-4f163f884c78@group-FBE9E628C331->c077bb33-fcdc-4b26-85c1-b9d62aefbd7c-GrpcLogAppender-LogAppenderDaemon" daemon prio=5 tid=433 timed_waiting
java.lang.Thread.State: TIMED_WAITING
        at sun.misc.Unsafe.park(Native Method)
        at java.util.concurrent.locks.LockSupport.parkNanos(LockSupport.java:215)
        at java.util.concurrent.locks.AbstractQueuedSynchronizer$ConditionObject.await(AbstractQueuedSynchronizer.java:2163)
        at org.apache.ratis.util.AwaitForSignal.await(AwaitForSignal.java:62)
        at org.apache.ratis.grpc.server.GrpcLogAppender.mayWait(GrpcLogAppender.java:197)
        at org.apache.ratis.grpc.server.GrpcLogAppender.run(GrpcLogAppender.java:148)
        at org.apache.ratis.server.leader.LogAppenderDaemon.run(LogAppenderDaemon.java:78)
        at org.apache.ratis.server.leader.LogAppenderDaemon$$Lambda$1140/920234435.run(Unknown Source)
        at java.lang.Thread.run(Thread.java:750)
"Session-HouseKeeper-27fb6eaa-1"  prio=5 tid=267 timed_waiting
java.lang.Thread.State: TIMED_WAITING
        at sun.misc.Unsafe.park(Native Method)
        at java.util.concurrent.locks.LockSupport.parkNanos(LockSupport.java:215)
        at java.util.concurrent.locks.AbstractQueuedSynchronizer$ConditionObject.awaitNanos(AbstractQueuedSynchronizer.java:2078)
        at java.util.concurrent.ScheduledThreadPoolExecutor$DelayedWorkQueue.take(ScheduledThreadPoolExecutor.java:1093)
        at java.util.concurrent.ScheduledThreadPoolExecutor$DelayedWorkQueue.take(ScheduledThreadPoolExecutor.java:809)
        at java.util.concurrent.ThreadPoolExecutor.getTask(ThreadPoolExecutor.java:1074)
        at java.util.concurrent.ThreadPoolExecutor.runWorker(ThreadPoolExecutor.java:1134)
        at java.util.concurrent.ThreadPoolExecutor$Worker.run(ThreadPoolExecutor.java:624)
        at java.lang.Thread.run(Thread.java:750)
"Periodic HDDS volume checker" daemon prio=5 tid=217 timed_waiting
java.lang.Thread.State: TIMED_WAITING
        at sun.misc.Unsafe.park(Native Method)
        at java.util.concurrent.locks.LockSupport.parkNanos(LockSupport.java:215)
        at java.util.concurrent.locks.AbstractQueuedSynchronizer$ConditionObject.awaitNanos(AbstractQueuedSynchronizer.java:2078)
        at java.util.concurrent.ScheduledThreadPoolExecutor$DelayedWorkQueue.take(ScheduledThreadPoolExecutor.java:1093)
        at java.util.concurrent.ScheduledThreadPoolExecutor$DelayedWorkQueue.take(ScheduledThreadPoolExecutor.java:809)
        at java.util.concurrent.ThreadPoolExecutor.getTask(ThreadPoolExecutor.java:1074)
        at java.util.concurrent.ThreadPoolExecutor.runWorker(ThreadPoolExecutor.java:1134)
        at java.util.concurrent.ThreadPoolExecutor$Worker.run(ThreadPoolExecutor.java:624)
        at java.lang.Thread.run(Thread.java:750)
"qtp636208486-200" daemon prio=5 tid=200 timed_waiting
java.lang.Thread.State: TIMED_WAITING
        at sun.misc.Unsafe.park(Native Method)
        at java.util.concurrent.locks.LockSupport.parkNanos(LockSupport.java:215)
        at java.util.concurrent.locks.AbstractQueuedSynchronizer$ConditionObject.awaitNanos(AbstractQueuedSynchronizer.java:2078)
        at org.eclipse.jetty.util.BlockingArrayQueue.poll(BlockingArrayQueue.java:382)
        at org.eclipse.jetty.util.thread.QueuedThreadPool$Runner.idleJobPoll(QueuedThreadPool.java:974)
        at org.eclipse.jetty.util.thread.QueuedThreadPool$Runner.run(QueuedThreadPool.java:1018)
        at java.lang.Thread.run(Thread.java:750)
"IPC Server handler 11 on default port 15001" daemon prio=5 tid=81 timed_waiting
java.lang.Thread.State: TIMED_WAITING
        at sun.misc.Unsafe.park(Native Method)
        at java.util.concurrent.locks.LockSupport.parkNanos(LockSupport.java:215)
        at java.util.concurrent.locks.AbstractQueuedSynchronizer$ConditionObject.awaitNanos(AbstractQueuedSynchronizer.java:2078)
        at java.util.concurrent.LinkedBlockingQueue.poll(LinkedBlockingQueue.java:467)
        at org.apache.hadoop.ipc.CallQueueManager.take(CallQueueManager.java:317)
        at org.apache.hadoop.ipc.Server$Handler.run(Server.java:2992)
"4e2b4efa-bcb4-46de-b119-545b7decf2b1@group-9F8053CB28CC-SegmentedRaftLogWorker" daemon prio=5 tid=346 timed_waiting
java.lang.Thread.State: TIMED_WAITING
        at sun.misc.Unsafe.park(Native Method)
        at java.util.concurrent.locks.LockSupport.parkNanos(LockSupport.java:215)
        at java.util.concurrent.locks.AbstractQueuedSynchronizer$ConditionObject.awaitNanos(AbstractQueuedSynchronizer.java:2078)
        at org.apache.ratis.util.DataBlockingQueue.poll(DataBlockingQueue.java:148)
        at org.apache.ratis.server.raftlog.segmented.SegmentedRaftLogWorker.run(SegmentedRaftLogWorker.java:307)
        at org.apache.ratis.server.raftlog.segmented.SegmentedRaftLogWorker$$Lambda$727/1896328878.run(Unknown Source)
        at java.util.concurrent.Executors$RunnableAdapter.call(Executors.java:511)
        at java.util.concurrent.FutureTask.run(FutureTask.java:266)
        at java.util.concurrent.ThreadPoolExecutor.runWorker(ThreadPoolExecutor.java:1149)
        at java.util.concurrent.ThreadPoolExecutor$Worker.run(ThreadPoolExecutor.java:624)
        at java.lang.Thread.run(Thread.java:750)
"IPC Server handler 6 on default port 15002" daemon prio=5 tid=96 timed_waiting
java.lang.Thread.State: TIMED_WAITING
        at sun.misc.Unsafe.park(Native Method)
        at java.util.concurrent.locks.LockSupport.parkNanos(LockSupport.java:215)
        at java.util.concurrent.locks.AbstractQueuedSynchronizer$ConditionObject.awaitNanos(AbstractQueuedSynchronizer.java:2078)
        at java.util.concurrent.LinkedBlockingQueue.poll(LinkedBlockingQueue.java:467)
        at org.apache.hadoop.ipc.CallQueueManager.take(CallQueueManager.java:317)
        at org.apache.hadoop.ipc.Server$Handler.run(Server.java:2992)
"FixedThreadPoolWithAffinityExecutor-6-0" daemon prio=5 tid=45 timed_waiting
java.lang.Thread.State: TIMED_WAITING
        at sun.misc.Unsafe.park(Native Method)
        at java.util.concurrent.locks.LockSupport.parkNanos(LockSupport.java:215)
        at java.util.concurrent.locks.AbstractQueuedSynchronizer$ConditionObject.awaitNanos(AbstractQueuedSynchronizer.java:2078)
        at java.util.concurrent.LinkedBlockingQueue.poll(LinkedBlockingQueue.java:467)
        at org.apache.hadoop.hdds.scm.server.ContainerReportQueue.poll(ContainerReportQueue.java:266)
        at org.apache.hadoop.hdds.scm.server.ContainerReportQueue.poll(ContainerReportQueue.java:42)
        at org.apache.hadoop.hdds.server.events.FixedThreadPoolWithAffinityExecutor$ContainerReportProcessTask.run(FixedThreadPoolWithAffinityExecutor.java:247)
        at java.util.concurrent.Executors$RunnableAdapter.call(Executors.java:511)
        at java.util.concurrent.FutureTask.run(FutureTask.java:266)
        at java.util.concurrent.ThreadPoolExecutor.runWorker(ThreadPoolExecutor.java:1149)
        at java.util.concurrent.ThreadPoolExecutor$Worker.run(ThreadPoolExecutor.java:624)
        at java.lang.Thread.run(Thread.java:750)
"om1-groupManagement" daemon prio=5 tid=133 in Object.wait()
java.lang.Thread.State: WAITING (on object monitor)
        at sun.misc.Unsafe.park(Native Method)
        at java.util.concurrent.locks.LockSupport.park(LockSupport.java:175)
        at java.util.concurrent.locks.AbstractQueuedSynchronizer$ConditionObject.await(AbstractQueuedSynchronizer.java:2039)
        at java.util.concurrent.LinkedBlockingQueue.take(LinkedBlockingQueue.java:442)
        at java.util.concurrent.ThreadPoolExecutor.getTask(ThreadPoolExecutor.java:1074)
        at java.util.concurrent.ThreadPoolExecutor.runWorker(ThreadPoolExecutor.java:1134)
        at java.util.concurrent.ThreadPoolExecutor$Worker.run(ThreadPoolExecutor.java:624)
        at java.lang.Thread.run(Thread.java:750)
"c077bb33-fcdc-4b26-85c1-b9d62aefbd7c-impl-thread1" daemon prio=5 tid=190 timed_waiting
java.lang.Thread.State: TIMED_WAITING
        at sun.misc.Unsafe.park(Native Method)
        at java.util.concurrent.locks.LockSupport.parkNanos(LockSupport.java:215)
        at java.util.concurrent.SynchronousQueue$TransferStack.awaitFulfill(SynchronousQueue.java:460)
        at java.util.concurrent.SynchronousQueue$TransferStack.transfer(SynchronousQueue.java:362)
        at java.util.concurrent.SynchronousQueue.poll(SynchronousQueue.java:941)
        at java.util.concurrent.ThreadPoolExecutor.getTask(ThreadPoolExecutor.java:1073)
        at java.util.concurrent.ThreadPoolExecutor.runWorker(ThreadPoolExecutor.java:1134)
        at java.util.concurrent.ThreadPoolExecutor$Worker.run(ThreadPoolExecutor.java:624)
        at java.lang.Thread.run(Thread.java:750)
"IPC Server handler 11 on default port 15004" daemon prio=5 tid=174 timed_waiting
java.lang.Thread.State: TIMED_WAITING
        at sun.misc.Unsafe.park(Native Method)
        at java.util.concurrent.locks.LockSupport.parkNanos(LockSupport.java:215)
        at java.util.concurrent.locks.AbstractQueuedSynchronizer$ConditionObject.awaitNanos(AbstractQueuedSynchronizer.java:2078)
        at java.util.concurrent.LinkedBlockingQueue.poll(LinkedBlockingQueue.java:467)
        at org.apache.hadoop.ipc.CallQueueManager.take(CallQueueManager.java:317)
        at org.apache.hadoop.ipc.Server$Handler.run(Server.java:2992)
"IPC Server handler 14 on default port 15004" daemon prio=5 tid=177 timed_waiting
java.lang.Thread.State: TIMED_WAITING
        at sun.misc.Unsafe.park(Native Method)
        at java.util.concurrent.locks.LockSupport.parkNanos(LockSupport.java:215)
        at java.util.concurrent.locks.AbstractQueuedSynchronizer$ConditionObject.awaitNanos(AbstractQueuedSynchronizer.java:2078)
        at java.util.concurrent.LinkedBlockingQueue.poll(LinkedBlockingQueue.java:467)
        at org.apache.hadoop.ipc.CallQueueManager.take(CallQueueManager.java:317)
        at org.apache.hadoop.ipc.Server$Handler.run(Server.java:2992)
"fdffd6d6-5a7e-48c5-a2f3-4f163f884c78-impl-thread1" daemon prio=5 tid=256 timed_waiting
java.lang.Thread.State: TIMED_WAITING
        at sun.misc.Unsafe.park(Native Method)
        at java.util.concurrent.locks.LockSupport.parkNanos(LockSupport.java:215)
        at java.util.concurrent.SynchronousQueue$TransferStack.awaitFulfill(SynchronousQueue.java:460)
        at java.util.concurrent.SynchronousQueue$TransferStack.transfer(SynchronousQueue.java:362)
        at java.util.concurrent.SynchronousQueue.poll(SynchronousQueue.java:941)
        at java.util.concurrent.ThreadPoolExecutor.getTask(ThreadPoolExecutor.java:1073)
        at java.util.concurrent.ThreadPoolExecutor.runWorker(ThreadPoolExecutor.java:1134)
        at java.util.concurrent.ThreadPoolExecutor$Worker.run(ThreadPoolExecutor.java:624)
        at java.lang.Thread.run(Thread.java:750)
"EventQueue-DatanodeCommandForSCMNodeManager"  prio=5 tid=325 in Object.wait()
java.lang.Thread.State: WAITING (on object monitor)
        at sun.misc.Unsafe.park(Native Method)
        at java.util.concurrent.locks.LockSupport.park(LockSupport.java:175)
        at java.util.concurrent.locks.AbstractQueuedSynchronizer$ConditionObject.await(AbstractQueuedSynchronizer.java:2039)
        at java.util.concurrent.LinkedBlockingQueue.take(LinkedBlockingQueue.java:442)
        at java.util.concurrent.ThreadPoolExecutor.getTask(ThreadPoolExecutor.java:1074)
        at java.util.concurrent.ThreadPoolExecutor.runWorker(ThreadPoolExecutor.java:1134)
        at java.util.concurrent.ThreadPoolExecutor$Worker.run(ThreadPoolExecutor.java:624)
        at java.lang.Thread.run(Thread.java:750)
"qtp564305890-155-acceptor-0@2e7e8b5f-ServerConnector@1e937fd1{HTTP/1.1, (http/1.1)}{0.0.0.0:15005}" daemon prio=3 tid=155 runnable
java.lang.Thread.State: RUNNABLE
        at sun.nio.ch.ServerSocketChannelImpl.accept0(Native Method)
        at sun.nio.ch.ServerSocketChannelImpl.accept(ServerSocketChannelImpl.java:421)
        at sun.nio.ch.ServerSocketChannelImpl.accept(ServerSocketChannelImpl.java:249)
        at org.eclipse.jetty.server.ServerConnector.accept(ServerConnector.java:388)
        at org.eclipse.jetty.server.AbstractConnector$Acceptor.run(AbstractConnector.java:704)
        at org.eclipse.jetty.util.thread.QueuedThreadPool.runJob(QueuedThreadPool.java:883)
        at org.eclipse.jetty.util.thread.QueuedThreadPool$Runner.run(QueuedThreadPool.java:1034)
        at java.lang.Thread.run(Thread.java:750)
"qtp257278770-262" daemon prio=5 tid=262 timed_waiting
java.lang.Thread.State: TIMED_WAITING
        at sun.misc.Unsafe.park(Native Method)
        at java.util.concurrent.locks.LockSupport.parkNanos(LockSupport.java:215)
        at java.util.concurrent.locks.AbstractQueuedSynchronizer$ConditionObject.awaitNanos(AbstractQueuedSynchronizer.java:2078)
        at org.eclipse.jetty.util.BlockingArrayQueue.poll(BlockingArrayQueue.java:382)
        at org.eclipse.jetty.util.thread.QueuedThreadPool$Runner.idleJobPoll(QueuedThreadPool.java:974)
        at org.eclipse.jetty.util.thread.QueuedThreadPool$Runner.run(QueuedThreadPool.java:1018)
        at java.lang.Thread.run(Thread.java:750)
"IPC Server handler 14 on default port 15000" daemon prio=5 tid=64 timed_waiting
java.lang.Thread.State: TIMED_WAITING
        at sun.misc.Unsafe.park(Native Method)
        at java.util.concurrent.locks.LockSupport.parkNanos(LockSupport.java:215)
        at java.util.concurrent.locks.AbstractQueuedSynchronizer$ConditionObject.awaitNanos(AbstractQueuedSynchronizer.java:2078)
        at java.util.concurrent.LinkedBlockingQueue.poll(LinkedBlockingQueue.java:467)
        at org.apache.hadoop.ipc.CallQueueManager.take(CallQueueManager.java:317)
        at org.apache.hadoop.ipc.Server$Handler.run(Server.java:2992)
"ChunkReader-ELG-0" daemon prio=5 tid=303 runnable
java.lang.Thread.State: RUNNABLE
        at org.apache.ratis.thirdparty.io.netty.channel.epoll.Native.epollWait(Native Method)
        at org.apache.ratis.thirdparty.io.netty.channel.epoll.Native.epollWait(Native.java:209)
        at org.apache.ratis.thirdparty.io.netty.channel.epoll.Native.epollWait(Native.java:202)
        at org.apache.ratis.thirdparty.io.netty.channel.epoll.EpollEventLoop.epollWaitNoTimerChange(EpollEventLoop.java:306)
        at org.apache.ratis.thirdparty.io.netty.channel.epoll.EpollEventLoop.run(EpollEventLoop.java:363)
        at org.apache.ratis.thirdparty.io.netty.util.concurrent.SingleThreadEventExecutor$4.run(SingleThreadEventExecutor.java:997)
        at org.apache.ratis.thirdparty.io.netty.util.internal.ThreadExecutorMap$2.run(ThreadExecutorMap.java:74)
        at java.lang.Thread.run(Thread.java:750)
"Session-HouseKeeper-18264f6e-1"  prio=5 tid=201 timed_waiting
java.lang.Thread.State: TIMED_WAITING
        at sun.misc.Unsafe.park(Native Method)
        at java.util.concurrent.locks.LockSupport.parkNanos(LockSupport.java:215)
        at java.util.concurrent.locks.AbstractQueuedSynchronizer$ConditionObject.awaitNanos(AbstractQueuedSynchronizer.java:2078)
        at java.util.concurrent.ScheduledThreadPoolExecutor$DelayedWorkQueue.take(ScheduledThreadPoolExecutor.java:1093)
        at java.util.concurrent.ScheduledThreadPoolExecutor$DelayedWorkQueue.take(ScheduledThreadPoolExecutor.java:809)
        at java.util.concurrent.ThreadPoolExecutor.getTask(ThreadPoolExecutor.java:1074)
        at java.util.concurrent.ThreadPoolExecutor.runWorker(ThreadPoolExecutor.java:1134)
        at java.util.concurrent.ThreadPoolExecutor$Worker.run(ThreadPoolExecutor.java:624)
        at java.lang.Thread.run(Thread.java:750)
"null-request--thread1" daemon prio=5 tid=475 timed_waiting
java.lang.Thread.State: TIMED_WAITING
        at sun.misc.Unsafe.park(Native Method)
        at java.util.concurrent.locks.LockSupport.parkNanos(LockSupport.java:215)
        at java.util.concurrent.locks.AbstractQueuedSynchronizer$ConditionObject.awaitNanos(AbstractQueuedSynchronizer.java:2078)
        at java.util.concurrent.LinkedBlockingQueue.poll(LinkedBlockingQueue.java:467)
        at java.util.concurrent.ThreadPoolExecutor.getTask(ThreadPoolExecutor.java:1073)
        at java.util.concurrent.ThreadPoolExecutor.runWorker(ThreadPoolExecutor.java:1134)
        at java.util.concurrent.ThreadPoolExecutor$Worker.run(ThreadPoolExecutor.java:624)
        at java.lang.Thread.run(Thread.java:750)
"IPC Server Responder" daemon prio=5 tid=27 runnable
java.lang.Thread.State: RUNNABLE
        at sun.nio.ch.EPollArrayWrapper.epollWait(Native Method)
        at sun.nio.ch.EPollArrayWrapper.poll(EPollArrayWrapper.java:269)
        at sun.nio.ch.EPollSelectorImpl.doSelect(EPollSelectorImpl.java:93)
        at sun.nio.ch.SelectorImpl.lockAndDoSelect(SelectorImpl.java:86)
        at sun.nio.ch.SelectorImpl.select(SelectorImpl.java:97)
        at org.apache.hadoop.ipc.Server$Responder.doRunLoop(Server.java:1578)
        at org.apache.hadoop.ipc.Server$Responder.run(Server.java:1561)
"IPC Server handler 5 on default port 15002" daemon prio=5 tid=95 timed_waiting
java.lang.Thread.State: TIMED_WAITING
        at sun.misc.Unsafe.park(Native Method)
        at java.util.concurrent.locks.LockSupport.parkNanos(LockSupport.java:215)
        at java.util.concurrent.locks.AbstractQueuedSynchronizer$ConditionObject.awaitNanos(AbstractQueuedSynchronizer.java:2078)
        at java.util.concurrent.LinkedBlockingQueue.poll(LinkedBlockingQueue.java:467)
        at org.apache.hadoop.ipc.CallQueueManager.take(CallQueueManager.java:317)
        at org.apache.hadoop.ipc.Server$Handler.run(Server.java:2992)
"PipelineCommandHandlerThread-0"  prio=5 tid=374 in Object.wait()
java.lang.Thread.State: WAITING (on object monitor)
        at sun.misc.Unsafe.park(Native Method)
        at java.util.concurrent.locks.LockSupport.park(LockSupport.java:175)
        at java.util.concurrent.locks.AbstractQueuedSynchronizer$ConditionObject.await(AbstractQueuedSynchronizer.java:2039)
        at java.util.concurrent.LinkedBlockingQueue.take(LinkedBlockingQueue.java:442)
        at java.util.concurrent.ThreadPoolExecutor.getTask(ThreadPoolExecutor.java:1074)
        at java.util.concurrent.ThreadPoolExecutor.runWorker(ThreadPoolExecutor.java:1134)
        at java.util.concurrent.ThreadPoolExecutor$Worker.run(ThreadPoolExecutor.java:624)
        at java.lang.Thread.run(Thread.java:750)
"qtp1258738962-234" daemon prio=5 tid=234 timed_waiting
java.lang.Thread.State: TIMED_WAITING
        at sun.misc.Unsafe.park(Native Method)
        at java.util.concurrent.locks.LockSupport.parkNanos(LockSupport.java:215)
        at java.util.concurrent.locks.AbstractQueuedSynchronizer$ConditionObject.awaitNanos(AbstractQueuedSynchronizer.java:2078)
        at org.eclipse.jetty.util.BlockingArrayQueue.poll(BlockingArrayQueue.java:382)
        at org.eclipse.jetty.util.thread.QueuedThreadPool$Runner.idleJobPoll(QueuedThreadPool.java:974)
        at org.eclipse.jetty.util.thread.QueuedThreadPool$Runner.run(QueuedThreadPool.java:1018)
        at java.lang.Thread.run(Thread.java:750)
"StaleRecoveringContainerScrubbingService#1" daemon prio=5 tid=306 in Object.wait()
java.lang.Thread.State: WAITING (on object monitor)
        at sun.misc.Unsafe.park(Native Method)
        at java.util.concurrent.locks.LockSupport.park(LockSupport.java:175)
        at java.util.concurrent.locks.AbstractQueuedSynchronizer$ConditionObject.await(AbstractQueuedSynchronizer.java:2039)
        at java.util.concurrent.ScheduledThreadPoolExecutor$DelayedWorkQueue.take(ScheduledThreadPoolExecutor.java:1088)
        at java.util.concurrent.ScheduledThreadPoolExecutor$DelayedWorkQueue.take(ScheduledThreadPoolExecutor.java:809)
        at java.util.concurrent.ThreadPoolExecutor.getTask(ThreadPoolExecutor.java:1074)
        at java.util.concurrent.ThreadPoolExecutor.runWorker(ThreadPoolExecutor.java:1134)
        at java.util.concurrent.ThreadPoolExecutor$Worker.run(ThreadPoolExecutor.java:624)
        at java.lang.Thread.run(Thread.java:750)
"Periodic HDDS volume checker" daemon prio=5 tid=251 timed_waiting
java.lang.Thread.State: TIMED_WAITING
        at sun.misc.Unsafe.park(Native Method)
        at java.util.concurrent.locks.LockSupport.parkNanos(LockSupport.java:215)
        at java.util.concurrent.locks.AbstractQueuedSynchronizer$ConditionObject.awaitNanos(AbstractQueuedSynchronizer.java:2078)
        at java.util.concurrent.ScheduledThreadPoolExecutor$DelayedWorkQueue.take(ScheduledThreadPoolExecutor.java:1093)
        at java.util.concurrent.ScheduledThreadPoolExecutor$DelayedWorkQueue.take(ScheduledThreadPoolExecutor.java:809)
        at java.util.concurrent.ThreadPoolExecutor.getTask(ThreadPoolExecutor.java:1074)
        at java.util.concurrent.ThreadPoolExecutor.runWorker(ThreadPoolExecutor.java:1134)
        at java.util.concurrent.ThreadPoolExecutor$Worker.run(ThreadPoolExecutor.java:624)
        at java.lang.Thread.run(Thread.java:750)
"pool-65-thread-1"  prio=5 tid=153 timed_waiting
java.lang.Thread.State: TIMED_WAITING
        at sun.misc.Unsafe.park(Native Method)
        at java.util.concurrent.locks.LockSupport.parkNanos(LockSupport.java:215)
        at java.util.concurrent.locks.AbstractQueuedSynchronizer$ConditionObject.awaitNanos(AbstractQueuedSynchronizer.java:2078)
        at java.util.concurrent.ScheduledThreadPoolExecutor$DelayedWorkQueue.take(ScheduledThreadPoolExecutor.java:1093)
        at java.util.concurrent.ScheduledThreadPoolExecutor$DelayedWorkQueue.take(ScheduledThreadPoolExecutor.java:809)
        at java.util.concurrent.ThreadPoolExecutor.getTask(ThreadPoolExecutor.java:1074)
        at java.util.concurrent.ThreadPoolExecutor.runWorker(ThreadPoolExecutor.java:1134)
        at java.util.concurrent.ThreadPoolExecutor$Worker.run(ThreadPoolExecutor.java:624)
        at java.lang.Thread.run(Thread.java:750)
"main"  prio=5 tid=1 timed_waiting
java.lang.Thread.State: TIMED_WAITING
        at sun.misc.Unsafe.park(Native Method)
        at java.util.concurrent.locks.LockSupport.parkNanos(LockSupport.java:215)
        at java.util.concurrent.FutureTask.awaitDone(FutureTask.java:426)
        at java.util.concurrent.FutureTask.get(FutureTask.java:204)
        at org.junit.internal.runners.statements.FailOnTimeout.getResult(FailOnTimeout.java:156)
        at org.junit.internal.runners.statements.FailOnTimeout.evaluate(FailOnTimeout.java:129)
        at org.junit.rules.ExpectedException$ExpectedExceptionStatement.evaluate(ExpectedException.java:258)
        at org.junit.runners.ParentRunner$3.evaluate(ParentRunner.java:306)
        at org.junit.runners.BlockJUnit4ClassRunner$1.evaluate(BlockJUnit4ClassRunner.java:100)
        at org.junit.runners.ParentRunner.runLeaf(ParentRunner.java:366)
        at org.junit.runners.BlockJUnit4ClassRunner.runChild(BlockJUnit4ClassRunner.java:103)
        at org.junit.runners.BlockJUnit4ClassRunner.runChild(BlockJUnit4ClassRunner.java:63)
        at org.junit.runners.ParentRunner$4.run(ParentRunner.java:331)
        at org.junit.runners.ParentRunner$1.schedule(ParentRunner.java:79)
        at org.junit.runners.ParentRunner.runChildren(ParentRunner.java:329)
        at org.junit.runners.ParentRunner.access$100(ParentRunner.java:66)
        at org.junit.runners.ParentRunner$2.evaluate(ParentRunner.java:293)
        at org.junit.internal.runners.statements.RunBefores.evaluate(RunBefores.java:26)
        at org.junit.internal.runners.statements.RunAfters.evaluate(RunAfters.java:27)
        at org.junit.runners.ParentRunner$3.evaluate(ParentRunner.java:306)
        at org.junit.runners.ParentRunner.run(ParentRunner.java:413)
        at org.junit.runner.JUnitCore.run(JUnitCore.java:137)
        at org.junit.runner.JUnitCore.run(JUnitCore.java:115)
        at org.junit.vintage.engine.execution.RunnerExecutor.execute(RunnerExecutor.java:42)
        at org.junit.vintage.engine.VintageTestEngine.executeAllChildren(VintageTestEngine.java:80)
        at org.junit.vintage.engine.VintageTestEngine.execute(VintageTestEngine.java:72)
        at org.junit.platform.launcher.core.EngineExecutionOrchestrator.execute(EngineExecutionOrchestrator.java:107)
        at org.junit.platform.launcher.core.EngineExecutionOrchestrator.execute(EngineExecutionOrchestrator.java:88)
        at org.junit.platform.launcher.core.EngineExecutionOrchestrator.lambda$execute$0(EngineExecutionOrchestrator.java:54)
        at org.junit.platform.launcher.core.EngineExecutionOrchestrator$$Lambda$188/1345401730.accept(Unknown Source)
        at org.junit.platform.launcher.core.EngineExecutionOrchestrator.withInterceptedStreams(EngineExecutionOrchestrator.java:67)
        at org.junit.platform.launcher.core.EngineExecutionOrchestrator.execute(EngineExecutionOrchestrator.java:52)
        at org.junit.platform.launcher.core.DefaultLauncher.execute(DefaultLauncher.java:114)
        at org.junit.platform.launcher.core.DefaultLauncher.execute(DefaultLauncher.java:86)
        at org.junit.platform.launcher.core.DefaultLauncherSession$DelegatingLauncher.execute(DefaultLauncherSession.java:86)
        at org.junit.platform.launcher.core.SessionPerRequestLauncher.execute(SessionPerRequestLauncher.java:53)
        at org.apache.maven.surefire.junitplatform.JUnitPlatformProvider.execute(JUnitPlatformProvider.java:188)
        at org.apache.maven.surefire.junitplatform.JUnitPlatformProvider.invokeAllTests(JUnitPlatformProvider.java:154)
        at org.apache.maven.surefire.junitplatform.JUnitPlatformProvider.invoke(JUnitPlatformProvider.java:124)
        at org.apache.maven.surefire.booter.ForkedBooter.runSuitesInProcess(ForkedBooter.java:428)
        at org.apache.maven.surefire.booter.ForkedBooter.execute(ForkedBooter.java:162)
        at org.apache.maven.surefire.booter.ForkedBooter.run(ForkedBooter.java:562)
        at org.apache.maven.surefire.booter.ForkedBooter.main(ForkedBooter.java:548)
"DatanodeAdminManager-0" daemon prio=5 tid=22 timed_waiting
java.lang.Thread.State: TIMED_WAITING
        at sun.misc.Unsafe.park(Native Method)
        at java.util.concurrent.locks.LockSupport.parkNanos(LockSupport.java:215)
        at java.util.concurrent.locks.AbstractQueuedSynchronizer$ConditionObject.awaitNanos(AbstractQueuedSynchronizer.java:2078)
        at java.util.concurrent.ScheduledThreadPoolExecutor$DelayedWorkQueue.take(ScheduledThreadPoolExecutor.java:1093)
        at java.util.concurrent.ScheduledThreadPoolExecutor$DelayedWorkQueue.take(ScheduledThreadPoolExecutor.java:809)
        at java.util.concurrent.ThreadPoolExecutor.getTask(ThreadPoolExecutor.java:1074)
        at java.util.concurrent.ThreadPoolExecutor.runWorker(ThreadPoolExecutor.java:1134)
        at java.util.concurrent.ThreadPoolExecutor$Worker.run(ThreadPoolExecutor.java:624)
        at java.lang.Thread.run(Thread.java:750)
"Hadoop-Metrics-Updater-0" daemon prio=5 tid=38 timed_waiting
java.lang.Thread.State: TIMED_WAITING
        at sun.misc.Unsafe.park(Native Method)
        at java.util.concurrent.locks.LockSupport.parkNanos(LockSupport.java:215)
        at java.util.concurrent.locks.AbstractQueuedSynchronizer$ConditionObject.awaitNanos(AbstractQueuedSynchronizer.java:2078)
        at java.util.concurrent.ScheduledThreadPoolExecutor$DelayedWorkQueue.take(ScheduledThreadPoolExecutor.java:1093)
        at java.util.concurrent.ScheduledThreadPoolExecutor$DelayedWorkQueue.take(ScheduledThreadPoolExecutor.java:809)
        at java.util.concurrent.ThreadPoolExecutor.getTask(ThreadPoolExecutor.java:1074)
        at java.util.concurrent.ThreadPoolExecutor.runWorker(ThreadPoolExecutor.java:1134)
        at java.util.concurrent.ThreadPoolExecutor$Worker.run(ThreadPoolExecutor.java:624)
        at java.lang.Thread.run(Thread.java:750)
"timer5" daemon prio=5 tid=434 timed_waiting
java.lang.Thread.State: TIMED_WAITING
        at java.lang.Object.wait(Native Method)
        at java.util.TimerThread.mainLoop(Timer.java:552)
        at java.util.TimerThread.run(Timer.java:505)
"grpc-default-executor-5" daemon prio=5 tid=447 timed_waiting
java.lang.Thread.State: TIMED_WAITING
        at sun.misc.Unsafe.park(Native Method)
        at java.util.concurrent.locks.LockSupport.parkNanos(LockSupport.java:215)
        at java.util.concurrent.SynchronousQueue$TransferStack.awaitFulfill(SynchronousQueue.java:460)
        at java.util.concurrent.SynchronousQueue$TransferStack.transfer(SynchronousQueue.java:362)
        at java.util.concurrent.SynchronousQueue.poll(SynchronousQueue.java:941)
        at java.util.concurrent.ThreadPoolExecutor.getTask(ThreadPoolExecutor.java:1073)
        at java.util.concurrent.ThreadPoolExecutor.runWorker(ThreadPoolExecutor.java:1134)
        at java.util.concurrent.ThreadPoolExecutor$Worker.run(ThreadPoolExecutor.java:624)
        at java.lang.Thread.run(Thread.java:750)
"4e2b4efa-bcb4-46de-b119-545b7decf2b1@group-DDC5CB68ABFD-LeaderStateImpl" daemon prio=5 tid=404 timed_waiting
java.lang.Thread.State: TIMED_WAITING
        at sun.misc.Unsafe.park(Native Method)
        at java.util.concurrent.locks.LockSupport.parkNanos(LockSupport.java:215)
        at java.util.concurrent.locks.AbstractQueuedSynchronizer$ConditionObject.awaitNanos(AbstractQueuedSynchronizer.java:2078)
        at java.util.concurrent.ArrayBlockingQueue.poll(ArrayBlockingQueue.java:418)
        at org.apache.ratis.server.impl.LeaderStateImpl$EventQueue.poll(LeaderStateImpl.java:164)
        at org.apache.ratis.server.impl.LeaderStateImpl$EventProcessor.run(LeaderStateImpl.java:702)
"IPC Server handler 13 on default port 15002" daemon prio=5 tid=103 timed_waiting
java.lang.Thread.State: TIMED_WAITING
        at sun.misc.Unsafe.park(Native Method)
        at java.util.concurrent.locks.LockSupport.parkNanos(LockSupport.java:215)
        at java.util.concurrent.locks.AbstractQueuedSynchronizer$ConditionObject.awaitNanos(AbstractQueuedSynchronizer.java:2078)
        at java.util.concurrent.LinkedBlockingQueue.poll(LinkedBlockingQueue.java:467)
        at org.apache.hadoop.ipc.CallQueueManager.take(CallQueueManager.java:317)
        at org.apache.hadoop.ipc.Server$Handler.run(Server.java:2992)
"c077bb33-fcdc-4b26-85c1-b9d62aefbd7c@group-DDC5CB68ABFD-StateMachineUpdater" daemon prio=5 tid=336 timed_waiting
java.lang.Thread.State: TIMED_WAITING
        at sun.misc.Unsafe.park(Native Method)
        at java.util.concurrent.locks.LockSupport.parkNanos(LockSupport.java:215)
        at java.util.concurrent.locks.AbstractQueuedSynchronizer$ConditionObject.await(AbstractQueuedSynchronizer.java:2163)
        at org.apache.ratis.util.AwaitForSignal.await(AwaitForSignal.java:62)
        at org.apache.ratis.server.impl.StateMachineUpdater.waitForCommit(StateMachineUpdater.java:209)
        at org.apache.ratis.server.impl.StateMachineUpdater.run(StateMachineUpdater.java:178)
        at java.lang.Thread.run(Thread.java:750)
"OMDoubleBufferFlushThread" daemon prio=5 tid=131 timed_waiting
java.lang.Thread.State: TIMED_WAITING
        at java.lang.Object.wait(Native Method)
        at org.apache.hadoop.ozone.om.ratis.OzoneManagerDoubleBuffer.canFlush(OzoneManagerDoubleBuffer.java:637)
        at org.apache.hadoop.ozone.om.ratis.OzoneManagerDoubleBuffer.flushTransactions(OzoneManagerDoubleBuffer.java:276)
        at org.apache.hadoop.ozone.om.ratis.OzoneManagerDoubleBuffer$$Lambda$540/79756445.run(Unknown Source)
        at java.lang.Thread.run(Thread.java:750)
"IPC Server handler 7 on default port 15000" daemon prio=5 tid=57 timed_waiting
java.lang.Thread.State: TIMED_WAITING
        at sun.misc.Unsafe.park(Native Method)
        at java.util.concurrent.locks.LockSupport.parkNanos(LockSupport.java:215)
        at java.util.concurrent.locks.AbstractQueuedSynchronizer$ConditionObject.awaitNanos(AbstractQueuedSynchronizer.java:2078)
        at java.util.concurrent.LinkedBlockingQueue.poll(LinkedBlockingQueue.java:467)
        at org.apache.hadoop.ipc.CallQueueManager.take(CallQueueManager.java:317)
        at org.apache.hadoop.ipc.Server$Handler.run(Server.java:2992)
"qtp564305890-156" daemon prio=5 tid=156 timed_waiting
java.lang.Thread.State: TIMED_WAITING
        at sun.misc.Unsafe.park(Native Method)
        at java.util.concurrent.locks.LockSupport.parkNanos(LockSupport.java:215)
        at java.util.concurrent.locks.AbstractQueuedSynchronizer$ConditionObject.awaitNanos(AbstractQueuedSynchronizer.java:2078)
        at org.eclipse.jetty.util.BlockingArrayQueue.poll(BlockingArrayQueue.java:382)
        at org.eclipse.jetty.util.thread.QueuedThreadPool$Runner.idleJobPoll(QueuedThreadPool.java:974)
        at org.eclipse.jetty.util.thread.QueuedThreadPool$Runner.run(QueuedThreadPool.java:1018)
        at java.lang.Thread.run(Thread.java:750)
"EndpointStateMachine task thread for /0.0.0.0:15002 - 0 "  prio=5 tid=309 in Object.wait()
java.lang.Thread.State: WAITING (on object monitor)
        at sun.misc.Unsafe.park(Native Method)
        at java.util.concurrent.locks.LockSupport.park(LockSupport.java:175)
        at java.util.concurrent.locks.AbstractQueuedSynchronizer$ConditionObject.await(AbstractQueuedSynchronizer.java:2039)
        at java.util.concurrent.LinkedBlockingQueue.take(LinkedBlockingQueue.java:442)
        at java.util.concurrent.ThreadPoolExecutor.getTask(ThreadPoolExecutor.java:1074)
        at java.util.concurrent.ThreadPoolExecutor.runWorker(ThreadPoolExecutor.java:1134)
        at java.util.concurrent.ThreadPoolExecutor$Worker.run(ThreadPoolExecutor.java:624)
        at java.lang.Thread.run(Thread.java:750)
"IPC Server Responder" daemon prio=5 tid=239 runnable
java.lang.Thread.State: RUNNABLE
        at sun.nio.ch.EPollArrayWrapper.epollWait(Native Method)
        at sun.nio.ch.EPollArrayWrapper.poll(EPollArrayWrapper.java:269)
        at sun.nio.ch.EPollSelectorImpl.doSelect(EPollSelectorImpl.java:93)
        at sun.nio.ch.SelectorImpl.lockAndDoSelect(SelectorImpl.java:86)
        at sun.nio.ch.SelectorImpl.select(SelectorImpl.java:97)
        at org.apache.hadoop.ipc.Server$Responder.doRunLoop(Server.java:1578)
        at org.apache.hadoop.ipc.Server$Responder.run(Server.java:1561)
"qtp636208486-197" daemon prio=5 tid=197 timed_waiting
java.lang.Thread.State: TIMED_WAITING
        at sun.misc.Unsafe.park(Native Method)
        at java.util.concurrent.locks.LockSupport.parkNanos(LockSupport.java:215)
        at java.util.concurrent.locks.AbstractQueuedSynchronizer$ConditionObject.awaitNanos(AbstractQueuedSynchronizer.java:2078)
        at org.eclipse.jetty.util.BlockingArrayQueue.poll(BlockingArrayQueue.java:382)
        at org.eclipse.jetty.util.thread.QueuedThreadPool$Runner.idleJobPoll(QueuedThreadPool.java:974)
        at org.eclipse.jetty.util.thread.QueuedThreadPool$Runner.run(QueuedThreadPool.java:1018)
        at java.lang.Thread.run(Thread.java:750)
"qtp257278770-259" daemon prio=5 tid=259 timed_waiting
java.lang.Thread.State: TIMED_WAITING
        at sun.misc.Unsafe.park(Native Method)
        at java.util.concurrent.locks.LockSupport.parkNanos(LockSupport.java:215)
        at java.util.concurrent.locks.AbstractQueuedSynchronizer$ConditionObject.awaitNanos(AbstractQueuedSynchronizer.java:2078)
        at org.eclipse.jetty.util.BlockingArrayQueue.poll(BlockingArrayQueue.java:382)
        at org.eclipse.jetty.util.thread.QueuedThreadPool$Runner.idleJobPoll(QueuedThreadPool.java:974)
        at org.eclipse.jetty.util.thread.QueuedThreadPool$Runner.run(QueuedThreadPool.java:1018)
        at java.lang.Thread.run(Thread.java:750)
"IPC Server listener on 15000" daemon prio=5 tid=34 runnable
java.lang.Thread.State: RUNNABLE
        at sun.nio.ch.EPollArrayWrapper.epollWait(Native Method)
        at sun.nio.ch.EPollArrayWrapper.poll(EPollArrayWrapper.java:269)
        at sun.nio.ch.EPollSelectorImpl.doSelect(EPollSelectorImpl.java:93)
        at sun.nio.ch.SelectorImpl.lockAndDoSelect(SelectorImpl.java:86)
        at sun.nio.ch.SelectorImpl.select(SelectorImpl.java:97)
        at sun.nio.ch.SelectorImpl.select(SelectorImpl.java:101)
        at org.apache.hadoop.ipc.Server$Listener.run(Server.java:1404)
"ContainerOp-472dbade-761e-448d-b7b1-9f8053cb28cc-1"  prio=5 tid=477 in Object.wait()
java.lang.Thread.State: WAITING (on object monitor)
        at sun.misc.Unsafe.park(Native Method)
        at java.util.concurrent.locks.LockSupport.park(LockSupport.java:175)
        at java.util.concurrent.locks.AbstractQueuedSynchronizer$ConditionObject.await(AbstractQueuedSynchronizer.java:2039)
        at java.util.concurrent.LinkedBlockingQueue.take(LinkedBlockingQueue.java:442)
        at java.util.concurrent.ThreadPoolExecutor.getTask(ThreadPoolExecutor.java:1074)
        at java.util.concurrent.ThreadPoolExecutor.runWorker(ThreadPoolExecutor.java:1134)
        at java.util.concurrent.ThreadPoolExecutor$Worker.run(ThreadPoolExecutor.java:624)
        at java.lang.Thread.run(Thread.java:750)
"IPC Server handler 1 on default port 15000" daemon prio=5 tid=51 timed_waiting
java.lang.Thread.State: TIMED_WAITING
        at sun.misc.Unsafe.park(Native Method)
        at java.util.concurrent.locks.LockSupport.parkNanos(LockSupport.java:215)
        at java.util.concurrent.locks.AbstractQueuedSynchronizer$ConditionObject.awaitNanos(AbstractQueuedSynchronizer.java:2078)
        at java.util.concurrent.LinkedBlockingQueue.poll(LinkedBlockingQueue.java:467)
        at org.apache.hadoop.ipc.CallQueueManager.take(CallQueueManager.java:317)
        at org.apache.hadoop.ipc.Server$Handler.run(Server.java:2992)
"Datanode ReportManager Thread - 0" daemon prio=5 tid=209 in Object.wait()
java.lang.Thread.State: WAITING (on object monitor)
        at sun.misc.Unsafe.park(Native Method)
        at java.util.concurrent.locks.LockSupport.park(LockSupport.java:175)
        at java.util.concurrent.locks.AbstractQueuedSynchronizer$ConditionObject.await(AbstractQueuedSynchronizer.java:2039)
        at java.util.concurrent.ScheduledThreadPoolExecutor$DelayedWorkQueue.take(ScheduledThreadPoolExecutor.java:1088)
        at java.util.concurrent.ScheduledThreadPoolExecutor$DelayedWorkQueue.take(ScheduledThreadPoolExecutor.java:809)
        at java.util.concurrent.ThreadPoolExecutor.getTask(ThreadPoolExecutor.java:1074)
        at java.util.concurrent.ThreadPoolExecutor.runWorker(ThreadPoolExecutor.java:1134)
        at java.util.concurrent.ThreadPoolExecutor$Worker.run(ThreadPoolExecutor.java:624)
        at java.lang.Thread.run(Thread.java:750)
"IPC Server handler 9 on default port 15004" daemon prio=5 tid=172 timed_waiting
java.lang.Thread.State: TIMED_WAITING
        at sun.misc.Unsafe.park(Native Method)
        at java.util.concurrent.locks.LockSupport.parkNanos(LockSupport.java:215)
        at java.util.concurrent.locks.AbstractQueuedSynchronizer$ConditionObject.awaitNanos(AbstractQueuedSynchronizer.java:2078)
        at java.util.concurrent.LinkedBlockingQueue.poll(LinkedBlockingQueue.java:467)
        at org.apache.hadoop.ipc.CallQueueManager.take(CallQueueManager.java:317)
        at org.apache.hadoop.ipc.Server$Handler.run(Server.java:2992)
"IPC Server handler 11 on default port 15000" daemon prio=5 tid=61 timed_waiting
java.lang.Thread.State: TIMED_WAITING
        at sun.misc.Unsafe.park(Native Method)
        at java.util.concurrent.locks.LockSupport.parkNanos(LockSupport.java:215)
        at java.util.concurrent.locks.AbstractQueuedSynchronizer$ConditionObject.awaitNanos(AbstractQueuedSynchronizer.java:2078)
        at java.util.concurrent.LinkedBlockingQueue.poll(LinkedBlockingQueue.java:467)
        at org.apache.hadoop.ipc.CallQueueManager.take(CallQueueManager.java:317)
        at org.apache.hadoop.ipc.Server$Handler.run(Server.java:2992)
"Over Replicated Processor" daemon prio=5 tid=21 timed_waiting
java.lang.Thread.State: TIMED_WAITING
        at java.lang.Object.wait(Native Method)
        at org.apache.hadoop.hdds.scm.container.replication.UnhealthyReplicationProcessor.run(UnhealthyReplicationProcessor.java:161)
        at java.lang.Thread.run(Thread.java:750)
"4e2b4efa-bcb4-46de-b119-545b7decf2b1@group-FBE9E628C331-StateMachineUpdater" daemon prio=5 tid=355 timed_waiting
java.lang.Thread.State: TIMED_WAITING
        at sun.misc.Unsafe.park(Native Method)
        at java.util.concurrent.locks.LockSupport.parkNanos(LockSupport.java:215)
        at java.util.concurrent.locks.AbstractQueuedSynchronizer$ConditionObject.await(AbstractQueuedSynchronizer.java:2163)
        at org.apache.ratis.util.AwaitForSignal.await(AwaitForSignal.java:62)
        at org.apache.ratis.server.impl.StateMachineUpdater.waitForCommit(StateMachineUpdater.java:209)
        at org.apache.ratis.server.impl.StateMachineUpdater.run(StateMachineUpdater.java:178)
        at java.lang.Thread.run(Thread.java:750)
"PipelineCommandHandlerThread-0"  prio=5 tid=328 in Object.wait()
java.lang.Thread.State: WAITING (on object monitor)
        at sun.misc.Unsafe.park(Native Method)
        at java.util.concurrent.locks.LockSupport.park(LockSupport.java:175)
        at java.util.concurrent.locks.AbstractQueuedSynchronizer$ConditionObject.await(AbstractQueuedSynchronizer.java:2039)
        at java.util.concurrent.LinkedBlockingQueue.take(LinkedBlockingQueue.java:442)
        at java.util.concurrent.ThreadPoolExecutor.getTask(ThreadPoolExecutor.java:1074)
        at java.util.concurrent.ThreadPoolExecutor.runWorker(ThreadPoolExecutor.java:1134)
        at java.util.concurrent.ThreadPoolExecutor$Worker.run(ThreadPoolExecutor.java:624)
        at java.lang.Thread.run(Thread.java:750)
"IPC Server handler 6 on default port 15001" daemon prio=5 tid=76 timed_waiting
java.lang.Thread.State: TIMED_WAITING
        at sun.misc.Unsafe.park(Native Method)
        at java.util.concurrent.locks.LockSupport.parkNanos(LockSupport.java:215)
        at java.util.concurrent.locks.AbstractQueuedSynchronizer$ConditionObject.awaitNanos(AbstractQueuedSynchronizer.java:2078)
        at java.util.concurrent.LinkedBlockingQueue.poll(LinkedBlockingQueue.java:467)
        at org.apache.hadoop.ipc.CallQueueManager.take(CallQueueManager.java:317)
        at org.apache.hadoop.ipc.Server$Handler.run(Server.java:2992)
"Session-HouseKeeper-6dadbb0e-1"  prio=5 tid=122 timed_waiting
java.lang.Thread.State: TIMED_WAITING
        at sun.misc.Unsafe.park(Native Method)
        at java.util.concurrent.locks.LockSupport.parkNanos(LockSupport.java:215)
        at java.util.concurrent.locks.AbstractQueuedSynchronizer$ConditionObject.awaitNanos(AbstractQueuedSynchronizer.java:2078)
        at java.util.concurrent.ScheduledThreadPoolExecutor$DelayedWorkQueue.take(ScheduledThreadPoolExecutor.java:1093)
        at java.util.concurrent.ScheduledThreadPoolExecutor$DelayedWorkQueue.take(ScheduledThreadPoolExecutor.java:809)
        at java.util.concurrent.ThreadPoolExecutor.getTask(ThreadPoolExecutor.java:1074)
        at java.util.concurrent.ThreadPoolExecutor.runWorker(ThreadPoolExecutor.java:1134)
        at java.util.concurrent.ThreadPoolExecutor$Worker.run(ThreadPoolExecutor.java:624)
        at java.lang.Thread.run(Thread.java:750)
"Reference Handler" daemon prio=10 tid=2 in Object.wait()
java.lang.Thread.State: WAITING (on object monitor)
        at java.lang.Object.wait(Native Method)
        at java.lang.Object.wait(Object.java:502)
        at java.lang.ref.Reference.tryHandlePending(Reference.java:191)
        at java.lang.ref.Reference$ReferenceHandler.run(Reference.java:153)
"Datanode State Machine Task Thread - 1"  prio=5 tid=296 in Object.wait()
java.lang.Thread.State: WAITING (on object monitor)
        at sun.misc.Unsafe.park(Native Method)
        at java.util.concurrent.locks.LockSupport.park(LockSupport.java:175)
        at java.util.concurrent.locks.AbstractQueuedSynchronizer$ConditionObject.await(AbstractQueuedSynchronizer.java:2039)
        at java.util.concurrent.LinkedBlockingQueue.take(LinkedBlockingQueue.java:442)
        at java.util.concurrent.ThreadPoolExecutor.getTask(ThreadPoolExecutor.java:1074)
        at java.util.concurrent.ThreadPoolExecutor.runWorker(ThreadPoolExecutor.java:1134)
        at java.util.concurrent.ThreadPoolExecutor$Worker.run(ThreadPoolExecutor.java:624)
        at java.lang.Thread.run(Thread.java:750)
"IPC Server handler 18 on default port 15004" daemon prio=5 tid=181 timed_waiting
java.lang.Thread.State: TIMED_WAITING
        at sun.misc.Unsafe.park(Native Method)
        at java.util.concurrent.locks.LockSupport.parkNanos(LockSupport.java:215)
        at java.util.concurrent.locks.AbstractQueuedSynchronizer$ConditionObject.awaitNanos(AbstractQueuedSynchronizer.java:2078)
        at java.util.concurrent.LinkedBlockingQueue.poll(LinkedBlockingQueue.java:467)
        at org.apache.hadoop.ipc.CallQueueManager.take(CallQueueManager.java:317)
        at org.apache.hadoop.ipc.Server$Handler.run(Server.java:2992)
"Socket Reader #1 for port 15000" daemon prio=5 tid=35 runnable
java.lang.Thread.State: RUNNABLE
        at sun.nio.ch.EPollArrayWrapper.epollWait(Native Method)
        at sun.nio.ch.EPollArrayWrapper.poll(EPollArrayWrapper.java:269)
        at sun.nio.ch.EPollSelectorImpl.doSelect(EPollSelectorImpl.java:93)
        at sun.nio.ch.SelectorImpl.lockAndDoSelect(SelectorImpl.java:86)
        at sun.nio.ch.SelectorImpl.select(SelectorImpl.java:97)
        at sun.nio.ch.SelectorImpl.select(SelectorImpl.java:101)
        at org.apache.hadoop.ipc.Server$Listener$Reader.doRunLoop(Server.java:1342)
        at org.apache.hadoop.ipc.Server$Listener$Reader.run(Server.java:1321)
"KeyDeletingService#0" daemon prio=5 tid=148 timed_waiting
java.lang.Thread.State: TIMED_WAITING
        at sun.misc.Unsafe.park(Native Method)
        at java.util.concurrent.locks.LockSupport.parkNanos(LockSupport.java:215)
        at java.util.concurrent.locks.AbstractQueuedSynchronizer$ConditionObject.awaitNanos(AbstractQueuedSynchronizer.java:2078)
        at java.util.concurrent.ScheduledThreadPoolExecutor$DelayedWorkQueue.take(ScheduledThreadPoolExecutor.java:1093)
        at java.util.concurrent.ScheduledThreadPoolExecutor$DelayedWorkQueue.take(ScheduledThreadPoolExecutor.java:809)
        at java.util.concurrent.ThreadPoolExecutor.getTask(ThreadPoolExecutor.java:1074)
        at java.util.concurrent.ThreadPoolExecutor.runWorker(ThreadPoolExecutor.java:1134)
        at java.util.concurrent.ThreadPoolExecutor$Worker.run(ThreadPoolExecutor.java:624)
        at java.lang.Thread.run(Thread.java:750)
"pool-119-thread-1" daemon prio=5 tid=253 timed_waiting
java.lang.Thread.State: TIMED_WAITING
        at sun.misc.Unsafe.park(Native Method)
        at java.util.concurrent.locks.LockSupport.parkNanos(LockSupport.java:215)
        at java.util.concurrent.locks.AbstractQueuedSynchronizer$ConditionObject.awaitNanos(AbstractQueuedSynchronizer.java:2078)
        at java.util.concurrent.ScheduledThreadPoolExecutor$DelayedWorkQueue.take(ScheduledThreadPoolExecutor.java:1093)
        at java.util.concurrent.ScheduledThreadPoolExecutor$DelayedWorkQueue.take(ScheduledThreadPoolExecutor.java:809)
        at java.util.concurrent.ThreadPoolExecutor.getTask(ThreadPoolExecutor.java:1074)
        at java.util.concurrent.ThreadPoolExecutor.runWorker(ThreadPoolExecutor.java:1134)
        at java.util.concurrent.ThreadPoolExecutor$Worker.run(ThreadPoolExecutor.java:624)
        at java.lang.Thread.run(Thread.java:750)
"BlockDeletingService#0" daemon prio=5 tid=292 timed_waiting
java.lang.Thread.State: TIMED_WAITING
        at sun.misc.Unsafe.park(Native Method)
        at java.util.concurrent.locks.LockSupport.parkNanos(LockSupport.java:215)
        at java.util.concurrent.locks.AbstractQueuedSynchronizer$ConditionObject.awaitNanos(AbstractQueuedSynchronizer.java:2078)
        at java.util.concurrent.ScheduledThreadPoolExecutor$DelayedWorkQueue.take(ScheduledThreadPoolExecutor.java:1093)
        at java.util.concurrent.ScheduledThreadPoolExecutor$DelayedWorkQueue.take(ScheduledThreadPoolExecutor.java:809)
        at java.util.concurrent.ThreadPoolExecutor.getTask(ThreadPoolExecutor.java:1074)
        at java.util.concurrent.ThreadPoolExecutor.runWorker(ThreadPoolExecutor.java:1134)
        at java.util.concurrent.ThreadPoolExecutor$Worker.run(ThreadPoolExecutor.java:624)
        at java.lang.Thread.run(Thread.java:750)
"Datanode ReportManager Thread - 4" daemon prio=5 tid=247 in Object.wait()
java.lang.Thread.State: WAITING (on object monitor)
        at sun.misc.Unsafe.park(Native Method)
        at java.util.concurrent.locks.LockSupport.park(LockSupport.java:175)
        at java.util.concurrent.locks.AbstractQueuedSynchronizer$ConditionObject.await(AbstractQueuedSynchronizer.java:2039)
        at java.util.concurrent.ScheduledThreadPoolExecutor$DelayedWorkQueue.take(ScheduledThreadPoolExecutor.java:1088)
        at java.util.concurrent.ScheduledThreadPoolExecutor$DelayedWorkQueue.take(ScheduledThreadPoolExecutor.java:809)
        at java.util.concurrent.ThreadPoolExecutor.getTask(ThreadPoolExecutor.java:1074)
        at java.util.concurrent.ThreadPoolExecutor.runWorker(ThreadPoolExecutor.java:1134)
        at java.util.concurrent.ThreadPoolExecutor$Worker.run(ThreadPoolExecutor.java:624)
        at java.lang.Thread.run(Thread.java:750)
"IPC Server handler 2 on default port 15004" daemon prio=5 tid=165 timed_waiting
java.lang.Thread.State: TIMED_WAITING
        at sun.misc.Unsafe.park(Native Method)
        at java.util.concurrent.locks.LockSupport.parkNanos(LockSupport.java:215)
        at java.util.concurrent.locks.AbstractQueuedSynchronizer$ConditionObject.awaitNanos(AbstractQueuedSynchronizer.java:2078)
        at java.util.concurrent.LinkedBlockingQueue.poll(LinkedBlockingQueue.java:467)
        at org.apache.hadoop.ipc.CallQueueManager.take(CallQueueManager.java:317)
        at org.apache.hadoop.ipc.Server$Handler.run(Server.java:2992)
"qtp564305890-159" daemon prio=5 tid=159 timed_waiting
java.lang.Thread.State: TIMED_WAITING
        at sun.misc.Unsafe.park(Native Method)
        at java.util.concurrent.locks.LockSupport.parkNanos(LockSupport.java:215)
        at java.util.concurrent.locks.AbstractQueuedSynchronizer$ConditionObject.awaitNanos(AbstractQueuedSynchronizer.java:2078)
        at org.eclipse.jetty.util.BlockingArrayQueue.poll(BlockingArrayQueue.java:382)
        at org.eclipse.jetty.util.thread.QueuedThreadPool$Runner.idleJobPoll(QueuedThreadPool.java:974)
        at org.eclipse.jetty.util.thread.QueuedThreadPool$Runner.run(QueuedThreadPool.java:1018)
        at java.lang.Thread.run(Thread.java:750)
"Datanode ReportManager Thread - 3" daemon prio=5 tid=246 in Object.wait()
java.lang.Thread.State: WAITING (on object monitor)
        at sun.misc.Unsafe.park(Native Method)
        at java.util.concurrent.locks.LockSupport.park(LockSupport.java:175)
        at java.util.concurrent.locks.AbstractQueuedSynchronizer$ConditionObject.await(AbstractQueuedSynchronizer.java:2039)
        at java.util.concurrent.ScheduledThreadPoolExecutor$DelayedWorkQueue.take(ScheduledThreadPoolExecutor.java:1088)
        at java.util.concurrent.ScheduledThreadPoolExecutor$DelayedWorkQueue.take(ScheduledThreadPoolExecutor.java:809)
        at java.util.concurrent.ThreadPoolExecutor.getTask(ThreadPoolExecutor.java:1074)
        at java.util.concurrent.ThreadPoolExecutor.runWorker(ThreadPoolExecutor.java:1134)
        at java.util.concurrent.ThreadPoolExecutor$Worker.run(ThreadPoolExecutor.java:624)
        at java.lang.Thread.run(Thread.java:750)
"qtp1258738962-230" daemon prio=5 tid=230 timed_waiting
java.lang.Thread.State: TIMED_WAITING
        at sun.misc.Unsafe.park(Native Method)
        at java.util.concurrent.locks.LockSupport.parkNanos(LockSupport.java:215)
        at java.util.concurrent.locks.AbstractQueuedSynchronizer$ConditionObject.awaitNanos(AbstractQueuedSynchronizer.java:2078)
        at org.eclipse.jetty.util.BlockingArrayQueue.poll(BlockingArrayQueue.java:382)
        at org.eclipse.jetty.util.thread.QueuedThreadPool$Runner.idleJobPoll(QueuedThreadPool.java:974)
        at org.eclipse.jetty.util.thread.QueuedThreadPool$Runner.run(QueuedThreadPool.java:1018)
        at java.lang.Thread.run(Thread.java:750)
"IPC Server handler 3 on default port 15004" daemon prio=5 tid=166 timed_waiting
java.lang.Thread.State: TIMED_WAITING
        at sun.misc.Unsafe.park(Native Method)
        at java.util.concurrent.locks.LockSupport.parkNanos(LockSupport.java:215)
        at java.util.concurrent.locks.AbstractQueuedSynchronizer$ConditionObject.awaitNanos(AbstractQueuedSynchronizer.java:2078)
        at java.util.concurrent.LinkedBlockingQueue.poll(LinkedBlockingQueue.java:467)
        at org.apache.hadoop.ipc.CallQueueManager.take(CallQueueManager.java:317)
        at org.apache.hadoop.ipc.Server$Handler.run(Server.java:2992)
"FixedThreadPoolWithAffinityExecutor-0-0" daemon prio=5 tid=39 timed_waiting
java.lang.Thread.State: TIMED_WAITING
        at sun.misc.Unsafe.park(Native Method)
        at java.util.concurrent.locks.LockSupport.parkNanos(LockSupport.java:215)
        at java.util.concurrent.locks.AbstractQueuedSynchronizer$ConditionObject.awaitNanos(AbstractQueuedSynchronizer.java:2078)
        at java.util.concurrent.LinkedBlockingQueue.poll(LinkedBlockingQueue.java:467)
        at org.apache.hadoop.hdds.scm.server.ContainerReportQueue.poll(ContainerReportQueue.java:266)
        at org.apache.hadoop.hdds.scm.server.ContainerReportQueue.poll(ContainerReportQueue.java:42)
        at org.apache.hadoop.hdds.server.events.FixedThreadPoolWithAffinityExecutor$ContainerReportProcessTask.run(FixedThreadPoolWithAffinityExecutor.java:247)
        at java.util.concurrent.Executors$RunnableAdapter.call(Executors.java:511)
        at java.util.concurrent.FutureTask.run(FutureTask.java:266)
        at java.util.concurrent.ThreadPoolExecutor.runWorker(ThreadPoolExecutor.java:1149)
        at java.util.concurrent.ThreadPoolExecutor$Worker.run(ThreadPoolExecutor.java:624)
        at java.lang.Thread.run(Thread.java:750)
"grpc-default-executor-2" daemon prio=5 tid=402 timed_waiting
java.lang.Thread.State: TIMED_WAITING
        at sun.misc.Unsafe.park(Native Method)
        at java.util.concurrent.locks.LockSupport.parkNanos(LockSupport.java:215)
        at java.util.concurrent.SynchronousQueue$TransferStack.awaitFulfill(SynchronousQueue.java:460)
        at java.util.concurrent.SynchronousQueue$TransferStack.transfer(SynchronousQueue.java:362)
        at java.util.concurrent.SynchronousQueue.poll(SynchronousQueue.java:941)
        at java.util.concurrent.ThreadPoolExecutor.getTask(ThreadPoolExecutor.java:1073)
        at java.util.concurrent.ThreadPoolExecutor.runWorker(ThreadPoolExecutor.java:1134)
        at java.util.concurrent.ThreadPoolExecutor$Worker.run(ThreadPoolExecutor.java:624)
        at java.lang.Thread.run(Thread.java:750)
"ChunkWriter-1-0" daemon prio=5 tid=311 in Object.wait()
java.lang.Thread.State: WAITING (on object monitor)
        at sun.misc.Unsafe.park(Native Method)
        at java.util.concurrent.locks.LockSupport.park(LockSupport.java:175)
        at java.util.concurrent.locks.AbstractQueuedSynchronizer$ConditionObject.await(AbstractQueuedSynchronizer.java:2039)
        at java.util.concurrent.LinkedBlockingDeque.takeFirst(LinkedBlockingDeque.java:492)
        at java.util.concurrent.LinkedBlockingDeque.take(LinkedBlockingDeque.java:680)
        at java.util.concurrent.ThreadPoolExecutor.getTask(ThreadPoolExecutor.java:1074)
        at java.util.concurrent.ThreadPoolExecutor.runWorker(ThreadPoolExecutor.java:1134)
        at java.util.concurrent.ThreadPoolExecutor$Worker.run(ThreadPoolExecutor.java:624)
        at java.lang.Thread.run(Thread.java:750)
"StaleRecoveringContainerScrubbingService#0" daemon prio=5 tid=293 timed_waiting
java.lang.Thread.State: TIMED_WAITING
        at sun.misc.Unsafe.park(Native Method)
        at java.util.concurrent.locks.LockSupport.parkNanos(LockSupport.java:215)
        at java.util.concurrent.locks.AbstractQueuedSynchronizer$ConditionObject.awaitNanos(AbstractQueuedSynchronizer.java:2078)
        at java.util.concurrent.ScheduledThreadPoolExecutor$DelayedWorkQueue.take(ScheduledThreadPoolExecutor.java:1093)
        at java.util.concurrent.ScheduledThreadPoolExecutor$DelayedWorkQueue.take(ScheduledThreadPoolExecutor.java:809)
        at java.util.concurrent.ThreadPoolExecutor.getTask(ThreadPoolExecutor.java:1074)
        at java.util.concurrent.ThreadPoolExecutor.runWorker(ThreadPoolExecutor.java:1134)
        at java.util.concurrent.ThreadPoolExecutor$Worker.run(ThreadPoolExecutor.java:624)
        at java.lang.Thread.run(Thread.java:750)
"c077bb33-fcdc-4b26-85c1-b9d62aefbd7c-server-thread2" daemon prio=5 tid=419 timed_waiting
java.lang.Thread.State: TIMED_WAITING
        at sun.misc.Unsafe.park(Native Method)
        at java.util.concurrent.locks.LockSupport.parkNanos(LockSupport.java:215)
        at java.util.concurrent.SynchronousQueue$TransferStack.awaitFulfill(SynchronousQueue.java:460)
        at java.util.concurrent.SynchronousQueue$TransferStack.transfer(SynchronousQueue.java:362)
        at java.util.concurrent.SynchronousQueue.poll(SynchronousQueue.java:941)
        at java.util.concurrent.ThreadPoolExecutor.getTask(ThreadPoolExecutor.java:1073)
        at java.util.concurrent.ThreadPoolExecutor.runWorker(ThreadPoolExecutor.java:1134)
        at java.util.concurrent.ThreadPoolExecutor$Worker.run(ThreadPoolExecutor.java:624)
        at java.lang.Thread.run(Thread.java:750)
"4e2b4efa-bcb4-46de-b119-545b7decf2b1-impl-thread1" daemon prio=5 tid=223 timed_waiting
java.lang.Thread.State: TIMED_WAITING
        at sun.misc.Unsafe.park(Native Method)
        at java.util.concurrent.locks.LockSupport.parkNanos(LockSupport.java:215)
        at java.util.concurrent.SynchronousQueue$TransferStack.awaitFulfill(SynchronousQueue.java:460)
        at java.util.concurrent.SynchronousQueue$TransferStack.transfer(SynchronousQueue.java:362)
        at java.util.concurrent.SynchronousQueue.poll(SynchronousQueue.java:941)
        at java.util.concurrent.ThreadPoolExecutor.getTask(ThreadPoolExecutor.java:1073)
        at java.util.concurrent.ThreadPoolExecutor.runWorker(ThreadPoolExecutor.java:1134)
        at java.util.concurrent.ThreadPoolExecutor$Worker.run(ThreadPoolExecutor.java:624)
        at java.lang.Thread.run(Thread.java:750)
"EventQueue-DatanodeCommandQueueUpdatedForDatanodeCommandCountUpdatedHandler" daemon prio=5 tid=327 in Object.wait()
java.lang.Thread.State: WAITING (on object monitor)
        at sun.misc.Unsafe.park(Native Method)
        at java.util.concurrent.locks.LockSupport.park(LockSupport.java:175)
        at java.util.concurrent.locks.AbstractQueuedSynchronizer$ConditionObject.await(AbstractQueuedSynchronizer.java:2039)
        at java.util.concurrent.LinkedBlockingQueue.take(LinkedBlockingQueue.java:442)
        at java.util.concurrent.ThreadPoolExecutor.getTask(ThreadPoolExecutor.java:1074)
        at java.util.concurrent.ThreadPoolExecutor.runWorker(ThreadPoolExecutor.java:1134)
        at java.util.concurrent.ThreadPoolExecutor$Worker.run(ThreadPoolExecutor.java:624)
        at java.lang.Thread.run(Thread.java:750)
"qtp1258738962-228-acceptor-0@4c4051e8-ServerConnector@15f701d0{HTTP/1.1, (http/1.1)}{0.0.0.0:15018}" daemon prio=3 tid=228 runnable
java.lang.Thread.State: RUNNABLE
        at sun.nio.ch.ServerSocketChannelImpl.accept0(Native Method)
        at sun.nio.ch.ServerSocketChannelImpl.accept(ServerSocketChannelImpl.java:421)
        at sun.nio.ch.ServerSocketChannelImpl.accept(ServerSocketChannelImpl.java:249)
        at org.eclipse.jetty.server.ServerConnector.accept(ServerConnector.java:388)
        at org.eclipse.jetty.server.AbstractConnector$Acceptor.run(AbstractConnector.java:704)
        at org.eclipse.jetty.util.thread.QueuedThreadPool.runJob(QueuedThreadPool.java:883)
        at org.eclipse.jetty.util.thread.QueuedThreadPool$Runner.run(QueuedThreadPool.java:1034)
        at java.lang.Thread.run(Thread.java:750)
"JvmPauseMonitor4" daemon prio=5 tid=314 timed_waiting
java.lang.Thread.State: TIMED_WAITING
        at java.lang.Thread.sleep(Native Method)
        at java.lang.Thread.sleep(Thread.java:342)
        at java.util.concurrent.TimeUnit.sleep(TimeUnit.java:386)
        at org.apache.ratis.util.TimeDuration.sleep(TimeDuration.java:325)
        at org.apache.ratis.util.TimeDuration.sleep(TimeDuration.java:310)
        at org.apache.ratis.util.JvmPauseMonitor.detectPause(JvmPauseMonitor.java:117)
        at org.apache.ratis.util.JvmPauseMonitor.run(JvmPauseMonitor.java:106)
        at org.apache.ratis.util.JvmPauseMonitor$$Lambda$406/1406865509.run(Unknown Source)
        at java.lang.Thread.run(Thread.java:750)
"qtp1258738962-229" daemon prio=5 tid=229 timed_waiting
java.lang.Thread.State: TIMED_WAITING
        at sun.misc.Unsafe.park(Native Method)
        at java.util.concurrent.locks.LockSupport.parkNanos(LockSupport.java:215)
        at java.util.concurrent.locks.AbstractQueuedSynchronizer$ConditionObject.awaitNanos(AbstractQueuedSynchronizer.java:2078)
        at org.eclipse.jetty.util.BlockingArrayQueue.poll(BlockingArrayQueue.java:382)
        at org.eclipse.jetty.util.thread.QueuedThreadPool$Runner.idleJobPoll(QueuedThreadPool.java:974)
        at org.eclipse.jetty.util.thread.QueuedThreadPool$Runner.run(QueuedThreadPool.java:1018)
        at java.lang.Thread.run(Thread.java:750)
"qtp564305890-154" daemon prio=5 tid=154 runnable
java.lang.Thread.State: RUNNABLE
        at sun.nio.ch.EPollArrayWrapper.epollWait(Native Method)
        at sun.nio.ch.EPollArrayWrapper.poll(EPollArrayWrapper.java:269)
        at sun.nio.ch.EPollSelectorImpl.doSelect(EPollSelectorImpl.java:93)
        at sun.nio.ch.SelectorImpl.lockAndDoSelect(SelectorImpl.java:86)
        at sun.nio.ch.SelectorImpl.select(SelectorImpl.java:97)
        at sun.nio.ch.SelectorImpl.select(SelectorImpl.java:101)
        at org.eclipse.jetty.io.ManagedSelector.nioSelect(ManagedSelector.java:183)
        at org.eclipse.jetty.io.ManagedSelector.select(ManagedSelector.java:190)
        at org.eclipse.jetty.io.ManagedSelector$SelectorProducer.select(ManagedSelector.java:606)
        at org.eclipse.jetty.io.ManagedSelector$SelectorProducer.produce(ManagedSelector.java:543)
        at org.eclipse.jetty.util.thread.strategy.EatWhatYouKill.produceTask(EatWhatYouKill.java:362)
        at org.eclipse.jetty.util.thread.strategy.EatWhatYouKill.doProduce(EatWhatYouKill.java:186)
        at org.eclipse.jetty.util.thread.strategy.EatWhatYouKill.tryProduce(EatWhatYouKill.java:173)
        at org.eclipse.jetty.util.thread.strategy.EatWhatYouKill.produce(EatWhatYouKill.java:137)
        at org.eclipse.jetty.io.ManagedSelector$$Lambda$441/1172812315.run(Unknown Source)
        at org.eclipse.jetty.util.thread.QueuedThreadPool.runJob(QueuedThreadPool.java:883)
        at org.eclipse.jetty.util.thread.QueuedThreadPool$Runner.run(QueuedThreadPool.java:1034)
        at java.lang.Thread.run(Thread.java:750)
"IPC Server handler 7 on default port 15004" daemon prio=5 tid=170 timed_waiting
java.lang.Thread.State: TIMED_WAITING
        at sun.misc.Unsafe.park(Native Method)
        at java.util.concurrent.locks.LockSupport.parkNanos(LockSupport.java:215)
        at java.util.concurrent.locks.AbstractQueuedSynchronizer$ConditionObject.awaitNanos(AbstractQueuedSynchronizer.java:2078)
        at java.util.concurrent.LinkedBlockingQueue.poll(LinkedBlockingQueue.java:467)
        at org.apache.hadoop.ipc.CallQueueManager.take(CallQueueManager.java:317)
        at org.apache.hadoop.ipc.Server$Handler.run(Server.java:2992)
"fdffd6d6-5a7e-48c5-a2f3-4f163f884c78-server-thread3" daemon prio=5 tid=421 timed_waiting
java.lang.Thread.State: TIMED_WAITING
        at sun.misc.Unsafe.park(Native Method)
        at java.util.concurrent.locks.LockSupport.parkNanos(LockSupport.java:215)
        at java.util.concurrent.SynchronousQueue$TransferStack.awaitFulfill(SynchronousQueue.java:460)
        at java.util.concurrent.SynchronousQueue$TransferStack.transfer(SynchronousQueue.java:362)
        at java.util.concurrent.SynchronousQueue.poll(SynchronousQueue.java:941)
        at java.util.concurrent.ThreadPoolExecutor.getTask(ThreadPoolExecutor.java:1073)
        at java.util.concurrent.ThreadPoolExecutor.runWorker(ThreadPoolExecutor.java:1134)
        at java.util.concurrent.ThreadPoolExecutor$Worker.run(ThreadPoolExecutor.java:624)
        at java.lang.Thread.run(Thread.java:750)
"IPC Server handler 17 on default port 15001" daemon prio=5 tid=87 timed_waiting
java.lang.Thread.State: TIMED_WAITING
        at sun.misc.Unsafe.park(Native Method)
        at java.util.concurrent.locks.LockSupport.parkNanos(LockSupport.java:215)
        at java.util.concurrent.locks.AbstractQueuedSynchronizer$ConditionObject.awaitNanos(AbstractQueuedSynchronizer.java:2078)
        at java.util.concurrent.LinkedBlockingQueue.poll(LinkedBlockingQueue.java:467)
        at org.apache.hadoop.ipc.CallQueueManager.take(CallQueueManager.java:317)
        at org.apache.hadoop.ipc.Server$Handler.run(Server.java:2992)
"fdffd6d6-5a7e-48c5-a2f3-4f163f884c78@group-DDC5CB68ABFD-FollowerState" daemon prio=5 tid=407 timed_waiting
java.lang.Thread.State: TIMED_WAITING
        at java.lang.Thread.sleep(Native Method)
        at java.lang.Thread.sleep(Thread.java:342)
        at java.util.concurrent.TimeUnit.sleep(TimeUnit.java:386)
        at org.apache.ratis.util.TimeDuration.sleep(TimeDuration.java:325)
        at org.apache.ratis.util.TimeDuration.sleep(TimeDuration.java:310)
        at org.apache.ratis.server.impl.FollowerState.run(FollowerState.java:128)
"qtp257278770-266" daemon prio=5 tid=266 timed_waiting
java.lang.Thread.State: TIMED_WAITING
        at sun.misc.Unsafe.park(Native Method)
        at java.util.concurrent.locks.LockSupport.parkNanos(LockSupport.java:215)
        at java.util.concurrent.locks.AbstractQueuedSynchronizer$ConditionObject.awaitNanos(AbstractQueuedSynchronizer.java:2078)
        at org.eclipse.jetty.util.BlockingArrayQueue.poll(BlockingArrayQueue.java:382)
        at org.eclipse.jetty.util.thread.QueuedThreadPool$Runner.idleJobPoll(QueuedThreadPool.java:974)
        at org.eclipse.jetty.util.thread.QueuedThreadPool$Runner.run(QueuedThreadPool.java:1018)
        at java.lang.Thread.run(Thread.java:750)
"ExpiredContainerReplicaOpScrubberThread" daemon prio=5 tid=18 timed_waiting
java.lang.Thread.State: TIMED_WAITING
        at java.lang.Object.wait(Native Method)
        at org.apache.hadoop.hdds.scm.ha.BackgroundSCMService.run(BackgroundSCMService.java:110)
        at org.apache.hadoop.hdds.scm.ha.BackgroundSCMService$$Lambda$363/1643711771.run(Unknown Source)
        at java.lang.Thread.run(Thread.java:750)
"4e2b4efa-bcb4-46de-b119-545b7decf2b1-server-thread2" daemon prio=5 tid=443 timed_waiting
java.lang.Thread.State: TIMED_WAITING
        at sun.misc.Unsafe.park(Native Method)
        at java.util.concurrent.locks.LockSupport.parkNanos(LockSupport.java:215)
        at java.util.concurrent.SynchronousQueue$TransferStack.awaitFulfill(SynchronousQueue.java:460)
        at java.util.concurrent.SynchronousQueue$TransferStack.transfer(SynchronousQueue.java:362)
        at java.util.concurrent.SynchronousQueue.poll(SynchronousQueue.java:941)
        at java.util.concurrent.ThreadPoolExecutor.getTask(ThreadPoolExecutor.java:1073)
        at java.util.concurrent.ThreadPoolExecutor.runWorker(ThreadPoolExecutor.java:1134)
        at java.util.concurrent.ThreadPoolExecutor$Worker.run(ThreadPoolExecutor.java:624)
        at java.lang.Thread.run(Thread.java:750)
"c077bb33-fcdc-4b26-85c1-b9d62aefbd7c-NettyServerStreamRpc-bossGroup--thread1" daemon prio=5 tid=189 runnable
java.lang.Thread.State: RUNNABLE
        at sun.nio.ch.EPollArrayWrapper.epollWait(Native Method)
        at sun.nio.ch.EPollArrayWrapper.poll(EPollArrayWrapper.java:269)
        at sun.nio.ch.EPollSelectorImpl.doSelect(EPollSelectorImpl.java:93)
        at sun.nio.ch.SelectorImpl.lockAndDoSelect(SelectorImpl.java:86)
        at sun.nio.ch.SelectorImpl.select(SelectorImpl.java:97)
        at sun.nio.ch.SelectorImpl.select(SelectorImpl.java:101)
        at org.apache.ratis.thirdparty.io.netty.channel.nio.SelectedSelectionKeySetSelector.select(SelectedSelectionKeySetSelector.java:68)
        at org.apache.ratis.thirdparty.io.netty.channel.nio.NioEventLoop.select(NioEventLoop.java:879)
        at org.apache.ratis.thirdparty.io.netty.channel.nio.NioEventLoop.run(NioEventLoop.java:526)
        at org.apache.ratis.thirdparty.io.netty.util.concurrent.SingleThreadEventExecutor$4.run(SingleThreadEventExecutor.java:997)
        at org.apache.ratis.thirdparty.io.netty.util.internal.ThreadExecutorMap$2.run(ThreadExecutorMap.java:74)
        at java.lang.Thread.run(Thread.java:750)
"IPC Server handler 3 on default port 15001" daemon prio=5 tid=73 timed_waiting
java.lang.Thread.State: TIMED_WAITING
        at sun.misc.Unsafe.park(Native Method)
        at java.util.concurrent.locks.LockSupport.parkNanos(LockSupport.java:215)
        at java.util.concurrent.locks.AbstractQueuedSynchronizer$ConditionObject.awaitNanos(AbstractQueuedSynchronizer.java:2078)
        at java.util.concurrent.LinkedBlockingQueue.poll(LinkedBlockingQueue.java:467)
        at org.apache.hadoop.ipc.CallQueueManager.take(CallQueueManager.java:317)
        at org.apache.hadoop.ipc.Server$Handler.run(Server.java:2992)
"null-request--thread1" daemon prio=5 tid=460 timed_waiting
java.lang.Thread.State: TIMED_WAITING
        at sun.misc.Unsafe.park(Native Method)
        at java.util.concurrent.locks.LockSupport.parkNanos(LockSupport.java:215)
        at java.util.concurrent.locks.AbstractQueuedSynchronizer$ConditionObject.awaitNanos(AbstractQueuedSynchronizer.java:2078)
        at java.util.concurrent.LinkedBlockingQueue.poll(LinkedBlockingQueue.java:467)
        at java.util.concurrent.ThreadPoolExecutor.getTask(ThreadPoolExecutor.java:1073)
        at java.util.concurrent.ThreadPoolExecutor.runWorker(ThreadPoolExecutor.java:1134)
        at java.util.concurrent.ThreadPoolExecutor$Worker.run(ThreadPoolExecutor.java:624)
        at java.lang.Thread.run(Thread.java:750)
"EventQueue-PipelineReportForPipelineReportHandler" daemon prio=5 tid=324 in Object.wait()
java.lang.Thread.State: WAITING (on object monitor)
        at sun.misc.Unsafe.park(Native Method)
        at java.util.concurrent.locks.LockSupport.park(LockSupport.java:175)
        at java.util.concurrent.locks.AbstractQueuedSynchronizer$ConditionObject.await(AbstractQueuedSynchronizer.java:2039)
        at java.util.concurrent.LinkedBlockingQueue.take(LinkedBlockingQueue.java:442)
        at java.util.concurrent.ThreadPoolExecutor.getTask(ThreadPoolExecutor.java:1074)
        at java.util.concurrent.ThreadPoolExecutor.runWorker(ThreadPoolExecutor.java:1134)
        at java.util.concurrent.ThreadPoolExecutor$Worker.run(ThreadPoolExecutor.java:624)
        at java.lang.Thread.run(Thread.java:750)
"Datanode ReportManager Thread - 3" daemon prio=5 tid=212 timed_waiting
java.lang.Thread.State: TIMED_WAITING
        at sun.misc.Unsafe.park(Native Method)
        at java.util.concurrent.locks.LockSupport.parkNanos(LockSupport.java:215)
        at java.util.concurrent.locks.AbstractQueuedSynchronizer$ConditionObject.awaitNanos(AbstractQueuedSynchronizer.java:2078)
        at java.util.concurrent.ScheduledThreadPoolExecutor$DelayedWorkQueue.take(ScheduledThreadPoolExecutor.java:1093)
        at java.util.concurrent.ScheduledThreadPoolExecutor$DelayedWorkQueue.take(ScheduledThreadPoolExecutor.java:809)
        at java.util.concurrent.ThreadPoolExecutor.getTask(ThreadPoolExecutor.java:1074)
        at java.util.concurrent.ThreadPoolExecutor.runWorker(ThreadPoolExecutor.java:1134)
        at java.util.concurrent.ThreadPoolExecutor$Worker.run(ThreadPoolExecutor.java:624)
        at java.lang.Thread.run(Thread.java:750)
"SnapshotDeletingService#0" daemon prio=5 tid=152 timed_waiting
java.lang.Thread.State: TIMED_WAITING
        at sun.misc.Unsafe.park(Native Method)
        at java.util.concurrent.locks.LockSupport.parkNanos(LockSupport.java:215)
        at java.util.concurrent.locks.AbstractQueuedSynchronizer$ConditionObject.awaitNanos(AbstractQueuedSynchronizer.java:2078)
        at java.util.concurrent.ScheduledThreadPoolExecutor$DelayedWorkQueue.take(ScheduledThreadPoolExecutor.java:1093)
        at java.util.concurrent.ScheduledThreadPoolExecutor$DelayedWorkQueue.take(ScheduledThreadPoolExecutor.java:809)
        at java.util.concurrent.ThreadPoolExecutor.getTask(ThreadPoolExecutor.java:1074)
        at java.util.concurrent.ThreadPoolExecutor.runWorker(ThreadPoolExecutor.java:1134)
        at java.util.concurrent.ThreadPoolExecutor$Worker.run(ThreadPoolExecutor.java:624)
        at java.lang.Thread.run(Thread.java:750)
"ChunkReader-ELG-0" daemon prio=5 tid=291 runnable
java.lang.Thread.State: RUNNABLE
        at org.apache.ratis.thirdparty.io.netty.channel.epoll.Native.epollWait(Native Method)
        at org.apache.ratis.thirdparty.io.netty.channel.epoll.Native.epollWait(Native.java:209)
        at org.apache.ratis.thirdparty.io.netty.channel.epoll.Native.epollWait(Native.java:202)
        at org.apache.ratis.thirdparty.io.netty.channel.epoll.EpollEventLoop.epollWaitNoTimerChange(EpollEventLoop.java:306)
        at org.apache.ratis.thirdparty.io.netty.channel.epoll.EpollEventLoop.run(EpollEventLoop.java:363)
        at org.apache.ratis.thirdparty.io.netty.util.concurrent.SingleThreadEventExecutor$4.run(SingleThreadEventExecutor.java:997)
        at org.apache.ratis.thirdparty.io.netty.util.internal.ThreadExecutorMap$2.run(ThreadExecutorMap.java:74)
        at java.lang.Thread.run(Thread.java:750)
"fdffd6d6-5a7e-48c5-a2f3-4f163f884c78@group-E000353E9717-SegmentedRaftLogWorker" daemon prio=5 tid=375 timed_waiting
java.lang.Thread.State: TIMED_WAITING
        at sun.misc.Unsafe.park(Native Method)
        at java.util.concurrent.locks.LockSupport.parkNanos(LockSupport.java:215)
        at java.util.concurrent.locks.AbstractQueuedSynchronizer$ConditionObject.awaitNanos(AbstractQueuedSynchronizer.java:2078)
        at org.apache.ratis.util.DataBlockingQueue.poll(DataBlockingQueue.java:148)
        at org.apache.ratis.server.raftlog.segmented.SegmentedRaftLogWorker.run(SegmentedRaftLogWorker.java:307)
        at org.apache.ratis.server.raftlog.segmented.SegmentedRaftLogWorker$$Lambda$727/1896328878.run(Unknown Source)
        at java.util.concurrent.Executors$RunnableAdapter.call(Executors.java:511)
        at java.util.concurrent.FutureTask.run(FutureTask.java:266)
        at java.util.concurrent.ThreadPoolExecutor.runWorker(ThreadPoolExecutor.java:1149)
        at java.util.concurrent.ThreadPoolExecutor$Worker.run(ThreadPoolExecutor.java:624)
        at java.lang.Thread.run(Thread.java:750)
"FixedThreadPoolWithAffinityExecutor-1-0" daemon prio=5 tid=40 timed_waiting
java.lang.Thread.State: TIMED_WAITING
        at sun.misc.Unsafe.park(Native Method)
        at java.util.concurrent.locks.LockSupport.parkNanos(LockSupport.java:215)
        at java.util.concurrent.locks.AbstractQueuedSynchronizer$ConditionObject.awaitNanos(AbstractQueuedSynchronizer.java:2078)
        at java.util.concurrent.LinkedBlockingQueue.poll(LinkedBlockingQueue.java:467)
        at org.apache.hadoop.hdds.scm.server.ContainerReportQueue.poll(ContainerReportQueue.java:266)
        at org.apache.hadoop.hdds.scm.server.ContainerReportQueue.poll(ContainerReportQueue.java:42)
        at org.apache.hadoop.hdds.server.events.FixedThreadPoolWithAffinityExecutor$ContainerReportProcessTask.run(FixedThreadPoolWithAffinityExecutor.java:247)
        at java.util.concurrent.Executors$RunnableAdapter.call(Executors.java:511)
        at java.util.concurrent.FutureTask.run(FutureTask.java:266)
        at java.util.concurrent.ThreadPoolExecutor.runWorker(ThreadPoolExecutor.java:1149)
        at java.util.concurrent.ThreadPoolExecutor$Worker.run(ThreadPoolExecutor.java:624)
        at java.lang.Thread.run(Thread.java:750)
"PipelineCommandHandlerThread-0"  prio=5 tid=341 in Object.wait()
java.lang.Thread.State: WAITING (on object monitor)
        at sun.misc.Unsafe.park(Native Method)
        at java.util.concurrent.locks.LockSupport.park(LockSupport.java:175)
        at java.util.concurrent.locks.AbstractQueuedSynchronizer$ConditionObject.await(AbstractQueuedSynchronizer.java:2039)
        at java.util.concurrent.LinkedBlockingQueue.take(LinkedBlockingQueue.java:442)
        at java.util.concurrent.ThreadPoolExecutor.getTask(ThreadPoolExecutor.java:1074)
        at java.util.concurrent.ThreadPoolExecutor.runWorker(ThreadPoolExecutor.java:1134)
        at java.util.concurrent.ThreadPoolExecutor$Worker.run(ThreadPoolExecutor.java:624)
        at java.lang.Thread.run(Thread.java:750)
"qtp1825080326-115-acceptor-0@797ca68d-ServerConnector@6598ae62{HTTP/1.1, (http/1.1)}{0.0.0.0:15003}" daemon prio=3 tid=115 runnable
java.lang.Thread.State: RUNNABLE
        at sun.nio.ch.ServerSocketChannelImpl.accept0(Native Method)
        at sun.nio.ch.ServerSocketChannelImpl.accept(ServerSocketChannelImpl.java:421)
        at sun.nio.ch.ServerSocketChannelImpl.accept(ServerSocketChannelImpl.java:249)
        at org.eclipse.jetty.server.ServerConnector.accept(ServerConnector.java:388)
        at org.eclipse.jetty.server.AbstractConnector$Acceptor.run(AbstractConnector.java:704)
        at org.eclipse.jetty.util.thread.QueuedThreadPool.runJob(QueuedThreadPool.java:883)
        at org.eclipse.jetty.util.thread.QueuedThreadPool$Runner.run(QueuedThreadPool.java:1034)
        at java.lang.Thread.run(Thread.java:750)
"JvmPauseMonitor0" daemon prio=5 tid=112 timed_waiting
java.lang.Thread.State: TIMED_WAITING
        at java.lang.Thread.sleep(Native Method)
        at java.lang.Thread.sleep(Thread.java:342)
        at java.util.concurrent.TimeUnit.sleep(TimeUnit.java:386)
        at org.apache.ratis.util.TimeDuration.sleep(TimeDuration.java:325)
        at org.apache.ratis.util.TimeDuration.sleep(TimeDuration.java:310)
        at org.apache.ratis.util.JvmPauseMonitor.detectPause(JvmPauseMonitor.java:117)
        at org.apache.ratis.util.JvmPauseMonitor.run(JvmPauseMonitor.java:106)
        at org.apache.ratis.util.JvmPauseMonitor$$Lambda$406/1406865509.run(Unknown Source)
        at java.lang.Thread.run(Thread.java:750)
"Datanode State Machine Task Thread - 0"  prio=5 tid=281 in Object.wait()
java.lang.Thread.State: WAITING (on object monitor)
        at sun.misc.Unsafe.park(Native Method)
        at java.util.concurrent.locks.LockSupport.park(LockSupport.java:175)
        at java.util.concurrent.locks.AbstractQueuedSynchronizer$ConditionObject.await(AbstractQueuedSynchronizer.java:2039)
        at java.util.concurrent.LinkedBlockingQueue.take(LinkedBlockingQueue.java:442)
        at java.util.concurrent.ThreadPoolExecutor.getTask(ThreadPoolExecutor.java:1074)
        at java.util.concurrent.ThreadPoolExecutor.runWorker(ThreadPoolExecutor.java:1134)
        at java.util.concurrent.ThreadPoolExecutor$Worker.run(ThreadPoolExecutor.java:624)
        at java.lang.Thread.run(Thread.java:750)
"Lease Manager-LeaseManager#LeaseMonitor" daemon prio=5 tid=111 timed_waiting
java.lang.Thread.State: TIMED_WAITING
        at sun.misc.Unsafe.park(Native Method)
        at java.util.concurrent.locks.LockSupport.parkNanos(LockSupport.java:215)
        at java.util.concurrent.locks.AbstractQueuedSynchronizer.doAcquireSharedNanos(AbstractQueuedSynchronizer.java:1037)
        at java.util.concurrent.locks.AbstractQueuedSynchronizer.tryAcquireSharedNanos(AbstractQueuedSynchronizer.java:1328)
        at java.util.concurrent.Semaphore.tryAcquire(Semaphore.java:409)
        at org.apache.hadoop.ozone.lease.LeaseManager$LeaseMonitor.run(LeaseManager.java:270)
        at java.lang.Thread.run(Thread.java:750)
"qtp564305890-161" daemon prio=5 tid=161 timed_waiting
java.lang.Thread.State: TIMED_WAITING
        at sun.misc.Unsafe.park(Native Method)
        at java.util.concurrent.locks.LockSupport.parkNanos(LockSupport.java:215)
        at java.util.concurrent.locks.AbstractQueuedSynchronizer$ConditionObject.awaitNanos(AbstractQueuedSynchronizer.java:2078)
        at org.eclipse.jetty.util.BlockingArrayQueue.poll(BlockingArrayQueue.java:382)
        at org.eclipse.jetty.util.thread.QueuedThreadPool$Runner.idleJobPoll(QueuedThreadPool.java:974)
        at org.eclipse.jetty.util.thread.QueuedThreadPool$Runner.run(QueuedThreadPool.java:1018)
        at java.lang.Thread.run(Thread.java:750)
"ContainerOp-543cabb3-751c-4abf-99dc-429456829e89-2"  prio=5 tid=465 in Object.wait()
java.lang.Thread.State: WAITING (on object monitor)
        at sun.misc.Unsafe.park(Native Method)
        at java.util.concurrent.locks.LockSupport.park(LockSupport.java:175)
        at java.util.concurrent.locks.AbstractQueuedSynchronizer$ConditionObject.await(AbstractQueuedSynchronizer.java:2039)
        at java.util.concurrent.LinkedBlockingQueue.take(LinkedBlockingQueue.java:442)
        at java.util.concurrent.ThreadPoolExecutor.getTask(ThreadPoolExecutor.java:1074)
        at java.util.concurrent.ThreadPoolExecutor.runWorker(ThreadPoolExecutor.java:1134)
        at java.util.concurrent.ThreadPoolExecutor$Worker.run(ThreadPoolExecutor.java:624)
        at java.lang.Thread.run(Thread.java:750)
"Periodic HDDS volume checker" daemon prio=5 tid=184 timed_waiting
java.lang.Thread.State: TIMED_WAITING
        at sun.misc.Unsafe.park(Native Method)
        at java.util.concurrent.locks.LockSupport.parkNanos(LockSupport.java:215)
        at java.util.concurrent.locks.AbstractQueuedSynchronizer$ConditionObject.awaitNanos(AbstractQueuedSynchronizer.java:2078)
        at java.util.concurrent.ScheduledThreadPoolExecutor$DelayedWorkQueue.take(ScheduledThreadPoolExecutor.java:1093)
        at java.util.concurrent.ScheduledThreadPoolExecutor$DelayedWorkQueue.take(ScheduledThreadPoolExecutor.java:809)
        at java.util.concurrent.ThreadPoolExecutor.getTask(ThreadPoolExecutor.java:1074)
        at java.util.concurrent.ThreadPoolExecutor.runWorker(ThreadPoolExecutor.java:1134)
        at java.util.concurrent.ThreadPoolExecutor$Worker.run(ThreadPoolExecutor.java:624)
        at java.lang.Thread.run(Thread.java:750)
"qtp1258738962-227" daemon prio=5 tid=227 runnable
java.lang.Thread.State: RUNNABLE
        at sun.nio.ch.EPollArrayWrapper.epollWait(Native Method)
        at sun.nio.ch.EPollArrayWrapper.poll(EPollArrayWrapper.java:269)
        at sun.nio.ch.EPollSelectorImpl.doSelect(EPollSelectorImpl.java:93)
        at sun.nio.ch.SelectorImpl.lockAndDoSelect(SelectorImpl.java:86)
        at sun.nio.ch.SelectorImpl.select(SelectorImpl.java:97)
        at sun.nio.ch.SelectorImpl.select(SelectorImpl.java:101)
        at org.eclipse.jetty.io.ManagedSelector.nioSelect(ManagedSelector.java:183)
        at org.eclipse.jetty.io.ManagedSelector.select(ManagedSelector.java:190)
        at org.eclipse.jetty.io.ManagedSelector$SelectorProducer.select(ManagedSelector.java:606)
        at org.eclipse.jetty.io.ManagedSelector$SelectorProducer.produce(ManagedSelector.java:543)
        at org.eclipse.jetty.util.thread.strategy.EatWhatYouKill.produceTask(EatWhatYouKill.java:362)
        at org.eclipse.jetty.util.thread.strategy.EatWhatYouKill.doProduce(EatWhatYouKill.java:186)
        at org.eclipse.jetty.util.thread.strategy.EatWhatYouKill.tryProduce(EatWhatYouKill.java:173)
        at org.eclipse.jetty.util.thread.strategy.EatWhatYouKill.produce(EatWhatYouKill.java:137)
        at org.eclipse.jetty.io.ManagedSelector$$Lambda$441/1172812315.run(Unknown Source)
        at org.eclipse.jetty.util.thread.QueuedThreadPool.runJob(QueuedThreadPool.java:883)
        at org.eclipse.jetty.util.thread.QueuedThreadPool$Runner.run(QueuedThreadPool.java:1034)
        at java.lang.Thread.run(Thread.java:750)
"fdffd6d6-5a7e-48c5-a2f3-4f163f884c78-server-thread2" daemon prio=5 tid=417 timed_waiting
java.lang.Thread.State: TIMED_WAITING
        at sun.misc.Unsafe.park(Native Method)
        at java.util.concurrent.locks.LockSupport.parkNanos(LockSupport.java:215)
        at java.util.concurrent.SynchronousQueue$TransferStack.awaitFulfill(SynchronousQueue.java:460)
        at java.util.concurrent.SynchronousQueue$TransferStack.transfer(SynchronousQueue.java:362)
        at java.util.concurrent.SynchronousQueue.poll(SynchronousQueue.java:941)
        at java.util.concurrent.ThreadPoolExecutor.getTask(ThreadPoolExecutor.java:1073)
        at java.util.concurrent.ThreadPoolExecutor.runWorker(ThreadPoolExecutor.java:1134)
        at java.util.concurrent.ThreadPoolExecutor$Worker.run(ThreadPoolExecutor.java:624)
        at java.lang.Thread.run(Thread.java:750)
"pool-36-thread-1"  prio=5 tid=128 timed_waiting
java.lang.Thread.State: TIMED_WAITING
        at sun.misc.Unsafe.park(Native Method)
        at java.util.concurrent.locks.LockSupport.parkNanos(LockSupport.java:215)
        at java.util.concurrent.locks.AbstractQueuedSynchronizer$ConditionObject.awaitNanos(AbstractQueuedSynchronizer.java:2078)
        at java.util.concurrent.ScheduledThreadPoolExecutor$DelayedWorkQueue.take(ScheduledThreadPoolExecutor.java:1093)
        at java.util.concurrent.ScheduledThreadPoolExecutor$DelayedWorkQueue.take(ScheduledThreadPoolExecutor.java:809)
        at java.util.concurrent.ThreadPoolExecutor.getTask(ThreadPoolExecutor.java:1074)
        at java.util.concurrent.ThreadPoolExecutor.runWorker(ThreadPoolExecutor.java:1134)
        at java.util.concurrent.ThreadPoolExecutor$Worker.run(ThreadPoolExecutor.java:624)
        at java.lang.Thread.run(Thread.java:750)
"c077bb33-fcdc-4b26-85c1-b9d62aefbd7c@group-FBE9E628C331-SegmentedRaftLogWorker"  prio=5 tid=365 timed_waiting
java.lang.Thread.State: TIMED_WAITING
        at sun.misc.Unsafe.park(Native Method)
        at java.util.concurrent.locks.LockSupport.parkNanos(LockSupport.java:215)
        at java.util.concurrent.locks.AbstractQueuedSynchronizer$ConditionObject.awaitNanos(AbstractQueuedSynchronizer.java:2078)
        at org.apache.ratis.util.DataBlockingQueue.poll(DataBlockingQueue.java:148)
        at org.apache.ratis.server.raftlog.segmented.SegmentedRaftLogWorker.run(SegmentedRaftLogWorker.java:307)
        at org.apache.ratis.server.raftlog.segmented.SegmentedRaftLogWorker$$Lambda$727/1896328878.run(Unknown Source)
        at java.util.concurrent.Executors$RunnableAdapter.call(Executors.java:511)
        at java.util.concurrent.FutureTask.run(FutureTask.java:266)
        at java.util.concurrent.ThreadPoolExecutor.runWorker(ThreadPoolExecutor.java:1149)
        at java.util.concurrent.ThreadPoolExecutor$Worker.run(ThreadPoolExecutor.java:624)
        at java.lang.Thread.run(Thread.java:750)
"IPC Server handler 18 on default port 15000" daemon prio=5 tid=68 timed_waiting
java.lang.Thread.State: TIMED_WAITING
        at sun.misc.Unsafe.park(Native Method)
        at java.util.concurrent.locks.LockSupport.parkNanos(LockSupport.java:215)
        at java.util.concurrent.locks.AbstractQueuedSynchronizer$ConditionObject.awaitNanos(AbstractQueuedSynchronizer.java:2078)
        at java.util.concurrent.LinkedBlockingQueue.poll(LinkedBlockingQueue.java:467)
        at org.apache.hadoop.ipc.CallQueueManager.take(CallQueueManager.java:317)
        at org.apache.hadoop.ipc.Server$Handler.run(Server.java:2992)
"IPC Server handler 1 on default port 15002" daemon prio=5 tid=91 timed_waiting
java.lang.Thread.State: TIMED_WAITING
        at sun.misc.Unsafe.park(Native Method)
        at java.util.concurrent.locks.LockSupport.parkNanos(LockSupport.java:215)
        at java.util.concurrent.locks.AbstractQueuedSynchronizer$ConditionObject.awaitNanos(AbstractQueuedSynchronizer.java:2078)
        at java.util.concurrent.LinkedBlockingQueue.poll(LinkedBlockingQueue.java:467)
        at org.apache.hadoop.ipc.CallQueueManager.take(CallQueueManager.java:317)
        at org.apache.hadoop.ipc.Server$Handler.run(Server.java:2992)
"4e2b4efa-bcb4-46de-b119-545b7decf2b1-server-thread1" daemon prio=5 tid=440 timed_waiting
java.lang.Thread.State: TIMED_WAITING
        at sun.misc.Unsafe.park(Native Method)
        at java.util.concurrent.locks.LockSupport.parkNanos(LockSupport.java:215)
        at java.util.concurrent.SynchronousQueue$TransferStack.awaitFulfill(SynchronousQueue.java:460)
        at java.util.concurrent.SynchronousQueue$TransferStack.transfer(SynchronousQueue.java:362)
        at java.util.concurrent.SynchronousQueue.poll(SynchronousQueue.java:941)
        at java.util.concurrent.ThreadPoolExecutor.getTask(ThreadPoolExecutor.java:1073)
        at java.util.concurrent.ThreadPoolExecutor.runWorker(ThreadPoolExecutor.java:1134)
        at java.util.concurrent.ThreadPoolExecutor$Worker.run(ThreadPoolExecutor.java:624)
        at java.lang.Thread.run(Thread.java:750)
"StaleRecoveringContainerScrubbingService#1" daemon prio=5 tid=318 in Object.wait()
java.lang.Thread.State: WAITING (on object monitor)
        at sun.misc.Unsafe.park(Native Method)
        at java.util.concurrent.locks.LockSupport.park(LockSupport.java:175)
        at java.util.concurrent.locks.AbstractQueuedSynchronizer$ConditionObject.await(AbstractQueuedSynchronizer.java:2039)
        at java.util.concurrent.ScheduledThreadPoolExecutor$DelayedWorkQueue.take(ScheduledThreadPoolExecutor.java:1088)
        at java.util.concurrent.ScheduledThreadPoolExecutor$DelayedWorkQueue.take(ScheduledThreadPoolExecutor.java:809)
        at java.util.concurrent.ThreadPoolExecutor.getTask(ThreadPoolExecutor.java:1074)
        at java.util.concurrent.ThreadPoolExecutor.runWorker(ThreadPoolExecutor.java:1134)
        at java.util.concurrent.ThreadPoolExecutor$Worker.run(ThreadPoolExecutor.java:624)
        at java.lang.Thread.run(Thread.java:750)
"Socket Reader #1 for port 15001" daemon prio=5 tid=30 runnable
java.lang.Thread.State: RUNNABLE
        at sun.nio.ch.EPollArrayWrapper.epollWait(Native Method)
        at sun.nio.ch.EPollArrayWrapper.poll(EPollArrayWrapper.java:269)
        at sun.nio.ch.EPollSelectorImpl.doSelect(EPollSelectorImpl.java:93)
        at sun.nio.ch.SelectorImpl.lockAndDoSelect(SelectorImpl.java:86)
        at sun.nio.ch.SelectorImpl.select(SelectorImpl.java:97)
        at sun.nio.ch.SelectorImpl.select(SelectorImpl.java:101)
        at org.apache.hadoop.ipc.Server$Listener$Reader.doRunLoop(Server.java:1342)
        at org.apache.hadoop.ipc.Server$Listener$Reader.run(Server.java:1321)
"IPC Server handler 4 on default port 15004" daemon prio=5 tid=167 timed_waiting
java.lang.Thread.State: TIMED_WAITING
        at sun.misc.Unsafe.park(Native Method)
        at java.util.concurrent.locks.LockSupport.parkNanos(LockSupport.java:215)
        at java.util.concurrent.locks.AbstractQueuedSynchronizer$ConditionObject.awaitNanos(AbstractQueuedSynchronizer.java:2078)
        at java.util.concurrent.LinkedBlockingQueue.poll(LinkedBlockingQueue.java:467)
        at org.apache.hadoop.ipc.CallQueueManager.take(CallQueueManager.java:317)
        at org.apache.hadoop.ipc.Server$Handler.run(Server.java:2992)
"IPC Server handler 9 on default port 15001" daemon prio=5 tid=79 timed_waiting
java.lang.Thread.State: TIMED_WAITING
        at sun.misc.Unsafe.park(Native Method)
        at java.util.concurrent.locks.LockSupport.parkNanos(LockSupport.java:215)
        at java.util.concurrent.locks.AbstractQueuedSynchronizer$ConditionObject.awaitNanos(AbstractQueuedSynchronizer.java:2078)
        at java.util.concurrent.LinkedBlockingQueue.poll(LinkedBlockingQueue.java:467)
        at org.apache.hadoop.ipc.CallQueueManager.take(CallQueueManager.java:317)
        at org.apache.hadoop.ipc.Server$Handler.run(Server.java:2992)
"timer0" daemon prio=5 tid=439 timed_waiting
java.lang.Thread.State: TIMED_WAITING
        at java.lang.Object.wait(Native Method)
        at java.util.TimerThread.mainLoop(Timer.java:552)
        at java.util.TimerThread.run(Timer.java:505)
"IPC Server handler 6 on default port 15000" daemon prio=5 tid=56 timed_waiting
java.lang.Thread.State: TIMED_WAITING
        at sun.misc.Unsafe.park(Native Method)
        at java.util.concurrent.locks.LockSupport.parkNanos(LockSupport.java:215)
        at java.util.concurrent.locks.AbstractQueuedSynchronizer$ConditionObject.awaitNanos(AbstractQueuedSynchronizer.java:2078)
        at java.util.concurrent.LinkedBlockingQueue.poll(LinkedBlockingQueue.java:467)
        at org.apache.hadoop.ipc.CallQueueManager.take(CallQueueManager.java:317)
        at org.apache.hadoop.ipc.Server$Handler.run(Server.java:2992)
"4e2b4efa-bcb4-46de-b119-545b7decf2b1-server-thread3" daemon prio=5 tid=445 timed_waiting
java.lang.Thread.State: TIMED_WAITING
        at sun.misc.Unsafe.park(Native Method)
        at java.util.concurrent.locks.LockSupport.parkNanos(LockSupport.java:215)
        at java.util.concurrent.SynchronousQueue$TransferStack.awaitFulfill(SynchronousQueue.java:460)
        at java.util.concurrent.SynchronousQueue$TransferStack.transfer(SynchronousQueue.java:362)
        at java.util.concurrent.SynchronousQueue.poll(SynchronousQueue.java:941)
        at java.util.concurrent.ThreadPoolExecutor.getTask(ThreadPoolExecutor.java:1073)
        at java.util.concurrent.ThreadPoolExecutor.runWorker(ThreadPoolExecutor.java:1134)
        at java.util.concurrent.ThreadPoolExecutor$Worker.run(ThreadPoolExecutor.java:624)
        at java.lang.Thread.run(Thread.java:750)
"IPC Server handler 8 on default port 15001" daemon prio=5 tid=78 timed_waiting
java.lang.Thread.State: TIMED_WAITING
        at sun.misc.Unsafe.park(Native Method)
        at java.util.concurrent.locks.LockSupport.parkNanos(LockSupport.java:215)
        at java.util.concurrent.locks.AbstractQueuedSynchronizer$ConditionObject.awaitNanos(AbstractQueuedSynchronizer.java:2078)
        at java.util.concurrent.LinkedBlockingQueue.poll(LinkedBlockingQueue.java:467)
        at org.apache.hadoop.ipc.CallQueueManager.take(CallQueueManager.java:317)
        at org.apache.hadoop.ipc.Server$Handler.run(Server.java:2992)
"EventQueue-PipelineReportForOneReplicaPipelineSafeModeRule" daemon prio=5 tid=323 in Object.wait()
java.lang.Thread.State: WAITING (on object monitor)
        at sun.misc.Unsafe.park(Native Method)
        at java.util.concurrent.locks.LockSupport.park(LockSupport.java:175)
        at java.util.concurrent.locks.AbstractQueuedSynchronizer$ConditionObject.await(AbstractQueuedSynchronizer.java:2039)
        at java.util.concurrent.LinkedBlockingQueue.take(LinkedBlockingQueue.java:442)
        at java.util.concurrent.ThreadPoolExecutor.getTask(ThreadPoolExecutor.java:1074)
        at java.util.concurrent.ThreadPoolExecutor.runWorker(ThreadPoolExecutor.java:1134)
        at java.util.concurrent.ThreadPoolExecutor$Worker.run(ThreadPoolExecutor.java:624)
        at java.lang.Thread.run(Thread.java:750)
"IPC Server handler 0 on default port 15010" daemon prio=5 tid=207 timed_waiting
java.lang.Thread.State: TIMED_WAITING
        at sun.misc.Unsafe.park(Native Method)
        at java.util.concurrent.locks.LockSupport.parkNanos(LockSupport.java:215)
        at java.util.concurrent.locks.AbstractQueuedSynchronizer$ConditionObject.awaitNanos(AbstractQueuedSynchronizer.java:2078)
        at java.util.concurrent.LinkedBlockingQueue.poll(LinkedBlockingQueue.java:467)
        at org.apache.hadoop.ipc.CallQueueManager.take(CallQueueManager.java:317)
        at org.apache.hadoop.ipc.Server$Handler.run(Server.java:2992)
"pool-111-thread-1"  prio=5 tid=225 timed_waiting
java.lang.Thread.State: TIMED_WAITING
        at sun.misc.Unsafe.park(Native Method)
        at java.util.concurrent.locks.LockSupport.parkNanos(LockSupport.java:215)
        at java.util.concurrent.locks.AbstractQueuedSynchronizer$ConditionObject.awaitNanos(AbstractQueuedSynchronizer.java:2078)
        at java.util.concurrent.ScheduledThreadPoolExecutor$DelayedWorkQueue.take(ScheduledThreadPoolExecutor.java:1093)
        at java.util.concurrent.ScheduledThreadPoolExecutor$DelayedWorkQueue.take(ScheduledThreadPoolExecutor.java:809)
        at java.util.concurrent.ThreadPoolExecutor.getTask(ThreadPoolExecutor.java:1074)
        at java.util.concurrent.ThreadPoolExecutor.runWorker(ThreadPoolExecutor.java:1134)
        at java.util.concurrent.ThreadPoolExecutor$Worker.run(ThreadPoolExecutor.java:624)
        at java.lang.Thread.run(Thread.java:750)
"SCMBlockDeletingService#0" daemon prio=5 tid=110 timed_waiting
java.lang.Thread.State: TIMED_WAITING
        at sun.misc.Unsafe.park(Native Method)
        at java.util.concurrent.locks.LockSupport.parkNanos(LockSupport.java:215)
        at java.util.concurrent.locks.AbstractQueuedSynchronizer$ConditionObject.awaitNanos(AbstractQueuedSynchronizer.java:2078)
        at java.util.concurrent.ScheduledThreadPoolExecutor$DelayedWorkQueue.take(ScheduledThreadPoolExecutor.java:1093)
        at java.util.concurrent.ScheduledThreadPoolExecutor$DelayedWorkQueue.take(ScheduledThreadPoolExecutor.java:809)
        at java.util.concurrent.ThreadPoolExecutor.getTask(ThreadPoolExecutor.java:1074)
        at java.util.concurrent.ThreadPoolExecutor.runWorker(ThreadPoolExecutor.java:1134)
        at java.util.concurrent.ThreadPoolExecutor$Worker.run(ThreadPoolExecutor.java:624)
        at java.lang.Thread.run(Thread.java:750)
"IPC Server handler 9 on default port 15002" daemon prio=5 tid=99 timed_waiting
java.lang.Thread.State: TIMED_WAITING
        at sun.misc.Unsafe.park(Native Method)
        at java.util.concurrent.locks.LockSupport.parkNanos(LockSupport.java:215)
        at java.util.concurrent.locks.AbstractQueuedSynchronizer$ConditionObject.awaitNanos(AbstractQueuedSynchronizer.java:2078)
        at java.util.concurrent.LinkedBlockingQueue.poll(LinkedBlockingQueue.java:467)
        at org.apache.hadoop.ipc.CallQueueManager.take(CallQueueManager.java:317)
        at org.apache.hadoop.ipc.Server$Handler.run(Server.java:2992)
"qtp564305890-158" daemon prio=5 tid=158 timed_waiting
java.lang.Thread.State: TIMED_WAITING
        at sun.misc.Unsafe.park(Native Method)
        at java.util.concurrent.locks.LockSupport.parkNanos(LockSupport.java:215)
        at java.util.concurrent.locks.AbstractQueuedSynchronizer$ConditionObject.awaitNanos(AbstractQueuedSynchronizer.java:2078)
        at org.eclipse.jetty.util.BlockingArrayQueue.poll(BlockingArrayQueue.java:382)
        at org.eclipse.jetty.util.thread.QueuedThreadPool$Runner.idleJobPoll(QueuedThreadPool.java:974)
        at org.eclipse.jetty.util.thread.QueuedThreadPool$Runner.run(QueuedThreadPool.java:1018)
        at java.lang.Thread.run(Thread.java:750)
"IPC Server handler 2 on default port 15001" daemon prio=5 tid=72 timed_waiting
java.lang.Thread.State: TIMED_WAITING
        at sun.misc.Unsafe.park(Native Method)
        at java.util.concurrent.locks.LockSupport.parkNanos(LockSupport.java:215)
        at java.util.concurrent.locks.AbstractQueuedSynchronizer$ConditionObject.awaitNanos(AbstractQueuedSynchronizer.java:2078)
        at java.util.concurrent.LinkedBlockingQueue.poll(LinkedBlockingQueue.java:467)
        at org.apache.hadoop.ipc.CallQueueManager.take(CallQueueManager.java:317)
        at org.apache.hadoop.ipc.Server$Handler.run(Server.java:2992)
"qtp1825080326-114" daemon prio=5 tid=114 runnable
java.lang.Thread.State: RUNNABLE
        at sun.nio.ch.EPollArrayWrapper.epollWait(Native Method)
        at sun.nio.ch.EPollArrayWrapper.poll(EPollArrayWrapper.java:269)
        at sun.nio.ch.EPollSelectorImpl.doSelect(EPollSelectorImpl.java:93)
        at sun.nio.ch.SelectorImpl.lockAndDoSelect(SelectorImpl.java:86)
        at sun.nio.ch.SelectorImpl.select(SelectorImpl.java:97)
        at sun.nio.ch.SelectorImpl.select(SelectorImpl.java:101)
        at org.eclipse.jetty.io.ManagedSelector.nioSelect(ManagedSelector.java:183)
        at org.eclipse.jetty.io.ManagedSelector.select(ManagedSelector.java:190)
        at org.eclipse.jetty.io.ManagedSelector$SelectorProducer.select(ManagedSelector.java:606)
        at org.eclipse.jetty.io.ManagedSelector$SelectorProducer.produce(ManagedSelector.java:543)
        at org.eclipse.jetty.util.thread.strategy.EatWhatYouKill.produceTask(EatWhatYouKill.java:362)
        at org.eclipse.jetty.util.thread.strategy.EatWhatYouKill.doProduce(EatWhatYouKill.java:186)
        at org.eclipse.jetty.util.thread.strategy.EatWhatYouKill.tryProduce(EatWhatYouKill.java:173)
        at org.eclipse.jetty.util.thread.strategy.EatWhatYouKill.produce(EatWhatYouKill.java:137)
        at org.eclipse.jetty.io.ManagedSelector$$Lambda$441/1172812315.run(Unknown Source)
        at org.eclipse.jetty.util.thread.QueuedThreadPool.runJob(QueuedThreadPool.java:883)
        at org.eclipse.jetty.util.thread.QueuedThreadPool$Runner.run(QueuedThreadPool.java:1034)
        at java.lang.Thread.run(Thread.java:750)
"4e2b4efa-bcb4-46de-b119-545b7decf2b1@group-DDC5CB68ABFD->fdffd6d6-5a7e-48c5-a2f3-4f163f884c78-GrpcLogAppender-LogAppenderDaemon" daemon prio=5 tid=409 timed_waiting
java.lang.Thread.State: TIMED_WAITING
        at sun.misc.Unsafe.park(Native Method)
        at java.util.concurrent.locks.LockSupport.parkNanos(LockSupport.java:215)
        at java.util.concurrent.locks.AbstractQueuedSynchronizer$ConditionObject.await(AbstractQueuedSynchronizer.java:2163)
        at org.apache.ratis.util.AwaitForSignal.await(AwaitForSignal.java:62)
        at org.apache.ratis.grpc.server.GrpcLogAppender.mayWait(GrpcLogAppender.java:197)
        at org.apache.ratis.grpc.server.GrpcLogAppender.run(GrpcLogAppender.java:148)
        at org.apache.ratis.server.leader.LogAppenderDaemon.run(LogAppenderDaemon.java:78)
        at org.apache.ratis.server.leader.LogAppenderDaemon$$Lambda$1140/920234435.run(Unknown Source)
        at java.lang.Thread.run(Thread.java:750)
"IPC Server handler 2 on default port 15000" daemon prio=5 tid=52 timed_waiting
java.lang.Thread.State: TIMED_WAITING
        at sun.misc.Unsafe.park(Native Method)
        at java.util.concurrent.locks.LockSupport.parkNanos(LockSupport.java:215)
        at java.util.concurrent.locks.AbstractQueuedSynchronizer$ConditionObject.awaitNanos(AbstractQueuedSynchronizer.java:2078)
        at java.util.concurrent.LinkedBlockingQueue.poll(LinkedBlockingQueue.java:467)
        at org.apache.hadoop.ipc.CallQueueManager.take(CallQueueManager.java:317)
        at org.apache.hadoop.ipc.Server$Handler.run(Server.java:2992)
"c077bb33-fcdc-4b26-85c1-b9d62aefbd7c@group-FBE9E628C331-StateMachineUpdater" daemon prio=5 tid=369 timed_waiting
java.lang.Thread.State: TIMED_WAITING
        at sun.misc.Unsafe.park(Native Method)
        at java.util.concurrent.locks.LockSupport.parkNanos(LockSupport.java:215)
        at java.util.concurrent.locks.AbstractQueuedSynchronizer$ConditionObject.await(AbstractQueuedSynchronizer.java:2163)
        at org.apache.ratis.util.AwaitForSignal.await(AwaitForSignal.java:62)
        at org.apache.ratis.server.impl.StateMachineUpdater.waitForCommit(StateMachineUpdater.java:209)
        at org.apache.ratis.server.impl.StateMachineUpdater.run(StateMachineUpdater.java:178)
        at java.lang.Thread.run(Thread.java:750)
"IPC Server Responder" daemon prio=5 tid=139 runnable
java.lang.Thread.State: RUNNABLE
        at sun.nio.ch.EPollArrayWrapper.epollWait(Native Method)
        at sun.nio.ch.EPollArrayWrapper.poll(EPollArrayWrapper.java:269)
        at sun.nio.ch.EPollSelectorImpl.doSelect(EPollSelectorImpl.java:93)
        at sun.nio.ch.SelectorImpl.lockAndDoSelect(SelectorImpl.java:86)
        at sun.nio.ch.SelectorImpl.select(SelectorImpl.java:97)
        at org.apache.hadoop.ipc.Server$Responder.doRunLoop(Server.java:1578)
        at org.apache.hadoop.ipc.Server$Responder.run(Server.java:1561)
"Hadoop-Metrics-Updater-0" daemon prio=5 tid=140 timed_waiting
java.lang.Thread.State: TIMED_WAITING
        at sun.misc.Unsafe.park(Native Method)
        at java.util.concurrent.locks.LockSupport.parkNanos(LockSupport.java:215)
        at java.util.concurrent.locks.AbstractQueuedSynchronizer$ConditionObject.awaitNanos(AbstractQueuedSynchronizer.java:2078)
        at java.util.concurrent.ScheduledThreadPoolExecutor$DelayedWorkQueue.take(ScheduledThreadPoolExecutor.java:1093)
        at java.util.concurrent.ScheduledThreadPoolExecutor$DelayedWorkQueue.take(ScheduledThreadPoolExecutor.java:809)
        at java.util.concurrent.ThreadPoolExecutor.getTask(ThreadPoolExecutor.java:1074)
        at java.util.concurrent.ThreadPoolExecutor.runWorker(ThreadPoolExecutor.java:1134)
        at java.util.concurrent.ThreadPoolExecutor$Worker.run(ThreadPoolExecutor.java:624)
        at java.lang.Thread.run(Thread.java:750)
"IPC Parameter Sending Thread for 0.0.0.0/0.0.0.0:15001" daemon prio=5 tid=456 timed_waiting
java.lang.Thread.State: TIMED_WAITING
        at sun.misc.Unsafe.park(Native Method)
        at java.util.concurrent.locks.LockSupport.parkNanos(LockSupport.java:215)
        at java.util.concurrent.SynchronousQueue$TransferQueue.awaitFulfill(SynchronousQueue.java:764)
        at java.util.concurrent.SynchronousQueue$TransferQueue.transfer(SynchronousQueue.java:695)
        at java.util.concurrent.SynchronousQueue.poll(SynchronousQueue.java:941)
        at org.apache.hadoop.ipc.Client$Connection$RpcRequestSender.run(Client.java:1122)
        at java.lang.Thread.run(Thread.java:750)
"Datanode ReportManager Thread - 2" daemon prio=5 tid=245 in Object.wait()
java.lang.Thread.State: WAITING (on object monitor)
        at sun.misc.Unsafe.park(Native Method)
        at java.util.concurrent.locks.LockSupport.park(LockSupport.java:175)
        at java.util.concurrent.locks.AbstractQueuedSynchronizer$ConditionObject.await(AbstractQueuedSynchronizer.java:2039)
        at java.util.concurrent.ScheduledThreadPoolExecutor$DelayedWorkQueue.take(ScheduledThreadPoolExecutor.java:1088)
        at java.util.concurrent.ScheduledThreadPoolExecutor$DelayedWorkQueue.take(ScheduledThreadPoolExecutor.java:809)
        at java.util.concurrent.ThreadPoolExecutor.getTask(ThreadPoolExecutor.java:1074)
        at java.util.concurrent.ThreadPoolExecutor.runWorker(ThreadPoolExecutor.java:1134)
        at java.util.concurrent.ThreadPoolExecutor$Worker.run(ThreadPoolExecutor.java:624)
        at java.lang.Thread.run(Thread.java:750)
"qtp636208486-198" daemon prio=5 tid=198 timed_waiting
java.lang.Thread.State: TIMED_WAITING
        at sun.misc.Unsafe.park(Native Method)
        at java.util.concurrent.locks.LockSupport.parkNanos(LockSupport.java:215)
        at java.util.concurrent.locks.AbstractQueuedSynchronizer$ConditionObject.awaitNanos(AbstractQueuedSynchronizer.java:2078)
        at org.eclipse.jetty.util.BlockingArrayQueue.poll(BlockingArrayQueue.java:382)
        at org.eclipse.jetty.util.thread.QueuedThreadPool$Runner.idleJobPoll(QueuedThreadPool.java:974)
        at org.eclipse.jetty.util.thread.QueuedThreadPool$Runner.run(QueuedThreadPool.java:1018)
        at java.lang.Thread.run(Thread.java:750)
"IPC Server listener on 15010" daemon prio=5 tid=202 runnable
java.lang.Thread.State: RUNNABLE
        at sun.nio.ch.EPollArrayWrapper.epollWait(Native Method)
        at sun.nio.ch.EPollArrayWrapper.poll(EPollArrayWrapper.java:269)
        at sun.nio.ch.EPollSelectorImpl.doSelect(EPollSelectorImpl.java:93)
        at sun.nio.ch.SelectorImpl.lockAndDoSelect(SelectorImpl.java:86)
        at sun.nio.ch.SelectorImpl.select(SelectorImpl.java:97)
        at sun.nio.ch.SelectorImpl.select(SelectorImpl.java:101)
        at org.apache.hadoop.ipc.Server$Listener.run(Server.java:1404)
"IPC Server handler 5 on default port 15000" daemon prio=5 tid=55 timed_waiting
java.lang.Thread.State: TIMED_WAITING
        at sun.misc.Unsafe.park(Native Method)
        at java.util.concurrent.locks.LockSupport.parkNanos(LockSupport.java:215)
        at java.util.concurrent.locks.AbstractQueuedSynchronizer$ConditionObject.awaitNanos(AbstractQueuedSynchronizer.java:2078)
        at java.util.concurrent.LinkedBlockingQueue.poll(LinkedBlockingQueue.java:467)
        at org.apache.hadoop.ipc.CallQueueManager.take(CallQueueManager.java:317)
        at org.apache.hadoop.ipc.Server$Handler.run(Server.java:2992)
"Socket Reader #1 for port 15028" daemon prio=5 tid=269 runnable
java.lang.Thread.State: RUNNABLE
        at sun.nio.ch.EPollArrayWrapper.epollWait(Native Method)
        at sun.nio.ch.EPollArrayWrapper.poll(EPollArrayWrapper.java:269)
        at sun.nio.ch.EPollSelectorImpl.doSelect(EPollSelectorImpl.java:93)
        at sun.nio.ch.SelectorImpl.lockAndDoSelect(SelectorImpl.java:86)
        at sun.nio.ch.SelectorImpl.select(SelectorImpl.java:97)
        at sun.nio.ch.SelectorImpl.select(SelectorImpl.java:101)
        at org.apache.hadoop.ipc.Server$Listener$Reader.doRunLoop(Server.java:1342)
        at org.apache.hadoop.ipc.Server$Listener$Reader.run(Server.java:1321)
"EventQueue-OpenPipelineForHealthyPipelineSafeModeRule" daemon prio=5 tid=330 in Object.wait()
java.lang.Thread.State: WAITING (on object monitor)
        at sun.misc.Unsafe.park(Native Method)
        at java.util.concurrent.locks.LockSupport.park(LockSupport.java:175)
        at java.util.concurrent.locks.AbstractQueuedSynchronizer$ConditionObject.await(AbstractQueuedSynchronizer.java:2039)
        at java.util.concurrent.LinkedBlockingQueue.take(LinkedBlockingQueue.java:442)
        at java.util.concurrent.ThreadPoolExecutor.getTask(ThreadPoolExecutor.java:1074)
        at java.util.concurrent.ThreadPoolExecutor.runWorker(ThreadPoolExecutor.java:1134)
        at java.util.concurrent.ThreadPoolExecutor$Worker.run(ThreadPoolExecutor.java:624)
        at java.lang.Thread.run(Thread.java:750)
"IPC Server handler 0 on default port 15028" daemon prio=5 tid=273 timed_waiting
java.lang.Thread.State: TIMED_WAITING
        at sun.misc.Unsafe.park(Native Method)
        at java.util.concurrent.locks.LockSupport.parkNanos(LockSupport.java:215)
        at java.util.concurrent.locks.AbstractQueuedSynchronizer$ConditionObject.awaitNanos(AbstractQueuedSynchronizer.java:2078)
        at java.util.concurrent.LinkedBlockingQueue.poll(LinkedBlockingQueue.java:467)
        at org.apache.hadoop.ipc.CallQueueManager.take(CallQueueManager.java:317)
        at org.apache.hadoop.ipc.Server$Handler.run(Server.java:2992)
"pool-87-thread-1"  prio=5 tid=192 timed_waiting
java.lang.Thread.State: TIMED_WAITING
        at sun.misc.Unsafe.park(Native Method)
        at java.util.concurrent.locks.LockSupport.parkNanos(LockSupport.java:215)
        at java.util.concurrent.locks.AbstractQueuedSynchronizer$ConditionObject.awaitNanos(AbstractQueuedSynchronizer.java:2078)
        at java.util.concurrent.ScheduledThreadPoolExecutor$DelayedWorkQueue.take(ScheduledThreadPoolExecutor.java:1093)
        at java.util.concurrent.ScheduledThreadPoolExecutor$DelayedWorkQueue.take(ScheduledThreadPoolExecutor.java:809)
        at java.util.concurrent.ThreadPoolExecutor.getTask(ThreadPoolExecutor.java:1074)
        at java.util.concurrent.ThreadPoolExecutor.runWorker(ThreadPoolExecutor.java:1134)
        at java.util.concurrent.ThreadPoolExecutor$Worker.run(ThreadPoolExecutor.java:624)
        at java.lang.Thread.run(Thread.java:750)
"IPC Server handler 10 on default port 15000" daemon prio=5 tid=60 timed_waiting
java.lang.Thread.State: TIMED_WAITING
        at sun.misc.Unsafe.park(Native Method)
        at java.util.concurrent.locks.LockSupport.parkNanos(LockSupport.java:215)
        at java.util.concurrent.locks.AbstractQueuedSynchronizer$ConditionObject.awaitNanos(AbstractQueuedSynchronizer.java:2078)
        at java.util.concurrent.LinkedBlockingQueue.poll(LinkedBlockingQueue.java:467)
        at org.apache.hadoop.ipc.CallQueueManager.take(CallQueueManager.java:317)
        at org.apache.hadoop.ipc.Server$Handler.run(Server.java:2992)
"ChunkWriter-0-0" daemon prio=5 tid=310 in Object.wait()
java.lang.Thread.State: WAITING (on object monitor)
        at sun.misc.Unsafe.park(Native Method)
        at java.util.concurrent.locks.LockSupport.park(LockSupport.java:175)
        at java.util.concurrent.locks.AbstractQueuedSynchronizer$ConditionObject.await(AbstractQueuedSynchronizer.java:2039)
        at java.util.concurrent.LinkedBlockingDeque.takeFirst(LinkedBlockingDeque.java:492)
        at java.util.concurrent.LinkedBlockingDeque.take(LinkedBlockingDeque.java:680)
        at java.util.concurrent.ThreadPoolExecutor.getTask(ThreadPoolExecutor.java:1074)
        at java.util.concurrent.ThreadPoolExecutor.runWorker(ThreadPoolExecutor.java:1134)
        at java.util.concurrent.ThreadPoolExecutor$Worker.run(ThreadPoolExecutor.java:624)
        at java.lang.Thread.run(Thread.java:750)
"ContainerOp-472dbade-761e-448d-b7b1-9f8053cb28cc-0"  prio=5 tid=476 in Object.wait()
java.lang.Thread.State: WAITING (on object monitor)
        at sun.misc.Unsafe.park(Native Method)
        at java.util.concurrent.locks.LockSupport.park(LockSupport.java:175)
        at java.util.concurrent.locks.AbstractQueuedSynchronizer$ConditionObject.await(AbstractQueuedSynchronizer.java:2039)
        at java.util.concurrent.LinkedBlockingQueue.take(LinkedBlockingQueue.java:442)
        at java.util.concurrent.ThreadPoolExecutor.getTask(ThreadPoolExecutor.java:1074)
        at java.util.concurrent.ThreadPoolExecutor.runWorker(ThreadPoolExecutor.java:1134)
        at java.util.concurrent.ThreadPoolExecutor$Worker.run(ThreadPoolExecutor.java:624)
        at java.lang.Thread.run(Thread.java:750)
"Socket Reader #1 for port 15004" daemon prio=5 tid=137 runnable
java.lang.Thread.State: RUNNABLE
        at sun.nio.ch.EPollArrayWrapper.epollWait(Native Method)
        at sun.nio.ch.EPollArrayWrapper.poll(EPollArrayWrapper.java:269)
        at sun.nio.ch.EPollSelectorImpl.doSelect(EPollSelectorImpl.java:93)
        at sun.nio.ch.SelectorImpl.lockAndDoSelect(SelectorImpl.java:86)
        at sun.nio.ch.SelectorImpl.select(SelectorImpl.java:97)
        at sun.nio.ch.SelectorImpl.select(SelectorImpl.java:101)
        at org.apache.hadoop.ipc.Server$Listener$Reader.doRunLoop(Server.java:1342)
        at org.apache.hadoop.ipc.Server$Listener$Reader.run(Server.java:1321)
"om1@group-C5BA1605619E-StateMachineUpdater" daemon prio=5 tid=144 timed_waiting
java.lang.Thread.State: TIMED_WAITING
        at sun.misc.Unsafe.park(Native Method)
        at java.util.concurrent.locks.LockSupport.parkNanos(LockSupport.java:215)
        at java.util.concurrent.locks.AbstractQueuedSynchronizer$ConditionObject.await(AbstractQueuedSynchronizer.java:2163)
        at org.apache.ratis.util.AwaitForSignal.await(AwaitForSignal.java:62)
        at org.apache.ratis.server.impl.StateMachineUpdater.waitForCommit(StateMachineUpdater.java:209)
        at org.apache.ratis.server.impl.StateMachineUpdater.run(StateMachineUpdater.java:178)
        at java.lang.Thread.run(Thread.java:750)
"c077bb33-fcdc-4b26-85c1-b9d62aefbd7c-server-thread1" daemon prio=5 tid=420 timed_waiting
java.lang.Thread.State: TIMED_WAITING
        at sun.misc.Unsafe.park(Native Method)
        at java.util.concurrent.locks.LockSupport.parkNanos(LockSupport.java:215)
        at java.util.concurrent.SynchronousQueue$TransferStack.awaitFulfill(SynchronousQueue.java:460)
        at java.util.concurrent.SynchronousQueue$TransferStack.transfer(SynchronousQueue.java:362)
        at java.util.concurrent.SynchronousQueue.poll(SynchronousQueue.java:941)
        at java.util.concurrent.ThreadPoolExecutor.getTask(ThreadPoolExecutor.java:1073)
        at java.util.concurrent.ThreadPoolExecutor.runWorker(ThreadPoolExecutor.java:1134)
        at java.util.concurrent.ThreadPoolExecutor$Worker.run(ThreadPoolExecutor.java:624)
        at java.lang.Thread.run(Thread.java:750)
"IPC Server idle connection scanner for port 15001" daemon prio=5 tid=31 timed_waiting
java.lang.Thread.State: TIMED_WAITING
        at java.lang.Object.wait(Native Method)
        at java.util.TimerThread.mainLoop(Timer.java:552)
        at java.util.TimerThread.run(Timer.java:505)
"fdffd6d6-5a7e-48c5-a2f3-4f163f884c78@group-E000353E9717-StateMachineUpdater" daemon prio=5 tid=377 timed_waiting
java.lang.Thread.State: TIMED_WAITING
        at sun.misc.Unsafe.park(Native Method)
        at java.util.concurrent.locks.LockSupport.parkNanos(LockSupport.java:215)
        at java.util.concurrent.locks.AbstractQueuedSynchronizer$ConditionObject.await(AbstractQueuedSynchronizer.java:2163)
        at org.apache.ratis.util.AwaitForSignal.await(AwaitForSignal.java:62)
        at org.apache.ratis.server.impl.StateMachineUpdater.waitForCommit(StateMachineUpdater.java:209)
        at org.apache.ratis.server.impl.StateMachineUpdater.run(StateMachineUpdater.java:178)
        at java.lang.Thread.run(Thread.java:750)
"IPC Server handler 11 on default port 15002" daemon prio=5 tid=101 timed_waiting
java.lang.Thread.State: TIMED_WAITING
        at sun.misc.Unsafe.park(Native Method)
        at java.util.concurrent.locks.LockSupport.parkNanos(LockSupport.java:215)
        at java.util.concurrent.locks.AbstractQueuedSynchronizer$ConditionObject.awaitNanos(AbstractQueuedSynchronizer.java:2078)
        at java.util.concurrent.LinkedBlockingQueue.poll(LinkedBlockingQueue.java:467)
        at org.apache.hadoop.ipc.CallQueueManager.take(CallQueueManager.java:317)
        at org.apache.hadoop.ipc.Server$Handler.run(Server.java:2992)
"fdffd6d6-5a7e-48c5-a2f3-4f163f884c78-NettyServerStreamRpc-bossGroup--thread1" daemon prio=5 tid=255 runnable
java.lang.Thread.State: RUNNABLE
        at sun.nio.ch.EPollArrayWrapper.epollWait(Native Method)
        at sun.nio.ch.EPollArrayWrapper.poll(EPollArrayWrapper.java:269)
        at sun.nio.ch.EPollSelectorImpl.doSelect(EPollSelectorImpl.java:93)
        at sun.nio.ch.SelectorImpl.lockAndDoSelect(SelectorImpl.java:86)
        at sun.nio.ch.SelectorImpl.select(SelectorImpl.java:97)
        at sun.nio.ch.SelectorImpl.select(SelectorImpl.java:101)
        at org.apache.ratis.thirdparty.io.netty.channel.nio.SelectedSelectionKeySetSelector.select(SelectedSelectionKeySetSelector.java:68)
        at org.apache.ratis.thirdparty.io.netty.channel.nio.NioEventLoop.select(NioEventLoop.java:879)
        at org.apache.ratis.thirdparty.io.netty.channel.nio.NioEventLoop.run(NioEventLoop.java:526)
        at org.apache.ratis.thirdparty.io.netty.util.concurrent.SingleThreadEventExecutor$4.run(SingleThreadEventExecutor.java:997)
        at org.apache.ratis.thirdparty.io.netty.util.internal.ThreadExecutorMap$2.run(ThreadExecutorMap.java:74)
        at java.lang.Thread.run(Thread.java:750)
"om1-impl-thread1" daemon prio=5 tid=132 timed_waiting
java.lang.Thread.State: TIMED_WAITING
        at sun.misc.Unsafe.park(Native Method)
        at java.util.concurrent.locks.LockSupport.parkNanos(LockSupport.java:215)
        at java.util.concurrent.SynchronousQueue$TransferStack.awaitFulfill(SynchronousQueue.java:460)
        at java.util.concurrent.SynchronousQueue$TransferStack.transfer(SynchronousQueue.java:362)
        at java.util.concurrent.SynchronousQueue.poll(SynchronousQueue.java:941)
        at java.util.concurrent.ThreadPoolExecutor.getTask(ThreadPoolExecutor.java:1073)
        at java.util.concurrent.ThreadPoolExecutor.runWorker(ThreadPoolExecutor.java:1134)
        at java.util.concurrent.ThreadPoolExecutor$Worker.run(ThreadPoolExecutor.java:624)
        at java.lang.Thread.run(Thread.java:750)
"fdffd6d6-5a7e-48c5-a2f3-4f163f884c78-groupManagement" daemon prio=5 tid=354 in Object.wait()
java.lang.Thread.State: WAITING (on object monitor)
        at sun.misc.Unsafe.park(Native Method)
        at java.util.concurrent.locks.LockSupport.park(LockSupport.java:175)
        at java.util.concurrent.locks.AbstractQueuedSynchronizer$ConditionObject.await(AbstractQueuedSynchronizer.java:2039)
        at java.util.concurrent.LinkedBlockingQueue.take(LinkedBlockingQueue.java:442)
        at java.util.concurrent.ThreadPoolExecutor.getTask(ThreadPoolExecutor.java:1074)
        at java.util.concurrent.ThreadPoolExecutor.runWorker(ThreadPoolExecutor.java:1134)
        at java.util.concurrent.ThreadPoolExecutor$Worker.run(ThreadPoolExecutor.java:624)
        at java.lang.Thread.run(Thread.java:750)
"IPC Server handler 12 on default port 15002" daemon prio=5 tid=102 timed_waiting
java.lang.Thread.State: TIMED_WAITING
        at sun.misc.Unsafe.park(Native Method)
        at java.util.concurrent.locks.LockSupport.parkNanos(LockSupport.java:215)
        at java.util.concurrent.locks.AbstractQueuedSynchronizer$ConditionObject.awaitNanos(AbstractQueuedSynchronizer.java:2078)
        at java.util.concurrent.LinkedBlockingQueue.poll(LinkedBlockingQueue.java:467)
        at org.apache.hadoop.ipc.CallQueueManager.take(CallQueueManager.java:317)
        at org.apache.hadoop.ipc.Server$Handler.run(Server.java:2992)
"ChunkWriter-3-0" daemon prio=5 tid=313 in Object.wait()
java.lang.Thread.State: WAITING (on object monitor)
        at sun.misc.Unsafe.park(Native Method)
        at java.util.concurrent.locks.LockSupport.park(LockSupport.java:175)
        at java.util.concurrent.locks.AbstractQueuedSynchronizer$ConditionObject.await(AbstractQueuedSynchronizer.java:2039)
        at java.util.concurrent.LinkedBlockingDeque.takeFirst(LinkedBlockingDeque.java:492)
        at java.util.concurrent.LinkedBlockingDeque.take(LinkedBlockingDeque.java:680)
        at java.util.concurrent.ThreadPoolExecutor.getTask(ThreadPoolExecutor.java:1074)
        at java.util.concurrent.ThreadPoolExecutor.runWorker(ThreadPoolExecutor.java:1134)
        at java.util.concurrent.ThreadPoolExecutor$Worker.run(ThreadPoolExecutor.java:624)
        at java.lang.Thread.run(Thread.java:750)
"pool-70-thread-1" daemon prio=5 tid=186 timed_waiting
java.lang.Thread.State: TIMED_WAITING
        at sun.misc.Unsafe.park(Native Method)
        at java.util.concurrent.locks.LockSupport.parkNanos(LockSupport.java:215)
        at java.util.concurrent.locks.AbstractQueuedSynchronizer$ConditionObject.awaitNanos(AbstractQueuedSynchronizer.java:2078)
        at java.util.concurrent.ScheduledThreadPoolExecutor$DelayedWorkQueue.take(ScheduledThreadPoolExecutor.java:1093)
        at java.util.concurrent.ScheduledThreadPoolExecutor$DelayedWorkQueue.take(ScheduledThreadPoolExecutor.java:809)
        at java.util.concurrent.ThreadPoolExecutor.getTask(ThreadPoolExecutor.java:1074)
        at java.util.concurrent.ThreadPoolExecutor.runWorker(ThreadPoolExecutor.java:1134)
        at java.util.concurrent.ThreadPoolExecutor$Worker.run(ThreadPoolExecutor.java:624)
        at java.lang.Thread.run(Thread.java:750)
"fdffd6d6-5a7e-48c5-a2f3-4f163f884c78@group-DDC5CB68ABFD-SegmentedRaftLogWorker" daemon prio=5 tid=356 timed_waiting
java.lang.Thread.State: TIMED_WAITING
        at sun.misc.Unsafe.park(Native Method)
        at java.util.concurrent.locks.LockSupport.parkNanos(LockSupport.java:215)
        at java.util.concurrent.locks.AbstractQueuedSynchronizer$ConditionObject.awaitNanos(AbstractQueuedSynchronizer.java:2078)
        at org.apache.ratis.util.DataBlockingQueue.poll(DataBlockingQueue.java:148)
        at org.apache.ratis.server.raftlog.segmented.SegmentedRaftLogWorker.run(SegmentedRaftLogWorker.java:307)
        at org.apache.ratis.server.raftlog.segmented.SegmentedRaftLogWorker$$Lambda$727/1896328878.run(Unknown Source)
        at java.util.concurrent.Executors$RunnableAdapter.call(Executors.java:511)
        at java.util.concurrent.FutureTask.run(FutureTask.java:266)
        at java.util.concurrent.ThreadPoolExecutor.runWorker(ThreadPoolExecutor.java:1149)
        at java.util.concurrent.ThreadPoolExecutor$Worker.run(ThreadPoolExecutor.java:624)
        at java.lang.Thread.run(Thread.java:750)
"Hadoop-Metrics-Updater-0" daemon prio=5 tid=272 timed_waiting
java.lang.Thread.State: TIMED_WAITING
        at sun.misc.Unsafe.park(Native Method)
        at java.util.concurrent.locks.LockSupport.parkNanos(LockSupport.java:215)
        at java.util.concurrent.locks.AbstractQueuedSynchronizer$ConditionObject.awaitNanos(AbstractQueuedSynchronizer.java:2078)
        at java.util.concurrent.ScheduledThreadPoolExecutor$DelayedWorkQueue.take(ScheduledThreadPoolExecutor.java:1093)
        at java.util.concurrent.ScheduledThreadPoolExecutor$DelayedWorkQueue.take(ScheduledThreadPoolExecutor.java:809)
        at java.util.concurrent.ThreadPoolExecutor.getTask(ThreadPoolExecutor.java:1074)
        at java.util.concurrent.ThreadPoolExecutor.runWorker(ThreadPoolExecutor.java:1134)
        at java.util.concurrent.ThreadPoolExecutor$Worker.run(ThreadPoolExecutor.java:624)
        at java.lang.Thread.run(Thread.java:750)
"BlockDeletingService#1" daemon prio=5 tid=319 in Object.wait()
java.lang.Thread.State: WAITING (on object monitor)
        at sun.misc.Unsafe.park(Native Method)
        at java.util.concurrent.locks.LockSupport.park(LockSupport.java:175)
        at java.util.concurrent.locks.AbstractQueuedSynchronizer$ConditionObject.await(AbstractQueuedSynchronizer.java:2039)
        at java.util.concurrent.ScheduledThreadPoolExecutor$DelayedWorkQueue.take(ScheduledThreadPoolExecutor.java:1088)
        at java.util.concurrent.ScheduledThreadPoolExecutor$DelayedWorkQueue.take(ScheduledThreadPoolExecutor.java:809)
        at java.util.concurrent.ThreadPoolExecutor.getTask(ThreadPoolExecutor.java:1074)
        at java.util.concurrent.ThreadPoolExecutor.runWorker(ThreadPoolExecutor.java:1134)
        at java.util.concurrent.ThreadPoolExecutor$Worker.run(ThreadPoolExecutor.java:624)
        at java.lang.Thread.run(Thread.java:750)
"Finalizer" daemon prio=8 tid=3 in Object.wait()
java.lang.Thread.State: WAITING (on object monitor)
        at java.lang.Object.wait(Native Method)
        at java.lang.ref.ReferenceQueue.remove(ReferenceQueue.java:144)
        at java.lang.ref.ReferenceQueue.remove(ReferenceQueue.java:165)
        at java.lang.ref.Finalizer$FinalizerThread.run(Finalizer.java:188)
"Datanode ReportManager Thread - 1" daemon prio=5 tid=210 in Object.wait()
java.lang.Thread.State: WAITING (on object monitor)
        at sun.misc.Unsafe.park(Native Method)
        at java.util.concurrent.locks.LockSupport.park(LockSupport.java:175)
        at java.util.concurrent.locks.AbstractQueuedSynchronizer$ConditionObject.await(AbstractQueuedSynchronizer.java:2039)
        at java.util.concurrent.ScheduledThreadPoolExecutor$DelayedWorkQueue.take(ScheduledThreadPoolExecutor.java:1088)
        at java.util.concurrent.ScheduledThreadPoolExecutor$DelayedWorkQueue.take(ScheduledThreadPoolExecutor.java:809)
        at java.util.concurrent.ThreadPoolExecutor.getTask(ThreadPoolExecutor.java:1074)
        at java.util.concurrent.ThreadPoolExecutor.runWorker(ThreadPoolExecutor.java:1134)
        at java.util.concurrent.ThreadPoolExecutor$Worker.run(ThreadPoolExecutor.java:624)
        at java.lang.Thread.run(Thread.java:750)
"4e2b4efa-bcb4-46de-b119-545b7decf2b1-NettyServerStreamRpc-bossGroup--thread1" daemon prio=5 tid=222 runnable
java.lang.Thread.State: RUNNABLE
        at sun.nio.ch.EPollArrayWrapper.epollWait(Native Method)
        at sun.nio.ch.EPollArrayWrapper.poll(EPollArrayWrapper.java:269)
        at sun.nio.ch.EPollSelectorImpl.doSelect(EPollSelectorImpl.java:93)
        at sun.nio.ch.SelectorImpl.lockAndDoSelect(SelectorImpl.java:86)
        at sun.nio.ch.SelectorImpl.select(SelectorImpl.java:97)
        at sun.nio.ch.SelectorImpl.select(SelectorImpl.java:101)
        at org.apache.ratis.thirdparty.io.netty.channel.nio.SelectedSelectionKeySetSelector.select(SelectedSelectionKeySetSelector.java:68)
        at org.apache.ratis.thirdparty.io.netty.channel.nio.NioEventLoop.select(NioEventLoop.java:879)
        at org.apache.ratis.thirdparty.io.netty.channel.nio.NioEventLoop.run(NioEventLoop.java:526)
        at org.apache.ratis.thirdparty.io.netty.util.concurrent.SingleThreadEventExecutor$4.run(SingleThreadEventExecutor.java:997)
        at org.apache.ratis.thirdparty.io.netty.util.internal.ThreadExecutorMap$2.run(ThreadExecutorMap.java:74)
        at java.lang.Thread.run(Thread.java:750)
"IPC Server handler 10 on default port 15002" daemon prio=5 tid=100 timed_waiting
java.lang.Thread.State: TIMED_WAITING
        at sun.misc.Unsafe.park(Native Method)
        at java.util.concurrent.locks.LockSupport.parkNanos(LockSupport.java:215)
        at java.util.concurrent.locks.AbstractQueuedSynchronizer$ConditionObject.awaitNanos(AbstractQueuedSynchronizer.java:2078)
        at java.util.concurrent.LinkedBlockingQueue.poll(LinkedBlockingQueue.java:467)
        at org.apache.hadoop.ipc.CallQueueManager.take(CallQueueManager.java:317)
        at org.apache.hadoop.ipc.Server$Handler.run(Server.java:2992)
"Hadoop-Metrics-Updater-0" daemon prio=5 tid=240 timed_waiting
java.lang.Thread.State: TIMED_WAITING
        at sun.misc.Unsafe.park(Native Method)
        at java.util.concurrent.locks.LockSupport.parkNanos(LockSupport.java:215)
        at java.util.concurrent.locks.AbstractQueuedSynchronizer$ConditionObject.awaitNanos(AbstractQueuedSynchronizer.java:2078)
        at java.util.concurrent.ScheduledThreadPoolExecutor$DelayedWorkQueue.take(ScheduledThreadPoolExecutor.java:1093)
        at java.util.concurrent.ScheduledThreadPoolExecutor$DelayedWorkQueue.take(ScheduledThreadPoolExecutor.java:809)
        at java.util.concurrent.ThreadPoolExecutor.getTask(ThreadPoolExecutor.java:1074)
        at java.util.concurrent.ThreadPoolExecutor.runWorker(ThreadPoolExecutor.java:1134)
        at java.util.concurrent.ThreadPoolExecutor$Worker.run(ThreadPoolExecutor.java:624)
        at java.lang.Thread.run(Thread.java:750)
"grpc-default-worker-ELG-3-2" daemon prio=5 tid=339 runnable
java.lang.Thread.State: RUNNABLE
        at org.apache.ratis.thirdparty.io.netty.channel.epoll.Native.epollWait0(Native Method)
        at org.apache.ratis.thirdparty.io.netty.channel.epoll.Native.epollWait(Native.java:182)
        at org.apache.ratis.thirdparty.io.netty.channel.epoll.EpollEventLoop.epollWait(EpollEventLoop.java:302)
        at org.apache.ratis.thirdparty.io.netty.channel.epoll.EpollEventLoop.run(EpollEventLoop.java:366)
        at org.apache.ratis.thirdparty.io.netty.util.concurrent.SingleThreadEventExecutor$4.run(SingleThreadEventExecutor.java:997)
        at org.apache.ratis.thirdparty.io.netty.util.internal.ThreadExecutorMap$2.run(ThreadExecutorMap.java:74)
        at org.apache.ratis.thirdparty.io.netty.util.concurrent.FastThreadLocalRunnable.run(FastThreadLocalRunnable.java:30)
        at java.lang.Thread.run(Thread.java:750)
"IPC Server idle connection scanner for port 15019" daemon prio=5 tid=238 timed_waiting
java.lang.Thread.State: TIMED_WAITING
        at java.lang.Object.wait(Native Method)
        at java.util.TimerThread.mainLoop(Timer.java:552)
        at java.util.TimerThread.run(Timer.java:505)
"IPC Server handler 13 on default port 15004" daemon prio=5 tid=176 timed_waiting
java.lang.Thread.State: TIMED_WAITING
        at sun.misc.Unsafe.park(Native Method)
        at java.util.concurrent.locks.LockSupport.parkNanos(LockSupport.java:215)
        at java.util.concurrent.locks.AbstractQueuedSynchronizer$ConditionObject.awaitNanos(AbstractQueuedSynchronizer.java:2078)
        at java.util.concurrent.LinkedBlockingQueue.poll(LinkedBlockingQueue.java:467)
        at org.apache.hadoop.ipc.CallQueueManager.take(CallQueueManager.java:317)
        at org.apache.hadoop.ipc.Server$Handler.run(Server.java:2992)
"Timer-0" daemon prio=5 tid=147 timed_waiting
java.lang.Thread.State: TIMED_WAITING
        at java.lang.Object.wait(Native Method)
        at java.util.TimerThread.mainLoop(Timer.java:552)
        at java.util.TimerThread.run(Timer.java:505)
"IPC Server idle connection scanner for port 15004" daemon prio=5 tid=138 timed_waiting
java.lang.Thread.State: TIMED_WAITING
        at java.lang.Object.wait(Native Method)
        at java.util.TimerThread.mainLoop(Timer.java:552)
        at java.util.TimerThread.run(Timer.java:505)
"ContainerOp-543cabb3-751c-4abf-99dc-429456829e89-4"  prio=5 tid=468 in Object.wait()
java.lang.Thread.State: WAITING (on object monitor)
        at sun.misc.Unsafe.park(Native Method)
        at java.util.concurrent.locks.LockSupport.park(LockSupport.java:175)
        at java.util.concurrent.locks.AbstractQueuedSynchronizer$ConditionObject.await(AbstractQueuedSynchronizer.java:2039)
        at java.util.concurrent.LinkedBlockingQueue.take(LinkedBlockingQueue.java:442)
        at java.util.concurrent.ThreadPoolExecutor.getTask(ThreadPoolExecutor.java:1074)
        at java.util.concurrent.ThreadPoolExecutor.runWorker(ThreadPoolExecutor.java:1134)
        at java.util.concurrent.ThreadPoolExecutor$Worker.run(ThreadPoolExecutor.java:624)
        at java.lang.Thread.run(Thread.java:750)
"IPC Server handler 8 on default port 15000" daemon prio=5 tid=58 timed_waiting
java.lang.Thread.State: TIMED_WAITING
        at sun.misc.Unsafe.park(Native Method)
        at java.util.concurrent.locks.LockSupport.parkNanos(LockSupport.java:215)
        at java.util.concurrent.locks.AbstractQueuedSynchronizer$ConditionObject.awaitNanos(AbstractQueuedSynchronizer.java:2078)
        at java.util.concurrent.LinkedBlockingQueue.poll(LinkedBlockingQueue.java:467)
        at org.apache.hadoop.ipc.CallQueueManager.take(CallQueueManager.java:317)
        at org.apache.hadoop.ipc.Server$Handler.run(Server.java:2992)
"FixedThreadPoolWithAffinityExecutor-7-0" daemon prio=5 tid=46 timed_waiting
java.lang.Thread.State: TIMED_WAITING
        at sun.misc.Unsafe.park(Native Method)
        at java.util.concurrent.locks.LockSupport.parkNanos(LockSupport.java:215)
        at java.util.concurrent.locks.AbstractQueuedSynchronizer$ConditionObject.awaitNanos(AbstractQueuedSynchronizer.java:2078)
        at java.util.concurrent.LinkedBlockingQueue.poll(LinkedBlockingQueue.java:467)
        at org.apache.hadoop.hdds.scm.server.ContainerReportQueue.poll(ContainerReportQueue.java:266)
        at org.apache.hadoop.hdds.scm.server.ContainerReportQueue.poll(ContainerReportQueue.java:42)
        at org.apache.hadoop.hdds.server.events.FixedThreadPoolWithAffinityExecutor$ContainerReportProcessTask.run(FixedThreadPoolWithAffinityExecutor.java:247)
        at java.util.concurrent.Executors$RunnableAdapter.call(Executors.java:511)
        at java.util.concurrent.FutureTask.run(FutureTask.java:266)
        at java.util.concurrent.ThreadPoolExecutor.runWorker(ThreadPoolExecutor.java:1149)
        at java.util.concurrent.ThreadPoolExecutor$Worker.run(ThreadPoolExecutor.java:624)
        at java.lang.Thread.run(Thread.java:750)
"EventQueue-NodeRegistrationContainerReportForDataNodeSafeModeRule" daemon prio=5 tid=322 in Object.wait()
java.lang.Thread.State: WAITING (on object monitor)
        at sun.misc.Unsafe.park(Native Method)
        at java.util.concurrent.locks.LockSupport.park(LockSupport.java:175)
        at java.util.concurrent.locks.AbstractQueuedSynchronizer$ConditionObject.await(AbstractQueuedSynchronizer.java:2039)
        at java.util.concurrent.LinkedBlockingQueue.take(LinkedBlockingQueue.java:442)
        at java.util.concurrent.ThreadPoolExecutor.getTask(ThreadPoolExecutor.java:1074)
        at java.util.concurrent.ThreadPoolExecutor.runWorker(ThreadPoolExecutor.java:1134)
        at java.util.concurrent.ThreadPoolExecutor$Worker.run(ThreadPoolExecutor.java:624)
        at java.lang.Thread.run(Thread.java:750)
"org.apache.hadoop.ozone.container.common.statemachine.commandhandler.DeleteBlocksCommandHandler$DeleteCmdWorker@242f9796" daemon prio=5 tid=257 timed_waiting
java.lang.Thread.State: TIMED_WAITING
        at java.lang.Thread.sleep(Native Method)
        at org.apache.hadoop.ozone.container.common.statemachine.commandhandler.DeleteBlocksCommandHandler$DeleteCmdWorker.run(DeleteBlocksCommandHandler.java:187)
        at java.lang.Thread.run(Thread.java:750)
"Datanode State Machine Daemon Thread" daemon prio=5 tid=242 timed_waiting
java.lang.Thread.State: TIMED_WAITING
        at java.lang.Thread.sleep(Native Method)
        at org.apache.hadoop.ozone.container.common.statemachine.DatanodeStateMachine.startStateMachineThread(DatanodeStateMachine.java:341)
        at org.apache.hadoop.ozone.container.common.statemachine.DatanodeStateMachine.lambda$startDaemon$0(DatanodeStateMachine.java:524)
        at org.apache.hadoop.ozone.container.common.statemachine.DatanodeStateMachine$$Lambda$823/416392343.run(Unknown Source)
        at java.lang.Thread.run(Thread.java:750)
"BlockDeletingService#0" daemon prio=5 tid=304 timed_waiting
java.lang.Thread.State: TIMED_WAITING
        at sun.misc.Unsafe.park(Native Method)
        at java.util.concurrent.locks.LockSupport.parkNanos(LockSupport.java:215)
        at java.util.concurrent.locks.AbstractQueuedSynchronizer$ConditionObject.awaitNanos(AbstractQueuedSynchronizer.java:2078)
        at java.util.concurrent.ScheduledThreadPoolExecutor$DelayedWorkQueue.take(ScheduledThreadPoolExecutor.java:1093)
        at java.util.concurrent.ScheduledThreadPoolExecutor$DelayedWorkQueue.take(ScheduledThreadPoolExecutor.java:809)
        at java.util.concurrent.ThreadPoolExecutor.getTask(ThreadPoolExecutor.java:1074)
        at java.util.concurrent.ThreadPoolExecutor.runWorker(ThreadPoolExecutor.java:1134)
        at java.util.concurrent.ThreadPoolExecutor$Worker.run(ThreadPoolExecutor.java:624)
        at java.lang.Thread.run(Thread.java:750)
"Command processor thread" daemon prio=5 tid=248 timed_waiting
java.lang.Thread.State: TIMED_WAITING
        at java.lang.Thread.sleep(Native Method)
        at org.apache.hadoop.ozone.container.common.statemachine.DatanodeStateMachine.lambda$initCommandHandlerThread$3(DatanodeStateMachine.java:651)
        at org.apache.hadoop.ozone.container.common.statemachine.DatanodeStateMachine$$Lambda$825/1047232888.run(Unknown Source)
        at java.lang.Thread.run(Thread.java:750)
"c077bb33-fcdc-4b26-85c1-b9d62aefbd7c-server-thread3" daemon prio=5 tid=423 timed_waiting
java.lang.Thread.State: TIMED_WAITING
        at sun.misc.Unsafe.park(Native Method)
        at java.util.concurrent.locks.LockSupport.parkNanos(LockSupport.java:215)
        at java.util.concurrent.SynchronousQueue$TransferStack.awaitFulfill(SynchronousQueue.java:460)
        at java.util.concurrent.SynchronousQueue$TransferStack.transfer(SynchronousQueue.java:362)
        at java.util.concurrent.SynchronousQueue.poll(SynchronousQueue.java:941)
        at java.util.concurrent.ThreadPoolExecutor.getTask(ThreadPoolExecutor.java:1073)
        at java.util.concurrent.ThreadPoolExecutor.runWorker(ThreadPoolExecutor.java:1134)
        at java.util.concurrent.ThreadPoolExecutor$Worker.run(ThreadPoolExecutor.java:624)
        at java.lang.Thread.run(Thread.java:750)
"IPC Server handler 5 on default port 15004" daemon prio=5 tid=168 timed_waiting
java.lang.Thread.State: TIMED_WAITING
        at sun.misc.Unsafe.park(Native Method)
        at java.util.concurrent.locks.LockSupport.parkNanos(LockSupport.java:215)
        at java.util.concurrent.locks.AbstractQueuedSynchronizer$ConditionObject.awaitNanos(AbstractQueuedSynchronizer.java:2078)
        at java.util.concurrent.LinkedBlockingQueue.poll(LinkedBlockingQueue.java:467)
        at org.apache.hadoop.ipc.CallQueueManager.take(CallQueueManager.java:317)
        at org.apache.hadoop.ipc.Server$Handler.run(Server.java:2992)
"JvmPauseMonitor1" daemon prio=5 tid=146 timed_waiting
java.lang.Thread.State: TIMED_WAITING
        at java.lang.Thread.sleep(Native Method)
        at java.lang.Thread.sleep(Thread.java:342)
        at java.util.concurrent.TimeUnit.sleep(TimeUnit.java:386)
        at org.apache.ratis.util.TimeDuration.sleep(TimeDuration.java:325)
        at org.apache.ratis.util.TimeDuration.sleep(TimeDuration.java:310)
        at org.apache.ratis.util.JvmPauseMonitor.detectPause(JvmPauseMonitor.java:117)
        at org.apache.ratis.util.JvmPauseMonitor.run(JvmPauseMonitor.java:106)
        at org.apache.ratis.util.JvmPauseMonitor$$Lambda$406/1406865509.run(Unknown Source)
        at java.lang.Thread.run(Thread.java:750)
"Command processor thread" daemon prio=5 tid=280 timed_waiting
java.lang.Thread.State: TIMED_WAITING
        at java.lang.Thread.sleep(Native Method)
        at org.apache.hadoop.ozone.container.common.statemachine.DatanodeStateMachine.lambda$initCommandHandlerThread$3(DatanodeStateMachine.java:651)
        at org.apache.hadoop.ozone.container.common.statemachine.DatanodeStateMachine$$Lambda$825/1047232888.run(Unknown Source)
        at java.lang.Thread.run(Thread.java:750)
"c077bb33-fcdc-4b26-85c1-b9d62aefbd7c@group-429456829E89-StateMachineUpdater" daemon prio=5 tid=333 timed_waiting
java.lang.Thread.State: TIMED_WAITING
        at sun.misc.Unsafe.park(Native Method)
        at java.util.concurrent.locks.LockSupport.parkNanos(LockSupport.java:215)
        at java.util.concurrent.locks.AbstractQueuedSynchronizer$ConditionObject.await(AbstractQueuedSynchronizer.java:2163)
        at org.apache.ratis.util.AwaitForSignal.await(AwaitForSignal.java:62)
        at org.apache.ratis.server.impl.StateMachineUpdater.waitForCommit(StateMachineUpdater.java:209)
        at org.apache.ratis.server.impl.StateMachineUpdater.run(StateMachineUpdater.java:178)
        at java.lang.Thread.run(Thread.java:750)
"fdffd6d6-5a7e-48c5-a2f3-4f163f884c78@group-FBE9E628C331-StateMachineUpdater" daemon prio=5 tid=366 timed_waiting
java.lang.Thread.State: TIMED_WAITING
        at sun.misc.Unsafe.park(Native Method)
        at java.util.concurrent.locks.LockSupport.parkNanos(LockSupport.java:215)
        at java.util.concurrent.locks.AbstractQueuedSynchronizer$ConditionObject.await(AbstractQueuedSynchronizer.java:2163)
        at org.apache.ratis.util.AwaitForSignal.await(AwaitForSignal.java:62)
        at org.apache.ratis.server.impl.StateMachineUpdater.waitForCommit(StateMachineUpdater.java:209)
        at org.apache.ratis.server.impl.StateMachineUpdater.run(StateMachineUpdater.java:178)
        at java.lang.Thread.run(Thread.java:750)
"ContainerOp-543cabb3-751c-4abf-99dc-429456829e89-0"  prio=5 tid=461 in Object.wait()
java.lang.Thread.State: WAITING (on object monitor)
        at sun.misc.Unsafe.park(Native Method)
        at java.util.concurrent.locks.LockSupport.park(LockSupport.java:175)
        at java.util.concurrent.locks.AbstractQueuedSynchronizer$ConditionObject.await(AbstractQueuedSynchronizer.java:2039)
        at java.util.concurrent.LinkedBlockingQueue.take(LinkedBlockingQueue.java:442)
        at java.util.concurrent.ThreadPoolExecutor.getTask(ThreadPoolExecutor.java:1074)
        at java.util.concurrent.ThreadPoolExecutor.runWorker(ThreadPoolExecutor.java:1134)
        at java.util.concurrent.ThreadPoolExecutor$Worker.run(ThreadPoolExecutor.java:624)
        at java.lang.Thread.run(Thread.java:750)
"Time-limited test" daemon prio=5 tid=14 runnable
java.lang.Thread.State: RUNNABLE
        at java.lang.Thread.dumpThreads(Native Method)
        at java.lang.Thread.getAllStackTraces(Thread.java:1615)
        at org.apache.ozone.test.TimedOutTestsListener.buildThreadDump(TimedOutTestsListener.java:93)
        at org.apache.ozone.test.TimedOutTestsListener.buildThreadDiagnosticString(TimedOutTestsListener.java:79)
        at org.apache.ozone.test.GenericTestUtils.waitFor(GenericTestUtils.java:231)
        at org.apache.hadoop.ozone.TestStorageContainerManager.testBlockDeletionTransactions(TestStorageContainerManager.java:323)
        at sun.reflect.NativeMethodAccessorImpl.invoke0(Native Method)
        at sun.reflect.NativeMethodAccessorImpl.invoke(NativeMethodAccessorImpl.java:62)
        at sun.reflect.DelegatingMethodAccessorImpl.invoke(DelegatingMethodAccessorImpl.java:43)
        at java.lang.reflect.Method.invoke(Method.java:498)
        at org.junit.runners.model.FrameworkMethod$1.runReflectiveCall(FrameworkMethod.java:59)
        at org.junit.internal.runners.model.ReflectiveCallable.run(ReflectiveCallable.java:12)
        at org.junit.runners.model.FrameworkMethod.invokeExplosively(FrameworkMethod.java:56)
        at org.junit.internal.runners.statements.InvokeMethod.evaluate(InvokeMethod.java:17)
        at org.junit.internal.runners.statements.RunAfters.evaluate(RunAfters.java:27)
        at org.junit.rules.ExpectedException$ExpectedExceptionStatement.evaluate(ExpectedException.java:258)
        at org.junit.internal.runners.statements.FailOnTimeout$CallableStatement.call(FailOnTimeout.java:288)
        at org.junit.internal.runners.statements.FailOnTimeout$CallableStatement.call(FailOnTimeout.java:282)
        at java.util.concurrent.FutureTask.run(FutureTask.java:266)
        at java.lang.Thread.run(Thread.java:750)
"Datanode ReportManager Thread - 0" daemon prio=5 tid=243 in Object.wait()
java.lang.Thread.State: WAITING (on object monitor)
        at sun.misc.Unsafe.park(Native Method)
        at java.util.concurrent.locks.LockSupport.park(LockSupport.java:175)
        at java.util.concurrent.locks.AbstractQueuedSynchronizer$ConditionObject.await(AbstractQueuedSynchronizer.java:2039)
        at java.util.concurrent.ScheduledThreadPoolExecutor$DelayedWorkQueue.take(ScheduledThreadPoolExecutor.java:1088)
        at java.util.concurrent.ScheduledThreadPoolExecutor$DelayedWorkQueue.take(ScheduledThreadPoolExecutor.java:809)
        at java.util.concurrent.ThreadPoolExecutor.getTask(ThreadPoolExecutor.java:1074)
        at java.util.concurrent.ThreadPoolExecutor.runWorker(ThreadPoolExecutor.java:1134)
        at java.util.concurrent.ThreadPoolExecutor$Worker.run(ThreadPoolExecutor.java:624)
        at java.lang.Thread.run(Thread.java:750)
"IPC Server handler 12 on default port 15004" daemon prio=5 tid=175 timed_waiting
java.lang.Thread.State: TIMED_WAITING
        at sun.misc.Unsafe.park(Native Method)
        at java.util.concurrent.locks.LockSupport.parkNanos(LockSupport.java:215)
        at java.util.concurrent.locks.AbstractQueuedSynchronizer$ConditionObject.awaitNanos(AbstractQueuedSynchronizer.java:2078)
        at java.util.concurrent.LinkedBlockingQueue.poll(LinkedBlockingQueue.java:467)
        at org.apache.hadoop.ipc.CallQueueManager.take(CallQueueManager.java:317)
        at org.apache.hadoop.ipc.Server$Handler.run(Server.java:2992)
"Under Replicated Processor" daemon prio=5 tid=20 timed_waiting
java.lang.Thread.State: TIMED_WAITING
        at java.lang.Object.wait(Native Method)
        at org.apache.hadoop.hdds.scm.container.replication.UnhealthyReplicationProcessor.run(UnhealthyReplicationProcessor.java:161)
        at java.lang.Thread.run(Thread.java:750)
"IPC Server handler 10 on default port 15001" daemon prio=5 tid=80 timed_waiting
java.lang.Thread.State: TIMED_WAITING
        at sun.misc.Unsafe.park(Native Method)
        at java.util.concurrent.locks.LockSupport.parkNanos(LockSupport.java:215)
        at java.util.concurrent.locks.AbstractQueuedSynchronizer$ConditionObject.awaitNanos(AbstractQueuedSynchronizer.java:2078)
        at java.util.concurrent.LinkedBlockingQueue.poll(LinkedBlockingQueue.java:467)
        at org.apache.hadoop.ipc.CallQueueManager.take(CallQueueManager.java:317)
        at org.apache.hadoop.ipc.Server$Handler.run(Server.java:2992)
"grpc-default-executor-0" daemon prio=5 tid=338 timed_waiting
java.lang.Thread.State: TIMED_WAITING
        at sun.misc.Unsafe.park(Native Method)
        at java.util.concurrent.locks.LockSupport.parkNanos(LockSupport.java:215)
        at java.util.concurrent.SynchronousQueue$TransferStack.awaitFulfill(SynchronousQueue.java:460)
        at java.util.concurrent.SynchronousQueue$TransferStack.transfer(SynchronousQueue.java:362)
        at java.util.concurrent.SynchronousQueue.poll(SynchronousQueue.java:941)
        at java.util.concurrent.ThreadPoolExecutor.getTask(ThreadPoolExecutor.java:1073)
        at java.util.concurrent.ThreadPoolExecutor.runWorker(ThreadPoolExecutor.java:1134)
        at java.util.concurrent.ThreadPoolExecutor$Worker.run(ThreadPoolExecutor.java:624)
        at java.lang.Thread.run(Thread.java:750)
"qtp1825080326-119" daemon prio=5 tid=119 timed_waiting
java.lang.Thread.State: TIMED_WAITING
        at sun.misc.Unsafe.park(Native Method)
        at java.util.concurrent.locks.LockSupport.parkNanos(LockSupport.java:215)
        at java.util.concurrent.locks.AbstractQueuedSynchronizer$ConditionObject.awaitNanos(AbstractQueuedSynchronizer.java:2078)
        at org.eclipse.jetty.util.BlockingArrayQueue.poll(BlockingArrayQueue.java:382)
        at org.eclipse.jetty.util.thread.QueuedThreadPool$Runner.idleJobPoll(QueuedThreadPool.java:974)
        at org.eclipse.jetty.util.thread.QueuedThreadPool$Runner.run(QueuedThreadPool.java:1018)
        at java.lang.Thread.run(Thread.java:750)
"fdffd6d6-5a7e-48c5-a2f3-4f163f884c78@group-FBE9E628C331-SegmentedRaftLogWorker" daemon prio=5 tid=363 timed_waiting
java.lang.Thread.State: TIMED_WAITING
        at sun.misc.Unsafe.park(Native Method)
        at java.util.concurrent.locks.LockSupport.parkNanos(LockSupport.java:215)
        at java.util.concurrent.locks.AbstractQueuedSynchronizer$ConditionObject.awaitNanos(AbstractQueuedSynchronizer.java:2078)
        at org.apache.ratis.util.DataBlockingQueue.poll(DataBlockingQueue.java:148)
        at org.apache.ratis.server.raftlog.segmented.SegmentedRaftLogWorker.run(SegmentedRaftLogWorker.java:307)
        at org.apache.ratis.server.raftlog.segmented.SegmentedRaftLogWorker$$Lambda$727/1896328878.run(Unknown Source)
        at java.util.concurrent.Executors$RunnableAdapter.call(Executors.java:511)
        at java.util.concurrent.FutureTask.run(FutureTask.java:266)
        at java.util.concurrent.ThreadPoolExecutor.runWorker(ThreadPoolExecutor.java:1149)
        at java.util.concurrent.ThreadPoolExecutor$Worker.run(ThreadPoolExecutor.java:624)
        at java.lang.Thread.run(Thread.java:750)
"c077bb33-fcdc-4b26-85c1-b9d62aefbd7c@group-FBE9E628C331-FollowerState" daemon prio=5 tid=430 timed_waiting
java.lang.Thread.State: TIMED_WAITING
        at java.lang.Thread.sleep(Native Method)
        at java.lang.Thread.sleep(Thread.java:342)
        at java.util.concurrent.TimeUnit.sleep(TimeUnit.java:386)
        at org.apache.ratis.util.TimeDuration.sleep(TimeDuration.java:325)
        at org.apache.ratis.util.TimeDuration.sleep(TimeDuration.java:310)
        at org.apache.ratis.server.impl.FollowerState.run(FollowerState.java:128)
"grpc-default-boss-ELG-1-1" daemon prio=5 tid=145 runnable
java.lang.Thread.State: RUNNABLE
        at org.apache.ratis.thirdparty.io.netty.channel.epoll.Native.epollWait(Native Method)
        at org.apache.ratis.thirdparty.io.netty.channel.epoll.Native.epollWait(Native.java:209)
        at org.apache.ratis.thirdparty.io.netty.channel.epoll.Native.epollWait(Native.java:202)
        at org.apache.ratis.thirdparty.io.netty.channel.epoll.EpollEventLoop.epollWaitNoTimerChange(EpollEventLoop.java:306)
        at org.apache.ratis.thirdparty.io.netty.channel.epoll.EpollEventLoop.run(EpollEventLoop.java:363)
        at org.apache.ratis.thirdparty.io.netty.util.concurrent.SingleThreadEventExecutor$4.run(SingleThreadEventExecutor.java:997)
        at org.apache.ratis.thirdparty.io.netty.util.internal.ThreadExecutorMap$2.run(ThreadExecutorMap.java:74)
        at org.apache.ratis.thirdparty.io.netty.util.concurrent.FastThreadLocalRunnable.run(FastThreadLocalRunnable.java:30)
        at java.lang.Thread.run(Thread.java:750)
"ChunkWriter-2-0" daemon prio=5 tid=300 in Object.wait()
java.lang.Thread.State: WAITING (on object monitor)
        at sun.misc.Unsafe.park(Native Method)
        at java.util.concurrent.locks.LockSupport.park(LockSupport.java:175)
        at java.util.concurrent.locks.AbstractQueuedSynchronizer$ConditionObject.await(AbstractQueuedSynchronizer.java:2039)
        at java.util.concurrent.LinkedBlockingDeque.takeFirst(LinkedBlockingDeque.java:492)
        at java.util.concurrent.LinkedBlockingDeque.take(LinkedBlockingDeque.java:680)
        at java.util.concurrent.ThreadPoolExecutor.getTask(ThreadPoolExecutor.java:1074)
        at java.util.concurrent.ThreadPoolExecutor.runWorker(ThreadPoolExecutor.java:1134)
        at java.util.concurrent.ThreadPoolExecutor$Worker.run(ThreadPoolExecutor.java:624)
        at java.lang.Thread.run(Thread.java:750)
"grpc-default-executor-4" daemon prio=5 tid=435 timed_waiting
java.lang.Thread.State: TIMED_WAITING
        at sun.misc.Unsafe.park(Native Method)
        at java.util.concurrent.locks.LockSupport.parkNanos(LockSupport.java:215)
        at java.util.concurrent.SynchronousQueue$TransferStack.awaitFulfill(SynchronousQueue.java:460)
        at java.util.concurrent.SynchronousQueue$TransferStack.transfer(SynchronousQueue.java:362)
        at java.util.concurrent.SynchronousQueue.poll(SynchronousQueue.java:941)
        at java.util.concurrent.ThreadPoolExecutor.getTask(ThreadPoolExecutor.java:1073)
        at java.util.concurrent.ThreadPoolExecutor.runWorker(ThreadPoolExecutor.java:1134)
        at java.util.concurrent.ThreadPoolExecutor$Worker.run(ThreadPoolExecutor.java:624)
        at java.lang.Thread.run(Thread.java:750)
"ChunkWriter-0-0" daemon prio=5 tid=286 in Object.wait()
java.lang.Thread.State: WAITING (on object monitor)
        at sun.misc.Unsafe.park(Native Method)
        at java.util.concurrent.locks.LockSupport.park(LockSupport.java:175)
        at java.util.concurrent.locks.AbstractQueuedSynchronizer$ConditionObject.await(AbstractQueuedSynchronizer.java:2039)
        at java.util.concurrent.LinkedBlockingDeque.takeFirst(LinkedBlockingDeque.java:492)
        at java.util.concurrent.LinkedBlockingDeque.take(LinkedBlockingDeque.java:680)
        at java.util.concurrent.ThreadPoolExecutor.getTask(ThreadPoolExecutor.java:1074)
        at java.util.concurrent.ThreadPoolExecutor.runWorker(ThreadPoolExecutor.java:1134)
        at java.util.concurrent.ThreadPoolExecutor$Worker.run(ThreadPoolExecutor.java:624)
        at java.lang.Thread.run(Thread.java:750)
"c077bb33-fcdc-4b26-85c1-b9d62aefbd7c-server-thread2" daemon prio=5 tid=444 timed_waiting
java.lang.Thread.State: TIMED_WAITING
        at sun.misc.Unsafe.park(Native Method)
        at java.util.concurrent.locks.LockSupport.parkNanos(LockSupport.java:215)
        at java.util.concurrent.SynchronousQueue$TransferStack.awaitFulfill(SynchronousQueue.java:460)
        at java.util.concurrent.SynchronousQueue$TransferStack.transfer(SynchronousQueue.java:362)
        at java.util.concurrent.SynchronousQueue.poll(SynchronousQueue.java:941)
        at java.util.concurrent.ThreadPoolExecutor.getTask(ThreadPoolExecutor.java:1073)
        at java.util.concurrent.ThreadPoolExecutor.runWorker(ThreadPoolExecutor.java:1134)
        at java.util.concurrent.ThreadPoolExecutor$Worker.run(ThreadPoolExecutor.java:624)
        at java.lang.Thread.run(Thread.java:750)
"IPC Server handler 5 on default port 15001" daemon prio=5 tid=75 timed_waiting
java.lang.Thread.State: TIMED_WAITING
        at sun.misc.Unsafe.park(Native Method)
        at java.util.concurrent.locks.LockSupport.parkNanos(LockSupport.java:215)
        at java.util.concurrent.locks.AbstractQueuedSynchronizer$ConditionObject.awaitNanos(AbstractQueuedSynchronizer.java:2078)
        at java.util.concurrent.LinkedBlockingQueue.poll(LinkedBlockingQueue.java:467)
        at org.apache.hadoop.ipc.CallQueueManager.take(CallQueueManager.java:317)
        at org.apache.hadoop.ipc.Server$Handler.run(Server.java:2992)
"IPC Server handler 0 on default port 15001" daemon prio=5 tid=70 timed_waiting
java.lang.Thread.State: TIMED_WAITING
        at sun.misc.Unsafe.park(Native Method)
        at java.util.concurrent.locks.LockSupport.parkNanos(LockSupport.java:215)
        at java.util.concurrent.locks.AbstractQueuedSynchronizer$ConditionObject.awaitNanos(AbstractQueuedSynchronizer.java:2078)
        at java.util.concurrent.LinkedBlockingQueue.poll(LinkedBlockingQueue.java:467)
        at org.apache.hadoop.ipc.CallQueueManager.take(CallQueueManager.java:317)
        at org.apache.hadoop.ipc.Server$Handler.run(Server.java:2992)
"ChunkWriter-2-0" daemon prio=5 tid=312 in Object.wait()
java.lang.Thread.State: WAITING (on object monitor)
        at sun.misc.Unsafe.park(Native Method)
        at java.util.concurrent.locks.LockSupport.park(LockSupport.java:175)
        at java.util.concurrent.locks.AbstractQueuedSynchronizer$ConditionObject.await(AbstractQueuedSynchronizer.java:2039)
        at java.util.concurrent.LinkedBlockingDeque.takeFirst(LinkedBlockingDeque.java:492)
        at java.util.concurrent.LinkedBlockingDeque.take(LinkedBlockingDeque.java:680)
        at java.util.concurrent.ThreadPoolExecutor.getTask(ThreadPoolExecutor.java:1074)
        at java.util.concurrent.ThreadPoolExecutor.runWorker(ThreadPoolExecutor.java:1134)
        at java.util.concurrent.ThreadPoolExecutor$Worker.run(ThreadPoolExecutor.java:624)
        at java.lang.Thread.run(Thread.java:750)
"IPC Server handler 17 on default port 15000" daemon prio=5 tid=67 timed_waiting
java.lang.Thread.State: TIMED_WAITING
        at sun.misc.Unsafe.park(Native Method)
        at java.util.concurrent.locks.LockSupport.parkNanos(LockSupport.java:215)
        at java.util.concurrent.locks.AbstractQueuedSynchronizer$ConditionObject.awaitNanos(AbstractQueuedSynchronizer.java:2078)
        at java.util.concurrent.LinkedBlockingQueue.poll(LinkedBlockingQueue.java:467)
        at org.apache.hadoop.ipc.CallQueueManager.take(CallQueueManager.java:317)
        at org.apache.hadoop.ipc.Server$Handler.run(Server.java:2992)
"qtp1825080326-121" daemon prio=5 tid=121 timed_waiting
java.lang.Thread.State: TIMED_WAITING
        at sun.misc.Unsafe.park(Native Method)
        at java.util.concurrent.locks.LockSupport.parkNanos(LockSupport.java:215)
        at java.util.concurrent.locks.AbstractQueuedSynchronizer$ConditionObject.awaitNanos(AbstractQueuedSynchronizer.java:2078)
        at org.eclipse.jetty.util.BlockingArrayQueue.poll(BlockingArrayQueue.java:382)
        at org.eclipse.jetty.util.thread.QueuedThreadPool$Runner.idleJobPoll(QueuedThreadPool.java:974)
        at org.eclipse.jetty.util.thread.QueuedThreadPool$Runner.run(QueuedThreadPool.java:1018)
        at java.lang.Thread.run(Thread.java:750)
"4e2b4efa-bcb4-46de-b119-545b7decf2b1-client-thread1" daemon prio=5 tid=474 timed_waiting
java.lang.Thread.State: TIMED_WAITING
        at sun.misc.Unsafe.park(Native Method)
        at java.util.concurrent.locks.LockSupport.parkNanos(LockSupport.java:215)
        at java.util.concurrent.SynchronousQueue$TransferStack.awaitFulfill(SynchronousQueue.java:460)
        at java.util.concurrent.SynchronousQueue$TransferStack.transfer(SynchronousQueue.java:362)
        at java.util.concurrent.SynchronousQueue.poll(SynchronousQueue.java:941)
        at java.util.concurrent.ThreadPoolExecutor.getTask(ThreadPoolExecutor.java:1073)
        at java.util.concurrent.ThreadPoolExecutor.runWorker(ThreadPoolExecutor.java:1134)
        at java.util.concurrent.ThreadPoolExecutor$Worker.run(ThreadPoolExecutor.java:624)
        at java.lang.Thread.run(Thread.java:750)
"StaleRecoveringContainerScrubbingService#0" daemon prio=5 tid=305 timed_waiting
java.lang.Thread.State: TIMED_WAITING
        at sun.misc.Unsafe.park(Native Method)
        at java.util.concurrent.locks.LockSupport.parkNanos(LockSupport.java:215)
        at java.util.concurrent.locks.AbstractQueuedSynchronizer$ConditionObject.awaitNanos(AbstractQueuedSynchronizer.java:2078)
        at java.util.concurrent.ScheduledThreadPoolExecutor$DelayedWorkQueue.take(ScheduledThreadPoolExecutor.java:1093)
        at java.util.concurrent.ScheduledThreadPoolExecutor$DelayedWorkQueue.take(ScheduledThreadPoolExecutor.java:809)
        at java.util.concurrent.ThreadPoolExecutor.getTask(ThreadPoolExecutor.java:1074)
        at java.util.concurrent.ThreadPoolExecutor.runWorker(ThreadPoolExecutor.java:1134)
        at java.util.concurrent.ThreadPoolExecutor$Worker.run(ThreadPoolExecutor.java:624)
        at java.lang.Thread.run(Thread.java:750)
"IPC Server handler 0 on default port 15004" daemon prio=5 tid=163 timed_waiting
java.lang.Thread.State: TIMED_WAITING
        at sun.misc.Unsafe.park(Native Method)
        at java.util.concurrent.locks.LockSupport.parkNanos(LockSupport.java:215)
        at java.util.concurrent.locks.AbstractQueuedSynchronizer$ConditionObject.awaitNanos(AbstractQueuedSynchronizer.java:2078)
        at java.util.concurrent.LinkedBlockingQueue.poll(LinkedBlockingQueue.java:467)
        at org.apache.hadoop.ipc.CallQueueManager.take(CallQueueManager.java:317)
        at org.apache.hadoop.ipc.Server$Handler.run(Server.java:2992)
"Datanode ReportManager Thread - 1" daemon prio=5 tid=244 timed_waiting
java.lang.Thread.State: TIMED_WAITING
        at sun.misc.Unsafe.park(Native Method)
        at java.util.concurrent.locks.LockSupport.parkNanos(LockSupport.java:215)
        at java.util.concurrent.locks.AbstractQueuedSynchronizer$ConditionObject.awaitNanos(AbstractQueuedSynchronizer.java:2078)
        at java.util.concurrent.ScheduledThreadPoolExecutor$DelayedWorkQueue.take(ScheduledThreadPoolExecutor.java:1093)
        at java.util.concurrent.ScheduledThreadPoolExecutor$DelayedWorkQueue.take(ScheduledThreadPoolExecutor.java:809)
        at java.util.concurrent.ThreadPoolExecutor.getTask(ThreadPoolExecutor.java:1074)
        at java.util.concurrent.ThreadPoolExecutor.runWorker(ThreadPoolExecutor.java:1134)
        at java.util.concurrent.ThreadPoolExecutor$Worker.run(ThreadPoolExecutor.java:624)
        at java.lang.Thread.run(Thread.java:750)
"ChunkReader-ELG-0" daemon prio=5 tid=315 runnable
java.lang.Thread.State: RUNNABLE
        at org.apache.ratis.thirdparty.io.netty.channel.epoll.Native.epollWait(Native Method)
        at org.apache.ratis.thirdparty.io.netty.channel.epoll.Native.epollWait(Native.java:209)
        at org.apache.ratis.thirdparty.io.netty.channel.epoll.Native.epollWait(Native.java:202)
        at org.apache.ratis.thirdparty.io.netty.channel.epoll.EpollEventLoop.epollWaitNoTimerChange(EpollEventLoop.java:306)
        at org.apache.ratis.thirdparty.io.netty.channel.epoll.EpollEventLoop.run(EpollEventLoop.java:363)
        at org.apache.ratis.thirdparty.io.netty.util.concurrent.SingleThreadEventExecutor$4.run(SingleThreadEventExecutor.java:997)
        at org.apache.ratis.thirdparty.io.netty.util.internal.ThreadExecutorMap$2.run(ThreadExecutorMap.java:74)
        at java.lang.Thread.run(Thread.java:750)
"Datanode ReportManager Thread - 0" daemon prio=5 tid=275 in Object.wait()
java.lang.Thread.State: WAITING (on object monitor)
        at sun.misc.Unsafe.park(Native Method)
        at java.util.concurrent.locks.LockSupport.park(LockSupport.java:175)
        at java.util.concurrent.locks.AbstractQueuedSynchronizer$ConditionObject.await(AbstractQueuedSynchronizer.java:2039)
        at java.util.concurrent.ScheduledThreadPoolExecutor$DelayedWorkQueue.take(ScheduledThreadPoolExecutor.java:1088)
        at java.util.concurrent.ScheduledThreadPoolExecutor$DelayedWorkQueue.take(ScheduledThreadPoolExecutor.java:809)
        at java.util.concurrent.ThreadPoolExecutor.getTask(ThreadPoolExecutor.java:1074)
        at java.util.concurrent.ThreadPoolExecutor.runWorker(ThreadPoolExecutor.java:1134)
        at java.util.concurrent.ThreadPoolExecutor$Worker.run(ThreadPoolExecutor.java:624)
        at java.lang.Thread.run(Thread.java:750)
"qtp636208486-195" daemon prio=5 tid=195 timed_waiting
java.lang.Thread.State: TIMED_WAITING
        at sun.misc.Unsafe.park(Native Method)
        at java.util.concurrent.locks.LockSupport.parkNanos(LockSupport.java:215)
        at java.util.concurrent.locks.AbstractQueuedSynchronizer$ConditionObject.awaitNanos(AbstractQueuedSynchronizer.java:2078)
        at org.eclipse.jetty.util.BlockingArrayQueue.poll(BlockingArrayQueue.java:382)
        at org.eclipse.jetty.util.thread.QueuedThreadPool$Runner.idleJobPoll(QueuedThreadPool.java:974)
        at org.eclipse.jetty.util.thread.QueuedThreadPool$Runner.run(QueuedThreadPool.java:1018)
        at java.lang.Thread.run(Thread.java:750)
"Datanode ReportManager Thread - 2" daemon prio=5 tid=211 in Object.wait()
java.lang.Thread.State: WAITING (on object monitor)
        at sun.misc.Unsafe.park(Native Method)
        at java.util.concurrent.locks.LockSupport.park(LockSupport.java:175)
        at java.util.concurrent.locks.AbstractQueuedSynchronizer$ConditionObject.await(AbstractQueuedSynchronizer.java:2039)
        at java.util.concurrent.ScheduledThreadPoolExecutor$DelayedWorkQueue.take(ScheduledThreadPoolExecutor.java:1088)
        at java.util.concurrent.ScheduledThreadPoolExecutor$DelayedWorkQueue.take(ScheduledThreadPoolExecutor.java:809)
        at java.util.concurrent.ThreadPoolExecutor.getTask(ThreadPoolExecutor.java:1074)
        at java.util.concurrent.ThreadPoolExecutor.runWorker(ThreadPoolExecutor.java:1134)
        at java.util.concurrent.ThreadPoolExecutor$Worker.run(ThreadPoolExecutor.java:624)
        at java.lang.Thread.run(Thread.java:750)
"qtp564305890-160" daemon prio=5 tid=160 timed_waiting
java.lang.Thread.State: TIMED_WAITING
        at sun.misc.Unsafe.park(Native Method)
        at java.util.concurrent.locks.LockSupport.parkNanos(LockSupport.java:215)
        at java.util.concurrent.locks.AbstractQueuedSynchronizer$ConditionObject.awaitNanos(AbstractQueuedSynchronizer.java:2078)
        at org.eclipse.jetty.util.BlockingArrayQueue.poll(BlockingArrayQueue.java:382)
        at org.eclipse.jetty.util.thread.QueuedThreadPool$Runner.idleJobPoll(QueuedThreadPool.java:974)
        at org.eclipse.jetty.util.thread.QueuedThreadPool$Runner.run(QueuedThreadPool.java:1018)
        at java.lang.Thread.run(Thread.java:750)
"IPC Server handler 17 on default port 15002" daemon prio=5 tid=107 timed_waiting
java.lang.Thread.State: TIMED_WAITING
        at sun.misc.Unsafe.park(Native Method)
        at java.util.concurrent.locks.LockSupport.parkNanos(LockSupport.java:215)
        at java.util.concurrent.locks.AbstractQueuedSynchronizer$ConditionObject.awaitNanos(AbstractQueuedSynchronizer.java:2078)
        at java.util.concurrent.LinkedBlockingQueue.poll(LinkedBlockingQueue.java:467)
        at org.apache.hadoop.ipc.CallQueueManager.take(CallQueueManager.java:317)
        at org.apache.hadoop.ipc.Server$Handler.run(Server.java:2992)
"org.apache.hadoop.ozone.container.common.statemachine.commandhandler.DeleteBlocksCommandHandler$DeleteCmdWorker@673b840e" daemon prio=5 tid=224 timed_waiting
java.lang.Thread.State: TIMED_WAITING
        at java.lang.Thread.sleep(Native Method)
        at org.apache.hadoop.ozone.container.common.statemachine.commandhandler.DeleteBlocksCommandHandler$DeleteCmdWorker.run(DeleteBlocksCommandHandler.java:187)
        at java.lang.Thread.run(Thread.java:750)
"Datanode State Machine Task Thread - 0"  prio=5 tid=249 in Object.wait()
java.lang.Thread.State: WAITING (on object monitor)
        at sun.misc.Unsafe.park(Native Method)
        at java.util.concurrent.locks.LockSupport.park(LockSupport.java:175)
        at java.util.concurrent.locks.AbstractQueuedSynchronizer$ConditionObject.await(AbstractQueuedSynchronizer.java:2039)
        at java.util.concurrent.LinkedBlockingQueue.take(LinkedBlockingQueue.java:442)
        at java.util.concurrent.ThreadPoolExecutor.getTask(ThreadPoolExecutor.java:1074)
        at java.util.concurrent.ThreadPoolExecutor.runWorker(ThreadPoolExecutor.java:1134)
        at java.util.concurrent.ThreadPoolExecutor$Worker.run(ThreadPoolExecutor.java:624)
        at java.lang.Thread.run(Thread.java:750)


	at org.apache.ozone.test.GenericTestUtils.waitFor(GenericTestUtils.java:231)
	at org.apache.hadoop.ozone.TestStorageContainerManager.testBlockDeletionTransactions(TestStorageContainerManager.java:323)
	at sun.reflect.NativeMethodAccessorImpl.invoke0(Native Method)
	at sun.reflect.NativeMethodAccessorImpl.invoke(NativeMethodAccessorImpl.java:62)
	at sun.reflect.DelegatingMethodAccessorImpl.invoke(DelegatingMethodAccessorImpl.java:43)
	at java.lang.reflect.Method.invoke(Method.java:498)
	at org.junit.runners.model.FrameworkMethod$1.runReflectiveCall(FrameworkMethod.java:59)
	at org.junit.internal.runners.model.ReflectiveCallable.run(ReflectiveCallable.java:12)
	at org.junit.runners.model.FrameworkMethod.invokeExplosively(FrameworkMethod.java:56)
	at org.junit.internal.runners.statements.InvokeMethod.evaluate(InvokeMethod.java:17)
	at org.junit.internal.runners.statements.RunAfters.evaluate(RunAfters.java:27)
	at org.junit.rules.ExpectedException$ExpectedExceptionStatement.evaluate(ExpectedException.java:258)
	at org.junit.internal.runners.statements.FailOnTimeout$CallableStatement.call(FailOnTimeout.java:288)
	at org.junit.internal.runners.statements.FailOnTimeout$CallableStatement.call(FailOnTimeout.java:282)
	at java.util.concurrent.FutureTask.run(FutureTask.java:266)
	at java.lang.Thread.run(Thread.java:750)
]]></error>
    <system-out><![CDATA[2023-06-06 14:26:32,302 [Time-limited test] WARN  server.ServerUtils (ServerUtils.java:getScmDbDir(155)) - ozone.scm.db.dirs is not configured. We recommend adding this setting. Falling back to ozone.metadata.dirs instead.
2023-06-06 14:26:32,456 [Time-limited test] INFO  reflections.Reflections (Reflections.java:scan(232)) - Reflections took 122 ms to scan 7 urls, producing 158 keys and 368 values 
2023-06-06 14:26:32,615 [Time-limited test] WARN  server.ServerUtils (ServerUtils.java:getScmDbDir(155)) - ozone.scm.db.dirs is not configured. We recommend adding this setting. Falling back to ozone.metadata.dirs instead.
2023-06-06 14:26:32,619 [Time-limited test] INFO  ha.SCMHANodeDetails (SCMHANodeDetails.java:loadSCMHAConfig(209)) - ServiceID for StorageContainerManager is null
2023-06-06 14:26:32,624 [Time-limited test] WARN  ha.SCMHANodeDetails (SCMHANodeDetails.java:validateSCMHAConfig(182)) - Invalid config ozone.scm.ratis.enable. The config was not specified, but the default value true conflicts with the expected config value false. Falling back to the expected value. Current State of SCM: SCM is running in Non-HA without Ratis Ratis SCM -> Non Ratis SCM or Non HA SCM -> HA SCM is not supported
2023-06-06 14:26:32,624 [Time-limited test] INFO  ha.SCMHANodeDetails (SCMHANodeDetails.java:loadSCMHAConfig(214)) - ozone.scm.default.service.id is not defined, falling back to ozone.scm.service.ids to find serviceID for StorageContainerManager if it is HA enabled cluster
2023-06-06 14:26:33,274 [Time-limited test] WARN  utils.HAUtils (HAUtils.java:getMetaDir(352)) - ozone.scm.db.dirs is not configured. We recommend adding this setting. Falling back to ozone.metadata.dirs instead.
2023-06-06 14:26:33,416 [Time-limited test] WARN  db.DBStoreBuilder (DBStoreBuilder.java:applyDBDefinition(165)) - ozone.scm.db.dirs is not configured. We recommend adding this setting. Falling back to ozone.metadata.dirs instead.
2023-06-06 14:26:33,619 [Time-limited test] INFO  net.NodeSchemaLoader (NodeSchemaLoader.java:loadSchemaFromFile(129)) - Loading schema from [jar:file:/home/runner/.m2/repository/org/apache/ozone/hdds-common/1.4.0-SNAPSHOT/hdds-common-1.4.0-SNAPSHOT.jar!/network-topology-default.xml]
2023-06-06 14:26:33,620 [Time-limited test] INFO  net.NodeSchemaLoader (NodeSchemaLoader.java:loadSchema(176)) - Loading network topology layer schema file
2023-06-06 14:26:33,667 [Time-limited test] INFO  metrics.MetricRegistries (MetricRegistriesLoader.java:load(64)) - Loaded MetricRegistries class org.apache.ratis.metrics.impl.MetricRegistriesImpl
2023-06-06 14:26:33,681 [Time-limited test] INFO  upgrade.AbstractLayoutVersionManager (AbstractLayoutVersionManager.java:init(83)) - Initializing Layout version manager with metadata layout = HADOOP_PRC_PORTS_IN_DATANODEDETAILS (version = 7), software layout = HADOOP_PRC_PORTS_IN_DATANODEDETAILS (version = 7)
2023-06-06 14:26:33,894 [Time-limited test] INFO  ha.SequenceIdGenerator (SequenceIdGenerator.java:upgradeToSequenceId(349)) - upgrade localId to 111677748019200000
2023-06-06 14:26:33,895 [Time-limited test] INFO  ha.SequenceIdGenerator (SequenceIdGenerator.java:upgradeToSequenceId(359)) - upgrade delTxnId to 0
2023-06-06 14:26:33,899 [Time-limited test] INFO  ha.SequenceIdGenerator (SequenceIdGenerator.java:upgradeToSequenceId(376)) - upgrade containerId to 0
2023-06-06 14:26:33,901 [Time-limited test] INFO  ha.SequenceIdGenerator (SequenceIdGenerator.java:<init>(220)) - Init the HA SequenceIdGenerator.
2023-06-06 14:26:33,935 [Time-limited test] WARN  server.ServerUtils (ServerUtils.java:sanitizeUserArgs(80)) - ozone.scm.stale.node.interval value = 300000 is larger than max = 100000 based on the key value of ozone.scm.heartbeat.thread.interval, reset to the max value 100000.
2023-06-06 14:26:33,936 [Time-limited test] WARN  server.ServerUtils (ServerUtils.java:sanitizeUserArgs(80)) - ozone.scm.stale.node.interval value = 300000 is larger than max = 100000 based on the key value of ozone.scm.heartbeat.thread.interval, reset to the max value 100000.
2023-06-06 14:26:33,941 [Time-limited test] INFO  node.SCMNodeManager (SCMNodeManager.java:<init>(159)) - Entering startup safe mode.
2023-06-06 14:26:33,958 [Time-limited test] INFO  algorithms.ContainerPlacementPolicyFactory (ContainerPlacementPolicyFactory.java:getPolicyInternal(86)) - Create container placement policy of type org.apache.hadoop.hdds.scm.container.placement.algorithms.SCMContainerPlacementRackAware
2023-06-06 14:26:33,961 [Time-limited test] INFO  algorithms.ContainerPlacementPolicyFactory (ContainerPlacementPolicyFactory.java:getPolicyInternal(86)) - Create container placement policy of type org.apache.hadoop.hdds.scm.container.placement.algorithms.SCMContainerPlacementRackScatter
2023-06-06 14:26:33,971 [Time-limited test] INFO  pipeline.PipelineStateManagerImpl (PipelineStateManagerImpl.java:initialize(78)) - No pipeline exists in current db
2023-06-06 14:26:33,984 [Time-limited test] INFO  algorithms.LeaderChoosePolicyFactory (LeaderChoosePolicyFactory.java:getPolicy(57)) - Create leader choose policy of type org.apache.hadoop.hdds.scm.pipeline.leader.choose.algorithms.MinLeaderCountChoosePolicy
2023-06-06 14:26:33,984 [Time-limited test] INFO  algorithms.ContainerPlacementPolicyFactory (ContainerPlacementPolicyFactory.java:getPolicyInternal(86)) - Create container placement policy of type org.apache.hadoop.hdds.scm.container.placement.algorithms.SCMContainerPlacementRackScatter
2023-06-06 14:26:33,991 [Time-limited test] INFO  ha.SCMServiceManager (SCMServiceManager.java:register(42)) - Registering service BackgroundPipelineCreator.
2023-06-06 14:26:33,991 [Time-limited test] INFO  pipeline.BackgroundPipelineCreator (BackgroundPipelineCreator.java:start(124)) - Starting RatisPipelineUtilsThread.
2023-06-06 14:26:33,995 [Time-limited test] INFO  BackgroundPipelineScrubber (BackgroundSCMService.java:start(68)) - Starting BackgroundPipelineScrubber Service.
2023-06-06 14:26:33,997 [Time-limited test] INFO  ha.SCMServiceManager (SCMServiceManager.java:register(42)) - Registering service BackgroundPipelineScrubber.
2023-06-06 14:26:34,003 [Time-limited test] INFO  ExpiredContainerReplicaOpScrubber (BackgroundSCMService.java:start(68)) - Starting ExpiredContainerReplicaOpScrubber Service.
2023-06-06 14:26:34,004 [Time-limited test] INFO  ha.SCMServiceManager (SCMServiceManager.java:register(42)) - Registering service ExpiredContainerReplicaOpScrubber.
2023-06-06 14:26:34,039 [Time-limited test] INFO  algorithms.PipelineChoosePolicyFactory (PipelineChoosePolicyFactory.java:createPipelineChoosePolicyFromClass(73)) - Create pipeline choose policy of type org.apache.hadoop.hdds.scm.pipeline.choose.algorithms.RandomPipelineChoosePolicy
2023-06-06 14:26:34,065 [Time-limited test] INFO  ha.SCMServiceManager (SCMServiceManager.java:register(42)) - Registering service SCMBlockDeletingService.
2023-06-06 14:26:34,118 [Time-limited test] INFO  replication.ReplicationManager (ReplicationManager.java:start(299)) - Starting Replication Monitor Thread.
2023-06-06 14:26:34,129 [Time-limited test] INFO  ha.SCMServiceManager (SCMServiceManager.java:register(42)) - Registering service ReplicationManager.
2023-06-06 14:26:34,132 [ReplicationMonitor] INFO  replication.ReplicationManager (ReplicationManager.java:processAll(374)) - Replication Manager is not ready to run until 3000ms after safemode exit
2023-06-06 14:26:34,141 [Time-limited test] INFO  safemode.ContainerSafeModeRule (ContainerSafeModeRule.java:<init>(89)) - containers with one replica threshold count 0
2023-06-06 14:26:34,144 [Time-limited test] INFO  safemode.HealthyPipelineSafeModeRule (HealthyPipelineSafeModeRule.java:initializeRule(169)) - Total pipeline count is 0, healthy pipeline threshold count is 1
2023-06-06 14:26:34,146 [Time-limited test] INFO  safemode.OneReplicaPipelineSafeModeRule (OneReplicaPipelineSafeModeRule.java:initializeRule(180)) - Total pipeline count is 0, pipeline's with at least one datanode reported threshold count is 0
2023-06-06 14:26:34,185 [Time-limited test] INFO  server.StorageContainerManager (StorageContainerManager.java:<init>(404)) - SCM start with adminUsers: [runner]
2023-06-06 14:26:34,524 [Time-limited test] INFO  audit.AuditLogger (AuditLogger.java:refreshDebugCmdSet(126)) - Refresh DebugCmdSet for SCMAudit to [].
2023-06-06 14:26:34,560 [Time-limited test] INFO  ipc.CallQueueManager (CallQueueManager.java:<init>(90)) - Using callQueue: class java.util.concurrent.LinkedBlockingQueue, queueCapacity: 2000, scheduler: class org.apache.hadoop.ipc.DefaultRpcScheduler, ipcBackoff: false.
2023-06-06 14:26:34,595 [Socket Reader #1 for port 15002] INFO  ipc.Server (Server.java:run(1319)) - Starting Socket Reader #1 for port 15002
2023-06-06 14:26:34,631 [Listener at 0.0.0.0/15002] INFO  hdds.HddsUtils (HddsUtils.java:preserveThreadName(843)) - Restoring thread name: Time-limited test
2023-06-06 14:26:34,656 [Time-limited test] INFO  audit.AuditLogger (AuditLogger.java:refreshDebugCmdSet(126)) - Refresh DebugCmdSet for SCMAudit to [].
2023-06-06 14:26:34,662 [Time-limited test] INFO  ipc.CallQueueManager (CallQueueManager.java:<init>(90)) - Using callQueue: class java.util.concurrent.LinkedBlockingQueue, queueCapacity: 2000, scheduler: class org.apache.hadoop.ipc.DefaultRpcScheduler, ipcBackoff: false.
2023-06-06 14:26:34,662 [Socket Reader #1 for port 15001] INFO  ipc.Server (Server.java:run(1319)) - Starting Socket Reader #1 for port 15001
2023-06-06 14:26:34,664 [Listener at 0.0.0.0/15001] INFO  hdds.HddsUtils (HddsUtils.java:preserveThreadName(843)) - Restoring thread name: Time-limited test
2023-06-06 14:26:34,694 [Time-limited test] INFO  audit.AuditLogger (AuditLogger.java:refreshDebugCmdSet(126)) - Refresh DebugCmdSet for SCMAudit to [].
2023-06-06 14:26:34,704 [Time-limited test] INFO  ipc.CallQueueManager (CallQueueManager.java:<init>(90)) - Using callQueue: class java.util.concurrent.LinkedBlockingQueue, queueCapacity: 2000, scheduler: class org.apache.hadoop.ipc.DefaultRpcScheduler, ipcBackoff: false.
2023-06-06 14:26:34,705 [Socket Reader #1 for port 15000] INFO  ipc.Server (Server.java:run(1319)) - Starting Socket Reader #1 for port 15000
2023-06-06 14:26:34,708 [Listener at 0.0.0.0/15000] INFO  hdds.HddsUtils (HddsUtils.java:preserveThreadName(843)) - Restoring thread name: Time-limited test
2023-06-06 14:26:34,756 [Time-limited test] INFO  ha.SCMServiceManager (SCMServiceManager.java:register(42)) - Registering service ContainerBalancer.
2023-06-06 14:26:34,760 [Time-limited test] INFO  server.StorageContainerManager (StorageContainerManager.java:<init>(416)) - 
Container Balancer status:
Key                            Value
Running                        false
Container Balancer Configuration values:
Key                                                Value
Threshold                                          10
Max Datanodes to Involve per Iteration(percent)    20
Max Size to Move per Iteration                     500GB
Max Size Entering Target per Iteration             26GB
Max Size Leaving Source per Iteration              26GB

2023-06-06 14:26:34,760 [Time-limited test] INFO  ha.SCMContext (SCMContext.java:updateSafeModeStatus(228)) - Update SafeModeStatus from SafeModeStatus{safeModeStatus=true, preCheckPassed=false} to SafeModeStatus{safeModeStatus=true, preCheckPassed=false}.
2023-06-06 14:26:34,767 [Time-limited test] INFO  server.StorageContainerManager (StorageContainerManager.java:start(1468)) - StorageContainerLocationProtocol RPC server is listening at /0.0.0.0:15000
2023-06-06 14:26:34,836 [Time-limited test] WARN  impl.MetricsConfig (MetricsConfig.java:loadFirst(136)) - Cannot locate configuration: tried hadoop-metrics2-storagecontainermanager.properties,hadoop-metrics2.properties
2023-06-06 14:26:34,852 [Time-limited test] INFO  impl.MetricsSystemImpl (MetricsSystemImpl.java:startTimer(378)) - Scheduled Metric snapshot period at 10 second(s).
2023-06-06 14:26:34,853 [Time-limited test] INFO  impl.MetricsSystemImpl (MetricsSystemImpl.java:start(191)) - StorageContainerManager metrics system started
2023-06-06 14:26:35,134 [Time-limited test] INFO  server.SCMClientProtocolServer (SCMClientProtocolServer.java:start(199)) - RPC server for Client  is listening at /0.0.0.0:15000
2023-06-06 14:26:35,135 [IPC Server Responder] INFO  ipc.Server (Server.java:run(1558)) - IPC Server Responder: starting
2023-06-06 14:26:35,137 [IPC Server listener on 15000] INFO  ipc.Server (Server.java:run(1398)) - IPC Server listener on 15000: starting
2023-06-06 14:26:35,149 [Time-limited test] INFO  server.StorageContainerManager (StorageContainerManager.java:start(1482)) - ScmBlockLocationProtocol RPC server is listening at /0.0.0.0:15001
2023-06-06 14:26:35,150 [Time-limited test] INFO  server.SCMBlockProtocolServer (SCMBlockProtocolServer.java:start(152)) - RPC server for Block Protocol is listening at /0.0.0.0:15001
2023-06-06 14:26:35,151 [IPC Server Responder] INFO  ipc.Server (Server.java:run(1558)) - IPC Server Responder: starting
2023-06-06 14:26:35,151 [IPC Server listener on 15001] INFO  ipc.Server (Server.java:run(1398)) - IPC Server listener on 15001: starting
2023-06-06 14:26:35,168 [Time-limited test] INFO  server.SCMDatanodeProtocolServer (SCMDatanodeProtocolServer.java:start(193)) - ScmDatanodeProtocol RPC server for DataNodes is listening at /0.0.0.0:15002
2023-06-06 14:26:35,169 [IPC Server Responder] INFO  ipc.Server (Server.java:run(1558)) - IPC Server Responder: starting
2023-06-06 14:26:35,169 [IPC Server listener on 15002] INFO  ipc.Server (Server.java:run(1398)) - IPC Server listener on 15002: starting
2023-06-06 14:26:35,187 [JvmPauseMonitor0] INFO  util.JvmPauseMonitor (JvmPauseMonitor.java:run(103)) - JvmPauseMonitor-7fbd5b3b-c0d3-4197-a2fb-05ebf2278e2e: Started
2023-06-06 14:26:35,193 [Time-limited test] INFO  http.BaseHttpServer (BaseHttpServer.java:newHttpServer2BuilderForOzone(224)) - Starting Web-server for scm at: http://0.0.0.0:15003
2023-06-06 14:26:35,193 [Time-limited test] INFO  http.BaseHttpServer (BaseHttpServer.java:<init>(111)) - Hadoop Security Enabled: false Ozone Security Enabled: false Ozone HTTP Security Enabled: false 
2023-06-06 14:26:35,217 [Time-limited test] INFO  util.log (Log.java:initialized(170)) - Logging initialized @4339ms to org.eclipse.jetty.util.log.Slf4jLog
2023-06-06 14:26:35,308 [Time-limited test] WARN  server.AuthenticationFilter (AuthenticationFilter.java:constructSecretProvider(240)) - Unable to initialize FileSignerSecretProvider, falling back to use random secrets. Reason: Could not read signature secret file: /home/runner/hadoop-http-auth-signature-secret
2023-06-06 14:26:35,313 [Time-limited test] INFO  http.HttpRequestLog (HttpRequestLog.java:getRequestLog(86)) - Http request log for http.requests.scm is not defined
2023-06-06 14:26:35,319 [Time-limited test] INFO  http.HttpServer2 (HttpServer2.java:addGlobalFilter(1031)) - Added global filter 'safety' (class=org.apache.hadoop.hdds.server.http.HttpServer2$QuotingInputFilter)
2023-06-06 14:26:35,321 [Time-limited test] INFO  http.HttpServer2 (HttpServer2.java:addFilter(1007)) - Added filter static_user_filter (class=org.apache.hadoop.http.lib.StaticUserWebFilter$StaticUserFilter) to context scm
2023-06-06 14:26:35,321 [Time-limited test] INFO  http.HttpServer2 (HttpServer2.java:addFilter(1015)) - Added filter static_user_filter (class=org.apache.hadoop.http.lib.StaticUserWebFilter$StaticUserFilter) to context static
2023-06-06 14:26:35,321 [Time-limited test] INFO  http.HttpServer2 (HttpServer2.java:addFilter(1015)) - Added filter static_user_filter (class=org.apache.hadoop.http.lib.StaticUserWebFilter$StaticUserFilter) to context logs
2023-06-06 14:26:35,353 [Time-limited test] INFO  http.BaseHttpServer (BaseHttpServer.java:<init>(190)) - HTTP server of scm uses base directory /home/runner/work/ozone/ozone/hadoop-ozone/integration-test/target/test-dir/MiniOzoneClusterImpl-27950e3c-5885-4478-a852-34ee2aeb73f6/ozone-meta/webserver
2023-06-06 14:26:35,354 [Time-limited test] INFO  http.HttpServer2 (HttpServer2.java:bindListener(1250)) - Jetty bound to port 15003
2023-06-06 14:26:35,355 [Time-limited test] INFO  server.Server (Server.java:doStart(375)) - jetty-9.4.51.v20230217; built: 2023-02-17T08:19:37.309Z; git: b45c405e4544384de066f814ed42ae3dceacdd49; jvm 1.8.0_372-b07
2023-06-06 14:26:35,381 [Time-limited test] INFO  server.session (DefaultSessionIdManager.java:doStart(334)) - DefaultSessionIdManager workerName=node0
2023-06-06 14:26:35,382 [Time-limited test] INFO  server.session (DefaultSessionIdManager.java:doStart(339)) - No SessionScavenger set, using defaults
2023-06-06 14:26:35,383 [Time-limited test] INFO  server.session (HouseKeeper.java:startScavenging(132)) - node0 Scavenging every 660000ms
2023-06-06 14:26:35,394 [Time-limited test] INFO  handler.ContextHandler (ContextHandler.java:doStart(921)) - Started o.e.j.s.ServletContextHandler@27f9b817{logs,/logs,file:///home/runner/work/ozone/ozone/hadoop-ozone/integration-test/target/log,AVAILABLE}
2023-06-06 14:26:35,394 [Time-limited test] INFO  handler.ContextHandler (ContextHandler.java:doStart(921)) - Started o.e.j.s.ServletContextHandler@59e0f688{static,/static,file:///home/runner/work/ozone/ozone/hadoop-ozone/integration-test/target/test-classes/webapps/static,AVAILABLE}
2023-06-06 14:26:35,437 [Time-limited test] INFO  handler.ContextHandler (ContextHandler.java:doStart(921)) - Started o.e.j.w.WebAppContext@7abbd89{scm,/,file:///home/runner/work/ozone/ozone/hadoop-ozone/integration-test/target/test-classes/webapps/scm/,AVAILABLE}{file:/home/runner/work/ozone/ozone/hadoop-ozone/integration-test/target/test-classes/webapps/scm}
2023-06-06 14:26:35,446 [Time-limited test] INFO  server.AbstractConnector (AbstractConnector.java:doStart(333)) - Started ServerConnector@6598ae62{HTTP/1.1, (http/1.1)}{0.0.0.0:15003}
2023-06-06 14:26:35,446 [Time-limited test] INFO  server.Server (Server.java:doStart(415)) - Started @4569ms
2023-06-06 14:26:35,449 [Time-limited test] INFO  impl.MetricsSinkAdapter (MetricsSinkAdapter.java:start(204)) - Sink prometheus started
2023-06-06 14:26:35,449 [Time-limited test] INFO  impl.MetricsSystemImpl (MetricsSystemImpl.java:registerSink(305)) - Registered sink prometheus
2023-06-06 14:26:35,450 [Time-limited test] INFO  http.BaseHttpServer (BaseHttpServer.java:updateConnectorAddress(344)) - HTTP server of scm listening at http://0.0.0.0:15003
2023-06-06 14:26:35,454 [Time-limited test] WARN  server.ServerUtils (ServerUtils.java:getDBPath(311)) - ozone.om.db.dirs is not configured. We recommend adding this setting. Falling back to ozone.metadata.dirs instead.
2023-06-06 14:26:35,520 [Time-limited test] INFO  audit.AuditLogger (AuditLogger.java:refreshDebugCmdSet(126)) - Refresh DebugCmdSet for OMAudit to [].
2023-06-06 14:26:35,607 [Time-limited test] INFO  ha.OMHANodeDetails (OMHANodeDetails.java:loadOMHAConfig(115)) - ozone.om.internal.service.id is not defined, falling back to ozone.om.service.ids to find serviceID for OzoneManager if it is HA enabled cluster
2023-06-06 14:26:35,610 [Time-limited test] INFO  ha.OMHANodeDetails (OMHANodeDetails.java:loadOMHAConfig(226)) - Configuration does not have ozone.om.address set. Falling back to the default OM address /127.0.0.1:15004
2023-06-06 14:26:35,610 [Time-limited test] INFO  ha.OMHANodeDetails (OMHANodeDetails.java:getOMNodeDetailsForNonHA(254)) - OM Service ID is not set. Setting it to the default ID: omServiceIdDefault
2023-06-06 14:26:35,610 [Time-limited test] INFO  ha.OMHANodeDetails (OMHANodeDetails.java:getOMNodeDetailsForNonHA(261)) - OM Node ID is not set. Setting it to the default ID: om1
2023-06-06 14:26:35,615 [Time-limited test] WARN  server.ServerUtils (ServerUtils.java:getDBPath(311)) - ozone.om.db.dirs is not configured. We recommend adding this setting. Falling back to ozone.metadata.dirs instead.
2023-06-06 14:26:35,620 [Time-limited test] INFO  upgrade.AbstractLayoutVersionManager (AbstractLayoutVersionManager.java:init(83)) - Initializing Layout version manager with metadata layout = FILESYSTEM_SNAPSHOT (version = 5), software layout = FILESYSTEM_SNAPSHOT (version = 5)
2023-06-06 14:26:35,723 [Time-limited test] INFO  reflections.Reflections (Reflections.java:scan(232)) - Reflections took 99 ms to scan 2 urls, producing 178 keys and 491 values [using 2 cores]
2023-06-06 14:26:35,733 [Time-limited test] INFO  upgrade.OMLayoutVersionManager (OMLayoutVersionManager.java:lambda$0(115)) - Skipping Upgrade Action MockOmUpgradeAction since it has been finalized.
2023-06-06 14:26:35,736 [Time-limited test] WARN  server.ServerUtils (ServerUtils.java:getDBPath(311)) - ozone.om.db.dirs is not configured. We recommend adding this setting. Falling back to ozone.metadata.dirs instead.
2023-06-06 14:26:35,890 [Time-limited test] INFO  proxy.SCMBlockLocationFailoverProxyProvider (SCMBlockLocationFailoverProxyProvider.java:<init>(114)) - Created block location fail-over proxy with 1 nodes: [nodeId=scmNodeId,nodeAddress=/0.0.0.0:15001]
2023-06-06 14:26:35,923 [Time-limited test] INFO  proxy.SCMBlockLocationFailoverProxyProvider (SCMBlockLocationFailoverProxyProvider.java:<init>(114)) - Created block location fail-over proxy with 1 nodes: [nodeId=scmNodeId,nodeAddress=/0.0.0.0:15001]
2023-06-06 14:26:36,151 [Time-limited test] INFO  om.OzoneManager (OzoneManager.java:<init>(642)) - OM start with adminUsers: [runner]
2023-06-06 14:26:36,165 [Time-limited test] WARN  server.ServerUtils (ServerUtils.java:getDBPath(311)) - ozone.om.db.dirs is not configured. We recommend adding this setting. Falling back to ozone.metadata.dirs instead.
2023-06-06 14:26:36,193 [Time-limited test] INFO  helpers.OmKeyInfo (OmKeyInfo.java:getCodec(71)) - OmKeyInfo.getCodec ignorePipeline = true
2023-06-06 14:26:36,461 [Time-limited test] INFO  om.OzoneManager (OzoneManager.java:instantiateServices(771)) - S3 Multi-Tenancy is disabled
2023-06-06 14:26:36,492 [Time-limited test] INFO  om.OmSnapshotManager (OmSnapshotManager.java:<init>(170)) - Ozone filesystem snapshot feature is enabled.
2023-06-06 14:26:36,500 [Time-limited test] WARN  server.ServerUtils (ServerUtils.java:getDBPath(311)) - ozone.om.snapshot.diff.db.dir is not configured. We recommend adding this setting. Falling back to ozone.metadata.dirs instead.
2023-06-06 14:26:36,534 [Time-limited test] INFO  utils.NativeLibraryLoader (NativeLibraryLoader.java:loadLibrary(103)) - Loading Library: ozone_rocksdb_tools
2023-06-06 14:26:36,611 [Time-limited test] INFO  om.OzoneManager (OzoneManager.java:addS3GVolumeToDB(4254)) - Created Volume s3v With Owner runner required for S3Gateway operations.
2023-06-06 14:26:36,670 [Time-limited test] WARN  server.ServerUtils (ServerUtils.java:getDefaultRatisDirectory(323)) - Storage directory for Ratis is not configured. It is a good idea to map this to an SSD disk. Falling back to ozone.metadata.dirs
2023-06-06 14:26:36,670 [Time-limited test] WARN  utils.OzoneManagerRatisUtils (OzoneManagerRatisUtils.java:getOMRatisSnapshotDirectory(461)) - ozone.om.ratis.snapshot.dir is not configured. Falling back to ozone.metadata.dirs config
2023-06-06 14:26:36,685 [Time-limited test] WARN  server.ServerUtils (ServerUtils.java:getDefaultRatisDirectory(323)) - Storage directory for Ratis is not configured. It is a good idea to map this to an SSD disk. Falling back to ozone.metadata.dirs
2023-06-06 14:26:36,720 [Time-limited test] INFO  ratis.OzoneManagerRatisServer (OzoneManagerRatisServer.java:<init>(163)) - Instantiating OM Ratis server with groupID: omServiceIdDefault and peers: localhost:15007
2023-06-06 14:26:36,728 [Time-limited test] INFO  ratis.OzoneManagerStateMachine (OzoneManagerStateMachine.java:loadSnapshotInfoFromDB(670)) - LastAppliedIndex is set from TransactionInfo from OM DB as (t:0, i:~)
2023-06-06 14:26:36,789 [Time-limited test] INFO  server.RaftServer (ConfUtils.java:logGet(46)) - raft.rpc.type = GRPC (default)
2023-06-06 14:26:36,798 [Time-limited test] INFO  grpc.GrpcConfigKeys (ConfUtils.java:logFallback(53)) - raft.grpc.admin.host = null (fallback to raft.grpc.server.host)
2023-06-06 14:26:36,800 [Time-limited test] INFO  grpc.GrpcConfigKeys (ConfUtils.java:logFallback(53)) - raft.grpc.admin.port = 15007 (fallback to raft.grpc.server.port)
2023-06-06 14:26:36,802 [Time-limited test] INFO  grpc.GrpcConfigKeys (ConfUtils.java:logFallback(53)) - raft.grpc.client.host = null (fallback to raft.grpc.server.host)
2023-06-06 14:26:36,803 [Time-limited test] INFO  grpc.GrpcConfigKeys (ConfUtils.java:logFallback(53)) - raft.grpc.client.port = 15007 (fallback to raft.grpc.server.port)
2023-06-06 14:26:36,803 [Time-limited test] INFO  grpc.GrpcConfigKeys (ConfUtils.java:logGet(46)) - raft.grpc.server.host = null (default)
2023-06-06 14:26:36,804 [Time-limited test] INFO  grpc.GrpcConfigKeys (ConfUtils.java:logGet(46)) - raft.grpc.server.port = 15007 (custom)
2023-06-06 14:26:36,805 [Time-limited test] INFO  server.GrpcService (ConfUtils.java:logGet(46)) - raft.grpc.message.size.max = 33554432 (custom)
2023-06-06 14:26:36,807 [Time-limited test] INFO  server.RaftServerConfigKeys (ConfUtils.java:logGet(46)) - raft.server.log.appender.buffer.byte-limit = 33554432 (custom)
2023-06-06 14:26:36,808 [Time-limited test] INFO  server.GrpcService (ConfUtils.java:logGet(46)) - raft.grpc.flow.control.window = 1MB (=1048576) (default)
2023-06-06 14:26:36,809 [Time-limited test] INFO  server.RaftServerConfigKeys (ConfUtils.java:logGet(46)) - raft.server.rpc.request.timeout = 3000ms (default)
2023-06-06 14:26:36,822 [Time-limited test] INFO  grpc.GrpcConfigKeys (ConfUtils.java:logGet(46)) - raft.grpc.server.heartbeat.channel = true (default)
2023-06-06 14:26:36,826 [Time-limited test] INFO  grpc.GrpcConfigKeys (ConfUtils.java:logGet(46)) - raft.grpc.server.async.request.thread.pool.cached = true (default)
2023-06-06 14:26:36,826 [Time-limited test] INFO  grpc.GrpcConfigKeys (ConfUtils.java:logGet(46)) - raft.grpc.server.async.request.thread.pool.size = 32 (default)
2023-06-06 14:26:37,053 [Time-limited test] INFO  impl.DataStreamServerImpl (ConfUtils.java:logGet(46)) - raft.datastream.type = DISABLED (default)
2023-06-06 14:26:37,056 [Time-limited test] INFO  server.RaftServerConfigKeys (ConfUtils.java:logGet(46)) - raft.server.threadpool.proxy.cached = true (default)
2023-06-06 14:26:37,056 [Time-limited test] INFO  server.RaftServerConfigKeys (ConfUtils.java:logGet(46)) - raft.server.threadpool.proxy.size = 0 (default)
2023-06-06 14:26:37,057 [Time-limited test] INFO  server.RaftServerConfigKeys (ConfUtils.java:logGet(46)) - raft.server.rpc.slowness.timeout = 120s (custom)
2023-06-06 14:26:37,057 [Time-limited test] INFO  server.RaftServerConfigKeys (ConfUtils.java:logGet(46)) - raft.server.leaderelection.leader.step-down.wait-time = 10s (default)
2023-06-06 14:26:37,058 [Time-limited test] INFO  server.RaftServerConfigKeys (ConfUtils.java:logGet(46)) - raft.server.storage.dir = [/home/runner/work/ozone/ozone/hadoop-ozone/integration-test/target/test-dir/MiniOzoneClusterImpl-27950e3c-5885-4478-a852-34ee2aeb73f6/ozone-meta/ratis] (custom)
2023-06-06 14:26:37,068 [Time-limited test] INFO  server.RaftServer (RaftServerProxy.java:addNew(98)) - om1: addNew group-C5BA1605619E:[om1|rpc:localhost:15007|priority:0|startupRole:FOLLOWER] returns group-C5BA1605619E:java.util.concurrent.CompletableFuture@6112cc41[Not completed]
2023-06-06 14:26:37,068 [Time-limited test] INFO  om.OzoneManager (OzoneManager.java:initializeRatisServer(2112)) - OzoneManager Ratis server initialized at port 15007
2023-06-06 14:26:37,071 [Time-limited test] INFO  om.OzoneManager (OzoneManager.java:getRpcServer(1171)) - Creating RPC Server
2023-06-06 14:26:37,094 [om1-groupManagement] INFO  server.RaftServer$Division (RaftServerImpl.java:<init>(198)) - om1: new RaftServerImpl for group-C5BA1605619E:[om1|rpc:localhost:15007|priority:0|startupRole:FOLLOWER] with OzoneManagerStateMachine:uninitialized
2023-06-06 14:26:37,096 [om1-groupManagement] INFO  server.RaftServerConfigKeys (ConfUtils.java:logGet(46)) - raft.server.rpc.timeout.min = 1s (custom)
2023-06-06 14:26:37,097 [om1-groupManagement] INFO  server.RaftServerConfigKeys (ConfUtils.java:logGet(46)) - raft.server.rpc.timeout.max = 1200ms (custom)
2023-06-06 14:26:37,097 [om1-groupManagement] INFO  server.RaftServerConfigKeys (ConfUtils.java:logGet(46)) - raft.server.rpc.sleep.time = 25ms (default)
2023-06-06 14:26:37,097 [om1-groupManagement] INFO  server.RaftServerConfigKeys (ConfUtils.java:logGet(46)) - raft.server.rpc.slowness.timeout = 120s (custom)
2023-06-06 14:26:37,098 [om1-groupManagement] INFO  server.RaftServerConfigKeys (ConfUtils.java:logGet(46)) - raft.server.leaderelection.leader.step-down.wait-time = 10s (default)
2023-06-06 14:26:37,098 [om1-groupManagement] INFO  server.RaftServerConfigKeys (ConfUtils.java:logGet(46)) - raft.server.sleep.deviation.threshold = 300ms (default)
2023-06-06 14:26:37,111 [om1-groupManagement] INFO  server.RaftServer$Division (ServerState.java:<init>(120)) - om1@group-C5BA1605619E: ConfigurationManager, init=-1: peers:[om1|rpc:localhost:15007|priority:0|startupRole:FOLLOWER]|listeners:[], old=null, confs=<EMPTY_MAP>
2023-06-06 14:26:37,112 [om1-groupManagement] INFO  server.RaftServerConfigKeys (ConfUtils.java:logGet(46)) - raft.server.storage.dir = [/home/runner/work/ozone/ozone/hadoop-ozone/integration-test/target/test-dir/MiniOzoneClusterImpl-27950e3c-5885-4478-a852-34ee2aeb73f6/ozone-meta/ratis] (custom)
2023-06-06 14:26:37,121 [om1-groupManagement] INFO  server.RaftServerConfigKeys (ConfUtils.java:logGet(46)) - raft.server.log.corruption.policy = EXCEPTION (default)
2023-06-06 14:26:37,122 [om1-groupManagement] INFO  server.RaftServerConfigKeys (ConfUtils.java:logGet(46)) - raft.server.storage.free-space.min = 0MB (=0) (default)
2023-06-06 14:26:37,272 [om1-groupManagement] INFO  server.RaftServerConfigKeys (ConfUtils.java:logGet(46)) - raft.server.notification.no-leader.timeout = 120s (custom)
2023-06-06 14:26:37,279 [om1-groupManagement] INFO  server.RaftServerConfigKeys (ConfUtils.java:logGet(46)) - raft.server.read.timeout = 10s (default)
2023-06-06 14:26:37,286 [om1-groupManagement] INFO  server.RaftServerConfigKeys (ConfUtils.java:logGet(46)) - raft.server.retrycache.expirytime = 300s (custom)
2023-06-06 14:26:37,286 [om1-groupManagement] INFO  server.RaftServerConfigKeys (ConfUtils.java:logGet(46)) - raft.server.retrycache.statistics.expirytime = 100μs (default)
2023-06-06 14:26:37,363 [om1-groupManagement] INFO  server.RaftServerConfigKeys (ConfUtils.java:logGet(46)) - raft.server.read.option = DEFAULT (default)
2023-06-06 14:26:37,420 [om1-groupManagement] INFO  server.RaftServerConfigKeys (ConfUtils.java:logGet(46)) - raft.server.rpc.request.timeout = 3000ms (default)
2023-06-06 14:26:37,426 [om1-groupManagement] INFO  server.RaftServerConfigKeys (ConfUtils.java:logGet(46)) - raft.server.log.appender.install.snapshot.enabled = false (custom)
2023-06-06 14:26:37,428 [om1-groupManagement] INFO  server.RaftServerConfigKeys (ConfUtils.java:logGet(46)) - raft.server.threadpool.server.cached = true (default)
2023-06-06 14:26:37,430 [om1-groupManagement] INFO  server.RaftServerConfigKeys (ConfUtils.java:logGet(46)) - raft.server.threadpool.server.size = 0 (default)
2023-06-06 14:26:37,432 [om1-groupManagement] INFO  server.RaftServerConfigKeys (ConfUtils.java:logGet(46)) - raft.server.threadpool.client.cached = true (default)
2023-06-06 14:26:37,433 [om1-groupManagement] INFO  server.RaftServerConfigKeys (ConfUtils.java:logGet(46)) - raft.server.threadpool.client.size = 0 (default)
2023-06-06 14:26:38,054 [Time-limited test] INFO  reflections.Reflections (Reflections.java:scan(232)) - Reflections took 769 ms to scan 19 urls, producing 69 keys and 5288 values [using 2 cores]
2023-06-06 14:26:38,198 [Time-limited test] INFO  ipc.CallQueueManager (CallQueueManager.java:<init>(90)) - Using callQueue: class java.util.concurrent.LinkedBlockingQueue, queueCapacity: 2000, scheduler: class org.apache.hadoop.ipc.DefaultRpcScheduler, ipcBackoff: false.
2023-06-06 14:26:38,199 [Socket Reader #1 for port 15004] INFO  ipc.Server (Server.java:run(1319)) - Starting Socket Reader #1 for port 15004
2023-06-06 14:26:38,203 [Listener at 127.0.0.1/15004] INFO  hdds.HddsUtils (HddsUtils.java:preserveThreadName(843)) - Restoring thread name: Time-limited test
2023-06-06 14:26:38,227 [Time-limited test] INFO  impl.MetricsSystemImpl (MetricsSystemImpl.java:init(158)) - OzoneManager metrics system started (again)
2023-06-06 14:26:38,239 [Time-limited test] INFO  om.OzoneManager (OzoneManager.java:start(1593)) - OzoneManager RPC server is listening at localhost/127.0.0.1:15004
2023-06-06 14:26:38,239 [Time-limited test] INFO  ratis.OzoneManagerRatisServer (OzoneManagerRatisServer.java:start(558)) - Starting OzoneManagerRatisServer om1 at port 15007
2023-06-06 14:26:38,242 [om1-impl-thread1] INFO  storage.RaftStorageDirectory (RaftStorageDirectoryImpl.java:analyzeStorage(137)) - The storage directory /home/runner/work/ozone/ozone/hadoop-ozone/integration-test/target/test-dir/MiniOzoneClusterImpl-27950e3c-5885-4478-a852-34ee2aeb73f6/ozone-meta/ratis/bf265839-605b-3f16-9796-c5ba1605619e does not exist. Creating ...
2023-06-06 14:26:38,246 [om1-impl-thread1] INFO  storage.RaftStorageDirectory (RaftStorageDirectoryImpl.java:tryLock(231)) - Lock on /home/runner/work/ozone/ozone/hadoop-ozone/integration-test/target/test-dir/MiniOzoneClusterImpl-27950e3c-5885-4478-a852-34ee2aeb73f6/ozone-meta/ratis/bf265839-605b-3f16-9796-c5ba1605619e/in_use.lock acquired by nodename 75814@fv-az1133-973
2023-06-06 14:26:38,251 [om1-impl-thread1] INFO  storage.RaftStorage (RaftStorageImpl.java:format(96)) - Storage directory /home/runner/work/ozone/ozone/hadoop-ozone/integration-test/target/test-dir/MiniOzoneClusterImpl-27950e3c-5885-4478-a852-34ee2aeb73f6/ozone-meta/ratis/bf265839-605b-3f16-9796-c5ba1605619e has been successfully formatted.
2023-06-06 14:26:38,253 [om1-impl-thread1] INFO  server.RaftServerConfigKeys (ConfUtils.java:logGet(46)) - raft.server.log.use.memory = false (default)
2023-06-06 14:26:38,261 [om1-impl-thread1] INFO  server.RaftServerConfigKeys (ConfUtils.java:logGet(46)) - raft.server.log.purge.gap = 1000000 (custom)
2023-06-06 14:26:38,261 [om1-impl-thread1] INFO  server.RaftServerConfigKeys (ConfUtils.java:logGet(46)) - raft.server.log.appender.buffer.byte-limit = 33554432 (custom)
2023-06-06 14:26:38,262 [om1-impl-thread1] INFO  server.RaftServerConfigKeys (ConfUtils.java:logGet(46)) - raft.server.log.statemachine.data.read.timeout = 1000ms (default)
2023-06-06 14:26:38,263 [om1-impl-thread1] INFO  server.RaftServerConfigKeys (ConfUtils.java:logGet(46)) - raft.server.log.purge.preservation.log.num = 0 (default)
2023-06-06 14:26:38,265 [om1-impl-thread1] INFO  server.RaftServerConfigKeys (ConfUtils.java:logGet(46)) - raft.server.log.segment.size.max = 4194304 (custom)
2023-06-06 14:26:38,270 [om1-impl-thread1] INFO  server.RaftServerConfigKeys (ConfUtils.java:logGet(46)) - raft.server.log.segment.cache.num.max = 2 (custom)
2023-06-06 14:26:38,271 [om1-impl-thread1] INFO  server.RaftServerConfigKeys (ConfUtils.java:logGet(46)) - raft.server.log.segment.cache.size.max = 200MB (=209715200) (default)
2023-06-06 14:26:38,271 [om1-impl-thread1] INFO  server.RaftServerConfigKeys (ConfUtils.java:logGet(46)) - raft.server.log.appender.buffer.byte-limit = 33554432 (custom)
2023-06-06 14:26:38,276 [om1-impl-thread1] INFO  segmented.SegmentedRaftLogWorker (SegmentedRaftLogWorker.java:<init>(188)) - new om1@group-C5BA1605619E-SegmentedRaftLogWorker for RaftStorageImpl:Storage Directory /home/runner/work/ozone/ozone/hadoop-ozone/integration-test/target/test-dir/MiniOzoneClusterImpl-27950e3c-5885-4478-a852-34ee2aeb73f6/ozone-meta/ratis/bf265839-605b-3f16-9796-c5ba1605619e
2023-06-06 14:26:38,276 [om1-impl-thread1] INFO  server.RaftServerConfigKeys (ConfUtils.java:logGet(46)) - raft.server.log.queue.byte-limit = 64MB (=67108864) (default)
2023-06-06 14:26:38,277 [om1-impl-thread1] INFO  server.RaftServerConfigKeys (ConfUtils.java:logGet(46)) - raft.server.log.queue.element-limit = 4096 (default)
2023-06-06 14:26:38,278 [om1-impl-thread1] INFO  server.RaftServerConfigKeys (ConfUtils.java:logGet(46)) - raft.server.log.segment.size.max = 4194304 (custom)
2023-06-06 14:26:38,278 [om1-impl-thread1] INFO  server.RaftServerConfigKeys (ConfUtils.java:logGet(46)) - raft.server.log.preallocated.size = 4194304 (custom)
2023-06-06 14:26:38,278 [om1-impl-thread1] INFO  server.RaftServerConfigKeys (ConfUtils.java:logGet(46)) - raft.server.log.force.sync.num = 128 (default)
2023-06-06 14:26:38,279 [om1-impl-thread1] INFO  server.RaftServerConfigKeys (ConfUtils.java:logGet(46)) - raft.server.log.statemachine.data.sync = true (default)
2023-06-06 14:26:38,279 [om1-impl-thread1] INFO  server.RaftServerConfigKeys (ConfUtils.java:logGet(46)) - raft.server.log.statemachine.data.sync.timeout = 10s (default)
2023-06-06 14:26:38,280 [om1-impl-thread1] INFO  server.RaftServerConfigKeys (ConfUtils.java:logGet(46)) - raft.server.log.statemachine.data.sync.timeout.retry = -1 (default)
2023-06-06 14:26:38,288 [om1-impl-thread1] INFO  server.RaftServerConfigKeys (ConfUtils.java:logGet(46)) - raft.server.log.write.buffer.size = 64KB (=65536) (default)
2023-06-06 14:26:38,288 [om1-impl-thread1] INFO  server.RaftServerConfigKeys (ConfUtils.java:logGet(46)) - raft.server.log.appender.buffer.byte-limit = 33554432 (custom)
2023-06-06 14:26:38,293 [om1-impl-thread1] INFO  server.RaftServerConfigKeys (ConfUtils.java:logGet(46)) - raft.server.log.unsafe-flush.enabled = false (default)
2023-06-06 14:26:38,294 [om1-impl-thread1] INFO  server.RaftServerConfigKeys (ConfUtils.java:logGet(46)) - raft.server.log.async-flush.enabled = false (default)
2023-06-06 14:26:38,294 [om1-impl-thread1] INFO  server.RaftServerConfigKeys (ConfUtils.java:logGet(46)) - raft.server.log.statemachine.data.caching.enabled = false (default)
2023-06-06 14:26:38,300 [om1-impl-thread1] INFO  segmented.SegmentedRaftLogWorker (SegmentedRaftLogWorker.java:lambda$new$0(135)) - om1@group-C5BA1605619E-SegmentedRaftLogWorker: flushIndex: setUnconditionally 0 -> -1
2023-06-06 14:26:38,300 [om1-impl-thread1] INFO  segmented.SegmentedRaftLogWorker (SegmentedRaftLogWorker.java:lambda$new$0(135)) - om1@group-C5BA1605619E-SegmentedRaftLogWorker: safeCacheEvictIndex: setUnconditionally 0 -> -1
2023-06-06 14:26:38,302 [om1-impl-thread1] INFO  server.RaftServer$Division (RaftServerImpl.java:start(342)) - om1@group-C5BA1605619E: start as a follower, conf=-1: peers:[om1|rpc:localhost:15007|priority:0|startupRole:FOLLOWER]|listeners:[], old=null
2023-06-06 14:26:38,302 [om1-impl-thread1] INFO  server.RaftServer$Division (RaftServerImpl.java:setRole(329)) - om1@group-C5BA1605619E: changes role from      null to FOLLOWER at term 0 for startAsFollower
2023-06-06 14:26:38,303 [om1-impl-thread1] INFO  impl.RoleInfo (RoleInfo.java:updateAndGet(139)) - om1: start om1@group-C5BA1605619E-FollowerState
2023-06-06 14:26:38,306 [om1-impl-thread1] INFO  util.JmxRegister (JmxRegister.java:tryRegister(44)) - Successfully registered JMX Bean with object name Ratis:service=RaftServer,group=group-C5BA1605619E,id=om1
2023-06-06 14:26:38,309 [om1-impl-thread1] INFO  server.RaftServerConfigKeys (ConfUtils.java:logGet(46)) - raft.server.snapshot.auto.trigger.enabled = true (custom)
2023-06-06 14:26:38,309 [om1-impl-thread1] INFO  server.RaftServerConfigKeys (ConfUtils.java:logGet(46)) - raft.server.snapshot.auto.trigger.threshold = 400000 (default)
2023-06-06 14:26:38,309 [om1-impl-thread1] INFO  server.RaftServerConfigKeys (ConfUtils.java:logGet(46)) - raft.server.snapshot.retention.file.num = -1 (default)
2023-06-06 14:26:38,310 [om1-impl-thread1] INFO  server.RaftServerConfigKeys (ConfUtils.java:logGet(46)) - raft.server.log.purge.upto.snapshot.index = true (custom)
2023-06-06 14:26:38,313 [om1@group-C5BA1605619E-FollowerState] INFO  server.RaftServerConfigKeys (ConfUtils.java:logFallback(53)) - raft.server.rpc.first-election.timeout.min = 1s (fallback to raft.server.rpc.timeout.min)
2023-06-06 14:26:38,313 [om1@group-C5BA1605619E-FollowerState] INFO  server.RaftServerConfigKeys (ConfUtils.java:logFallback(53)) - raft.server.rpc.first-election.timeout.max = 1200ms (fallback to raft.server.rpc.timeout.max)
2023-06-06 14:26:38,319 [Time-limited test] INFO  server.RaftServer (RaftServerProxy.java:startImpl(400)) - om1: start RPC server
2023-06-06 14:26:38,362 [Time-limited test] INFO  server.GrpcService (GrpcService.java:startImpl(302)) - om1: GrpcService started, listening on 15007
2023-06-06 14:26:38,365 [Time-limited test] INFO  om.OzoneManager (OzoneManager.java:start(1609)) - Version File has different layout version (5) than OM DB (null). That is expected if this OM has never been finalized to a newer layout version.
2023-06-06 14:26:38,366 [JvmPauseMonitor1] INFO  util.JvmPauseMonitor (JvmPauseMonitor.java:run(103)) - JvmPauseMonitor-om1: Started
2023-06-06 14:26:38,389 [Time-limited test] INFO  http.BaseHttpServer (BaseHttpServer.java:newHttpServer2BuilderForOzone(224)) - Starting Web-server for ozoneManager at: http://0.0.0.0:15005
2023-06-06 14:26:38,389 [Time-limited test] INFO  http.BaseHttpServer (BaseHttpServer.java:<init>(111)) - Hadoop Security Enabled: false Ozone Security Enabled: false Ozone HTTP Security Enabled: false 
2023-06-06 14:26:38,391 [Time-limited test] WARN  server.AuthenticationFilter (AuthenticationFilter.java:constructSecretProvider(240)) - Unable to initialize FileSignerSecretProvider, falling back to use random secrets. Reason: Could not read signature secret file: /home/runner/hadoop-http-auth-signature-secret
2023-06-06 14:26:38,394 [Time-limited test] INFO  http.HttpRequestLog (HttpRequestLog.java:getRequestLog(86)) - Http request log for http.requests.ozoneManager is not defined
2023-06-06 14:26:38,396 [Time-limited test] INFO  http.HttpServer2 (HttpServer2.java:addGlobalFilter(1031)) - Added global filter 'safety' (class=org.apache.hadoop.hdds.server.http.HttpServer2$QuotingInputFilter)
2023-06-06 14:26:38,396 [Time-limited test] INFO  http.HttpServer2 (HttpServer2.java:addFilter(1007)) - Added filter static_user_filter (class=org.apache.hadoop.http.lib.StaticUserWebFilter$StaticUserFilter) to context ozoneManager
2023-06-06 14:26:38,397 [Time-limited test] INFO  http.HttpServer2 (HttpServer2.java:addFilter(1015)) - Added filter static_user_filter (class=org.apache.hadoop.http.lib.StaticUserWebFilter$StaticUserFilter) to context logs
2023-06-06 14:26:38,397 [Time-limited test] INFO  http.HttpServer2 (HttpServer2.java:addFilter(1015)) - Added filter static_user_filter (class=org.apache.hadoop.http.lib.StaticUserWebFilter$StaticUserFilter) to context static
2023-06-06 14:26:38,397 [Time-limited test] INFO  http.BaseHttpServer (BaseHttpServer.java:<init>(190)) - HTTP server of ozoneManager uses base directory /home/runner/work/ozone/ozone/hadoop-ozone/integration-test/target/test-dir/MiniOzoneClusterImpl-27950e3c-5885-4478-a852-34ee2aeb73f6/ozone-meta/webserver
2023-06-06 14:26:38,400 [Time-limited test] INFO  http.HttpServer2 (HttpServer2.java:bindListener(1250)) - Jetty bound to port 15005
2023-06-06 14:26:38,400 [Time-limited test] INFO  server.Server (Server.java:doStart(375)) - jetty-9.4.51.v20230217; built: 2023-02-17T08:19:37.309Z; git: b45c405e4544384de066f814ed42ae3dceacdd49; jvm 1.8.0_372-b07
2023-06-06 14:26:38,406 [Time-limited test] INFO  server.session (DefaultSessionIdManager.java:doStart(334)) - DefaultSessionIdManager workerName=node0
2023-06-06 14:26:38,406 [Time-limited test] INFO  server.session (DefaultSessionIdManager.java:doStart(339)) - No SessionScavenger set, using defaults
2023-06-06 14:26:38,406 [Time-limited test] INFO  server.session (HouseKeeper.java:startScavenging(132)) - node0 Scavenging every 660000ms
2023-06-06 14:26:38,407 [Time-limited test] INFO  handler.ContextHandler (ContextHandler.java:doStart(921)) - Started o.e.j.s.ServletContextHandler@5a3bb6b{logs,/logs,file:///home/runner/work/ozone/ozone/hadoop-ozone/integration-test/target/log,AVAILABLE}
2023-06-06 14:26:38,408 [Time-limited test] INFO  handler.ContextHandler (ContextHandler.java:doStart(921)) - Started o.e.j.s.ServletContextHandler@5e5b10e0{static,/static,file:///home/runner/work/ozone/ozone/hadoop-ozone/integration-test/target/test-classes/webapps/static,AVAILABLE}
2023-06-06 14:26:38,411 [Time-limited test] INFO  handler.ContextHandler (ContextHandler.java:doStart(921)) - Started o.e.j.w.WebAppContext@7b010748{ozoneManager,/,file:///home/runner/work/ozone/ozone/hadoop-ozone/integration-test/target/test-classes/webapps/ozoneManager/,AVAILABLE}{file:/home/runner/work/ozone/ozone/hadoop-ozone/integration-test/target/test-classes/webapps/ozoneManager}
2023-06-06 14:26:38,416 [Time-limited test] INFO  server.AbstractConnector (AbstractConnector.java:doStart(333)) - Started ServerConnector@1e937fd1{HTTP/1.1, (http/1.1)}{0.0.0.0:15005}
2023-06-06 14:26:38,416 [Time-limited test] INFO  server.Server (Server.java:doStart(415)) - Started @7538ms
2023-06-06 14:26:38,416 [Time-limited test] WARN  impl.MetricsSystemImpl (MetricsSystemImpl.java:register(279)) - Sink prometheus already exists!
2023-06-06 14:26:38,417 [Time-limited test] INFO  http.BaseHttpServer (BaseHttpServer.java:updateConnectorAddress(344)) - HTTP server of ozoneManager listening at http://0.0.0.0:15005
2023-06-06 14:26:38,417 [IPC Server Responder] INFO  ipc.Server (Server.java:run(1558)) - IPC Server Responder: starting
2023-06-06 14:26:38,417 [IPC Server listener on 15004] INFO  ipc.Server (Server.java:run(1398)) - IPC Server listener on 15004: starting
2023-06-06 14:26:38,420 [Time-limited test] INFO  om.OzoneManager (OzoneManager.java:startTrashEmptier(2065)) - Trash Interval set to 0. Files deleted won't move to trash
2023-06-06 14:26:38,554 [Time-limited test] WARN  impl.MetricRegistriesImpl (MetricRegistriesImpl.java:addReporterRegistration(111)) - New reporters are added after registries were created. Some metrics will be missing from the reporter. Please add reporter before adding any new registry.
2023-06-06 14:26:38,554 [Time-limited test] WARN  impl.MetricRegistriesImpl (MetricRegistriesImpl.java:addReporterRegistration(111)) - New reporters are added after registries were created. Some metrics will be missing from the reporter. Please add reporter before adding any new registry.
2023-06-06 14:26:38,554 [Time-limited test] INFO  impl.MetricsSystemImpl (MetricsSystemImpl.java:init(158)) - HddsDatanode metrics system started (again)
2023-06-06 14:26:38,576 [Time-limited test] INFO  ozone.HddsDatanodeService (HddsDatanodeService.java:start(261)) - HddsDatanodeService host:fv-az1133-973.qlb2sqfkji0uhjsjdnlwzcsdwg.bx.internal.cloudapp.net ip:10.1.0.37
2023-06-06 14:26:38,609 [Time-limited test] INFO  upgrade.AbstractLayoutVersionManager (AbstractLayoutVersionManager.java:init(83)) - Initializing Layout version manager with metadata layout = HADOOP_PRC_PORTS_IN_DATANODEDETAILS (version = 7), software layout = HADOOP_PRC_PORTS_IN_DATANODEDETAILS (version = 7)
2023-06-06 14:26:38,612 [Time-limited test] INFO  statemachine.DatanodeStateMachine (DatanodeStateMachine.java:getEndPointTaskThreadPoolSize(271)) - Datanode State Machine Task Thread Pool size 2
2023-06-06 14:26:38,688 [Time-limited test] INFO  volume.HddsVolume (HddsVolume.java:<init>(130)) - Creating HddsVolume: /home/runner/work/ozone/ozone/hadoop-ozone/integration-test/target/test-dir/MiniOzoneClusterImpl-27950e3c-5885-4478-a852-34ee2aeb73f6/datanode-0/data-0/containers/hdds of storage type : DISK capacity : 9223372036854775807
2023-06-06 14:26:38,691 [Time-limited test] INFO  volume.MutableVolumeSet (MutableVolumeSet.java:initializeVolumeSet(175)) - Added Volume : /home/runner/work/ozone/ozone/hadoop-ozone/integration-test/target/test-dir/MiniOzoneClusterImpl-27950e3c-5885-4478-a852-34ee2aeb73f6/datanode-0/data-0/containers/hdds to VolumeSet
2023-06-06 14:26:38,691 [Time-limited test] INFO  volume.ThrottledAsyncChecker (ThrottledAsyncChecker.java:schedule(141)) - Scheduling a check for /home/runner/work/ozone/ozone/hadoop-ozone/integration-test/target/test-dir/MiniOzoneClusterImpl-27950e3c-5885-4478-a852-34ee2aeb73f6/datanode-0/data-0/containers/hdds
2023-06-06 14:26:38,713 [Time-limited test] INFO  volume.StorageVolumeChecker (StorageVolumeChecker.java:checkAllVolumes(202)) - Scheduled health check for volume /home/runner/work/ozone/ozone/hadoop-ozone/integration-test/target/test-dir/MiniOzoneClusterImpl-27950e3c-5885-4478-a852-34ee2aeb73f6/datanode-0/data-0/containers/hdds
2023-06-06 14:26:38,732 [Time-limited test] INFO  volume.MutableVolumeSet (MutableVolumeSet.java:initializeVolumeSet(175)) - Added Volume : /home/runner/work/ozone/ozone/hadoop-ozone/integration-test/target/test-dir/MiniOzoneClusterImpl-27950e3c-5885-4478-a852-34ee2aeb73f6/datanode-0/data/ratis to VolumeSet
2023-06-06 14:26:38,732 [Time-limited test] INFO  volume.ThrottledAsyncChecker (ThrottledAsyncChecker.java:schedule(141)) - Scheduling a check for /home/runner/work/ozone/ozone/hadoop-ozone/integration-test/target/test-dir/MiniOzoneClusterImpl-27950e3c-5885-4478-a852-34ee2aeb73f6/datanode-0/data/ratis
2023-06-06 14:26:38,733 [Time-limited test] INFO  volume.StorageVolumeChecker (StorageVolumeChecker.java:checkAllVolumes(202)) - Scheduled health check for volume /home/runner/work/ozone/ozone/hadoop-ozone/integration-test/target/test-dir/MiniOzoneClusterImpl-27950e3c-5885-4478-a852-34ee2aeb73f6/datanode-0/data/ratis
2023-06-06 14:26:38,760 [Thread-140] INFO  ozoneimpl.ContainerReader (ContainerReader.java:readVolume(175)) - Finish verifying containers on volume /home/runner/work/ozone/ozone/hadoop-ozone/integration-test/target/test-dir/MiniOzoneClusterImpl-27950e3c-5885-4478-a852-34ee2aeb73f6/datanode-0/data-0/containers/hdds
2023-06-06 14:26:38,761 [Time-limited test] INFO  ozoneimpl.OzoneContainer (OzoneContainer.java:buildContainerSet(303)) - Build ContainerSet costs 0s
2023-06-06 14:26:38,818 [Time-limited test] INFO  audit.AuditLogger (AuditLogger.java:refreshDebugCmdSet(126)) - Refresh DebugCmdSet for DNAudit to [].
2023-06-06 14:26:38,853 [Time-limited test] INFO  server.RaftServer (ConfUtils.java:logGet(46)) - raft.rpc.type = GRPC (default)
2023-06-06 14:26:38,853 [Time-limited test] INFO  grpc.GrpcConfigKeys (ConfUtils.java:logFallback(53)) - raft.grpc.admin.host = null (fallback to raft.grpc.server.host)
2023-06-06 14:26:38,856 [Time-limited test] INFO  grpc.GrpcConfigKeys (ConfUtils.java:logGet(46)) - raft.grpc.admin.port = 15013 (custom)
2023-06-06 14:26:38,856 [Time-limited test] INFO  grpc.GrpcConfigKeys (ConfUtils.java:logFallback(53)) - raft.grpc.client.host = null (fallback to raft.grpc.server.host)
2023-06-06 14:26:38,860 [Time-limited test] INFO  grpc.GrpcConfigKeys (ConfUtils.java:logGet(46)) - raft.grpc.client.port = 15012 (custom)
2023-06-06 14:26:38,860 [Time-limited test] INFO  grpc.GrpcConfigKeys (ConfUtils.java:logGet(46)) - raft.grpc.server.host = null (default)
2023-06-06 14:26:38,860 [Time-limited test] INFO  grpc.GrpcConfigKeys (ConfUtils.java:logGet(46)) - raft.grpc.server.port = 15014 (custom)
2023-06-06 14:26:38,860 [Time-limited test] INFO  server.GrpcService (ConfUtils.java:logGet(46)) - raft.grpc.message.size.max = 32MB (=33554432) (custom)
2023-06-06 14:26:38,861 [Time-limited test] INFO  server.RaftServerConfigKeys (ConfUtils.java:logGet(46)) - raft.server.log.appender.buffer.byte-limit = 33554432 (custom)
2023-06-06 14:26:38,861 [Time-limited test] INFO  server.GrpcService (ConfUtils.java:logGet(46)) - raft.grpc.flow.control.window = 5MB (=5242880) (custom)
2023-06-06 14:26:38,861 [Time-limited test] INFO  server.RaftServerConfigKeys (ConfUtils.java:logGet(46)) - raft.server.rpc.request.timeout = 60s (custom)
2023-06-06 14:26:38,862 [Time-limited test] INFO  grpc.GrpcConfigKeys (ConfUtils.java:logGet(46)) - raft.grpc.server.heartbeat.channel = true (default)
2023-06-06 14:26:38,862 [Time-limited test] INFO  grpc.GrpcConfigKeys (ConfUtils.java:logGet(46)) - raft.grpc.server.async.request.thread.pool.cached = true (default)
2023-06-06 14:26:38,862 [Time-limited test] INFO  grpc.GrpcConfigKeys (ConfUtils.java:logGet(46)) - raft.grpc.server.async.request.thread.pool.size = 32 (default)
2023-06-06 14:26:38,866 [Time-limited test] INFO  impl.DataStreamServerImpl (ConfUtils.java:logGet(46)) - raft.datastream.type = NETTY (custom)
2023-06-06 14:26:38,877 [Time-limited test] INFO  server.RaftServerConfigKeys (ConfUtils.java:logGet(46)) - raft.server.data-stream.async.request.thread.pool.cached = false (default)
2023-06-06 14:26:38,878 [Time-limited test] INFO  server.RaftServerConfigKeys (ConfUtils.java:logGet(46)) - raft.server.data-stream.async.request.thread.pool.size = 20 (custom)
2023-06-06 14:26:38,878 [Time-limited test] INFO  server.RaftServerConfigKeys (ConfUtils.java:logGet(46)) - raft.server.data-stream.async.write.thread.pool.size = 16 (default)
2023-06-06 14:26:38,879 [Time-limited test] INFO  server.RaftServerConfigKeys (ConfUtils.java:logGet(46)) - raft.server.data-stream.client.pool.size = 10 (default)
2023-06-06 14:26:38,883 [Time-limited test] INFO  netty.NettyConfigKeys$DataStream (ConfUtils.java:logGet(46)) - raft.netty.dataStream.server.use-epoll = false (default)
2023-06-06 14:26:38,883 [Time-limited test] INFO  netty.NettyConfigKeys$DataStream (ConfUtils.java:logGet(46)) - raft.netty.dataStream.server.boss-group.size = 0 (default)
2023-06-06 14:26:38,889 [Time-limited test] INFO  netty.NettyConfigKeys$DataStream (ConfUtils.java:logGet(46)) - raft.netty.dataStream.server.worker-group.size = 0 (default)
2023-06-06 14:26:38,890 [Time-limited test] INFO  netty.NettyConfigKeys$DataStream (ConfUtils.java:logGet(46)) - raft.netty.dataStream.server.tls.conf = null (default)
2023-06-06 14:26:38,892 [Time-limited test] INFO  netty.NettyConfigKeys$DataStream (ConfUtils.java:logGet(46)) - raft.netty.dataStream.host = null (default)
2023-06-06 14:26:38,892 [Time-limited test] INFO  netty.NettyConfigKeys$DataStream (ConfUtils.java:logGet(46)) - raft.netty.dataStream.port = 15015 (custom)
2023-06-06 14:26:38,901 [Time-limited test] INFO  server.RaftServerConfigKeys (ConfUtils.java:logGet(46)) - raft.server.threadpool.proxy.cached = true (default)
2023-06-06 14:26:38,901 [Time-limited test] INFO  server.RaftServerConfigKeys (ConfUtils.java:logGet(46)) - raft.server.threadpool.proxy.size = 0 (default)
2023-06-06 14:26:38,901 [Time-limited test] INFO  server.RaftServerConfigKeys (ConfUtils.java:logGet(46)) - raft.server.rpc.slowness.timeout = 300s (custom)
2023-06-06 14:26:38,901 [Time-limited test] INFO  server.RaftServerConfigKeys (ConfUtils.java:logGet(46)) - raft.server.leaderelection.leader.step-down.wait-time = 10s (default)
2023-06-06 14:26:38,901 [Time-limited test] INFO  server.RaftServerConfigKeys (ConfUtils.java:logGet(46)) - raft.server.storage.dir = [/home/runner/work/ozone/ozone/hadoop-ozone/integration-test/target/test-dir/MiniOzoneClusterImpl-27950e3c-5885-4478-a852-34ee2aeb73f6/datanode-0/data/ratis] (custom)
2023-06-06 14:26:38,971 [c077bb33-fcdc-4b26-85c1-b9d62aefbd7c-NettyServerStreamRpc-bossGroup--thread1] INFO  logging.LoggingHandler (AbstractInternalLogger.java:log(148)) - [id: 0x978cecee] REGISTERED
2023-06-06 14:26:38,971 [c077bb33-fcdc-4b26-85c1-b9d62aefbd7c-NettyServerStreamRpc-bossGroup--thread1] INFO  logging.LoggingHandler (AbstractInternalLogger.java:log(148)) - [id: 0x978cecee] BIND: 0.0.0.0/0.0.0.0:15015
2023-06-06 14:26:38,972 [c077bb33-fcdc-4b26-85c1-b9d62aefbd7c-NettyServerStreamRpc-bossGroup--thread1] INFO  logging.LoggingHandler (AbstractInternalLogger.java:log(148)) - [id: 0x978cecee, L:/0:0:0:0:0:0:0:0:15015] ACTIVE
2023-06-06 14:26:38,984 [Time-limited test] INFO  server.XceiverServerGrpc (XceiverServerGrpc.java:<init>(132)) - GrpcServer channel type EpollServerSocketChannel
2023-06-06 14:26:39,015 [Time-limited test] INFO  replication.ReplicationSupervisor (ReplicationSupervisor.java:nodeStateUpdated(305)) - Node state updated to IN_SERVICE, scaling executor pool size to 10
2023-06-06 14:26:39,055 [Time-limited test] INFO  http.BaseHttpServer (BaseHttpServer.java:newHttpServer2BuilderForOzone(224)) - Starting Web-server for hddsDatanode at: http://0.0.0.0:15009
2023-06-06 14:26:39,055 [Time-limited test] INFO  http.BaseHttpServer (BaseHttpServer.java:<init>(111)) - Hadoop Security Enabled: false Ozone Security Enabled: false Ozone HTTP Security Enabled: false 
2023-06-06 14:26:39,056 [Time-limited test] WARN  server.AuthenticationFilter (AuthenticationFilter.java:constructSecretProvider(240)) - Unable to initialize FileSignerSecretProvider, falling back to use random secrets. Reason: Could not read signature secret file: /home/runner/hadoop-http-auth-signature-secret
2023-06-06 14:26:39,057 [Time-limited test] INFO  http.HttpRequestLog (HttpRequestLog.java:getRequestLog(86)) - Http request log for http.requests.hddsDatanode is not defined
2023-06-06 14:26:39,059 [Time-limited test] INFO  http.HttpServer2 (HttpServer2.java:addGlobalFilter(1031)) - Added global filter 'safety' (class=org.apache.hadoop.hdds.server.http.HttpServer2$QuotingInputFilter)
2023-06-06 14:26:39,059 [Time-limited test] INFO  http.HttpServer2 (HttpServer2.java:addFilter(1007)) - Added filter static_user_filter (class=org.apache.hadoop.http.lib.StaticUserWebFilter$StaticUserFilter) to context hddsDatanode
2023-06-06 14:26:39,060 [Time-limited test] INFO  http.HttpServer2 (HttpServer2.java:addFilter(1015)) - Added filter static_user_filter (class=org.apache.hadoop.http.lib.StaticUserWebFilter$StaticUserFilter) to context logs
2023-06-06 14:26:39,060 [Time-limited test] INFO  http.HttpServer2 (HttpServer2.java:addFilter(1015)) - Added filter static_user_filter (class=org.apache.hadoop.http.lib.StaticUserWebFilter$StaticUserFilter) to context static
2023-06-06 14:26:39,060 [Time-limited test] INFO  http.BaseHttpServer (BaseHttpServer.java:<init>(190)) - HTTP server of hddsDatanode uses base directory /home/runner/work/ozone/ozone/hadoop-ozone/integration-test/target/test-dir/MiniOzoneClusterImpl-27950e3c-5885-4478-a852-34ee2aeb73f6/datanode-0/meta/webserver
2023-06-06 14:26:39,061 [Time-limited test] INFO  http.HttpServer2 (HttpServer2.java:bindListener(1250)) - Jetty bound to port 15009
2023-06-06 14:26:39,061 [Time-limited test] INFO  server.Server (Server.java:doStart(375)) - jetty-9.4.51.v20230217; built: 2023-02-17T08:19:37.309Z; git: b45c405e4544384de066f814ed42ae3dceacdd49; jvm 1.8.0_372-b07
2023-06-06 14:26:39,063 [Time-limited test] INFO  server.session (DefaultSessionIdManager.java:doStart(334)) - DefaultSessionIdManager workerName=node0
2023-06-06 14:26:39,063 [Time-limited test] INFO  server.session (DefaultSessionIdManager.java:doStart(339)) - No SessionScavenger set, using defaults
2023-06-06 14:26:39,063 [Time-limited test] INFO  server.session (HouseKeeper.java:startScavenging(132)) - node0 Scavenging every 600000ms
2023-06-06 14:26:39,064 [Time-limited test] INFO  handler.ContextHandler (ContextHandler.java:doStart(921)) - Started o.e.j.s.ServletContextHandler@5183db0b{logs,/logs,file:///home/runner/work/ozone/ozone/hadoop-ozone/integration-test/target/log,AVAILABLE}
2023-06-06 14:26:39,065 [Time-limited test] INFO  handler.ContextHandler (ContextHandler.java:doStart(921)) - Started o.e.j.s.ServletContextHandler@118c4467{static,/static,jar:file:/home/runner/.m2/repository/org/apache/ozone/hdds-container-service/1.4.0-SNAPSHOT/hdds-container-service-1.4.0-SNAPSHOT.jar!/webapps/static,AVAILABLE}
2023-06-06 14:26:39,297 [Time-limited test] INFO  handler.ContextHandler (ContextHandler.java:doStart(921)) - Started o.e.j.w.WebAppContext@5aa05b96{hddsDatanode,/,file:///home/runner/work/ozone/ozone/hadoop-ozone/integration-test/target/test-dir/MiniOzoneClusterImpl-27950e3c-5885-4478-a852-34ee2aeb73f6/datanode-0/meta/webserver/jetty-0_0_0_0-15009-hdds-container-service-1_4_0-SNAPSHOT_jar-_-any-6289023791991329768/webapp/,AVAILABLE}{jar:file:/home/runner/.m2/repository/org/apache/ozone/hdds-container-service/1.4.0-SNAPSHOT/hdds-container-service-1.4.0-SNAPSHOT.jar!/webapps/hddsDatanode}
2023-06-06 14:26:39,299 [Time-limited test] INFO  server.AbstractConnector (AbstractConnector.java:doStart(333)) - Started ServerConnector@4bd0f290{HTTP/1.1, (http/1.1)}{0.0.0.0:15009}
2023-06-06 14:26:39,301 [Time-limited test] INFO  server.Server (Server.java:doStart(415)) - Started @8424ms
2023-06-06 14:26:39,302 [Time-limited test] WARN  impl.MetricsSystemImpl (MetricsSystemImpl.java:register(279)) - Sink prometheus already exists!
2023-06-06 14:26:39,302 [Time-limited test] INFO  http.BaseHttpServer (BaseHttpServer.java:updateConnectorAddress(344)) - HTTP server of hddsDatanode listening at http://0.0.0.0:15009
2023-06-06 14:26:39,306 [Time-limited test] INFO  ipc.CallQueueManager (CallQueueManager.java:<init>(90)) - Using callQueue: class java.util.concurrent.LinkedBlockingQueue, queueCapacity: 100, scheduler: class org.apache.hadoop.ipc.DefaultRpcScheduler, ipcBackoff: false.
2023-06-06 14:26:39,308 [Socket Reader #1 for port 15010] INFO  ipc.Server (Server.java:run(1319)) - Starting Socket Reader #1 for port 15010
2023-06-06 14:26:39,313 [Listener at 0.0.0.0/15010] INFO  hdds.HddsUtils (HddsUtils.java:preserveThreadName(843)) - Restoring thread name: Time-limited test
2023-06-06 14:26:39,314 [Time-limited test] INFO  ozone.HddsDatanodeService (HddsDatanodeService.java:start(331)) - Datanode start with admins: [runner]
2023-06-06 14:26:39,314 [Time-limited test] INFO  ozone.HddsDatanodeClientProtocolServer (HddsDatanodeClientProtocolServer.java:start(83)) - RPC server for Client /0.0.0.0:15010
2023-06-06 14:26:39,315 [IPC Server Responder] INFO  ipc.Server (Server.java:run(1558)) - IPC Server Responder: starting
2023-06-06 14:26:39,316 [IPC Server listener on 15010] INFO  ipc.Server (Server.java:run(1398)) - IPC Server listener on 15010: starting
2023-06-06 14:26:39,318 [Time-limited test] WARN  impl.MetricRegistriesImpl (MetricRegistriesImpl.java:addReporterRegistration(111)) - New reporters are added after registries were created. Some metrics will be missing from the reporter. Please add reporter before adding any new registry.
2023-06-06 14:26:39,318 [Time-limited test] WARN  impl.MetricRegistriesImpl (MetricRegistriesImpl.java:addReporterRegistration(111)) - New reporters are added after registries were created. Some metrics will be missing from the reporter. Please add reporter before adding any new registry.
2023-06-06 14:26:39,318 [Time-limited test] INFO  impl.MetricsSystemImpl (MetricsSystemImpl.java:init(158)) - HddsDatanode metrics system started (again)
2023-06-06 14:26:39,324 [Datanode State Machine Daemon Thread] INFO  statemachine.DatanodeStateMachine (DatanodeStateMachine.java:lambda$startDaemon$0(523)) - Ozone container server started.
2023-06-06 14:26:39,340 [Time-limited test] INFO  ozone.HddsDatanodeService (HddsDatanodeService.java:start(261)) - HddsDatanodeService host:fv-az1133-973.qlb2sqfkji0uhjsjdnlwzcsdwg.bx.internal.cloudapp.net ip:10.1.0.37
2023-06-06 14:26:39,366 [Time-limited test] INFO  upgrade.AbstractLayoutVersionManager (AbstractLayoutVersionManager.java:init(83)) - Initializing Layout version manager with metadata layout = HADOOP_PRC_PORTS_IN_DATANODEDETAILS (version = 7), software layout = HADOOP_PRC_PORTS_IN_DATANODEDETAILS (version = 7)
2023-06-06 14:26:39,366 [Time-limited test] INFO  statemachine.DatanodeStateMachine (DatanodeStateMachine.java:getEndPointTaskThreadPoolSize(271)) - Datanode State Machine Task Thread Pool size 2
2023-06-06 14:26:39,378 [Time-limited test] INFO  volume.HddsVolume (HddsVolume.java:<init>(130)) - Creating HddsVolume: /home/runner/work/ozone/ozone/hadoop-ozone/integration-test/target/test-dir/MiniOzoneClusterImpl-27950e3c-5885-4478-a852-34ee2aeb73f6/datanode-1/data-0/containers/hdds of storage type : DISK capacity : 9223372036854775807
2023-06-06 14:26:39,378 [Time-limited test] INFO  volume.MutableVolumeSet (MutableVolumeSet.java:initializeVolumeSet(175)) - Added Volume : /home/runner/work/ozone/ozone/hadoop-ozone/integration-test/target/test-dir/MiniOzoneClusterImpl-27950e3c-5885-4478-a852-34ee2aeb73f6/datanode-1/data-0/containers/hdds to VolumeSet
2023-06-06 14:26:39,378 [Time-limited test] INFO  volume.ThrottledAsyncChecker (ThrottledAsyncChecker.java:schedule(141)) - Scheduling a check for /home/runner/work/ozone/ozone/hadoop-ozone/integration-test/target/test-dir/MiniOzoneClusterImpl-27950e3c-5885-4478-a852-34ee2aeb73f6/datanode-1/data-0/containers/hdds
2023-06-06 14:26:39,389 [Time-limited test] INFO  volume.StorageVolumeChecker (StorageVolumeChecker.java:checkAllVolumes(202)) - Scheduled health check for volume /home/runner/work/ozone/ozone/hadoop-ozone/integration-test/target/test-dir/MiniOzoneClusterImpl-27950e3c-5885-4478-a852-34ee2aeb73f6/datanode-1/data-0/containers/hdds
2023-06-06 14:26:39,422 [Time-limited test] INFO  volume.MutableVolumeSet (MutableVolumeSet.java:initializeVolumeSet(175)) - Added Volume : /home/runner/work/ozone/ozone/hadoop-ozone/integration-test/target/test-dir/MiniOzoneClusterImpl-27950e3c-5885-4478-a852-34ee2aeb73f6/datanode-1/data/ratis to VolumeSet
2023-06-06 14:26:39,425 [Time-limited test] INFO  volume.ThrottledAsyncChecker (ThrottledAsyncChecker.java:schedule(141)) - Scheduling a check for /home/runner/work/ozone/ozone/hadoop-ozone/integration-test/target/test-dir/MiniOzoneClusterImpl-27950e3c-5885-4478-a852-34ee2aeb73f6/datanode-1/data/ratis
2023-06-06 14:26:39,425 [Time-limited test] INFO  volume.StorageVolumeChecker (StorageVolumeChecker.java:checkAllVolumes(202)) - Scheduled health check for volume /home/runner/work/ozone/ozone/hadoop-ozone/integration-test/target/test-dir/MiniOzoneClusterImpl-27950e3c-5885-4478-a852-34ee2aeb73f6/datanode-1/data/ratis
2023-06-06 14:26:39,460 [Thread-157] INFO  ozoneimpl.ContainerReader (ContainerReader.java:readVolume(175)) - Finish verifying containers on volume /home/runner/work/ozone/ozone/hadoop-ozone/integration-test/target/test-dir/MiniOzoneClusterImpl-27950e3c-5885-4478-a852-34ee2aeb73f6/datanode-1/data-0/containers/hdds
2023-06-06 14:26:39,461 [Time-limited test] INFO  ozoneimpl.OzoneContainer (OzoneContainer.java:buildContainerSet(303)) - Build ContainerSet costs 0s
2023-06-06 14:26:39,462 [om1@group-C5BA1605619E-FollowerState] INFO  impl.FollowerState (FollowerState.java:run(143)) - om1@group-C5BA1605619E-FollowerState: change to CANDIDATE, lastRpcElapsedTime:1158772249ns, electionTimeout:1146ms
2023-06-06 14:26:39,463 [om1@group-C5BA1605619E-FollowerState] INFO  impl.RoleInfo (RoleInfo.java:shutdownFollowerState(110)) - om1: shutdown om1@group-C5BA1605619E-FollowerState
2023-06-06 14:26:39,467 [om1@group-C5BA1605619E-FollowerState] INFO  server.RaftServer$Division (RaftServerImpl.java:setRole(329)) - om1@group-C5BA1605619E: changes role from  FOLLOWER to CANDIDATE at term 0 for changeToCandidate
2023-06-06 14:26:39,471 [om1@group-C5BA1605619E-FollowerState] INFO  server.RaftServerConfigKeys (ConfUtils.java:logGet(46)) - raft.server.leaderelection.pre-vote = true (default)
2023-06-06 14:26:39,471 [om1@group-C5BA1605619E-FollowerState] INFO  impl.RoleInfo (RoleInfo.java:updateAndGet(139)) - om1: start om1@group-C5BA1605619E-LeaderElection1
2023-06-06 14:26:39,475 [Time-limited test] INFO  server.RaftServer (ConfUtils.java:logGet(46)) - raft.rpc.type = GRPC (default)
2023-06-06 14:26:39,475 [Time-limited test] INFO  grpc.GrpcConfigKeys (ConfUtils.java:logFallback(53)) - raft.grpc.admin.host = null (fallback to raft.grpc.server.host)
2023-06-06 14:26:39,476 [Time-limited test] INFO  grpc.GrpcConfigKeys (ConfUtils.java:logGet(46)) - raft.grpc.admin.port = 15022 (custom)
2023-06-06 14:26:39,476 [Time-limited test] INFO  grpc.GrpcConfigKeys (ConfUtils.java:logFallback(53)) - raft.grpc.client.host = null (fallback to raft.grpc.server.host)
2023-06-06 14:26:39,476 [Time-limited test] INFO  grpc.GrpcConfigKeys (ConfUtils.java:logGet(46)) - raft.grpc.client.port = 15021 (custom)
2023-06-06 14:26:39,476 [Time-limited test] INFO  grpc.GrpcConfigKeys (ConfUtils.java:logGet(46)) - raft.grpc.server.host = null (default)
2023-06-06 14:26:39,477 [Time-limited test] INFO  grpc.GrpcConfigKeys (ConfUtils.java:logGet(46)) - raft.grpc.server.port = 15023 (custom)
2023-06-06 14:26:39,477 [Time-limited test] INFO  server.GrpcService (ConfUtils.java:logGet(46)) - raft.grpc.message.size.max = 32MB (=33554432) (custom)
2023-06-06 14:26:39,477 [Time-limited test] INFO  server.RaftServerConfigKeys (ConfUtils.java:logGet(46)) - raft.server.log.appender.buffer.byte-limit = 33554432 (custom)
2023-06-06 14:26:39,477 [Time-limited test] INFO  server.GrpcService (ConfUtils.java:logGet(46)) - raft.grpc.flow.control.window = 5MB (=5242880) (custom)
2023-06-06 14:26:39,477 [Time-limited test] INFO  server.RaftServerConfigKeys (ConfUtils.java:logGet(46)) - raft.server.rpc.request.timeout = 60s (custom)
2023-06-06 14:26:39,477 [Time-limited test] INFO  grpc.GrpcConfigKeys (ConfUtils.java:logGet(46)) - raft.grpc.server.heartbeat.channel = true (default)
2023-06-06 14:26:39,477 [Time-limited test] INFO  grpc.GrpcConfigKeys (ConfUtils.java:logGet(46)) - raft.grpc.server.async.request.thread.pool.cached = true (default)
2023-06-06 14:26:39,478 [Time-limited test] INFO  grpc.GrpcConfigKeys (ConfUtils.java:logGet(46)) - raft.grpc.server.async.request.thread.pool.size = 32 (default)
2023-06-06 14:26:39,484 [Time-limited test] INFO  impl.DataStreamServerImpl (ConfUtils.java:logGet(46)) - raft.datastream.type = NETTY (custom)
2023-06-06 14:26:39,484 [Time-limited test] INFO  server.RaftServerConfigKeys (ConfUtils.java:logGet(46)) - raft.server.data-stream.async.request.thread.pool.cached = false (default)
2023-06-06 14:26:39,484 [Time-limited test] INFO  server.RaftServerConfigKeys (ConfUtils.java:logGet(46)) - raft.server.data-stream.async.request.thread.pool.size = 20 (custom)
2023-06-06 14:26:39,484 [Time-limited test] INFO  server.RaftServerConfigKeys (ConfUtils.java:logGet(46)) - raft.server.data-stream.async.write.thread.pool.size = 16 (default)
2023-06-06 14:26:39,484 [Time-limited test] INFO  server.RaftServerConfigKeys (ConfUtils.java:logGet(46)) - raft.server.data-stream.client.pool.size = 10 (default)
2023-06-06 14:26:39,484 [Time-limited test] INFO  netty.NettyConfigKeys$DataStream (ConfUtils.java:logGet(46)) - raft.netty.dataStream.server.use-epoll = false (default)
2023-06-06 14:26:39,484 [Time-limited test] INFO  netty.NettyConfigKeys$DataStream (ConfUtils.java:logGet(46)) - raft.netty.dataStream.server.boss-group.size = 0 (default)
2023-06-06 14:26:39,485 [Time-limited test] INFO  netty.NettyConfigKeys$DataStream (ConfUtils.java:logGet(46)) - raft.netty.dataStream.server.worker-group.size = 0 (default)
2023-06-06 14:26:39,485 [Time-limited test] INFO  netty.NettyConfigKeys$DataStream (ConfUtils.java:logGet(46)) - raft.netty.dataStream.server.tls.conf = null (default)
2023-06-06 14:26:39,485 [Time-limited test] INFO  netty.NettyConfigKeys$DataStream (ConfUtils.java:logGet(46)) - raft.netty.dataStream.host = null (default)
2023-06-06 14:26:39,485 [Time-limited test] INFO  netty.NettyConfigKeys$DataStream (ConfUtils.java:logGet(46)) - raft.netty.dataStream.port = 15024 (custom)
2023-06-06 14:26:39,491 [Datanode State Machine Task Thread - 0] INFO  datanode.InitDatanodeState (InitDatanodeState.java:persistContainerDatanodeDetails(138)) - DatanodeDetails is persisted to /home/runner/work/ozone/ozone/hadoop-ozone/integration-test/target/test-dir/MiniOzoneClusterImpl-27950e3c-5885-4478-a852-34ee2aeb73f6/datanode-0/meta/datanode.id
2023-06-06 14:26:39,492 [om1@group-C5BA1605619E-LeaderElection1] INFO  impl.LeaderElection (LeaderElection.java:askForVotes(321)) - om1@group-C5BA1605619E-LeaderElection1 PRE_VOTE round 0: submit vote requests at term 0 for -1: peers:[om1|rpc:localhost:15007|priority:0|startupRole:FOLLOWER]|listeners:[], old=null
2023-06-06 14:26:39,493 [om1@group-C5BA1605619E-LeaderElection1] INFO  impl.LeaderElection (LeaderElection.java:askForVotes(323)) - om1@group-C5BA1605619E-LeaderElection1 PRE_VOTE round 0: result PASSED (term=0)
2023-06-06 14:26:39,494 [Time-limited test] INFO  server.RaftServerConfigKeys (ConfUtils.java:logGet(46)) - raft.server.threadpool.proxy.cached = true (default)
2023-06-06 14:26:39,494 [Time-limited test] INFO  server.RaftServerConfigKeys (ConfUtils.java:logGet(46)) - raft.server.threadpool.proxy.size = 0 (default)
2023-06-06 14:26:39,495 [Time-limited test] INFO  server.RaftServerConfigKeys (ConfUtils.java:logGet(46)) - raft.server.rpc.slowness.timeout = 300s (custom)
2023-06-06 14:26:39,495 [Time-limited test] INFO  server.RaftServerConfigKeys (ConfUtils.java:logGet(46)) - raft.server.leaderelection.leader.step-down.wait-time = 10s (default)
2023-06-06 14:26:39,496 [Time-limited test] INFO  server.RaftServerConfigKeys (ConfUtils.java:logGet(46)) - raft.server.storage.dir = [/home/runner/work/ozone/ozone/hadoop-ozone/integration-test/target/test-dir/MiniOzoneClusterImpl-27950e3c-5885-4478-a852-34ee2aeb73f6/datanode-1/data/ratis] (custom)
2023-06-06 14:26:39,497 [om1@group-C5BA1605619E-LeaderElection1] INFO  impl.LeaderElection (LeaderElection.java:askForVotes(321)) - om1@group-C5BA1605619E-LeaderElection1 ELECTION round 0: submit vote requests at term 1 for -1: peers:[om1|rpc:localhost:15007|priority:0|startupRole:FOLLOWER]|listeners:[], old=null
2023-06-06 14:26:39,497 [om1@group-C5BA1605619E-LeaderElection1] INFO  impl.LeaderElection (LeaderElection.java:askForVotes(323)) - om1@group-C5BA1605619E-LeaderElection1 ELECTION round 0: result PASSED (term=1)
2023-06-06 14:26:39,497 [om1@group-C5BA1605619E-LeaderElection1] INFO  impl.RoleInfo (RoleInfo.java:shutdownLeaderElection(130)) - om1: shutdown om1@group-C5BA1605619E-LeaderElection1
2023-06-06 14:26:39,498 [om1@group-C5BA1605619E-LeaderElection1] INFO  server.RaftServer$Division (RaftServerImpl.java:setRole(329)) - om1@group-C5BA1605619E: changes role from CANDIDATE to LEADER at term 1 for changeToLeader
2023-06-06 14:26:39,502 [om1@group-C5BA1605619E-LeaderElection1] INFO  server.RaftServer$Division (ServerState.java:setLeader(317)) - om1@group-C5BA1605619E: change Leader from null to om1 at term 1 for becomeLeader, leader elected after 2226ms
2023-06-06 14:26:39,506 [4e2b4efa-bcb4-46de-b119-545b7decf2b1-NettyServerStreamRpc-bossGroup--thread1] INFO  logging.LoggingHandler (AbstractInternalLogger.java:log(148)) - [id: 0xb81cab42] REGISTERED
2023-06-06 14:26:39,507 [4e2b4efa-bcb4-46de-b119-545b7decf2b1-NettyServerStreamRpc-bossGroup--thread1] INFO  logging.LoggingHandler (AbstractInternalLogger.java:log(148)) - [id: 0xb81cab42] BIND: 0.0.0.0/0.0.0.0:15024
2023-06-06 14:26:39,507 [4e2b4efa-bcb4-46de-b119-545b7decf2b1-NettyServerStreamRpc-bossGroup--thread1] INFO  logging.LoggingHandler (AbstractInternalLogger.java:log(148)) - [id: 0xb81cab42, L:/0:0:0:0:0:0:0:0:15024] ACTIVE
2023-06-06 14:26:39,512 [Time-limited test] INFO  server.XceiverServerGrpc (XceiverServerGrpc.java:<init>(132)) - GrpcServer channel type EpollServerSocketChannel
2023-06-06 14:26:39,516 [Time-limited test] INFO  replication.ReplicationSupervisor (ReplicationSupervisor.java:nodeStateUpdated(305)) - Node state updated to IN_SERVICE, scaling executor pool size to 10
2023-06-06 14:26:39,523 [om1@group-C5BA1605619E-LeaderElection1] INFO  server.RaftServerConfigKeys (ConfUtils.java:logGet(46)) - raft.server.staging.catchup.gap = 1000 (default)
2023-06-06 14:26:39,524 [Time-limited test] INFO  http.BaseHttpServer (BaseHttpServer.java:newHttpServer2BuilderForOzone(224)) - Starting Web-server for hddsDatanode at: http://0.0.0.0:15018
2023-06-06 14:26:39,524 [Time-limited test] INFO  http.BaseHttpServer (BaseHttpServer.java:<init>(111)) - Hadoop Security Enabled: false Ozone Security Enabled: false Ozone HTTP Security Enabled: false 
2023-06-06 14:26:39,525 [Time-limited test] WARN  server.AuthenticationFilter (AuthenticationFilter.java:constructSecretProvider(240)) - Unable to initialize FileSignerSecretProvider, falling back to use random secrets. Reason: Could not read signature secret file: /home/runner/hadoop-http-auth-signature-secret
2023-06-06 14:26:39,527 [Time-limited test] INFO  http.HttpRequestLog (HttpRequestLog.java:getRequestLog(86)) - Http request log for http.requests.hddsDatanode is not defined
2023-06-06 14:26:39,528 [Time-limited test] INFO  http.HttpServer2 (HttpServer2.java:addGlobalFilter(1031)) - Added global filter 'safety' (class=org.apache.hadoop.hdds.server.http.HttpServer2$QuotingInputFilter)
2023-06-06 14:26:39,529 [Time-limited test] INFO  http.HttpServer2 (HttpServer2.java:addFilter(1007)) - Added filter static_user_filter (class=org.apache.hadoop.http.lib.StaticUserWebFilter$StaticUserFilter) to context hddsDatanode
2023-06-06 14:26:39,529 [Time-limited test] INFO  http.HttpServer2 (HttpServer2.java:addFilter(1015)) - Added filter static_user_filter (class=org.apache.hadoop.http.lib.StaticUserWebFilter$StaticUserFilter) to context logs
2023-06-06 14:26:39,529 [Time-limited test] INFO  http.HttpServer2 (HttpServer2.java:addFilter(1015)) - Added filter static_user_filter (class=org.apache.hadoop.http.lib.StaticUserWebFilter$StaticUserFilter) to context static
2023-06-06 14:26:39,534 [Time-limited test] INFO  http.BaseHttpServer (BaseHttpServer.java:<init>(190)) - HTTP server of hddsDatanode uses base directory /home/runner/work/ozone/ozone/hadoop-ozone/integration-test/target/test-dir/MiniOzoneClusterImpl-27950e3c-5885-4478-a852-34ee2aeb73f6/datanode-1/meta/webserver
2023-06-06 14:26:39,534 [Time-limited test] INFO  http.HttpServer2 (HttpServer2.java:bindListener(1250)) - Jetty bound to port 15018
2023-06-06 14:26:39,534 [Time-limited test] INFO  server.Server (Server.java:doStart(375)) - jetty-9.4.51.v20230217; built: 2023-02-17T08:19:37.309Z; git: b45c405e4544384de066f814ed42ae3dceacdd49; jvm 1.8.0_372-b07
2023-06-06 14:26:39,536 [om1@group-C5BA1605619E-LeaderElection1] INFO  server.RaftServerConfigKeys (ConfUtils.java:logGet(46)) - raft.server.write.element-limit = 4096 (default)
2023-06-06 14:26:39,536 [om1@group-C5BA1605619E-LeaderElection1] INFO  server.RaftServerConfigKeys (ConfUtils.java:logGet(46)) - raft.server.write.byte-limit = 64MB (=67108864) (default)
2023-06-06 14:26:39,541 [om1@group-C5BA1605619E-LeaderElection1] INFO  server.RaftServerConfigKeys (ConfUtils.java:logGet(46)) - raft.server.watch.timeout = 10s (default)
2023-06-06 14:26:39,541 [om1@group-C5BA1605619E-LeaderElection1] INFO  server.RaftServerConfigKeys (ConfUtils.java:logGet(46)) - raft.server.watch.timeout.denomination = 1s (default)
2023-06-06 14:26:39,542 [om1@group-C5BA1605619E-LeaderElection1] INFO  server.RaftServerConfigKeys (ConfUtils.java:logGet(46)) - raft.server.watch.element-limit = 65536 (default)
2023-06-06 14:26:39,546 [om1@group-C5BA1605619E-LeaderElection1] INFO  server.RaftServerConfigKeys (ConfUtils.java:logGet(46)) - raft.server.write.element-limit = 4096 (default)
2023-06-06 14:26:39,550 [om1@group-C5BA1605619E-LeaderElection1] INFO  server.RaftServerConfigKeys (ConfUtils.java:logGet(46)) - raft.server.write.follower.gap.ratio.max = -1.0 (default)
2023-06-06 14:26:39,553 [om1@group-C5BA1605619E-LeaderElection1] INFO  impl.RoleInfo (RoleInfo.java:updateAndGet(139)) - om1: start om1@group-C5BA1605619E-LeaderStateImpl
2023-06-06 14:26:39,574 [Time-limited test] INFO  server.session (DefaultSessionIdManager.java:doStart(334)) - DefaultSessionIdManager workerName=node0
2023-06-06 14:26:39,574 [Time-limited test] INFO  server.session (DefaultSessionIdManager.java:doStart(339)) - No SessionScavenger set, using defaults
2023-06-06 14:26:39,574 [Time-limited test] INFO  server.session (HouseKeeper.java:startScavenging(132)) - node0 Scavenging every 660000ms
2023-06-06 14:26:39,582 [Time-limited test] INFO  handler.ContextHandler (ContextHandler.java:doStart(921)) - Started o.e.j.s.ServletContextHandler@318dd00e{logs,/logs,file:///home/runner/work/ozone/ozone/hadoop-ozone/integration-test/target/log,AVAILABLE}
2023-06-06 14:26:39,582 [Time-limited test] INFO  handler.ContextHandler (ContextHandler.java:doStart(921)) - Started o.e.j.s.ServletContextHandler@4dc00289{static,/static,jar:file:/home/runner/.m2/repository/org/apache/ozone/hdds-container-service/1.4.0-SNAPSHOT/hdds-container-service-1.4.0-SNAPSHOT.jar!/webapps/static,AVAILABLE}
2023-06-06 14:26:39,592 [om1@group-C5BA1605619E-LeaderElection1] INFO  segmented.SegmentedRaftLogWorker (SegmentedRaftLogWorker.java:startLogSegment(447)) - om1@group-C5BA1605619E-SegmentedRaftLogWorker: Starting segment from index:0
2023-06-06 14:26:39,659 [om1@group-C5BA1605619E-LeaderElection1] INFO  server.RaftServer$Division (ServerState.java:setRaftConf(434)) - om1@group-C5BA1605619E: set configuration 0: peers:[om1|rpc:localhost:15007|admin:|client:|dataStream:|priority:0|startupRole:FOLLOWER]|listeners:[], old=null
2023-06-06 14:26:39,764 [om1@group-C5BA1605619E-SegmentedRaftLogWorker] INFO  segmented.SegmentedRaftLogWorker (SegmentedRaftLogWorker.java:execute(651)) - om1@group-C5BA1605619E-SegmentedRaftLogWorker: created new log segment /home/runner/work/ozone/ozone/hadoop-ozone/integration-test/target/test-dir/MiniOzoneClusterImpl-27950e3c-5885-4478-a852-34ee2aeb73f6/ozone-meta/ratis/bf265839-605b-3f16-9796-c5ba1605619e/current/log_inprogress_0
2023-06-06 14:26:39,926 [om1@group-C5BA1605619E-StateMachineUpdater] INFO  ratis.OzoneManagerStateMachine (OzoneManagerStateMachine.java:notifyConfigurationChanged(201)) - Received Configuration change notification from Ratis. New Peer list:
[id: "om1"
address: "localhost:15007"
startupRole: FOLLOWER
]
2023-06-06 14:26:39,962 [Time-limited test] INFO  handler.ContextHandler (ContextHandler.java:doStart(921)) - Started o.e.j.w.WebAppContext@17cb59f9{hddsDatanode,/,file:///home/runner/work/ozone/ozone/hadoop-ozone/integration-test/target/test-dir/MiniOzoneClusterImpl-27950e3c-5885-4478-a852-34ee2aeb73f6/datanode-1/meta/webserver/jetty-0_0_0_0-15018-hdds-container-service-1_4_0-SNAPSHOT_jar-_-any-5583858732936350604/webapp/,AVAILABLE}{jar:file:/home/runner/.m2/repository/org/apache/ozone/hdds-container-service/1.4.0-SNAPSHOT/hdds-container-service-1.4.0-SNAPSHOT.jar!/webapps/hddsDatanode}
2023-06-06 14:26:39,964 [Time-limited test] INFO  server.AbstractConnector (AbstractConnector.java:doStart(333)) - Started ServerConnector@15f701d0{HTTP/1.1, (http/1.1)}{0.0.0.0:15018}
2023-06-06 14:26:39,964 [Time-limited test] INFO  server.Server (Server.java:doStart(415)) - Started @9086ms
2023-06-06 14:26:39,964 [Time-limited test] WARN  impl.MetricsSystemImpl (MetricsSystemImpl.java:register(279)) - Sink prometheus already exists!
2023-06-06 14:26:39,965 [Time-limited test] INFO  http.BaseHttpServer (BaseHttpServer.java:updateConnectorAddress(344)) - HTTP server of hddsDatanode listening at http://0.0.0.0:15018
2023-06-06 14:26:39,965 [Time-limited test] INFO  ipc.CallQueueManager (CallQueueManager.java:<init>(90)) - Using callQueue: class java.util.concurrent.LinkedBlockingQueue, queueCapacity: 100, scheduler: class org.apache.hadoop.ipc.DefaultRpcScheduler, ipcBackoff: false.
2023-06-06 14:26:39,970 [Socket Reader #1 for port 15019] INFO  ipc.Server (Server.java:run(1319)) - Starting Socket Reader #1 for port 15019
2023-06-06 14:26:39,978 [Listener at 0.0.0.0/15019] INFO  hdds.HddsUtils (HddsUtils.java:preserveThreadName(843)) - Restoring thread name: Time-limited test
2023-06-06 14:26:39,979 [Time-limited test] INFO  ozone.HddsDatanodeService (HddsDatanodeService.java:start(331)) - Datanode start with admins: [runner]
2023-06-06 14:26:39,979 [Time-limited test] INFO  ozone.HddsDatanodeClientProtocolServer (HddsDatanodeClientProtocolServer.java:start(83)) - RPC server for Client /0.0.0.0:15019
2023-06-06 14:26:39,980 [IPC Server Responder] INFO  ipc.Server (Server.java:run(1558)) - IPC Server Responder: starting
2023-06-06 14:26:39,980 [IPC Server listener on 15019] INFO  ipc.Server (Server.java:run(1398)) - IPC Server listener on 15019: starting
2023-06-06 14:26:39,982 [Datanode State Machine Daemon Thread] INFO  statemachine.DatanodeStateMachine (DatanodeStateMachine.java:lambda$startDaemon$0(523)) - Ozone container server started.
2023-06-06 14:26:39,983 [Time-limited test] WARN  impl.MetricRegistriesImpl (MetricRegistriesImpl.java:addReporterRegistration(111)) - New reporters are added after registries were created. Some metrics will be missing from the reporter. Please add reporter before adding any new registry.
2023-06-06 14:26:39,983 [Time-limited test] WARN  impl.MetricRegistriesImpl (MetricRegistriesImpl.java:addReporterRegistration(111)) - New reporters are added after registries were created. Some metrics will be missing from the reporter. Please add reporter before adding any new registry.
2023-06-06 14:26:39,983 [Time-limited test] INFO  impl.MetricsSystemImpl (MetricsSystemImpl.java:init(158)) - HddsDatanode metrics system started (again)
2023-06-06 14:26:39,995 [Time-limited test] INFO  ozone.HddsDatanodeService (HddsDatanodeService.java:start(261)) - HddsDatanodeService host:fv-az1133-973.qlb2sqfkji0uhjsjdnlwzcsdwg.bx.internal.cloudapp.net ip:10.1.0.37
2023-06-06 14:26:40,010 [Datanode State Machine Task Thread - 0] INFO  datanode.InitDatanodeState (InitDatanodeState.java:persistContainerDatanodeDetails(138)) - DatanodeDetails is persisted to /home/runner/work/ozone/ozone/hadoop-ozone/integration-test/target/test-dir/MiniOzoneClusterImpl-27950e3c-5885-4478-a852-34ee2aeb73f6/datanode-1/meta/datanode.id
2023-06-06 14:26:40,016 [Time-limited test] INFO  upgrade.AbstractLayoutVersionManager (AbstractLayoutVersionManager.java:init(83)) - Initializing Layout version manager with metadata layout = HADOOP_PRC_PORTS_IN_DATANODEDETAILS (version = 7), software layout = HADOOP_PRC_PORTS_IN_DATANODEDETAILS (version = 7)
2023-06-06 14:26:40,024 [Time-limited test] INFO  statemachine.DatanodeStateMachine (DatanodeStateMachine.java:getEndPointTaskThreadPoolSize(271)) - Datanode State Machine Task Thread Pool size 2
2023-06-06 14:26:40,029 [Time-limited test] INFO  volume.HddsVolume (HddsVolume.java:<init>(130)) - Creating HddsVolume: /home/runner/work/ozone/ozone/hadoop-ozone/integration-test/target/test-dir/MiniOzoneClusterImpl-27950e3c-5885-4478-a852-34ee2aeb73f6/datanode-2/data-0/containers/hdds of storage type : DISK capacity : 9223372036854775807
2023-06-06 14:26:40,029 [Time-limited test] INFO  volume.MutableVolumeSet (MutableVolumeSet.java:initializeVolumeSet(175)) - Added Volume : /home/runner/work/ozone/ozone/hadoop-ozone/integration-test/target/test-dir/MiniOzoneClusterImpl-27950e3c-5885-4478-a852-34ee2aeb73f6/datanode-2/data-0/containers/hdds to VolumeSet
2023-06-06 14:26:40,030 [Time-limited test] INFO  volume.ThrottledAsyncChecker (ThrottledAsyncChecker.java:schedule(141)) - Scheduling a check for /home/runner/work/ozone/ozone/hadoop-ozone/integration-test/target/test-dir/MiniOzoneClusterImpl-27950e3c-5885-4478-a852-34ee2aeb73f6/datanode-2/data-0/containers/hdds
2023-06-06 14:26:40,035 [Time-limited test] INFO  volume.StorageVolumeChecker (StorageVolumeChecker.java:checkAllVolumes(202)) - Scheduled health check for volume /home/runner/work/ozone/ozone/hadoop-ozone/integration-test/target/test-dir/MiniOzoneClusterImpl-27950e3c-5885-4478-a852-34ee2aeb73f6/datanode-2/data-0/containers/hdds
2023-06-06 14:26:40,046 [Time-limited test] INFO  volume.MutableVolumeSet (MutableVolumeSet.java:initializeVolumeSet(175)) - Added Volume : /home/runner/work/ozone/ozone/hadoop-ozone/integration-test/target/test-dir/MiniOzoneClusterImpl-27950e3c-5885-4478-a852-34ee2aeb73f6/datanode-2/data/ratis to VolumeSet
2023-06-06 14:26:40,046 [Time-limited test] INFO  volume.ThrottledAsyncChecker (ThrottledAsyncChecker.java:schedule(141)) - Scheduling a check for /home/runner/work/ozone/ozone/hadoop-ozone/integration-test/target/test-dir/MiniOzoneClusterImpl-27950e3c-5885-4478-a852-34ee2aeb73f6/datanode-2/data/ratis
2023-06-06 14:26:40,046 [Time-limited test] INFO  volume.StorageVolumeChecker (StorageVolumeChecker.java:checkAllVolumes(202)) - Scheduled health check for volume /home/runner/work/ozone/ozone/hadoop-ozone/integration-test/target/test-dir/MiniOzoneClusterImpl-27950e3c-5885-4478-a852-34ee2aeb73f6/datanode-2/data/ratis
2023-06-06 14:26:40,057 [Thread-176] INFO  ozoneimpl.ContainerReader (ContainerReader.java:readVolume(175)) - Finish verifying containers on volume /home/runner/work/ozone/ozone/hadoop-ozone/integration-test/target/test-dir/MiniOzoneClusterImpl-27950e3c-5885-4478-a852-34ee2aeb73f6/datanode-2/data-0/containers/hdds
2023-06-06 14:26:40,057 [Time-limited test] INFO  ozoneimpl.OzoneContainer (OzoneContainer.java:buildContainerSet(303)) - Build ContainerSet costs 0s
2023-06-06 14:26:40,060 [Time-limited test] INFO  server.RaftServer (ConfUtils.java:logGet(46)) - raft.rpc.type = GRPC (default)
2023-06-06 14:26:40,060 [Time-limited test] INFO  grpc.GrpcConfigKeys (ConfUtils.java:logFallback(53)) - raft.grpc.admin.host = null (fallback to raft.grpc.server.host)
2023-06-06 14:26:40,060 [Time-limited test] INFO  grpc.GrpcConfigKeys (ConfUtils.java:logGet(46)) - raft.grpc.admin.port = 15031 (custom)
2023-06-06 14:26:40,060 [Time-limited test] INFO  grpc.GrpcConfigKeys (ConfUtils.java:logFallback(53)) - raft.grpc.client.host = null (fallback to raft.grpc.server.host)
2023-06-06 14:26:40,060 [Time-limited test] INFO  grpc.GrpcConfigKeys (ConfUtils.java:logGet(46)) - raft.grpc.client.port = 15030 (custom)
2023-06-06 14:26:40,060 [Time-limited test] INFO  grpc.GrpcConfigKeys (ConfUtils.java:logGet(46)) - raft.grpc.server.host = null (default)
2023-06-06 14:26:40,061 [Time-limited test] INFO  grpc.GrpcConfigKeys (ConfUtils.java:logGet(46)) - raft.grpc.server.port = 15032 (custom)
2023-06-06 14:26:40,061 [Time-limited test] INFO  server.GrpcService (ConfUtils.java:logGet(46)) - raft.grpc.message.size.max = 32MB (=33554432) (custom)
2023-06-06 14:26:40,061 [Time-limited test] INFO  server.RaftServerConfigKeys (ConfUtils.java:logGet(46)) - raft.server.log.appender.buffer.byte-limit = 33554432 (custom)
2023-06-06 14:26:40,061 [Time-limited test] INFO  server.GrpcService (ConfUtils.java:logGet(46)) - raft.grpc.flow.control.window = 5MB (=5242880) (custom)
2023-06-06 14:26:40,061 [Time-limited test] INFO  server.RaftServerConfigKeys (ConfUtils.java:logGet(46)) - raft.server.rpc.request.timeout = 60s (custom)
2023-06-06 14:26:40,061 [Time-limited test] INFO  grpc.GrpcConfigKeys (ConfUtils.java:logGet(46)) - raft.grpc.server.heartbeat.channel = true (default)
2023-06-06 14:26:40,061 [Time-limited test] INFO  grpc.GrpcConfigKeys (ConfUtils.java:logGet(46)) - raft.grpc.server.async.request.thread.pool.cached = true (default)
2023-06-06 14:26:40,061 [Time-limited test] INFO  grpc.GrpcConfigKeys (ConfUtils.java:logGet(46)) - raft.grpc.server.async.request.thread.pool.size = 32 (default)
2023-06-06 14:26:40,063 [Time-limited test] INFO  impl.DataStreamServerImpl (ConfUtils.java:logGet(46)) - raft.datastream.type = NETTY (custom)
2023-06-06 14:26:40,064 [Time-limited test] INFO  server.RaftServerConfigKeys (ConfUtils.java:logGet(46)) - raft.server.data-stream.async.request.thread.pool.cached = false (default)
2023-06-06 14:26:40,064 [Time-limited test] INFO  server.RaftServerConfigKeys (ConfUtils.java:logGet(46)) - raft.server.data-stream.async.request.thread.pool.size = 20 (custom)
2023-06-06 14:26:40,064 [Time-limited test] INFO  server.RaftServerConfigKeys (ConfUtils.java:logGet(46)) - raft.server.data-stream.async.write.thread.pool.size = 16 (default)
2023-06-06 14:26:40,064 [Time-limited test] INFO  server.RaftServerConfigKeys (ConfUtils.java:logGet(46)) - raft.server.data-stream.client.pool.size = 10 (default)
2023-06-06 14:26:40,064 [Time-limited test] INFO  netty.NettyConfigKeys$DataStream (ConfUtils.java:logGet(46)) - raft.netty.dataStream.server.use-epoll = false (default)
2023-06-06 14:26:40,064 [Time-limited test] INFO  netty.NettyConfigKeys$DataStream (ConfUtils.java:logGet(46)) - raft.netty.dataStream.server.boss-group.size = 0 (default)
2023-06-06 14:26:40,064 [Time-limited test] INFO  netty.NettyConfigKeys$DataStream (ConfUtils.java:logGet(46)) - raft.netty.dataStream.server.worker-group.size = 0 (default)
2023-06-06 14:26:40,065 [Time-limited test] INFO  netty.NettyConfigKeys$DataStream (ConfUtils.java:logGet(46)) - raft.netty.dataStream.server.tls.conf = null (default)
2023-06-06 14:26:40,065 [Time-limited test] INFO  netty.NettyConfigKeys$DataStream (ConfUtils.java:logGet(46)) - raft.netty.dataStream.host = null (default)
2023-06-06 14:26:40,065 [Time-limited test] INFO  netty.NettyConfigKeys$DataStream (ConfUtils.java:logGet(46)) - raft.netty.dataStream.port = 15033 (custom)
2023-06-06 14:26:40,065 [Time-limited test] INFO  server.RaftServerConfigKeys (ConfUtils.java:logGet(46)) - raft.server.threadpool.proxy.cached = true (default)
2023-06-06 14:26:40,066 [Time-limited test] INFO  server.RaftServerConfigKeys (ConfUtils.java:logGet(46)) - raft.server.threadpool.proxy.size = 0 (default)
2023-06-06 14:26:40,066 [Time-limited test] INFO  server.RaftServerConfigKeys (ConfUtils.java:logGet(46)) - raft.server.rpc.slowness.timeout = 300s (custom)
2023-06-06 14:26:40,066 [Time-limited test] INFO  server.RaftServerConfigKeys (ConfUtils.java:logGet(46)) - raft.server.leaderelection.leader.step-down.wait-time = 10s (default)
2023-06-06 14:26:40,066 [Time-limited test] INFO  server.RaftServerConfigKeys (ConfUtils.java:logGet(46)) - raft.server.storage.dir = [/home/runner/work/ozone/ozone/hadoop-ozone/integration-test/target/test-dir/MiniOzoneClusterImpl-27950e3c-5885-4478-a852-34ee2aeb73f6/datanode-2/data/ratis] (custom)
2023-06-06 14:26:40,067 [fdffd6d6-5a7e-48c5-a2f3-4f163f884c78-NettyServerStreamRpc-bossGroup--thread1] INFO  logging.LoggingHandler (AbstractInternalLogger.java:log(148)) - [id: 0x54835ce1] REGISTERED
2023-06-06 14:26:40,068 [fdffd6d6-5a7e-48c5-a2f3-4f163f884c78-NettyServerStreamRpc-bossGroup--thread1] INFO  logging.LoggingHandler (AbstractInternalLogger.java:log(148)) - [id: 0x54835ce1] BIND: 0.0.0.0/0.0.0.0:15033
2023-06-06 14:26:40,068 [fdffd6d6-5a7e-48c5-a2f3-4f163f884c78-NettyServerStreamRpc-bossGroup--thread1] INFO  logging.LoggingHandler (AbstractInternalLogger.java:log(148)) - [id: 0x54835ce1, L:/0:0:0:0:0:0:0:0:15033] ACTIVE
2023-06-06 14:26:40,069 [Time-limited test] INFO  server.XceiverServerGrpc (XceiverServerGrpc.java:<init>(132)) - GrpcServer channel type EpollServerSocketChannel
2023-06-06 14:26:40,071 [Time-limited test] INFO  replication.ReplicationSupervisor (ReplicationSupervisor.java:nodeStateUpdated(305)) - Node state updated to IN_SERVICE, scaling executor pool size to 10
2023-06-06 14:26:40,074 [Time-limited test] INFO  http.BaseHttpServer (BaseHttpServer.java:newHttpServer2BuilderForOzone(224)) - Starting Web-server for hddsDatanode at: http://0.0.0.0:15027
2023-06-06 14:26:40,074 [Time-limited test] INFO  http.BaseHttpServer (BaseHttpServer.java:<init>(111)) - Hadoop Security Enabled: false Ozone Security Enabled: false Ozone HTTP Security Enabled: false 
2023-06-06 14:26:40,076 [Time-limited test] WARN  server.AuthenticationFilter (AuthenticationFilter.java:constructSecretProvider(240)) - Unable to initialize FileSignerSecretProvider, falling back to use random secrets. Reason: Could not read signature secret file: /home/runner/hadoop-http-auth-signature-secret
2023-06-06 14:26:40,078 [Time-limited test] INFO  http.HttpRequestLog (HttpRequestLog.java:getRequestLog(86)) - Http request log for http.requests.hddsDatanode is not defined
2023-06-06 14:26:40,079 [Time-limited test] INFO  http.HttpServer2 (HttpServer2.java:addGlobalFilter(1031)) - Added global filter 'safety' (class=org.apache.hadoop.hdds.server.http.HttpServer2$QuotingInputFilter)
2023-06-06 14:26:40,080 [Time-limited test] INFO  http.HttpServer2 (HttpServer2.java:addFilter(1007)) - Added filter static_user_filter (class=org.apache.hadoop.http.lib.StaticUserWebFilter$StaticUserFilter) to context hddsDatanode
2023-06-06 14:26:40,080 [Time-limited test] INFO  http.HttpServer2 (HttpServer2.java:addFilter(1015)) - Added filter static_user_filter (class=org.apache.hadoop.http.lib.StaticUserWebFilter$StaticUserFilter) to context static
2023-06-06 14:26:40,080 [Time-limited test] INFO  http.HttpServer2 (HttpServer2.java:addFilter(1015)) - Added filter static_user_filter (class=org.apache.hadoop.http.lib.StaticUserWebFilter$StaticUserFilter) to context logs
2023-06-06 14:26:40,080 [Time-limited test] INFO  http.BaseHttpServer (BaseHttpServer.java:<init>(190)) - HTTP server of hddsDatanode uses base directory /home/runner/work/ozone/ozone/hadoop-ozone/integration-test/target/test-dir/MiniOzoneClusterImpl-27950e3c-5885-4478-a852-34ee2aeb73f6/datanode-2/meta/webserver
2023-06-06 14:26:40,081 [Time-limited test] INFO  http.HttpServer2 (HttpServer2.java:bindListener(1250)) - Jetty bound to port 15027
2023-06-06 14:26:40,081 [Time-limited test] INFO  server.Server (Server.java:doStart(375)) - jetty-9.4.51.v20230217; built: 2023-02-17T08:19:37.309Z; git: b45c405e4544384de066f814ed42ae3dceacdd49; jvm 1.8.0_372-b07
2023-06-06 14:26:40,083 [Time-limited test] INFO  server.session (DefaultSessionIdManager.java:doStart(334)) - DefaultSessionIdManager workerName=node0
2023-06-06 14:26:40,083 [Time-limited test] INFO  server.session (DefaultSessionIdManager.java:doStart(339)) - No SessionScavenger set, using defaults
2023-06-06 14:26:40,083 [Time-limited test] INFO  server.session (HouseKeeper.java:startScavenging(132)) - node0 Scavenging every 600000ms
2023-06-06 14:26:40,084 [Time-limited test] INFO  handler.ContextHandler (ContextHandler.java:doStart(921)) - Started o.e.j.s.ServletContextHandler@2abbc873{logs,/logs,file:///home/runner/work/ozone/ozone/hadoop-ozone/integration-test/target/log,AVAILABLE}
2023-06-06 14:26:40,085 [Time-limited test] INFO  handler.ContextHandler (ContextHandler.java:doStart(921)) - Started o.e.j.s.ServletContextHandler@3ca2a9b2{static,/static,jar:file:/home/runner/.m2/repository/org/apache/ozone/hdds-container-service/1.4.0-SNAPSHOT/hdds-container-service-1.4.0-SNAPSHOT.jar!/webapps/static,AVAILABLE}
2023-06-06 14:26:40,275 [Time-limited test] INFO  handler.ContextHandler (ContextHandler.java:doStart(921)) - Started o.e.j.w.WebAppContext@60f60359{hddsDatanode,/,file:///home/runner/work/ozone/ozone/hadoop-ozone/integration-test/target/test-dir/MiniOzoneClusterImpl-27950e3c-5885-4478-a852-34ee2aeb73f6/datanode-2/meta/webserver/jetty-0_0_0_0-15027-hdds-container-service-1_4_0-SNAPSHOT_jar-_-any-7686066042434161815/webapp/,AVAILABLE}{jar:file:/home/runner/.m2/repository/org/apache/ozone/hdds-container-service/1.4.0-SNAPSHOT/hdds-container-service-1.4.0-SNAPSHOT.jar!/webapps/hddsDatanode}
2023-06-06 14:26:40,277 [Time-limited test] INFO  server.AbstractConnector (AbstractConnector.java:doStart(333)) - Started ServerConnector@7f3b1214{HTTP/1.1, (http/1.1)}{0.0.0.0:15027}
2023-06-06 14:26:40,277 [Time-limited test] INFO  server.Server (Server.java:doStart(415)) - Started @9399ms
2023-06-06 14:26:40,277 [Time-limited test] WARN  impl.MetricsSystemImpl (MetricsSystemImpl.java:register(279)) - Sink prometheus already exists!
2023-06-06 14:26:40,278 [Time-limited test] INFO  http.BaseHttpServer (BaseHttpServer.java:updateConnectorAddress(344)) - HTTP server of hddsDatanode listening at http://0.0.0.0:15027
2023-06-06 14:26:40,278 [Time-limited test] INFO  ipc.CallQueueManager (CallQueueManager.java:<init>(90)) - Using callQueue: class java.util.concurrent.LinkedBlockingQueue, queueCapacity: 100, scheduler: class org.apache.hadoop.ipc.DefaultRpcScheduler, ipcBackoff: false.
2023-06-06 14:26:40,282 [Socket Reader #1 for port 15028] INFO  ipc.Server (Server.java:run(1319)) - Starting Socket Reader #1 for port 15028
2023-06-06 14:26:40,283 [Listener at 0.0.0.0/15028] INFO  hdds.HddsUtils (HddsUtils.java:preserveThreadName(843)) - Restoring thread name: Time-limited test
2023-06-06 14:26:40,284 [Time-limited test] INFO  ozone.HddsDatanodeService (HddsDatanodeService.java:start(331)) - Datanode start with admins: [runner]
2023-06-06 14:26:40,285 [Time-limited test] INFO  ozone.HddsDatanodeClientProtocolServer (HddsDatanodeClientProtocolServer.java:start(83)) - RPC server for Client /0.0.0.0:15028
2023-06-06 14:26:40,285 [IPC Server Responder] INFO  ipc.Server (Server.java:run(1558)) - IPC Server Responder: starting
2023-06-06 14:26:40,287 [IPC Server listener on 15028] INFO  ipc.Server (Server.java:run(1398)) - IPC Server listener on 15028: starting
2023-06-06 14:26:40,291 [Time-limited test] INFO  ozone.MiniOzoneClusterImpl (MiniOzoneClusterImpl.java:lambda$waitForClusterToBeReady$0(222)) - Waiting for nodes to be ready. Got 0 of 3 DN Heartbeats.
2023-06-06 14:26:40,291 [Time-limited test] INFO  ozone.MiniOzoneClusterImpl (MiniOzoneClusterImpl.java:lambda$waitForClusterToBeReady$0(225)) - Waiting for cluster to exit safe mode
2023-06-06 14:26:40,291 [Time-limited test] INFO  ozone.MiniOzoneClusterImpl (MiniOzoneClusterImpl.java:lambda$waitForClusterToBeReady$0(227)) - SCM became leader
2023-06-06 14:26:40,292 [Datanode State Machine Daemon Thread] INFO  statemachine.DatanodeStateMachine (DatanodeStateMachine.java:lambda$startDaemon$0(523)) - Ozone container server started.
2023-06-06 14:26:40,299 [Datanode State Machine Task Thread - 0] INFO  datanode.InitDatanodeState (InitDatanodeState.java:persistContainerDatanodeDetails(138)) - DatanodeDetails is persisted to /home/runner/work/ozone/ozone/hadoop-ozone/integration-test/target/test-dir/MiniOzoneClusterImpl-27950e3c-5885-4478-a852-34ee2aeb73f6/datanode-2/meta/datanode.id
2023-06-06 14:26:41,291 [Time-limited test] INFO  ozone.MiniOzoneClusterImpl (MiniOzoneClusterImpl.java:lambda$waitForClusterToBeReady$0(222)) - Waiting for nodes to be ready. Got 0 of 3 DN Heartbeats.
2023-06-06 14:26:41,291 [Time-limited test] INFO  ozone.MiniOzoneClusterImpl (MiniOzoneClusterImpl.java:lambda$waitForClusterToBeReady$0(225)) - Waiting for cluster to exit safe mode
2023-06-06 14:26:41,291 [Time-limited test] INFO  ozone.MiniOzoneClusterImpl (MiniOzoneClusterImpl.java:lambda$waitForClusterToBeReady$0(227)) - SCM became leader
2023-06-06 14:26:41,471 [EndpointStateMachine task thread for /0.0.0.0:15002 - 0 ] INFO  utils.DatanodeStoreCache (DatanodeStoreCache.java:addDB(66)) - Added db /home/runner/work/ozone/ozone/hadoop-ozone/integration-test/target/test-dir/MiniOzoneClusterImpl-27950e3c-5885-4478-a852-34ee2aeb73f6/datanode-0/data-0/containers/hdds/27950e3c-5885-4478-a852-34ee2aeb73f6/DS-92163df1-ae94-4686-ac46-d327cb2f0a8a/container.db to cache
2023-06-06 14:26:41,471 [EndpointStateMachine task thread for /0.0.0.0:15002 - 0 ] INFO  volume.HddsVolume (HddsVolume.java:createDbStore(350)) - SchemaV3 db is created and loaded at /home/runner/work/ozone/ozone/hadoop-ozone/integration-test/target/test-dir/MiniOzoneClusterImpl-27950e3c-5885-4478-a852-34ee2aeb73f6/datanode-0/data-0/containers/hdds/27950e3c-5885-4478-a852-34ee2aeb73f6/DS-92163df1-ae94-4686-ac46-d327cb2f0a8a/container.db for volume DS-92163df1-ae94-4686-ac46-d327cb2f0a8a
2023-06-06 14:26:41,474 [EndpointStateMachine task thread for /0.0.0.0:15002 - 0 ] INFO  ozoneimpl.OzoneContainer (OzoneContainer.java:start(398)) - Attempting to start container services.
2023-06-06 14:26:41,476 [EndpointStateMachine task thread for /0.0.0.0:15002 - 0 ] INFO  ozoneimpl.OzoneContainer (OzoneContainer.java:startContainerScrub(314)) - Scheduled background container scanners and the on-demand container scanner have been disabled.
2023-06-06 14:26:41,480 [EndpointStateMachine task thread for /0.0.0.0:15002 - 0 ] INFO  replication.ReplicationServer (ReplicationServer.java:start(128)) - ReplicationServer is started using port 15016
2023-06-06 14:26:41,480 [EndpointStateMachine task thread for /0.0.0.0:15002 - 0 ] INFO  ratis.XceiverServerRatis (XceiverServerRatis.java:start(517)) - Starting XceiverServerRatis c077bb33-fcdc-4b26-85c1-b9d62aefbd7c
2023-06-06 14:26:41,485 [EndpointStateMachine task thread for /0.0.0.0:15002 - 0 ] INFO  server.RaftServer (RaftServerProxy.java:startImpl(400)) - c077bb33-fcdc-4b26-85c1-b9d62aefbd7c: start RPC server
2023-06-06 14:26:41,487 [EndpointStateMachine task thread for /0.0.0.0:15002 - 0 ] INFO  server.GrpcService (GrpcService.java:startImpl(302)) - c077bb33-fcdc-4b26-85c1-b9d62aefbd7c: GrpcService started, listening on 15012
2023-06-06 14:26:41,489 [EndpointStateMachine task thread for /0.0.0.0:15002 - 0 ] INFO  server.GrpcService (GrpcService.java:startImpl(302)) - c077bb33-fcdc-4b26-85c1-b9d62aefbd7c: GrpcService started, listening on 15014
2023-06-06 14:26:41,491 [EndpointStateMachine task thread for /0.0.0.0:15002 - 0 ] INFO  server.GrpcService (GrpcService.java:startImpl(302)) - c077bb33-fcdc-4b26-85c1-b9d62aefbd7c: GrpcService started, listening on 15013
2023-06-06 14:26:41,491 [EndpointStateMachine task thread for /0.0.0.0:15002 - 0 ] INFO  ratis.XceiverServerRatis (XceiverServerRatis.java:getRealPort(543)) - XceiverServerRatis c077bb33-fcdc-4b26-85c1-b9d62aefbd7c is started using port 15012 for RATIS
2023-06-06 14:26:41,491 [JvmPauseMonitor2] INFO  util.JvmPauseMonitor (JvmPauseMonitor.java:run(103)) - JvmPauseMonitor-c077bb33-fcdc-4b26-85c1-b9d62aefbd7c: Started
2023-06-06 14:26:41,491 [EndpointStateMachine task thread for /0.0.0.0:15002 - 0 ] INFO  ratis.XceiverServerRatis (XceiverServerRatis.java:getRealPort(543)) - XceiverServerRatis c077bb33-fcdc-4b26-85c1-b9d62aefbd7c is started using port 15013 for RATIS_ADMIN
2023-06-06 14:26:41,491 [EndpointStateMachine task thread for /0.0.0.0:15002 - 0 ] INFO  ratis.XceiverServerRatis (XceiverServerRatis.java:getRealPort(543)) - XceiverServerRatis c077bb33-fcdc-4b26-85c1-b9d62aefbd7c is started using port 15014 for RATIS_SERVER
2023-06-06 14:26:41,491 [EndpointStateMachine task thread for /0.0.0.0:15002 - 0 ] INFO  ratis.XceiverServerRatis (XceiverServerRatis.java:getRealPort(543)) - XceiverServerRatis c077bb33-fcdc-4b26-85c1-b9d62aefbd7c is started using port 15015 for RATIS_DATASTREAM
2023-06-06 14:26:41,521 [BlockDeletingService#0] INFO  interfaces.ContainerDeletionChoosingPolicyTemplate (ContainerDeletionChoosingPolicyTemplate.java:chooseContainerForBlockDeletion(83)) - Chosen 0/5000 blocks from 0 candidate containers.
2023-06-06 14:26:42,026 [EndpointStateMachine task thread for /0.0.0.0:15002 - 0 ] INFO  utils.DatanodeStoreCache (DatanodeStoreCache.java:addDB(66)) - Added db /home/runner/work/ozone/ozone/hadoop-ozone/integration-test/target/test-dir/MiniOzoneClusterImpl-27950e3c-5885-4478-a852-34ee2aeb73f6/datanode-1/data-0/containers/hdds/27950e3c-5885-4478-a852-34ee2aeb73f6/DS-9ec48d2c-680a-4b9a-91d7-1f943f419f23/container.db to cache
2023-06-06 14:26:42,027 [EndpointStateMachine task thread for /0.0.0.0:15002 - 0 ] INFO  volume.HddsVolume (HddsVolume.java:createDbStore(350)) - SchemaV3 db is created and loaded at /home/runner/work/ozone/ozone/hadoop-ozone/integration-test/target/test-dir/MiniOzoneClusterImpl-27950e3c-5885-4478-a852-34ee2aeb73f6/datanode-1/data-0/containers/hdds/27950e3c-5885-4478-a852-34ee2aeb73f6/DS-9ec48d2c-680a-4b9a-91d7-1f943f419f23/container.db for volume DS-9ec48d2c-680a-4b9a-91d7-1f943f419f23
2023-06-06 14:26:42,028 [EndpointStateMachine task thread for /0.0.0.0:15002 - 0 ] INFO  ozoneimpl.OzoneContainer (OzoneContainer.java:start(398)) - Attempting to start container services.
2023-06-06 14:26:42,028 [EndpointStateMachine task thread for /0.0.0.0:15002 - 0 ] INFO  ozoneimpl.OzoneContainer (OzoneContainer.java:startContainerScrub(314)) - Scheduled background container scanners and the on-demand container scanner have been disabled.
2023-06-06 14:26:42,030 [EndpointStateMachine task thread for /0.0.0.0:15002 - 0 ] INFO  replication.ReplicationServer (ReplicationServer.java:start(128)) - ReplicationServer is started using port 15025
2023-06-06 14:26:42,031 [EndpointStateMachine task thread for /0.0.0.0:15002 - 0 ] INFO  ratis.XceiverServerRatis (XceiverServerRatis.java:start(517)) - Starting XceiverServerRatis 4e2b4efa-bcb4-46de-b119-545b7decf2b1
2023-06-06 14:26:42,032 [EndpointStateMachine task thread for /0.0.0.0:15002 - 0 ] INFO  server.RaftServer (RaftServerProxy.java:startImpl(400)) - 4e2b4efa-bcb4-46de-b119-545b7decf2b1: start RPC server
2023-06-06 14:26:42,035 [EndpointStateMachine task thread for /0.0.0.0:15002 - 0 ] INFO  server.GrpcService (GrpcService.java:startImpl(302)) - 4e2b4efa-bcb4-46de-b119-545b7decf2b1: GrpcService started, listening on 15021
2023-06-06 14:26:42,036 [EndpointStateMachine task thread for /0.0.0.0:15002 - 0 ] INFO  server.GrpcService (GrpcService.java:startImpl(302)) - 4e2b4efa-bcb4-46de-b119-545b7decf2b1: GrpcService started, listening on 15023
2023-06-06 14:26:42,038 [EndpointStateMachine task thread for /0.0.0.0:15002 - 0 ] INFO  server.GrpcService (GrpcService.java:startImpl(302)) - 4e2b4efa-bcb4-46de-b119-545b7decf2b1: GrpcService started, listening on 15022
2023-06-06 14:26:42,039 [EndpointStateMachine task thread for /0.0.0.0:15002 - 0 ] INFO  ratis.XceiverServerRatis (XceiverServerRatis.java:getRealPort(543)) - XceiverServerRatis 4e2b4efa-bcb4-46de-b119-545b7decf2b1 is started using port 15021 for RATIS
2023-06-06 14:26:42,039 [JvmPauseMonitor3] INFO  util.JvmPauseMonitor (JvmPauseMonitor.java:run(103)) - JvmPauseMonitor-4e2b4efa-bcb4-46de-b119-545b7decf2b1: Started
2023-06-06 14:26:42,039 [EndpointStateMachine task thread for /0.0.0.0:15002 - 0 ] INFO  ratis.XceiverServerRatis (XceiverServerRatis.java:getRealPort(543)) - XceiverServerRatis 4e2b4efa-bcb4-46de-b119-545b7decf2b1 is started using port 15022 for RATIS_ADMIN
2023-06-06 14:26:42,039 [EndpointStateMachine task thread for /0.0.0.0:15002 - 0 ] INFO  ratis.XceiverServerRatis (XceiverServerRatis.java:getRealPort(543)) - XceiverServerRatis 4e2b4efa-bcb4-46de-b119-545b7decf2b1 is started using port 15023 for RATIS_SERVER
2023-06-06 14:26:42,039 [EndpointStateMachine task thread for /0.0.0.0:15002 - 0 ] INFO  ratis.XceiverServerRatis (XceiverServerRatis.java:getRealPort(543)) - XceiverServerRatis 4e2b4efa-bcb4-46de-b119-545b7decf2b1 is started using port 15024 for RATIS_DATASTREAM
2023-06-06 14:26:42,046 [BlockDeletingService#0] INFO  interfaces.ContainerDeletionChoosingPolicyTemplate (ContainerDeletionChoosingPolicyTemplate.java:chooseContainerForBlockDeletion(83)) - Chosen 0/5000 blocks from 0 candidate containers.
2023-06-06 14:26:42,292 [Time-limited test] INFO  ozone.MiniOzoneClusterImpl (MiniOzoneClusterImpl.java:lambda$waitForClusterToBeReady$0(222)) - Waiting for nodes to be ready. Got 0 of 3 DN Heartbeats.
2023-06-06 14:26:42,292 [Time-limited test] INFO  ozone.MiniOzoneClusterImpl (MiniOzoneClusterImpl.java:lambda$waitForClusterToBeReady$0(225)) - Waiting for cluster to exit safe mode
2023-06-06 14:26:42,292 [Time-limited test] INFO  ozone.MiniOzoneClusterImpl (MiniOzoneClusterImpl.java:lambda$waitForClusterToBeReady$0(227)) - SCM became leader
2023-06-06 14:26:42,343 [EndpointStateMachine task thread for /0.0.0.0:15002 - 0 ] INFO  utils.DatanodeStoreCache (DatanodeStoreCache.java:addDB(66)) - Added db /home/runner/work/ozone/ozone/hadoop-ozone/integration-test/target/test-dir/MiniOzoneClusterImpl-27950e3c-5885-4478-a852-34ee2aeb73f6/datanode-2/data-0/containers/hdds/27950e3c-5885-4478-a852-34ee2aeb73f6/DS-6e6ccd9f-3c0c-48e3-8f7f-7bc539d98b60/container.db to cache
2023-06-06 14:26:42,344 [EndpointStateMachine task thread for /0.0.0.0:15002 - 0 ] INFO  volume.HddsVolume (HddsVolume.java:createDbStore(350)) - SchemaV3 db is created and loaded at /home/runner/work/ozone/ozone/hadoop-ozone/integration-test/target/test-dir/MiniOzoneClusterImpl-27950e3c-5885-4478-a852-34ee2aeb73f6/datanode-2/data-0/containers/hdds/27950e3c-5885-4478-a852-34ee2aeb73f6/DS-6e6ccd9f-3c0c-48e3-8f7f-7bc539d98b60/container.db for volume DS-6e6ccd9f-3c0c-48e3-8f7f-7bc539d98b60
2023-06-06 14:26:42,345 [EndpointStateMachine task thread for /0.0.0.0:15002 - 0 ] INFO  ozoneimpl.OzoneContainer (OzoneContainer.java:start(398)) - Attempting to start container services.
2023-06-06 14:26:42,346 [EndpointStateMachine task thread for /0.0.0.0:15002 - 0 ] INFO  ozoneimpl.OzoneContainer (OzoneContainer.java:startContainerScrub(314)) - Scheduled background container scanners and the on-demand container scanner have been disabled.
2023-06-06 14:26:42,348 [EndpointStateMachine task thread for /0.0.0.0:15002 - 0 ] INFO  replication.ReplicationServer (ReplicationServer.java:start(128)) - ReplicationServer is started using port 15034
2023-06-06 14:26:42,348 [EndpointStateMachine task thread for /0.0.0.0:15002 - 0 ] INFO  ratis.XceiverServerRatis (XceiverServerRatis.java:start(517)) - Starting XceiverServerRatis fdffd6d6-5a7e-48c5-a2f3-4f163f884c78
2023-06-06 14:26:42,349 [EndpointStateMachine task thread for /0.0.0.0:15002 - 0 ] INFO  server.RaftServer (RaftServerProxy.java:startImpl(400)) - fdffd6d6-5a7e-48c5-a2f3-4f163f884c78: start RPC server
2023-06-06 14:26:42,355 [EndpointStateMachine task thread for /0.0.0.0:15002 - 0 ] INFO  server.GrpcService (GrpcService.java:startImpl(302)) - fdffd6d6-5a7e-48c5-a2f3-4f163f884c78: GrpcService started, listening on 15030
2023-06-06 14:26:42,356 [EndpointStateMachine task thread for /0.0.0.0:15002 - 0 ] INFO  server.GrpcService (GrpcService.java:startImpl(302)) - fdffd6d6-5a7e-48c5-a2f3-4f163f884c78: GrpcService started, listening on 15032
2023-06-06 14:26:42,358 [EndpointStateMachine task thread for /0.0.0.0:15002 - 0 ] INFO  server.GrpcService (GrpcService.java:startImpl(302)) - fdffd6d6-5a7e-48c5-a2f3-4f163f884c78: GrpcService started, listening on 15031
2023-06-06 14:26:42,358 [EndpointStateMachine task thread for /0.0.0.0:15002 - 0 ] INFO  ratis.XceiverServerRatis (XceiverServerRatis.java:getRealPort(543)) - XceiverServerRatis fdffd6d6-5a7e-48c5-a2f3-4f163f884c78 is started using port 15030 for RATIS
2023-06-06 14:26:42,358 [JvmPauseMonitor4] INFO  util.JvmPauseMonitor (JvmPauseMonitor.java:run(103)) - JvmPauseMonitor-fdffd6d6-5a7e-48c5-a2f3-4f163f884c78: Started
2023-06-06 14:26:42,358 [EndpointStateMachine task thread for /0.0.0.0:15002 - 0 ] INFO  ratis.XceiverServerRatis (XceiverServerRatis.java:getRealPort(543)) - XceiverServerRatis fdffd6d6-5a7e-48c5-a2f3-4f163f884c78 is started using port 15031 for RATIS_ADMIN
2023-06-06 14:26:42,358 [EndpointStateMachine task thread for /0.0.0.0:15002 - 0 ] INFO  ratis.XceiverServerRatis (XceiverServerRatis.java:getRealPort(543)) - XceiverServerRatis fdffd6d6-5a7e-48c5-a2f3-4f163f884c78 is started using port 15032 for RATIS_SERVER
2023-06-06 14:26:42,358 [EndpointStateMachine task thread for /0.0.0.0:15002 - 0 ] INFO  ratis.XceiverServerRatis (XceiverServerRatis.java:getRealPort(543)) - XceiverServerRatis fdffd6d6-5a7e-48c5-a2f3-4f163f884c78 is started using port 15033 for RATIS_DATASTREAM
2023-06-06 14:26:42,364 [BlockDeletingService#0] INFO  interfaces.ContainerDeletionChoosingPolicyTemplate (ContainerDeletionChoosingPolicyTemplate.java:chooseContainerForBlockDeletion(83)) - Chosen 0/5000 blocks from 0 candidate containers.
2023-06-06 14:26:43,292 [Time-limited test] INFO  ozone.MiniOzoneClusterImpl (MiniOzoneClusterImpl.java:lambda$waitForClusterToBeReady$0(222)) - Waiting for nodes to be ready. Got 0 of 3 DN Heartbeats.
2023-06-06 14:26:43,292 [Time-limited test] INFO  ozone.MiniOzoneClusterImpl (MiniOzoneClusterImpl.java:lambda$waitForClusterToBeReady$0(225)) - Waiting for cluster to exit safe mode
2023-06-06 14:26:43,292 [Time-limited test] INFO  ozone.MiniOzoneClusterImpl (MiniOzoneClusterImpl.java:lambda$waitForClusterToBeReady$0(227)) - SCM became leader
2023-06-06 14:26:43,377 [IPC Server handler 17 on default port 15002] INFO  net.NetworkTopologyImpl (NetworkTopologyImpl.java:add(112)) - Added a new node: /default-rack/c077bb33-fcdc-4b26-85c1-b9d62aefbd7c
2023-06-06 14:26:43,379 [IPC Server handler 17 on default port 15002] INFO  node.SCMNodeManager (SCMNodeManager.java:register(407)) - Registered Data node : c077bb33-fcdc-4b26-85c1-b9d62aefbd7c{ip: 10.1.0.37, host: fv-az1133-973.qlb2sqfkji0uhjsjdnlwzcsdwg.bx.internal.cloudapp.net, ports: [HTTP=15009, CLIENT_RPC=15010, REPLICATION=15016, RATIS=15012, RATIS_ADMIN=15013, RATIS_SERVER=15014, RATIS_DATASTREAM=15015, STANDALONE=15011], networkLocation: /default-rack, certSerialId: null, persistedOpState: null, persistedOpStateExpiryEpochSec: 0}
2023-06-06 14:26:43,382 [EventQueue-NewNodeForNewNodeHandler] INFO  pipeline.BackgroundPipelineCreator (BackgroundPipelineCreator.java:notifyEventTriggered(276)) - trigger a one-shot run on RatisPipelineUtilsThread.
2023-06-06 14:26:43,390 [EventQueue-NodeRegistrationContainerReportForContainerSafeModeRule] INFO  safemode.SCMSafeModeManager (SCMSafeModeManager.java:validateSafeModeExitRules(200)) - ContainerSafeModeRule rule is successfully validated
2023-06-06 14:26:43,393 [EventQueue-NodeRegistrationContainerReportForDataNodeSafeModeRule] INFO  safemode.SCMSafeModeManager (DataNodeSafeModeRule.java:process(71)) - SCM in safe mode. 1 DataNodes registered, 3 required.
2023-06-06 14:26:43,391 [RatisPipelineUtilsThread - 0] INFO  pipeline.RatisPipelineProvider (RatisPipelineProvider.java:lambda$create$0(206)) - Sending CreatePipelineCommand for pipeline:PipelineID=543cabb3-751c-4abf-99dc-429456829e89 to datanode:c077bb33-fcdc-4b26-85c1-b9d62aefbd7c
2023-06-06 14:26:43,398 [EventQueue-PipelineReportForOneReplicaPipelineSafeModeRule] INFO  safemode.SCMSafeModeManager (SCMSafeModeManager.java:validateSafeModeExitRules(200)) - AtleastOneDatanodeReportedRule rule is successfully validated
2023-06-06 14:26:43,410 [RatisPipelineUtilsThread - 0] INFO  pipeline.PipelineStateManagerImpl (PipelineStateManagerImpl.java:addPipeline(103)) - Created pipeline Pipeline[ Id: 543cabb3-751c-4abf-99dc-429456829e89, Nodes: c077bb33-fcdc-4b26-85c1-b9d62aefbd7c(fv-az1133-973.qlb2sqfkji0uhjsjdnlwzcsdwg.bx.internal.cloudapp.net/10.1.0.37), ReplicationConfig: RATIS/ONE, State:ALLOCATED, leaderId:, CreationTimestamp2023-06-06T14:26:43.390Z[Etc/UTC]].
2023-06-06 14:26:43,999 [IPC Server handler 15 on default port 15002] INFO  net.NetworkTopologyImpl (NetworkTopologyImpl.java:add(112)) - Added a new node: /default-rack/4e2b4efa-bcb4-46de-b119-545b7decf2b1
2023-06-06 14:26:43,999 [IPC Server handler 15 on default port 15002] INFO  node.SCMNodeManager (SCMNodeManager.java:register(407)) - Registered Data node : 4e2b4efa-bcb4-46de-b119-545b7decf2b1{ip: 10.1.0.37, host: fv-az1133-973.qlb2sqfkji0uhjsjdnlwzcsdwg.bx.internal.cloudapp.net, ports: [HTTP=15018, CLIENT_RPC=15019, REPLICATION=15025, RATIS=15021, RATIS_ADMIN=15022, RATIS_SERVER=15023, RATIS_DATASTREAM=15024, STANDALONE=15020], networkLocation: /default-rack, certSerialId: null, persistedOpState: null, persistedOpStateExpiryEpochSec: 0}
2023-06-06 14:26:43,999 [EventQueue-NodeRegistrationContainerReportForDataNodeSafeModeRule] INFO  safemode.SCMSafeModeManager (DataNodeSafeModeRule.java:process(71)) - SCM in safe mode. 2 DataNodes registered, 3 required.
2023-06-06 14:26:43,999 [EventQueue-NewNodeForNewNodeHandler] INFO  pipeline.BackgroundPipelineCreator (BackgroundPipelineCreator.java:notifyEventTriggered(276)) - trigger a one-shot run on RatisPipelineUtilsThread.
2023-06-06 14:26:44,001 [RatisPipelineUtilsThread - 0] INFO  pipeline.RatisPipelineProvider (RatisPipelineProvider.java:lambda$create$0(206)) - Sending CreatePipelineCommand for pipeline:PipelineID=472dbade-761e-448d-b7b1-9f8053cb28cc to datanode:4e2b4efa-bcb4-46de-b119-545b7decf2b1
2023-06-06 14:26:44,002 [RatisPipelineUtilsThread - 0] INFO  pipeline.PipelineStateManagerImpl (PipelineStateManagerImpl.java:addPipeline(103)) - Created pipeline Pipeline[ Id: 472dbade-761e-448d-b7b1-9f8053cb28cc, Nodes: 4e2b4efa-bcb4-46de-b119-545b7decf2b1(fv-az1133-973.qlb2sqfkji0uhjsjdnlwzcsdwg.bx.internal.cloudapp.net/10.1.0.37), ReplicationConfig: RATIS/ONE, State:ALLOCATED, leaderId:, CreationTimestamp2023-06-06T14:26:44.001Z[Etc/UTC]].
2023-06-06 14:26:44,292 [Time-limited test] INFO  ozone.MiniOzoneClusterImpl (MiniOzoneClusterImpl.java:lambda$waitForClusterToBeReady$0(222)) - Waiting for nodes to be ready. Got 2 of 3 DN Heartbeats.
2023-06-06 14:26:44,293 [Time-limited test] INFO  ozone.MiniOzoneClusterImpl (MiniOzoneClusterImpl.java:lambda$waitForClusterToBeReady$0(225)) - Waiting for cluster to exit safe mode
2023-06-06 14:26:44,293 [Time-limited test] INFO  ozone.MiniOzoneClusterImpl (MiniOzoneClusterImpl.java:lambda$waitForClusterToBeReady$0(227)) - SCM became leader
2023-06-06 14:26:44,299 [IPC Server handler 16 on default port 15002] INFO  net.NetworkTopologyImpl (NetworkTopologyImpl.java:add(112)) - Added a new node: /default-rack/fdffd6d6-5a7e-48c5-a2f3-4f163f884c78
2023-06-06 14:26:44,299 [IPC Server handler 16 on default port 15002] INFO  node.SCMNodeManager (SCMNodeManager.java:register(407)) - Registered Data node : fdffd6d6-5a7e-48c5-a2f3-4f163f884c78{ip: 10.1.0.37, host: fv-az1133-973.qlb2sqfkji0uhjsjdnlwzcsdwg.bx.internal.cloudapp.net, ports: [HTTP=15027, CLIENT_RPC=15028, REPLICATION=15034, RATIS=15030, RATIS_ADMIN=15031, RATIS_SERVER=15032, RATIS_DATASTREAM=15033, STANDALONE=15029], networkLocation: /default-rack, certSerialId: null, persistedOpState: null, persistedOpStateExpiryEpochSec: 0}
2023-06-06 14:26:44,300 [EventQueue-NewNodeForNewNodeHandler] INFO  pipeline.BackgroundPipelineCreator (BackgroundPipelineCreator.java:notifyEventTriggered(276)) - trigger a one-shot run on RatisPipelineUtilsThread.
2023-06-06 14:26:44,300 [EventQueue-NodeRegistrationContainerReportForDataNodeSafeModeRule] INFO  safemode.SCMSafeModeManager (DataNodeSafeModeRule.java:process(71)) - SCM in safe mode. 3 DataNodes registered, 3 required.
2023-06-06 14:26:44,301 [EventQueue-NodeRegistrationContainerReportForDataNodeSafeModeRule] INFO  safemode.SCMSafeModeManager (SCMSafeModeManager.java:validateSafeModeExitRules(200)) - DataNodeSafeModeRule rule is successfully validated
2023-06-06 14:26:44,301 [EventQueue-NodeRegistrationContainerReportForDataNodeSafeModeRule] INFO  safemode.SCMSafeModeManager (SCMSafeModeManager.java:completePreCheck(229)) - All SCM safe mode pre check rules have passed
2023-06-06 14:26:44,301 [EventQueue-NodeRegistrationContainerReportForDataNodeSafeModeRule] INFO  ha.SCMContext (SCMContext.java:updateSafeModeStatus(228)) - Update SafeModeStatus from SafeModeStatus{safeModeStatus=true, preCheckPassed=false} to SafeModeStatus{safeModeStatus=true, preCheckPassed=true}.
2023-06-06 14:26:44,301 [EventQueue-NodeRegistrationContainerReportForDataNodeSafeModeRule] INFO  pipeline.BackgroundPipelineCreator (BackgroundPipelineCreator.java:notifyEventTriggered(276)) - trigger a one-shot run on RatisPipelineUtilsThread.
2023-06-06 14:26:44,301 [RatisPipelineUtilsThread - 0] INFO  pipeline.RatisPipelineProvider (RatisPipelineProvider.java:lambda$create$0(206)) - Sending CreatePipelineCommand for pipeline:PipelineID=fbe7c58d-1410-4b07-8c00-e000353e9717 to datanode:fdffd6d6-5a7e-48c5-a2f3-4f163f884c78
2023-06-06 14:26:44,302 [RatisPipelineUtilsThread - 0] INFO  pipeline.PipelineStateManagerImpl (PipelineStateManagerImpl.java:addPipeline(103)) - Created pipeline Pipeline[ Id: fbe7c58d-1410-4b07-8c00-e000353e9717, Nodes: fdffd6d6-5a7e-48c5-a2f3-4f163f884c78(fv-az1133-973.qlb2sqfkji0uhjsjdnlwzcsdwg.bx.internal.cloudapp.net/10.1.0.37), ReplicationConfig: RATIS/ONE, State:ALLOCATED, leaderId:, CreationTimestamp2023-06-06T14:26:44.300Z[Etc/UTC]].
2023-06-06 14:26:44,306 [RatisPipelineUtilsThread - 0] INFO  pipeline.RatisPipelineProvider (RatisPipelineProvider.java:lambda$create$0(206)) - Sending CreatePipelineCommand for pipeline:PipelineID=ffa600fa-e326-4402-8143-ddc5cb68abfd to datanode:c077bb33-fcdc-4b26-85c1-b9d62aefbd7c
2023-06-06 14:26:44,306 [RatisPipelineUtilsThread - 0] INFO  pipeline.RatisPipelineProvider (RatisPipelineProvider.java:lambda$create$0(206)) - Sending CreatePipelineCommand for pipeline:PipelineID=ffa600fa-e326-4402-8143-ddc5cb68abfd to datanode:4e2b4efa-bcb4-46de-b119-545b7decf2b1
2023-06-06 14:26:44,306 [RatisPipelineUtilsThread - 0] INFO  pipeline.RatisPipelineProvider (RatisPipelineProvider.java:lambda$create$0(206)) - Sending CreatePipelineCommand for pipeline:PipelineID=ffa600fa-e326-4402-8143-ddc5cb68abfd to datanode:fdffd6d6-5a7e-48c5-a2f3-4f163f884c78
2023-06-06 14:26:44,307 [RatisPipelineUtilsThread - 0] INFO  pipeline.PipelineStateManagerImpl (PipelineStateManagerImpl.java:addPipeline(103)) - Created pipeline Pipeline[ Id: ffa600fa-e326-4402-8143-ddc5cb68abfd, Nodes: c077bb33-fcdc-4b26-85c1-b9d62aefbd7c(fv-az1133-973.qlb2sqfkji0uhjsjdnlwzcsdwg.bx.internal.cloudapp.net/10.1.0.37)4e2b4efa-bcb4-46de-b119-545b7decf2b1(fv-az1133-973.qlb2sqfkji0uhjsjdnlwzcsdwg.bx.internal.cloudapp.net/10.1.0.37)fdffd6d6-5a7e-48c5-a2f3-4f163f884c78(fv-az1133-973.qlb2sqfkji0uhjsjdnlwzcsdwg.bx.internal.cloudapp.net/10.1.0.37), ReplicationConfig: RATIS/THREE, State:ALLOCATED, leaderId:, CreationTimestamp2023-06-06T14:26:44.306Z[Etc/UTC]].
2023-06-06 14:26:44,309 [RatisPipelineUtilsThread - 0] INFO  pipeline.RatisPipelineProvider (RatisPipelineProvider.java:lambda$create$0(206)) - Sending CreatePipelineCommand for pipeline:PipelineID=4ec63cad-2c85-49b1-8449-fbe9e628c331 to datanode:fdffd6d6-5a7e-48c5-a2f3-4f163f884c78
2023-06-06 14:26:44,310 [RatisPipelineUtilsThread - 0] INFO  pipeline.RatisPipelineProvider (RatisPipelineProvider.java:lambda$create$0(206)) - Sending CreatePipelineCommand for pipeline:PipelineID=4ec63cad-2c85-49b1-8449-fbe9e628c331 to datanode:c077bb33-fcdc-4b26-85c1-b9d62aefbd7c
2023-06-06 14:26:44,310 [RatisPipelineUtilsThread - 0] INFO  pipeline.RatisPipelineProvider (RatisPipelineProvider.java:lambda$create$0(206)) - Sending CreatePipelineCommand for pipeline:PipelineID=4ec63cad-2c85-49b1-8449-fbe9e628c331 to datanode:4e2b4efa-bcb4-46de-b119-545b7decf2b1
2023-06-06 14:26:44,311 [RatisPipelineUtilsThread - 0] INFO  pipeline.PipelineStateManagerImpl (PipelineStateManagerImpl.java:addPipeline(103)) - Created pipeline Pipeline[ Id: 4ec63cad-2c85-49b1-8449-fbe9e628c331, Nodes: fdffd6d6-5a7e-48c5-a2f3-4f163f884c78(fv-az1133-973.qlb2sqfkji0uhjsjdnlwzcsdwg.bx.internal.cloudapp.net/10.1.0.37)c077bb33-fcdc-4b26-85c1-b9d62aefbd7c(fv-az1133-973.qlb2sqfkji0uhjsjdnlwzcsdwg.bx.internal.cloudapp.net/10.1.0.37)4e2b4efa-bcb4-46de-b119-545b7decf2b1(fv-az1133-973.qlb2sqfkji0uhjsjdnlwzcsdwg.bx.internal.cloudapp.net/10.1.0.37), ReplicationConfig: RATIS/THREE, State:ALLOCATED, leaderId:, CreationTimestamp2023-06-06T14:26:44.309Z[Etc/UTC]].
2023-06-06 14:26:44,311 [RatisPipelineUtilsThread - 0] INFO  pipeline.PipelineManagerImpl (PipelineManagerImpl.java:recordMetricsForPipeline(826)) - Pipeline: PipelineID=4ec63cad-2c85-49b1-8449-fbe9e628c331 contains same datanodes as previous pipelines: PipelineID=ffa600fa-e326-4402-8143-ddc5cb68abfd nodeIds: fdffd6d6-5a7e-48c5-a2f3-4f163f884c78, c077bb33-fcdc-4b26-85c1-b9d62aefbd7c, 4e2b4efa-bcb4-46de-b119-545b7decf2b1
2023-06-06 14:26:44,313 [RatisPipelineUtilsThread - 0] WARN  pipeline.PipelinePlacementPolicy (PipelinePlacementPolicy.java:filterViableNodes(166)) - Pipeline creation failed due to no sufficient healthy datanodes. Required 3. Found 0. Excluded 3.
2023-06-06 14:26:44,315 [RatisPipelineUtilsThread - 0] WARN  pipeline.PipelinePlacementPolicy (PipelinePlacementPolicy.java:filterViableNodes(166)) - Pipeline creation failed due to no sufficient healthy datanodes. Required 3. Found 0. Excluded 3.
2023-06-06 14:26:45,293 [Time-limited test] INFO  ozone.MiniOzoneClusterImpl (MiniOzoneClusterImpl.java:lambda$waitForClusterToBeReady$0(222)) - Nodes are ready. Got 3 of 3 DN Heartbeats.
2023-06-06 14:26:45,294 [Time-limited test] INFO  ozone.MiniOzoneClusterImpl (MiniOzoneClusterImpl.java:lambda$waitForClusterToBeReady$0(225)) - Waiting for cluster to exit safe mode
2023-06-06 14:26:45,294 [Time-limited test] INFO  ozone.MiniOzoneClusterImpl (MiniOzoneClusterImpl.java:lambda$waitForClusterToBeReady$0(227)) - SCM became leader
2023-06-06 14:26:46,294 [Time-limited test] INFO  ozone.MiniOzoneClusterImpl (MiniOzoneClusterImpl.java:lambda$waitForClusterToBeReady$0(222)) - Nodes are ready. Got 3 of 3 DN Heartbeats.
2023-06-06 14:26:46,294 [Time-limited test] INFO  ozone.MiniOzoneClusterImpl (MiniOzoneClusterImpl.java:lambda$waitForClusterToBeReady$0(225)) - Waiting for cluster to exit safe mode
2023-06-06 14:26:46,294 [Time-limited test] INFO  ozone.MiniOzoneClusterImpl (MiniOzoneClusterImpl.java:lambda$waitForClusterToBeReady$0(227)) - SCM became leader
2023-06-06 14:26:46,379 [PipelineCommandHandlerThread-0] INFO  server.RaftServer (RaftServerProxy.java:addNew(98)) - c077bb33-fcdc-4b26-85c1-b9d62aefbd7c: addNew group-429456829E89:[c077bb33-fcdc-4b26-85c1-b9d62aefbd7c|rpc:10.1.0.37:15014|admin:10.1.0.37:15013|client:10.1.0.37:15012|dataStream:10.1.0.37:15015|priority:1|startupRole:FOLLOWER] returns group-429456829E89:java.util.concurrent.CompletableFuture@e9559c0[Not completed]
2023-06-06 14:26:46,390 [c077bb33-fcdc-4b26-85c1-b9d62aefbd7c-groupManagement] INFO  server.RaftServer$Division (RaftServerImpl.java:<init>(198)) - c077bb33-fcdc-4b26-85c1-b9d62aefbd7c: new RaftServerImpl for group-429456829E89:[c077bb33-fcdc-4b26-85c1-b9d62aefbd7c|rpc:10.1.0.37:15014|admin:10.1.0.37:15013|client:10.1.0.37:15012|dataStream:10.1.0.37:15015|priority:1|startupRole:FOLLOWER] with ContainerStateMachine:uninitialized
2023-06-06 14:26:46,390 [c077bb33-fcdc-4b26-85c1-b9d62aefbd7c-groupManagement] INFO  server.RaftServerConfigKeys (ConfUtils.java:logGet(46)) - raft.server.rpc.timeout.min = 5s (custom)
2023-06-06 14:26:46,390 [c077bb33-fcdc-4b26-85c1-b9d62aefbd7c-groupManagement] INFO  server.RaftServerConfigKeys (ConfUtils.java:logGet(46)) - raft.server.rpc.timeout.max = 5200ms (custom)
2023-06-06 14:26:46,390 [c077bb33-fcdc-4b26-85c1-b9d62aefbd7c-groupManagement] INFO  server.RaftServerConfigKeys (ConfUtils.java:logGet(46)) - raft.server.rpc.sleep.time = 25ms (default)
2023-06-06 14:26:46,390 [c077bb33-fcdc-4b26-85c1-b9d62aefbd7c-groupManagement] INFO  server.RaftServerConfigKeys (ConfUtils.java:logGet(46)) - raft.server.rpc.slowness.timeout = 300s (custom)
2023-06-06 14:26:46,390 [c077bb33-fcdc-4b26-85c1-b9d62aefbd7c-groupManagement] INFO  server.RaftServerConfigKeys (ConfUtils.java:logGet(46)) - raft.server.leaderelection.leader.step-down.wait-time = 10s (default)
2023-06-06 14:26:46,390 [c077bb33-fcdc-4b26-85c1-b9d62aefbd7c-groupManagement] INFO  server.RaftServerConfigKeys (ConfUtils.java:logGet(46)) - raft.server.sleep.deviation.threshold = 300ms (default)
2023-06-06 14:26:46,390 [c077bb33-fcdc-4b26-85c1-b9d62aefbd7c-groupManagement] INFO  server.RaftServer$Division (ServerState.java:<init>(120)) - c077bb33-fcdc-4b26-85c1-b9d62aefbd7c@group-429456829E89: ConfigurationManager, init=-1: peers:[c077bb33-fcdc-4b26-85c1-b9d62aefbd7c|rpc:10.1.0.37:15014|admin:10.1.0.37:15013|client:10.1.0.37:15012|dataStream:10.1.0.37:15015|priority:1|startupRole:FOLLOWER]|listeners:[], old=null, confs=<EMPTY_MAP>
2023-06-06 14:26:46,390 [c077bb33-fcdc-4b26-85c1-b9d62aefbd7c-groupManagement] INFO  server.RaftServerConfigKeys (ConfUtils.java:logGet(46)) - raft.server.storage.dir = [/home/runner/work/ozone/ozone/hadoop-ozone/integration-test/target/test-dir/MiniOzoneClusterImpl-27950e3c-5885-4478-a852-34ee2aeb73f6/datanode-0/data/ratis] (custom)
2023-06-06 14:26:46,391 [c077bb33-fcdc-4b26-85c1-b9d62aefbd7c-groupManagement] INFO  server.RaftServerConfigKeys (ConfUtils.java:logGet(46)) - raft.server.log.corruption.policy = EXCEPTION (default)
2023-06-06 14:26:46,391 [c077bb33-fcdc-4b26-85c1-b9d62aefbd7c-groupManagement] INFO  server.RaftServerConfigKeys (ConfUtils.java:logGet(46)) - raft.server.storage.free-space.min = 0MB (=0) (default)
2023-06-06 14:26:46,391 [c077bb33-fcdc-4b26-85c1-b9d62aefbd7c-groupManagement] INFO  server.RaftServerConfigKeys (ConfUtils.java:logGet(46)) - raft.server.notification.no-leader.timeout = 300s (custom)
2023-06-06 14:26:46,391 [c077bb33-fcdc-4b26-85c1-b9d62aefbd7c-groupManagement] INFO  server.RaftServerConfigKeys (ConfUtils.java:logGet(46)) - raft.server.read.timeout = 10s (default)
2023-06-06 14:26:46,391 [c077bb33-fcdc-4b26-85c1-b9d62aefbd7c-groupManagement] INFO  server.RaftServerConfigKeys (ConfUtils.java:logGet(46)) - raft.server.retrycache.expirytime = 600000ms (custom)
2023-06-06 14:26:46,391 [c077bb33-fcdc-4b26-85c1-b9d62aefbd7c-groupManagement] INFO  server.RaftServerConfigKeys (ConfUtils.java:logGet(46)) - raft.server.retrycache.statistics.expirytime = 100μs (default)
2023-06-06 14:26:46,391 [c077bb33-fcdc-4b26-85c1-b9d62aefbd7c-groupManagement] INFO  server.RaftServerConfigKeys (ConfUtils.java:logGet(46)) - raft.server.read.option = DEFAULT (default)
2023-06-06 14:26:46,393 [c077bb33-fcdc-4b26-85c1-b9d62aefbd7c-groupManagement] INFO  server.RaftServerConfigKeys (ConfUtils.java:logGet(46)) - raft.server.rpc.request.timeout = 60s (custom)
2023-06-06 14:26:46,393 [c077bb33-fcdc-4b26-85c1-b9d62aefbd7c-groupManagement] INFO  server.RaftServerConfigKeys (ConfUtils.java:logGet(46)) - raft.server.log.appender.install.snapshot.enabled = false (custom)
2023-06-06 14:26:46,393 [c077bb33-fcdc-4b26-85c1-b9d62aefbd7c-groupManagement] INFO  server.RaftServerConfigKeys (ConfUtils.java:logGet(46)) - raft.server.threadpool.server.cached = true (default)
2023-06-06 14:26:46,393 [c077bb33-fcdc-4b26-85c1-b9d62aefbd7c-groupManagement] INFO  server.RaftServerConfigKeys (ConfUtils.java:logGet(46)) - raft.server.threadpool.server.size = 0 (default)
2023-06-06 14:26:46,393 [c077bb33-fcdc-4b26-85c1-b9d62aefbd7c-groupManagement] INFO  server.RaftServerConfigKeys (ConfUtils.java:logGet(46)) - raft.server.threadpool.client.cached = true (default)
2023-06-06 14:26:46,393 [c077bb33-fcdc-4b26-85c1-b9d62aefbd7c-groupManagement] INFO  server.RaftServerConfigKeys (ConfUtils.java:logGet(46)) - raft.server.threadpool.client.size = 0 (default)
2023-06-06 14:26:46,394 [c077bb33-fcdc-4b26-85c1-b9d62aefbd7c-groupManagement] INFO  storage.RaftStorageDirectory (RaftStorageDirectoryImpl.java:analyzeStorage(137)) - The storage directory /home/runner/work/ozone/ozone/hadoop-ozone/integration-test/target/test-dir/MiniOzoneClusterImpl-27950e3c-5885-4478-a852-34ee2aeb73f6/datanode-0/data/ratis/543cabb3-751c-4abf-99dc-429456829e89 does not exist. Creating ...
2023-06-06 14:26:46,395 [c077bb33-fcdc-4b26-85c1-b9d62aefbd7c-groupManagement] INFO  storage.RaftStorageDirectory (RaftStorageDirectoryImpl.java:tryLock(231)) - Lock on /home/runner/work/ozone/ozone/hadoop-ozone/integration-test/target/test-dir/MiniOzoneClusterImpl-27950e3c-5885-4478-a852-34ee2aeb73f6/datanode-0/data/ratis/543cabb3-751c-4abf-99dc-429456829e89/in_use.lock acquired by nodename 75814@fv-az1133-973
2023-06-06 14:26:46,397 [c077bb33-fcdc-4b26-85c1-b9d62aefbd7c-groupManagement] INFO  storage.RaftStorage (RaftStorageImpl.java:format(96)) - Storage directory /home/runner/work/ozone/ozone/hadoop-ozone/integration-test/target/test-dir/MiniOzoneClusterImpl-27950e3c-5885-4478-a852-34ee2aeb73f6/datanode-0/data/ratis/543cabb3-751c-4abf-99dc-429456829e89 has been successfully formatted.
2023-06-06 14:26:46,404 [c077bb33-fcdc-4b26-85c1-b9d62aefbd7c-groupManagement] INFO  ratis.ContainerStateMachine (ContainerStateMachine.java:loadSnapshot(262)) - group-429456829E89: The snapshot info is null. Setting the last applied indexto:(t:0, i:~)
2023-06-06 14:26:46,404 [c077bb33-fcdc-4b26-85c1-b9d62aefbd7c-groupManagement] INFO  server.RaftServerConfigKeys (ConfUtils.java:logGet(46)) - raft.server.log.use.memory = false (default)
2023-06-06 14:26:46,404 [c077bb33-fcdc-4b26-85c1-b9d62aefbd7c-groupManagement] INFO  server.RaftServerConfigKeys (ConfUtils.java:logGet(46)) - raft.server.log.purge.gap = 1000000 (custom)
2023-06-06 14:26:46,404 [c077bb33-fcdc-4b26-85c1-b9d62aefbd7c-groupManagement] INFO  server.RaftServerConfigKeys (ConfUtils.java:logGet(46)) - raft.server.log.appender.buffer.byte-limit = 33554432 (custom)
2023-06-06 14:26:46,405 [EventQueue-PipelineReportForPipelineReportHandler] INFO  pipeline.PipelineManagerImpl (PipelineManagerImpl.java:openPipeline(367)) - Pipeline Pipeline[ Id: 543cabb3-751c-4abf-99dc-429456829e89, Nodes: c077bb33-fcdc-4b26-85c1-b9d62aefbd7c(fv-az1133-973.qlb2sqfkji0uhjsjdnlwzcsdwg.bx.internal.cloudapp.net/10.1.0.37), ReplicationConfig: RATIS/ONE, State:ALLOCATED, leaderId:c077bb33-fcdc-4b26-85c1-b9d62aefbd7c, CreationTimestamp2023-06-06T14:26:43.390Z[Etc/UTC]] moved to OPEN state
2023-06-06 14:26:46,407 [c077bb33-fcdc-4b26-85c1-b9d62aefbd7c-groupManagement] INFO  server.RaftServerConfigKeys (ConfUtils.java:logGet(46)) - raft.server.log.statemachine.data.read.timeout = 1000ms (default)
2023-06-06 14:26:46,407 [c077bb33-fcdc-4b26-85c1-b9d62aefbd7c-groupManagement] INFO  server.RaftServerConfigKeys (ConfUtils.java:logGet(46)) - raft.server.log.purge.preservation.log.num = 0 (default)
2023-06-06 14:26:46,407 [EventQueue-OpenPipelineForHealthyPipelineSafeModeRule] INFO  safemode.SCMSafeModeManager (HealthyPipelineSafeModeRule.java:process(137)) - SCM in safe mode. Healthy pipelines reported count is 0, required healthy pipeline reported count is 1
2023-06-06 14:26:46,409 [c077bb33-fcdc-4b26-85c1-b9d62aefbd7c-groupManagement] INFO  server.RaftServerConfigKeys (ConfUtils.java:logGet(46)) - raft.server.log.segment.size.max = 1048576 (custom)
2023-06-06 14:26:46,409 [c077bb33-fcdc-4b26-85c1-b9d62aefbd7c-groupManagement] INFO  server.RaftServerConfigKeys (ConfUtils.java:logGet(46)) - raft.server.log.segment.cache.num.max = 2 (custom)
2023-06-06 14:26:46,409 [c077bb33-fcdc-4b26-85c1-b9d62aefbd7c-groupManagement] INFO  server.RaftServerConfigKeys (ConfUtils.java:logGet(46)) - raft.server.log.segment.cache.size.max = 200MB (=209715200) (default)
2023-06-06 14:26:46,409 [c077bb33-fcdc-4b26-85c1-b9d62aefbd7c-groupManagement] INFO  server.RaftServerConfigKeys (ConfUtils.java:logGet(46)) - raft.server.log.appender.buffer.byte-limit = 33554432 (custom)
2023-06-06 14:26:46,409 [c077bb33-fcdc-4b26-85c1-b9d62aefbd7c-groupManagement] INFO  segmented.SegmentedRaftLogWorker (SegmentedRaftLogWorker.java:<init>(188)) - new c077bb33-fcdc-4b26-85c1-b9d62aefbd7c@group-429456829E89-SegmentedRaftLogWorker for RaftStorageImpl:Storage Directory /home/runner/work/ozone/ozone/hadoop-ozone/integration-test/target/test-dir/MiniOzoneClusterImpl-27950e3c-5885-4478-a852-34ee2aeb73f6/datanode-0/data/ratis/543cabb3-751c-4abf-99dc-429456829e89
2023-06-06 14:26:46,410 [c077bb33-fcdc-4b26-85c1-b9d62aefbd7c-groupManagement] INFO  server.RaftServerConfigKeys (ConfUtils.java:logGet(46)) - raft.server.log.queue.byte-limit = 4294967296 (custom)
2023-06-06 14:26:46,410 [c077bb33-fcdc-4b26-85c1-b9d62aefbd7c-groupManagement] INFO  server.RaftServerConfigKeys (ConfUtils.java:logGet(46)) - raft.server.log.queue.element-limit = 1024 (custom)
2023-06-06 14:26:46,410 [c077bb33-fcdc-4b26-85c1-b9d62aefbd7c-groupManagement] INFO  server.RaftServerConfigKeys (ConfUtils.java:logGet(46)) - raft.server.log.segment.size.max = 1048576 (custom)
2023-06-06 14:26:46,410 [c077bb33-fcdc-4b26-85c1-b9d62aefbd7c-groupManagement] INFO  server.RaftServerConfigKeys (ConfUtils.java:logGet(46)) - raft.server.log.preallocated.size = 16384 (custom)
2023-06-06 14:26:46,410 [c077bb33-fcdc-4b26-85c1-b9d62aefbd7c-groupManagement] INFO  server.RaftServerConfigKeys (ConfUtils.java:logGet(46)) - raft.server.log.force.sync.num = 128 (default)
2023-06-06 14:26:46,410 [c077bb33-fcdc-4b26-85c1-b9d62aefbd7c-groupManagement] INFO  server.RaftServerConfigKeys (ConfUtils.java:logGet(46)) - raft.server.log.statemachine.data.sync = true (default)
2023-06-06 14:26:46,410 [c077bb33-fcdc-4b26-85c1-b9d62aefbd7c-groupManagement] INFO  server.RaftServerConfigKeys (ConfUtils.java:logGet(46)) - raft.server.log.statemachine.data.sync.timeout = 10s (default)
2023-06-06 14:26:46,410 [c077bb33-fcdc-4b26-85c1-b9d62aefbd7c-groupManagement] INFO  server.RaftServerConfigKeys (ConfUtils.java:logGet(46)) - raft.server.log.statemachine.data.sync.timeout.retry = -1 (default)
2023-06-06 14:26:46,411 [c077bb33-fcdc-4b26-85c1-b9d62aefbd7c-groupManagement] INFO  server.RaftServerConfigKeys (ConfUtils.java:logGet(46)) - raft.server.log.write.buffer.size = 1048576 (custom)
2023-06-06 14:26:46,411 [c077bb33-fcdc-4b26-85c1-b9d62aefbd7c-groupManagement] INFO  server.RaftServerConfigKeys (ConfUtils.java:logGet(46)) - raft.server.log.appender.buffer.byte-limit = 33554432 (custom)
2023-06-06 14:26:46,416 [c077bb33-fcdc-4b26-85c1-b9d62aefbd7c-groupManagement] INFO  server.RaftServerConfigKeys (ConfUtils.java:logGet(46)) - raft.server.log.unsafe-flush.enabled = false (default)
2023-06-06 14:26:46,416 [c077bb33-fcdc-4b26-85c1-b9d62aefbd7c-groupManagement] INFO  server.RaftServerConfigKeys (ConfUtils.java:logGet(46)) - raft.server.log.async-flush.enabled = false (default)
2023-06-06 14:26:46,416 [c077bb33-fcdc-4b26-85c1-b9d62aefbd7c-groupManagement] INFO  server.RaftServerConfigKeys (ConfUtils.java:logGet(46)) - raft.server.log.statemachine.data.caching.enabled = true (custom)
2023-06-06 14:26:46,417 [c077bb33-fcdc-4b26-85c1-b9d62aefbd7c-groupManagement] INFO  segmented.SegmentedRaftLogWorker (SegmentedRaftLogWorker.java:lambda$new$0(135)) - c077bb33-fcdc-4b26-85c1-b9d62aefbd7c@group-429456829E89-SegmentedRaftLogWorker: flushIndex: setUnconditionally 0 -> -1
2023-06-06 14:26:46,417 [c077bb33-fcdc-4b26-85c1-b9d62aefbd7c-groupManagement] INFO  segmented.SegmentedRaftLogWorker (SegmentedRaftLogWorker.java:lambda$new$0(135)) - c077bb33-fcdc-4b26-85c1-b9d62aefbd7c@group-429456829E89-SegmentedRaftLogWorker: safeCacheEvictIndex: setUnconditionally 0 -> -1
2023-06-06 14:26:46,417 [c077bb33-fcdc-4b26-85c1-b9d62aefbd7c-groupManagement] INFO  server.RaftServer$Division (RaftServerImpl.java:start(342)) - c077bb33-fcdc-4b26-85c1-b9d62aefbd7c@group-429456829E89: start as a follower, conf=-1: peers:[c077bb33-fcdc-4b26-85c1-b9d62aefbd7c|rpc:10.1.0.37:15014|admin:10.1.0.37:15013|client:10.1.0.37:15012|dataStream:10.1.0.37:15015|priority:1|startupRole:FOLLOWER]|listeners:[], old=null
2023-06-06 14:26:46,417 [c077bb33-fcdc-4b26-85c1-b9d62aefbd7c-groupManagement] INFO  server.RaftServer$Division (RaftServerImpl.java:setRole(329)) - c077bb33-fcdc-4b26-85c1-b9d62aefbd7c@group-429456829E89: changes role from      null to FOLLOWER at term 0 for startAsFollower
2023-06-06 14:26:46,417 [c077bb33-fcdc-4b26-85c1-b9d62aefbd7c-groupManagement] INFO  impl.RoleInfo (RoleInfo.java:updateAndGet(139)) - c077bb33-fcdc-4b26-85c1-b9d62aefbd7c: start c077bb33-fcdc-4b26-85c1-b9d62aefbd7c@group-429456829E89-FollowerState
2023-06-06 14:26:46,417 [c077bb33-fcdc-4b26-85c1-b9d62aefbd7c@group-429456829E89-FollowerState] INFO  server.RaftServerConfigKeys (ConfUtils.java:logFallback(53)) - raft.server.rpc.first-election.timeout.min = 5s (fallback to raft.server.rpc.timeout.min)
2023-06-06 14:26:46,422 [c077bb33-fcdc-4b26-85c1-b9d62aefbd7c@group-429456829E89-FollowerState] INFO  server.RaftServerConfigKeys (ConfUtils.java:logFallback(53)) - raft.server.rpc.first-election.timeout.max = 5200ms (fallback to raft.server.rpc.timeout.max)
2023-06-06 14:26:46,417 [c077bb33-fcdc-4b26-85c1-b9d62aefbd7c-groupManagement] INFO  util.JmxRegister (JmxRegister.java:tryRegister(44)) - Successfully registered JMX Bean with object name Ratis:service=RaftServer,group=group-429456829E89,id=c077bb33-fcdc-4b26-85c1-b9d62aefbd7c
2023-06-06 14:26:46,422 [c077bb33-fcdc-4b26-85c1-b9d62aefbd7c-groupManagement] INFO  server.RaftServerConfigKeys (ConfUtils.java:logGet(46)) - raft.server.snapshot.auto.trigger.enabled = true (custom)
2023-06-06 14:26:46,422 [c077bb33-fcdc-4b26-85c1-b9d62aefbd7c-groupManagement] INFO  server.RaftServerConfigKeys (ConfUtils.java:logGet(46)) - raft.server.snapshot.auto.trigger.threshold = 10000 (custom)
2023-06-06 14:26:46,422 [c077bb33-fcdc-4b26-85c1-b9d62aefbd7c-groupManagement] INFO  server.RaftServerConfigKeys (ConfUtils.java:logGet(46)) - raft.server.snapshot.retention.file.num = 5 (custom)
2023-06-06 14:26:46,422 [c077bb33-fcdc-4b26-85c1-b9d62aefbd7c-groupManagement] INFO  server.RaftServerConfigKeys (ConfUtils.java:logGet(46)) - raft.server.log.purge.upto.snapshot.index = false (default)
2023-06-06 14:26:46,429 [PipelineCommandHandlerThread-0] INFO  ratis.XceiverServerRatis (XceiverServerRatis.java:addGroup(804)) - Created group PipelineID=543cabb3-751c-4abf-99dc-429456829e89
2023-06-06 14:26:46,430 [PipelineCommandHandlerThread-0] INFO  commandhandler.CreatePipelineCommandHandler (CreatePipelineCommandHandler.java:lambda$handle$2(124)) - Created Pipeline RATIS ONE PipelineID=543cabb3-751c-4abf-99dc-429456829e89.
2023-06-06 14:26:46,430 [PipelineCommandHandlerThread-0] INFO  server.RaftServer (RaftServerProxy.java:addNew(98)) - c077bb33-fcdc-4b26-85c1-b9d62aefbd7c: addNew group-DDC5CB68ABFD:[4e2b4efa-bcb4-46de-b119-545b7decf2b1|rpc:10.1.0.37:15023|admin:10.1.0.37:15022|client:10.1.0.37:15021|dataStream:10.1.0.37:15024|priority:1|startupRole:FOLLOWER, c077bb33-fcdc-4b26-85c1-b9d62aefbd7c|rpc:10.1.0.37:15014|admin:10.1.0.37:15013|client:10.1.0.37:15012|dataStream:10.1.0.37:15015|priority:0|startupRole:FOLLOWER, fdffd6d6-5a7e-48c5-a2f3-4f163f884c78|rpc:10.1.0.37:15032|admin:10.1.0.37:15031|client:10.1.0.37:15030|dataStream:10.1.0.37:15033|priority:0|startupRole:FOLLOWER] returns group-DDC5CB68ABFD:java.util.concurrent.CompletableFuture@35dc24d5[Not completed]
2023-06-06 14:26:46,431 [c077bb33-fcdc-4b26-85c1-b9d62aefbd7c-groupManagement] INFO  server.RaftServer$Division (RaftServerImpl.java:<init>(198)) - c077bb33-fcdc-4b26-85c1-b9d62aefbd7c: new RaftServerImpl for group-DDC5CB68ABFD:[4e2b4efa-bcb4-46de-b119-545b7decf2b1|rpc:10.1.0.37:15023|admin:10.1.0.37:15022|client:10.1.0.37:15021|dataStream:10.1.0.37:15024|priority:1|startupRole:FOLLOWER, c077bb33-fcdc-4b26-85c1-b9d62aefbd7c|rpc:10.1.0.37:15014|admin:10.1.0.37:15013|client:10.1.0.37:15012|dataStream:10.1.0.37:15015|priority:0|startupRole:FOLLOWER, fdffd6d6-5a7e-48c5-a2f3-4f163f884c78|rpc:10.1.0.37:15032|admin:10.1.0.37:15031|client:10.1.0.37:15030|dataStream:10.1.0.37:15033|priority:0|startupRole:FOLLOWER] with ContainerStateMachine:uninitialized
2023-06-06 14:26:46,431 [c077bb33-fcdc-4b26-85c1-b9d62aefbd7c-groupManagement] INFO  server.RaftServerConfigKeys (ConfUtils.java:logGet(46)) - raft.server.rpc.timeout.min = 5s (custom)
2023-06-06 14:26:46,431 [c077bb33-fcdc-4b26-85c1-b9d62aefbd7c-groupManagement] INFO  server.RaftServerConfigKeys (ConfUtils.java:logGet(46)) - raft.server.rpc.timeout.max = 5200ms (custom)
2023-06-06 14:26:46,431 [c077bb33-fcdc-4b26-85c1-b9d62aefbd7c-groupManagement] INFO  server.RaftServerConfigKeys (ConfUtils.java:logGet(46)) - raft.server.rpc.sleep.time = 25ms (default)
2023-06-06 14:26:46,432 [c077bb33-fcdc-4b26-85c1-b9d62aefbd7c-groupManagement] INFO  server.RaftServerConfigKeys (ConfUtils.java:logGet(46)) - raft.server.rpc.slowness.timeout = 300s (custom)
2023-06-06 14:26:46,432 [c077bb33-fcdc-4b26-85c1-b9d62aefbd7c-groupManagement] INFO  server.RaftServerConfigKeys (ConfUtils.java:logGet(46)) - raft.server.leaderelection.leader.step-down.wait-time = 10s (default)
2023-06-06 14:26:46,432 [c077bb33-fcdc-4b26-85c1-b9d62aefbd7c-groupManagement] INFO  server.RaftServerConfigKeys (ConfUtils.java:logGet(46)) - raft.server.sleep.deviation.threshold = 300ms (default)
2023-06-06 14:26:46,432 [c077bb33-fcdc-4b26-85c1-b9d62aefbd7c-groupManagement] INFO  server.RaftServer$Division (ServerState.java:<init>(120)) - c077bb33-fcdc-4b26-85c1-b9d62aefbd7c@group-DDC5CB68ABFD: ConfigurationManager, init=-1: peers:[4e2b4efa-bcb4-46de-b119-545b7decf2b1|rpc:10.1.0.37:15023|admin:10.1.0.37:15022|client:10.1.0.37:15021|dataStream:10.1.0.37:15024|priority:1|startupRole:FOLLOWER, c077bb33-fcdc-4b26-85c1-b9d62aefbd7c|rpc:10.1.0.37:15014|admin:10.1.0.37:15013|client:10.1.0.37:15012|dataStream:10.1.0.37:15015|priority:0|startupRole:FOLLOWER, fdffd6d6-5a7e-48c5-a2f3-4f163f884c78|rpc:10.1.0.37:15032|admin:10.1.0.37:15031|client:10.1.0.37:15030|dataStream:10.1.0.37:15033|priority:0|startupRole:FOLLOWER]|listeners:[], old=null, confs=<EMPTY_MAP>
2023-06-06 14:26:46,432 [c077bb33-fcdc-4b26-85c1-b9d62aefbd7c-groupManagement] INFO  server.RaftServerConfigKeys (ConfUtils.java:logGet(46)) - raft.server.storage.dir = [/home/runner/work/ozone/ozone/hadoop-ozone/integration-test/target/test-dir/MiniOzoneClusterImpl-27950e3c-5885-4478-a852-34ee2aeb73f6/datanode-0/data/ratis] (custom)
2023-06-06 14:26:46,432 [c077bb33-fcdc-4b26-85c1-b9d62aefbd7c-groupManagement] INFO  server.RaftServerConfigKeys (ConfUtils.java:logGet(46)) - raft.server.log.corruption.policy = EXCEPTION (default)
2023-06-06 14:26:46,432 [c077bb33-fcdc-4b26-85c1-b9d62aefbd7c-groupManagement] INFO  server.RaftServerConfigKeys (ConfUtils.java:logGet(46)) - raft.server.storage.free-space.min = 0MB (=0) (default)
2023-06-06 14:26:46,432 [c077bb33-fcdc-4b26-85c1-b9d62aefbd7c-groupManagement] INFO  server.RaftServerConfigKeys (ConfUtils.java:logGet(46)) - raft.server.notification.no-leader.timeout = 300s (custom)
2023-06-06 14:26:46,432 [c077bb33-fcdc-4b26-85c1-b9d62aefbd7c-groupManagement] INFO  server.RaftServerConfigKeys (ConfUtils.java:logGet(46)) - raft.server.read.timeout = 10s (default)
2023-06-06 14:26:46,432 [c077bb33-fcdc-4b26-85c1-b9d62aefbd7c-groupManagement] INFO  server.RaftServerConfigKeys (ConfUtils.java:logGet(46)) - raft.server.retrycache.expirytime = 600000ms (custom)
2023-06-06 14:26:46,432 [c077bb33-fcdc-4b26-85c1-b9d62aefbd7c-groupManagement] INFO  server.RaftServerConfigKeys (ConfUtils.java:logGet(46)) - raft.server.retrycache.statistics.expirytime = 100μs (default)
2023-06-06 14:26:46,432 [c077bb33-fcdc-4b26-85c1-b9d62aefbd7c-groupManagement] INFO  server.RaftServerConfigKeys (ConfUtils.java:logGet(46)) - raft.server.read.option = DEFAULT (default)
2023-06-06 14:26:46,434 [c077bb33-fcdc-4b26-85c1-b9d62aefbd7c-groupManagement] INFO  server.RaftServerConfigKeys (ConfUtils.java:logGet(46)) - raft.server.rpc.request.timeout = 60s (custom)
2023-06-06 14:26:46,434 [c077bb33-fcdc-4b26-85c1-b9d62aefbd7c-groupManagement] INFO  server.RaftServerConfigKeys (ConfUtils.java:logGet(46)) - raft.server.log.appender.install.snapshot.enabled = false (custom)
2023-06-06 14:26:46,434 [c077bb33-fcdc-4b26-85c1-b9d62aefbd7c-groupManagement] INFO  server.RaftServerConfigKeys (ConfUtils.java:logGet(46)) - raft.server.threadpool.server.cached = true (default)
2023-06-06 14:26:46,434 [c077bb33-fcdc-4b26-85c1-b9d62aefbd7c-groupManagement] INFO  server.RaftServerConfigKeys (ConfUtils.java:logGet(46)) - raft.server.threadpool.server.size = 0 (default)
2023-06-06 14:26:46,434 [c077bb33-fcdc-4b26-85c1-b9d62aefbd7c-groupManagement] INFO  server.RaftServerConfigKeys (ConfUtils.java:logGet(46)) - raft.server.threadpool.client.cached = true (default)
2023-06-06 14:26:46,434 [c077bb33-fcdc-4b26-85c1-b9d62aefbd7c-groupManagement] INFO  server.RaftServerConfigKeys (ConfUtils.java:logGet(46)) - raft.server.threadpool.client.size = 0 (default)
2023-06-06 14:26:46,434 [c077bb33-fcdc-4b26-85c1-b9d62aefbd7c-groupManagement] INFO  storage.RaftStorageDirectory (RaftStorageDirectoryImpl.java:analyzeStorage(137)) - The storage directory /home/runner/work/ozone/ozone/hadoop-ozone/integration-test/target/test-dir/MiniOzoneClusterImpl-27950e3c-5885-4478-a852-34ee2aeb73f6/datanode-0/data/ratis/ffa600fa-e326-4402-8143-ddc5cb68abfd does not exist. Creating ...
2023-06-06 14:26:46,435 [c077bb33-fcdc-4b26-85c1-b9d62aefbd7c-groupManagement] INFO  storage.RaftStorageDirectory (RaftStorageDirectoryImpl.java:tryLock(231)) - Lock on /home/runner/work/ozone/ozone/hadoop-ozone/integration-test/target/test-dir/MiniOzoneClusterImpl-27950e3c-5885-4478-a852-34ee2aeb73f6/datanode-0/data/ratis/ffa600fa-e326-4402-8143-ddc5cb68abfd/in_use.lock acquired by nodename 75814@fv-az1133-973
2023-06-06 14:26:46,436 [c077bb33-fcdc-4b26-85c1-b9d62aefbd7c-groupManagement] INFO  storage.RaftStorage (RaftStorageImpl.java:format(96)) - Storage directory /home/runner/work/ozone/ozone/hadoop-ozone/integration-test/target/test-dir/MiniOzoneClusterImpl-27950e3c-5885-4478-a852-34ee2aeb73f6/datanode-0/data/ratis/ffa600fa-e326-4402-8143-ddc5cb68abfd has been successfully formatted.
2023-06-06 14:26:46,437 [c077bb33-fcdc-4b26-85c1-b9d62aefbd7c-groupManagement] INFO  ratis.ContainerStateMachine (ContainerStateMachine.java:loadSnapshot(262)) - group-DDC5CB68ABFD: The snapshot info is null. Setting the last applied indexto:(t:0, i:~)
2023-06-06 14:26:46,437 [c077bb33-fcdc-4b26-85c1-b9d62aefbd7c-groupManagement] INFO  server.RaftServerConfigKeys (ConfUtils.java:logGet(46)) - raft.server.log.use.memory = false (default)
2023-06-06 14:26:46,437 [c077bb33-fcdc-4b26-85c1-b9d62aefbd7c-groupManagement] INFO  server.RaftServerConfigKeys (ConfUtils.java:logGet(46)) - raft.server.log.purge.gap = 1000000 (custom)
2023-06-06 14:26:46,437 [c077bb33-fcdc-4b26-85c1-b9d62aefbd7c-groupManagement] INFO  server.RaftServerConfigKeys (ConfUtils.java:logGet(46)) - raft.server.log.appender.buffer.byte-limit = 33554432 (custom)
2023-06-06 14:26:46,437 [c077bb33-fcdc-4b26-85c1-b9d62aefbd7c-groupManagement] INFO  server.RaftServerConfigKeys (ConfUtils.java:logGet(46)) - raft.server.log.statemachine.data.read.timeout = 1000ms (default)
2023-06-06 14:26:46,437 [c077bb33-fcdc-4b26-85c1-b9d62aefbd7c-groupManagement] INFO  server.RaftServerConfigKeys (ConfUtils.java:logGet(46)) - raft.server.log.purge.preservation.log.num = 0 (default)
2023-06-06 14:26:46,437 [c077bb33-fcdc-4b26-85c1-b9d62aefbd7c-groupManagement] INFO  server.RaftServerConfigKeys (ConfUtils.java:logGet(46)) - raft.server.log.segment.size.max = 1048576 (custom)
2023-06-06 14:26:46,438 [c077bb33-fcdc-4b26-85c1-b9d62aefbd7c-groupManagement] INFO  server.RaftServerConfigKeys (ConfUtils.java:logGet(46)) - raft.server.log.segment.cache.num.max = 2 (custom)
2023-06-06 14:26:46,438 [c077bb33-fcdc-4b26-85c1-b9d62aefbd7c-groupManagement] INFO  server.RaftServerConfigKeys (ConfUtils.java:logGet(46)) - raft.server.log.segment.cache.size.max = 200MB (=209715200) (default)
2023-06-06 14:26:46,438 [c077bb33-fcdc-4b26-85c1-b9d62aefbd7c-groupManagement] INFO  server.RaftServerConfigKeys (ConfUtils.java:logGet(46)) - raft.server.log.appender.buffer.byte-limit = 33554432 (custom)
2023-06-06 14:26:46,438 [c077bb33-fcdc-4b26-85c1-b9d62aefbd7c-groupManagement] INFO  segmented.SegmentedRaftLogWorker (SegmentedRaftLogWorker.java:<init>(188)) - new c077bb33-fcdc-4b26-85c1-b9d62aefbd7c@group-DDC5CB68ABFD-SegmentedRaftLogWorker for RaftStorageImpl:Storage Directory /home/runner/work/ozone/ozone/hadoop-ozone/integration-test/target/test-dir/MiniOzoneClusterImpl-27950e3c-5885-4478-a852-34ee2aeb73f6/datanode-0/data/ratis/ffa600fa-e326-4402-8143-ddc5cb68abfd
2023-06-06 14:26:46,438 [c077bb33-fcdc-4b26-85c1-b9d62aefbd7c-groupManagement] INFO  server.RaftServerConfigKeys (ConfUtils.java:logGet(46)) - raft.server.log.queue.byte-limit = 4294967296 (custom)
2023-06-06 14:26:46,438 [c077bb33-fcdc-4b26-85c1-b9d62aefbd7c-groupManagement] INFO  server.RaftServerConfigKeys (ConfUtils.java:logGet(46)) - raft.server.log.queue.element-limit = 1024 (custom)
2023-06-06 14:26:46,438 [c077bb33-fcdc-4b26-85c1-b9d62aefbd7c-groupManagement] INFO  server.RaftServerConfigKeys (ConfUtils.java:logGet(46)) - raft.server.log.segment.size.max = 1048576 (custom)
2023-06-06 14:26:46,438 [c077bb33-fcdc-4b26-85c1-b9d62aefbd7c-groupManagement] INFO  server.RaftServerConfigKeys (ConfUtils.java:logGet(46)) - raft.server.log.preallocated.size = 16384 (custom)
2023-06-06 14:26:46,438 [c077bb33-fcdc-4b26-85c1-b9d62aefbd7c-groupManagement] INFO  server.RaftServerConfigKeys (ConfUtils.java:logGet(46)) - raft.server.log.force.sync.num = 128 (default)
2023-06-06 14:26:46,438 [c077bb33-fcdc-4b26-85c1-b9d62aefbd7c-groupManagement] INFO  server.RaftServerConfigKeys (ConfUtils.java:logGet(46)) - raft.server.log.statemachine.data.sync = true (default)
2023-06-06 14:26:46,438 [c077bb33-fcdc-4b26-85c1-b9d62aefbd7c-groupManagement] INFO  server.RaftServerConfigKeys (ConfUtils.java:logGet(46)) - raft.server.log.statemachine.data.sync.timeout = 10s (default)
2023-06-06 14:26:46,438 [c077bb33-fcdc-4b26-85c1-b9d62aefbd7c-groupManagement] INFO  server.RaftServerConfigKeys (ConfUtils.java:logGet(46)) - raft.server.log.statemachine.data.sync.timeout.retry = -1 (default)
2023-06-06 14:26:46,440 [EventQueue-OpenPipelineForHealthyPipelineSafeModeRule] INFO  safemode.SCMSafeModeManager (HealthyPipelineSafeModeRule.java:process(137)) - SCM in safe mode. Healthy pipelines reported count is 0, required healthy pipeline reported count is 1
2023-06-06 14:26:46,442 [c077bb33-fcdc-4b26-85c1-b9d62aefbd7c-groupManagement] INFO  server.RaftServerConfigKeys (ConfUtils.java:logGet(46)) - raft.server.log.write.buffer.size = 1048576 (custom)
2023-06-06 14:26:46,442 [c077bb33-fcdc-4b26-85c1-b9d62aefbd7c-groupManagement] INFO  server.RaftServerConfigKeys (ConfUtils.java:logGet(46)) - raft.server.log.appender.buffer.byte-limit = 33554432 (custom)
2023-06-06 14:26:46,590 [c077bb33-fcdc-4b26-85c1-b9d62aefbd7c-groupManagement] INFO  server.RaftServerConfigKeys (ConfUtils.java:logGet(46)) - raft.server.log.unsafe-flush.enabled = false (default)
2023-06-06 14:26:46,590 [c077bb33-fcdc-4b26-85c1-b9d62aefbd7c-groupManagement] INFO  server.RaftServerConfigKeys (ConfUtils.java:logGet(46)) - raft.server.log.async-flush.enabled = false (default)
2023-06-06 14:26:46,590 [c077bb33-fcdc-4b26-85c1-b9d62aefbd7c-groupManagement] INFO  server.RaftServerConfigKeys (ConfUtils.java:logGet(46)) - raft.server.log.statemachine.data.caching.enabled = true (custom)
2023-06-06 14:26:46,590 [c077bb33-fcdc-4b26-85c1-b9d62aefbd7c-groupManagement] INFO  segmented.SegmentedRaftLogWorker (SegmentedRaftLogWorker.java:lambda$new$0(135)) - c077bb33-fcdc-4b26-85c1-b9d62aefbd7c@group-DDC5CB68ABFD-SegmentedRaftLogWorker: flushIndex: setUnconditionally 0 -> -1
2023-06-06 14:26:46,590 [c077bb33-fcdc-4b26-85c1-b9d62aefbd7c-groupManagement] INFO  segmented.SegmentedRaftLogWorker (SegmentedRaftLogWorker.java:lambda$new$0(135)) - c077bb33-fcdc-4b26-85c1-b9d62aefbd7c@group-DDC5CB68ABFD-SegmentedRaftLogWorker: safeCacheEvictIndex: setUnconditionally 0 -> -1
2023-06-06 14:26:46,591 [c077bb33-fcdc-4b26-85c1-b9d62aefbd7c-groupManagement] INFO  server.RaftServer$Division (RaftServerImpl.java:start(342)) - c077bb33-fcdc-4b26-85c1-b9d62aefbd7c@group-DDC5CB68ABFD: start as a follower, conf=-1: peers:[4e2b4efa-bcb4-46de-b119-545b7decf2b1|rpc:10.1.0.37:15023|admin:10.1.0.37:15022|client:10.1.0.37:15021|dataStream:10.1.0.37:15024|priority:1|startupRole:FOLLOWER, c077bb33-fcdc-4b26-85c1-b9d62aefbd7c|rpc:10.1.0.37:15014|admin:10.1.0.37:15013|client:10.1.0.37:15012|dataStream:10.1.0.37:15015|priority:0|startupRole:FOLLOWER, fdffd6d6-5a7e-48c5-a2f3-4f163f884c78|rpc:10.1.0.37:15032|admin:10.1.0.37:15031|client:10.1.0.37:15030|dataStream:10.1.0.37:15033|priority:0|startupRole:FOLLOWER]|listeners:[], old=null
2023-06-06 14:26:46,592 [c077bb33-fcdc-4b26-85c1-b9d62aefbd7c-groupManagement] INFO  server.RaftServer$Division (RaftServerImpl.java:setRole(329)) - c077bb33-fcdc-4b26-85c1-b9d62aefbd7c@group-DDC5CB68ABFD: changes role from      null to FOLLOWER at term 0 for startAsFollower
2023-06-06 14:26:46,592 [c077bb33-fcdc-4b26-85c1-b9d62aefbd7c-groupManagement] INFO  impl.RoleInfo (RoleInfo.java:updateAndGet(139)) - c077bb33-fcdc-4b26-85c1-b9d62aefbd7c: start c077bb33-fcdc-4b26-85c1-b9d62aefbd7c@group-DDC5CB68ABFD-FollowerState
2023-06-06 14:26:46,592 [c077bb33-fcdc-4b26-85c1-b9d62aefbd7c-groupManagement] INFO  util.JmxRegister (JmxRegister.java:tryRegister(44)) - Successfully registered JMX Bean with object name Ratis:service=RaftServer,group=group-DDC5CB68ABFD,id=c077bb33-fcdc-4b26-85c1-b9d62aefbd7c
2023-06-06 14:26:46,592 [c077bb33-fcdc-4b26-85c1-b9d62aefbd7c-groupManagement] INFO  server.RaftServerConfigKeys (ConfUtils.java:logGet(46)) - raft.server.snapshot.auto.trigger.enabled = true (custom)
2023-06-06 14:26:46,596 [c077bb33-fcdc-4b26-85c1-b9d62aefbd7c-groupManagement] INFO  server.RaftServerConfigKeys (ConfUtils.java:logGet(46)) - raft.server.snapshot.auto.trigger.threshold = 10000 (custom)
2023-06-06 14:26:46,596 [c077bb33-fcdc-4b26-85c1-b9d62aefbd7c-groupManagement] INFO  server.RaftServerConfigKeys (ConfUtils.java:logGet(46)) - raft.server.snapshot.retention.file.num = 5 (custom)
2023-06-06 14:26:46,596 [c077bb33-fcdc-4b26-85c1-b9d62aefbd7c-groupManagement] INFO  server.RaftServerConfigKeys (ConfUtils.java:logGet(46)) - raft.server.log.purge.upto.snapshot.index = false (default)
2023-06-06 14:26:46,597 [c077bb33-fcdc-4b26-85c1-b9d62aefbd7c@group-DDC5CB68ABFD-FollowerState] INFO  server.RaftServerConfigKeys (ConfUtils.java:logFallback(53)) - raft.server.rpc.first-election.timeout.min = 5s (fallback to raft.server.rpc.timeout.min)
2023-06-06 14:26:46,599 [PipelineCommandHandlerThread-0] INFO  ratis.XceiverServerRatis (XceiverServerRatis.java:addGroup(804)) - Created group PipelineID=ffa600fa-e326-4402-8143-ddc5cb68abfd
2023-06-06 14:26:46,605 [c077bb33-fcdc-4b26-85c1-b9d62aefbd7c@group-DDC5CB68ABFD-FollowerState] INFO  server.RaftServerConfigKeys (ConfUtils.java:logFallback(53)) - raft.server.rpc.first-election.timeout.max = 5200ms (fallback to raft.server.rpc.timeout.max)
2023-06-06 14:26:46,995 [grpc-default-executor-0] INFO  server.RaftServer (RaftServerProxy.java:addNew(98)) - 4e2b4efa-bcb4-46de-b119-545b7decf2b1: addNew group-DDC5CB68ABFD:[4e2b4efa-bcb4-46de-b119-545b7decf2b1|rpc:10.1.0.37:15023|admin:10.1.0.37:15022|client:10.1.0.37:15021|dataStream:10.1.0.37:15024|priority:1|startupRole:FOLLOWER, c077bb33-fcdc-4b26-85c1-b9d62aefbd7c|rpc:10.1.0.37:15014|admin:10.1.0.37:15013|client:10.1.0.37:15012|dataStream:10.1.0.37:15015|priority:0|startupRole:FOLLOWER, fdffd6d6-5a7e-48c5-a2f3-4f163f884c78|rpc:10.1.0.37:15032|admin:10.1.0.37:15031|client:10.1.0.37:15030|dataStream:10.1.0.37:15033|priority:0|startupRole:FOLLOWER] returns group-DDC5CB68ABFD:java.util.concurrent.CompletableFuture@4f1ba8f6[Not completed]
2023-06-06 14:26:47,003 [PipelineCommandHandlerThread-0] INFO  server.RaftServer (RaftServerProxy.java:addNew(98)) - 4e2b4efa-bcb4-46de-b119-545b7decf2b1: addNew group-9F8053CB28CC:[4e2b4efa-bcb4-46de-b119-545b7decf2b1|rpc:10.1.0.37:15023|admin:10.1.0.37:15022|client:10.1.0.37:15021|dataStream:10.1.0.37:15024|priority:1|startupRole:FOLLOWER] returns group-9F8053CB28CC:java.util.concurrent.CompletableFuture@4f47a71c[Not completed]
2023-06-06 14:26:47,007 [4e2b4efa-bcb4-46de-b119-545b7decf2b1-groupManagement] INFO  server.RaftServer$Division (RaftServerImpl.java:<init>(198)) - 4e2b4efa-bcb4-46de-b119-545b7decf2b1: new RaftServerImpl for group-DDC5CB68ABFD:[4e2b4efa-bcb4-46de-b119-545b7decf2b1|rpc:10.1.0.37:15023|admin:10.1.0.37:15022|client:10.1.0.37:15021|dataStream:10.1.0.37:15024|priority:1|startupRole:FOLLOWER, c077bb33-fcdc-4b26-85c1-b9d62aefbd7c|rpc:10.1.0.37:15014|admin:10.1.0.37:15013|client:10.1.0.37:15012|dataStream:10.1.0.37:15015|priority:0|startupRole:FOLLOWER, fdffd6d6-5a7e-48c5-a2f3-4f163f884c78|rpc:10.1.0.37:15032|admin:10.1.0.37:15031|client:10.1.0.37:15030|dataStream:10.1.0.37:15033|priority:0|startupRole:FOLLOWER] with ContainerStateMachine:uninitialized
2023-06-06 14:26:47,009 [4e2b4efa-bcb4-46de-b119-545b7decf2b1-groupManagement] INFO  server.RaftServerConfigKeys (ConfUtils.java:logGet(46)) - raft.server.rpc.timeout.min = 5s (custom)
2023-06-06 14:26:47,009 [4e2b4efa-bcb4-46de-b119-545b7decf2b1-groupManagement] INFO  server.RaftServerConfigKeys (ConfUtils.java:logGet(46)) - raft.server.rpc.timeout.max = 5200ms (custom)
2023-06-06 14:26:47,009 [4e2b4efa-bcb4-46de-b119-545b7decf2b1-groupManagement] INFO  server.RaftServerConfigKeys (ConfUtils.java:logGet(46)) - raft.server.rpc.sleep.time = 25ms (default)
2023-06-06 14:26:47,009 [4e2b4efa-bcb4-46de-b119-545b7decf2b1-groupManagement] INFO  server.RaftServerConfigKeys (ConfUtils.java:logGet(46)) - raft.server.rpc.slowness.timeout = 300s (custom)
2023-06-06 14:26:47,009 [4e2b4efa-bcb4-46de-b119-545b7decf2b1-groupManagement] INFO  server.RaftServerConfigKeys (ConfUtils.java:logGet(46)) - raft.server.leaderelection.leader.step-down.wait-time = 10s (default)
2023-06-06 14:26:47,009 [4e2b4efa-bcb4-46de-b119-545b7decf2b1-groupManagement] INFO  server.RaftServerConfigKeys (ConfUtils.java:logGet(46)) - raft.server.sleep.deviation.threshold = 300ms (default)
2023-06-06 14:26:47,011 [4e2b4efa-bcb4-46de-b119-545b7decf2b1-groupManagement] INFO  server.RaftServer$Division (ServerState.java:<init>(120)) - 4e2b4efa-bcb4-46de-b119-545b7decf2b1@group-DDC5CB68ABFD: ConfigurationManager, init=-1: peers:[4e2b4efa-bcb4-46de-b119-545b7decf2b1|rpc:10.1.0.37:15023|admin:10.1.0.37:15022|client:10.1.0.37:15021|dataStream:10.1.0.37:15024|priority:1|startupRole:FOLLOWER, c077bb33-fcdc-4b26-85c1-b9d62aefbd7c|rpc:10.1.0.37:15014|admin:10.1.0.37:15013|client:10.1.0.37:15012|dataStream:10.1.0.37:15015|priority:0|startupRole:FOLLOWER, fdffd6d6-5a7e-48c5-a2f3-4f163f884c78|rpc:10.1.0.37:15032|admin:10.1.0.37:15031|client:10.1.0.37:15030|dataStream:10.1.0.37:15033|priority:0|startupRole:FOLLOWER]|listeners:[], old=null, confs=<EMPTY_MAP>
2023-06-06 14:26:47,011 [4e2b4efa-bcb4-46de-b119-545b7decf2b1-groupManagement] INFO  server.RaftServerConfigKeys (ConfUtils.java:logGet(46)) - raft.server.storage.dir = [/home/runner/work/ozone/ozone/hadoop-ozone/integration-test/target/test-dir/MiniOzoneClusterImpl-27950e3c-5885-4478-a852-34ee2aeb73f6/datanode-1/data/ratis] (custom)
2023-06-06 14:26:47,012 [4e2b4efa-bcb4-46de-b119-545b7decf2b1-groupManagement] INFO  server.RaftServerConfigKeys (ConfUtils.java:logGet(46)) - raft.server.log.corruption.policy = EXCEPTION (default)
2023-06-06 14:26:47,012 [4e2b4efa-bcb4-46de-b119-545b7decf2b1-groupManagement] INFO  server.RaftServerConfigKeys (ConfUtils.java:logGet(46)) - raft.server.storage.free-space.min = 0MB (=0) (default)
2023-06-06 14:26:47,012 [4e2b4efa-bcb4-46de-b119-545b7decf2b1-groupManagement] INFO  server.RaftServerConfigKeys (ConfUtils.java:logGet(46)) - raft.server.notification.no-leader.timeout = 300s (custom)
2023-06-06 14:26:47,012 [4e2b4efa-bcb4-46de-b119-545b7decf2b1-groupManagement] INFO  server.RaftServerConfigKeys (ConfUtils.java:logGet(46)) - raft.server.read.timeout = 10s (default)
2023-06-06 14:26:47,012 [4e2b4efa-bcb4-46de-b119-545b7decf2b1-groupManagement] INFO  server.RaftServerConfigKeys (ConfUtils.java:logGet(46)) - raft.server.retrycache.expirytime = 600000ms (custom)
2023-06-06 14:26:47,012 [4e2b4efa-bcb4-46de-b119-545b7decf2b1-groupManagement] INFO  server.RaftServerConfigKeys (ConfUtils.java:logGet(46)) - raft.server.retrycache.statistics.expirytime = 100μs (default)
2023-06-06 14:26:47,012 [4e2b4efa-bcb4-46de-b119-545b7decf2b1-groupManagement] INFO  server.RaftServerConfigKeys (ConfUtils.java:logGet(46)) - raft.server.read.option = DEFAULT (default)
2023-06-06 14:26:47,016 [4e2b4efa-bcb4-46de-b119-545b7decf2b1-groupManagement] INFO  server.RaftServerConfigKeys (ConfUtils.java:logGet(46)) - raft.server.rpc.request.timeout = 60s (custom)
2023-06-06 14:26:47,016 [4e2b4efa-bcb4-46de-b119-545b7decf2b1-groupManagement] INFO  server.RaftServerConfigKeys (ConfUtils.java:logGet(46)) - raft.server.log.appender.install.snapshot.enabled = false (custom)
2023-06-06 14:26:47,016 [4e2b4efa-bcb4-46de-b119-545b7decf2b1-groupManagement] INFO  server.RaftServerConfigKeys (ConfUtils.java:logGet(46)) - raft.server.threadpool.server.cached = true (default)
2023-06-06 14:26:47,016 [4e2b4efa-bcb4-46de-b119-545b7decf2b1-groupManagement] INFO  server.RaftServerConfigKeys (ConfUtils.java:logGet(46)) - raft.server.threadpool.server.size = 0 (default)
2023-06-06 14:26:47,016 [4e2b4efa-bcb4-46de-b119-545b7decf2b1-groupManagement] INFO  server.RaftServerConfigKeys (ConfUtils.java:logGet(46)) - raft.server.threadpool.client.cached = true (default)
2023-06-06 14:26:47,016 [4e2b4efa-bcb4-46de-b119-545b7decf2b1-groupManagement] INFO  server.RaftServerConfigKeys (ConfUtils.java:logGet(46)) - raft.server.threadpool.client.size = 0 (default)
2023-06-06 14:26:47,019 [4e2b4efa-bcb4-46de-b119-545b7decf2b1-groupManagement] INFO  server.RaftServer$Division (RaftServerImpl.java:<init>(198)) - 4e2b4efa-bcb4-46de-b119-545b7decf2b1: new RaftServerImpl for group-9F8053CB28CC:[4e2b4efa-bcb4-46de-b119-545b7decf2b1|rpc:10.1.0.37:15023|admin:10.1.0.37:15022|client:10.1.0.37:15021|dataStream:10.1.0.37:15024|priority:1|startupRole:FOLLOWER] with ContainerStateMachine:uninitialized
2023-06-06 14:26:47,019 [4e2b4efa-bcb4-46de-b119-545b7decf2b1-groupManagement] INFO  server.RaftServerConfigKeys (ConfUtils.java:logGet(46)) - raft.server.rpc.timeout.min = 5s (custom)
2023-06-06 14:26:47,019 [4e2b4efa-bcb4-46de-b119-545b7decf2b1-groupManagement] INFO  server.RaftServerConfigKeys (ConfUtils.java:logGet(46)) - raft.server.rpc.timeout.max = 5200ms (custom)
2023-06-06 14:26:47,019 [4e2b4efa-bcb4-46de-b119-545b7decf2b1-groupManagement] INFO  server.RaftServerConfigKeys (ConfUtils.java:logGet(46)) - raft.server.rpc.sleep.time = 25ms (default)
2023-06-06 14:26:47,020 [4e2b4efa-bcb4-46de-b119-545b7decf2b1-groupManagement] INFO  server.RaftServerConfigKeys (ConfUtils.java:logGet(46)) - raft.server.rpc.slowness.timeout = 300s (custom)
2023-06-06 14:26:47,020 [4e2b4efa-bcb4-46de-b119-545b7decf2b1-groupManagement] INFO  server.RaftServerConfigKeys (ConfUtils.java:logGet(46)) - raft.server.leaderelection.leader.step-down.wait-time = 10s (default)
2023-06-06 14:26:47,020 [4e2b4efa-bcb4-46de-b119-545b7decf2b1-groupManagement] INFO  server.RaftServerConfigKeys (ConfUtils.java:logGet(46)) - raft.server.sleep.deviation.threshold = 300ms (default)
2023-06-06 14:26:47,020 [4e2b4efa-bcb4-46de-b119-545b7decf2b1-groupManagement] INFO  server.RaftServer$Division (ServerState.java:<init>(120)) - 4e2b4efa-bcb4-46de-b119-545b7decf2b1@group-9F8053CB28CC: ConfigurationManager, init=-1: peers:[4e2b4efa-bcb4-46de-b119-545b7decf2b1|rpc:10.1.0.37:15023|admin:10.1.0.37:15022|client:10.1.0.37:15021|dataStream:10.1.0.37:15024|priority:1|startupRole:FOLLOWER]|listeners:[], old=null, confs=<EMPTY_MAP>
2023-06-06 14:26:47,020 [4e2b4efa-bcb4-46de-b119-545b7decf2b1-groupManagement] INFO  server.RaftServerConfigKeys (ConfUtils.java:logGet(46)) - raft.server.storage.dir = [/home/runner/work/ozone/ozone/hadoop-ozone/integration-test/target/test-dir/MiniOzoneClusterImpl-27950e3c-5885-4478-a852-34ee2aeb73f6/datanode-1/data/ratis] (custom)
2023-06-06 14:26:47,020 [4e2b4efa-bcb4-46de-b119-545b7decf2b1-groupManagement] INFO  server.RaftServerConfigKeys (ConfUtils.java:logGet(46)) - raft.server.log.corruption.policy = EXCEPTION (default)
2023-06-06 14:26:47,020 [4e2b4efa-bcb4-46de-b119-545b7decf2b1-groupManagement] INFO  server.RaftServerConfigKeys (ConfUtils.java:logGet(46)) - raft.server.storage.free-space.min = 0MB (=0) (default)
2023-06-06 14:26:47,020 [4e2b4efa-bcb4-46de-b119-545b7decf2b1-groupManagement] INFO  server.RaftServerConfigKeys (ConfUtils.java:logGet(46)) - raft.server.notification.no-leader.timeout = 300s (custom)
2023-06-06 14:26:47,020 [4e2b4efa-bcb4-46de-b119-545b7decf2b1-groupManagement] INFO  server.RaftServerConfigKeys (ConfUtils.java:logGet(46)) - raft.server.read.timeout = 10s (default)
2023-06-06 14:26:47,020 [4e2b4efa-bcb4-46de-b119-545b7decf2b1-groupManagement] INFO  server.RaftServerConfigKeys (ConfUtils.java:logGet(46)) - raft.server.retrycache.expirytime = 600000ms (custom)
2023-06-06 14:26:47,020 [4e2b4efa-bcb4-46de-b119-545b7decf2b1-groupManagement] INFO  server.RaftServerConfigKeys (ConfUtils.java:logGet(46)) - raft.server.retrycache.statistics.expirytime = 100μs (default)
2023-06-06 14:26:47,021 [4e2b4efa-bcb4-46de-b119-545b7decf2b1-groupManagement] INFO  server.RaftServerConfigKeys (ConfUtils.java:logGet(46)) - raft.server.read.option = DEFAULT (default)
2023-06-06 14:26:47,022 [4e2b4efa-bcb4-46de-b119-545b7decf2b1-groupManagement] INFO  server.RaftServerConfigKeys (ConfUtils.java:logGet(46)) - raft.server.rpc.request.timeout = 60s (custom)
2023-06-06 14:26:47,022 [4e2b4efa-bcb4-46de-b119-545b7decf2b1-groupManagement] INFO  server.RaftServerConfigKeys (ConfUtils.java:logGet(46)) - raft.server.log.appender.install.snapshot.enabled = false (custom)
2023-06-06 14:26:47,022 [4e2b4efa-bcb4-46de-b119-545b7decf2b1-groupManagement] INFO  server.RaftServerConfigKeys (ConfUtils.java:logGet(46)) - raft.server.threadpool.server.cached = true (default)
2023-06-06 14:26:47,022 [4e2b4efa-bcb4-46de-b119-545b7decf2b1-groupManagement] INFO  server.RaftServerConfigKeys (ConfUtils.java:logGet(46)) - raft.server.threadpool.server.size = 0 (default)
2023-06-06 14:26:47,022 [4e2b4efa-bcb4-46de-b119-545b7decf2b1-groupManagement] INFO  server.RaftServerConfigKeys (ConfUtils.java:logGet(46)) - raft.server.threadpool.client.cached = true (default)
2023-06-06 14:26:47,022 [4e2b4efa-bcb4-46de-b119-545b7decf2b1-groupManagement] INFO  server.RaftServerConfigKeys (ConfUtils.java:logGet(46)) - raft.server.threadpool.client.size = 0 (default)
2023-06-06 14:26:47,022 [4e2b4efa-bcb4-46de-b119-545b7decf2b1-groupManagement] INFO  storage.RaftStorageDirectory (RaftStorageDirectoryImpl.java:analyzeStorage(137)) - The storage directory /home/runner/work/ozone/ozone/hadoop-ozone/integration-test/target/test-dir/MiniOzoneClusterImpl-27950e3c-5885-4478-a852-34ee2aeb73f6/datanode-1/data/ratis/ffa600fa-e326-4402-8143-ddc5cb68abfd does not exist. Creating ...
2023-06-06 14:26:47,024 [4e2b4efa-bcb4-46de-b119-545b7decf2b1-groupManagement] INFO  storage.RaftStorageDirectory (RaftStorageDirectoryImpl.java:tryLock(231)) - Lock on /home/runner/work/ozone/ozone/hadoop-ozone/integration-test/target/test-dir/MiniOzoneClusterImpl-27950e3c-5885-4478-a852-34ee2aeb73f6/datanode-1/data/ratis/ffa600fa-e326-4402-8143-ddc5cb68abfd/in_use.lock acquired by nodename 75814@fv-az1133-973
2023-06-06 14:26:47,025 [4e2b4efa-bcb4-46de-b119-545b7decf2b1-groupManagement] INFO  storage.RaftStorage (RaftStorageImpl.java:format(96)) - Storage directory /home/runner/work/ozone/ozone/hadoop-ozone/integration-test/target/test-dir/MiniOzoneClusterImpl-27950e3c-5885-4478-a852-34ee2aeb73f6/datanode-1/data/ratis/ffa600fa-e326-4402-8143-ddc5cb68abfd has been successfully formatted.
2023-06-06 14:26:47,026 [4e2b4efa-bcb4-46de-b119-545b7decf2b1-groupManagement] INFO  ratis.ContainerStateMachine (ContainerStateMachine.java:loadSnapshot(262)) - group-DDC5CB68ABFD: The snapshot info is null. Setting the last applied indexto:(t:0, i:~)
2023-06-06 14:26:47,028 [4e2b4efa-bcb4-46de-b119-545b7decf2b1-groupManagement] INFO  server.RaftServerConfigKeys (ConfUtils.java:logGet(46)) - raft.server.log.use.memory = false (default)
2023-06-06 14:26:47,029 [EventQueue-PipelineReportForPipelineReportHandler] INFO  pipeline.PipelineManagerImpl (PipelineManagerImpl.java:openPipeline(367)) - Pipeline Pipeline[ Id: 472dbade-761e-448d-b7b1-9f8053cb28cc, Nodes: 4e2b4efa-bcb4-46de-b119-545b7decf2b1(fv-az1133-973.qlb2sqfkji0uhjsjdnlwzcsdwg.bx.internal.cloudapp.net/10.1.0.37), ReplicationConfig: RATIS/ONE, State:ALLOCATED, leaderId:4e2b4efa-bcb4-46de-b119-545b7decf2b1, CreationTimestamp2023-06-06T14:26:44.001Z[Etc/UTC]] moved to OPEN state
2023-06-06 14:26:47,036 [4e2b4efa-bcb4-46de-b119-545b7decf2b1-groupManagement] INFO  server.RaftServerConfigKeys (ConfUtils.java:logGet(46)) - raft.server.log.purge.gap = 1000000 (custom)
2023-06-06 14:26:47,036 [4e2b4efa-bcb4-46de-b119-545b7decf2b1-groupManagement] INFO  server.RaftServerConfigKeys (ConfUtils.java:logGet(46)) - raft.server.log.appender.buffer.byte-limit = 33554432 (custom)
2023-06-06 14:26:47,036 [4e2b4efa-bcb4-46de-b119-545b7decf2b1-groupManagement] INFO  server.RaftServerConfigKeys (ConfUtils.java:logGet(46)) - raft.server.log.statemachine.data.read.timeout = 1000ms (default)
2023-06-06 14:26:47,036 [4e2b4efa-bcb4-46de-b119-545b7decf2b1-groupManagement] INFO  server.RaftServerConfigKeys (ConfUtils.java:logGet(46)) - raft.server.log.purge.preservation.log.num = 0 (default)
2023-06-06 14:26:47,036 [4e2b4efa-bcb4-46de-b119-545b7decf2b1-groupManagement] INFO  server.RaftServerConfigKeys (ConfUtils.java:logGet(46)) - raft.server.log.segment.size.max = 1048576 (custom)
2023-06-06 14:26:47,036 [EventQueue-OpenPipelineForHealthyPipelineSafeModeRule] INFO  safemode.SCMSafeModeManager (HealthyPipelineSafeModeRule.java:process(137)) - SCM in safe mode. Healthy pipelines reported count is 0, required healthy pipeline reported count is 1
2023-06-06 14:26:47,037 [4e2b4efa-bcb4-46de-b119-545b7decf2b1-groupManagement] INFO  server.RaftServerConfigKeys (ConfUtils.java:logGet(46)) - raft.server.log.segment.cache.num.max = 2 (custom)
2023-06-06 14:26:47,037 [4e2b4efa-bcb4-46de-b119-545b7decf2b1-groupManagement] INFO  server.RaftServerConfigKeys (ConfUtils.java:logGet(46)) - raft.server.log.segment.cache.size.max = 200MB (=209715200) (default)
2023-06-06 14:26:47,037 [4e2b4efa-bcb4-46de-b119-545b7decf2b1-groupManagement] INFO  server.RaftServerConfigKeys (ConfUtils.java:logGet(46)) - raft.server.log.appender.buffer.byte-limit = 33554432 (custom)
2023-06-06 14:26:47,037 [4e2b4efa-bcb4-46de-b119-545b7decf2b1-groupManagement] INFO  segmented.SegmentedRaftLogWorker (SegmentedRaftLogWorker.java:<init>(188)) - new 4e2b4efa-bcb4-46de-b119-545b7decf2b1@group-DDC5CB68ABFD-SegmentedRaftLogWorker for RaftStorageImpl:Storage Directory /home/runner/work/ozone/ozone/hadoop-ozone/integration-test/target/test-dir/MiniOzoneClusterImpl-27950e3c-5885-4478-a852-34ee2aeb73f6/datanode-1/data/ratis/ffa600fa-e326-4402-8143-ddc5cb68abfd
2023-06-06 14:26:47,037 [4e2b4efa-bcb4-46de-b119-545b7decf2b1-groupManagement] INFO  server.RaftServerConfigKeys (ConfUtils.java:logGet(46)) - raft.server.log.queue.byte-limit = 4294967296 (custom)
2023-06-06 14:26:47,037 [4e2b4efa-bcb4-46de-b119-545b7decf2b1-groupManagement] INFO  server.RaftServerConfigKeys (ConfUtils.java:logGet(46)) - raft.server.log.queue.element-limit = 1024 (custom)
2023-06-06 14:26:47,037 [4e2b4efa-bcb4-46de-b119-545b7decf2b1-groupManagement] INFO  server.RaftServerConfigKeys (ConfUtils.java:logGet(46)) - raft.server.log.segment.size.max = 1048576 (custom)
2023-06-06 14:26:47,037 [4e2b4efa-bcb4-46de-b119-545b7decf2b1-groupManagement] INFO  server.RaftServerConfigKeys (ConfUtils.java:logGet(46)) - raft.server.log.preallocated.size = 16384 (custom)
2023-06-06 14:26:47,037 [4e2b4efa-bcb4-46de-b119-545b7decf2b1-groupManagement] INFO  server.RaftServerConfigKeys (ConfUtils.java:logGet(46)) - raft.server.log.force.sync.num = 128 (default)
2023-06-06 14:26:47,037 [4e2b4efa-bcb4-46de-b119-545b7decf2b1-groupManagement] INFO  server.RaftServerConfigKeys (ConfUtils.java:logGet(46)) - raft.server.log.statemachine.data.sync = true (default)
2023-06-06 14:26:47,037 [4e2b4efa-bcb4-46de-b119-545b7decf2b1-groupManagement] INFO  server.RaftServerConfigKeys (ConfUtils.java:logGet(46)) - raft.server.log.statemachine.data.sync.timeout = 10s (default)
2023-06-06 14:26:47,037 [4e2b4efa-bcb4-46de-b119-545b7decf2b1-groupManagement] INFO  server.RaftServerConfigKeys (ConfUtils.java:logGet(46)) - raft.server.log.statemachine.data.sync.timeout.retry = -1 (default)
2023-06-06 14:26:47,042 [4e2b4efa-bcb4-46de-b119-545b7decf2b1-groupManagement] INFO  server.RaftServerConfigKeys (ConfUtils.java:logGet(46)) - raft.server.log.write.buffer.size = 1048576 (custom)
2023-06-06 14:26:47,043 [4e2b4efa-bcb4-46de-b119-545b7decf2b1-groupManagement] INFO  server.RaftServerConfigKeys (ConfUtils.java:logGet(46)) - raft.server.log.appender.buffer.byte-limit = 33554432 (custom)
2023-06-06 14:26:47,053 [4e2b4efa-bcb4-46de-b119-545b7decf2b1-groupManagement] INFO  server.RaftServerConfigKeys (ConfUtils.java:logGet(46)) - raft.server.log.unsafe-flush.enabled = false (default)
2023-06-06 14:26:47,053 [4e2b4efa-bcb4-46de-b119-545b7decf2b1-groupManagement] INFO  server.RaftServerConfigKeys (ConfUtils.java:logGet(46)) - raft.server.log.async-flush.enabled = false (default)
2023-06-06 14:26:47,053 [4e2b4efa-bcb4-46de-b119-545b7decf2b1-groupManagement] INFO  server.RaftServerConfigKeys (ConfUtils.java:logGet(46)) - raft.server.log.statemachine.data.caching.enabled = true (custom)
2023-06-06 14:26:47,053 [4e2b4efa-bcb4-46de-b119-545b7decf2b1-groupManagement] INFO  segmented.SegmentedRaftLogWorker (SegmentedRaftLogWorker.java:lambda$new$0(135)) - 4e2b4efa-bcb4-46de-b119-545b7decf2b1@group-DDC5CB68ABFD-SegmentedRaftLogWorker: flushIndex: setUnconditionally 0 -> -1
2023-06-06 14:26:47,053 [4e2b4efa-bcb4-46de-b119-545b7decf2b1-groupManagement] INFO  segmented.SegmentedRaftLogWorker (SegmentedRaftLogWorker.java:lambda$new$0(135)) - 4e2b4efa-bcb4-46de-b119-545b7decf2b1@group-DDC5CB68ABFD-SegmentedRaftLogWorker: safeCacheEvictIndex: setUnconditionally 0 -> -1
2023-06-06 14:26:47,056 [4e2b4efa-bcb4-46de-b119-545b7decf2b1-groupManagement] INFO  server.RaftServer$Division (RaftServerImpl.java:start(342)) - 4e2b4efa-bcb4-46de-b119-545b7decf2b1@group-DDC5CB68ABFD: start as a follower, conf=-1: peers:[4e2b4efa-bcb4-46de-b119-545b7decf2b1|rpc:10.1.0.37:15023|admin:10.1.0.37:15022|client:10.1.0.37:15021|dataStream:10.1.0.37:15024|priority:1|startupRole:FOLLOWER, c077bb33-fcdc-4b26-85c1-b9d62aefbd7c|rpc:10.1.0.37:15014|admin:10.1.0.37:15013|client:10.1.0.37:15012|dataStream:10.1.0.37:15015|priority:0|startupRole:FOLLOWER, fdffd6d6-5a7e-48c5-a2f3-4f163f884c78|rpc:10.1.0.37:15032|admin:10.1.0.37:15031|client:10.1.0.37:15030|dataStream:10.1.0.37:15033|priority:0|startupRole:FOLLOWER]|listeners:[], old=null
2023-06-06 14:26:47,056 [4e2b4efa-bcb4-46de-b119-545b7decf2b1-groupManagement] INFO  server.RaftServer$Division (RaftServerImpl.java:setRole(329)) - 4e2b4efa-bcb4-46de-b119-545b7decf2b1@group-DDC5CB68ABFD: changes role from      null to FOLLOWER at term 0 for startAsFollower
2023-06-06 14:26:47,056 [4e2b4efa-bcb4-46de-b119-545b7decf2b1-groupManagement] INFO  impl.RoleInfo (RoleInfo.java:updateAndGet(139)) - 4e2b4efa-bcb4-46de-b119-545b7decf2b1: start 4e2b4efa-bcb4-46de-b119-545b7decf2b1@group-DDC5CB68ABFD-FollowerState
2023-06-06 14:26:47,056 [4e2b4efa-bcb4-46de-b119-545b7decf2b1-groupManagement] INFO  util.JmxRegister (JmxRegister.java:tryRegister(44)) - Successfully registered JMX Bean with object name Ratis:service=RaftServer,group=group-DDC5CB68ABFD,id=4e2b4efa-bcb4-46de-b119-545b7decf2b1
2023-06-06 14:26:47,057 [4e2b4efa-bcb4-46de-b119-545b7decf2b1-groupManagement] INFO  server.RaftServerConfigKeys (ConfUtils.java:logGet(46)) - raft.server.snapshot.auto.trigger.enabled = true (custom)
2023-06-06 14:26:47,057 [4e2b4efa-bcb4-46de-b119-545b7decf2b1-groupManagement] INFO  server.RaftServerConfigKeys (ConfUtils.java:logGet(46)) - raft.server.snapshot.auto.trigger.threshold = 10000 (custom)
2023-06-06 14:26:47,057 [4e2b4efa-bcb4-46de-b119-545b7decf2b1-groupManagement] INFO  server.RaftServerConfigKeys (ConfUtils.java:logGet(46)) - raft.server.snapshot.retention.file.num = 5 (custom)
2023-06-06 14:26:47,057 [4e2b4efa-bcb4-46de-b119-545b7decf2b1-groupManagement] INFO  server.RaftServerConfigKeys (ConfUtils.java:logGet(46)) - raft.server.log.purge.upto.snapshot.index = false (default)
2023-06-06 14:26:47,058 [4e2b4efa-bcb4-46de-b119-545b7decf2b1@group-DDC5CB68ABFD-FollowerState] INFO  server.RaftServerConfigKeys (ConfUtils.java:logFallback(53)) - raft.server.rpc.first-election.timeout.min = 5s (fallback to raft.server.rpc.timeout.min)
2023-06-06 14:26:47,059 [4e2b4efa-bcb4-46de-b119-545b7decf2b1@group-DDC5CB68ABFD-FollowerState] INFO  server.RaftServerConfigKeys (ConfUtils.java:logFallback(53)) - raft.server.rpc.first-election.timeout.max = 5200ms (fallback to raft.server.rpc.timeout.max)
2023-06-06 14:26:47,059 [4e2b4efa-bcb4-46de-b119-545b7decf2b1-groupManagement] INFO  storage.RaftStorageDirectory (RaftStorageDirectoryImpl.java:analyzeStorage(137)) - The storage directory /home/runner/work/ozone/ozone/hadoop-ozone/integration-test/target/test-dir/MiniOzoneClusterImpl-27950e3c-5885-4478-a852-34ee2aeb73f6/datanode-1/data/ratis/472dbade-761e-448d-b7b1-9f8053cb28cc does not exist. Creating ...
2023-06-06 14:26:47,060 [4e2b4efa-bcb4-46de-b119-545b7decf2b1-groupManagement] INFO  storage.RaftStorageDirectory (RaftStorageDirectoryImpl.java:tryLock(231)) - Lock on /home/runner/work/ozone/ozone/hadoop-ozone/integration-test/target/test-dir/MiniOzoneClusterImpl-27950e3c-5885-4478-a852-34ee2aeb73f6/datanode-1/data/ratis/472dbade-761e-448d-b7b1-9f8053cb28cc/in_use.lock acquired by nodename 75814@fv-az1133-973
2023-06-06 14:26:47,061 [4e2b4efa-bcb4-46de-b119-545b7decf2b1-groupManagement] INFO  storage.RaftStorage (RaftStorageImpl.java:format(96)) - Storage directory /home/runner/work/ozone/ozone/hadoop-ozone/integration-test/target/test-dir/MiniOzoneClusterImpl-27950e3c-5885-4478-a852-34ee2aeb73f6/datanode-1/data/ratis/472dbade-761e-448d-b7b1-9f8053cb28cc has been successfully formatted.
2023-06-06 14:26:47,062 [4e2b4efa-bcb4-46de-b119-545b7decf2b1-groupManagement] INFO  ratis.ContainerStateMachine (ContainerStateMachine.java:loadSnapshot(262)) - group-9F8053CB28CC: The snapshot info is null. Setting the last applied indexto:(t:0, i:~)
2023-06-06 14:26:47,062 [4e2b4efa-bcb4-46de-b119-545b7decf2b1-groupManagement] INFO  server.RaftServerConfigKeys (ConfUtils.java:logGet(46)) - raft.server.log.use.memory = false (default)
2023-06-06 14:26:47,062 [4e2b4efa-bcb4-46de-b119-545b7decf2b1-groupManagement] INFO  server.RaftServerConfigKeys (ConfUtils.java:logGet(46)) - raft.server.log.purge.gap = 1000000 (custom)
2023-06-06 14:26:47,063 [4e2b4efa-bcb4-46de-b119-545b7decf2b1-groupManagement] INFO  server.RaftServerConfigKeys (ConfUtils.java:logGet(46)) - raft.server.log.appender.buffer.byte-limit = 33554432 (custom)
2023-06-06 14:26:47,063 [4e2b4efa-bcb4-46de-b119-545b7decf2b1-groupManagement] INFO  server.RaftServerConfigKeys (ConfUtils.java:logGet(46)) - raft.server.log.statemachine.data.read.timeout = 1000ms (default)
2023-06-06 14:26:47,063 [4e2b4efa-bcb4-46de-b119-545b7decf2b1-groupManagement] INFO  server.RaftServerConfigKeys (ConfUtils.java:logGet(46)) - raft.server.log.purge.preservation.log.num = 0 (default)
2023-06-06 14:26:47,063 [4e2b4efa-bcb4-46de-b119-545b7decf2b1-groupManagement] INFO  server.RaftServerConfigKeys (ConfUtils.java:logGet(46)) - raft.server.log.segment.size.max = 1048576 (custom)
2023-06-06 14:26:47,063 [4e2b4efa-bcb4-46de-b119-545b7decf2b1-groupManagement] INFO  server.RaftServerConfigKeys (ConfUtils.java:logGet(46)) - raft.server.log.segment.cache.num.max = 2 (custom)
2023-06-06 14:26:47,063 [4e2b4efa-bcb4-46de-b119-545b7decf2b1-groupManagement] INFO  server.RaftServerConfigKeys (ConfUtils.java:logGet(46)) - raft.server.log.segment.cache.size.max = 200MB (=209715200) (default)
2023-06-06 14:26:47,063 [4e2b4efa-bcb4-46de-b119-545b7decf2b1-groupManagement] INFO  server.RaftServerConfigKeys (ConfUtils.java:logGet(46)) - raft.server.log.appender.buffer.byte-limit = 33554432 (custom)
2023-06-06 14:26:47,063 [4e2b4efa-bcb4-46de-b119-545b7decf2b1-groupManagement] INFO  segmented.SegmentedRaftLogWorker (SegmentedRaftLogWorker.java:<init>(188)) - new 4e2b4efa-bcb4-46de-b119-545b7decf2b1@group-9F8053CB28CC-SegmentedRaftLogWorker for RaftStorageImpl:Storage Directory /home/runner/work/ozone/ozone/hadoop-ozone/integration-test/target/test-dir/MiniOzoneClusterImpl-27950e3c-5885-4478-a852-34ee2aeb73f6/datanode-1/data/ratis/472dbade-761e-448d-b7b1-9f8053cb28cc
2023-06-06 14:26:47,063 [4e2b4efa-bcb4-46de-b119-545b7decf2b1-groupManagement] INFO  server.RaftServerConfigKeys (ConfUtils.java:logGet(46)) - raft.server.log.queue.byte-limit = 4294967296 (custom)
2023-06-06 14:26:47,063 [4e2b4efa-bcb4-46de-b119-545b7decf2b1-groupManagement] INFO  server.RaftServerConfigKeys (ConfUtils.java:logGet(46)) - raft.server.log.queue.element-limit = 1024 (custom)
2023-06-06 14:26:47,063 [4e2b4efa-bcb4-46de-b119-545b7decf2b1-groupManagement] INFO  server.RaftServerConfigKeys (ConfUtils.java:logGet(46)) - raft.server.log.segment.size.max = 1048576 (custom)
2023-06-06 14:26:47,064 [4e2b4efa-bcb4-46de-b119-545b7decf2b1-groupManagement] INFO  server.RaftServerConfigKeys (ConfUtils.java:logGet(46)) - raft.server.log.preallocated.size = 16384 (custom)
2023-06-06 14:26:47,064 [4e2b4efa-bcb4-46de-b119-545b7decf2b1-groupManagement] INFO  server.RaftServerConfigKeys (ConfUtils.java:logGet(46)) - raft.server.log.force.sync.num = 128 (default)
2023-06-06 14:26:47,064 [4e2b4efa-bcb4-46de-b119-545b7decf2b1-groupManagement] INFO  server.RaftServerConfigKeys (ConfUtils.java:logGet(46)) - raft.server.log.statemachine.data.sync = true (default)
2023-06-06 14:26:47,064 [4e2b4efa-bcb4-46de-b119-545b7decf2b1-groupManagement] INFO  server.RaftServerConfigKeys (ConfUtils.java:logGet(46)) - raft.server.log.statemachine.data.sync.timeout = 10s (default)
2023-06-06 14:26:47,064 [4e2b4efa-bcb4-46de-b119-545b7decf2b1-groupManagement] INFO  server.RaftServerConfigKeys (ConfUtils.java:logGet(46)) - raft.server.log.statemachine.data.sync.timeout.retry = -1 (default)
2023-06-06 14:26:47,065 [EventQueue-OpenPipelineForHealthyPipelineSafeModeRule] INFO  safemode.SCMSafeModeManager (HealthyPipelineSafeModeRule.java:process(137)) - SCM in safe mode. Healthy pipelines reported count is 0, required healthy pipeline reported count is 1
2023-06-06 14:26:47,066 [4e2b4efa-bcb4-46de-b119-545b7decf2b1-groupManagement] INFO  server.RaftServerConfigKeys (ConfUtils.java:logGet(46)) - raft.server.log.write.buffer.size = 1048576 (custom)
2023-06-06 14:26:47,067 [4e2b4efa-bcb4-46de-b119-545b7decf2b1-groupManagement] INFO  server.RaftServerConfigKeys (ConfUtils.java:logGet(46)) - raft.server.log.appender.buffer.byte-limit = 33554432 (custom)
2023-06-06 14:26:47,075 [4e2b4efa-bcb4-46de-b119-545b7decf2b1-groupManagement] INFO  server.RaftServerConfigKeys (ConfUtils.java:logGet(46)) - raft.server.log.unsafe-flush.enabled = false (default)
2023-06-06 14:26:47,076 [4e2b4efa-bcb4-46de-b119-545b7decf2b1-groupManagement] INFO  server.RaftServerConfigKeys (ConfUtils.java:logGet(46)) - raft.server.log.async-flush.enabled = false (default)
2023-06-06 14:26:47,076 [4e2b4efa-bcb4-46de-b119-545b7decf2b1-groupManagement] INFO  server.RaftServerConfigKeys (ConfUtils.java:logGet(46)) - raft.server.log.statemachine.data.caching.enabled = true (custom)
2023-06-06 14:26:47,076 [4e2b4efa-bcb4-46de-b119-545b7decf2b1-groupManagement] INFO  segmented.SegmentedRaftLogWorker (SegmentedRaftLogWorker.java:lambda$new$0(135)) - 4e2b4efa-bcb4-46de-b119-545b7decf2b1@group-9F8053CB28CC-SegmentedRaftLogWorker: flushIndex: setUnconditionally 0 -> -1
2023-06-06 14:26:47,076 [4e2b4efa-bcb4-46de-b119-545b7decf2b1-groupManagement] INFO  segmented.SegmentedRaftLogWorker (SegmentedRaftLogWorker.java:lambda$new$0(135)) - 4e2b4efa-bcb4-46de-b119-545b7decf2b1@group-9F8053CB28CC-SegmentedRaftLogWorker: safeCacheEvictIndex: setUnconditionally 0 -> -1
2023-06-06 14:26:47,080 [4e2b4efa-bcb4-46de-b119-545b7decf2b1-groupManagement] INFO  server.RaftServer$Division (RaftServerImpl.java:start(342)) - 4e2b4efa-bcb4-46de-b119-545b7decf2b1@group-9F8053CB28CC: start as a follower, conf=-1: peers:[4e2b4efa-bcb4-46de-b119-545b7decf2b1|rpc:10.1.0.37:15023|admin:10.1.0.37:15022|client:10.1.0.37:15021|dataStream:10.1.0.37:15024|priority:1|startupRole:FOLLOWER]|listeners:[], old=null
2023-06-06 14:26:47,080 [4e2b4efa-bcb4-46de-b119-545b7decf2b1-groupManagement] INFO  server.RaftServer$Division (RaftServerImpl.java:setRole(329)) - 4e2b4efa-bcb4-46de-b119-545b7decf2b1@group-9F8053CB28CC: changes role from      null to FOLLOWER at term 0 for startAsFollower
2023-06-06 14:26:47,080 [4e2b4efa-bcb4-46de-b119-545b7decf2b1-groupManagement] INFO  impl.RoleInfo (RoleInfo.java:updateAndGet(139)) - 4e2b4efa-bcb4-46de-b119-545b7decf2b1: start 4e2b4efa-bcb4-46de-b119-545b7decf2b1@group-9F8053CB28CC-FollowerState
2023-06-06 14:26:47,090 [4e2b4efa-bcb4-46de-b119-545b7decf2b1-groupManagement] INFO  util.JmxRegister (JmxRegister.java:tryRegister(44)) - Successfully registered JMX Bean with object name Ratis:service=RaftServer,group=group-9F8053CB28CC,id=4e2b4efa-bcb4-46de-b119-545b7decf2b1
2023-06-06 14:26:47,090 [4e2b4efa-bcb4-46de-b119-545b7decf2b1-groupManagement] INFO  server.RaftServerConfigKeys (ConfUtils.java:logGet(46)) - raft.server.snapshot.auto.trigger.enabled = true (custom)
2023-06-06 14:26:47,091 [4e2b4efa-bcb4-46de-b119-545b7decf2b1-groupManagement] INFO  server.RaftServerConfigKeys (ConfUtils.java:logGet(46)) - raft.server.snapshot.auto.trigger.threshold = 10000 (custom)
2023-06-06 14:26:47,091 [4e2b4efa-bcb4-46de-b119-545b7decf2b1-groupManagement] INFO  server.RaftServerConfigKeys (ConfUtils.java:logGet(46)) - raft.server.snapshot.retention.file.num = 5 (custom)
2023-06-06 14:26:47,091 [4e2b4efa-bcb4-46de-b119-545b7decf2b1-groupManagement] INFO  server.RaftServerConfigKeys (ConfUtils.java:logGet(46)) - raft.server.log.purge.upto.snapshot.index = false (default)
2023-06-06 14:26:47,093 [4e2b4efa-bcb4-46de-b119-545b7decf2b1@group-9F8053CB28CC-FollowerState] INFO  server.RaftServerConfigKeys (ConfUtils.java:logFallback(53)) - raft.server.rpc.first-election.timeout.min = 5s (fallback to raft.server.rpc.timeout.min)
2023-06-06 14:26:47,093 [4e2b4efa-bcb4-46de-b119-545b7decf2b1@group-9F8053CB28CC-FollowerState] INFO  server.RaftServerConfigKeys (ConfUtils.java:logFallback(53)) - raft.server.rpc.first-election.timeout.max = 5200ms (fallback to raft.server.rpc.timeout.max)
2023-06-06 14:26:47,097 [PipelineCommandHandlerThread-0] INFO  ratis.XceiverServerRatis (XceiverServerRatis.java:addGroup(804)) - Created group PipelineID=472dbade-761e-448d-b7b1-9f8053cb28cc
2023-06-06 14:26:47,097 [PipelineCommandHandlerThread-0] INFO  commandhandler.CreatePipelineCommandHandler (CreatePipelineCommandHandler.java:lambda$handle$2(124)) - Created Pipeline RATIS ONE PipelineID=472dbade-761e-448d-b7b1-9f8053cb28cc.
2023-06-06 14:26:47,097 [PipelineCommandHandlerThread-0] INFO  server.RaftServer (RaftServerProxy.java:addNew(98)) - 4e2b4efa-bcb4-46de-b119-545b7decf2b1: addNew group-FBE9E628C331:[4e2b4efa-bcb4-46de-b119-545b7decf2b1|rpc:10.1.0.37:15023|admin:10.1.0.37:15022|client:10.1.0.37:15021|dataStream:10.1.0.37:15024|priority:0|startupRole:FOLLOWER, c077bb33-fcdc-4b26-85c1-b9d62aefbd7c|rpc:10.1.0.37:15014|admin:10.1.0.37:15013|client:10.1.0.37:15012|dataStream:10.1.0.37:15015|priority:0|startupRole:FOLLOWER, fdffd6d6-5a7e-48c5-a2f3-4f163f884c78|rpc:10.1.0.37:15032|admin:10.1.0.37:15031|client:10.1.0.37:15030|dataStream:10.1.0.37:15033|priority:1|startupRole:FOLLOWER] returns group-FBE9E628C331:java.util.concurrent.CompletableFuture@41805084[Not completed]
2023-06-06 14:26:47,098 [4e2b4efa-bcb4-46de-b119-545b7decf2b1-groupManagement] INFO  server.RaftServer$Division (RaftServerImpl.java:<init>(198)) - 4e2b4efa-bcb4-46de-b119-545b7decf2b1: new RaftServerImpl for group-FBE9E628C331:[4e2b4efa-bcb4-46de-b119-545b7decf2b1|rpc:10.1.0.37:15023|admin:10.1.0.37:15022|client:10.1.0.37:15021|dataStream:10.1.0.37:15024|priority:0|startupRole:FOLLOWER, c077bb33-fcdc-4b26-85c1-b9d62aefbd7c|rpc:10.1.0.37:15014|admin:10.1.0.37:15013|client:10.1.0.37:15012|dataStream:10.1.0.37:15015|priority:0|startupRole:FOLLOWER, fdffd6d6-5a7e-48c5-a2f3-4f163f884c78|rpc:10.1.0.37:15032|admin:10.1.0.37:15031|client:10.1.0.37:15030|dataStream:10.1.0.37:15033|priority:1|startupRole:FOLLOWER] with ContainerStateMachine:uninitialized
2023-06-06 14:26:47,098 [4e2b4efa-bcb4-46de-b119-545b7decf2b1-groupManagement] INFO  server.RaftServerConfigKeys (ConfUtils.java:logGet(46)) - raft.server.rpc.timeout.min = 5s (custom)
2023-06-06 14:26:47,098 [4e2b4efa-bcb4-46de-b119-545b7decf2b1-groupManagement] INFO  server.RaftServerConfigKeys (ConfUtils.java:logGet(46)) - raft.server.rpc.timeout.max = 5200ms (custom)
2023-06-06 14:26:47,099 [4e2b4efa-bcb4-46de-b119-545b7decf2b1-groupManagement] INFO  server.RaftServerConfigKeys (ConfUtils.java:logGet(46)) - raft.server.rpc.sleep.time = 25ms (default)
2023-06-06 14:26:47,099 [4e2b4efa-bcb4-46de-b119-545b7decf2b1-groupManagement] INFO  server.RaftServerConfigKeys (ConfUtils.java:logGet(46)) - raft.server.rpc.slowness.timeout = 300s (custom)
2023-06-06 14:26:47,099 [4e2b4efa-bcb4-46de-b119-545b7decf2b1-groupManagement] INFO  server.RaftServerConfigKeys (ConfUtils.java:logGet(46)) - raft.server.leaderelection.leader.step-down.wait-time = 10s (default)
2023-06-06 14:26:47,099 [4e2b4efa-bcb4-46de-b119-545b7decf2b1-groupManagement] INFO  server.RaftServerConfigKeys (ConfUtils.java:logGet(46)) - raft.server.sleep.deviation.threshold = 300ms (default)
2023-06-06 14:26:47,099 [4e2b4efa-bcb4-46de-b119-545b7decf2b1-groupManagement] INFO  server.RaftServer$Division (ServerState.java:<init>(120)) - 4e2b4efa-bcb4-46de-b119-545b7decf2b1@group-FBE9E628C331: ConfigurationManager, init=-1: peers:[4e2b4efa-bcb4-46de-b119-545b7decf2b1|rpc:10.1.0.37:15023|admin:10.1.0.37:15022|client:10.1.0.37:15021|dataStream:10.1.0.37:15024|priority:0|startupRole:FOLLOWER, c077bb33-fcdc-4b26-85c1-b9d62aefbd7c|rpc:10.1.0.37:15014|admin:10.1.0.37:15013|client:10.1.0.37:15012|dataStream:10.1.0.37:15015|priority:0|startupRole:FOLLOWER, fdffd6d6-5a7e-48c5-a2f3-4f163f884c78|rpc:10.1.0.37:15032|admin:10.1.0.37:15031|client:10.1.0.37:15030|dataStream:10.1.0.37:15033|priority:1|startupRole:FOLLOWER]|listeners:[], old=null, confs=<EMPTY_MAP>
2023-06-06 14:26:47,099 [4e2b4efa-bcb4-46de-b119-545b7decf2b1-groupManagement] INFO  server.RaftServerConfigKeys (ConfUtils.java:logGet(46)) - raft.server.storage.dir = [/home/runner/work/ozone/ozone/hadoop-ozone/integration-test/target/test-dir/MiniOzoneClusterImpl-27950e3c-5885-4478-a852-34ee2aeb73f6/datanode-1/data/ratis] (custom)
2023-06-06 14:26:47,099 [4e2b4efa-bcb4-46de-b119-545b7decf2b1-groupManagement] INFO  server.RaftServerConfigKeys (ConfUtils.java:logGet(46)) - raft.server.log.corruption.policy = EXCEPTION (default)
2023-06-06 14:26:47,099 [4e2b4efa-bcb4-46de-b119-545b7decf2b1-groupManagement] INFO  server.RaftServerConfigKeys (ConfUtils.java:logGet(46)) - raft.server.storage.free-space.min = 0MB (=0) (default)
2023-06-06 14:26:47,099 [4e2b4efa-bcb4-46de-b119-545b7decf2b1-groupManagement] INFO  server.RaftServerConfigKeys (ConfUtils.java:logGet(46)) - raft.server.notification.no-leader.timeout = 300s (custom)
2023-06-06 14:26:47,099 [4e2b4efa-bcb4-46de-b119-545b7decf2b1-groupManagement] INFO  server.RaftServerConfigKeys (ConfUtils.java:logGet(46)) - raft.server.read.timeout = 10s (default)
2023-06-06 14:26:47,099 [4e2b4efa-bcb4-46de-b119-545b7decf2b1-groupManagement] INFO  server.RaftServerConfigKeys (ConfUtils.java:logGet(46)) - raft.server.retrycache.expirytime = 600000ms (custom)
2023-06-06 14:26:47,099 [4e2b4efa-bcb4-46de-b119-545b7decf2b1-groupManagement] INFO  server.RaftServerConfigKeys (ConfUtils.java:logGet(46)) - raft.server.retrycache.statistics.expirytime = 100μs (default)
2023-06-06 14:26:47,099 [4e2b4efa-bcb4-46de-b119-545b7decf2b1-groupManagement] INFO  server.RaftServerConfigKeys (ConfUtils.java:logGet(46)) - raft.server.read.option = DEFAULT (default)
2023-06-06 14:26:47,100 [4e2b4efa-bcb4-46de-b119-545b7decf2b1-groupManagement] INFO  server.RaftServerConfigKeys (ConfUtils.java:logGet(46)) - raft.server.rpc.request.timeout = 60s (custom)
2023-06-06 14:26:47,101 [4e2b4efa-bcb4-46de-b119-545b7decf2b1-groupManagement] INFO  server.RaftServerConfigKeys (ConfUtils.java:logGet(46)) - raft.server.log.appender.install.snapshot.enabled = false (custom)
2023-06-06 14:26:47,101 [4e2b4efa-bcb4-46de-b119-545b7decf2b1-groupManagement] INFO  server.RaftServerConfigKeys (ConfUtils.java:logGet(46)) - raft.server.threadpool.server.cached = true (default)
2023-06-06 14:26:47,101 [4e2b4efa-bcb4-46de-b119-545b7decf2b1-groupManagement] INFO  server.RaftServerConfigKeys (ConfUtils.java:logGet(46)) - raft.server.threadpool.server.size = 0 (default)
2023-06-06 14:26:47,101 [4e2b4efa-bcb4-46de-b119-545b7decf2b1-groupManagement] INFO  server.RaftServerConfigKeys (ConfUtils.java:logGet(46)) - raft.server.threadpool.client.cached = true (default)
2023-06-06 14:26:47,101 [4e2b4efa-bcb4-46de-b119-545b7decf2b1-groupManagement] INFO  server.RaftServerConfigKeys (ConfUtils.java:logGet(46)) - raft.server.threadpool.client.size = 0 (default)
2023-06-06 14:26:47,101 [4e2b4efa-bcb4-46de-b119-545b7decf2b1-groupManagement] INFO  storage.RaftStorageDirectory (RaftStorageDirectoryImpl.java:analyzeStorage(137)) - The storage directory /home/runner/work/ozone/ozone/hadoop-ozone/integration-test/target/test-dir/MiniOzoneClusterImpl-27950e3c-5885-4478-a852-34ee2aeb73f6/datanode-1/data/ratis/4ec63cad-2c85-49b1-8449-fbe9e628c331 does not exist. Creating ...
2023-06-06 14:26:47,108 [4e2b4efa-bcb4-46de-b119-545b7decf2b1-groupManagement] INFO  storage.RaftStorageDirectory (RaftStorageDirectoryImpl.java:tryLock(231)) - Lock on /home/runner/work/ozone/ozone/hadoop-ozone/integration-test/target/test-dir/MiniOzoneClusterImpl-27950e3c-5885-4478-a852-34ee2aeb73f6/datanode-1/data/ratis/4ec63cad-2c85-49b1-8449-fbe9e628c331/in_use.lock acquired by nodename 75814@fv-az1133-973
2023-06-06 14:26:47,110 [4e2b4efa-bcb4-46de-b119-545b7decf2b1-groupManagement] INFO  storage.RaftStorage (RaftStorageImpl.java:format(96)) - Storage directory /home/runner/work/ozone/ozone/hadoop-ozone/integration-test/target/test-dir/MiniOzoneClusterImpl-27950e3c-5885-4478-a852-34ee2aeb73f6/datanode-1/data/ratis/4ec63cad-2c85-49b1-8449-fbe9e628c331 has been successfully formatted.
2023-06-06 14:26:47,110 [4e2b4efa-bcb4-46de-b119-545b7decf2b1-groupManagement] INFO  ratis.ContainerStateMachine (ContainerStateMachine.java:loadSnapshot(262)) - group-FBE9E628C331: The snapshot info is null. Setting the last applied indexto:(t:0, i:~)
2023-06-06 14:26:47,111 [4e2b4efa-bcb4-46de-b119-545b7decf2b1-groupManagement] INFO  server.RaftServerConfigKeys (ConfUtils.java:logGet(46)) - raft.server.log.use.memory = false (default)
2023-06-06 14:26:47,111 [4e2b4efa-bcb4-46de-b119-545b7decf2b1-groupManagement] INFO  server.RaftServerConfigKeys (ConfUtils.java:logGet(46)) - raft.server.log.purge.gap = 1000000 (custom)
2023-06-06 14:26:47,111 [4e2b4efa-bcb4-46de-b119-545b7decf2b1-groupManagement] INFO  server.RaftServerConfigKeys (ConfUtils.java:logGet(46)) - raft.server.log.appender.buffer.byte-limit = 33554432 (custom)
2023-06-06 14:26:47,111 [4e2b4efa-bcb4-46de-b119-545b7decf2b1-groupManagement] INFO  server.RaftServerConfigKeys (ConfUtils.java:logGet(46)) - raft.server.log.statemachine.data.read.timeout = 1000ms (default)
2023-06-06 14:26:47,111 [4e2b4efa-bcb4-46de-b119-545b7decf2b1-groupManagement] INFO  server.RaftServerConfigKeys (ConfUtils.java:logGet(46)) - raft.server.log.purge.preservation.log.num = 0 (default)
2023-06-06 14:26:47,111 [4e2b4efa-bcb4-46de-b119-545b7decf2b1-groupManagement] INFO  server.RaftServerConfigKeys (ConfUtils.java:logGet(46)) - raft.server.log.segment.size.max = 1048576 (custom)
2023-06-06 14:26:47,111 [4e2b4efa-bcb4-46de-b119-545b7decf2b1-groupManagement] INFO  server.RaftServerConfigKeys (ConfUtils.java:logGet(46)) - raft.server.log.segment.cache.num.max = 2 (custom)
2023-06-06 14:26:47,111 [4e2b4efa-bcb4-46de-b119-545b7decf2b1-groupManagement] INFO  server.RaftServerConfigKeys (ConfUtils.java:logGet(46)) - raft.server.log.segment.cache.size.max = 200MB (=209715200) (default)
2023-06-06 14:26:47,111 [4e2b4efa-bcb4-46de-b119-545b7decf2b1-groupManagement] INFO  server.RaftServerConfigKeys (ConfUtils.java:logGet(46)) - raft.server.log.appender.buffer.byte-limit = 33554432 (custom)
2023-06-06 14:26:47,112 [4e2b4efa-bcb4-46de-b119-545b7decf2b1-groupManagement] INFO  segmented.SegmentedRaftLogWorker (SegmentedRaftLogWorker.java:<init>(188)) - new 4e2b4efa-bcb4-46de-b119-545b7decf2b1@group-FBE9E628C331-SegmentedRaftLogWorker for RaftStorageImpl:Storage Directory /home/runner/work/ozone/ozone/hadoop-ozone/integration-test/target/test-dir/MiniOzoneClusterImpl-27950e3c-5885-4478-a852-34ee2aeb73f6/datanode-1/data/ratis/4ec63cad-2c85-49b1-8449-fbe9e628c331
2023-06-06 14:26:47,112 [4e2b4efa-bcb4-46de-b119-545b7decf2b1-groupManagement] INFO  server.RaftServerConfigKeys (ConfUtils.java:logGet(46)) - raft.server.log.queue.byte-limit = 4294967296 (custom)
2023-06-06 14:26:47,112 [4e2b4efa-bcb4-46de-b119-545b7decf2b1-groupManagement] INFO  server.RaftServerConfigKeys (ConfUtils.java:logGet(46)) - raft.server.log.queue.element-limit = 1024 (custom)
2023-06-06 14:26:47,112 [4e2b4efa-bcb4-46de-b119-545b7decf2b1-groupManagement] INFO  server.RaftServerConfigKeys (ConfUtils.java:logGet(46)) - raft.server.log.segment.size.max = 1048576 (custom)
2023-06-06 14:26:47,112 [4e2b4efa-bcb4-46de-b119-545b7decf2b1-groupManagement] INFO  server.RaftServerConfigKeys (ConfUtils.java:logGet(46)) - raft.server.log.preallocated.size = 16384 (custom)
2023-06-06 14:26:47,112 [4e2b4efa-bcb4-46de-b119-545b7decf2b1-groupManagement] INFO  server.RaftServerConfigKeys (ConfUtils.java:logGet(46)) - raft.server.log.force.sync.num = 128 (default)
2023-06-06 14:26:47,112 [4e2b4efa-bcb4-46de-b119-545b7decf2b1-groupManagement] INFO  server.RaftServerConfigKeys (ConfUtils.java:logGet(46)) - raft.server.log.statemachine.data.sync = true (default)
2023-06-06 14:26:47,112 [4e2b4efa-bcb4-46de-b119-545b7decf2b1-groupManagement] INFO  server.RaftServerConfigKeys (ConfUtils.java:logGet(46)) - raft.server.log.statemachine.data.sync.timeout = 10s (default)
2023-06-06 14:26:47,112 [4e2b4efa-bcb4-46de-b119-545b7decf2b1-groupManagement] INFO  server.RaftServerConfigKeys (ConfUtils.java:logGet(46)) - raft.server.log.statemachine.data.sync.timeout.retry = -1 (default)
2023-06-06 14:26:47,113 [4e2b4efa-bcb4-46de-b119-545b7decf2b1-groupManagement] INFO  server.RaftServerConfigKeys (ConfUtils.java:logGet(46)) - raft.server.log.write.buffer.size = 1048576 (custom)
2023-06-06 14:26:47,113 [4e2b4efa-bcb4-46de-b119-545b7decf2b1-groupManagement] INFO  server.RaftServerConfigKeys (ConfUtils.java:logGet(46)) - raft.server.log.appender.buffer.byte-limit = 33554432 (custom)
2023-06-06 14:26:47,118 [EventQueue-OpenPipelineForHealthyPipelineSafeModeRule] INFO  safemode.SCMSafeModeManager (HealthyPipelineSafeModeRule.java:process(137)) - SCM in safe mode. Healthy pipelines reported count is 0, required healthy pipeline reported count is 1
2023-06-06 14:26:47,127 [4e2b4efa-bcb4-46de-b119-545b7decf2b1-groupManagement] INFO  server.RaftServerConfigKeys (ConfUtils.java:logGet(46)) - raft.server.log.unsafe-flush.enabled = false (default)
2023-06-06 14:26:47,130 [4e2b4efa-bcb4-46de-b119-545b7decf2b1-groupManagement] INFO  server.RaftServerConfigKeys (ConfUtils.java:logGet(46)) - raft.server.log.async-flush.enabled = false (default)
2023-06-06 14:26:47,133 [4e2b4efa-bcb4-46de-b119-545b7decf2b1-groupManagement] INFO  server.RaftServerConfigKeys (ConfUtils.java:logGet(46)) - raft.server.log.statemachine.data.caching.enabled = true (custom)
2023-06-06 14:26:47,133 [4e2b4efa-bcb4-46de-b119-545b7decf2b1-groupManagement] INFO  segmented.SegmentedRaftLogWorker (SegmentedRaftLogWorker.java:lambda$new$0(135)) - 4e2b4efa-bcb4-46de-b119-545b7decf2b1@group-FBE9E628C331-SegmentedRaftLogWorker: flushIndex: setUnconditionally 0 -> -1
2023-06-06 14:26:47,133 [4e2b4efa-bcb4-46de-b119-545b7decf2b1-groupManagement] INFO  segmented.SegmentedRaftLogWorker (SegmentedRaftLogWorker.java:lambda$new$0(135)) - 4e2b4efa-bcb4-46de-b119-545b7decf2b1@group-FBE9E628C331-SegmentedRaftLogWorker: safeCacheEvictIndex: setUnconditionally 0 -> -1
2023-06-06 14:26:47,144 [4e2b4efa-bcb4-46de-b119-545b7decf2b1-groupManagement] INFO  server.RaftServer$Division (RaftServerImpl.java:start(342)) - 4e2b4efa-bcb4-46de-b119-545b7decf2b1@group-FBE9E628C331: start as a follower, conf=-1: peers:[4e2b4efa-bcb4-46de-b119-545b7decf2b1|rpc:10.1.0.37:15023|admin:10.1.0.37:15022|client:10.1.0.37:15021|dataStream:10.1.0.37:15024|priority:0|startupRole:FOLLOWER, c077bb33-fcdc-4b26-85c1-b9d62aefbd7c|rpc:10.1.0.37:15014|admin:10.1.0.37:15013|client:10.1.0.37:15012|dataStream:10.1.0.37:15015|priority:0|startupRole:FOLLOWER, fdffd6d6-5a7e-48c5-a2f3-4f163f884c78|rpc:10.1.0.37:15032|admin:10.1.0.37:15031|client:10.1.0.37:15030|dataStream:10.1.0.37:15033|priority:1|startupRole:FOLLOWER]|listeners:[], old=null
2023-06-06 14:26:47,144 [4e2b4efa-bcb4-46de-b119-545b7decf2b1-groupManagement] INFO  server.RaftServer$Division (RaftServerImpl.java:setRole(329)) - 4e2b4efa-bcb4-46de-b119-545b7decf2b1@group-FBE9E628C331: changes role from      null to FOLLOWER at term 0 for startAsFollower
2023-06-06 14:26:47,144 [4e2b4efa-bcb4-46de-b119-545b7decf2b1-groupManagement] INFO  impl.RoleInfo (RoleInfo.java:updateAndGet(139)) - 4e2b4efa-bcb4-46de-b119-545b7decf2b1: start 4e2b4efa-bcb4-46de-b119-545b7decf2b1@group-FBE9E628C331-FollowerState
2023-06-06 14:26:47,144 [4e2b4efa-bcb4-46de-b119-545b7decf2b1-groupManagement] INFO  util.JmxRegister (JmxRegister.java:tryRegister(44)) - Successfully registered JMX Bean with object name Ratis:service=RaftServer,group=group-FBE9E628C331,id=4e2b4efa-bcb4-46de-b119-545b7decf2b1
2023-06-06 14:26:47,144 [4e2b4efa-bcb4-46de-b119-545b7decf2b1-groupManagement] INFO  server.RaftServerConfigKeys (ConfUtils.java:logGet(46)) - raft.server.snapshot.auto.trigger.enabled = true (custom)
2023-06-06 14:26:47,149 [4e2b4efa-bcb4-46de-b119-545b7decf2b1-groupManagement] INFO  server.RaftServerConfigKeys (ConfUtils.java:logGet(46)) - raft.server.snapshot.auto.trigger.threshold = 10000 (custom)
2023-06-06 14:26:47,149 [4e2b4efa-bcb4-46de-b119-545b7decf2b1-groupManagement] INFO  server.RaftServerConfigKeys (ConfUtils.java:logGet(46)) - raft.server.snapshot.retention.file.num = 5 (custom)
2023-06-06 14:26:47,149 [4e2b4efa-bcb4-46de-b119-545b7decf2b1-groupManagement] INFO  server.RaftServerConfigKeys (ConfUtils.java:logGet(46)) - raft.server.log.purge.upto.snapshot.index = false (default)
2023-06-06 14:26:47,149 [grpc-default-executor-0] INFO  server.RaftServer (RaftServerProxy.java:addNew(98)) - fdffd6d6-5a7e-48c5-a2f3-4f163f884c78: addNew group-DDC5CB68ABFD:[4e2b4efa-bcb4-46de-b119-545b7decf2b1|rpc:10.1.0.37:15023|admin:10.1.0.37:15022|client:10.1.0.37:15021|dataStream:10.1.0.37:15024|priority:1|startupRole:FOLLOWER, c077bb33-fcdc-4b26-85c1-b9d62aefbd7c|rpc:10.1.0.37:15014|admin:10.1.0.37:15013|client:10.1.0.37:15012|dataStream:10.1.0.37:15015|priority:0|startupRole:FOLLOWER, fdffd6d6-5a7e-48c5-a2f3-4f163f884c78|rpc:10.1.0.37:15032|admin:10.1.0.37:15031|client:10.1.0.37:15030|dataStream:10.1.0.37:15033|priority:0|startupRole:FOLLOWER] returns group-DDC5CB68ABFD:java.util.concurrent.CompletableFuture@1143e06a[Not completed]
2023-06-06 14:26:47,152 [4e2b4efa-bcb4-46de-b119-545b7decf2b1@group-FBE9E628C331-FollowerState] INFO  server.RaftServerConfigKeys (ConfUtils.java:logFallback(53)) - raft.server.rpc.first-election.timeout.min = 5s (fallback to raft.server.rpc.timeout.min)
2023-06-06 14:26:47,152 [4e2b4efa-bcb4-46de-b119-545b7decf2b1@group-FBE9E628C331-FollowerState] INFO  server.RaftServerConfigKeys (ConfUtils.java:logFallback(53)) - raft.server.rpc.first-election.timeout.max = 5200ms (fallback to raft.server.rpc.timeout.max)
2023-06-06 14:26:47,153 [PipelineCommandHandlerThread-0] INFO  ratis.XceiverServerRatis (XceiverServerRatis.java:addGroup(804)) - Created group PipelineID=4ec63cad-2c85-49b1-8449-fbe9e628c331
2023-06-06 14:26:47,166 [fdffd6d6-5a7e-48c5-a2f3-4f163f884c78-groupManagement] INFO  server.RaftServer$Division (RaftServerImpl.java:<init>(198)) - fdffd6d6-5a7e-48c5-a2f3-4f163f884c78: new RaftServerImpl for group-DDC5CB68ABFD:[4e2b4efa-bcb4-46de-b119-545b7decf2b1|rpc:10.1.0.37:15023|admin:10.1.0.37:15022|client:10.1.0.37:15021|dataStream:10.1.0.37:15024|priority:1|startupRole:FOLLOWER, c077bb33-fcdc-4b26-85c1-b9d62aefbd7c|rpc:10.1.0.37:15014|admin:10.1.0.37:15013|client:10.1.0.37:15012|dataStream:10.1.0.37:15015|priority:0|startupRole:FOLLOWER, fdffd6d6-5a7e-48c5-a2f3-4f163f884c78|rpc:10.1.0.37:15032|admin:10.1.0.37:15031|client:10.1.0.37:15030|dataStream:10.1.0.37:15033|priority:0|startupRole:FOLLOWER] with ContainerStateMachine:uninitialized
2023-06-06 14:26:47,166 [fdffd6d6-5a7e-48c5-a2f3-4f163f884c78-groupManagement] INFO  server.RaftServerConfigKeys (ConfUtils.java:logGet(46)) - raft.server.rpc.timeout.min = 5s (custom)
2023-06-06 14:26:47,166 [fdffd6d6-5a7e-48c5-a2f3-4f163f884c78-groupManagement] INFO  server.RaftServerConfigKeys (ConfUtils.java:logGet(46)) - raft.server.rpc.timeout.max = 5200ms (custom)
2023-06-06 14:26:47,166 [fdffd6d6-5a7e-48c5-a2f3-4f163f884c78-groupManagement] INFO  server.RaftServerConfigKeys (ConfUtils.java:logGet(46)) - raft.server.rpc.sleep.time = 25ms (default)
2023-06-06 14:26:47,166 [fdffd6d6-5a7e-48c5-a2f3-4f163f884c78-groupManagement] INFO  server.RaftServerConfigKeys (ConfUtils.java:logGet(46)) - raft.server.rpc.slowness.timeout = 300s (custom)
2023-06-06 14:26:47,166 [fdffd6d6-5a7e-48c5-a2f3-4f163f884c78-groupManagement] INFO  server.RaftServerConfigKeys (ConfUtils.java:logGet(46)) - raft.server.leaderelection.leader.step-down.wait-time = 10s (default)
2023-06-06 14:26:47,166 [fdffd6d6-5a7e-48c5-a2f3-4f163f884c78-groupManagement] INFO  server.RaftServerConfigKeys (ConfUtils.java:logGet(46)) - raft.server.sleep.deviation.threshold = 300ms (default)
2023-06-06 14:26:47,166 [fdffd6d6-5a7e-48c5-a2f3-4f163f884c78-groupManagement] INFO  server.RaftServer$Division (ServerState.java:<init>(120)) - fdffd6d6-5a7e-48c5-a2f3-4f163f884c78@group-DDC5CB68ABFD: ConfigurationManager, init=-1: peers:[4e2b4efa-bcb4-46de-b119-545b7decf2b1|rpc:10.1.0.37:15023|admin:10.1.0.37:15022|client:10.1.0.37:15021|dataStream:10.1.0.37:15024|priority:1|startupRole:FOLLOWER, c077bb33-fcdc-4b26-85c1-b9d62aefbd7c|rpc:10.1.0.37:15014|admin:10.1.0.37:15013|client:10.1.0.37:15012|dataStream:10.1.0.37:15015|priority:0|startupRole:FOLLOWER, fdffd6d6-5a7e-48c5-a2f3-4f163f884c78|rpc:10.1.0.37:15032|admin:10.1.0.37:15031|client:10.1.0.37:15030|dataStream:10.1.0.37:15033|priority:0|startupRole:FOLLOWER]|listeners:[], old=null, confs=<EMPTY_MAP>
2023-06-06 14:26:47,167 [fdffd6d6-5a7e-48c5-a2f3-4f163f884c78-groupManagement] INFO  server.RaftServerConfigKeys (ConfUtils.java:logGet(46)) - raft.server.storage.dir = [/home/runner/work/ozone/ozone/hadoop-ozone/integration-test/target/test-dir/MiniOzoneClusterImpl-27950e3c-5885-4478-a852-34ee2aeb73f6/datanode-2/data/ratis] (custom)
2023-06-06 14:26:47,167 [fdffd6d6-5a7e-48c5-a2f3-4f163f884c78-groupManagement] INFO  server.RaftServerConfigKeys (ConfUtils.java:logGet(46)) - raft.server.log.corruption.policy = EXCEPTION (default)
2023-06-06 14:26:47,167 [fdffd6d6-5a7e-48c5-a2f3-4f163f884c78-groupManagement] INFO  server.RaftServerConfigKeys (ConfUtils.java:logGet(46)) - raft.server.storage.free-space.min = 0MB (=0) (default)
2023-06-06 14:26:47,168 [fdffd6d6-5a7e-48c5-a2f3-4f163f884c78-groupManagement] INFO  server.RaftServerConfigKeys (ConfUtils.java:logGet(46)) - raft.server.notification.no-leader.timeout = 300s (custom)
2023-06-06 14:26:47,168 [fdffd6d6-5a7e-48c5-a2f3-4f163f884c78-groupManagement] INFO  server.RaftServerConfigKeys (ConfUtils.java:logGet(46)) - raft.server.read.timeout = 10s (default)
2023-06-06 14:26:47,168 [fdffd6d6-5a7e-48c5-a2f3-4f163f884c78-groupManagement] INFO  server.RaftServerConfigKeys (ConfUtils.java:logGet(46)) - raft.server.retrycache.expirytime = 600000ms (custom)
2023-06-06 14:26:47,168 [fdffd6d6-5a7e-48c5-a2f3-4f163f884c78-groupManagement] INFO  server.RaftServerConfigKeys (ConfUtils.java:logGet(46)) - raft.server.retrycache.statistics.expirytime = 100μs (default)
2023-06-06 14:26:47,168 [fdffd6d6-5a7e-48c5-a2f3-4f163f884c78-groupManagement] INFO  server.RaftServerConfigKeys (ConfUtils.java:logGet(46)) - raft.server.read.option = DEFAULT (default)
2023-06-06 14:26:47,171 [fdffd6d6-5a7e-48c5-a2f3-4f163f884c78-groupManagement] INFO  server.RaftServerConfigKeys (ConfUtils.java:logGet(46)) - raft.server.rpc.request.timeout = 60s (custom)
2023-06-06 14:26:47,171 [fdffd6d6-5a7e-48c5-a2f3-4f163f884c78-groupManagement] INFO  server.RaftServerConfigKeys (ConfUtils.java:logGet(46)) - raft.server.log.appender.install.snapshot.enabled = false (custom)
2023-06-06 14:26:47,171 [fdffd6d6-5a7e-48c5-a2f3-4f163f884c78-groupManagement] INFO  server.RaftServerConfigKeys (ConfUtils.java:logGet(46)) - raft.server.threadpool.server.cached = true (default)
2023-06-06 14:26:47,171 [fdffd6d6-5a7e-48c5-a2f3-4f163f884c78-groupManagement] INFO  server.RaftServerConfigKeys (ConfUtils.java:logGet(46)) - raft.server.threadpool.server.size = 0 (default)
2023-06-06 14:26:47,171 [fdffd6d6-5a7e-48c5-a2f3-4f163f884c78-groupManagement] INFO  server.RaftServerConfigKeys (ConfUtils.java:logGet(46)) - raft.server.threadpool.client.cached = true (default)
2023-06-06 14:26:47,171 [fdffd6d6-5a7e-48c5-a2f3-4f163f884c78-groupManagement] INFO  server.RaftServerConfigKeys (ConfUtils.java:logGet(46)) - raft.server.threadpool.client.size = 0 (default)
2023-06-06 14:26:47,171 [fdffd6d6-5a7e-48c5-a2f3-4f163f884c78-groupManagement] INFO  storage.RaftStorageDirectory (RaftStorageDirectoryImpl.java:analyzeStorage(137)) - The storage directory /home/runner/work/ozone/ozone/hadoop-ozone/integration-test/target/test-dir/MiniOzoneClusterImpl-27950e3c-5885-4478-a852-34ee2aeb73f6/datanode-2/data/ratis/ffa600fa-e326-4402-8143-ddc5cb68abfd does not exist. Creating ...
2023-06-06 14:26:47,172 [grpc-default-executor-0] INFO  server.RaftServer (RaftServerProxy.java:addNew(98)) - fdffd6d6-5a7e-48c5-a2f3-4f163f884c78: addNew group-FBE9E628C331:[4e2b4efa-bcb4-46de-b119-545b7decf2b1|rpc:10.1.0.37:15023|admin:10.1.0.37:15022|client:10.1.0.37:15021|dataStream:10.1.0.37:15024|priority:0|startupRole:FOLLOWER, c077bb33-fcdc-4b26-85c1-b9d62aefbd7c|rpc:10.1.0.37:15014|admin:10.1.0.37:15013|client:10.1.0.37:15012|dataStream:10.1.0.37:15015|priority:0|startupRole:FOLLOWER, fdffd6d6-5a7e-48c5-a2f3-4f163f884c78|rpc:10.1.0.37:15032|admin:10.1.0.37:15031|client:10.1.0.37:15030|dataStream:10.1.0.37:15033|priority:1|startupRole:FOLLOWER] returns group-FBE9E628C331:java.util.concurrent.CompletableFuture@5d5797ae[Not completed]
2023-06-06 14:26:47,172 [fdffd6d6-5a7e-48c5-a2f3-4f163f884c78-groupManagement] INFO  storage.RaftStorageDirectory (RaftStorageDirectoryImpl.java:tryLock(231)) - Lock on /home/runner/work/ozone/ozone/hadoop-ozone/integration-test/target/test-dir/MiniOzoneClusterImpl-27950e3c-5885-4478-a852-34ee2aeb73f6/datanode-2/data/ratis/ffa600fa-e326-4402-8143-ddc5cb68abfd/in_use.lock acquired by nodename 75814@fv-az1133-973
2023-06-06 14:26:47,174 [fdffd6d6-5a7e-48c5-a2f3-4f163f884c78-groupManagement] INFO  storage.RaftStorage (RaftStorageImpl.java:format(96)) - Storage directory /home/runner/work/ozone/ozone/hadoop-ozone/integration-test/target/test-dir/MiniOzoneClusterImpl-27950e3c-5885-4478-a852-34ee2aeb73f6/datanode-2/data/ratis/ffa600fa-e326-4402-8143-ddc5cb68abfd has been successfully formatted.
2023-06-06 14:26:47,175 [fdffd6d6-5a7e-48c5-a2f3-4f163f884c78-groupManagement] INFO  ratis.ContainerStateMachine (ContainerStateMachine.java:loadSnapshot(262)) - group-DDC5CB68ABFD: The snapshot info is null. Setting the last applied indexto:(t:0, i:~)
2023-06-06 14:26:47,175 [fdffd6d6-5a7e-48c5-a2f3-4f163f884c78-groupManagement] INFO  server.RaftServerConfigKeys (ConfUtils.java:logGet(46)) - raft.server.log.use.memory = false (default)
2023-06-06 14:26:47,175 [fdffd6d6-5a7e-48c5-a2f3-4f163f884c78-groupManagement] INFO  server.RaftServerConfigKeys (ConfUtils.java:logGet(46)) - raft.server.log.purge.gap = 1000000 (custom)
2023-06-06 14:26:47,175 [fdffd6d6-5a7e-48c5-a2f3-4f163f884c78-groupManagement] INFO  server.RaftServerConfigKeys (ConfUtils.java:logGet(46)) - raft.server.log.appender.buffer.byte-limit = 33554432 (custom)
2023-06-06 14:26:47,175 [fdffd6d6-5a7e-48c5-a2f3-4f163f884c78-groupManagement] INFO  server.RaftServerConfigKeys (ConfUtils.java:logGet(46)) - raft.server.log.statemachine.data.read.timeout = 1000ms (default)
2023-06-06 14:26:47,177 [fdffd6d6-5a7e-48c5-a2f3-4f163f884c78-groupManagement] INFO  server.RaftServerConfigKeys (ConfUtils.java:logGet(46)) - raft.server.log.purge.preservation.log.num = 0 (default)
2023-06-06 14:26:47,177 [fdffd6d6-5a7e-48c5-a2f3-4f163f884c78-groupManagement] INFO  server.RaftServerConfigKeys (ConfUtils.java:logGet(46)) - raft.server.log.segment.size.max = 1048576 (custom)
2023-06-06 14:26:47,178 [fdffd6d6-5a7e-48c5-a2f3-4f163f884c78-groupManagement] INFO  server.RaftServerConfigKeys (ConfUtils.java:logGet(46)) - raft.server.log.segment.cache.num.max = 2 (custom)
2023-06-06 14:26:47,178 [fdffd6d6-5a7e-48c5-a2f3-4f163f884c78-groupManagement] INFO  server.RaftServerConfigKeys (ConfUtils.java:logGet(46)) - raft.server.log.segment.cache.size.max = 200MB (=209715200) (default)
2023-06-06 14:26:47,179 [fdffd6d6-5a7e-48c5-a2f3-4f163f884c78-groupManagement] INFO  server.RaftServerConfigKeys (ConfUtils.java:logGet(46)) - raft.server.log.appender.buffer.byte-limit = 33554432 (custom)
2023-06-06 14:26:47,179 [fdffd6d6-5a7e-48c5-a2f3-4f163f884c78-groupManagement] INFO  segmented.SegmentedRaftLogWorker (SegmentedRaftLogWorker.java:<init>(188)) - new fdffd6d6-5a7e-48c5-a2f3-4f163f884c78@group-DDC5CB68ABFD-SegmentedRaftLogWorker for RaftStorageImpl:Storage Directory /home/runner/work/ozone/ozone/hadoop-ozone/integration-test/target/test-dir/MiniOzoneClusterImpl-27950e3c-5885-4478-a852-34ee2aeb73f6/datanode-2/data/ratis/ffa600fa-e326-4402-8143-ddc5cb68abfd
2023-06-06 14:26:47,179 [fdffd6d6-5a7e-48c5-a2f3-4f163f884c78-groupManagement] INFO  server.RaftServerConfigKeys (ConfUtils.java:logGet(46)) - raft.server.log.queue.byte-limit = 4294967296 (custom)
2023-06-06 14:26:47,179 [fdffd6d6-5a7e-48c5-a2f3-4f163f884c78-groupManagement] INFO  server.RaftServerConfigKeys (ConfUtils.java:logGet(46)) - raft.server.log.queue.element-limit = 1024 (custom)
2023-06-06 14:26:47,179 [fdffd6d6-5a7e-48c5-a2f3-4f163f884c78-groupManagement] INFO  server.RaftServerConfigKeys (ConfUtils.java:logGet(46)) - raft.server.log.segment.size.max = 1048576 (custom)
2023-06-06 14:26:47,179 [fdffd6d6-5a7e-48c5-a2f3-4f163f884c78-groupManagement] INFO  server.RaftServerConfigKeys (ConfUtils.java:logGet(46)) - raft.server.log.preallocated.size = 16384 (custom)
2023-06-06 14:26:47,179 [fdffd6d6-5a7e-48c5-a2f3-4f163f884c78-groupManagement] INFO  server.RaftServerConfigKeys (ConfUtils.java:logGet(46)) - raft.server.log.force.sync.num = 128 (default)
2023-06-06 14:26:47,179 [fdffd6d6-5a7e-48c5-a2f3-4f163f884c78-groupManagement] INFO  server.RaftServerConfigKeys (ConfUtils.java:logGet(46)) - raft.server.log.statemachine.data.sync = true (default)
2023-06-06 14:26:47,179 [fdffd6d6-5a7e-48c5-a2f3-4f163f884c78-groupManagement] INFO  server.RaftServerConfigKeys (ConfUtils.java:logGet(46)) - raft.server.log.statemachine.data.sync.timeout = 10s (default)
2023-06-06 14:26:47,179 [fdffd6d6-5a7e-48c5-a2f3-4f163f884c78-groupManagement] INFO  server.RaftServerConfigKeys (ConfUtils.java:logGet(46)) - raft.server.log.statemachine.data.sync.timeout.retry = -1 (default)
2023-06-06 14:26:47,181 [fdffd6d6-5a7e-48c5-a2f3-4f163f884c78-groupManagement] INFO  server.RaftServerConfigKeys (ConfUtils.java:logGet(46)) - raft.server.log.write.buffer.size = 1048576 (custom)
2023-06-06 14:26:47,182 [fdffd6d6-5a7e-48c5-a2f3-4f163f884c78-groupManagement] INFO  server.RaftServerConfigKeys (ConfUtils.java:logGet(46)) - raft.server.log.appender.buffer.byte-limit = 33554432 (custom)
2023-06-06 14:26:47,188 [fdffd6d6-5a7e-48c5-a2f3-4f163f884c78-groupManagement] INFO  server.RaftServerConfigKeys (ConfUtils.java:logGet(46)) - raft.server.log.unsafe-flush.enabled = false (default)
2023-06-06 14:26:47,188 [fdffd6d6-5a7e-48c5-a2f3-4f163f884c78-groupManagement] INFO  server.RaftServerConfigKeys (ConfUtils.java:logGet(46)) - raft.server.log.async-flush.enabled = false (default)
2023-06-06 14:26:47,188 [fdffd6d6-5a7e-48c5-a2f3-4f163f884c78-groupManagement] INFO  server.RaftServerConfigKeys (ConfUtils.java:logGet(46)) - raft.server.log.statemachine.data.caching.enabled = true (custom)
2023-06-06 14:26:47,188 [fdffd6d6-5a7e-48c5-a2f3-4f163f884c78-groupManagement] INFO  segmented.SegmentedRaftLogWorker (SegmentedRaftLogWorker.java:lambda$new$0(135)) - fdffd6d6-5a7e-48c5-a2f3-4f163f884c78@group-DDC5CB68ABFD-SegmentedRaftLogWorker: flushIndex: setUnconditionally 0 -> -1
2023-06-06 14:26:47,188 [fdffd6d6-5a7e-48c5-a2f3-4f163f884c78-groupManagement] INFO  segmented.SegmentedRaftLogWorker (SegmentedRaftLogWorker.java:lambda$new$0(135)) - fdffd6d6-5a7e-48c5-a2f3-4f163f884c78@group-DDC5CB68ABFD-SegmentedRaftLogWorker: safeCacheEvictIndex: setUnconditionally 0 -> -1
2023-06-06 14:26:47,190 [fdffd6d6-5a7e-48c5-a2f3-4f163f884c78-groupManagement] INFO  server.RaftServer$Division (RaftServerImpl.java:start(342)) - fdffd6d6-5a7e-48c5-a2f3-4f163f884c78@group-DDC5CB68ABFD: start as a follower, conf=-1: peers:[4e2b4efa-bcb4-46de-b119-545b7decf2b1|rpc:10.1.0.37:15023|admin:10.1.0.37:15022|client:10.1.0.37:15021|dataStream:10.1.0.37:15024|priority:1|startupRole:FOLLOWER, c077bb33-fcdc-4b26-85c1-b9d62aefbd7c|rpc:10.1.0.37:15014|admin:10.1.0.37:15013|client:10.1.0.37:15012|dataStream:10.1.0.37:15015|priority:0|startupRole:FOLLOWER, fdffd6d6-5a7e-48c5-a2f3-4f163f884c78|rpc:10.1.0.37:15032|admin:10.1.0.37:15031|client:10.1.0.37:15030|dataStream:10.1.0.37:15033|priority:0|startupRole:FOLLOWER]|listeners:[], old=null
2023-06-06 14:26:47,190 [fdffd6d6-5a7e-48c5-a2f3-4f163f884c78-groupManagement] INFO  server.RaftServer$Division (RaftServerImpl.java:setRole(329)) - fdffd6d6-5a7e-48c5-a2f3-4f163f884c78@group-DDC5CB68ABFD: changes role from      null to FOLLOWER at term 0 for startAsFollower
2023-06-06 14:26:47,190 [fdffd6d6-5a7e-48c5-a2f3-4f163f884c78-groupManagement] INFO  impl.RoleInfo (RoleInfo.java:updateAndGet(139)) - fdffd6d6-5a7e-48c5-a2f3-4f163f884c78: start fdffd6d6-5a7e-48c5-a2f3-4f163f884c78@group-DDC5CB68ABFD-FollowerState
2023-06-06 14:26:47,190 [fdffd6d6-5a7e-48c5-a2f3-4f163f884c78-groupManagement] INFO  util.JmxRegister (JmxRegister.java:tryRegister(44)) - Successfully registered JMX Bean with object name Ratis:service=RaftServer,group=group-DDC5CB68ABFD,id=fdffd6d6-5a7e-48c5-a2f3-4f163f884c78
2023-06-06 14:26:47,190 [fdffd6d6-5a7e-48c5-a2f3-4f163f884c78-groupManagement] INFO  server.RaftServerConfigKeys (ConfUtils.java:logGet(46)) - raft.server.snapshot.auto.trigger.enabled = true (custom)
2023-06-06 14:26:47,190 [fdffd6d6-5a7e-48c5-a2f3-4f163f884c78-groupManagement] INFO  server.RaftServerConfigKeys (ConfUtils.java:logGet(46)) - raft.server.snapshot.auto.trigger.threshold = 10000 (custom)
2023-06-06 14:26:47,190 [fdffd6d6-5a7e-48c5-a2f3-4f163f884c78-groupManagement] INFO  server.RaftServerConfigKeys (ConfUtils.java:logGet(46)) - raft.server.snapshot.retention.file.num = 5 (custom)
2023-06-06 14:26:47,190 [fdffd6d6-5a7e-48c5-a2f3-4f163f884c78-groupManagement] INFO  server.RaftServerConfigKeys (ConfUtils.java:logGet(46)) - raft.server.log.purge.upto.snapshot.index = false (default)
2023-06-06 14:26:47,191 [fdffd6d6-5a7e-48c5-a2f3-4f163f884c78@group-DDC5CB68ABFD-FollowerState] INFO  server.RaftServerConfigKeys (ConfUtils.java:logFallback(53)) - raft.server.rpc.first-election.timeout.min = 5s (fallback to raft.server.rpc.timeout.min)
2023-06-06 14:26:47,193 [fdffd6d6-5a7e-48c5-a2f3-4f163f884c78@group-DDC5CB68ABFD-FollowerState] INFO  server.RaftServerConfigKeys (ConfUtils.java:logFallback(53)) - raft.server.rpc.first-election.timeout.max = 5200ms (fallback to raft.server.rpc.timeout.max)
2023-06-06 14:26:47,200 [fdffd6d6-5a7e-48c5-a2f3-4f163f884c78-groupManagement] INFO  server.RaftServer$Division (RaftServerImpl.java:<init>(198)) - fdffd6d6-5a7e-48c5-a2f3-4f163f884c78: new RaftServerImpl for group-FBE9E628C331:[4e2b4efa-bcb4-46de-b119-545b7decf2b1|rpc:10.1.0.37:15023|admin:10.1.0.37:15022|client:10.1.0.37:15021|dataStream:10.1.0.37:15024|priority:0|startupRole:FOLLOWER, c077bb33-fcdc-4b26-85c1-b9d62aefbd7c|rpc:10.1.0.37:15014|admin:10.1.0.37:15013|client:10.1.0.37:15012|dataStream:10.1.0.37:15015|priority:0|startupRole:FOLLOWER, fdffd6d6-5a7e-48c5-a2f3-4f163f884c78|rpc:10.1.0.37:15032|admin:10.1.0.37:15031|client:10.1.0.37:15030|dataStream:10.1.0.37:15033|priority:1|startupRole:FOLLOWER] with ContainerStateMachine:uninitialized
2023-06-06 14:26:47,200 [fdffd6d6-5a7e-48c5-a2f3-4f163f884c78-groupManagement] INFO  server.RaftServerConfigKeys (ConfUtils.java:logGet(46)) - raft.server.rpc.timeout.min = 5s (custom)
2023-06-06 14:26:47,202 [fdffd6d6-5a7e-48c5-a2f3-4f163f884c78-groupManagement] INFO  server.RaftServerConfigKeys (ConfUtils.java:logGet(46)) - raft.server.rpc.timeout.max = 5200ms (custom)
2023-06-06 14:26:47,202 [fdffd6d6-5a7e-48c5-a2f3-4f163f884c78-groupManagement] INFO  server.RaftServerConfigKeys (ConfUtils.java:logGet(46)) - raft.server.rpc.sleep.time = 25ms (default)
2023-06-06 14:26:47,202 [fdffd6d6-5a7e-48c5-a2f3-4f163f884c78-groupManagement] INFO  server.RaftServerConfigKeys (ConfUtils.java:logGet(46)) - raft.server.rpc.slowness.timeout = 300s (custom)
2023-06-06 14:26:47,202 [fdffd6d6-5a7e-48c5-a2f3-4f163f884c78-groupManagement] INFO  server.RaftServerConfigKeys (ConfUtils.java:logGet(46)) - raft.server.leaderelection.leader.step-down.wait-time = 10s (default)
2023-06-06 14:26:47,202 [fdffd6d6-5a7e-48c5-a2f3-4f163f884c78-groupManagement] INFO  server.RaftServerConfigKeys (ConfUtils.java:logGet(46)) - raft.server.sleep.deviation.threshold = 300ms (default)
2023-06-06 14:26:47,202 [fdffd6d6-5a7e-48c5-a2f3-4f163f884c78-groupManagement] INFO  server.RaftServer$Division (ServerState.java:<init>(120)) - fdffd6d6-5a7e-48c5-a2f3-4f163f884c78@group-FBE9E628C331: ConfigurationManager, init=-1: peers:[4e2b4efa-bcb4-46de-b119-545b7decf2b1|rpc:10.1.0.37:15023|admin:10.1.0.37:15022|client:10.1.0.37:15021|dataStream:10.1.0.37:15024|priority:0|startupRole:FOLLOWER, c077bb33-fcdc-4b26-85c1-b9d62aefbd7c|rpc:10.1.0.37:15014|admin:10.1.0.37:15013|client:10.1.0.37:15012|dataStream:10.1.0.37:15015|priority:0|startupRole:FOLLOWER, fdffd6d6-5a7e-48c5-a2f3-4f163f884c78|rpc:10.1.0.37:15032|admin:10.1.0.37:15031|client:10.1.0.37:15030|dataStream:10.1.0.37:15033|priority:1|startupRole:FOLLOWER]|listeners:[], old=null, confs=<EMPTY_MAP>
2023-06-06 14:26:47,203 [fdffd6d6-5a7e-48c5-a2f3-4f163f884c78-groupManagement] INFO  server.RaftServerConfigKeys (ConfUtils.java:logGet(46)) - raft.server.storage.dir = [/home/runner/work/ozone/ozone/hadoop-ozone/integration-test/target/test-dir/MiniOzoneClusterImpl-27950e3c-5885-4478-a852-34ee2aeb73f6/datanode-2/data/ratis] (custom)
2023-06-06 14:26:47,203 [fdffd6d6-5a7e-48c5-a2f3-4f163f884c78-groupManagement] INFO  server.RaftServerConfigKeys (ConfUtils.java:logGet(46)) - raft.server.log.corruption.policy = EXCEPTION (default)
2023-06-06 14:26:47,203 [fdffd6d6-5a7e-48c5-a2f3-4f163f884c78-groupManagement] INFO  server.RaftServerConfigKeys (ConfUtils.java:logGet(46)) - raft.server.storage.free-space.min = 0MB (=0) (default)
2023-06-06 14:26:47,203 [fdffd6d6-5a7e-48c5-a2f3-4f163f884c78-groupManagement] INFO  server.RaftServerConfigKeys (ConfUtils.java:logGet(46)) - raft.server.notification.no-leader.timeout = 300s (custom)
2023-06-06 14:26:47,203 [fdffd6d6-5a7e-48c5-a2f3-4f163f884c78-groupManagement] INFO  server.RaftServerConfigKeys (ConfUtils.java:logGet(46)) - raft.server.read.timeout = 10s (default)
2023-06-06 14:26:47,203 [fdffd6d6-5a7e-48c5-a2f3-4f163f884c78-groupManagement] INFO  server.RaftServerConfigKeys (ConfUtils.java:logGet(46)) - raft.server.retrycache.expirytime = 600000ms (custom)
2023-06-06 14:26:47,203 [fdffd6d6-5a7e-48c5-a2f3-4f163f884c78-groupManagement] INFO  server.RaftServerConfigKeys (ConfUtils.java:logGet(46)) - raft.server.retrycache.statistics.expirytime = 100μs (default)
2023-06-06 14:26:47,203 [fdffd6d6-5a7e-48c5-a2f3-4f163f884c78-groupManagement] INFO  server.RaftServerConfigKeys (ConfUtils.java:logGet(46)) - raft.server.read.option = DEFAULT (default)
2023-06-06 14:26:47,211 [fdffd6d6-5a7e-48c5-a2f3-4f163f884c78-groupManagement] INFO  server.RaftServerConfigKeys (ConfUtils.java:logGet(46)) - raft.server.rpc.request.timeout = 60s (custom)
2023-06-06 14:26:47,211 [fdffd6d6-5a7e-48c5-a2f3-4f163f884c78-groupManagement] INFO  server.RaftServerConfigKeys (ConfUtils.java:logGet(46)) - raft.server.log.appender.install.snapshot.enabled = false (custom)
2023-06-06 14:26:47,211 [fdffd6d6-5a7e-48c5-a2f3-4f163f884c78-groupManagement] INFO  server.RaftServerConfigKeys (ConfUtils.java:logGet(46)) - raft.server.threadpool.server.cached = true (default)
2023-06-06 14:26:47,211 [fdffd6d6-5a7e-48c5-a2f3-4f163f884c78-groupManagement] INFO  server.RaftServerConfigKeys (ConfUtils.java:logGet(46)) - raft.server.threadpool.server.size = 0 (default)
2023-06-06 14:26:47,211 [fdffd6d6-5a7e-48c5-a2f3-4f163f884c78-groupManagement] INFO  server.RaftServerConfigKeys (ConfUtils.java:logGet(46)) - raft.server.threadpool.client.cached = true (default)
2023-06-06 14:26:47,211 [fdffd6d6-5a7e-48c5-a2f3-4f163f884c78-groupManagement] INFO  server.RaftServerConfigKeys (ConfUtils.java:logGet(46)) - raft.server.threadpool.client.size = 0 (default)
2023-06-06 14:26:47,211 [fdffd6d6-5a7e-48c5-a2f3-4f163f884c78-groupManagement] INFO  storage.RaftStorageDirectory (RaftStorageDirectoryImpl.java:analyzeStorage(137)) - The storage directory /home/runner/work/ozone/ozone/hadoop-ozone/integration-test/target/test-dir/MiniOzoneClusterImpl-27950e3c-5885-4478-a852-34ee2aeb73f6/datanode-2/data/ratis/4ec63cad-2c85-49b1-8449-fbe9e628c331 does not exist. Creating ...
2023-06-06 14:26:47,222 [fdffd6d6-5a7e-48c5-a2f3-4f163f884c78-groupManagement] INFO  storage.RaftStorageDirectory (RaftStorageDirectoryImpl.java:tryLock(231)) - Lock on /home/runner/work/ozone/ozone/hadoop-ozone/integration-test/target/test-dir/MiniOzoneClusterImpl-27950e3c-5885-4478-a852-34ee2aeb73f6/datanode-2/data/ratis/4ec63cad-2c85-49b1-8449-fbe9e628c331/in_use.lock acquired by nodename 75814@fv-az1133-973
2023-06-06 14:26:47,224 [PipelineCommandHandlerThread-0] INFO  commandhandler.CreatePipelineCommandHandler (CreatePipelineCommandHandler.java:lambda$handle$2(124)) - Created Pipeline RATIS THREE PipelineID=ffa600fa-e326-4402-8143-ddc5cb68abfd.
2023-06-06 14:26:47,225 [PipelineCommandHandlerThread-0] INFO  server.RaftServer (RaftServerProxy.java:addNew(98)) - c077bb33-fcdc-4b26-85c1-b9d62aefbd7c: addNew group-FBE9E628C331:[4e2b4efa-bcb4-46de-b119-545b7decf2b1|rpc:10.1.0.37:15023|admin:10.1.0.37:15022|client:10.1.0.37:15021|dataStream:10.1.0.37:15024|priority:0|startupRole:FOLLOWER, c077bb33-fcdc-4b26-85c1-b9d62aefbd7c|rpc:10.1.0.37:15014|admin:10.1.0.37:15013|client:10.1.0.37:15012|dataStream:10.1.0.37:15015|priority:0|startupRole:FOLLOWER, fdffd6d6-5a7e-48c5-a2f3-4f163f884c78|rpc:10.1.0.37:15032|admin:10.1.0.37:15031|client:10.1.0.37:15030|dataStream:10.1.0.37:15033|priority:1|startupRole:FOLLOWER] returns group-FBE9E628C331:java.util.concurrent.CompletableFuture@669d2a56[Not completed]
2023-06-06 14:26:47,226 [fdffd6d6-5a7e-48c5-a2f3-4f163f884c78-groupManagement] INFO  storage.RaftStorage (RaftStorageImpl.java:format(96)) - Storage directory /home/runner/work/ozone/ozone/hadoop-ozone/integration-test/target/test-dir/MiniOzoneClusterImpl-27950e3c-5885-4478-a852-34ee2aeb73f6/datanode-2/data/ratis/4ec63cad-2c85-49b1-8449-fbe9e628c331 has been successfully formatted.
2023-06-06 14:26:47,226 [c077bb33-fcdc-4b26-85c1-b9d62aefbd7c-groupManagement] INFO  server.RaftServer$Division (RaftServerImpl.java:<init>(198)) - c077bb33-fcdc-4b26-85c1-b9d62aefbd7c: new RaftServerImpl for group-FBE9E628C331:[4e2b4efa-bcb4-46de-b119-545b7decf2b1|rpc:10.1.0.37:15023|admin:10.1.0.37:15022|client:10.1.0.37:15021|dataStream:10.1.0.37:15024|priority:0|startupRole:FOLLOWER, c077bb33-fcdc-4b26-85c1-b9d62aefbd7c|rpc:10.1.0.37:15014|admin:10.1.0.37:15013|client:10.1.0.37:15012|dataStream:10.1.0.37:15015|priority:0|startupRole:FOLLOWER, fdffd6d6-5a7e-48c5-a2f3-4f163f884c78|rpc:10.1.0.37:15032|admin:10.1.0.37:15031|client:10.1.0.37:15030|dataStream:10.1.0.37:15033|priority:1|startupRole:FOLLOWER] with ContainerStateMachine:uninitialized
2023-06-06 14:26:47,227 [c077bb33-fcdc-4b26-85c1-b9d62aefbd7c-groupManagement] INFO  server.RaftServerConfigKeys (ConfUtils.java:logGet(46)) - raft.server.rpc.timeout.min = 5s (custom)
2023-06-06 14:26:47,227 [c077bb33-fcdc-4b26-85c1-b9d62aefbd7c-groupManagement] INFO  server.RaftServerConfigKeys (ConfUtils.java:logGet(46)) - raft.server.rpc.timeout.max = 5200ms (custom)
2023-06-06 14:26:47,227 [c077bb33-fcdc-4b26-85c1-b9d62aefbd7c-groupManagement] INFO  server.RaftServerConfigKeys (ConfUtils.java:logGet(46)) - raft.server.rpc.sleep.time = 25ms (default)
2023-06-06 14:26:47,227 [c077bb33-fcdc-4b26-85c1-b9d62aefbd7c-groupManagement] INFO  server.RaftServerConfigKeys (ConfUtils.java:logGet(46)) - raft.server.rpc.slowness.timeout = 300s (custom)
2023-06-06 14:26:47,227 [c077bb33-fcdc-4b26-85c1-b9d62aefbd7c-groupManagement] INFO  server.RaftServerConfigKeys (ConfUtils.java:logGet(46)) - raft.server.leaderelection.leader.step-down.wait-time = 10s (default)
2023-06-06 14:26:47,227 [c077bb33-fcdc-4b26-85c1-b9d62aefbd7c-groupManagement] INFO  server.RaftServerConfigKeys (ConfUtils.java:logGet(46)) - raft.server.sleep.deviation.threshold = 300ms (default)
2023-06-06 14:26:47,227 [c077bb33-fcdc-4b26-85c1-b9d62aefbd7c-groupManagement] INFO  server.RaftServer$Division (ServerState.java:<init>(120)) - c077bb33-fcdc-4b26-85c1-b9d62aefbd7c@group-FBE9E628C331: ConfigurationManager, init=-1: peers:[4e2b4efa-bcb4-46de-b119-545b7decf2b1|rpc:10.1.0.37:15023|admin:10.1.0.37:15022|client:10.1.0.37:15021|dataStream:10.1.0.37:15024|priority:0|startupRole:FOLLOWER, c077bb33-fcdc-4b26-85c1-b9d62aefbd7c|rpc:10.1.0.37:15014|admin:10.1.0.37:15013|client:10.1.0.37:15012|dataStream:10.1.0.37:15015|priority:0|startupRole:FOLLOWER, fdffd6d6-5a7e-48c5-a2f3-4f163f884c78|rpc:10.1.0.37:15032|admin:10.1.0.37:15031|client:10.1.0.37:15030|dataStream:10.1.0.37:15033|priority:1|startupRole:FOLLOWER]|listeners:[], old=null, confs=<EMPTY_MAP>
2023-06-06 14:26:47,227 [c077bb33-fcdc-4b26-85c1-b9d62aefbd7c-groupManagement] INFO  server.RaftServerConfigKeys (ConfUtils.java:logGet(46)) - raft.server.storage.dir = [/home/runner/work/ozone/ozone/hadoop-ozone/integration-test/target/test-dir/MiniOzoneClusterImpl-27950e3c-5885-4478-a852-34ee2aeb73f6/datanode-0/data/ratis] (custom)
2023-06-06 14:26:47,227 [c077bb33-fcdc-4b26-85c1-b9d62aefbd7c-groupManagement] INFO  server.RaftServerConfigKeys (ConfUtils.java:logGet(46)) - raft.server.log.corruption.policy = EXCEPTION (default)
2023-06-06 14:26:47,227 [c077bb33-fcdc-4b26-85c1-b9d62aefbd7c-groupManagement] INFO  server.RaftServerConfigKeys (ConfUtils.java:logGet(46)) - raft.server.storage.free-space.min = 0MB (=0) (default)
2023-06-06 14:26:47,228 [c077bb33-fcdc-4b26-85c1-b9d62aefbd7c-groupManagement] INFO  server.RaftServerConfigKeys (ConfUtils.java:logGet(46)) - raft.server.notification.no-leader.timeout = 300s (custom)
2023-06-06 14:26:47,228 [c077bb33-fcdc-4b26-85c1-b9d62aefbd7c-groupManagement] INFO  server.RaftServerConfigKeys (ConfUtils.java:logGet(46)) - raft.server.read.timeout = 10s (default)
2023-06-06 14:26:47,228 [fdffd6d6-5a7e-48c5-a2f3-4f163f884c78-groupManagement] INFO  ratis.ContainerStateMachine (ContainerStateMachine.java:loadSnapshot(262)) - group-FBE9E628C331: The snapshot info is null. Setting the last applied indexto:(t:0, i:~)
2023-06-06 14:26:47,228 [c077bb33-fcdc-4b26-85c1-b9d62aefbd7c-groupManagement] INFO  server.RaftServerConfigKeys (ConfUtils.java:logGet(46)) - raft.server.retrycache.expirytime = 600000ms (custom)
2023-06-06 14:26:47,231 [c077bb33-fcdc-4b26-85c1-b9d62aefbd7c-groupManagement] INFO  server.RaftServerConfigKeys (ConfUtils.java:logGet(46)) - raft.server.retrycache.statistics.expirytime = 100μs (default)
2023-06-06 14:26:47,231 [c077bb33-fcdc-4b26-85c1-b9d62aefbd7c-groupManagement] INFO  server.RaftServerConfigKeys (ConfUtils.java:logGet(46)) - raft.server.read.option = DEFAULT (default)
2023-06-06 14:26:47,232 [c077bb33-fcdc-4b26-85c1-b9d62aefbd7c-groupManagement] INFO  server.RaftServerConfigKeys (ConfUtils.java:logGet(46)) - raft.server.rpc.request.timeout = 60s (custom)
2023-06-06 14:26:47,232 [c077bb33-fcdc-4b26-85c1-b9d62aefbd7c-groupManagement] INFO  server.RaftServerConfigKeys (ConfUtils.java:logGet(46)) - raft.server.log.appender.install.snapshot.enabled = false (custom)
2023-06-06 14:26:47,232 [c077bb33-fcdc-4b26-85c1-b9d62aefbd7c-groupManagement] INFO  server.RaftServerConfigKeys (ConfUtils.java:logGet(46)) - raft.server.threadpool.server.cached = true (default)
2023-06-06 14:26:47,232 [c077bb33-fcdc-4b26-85c1-b9d62aefbd7c-groupManagement] INFO  server.RaftServerConfigKeys (ConfUtils.java:logGet(46)) - raft.server.threadpool.server.size = 0 (default)
2023-06-06 14:26:47,232 [c077bb33-fcdc-4b26-85c1-b9d62aefbd7c-groupManagement] INFO  server.RaftServerConfigKeys (ConfUtils.java:logGet(46)) - raft.server.threadpool.client.cached = true (default)
2023-06-06 14:26:47,232 [c077bb33-fcdc-4b26-85c1-b9d62aefbd7c-groupManagement] INFO  server.RaftServerConfigKeys (ConfUtils.java:logGet(46)) - raft.server.threadpool.client.size = 0 (default)
2023-06-06 14:26:47,232 [c077bb33-fcdc-4b26-85c1-b9d62aefbd7c-groupManagement] INFO  storage.RaftStorageDirectory (RaftStorageDirectoryImpl.java:analyzeStorage(137)) - The storage directory /home/runner/work/ozone/ozone/hadoop-ozone/integration-test/target/test-dir/MiniOzoneClusterImpl-27950e3c-5885-4478-a852-34ee2aeb73f6/datanode-0/data/ratis/4ec63cad-2c85-49b1-8449-fbe9e628c331 does not exist. Creating ...
2023-06-06 14:26:47,230 [fdffd6d6-5a7e-48c5-a2f3-4f163f884c78-groupManagement] INFO  server.RaftServerConfigKeys (ConfUtils.java:logGet(46)) - raft.server.log.use.memory = false (default)
2023-06-06 14:26:47,233 [fdffd6d6-5a7e-48c5-a2f3-4f163f884c78-groupManagement] INFO  server.RaftServerConfigKeys (ConfUtils.java:logGet(46)) - raft.server.log.purge.gap = 1000000 (custom)
2023-06-06 14:26:47,233 [c077bb33-fcdc-4b26-85c1-b9d62aefbd7c-groupManagement] INFO  storage.RaftStorageDirectory (RaftStorageDirectoryImpl.java:tryLock(231)) - Lock on /home/runner/work/ozone/ozone/hadoop-ozone/integration-test/target/test-dir/MiniOzoneClusterImpl-27950e3c-5885-4478-a852-34ee2aeb73f6/datanode-0/data/ratis/4ec63cad-2c85-49b1-8449-fbe9e628c331/in_use.lock acquired by nodename 75814@fv-az1133-973
2023-06-06 14:26:47,233 [fdffd6d6-5a7e-48c5-a2f3-4f163f884c78-groupManagement] INFO  server.RaftServerConfigKeys (ConfUtils.java:logGet(46)) - raft.server.log.appender.buffer.byte-limit = 33554432 (custom)
2023-06-06 14:26:47,233 [fdffd6d6-5a7e-48c5-a2f3-4f163f884c78-groupManagement] INFO  server.RaftServerConfigKeys (ConfUtils.java:logGet(46)) - raft.server.log.statemachine.data.read.timeout = 1000ms (default)
2023-06-06 14:26:47,233 [fdffd6d6-5a7e-48c5-a2f3-4f163f884c78-groupManagement] INFO  server.RaftServerConfigKeys (ConfUtils.java:logGet(46)) - raft.server.log.purge.preservation.log.num = 0 (default)
2023-06-06 14:26:47,234 [fdffd6d6-5a7e-48c5-a2f3-4f163f884c78-groupManagement] INFO  server.RaftServerConfigKeys (ConfUtils.java:logGet(46)) - raft.server.log.segment.size.max = 1048576 (custom)
2023-06-06 14:26:47,234 [fdffd6d6-5a7e-48c5-a2f3-4f163f884c78-groupManagement] INFO  server.RaftServerConfigKeys (ConfUtils.java:logGet(46)) - raft.server.log.segment.cache.num.max = 2 (custom)
2023-06-06 14:26:47,234 [fdffd6d6-5a7e-48c5-a2f3-4f163f884c78-groupManagement] INFO  server.RaftServerConfigKeys (ConfUtils.java:logGet(46)) - raft.server.log.segment.cache.size.max = 200MB (=209715200) (default)
2023-06-06 14:26:47,234 [c077bb33-fcdc-4b26-85c1-b9d62aefbd7c-groupManagement] INFO  storage.RaftStorage (RaftStorageImpl.java:format(96)) - Storage directory /home/runner/work/ozone/ozone/hadoop-ozone/integration-test/target/test-dir/MiniOzoneClusterImpl-27950e3c-5885-4478-a852-34ee2aeb73f6/datanode-0/data/ratis/4ec63cad-2c85-49b1-8449-fbe9e628c331 has been successfully formatted.
2023-06-06 14:26:47,234 [fdffd6d6-5a7e-48c5-a2f3-4f163f884c78-groupManagement] INFO  server.RaftServerConfigKeys (ConfUtils.java:logGet(46)) - raft.server.log.appender.buffer.byte-limit = 33554432 (custom)
2023-06-06 14:26:47,234 [fdffd6d6-5a7e-48c5-a2f3-4f163f884c78-groupManagement] INFO  segmented.SegmentedRaftLogWorker (SegmentedRaftLogWorker.java:<init>(188)) - new fdffd6d6-5a7e-48c5-a2f3-4f163f884c78@group-FBE9E628C331-SegmentedRaftLogWorker for RaftStorageImpl:Storage Directory /home/runner/work/ozone/ozone/hadoop-ozone/integration-test/target/test-dir/MiniOzoneClusterImpl-27950e3c-5885-4478-a852-34ee2aeb73f6/datanode-2/data/ratis/4ec63cad-2c85-49b1-8449-fbe9e628c331
2023-06-06 14:26:47,234 [fdffd6d6-5a7e-48c5-a2f3-4f163f884c78-groupManagement] INFO  server.RaftServerConfigKeys (ConfUtils.java:logGet(46)) - raft.server.log.queue.byte-limit = 4294967296 (custom)
2023-06-06 14:26:47,234 [fdffd6d6-5a7e-48c5-a2f3-4f163f884c78-groupManagement] INFO  server.RaftServerConfigKeys (ConfUtils.java:logGet(46)) - raft.server.log.queue.element-limit = 1024 (custom)
2023-06-06 14:26:47,235 [fdffd6d6-5a7e-48c5-a2f3-4f163f884c78-groupManagement] INFO  server.RaftServerConfigKeys (ConfUtils.java:logGet(46)) - raft.server.log.segment.size.max = 1048576 (custom)
2023-06-06 14:26:47,235 [fdffd6d6-5a7e-48c5-a2f3-4f163f884c78-groupManagement] INFO  server.RaftServerConfigKeys (ConfUtils.java:logGet(46)) - raft.server.log.preallocated.size = 16384 (custom)
2023-06-06 14:26:47,235 [c077bb33-fcdc-4b26-85c1-b9d62aefbd7c-groupManagement] INFO  ratis.ContainerStateMachine (ContainerStateMachine.java:loadSnapshot(262)) - group-FBE9E628C331: The snapshot info is null. Setting the last applied indexto:(t:0, i:~)
2023-06-06 14:26:47,236 [c077bb33-fcdc-4b26-85c1-b9d62aefbd7c-groupManagement] INFO  server.RaftServerConfigKeys (ConfUtils.java:logGet(46)) - raft.server.log.use.memory = false (default)
2023-06-06 14:26:47,236 [c077bb33-fcdc-4b26-85c1-b9d62aefbd7c-groupManagement] INFO  server.RaftServerConfigKeys (ConfUtils.java:logGet(46)) - raft.server.log.purge.gap = 1000000 (custom)
2023-06-06 14:26:47,237 [c077bb33-fcdc-4b26-85c1-b9d62aefbd7c-groupManagement] INFO  server.RaftServerConfigKeys (ConfUtils.java:logGet(46)) - raft.server.log.appender.buffer.byte-limit = 33554432 (custom)
2023-06-06 14:26:47,237 [c077bb33-fcdc-4b26-85c1-b9d62aefbd7c-groupManagement] INFO  server.RaftServerConfigKeys (ConfUtils.java:logGet(46)) - raft.server.log.statemachine.data.read.timeout = 1000ms (default)
2023-06-06 14:26:47,237 [c077bb33-fcdc-4b26-85c1-b9d62aefbd7c-groupManagement] INFO  server.RaftServerConfigKeys (ConfUtils.java:logGet(46)) - raft.server.log.purge.preservation.log.num = 0 (default)
2023-06-06 14:26:47,237 [c077bb33-fcdc-4b26-85c1-b9d62aefbd7c-groupManagement] INFO  server.RaftServerConfigKeys (ConfUtils.java:logGet(46)) - raft.server.log.segment.size.max = 1048576 (custom)
2023-06-06 14:26:47,237 [c077bb33-fcdc-4b26-85c1-b9d62aefbd7c-groupManagement] INFO  server.RaftServerConfigKeys (ConfUtils.java:logGet(46)) - raft.server.log.segment.cache.num.max = 2 (custom)
2023-06-06 14:26:47,237 [c077bb33-fcdc-4b26-85c1-b9d62aefbd7c-groupManagement] INFO  server.RaftServerConfigKeys (ConfUtils.java:logGet(46)) - raft.server.log.segment.cache.size.max = 200MB (=209715200) (default)
2023-06-06 14:26:47,237 [c077bb33-fcdc-4b26-85c1-b9d62aefbd7c-groupManagement] INFO  server.RaftServerConfigKeys (ConfUtils.java:logGet(46)) - raft.server.log.appender.buffer.byte-limit = 33554432 (custom)
2023-06-06 14:26:47,236 [fdffd6d6-5a7e-48c5-a2f3-4f163f884c78-groupManagement] INFO  server.RaftServerConfigKeys (ConfUtils.java:logGet(46)) - raft.server.log.force.sync.num = 128 (default)
2023-06-06 14:26:47,236 [EventQueue-OpenPipelineForHealthyPipelineSafeModeRule] INFO  safemode.SCMSafeModeManager (HealthyPipelineSafeModeRule.java:process(137)) - SCM in safe mode. Healthy pipelines reported count is 0, required healthy pipeline reported count is 1
2023-06-06 14:26:47,237 [c077bb33-fcdc-4b26-85c1-b9d62aefbd7c-groupManagement] INFO  segmented.SegmentedRaftLogWorker (SegmentedRaftLogWorker.java:<init>(188)) - new c077bb33-fcdc-4b26-85c1-b9d62aefbd7c@group-FBE9E628C331-SegmentedRaftLogWorker for RaftStorageImpl:Storage Directory /home/runner/work/ozone/ozone/hadoop-ozone/integration-test/target/test-dir/MiniOzoneClusterImpl-27950e3c-5885-4478-a852-34ee2aeb73f6/datanode-0/data/ratis/4ec63cad-2c85-49b1-8449-fbe9e628c331
2023-06-06 14:26:47,238 [fdffd6d6-5a7e-48c5-a2f3-4f163f884c78-groupManagement] INFO  server.RaftServerConfigKeys (ConfUtils.java:logGet(46)) - raft.server.log.statemachine.data.sync = true (default)
2023-06-06 14:26:47,238 [c077bb33-fcdc-4b26-85c1-b9d62aefbd7c-groupManagement] INFO  server.RaftServerConfigKeys (ConfUtils.java:logGet(46)) - raft.server.log.queue.byte-limit = 4294967296 (custom)
2023-06-06 14:26:47,238 [c077bb33-fcdc-4b26-85c1-b9d62aefbd7c-groupManagement] INFO  server.RaftServerConfigKeys (ConfUtils.java:logGet(46)) - raft.server.log.queue.element-limit = 1024 (custom)
2023-06-06 14:26:47,238 [c077bb33-fcdc-4b26-85c1-b9d62aefbd7c-groupManagement] INFO  server.RaftServerConfigKeys (ConfUtils.java:logGet(46)) - raft.server.log.segment.size.max = 1048576 (custom)
2023-06-06 14:26:47,238 [c077bb33-fcdc-4b26-85c1-b9d62aefbd7c-groupManagement] INFO  server.RaftServerConfigKeys (ConfUtils.java:logGet(46)) - raft.server.log.preallocated.size = 16384 (custom)
2023-06-06 14:26:47,238 [c077bb33-fcdc-4b26-85c1-b9d62aefbd7c-groupManagement] INFO  server.RaftServerConfigKeys (ConfUtils.java:logGet(46)) - raft.server.log.force.sync.num = 128 (default)
2023-06-06 14:26:47,238 [c077bb33-fcdc-4b26-85c1-b9d62aefbd7c-groupManagement] INFO  server.RaftServerConfigKeys (ConfUtils.java:logGet(46)) - raft.server.log.statemachine.data.sync = true (default)
2023-06-06 14:26:47,238 [c077bb33-fcdc-4b26-85c1-b9d62aefbd7c-groupManagement] INFO  server.RaftServerConfigKeys (ConfUtils.java:logGet(46)) - raft.server.log.statemachine.data.sync.timeout = 10s (default)
2023-06-06 14:26:47,238 [c077bb33-fcdc-4b26-85c1-b9d62aefbd7c-groupManagement] INFO  server.RaftServerConfigKeys (ConfUtils.java:logGet(46)) - raft.server.log.statemachine.data.sync.timeout.retry = -1 (default)
2023-06-06 14:26:47,239 [c077bb33-fcdc-4b26-85c1-b9d62aefbd7c-groupManagement] INFO  server.RaftServerConfigKeys (ConfUtils.java:logGet(46)) - raft.server.log.write.buffer.size = 1048576 (custom)
2023-06-06 14:26:47,238 [fdffd6d6-5a7e-48c5-a2f3-4f163f884c78-groupManagement] INFO  server.RaftServerConfigKeys (ConfUtils.java:logGet(46)) - raft.server.log.statemachine.data.sync.timeout = 10s (default)
2023-06-06 14:26:47,239 [c077bb33-fcdc-4b26-85c1-b9d62aefbd7c-groupManagement] INFO  server.RaftServerConfigKeys (ConfUtils.java:logGet(46)) - raft.server.log.appender.buffer.byte-limit = 33554432 (custom)
2023-06-06 14:26:47,240 [fdffd6d6-5a7e-48c5-a2f3-4f163f884c78-groupManagement] INFO  server.RaftServerConfigKeys (ConfUtils.java:logGet(46)) - raft.server.log.statemachine.data.sync.timeout.retry = -1 (default)
2023-06-06 14:26:47,240 [fdffd6d6-5a7e-48c5-a2f3-4f163f884c78-groupManagement] INFO  server.RaftServerConfigKeys (ConfUtils.java:logGet(46)) - raft.server.log.write.buffer.size = 1048576 (custom)
2023-06-06 14:26:47,241 [fdffd6d6-5a7e-48c5-a2f3-4f163f884c78-groupManagement] INFO  server.RaftServerConfigKeys (ConfUtils.java:logGet(46)) - raft.server.log.appender.buffer.byte-limit = 33554432 (custom)
2023-06-06 14:26:47,250 [fdffd6d6-5a7e-48c5-a2f3-4f163f884c78-groupManagement] INFO  server.RaftServerConfigKeys (ConfUtils.java:logGet(46)) - raft.server.log.unsafe-flush.enabled = false (default)
2023-06-06 14:26:47,250 [fdffd6d6-5a7e-48c5-a2f3-4f163f884c78-groupManagement] INFO  server.RaftServerConfigKeys (ConfUtils.java:logGet(46)) - raft.server.log.async-flush.enabled = false (default)
2023-06-06 14:26:47,250 [fdffd6d6-5a7e-48c5-a2f3-4f163f884c78-groupManagement] INFO  server.RaftServerConfigKeys (ConfUtils.java:logGet(46)) - raft.server.log.statemachine.data.caching.enabled = true (custom)
2023-06-06 14:26:47,250 [fdffd6d6-5a7e-48c5-a2f3-4f163f884c78-groupManagement] INFO  segmented.SegmentedRaftLogWorker (SegmentedRaftLogWorker.java:lambda$new$0(135)) - fdffd6d6-5a7e-48c5-a2f3-4f163f884c78@group-FBE9E628C331-SegmentedRaftLogWorker: flushIndex: setUnconditionally 0 -> -1
2023-06-06 14:26:47,250 [fdffd6d6-5a7e-48c5-a2f3-4f163f884c78-groupManagement] INFO  segmented.SegmentedRaftLogWorker (SegmentedRaftLogWorker.java:lambda$new$0(135)) - fdffd6d6-5a7e-48c5-a2f3-4f163f884c78@group-FBE9E628C331-SegmentedRaftLogWorker: safeCacheEvictIndex: setUnconditionally 0 -> -1
2023-06-06 14:26:47,251 [c077bb33-fcdc-4b26-85c1-b9d62aefbd7c-groupManagement] INFO  server.RaftServerConfigKeys (ConfUtils.java:logGet(46)) - raft.server.log.unsafe-flush.enabled = false (default)
2023-06-06 14:26:47,251 [c077bb33-fcdc-4b26-85c1-b9d62aefbd7c-groupManagement] INFO  server.RaftServerConfigKeys (ConfUtils.java:logGet(46)) - raft.server.log.async-flush.enabled = false (default)
2023-06-06 14:26:47,252 [c077bb33-fcdc-4b26-85c1-b9d62aefbd7c-groupManagement] INFO  server.RaftServerConfigKeys (ConfUtils.java:logGet(46)) - raft.server.log.statemachine.data.caching.enabled = true (custom)
2023-06-06 14:26:47,252 [c077bb33-fcdc-4b26-85c1-b9d62aefbd7c-groupManagement] INFO  segmented.SegmentedRaftLogWorker (SegmentedRaftLogWorker.java:lambda$new$0(135)) - c077bb33-fcdc-4b26-85c1-b9d62aefbd7c@group-FBE9E628C331-SegmentedRaftLogWorker: flushIndex: setUnconditionally 0 -> -1
2023-06-06 14:26:47,252 [c077bb33-fcdc-4b26-85c1-b9d62aefbd7c-groupManagement] INFO  segmented.SegmentedRaftLogWorker (SegmentedRaftLogWorker.java:lambda$new$0(135)) - c077bb33-fcdc-4b26-85c1-b9d62aefbd7c@group-FBE9E628C331-SegmentedRaftLogWorker: safeCacheEvictIndex: setUnconditionally 0 -> -1
2023-06-06 14:26:47,253 [fdffd6d6-5a7e-48c5-a2f3-4f163f884c78-groupManagement] INFO  server.RaftServer$Division (RaftServerImpl.java:start(342)) - fdffd6d6-5a7e-48c5-a2f3-4f163f884c78@group-FBE9E628C331: start as a follower, conf=-1: peers:[4e2b4efa-bcb4-46de-b119-545b7decf2b1|rpc:10.1.0.37:15023|admin:10.1.0.37:15022|client:10.1.0.37:15021|dataStream:10.1.0.37:15024|priority:0|startupRole:FOLLOWER, c077bb33-fcdc-4b26-85c1-b9d62aefbd7c|rpc:10.1.0.37:15014|admin:10.1.0.37:15013|client:10.1.0.37:15012|dataStream:10.1.0.37:15015|priority:0|startupRole:FOLLOWER, fdffd6d6-5a7e-48c5-a2f3-4f163f884c78|rpc:10.1.0.37:15032|admin:10.1.0.37:15031|client:10.1.0.37:15030|dataStream:10.1.0.37:15033|priority:1|startupRole:FOLLOWER]|listeners:[], old=null
2023-06-06 14:26:47,253 [fdffd6d6-5a7e-48c5-a2f3-4f163f884c78-groupManagement] INFO  server.RaftServer$Division (RaftServerImpl.java:setRole(329)) - fdffd6d6-5a7e-48c5-a2f3-4f163f884c78@group-FBE9E628C331: changes role from      null to FOLLOWER at term 0 for startAsFollower
2023-06-06 14:26:47,253 [fdffd6d6-5a7e-48c5-a2f3-4f163f884c78-groupManagement] INFO  impl.RoleInfo (RoleInfo.java:updateAndGet(139)) - fdffd6d6-5a7e-48c5-a2f3-4f163f884c78: start fdffd6d6-5a7e-48c5-a2f3-4f163f884c78@group-FBE9E628C331-FollowerState
2023-06-06 14:26:47,253 [fdffd6d6-5a7e-48c5-a2f3-4f163f884c78-groupManagement] INFO  util.JmxRegister (JmxRegister.java:tryRegister(44)) - Successfully registered JMX Bean with object name Ratis:service=RaftServer,group=group-FBE9E628C331,id=fdffd6d6-5a7e-48c5-a2f3-4f163f884c78
2023-06-06 14:26:47,253 [fdffd6d6-5a7e-48c5-a2f3-4f163f884c78@group-FBE9E628C331-FollowerState] INFO  server.RaftServerConfigKeys (ConfUtils.java:logFallback(53)) - raft.server.rpc.first-election.timeout.min = 5s (fallback to raft.server.rpc.timeout.min)
2023-06-06 14:26:47,258 [fdffd6d6-5a7e-48c5-a2f3-4f163f884c78@group-FBE9E628C331-FollowerState] INFO  server.RaftServerConfigKeys (ConfUtils.java:logFallback(53)) - raft.server.rpc.first-election.timeout.max = 5200ms (fallback to raft.server.rpc.timeout.max)
2023-06-06 14:26:47,258 [fdffd6d6-5a7e-48c5-a2f3-4f163f884c78-groupManagement] INFO  server.RaftServerConfigKeys (ConfUtils.java:logGet(46)) - raft.server.snapshot.auto.trigger.enabled = true (custom)
2023-06-06 14:26:47,258 [c077bb33-fcdc-4b26-85c1-b9d62aefbd7c-groupManagement] INFO  server.RaftServer$Division (RaftServerImpl.java:start(342)) - c077bb33-fcdc-4b26-85c1-b9d62aefbd7c@group-FBE9E628C331: start as a follower, conf=-1: peers:[4e2b4efa-bcb4-46de-b119-545b7decf2b1|rpc:10.1.0.37:15023|admin:10.1.0.37:15022|client:10.1.0.37:15021|dataStream:10.1.0.37:15024|priority:0|startupRole:FOLLOWER, c077bb33-fcdc-4b26-85c1-b9d62aefbd7c|rpc:10.1.0.37:15014|admin:10.1.0.37:15013|client:10.1.0.37:15012|dataStream:10.1.0.37:15015|priority:0|startupRole:FOLLOWER, fdffd6d6-5a7e-48c5-a2f3-4f163f884c78|rpc:10.1.0.37:15032|admin:10.1.0.37:15031|client:10.1.0.37:15030|dataStream:10.1.0.37:15033|priority:1|startupRole:FOLLOWER]|listeners:[], old=null
2023-06-06 14:26:47,259 [c077bb33-fcdc-4b26-85c1-b9d62aefbd7c-groupManagement] INFO  server.RaftServer$Division (RaftServerImpl.java:setRole(329)) - c077bb33-fcdc-4b26-85c1-b9d62aefbd7c@group-FBE9E628C331: changes role from      null to FOLLOWER at term 0 for startAsFollower
2023-06-06 14:26:47,258 [fdffd6d6-5a7e-48c5-a2f3-4f163f884c78-groupManagement] INFO  server.RaftServerConfigKeys (ConfUtils.java:logGet(46)) - raft.server.snapshot.auto.trigger.threshold = 10000 (custom)
2023-06-06 14:26:47,266 [fdffd6d6-5a7e-48c5-a2f3-4f163f884c78-groupManagement] INFO  server.RaftServerConfigKeys (ConfUtils.java:logGet(46)) - raft.server.snapshot.retention.file.num = 5 (custom)
2023-06-06 14:26:47,266 [fdffd6d6-5a7e-48c5-a2f3-4f163f884c78-groupManagement] INFO  server.RaftServerConfigKeys (ConfUtils.java:logGet(46)) - raft.server.log.purge.upto.snapshot.index = false (default)
2023-06-06 14:26:47,272 [c077bb33-fcdc-4b26-85c1-b9d62aefbd7c-groupManagement] INFO  impl.RoleInfo (RoleInfo.java:updateAndGet(139)) - c077bb33-fcdc-4b26-85c1-b9d62aefbd7c: start c077bb33-fcdc-4b26-85c1-b9d62aefbd7c@group-FBE9E628C331-FollowerState
2023-06-06 14:26:47,273 [c077bb33-fcdc-4b26-85c1-b9d62aefbd7c-groupManagement] INFO  util.JmxRegister (JmxRegister.java:tryRegister(44)) - Successfully registered JMX Bean with object name Ratis:service=RaftServer,group=group-FBE9E628C331,id=c077bb33-fcdc-4b26-85c1-b9d62aefbd7c
2023-06-06 14:26:47,273 [c077bb33-fcdc-4b26-85c1-b9d62aefbd7c@group-FBE9E628C331-FollowerState] INFO  server.RaftServerConfigKeys (ConfUtils.java:logFallback(53)) - raft.server.rpc.first-election.timeout.min = 5s (fallback to raft.server.rpc.timeout.min)
2023-06-06 14:26:47,273 [c077bb33-fcdc-4b26-85c1-b9d62aefbd7c-groupManagement] INFO  server.RaftServerConfigKeys (ConfUtils.java:logGet(46)) - raft.server.snapshot.auto.trigger.enabled = true (custom)
2023-06-06 14:26:47,273 [c077bb33-fcdc-4b26-85c1-b9d62aefbd7c-groupManagement] INFO  server.RaftServerConfigKeys (ConfUtils.java:logGet(46)) - raft.server.snapshot.auto.trigger.threshold = 10000 (custom)
2023-06-06 14:26:47,273 [c077bb33-fcdc-4b26-85c1-b9d62aefbd7c-groupManagement] INFO  server.RaftServerConfigKeys (ConfUtils.java:logGet(46)) - raft.server.snapshot.retention.file.num = 5 (custom)
2023-06-06 14:26:47,273 [c077bb33-fcdc-4b26-85c1-b9d62aefbd7c-groupManagement] INFO  server.RaftServerConfigKeys (ConfUtils.java:logGet(46)) - raft.server.log.purge.upto.snapshot.index = false (default)
2023-06-06 14:26:47,273 [c077bb33-fcdc-4b26-85c1-b9d62aefbd7c@group-FBE9E628C331-FollowerState] INFO  server.RaftServerConfigKeys (ConfUtils.java:logFallback(53)) - raft.server.rpc.first-election.timeout.max = 5200ms (fallback to raft.server.rpc.timeout.max)
2023-06-06 14:26:47,274 [PipelineCommandHandlerThread-0] INFO  ratis.XceiverServerRatis (XceiverServerRatis.java:addGroup(804)) - Created group PipelineID=4ec63cad-2c85-49b1-8449-fbe9e628c331
2023-06-06 14:26:47,295 [Time-limited test] INFO  ozone.MiniOzoneClusterImpl (MiniOzoneClusterImpl.java:lambda$waitForClusterToBeReady$0(222)) - Nodes are ready. Got 3 of 3 DN Heartbeats.
2023-06-06 14:26:47,295 [Time-limited test] INFO  ozone.MiniOzoneClusterImpl (MiniOzoneClusterImpl.java:lambda$waitForClusterToBeReady$0(225)) - Waiting for cluster to exit safe mode
2023-06-06 14:26:47,295 [Time-limited test] INFO  ozone.MiniOzoneClusterImpl (MiniOzoneClusterImpl.java:lambda$waitForClusterToBeReady$0(227)) - SCM became leader
2023-06-06 14:26:47,306 [PipelineCommandHandlerThread-0] INFO  server.RaftServer (RaftServerProxy.java:addNew(98)) - fdffd6d6-5a7e-48c5-a2f3-4f163f884c78: addNew group-E000353E9717:[fdffd6d6-5a7e-48c5-a2f3-4f163f884c78|rpc:10.1.0.37:15032|admin:10.1.0.37:15031|client:10.1.0.37:15030|dataStream:10.1.0.37:15033|priority:1|startupRole:FOLLOWER] returns group-E000353E9717:java.util.concurrent.CompletableFuture@548d0426[Not completed]
2023-06-06 14:26:47,307 [fdffd6d6-5a7e-48c5-a2f3-4f163f884c78-groupManagement] INFO  server.RaftServer$Division (RaftServerImpl.java:<init>(198)) - fdffd6d6-5a7e-48c5-a2f3-4f163f884c78: new RaftServerImpl for group-E000353E9717:[fdffd6d6-5a7e-48c5-a2f3-4f163f884c78|rpc:10.1.0.37:15032|admin:10.1.0.37:15031|client:10.1.0.37:15030|dataStream:10.1.0.37:15033|priority:1|startupRole:FOLLOWER] with ContainerStateMachine:uninitialized
2023-06-06 14:26:47,308 [fdffd6d6-5a7e-48c5-a2f3-4f163f884c78-groupManagement] INFO  server.RaftServerConfigKeys (ConfUtils.java:logGet(46)) - raft.server.rpc.timeout.min = 5s (custom)
2023-06-06 14:26:47,308 [fdffd6d6-5a7e-48c5-a2f3-4f163f884c78-groupManagement] INFO  server.RaftServerConfigKeys (ConfUtils.java:logGet(46)) - raft.server.rpc.timeout.max = 5200ms (custom)
2023-06-06 14:26:47,308 [fdffd6d6-5a7e-48c5-a2f3-4f163f884c78-groupManagement] INFO  server.RaftServerConfigKeys (ConfUtils.java:logGet(46)) - raft.server.rpc.sleep.time = 25ms (default)
2023-06-06 14:26:47,308 [fdffd6d6-5a7e-48c5-a2f3-4f163f884c78-groupManagement] INFO  server.RaftServerConfigKeys (ConfUtils.java:logGet(46)) - raft.server.rpc.slowness.timeout = 300s (custom)
2023-06-06 14:26:47,308 [fdffd6d6-5a7e-48c5-a2f3-4f163f884c78-groupManagement] INFO  server.RaftServerConfigKeys (ConfUtils.java:logGet(46)) - raft.server.leaderelection.leader.step-down.wait-time = 10s (default)
2023-06-06 14:26:47,308 [fdffd6d6-5a7e-48c5-a2f3-4f163f884c78-groupManagement] INFO  server.RaftServerConfigKeys (ConfUtils.java:logGet(46)) - raft.server.sleep.deviation.threshold = 300ms (default)
2023-06-06 14:26:47,308 [fdffd6d6-5a7e-48c5-a2f3-4f163f884c78-groupManagement] INFO  server.RaftServer$Division (ServerState.java:<init>(120)) - fdffd6d6-5a7e-48c5-a2f3-4f163f884c78@group-E000353E9717: ConfigurationManager, init=-1: peers:[fdffd6d6-5a7e-48c5-a2f3-4f163f884c78|rpc:10.1.0.37:15032|admin:10.1.0.37:15031|client:10.1.0.37:15030|dataStream:10.1.0.37:15033|priority:1|startupRole:FOLLOWER]|listeners:[], old=null, confs=<EMPTY_MAP>
2023-06-06 14:26:47,308 [fdffd6d6-5a7e-48c5-a2f3-4f163f884c78-groupManagement] INFO  server.RaftServerConfigKeys (ConfUtils.java:logGet(46)) - raft.server.storage.dir = [/home/runner/work/ozone/ozone/hadoop-ozone/integration-test/target/test-dir/MiniOzoneClusterImpl-27950e3c-5885-4478-a852-34ee2aeb73f6/datanode-2/data/ratis] (custom)
2023-06-06 14:26:47,308 [fdffd6d6-5a7e-48c5-a2f3-4f163f884c78-groupManagement] INFO  server.RaftServerConfigKeys (ConfUtils.java:logGet(46)) - raft.server.log.corruption.policy = EXCEPTION (default)
2023-06-06 14:26:47,308 [fdffd6d6-5a7e-48c5-a2f3-4f163f884c78-groupManagement] INFO  server.RaftServerConfigKeys (ConfUtils.java:logGet(46)) - raft.server.storage.free-space.min = 0MB (=0) (default)
2023-06-06 14:26:47,308 [fdffd6d6-5a7e-48c5-a2f3-4f163f884c78-groupManagement] INFO  server.RaftServerConfigKeys (ConfUtils.java:logGet(46)) - raft.server.notification.no-leader.timeout = 300s (custom)
2023-06-06 14:26:47,308 [fdffd6d6-5a7e-48c5-a2f3-4f163f884c78-groupManagement] INFO  server.RaftServerConfigKeys (ConfUtils.java:logGet(46)) - raft.server.read.timeout = 10s (default)
2023-06-06 14:26:47,308 [fdffd6d6-5a7e-48c5-a2f3-4f163f884c78-groupManagement] INFO  server.RaftServerConfigKeys (ConfUtils.java:logGet(46)) - raft.server.retrycache.expirytime = 600000ms (custom)
2023-06-06 14:26:47,308 [fdffd6d6-5a7e-48c5-a2f3-4f163f884c78-groupManagement] INFO  server.RaftServerConfigKeys (ConfUtils.java:logGet(46)) - raft.server.retrycache.statistics.expirytime = 100μs (default)
2023-06-06 14:26:47,308 [fdffd6d6-5a7e-48c5-a2f3-4f163f884c78-groupManagement] INFO  server.RaftServerConfigKeys (ConfUtils.java:logGet(46)) - raft.server.read.option = DEFAULT (default)
2023-06-06 14:26:47,313 [fdffd6d6-5a7e-48c5-a2f3-4f163f884c78-groupManagement] INFO  server.RaftServerConfigKeys (ConfUtils.java:logGet(46)) - raft.server.rpc.request.timeout = 60s (custom)
2023-06-06 14:26:47,313 [fdffd6d6-5a7e-48c5-a2f3-4f163f884c78-groupManagement] INFO  server.RaftServerConfigKeys (ConfUtils.java:logGet(46)) - raft.server.log.appender.install.snapshot.enabled = false (custom)
2023-06-06 14:26:47,313 [fdffd6d6-5a7e-48c5-a2f3-4f163f884c78-groupManagement] INFO  server.RaftServerConfigKeys (ConfUtils.java:logGet(46)) - raft.server.threadpool.server.cached = true (default)
2023-06-06 14:26:47,313 [fdffd6d6-5a7e-48c5-a2f3-4f163f884c78-groupManagement] INFO  server.RaftServerConfigKeys (ConfUtils.java:logGet(46)) - raft.server.threadpool.server.size = 0 (default)
2023-06-06 14:26:47,313 [fdffd6d6-5a7e-48c5-a2f3-4f163f884c78-groupManagement] INFO  server.RaftServerConfigKeys (ConfUtils.java:logGet(46)) - raft.server.threadpool.client.cached = true (default)
2023-06-06 14:26:47,313 [fdffd6d6-5a7e-48c5-a2f3-4f163f884c78-groupManagement] INFO  server.RaftServerConfigKeys (ConfUtils.java:logGet(46)) - raft.server.threadpool.client.size = 0 (default)
2023-06-06 14:26:47,313 [fdffd6d6-5a7e-48c5-a2f3-4f163f884c78-groupManagement] INFO  storage.RaftStorageDirectory (RaftStorageDirectoryImpl.java:analyzeStorage(137)) - The storage directory /home/runner/work/ozone/ozone/hadoop-ozone/integration-test/target/test-dir/MiniOzoneClusterImpl-27950e3c-5885-4478-a852-34ee2aeb73f6/datanode-2/data/ratis/fbe7c58d-1410-4b07-8c00-e000353e9717 does not exist. Creating ...
2023-06-06 14:26:47,314 [fdffd6d6-5a7e-48c5-a2f3-4f163f884c78-groupManagement] INFO  storage.RaftStorageDirectory (RaftStorageDirectoryImpl.java:tryLock(231)) - Lock on /home/runner/work/ozone/ozone/hadoop-ozone/integration-test/target/test-dir/MiniOzoneClusterImpl-27950e3c-5885-4478-a852-34ee2aeb73f6/datanode-2/data/ratis/fbe7c58d-1410-4b07-8c00-e000353e9717/in_use.lock acquired by nodename 75814@fv-az1133-973
2023-06-06 14:26:47,315 [fdffd6d6-5a7e-48c5-a2f3-4f163f884c78-groupManagement] INFO  storage.RaftStorage (RaftStorageImpl.java:format(96)) - Storage directory /home/runner/work/ozone/ozone/hadoop-ozone/integration-test/target/test-dir/MiniOzoneClusterImpl-27950e3c-5885-4478-a852-34ee2aeb73f6/datanode-2/data/ratis/fbe7c58d-1410-4b07-8c00-e000353e9717 has been successfully formatted.
2023-06-06 14:26:47,316 [fdffd6d6-5a7e-48c5-a2f3-4f163f884c78-groupManagement] INFO  ratis.ContainerStateMachine (ContainerStateMachine.java:loadSnapshot(262)) - group-E000353E9717: The snapshot info is null. Setting the last applied indexto:(t:0, i:~)
2023-06-06 14:26:47,316 [fdffd6d6-5a7e-48c5-a2f3-4f163f884c78-groupManagement] INFO  server.RaftServerConfigKeys (ConfUtils.java:logGet(46)) - raft.server.log.use.memory = false (default)
2023-06-06 14:26:47,316 [fdffd6d6-5a7e-48c5-a2f3-4f163f884c78-groupManagement] INFO  server.RaftServerConfigKeys (ConfUtils.java:logGet(46)) - raft.server.log.purge.gap = 1000000 (custom)
2023-06-06 14:26:47,316 [fdffd6d6-5a7e-48c5-a2f3-4f163f884c78-groupManagement] INFO  server.RaftServerConfigKeys (ConfUtils.java:logGet(46)) - raft.server.log.appender.buffer.byte-limit = 33554432 (custom)
2023-06-06 14:26:47,316 [fdffd6d6-5a7e-48c5-a2f3-4f163f884c78-groupManagement] INFO  server.RaftServerConfigKeys (ConfUtils.java:logGet(46)) - raft.server.log.statemachine.data.read.timeout = 1000ms (default)
2023-06-06 14:26:47,316 [fdffd6d6-5a7e-48c5-a2f3-4f163f884c78-groupManagement] INFO  server.RaftServerConfigKeys (ConfUtils.java:logGet(46)) - raft.server.log.purge.preservation.log.num = 0 (default)
2023-06-06 14:26:47,316 [fdffd6d6-5a7e-48c5-a2f3-4f163f884c78-groupManagement] INFO  server.RaftServerConfigKeys (ConfUtils.java:logGet(46)) - raft.server.log.segment.size.max = 1048576 (custom)
2023-06-06 14:26:47,317 [fdffd6d6-5a7e-48c5-a2f3-4f163f884c78-groupManagement] INFO  server.RaftServerConfigKeys (ConfUtils.java:logGet(46)) - raft.server.log.segment.cache.num.max = 2 (custom)
2023-06-06 14:26:47,317 [fdffd6d6-5a7e-48c5-a2f3-4f163f884c78-groupManagement] INFO  server.RaftServerConfigKeys (ConfUtils.java:logGet(46)) - raft.server.log.segment.cache.size.max = 200MB (=209715200) (default)
2023-06-06 14:26:47,317 [fdffd6d6-5a7e-48c5-a2f3-4f163f884c78-groupManagement] INFO  server.RaftServerConfigKeys (ConfUtils.java:logGet(46)) - raft.server.log.appender.buffer.byte-limit = 33554432 (custom)
2023-06-06 14:26:47,317 [fdffd6d6-5a7e-48c5-a2f3-4f163f884c78-groupManagement] INFO  segmented.SegmentedRaftLogWorker (SegmentedRaftLogWorker.java:<init>(188)) - new fdffd6d6-5a7e-48c5-a2f3-4f163f884c78@group-E000353E9717-SegmentedRaftLogWorker for RaftStorageImpl:Storage Directory /home/runner/work/ozone/ozone/hadoop-ozone/integration-test/target/test-dir/MiniOzoneClusterImpl-27950e3c-5885-4478-a852-34ee2aeb73f6/datanode-2/data/ratis/fbe7c58d-1410-4b07-8c00-e000353e9717
2023-06-06 14:26:47,317 [fdffd6d6-5a7e-48c5-a2f3-4f163f884c78-groupManagement] INFO  server.RaftServerConfigKeys (ConfUtils.java:logGet(46)) - raft.server.log.queue.byte-limit = 4294967296 (custom)
2023-06-06 14:26:47,317 [fdffd6d6-5a7e-48c5-a2f3-4f163f884c78-groupManagement] INFO  server.RaftServerConfigKeys (ConfUtils.java:logGet(46)) - raft.server.log.queue.element-limit = 1024 (custom)
2023-06-06 14:26:47,317 [fdffd6d6-5a7e-48c5-a2f3-4f163f884c78-groupManagement] INFO  server.RaftServerConfigKeys (ConfUtils.java:logGet(46)) - raft.server.log.segment.size.max = 1048576 (custom)
2023-06-06 14:26:47,317 [EventQueue-PipelineReportForPipelineReportHandler] INFO  pipeline.PipelineManagerImpl (PipelineManagerImpl.java:openPipeline(367)) - Pipeline Pipeline[ Id: fbe7c58d-1410-4b07-8c00-e000353e9717, Nodes: fdffd6d6-5a7e-48c5-a2f3-4f163f884c78(fv-az1133-973.qlb2sqfkji0uhjsjdnlwzcsdwg.bx.internal.cloudapp.net/10.1.0.37), ReplicationConfig: RATIS/ONE, State:ALLOCATED, leaderId:fdffd6d6-5a7e-48c5-a2f3-4f163f884c78, CreationTimestamp2023-06-06T14:26:44.300Z[Etc/UTC]] moved to OPEN state
2023-06-06 14:26:47,317 [fdffd6d6-5a7e-48c5-a2f3-4f163f884c78-groupManagement] INFO  server.RaftServerConfigKeys (ConfUtils.java:logGet(46)) - raft.server.log.preallocated.size = 16384 (custom)
2023-06-06 14:26:47,318 [fdffd6d6-5a7e-48c5-a2f3-4f163f884c78-groupManagement] INFO  server.RaftServerConfigKeys (ConfUtils.java:logGet(46)) - raft.server.log.force.sync.num = 128 (default)
2023-06-06 14:26:47,318 [fdffd6d6-5a7e-48c5-a2f3-4f163f884c78-groupManagement] INFO  server.RaftServerConfigKeys (ConfUtils.java:logGet(46)) - raft.server.log.statemachine.data.sync = true (default)
2023-06-06 14:26:47,318 [fdffd6d6-5a7e-48c5-a2f3-4f163f884c78-groupManagement] INFO  server.RaftServerConfigKeys (ConfUtils.java:logGet(46)) - raft.server.log.statemachine.data.sync.timeout = 10s (default)
2023-06-06 14:26:47,318 [fdffd6d6-5a7e-48c5-a2f3-4f163f884c78-groupManagement] INFO  server.RaftServerConfigKeys (ConfUtils.java:logGet(46)) - raft.server.log.statemachine.data.sync.timeout.retry = -1 (default)
2023-06-06 14:26:47,319 [EventQueue-OpenPipelineForHealthyPipelineSafeModeRule] INFO  safemode.SCMSafeModeManager (HealthyPipelineSafeModeRule.java:process(137)) - SCM in safe mode. Healthy pipelines reported count is 0, required healthy pipeline reported count is 1
2023-06-06 14:26:47,319 [fdffd6d6-5a7e-48c5-a2f3-4f163f884c78-groupManagement] INFO  server.RaftServerConfigKeys (ConfUtils.java:logGet(46)) - raft.server.log.write.buffer.size = 1048576 (custom)
2023-06-06 14:26:47,320 [fdffd6d6-5a7e-48c5-a2f3-4f163f884c78-groupManagement] INFO  server.RaftServerConfigKeys (ConfUtils.java:logGet(46)) - raft.server.log.appender.buffer.byte-limit = 33554432 (custom)
2023-06-06 14:26:47,333 [fdffd6d6-5a7e-48c5-a2f3-4f163f884c78-groupManagement] INFO  server.RaftServerConfigKeys (ConfUtils.java:logGet(46)) - raft.server.log.unsafe-flush.enabled = false (default)
2023-06-06 14:26:47,333 [fdffd6d6-5a7e-48c5-a2f3-4f163f884c78-groupManagement] INFO  server.RaftServerConfigKeys (ConfUtils.java:logGet(46)) - raft.server.log.async-flush.enabled = false (default)
2023-06-06 14:26:47,333 [fdffd6d6-5a7e-48c5-a2f3-4f163f884c78-groupManagement] INFO  server.RaftServerConfigKeys (ConfUtils.java:logGet(46)) - raft.server.log.statemachine.data.caching.enabled = true (custom)
2023-06-06 14:26:47,334 [fdffd6d6-5a7e-48c5-a2f3-4f163f884c78-groupManagement] INFO  segmented.SegmentedRaftLogWorker (SegmentedRaftLogWorker.java:lambda$new$0(135)) - fdffd6d6-5a7e-48c5-a2f3-4f163f884c78@group-E000353E9717-SegmentedRaftLogWorker: flushIndex: setUnconditionally 0 -> -1
2023-06-06 14:26:47,334 [fdffd6d6-5a7e-48c5-a2f3-4f163f884c78-groupManagement] INFO  segmented.SegmentedRaftLogWorker (SegmentedRaftLogWorker.java:lambda$new$0(135)) - fdffd6d6-5a7e-48c5-a2f3-4f163f884c78@group-E000353E9717-SegmentedRaftLogWorker: safeCacheEvictIndex: setUnconditionally 0 -> -1
2023-06-06 14:26:47,334 [fdffd6d6-5a7e-48c5-a2f3-4f163f884c78-groupManagement] INFO  server.RaftServer$Division (RaftServerImpl.java:start(342)) - fdffd6d6-5a7e-48c5-a2f3-4f163f884c78@group-E000353E9717: start as a follower, conf=-1: peers:[fdffd6d6-5a7e-48c5-a2f3-4f163f884c78|rpc:10.1.0.37:15032|admin:10.1.0.37:15031|client:10.1.0.37:15030|dataStream:10.1.0.37:15033|priority:1|startupRole:FOLLOWER]|listeners:[], old=null
2023-06-06 14:26:47,334 [fdffd6d6-5a7e-48c5-a2f3-4f163f884c78-groupManagement] INFO  server.RaftServer$Division (RaftServerImpl.java:setRole(329)) - fdffd6d6-5a7e-48c5-a2f3-4f163f884c78@group-E000353E9717: changes role from      null to FOLLOWER at term 0 for startAsFollower
2023-06-06 14:26:47,334 [fdffd6d6-5a7e-48c5-a2f3-4f163f884c78-groupManagement] INFO  impl.RoleInfo (RoleInfo.java:updateAndGet(139)) - fdffd6d6-5a7e-48c5-a2f3-4f163f884c78: start fdffd6d6-5a7e-48c5-a2f3-4f163f884c78@group-E000353E9717-FollowerState
2023-06-06 14:26:47,334 [fdffd6d6-5a7e-48c5-a2f3-4f163f884c78-groupManagement] INFO  util.JmxRegister (JmxRegister.java:tryRegister(44)) - Successfully registered JMX Bean with object name Ratis:service=RaftServer,group=group-E000353E9717,id=fdffd6d6-5a7e-48c5-a2f3-4f163f884c78
2023-06-06 14:26:47,334 [fdffd6d6-5a7e-48c5-a2f3-4f163f884c78-groupManagement] INFO  server.RaftServerConfigKeys (ConfUtils.java:logGet(46)) - raft.server.snapshot.auto.trigger.enabled = true (custom)
2023-06-06 14:26:47,335 [fdffd6d6-5a7e-48c5-a2f3-4f163f884c78-groupManagement] INFO  server.RaftServerConfigKeys (ConfUtils.java:logGet(46)) - raft.server.snapshot.auto.trigger.threshold = 10000 (custom)
2023-06-06 14:26:47,335 [fdffd6d6-5a7e-48c5-a2f3-4f163f884c78-groupManagement] INFO  server.RaftServerConfigKeys (ConfUtils.java:logGet(46)) - raft.server.snapshot.retention.file.num = 5 (custom)
2023-06-06 14:26:47,335 [fdffd6d6-5a7e-48c5-a2f3-4f163f884c78-groupManagement] INFO  server.RaftServerConfigKeys (ConfUtils.java:logGet(46)) - raft.server.log.purge.upto.snapshot.index = false (default)
2023-06-06 14:26:47,336 [fdffd6d6-5a7e-48c5-a2f3-4f163f884c78@group-E000353E9717-FollowerState] INFO  server.RaftServerConfigKeys (ConfUtils.java:logFallback(53)) - raft.server.rpc.first-election.timeout.min = 5s (fallback to raft.server.rpc.timeout.min)
2023-06-06 14:26:47,336 [fdffd6d6-5a7e-48c5-a2f3-4f163f884c78@group-E000353E9717-FollowerState] INFO  server.RaftServerConfigKeys (ConfUtils.java:logFallback(53)) - raft.server.rpc.first-election.timeout.max = 5200ms (fallback to raft.server.rpc.timeout.max)
2023-06-06 14:26:47,336 [PipelineCommandHandlerThread-0] INFO  ratis.XceiverServerRatis (XceiverServerRatis.java:addGroup(804)) - Created group PipelineID=fbe7c58d-1410-4b07-8c00-e000353e9717
2023-06-06 14:26:47,336 [PipelineCommandHandlerThread-0] INFO  commandhandler.CreatePipelineCommandHandler (CreatePipelineCommandHandler.java:lambda$handle$2(124)) - Created Pipeline RATIS ONE PipelineID=fbe7c58d-1410-4b07-8c00-e000353e9717.
2023-06-06 14:26:47,377 [PipelineCommandHandlerThread-0] INFO  commandhandler.CreatePipelineCommandHandler (CreatePipelineCommandHandler.java:lambda$handle$2(124)) - Created Pipeline RATIS THREE PipelineID=4ec63cad-2c85-49b1-8449-fbe9e628c331.
2023-06-06 14:26:47,408 [PipelineCommandHandlerThread-0] INFO  commandhandler.CreatePipelineCommandHandler (CreatePipelineCommandHandler.java:lambda$handle$2(124)) - Created Pipeline RATIS THREE PipelineID=4ec63cad-2c85-49b1-8449-fbe9e628c331.
2023-06-06 14:26:48,295 [Time-limited test] INFO  ozone.MiniOzoneClusterImpl (MiniOzoneClusterImpl.java:lambda$waitForClusterToBeReady$0(222)) - Nodes are ready. Got 3 of 3 DN Heartbeats.
2023-06-06 14:26:48,295 [Time-limited test] INFO  ozone.MiniOzoneClusterImpl (MiniOzoneClusterImpl.java:lambda$waitForClusterToBeReady$0(225)) - Waiting for cluster to exit safe mode
2023-06-06 14:26:48,295 [Time-limited test] INFO  ozone.MiniOzoneClusterImpl (MiniOzoneClusterImpl.java:lambda$waitForClusterToBeReady$0(227)) - SCM became leader
2023-06-06 14:26:49,295 [Time-limited test] INFO  ozone.MiniOzoneClusterImpl (MiniOzoneClusterImpl.java:lambda$waitForClusterToBeReady$0(222)) - Nodes are ready. Got 3 of 3 DN Heartbeats.
2023-06-06 14:26:49,296 [Time-limited test] INFO  ozone.MiniOzoneClusterImpl (MiniOzoneClusterImpl.java:lambda$waitForClusterToBeReady$0(225)) - Waiting for cluster to exit safe mode
2023-06-06 14:26:49,296 [Time-limited test] INFO  ozone.MiniOzoneClusterImpl (MiniOzoneClusterImpl.java:lambda$waitForClusterToBeReady$0(227)) - SCM became leader
2023-06-06 14:26:50,296 [Time-limited test] INFO  ozone.MiniOzoneClusterImpl (MiniOzoneClusterImpl.java:lambda$waitForClusterToBeReady$0(222)) - Nodes are ready. Got 3 of 3 DN Heartbeats.
2023-06-06 14:26:50,296 [Time-limited test] INFO  ozone.MiniOzoneClusterImpl (MiniOzoneClusterImpl.java:lambda$waitForClusterToBeReady$0(225)) - Waiting for cluster to exit safe mode
2023-06-06 14:26:50,296 [Time-limited test] INFO  ozone.MiniOzoneClusterImpl (MiniOzoneClusterImpl.java:lambda$waitForClusterToBeReady$0(227)) - SCM became leader
2023-06-06 14:26:51,296 [Time-limited test] INFO  ozone.MiniOzoneClusterImpl (MiniOzoneClusterImpl.java:lambda$waitForClusterToBeReady$0(222)) - Nodes are ready. Got 3 of 3 DN Heartbeats.
2023-06-06 14:26:51,296 [Time-limited test] INFO  ozone.MiniOzoneClusterImpl (MiniOzoneClusterImpl.java:lambda$waitForClusterToBeReady$0(225)) - Waiting for cluster to exit safe mode
2023-06-06 14:26:51,296 [Time-limited test] INFO  ozone.MiniOzoneClusterImpl (MiniOzoneClusterImpl.java:lambda$waitForClusterToBeReady$0(227)) - SCM became leader
2023-06-06 14:26:51,560 [c077bb33-fcdc-4b26-85c1-b9d62aefbd7c@group-429456829E89-FollowerState] INFO  impl.FollowerState (FollowerState.java:run(143)) - c077bb33-fcdc-4b26-85c1-b9d62aefbd7c@group-429456829E89-FollowerState: change to CANDIDATE, lastRpcElapsedTime:5143113283ns, electionTimeout:5138ms
2023-06-06 14:26:51,561 [c077bb33-fcdc-4b26-85c1-b9d62aefbd7c@group-429456829E89-FollowerState] INFO  impl.RoleInfo (RoleInfo.java:shutdownFollowerState(110)) - c077bb33-fcdc-4b26-85c1-b9d62aefbd7c: shutdown c077bb33-fcdc-4b26-85c1-b9d62aefbd7c@group-429456829E89-FollowerState
2023-06-06 14:26:51,561 [c077bb33-fcdc-4b26-85c1-b9d62aefbd7c@group-429456829E89-FollowerState] INFO  server.RaftServer$Division (RaftServerImpl.java:setRole(329)) - c077bb33-fcdc-4b26-85c1-b9d62aefbd7c@group-429456829E89: changes role from  FOLLOWER to CANDIDATE at term 0 for changeToCandidate
2023-06-06 14:26:51,562 [c077bb33-fcdc-4b26-85c1-b9d62aefbd7c@group-429456829E89-FollowerState] INFO  server.RaftServerConfigKeys (ConfUtils.java:logGet(46)) - raft.server.leaderelection.pre-vote = true (default)
2023-06-06 14:26:51,562 [c077bb33-fcdc-4b26-85c1-b9d62aefbd7c@group-429456829E89-FollowerState] INFO  impl.RoleInfo (RoleInfo.java:updateAndGet(139)) - c077bb33-fcdc-4b26-85c1-b9d62aefbd7c: start c077bb33-fcdc-4b26-85c1-b9d62aefbd7c@group-429456829E89-LeaderElection2
2023-06-06 14:26:51,570 [c077bb33-fcdc-4b26-85c1-b9d62aefbd7c@group-429456829E89-LeaderElection2] INFO  impl.LeaderElection (LeaderElection.java:askForVotes(321)) - c077bb33-fcdc-4b26-85c1-b9d62aefbd7c@group-429456829E89-LeaderElection2 PRE_VOTE round 0: submit vote requests at term 0 for -1: peers:[c077bb33-fcdc-4b26-85c1-b9d62aefbd7c|rpc:10.1.0.37:15014|admin:10.1.0.37:15013|client:10.1.0.37:15012|dataStream:10.1.0.37:15015|priority:1|startupRole:FOLLOWER]|listeners:[], old=null
2023-06-06 14:26:51,570 [c077bb33-fcdc-4b26-85c1-b9d62aefbd7c@group-429456829E89-LeaderElection2] INFO  impl.LeaderElection (LeaderElection.java:askForVotes(323)) - c077bb33-fcdc-4b26-85c1-b9d62aefbd7c@group-429456829E89-LeaderElection2 PRE_VOTE round 0: result PASSED (term=0)
2023-06-06 14:26:51,572 [c077bb33-fcdc-4b26-85c1-b9d62aefbd7c@group-429456829E89-LeaderElection2] INFO  impl.LeaderElection (LeaderElection.java:askForVotes(321)) - c077bb33-fcdc-4b26-85c1-b9d62aefbd7c@group-429456829E89-LeaderElection2 ELECTION round 0: submit vote requests at term 1 for -1: peers:[c077bb33-fcdc-4b26-85c1-b9d62aefbd7c|rpc:10.1.0.37:15014|admin:10.1.0.37:15013|client:10.1.0.37:15012|dataStream:10.1.0.37:15015|priority:1|startupRole:FOLLOWER]|listeners:[], old=null
2023-06-06 14:26:51,572 [c077bb33-fcdc-4b26-85c1-b9d62aefbd7c@group-429456829E89-LeaderElection2] INFO  impl.LeaderElection (LeaderElection.java:askForVotes(323)) - c077bb33-fcdc-4b26-85c1-b9d62aefbd7c@group-429456829E89-LeaderElection2 ELECTION round 0: result PASSED (term=1)
2023-06-06 14:26:51,572 [c077bb33-fcdc-4b26-85c1-b9d62aefbd7c@group-429456829E89-LeaderElection2] INFO  impl.RoleInfo (RoleInfo.java:shutdownLeaderElection(130)) - c077bb33-fcdc-4b26-85c1-b9d62aefbd7c: shutdown c077bb33-fcdc-4b26-85c1-b9d62aefbd7c@group-429456829E89-LeaderElection2
2023-06-06 14:26:51,572 [c077bb33-fcdc-4b26-85c1-b9d62aefbd7c@group-429456829E89-LeaderElection2] INFO  server.RaftServer$Division (RaftServerImpl.java:setRole(329)) - c077bb33-fcdc-4b26-85c1-b9d62aefbd7c@group-429456829E89: changes role from CANDIDATE to LEADER at term 1 for changeToLeader
2023-06-06 14:26:51,572 [c077bb33-fcdc-4b26-85c1-b9d62aefbd7c@group-429456829E89-LeaderElection2] INFO  ratis.XceiverServerRatis (XceiverServerRatis.java:handleLeaderChangedNotification(902)) - Leader change notification received for group: group-429456829E89 with new leaderId: c077bb33-fcdc-4b26-85c1-b9d62aefbd7c
2023-06-06 14:26:51,572 [c077bb33-fcdc-4b26-85c1-b9d62aefbd7c@group-429456829E89-LeaderElection2] INFO  server.RaftServer$Division (ServerState.java:setLeader(317)) - c077bb33-fcdc-4b26-85c1-b9d62aefbd7c@group-429456829E89: change Leader from null to c077bb33-fcdc-4b26-85c1-b9d62aefbd7c at term 1 for becomeLeader, leader elected after 5181ms
2023-06-06 14:26:51,572 [c077bb33-fcdc-4b26-85c1-b9d62aefbd7c@group-429456829E89-LeaderElection2] INFO  server.RaftServerConfigKeys (ConfUtils.java:logGet(46)) - raft.server.staging.catchup.gap = 1000 (default)
2023-06-06 14:26:51,573 [c077bb33-fcdc-4b26-85c1-b9d62aefbd7c@group-429456829E89-LeaderElection2] INFO  server.RaftServerConfigKeys (ConfUtils.java:logGet(46)) - raft.server.write.element-limit = 1024 (custom)
2023-06-06 14:26:51,573 [c077bb33-fcdc-4b26-85c1-b9d62aefbd7c@group-429456829E89-LeaderElection2] INFO  server.RaftServerConfigKeys (ConfUtils.java:logGet(46)) - raft.server.write.byte-limit = 1024 M (=1073741824) (custom)
2023-06-06 14:26:51,573 [EventQueue-OpenPipelineForHealthyPipelineSafeModeRule] INFO  safemode.SCMSafeModeManager (HealthyPipelineSafeModeRule.java:process(137)) - SCM in safe mode. Healthy pipelines reported count is 0, required healthy pipeline reported count is 1
2023-06-06 14:26:51,574 [c077bb33-fcdc-4b26-85c1-b9d62aefbd7c@group-429456829E89-LeaderElection2] INFO  server.RaftServerConfigKeys (ConfUtils.java:logGet(46)) - raft.server.watch.timeout = 180s (custom)
2023-06-06 14:26:51,574 [c077bb33-fcdc-4b26-85c1-b9d62aefbd7c@group-429456829E89-LeaderElection2] INFO  server.RaftServerConfigKeys (ConfUtils.java:logGet(46)) - raft.server.watch.timeout.denomination = 1s (default)
2023-06-06 14:26:51,574 [c077bb33-fcdc-4b26-85c1-b9d62aefbd7c@group-429456829E89-LeaderElection2] INFO  server.RaftServerConfigKeys (ConfUtils.java:logGet(46)) - raft.server.watch.element-limit = 65536 (default)
2023-06-06 14:26:51,574 [c077bb33-fcdc-4b26-85c1-b9d62aefbd7c@group-429456829E89-LeaderElection2] INFO  server.RaftServerConfigKeys (ConfUtils.java:logGet(46)) - raft.server.write.element-limit = 1024 (custom)
2023-06-06 14:26:51,574 [c077bb33-fcdc-4b26-85c1-b9d62aefbd7c@group-429456829E89-LeaderElection2] INFO  server.RaftServerConfigKeys (ConfUtils.java:logGet(46)) - raft.server.write.follower.gap.ratio.max = -1.0 (default)
2023-06-06 14:26:51,574 [c077bb33-fcdc-4b26-85c1-b9d62aefbd7c@group-429456829E89-LeaderElection2] INFO  impl.RoleInfo (RoleInfo.java:updateAndGet(139)) - c077bb33-fcdc-4b26-85c1-b9d62aefbd7c: start c077bb33-fcdc-4b26-85c1-b9d62aefbd7c@group-429456829E89-LeaderStateImpl
2023-06-06 14:26:51,574 [c077bb33-fcdc-4b26-85c1-b9d62aefbd7c@group-429456829E89-LeaderElection2] INFO  segmented.SegmentedRaftLogWorker (SegmentedRaftLogWorker.java:startLogSegment(447)) - c077bb33-fcdc-4b26-85c1-b9d62aefbd7c@group-429456829E89-SegmentedRaftLogWorker: Starting segment from index:0
2023-06-06 14:26:51,578 [c077bb33-fcdc-4b26-85c1-b9d62aefbd7c@group-429456829E89-LeaderElection2] INFO  server.RaftServer$Division (ServerState.java:setRaftConf(434)) - c077bb33-fcdc-4b26-85c1-b9d62aefbd7c@group-429456829E89: set configuration 0: peers:[c077bb33-fcdc-4b26-85c1-b9d62aefbd7c|rpc:10.1.0.37:15014|admin:10.1.0.37:15013|client:10.1.0.37:15012|dataStream:10.1.0.37:15015|priority:1|startupRole:FOLLOWER]|listeners:[], old=null
2023-06-06 14:26:51,578 [c077bb33-fcdc-4b26-85c1-b9d62aefbd7c@group-429456829E89-SegmentedRaftLogWorker] INFO  segmented.SegmentedRaftLogWorker (SegmentedRaftLogWorker.java:execute(651)) - c077bb33-fcdc-4b26-85c1-b9d62aefbd7c@group-429456829E89-SegmentedRaftLogWorker: created new log segment /home/runner/work/ozone/ozone/hadoop-ozone/integration-test/target/test-dir/MiniOzoneClusterImpl-27950e3c-5885-4478-a852-34ee2aeb73f6/datanode-0/data/ratis/543cabb3-751c-4abf-99dc-429456829e89/current/log_inprogress_0
2023-06-06 14:26:51,799 [c077bb33-fcdc-4b26-85c1-b9d62aefbd7c@group-DDC5CB68ABFD-FollowerState] INFO  impl.FollowerState (FollowerState.java:run(143)) - c077bb33-fcdc-4b26-85c1-b9d62aefbd7c@group-DDC5CB68ABFD-FollowerState: change to CANDIDATE, lastRpcElapsedTime:5206729773ns, electionTimeout:5193ms
2023-06-06 14:26:51,800 [c077bb33-fcdc-4b26-85c1-b9d62aefbd7c@group-DDC5CB68ABFD-FollowerState] INFO  impl.RoleInfo (RoleInfo.java:shutdownFollowerState(110)) - c077bb33-fcdc-4b26-85c1-b9d62aefbd7c: shutdown c077bb33-fcdc-4b26-85c1-b9d62aefbd7c@group-DDC5CB68ABFD-FollowerState
2023-06-06 14:26:51,800 [c077bb33-fcdc-4b26-85c1-b9d62aefbd7c@group-DDC5CB68ABFD-FollowerState] INFO  server.RaftServer$Division (RaftServerImpl.java:setRole(329)) - c077bb33-fcdc-4b26-85c1-b9d62aefbd7c@group-DDC5CB68ABFD: changes role from  FOLLOWER to CANDIDATE at term 0 for changeToCandidate
2023-06-06 14:26:51,801 [c077bb33-fcdc-4b26-85c1-b9d62aefbd7c@group-DDC5CB68ABFD-FollowerState] INFO  server.RaftServerConfigKeys (ConfUtils.java:logGet(46)) - raft.server.leaderelection.pre-vote = true (default)
2023-06-06 14:26:51,801 [c077bb33-fcdc-4b26-85c1-b9d62aefbd7c@group-DDC5CB68ABFD-FollowerState] INFO  impl.RoleInfo (RoleInfo.java:updateAndGet(139)) - c077bb33-fcdc-4b26-85c1-b9d62aefbd7c: start c077bb33-fcdc-4b26-85c1-b9d62aefbd7c@group-DDC5CB68ABFD-LeaderElection3
2023-06-06 14:26:51,802 [c077bb33-fcdc-4b26-85c1-b9d62aefbd7c@group-DDC5CB68ABFD-LeaderElection3] INFO  impl.LeaderElection (LeaderElection.java:askForVotes(321)) - c077bb33-fcdc-4b26-85c1-b9d62aefbd7c@group-DDC5CB68ABFD-LeaderElection3 PRE_VOTE round 0: submit vote requests at term 0 for -1: peers:[4e2b4efa-bcb4-46de-b119-545b7decf2b1|rpc:10.1.0.37:15023|admin:10.1.0.37:15022|client:10.1.0.37:15021|dataStream:10.1.0.37:15024|priority:1|startupRole:FOLLOWER, c077bb33-fcdc-4b26-85c1-b9d62aefbd7c|rpc:10.1.0.37:15014|admin:10.1.0.37:15013|client:10.1.0.37:15012|dataStream:10.1.0.37:15015|priority:0|startupRole:FOLLOWER, fdffd6d6-5a7e-48c5-a2f3-4f163f884c78|rpc:10.1.0.37:15032|admin:10.1.0.37:15031|client:10.1.0.37:15030|dataStream:10.1.0.37:15033|priority:0|startupRole:FOLLOWER]|listeners:[], old=null
2023-06-06 14:26:51,807 [c077bb33-fcdc-4b26-85c1-b9d62aefbd7c@group-DDC5CB68ABFD-LeaderElection3] INFO  server.RaftServerConfigKeys (ConfUtils.java:logFallback(53)) - raft.server.rpc.first-election.timeout.min = 5s (fallback to raft.server.rpc.timeout.min)
2023-06-06 14:26:51,807 [c077bb33-fcdc-4b26-85c1-b9d62aefbd7c@group-DDC5CB68ABFD-LeaderElection3] INFO  server.RaftServerConfigKeys (ConfUtils.java:logFallback(53)) - raft.server.rpc.first-election.timeout.max = 5200ms (fallback to raft.server.rpc.timeout.max)
2023-06-06 14:26:51,809 [c077bb33-fcdc-4b26-85c1-b9d62aefbd7c@group-DDC5CB68ABFD-LeaderElection3-1] INFO  server.GrpcServerProtocolClient (GrpcServerProtocolClient.java:<init>(65)) - Build channel for 4e2b4efa-bcb4-46de-b119-545b7decf2b1
2023-06-06 14:26:51,813 [c077bb33-fcdc-4b26-85c1-b9d62aefbd7c@group-DDC5CB68ABFD-LeaderElection3-2] INFO  server.GrpcServerProtocolClient (GrpcServerProtocolClient.java:<init>(65)) - Build channel for fdffd6d6-5a7e-48c5-a2f3-4f163f884c78
2023-06-06 14:26:51,834 [grpc-default-executor-0] INFO  server.RaftServer$Division (RaftServerImpl.java:requestVote(1302)) - 4e2b4efa-bcb4-46de-b119-545b7decf2b1@group-DDC5CB68ABFD: receive requestVote(PRE_VOTE, c077bb33-fcdc-4b26-85c1-b9d62aefbd7c, group-DDC5CB68ABFD, 0, (t:0, i:0))
2023-06-06 14:26:51,836 [grpc-default-executor-0] INFO  impl.VoteContext (VoteContext.java:log(49)) - 4e2b4efa-bcb4-46de-b119-545b7decf2b1@group-DDC5CB68ABFD-FOLLOWER: reject PRE_VOTE from c077bb33-fcdc-4b26-85c1-b9d62aefbd7c: our priority 1 > candidate's priority 0
2023-06-06 14:26:51,843 [grpc-default-executor-0] INFO  server.RaftServer$Division (RaftServerImpl.java:requestVote(1335)) - 4e2b4efa-bcb4-46de-b119-545b7decf2b1@group-DDC5CB68ABFD replies to PRE_VOTE vote request: c077bb33-fcdc-4b26-85c1-b9d62aefbd7c<-4e2b4efa-bcb4-46de-b119-545b7decf2b1#0:FAIL-t0. Peer's state: 4e2b4efa-bcb4-46de-b119-545b7decf2b1@group-DDC5CB68ABFD:t0, leader=null, voted=, raftlog=Memoized:4e2b4efa-bcb4-46de-b119-545b7decf2b1@group-DDC5CB68ABFD-SegmentedRaftLog:OPENED:c-1, conf=-1: peers:[4e2b4efa-bcb4-46de-b119-545b7decf2b1|rpc:10.1.0.37:15023|admin:10.1.0.37:15022|client:10.1.0.37:15021|dataStream:10.1.0.37:15024|priority:1|startupRole:FOLLOWER, c077bb33-fcdc-4b26-85c1-b9d62aefbd7c|rpc:10.1.0.37:15014|admin:10.1.0.37:15013|client:10.1.0.37:15012|dataStream:10.1.0.37:15015|priority:0|startupRole:FOLLOWER, fdffd6d6-5a7e-48c5-a2f3-4f163f884c78|rpc:10.1.0.37:15032|admin:10.1.0.37:15031|client:10.1.0.37:15030|dataStream:10.1.0.37:15033|priority:0|startupRole:FOLLOWER]|listeners:[], old=null
2023-06-06 14:26:51,847 [c077bb33-fcdc-4b26-85c1-b9d62aefbd7c@group-DDC5CB68ABFD-LeaderElection3] INFO  impl.LeaderElection (LeaderElection.java:logAndReturn(90)) - c077bb33-fcdc-4b26-85c1-b9d62aefbd7c@group-DDC5CB68ABFD-LeaderElection3: PRE_VOTE REJECTED received 1 response(s) and 0 exception(s):
2023-06-06 14:26:51,847 [c077bb33-fcdc-4b26-85c1-b9d62aefbd7c@group-DDC5CB68ABFD-LeaderElection3] INFO  impl.LeaderElection (LeaderElection.java:logAndReturn(94)) -   Response 0: c077bb33-fcdc-4b26-85c1-b9d62aefbd7c<-4e2b4efa-bcb4-46de-b119-545b7decf2b1#0:FAIL-t0
2023-06-06 14:26:51,847 [c077bb33-fcdc-4b26-85c1-b9d62aefbd7c@group-DDC5CB68ABFD-LeaderElection3] INFO  impl.LeaderElection (LeaderElection.java:askForVotes(323)) - c077bb33-fcdc-4b26-85c1-b9d62aefbd7c@group-DDC5CB68ABFD-LeaderElection3 PRE_VOTE round 0: result REJECTED
2023-06-06 14:26:51,848 [c077bb33-fcdc-4b26-85c1-b9d62aefbd7c@group-DDC5CB68ABFD-LeaderElection3] INFO  server.RaftServer$Division (RaftServerImpl.java:setRole(329)) - c077bb33-fcdc-4b26-85c1-b9d62aefbd7c@group-DDC5CB68ABFD: changes role from CANDIDATE to FOLLOWER at term 0 for REJECTED
2023-06-06 14:26:51,848 [c077bb33-fcdc-4b26-85c1-b9d62aefbd7c@group-DDC5CB68ABFD-LeaderElection3] INFO  impl.RoleInfo (RoleInfo.java:shutdownLeaderElection(130)) - c077bb33-fcdc-4b26-85c1-b9d62aefbd7c: shutdown c077bb33-fcdc-4b26-85c1-b9d62aefbd7c@group-DDC5CB68ABFD-LeaderElection3
2023-06-06 14:26:51,848 [c077bb33-fcdc-4b26-85c1-b9d62aefbd7c@group-DDC5CB68ABFD-LeaderElection3] INFO  impl.RoleInfo (RoleInfo.java:updateAndGet(139)) - c077bb33-fcdc-4b26-85c1-b9d62aefbd7c: start c077bb33-fcdc-4b26-85c1-b9d62aefbd7c@group-DDC5CB68ABFD-FollowerState
2023-06-06 14:26:51,854 [grpc-default-executor-1] INFO  server.RaftServer$Division (RaftServerImpl.java:requestVote(1302)) - fdffd6d6-5a7e-48c5-a2f3-4f163f884c78@group-DDC5CB68ABFD: receive requestVote(PRE_VOTE, c077bb33-fcdc-4b26-85c1-b9d62aefbd7c, group-DDC5CB68ABFD, 0, (t:0, i:0))
2023-06-06 14:26:51,855 [grpc-default-executor-1] INFO  impl.VoteContext (VoteContext.java:log(49)) - fdffd6d6-5a7e-48c5-a2f3-4f163f884c78@group-DDC5CB68ABFD-FOLLOWER: accept PRE_VOTE from c077bb33-fcdc-4b26-85c1-b9d62aefbd7c: our priority 0 <= candidate's priority 0
2023-06-06 14:26:51,857 [grpc-default-executor-1] INFO  server.RaftServer$Division (RaftServerImpl.java:requestVote(1335)) - fdffd6d6-5a7e-48c5-a2f3-4f163f884c78@group-DDC5CB68ABFD replies to PRE_VOTE vote request: c077bb33-fcdc-4b26-85c1-b9d62aefbd7c<-fdffd6d6-5a7e-48c5-a2f3-4f163f884c78#0:OK-t0. Peer's state: fdffd6d6-5a7e-48c5-a2f3-4f163f884c78@group-DDC5CB68ABFD:t0, leader=null, voted=, raftlog=Memoized:fdffd6d6-5a7e-48c5-a2f3-4f163f884c78@group-DDC5CB68ABFD-SegmentedRaftLog:OPENED:c-1, conf=-1: peers:[4e2b4efa-bcb4-46de-b119-545b7decf2b1|rpc:10.1.0.37:15023|admin:10.1.0.37:15022|client:10.1.0.37:15021|dataStream:10.1.0.37:15024|priority:1|startupRole:FOLLOWER, c077bb33-fcdc-4b26-85c1-b9d62aefbd7c|rpc:10.1.0.37:15014|admin:10.1.0.37:15013|client:10.1.0.37:15012|dataStream:10.1.0.37:15015|priority:0|startupRole:FOLLOWER, fdffd6d6-5a7e-48c5-a2f3-4f163f884c78|rpc:10.1.0.37:15032|admin:10.1.0.37:15031|client:10.1.0.37:15030|dataStream:10.1.0.37:15033|priority:0|startupRole:FOLLOWER]|listeners:[], old=null
2023-06-06 14:26:52,102 [4e2b4efa-bcb4-46de-b119-545b7decf2b1@group-DDC5CB68ABFD-FollowerState] INFO  impl.FollowerState (FollowerState.java:run(143)) - 4e2b4efa-bcb4-46de-b119-545b7decf2b1@group-DDC5CB68ABFD-FollowerState: change to CANDIDATE, lastRpcElapsedTime:5045624330ns, electionTimeout:5042ms
2023-06-06 14:26:52,102 [4e2b4efa-bcb4-46de-b119-545b7decf2b1@group-DDC5CB68ABFD-FollowerState] INFO  impl.RoleInfo (RoleInfo.java:shutdownFollowerState(110)) - 4e2b4efa-bcb4-46de-b119-545b7decf2b1: shutdown 4e2b4efa-bcb4-46de-b119-545b7decf2b1@group-DDC5CB68ABFD-FollowerState
2023-06-06 14:26:52,102 [4e2b4efa-bcb4-46de-b119-545b7decf2b1@group-DDC5CB68ABFD-FollowerState] INFO  server.RaftServer$Division (RaftServerImpl.java:setRole(329)) - 4e2b4efa-bcb4-46de-b119-545b7decf2b1@group-DDC5CB68ABFD: changes role from  FOLLOWER to CANDIDATE at term 0 for changeToCandidate
2023-06-06 14:26:52,104 [4e2b4efa-bcb4-46de-b119-545b7decf2b1@group-DDC5CB68ABFD-FollowerState] INFO  server.RaftServerConfigKeys (ConfUtils.java:logGet(46)) - raft.server.leaderelection.pre-vote = true (default)
2023-06-06 14:26:52,104 [4e2b4efa-bcb4-46de-b119-545b7decf2b1@group-DDC5CB68ABFD-FollowerState] INFO  impl.RoleInfo (RoleInfo.java:updateAndGet(139)) - 4e2b4efa-bcb4-46de-b119-545b7decf2b1: start 4e2b4efa-bcb4-46de-b119-545b7decf2b1@group-DDC5CB68ABFD-LeaderElection4
2023-06-06 14:26:52,106 [4e2b4efa-bcb4-46de-b119-545b7decf2b1@group-DDC5CB68ABFD-LeaderElection4] INFO  impl.LeaderElection (LeaderElection.java:askForVotes(321)) - 4e2b4efa-bcb4-46de-b119-545b7decf2b1@group-DDC5CB68ABFD-LeaderElection4 PRE_VOTE round 0: submit vote requests at term 0 for -1: peers:[4e2b4efa-bcb4-46de-b119-545b7decf2b1|rpc:10.1.0.37:15023|admin:10.1.0.37:15022|client:10.1.0.37:15021|dataStream:10.1.0.37:15024|priority:1|startupRole:FOLLOWER, c077bb33-fcdc-4b26-85c1-b9d62aefbd7c|rpc:10.1.0.37:15014|admin:10.1.0.37:15013|client:10.1.0.37:15012|dataStream:10.1.0.37:15015|priority:0|startupRole:FOLLOWER, fdffd6d6-5a7e-48c5-a2f3-4f163f884c78|rpc:10.1.0.37:15032|admin:10.1.0.37:15031|client:10.1.0.37:15030|dataStream:10.1.0.37:15033|priority:0|startupRole:FOLLOWER]|listeners:[], old=null
2023-06-06 14:26:52,108 [4e2b4efa-bcb4-46de-b119-545b7decf2b1@group-DDC5CB68ABFD-LeaderElection4-1] INFO  server.GrpcServerProtocolClient (GrpcServerProtocolClient.java:<init>(65)) - Build channel for c077bb33-fcdc-4b26-85c1-b9d62aefbd7c
2023-06-06 14:26:52,110 [4e2b4efa-bcb4-46de-b119-545b7decf2b1@group-DDC5CB68ABFD-LeaderElection4] INFO  server.RaftServerConfigKeys (ConfUtils.java:logFallback(53)) - raft.server.rpc.first-election.timeout.min = 5s (fallback to raft.server.rpc.timeout.min)
2023-06-06 14:26:52,114 [4e2b4efa-bcb4-46de-b119-545b7decf2b1@group-DDC5CB68ABFD-LeaderElection4] INFO  server.RaftServerConfigKeys (ConfUtils.java:logFallback(53)) - raft.server.rpc.first-election.timeout.max = 5200ms (fallback to raft.server.rpc.timeout.max)
2023-06-06 14:26:52,119 [4e2b4efa-bcb4-46de-b119-545b7decf2b1@group-DDC5CB68ABFD-LeaderElection4-2] INFO  server.GrpcServerProtocolClient (GrpcServerProtocolClient.java:<init>(65)) - Build channel for fdffd6d6-5a7e-48c5-a2f3-4f163f884c78
2023-06-06 14:26:52,122 [grpc-default-executor-1] INFO  server.RaftServer$Division (RaftServerImpl.java:requestVote(1302)) - c077bb33-fcdc-4b26-85c1-b9d62aefbd7c@group-DDC5CB68ABFD: receive requestVote(PRE_VOTE, 4e2b4efa-bcb4-46de-b119-545b7decf2b1, group-DDC5CB68ABFD, 0, (t:0, i:0))
2023-06-06 14:26:52,123 [grpc-default-executor-1] INFO  impl.VoteContext (VoteContext.java:log(49)) - c077bb33-fcdc-4b26-85c1-b9d62aefbd7c@group-DDC5CB68ABFD-FOLLOWER: accept PRE_VOTE from 4e2b4efa-bcb4-46de-b119-545b7decf2b1: our priority 0 <= candidate's priority 1
2023-06-06 14:26:52,123 [grpc-default-executor-1] INFO  server.RaftServer$Division (RaftServerImpl.java:requestVote(1335)) - c077bb33-fcdc-4b26-85c1-b9d62aefbd7c@group-DDC5CB68ABFD replies to PRE_VOTE vote request: 4e2b4efa-bcb4-46de-b119-545b7decf2b1<-c077bb33-fcdc-4b26-85c1-b9d62aefbd7c#0:OK-t0. Peer's state: c077bb33-fcdc-4b26-85c1-b9d62aefbd7c@group-DDC5CB68ABFD:t0, leader=null, voted=, raftlog=Memoized:c077bb33-fcdc-4b26-85c1-b9d62aefbd7c@group-DDC5CB68ABFD-SegmentedRaftLog:OPENED:c-1, conf=-1: peers:[4e2b4efa-bcb4-46de-b119-545b7decf2b1|rpc:10.1.0.37:15023|admin:10.1.0.37:15022|client:10.1.0.37:15021|dataStream:10.1.0.37:15024|priority:1|startupRole:FOLLOWER, c077bb33-fcdc-4b26-85c1-b9d62aefbd7c|rpc:10.1.0.37:15014|admin:10.1.0.37:15013|client:10.1.0.37:15012|dataStream:10.1.0.37:15015|priority:0|startupRole:FOLLOWER, fdffd6d6-5a7e-48c5-a2f3-4f163f884c78|rpc:10.1.0.37:15032|admin:10.1.0.37:15031|client:10.1.0.37:15030|dataStream:10.1.0.37:15033|priority:0|startupRole:FOLLOWER]|listeners:[], old=null
2023-06-06 14:26:52,126 [4e2b4efa-bcb4-46de-b119-545b7decf2b1@group-DDC5CB68ABFD-LeaderElection4] INFO  impl.LeaderElection (LeaderElection.java:logAndReturn(90)) - 4e2b4efa-bcb4-46de-b119-545b7decf2b1@group-DDC5CB68ABFD-LeaderElection4: PRE_VOTE PASSED received 1 response(s) and 0 exception(s):
2023-06-06 14:26:52,126 [4e2b4efa-bcb4-46de-b119-545b7decf2b1@group-DDC5CB68ABFD-LeaderElection4] INFO  impl.LeaderElection (LeaderElection.java:logAndReturn(94)) -   Response 0: 4e2b4efa-bcb4-46de-b119-545b7decf2b1<-c077bb33-fcdc-4b26-85c1-b9d62aefbd7c#0:OK-t0
2023-06-06 14:26:52,126 [4e2b4efa-bcb4-46de-b119-545b7decf2b1@group-DDC5CB68ABFD-LeaderElection4] INFO  impl.LeaderElection (LeaderElection.java:askForVotes(323)) - 4e2b4efa-bcb4-46de-b119-545b7decf2b1@group-DDC5CB68ABFD-LeaderElection4 PRE_VOTE round 0: result PASSED
2023-06-06 14:26:52,128 [4e2b4efa-bcb4-46de-b119-545b7decf2b1@group-DDC5CB68ABFD-LeaderElection4] INFO  impl.LeaderElection (LeaderElection.java:askForVotes(321)) - 4e2b4efa-bcb4-46de-b119-545b7decf2b1@group-DDC5CB68ABFD-LeaderElection4 ELECTION round 0: submit vote requests at term 1 for -1: peers:[4e2b4efa-bcb4-46de-b119-545b7decf2b1|rpc:10.1.0.37:15023|admin:10.1.0.37:15022|client:10.1.0.37:15021|dataStream:10.1.0.37:15024|priority:1|startupRole:FOLLOWER, c077bb33-fcdc-4b26-85c1-b9d62aefbd7c|rpc:10.1.0.37:15014|admin:10.1.0.37:15013|client:10.1.0.37:15012|dataStream:10.1.0.37:15015|priority:0|startupRole:FOLLOWER, fdffd6d6-5a7e-48c5-a2f3-4f163f884c78|rpc:10.1.0.37:15032|admin:10.1.0.37:15031|client:10.1.0.37:15030|dataStream:10.1.0.37:15033|priority:0|startupRole:FOLLOWER]|listeners:[], old=null
2023-06-06 14:26:52,132 [4e2b4efa-bcb4-46de-b119-545b7decf2b1@group-9F8053CB28CC-FollowerState] INFO  impl.FollowerState (FollowerState.java:run(143)) - 4e2b4efa-bcb4-46de-b119-545b7decf2b1@group-9F8053CB28CC-FollowerState: change to CANDIDATE, lastRpcElapsedTime:5052427416ns, electionTimeout:5039ms
2023-06-06 14:26:52,139 [4e2b4efa-bcb4-46de-b119-545b7decf2b1@group-9F8053CB28CC-FollowerState] INFO  impl.RoleInfo (RoleInfo.java:shutdownFollowerState(110)) - 4e2b4efa-bcb4-46de-b119-545b7decf2b1: shutdown 4e2b4efa-bcb4-46de-b119-545b7decf2b1@group-9F8053CB28CC-FollowerState
2023-06-06 14:26:52,139 [4e2b4efa-bcb4-46de-b119-545b7decf2b1@group-9F8053CB28CC-FollowerState] INFO  server.RaftServer$Division (RaftServerImpl.java:setRole(329)) - 4e2b4efa-bcb4-46de-b119-545b7decf2b1@group-9F8053CB28CC: changes role from  FOLLOWER to CANDIDATE at term 0 for changeToCandidate
2023-06-06 14:26:52,139 [4e2b4efa-bcb4-46de-b119-545b7decf2b1@group-9F8053CB28CC-FollowerState] INFO  server.RaftServerConfigKeys (ConfUtils.java:logGet(46)) - raft.server.leaderelection.pre-vote = true (default)
2023-06-06 14:26:52,139 [4e2b4efa-bcb4-46de-b119-545b7decf2b1@group-9F8053CB28CC-FollowerState] INFO  impl.RoleInfo (RoleInfo.java:updateAndGet(139)) - 4e2b4efa-bcb4-46de-b119-545b7decf2b1: start 4e2b4efa-bcb4-46de-b119-545b7decf2b1@group-9F8053CB28CC-LeaderElection5
2023-06-06 14:26:52,140 [4e2b4efa-bcb4-46de-b119-545b7decf2b1@group-DDC5CB68ABFD-LeaderElection4] INFO  server.RaftServerConfigKeys (ConfUtils.java:logFallback(53)) - raft.server.rpc.first-election.timeout.min = 5s (fallback to raft.server.rpc.timeout.min)
2023-06-06 14:26:52,146 [4e2b4efa-bcb4-46de-b119-545b7decf2b1@group-DDC5CB68ABFD-LeaderElection4] INFO  server.RaftServerConfigKeys (ConfUtils.java:logFallback(53)) - raft.server.rpc.first-election.timeout.max = 5200ms (fallback to raft.server.rpc.timeout.max)
2023-06-06 14:26:52,146 [4e2b4efa-bcb4-46de-b119-545b7decf2b1@group-9F8053CB28CC-LeaderElection5] INFO  impl.LeaderElection (LeaderElection.java:askForVotes(321)) - 4e2b4efa-bcb4-46de-b119-545b7decf2b1@group-9F8053CB28CC-LeaderElection5 PRE_VOTE round 0: submit vote requests at term 0 for -1: peers:[4e2b4efa-bcb4-46de-b119-545b7decf2b1|rpc:10.1.0.37:15023|admin:10.1.0.37:15022|client:10.1.0.37:15021|dataStream:10.1.0.37:15024|priority:1|startupRole:FOLLOWER]|listeners:[], old=null
2023-06-06 14:26:52,146 [4e2b4efa-bcb4-46de-b119-545b7decf2b1@group-9F8053CB28CC-LeaderElection5] INFO  impl.LeaderElection (LeaderElection.java:askForVotes(323)) - 4e2b4efa-bcb4-46de-b119-545b7decf2b1@group-9F8053CB28CC-LeaderElection5 PRE_VOTE round 0: result PASSED (term=0)
2023-06-06 14:26:52,150 [grpc-default-executor-1] INFO  server.RaftServer$Division (RaftServerImpl.java:requestVote(1302)) - c077bb33-fcdc-4b26-85c1-b9d62aefbd7c@group-DDC5CB68ABFD: receive requestVote(ELECTION, 4e2b4efa-bcb4-46de-b119-545b7decf2b1, group-DDC5CB68ABFD, 1, (t:0, i:0))
2023-06-06 14:26:52,150 [grpc-default-executor-0] INFO  server.RaftServer$Division (RaftServerImpl.java:requestVote(1302)) - fdffd6d6-5a7e-48c5-a2f3-4f163f884c78@group-DDC5CB68ABFD: receive requestVote(PRE_VOTE, 4e2b4efa-bcb4-46de-b119-545b7decf2b1, group-DDC5CB68ABFD, 0, (t:0, i:0))
2023-06-06 14:26:52,150 [grpc-default-executor-1] INFO  impl.VoteContext (VoteContext.java:log(49)) - c077bb33-fcdc-4b26-85c1-b9d62aefbd7c@group-DDC5CB68ABFD-FOLLOWER: accept ELECTION from 4e2b4efa-bcb4-46de-b119-545b7decf2b1: our priority 0 <= candidate's priority 1
2023-06-06 14:26:52,151 [grpc-default-executor-1] INFO  server.RaftServer$Division (RaftServerImpl.java:setRole(329)) - c077bb33-fcdc-4b26-85c1-b9d62aefbd7c@group-DDC5CB68ABFD: changes role from  FOLLOWER to FOLLOWER at term 1 for candidate:4e2b4efa-bcb4-46de-b119-545b7decf2b1
2023-06-06 14:26:52,151 [grpc-default-executor-1] INFO  impl.RoleInfo (RoleInfo.java:shutdownFollowerState(110)) - c077bb33-fcdc-4b26-85c1-b9d62aefbd7c: shutdown c077bb33-fcdc-4b26-85c1-b9d62aefbd7c@group-DDC5CB68ABFD-FollowerState
2023-06-06 14:26:52,151 [grpc-default-executor-1] INFO  impl.RoleInfo (RoleInfo.java:updateAndGet(139)) - c077bb33-fcdc-4b26-85c1-b9d62aefbd7c: start c077bb33-fcdc-4b26-85c1-b9d62aefbd7c@group-DDC5CB68ABFD-FollowerState
2023-06-06 14:26:52,151 [c077bb33-fcdc-4b26-85c1-b9d62aefbd7c@group-DDC5CB68ABFD-FollowerState] INFO  impl.FollowerState (FollowerState.java:run(152)) - c077bb33-fcdc-4b26-85c1-b9d62aefbd7c@group-DDC5CB68ABFD-FollowerState was interrupted
2023-06-06 14:26:52,152 [grpc-default-executor-1] INFO  server.RaftServer$Division (RaftServerImpl.java:requestVote(1335)) - c077bb33-fcdc-4b26-85c1-b9d62aefbd7c@group-DDC5CB68ABFD replies to ELECTION vote request: 4e2b4efa-bcb4-46de-b119-545b7decf2b1<-c077bb33-fcdc-4b26-85c1-b9d62aefbd7c#0:OK-t1. Peer's state: c077bb33-fcdc-4b26-85c1-b9d62aefbd7c@group-DDC5CB68ABFD:t1, leader=null, voted=4e2b4efa-bcb4-46de-b119-545b7decf2b1, raftlog=Memoized:c077bb33-fcdc-4b26-85c1-b9d62aefbd7c@group-DDC5CB68ABFD-SegmentedRaftLog:OPENED:c-1, conf=-1: peers:[4e2b4efa-bcb4-46de-b119-545b7decf2b1|rpc:10.1.0.37:15023|admin:10.1.0.37:15022|client:10.1.0.37:15021|dataStream:10.1.0.37:15024|priority:1|startupRole:FOLLOWER, c077bb33-fcdc-4b26-85c1-b9d62aefbd7c|rpc:10.1.0.37:15014|admin:10.1.0.37:15013|client:10.1.0.37:15012|dataStream:10.1.0.37:15015|priority:0|startupRole:FOLLOWER, fdffd6d6-5a7e-48c5-a2f3-4f163f884c78|rpc:10.1.0.37:15032|admin:10.1.0.37:15031|client:10.1.0.37:15030|dataStream:10.1.0.37:15033|priority:0|startupRole:FOLLOWER]|listeners:[], old=null
2023-06-06 14:26:52,154 [4e2b4efa-bcb4-46de-b119-545b7decf2b1@group-DDC5CB68ABFD-LeaderElection4] INFO  impl.LeaderElection (LeaderElection.java:logAndReturn(90)) - 4e2b4efa-bcb4-46de-b119-545b7decf2b1@group-DDC5CB68ABFD-LeaderElection4: ELECTION PASSED received 1 response(s) and 0 exception(s):
2023-06-06 14:26:52,154 [4e2b4efa-bcb4-46de-b119-545b7decf2b1@group-DDC5CB68ABFD-LeaderElection4] INFO  impl.LeaderElection (LeaderElection.java:logAndReturn(94)) -   Response 0: 4e2b4efa-bcb4-46de-b119-545b7decf2b1<-c077bb33-fcdc-4b26-85c1-b9d62aefbd7c#0:OK-t1
2023-06-06 14:26:52,154 [4e2b4efa-bcb4-46de-b119-545b7decf2b1@group-DDC5CB68ABFD-LeaderElection4] INFO  impl.LeaderElection (LeaderElection.java:askForVotes(323)) - 4e2b4efa-bcb4-46de-b119-545b7decf2b1@group-DDC5CB68ABFD-LeaderElection4 ELECTION round 0: result PASSED
2023-06-06 14:26:52,154 [4e2b4efa-bcb4-46de-b119-545b7decf2b1@group-DDC5CB68ABFD-LeaderElection4] INFO  impl.RoleInfo (RoleInfo.java:shutdownLeaderElection(130)) - 4e2b4efa-bcb4-46de-b119-545b7decf2b1: shutdown 4e2b4efa-bcb4-46de-b119-545b7decf2b1@group-DDC5CB68ABFD-LeaderElection4
2023-06-06 14:26:52,154 [4e2b4efa-bcb4-46de-b119-545b7decf2b1@group-DDC5CB68ABFD-LeaderElection4] INFO  server.RaftServer$Division (RaftServerImpl.java:setRole(329)) - 4e2b4efa-bcb4-46de-b119-545b7decf2b1@group-DDC5CB68ABFD: changes role from CANDIDATE to LEADER at term 1 for changeToLeader
2023-06-06 14:26:52,154 [4e2b4efa-bcb4-46de-b119-545b7decf2b1@group-DDC5CB68ABFD-LeaderElection4] INFO  ratis.XceiverServerRatis (XceiverServerRatis.java:handleLeaderChangedNotification(902)) - Leader change notification received for group: group-DDC5CB68ABFD with new leaderId: 4e2b4efa-bcb4-46de-b119-545b7decf2b1
2023-06-06 14:26:52,154 [4e2b4efa-bcb4-46de-b119-545b7decf2b1@group-DDC5CB68ABFD-LeaderElection4] INFO  server.RaftServer$Division (ServerState.java:setLeader(317)) - 4e2b4efa-bcb4-46de-b119-545b7decf2b1@group-DDC5CB68ABFD: change Leader from null to 4e2b4efa-bcb4-46de-b119-545b7decf2b1 at term 1 for becomeLeader, leader elected after 5141ms
2023-06-06 14:26:52,154 [4e2b4efa-bcb4-46de-b119-545b7decf2b1@group-DDC5CB68ABFD-LeaderElection4] INFO  server.RaftServerConfigKeys (ConfUtils.java:logGet(46)) - raft.server.staging.catchup.gap = 1000 (default)
2023-06-06 14:26:52,154 [4e2b4efa-bcb4-46de-b119-545b7decf2b1@group-DDC5CB68ABFD-LeaderElection4] INFO  server.RaftServerConfigKeys (ConfUtils.java:logGet(46)) - raft.server.write.element-limit = 1024 (custom)
2023-06-06 14:26:52,154 [4e2b4efa-bcb4-46de-b119-545b7decf2b1@group-DDC5CB68ABFD-LeaderElection4] INFO  server.RaftServerConfigKeys (ConfUtils.java:logGet(46)) - raft.server.write.byte-limit = 1024 M (=1073741824) (custom)
2023-06-06 14:26:52,155 [4e2b4efa-bcb4-46de-b119-545b7decf2b1@group-DDC5CB68ABFD-LeaderElection4] INFO  server.RaftServerConfigKeys (ConfUtils.java:logGet(46)) - raft.server.watch.timeout = 180s (custom)
2023-06-06 14:26:52,155 [4e2b4efa-bcb4-46de-b119-545b7decf2b1@group-DDC5CB68ABFD-LeaderElection4] INFO  server.RaftServerConfigKeys (ConfUtils.java:logGet(46)) - raft.server.watch.timeout.denomination = 1s (default)
2023-06-06 14:26:52,155 [4e2b4efa-bcb4-46de-b119-545b7decf2b1@group-DDC5CB68ABFD-LeaderElection4] INFO  server.RaftServerConfigKeys (ConfUtils.java:logGet(46)) - raft.server.watch.element-limit = 65536 (default)
2023-06-06 14:26:52,155 [4e2b4efa-bcb4-46de-b119-545b7decf2b1@group-DDC5CB68ABFD-LeaderElection4] INFO  server.RaftServerConfigKeys (ConfUtils.java:logGet(46)) - raft.server.write.element-limit = 1024 (custom)
2023-06-06 14:26:52,155 [4e2b4efa-bcb4-46de-b119-545b7decf2b1@group-DDC5CB68ABFD-LeaderElection4] INFO  server.RaftServerConfigKeys (ConfUtils.java:logGet(46)) - raft.server.write.follower.gap.ratio.max = -1.0 (default)
2023-06-06 14:26:52,155 [4e2b4efa-bcb4-46de-b119-545b7decf2b1@group-9F8053CB28CC-LeaderElection5] INFO  impl.LeaderElection (LeaderElection.java:askForVotes(321)) - 4e2b4efa-bcb4-46de-b119-545b7decf2b1@group-9F8053CB28CC-LeaderElection5 ELECTION round 0: submit vote requests at term 1 for -1: peers:[4e2b4efa-bcb4-46de-b119-545b7decf2b1|rpc:10.1.0.37:15023|admin:10.1.0.37:15022|client:10.1.0.37:15021|dataStream:10.1.0.37:15024|priority:1|startupRole:FOLLOWER]|listeners:[], old=null
2023-06-06 14:26:52,164 [grpc-default-executor-0] INFO  impl.VoteContext (VoteContext.java:log(49)) - fdffd6d6-5a7e-48c5-a2f3-4f163f884c78@group-DDC5CB68ABFD-FOLLOWER: accept PRE_VOTE from 4e2b4efa-bcb4-46de-b119-545b7decf2b1: our priority 0 <= candidate's priority 1
2023-06-06 14:26:52,164 [grpc-default-executor-0] INFO  server.RaftServer$Division (RaftServerImpl.java:requestVote(1335)) - fdffd6d6-5a7e-48c5-a2f3-4f163f884c78@group-DDC5CB68ABFD replies to PRE_VOTE vote request: 4e2b4efa-bcb4-46de-b119-545b7decf2b1<-fdffd6d6-5a7e-48c5-a2f3-4f163f884c78#0:OK-t0. Peer's state: fdffd6d6-5a7e-48c5-a2f3-4f163f884c78@group-DDC5CB68ABFD:t0, leader=null, voted=, raftlog=Memoized:fdffd6d6-5a7e-48c5-a2f3-4f163f884c78@group-DDC5CB68ABFD-SegmentedRaftLog:OPENED:c-1, conf=-1: peers:[4e2b4efa-bcb4-46de-b119-545b7decf2b1|rpc:10.1.0.37:15023|admin:10.1.0.37:15022|client:10.1.0.37:15021|dataStream:10.1.0.37:15024|priority:1|startupRole:FOLLOWER, c077bb33-fcdc-4b26-85c1-b9d62aefbd7c|rpc:10.1.0.37:15014|admin:10.1.0.37:15013|client:10.1.0.37:15012|dataStream:10.1.0.37:15015|priority:0|startupRole:FOLLOWER, fdffd6d6-5a7e-48c5-a2f3-4f163f884c78|rpc:10.1.0.37:15032|admin:10.1.0.37:15031|client:10.1.0.37:15030|dataStream:10.1.0.37:15033|priority:0|startupRole:FOLLOWER]|listeners:[], old=null
2023-06-06 14:26:52,164 [grpc-default-executor-2] INFO  server.RaftServer$Division (RaftServerImpl.java:requestVote(1302)) - fdffd6d6-5a7e-48c5-a2f3-4f163f884c78@group-DDC5CB68ABFD: receive requestVote(ELECTION, 4e2b4efa-bcb4-46de-b119-545b7decf2b1, group-DDC5CB68ABFD, 1, (t:0, i:0))
2023-06-06 14:26:52,157 [EventQueue-OpenPipelineForHealthyPipelineSafeModeRule] INFO  safemode.SCMSafeModeManager (HealthyPipelineSafeModeRule.java:process(137)) - SCM in safe mode. Healthy pipelines reported count is 0, required healthy pipeline reported count is 1
2023-06-06 14:26:52,157 [EventQueue-PipelineReportForPipelineReportHandler] INFO  pipeline.PipelineManagerImpl (PipelineManagerImpl.java:openPipeline(367)) - Pipeline Pipeline[ Id: ffa600fa-e326-4402-8143-ddc5cb68abfd, Nodes: c077bb33-fcdc-4b26-85c1-b9d62aefbd7c(fv-az1133-973.qlb2sqfkji0uhjsjdnlwzcsdwg.bx.internal.cloudapp.net/10.1.0.37)4e2b4efa-bcb4-46de-b119-545b7decf2b1(fv-az1133-973.qlb2sqfkji0uhjsjdnlwzcsdwg.bx.internal.cloudapp.net/10.1.0.37)fdffd6d6-5a7e-48c5-a2f3-4f163f884c78(fv-az1133-973.qlb2sqfkji0uhjsjdnlwzcsdwg.bx.internal.cloudapp.net/10.1.0.37), ReplicationConfig: RATIS/THREE, State:ALLOCATED, leaderId:4e2b4efa-bcb4-46de-b119-545b7decf2b1, CreationTimestamp2023-06-06T14:26:44.306Z[Etc/UTC]] moved to OPEN state
2023-06-06 14:26:52,164 [grpc-default-executor-2] INFO  impl.VoteContext (VoteContext.java:log(49)) - fdffd6d6-5a7e-48c5-a2f3-4f163f884c78@group-DDC5CB68ABFD-FOLLOWER: accept ELECTION from 4e2b4efa-bcb4-46de-b119-545b7decf2b1: our priority 0 <= candidate's priority 1
2023-06-06 14:26:52,164 [4e2b4efa-bcb4-46de-b119-545b7decf2b1@group-9F8053CB28CC-LeaderElection5] INFO  impl.LeaderElection (LeaderElection.java:askForVotes(323)) - 4e2b4efa-bcb4-46de-b119-545b7decf2b1@group-9F8053CB28CC-LeaderElection5 ELECTION round 0: result PASSED (term=1)
2023-06-06 14:26:52,167 [EventQueue-OpenPipelineForHealthyPipelineSafeModeRule] INFO  safemode.SCMSafeModeManager (HealthyPipelineSafeModeRule.java:process(137)) - SCM in safe mode. Healthy pipelines reported count is 1, required healthy pipeline reported count is 1
2023-06-06 14:26:52,166 [grpc-default-executor-2] INFO  server.RaftServer$Division (RaftServerImpl.java:setRole(329)) - fdffd6d6-5a7e-48c5-a2f3-4f163f884c78@group-DDC5CB68ABFD: changes role from  FOLLOWER to FOLLOWER at term 1 for candidate:4e2b4efa-bcb4-46de-b119-545b7decf2b1
2023-06-06 14:26:52,168 [EventQueue-OpenPipelineForHealthyPipelineSafeModeRule] INFO  safemode.SCMSafeModeManager (SCMSafeModeManager.java:validateSafeModeExitRules(200)) - HealthyPipelineSafeModeRule rule is successfully validated
2023-06-06 14:26:52,168 [4e2b4efa-bcb4-46de-b119-545b7decf2b1@group-9F8053CB28CC-LeaderElection5] INFO  impl.RoleInfo (RoleInfo.java:shutdownLeaderElection(130)) - 4e2b4efa-bcb4-46de-b119-545b7decf2b1: shutdown 4e2b4efa-bcb4-46de-b119-545b7decf2b1@group-9F8053CB28CC-LeaderElection5
2023-06-06 14:26:52,169 [EventQueue-OpenPipelineForHealthyPipelineSafeModeRule] INFO  safemode.SCMSafeModeManager (SCMSafeModeManager.java:validateSafeModeExitRules(215)) - ScmSafeModeManager, all rules are successfully validated
2023-06-06 14:26:52,169 [4e2b4efa-bcb4-46de-b119-545b7decf2b1@group-9F8053CB28CC-LeaderElection5] INFO  server.RaftServer$Division (RaftServerImpl.java:setRole(329)) - 4e2b4efa-bcb4-46de-b119-545b7decf2b1@group-9F8053CB28CC: changes role from CANDIDATE to LEADER at term 1 for changeToLeader
2023-06-06 14:26:52,169 [4e2b4efa-bcb4-46de-b119-545b7decf2b1@group-9F8053CB28CC-LeaderElection5] INFO  ratis.XceiverServerRatis (XceiverServerRatis.java:handleLeaderChangedNotification(902)) - Leader change notification received for group: group-9F8053CB28CC with new leaderId: 4e2b4efa-bcb4-46de-b119-545b7decf2b1
2023-06-06 14:26:52,169 [4e2b4efa-bcb4-46de-b119-545b7decf2b1@group-9F8053CB28CC-LeaderElection5] INFO  server.RaftServer$Division (ServerState.java:setLeader(317)) - 4e2b4efa-bcb4-46de-b119-545b7decf2b1@group-9F8053CB28CC: change Leader from null to 4e2b4efa-bcb4-46de-b119-545b7decf2b1 at term 1 for becomeLeader, leader elected after 5148ms
2023-06-06 14:26:52,169 [4e2b4efa-bcb4-46de-b119-545b7decf2b1@group-9F8053CB28CC-LeaderElection5] INFO  server.RaftServerConfigKeys (ConfUtils.java:logGet(46)) - raft.server.staging.catchup.gap = 1000 (default)
2023-06-06 14:26:52,169 [grpc-default-executor-2] INFO  impl.RoleInfo (RoleInfo.java:shutdownFollowerState(110)) - fdffd6d6-5a7e-48c5-a2f3-4f163f884c78: shutdown fdffd6d6-5a7e-48c5-a2f3-4f163f884c78@group-DDC5CB68ABFD-FollowerState
2023-06-06 14:26:52,169 [fdffd6d6-5a7e-48c5-a2f3-4f163f884c78@group-DDC5CB68ABFD-FollowerState] INFO  impl.FollowerState (FollowerState.java:run(152)) - fdffd6d6-5a7e-48c5-a2f3-4f163f884c78@group-DDC5CB68ABFD-FollowerState was interrupted
2023-06-06 14:26:52,169 [EventQueue-OpenPipelineForHealthyPipelineSafeModeRule] INFO  safemode.SCMSafeModeManager (SCMSafeModeManager.java:exitSafeMode(244)) - SCM exiting safe mode.
2023-06-06 14:26:52,171 [EventQueue-OpenPipelineForHealthyPipelineSafeModeRule] INFO  ha.SCMContext (SCMContext.java:updateSafeModeStatus(228)) - Update SafeModeStatus from SafeModeStatus{safeModeStatus=true, preCheckPassed=true} to SafeModeStatus{safeModeStatus=false, preCheckPassed=true}.
2023-06-06 14:26:52,171 [EventQueue-OpenPipelineForHealthyPipelineSafeModeRule] INFO  pipeline.BackgroundPipelineCreator (BackgroundPipelineCreator.java:notifyStatusChanged(254)) - Service BackgroundPipelineCreator transitions to RUNNING.
2023-06-06 14:26:52,171 [EventQueue-OpenPipelineForHealthyPipelineSafeModeRule] INFO  BackgroundPipelineScrubber (BackgroundSCMService.java:notifyStatusChanged(82)) - Service BackgroundPipelineScrubber transitions to RUNNING.
2023-06-06 14:26:52,171 [EventQueue-OpenPipelineForHealthyPipelineSafeModeRule] INFO  ExpiredContainerReplicaOpScrubber (BackgroundSCMService.java:notifyStatusChanged(82)) - Service ExpiredContainerReplicaOpScrubber transitions to RUNNING.
2023-06-06 14:26:52,171 [EventQueue-OpenPipelineForHealthyPipelineSafeModeRule] INFO  replication.ReplicationManager (ReplicationManager.java:notifyStatusChanged(1369)) - Service ReplicationManager transitions to RUNNING.
2023-06-06 14:26:52,173 [4e2b4efa-bcb4-46de-b119-545b7decf2b1@group-DDC5CB68ABFD-LeaderElection4] INFO  server.RaftServerConfigKeys (ConfUtils.java:logGet(46)) - raft.server.log.appender.snapshot.chunk.size.max = 16MB (=16777216) (default)
2023-06-06 14:26:52,174 [4e2b4efa-bcb4-46de-b119-545b7decf2b1@group-DDC5CB68ABFD-LeaderElection4] INFO  server.RaftServerConfigKeys (ConfUtils.java:logGet(46)) - raft.server.log.appender.buffer.byte-limit = 33554432 (custom)
2023-06-06 14:26:52,175 [4e2b4efa-bcb4-46de-b119-545b7decf2b1@group-DDC5CB68ABFD-LeaderElection4] INFO  server.RaftServerConfigKeys (ConfUtils.java:logGet(46)) - raft.server.log.appender.buffer.element-limit = 1 (custom)
2023-06-06 14:26:52,176 [EventQueue-OpenPipelineForHealthyPipelineSafeModeRule] WARN  balancer.ContainerBalancer (ContainerBalancer.java:shouldRun(135)) - Could not find persisted configuration for ContainerBalancer when checking if ContainerBalancer should run. ContainerBalancer should not run now.
2023-06-06 14:26:52,176 [EventQueue-PipelineReportForOneReplicaPipelineSafeModeRule] INFO  safemode.SCMSafeModeManager (SCMSafeModeManager.java:validateSafeModeExitRules(215)) - ScmSafeModeManager, all rules are successfully validated
2023-06-06 14:26:52,176 [EventQueue-PipelineReportForOneReplicaPipelineSafeModeRule] INFO  safemode.SCMSafeModeManager (SCMSafeModeManager.java:exitSafeMode(244)) - SCM exiting safe mode.
2023-06-06 14:26:52,176 [EventQueue-PipelineReportForOneReplicaPipelineSafeModeRule] INFO  ha.SCMContext (SCMContext.java:updateSafeModeStatus(228)) - Update SafeModeStatus from SafeModeStatus{safeModeStatus=false, preCheckPassed=true} to SafeModeStatus{safeModeStatus=false, preCheckPassed=true}.
2023-06-06 14:26:52,176 [EventQueue-PipelineReportForOneReplicaPipelineSafeModeRule] WARN  balancer.ContainerBalancer (ContainerBalancer.java:shouldRun(135)) - Could not find persisted configuration for ContainerBalancer when checking if ContainerBalancer should run. ContainerBalancer should not run now.
2023-06-06 14:26:52,179 [4e2b4efa-bcb4-46de-b119-545b7decf2b1@group-9F8053CB28CC-LeaderElection5] INFO  server.RaftServerConfigKeys (ConfUtils.java:logGet(46)) - raft.server.write.element-limit = 1024 (custom)
2023-06-06 14:26:52,179 [4e2b4efa-bcb4-46de-b119-545b7decf2b1@group-9F8053CB28CC-LeaderElection5] INFO  server.RaftServerConfigKeys (ConfUtils.java:logGet(46)) - raft.server.write.byte-limit = 1024 M (=1073741824) (custom)
2023-06-06 14:26:52,179 [4e2b4efa-bcb4-46de-b119-545b7decf2b1@group-9F8053CB28CC-LeaderElection5] INFO  server.RaftServerConfigKeys (ConfUtils.java:logGet(46)) - raft.server.watch.timeout = 180s (custom)
2023-06-06 14:26:52,179 [4e2b4efa-bcb4-46de-b119-545b7decf2b1@group-9F8053CB28CC-LeaderElection5] INFO  server.RaftServerConfigKeys (ConfUtils.java:logGet(46)) - raft.server.watch.timeout.denomination = 1s (default)
2023-06-06 14:26:52,179 [4e2b4efa-bcb4-46de-b119-545b7decf2b1@group-9F8053CB28CC-LeaderElection5] INFO  server.RaftServerConfigKeys (ConfUtils.java:logGet(46)) - raft.server.watch.element-limit = 65536 (default)
2023-06-06 14:26:52,179 [4e2b4efa-bcb4-46de-b119-545b7decf2b1@group-9F8053CB28CC-LeaderElection5] INFO  server.RaftServerConfigKeys (ConfUtils.java:logGet(46)) - raft.server.write.element-limit = 1024 (custom)
2023-06-06 14:26:52,179 [4e2b4efa-bcb4-46de-b119-545b7decf2b1@group-9F8053CB28CC-LeaderElection5] INFO  server.RaftServerConfigKeys (ConfUtils.java:logGet(46)) - raft.server.write.follower.gap.ratio.max = -1.0 (default)
2023-06-06 14:26:52,180 [4e2b4efa-bcb4-46de-b119-545b7decf2b1@group-9F8053CB28CC-LeaderElection5] INFO  impl.RoleInfo (RoleInfo.java:updateAndGet(139)) - 4e2b4efa-bcb4-46de-b119-545b7decf2b1: start 4e2b4efa-bcb4-46de-b119-545b7decf2b1@group-9F8053CB28CC-LeaderStateImpl
2023-06-06 14:26:52,180 [4e2b4efa-bcb4-46de-b119-545b7decf2b1@group-9F8053CB28CC-LeaderElection5] INFO  segmented.SegmentedRaftLogWorker (SegmentedRaftLogWorker.java:startLogSegment(447)) - 4e2b4efa-bcb4-46de-b119-545b7decf2b1@group-9F8053CB28CC-SegmentedRaftLogWorker: Starting segment from index:0
2023-06-06 14:26:52,181 [4e2b4efa-bcb4-46de-b119-545b7decf2b1@group-9F8053CB28CC-SegmentedRaftLogWorker] INFO  segmented.SegmentedRaftLogWorker (SegmentedRaftLogWorker.java:execute(651)) - 4e2b4efa-bcb4-46de-b119-545b7decf2b1@group-9F8053CB28CC-SegmentedRaftLogWorker: created new log segment /home/runner/work/ozone/ozone/hadoop-ozone/integration-test/target/test-dir/MiniOzoneClusterImpl-27950e3c-5885-4478-a852-34ee2aeb73f6/datanode-1/data/ratis/472dbade-761e-448d-b7b1-9f8053cb28cc/current/log_inprogress_0
2023-06-06 14:26:52,186 [4e2b4efa-bcb4-46de-b119-545b7decf2b1@group-9F8053CB28CC-LeaderElection5] INFO  server.RaftServer$Division (ServerState.java:setRaftConf(434)) - 4e2b4efa-bcb4-46de-b119-545b7decf2b1@group-9F8053CB28CC: set configuration 0: peers:[4e2b4efa-bcb4-46de-b119-545b7decf2b1|rpc:10.1.0.37:15023|admin:10.1.0.37:15022|client:10.1.0.37:15021|dataStream:10.1.0.37:15024|priority:1|startupRole:FOLLOWER]|listeners:[], old=null
2023-06-06 14:26:52,187 [4e2b4efa-bcb4-46de-b119-545b7decf2b1@group-DDC5CB68ABFD-LeaderElection4] INFO  server.RaftServerConfigKeys (ConfUtils.java:logGet(46)) - raft.server.log.appender.wait-time.min = 10ms (default)
2023-06-06 14:26:52,189 [4e2b4efa-bcb4-46de-b119-545b7decf2b1@group-DDC5CB68ABFD-LeaderElection4] INFO  grpc.GrpcConfigKeys (ConfUtils.java:logGet(46)) - raft.grpc.server.leader.outstanding.appends.max = 128 (default)
2023-06-06 14:26:52,189 [4e2b4efa-bcb4-46de-b119-545b7decf2b1@group-DDC5CB68ABFD-LeaderElection4] INFO  server.RaftServerConfigKeys (ConfUtils.java:logGet(46)) - raft.server.rpc.request.timeout = 60s (custom)
2023-06-06 14:26:52,189 [grpc-default-executor-2] INFO  impl.RoleInfo (RoleInfo.java:updateAndGet(139)) - fdffd6d6-5a7e-48c5-a2f3-4f163f884c78: start fdffd6d6-5a7e-48c5-a2f3-4f163f884c78@group-DDC5CB68ABFD-FollowerState
2023-06-06 14:26:52,190 [4e2b4efa-bcb4-46de-b119-545b7decf2b1@group-DDC5CB68ABFD-LeaderElection4] INFO  grpc.GrpcConfigKeys (ConfUtils.java:logGet(46)) - raft.grpc.server.install_snapshot.request.element-limit = 8 (default)
2023-06-06 14:26:52,190 [4e2b4efa-bcb4-46de-b119-545b7decf2b1@group-DDC5CB68ABFD-LeaderElection4] INFO  grpc.GrpcConfigKeys (ConfUtils.java:logGet(46)) - raft.grpc.server.install_snapshot.request.timeout = 3000ms (default)
2023-06-06 14:26:52,190 [4e2b4efa-bcb4-46de-b119-545b7decf2b1@group-FBE9E628C331-FollowerState] INFO  impl.FollowerState (FollowerState.java:run(143)) - 4e2b4efa-bcb4-46de-b119-545b7decf2b1@group-FBE9E628C331-FollowerState: change to CANDIDATE, lastRpcElapsedTime:5046030540ns, electionTimeout:5038ms
2023-06-06 14:26:52,190 [4e2b4efa-bcb4-46de-b119-545b7decf2b1@group-FBE9E628C331-FollowerState] INFO  impl.RoleInfo (RoleInfo.java:shutdownFollowerState(110)) - 4e2b4efa-bcb4-46de-b119-545b7decf2b1: shutdown 4e2b4efa-bcb4-46de-b119-545b7decf2b1@group-FBE9E628C331-FollowerState
2023-06-06 14:26:52,190 [4e2b4efa-bcb4-46de-b119-545b7decf2b1@group-FBE9E628C331-FollowerState] INFO  server.RaftServer$Division (RaftServerImpl.java:setRole(329)) - 4e2b4efa-bcb4-46de-b119-545b7decf2b1@group-FBE9E628C331: changes role from  FOLLOWER to CANDIDATE at term 0 for changeToCandidate
2023-06-06 14:26:52,190 [4e2b4efa-bcb4-46de-b119-545b7decf2b1@group-FBE9E628C331-FollowerState] INFO  server.RaftServerConfigKeys (ConfUtils.java:logGet(46)) - raft.server.leaderelection.pre-vote = true (default)
2023-06-06 14:26:52,190 [4e2b4efa-bcb4-46de-b119-545b7decf2b1@group-FBE9E628C331-FollowerState] INFO  impl.RoleInfo (RoleInfo.java:updateAndGet(139)) - 4e2b4efa-bcb4-46de-b119-545b7decf2b1: start 4e2b4efa-bcb4-46de-b119-545b7decf2b1@group-FBE9E628C331-LeaderElection6
2023-06-06 14:26:52,190 [4e2b4efa-bcb4-46de-b119-545b7decf2b1@group-DDC5CB68ABFD-LeaderElection4] INFO  server.RaftServerConfigKeys (ConfUtils.java:logGet(46)) - raft.server.log.appender.install.snapshot.enabled = false (custom)
2023-06-06 14:26:52,190 [4e2b4efa-bcb4-46de-b119-545b7decf2b1@group-DDC5CB68ABFD-LeaderElection4] INFO  grpc.GrpcConfigKeys (ConfUtils.java:logGet(46)) - raft.grpc.server.heartbeat.channel = true (default)
2023-06-06 14:26:52,191 [grpc-default-executor-2] INFO  server.RaftServer$Division (RaftServerImpl.java:requestVote(1335)) - fdffd6d6-5a7e-48c5-a2f3-4f163f884c78@group-DDC5CB68ABFD replies to ELECTION vote request: 4e2b4efa-bcb4-46de-b119-545b7decf2b1<-fdffd6d6-5a7e-48c5-a2f3-4f163f884c78#0:OK-t1. Peer's state: fdffd6d6-5a7e-48c5-a2f3-4f163f884c78@group-DDC5CB68ABFD:t1, leader=null, voted=4e2b4efa-bcb4-46de-b119-545b7decf2b1, raftlog=Memoized:fdffd6d6-5a7e-48c5-a2f3-4f163f884c78@group-DDC5CB68ABFD-SegmentedRaftLog:OPENED:c-1, conf=-1: peers:[4e2b4efa-bcb4-46de-b119-545b7decf2b1|rpc:10.1.0.37:15023|admin:10.1.0.37:15022|client:10.1.0.37:15021|dataStream:10.1.0.37:15024|priority:1|startupRole:FOLLOWER, c077bb33-fcdc-4b26-85c1-b9d62aefbd7c|rpc:10.1.0.37:15014|admin:10.1.0.37:15013|client:10.1.0.37:15012|dataStream:10.1.0.37:15015|priority:0|startupRole:FOLLOWER, fdffd6d6-5a7e-48c5-a2f3-4f163f884c78|rpc:10.1.0.37:15032|admin:10.1.0.37:15031|client:10.1.0.37:15030|dataStream:10.1.0.37:15033|priority:0|startupRole:FOLLOWER]|listeners:[], old=null
2023-06-06 14:26:52,193 [4e2b4efa-bcb4-46de-b119-545b7decf2b1@group-DDC5CB68ABFD-LeaderElection4] INFO  server.RaftServerConfigKeys (ConfUtils.java:logGet(46)) - raft.server.log.appender.snapshot.chunk.size.max = 16MB (=16777216) (default)
2023-06-06 14:26:52,193 [4e2b4efa-bcb4-46de-b119-545b7decf2b1@group-DDC5CB68ABFD-LeaderElection4] INFO  server.RaftServerConfigKeys (ConfUtils.java:logGet(46)) - raft.server.log.appender.buffer.byte-limit = 33554432 (custom)
2023-06-06 14:26:52,193 [4e2b4efa-bcb4-46de-b119-545b7decf2b1@group-DDC5CB68ABFD-LeaderElection4] INFO  server.RaftServerConfigKeys (ConfUtils.java:logGet(46)) - raft.server.log.appender.buffer.element-limit = 1 (custom)
2023-06-06 14:26:52,202 [4e2b4efa-bcb4-46de-b119-545b7decf2b1@group-DDC5CB68ABFD-LeaderElection4] INFO  server.RaftServerConfigKeys (ConfUtils.java:logGet(46)) - raft.server.log.appender.wait-time.min = 10ms (default)
2023-06-06 14:26:52,202 [4e2b4efa-bcb4-46de-b119-545b7decf2b1@group-DDC5CB68ABFD-LeaderElection4] INFO  grpc.GrpcConfigKeys (ConfUtils.java:logGet(46)) - raft.grpc.server.leader.outstanding.appends.max = 128 (default)
2023-06-06 14:26:52,202 [4e2b4efa-bcb4-46de-b119-545b7decf2b1@group-DDC5CB68ABFD-LeaderElection4] INFO  server.RaftServerConfigKeys (ConfUtils.java:logGet(46)) - raft.server.rpc.request.timeout = 60s (custom)
2023-06-06 14:26:52,202 [4e2b4efa-bcb4-46de-b119-545b7decf2b1@group-DDC5CB68ABFD-LeaderElection4] INFO  grpc.GrpcConfigKeys (ConfUtils.java:logGet(46)) - raft.grpc.server.install_snapshot.request.element-limit = 8 (default)
2023-06-06 14:26:52,202 [4e2b4efa-bcb4-46de-b119-545b7decf2b1@group-DDC5CB68ABFD-LeaderElection4] INFO  grpc.GrpcConfigKeys (ConfUtils.java:logGet(46)) - raft.grpc.server.install_snapshot.request.timeout = 3000ms (default)
2023-06-06 14:26:52,203 [4e2b4efa-bcb4-46de-b119-545b7decf2b1@group-DDC5CB68ABFD-LeaderElection4] INFO  server.RaftServerConfigKeys (ConfUtils.java:logGet(46)) - raft.server.log.appender.install.snapshot.enabled = false (custom)
2023-06-06 14:26:52,203 [4e2b4efa-bcb4-46de-b119-545b7decf2b1@group-DDC5CB68ABFD-LeaderElection4] INFO  grpc.GrpcConfigKeys (ConfUtils.java:logGet(46)) - raft.grpc.server.heartbeat.channel = true (default)
2023-06-06 14:26:52,204 [4e2b4efa-bcb4-46de-b119-545b7decf2b1@group-DDC5CB68ABFD-LeaderElection4] INFO  impl.RoleInfo (RoleInfo.java:updateAndGet(139)) - 4e2b4efa-bcb4-46de-b119-545b7decf2b1: start 4e2b4efa-bcb4-46de-b119-545b7decf2b1@group-DDC5CB68ABFD-LeaderStateImpl
2023-06-06 14:26:52,205 [4e2b4efa-bcb4-46de-b119-545b7decf2b1@group-DDC5CB68ABFD-LeaderElection4] INFO  segmented.SegmentedRaftLogWorker (SegmentedRaftLogWorker.java:startLogSegment(447)) - 4e2b4efa-bcb4-46de-b119-545b7decf2b1@group-DDC5CB68ABFD-SegmentedRaftLogWorker: Starting segment from index:0
2023-06-06 14:26:52,206 [4e2b4efa-bcb4-46de-b119-545b7decf2b1@group-DDC5CB68ABFD-SegmentedRaftLogWorker] INFO  segmented.SegmentedRaftLogWorker (SegmentedRaftLogWorker.java:execute(651)) - 4e2b4efa-bcb4-46de-b119-545b7decf2b1@group-DDC5CB68ABFD-SegmentedRaftLogWorker: created new log segment /home/runner/work/ozone/ozone/hadoop-ozone/integration-test/target/test-dir/MiniOzoneClusterImpl-27950e3c-5885-4478-a852-34ee2aeb73f6/datanode-1/data/ratis/ffa600fa-e326-4402-8143-ddc5cb68abfd/current/log_inprogress_0
2023-06-06 14:26:52,210 [4e2b4efa-bcb4-46de-b119-545b7decf2b1@group-FBE9E628C331-LeaderElection6] INFO  impl.LeaderElection (LeaderElection.java:askForVotes(321)) - 4e2b4efa-bcb4-46de-b119-545b7decf2b1@group-FBE9E628C331-LeaderElection6 PRE_VOTE round 0: submit vote requests at term 0 for -1: peers:[4e2b4efa-bcb4-46de-b119-545b7decf2b1|rpc:10.1.0.37:15023|admin:10.1.0.37:15022|client:10.1.0.37:15021|dataStream:10.1.0.37:15024|priority:0|startupRole:FOLLOWER, c077bb33-fcdc-4b26-85c1-b9d62aefbd7c|rpc:10.1.0.37:15014|admin:10.1.0.37:15013|client:10.1.0.37:15012|dataStream:10.1.0.37:15015|priority:0|startupRole:FOLLOWER, fdffd6d6-5a7e-48c5-a2f3-4f163f884c78|rpc:10.1.0.37:15032|admin:10.1.0.37:15031|client:10.1.0.37:15030|dataStream:10.1.0.37:15033|priority:1|startupRole:FOLLOWER]|listeners:[], old=null
2023-06-06 14:26:52,218 [4e2b4efa-bcb4-46de-b119-545b7decf2b1@group-DDC5CB68ABFD-LeaderElection4] INFO  server.RaftServer$Division (ServerState.java:setRaftConf(434)) - 4e2b4efa-bcb4-46de-b119-545b7decf2b1@group-DDC5CB68ABFD: set configuration 0: peers:[4e2b4efa-bcb4-46de-b119-545b7decf2b1|rpc:10.1.0.37:15023|admin:10.1.0.37:15022|client:10.1.0.37:15021|dataStream:10.1.0.37:15024|priority:1|startupRole:FOLLOWER, c077bb33-fcdc-4b26-85c1-b9d62aefbd7c|rpc:10.1.0.37:15014|admin:10.1.0.37:15013|client:10.1.0.37:15012|dataStream:10.1.0.37:15015|priority:0|startupRole:FOLLOWER, fdffd6d6-5a7e-48c5-a2f3-4f163f884c78|rpc:10.1.0.37:15032|admin:10.1.0.37:15031|client:10.1.0.37:15030|dataStream:10.1.0.37:15033|priority:0|startupRole:FOLLOWER]|listeners:[], old=null
2023-06-06 14:26:52,219 [4e2b4efa-bcb4-46de-b119-545b7decf2b1@group-FBE9E628C331-LeaderElection6] INFO  server.RaftServerConfigKeys (ConfUtils.java:logFallback(53)) - raft.server.rpc.first-election.timeout.min = 5s (fallback to raft.server.rpc.timeout.min)
2023-06-06 14:26:52,221 [4e2b4efa-bcb4-46de-b119-545b7decf2b1@group-FBE9E628C331-LeaderElection6] INFO  server.RaftServerConfigKeys (ConfUtils.java:logFallback(53)) - raft.server.rpc.first-election.timeout.max = 5200ms (fallback to raft.server.rpc.timeout.max)
2023-06-06 14:26:52,230 [grpc-default-executor-1] INFO  server.RaftServer$Division (RaftServerImpl.java:requestVote(1302)) - fdffd6d6-5a7e-48c5-a2f3-4f163f884c78@group-FBE9E628C331: receive requestVote(PRE_VOTE, 4e2b4efa-bcb4-46de-b119-545b7decf2b1, group-FBE9E628C331, 0, (t:0, i:0))
2023-06-06 14:26:52,235 [grpc-default-executor-1] INFO  impl.VoteContext (VoteContext.java:log(49)) - fdffd6d6-5a7e-48c5-a2f3-4f163f884c78@group-FBE9E628C331-FOLLOWER: reject PRE_VOTE from 4e2b4efa-bcb4-46de-b119-545b7decf2b1: our priority 1 > candidate's priority 0
2023-06-06 14:26:52,235 [grpc-default-executor-1] INFO  server.RaftServer$Division (RaftServerImpl.java:requestVote(1335)) - fdffd6d6-5a7e-48c5-a2f3-4f163f884c78@group-FBE9E628C331 replies to PRE_VOTE vote request: 4e2b4efa-bcb4-46de-b119-545b7decf2b1<-fdffd6d6-5a7e-48c5-a2f3-4f163f884c78#0:FAIL-t0. Peer's state: fdffd6d6-5a7e-48c5-a2f3-4f163f884c78@group-FBE9E628C331:t0, leader=null, voted=, raftlog=Memoized:fdffd6d6-5a7e-48c5-a2f3-4f163f884c78@group-FBE9E628C331-SegmentedRaftLog:OPENED:c-1, conf=-1: peers:[4e2b4efa-bcb4-46de-b119-545b7decf2b1|rpc:10.1.0.37:15023|admin:10.1.0.37:15022|client:10.1.0.37:15021|dataStream:10.1.0.37:15024|priority:0|startupRole:FOLLOWER, c077bb33-fcdc-4b26-85c1-b9d62aefbd7c|rpc:10.1.0.37:15014|admin:10.1.0.37:15013|client:10.1.0.37:15012|dataStream:10.1.0.37:15015|priority:0|startupRole:FOLLOWER, fdffd6d6-5a7e-48c5-a2f3-4f163f884c78|rpc:10.1.0.37:15032|admin:10.1.0.37:15031|client:10.1.0.37:15030|dataStream:10.1.0.37:15033|priority:1|startupRole:FOLLOWER]|listeners:[], old=null
2023-06-06 14:26:52,231 [grpc-default-executor-0] INFO  server.RaftServer$Division (RaftServerImpl.java:requestVote(1302)) - c077bb33-fcdc-4b26-85c1-b9d62aefbd7c@group-FBE9E628C331: receive requestVote(PRE_VOTE, 4e2b4efa-bcb4-46de-b119-545b7decf2b1, group-FBE9E628C331, 0, (t:0, i:0))
2023-06-06 14:26:52,235 [grpc-default-executor-0] INFO  impl.VoteContext (VoteContext.java:log(49)) - c077bb33-fcdc-4b26-85c1-b9d62aefbd7c@group-FBE9E628C331-FOLLOWER: accept PRE_VOTE from 4e2b4efa-bcb4-46de-b119-545b7decf2b1: our priority 0 <= candidate's priority 0
2023-06-06 14:26:52,235 [grpc-default-executor-0] INFO  server.RaftServer$Division (RaftServerImpl.java:requestVote(1335)) - c077bb33-fcdc-4b26-85c1-b9d62aefbd7c@group-FBE9E628C331 replies to PRE_VOTE vote request: 4e2b4efa-bcb4-46de-b119-545b7decf2b1<-c077bb33-fcdc-4b26-85c1-b9d62aefbd7c#0:OK-t0. Peer's state: c077bb33-fcdc-4b26-85c1-b9d62aefbd7c@group-FBE9E628C331:t0, leader=null, voted=, raftlog=Memoized:c077bb33-fcdc-4b26-85c1-b9d62aefbd7c@group-FBE9E628C331-SegmentedRaftLog:OPENED:c-1, conf=-1: peers:[4e2b4efa-bcb4-46de-b119-545b7decf2b1|rpc:10.1.0.37:15023|admin:10.1.0.37:15022|client:10.1.0.37:15021|dataStream:10.1.0.37:15024|priority:0|startupRole:FOLLOWER, c077bb33-fcdc-4b26-85c1-b9d62aefbd7c|rpc:10.1.0.37:15014|admin:10.1.0.37:15013|client:10.1.0.37:15012|dataStream:10.1.0.37:15015|priority:0|startupRole:FOLLOWER, fdffd6d6-5a7e-48c5-a2f3-4f163f884c78|rpc:10.1.0.37:15032|admin:10.1.0.37:15031|client:10.1.0.37:15030|dataStream:10.1.0.37:15033|priority:1|startupRole:FOLLOWER]|listeners:[], old=null
2023-06-06 14:26:52,254 [4e2b4efa-bcb4-46de-b119-545b7decf2b1@group-FBE9E628C331-LeaderElection6] INFO  impl.LeaderElection (LeaderElection.java:logAndReturn(90)) - 4e2b4efa-bcb4-46de-b119-545b7decf2b1@group-FBE9E628C331-LeaderElection6: PRE_VOTE REJECTED received 1 response(s) and 0 exception(s):
2023-06-06 14:26:52,271 [4e2b4efa-bcb4-46de-b119-545b7decf2b1@group-FBE9E628C331-LeaderElection6] INFO  impl.LeaderElection (LeaderElection.java:logAndReturn(94)) -   Response 0: 4e2b4efa-bcb4-46de-b119-545b7decf2b1<-fdffd6d6-5a7e-48c5-a2f3-4f163f884c78#0:FAIL-t0
2023-06-06 14:26:52,272 [fdffd6d6-5a7e-48c5-a2f3-4f163f884c78-server-thread2] INFO  ratis.XceiverServerRatis (XceiverServerRatis.java:handleLeaderChangedNotification(902)) - Leader change notification received for group: group-DDC5CB68ABFD with new leaderId: 4e2b4efa-bcb4-46de-b119-545b7decf2b1
2023-06-06 14:26:52,275 [fdffd6d6-5a7e-48c5-a2f3-4f163f884c78-server-thread2] INFO  server.RaftServer$Division (ServerState.java:setLeader(317)) - fdffd6d6-5a7e-48c5-a2f3-4f163f884c78@group-DDC5CB68ABFD: change Leader from null to 4e2b4efa-bcb4-46de-b119-545b7decf2b1 at term 1 for appendEntries, leader elected after 5104ms
2023-06-06 14:26:52,276 [fdffd6d6-5a7e-48c5-a2f3-4f163f884c78@group-FBE9E628C331-FollowerState] INFO  impl.FollowerState (FollowerState.java:run(143)) - fdffd6d6-5a7e-48c5-a2f3-4f163f884c78@group-FBE9E628C331-FollowerState: change to CANDIDATE, lastRpcElapsedTime:5023274531ns, electionTimeout:5012ms
2023-06-06 14:26:52,276 [fdffd6d6-5a7e-48c5-a2f3-4f163f884c78@group-FBE9E628C331-FollowerState] INFO  impl.RoleInfo (RoleInfo.java:shutdownFollowerState(110)) - fdffd6d6-5a7e-48c5-a2f3-4f163f884c78: shutdown fdffd6d6-5a7e-48c5-a2f3-4f163f884c78@group-FBE9E628C331-FollowerState
2023-06-06 14:26:52,276 [fdffd6d6-5a7e-48c5-a2f3-4f163f884c78@group-FBE9E628C331-FollowerState] INFO  server.RaftServer$Division (RaftServerImpl.java:setRole(329)) - fdffd6d6-5a7e-48c5-a2f3-4f163f884c78@group-FBE9E628C331: changes role from  FOLLOWER to CANDIDATE at term 0 for changeToCandidate
2023-06-06 14:26:52,276 [fdffd6d6-5a7e-48c5-a2f3-4f163f884c78@group-FBE9E628C331-FollowerState] INFO  server.RaftServerConfigKeys (ConfUtils.java:logGet(46)) - raft.server.leaderelection.pre-vote = true (default)
2023-06-06 14:26:52,276 [fdffd6d6-5a7e-48c5-a2f3-4f163f884c78@group-FBE9E628C331-FollowerState] INFO  impl.RoleInfo (RoleInfo.java:updateAndGet(139)) - fdffd6d6-5a7e-48c5-a2f3-4f163f884c78: start fdffd6d6-5a7e-48c5-a2f3-4f163f884c78@group-FBE9E628C331-LeaderElection7
2023-06-06 14:26:52,278 [c077bb33-fcdc-4b26-85c1-b9d62aefbd7c-server-thread2] INFO  ratis.XceiverServerRatis (XceiverServerRatis.java:handleLeaderChangedNotification(902)) - Leader change notification received for group: group-DDC5CB68ABFD with new leaderId: 4e2b4efa-bcb4-46de-b119-545b7decf2b1
2023-06-06 14:26:52,278 [c077bb33-fcdc-4b26-85c1-b9d62aefbd7c-server-thread2] INFO  server.RaftServer$Division (ServerState.java:setLeader(317)) - c077bb33-fcdc-4b26-85c1-b9d62aefbd7c@group-DDC5CB68ABFD: change Leader from null to 4e2b4efa-bcb4-46de-b119-545b7decf2b1 at term 1 for appendEntries, leader elected after 5845ms
2023-06-06 14:26:52,284 [4e2b4efa-bcb4-46de-b119-545b7decf2b1@group-FBE9E628C331-LeaderElection6] INFO  impl.LeaderElection (LeaderElection.java:askForVotes(323)) - 4e2b4efa-bcb4-46de-b119-545b7decf2b1@group-FBE9E628C331-LeaderElection6 PRE_VOTE round 0: result REJECTED
2023-06-06 14:26:52,284 [4e2b4efa-bcb4-46de-b119-545b7decf2b1@group-FBE9E628C331-LeaderElection6] INFO  server.RaftServer$Division (RaftServerImpl.java:setRole(329)) - 4e2b4efa-bcb4-46de-b119-545b7decf2b1@group-FBE9E628C331: changes role from CANDIDATE to FOLLOWER at term 0 for REJECTED
2023-06-06 14:26:52,284 [4e2b4efa-bcb4-46de-b119-545b7decf2b1@group-FBE9E628C331-LeaderElection6] INFO  impl.RoleInfo (RoleInfo.java:shutdownLeaderElection(130)) - 4e2b4efa-bcb4-46de-b119-545b7decf2b1: shutdown 4e2b4efa-bcb4-46de-b119-545b7decf2b1@group-FBE9E628C331-LeaderElection6
2023-06-06 14:26:52,284 [4e2b4efa-bcb4-46de-b119-545b7decf2b1@group-FBE9E628C331-LeaderElection6] INFO  impl.RoleInfo (RoleInfo.java:updateAndGet(139)) - 4e2b4efa-bcb4-46de-b119-545b7decf2b1: start 4e2b4efa-bcb4-46de-b119-545b7decf2b1@group-FBE9E628C331-FollowerState
2023-06-06 14:26:52,285 [fdffd6d6-5a7e-48c5-a2f3-4f163f884c78-server-thread1] INFO  server.RaftServer$Division (ServerState.java:setRaftConf(434)) - fdffd6d6-5a7e-48c5-a2f3-4f163f884c78@group-DDC5CB68ABFD: set configuration 0: peers:[4e2b4efa-bcb4-46de-b119-545b7decf2b1|rpc:10.1.0.37:15023|admin:10.1.0.37:15022|client:10.1.0.37:15021|dataStream:10.1.0.37:15024|priority:1|startupRole:FOLLOWER, c077bb33-fcdc-4b26-85c1-b9d62aefbd7c|rpc:10.1.0.37:15014|admin:10.1.0.37:15013|client:10.1.0.37:15012|dataStream:10.1.0.37:15015|priority:0|startupRole:FOLLOWER, fdffd6d6-5a7e-48c5-a2f3-4f163f884c78|rpc:10.1.0.37:15032|admin:10.1.0.37:15031|client:10.1.0.37:15030|dataStream:10.1.0.37:15033|priority:0|startupRole:FOLLOWER]|listeners:[], old=null
2023-06-06 14:26:52,285 [fdffd6d6-5a7e-48c5-a2f3-4f163f884c78@group-FBE9E628C331-LeaderElection7] INFO  impl.LeaderElection (LeaderElection.java:askForVotes(321)) - fdffd6d6-5a7e-48c5-a2f3-4f163f884c78@group-FBE9E628C331-LeaderElection7 PRE_VOTE round 0: submit vote requests at term 0 for -1: peers:[4e2b4efa-bcb4-46de-b119-545b7decf2b1|rpc:10.1.0.37:15023|admin:10.1.0.37:15022|client:10.1.0.37:15021|dataStream:10.1.0.37:15024|priority:0|startupRole:FOLLOWER, c077bb33-fcdc-4b26-85c1-b9d62aefbd7c|rpc:10.1.0.37:15014|admin:10.1.0.37:15013|client:10.1.0.37:15012|dataStream:10.1.0.37:15015|priority:0|startupRole:FOLLOWER, fdffd6d6-5a7e-48c5-a2f3-4f163f884c78|rpc:10.1.0.37:15032|admin:10.1.0.37:15031|client:10.1.0.37:15030|dataStream:10.1.0.37:15033|priority:1|startupRole:FOLLOWER]|listeners:[], old=null
2023-06-06 14:26:52,285 [fdffd6d6-5a7e-48c5-a2f3-4f163f884c78-server-thread1] INFO  segmented.SegmentedRaftLogWorker (SegmentedRaftLogWorker.java:startLogSegment(447)) - fdffd6d6-5a7e-48c5-a2f3-4f163f884c78@group-DDC5CB68ABFD-SegmentedRaftLogWorker: Starting segment from index:0
2023-06-06 14:26:52,290 [fdffd6d6-5a7e-48c5-a2f3-4f163f884c78@group-FBE9E628C331-LeaderElection7-1] INFO  server.GrpcServerProtocolClient (GrpcServerProtocolClient.java:<init>(65)) - Build channel for 4e2b4efa-bcb4-46de-b119-545b7decf2b1
2023-06-06 14:26:52,297 [c077bb33-fcdc-4b26-85c1-b9d62aefbd7c@group-FBE9E628C331-FollowerState] INFO  server.RaftServerConfigKeys (ConfUtils.java:logFallback(53)) - raft.server.rpc.first-election.timeout.min = 5s (fallback to raft.server.rpc.timeout.min)
2023-06-06 14:26:52,297 [c077bb33-fcdc-4b26-85c1-b9d62aefbd7c@group-FBE9E628C331-FollowerState] INFO  server.RaftServerConfigKeys (ConfUtils.java:logFallback(53)) - raft.server.rpc.first-election.timeout.max = 5200ms (fallback to raft.server.rpc.timeout.max)
2023-06-06 14:26:52,297 [c077bb33-fcdc-4b26-85c1-b9d62aefbd7c-server-thread1] INFO  server.RaftServer$Division (ServerState.java:setRaftConf(434)) - c077bb33-fcdc-4b26-85c1-b9d62aefbd7c@group-DDC5CB68ABFD: set configuration 0: peers:[4e2b4efa-bcb4-46de-b119-545b7decf2b1|rpc:10.1.0.37:15023|admin:10.1.0.37:15022|client:10.1.0.37:15021|dataStream:10.1.0.37:15024|priority:1|startupRole:FOLLOWER, c077bb33-fcdc-4b26-85c1-b9d62aefbd7c|rpc:10.1.0.37:15014|admin:10.1.0.37:15013|client:10.1.0.37:15012|dataStream:10.1.0.37:15015|priority:0|startupRole:FOLLOWER, fdffd6d6-5a7e-48c5-a2f3-4f163f884c78|rpc:10.1.0.37:15032|admin:10.1.0.37:15031|client:10.1.0.37:15030|dataStream:10.1.0.37:15033|priority:0|startupRole:FOLLOWER]|listeners:[], old=null
2023-06-06 14:26:52,297 [Time-limited test] INFO  ozone.MiniOzoneClusterImpl (MiniOzoneClusterImpl.java:lambda$waitForClusterToBeReady$0(222)) - Nodes are ready. Got 3 of 3 DN Heartbeats.
2023-06-06 14:26:52,297 [Time-limited test] INFO  ozone.MiniOzoneClusterImpl (MiniOzoneClusterImpl.java:lambda$waitForClusterToBeReady$0(225)) - Cluster exits safe mode
2023-06-06 14:26:52,297 [Time-limited test] INFO  ozone.MiniOzoneClusterImpl (MiniOzoneClusterImpl.java:lambda$waitForClusterToBeReady$0(227)) - SCM became leader
2023-06-06 14:26:52,297 [c077bb33-fcdc-4b26-85c1-b9d62aefbd7c-server-thread1] INFO  segmented.SegmentedRaftLogWorker (SegmentedRaftLogWorker.java:startLogSegment(447)) - c077bb33-fcdc-4b26-85c1-b9d62aefbd7c@group-DDC5CB68ABFD-SegmentedRaftLogWorker: Starting segment from index:0
2023-06-06 14:26:52,292 [fdffd6d6-5a7e-48c5-a2f3-4f163f884c78@group-DDC5CB68ABFD-SegmentedRaftLogWorker] INFO  segmented.SegmentedRaftLogWorker (SegmentedRaftLogWorker.java:execute(651)) - fdffd6d6-5a7e-48c5-a2f3-4f163f884c78@group-DDC5CB68ABFD-SegmentedRaftLogWorker: created new log segment /home/runner/work/ozone/ozone/hadoop-ozone/integration-test/target/test-dir/MiniOzoneClusterImpl-27950e3c-5885-4478-a852-34ee2aeb73f6/datanode-2/data/ratis/ffa600fa-e326-4402-8143-ddc5cb68abfd/current/log_inprogress_0
2023-06-06 14:26:52,304 [c077bb33-fcdc-4b26-85c1-b9d62aefbd7c@group-DDC5CB68ABFD-SegmentedRaftLogWorker] INFO  segmented.SegmentedRaftLogWorker (SegmentedRaftLogWorker.java:execute(651)) - c077bb33-fcdc-4b26-85c1-b9d62aefbd7c@group-DDC5CB68ABFD-SegmentedRaftLogWorker: created new log segment /home/runner/work/ozone/ozone/hadoop-ozone/integration-test/target/test-dir/MiniOzoneClusterImpl-27950e3c-5885-4478-a852-34ee2aeb73f6/datanode-0/data/ratis/ffa600fa-e326-4402-8143-ddc5cb68abfd/current/log_inprogress_0
2023-06-06 14:26:52,292 [fdffd6d6-5a7e-48c5-a2f3-4f163f884c78@group-FBE9E628C331-LeaderElection7-2] INFO  server.GrpcServerProtocolClient (GrpcServerProtocolClient.java:<init>(65)) - Build channel for c077bb33-fcdc-4b26-85c1-b9d62aefbd7c
2023-06-06 14:26:52,290 [fdffd6d6-5a7e-48c5-a2f3-4f163f884c78@group-FBE9E628C331-LeaderElection7] INFO  server.RaftServerConfigKeys (ConfUtils.java:logFallback(53)) - raft.server.rpc.first-election.timeout.min = 5s (fallback to raft.server.rpc.timeout.min)
2023-06-06 14:26:52,314 [fdffd6d6-5a7e-48c5-a2f3-4f163f884c78@group-FBE9E628C331-LeaderElection7] INFO  server.RaftServerConfigKeys (ConfUtils.java:logFallback(53)) - raft.server.rpc.first-election.timeout.max = 5200ms (fallback to raft.server.rpc.timeout.max)
2023-06-06 14:26:52,320 [grpc-default-executor-1] INFO  server.RaftServer$Division (RaftServerImpl.java:requestVote(1302)) - 4e2b4efa-bcb4-46de-b119-545b7decf2b1@group-FBE9E628C331: receive requestVote(PRE_VOTE, fdffd6d6-5a7e-48c5-a2f3-4f163f884c78, group-FBE9E628C331, 0, (t:0, i:0))
2023-06-06 14:26:52,320 [grpc-default-executor-1] INFO  impl.VoteContext (VoteContext.java:log(49)) - 4e2b4efa-bcb4-46de-b119-545b7decf2b1@group-FBE9E628C331-FOLLOWER: accept PRE_VOTE from fdffd6d6-5a7e-48c5-a2f3-4f163f884c78: our priority 0 <= candidate's priority 1
2023-06-06 14:26:52,320 [grpc-default-executor-1] INFO  server.RaftServer$Division (RaftServerImpl.java:requestVote(1335)) - 4e2b4efa-bcb4-46de-b119-545b7decf2b1@group-FBE9E628C331 replies to PRE_VOTE vote request: fdffd6d6-5a7e-48c5-a2f3-4f163f884c78<-4e2b4efa-bcb4-46de-b119-545b7decf2b1#0:OK-t0. Peer's state: 4e2b4efa-bcb4-46de-b119-545b7decf2b1@group-FBE9E628C331:t0, leader=null, voted=, raftlog=Memoized:4e2b4efa-bcb4-46de-b119-545b7decf2b1@group-FBE9E628C331-SegmentedRaftLog:OPENED:c-1, conf=-1: peers:[4e2b4efa-bcb4-46de-b119-545b7decf2b1|rpc:10.1.0.37:15023|admin:10.1.0.37:15022|client:10.1.0.37:15021|dataStream:10.1.0.37:15024|priority:0|startupRole:FOLLOWER, c077bb33-fcdc-4b26-85c1-b9d62aefbd7c|rpc:10.1.0.37:15014|admin:10.1.0.37:15013|client:10.1.0.37:15012|dataStream:10.1.0.37:15015|priority:0|startupRole:FOLLOWER, fdffd6d6-5a7e-48c5-a2f3-4f163f884c78|rpc:10.1.0.37:15032|admin:10.1.0.37:15031|client:10.1.0.37:15030|dataStream:10.1.0.37:15033|priority:1|startupRole:FOLLOWER]|listeners:[], old=null
2023-06-06 14:26:52,322 [fdffd6d6-5a7e-48c5-a2f3-4f163f884c78@group-FBE9E628C331-LeaderElection7] INFO  impl.LeaderElection (LeaderElection.java:logAndReturn(90)) - fdffd6d6-5a7e-48c5-a2f3-4f163f884c78@group-FBE9E628C331-LeaderElection7: PRE_VOTE PASSED received 1 response(s) and 0 exception(s):
2023-06-06 14:26:52,322 [fdffd6d6-5a7e-48c5-a2f3-4f163f884c78@group-FBE9E628C331-LeaderElection7] INFO  impl.LeaderElection (LeaderElection.java:logAndReturn(94)) -   Response 0: fdffd6d6-5a7e-48c5-a2f3-4f163f884c78<-4e2b4efa-bcb4-46de-b119-545b7decf2b1#0:OK-t0
2023-06-06 14:26:52,322 [fdffd6d6-5a7e-48c5-a2f3-4f163f884c78@group-FBE9E628C331-LeaderElection7] INFO  impl.LeaderElection (LeaderElection.java:askForVotes(323)) - fdffd6d6-5a7e-48c5-a2f3-4f163f884c78@group-FBE9E628C331-LeaderElection7 PRE_VOTE round 0: result PASSED
2023-06-06 14:26:52,326 [fdffd6d6-5a7e-48c5-a2f3-4f163f884c78@group-FBE9E628C331-LeaderElection7] INFO  impl.LeaderElection (LeaderElection.java:askForVotes(321)) - fdffd6d6-5a7e-48c5-a2f3-4f163f884c78@group-FBE9E628C331-LeaderElection7 ELECTION round 0: submit vote requests at term 1 for -1: peers:[4e2b4efa-bcb4-46de-b119-545b7decf2b1|rpc:10.1.0.37:15023|admin:10.1.0.37:15022|client:10.1.0.37:15021|dataStream:10.1.0.37:15024|priority:0|startupRole:FOLLOWER, c077bb33-fcdc-4b26-85c1-b9d62aefbd7c|rpc:10.1.0.37:15014|admin:10.1.0.37:15013|client:10.1.0.37:15012|dataStream:10.1.0.37:15015|priority:0|startupRole:FOLLOWER, fdffd6d6-5a7e-48c5-a2f3-4f163f884c78|rpc:10.1.0.37:15032|admin:10.1.0.37:15031|client:10.1.0.37:15030|dataStream:10.1.0.37:15033|priority:1|startupRole:FOLLOWER]|listeners:[], old=null
2023-06-06 14:26:52,342 [grpc-default-executor-1] INFO  server.RaftServer$Division (RaftServerImpl.java:requestVote(1302)) - c077bb33-fcdc-4b26-85c1-b9d62aefbd7c@group-FBE9E628C331: receive requestVote(PRE_VOTE, fdffd6d6-5a7e-48c5-a2f3-4f163f884c78, group-FBE9E628C331, 0, (t:0, i:0))
2023-06-06 14:26:52,342 [grpc-default-executor-1] INFO  impl.VoteContext (VoteContext.java:log(49)) - c077bb33-fcdc-4b26-85c1-b9d62aefbd7c@group-FBE9E628C331-FOLLOWER: accept PRE_VOTE from fdffd6d6-5a7e-48c5-a2f3-4f163f884c78: our priority 0 <= candidate's priority 1
2023-06-06 14:26:52,342 [grpc-default-executor-1] INFO  server.RaftServer$Division (RaftServerImpl.java:requestVote(1335)) - c077bb33-fcdc-4b26-85c1-b9d62aefbd7c@group-FBE9E628C331 replies to PRE_VOTE vote request: fdffd6d6-5a7e-48c5-a2f3-4f163f884c78<-c077bb33-fcdc-4b26-85c1-b9d62aefbd7c#0:OK-t0. Peer's state: c077bb33-fcdc-4b26-85c1-b9d62aefbd7c@group-FBE9E628C331:t0, leader=null, voted=, raftlog=Memoized:c077bb33-fcdc-4b26-85c1-b9d62aefbd7c@group-FBE9E628C331-SegmentedRaftLog:OPENED:c-1, conf=-1: peers:[4e2b4efa-bcb4-46de-b119-545b7decf2b1|rpc:10.1.0.37:15023|admin:10.1.0.37:15022|client:10.1.0.37:15021|dataStream:10.1.0.37:15024|priority:0|startupRole:FOLLOWER, c077bb33-fcdc-4b26-85c1-b9d62aefbd7c|rpc:10.1.0.37:15014|admin:10.1.0.37:15013|client:10.1.0.37:15012|dataStream:10.1.0.37:15015|priority:0|startupRole:FOLLOWER, fdffd6d6-5a7e-48c5-a2f3-4f163f884c78|rpc:10.1.0.37:15032|admin:10.1.0.37:15031|client:10.1.0.37:15030|dataStream:10.1.0.37:15033|priority:1|startupRole:FOLLOWER]|listeners:[], old=null
2023-06-06 14:26:52,350 [fdffd6d6-5a7e-48c5-a2f3-4f163f884c78@group-FBE9E628C331-LeaderElection7] INFO  server.RaftServerConfigKeys (ConfUtils.java:logFallback(53)) - raft.server.rpc.first-election.timeout.min = 5s (fallback to raft.server.rpc.timeout.min)
2023-06-06 14:26:52,350 [fdffd6d6-5a7e-48c5-a2f3-4f163f884c78@group-FBE9E628C331-LeaderElection7] INFO  server.RaftServerConfigKeys (ConfUtils.java:logFallback(53)) - raft.server.rpc.first-election.timeout.max = 5200ms (fallback to raft.server.rpc.timeout.max)
2023-06-06 14:26:52,360 [grpc-default-executor-1] INFO  server.RaftServer$Division (RaftServerImpl.java:requestVote(1302)) - 4e2b4efa-bcb4-46de-b119-545b7decf2b1@group-FBE9E628C331: receive requestVote(ELECTION, fdffd6d6-5a7e-48c5-a2f3-4f163f884c78, group-FBE9E628C331, 1, (t:0, i:0))
2023-06-06 14:26:52,361 [grpc-default-executor-1] INFO  impl.VoteContext (VoteContext.java:log(49)) - 4e2b4efa-bcb4-46de-b119-545b7decf2b1@group-FBE9E628C331-FOLLOWER: accept ELECTION from fdffd6d6-5a7e-48c5-a2f3-4f163f884c78: our priority 0 <= candidate's priority 1
2023-06-06 14:26:52,361 [grpc-default-executor-1] INFO  server.RaftServer$Division (RaftServerImpl.java:setRole(329)) - 4e2b4efa-bcb4-46de-b119-545b7decf2b1@group-FBE9E628C331: changes role from  FOLLOWER to FOLLOWER at term 1 for candidate:fdffd6d6-5a7e-48c5-a2f3-4f163f884c78
2023-06-06 14:26:52,361 [grpc-default-executor-1] INFO  impl.RoleInfo (RoleInfo.java:shutdownFollowerState(110)) - 4e2b4efa-bcb4-46de-b119-545b7decf2b1: shutdown 4e2b4efa-bcb4-46de-b119-545b7decf2b1@group-FBE9E628C331-FollowerState
2023-06-06 14:26:52,361 [grpc-default-executor-1] INFO  impl.RoleInfo (RoleInfo.java:updateAndGet(139)) - 4e2b4efa-bcb4-46de-b119-545b7decf2b1: start 4e2b4efa-bcb4-46de-b119-545b7decf2b1@group-FBE9E628C331-FollowerState
2023-06-06 14:26:52,362 [4e2b4efa-bcb4-46de-b119-545b7decf2b1@group-FBE9E628C331-FollowerState] INFO  impl.FollowerState (FollowerState.java:run(152)) - 4e2b4efa-bcb4-46de-b119-545b7decf2b1@group-FBE9E628C331-FollowerState was interrupted
2023-06-06 14:26:52,371 [grpc-default-executor-2] INFO  server.RaftServer$Division (RaftServerImpl.java:requestVote(1302)) - c077bb33-fcdc-4b26-85c1-b9d62aefbd7c@group-FBE9E628C331: receive requestVote(ELECTION, fdffd6d6-5a7e-48c5-a2f3-4f163f884c78, group-FBE9E628C331, 1, (t:0, i:0))
2023-06-06 14:26:52,371 [grpc-default-executor-2] INFO  impl.VoteContext (VoteContext.java:log(49)) - c077bb33-fcdc-4b26-85c1-b9d62aefbd7c@group-FBE9E628C331-FOLLOWER: accept ELECTION from fdffd6d6-5a7e-48c5-a2f3-4f163f884c78: our priority 0 <= candidate's priority 1
2023-06-06 14:26:52,371 [grpc-default-executor-2] INFO  server.RaftServer$Division (RaftServerImpl.java:setRole(329)) - c077bb33-fcdc-4b26-85c1-b9d62aefbd7c@group-FBE9E628C331: changes role from  FOLLOWER to FOLLOWER at term 1 for candidate:fdffd6d6-5a7e-48c5-a2f3-4f163f884c78
2023-06-06 14:26:52,371 [grpc-default-executor-2] INFO  impl.RoleInfo (RoleInfo.java:shutdownFollowerState(110)) - c077bb33-fcdc-4b26-85c1-b9d62aefbd7c: shutdown c077bb33-fcdc-4b26-85c1-b9d62aefbd7c@group-FBE9E628C331-FollowerState
2023-06-06 14:26:52,371 [grpc-default-executor-2] INFO  impl.RoleInfo (RoleInfo.java:updateAndGet(139)) - c077bb33-fcdc-4b26-85c1-b9d62aefbd7c: start c077bb33-fcdc-4b26-85c1-b9d62aefbd7c@group-FBE9E628C331-FollowerState
2023-06-06 14:26:52,371 [c077bb33-fcdc-4b26-85c1-b9d62aefbd7c@group-FBE9E628C331-FollowerState] INFO  impl.FollowerState (FollowerState.java:run(152)) - c077bb33-fcdc-4b26-85c1-b9d62aefbd7c@group-FBE9E628C331-FollowerState was interrupted
2023-06-06 14:26:52,376 [grpc-default-executor-1] INFO  server.RaftServer$Division (RaftServerImpl.java:requestVote(1335)) - 4e2b4efa-bcb4-46de-b119-545b7decf2b1@group-FBE9E628C331 replies to ELECTION vote request: fdffd6d6-5a7e-48c5-a2f3-4f163f884c78<-4e2b4efa-bcb4-46de-b119-545b7decf2b1#0:OK-t1. Peer's state: 4e2b4efa-bcb4-46de-b119-545b7decf2b1@group-FBE9E628C331:t1, leader=null, voted=fdffd6d6-5a7e-48c5-a2f3-4f163f884c78, raftlog=Memoized:4e2b4efa-bcb4-46de-b119-545b7decf2b1@group-FBE9E628C331-SegmentedRaftLog:OPENED:c-1, conf=-1: peers:[4e2b4efa-bcb4-46de-b119-545b7decf2b1|rpc:10.1.0.37:15023|admin:10.1.0.37:15022|client:10.1.0.37:15021|dataStream:10.1.0.37:15024|priority:0|startupRole:FOLLOWER, c077bb33-fcdc-4b26-85c1-b9d62aefbd7c|rpc:10.1.0.37:15014|admin:10.1.0.37:15013|client:10.1.0.37:15012|dataStream:10.1.0.37:15015|priority:0|startupRole:FOLLOWER, fdffd6d6-5a7e-48c5-a2f3-4f163f884c78|rpc:10.1.0.37:15032|admin:10.1.0.37:15031|client:10.1.0.37:15030|dataStream:10.1.0.37:15033|priority:1|startupRole:FOLLOWER]|listeners:[], old=null
2023-06-06 14:26:52,378 [fdffd6d6-5a7e-48c5-a2f3-4f163f884c78@group-FBE9E628C331-LeaderElection7] INFO  impl.LeaderElection (LeaderElection.java:logAndReturn(90)) - fdffd6d6-5a7e-48c5-a2f3-4f163f884c78@group-FBE9E628C331-LeaderElection7: ELECTION PASSED received 1 response(s) and 0 exception(s):
2023-06-06 14:26:52,378 [fdffd6d6-5a7e-48c5-a2f3-4f163f884c78@group-FBE9E628C331-LeaderElection7] INFO  impl.LeaderElection (LeaderElection.java:logAndReturn(94)) -   Response 0: fdffd6d6-5a7e-48c5-a2f3-4f163f884c78<-4e2b4efa-bcb4-46de-b119-545b7decf2b1#0:OK-t1
2023-06-06 14:26:52,378 [fdffd6d6-5a7e-48c5-a2f3-4f163f884c78@group-FBE9E628C331-LeaderElection7] INFO  impl.LeaderElection (LeaderElection.java:askForVotes(323)) - fdffd6d6-5a7e-48c5-a2f3-4f163f884c78@group-FBE9E628C331-LeaderElection7 ELECTION round 0: result PASSED
2023-06-06 14:26:52,378 [fdffd6d6-5a7e-48c5-a2f3-4f163f884c78@group-FBE9E628C331-LeaderElection7] INFO  impl.RoleInfo (RoleInfo.java:shutdownLeaderElection(130)) - fdffd6d6-5a7e-48c5-a2f3-4f163f884c78: shutdown fdffd6d6-5a7e-48c5-a2f3-4f163f884c78@group-FBE9E628C331-LeaderElection7
2023-06-06 14:26:52,378 [fdffd6d6-5a7e-48c5-a2f3-4f163f884c78@group-FBE9E628C331-LeaderElection7] INFO  server.RaftServer$Division (RaftServerImpl.java:setRole(329)) - fdffd6d6-5a7e-48c5-a2f3-4f163f884c78@group-FBE9E628C331: changes role from CANDIDATE to LEADER at term 1 for changeToLeader
2023-06-06 14:26:52,378 [fdffd6d6-5a7e-48c5-a2f3-4f163f884c78@group-FBE9E628C331-LeaderElection7] INFO  ratis.XceiverServerRatis (XceiverServerRatis.java:handleLeaderChangedNotification(902)) - Leader change notification received for group: group-FBE9E628C331 with new leaderId: fdffd6d6-5a7e-48c5-a2f3-4f163f884c78
2023-06-06 14:26:52,390 [grpc-default-executor-2] INFO  server.RaftServer$Division (RaftServerImpl.java:requestVote(1335)) - c077bb33-fcdc-4b26-85c1-b9d62aefbd7c@group-FBE9E628C331 replies to ELECTION vote request: fdffd6d6-5a7e-48c5-a2f3-4f163f884c78<-c077bb33-fcdc-4b26-85c1-b9d62aefbd7c#0:OK-t1. Peer's state: c077bb33-fcdc-4b26-85c1-b9d62aefbd7c@group-FBE9E628C331:t1, leader=null, voted=fdffd6d6-5a7e-48c5-a2f3-4f163f884c78, raftlog=Memoized:c077bb33-fcdc-4b26-85c1-b9d62aefbd7c@group-FBE9E628C331-SegmentedRaftLog:OPENED:c-1, conf=-1: peers:[4e2b4efa-bcb4-46de-b119-545b7decf2b1|rpc:10.1.0.37:15023|admin:10.1.0.37:15022|client:10.1.0.37:15021|dataStream:10.1.0.37:15024|priority:0|startupRole:FOLLOWER, c077bb33-fcdc-4b26-85c1-b9d62aefbd7c|rpc:10.1.0.37:15014|admin:10.1.0.37:15013|client:10.1.0.37:15012|dataStream:10.1.0.37:15015|priority:0|startupRole:FOLLOWER, fdffd6d6-5a7e-48c5-a2f3-4f163f884c78|rpc:10.1.0.37:15032|admin:10.1.0.37:15031|client:10.1.0.37:15030|dataStream:10.1.0.37:15033|priority:1|startupRole:FOLLOWER]|listeners:[], old=null
2023-06-06 14:26:52,392 [fdffd6d6-5a7e-48c5-a2f3-4f163f884c78@group-FBE9E628C331-LeaderElection7] INFO  server.RaftServer$Division (ServerState.java:setLeader(317)) - fdffd6d6-5a7e-48c5-a2f3-4f163f884c78@group-FBE9E628C331: change Leader from null to fdffd6d6-5a7e-48c5-a2f3-4f163f884c78 at term 1 for becomeLeader, leader elected after 5174ms
2023-06-06 14:26:52,392 [fdffd6d6-5a7e-48c5-a2f3-4f163f884c78@group-FBE9E628C331-LeaderElection7] INFO  server.RaftServerConfigKeys (ConfUtils.java:logGet(46)) - raft.server.staging.catchup.gap = 1000 (default)
2023-06-06 14:26:52,392 [fdffd6d6-5a7e-48c5-a2f3-4f163f884c78@group-FBE9E628C331-LeaderElection7] INFO  server.RaftServerConfigKeys (ConfUtils.java:logGet(46)) - raft.server.write.element-limit = 1024 (custom)
2023-06-06 14:26:52,392 [fdffd6d6-5a7e-48c5-a2f3-4f163f884c78@group-FBE9E628C331-LeaderElection7] INFO  server.RaftServerConfigKeys (ConfUtils.java:logGet(46)) - raft.server.write.byte-limit = 1024 M (=1073741824) (custom)
2023-06-06 14:26:52,392 [fdffd6d6-5a7e-48c5-a2f3-4f163f884c78@group-FBE9E628C331-LeaderElection7] INFO  server.RaftServerConfigKeys (ConfUtils.java:logGet(46)) - raft.server.watch.timeout = 180s (custom)
2023-06-06 14:26:52,393 [fdffd6d6-5a7e-48c5-a2f3-4f163f884c78@group-FBE9E628C331-LeaderElection7] INFO  server.RaftServerConfigKeys (ConfUtils.java:logGet(46)) - raft.server.watch.timeout.denomination = 1s (default)
2023-06-06 14:26:52,393 [fdffd6d6-5a7e-48c5-a2f3-4f163f884c78@group-FBE9E628C331-LeaderElection7] INFO  server.RaftServerConfigKeys (ConfUtils.java:logGet(46)) - raft.server.watch.element-limit = 65536 (default)
2023-06-06 14:26:52,393 [fdffd6d6-5a7e-48c5-a2f3-4f163f884c78@group-FBE9E628C331-LeaderElection7] INFO  server.RaftServerConfigKeys (ConfUtils.java:logGet(46)) - raft.server.write.element-limit = 1024 (custom)
2023-06-06 14:26:52,393 [fdffd6d6-5a7e-48c5-a2f3-4f163f884c78@group-FBE9E628C331-LeaderElection7] INFO  server.RaftServerConfigKeys (ConfUtils.java:logGet(46)) - raft.server.write.follower.gap.ratio.max = -1.0 (default)
2023-06-06 14:26:52,395 [EventQueue-PipelineReportForPipelineReportHandler] INFO  pipeline.PipelineManagerImpl (PipelineManagerImpl.java:openPipeline(367)) - Pipeline Pipeline[ Id: 4ec63cad-2c85-49b1-8449-fbe9e628c331, Nodes: fdffd6d6-5a7e-48c5-a2f3-4f163f884c78(fv-az1133-973.qlb2sqfkji0uhjsjdnlwzcsdwg.bx.internal.cloudapp.net/10.1.0.37)c077bb33-fcdc-4b26-85c1-b9d62aefbd7c(fv-az1133-973.qlb2sqfkji0uhjsjdnlwzcsdwg.bx.internal.cloudapp.net/10.1.0.37)4e2b4efa-bcb4-46de-b119-545b7decf2b1(fv-az1133-973.qlb2sqfkji0uhjsjdnlwzcsdwg.bx.internal.cloudapp.net/10.1.0.37), ReplicationConfig: RATIS/THREE, State:ALLOCATED, leaderId:fdffd6d6-5a7e-48c5-a2f3-4f163f884c78, CreationTimestamp2023-06-06T14:26:44.309Z[Etc/UTC]] moved to OPEN state
2023-06-06 14:26:52,395 [fdffd6d6-5a7e-48c5-a2f3-4f163f884c78@group-FBE9E628C331-LeaderElection7] INFO  server.RaftServerConfigKeys (ConfUtils.java:logGet(46)) - raft.server.log.appender.snapshot.chunk.size.max = 16MB (=16777216) (default)
2023-06-06 14:26:52,396 [fdffd6d6-5a7e-48c5-a2f3-4f163f884c78@group-FBE9E628C331-LeaderElection7] INFO  server.RaftServerConfigKeys (ConfUtils.java:logGet(46)) - raft.server.log.appender.buffer.byte-limit = 33554432 (custom)
2023-06-06 14:26:52,396 [fdffd6d6-5a7e-48c5-a2f3-4f163f884c78@group-FBE9E628C331-LeaderElection7] INFO  server.RaftServerConfigKeys (ConfUtils.java:logGet(46)) - raft.server.log.appender.buffer.element-limit = 1 (custom)
2023-06-06 14:26:52,396 [fdffd6d6-5a7e-48c5-a2f3-4f163f884c78@group-FBE9E628C331-LeaderElection7] INFO  server.RaftServerConfigKeys (ConfUtils.java:logGet(46)) - raft.server.log.appender.wait-time.min = 10ms (default)
2023-06-06 14:26:52,396 [fdffd6d6-5a7e-48c5-a2f3-4f163f884c78@group-FBE9E628C331-LeaderElection7] INFO  grpc.GrpcConfigKeys (ConfUtils.java:logGet(46)) - raft.grpc.server.leader.outstanding.appends.max = 128 (default)
2023-06-06 14:26:52,401 [fdffd6d6-5a7e-48c5-a2f3-4f163f884c78@group-FBE9E628C331-LeaderElection7] INFO  server.RaftServerConfigKeys (ConfUtils.java:logGet(46)) - raft.server.rpc.request.timeout = 60s (custom)
2023-06-06 14:26:52,401 [fdffd6d6-5a7e-48c5-a2f3-4f163f884c78@group-FBE9E628C331-LeaderElection7] INFO  grpc.GrpcConfigKeys (ConfUtils.java:logGet(46)) - raft.grpc.server.install_snapshot.request.element-limit = 8 (default)
2023-06-06 14:26:52,401 [fdffd6d6-5a7e-48c5-a2f3-4f163f884c78@group-FBE9E628C331-LeaderElection7] INFO  grpc.GrpcConfigKeys (ConfUtils.java:logGet(46)) - raft.grpc.server.install_snapshot.request.timeout = 3000ms (default)
2023-06-06 14:26:52,401 [fdffd6d6-5a7e-48c5-a2f3-4f163f884c78@group-FBE9E628C331-LeaderElection7] INFO  server.RaftServerConfigKeys (ConfUtils.java:logGet(46)) - raft.server.log.appender.install.snapshot.enabled = false (custom)
2023-06-06 14:26:52,401 [fdffd6d6-5a7e-48c5-a2f3-4f163f884c78@group-FBE9E628C331-LeaderElection7] INFO  grpc.GrpcConfigKeys (ConfUtils.java:logGet(46)) - raft.grpc.server.heartbeat.channel = true (default)
2023-06-06 14:26:52,402 [fdffd6d6-5a7e-48c5-a2f3-4f163f884c78@group-FBE9E628C331-LeaderElection7] INFO  server.RaftServerConfigKeys (ConfUtils.java:logGet(46)) - raft.server.log.appender.snapshot.chunk.size.max = 16MB (=16777216) (default)
2023-06-06 14:26:52,402 [fdffd6d6-5a7e-48c5-a2f3-4f163f884c78@group-FBE9E628C331-LeaderElection7] INFO  server.RaftServerConfigKeys (ConfUtils.java:logGet(46)) - raft.server.log.appender.buffer.byte-limit = 33554432 (custom)
2023-06-06 14:26:52,402 [fdffd6d6-5a7e-48c5-a2f3-4f163f884c78@group-FBE9E628C331-LeaderElection7] INFO  server.RaftServerConfigKeys (ConfUtils.java:logGet(46)) - raft.server.log.appender.buffer.element-limit = 1 (custom)
2023-06-06 14:26:52,402 [fdffd6d6-5a7e-48c5-a2f3-4f163f884c78@group-FBE9E628C331-LeaderElection7] INFO  server.RaftServerConfigKeys (ConfUtils.java:logGet(46)) - raft.server.log.appender.wait-time.min = 10ms (default)
2023-06-06 14:26:52,402 [fdffd6d6-5a7e-48c5-a2f3-4f163f884c78@group-FBE9E628C331-LeaderElection7] INFO  grpc.GrpcConfigKeys (ConfUtils.java:logGet(46)) - raft.grpc.server.leader.outstanding.appends.max = 128 (default)
2023-06-06 14:26:52,402 [fdffd6d6-5a7e-48c5-a2f3-4f163f884c78@group-FBE9E628C331-LeaderElection7] INFO  server.RaftServerConfigKeys (ConfUtils.java:logGet(46)) - raft.server.rpc.request.timeout = 60s (custom)
2023-06-06 14:26:52,402 [fdffd6d6-5a7e-48c5-a2f3-4f163f884c78@group-FBE9E628C331-LeaderElection7] INFO  grpc.GrpcConfigKeys (ConfUtils.java:logGet(46)) - raft.grpc.server.install_snapshot.request.element-limit = 8 (default)
2023-06-06 14:26:52,402 [fdffd6d6-5a7e-48c5-a2f3-4f163f884c78@group-FBE9E628C331-LeaderElection7] INFO  grpc.GrpcConfigKeys (ConfUtils.java:logGet(46)) - raft.grpc.server.install_snapshot.request.timeout = 3000ms (default)
2023-06-06 14:26:52,402 [fdffd6d6-5a7e-48c5-a2f3-4f163f884c78@group-FBE9E628C331-LeaderElection7] INFO  server.RaftServerConfigKeys (ConfUtils.java:logGet(46)) - raft.server.log.appender.install.snapshot.enabled = false (custom)
2023-06-06 14:26:52,402 [fdffd6d6-5a7e-48c5-a2f3-4f163f884c78@group-FBE9E628C331-LeaderElection7] INFO  grpc.GrpcConfigKeys (ConfUtils.java:logGet(46)) - raft.grpc.server.heartbeat.channel = true (default)
2023-06-06 14:26:52,402 [fdffd6d6-5a7e-48c5-a2f3-4f163f884c78@group-FBE9E628C331-LeaderElection7] INFO  impl.RoleInfo (RoleInfo.java:updateAndGet(139)) - fdffd6d6-5a7e-48c5-a2f3-4f163f884c78: start fdffd6d6-5a7e-48c5-a2f3-4f163f884c78@group-FBE9E628C331-LeaderStateImpl
2023-06-06 14:26:52,403 [fdffd6d6-5a7e-48c5-a2f3-4f163f884c78@group-FBE9E628C331-LeaderElection7] INFO  segmented.SegmentedRaftLogWorker (SegmentedRaftLogWorker.java:startLogSegment(447)) - fdffd6d6-5a7e-48c5-a2f3-4f163f884c78@group-FBE9E628C331-SegmentedRaftLogWorker: Starting segment from index:0
2023-06-06 14:26:52,404 [fdffd6d6-5a7e-48c5-a2f3-4f163f884c78@group-FBE9E628C331-SegmentedRaftLogWorker] INFO  segmented.SegmentedRaftLogWorker (SegmentedRaftLogWorker.java:execute(651)) - fdffd6d6-5a7e-48c5-a2f3-4f163f884c78@group-FBE9E628C331-SegmentedRaftLogWorker: created new log segment /home/runner/work/ozone/ozone/hadoop-ozone/integration-test/target/test-dir/MiniOzoneClusterImpl-27950e3c-5885-4478-a852-34ee2aeb73f6/datanode-2/data/ratis/4ec63cad-2c85-49b1-8449-fbe9e628c331/current/log_inprogress_0
2023-06-06 14:26:52,424 [fdffd6d6-5a7e-48c5-a2f3-4f163f884c78@group-FBE9E628C331-LeaderElection7] INFO  server.RaftServer$Division (ServerState.java:setRaftConf(434)) - fdffd6d6-5a7e-48c5-a2f3-4f163f884c78@group-FBE9E628C331: set configuration 0: peers:[4e2b4efa-bcb4-46de-b119-545b7decf2b1|rpc:10.1.0.37:15023|admin:10.1.0.37:15022|client:10.1.0.37:15021|dataStream:10.1.0.37:15024|priority:0|startupRole:FOLLOWER, c077bb33-fcdc-4b26-85c1-b9d62aefbd7c|rpc:10.1.0.37:15014|admin:10.1.0.37:15013|client:10.1.0.37:15012|dataStream:10.1.0.37:15015|priority:0|startupRole:FOLLOWER, fdffd6d6-5a7e-48c5-a2f3-4f163f884c78|rpc:10.1.0.37:15032|admin:10.1.0.37:15031|client:10.1.0.37:15030|dataStream:10.1.0.37:15033|priority:1|startupRole:FOLLOWER]|listeners:[], old=null
2023-06-06 14:26:52,432 [fdffd6d6-5a7e-48c5-a2f3-4f163f884c78@group-E000353E9717-FollowerState] INFO  impl.FollowerState (FollowerState.java:run(143)) - fdffd6d6-5a7e-48c5-a2f3-4f163f884c78@group-E000353E9717-FollowerState: change to CANDIDATE, lastRpcElapsedTime:5098063477ns, electionTimeout:5096ms
2023-06-06 14:26:52,433 [fdffd6d6-5a7e-48c5-a2f3-4f163f884c78@group-E000353E9717-FollowerState] INFO  impl.RoleInfo (RoleInfo.java:shutdownFollowerState(110)) - fdffd6d6-5a7e-48c5-a2f3-4f163f884c78: shutdown fdffd6d6-5a7e-48c5-a2f3-4f163f884c78@group-E000353E9717-FollowerState
2023-06-06 14:26:52,433 [fdffd6d6-5a7e-48c5-a2f3-4f163f884c78@group-E000353E9717-FollowerState] INFO  server.RaftServer$Division (RaftServerImpl.java:setRole(329)) - fdffd6d6-5a7e-48c5-a2f3-4f163f884c78@group-E000353E9717: changes role from  FOLLOWER to CANDIDATE at term 0 for changeToCandidate
2023-06-06 14:26:52,436 [fdffd6d6-5a7e-48c5-a2f3-4f163f884c78@group-E000353E9717-FollowerState] INFO  server.RaftServerConfigKeys (ConfUtils.java:logGet(46)) - raft.server.leaderelection.pre-vote = true (default)
2023-06-06 14:26:52,436 [fdffd6d6-5a7e-48c5-a2f3-4f163f884c78@group-E000353E9717-FollowerState] INFO  impl.RoleInfo (RoleInfo.java:updateAndGet(139)) - fdffd6d6-5a7e-48c5-a2f3-4f163f884c78: start fdffd6d6-5a7e-48c5-a2f3-4f163f884c78@group-E000353E9717-LeaderElection8
2023-06-06 14:26:52,457 [fdffd6d6-5a7e-48c5-a2f3-4f163f884c78@group-E000353E9717-LeaderElection8] INFO  impl.LeaderElection (LeaderElection.java:askForVotes(321)) - fdffd6d6-5a7e-48c5-a2f3-4f163f884c78@group-E000353E9717-LeaderElection8 PRE_VOTE round 0: submit vote requests at term 0 for -1: peers:[fdffd6d6-5a7e-48c5-a2f3-4f163f884c78|rpc:10.1.0.37:15032|admin:10.1.0.37:15031|client:10.1.0.37:15030|dataStream:10.1.0.37:15033|priority:1|startupRole:FOLLOWER]|listeners:[], old=null
2023-06-06 14:26:52,457 [fdffd6d6-5a7e-48c5-a2f3-4f163f884c78@group-E000353E9717-LeaderElection8] INFO  impl.LeaderElection (LeaderElection.java:askForVotes(323)) - fdffd6d6-5a7e-48c5-a2f3-4f163f884c78@group-E000353E9717-LeaderElection8 PRE_VOTE round 0: result PASSED (term=0)
2023-06-06 14:26:52,459 [fdffd6d6-5a7e-48c5-a2f3-4f163f884c78@group-E000353E9717-LeaderElection8] INFO  impl.LeaderElection (LeaderElection.java:askForVotes(321)) - fdffd6d6-5a7e-48c5-a2f3-4f163f884c78@group-E000353E9717-LeaderElection8 ELECTION round 0: submit vote requests at term 1 for -1: peers:[fdffd6d6-5a7e-48c5-a2f3-4f163f884c78|rpc:10.1.0.37:15032|admin:10.1.0.37:15031|client:10.1.0.37:15030|dataStream:10.1.0.37:15033|priority:1|startupRole:FOLLOWER]|listeners:[], old=null
2023-06-06 14:26:52,460 [fdffd6d6-5a7e-48c5-a2f3-4f163f884c78@group-E000353E9717-LeaderElection8] INFO  impl.LeaderElection (LeaderElection.java:askForVotes(323)) - fdffd6d6-5a7e-48c5-a2f3-4f163f884c78@group-E000353E9717-LeaderElection8 ELECTION round 0: result PASSED (term=1)
2023-06-06 14:26:52,460 [fdffd6d6-5a7e-48c5-a2f3-4f163f884c78@group-E000353E9717-LeaderElection8] INFO  impl.RoleInfo (RoleInfo.java:shutdownLeaderElection(130)) - fdffd6d6-5a7e-48c5-a2f3-4f163f884c78: shutdown fdffd6d6-5a7e-48c5-a2f3-4f163f884c78@group-E000353E9717-LeaderElection8
2023-06-06 14:26:52,460 [fdffd6d6-5a7e-48c5-a2f3-4f163f884c78@group-E000353E9717-LeaderElection8] INFO  server.RaftServer$Division (RaftServerImpl.java:setRole(329)) - fdffd6d6-5a7e-48c5-a2f3-4f163f884c78@group-E000353E9717: changes role from CANDIDATE to LEADER at term 1 for changeToLeader
2023-06-06 14:26:52,460 [fdffd6d6-5a7e-48c5-a2f3-4f163f884c78@group-E000353E9717-LeaderElection8] INFO  ratis.XceiverServerRatis (XceiverServerRatis.java:handleLeaderChangedNotification(902)) - Leader change notification received for group: group-E000353E9717 with new leaderId: fdffd6d6-5a7e-48c5-a2f3-4f163f884c78
2023-06-06 14:26:52,460 [fdffd6d6-5a7e-48c5-a2f3-4f163f884c78@group-E000353E9717-LeaderElection8] INFO  server.RaftServer$Division (ServerState.java:setLeader(317)) - fdffd6d6-5a7e-48c5-a2f3-4f163f884c78@group-E000353E9717: change Leader from null to fdffd6d6-5a7e-48c5-a2f3-4f163f884c78 at term 1 for becomeLeader, leader elected after 5151ms
2023-06-06 14:26:52,460 [fdffd6d6-5a7e-48c5-a2f3-4f163f884c78@group-E000353E9717-LeaderElection8] INFO  server.RaftServerConfigKeys (ConfUtils.java:logGet(46)) - raft.server.staging.catchup.gap = 1000 (default)
2023-06-06 14:26:52,461 [fdffd6d6-5a7e-48c5-a2f3-4f163f884c78@group-E000353E9717-LeaderElection8] INFO  server.RaftServerConfigKeys (ConfUtils.java:logGet(46)) - raft.server.write.element-limit = 1024 (custom)
2023-06-06 14:26:52,461 [fdffd6d6-5a7e-48c5-a2f3-4f163f884c78@group-E000353E9717-LeaderElection8] INFO  server.RaftServerConfigKeys (ConfUtils.java:logGet(46)) - raft.server.write.byte-limit = 1024 M (=1073741824) (custom)
2023-06-06 14:26:52,462 [fdffd6d6-5a7e-48c5-a2f3-4f163f884c78@group-E000353E9717-LeaderElection8] INFO  server.RaftServerConfigKeys (ConfUtils.java:logGet(46)) - raft.server.watch.timeout = 180s (custom)
2023-06-06 14:26:52,462 [fdffd6d6-5a7e-48c5-a2f3-4f163f884c78@group-E000353E9717-LeaderElection8] INFO  server.RaftServerConfigKeys (ConfUtils.java:logGet(46)) - raft.server.watch.timeout.denomination = 1s (default)
2023-06-06 14:26:52,462 [c077bb33-fcdc-4b26-85c1-b9d62aefbd7c-server-thread1] INFO  ratis.XceiverServerRatis (XceiverServerRatis.java:handleLeaderChangedNotification(902)) - Leader change notification received for group: group-FBE9E628C331 with new leaderId: fdffd6d6-5a7e-48c5-a2f3-4f163f884c78
2023-06-06 14:26:52,462 [c077bb33-fcdc-4b26-85c1-b9d62aefbd7c-server-thread1] INFO  server.RaftServer$Division (ServerState.java:setLeader(317)) - c077bb33-fcdc-4b26-85c1-b9d62aefbd7c@group-FBE9E628C331: change Leader from null to fdffd6d6-5a7e-48c5-a2f3-4f163f884c78 at term 1 for appendEntries, leader elected after 5234ms
2023-06-06 14:26:52,462 [4e2b4efa-bcb4-46de-b119-545b7decf2b1-server-thread1] INFO  ratis.XceiverServerRatis (XceiverServerRatis.java:handleLeaderChangedNotification(902)) - Leader change notification received for group: group-FBE9E628C331 with new leaderId: fdffd6d6-5a7e-48c5-a2f3-4f163f884c78
2023-06-06 14:26:52,463 [4e2b4efa-bcb4-46de-b119-545b7decf2b1-server-thread1] INFO  server.RaftServer$Division (ServerState.java:setLeader(317)) - 4e2b4efa-bcb4-46de-b119-545b7decf2b1@group-FBE9E628C331: change Leader from null to fdffd6d6-5a7e-48c5-a2f3-4f163f884c78 at term 1 for appendEntries, leader elected after 5363ms
2023-06-06 14:26:52,462 [fdffd6d6-5a7e-48c5-a2f3-4f163f884c78@group-E000353E9717-LeaderElection8] INFO  server.RaftServerConfigKeys (ConfUtils.java:logGet(46)) - raft.server.watch.element-limit = 65536 (default)
2023-06-06 14:26:52,463 [fdffd6d6-5a7e-48c5-a2f3-4f163f884c78@group-E000353E9717-LeaderElection8] INFO  server.RaftServerConfigKeys (ConfUtils.java:logGet(46)) - raft.server.write.element-limit = 1024 (custom)
2023-06-06 14:26:52,463 [fdffd6d6-5a7e-48c5-a2f3-4f163f884c78@group-E000353E9717-LeaderElection8] INFO  server.RaftServerConfigKeys (ConfUtils.java:logGet(46)) - raft.server.write.follower.gap.ratio.max = -1.0 (default)
2023-06-06 14:26:52,464 [fdffd6d6-5a7e-48c5-a2f3-4f163f884c78@group-E000353E9717-LeaderElection8] INFO  impl.RoleInfo (RoleInfo.java:updateAndGet(139)) - fdffd6d6-5a7e-48c5-a2f3-4f163f884c78: start fdffd6d6-5a7e-48c5-a2f3-4f163f884c78@group-E000353E9717-LeaderStateImpl
2023-06-06 14:26:52,464 [fdffd6d6-5a7e-48c5-a2f3-4f163f884c78@group-E000353E9717-LeaderElection8] INFO  segmented.SegmentedRaftLogWorker (SegmentedRaftLogWorker.java:startLogSegment(447)) - fdffd6d6-5a7e-48c5-a2f3-4f163f884c78@group-E000353E9717-SegmentedRaftLogWorker: Starting segment from index:0
2023-06-06 14:26:52,469 [fdffd6d6-5a7e-48c5-a2f3-4f163f884c78@group-E000353E9717-SegmentedRaftLogWorker] INFO  segmented.SegmentedRaftLogWorker (SegmentedRaftLogWorker.java:execute(651)) - fdffd6d6-5a7e-48c5-a2f3-4f163f884c78@group-E000353E9717-SegmentedRaftLogWorker: created new log segment /home/runner/work/ozone/ozone/hadoop-ozone/integration-test/target/test-dir/MiniOzoneClusterImpl-27950e3c-5885-4478-a852-34ee2aeb73f6/datanode-2/data/ratis/fbe7c58d-1410-4b07-8c00-e000353e9717/current/log_inprogress_0
2023-06-06 14:26:52,482 [4e2b4efa-bcb4-46de-b119-545b7decf2b1-server-thread1] INFO  server.RaftServer$Division (ServerState.java:setRaftConf(434)) - 4e2b4efa-bcb4-46de-b119-545b7decf2b1@group-FBE9E628C331: set configuration 0: peers:[4e2b4efa-bcb4-46de-b119-545b7decf2b1|rpc:10.1.0.37:15023|admin:10.1.0.37:15022|client:10.1.0.37:15021|dataStream:10.1.0.37:15024|priority:0|startupRole:FOLLOWER, c077bb33-fcdc-4b26-85c1-b9d62aefbd7c|rpc:10.1.0.37:15014|admin:10.1.0.37:15013|client:10.1.0.37:15012|dataStream:10.1.0.37:15015|priority:0|startupRole:FOLLOWER, fdffd6d6-5a7e-48c5-a2f3-4f163f884c78|rpc:10.1.0.37:15032|admin:10.1.0.37:15031|client:10.1.0.37:15030|dataStream:10.1.0.37:15033|priority:1|startupRole:FOLLOWER]|listeners:[], old=null
2023-06-06 14:26:52,483 [4e2b4efa-bcb4-46de-b119-545b7decf2b1-server-thread1] INFO  segmented.SegmentedRaftLogWorker (SegmentedRaftLogWorker.java:startLogSegment(447)) - 4e2b4efa-bcb4-46de-b119-545b7decf2b1@group-FBE9E628C331-SegmentedRaftLogWorker: Starting segment from index:0
2023-06-06 14:26:52,483 [c077bb33-fcdc-4b26-85c1-b9d62aefbd7c-server-thread1] INFO  server.RaftServer$Division (ServerState.java:setRaftConf(434)) - c077bb33-fcdc-4b26-85c1-b9d62aefbd7c@group-FBE9E628C331: set configuration 0: peers:[4e2b4efa-bcb4-46de-b119-545b7decf2b1|rpc:10.1.0.37:15023|admin:10.1.0.37:15022|client:10.1.0.37:15021|dataStream:10.1.0.37:15024|priority:0|startupRole:FOLLOWER, c077bb33-fcdc-4b26-85c1-b9d62aefbd7c|rpc:10.1.0.37:15014|admin:10.1.0.37:15013|client:10.1.0.37:15012|dataStream:10.1.0.37:15015|priority:0|startupRole:FOLLOWER, fdffd6d6-5a7e-48c5-a2f3-4f163f884c78|rpc:10.1.0.37:15032|admin:10.1.0.37:15031|client:10.1.0.37:15030|dataStream:10.1.0.37:15033|priority:1|startupRole:FOLLOWER]|listeners:[], old=null
2023-06-06 14:26:52,484 [c077bb33-fcdc-4b26-85c1-b9d62aefbd7c-server-thread1] INFO  segmented.SegmentedRaftLogWorker (SegmentedRaftLogWorker.java:startLogSegment(447)) - c077bb33-fcdc-4b26-85c1-b9d62aefbd7c@group-FBE9E628C331-SegmentedRaftLogWorker: Starting segment from index:0
2023-06-06 14:26:52,484 [fdffd6d6-5a7e-48c5-a2f3-4f163f884c78@group-E000353E9717-LeaderElection8] INFO  server.RaftServer$Division (ServerState.java:setRaftConf(434)) - fdffd6d6-5a7e-48c5-a2f3-4f163f884c78@group-E000353E9717: set configuration 0: peers:[fdffd6d6-5a7e-48c5-a2f3-4f163f884c78|rpc:10.1.0.37:15032|admin:10.1.0.37:15031|client:10.1.0.37:15030|dataStream:10.1.0.37:15033|priority:1|startupRole:FOLLOWER]|listeners:[], old=null
2023-06-06 14:26:52,501 [c077bb33-fcdc-4b26-85c1-b9d62aefbd7c@group-FBE9E628C331-SegmentedRaftLogWorker] INFO  segmented.SegmentedRaftLogWorker (SegmentedRaftLogWorker.java:execute(651)) - c077bb33-fcdc-4b26-85c1-b9d62aefbd7c@group-FBE9E628C331-SegmentedRaftLogWorker: created new log segment /home/runner/work/ozone/ozone/hadoop-ozone/integration-test/target/test-dir/MiniOzoneClusterImpl-27950e3c-5885-4478-a852-34ee2aeb73f6/datanode-0/data/ratis/4ec63cad-2c85-49b1-8449-fbe9e628c331/current/log_inprogress_0
2023-06-06 14:26:52,502 [4e2b4efa-bcb4-46de-b119-545b7decf2b1@group-FBE9E628C331-SegmentedRaftLogWorker] INFO  segmented.SegmentedRaftLogWorker (SegmentedRaftLogWorker.java:execute(651)) - 4e2b4efa-bcb4-46de-b119-545b7decf2b1@group-FBE9E628C331-SegmentedRaftLogWorker: created new log segment /home/runner/work/ozone/ozone/hadoop-ozone/integration-test/target/test-dir/MiniOzoneClusterImpl-27950e3c-5885-4478-a852-34ee2aeb73f6/datanode-1/data/ratis/4ec63cad-2c85-49b1-8449-fbe9e628c331/current/log_inprogress_0
2023-06-06 14:26:52,884 [JvmPauseMonitor0] WARN  util.JvmPauseMonitor (JvmPauseMonitor.java:detectPause(124)) - JvmPauseMonitor-7fbd5b3b-c0d3-4197-a2fb-05ebf2278e2e: Detected pause in JVM or host machine approximately 0.109s with 0.291s GC time.
GC pool 'PS MarkSweep' had collection(s): count=1 time=219ms
GC pool 'PS Scavenge' had collection(s): count=1 time=72ms
2023-06-06 14:26:53,245 [Time-limited test] INFO  rpc.RpcClient (RpcClient.java:createVolume(459)) - Creating Volume: volume02242, with user36648 as owner and space quota set to -1 bytes, counts quota set to -1
2023-06-06 14:26:53,286 [OM StateMachine ApplyTransaction Thread - 0] INFO  volume.OMVolumeCreateRequest (OMVolumeCreateRequest.java:validateAndUpdateCache(196)) - created volume:volume02242 for user:user36648
2023-06-06 14:26:53,314 [Time-limited test] INFO  rpc.RpcClient (RpcClient.java:createBucket(686)) - Creating Bucket: volume02242/bucket47047, with bucket layout LEGACY, runner as owner, Versioning false, Storage Type set to DISK and Encryption set to false, Replication Type set to server-side default replication type, Namespace Quota set to -1, Space Quota set to -1 
2023-06-06 14:26:53,328 [OM StateMachine ApplyTransaction Thread - 0] INFO  bucket.OMBucketCreateRequest (OMBucketCreateRequest.java:validateAndUpdateCache(270)) - created bucket: bucket47047 of layout LEGACY in volume: volume02242
2023-06-06 14:26:53,378 [IPC Server handler 0 on default port 15001] INFO  ha.SequenceIdGenerator (SequenceIdGenerator.java:getNextId(128)) - Allocate a batch for containerId, change lastId from 0 to 1000.
2023-06-06 14:26:53,391 [IPC Server handler 0 on default port 15001] WARN  ha.SequenceIdGenerator (SequenceIdGenerator.java:allocateBatch(237)) - Failed to allocate a batch for localId, expected lastId is 0, actual lastId is 111677748019200000.
2023-06-06 14:26:53,391 [IPC Server handler 0 on default port 15001] INFO  ha.SequenceIdGenerator (SequenceIdGenerator.java:getNextId(128)) - Allocate a batch for localId, change lastId from 111677748019200000 to 111677748019201000.
2023-06-06 14:26:53,465 [Time-limited test] INFO  impl.MetricsSystemImpl (MetricsSystemImpl.java:init(158)) - XceiverClientMetrics metrics system started (again)
2023-06-06 14:26:53,465 [Time-limited test] INFO  lib.Interns (Interns.java:removeEldestEntry(50)) - Metrics intern cache overflow at 2011 for MetricsSystem={MetricsSystem=MetricsInfoImpl{name=MetricsSystem, description=MetricsSystem}, MetricsSystem record=MetricsInfoImpl{name=MetricsSystem, description=MetricsSystem record}}
2023-06-06 14:26:55,145 [Time-limited test] INFO  ha.SequenceIdGenerator (SequenceIdGenerator.java:getNextId(128)) - Allocate a batch for delTxnId, change lastId from 0 to 1000.
2023-06-06 14:27:05,181 [Time-limited test] INFO  ozone.MiniOzoneClusterImpl (MiniOzoneClusterImpl.java:shutdown(442)) - Shutting down the Mini Ozone Cluster
2023-06-06 14:27:05,182 [Time-limited test] INFO  ozone.MiniOzoneClusterImpl (MiniOzoneClusterImpl.java:stop(459)) - Stopping the Mini Ozone Cluster
2023-06-06 14:27:05,182 [Time-limited test] INFO  ozone.MiniOzoneClusterImpl (MiniOzoneClusterImpl.java:stopOM(545)) - Stopping the OzoneManager
2023-06-06 14:27:05,182 [Time-limited test] INFO  om.OzoneManager (OzoneManager.java:stop(2171)) - om1[localhost:15004]: Stopping Ozone Manager
2023-06-06 14:27:05,182 [Time-limited test] INFO  ipc.Server (Server.java:stop(3501)) - Stopping server on 15004
2023-06-06 14:27:05,184 [IPC Server listener on 15004] INFO  ipc.Server (Server.java:run(1430)) - Stopping IPC Server listener on 15004
2023-06-06 14:27:05,185 [IPC Server Responder] INFO  ipc.Server (Server.java:run(1563)) - Stopping IPC Server Responder
2023-06-06 14:27:05,186 [Time-limited test] INFO  server.RaftServer (RaftServerProxy.java:lambda$close$6(416)) - om1: close
2023-06-06 14:27:05,187 [Time-limited test] INFO  server.GrpcService (GrpcService.java:closeImpl(311)) - om1: shutdown server GrpcServerProtocolService now
2023-06-06 14:27:05,187 [om1-impl-thread1] INFO  server.RaftServer$Division (RaftServerImpl.java:lambda$close$4(466)) - om1@group-C5BA1605619E: shutdown
2023-06-06 14:27:05,187 [om1-impl-thread1] INFO  util.JmxRegister (JmxRegister.java:unregister(73)) - Successfully un-registered JMX Bean with object name Ratis:service=RaftServer,group=group-C5BA1605619E,id=om1
2023-06-06 14:27:05,187 [om1-impl-thread1] INFO  impl.RoleInfo (RoleInfo.java:shutdownLeaderState(93)) - om1: shutdown om1@group-C5BA1605619E-LeaderStateImpl
2023-06-06 14:27:05,188 [om1-impl-thread1] INFO  impl.PendingRequests (PendingRequests.java:sendNotLeaderResponses(289)) - om1@group-C5BA1605619E-PendingRequests: sendNotLeaderResponses
2023-06-06 14:27:05,199 [om1-impl-thread1] INFO  impl.StateMachineUpdater (StateMachineUpdater.java:stopAndJoin(155)) - om1@group-C5BA1605619E-StateMachineUpdater: set stopIndex = 24
2023-06-06 14:27:05,199 [om1@group-C5BA1605619E-StateMachineUpdater] INFO  ratis.OzoneManagerStateMachine (OzoneManagerStateMachine.java:takeSnapshot(479)) - Current Snapshot Index (t:1, i:24)
2023-06-06 14:27:05,212 [Time-limited test] INFO  server.GrpcService (GrpcService.java:closeImpl(320)) - om1: shutdown server GrpcServerProtocolService successfully
2023-06-06 14:27:05,224 [om1@group-C5BA1605619E-StateMachineUpdater] INFO  impl.StateMachineUpdater (StateMachineUpdater.java:takeSnapshot(291)) - om1@group-C5BA1605619E-StateMachineUpdater: Took a snapshot at index 24
2023-06-06 14:27:05,224 [om1@group-C5BA1605619E-StateMachineUpdater] INFO  impl.StateMachineUpdater (StateMachineUpdater.java:lambda$new$0(97)) - om1@group-C5BA1605619E-StateMachineUpdater: snapshotIndex: updateIncreasingly -1 -> 24
2023-06-06 14:27:05,224 [om1@group-C5BA1605619E-StateMachineUpdater] INFO  ratis.OzoneManagerStateMachine (OzoneManagerStateMachine.java:close(533)) - StateMachine has shutdown. Shutdown OzoneManager if not already shutdown.
2023-06-06 14:27:05,224 [om1@group-C5BA1605619E-StateMachineUpdater] INFO  ratis.OzoneManagerDoubleBuffer (OzoneManagerDoubleBuffer.java:stopDaemon(559)) - Stopping OMDoubleBuffer flush thread
2023-06-06 14:27:05,225 [OMDoubleBufferFlushThread] INFO  ratis.OzoneManagerDoubleBuffer (OzoneManagerDoubleBuffer.java:canFlush(648)) - OMDoubleBuffer flush thread OMDoubleBufferFlushThread is interrupted and will exit.
2023-06-06 14:27:05,226 [om1-impl-thread1] INFO  server.RaftServer$Division (ServerState.java:close(472)) - om1@group-C5BA1605619E: closes. applyIndex: 24
2023-06-06 14:27:05,936 [om1-impl-thread1] INFO  segmented.SegmentedRaftLogWorker (SegmentedRaftLogWorker.java:close(252)) - om1@group-C5BA1605619E-SegmentedRaftLogWorker close()
2023-06-06 14:27:05,937 [JvmPauseMonitor1] INFO  util.JvmPauseMonitor (JvmPauseMonitor.java:run(109)) - JvmPauseMonitor-om1: Stopped
2023-06-06 14:27:05,937 [Time-limited test] INFO  ratis.OzoneManagerStateMachine (OzoneManagerStateMachine.java:close(533)) - StateMachine has shutdown. Shutdown OzoneManager if not already shutdown.
2023-06-06 14:27:05,937 [Time-limited test] INFO  ratis.OzoneManagerDoubleBuffer (OzoneManagerDoubleBuffer.java:stopDaemon(568)) - OMDoubleBuffer flush thread is not running.
2023-06-06 14:27:05,937 [Time-limited test] INFO  utils.BackgroundService (BackgroundService.java:shutdown(141)) - Shutting down service KeyDeletingService
2023-06-06 14:27:05,938 [Time-limited test] INFO  utils.BackgroundService (BackgroundService.java:shutdown(141)) - Shutting down service KeyDeletingService
2023-06-06 14:27:05,938 [Time-limited test] INFO  utils.BackgroundService (BackgroundService.java:shutdown(141)) - Shutting down service OpenKeyCleanupService
2023-06-06 14:27:05,938 [Time-limited test] INFO  utils.BackgroundService (BackgroundService.java:shutdown(141)) - Shutting down service SstFilteringService
2023-06-06 14:27:05,938 [Time-limited test] INFO  utils.BackgroundService (BackgroundService.java:shutdown(141)) - Shutting down service SnapshotDeletingService
2023-06-06 14:27:05,940 [Time-limited test] INFO  handler.ContextHandler (ContextHandler.java:doStop(1159)) - Stopped o.e.j.w.WebAppContext@7b010748{ozoneManager,/,null,STOPPED}{file:/home/runner/work/ozone/ozone/hadoop-ozone/integration-test/target/test-classes/webapps/ozoneManager}
2023-06-06 14:27:05,943 [Time-limited test] INFO  server.AbstractConnector (AbstractConnector.java:doStop(383)) - Stopped ServerConnector@1e937fd1{HTTP/1.1, (http/1.1)}{0.0.0.0:15005}
2023-06-06 14:27:05,943 [Time-limited test] INFO  server.session (HouseKeeper.java:stopScavenging(149)) - node0 Stopped scavenging
2023-06-06 14:27:05,943 [Time-limited test] INFO  handler.ContextHandler (ContextHandler.java:doStop(1159)) - Stopped o.e.j.s.ServletContextHandler@5e5b10e0{static,/static,file:///home/runner/work/ozone/ozone/hadoop-ozone/integration-test/target/test-classes/webapps/static,STOPPED}
2023-06-06 14:27:05,943 [Time-limited test] INFO  handler.ContextHandler (ContextHandler.java:doStop(1159)) - Stopped o.e.j.s.ServletContextHandler@5a3bb6b{logs,/logs,file:///home/runner/work/ozone/ozone/hadoop-ozone/integration-test/target/log,STOPPED}
2023-06-06 14:27:05,949 [Time-limited test] INFO  snapshot.SnapshotDiffManager (SnapshotDiffManager.java:closeExecutorService(1278)) - Shutting down executorService: 'SnapDiffExecutor'
2023-06-06 14:27:05,949 [Time-limited test] INFO  utils.BackgroundService (BackgroundService.java:shutdown(141)) - Shutting down service SnapshotDiffCleanupService
2023-06-06 14:27:05,951 [Time-limited test] INFO  ozone.MiniOzoneClusterImpl (MiniOzoneClusterImpl.java:stopDatanodes(522)) - Stopping the HddsDatanodes
2023-06-06 14:27:05,956 [ForkJoinPool.commonPool-worker-0] INFO  ozoneimpl.OzoneContainer (OzoneContainer.java:stop(420)) - Attempting to stop container services.
2023-06-06 14:27:05,957 [Time-limited test] INFO  ozoneimpl.OzoneContainer (OzoneContainer.java:stop(420)) - Attempting to stop container services.
2023-06-06 14:27:05,958 [Time-limited test] INFO  server.RaftServer (RaftServerProxy.java:lambda$close$6(416)) - 4e2b4efa-bcb4-46de-b119-545b7decf2b1: close
2023-06-06 14:27:05,958 [4e2b4efa-bcb4-46de-b119-545b7decf2b1-impl-thread1] INFO  server.RaftServer$Division (RaftServerImpl.java:lambda$close$4(466)) - 4e2b4efa-bcb4-46de-b119-545b7decf2b1@group-9F8053CB28CC: shutdown
2023-06-06 14:27:05,958 [4e2b4efa-bcb4-46de-b119-545b7decf2b1-impl-thread1] INFO  util.JmxRegister (JmxRegister.java:unregister(73)) - Successfully un-registered JMX Bean with object name Ratis:service=RaftServer,group=group-9F8053CB28CC,id=4e2b4efa-bcb4-46de-b119-545b7decf2b1
2023-06-06 14:27:05,958 [4e2b4efa-bcb4-46de-b119-545b7decf2b1-impl-thread1] INFO  impl.RoleInfo (RoleInfo.java:shutdownLeaderState(93)) - 4e2b4efa-bcb4-46de-b119-545b7decf2b1: shutdown 4e2b4efa-bcb4-46de-b119-545b7decf2b1@group-9F8053CB28CC-LeaderStateImpl
2023-06-06 14:27:05,958 [4e2b4efa-bcb4-46de-b119-545b7decf2b1-impl-thread2] INFO  server.RaftServer$Division (RaftServerImpl.java:lambda$close$4(466)) - 4e2b4efa-bcb4-46de-b119-545b7decf2b1@group-FBE9E628C331: shutdown
2023-06-06 14:27:05,958 [4e2b4efa-bcb4-46de-b119-545b7decf2b1-impl-thread2] INFO  util.JmxRegister (JmxRegister.java:unregister(73)) - Successfully un-registered JMX Bean with object name Ratis:service=RaftServer,group=group-FBE9E628C331,id=4e2b4efa-bcb4-46de-b119-545b7decf2b1
2023-06-06 14:27:05,958 [4e2b4efa-bcb4-46de-b119-545b7decf2b1-impl-thread2] INFO  impl.RoleInfo (RoleInfo.java:shutdownFollowerState(110)) - 4e2b4efa-bcb4-46de-b119-545b7decf2b1: shutdown 4e2b4efa-bcb4-46de-b119-545b7decf2b1@group-FBE9E628C331-FollowerState
2023-06-06 14:27:05,958 [Time-limited test] INFO  server.GrpcService (GrpcService.java:closeImpl(311)) - 4e2b4efa-bcb4-46de-b119-545b7decf2b1: shutdown server org.apache.ratis.grpc.server.GrpcClientProtocolService now
2023-06-06 14:27:05,965 [4e2b4efa-bcb4-46de-b119-545b7decf2b1-impl-thread2] INFO  impl.StateMachineUpdater (StateMachineUpdater.java:stopAndJoin(155)) - 4e2b4efa-bcb4-46de-b119-545b7decf2b1@group-FBE9E628C331-StateMachineUpdater: set stopIndex = 0
2023-06-06 14:27:05,966 [4e2b4efa-bcb4-46de-b119-545b7decf2b1-impl-thread3] INFO  server.RaftServer$Division (RaftServerImpl.java:lambda$close$4(466)) - 4e2b4efa-bcb4-46de-b119-545b7decf2b1@group-DDC5CB68ABFD: shutdown
2023-06-06 14:27:05,966 [4e2b4efa-bcb4-46de-b119-545b7decf2b1@group-FBE9E628C331-StateMachineUpdater] INFO  ratis.ContainerStateMachine (ContainerStateMachine.java:takeSnapshot(330)) - group-FBE9E628C331: Taking a snapshot at:(t:1, i:0) file /home/runner/work/ozone/ozone/hadoop-ozone/integration-test/target/test-dir/MiniOzoneClusterImpl-27950e3c-5885-4478-a852-34ee2aeb73f6/datanode-1/data/ratis/4ec63cad-2c85-49b1-8449-fbe9e628c331/sm/snapshot.1_0
2023-06-06 14:27:05,966 [4e2b4efa-bcb4-46de-b119-545b7decf2b1-impl-thread3] INFO  util.JmxRegister (JmxRegister.java:unregister(73)) - Successfully un-registered JMX Bean with object name Ratis:service=RaftServer,group=group-DDC5CB68ABFD,id=4e2b4efa-bcb4-46de-b119-545b7decf2b1
2023-06-06 14:27:05,966 [4e2b4efa-bcb4-46de-b119-545b7decf2b1-impl-thread3] INFO  impl.RoleInfo (RoleInfo.java:shutdownLeaderState(93)) - 4e2b4efa-bcb4-46de-b119-545b7decf2b1: shutdown 4e2b4efa-bcb4-46de-b119-545b7decf2b1@group-DDC5CB68ABFD-LeaderStateImpl
2023-06-06 14:27:05,967 [4e2b4efa-bcb4-46de-b119-545b7decf2b1@group-DDC5CB68ABFD->fdffd6d6-5a7e-48c5-a2f3-4f163f884c78-GrpcLogAppender-LogAppenderDaemon] WARN  server.GrpcLogAppender (GrpcLogAppender.java:mayWait(199)) - 4e2b4efa-bcb4-46de-b119-545b7decf2b1@group-DDC5CB68ABFD->fdffd6d6-5a7e-48c5-a2f3-4f163f884c78-GrpcLogAppender: Wait interrupted by java.lang.InterruptedException
2023-06-06 14:27:05,958 [4e2b4efa-bcb4-46de-b119-545b7decf2b1-impl-thread1] INFO  impl.PendingRequests (PendingRequests.java:sendNotLeaderResponses(289)) - 4e2b4efa-bcb4-46de-b119-545b7decf2b1@group-9F8053CB28CC-PendingRequests: sendNotLeaderResponses
2023-06-06 14:27:05,969 [grpc-default-executor-2] INFO  server.GrpcServerProtocolService (GrpcServerProtocolService.java:onCompleted(155)) - fdffd6d6-5a7e-48c5-a2f3-4f163f884c78: Completed APPEND_ENTRIES, lastRequest: null
2023-06-06 14:27:05,970 [grpc-default-executor-2] INFO  server.GrpcServerProtocolService (GrpcServerProtocolService.java:lambda$onCompleted$5(157)) - fdffd6d6-5a7e-48c5-a2f3-4f163f884c78: Completed APPEND_ENTRIES, lastReply: serverReply {
  requestorId: "4e2b4efa-bcb4-46de-b119-545b7decf2b1"
  replyId: "fdffd6d6-5a7e-48c5-a2f3-4f163f884c78"
  raftGroupId {
    id: "\377\246\000\372\343&D\002\201C\335\305\313h\253\375"
  }
  callId: 8
  success: true
}
term: 1
nextIndex: 1
matchIndex: 18446744073709551615
isHearbeat: true

2023-06-06 14:27:05,972 [4e2b4efa-bcb4-46de-b119-545b7decf2b1-impl-thread3] INFO  impl.PendingRequests (PendingRequests.java:sendNotLeaderResponses(289)) - 4e2b4efa-bcb4-46de-b119-545b7decf2b1@group-DDC5CB68ABFD-PendingRequests: sendNotLeaderResponses
2023-06-06 14:27:05,973 [4e2b4efa-bcb4-46de-b119-545b7decf2b1-impl-thread3] INFO  impl.StateMachineUpdater (StateMachineUpdater.java:stopAndJoin(155)) - 4e2b4efa-bcb4-46de-b119-545b7decf2b1@group-DDC5CB68ABFD-StateMachineUpdater: set stopIndex = 0
2023-06-06 14:27:05,973 [4e2b4efa-bcb4-46de-b119-545b7decf2b1@group-DDC5CB68ABFD-StateMachineUpdater] INFO  ratis.ContainerStateMachine (ContainerStateMachine.java:takeSnapshot(330)) - group-DDC5CB68ABFD: Taking a snapshot at:(t:1, i:0) file /home/runner/work/ozone/ozone/hadoop-ozone/integration-test/target/test-dir/MiniOzoneClusterImpl-27950e3c-5885-4478-a852-34ee2aeb73f6/datanode-1/data/ratis/ffa600fa-e326-4402-8143-ddc5cb68abfd/sm/snapshot.1_0
2023-06-06 14:27:05,984 [4e2b4efa-bcb4-46de-b119-545b7decf2b1@group-FBE9E628C331-FollowerState] INFO  impl.FollowerState (FollowerState.java:run(152)) - 4e2b4efa-bcb4-46de-b119-545b7decf2b1@group-FBE9E628C331-FollowerState was interrupted
2023-06-06 14:27:05,968 [4e2b4efa-bcb4-46de-b119-545b7decf2b1@group-DDC5CB68ABFD->c077bb33-fcdc-4b26-85c1-b9d62aefbd7c-GrpcLogAppender-LogAppenderDaemon] WARN  server.GrpcLogAppender (GrpcLogAppender.java:mayWait(199)) - 4e2b4efa-bcb4-46de-b119-545b7decf2b1@group-DDC5CB68ABFD->c077bb33-fcdc-4b26-85c1-b9d62aefbd7c-GrpcLogAppender: Wait interrupted by java.lang.InterruptedException
2023-06-06 14:27:05,987 [ForkJoinPool.commonPool-worker-0] INFO  server.RaftServer (RaftServerProxy.java:lambda$close$6(416)) - c077bb33-fcdc-4b26-85c1-b9d62aefbd7c: close
2023-06-06 14:27:05,987 [c077bb33-fcdc-4b26-85c1-b9d62aefbd7c-impl-thread1] INFO  server.RaftServer$Division (RaftServerImpl.java:lambda$close$4(466)) - c077bb33-fcdc-4b26-85c1-b9d62aefbd7c@group-FBE9E628C331: shutdown
2023-06-06 14:27:05,987 [c077bb33-fcdc-4b26-85c1-b9d62aefbd7c-impl-thread1] INFO  util.JmxRegister (JmxRegister.java:unregister(73)) - Successfully un-registered JMX Bean with object name Ratis:service=RaftServer,group=group-FBE9E628C331,id=c077bb33-fcdc-4b26-85c1-b9d62aefbd7c
2023-06-06 14:27:05,987 [c077bb33-fcdc-4b26-85c1-b9d62aefbd7c-impl-thread1] INFO  impl.RoleInfo (RoleInfo.java:shutdownFollowerState(110)) - c077bb33-fcdc-4b26-85c1-b9d62aefbd7c: shutdown c077bb33-fcdc-4b26-85c1-b9d62aefbd7c@group-FBE9E628C331-FollowerState
2023-06-06 14:27:05,988 [grpc-default-executor-1] INFO  server.GrpcServerProtocolService (GrpcServerProtocolService.java:onCompleted(155)) - c077bb33-fcdc-4b26-85c1-b9d62aefbd7c: Completed APPEND_ENTRIES, lastRequest: 4e2b4efa-bcb4-46de-b119-545b7decf2b1->c077bb33-fcdc-4b26-85c1-b9d62aefbd7c#1-t1,previous=(t:0, i:0),leaderCommit=-1,initializing? true,entries: size=1, first=(t:1, i:0), CONFIGURATIONENTRY(current:id: "4e2b4efa-bcb4-46de-b119-545b7decf2b1"
address: "10.1.0.37:15023"
priority: 1
dataStreamAddress: "10.1.0.37:15024"
clientAddress: "10.1.0.37:15021"
adminAddress: "10.1.0.37:15022"
startupRole: FOLLOWER
,id: "c077bb33-fcdc-4b26-85c1-b9d62aefbd7c"
address: "10.1.0.37:15014"
dataStreamAddress: "10.1.0.37:15015"
clientAddress: "10.1.0.37:15012"
adminAddress: "10.1.0.37:15013"
startupRole: FOLLOWER
,id: "fdffd6d6-5a7e-48c5-a2f3-4f163f884c78"
address: "10.1.0.37:15032"
dataStreamAddress: "10.1.0.37:15033"
clientAddress: "10.1.0.37:15030"
adminAddress: "10.1.0.37:15031"
startupRole: FOLLOWER
, old:)
2023-06-06 14:27:05,988 [grpc-default-executor-1] INFO  server.GrpcServerProtocolService (GrpcServerProtocolService.java:lambda$onCompleted$5(157)) - c077bb33-fcdc-4b26-85c1-b9d62aefbd7c: Completed APPEND_ENTRIES, lastReply: null
2023-06-06 14:27:05,988 [grpc-default-executor-3] INFO  server.GrpcServerProtocolService (GrpcServerProtocolService.java:onCompleted(155)) - c077bb33-fcdc-4b26-85c1-b9d62aefbd7c: Completed APPEND_ENTRIES, lastRequest: null
2023-06-06 14:27:05,988 [grpc-default-executor-3] INFO  server.GrpcServerProtocolService (GrpcServerProtocolService.java:lambda$onCompleted$5(157)) - c077bb33-fcdc-4b26-85c1-b9d62aefbd7c: Completed APPEND_ENTRIES, lastReply: serverReply {
  requestorId: "4e2b4efa-bcb4-46de-b119-545b7decf2b1"
  replyId: "c077bb33-fcdc-4b26-85c1-b9d62aefbd7c"
  raftGroupId {
    id: "\377\246\000\372\343&D\002\201C\335\305\313h\253\375"
  }
  callId: 8
  success: true
}
term: 1
nextIndex: 1
matchIndex: 18446744073709551615
isHearbeat: true

2023-06-06 14:27:05,969 [grpc-default-executor-5] INFO  server.GrpcServerProtocolService (GrpcServerProtocolService.java:onCompleted(155)) - fdffd6d6-5a7e-48c5-a2f3-4f163f884c78: Completed APPEND_ENTRIES, lastRequest: 4e2b4efa-bcb4-46de-b119-545b7decf2b1->fdffd6d6-5a7e-48c5-a2f3-4f163f884c78#1-t1,previous=(t:0, i:0),leaderCommit=-1,initializing? true,entries: size=1, first=(t:1, i:0), CONFIGURATIONENTRY(current:id: "4e2b4efa-bcb4-46de-b119-545b7decf2b1"
address: "10.1.0.37:15023"
priority: 1
dataStreamAddress: "10.1.0.37:15024"
clientAddress: "10.1.0.37:15021"
adminAddress: "10.1.0.37:15022"
startupRole: FOLLOWER
,id: "c077bb33-fcdc-4b26-85c1-b9d62aefbd7c"
address: "10.1.0.37:15014"
dataStreamAddress: "10.1.0.37:15015"
clientAddress: "10.1.0.37:15012"
adminAddress: "10.1.0.37:15013"
startupRole: FOLLOWER
,id: "fdffd6d6-5a7e-48c5-a2f3-4f163f884c78"
address: "10.1.0.37:15032"
dataStreamAddress: "10.1.0.37:15033"
clientAddress: "10.1.0.37:15030"
adminAddress: "10.1.0.37:15031"
startupRole: FOLLOWER
, old:)
2023-06-06 14:27:05,988 [grpc-default-executor-5] INFO  server.GrpcServerProtocolService (GrpcServerProtocolService.java:lambda$onCompleted$5(157)) - fdffd6d6-5a7e-48c5-a2f3-4f163f884c78: Completed APPEND_ENTRIES, lastReply: null
2023-06-06 14:27:05,989 [grpc-default-executor-0] INFO  server.GrpcLogAppender (GrpcLogAppender.java:onCompleted(428)) - 4e2b4efa-bcb4-46de-b119-545b7decf2b1@group-DDC5CB68ABFD->fdffd6d6-5a7e-48c5-a2f3-4f163f884c78-AppendLogResponseHandler: follower responses appendEntries COMPLETED
2023-06-06 14:27:05,989 [grpc-default-executor-5] INFO  server.GrpcLogAppender (GrpcLogAppender.java:onCompleted(428)) - 4e2b4efa-bcb4-46de-b119-545b7decf2b1@group-DDC5CB68ABFD->c077bb33-fcdc-4b26-85c1-b9d62aefbd7c-AppendLogResponseHandler: follower responses appendEntries COMPLETED
2023-06-06 14:27:05,989 [Thread-413] INFO  server.GrpcServerProtocolClient (GrpcServerProtocolClient.java:close(103)) - fdffd6d6-5a7e-48c5-a2f3-4f163f884c78 Close channels
2023-06-06 14:27:05,991 [grpc-default-executor-0] INFO  leader.FollowerInfo (FollowerInfoImpl.java:lambda$new$0(52)) - 4e2b4efa-bcb4-46de-b119-545b7decf2b1@group-DDC5CB68ABFD->fdffd6d6-5a7e-48c5-a2f3-4f163f884c78: decreaseNextIndex nextIndex: updateUnconditionally 1 -> 0
2023-06-06 14:27:05,994 [c077bb33-fcdc-4b26-85c1-b9d62aefbd7c-impl-thread2] INFO  server.RaftServer$Division (RaftServerImpl.java:lambda$close$4(466)) - c077bb33-fcdc-4b26-85c1-b9d62aefbd7c@group-DDC5CB68ABFD: shutdown
2023-06-06 14:27:05,994 [c077bb33-fcdc-4b26-85c1-b9d62aefbd7c-impl-thread2] INFO  util.JmxRegister (JmxRegister.java:unregister(73)) - Successfully un-registered JMX Bean with object name Ratis:service=RaftServer,group=group-DDC5CB68ABFD,id=c077bb33-fcdc-4b26-85c1-b9d62aefbd7c
2023-06-06 14:27:05,994 [c077bb33-fcdc-4b26-85c1-b9d62aefbd7c-impl-thread2] INFO  impl.RoleInfo (RoleInfo.java:shutdownFollowerState(110)) - c077bb33-fcdc-4b26-85c1-b9d62aefbd7c: shutdown c077bb33-fcdc-4b26-85c1-b9d62aefbd7c@group-DDC5CB68ABFD-FollowerState
2023-06-06 14:27:05,994 [ForkJoinPool.commonPool-worker-0] INFO  server.GrpcService (GrpcService.java:closeImpl(311)) - c077bb33-fcdc-4b26-85c1-b9d62aefbd7c: shutdown server org.apache.ratis.grpc.server.GrpcClientProtocolService now
2023-06-06 14:27:05,994 [c077bb33-fcdc-4b26-85c1-b9d62aefbd7c-impl-thread3] INFO  server.RaftServer$Division (RaftServerImpl.java:lambda$close$4(466)) - c077bb33-fcdc-4b26-85c1-b9d62aefbd7c@group-429456829E89: shutdown
2023-06-06 14:27:05,994 [c077bb33-fcdc-4b26-85c1-b9d62aefbd7c-impl-thread3] INFO  util.JmxRegister (JmxRegister.java:unregister(73)) - Successfully un-registered JMX Bean with object name Ratis:service=RaftServer,group=group-429456829E89,id=c077bb33-fcdc-4b26-85c1-b9d62aefbd7c
2023-06-06 14:27:05,995 [c077bb33-fcdc-4b26-85c1-b9d62aefbd7c-impl-thread3] INFO  impl.RoleInfo (RoleInfo.java:shutdownLeaderState(93)) - c077bb33-fcdc-4b26-85c1-b9d62aefbd7c: shutdown c077bb33-fcdc-4b26-85c1-b9d62aefbd7c@group-429456829E89-LeaderStateImpl
2023-06-06 14:27:05,995 [c077bb33-fcdc-4b26-85c1-b9d62aefbd7c-impl-thread3] INFO  impl.PendingRequests (PendingRequests.java:sendNotLeaderResponses(289)) - c077bb33-fcdc-4b26-85c1-b9d62aefbd7c@group-429456829E89-PendingRequests: sendNotLeaderResponses
2023-06-06 14:27:05,998 [c077bb33-fcdc-4b26-85c1-b9d62aefbd7c-impl-thread2] INFO  impl.StateMachineUpdater (StateMachineUpdater.java:stopAndJoin(155)) - c077bb33-fcdc-4b26-85c1-b9d62aefbd7c@group-DDC5CB68ABFD-StateMachineUpdater: set stopIndex = 0
2023-06-06 14:27:05,998 [c077bb33-fcdc-4b26-85c1-b9d62aefbd7c@group-DDC5CB68ABFD-FollowerState] INFO  impl.FollowerState (FollowerState.java:run(152)) - c077bb33-fcdc-4b26-85c1-b9d62aefbd7c@group-DDC5CB68ABFD-FollowerState was interrupted
2023-06-06 14:27:06,000 [c077bb33-fcdc-4b26-85c1-b9d62aefbd7c@group-DDC5CB68ABFD-StateMachineUpdater] INFO  ratis.ContainerStateMachine (ContainerStateMachine.java:takeSnapshot(330)) - group-DDC5CB68ABFD: Taking a snapshot at:(t:1, i:0) file /home/runner/work/ozone/ozone/hadoop-ozone/integration-test/target/test-dir/MiniOzoneClusterImpl-27950e3c-5885-4478-a852-34ee2aeb73f6/datanode-0/data/ratis/ffa600fa-e326-4402-8143-ddc5cb68abfd/sm/snapshot.1_0
2023-06-06 14:27:06,000 [Thread-412] INFO  server.GrpcServerProtocolClient (GrpcServerProtocolClient.java:close(103)) - c077bb33-fcdc-4b26-85c1-b9d62aefbd7c Close channels
2023-06-06 14:27:06,006 [4e2b4efa-bcb4-46de-b119-545b7decf2b1-impl-thread1] INFO  impl.StateMachineUpdater (StateMachineUpdater.java:stopAndJoin(155)) - 4e2b4efa-bcb4-46de-b119-545b7decf2b1@group-9F8053CB28CC-StateMachineUpdater: set stopIndex = 3
2023-06-06 14:27:06,000 [Thread-418] INFO  server.GrpcServerProtocolClient (GrpcServerProtocolClient.java:close(103)) - fdffd6d6-5a7e-48c5-a2f3-4f163f884c78 Close channels
2023-06-06 14:27:05,999 [Thread-416] INFO  server.GrpcServerProtocolClient (GrpcServerProtocolClient.java:close(103)) - 4e2b4efa-bcb4-46de-b119-545b7decf2b1 Close channels
2023-06-06 14:27:06,007 [c077bb33-fcdc-4b26-85c1-b9d62aefbd7c-impl-thread3] INFO  impl.StateMachineUpdater (StateMachineUpdater.java:stopAndJoin(155)) - c077bb33-fcdc-4b26-85c1-b9d62aefbd7c@group-429456829E89-StateMachineUpdater: set stopIndex = 13
2023-06-06 14:27:05,999 [c077bb33-fcdc-4b26-85c1-b9d62aefbd7c@group-FBE9E628C331-StateMachineUpdater] INFO  ratis.ContainerStateMachine (ContainerStateMachine.java:takeSnapshot(330)) - group-FBE9E628C331: Taking a snapshot at:(t:1, i:0) file /home/runner/work/ozone/ozone/hadoop-ozone/integration-test/target/test-dir/MiniOzoneClusterImpl-27950e3c-5885-4478-a852-34ee2aeb73f6/datanode-0/data/ratis/4ec63cad-2c85-49b1-8449-fbe9e628c331/sm/snapshot.1_0
2023-06-06 14:27:05,991 [grpc-default-executor-5] INFO  leader.FollowerInfo (FollowerInfoImpl.java:lambda$new$0(52)) - 4e2b4efa-bcb4-46de-b119-545b7decf2b1@group-DDC5CB68ABFD->c077bb33-fcdc-4b26-85c1-b9d62aefbd7c: decreaseNextIndex nextIndex: updateUnconditionally 1 -> 0
2023-06-06 14:27:05,999 [grpc-default-executor-4] INFO  server.GrpcLogAppender (GrpcLogAppender.java:onCompleted(428)) - 4e2b4efa-bcb4-46de-b119-545b7decf2b1@group-DDC5CB68ABFD->c077bb33-fcdc-4b26-85c1-b9d62aefbd7c-AppendLogResponseHandler: follower responses appendEntries COMPLETED
2023-06-06 14:27:06,008 [c077bb33-fcdc-4b26-85c1-b9d62aefbd7c@group-429456829E89-StateMachineUpdater] INFO  ratis.ContainerStateMachine (ContainerStateMachine.java:takeSnapshot(330)) - group-429456829E89: Taking a snapshot at:(t:1, i:13) file /home/runner/work/ozone/ozone/hadoop-ozone/integration-test/target/test-dir/MiniOzoneClusterImpl-27950e3c-5885-4478-a852-34ee2aeb73f6/datanode-0/data/ratis/543cabb3-751c-4abf-99dc-429456829e89/sm/snapshot.1_13
2023-06-06 14:27:06,008 [grpc-default-executor-4] WARN  server.GrpcLogAppender (GrpcLogAppender.java:resetClient(137)) - 4e2b4efa-bcb4-46de-b119-545b7decf2b1@group-DDC5CB68ABFD->c077bb33-fcdc-4b26-85c1-b9d62aefbd7c-GrpcLogAppender: Failed to getClient for c077bb33-fcdc-4b26-85c1-b9d62aefbd7c
org.apache.ratis.protocol.exceptions.AlreadyClosedException: 4e2b4efa-bcb4-46de-b119-545b7decf2b1 is already CLOSED
	at org.apache.ratis.util.PeerProxyMap$PeerAndProxy.getProxy(PeerProxyMap.java:61)
	at org.apache.ratis.util.PeerProxyMap.getProxy(PeerProxyMap.java:115)
	at org.apache.ratis.grpc.server.GrpcLogAppender.getClient(GrpcLogAppender.java:112)
	at org.apache.ratis.grpc.server.GrpcLogAppender.resetClient(GrpcLogAppender.java:117)
	at org.apache.ratis.grpc.server.GrpcLogAppender.access$500(GrpcLogAppender.java:56)
	at org.apache.ratis.grpc.server.GrpcLogAppender$AppendLogResponseHandler.onCompleted(GrpcLogAppender.java:429)
	at org.apache.ratis.thirdparty.io.grpc.stub.ClientCalls$StreamObserverToCallListenerAdapter.onClose(ClientCalls.java:485)
	at org.apache.ratis.thirdparty.io.grpc.internal.DelayedClientCall$DelayedListener$3.run(DelayedClientCall.java:471)
	at org.apache.ratis.thirdparty.io.grpc.internal.DelayedClientCall$DelayedListener.delayOrExecute(DelayedClientCall.java:435)
	at org.apache.ratis.thirdparty.io.grpc.internal.DelayedClientCall$DelayedListener.onClose(DelayedClientCall.java:468)
	at org.apache.ratis.thirdparty.io.grpc.internal.ClientCallImpl.closeObserver(ClientCallImpl.java:563)
	at org.apache.ratis.thirdparty.io.grpc.internal.ClientCallImpl.access$300(ClientCallImpl.java:70)
	at org.apache.ratis.thirdparty.io.grpc.internal.ClientCallImpl$ClientStreamListenerImpl$1StreamClosed.runInternal(ClientCallImpl.java:744)
	at org.apache.ratis.thirdparty.io.grpc.internal.ClientCallImpl$ClientStreamListenerImpl$1StreamClosed.runInContext(ClientCallImpl.java:723)
	at org.apache.ratis.thirdparty.io.grpc.internal.ContextRunnable.run(ContextRunnable.java:37)
	at org.apache.ratis.thirdparty.io.grpc.internal.SerializingExecutor.run(SerializingExecutor.java:133)
	at java.util.concurrent.ThreadPoolExecutor.runWorker(ThreadPoolExecutor.java:1149)
	at java.util.concurrent.ThreadPoolExecutor$Worker.run(ThreadPoolExecutor.java:624)
	at java.lang.Thread.run(Thread.java:750)
2023-06-06 14:27:05,999 [c077bb33-fcdc-4b26-85c1-b9d62aefbd7c@group-FBE9E628C331-FollowerState] INFO  impl.FollowerState (FollowerState.java:run(152)) - c077bb33-fcdc-4b26-85c1-b9d62aefbd7c@group-FBE9E628C331-FollowerState was interrupted
2023-06-06 14:27:05,999 [c077bb33-fcdc-4b26-85c1-b9d62aefbd7c-impl-thread1] INFO  impl.StateMachineUpdater (StateMachineUpdater.java:stopAndJoin(155)) - c077bb33-fcdc-4b26-85c1-b9d62aefbd7c@group-FBE9E628C331-StateMachineUpdater: set stopIndex = 0
2023-06-06 14:27:06,009 [4e2b4efa-bcb4-46de-b119-545b7decf2b1@group-9F8053CB28CC-StateMachineUpdater] INFO  ratis.ContainerStateMachine (ContainerStateMachine.java:takeSnapshot(330)) - group-9F8053CB28CC: Taking a snapshot at:(t:1, i:3) file /home/runner/work/ozone/ozone/hadoop-ozone/integration-test/target/test-dir/MiniOzoneClusterImpl-27950e3c-5885-4478-a852-34ee2aeb73f6/datanode-1/data/ratis/472dbade-761e-448d-b7b1-9f8053cb28cc/sm/snapshot.1_3
2023-06-06 14:27:06,010 [grpc-default-executor-6] INFO  server.GrpcLogAppender (GrpcLogAppender.java:onCompleted(428)) - 4e2b4efa-bcb4-46de-b119-545b7decf2b1@group-DDC5CB68ABFD->fdffd6d6-5a7e-48c5-a2f3-4f163f884c78-AppendLogResponseHandler: follower responses appendEntries COMPLETED
2023-06-06 14:27:06,010 [grpc-default-executor-6] WARN  server.GrpcLogAppender (GrpcLogAppender.java:resetClient(137)) - 4e2b4efa-bcb4-46de-b119-545b7decf2b1@group-DDC5CB68ABFD->fdffd6d6-5a7e-48c5-a2f3-4f163f884c78-GrpcLogAppender: Failed to getClient for fdffd6d6-5a7e-48c5-a2f3-4f163f884c78
org.apache.ratis.protocol.exceptions.AlreadyClosedException: 4e2b4efa-bcb4-46de-b119-545b7decf2b1 is already CLOSED
	at org.apache.ratis.util.PeerProxyMap$PeerAndProxy.getProxy(PeerProxyMap.java:61)
	at org.apache.ratis.util.PeerProxyMap.getProxy(PeerProxyMap.java:115)
	at org.apache.ratis.grpc.server.GrpcLogAppender.getClient(GrpcLogAppender.java:112)
	at org.apache.ratis.grpc.server.GrpcLogAppender.resetClient(GrpcLogAppender.java:117)
	at org.apache.ratis.grpc.server.GrpcLogAppender.access$500(GrpcLogAppender.java:56)
	at org.apache.ratis.grpc.server.GrpcLogAppender$AppendLogResponseHandler.onCompleted(GrpcLogAppender.java:429)
	at org.apache.ratis.thirdparty.io.grpc.stub.ClientCalls$StreamObserverToCallListenerAdapter.onClose(ClientCalls.java:485)
	at org.apache.ratis.thirdparty.io.grpc.internal.ClientCallImpl.closeObserver(ClientCallImpl.java:563)
	at org.apache.ratis.thirdparty.io.grpc.internal.ClientCallImpl.access$300(ClientCallImpl.java:70)
	at org.apache.ratis.thirdparty.io.grpc.internal.ClientCallImpl$ClientStreamListenerImpl$1StreamClosed.runInternal(ClientCallImpl.java:744)
	at org.apache.ratis.thirdparty.io.grpc.internal.ClientCallImpl$ClientStreamListenerImpl$1StreamClosed.runInContext(ClientCallImpl.java:723)
	at org.apache.ratis.thirdparty.io.grpc.internal.ContextRunnable.run(ContextRunnable.java:37)
	at org.apache.ratis.thirdparty.io.grpc.internal.SerializingExecutor.run(SerializingExecutor.java:133)
	at java.util.concurrent.ThreadPoolExecutor.runWorker(ThreadPoolExecutor.java:1149)
	at java.util.concurrent.ThreadPoolExecutor$Worker.run(ThreadPoolExecutor.java:624)
	at java.lang.Thread.run(Thread.java:750)
2023-06-06 14:27:06,013 [ForkJoinPool.commonPool-worker-1] INFO  ozoneimpl.OzoneContainer (OzoneContainer.java:stop(420)) - Attempting to stop container services.
2023-06-06 14:27:06,021 [c077bb33-fcdc-4b26-85c1-b9d62aefbd7c@group-DDC5CB68ABFD-StateMachineUpdater] INFO  ratis.ContainerStateMachine (ContainerStateMachine.java:takeSnapshot(341)) - group-DDC5CB68ABFD: Finished taking a snapshot at:(t:1, i:0) file:/home/runner/work/ozone/ozone/hadoop-ozone/integration-test/target/test-dir/MiniOzoneClusterImpl-27950e3c-5885-4478-a852-34ee2aeb73f6/datanode-0/data/ratis/ffa600fa-e326-4402-8143-ddc5cb68abfd/sm/snapshot.1_0 took: 22 ms
2023-06-06 14:27:06,022 [4e2b4efa-bcb4-46de-b119-545b7decf2b1@group-FBE9E628C331-StateMachineUpdater] INFO  ratis.ContainerStateMachine (ContainerStateMachine.java:takeSnapshot(341)) - group-FBE9E628C331: Finished taking a snapshot at:(t:1, i:0) file:/home/runner/work/ozone/ozone/hadoop-ozone/integration-test/target/test-dir/MiniOzoneClusterImpl-27950e3c-5885-4478-a852-34ee2aeb73f6/datanode-1/data/ratis/4ec63cad-2c85-49b1-8449-fbe9e628c331/sm/snapshot.1_0 took: 56 ms
2023-06-06 14:27:06,023 [c077bb33-fcdc-4b26-85c1-b9d62aefbd7c@group-DDC5CB68ABFD-StateMachineUpdater] INFO  impl.StateMachineUpdater (StateMachineUpdater.java:takeSnapshot(291)) - c077bb33-fcdc-4b26-85c1-b9d62aefbd7c@group-DDC5CB68ABFD-StateMachineUpdater: Took a snapshot at index 0
2023-06-06 14:27:06,023 [c077bb33-fcdc-4b26-85c1-b9d62aefbd7c@group-DDC5CB68ABFD-StateMachineUpdater] INFO  impl.StateMachineUpdater (StateMachineUpdater.java:lambda$new$0(97)) - c077bb33-fcdc-4b26-85c1-b9d62aefbd7c@group-DDC5CB68ABFD-StateMachineUpdater: snapshotIndex: updateIncreasingly -1 -> 0
2023-06-06 14:27:06,023 [c077bb33-fcdc-4b26-85c1-b9d62aefbd7c@group-FBE9E628C331-StateMachineUpdater] INFO  ratis.ContainerStateMachine (ContainerStateMachine.java:takeSnapshot(341)) - group-FBE9E628C331: Finished taking a snapshot at:(t:1, i:0) file:/home/runner/work/ozone/ozone/hadoop-ozone/integration-test/target/test-dir/MiniOzoneClusterImpl-27950e3c-5885-4478-a852-34ee2aeb73f6/datanode-0/data/ratis/4ec63cad-2c85-49b1-8449-fbe9e628c331/sm/snapshot.1_0 took: 23 ms
2023-06-06 14:27:06,023 [c077bb33-fcdc-4b26-85c1-b9d62aefbd7c@group-FBE9E628C331-StateMachineUpdater] INFO  impl.StateMachineUpdater (StateMachineUpdater.java:takeSnapshot(291)) - c077bb33-fcdc-4b26-85c1-b9d62aefbd7c@group-FBE9E628C331-StateMachineUpdater: Took a snapshot at index 0
2023-06-06 14:27:06,023 [c077bb33-fcdc-4b26-85c1-b9d62aefbd7c@group-FBE9E628C331-StateMachineUpdater] INFO  impl.StateMachineUpdater (StateMachineUpdater.java:lambda$new$0(97)) - c077bb33-fcdc-4b26-85c1-b9d62aefbd7c@group-FBE9E628C331-StateMachineUpdater: snapshotIndex: updateIncreasingly -1 -> 0
2023-06-06 14:27:06,025 [c077bb33-fcdc-4b26-85c1-b9d62aefbd7c-impl-thread1] INFO  server.RaftServer$Division (ServerState.java:close(472)) - c077bb33-fcdc-4b26-85c1-b9d62aefbd7c@group-FBE9E628C331: closes. applyIndex: 0
2023-06-06 14:27:06,025 [4e2b4efa-bcb4-46de-b119-545b7decf2b1@group-FBE9E628C331-StateMachineUpdater] INFO  impl.StateMachineUpdater (StateMachineUpdater.java:takeSnapshot(291)) - 4e2b4efa-bcb4-46de-b119-545b7decf2b1@group-FBE9E628C331-StateMachineUpdater: Took a snapshot at index 0
2023-06-06 14:27:06,025 [4e2b4efa-bcb4-46de-b119-545b7decf2b1@group-FBE9E628C331-StateMachineUpdater] INFO  impl.StateMachineUpdater (StateMachineUpdater.java:lambda$new$0(97)) - 4e2b4efa-bcb4-46de-b119-545b7decf2b1@group-FBE9E628C331-StateMachineUpdater: snapshotIndex: updateIncreasingly -1 -> 0
2023-06-06 14:27:06,025 [4e2b4efa-bcb4-46de-b119-545b7decf2b1-impl-thread2] INFO  server.RaftServer$Division (ServerState.java:close(472)) - 4e2b4efa-bcb4-46de-b119-545b7decf2b1@group-FBE9E628C331: closes. applyIndex: 0
2023-06-06 14:27:06,026 [c077bb33-fcdc-4b26-85c1-b9d62aefbd7c-impl-thread2] INFO  server.RaftServer$Division (ServerState.java:close(472)) - c077bb33-fcdc-4b26-85c1-b9d62aefbd7c@group-DDC5CB68ABFD: closes. applyIndex: 0
2023-06-06 14:27:06,028 [ForkJoinPool.commonPool-worker-1] INFO  server.RaftServer (RaftServerProxy.java:lambda$close$6(416)) - fdffd6d6-5a7e-48c5-a2f3-4f163f884c78: close
2023-06-06 14:27:06,030 [fdffd6d6-5a7e-48c5-a2f3-4f163f884c78-impl-thread1] INFO  server.RaftServer$Division (RaftServerImpl.java:lambda$close$4(466)) - fdffd6d6-5a7e-48c5-a2f3-4f163f884c78@group-E000353E9717: shutdown
2023-06-06 14:27:06,030 [Time-limited test] INFO  server.GrpcService (GrpcService.java:closeImpl(320)) - 4e2b4efa-bcb4-46de-b119-545b7decf2b1: shutdown server org.apache.ratis.grpc.server.GrpcClientProtocolService successfully
2023-06-06 14:27:06,030 [Time-limited test] INFO  server.GrpcService (GrpcService.java:closeImpl(311)) - 4e2b4efa-bcb4-46de-b119-545b7decf2b1: shutdown server GrpcServerProtocolService now
2023-06-06 14:27:06,031 [fdffd6d6-5a7e-48c5-a2f3-4f163f884c78-impl-thread1] INFO  util.JmxRegister (JmxRegister.java:unregister(73)) - Successfully un-registered JMX Bean with object name Ratis:service=RaftServer,group=group-E000353E9717,id=fdffd6d6-5a7e-48c5-a2f3-4f163f884c78
2023-06-06 14:27:06,031 [fdffd6d6-5a7e-48c5-a2f3-4f163f884c78-impl-thread1] INFO  impl.RoleInfo (RoleInfo.java:shutdownLeaderState(93)) - fdffd6d6-5a7e-48c5-a2f3-4f163f884c78: shutdown fdffd6d6-5a7e-48c5-a2f3-4f163f884c78@group-E000353E9717-LeaderStateImpl
2023-06-06 14:27:06,031 [fdffd6d6-5a7e-48c5-a2f3-4f163f884c78-impl-thread1] INFO  impl.PendingRequests (PendingRequests.java:sendNotLeaderResponses(289)) - fdffd6d6-5a7e-48c5-a2f3-4f163f884c78@group-E000353E9717-PendingRequests: sendNotLeaderResponses
2023-06-06 14:27:06,031 [fdffd6d6-5a7e-48c5-a2f3-4f163f884c78-impl-thread1] INFO  impl.StateMachineUpdater (StateMachineUpdater.java:stopAndJoin(155)) - fdffd6d6-5a7e-48c5-a2f3-4f163f884c78@group-E000353E9717-StateMachineUpdater: set stopIndex = 0
2023-06-06 14:27:06,029 [c077bb33-fcdc-4b26-85c1-b9d62aefbd7c@group-429456829E89-StateMachineUpdater] INFO  ratis.ContainerStateMachine (ContainerStateMachine.java:takeSnapshot(341)) - group-429456829E89: Finished taking a snapshot at:(t:1, i:13) file:/home/runner/work/ozone/ozone/hadoop-ozone/integration-test/target/test-dir/MiniOzoneClusterImpl-27950e3c-5885-4478-a852-34ee2aeb73f6/datanode-0/data/ratis/543cabb3-751c-4abf-99dc-429456829e89/sm/snapshot.1_13 took: 22 ms
2023-06-06 14:27:06,028 [ForkJoinPool.commonPool-worker-0] INFO  server.GrpcService (GrpcService.java:closeImpl(320)) - c077bb33-fcdc-4b26-85c1-b9d62aefbd7c: shutdown server org.apache.ratis.grpc.server.GrpcClientProtocolService successfully
2023-06-06 14:27:06,031 [ForkJoinPool.commonPool-worker-0] INFO  server.GrpcService (GrpcService.java:closeImpl(311)) - c077bb33-fcdc-4b26-85c1-b9d62aefbd7c: shutdown server GrpcServerProtocolService now
2023-06-06 14:27:06,032 [c077bb33-fcdc-4b26-85c1-b9d62aefbd7c@group-429456829E89-StateMachineUpdater] INFO  impl.StateMachineUpdater (StateMachineUpdater.java:takeSnapshot(291)) - c077bb33-fcdc-4b26-85c1-b9d62aefbd7c@group-429456829E89-StateMachineUpdater: Took a snapshot at index 13
2023-06-06 14:27:06,032 [c077bb33-fcdc-4b26-85c1-b9d62aefbd7c@group-429456829E89-StateMachineUpdater] INFO  impl.StateMachineUpdater (StateMachineUpdater.java:lambda$new$0(97)) - c077bb33-fcdc-4b26-85c1-b9d62aefbd7c@group-429456829E89-StateMachineUpdater: snapshotIndex: updateIncreasingly -1 -> 13
2023-06-06 14:27:06,033 [fdffd6d6-5a7e-48c5-a2f3-4f163f884c78@group-E000353E9717-StateMachineUpdater] INFO  ratis.ContainerStateMachine (ContainerStateMachine.java:takeSnapshot(330)) - group-E000353E9717: Taking a snapshot at:(t:1, i:0) file /home/runner/work/ozone/ozone/hadoop-ozone/integration-test/target/test-dir/MiniOzoneClusterImpl-27950e3c-5885-4478-a852-34ee2aeb73f6/datanode-2/data/ratis/fbe7c58d-1410-4b07-8c00-e000353e9717/sm/snapshot.1_0
2023-06-06 14:27:06,028 [4e2b4efa-bcb4-46de-b119-545b7decf2b1@group-9F8053CB28CC-StateMachineUpdater] INFO  ratis.ContainerStateMachine (ContainerStateMachine.java:takeSnapshot(341)) - group-9F8053CB28CC: Finished taking a snapshot at:(t:1, i:3) file:/home/runner/work/ozone/ozone/hadoop-ozone/integration-test/target/test-dir/MiniOzoneClusterImpl-27950e3c-5885-4478-a852-34ee2aeb73f6/datanode-1/data/ratis/472dbade-761e-448d-b7b1-9f8053cb28cc/sm/snapshot.1_3 took: 19 ms
2023-06-06 14:27:06,034 [fdffd6d6-5a7e-48c5-a2f3-4f163f884c78-impl-thread2] INFO  server.RaftServer$Division (RaftServerImpl.java:lambda$close$4(466)) - fdffd6d6-5a7e-48c5-a2f3-4f163f884c78@group-FBE9E628C331: shutdown
2023-06-06 14:27:06,034 [fdffd6d6-5a7e-48c5-a2f3-4f163f884c78-impl-thread2] INFO  util.JmxRegister (JmxRegister.java:unregister(73)) - Successfully un-registered JMX Bean with object name Ratis:service=RaftServer,group=group-FBE9E628C331,id=fdffd6d6-5a7e-48c5-a2f3-4f163f884c78
2023-06-06 14:27:06,034 [fdffd6d6-5a7e-48c5-a2f3-4f163f884c78-impl-thread2] INFO  impl.RoleInfo (RoleInfo.java:shutdownLeaderState(93)) - fdffd6d6-5a7e-48c5-a2f3-4f163f884c78: shutdown fdffd6d6-5a7e-48c5-a2f3-4f163f884c78@group-FBE9E628C331-LeaderStateImpl
2023-06-06 14:27:06,035 [4e2b4efa-bcb4-46de-b119-545b7decf2b1@group-9F8053CB28CC-StateMachineUpdater] INFO  impl.StateMachineUpdater (StateMachineUpdater.java:takeSnapshot(291)) - 4e2b4efa-bcb4-46de-b119-545b7decf2b1@group-9F8053CB28CC-StateMachineUpdater: Took a snapshot at index 3
2023-06-06 14:27:06,036 [4e2b4efa-bcb4-46de-b119-545b7decf2b1@group-9F8053CB28CC-StateMachineUpdater] INFO  impl.StateMachineUpdater (StateMachineUpdater.java:lambda$new$0(97)) - 4e2b4efa-bcb4-46de-b119-545b7decf2b1@group-9F8053CB28CC-StateMachineUpdater: snapshotIndex: updateIncreasingly -1 -> 3
2023-06-06 14:27:06,036 [fdffd6d6-5a7e-48c5-a2f3-4f163f884c78@group-E000353E9717-StateMachineUpdater] INFO  ratis.ContainerStateMachine (ContainerStateMachine.java:takeSnapshot(341)) - group-E000353E9717: Finished taking a snapshot at:(t:1, i:0) file:/home/runner/work/ozone/ozone/hadoop-ozone/integration-test/target/test-dir/MiniOzoneClusterImpl-27950e3c-5885-4478-a852-34ee2aeb73f6/datanode-2/data/ratis/fbe7c58d-1410-4b07-8c00-e000353e9717/sm/snapshot.1_0 took: 3 ms
2023-06-06 14:27:06,036 [fdffd6d6-5a7e-48c5-a2f3-4f163f884c78@group-E000353E9717-StateMachineUpdater] INFO  impl.StateMachineUpdater (StateMachineUpdater.java:takeSnapshot(291)) - fdffd6d6-5a7e-48c5-a2f3-4f163f884c78@group-E000353E9717-StateMachineUpdater: Took a snapshot at index 0
2023-06-06 14:27:06,036 [fdffd6d6-5a7e-48c5-a2f3-4f163f884c78@group-E000353E9717-StateMachineUpdater] INFO  impl.StateMachineUpdater (StateMachineUpdater.java:lambda$new$0(97)) - fdffd6d6-5a7e-48c5-a2f3-4f163f884c78@group-E000353E9717-StateMachineUpdater: snapshotIndex: updateIncreasingly -1 -> 0
2023-06-06 14:27:06,036 [fdffd6d6-5a7e-48c5-a2f3-4f163f884c78-impl-thread1] INFO  server.RaftServer$Division (ServerState.java:close(472)) - fdffd6d6-5a7e-48c5-a2f3-4f163f884c78@group-E000353E9717: closes. applyIndex: 0
2023-06-06 14:27:06,038 [grpc-default-executor-5] WARN  server.GrpcServerProtocolService (LogUtils.java:warn(122)) - 4e2b4efa-bcb4-46de-b119-545b7decf2b1: APPEND_ENTRIES onError, lastRequest: null: org.apache.ratis.thirdparty.io.grpc.StatusRuntimeException: CANCELLED: client cancelled
2023-06-06 14:27:06,038 [4e2b4efa-bcb4-46de-b119-545b7decf2b1@group-DDC5CB68ABFD-StateMachineUpdater] INFO  ratis.ContainerStateMachine (ContainerStateMachine.java:takeSnapshot(341)) - group-DDC5CB68ABFD: Finished taking a snapshot at:(t:1, i:0) file:/home/runner/work/ozone/ozone/hadoop-ozone/integration-test/target/test-dir/MiniOzoneClusterImpl-27950e3c-5885-4478-a852-34ee2aeb73f6/datanode-1/data/ratis/ffa600fa-e326-4402-8143-ddc5cb68abfd/sm/snapshot.1_0 took: 64 ms
2023-06-06 14:27:06,038 [4e2b4efa-bcb4-46de-b119-545b7decf2b1@group-DDC5CB68ABFD-StateMachineUpdater] INFO  impl.StateMachineUpdater (StateMachineUpdater.java:takeSnapshot(291)) - 4e2b4efa-bcb4-46de-b119-545b7decf2b1@group-DDC5CB68ABFD-StateMachineUpdater: Took a snapshot at index 0
2023-06-06 14:27:06,038 [4e2b4efa-bcb4-46de-b119-545b7decf2b1@group-DDC5CB68ABFD-StateMachineUpdater] INFO  impl.StateMachineUpdater (StateMachineUpdater.java:lambda$new$0(97)) - 4e2b4efa-bcb4-46de-b119-545b7decf2b1@group-DDC5CB68ABFD-StateMachineUpdater: snapshotIndex: updateIncreasingly -1 -> 0
2023-06-06 14:27:06,038 [4e2b4efa-bcb4-46de-b119-545b7decf2b1-impl-thread3] INFO  server.RaftServer$Division (ServerState.java:close(472)) - 4e2b4efa-bcb4-46de-b119-545b7decf2b1@group-DDC5CB68ABFD: closes. applyIndex: 0
2023-06-06 14:27:06,040 [ForkJoinPool.commonPool-worker-1] INFO  server.GrpcService (GrpcService.java:closeImpl(311)) - fdffd6d6-5a7e-48c5-a2f3-4f163f884c78: shutdown server org.apache.ratis.grpc.server.GrpcClientProtocolService now
2023-06-06 14:27:06,040 [grpc-default-executor-0] WARN  server.GrpcServerProtocolService (LogUtils.java:warn(122)) - c077bb33-fcdc-4b26-85c1-b9d62aefbd7c: APPEND_ENTRIES onError, lastRequest: fdffd6d6-5a7e-48c5-a2f3-4f163f884c78->c077bb33-fcdc-4b26-85c1-b9d62aefbd7c#1-t1,previous=(t:0, i:0),leaderCommit=-1,initializing? true,entries: size=1, first=(t:1, i:0), CONFIGURATIONENTRY(current:id: "4e2b4efa-bcb4-46de-b119-545b7decf2b1"
address: "10.1.0.37:15023"
dataStreamAddress: "10.1.0.37:15024"
clientAddress: "10.1.0.37:15021"
adminAddress: "10.1.0.37:15022"
startupRole: FOLLOWER
,id: "c077bb33-fcdc-4b26-85c1-b9d62aefbd7c"
address: "10.1.0.37:15014"
dataStreamAddress: "10.1.0.37:15015"
clientAddress: "10.1.0.37:15012"
adminAddress: "10.1.0.37:15013"
startupRole: FOLLOWER
,id: "fdffd6d6-5a7e-48c5-a2f3-4f163f884c78"
address: "10.1.0.37:15032"
priority: 1
dataStreamAddress: "10.1.0.37:15033"
clientAddress: "10.1.0.37:15030"
adminAddress: "10.1.0.37:15031"
startupRole: FOLLOWER
, old:): org.apache.ratis.thirdparty.io.grpc.StatusRuntimeException: CANCELLED: client cancelled
2023-06-06 14:27:06,040 [grpc-default-executor-0] WARN  server.GrpcServerProtocolService (LogUtils.java:warn(122)) - c077bb33-fcdc-4b26-85c1-b9d62aefbd7c: APPEND_ENTRIES onError, lastRequest: null: org.apache.ratis.thirdparty.io.grpc.StatusRuntimeException: CANCELLED: client cancelled
2023-06-06 14:27:06,042 [c077bb33-fcdc-4b26-85c1-b9d62aefbd7c-impl-thread3] INFO  server.RaftServer$Division (ServerState.java:close(472)) - c077bb33-fcdc-4b26-85c1-b9d62aefbd7c@group-429456829E89: closes. applyIndex: 13
2023-06-06 14:27:06,042 [grpc-default-executor-5] WARN  server.GrpcServerProtocolService (LogUtils.java:warn(122)) - 4e2b4efa-bcb4-46de-b119-545b7decf2b1: APPEND_ENTRIES onError, lastRequest: fdffd6d6-5a7e-48c5-a2f3-4f163f884c78->4e2b4efa-bcb4-46de-b119-545b7decf2b1#1-t1,previous=(t:0, i:0),leaderCommit=-1,initializing? true,entries: size=1, first=(t:1, i:0), CONFIGURATIONENTRY(current:id: "4e2b4efa-bcb4-46de-b119-545b7decf2b1"
address: "10.1.0.37:15023"
dataStreamAddress: "10.1.0.37:15024"
clientAddress: "10.1.0.37:15021"
adminAddress: "10.1.0.37:15022"
startupRole: FOLLOWER
,id: "c077bb33-fcdc-4b26-85c1-b9d62aefbd7c"
address: "10.1.0.37:15014"
dataStreamAddress: "10.1.0.37:15015"
clientAddress: "10.1.0.37:15012"
adminAddress: "10.1.0.37:15013"
startupRole: FOLLOWER
,id: "fdffd6d6-5a7e-48c5-a2f3-4f163f884c78"
address: "10.1.0.37:15032"
priority: 1
dataStreamAddress: "10.1.0.37:15033"
clientAddress: "10.1.0.37:15030"
adminAddress: "10.1.0.37:15031"
startupRole: FOLLOWER
, old:): org.apache.ratis.thirdparty.io.grpc.StatusRuntimeException: CANCELLED: client cancelled
2023-06-06 14:27:06,042 [fdffd6d6-5a7e-48c5-a2f3-4f163f884c78-impl-thread3] INFO  server.RaftServer$Division (RaftServerImpl.java:lambda$close$4(466)) - fdffd6d6-5a7e-48c5-a2f3-4f163f884c78@group-DDC5CB68ABFD: shutdown
2023-06-06 14:27:06,042 [fdffd6d6-5a7e-48c5-a2f3-4f163f884c78-impl-thread3] INFO  util.JmxRegister (JmxRegister.java:unregister(73)) - Successfully un-registered JMX Bean with object name Ratis:service=RaftServer,group=group-DDC5CB68ABFD,id=fdffd6d6-5a7e-48c5-a2f3-4f163f884c78
2023-06-06 14:27:06,042 [fdffd6d6-5a7e-48c5-a2f3-4f163f884c78-impl-thread3] INFO  impl.RoleInfo (RoleInfo.java:shutdownFollowerState(110)) - fdffd6d6-5a7e-48c5-a2f3-4f163f884c78: shutdown fdffd6d6-5a7e-48c5-a2f3-4f163f884c78@group-DDC5CB68ABFD-FollowerState
2023-06-06 14:27:06,044 [grpc-default-executor-3] WARN  server.GrpcLogAppender (LogUtils.java:warn(122)) - fdffd6d6-5a7e-48c5-a2f3-4f163f884c78@group-FBE9E628C331->c077bb33-fcdc-4b26-85c1-b9d62aefbd7c-AppendLogResponseHandler: Failed appendEntries: org.apache.ratis.thirdparty.io.grpc.StatusRuntimeException: CANCELLED: RST_STREAM closed stream. HTTP/2 error code: CANCEL
2023-06-06 14:27:06,044 [grpc-default-executor-3] WARN  server.GrpcLogAppender (GrpcLogAppender.java:resetClient(128)) - fdffd6d6-5a7e-48c5-a2f3-4f163f884c78@group-FBE9E628C331->c077bb33-fcdc-4b26-85c1-b9d62aefbd7c-GrpcLogAppender: Follower failed when matchIndex == 0,  keep nextIndex (1) unchanged and retry.
2023-06-06 14:27:06,044 [grpc-default-executor-6] INFO  server.GrpcLogAppender (GrpcLogAppender.java:onError(417)) - fdffd6d6-5a7e-48c5-a2f3-4f163f884c78@group-FBE9E628C331->4e2b4efa-bcb4-46de-b119-545b7decf2b1-GrpcLogAppender is already stopped
2023-06-06 14:27:06,044 [grpc-default-executor-3] WARN  server.GrpcLogAppender (LogUtils.java:warn(122)) - fdffd6d6-5a7e-48c5-a2f3-4f163f884c78@group-FBE9E628C331->c077bb33-fcdc-4b26-85c1-b9d62aefbd7c-AppendLogResponseHandler: Failed appendEntries: org.apache.ratis.thirdparty.io.grpc.StatusRuntimeException: CANCELLED: RST_STREAM closed stream. HTTP/2 error code: CANCEL
2023-06-06 14:27:06,045 [grpc-default-executor-3] WARN  server.GrpcLogAppender (GrpcLogAppender.java:resetClient(128)) - fdffd6d6-5a7e-48c5-a2f3-4f163f884c78@group-FBE9E628C331->c077bb33-fcdc-4b26-85c1-b9d62aefbd7c-GrpcLogAppender: Follower failed when matchIndex == 0,  keep nextIndex (1) unchanged and retry.
2023-06-06 14:27:06,046 [4e2b4efa-bcb4-46de-b119-545b7decf2b1-impl-thread1] INFO  server.RaftServer$Division (ServerState.java:close(472)) - 4e2b4efa-bcb4-46de-b119-545b7decf2b1@group-9F8053CB28CC: closes. applyIndex: 3
2023-06-06 14:27:06,050 [fdffd6d6-5a7e-48c5-a2f3-4f163f884c78@group-FBE9E628C331->4e2b4efa-bcb4-46de-b119-545b7decf2b1-GrpcLogAppender-LogAppenderDaemon] WARN  server.GrpcLogAppender (GrpcLogAppender.java:mayWait(199)) - fdffd6d6-5a7e-48c5-a2f3-4f163f884c78@group-FBE9E628C331->4e2b4efa-bcb4-46de-b119-545b7decf2b1-GrpcLogAppender: Wait interrupted by java.lang.InterruptedException
2023-06-06 14:27:06,050 [fdffd6d6-5a7e-48c5-a2f3-4f163f884c78@group-FBE9E628C331->c077bb33-fcdc-4b26-85c1-b9d62aefbd7c-GrpcLogAppender-LogAppenderDaemon] WARN  server.GrpcLogAppender (GrpcLogAppender.java:mayWait(199)) - fdffd6d6-5a7e-48c5-a2f3-4f163f884c78@group-FBE9E628C331->c077bb33-fcdc-4b26-85c1-b9d62aefbd7c-GrpcLogAppender: Wait interrupted by java.lang.InterruptedException
2023-06-06 14:27:06,050 [fdffd6d6-5a7e-48c5-a2f3-4f163f884c78-impl-thread2] INFO  impl.PendingRequests (PendingRequests.java:sendNotLeaderResponses(289)) - fdffd6d6-5a7e-48c5-a2f3-4f163f884c78@group-FBE9E628C331-PendingRequests: sendNotLeaderResponses
2023-06-06 14:27:06,051 [fdffd6d6-5a7e-48c5-a2f3-4f163f884c78-impl-thread2] INFO  impl.StateMachineUpdater (StateMachineUpdater.java:stopAndJoin(155)) - fdffd6d6-5a7e-48c5-a2f3-4f163f884c78@group-FBE9E628C331-StateMachineUpdater: set stopIndex = 0
2023-06-06 14:27:06,051 [fdffd6d6-5a7e-48c5-a2f3-4f163f884c78@group-FBE9E628C331-StateMachineUpdater] INFO  ratis.ContainerStateMachine (ContainerStateMachine.java:takeSnapshot(330)) - group-FBE9E628C331: Taking a snapshot at:(t:1, i:0) file /home/runner/work/ozone/ozone/hadoop-ozone/integration-test/target/test-dir/MiniOzoneClusterImpl-27950e3c-5885-4478-a852-34ee2aeb73f6/datanode-2/data/ratis/4ec63cad-2c85-49b1-8449-fbe9e628c331/sm/snapshot.1_0
2023-06-06 14:27:06,051 [grpc-default-executor-6] INFO  server.GrpcLogAppender (GrpcLogAppender.java:onError(417)) - fdffd6d6-5a7e-48c5-a2f3-4f163f884c78@group-FBE9E628C331->4e2b4efa-bcb4-46de-b119-545b7decf2b1-GrpcLogAppender is already stopped
2023-06-06 14:27:06,051 [fdffd6d6-5a7e-48c5-a2f3-4f163f884c78@group-FBE9E628C331-StateMachineUpdater] INFO  ratis.ContainerStateMachine (ContainerStateMachine.java:takeSnapshot(341)) - group-FBE9E628C331: Finished taking a snapshot at:(t:1, i:0) file:/home/runner/work/ozone/ozone/hadoop-ozone/integration-test/target/test-dir/MiniOzoneClusterImpl-27950e3c-5885-4478-a852-34ee2aeb73f6/datanode-2/data/ratis/4ec63cad-2c85-49b1-8449-fbe9e628c331/sm/snapshot.1_0 took: 1 ms
2023-06-06 14:27:06,052 [fdffd6d6-5a7e-48c5-a2f3-4f163f884c78@group-FBE9E628C331-StateMachineUpdater] INFO  impl.StateMachineUpdater (StateMachineUpdater.java:takeSnapshot(291)) - fdffd6d6-5a7e-48c5-a2f3-4f163f884c78@group-FBE9E628C331-StateMachineUpdater: Took a snapshot at index 0
2023-06-06 14:27:06,052 [fdffd6d6-5a7e-48c5-a2f3-4f163f884c78@group-FBE9E628C331-StateMachineUpdater] INFO  impl.StateMachineUpdater (StateMachineUpdater.java:lambda$new$0(97)) - fdffd6d6-5a7e-48c5-a2f3-4f163f884c78@group-FBE9E628C331-StateMachineUpdater: snapshotIndex: updateIncreasingly -1 -> 0
2023-06-06 14:27:06,052 [fdffd6d6-5a7e-48c5-a2f3-4f163f884c78-impl-thread2] INFO  server.RaftServer$Division (ServerState.java:close(472)) - fdffd6d6-5a7e-48c5-a2f3-4f163f884c78@group-FBE9E628C331: closes. applyIndex: 0
2023-06-06 14:27:06,052 [fdffd6d6-5a7e-48c5-a2f3-4f163f884c78-impl-thread3] INFO  impl.StateMachineUpdater (StateMachineUpdater.java:stopAndJoin(155)) - fdffd6d6-5a7e-48c5-a2f3-4f163f884c78@group-DDC5CB68ABFD-StateMachineUpdater: set stopIndex = 0
2023-06-06 14:27:06,052 [fdffd6d6-5a7e-48c5-a2f3-4f163f884c78@group-DDC5CB68ABFD-FollowerState] INFO  impl.FollowerState (FollowerState.java:run(152)) - fdffd6d6-5a7e-48c5-a2f3-4f163f884c78@group-DDC5CB68ABFD-FollowerState was interrupted
2023-06-06 14:27:06,052 [fdffd6d6-5a7e-48c5-a2f3-4f163f884c78@group-DDC5CB68ABFD-StateMachineUpdater] INFO  ratis.ContainerStateMachine (ContainerStateMachine.java:takeSnapshot(330)) - group-DDC5CB68ABFD: Taking a snapshot at:(t:1, i:0) file /home/runner/work/ozone/ozone/hadoop-ozone/integration-test/target/test-dir/MiniOzoneClusterImpl-27950e3c-5885-4478-a852-34ee2aeb73f6/datanode-2/data/ratis/ffa600fa-e326-4402-8143-ddc5cb68abfd/sm/snapshot.1_0
2023-06-06 14:27:06,052 [Time-limited test] INFO  server.GrpcService (GrpcService.java:closeImpl(320)) - 4e2b4efa-bcb4-46de-b119-545b7decf2b1: shutdown server GrpcServerProtocolService successfully
2023-06-06 14:27:06,053 [Time-limited test] INFO  server.GrpcService (GrpcService.java:closeImpl(311)) - 4e2b4efa-bcb4-46de-b119-545b7decf2b1: shutdown server org.apache.ratis.grpc.server.GrpcAdminProtocolService now
2023-06-06 14:27:06,053 [fdffd6d6-5a7e-48c5-a2f3-4f163f884c78@group-DDC5CB68ABFD-StateMachineUpdater] INFO  ratis.ContainerStateMachine (ContainerStateMachine.java:takeSnapshot(341)) - group-DDC5CB68ABFD: Finished taking a snapshot at:(t:1, i:0) file:/home/runner/work/ozone/ozone/hadoop-ozone/integration-test/target/test-dir/MiniOzoneClusterImpl-27950e3c-5885-4478-a852-34ee2aeb73f6/datanode-2/data/ratis/ffa600fa-e326-4402-8143-ddc5cb68abfd/sm/snapshot.1_0 took: 0 ms
2023-06-06 14:27:06,053 [fdffd6d6-5a7e-48c5-a2f3-4f163f884c78@group-DDC5CB68ABFD-StateMachineUpdater] INFO  impl.StateMachineUpdater (StateMachineUpdater.java:takeSnapshot(291)) - fdffd6d6-5a7e-48c5-a2f3-4f163f884c78@group-DDC5CB68ABFD-StateMachineUpdater: Took a snapshot at index 0
2023-06-06 14:27:06,053 [fdffd6d6-5a7e-48c5-a2f3-4f163f884c78@group-DDC5CB68ABFD-StateMachineUpdater] INFO  impl.StateMachineUpdater (StateMachineUpdater.java:lambda$new$0(97)) - fdffd6d6-5a7e-48c5-a2f3-4f163f884c78@group-DDC5CB68ABFD-StateMachineUpdater: snapshotIndex: updateIncreasingly -1 -> 0
2023-06-06 14:27:06,054 [fdffd6d6-5a7e-48c5-a2f3-4f163f884c78-impl-thread3] INFO  server.RaftServer$Division (ServerState.java:close(472)) - fdffd6d6-5a7e-48c5-a2f3-4f163f884c78@group-DDC5CB68ABFD: closes. applyIndex: 0
2023-06-06 14:27:06,055 [Thread-423] INFO  server.GrpcServerProtocolClient (GrpcServerProtocolClient.java:close(103)) - 4e2b4efa-bcb4-46de-b119-545b7decf2b1 Close channels
2023-06-06 14:27:06,055 [Thread-428] INFO  server.GrpcServerProtocolClient (GrpcServerProtocolClient.java:close(103)) - c077bb33-fcdc-4b26-85c1-b9d62aefbd7c Close channels
2023-06-06 14:27:06,055 [ForkJoinPool.commonPool-worker-0] INFO  server.GrpcService (GrpcService.java:closeImpl(320)) - c077bb33-fcdc-4b26-85c1-b9d62aefbd7c: shutdown server GrpcServerProtocolService successfully
2023-06-06 14:27:06,061 [ForkJoinPool.commonPool-worker-0] INFO  server.GrpcService (GrpcService.java:closeImpl(311)) - c077bb33-fcdc-4b26-85c1-b9d62aefbd7c: shutdown server org.apache.ratis.grpc.server.GrpcAdminProtocolService now
2023-06-06 14:27:06,061 [Time-limited test] INFO  server.GrpcService (GrpcService.java:closeImpl(320)) - 4e2b4efa-bcb4-46de-b119-545b7decf2b1: shutdown server org.apache.ratis.grpc.server.GrpcAdminProtocolService successfully
2023-06-06 14:27:06,062 [4e2b4efa-bcb4-46de-b119-545b7decf2b1-NettyServerStreamRpc-bossGroup--thread1] INFO  logging.LoggingHandler (AbstractInternalLogger.java:log(148)) - [id: 0xb81cab42, L:/0:0:0:0:0:0:0:0:15024] CLOSE
2023-06-06 14:27:06,063 [4e2b4efa-bcb4-46de-b119-545b7decf2b1-NettyServerStreamRpc-bossGroup--thread1] INFO  logging.LoggingHandler (AbstractInternalLogger.java:log(148)) - [id: 0xb81cab42, L:/0:0:0:0:0:0:0:0:15024] INACTIVE
2023-06-06 14:27:06,063 [4e2b4efa-bcb4-46de-b119-545b7decf2b1-NettyServerStreamRpc-bossGroup--thread1] INFO  logging.LoggingHandler (AbstractInternalLogger.java:log(148)) - [id: 0xb81cab42, L:/0:0:0:0:0:0:0:0:15024] UNREGISTERED
2023-06-06 14:27:06,067 [ForkJoinPool.commonPool-worker-0] INFO  server.GrpcService (GrpcService.java:closeImpl(320)) - c077bb33-fcdc-4b26-85c1-b9d62aefbd7c: shutdown server org.apache.ratis.grpc.server.GrpcAdminProtocolService successfully
2023-06-06 14:27:06,067 [c077bb33-fcdc-4b26-85c1-b9d62aefbd7c-NettyServerStreamRpc-bossGroup--thread1] INFO  logging.LoggingHandler (AbstractInternalLogger.java:log(148)) - [id: 0x978cecee, L:/0:0:0:0:0:0:0:0:15015] CLOSE
2023-06-06 14:27:06,067 [c077bb33-fcdc-4b26-85c1-b9d62aefbd7c-NettyServerStreamRpc-bossGroup--thread1] INFO  logging.LoggingHandler (AbstractInternalLogger.java:log(148)) - [id: 0x978cecee, L:/0:0:0:0:0:0:0:0:15015] INACTIVE
2023-06-06 14:27:06,067 [c077bb33-fcdc-4b26-85c1-b9d62aefbd7c-NettyServerStreamRpc-bossGroup--thread1] INFO  logging.LoggingHandler (AbstractInternalLogger.java:log(148)) - [id: 0x978cecee, L:/0:0:0:0:0:0:0:0:15015] UNREGISTERED
2023-06-06 14:27:06,075 [ForkJoinPool.commonPool-worker-1] INFO  server.GrpcService (GrpcService.java:closeImpl(320)) - fdffd6d6-5a7e-48c5-a2f3-4f163f884c78: shutdown server org.apache.ratis.grpc.server.GrpcClientProtocolService successfully
2023-06-06 14:27:06,075 [ForkJoinPool.commonPool-worker-1] INFO  server.GrpcService (GrpcService.java:closeImpl(311)) - fdffd6d6-5a7e-48c5-a2f3-4f163f884c78: shutdown server GrpcServerProtocolService now
2023-06-06 14:27:06,082 [ForkJoinPool.commonPool-worker-1] INFO  server.GrpcService (GrpcService.java:closeImpl(320)) - fdffd6d6-5a7e-48c5-a2f3-4f163f884c78: shutdown server GrpcServerProtocolService successfully
2023-06-06 14:27:06,082 [ForkJoinPool.commonPool-worker-1] INFO  server.GrpcService (GrpcService.java:closeImpl(311)) - fdffd6d6-5a7e-48c5-a2f3-4f163f884c78: shutdown server org.apache.ratis.grpc.server.GrpcAdminProtocolService now
2023-06-06 14:27:06,089 [ForkJoinPool.commonPool-worker-1] INFO  server.GrpcService (GrpcService.java:closeImpl(320)) - fdffd6d6-5a7e-48c5-a2f3-4f163f884c78: shutdown server org.apache.ratis.grpc.server.GrpcAdminProtocolService successfully
2023-06-06 14:27:06,090 [fdffd6d6-5a7e-48c5-a2f3-4f163f884c78-NettyServerStreamRpc-bossGroup--thread1] INFO  logging.LoggingHandler (AbstractInternalLogger.java:log(148)) - [id: 0x54835ce1, L:/0:0:0:0:0:0:0:0:15033] CLOSE
2023-06-06 14:27:06,090 [fdffd6d6-5a7e-48c5-a2f3-4f163f884c78-NettyServerStreamRpc-bossGroup--thread1] INFO  logging.LoggingHandler (AbstractInternalLogger.java:log(148)) - [id: 0x54835ce1, L:/0:0:0:0:0:0:0:0:15033] INACTIVE
2023-06-06 14:27:06,090 [fdffd6d6-5a7e-48c5-a2f3-4f163f884c78-NettyServerStreamRpc-bossGroup--thread1] INFO  logging.LoggingHandler (AbstractInternalLogger.java:log(148)) - [id: 0x54835ce1, L:/0:0:0:0:0:0:0:0:15033] UNREGISTERED
2023-06-06 14:27:06,213 [4e2b4efa-bcb4-46de-b119-545b7decf2b1-impl-thread3] INFO  segmented.SegmentedRaftLogWorker (SegmentedRaftLogWorker.java:close(252)) - 4e2b4efa-bcb4-46de-b119-545b7decf2b1@group-DDC5CB68ABFD-SegmentedRaftLogWorker close()
2023-06-06 14:27:06,307 [fdffd6d6-5a7e-48c5-a2f3-4f163f884c78-impl-thread3] INFO  segmented.SegmentedRaftLogWorker (SegmentedRaftLogWorker.java:close(252)) - fdffd6d6-5a7e-48c5-a2f3-4f163f884c78@group-DDC5CB68ABFD-SegmentedRaftLogWorker close()
2023-06-06 14:27:06,310 [c077bb33-fcdc-4b26-85c1-b9d62aefbd7c-impl-thread2] INFO  segmented.SegmentedRaftLogWorker (SegmentedRaftLogWorker.java:close(252)) - c077bb33-fcdc-4b26-85c1-b9d62aefbd7c@group-DDC5CB68ABFD-SegmentedRaftLogWorker close()
2023-06-06 14:27:06,407 [fdffd6d6-5a7e-48c5-a2f3-4f163f884c78-impl-thread2] INFO  segmented.SegmentedRaftLogWorker (SegmentedRaftLogWorker.java:close(252)) - fdffd6d6-5a7e-48c5-a2f3-4f163f884c78@group-FBE9E628C331-SegmentedRaftLogWorker close()
2023-06-06 14:27:06,472 [fdffd6d6-5a7e-48c5-a2f3-4f163f884c78-impl-thread1] INFO  segmented.SegmentedRaftLogWorker (SegmentedRaftLogWorker.java:close(252)) - fdffd6d6-5a7e-48c5-a2f3-4f163f884c78@group-E000353E9717-SegmentedRaftLogWorker close()
2023-06-06 14:27:06,473 [JvmPauseMonitor4] INFO  util.JvmPauseMonitor (JvmPauseMonitor.java:run(109)) - JvmPauseMonitor-fdffd6d6-5a7e-48c5-a2f3-4f163f884c78: Stopped
2023-06-06 14:27:06,504 [c077bb33-fcdc-4b26-85c1-b9d62aefbd7c-impl-thread1] INFO  segmented.SegmentedRaftLogWorker (SegmentedRaftLogWorker.java:close(252)) - c077bb33-fcdc-4b26-85c1-b9d62aefbd7c@group-FBE9E628C331-SegmentedRaftLogWorker close()
2023-06-06 14:27:06,506 [4e2b4efa-bcb4-46de-b119-545b7decf2b1-impl-thread2] INFO  segmented.SegmentedRaftLogWorker (SegmentedRaftLogWorker.java:close(252)) - 4e2b4efa-bcb4-46de-b119-545b7decf2b1@group-FBE9E628C331-SegmentedRaftLogWorker close()
2023-06-06 14:27:06,845 [c077bb33-fcdc-4b26-85c1-b9d62aefbd7c-impl-thread3] INFO  segmented.SegmentedRaftLogWorker (SegmentedRaftLogWorker.java:close(252)) - c077bb33-fcdc-4b26-85c1-b9d62aefbd7c@group-429456829E89-SegmentedRaftLogWorker close()
2023-06-06 14:27:06,846 [JvmPauseMonitor2] INFO  util.JvmPauseMonitor (JvmPauseMonitor.java:run(109)) - JvmPauseMonitor-c077bb33-fcdc-4b26-85c1-b9d62aefbd7c: Stopped
2023-06-06 14:27:06,907 [4e2b4efa-bcb4-46de-b119-545b7decf2b1-impl-thread1] INFO  segmented.SegmentedRaftLogWorker (SegmentedRaftLogWorker.java:close(252)) - 4e2b4efa-bcb4-46de-b119-545b7decf2b1@group-9F8053CB28CC-SegmentedRaftLogWorker close()
2023-06-06 14:27:06,909 [JvmPauseMonitor3] INFO  util.JvmPauseMonitor (JvmPauseMonitor.java:run(109)) - JvmPauseMonitor-4e2b4efa-bcb4-46de-b119-545b7decf2b1: Stopped
2023-06-06 14:27:08,496 [ForkJoinPool.commonPool-worker-1] INFO  utils.DatanodeStoreCache (DatanodeStoreCache.java:shutdownCache(110)) - Skip clearing cache in mini cluster mode. Entries left: [/home/runner/work/ozone/ozone/hadoop-ozone/integration-test/target/test-dir/MiniOzoneClusterImpl-27950e3c-5885-4478-a852-34ee2aeb73f6/datanode-0/data-0/containers/hdds/27950e3c-5885-4478-a852-34ee2aeb73f6/DS-92163df1-ae94-4686-ac46-d327cb2f0a8a/container.db, /home/runner/work/ozone/ozone/hadoop-ozone/integration-test/target/test-dir/MiniOzoneClusterImpl-27950e3c-5885-4478-a852-34ee2aeb73f6/datanode-1/data-0/containers/hdds/27950e3c-5885-4478-a852-34ee2aeb73f6/DS-9ec48d2c-680a-4b9a-91d7-1f943f419f23/container.db, /home/runner/work/ozone/ozone/hadoop-ozone/integration-test/target/test-dir/MiniOzoneClusterImpl-27950e3c-5885-4478-a852-34ee2aeb73f6/datanode-2/data-0/containers/hdds/27950e3c-5885-4478-a852-34ee2aeb73f6/DS-6e6ccd9f-3c0c-48e3-8f7f-7bc539d98b60/container.db]
2023-06-06 14:27:08,500 [ForkJoinPool.commonPool-worker-1] INFO  utils.DatanodeStoreCache (DatanodeStoreCache.java:removeDB(104)) - Removed db /home/runner/work/ozone/ozone/hadoop-ozone/integration-test/target/test-dir/MiniOzoneClusterImpl-27950e3c-5885-4478-a852-34ee2aeb73f6/datanode-2/data-0/containers/hdds/27950e3c-5885-4478-a852-34ee2aeb73f6/DS-6e6ccd9f-3c0c-48e3-8f7f-7bc539d98b60/container.db from cache
2023-06-06 14:27:08,500 [ForkJoinPool.commonPool-worker-1] INFO  volume.HddsVolume (HddsVolume.java:closeDbStore(437)) - SchemaV3 db is stopped at /home/runner/work/ozone/ozone/hadoop-ozone/integration-test/target/test-dir/MiniOzoneClusterImpl-27950e3c-5885-4478-a852-34ee2aeb73f6/datanode-2/data-0/containers/hdds/27950e3c-5885-4478-a852-34ee2aeb73f6/DS-6e6ccd9f-3c0c-48e3-8f7f-7bc539d98b60/container.db for volume DS-6e6ccd9f-3c0c-48e3-8f7f-7bc539d98b60
2023-06-06 14:27:08,500 [ForkJoinPool.commonPool-worker-1] INFO  utils.BackgroundService (BackgroundService.java:shutdown(141)) - Shutting down service BlockDeletingService
2023-06-06 14:27:08,501 [ForkJoinPool.commonPool-worker-1] INFO  utils.BackgroundService (BackgroundService.java:shutdown(141)) - Shutting down service StaleRecoveringContainerScrubbingService
2023-06-06 14:27:08,502 [ForkJoinPool.commonPool-worker-1] INFO  statemachine.DatanodeStateMachine (DatanodeStateMachine.java:stopDaemon(605)) - Ozone container server stopped.
2023-06-06 14:27:08,513 [ForkJoinPool.commonPool-worker-1] INFO  handler.ContextHandler (ContextHandler.java:doStop(1159)) - Stopped o.e.j.w.WebAppContext@60f60359{hddsDatanode,/,null,STOPPED}{jar:file:/home/runner/.m2/repository/org/apache/ozone/hdds-container-service/1.4.0-SNAPSHOT/hdds-container-service-1.4.0-SNAPSHOT.jar!/webapps/hddsDatanode}
2023-06-06 14:27:08,514 [ForkJoinPool.commonPool-worker-1] INFO  server.AbstractConnector (AbstractConnector.java:doStop(383)) - Stopped ServerConnector@7f3b1214{HTTP/1.1, (http/1.1)}{0.0.0.0:15027}
2023-06-06 14:27:08,514 [ForkJoinPool.commonPool-worker-1] INFO  server.session (HouseKeeper.java:stopScavenging(149)) - node0 Stopped scavenging
2023-06-06 14:27:08,515 [ForkJoinPool.commonPool-worker-1] INFO  handler.ContextHandler (ContextHandler.java:doStop(1159)) - Stopped o.e.j.s.ServletContextHandler@3ca2a9b2{static,/static,jar:file:/home/runner/.m2/repository/org/apache/ozone/hdds-container-service/1.4.0-SNAPSHOT/hdds-container-service-1.4.0-SNAPSHOT.jar!/webapps/static,STOPPED}
2023-06-06 14:27:08,515 [ForkJoinPool.commonPool-worker-1] INFO  handler.ContextHandler (ContextHandler.java:doStop(1159)) - Stopped o.e.j.s.ServletContextHandler@2abbc873{logs,/logs,file:///home/runner/work/ozone/ozone/hadoop-ozone/integration-test/target/log,STOPPED}
2023-06-06 14:27:08,516 [ForkJoinPool.commonPool-worker-1] INFO  ozone.HddsDatanodeClientProtocolServer (HddsDatanodeClientProtocolServer.java:stop(89)) - Stopping the RPC server for Client Protocol
2023-06-06 14:27:08,517 [ForkJoinPool.commonPool-worker-1] INFO  ipc.Server (Server.java:stop(3501)) - Stopping server on 15028
2023-06-06 14:27:08,517 [IPC Server listener on 15028] INFO  ipc.Server (Server.java:run(1430)) - Stopping IPC Server listener on 15028
2023-06-06 14:27:08,517 [IPC Server Responder] INFO  ipc.Server (Server.java:run(1563)) - Stopping IPC Server Responder
2023-06-06 14:27:08,851 [ForkJoinPool.commonPool-worker-0] INFO  utils.DatanodeStoreCache (DatanodeStoreCache.java:shutdownCache(110)) - Skip clearing cache in mini cluster mode. Entries left: [/home/runner/work/ozone/ozone/hadoop-ozone/integration-test/target/test-dir/MiniOzoneClusterImpl-27950e3c-5885-4478-a852-34ee2aeb73f6/datanode-0/data-0/containers/hdds/27950e3c-5885-4478-a852-34ee2aeb73f6/DS-92163df1-ae94-4686-ac46-d327cb2f0a8a/container.db, /home/runner/work/ozone/ozone/hadoop-ozone/integration-test/target/test-dir/MiniOzoneClusterImpl-27950e3c-5885-4478-a852-34ee2aeb73f6/datanode-1/data-0/containers/hdds/27950e3c-5885-4478-a852-34ee2aeb73f6/DS-9ec48d2c-680a-4b9a-91d7-1f943f419f23/container.db]
2023-06-06 14:27:08,854 [ForkJoinPool.commonPool-worker-0] INFO  utils.DatanodeStoreCache (DatanodeStoreCache.java:removeDB(104)) - Removed db /home/runner/work/ozone/ozone/hadoop-ozone/integration-test/target/test-dir/MiniOzoneClusterImpl-27950e3c-5885-4478-a852-34ee2aeb73f6/datanode-0/data-0/containers/hdds/27950e3c-5885-4478-a852-34ee2aeb73f6/DS-92163df1-ae94-4686-ac46-d327cb2f0a8a/container.db from cache
2023-06-06 14:27:08,854 [ForkJoinPool.commonPool-worker-0] INFO  volume.HddsVolume (HddsVolume.java:closeDbStore(437)) - SchemaV3 db is stopped at /home/runner/work/ozone/ozone/hadoop-ozone/integration-test/target/test-dir/MiniOzoneClusterImpl-27950e3c-5885-4478-a852-34ee2aeb73f6/datanode-0/data-0/containers/hdds/27950e3c-5885-4478-a852-34ee2aeb73f6/DS-92163df1-ae94-4686-ac46-d327cb2f0a8a/container.db for volume DS-92163df1-ae94-4686-ac46-d327cb2f0a8a
2023-06-06 14:27:08,854 [ForkJoinPool.commonPool-worker-0] INFO  utils.BackgroundService (BackgroundService.java:shutdown(141)) - Shutting down service BlockDeletingService
2023-06-06 14:27:08,856 [ForkJoinPool.commonPool-worker-0] INFO  utils.BackgroundService (BackgroundService.java:shutdown(141)) - Shutting down service StaleRecoveringContainerScrubbingService
2023-06-06 14:27:08,856 [ForkJoinPool.commonPool-worker-0] INFO  statemachine.DatanodeStateMachine (DatanodeStateMachine.java:stopDaemon(605)) - Ozone container server stopped.
2023-06-06 14:27:08,866 [ForkJoinPool.commonPool-worker-0] INFO  handler.ContextHandler (ContextHandler.java:doStop(1159)) - Stopped o.e.j.w.WebAppContext@5aa05b96{hddsDatanode,/,null,STOPPED}{jar:file:/home/runner/.m2/repository/org/apache/ozone/hdds-container-service/1.4.0-SNAPSHOT/hdds-container-service-1.4.0-SNAPSHOT.jar!/webapps/hddsDatanode}
2023-06-06 14:27:08,867 [ForkJoinPool.commonPool-worker-0] INFO  server.AbstractConnector (AbstractConnector.java:doStop(383)) - Stopped ServerConnector@4bd0f290{HTTP/1.1, (http/1.1)}{0.0.0.0:15009}
2023-06-06 14:27:08,867 [ForkJoinPool.commonPool-worker-0] INFO  server.session (HouseKeeper.java:stopScavenging(149)) - node0 Stopped scavenging
2023-06-06 14:27:08,867 [ForkJoinPool.commonPool-worker-0] INFO  handler.ContextHandler (ContextHandler.java:doStop(1159)) - Stopped o.e.j.s.ServletContextHandler@118c4467{static,/static,jar:file:/home/runner/.m2/repository/org/apache/ozone/hdds-container-service/1.4.0-SNAPSHOT/hdds-container-service-1.4.0-SNAPSHOT.jar!/webapps/static,STOPPED}
2023-06-06 14:27:08,868 [ForkJoinPool.commonPool-worker-0] INFO  handler.ContextHandler (ContextHandler.java:doStop(1159)) - Stopped o.e.j.s.ServletContextHandler@5183db0b{logs,/logs,file:///home/runner/work/ozone/ozone/hadoop-ozone/integration-test/target/log,STOPPED}
2023-06-06 14:27:08,869 [ForkJoinPool.commonPool-worker-0] INFO  ozone.HddsDatanodeClientProtocolServer (HddsDatanodeClientProtocolServer.java:stop(89)) - Stopping the RPC server for Client Protocol
2023-06-06 14:27:08,869 [ForkJoinPool.commonPool-worker-0] INFO  ipc.Server (Server.java:stop(3501)) - Stopping server on 15010
2023-06-06 14:27:08,869 [IPC Server listener on 15010] INFO  ipc.Server (Server.java:run(1430)) - Stopping IPC Server listener on 15010
2023-06-06 14:27:08,870 [IPC Server Responder] INFO  ipc.Server (Server.java:run(1563)) - Stopping IPC Server Responder
2023-06-06 14:27:08,914 [Time-limited test] INFO  utils.DatanodeStoreCache (DatanodeStoreCache.java:shutdownCache(110)) - Skip clearing cache in mini cluster mode. Entries left: [/home/runner/work/ozone/ozone/hadoop-ozone/integration-test/target/test-dir/MiniOzoneClusterImpl-27950e3c-5885-4478-a852-34ee2aeb73f6/datanode-1/data-0/containers/hdds/27950e3c-5885-4478-a852-34ee2aeb73f6/DS-9ec48d2c-680a-4b9a-91d7-1f943f419f23/container.db]
2023-06-06 14:27:08,916 [Time-limited test] INFO  utils.DatanodeStoreCache (DatanodeStoreCache.java:removeDB(104)) - Removed db /home/runner/work/ozone/ozone/hadoop-ozone/integration-test/target/test-dir/MiniOzoneClusterImpl-27950e3c-5885-4478-a852-34ee2aeb73f6/datanode-1/data-0/containers/hdds/27950e3c-5885-4478-a852-34ee2aeb73f6/DS-9ec48d2c-680a-4b9a-91d7-1f943f419f23/container.db from cache
2023-06-06 14:27:08,916 [Time-limited test] INFO  volume.HddsVolume (HddsVolume.java:closeDbStore(437)) - SchemaV3 db is stopped at /home/runner/work/ozone/ozone/hadoop-ozone/integration-test/target/test-dir/MiniOzoneClusterImpl-27950e3c-5885-4478-a852-34ee2aeb73f6/datanode-1/data-0/containers/hdds/27950e3c-5885-4478-a852-34ee2aeb73f6/DS-9ec48d2c-680a-4b9a-91d7-1f943f419f23/container.db for volume DS-9ec48d2c-680a-4b9a-91d7-1f943f419f23
2023-06-06 14:27:08,916 [Time-limited test] INFO  utils.BackgroundService (BackgroundService.java:shutdown(141)) - Shutting down service BlockDeletingService
2023-06-06 14:27:08,916 [Time-limited test] INFO  utils.BackgroundService (BackgroundService.java:shutdown(141)) - Shutting down service StaleRecoveringContainerScrubbingService
2023-06-06 14:27:08,917 [Time-limited test] INFO  statemachine.DatanodeStateMachine (DatanodeStateMachine.java:stopDaemon(605)) - Ozone container server stopped.
2023-06-06 14:27:08,926 [Time-limited test] INFO  handler.ContextHandler (ContextHandler.java:doStop(1159)) - Stopped o.e.j.w.WebAppContext@17cb59f9{hddsDatanode,/,null,STOPPED}{jar:file:/home/runner/.m2/repository/org/apache/ozone/hdds-container-service/1.4.0-SNAPSHOT/hdds-container-service-1.4.0-SNAPSHOT.jar!/webapps/hddsDatanode}
2023-06-06 14:27:08,926 [Time-limited test] INFO  server.AbstractConnector (AbstractConnector.java:doStop(383)) - Stopped ServerConnector@15f701d0{HTTP/1.1, (http/1.1)}{0.0.0.0:15018}
2023-06-06 14:27:08,927 [Time-limited test] INFO  server.session (HouseKeeper.java:stopScavenging(149)) - node0 Stopped scavenging
2023-06-06 14:27:08,927 [Time-limited test] INFO  handler.ContextHandler (ContextHandler.java:doStop(1159)) - Stopped o.e.j.s.ServletContextHandler@4dc00289{static,/static,jar:file:/home/runner/.m2/repository/org/apache/ozone/hdds-container-service/1.4.0-SNAPSHOT/hdds-container-service-1.4.0-SNAPSHOT.jar!/webapps/static,STOPPED}
2023-06-06 14:27:08,927 [Time-limited test] INFO  handler.ContextHandler (ContextHandler.java:doStop(1159)) - Stopped o.e.j.s.ServletContextHandler@318dd00e{logs,/logs,file:///home/runner/work/ozone/ozone/hadoop-ozone/integration-test/target/log,STOPPED}
2023-06-06 14:27:08,930 [Time-limited test] INFO  ozone.HddsDatanodeClientProtocolServer (HddsDatanodeClientProtocolServer.java:stop(89)) - Stopping the RPC server for Client Protocol
2023-06-06 14:27:08,930 [Time-limited test] INFO  ipc.Server (Server.java:stop(3501)) - Stopping server on 15019
2023-06-06 14:27:08,930 [IPC Server listener on 15019] INFO  ipc.Server (Server.java:run(1430)) - Stopping IPC Server listener on 15019
2023-06-06 14:27:08,930 [IPC Server Responder] INFO  ipc.Server (Server.java:run(1563)) - Stopping IPC Server Responder
2023-06-06 14:27:08,931 [Time-limited test] INFO  ozone.MiniOzoneClusterImpl (MiniOzoneClusterImpl.java:stopSCM(537)) - Stopping the StorageContainerManager
2023-06-06 14:27:08,931 [Time-limited test] INFO  server.StorageContainerManager (StorageContainerManager.java:stop(1562)) - Container Balancer is not running.
2023-06-06 14:27:08,931 [Time-limited test] INFO  server.StorageContainerManager (StorageContainerManager.java:stopReplicationManager(1693)) - Stopping Replication Manager Service.
2023-06-06 14:27:08,931 [Time-limited test] INFO  replication.ReplicationManager (ReplicationManager.java:stop(332)) - Stopping Replication Monitor Thread.
2023-06-06 14:27:08,932 [Time-limited test] INFO  server.StorageContainerManager (StorageContainerManager.java:stop(1571)) - Stopping the Datanode Admin Monitor.
2023-06-06 14:27:08,932 [Under Replicated Processor] WARN  replication.UnhealthyReplicationProcessor (UnhealthyReplicationProcessor.java:run(167)) - Under Replicated Processor interrupted. Exiting...
2023-06-06 14:27:08,932 [ReplicationMonitor] INFO  replication.ReplicationManager (ReplicationManager.java:run(938)) - Replication Monitor Thread is stopped
2023-06-06 14:27:08,932 [Time-limited test] INFO  server.StorageContainerManager (StorageContainerManager.java:stop(1578)) - Stopping datanode service RPC server
2023-06-06 14:27:08,932 [Time-limited test] INFO  server.SCMDatanodeProtocolServer (SCMDatanodeProtocolServer.java:stop(424)) - Stopping the RPC server for DataNodes
2023-06-06 14:27:08,932 [Over Replicated Processor] WARN  replication.UnhealthyReplicationProcessor (UnhealthyReplicationProcessor.java:run(167)) - Over Replicated Processor interrupted. Exiting...
2023-06-06 14:27:08,932 [Time-limited test] INFO  ipc.Server (Server.java:stop(3501)) - Stopping server on 15002
2023-06-06 14:27:08,933 [IPC Server listener on 15002] INFO  ipc.Server (Server.java:run(1430)) - Stopping IPC Server listener on 15002
2023-06-06 14:27:08,933 [IPC Server Responder] INFO  ipc.Server (Server.java:run(1563)) - Stopping IPC Server Responder
2023-06-06 14:27:09,013 [SCM Heartbeat Processing Thread - 0] WARN  node.NodeStateManager (NodeStateManager.java:scheduleNextHealthCheck(870)) - Current Thread is interrupted, shutting down HB processing thread for Node Manager.
2023-06-06 14:27:09,013 [Time-limited test] INFO  server.StorageContainerManager (StorageContainerManager.java:stop(1586)) - Stopping block service RPC server
2023-06-06 14:27:09,013 [Time-limited test] INFO  server.SCMBlockProtocolServer (SCMBlockProtocolServer.java:stop(161)) - Stopping the RPC server for Block Protocol
2023-06-06 14:27:09,013 [Time-limited test] INFO  ipc.Server (Server.java:stop(3501)) - Stopping server on 15001
2023-06-06 14:27:09,014 [IPC Server Responder] INFO  ipc.Server (Server.java:run(1563)) - Stopping IPC Server Responder
2023-06-06 14:27:09,014 [IPC Server listener on 15001] INFO  ipc.Server (Server.java:run(1430)) - Stopping IPC Server listener on 15001
2023-06-06 14:27:09,016 [Time-limited test] INFO  server.StorageContainerManager (StorageContainerManager.java:stop(1593)) - Stopping the StorageContainerLocationProtocol RPC server
2023-06-06 14:27:09,016 [Time-limited test] INFO  server.SCMClientProtocolServer (SCMClientProtocolServer.java:stop(208)) - Stopping the RPC server for Client Protocol
2023-06-06 14:27:09,016 [Time-limited test] INFO  ipc.Server (Server.java:stop(3501)) - Stopping server on 15000
2023-06-06 14:27:09,017 [IPC Server Responder] INFO  ipc.Server (Server.java:run(1563)) - Stopping IPC Server Responder
2023-06-06 14:27:09,017 [IPC Server listener on 15000] INFO  ipc.Server (Server.java:run(1430)) - Stopping IPC Server listener on 15000
2023-06-06 14:27:09,017 [Time-limited test] INFO  server.StorageContainerManager (StorageContainerManager.java:stop(1600)) - Stopping Storage Container Manager HTTP server.
2023-06-06 14:27:09,018 [Time-limited test] INFO  handler.ContextHandler (ContextHandler.java:doStop(1159)) - Stopped o.e.j.w.WebAppContext@7abbd89{scm,/,null,STOPPED}{file:/home/runner/work/ozone/ozone/hadoop-ozone/integration-test/target/test-classes/webapps/scm}
2023-06-06 14:27:09,019 [Time-limited test] INFO  server.AbstractConnector (AbstractConnector.java:doStop(383)) - Stopped ServerConnector@6598ae62{HTTP/1.1, (http/1.1)}{0.0.0.0:15003}
2023-06-06 14:27:09,019 [Time-limited test] INFO  server.session (HouseKeeper.java:stopScavenging(149)) - node0 Stopped scavenging
2023-06-06 14:27:09,019 [Time-limited test] INFO  handler.ContextHandler (ContextHandler.java:doStop(1159)) - Stopped o.e.j.s.ServletContextHandler@59e0f688{static,/static,file:///home/runner/work/ozone/ozone/hadoop-ozone/integration-test/target/test-classes/webapps/static,STOPPED}
2023-06-06 14:27:09,019 [Time-limited test] INFO  handler.ContextHandler (ContextHandler.java:doStop(1159)) - Stopped o.e.j.s.ServletContextHandler@27f9b817{logs,/logs,file:///home/runner/work/ozone/ozone/hadoop-ozone/integration-test/target/log,STOPPED}
2023-06-06 14:27:09,020 [Time-limited test] INFO  server.StorageContainerManager (StorageContainerManager.java:stop(1608)) - Stopping SCM LayoutVersionManager Service.
2023-06-06 14:27:09,020 [Time-limited test] INFO  server.StorageContainerManager (StorageContainerManager.java:stop(1616)) - Stopping Block Manager Service.
2023-06-06 14:27:09,020 [Time-limited test] INFO  utils.BackgroundService (BackgroundService.java:shutdown(141)) - Shutting down service SCMBlockDeletingService
2023-06-06 14:27:09,021 [Time-limited test] INFO  utils.BackgroundService (BackgroundService.java:shutdown(141)) - Shutting down service SCMBlockDeletingService
2023-06-06 14:27:09,021 [Time-limited test] INFO  server.StorageContainerManager (StorageContainerManager.java:stop(1638)) - Stopping SCM Event Queue.
2023-06-06 14:27:09,023 [JvmPauseMonitor0] INFO  util.JvmPauseMonitor (JvmPauseMonitor.java:run(109)) - JvmPauseMonitor-7fbd5b3b-c0d3-4197-a2fb-05ebf2278e2e: Stopped
2023-06-06 14:27:09,023 [Time-limited test] INFO  server.StorageContainerManager (StorageContainerManager.java:stop(1649)) - Stopping SCM HA services.
2023-06-06 14:27:09,023 [Time-limited test] INFO  pipeline.BackgroundPipelineCreator (BackgroundPipelineCreator.java:stop(149)) - Stopping RatisPipelineUtilsThread.
2023-06-06 14:27:09,024 [RatisPipelineUtilsThread - 0] WARN  pipeline.BackgroundPipelineCreator (BackgroundPipelineCreator.java:run(180)) - RatisPipelineUtilsThread is interrupted.
2023-06-06 14:27:09,024 [Time-limited test] INFO  BackgroundPipelineScrubber (BackgroundSCMService.java:stop(131)) - Stopping BackgroundPipelineScrubber Service.
2023-06-06 14:27:09,024 [BackgroundPipelineScrubberThread] WARN  BackgroundPipelineScrubber (BackgroundSCMService.java:run(115)) - BackgroundPipelineScrubber is interrupted, exit
2023-06-06 14:27:09,026 [Time-limited test] INFO  impl.MetricsSystemImpl (MetricsSystemImpl.java:stop(210)) - Stopping XceiverClientMetrics metrics system...
2023-06-06 14:27:09,027 [prometheus] INFO  impl.MetricsSinkAdapter (MetricsSinkAdapter.java:publishMetricsFromQueue(141)) - prometheus thread interrupted.
2023-06-06 14:27:09,029 [Time-limited test] INFO  impl.MetricsSystemImpl (MetricsSystemImpl.java:stop(216)) - XceiverClientMetrics metrics system stopped.
2023-06-06 14:27:09,029 [Time-limited test] WARN  pipeline.BackgroundPipelineCreator (BackgroundPipelineCreator.java:stop(145)) - RatisPipelineUtilsThread is not running, just ignore.
2023-06-06 14:27:09,029 [Time-limited test] INFO  BackgroundPipelineScrubber (BackgroundSCMService.java:stop(126)) - BackgroundPipelineScrubber Service is not running, skip stop.
2023-06-06 14:27:09,029 [Time-limited test] INFO  ExpiredContainerReplicaOpScrubber (BackgroundSCMService.java:stop(131)) - Stopping ExpiredContainerReplicaOpScrubber Service.
2023-06-06 14:27:09,029 [ExpiredContainerReplicaOpScrubberThread] WARN  ExpiredContainerReplicaOpScrubber (BackgroundSCMService.java:run(115)) - ExpiredContainerReplicaOpScrubber is interrupted, exit
2023-06-06 14:27:09,029 [Time-limited test] INFO  utils.BackgroundService (BackgroundService.java:shutdown(141)) - Shutting down service SCMBlockDeletingService
2023-06-06 14:27:09,029 [Time-limited test] INFO  replication.ReplicationManager (ReplicationManager.java:stop(342)) - Replication Monitor Thread is not running.
2023-06-06 14:27:09,029 [Time-limited test] WARN  balancer.ContainerBalancer (ContainerBalancer.java:stop(328)) - Cannot stop Container Balancer because it's not running or stopping
2023-06-06 14:27:09,030 [Time-limited test] INFO  server.StorageContainerManager (StorageContainerManager.java:stop(1684)) - Stopping SCM MetadataStore.
]]></system-out>
  </testcase>
  <testcase name="testBlockDeletingThrottling" classname="org.apache.hadoop.ozone.TestStorageContainerManager" time="30.153">
    <system-out><![CDATA[2023-06-06 14:27:09,127 [Time-limited test] WARN  server.ServerUtils (ServerUtils.java:getScmDbDir(155)) - ozone.scm.db.dirs is not configured. We recommend adding this setting. Falling back to ozone.metadata.dirs instead.
2023-06-06 14:27:09,131 [Time-limited test] WARN  server.ServerUtils (ServerUtils.java:getScmDbDir(155)) - ozone.scm.db.dirs is not configured. We recommend adding this setting. Falling back to ozone.metadata.dirs instead.
2023-06-06 14:27:09,132 [Time-limited test] INFO  ha.SCMHANodeDetails (SCMHANodeDetails.java:loadSCMHAConfig(209)) - ServiceID for StorageContainerManager is null
2023-06-06 14:27:09,132 [Time-limited test] WARN  ha.SCMHANodeDetails (SCMHANodeDetails.java:validateSCMHAConfig(182)) - Invalid config ozone.scm.ratis.enable. The config was not specified, but the default value true conflicts with the expected config value false. Falling back to the expected value. Current State of SCM: SCM is running in Non-HA without Ratis Ratis SCM -> Non Ratis SCM or Non HA SCM -> HA SCM is not supported
2023-06-06 14:27:09,132 [Time-limited test] INFO  ha.SCMHANodeDetails (SCMHANodeDetails.java:loadSCMHAConfig(214)) - ozone.scm.default.service.id is not defined, falling back to ozone.scm.service.ids to find serviceID for StorageContainerManager if it is HA enabled cluster
2023-06-06 14:27:09,133 [Time-limited test] WARN  utils.HAUtils (HAUtils.java:getMetaDir(352)) - ozone.scm.db.dirs is not configured. We recommend adding this setting. Falling back to ozone.metadata.dirs instead.
2023-06-06 14:27:09,133 [Time-limited test] WARN  db.DBStoreBuilder (DBStoreBuilder.java:applyDBDefinition(165)) - ozone.scm.db.dirs is not configured. We recommend adding this setting. Falling back to ozone.metadata.dirs instead.
2023-06-06 14:27:09,221 [Time-limited test] INFO  net.NodeSchemaLoader (NodeSchemaLoader.java:loadSchemaFromFile(129)) - Loading schema from [jar:file:/home/runner/.m2/repository/org/apache/ozone/hdds-common/1.4.0-SNAPSHOT/hdds-common-1.4.0-SNAPSHOT.jar!/network-topology-default.xml]
2023-06-06 14:27:09,222 [Time-limited test] INFO  net.NodeSchemaLoader (NodeSchemaLoader.java:loadSchema(176)) - Loading network topology layer schema file
2023-06-06 14:27:09,224 [Time-limited test] INFO  upgrade.AbstractLayoutVersionManager (AbstractLayoutVersionManager.java:init(83)) - Initializing Layout version manager with metadata layout = HADOOP_PRC_PORTS_IN_DATANODEDETAILS (version = 7), software layout = HADOOP_PRC_PORTS_IN_DATANODEDETAILS (version = 7)
2023-06-06 14:27:09,225 [Time-limited test] INFO  ha.SequenceIdGenerator (SequenceIdGenerator.java:upgradeToSequenceId(349)) - upgrade localId to 111677748019200000
2023-06-06 14:27:09,226 [Time-limited test] INFO  ha.SequenceIdGenerator (SequenceIdGenerator.java:upgradeToSequenceId(359)) - upgrade delTxnId to 0
2023-06-06 14:27:09,226 [Time-limited test] INFO  ha.SequenceIdGenerator (SequenceIdGenerator.java:upgradeToSequenceId(376)) - upgrade containerId to 0
2023-06-06 14:27:09,226 [Time-limited test] INFO  ha.SequenceIdGenerator (SequenceIdGenerator.java:<init>(220)) - Init the HA SequenceIdGenerator.
2023-06-06 14:27:09,228 [Time-limited test] INFO  node.SCMNodeManager (SCMNodeManager.java:<init>(159)) - Entering startup safe mode.
2023-06-06 14:27:09,229 [Time-limited test] INFO  algorithms.ContainerPlacementPolicyFactory (ContainerPlacementPolicyFactory.java:getPolicyInternal(86)) - Create container placement policy of type org.apache.hadoop.hdds.scm.container.placement.algorithms.SCMContainerPlacementRackAware
2023-06-06 14:27:09,229 [Time-limited test] INFO  algorithms.ContainerPlacementPolicyFactory (ContainerPlacementPolicyFactory.java:getPolicyInternal(86)) - Create container placement policy of type org.apache.hadoop.hdds.scm.container.placement.algorithms.SCMContainerPlacementRackScatter
2023-06-06 14:27:09,229 [Time-limited test] INFO  pipeline.PipelineStateManagerImpl (PipelineStateManagerImpl.java:initialize(78)) - No pipeline exists in current db
2023-06-06 14:27:09,229 [Time-limited test] INFO  algorithms.LeaderChoosePolicyFactory (LeaderChoosePolicyFactory.java:getPolicy(57)) - Create leader choose policy of type org.apache.hadoop.hdds.scm.pipeline.leader.choose.algorithms.MinLeaderCountChoosePolicy
2023-06-06 14:27:09,230 [Time-limited test] INFO  algorithms.ContainerPlacementPolicyFactory (ContainerPlacementPolicyFactory.java:getPolicyInternal(86)) - Create container placement policy of type org.apache.hadoop.hdds.scm.container.placement.algorithms.SCMContainerPlacementRackScatter
2023-06-06 14:27:09,230 [Time-limited test] INFO  ha.SCMServiceManager (SCMServiceManager.java:register(42)) - Registering service BackgroundPipelineCreator.
2023-06-06 14:27:09,230 [Time-limited test] INFO  pipeline.BackgroundPipelineCreator (BackgroundPipelineCreator.java:start(124)) - Starting RatisPipelineUtilsThread.
2023-06-06 14:27:09,230 [Time-limited test] INFO  BackgroundPipelineScrubber (BackgroundSCMService.java:start(68)) - Starting BackgroundPipelineScrubber Service.
2023-06-06 14:27:09,230 [Time-limited test] INFO  ha.SCMServiceManager (SCMServiceManager.java:register(42)) - Registering service BackgroundPipelineScrubber.
2023-06-06 14:27:09,231 [Time-limited test] INFO  ExpiredContainerReplicaOpScrubber (BackgroundSCMService.java:start(68)) - Starting ExpiredContainerReplicaOpScrubber Service.
2023-06-06 14:27:09,231 [Time-limited test] INFO  ha.SCMServiceManager (SCMServiceManager.java:register(42)) - Registering service ExpiredContainerReplicaOpScrubber.
2023-06-06 14:27:09,233 [Time-limited test] INFO  algorithms.PipelineChoosePolicyFactory (PipelineChoosePolicyFactory.java:createPipelineChoosePolicyFromClass(73)) - Create pipeline choose policy of type org.apache.hadoop.hdds.scm.pipeline.choose.algorithms.RandomPipelineChoosePolicy
2023-06-06 14:27:09,234 [Time-limited test] INFO  ha.SCMServiceManager (SCMServiceManager.java:register(42)) - Registering service SCMBlockDeletingService.
2023-06-06 14:27:09,235 [Time-limited test] INFO  replication.ReplicationManager (ReplicationManager.java:start(299)) - Starting Replication Monitor Thread.
2023-06-06 14:27:09,242 [Time-limited test] INFO  ha.SCMServiceManager (SCMServiceManager.java:register(42)) - Registering service ReplicationManager.
2023-06-06 14:27:09,242 [Time-limited test] INFO  safemode.ContainerSafeModeRule (ContainerSafeModeRule.java:<init>(89)) - containers with one replica threshold count 0
2023-06-06 14:27:09,242 [Time-limited test] INFO  safemode.HealthyPipelineSafeModeRule (HealthyPipelineSafeModeRule.java:initializeRule(169)) - Total pipeline count is 0, healthy pipeline threshold count is 0
2023-06-06 14:27:09,242 [Time-limited test] INFO  safemode.OneReplicaPipelineSafeModeRule (OneReplicaPipelineSafeModeRule.java:initializeRule(180)) - Total pipeline count is 0, pipeline's with at least one datanode reported threshold count is 0
2023-06-06 14:27:09,243 [Time-limited test] INFO  server.StorageContainerManager (StorageContainerManager.java:<init>(404)) - SCM start with adminUsers: [runner]
2023-06-06 14:27:09,243 [Time-limited test] INFO  ipc.CallQueueManager (CallQueueManager.java:<init>(90)) - Using callQueue: class java.util.concurrent.LinkedBlockingQueue, queueCapacity: 2000, scheduler: class org.apache.hadoop.ipc.DefaultRpcScheduler, ipcBackoff: false.
2023-06-06 14:27:09,245 [Socket Reader #1 for port 15037] INFO  ipc.Server (Server.java:run(1319)) - Starting Socket Reader #1 for port 15037
2023-06-06 14:27:09,246 [Listener at 0.0.0.0/15037] INFO  hdds.HddsUtils (HddsUtils.java:preserveThreadName(843)) - Restoring thread name: Time-limited test
2023-06-06 14:27:09,246 [Time-limited test] INFO  ipc.CallQueueManager (CallQueueManager.java:<init>(90)) - Using callQueue: class java.util.concurrent.LinkedBlockingQueue, queueCapacity: 2000, scheduler: class org.apache.hadoop.ipc.DefaultRpcScheduler, ipcBackoff: false.
2023-06-06 14:27:09,247 [Socket Reader #1 for port 15036] INFO  ipc.Server (Server.java:run(1319)) - Starting Socket Reader #1 for port 15036
2023-06-06 14:27:09,247 [Listener at 0.0.0.0/15036] INFO  hdds.HddsUtils (HddsUtils.java:preserveThreadName(843)) - Restoring thread name: Time-limited test
2023-06-06 14:27:09,247 [Time-limited test] INFO  ipc.CallQueueManager (CallQueueManager.java:<init>(90)) - Using callQueue: class java.util.concurrent.LinkedBlockingQueue, queueCapacity: 2000, scheduler: class org.apache.hadoop.ipc.DefaultRpcScheduler, ipcBackoff: false.
2023-06-06 14:27:09,248 [Socket Reader #1 for port 15035] INFO  ipc.Server (Server.java:run(1319)) - Starting Socket Reader #1 for port 15035
2023-06-06 14:27:09,249 [Listener at 0.0.0.0/15035] INFO  hdds.HddsUtils (HddsUtils.java:preserveThreadName(843)) - Restoring thread name: Time-limited test
2023-06-06 14:27:09,255 [Time-limited test] INFO  ha.SCMServiceManager (SCMServiceManager.java:register(42)) - Registering service ContainerBalancer.
2023-06-06 14:27:09,255 [Time-limited test] INFO  server.StorageContainerManager (StorageContainerManager.java:<init>(416)) - 
Container Balancer status:
Key                            Value
Running                        false
Container Balancer Configuration values:
Key                                                Value
Threshold                                          10
Max Datanodes to Involve per Iteration(percent)    20
Max Size to Move per Iteration                     500GB
Max Size Entering Target per Iteration             26GB
Max Size Leaving Source per Iteration              26GB

2023-06-06 14:27:09,255 [Time-limited test] INFO  ha.SCMContext (SCMContext.java:updateSafeModeStatus(228)) - Update SafeModeStatus from SafeModeStatus{safeModeStatus=true, preCheckPassed=false} to SafeModeStatus{safeModeStatus=true, preCheckPassed=false}.
2023-06-06 14:27:09,255 [Time-limited test] INFO  server.StorageContainerManager (StorageContainerManager.java:start(1468)) - StorageContainerLocationProtocol RPC server is listening at /0.0.0.0:15035
2023-06-06 14:27:09,256 [Time-limited test] WARN  impl.MetricsConfig (MetricsConfig.java:loadFirst(136)) - Cannot locate configuration: tried hadoop-metrics2-storagecontainermanager.properties,hadoop-metrics2.properties
2023-06-06 14:27:09,261 [ReplicationMonitor] INFO  replication.ReplicationManager (ReplicationManager.java:processAll(374)) - Replication Manager is not ready to run until 3000ms after safemode exit
2023-06-06 14:27:09,261 [Time-limited test] INFO  impl.MetricsSystemImpl (MetricsSystemImpl.java:startTimer(378)) - Scheduled Metric snapshot period at 10 second(s).
2023-06-06 14:27:09,261 [Time-limited test] INFO  impl.MetricsSystemImpl (MetricsSystemImpl.java:start(191)) - StorageContainerManager metrics system started
2023-06-06 14:27:09,276 [Time-limited test] INFO  impl.MetricsSinkAdapter (MetricsSinkAdapter.java:start(204)) - Sink prometheus started
2023-06-06 14:27:09,277 [Time-limited test] INFO  impl.MetricsSystemImpl (MetricsSystemImpl.java:registerSink(305)) - Registered sink prometheus
2023-06-06 14:27:09,290 [Time-limited test] INFO  server.SCMClientProtocolServer (SCMClientProtocolServer.java:start(199)) - RPC server for Client  is listening at /0.0.0.0:15035
2023-06-06 14:27:09,290 [IPC Server Responder] INFO  ipc.Server (Server.java:run(1558)) - IPC Server Responder: starting
2023-06-06 14:27:09,290 [IPC Server listener on 15035] INFO  ipc.Server (Server.java:run(1398)) - IPC Server listener on 15035: starting
2023-06-06 14:27:09,292 [Time-limited test] INFO  server.StorageContainerManager (StorageContainerManager.java:start(1482)) - ScmBlockLocationProtocol RPC server is listening at /0.0.0.0:15036
2023-06-06 14:27:09,292 [Time-limited test] INFO  server.SCMBlockProtocolServer (SCMBlockProtocolServer.java:start(152)) - RPC server for Block Protocol is listening at /0.0.0.0:15036
2023-06-06 14:27:09,293 [IPC Server Responder] INFO  ipc.Server (Server.java:run(1558)) - IPC Server Responder: starting
2023-06-06 14:27:09,293 [IPC Server listener on 15036] INFO  ipc.Server (Server.java:run(1398)) - IPC Server listener on 15036: starting
2023-06-06 14:27:09,294 [Time-limited test] INFO  server.SCMDatanodeProtocolServer (SCMDatanodeProtocolServer.java:start(193)) - ScmDatanodeProtocol RPC server for DataNodes is listening at /0.0.0.0:15037
2023-06-06 14:27:09,295 [IPC Server Responder] INFO  ipc.Server (Server.java:run(1558)) - IPC Server Responder: starting
2023-06-06 14:27:09,295 [IPC Server listener on 15037] INFO  ipc.Server (Server.java:run(1398)) - IPC Server listener on 15037: starting
2023-06-06 14:27:09,304 [Time-limited test] INFO  http.BaseHttpServer (BaseHttpServer.java:newHttpServer2BuilderForOzone(224)) - Starting Web-server for scm at: http://0.0.0.0:15038
2023-06-06 14:27:09,304 [Time-limited test] INFO  http.BaseHttpServer (BaseHttpServer.java:<init>(111)) - Hadoop Security Enabled: false Ozone Security Enabled: false Ozone HTTP Security Enabled: false 
2023-06-06 14:27:09,306 [Time-limited test] WARN  server.AuthenticationFilter (AuthenticationFilter.java:constructSecretProvider(240)) - Unable to initialize FileSignerSecretProvider, falling back to use random secrets. Reason: Could not read signature secret file: /home/runner/hadoop-http-auth-signature-secret
2023-06-06 14:27:09,306 [JvmPauseMonitor5] INFO  util.JvmPauseMonitor (JvmPauseMonitor.java:run(103)) - JvmPauseMonitor-5eb89081-cdec-4880-ba96-c1f1f3bef49d: Started
2023-06-06 14:27:09,308 [Time-limited test] INFO  http.HttpRequestLog (HttpRequestLog.java:getRequestLog(86)) - Http request log for http.requests.scm is not defined
2023-06-06 14:27:09,314 [Time-limited test] INFO  http.HttpServer2 (HttpServer2.java:addGlobalFilter(1031)) - Added global filter 'safety' (class=org.apache.hadoop.hdds.server.http.HttpServer2$QuotingInputFilter)
2023-06-06 14:27:09,316 [Time-limited test] INFO  http.HttpServer2 (HttpServer2.java:addFilter(1007)) - Added filter static_user_filter (class=org.apache.hadoop.http.lib.StaticUserWebFilter$StaticUserFilter) to context scm
2023-06-06 14:27:09,318 [Time-limited test] INFO  http.HttpServer2 (HttpServer2.java:addFilter(1015)) - Added filter static_user_filter (class=org.apache.hadoop.http.lib.StaticUserWebFilter$StaticUserFilter) to context static
2023-06-06 14:27:09,318 [Time-limited test] INFO  http.HttpServer2 (HttpServer2.java:addFilter(1015)) - Added filter static_user_filter (class=org.apache.hadoop.http.lib.StaticUserWebFilter$StaticUserFilter) to context logs
2023-06-06 14:27:09,319 [Time-limited test] INFO  http.BaseHttpServer (BaseHttpServer.java:<init>(190)) - HTTP server of scm uses base directory /home/runner/work/ozone/ozone/hadoop-ozone/integration-test/target/test-dir/MiniOzoneClusterImpl-38e7d764-c52f-4307-950c-b659d634ec50/ozone-meta/webserver
2023-06-06 14:27:09,320 [Time-limited test] INFO  http.HttpServer2 (HttpServer2.java:bindListener(1250)) - Jetty bound to port 15038
2023-06-06 14:27:09,320 [Time-limited test] INFO  server.Server (Server.java:doStart(375)) - jetty-9.4.51.v20230217; built: 2023-02-17T08:19:37.309Z; git: b45c405e4544384de066f814ed42ae3dceacdd49; jvm 1.8.0_372-b07
2023-06-06 14:27:09,324 [Time-limited test] INFO  server.session (DefaultSessionIdManager.java:doStart(334)) - DefaultSessionIdManager workerName=node0
2023-06-06 14:27:09,324 [Time-limited test] INFO  server.session (DefaultSessionIdManager.java:doStart(339)) - No SessionScavenger set, using defaults
2023-06-06 14:27:09,324 [Time-limited test] INFO  server.session (HouseKeeper.java:startScavenging(132)) - node0 Scavenging every 660000ms
2023-06-06 14:27:09,326 [Time-limited test] INFO  handler.ContextHandler (ContextHandler.java:doStart(921)) - Started o.e.j.s.ServletContextHandler@d1ead48{logs,/logs,file:///home/runner/work/ozone/ozone/hadoop-ozone/integration-test/target/log,AVAILABLE}
2023-06-06 14:27:09,327 [Time-limited test] INFO  handler.ContextHandler (ContextHandler.java:doStart(921)) - Started o.e.j.s.ServletContextHandler@1c310854{static,/static,file:///home/runner/work/ozone/ozone/hadoop-ozone/integration-test/target/test-classes/webapps/static,AVAILABLE}
2023-06-06 14:27:09,331 [Time-limited test] INFO  handler.ContextHandler (ContextHandler.java:doStart(921)) - Started o.e.j.w.WebAppContext@f3d6a5b{scm,/,file:///home/runner/work/ozone/ozone/hadoop-ozone/integration-test/target/test-classes/webapps/scm/,AVAILABLE}{file:/home/runner/work/ozone/ozone/hadoop-ozone/integration-test/target/test-classes/webapps/scm}
2023-06-06 14:27:09,331 [Time-limited test] INFO  server.AbstractConnector (AbstractConnector.java:doStart(333)) - Started ServerConnector@55926bb2{HTTP/1.1, (http/1.1)}{0.0.0.0:15038}
2023-06-06 14:27:09,332 [Time-limited test] INFO  server.Server (Server.java:doStart(415)) - Started @38454ms
2023-06-06 14:27:09,332 [Time-limited test] WARN  impl.MetricsSystemImpl (MetricsSystemImpl.java:register(279)) - Sink prometheus already exists!
2023-06-06 14:27:09,332 [Time-limited test] INFO  http.BaseHttpServer (BaseHttpServer.java:updateConnectorAddress(344)) - HTTP server of scm listening at http://0.0.0.0:15038
2023-06-06 14:27:09,332 [Time-limited test] WARN  server.ServerUtils (ServerUtils.java:getDBPath(311)) - ozone.om.db.dirs is not configured. We recommend adding this setting. Falling back to ozone.metadata.dirs instead.
2023-06-06 14:27:09,334 [Time-limited test] INFO  ha.OMHANodeDetails (OMHANodeDetails.java:loadOMHAConfig(115)) - ozone.om.internal.service.id is not defined, falling back to ozone.om.service.ids to find serviceID for OzoneManager if it is HA enabled cluster
2023-06-06 14:27:09,334 [Time-limited test] INFO  ha.OMHANodeDetails (OMHANodeDetails.java:loadOMHAConfig(226)) - Configuration does not have ozone.om.address set. Falling back to the default OM address /127.0.0.1:15039
2023-06-06 14:27:09,334 [Time-limited test] INFO  ha.OMHANodeDetails (OMHANodeDetails.java:getOMNodeDetailsForNonHA(254)) - OM Service ID is not set. Setting it to the default ID: omServiceIdDefault
2023-06-06 14:27:09,334 [Time-limited test] INFO  ha.OMHANodeDetails (OMHANodeDetails.java:getOMNodeDetailsForNonHA(261)) - OM Node ID is not set. Setting it to the default ID: om1
2023-06-06 14:27:09,334 [Time-limited test] WARN  server.ServerUtils (ServerUtils.java:getDBPath(311)) - ozone.om.db.dirs is not configured. We recommend adding this setting. Falling back to ozone.metadata.dirs instead.
2023-06-06 14:27:09,335 [Time-limited test] INFO  upgrade.AbstractLayoutVersionManager (AbstractLayoutVersionManager.java:init(83)) - Initializing Layout version manager with metadata layout = FILESYSTEM_SNAPSHOT (version = 5), software layout = FILESYSTEM_SNAPSHOT (version = 5)
2023-06-06 14:27:09,465 [Time-limited test] INFO  reflections.Reflections (Reflections.java:scan(232)) - Reflections took 129 ms to scan 2 urls, producing 178 keys and 491 values [using 2 cores]
2023-06-06 14:27:09,465 [Time-limited test] INFO  upgrade.OMLayoutVersionManager (OMLayoutVersionManager.java:lambda$0(115)) - Skipping Upgrade Action MockOmUpgradeAction since it has been finalized.
2023-06-06 14:27:09,466 [Time-limited test] WARN  server.ServerUtils (ServerUtils.java:getDBPath(311)) - ozone.om.db.dirs is not configured. We recommend adding this setting. Falling back to ozone.metadata.dirs instead.
2023-06-06 14:27:09,466 [Time-limited test] INFO  proxy.SCMBlockLocationFailoverProxyProvider (SCMBlockLocationFailoverProxyProvider.java:<init>(114)) - Created block location fail-over proxy with 1 nodes: [nodeId=scmNodeId,nodeAddress=/0.0.0.0:15036]
2023-06-06 14:27:09,468 [Time-limited test] INFO  proxy.SCMBlockLocationFailoverProxyProvider (SCMBlockLocationFailoverProxyProvider.java:<init>(114)) - Created block location fail-over proxy with 1 nodes: [nodeId=scmNodeId,nodeAddress=/0.0.0.0:15036]
2023-06-06 14:27:09,482 [Time-limited test] INFO  om.OzoneManager (OzoneManager.java:<init>(642)) - OM start with adminUsers: [runner]
2023-06-06 14:27:09,486 [Time-limited test] WARN  server.ServerUtils (ServerUtils.java:getDBPath(311)) - ozone.om.db.dirs is not configured. We recommend adding this setting. Falling back to ozone.metadata.dirs instead.
2023-06-06 14:27:09,486 [Time-limited test] INFO  helpers.OmKeyInfo (OmKeyInfo.java:getCodec(71)) - OmKeyInfo.getCodec ignorePipeline = true
2023-06-06 14:27:09,661 [Time-limited test] INFO  om.OzoneManager (OzoneManager.java:instantiateServices(771)) - S3 Multi-Tenancy is disabled
2023-06-06 14:27:09,661 [Time-limited test] INFO  om.OmSnapshotManager (OmSnapshotManager.java:<init>(170)) - Ozone filesystem snapshot feature is enabled.
2023-06-06 14:27:09,662 [Time-limited test] WARN  server.ServerUtils (ServerUtils.java:getDBPath(311)) - ozone.om.snapshot.diff.db.dir is not configured. We recommend adding this setting. Falling back to ozone.metadata.dirs instead.
2023-06-06 14:27:09,679 [Time-limited test] INFO  utils.NativeLibraryLoader (NativeLibraryLoader.java:loadLibrary(103)) - Loading Library: ozone_rocksdb_tools
2023-06-06 14:27:09,681 [Time-limited test] INFO  om.OzoneManager (OzoneManager.java:addS3GVolumeToDB(4254)) - Created Volume s3v With Owner runner required for S3Gateway operations.
2023-06-06 14:27:09,681 [Time-limited test] WARN  server.ServerUtils (ServerUtils.java:getDefaultRatisDirectory(323)) - Storage directory for Ratis is not configured. It is a good idea to map this to an SSD disk. Falling back to ozone.metadata.dirs
2023-06-06 14:27:09,682 [Time-limited test] WARN  utils.OzoneManagerRatisUtils (OzoneManagerRatisUtils.java:getOMRatisSnapshotDirectory(461)) - ozone.om.ratis.snapshot.dir is not configured. Falling back to ozone.metadata.dirs config
2023-06-06 14:27:09,682 [Time-limited test] WARN  server.ServerUtils (ServerUtils.java:getDefaultRatisDirectory(323)) - Storage directory for Ratis is not configured. It is a good idea to map this to an SSD disk. Falling back to ozone.metadata.dirs
2023-06-06 14:27:09,684 [Time-limited test] INFO  ratis.OzoneManagerRatisServer (OzoneManagerRatisServer.java:<init>(163)) - Instantiating OM Ratis server with groupID: omServiceIdDefault and peers: localhost:15042
2023-06-06 14:27:09,684 [Time-limited test] INFO  ratis.OzoneManagerStateMachine (OzoneManagerStateMachine.java:loadSnapshotInfoFromDB(670)) - LastAppliedIndex is set from TransactionInfo from OM DB as (t:0, i:~)
2023-06-06 14:27:09,690 [Time-limited test] INFO  server.RaftServer (ConfUtils.java:logGet(46)) - raft.rpc.type = GRPC (default)
2023-06-06 14:27:09,690 [Time-limited test] INFO  grpc.GrpcConfigKeys (ConfUtils.java:logFallback(53)) - raft.grpc.admin.host = null (fallback to raft.grpc.server.host)
2023-06-06 14:27:09,690 [Time-limited test] INFO  grpc.GrpcConfigKeys (ConfUtils.java:logFallback(53)) - raft.grpc.admin.port = 15042 (fallback to raft.grpc.server.port)
2023-06-06 14:27:09,690 [Time-limited test] INFO  grpc.GrpcConfigKeys (ConfUtils.java:logFallback(53)) - raft.grpc.client.host = null (fallback to raft.grpc.server.host)
2023-06-06 14:27:09,690 [Time-limited test] INFO  grpc.GrpcConfigKeys (ConfUtils.java:logFallback(53)) - raft.grpc.client.port = 15042 (fallback to raft.grpc.server.port)
2023-06-06 14:27:09,690 [Time-limited test] INFO  grpc.GrpcConfigKeys (ConfUtils.java:logGet(46)) - raft.grpc.server.host = null (default)
2023-06-06 14:27:09,690 [Time-limited test] INFO  grpc.GrpcConfigKeys (ConfUtils.java:logGet(46)) - raft.grpc.server.port = 15042 (custom)
2023-06-06 14:27:09,690 [Time-limited test] INFO  server.GrpcService (ConfUtils.java:logGet(46)) - raft.grpc.message.size.max = 33554432 (custom)
2023-06-06 14:27:09,690 [Time-limited test] INFO  server.RaftServerConfigKeys (ConfUtils.java:logGet(46)) - raft.server.log.appender.buffer.byte-limit = 33554432 (custom)
2023-06-06 14:27:09,690 [Time-limited test] INFO  server.GrpcService (ConfUtils.java:logGet(46)) - raft.grpc.flow.control.window = 1MB (=1048576) (default)
2023-06-06 14:27:09,690 [Time-limited test] INFO  server.RaftServerConfigKeys (ConfUtils.java:logGet(46)) - raft.server.rpc.request.timeout = 3000ms (default)
2023-06-06 14:27:09,690 [Time-limited test] INFO  grpc.GrpcConfigKeys (ConfUtils.java:logGet(46)) - raft.grpc.server.heartbeat.channel = true (default)
2023-06-06 14:27:09,691 [Time-limited test] INFO  grpc.GrpcConfigKeys (ConfUtils.java:logGet(46)) - raft.grpc.server.async.request.thread.pool.cached = true (default)
2023-06-06 14:27:09,691 [Time-limited test] INFO  grpc.GrpcConfigKeys (ConfUtils.java:logGet(46)) - raft.grpc.server.async.request.thread.pool.size = 32 (default)
2023-06-06 14:27:09,692 [Time-limited test] INFO  impl.DataStreamServerImpl (ConfUtils.java:logGet(46)) - raft.datastream.type = DISABLED (default)
2023-06-06 14:27:09,692 [Time-limited test] INFO  server.RaftServerConfigKeys (ConfUtils.java:logGet(46)) - raft.server.threadpool.proxy.cached = true (default)
2023-06-06 14:27:09,692 [Time-limited test] INFO  server.RaftServerConfigKeys (ConfUtils.java:logGet(46)) - raft.server.threadpool.proxy.size = 0 (default)
2023-06-06 14:27:09,692 [Time-limited test] INFO  server.RaftServerConfigKeys (ConfUtils.java:logGet(46)) - raft.server.rpc.slowness.timeout = 120s (custom)
2023-06-06 14:27:09,692 [Time-limited test] INFO  server.RaftServerConfigKeys (ConfUtils.java:logGet(46)) - raft.server.leaderelection.leader.step-down.wait-time = 10s (default)
2023-06-06 14:27:09,692 [Time-limited test] INFO  server.RaftServerConfigKeys (ConfUtils.java:logGet(46)) - raft.server.storage.dir = [/home/runner/work/ozone/ozone/hadoop-ozone/integration-test/target/test-dir/MiniOzoneClusterImpl-38e7d764-c52f-4307-950c-b659d634ec50/ozone-meta/ratis] (custom)
2023-06-06 14:27:09,694 [Time-limited test] INFO  server.RaftServer (RaftServerProxy.java:addNew(98)) - om1: addNew group-C5BA1605619E:[om1|rpc:localhost:15042|priority:0|startupRole:FOLLOWER] returns group-C5BA1605619E:java.util.concurrent.CompletableFuture@46a5a6ad[Not completed]
2023-06-06 14:27:09,694 [Time-limited test] INFO  om.OzoneManager (OzoneManager.java:initializeRatisServer(2112)) - OzoneManager Ratis server initialized at port 15042
2023-06-06 14:27:09,694 [Time-limited test] INFO  om.OzoneManager (OzoneManager.java:getRpcServer(1171)) - Creating RPC Server
2023-06-06 14:27:09,695 [om1-groupManagement] INFO  server.RaftServer$Division (RaftServerImpl.java:<init>(198)) - om1: new RaftServerImpl for group-C5BA1605619E:[om1|rpc:localhost:15042|priority:0|startupRole:FOLLOWER] with OzoneManagerStateMachine:uninitialized
2023-06-06 14:27:09,695 [om1-groupManagement] INFO  server.RaftServerConfigKeys (ConfUtils.java:logGet(46)) - raft.server.rpc.timeout.min = 1s (custom)
2023-06-06 14:27:09,695 [om1-groupManagement] INFO  server.RaftServerConfigKeys (ConfUtils.java:logGet(46)) - raft.server.rpc.timeout.max = 1200ms (custom)
2023-06-06 14:27:09,696 [om1-groupManagement] INFO  server.RaftServerConfigKeys (ConfUtils.java:logGet(46)) - raft.server.rpc.sleep.time = 25ms (default)
2023-06-06 14:27:09,696 [om1-groupManagement] INFO  server.RaftServerConfigKeys (ConfUtils.java:logGet(46)) - raft.server.rpc.slowness.timeout = 120s (custom)
2023-06-06 14:27:09,696 [om1-groupManagement] INFO  server.RaftServerConfigKeys (ConfUtils.java:logGet(46)) - raft.server.leaderelection.leader.step-down.wait-time = 10s (default)
2023-06-06 14:27:09,696 [om1-groupManagement] INFO  server.RaftServerConfigKeys (ConfUtils.java:logGet(46)) - raft.server.sleep.deviation.threshold = 300ms (default)
2023-06-06 14:27:09,696 [om1-groupManagement] INFO  server.RaftServer$Division (ServerState.java:<init>(120)) - om1@group-C5BA1605619E: ConfigurationManager, init=-1: peers:[om1|rpc:localhost:15042|priority:0|startupRole:FOLLOWER]|listeners:[], old=null, confs=<EMPTY_MAP>
2023-06-06 14:27:09,697 [om1-groupManagement] INFO  server.RaftServerConfigKeys (ConfUtils.java:logGet(46)) - raft.server.storage.dir = [/home/runner/work/ozone/ozone/hadoop-ozone/integration-test/target/test-dir/MiniOzoneClusterImpl-38e7d764-c52f-4307-950c-b659d634ec50/ozone-meta/ratis] (custom)
2023-06-06 14:27:09,697 [om1-groupManagement] INFO  server.RaftServerConfigKeys (ConfUtils.java:logGet(46)) - raft.server.log.corruption.policy = EXCEPTION (default)
2023-06-06 14:27:09,697 [om1-groupManagement] INFO  server.RaftServerConfigKeys (ConfUtils.java:logGet(46)) - raft.server.storage.free-space.min = 0MB (=0) (default)
2023-06-06 14:27:09,697 [om1-groupManagement] INFO  server.RaftServerConfigKeys (ConfUtils.java:logGet(46)) - raft.server.notification.no-leader.timeout = 120s (custom)
2023-06-06 14:27:09,697 [om1-groupManagement] INFO  server.RaftServerConfigKeys (ConfUtils.java:logGet(46)) - raft.server.read.timeout = 10s (default)
2023-06-06 14:27:09,698 [om1-groupManagement] INFO  server.RaftServerConfigKeys (ConfUtils.java:logGet(46)) - raft.server.retrycache.expirytime = 300s (custom)
2023-06-06 14:27:09,698 [om1-groupManagement] INFO  server.RaftServerConfigKeys (ConfUtils.java:logGet(46)) - raft.server.retrycache.statistics.expirytime = 100μs (default)
2023-06-06 14:27:09,698 [om1-groupManagement] INFO  server.RaftServerConfigKeys (ConfUtils.java:logGet(46)) - raft.server.read.option = DEFAULT (default)
2023-06-06 14:27:09,698 [om1-groupManagement] INFO  server.RaftServerConfigKeys (ConfUtils.java:logGet(46)) - raft.server.rpc.request.timeout = 3000ms (default)
2023-06-06 14:27:09,698 [om1-groupManagement] INFO  server.RaftServerConfigKeys (ConfUtils.java:logGet(46)) - raft.server.log.appender.install.snapshot.enabled = false (custom)
2023-06-06 14:27:09,698 [om1-groupManagement] INFO  server.RaftServerConfigKeys (ConfUtils.java:logGet(46)) - raft.server.threadpool.server.cached = true (default)
2023-06-06 14:27:09,698 [om1-groupManagement] INFO  server.RaftServerConfigKeys (ConfUtils.java:logGet(46)) - raft.server.threadpool.server.size = 0 (default)
2023-06-06 14:27:09,698 [om1-groupManagement] INFO  server.RaftServerConfigKeys (ConfUtils.java:logGet(46)) - raft.server.threadpool.client.cached = true (default)
2023-06-06 14:27:09,698 [om1-groupManagement] INFO  server.RaftServerConfigKeys (ConfUtils.java:logGet(46)) - raft.server.threadpool.client.size = 0 (default)
2023-06-06 14:27:10,166 [Time-limited test] INFO  reflections.Reflections (Reflections.java:scan(232)) - Reflections took 471 ms to scan 19 urls, producing 69 keys and 5288 values [using 2 cores]
2023-06-06 14:27:10,168 [Time-limited test] INFO  ipc.CallQueueManager (CallQueueManager.java:<init>(90)) - Using callQueue: class java.util.concurrent.LinkedBlockingQueue, queueCapacity: 2000, scheduler: class org.apache.hadoop.ipc.DefaultRpcScheduler, ipcBackoff: false.
2023-06-06 14:27:10,171 [Socket Reader #1 for port 15039] INFO  ipc.Server (Server.java:run(1319)) - Starting Socket Reader #1 for port 15039
2023-06-06 14:27:10,173 [Listener at 127.0.0.1/15039] INFO  hdds.HddsUtils (HddsUtils.java:preserveThreadName(843)) - Restoring thread name: Time-limited test
2023-06-06 14:27:10,191 [Time-limited test] INFO  impl.MetricsSystemImpl (MetricsSystemImpl.java:init(158)) - OzoneManager metrics system started (again)
2023-06-06 14:27:10,205 [Time-limited test] INFO  om.OzoneManager (OzoneManager.java:start(1593)) - OzoneManager RPC server is listening at localhost/127.0.0.1:15039
2023-06-06 14:27:10,205 [Time-limited test] INFO  ratis.OzoneManagerRatisServer (OzoneManagerRatisServer.java:start(558)) - Starting OzoneManagerRatisServer om1 at port 15042
2023-06-06 14:27:10,205 [om1-impl-thread1] INFO  storage.RaftStorageDirectory (RaftStorageDirectoryImpl.java:analyzeStorage(137)) - The storage directory /home/runner/work/ozone/ozone/hadoop-ozone/integration-test/target/test-dir/MiniOzoneClusterImpl-38e7d764-c52f-4307-950c-b659d634ec50/ozone-meta/ratis/bf265839-605b-3f16-9796-c5ba1605619e does not exist. Creating ...
2023-06-06 14:27:10,206 [om1-impl-thread1] INFO  storage.RaftStorageDirectory (RaftStorageDirectoryImpl.java:tryLock(231)) - Lock on /home/runner/work/ozone/ozone/hadoop-ozone/integration-test/target/test-dir/MiniOzoneClusterImpl-38e7d764-c52f-4307-950c-b659d634ec50/ozone-meta/ratis/bf265839-605b-3f16-9796-c5ba1605619e/in_use.lock acquired by nodename 75814@fv-az1133-973
2023-06-06 14:27:10,207 [om1-impl-thread1] INFO  storage.RaftStorage (RaftStorageImpl.java:format(96)) - Storage directory /home/runner/work/ozone/ozone/hadoop-ozone/integration-test/target/test-dir/MiniOzoneClusterImpl-38e7d764-c52f-4307-950c-b659d634ec50/ozone-meta/ratis/bf265839-605b-3f16-9796-c5ba1605619e has been successfully formatted.
2023-06-06 14:27:10,208 [om1-impl-thread1] INFO  server.RaftServerConfigKeys (ConfUtils.java:logGet(46)) - raft.server.log.use.memory = false (default)
2023-06-06 14:27:10,208 [om1-impl-thread1] INFO  server.RaftServerConfigKeys (ConfUtils.java:logGet(46)) - raft.server.log.purge.gap = 1000000 (custom)
2023-06-06 14:27:10,208 [om1-impl-thread1] INFO  server.RaftServerConfigKeys (ConfUtils.java:logGet(46)) - raft.server.log.appender.buffer.byte-limit = 33554432 (custom)
2023-06-06 14:27:10,208 [om1-impl-thread1] INFO  server.RaftServerConfigKeys (ConfUtils.java:logGet(46)) - raft.server.log.statemachine.data.read.timeout = 1000ms (default)
2023-06-06 14:27:10,208 [om1-impl-thread1] INFO  server.RaftServerConfigKeys (ConfUtils.java:logGet(46)) - raft.server.log.purge.preservation.log.num = 0 (default)
2023-06-06 14:27:10,208 [om1-impl-thread1] INFO  server.RaftServerConfigKeys (ConfUtils.java:logGet(46)) - raft.server.log.segment.size.max = 4194304 (custom)
2023-06-06 14:27:10,208 [om1-impl-thread1] INFO  server.RaftServerConfigKeys (ConfUtils.java:logGet(46)) - raft.server.log.segment.cache.num.max = 2 (custom)
2023-06-06 14:27:10,208 [om1-impl-thread1] INFO  server.RaftServerConfigKeys (ConfUtils.java:logGet(46)) - raft.server.log.segment.cache.size.max = 200MB (=209715200) (default)
2023-06-06 14:27:10,208 [om1-impl-thread1] INFO  server.RaftServerConfigKeys (ConfUtils.java:logGet(46)) - raft.server.log.appender.buffer.byte-limit = 33554432 (custom)
2023-06-06 14:27:10,208 [om1-impl-thread1] INFO  segmented.SegmentedRaftLogWorker (SegmentedRaftLogWorker.java:<init>(188)) - new om1@group-C5BA1605619E-SegmentedRaftLogWorker for RaftStorageImpl:Storage Directory /home/runner/work/ozone/ozone/hadoop-ozone/integration-test/target/test-dir/MiniOzoneClusterImpl-38e7d764-c52f-4307-950c-b659d634ec50/ozone-meta/ratis/bf265839-605b-3f16-9796-c5ba1605619e
2023-06-06 14:27:10,208 [om1-impl-thread1] INFO  server.RaftServerConfigKeys (ConfUtils.java:logGet(46)) - raft.server.log.queue.byte-limit = 64MB (=67108864) (default)
2023-06-06 14:27:10,208 [om1-impl-thread1] INFO  server.RaftServerConfigKeys (ConfUtils.java:logGet(46)) - raft.server.log.queue.element-limit = 4096 (default)
2023-06-06 14:27:10,208 [om1-impl-thread1] INFO  server.RaftServerConfigKeys (ConfUtils.java:logGet(46)) - raft.server.log.segment.size.max = 4194304 (custom)
2023-06-06 14:27:10,209 [om1-impl-thread1] INFO  server.RaftServerConfigKeys (ConfUtils.java:logGet(46)) - raft.server.log.preallocated.size = 4194304 (custom)
2023-06-06 14:27:10,209 [om1-impl-thread1] INFO  server.RaftServerConfigKeys (ConfUtils.java:logGet(46)) - raft.server.log.force.sync.num = 128 (default)
2023-06-06 14:27:10,209 [om1-impl-thread1] INFO  server.RaftServerConfigKeys (ConfUtils.java:logGet(46)) - raft.server.log.statemachine.data.sync = true (default)
2023-06-06 14:27:10,209 [om1-impl-thread1] INFO  server.RaftServerConfigKeys (ConfUtils.java:logGet(46)) - raft.server.log.statemachine.data.sync.timeout = 10s (default)
2023-06-06 14:27:10,209 [om1-impl-thread1] INFO  server.RaftServerConfigKeys (ConfUtils.java:logGet(46)) - raft.server.log.statemachine.data.sync.timeout.retry = -1 (default)
2023-06-06 14:27:10,209 [om1-impl-thread1] INFO  server.RaftServerConfigKeys (ConfUtils.java:logGet(46)) - raft.server.log.write.buffer.size = 64KB (=65536) (default)
2023-06-06 14:27:10,209 [om1-impl-thread1] INFO  server.RaftServerConfigKeys (ConfUtils.java:logGet(46)) - raft.server.log.appender.buffer.byte-limit = 33554432 (custom)
2023-06-06 14:27:10,214 [om1-impl-thread1] INFO  server.RaftServerConfigKeys (ConfUtils.java:logGet(46)) - raft.server.log.unsafe-flush.enabled = false (default)
2023-06-06 14:27:10,214 [om1-impl-thread1] INFO  server.RaftServerConfigKeys (ConfUtils.java:logGet(46)) - raft.server.log.async-flush.enabled = false (default)
2023-06-06 14:27:10,214 [om1-impl-thread1] INFO  server.RaftServerConfigKeys (ConfUtils.java:logGet(46)) - raft.server.log.statemachine.data.caching.enabled = false (default)
2023-06-06 14:27:10,214 [om1-impl-thread1] INFO  segmented.SegmentedRaftLogWorker (SegmentedRaftLogWorker.java:lambda$new$0(135)) - om1@group-C5BA1605619E-SegmentedRaftLogWorker: flushIndex: setUnconditionally 0 -> -1
2023-06-06 14:27:10,214 [om1-impl-thread1] INFO  segmented.SegmentedRaftLogWorker (SegmentedRaftLogWorker.java:lambda$new$0(135)) - om1@group-C5BA1605619E-SegmentedRaftLogWorker: safeCacheEvictIndex: setUnconditionally 0 -> -1
2023-06-06 14:27:10,215 [om1-impl-thread1] INFO  server.RaftServer$Division (RaftServerImpl.java:start(342)) - om1@group-C5BA1605619E: start as a follower, conf=-1: peers:[om1|rpc:localhost:15042|priority:0|startupRole:FOLLOWER]|listeners:[], old=null
2023-06-06 14:27:10,215 [om1-impl-thread1] INFO  server.RaftServer$Division (RaftServerImpl.java:setRole(329)) - om1@group-C5BA1605619E: changes role from      null to FOLLOWER at term 0 for startAsFollower
2023-06-06 14:27:10,219 [om1-impl-thread1] INFO  impl.RoleInfo (RoleInfo.java:updateAndGet(139)) - om1: start om1@group-C5BA1605619E-FollowerState
2023-06-06 14:27:10,219 [om1-impl-thread1] INFO  util.JmxRegister (JmxRegister.java:tryRegister(44)) - Successfully registered JMX Bean with object name Ratis:service=RaftServer,group=group-C5BA1605619E,id=om1
2023-06-06 14:27:10,219 [om1-impl-thread1] INFO  server.RaftServerConfigKeys (ConfUtils.java:logGet(46)) - raft.server.snapshot.auto.trigger.enabled = true (custom)
2023-06-06 14:27:10,219 [om1-impl-thread1] INFO  server.RaftServerConfigKeys (ConfUtils.java:logGet(46)) - raft.server.snapshot.auto.trigger.threshold = 400000 (default)
2023-06-06 14:27:10,220 [om1-impl-thread1] INFO  server.RaftServerConfigKeys (ConfUtils.java:logGet(46)) - raft.server.snapshot.retention.file.num = -1 (default)
2023-06-06 14:27:10,220 [om1-impl-thread1] INFO  server.RaftServerConfigKeys (ConfUtils.java:logGet(46)) - raft.server.log.purge.upto.snapshot.index = true (custom)
2023-06-06 14:27:10,220 [om1@group-C5BA1605619E-FollowerState] INFO  server.RaftServerConfigKeys (ConfUtils.java:logFallback(53)) - raft.server.rpc.first-election.timeout.min = 1s (fallback to raft.server.rpc.timeout.min)
2023-06-06 14:27:10,220 [om1@group-C5BA1605619E-FollowerState] INFO  server.RaftServerConfigKeys (ConfUtils.java:logFallback(53)) - raft.server.rpc.first-election.timeout.max = 1200ms (fallback to raft.server.rpc.timeout.max)
2023-06-06 14:27:10,220 [Time-limited test] INFO  server.RaftServer (RaftServerProxy.java:startImpl(400)) - om1: start RPC server
2023-06-06 14:27:10,226 [Time-limited test] INFO  server.GrpcService (GrpcService.java:startImpl(302)) - om1: GrpcService started, listening on 15042
2023-06-06 14:27:10,227 [Time-limited test] INFO  om.OzoneManager (OzoneManager.java:start(1609)) - Version File has different layout version (5) than OM DB (null). That is expected if this OM has never been finalized to a newer layout version.
2023-06-06 14:27:10,227 [JvmPauseMonitor6] INFO  util.JvmPauseMonitor (JvmPauseMonitor.java:run(103)) - JvmPauseMonitor-om1: Started
2023-06-06 14:27:10,238 [Time-limited test] INFO  http.BaseHttpServer (BaseHttpServer.java:newHttpServer2BuilderForOzone(224)) - Starting Web-server for ozoneManager at: http://0.0.0.0:15040
2023-06-06 14:27:10,238 [Time-limited test] INFO  http.BaseHttpServer (BaseHttpServer.java:<init>(111)) - Hadoop Security Enabled: false Ozone Security Enabled: false Ozone HTTP Security Enabled: false 
2023-06-06 14:27:10,239 [Time-limited test] WARN  server.AuthenticationFilter (AuthenticationFilter.java:constructSecretProvider(240)) - Unable to initialize FileSignerSecretProvider, falling back to use random secrets. Reason: Could not read signature secret file: /home/runner/hadoop-http-auth-signature-secret
2023-06-06 14:27:10,242 [Time-limited test] INFO  http.HttpRequestLog (HttpRequestLog.java:getRequestLog(86)) - Http request log for http.requests.ozoneManager is not defined
2023-06-06 14:27:10,248 [Time-limited test] INFO  http.HttpServer2 (HttpServer2.java:addGlobalFilter(1031)) - Added global filter 'safety' (class=org.apache.hadoop.hdds.server.http.HttpServer2$QuotingInputFilter)
2023-06-06 14:27:10,250 [Time-limited test] INFO  http.HttpServer2 (HttpServer2.java:addFilter(1007)) - Added filter static_user_filter (class=org.apache.hadoop.http.lib.StaticUserWebFilter$StaticUserFilter) to context ozoneManager
2023-06-06 14:27:10,250 [Time-limited test] INFO  http.HttpServer2 (HttpServer2.java:addFilter(1015)) - Added filter static_user_filter (class=org.apache.hadoop.http.lib.StaticUserWebFilter$StaticUserFilter) to context logs
2023-06-06 14:27:10,250 [Time-limited test] INFO  http.HttpServer2 (HttpServer2.java:addFilter(1015)) - Added filter static_user_filter (class=org.apache.hadoop.http.lib.StaticUserWebFilter$StaticUserFilter) to context static
2023-06-06 14:27:10,252 [Time-limited test] INFO  http.BaseHttpServer (BaseHttpServer.java:<init>(190)) - HTTP server of ozoneManager uses base directory /home/runner/work/ozone/ozone/hadoop-ozone/integration-test/target/test-dir/MiniOzoneClusterImpl-38e7d764-c52f-4307-950c-b659d634ec50/ozone-meta/webserver
2023-06-06 14:27:10,252 [Time-limited test] INFO  http.HttpServer2 (HttpServer2.java:bindListener(1250)) - Jetty bound to port 15040
2023-06-06 14:27:10,252 [Time-limited test] INFO  server.Server (Server.java:doStart(375)) - jetty-9.4.51.v20230217; built: 2023-02-17T08:19:37.309Z; git: b45c405e4544384de066f814ed42ae3dceacdd49; jvm 1.8.0_372-b07
2023-06-06 14:27:10,254 [Time-limited test] INFO  server.session (DefaultSessionIdManager.java:doStart(334)) - DefaultSessionIdManager workerName=node0
2023-06-06 14:27:10,254 [Time-limited test] INFO  server.session (DefaultSessionIdManager.java:doStart(339)) - No SessionScavenger set, using defaults
2023-06-06 14:27:10,254 [Time-limited test] INFO  server.session (HouseKeeper.java:startScavenging(132)) - node0 Scavenging every 660000ms
2023-06-06 14:27:10,256 [Time-limited test] INFO  handler.ContextHandler (ContextHandler.java:doStart(921)) - Started o.e.j.s.ServletContextHandler@5aa4f416{logs,/logs,file:///home/runner/work/ozone/ozone/hadoop-ozone/integration-test/target/log,AVAILABLE}
2023-06-06 14:27:10,257 [Time-limited test] INFO  handler.ContextHandler (ContextHandler.java:doStart(921)) - Started o.e.j.s.ServletContextHandler@609f38e{static,/static,file:///home/runner/work/ozone/ozone/hadoop-ozone/integration-test/target/test-classes/webapps/static,AVAILABLE}
2023-06-06 14:27:10,260 [Time-limited test] INFO  handler.ContextHandler (ContextHandler.java:doStart(921)) - Started o.e.j.w.WebAppContext@7e90041d{ozoneManager,/,file:///home/runner/work/ozone/ozone/hadoop-ozone/integration-test/target/test-classes/webapps/ozoneManager/,AVAILABLE}{file:/home/runner/work/ozone/ozone/hadoop-ozone/integration-test/target/test-classes/webapps/ozoneManager}
2023-06-06 14:27:10,264 [Time-limited test] INFO  server.AbstractConnector (AbstractConnector.java:doStart(333)) - Started ServerConnector@3949e65b{HTTP/1.1, (http/1.1)}{0.0.0.0:15040}
2023-06-06 14:27:10,264 [Time-limited test] INFO  server.Server (Server.java:doStart(415)) - Started @39387ms
2023-06-06 14:27:10,265 [Time-limited test] WARN  impl.MetricsSystemImpl (MetricsSystemImpl.java:register(279)) - Sink prometheus already exists!
2023-06-06 14:27:10,265 [Time-limited test] INFO  http.BaseHttpServer (BaseHttpServer.java:updateConnectorAddress(344)) - HTTP server of ozoneManager listening at http://0.0.0.0:15040
2023-06-06 14:27:10,266 [IPC Server Responder] INFO  ipc.Server (Server.java:run(1558)) - IPC Server Responder: starting
2023-06-06 14:27:10,268 [IPC Server listener on 15039] INFO  ipc.Server (Server.java:run(1398)) - IPC Server listener on 15039: starting
2023-06-06 14:27:10,271 [Time-limited test] INFO  om.OzoneManager (OzoneManager.java:startTrashEmptier(2065)) - Trash Interval set to 0. Files deleted won't move to trash
2023-06-06 14:27:10,277 [Time-limited test] WARN  impl.MetricRegistriesImpl (MetricRegistriesImpl.java:addReporterRegistration(111)) - New reporters are added after registries were created. Some metrics will be missing from the reporter. Please add reporter before adding any new registry.
2023-06-06 14:27:10,277 [Time-limited test] WARN  impl.MetricRegistriesImpl (MetricRegistriesImpl.java:addReporterRegistration(111)) - New reporters are added after registries were created. Some metrics will be missing from the reporter. Please add reporter before adding any new registry.
2023-06-06 14:27:10,277 [Time-limited test] INFO  impl.MetricsSystemImpl (MetricsSystemImpl.java:init(158)) - HddsDatanode metrics system started (again)
2023-06-06 14:27:10,289 [Time-limited test] INFO  ozone.HddsDatanodeService (HddsDatanodeService.java:start(261)) - HddsDatanodeService host:fv-az1133-973.qlb2sqfkji0uhjsjdnlwzcsdwg.bx.internal.cloudapp.net ip:10.1.0.37
2023-06-06 14:27:10,313 [Time-limited test] INFO  upgrade.AbstractLayoutVersionManager (AbstractLayoutVersionManager.java:init(83)) - Initializing Layout version manager with metadata layout = HADOOP_PRC_PORTS_IN_DATANODEDETAILS (version = 7), software layout = HADOOP_PRC_PORTS_IN_DATANODEDETAILS (version = 7)
2023-06-06 14:27:10,314 [Time-limited test] INFO  statemachine.DatanodeStateMachine (DatanodeStateMachine.java:getEndPointTaskThreadPoolSize(271)) - Datanode State Machine Task Thread Pool size 2
2023-06-06 14:27:10,320 [Time-limited test] INFO  volume.HddsVolume (HddsVolume.java:<init>(130)) - Creating HddsVolume: /home/runner/work/ozone/ozone/hadoop-ozone/integration-test/target/test-dir/MiniOzoneClusterImpl-38e7d764-c52f-4307-950c-b659d634ec50/datanode-0/data-0/containers/hdds of storage type : DISK capacity : 9223372036854775807
2023-06-06 14:27:10,320 [Time-limited test] INFO  volume.MutableVolumeSet (MutableVolumeSet.java:initializeVolumeSet(175)) - Added Volume : /home/runner/work/ozone/ozone/hadoop-ozone/integration-test/target/test-dir/MiniOzoneClusterImpl-38e7d764-c52f-4307-950c-b659d634ec50/datanode-0/data-0/containers/hdds to VolumeSet
2023-06-06 14:27:10,320 [Time-limited test] INFO  volume.ThrottledAsyncChecker (ThrottledAsyncChecker.java:schedule(141)) - Scheduling a check for /home/runner/work/ozone/ozone/hadoop-ozone/integration-test/target/test-dir/MiniOzoneClusterImpl-38e7d764-c52f-4307-950c-b659d634ec50/datanode-0/data-0/containers/hdds
2023-06-06 14:27:10,325 [Time-limited test] INFO  volume.StorageVolumeChecker (StorageVolumeChecker.java:checkAllVolumes(202)) - Scheduled health check for volume /home/runner/work/ozone/ozone/hadoop-ozone/integration-test/target/test-dir/MiniOzoneClusterImpl-38e7d764-c52f-4307-950c-b659d634ec50/datanode-0/data-0/containers/hdds
2023-06-06 14:27:10,344 [Time-limited test] INFO  volume.MutableVolumeSet (MutableVolumeSet.java:initializeVolumeSet(175)) - Added Volume : /home/runner/work/ozone/ozone/hadoop-ozone/integration-test/target/test-dir/MiniOzoneClusterImpl-38e7d764-c52f-4307-950c-b659d634ec50/datanode-0/data/ratis to VolumeSet
2023-06-06 14:27:10,344 [Time-limited test] INFO  volume.ThrottledAsyncChecker (ThrottledAsyncChecker.java:schedule(141)) - Scheduling a check for /home/runner/work/ozone/ozone/hadoop-ozone/integration-test/target/test-dir/MiniOzoneClusterImpl-38e7d764-c52f-4307-950c-b659d634ec50/datanode-0/data/ratis
2023-06-06 14:27:10,345 [Time-limited test] INFO  volume.StorageVolumeChecker (StorageVolumeChecker.java:checkAllVolumes(202)) - Scheduled health check for volume /home/runner/work/ozone/ozone/hadoop-ozone/integration-test/target/test-dir/MiniOzoneClusterImpl-38e7d764-c52f-4307-950c-b659d634ec50/datanode-0/data/ratis
2023-06-06 14:27:10,356 [Thread-656] INFO  ozoneimpl.ContainerReader (ContainerReader.java:readVolume(175)) - Finish verifying containers on volume /home/runner/work/ozone/ozone/hadoop-ozone/integration-test/target/test-dir/MiniOzoneClusterImpl-38e7d764-c52f-4307-950c-b659d634ec50/datanode-0/data-0/containers/hdds
2023-06-06 14:27:10,356 [Time-limited test] INFO  ozoneimpl.OzoneContainer (OzoneContainer.java:buildContainerSet(303)) - Build ContainerSet costs 0s
2023-06-06 14:27:10,358 [Time-limited test] INFO  server.RaftServer (ConfUtils.java:logGet(46)) - raft.rpc.type = GRPC (default)
2023-06-06 14:27:10,358 [Time-limited test] INFO  grpc.GrpcConfigKeys (ConfUtils.java:logFallback(53)) - raft.grpc.admin.host = null (fallback to raft.grpc.server.host)
2023-06-06 14:27:10,358 [Time-limited test] INFO  grpc.GrpcConfigKeys (ConfUtils.java:logGet(46)) - raft.grpc.admin.port = 15048 (custom)
2023-06-06 14:27:10,358 [Time-limited test] INFO  grpc.GrpcConfigKeys (ConfUtils.java:logFallback(53)) - raft.grpc.client.host = null (fallback to raft.grpc.server.host)
2023-06-06 14:27:10,358 [Time-limited test] INFO  grpc.GrpcConfigKeys (ConfUtils.java:logGet(46)) - raft.grpc.client.port = 15047 (custom)
2023-06-06 14:27:10,358 [Time-limited test] INFO  grpc.GrpcConfigKeys (ConfUtils.java:logGet(46)) - raft.grpc.server.host = null (default)
2023-06-06 14:27:10,358 [Time-limited test] INFO  grpc.GrpcConfigKeys (ConfUtils.java:logGet(46)) - raft.grpc.server.port = 15049 (custom)
2023-06-06 14:27:10,359 [Time-limited test] INFO  server.GrpcService (ConfUtils.java:logGet(46)) - raft.grpc.message.size.max = 32MB (=33554432) (custom)
2023-06-06 14:27:10,359 [Time-limited test] INFO  server.RaftServerConfigKeys (ConfUtils.java:logGet(46)) - raft.server.log.appender.buffer.byte-limit = 33554432 (custom)
2023-06-06 14:27:10,359 [Time-limited test] INFO  server.GrpcService (ConfUtils.java:logGet(46)) - raft.grpc.flow.control.window = 5MB (=5242880) (custom)
2023-06-06 14:27:10,359 [Time-limited test] INFO  server.RaftServerConfigKeys (ConfUtils.java:logGet(46)) - raft.server.rpc.request.timeout = 60s (custom)
2023-06-06 14:27:10,359 [Time-limited test] INFO  grpc.GrpcConfigKeys (ConfUtils.java:logGet(46)) - raft.grpc.server.heartbeat.channel = true (default)
2023-06-06 14:27:10,359 [Time-limited test] INFO  grpc.GrpcConfigKeys (ConfUtils.java:logGet(46)) - raft.grpc.server.async.request.thread.pool.cached = true (default)
2023-06-06 14:27:10,359 [Time-limited test] INFO  grpc.GrpcConfigKeys (ConfUtils.java:logGet(46)) - raft.grpc.server.async.request.thread.pool.size = 32 (default)
2023-06-06 14:27:10,361 [Time-limited test] INFO  impl.DataStreamServerImpl (ConfUtils.java:logGet(46)) - raft.datastream.type = NETTY (custom)
2023-06-06 14:27:10,361 [Time-limited test] INFO  server.RaftServerConfigKeys (ConfUtils.java:logGet(46)) - raft.server.data-stream.async.request.thread.pool.cached = false (default)
2023-06-06 14:27:10,361 [Time-limited test] INFO  server.RaftServerConfigKeys (ConfUtils.java:logGet(46)) - raft.server.data-stream.async.request.thread.pool.size = 20 (custom)
2023-06-06 14:27:10,361 [Time-limited test] INFO  server.RaftServerConfigKeys (ConfUtils.java:logGet(46)) - raft.server.data-stream.async.write.thread.pool.size = 16 (default)
2023-06-06 14:27:10,365 [Time-limited test] INFO  server.RaftServerConfigKeys (ConfUtils.java:logGet(46)) - raft.server.data-stream.client.pool.size = 10 (default)
2023-06-06 14:27:10,365 [Time-limited test] INFO  netty.NettyConfigKeys$DataStream (ConfUtils.java:logGet(46)) - raft.netty.dataStream.server.use-epoll = false (default)
2023-06-06 14:27:10,365 [Time-limited test] INFO  netty.NettyConfigKeys$DataStream (ConfUtils.java:logGet(46)) - raft.netty.dataStream.server.boss-group.size = 0 (default)
2023-06-06 14:27:10,366 [Time-limited test] INFO  netty.NettyConfigKeys$DataStream (ConfUtils.java:logGet(46)) - raft.netty.dataStream.server.worker-group.size = 0 (default)
2023-06-06 14:27:10,366 [Time-limited test] INFO  netty.NettyConfigKeys$DataStream (ConfUtils.java:logGet(46)) - raft.netty.dataStream.server.tls.conf = null (default)
2023-06-06 14:27:10,366 [Time-limited test] INFO  netty.NettyConfigKeys$DataStream (ConfUtils.java:logGet(46)) - raft.netty.dataStream.host = null (default)
2023-06-06 14:27:10,367 [Time-limited test] INFO  netty.NettyConfigKeys$DataStream (ConfUtils.java:logGet(46)) - raft.netty.dataStream.port = 15050 (custom)
2023-06-06 14:27:10,367 [Time-limited test] INFO  server.RaftServerConfigKeys (ConfUtils.java:logGet(46)) - raft.server.threadpool.proxy.cached = true (default)
2023-06-06 14:27:10,367 [Time-limited test] INFO  server.RaftServerConfigKeys (ConfUtils.java:logGet(46)) - raft.server.threadpool.proxy.size = 0 (default)
2023-06-06 14:27:10,367 [Time-limited test] INFO  server.RaftServerConfigKeys (ConfUtils.java:logGet(46)) - raft.server.rpc.slowness.timeout = 300s (custom)
2023-06-06 14:27:10,367 [Time-limited test] INFO  server.RaftServerConfigKeys (ConfUtils.java:logGet(46)) - raft.server.leaderelection.leader.step-down.wait-time = 10s (default)
2023-06-06 14:27:10,367 [Time-limited test] INFO  server.RaftServerConfigKeys (ConfUtils.java:logGet(46)) - raft.server.storage.dir = [/home/runner/work/ozone/ozone/hadoop-ozone/integration-test/target/test-dir/MiniOzoneClusterImpl-38e7d764-c52f-4307-950c-b659d634ec50/datanode-0/data/ratis] (custom)
2023-06-06 14:27:10,370 [868b0848-2738-4705-b64a-eadb58aadbd7-NettyServerStreamRpc-bossGroup--thread1] INFO  logging.LoggingHandler (AbstractInternalLogger.java:log(148)) - [id: 0xedf7b732] REGISTERED
2023-06-06 14:27:10,371 [868b0848-2738-4705-b64a-eadb58aadbd7-NettyServerStreamRpc-bossGroup--thread1] INFO  logging.LoggingHandler (AbstractInternalLogger.java:log(148)) - [id: 0xedf7b732] BIND: 0.0.0.0/0.0.0.0:15050
2023-06-06 14:27:10,371 [868b0848-2738-4705-b64a-eadb58aadbd7-NettyServerStreamRpc-bossGroup--thread1] INFO  logging.LoggingHandler (AbstractInternalLogger.java:log(148)) - [id: 0xedf7b732, L:/0:0:0:0:0:0:0:0:15050] ACTIVE
2023-06-06 14:27:10,372 [Time-limited test] INFO  server.XceiverServerGrpc (XceiverServerGrpc.java:<init>(132)) - GrpcServer channel type EpollServerSocketChannel
2023-06-06 14:27:10,373 [Time-limited test] INFO  replication.ReplicationSupervisor (ReplicationSupervisor.java:nodeStateUpdated(305)) - Node state updated to IN_SERVICE, scaling executor pool size to 10
2023-06-06 14:27:10,378 [Time-limited test] INFO  http.BaseHttpServer (BaseHttpServer.java:newHttpServer2BuilderForOzone(224)) - Starting Web-server for hddsDatanode at: http://0.0.0.0:15044
2023-06-06 14:27:10,378 [Time-limited test] INFO  http.BaseHttpServer (BaseHttpServer.java:<init>(111)) - Hadoop Security Enabled: false Ozone Security Enabled: false Ozone HTTP Security Enabled: false 
2023-06-06 14:27:10,379 [Time-limited test] WARN  server.AuthenticationFilter (AuthenticationFilter.java:constructSecretProvider(240)) - Unable to initialize FileSignerSecretProvider, falling back to use random secrets. Reason: Could not read signature secret file: /home/runner/hadoop-http-auth-signature-secret
2023-06-06 14:27:10,380 [Time-limited test] INFO  http.HttpRequestLog (HttpRequestLog.java:getRequestLog(86)) - Http request log for http.requests.hddsDatanode is not defined
2023-06-06 14:27:10,381 [Time-limited test] INFO  http.HttpServer2 (HttpServer2.java:addGlobalFilter(1031)) - Added global filter 'safety' (class=org.apache.hadoop.hdds.server.http.HttpServer2$QuotingInputFilter)
2023-06-06 14:27:10,382 [Time-limited test] INFO  http.HttpServer2 (HttpServer2.java:addFilter(1007)) - Added filter static_user_filter (class=org.apache.hadoop.http.lib.StaticUserWebFilter$StaticUserFilter) to context hddsDatanode
2023-06-06 14:27:10,382 [Time-limited test] INFO  http.HttpServer2 (HttpServer2.java:addFilter(1015)) - Added filter static_user_filter (class=org.apache.hadoop.http.lib.StaticUserWebFilter$StaticUserFilter) to context static
2023-06-06 14:27:10,382 [Time-limited test] INFO  http.HttpServer2 (HttpServer2.java:addFilter(1015)) - Added filter static_user_filter (class=org.apache.hadoop.http.lib.StaticUserWebFilter$StaticUserFilter) to context logs
2023-06-06 14:27:10,383 [Time-limited test] INFO  http.BaseHttpServer (BaseHttpServer.java:<init>(190)) - HTTP server of hddsDatanode uses base directory /home/runner/work/ozone/ozone/hadoop-ozone/integration-test/target/test-dir/MiniOzoneClusterImpl-38e7d764-c52f-4307-950c-b659d634ec50/datanode-0/meta/webserver
2023-06-06 14:27:10,383 [Time-limited test] INFO  http.HttpServer2 (HttpServer2.java:bindListener(1250)) - Jetty bound to port 15044
2023-06-06 14:27:10,383 [Time-limited test] INFO  server.Server (Server.java:doStart(375)) - jetty-9.4.51.v20230217; built: 2023-02-17T08:19:37.309Z; git: b45c405e4544384de066f814ed42ae3dceacdd49; jvm 1.8.0_372-b07
2023-06-06 14:27:10,385 [Time-limited test] INFO  server.session (DefaultSessionIdManager.java:doStart(334)) - DefaultSessionIdManager workerName=node0
2023-06-06 14:27:10,385 [Time-limited test] INFO  server.session (DefaultSessionIdManager.java:doStart(339)) - No SessionScavenger set, using defaults
2023-06-06 14:27:10,385 [Time-limited test] INFO  server.session (HouseKeeper.java:startScavenging(132)) - node0 Scavenging every 600000ms
2023-06-06 14:27:10,386 [Time-limited test] INFO  handler.ContextHandler (ContextHandler.java:doStart(921)) - Started o.e.j.s.ServletContextHandler@6c225dc1{logs,/logs,file:///home/runner/work/ozone/ozone/hadoop-ozone/integration-test/target/log,AVAILABLE}
2023-06-06 14:27:10,386 [Time-limited test] INFO  handler.ContextHandler (ContextHandler.java:doStart(921)) - Started o.e.j.s.ServletContextHandler@580283d3{static,/static,jar:file:/home/runner/.m2/repository/org/apache/ozone/hdds-container-service/1.4.0-SNAPSHOT/hdds-container-service-1.4.0-SNAPSHOT.jar!/webapps/static,AVAILABLE}
2023-06-06 14:27:10,578 [Time-limited test] INFO  handler.ContextHandler (ContextHandler.java:doStart(921)) - Started o.e.j.w.WebAppContext@aa38788{hddsDatanode,/,file:///home/runner/work/ozone/ozone/hadoop-ozone/integration-test/target/test-dir/MiniOzoneClusterImpl-38e7d764-c52f-4307-950c-b659d634ec50/datanode-0/meta/webserver/jetty-0_0_0_0-15044-hdds-container-service-1_4_0-SNAPSHOT_jar-_-any-7415073518563809001/webapp/,AVAILABLE}{jar:file:/home/runner/.m2/repository/org/apache/ozone/hdds-container-service/1.4.0-SNAPSHOT/hdds-container-service-1.4.0-SNAPSHOT.jar!/webapps/hddsDatanode}
2023-06-06 14:27:10,579 [Time-limited test] INFO  server.AbstractConnector (AbstractConnector.java:doStart(333)) - Started ServerConnector@7f462437{HTTP/1.1, (http/1.1)}{0.0.0.0:15044}
2023-06-06 14:27:10,579 [Time-limited test] INFO  server.Server (Server.java:doStart(415)) - Started @39701ms
2023-06-06 14:27:10,579 [Time-limited test] WARN  impl.MetricsSystemImpl (MetricsSystemImpl.java:register(279)) - Sink prometheus already exists!
2023-06-06 14:27:10,580 [Time-limited test] INFO  http.BaseHttpServer (BaseHttpServer.java:updateConnectorAddress(344)) - HTTP server of hddsDatanode listening at http://0.0.0.0:15044
2023-06-06 14:27:10,580 [Time-limited test] INFO  ipc.CallQueueManager (CallQueueManager.java:<init>(90)) - Using callQueue: class java.util.concurrent.LinkedBlockingQueue, queueCapacity: 100, scheduler: class org.apache.hadoop.ipc.DefaultRpcScheduler, ipcBackoff: false.
2023-06-06 14:27:10,581 [Socket Reader #1 for port 15045] INFO  ipc.Server (Server.java:run(1319)) - Starting Socket Reader #1 for port 15045
2023-06-06 14:27:10,585 [Listener at 0.0.0.0/15045] INFO  hdds.HddsUtils (HddsUtils.java:preserveThreadName(843)) - Restoring thread name: Time-limited test
2023-06-06 14:27:10,585 [Time-limited test] INFO  ozone.HddsDatanodeService (HddsDatanodeService.java:start(331)) - Datanode start with admins: [runner]
2023-06-06 14:27:10,585 [Time-limited test] INFO  ozone.HddsDatanodeClientProtocolServer (HddsDatanodeClientProtocolServer.java:start(83)) - RPC server for Client /0.0.0.0:15045
2023-06-06 14:27:10,586 [IPC Server Responder] INFO  ipc.Server (Server.java:run(1558)) - IPC Server Responder: starting
2023-06-06 14:27:10,586 [IPC Server listener on 15045] INFO  ipc.Server (Server.java:run(1398)) - IPC Server listener on 15045: starting
2023-06-06 14:27:10,586 [Time-limited test] INFO  ozone.MiniOzoneClusterImpl (MiniOzoneClusterImpl.java:lambda$waitForClusterToBeReady$0(222)) - Waiting for nodes to be ready. Got 0 of 1 DN Heartbeats.
2023-06-06 14:27:10,590 [Time-limited test] INFO  ozone.MiniOzoneClusterImpl (MiniOzoneClusterImpl.java:lambda$waitForClusterToBeReady$0(225)) - Waiting for cluster to exit safe mode
2023-06-06 14:27:10,590 [Time-limited test] INFO  ozone.MiniOzoneClusterImpl (MiniOzoneClusterImpl.java:lambda$waitForClusterToBeReady$0(227)) - SCM became leader
2023-06-06 14:27:10,594 [Datanode State Machine Daemon Thread] INFO  statemachine.DatanodeStateMachine (DatanodeStateMachine.java:lambda$startDaemon$0(523)) - Ozone container server started.
2023-06-06 14:27:10,601 [Datanode State Machine Task Thread - 0] INFO  datanode.InitDatanodeState (InitDatanodeState.java:persistContainerDatanodeDetails(138)) - DatanodeDetails is persisted to /home/runner/work/ozone/ozone/hadoop-ozone/integration-test/target/test-dir/MiniOzoneClusterImpl-38e7d764-c52f-4307-950c-b659d634ec50/datanode-0/meta/datanode.id
2023-06-06 14:27:11,396 [om1@group-C5BA1605619E-FollowerState] INFO  impl.FollowerState (FollowerState.java:run(143)) - om1@group-C5BA1605619E-FollowerState: change to CANDIDATE, lastRpcElapsedTime:1177190322ns, electionTimeout:1176ms
2023-06-06 14:27:11,397 [om1@group-C5BA1605619E-FollowerState] INFO  impl.RoleInfo (RoleInfo.java:shutdownFollowerState(110)) - om1: shutdown om1@group-C5BA1605619E-FollowerState
2023-06-06 14:27:11,397 [om1@group-C5BA1605619E-FollowerState] INFO  server.RaftServer$Division (RaftServerImpl.java:setRole(329)) - om1@group-C5BA1605619E: changes role from  FOLLOWER to CANDIDATE at term 0 for changeToCandidate
2023-06-06 14:27:11,397 [om1@group-C5BA1605619E-FollowerState] INFO  server.RaftServerConfigKeys (ConfUtils.java:logGet(46)) - raft.server.leaderelection.pre-vote = true (default)
2023-06-06 14:27:11,397 [om1@group-C5BA1605619E-FollowerState] INFO  impl.RoleInfo (RoleInfo.java:updateAndGet(139)) - om1: start om1@group-C5BA1605619E-LeaderElection9
2023-06-06 14:27:11,400 [om1@group-C5BA1605619E-LeaderElection9] INFO  impl.LeaderElection (LeaderElection.java:askForVotes(321)) - om1@group-C5BA1605619E-LeaderElection9 PRE_VOTE round 0: submit vote requests at term 0 for -1: peers:[om1|rpc:localhost:15042|priority:0|startupRole:FOLLOWER]|listeners:[], old=null
2023-06-06 14:27:11,401 [om1@group-C5BA1605619E-LeaderElection9] INFO  impl.LeaderElection (LeaderElection.java:askForVotes(323)) - om1@group-C5BA1605619E-LeaderElection9 PRE_VOTE round 0: result PASSED (term=0)
2023-06-06 14:27:11,402 [om1@group-C5BA1605619E-LeaderElection9] INFO  impl.LeaderElection (LeaderElection.java:askForVotes(321)) - om1@group-C5BA1605619E-LeaderElection9 ELECTION round 0: submit vote requests at term 1 for -1: peers:[om1|rpc:localhost:15042|priority:0|startupRole:FOLLOWER]|listeners:[], old=null
2023-06-06 14:27:11,402 [om1@group-C5BA1605619E-LeaderElection9] INFO  impl.LeaderElection (LeaderElection.java:askForVotes(323)) - om1@group-C5BA1605619E-LeaderElection9 ELECTION round 0: result PASSED (term=1)
2023-06-06 14:27:11,402 [om1@group-C5BA1605619E-LeaderElection9] INFO  impl.RoleInfo (RoleInfo.java:shutdownLeaderElection(130)) - om1: shutdown om1@group-C5BA1605619E-LeaderElection9
2023-06-06 14:27:11,403 [om1@group-C5BA1605619E-LeaderElection9] INFO  server.RaftServer$Division (RaftServerImpl.java:setRole(329)) - om1@group-C5BA1605619E: changes role from CANDIDATE to LEADER at term 1 for changeToLeader
2023-06-06 14:27:11,403 [om1@group-C5BA1605619E-LeaderElection9] INFO  server.RaftServer$Division (ServerState.java:setLeader(317)) - om1@group-C5BA1605619E: change Leader from null to om1 at term 1 for becomeLeader, leader elected after 1705ms
2023-06-06 14:27:11,403 [om1@group-C5BA1605619E-LeaderElection9] INFO  server.RaftServerConfigKeys (ConfUtils.java:logGet(46)) - raft.server.staging.catchup.gap = 1000 (default)
2023-06-06 14:27:11,403 [om1@group-C5BA1605619E-LeaderElection9] INFO  server.RaftServerConfigKeys (ConfUtils.java:logGet(46)) - raft.server.write.element-limit = 4096 (default)
2023-06-06 14:27:11,403 [om1@group-C5BA1605619E-LeaderElection9] INFO  server.RaftServerConfigKeys (ConfUtils.java:logGet(46)) - raft.server.write.byte-limit = 64MB (=67108864) (default)
2023-06-06 14:27:11,403 [om1@group-C5BA1605619E-LeaderElection9] INFO  server.RaftServerConfigKeys (ConfUtils.java:logGet(46)) - raft.server.watch.timeout = 10s (default)
2023-06-06 14:27:11,403 [om1@group-C5BA1605619E-LeaderElection9] INFO  server.RaftServerConfigKeys (ConfUtils.java:logGet(46)) - raft.server.watch.timeout.denomination = 1s (default)
2023-06-06 14:27:11,403 [om1@group-C5BA1605619E-LeaderElection9] INFO  server.RaftServerConfigKeys (ConfUtils.java:logGet(46)) - raft.server.watch.element-limit = 65536 (default)
2023-06-06 14:27:11,404 [om1@group-C5BA1605619E-LeaderElection9] INFO  server.RaftServerConfigKeys (ConfUtils.java:logGet(46)) - raft.server.write.element-limit = 4096 (default)
2023-06-06 14:27:11,404 [om1@group-C5BA1605619E-LeaderElection9] INFO  server.RaftServerConfigKeys (ConfUtils.java:logGet(46)) - raft.server.write.follower.gap.ratio.max = -1.0 (default)
2023-06-06 14:27:11,404 [om1@group-C5BA1605619E-LeaderElection9] INFO  impl.RoleInfo (RoleInfo.java:updateAndGet(139)) - om1: start om1@group-C5BA1605619E-LeaderStateImpl
2023-06-06 14:27:11,404 [om1@group-C5BA1605619E-LeaderElection9] INFO  segmented.SegmentedRaftLogWorker (SegmentedRaftLogWorker.java:startLogSegment(447)) - om1@group-C5BA1605619E-SegmentedRaftLogWorker: Starting segment from index:0
2023-06-06 14:27:11,409 [om1@group-C5BA1605619E-LeaderElection9] INFO  server.RaftServer$Division (ServerState.java:setRaftConf(434)) - om1@group-C5BA1605619E: set configuration 0: peers:[om1|rpc:localhost:15042|admin:|client:|dataStream:|priority:0|startupRole:FOLLOWER]|listeners:[], old=null
2023-06-06 14:27:11,413 [om1@group-C5BA1605619E-SegmentedRaftLogWorker] INFO  segmented.SegmentedRaftLogWorker (SegmentedRaftLogWorker.java:execute(651)) - om1@group-C5BA1605619E-SegmentedRaftLogWorker: created new log segment /home/runner/work/ozone/ozone/hadoop-ozone/integration-test/target/test-dir/MiniOzoneClusterImpl-38e7d764-c52f-4307-950c-b659d634ec50/ozone-meta/ratis/bf265839-605b-3f16-9796-c5ba1605619e/current/log_inprogress_0
2023-06-06 14:27:11,415 [om1@group-C5BA1605619E-StateMachineUpdater] INFO  ratis.OzoneManagerStateMachine (OzoneManagerStateMachine.java:notifyConfigurationChanged(201)) - Received Configuration change notification from Ratis. New Peer list:
[id: "om1"
address: "localhost:15042"
startupRole: FOLLOWER
]
2023-06-06 14:27:11,590 [Time-limited test] INFO  ozone.MiniOzoneClusterImpl (MiniOzoneClusterImpl.java:lambda$waitForClusterToBeReady$0(222)) - Waiting for nodes to be ready. Got 0 of 1 DN Heartbeats.
2023-06-06 14:27:11,590 [Time-limited test] INFO  ozone.MiniOzoneClusterImpl (MiniOzoneClusterImpl.java:lambda$waitForClusterToBeReady$0(225)) - Waiting for cluster to exit safe mode
2023-06-06 14:27:11,590 [Time-limited test] INFO  ozone.MiniOzoneClusterImpl (MiniOzoneClusterImpl.java:lambda$waitForClusterToBeReady$0(227)) - SCM became leader
2023-06-06 14:27:12,590 [Time-limited test] INFO  ozone.MiniOzoneClusterImpl (MiniOzoneClusterImpl.java:lambda$waitForClusterToBeReady$0(222)) - Waiting for nodes to be ready. Got 0 of 1 DN Heartbeats.
2023-06-06 14:27:12,591 [Time-limited test] INFO  ozone.MiniOzoneClusterImpl (MiniOzoneClusterImpl.java:lambda$waitForClusterToBeReady$0(225)) - Waiting for cluster to exit safe mode
2023-06-06 14:27:12,591 [Time-limited test] INFO  ozone.MiniOzoneClusterImpl (MiniOzoneClusterImpl.java:lambda$waitForClusterToBeReady$0(227)) - SCM became leader
2023-06-06 14:27:12,624 [EndpointStateMachine task thread for /0.0.0.0:15037 - 0 ] INFO  utils.DatanodeStoreCache (DatanodeStoreCache.java:addDB(66)) - Added db /home/runner/work/ozone/ozone/hadoop-ozone/integration-test/target/test-dir/MiniOzoneClusterImpl-38e7d764-c52f-4307-950c-b659d634ec50/datanode-0/data-0/containers/hdds/38e7d764-c52f-4307-950c-b659d634ec50/DS-f8c79b1c-6fdd-4458-86f0-c0ba19c07774/container.db to cache
2023-06-06 14:27:12,624 [EndpointStateMachine task thread for /0.0.0.0:15037 - 0 ] INFO  volume.HddsVolume (HddsVolume.java:createDbStore(350)) - SchemaV3 db is created and loaded at /home/runner/work/ozone/ozone/hadoop-ozone/integration-test/target/test-dir/MiniOzoneClusterImpl-38e7d764-c52f-4307-950c-b659d634ec50/datanode-0/data-0/containers/hdds/38e7d764-c52f-4307-950c-b659d634ec50/DS-f8c79b1c-6fdd-4458-86f0-c0ba19c07774/container.db for volume DS-f8c79b1c-6fdd-4458-86f0-c0ba19c07774
2023-06-06 14:27:12,624 [EndpointStateMachine task thread for /0.0.0.0:15037 - 0 ] INFO  ozoneimpl.OzoneContainer (OzoneContainer.java:start(398)) - Attempting to start container services.
2023-06-06 14:27:12,624 [EndpointStateMachine task thread for /0.0.0.0:15037 - 0 ] INFO  ozoneimpl.OzoneContainer (OzoneContainer.java:startContainerScrub(314)) - Scheduled background container scanners and the on-demand container scanner have been disabled.
2023-06-06 14:27:12,628 [EndpointStateMachine task thread for /0.0.0.0:15037 - 0 ] INFO  replication.ReplicationServer (ReplicationServer.java:start(128)) - ReplicationServer is started using port 15051
2023-06-06 14:27:12,628 [EndpointStateMachine task thread for /0.0.0.0:15037 - 0 ] INFO  ratis.XceiverServerRatis (XceiverServerRatis.java:start(517)) - Starting XceiverServerRatis 868b0848-2738-4705-b64a-eadb58aadbd7
2023-06-06 14:27:12,629 [EndpointStateMachine task thread for /0.0.0.0:15037 - 0 ] INFO  server.RaftServer (RaftServerProxy.java:startImpl(400)) - 868b0848-2738-4705-b64a-eadb58aadbd7: start RPC server
2023-06-06 14:27:12,630 [EndpointStateMachine task thread for /0.0.0.0:15037 - 0 ] INFO  server.GrpcService (GrpcService.java:startImpl(302)) - 868b0848-2738-4705-b64a-eadb58aadbd7: GrpcService started, listening on 15047
2023-06-06 14:27:12,633 [EndpointStateMachine task thread for /0.0.0.0:15037 - 0 ] INFO  server.GrpcService (GrpcService.java:startImpl(302)) - 868b0848-2738-4705-b64a-eadb58aadbd7: GrpcService started, listening on 15049
2023-06-06 14:27:12,634 [EndpointStateMachine task thread for /0.0.0.0:15037 - 0 ] INFO  server.GrpcService (GrpcService.java:startImpl(302)) - 868b0848-2738-4705-b64a-eadb58aadbd7: GrpcService started, listening on 15048
2023-06-06 14:27:12,635 [EndpointStateMachine task thread for /0.0.0.0:15037 - 0 ] INFO  ratis.XceiverServerRatis (XceiverServerRatis.java:getRealPort(543)) - XceiverServerRatis 868b0848-2738-4705-b64a-eadb58aadbd7 is started using port 15047 for RATIS
2023-06-06 14:27:12,635 [JvmPauseMonitor7] INFO  util.JvmPauseMonitor (JvmPauseMonitor.java:run(103)) - JvmPauseMonitor-868b0848-2738-4705-b64a-eadb58aadbd7: Started
2023-06-06 14:27:12,635 [EndpointStateMachine task thread for /0.0.0.0:15037 - 0 ] INFO  ratis.XceiverServerRatis (XceiverServerRatis.java:getRealPort(543)) - XceiverServerRatis 868b0848-2738-4705-b64a-eadb58aadbd7 is started using port 15048 for RATIS_ADMIN
2023-06-06 14:27:12,635 [EndpointStateMachine task thread for /0.0.0.0:15037 - 0 ] INFO  ratis.XceiverServerRatis (XceiverServerRatis.java:getRealPort(543)) - XceiverServerRatis 868b0848-2738-4705-b64a-eadb58aadbd7 is started using port 15049 for RATIS_SERVER
2023-06-06 14:27:12,635 [EndpointStateMachine task thread for /0.0.0.0:15037 - 0 ] INFO  ratis.XceiverServerRatis (XceiverServerRatis.java:getRealPort(543)) - XceiverServerRatis 868b0848-2738-4705-b64a-eadb58aadbd7 is started using port 15050 for RATIS_DATASTREAM
2023-06-06 14:27:12,638 [BlockDeletingService#0] INFO  interfaces.ContainerDeletionChoosingPolicyTemplate (ContainerDeletionChoosingPolicyTemplate.java:chooseContainerForBlockDeletion(83)) - Chosen 0/5000 blocks from 0 candidate containers.
2023-06-06 14:27:13,591 [Time-limited test] INFO  ozone.MiniOzoneClusterImpl (MiniOzoneClusterImpl.java:lambda$waitForClusterToBeReady$0(222)) - Waiting for nodes to be ready. Got 0 of 1 DN Heartbeats.
2023-06-06 14:27:13,591 [Time-limited test] INFO  ozone.MiniOzoneClusterImpl (MiniOzoneClusterImpl.java:lambda$waitForClusterToBeReady$0(225)) - Waiting for cluster to exit safe mode
2023-06-06 14:27:13,591 [Time-limited test] INFO  ozone.MiniOzoneClusterImpl (MiniOzoneClusterImpl.java:lambda$waitForClusterToBeReady$0(227)) - SCM became leader
2023-06-06 14:27:14,591 [Time-limited test] INFO  ozone.MiniOzoneClusterImpl (MiniOzoneClusterImpl.java:lambda$waitForClusterToBeReady$0(222)) - Waiting for nodes to be ready. Got 0 of 1 DN Heartbeats.
2023-06-06 14:27:14,592 [Time-limited test] INFO  ozone.MiniOzoneClusterImpl (MiniOzoneClusterImpl.java:lambda$waitForClusterToBeReady$0(225)) - Waiting for cluster to exit safe mode
2023-06-06 14:27:14,592 [Time-limited test] INFO  ozone.MiniOzoneClusterImpl (MiniOzoneClusterImpl.java:lambda$waitForClusterToBeReady$0(227)) - SCM became leader
2023-06-06 14:27:14,597 [IPC Server handler 0 on default port 15037] INFO  net.NetworkTopologyImpl (NetworkTopologyImpl.java:add(112)) - Added a new node: /default-rack/868b0848-2738-4705-b64a-eadb58aadbd7
2023-06-06 14:27:14,597 [IPC Server handler 0 on default port 15037] INFO  node.SCMNodeManager (SCMNodeManager.java:register(407)) - Registered Data node : 868b0848-2738-4705-b64a-eadb58aadbd7{ip: 10.1.0.37, host: fv-az1133-973.qlb2sqfkji0uhjsjdnlwzcsdwg.bx.internal.cloudapp.net, ports: [HTTP=15044, CLIENT_RPC=15045, REPLICATION=15051, RATIS=15047, RATIS_ADMIN=15048, RATIS_SERVER=15049, RATIS_DATASTREAM=15050, STANDALONE=15046], networkLocation: /default-rack, certSerialId: null, persistedOpState: null, persistedOpStateExpiryEpochSec: 0}
2023-06-06 14:27:14,605 [EventQueue-NodeRegistrationContainerReportForContainerSafeModeRule] INFO  safemode.SCMSafeModeManager (SCMSafeModeManager.java:validateSafeModeExitRules(200)) - ContainerSafeModeRule rule is successfully validated
2023-06-06 14:27:14,605 [EventQueue-NodeRegistrationContainerReportForDataNodeSafeModeRule] INFO  safemode.SCMSafeModeManager (DataNodeSafeModeRule.java:process(71)) - SCM in safe mode. 1 DataNodes registered, 1 required.
2023-06-06 14:27:14,610 [EventQueue-PipelineReportForOneReplicaPipelineSafeModeRule] INFO  safemode.SCMSafeModeManager (SCMSafeModeManager.java:validateSafeModeExitRules(200)) - AtleastOneDatanodeReportedRule rule is successfully validated
2023-06-06 14:27:14,610 [EventQueue-NewNodeForNewNodeHandler] INFO  pipeline.BackgroundPipelineCreator (BackgroundPipelineCreator.java:notifyEventTriggered(276)) - trigger a one-shot run on RatisPipelineUtilsThread.
2023-06-06 14:27:14,611 [RatisPipelineUtilsThread - 0] INFO  pipeline.RatisPipelineProvider (RatisPipelineProvider.java:lambda$create$0(206)) - Sending CreatePipelineCommand for pipeline:PipelineID=ea832e13-c9a9-4b5e-920e-5b2f8ec0aa60 to datanode:868b0848-2738-4705-b64a-eadb58aadbd7
2023-06-06 14:27:14,612 [RatisPipelineUtilsThread - 0] INFO  pipeline.PipelineStateManagerImpl (PipelineStateManagerImpl.java:addPipeline(103)) - Created pipeline Pipeline[ Id: ea832e13-c9a9-4b5e-920e-5b2f8ec0aa60, Nodes: 868b0848-2738-4705-b64a-eadb58aadbd7(fv-az1133-973.qlb2sqfkji0uhjsjdnlwzcsdwg.bx.internal.cloudapp.net/10.1.0.37), ReplicationConfig: RATIS/ONE, State:ALLOCATED, leaderId:, CreationTimestamp2023-06-06T14:27:14.611Z[Etc/UTC]].
2023-06-06 14:27:14,612 [EventQueue-NodeRegistrationContainerReportForDataNodeSafeModeRule] INFO  safemode.SCMSafeModeManager (SCMSafeModeManager.java:validateSafeModeExitRules(200)) - DataNodeSafeModeRule rule is successfully validated
2023-06-06 14:27:14,612 [EventQueue-NodeRegistrationContainerReportForDataNodeSafeModeRule] INFO  safemode.SCMSafeModeManager (SCMSafeModeManager.java:completePreCheck(229)) - All SCM safe mode pre check rules have passed
2023-06-06 14:27:14,612 [EventQueue-NodeRegistrationContainerReportForDataNodeSafeModeRule] INFO  ha.SCMContext (SCMContext.java:updateSafeModeStatus(228)) - Update SafeModeStatus from SafeModeStatus{safeModeStatus=true, preCheckPassed=false} to SafeModeStatus{safeModeStatus=true, preCheckPassed=true}.
2023-06-06 14:27:14,612 [EventQueue-NodeRegistrationContainerReportForDataNodeSafeModeRule] INFO  pipeline.BackgroundPipelineCreator (BackgroundPipelineCreator.java:notifyEventTriggered(276)) - trigger a one-shot run on RatisPipelineUtilsThread.
2023-06-06 14:27:14,613 [RatisPipelineUtilsThread - 0] ERROR scm.SCMCommonPlacementPolicy (SCMCommonPlacementPolicy.java:filterNodesWithSpace(285)) - Unable to find enough nodes that meet the space requirement of 1073741824 bytes for metadata and 5368709120 bytes for data in healthy node set. Required 3. Found 1.
2023-06-06 14:27:15,592 [Time-limited test] INFO  ozone.MiniOzoneClusterImpl (MiniOzoneClusterImpl.java:lambda$waitForClusterToBeReady$0(222)) - Nodes are ready. Got 1 of 1 DN Heartbeats.
2023-06-06 14:27:15,592 [Time-limited test] INFO  ozone.MiniOzoneClusterImpl (MiniOzoneClusterImpl.java:lambda$waitForClusterToBeReady$0(225)) - Waiting for cluster to exit safe mode
2023-06-06 14:27:15,592 [Time-limited test] INFO  ozone.MiniOzoneClusterImpl (MiniOzoneClusterImpl.java:lambda$waitForClusterToBeReady$0(227)) - SCM became leader
2023-06-06 14:27:16,592 [Time-limited test] INFO  ozone.MiniOzoneClusterImpl (MiniOzoneClusterImpl.java:lambda$waitForClusterToBeReady$0(222)) - Nodes are ready. Got 1 of 1 DN Heartbeats.
2023-06-06 14:27:16,592 [Time-limited test] INFO  ozone.MiniOzoneClusterImpl (MiniOzoneClusterImpl.java:lambda$waitForClusterToBeReady$0(225)) - Waiting for cluster to exit safe mode
2023-06-06 14:27:16,592 [Time-limited test] INFO  ozone.MiniOzoneClusterImpl (MiniOzoneClusterImpl.java:lambda$waitForClusterToBeReady$0(227)) - SCM became leader
2023-06-06 14:27:17,593 [Time-limited test] INFO  ozone.MiniOzoneClusterImpl (MiniOzoneClusterImpl.java:lambda$waitForClusterToBeReady$0(222)) - Nodes are ready. Got 1 of 1 DN Heartbeats.
2023-06-06 14:27:17,593 [Time-limited test] INFO  ozone.MiniOzoneClusterImpl (MiniOzoneClusterImpl.java:lambda$waitForClusterToBeReady$0(225)) - Waiting for cluster to exit safe mode
2023-06-06 14:27:17,593 [Time-limited test] INFO  ozone.MiniOzoneClusterImpl (MiniOzoneClusterImpl.java:lambda$waitForClusterToBeReady$0(227)) - SCM became leader
2023-06-06 14:27:17,599 [PipelineCommandHandlerThread-0] INFO  server.RaftServer (RaftServerProxy.java:addNew(98)) - 868b0848-2738-4705-b64a-eadb58aadbd7: addNew group-5B2F8EC0AA60:[868b0848-2738-4705-b64a-eadb58aadbd7|rpc:10.1.0.37:15049|admin:10.1.0.37:15048|client:10.1.0.37:15047|dataStream:10.1.0.37:15050|priority:1|startupRole:FOLLOWER] returns group-5B2F8EC0AA60:java.util.concurrent.CompletableFuture@4ad0f677[Not completed]
2023-06-06 14:27:17,603 [868b0848-2738-4705-b64a-eadb58aadbd7-groupManagement] INFO  server.RaftServer$Division (RaftServerImpl.java:<init>(198)) - 868b0848-2738-4705-b64a-eadb58aadbd7: new RaftServerImpl for group-5B2F8EC0AA60:[868b0848-2738-4705-b64a-eadb58aadbd7|rpc:10.1.0.37:15049|admin:10.1.0.37:15048|client:10.1.0.37:15047|dataStream:10.1.0.37:15050|priority:1|startupRole:FOLLOWER] with ContainerStateMachine:uninitialized
2023-06-06 14:27:17,603 [868b0848-2738-4705-b64a-eadb58aadbd7-groupManagement] INFO  server.RaftServerConfigKeys (ConfUtils.java:logGet(46)) - raft.server.rpc.timeout.min = 5s (custom)
2023-06-06 14:27:17,603 [868b0848-2738-4705-b64a-eadb58aadbd7-groupManagement] INFO  server.RaftServerConfigKeys (ConfUtils.java:logGet(46)) - raft.server.rpc.timeout.max = 5200ms (custom)
2023-06-06 14:27:17,603 [868b0848-2738-4705-b64a-eadb58aadbd7-groupManagement] INFO  server.RaftServerConfigKeys (ConfUtils.java:logGet(46)) - raft.server.rpc.sleep.time = 25ms (default)
2023-06-06 14:27:17,603 [868b0848-2738-4705-b64a-eadb58aadbd7-groupManagement] INFO  server.RaftServerConfigKeys (ConfUtils.java:logGet(46)) - raft.server.rpc.slowness.timeout = 300s (custom)
2023-06-06 14:27:17,603 [868b0848-2738-4705-b64a-eadb58aadbd7-groupManagement] INFO  server.RaftServerConfigKeys (ConfUtils.java:logGet(46)) - raft.server.leaderelection.leader.step-down.wait-time = 10s (default)
2023-06-06 14:27:17,603 [868b0848-2738-4705-b64a-eadb58aadbd7-groupManagement] INFO  server.RaftServerConfigKeys (ConfUtils.java:logGet(46)) - raft.server.sleep.deviation.threshold = 300ms (default)
2023-06-06 14:27:17,604 [868b0848-2738-4705-b64a-eadb58aadbd7-groupManagement] INFO  server.RaftServer$Division (ServerState.java:<init>(120)) - 868b0848-2738-4705-b64a-eadb58aadbd7@group-5B2F8EC0AA60: ConfigurationManager, init=-1: peers:[868b0848-2738-4705-b64a-eadb58aadbd7|rpc:10.1.0.37:15049|admin:10.1.0.37:15048|client:10.1.0.37:15047|dataStream:10.1.0.37:15050|priority:1|startupRole:FOLLOWER]|listeners:[], old=null, confs=<EMPTY_MAP>
2023-06-06 14:27:17,604 [868b0848-2738-4705-b64a-eadb58aadbd7-groupManagement] INFO  server.RaftServerConfigKeys (ConfUtils.java:logGet(46)) - raft.server.storage.dir = [/home/runner/work/ozone/ozone/hadoop-ozone/integration-test/target/test-dir/MiniOzoneClusterImpl-38e7d764-c52f-4307-950c-b659d634ec50/datanode-0/data/ratis] (custom)
2023-06-06 14:27:17,604 [868b0848-2738-4705-b64a-eadb58aadbd7-groupManagement] INFO  server.RaftServerConfigKeys (ConfUtils.java:logGet(46)) - raft.server.log.corruption.policy = EXCEPTION (default)
2023-06-06 14:27:17,604 [868b0848-2738-4705-b64a-eadb58aadbd7-groupManagement] INFO  server.RaftServerConfigKeys (ConfUtils.java:logGet(46)) - raft.server.storage.free-space.min = 0MB (=0) (default)
2023-06-06 14:27:17,604 [868b0848-2738-4705-b64a-eadb58aadbd7-groupManagement] INFO  server.RaftServerConfigKeys (ConfUtils.java:logGet(46)) - raft.server.notification.no-leader.timeout = 300s (custom)
2023-06-06 14:27:17,604 [868b0848-2738-4705-b64a-eadb58aadbd7-groupManagement] INFO  server.RaftServerConfigKeys (ConfUtils.java:logGet(46)) - raft.server.read.timeout = 10s (default)
2023-06-06 14:27:17,604 [868b0848-2738-4705-b64a-eadb58aadbd7-groupManagement] INFO  server.RaftServerConfigKeys (ConfUtils.java:logGet(46)) - raft.server.retrycache.expirytime = 600000ms (custom)
2023-06-06 14:27:17,604 [868b0848-2738-4705-b64a-eadb58aadbd7-groupManagement] INFO  server.RaftServerConfigKeys (ConfUtils.java:logGet(46)) - raft.server.retrycache.statistics.expirytime = 100μs (default)
2023-06-06 14:27:17,604 [868b0848-2738-4705-b64a-eadb58aadbd7-groupManagement] INFO  server.RaftServerConfigKeys (ConfUtils.java:logGet(46)) - raft.server.read.option = DEFAULT (default)
2023-06-06 14:27:17,605 [868b0848-2738-4705-b64a-eadb58aadbd7-groupManagement] INFO  server.RaftServerConfigKeys (ConfUtils.java:logGet(46)) - raft.server.rpc.request.timeout = 60s (custom)
2023-06-06 14:27:17,605 [868b0848-2738-4705-b64a-eadb58aadbd7-groupManagement] INFO  server.RaftServerConfigKeys (ConfUtils.java:logGet(46)) - raft.server.log.appender.install.snapshot.enabled = false (custom)
2023-06-06 14:27:17,605 [868b0848-2738-4705-b64a-eadb58aadbd7-groupManagement] INFO  server.RaftServerConfigKeys (ConfUtils.java:logGet(46)) - raft.server.threadpool.server.cached = true (default)
2023-06-06 14:27:17,605 [868b0848-2738-4705-b64a-eadb58aadbd7-groupManagement] INFO  server.RaftServerConfigKeys (ConfUtils.java:logGet(46)) - raft.server.threadpool.server.size = 0 (default)
2023-06-06 14:27:17,605 [868b0848-2738-4705-b64a-eadb58aadbd7-groupManagement] INFO  server.RaftServerConfigKeys (ConfUtils.java:logGet(46)) - raft.server.threadpool.client.cached = true (default)
2023-06-06 14:27:17,605 [868b0848-2738-4705-b64a-eadb58aadbd7-groupManagement] INFO  server.RaftServerConfigKeys (ConfUtils.java:logGet(46)) - raft.server.threadpool.client.size = 0 (default)
2023-06-06 14:27:17,605 [868b0848-2738-4705-b64a-eadb58aadbd7-groupManagement] INFO  storage.RaftStorageDirectory (RaftStorageDirectoryImpl.java:analyzeStorage(137)) - The storage directory /home/runner/work/ozone/ozone/hadoop-ozone/integration-test/target/test-dir/MiniOzoneClusterImpl-38e7d764-c52f-4307-950c-b659d634ec50/datanode-0/data/ratis/ea832e13-c9a9-4b5e-920e-5b2f8ec0aa60 does not exist. Creating ...
2023-06-06 14:27:17,606 [868b0848-2738-4705-b64a-eadb58aadbd7-groupManagement] INFO  storage.RaftStorageDirectory (RaftStorageDirectoryImpl.java:tryLock(231)) - Lock on /home/runner/work/ozone/ozone/hadoop-ozone/integration-test/target/test-dir/MiniOzoneClusterImpl-38e7d764-c52f-4307-950c-b659d634ec50/datanode-0/data/ratis/ea832e13-c9a9-4b5e-920e-5b2f8ec0aa60/in_use.lock acquired by nodename 75814@fv-az1133-973
2023-06-06 14:27:17,607 [868b0848-2738-4705-b64a-eadb58aadbd7-groupManagement] INFO  storage.RaftStorage (RaftStorageImpl.java:format(96)) - Storage directory /home/runner/work/ozone/ozone/hadoop-ozone/integration-test/target/test-dir/MiniOzoneClusterImpl-38e7d764-c52f-4307-950c-b659d634ec50/datanode-0/data/ratis/ea832e13-c9a9-4b5e-920e-5b2f8ec0aa60 has been successfully formatted.
2023-06-06 14:27:17,608 [868b0848-2738-4705-b64a-eadb58aadbd7-groupManagement] INFO  ratis.ContainerStateMachine (ContainerStateMachine.java:loadSnapshot(262)) - group-5B2F8EC0AA60: The snapshot info is null. Setting the last applied indexto:(t:0, i:~)
2023-06-06 14:27:17,608 [868b0848-2738-4705-b64a-eadb58aadbd7-groupManagement] INFO  server.RaftServerConfigKeys (ConfUtils.java:logGet(46)) - raft.server.log.use.memory = false (default)
2023-06-06 14:27:17,608 [868b0848-2738-4705-b64a-eadb58aadbd7-groupManagement] INFO  server.RaftServerConfigKeys (ConfUtils.java:logGet(46)) - raft.server.log.purge.gap = 1000000 (custom)
2023-06-06 14:27:17,608 [868b0848-2738-4705-b64a-eadb58aadbd7-groupManagement] INFO  server.RaftServerConfigKeys (ConfUtils.java:logGet(46)) - raft.server.log.appender.buffer.byte-limit = 33554432 (custom)
2023-06-06 14:27:17,609 [EventQueue-PipelineReportForPipelineReportHandler] INFO  pipeline.PipelineManagerImpl (PipelineManagerImpl.java:openPipeline(367)) - Pipeline Pipeline[ Id: ea832e13-c9a9-4b5e-920e-5b2f8ec0aa60, Nodes: 868b0848-2738-4705-b64a-eadb58aadbd7(fv-az1133-973.qlb2sqfkji0uhjsjdnlwzcsdwg.bx.internal.cloudapp.net/10.1.0.37), ReplicationConfig: RATIS/ONE, State:ALLOCATED, leaderId:868b0848-2738-4705-b64a-eadb58aadbd7, CreationTimestamp2023-06-06T14:27:14.611Z[Etc/UTC]] moved to OPEN state
2023-06-06 14:27:17,611 [868b0848-2738-4705-b64a-eadb58aadbd7-groupManagement] INFO  server.RaftServerConfigKeys (ConfUtils.java:logGet(46)) - raft.server.log.statemachine.data.read.timeout = 1000ms (default)
2023-06-06 14:27:17,611 [EventQueue-OpenPipelineForHealthyPipelineSafeModeRule] INFO  safemode.SCMSafeModeManager (SCMSafeModeManager.java:validateSafeModeExitRules(200)) - HealthyPipelineSafeModeRule rule is successfully validated
2023-06-06 14:27:17,611 [EventQueue-OpenPipelineForHealthyPipelineSafeModeRule] INFO  safemode.SCMSafeModeManager (SCMSafeModeManager.java:validateSafeModeExitRules(215)) - ScmSafeModeManager, all rules are successfully validated
2023-06-06 14:27:17,611 [EventQueue-OpenPipelineForHealthyPipelineSafeModeRule] INFO  safemode.SCMSafeModeManager (SCMSafeModeManager.java:exitSafeMode(244)) - SCM exiting safe mode.
2023-06-06 14:27:17,611 [868b0848-2738-4705-b64a-eadb58aadbd7-groupManagement] INFO  server.RaftServerConfigKeys (ConfUtils.java:logGet(46)) - raft.server.log.purge.preservation.log.num = 0 (default)
2023-06-06 14:27:17,611 [EventQueue-OpenPipelineForHealthyPipelineSafeModeRule] INFO  ha.SCMContext (SCMContext.java:updateSafeModeStatus(228)) - Update SafeModeStatus from SafeModeStatus{safeModeStatus=true, preCheckPassed=true} to SafeModeStatus{safeModeStatus=false, preCheckPassed=true}.
2023-06-06 14:27:17,611 [EventQueue-OpenPipelineForHealthyPipelineSafeModeRule] INFO  pipeline.BackgroundPipelineCreator (BackgroundPipelineCreator.java:notifyStatusChanged(254)) - Service BackgroundPipelineCreator transitions to RUNNING.
2023-06-06 14:27:17,611 [EventQueue-OpenPipelineForHealthyPipelineSafeModeRule] INFO  BackgroundPipelineScrubber (BackgroundSCMService.java:notifyStatusChanged(82)) - Service BackgroundPipelineScrubber transitions to RUNNING.
2023-06-06 14:27:17,611 [EventQueue-OpenPipelineForHealthyPipelineSafeModeRule] INFO  ExpiredContainerReplicaOpScrubber (BackgroundSCMService.java:notifyStatusChanged(82)) - Service ExpiredContainerReplicaOpScrubber transitions to RUNNING.
2023-06-06 14:27:17,611 [868b0848-2738-4705-b64a-eadb58aadbd7-groupManagement] INFO  server.RaftServerConfigKeys (ConfUtils.java:logGet(46)) - raft.server.log.segment.size.max = 1048576 (custom)
2023-06-06 14:27:17,612 [EventQueue-OpenPipelineForHealthyPipelineSafeModeRule] INFO  replication.ReplicationManager (ReplicationManager.java:notifyStatusChanged(1369)) - Service ReplicationManager transitions to RUNNING.
2023-06-06 14:27:17,612 [868b0848-2738-4705-b64a-eadb58aadbd7-groupManagement] INFO  server.RaftServerConfigKeys (ConfUtils.java:logGet(46)) - raft.server.log.segment.cache.num.max = 2 (custom)
2023-06-06 14:27:17,612 [868b0848-2738-4705-b64a-eadb58aadbd7-groupManagement] INFO  server.RaftServerConfigKeys (ConfUtils.java:logGet(46)) - raft.server.log.segment.cache.size.max = 200MB (=209715200) (default)
2023-06-06 14:27:17,612 [EventQueue-OpenPipelineForHealthyPipelineSafeModeRule] WARN  balancer.ContainerBalancer (ContainerBalancer.java:shouldRun(135)) - Could not find persisted configuration for ContainerBalancer when checking if ContainerBalancer should run. ContainerBalancer should not run now.
2023-06-06 14:27:17,612 [868b0848-2738-4705-b64a-eadb58aadbd7-groupManagement] INFO  server.RaftServerConfigKeys (ConfUtils.java:logGet(46)) - raft.server.log.appender.buffer.byte-limit = 33554432 (custom)
2023-06-06 14:27:17,612 [868b0848-2738-4705-b64a-eadb58aadbd7-groupManagement] INFO  segmented.SegmentedRaftLogWorker (SegmentedRaftLogWorker.java:<init>(188)) - new 868b0848-2738-4705-b64a-eadb58aadbd7@group-5B2F8EC0AA60-SegmentedRaftLogWorker for RaftStorageImpl:Storage Directory /home/runner/work/ozone/ozone/hadoop-ozone/integration-test/target/test-dir/MiniOzoneClusterImpl-38e7d764-c52f-4307-950c-b659d634ec50/datanode-0/data/ratis/ea832e13-c9a9-4b5e-920e-5b2f8ec0aa60
2023-06-06 14:27:17,612 [868b0848-2738-4705-b64a-eadb58aadbd7-groupManagement] INFO  server.RaftServerConfigKeys (ConfUtils.java:logGet(46)) - raft.server.log.queue.byte-limit = 4294967296 (custom)
2023-06-06 14:27:17,612 [868b0848-2738-4705-b64a-eadb58aadbd7-groupManagement] INFO  server.RaftServerConfigKeys (ConfUtils.java:logGet(46)) - raft.server.log.queue.element-limit = 1024 (custom)
2023-06-06 14:27:17,612 [868b0848-2738-4705-b64a-eadb58aadbd7-groupManagement] INFO  server.RaftServerConfigKeys (ConfUtils.java:logGet(46)) - raft.server.log.segment.size.max = 1048576 (custom)
2023-06-06 14:27:17,612 [868b0848-2738-4705-b64a-eadb58aadbd7-groupManagement] INFO  server.RaftServerConfigKeys (ConfUtils.java:logGet(46)) - raft.server.log.preallocated.size = 16384 (custom)
2023-06-06 14:27:17,612 [868b0848-2738-4705-b64a-eadb58aadbd7-groupManagement] INFO  server.RaftServerConfigKeys (ConfUtils.java:logGet(46)) - raft.server.log.force.sync.num = 128 (default)
2023-06-06 14:27:17,612 [868b0848-2738-4705-b64a-eadb58aadbd7-groupManagement] INFO  server.RaftServerConfigKeys (ConfUtils.java:logGet(46)) - raft.server.log.statemachine.data.sync = true (default)
2023-06-06 14:27:17,612 [868b0848-2738-4705-b64a-eadb58aadbd7-groupManagement] INFO  server.RaftServerConfigKeys (ConfUtils.java:logGet(46)) - raft.server.log.statemachine.data.sync.timeout = 10s (default)
2023-06-06 14:27:17,612 [868b0848-2738-4705-b64a-eadb58aadbd7-groupManagement] INFO  server.RaftServerConfigKeys (ConfUtils.java:logGet(46)) - raft.server.log.statemachine.data.sync.timeout.retry = -1 (default)
2023-06-06 14:27:17,613 [868b0848-2738-4705-b64a-eadb58aadbd7-groupManagement] INFO  server.RaftServerConfigKeys (ConfUtils.java:logGet(46)) - raft.server.log.write.buffer.size = 1048576 (custom)
2023-06-06 14:27:17,614 [868b0848-2738-4705-b64a-eadb58aadbd7-groupManagement] INFO  server.RaftServerConfigKeys (ConfUtils.java:logGet(46)) - raft.server.log.appender.buffer.byte-limit = 33554432 (custom)
2023-06-06 14:27:17,621 [868b0848-2738-4705-b64a-eadb58aadbd7-groupManagement] INFO  server.RaftServerConfigKeys (ConfUtils.java:logGet(46)) - raft.server.log.unsafe-flush.enabled = false (default)
2023-06-06 14:27:17,621 [868b0848-2738-4705-b64a-eadb58aadbd7-groupManagement] INFO  server.RaftServerConfigKeys (ConfUtils.java:logGet(46)) - raft.server.log.async-flush.enabled = false (default)
2023-06-06 14:27:17,621 [868b0848-2738-4705-b64a-eadb58aadbd7-groupManagement] INFO  server.RaftServerConfigKeys (ConfUtils.java:logGet(46)) - raft.server.log.statemachine.data.caching.enabled = true (custom)
2023-06-06 14:27:17,621 [868b0848-2738-4705-b64a-eadb58aadbd7-groupManagement] INFO  segmented.SegmentedRaftLogWorker (SegmentedRaftLogWorker.java:lambda$new$0(135)) - 868b0848-2738-4705-b64a-eadb58aadbd7@group-5B2F8EC0AA60-SegmentedRaftLogWorker: flushIndex: setUnconditionally 0 -> -1
2023-06-06 14:27:17,621 [868b0848-2738-4705-b64a-eadb58aadbd7-groupManagement] INFO  segmented.SegmentedRaftLogWorker (SegmentedRaftLogWorker.java:lambda$new$0(135)) - 868b0848-2738-4705-b64a-eadb58aadbd7@group-5B2F8EC0AA60-SegmentedRaftLogWorker: safeCacheEvictIndex: setUnconditionally 0 -> -1
2023-06-06 14:27:17,621 [868b0848-2738-4705-b64a-eadb58aadbd7-groupManagement] INFO  server.RaftServer$Division (RaftServerImpl.java:start(342)) - 868b0848-2738-4705-b64a-eadb58aadbd7@group-5B2F8EC0AA60: start as a follower, conf=-1: peers:[868b0848-2738-4705-b64a-eadb58aadbd7|rpc:10.1.0.37:15049|admin:10.1.0.37:15048|client:10.1.0.37:15047|dataStream:10.1.0.37:15050|priority:1|startupRole:FOLLOWER]|listeners:[], old=null
2023-06-06 14:27:17,621 [868b0848-2738-4705-b64a-eadb58aadbd7-groupManagement] INFO  server.RaftServer$Division (RaftServerImpl.java:setRole(329)) - 868b0848-2738-4705-b64a-eadb58aadbd7@group-5B2F8EC0AA60: changes role from      null to FOLLOWER at term 0 for startAsFollower
2023-06-06 14:27:17,621 [868b0848-2738-4705-b64a-eadb58aadbd7-groupManagement] INFO  impl.RoleInfo (RoleInfo.java:updateAndGet(139)) - 868b0848-2738-4705-b64a-eadb58aadbd7: start 868b0848-2738-4705-b64a-eadb58aadbd7@group-5B2F8EC0AA60-FollowerState
2023-06-06 14:27:17,622 [868b0848-2738-4705-b64a-eadb58aadbd7@group-5B2F8EC0AA60-FollowerState] INFO  server.RaftServerConfigKeys (ConfUtils.java:logFallback(53)) - raft.server.rpc.first-election.timeout.min = 5s (fallback to raft.server.rpc.timeout.min)
2023-06-06 14:27:17,622 [868b0848-2738-4705-b64a-eadb58aadbd7-groupManagement] INFO  util.JmxRegister (JmxRegister.java:tryRegister(44)) - Successfully registered JMX Bean with object name Ratis:service=RaftServer,group=group-5B2F8EC0AA60,id=868b0848-2738-4705-b64a-eadb58aadbd7
2023-06-06 14:27:17,622 [868b0848-2738-4705-b64a-eadb58aadbd7@group-5B2F8EC0AA60-FollowerState] INFO  server.RaftServerConfigKeys (ConfUtils.java:logFallback(53)) - raft.server.rpc.first-election.timeout.max = 5200ms (fallback to raft.server.rpc.timeout.max)
2023-06-06 14:27:17,622 [868b0848-2738-4705-b64a-eadb58aadbd7-groupManagement] INFO  server.RaftServerConfigKeys (ConfUtils.java:logGet(46)) - raft.server.snapshot.auto.trigger.enabled = true (custom)
2023-06-06 14:27:17,622 [868b0848-2738-4705-b64a-eadb58aadbd7-groupManagement] INFO  server.RaftServerConfigKeys (ConfUtils.java:logGet(46)) - raft.server.snapshot.auto.trigger.threshold = 10000 (custom)
2023-06-06 14:27:17,622 [868b0848-2738-4705-b64a-eadb58aadbd7-groupManagement] INFO  server.RaftServerConfigKeys (ConfUtils.java:logGet(46)) - raft.server.snapshot.retention.file.num = 5 (custom)
2023-06-06 14:27:17,622 [868b0848-2738-4705-b64a-eadb58aadbd7-groupManagement] INFO  server.RaftServerConfigKeys (ConfUtils.java:logGet(46)) - raft.server.log.purge.upto.snapshot.index = false (default)
2023-06-06 14:27:17,623 [PipelineCommandHandlerThread-0] INFO  ratis.XceiverServerRatis (XceiverServerRatis.java:addGroup(804)) - Created group PipelineID=ea832e13-c9a9-4b5e-920e-5b2f8ec0aa60
2023-06-06 14:27:17,623 [PipelineCommandHandlerThread-0] INFO  commandhandler.CreatePipelineCommandHandler (CreatePipelineCommandHandler.java:lambda$handle$2(124)) - Created Pipeline RATIS ONE PipelineID=ea832e13-c9a9-4b5e-920e-5b2f8ec0aa60.
2023-06-06 14:27:18,593 [Time-limited test] INFO  ozone.MiniOzoneClusterImpl (MiniOzoneClusterImpl.java:lambda$waitForClusterToBeReady$0(222)) - Nodes are ready. Got 1 of 1 DN Heartbeats.
2023-06-06 14:27:18,593 [Time-limited test] INFO  ozone.MiniOzoneClusterImpl (MiniOzoneClusterImpl.java:lambda$waitForClusterToBeReady$0(225)) - Cluster exits safe mode
2023-06-06 14:27:18,593 [Time-limited test] INFO  ozone.MiniOzoneClusterImpl (MiniOzoneClusterImpl.java:lambda$waitForClusterToBeReady$0(227)) - SCM became leader
2023-06-06 14:27:18,610 [Time-limited test] INFO  rpc.RpcClient (RpcClient.java:createVolume(459)) - Creating Volume: volume74188, with user17705 as owner and space quota set to -1 bytes, counts quota set to -1
2023-06-06 14:27:18,622 [OM StateMachine ApplyTransaction Thread - 0] INFO  volume.OMVolumeCreateRequest (OMVolumeCreateRequest.java:validateAndUpdateCache(196)) - created volume:volume74188 for user:user17705
2023-06-06 14:27:18,629 [Time-limited test] INFO  rpc.RpcClient (RpcClient.java:createBucket(686)) - Creating Bucket: volume74188/bucket05555, with bucket layout LEGACY, runner as owner, Versioning false, Storage Type set to DISK and Encryption set to false, Replication Type set to server-side default replication type, Namespace Quota set to -1, Space Quota set to -1 
2023-06-06 14:27:18,633 [OM StateMachine ApplyTransaction Thread - 0] INFO  bucket.OMBucketCreateRequest (OMBucketCreateRequest.java:validateAndUpdateCache(270)) - created bucket: bucket05555 of layout LEGACY in volume: volume74188
2023-06-06 14:27:18,644 [IPC Server handler 2 on default port 15036] INFO  ha.SequenceIdGenerator (SequenceIdGenerator.java:getNextId(128)) - Allocate a batch for containerId, change lastId from 0 to 1000.
2023-06-06 14:27:18,645 [IPC Server handler 2 on default port 15036] WARN  ha.SequenceIdGenerator (SequenceIdGenerator.java:allocateBatch(237)) - Failed to allocate a batch for localId, expected lastId is 0, actual lastId is 111677748019200000.
2023-06-06 14:27:18,645 [IPC Server handler 2 on default port 15036] INFO  ha.SequenceIdGenerator (SequenceIdGenerator.java:getNextId(128)) - Allocate a batch for localId, change lastId from 111677748019200000 to 111677748019201000.
2023-06-06 14:27:22,672 [868b0848-2738-4705-b64a-eadb58aadbd7@group-5B2F8EC0AA60-FollowerState] INFO  impl.FollowerState (FollowerState.java:run(143)) - 868b0848-2738-4705-b64a-eadb58aadbd7@group-5B2F8EC0AA60-FollowerState: change to CANDIDATE, lastRpcElapsedTime:5050617082ns, electionTimeout:5050ms
2023-06-06 14:27:22,672 [868b0848-2738-4705-b64a-eadb58aadbd7@group-5B2F8EC0AA60-FollowerState] INFO  impl.RoleInfo (RoleInfo.java:shutdownFollowerState(110)) - 868b0848-2738-4705-b64a-eadb58aadbd7: shutdown 868b0848-2738-4705-b64a-eadb58aadbd7@group-5B2F8EC0AA60-FollowerState
2023-06-06 14:27:22,673 [868b0848-2738-4705-b64a-eadb58aadbd7@group-5B2F8EC0AA60-FollowerState] INFO  server.RaftServer$Division (RaftServerImpl.java:setRole(329)) - 868b0848-2738-4705-b64a-eadb58aadbd7@group-5B2F8EC0AA60: changes role from  FOLLOWER to CANDIDATE at term 0 for changeToCandidate
2023-06-06 14:27:22,673 [868b0848-2738-4705-b64a-eadb58aadbd7@group-5B2F8EC0AA60-FollowerState] INFO  server.RaftServerConfigKeys (ConfUtils.java:logGet(46)) - raft.server.leaderelection.pre-vote = true (default)
2023-06-06 14:27:22,673 [868b0848-2738-4705-b64a-eadb58aadbd7@group-5B2F8EC0AA60-FollowerState] INFO  impl.RoleInfo (RoleInfo.java:updateAndGet(139)) - 868b0848-2738-4705-b64a-eadb58aadbd7: start 868b0848-2738-4705-b64a-eadb58aadbd7@group-5B2F8EC0AA60-LeaderElection10
2023-06-06 14:27:22,679 [868b0848-2738-4705-b64a-eadb58aadbd7@group-5B2F8EC0AA60-LeaderElection10] INFO  impl.LeaderElection (LeaderElection.java:askForVotes(321)) - 868b0848-2738-4705-b64a-eadb58aadbd7@group-5B2F8EC0AA60-LeaderElection10 PRE_VOTE round 0: submit vote requests at term 0 for -1: peers:[868b0848-2738-4705-b64a-eadb58aadbd7|rpc:10.1.0.37:15049|admin:10.1.0.37:15048|client:10.1.0.37:15047|dataStream:10.1.0.37:15050|priority:1|startupRole:FOLLOWER]|listeners:[], old=null
2023-06-06 14:27:22,679 [868b0848-2738-4705-b64a-eadb58aadbd7@group-5B2F8EC0AA60-LeaderElection10] INFO  impl.LeaderElection (LeaderElection.java:askForVotes(323)) - 868b0848-2738-4705-b64a-eadb58aadbd7@group-5B2F8EC0AA60-LeaderElection10 PRE_VOTE round 0: result PASSED (term=0)
2023-06-06 14:27:22,680 [868b0848-2738-4705-b64a-eadb58aadbd7@group-5B2F8EC0AA60-LeaderElection10] INFO  impl.LeaderElection (LeaderElection.java:askForVotes(321)) - 868b0848-2738-4705-b64a-eadb58aadbd7@group-5B2F8EC0AA60-LeaderElection10 ELECTION round 0: submit vote requests at term 1 for -1: peers:[868b0848-2738-4705-b64a-eadb58aadbd7|rpc:10.1.0.37:15049|admin:10.1.0.37:15048|client:10.1.0.37:15047|dataStream:10.1.0.37:15050|priority:1|startupRole:FOLLOWER]|listeners:[], old=null
2023-06-06 14:27:22,680 [868b0848-2738-4705-b64a-eadb58aadbd7@group-5B2F8EC0AA60-LeaderElection10] INFO  impl.LeaderElection (LeaderElection.java:askForVotes(323)) - 868b0848-2738-4705-b64a-eadb58aadbd7@group-5B2F8EC0AA60-LeaderElection10 ELECTION round 0: result PASSED (term=1)
2023-06-06 14:27:22,680 [868b0848-2738-4705-b64a-eadb58aadbd7@group-5B2F8EC0AA60-LeaderElection10] INFO  impl.RoleInfo (RoleInfo.java:shutdownLeaderElection(130)) - 868b0848-2738-4705-b64a-eadb58aadbd7: shutdown 868b0848-2738-4705-b64a-eadb58aadbd7@group-5B2F8EC0AA60-LeaderElection10
2023-06-06 14:27:22,680 [868b0848-2738-4705-b64a-eadb58aadbd7@group-5B2F8EC0AA60-LeaderElection10] INFO  server.RaftServer$Division (RaftServerImpl.java:setRole(329)) - 868b0848-2738-4705-b64a-eadb58aadbd7@group-5B2F8EC0AA60: changes role from CANDIDATE to LEADER at term 1 for changeToLeader
2023-06-06 14:27:22,680 [868b0848-2738-4705-b64a-eadb58aadbd7@group-5B2F8EC0AA60-LeaderElection10] INFO  ratis.XceiverServerRatis (XceiverServerRatis.java:handleLeaderChangedNotification(902)) - Leader change notification received for group: group-5B2F8EC0AA60 with new leaderId: 868b0848-2738-4705-b64a-eadb58aadbd7
2023-06-06 14:27:22,681 [868b0848-2738-4705-b64a-eadb58aadbd7@group-5B2F8EC0AA60-LeaderElection10] INFO  server.RaftServer$Division (ServerState.java:setLeader(317)) - 868b0848-2738-4705-b64a-eadb58aadbd7@group-5B2F8EC0AA60: change Leader from null to 868b0848-2738-4705-b64a-eadb58aadbd7 at term 1 for becomeLeader, leader elected after 5076ms
2023-06-06 14:27:22,681 [868b0848-2738-4705-b64a-eadb58aadbd7@group-5B2F8EC0AA60-LeaderElection10] INFO  server.RaftServerConfigKeys (ConfUtils.java:logGet(46)) - raft.server.staging.catchup.gap = 1000 (default)
2023-06-06 14:27:22,681 [868b0848-2738-4705-b64a-eadb58aadbd7@group-5B2F8EC0AA60-LeaderElection10] INFO  server.RaftServerConfigKeys (ConfUtils.java:logGet(46)) - raft.server.write.element-limit = 1024 (custom)
2023-06-06 14:27:22,681 [868b0848-2738-4705-b64a-eadb58aadbd7@group-5B2F8EC0AA60-LeaderElection10] INFO  server.RaftServerConfigKeys (ConfUtils.java:logGet(46)) - raft.server.write.byte-limit = 1024 M (=1073741824) (custom)
2023-06-06 14:27:22,681 [868b0848-2738-4705-b64a-eadb58aadbd7@group-5B2F8EC0AA60-LeaderElection10] INFO  server.RaftServerConfigKeys (ConfUtils.java:logGet(46)) - raft.server.watch.timeout = 180s (custom)
2023-06-06 14:27:22,681 [868b0848-2738-4705-b64a-eadb58aadbd7@group-5B2F8EC0AA60-LeaderElection10] INFO  server.RaftServerConfigKeys (ConfUtils.java:logGet(46)) - raft.server.watch.timeout.denomination = 1s (default)
2023-06-06 14:27:22,681 [868b0848-2738-4705-b64a-eadb58aadbd7@group-5B2F8EC0AA60-LeaderElection10] INFO  server.RaftServerConfigKeys (ConfUtils.java:logGet(46)) - raft.server.watch.element-limit = 65536 (default)
2023-06-06 14:27:22,682 [868b0848-2738-4705-b64a-eadb58aadbd7@group-5B2F8EC0AA60-LeaderElection10] INFO  server.RaftServerConfigKeys (ConfUtils.java:logGet(46)) - raft.server.write.element-limit = 1024 (custom)
2023-06-06 14:27:22,682 [868b0848-2738-4705-b64a-eadb58aadbd7@group-5B2F8EC0AA60-LeaderElection10] INFO  server.RaftServerConfigKeys (ConfUtils.java:logGet(46)) - raft.server.write.follower.gap.ratio.max = -1.0 (default)
2023-06-06 14:27:22,682 [868b0848-2738-4705-b64a-eadb58aadbd7@group-5B2F8EC0AA60-LeaderElection10] INFO  impl.RoleInfo (RoleInfo.java:updateAndGet(139)) - 868b0848-2738-4705-b64a-eadb58aadbd7: start 868b0848-2738-4705-b64a-eadb58aadbd7@group-5B2F8EC0AA60-LeaderStateImpl
2023-06-06 14:27:22,683 [868b0848-2738-4705-b64a-eadb58aadbd7@group-5B2F8EC0AA60-LeaderElection10] INFO  segmented.SegmentedRaftLogWorker (SegmentedRaftLogWorker.java:startLogSegment(447)) - 868b0848-2738-4705-b64a-eadb58aadbd7@group-5B2F8EC0AA60-SegmentedRaftLogWorker: Starting segment from index:0
2023-06-06 14:27:22,684 [868b0848-2738-4705-b64a-eadb58aadbd7@group-5B2F8EC0AA60-SegmentedRaftLogWorker] INFO  segmented.SegmentedRaftLogWorker (SegmentedRaftLogWorker.java:execute(651)) - 868b0848-2738-4705-b64a-eadb58aadbd7@group-5B2F8EC0AA60-SegmentedRaftLogWorker: created new log segment /home/runner/work/ozone/ozone/hadoop-ozone/integration-test/target/test-dir/MiniOzoneClusterImpl-38e7d764-c52f-4307-950c-b659d634ec50/datanode-0/data/ratis/ea832e13-c9a9-4b5e-920e-5b2f8ec0aa60/current/log_inprogress_0
2023-06-06 14:27:22,684 [868b0848-2738-4705-b64a-eadb58aadbd7@group-5B2F8EC0AA60-LeaderElection10] INFO  server.RaftServer$Division (ServerState.java:setRaftConf(434)) - 868b0848-2738-4705-b64a-eadb58aadbd7@group-5B2F8EC0AA60: set configuration 0: peers:[868b0848-2738-4705-b64a-eadb58aadbd7|rpc:10.1.0.37:15049|admin:10.1.0.37:15048|client:10.1.0.37:15047|dataStream:10.1.0.37:15050|priority:1|startupRole:FOLLOWER]|listeners:[], old=null
2023-06-06 14:27:32,662 [Time-limited test] INFO  ha.SequenceIdGenerator (SequenceIdGenerator.java:getNextId(128)) - Allocate a batch for delTxnId, change lastId from 0 to 1000.
2023-06-06 14:27:32,760 [SCMBlockDeletingService#0] INFO  block.SCMBlockDeletingService (SCMBlockDeletingService.java:call(198)) - Totally added 2 blocks to be deleted for 1 datanodes, task elapsed time: 1ms
2023-06-06 14:27:33,165 [Time-limited test] INFO  ozone.MiniOzoneClusterImpl (MiniOzoneClusterImpl.java:shutdown(442)) - Shutting down the Mini Ozone Cluster
2023-06-06 14:27:33,166 [Time-limited test] INFO  ozone.MiniOzoneClusterImpl (MiniOzoneClusterImpl.java:stop(459)) - Stopping the Mini Ozone Cluster
2023-06-06 14:27:33,166 [Time-limited test] INFO  ozone.MiniOzoneClusterImpl (MiniOzoneClusterImpl.java:stopOM(545)) - Stopping the OzoneManager
2023-06-06 14:27:33,166 [Time-limited test] INFO  om.OzoneManager (OzoneManager.java:stop(2171)) - om1[localhost:15039]: Stopping Ozone Manager
2023-06-06 14:27:33,166 [Time-limited test] INFO  ipc.Server (Server.java:stop(3501)) - Stopping server on 15039
2023-06-06 14:27:33,171 [IPC Server Responder] INFO  ipc.Server (Server.java:run(1563)) - Stopping IPC Server Responder
2023-06-06 14:27:33,171 [Time-limited test] INFO  server.RaftServer (RaftServerProxy.java:lambda$close$6(416)) - om1: close
2023-06-06 14:27:33,171 [om1-impl-thread1] INFO  server.RaftServer$Division (RaftServerImpl.java:lambda$close$4(466)) - om1@group-C5BA1605619E: shutdown
2023-06-06 14:27:33,171 [IPC Server listener on 15039] INFO  ipc.Server (Server.java:run(1430)) - Stopping IPC Server listener on 15039
2023-06-06 14:27:33,171 [om1-impl-thread1] INFO  util.JmxRegister (JmxRegister.java:unregister(73)) - Successfully un-registered JMX Bean with object name Ratis:service=RaftServer,group=group-C5BA1605619E,id=om1
2023-06-06 14:27:33,171 [om1-impl-thread1] INFO  impl.RoleInfo (RoleInfo.java:shutdownLeaderState(93)) - om1: shutdown om1@group-C5BA1605619E-LeaderStateImpl
2023-06-06 14:27:33,171 [om1-impl-thread1] INFO  impl.PendingRequests (PendingRequests.java:sendNotLeaderResponses(289)) - om1@group-C5BA1605619E-PendingRequests: sendNotLeaderResponses
2023-06-06 14:27:33,173 [om1-impl-thread1] INFO  impl.StateMachineUpdater (StateMachineUpdater.java:stopAndJoin(155)) - om1@group-C5BA1605619E-StateMachineUpdater: set stopIndex = 64
2023-06-06 14:27:33,174 [om1@group-C5BA1605619E-StateMachineUpdater] INFO  ratis.OzoneManagerStateMachine (OzoneManagerStateMachine.java:takeSnapshot(479)) - Current Snapshot Index (t:1, i:64)
2023-06-06 14:27:33,174 [Time-limited test] INFO  server.GrpcService (GrpcService.java:closeImpl(311)) - om1: shutdown server GrpcServerProtocolService now
2023-06-06 14:27:33,175 [Time-limited test] INFO  server.GrpcService (GrpcService.java:closeImpl(320)) - om1: shutdown server GrpcServerProtocolService successfully
2023-06-06 14:27:33,188 [om1@group-C5BA1605619E-StateMachineUpdater] INFO  impl.StateMachineUpdater (StateMachineUpdater.java:takeSnapshot(291)) - om1@group-C5BA1605619E-StateMachineUpdater: Took a snapshot at index 64
2023-06-06 14:27:33,188 [om1@group-C5BA1605619E-StateMachineUpdater] INFO  impl.StateMachineUpdater (StateMachineUpdater.java:lambda$new$0(97)) - om1@group-C5BA1605619E-StateMachineUpdater: snapshotIndex: updateIncreasingly -1 -> 64
2023-06-06 14:27:33,188 [om1@group-C5BA1605619E-StateMachineUpdater] INFO  ratis.OzoneManagerStateMachine (OzoneManagerStateMachine.java:close(533)) - StateMachine has shutdown. Shutdown OzoneManager if not already shutdown.
2023-06-06 14:27:33,188 [om1@group-C5BA1605619E-StateMachineUpdater] INFO  ratis.OzoneManagerDoubleBuffer (OzoneManagerDoubleBuffer.java:stopDaemon(559)) - Stopping OMDoubleBuffer flush thread
2023-06-06 14:27:33,188 [OMDoubleBufferFlushThread] INFO  ratis.OzoneManagerDoubleBuffer (OzoneManagerDoubleBuffer.java:canFlush(648)) - OMDoubleBuffer flush thread OMDoubleBufferFlushThread is interrupted and will exit.
2023-06-06 14:27:33,189 [om1-impl-thread1] INFO  server.RaftServer$Division (ServerState.java:close(472)) - om1@group-C5BA1605619E: closes. applyIndex: 64
2023-06-06 14:27:33,259 [SCMBlockDeletingService#0] INFO  block.SCMBlockDeletingService (SCMBlockDeletingService.java:call(198)) - Totally added 2 blocks to be deleted for 1 datanodes, task elapsed time: 1ms
2023-06-06 14:27:33,460 [SCMBlockDeletingService#0] INFO  block.SCMBlockDeletingService (SCMBlockDeletingService.java:call(198)) - Totally added 2 blocks to be deleted for 1 datanodes, task elapsed time: 1ms
2023-06-06 14:27:33,613 [om1-impl-thread1] INFO  segmented.SegmentedRaftLogWorker (SegmentedRaftLogWorker.java:close(252)) - om1@group-C5BA1605619E-SegmentedRaftLogWorker close()
2023-06-06 14:27:33,615 [JvmPauseMonitor6] INFO  util.JvmPauseMonitor (JvmPauseMonitor.java:run(109)) - JvmPauseMonitor-om1: Stopped
2023-06-06 14:27:33,615 [Time-limited test] INFO  ratis.OzoneManagerStateMachine (OzoneManagerStateMachine.java:close(533)) - StateMachine has shutdown. Shutdown OzoneManager if not already shutdown.
2023-06-06 14:27:33,615 [Time-limited test] INFO  ratis.OzoneManagerDoubleBuffer (OzoneManagerDoubleBuffer.java:stopDaemon(568)) - OMDoubleBuffer flush thread is not running.
2023-06-06 14:27:33,615 [Time-limited test] INFO  utils.BackgroundService (BackgroundService.java:shutdown(141)) - Shutting down service KeyDeletingService
2023-06-06 14:27:33,615 [Time-limited test] INFO  utils.BackgroundService (BackgroundService.java:shutdown(141)) - Shutting down service KeyDeletingService
2023-06-06 14:27:33,616 [Time-limited test] INFO  utils.BackgroundService (BackgroundService.java:shutdown(141)) - Shutting down service OpenKeyCleanupService
2023-06-06 14:27:33,616 [Time-limited test] INFO  utils.BackgroundService (BackgroundService.java:shutdown(141)) - Shutting down service SstFilteringService
2023-06-06 14:27:33,616 [Time-limited test] INFO  utils.BackgroundService (BackgroundService.java:shutdown(141)) - Shutting down service SnapshotDeletingService
2023-06-06 14:27:33,616 [Time-limited test] INFO  handler.ContextHandler (ContextHandler.java:doStop(1159)) - Stopped o.e.j.w.WebAppContext@7e90041d{ozoneManager,/,null,STOPPED}{file:/home/runner/work/ozone/ozone/hadoop-ozone/integration-test/target/test-classes/webapps/ozoneManager}
2023-06-06 14:27:33,617 [Time-limited test] INFO  server.AbstractConnector (AbstractConnector.java:doStop(383)) - Stopped ServerConnector@3949e65b{HTTP/1.1, (http/1.1)}{0.0.0.0:15040}
2023-06-06 14:27:33,617 [Time-limited test] INFO  server.session (HouseKeeper.java:stopScavenging(149)) - node0 Stopped scavenging
2023-06-06 14:27:33,617 [Time-limited test] INFO  handler.ContextHandler (ContextHandler.java:doStop(1159)) - Stopped o.e.j.s.ServletContextHandler@609f38e{static,/static,file:///home/runner/work/ozone/ozone/hadoop-ozone/integration-test/target/test-classes/webapps/static,STOPPED}
2023-06-06 14:27:33,618 [Time-limited test] INFO  handler.ContextHandler (ContextHandler.java:doStop(1159)) - Stopped o.e.j.s.ServletContextHandler@5aa4f416{logs,/logs,file:///home/runner/work/ozone/ozone/hadoop-ozone/integration-test/target/log,STOPPED}
2023-06-06 14:27:33,620 [Time-limited test] INFO  snapshot.SnapshotDiffManager (SnapshotDiffManager.java:closeExecutorService(1278)) - Shutting down executorService: 'SnapDiffExecutor'
2023-06-06 14:27:33,620 [Time-limited test] INFO  utils.BackgroundService (BackgroundService.java:shutdown(141)) - Shutting down service SnapshotDiffCleanupService
2023-06-06 14:27:33,621 [Time-limited test] INFO  ozone.MiniOzoneClusterImpl (MiniOzoneClusterImpl.java:stopDatanodes(522)) - Stopping the HddsDatanodes
2023-06-06 14:27:33,623 [Time-limited test] INFO  ozoneimpl.OzoneContainer (OzoneContainer.java:stop(420)) - Attempting to stop container services.
2023-06-06 14:27:33,623 [Time-limited test] INFO  server.RaftServer (RaftServerProxy.java:lambda$close$6(416)) - 868b0848-2738-4705-b64a-eadb58aadbd7: close
2023-06-06 14:27:33,623 [Time-limited test] INFO  server.GrpcService (GrpcService.java:closeImpl(311)) - 868b0848-2738-4705-b64a-eadb58aadbd7: shutdown server org.apache.ratis.grpc.server.GrpcClientProtocolService now
2023-06-06 14:27:33,623 [868b0848-2738-4705-b64a-eadb58aadbd7-impl-thread1] INFO  server.RaftServer$Division (RaftServerImpl.java:lambda$close$4(466)) - 868b0848-2738-4705-b64a-eadb58aadbd7@group-5B2F8EC0AA60: shutdown
2023-06-06 14:27:33,624 [868b0848-2738-4705-b64a-eadb58aadbd7-impl-thread1] INFO  util.JmxRegister (JmxRegister.java:unregister(73)) - Successfully un-registered JMX Bean with object name Ratis:service=RaftServer,group=group-5B2F8EC0AA60,id=868b0848-2738-4705-b64a-eadb58aadbd7
2023-06-06 14:27:33,624 [868b0848-2738-4705-b64a-eadb58aadbd7-impl-thread1] INFO  impl.RoleInfo (RoleInfo.java:shutdownLeaderState(93)) - 868b0848-2738-4705-b64a-eadb58aadbd7: shutdown 868b0848-2738-4705-b64a-eadb58aadbd7@group-5B2F8EC0AA60-LeaderStateImpl
2023-06-06 14:27:33,624 [868b0848-2738-4705-b64a-eadb58aadbd7-impl-thread1] INFO  impl.PendingRequests (PendingRequests.java:sendNotLeaderResponses(289)) - 868b0848-2738-4705-b64a-eadb58aadbd7@group-5B2F8EC0AA60-PendingRequests: sendNotLeaderResponses
2023-06-06 14:27:33,624 [Time-limited test] INFO  server.GrpcService (GrpcService.java:closeImpl(320)) - 868b0848-2738-4705-b64a-eadb58aadbd7: shutdown server org.apache.ratis.grpc.server.GrpcClientProtocolService successfully
2023-06-06 14:27:33,625 [Time-limited test] INFO  server.GrpcService (GrpcService.java:closeImpl(311)) - 868b0848-2738-4705-b64a-eadb58aadbd7: shutdown server GrpcServerProtocolService now
2023-06-06 14:27:33,632 [868b0848-2738-4705-b64a-eadb58aadbd7-impl-thread1] INFO  impl.StateMachineUpdater (StateMachineUpdater.java:stopAndJoin(155)) - 868b0848-2738-4705-b64a-eadb58aadbd7@group-5B2F8EC0AA60-StateMachineUpdater: set stopIndex = 52
2023-06-06 14:27:33,634 [868b0848-2738-4705-b64a-eadb58aadbd7@group-5B2F8EC0AA60-StateMachineUpdater] INFO  ratis.ContainerStateMachine (ContainerStateMachine.java:takeSnapshot(330)) - group-5B2F8EC0AA60: Taking a snapshot at:(t:1, i:52) file /home/runner/work/ozone/ozone/hadoop-ozone/integration-test/target/test-dir/MiniOzoneClusterImpl-38e7d764-c52f-4307-950c-b659d634ec50/datanode-0/data/ratis/ea832e13-c9a9-4b5e-920e-5b2f8ec0aa60/sm/snapshot.1_52
2023-06-06 14:27:33,636 [Time-limited test] INFO  server.GrpcService (GrpcService.java:closeImpl(320)) - 868b0848-2738-4705-b64a-eadb58aadbd7: shutdown server GrpcServerProtocolService successfully
2023-06-06 14:27:33,636 [Time-limited test] INFO  server.GrpcService (GrpcService.java:closeImpl(311)) - 868b0848-2738-4705-b64a-eadb58aadbd7: shutdown server org.apache.ratis.grpc.server.GrpcAdminProtocolService now
2023-06-06 14:27:33,636 [868b0848-2738-4705-b64a-eadb58aadbd7@group-5B2F8EC0AA60-StateMachineUpdater] INFO  ratis.ContainerStateMachine (ContainerStateMachine.java:takeSnapshot(341)) - group-5B2F8EC0AA60: Finished taking a snapshot at:(t:1, i:52) file:/home/runner/work/ozone/ozone/hadoop-ozone/integration-test/target/test-dir/MiniOzoneClusterImpl-38e7d764-c52f-4307-950c-b659d634ec50/datanode-0/data/ratis/ea832e13-c9a9-4b5e-920e-5b2f8ec0aa60/sm/snapshot.1_52 took: 3 ms
2023-06-06 14:27:33,637 [868b0848-2738-4705-b64a-eadb58aadbd7@group-5B2F8EC0AA60-StateMachineUpdater] INFO  impl.StateMachineUpdater (StateMachineUpdater.java:takeSnapshot(291)) - 868b0848-2738-4705-b64a-eadb58aadbd7@group-5B2F8EC0AA60-StateMachineUpdater: Took a snapshot at index 52
2023-06-06 14:27:33,637 [868b0848-2738-4705-b64a-eadb58aadbd7@group-5B2F8EC0AA60-StateMachineUpdater] INFO  impl.StateMachineUpdater (StateMachineUpdater.java:lambda$new$0(97)) - 868b0848-2738-4705-b64a-eadb58aadbd7@group-5B2F8EC0AA60-StateMachineUpdater: snapshotIndex: updateIncreasingly -1 -> 52
2023-06-06 14:27:33,637 [868b0848-2738-4705-b64a-eadb58aadbd7-impl-thread1] INFO  server.RaftServer$Division (ServerState.java:close(472)) - 868b0848-2738-4705-b64a-eadb58aadbd7@group-5B2F8EC0AA60: closes. applyIndex: 52
2023-06-06 14:27:33,638 [Time-limited test] INFO  server.GrpcService (GrpcService.java:closeImpl(320)) - 868b0848-2738-4705-b64a-eadb58aadbd7: shutdown server org.apache.ratis.grpc.server.GrpcAdminProtocolService successfully
2023-06-06 14:27:33,639 [868b0848-2738-4705-b64a-eadb58aadbd7-NettyServerStreamRpc-bossGroup--thread1] INFO  logging.LoggingHandler (AbstractInternalLogger.java:log(148)) - [id: 0xedf7b732, L:/0:0:0:0:0:0:0:0:15050] CLOSE
2023-06-06 14:27:33,639 [868b0848-2738-4705-b64a-eadb58aadbd7-NettyServerStreamRpc-bossGroup--thread1] INFO  logging.LoggingHandler (AbstractInternalLogger.java:log(148)) - [id: 0xedf7b732, L:/0:0:0:0:0:0:0:0:15050] INACTIVE
2023-06-06 14:27:33,639 [868b0848-2738-4705-b64a-eadb58aadbd7-NettyServerStreamRpc-bossGroup--thread1] INFO  logging.LoggingHandler (AbstractInternalLogger.java:log(148)) - [id: 0xedf7b732, L:/0:0:0:0:0:0:0:0:15050] UNREGISTERED
2023-06-06 14:27:34,604 [868b0848-2738-4705-b64a-eadb58aadbd7-impl-thread1] INFO  segmented.SegmentedRaftLogWorker (SegmentedRaftLogWorker.java:close(252)) - 868b0848-2738-4705-b64a-eadb58aadbd7@group-5B2F8EC0AA60-SegmentedRaftLogWorker close()
2023-06-06 14:27:34,605 [JvmPauseMonitor7] INFO  util.JvmPauseMonitor (JvmPauseMonitor.java:run(109)) - JvmPauseMonitor-868b0848-2738-4705-b64a-eadb58aadbd7: Stopped
2023-06-06 14:27:36,610 [Time-limited test] INFO  utils.DatanodeStoreCache (DatanodeStoreCache.java:shutdownCache(110)) - Skip clearing cache in mini cluster mode. Entries left: [/home/runner/work/ozone/ozone/hadoop-ozone/integration-test/target/test-dir/MiniOzoneClusterImpl-38e7d764-c52f-4307-950c-b659d634ec50/datanode-0/data-0/containers/hdds/38e7d764-c52f-4307-950c-b659d634ec50/DS-f8c79b1c-6fdd-4458-86f0-c0ba19c07774/container.db]
2023-06-06 14:27:36,614 [Time-limited test] INFO  utils.DatanodeStoreCache (DatanodeStoreCache.java:removeDB(104)) - Removed db /home/runner/work/ozone/ozone/hadoop-ozone/integration-test/target/test-dir/MiniOzoneClusterImpl-38e7d764-c52f-4307-950c-b659d634ec50/datanode-0/data-0/containers/hdds/38e7d764-c52f-4307-950c-b659d634ec50/DS-f8c79b1c-6fdd-4458-86f0-c0ba19c07774/container.db from cache
2023-06-06 14:27:36,614 [Time-limited test] INFO  volume.HddsVolume (HddsVolume.java:closeDbStore(437)) - SchemaV3 db is stopped at /home/runner/work/ozone/ozone/hadoop-ozone/integration-test/target/test-dir/MiniOzoneClusterImpl-38e7d764-c52f-4307-950c-b659d634ec50/datanode-0/data-0/containers/hdds/38e7d764-c52f-4307-950c-b659d634ec50/DS-f8c79b1c-6fdd-4458-86f0-c0ba19c07774/container.db for volume DS-f8c79b1c-6fdd-4458-86f0-c0ba19c07774
2023-06-06 14:27:36,614 [Time-limited test] INFO  utils.BackgroundService (BackgroundService.java:shutdown(141)) - Shutting down service BlockDeletingService
2023-06-06 14:27:36,615 [Time-limited test] INFO  utils.BackgroundService (BackgroundService.java:shutdown(141)) - Shutting down service StaleRecoveringContainerScrubbingService
2023-06-06 14:27:36,618 [Time-limited test] INFO  statemachine.DatanodeStateMachine (DatanodeStateMachine.java:stopDaemon(605)) - Ozone container server stopped.
2023-06-06 14:27:36,626 [Time-limited test] INFO  handler.ContextHandler (ContextHandler.java:doStop(1159)) - Stopped o.e.j.w.WebAppContext@aa38788{hddsDatanode,/,null,STOPPED}{jar:file:/home/runner/.m2/repository/org/apache/ozone/hdds-container-service/1.4.0-SNAPSHOT/hdds-container-service-1.4.0-SNAPSHOT.jar!/webapps/hddsDatanode}
2023-06-06 14:27:36,627 [Time-limited test] INFO  server.AbstractConnector (AbstractConnector.java:doStop(383)) - Stopped ServerConnector@7f462437{HTTP/1.1, (http/1.1)}{0.0.0.0:15044}
2023-06-06 14:27:36,627 [Time-limited test] INFO  server.session (HouseKeeper.java:stopScavenging(149)) - node0 Stopped scavenging
2023-06-06 14:27:36,627 [Time-limited test] INFO  handler.ContextHandler (ContextHandler.java:doStop(1159)) - Stopped o.e.j.s.ServletContextHandler@580283d3{static,/static,jar:file:/home/runner/.m2/repository/org/apache/ozone/hdds-container-service/1.4.0-SNAPSHOT/hdds-container-service-1.4.0-SNAPSHOT.jar!/webapps/static,STOPPED}
2023-06-06 14:27:36,628 [Time-limited test] INFO  handler.ContextHandler (ContextHandler.java:doStop(1159)) - Stopped o.e.j.s.ServletContextHandler@6c225dc1{logs,/logs,file:///home/runner/work/ozone/ozone/hadoop-ozone/integration-test/target/log,STOPPED}
2023-06-06 14:27:36,628 [Time-limited test] INFO  ozone.HddsDatanodeClientProtocolServer (HddsDatanodeClientProtocolServer.java:stop(89)) - Stopping the RPC server for Client Protocol
2023-06-06 14:27:36,628 [Time-limited test] INFO  ipc.Server (Server.java:stop(3501)) - Stopping server on 15045
2023-06-06 14:27:36,629 [IPC Server listener on 15045] INFO  ipc.Server (Server.java:run(1430)) - Stopping IPC Server listener on 15045
2023-06-06 14:27:36,629 [IPC Server Responder] INFO  ipc.Server (Server.java:run(1563)) - Stopping IPC Server Responder
2023-06-06 14:27:36,630 [Time-limited test] INFO  ozone.MiniOzoneClusterImpl (MiniOzoneClusterImpl.java:stopSCM(537)) - Stopping the StorageContainerManager
2023-06-06 14:27:36,630 [Time-limited test] INFO  server.StorageContainerManager (StorageContainerManager.java:stop(1562)) - Container Balancer is not running.
2023-06-06 14:27:36,631 [Time-limited test] INFO  server.StorageContainerManager (StorageContainerManager.java:stopReplicationManager(1693)) - Stopping Replication Manager Service.
2023-06-06 14:27:36,631 [Time-limited test] INFO  replication.ReplicationManager (ReplicationManager.java:stop(332)) - Stopping Replication Monitor Thread.
2023-06-06 14:27:36,631 [Under Replicated Processor] WARN  replication.UnhealthyReplicationProcessor (UnhealthyReplicationProcessor.java:run(167)) - Under Replicated Processor interrupted. Exiting...
2023-06-06 14:27:36,631 [ReplicationMonitor] INFO  replication.ReplicationManager (ReplicationManager.java:run(938)) - Replication Monitor Thread is stopped
2023-06-06 14:27:36,631 [Over Replicated Processor] WARN  replication.UnhealthyReplicationProcessor (UnhealthyReplicationProcessor.java:run(167)) - Over Replicated Processor interrupted. Exiting...
2023-06-06 14:27:36,631 [Time-limited test] INFO  server.StorageContainerManager (StorageContainerManager.java:stop(1571)) - Stopping the Datanode Admin Monitor.
2023-06-06 14:27:36,631 [Time-limited test] INFO  server.StorageContainerManager (StorageContainerManager.java:stop(1578)) - Stopping datanode service RPC server
2023-06-06 14:27:36,631 [Time-limited test] INFO  server.SCMDatanodeProtocolServer (SCMDatanodeProtocolServer.java:stop(424)) - Stopping the RPC server for DataNodes
2023-06-06 14:27:36,631 [Time-limited test] INFO  ipc.Server (Server.java:stop(3501)) - Stopping server on 15037
2023-06-06 14:27:36,633 [IPC Server listener on 15037] INFO  ipc.Server (Server.java:run(1430)) - Stopping IPC Server listener on 15037
2023-06-06 14:27:36,638 [IPC Server Responder] INFO  ipc.Server (Server.java:run(1563)) - Stopping IPC Server Responder
2023-06-06 14:27:39,228 [SCM Heartbeat Processing Thread - 0] WARN  node.NodeStateManager (NodeStateManager.java:scheduleNextHealthCheck(870)) - Current Thread is interrupted, shutting down HB processing thread for Node Manager.
2023-06-06 14:27:39,229 [Time-limited test] INFO  server.StorageContainerManager (StorageContainerManager.java:stop(1586)) - Stopping block service RPC server
2023-06-06 14:27:39,229 [Time-limited test] INFO  server.SCMBlockProtocolServer (SCMBlockProtocolServer.java:stop(161)) - Stopping the RPC server for Block Protocol
2023-06-06 14:27:39,229 [Time-limited test] INFO  ipc.Server (Server.java:stop(3501)) - Stopping server on 15036
2023-06-06 14:27:39,232 [IPC Server Responder] INFO  ipc.Server (Server.java:run(1563)) - Stopping IPC Server Responder
2023-06-06 14:27:39,232 [Time-limited test] INFO  server.StorageContainerManager (StorageContainerManager.java:stop(1593)) - Stopping the StorageContainerLocationProtocol RPC server
2023-06-06 14:27:39,232 [IPC Server listener on 15036] INFO  ipc.Server (Server.java:run(1430)) - Stopping IPC Server listener on 15036
2023-06-06 14:27:39,232 [Time-limited test] INFO  server.SCMClientProtocolServer (SCMClientProtocolServer.java:stop(208)) - Stopping the RPC server for Client Protocol
2023-06-06 14:27:39,232 [Time-limited test] INFO  ipc.Server (Server.java:stop(3501)) - Stopping server on 15035
2023-06-06 14:27:39,234 [IPC Server Responder] INFO  ipc.Server (Server.java:run(1563)) - Stopping IPC Server Responder
2023-06-06 14:27:39,234 [Time-limited test] INFO  server.StorageContainerManager (StorageContainerManager.java:stop(1600)) - Stopping Storage Container Manager HTTP server.
2023-06-06 14:27:39,235 [IPC Server listener on 15035] INFO  ipc.Server (Server.java:run(1430)) - Stopping IPC Server listener on 15035
2023-06-06 14:27:39,235 [Time-limited test] INFO  handler.ContextHandler (ContextHandler.java:doStop(1159)) - Stopped o.e.j.w.WebAppContext@f3d6a5b{scm,/,null,STOPPED}{file:/home/runner/work/ozone/ozone/hadoop-ozone/integration-test/target/test-classes/webapps/scm}
2023-06-06 14:27:39,236 [Time-limited test] INFO  server.AbstractConnector (AbstractConnector.java:doStop(383)) - Stopped ServerConnector@55926bb2{HTTP/1.1, (http/1.1)}{0.0.0.0:15038}
2023-06-06 14:27:39,236 [Time-limited test] INFO  server.session (HouseKeeper.java:stopScavenging(149)) - node0 Stopped scavenging
2023-06-06 14:27:39,236 [Time-limited test] INFO  handler.ContextHandler (ContextHandler.java:doStop(1159)) - Stopped o.e.j.s.ServletContextHandler@1c310854{static,/static,file:///home/runner/work/ozone/ozone/hadoop-ozone/integration-test/target/test-classes/webapps/static,STOPPED}
2023-06-06 14:27:39,236 [Time-limited test] INFO  handler.ContextHandler (ContextHandler.java:doStop(1159)) - Stopped o.e.j.s.ServletContextHandler@d1ead48{logs,/logs,file:///home/runner/work/ozone/ozone/hadoop-ozone/integration-test/target/log,STOPPED}
2023-06-06 14:27:39,237 [Time-limited test] INFO  server.StorageContainerManager (StorageContainerManager.java:stop(1608)) - Stopping SCM LayoutVersionManager Service.
2023-06-06 14:27:39,237 [Time-limited test] INFO  server.StorageContainerManager (StorageContainerManager.java:stop(1616)) - Stopping Block Manager Service.
2023-06-06 14:27:39,237 [Time-limited test] INFO  utils.BackgroundService (BackgroundService.java:shutdown(141)) - Shutting down service SCMBlockDeletingService
2023-06-06 14:27:39,237 [Time-limited test] INFO  utils.BackgroundService (BackgroundService.java:shutdown(141)) - Shutting down service SCMBlockDeletingService
2023-06-06 14:27:39,237 [Time-limited test] INFO  server.StorageContainerManager (StorageContainerManager.java:stop(1638)) - Stopping SCM Event Queue.
2023-06-06 14:27:39,238 [JvmPauseMonitor5] INFO  util.JvmPauseMonitor (JvmPauseMonitor.java:run(109)) - JvmPauseMonitor-5eb89081-cdec-4880-ba96-c1f1f3bef49d: Stopped
2023-06-06 14:27:39,238 [Time-limited test] INFO  server.StorageContainerManager (StorageContainerManager.java:stop(1649)) - Stopping SCM HA services.
2023-06-06 14:27:39,238 [Time-limited test] INFO  pipeline.BackgroundPipelineCreator (BackgroundPipelineCreator.java:stop(149)) - Stopping RatisPipelineUtilsThread.
2023-06-06 14:27:39,239 [RatisPipelineUtilsThread - 0] WARN  pipeline.BackgroundPipelineCreator (BackgroundPipelineCreator.java:run(180)) - RatisPipelineUtilsThread is interrupted.
2023-06-06 14:27:39,239 [Time-limited test] INFO  BackgroundPipelineScrubber (BackgroundSCMService.java:stop(131)) - Stopping BackgroundPipelineScrubber Service.
2023-06-06 14:27:39,239 [BackgroundPipelineScrubberThread] WARN  BackgroundPipelineScrubber (BackgroundSCMService.java:run(115)) - BackgroundPipelineScrubber is interrupted, exit
2023-06-06 14:27:39,239 [Time-limited test] INFO  impl.MetricsSystemImpl (MetricsSystemImpl.java:stop(210)) - Stopping HddsDatanode metrics system...
2023-06-06 14:27:39,241 [prometheus] INFO  impl.MetricsSinkAdapter (MetricsSinkAdapter.java:publishMetricsFromQueue(141)) - prometheus thread interrupted.
2023-06-06 14:27:39,241 [Time-limited test] INFO  impl.MetricsSystemImpl (MetricsSystemImpl.java:stop(216)) - HddsDatanode metrics system stopped.
2023-06-06 14:27:39,242 [Time-limited test] WARN  pipeline.BackgroundPipelineCreator (BackgroundPipelineCreator.java:stop(145)) - RatisPipelineUtilsThread is not running, just ignore.
2023-06-06 14:27:39,242 [Time-limited test] INFO  BackgroundPipelineScrubber (BackgroundSCMService.java:stop(126)) - BackgroundPipelineScrubber Service is not running, skip stop.
2023-06-06 14:27:39,242 [Time-limited test] INFO  ExpiredContainerReplicaOpScrubber (BackgroundSCMService.java:stop(131)) - Stopping ExpiredContainerReplicaOpScrubber Service.
2023-06-06 14:27:39,242 [ExpiredContainerReplicaOpScrubberThread] WARN  ExpiredContainerReplicaOpScrubber (BackgroundSCMService.java:run(115)) - ExpiredContainerReplicaOpScrubber is interrupted, exit
2023-06-06 14:27:39,242 [Time-limited test] INFO  utils.BackgroundService (BackgroundService.java:shutdown(141)) - Shutting down service SCMBlockDeletingService
2023-06-06 14:27:39,243 [Time-limited test] INFO  replication.ReplicationManager (ReplicationManager.java:stop(342)) - Replication Monitor Thread is not running.
2023-06-06 14:27:39,243 [Time-limited test] WARN  balancer.ContainerBalancer (ContainerBalancer.java:stop(328)) - Cannot stop Container Balancer because it's not running or stopping
2023-06-06 14:27:39,243 [Time-limited test] INFO  server.StorageContainerManager (StorageContainerManager.java:stop(1684)) - Stopping SCM MetadataStore.
2023-06-06 14:27:39,243 [Lease Manager-LeaseManager#LeaseMonitor] WARN  lease.LeaseManager (LeaseManager.java:run(272)) - Lease manager is interrupted. Shutting down...
java.lang.InterruptedException
	at java.util.concurrent.locks.AbstractQueuedSynchronizer.doAcquireSharedNanos(AbstractQueuedSynchronizer.java:1039)
	at java.util.concurrent.locks.AbstractQueuedSynchronizer.tryAcquireSharedNanos(AbstractQueuedSynchronizer.java:1328)
	at java.util.concurrent.Semaphore.tryAcquire(Semaphore.java:409)
	at org.apache.hadoop.ozone.lease.LeaseManager$LeaseMonitor.run(LeaseManager.java:270)
	at java.lang.Thread.run(Thread.java:750)
]]></system-out>
  </testcase>
  <testcase name="testSCMReinitialization" classname="org.apache.hadoop.ozone.TestStorageContainerManager" time="18.121">
    <system-out><![CDATA[2023-06-06 14:27:39,275 [Time-limited test] WARN  server.ServerUtils (ServerUtils.java:getScmDbDir(155)) - ozone.scm.db.dirs is not configured. We recommend adding this setting. Falling back to ozone.metadata.dirs instead.
2023-06-06 14:27:39,277 [Time-limited test] WARN  server.ServerUtils (ServerUtils.java:getScmDbDir(155)) - ozone.scm.db.dirs is not configured. We recommend adding this setting. Falling back to ozone.metadata.dirs instead.
2023-06-06 14:27:39,277 [Time-limited test] INFO  ha.SCMHANodeDetails (SCMHANodeDetails.java:loadSCMHAConfig(209)) - ServiceID for StorageContainerManager is null
2023-06-06 14:27:39,277 [Time-limited test] WARN  ha.SCMHANodeDetails (SCMHANodeDetails.java:validateSCMHAConfig(182)) - Invalid config ozone.scm.ratis.enable. The config was not specified, but the default value true conflicts with the expected config value false. Falling back to the expected value. Current State of SCM: SCM is running in Non-HA without Ratis Ratis SCM -> Non Ratis SCM or Non HA SCM -> HA SCM is not supported
2023-06-06 14:27:39,277 [Time-limited test] INFO  ha.SCMHANodeDetails (SCMHANodeDetails.java:loadSCMHAConfig(214)) - ozone.scm.default.service.id is not defined, falling back to ozone.scm.service.ids to find serviceID for StorageContainerManager if it is HA enabled cluster
2023-06-06 14:27:39,278 [Time-limited test] WARN  utils.HAUtils (HAUtils.java:getMetaDir(352)) - ozone.scm.db.dirs is not configured. We recommend adding this setting. Falling back to ozone.metadata.dirs instead.
2023-06-06 14:27:39,278 [Time-limited test] WARN  db.DBStoreBuilder (DBStoreBuilder.java:applyDBDefinition(165)) - ozone.scm.db.dirs is not configured. We recommend adding this setting. Falling back to ozone.metadata.dirs instead.
2023-06-06 14:27:39,366 [Time-limited test] INFO  net.NodeSchemaLoader (NodeSchemaLoader.java:loadSchemaFromFile(129)) - Loading schema from [jar:file:/home/runner/.m2/repository/org/apache/ozone/hdds-common/1.4.0-SNAPSHOT/hdds-common-1.4.0-SNAPSHOT.jar!/network-topology-default.xml]
2023-06-06 14:27:39,366 [Time-limited test] INFO  net.NodeSchemaLoader (NodeSchemaLoader.java:loadSchema(176)) - Loading network topology layer schema file
2023-06-06 14:27:39,368 [Time-limited test] INFO  upgrade.AbstractLayoutVersionManager (AbstractLayoutVersionManager.java:init(83)) - Initializing Layout version manager with metadata layout = HADOOP_PRC_PORTS_IN_DATANODEDETAILS (version = 7), software layout = HADOOP_PRC_PORTS_IN_DATANODEDETAILS (version = 7)
2023-06-06 14:27:39,369 [Time-limited test] INFO  ha.SequenceIdGenerator (SequenceIdGenerator.java:upgradeToSequenceId(349)) - upgrade localId to 111677748019200000
2023-06-06 14:27:39,369 [Time-limited test] INFO  ha.SequenceIdGenerator (SequenceIdGenerator.java:upgradeToSequenceId(359)) - upgrade delTxnId to 0
2023-06-06 14:27:39,370 [Time-limited test] INFO  ha.SequenceIdGenerator (SequenceIdGenerator.java:upgradeToSequenceId(376)) - upgrade containerId to 0
2023-06-06 14:27:39,370 [Time-limited test] INFO  ha.SequenceIdGenerator (SequenceIdGenerator.java:<init>(220)) - Init the HA SequenceIdGenerator.
2023-06-06 14:27:39,370 [Time-limited test] WARN  server.ServerUtils (ServerUtils.java:sanitizeUserArgs(80)) - ozone.scm.stale.node.interval value = 300000 is larger than max = 100000 based on the key value of ozone.scm.heartbeat.thread.interval, reset to the max value 100000.
2023-06-06 14:27:39,370 [Time-limited test] WARN  server.ServerUtils (ServerUtils.java:sanitizeUserArgs(80)) - ozone.scm.stale.node.interval value = 300000 is larger than max = 100000 based on the key value of ozone.scm.heartbeat.thread.interval, reset to the max value 100000.
2023-06-06 14:27:39,371 [Time-limited test] INFO  node.SCMNodeManager (SCMNodeManager.java:<init>(159)) - Entering startup safe mode.
2023-06-06 14:27:39,371 [Time-limited test] INFO  algorithms.ContainerPlacementPolicyFactory (ContainerPlacementPolicyFactory.java:getPolicyInternal(86)) - Create container placement policy of type org.apache.hadoop.hdds.scm.container.placement.algorithms.SCMContainerPlacementRackAware
2023-06-06 14:27:39,371 [Time-limited test] INFO  algorithms.ContainerPlacementPolicyFactory (ContainerPlacementPolicyFactory.java:getPolicyInternal(86)) - Create container placement policy of type org.apache.hadoop.hdds.scm.container.placement.algorithms.SCMContainerPlacementRackScatter
2023-06-06 14:27:39,371 [Time-limited test] INFO  pipeline.PipelineStateManagerImpl (PipelineStateManagerImpl.java:initialize(78)) - No pipeline exists in current db
2023-06-06 14:27:39,371 [Time-limited test] INFO  algorithms.LeaderChoosePolicyFactory (LeaderChoosePolicyFactory.java:getPolicy(57)) - Create leader choose policy of type org.apache.hadoop.hdds.scm.pipeline.leader.choose.algorithms.MinLeaderCountChoosePolicy
2023-06-06 14:27:39,371 [Time-limited test] INFO  algorithms.ContainerPlacementPolicyFactory (ContainerPlacementPolicyFactory.java:getPolicyInternal(86)) - Create container placement policy of type org.apache.hadoop.hdds.scm.container.placement.algorithms.SCMContainerPlacementRackScatter
2023-06-06 14:27:39,372 [Time-limited test] INFO  ha.SCMServiceManager (SCMServiceManager.java:register(42)) - Registering service BackgroundPipelineCreator.
2023-06-06 14:27:39,372 [Time-limited test] INFO  pipeline.BackgroundPipelineCreator (BackgroundPipelineCreator.java:start(124)) - Starting RatisPipelineUtilsThread.
2023-06-06 14:27:39,372 [Time-limited test] INFO  BackgroundPipelineScrubber (BackgroundSCMService.java:start(68)) - Starting BackgroundPipelineScrubber Service.
2023-06-06 14:27:39,372 [Time-limited test] INFO  ha.SCMServiceManager (SCMServiceManager.java:register(42)) - Registering service BackgroundPipelineScrubber.
2023-06-06 14:27:39,372 [Time-limited test] INFO  ExpiredContainerReplicaOpScrubber (BackgroundSCMService.java:start(68)) - Starting ExpiredContainerReplicaOpScrubber Service.
2023-06-06 14:27:39,372 [Time-limited test] INFO  ha.SCMServiceManager (SCMServiceManager.java:register(42)) - Registering service ExpiredContainerReplicaOpScrubber.
2023-06-06 14:27:39,373 [Time-limited test] INFO  algorithms.PipelineChoosePolicyFactory (PipelineChoosePolicyFactory.java:createPipelineChoosePolicyFromClass(73)) - Create pipeline choose policy of type org.apache.hadoop.hdds.scm.pipeline.choose.algorithms.RandomPipelineChoosePolicy
2023-06-06 14:27:39,374 [Time-limited test] INFO  ha.SCMServiceManager (SCMServiceManager.java:register(42)) - Registering service SCMBlockDeletingService.
2023-06-06 14:27:39,374 [Time-limited test] INFO  replication.ReplicationManager (ReplicationManager.java:start(299)) - Starting Replication Monitor Thread.
2023-06-06 14:27:39,378 [Time-limited test] INFO  ha.SCMServiceManager (SCMServiceManager.java:register(42)) - Registering service ReplicationManager.
2023-06-06 14:27:39,378 [ReplicationMonitor] INFO  replication.ReplicationManager (ReplicationManager.java:processAll(374)) - Replication Manager is not ready to run until 3000ms after safemode exit
2023-06-06 14:27:39,378 [Time-limited test] INFO  safemode.ContainerSafeModeRule (ContainerSafeModeRule.java:<init>(89)) - containers with one replica threshold count 0
2023-06-06 14:27:39,378 [Time-limited test] INFO  safemode.HealthyPipelineSafeModeRule (HealthyPipelineSafeModeRule.java:initializeRule(169)) - Total pipeline count is 0, healthy pipeline threshold count is 1
2023-06-06 14:27:39,378 [Time-limited test] INFO  safemode.OneReplicaPipelineSafeModeRule (OneReplicaPipelineSafeModeRule.java:initializeRule(180)) - Total pipeline count is 0, pipeline's with at least one datanode reported threshold count is 0
2023-06-06 14:27:39,379 [Time-limited test] INFO  server.StorageContainerManager (StorageContainerManager.java:<init>(404)) - SCM start with adminUsers: [runner]
2023-06-06 14:27:39,380 [Time-limited test] INFO  ipc.CallQueueManager (CallQueueManager.java:<init>(90)) - Using callQueue: class java.util.concurrent.LinkedBlockingQueue, queueCapacity: 2000, scheduler: class org.apache.hadoop.ipc.DefaultRpcScheduler, ipcBackoff: false.
2023-06-06 14:27:39,380 [Socket Reader #1 for port 15054] INFO  ipc.Server (Server.java:run(1319)) - Starting Socket Reader #1 for port 15054
2023-06-06 14:27:39,381 [Listener at 0.0.0.0/15054] INFO  hdds.HddsUtils (HddsUtils.java:preserveThreadName(843)) - Restoring thread name: Time-limited test
2023-06-06 14:27:39,381 [Time-limited test] INFO  ipc.CallQueueManager (CallQueueManager.java:<init>(90)) - Using callQueue: class java.util.concurrent.LinkedBlockingQueue, queueCapacity: 2000, scheduler: class org.apache.hadoop.ipc.DefaultRpcScheduler, ipcBackoff: false.
2023-06-06 14:27:39,382 [Socket Reader #1 for port 15053] INFO  ipc.Server (Server.java:run(1319)) - Starting Socket Reader #1 for port 15053
2023-06-06 14:27:39,388 [Listener at 0.0.0.0/15053] INFO  hdds.HddsUtils (HddsUtils.java:preserveThreadName(843)) - Restoring thread name: Time-limited test
2023-06-06 14:27:39,388 [Time-limited test] INFO  ipc.CallQueueManager (CallQueueManager.java:<init>(90)) - Using callQueue: class java.util.concurrent.LinkedBlockingQueue, queueCapacity: 2000, scheduler: class org.apache.hadoop.ipc.DefaultRpcScheduler, ipcBackoff: false.
2023-06-06 14:27:39,390 [Socket Reader #1 for port 15052] INFO  ipc.Server (Server.java:run(1319)) - Starting Socket Reader #1 for port 15052
2023-06-06 14:27:39,391 [Listener at 0.0.0.0/15052] INFO  hdds.HddsUtils (HddsUtils.java:preserveThreadName(843)) - Restoring thread name: Time-limited test
2023-06-06 14:27:39,396 [Time-limited test] INFO  ha.SCMServiceManager (SCMServiceManager.java:register(42)) - Registering service ContainerBalancer.
2023-06-06 14:27:39,396 [Time-limited test] INFO  server.StorageContainerManager (StorageContainerManager.java:<init>(416)) - 
Container Balancer status:
Key                            Value
Running                        false
Container Balancer Configuration values:
Key                                                Value
Threshold                                          10
Max Datanodes to Involve per Iteration(percent)    20
Max Size to Move per Iteration                     500GB
Max Size Entering Target per Iteration             26GB
Max Size Leaving Source per Iteration              26GB

2023-06-06 14:27:39,396 [Time-limited test] INFO  ha.SCMContext (SCMContext.java:updateSafeModeStatus(228)) - Update SafeModeStatus from SafeModeStatus{safeModeStatus=true, preCheckPassed=false} to SafeModeStatus{safeModeStatus=true, preCheckPassed=false}.
2023-06-06 14:27:39,396 [Time-limited test] INFO  server.StorageContainerManager (StorageContainerManager.java:start(1468)) - StorageContainerLocationProtocol RPC server is listening at /0.0.0.0:15052
2023-06-06 14:27:39,398 [Time-limited test] WARN  impl.MetricsConfig (MetricsConfig.java:loadFirst(136)) - Cannot locate configuration: tried hadoop-metrics2-storagecontainermanager.properties,hadoop-metrics2.properties
2023-06-06 14:27:39,399 [Time-limited test] INFO  impl.MetricsSystemImpl (MetricsSystemImpl.java:startTimer(378)) - Scheduled Metric snapshot period at 10 second(s).
2023-06-06 14:27:39,399 [Time-limited test] INFO  impl.MetricsSystemImpl (MetricsSystemImpl.java:start(191)) - StorageContainerManager metrics system started
2023-06-06 14:27:39,421 [Time-limited test] INFO  impl.MetricsSinkAdapter (MetricsSinkAdapter.java:start(204)) - Sink prometheus started
2023-06-06 14:27:39,422 [Time-limited test] INFO  impl.MetricsSystemImpl (MetricsSystemImpl.java:registerSink(305)) - Registered sink prometheus
2023-06-06 14:27:39,437 [Time-limited test] INFO  server.SCMClientProtocolServer (SCMClientProtocolServer.java:start(199)) - RPC server for Client  is listening at /0.0.0.0:15052
2023-06-06 14:27:39,441 [IPC Server Responder] INFO  ipc.Server (Server.java:run(1558)) - IPC Server Responder: starting
2023-06-06 14:27:39,442 [IPC Server listener on 15052] INFO  ipc.Server (Server.java:run(1398)) - IPC Server listener on 15052: starting
2023-06-06 14:27:39,453 [Time-limited test] INFO  server.StorageContainerManager (StorageContainerManager.java:start(1482)) - ScmBlockLocationProtocol RPC server is listening at /0.0.0.0:15053
2023-06-06 14:27:39,454 [Time-limited test] INFO  server.SCMBlockProtocolServer (SCMBlockProtocolServer.java:start(152)) - RPC server for Block Protocol is listening at /0.0.0.0:15053
2023-06-06 14:27:39,454 [IPC Server Responder] INFO  ipc.Server (Server.java:run(1558)) - IPC Server Responder: starting
2023-06-06 14:27:39,454 [IPC Server listener on 15053] INFO  ipc.Server (Server.java:run(1398)) - IPC Server listener on 15053: starting
2023-06-06 14:27:39,464 [Time-limited test] INFO  server.SCMDatanodeProtocolServer (SCMDatanodeProtocolServer.java:start(193)) - ScmDatanodeProtocol RPC server for DataNodes is listening at /0.0.0.0:15054
2023-06-06 14:27:39,464 [IPC Server Responder] INFO  ipc.Server (Server.java:run(1558)) - IPC Server Responder: starting
2023-06-06 14:27:39,465 [IPC Server listener on 15054] INFO  ipc.Server (Server.java:run(1398)) - IPC Server listener on 15054: starting
2023-06-06 14:27:39,478 [Time-limited test] INFO  http.BaseHttpServer (BaseHttpServer.java:newHttpServer2BuilderForOzone(224)) - Starting Web-server for scm at: http://0.0.0.0:15055
2023-06-06 14:27:39,479 [Time-limited test] INFO  http.BaseHttpServer (BaseHttpServer.java:<init>(111)) - Hadoop Security Enabled: false Ozone Security Enabled: false Ozone HTTP Security Enabled: false 
2023-06-06 14:27:39,480 [Time-limited test] WARN  server.AuthenticationFilter (AuthenticationFilter.java:constructSecretProvider(240)) - Unable to initialize FileSignerSecretProvider, falling back to use random secrets. Reason: Could not read signature secret file: /home/runner/hadoop-http-auth-signature-secret
2023-06-06 14:27:39,482 [JvmPauseMonitor8] INFO  util.JvmPauseMonitor (JvmPauseMonitor.java:run(103)) - JvmPauseMonitor-b3620f31-0fc7-40c6-9562-1107ca5b621a: Started
2023-06-06 14:27:39,483 [Time-limited test] INFO  http.HttpRequestLog (HttpRequestLog.java:getRequestLog(86)) - Http request log for http.requests.scm is not defined
2023-06-06 14:27:39,485 [Time-limited test] INFO  http.HttpServer2 (HttpServer2.java:addGlobalFilter(1031)) - Added global filter 'safety' (class=org.apache.hadoop.hdds.server.http.HttpServer2$QuotingInputFilter)
2023-06-06 14:27:39,486 [Time-limited test] INFO  http.HttpServer2 (HttpServer2.java:addFilter(1007)) - Added filter static_user_filter (class=org.apache.hadoop.http.lib.StaticUserWebFilter$StaticUserFilter) to context scm
2023-06-06 14:27:39,486 [Time-limited test] INFO  http.HttpServer2 (HttpServer2.java:addFilter(1015)) - Added filter static_user_filter (class=org.apache.hadoop.http.lib.StaticUserWebFilter$StaticUserFilter) to context static
2023-06-06 14:27:39,486 [Time-limited test] INFO  http.HttpServer2 (HttpServer2.java:addFilter(1015)) - Added filter static_user_filter (class=org.apache.hadoop.http.lib.StaticUserWebFilter$StaticUserFilter) to context logs
2023-06-06 14:27:39,487 [Time-limited test] INFO  http.BaseHttpServer (BaseHttpServer.java:<init>(190)) - HTTP server of scm uses base directory /home/runner/work/ozone/ozone/hadoop-ozone/integration-test/target/test-dir/MiniOzoneClusterImpl-0067d30e-4f89-4c9b-b2b0-188d8bbd32e4/ozone-meta/webserver
2023-06-06 14:27:39,487 [Time-limited test] INFO  http.HttpServer2 (HttpServer2.java:bindListener(1250)) - Jetty bound to port 15055
2023-06-06 14:27:39,487 [Time-limited test] INFO  server.Server (Server.java:doStart(375)) - jetty-9.4.51.v20230217; built: 2023-02-17T08:19:37.309Z; git: b45c405e4544384de066f814ed42ae3dceacdd49; jvm 1.8.0_372-b07
2023-06-06 14:27:39,488 [Time-limited test] INFO  server.session (DefaultSessionIdManager.java:doStart(334)) - DefaultSessionIdManager workerName=node0
2023-06-06 14:27:39,489 [Time-limited test] INFO  server.session (DefaultSessionIdManager.java:doStart(339)) - No SessionScavenger set, using defaults
2023-06-06 14:27:39,489 [Time-limited test] INFO  server.session (HouseKeeper.java:startScavenging(132)) - node0 Scavenging every 600000ms
2023-06-06 14:27:39,490 [Time-limited test] INFO  handler.ContextHandler (ContextHandler.java:doStart(921)) - Started o.e.j.s.ServletContextHandler@4ed8f743{logs,/logs,file:///home/runner/work/ozone/ozone/hadoop-ozone/integration-test/target/log,AVAILABLE}
2023-06-06 14:27:39,490 [Time-limited test] INFO  handler.ContextHandler (ContextHandler.java:doStart(921)) - Started o.e.j.s.ServletContextHandler@2da5ecc6{static,/static,file:///home/runner/work/ozone/ozone/hadoop-ozone/integration-test/target/test-classes/webapps/static,AVAILABLE}
2023-06-06 14:27:39,493 [Time-limited test] INFO  handler.ContextHandler (ContextHandler.java:doStart(921)) - Started o.e.j.w.WebAppContext@59d1dab9{scm,/,file:///home/runner/work/ozone/ozone/hadoop-ozone/integration-test/target/test-classes/webapps/scm/,AVAILABLE}{file:/home/runner/work/ozone/ozone/hadoop-ozone/integration-test/target/test-classes/webapps/scm}
2023-06-06 14:27:39,494 [Time-limited test] INFO  server.AbstractConnector (AbstractConnector.java:doStart(333)) - Started ServerConnector@268a1f35{HTTP/1.1, (http/1.1)}{0.0.0.0:15055}
2023-06-06 14:27:39,494 [Time-limited test] INFO  server.Server (Server.java:doStart(415)) - Started @68616ms
2023-06-06 14:27:39,494 [Time-limited test] WARN  impl.MetricsSystemImpl (MetricsSystemImpl.java:register(279)) - Sink prometheus already exists!
2023-06-06 14:27:39,494 [Time-limited test] INFO  http.BaseHttpServer (BaseHttpServer.java:updateConnectorAddress(344)) - HTTP server of scm listening at http://0.0.0.0:15055
2023-06-06 14:27:39,495 [Time-limited test] WARN  server.ServerUtils (ServerUtils.java:getDBPath(311)) - ozone.om.db.dirs is not configured. We recommend adding this setting. Falling back to ozone.metadata.dirs instead.
2023-06-06 14:27:39,496 [Time-limited test] INFO  ha.OMHANodeDetails (OMHANodeDetails.java:loadOMHAConfig(115)) - ozone.om.internal.service.id is not defined, falling back to ozone.om.service.ids to find serviceID for OzoneManager if it is HA enabled cluster
2023-06-06 14:27:39,496 [Time-limited test] INFO  ha.OMHANodeDetails (OMHANodeDetails.java:loadOMHAConfig(226)) - Configuration does not have ozone.om.address set. Falling back to the default OM address /127.0.0.1:15056
2023-06-06 14:27:39,496 [Time-limited test] INFO  ha.OMHANodeDetails (OMHANodeDetails.java:getOMNodeDetailsForNonHA(254)) - OM Service ID is not set. Setting it to the default ID: omServiceIdDefault
2023-06-06 14:27:39,496 [Time-limited test] INFO  ha.OMHANodeDetails (OMHANodeDetails.java:getOMNodeDetailsForNonHA(261)) - OM Node ID is not set. Setting it to the default ID: om1
2023-06-06 14:27:39,497 [Time-limited test] WARN  server.ServerUtils (ServerUtils.java:getDBPath(311)) - ozone.om.db.dirs is not configured. We recommend adding this setting. Falling back to ozone.metadata.dirs instead.
2023-06-06 14:27:39,497 [Time-limited test] INFO  upgrade.AbstractLayoutVersionManager (AbstractLayoutVersionManager.java:init(83)) - Initializing Layout version manager with metadata layout = FILESYSTEM_SNAPSHOT (version = 5), software layout = FILESYSTEM_SNAPSHOT (version = 5)
2023-06-06 14:27:39,560 [Time-limited test] INFO  reflections.Reflections (Reflections.java:scan(232)) - Reflections took 62 ms to scan 2 urls, producing 178 keys and 491 values [using 2 cores]
2023-06-06 14:27:39,561 [Time-limited test] INFO  upgrade.OMLayoutVersionManager (OMLayoutVersionManager.java:lambda$0(115)) - Skipping Upgrade Action MockOmUpgradeAction since it has been finalized.
2023-06-06 14:27:39,561 [Time-limited test] WARN  server.ServerUtils (ServerUtils.java:getDBPath(311)) - ozone.om.db.dirs is not configured. We recommend adding this setting. Falling back to ozone.metadata.dirs instead.
2023-06-06 14:27:39,562 [Time-limited test] INFO  proxy.SCMBlockLocationFailoverProxyProvider (SCMBlockLocationFailoverProxyProvider.java:<init>(114)) - Created block location fail-over proxy with 1 nodes: [nodeId=scmNodeId,nodeAddress=/0.0.0.0:15053]
2023-06-06 14:27:39,564 [Time-limited test] INFO  proxy.SCMBlockLocationFailoverProxyProvider (SCMBlockLocationFailoverProxyProvider.java:<init>(114)) - Created block location fail-over proxy with 1 nodes: [nodeId=scmNodeId,nodeAddress=/0.0.0.0:15053]
2023-06-06 14:27:39,584 [Time-limited test] INFO  om.OzoneManager (OzoneManager.java:<init>(642)) - OM start with adminUsers: [runner]
2023-06-06 14:27:39,585 [Time-limited test] WARN  server.ServerUtils (ServerUtils.java:getDBPath(311)) - ozone.om.db.dirs is not configured. We recommend adding this setting. Falling back to ozone.metadata.dirs instead.
2023-06-06 14:27:39,588 [Time-limited test] INFO  helpers.OmKeyInfo (OmKeyInfo.java:getCodec(71)) - OmKeyInfo.getCodec ignorePipeline = true
2023-06-06 14:27:39,769 [Time-limited test] INFO  om.OzoneManager (OzoneManager.java:instantiateServices(771)) - S3 Multi-Tenancy is disabled
2023-06-06 14:27:39,769 [Time-limited test] INFO  om.OmSnapshotManager (OmSnapshotManager.java:<init>(170)) - Ozone filesystem snapshot feature is enabled.
2023-06-06 14:27:39,770 [Time-limited test] WARN  server.ServerUtils (ServerUtils.java:getDBPath(311)) - ozone.om.snapshot.diff.db.dir is not configured. We recommend adding this setting. Falling back to ozone.metadata.dirs instead.
2023-06-06 14:27:39,787 [Time-limited test] INFO  utils.NativeLibraryLoader (NativeLibraryLoader.java:loadLibrary(103)) - Loading Library: ozone_rocksdb_tools
2023-06-06 14:27:39,789 [Time-limited test] INFO  om.OzoneManager (OzoneManager.java:addS3GVolumeToDB(4254)) - Created Volume s3v With Owner runner required for S3Gateway operations.
2023-06-06 14:27:39,789 [Time-limited test] WARN  server.ServerUtils (ServerUtils.java:getDefaultRatisDirectory(323)) - Storage directory for Ratis is not configured. It is a good idea to map this to an SSD disk. Falling back to ozone.metadata.dirs
2023-06-06 14:27:39,789 [Time-limited test] WARN  utils.OzoneManagerRatisUtils (OzoneManagerRatisUtils.java:getOMRatisSnapshotDirectory(461)) - ozone.om.ratis.snapshot.dir is not configured. Falling back to ozone.metadata.dirs config
2023-06-06 14:27:39,790 [Time-limited test] WARN  server.ServerUtils (ServerUtils.java:getDefaultRatisDirectory(323)) - Storage directory for Ratis is not configured. It is a good idea to map this to an SSD disk. Falling back to ozone.metadata.dirs
2023-06-06 14:27:39,791 [Time-limited test] INFO  ratis.OzoneManagerRatisServer (OzoneManagerRatisServer.java:<init>(163)) - Instantiating OM Ratis server with groupID: omServiceIdDefault and peers: localhost:15059
2023-06-06 14:27:39,792 [Time-limited test] INFO  ratis.OzoneManagerStateMachine (OzoneManagerStateMachine.java:loadSnapshotInfoFromDB(670)) - LastAppliedIndex is set from TransactionInfo from OM DB as (t:0, i:~)
2023-06-06 14:27:39,792 [Time-limited test] INFO  server.RaftServer (ConfUtils.java:logGet(46)) - raft.rpc.type = GRPC (default)
2023-06-06 14:27:39,792 [Time-limited test] INFO  grpc.GrpcConfigKeys (ConfUtils.java:logFallback(53)) - raft.grpc.admin.host = null (fallback to raft.grpc.server.host)
2023-06-06 14:27:39,793 [Time-limited test] INFO  grpc.GrpcConfigKeys (ConfUtils.java:logFallback(53)) - raft.grpc.admin.port = 15059 (fallback to raft.grpc.server.port)
2023-06-06 14:27:39,793 [Time-limited test] INFO  grpc.GrpcConfigKeys (ConfUtils.java:logFallback(53)) - raft.grpc.client.host = null (fallback to raft.grpc.server.host)
2023-06-06 14:27:39,793 [Time-limited test] INFO  grpc.GrpcConfigKeys (ConfUtils.java:logFallback(53)) - raft.grpc.client.port = 15059 (fallback to raft.grpc.server.port)
2023-06-06 14:27:39,793 [Time-limited test] INFO  grpc.GrpcConfigKeys (ConfUtils.java:logGet(46)) - raft.grpc.server.host = null (default)
2023-06-06 14:27:39,793 [Time-limited test] INFO  grpc.GrpcConfigKeys (ConfUtils.java:logGet(46)) - raft.grpc.server.port = 15059 (custom)
2023-06-06 14:27:39,793 [Time-limited test] INFO  server.GrpcService (ConfUtils.java:logGet(46)) - raft.grpc.message.size.max = 33554432 (custom)
2023-06-06 14:27:39,793 [Time-limited test] INFO  server.RaftServerConfigKeys (ConfUtils.java:logGet(46)) - raft.server.log.appender.buffer.byte-limit = 33554432 (custom)
2023-06-06 14:27:39,793 [Time-limited test] INFO  server.GrpcService (ConfUtils.java:logGet(46)) - raft.grpc.flow.control.window = 1MB (=1048576) (default)
2023-06-06 14:27:39,793 [Time-limited test] INFO  server.RaftServerConfigKeys (ConfUtils.java:logGet(46)) - raft.server.rpc.request.timeout = 3000ms (default)
2023-06-06 14:27:39,793 [Time-limited test] INFO  grpc.GrpcConfigKeys (ConfUtils.java:logGet(46)) - raft.grpc.server.heartbeat.channel = true (default)
2023-06-06 14:27:39,793 [Time-limited test] INFO  grpc.GrpcConfigKeys (ConfUtils.java:logGet(46)) - raft.grpc.server.async.request.thread.pool.cached = true (default)
2023-06-06 14:27:39,793 [Time-limited test] INFO  grpc.GrpcConfigKeys (ConfUtils.java:logGet(46)) - raft.grpc.server.async.request.thread.pool.size = 32 (default)
2023-06-06 14:27:39,795 [Time-limited test] INFO  impl.DataStreamServerImpl (ConfUtils.java:logGet(46)) - raft.datastream.type = DISABLED (default)
2023-06-06 14:27:39,795 [Time-limited test] INFO  server.RaftServerConfigKeys (ConfUtils.java:logGet(46)) - raft.server.threadpool.proxy.cached = true (default)
2023-06-06 14:27:39,795 [Time-limited test] INFO  server.RaftServerConfigKeys (ConfUtils.java:logGet(46)) - raft.server.threadpool.proxy.size = 0 (default)
2023-06-06 14:27:39,795 [Time-limited test] INFO  server.RaftServerConfigKeys (ConfUtils.java:logGet(46)) - raft.server.rpc.slowness.timeout = 120s (custom)
2023-06-06 14:27:39,795 [Time-limited test] INFO  server.RaftServerConfigKeys (ConfUtils.java:logGet(46)) - raft.server.leaderelection.leader.step-down.wait-time = 10s (default)
2023-06-06 14:27:39,795 [Time-limited test] INFO  server.RaftServerConfigKeys (ConfUtils.java:logGet(46)) - raft.server.storage.dir = [/home/runner/work/ozone/ozone/hadoop-ozone/integration-test/target/test-dir/MiniOzoneClusterImpl-0067d30e-4f89-4c9b-b2b0-188d8bbd32e4/ozone-meta/ratis] (custom)
2023-06-06 14:27:39,796 [Time-limited test] INFO  server.RaftServer (RaftServerProxy.java:addNew(98)) - om1: addNew group-C5BA1605619E:[om1|rpc:localhost:15059|priority:0|startupRole:FOLLOWER] returns group-C5BA1605619E:java.util.concurrent.CompletableFuture@2a9ad771[Not completed]
2023-06-06 14:27:39,796 [Time-limited test] INFO  om.OzoneManager (OzoneManager.java:initializeRatisServer(2112)) - OzoneManager Ratis server initialized at port 15059
2023-06-06 14:27:39,796 [Time-limited test] INFO  om.OzoneManager (OzoneManager.java:getRpcServer(1171)) - Creating RPC Server
2023-06-06 14:27:39,798 [om1-groupManagement] INFO  server.RaftServer$Division (RaftServerImpl.java:<init>(198)) - om1: new RaftServerImpl for group-C5BA1605619E:[om1|rpc:localhost:15059|priority:0|startupRole:FOLLOWER] with OzoneManagerStateMachine:uninitialized
2023-06-06 14:27:39,798 [om1-groupManagement] INFO  server.RaftServerConfigKeys (ConfUtils.java:logGet(46)) - raft.server.rpc.timeout.min = 1s (custom)
2023-06-06 14:27:39,798 [om1-groupManagement] INFO  server.RaftServerConfigKeys (ConfUtils.java:logGet(46)) - raft.server.rpc.timeout.max = 1200ms (custom)
2023-06-06 14:27:39,798 [om1-groupManagement] INFO  server.RaftServerConfigKeys (ConfUtils.java:logGet(46)) - raft.server.rpc.sleep.time = 25ms (default)
2023-06-06 14:27:39,798 [om1-groupManagement] INFO  server.RaftServerConfigKeys (ConfUtils.java:logGet(46)) - raft.server.rpc.slowness.timeout = 120s (custom)
2023-06-06 14:27:39,798 [om1-groupManagement] INFO  server.RaftServerConfigKeys (ConfUtils.java:logGet(46)) - raft.server.leaderelection.leader.step-down.wait-time = 10s (default)
2023-06-06 14:27:39,798 [om1-groupManagement] INFO  server.RaftServerConfigKeys (ConfUtils.java:logGet(46)) - raft.server.sleep.deviation.threshold = 300ms (default)
2023-06-06 14:27:39,798 [om1-groupManagement] INFO  server.RaftServer$Division (ServerState.java:<init>(120)) - om1@group-C5BA1605619E: ConfigurationManager, init=-1: peers:[om1|rpc:localhost:15059|priority:0|startupRole:FOLLOWER]|listeners:[], old=null, confs=<EMPTY_MAP>
2023-06-06 14:27:39,798 [om1-groupManagement] INFO  server.RaftServerConfigKeys (ConfUtils.java:logGet(46)) - raft.server.storage.dir = [/home/runner/work/ozone/ozone/hadoop-ozone/integration-test/target/test-dir/MiniOzoneClusterImpl-0067d30e-4f89-4c9b-b2b0-188d8bbd32e4/ozone-meta/ratis] (custom)
2023-06-06 14:27:39,798 [om1-groupManagement] INFO  server.RaftServerConfigKeys (ConfUtils.java:logGet(46)) - raft.server.log.corruption.policy = EXCEPTION (default)
2023-06-06 14:27:39,798 [om1-groupManagement] INFO  server.RaftServerConfigKeys (ConfUtils.java:logGet(46)) - raft.server.storage.free-space.min = 0MB (=0) (default)
2023-06-06 14:27:39,798 [om1-groupManagement] INFO  server.RaftServerConfigKeys (ConfUtils.java:logGet(46)) - raft.server.notification.no-leader.timeout = 120s (custom)
2023-06-06 14:27:39,798 [om1-groupManagement] INFO  server.RaftServerConfigKeys (ConfUtils.java:logGet(46)) - raft.server.read.timeout = 10s (default)
2023-06-06 14:27:39,798 [om1-groupManagement] INFO  server.RaftServerConfigKeys (ConfUtils.java:logGet(46)) - raft.server.retrycache.expirytime = 300s (custom)
2023-06-06 14:27:39,799 [om1-groupManagement] INFO  server.RaftServerConfigKeys (ConfUtils.java:logGet(46)) - raft.server.retrycache.statistics.expirytime = 100μs (default)
2023-06-06 14:27:39,799 [om1-groupManagement] INFO  server.RaftServerConfigKeys (ConfUtils.java:logGet(46)) - raft.server.read.option = DEFAULT (default)
2023-06-06 14:27:39,800 [om1-groupManagement] INFO  server.RaftServerConfigKeys (ConfUtils.java:logGet(46)) - raft.server.rpc.request.timeout = 3000ms (default)
2023-06-06 14:27:39,800 [om1-groupManagement] INFO  server.RaftServerConfigKeys (ConfUtils.java:logGet(46)) - raft.server.log.appender.install.snapshot.enabled = false (custom)
2023-06-06 14:27:39,800 [om1-groupManagement] INFO  server.RaftServerConfigKeys (ConfUtils.java:logGet(46)) - raft.server.threadpool.server.cached = true (default)
2023-06-06 14:27:39,800 [om1-groupManagement] INFO  server.RaftServerConfigKeys (ConfUtils.java:logGet(46)) - raft.server.threadpool.server.size = 0 (default)
2023-06-06 14:27:39,800 [om1-groupManagement] INFO  server.RaftServerConfigKeys (ConfUtils.java:logGet(46)) - raft.server.threadpool.client.cached = true (default)
2023-06-06 14:27:39,800 [om1-groupManagement] INFO  server.RaftServerConfigKeys (ConfUtils.java:logGet(46)) - raft.server.threadpool.client.size = 0 (default)
2023-06-06 14:27:40,172 [Time-limited test] INFO  reflections.Reflections (Reflections.java:scan(232)) - Reflections took 374 ms to scan 19 urls, producing 69 keys and 5288 values [using 2 cores]
2023-06-06 14:27:40,174 [Time-limited test] INFO  ipc.CallQueueManager (CallQueueManager.java:<init>(90)) - Using callQueue: class java.util.concurrent.LinkedBlockingQueue, queueCapacity: 2000, scheduler: class org.apache.hadoop.ipc.DefaultRpcScheduler, ipcBackoff: false.
2023-06-06 14:27:40,174 [Socket Reader #1 for port 15056] INFO  ipc.Server (Server.java:run(1319)) - Starting Socket Reader #1 for port 15056
2023-06-06 14:27:40,176 [Listener at 127.0.0.1/15056] INFO  hdds.HddsUtils (HddsUtils.java:preserveThreadName(843)) - Restoring thread name: Time-limited test
2023-06-06 14:27:40,193 [Time-limited test] INFO  impl.MetricsSystemImpl (MetricsSystemImpl.java:init(158)) - OzoneManager metrics system started (again)
2023-06-06 14:27:40,204 [Time-limited test] INFO  om.OzoneManager (OzoneManager.java:start(1593)) - OzoneManager RPC server is listening at localhost/127.0.0.1:15056
2023-06-06 14:27:40,205 [Time-limited test] INFO  ratis.OzoneManagerRatisServer (OzoneManagerRatisServer.java:start(558)) - Starting OzoneManagerRatisServer om1 at port 15059
2023-06-06 14:27:40,205 [om1-impl-thread1] INFO  storage.RaftStorageDirectory (RaftStorageDirectoryImpl.java:analyzeStorage(137)) - The storage directory /home/runner/work/ozone/ozone/hadoop-ozone/integration-test/target/test-dir/MiniOzoneClusterImpl-0067d30e-4f89-4c9b-b2b0-188d8bbd32e4/ozone-meta/ratis/bf265839-605b-3f16-9796-c5ba1605619e does not exist. Creating ...
2023-06-06 14:27:40,206 [om1-impl-thread1] INFO  storage.RaftStorageDirectory (RaftStorageDirectoryImpl.java:tryLock(231)) - Lock on /home/runner/work/ozone/ozone/hadoop-ozone/integration-test/target/test-dir/MiniOzoneClusterImpl-0067d30e-4f89-4c9b-b2b0-188d8bbd32e4/ozone-meta/ratis/bf265839-605b-3f16-9796-c5ba1605619e/in_use.lock acquired by nodename 75814@fv-az1133-973
2023-06-06 14:27:40,207 [om1-impl-thread1] INFO  storage.RaftStorage (RaftStorageImpl.java:format(96)) - Storage directory /home/runner/work/ozone/ozone/hadoop-ozone/integration-test/target/test-dir/MiniOzoneClusterImpl-0067d30e-4f89-4c9b-b2b0-188d8bbd32e4/ozone-meta/ratis/bf265839-605b-3f16-9796-c5ba1605619e has been successfully formatted.
2023-06-06 14:27:40,207 [om1-impl-thread1] INFO  server.RaftServerConfigKeys (ConfUtils.java:logGet(46)) - raft.server.log.use.memory = false (default)
2023-06-06 14:27:40,207 [om1-impl-thread1] INFO  server.RaftServerConfigKeys (ConfUtils.java:logGet(46)) - raft.server.log.purge.gap = 1000000 (custom)
2023-06-06 14:27:40,207 [om1-impl-thread1] INFO  server.RaftServerConfigKeys (ConfUtils.java:logGet(46)) - raft.server.log.appender.buffer.byte-limit = 33554432 (custom)
2023-06-06 14:27:40,207 [om1-impl-thread1] INFO  server.RaftServerConfigKeys (ConfUtils.java:logGet(46)) - raft.server.log.statemachine.data.read.timeout = 1000ms (default)
2023-06-06 14:27:40,207 [om1-impl-thread1] INFO  server.RaftServerConfigKeys (ConfUtils.java:logGet(46)) - raft.server.log.purge.preservation.log.num = 0 (default)
2023-06-06 14:27:40,207 [om1-impl-thread1] INFO  server.RaftServerConfigKeys (ConfUtils.java:logGet(46)) - raft.server.log.segment.size.max = 4194304 (custom)
2023-06-06 14:27:40,208 [om1-impl-thread1] INFO  server.RaftServerConfigKeys (ConfUtils.java:logGet(46)) - raft.server.log.segment.cache.num.max = 2 (custom)
2023-06-06 14:27:40,208 [om1-impl-thread1] INFO  server.RaftServerConfigKeys (ConfUtils.java:logGet(46)) - raft.server.log.segment.cache.size.max = 200MB (=209715200) (default)
2023-06-06 14:27:40,208 [om1-impl-thread1] INFO  server.RaftServerConfigKeys (ConfUtils.java:logGet(46)) - raft.server.log.appender.buffer.byte-limit = 33554432 (custom)
2023-06-06 14:27:40,208 [om1-impl-thread1] INFO  segmented.SegmentedRaftLogWorker (SegmentedRaftLogWorker.java:<init>(188)) - new om1@group-C5BA1605619E-SegmentedRaftLogWorker for RaftStorageImpl:Storage Directory /home/runner/work/ozone/ozone/hadoop-ozone/integration-test/target/test-dir/MiniOzoneClusterImpl-0067d30e-4f89-4c9b-b2b0-188d8bbd32e4/ozone-meta/ratis/bf265839-605b-3f16-9796-c5ba1605619e
2023-06-06 14:27:40,208 [om1-impl-thread1] INFO  server.RaftServerConfigKeys (ConfUtils.java:logGet(46)) - raft.server.log.queue.byte-limit = 64MB (=67108864) (default)
2023-06-06 14:27:40,208 [om1-impl-thread1] INFO  server.RaftServerConfigKeys (ConfUtils.java:logGet(46)) - raft.server.log.queue.element-limit = 4096 (default)
2023-06-06 14:27:40,208 [om1-impl-thread1] INFO  server.RaftServerConfigKeys (ConfUtils.java:logGet(46)) - raft.server.log.segment.size.max = 4194304 (custom)
2023-06-06 14:27:40,208 [om1-impl-thread1] INFO  server.RaftServerConfigKeys (ConfUtils.java:logGet(46)) - raft.server.log.preallocated.size = 4194304 (custom)
2023-06-06 14:27:40,208 [om1-impl-thread1] INFO  server.RaftServerConfigKeys (ConfUtils.java:logGet(46)) - raft.server.log.force.sync.num = 128 (default)
2023-06-06 14:27:40,208 [om1-impl-thread1] INFO  server.RaftServerConfigKeys (ConfUtils.java:logGet(46)) - raft.server.log.statemachine.data.sync = true (default)
2023-06-06 14:27:40,208 [om1-impl-thread1] INFO  server.RaftServerConfigKeys (ConfUtils.java:logGet(46)) - raft.server.log.statemachine.data.sync.timeout = 10s (default)
2023-06-06 14:27:40,208 [om1-impl-thread1] INFO  server.RaftServerConfigKeys (ConfUtils.java:logGet(46)) - raft.server.log.statemachine.data.sync.timeout.retry = -1 (default)
2023-06-06 14:27:40,209 [om1-impl-thread1] INFO  server.RaftServerConfigKeys (ConfUtils.java:logGet(46)) - raft.server.log.write.buffer.size = 64KB (=65536) (default)
2023-06-06 14:27:40,209 [om1-impl-thread1] INFO  server.RaftServerConfigKeys (ConfUtils.java:logGet(46)) - raft.server.log.appender.buffer.byte-limit = 33554432 (custom)
2023-06-06 14:27:40,214 [om1-impl-thread1] INFO  server.RaftServerConfigKeys (ConfUtils.java:logGet(46)) - raft.server.log.unsafe-flush.enabled = false (default)
2023-06-06 14:27:40,214 [om1-impl-thread1] INFO  server.RaftServerConfigKeys (ConfUtils.java:logGet(46)) - raft.server.log.async-flush.enabled = false (default)
2023-06-06 14:27:40,214 [om1-impl-thread1] INFO  server.RaftServerConfigKeys (ConfUtils.java:logGet(46)) - raft.server.log.statemachine.data.caching.enabled = false (default)
2023-06-06 14:27:40,214 [om1-impl-thread1] INFO  segmented.SegmentedRaftLogWorker (SegmentedRaftLogWorker.java:lambda$new$0(135)) - om1@group-C5BA1605619E-SegmentedRaftLogWorker: flushIndex: setUnconditionally 0 -> -1
2023-06-06 14:27:40,214 [om1-impl-thread1] INFO  segmented.SegmentedRaftLogWorker (SegmentedRaftLogWorker.java:lambda$new$0(135)) - om1@group-C5BA1605619E-SegmentedRaftLogWorker: safeCacheEvictIndex: setUnconditionally 0 -> -1
2023-06-06 14:27:40,214 [om1-impl-thread1] INFO  server.RaftServer$Division (RaftServerImpl.java:start(342)) - om1@group-C5BA1605619E: start as a follower, conf=-1: peers:[om1|rpc:localhost:15059|priority:0|startupRole:FOLLOWER]|listeners:[], old=null
2023-06-06 14:27:40,214 [om1-impl-thread1] INFO  server.RaftServer$Division (RaftServerImpl.java:setRole(329)) - om1@group-C5BA1605619E: changes role from      null to FOLLOWER at term 0 for startAsFollower
2023-06-06 14:27:40,215 [om1-impl-thread1] INFO  impl.RoleInfo (RoleInfo.java:updateAndGet(139)) - om1: start om1@group-C5BA1605619E-FollowerState
2023-06-06 14:27:40,215 [om1-impl-thread1] INFO  util.JmxRegister (JmxRegister.java:tryRegister(44)) - Successfully registered JMX Bean with object name Ratis:service=RaftServer,group=group-C5BA1605619E,id=om1
2023-06-06 14:27:40,215 [om1@group-C5BA1605619E-FollowerState] INFO  server.RaftServerConfigKeys (ConfUtils.java:logFallback(53)) - raft.server.rpc.first-election.timeout.min = 1s (fallback to raft.server.rpc.timeout.min)
2023-06-06 14:27:40,215 [om1-impl-thread1] INFO  server.RaftServerConfigKeys (ConfUtils.java:logGet(46)) - raft.server.snapshot.auto.trigger.enabled = true (custom)
2023-06-06 14:27:40,215 [om1@group-C5BA1605619E-FollowerState] INFO  server.RaftServerConfigKeys (ConfUtils.java:logFallback(53)) - raft.server.rpc.first-election.timeout.max = 1200ms (fallback to raft.server.rpc.timeout.max)
2023-06-06 14:27:40,215 [om1-impl-thread1] INFO  server.RaftServerConfigKeys (ConfUtils.java:logGet(46)) - raft.server.snapshot.auto.trigger.threshold = 400000 (default)
2023-06-06 14:27:40,216 [om1-impl-thread1] INFO  server.RaftServerConfigKeys (ConfUtils.java:logGet(46)) - raft.server.snapshot.retention.file.num = -1 (default)
2023-06-06 14:27:40,216 [om1-impl-thread1] INFO  server.RaftServerConfigKeys (ConfUtils.java:logGet(46)) - raft.server.log.purge.upto.snapshot.index = true (custom)
2023-06-06 14:27:40,216 [Time-limited test] INFO  server.RaftServer (RaftServerProxy.java:startImpl(400)) - om1: start RPC server
2023-06-06 14:27:40,222 [Time-limited test] INFO  server.GrpcService (GrpcService.java:startImpl(302)) - om1: GrpcService started, listening on 15059
2023-06-06 14:27:40,222 [JvmPauseMonitor9] INFO  util.JvmPauseMonitor (JvmPauseMonitor.java:run(103)) - JvmPauseMonitor-om1: Started
2023-06-06 14:27:40,222 [Time-limited test] INFO  om.OzoneManager (OzoneManager.java:start(1609)) - Version File has different layout version (5) than OM DB (null). That is expected if this OM has never been finalized to a newer layout version.
2023-06-06 14:27:40,225 [Time-limited test] INFO  http.BaseHttpServer (BaseHttpServer.java:newHttpServer2BuilderForOzone(224)) - Starting Web-server for ozoneManager at: http://0.0.0.0:15057
2023-06-06 14:27:40,225 [Time-limited test] INFO  http.BaseHttpServer (BaseHttpServer.java:<init>(111)) - Hadoop Security Enabled: false Ozone Security Enabled: false Ozone HTTP Security Enabled: false 
2023-06-06 14:27:40,226 [Time-limited test] WARN  server.AuthenticationFilter (AuthenticationFilter.java:constructSecretProvider(240)) - Unable to initialize FileSignerSecretProvider, falling back to use random secrets. Reason: Could not read signature secret file: /home/runner/hadoop-http-auth-signature-secret
2023-06-06 14:27:40,227 [Time-limited test] INFO  http.HttpRequestLog (HttpRequestLog.java:getRequestLog(86)) - Http request log for http.requests.ozoneManager is not defined
2023-06-06 14:27:40,230 [Time-limited test] INFO  http.HttpServer2 (HttpServer2.java:addGlobalFilter(1031)) - Added global filter 'safety' (class=org.apache.hadoop.hdds.server.http.HttpServer2$QuotingInputFilter)
2023-06-06 14:27:40,231 [Time-limited test] INFO  http.HttpServer2 (HttpServer2.java:addFilter(1007)) - Added filter static_user_filter (class=org.apache.hadoop.http.lib.StaticUserWebFilter$StaticUserFilter) to context ozoneManager
2023-06-06 14:27:40,231 [Time-limited test] INFO  http.HttpServer2 (HttpServer2.java:addFilter(1015)) - Added filter static_user_filter (class=org.apache.hadoop.http.lib.StaticUserWebFilter$StaticUserFilter) to context logs
2023-06-06 14:27:40,231 [Time-limited test] INFO  http.HttpServer2 (HttpServer2.java:addFilter(1015)) - Added filter static_user_filter (class=org.apache.hadoop.http.lib.StaticUserWebFilter$StaticUserFilter) to context static
2023-06-06 14:27:40,232 [Time-limited test] INFO  http.BaseHttpServer (BaseHttpServer.java:<init>(190)) - HTTP server of ozoneManager uses base directory /home/runner/work/ozone/ozone/hadoop-ozone/integration-test/target/test-dir/MiniOzoneClusterImpl-0067d30e-4f89-4c9b-b2b0-188d8bbd32e4/ozone-meta/webserver
2023-06-06 14:27:40,232 [Time-limited test] INFO  http.HttpServer2 (HttpServer2.java:bindListener(1250)) - Jetty bound to port 15057
2023-06-06 14:27:40,232 [Time-limited test] INFO  server.Server (Server.java:doStart(375)) - jetty-9.4.51.v20230217; built: 2023-02-17T08:19:37.309Z; git: b45c405e4544384de066f814ed42ae3dceacdd49; jvm 1.8.0_372-b07
2023-06-06 14:27:40,238 [Time-limited test] INFO  server.session (DefaultSessionIdManager.java:doStart(334)) - DefaultSessionIdManager workerName=node0
2023-06-06 14:27:40,238 [Time-limited test] INFO  server.session (DefaultSessionIdManager.java:doStart(339)) - No SessionScavenger set, using defaults
2023-06-06 14:27:40,238 [Time-limited test] INFO  server.session (HouseKeeper.java:startScavenging(132)) - node0 Scavenging every 660000ms
2023-06-06 14:27:40,239 [Time-limited test] INFO  handler.ContextHandler (ContextHandler.java:doStart(921)) - Started o.e.j.s.ServletContextHandler@5782a957{logs,/logs,file:///home/runner/work/ozone/ozone/hadoop-ozone/integration-test/target/log,AVAILABLE}
2023-06-06 14:27:40,239 [Time-limited test] INFO  handler.ContextHandler (ContextHandler.java:doStart(921)) - Started o.e.j.s.ServletContextHandler@5cdea54{static,/static,file:///home/runner/work/ozone/ozone/hadoop-ozone/integration-test/target/test-classes/webapps/static,AVAILABLE}
2023-06-06 14:27:40,242 [Time-limited test] INFO  handler.ContextHandler (ContextHandler.java:doStart(921)) - Started o.e.j.w.WebAppContext@5eeed7e{ozoneManager,/,file:///home/runner/work/ozone/ozone/hadoop-ozone/integration-test/target/test-classes/webapps/ozoneManager/,AVAILABLE}{file:/home/runner/work/ozone/ozone/hadoop-ozone/integration-test/target/test-classes/webapps/ozoneManager}
2023-06-06 14:27:40,245 [Time-limited test] INFO  server.AbstractConnector (AbstractConnector.java:doStart(333)) - Started ServerConnector@5c45e20c{HTTP/1.1, (http/1.1)}{0.0.0.0:15057}
2023-06-06 14:27:40,245 [Time-limited test] INFO  server.Server (Server.java:doStart(415)) - Started @69367ms
2023-06-06 14:27:40,245 [Time-limited test] WARN  impl.MetricsSystemImpl (MetricsSystemImpl.java:register(279)) - Sink prometheus already exists!
2023-06-06 14:27:40,246 [Time-limited test] INFO  http.BaseHttpServer (BaseHttpServer.java:updateConnectorAddress(344)) - HTTP server of ozoneManager listening at http://0.0.0.0:15057
2023-06-06 14:27:40,246 [IPC Server Responder] INFO  ipc.Server (Server.java:run(1558)) - IPC Server Responder: starting
2023-06-06 14:27:40,246 [IPC Server listener on 15056] INFO  ipc.Server (Server.java:run(1398)) - IPC Server listener on 15056: starting
2023-06-06 14:27:40,251 [Time-limited test] INFO  om.OzoneManager (OzoneManager.java:startTrashEmptier(2065)) - Trash Interval set to 0. Files deleted won't move to trash
2023-06-06 14:27:40,263 [Time-limited test] WARN  impl.MetricRegistriesImpl (MetricRegistriesImpl.java:addReporterRegistration(111)) - New reporters are added after registries were created. Some metrics will be missing from the reporter. Please add reporter before adding any new registry.
2023-06-06 14:27:40,263 [Time-limited test] WARN  impl.MetricRegistriesImpl (MetricRegistriesImpl.java:addReporterRegistration(111)) - New reporters are added after registries were created. Some metrics will be missing from the reporter. Please add reporter before adding any new registry.
2023-06-06 14:27:40,263 [Time-limited test] INFO  impl.MetricsSystemImpl (MetricsSystemImpl.java:init(158)) - HddsDatanode metrics system started (again)
2023-06-06 14:27:40,523 [Time-limited test] INFO  ozone.HddsDatanodeService (HddsDatanodeService.java:start(261)) - HddsDatanodeService host:fv-az1133-973.qlb2sqfkji0uhjsjdnlwzcsdwg.bx.internal.cloudapp.net ip:10.1.0.37
2023-06-06 14:27:40,543 [Time-limited test] INFO  upgrade.AbstractLayoutVersionManager (AbstractLayoutVersionManager.java:init(83)) - Initializing Layout version manager with metadata layout = HADOOP_PRC_PORTS_IN_DATANODEDETAILS (version = 7), software layout = HADOOP_PRC_PORTS_IN_DATANODEDETAILS (version = 7)
2023-06-06 14:27:40,543 [Time-limited test] INFO  statemachine.DatanodeStateMachine (DatanodeStateMachine.java:getEndPointTaskThreadPoolSize(271)) - Datanode State Machine Task Thread Pool size 2
2023-06-06 14:27:40,549 [Time-limited test] INFO  volume.HddsVolume (HddsVolume.java:<init>(130)) - Creating HddsVolume: /home/runner/work/ozone/ozone/hadoop-ozone/integration-test/target/test-dir/MiniOzoneClusterImpl-0067d30e-4f89-4c9b-b2b0-188d8bbd32e4/datanode-0/data-0/containers/hdds of storage type : DISK capacity : 9223372036854775807
2023-06-06 14:27:40,549 [Time-limited test] INFO  volume.MutableVolumeSet (MutableVolumeSet.java:initializeVolumeSet(175)) - Added Volume : /home/runner/work/ozone/ozone/hadoop-ozone/integration-test/target/test-dir/MiniOzoneClusterImpl-0067d30e-4f89-4c9b-b2b0-188d8bbd32e4/datanode-0/data-0/containers/hdds to VolumeSet
2023-06-06 14:27:40,550 [Time-limited test] INFO  volume.ThrottledAsyncChecker (ThrottledAsyncChecker.java:schedule(141)) - Scheduling a check for /home/runner/work/ozone/ozone/hadoop-ozone/integration-test/target/test-dir/MiniOzoneClusterImpl-0067d30e-4f89-4c9b-b2b0-188d8bbd32e4/datanode-0/data-0/containers/hdds
2023-06-06 14:27:40,550 [Time-limited test] INFO  volume.StorageVolumeChecker (StorageVolumeChecker.java:checkAllVolumes(202)) - Scheduled health check for volume /home/runner/work/ozone/ozone/hadoop-ozone/integration-test/target/test-dir/MiniOzoneClusterImpl-0067d30e-4f89-4c9b-b2b0-188d8bbd32e4/datanode-0/data-0/containers/hdds
2023-06-06 14:27:40,561 [Time-limited test] INFO  volume.MutableVolumeSet (MutableVolumeSet.java:initializeVolumeSet(175)) - Added Volume : /home/runner/work/ozone/ozone/hadoop-ozone/integration-test/target/test-dir/MiniOzoneClusterImpl-0067d30e-4f89-4c9b-b2b0-188d8bbd32e4/datanode-0/data/ratis to VolumeSet
2023-06-06 14:27:40,561 [Time-limited test] INFO  volume.ThrottledAsyncChecker (ThrottledAsyncChecker.java:schedule(141)) - Scheduling a check for /home/runner/work/ozone/ozone/hadoop-ozone/integration-test/target/test-dir/MiniOzoneClusterImpl-0067d30e-4f89-4c9b-b2b0-188d8bbd32e4/datanode-0/data/ratis
2023-06-06 14:27:40,562 [Time-limited test] INFO  volume.StorageVolumeChecker (StorageVolumeChecker.java:checkAllVolumes(202)) - Scheduled health check for volume /home/runner/work/ozone/ozone/hadoop-ozone/integration-test/target/test-dir/MiniOzoneClusterImpl-0067d30e-4f89-4c9b-b2b0-188d8bbd32e4/datanode-0/data/ratis
2023-06-06 14:27:40,574 [Thread-919] INFO  ozoneimpl.ContainerReader (ContainerReader.java:readVolume(175)) - Finish verifying containers on volume /home/runner/work/ozone/ozone/hadoop-ozone/integration-test/target/test-dir/MiniOzoneClusterImpl-0067d30e-4f89-4c9b-b2b0-188d8bbd32e4/datanode-0/data-0/containers/hdds
2023-06-06 14:27:40,574 [Time-limited test] INFO  ozoneimpl.OzoneContainer (OzoneContainer.java:buildContainerSet(303)) - Build ContainerSet costs 0s
2023-06-06 14:27:40,576 [Time-limited test] INFO  server.RaftServer (ConfUtils.java:logGet(46)) - raft.rpc.type = GRPC (default)
2023-06-06 14:27:40,576 [Time-limited test] INFO  grpc.GrpcConfigKeys (ConfUtils.java:logFallback(53)) - raft.grpc.admin.host = null (fallback to raft.grpc.server.host)
2023-06-06 14:27:40,576 [Time-limited test] INFO  grpc.GrpcConfigKeys (ConfUtils.java:logGet(46)) - raft.grpc.admin.port = 15065 (custom)
2023-06-06 14:27:40,576 [Time-limited test] INFO  grpc.GrpcConfigKeys (ConfUtils.java:logFallback(53)) - raft.grpc.client.host = null (fallback to raft.grpc.server.host)
2023-06-06 14:27:40,576 [Time-limited test] INFO  grpc.GrpcConfigKeys (ConfUtils.java:logGet(46)) - raft.grpc.client.port = 15064 (custom)
2023-06-06 14:27:40,576 [Time-limited test] INFO  grpc.GrpcConfigKeys (ConfUtils.java:logGet(46)) - raft.grpc.server.host = null (default)
2023-06-06 14:27:40,576 [Time-limited test] INFO  grpc.GrpcConfigKeys (ConfUtils.java:logGet(46)) - raft.grpc.server.port = 15066 (custom)
2023-06-06 14:27:40,577 [Time-limited test] INFO  server.GrpcService (ConfUtils.java:logGet(46)) - raft.grpc.message.size.max = 32MB (=33554432) (custom)
2023-06-06 14:27:40,577 [Time-limited test] INFO  server.RaftServerConfigKeys (ConfUtils.java:logGet(46)) - raft.server.log.appender.buffer.byte-limit = 33554432 (custom)
2023-06-06 14:27:40,577 [Time-limited test] INFO  server.GrpcService (ConfUtils.java:logGet(46)) - raft.grpc.flow.control.window = 5MB (=5242880) (custom)
2023-06-06 14:27:40,577 [Time-limited test] INFO  server.RaftServerConfigKeys (ConfUtils.java:logGet(46)) - raft.server.rpc.request.timeout = 60s (custom)
2023-06-06 14:27:40,577 [Time-limited test] INFO  grpc.GrpcConfigKeys (ConfUtils.java:logGet(46)) - raft.grpc.server.heartbeat.channel = true (default)
2023-06-06 14:27:40,577 [Time-limited test] INFO  grpc.GrpcConfigKeys (ConfUtils.java:logGet(46)) - raft.grpc.server.async.request.thread.pool.cached = true (default)
2023-06-06 14:27:40,577 [Time-limited test] INFO  grpc.GrpcConfigKeys (ConfUtils.java:logGet(46)) - raft.grpc.server.async.request.thread.pool.size = 32 (default)
2023-06-06 14:27:40,581 [Time-limited test] INFO  impl.DataStreamServerImpl (ConfUtils.java:logGet(46)) - raft.datastream.type = NETTY (custom)
2023-06-06 14:27:40,582 [Time-limited test] INFO  server.RaftServerConfigKeys (ConfUtils.java:logGet(46)) - raft.server.data-stream.async.request.thread.pool.cached = false (default)
2023-06-06 14:27:40,582 [Time-limited test] INFO  server.RaftServerConfigKeys (ConfUtils.java:logGet(46)) - raft.server.data-stream.async.request.thread.pool.size = 20 (custom)
2023-06-06 14:27:40,582 [Time-limited test] INFO  server.RaftServerConfigKeys (ConfUtils.java:logGet(46)) - raft.server.data-stream.async.write.thread.pool.size = 16 (default)
2023-06-06 14:27:40,582 [Time-limited test] INFO  server.RaftServerConfigKeys (ConfUtils.java:logGet(46)) - raft.server.data-stream.client.pool.size = 10 (default)
2023-06-06 14:27:40,582 [Time-limited test] INFO  netty.NettyConfigKeys$DataStream (ConfUtils.java:logGet(46)) - raft.netty.dataStream.server.use-epoll = false (default)
2023-06-06 14:27:40,582 [Time-limited test] INFO  netty.NettyConfigKeys$DataStream (ConfUtils.java:logGet(46)) - raft.netty.dataStream.server.boss-group.size = 0 (default)
2023-06-06 14:27:40,583 [Time-limited test] INFO  netty.NettyConfigKeys$DataStream (ConfUtils.java:logGet(46)) - raft.netty.dataStream.server.worker-group.size = 0 (default)
2023-06-06 14:27:40,583 [Time-limited test] INFO  netty.NettyConfigKeys$DataStream (ConfUtils.java:logGet(46)) - raft.netty.dataStream.server.tls.conf = null (default)
2023-06-06 14:27:40,584 [Time-limited test] INFO  netty.NettyConfigKeys$DataStream (ConfUtils.java:logGet(46)) - raft.netty.dataStream.host = null (default)
2023-06-06 14:27:40,584 [Time-limited test] INFO  netty.NettyConfigKeys$DataStream (ConfUtils.java:logGet(46)) - raft.netty.dataStream.port = 15067 (custom)
2023-06-06 14:27:40,586 [Time-limited test] INFO  server.RaftServerConfigKeys (ConfUtils.java:logGet(46)) - raft.server.threadpool.proxy.cached = true (default)
2023-06-06 14:27:40,586 [Time-limited test] INFO  server.RaftServerConfigKeys (ConfUtils.java:logGet(46)) - raft.server.threadpool.proxy.size = 0 (default)
2023-06-06 14:27:40,586 [Time-limited test] INFO  server.RaftServerConfigKeys (ConfUtils.java:logGet(46)) - raft.server.rpc.slowness.timeout = 300s (custom)
2023-06-06 14:27:40,586 [Time-limited test] INFO  server.RaftServerConfigKeys (ConfUtils.java:logGet(46)) - raft.server.leaderelection.leader.step-down.wait-time = 10s (default)
2023-06-06 14:27:40,587 [Time-limited test] INFO  server.RaftServerConfigKeys (ConfUtils.java:logGet(46)) - raft.server.storage.dir = [/home/runner/work/ozone/ozone/hadoop-ozone/integration-test/target/test-dir/MiniOzoneClusterImpl-0067d30e-4f89-4c9b-b2b0-188d8bbd32e4/datanode-0/data/ratis] (custom)
2023-06-06 14:27:40,590 [dc31b473-b1c6-4224-b715-646a963524cb-NettyServerStreamRpc-bossGroup--thread1] INFO  logging.LoggingHandler (AbstractInternalLogger.java:log(148)) - [id: 0xee91d909] REGISTERED
2023-06-06 14:27:40,590 [dc31b473-b1c6-4224-b715-646a963524cb-NettyServerStreamRpc-bossGroup--thread1] INFO  logging.LoggingHandler (AbstractInternalLogger.java:log(148)) - [id: 0xee91d909] BIND: 0.0.0.0/0.0.0.0:15067
2023-06-06 14:27:40,590 [dc31b473-b1c6-4224-b715-646a963524cb-NettyServerStreamRpc-bossGroup--thread1] INFO  logging.LoggingHandler (AbstractInternalLogger.java:log(148)) - [id: 0xee91d909, L:/0:0:0:0:0:0:0:0:15067] ACTIVE
2023-06-06 14:27:40,592 [Time-limited test] INFO  server.XceiverServerGrpc (XceiverServerGrpc.java:<init>(132)) - GrpcServer channel type EpollServerSocketChannel
2023-06-06 14:27:40,594 [Time-limited test] INFO  replication.ReplicationSupervisor (ReplicationSupervisor.java:nodeStateUpdated(305)) - Node state updated to IN_SERVICE, scaling executor pool size to 10
2023-06-06 14:27:40,599 [Time-limited test] INFO  http.BaseHttpServer (BaseHttpServer.java:newHttpServer2BuilderForOzone(224)) - Starting Web-server for hddsDatanode at: http://0.0.0.0:15061
2023-06-06 14:27:40,599 [Time-limited test] INFO  http.BaseHttpServer (BaseHttpServer.java:<init>(111)) - Hadoop Security Enabled: false Ozone Security Enabled: false Ozone HTTP Security Enabled: false 
2023-06-06 14:27:40,600 [Time-limited test] WARN  server.AuthenticationFilter (AuthenticationFilter.java:constructSecretProvider(240)) - Unable to initialize FileSignerSecretProvider, falling back to use random secrets. Reason: Could not read signature secret file: /home/runner/hadoop-http-auth-signature-secret
2023-06-06 14:27:40,600 [Time-limited test] INFO  http.HttpRequestLog (HttpRequestLog.java:getRequestLog(86)) - Http request log for http.requests.hddsDatanode is not defined
2023-06-06 14:27:40,602 [Time-limited test] INFO  http.HttpServer2 (HttpServer2.java:addGlobalFilter(1031)) - Added global filter 'safety' (class=org.apache.hadoop.hdds.server.http.HttpServer2$QuotingInputFilter)
2023-06-06 14:27:40,602 [Time-limited test] INFO  http.HttpServer2 (HttpServer2.java:addFilter(1007)) - Added filter static_user_filter (class=org.apache.hadoop.http.lib.StaticUserWebFilter$StaticUserFilter) to context hddsDatanode
2023-06-06 14:27:40,602 [Time-limited test] INFO  http.HttpServer2 (HttpServer2.java:addFilter(1015)) - Added filter static_user_filter (class=org.apache.hadoop.http.lib.StaticUserWebFilter$StaticUserFilter) to context logs
2023-06-06 14:27:40,602 [Time-limited test] INFO  http.HttpServer2 (HttpServer2.java:addFilter(1015)) - Added filter static_user_filter (class=org.apache.hadoop.http.lib.StaticUserWebFilter$StaticUserFilter) to context static
2023-06-06 14:27:40,603 [Time-limited test] INFO  http.BaseHttpServer (BaseHttpServer.java:<init>(190)) - HTTP server of hddsDatanode uses base directory /home/runner/work/ozone/ozone/hadoop-ozone/integration-test/target/test-dir/MiniOzoneClusterImpl-0067d30e-4f89-4c9b-b2b0-188d8bbd32e4/datanode-0/meta/webserver
2023-06-06 14:27:40,603 [Time-limited test] INFO  http.HttpServer2 (HttpServer2.java:bindListener(1250)) - Jetty bound to port 15061
2023-06-06 14:27:40,603 [Time-limited test] INFO  server.Server (Server.java:doStart(375)) - jetty-9.4.51.v20230217; built: 2023-02-17T08:19:37.309Z; git: b45c405e4544384de066f814ed42ae3dceacdd49; jvm 1.8.0_372-b07
2023-06-06 14:27:40,604 [Time-limited test] INFO  server.session (DefaultSessionIdManager.java:doStart(334)) - DefaultSessionIdManager workerName=node0
2023-06-06 14:27:40,604 [Time-limited test] INFO  server.session (DefaultSessionIdManager.java:doStart(339)) - No SessionScavenger set, using defaults
2023-06-06 14:27:40,605 [Time-limited test] INFO  server.session (HouseKeeper.java:startScavenging(132)) - node0 Scavenging every 660000ms
2023-06-06 14:27:40,605 [Time-limited test] INFO  handler.ContextHandler (ContextHandler.java:doStart(921)) - Started o.e.j.s.ServletContextHandler@6d2734bf{logs,/logs,file:///home/runner/work/ozone/ozone/hadoop-ozone/integration-test/target/log,AVAILABLE}
2023-06-06 14:27:40,606 [Time-limited test] INFO  handler.ContextHandler (ContextHandler.java:doStart(921)) - Started o.e.j.s.ServletContextHandler@32d01219{static,/static,jar:file:/home/runner/.m2/repository/org/apache/ozone/hdds-container-service/1.4.0-SNAPSHOT/hdds-container-service-1.4.0-SNAPSHOT.jar!/webapps/static,AVAILABLE}
2023-06-06 14:27:40,796 [Time-limited test] INFO  handler.ContextHandler (ContextHandler.java:doStart(921)) - Started o.e.j.w.WebAppContext@3eafb425{hddsDatanode,/,file:///home/runner/work/ozone/ozone/hadoop-ozone/integration-test/target/test-dir/MiniOzoneClusterImpl-0067d30e-4f89-4c9b-b2b0-188d8bbd32e4/datanode-0/meta/webserver/jetty-0_0_0_0-15061-hdds-container-service-1_4_0-SNAPSHOT_jar-_-any-5909122140428522706/webapp/,AVAILABLE}{jar:file:/home/runner/.m2/repository/org/apache/ozone/hdds-container-service/1.4.0-SNAPSHOT/hdds-container-service-1.4.0-SNAPSHOT.jar!/webapps/hddsDatanode}
2023-06-06 14:27:40,797 [Time-limited test] INFO  server.AbstractConnector (AbstractConnector.java:doStart(333)) - Started ServerConnector@5fa954f1{HTTP/1.1, (http/1.1)}{0.0.0.0:15061}
2023-06-06 14:27:40,798 [Time-limited test] INFO  server.Server (Server.java:doStart(415)) - Started @69920ms
2023-06-06 14:27:40,798 [Time-limited test] WARN  impl.MetricsSystemImpl (MetricsSystemImpl.java:register(279)) - Sink prometheus already exists!
2023-06-06 14:27:40,798 [Time-limited test] INFO  http.BaseHttpServer (BaseHttpServer.java:updateConnectorAddress(344)) - HTTP server of hddsDatanode listening at http://0.0.0.0:15061
2023-06-06 14:27:40,800 [Time-limited test] INFO  ipc.CallQueueManager (CallQueueManager.java:<init>(90)) - Using callQueue: class java.util.concurrent.LinkedBlockingQueue, queueCapacity: 100, scheduler: class org.apache.hadoop.ipc.DefaultRpcScheduler, ipcBackoff: false.
2023-06-06 14:27:40,803 [Socket Reader #1 for port 15062] INFO  ipc.Server (Server.java:run(1319)) - Starting Socket Reader #1 for port 15062
2023-06-06 14:27:40,803 [Listener at 0.0.0.0/15062] INFO  hdds.HddsUtils (HddsUtils.java:preserveThreadName(843)) - Restoring thread name: Time-limited test
2023-06-06 14:27:40,803 [Time-limited test] INFO  ozone.HddsDatanodeService (HddsDatanodeService.java:start(331)) - Datanode start with admins: [runner]
2023-06-06 14:27:40,803 [Time-limited test] INFO  ozone.HddsDatanodeClientProtocolServer (HddsDatanodeClientProtocolServer.java:start(83)) - RPC server for Client /0.0.0.0:15062
2023-06-06 14:27:40,804 [IPC Server Responder] INFO  ipc.Server (Server.java:run(1558)) - IPC Server Responder: starting
2023-06-06 14:27:40,804 [IPC Server listener on 15062] INFO  ipc.Server (Server.java:run(1398)) - IPC Server listener on 15062: starting
2023-06-06 14:27:40,806 [Datanode State Machine Daemon Thread] INFO  statemachine.DatanodeStateMachine (DatanodeStateMachine.java:lambda$startDaemon$0(523)) - Ozone container server started.
2023-06-06 14:27:40,808 [Time-limited test] WARN  impl.MetricRegistriesImpl (MetricRegistriesImpl.java:addReporterRegistration(111)) - New reporters are added after registries were created. Some metrics will be missing from the reporter. Please add reporter before adding any new registry.
2023-06-06 14:27:40,808 [Time-limited test] WARN  impl.MetricRegistriesImpl (MetricRegistriesImpl.java:addReporterRegistration(111)) - New reporters are added after registries were created. Some metrics will be missing from the reporter. Please add reporter before adding any new registry.
2023-06-06 14:27:40,808 [Time-limited test] INFO  impl.MetricsSystemImpl (MetricsSystemImpl.java:init(158)) - HddsDatanode metrics system started (again)
2023-06-06 14:27:40,815 [Datanode State Machine Task Thread - 0] INFO  datanode.InitDatanodeState (InitDatanodeState.java:persistContainerDatanodeDetails(138)) - DatanodeDetails is persisted to /home/runner/work/ozone/ozone/hadoop-ozone/integration-test/target/test-dir/MiniOzoneClusterImpl-0067d30e-4f89-4c9b-b2b0-188d8bbd32e4/datanode-0/meta/datanode.id
2023-06-06 14:27:40,829 [Time-limited test] INFO  ozone.HddsDatanodeService (HddsDatanodeService.java:start(261)) - HddsDatanodeService host:fv-az1133-973.qlb2sqfkji0uhjsjdnlwzcsdwg.bx.internal.cloudapp.net ip:10.1.0.37
2023-06-06 14:27:40,850 [Time-limited test] INFO  upgrade.AbstractLayoutVersionManager (AbstractLayoutVersionManager.java:init(83)) - Initializing Layout version manager with metadata layout = HADOOP_PRC_PORTS_IN_DATANODEDETAILS (version = 7), software layout = HADOOP_PRC_PORTS_IN_DATANODEDETAILS (version = 7)
2023-06-06 14:27:40,851 [Time-limited test] INFO  statemachine.DatanodeStateMachine (DatanodeStateMachine.java:getEndPointTaskThreadPoolSize(271)) - Datanode State Machine Task Thread Pool size 2
2023-06-06 14:27:40,857 [Time-limited test] INFO  volume.HddsVolume (HddsVolume.java:<init>(130)) - Creating HddsVolume: /home/runner/work/ozone/ozone/hadoop-ozone/integration-test/target/test-dir/MiniOzoneClusterImpl-0067d30e-4f89-4c9b-b2b0-188d8bbd32e4/datanode-1/data-0/containers/hdds of storage type : DISK capacity : 9223372036854775807
2023-06-06 14:27:40,857 [Time-limited test] INFO  volume.MutableVolumeSet (MutableVolumeSet.java:initializeVolumeSet(175)) - Added Volume : /home/runner/work/ozone/ozone/hadoop-ozone/integration-test/target/test-dir/MiniOzoneClusterImpl-0067d30e-4f89-4c9b-b2b0-188d8bbd32e4/datanode-1/data-0/containers/hdds to VolumeSet
2023-06-06 14:27:40,857 [Time-limited test] INFO  volume.ThrottledAsyncChecker (ThrottledAsyncChecker.java:schedule(141)) - Scheduling a check for /home/runner/work/ozone/ozone/hadoop-ozone/integration-test/target/test-dir/MiniOzoneClusterImpl-0067d30e-4f89-4c9b-b2b0-188d8bbd32e4/datanode-1/data-0/containers/hdds
2023-06-06 14:27:40,858 [Time-limited test] INFO  volume.StorageVolumeChecker (StorageVolumeChecker.java:checkAllVolumes(202)) - Scheduled health check for volume /home/runner/work/ozone/ozone/hadoop-ozone/integration-test/target/test-dir/MiniOzoneClusterImpl-0067d30e-4f89-4c9b-b2b0-188d8bbd32e4/datanode-1/data-0/containers/hdds
2023-06-06 14:27:40,869 [Time-limited test] INFO  volume.MutableVolumeSet (MutableVolumeSet.java:initializeVolumeSet(175)) - Added Volume : /home/runner/work/ozone/ozone/hadoop-ozone/integration-test/target/test-dir/MiniOzoneClusterImpl-0067d30e-4f89-4c9b-b2b0-188d8bbd32e4/datanode-1/data/ratis to VolumeSet
2023-06-06 14:27:40,869 [Time-limited test] INFO  volume.ThrottledAsyncChecker (ThrottledAsyncChecker.java:schedule(141)) - Scheduling a check for /home/runner/work/ozone/ozone/hadoop-ozone/integration-test/target/test-dir/MiniOzoneClusterImpl-0067d30e-4f89-4c9b-b2b0-188d8bbd32e4/datanode-1/data/ratis
2023-06-06 14:27:40,869 [Time-limited test] INFO  volume.StorageVolumeChecker (StorageVolumeChecker.java:checkAllVolumes(202)) - Scheduled health check for volume /home/runner/work/ozone/ozone/hadoop-ozone/integration-test/target/test-dir/MiniOzoneClusterImpl-0067d30e-4f89-4c9b-b2b0-188d8bbd32e4/datanode-1/data/ratis
2023-06-06 14:27:40,880 [Thread-936] INFO  ozoneimpl.ContainerReader (ContainerReader.java:readVolume(175)) - Finish verifying containers on volume /home/runner/work/ozone/ozone/hadoop-ozone/integration-test/target/test-dir/MiniOzoneClusterImpl-0067d30e-4f89-4c9b-b2b0-188d8bbd32e4/datanode-1/data-0/containers/hdds
2023-06-06 14:27:40,881 [Time-limited test] INFO  ozoneimpl.OzoneContainer (OzoneContainer.java:buildContainerSet(303)) - Build ContainerSet costs 0s
2023-06-06 14:27:40,883 [Time-limited test] INFO  server.RaftServer (ConfUtils.java:logGet(46)) - raft.rpc.type = GRPC (default)
2023-06-06 14:27:40,884 [Time-limited test] INFO  grpc.GrpcConfigKeys (ConfUtils.java:logFallback(53)) - raft.grpc.admin.host = null (fallback to raft.grpc.server.host)
2023-06-06 14:27:40,884 [Time-limited test] INFO  grpc.GrpcConfigKeys (ConfUtils.java:logGet(46)) - raft.grpc.admin.port = 15074 (custom)
2023-06-06 14:27:40,884 [Time-limited test] INFO  grpc.GrpcConfigKeys (ConfUtils.java:logFallback(53)) - raft.grpc.client.host = null (fallback to raft.grpc.server.host)
2023-06-06 14:27:40,884 [Time-limited test] INFO  grpc.GrpcConfigKeys (ConfUtils.java:logGet(46)) - raft.grpc.client.port = 15073 (custom)
2023-06-06 14:27:40,884 [Time-limited test] INFO  grpc.GrpcConfigKeys (ConfUtils.java:logGet(46)) - raft.grpc.server.host = null (default)
2023-06-06 14:27:40,884 [Time-limited test] INFO  grpc.GrpcConfigKeys (ConfUtils.java:logGet(46)) - raft.grpc.server.port = 15075 (custom)
2023-06-06 14:27:40,884 [Time-limited test] INFO  server.GrpcService (ConfUtils.java:logGet(46)) - raft.grpc.message.size.max = 32MB (=33554432) (custom)
2023-06-06 14:27:40,884 [Time-limited test] INFO  server.RaftServerConfigKeys (ConfUtils.java:logGet(46)) - raft.server.log.appender.buffer.byte-limit = 33554432 (custom)
2023-06-06 14:27:40,884 [Time-limited test] INFO  server.GrpcService (ConfUtils.java:logGet(46)) - raft.grpc.flow.control.window = 5MB (=5242880) (custom)
2023-06-06 14:27:40,884 [Time-limited test] INFO  server.RaftServerConfigKeys (ConfUtils.java:logGet(46)) - raft.server.rpc.request.timeout = 60s (custom)
2023-06-06 14:27:40,884 [Time-limited test] INFO  grpc.GrpcConfigKeys (ConfUtils.java:logGet(46)) - raft.grpc.server.heartbeat.channel = true (default)
2023-06-06 14:27:40,884 [Time-limited test] INFO  grpc.GrpcConfigKeys (ConfUtils.java:logGet(46)) - raft.grpc.server.async.request.thread.pool.cached = true (default)
2023-06-06 14:27:40,884 [Time-limited test] INFO  grpc.GrpcConfigKeys (ConfUtils.java:logGet(46)) - raft.grpc.server.async.request.thread.pool.size = 32 (default)
2023-06-06 14:27:40,887 [Time-limited test] INFO  impl.DataStreamServerImpl (ConfUtils.java:logGet(46)) - raft.datastream.type = NETTY (custom)
2023-06-06 14:27:40,887 [Time-limited test] INFO  server.RaftServerConfigKeys (ConfUtils.java:logGet(46)) - raft.server.data-stream.async.request.thread.pool.cached = false (default)
2023-06-06 14:27:40,887 [Time-limited test] INFO  server.RaftServerConfigKeys (ConfUtils.java:logGet(46)) - raft.server.data-stream.async.request.thread.pool.size = 20 (custom)
2023-06-06 14:27:40,887 [Time-limited test] INFO  server.RaftServerConfigKeys (ConfUtils.java:logGet(46)) - raft.server.data-stream.async.write.thread.pool.size = 16 (default)
2023-06-06 14:27:40,887 [Time-limited test] INFO  server.RaftServerConfigKeys (ConfUtils.java:logGet(46)) - raft.server.data-stream.client.pool.size = 10 (default)
2023-06-06 14:27:40,887 [Time-limited test] INFO  netty.NettyConfigKeys$DataStream (ConfUtils.java:logGet(46)) - raft.netty.dataStream.server.use-epoll = false (default)
2023-06-06 14:27:40,888 [Time-limited test] INFO  netty.NettyConfigKeys$DataStream (ConfUtils.java:logGet(46)) - raft.netty.dataStream.server.boss-group.size = 0 (default)
2023-06-06 14:27:40,888 [Time-limited test] INFO  netty.NettyConfigKeys$DataStream (ConfUtils.java:logGet(46)) - raft.netty.dataStream.server.worker-group.size = 0 (default)
2023-06-06 14:27:40,888 [Time-limited test] INFO  netty.NettyConfigKeys$DataStream (ConfUtils.java:logGet(46)) - raft.netty.dataStream.server.tls.conf = null (default)
2023-06-06 14:27:40,888 [Time-limited test] INFO  netty.NettyConfigKeys$DataStream (ConfUtils.java:logGet(46)) - raft.netty.dataStream.host = null (default)
2023-06-06 14:27:40,888 [Time-limited test] INFO  netty.NettyConfigKeys$DataStream (ConfUtils.java:logGet(46)) - raft.netty.dataStream.port = 15076 (custom)
2023-06-06 14:27:40,890 [Time-limited test] INFO  server.RaftServerConfigKeys (ConfUtils.java:logGet(46)) - raft.server.threadpool.proxy.cached = true (default)
2023-06-06 14:27:40,891 [Time-limited test] INFO  server.RaftServerConfigKeys (ConfUtils.java:logGet(46)) - raft.server.threadpool.proxy.size = 0 (default)
2023-06-06 14:27:40,891 [Time-limited test] INFO  server.RaftServerConfigKeys (ConfUtils.java:logGet(46)) - raft.server.rpc.slowness.timeout = 300s (custom)
2023-06-06 14:27:40,891 [Time-limited test] INFO  server.RaftServerConfigKeys (ConfUtils.java:logGet(46)) - raft.server.leaderelection.leader.step-down.wait-time = 10s (default)
2023-06-06 14:27:40,891 [Time-limited test] INFO  server.RaftServerConfigKeys (ConfUtils.java:logGet(46)) - raft.server.storage.dir = [/home/runner/work/ozone/ozone/hadoop-ozone/integration-test/target/test-dir/MiniOzoneClusterImpl-0067d30e-4f89-4c9b-b2b0-188d8bbd32e4/datanode-1/data/ratis] (custom)
2023-06-06 14:27:40,891 [15c64375-eb37-4995-8297-e35bcf5786b9-NettyServerStreamRpc-bossGroup--thread1] INFO  logging.LoggingHandler (AbstractInternalLogger.java:log(148)) - [id: 0x545417aa] REGISTERED
2023-06-06 14:27:40,891 [15c64375-eb37-4995-8297-e35bcf5786b9-NettyServerStreamRpc-bossGroup--thread1] INFO  logging.LoggingHandler (AbstractInternalLogger.java:log(148)) - [id: 0x545417aa] BIND: 0.0.0.0/0.0.0.0:15076
2023-06-06 14:27:40,892 [15c64375-eb37-4995-8297-e35bcf5786b9-NettyServerStreamRpc-bossGroup--thread1] INFO  logging.LoggingHandler (AbstractInternalLogger.java:log(148)) - [id: 0x545417aa, L:/0:0:0:0:0:0:0:0:15076] ACTIVE
2023-06-06 14:27:40,893 [Time-limited test] INFO  server.XceiverServerGrpc (XceiverServerGrpc.java:<init>(132)) - GrpcServer channel type EpollServerSocketChannel
2023-06-06 14:27:40,896 [Time-limited test] INFO  replication.ReplicationSupervisor (ReplicationSupervisor.java:nodeStateUpdated(305)) - Node state updated to IN_SERVICE, scaling executor pool size to 10
2023-06-06 14:27:40,899 [Time-limited test] INFO  http.BaseHttpServer (BaseHttpServer.java:newHttpServer2BuilderForOzone(224)) - Starting Web-server for hddsDatanode at: http://0.0.0.0:15070
2023-06-06 14:27:40,899 [Time-limited test] INFO  http.BaseHttpServer (BaseHttpServer.java:<init>(111)) - Hadoop Security Enabled: false Ozone Security Enabled: false Ozone HTTP Security Enabled: false 
2023-06-06 14:27:40,901 [Time-limited test] WARN  server.AuthenticationFilter (AuthenticationFilter.java:constructSecretProvider(240)) - Unable to initialize FileSignerSecretProvider, falling back to use random secrets. Reason: Could not read signature secret file: /home/runner/hadoop-http-auth-signature-secret
2023-06-06 14:27:40,902 [Time-limited test] INFO  http.HttpRequestLog (HttpRequestLog.java:getRequestLog(86)) - Http request log for http.requests.hddsDatanode is not defined
2023-06-06 14:27:40,903 [Time-limited test] INFO  http.HttpServer2 (HttpServer2.java:addGlobalFilter(1031)) - Added global filter 'safety' (class=org.apache.hadoop.hdds.server.http.HttpServer2$QuotingInputFilter)
2023-06-06 14:27:40,903 [Time-limited test] INFO  http.HttpServer2 (HttpServer2.java:addFilter(1007)) - Added filter static_user_filter (class=org.apache.hadoop.http.lib.StaticUserWebFilter$StaticUserFilter) to context hddsDatanode
2023-06-06 14:27:40,903 [Time-limited test] INFO  http.HttpServer2 (HttpServer2.java:addFilter(1015)) - Added filter static_user_filter (class=org.apache.hadoop.http.lib.StaticUserWebFilter$StaticUserFilter) to context static
2023-06-06 14:27:40,903 [Time-limited test] INFO  http.HttpServer2 (HttpServer2.java:addFilter(1015)) - Added filter static_user_filter (class=org.apache.hadoop.http.lib.StaticUserWebFilter$StaticUserFilter) to context logs
2023-06-06 14:27:40,905 [Time-limited test] INFO  http.BaseHttpServer (BaseHttpServer.java:<init>(190)) - HTTP server of hddsDatanode uses base directory /home/runner/work/ozone/ozone/hadoop-ozone/integration-test/target/test-dir/MiniOzoneClusterImpl-0067d30e-4f89-4c9b-b2b0-188d8bbd32e4/datanode-1/meta/webserver
2023-06-06 14:27:40,905 [Time-limited test] INFO  http.HttpServer2 (HttpServer2.java:bindListener(1250)) - Jetty bound to port 15070
2023-06-06 14:27:40,905 [Time-limited test] INFO  server.Server (Server.java:doStart(375)) - jetty-9.4.51.v20230217; built: 2023-02-17T08:19:37.309Z; git: b45c405e4544384de066f814ed42ae3dceacdd49; jvm 1.8.0_372-b07
2023-06-06 14:27:40,909 [Time-limited test] INFO  server.session (DefaultSessionIdManager.java:doStart(334)) - DefaultSessionIdManager workerName=node0
2023-06-06 14:27:40,909 [Time-limited test] INFO  server.session (DefaultSessionIdManager.java:doStart(339)) - No SessionScavenger set, using defaults
2023-06-06 14:27:40,909 [Time-limited test] INFO  server.session (HouseKeeper.java:startScavenging(132)) - node0 Scavenging every 600000ms
2023-06-06 14:27:40,910 [Time-limited test] INFO  handler.ContextHandler (ContextHandler.java:doStart(921)) - Started o.e.j.s.ServletContextHandler@bea9576{logs,/logs,file:///home/runner/work/ozone/ozone/hadoop-ozone/integration-test/target/log,AVAILABLE}
2023-06-06 14:27:40,910 [Time-limited test] INFO  handler.ContextHandler (ContextHandler.java:doStart(921)) - Started o.e.j.s.ServletContextHandler@22ff671c{static,/static,jar:file:/home/runner/.m2/repository/org/apache/ozone/hdds-container-service/1.4.0-SNAPSHOT/hdds-container-service-1.4.0-SNAPSHOT.jar!/webapps/static,AVAILABLE}
2023-06-06 14:27:41,108 [Time-limited test] INFO  handler.ContextHandler (ContextHandler.java:doStart(921)) - Started o.e.j.w.WebAppContext@44d1993d{hddsDatanode,/,file:///home/runner/work/ozone/ozone/hadoop-ozone/integration-test/target/test-dir/MiniOzoneClusterImpl-0067d30e-4f89-4c9b-b2b0-188d8bbd32e4/datanode-1/meta/webserver/jetty-0_0_0_0-15070-hdds-container-service-1_4_0-SNAPSHOT_jar-_-any-995339344178382055/webapp/,AVAILABLE}{jar:file:/home/runner/.m2/repository/org/apache/ozone/hdds-container-service/1.4.0-SNAPSHOT/hdds-container-service-1.4.0-SNAPSHOT.jar!/webapps/hddsDatanode}
2023-06-06 14:27:41,112 [Time-limited test] INFO  server.AbstractConnector (AbstractConnector.java:doStart(333)) - Started ServerConnector@7b0467a3{HTTP/1.1, (http/1.1)}{0.0.0.0:15070}
2023-06-06 14:27:41,112 [Time-limited test] INFO  server.Server (Server.java:doStart(415)) - Started @70234ms
2023-06-06 14:27:41,112 [Time-limited test] WARN  impl.MetricsSystemImpl (MetricsSystemImpl.java:register(279)) - Sink prometheus already exists!
2023-06-06 14:27:41,113 [Time-limited test] INFO  http.BaseHttpServer (BaseHttpServer.java:updateConnectorAddress(344)) - HTTP server of hddsDatanode listening at http://0.0.0.0:15070
2023-06-06 14:27:41,114 [Time-limited test] INFO  ipc.CallQueueManager (CallQueueManager.java:<init>(90)) - Using callQueue: class java.util.concurrent.LinkedBlockingQueue, queueCapacity: 100, scheduler: class org.apache.hadoop.ipc.DefaultRpcScheduler, ipcBackoff: false.
2023-06-06 14:27:41,114 [Socket Reader #1 for port 15071] INFO  ipc.Server (Server.java:run(1319)) - Starting Socket Reader #1 for port 15071
2023-06-06 14:27:41,116 [Listener at 0.0.0.0/15071] INFO  hdds.HddsUtils (HddsUtils.java:preserveThreadName(843)) - Restoring thread name: Time-limited test
2023-06-06 14:27:41,116 [Time-limited test] INFO  ozone.HddsDatanodeService (HddsDatanodeService.java:start(331)) - Datanode start with admins: [runner]
2023-06-06 14:27:41,118 [Time-limited test] INFO  ozone.HddsDatanodeClientProtocolServer (HddsDatanodeClientProtocolServer.java:start(83)) - RPC server for Client /0.0.0.0:15071
2023-06-06 14:27:41,118 [IPC Server Responder] INFO  ipc.Server (Server.java:run(1558)) - IPC Server Responder: starting
2023-06-06 14:27:41,122 [IPC Server listener on 15071] INFO  ipc.Server (Server.java:run(1398)) - IPC Server listener on 15071: starting
2023-06-06 14:27:41,122 [Time-limited test] WARN  impl.MetricRegistriesImpl (MetricRegistriesImpl.java:addReporterRegistration(111)) - New reporters are added after registries were created. Some metrics will be missing from the reporter. Please add reporter before adding any new registry.
2023-06-06 14:27:41,122 [Time-limited test] WARN  impl.MetricRegistriesImpl (MetricRegistriesImpl.java:addReporterRegistration(111)) - New reporters are added after registries were created. Some metrics will be missing from the reporter. Please add reporter before adding any new registry.
2023-06-06 14:27:41,123 [Datanode State Machine Daemon Thread] INFO  statemachine.DatanodeStateMachine (DatanodeStateMachine.java:lambda$startDaemon$0(523)) - Ozone container server started.
2023-06-06 14:27:41,123 [Time-limited test] INFO  impl.MetricsSystemImpl (MetricsSystemImpl.java:init(158)) - HddsDatanode metrics system started (again)
2023-06-06 14:27:41,138 [Datanode State Machine Task Thread - 0] INFO  datanode.InitDatanodeState (InitDatanodeState.java:persistContainerDatanodeDetails(138)) - DatanodeDetails is persisted to /home/runner/work/ozone/ozone/hadoop-ozone/integration-test/target/test-dir/MiniOzoneClusterImpl-0067d30e-4f89-4c9b-b2b0-188d8bbd32e4/datanode-1/meta/datanode.id
2023-06-06 14:27:41,146 [Time-limited test] INFO  ozone.HddsDatanodeService (HddsDatanodeService.java:start(261)) - HddsDatanodeService host:fv-az1133-973.qlb2sqfkji0uhjsjdnlwzcsdwg.bx.internal.cloudapp.net ip:10.1.0.37
2023-06-06 14:27:41,163 [Time-limited test] INFO  upgrade.AbstractLayoutVersionManager (AbstractLayoutVersionManager.java:init(83)) - Initializing Layout version manager with metadata layout = HADOOP_PRC_PORTS_IN_DATANODEDETAILS (version = 7), software layout = HADOOP_PRC_PORTS_IN_DATANODEDETAILS (version = 7)
2023-06-06 14:27:41,164 [Time-limited test] INFO  statemachine.DatanodeStateMachine (DatanodeStateMachine.java:getEndPointTaskThreadPoolSize(271)) - Datanode State Machine Task Thread Pool size 2
2023-06-06 14:27:41,165 [Time-limited test] INFO  volume.HddsVolume (HddsVolume.java:<init>(130)) - Creating HddsVolume: /home/runner/work/ozone/ozone/hadoop-ozone/integration-test/target/test-dir/MiniOzoneClusterImpl-0067d30e-4f89-4c9b-b2b0-188d8bbd32e4/datanode-2/data-0/containers/hdds of storage type : DISK capacity : 9223372036854775807
2023-06-06 14:27:41,165 [Time-limited test] INFO  volume.MutableVolumeSet (MutableVolumeSet.java:initializeVolumeSet(175)) - Added Volume : /home/runner/work/ozone/ozone/hadoop-ozone/integration-test/target/test-dir/MiniOzoneClusterImpl-0067d30e-4f89-4c9b-b2b0-188d8bbd32e4/datanode-2/data-0/containers/hdds to VolumeSet
2023-06-06 14:27:41,166 [Time-limited test] INFO  volume.ThrottledAsyncChecker (ThrottledAsyncChecker.java:schedule(141)) - Scheduling a check for /home/runner/work/ozone/ozone/hadoop-ozone/integration-test/target/test-dir/MiniOzoneClusterImpl-0067d30e-4f89-4c9b-b2b0-188d8bbd32e4/datanode-2/data-0/containers/hdds
2023-06-06 14:27:41,166 [Time-limited test] INFO  volume.StorageVolumeChecker (StorageVolumeChecker.java:checkAllVolumes(202)) - Scheduled health check for volume /home/runner/work/ozone/ozone/hadoop-ozone/integration-test/target/test-dir/MiniOzoneClusterImpl-0067d30e-4f89-4c9b-b2b0-188d8bbd32e4/datanode-2/data-0/containers/hdds
2023-06-06 14:27:41,177 [Time-limited test] INFO  volume.MutableVolumeSet (MutableVolumeSet.java:initializeVolumeSet(175)) - Added Volume : /home/runner/work/ozone/ozone/hadoop-ozone/integration-test/target/test-dir/MiniOzoneClusterImpl-0067d30e-4f89-4c9b-b2b0-188d8bbd32e4/datanode-2/data/ratis to VolumeSet
2023-06-06 14:27:41,178 [Time-limited test] INFO  volume.ThrottledAsyncChecker (ThrottledAsyncChecker.java:schedule(141)) - Scheduling a check for /home/runner/work/ozone/ozone/hadoop-ozone/integration-test/target/test-dir/MiniOzoneClusterImpl-0067d30e-4f89-4c9b-b2b0-188d8bbd32e4/datanode-2/data/ratis
2023-06-06 14:27:41,178 [Time-limited test] INFO  volume.StorageVolumeChecker (StorageVolumeChecker.java:checkAllVolumes(202)) - Scheduled health check for volume /home/runner/work/ozone/ozone/hadoop-ozone/integration-test/target/test-dir/MiniOzoneClusterImpl-0067d30e-4f89-4c9b-b2b0-188d8bbd32e4/datanode-2/data/ratis
2023-06-06 14:27:41,191 [Thread-953] INFO  ozoneimpl.ContainerReader (ContainerReader.java:readVolume(175)) - Finish verifying containers on volume /home/runner/work/ozone/ozone/hadoop-ozone/integration-test/target/test-dir/MiniOzoneClusterImpl-0067d30e-4f89-4c9b-b2b0-188d8bbd32e4/datanode-2/data-0/containers/hdds
2023-06-06 14:27:41,191 [Time-limited test] INFO  ozoneimpl.OzoneContainer (OzoneContainer.java:buildContainerSet(303)) - Build ContainerSet costs 0s
2023-06-06 14:27:41,193 [Time-limited test] INFO  server.RaftServer (ConfUtils.java:logGet(46)) - raft.rpc.type = GRPC (default)
2023-06-06 14:27:41,193 [Time-limited test] INFO  grpc.GrpcConfigKeys (ConfUtils.java:logFallback(53)) - raft.grpc.admin.host = null (fallback to raft.grpc.server.host)
2023-06-06 14:27:41,193 [Time-limited test] INFO  grpc.GrpcConfigKeys (ConfUtils.java:logGet(46)) - raft.grpc.admin.port = 15083 (custom)
2023-06-06 14:27:41,193 [Time-limited test] INFO  grpc.GrpcConfigKeys (ConfUtils.java:logFallback(53)) - raft.grpc.client.host = null (fallback to raft.grpc.server.host)
2023-06-06 14:27:41,193 [Time-limited test] INFO  grpc.GrpcConfigKeys (ConfUtils.java:logGet(46)) - raft.grpc.client.port = 15082 (custom)
2023-06-06 14:27:41,193 [Time-limited test] INFO  grpc.GrpcConfigKeys (ConfUtils.java:logGet(46)) - raft.grpc.server.host = null (default)
2023-06-06 14:27:41,193 [Time-limited test] INFO  grpc.GrpcConfigKeys (ConfUtils.java:logGet(46)) - raft.grpc.server.port = 15084 (custom)
2023-06-06 14:27:41,194 [Time-limited test] INFO  server.GrpcService (ConfUtils.java:logGet(46)) - raft.grpc.message.size.max = 32MB (=33554432) (custom)
2023-06-06 14:27:41,194 [Time-limited test] INFO  server.RaftServerConfigKeys (ConfUtils.java:logGet(46)) - raft.server.log.appender.buffer.byte-limit = 33554432 (custom)
2023-06-06 14:27:41,194 [Time-limited test] INFO  server.GrpcService (ConfUtils.java:logGet(46)) - raft.grpc.flow.control.window = 5MB (=5242880) (custom)
2023-06-06 14:27:41,194 [Time-limited test] INFO  server.RaftServerConfigKeys (ConfUtils.java:logGet(46)) - raft.server.rpc.request.timeout = 60s (custom)
2023-06-06 14:27:41,194 [Time-limited test] INFO  grpc.GrpcConfigKeys (ConfUtils.java:logGet(46)) - raft.grpc.server.heartbeat.channel = true (default)
2023-06-06 14:27:41,194 [Time-limited test] INFO  grpc.GrpcConfigKeys (ConfUtils.java:logGet(46)) - raft.grpc.server.async.request.thread.pool.cached = true (default)
2023-06-06 14:27:41,194 [Time-limited test] INFO  grpc.GrpcConfigKeys (ConfUtils.java:logGet(46)) - raft.grpc.server.async.request.thread.pool.size = 32 (default)
2023-06-06 14:27:41,196 [Time-limited test] INFO  impl.DataStreamServerImpl (ConfUtils.java:logGet(46)) - raft.datastream.type = NETTY (custom)
2023-06-06 14:27:41,196 [Time-limited test] INFO  server.RaftServerConfigKeys (ConfUtils.java:logGet(46)) - raft.server.data-stream.async.request.thread.pool.cached = false (default)
2023-06-06 14:27:41,196 [Time-limited test] INFO  server.RaftServerConfigKeys (ConfUtils.java:logGet(46)) - raft.server.data-stream.async.request.thread.pool.size = 20 (custom)
2023-06-06 14:27:41,196 [Time-limited test] INFO  server.RaftServerConfigKeys (ConfUtils.java:logGet(46)) - raft.server.data-stream.async.write.thread.pool.size = 16 (default)
2023-06-06 14:27:41,197 [Time-limited test] INFO  server.RaftServerConfigKeys (ConfUtils.java:logGet(46)) - raft.server.data-stream.client.pool.size = 10 (default)
2023-06-06 14:27:41,197 [Time-limited test] INFO  netty.NettyConfigKeys$DataStream (ConfUtils.java:logGet(46)) - raft.netty.dataStream.server.use-epoll = false (default)
2023-06-06 14:27:41,197 [Time-limited test] INFO  netty.NettyConfigKeys$DataStream (ConfUtils.java:logGet(46)) - raft.netty.dataStream.server.boss-group.size = 0 (default)
2023-06-06 14:27:41,197 [Time-limited test] INFO  netty.NettyConfigKeys$DataStream (ConfUtils.java:logGet(46)) - raft.netty.dataStream.server.worker-group.size = 0 (default)
2023-06-06 14:27:41,197 [Time-limited test] INFO  netty.NettyConfigKeys$DataStream (ConfUtils.java:logGet(46)) - raft.netty.dataStream.server.tls.conf = null (default)
2023-06-06 14:27:41,197 [Time-limited test] INFO  netty.NettyConfigKeys$DataStream (ConfUtils.java:logGet(46)) - raft.netty.dataStream.host = null (default)
2023-06-06 14:27:41,197 [Time-limited test] INFO  netty.NettyConfigKeys$DataStream (ConfUtils.java:logGet(46)) - raft.netty.dataStream.port = 15085 (custom)
2023-06-06 14:27:41,198 [Time-limited test] INFO  server.RaftServerConfigKeys (ConfUtils.java:logGet(46)) - raft.server.threadpool.proxy.cached = true (default)
2023-06-06 14:27:41,198 [Time-limited test] INFO  server.RaftServerConfigKeys (ConfUtils.java:logGet(46)) - raft.server.threadpool.proxy.size = 0 (default)
2023-06-06 14:27:41,198 [Time-limited test] INFO  server.RaftServerConfigKeys (ConfUtils.java:logGet(46)) - raft.server.rpc.slowness.timeout = 300s (custom)
2023-06-06 14:27:41,198 [Time-limited test] INFO  server.RaftServerConfigKeys (ConfUtils.java:logGet(46)) - raft.server.leaderelection.leader.step-down.wait-time = 10s (default)
2023-06-06 14:27:41,198 [Time-limited test] INFO  server.RaftServerConfigKeys (ConfUtils.java:logGet(46)) - raft.server.storage.dir = [/home/runner/work/ozone/ozone/hadoop-ozone/integration-test/target/test-dir/MiniOzoneClusterImpl-0067d30e-4f89-4c9b-b2b0-188d8bbd32e4/datanode-2/data/ratis] (custom)
2023-06-06 14:27:41,199 [eace5f59-788d-4728-aabc-814a8b7743c4-NettyServerStreamRpc-bossGroup--thread1] INFO  logging.LoggingHandler (AbstractInternalLogger.java:log(148)) - [id: 0xccebf5b1] REGISTERED
2023-06-06 14:27:41,199 [eace5f59-788d-4728-aabc-814a8b7743c4-NettyServerStreamRpc-bossGroup--thread1] INFO  logging.LoggingHandler (AbstractInternalLogger.java:log(148)) - [id: 0xccebf5b1] BIND: 0.0.0.0/0.0.0.0:15085
2023-06-06 14:27:41,199 [eace5f59-788d-4728-aabc-814a8b7743c4-NettyServerStreamRpc-bossGroup--thread1] INFO  logging.LoggingHandler (AbstractInternalLogger.java:log(148)) - [id: 0xccebf5b1, L:/0:0:0:0:0:0:0:0:15085] ACTIVE
2023-06-06 14:27:41,201 [Time-limited test] INFO  server.XceiverServerGrpc (XceiverServerGrpc.java:<init>(132)) - GrpcServer channel type EpollServerSocketChannel
2023-06-06 14:27:41,202 [Time-limited test] INFO  replication.ReplicationSupervisor (ReplicationSupervisor.java:nodeStateUpdated(305)) - Node state updated to IN_SERVICE, scaling executor pool size to 10
2023-06-06 14:27:41,206 [Time-limited test] INFO  http.BaseHttpServer (BaseHttpServer.java:newHttpServer2BuilderForOzone(224)) - Starting Web-server for hddsDatanode at: http://0.0.0.0:15079
2023-06-06 14:27:41,206 [Time-limited test] INFO  http.BaseHttpServer (BaseHttpServer.java:<init>(111)) - Hadoop Security Enabled: false Ozone Security Enabled: false Ozone HTTP Security Enabled: false 
2023-06-06 14:27:41,207 [Time-limited test] WARN  server.AuthenticationFilter (AuthenticationFilter.java:constructSecretProvider(240)) - Unable to initialize FileSignerSecretProvider, falling back to use random secrets. Reason: Could not read signature secret file: /home/runner/hadoop-http-auth-signature-secret
2023-06-06 14:27:41,208 [Time-limited test] INFO  http.HttpRequestLog (HttpRequestLog.java:getRequestLog(86)) - Http request log for http.requests.hddsDatanode is not defined
2023-06-06 14:27:41,209 [Time-limited test] INFO  http.HttpServer2 (HttpServer2.java:addGlobalFilter(1031)) - Added global filter 'safety' (class=org.apache.hadoop.hdds.server.http.HttpServer2$QuotingInputFilter)
2023-06-06 14:27:41,210 [Time-limited test] INFO  http.HttpServer2 (HttpServer2.java:addFilter(1007)) - Added filter static_user_filter (class=org.apache.hadoop.http.lib.StaticUserWebFilter$StaticUserFilter) to context hddsDatanode
2023-06-06 14:27:41,210 [Time-limited test] INFO  http.HttpServer2 (HttpServer2.java:addFilter(1015)) - Added filter static_user_filter (class=org.apache.hadoop.http.lib.StaticUserWebFilter$StaticUserFilter) to context logs
2023-06-06 14:27:41,210 [Time-limited test] INFO  http.HttpServer2 (HttpServer2.java:addFilter(1015)) - Added filter static_user_filter (class=org.apache.hadoop.http.lib.StaticUserWebFilter$StaticUserFilter) to context static
2023-06-06 14:27:41,210 [Time-limited test] INFO  http.BaseHttpServer (BaseHttpServer.java:<init>(190)) - HTTP server of hddsDatanode uses base directory /home/runner/work/ozone/ozone/hadoop-ozone/integration-test/target/test-dir/MiniOzoneClusterImpl-0067d30e-4f89-4c9b-b2b0-188d8bbd32e4/datanode-2/meta/webserver
2023-06-06 14:27:41,211 [Time-limited test] INFO  http.HttpServer2 (HttpServer2.java:bindListener(1250)) - Jetty bound to port 15079
2023-06-06 14:27:41,211 [Time-limited test] INFO  server.Server (Server.java:doStart(375)) - jetty-9.4.51.v20230217; built: 2023-02-17T08:19:37.309Z; git: b45c405e4544384de066f814ed42ae3dceacdd49; jvm 1.8.0_372-b07
2023-06-06 14:27:41,214 [Time-limited test] INFO  server.session (DefaultSessionIdManager.java:doStart(334)) - DefaultSessionIdManager workerName=node0
2023-06-06 14:27:41,214 [Time-limited test] INFO  server.session (DefaultSessionIdManager.java:doStart(339)) - No SessionScavenger set, using defaults
2023-06-06 14:27:41,214 [Time-limited test] INFO  server.session (HouseKeeper.java:startScavenging(132)) - node0 Scavenging every 660000ms
2023-06-06 14:27:41,215 [Time-limited test] INFO  handler.ContextHandler (ContextHandler.java:doStart(921)) - Started o.e.j.s.ServletContextHandler@621d157e{logs,/logs,file:///home/runner/work/ozone/ozone/hadoop-ozone/integration-test/target/log,AVAILABLE}
2023-06-06 14:27:41,215 [Time-limited test] INFO  handler.ContextHandler (ContextHandler.java:doStart(921)) - Started o.e.j.s.ServletContextHandler@e402b7b{static,/static,jar:file:/home/runner/.m2/repository/org/apache/ozone/hdds-container-service/1.4.0-SNAPSHOT/hdds-container-service-1.4.0-SNAPSHOT.jar!/webapps/static,AVAILABLE}
2023-06-06 14:27:41,224 [om1@group-C5BA1605619E-FollowerState] INFO  impl.FollowerState (FollowerState.java:run(143)) - om1@group-C5BA1605619E-FollowerState: change to CANDIDATE, lastRpcElapsedTime:1008667579ns, electionTimeout:1008ms
2023-06-06 14:27:41,224 [om1@group-C5BA1605619E-FollowerState] INFO  impl.RoleInfo (RoleInfo.java:shutdownFollowerState(110)) - om1: shutdown om1@group-C5BA1605619E-FollowerState
2023-06-06 14:27:41,224 [om1@group-C5BA1605619E-FollowerState] INFO  server.RaftServer$Division (RaftServerImpl.java:setRole(329)) - om1@group-C5BA1605619E: changes role from  FOLLOWER to CANDIDATE at term 0 for changeToCandidate
2023-06-06 14:27:41,224 [om1@group-C5BA1605619E-FollowerState] INFO  server.RaftServerConfigKeys (ConfUtils.java:logGet(46)) - raft.server.leaderelection.pre-vote = true (default)
2023-06-06 14:27:41,224 [om1@group-C5BA1605619E-FollowerState] INFO  impl.RoleInfo (RoleInfo.java:updateAndGet(139)) - om1: start om1@group-C5BA1605619E-LeaderElection11
2023-06-06 14:27:41,225 [om1@group-C5BA1605619E-LeaderElection11] INFO  impl.LeaderElection (LeaderElection.java:askForVotes(321)) - om1@group-C5BA1605619E-LeaderElection11 PRE_VOTE round 0: submit vote requests at term 0 for -1: peers:[om1|rpc:localhost:15059|priority:0|startupRole:FOLLOWER]|listeners:[], old=null
2023-06-06 14:27:41,225 [om1@group-C5BA1605619E-LeaderElection11] INFO  impl.LeaderElection (LeaderElection.java:askForVotes(323)) - om1@group-C5BA1605619E-LeaderElection11 PRE_VOTE round 0: result PASSED (term=0)
2023-06-06 14:27:41,227 [om1@group-C5BA1605619E-LeaderElection11] INFO  impl.LeaderElection (LeaderElection.java:askForVotes(321)) - om1@group-C5BA1605619E-LeaderElection11 ELECTION round 0: submit vote requests at term 1 for -1: peers:[om1|rpc:localhost:15059|priority:0|startupRole:FOLLOWER]|listeners:[], old=null
2023-06-06 14:27:41,227 [om1@group-C5BA1605619E-LeaderElection11] INFO  impl.LeaderElection (LeaderElection.java:askForVotes(323)) - om1@group-C5BA1605619E-LeaderElection11 ELECTION round 0: result PASSED (term=1)
2023-06-06 14:27:41,227 [om1@group-C5BA1605619E-LeaderElection11] INFO  impl.RoleInfo (RoleInfo.java:shutdownLeaderElection(130)) - om1: shutdown om1@group-C5BA1605619E-LeaderElection11
2023-06-06 14:27:41,227 [om1@group-C5BA1605619E-LeaderElection11] INFO  server.RaftServer$Division (RaftServerImpl.java:setRole(329)) - om1@group-C5BA1605619E: changes role from CANDIDATE to LEADER at term 1 for changeToLeader
2023-06-06 14:27:41,227 [om1@group-C5BA1605619E-LeaderElection11] INFO  server.RaftServer$Division (ServerState.java:setLeader(317)) - om1@group-C5BA1605619E: change Leader from null to om1 at term 1 for becomeLeader, leader elected after 1428ms
2023-06-06 14:27:41,227 [om1@group-C5BA1605619E-LeaderElection11] INFO  server.RaftServerConfigKeys (ConfUtils.java:logGet(46)) - raft.server.staging.catchup.gap = 1000 (default)
2023-06-06 14:27:41,227 [om1@group-C5BA1605619E-LeaderElection11] INFO  server.RaftServerConfigKeys (ConfUtils.java:logGet(46)) - raft.server.write.element-limit = 4096 (default)
2023-06-06 14:27:41,228 [om1@group-C5BA1605619E-LeaderElection11] INFO  server.RaftServerConfigKeys (ConfUtils.java:logGet(46)) - raft.server.write.byte-limit = 64MB (=67108864) (default)
2023-06-06 14:27:41,228 [om1@group-C5BA1605619E-LeaderElection11] INFO  server.RaftServerConfigKeys (ConfUtils.java:logGet(46)) - raft.server.watch.timeout = 10s (default)
2023-06-06 14:27:41,228 [om1@group-C5BA1605619E-LeaderElection11] INFO  server.RaftServerConfigKeys (ConfUtils.java:logGet(46)) - raft.server.watch.timeout.denomination = 1s (default)
2023-06-06 14:27:41,228 [om1@group-C5BA1605619E-LeaderElection11] INFO  server.RaftServerConfigKeys (ConfUtils.java:logGet(46)) - raft.server.watch.element-limit = 65536 (default)
2023-06-06 14:27:41,228 [om1@group-C5BA1605619E-LeaderElection11] INFO  server.RaftServerConfigKeys (ConfUtils.java:logGet(46)) - raft.server.write.element-limit = 4096 (default)
2023-06-06 14:27:41,228 [om1@group-C5BA1605619E-LeaderElection11] INFO  server.RaftServerConfigKeys (ConfUtils.java:logGet(46)) - raft.server.write.follower.gap.ratio.max = -1.0 (default)
2023-06-06 14:27:41,228 [om1@group-C5BA1605619E-LeaderElection11] INFO  impl.RoleInfo (RoleInfo.java:updateAndGet(139)) - om1: start om1@group-C5BA1605619E-LeaderStateImpl
2023-06-06 14:27:41,228 [om1@group-C5BA1605619E-LeaderElection11] INFO  segmented.SegmentedRaftLogWorker (SegmentedRaftLogWorker.java:startLogSegment(447)) - om1@group-C5BA1605619E-SegmentedRaftLogWorker: Starting segment from index:0
2023-06-06 14:27:41,233 [om1@group-C5BA1605619E-LeaderElection11] INFO  server.RaftServer$Division (ServerState.java:setRaftConf(434)) - om1@group-C5BA1605619E: set configuration 0: peers:[om1|rpc:localhost:15059|admin:|client:|dataStream:|priority:0|startupRole:FOLLOWER]|listeners:[], old=null
2023-06-06 14:27:41,238 [om1@group-C5BA1605619E-SegmentedRaftLogWorker] INFO  segmented.SegmentedRaftLogWorker (SegmentedRaftLogWorker.java:execute(651)) - om1@group-C5BA1605619E-SegmentedRaftLogWorker: created new log segment /home/runner/work/ozone/ozone/hadoop-ozone/integration-test/target/test-dir/MiniOzoneClusterImpl-0067d30e-4f89-4c9b-b2b0-188d8bbd32e4/ozone-meta/ratis/bf265839-605b-3f16-9796-c5ba1605619e/current/log_inprogress_0
2023-06-06 14:27:41,240 [om1@group-C5BA1605619E-StateMachineUpdater] INFO  ratis.OzoneManagerStateMachine (OzoneManagerStateMachine.java:notifyConfigurationChanged(201)) - Received Configuration change notification from Ratis. New Peer list:
[id: "om1"
address: "localhost:15059"
startupRole: FOLLOWER
]
2023-06-06 14:27:41,410 [Time-limited test] INFO  handler.ContextHandler (ContextHandler.java:doStart(921)) - Started o.e.j.w.WebAppContext@2893a0e7{hddsDatanode,/,file:///home/runner/work/ozone/ozone/hadoop-ozone/integration-test/target/test-dir/MiniOzoneClusterImpl-0067d30e-4f89-4c9b-b2b0-188d8bbd32e4/datanode-2/meta/webserver/jetty-0_0_0_0-15079-hdds-container-service-1_4_0-SNAPSHOT_jar-_-any-6931612869933833846/webapp/,AVAILABLE}{jar:file:/home/runner/.m2/repository/org/apache/ozone/hdds-container-service/1.4.0-SNAPSHOT/hdds-container-service-1.4.0-SNAPSHOT.jar!/webapps/hddsDatanode}
2023-06-06 14:27:41,411 [Time-limited test] INFO  server.AbstractConnector (AbstractConnector.java:doStart(333)) - Started ServerConnector@3640b575{HTTP/1.1, (http/1.1)}{0.0.0.0:15079}
2023-06-06 14:27:41,411 [Time-limited test] INFO  server.Server (Server.java:doStart(415)) - Started @70534ms
2023-06-06 14:27:41,411 [Time-limited test] WARN  impl.MetricsSystemImpl (MetricsSystemImpl.java:register(279)) - Sink prometheus already exists!
2023-06-06 14:27:41,412 [Time-limited test] INFO  http.BaseHttpServer (BaseHttpServer.java:updateConnectorAddress(344)) - HTTP server of hddsDatanode listening at http://0.0.0.0:15079
2023-06-06 14:27:41,412 [Time-limited test] INFO  ipc.CallQueueManager (CallQueueManager.java:<init>(90)) - Using callQueue: class java.util.concurrent.LinkedBlockingQueue, queueCapacity: 100, scheduler: class org.apache.hadoop.ipc.DefaultRpcScheduler, ipcBackoff: false.
2023-06-06 14:27:41,413 [Socket Reader #1 for port 15080] INFO  ipc.Server (Server.java:run(1319)) - Starting Socket Reader #1 for port 15080
2023-06-06 14:27:41,415 [Listener at 0.0.0.0/15080] INFO  hdds.HddsUtils (HddsUtils.java:preserveThreadName(843)) - Restoring thread name: Time-limited test
2023-06-06 14:27:41,415 [Time-limited test] INFO  ozone.HddsDatanodeService (HddsDatanodeService.java:start(331)) - Datanode start with admins: [runner]
2023-06-06 14:27:41,415 [Time-limited test] INFO  ozone.HddsDatanodeClientProtocolServer (HddsDatanodeClientProtocolServer.java:start(83)) - RPC server for Client /0.0.0.0:15080
2023-06-06 14:27:41,415 [IPC Server Responder] INFO  ipc.Server (Server.java:run(1558)) - IPC Server Responder: starting
2023-06-06 14:27:41,416 [IPC Server listener on 15080] INFO  ipc.Server (Server.java:run(1398)) - IPC Server listener on 15080: starting
2023-06-06 14:27:41,416 [Datanode State Machine Daemon Thread] INFO  statemachine.DatanodeStateMachine (DatanodeStateMachine.java:lambda$startDaemon$0(523)) - Ozone container server started.
2023-06-06 14:27:41,416 [Time-limited test] INFO  ozone.MiniOzoneClusterImpl (MiniOzoneClusterImpl.java:lambda$waitForClusterToBeReady$0(222)) - Waiting for nodes to be ready. Got 0 of 3 DN Heartbeats.
2023-06-06 14:27:41,416 [Time-limited test] INFO  ozone.MiniOzoneClusterImpl (MiniOzoneClusterImpl.java:lambda$waitForClusterToBeReady$0(225)) - Waiting for cluster to exit safe mode
2023-06-06 14:27:41,416 [Time-limited test] INFO  ozone.MiniOzoneClusterImpl (MiniOzoneClusterImpl.java:lambda$waitForClusterToBeReady$0(227)) - SCM became leader
2023-06-06 14:27:41,421 [Datanode State Machine Task Thread - 0] INFO  datanode.InitDatanodeState (InitDatanodeState.java:persistContainerDatanodeDetails(138)) - DatanodeDetails is persisted to /home/runner/work/ozone/ozone/hadoop-ozone/integration-test/target/test-dir/MiniOzoneClusterImpl-0067d30e-4f89-4c9b-b2b0-188d8bbd32e4/datanode-2/meta/datanode.id
2023-06-06 14:27:42,416 [Time-limited test] INFO  ozone.MiniOzoneClusterImpl (MiniOzoneClusterImpl.java:lambda$waitForClusterToBeReady$0(222)) - Waiting for nodes to be ready. Got 0 of 3 DN Heartbeats.
2023-06-06 14:27:42,417 [Time-limited test] INFO  ozone.MiniOzoneClusterImpl (MiniOzoneClusterImpl.java:lambda$waitForClusterToBeReady$0(225)) - Waiting for cluster to exit safe mode
2023-06-06 14:27:42,417 [Time-limited test] INFO  ozone.MiniOzoneClusterImpl (MiniOzoneClusterImpl.java:lambda$waitForClusterToBeReady$0(227)) - SCM became leader
2023-06-06 14:27:42,839 [EndpointStateMachine task thread for /0.0.0.0:15054 - 0 ] INFO  utils.DatanodeStoreCache (DatanodeStoreCache.java:addDB(66)) - Added db /home/runner/work/ozone/ozone/hadoop-ozone/integration-test/target/test-dir/MiniOzoneClusterImpl-0067d30e-4f89-4c9b-b2b0-188d8bbd32e4/datanode-0/data-0/containers/hdds/0067d30e-4f89-4c9b-b2b0-188d8bbd32e4/DS-ad0a3b0d-fa61-42a0-a0d6-a9afea53d005/container.db to cache
2023-06-06 14:27:42,839 [EndpointStateMachine task thread for /0.0.0.0:15054 - 0 ] INFO  volume.HddsVolume (HddsVolume.java:createDbStore(350)) - SchemaV3 db is created and loaded at /home/runner/work/ozone/ozone/hadoop-ozone/integration-test/target/test-dir/MiniOzoneClusterImpl-0067d30e-4f89-4c9b-b2b0-188d8bbd32e4/datanode-0/data-0/containers/hdds/0067d30e-4f89-4c9b-b2b0-188d8bbd32e4/DS-ad0a3b0d-fa61-42a0-a0d6-a9afea53d005/container.db for volume DS-ad0a3b0d-fa61-42a0-a0d6-a9afea53d005
2023-06-06 14:27:42,840 [EndpointStateMachine task thread for /0.0.0.0:15054 - 0 ] INFO  ozoneimpl.OzoneContainer (OzoneContainer.java:start(398)) - Attempting to start container services.
2023-06-06 14:27:42,840 [EndpointStateMachine task thread for /0.0.0.0:15054 - 0 ] INFO  ozoneimpl.OzoneContainer (OzoneContainer.java:startContainerScrub(314)) - Scheduled background container scanners and the on-demand container scanner have been disabled.
2023-06-06 14:27:42,842 [EndpointStateMachine task thread for /0.0.0.0:15054 - 0 ] INFO  replication.ReplicationServer (ReplicationServer.java:start(128)) - ReplicationServer is started using port 15068
2023-06-06 14:27:42,842 [EndpointStateMachine task thread for /0.0.0.0:15054 - 0 ] INFO  ratis.XceiverServerRatis (XceiverServerRatis.java:start(517)) - Starting XceiverServerRatis dc31b473-b1c6-4224-b715-646a963524cb
2023-06-06 14:27:42,845 [EndpointStateMachine task thread for /0.0.0.0:15054 - 0 ] INFO  server.RaftServer (RaftServerProxy.java:startImpl(400)) - dc31b473-b1c6-4224-b715-646a963524cb: start RPC server
2023-06-06 14:27:42,846 [EndpointStateMachine task thread for /0.0.0.0:15054 - 0 ] INFO  server.GrpcService (GrpcService.java:startImpl(302)) - dc31b473-b1c6-4224-b715-646a963524cb: GrpcService started, listening on 15064
2023-06-06 14:27:42,850 [EndpointStateMachine task thread for /0.0.0.0:15054 - 0 ] INFO  server.GrpcService (GrpcService.java:startImpl(302)) - dc31b473-b1c6-4224-b715-646a963524cb: GrpcService started, listening on 15066
2023-06-06 14:27:42,853 [EndpointStateMachine task thread for /0.0.0.0:15054 - 0 ] INFO  server.GrpcService (GrpcService.java:startImpl(302)) - dc31b473-b1c6-4224-b715-646a963524cb: GrpcService started, listening on 15065
2023-06-06 14:27:42,853 [EndpointStateMachine task thread for /0.0.0.0:15054 - 0 ] INFO  ratis.XceiverServerRatis (XceiverServerRatis.java:getRealPort(543)) - XceiverServerRatis dc31b473-b1c6-4224-b715-646a963524cb is started using port 15064 for RATIS
2023-06-06 14:27:42,853 [EndpointStateMachine task thread for /0.0.0.0:15054 - 0 ] INFO  ratis.XceiverServerRatis (XceiverServerRatis.java:getRealPort(543)) - XceiverServerRatis dc31b473-b1c6-4224-b715-646a963524cb is started using port 15065 for RATIS_ADMIN
2023-06-06 14:27:42,853 [JvmPauseMonitor10] INFO  util.JvmPauseMonitor (JvmPauseMonitor.java:run(103)) - JvmPauseMonitor-dc31b473-b1c6-4224-b715-646a963524cb: Started
2023-06-06 14:27:42,853 [EndpointStateMachine task thread for /0.0.0.0:15054 - 0 ] INFO  ratis.XceiverServerRatis (XceiverServerRatis.java:getRealPort(543)) - XceiverServerRatis dc31b473-b1c6-4224-b715-646a963524cb is started using port 15066 for RATIS_SERVER
2023-06-06 14:27:42,854 [EndpointStateMachine task thread for /0.0.0.0:15054 - 0 ] INFO  ratis.XceiverServerRatis (XceiverServerRatis.java:getRealPort(543)) - XceiverServerRatis dc31b473-b1c6-4224-b715-646a963524cb is started using port 15067 for RATIS_DATASTREAM
2023-06-06 14:27:42,865 [BlockDeletingService#0] INFO  interfaces.ContainerDeletionChoosingPolicyTemplate (ContainerDeletionChoosingPolicyTemplate.java:chooseContainerForBlockDeletion(83)) - Chosen 0/5000 blocks from 0 candidate containers.
2023-06-06 14:27:43,160 [EndpointStateMachine task thread for /0.0.0.0:15054 - 0 ] INFO  utils.DatanodeStoreCache (DatanodeStoreCache.java:addDB(66)) - Added db /home/runner/work/ozone/ozone/hadoop-ozone/integration-test/target/test-dir/MiniOzoneClusterImpl-0067d30e-4f89-4c9b-b2b0-188d8bbd32e4/datanode-1/data-0/containers/hdds/0067d30e-4f89-4c9b-b2b0-188d8bbd32e4/DS-070065ae-d2eb-4b41-9357-4d8736863b2e/container.db to cache
2023-06-06 14:27:43,161 [EndpointStateMachine task thread for /0.0.0.0:15054 - 0 ] INFO  volume.HddsVolume (HddsVolume.java:createDbStore(350)) - SchemaV3 db is created and loaded at /home/runner/work/ozone/ozone/hadoop-ozone/integration-test/target/test-dir/MiniOzoneClusterImpl-0067d30e-4f89-4c9b-b2b0-188d8bbd32e4/datanode-1/data-0/containers/hdds/0067d30e-4f89-4c9b-b2b0-188d8bbd32e4/DS-070065ae-d2eb-4b41-9357-4d8736863b2e/container.db for volume DS-070065ae-d2eb-4b41-9357-4d8736863b2e
2023-06-06 14:27:43,161 [EndpointStateMachine task thread for /0.0.0.0:15054 - 0 ] INFO  ozoneimpl.OzoneContainer (OzoneContainer.java:start(398)) - Attempting to start container services.
2023-06-06 14:27:43,161 [EndpointStateMachine task thread for /0.0.0.0:15054 - 0 ] INFO  ozoneimpl.OzoneContainer (OzoneContainer.java:startContainerScrub(314)) - Scheduled background container scanners and the on-demand container scanner have been disabled.
2023-06-06 14:27:43,163 [EndpointStateMachine task thread for /0.0.0.0:15054 - 0 ] INFO  replication.ReplicationServer (ReplicationServer.java:start(128)) - ReplicationServer is started using port 15077
2023-06-06 14:27:43,163 [EndpointStateMachine task thread for /0.0.0.0:15054 - 0 ] INFO  ratis.XceiverServerRatis (XceiverServerRatis.java:start(517)) - Starting XceiverServerRatis 15c64375-eb37-4995-8297-e35bcf5786b9
2023-06-06 14:27:43,164 [EndpointStateMachine task thread for /0.0.0.0:15054 - 0 ] INFO  server.RaftServer (RaftServerProxy.java:startImpl(400)) - 15c64375-eb37-4995-8297-e35bcf5786b9: start RPC server
2023-06-06 14:27:43,165 [EndpointStateMachine task thread for /0.0.0.0:15054 - 0 ] INFO  server.GrpcService (GrpcService.java:startImpl(302)) - 15c64375-eb37-4995-8297-e35bcf5786b9: GrpcService started, listening on 15073
2023-06-06 14:27:43,167 [EndpointStateMachine task thread for /0.0.0.0:15054 - 0 ] INFO  server.GrpcService (GrpcService.java:startImpl(302)) - 15c64375-eb37-4995-8297-e35bcf5786b9: GrpcService started, listening on 15075
2023-06-06 14:27:43,168 [EndpointStateMachine task thread for /0.0.0.0:15054 - 0 ] INFO  server.GrpcService (GrpcService.java:startImpl(302)) - 15c64375-eb37-4995-8297-e35bcf5786b9: GrpcService started, listening on 15074
2023-06-06 14:27:43,172 [EndpointStateMachine task thread for /0.0.0.0:15054 - 0 ] INFO  ratis.XceiverServerRatis (XceiverServerRatis.java:getRealPort(543)) - XceiverServerRatis 15c64375-eb37-4995-8297-e35bcf5786b9 is started using port 15073 for RATIS
2023-06-06 14:27:43,172 [JvmPauseMonitor11] INFO  util.JvmPauseMonitor (JvmPauseMonitor.java:run(103)) - JvmPauseMonitor-15c64375-eb37-4995-8297-e35bcf5786b9: Started
2023-06-06 14:27:43,172 [EndpointStateMachine task thread for /0.0.0.0:15054 - 0 ] INFO  ratis.XceiverServerRatis (XceiverServerRatis.java:getRealPort(543)) - XceiverServerRatis 15c64375-eb37-4995-8297-e35bcf5786b9 is started using port 15074 for RATIS_ADMIN
2023-06-06 14:27:43,172 [EndpointStateMachine task thread for /0.0.0.0:15054 - 0 ] INFO  ratis.XceiverServerRatis (XceiverServerRatis.java:getRealPort(543)) - XceiverServerRatis 15c64375-eb37-4995-8297-e35bcf5786b9 is started using port 15075 for RATIS_SERVER
2023-06-06 14:27:43,172 [EndpointStateMachine task thread for /0.0.0.0:15054 - 0 ] INFO  ratis.XceiverServerRatis (XceiverServerRatis.java:getRealPort(543)) - XceiverServerRatis 15c64375-eb37-4995-8297-e35bcf5786b9 is started using port 15076 for RATIS_DATASTREAM
2023-06-06 14:27:43,178 [BlockDeletingService#0] INFO  interfaces.ContainerDeletionChoosingPolicyTemplate (ContainerDeletionChoosingPolicyTemplate.java:chooseContainerForBlockDeletion(83)) - Chosen 0/5000 blocks from 0 candidate containers.
2023-06-06 14:27:43,417 [Time-limited test] INFO  ozone.MiniOzoneClusterImpl (MiniOzoneClusterImpl.java:lambda$waitForClusterToBeReady$0(222)) - Waiting for nodes to be ready. Got 0 of 3 DN Heartbeats.
2023-06-06 14:27:43,417 [Time-limited test] INFO  ozone.MiniOzoneClusterImpl (MiniOzoneClusterImpl.java:lambda$waitForClusterToBeReady$0(225)) - Waiting for cluster to exit safe mode
2023-06-06 14:27:43,417 [Time-limited test] INFO  ozone.MiniOzoneClusterImpl (MiniOzoneClusterImpl.java:lambda$waitForClusterToBeReady$0(227)) - SCM became leader
2023-06-06 14:27:43,446 [EndpointStateMachine task thread for /0.0.0.0:15054 - 0 ] INFO  utils.DatanodeStoreCache (DatanodeStoreCache.java:addDB(66)) - Added db /home/runner/work/ozone/ozone/hadoop-ozone/integration-test/target/test-dir/MiniOzoneClusterImpl-0067d30e-4f89-4c9b-b2b0-188d8bbd32e4/datanode-2/data-0/containers/hdds/0067d30e-4f89-4c9b-b2b0-188d8bbd32e4/DS-b8f6e916-d50d-4eaa-b945-82d9157dd3ec/container.db to cache
2023-06-06 14:27:43,446 [EndpointStateMachine task thread for /0.0.0.0:15054 - 0 ] INFO  volume.HddsVolume (HddsVolume.java:createDbStore(350)) - SchemaV3 db is created and loaded at /home/runner/work/ozone/ozone/hadoop-ozone/integration-test/target/test-dir/MiniOzoneClusterImpl-0067d30e-4f89-4c9b-b2b0-188d8bbd32e4/datanode-2/data-0/containers/hdds/0067d30e-4f89-4c9b-b2b0-188d8bbd32e4/DS-b8f6e916-d50d-4eaa-b945-82d9157dd3ec/container.db for volume DS-b8f6e916-d50d-4eaa-b945-82d9157dd3ec
2023-06-06 14:27:43,447 [EndpointStateMachine task thread for /0.0.0.0:15054 - 0 ] INFO  ozoneimpl.OzoneContainer (OzoneContainer.java:start(398)) - Attempting to start container services.
2023-06-06 14:27:43,447 [EndpointStateMachine task thread for /0.0.0.0:15054 - 0 ] INFO  ozoneimpl.OzoneContainer (OzoneContainer.java:startContainerScrub(314)) - Scheduled background container scanners and the on-demand container scanner have been disabled.
2023-06-06 14:27:43,449 [EndpointStateMachine task thread for /0.0.0.0:15054 - 0 ] INFO  replication.ReplicationServer (ReplicationServer.java:start(128)) - ReplicationServer is started using port 15086
2023-06-06 14:27:43,449 [EndpointStateMachine task thread for /0.0.0.0:15054 - 0 ] INFO  ratis.XceiverServerRatis (XceiverServerRatis.java:start(517)) - Starting XceiverServerRatis eace5f59-788d-4728-aabc-814a8b7743c4
2023-06-06 14:27:43,450 [EndpointStateMachine task thread for /0.0.0.0:15054 - 0 ] INFO  server.RaftServer (RaftServerProxy.java:startImpl(400)) - eace5f59-788d-4728-aabc-814a8b7743c4: start RPC server
2023-06-06 14:27:43,455 [EndpointStateMachine task thread for /0.0.0.0:15054 - 0 ] INFO  server.GrpcService (GrpcService.java:startImpl(302)) - eace5f59-788d-4728-aabc-814a8b7743c4: GrpcService started, listening on 15082
2023-06-06 14:27:43,458 [EndpointStateMachine task thread for /0.0.0.0:15054 - 0 ] INFO  server.GrpcService (GrpcService.java:startImpl(302)) - eace5f59-788d-4728-aabc-814a8b7743c4: GrpcService started, listening on 15084
2023-06-06 14:27:43,458 [EndpointStateMachine task thread for /0.0.0.0:15054 - 0 ] INFO  server.GrpcService (GrpcService.java:startImpl(302)) - eace5f59-788d-4728-aabc-814a8b7743c4: GrpcService started, listening on 15083
2023-06-06 14:27:43,459 [EndpointStateMachine task thread for /0.0.0.0:15054 - 0 ] INFO  ratis.XceiverServerRatis (XceiverServerRatis.java:getRealPort(543)) - XceiverServerRatis eace5f59-788d-4728-aabc-814a8b7743c4 is started using port 15082 for RATIS
2023-06-06 14:27:43,459 [JvmPauseMonitor12] INFO  util.JvmPauseMonitor (JvmPauseMonitor.java:run(103)) - JvmPauseMonitor-eace5f59-788d-4728-aabc-814a8b7743c4: Started
2023-06-06 14:27:43,459 [EndpointStateMachine task thread for /0.0.0.0:15054 - 0 ] INFO  ratis.XceiverServerRatis (XceiverServerRatis.java:getRealPort(543)) - XceiverServerRatis eace5f59-788d-4728-aabc-814a8b7743c4 is started using port 15083 for RATIS_ADMIN
2023-06-06 14:27:43,459 [EndpointStateMachine task thread for /0.0.0.0:15054 - 0 ] INFO  ratis.XceiverServerRatis (XceiverServerRatis.java:getRealPort(543)) - XceiverServerRatis eace5f59-788d-4728-aabc-814a8b7743c4 is started using port 15084 for RATIS_SERVER
2023-06-06 14:27:43,459 [EndpointStateMachine task thread for /0.0.0.0:15054 - 0 ] INFO  ratis.XceiverServerRatis (XceiverServerRatis.java:getRealPort(543)) - XceiverServerRatis eace5f59-788d-4728-aabc-814a8b7743c4 is started using port 15085 for RATIS_DATASTREAM
2023-06-06 14:27:43,460 [BlockDeletingService#0] INFO  interfaces.ContainerDeletionChoosingPolicyTemplate (ContainerDeletionChoosingPolicyTemplate.java:chooseContainerForBlockDeletion(83)) - Chosen 0/5000 blocks from 0 candidate containers.
2023-06-06 14:27:44,417 [Time-limited test] INFO  ozone.MiniOzoneClusterImpl (MiniOzoneClusterImpl.java:lambda$waitForClusterToBeReady$0(222)) - Waiting for nodes to be ready. Got 0 of 3 DN Heartbeats.
2023-06-06 14:27:44,417 [Time-limited test] INFO  ozone.MiniOzoneClusterImpl (MiniOzoneClusterImpl.java:lambda$waitForClusterToBeReady$0(225)) - Waiting for cluster to exit safe mode
2023-06-06 14:27:44,417 [Time-limited test] INFO  ozone.MiniOzoneClusterImpl (MiniOzoneClusterImpl.java:lambda$waitForClusterToBeReady$0(227)) - SCM became leader
2023-06-06 14:27:44,811 [IPC Server handler 13 on default port 15054] INFO  net.NetworkTopologyImpl (NetworkTopologyImpl.java:add(112)) - Added a new node: /default-rack/dc31b473-b1c6-4224-b715-646a963524cb
2023-06-06 14:27:44,811 [IPC Server handler 13 on default port 15054] INFO  node.SCMNodeManager (SCMNodeManager.java:register(407)) - Registered Data node : dc31b473-b1c6-4224-b715-646a963524cb{ip: 10.1.0.37, host: fv-az1133-973.qlb2sqfkji0uhjsjdnlwzcsdwg.bx.internal.cloudapp.net, ports: [HTTP=15061, CLIENT_RPC=15062, REPLICATION=15068, RATIS=15064, RATIS_ADMIN=15065, RATIS_SERVER=15066, RATIS_DATASTREAM=15067, STANDALONE=15063], networkLocation: /default-rack, certSerialId: null, persistedOpState: null, persistedOpStateExpiryEpochSec: 0}
2023-06-06 14:27:44,814 [EventQueue-NodeRegistrationContainerReportForDataNodeSafeModeRule] INFO  safemode.SCMSafeModeManager (DataNodeSafeModeRule.java:process(71)) - SCM in safe mode. 1 DataNodes registered, 3 required.
2023-06-06 14:27:44,814 [EventQueue-NodeRegistrationContainerReportForContainerSafeModeRule] INFO  safemode.SCMSafeModeManager (SCMSafeModeManager.java:validateSafeModeExitRules(200)) - ContainerSafeModeRule rule is successfully validated
2023-06-06 14:27:44,822 [EventQueue-NewNodeForNewNodeHandler] INFO  pipeline.BackgroundPipelineCreator (BackgroundPipelineCreator.java:notifyEventTriggered(276)) - trigger a one-shot run on RatisPipelineUtilsThread.
2023-06-06 14:27:44,822 [RatisPipelineUtilsThread - 0] INFO  pipeline.RatisPipelineProvider (RatisPipelineProvider.java:lambda$create$0(206)) - Sending CreatePipelineCommand for pipeline:PipelineID=021d9ddb-9642-41f3-9b79-3ad3f39c7a92 to datanode:dc31b473-b1c6-4224-b715-646a963524cb
2023-06-06 14:27:44,823 [RatisPipelineUtilsThread - 0] INFO  pipeline.PipelineStateManagerImpl (PipelineStateManagerImpl.java:addPipeline(103)) - Created pipeline Pipeline[ Id: 021d9ddb-9642-41f3-9b79-3ad3f39c7a92, Nodes: dc31b473-b1c6-4224-b715-646a963524cb(fv-az1133-973.qlb2sqfkji0uhjsjdnlwzcsdwg.bx.internal.cloudapp.net/10.1.0.37), ReplicationConfig: RATIS/ONE, State:ALLOCATED, leaderId:, CreationTimestamp2023-06-06T14:27:44.822Z[Etc/UTC]].
2023-06-06 14:27:44,825 [EventQueue-PipelineReportForOneReplicaPipelineSafeModeRule] INFO  safemode.SCMSafeModeManager (SCMSafeModeManager.java:validateSafeModeExitRules(200)) - AtleastOneDatanodeReportedRule rule is successfully validated
2023-06-06 14:27:45,132 [IPC Server handler 16 on default port 15054] INFO  net.NetworkTopologyImpl (NetworkTopologyImpl.java:add(112)) - Added a new node: /default-rack/15c64375-eb37-4995-8297-e35bcf5786b9
2023-06-06 14:27:45,132 [IPC Server handler 16 on default port 15054] INFO  node.SCMNodeManager (SCMNodeManager.java:register(407)) - Registered Data node : 15c64375-eb37-4995-8297-e35bcf5786b9{ip: 10.1.0.37, host: fv-az1133-973.qlb2sqfkji0uhjsjdnlwzcsdwg.bx.internal.cloudapp.net, ports: [HTTP=15070, CLIENT_RPC=15071, REPLICATION=15077, RATIS=15073, RATIS_ADMIN=15074, RATIS_SERVER=15075, RATIS_DATASTREAM=15076, STANDALONE=15072], networkLocation: /default-rack, certSerialId: null, persistedOpState: null, persistedOpStateExpiryEpochSec: 0}
2023-06-06 14:27:45,132 [EventQueue-NewNodeForNewNodeHandler] INFO  pipeline.BackgroundPipelineCreator (BackgroundPipelineCreator.java:notifyEventTriggered(276)) - trigger a one-shot run on RatisPipelineUtilsThread.
2023-06-06 14:27:45,133 [RatisPipelineUtilsThread - 0] INFO  pipeline.RatisPipelineProvider (RatisPipelineProvider.java:lambda$create$0(206)) - Sending CreatePipelineCommand for pipeline:PipelineID=d89d5acc-18a8-4d7b-891f-07c4f9050203 to datanode:15c64375-eb37-4995-8297-e35bcf5786b9
2023-06-06 14:27:45,134 [RatisPipelineUtilsThread - 0] INFO  pipeline.PipelineStateManagerImpl (PipelineStateManagerImpl.java:addPipeline(103)) - Created pipeline Pipeline[ Id: d89d5acc-18a8-4d7b-891f-07c4f9050203, Nodes: 15c64375-eb37-4995-8297-e35bcf5786b9(fv-az1133-973.qlb2sqfkji0uhjsjdnlwzcsdwg.bx.internal.cloudapp.net/10.1.0.37), ReplicationConfig: RATIS/ONE, State:ALLOCATED, leaderId:, CreationTimestamp2023-06-06T14:27:45.133Z[Etc/UTC]].
2023-06-06 14:27:45,134 [EventQueue-NodeRegistrationContainerReportForDataNodeSafeModeRule] INFO  safemode.SCMSafeModeManager (DataNodeSafeModeRule.java:process(71)) - SCM in safe mode. 2 DataNodes registered, 3 required.
2023-06-06 14:27:45,418 [Time-limited test] INFO  ozone.MiniOzoneClusterImpl (MiniOzoneClusterImpl.java:lambda$waitForClusterToBeReady$0(222)) - Waiting for nodes to be ready. Got 2 of 3 DN Heartbeats.
2023-06-06 14:27:45,418 [Time-limited test] INFO  ozone.MiniOzoneClusterImpl (MiniOzoneClusterImpl.java:lambda$waitForClusterToBeReady$0(225)) - Waiting for cluster to exit safe mode
2023-06-06 14:27:45,418 [Time-limited test] INFO  ozone.MiniOzoneClusterImpl (MiniOzoneClusterImpl.java:lambda$waitForClusterToBeReady$0(227)) - SCM became leader
2023-06-06 14:27:45,420 [IPC Server handler 19 on default port 15054] INFO  net.NetworkTopologyImpl (NetworkTopologyImpl.java:add(112)) - Added a new node: /default-rack/eace5f59-788d-4728-aabc-814a8b7743c4
2023-06-06 14:27:45,420 [IPC Server handler 19 on default port 15054] INFO  node.SCMNodeManager (SCMNodeManager.java:register(407)) - Registered Data node : eace5f59-788d-4728-aabc-814a8b7743c4{ip: 10.1.0.37, host: fv-az1133-973.qlb2sqfkji0uhjsjdnlwzcsdwg.bx.internal.cloudapp.net, ports: [HTTP=15079, CLIENT_RPC=15080, REPLICATION=15086, RATIS=15082, RATIS_ADMIN=15083, RATIS_SERVER=15084, RATIS_DATASTREAM=15085, STANDALONE=15081], networkLocation: /default-rack, certSerialId: null, persistedOpState: null, persistedOpStateExpiryEpochSec: 0}
2023-06-06 14:27:45,421 [EventQueue-NodeRegistrationContainerReportForDataNodeSafeModeRule] INFO  safemode.SCMSafeModeManager (DataNodeSafeModeRule.java:process(71)) - SCM in safe mode. 3 DataNodes registered, 3 required.
2023-06-06 14:27:45,421 [EventQueue-NodeRegistrationContainerReportForDataNodeSafeModeRule] INFO  safemode.SCMSafeModeManager (SCMSafeModeManager.java:validateSafeModeExitRules(200)) - DataNodeSafeModeRule rule is successfully validated
2023-06-06 14:27:45,421 [EventQueue-NodeRegistrationContainerReportForDataNodeSafeModeRule] INFO  safemode.SCMSafeModeManager (SCMSafeModeManager.java:completePreCheck(229)) - All SCM safe mode pre check rules have passed
2023-06-06 14:27:45,421 [EventQueue-NodeRegistrationContainerReportForDataNodeSafeModeRule] INFO  ha.SCMContext (SCMContext.java:updateSafeModeStatus(228)) - Update SafeModeStatus from SafeModeStatus{safeModeStatus=true, preCheckPassed=false} to SafeModeStatus{safeModeStatus=true, preCheckPassed=true}.
2023-06-06 14:27:45,421 [EventQueue-NodeRegistrationContainerReportForDataNodeSafeModeRule] INFO  pipeline.BackgroundPipelineCreator (BackgroundPipelineCreator.java:notifyEventTriggered(276)) - trigger a one-shot run on RatisPipelineUtilsThread.
2023-06-06 14:27:45,422 [EventQueue-NewNodeForNewNodeHandler] INFO  pipeline.BackgroundPipelineCreator (BackgroundPipelineCreator.java:notifyEventTriggered(276)) - trigger a one-shot run on RatisPipelineUtilsThread.
2023-06-06 14:27:45,422 [RatisPipelineUtilsThread - 0] INFO  pipeline.RatisPipelineProvider (RatisPipelineProvider.java:lambda$create$0(206)) - Sending CreatePipelineCommand for pipeline:PipelineID=a1ec1af0-d03b-4b1f-8082-20554733ffe1 to datanode:eace5f59-788d-4728-aabc-814a8b7743c4
2023-06-06 14:27:45,423 [RatisPipelineUtilsThread - 0] INFO  pipeline.PipelineStateManagerImpl (PipelineStateManagerImpl.java:addPipeline(103)) - Created pipeline Pipeline[ Id: a1ec1af0-d03b-4b1f-8082-20554733ffe1, Nodes: eace5f59-788d-4728-aabc-814a8b7743c4(fv-az1133-973.qlb2sqfkji0uhjsjdnlwzcsdwg.bx.internal.cloudapp.net/10.1.0.37), ReplicationConfig: RATIS/ONE, State:ALLOCATED, leaderId:, CreationTimestamp2023-06-06T14:27:45.422Z[Etc/UTC]].
2023-06-06 14:27:45,423 [RatisPipelineUtilsThread - 0] INFO  pipeline.RatisPipelineProvider (RatisPipelineProvider.java:lambda$create$0(206)) - Sending CreatePipelineCommand for pipeline:PipelineID=ce016cde-559d-42e9-81d0-ae3fe3969e60 to datanode:dc31b473-b1c6-4224-b715-646a963524cb
2023-06-06 14:27:45,423 [RatisPipelineUtilsThread - 0] INFO  pipeline.RatisPipelineProvider (RatisPipelineProvider.java:lambda$create$0(206)) - Sending CreatePipelineCommand for pipeline:PipelineID=ce016cde-559d-42e9-81d0-ae3fe3969e60 to datanode:15c64375-eb37-4995-8297-e35bcf5786b9
2023-06-06 14:27:45,423 [RatisPipelineUtilsThread - 0] INFO  pipeline.RatisPipelineProvider (RatisPipelineProvider.java:lambda$create$0(206)) - Sending CreatePipelineCommand for pipeline:PipelineID=ce016cde-559d-42e9-81d0-ae3fe3969e60 to datanode:eace5f59-788d-4728-aabc-814a8b7743c4
2023-06-06 14:27:45,424 [RatisPipelineUtilsThread - 0] INFO  pipeline.PipelineStateManagerImpl (PipelineStateManagerImpl.java:addPipeline(103)) - Created pipeline Pipeline[ Id: ce016cde-559d-42e9-81d0-ae3fe3969e60, Nodes: dc31b473-b1c6-4224-b715-646a963524cb(fv-az1133-973.qlb2sqfkji0uhjsjdnlwzcsdwg.bx.internal.cloudapp.net/10.1.0.37)15c64375-eb37-4995-8297-e35bcf5786b9(fv-az1133-973.qlb2sqfkji0uhjsjdnlwzcsdwg.bx.internal.cloudapp.net/10.1.0.37)eace5f59-788d-4728-aabc-814a8b7743c4(fv-az1133-973.qlb2sqfkji0uhjsjdnlwzcsdwg.bx.internal.cloudapp.net/10.1.0.37), ReplicationConfig: RATIS/THREE, State:ALLOCATED, leaderId:, CreationTimestamp2023-06-06T14:27:45.423Z[Etc/UTC]].
2023-06-06 14:27:45,424 [RatisPipelineUtilsThread - 0] INFO  pipeline.RatisPipelineProvider (RatisPipelineProvider.java:lambda$create$0(206)) - Sending CreatePipelineCommand for pipeline:PipelineID=7aa553a3-0e68-43c2-8340-6e1b3b21afad to datanode:eace5f59-788d-4728-aabc-814a8b7743c4
2023-06-06 14:27:45,424 [RatisPipelineUtilsThread - 0] INFO  pipeline.RatisPipelineProvider (RatisPipelineProvider.java:lambda$create$0(206)) - Sending CreatePipelineCommand for pipeline:PipelineID=7aa553a3-0e68-43c2-8340-6e1b3b21afad to datanode:15c64375-eb37-4995-8297-e35bcf5786b9
2023-06-06 14:27:45,424 [RatisPipelineUtilsThread - 0] INFO  pipeline.RatisPipelineProvider (RatisPipelineProvider.java:lambda$create$0(206)) - Sending CreatePipelineCommand for pipeline:PipelineID=7aa553a3-0e68-43c2-8340-6e1b3b21afad to datanode:dc31b473-b1c6-4224-b715-646a963524cb
2023-06-06 14:27:45,425 [RatisPipelineUtilsThread - 0] INFO  pipeline.PipelineStateManagerImpl (PipelineStateManagerImpl.java:addPipeline(103)) - Created pipeline Pipeline[ Id: 7aa553a3-0e68-43c2-8340-6e1b3b21afad, Nodes: eace5f59-788d-4728-aabc-814a8b7743c4(fv-az1133-973.qlb2sqfkji0uhjsjdnlwzcsdwg.bx.internal.cloudapp.net/10.1.0.37)15c64375-eb37-4995-8297-e35bcf5786b9(fv-az1133-973.qlb2sqfkji0uhjsjdnlwzcsdwg.bx.internal.cloudapp.net/10.1.0.37)dc31b473-b1c6-4224-b715-646a963524cb(fv-az1133-973.qlb2sqfkji0uhjsjdnlwzcsdwg.bx.internal.cloudapp.net/10.1.0.37), ReplicationConfig: RATIS/THREE, State:ALLOCATED, leaderId:, CreationTimestamp2023-06-06T14:27:45.424Z[Etc/UTC]].
2023-06-06 14:27:45,425 [RatisPipelineUtilsThread - 0] INFO  pipeline.PipelineManagerImpl (PipelineManagerImpl.java:recordMetricsForPipeline(826)) - Pipeline: PipelineID=7aa553a3-0e68-43c2-8340-6e1b3b21afad contains same datanodes as previous pipelines: PipelineID=ce016cde-559d-42e9-81d0-ae3fe3969e60 nodeIds: eace5f59-788d-4728-aabc-814a8b7743c4, 15c64375-eb37-4995-8297-e35bcf5786b9, dc31b473-b1c6-4224-b715-646a963524cb
2023-06-06 14:27:45,425 [RatisPipelineUtilsThread - 0] WARN  pipeline.PipelinePlacementPolicy (PipelinePlacementPolicy.java:filterViableNodes(166)) - Pipeline creation failed due to no sufficient healthy datanodes. Required 3. Found 0. Excluded 3.
2023-06-06 14:27:46,418 [Time-limited test] INFO  ozone.MiniOzoneClusterImpl (MiniOzoneClusterImpl.java:lambda$waitForClusterToBeReady$0(222)) - Nodes are ready. Got 3 of 3 DN Heartbeats.
2023-06-06 14:27:46,418 [Time-limited test] INFO  ozone.MiniOzoneClusterImpl (MiniOzoneClusterImpl.java:lambda$waitForClusterToBeReady$0(225)) - Waiting for cluster to exit safe mode
2023-06-06 14:27:46,418 [Time-limited test] INFO  ozone.MiniOzoneClusterImpl (MiniOzoneClusterImpl.java:lambda$waitForClusterToBeReady$0(227)) - SCM became leader
2023-06-06 14:27:47,419 [Time-limited test] INFO  ozone.MiniOzoneClusterImpl (MiniOzoneClusterImpl.java:lambda$waitForClusterToBeReady$0(222)) - Nodes are ready. Got 3 of 3 DN Heartbeats.
2023-06-06 14:27:47,419 [Time-limited test] INFO  ozone.MiniOzoneClusterImpl (MiniOzoneClusterImpl.java:lambda$waitForClusterToBeReady$0(225)) - Waiting for cluster to exit safe mode
2023-06-06 14:27:47,419 [Time-limited test] INFO  ozone.MiniOzoneClusterImpl (MiniOzoneClusterImpl.java:lambda$waitForClusterToBeReady$0(227)) - SCM became leader
2023-06-06 14:27:47,810 [PipelineCommandHandlerThread-0] INFO  server.RaftServer (RaftServerProxy.java:addNew(98)) - dc31b473-b1c6-4224-b715-646a963524cb: addNew group-3AD3F39C7A92:[dc31b473-b1c6-4224-b715-646a963524cb|rpc:10.1.0.37:15066|admin:10.1.0.37:15065|client:10.1.0.37:15064|dataStream:10.1.0.37:15067|priority:1|startupRole:FOLLOWER] returns group-3AD3F39C7A92:java.util.concurrent.CompletableFuture@75c8554d[Not completed]
2023-06-06 14:27:47,812 [dc31b473-b1c6-4224-b715-646a963524cb-groupManagement] INFO  server.RaftServer$Division (RaftServerImpl.java:<init>(198)) - dc31b473-b1c6-4224-b715-646a963524cb: new RaftServerImpl for group-3AD3F39C7A92:[dc31b473-b1c6-4224-b715-646a963524cb|rpc:10.1.0.37:15066|admin:10.1.0.37:15065|client:10.1.0.37:15064|dataStream:10.1.0.37:15067|priority:1|startupRole:FOLLOWER] with ContainerStateMachine:uninitialized
2023-06-06 14:27:47,812 [dc31b473-b1c6-4224-b715-646a963524cb-groupManagement] INFO  server.RaftServerConfigKeys (ConfUtils.java:logGet(46)) - raft.server.rpc.timeout.min = 5s (custom)
2023-06-06 14:27:47,812 [dc31b473-b1c6-4224-b715-646a963524cb-groupManagement] INFO  server.RaftServerConfigKeys (ConfUtils.java:logGet(46)) - raft.server.rpc.timeout.max = 5200ms (custom)
2023-06-06 14:27:47,812 [dc31b473-b1c6-4224-b715-646a963524cb-groupManagement] INFO  server.RaftServerConfigKeys (ConfUtils.java:logGet(46)) - raft.server.rpc.sleep.time = 25ms (default)
2023-06-06 14:27:47,812 [dc31b473-b1c6-4224-b715-646a963524cb-groupManagement] INFO  server.RaftServerConfigKeys (ConfUtils.java:logGet(46)) - raft.server.rpc.slowness.timeout = 300s (custom)
2023-06-06 14:27:47,812 [dc31b473-b1c6-4224-b715-646a963524cb-groupManagement] INFO  server.RaftServerConfigKeys (ConfUtils.java:logGet(46)) - raft.server.leaderelection.leader.step-down.wait-time = 10s (default)
2023-06-06 14:27:47,812 [dc31b473-b1c6-4224-b715-646a963524cb-groupManagement] INFO  server.RaftServerConfigKeys (ConfUtils.java:logGet(46)) - raft.server.sleep.deviation.threshold = 300ms (default)
2023-06-06 14:27:47,812 [dc31b473-b1c6-4224-b715-646a963524cb-groupManagement] INFO  server.RaftServer$Division (ServerState.java:<init>(120)) - dc31b473-b1c6-4224-b715-646a963524cb@group-3AD3F39C7A92: ConfigurationManager, init=-1: peers:[dc31b473-b1c6-4224-b715-646a963524cb|rpc:10.1.0.37:15066|admin:10.1.0.37:15065|client:10.1.0.37:15064|dataStream:10.1.0.37:15067|priority:1|startupRole:FOLLOWER]|listeners:[], old=null, confs=<EMPTY_MAP>
2023-06-06 14:27:47,813 [dc31b473-b1c6-4224-b715-646a963524cb-groupManagement] INFO  server.RaftServerConfigKeys (ConfUtils.java:logGet(46)) - raft.server.storage.dir = [/home/runner/work/ozone/ozone/hadoop-ozone/integration-test/target/test-dir/MiniOzoneClusterImpl-0067d30e-4f89-4c9b-b2b0-188d8bbd32e4/datanode-0/data/ratis] (custom)
2023-06-06 14:27:47,813 [dc31b473-b1c6-4224-b715-646a963524cb-groupManagement] INFO  server.RaftServerConfigKeys (ConfUtils.java:logGet(46)) - raft.server.log.corruption.policy = EXCEPTION (default)
2023-06-06 14:27:47,813 [dc31b473-b1c6-4224-b715-646a963524cb-groupManagement] INFO  server.RaftServerConfigKeys (ConfUtils.java:logGet(46)) - raft.server.storage.free-space.min = 0MB (=0) (default)
2023-06-06 14:27:47,813 [dc31b473-b1c6-4224-b715-646a963524cb-groupManagement] INFO  server.RaftServerConfigKeys (ConfUtils.java:logGet(46)) - raft.server.notification.no-leader.timeout = 300s (custom)
2023-06-06 14:27:47,813 [dc31b473-b1c6-4224-b715-646a963524cb-groupManagement] INFO  server.RaftServerConfigKeys (ConfUtils.java:logGet(46)) - raft.server.read.timeout = 10s (default)
2023-06-06 14:27:47,813 [dc31b473-b1c6-4224-b715-646a963524cb-groupManagement] INFO  server.RaftServerConfigKeys (ConfUtils.java:logGet(46)) - raft.server.retrycache.expirytime = 600000ms (custom)
2023-06-06 14:27:47,813 [dc31b473-b1c6-4224-b715-646a963524cb-groupManagement] INFO  server.RaftServerConfigKeys (ConfUtils.java:logGet(46)) - raft.server.retrycache.statistics.expirytime = 100μs (default)
2023-06-06 14:27:47,813 [dc31b473-b1c6-4224-b715-646a963524cb-groupManagement] INFO  server.RaftServerConfigKeys (ConfUtils.java:logGet(46)) - raft.server.read.option = DEFAULT (default)
2023-06-06 14:27:47,815 [dc31b473-b1c6-4224-b715-646a963524cb-groupManagement] INFO  server.RaftServerConfigKeys (ConfUtils.java:logGet(46)) - raft.server.rpc.request.timeout = 60s (custom)
2023-06-06 14:27:47,815 [dc31b473-b1c6-4224-b715-646a963524cb-groupManagement] INFO  server.RaftServerConfigKeys (ConfUtils.java:logGet(46)) - raft.server.log.appender.install.snapshot.enabled = false (custom)
2023-06-06 14:27:47,815 [dc31b473-b1c6-4224-b715-646a963524cb-groupManagement] INFO  server.RaftServerConfigKeys (ConfUtils.java:logGet(46)) - raft.server.threadpool.server.cached = true (default)
2023-06-06 14:27:47,815 [dc31b473-b1c6-4224-b715-646a963524cb-groupManagement] INFO  server.RaftServerConfigKeys (ConfUtils.java:logGet(46)) - raft.server.threadpool.server.size = 0 (default)
2023-06-06 14:27:47,815 [dc31b473-b1c6-4224-b715-646a963524cb-groupManagement] INFO  server.RaftServerConfigKeys (ConfUtils.java:logGet(46)) - raft.server.threadpool.client.cached = true (default)
2023-06-06 14:27:47,815 [dc31b473-b1c6-4224-b715-646a963524cb-groupManagement] INFO  server.RaftServerConfigKeys (ConfUtils.java:logGet(46)) - raft.server.threadpool.client.size = 0 (default)
2023-06-06 14:27:47,815 [dc31b473-b1c6-4224-b715-646a963524cb-groupManagement] INFO  storage.RaftStorageDirectory (RaftStorageDirectoryImpl.java:analyzeStorage(137)) - The storage directory /home/runner/work/ozone/ozone/hadoop-ozone/integration-test/target/test-dir/MiniOzoneClusterImpl-0067d30e-4f89-4c9b-b2b0-188d8bbd32e4/datanode-0/data/ratis/021d9ddb-9642-41f3-9b79-3ad3f39c7a92 does not exist. Creating ...
2023-06-06 14:27:47,816 [dc31b473-b1c6-4224-b715-646a963524cb-groupManagement] INFO  storage.RaftStorageDirectory (RaftStorageDirectoryImpl.java:tryLock(231)) - Lock on /home/runner/work/ozone/ozone/hadoop-ozone/integration-test/target/test-dir/MiniOzoneClusterImpl-0067d30e-4f89-4c9b-b2b0-188d8bbd32e4/datanode-0/data/ratis/021d9ddb-9642-41f3-9b79-3ad3f39c7a92/in_use.lock acquired by nodename 75814@fv-az1133-973
2023-06-06 14:27:47,817 [dc31b473-b1c6-4224-b715-646a963524cb-groupManagement] INFO  storage.RaftStorage (RaftStorageImpl.java:format(96)) - Storage directory /home/runner/work/ozone/ozone/hadoop-ozone/integration-test/target/test-dir/MiniOzoneClusterImpl-0067d30e-4f89-4c9b-b2b0-188d8bbd32e4/datanode-0/data/ratis/021d9ddb-9642-41f3-9b79-3ad3f39c7a92 has been successfully formatted.
2023-06-06 14:27:47,819 [dc31b473-b1c6-4224-b715-646a963524cb-groupManagement] INFO  ratis.ContainerStateMachine (ContainerStateMachine.java:loadSnapshot(262)) - group-3AD3F39C7A92: The snapshot info is null. Setting the last applied indexto:(t:0, i:~)
2023-06-06 14:27:47,819 [dc31b473-b1c6-4224-b715-646a963524cb-groupManagement] INFO  server.RaftServerConfigKeys (ConfUtils.java:logGet(46)) - raft.server.log.use.memory = false (default)
2023-06-06 14:27:47,819 [dc31b473-b1c6-4224-b715-646a963524cb-groupManagement] INFO  server.RaftServerConfigKeys (ConfUtils.java:logGet(46)) - raft.server.log.purge.gap = 1000000 (custom)
2023-06-06 14:27:47,819 [dc31b473-b1c6-4224-b715-646a963524cb-groupManagement] INFO  server.RaftServerConfigKeys (ConfUtils.java:logGet(46)) - raft.server.log.appender.buffer.byte-limit = 33554432 (custom)
2023-06-06 14:27:47,819 [dc31b473-b1c6-4224-b715-646a963524cb-groupManagement] INFO  server.RaftServerConfigKeys (ConfUtils.java:logGet(46)) - raft.server.log.statemachine.data.read.timeout = 1000ms (default)
2023-06-06 14:27:47,819 [dc31b473-b1c6-4224-b715-646a963524cb-groupManagement] INFO  server.RaftServerConfigKeys (ConfUtils.java:logGet(46)) - raft.server.log.purge.preservation.log.num = 0 (default)
2023-06-06 14:27:47,819 [dc31b473-b1c6-4224-b715-646a963524cb-groupManagement] INFO  server.RaftServerConfigKeys (ConfUtils.java:logGet(46)) - raft.server.log.segment.size.max = 1048576 (custom)
2023-06-06 14:27:47,819 [dc31b473-b1c6-4224-b715-646a963524cb-groupManagement] INFO  server.RaftServerConfigKeys (ConfUtils.java:logGet(46)) - raft.server.log.segment.cache.num.max = 2 (custom)
2023-06-06 14:27:47,820 [dc31b473-b1c6-4224-b715-646a963524cb-groupManagement] INFO  server.RaftServerConfigKeys (ConfUtils.java:logGet(46)) - raft.server.log.segment.cache.size.max = 200MB (=209715200) (default)
2023-06-06 14:27:47,820 [dc31b473-b1c6-4224-b715-646a963524cb-groupManagement] INFO  server.RaftServerConfigKeys (ConfUtils.java:logGet(46)) - raft.server.log.appender.buffer.byte-limit = 33554432 (custom)
2023-06-06 14:27:47,820 [dc31b473-b1c6-4224-b715-646a963524cb-groupManagement] INFO  segmented.SegmentedRaftLogWorker (SegmentedRaftLogWorker.java:<init>(188)) - new dc31b473-b1c6-4224-b715-646a963524cb@group-3AD3F39C7A92-SegmentedRaftLogWorker for RaftStorageImpl:Storage Directory /home/runner/work/ozone/ozone/hadoop-ozone/integration-test/target/test-dir/MiniOzoneClusterImpl-0067d30e-4f89-4c9b-b2b0-188d8bbd32e4/datanode-0/data/ratis/021d9ddb-9642-41f3-9b79-3ad3f39c7a92
2023-06-06 14:27:47,820 [EventQueue-PipelineReportForPipelineReportHandler] INFO  pipeline.PipelineManagerImpl (PipelineManagerImpl.java:openPipeline(367)) - Pipeline Pipeline[ Id: 021d9ddb-9642-41f3-9b79-3ad3f39c7a92, Nodes: dc31b473-b1c6-4224-b715-646a963524cb(fv-az1133-973.qlb2sqfkji0uhjsjdnlwzcsdwg.bx.internal.cloudapp.net/10.1.0.37), ReplicationConfig: RATIS/ONE, State:ALLOCATED, leaderId:dc31b473-b1c6-4224-b715-646a963524cb, CreationTimestamp2023-06-06T14:27:44.822Z[Etc/UTC]] moved to OPEN state
2023-06-06 14:27:47,820 [dc31b473-b1c6-4224-b715-646a963524cb-groupManagement] INFO  server.RaftServerConfigKeys (ConfUtils.java:logGet(46)) - raft.server.log.queue.byte-limit = 4294967296 (custom)
2023-06-06 14:27:47,820 [dc31b473-b1c6-4224-b715-646a963524cb-groupManagement] INFO  server.RaftServerConfigKeys (ConfUtils.java:logGet(46)) - raft.server.log.queue.element-limit = 1024 (custom)
2023-06-06 14:27:47,820 [dc31b473-b1c6-4224-b715-646a963524cb-groupManagement] INFO  server.RaftServerConfigKeys (ConfUtils.java:logGet(46)) - raft.server.log.segment.size.max = 1048576 (custom)
2023-06-06 14:27:47,820 [dc31b473-b1c6-4224-b715-646a963524cb-groupManagement] INFO  server.RaftServerConfigKeys (ConfUtils.java:logGet(46)) - raft.server.log.preallocated.size = 16384 (custom)
2023-06-06 14:27:47,820 [dc31b473-b1c6-4224-b715-646a963524cb-groupManagement] INFO  server.RaftServerConfigKeys (ConfUtils.java:logGet(46)) - raft.server.log.force.sync.num = 128 (default)
2023-06-06 14:27:47,820 [dc31b473-b1c6-4224-b715-646a963524cb-groupManagement] INFO  server.RaftServerConfigKeys (ConfUtils.java:logGet(46)) - raft.server.log.statemachine.data.sync = true (default)
2023-06-06 14:27:47,820 [dc31b473-b1c6-4224-b715-646a963524cb-groupManagement] INFO  server.RaftServerConfigKeys (ConfUtils.java:logGet(46)) - raft.server.log.statemachine.data.sync.timeout = 10s (default)
2023-06-06 14:27:47,820 [dc31b473-b1c6-4224-b715-646a963524cb-groupManagement] INFO  server.RaftServerConfigKeys (ConfUtils.java:logGet(46)) - raft.server.log.statemachine.data.sync.timeout.retry = -1 (default)
2023-06-06 14:27:47,821 [dc31b473-b1c6-4224-b715-646a963524cb-groupManagement] INFO  server.RaftServerConfigKeys (ConfUtils.java:logGet(46)) - raft.server.log.write.buffer.size = 1048576 (custom)
2023-06-06 14:27:47,822 [dc31b473-b1c6-4224-b715-646a963524cb-groupManagement] INFO  server.RaftServerConfigKeys (ConfUtils.java:logGet(46)) - raft.server.log.appender.buffer.byte-limit = 33554432 (custom)
2023-06-06 14:27:47,827 [dc31b473-b1c6-4224-b715-646a963524cb-groupManagement] INFO  server.RaftServerConfigKeys (ConfUtils.java:logGet(46)) - raft.server.log.unsafe-flush.enabled = false (default)
2023-06-06 14:27:47,827 [dc31b473-b1c6-4224-b715-646a963524cb-groupManagement] INFO  server.RaftServerConfigKeys (ConfUtils.java:logGet(46)) - raft.server.log.async-flush.enabled = false (default)
2023-06-06 14:27:47,827 [dc31b473-b1c6-4224-b715-646a963524cb-groupManagement] INFO  server.RaftServerConfigKeys (ConfUtils.java:logGet(46)) - raft.server.log.statemachine.data.caching.enabled = true (custom)
2023-06-06 14:27:47,827 [dc31b473-b1c6-4224-b715-646a963524cb-groupManagement] INFO  segmented.SegmentedRaftLogWorker (SegmentedRaftLogWorker.java:lambda$new$0(135)) - dc31b473-b1c6-4224-b715-646a963524cb@group-3AD3F39C7A92-SegmentedRaftLogWorker: flushIndex: setUnconditionally 0 -> -1
2023-06-06 14:27:47,827 [dc31b473-b1c6-4224-b715-646a963524cb-groupManagement] INFO  segmented.SegmentedRaftLogWorker (SegmentedRaftLogWorker.java:lambda$new$0(135)) - dc31b473-b1c6-4224-b715-646a963524cb@group-3AD3F39C7A92-SegmentedRaftLogWorker: safeCacheEvictIndex: setUnconditionally 0 -> -1
2023-06-06 14:27:47,828 [EventQueue-OpenPipelineForHealthyPipelineSafeModeRule] INFO  safemode.SCMSafeModeManager (HealthyPipelineSafeModeRule.java:process(137)) - SCM in safe mode. Healthy pipelines reported count is 0, required healthy pipeline reported count is 1
2023-06-06 14:27:47,828 [dc31b473-b1c6-4224-b715-646a963524cb-groupManagement] INFO  server.RaftServer$Division (RaftServerImpl.java:start(342)) - dc31b473-b1c6-4224-b715-646a963524cb@group-3AD3F39C7A92: start as a follower, conf=-1: peers:[dc31b473-b1c6-4224-b715-646a963524cb|rpc:10.1.0.37:15066|admin:10.1.0.37:15065|client:10.1.0.37:15064|dataStream:10.1.0.37:15067|priority:1|startupRole:FOLLOWER]|listeners:[], old=null
2023-06-06 14:27:47,828 [dc31b473-b1c6-4224-b715-646a963524cb-groupManagement] INFO  server.RaftServer$Division (RaftServerImpl.java:setRole(329)) - dc31b473-b1c6-4224-b715-646a963524cb@group-3AD3F39C7A92: changes role from      null to FOLLOWER at term 0 for startAsFollower
2023-06-06 14:27:47,828 [dc31b473-b1c6-4224-b715-646a963524cb-groupManagement] INFO  impl.RoleInfo (RoleInfo.java:updateAndGet(139)) - dc31b473-b1c6-4224-b715-646a963524cb: start dc31b473-b1c6-4224-b715-646a963524cb@group-3AD3F39C7A92-FollowerState
2023-06-06 14:27:47,830 [dc31b473-b1c6-4224-b715-646a963524cb-groupManagement] INFO  util.JmxRegister (JmxRegister.java:tryRegister(44)) - Successfully registered JMX Bean with object name Ratis:service=RaftServer,group=group-3AD3F39C7A92,id=dc31b473-b1c6-4224-b715-646a963524cb
2023-06-06 14:27:47,830 [dc31b473-b1c6-4224-b715-646a963524cb-groupManagement] INFO  server.RaftServerConfigKeys (ConfUtils.java:logGet(46)) - raft.server.snapshot.auto.trigger.enabled = true (custom)
2023-06-06 14:27:47,830 [dc31b473-b1c6-4224-b715-646a963524cb-groupManagement] INFO  server.RaftServerConfigKeys (ConfUtils.java:logGet(46)) - raft.server.snapshot.auto.trigger.threshold = 10000 (custom)
2023-06-06 14:27:47,830 [dc31b473-b1c6-4224-b715-646a963524cb-groupManagement] INFO  server.RaftServerConfigKeys (ConfUtils.java:logGet(46)) - raft.server.snapshot.retention.file.num = 5 (custom)
2023-06-06 14:27:47,830 [dc31b473-b1c6-4224-b715-646a963524cb-groupManagement] INFO  server.RaftServerConfigKeys (ConfUtils.java:logGet(46)) - raft.server.log.purge.upto.snapshot.index = false (default)
2023-06-06 14:27:47,830 [dc31b473-b1c6-4224-b715-646a963524cb@group-3AD3F39C7A92-FollowerState] INFO  server.RaftServerConfigKeys (ConfUtils.java:logFallback(53)) - raft.server.rpc.first-election.timeout.min = 5s (fallback to raft.server.rpc.timeout.min)
2023-06-06 14:27:47,830 [dc31b473-b1c6-4224-b715-646a963524cb@group-3AD3F39C7A92-FollowerState] INFO  server.RaftServerConfigKeys (ConfUtils.java:logFallback(53)) - raft.server.rpc.first-election.timeout.max = 5200ms (fallback to raft.server.rpc.timeout.max)
2023-06-06 14:27:47,832 [PipelineCommandHandlerThread-0] INFO  ratis.XceiverServerRatis (XceiverServerRatis.java:addGroup(804)) - Created group PipelineID=021d9ddb-9642-41f3-9b79-3ad3f39c7a92
2023-06-06 14:27:47,832 [PipelineCommandHandlerThread-0] INFO  commandhandler.CreatePipelineCommandHandler (CreatePipelineCommandHandler.java:lambda$handle$2(124)) - Created Pipeline RATIS ONE PipelineID=021d9ddb-9642-41f3-9b79-3ad3f39c7a92.
2023-06-06 14:27:47,833 [PipelineCommandHandlerThread-0] INFO  server.RaftServer (RaftServerProxy.java:addNew(98)) - dc31b473-b1c6-4224-b715-646a963524cb: addNew group-AE3FE3969E60:[dc31b473-b1c6-4224-b715-646a963524cb|rpc:10.1.0.37:15066|admin:10.1.0.37:15065|client:10.1.0.37:15064|dataStream:10.1.0.37:15067|priority:1|startupRole:FOLLOWER, eace5f59-788d-4728-aabc-814a8b7743c4|rpc:10.1.0.37:15084|admin:10.1.0.37:15083|client:10.1.0.37:15082|dataStream:10.1.0.37:15085|priority:0|startupRole:FOLLOWER, 15c64375-eb37-4995-8297-e35bcf5786b9|rpc:10.1.0.37:15075|admin:10.1.0.37:15074|client:10.1.0.37:15073|dataStream:10.1.0.37:15076|priority:0|startupRole:FOLLOWER] returns group-AE3FE3969E60:java.util.concurrent.CompletableFuture@71f7cf2c[Not completed]
2023-06-06 14:27:47,834 [dc31b473-b1c6-4224-b715-646a963524cb-groupManagement] INFO  server.RaftServer$Division (RaftServerImpl.java:<init>(198)) - dc31b473-b1c6-4224-b715-646a963524cb: new RaftServerImpl for group-AE3FE3969E60:[dc31b473-b1c6-4224-b715-646a963524cb|rpc:10.1.0.37:15066|admin:10.1.0.37:15065|client:10.1.0.37:15064|dataStream:10.1.0.37:15067|priority:1|startupRole:FOLLOWER, eace5f59-788d-4728-aabc-814a8b7743c4|rpc:10.1.0.37:15084|admin:10.1.0.37:15083|client:10.1.0.37:15082|dataStream:10.1.0.37:15085|priority:0|startupRole:FOLLOWER, 15c64375-eb37-4995-8297-e35bcf5786b9|rpc:10.1.0.37:15075|admin:10.1.0.37:15074|client:10.1.0.37:15073|dataStream:10.1.0.37:15076|priority:0|startupRole:FOLLOWER] with ContainerStateMachine:uninitialized
2023-06-06 14:27:47,834 [dc31b473-b1c6-4224-b715-646a963524cb-groupManagement] INFO  server.RaftServerConfigKeys (ConfUtils.java:logGet(46)) - raft.server.rpc.timeout.min = 5s (custom)
2023-06-06 14:27:47,834 [dc31b473-b1c6-4224-b715-646a963524cb-groupManagement] INFO  server.RaftServerConfigKeys (ConfUtils.java:logGet(46)) - raft.server.rpc.timeout.max = 5200ms (custom)
2023-06-06 14:27:47,834 [dc31b473-b1c6-4224-b715-646a963524cb-groupManagement] INFO  server.RaftServerConfigKeys (ConfUtils.java:logGet(46)) - raft.server.rpc.sleep.time = 25ms (default)
2023-06-06 14:27:47,834 [dc31b473-b1c6-4224-b715-646a963524cb-groupManagement] INFO  server.RaftServerConfigKeys (ConfUtils.java:logGet(46)) - raft.server.rpc.slowness.timeout = 300s (custom)
2023-06-06 14:27:47,834 [dc31b473-b1c6-4224-b715-646a963524cb-groupManagement] INFO  server.RaftServerConfigKeys (ConfUtils.java:logGet(46)) - raft.server.leaderelection.leader.step-down.wait-time = 10s (default)
2023-06-06 14:27:47,834 [dc31b473-b1c6-4224-b715-646a963524cb-groupManagement] INFO  server.RaftServerConfigKeys (ConfUtils.java:logGet(46)) - raft.server.sleep.deviation.threshold = 300ms (default)
2023-06-06 14:27:47,834 [dc31b473-b1c6-4224-b715-646a963524cb-groupManagement] INFO  server.RaftServer$Division (ServerState.java:<init>(120)) - dc31b473-b1c6-4224-b715-646a963524cb@group-AE3FE3969E60: ConfigurationManager, init=-1: peers:[dc31b473-b1c6-4224-b715-646a963524cb|rpc:10.1.0.37:15066|admin:10.1.0.37:15065|client:10.1.0.37:15064|dataStream:10.1.0.37:15067|priority:1|startupRole:FOLLOWER, eace5f59-788d-4728-aabc-814a8b7743c4|rpc:10.1.0.37:15084|admin:10.1.0.37:15083|client:10.1.0.37:15082|dataStream:10.1.0.37:15085|priority:0|startupRole:FOLLOWER, 15c64375-eb37-4995-8297-e35bcf5786b9|rpc:10.1.0.37:15075|admin:10.1.0.37:15074|client:10.1.0.37:15073|dataStream:10.1.0.37:15076|priority:0|startupRole:FOLLOWER]|listeners:[], old=null, confs=<EMPTY_MAP>
2023-06-06 14:27:47,834 [dc31b473-b1c6-4224-b715-646a963524cb-groupManagement] INFO  server.RaftServerConfigKeys (ConfUtils.java:logGet(46)) - raft.server.storage.dir = [/home/runner/work/ozone/ozone/hadoop-ozone/integration-test/target/test-dir/MiniOzoneClusterImpl-0067d30e-4f89-4c9b-b2b0-188d8bbd32e4/datanode-0/data/ratis] (custom)
2023-06-06 14:27:47,834 [dc31b473-b1c6-4224-b715-646a963524cb-groupManagement] INFO  server.RaftServerConfigKeys (ConfUtils.java:logGet(46)) - raft.server.log.corruption.policy = EXCEPTION (default)
2023-06-06 14:27:47,834 [dc31b473-b1c6-4224-b715-646a963524cb-groupManagement] INFO  server.RaftServerConfigKeys (ConfUtils.java:logGet(46)) - raft.server.storage.free-space.min = 0MB (=0) (default)
2023-06-06 14:27:47,834 [dc31b473-b1c6-4224-b715-646a963524cb-groupManagement] INFO  server.RaftServerConfigKeys (ConfUtils.java:logGet(46)) - raft.server.notification.no-leader.timeout = 300s (custom)
2023-06-06 14:27:47,835 [dc31b473-b1c6-4224-b715-646a963524cb-groupManagement] INFO  server.RaftServerConfigKeys (ConfUtils.java:logGet(46)) - raft.server.read.timeout = 10s (default)
2023-06-06 14:27:47,835 [dc31b473-b1c6-4224-b715-646a963524cb-groupManagement] INFO  server.RaftServerConfigKeys (ConfUtils.java:logGet(46)) - raft.server.retrycache.expirytime = 600000ms (custom)
2023-06-06 14:27:47,835 [dc31b473-b1c6-4224-b715-646a963524cb-groupManagement] INFO  server.RaftServerConfigKeys (ConfUtils.java:logGet(46)) - raft.server.retrycache.statistics.expirytime = 100μs (default)
2023-06-06 14:27:47,835 [dc31b473-b1c6-4224-b715-646a963524cb-groupManagement] INFO  server.RaftServerConfigKeys (ConfUtils.java:logGet(46)) - raft.server.read.option = DEFAULT (default)
2023-06-06 14:27:47,835 [dc31b473-b1c6-4224-b715-646a963524cb-groupManagement] INFO  server.RaftServerConfigKeys (ConfUtils.java:logGet(46)) - raft.server.rpc.request.timeout = 60s (custom)
2023-06-06 14:27:47,835 [dc31b473-b1c6-4224-b715-646a963524cb-groupManagement] INFO  server.RaftServerConfigKeys (ConfUtils.java:logGet(46)) - raft.server.log.appender.install.snapshot.enabled = false (custom)
2023-06-06 14:27:47,835 [dc31b473-b1c6-4224-b715-646a963524cb-groupManagement] INFO  server.RaftServerConfigKeys (ConfUtils.java:logGet(46)) - raft.server.threadpool.server.cached = true (default)
2023-06-06 14:27:47,835 [dc31b473-b1c6-4224-b715-646a963524cb-groupManagement] INFO  server.RaftServerConfigKeys (ConfUtils.java:logGet(46)) - raft.server.threadpool.server.size = 0 (default)
2023-06-06 14:27:47,836 [dc31b473-b1c6-4224-b715-646a963524cb-groupManagement] INFO  server.RaftServerConfigKeys (ConfUtils.java:logGet(46)) - raft.server.threadpool.client.cached = true (default)
2023-06-06 14:27:47,836 [dc31b473-b1c6-4224-b715-646a963524cb-groupManagement] INFO  server.RaftServerConfigKeys (ConfUtils.java:logGet(46)) - raft.server.threadpool.client.size = 0 (default)
2023-06-06 14:27:47,836 [dc31b473-b1c6-4224-b715-646a963524cb-groupManagement] INFO  storage.RaftStorageDirectory (RaftStorageDirectoryImpl.java:analyzeStorage(137)) - The storage directory /home/runner/work/ozone/ozone/hadoop-ozone/integration-test/target/test-dir/MiniOzoneClusterImpl-0067d30e-4f89-4c9b-b2b0-188d8bbd32e4/datanode-0/data/ratis/ce016cde-559d-42e9-81d0-ae3fe3969e60 does not exist. Creating ...
2023-06-06 14:27:47,836 [dc31b473-b1c6-4224-b715-646a963524cb-groupManagement] INFO  storage.RaftStorageDirectory (RaftStorageDirectoryImpl.java:tryLock(231)) - Lock on /home/runner/work/ozone/ozone/hadoop-ozone/integration-test/target/test-dir/MiniOzoneClusterImpl-0067d30e-4f89-4c9b-b2b0-188d8bbd32e4/datanode-0/data/ratis/ce016cde-559d-42e9-81d0-ae3fe3969e60/in_use.lock acquired by nodename 75814@fv-az1133-973
2023-06-06 14:27:47,837 [dc31b473-b1c6-4224-b715-646a963524cb-groupManagement] INFO  storage.RaftStorage (RaftStorageImpl.java:format(96)) - Storage directory /home/runner/work/ozone/ozone/hadoop-ozone/integration-test/target/test-dir/MiniOzoneClusterImpl-0067d30e-4f89-4c9b-b2b0-188d8bbd32e4/datanode-0/data/ratis/ce016cde-559d-42e9-81d0-ae3fe3969e60 has been successfully formatted.
2023-06-06 14:27:47,838 [dc31b473-b1c6-4224-b715-646a963524cb-groupManagement] INFO  ratis.ContainerStateMachine (ContainerStateMachine.java:loadSnapshot(262)) - group-AE3FE3969E60: The snapshot info is null. Setting the last applied indexto:(t:0, i:~)
2023-06-06 14:27:47,838 [dc31b473-b1c6-4224-b715-646a963524cb-groupManagement] INFO  server.RaftServerConfigKeys (ConfUtils.java:logGet(46)) - raft.server.log.use.memory = false (default)
2023-06-06 14:27:47,838 [dc31b473-b1c6-4224-b715-646a963524cb-groupManagement] INFO  server.RaftServerConfigKeys (ConfUtils.java:logGet(46)) - raft.server.log.purge.gap = 1000000 (custom)
2023-06-06 14:27:47,838 [dc31b473-b1c6-4224-b715-646a963524cb-groupManagement] INFO  server.RaftServerConfigKeys (ConfUtils.java:logGet(46)) - raft.server.log.appender.buffer.byte-limit = 33554432 (custom)
2023-06-06 14:27:47,838 [dc31b473-b1c6-4224-b715-646a963524cb-groupManagement] INFO  server.RaftServerConfigKeys (ConfUtils.java:logGet(46)) - raft.server.log.statemachine.data.read.timeout = 1000ms (default)
2023-06-06 14:27:47,838 [dc31b473-b1c6-4224-b715-646a963524cb-groupManagement] INFO  server.RaftServerConfigKeys (ConfUtils.java:logGet(46)) - raft.server.log.purge.preservation.log.num = 0 (default)
2023-06-06 14:27:47,839 [dc31b473-b1c6-4224-b715-646a963524cb-groupManagement] INFO  server.RaftServerConfigKeys (ConfUtils.java:logGet(46)) - raft.server.log.segment.size.max = 1048576 (custom)
2023-06-06 14:27:47,839 [dc31b473-b1c6-4224-b715-646a963524cb-groupManagement] INFO  server.RaftServerConfigKeys (ConfUtils.java:logGet(46)) - raft.server.log.segment.cache.num.max = 2 (custom)
2023-06-06 14:27:47,839 [dc31b473-b1c6-4224-b715-646a963524cb-groupManagement] INFO  server.RaftServerConfigKeys (ConfUtils.java:logGet(46)) - raft.server.log.segment.cache.size.max = 200MB (=209715200) (default)
2023-06-06 14:27:47,839 [dc31b473-b1c6-4224-b715-646a963524cb-groupManagement] INFO  server.RaftServerConfigKeys (ConfUtils.java:logGet(46)) - raft.server.log.appender.buffer.byte-limit = 33554432 (custom)
2023-06-06 14:27:47,840 [dc31b473-b1c6-4224-b715-646a963524cb-groupManagement] INFO  segmented.SegmentedRaftLogWorker (SegmentedRaftLogWorker.java:<init>(188)) - new dc31b473-b1c6-4224-b715-646a963524cb@group-AE3FE3969E60-SegmentedRaftLogWorker for RaftStorageImpl:Storage Directory /home/runner/work/ozone/ozone/hadoop-ozone/integration-test/target/test-dir/MiniOzoneClusterImpl-0067d30e-4f89-4c9b-b2b0-188d8bbd32e4/datanode-0/data/ratis/ce016cde-559d-42e9-81d0-ae3fe3969e60
2023-06-06 14:27:47,840 [dc31b473-b1c6-4224-b715-646a963524cb-groupManagement] INFO  server.RaftServerConfigKeys (ConfUtils.java:logGet(46)) - raft.server.log.queue.byte-limit = 4294967296 (custom)
2023-06-06 14:27:47,840 [dc31b473-b1c6-4224-b715-646a963524cb-groupManagement] INFO  server.RaftServerConfigKeys (ConfUtils.java:logGet(46)) - raft.server.log.queue.element-limit = 1024 (custom)
2023-06-06 14:27:47,840 [EventQueue-OpenPipelineForHealthyPipelineSafeModeRule] INFO  safemode.SCMSafeModeManager (HealthyPipelineSafeModeRule.java:process(137)) - SCM in safe mode. Healthy pipelines reported count is 0, required healthy pipeline reported count is 1
2023-06-06 14:27:47,840 [dc31b473-b1c6-4224-b715-646a963524cb-groupManagement] INFO  server.RaftServerConfigKeys (ConfUtils.java:logGet(46)) - raft.server.log.segment.size.max = 1048576 (custom)
2023-06-06 14:27:47,840 [dc31b473-b1c6-4224-b715-646a963524cb-groupManagement] INFO  server.RaftServerConfigKeys (ConfUtils.java:logGet(46)) - raft.server.log.preallocated.size = 16384 (custom)
2023-06-06 14:27:47,840 [dc31b473-b1c6-4224-b715-646a963524cb-groupManagement] INFO  server.RaftServerConfigKeys (ConfUtils.java:logGet(46)) - raft.server.log.force.sync.num = 128 (default)
2023-06-06 14:27:47,840 [dc31b473-b1c6-4224-b715-646a963524cb-groupManagement] INFO  server.RaftServerConfigKeys (ConfUtils.java:logGet(46)) - raft.server.log.statemachine.data.sync = true (default)
2023-06-06 14:27:47,840 [dc31b473-b1c6-4224-b715-646a963524cb-groupManagement] INFO  server.RaftServerConfigKeys (ConfUtils.java:logGet(46)) - raft.server.log.statemachine.data.sync.timeout = 10s (default)
2023-06-06 14:27:47,840 [dc31b473-b1c6-4224-b715-646a963524cb-groupManagement] INFO  server.RaftServerConfigKeys (ConfUtils.java:logGet(46)) - raft.server.log.statemachine.data.sync.timeout.retry = -1 (default)
2023-06-06 14:27:47,841 [dc31b473-b1c6-4224-b715-646a963524cb-groupManagement] INFO  server.RaftServerConfigKeys (ConfUtils.java:logGet(46)) - raft.server.log.write.buffer.size = 1048576 (custom)
2023-06-06 14:27:47,841 [dc31b473-b1c6-4224-b715-646a963524cb-groupManagement] INFO  server.RaftServerConfigKeys (ConfUtils.java:logGet(46)) - raft.server.log.appender.buffer.byte-limit = 33554432 (custom)
2023-06-06 14:27:47,846 [dc31b473-b1c6-4224-b715-646a963524cb-groupManagement] INFO  server.RaftServerConfigKeys (ConfUtils.java:logGet(46)) - raft.server.log.unsafe-flush.enabled = false (default)
2023-06-06 14:27:47,846 [dc31b473-b1c6-4224-b715-646a963524cb-groupManagement] INFO  server.RaftServerConfigKeys (ConfUtils.java:logGet(46)) - raft.server.log.async-flush.enabled = false (default)
2023-06-06 14:27:47,846 [dc31b473-b1c6-4224-b715-646a963524cb-groupManagement] INFO  server.RaftServerConfigKeys (ConfUtils.java:logGet(46)) - raft.server.log.statemachine.data.caching.enabled = true (custom)
2023-06-06 14:27:47,846 [dc31b473-b1c6-4224-b715-646a963524cb-groupManagement] INFO  segmented.SegmentedRaftLogWorker (SegmentedRaftLogWorker.java:lambda$new$0(135)) - dc31b473-b1c6-4224-b715-646a963524cb@group-AE3FE3969E60-SegmentedRaftLogWorker: flushIndex: setUnconditionally 0 -> -1
2023-06-06 14:27:47,846 [dc31b473-b1c6-4224-b715-646a963524cb-groupManagement] INFO  segmented.SegmentedRaftLogWorker (SegmentedRaftLogWorker.java:lambda$new$0(135)) - dc31b473-b1c6-4224-b715-646a963524cb@group-AE3FE3969E60-SegmentedRaftLogWorker: safeCacheEvictIndex: setUnconditionally 0 -> -1
2023-06-06 14:27:47,847 [dc31b473-b1c6-4224-b715-646a963524cb-groupManagement] INFO  server.RaftServer$Division (RaftServerImpl.java:start(342)) - dc31b473-b1c6-4224-b715-646a963524cb@group-AE3FE3969E60: start as a follower, conf=-1: peers:[dc31b473-b1c6-4224-b715-646a963524cb|rpc:10.1.0.37:15066|admin:10.1.0.37:15065|client:10.1.0.37:15064|dataStream:10.1.0.37:15067|priority:1|startupRole:FOLLOWER, eace5f59-788d-4728-aabc-814a8b7743c4|rpc:10.1.0.37:15084|admin:10.1.0.37:15083|client:10.1.0.37:15082|dataStream:10.1.0.37:15085|priority:0|startupRole:FOLLOWER, 15c64375-eb37-4995-8297-e35bcf5786b9|rpc:10.1.0.37:15075|admin:10.1.0.37:15074|client:10.1.0.37:15073|dataStream:10.1.0.37:15076|priority:0|startupRole:FOLLOWER]|listeners:[], old=null
2023-06-06 14:27:47,847 [dc31b473-b1c6-4224-b715-646a963524cb-groupManagement] INFO  server.RaftServer$Division (RaftServerImpl.java:setRole(329)) - dc31b473-b1c6-4224-b715-646a963524cb@group-AE3FE3969E60: changes role from      null to FOLLOWER at term 0 for startAsFollower
2023-06-06 14:27:47,847 [dc31b473-b1c6-4224-b715-646a963524cb-groupManagement] INFO  impl.RoleInfo (RoleInfo.java:updateAndGet(139)) - dc31b473-b1c6-4224-b715-646a963524cb: start dc31b473-b1c6-4224-b715-646a963524cb@group-AE3FE3969E60-FollowerState
2023-06-06 14:27:47,849 [dc31b473-b1c6-4224-b715-646a963524cb-groupManagement] INFO  util.JmxRegister (JmxRegister.java:tryRegister(44)) - Successfully registered JMX Bean with object name Ratis:service=RaftServer,group=group-AE3FE3969E60,id=dc31b473-b1c6-4224-b715-646a963524cb
2023-06-06 14:27:47,849 [dc31b473-b1c6-4224-b715-646a963524cb-groupManagement] INFO  server.RaftServerConfigKeys (ConfUtils.java:logGet(46)) - raft.server.snapshot.auto.trigger.enabled = true (custom)
2023-06-06 14:27:47,850 [dc31b473-b1c6-4224-b715-646a963524cb-groupManagement] INFO  server.RaftServerConfigKeys (ConfUtils.java:logGet(46)) - raft.server.snapshot.auto.trigger.threshold = 10000 (custom)
2023-06-06 14:27:47,850 [dc31b473-b1c6-4224-b715-646a963524cb-groupManagement] INFO  server.RaftServerConfigKeys (ConfUtils.java:logGet(46)) - raft.server.snapshot.retention.file.num = 5 (custom)
2023-06-06 14:27:47,850 [dc31b473-b1c6-4224-b715-646a963524cb-groupManagement] INFO  server.RaftServerConfigKeys (ConfUtils.java:logGet(46)) - raft.server.log.purge.upto.snapshot.index = false (default)
2023-06-06 14:27:47,850 [PipelineCommandHandlerThread-0] INFO  ratis.XceiverServerRatis (XceiverServerRatis.java:addGroup(804)) - Created group PipelineID=ce016cde-559d-42e9-81d0-ae3fe3969e60
2023-06-06 14:27:47,850 [dc31b473-b1c6-4224-b715-646a963524cb@group-AE3FE3969E60-FollowerState] INFO  server.RaftServerConfigKeys (ConfUtils.java:logFallback(53)) - raft.server.rpc.first-election.timeout.min = 5s (fallback to raft.server.rpc.timeout.min)
2023-06-06 14:27:47,851 [dc31b473-b1c6-4224-b715-646a963524cb@group-AE3FE3969E60-FollowerState] INFO  server.RaftServerConfigKeys (ConfUtils.java:logFallback(53)) - raft.server.rpc.first-election.timeout.max = 5200ms (fallback to raft.server.rpc.timeout.max)
2023-06-06 14:27:47,875 [grpc-default-executor-0] INFO  server.RaftServer (RaftServerProxy.java:addNew(98)) - 15c64375-eb37-4995-8297-e35bcf5786b9: addNew group-AE3FE3969E60:[dc31b473-b1c6-4224-b715-646a963524cb|rpc:10.1.0.37:15066|admin:10.1.0.37:15065|client:10.1.0.37:15064|dataStream:10.1.0.37:15067|priority:1|startupRole:FOLLOWER, eace5f59-788d-4728-aabc-814a8b7743c4|rpc:10.1.0.37:15084|admin:10.1.0.37:15083|client:10.1.0.37:15082|dataStream:10.1.0.37:15085|priority:0|startupRole:FOLLOWER, 15c64375-eb37-4995-8297-e35bcf5786b9|rpc:10.1.0.37:15075|admin:10.1.0.37:15074|client:10.1.0.37:15073|dataStream:10.1.0.37:15076|priority:0|startupRole:FOLLOWER] returns group-AE3FE3969E60:java.util.concurrent.CompletableFuture@3b23d26e[Not completed]
2023-06-06 14:27:47,877 [15c64375-eb37-4995-8297-e35bcf5786b9-groupManagement] INFO  server.RaftServer$Division (RaftServerImpl.java:<init>(198)) - 15c64375-eb37-4995-8297-e35bcf5786b9: new RaftServerImpl for group-AE3FE3969E60:[dc31b473-b1c6-4224-b715-646a963524cb|rpc:10.1.0.37:15066|admin:10.1.0.37:15065|client:10.1.0.37:15064|dataStream:10.1.0.37:15067|priority:1|startupRole:FOLLOWER, eace5f59-788d-4728-aabc-814a8b7743c4|rpc:10.1.0.37:15084|admin:10.1.0.37:15083|client:10.1.0.37:15082|dataStream:10.1.0.37:15085|priority:0|startupRole:FOLLOWER, 15c64375-eb37-4995-8297-e35bcf5786b9|rpc:10.1.0.37:15075|admin:10.1.0.37:15074|client:10.1.0.37:15073|dataStream:10.1.0.37:15076|priority:0|startupRole:FOLLOWER] with ContainerStateMachine:uninitialized
2023-06-06 14:27:47,877 [15c64375-eb37-4995-8297-e35bcf5786b9-groupManagement] INFO  server.RaftServerConfigKeys (ConfUtils.java:logGet(46)) - raft.server.rpc.timeout.min = 5s (custom)
2023-06-06 14:27:47,877 [15c64375-eb37-4995-8297-e35bcf5786b9-groupManagement] INFO  server.RaftServerConfigKeys (ConfUtils.java:logGet(46)) - raft.server.rpc.timeout.max = 5200ms (custom)
2023-06-06 14:27:47,877 [15c64375-eb37-4995-8297-e35bcf5786b9-groupManagement] INFO  server.RaftServerConfigKeys (ConfUtils.java:logGet(46)) - raft.server.rpc.sleep.time = 25ms (default)
2023-06-06 14:27:47,878 [15c64375-eb37-4995-8297-e35bcf5786b9-groupManagement] INFO  server.RaftServerConfigKeys (ConfUtils.java:logGet(46)) - raft.server.rpc.slowness.timeout = 300s (custom)
2023-06-06 14:27:47,878 [15c64375-eb37-4995-8297-e35bcf5786b9-groupManagement] INFO  server.RaftServerConfigKeys (ConfUtils.java:logGet(46)) - raft.server.leaderelection.leader.step-down.wait-time = 10s (default)
2023-06-06 14:27:47,878 [15c64375-eb37-4995-8297-e35bcf5786b9-groupManagement] INFO  server.RaftServerConfigKeys (ConfUtils.java:logGet(46)) - raft.server.sleep.deviation.threshold = 300ms (default)
2023-06-06 14:27:47,878 [15c64375-eb37-4995-8297-e35bcf5786b9-groupManagement] INFO  server.RaftServer$Division (ServerState.java:<init>(120)) - 15c64375-eb37-4995-8297-e35bcf5786b9@group-AE3FE3969E60: ConfigurationManager, init=-1: peers:[dc31b473-b1c6-4224-b715-646a963524cb|rpc:10.1.0.37:15066|admin:10.1.0.37:15065|client:10.1.0.37:15064|dataStream:10.1.0.37:15067|priority:1|startupRole:FOLLOWER, eace5f59-788d-4728-aabc-814a8b7743c4|rpc:10.1.0.37:15084|admin:10.1.0.37:15083|client:10.1.0.37:15082|dataStream:10.1.0.37:15085|priority:0|startupRole:FOLLOWER, 15c64375-eb37-4995-8297-e35bcf5786b9|rpc:10.1.0.37:15075|admin:10.1.0.37:15074|client:10.1.0.37:15073|dataStream:10.1.0.37:15076|priority:0|startupRole:FOLLOWER]|listeners:[], old=null, confs=<EMPTY_MAP>
2023-06-06 14:27:47,878 [15c64375-eb37-4995-8297-e35bcf5786b9-groupManagement] INFO  server.RaftServerConfigKeys (ConfUtils.java:logGet(46)) - raft.server.storage.dir = [/home/runner/work/ozone/ozone/hadoop-ozone/integration-test/target/test-dir/MiniOzoneClusterImpl-0067d30e-4f89-4c9b-b2b0-188d8bbd32e4/datanode-1/data/ratis] (custom)
2023-06-06 14:27:47,878 [15c64375-eb37-4995-8297-e35bcf5786b9-groupManagement] INFO  server.RaftServerConfigKeys (ConfUtils.java:logGet(46)) - raft.server.log.corruption.policy = EXCEPTION (default)
2023-06-06 14:27:47,878 [15c64375-eb37-4995-8297-e35bcf5786b9-groupManagement] INFO  server.RaftServerConfigKeys (ConfUtils.java:logGet(46)) - raft.server.storage.free-space.min = 0MB (=0) (default)
2023-06-06 14:27:47,879 [15c64375-eb37-4995-8297-e35bcf5786b9-groupManagement] INFO  server.RaftServerConfigKeys (ConfUtils.java:logGet(46)) - raft.server.notification.no-leader.timeout = 300s (custom)
2023-06-06 14:27:47,879 [15c64375-eb37-4995-8297-e35bcf5786b9-groupManagement] INFO  server.RaftServerConfigKeys (ConfUtils.java:logGet(46)) - raft.server.read.timeout = 10s (default)
2023-06-06 14:27:47,881 [15c64375-eb37-4995-8297-e35bcf5786b9-groupManagement] INFO  server.RaftServerConfigKeys (ConfUtils.java:logGet(46)) - raft.server.retrycache.expirytime = 600000ms (custom)
2023-06-06 14:27:47,881 [15c64375-eb37-4995-8297-e35bcf5786b9-groupManagement] INFO  server.RaftServerConfigKeys (ConfUtils.java:logGet(46)) - raft.server.retrycache.statistics.expirytime = 100μs (default)
2023-06-06 14:27:47,881 [15c64375-eb37-4995-8297-e35bcf5786b9-groupManagement] INFO  server.RaftServerConfigKeys (ConfUtils.java:logGet(46)) - raft.server.read.option = DEFAULT (default)
2023-06-06 14:27:47,884 [15c64375-eb37-4995-8297-e35bcf5786b9-groupManagement] INFO  server.RaftServerConfigKeys (ConfUtils.java:logGet(46)) - raft.server.rpc.request.timeout = 60s (custom)
2023-06-06 14:27:47,884 [15c64375-eb37-4995-8297-e35bcf5786b9-groupManagement] INFO  server.RaftServerConfigKeys (ConfUtils.java:logGet(46)) - raft.server.log.appender.install.snapshot.enabled = false (custom)
2023-06-06 14:27:47,884 [15c64375-eb37-4995-8297-e35bcf5786b9-groupManagement] INFO  server.RaftServerConfigKeys (ConfUtils.java:logGet(46)) - raft.server.threadpool.server.cached = true (default)
2023-06-06 14:27:47,884 [15c64375-eb37-4995-8297-e35bcf5786b9-groupManagement] INFO  server.RaftServerConfigKeys (ConfUtils.java:logGet(46)) - raft.server.threadpool.server.size = 0 (default)
2023-06-06 14:27:47,884 [15c64375-eb37-4995-8297-e35bcf5786b9-groupManagement] INFO  server.RaftServerConfigKeys (ConfUtils.java:logGet(46)) - raft.server.threadpool.client.cached = true (default)
2023-06-06 14:27:47,884 [15c64375-eb37-4995-8297-e35bcf5786b9-groupManagement] INFO  server.RaftServerConfigKeys (ConfUtils.java:logGet(46)) - raft.server.threadpool.client.size = 0 (default)
2023-06-06 14:27:47,884 [15c64375-eb37-4995-8297-e35bcf5786b9-groupManagement] INFO  storage.RaftStorageDirectory (RaftStorageDirectoryImpl.java:analyzeStorage(137)) - The storage directory /home/runner/work/ozone/ozone/hadoop-ozone/integration-test/target/test-dir/MiniOzoneClusterImpl-0067d30e-4f89-4c9b-b2b0-188d8bbd32e4/datanode-1/data/ratis/ce016cde-559d-42e9-81d0-ae3fe3969e60 does not exist. Creating ...
2023-06-06 14:27:47,885 [15c64375-eb37-4995-8297-e35bcf5786b9-groupManagement] INFO  storage.RaftStorageDirectory (RaftStorageDirectoryImpl.java:tryLock(231)) - Lock on /home/runner/work/ozone/ozone/hadoop-ozone/integration-test/target/test-dir/MiniOzoneClusterImpl-0067d30e-4f89-4c9b-b2b0-188d8bbd32e4/datanode-1/data/ratis/ce016cde-559d-42e9-81d0-ae3fe3969e60/in_use.lock acquired by nodename 75814@fv-az1133-973
2023-06-06 14:27:47,887 [15c64375-eb37-4995-8297-e35bcf5786b9-groupManagement] INFO  storage.RaftStorage (RaftStorageImpl.java:format(96)) - Storage directory /home/runner/work/ozone/ozone/hadoop-ozone/integration-test/target/test-dir/MiniOzoneClusterImpl-0067d30e-4f89-4c9b-b2b0-188d8bbd32e4/datanode-1/data/ratis/ce016cde-559d-42e9-81d0-ae3fe3969e60 has been successfully formatted.
2023-06-06 14:27:47,888 [15c64375-eb37-4995-8297-e35bcf5786b9-groupManagement] INFO  ratis.ContainerStateMachine (ContainerStateMachine.java:loadSnapshot(262)) - group-AE3FE3969E60: The snapshot info is null. Setting the last applied indexto:(t:0, i:~)
2023-06-06 14:27:47,888 [15c64375-eb37-4995-8297-e35bcf5786b9-groupManagement] INFO  server.RaftServerConfigKeys (ConfUtils.java:logGet(46)) - raft.server.log.use.memory = false (default)
2023-06-06 14:27:47,888 [15c64375-eb37-4995-8297-e35bcf5786b9-groupManagement] INFO  server.RaftServerConfigKeys (ConfUtils.java:logGet(46)) - raft.server.log.purge.gap = 1000000 (custom)
2023-06-06 14:27:47,888 [15c64375-eb37-4995-8297-e35bcf5786b9-groupManagement] INFO  server.RaftServerConfigKeys (ConfUtils.java:logGet(46)) - raft.server.log.appender.buffer.byte-limit = 33554432 (custom)
2023-06-06 14:27:47,888 [15c64375-eb37-4995-8297-e35bcf5786b9-groupManagement] INFO  server.RaftServerConfigKeys (ConfUtils.java:logGet(46)) - raft.server.log.statemachine.data.read.timeout = 1000ms (default)
2023-06-06 14:27:47,888 [15c64375-eb37-4995-8297-e35bcf5786b9-groupManagement] INFO  server.RaftServerConfigKeys (ConfUtils.java:logGet(46)) - raft.server.log.purge.preservation.log.num = 0 (default)
2023-06-06 14:27:47,888 [15c64375-eb37-4995-8297-e35bcf5786b9-groupManagement] INFO  server.RaftServerConfigKeys (ConfUtils.java:logGet(46)) - raft.server.log.segment.size.max = 1048576 (custom)
2023-06-06 14:27:47,889 [15c64375-eb37-4995-8297-e35bcf5786b9-groupManagement] INFO  server.RaftServerConfigKeys (ConfUtils.java:logGet(46)) - raft.server.log.segment.cache.num.max = 2 (custom)
2023-06-06 14:27:47,889 [15c64375-eb37-4995-8297-e35bcf5786b9-groupManagement] INFO  server.RaftServerConfigKeys (ConfUtils.java:logGet(46)) - raft.server.log.segment.cache.size.max = 200MB (=209715200) (default)
2023-06-06 14:27:47,889 [15c64375-eb37-4995-8297-e35bcf5786b9-groupManagement] INFO  server.RaftServerConfigKeys (ConfUtils.java:logGet(46)) - raft.server.log.appender.buffer.byte-limit = 33554432 (custom)
2023-06-06 14:27:47,889 [15c64375-eb37-4995-8297-e35bcf5786b9-groupManagement] INFO  segmented.SegmentedRaftLogWorker (SegmentedRaftLogWorker.java:<init>(188)) - new 15c64375-eb37-4995-8297-e35bcf5786b9@group-AE3FE3969E60-SegmentedRaftLogWorker for RaftStorageImpl:Storage Directory /home/runner/work/ozone/ozone/hadoop-ozone/integration-test/target/test-dir/MiniOzoneClusterImpl-0067d30e-4f89-4c9b-b2b0-188d8bbd32e4/datanode-1/data/ratis/ce016cde-559d-42e9-81d0-ae3fe3969e60
2023-06-06 14:27:47,889 [15c64375-eb37-4995-8297-e35bcf5786b9-groupManagement] INFO  server.RaftServerConfigKeys (ConfUtils.java:logGet(46)) - raft.server.log.queue.byte-limit = 4294967296 (custom)
2023-06-06 14:27:47,889 [15c64375-eb37-4995-8297-e35bcf5786b9-groupManagement] INFO  server.RaftServerConfigKeys (ConfUtils.java:logGet(46)) - raft.server.log.queue.element-limit = 1024 (custom)
2023-06-06 14:27:47,889 [15c64375-eb37-4995-8297-e35bcf5786b9-groupManagement] INFO  server.RaftServerConfigKeys (ConfUtils.java:logGet(46)) - raft.server.log.segment.size.max = 1048576 (custom)
2023-06-06 14:27:47,889 [15c64375-eb37-4995-8297-e35bcf5786b9-groupManagement] INFO  server.RaftServerConfigKeys (ConfUtils.java:logGet(46)) - raft.server.log.preallocated.size = 16384 (custom)
2023-06-06 14:27:47,889 [15c64375-eb37-4995-8297-e35bcf5786b9-groupManagement] INFO  server.RaftServerConfigKeys (ConfUtils.java:logGet(46)) - raft.server.log.force.sync.num = 128 (default)
2023-06-06 14:27:47,889 [15c64375-eb37-4995-8297-e35bcf5786b9-groupManagement] INFO  server.RaftServerConfigKeys (ConfUtils.java:logGet(46)) - raft.server.log.statemachine.data.sync = true (default)
2023-06-06 14:27:47,889 [15c64375-eb37-4995-8297-e35bcf5786b9-groupManagement] INFO  server.RaftServerConfigKeys (ConfUtils.java:logGet(46)) - raft.server.log.statemachine.data.sync.timeout = 10s (default)
2023-06-06 14:27:47,890 [15c64375-eb37-4995-8297-e35bcf5786b9-groupManagement] INFO  server.RaftServerConfigKeys (ConfUtils.java:logGet(46)) - raft.server.log.statemachine.data.sync.timeout.retry = -1 (default)
2023-06-06 14:27:47,890 [15c64375-eb37-4995-8297-e35bcf5786b9-groupManagement] INFO  server.RaftServerConfigKeys (ConfUtils.java:logGet(46)) - raft.server.log.write.buffer.size = 1048576 (custom)
2023-06-06 14:27:47,891 [15c64375-eb37-4995-8297-e35bcf5786b9-groupManagement] INFO  server.RaftServerConfigKeys (ConfUtils.java:logGet(46)) - raft.server.log.appender.buffer.byte-limit = 33554432 (custom)
2023-06-06 14:27:47,896 [15c64375-eb37-4995-8297-e35bcf5786b9-groupManagement] INFO  server.RaftServerConfigKeys (ConfUtils.java:logGet(46)) - raft.server.log.unsafe-flush.enabled = false (default)
2023-06-06 14:27:47,896 [15c64375-eb37-4995-8297-e35bcf5786b9-groupManagement] INFO  server.RaftServerConfigKeys (ConfUtils.java:logGet(46)) - raft.server.log.async-flush.enabled = false (default)
2023-06-06 14:27:47,896 [15c64375-eb37-4995-8297-e35bcf5786b9-groupManagement] INFO  server.RaftServerConfigKeys (ConfUtils.java:logGet(46)) - raft.server.log.statemachine.data.caching.enabled = true (custom)
2023-06-06 14:27:47,896 [15c64375-eb37-4995-8297-e35bcf5786b9-groupManagement] INFO  segmented.SegmentedRaftLogWorker (SegmentedRaftLogWorker.java:lambda$new$0(135)) - 15c64375-eb37-4995-8297-e35bcf5786b9@group-AE3FE3969E60-SegmentedRaftLogWorker: flushIndex: setUnconditionally 0 -> -1
2023-06-06 14:27:47,896 [15c64375-eb37-4995-8297-e35bcf5786b9-groupManagement] INFO  segmented.SegmentedRaftLogWorker (SegmentedRaftLogWorker.java:lambda$new$0(135)) - 15c64375-eb37-4995-8297-e35bcf5786b9@group-AE3FE3969E60-SegmentedRaftLogWorker: safeCacheEvictIndex: setUnconditionally 0 -> -1
2023-06-06 14:27:47,896 [15c64375-eb37-4995-8297-e35bcf5786b9-groupManagement] INFO  server.RaftServer$Division (RaftServerImpl.java:start(342)) - 15c64375-eb37-4995-8297-e35bcf5786b9@group-AE3FE3969E60: start as a follower, conf=-1: peers:[dc31b473-b1c6-4224-b715-646a963524cb|rpc:10.1.0.37:15066|admin:10.1.0.37:15065|client:10.1.0.37:15064|dataStream:10.1.0.37:15067|priority:1|startupRole:FOLLOWER, eace5f59-788d-4728-aabc-814a8b7743c4|rpc:10.1.0.37:15084|admin:10.1.0.37:15083|client:10.1.0.37:15082|dataStream:10.1.0.37:15085|priority:0|startupRole:FOLLOWER, 15c64375-eb37-4995-8297-e35bcf5786b9|rpc:10.1.0.37:15075|admin:10.1.0.37:15074|client:10.1.0.37:15073|dataStream:10.1.0.37:15076|priority:0|startupRole:FOLLOWER]|listeners:[], old=null
2023-06-06 14:27:47,896 [15c64375-eb37-4995-8297-e35bcf5786b9-groupManagement] INFO  server.RaftServer$Division (RaftServerImpl.java:setRole(329)) - 15c64375-eb37-4995-8297-e35bcf5786b9@group-AE3FE3969E60: changes role from      null to FOLLOWER at term 0 for startAsFollower
2023-06-06 14:27:47,897 [15c64375-eb37-4995-8297-e35bcf5786b9-groupManagement] INFO  impl.RoleInfo (RoleInfo.java:updateAndGet(139)) - 15c64375-eb37-4995-8297-e35bcf5786b9: start 15c64375-eb37-4995-8297-e35bcf5786b9@group-AE3FE3969E60-FollowerState
2023-06-06 14:27:47,897 [15c64375-eb37-4995-8297-e35bcf5786b9-groupManagement] INFO  util.JmxRegister (JmxRegister.java:tryRegister(44)) - Successfully registered JMX Bean with object name Ratis:service=RaftServer,group=group-AE3FE3969E60,id=15c64375-eb37-4995-8297-e35bcf5786b9
2023-06-06 14:27:47,897 [15c64375-eb37-4995-8297-e35bcf5786b9@group-AE3FE3969E60-FollowerState] INFO  server.RaftServerConfigKeys (ConfUtils.java:logFallback(53)) - raft.server.rpc.first-election.timeout.min = 5s (fallback to raft.server.rpc.timeout.min)
2023-06-06 14:27:47,897 [15c64375-eb37-4995-8297-e35bcf5786b9-groupManagement] INFO  server.RaftServerConfigKeys (ConfUtils.java:logGet(46)) - raft.server.snapshot.auto.trigger.enabled = true (custom)
2023-06-06 14:27:47,897 [15c64375-eb37-4995-8297-e35bcf5786b9@group-AE3FE3969E60-FollowerState] INFO  server.RaftServerConfigKeys (ConfUtils.java:logFallback(53)) - raft.server.rpc.first-election.timeout.max = 5200ms (fallback to raft.server.rpc.timeout.max)
2023-06-06 14:27:47,897 [15c64375-eb37-4995-8297-e35bcf5786b9-groupManagement] INFO  server.RaftServerConfigKeys (ConfUtils.java:logGet(46)) - raft.server.snapshot.auto.trigger.threshold = 10000 (custom)
2023-06-06 14:27:47,897 [15c64375-eb37-4995-8297-e35bcf5786b9-groupManagement] INFO  server.RaftServerConfigKeys (ConfUtils.java:logGet(46)) - raft.server.snapshot.retention.file.num = 5 (custom)
2023-06-06 14:27:47,897 [15c64375-eb37-4995-8297-e35bcf5786b9-groupManagement] INFO  server.RaftServerConfigKeys (ConfUtils.java:logGet(46)) - raft.server.log.purge.upto.snapshot.index = false (default)
2023-06-06 14:27:47,917 [grpc-default-executor-0] INFO  server.RaftServer (RaftServerProxy.java:addNew(98)) - eace5f59-788d-4728-aabc-814a8b7743c4: addNew group-AE3FE3969E60:[dc31b473-b1c6-4224-b715-646a963524cb|rpc:10.1.0.37:15066|admin:10.1.0.37:15065|client:10.1.0.37:15064|dataStream:10.1.0.37:15067|priority:1|startupRole:FOLLOWER, eace5f59-788d-4728-aabc-814a8b7743c4|rpc:10.1.0.37:15084|admin:10.1.0.37:15083|client:10.1.0.37:15082|dataStream:10.1.0.37:15085|priority:0|startupRole:FOLLOWER, 15c64375-eb37-4995-8297-e35bcf5786b9|rpc:10.1.0.37:15075|admin:10.1.0.37:15074|client:10.1.0.37:15073|dataStream:10.1.0.37:15076|priority:0|startupRole:FOLLOWER] returns group-AE3FE3969E60:java.util.concurrent.CompletableFuture@260b0825[Not completed]
2023-06-06 14:27:47,918 [eace5f59-788d-4728-aabc-814a8b7743c4-groupManagement] INFO  server.RaftServer$Division (RaftServerImpl.java:<init>(198)) - eace5f59-788d-4728-aabc-814a8b7743c4: new RaftServerImpl for group-AE3FE3969E60:[dc31b473-b1c6-4224-b715-646a963524cb|rpc:10.1.0.37:15066|admin:10.1.0.37:15065|client:10.1.0.37:15064|dataStream:10.1.0.37:15067|priority:1|startupRole:FOLLOWER, eace5f59-788d-4728-aabc-814a8b7743c4|rpc:10.1.0.37:15084|admin:10.1.0.37:15083|client:10.1.0.37:15082|dataStream:10.1.0.37:15085|priority:0|startupRole:FOLLOWER, 15c64375-eb37-4995-8297-e35bcf5786b9|rpc:10.1.0.37:15075|admin:10.1.0.37:15074|client:10.1.0.37:15073|dataStream:10.1.0.37:15076|priority:0|startupRole:FOLLOWER] with ContainerStateMachine:uninitialized
2023-06-06 14:27:47,918 [eace5f59-788d-4728-aabc-814a8b7743c4-groupManagement] INFO  server.RaftServerConfigKeys (ConfUtils.java:logGet(46)) - raft.server.rpc.timeout.min = 5s (custom)
2023-06-06 14:27:47,921 [eace5f59-788d-4728-aabc-814a8b7743c4-groupManagement] INFO  server.RaftServerConfigKeys (ConfUtils.java:logGet(46)) - raft.server.rpc.timeout.max = 5200ms (custom)
2023-06-06 14:27:47,921 [eace5f59-788d-4728-aabc-814a8b7743c4-groupManagement] INFO  server.RaftServerConfigKeys (ConfUtils.java:logGet(46)) - raft.server.rpc.sleep.time = 25ms (default)
2023-06-06 14:27:47,921 [eace5f59-788d-4728-aabc-814a8b7743c4-groupManagement] INFO  server.RaftServerConfigKeys (ConfUtils.java:logGet(46)) - raft.server.rpc.slowness.timeout = 300s (custom)
2023-06-06 14:27:47,921 [eace5f59-788d-4728-aabc-814a8b7743c4-groupManagement] INFO  server.RaftServerConfigKeys (ConfUtils.java:logGet(46)) - raft.server.leaderelection.leader.step-down.wait-time = 10s (default)
2023-06-06 14:27:47,922 [eace5f59-788d-4728-aabc-814a8b7743c4-groupManagement] INFO  server.RaftServerConfigKeys (ConfUtils.java:logGet(46)) - raft.server.sleep.deviation.threshold = 300ms (default)
2023-06-06 14:27:47,922 [eace5f59-788d-4728-aabc-814a8b7743c4-groupManagement] INFO  server.RaftServer$Division (ServerState.java:<init>(120)) - eace5f59-788d-4728-aabc-814a8b7743c4@group-AE3FE3969E60: ConfigurationManager, init=-1: peers:[dc31b473-b1c6-4224-b715-646a963524cb|rpc:10.1.0.37:15066|admin:10.1.0.37:15065|client:10.1.0.37:15064|dataStream:10.1.0.37:15067|priority:1|startupRole:FOLLOWER, eace5f59-788d-4728-aabc-814a8b7743c4|rpc:10.1.0.37:15084|admin:10.1.0.37:15083|client:10.1.0.37:15082|dataStream:10.1.0.37:15085|priority:0|startupRole:FOLLOWER, 15c64375-eb37-4995-8297-e35bcf5786b9|rpc:10.1.0.37:15075|admin:10.1.0.37:15074|client:10.1.0.37:15073|dataStream:10.1.0.37:15076|priority:0|startupRole:FOLLOWER]|listeners:[], old=null, confs=<EMPTY_MAP>
2023-06-06 14:27:47,922 [eace5f59-788d-4728-aabc-814a8b7743c4-groupManagement] INFO  server.RaftServerConfigKeys (ConfUtils.java:logGet(46)) - raft.server.storage.dir = [/home/runner/work/ozone/ozone/hadoop-ozone/integration-test/target/test-dir/MiniOzoneClusterImpl-0067d30e-4f89-4c9b-b2b0-188d8bbd32e4/datanode-2/data/ratis] (custom)
2023-06-06 14:27:47,922 [eace5f59-788d-4728-aabc-814a8b7743c4-groupManagement] INFO  server.RaftServerConfigKeys (ConfUtils.java:logGet(46)) - raft.server.log.corruption.policy = EXCEPTION (default)
2023-06-06 14:27:47,922 [eace5f59-788d-4728-aabc-814a8b7743c4-groupManagement] INFO  server.RaftServerConfigKeys (ConfUtils.java:logGet(46)) - raft.server.storage.free-space.min = 0MB (=0) (default)
2023-06-06 14:27:47,922 [eace5f59-788d-4728-aabc-814a8b7743c4-groupManagement] INFO  server.RaftServerConfigKeys (ConfUtils.java:logGet(46)) - raft.server.notification.no-leader.timeout = 300s (custom)
2023-06-06 14:27:47,922 [eace5f59-788d-4728-aabc-814a8b7743c4-groupManagement] INFO  server.RaftServerConfigKeys (ConfUtils.java:logGet(46)) - raft.server.read.timeout = 10s (default)
2023-06-06 14:27:47,922 [eace5f59-788d-4728-aabc-814a8b7743c4-groupManagement] INFO  server.RaftServerConfigKeys (ConfUtils.java:logGet(46)) - raft.server.retrycache.expirytime = 600000ms (custom)
2023-06-06 14:27:47,922 [eace5f59-788d-4728-aabc-814a8b7743c4-groupManagement] INFO  server.RaftServerConfigKeys (ConfUtils.java:logGet(46)) - raft.server.retrycache.statistics.expirytime = 100μs (default)
2023-06-06 14:27:47,922 [eace5f59-788d-4728-aabc-814a8b7743c4-groupManagement] INFO  server.RaftServerConfigKeys (ConfUtils.java:logGet(46)) - raft.server.read.option = DEFAULT (default)
2023-06-06 14:27:47,923 [eace5f59-788d-4728-aabc-814a8b7743c4-groupManagement] INFO  server.RaftServerConfigKeys (ConfUtils.java:logGet(46)) - raft.server.rpc.request.timeout = 60s (custom)
2023-06-06 14:27:47,923 [eace5f59-788d-4728-aabc-814a8b7743c4-groupManagement] INFO  server.RaftServerConfigKeys (ConfUtils.java:logGet(46)) - raft.server.log.appender.install.snapshot.enabled = false (custom)
2023-06-06 14:27:47,923 [eace5f59-788d-4728-aabc-814a8b7743c4-groupManagement] INFO  server.RaftServerConfigKeys (ConfUtils.java:logGet(46)) - raft.server.threadpool.server.cached = true (default)
2023-06-06 14:27:47,923 [eace5f59-788d-4728-aabc-814a8b7743c4-groupManagement] INFO  server.RaftServerConfigKeys (ConfUtils.java:logGet(46)) - raft.server.threadpool.server.size = 0 (default)
2023-06-06 14:27:47,923 [eace5f59-788d-4728-aabc-814a8b7743c4-groupManagement] INFO  server.RaftServerConfigKeys (ConfUtils.java:logGet(46)) - raft.server.threadpool.client.cached = true (default)
2023-06-06 14:27:47,923 [eace5f59-788d-4728-aabc-814a8b7743c4-groupManagement] INFO  server.RaftServerConfigKeys (ConfUtils.java:logGet(46)) - raft.server.threadpool.client.size = 0 (default)
2023-06-06 14:27:47,923 [eace5f59-788d-4728-aabc-814a8b7743c4-groupManagement] INFO  storage.RaftStorageDirectory (RaftStorageDirectoryImpl.java:analyzeStorage(137)) - The storage directory /home/runner/work/ozone/ozone/hadoop-ozone/integration-test/target/test-dir/MiniOzoneClusterImpl-0067d30e-4f89-4c9b-b2b0-188d8bbd32e4/datanode-2/data/ratis/ce016cde-559d-42e9-81d0-ae3fe3969e60 does not exist. Creating ...
2023-06-06 14:27:47,924 [eace5f59-788d-4728-aabc-814a8b7743c4-groupManagement] INFO  storage.RaftStorageDirectory (RaftStorageDirectoryImpl.java:tryLock(231)) - Lock on /home/runner/work/ozone/ozone/hadoop-ozone/integration-test/target/test-dir/MiniOzoneClusterImpl-0067d30e-4f89-4c9b-b2b0-188d8bbd32e4/datanode-2/data/ratis/ce016cde-559d-42e9-81d0-ae3fe3969e60/in_use.lock acquired by nodename 75814@fv-az1133-973
2023-06-06 14:27:47,925 [eace5f59-788d-4728-aabc-814a8b7743c4-groupManagement] INFO  storage.RaftStorage (RaftStorageImpl.java:format(96)) - Storage directory /home/runner/work/ozone/ozone/hadoop-ozone/integration-test/target/test-dir/MiniOzoneClusterImpl-0067d30e-4f89-4c9b-b2b0-188d8bbd32e4/datanode-2/data/ratis/ce016cde-559d-42e9-81d0-ae3fe3969e60 has been successfully formatted.
2023-06-06 14:27:47,926 [eace5f59-788d-4728-aabc-814a8b7743c4-groupManagement] INFO  ratis.ContainerStateMachine (ContainerStateMachine.java:loadSnapshot(262)) - group-AE3FE3969E60: The snapshot info is null. Setting the last applied indexto:(t:0, i:~)
2023-06-06 14:27:47,926 [eace5f59-788d-4728-aabc-814a8b7743c4-groupManagement] INFO  server.RaftServerConfigKeys (ConfUtils.java:logGet(46)) - raft.server.log.use.memory = false (default)
2023-06-06 14:27:47,927 [eace5f59-788d-4728-aabc-814a8b7743c4-groupManagement] INFO  server.RaftServerConfigKeys (ConfUtils.java:logGet(46)) - raft.server.log.purge.gap = 1000000 (custom)
2023-06-06 14:27:47,928 [eace5f59-788d-4728-aabc-814a8b7743c4-groupManagement] INFO  server.RaftServerConfigKeys (ConfUtils.java:logGet(46)) - raft.server.log.appender.buffer.byte-limit = 33554432 (custom)
2023-06-06 14:27:47,928 [eace5f59-788d-4728-aabc-814a8b7743c4-groupManagement] INFO  server.RaftServerConfigKeys (ConfUtils.java:logGet(46)) - raft.server.log.statemachine.data.read.timeout = 1000ms (default)
2023-06-06 14:27:47,928 [eace5f59-788d-4728-aabc-814a8b7743c4-groupManagement] INFO  server.RaftServerConfigKeys (ConfUtils.java:logGet(46)) - raft.server.log.purge.preservation.log.num = 0 (default)
2023-06-06 14:27:47,928 [eace5f59-788d-4728-aabc-814a8b7743c4-groupManagement] INFO  server.RaftServerConfigKeys (ConfUtils.java:logGet(46)) - raft.server.log.segment.size.max = 1048576 (custom)
2023-06-06 14:27:47,928 [eace5f59-788d-4728-aabc-814a8b7743c4-groupManagement] INFO  server.RaftServerConfigKeys (ConfUtils.java:logGet(46)) - raft.server.log.segment.cache.num.max = 2 (custom)
2023-06-06 14:27:47,928 [eace5f59-788d-4728-aabc-814a8b7743c4-groupManagement] INFO  server.RaftServerConfigKeys (ConfUtils.java:logGet(46)) - raft.server.log.segment.cache.size.max = 200MB (=209715200) (default)
2023-06-06 14:27:47,928 [eace5f59-788d-4728-aabc-814a8b7743c4-groupManagement] INFO  server.RaftServerConfigKeys (ConfUtils.java:logGet(46)) - raft.server.log.appender.buffer.byte-limit = 33554432 (custom)
2023-06-06 14:27:47,928 [eace5f59-788d-4728-aabc-814a8b7743c4-groupManagement] INFO  segmented.SegmentedRaftLogWorker (SegmentedRaftLogWorker.java:<init>(188)) - new eace5f59-788d-4728-aabc-814a8b7743c4@group-AE3FE3969E60-SegmentedRaftLogWorker for RaftStorageImpl:Storage Directory /home/runner/work/ozone/ozone/hadoop-ozone/integration-test/target/test-dir/MiniOzoneClusterImpl-0067d30e-4f89-4c9b-b2b0-188d8bbd32e4/datanode-2/data/ratis/ce016cde-559d-42e9-81d0-ae3fe3969e60
2023-06-06 14:27:47,928 [eace5f59-788d-4728-aabc-814a8b7743c4-groupManagement] INFO  server.RaftServerConfigKeys (ConfUtils.java:logGet(46)) - raft.server.log.queue.byte-limit = 4294967296 (custom)
2023-06-06 14:27:47,928 [eace5f59-788d-4728-aabc-814a8b7743c4-groupManagement] INFO  server.RaftServerConfigKeys (ConfUtils.java:logGet(46)) - raft.server.log.queue.element-limit = 1024 (custom)
2023-06-06 14:27:47,928 [eace5f59-788d-4728-aabc-814a8b7743c4-groupManagement] INFO  server.RaftServerConfigKeys (ConfUtils.java:logGet(46)) - raft.server.log.segment.size.max = 1048576 (custom)
2023-06-06 14:27:47,928 [eace5f59-788d-4728-aabc-814a8b7743c4-groupManagement] INFO  server.RaftServerConfigKeys (ConfUtils.java:logGet(46)) - raft.server.log.preallocated.size = 16384 (custom)
2023-06-06 14:27:47,928 [eace5f59-788d-4728-aabc-814a8b7743c4-groupManagement] INFO  server.RaftServerConfigKeys (ConfUtils.java:logGet(46)) - raft.server.log.force.sync.num = 128 (default)
2023-06-06 14:27:47,929 [eace5f59-788d-4728-aabc-814a8b7743c4-groupManagement] INFO  server.RaftServerConfigKeys (ConfUtils.java:logGet(46)) - raft.server.log.statemachine.data.sync = true (default)
2023-06-06 14:27:47,929 [eace5f59-788d-4728-aabc-814a8b7743c4-groupManagement] INFO  server.RaftServerConfigKeys (ConfUtils.java:logGet(46)) - raft.server.log.statemachine.data.sync.timeout = 10s (default)
2023-06-06 14:27:47,929 [eace5f59-788d-4728-aabc-814a8b7743c4-groupManagement] INFO  server.RaftServerConfigKeys (ConfUtils.java:logGet(46)) - raft.server.log.statemachine.data.sync.timeout.retry = -1 (default)
2023-06-06 14:27:47,929 [eace5f59-788d-4728-aabc-814a8b7743c4-groupManagement] INFO  server.RaftServerConfigKeys (ConfUtils.java:logGet(46)) - raft.server.log.write.buffer.size = 1048576 (custom)
2023-06-06 14:27:47,930 [eace5f59-788d-4728-aabc-814a8b7743c4-groupManagement] INFO  server.RaftServerConfigKeys (ConfUtils.java:logGet(46)) - raft.server.log.appender.buffer.byte-limit = 33554432 (custom)
2023-06-06 14:27:47,935 [eace5f59-788d-4728-aabc-814a8b7743c4-groupManagement] INFO  server.RaftServerConfigKeys (ConfUtils.java:logGet(46)) - raft.server.log.unsafe-flush.enabled = false (default)
2023-06-06 14:27:47,935 [eace5f59-788d-4728-aabc-814a8b7743c4-groupManagement] INFO  server.RaftServerConfigKeys (ConfUtils.java:logGet(46)) - raft.server.log.async-flush.enabled = false (default)
2023-06-06 14:27:47,935 [eace5f59-788d-4728-aabc-814a8b7743c4-groupManagement] INFO  server.RaftServerConfigKeys (ConfUtils.java:logGet(46)) - raft.server.log.statemachine.data.caching.enabled = true (custom)
2023-06-06 14:27:47,935 [eace5f59-788d-4728-aabc-814a8b7743c4-groupManagement] INFO  segmented.SegmentedRaftLogWorker (SegmentedRaftLogWorker.java:lambda$new$0(135)) - eace5f59-788d-4728-aabc-814a8b7743c4@group-AE3FE3969E60-SegmentedRaftLogWorker: flushIndex: setUnconditionally 0 -> -1
2023-06-06 14:27:47,935 [eace5f59-788d-4728-aabc-814a8b7743c4-groupManagement] INFO  segmented.SegmentedRaftLogWorker (SegmentedRaftLogWorker.java:lambda$new$0(135)) - eace5f59-788d-4728-aabc-814a8b7743c4@group-AE3FE3969E60-SegmentedRaftLogWorker: safeCacheEvictIndex: setUnconditionally 0 -> -1
2023-06-06 14:27:47,935 [eace5f59-788d-4728-aabc-814a8b7743c4-groupManagement] INFO  server.RaftServer$Division (RaftServerImpl.java:start(342)) - eace5f59-788d-4728-aabc-814a8b7743c4@group-AE3FE3969E60: start as a follower, conf=-1: peers:[dc31b473-b1c6-4224-b715-646a963524cb|rpc:10.1.0.37:15066|admin:10.1.0.37:15065|client:10.1.0.37:15064|dataStream:10.1.0.37:15067|priority:1|startupRole:FOLLOWER, eace5f59-788d-4728-aabc-814a8b7743c4|rpc:10.1.0.37:15084|admin:10.1.0.37:15083|client:10.1.0.37:15082|dataStream:10.1.0.37:15085|priority:0|startupRole:FOLLOWER, 15c64375-eb37-4995-8297-e35bcf5786b9|rpc:10.1.0.37:15075|admin:10.1.0.37:15074|client:10.1.0.37:15073|dataStream:10.1.0.37:15076|priority:0|startupRole:FOLLOWER]|listeners:[], old=null
2023-06-06 14:27:47,935 [eace5f59-788d-4728-aabc-814a8b7743c4-groupManagement] INFO  server.RaftServer$Division (RaftServerImpl.java:setRole(329)) - eace5f59-788d-4728-aabc-814a8b7743c4@group-AE3FE3969E60: changes role from      null to FOLLOWER at term 0 for startAsFollower
2023-06-06 14:27:47,935 [eace5f59-788d-4728-aabc-814a8b7743c4-groupManagement] INFO  impl.RoleInfo (RoleInfo.java:updateAndGet(139)) - eace5f59-788d-4728-aabc-814a8b7743c4: start eace5f59-788d-4728-aabc-814a8b7743c4@group-AE3FE3969E60-FollowerState
2023-06-06 14:27:47,936 [eace5f59-788d-4728-aabc-814a8b7743c4-groupManagement] INFO  util.JmxRegister (JmxRegister.java:tryRegister(44)) - Successfully registered JMX Bean with object name Ratis:service=RaftServer,group=group-AE3FE3969E60,id=eace5f59-788d-4728-aabc-814a8b7743c4
2023-06-06 14:27:47,936 [eace5f59-788d-4728-aabc-814a8b7743c4-groupManagement] INFO  server.RaftServerConfigKeys (ConfUtils.java:logGet(46)) - raft.server.snapshot.auto.trigger.enabled = true (custom)
2023-06-06 14:27:47,936 [eace5f59-788d-4728-aabc-814a8b7743c4-groupManagement] INFO  server.RaftServerConfigKeys (ConfUtils.java:logGet(46)) - raft.server.snapshot.auto.trigger.threshold = 10000 (custom)
2023-06-06 14:27:47,936 [eace5f59-788d-4728-aabc-814a8b7743c4-groupManagement] INFO  server.RaftServerConfigKeys (ConfUtils.java:logGet(46)) - raft.server.snapshot.retention.file.num = 5 (custom)
2023-06-06 14:27:47,936 [eace5f59-788d-4728-aabc-814a8b7743c4-groupManagement] INFO  server.RaftServerConfigKeys (ConfUtils.java:logGet(46)) - raft.server.log.purge.upto.snapshot.index = false (default)
2023-06-06 14:27:47,936 [eace5f59-788d-4728-aabc-814a8b7743c4@group-AE3FE3969E60-FollowerState] INFO  server.RaftServerConfigKeys (ConfUtils.java:logFallback(53)) - raft.server.rpc.first-election.timeout.min = 5s (fallback to raft.server.rpc.timeout.min)
2023-06-06 14:27:47,936 [eace5f59-788d-4728-aabc-814a8b7743c4@group-AE3FE3969E60-FollowerState] INFO  server.RaftServerConfigKeys (ConfUtils.java:logFallback(53)) - raft.server.rpc.first-election.timeout.max = 5200ms (fallback to raft.server.rpc.timeout.max)
2023-06-06 14:27:47,947 [PipelineCommandHandlerThread-0] INFO  commandhandler.CreatePipelineCommandHandler (CreatePipelineCommandHandler.java:lambda$handle$2(124)) - Created Pipeline RATIS THREE PipelineID=ce016cde-559d-42e9-81d0-ae3fe3969e60.
2023-06-06 14:27:47,947 [PipelineCommandHandlerThread-0] INFO  server.RaftServer (RaftServerProxy.java:addNew(98)) - dc31b473-b1c6-4224-b715-646a963524cb: addNew group-6E1B3B21AFAD:[eace5f59-788d-4728-aabc-814a8b7743c4|rpc:10.1.0.37:15084|admin:10.1.0.37:15083|client:10.1.0.37:15082|dataStream:10.1.0.37:15085|priority:0|startupRole:FOLLOWER, dc31b473-b1c6-4224-b715-646a963524cb|rpc:10.1.0.37:15066|admin:10.1.0.37:15065|client:10.1.0.37:15064|dataStream:10.1.0.37:15067|priority:0|startupRole:FOLLOWER, 15c64375-eb37-4995-8297-e35bcf5786b9|rpc:10.1.0.37:15075|admin:10.1.0.37:15074|client:10.1.0.37:15073|dataStream:10.1.0.37:15076|priority:1|startupRole:FOLLOWER] returns group-6E1B3B21AFAD:java.util.concurrent.CompletableFuture@29c59b92[Not completed]
2023-06-06 14:27:47,948 [dc31b473-b1c6-4224-b715-646a963524cb-groupManagement] INFO  server.RaftServer$Division (RaftServerImpl.java:<init>(198)) - dc31b473-b1c6-4224-b715-646a963524cb: new RaftServerImpl for group-6E1B3B21AFAD:[eace5f59-788d-4728-aabc-814a8b7743c4|rpc:10.1.0.37:15084|admin:10.1.0.37:15083|client:10.1.0.37:15082|dataStream:10.1.0.37:15085|priority:0|startupRole:FOLLOWER, dc31b473-b1c6-4224-b715-646a963524cb|rpc:10.1.0.37:15066|admin:10.1.0.37:15065|client:10.1.0.37:15064|dataStream:10.1.0.37:15067|priority:0|startupRole:FOLLOWER, 15c64375-eb37-4995-8297-e35bcf5786b9|rpc:10.1.0.37:15075|admin:10.1.0.37:15074|client:10.1.0.37:15073|dataStream:10.1.0.37:15076|priority:1|startupRole:FOLLOWER] with ContainerStateMachine:uninitialized
2023-06-06 14:27:47,948 [dc31b473-b1c6-4224-b715-646a963524cb-groupManagement] INFO  server.RaftServerConfigKeys (ConfUtils.java:logGet(46)) - raft.server.rpc.timeout.min = 5s (custom)
2023-06-06 14:27:47,948 [dc31b473-b1c6-4224-b715-646a963524cb-groupManagement] INFO  server.RaftServerConfigKeys (ConfUtils.java:logGet(46)) - raft.server.rpc.timeout.max = 5200ms (custom)
2023-06-06 14:27:47,948 [dc31b473-b1c6-4224-b715-646a963524cb-groupManagement] INFO  server.RaftServerConfigKeys (ConfUtils.java:logGet(46)) - raft.server.rpc.sleep.time = 25ms (default)
2023-06-06 14:27:47,948 [dc31b473-b1c6-4224-b715-646a963524cb-groupManagement] INFO  server.RaftServerConfigKeys (ConfUtils.java:logGet(46)) - raft.server.rpc.slowness.timeout = 300s (custom)
2023-06-06 14:27:47,948 [dc31b473-b1c6-4224-b715-646a963524cb-groupManagement] INFO  server.RaftServerConfigKeys (ConfUtils.java:logGet(46)) - raft.server.leaderelection.leader.step-down.wait-time = 10s (default)
2023-06-06 14:27:47,948 [dc31b473-b1c6-4224-b715-646a963524cb-groupManagement] INFO  server.RaftServerConfigKeys (ConfUtils.java:logGet(46)) - raft.server.sleep.deviation.threshold = 300ms (default)
2023-06-06 14:27:47,948 [dc31b473-b1c6-4224-b715-646a963524cb-groupManagement] INFO  server.RaftServer$Division (ServerState.java:<init>(120)) - dc31b473-b1c6-4224-b715-646a963524cb@group-6E1B3B21AFAD: ConfigurationManager, init=-1: peers:[eace5f59-788d-4728-aabc-814a8b7743c4|rpc:10.1.0.37:15084|admin:10.1.0.37:15083|client:10.1.0.37:15082|dataStream:10.1.0.37:15085|priority:0|startupRole:FOLLOWER, dc31b473-b1c6-4224-b715-646a963524cb|rpc:10.1.0.37:15066|admin:10.1.0.37:15065|client:10.1.0.37:15064|dataStream:10.1.0.37:15067|priority:0|startupRole:FOLLOWER, 15c64375-eb37-4995-8297-e35bcf5786b9|rpc:10.1.0.37:15075|admin:10.1.0.37:15074|client:10.1.0.37:15073|dataStream:10.1.0.37:15076|priority:1|startupRole:FOLLOWER]|listeners:[], old=null, confs=<EMPTY_MAP>
2023-06-06 14:27:47,949 [dc31b473-b1c6-4224-b715-646a963524cb-groupManagement] INFO  server.RaftServerConfigKeys (ConfUtils.java:logGet(46)) - raft.server.storage.dir = [/home/runner/work/ozone/ozone/hadoop-ozone/integration-test/target/test-dir/MiniOzoneClusterImpl-0067d30e-4f89-4c9b-b2b0-188d8bbd32e4/datanode-0/data/ratis] (custom)
2023-06-06 14:27:47,949 [dc31b473-b1c6-4224-b715-646a963524cb-groupManagement] INFO  server.RaftServerConfigKeys (ConfUtils.java:logGet(46)) - raft.server.log.corruption.policy = EXCEPTION (default)
2023-06-06 14:27:47,949 [dc31b473-b1c6-4224-b715-646a963524cb-groupManagement] INFO  server.RaftServerConfigKeys (ConfUtils.java:logGet(46)) - raft.server.storage.free-space.min = 0MB (=0) (default)
2023-06-06 14:27:47,949 [dc31b473-b1c6-4224-b715-646a963524cb-groupManagement] INFO  server.RaftServerConfigKeys (ConfUtils.java:logGet(46)) - raft.server.notification.no-leader.timeout = 300s (custom)
2023-06-06 14:27:47,949 [dc31b473-b1c6-4224-b715-646a963524cb-groupManagement] INFO  server.RaftServerConfigKeys (ConfUtils.java:logGet(46)) - raft.server.read.timeout = 10s (default)
2023-06-06 14:27:47,949 [dc31b473-b1c6-4224-b715-646a963524cb-groupManagement] INFO  server.RaftServerConfigKeys (ConfUtils.java:logGet(46)) - raft.server.retrycache.expirytime = 600000ms (custom)
2023-06-06 14:27:47,949 [dc31b473-b1c6-4224-b715-646a963524cb-groupManagement] INFO  server.RaftServerConfigKeys (ConfUtils.java:logGet(46)) - raft.server.retrycache.statistics.expirytime = 100μs (default)
2023-06-06 14:27:47,949 [dc31b473-b1c6-4224-b715-646a963524cb-groupManagement] INFO  server.RaftServerConfigKeys (ConfUtils.java:logGet(46)) - raft.server.read.option = DEFAULT (default)
2023-06-06 14:27:47,952 [dc31b473-b1c6-4224-b715-646a963524cb-groupManagement] INFO  server.RaftServerConfigKeys (ConfUtils.java:logGet(46)) - raft.server.rpc.request.timeout = 60s (custom)
2023-06-06 14:27:47,952 [dc31b473-b1c6-4224-b715-646a963524cb-groupManagement] INFO  server.RaftServerConfigKeys (ConfUtils.java:logGet(46)) - raft.server.log.appender.install.snapshot.enabled = false (custom)
2023-06-06 14:27:47,952 [dc31b473-b1c6-4224-b715-646a963524cb-groupManagement] INFO  server.RaftServerConfigKeys (ConfUtils.java:logGet(46)) - raft.server.threadpool.server.cached = true (default)
2023-06-06 14:27:47,952 [dc31b473-b1c6-4224-b715-646a963524cb-groupManagement] INFO  server.RaftServerConfigKeys (ConfUtils.java:logGet(46)) - raft.server.threadpool.server.size = 0 (default)
2023-06-06 14:27:47,952 [dc31b473-b1c6-4224-b715-646a963524cb-groupManagement] INFO  server.RaftServerConfigKeys (ConfUtils.java:logGet(46)) - raft.server.threadpool.client.cached = true (default)
2023-06-06 14:27:47,952 [dc31b473-b1c6-4224-b715-646a963524cb-groupManagement] INFO  server.RaftServerConfigKeys (ConfUtils.java:logGet(46)) - raft.server.threadpool.client.size = 0 (default)
2023-06-06 14:27:47,953 [dc31b473-b1c6-4224-b715-646a963524cb-groupManagement] INFO  storage.RaftStorageDirectory (RaftStorageDirectoryImpl.java:analyzeStorage(137)) - The storage directory /home/runner/work/ozone/ozone/hadoop-ozone/integration-test/target/test-dir/MiniOzoneClusterImpl-0067d30e-4f89-4c9b-b2b0-188d8bbd32e4/datanode-0/data/ratis/7aa553a3-0e68-43c2-8340-6e1b3b21afad does not exist. Creating ...
2023-06-06 14:27:47,954 [dc31b473-b1c6-4224-b715-646a963524cb-groupManagement] INFO  storage.RaftStorageDirectory (RaftStorageDirectoryImpl.java:tryLock(231)) - Lock on /home/runner/work/ozone/ozone/hadoop-ozone/integration-test/target/test-dir/MiniOzoneClusterImpl-0067d30e-4f89-4c9b-b2b0-188d8bbd32e4/datanode-0/data/ratis/7aa553a3-0e68-43c2-8340-6e1b3b21afad/in_use.lock acquired by nodename 75814@fv-az1133-973
2023-06-06 14:27:47,956 [dc31b473-b1c6-4224-b715-646a963524cb-groupManagement] INFO  storage.RaftStorage (RaftStorageImpl.java:format(96)) - Storage directory /home/runner/work/ozone/ozone/hadoop-ozone/integration-test/target/test-dir/MiniOzoneClusterImpl-0067d30e-4f89-4c9b-b2b0-188d8bbd32e4/datanode-0/data/ratis/7aa553a3-0e68-43c2-8340-6e1b3b21afad has been successfully formatted.
2023-06-06 14:27:47,957 [EventQueue-OpenPipelineForHealthyPipelineSafeModeRule] INFO  safemode.SCMSafeModeManager (HealthyPipelineSafeModeRule.java:process(137)) - SCM in safe mode. Healthy pipelines reported count is 0, required healthy pipeline reported count is 1
2023-06-06 14:27:47,958 [dc31b473-b1c6-4224-b715-646a963524cb-groupManagement] INFO  ratis.ContainerStateMachine (ContainerStateMachine.java:loadSnapshot(262)) - group-6E1B3B21AFAD: The snapshot info is null. Setting the last applied indexto:(t:0, i:~)
2023-06-06 14:27:47,958 [dc31b473-b1c6-4224-b715-646a963524cb-groupManagement] INFO  server.RaftServerConfigKeys (ConfUtils.java:logGet(46)) - raft.server.log.use.memory = false (default)
2023-06-06 14:27:47,958 [dc31b473-b1c6-4224-b715-646a963524cb-groupManagement] INFO  server.RaftServerConfigKeys (ConfUtils.java:logGet(46)) - raft.server.log.purge.gap = 1000000 (custom)
2023-06-06 14:27:47,958 [dc31b473-b1c6-4224-b715-646a963524cb-groupManagement] INFO  server.RaftServerConfigKeys (ConfUtils.java:logGet(46)) - raft.server.log.appender.buffer.byte-limit = 33554432 (custom)
2023-06-06 14:27:47,958 [dc31b473-b1c6-4224-b715-646a963524cb-groupManagement] INFO  server.RaftServerConfigKeys (ConfUtils.java:logGet(46)) - raft.server.log.statemachine.data.read.timeout = 1000ms (default)
2023-06-06 14:27:47,958 [dc31b473-b1c6-4224-b715-646a963524cb-groupManagement] INFO  server.RaftServerConfigKeys (ConfUtils.java:logGet(46)) - raft.server.log.purge.preservation.log.num = 0 (default)
2023-06-06 14:27:47,959 [dc31b473-b1c6-4224-b715-646a963524cb-groupManagement] INFO  server.RaftServerConfigKeys (ConfUtils.java:logGet(46)) - raft.server.log.segment.size.max = 1048576 (custom)
2023-06-06 14:27:47,959 [dc31b473-b1c6-4224-b715-646a963524cb-groupManagement] INFO  server.RaftServerConfigKeys (ConfUtils.java:logGet(46)) - raft.server.log.segment.cache.num.max = 2 (custom)
2023-06-06 14:27:47,960 [dc31b473-b1c6-4224-b715-646a963524cb-groupManagement] INFO  server.RaftServerConfigKeys (ConfUtils.java:logGet(46)) - raft.server.log.segment.cache.size.max = 200MB (=209715200) (default)
2023-06-06 14:27:47,960 [dc31b473-b1c6-4224-b715-646a963524cb-groupManagement] INFO  server.RaftServerConfigKeys (ConfUtils.java:logGet(46)) - raft.server.log.appender.buffer.byte-limit = 33554432 (custom)
2023-06-06 14:27:47,960 [dc31b473-b1c6-4224-b715-646a963524cb-groupManagement] INFO  segmented.SegmentedRaftLogWorker (SegmentedRaftLogWorker.java:<init>(188)) - new dc31b473-b1c6-4224-b715-646a963524cb@group-6E1B3B21AFAD-SegmentedRaftLogWorker for RaftStorageImpl:Storage Directory /home/runner/work/ozone/ozone/hadoop-ozone/integration-test/target/test-dir/MiniOzoneClusterImpl-0067d30e-4f89-4c9b-b2b0-188d8bbd32e4/datanode-0/data/ratis/7aa553a3-0e68-43c2-8340-6e1b3b21afad
2023-06-06 14:27:47,960 [dc31b473-b1c6-4224-b715-646a963524cb-groupManagement] INFO  server.RaftServerConfigKeys (ConfUtils.java:logGet(46)) - raft.server.log.queue.byte-limit = 4294967296 (custom)
2023-06-06 14:27:47,960 [dc31b473-b1c6-4224-b715-646a963524cb-groupManagement] INFO  server.RaftServerConfigKeys (ConfUtils.java:logGet(46)) - raft.server.log.queue.element-limit = 1024 (custom)
2023-06-06 14:27:47,960 [dc31b473-b1c6-4224-b715-646a963524cb-groupManagement] INFO  server.RaftServerConfigKeys (ConfUtils.java:logGet(46)) - raft.server.log.segment.size.max = 1048576 (custom)
2023-06-06 14:27:47,961 [dc31b473-b1c6-4224-b715-646a963524cb-groupManagement] INFO  server.RaftServerConfigKeys (ConfUtils.java:logGet(46)) - raft.server.log.preallocated.size = 16384 (custom)
2023-06-06 14:27:47,961 [dc31b473-b1c6-4224-b715-646a963524cb-groupManagement] INFO  server.RaftServerConfigKeys (ConfUtils.java:logGet(46)) - raft.server.log.force.sync.num = 128 (default)
2023-06-06 14:27:47,961 [dc31b473-b1c6-4224-b715-646a963524cb-groupManagement] INFO  server.RaftServerConfigKeys (ConfUtils.java:logGet(46)) - raft.server.log.statemachine.data.sync = true (default)
2023-06-06 14:27:47,961 [dc31b473-b1c6-4224-b715-646a963524cb-groupManagement] INFO  server.RaftServerConfigKeys (ConfUtils.java:logGet(46)) - raft.server.log.statemachine.data.sync.timeout = 10s (default)
2023-06-06 14:27:47,961 [dc31b473-b1c6-4224-b715-646a963524cb-groupManagement] INFO  server.RaftServerConfigKeys (ConfUtils.java:logGet(46)) - raft.server.log.statemachine.data.sync.timeout.retry = -1 (default)
2023-06-06 14:27:47,961 [dc31b473-b1c6-4224-b715-646a963524cb-groupManagement] INFO  server.RaftServerConfigKeys (ConfUtils.java:logGet(46)) - raft.server.log.write.buffer.size = 1048576 (custom)
2023-06-06 14:27:47,962 [dc31b473-b1c6-4224-b715-646a963524cb-groupManagement] INFO  server.RaftServerConfigKeys (ConfUtils.java:logGet(46)) - raft.server.log.appender.buffer.byte-limit = 33554432 (custom)
2023-06-06 14:27:47,967 [dc31b473-b1c6-4224-b715-646a963524cb-groupManagement] INFO  server.RaftServerConfigKeys (ConfUtils.java:logGet(46)) - raft.server.log.unsafe-flush.enabled = false (default)
2023-06-06 14:27:47,967 [dc31b473-b1c6-4224-b715-646a963524cb-groupManagement] INFO  server.RaftServerConfigKeys (ConfUtils.java:logGet(46)) - raft.server.log.async-flush.enabled = false (default)
2023-06-06 14:27:47,967 [dc31b473-b1c6-4224-b715-646a963524cb-groupManagement] INFO  server.RaftServerConfigKeys (ConfUtils.java:logGet(46)) - raft.server.log.statemachine.data.caching.enabled = true (custom)
2023-06-06 14:27:47,967 [dc31b473-b1c6-4224-b715-646a963524cb-groupManagement] INFO  segmented.SegmentedRaftLogWorker (SegmentedRaftLogWorker.java:lambda$new$0(135)) - dc31b473-b1c6-4224-b715-646a963524cb@group-6E1B3B21AFAD-SegmentedRaftLogWorker: flushIndex: setUnconditionally 0 -> -1
2023-06-06 14:27:47,967 [dc31b473-b1c6-4224-b715-646a963524cb-groupManagement] INFO  segmented.SegmentedRaftLogWorker (SegmentedRaftLogWorker.java:lambda$new$0(135)) - dc31b473-b1c6-4224-b715-646a963524cb@group-6E1B3B21AFAD-SegmentedRaftLogWorker: safeCacheEvictIndex: setUnconditionally 0 -> -1
2023-06-06 14:27:47,971 [dc31b473-b1c6-4224-b715-646a963524cb-groupManagement] INFO  server.RaftServer$Division (RaftServerImpl.java:start(342)) - dc31b473-b1c6-4224-b715-646a963524cb@group-6E1B3B21AFAD: start as a follower, conf=-1: peers:[eace5f59-788d-4728-aabc-814a8b7743c4|rpc:10.1.0.37:15084|admin:10.1.0.37:15083|client:10.1.0.37:15082|dataStream:10.1.0.37:15085|priority:0|startupRole:FOLLOWER, dc31b473-b1c6-4224-b715-646a963524cb|rpc:10.1.0.37:15066|admin:10.1.0.37:15065|client:10.1.0.37:15064|dataStream:10.1.0.37:15067|priority:0|startupRole:FOLLOWER, 15c64375-eb37-4995-8297-e35bcf5786b9|rpc:10.1.0.37:15075|admin:10.1.0.37:15074|client:10.1.0.37:15073|dataStream:10.1.0.37:15076|priority:1|startupRole:FOLLOWER]|listeners:[], old=null
2023-06-06 14:27:47,972 [dc31b473-b1c6-4224-b715-646a963524cb-groupManagement] INFO  server.RaftServer$Division (RaftServerImpl.java:setRole(329)) - dc31b473-b1c6-4224-b715-646a963524cb@group-6E1B3B21AFAD: changes role from      null to FOLLOWER at term 0 for startAsFollower
2023-06-06 14:27:47,973 [dc31b473-b1c6-4224-b715-646a963524cb-groupManagement] INFO  impl.RoleInfo (RoleInfo.java:updateAndGet(139)) - dc31b473-b1c6-4224-b715-646a963524cb: start dc31b473-b1c6-4224-b715-646a963524cb@group-6E1B3B21AFAD-FollowerState
2023-06-06 14:27:47,973 [dc31b473-b1c6-4224-b715-646a963524cb-groupManagement] INFO  util.JmxRegister (JmxRegister.java:tryRegister(44)) - Successfully registered JMX Bean with object name Ratis:service=RaftServer,group=group-6E1B3B21AFAD,id=dc31b473-b1c6-4224-b715-646a963524cb
2023-06-06 14:27:47,973 [dc31b473-b1c6-4224-b715-646a963524cb-groupManagement] INFO  server.RaftServerConfigKeys (ConfUtils.java:logGet(46)) - raft.server.snapshot.auto.trigger.enabled = true (custom)
2023-06-06 14:27:47,973 [dc31b473-b1c6-4224-b715-646a963524cb-groupManagement] INFO  server.RaftServerConfigKeys (ConfUtils.java:logGet(46)) - raft.server.snapshot.auto.trigger.threshold = 10000 (custom)
2023-06-06 14:27:47,973 [dc31b473-b1c6-4224-b715-646a963524cb-groupManagement] INFO  server.RaftServerConfigKeys (ConfUtils.java:logGet(46)) - raft.server.snapshot.retention.file.num = 5 (custom)
2023-06-06 14:27:47,973 [dc31b473-b1c6-4224-b715-646a963524cb-groupManagement] INFO  server.RaftServerConfigKeys (ConfUtils.java:logGet(46)) - raft.server.log.purge.upto.snapshot.index = false (default)
2023-06-06 14:27:47,975 [dc31b473-b1c6-4224-b715-646a963524cb@group-6E1B3B21AFAD-FollowerState] INFO  server.RaftServerConfigKeys (ConfUtils.java:logFallback(53)) - raft.server.rpc.first-election.timeout.min = 5s (fallback to raft.server.rpc.timeout.min)
2023-06-06 14:27:47,975 [dc31b473-b1c6-4224-b715-646a963524cb@group-6E1B3B21AFAD-FollowerState] INFO  server.RaftServerConfigKeys (ConfUtils.java:logFallback(53)) - raft.server.rpc.first-election.timeout.max = 5200ms (fallback to raft.server.rpc.timeout.max)
2023-06-06 14:27:47,975 [PipelineCommandHandlerThread-0] INFO  ratis.XceiverServerRatis (XceiverServerRatis.java:addGroup(804)) - Created group PipelineID=7aa553a3-0e68-43c2-8340-6e1b3b21afad
2023-06-06 14:27:47,989 [grpc-default-executor-0] INFO  server.RaftServer (RaftServerProxy.java:addNew(98)) - eace5f59-788d-4728-aabc-814a8b7743c4: addNew group-6E1B3B21AFAD:[eace5f59-788d-4728-aabc-814a8b7743c4|rpc:10.1.0.37:15084|admin:10.1.0.37:15083|client:10.1.0.37:15082|dataStream:10.1.0.37:15085|priority:0|startupRole:FOLLOWER, dc31b473-b1c6-4224-b715-646a963524cb|rpc:10.1.0.37:15066|admin:10.1.0.37:15065|client:10.1.0.37:15064|dataStream:10.1.0.37:15067|priority:0|startupRole:FOLLOWER, 15c64375-eb37-4995-8297-e35bcf5786b9|rpc:10.1.0.37:15075|admin:10.1.0.37:15074|client:10.1.0.37:15073|dataStream:10.1.0.37:15076|priority:1|startupRole:FOLLOWER] returns group-6E1B3B21AFAD:java.util.concurrent.CompletableFuture@23144521[Not completed]
2023-06-06 14:27:47,990 [eace5f59-788d-4728-aabc-814a8b7743c4-groupManagement] INFO  server.RaftServer$Division (RaftServerImpl.java:<init>(198)) - eace5f59-788d-4728-aabc-814a8b7743c4: new RaftServerImpl for group-6E1B3B21AFAD:[eace5f59-788d-4728-aabc-814a8b7743c4|rpc:10.1.0.37:15084|admin:10.1.0.37:15083|client:10.1.0.37:15082|dataStream:10.1.0.37:15085|priority:0|startupRole:FOLLOWER, dc31b473-b1c6-4224-b715-646a963524cb|rpc:10.1.0.37:15066|admin:10.1.0.37:15065|client:10.1.0.37:15064|dataStream:10.1.0.37:15067|priority:0|startupRole:FOLLOWER, 15c64375-eb37-4995-8297-e35bcf5786b9|rpc:10.1.0.37:15075|admin:10.1.0.37:15074|client:10.1.0.37:15073|dataStream:10.1.0.37:15076|priority:1|startupRole:FOLLOWER] with ContainerStateMachine:uninitialized
2023-06-06 14:27:47,990 [eace5f59-788d-4728-aabc-814a8b7743c4-groupManagement] INFO  server.RaftServerConfigKeys (ConfUtils.java:logGet(46)) - raft.server.rpc.timeout.min = 5s (custom)
2023-06-06 14:27:47,990 [eace5f59-788d-4728-aabc-814a8b7743c4-groupManagement] INFO  server.RaftServerConfigKeys (ConfUtils.java:logGet(46)) - raft.server.rpc.timeout.max = 5200ms (custom)
2023-06-06 14:27:47,990 [eace5f59-788d-4728-aabc-814a8b7743c4-groupManagement] INFO  server.RaftServerConfigKeys (ConfUtils.java:logGet(46)) - raft.server.rpc.sleep.time = 25ms (default)
2023-06-06 14:27:47,990 [eace5f59-788d-4728-aabc-814a8b7743c4-groupManagement] INFO  server.RaftServerConfigKeys (ConfUtils.java:logGet(46)) - raft.server.rpc.slowness.timeout = 300s (custom)
2023-06-06 14:27:47,990 [eace5f59-788d-4728-aabc-814a8b7743c4-groupManagement] INFO  server.RaftServerConfigKeys (ConfUtils.java:logGet(46)) - raft.server.leaderelection.leader.step-down.wait-time = 10s (default)
2023-06-06 14:27:47,990 [eace5f59-788d-4728-aabc-814a8b7743c4-groupManagement] INFO  server.RaftServerConfigKeys (ConfUtils.java:logGet(46)) - raft.server.sleep.deviation.threshold = 300ms (default)
2023-06-06 14:27:47,990 [eace5f59-788d-4728-aabc-814a8b7743c4-groupManagement] INFO  server.RaftServer$Division (ServerState.java:<init>(120)) - eace5f59-788d-4728-aabc-814a8b7743c4@group-6E1B3B21AFAD: ConfigurationManager, init=-1: peers:[eace5f59-788d-4728-aabc-814a8b7743c4|rpc:10.1.0.37:15084|admin:10.1.0.37:15083|client:10.1.0.37:15082|dataStream:10.1.0.37:15085|priority:0|startupRole:FOLLOWER, dc31b473-b1c6-4224-b715-646a963524cb|rpc:10.1.0.37:15066|admin:10.1.0.37:15065|client:10.1.0.37:15064|dataStream:10.1.0.37:15067|priority:0|startupRole:FOLLOWER, 15c64375-eb37-4995-8297-e35bcf5786b9|rpc:10.1.0.37:15075|admin:10.1.0.37:15074|client:10.1.0.37:15073|dataStream:10.1.0.37:15076|priority:1|startupRole:FOLLOWER]|listeners:[], old=null, confs=<EMPTY_MAP>
2023-06-06 14:27:47,991 [eace5f59-788d-4728-aabc-814a8b7743c4-groupManagement] INFO  server.RaftServerConfigKeys (ConfUtils.java:logGet(46)) - raft.server.storage.dir = [/home/runner/work/ozone/ozone/hadoop-ozone/integration-test/target/test-dir/MiniOzoneClusterImpl-0067d30e-4f89-4c9b-b2b0-188d8bbd32e4/datanode-2/data/ratis] (custom)
2023-06-06 14:27:47,991 [eace5f59-788d-4728-aabc-814a8b7743c4-groupManagement] INFO  server.RaftServerConfigKeys (ConfUtils.java:logGet(46)) - raft.server.log.corruption.policy = EXCEPTION (default)
2023-06-06 14:27:47,991 [eace5f59-788d-4728-aabc-814a8b7743c4-groupManagement] INFO  server.RaftServerConfigKeys (ConfUtils.java:logGet(46)) - raft.server.storage.free-space.min = 0MB (=0) (default)
2023-06-06 14:27:47,991 [eace5f59-788d-4728-aabc-814a8b7743c4-groupManagement] INFO  server.RaftServerConfigKeys (ConfUtils.java:logGet(46)) - raft.server.notification.no-leader.timeout = 300s (custom)
2023-06-06 14:27:47,991 [eace5f59-788d-4728-aabc-814a8b7743c4-groupManagement] INFO  server.RaftServerConfigKeys (ConfUtils.java:logGet(46)) - raft.server.read.timeout = 10s (default)
2023-06-06 14:27:47,991 [eace5f59-788d-4728-aabc-814a8b7743c4-groupManagement] INFO  server.RaftServerConfigKeys (ConfUtils.java:logGet(46)) - raft.server.retrycache.expirytime = 600000ms (custom)
2023-06-06 14:27:47,991 [eace5f59-788d-4728-aabc-814a8b7743c4-groupManagement] INFO  server.RaftServerConfigKeys (ConfUtils.java:logGet(46)) - raft.server.retrycache.statistics.expirytime = 100μs (default)
2023-06-06 14:27:47,991 [eace5f59-788d-4728-aabc-814a8b7743c4-groupManagement] INFO  server.RaftServerConfigKeys (ConfUtils.java:logGet(46)) - raft.server.read.option = DEFAULT (default)
2023-06-06 14:27:47,992 [eace5f59-788d-4728-aabc-814a8b7743c4-groupManagement] INFO  server.RaftServerConfigKeys (ConfUtils.java:logGet(46)) - raft.server.rpc.request.timeout = 60s (custom)
2023-06-06 14:27:47,992 [eace5f59-788d-4728-aabc-814a8b7743c4-groupManagement] INFO  server.RaftServerConfigKeys (ConfUtils.java:logGet(46)) - raft.server.log.appender.install.snapshot.enabled = false (custom)
2023-06-06 14:27:47,992 [eace5f59-788d-4728-aabc-814a8b7743c4-groupManagement] INFO  server.RaftServerConfigKeys (ConfUtils.java:logGet(46)) - raft.server.threadpool.server.cached = true (default)
2023-06-06 14:27:47,992 [eace5f59-788d-4728-aabc-814a8b7743c4-groupManagement] INFO  server.RaftServerConfigKeys (ConfUtils.java:logGet(46)) - raft.server.threadpool.server.size = 0 (default)
2023-06-06 14:27:47,992 [eace5f59-788d-4728-aabc-814a8b7743c4-groupManagement] INFO  server.RaftServerConfigKeys (ConfUtils.java:logGet(46)) - raft.server.threadpool.client.cached = true (default)
2023-06-06 14:27:47,992 [eace5f59-788d-4728-aabc-814a8b7743c4-groupManagement] INFO  server.RaftServerConfigKeys (ConfUtils.java:logGet(46)) - raft.server.threadpool.client.size = 0 (default)
2023-06-06 14:27:47,992 [eace5f59-788d-4728-aabc-814a8b7743c4-groupManagement] INFO  storage.RaftStorageDirectory (RaftStorageDirectoryImpl.java:analyzeStorage(137)) - The storage directory /home/runner/work/ozone/ozone/hadoop-ozone/integration-test/target/test-dir/MiniOzoneClusterImpl-0067d30e-4f89-4c9b-b2b0-188d8bbd32e4/datanode-2/data/ratis/7aa553a3-0e68-43c2-8340-6e1b3b21afad does not exist. Creating ...
2023-06-06 14:27:47,993 [eace5f59-788d-4728-aabc-814a8b7743c4-groupManagement] INFO  storage.RaftStorageDirectory (RaftStorageDirectoryImpl.java:tryLock(231)) - Lock on /home/runner/work/ozone/ozone/hadoop-ozone/integration-test/target/test-dir/MiniOzoneClusterImpl-0067d30e-4f89-4c9b-b2b0-188d8bbd32e4/datanode-2/data/ratis/7aa553a3-0e68-43c2-8340-6e1b3b21afad/in_use.lock acquired by nodename 75814@fv-az1133-973
2023-06-06 14:27:47,994 [eace5f59-788d-4728-aabc-814a8b7743c4-groupManagement] INFO  storage.RaftStorage (RaftStorageImpl.java:format(96)) - Storage directory /home/runner/work/ozone/ozone/hadoop-ozone/integration-test/target/test-dir/MiniOzoneClusterImpl-0067d30e-4f89-4c9b-b2b0-188d8bbd32e4/datanode-2/data/ratis/7aa553a3-0e68-43c2-8340-6e1b3b21afad has been successfully formatted.
2023-06-06 14:27:47,996 [eace5f59-788d-4728-aabc-814a8b7743c4-groupManagement] INFO  ratis.ContainerStateMachine (ContainerStateMachine.java:loadSnapshot(262)) - group-6E1B3B21AFAD: The snapshot info is null. Setting the last applied indexto:(t:0, i:~)
2023-06-06 14:27:47,996 [eace5f59-788d-4728-aabc-814a8b7743c4-groupManagement] INFO  server.RaftServerConfigKeys (ConfUtils.java:logGet(46)) - raft.server.log.use.memory = false (default)
2023-06-06 14:27:47,996 [eace5f59-788d-4728-aabc-814a8b7743c4-groupManagement] INFO  server.RaftServerConfigKeys (ConfUtils.java:logGet(46)) - raft.server.log.purge.gap = 1000000 (custom)
2023-06-06 14:27:47,996 [eace5f59-788d-4728-aabc-814a8b7743c4-groupManagement] INFO  server.RaftServerConfigKeys (ConfUtils.java:logGet(46)) - raft.server.log.appender.buffer.byte-limit = 33554432 (custom)
2023-06-06 14:27:47,996 [eace5f59-788d-4728-aabc-814a8b7743c4-groupManagement] INFO  server.RaftServerConfigKeys (ConfUtils.java:logGet(46)) - raft.server.log.statemachine.data.read.timeout = 1000ms (default)
2023-06-06 14:27:47,996 [eace5f59-788d-4728-aabc-814a8b7743c4-groupManagement] INFO  server.RaftServerConfigKeys (ConfUtils.java:logGet(46)) - raft.server.log.purge.preservation.log.num = 0 (default)
2023-06-06 14:27:47,997 [eace5f59-788d-4728-aabc-814a8b7743c4-groupManagement] INFO  server.RaftServerConfigKeys (ConfUtils.java:logGet(46)) - raft.server.log.segment.size.max = 1048576 (custom)
2023-06-06 14:27:47,997 [eace5f59-788d-4728-aabc-814a8b7743c4-groupManagement] INFO  server.RaftServerConfigKeys (ConfUtils.java:logGet(46)) - raft.server.log.segment.cache.num.max = 2 (custom)
2023-06-06 14:27:47,997 [eace5f59-788d-4728-aabc-814a8b7743c4-groupManagement] INFO  server.RaftServerConfigKeys (ConfUtils.java:logGet(46)) - raft.server.log.segment.cache.size.max = 200MB (=209715200) (default)
2023-06-06 14:27:47,997 [eace5f59-788d-4728-aabc-814a8b7743c4-groupManagement] INFO  server.RaftServerConfigKeys (ConfUtils.java:logGet(46)) - raft.server.log.appender.buffer.byte-limit = 33554432 (custom)
2023-06-06 14:27:47,997 [eace5f59-788d-4728-aabc-814a8b7743c4-groupManagement] INFO  segmented.SegmentedRaftLogWorker (SegmentedRaftLogWorker.java:<init>(188)) - new eace5f59-788d-4728-aabc-814a8b7743c4@group-6E1B3B21AFAD-SegmentedRaftLogWorker for RaftStorageImpl:Storage Directory /home/runner/work/ozone/ozone/hadoop-ozone/integration-test/target/test-dir/MiniOzoneClusterImpl-0067d30e-4f89-4c9b-b2b0-188d8bbd32e4/datanode-2/data/ratis/7aa553a3-0e68-43c2-8340-6e1b3b21afad
2023-06-06 14:27:47,997 [eace5f59-788d-4728-aabc-814a8b7743c4-groupManagement] INFO  server.RaftServerConfigKeys (ConfUtils.java:logGet(46)) - raft.server.log.queue.byte-limit = 4294967296 (custom)
2023-06-06 14:27:47,997 [eace5f59-788d-4728-aabc-814a8b7743c4-groupManagement] INFO  server.RaftServerConfigKeys (ConfUtils.java:logGet(46)) - raft.server.log.queue.element-limit = 1024 (custom)
2023-06-06 14:27:47,997 [eace5f59-788d-4728-aabc-814a8b7743c4-groupManagement] INFO  server.RaftServerConfigKeys (ConfUtils.java:logGet(46)) - raft.server.log.segment.size.max = 1048576 (custom)
2023-06-06 14:27:47,997 [eace5f59-788d-4728-aabc-814a8b7743c4-groupManagement] INFO  server.RaftServerConfigKeys (ConfUtils.java:logGet(46)) - raft.server.log.preallocated.size = 16384 (custom)
2023-06-06 14:27:47,997 [eace5f59-788d-4728-aabc-814a8b7743c4-groupManagement] INFO  server.RaftServerConfigKeys (ConfUtils.java:logGet(46)) - raft.server.log.force.sync.num = 128 (default)
2023-06-06 14:27:47,997 [eace5f59-788d-4728-aabc-814a8b7743c4-groupManagement] INFO  server.RaftServerConfigKeys (ConfUtils.java:logGet(46)) - raft.server.log.statemachine.data.sync = true (default)
2023-06-06 14:27:47,997 [eace5f59-788d-4728-aabc-814a8b7743c4-groupManagement] INFO  server.RaftServerConfigKeys (ConfUtils.java:logGet(46)) - raft.server.log.statemachine.data.sync.timeout = 10s (default)
2023-06-06 14:27:47,997 [eace5f59-788d-4728-aabc-814a8b7743c4-groupManagement] INFO  server.RaftServerConfigKeys (ConfUtils.java:logGet(46)) - raft.server.log.statemachine.data.sync.timeout.retry = -1 (default)
2023-06-06 14:27:47,998 [eace5f59-788d-4728-aabc-814a8b7743c4-groupManagement] INFO  server.RaftServerConfigKeys (ConfUtils.java:logGet(46)) - raft.server.log.write.buffer.size = 1048576 (custom)
2023-06-06 14:27:47,999 [eace5f59-788d-4728-aabc-814a8b7743c4-groupManagement] INFO  server.RaftServerConfigKeys (ConfUtils.java:logGet(46)) - raft.server.log.appender.buffer.byte-limit = 33554432 (custom)
2023-06-06 14:27:48,003 [eace5f59-788d-4728-aabc-814a8b7743c4-groupManagement] INFO  server.RaftServerConfigKeys (ConfUtils.java:logGet(46)) - raft.server.log.unsafe-flush.enabled = false (default)
2023-06-06 14:27:48,004 [eace5f59-788d-4728-aabc-814a8b7743c4-groupManagement] INFO  server.RaftServerConfigKeys (ConfUtils.java:logGet(46)) - raft.server.log.async-flush.enabled = false (default)
2023-06-06 14:27:48,004 [eace5f59-788d-4728-aabc-814a8b7743c4-groupManagement] INFO  server.RaftServerConfigKeys (ConfUtils.java:logGet(46)) - raft.server.log.statemachine.data.caching.enabled = true (custom)
2023-06-06 14:27:48,004 [eace5f59-788d-4728-aabc-814a8b7743c4-groupManagement] INFO  segmented.SegmentedRaftLogWorker (SegmentedRaftLogWorker.java:lambda$new$0(135)) - eace5f59-788d-4728-aabc-814a8b7743c4@group-6E1B3B21AFAD-SegmentedRaftLogWorker: flushIndex: setUnconditionally 0 -> -1
2023-06-06 14:27:48,004 [eace5f59-788d-4728-aabc-814a8b7743c4-groupManagement] INFO  segmented.SegmentedRaftLogWorker (SegmentedRaftLogWorker.java:lambda$new$0(135)) - eace5f59-788d-4728-aabc-814a8b7743c4@group-6E1B3B21AFAD-SegmentedRaftLogWorker: safeCacheEvictIndex: setUnconditionally 0 -> -1
2023-06-06 14:27:48,004 [eace5f59-788d-4728-aabc-814a8b7743c4-groupManagement] INFO  server.RaftServer$Division (RaftServerImpl.java:start(342)) - eace5f59-788d-4728-aabc-814a8b7743c4@group-6E1B3B21AFAD: start as a follower, conf=-1: peers:[eace5f59-788d-4728-aabc-814a8b7743c4|rpc:10.1.0.37:15084|admin:10.1.0.37:15083|client:10.1.0.37:15082|dataStream:10.1.0.37:15085|priority:0|startupRole:FOLLOWER, dc31b473-b1c6-4224-b715-646a963524cb|rpc:10.1.0.37:15066|admin:10.1.0.37:15065|client:10.1.0.37:15064|dataStream:10.1.0.37:15067|priority:0|startupRole:FOLLOWER, 15c64375-eb37-4995-8297-e35bcf5786b9|rpc:10.1.0.37:15075|admin:10.1.0.37:15074|client:10.1.0.37:15073|dataStream:10.1.0.37:15076|priority:1|startupRole:FOLLOWER]|listeners:[], old=null
2023-06-06 14:27:48,004 [eace5f59-788d-4728-aabc-814a8b7743c4-groupManagement] INFO  server.RaftServer$Division (RaftServerImpl.java:setRole(329)) - eace5f59-788d-4728-aabc-814a8b7743c4@group-6E1B3B21AFAD: changes role from      null to FOLLOWER at term 0 for startAsFollower
2023-06-06 14:27:48,004 [eace5f59-788d-4728-aabc-814a8b7743c4-groupManagement] INFO  impl.RoleInfo (RoleInfo.java:updateAndGet(139)) - eace5f59-788d-4728-aabc-814a8b7743c4: start eace5f59-788d-4728-aabc-814a8b7743c4@group-6E1B3B21AFAD-FollowerState
2023-06-06 14:27:48,005 [eace5f59-788d-4728-aabc-814a8b7743c4-groupManagement] INFO  util.JmxRegister (JmxRegister.java:tryRegister(44)) - Successfully registered JMX Bean with object name Ratis:service=RaftServer,group=group-6E1B3B21AFAD,id=eace5f59-788d-4728-aabc-814a8b7743c4
2023-06-06 14:27:48,005 [eace5f59-788d-4728-aabc-814a8b7743c4-groupManagement] INFO  server.RaftServerConfigKeys (ConfUtils.java:logGet(46)) - raft.server.snapshot.auto.trigger.enabled = true (custom)
2023-06-06 14:27:48,005 [eace5f59-788d-4728-aabc-814a8b7743c4-groupManagement] INFO  server.RaftServerConfigKeys (ConfUtils.java:logGet(46)) - raft.server.snapshot.auto.trigger.threshold = 10000 (custom)
2023-06-06 14:27:48,005 [eace5f59-788d-4728-aabc-814a8b7743c4-groupManagement] INFO  server.RaftServerConfigKeys (ConfUtils.java:logGet(46)) - raft.server.snapshot.retention.file.num = 5 (custom)
2023-06-06 14:27:48,005 [eace5f59-788d-4728-aabc-814a8b7743c4-groupManagement] INFO  server.RaftServerConfigKeys (ConfUtils.java:logGet(46)) - raft.server.log.purge.upto.snapshot.index = false (default)
2023-06-06 14:27:48,005 [eace5f59-788d-4728-aabc-814a8b7743c4@group-6E1B3B21AFAD-FollowerState] INFO  server.RaftServerConfigKeys (ConfUtils.java:logFallback(53)) - raft.server.rpc.first-election.timeout.min = 5s (fallback to raft.server.rpc.timeout.min)
2023-06-06 14:27:48,005 [eace5f59-788d-4728-aabc-814a8b7743c4@group-6E1B3B21AFAD-FollowerState] INFO  server.RaftServerConfigKeys (ConfUtils.java:logFallback(53)) - raft.server.rpc.first-election.timeout.max = 5200ms (fallback to raft.server.rpc.timeout.max)
2023-06-06 14:27:48,023 [grpc-default-executor-0] INFO  server.RaftServer (RaftServerProxy.java:addNew(98)) - 15c64375-eb37-4995-8297-e35bcf5786b9: addNew group-6E1B3B21AFAD:[eace5f59-788d-4728-aabc-814a8b7743c4|rpc:10.1.0.37:15084|admin:10.1.0.37:15083|client:10.1.0.37:15082|dataStream:10.1.0.37:15085|priority:0|startupRole:FOLLOWER, dc31b473-b1c6-4224-b715-646a963524cb|rpc:10.1.0.37:15066|admin:10.1.0.37:15065|client:10.1.0.37:15064|dataStream:10.1.0.37:15067|priority:0|startupRole:FOLLOWER, 15c64375-eb37-4995-8297-e35bcf5786b9|rpc:10.1.0.37:15075|admin:10.1.0.37:15074|client:10.1.0.37:15073|dataStream:10.1.0.37:15076|priority:1|startupRole:FOLLOWER] returns group-6E1B3B21AFAD:java.util.concurrent.CompletableFuture@6b4d3074[Not completed]
2023-06-06 14:27:48,024 [15c64375-eb37-4995-8297-e35bcf5786b9-groupManagement] INFO  server.RaftServer$Division (RaftServerImpl.java:<init>(198)) - 15c64375-eb37-4995-8297-e35bcf5786b9: new RaftServerImpl for group-6E1B3B21AFAD:[eace5f59-788d-4728-aabc-814a8b7743c4|rpc:10.1.0.37:15084|admin:10.1.0.37:15083|client:10.1.0.37:15082|dataStream:10.1.0.37:15085|priority:0|startupRole:FOLLOWER, dc31b473-b1c6-4224-b715-646a963524cb|rpc:10.1.0.37:15066|admin:10.1.0.37:15065|client:10.1.0.37:15064|dataStream:10.1.0.37:15067|priority:0|startupRole:FOLLOWER, 15c64375-eb37-4995-8297-e35bcf5786b9|rpc:10.1.0.37:15075|admin:10.1.0.37:15074|client:10.1.0.37:15073|dataStream:10.1.0.37:15076|priority:1|startupRole:FOLLOWER] with ContainerStateMachine:uninitialized
2023-06-06 14:27:48,024 [15c64375-eb37-4995-8297-e35bcf5786b9-groupManagement] INFO  server.RaftServerConfigKeys (ConfUtils.java:logGet(46)) - raft.server.rpc.timeout.min = 5s (custom)
2023-06-06 14:27:48,024 [15c64375-eb37-4995-8297-e35bcf5786b9-groupManagement] INFO  server.RaftServerConfigKeys (ConfUtils.java:logGet(46)) - raft.server.rpc.timeout.max = 5200ms (custom)
2023-06-06 14:27:48,024 [15c64375-eb37-4995-8297-e35bcf5786b9-groupManagement] INFO  server.RaftServerConfigKeys (ConfUtils.java:logGet(46)) - raft.server.rpc.sleep.time = 25ms (default)
2023-06-06 14:27:48,024 [15c64375-eb37-4995-8297-e35bcf5786b9-groupManagement] INFO  server.RaftServerConfigKeys (ConfUtils.java:logGet(46)) - raft.server.rpc.slowness.timeout = 300s (custom)
2023-06-06 14:27:48,024 [15c64375-eb37-4995-8297-e35bcf5786b9-groupManagement] INFO  server.RaftServerConfigKeys (ConfUtils.java:logGet(46)) - raft.server.leaderelection.leader.step-down.wait-time = 10s (default)
2023-06-06 14:27:48,025 [15c64375-eb37-4995-8297-e35bcf5786b9-groupManagement] INFO  server.RaftServerConfigKeys (ConfUtils.java:logGet(46)) - raft.server.sleep.deviation.threshold = 300ms (default)
2023-06-06 14:27:48,025 [15c64375-eb37-4995-8297-e35bcf5786b9-groupManagement] INFO  server.RaftServer$Division (ServerState.java:<init>(120)) - 15c64375-eb37-4995-8297-e35bcf5786b9@group-6E1B3B21AFAD: ConfigurationManager, init=-1: peers:[eace5f59-788d-4728-aabc-814a8b7743c4|rpc:10.1.0.37:15084|admin:10.1.0.37:15083|client:10.1.0.37:15082|dataStream:10.1.0.37:15085|priority:0|startupRole:FOLLOWER, dc31b473-b1c6-4224-b715-646a963524cb|rpc:10.1.0.37:15066|admin:10.1.0.37:15065|client:10.1.0.37:15064|dataStream:10.1.0.37:15067|priority:0|startupRole:FOLLOWER, 15c64375-eb37-4995-8297-e35bcf5786b9|rpc:10.1.0.37:15075|admin:10.1.0.37:15074|client:10.1.0.37:15073|dataStream:10.1.0.37:15076|priority:1|startupRole:FOLLOWER]|listeners:[], old=null, confs=<EMPTY_MAP>
2023-06-06 14:27:48,025 [15c64375-eb37-4995-8297-e35bcf5786b9-groupManagement] INFO  server.RaftServerConfigKeys (ConfUtils.java:logGet(46)) - raft.server.storage.dir = [/home/runner/work/ozone/ozone/hadoop-ozone/integration-test/target/test-dir/MiniOzoneClusterImpl-0067d30e-4f89-4c9b-b2b0-188d8bbd32e4/datanode-1/data/ratis] (custom)
2023-06-06 14:27:48,025 [15c64375-eb37-4995-8297-e35bcf5786b9-groupManagement] INFO  server.RaftServerConfigKeys (ConfUtils.java:logGet(46)) - raft.server.log.corruption.policy = EXCEPTION (default)
2023-06-06 14:27:48,025 [15c64375-eb37-4995-8297-e35bcf5786b9-groupManagement] INFO  server.RaftServerConfigKeys (ConfUtils.java:logGet(46)) - raft.server.storage.free-space.min = 0MB (=0) (default)
2023-06-06 14:27:48,025 [15c64375-eb37-4995-8297-e35bcf5786b9-groupManagement] INFO  server.RaftServerConfigKeys (ConfUtils.java:logGet(46)) - raft.server.notification.no-leader.timeout = 300s (custom)
2023-06-06 14:27:48,025 [15c64375-eb37-4995-8297-e35bcf5786b9-groupManagement] INFO  server.RaftServerConfigKeys (ConfUtils.java:logGet(46)) - raft.server.read.timeout = 10s (default)
2023-06-06 14:27:48,025 [15c64375-eb37-4995-8297-e35bcf5786b9-groupManagement] INFO  server.RaftServerConfigKeys (ConfUtils.java:logGet(46)) - raft.server.retrycache.expirytime = 600000ms (custom)
2023-06-06 14:27:48,025 [15c64375-eb37-4995-8297-e35bcf5786b9-groupManagement] INFO  server.RaftServerConfigKeys (ConfUtils.java:logGet(46)) - raft.server.retrycache.statistics.expirytime = 100μs (default)
2023-06-06 14:27:48,025 [15c64375-eb37-4995-8297-e35bcf5786b9-groupManagement] INFO  server.RaftServerConfigKeys (ConfUtils.java:logGet(46)) - raft.server.read.option = DEFAULT (default)
2023-06-06 14:27:48,026 [15c64375-eb37-4995-8297-e35bcf5786b9-groupManagement] INFO  server.RaftServerConfigKeys (ConfUtils.java:logGet(46)) - raft.server.rpc.request.timeout = 60s (custom)
2023-06-06 14:27:48,026 [15c64375-eb37-4995-8297-e35bcf5786b9-groupManagement] INFO  server.RaftServerConfigKeys (ConfUtils.java:logGet(46)) - raft.server.log.appender.install.snapshot.enabled = false (custom)
2023-06-06 14:27:48,026 [15c64375-eb37-4995-8297-e35bcf5786b9-groupManagement] INFO  server.RaftServerConfigKeys (ConfUtils.java:logGet(46)) - raft.server.threadpool.server.cached = true (default)
2023-06-06 14:27:48,026 [15c64375-eb37-4995-8297-e35bcf5786b9-groupManagement] INFO  server.RaftServerConfigKeys (ConfUtils.java:logGet(46)) - raft.server.threadpool.server.size = 0 (default)
2023-06-06 14:27:48,026 [15c64375-eb37-4995-8297-e35bcf5786b9-groupManagement] INFO  server.RaftServerConfigKeys (ConfUtils.java:logGet(46)) - raft.server.threadpool.client.cached = true (default)
2023-06-06 14:27:48,026 [15c64375-eb37-4995-8297-e35bcf5786b9-groupManagement] INFO  server.RaftServerConfigKeys (ConfUtils.java:logGet(46)) - raft.server.threadpool.client.size = 0 (default)
2023-06-06 14:27:48,026 [15c64375-eb37-4995-8297-e35bcf5786b9-groupManagement] INFO  storage.RaftStorageDirectory (RaftStorageDirectoryImpl.java:analyzeStorage(137)) - The storage directory /home/runner/work/ozone/ozone/hadoop-ozone/integration-test/target/test-dir/MiniOzoneClusterImpl-0067d30e-4f89-4c9b-b2b0-188d8bbd32e4/datanode-1/data/ratis/7aa553a3-0e68-43c2-8340-6e1b3b21afad does not exist. Creating ...
2023-06-06 14:27:48,027 [15c64375-eb37-4995-8297-e35bcf5786b9-groupManagement] INFO  storage.RaftStorageDirectory (RaftStorageDirectoryImpl.java:tryLock(231)) - Lock on /home/runner/work/ozone/ozone/hadoop-ozone/integration-test/target/test-dir/MiniOzoneClusterImpl-0067d30e-4f89-4c9b-b2b0-188d8bbd32e4/datanode-1/data/ratis/7aa553a3-0e68-43c2-8340-6e1b3b21afad/in_use.lock acquired by nodename 75814@fv-az1133-973
2023-06-06 14:27:48,028 [15c64375-eb37-4995-8297-e35bcf5786b9-groupManagement] INFO  storage.RaftStorage (RaftStorageImpl.java:format(96)) - Storage directory /home/runner/work/ozone/ozone/hadoop-ozone/integration-test/target/test-dir/MiniOzoneClusterImpl-0067d30e-4f89-4c9b-b2b0-188d8bbd32e4/datanode-1/data/ratis/7aa553a3-0e68-43c2-8340-6e1b3b21afad has been successfully formatted.
2023-06-06 14:27:48,029 [15c64375-eb37-4995-8297-e35bcf5786b9-groupManagement] INFO  ratis.ContainerStateMachine (ContainerStateMachine.java:loadSnapshot(262)) - group-6E1B3B21AFAD: The snapshot info is null. Setting the last applied indexto:(t:0, i:~)
2023-06-06 14:27:48,029 [15c64375-eb37-4995-8297-e35bcf5786b9-groupManagement] INFO  server.RaftServerConfigKeys (ConfUtils.java:logGet(46)) - raft.server.log.use.memory = false (default)
2023-06-06 14:27:48,030 [15c64375-eb37-4995-8297-e35bcf5786b9-groupManagement] INFO  server.RaftServerConfigKeys (ConfUtils.java:logGet(46)) - raft.server.log.purge.gap = 1000000 (custom)
2023-06-06 14:27:48,030 [15c64375-eb37-4995-8297-e35bcf5786b9-groupManagement] INFO  server.RaftServerConfigKeys (ConfUtils.java:logGet(46)) - raft.server.log.appender.buffer.byte-limit = 33554432 (custom)
2023-06-06 14:27:48,030 [15c64375-eb37-4995-8297-e35bcf5786b9-groupManagement] INFO  server.RaftServerConfigKeys (ConfUtils.java:logGet(46)) - raft.server.log.statemachine.data.read.timeout = 1000ms (default)
2023-06-06 14:27:48,030 [15c64375-eb37-4995-8297-e35bcf5786b9-groupManagement] INFO  server.RaftServerConfigKeys (ConfUtils.java:logGet(46)) - raft.server.log.purge.preservation.log.num = 0 (default)
2023-06-06 14:27:48,030 [15c64375-eb37-4995-8297-e35bcf5786b9-groupManagement] INFO  server.RaftServerConfigKeys (ConfUtils.java:logGet(46)) - raft.server.log.segment.size.max = 1048576 (custom)
2023-06-06 14:27:48,030 [15c64375-eb37-4995-8297-e35bcf5786b9-groupManagement] INFO  server.RaftServerConfigKeys (ConfUtils.java:logGet(46)) - raft.server.log.segment.cache.num.max = 2 (custom)
2023-06-06 14:27:48,030 [15c64375-eb37-4995-8297-e35bcf5786b9-groupManagement] INFO  server.RaftServerConfigKeys (ConfUtils.java:logGet(46)) - raft.server.log.segment.cache.size.max = 200MB (=209715200) (default)
2023-06-06 14:27:48,030 [15c64375-eb37-4995-8297-e35bcf5786b9-groupManagement] INFO  server.RaftServerConfigKeys (ConfUtils.java:logGet(46)) - raft.server.log.appender.buffer.byte-limit = 33554432 (custom)
2023-06-06 14:27:48,031 [15c64375-eb37-4995-8297-e35bcf5786b9-groupManagement] INFO  segmented.SegmentedRaftLogWorker (SegmentedRaftLogWorker.java:<init>(188)) - new 15c64375-eb37-4995-8297-e35bcf5786b9@group-6E1B3B21AFAD-SegmentedRaftLogWorker for RaftStorageImpl:Storage Directory /home/runner/work/ozone/ozone/hadoop-ozone/integration-test/target/test-dir/MiniOzoneClusterImpl-0067d30e-4f89-4c9b-b2b0-188d8bbd32e4/datanode-1/data/ratis/7aa553a3-0e68-43c2-8340-6e1b3b21afad
2023-06-06 14:27:48,031 [15c64375-eb37-4995-8297-e35bcf5786b9-groupManagement] INFO  server.RaftServerConfigKeys (ConfUtils.java:logGet(46)) - raft.server.log.queue.byte-limit = 4294967296 (custom)
2023-06-06 14:27:48,031 [15c64375-eb37-4995-8297-e35bcf5786b9-groupManagement] INFO  server.RaftServerConfigKeys (ConfUtils.java:logGet(46)) - raft.server.log.queue.element-limit = 1024 (custom)
2023-06-06 14:27:48,031 [15c64375-eb37-4995-8297-e35bcf5786b9-groupManagement] INFO  server.RaftServerConfigKeys (ConfUtils.java:logGet(46)) - raft.server.log.segment.size.max = 1048576 (custom)
2023-06-06 14:27:48,031 [15c64375-eb37-4995-8297-e35bcf5786b9-groupManagement] INFO  server.RaftServerConfigKeys (ConfUtils.java:logGet(46)) - raft.server.log.preallocated.size = 16384 (custom)
2023-06-06 14:27:48,031 [15c64375-eb37-4995-8297-e35bcf5786b9-groupManagement] INFO  server.RaftServerConfigKeys (ConfUtils.java:logGet(46)) - raft.server.log.force.sync.num = 128 (default)
2023-06-06 14:27:48,031 [15c64375-eb37-4995-8297-e35bcf5786b9-groupManagement] INFO  server.RaftServerConfigKeys (ConfUtils.java:logGet(46)) - raft.server.log.statemachine.data.sync = true (default)
2023-06-06 14:27:48,031 [15c64375-eb37-4995-8297-e35bcf5786b9-groupManagement] INFO  server.RaftServerConfigKeys (ConfUtils.java:logGet(46)) - raft.server.log.statemachine.data.sync.timeout = 10s (default)
2023-06-06 14:27:48,031 [15c64375-eb37-4995-8297-e35bcf5786b9-groupManagement] INFO  server.RaftServerConfigKeys (ConfUtils.java:logGet(46)) - raft.server.log.statemachine.data.sync.timeout.retry = -1 (default)
2023-06-06 14:27:48,031 [15c64375-eb37-4995-8297-e35bcf5786b9-groupManagement] INFO  server.RaftServerConfigKeys (ConfUtils.java:logGet(46)) - raft.server.log.write.buffer.size = 1048576 (custom)
2023-06-06 14:27:48,032 [15c64375-eb37-4995-8297-e35bcf5786b9-groupManagement] INFO  server.RaftServerConfigKeys (ConfUtils.java:logGet(46)) - raft.server.log.appender.buffer.byte-limit = 33554432 (custom)
2023-06-06 14:27:48,037 [15c64375-eb37-4995-8297-e35bcf5786b9-groupManagement] INFO  server.RaftServerConfigKeys (ConfUtils.java:logGet(46)) - raft.server.log.unsafe-flush.enabled = false (default)
2023-06-06 14:27:48,037 [15c64375-eb37-4995-8297-e35bcf5786b9-groupManagement] INFO  server.RaftServerConfigKeys (ConfUtils.java:logGet(46)) - raft.server.log.async-flush.enabled = false (default)
2023-06-06 14:27:48,037 [15c64375-eb37-4995-8297-e35bcf5786b9-groupManagement] INFO  server.RaftServerConfigKeys (ConfUtils.java:logGet(46)) - raft.server.log.statemachine.data.caching.enabled = true (custom)
2023-06-06 14:27:48,037 [15c64375-eb37-4995-8297-e35bcf5786b9-groupManagement] INFO  segmented.SegmentedRaftLogWorker (SegmentedRaftLogWorker.java:lambda$new$0(135)) - 15c64375-eb37-4995-8297-e35bcf5786b9@group-6E1B3B21AFAD-SegmentedRaftLogWorker: flushIndex: setUnconditionally 0 -> -1
2023-06-06 14:27:48,037 [15c64375-eb37-4995-8297-e35bcf5786b9-groupManagement] INFO  segmented.SegmentedRaftLogWorker (SegmentedRaftLogWorker.java:lambda$new$0(135)) - 15c64375-eb37-4995-8297-e35bcf5786b9@group-6E1B3B21AFAD-SegmentedRaftLogWorker: safeCacheEvictIndex: setUnconditionally 0 -> -1
2023-06-06 14:27:48,038 [15c64375-eb37-4995-8297-e35bcf5786b9-groupManagement] INFO  server.RaftServer$Division (RaftServerImpl.java:start(342)) - 15c64375-eb37-4995-8297-e35bcf5786b9@group-6E1B3B21AFAD: start as a follower, conf=-1: peers:[eace5f59-788d-4728-aabc-814a8b7743c4|rpc:10.1.0.37:15084|admin:10.1.0.37:15083|client:10.1.0.37:15082|dataStream:10.1.0.37:15085|priority:0|startupRole:FOLLOWER, dc31b473-b1c6-4224-b715-646a963524cb|rpc:10.1.0.37:15066|admin:10.1.0.37:15065|client:10.1.0.37:15064|dataStream:10.1.0.37:15067|priority:0|startupRole:FOLLOWER, 15c64375-eb37-4995-8297-e35bcf5786b9|rpc:10.1.0.37:15075|admin:10.1.0.37:15074|client:10.1.0.37:15073|dataStream:10.1.0.37:15076|priority:1|startupRole:FOLLOWER]|listeners:[], old=null
2023-06-06 14:27:48,038 [15c64375-eb37-4995-8297-e35bcf5786b9-groupManagement] INFO  server.RaftServer$Division (RaftServerImpl.java:setRole(329)) - 15c64375-eb37-4995-8297-e35bcf5786b9@group-6E1B3B21AFAD: changes role from      null to FOLLOWER at term 0 for startAsFollower
2023-06-06 14:27:48,038 [15c64375-eb37-4995-8297-e35bcf5786b9-groupManagement] INFO  impl.RoleInfo (RoleInfo.java:updateAndGet(139)) - 15c64375-eb37-4995-8297-e35bcf5786b9: start 15c64375-eb37-4995-8297-e35bcf5786b9@group-6E1B3B21AFAD-FollowerState
2023-06-06 14:27:48,040 [15c64375-eb37-4995-8297-e35bcf5786b9-groupManagement] INFO  util.JmxRegister (JmxRegister.java:tryRegister(44)) - Successfully registered JMX Bean with object name Ratis:service=RaftServer,group=group-6E1B3B21AFAD,id=15c64375-eb37-4995-8297-e35bcf5786b9
2023-06-06 14:27:48,040 [15c64375-eb37-4995-8297-e35bcf5786b9-groupManagement] INFO  server.RaftServerConfigKeys (ConfUtils.java:logGet(46)) - raft.server.snapshot.auto.trigger.enabled = true (custom)
2023-06-06 14:27:48,040 [15c64375-eb37-4995-8297-e35bcf5786b9-groupManagement] INFO  server.RaftServerConfigKeys (ConfUtils.java:logGet(46)) - raft.server.snapshot.auto.trigger.threshold = 10000 (custom)
2023-06-06 14:27:48,040 [15c64375-eb37-4995-8297-e35bcf5786b9-groupManagement] INFO  server.RaftServerConfigKeys (ConfUtils.java:logGet(46)) - raft.server.snapshot.retention.file.num = 5 (custom)
2023-06-06 14:27:48,040 [15c64375-eb37-4995-8297-e35bcf5786b9-groupManagement] INFO  server.RaftServerConfigKeys (ConfUtils.java:logGet(46)) - raft.server.log.purge.upto.snapshot.index = false (default)
2023-06-06 14:27:48,041 [15c64375-eb37-4995-8297-e35bcf5786b9@group-6E1B3B21AFAD-FollowerState] INFO  server.RaftServerConfigKeys (ConfUtils.java:logFallback(53)) - raft.server.rpc.first-election.timeout.min = 5s (fallback to raft.server.rpc.timeout.min)
2023-06-06 14:27:48,041 [15c64375-eb37-4995-8297-e35bcf5786b9@group-6E1B3B21AFAD-FollowerState] INFO  server.RaftServerConfigKeys (ConfUtils.java:logFallback(53)) - raft.server.rpc.first-election.timeout.max = 5200ms (fallback to raft.server.rpc.timeout.max)
2023-06-06 14:27:48,049 [PipelineCommandHandlerThread-0] INFO  commandhandler.CreatePipelineCommandHandler (CreatePipelineCommandHandler.java:lambda$handle$2(124)) - Created Pipeline RATIS THREE PipelineID=7aa553a3-0e68-43c2-8340-6e1b3b21afad.
2023-06-06 14:27:48,132 [PipelineCommandHandlerThread-0] INFO  server.RaftServer (RaftServerProxy.java:addNew(98)) - 15c64375-eb37-4995-8297-e35bcf5786b9: addNew group-07C4F9050203:[15c64375-eb37-4995-8297-e35bcf5786b9|rpc:10.1.0.37:15075|admin:10.1.0.37:15074|client:10.1.0.37:15073|dataStream:10.1.0.37:15076|priority:1|startupRole:FOLLOWER] returns group-07C4F9050203:java.util.concurrent.CompletableFuture@68df5775[Not completed]
2023-06-06 14:27:48,133 [15c64375-eb37-4995-8297-e35bcf5786b9-groupManagement] INFO  server.RaftServer$Division (RaftServerImpl.java:<init>(198)) - 15c64375-eb37-4995-8297-e35bcf5786b9: new RaftServerImpl for group-07C4F9050203:[15c64375-eb37-4995-8297-e35bcf5786b9|rpc:10.1.0.37:15075|admin:10.1.0.37:15074|client:10.1.0.37:15073|dataStream:10.1.0.37:15076|priority:1|startupRole:FOLLOWER] with ContainerStateMachine:uninitialized
2023-06-06 14:27:48,133 [15c64375-eb37-4995-8297-e35bcf5786b9-groupManagement] INFO  server.RaftServerConfigKeys (ConfUtils.java:logGet(46)) - raft.server.rpc.timeout.min = 5s (custom)
2023-06-06 14:27:48,133 [15c64375-eb37-4995-8297-e35bcf5786b9-groupManagement] INFO  server.RaftServerConfigKeys (ConfUtils.java:logGet(46)) - raft.server.rpc.timeout.max = 5200ms (custom)
2023-06-06 14:27:48,133 [15c64375-eb37-4995-8297-e35bcf5786b9-groupManagement] INFO  server.RaftServerConfigKeys (ConfUtils.java:logGet(46)) - raft.server.rpc.sleep.time = 25ms (default)
2023-06-06 14:27:48,133 [15c64375-eb37-4995-8297-e35bcf5786b9-groupManagement] INFO  server.RaftServerConfigKeys (ConfUtils.java:logGet(46)) - raft.server.rpc.slowness.timeout = 300s (custom)
2023-06-06 14:27:48,133 [15c64375-eb37-4995-8297-e35bcf5786b9-groupManagement] INFO  server.RaftServerConfigKeys (ConfUtils.java:logGet(46)) - raft.server.leaderelection.leader.step-down.wait-time = 10s (default)
2023-06-06 14:27:48,133 [15c64375-eb37-4995-8297-e35bcf5786b9-groupManagement] INFO  server.RaftServerConfigKeys (ConfUtils.java:logGet(46)) - raft.server.sleep.deviation.threshold = 300ms (default)
2023-06-06 14:27:48,133 [15c64375-eb37-4995-8297-e35bcf5786b9-groupManagement] INFO  server.RaftServer$Division (ServerState.java:<init>(120)) - 15c64375-eb37-4995-8297-e35bcf5786b9@group-07C4F9050203: ConfigurationManager, init=-1: peers:[15c64375-eb37-4995-8297-e35bcf5786b9|rpc:10.1.0.37:15075|admin:10.1.0.37:15074|client:10.1.0.37:15073|dataStream:10.1.0.37:15076|priority:1|startupRole:FOLLOWER]|listeners:[], old=null, confs=<EMPTY_MAP>
2023-06-06 14:27:48,134 [15c64375-eb37-4995-8297-e35bcf5786b9-groupManagement] INFO  server.RaftServerConfigKeys (ConfUtils.java:logGet(46)) - raft.server.storage.dir = [/home/runner/work/ozone/ozone/hadoop-ozone/integration-test/target/test-dir/MiniOzoneClusterImpl-0067d30e-4f89-4c9b-b2b0-188d8bbd32e4/datanode-1/data/ratis] (custom)
2023-06-06 14:27:48,134 [15c64375-eb37-4995-8297-e35bcf5786b9-groupManagement] INFO  server.RaftServerConfigKeys (ConfUtils.java:logGet(46)) - raft.server.log.corruption.policy = EXCEPTION (default)
2023-06-06 14:27:48,134 [15c64375-eb37-4995-8297-e35bcf5786b9-groupManagement] INFO  server.RaftServerConfigKeys (ConfUtils.java:logGet(46)) - raft.server.storage.free-space.min = 0MB (=0) (default)
2023-06-06 14:27:48,134 [15c64375-eb37-4995-8297-e35bcf5786b9-groupManagement] INFO  server.RaftServerConfigKeys (ConfUtils.java:logGet(46)) - raft.server.notification.no-leader.timeout = 300s (custom)
2023-06-06 14:27:48,134 [15c64375-eb37-4995-8297-e35bcf5786b9-groupManagement] INFO  server.RaftServerConfigKeys (ConfUtils.java:logGet(46)) - raft.server.read.timeout = 10s (default)
2023-06-06 14:27:48,134 [15c64375-eb37-4995-8297-e35bcf5786b9-groupManagement] INFO  server.RaftServerConfigKeys (ConfUtils.java:logGet(46)) - raft.server.retrycache.expirytime = 600000ms (custom)
2023-06-06 14:27:48,134 [15c64375-eb37-4995-8297-e35bcf5786b9-groupManagement] INFO  server.RaftServerConfigKeys (ConfUtils.java:logGet(46)) - raft.server.retrycache.statistics.expirytime = 100μs (default)
2023-06-06 14:27:48,134 [15c64375-eb37-4995-8297-e35bcf5786b9-groupManagement] INFO  server.RaftServerConfigKeys (ConfUtils.java:logGet(46)) - raft.server.read.option = DEFAULT (default)
2023-06-06 14:27:48,135 [15c64375-eb37-4995-8297-e35bcf5786b9-groupManagement] INFO  server.RaftServerConfigKeys (ConfUtils.java:logGet(46)) - raft.server.rpc.request.timeout = 60s (custom)
2023-06-06 14:27:48,135 [15c64375-eb37-4995-8297-e35bcf5786b9-groupManagement] INFO  server.RaftServerConfigKeys (ConfUtils.java:logGet(46)) - raft.server.log.appender.install.snapshot.enabled = false (custom)
2023-06-06 14:27:48,135 [15c64375-eb37-4995-8297-e35bcf5786b9-groupManagement] INFO  server.RaftServerConfigKeys (ConfUtils.java:logGet(46)) - raft.server.threadpool.server.cached = true (default)
2023-06-06 14:27:48,135 [15c64375-eb37-4995-8297-e35bcf5786b9-groupManagement] INFO  server.RaftServerConfigKeys (ConfUtils.java:logGet(46)) - raft.server.threadpool.server.size = 0 (default)
2023-06-06 14:27:48,135 [15c64375-eb37-4995-8297-e35bcf5786b9-groupManagement] INFO  server.RaftServerConfigKeys (ConfUtils.java:logGet(46)) - raft.server.threadpool.client.cached = true (default)
2023-06-06 14:27:48,135 [15c64375-eb37-4995-8297-e35bcf5786b9-groupManagement] INFO  server.RaftServerConfigKeys (ConfUtils.java:logGet(46)) - raft.server.threadpool.client.size = 0 (default)
2023-06-06 14:27:48,135 [15c64375-eb37-4995-8297-e35bcf5786b9-groupManagement] INFO  storage.RaftStorageDirectory (RaftStorageDirectoryImpl.java:analyzeStorage(137)) - The storage directory /home/runner/work/ozone/ozone/hadoop-ozone/integration-test/target/test-dir/MiniOzoneClusterImpl-0067d30e-4f89-4c9b-b2b0-188d8bbd32e4/datanode-1/data/ratis/d89d5acc-18a8-4d7b-891f-07c4f9050203 does not exist. Creating ...
2023-06-06 14:27:48,136 [15c64375-eb37-4995-8297-e35bcf5786b9-groupManagement] INFO  storage.RaftStorageDirectory (RaftStorageDirectoryImpl.java:tryLock(231)) - Lock on /home/runner/work/ozone/ozone/hadoop-ozone/integration-test/target/test-dir/MiniOzoneClusterImpl-0067d30e-4f89-4c9b-b2b0-188d8bbd32e4/datanode-1/data/ratis/d89d5acc-18a8-4d7b-891f-07c4f9050203/in_use.lock acquired by nodename 75814@fv-az1133-973
2023-06-06 14:27:48,137 [15c64375-eb37-4995-8297-e35bcf5786b9-groupManagement] INFO  storage.RaftStorage (RaftStorageImpl.java:format(96)) - Storage directory /home/runner/work/ozone/ozone/hadoop-ozone/integration-test/target/test-dir/MiniOzoneClusterImpl-0067d30e-4f89-4c9b-b2b0-188d8bbd32e4/datanode-1/data/ratis/d89d5acc-18a8-4d7b-891f-07c4f9050203 has been successfully formatted.
2023-06-06 14:27:48,138 [15c64375-eb37-4995-8297-e35bcf5786b9-groupManagement] INFO  ratis.ContainerStateMachine (ContainerStateMachine.java:loadSnapshot(262)) - group-07C4F9050203: The snapshot info is null. Setting the last applied indexto:(t:0, i:~)
2023-06-06 14:27:48,138 [15c64375-eb37-4995-8297-e35bcf5786b9-groupManagement] INFO  server.RaftServerConfigKeys (ConfUtils.java:logGet(46)) - raft.server.log.use.memory = false (default)
2023-06-06 14:27:48,138 [15c64375-eb37-4995-8297-e35bcf5786b9-groupManagement] INFO  server.RaftServerConfigKeys (ConfUtils.java:logGet(46)) - raft.server.log.purge.gap = 1000000 (custom)
2023-06-06 14:27:48,138 [15c64375-eb37-4995-8297-e35bcf5786b9-groupManagement] INFO  server.RaftServerConfigKeys (ConfUtils.java:logGet(46)) - raft.server.log.appender.buffer.byte-limit = 33554432 (custom)
2023-06-06 14:27:48,138 [15c64375-eb37-4995-8297-e35bcf5786b9-groupManagement] INFO  server.RaftServerConfigKeys (ConfUtils.java:logGet(46)) - raft.server.log.statemachine.data.read.timeout = 1000ms (default)
2023-06-06 14:27:48,138 [15c64375-eb37-4995-8297-e35bcf5786b9-groupManagement] INFO  server.RaftServerConfigKeys (ConfUtils.java:logGet(46)) - raft.server.log.purge.preservation.log.num = 0 (default)
2023-06-06 14:27:48,138 [15c64375-eb37-4995-8297-e35bcf5786b9-groupManagement] INFO  server.RaftServerConfigKeys (ConfUtils.java:logGet(46)) - raft.server.log.segment.size.max = 1048576 (custom)
2023-06-06 14:27:48,138 [15c64375-eb37-4995-8297-e35bcf5786b9-groupManagement] INFO  server.RaftServerConfigKeys (ConfUtils.java:logGet(46)) - raft.server.log.segment.cache.num.max = 2 (custom)
2023-06-06 14:27:48,139 [15c64375-eb37-4995-8297-e35bcf5786b9-groupManagement] INFO  server.RaftServerConfigKeys (ConfUtils.java:logGet(46)) - raft.server.log.segment.cache.size.max = 200MB (=209715200) (default)
2023-06-06 14:27:48,139 [15c64375-eb37-4995-8297-e35bcf5786b9-groupManagement] INFO  server.RaftServerConfigKeys (ConfUtils.java:logGet(46)) - raft.server.log.appender.buffer.byte-limit = 33554432 (custom)
2023-06-06 14:27:48,139 [15c64375-eb37-4995-8297-e35bcf5786b9-groupManagement] INFO  segmented.SegmentedRaftLogWorker (SegmentedRaftLogWorker.java:<init>(188)) - new 15c64375-eb37-4995-8297-e35bcf5786b9@group-07C4F9050203-SegmentedRaftLogWorker for RaftStorageImpl:Storage Directory /home/runner/work/ozone/ozone/hadoop-ozone/integration-test/target/test-dir/MiniOzoneClusterImpl-0067d30e-4f89-4c9b-b2b0-188d8bbd32e4/datanode-1/data/ratis/d89d5acc-18a8-4d7b-891f-07c4f9050203
2023-06-06 14:27:48,139 [15c64375-eb37-4995-8297-e35bcf5786b9-groupManagement] INFO  server.RaftServerConfigKeys (ConfUtils.java:logGet(46)) - raft.server.log.queue.byte-limit = 4294967296 (custom)
2023-06-06 14:27:48,139 [15c64375-eb37-4995-8297-e35bcf5786b9-groupManagement] INFO  server.RaftServerConfigKeys (ConfUtils.java:logGet(46)) - raft.server.log.queue.element-limit = 1024 (custom)
2023-06-06 14:27:48,139 [15c64375-eb37-4995-8297-e35bcf5786b9-groupManagement] INFO  server.RaftServerConfigKeys (ConfUtils.java:logGet(46)) - raft.server.log.segment.size.max = 1048576 (custom)
2023-06-06 14:27:48,139 [15c64375-eb37-4995-8297-e35bcf5786b9-groupManagement] INFO  server.RaftServerConfigKeys (ConfUtils.java:logGet(46)) - raft.server.log.preallocated.size = 16384 (custom)
2023-06-06 14:27:48,139 [15c64375-eb37-4995-8297-e35bcf5786b9-groupManagement] INFO  server.RaftServerConfigKeys (ConfUtils.java:logGet(46)) - raft.server.log.force.sync.num = 128 (default)
2023-06-06 14:27:48,139 [15c64375-eb37-4995-8297-e35bcf5786b9-groupManagement] INFO  server.RaftServerConfigKeys (ConfUtils.java:logGet(46)) - raft.server.log.statemachine.data.sync = true (default)
2023-06-06 14:27:48,139 [15c64375-eb37-4995-8297-e35bcf5786b9-groupManagement] INFO  server.RaftServerConfigKeys (ConfUtils.java:logGet(46)) - raft.server.log.statemachine.data.sync.timeout = 10s (default)
2023-06-06 14:27:48,139 [15c64375-eb37-4995-8297-e35bcf5786b9-groupManagement] INFO  server.RaftServerConfigKeys (ConfUtils.java:logGet(46)) - raft.server.log.statemachine.data.sync.timeout.retry = -1 (default)
2023-06-06 14:27:48,139 [15c64375-eb37-4995-8297-e35bcf5786b9-groupManagement] INFO  server.RaftServerConfigKeys (ConfUtils.java:logGet(46)) - raft.server.log.write.buffer.size = 1048576 (custom)
2023-06-06 14:27:48,140 [EventQueue-PipelineReportForPipelineReportHandler] INFO  pipeline.PipelineManagerImpl (PipelineManagerImpl.java:openPipeline(367)) - Pipeline Pipeline[ Id: d89d5acc-18a8-4d7b-891f-07c4f9050203, Nodes: 15c64375-eb37-4995-8297-e35bcf5786b9(fv-az1133-973.qlb2sqfkji0uhjsjdnlwzcsdwg.bx.internal.cloudapp.net/10.1.0.37), ReplicationConfig: RATIS/ONE, State:ALLOCATED, leaderId:15c64375-eb37-4995-8297-e35bcf5786b9, CreationTimestamp2023-06-06T14:27:45.133Z[Etc/UTC]] moved to OPEN state
2023-06-06 14:27:48,141 [EventQueue-OpenPipelineForHealthyPipelineSafeModeRule] INFO  safemode.SCMSafeModeManager (HealthyPipelineSafeModeRule.java:process(137)) - SCM in safe mode. Healthy pipelines reported count is 0, required healthy pipeline reported count is 1
2023-06-06 14:27:48,142 [15c64375-eb37-4995-8297-e35bcf5786b9-groupManagement] INFO  server.RaftServerConfigKeys (ConfUtils.java:logGet(46)) - raft.server.log.appender.buffer.byte-limit = 33554432 (custom)
2023-06-06 14:27:48,147 [15c64375-eb37-4995-8297-e35bcf5786b9-groupManagement] INFO  server.RaftServerConfigKeys (ConfUtils.java:logGet(46)) - raft.server.log.unsafe-flush.enabled = false (default)
2023-06-06 14:27:48,147 [15c64375-eb37-4995-8297-e35bcf5786b9-groupManagement] INFO  server.RaftServerConfigKeys (ConfUtils.java:logGet(46)) - raft.server.log.async-flush.enabled = false (default)
2023-06-06 14:27:48,147 [15c64375-eb37-4995-8297-e35bcf5786b9-groupManagement] INFO  server.RaftServerConfigKeys (ConfUtils.java:logGet(46)) - raft.server.log.statemachine.data.caching.enabled = true (custom)
2023-06-06 14:27:48,148 [15c64375-eb37-4995-8297-e35bcf5786b9-groupManagement] INFO  segmented.SegmentedRaftLogWorker (SegmentedRaftLogWorker.java:lambda$new$0(135)) - 15c64375-eb37-4995-8297-e35bcf5786b9@group-07C4F9050203-SegmentedRaftLogWorker: flushIndex: setUnconditionally 0 -> -1
2023-06-06 14:27:48,148 [15c64375-eb37-4995-8297-e35bcf5786b9-groupManagement] INFO  segmented.SegmentedRaftLogWorker (SegmentedRaftLogWorker.java:lambda$new$0(135)) - 15c64375-eb37-4995-8297-e35bcf5786b9@group-07C4F9050203-SegmentedRaftLogWorker: safeCacheEvictIndex: setUnconditionally 0 -> -1
2023-06-06 14:27:48,148 [15c64375-eb37-4995-8297-e35bcf5786b9-groupManagement] INFO  server.RaftServer$Division (RaftServerImpl.java:start(342)) - 15c64375-eb37-4995-8297-e35bcf5786b9@group-07C4F9050203: start as a follower, conf=-1: peers:[15c64375-eb37-4995-8297-e35bcf5786b9|rpc:10.1.0.37:15075|admin:10.1.0.37:15074|client:10.1.0.37:15073|dataStream:10.1.0.37:15076|priority:1|startupRole:FOLLOWER]|listeners:[], old=null
2023-06-06 14:27:48,148 [15c64375-eb37-4995-8297-e35bcf5786b9-groupManagement] INFO  server.RaftServer$Division (RaftServerImpl.java:setRole(329)) - 15c64375-eb37-4995-8297-e35bcf5786b9@group-07C4F9050203: changes role from      null to FOLLOWER at term 0 for startAsFollower
2023-06-06 14:27:48,148 [15c64375-eb37-4995-8297-e35bcf5786b9-groupManagement] INFO  impl.RoleInfo (RoleInfo.java:updateAndGet(139)) - 15c64375-eb37-4995-8297-e35bcf5786b9: start 15c64375-eb37-4995-8297-e35bcf5786b9@group-07C4F9050203-FollowerState
2023-06-06 14:27:48,148 [15c64375-eb37-4995-8297-e35bcf5786b9-groupManagement] INFO  util.JmxRegister (JmxRegister.java:tryRegister(44)) - Successfully registered JMX Bean with object name Ratis:service=RaftServer,group=group-07C4F9050203,id=15c64375-eb37-4995-8297-e35bcf5786b9
2023-06-06 14:27:48,148 [15c64375-eb37-4995-8297-e35bcf5786b9-groupManagement] INFO  server.RaftServerConfigKeys (ConfUtils.java:logGet(46)) - raft.server.snapshot.auto.trigger.enabled = true (custom)
2023-06-06 14:27:48,148 [15c64375-eb37-4995-8297-e35bcf5786b9-groupManagement] INFO  server.RaftServerConfigKeys (ConfUtils.java:logGet(46)) - raft.server.snapshot.auto.trigger.threshold = 10000 (custom)
2023-06-06 14:27:48,148 [15c64375-eb37-4995-8297-e35bcf5786b9-groupManagement] INFO  server.RaftServerConfigKeys (ConfUtils.java:logGet(46)) - raft.server.snapshot.retention.file.num = 5 (custom)
2023-06-06 14:27:48,148 [15c64375-eb37-4995-8297-e35bcf5786b9-groupManagement] INFO  server.RaftServerConfigKeys (ConfUtils.java:logGet(46)) - raft.server.log.purge.upto.snapshot.index = false (default)
2023-06-06 14:27:48,149 [15c64375-eb37-4995-8297-e35bcf5786b9@group-07C4F9050203-FollowerState] INFO  server.RaftServerConfigKeys (ConfUtils.java:logFallback(53)) - raft.server.rpc.first-election.timeout.min = 5s (fallback to raft.server.rpc.timeout.min)
2023-06-06 14:27:48,149 [15c64375-eb37-4995-8297-e35bcf5786b9@group-07C4F9050203-FollowerState] INFO  server.RaftServerConfigKeys (ConfUtils.java:logFallback(53)) - raft.server.rpc.first-election.timeout.max = 5200ms (fallback to raft.server.rpc.timeout.max)
2023-06-06 14:27:48,149 [PipelineCommandHandlerThread-0] INFO  ratis.XceiverServerRatis (XceiverServerRatis.java:addGroup(804)) - Created group PipelineID=d89d5acc-18a8-4d7b-891f-07c4f9050203
2023-06-06 14:27:48,149 [PipelineCommandHandlerThread-0] INFO  commandhandler.CreatePipelineCommandHandler (CreatePipelineCommandHandler.java:lambda$handle$2(124)) - Created Pipeline RATIS ONE PipelineID=d89d5acc-18a8-4d7b-891f-07c4f9050203.
2023-06-06 14:27:48,419 [Time-limited test] INFO  ozone.MiniOzoneClusterImpl (MiniOzoneClusterImpl.java:lambda$waitForClusterToBeReady$0(222)) - Nodes are ready. Got 3 of 3 DN Heartbeats.
2023-06-06 14:27:48,419 [Time-limited test] INFO  ozone.MiniOzoneClusterImpl (MiniOzoneClusterImpl.java:lambda$waitForClusterToBeReady$0(225)) - Waiting for cluster to exit safe mode
2023-06-06 14:27:48,419 [Time-limited test] INFO  ozone.MiniOzoneClusterImpl (MiniOzoneClusterImpl.java:lambda$waitForClusterToBeReady$0(227)) - SCM became leader
2023-06-06 14:27:48,420 [PipelineCommandHandlerThread-0] INFO  server.RaftServer (RaftServerProxy.java:addNew(98)) - eace5f59-788d-4728-aabc-814a8b7743c4: addNew group-20554733FFE1:[eace5f59-788d-4728-aabc-814a8b7743c4|rpc:10.1.0.37:15084|admin:10.1.0.37:15083|client:10.1.0.37:15082|dataStream:10.1.0.37:15085|priority:1|startupRole:FOLLOWER] returns group-20554733FFE1:java.util.concurrent.CompletableFuture@4e0e2ffd[Not completed]
2023-06-06 14:27:48,421 [eace5f59-788d-4728-aabc-814a8b7743c4-groupManagement] INFO  server.RaftServer$Division (RaftServerImpl.java:<init>(198)) - eace5f59-788d-4728-aabc-814a8b7743c4: new RaftServerImpl for group-20554733FFE1:[eace5f59-788d-4728-aabc-814a8b7743c4|rpc:10.1.0.37:15084|admin:10.1.0.37:15083|client:10.1.0.37:15082|dataStream:10.1.0.37:15085|priority:1|startupRole:FOLLOWER] with ContainerStateMachine:uninitialized
2023-06-06 14:27:48,421 [eace5f59-788d-4728-aabc-814a8b7743c4-groupManagement] INFO  server.RaftServerConfigKeys (ConfUtils.java:logGet(46)) - raft.server.rpc.timeout.min = 5s (custom)
2023-06-06 14:27:48,421 [eace5f59-788d-4728-aabc-814a8b7743c4-groupManagement] INFO  server.RaftServerConfigKeys (ConfUtils.java:logGet(46)) - raft.server.rpc.timeout.max = 5200ms (custom)
2023-06-06 14:27:48,421 [eace5f59-788d-4728-aabc-814a8b7743c4-groupManagement] INFO  server.RaftServerConfigKeys (ConfUtils.java:logGet(46)) - raft.server.rpc.sleep.time = 25ms (default)
2023-06-06 14:27:48,421 [eace5f59-788d-4728-aabc-814a8b7743c4-groupManagement] INFO  server.RaftServerConfigKeys (ConfUtils.java:logGet(46)) - raft.server.rpc.slowness.timeout = 300s (custom)
2023-06-06 14:27:48,421 [eace5f59-788d-4728-aabc-814a8b7743c4-groupManagement] INFO  server.RaftServerConfigKeys (ConfUtils.java:logGet(46)) - raft.server.leaderelection.leader.step-down.wait-time = 10s (default)
2023-06-06 14:27:48,421 [eace5f59-788d-4728-aabc-814a8b7743c4-groupManagement] INFO  server.RaftServerConfigKeys (ConfUtils.java:logGet(46)) - raft.server.sleep.deviation.threshold = 300ms (default)
2023-06-06 14:27:48,421 [eace5f59-788d-4728-aabc-814a8b7743c4-groupManagement] INFO  server.RaftServer$Division (ServerState.java:<init>(120)) - eace5f59-788d-4728-aabc-814a8b7743c4@group-20554733FFE1: ConfigurationManager, init=-1: peers:[eace5f59-788d-4728-aabc-814a8b7743c4|rpc:10.1.0.37:15084|admin:10.1.0.37:15083|client:10.1.0.37:15082|dataStream:10.1.0.37:15085|priority:1|startupRole:FOLLOWER]|listeners:[], old=null, confs=<EMPTY_MAP>
2023-06-06 14:27:48,421 [eace5f59-788d-4728-aabc-814a8b7743c4-groupManagement] INFO  server.RaftServerConfigKeys (ConfUtils.java:logGet(46)) - raft.server.storage.dir = [/home/runner/work/ozone/ozone/hadoop-ozone/integration-test/target/test-dir/MiniOzoneClusterImpl-0067d30e-4f89-4c9b-b2b0-188d8bbd32e4/datanode-2/data/ratis] (custom)
2023-06-06 14:27:48,422 [eace5f59-788d-4728-aabc-814a8b7743c4-groupManagement] INFO  server.RaftServerConfigKeys (ConfUtils.java:logGet(46)) - raft.server.log.corruption.policy = EXCEPTION (default)
2023-06-06 14:27:48,422 [eace5f59-788d-4728-aabc-814a8b7743c4-groupManagement] INFO  server.RaftServerConfigKeys (ConfUtils.java:logGet(46)) - raft.server.storage.free-space.min = 0MB (=0) (default)
2023-06-06 14:27:48,422 [eace5f59-788d-4728-aabc-814a8b7743c4-groupManagement] INFO  server.RaftServerConfigKeys (ConfUtils.java:logGet(46)) - raft.server.notification.no-leader.timeout = 300s (custom)
2023-06-06 14:27:48,422 [eace5f59-788d-4728-aabc-814a8b7743c4-groupManagement] INFO  server.RaftServerConfigKeys (ConfUtils.java:logGet(46)) - raft.server.read.timeout = 10s (default)
2023-06-06 14:27:48,422 [eace5f59-788d-4728-aabc-814a8b7743c4-groupManagement] INFO  server.RaftServerConfigKeys (ConfUtils.java:logGet(46)) - raft.server.retrycache.expirytime = 600000ms (custom)
2023-06-06 14:27:48,422 [eace5f59-788d-4728-aabc-814a8b7743c4-groupManagement] INFO  server.RaftServerConfigKeys (ConfUtils.java:logGet(46)) - raft.server.retrycache.statistics.expirytime = 100μs (default)
2023-06-06 14:27:48,422 [eace5f59-788d-4728-aabc-814a8b7743c4-groupManagement] INFO  server.RaftServerConfigKeys (ConfUtils.java:logGet(46)) - raft.server.read.option = DEFAULT (default)
2023-06-06 14:27:48,423 [eace5f59-788d-4728-aabc-814a8b7743c4-groupManagement] INFO  server.RaftServerConfigKeys (ConfUtils.java:logGet(46)) - raft.server.rpc.request.timeout = 60s (custom)
2023-06-06 14:27:48,423 [eace5f59-788d-4728-aabc-814a8b7743c4-groupManagement] INFO  server.RaftServerConfigKeys (ConfUtils.java:logGet(46)) - raft.server.log.appender.install.snapshot.enabled = false (custom)
2023-06-06 14:27:48,423 [eace5f59-788d-4728-aabc-814a8b7743c4-groupManagement] INFO  server.RaftServerConfigKeys (ConfUtils.java:logGet(46)) - raft.server.threadpool.server.cached = true (default)
2023-06-06 14:27:48,423 [eace5f59-788d-4728-aabc-814a8b7743c4-groupManagement] INFO  server.RaftServerConfigKeys (ConfUtils.java:logGet(46)) - raft.server.threadpool.server.size = 0 (default)
2023-06-06 14:27:48,423 [eace5f59-788d-4728-aabc-814a8b7743c4-groupManagement] INFO  server.RaftServerConfigKeys (ConfUtils.java:logGet(46)) - raft.server.threadpool.client.cached = true (default)
2023-06-06 14:27:48,423 [eace5f59-788d-4728-aabc-814a8b7743c4-groupManagement] INFO  server.RaftServerConfigKeys (ConfUtils.java:logGet(46)) - raft.server.threadpool.client.size = 0 (default)
2023-06-06 14:27:48,423 [eace5f59-788d-4728-aabc-814a8b7743c4-groupManagement] INFO  storage.RaftStorageDirectory (RaftStorageDirectoryImpl.java:analyzeStorage(137)) - The storage directory /home/runner/work/ozone/ozone/hadoop-ozone/integration-test/target/test-dir/MiniOzoneClusterImpl-0067d30e-4f89-4c9b-b2b0-188d8bbd32e4/datanode-2/data/ratis/a1ec1af0-d03b-4b1f-8082-20554733ffe1 does not exist. Creating ...
2023-06-06 14:27:48,424 [eace5f59-788d-4728-aabc-814a8b7743c4-groupManagement] INFO  storage.RaftStorageDirectory (RaftStorageDirectoryImpl.java:tryLock(231)) - Lock on /home/runner/work/ozone/ozone/hadoop-ozone/integration-test/target/test-dir/MiniOzoneClusterImpl-0067d30e-4f89-4c9b-b2b0-188d8bbd32e4/datanode-2/data/ratis/a1ec1af0-d03b-4b1f-8082-20554733ffe1/in_use.lock acquired by nodename 75814@fv-az1133-973
2023-06-06 14:27:48,425 [eace5f59-788d-4728-aabc-814a8b7743c4-groupManagement] INFO  storage.RaftStorage (RaftStorageImpl.java:format(96)) - Storage directory /home/runner/work/ozone/ozone/hadoop-ozone/integration-test/target/test-dir/MiniOzoneClusterImpl-0067d30e-4f89-4c9b-b2b0-188d8bbd32e4/datanode-2/data/ratis/a1ec1af0-d03b-4b1f-8082-20554733ffe1 has been successfully formatted.
2023-06-06 14:27:48,426 [eace5f59-788d-4728-aabc-814a8b7743c4-groupManagement] INFO  ratis.ContainerStateMachine (ContainerStateMachine.java:loadSnapshot(262)) - group-20554733FFE1: The snapshot info is null. Setting the last applied indexto:(t:0, i:~)
2023-06-06 14:27:48,426 [eace5f59-788d-4728-aabc-814a8b7743c4-groupManagement] INFO  server.RaftServerConfigKeys (ConfUtils.java:logGet(46)) - raft.server.log.use.memory = false (default)
2023-06-06 14:27:48,426 [eace5f59-788d-4728-aabc-814a8b7743c4-groupManagement] INFO  server.RaftServerConfigKeys (ConfUtils.java:logGet(46)) - raft.server.log.purge.gap = 1000000 (custom)
2023-06-06 14:27:48,426 [eace5f59-788d-4728-aabc-814a8b7743c4-groupManagement] INFO  server.RaftServerConfigKeys (ConfUtils.java:logGet(46)) - raft.server.log.appender.buffer.byte-limit = 33554432 (custom)
2023-06-06 14:27:48,426 [eace5f59-788d-4728-aabc-814a8b7743c4-groupManagement] INFO  server.RaftServerConfigKeys (ConfUtils.java:logGet(46)) - raft.server.log.statemachine.data.read.timeout = 1000ms (default)
2023-06-06 14:27:48,426 [eace5f59-788d-4728-aabc-814a8b7743c4-groupManagement] INFO  server.RaftServerConfigKeys (ConfUtils.java:logGet(46)) - raft.server.log.purge.preservation.log.num = 0 (default)
2023-06-06 14:27:48,426 [eace5f59-788d-4728-aabc-814a8b7743c4-groupManagement] INFO  server.RaftServerConfigKeys (ConfUtils.java:logGet(46)) - raft.server.log.segment.size.max = 1048576 (custom)
2023-06-06 14:27:48,427 [EventQueue-PipelineReportForPipelineReportHandler] INFO  pipeline.PipelineManagerImpl (PipelineManagerImpl.java:openPipeline(367)) - Pipeline Pipeline[ Id: a1ec1af0-d03b-4b1f-8082-20554733ffe1, Nodes: eace5f59-788d-4728-aabc-814a8b7743c4(fv-az1133-973.qlb2sqfkji0uhjsjdnlwzcsdwg.bx.internal.cloudapp.net/10.1.0.37), ReplicationConfig: RATIS/ONE, State:ALLOCATED, leaderId:eace5f59-788d-4728-aabc-814a8b7743c4, CreationTimestamp2023-06-06T14:27:45.422Z[Etc/UTC]] moved to OPEN state
2023-06-06 14:27:48,427 [eace5f59-788d-4728-aabc-814a8b7743c4-groupManagement] INFO  server.RaftServerConfigKeys (ConfUtils.java:logGet(46)) - raft.server.log.segment.cache.num.max = 2 (custom)
2023-06-06 14:27:48,427 [eace5f59-788d-4728-aabc-814a8b7743c4-groupManagement] INFO  server.RaftServerConfigKeys (ConfUtils.java:logGet(46)) - raft.server.log.segment.cache.size.max = 200MB (=209715200) (default)
2023-06-06 14:27:48,427 [eace5f59-788d-4728-aabc-814a8b7743c4-groupManagement] INFO  server.RaftServerConfigKeys (ConfUtils.java:logGet(46)) - raft.server.log.appender.buffer.byte-limit = 33554432 (custom)
2023-06-06 14:27:48,427 [eace5f59-788d-4728-aabc-814a8b7743c4-groupManagement] INFO  segmented.SegmentedRaftLogWorker (SegmentedRaftLogWorker.java:<init>(188)) - new eace5f59-788d-4728-aabc-814a8b7743c4@group-20554733FFE1-SegmentedRaftLogWorker for RaftStorageImpl:Storage Directory /home/runner/work/ozone/ozone/hadoop-ozone/integration-test/target/test-dir/MiniOzoneClusterImpl-0067d30e-4f89-4c9b-b2b0-188d8bbd32e4/datanode-2/data/ratis/a1ec1af0-d03b-4b1f-8082-20554733ffe1
2023-06-06 14:27:48,427 [EventQueue-OpenPipelineForHealthyPipelineSafeModeRule] INFO  safemode.SCMSafeModeManager (HealthyPipelineSafeModeRule.java:process(137)) - SCM in safe mode. Healthy pipelines reported count is 0, required healthy pipeline reported count is 1
2023-06-06 14:27:48,427 [eace5f59-788d-4728-aabc-814a8b7743c4-groupManagement] INFO  server.RaftServerConfigKeys (ConfUtils.java:logGet(46)) - raft.server.log.queue.byte-limit = 4294967296 (custom)
2023-06-06 14:27:48,429 [eace5f59-788d-4728-aabc-814a8b7743c4-groupManagement] INFO  server.RaftServerConfigKeys (ConfUtils.java:logGet(46)) - raft.server.log.queue.element-limit = 1024 (custom)
2023-06-06 14:27:48,429 [eace5f59-788d-4728-aabc-814a8b7743c4-groupManagement] INFO  server.RaftServerConfigKeys (ConfUtils.java:logGet(46)) - raft.server.log.segment.size.max = 1048576 (custom)
2023-06-06 14:27:48,429 [eace5f59-788d-4728-aabc-814a8b7743c4-groupManagement] INFO  server.RaftServerConfigKeys (ConfUtils.java:logGet(46)) - raft.server.log.preallocated.size = 16384 (custom)
2023-06-06 14:27:48,429 [eace5f59-788d-4728-aabc-814a8b7743c4-groupManagement] INFO  server.RaftServerConfigKeys (ConfUtils.java:logGet(46)) - raft.server.log.force.sync.num = 128 (default)
2023-06-06 14:27:48,429 [eace5f59-788d-4728-aabc-814a8b7743c4-groupManagement] INFO  server.RaftServerConfigKeys (ConfUtils.java:logGet(46)) - raft.server.log.statemachine.data.sync = true (default)
2023-06-06 14:27:48,429 [eace5f59-788d-4728-aabc-814a8b7743c4-groupManagement] INFO  server.RaftServerConfigKeys (ConfUtils.java:logGet(46)) - raft.server.log.statemachine.data.sync.timeout = 10s (default)
2023-06-06 14:27:48,429 [eace5f59-788d-4728-aabc-814a8b7743c4-groupManagement] INFO  server.RaftServerConfigKeys (ConfUtils.java:logGet(46)) - raft.server.log.statemachine.data.sync.timeout.retry = -1 (default)
2023-06-06 14:27:48,430 [eace5f59-788d-4728-aabc-814a8b7743c4-groupManagement] INFO  server.RaftServerConfigKeys (ConfUtils.java:logGet(46)) - raft.server.log.write.buffer.size = 1048576 (custom)
2023-06-06 14:27:48,430 [eace5f59-788d-4728-aabc-814a8b7743c4-groupManagement] INFO  server.RaftServerConfigKeys (ConfUtils.java:logGet(46)) - raft.server.log.appender.buffer.byte-limit = 33554432 (custom)
2023-06-06 14:27:48,435 [eace5f59-788d-4728-aabc-814a8b7743c4-groupManagement] INFO  server.RaftServerConfigKeys (ConfUtils.java:logGet(46)) - raft.server.log.unsafe-flush.enabled = false (default)
2023-06-06 14:27:48,435 [eace5f59-788d-4728-aabc-814a8b7743c4-groupManagement] INFO  server.RaftServerConfigKeys (ConfUtils.java:logGet(46)) - raft.server.log.async-flush.enabled = false (default)
2023-06-06 14:27:48,435 [eace5f59-788d-4728-aabc-814a8b7743c4-groupManagement] INFO  server.RaftServerConfigKeys (ConfUtils.java:logGet(46)) - raft.server.log.statemachine.data.caching.enabled = true (custom)
2023-06-06 14:27:48,435 [eace5f59-788d-4728-aabc-814a8b7743c4-groupManagement] INFO  segmented.SegmentedRaftLogWorker (SegmentedRaftLogWorker.java:lambda$new$0(135)) - eace5f59-788d-4728-aabc-814a8b7743c4@group-20554733FFE1-SegmentedRaftLogWorker: flushIndex: setUnconditionally 0 -> -1
2023-06-06 14:27:48,435 [eace5f59-788d-4728-aabc-814a8b7743c4-groupManagement] INFO  segmented.SegmentedRaftLogWorker (SegmentedRaftLogWorker.java:lambda$new$0(135)) - eace5f59-788d-4728-aabc-814a8b7743c4@group-20554733FFE1-SegmentedRaftLogWorker: safeCacheEvictIndex: setUnconditionally 0 -> -1
2023-06-06 14:27:48,436 [eace5f59-788d-4728-aabc-814a8b7743c4-groupManagement] INFO  server.RaftServer$Division (RaftServerImpl.java:start(342)) - eace5f59-788d-4728-aabc-814a8b7743c4@group-20554733FFE1: start as a follower, conf=-1: peers:[eace5f59-788d-4728-aabc-814a8b7743c4|rpc:10.1.0.37:15084|admin:10.1.0.37:15083|client:10.1.0.37:15082|dataStream:10.1.0.37:15085|priority:1|startupRole:FOLLOWER]|listeners:[], old=null
2023-06-06 14:27:48,436 [eace5f59-788d-4728-aabc-814a8b7743c4-groupManagement] INFO  server.RaftServer$Division (RaftServerImpl.java:setRole(329)) - eace5f59-788d-4728-aabc-814a8b7743c4@group-20554733FFE1: changes role from      null to FOLLOWER at term 0 for startAsFollower
2023-06-06 14:27:48,436 [eace5f59-788d-4728-aabc-814a8b7743c4-groupManagement] INFO  impl.RoleInfo (RoleInfo.java:updateAndGet(139)) - eace5f59-788d-4728-aabc-814a8b7743c4: start eace5f59-788d-4728-aabc-814a8b7743c4@group-20554733FFE1-FollowerState
2023-06-06 14:27:48,436 [eace5f59-788d-4728-aabc-814a8b7743c4-groupManagement] INFO  util.JmxRegister (JmxRegister.java:tryRegister(44)) - Successfully registered JMX Bean with object name Ratis:service=RaftServer,group=group-20554733FFE1,id=eace5f59-788d-4728-aabc-814a8b7743c4
2023-06-06 14:27:48,436 [eace5f59-788d-4728-aabc-814a8b7743c4-groupManagement] INFO  server.RaftServerConfigKeys (ConfUtils.java:logGet(46)) - raft.server.snapshot.auto.trigger.enabled = true (custom)
2023-06-06 14:27:48,436 [eace5f59-788d-4728-aabc-814a8b7743c4-groupManagement] INFO  server.RaftServerConfigKeys (ConfUtils.java:logGet(46)) - raft.server.snapshot.auto.trigger.threshold = 10000 (custom)
2023-06-06 14:27:48,436 [eace5f59-788d-4728-aabc-814a8b7743c4-groupManagement] INFO  server.RaftServerConfigKeys (ConfUtils.java:logGet(46)) - raft.server.snapshot.retention.file.num = 5 (custom)
2023-06-06 14:27:48,436 [eace5f59-788d-4728-aabc-814a8b7743c4-groupManagement] INFO  server.RaftServerConfigKeys (ConfUtils.java:logGet(46)) - raft.server.log.purge.upto.snapshot.index = false (default)
2023-06-06 14:27:48,437 [eace5f59-788d-4728-aabc-814a8b7743c4@group-20554733FFE1-FollowerState] INFO  server.RaftServerConfigKeys (ConfUtils.java:logFallback(53)) - raft.server.rpc.first-election.timeout.min = 5s (fallback to raft.server.rpc.timeout.min)
2023-06-06 14:27:48,437 [eace5f59-788d-4728-aabc-814a8b7743c4@group-20554733FFE1-FollowerState] INFO  server.RaftServerConfigKeys (ConfUtils.java:logFallback(53)) - raft.server.rpc.first-election.timeout.max = 5200ms (fallback to raft.server.rpc.timeout.max)
2023-06-06 14:27:48,437 [PipelineCommandHandlerThread-0] INFO  ratis.XceiverServerRatis (XceiverServerRatis.java:addGroup(804)) - Created group PipelineID=a1ec1af0-d03b-4b1f-8082-20554733ffe1
2023-06-06 14:27:48,437 [PipelineCommandHandlerThread-0] INFO  commandhandler.CreatePipelineCommandHandler (CreatePipelineCommandHandler.java:lambda$handle$2(124)) - Created Pipeline RATIS ONE PipelineID=a1ec1af0-d03b-4b1f-8082-20554733ffe1.
2023-06-06 14:27:49,419 [Time-limited test] INFO  ozone.MiniOzoneClusterImpl (MiniOzoneClusterImpl.java:lambda$waitForClusterToBeReady$0(222)) - Nodes are ready. Got 3 of 3 DN Heartbeats.
2023-06-06 14:27:49,420 [Time-limited test] INFO  ozone.MiniOzoneClusterImpl (MiniOzoneClusterImpl.java:lambda$waitForClusterToBeReady$0(225)) - Waiting for cluster to exit safe mode
2023-06-06 14:27:49,420 [Time-limited test] INFO  ozone.MiniOzoneClusterImpl (MiniOzoneClusterImpl.java:lambda$waitForClusterToBeReady$0(227)) - SCM became leader
2023-06-06 14:27:50,420 [Time-limited test] INFO  ozone.MiniOzoneClusterImpl (MiniOzoneClusterImpl.java:lambda$waitForClusterToBeReady$0(222)) - Nodes are ready. Got 3 of 3 DN Heartbeats.
2023-06-06 14:27:50,420 [Time-limited test] INFO  ozone.MiniOzoneClusterImpl (MiniOzoneClusterImpl.java:lambda$waitForClusterToBeReady$0(225)) - Waiting for cluster to exit safe mode
2023-06-06 14:27:50,420 [Time-limited test] INFO  ozone.MiniOzoneClusterImpl (MiniOzoneClusterImpl.java:lambda$waitForClusterToBeReady$0(227)) - SCM became leader
2023-06-06 14:27:51,420 [Time-limited test] INFO  ozone.MiniOzoneClusterImpl (MiniOzoneClusterImpl.java:lambda$waitForClusterToBeReady$0(222)) - Nodes are ready. Got 3 of 3 DN Heartbeats.
2023-06-06 14:27:51,421 [Time-limited test] INFO  ozone.MiniOzoneClusterImpl (MiniOzoneClusterImpl.java:lambda$waitForClusterToBeReady$0(225)) - Waiting for cluster to exit safe mode
2023-06-06 14:27:51,421 [Time-limited test] INFO  ozone.MiniOzoneClusterImpl (MiniOzoneClusterImpl.java:lambda$waitForClusterToBeReady$0(227)) - SCM became leader
2023-06-06 14:27:52,421 [Time-limited test] INFO  ozone.MiniOzoneClusterImpl (MiniOzoneClusterImpl.java:lambda$waitForClusterToBeReady$0(222)) - Nodes are ready. Got 3 of 3 DN Heartbeats.
2023-06-06 14:27:52,421 [Time-limited test] INFO  ozone.MiniOzoneClusterImpl (MiniOzoneClusterImpl.java:lambda$waitForClusterToBeReady$0(225)) - Waiting for cluster to exit safe mode
2023-06-06 14:27:52,421 [Time-limited test] INFO  ozone.MiniOzoneClusterImpl (MiniOzoneClusterImpl.java:lambda$waitForClusterToBeReady$0(227)) - SCM became leader
2023-06-06 14:27:52,976 [dc31b473-b1c6-4224-b715-646a963524cb@group-3AD3F39C7A92-FollowerState] INFO  impl.FollowerState (FollowerState.java:run(143)) - dc31b473-b1c6-4224-b715-646a963524cb@group-3AD3F39C7A92-FollowerState: change to CANDIDATE, lastRpcElapsedTime:5147212042ns, electionTimeout:5145ms
2023-06-06 14:27:52,976 [dc31b473-b1c6-4224-b715-646a963524cb@group-3AD3F39C7A92-FollowerState] INFO  impl.RoleInfo (RoleInfo.java:shutdownFollowerState(110)) - dc31b473-b1c6-4224-b715-646a963524cb: shutdown dc31b473-b1c6-4224-b715-646a963524cb@group-3AD3F39C7A92-FollowerState
2023-06-06 14:27:52,976 [dc31b473-b1c6-4224-b715-646a963524cb@group-3AD3F39C7A92-FollowerState] INFO  server.RaftServer$Division (RaftServerImpl.java:setRole(329)) - dc31b473-b1c6-4224-b715-646a963524cb@group-3AD3F39C7A92: changes role from  FOLLOWER to CANDIDATE at term 0 for changeToCandidate
2023-06-06 14:27:52,977 [dc31b473-b1c6-4224-b715-646a963524cb@group-3AD3F39C7A92-FollowerState] INFO  server.RaftServerConfigKeys (ConfUtils.java:logGet(46)) - raft.server.leaderelection.pre-vote = true (default)
2023-06-06 14:27:52,977 [dc31b473-b1c6-4224-b715-646a963524cb@group-3AD3F39C7A92-FollowerState] INFO  impl.RoleInfo (RoleInfo.java:updateAndGet(139)) - dc31b473-b1c6-4224-b715-646a963524cb: start dc31b473-b1c6-4224-b715-646a963524cb@group-3AD3F39C7A92-LeaderElection12
2023-06-06 14:27:52,979 [eace5f59-788d-4728-aabc-814a8b7743c4@group-AE3FE3969E60-FollowerState] INFO  impl.FollowerState (FollowerState.java:run(143)) - eace5f59-788d-4728-aabc-814a8b7743c4@group-AE3FE3969E60-FollowerState: change to CANDIDATE, lastRpcElapsedTime:5043737888ns, electionTimeout:5042ms
2023-06-06 14:27:52,979 [eace5f59-788d-4728-aabc-814a8b7743c4@group-AE3FE3969E60-FollowerState] INFO  impl.RoleInfo (RoleInfo.java:shutdownFollowerState(110)) - eace5f59-788d-4728-aabc-814a8b7743c4: shutdown eace5f59-788d-4728-aabc-814a8b7743c4@group-AE3FE3969E60-FollowerState
2023-06-06 14:27:52,979 [eace5f59-788d-4728-aabc-814a8b7743c4@group-AE3FE3969E60-FollowerState] INFO  server.RaftServer$Division (RaftServerImpl.java:setRole(329)) - eace5f59-788d-4728-aabc-814a8b7743c4@group-AE3FE3969E60: changes role from  FOLLOWER to CANDIDATE at term 0 for changeToCandidate
2023-06-06 14:27:52,979 [eace5f59-788d-4728-aabc-814a8b7743c4@group-AE3FE3969E60-FollowerState] INFO  server.RaftServerConfigKeys (ConfUtils.java:logGet(46)) - raft.server.leaderelection.pre-vote = true (default)
2023-06-06 14:27:52,979 [eace5f59-788d-4728-aabc-814a8b7743c4@group-AE3FE3969E60-FollowerState] INFO  impl.RoleInfo (RoleInfo.java:updateAndGet(139)) - eace5f59-788d-4728-aabc-814a8b7743c4: start eace5f59-788d-4728-aabc-814a8b7743c4@group-AE3FE3969E60-LeaderElection13
2023-06-06 14:27:52,982 [dc31b473-b1c6-4224-b715-646a963524cb@group-3AD3F39C7A92-LeaderElection12] INFO  impl.LeaderElection (LeaderElection.java:askForVotes(321)) - dc31b473-b1c6-4224-b715-646a963524cb@group-3AD3F39C7A92-LeaderElection12 PRE_VOTE round 0: submit vote requests at term 0 for -1: peers:[dc31b473-b1c6-4224-b715-646a963524cb|rpc:10.1.0.37:15066|admin:10.1.0.37:15065|client:10.1.0.37:15064|dataStream:10.1.0.37:15067|priority:1|startupRole:FOLLOWER]|listeners:[], old=null
2023-06-06 14:27:52,982 [dc31b473-b1c6-4224-b715-646a963524cb@group-3AD3F39C7A92-LeaderElection12] INFO  impl.LeaderElection (LeaderElection.java:askForVotes(323)) - dc31b473-b1c6-4224-b715-646a963524cb@group-3AD3F39C7A92-LeaderElection12 PRE_VOTE round 0: result PASSED (term=0)
2023-06-06 14:27:52,982 [eace5f59-788d-4728-aabc-814a8b7743c4@group-AE3FE3969E60-LeaderElection13] INFO  impl.LeaderElection (LeaderElection.java:askForVotes(321)) - eace5f59-788d-4728-aabc-814a8b7743c4@group-AE3FE3969E60-LeaderElection13 PRE_VOTE round 0: submit vote requests at term 0 for -1: peers:[dc31b473-b1c6-4224-b715-646a963524cb|rpc:10.1.0.37:15066|admin:10.1.0.37:15065|client:10.1.0.37:15064|dataStream:10.1.0.37:15067|priority:1|startupRole:FOLLOWER, eace5f59-788d-4728-aabc-814a8b7743c4|rpc:10.1.0.37:15084|admin:10.1.0.37:15083|client:10.1.0.37:15082|dataStream:10.1.0.37:15085|priority:0|startupRole:FOLLOWER, 15c64375-eb37-4995-8297-e35bcf5786b9|rpc:10.1.0.37:15075|admin:10.1.0.37:15074|client:10.1.0.37:15073|dataStream:10.1.0.37:15076|priority:0|startupRole:FOLLOWER]|listeners:[], old=null
2023-06-06 14:27:52,982 [15c64375-eb37-4995-8297-e35bcf5786b9@group-AE3FE3969E60-FollowerState] INFO  impl.FollowerState (FollowerState.java:run(143)) - 15c64375-eb37-4995-8297-e35bcf5786b9@group-AE3FE3969E60-FollowerState: change to CANDIDATE, lastRpcElapsedTime:5085846145ns, electionTimeout:5084ms
2023-06-06 14:27:52,983 [15c64375-eb37-4995-8297-e35bcf5786b9@group-AE3FE3969E60-FollowerState] INFO  impl.RoleInfo (RoleInfo.java:shutdownFollowerState(110)) - 15c64375-eb37-4995-8297-e35bcf5786b9: shutdown 15c64375-eb37-4995-8297-e35bcf5786b9@group-AE3FE3969E60-FollowerState
2023-06-06 14:27:52,983 [15c64375-eb37-4995-8297-e35bcf5786b9@group-AE3FE3969E60-FollowerState] INFO  server.RaftServer$Division (RaftServerImpl.java:setRole(329)) - 15c64375-eb37-4995-8297-e35bcf5786b9@group-AE3FE3969E60: changes role from  FOLLOWER to CANDIDATE at term 0 for changeToCandidate
2023-06-06 14:27:52,983 [15c64375-eb37-4995-8297-e35bcf5786b9@group-AE3FE3969E60-FollowerState] INFO  server.RaftServerConfigKeys (ConfUtils.java:logGet(46)) - raft.server.leaderelection.pre-vote = true (default)
2023-06-06 14:27:52,983 [15c64375-eb37-4995-8297-e35bcf5786b9@group-AE3FE3969E60-FollowerState] INFO  impl.RoleInfo (RoleInfo.java:updateAndGet(139)) - 15c64375-eb37-4995-8297-e35bcf5786b9: start 15c64375-eb37-4995-8297-e35bcf5786b9@group-AE3FE3969E60-LeaderElection14
2023-06-06 14:27:52,983 [eace5f59-788d-4728-aabc-814a8b7743c4@group-AE3FE3969E60-LeaderElection13-1] INFO  server.GrpcServerProtocolClient (GrpcServerProtocolClient.java:<init>(65)) - Build channel for dc31b473-b1c6-4224-b715-646a963524cb
2023-06-06 14:27:52,983 [dc31b473-b1c6-4224-b715-646a963524cb@group-3AD3F39C7A92-LeaderElection12] INFO  impl.LeaderElection (LeaderElection.java:askForVotes(321)) - dc31b473-b1c6-4224-b715-646a963524cb@group-3AD3F39C7A92-LeaderElection12 ELECTION round 0: submit vote requests at term 1 for -1: peers:[dc31b473-b1c6-4224-b715-646a963524cb|rpc:10.1.0.37:15066|admin:10.1.0.37:15065|client:10.1.0.37:15064|dataStream:10.1.0.37:15067|priority:1|startupRole:FOLLOWER]|listeners:[], old=null
2023-06-06 14:27:52,983 [dc31b473-b1c6-4224-b715-646a963524cb@group-3AD3F39C7A92-LeaderElection12] INFO  impl.LeaderElection (LeaderElection.java:askForVotes(323)) - dc31b473-b1c6-4224-b715-646a963524cb@group-3AD3F39C7A92-LeaderElection12 ELECTION round 0: result PASSED (term=1)
2023-06-06 14:27:52,983 [dc31b473-b1c6-4224-b715-646a963524cb@group-3AD3F39C7A92-LeaderElection12] INFO  impl.RoleInfo (RoleInfo.java:shutdownLeaderElection(130)) - dc31b473-b1c6-4224-b715-646a963524cb: shutdown dc31b473-b1c6-4224-b715-646a963524cb@group-3AD3F39C7A92-LeaderElection12
2023-06-06 14:27:52,985 [dc31b473-b1c6-4224-b715-646a963524cb@group-3AD3F39C7A92-LeaderElection12] INFO  server.RaftServer$Division (RaftServerImpl.java:setRole(329)) - dc31b473-b1c6-4224-b715-646a963524cb@group-3AD3F39C7A92: changes role from CANDIDATE to LEADER at term 1 for changeToLeader
2023-06-06 14:27:52,985 [dc31b473-b1c6-4224-b715-646a963524cb@group-3AD3F39C7A92-LeaderElection12] INFO  ratis.XceiverServerRatis (XceiverServerRatis.java:handleLeaderChangedNotification(902)) - Leader change notification received for group: group-3AD3F39C7A92 with new leaderId: dc31b473-b1c6-4224-b715-646a963524cb
2023-06-06 14:27:52,988 [eace5f59-788d-4728-aabc-814a8b7743c4@group-AE3FE3969E60-LeaderElection13] INFO  server.RaftServerConfigKeys (ConfUtils.java:logFallback(53)) - raft.server.rpc.first-election.timeout.min = 5s (fallback to raft.server.rpc.timeout.min)
2023-06-06 14:27:52,988 [eace5f59-788d-4728-aabc-814a8b7743c4@group-AE3FE3969E60-LeaderElection13] INFO  server.RaftServerConfigKeys (ConfUtils.java:logFallback(53)) - raft.server.rpc.first-election.timeout.max = 5200ms (fallback to raft.server.rpc.timeout.max)
2023-06-06 14:27:52,989 [dc31b473-b1c6-4224-b715-646a963524cb@group-3AD3F39C7A92-LeaderElection12] INFO  server.RaftServer$Division (ServerState.java:setLeader(317)) - dc31b473-b1c6-4224-b715-646a963524cb@group-3AD3F39C7A92: change Leader from null to dc31b473-b1c6-4224-b715-646a963524cb at term 1 for becomeLeader, leader elected after 5172ms
2023-06-06 14:27:52,989 [dc31b473-b1c6-4224-b715-646a963524cb@group-3AD3F39C7A92-LeaderElection12] INFO  server.RaftServerConfigKeys (ConfUtils.java:logGet(46)) - raft.server.staging.catchup.gap = 1000 (default)
2023-06-06 14:27:52,990 [EventQueue-OpenPipelineForHealthyPipelineSafeModeRule] INFO  safemode.SCMSafeModeManager (HealthyPipelineSafeModeRule.java:process(137)) - SCM in safe mode. Healthy pipelines reported count is 0, required healthy pipeline reported count is 1
2023-06-06 14:27:52,996 [dc31b473-b1c6-4224-b715-646a963524cb@group-3AD3F39C7A92-LeaderElection12] INFO  server.RaftServerConfigKeys (ConfUtils.java:logGet(46)) - raft.server.write.element-limit = 1024 (custom)
2023-06-06 14:27:52,997 [dc31b473-b1c6-4224-b715-646a963524cb@group-3AD3F39C7A92-LeaderElection12] INFO  server.RaftServerConfigKeys (ConfUtils.java:logGet(46)) - raft.server.write.byte-limit = 1024 M (=1073741824) (custom)
2023-06-06 14:27:52,997 [dc31b473-b1c6-4224-b715-646a963524cb@group-3AD3F39C7A92-LeaderElection12] INFO  server.RaftServerConfigKeys (ConfUtils.java:logGet(46)) - raft.server.watch.timeout = 180s (custom)
2023-06-06 14:27:52,997 [dc31b473-b1c6-4224-b715-646a963524cb@group-3AD3F39C7A92-LeaderElection12] INFO  server.RaftServerConfigKeys (ConfUtils.java:logGet(46)) - raft.server.watch.timeout.denomination = 1s (default)
2023-06-06 14:27:52,997 [dc31b473-b1c6-4224-b715-646a963524cb@group-3AD3F39C7A92-LeaderElection12] INFO  server.RaftServerConfigKeys (ConfUtils.java:logGet(46)) - raft.server.watch.element-limit = 65536 (default)
2023-06-06 14:27:52,997 [dc31b473-b1c6-4224-b715-646a963524cb@group-3AD3F39C7A92-LeaderElection12] INFO  server.RaftServerConfigKeys (ConfUtils.java:logGet(46)) - raft.server.write.element-limit = 1024 (custom)
2023-06-06 14:27:52,997 [dc31b473-b1c6-4224-b715-646a963524cb@group-3AD3F39C7A92-LeaderElection12] INFO  server.RaftServerConfigKeys (ConfUtils.java:logGet(46)) - raft.server.write.follower.gap.ratio.max = -1.0 (default)
2023-06-06 14:27:52,997 [dc31b473-b1c6-4224-b715-646a963524cb@group-3AD3F39C7A92-LeaderElection12] INFO  impl.RoleInfo (RoleInfo.java:updateAndGet(139)) - dc31b473-b1c6-4224-b715-646a963524cb: start dc31b473-b1c6-4224-b715-646a963524cb@group-3AD3F39C7A92-LeaderStateImpl
2023-06-06 14:27:52,998 [dc31b473-b1c6-4224-b715-646a963524cb@group-3AD3F39C7A92-LeaderElection12] INFO  segmented.SegmentedRaftLogWorker (SegmentedRaftLogWorker.java:startLogSegment(447)) - dc31b473-b1c6-4224-b715-646a963524cb@group-3AD3F39C7A92-SegmentedRaftLogWorker: Starting segment from index:0
2023-06-06 14:27:52,998 [eace5f59-788d-4728-aabc-814a8b7743c4@group-AE3FE3969E60-LeaderElection13-2] INFO  server.GrpcServerProtocolClient (GrpcServerProtocolClient.java:<init>(65)) - Build channel for 15c64375-eb37-4995-8297-e35bcf5786b9
2023-06-06 14:27:53,002 [dc31b473-b1c6-4224-b715-646a963524cb@group-3AD3F39C7A92-SegmentedRaftLogWorker] INFO  segmented.SegmentedRaftLogWorker (SegmentedRaftLogWorker.java:execute(651)) - dc31b473-b1c6-4224-b715-646a963524cb@group-3AD3F39C7A92-SegmentedRaftLogWorker: created new log segment /home/runner/work/ozone/ozone/hadoop-ozone/integration-test/target/test-dir/MiniOzoneClusterImpl-0067d30e-4f89-4c9b-b2b0-188d8bbd32e4/datanode-0/data/ratis/021d9ddb-9642-41f3-9b79-3ad3f39c7a92/current/log_inprogress_0
2023-06-06 14:27:53,005 [15c64375-eb37-4995-8297-e35bcf5786b9@group-AE3FE3969E60-LeaderElection14] INFO  impl.LeaderElection (LeaderElection.java:askForVotes(321)) - 15c64375-eb37-4995-8297-e35bcf5786b9@group-AE3FE3969E60-LeaderElection14 PRE_VOTE round 0: submit vote requests at term 0 for -1: peers:[dc31b473-b1c6-4224-b715-646a963524cb|rpc:10.1.0.37:15066|admin:10.1.0.37:15065|client:10.1.0.37:15064|dataStream:10.1.0.37:15067|priority:1|startupRole:FOLLOWER, eace5f59-788d-4728-aabc-814a8b7743c4|rpc:10.1.0.37:15084|admin:10.1.0.37:15083|client:10.1.0.37:15082|dataStream:10.1.0.37:15085|priority:0|startupRole:FOLLOWER, 15c64375-eb37-4995-8297-e35bcf5786b9|rpc:10.1.0.37:15075|admin:10.1.0.37:15074|client:10.1.0.37:15073|dataStream:10.1.0.37:15076|priority:0|startupRole:FOLLOWER]|listeners:[], old=null
2023-06-06 14:27:53,006 [grpc-default-executor-0] INFO  server.RaftServer$Division (RaftServerImpl.java:requestVote(1302)) - dc31b473-b1c6-4224-b715-646a963524cb@group-AE3FE3969E60: receive requestVote(PRE_VOTE, eace5f59-788d-4728-aabc-814a8b7743c4, group-AE3FE3969E60, 0, (t:0, i:0))
2023-06-06 14:27:53,006 [grpc-default-executor-0] INFO  impl.VoteContext (VoteContext.java:log(49)) - dc31b473-b1c6-4224-b715-646a963524cb@group-AE3FE3969E60-FOLLOWER: reject PRE_VOTE from eace5f59-788d-4728-aabc-814a8b7743c4: our priority 1 > candidate's priority 0
2023-06-06 14:27:53,006 [grpc-default-executor-0] INFO  server.RaftServer$Division (RaftServerImpl.java:requestVote(1335)) - dc31b473-b1c6-4224-b715-646a963524cb@group-AE3FE3969E60 replies to PRE_VOTE vote request: eace5f59-788d-4728-aabc-814a8b7743c4<-dc31b473-b1c6-4224-b715-646a963524cb#0:FAIL-t0. Peer's state: dc31b473-b1c6-4224-b715-646a963524cb@group-AE3FE3969E60:t0, leader=null, voted=, raftlog=Memoized:dc31b473-b1c6-4224-b715-646a963524cb@group-AE3FE3969E60-SegmentedRaftLog:OPENED:c-1, conf=-1: peers:[dc31b473-b1c6-4224-b715-646a963524cb|rpc:10.1.0.37:15066|admin:10.1.0.37:15065|client:10.1.0.37:15064|dataStream:10.1.0.37:15067|priority:1|startupRole:FOLLOWER, eace5f59-788d-4728-aabc-814a8b7743c4|rpc:10.1.0.37:15084|admin:10.1.0.37:15083|client:10.1.0.37:15082|dataStream:10.1.0.37:15085|priority:0|startupRole:FOLLOWER, 15c64375-eb37-4995-8297-e35bcf5786b9|rpc:10.1.0.37:15075|admin:10.1.0.37:15074|client:10.1.0.37:15073|dataStream:10.1.0.37:15076|priority:0|startupRole:FOLLOWER]|listeners:[], old=null
2023-06-06 14:27:53,010 [eace5f59-788d-4728-aabc-814a8b7743c4@group-AE3FE3969E60-LeaderElection13] INFO  impl.LeaderElection (LeaderElection.java:logAndReturn(90)) - eace5f59-788d-4728-aabc-814a8b7743c4@group-AE3FE3969E60-LeaderElection13: PRE_VOTE REJECTED received 1 response(s) and 0 exception(s):
2023-06-06 14:27:53,010 [eace5f59-788d-4728-aabc-814a8b7743c4@group-AE3FE3969E60-LeaderElection13] INFO  impl.LeaderElection (LeaderElection.java:logAndReturn(94)) -   Response 0: eace5f59-788d-4728-aabc-814a8b7743c4<-dc31b473-b1c6-4224-b715-646a963524cb#0:FAIL-t0
2023-06-06 14:27:53,010 [15c64375-eb37-4995-8297-e35bcf5786b9@group-AE3FE3969E60-LeaderElection14-1] INFO  server.GrpcServerProtocolClient (GrpcServerProtocolClient.java:<init>(65)) - Build channel for dc31b473-b1c6-4224-b715-646a963524cb
2023-06-06 14:27:53,013 [15c64375-eb37-4995-8297-e35bcf5786b9@group-AE3FE3969E60-LeaderElection14] INFO  server.RaftServerConfigKeys (ConfUtils.java:logFallback(53)) - raft.server.rpc.first-election.timeout.min = 5s (fallback to raft.server.rpc.timeout.min)
2023-06-06 14:27:53,013 [15c64375-eb37-4995-8297-e35bcf5786b9@group-AE3FE3969E60-LeaderElection14] INFO  server.RaftServerConfigKeys (ConfUtils.java:logFallback(53)) - raft.server.rpc.first-election.timeout.max = 5200ms (fallback to raft.server.rpc.timeout.max)
2023-06-06 14:27:53,013 [15c64375-eb37-4995-8297-e35bcf5786b9@group-AE3FE3969E60-LeaderElection14-2] INFO  server.GrpcServerProtocolClient (GrpcServerProtocolClient.java:<init>(65)) - Build channel for eace5f59-788d-4728-aabc-814a8b7743c4
2023-06-06 14:27:53,017 [eace5f59-788d-4728-aabc-814a8b7743c4@group-AE3FE3969E60-LeaderElection13] INFO  impl.LeaderElection (LeaderElection.java:askForVotes(323)) - eace5f59-788d-4728-aabc-814a8b7743c4@group-AE3FE3969E60-LeaderElection13 PRE_VOTE round 0: result REJECTED
2023-06-06 14:27:53,017 [eace5f59-788d-4728-aabc-814a8b7743c4@group-AE3FE3969E60-LeaderElection13] INFO  server.RaftServer$Division (RaftServerImpl.java:setRole(329)) - eace5f59-788d-4728-aabc-814a8b7743c4@group-AE3FE3969E60: changes role from CANDIDATE to FOLLOWER at term 0 for REJECTED
2023-06-06 14:27:53,017 [eace5f59-788d-4728-aabc-814a8b7743c4@group-AE3FE3969E60-LeaderElection13] INFO  impl.RoleInfo (RoleInfo.java:shutdownLeaderElection(130)) - eace5f59-788d-4728-aabc-814a8b7743c4: shutdown eace5f59-788d-4728-aabc-814a8b7743c4@group-AE3FE3969E60-LeaderElection13
2023-06-06 14:27:53,017 [eace5f59-788d-4728-aabc-814a8b7743c4@group-AE3FE3969E60-LeaderElection13] INFO  impl.RoleInfo (RoleInfo.java:updateAndGet(139)) - eace5f59-788d-4728-aabc-814a8b7743c4: start eace5f59-788d-4728-aabc-814a8b7743c4@group-AE3FE3969E60-FollowerState
2023-06-06 14:27:53,023 [dc31b473-b1c6-4224-b715-646a963524cb@group-3AD3F39C7A92-LeaderElection12] INFO  server.RaftServer$Division (ServerState.java:setRaftConf(434)) - dc31b473-b1c6-4224-b715-646a963524cb@group-3AD3F39C7A92: set configuration 0: peers:[dc31b473-b1c6-4224-b715-646a963524cb|rpc:10.1.0.37:15066|admin:10.1.0.37:15065|client:10.1.0.37:15064|dataStream:10.1.0.37:15067|priority:1|startupRole:FOLLOWER]|listeners:[], old=null
2023-06-06 14:27:53,028 [grpc-default-executor-2] INFO  server.RaftServer$Division (RaftServerImpl.java:requestVote(1302)) - dc31b473-b1c6-4224-b715-646a963524cb@group-AE3FE3969E60: receive requestVote(PRE_VOTE, 15c64375-eb37-4995-8297-e35bcf5786b9, group-AE3FE3969E60, 0, (t:0, i:0))
2023-06-06 14:27:53,029 [dc31b473-b1c6-4224-b715-646a963524cb@group-AE3FE3969E60-FollowerState] INFO  impl.FollowerState (FollowerState.java:run(143)) - dc31b473-b1c6-4224-b715-646a963524cb@group-AE3FE3969E60-FollowerState: change to CANDIDATE, lastRpcElapsedTime:5182629735ns, electionTimeout:5172ms
2023-06-06 14:27:53,030 [dc31b473-b1c6-4224-b715-646a963524cb@group-AE3FE3969E60-FollowerState] INFO  impl.RoleInfo (RoleInfo.java:shutdownFollowerState(110)) - dc31b473-b1c6-4224-b715-646a963524cb: shutdown dc31b473-b1c6-4224-b715-646a963524cb@group-AE3FE3969E60-FollowerState
2023-06-06 14:27:53,030 [dc31b473-b1c6-4224-b715-646a963524cb@group-AE3FE3969E60-FollowerState] INFO  server.RaftServer$Division (RaftServerImpl.java:setRole(329)) - dc31b473-b1c6-4224-b715-646a963524cb@group-AE3FE3969E60: changes role from  FOLLOWER to CANDIDATE at term 0 for changeToCandidate
2023-06-06 14:27:53,030 [dc31b473-b1c6-4224-b715-646a963524cb@group-AE3FE3969E60-FollowerState] INFO  server.RaftServerConfigKeys (ConfUtils.java:logGet(46)) - raft.server.leaderelection.pre-vote = true (default)
2023-06-06 14:27:53,030 [dc31b473-b1c6-4224-b715-646a963524cb@group-AE3FE3969E60-FollowerState] INFO  impl.RoleInfo (RoleInfo.java:updateAndGet(139)) - dc31b473-b1c6-4224-b715-646a963524cb: start dc31b473-b1c6-4224-b715-646a963524cb@group-AE3FE3969E60-LeaderElection15
2023-06-06 14:27:53,031 [grpc-default-executor-2] INFO  impl.VoteContext (VoteContext.java:log(49)) - dc31b473-b1c6-4224-b715-646a963524cb@group-AE3FE3969E60-CANDIDATE: reject PRE_VOTE from 15c64375-eb37-4995-8297-e35bcf5786b9: our priority 1 > candidate's priority 0
2023-06-06 14:27:53,031 [grpc-default-executor-2] INFO  server.RaftServer$Division (RaftServerImpl.java:requestVote(1335)) - dc31b473-b1c6-4224-b715-646a963524cb@group-AE3FE3969E60 replies to PRE_VOTE vote request: 15c64375-eb37-4995-8297-e35bcf5786b9<-dc31b473-b1c6-4224-b715-646a963524cb#0:FAIL-t0. Peer's state: dc31b473-b1c6-4224-b715-646a963524cb@group-AE3FE3969E60:t0, leader=null, voted=, raftlog=Memoized:dc31b473-b1c6-4224-b715-646a963524cb@group-AE3FE3969E60-SegmentedRaftLog:OPENED:c-1, conf=-1: peers:[dc31b473-b1c6-4224-b715-646a963524cb|rpc:10.1.0.37:15066|admin:10.1.0.37:15065|client:10.1.0.37:15064|dataStream:10.1.0.37:15067|priority:1|startupRole:FOLLOWER, eace5f59-788d-4728-aabc-814a8b7743c4|rpc:10.1.0.37:15084|admin:10.1.0.37:15083|client:10.1.0.37:15082|dataStream:10.1.0.37:15085|priority:0|startupRole:FOLLOWER, 15c64375-eb37-4995-8297-e35bcf5786b9|rpc:10.1.0.37:15075|admin:10.1.0.37:15074|client:10.1.0.37:15073|dataStream:10.1.0.37:15076|priority:0|startupRole:FOLLOWER]|listeners:[], old=null
2023-06-06 14:27:53,031 [grpc-default-executor-1] INFO  server.RaftServer$Division (RaftServerImpl.java:requestVote(1302)) - eace5f59-788d-4728-aabc-814a8b7743c4@group-AE3FE3969E60: receive requestVote(PRE_VOTE, 15c64375-eb37-4995-8297-e35bcf5786b9, group-AE3FE3969E60, 0, (t:0, i:0))
2023-06-06 14:27:53,031 [grpc-default-executor-1] INFO  impl.VoteContext (VoteContext.java:log(49)) - eace5f59-788d-4728-aabc-814a8b7743c4@group-AE3FE3969E60-FOLLOWER: accept PRE_VOTE from 15c64375-eb37-4995-8297-e35bcf5786b9: our priority 0 <= candidate's priority 0
2023-06-06 14:27:53,032 [grpc-default-executor-1] INFO  server.RaftServer$Division (RaftServerImpl.java:requestVote(1335)) - eace5f59-788d-4728-aabc-814a8b7743c4@group-AE3FE3969E60 replies to PRE_VOTE vote request: 15c64375-eb37-4995-8297-e35bcf5786b9<-eace5f59-788d-4728-aabc-814a8b7743c4#0:OK-t0. Peer's state: eace5f59-788d-4728-aabc-814a8b7743c4@group-AE3FE3969E60:t0, leader=null, voted=, raftlog=Memoized:eace5f59-788d-4728-aabc-814a8b7743c4@group-AE3FE3969E60-SegmentedRaftLog:OPENED:c-1, conf=-1: peers:[dc31b473-b1c6-4224-b715-646a963524cb|rpc:10.1.0.37:15066|admin:10.1.0.37:15065|client:10.1.0.37:15064|dataStream:10.1.0.37:15067|priority:1|startupRole:FOLLOWER, eace5f59-788d-4728-aabc-814a8b7743c4|rpc:10.1.0.37:15084|admin:10.1.0.37:15083|client:10.1.0.37:15082|dataStream:10.1.0.37:15085|priority:0|startupRole:FOLLOWER, 15c64375-eb37-4995-8297-e35bcf5786b9|rpc:10.1.0.37:15075|admin:10.1.0.37:15074|client:10.1.0.37:15073|dataStream:10.1.0.37:15076|priority:0|startupRole:FOLLOWER]|listeners:[], old=null
2023-06-06 14:27:53,032 [15c64375-eb37-4995-8297-e35bcf5786b9@group-AE3FE3969E60-LeaderElection14] INFO  impl.LeaderElection (LeaderElection.java:logAndReturn(90)) - 15c64375-eb37-4995-8297-e35bcf5786b9@group-AE3FE3969E60-LeaderElection14: PRE_VOTE REJECTED received 1 response(s) and 0 exception(s):
2023-06-06 14:27:53,032 [15c64375-eb37-4995-8297-e35bcf5786b9@group-AE3FE3969E60-LeaderElection14] INFO  impl.LeaderElection (LeaderElection.java:logAndReturn(94)) -   Response 0: 15c64375-eb37-4995-8297-e35bcf5786b9<-dc31b473-b1c6-4224-b715-646a963524cb#0:FAIL-t0
2023-06-06 14:27:53,032 [15c64375-eb37-4995-8297-e35bcf5786b9@group-AE3FE3969E60-LeaderElection14] INFO  impl.LeaderElection (LeaderElection.java:askForVotes(323)) - 15c64375-eb37-4995-8297-e35bcf5786b9@group-AE3FE3969E60-LeaderElection14 PRE_VOTE round 0: result REJECTED
2023-06-06 14:27:53,032 [grpc-default-executor-0] INFO  server.RaftServer$Division (RaftServerImpl.java:requestVote(1302)) - 15c64375-eb37-4995-8297-e35bcf5786b9@group-AE3FE3969E60: receive requestVote(PRE_VOTE, eace5f59-788d-4728-aabc-814a8b7743c4, group-AE3FE3969E60, 0, (t:0, i:0))
2023-06-06 14:27:53,033 [15c64375-eb37-4995-8297-e35bcf5786b9@group-AE3FE3969E60-LeaderElection14] INFO  server.RaftServer$Division (RaftServerImpl.java:setRole(329)) - 15c64375-eb37-4995-8297-e35bcf5786b9@group-AE3FE3969E60: changes role from CANDIDATE to FOLLOWER at term 0 for REJECTED
2023-06-06 14:27:53,033 [15c64375-eb37-4995-8297-e35bcf5786b9@group-AE3FE3969E60-LeaderElection14] INFO  impl.RoleInfo (RoleInfo.java:shutdownLeaderElection(130)) - 15c64375-eb37-4995-8297-e35bcf5786b9: shutdown 15c64375-eb37-4995-8297-e35bcf5786b9@group-AE3FE3969E60-LeaderElection14
2023-06-06 14:27:53,034 [15c64375-eb37-4995-8297-e35bcf5786b9@group-AE3FE3969E60-LeaderElection14] INFO  impl.RoleInfo (RoleInfo.java:updateAndGet(139)) - 15c64375-eb37-4995-8297-e35bcf5786b9: start 15c64375-eb37-4995-8297-e35bcf5786b9@group-AE3FE3969E60-FollowerState
2023-06-06 14:27:53,034 [dc31b473-b1c6-4224-b715-646a963524cb@group-AE3FE3969E60-LeaderElection15] INFO  impl.LeaderElection (LeaderElection.java:askForVotes(321)) - dc31b473-b1c6-4224-b715-646a963524cb@group-AE3FE3969E60-LeaderElection15 PRE_VOTE round 0: submit vote requests at term 0 for -1: peers:[dc31b473-b1c6-4224-b715-646a963524cb|rpc:10.1.0.37:15066|admin:10.1.0.37:15065|client:10.1.0.37:15064|dataStream:10.1.0.37:15067|priority:1|startupRole:FOLLOWER, eace5f59-788d-4728-aabc-814a8b7743c4|rpc:10.1.0.37:15084|admin:10.1.0.37:15083|client:10.1.0.37:15082|dataStream:10.1.0.37:15085|priority:0|startupRole:FOLLOWER, 15c64375-eb37-4995-8297-e35bcf5786b9|rpc:10.1.0.37:15075|admin:10.1.0.37:15074|client:10.1.0.37:15073|dataStream:10.1.0.37:15076|priority:0|startupRole:FOLLOWER]|listeners:[], old=null
2023-06-06 14:27:53,034 [grpc-default-executor-0] INFO  impl.VoteContext (VoteContext.java:log(49)) - 15c64375-eb37-4995-8297-e35bcf5786b9@group-AE3FE3969E60-FOLLOWER: accept PRE_VOTE from eace5f59-788d-4728-aabc-814a8b7743c4: our priority 0 <= candidate's priority 0
2023-06-06 14:27:53,034 [grpc-default-executor-0] INFO  server.RaftServer$Division (RaftServerImpl.java:requestVote(1335)) - 15c64375-eb37-4995-8297-e35bcf5786b9@group-AE3FE3969E60 replies to PRE_VOTE vote request: eace5f59-788d-4728-aabc-814a8b7743c4<-15c64375-eb37-4995-8297-e35bcf5786b9#0:OK-t0. Peer's state: 15c64375-eb37-4995-8297-e35bcf5786b9@group-AE3FE3969E60:t0, leader=null, voted=, raftlog=Memoized:15c64375-eb37-4995-8297-e35bcf5786b9@group-AE3FE3969E60-SegmentedRaftLog:OPENED:c-1, conf=-1: peers:[dc31b473-b1c6-4224-b715-646a963524cb|rpc:10.1.0.37:15066|admin:10.1.0.37:15065|client:10.1.0.37:15064|dataStream:10.1.0.37:15067|priority:1|startupRole:FOLLOWER, eace5f59-788d-4728-aabc-814a8b7743c4|rpc:10.1.0.37:15084|admin:10.1.0.37:15083|client:10.1.0.37:15082|dataStream:10.1.0.37:15085|priority:0|startupRole:FOLLOWER, 15c64375-eb37-4995-8297-e35bcf5786b9|rpc:10.1.0.37:15075|admin:10.1.0.37:15074|client:10.1.0.37:15073|dataStream:10.1.0.37:15076|priority:0|startupRole:FOLLOWER]|listeners:[], old=null
2023-06-06 14:27:53,035 [dc31b473-b1c6-4224-b715-646a963524cb@group-AE3FE3969E60-LeaderElection15-1] INFO  server.GrpcServerProtocolClient (GrpcServerProtocolClient.java:<init>(65)) - Build channel for eace5f59-788d-4728-aabc-814a8b7743c4
2023-06-06 14:27:53,043 [dc31b473-b1c6-4224-b715-646a963524cb@group-AE3FE3969E60-LeaderElection15] INFO  server.RaftServerConfigKeys (ConfUtils.java:logFallback(53)) - raft.server.rpc.first-election.timeout.min = 5s (fallback to raft.server.rpc.timeout.min)
2023-06-06 14:27:53,043 [dc31b473-b1c6-4224-b715-646a963524cb@group-AE3FE3969E60-LeaderElection15] INFO  server.RaftServerConfigKeys (ConfUtils.java:logFallback(53)) - raft.server.rpc.first-election.timeout.max = 5200ms (fallback to raft.server.rpc.timeout.max)
2023-06-06 14:27:53,043 [dc31b473-b1c6-4224-b715-646a963524cb@group-AE3FE3969E60-LeaderElection15-2] INFO  server.GrpcServerProtocolClient (GrpcServerProtocolClient.java:<init>(65)) - Build channel for 15c64375-eb37-4995-8297-e35bcf5786b9
2023-06-06 14:27:53,048 [grpc-default-executor-1] INFO  server.RaftServer$Division (RaftServerImpl.java:requestVote(1302)) - eace5f59-788d-4728-aabc-814a8b7743c4@group-AE3FE3969E60: receive requestVote(PRE_VOTE, dc31b473-b1c6-4224-b715-646a963524cb, group-AE3FE3969E60, 0, (t:0, i:0))
2023-06-06 14:27:53,048 [grpc-default-executor-1] INFO  impl.VoteContext (VoteContext.java:log(49)) - eace5f59-788d-4728-aabc-814a8b7743c4@group-AE3FE3969E60-FOLLOWER: accept PRE_VOTE from dc31b473-b1c6-4224-b715-646a963524cb: our priority 0 <= candidate's priority 1
2023-06-06 14:27:53,048 [grpc-default-executor-1] INFO  server.RaftServer$Division (RaftServerImpl.java:requestVote(1335)) - eace5f59-788d-4728-aabc-814a8b7743c4@group-AE3FE3969E60 replies to PRE_VOTE vote request: dc31b473-b1c6-4224-b715-646a963524cb<-eace5f59-788d-4728-aabc-814a8b7743c4#0:OK-t0. Peer's state: eace5f59-788d-4728-aabc-814a8b7743c4@group-AE3FE3969E60:t0, leader=null, voted=, raftlog=Memoized:eace5f59-788d-4728-aabc-814a8b7743c4@group-AE3FE3969E60-SegmentedRaftLog:OPENED:c-1, conf=-1: peers:[dc31b473-b1c6-4224-b715-646a963524cb|rpc:10.1.0.37:15066|admin:10.1.0.37:15065|client:10.1.0.37:15064|dataStream:10.1.0.37:15067|priority:1|startupRole:FOLLOWER, eace5f59-788d-4728-aabc-814a8b7743c4|rpc:10.1.0.37:15084|admin:10.1.0.37:15083|client:10.1.0.37:15082|dataStream:10.1.0.37:15085|priority:0|startupRole:FOLLOWER, 15c64375-eb37-4995-8297-e35bcf5786b9|rpc:10.1.0.37:15075|admin:10.1.0.37:15074|client:10.1.0.37:15073|dataStream:10.1.0.37:15076|priority:0|startupRole:FOLLOWER]|listeners:[], old=null
2023-06-06 14:27:53,049 [dc31b473-b1c6-4224-b715-646a963524cb@group-AE3FE3969E60-LeaderElection15] INFO  impl.LeaderElection (LeaderElection.java:logAndReturn(90)) - dc31b473-b1c6-4224-b715-646a963524cb@group-AE3FE3969E60-LeaderElection15: PRE_VOTE PASSED received 1 response(s) and 0 exception(s):
2023-06-06 14:27:53,049 [dc31b473-b1c6-4224-b715-646a963524cb@group-AE3FE3969E60-LeaderElection15] INFO  impl.LeaderElection (LeaderElection.java:logAndReturn(94)) -   Response 0: dc31b473-b1c6-4224-b715-646a963524cb<-eace5f59-788d-4728-aabc-814a8b7743c4#0:OK-t0
2023-06-06 14:27:53,049 [dc31b473-b1c6-4224-b715-646a963524cb@group-AE3FE3969E60-LeaderElection15] INFO  impl.LeaderElection (LeaderElection.java:askForVotes(323)) - dc31b473-b1c6-4224-b715-646a963524cb@group-AE3FE3969E60-LeaderElection15 PRE_VOTE round 0: result PASSED
2023-06-06 14:27:53,051 [dc31b473-b1c6-4224-b715-646a963524cb@group-AE3FE3969E60-LeaderElection15] INFO  impl.LeaderElection (LeaderElection.java:askForVotes(321)) - dc31b473-b1c6-4224-b715-646a963524cb@group-AE3FE3969E60-LeaderElection15 ELECTION round 0: submit vote requests at term 1 for -1: peers:[dc31b473-b1c6-4224-b715-646a963524cb|rpc:10.1.0.37:15066|admin:10.1.0.37:15065|client:10.1.0.37:15064|dataStream:10.1.0.37:15067|priority:1|startupRole:FOLLOWER, eace5f59-788d-4728-aabc-814a8b7743c4|rpc:10.1.0.37:15084|admin:10.1.0.37:15083|client:10.1.0.37:15082|dataStream:10.1.0.37:15085|priority:0|startupRole:FOLLOWER, 15c64375-eb37-4995-8297-e35bcf5786b9|rpc:10.1.0.37:15075|admin:10.1.0.37:15074|client:10.1.0.37:15073|dataStream:10.1.0.37:15076|priority:0|startupRole:FOLLOWER]|listeners:[], old=null
2023-06-06 14:27:53,056 [dc31b473-b1c6-4224-b715-646a963524cb@group-AE3FE3969E60-LeaderElection15] INFO  server.RaftServerConfigKeys (ConfUtils.java:logFallback(53)) - raft.server.rpc.first-election.timeout.min = 5s (fallback to raft.server.rpc.timeout.min)
2023-06-06 14:27:53,056 [dc31b473-b1c6-4224-b715-646a963524cb@group-AE3FE3969E60-LeaderElection15] INFO  server.RaftServerConfigKeys (ConfUtils.java:logFallback(53)) - raft.server.rpc.first-election.timeout.max = 5200ms (fallback to raft.server.rpc.timeout.max)
2023-06-06 14:27:53,061 [grpc-default-executor-0] INFO  server.RaftServer$Division (RaftServerImpl.java:requestVote(1302)) - eace5f59-788d-4728-aabc-814a8b7743c4@group-AE3FE3969E60: receive requestVote(ELECTION, dc31b473-b1c6-4224-b715-646a963524cb, group-AE3FE3969E60, 1, (t:0, i:0))
2023-06-06 14:27:53,062 [grpc-default-executor-2] INFO  server.RaftServer$Division (RaftServerImpl.java:requestVote(1302)) - 15c64375-eb37-4995-8297-e35bcf5786b9@group-AE3FE3969E60: receive requestVote(ELECTION, dc31b473-b1c6-4224-b715-646a963524cb, group-AE3FE3969E60, 1, (t:0, i:0))
2023-06-06 14:27:53,062 [grpc-default-executor-0] INFO  impl.VoteContext (VoteContext.java:log(49)) - eace5f59-788d-4728-aabc-814a8b7743c4@group-AE3FE3969E60-FOLLOWER: accept ELECTION from dc31b473-b1c6-4224-b715-646a963524cb: our priority 0 <= candidate's priority 1
2023-06-06 14:27:53,062 [grpc-default-executor-2] INFO  impl.VoteContext (VoteContext.java:log(49)) - 15c64375-eb37-4995-8297-e35bcf5786b9@group-AE3FE3969E60-FOLLOWER: accept ELECTION from dc31b473-b1c6-4224-b715-646a963524cb: our priority 0 <= candidate's priority 1
2023-06-06 14:27:53,061 [grpc-default-executor-1] INFO  server.RaftServer$Division (RaftServerImpl.java:requestVote(1302)) - 15c64375-eb37-4995-8297-e35bcf5786b9@group-AE3FE3969E60: receive requestVote(PRE_VOTE, dc31b473-b1c6-4224-b715-646a963524cb, group-AE3FE3969E60, 0, (t:0, i:0))
2023-06-06 14:27:53,062 [grpc-default-executor-2] INFO  server.RaftServer$Division (RaftServerImpl.java:setRole(329)) - 15c64375-eb37-4995-8297-e35bcf5786b9@group-AE3FE3969E60: changes role from  FOLLOWER to FOLLOWER at term 1 for candidate:dc31b473-b1c6-4224-b715-646a963524cb
2023-06-06 14:27:53,062 [grpc-default-executor-0] INFO  server.RaftServer$Division (RaftServerImpl.java:setRole(329)) - eace5f59-788d-4728-aabc-814a8b7743c4@group-AE3FE3969E60: changes role from  FOLLOWER to FOLLOWER at term 1 for candidate:dc31b473-b1c6-4224-b715-646a963524cb
2023-06-06 14:27:53,062 [grpc-default-executor-2] INFO  impl.RoleInfo (RoleInfo.java:shutdownFollowerState(110)) - 15c64375-eb37-4995-8297-e35bcf5786b9: shutdown 15c64375-eb37-4995-8297-e35bcf5786b9@group-AE3FE3969E60-FollowerState
2023-06-06 14:27:53,062 [grpc-default-executor-0] INFO  impl.RoleInfo (RoleInfo.java:shutdownFollowerState(110)) - eace5f59-788d-4728-aabc-814a8b7743c4: shutdown eace5f59-788d-4728-aabc-814a8b7743c4@group-AE3FE3969E60-FollowerState
2023-06-06 14:27:53,062 [grpc-default-executor-2] INFO  impl.RoleInfo (RoleInfo.java:updateAndGet(139)) - 15c64375-eb37-4995-8297-e35bcf5786b9: start 15c64375-eb37-4995-8297-e35bcf5786b9@group-AE3FE3969E60-FollowerState
2023-06-06 14:27:53,062 [grpc-default-executor-0] INFO  impl.RoleInfo (RoleInfo.java:updateAndGet(139)) - eace5f59-788d-4728-aabc-814a8b7743c4: start eace5f59-788d-4728-aabc-814a8b7743c4@group-AE3FE3969E60-FollowerState
2023-06-06 14:27:53,062 [eace5f59-788d-4728-aabc-814a8b7743c4@group-AE3FE3969E60-FollowerState] INFO  impl.FollowerState (FollowerState.java:run(152)) - eace5f59-788d-4728-aabc-814a8b7743c4@group-AE3FE3969E60-FollowerState was interrupted
2023-06-06 14:27:53,062 [15c64375-eb37-4995-8297-e35bcf5786b9@group-AE3FE3969E60-FollowerState] INFO  impl.FollowerState (FollowerState.java:run(152)) - 15c64375-eb37-4995-8297-e35bcf5786b9@group-AE3FE3969E60-FollowerState was interrupted
2023-06-06 14:27:53,067 [grpc-default-executor-2] INFO  server.RaftServer$Division (RaftServerImpl.java:requestVote(1335)) - 15c64375-eb37-4995-8297-e35bcf5786b9@group-AE3FE3969E60 replies to ELECTION vote request: dc31b473-b1c6-4224-b715-646a963524cb<-15c64375-eb37-4995-8297-e35bcf5786b9#0:OK-t1. Peer's state: 15c64375-eb37-4995-8297-e35bcf5786b9@group-AE3FE3969E60:t1, leader=null, voted=dc31b473-b1c6-4224-b715-646a963524cb, raftlog=Memoized:15c64375-eb37-4995-8297-e35bcf5786b9@group-AE3FE3969E60-SegmentedRaftLog:OPENED:c-1, conf=-1: peers:[dc31b473-b1c6-4224-b715-646a963524cb|rpc:10.1.0.37:15066|admin:10.1.0.37:15065|client:10.1.0.37:15064|dataStream:10.1.0.37:15067|priority:1|startupRole:FOLLOWER, eace5f59-788d-4728-aabc-814a8b7743c4|rpc:10.1.0.37:15084|admin:10.1.0.37:15083|client:10.1.0.37:15082|dataStream:10.1.0.37:15085|priority:0|startupRole:FOLLOWER, 15c64375-eb37-4995-8297-e35bcf5786b9|rpc:10.1.0.37:15075|admin:10.1.0.37:15074|client:10.1.0.37:15073|dataStream:10.1.0.37:15076|priority:0|startupRole:FOLLOWER]|listeners:[], old=null
2023-06-06 14:27:53,068 [grpc-default-executor-1] INFO  impl.VoteContext (VoteContext.java:log(49)) - 15c64375-eb37-4995-8297-e35bcf5786b9@group-AE3FE3969E60-FOLLOWER: accept PRE_VOTE from dc31b473-b1c6-4224-b715-646a963524cb: our priority 0 <= candidate's priority 1
2023-06-06 14:27:53,068 [grpc-default-executor-1] INFO  server.RaftServer$Division (RaftServerImpl.java:requestVote(1335)) - 15c64375-eb37-4995-8297-e35bcf5786b9@group-AE3FE3969E60 replies to PRE_VOTE vote request: dc31b473-b1c6-4224-b715-646a963524cb<-15c64375-eb37-4995-8297-e35bcf5786b9#0:OK-t1. Peer's state: 15c64375-eb37-4995-8297-e35bcf5786b9@group-AE3FE3969E60:t1, leader=null, voted=dc31b473-b1c6-4224-b715-646a963524cb, raftlog=Memoized:15c64375-eb37-4995-8297-e35bcf5786b9@group-AE3FE3969E60-SegmentedRaftLog:OPENED:c-1, conf=-1: peers:[dc31b473-b1c6-4224-b715-646a963524cb|rpc:10.1.0.37:15066|admin:10.1.0.37:15065|client:10.1.0.37:15064|dataStream:10.1.0.37:15067|priority:1|startupRole:FOLLOWER, eace5f59-788d-4728-aabc-814a8b7743c4|rpc:10.1.0.37:15084|admin:10.1.0.37:15083|client:10.1.0.37:15082|dataStream:10.1.0.37:15085|priority:0|startupRole:FOLLOWER, 15c64375-eb37-4995-8297-e35bcf5786b9|rpc:10.1.0.37:15075|admin:10.1.0.37:15074|client:10.1.0.37:15073|dataStream:10.1.0.37:15076|priority:0|startupRole:FOLLOWER]|listeners:[], old=null
2023-06-06 14:27:53,070 [grpc-default-executor-0] INFO  server.RaftServer$Division (RaftServerImpl.java:requestVote(1335)) - eace5f59-788d-4728-aabc-814a8b7743c4@group-AE3FE3969E60 replies to ELECTION vote request: dc31b473-b1c6-4224-b715-646a963524cb<-eace5f59-788d-4728-aabc-814a8b7743c4#0:OK-t1. Peer's state: eace5f59-788d-4728-aabc-814a8b7743c4@group-AE3FE3969E60:t1, leader=null, voted=dc31b473-b1c6-4224-b715-646a963524cb, raftlog=Memoized:eace5f59-788d-4728-aabc-814a8b7743c4@group-AE3FE3969E60-SegmentedRaftLog:OPENED:c-1, conf=-1: peers:[dc31b473-b1c6-4224-b715-646a963524cb|rpc:10.1.0.37:15066|admin:10.1.0.37:15065|client:10.1.0.37:15064|dataStream:10.1.0.37:15067|priority:1|startupRole:FOLLOWER, eace5f59-788d-4728-aabc-814a8b7743c4|rpc:10.1.0.37:15084|admin:10.1.0.37:15083|client:10.1.0.37:15082|dataStream:10.1.0.37:15085|priority:0|startupRole:FOLLOWER, 15c64375-eb37-4995-8297-e35bcf5786b9|rpc:10.1.0.37:15075|admin:10.1.0.37:15074|client:10.1.0.37:15073|dataStream:10.1.0.37:15076|priority:0|startupRole:FOLLOWER]|listeners:[], old=null
2023-06-06 14:27:53,071 [dc31b473-b1c6-4224-b715-646a963524cb@group-AE3FE3969E60-LeaderElection15] INFO  impl.LeaderElection (LeaderElection.java:logAndReturn(90)) - dc31b473-b1c6-4224-b715-646a963524cb@group-AE3FE3969E60-LeaderElection15: ELECTION PASSED received 1 response(s) and 0 exception(s):
2023-06-06 14:27:53,071 [dc31b473-b1c6-4224-b715-646a963524cb@group-AE3FE3969E60-LeaderElection15] INFO  impl.LeaderElection (LeaderElection.java:logAndReturn(94)) -   Response 0: dc31b473-b1c6-4224-b715-646a963524cb<-15c64375-eb37-4995-8297-e35bcf5786b9#0:OK-t1
2023-06-06 14:27:53,071 [dc31b473-b1c6-4224-b715-646a963524cb@group-AE3FE3969E60-LeaderElection15] INFO  impl.LeaderElection (LeaderElection.java:askForVotes(323)) - dc31b473-b1c6-4224-b715-646a963524cb@group-AE3FE3969E60-LeaderElection15 ELECTION round 0: result PASSED
2023-06-06 14:27:53,071 [dc31b473-b1c6-4224-b715-646a963524cb@group-AE3FE3969E60-LeaderElection15] INFO  impl.RoleInfo (RoleInfo.java:shutdownLeaderElection(130)) - dc31b473-b1c6-4224-b715-646a963524cb: shutdown dc31b473-b1c6-4224-b715-646a963524cb@group-AE3FE3969E60-LeaderElection15
2023-06-06 14:27:53,071 [dc31b473-b1c6-4224-b715-646a963524cb@group-AE3FE3969E60-LeaderElection15] INFO  server.RaftServer$Division (RaftServerImpl.java:setRole(329)) - dc31b473-b1c6-4224-b715-646a963524cb@group-AE3FE3969E60: changes role from CANDIDATE to LEADER at term 1 for changeToLeader
2023-06-06 14:27:53,071 [dc31b473-b1c6-4224-b715-646a963524cb@group-AE3FE3969E60-LeaderElection15] INFO  ratis.XceiverServerRatis (XceiverServerRatis.java:handleLeaderChangedNotification(902)) - Leader change notification received for group: group-AE3FE3969E60 with new leaderId: dc31b473-b1c6-4224-b715-646a963524cb
2023-06-06 14:27:53,071 [dc31b473-b1c6-4224-b715-646a963524cb@group-AE3FE3969E60-LeaderElection15] INFO  server.RaftServer$Division (ServerState.java:setLeader(317)) - dc31b473-b1c6-4224-b715-646a963524cb@group-AE3FE3969E60: change Leader from null to dc31b473-b1c6-4224-b715-646a963524cb at term 1 for becomeLeader, leader elected after 5236ms
2023-06-06 14:27:53,071 [dc31b473-b1c6-4224-b715-646a963524cb@group-AE3FE3969E60-LeaderElection15] INFO  server.RaftServerConfigKeys (ConfUtils.java:logGet(46)) - raft.server.staging.catchup.gap = 1000 (default)
2023-06-06 14:27:53,071 [dc31b473-b1c6-4224-b715-646a963524cb@group-AE3FE3969E60-LeaderElection15] INFO  server.RaftServerConfigKeys (ConfUtils.java:logGet(46)) - raft.server.write.element-limit = 1024 (custom)
2023-06-06 14:27:53,071 [dc31b473-b1c6-4224-b715-646a963524cb@group-AE3FE3969E60-LeaderElection15] INFO  server.RaftServerConfigKeys (ConfUtils.java:logGet(46)) - raft.server.write.byte-limit = 1024 M (=1073741824) (custom)
2023-06-06 14:27:53,072 [dc31b473-b1c6-4224-b715-646a963524cb@group-AE3FE3969E60-LeaderElection15] INFO  server.RaftServerConfigKeys (ConfUtils.java:logGet(46)) - raft.server.watch.timeout = 180s (custom)
2023-06-06 14:27:53,072 [dc31b473-b1c6-4224-b715-646a963524cb@group-AE3FE3969E60-LeaderElection15] INFO  server.RaftServerConfigKeys (ConfUtils.java:logGet(46)) - raft.server.watch.timeout.denomination = 1s (default)
2023-06-06 14:27:53,072 [dc31b473-b1c6-4224-b715-646a963524cb@group-AE3FE3969E60-LeaderElection15] INFO  server.RaftServerConfigKeys (ConfUtils.java:logGet(46)) - raft.server.watch.element-limit = 65536 (default)
2023-06-06 14:27:53,072 [dc31b473-b1c6-4224-b715-646a963524cb@group-AE3FE3969E60-LeaderElection15] INFO  server.RaftServerConfigKeys (ConfUtils.java:logGet(46)) - raft.server.write.element-limit = 1024 (custom)
2023-06-06 14:27:53,072 [dc31b473-b1c6-4224-b715-646a963524cb@group-AE3FE3969E60-LeaderElection15] INFO  server.RaftServerConfigKeys (ConfUtils.java:logGet(46)) - raft.server.write.follower.gap.ratio.max = -1.0 (default)
2023-06-06 14:27:53,072 [dc31b473-b1c6-4224-b715-646a963524cb@group-AE3FE3969E60-LeaderElection15] INFO  server.RaftServerConfigKeys (ConfUtils.java:logGet(46)) - raft.server.log.appender.snapshot.chunk.size.max = 16MB (=16777216) (default)
2023-06-06 14:27:53,072 [dc31b473-b1c6-4224-b715-646a963524cb@group-AE3FE3969E60-LeaderElection15] INFO  server.RaftServerConfigKeys (ConfUtils.java:logGet(46)) - raft.server.log.appender.buffer.byte-limit = 33554432 (custom)
2023-06-06 14:27:53,072 [dc31b473-b1c6-4224-b715-646a963524cb@group-AE3FE3969E60-LeaderElection15] INFO  server.RaftServerConfigKeys (ConfUtils.java:logGet(46)) - raft.server.log.appender.buffer.element-limit = 1 (custom)
2023-06-06 14:27:53,072 [dc31b473-b1c6-4224-b715-646a963524cb@group-AE3FE3969E60-LeaderElection15] INFO  server.RaftServerConfigKeys (ConfUtils.java:logGet(46)) - raft.server.log.appender.wait-time.min = 10ms (default)
2023-06-06 14:27:53,073 [dc31b473-b1c6-4224-b715-646a963524cb@group-AE3FE3969E60-LeaderElection15] INFO  grpc.GrpcConfigKeys (ConfUtils.java:logGet(46)) - raft.grpc.server.leader.outstanding.appends.max = 128 (default)
2023-06-06 14:27:53,073 [dc31b473-b1c6-4224-b715-646a963524cb@group-AE3FE3969E60-LeaderElection15] INFO  server.RaftServerConfigKeys (ConfUtils.java:logGet(46)) - raft.server.rpc.request.timeout = 60s (custom)
2023-06-06 14:27:53,073 [dc31b473-b1c6-4224-b715-646a963524cb@group-AE3FE3969E60-LeaderElection15] INFO  grpc.GrpcConfigKeys (ConfUtils.java:logGet(46)) - raft.grpc.server.install_snapshot.request.element-limit = 8 (default)
2023-06-06 14:27:53,073 [dc31b473-b1c6-4224-b715-646a963524cb@group-AE3FE3969E60-LeaderElection15] INFO  grpc.GrpcConfigKeys (ConfUtils.java:logGet(46)) - raft.grpc.server.install_snapshot.request.timeout = 3000ms (default)
2023-06-06 14:27:53,073 [dc31b473-b1c6-4224-b715-646a963524cb@group-AE3FE3969E60-LeaderElection15] INFO  server.RaftServerConfigKeys (ConfUtils.java:logGet(46)) - raft.server.log.appender.install.snapshot.enabled = false (custom)
2023-06-06 14:27:53,073 [dc31b473-b1c6-4224-b715-646a963524cb@group-AE3FE3969E60-LeaderElection15] INFO  grpc.GrpcConfigKeys (ConfUtils.java:logGet(46)) - raft.grpc.server.heartbeat.channel = true (default)
2023-06-06 14:27:53,073 [dc31b473-b1c6-4224-b715-646a963524cb@group-AE3FE3969E60-LeaderElection15] INFO  server.RaftServerConfigKeys (ConfUtils.java:logGet(46)) - raft.server.log.appender.snapshot.chunk.size.max = 16MB (=16777216) (default)
2023-06-06 14:27:53,073 [dc31b473-b1c6-4224-b715-646a963524cb@group-AE3FE3969E60-LeaderElection15] INFO  server.RaftServerConfigKeys (ConfUtils.java:logGet(46)) - raft.server.log.appender.buffer.byte-limit = 33554432 (custom)
2023-06-06 14:27:53,073 [dc31b473-b1c6-4224-b715-646a963524cb@group-AE3FE3969E60-LeaderElection15] INFO  server.RaftServerConfigKeys (ConfUtils.java:logGet(46)) - raft.server.log.appender.buffer.element-limit = 1 (custom)
2023-06-06 14:27:53,073 [dc31b473-b1c6-4224-b715-646a963524cb@group-AE3FE3969E60-LeaderElection15] INFO  server.RaftServerConfigKeys (ConfUtils.java:logGet(46)) - raft.server.log.appender.wait-time.min = 10ms (default)
2023-06-06 14:27:53,078 [EventQueue-PipelineReportForPipelineReportHandler] INFO  pipeline.PipelineManagerImpl (PipelineManagerImpl.java:openPipeline(367)) - Pipeline Pipeline[ Id: ce016cde-559d-42e9-81d0-ae3fe3969e60, Nodes: dc31b473-b1c6-4224-b715-646a963524cb(fv-az1133-973.qlb2sqfkji0uhjsjdnlwzcsdwg.bx.internal.cloudapp.net/10.1.0.37)15c64375-eb37-4995-8297-e35bcf5786b9(fv-az1133-973.qlb2sqfkji0uhjsjdnlwzcsdwg.bx.internal.cloudapp.net/10.1.0.37)eace5f59-788d-4728-aabc-814a8b7743c4(fv-az1133-973.qlb2sqfkji0uhjsjdnlwzcsdwg.bx.internal.cloudapp.net/10.1.0.37), ReplicationConfig: RATIS/THREE, State:ALLOCATED, leaderId:dc31b473-b1c6-4224-b715-646a963524cb, CreationTimestamp2023-06-06T14:27:45.423Z[Etc/UTC]] moved to OPEN state
2023-06-06 14:27:53,079 [EventQueue-OpenPipelineForHealthyPipelineSafeModeRule] INFO  safemode.SCMSafeModeManager (HealthyPipelineSafeModeRule.java:process(137)) - SCM in safe mode. Healthy pipelines reported count is 1, required healthy pipeline reported count is 1
2023-06-06 14:27:53,079 [EventQueue-OpenPipelineForHealthyPipelineSafeModeRule] INFO  safemode.SCMSafeModeManager (SCMSafeModeManager.java:validateSafeModeExitRules(200)) - HealthyPipelineSafeModeRule rule is successfully validated
2023-06-06 14:27:53,079 [EventQueue-OpenPipelineForHealthyPipelineSafeModeRule] INFO  safemode.SCMSafeModeManager (SCMSafeModeManager.java:validateSafeModeExitRules(215)) - ScmSafeModeManager, all rules are successfully validated
2023-06-06 14:27:53,079 [EventQueue-OpenPipelineForHealthyPipelineSafeModeRule] INFO  safemode.SCMSafeModeManager (SCMSafeModeManager.java:exitSafeMode(244)) - SCM exiting safe mode.
2023-06-06 14:27:53,079 [EventQueue-OpenPipelineForHealthyPipelineSafeModeRule] INFO  ha.SCMContext (SCMContext.java:updateSafeModeStatus(228)) - Update SafeModeStatus from SafeModeStatus{safeModeStatus=true, preCheckPassed=true} to SafeModeStatus{safeModeStatus=false, preCheckPassed=true}.
2023-06-06 14:27:53,079 [EventQueue-OpenPipelineForHealthyPipelineSafeModeRule] INFO  pipeline.BackgroundPipelineCreator (BackgroundPipelineCreator.java:notifyStatusChanged(254)) - Service BackgroundPipelineCreator transitions to RUNNING.
2023-06-06 14:27:53,079 [EventQueue-OpenPipelineForHealthyPipelineSafeModeRule] INFO  BackgroundPipelineScrubber (BackgroundSCMService.java:notifyStatusChanged(82)) - Service BackgroundPipelineScrubber transitions to RUNNING.
2023-06-06 14:27:53,079 [EventQueue-OpenPipelineForHealthyPipelineSafeModeRule] INFO  ExpiredContainerReplicaOpScrubber (BackgroundSCMService.java:notifyStatusChanged(82)) - Service ExpiredContainerReplicaOpScrubber transitions to RUNNING.
2023-06-06 14:27:53,079 [EventQueue-OpenPipelineForHealthyPipelineSafeModeRule] INFO  replication.ReplicationManager (ReplicationManager.java:notifyStatusChanged(1369)) - Service ReplicationManager transitions to RUNNING.
2023-06-06 14:27:53,079 [EventQueue-OpenPipelineForHealthyPipelineSafeModeRule] WARN  balancer.ContainerBalancer (ContainerBalancer.java:shouldRun(135)) - Could not find persisted configuration for ContainerBalancer when checking if ContainerBalancer should run. ContainerBalancer should not run now.
2023-06-06 14:27:53,080 [dc31b473-b1c6-4224-b715-646a963524cb@group-AE3FE3969E60-LeaderElection15] INFO  grpc.GrpcConfigKeys (ConfUtils.java:logGet(46)) - raft.grpc.server.leader.outstanding.appends.max = 128 (default)
2023-06-06 14:27:53,080 [dc31b473-b1c6-4224-b715-646a963524cb@group-AE3FE3969E60-LeaderElection15] INFO  server.RaftServerConfigKeys (ConfUtils.java:logGet(46)) - raft.server.rpc.request.timeout = 60s (custom)
2023-06-06 14:27:53,080 [dc31b473-b1c6-4224-b715-646a963524cb@group-AE3FE3969E60-LeaderElection15] INFO  grpc.GrpcConfigKeys (ConfUtils.java:logGet(46)) - raft.grpc.server.install_snapshot.request.element-limit = 8 (default)
2023-06-06 14:27:53,080 [dc31b473-b1c6-4224-b715-646a963524cb@group-AE3FE3969E60-LeaderElection15] INFO  grpc.GrpcConfigKeys (ConfUtils.java:logGet(46)) - raft.grpc.server.install_snapshot.request.timeout = 3000ms (default)
2023-06-06 14:27:53,080 [dc31b473-b1c6-4224-b715-646a963524cb@group-AE3FE3969E60-LeaderElection15] INFO  server.RaftServerConfigKeys (ConfUtils.java:logGet(46)) - raft.server.log.appender.install.snapshot.enabled = false (custom)
2023-06-06 14:27:53,080 [dc31b473-b1c6-4224-b715-646a963524cb@group-AE3FE3969E60-LeaderElection15] INFO  grpc.GrpcConfigKeys (ConfUtils.java:logGet(46)) - raft.grpc.server.heartbeat.channel = true (default)
2023-06-06 14:27:53,080 [dc31b473-b1c6-4224-b715-646a963524cb@group-AE3FE3969E60-LeaderElection15] INFO  impl.RoleInfo (RoleInfo.java:updateAndGet(139)) - dc31b473-b1c6-4224-b715-646a963524cb: start dc31b473-b1c6-4224-b715-646a963524cb@group-AE3FE3969E60-LeaderStateImpl
2023-06-06 14:27:53,080 [dc31b473-b1c6-4224-b715-646a963524cb@group-AE3FE3969E60-LeaderElection15] INFO  segmented.SegmentedRaftLogWorker (SegmentedRaftLogWorker.java:startLogSegment(447)) - dc31b473-b1c6-4224-b715-646a963524cb@group-AE3FE3969E60-SegmentedRaftLogWorker: Starting segment from index:0
2023-06-06 14:27:53,082 [dc31b473-b1c6-4224-b715-646a963524cb@group-AE3FE3969E60-SegmentedRaftLogWorker] INFO  segmented.SegmentedRaftLogWorker (SegmentedRaftLogWorker.java:execute(651)) - dc31b473-b1c6-4224-b715-646a963524cb@group-AE3FE3969E60-SegmentedRaftLogWorker: created new log segment /home/runner/work/ozone/ozone/hadoop-ozone/integration-test/target/test-dir/MiniOzoneClusterImpl-0067d30e-4f89-4c9b-b2b0-188d8bbd32e4/datanode-0/data/ratis/ce016cde-559d-42e9-81d0-ae3fe3969e60/current/log_inprogress_0
2023-06-06 14:27:53,090 [dc31b473-b1c6-4224-b715-646a963524cb@group-AE3FE3969E60-LeaderElection15] INFO  server.RaftServer$Division (ServerState.java:setRaftConf(434)) - dc31b473-b1c6-4224-b715-646a963524cb@group-AE3FE3969E60: set configuration 0: peers:[dc31b473-b1c6-4224-b715-646a963524cb|rpc:10.1.0.37:15066|admin:10.1.0.37:15065|client:10.1.0.37:15064|dataStream:10.1.0.37:15067|priority:1|startupRole:FOLLOWER, eace5f59-788d-4728-aabc-814a8b7743c4|rpc:10.1.0.37:15084|admin:10.1.0.37:15083|client:10.1.0.37:15082|dataStream:10.1.0.37:15085|priority:0|startupRole:FOLLOWER, 15c64375-eb37-4995-8297-e35bcf5786b9|rpc:10.1.0.37:15075|admin:10.1.0.37:15074|client:10.1.0.37:15073|dataStream:10.1.0.37:15076|priority:0|startupRole:FOLLOWER]|listeners:[], old=null
2023-06-06 14:27:53,099 [eace5f59-788d-4728-aabc-814a8b7743c4-server-thread1] INFO  ratis.XceiverServerRatis (XceiverServerRatis.java:handleLeaderChangedNotification(902)) - Leader change notification received for group: group-AE3FE3969E60 with new leaderId: dc31b473-b1c6-4224-b715-646a963524cb
2023-06-06 14:27:53,099 [eace5f59-788d-4728-aabc-814a8b7743c4-server-thread1] INFO  server.RaftServer$Division (ServerState.java:setLeader(317)) - eace5f59-788d-4728-aabc-814a8b7743c4@group-AE3FE3969E60: change Leader from null to dc31b473-b1c6-4224-b715-646a963524cb at term 1 for appendEntries, leader elected after 5176ms
2023-06-06 14:27:53,104 [15c64375-eb37-4995-8297-e35bcf5786b9-server-thread1] INFO  ratis.XceiverServerRatis (XceiverServerRatis.java:handleLeaderChangedNotification(902)) - Leader change notification received for group: group-AE3FE3969E60 with new leaderId: dc31b473-b1c6-4224-b715-646a963524cb
2023-06-06 14:27:53,104 [15c64375-eb37-4995-8297-e35bcf5786b9-server-thread1] INFO  server.RaftServer$Division (ServerState.java:setLeader(317)) - 15c64375-eb37-4995-8297-e35bcf5786b9@group-AE3FE3969E60: change Leader from null to dc31b473-b1c6-4224-b715-646a963524cb at term 1 for appendEntries, leader elected after 5224ms
2023-06-06 14:27:53,110 [eace5f59-788d-4728-aabc-814a8b7743c4-server-thread2] INFO  server.RaftServer$Division (ServerState.java:setRaftConf(434)) - eace5f59-788d-4728-aabc-814a8b7743c4@group-AE3FE3969E60: set configuration 0: peers:[dc31b473-b1c6-4224-b715-646a963524cb|rpc:10.1.0.37:15066|admin:10.1.0.37:15065|client:10.1.0.37:15064|dataStream:10.1.0.37:15067|priority:1|startupRole:FOLLOWER, eace5f59-788d-4728-aabc-814a8b7743c4|rpc:10.1.0.37:15084|admin:10.1.0.37:15083|client:10.1.0.37:15082|dataStream:10.1.0.37:15085|priority:0|startupRole:FOLLOWER, 15c64375-eb37-4995-8297-e35bcf5786b9|rpc:10.1.0.37:15075|admin:10.1.0.37:15074|client:10.1.0.37:15073|dataStream:10.1.0.37:15076|priority:0|startupRole:FOLLOWER]|listeners:[], old=null
2023-06-06 14:27:53,111 [eace5f59-788d-4728-aabc-814a8b7743c4-server-thread2] INFO  segmented.SegmentedRaftLogWorker (SegmentedRaftLogWorker.java:startLogSegment(447)) - eace5f59-788d-4728-aabc-814a8b7743c4@group-AE3FE3969E60-SegmentedRaftLogWorker: Starting segment from index:0
2023-06-06 14:27:53,112 [eace5f59-788d-4728-aabc-814a8b7743c4@group-AE3FE3969E60-SegmentedRaftLogWorker] INFO  segmented.SegmentedRaftLogWorker (SegmentedRaftLogWorker.java:execute(651)) - eace5f59-788d-4728-aabc-814a8b7743c4@group-AE3FE3969E60-SegmentedRaftLogWorker: created new log segment /home/runner/work/ozone/ozone/hadoop-ozone/integration-test/target/test-dir/MiniOzoneClusterImpl-0067d30e-4f89-4c9b-b2b0-188d8bbd32e4/datanode-2/data/ratis/ce016cde-559d-42e9-81d0-ae3fe3969e60/current/log_inprogress_0
2023-06-06 14:27:53,119 [15c64375-eb37-4995-8297-e35bcf5786b9-server-thread2] INFO  server.RaftServer$Division (ServerState.java:setRaftConf(434)) - 15c64375-eb37-4995-8297-e35bcf5786b9@group-AE3FE3969E60: set configuration 0: peers:[dc31b473-b1c6-4224-b715-646a963524cb|rpc:10.1.0.37:15066|admin:10.1.0.37:15065|client:10.1.0.37:15064|dataStream:10.1.0.37:15067|priority:1|startupRole:FOLLOWER, eace5f59-788d-4728-aabc-814a8b7743c4|rpc:10.1.0.37:15084|admin:10.1.0.37:15083|client:10.1.0.37:15082|dataStream:10.1.0.37:15085|priority:0|startupRole:FOLLOWER, 15c64375-eb37-4995-8297-e35bcf5786b9|rpc:10.1.0.37:15075|admin:10.1.0.37:15074|client:10.1.0.37:15073|dataStream:10.1.0.37:15076|priority:0|startupRole:FOLLOWER]|listeners:[], old=null
2023-06-06 14:27:53,119 [15c64375-eb37-4995-8297-e35bcf5786b9-server-thread2] INFO  segmented.SegmentedRaftLogWorker (SegmentedRaftLogWorker.java:startLogSegment(447)) - 15c64375-eb37-4995-8297-e35bcf5786b9@group-AE3FE3969E60-SegmentedRaftLogWorker: Starting segment from index:0
2023-06-06 14:27:53,120 [15c64375-eb37-4995-8297-e35bcf5786b9@group-AE3FE3969E60-SegmentedRaftLogWorker] INFO  segmented.SegmentedRaftLogWorker (SegmentedRaftLogWorker.java:execute(651)) - 15c64375-eb37-4995-8297-e35bcf5786b9@group-AE3FE3969E60-SegmentedRaftLogWorker: created new log segment /home/runner/work/ozone/ozone/hadoop-ozone/integration-test/target/test-dir/MiniOzoneClusterImpl-0067d30e-4f89-4c9b-b2b0-188d8bbd32e4/datanode-1/data/ratis/ce016cde-559d-42e9-81d0-ae3fe3969e60/current/log_inprogress_0
2023-06-06 14:27:53,141 [dc31b473-b1c6-4224-b715-646a963524cb@group-6E1B3B21AFAD-FollowerState] INFO  impl.FollowerState (FollowerState.java:run(143)) - dc31b473-b1c6-4224-b715-646a963524cb@group-6E1B3B21AFAD-FollowerState: change to CANDIDATE, lastRpcElapsedTime:5168201679ns, electionTimeout:5166ms
2023-06-06 14:27:53,141 [dc31b473-b1c6-4224-b715-646a963524cb@group-6E1B3B21AFAD-FollowerState] INFO  impl.RoleInfo (RoleInfo.java:shutdownFollowerState(110)) - dc31b473-b1c6-4224-b715-646a963524cb: shutdown dc31b473-b1c6-4224-b715-646a963524cb@group-6E1B3B21AFAD-FollowerState
2023-06-06 14:27:53,141 [dc31b473-b1c6-4224-b715-646a963524cb@group-6E1B3B21AFAD-FollowerState] INFO  server.RaftServer$Division (RaftServerImpl.java:setRole(329)) - dc31b473-b1c6-4224-b715-646a963524cb@group-6E1B3B21AFAD: changes role from  FOLLOWER to CANDIDATE at term 0 for changeToCandidate
2023-06-06 14:27:53,141 [dc31b473-b1c6-4224-b715-646a963524cb@group-6E1B3B21AFAD-FollowerState] INFO  server.RaftServerConfigKeys (ConfUtils.java:logGet(46)) - raft.server.leaderelection.pre-vote = true (default)
2023-06-06 14:27:53,141 [dc31b473-b1c6-4224-b715-646a963524cb@group-6E1B3B21AFAD-FollowerState] INFO  impl.RoleInfo (RoleInfo.java:updateAndGet(139)) - dc31b473-b1c6-4224-b715-646a963524cb: start dc31b473-b1c6-4224-b715-646a963524cb@group-6E1B3B21AFAD-LeaderElection16
2023-06-06 14:27:53,143 [dc31b473-b1c6-4224-b715-646a963524cb@group-6E1B3B21AFAD-LeaderElection16] INFO  impl.LeaderElection (LeaderElection.java:askForVotes(321)) - dc31b473-b1c6-4224-b715-646a963524cb@group-6E1B3B21AFAD-LeaderElection16 PRE_VOTE round 0: submit vote requests at term 0 for -1: peers:[eace5f59-788d-4728-aabc-814a8b7743c4|rpc:10.1.0.37:15084|admin:10.1.0.37:15083|client:10.1.0.37:15082|dataStream:10.1.0.37:15085|priority:0|startupRole:FOLLOWER, dc31b473-b1c6-4224-b715-646a963524cb|rpc:10.1.0.37:15066|admin:10.1.0.37:15065|client:10.1.0.37:15064|dataStream:10.1.0.37:15067|priority:0|startupRole:FOLLOWER, 15c64375-eb37-4995-8297-e35bcf5786b9|rpc:10.1.0.37:15075|admin:10.1.0.37:15074|client:10.1.0.37:15073|dataStream:10.1.0.37:15076|priority:1|startupRole:FOLLOWER]|listeners:[], old=null
2023-06-06 14:27:53,145 [dc31b473-b1c6-4224-b715-646a963524cb@group-6E1B3B21AFAD-LeaderElection16] INFO  server.RaftServerConfigKeys (ConfUtils.java:logFallback(53)) - raft.server.rpc.first-election.timeout.min = 5s (fallback to raft.server.rpc.timeout.min)
2023-06-06 14:27:53,146 [dc31b473-b1c6-4224-b715-646a963524cb@group-6E1B3B21AFAD-LeaderElection16] INFO  server.RaftServerConfigKeys (ConfUtils.java:logFallback(53)) - raft.server.rpc.first-election.timeout.max = 5200ms (fallback to raft.server.rpc.timeout.max)
2023-06-06 14:27:53,148 [grpc-default-executor-2] INFO  server.RaftServer$Division (RaftServerImpl.java:requestVote(1302)) - 15c64375-eb37-4995-8297-e35bcf5786b9@group-6E1B3B21AFAD: receive requestVote(PRE_VOTE, dc31b473-b1c6-4224-b715-646a963524cb, group-6E1B3B21AFAD, 0, (t:0, i:0))
2023-06-06 14:27:53,148 [grpc-default-executor-2] INFO  impl.VoteContext (VoteContext.java:log(49)) - 15c64375-eb37-4995-8297-e35bcf5786b9@group-6E1B3B21AFAD-FOLLOWER: reject PRE_VOTE from dc31b473-b1c6-4224-b715-646a963524cb: our priority 1 > candidate's priority 0
2023-06-06 14:27:53,148 [grpc-default-executor-2] INFO  server.RaftServer$Division (RaftServerImpl.java:requestVote(1335)) - 15c64375-eb37-4995-8297-e35bcf5786b9@group-6E1B3B21AFAD replies to PRE_VOTE vote request: dc31b473-b1c6-4224-b715-646a963524cb<-15c64375-eb37-4995-8297-e35bcf5786b9#0:FAIL-t0. Peer's state: 15c64375-eb37-4995-8297-e35bcf5786b9@group-6E1B3B21AFAD:t0, leader=null, voted=, raftlog=Memoized:15c64375-eb37-4995-8297-e35bcf5786b9@group-6E1B3B21AFAD-SegmentedRaftLog:OPENED:c-1, conf=-1: peers:[eace5f59-788d-4728-aabc-814a8b7743c4|rpc:10.1.0.37:15084|admin:10.1.0.37:15083|client:10.1.0.37:15082|dataStream:10.1.0.37:15085|priority:0|startupRole:FOLLOWER, dc31b473-b1c6-4224-b715-646a963524cb|rpc:10.1.0.37:15066|admin:10.1.0.37:15065|client:10.1.0.37:15064|dataStream:10.1.0.37:15067|priority:0|startupRole:FOLLOWER, 15c64375-eb37-4995-8297-e35bcf5786b9|rpc:10.1.0.37:15075|admin:10.1.0.37:15074|client:10.1.0.37:15073|dataStream:10.1.0.37:15076|priority:1|startupRole:FOLLOWER]|listeners:[], old=null
2023-06-06 14:27:53,150 [grpc-default-executor-0] INFO  server.RaftServer$Division (RaftServerImpl.java:requestVote(1302)) - eace5f59-788d-4728-aabc-814a8b7743c4@group-6E1B3B21AFAD: receive requestVote(PRE_VOTE, dc31b473-b1c6-4224-b715-646a963524cb, group-6E1B3B21AFAD, 0, (t:0, i:0))
2023-06-06 14:27:53,150 [grpc-default-executor-0] INFO  impl.VoteContext (VoteContext.java:log(49)) - eace5f59-788d-4728-aabc-814a8b7743c4@group-6E1B3B21AFAD-FOLLOWER: accept PRE_VOTE from dc31b473-b1c6-4224-b715-646a963524cb: our priority 0 <= candidate's priority 0
2023-06-06 14:27:53,150 [grpc-default-executor-0] INFO  server.RaftServer$Division (RaftServerImpl.java:requestVote(1335)) - eace5f59-788d-4728-aabc-814a8b7743c4@group-6E1B3B21AFAD replies to PRE_VOTE vote request: dc31b473-b1c6-4224-b715-646a963524cb<-eace5f59-788d-4728-aabc-814a8b7743c4#0:OK-t0. Peer's state: eace5f59-788d-4728-aabc-814a8b7743c4@group-6E1B3B21AFAD:t0, leader=null, voted=, raftlog=Memoized:eace5f59-788d-4728-aabc-814a8b7743c4@group-6E1B3B21AFAD-SegmentedRaftLog:OPENED:c-1, conf=-1: peers:[eace5f59-788d-4728-aabc-814a8b7743c4|rpc:10.1.0.37:15084|admin:10.1.0.37:15083|client:10.1.0.37:15082|dataStream:10.1.0.37:15085|priority:0|startupRole:FOLLOWER, dc31b473-b1c6-4224-b715-646a963524cb|rpc:10.1.0.37:15066|admin:10.1.0.37:15065|client:10.1.0.37:15064|dataStream:10.1.0.37:15067|priority:0|startupRole:FOLLOWER, 15c64375-eb37-4995-8297-e35bcf5786b9|rpc:10.1.0.37:15075|admin:10.1.0.37:15074|client:10.1.0.37:15073|dataStream:10.1.0.37:15076|priority:1|startupRole:FOLLOWER]|listeners:[], old=null
2023-06-06 14:27:53,152 [dc31b473-b1c6-4224-b715-646a963524cb@group-6E1B3B21AFAD-LeaderElection16] INFO  impl.LeaderElection (LeaderElection.java:logAndReturn(90)) - dc31b473-b1c6-4224-b715-646a963524cb@group-6E1B3B21AFAD-LeaderElection16: PRE_VOTE REJECTED received 2 response(s) and 0 exception(s):
2023-06-06 14:27:53,152 [dc31b473-b1c6-4224-b715-646a963524cb@group-6E1B3B21AFAD-LeaderElection16] INFO  impl.LeaderElection (LeaderElection.java:logAndReturn(94)) -   Response 0: dc31b473-b1c6-4224-b715-646a963524cb<-eace5f59-788d-4728-aabc-814a8b7743c4#0:OK-t0
2023-06-06 14:27:53,152 [dc31b473-b1c6-4224-b715-646a963524cb@group-6E1B3B21AFAD-LeaderElection16] INFO  impl.LeaderElection (LeaderElection.java:logAndReturn(94)) -   Response 1: dc31b473-b1c6-4224-b715-646a963524cb<-15c64375-eb37-4995-8297-e35bcf5786b9#0:FAIL-t0
2023-06-06 14:27:53,152 [dc31b473-b1c6-4224-b715-646a963524cb@group-6E1B3B21AFAD-LeaderElection16] INFO  impl.LeaderElection (LeaderElection.java:askForVotes(323)) - dc31b473-b1c6-4224-b715-646a963524cb@group-6E1B3B21AFAD-LeaderElection16 PRE_VOTE round 0: result REJECTED
2023-06-06 14:27:53,152 [dc31b473-b1c6-4224-b715-646a963524cb@group-6E1B3B21AFAD-LeaderElection16] INFO  server.RaftServer$Division (RaftServerImpl.java:setRole(329)) - dc31b473-b1c6-4224-b715-646a963524cb@group-6E1B3B21AFAD: changes role from CANDIDATE to FOLLOWER at term 0 for REJECTED
2023-06-06 14:27:53,153 [dc31b473-b1c6-4224-b715-646a963524cb@group-6E1B3B21AFAD-LeaderElection16] INFO  impl.RoleInfo (RoleInfo.java:shutdownLeaderElection(130)) - dc31b473-b1c6-4224-b715-646a963524cb: shutdown dc31b473-b1c6-4224-b715-646a963524cb@group-6E1B3B21AFAD-LeaderElection16
2023-06-06 14:27:53,153 [dc31b473-b1c6-4224-b715-646a963524cb@group-6E1B3B21AFAD-LeaderElection16] INFO  impl.RoleInfo (RoleInfo.java:updateAndGet(139)) - dc31b473-b1c6-4224-b715-646a963524cb: start dc31b473-b1c6-4224-b715-646a963524cb@group-6E1B3B21AFAD-FollowerState
2023-06-06 14:27:53,192 [eace5f59-788d-4728-aabc-814a8b7743c4@group-6E1B3B21AFAD-FollowerState] INFO  server.RaftServerConfigKeys (ConfUtils.java:logFallback(53)) - raft.server.rpc.first-election.timeout.min = 5s (fallback to raft.server.rpc.timeout.min)
2023-06-06 14:27:53,192 [eace5f59-788d-4728-aabc-814a8b7743c4@group-6E1B3B21AFAD-FollowerState] INFO  server.RaftServerConfigKeys (ConfUtils.java:logFallback(53)) - raft.server.rpc.first-election.timeout.max = 5200ms (fallback to raft.server.rpc.timeout.max)
2023-06-06 14:27:53,223 [15c64375-eb37-4995-8297-e35bcf5786b9@group-6E1B3B21AFAD-FollowerState] INFO  impl.FollowerState (FollowerState.java:run(143)) - 15c64375-eb37-4995-8297-e35bcf5786b9@group-6E1B3B21AFAD-FollowerState: change to CANDIDATE, lastRpcElapsedTime:5185189446ns, electionTimeout:5177ms
2023-06-06 14:27:53,223 [15c64375-eb37-4995-8297-e35bcf5786b9@group-6E1B3B21AFAD-FollowerState] INFO  impl.RoleInfo (RoleInfo.java:shutdownFollowerState(110)) - 15c64375-eb37-4995-8297-e35bcf5786b9: shutdown 15c64375-eb37-4995-8297-e35bcf5786b9@group-6E1B3B21AFAD-FollowerState
2023-06-06 14:27:53,223 [15c64375-eb37-4995-8297-e35bcf5786b9@group-6E1B3B21AFAD-FollowerState] INFO  server.RaftServer$Division (RaftServerImpl.java:setRole(329)) - 15c64375-eb37-4995-8297-e35bcf5786b9@group-6E1B3B21AFAD: changes role from  FOLLOWER to CANDIDATE at term 0 for changeToCandidate
2023-06-06 14:27:53,223 [15c64375-eb37-4995-8297-e35bcf5786b9@group-6E1B3B21AFAD-FollowerState] INFO  server.RaftServerConfigKeys (ConfUtils.java:logGet(46)) - raft.server.leaderelection.pre-vote = true (default)
2023-06-06 14:27:53,223 [15c64375-eb37-4995-8297-e35bcf5786b9@group-6E1B3B21AFAD-FollowerState] INFO  impl.RoleInfo (RoleInfo.java:updateAndGet(139)) - 15c64375-eb37-4995-8297-e35bcf5786b9: start 15c64375-eb37-4995-8297-e35bcf5786b9@group-6E1B3B21AFAD-LeaderElection17
2023-06-06 14:27:53,225 [15c64375-eb37-4995-8297-e35bcf5786b9@group-6E1B3B21AFAD-LeaderElection17] INFO  impl.LeaderElection (LeaderElection.java:askForVotes(321)) - 15c64375-eb37-4995-8297-e35bcf5786b9@group-6E1B3B21AFAD-LeaderElection17 PRE_VOTE round 0: submit vote requests at term 0 for -1: peers:[eace5f59-788d-4728-aabc-814a8b7743c4|rpc:10.1.0.37:15084|admin:10.1.0.37:15083|client:10.1.0.37:15082|dataStream:10.1.0.37:15085|priority:0|startupRole:FOLLOWER, dc31b473-b1c6-4224-b715-646a963524cb|rpc:10.1.0.37:15066|admin:10.1.0.37:15065|client:10.1.0.37:15064|dataStream:10.1.0.37:15067|priority:0|startupRole:FOLLOWER, 15c64375-eb37-4995-8297-e35bcf5786b9|rpc:10.1.0.37:15075|admin:10.1.0.37:15074|client:10.1.0.37:15073|dataStream:10.1.0.37:15076|priority:1|startupRole:FOLLOWER]|listeners:[], old=null
2023-06-06 14:27:53,226 [15c64375-eb37-4995-8297-e35bcf5786b9@group-6E1B3B21AFAD-LeaderElection17] INFO  server.RaftServerConfigKeys (ConfUtils.java:logFallback(53)) - raft.server.rpc.first-election.timeout.min = 5s (fallback to raft.server.rpc.timeout.min)
2023-06-06 14:27:53,226 [15c64375-eb37-4995-8297-e35bcf5786b9@group-6E1B3B21AFAD-LeaderElection17] INFO  server.RaftServerConfigKeys (ConfUtils.java:logFallback(53)) - raft.server.rpc.first-election.timeout.max = 5200ms (fallback to raft.server.rpc.timeout.max)
2023-06-06 14:27:53,230 [grpc-default-executor-2] INFO  server.RaftServer$Division (RaftServerImpl.java:requestVote(1302)) - eace5f59-788d-4728-aabc-814a8b7743c4@group-6E1B3B21AFAD: receive requestVote(PRE_VOTE, 15c64375-eb37-4995-8297-e35bcf5786b9, group-6E1B3B21AFAD, 0, (t:0, i:0))
2023-06-06 14:27:53,231 [grpc-default-executor-2] INFO  impl.VoteContext (VoteContext.java:log(49)) - eace5f59-788d-4728-aabc-814a8b7743c4@group-6E1B3B21AFAD-FOLLOWER: accept PRE_VOTE from 15c64375-eb37-4995-8297-e35bcf5786b9: our priority 0 <= candidate's priority 1
2023-06-06 14:27:53,231 [grpc-default-executor-2] INFO  server.RaftServer$Division (RaftServerImpl.java:requestVote(1335)) - eace5f59-788d-4728-aabc-814a8b7743c4@group-6E1B3B21AFAD replies to PRE_VOTE vote request: 15c64375-eb37-4995-8297-e35bcf5786b9<-eace5f59-788d-4728-aabc-814a8b7743c4#0:OK-t0. Peer's state: eace5f59-788d-4728-aabc-814a8b7743c4@group-6E1B3B21AFAD:t0, leader=null, voted=, raftlog=Memoized:eace5f59-788d-4728-aabc-814a8b7743c4@group-6E1B3B21AFAD-SegmentedRaftLog:OPENED:c-1, conf=-1: peers:[eace5f59-788d-4728-aabc-814a8b7743c4|rpc:10.1.0.37:15084|admin:10.1.0.37:15083|client:10.1.0.37:15082|dataStream:10.1.0.37:15085|priority:0|startupRole:FOLLOWER, dc31b473-b1c6-4224-b715-646a963524cb|rpc:10.1.0.37:15066|admin:10.1.0.37:15065|client:10.1.0.37:15064|dataStream:10.1.0.37:15067|priority:0|startupRole:FOLLOWER, 15c64375-eb37-4995-8297-e35bcf5786b9|rpc:10.1.0.37:15075|admin:10.1.0.37:15074|client:10.1.0.37:15073|dataStream:10.1.0.37:15076|priority:1|startupRole:FOLLOWER]|listeners:[], old=null
2023-06-06 14:27:53,232 [15c64375-eb37-4995-8297-e35bcf5786b9@group-6E1B3B21AFAD-LeaderElection17] INFO  impl.LeaderElection (LeaderElection.java:logAndReturn(90)) - 15c64375-eb37-4995-8297-e35bcf5786b9@group-6E1B3B21AFAD-LeaderElection17: PRE_VOTE PASSED received 1 response(s) and 0 exception(s):
2023-06-06 14:27:53,232 [15c64375-eb37-4995-8297-e35bcf5786b9@group-6E1B3B21AFAD-LeaderElection17] INFO  impl.LeaderElection (LeaderElection.java:logAndReturn(94)) -   Response 0: 15c64375-eb37-4995-8297-e35bcf5786b9<-eace5f59-788d-4728-aabc-814a8b7743c4#0:OK-t0
2023-06-06 14:27:53,232 [15c64375-eb37-4995-8297-e35bcf5786b9@group-6E1B3B21AFAD-LeaderElection17] INFO  impl.LeaderElection (LeaderElection.java:askForVotes(323)) - 15c64375-eb37-4995-8297-e35bcf5786b9@group-6E1B3B21AFAD-LeaderElection17 PRE_VOTE round 0: result PASSED
2023-06-06 14:27:53,234 [grpc-default-executor-0] INFO  server.RaftServer$Division (RaftServerImpl.java:requestVote(1302)) - dc31b473-b1c6-4224-b715-646a963524cb@group-6E1B3B21AFAD: receive requestVote(PRE_VOTE, 15c64375-eb37-4995-8297-e35bcf5786b9, group-6E1B3B21AFAD, 0, (t:0, i:0))
2023-06-06 14:27:53,234 [grpc-default-executor-0] INFO  impl.VoteContext (VoteContext.java:log(49)) - dc31b473-b1c6-4224-b715-646a963524cb@group-6E1B3B21AFAD-FOLLOWER: accept PRE_VOTE from 15c64375-eb37-4995-8297-e35bcf5786b9: our priority 0 <= candidate's priority 1
2023-06-06 14:27:53,234 [grpc-default-executor-0] INFO  server.RaftServer$Division (RaftServerImpl.java:requestVote(1335)) - dc31b473-b1c6-4224-b715-646a963524cb@group-6E1B3B21AFAD replies to PRE_VOTE vote request: 15c64375-eb37-4995-8297-e35bcf5786b9<-dc31b473-b1c6-4224-b715-646a963524cb#0:OK-t0. Peer's state: dc31b473-b1c6-4224-b715-646a963524cb@group-6E1B3B21AFAD:t0, leader=null, voted=, raftlog=Memoized:dc31b473-b1c6-4224-b715-646a963524cb@group-6E1B3B21AFAD-SegmentedRaftLog:OPENED:c-1, conf=-1: peers:[eace5f59-788d-4728-aabc-814a8b7743c4|rpc:10.1.0.37:15084|admin:10.1.0.37:15083|client:10.1.0.37:15082|dataStream:10.1.0.37:15085|priority:0|startupRole:FOLLOWER, dc31b473-b1c6-4224-b715-646a963524cb|rpc:10.1.0.37:15066|admin:10.1.0.37:15065|client:10.1.0.37:15064|dataStream:10.1.0.37:15067|priority:0|startupRole:FOLLOWER, 15c64375-eb37-4995-8297-e35bcf5786b9|rpc:10.1.0.37:15075|admin:10.1.0.37:15074|client:10.1.0.37:15073|dataStream:10.1.0.37:15076|priority:1|startupRole:FOLLOWER]|listeners:[], old=null
2023-06-06 14:27:53,235 [15c64375-eb37-4995-8297-e35bcf5786b9@group-6E1B3B21AFAD-LeaderElection17] INFO  impl.LeaderElection (LeaderElection.java:askForVotes(321)) - 15c64375-eb37-4995-8297-e35bcf5786b9@group-6E1B3B21AFAD-LeaderElection17 ELECTION round 0: submit vote requests at term 1 for -1: peers:[eace5f59-788d-4728-aabc-814a8b7743c4|rpc:10.1.0.37:15084|admin:10.1.0.37:15083|client:10.1.0.37:15082|dataStream:10.1.0.37:15085|priority:0|startupRole:FOLLOWER, dc31b473-b1c6-4224-b715-646a963524cb|rpc:10.1.0.37:15066|admin:10.1.0.37:15065|client:10.1.0.37:15064|dataStream:10.1.0.37:15067|priority:0|startupRole:FOLLOWER, 15c64375-eb37-4995-8297-e35bcf5786b9|rpc:10.1.0.37:15075|admin:10.1.0.37:15074|client:10.1.0.37:15073|dataStream:10.1.0.37:15076|priority:1|startupRole:FOLLOWER]|listeners:[], old=null
2023-06-06 14:27:53,237 [15c64375-eb37-4995-8297-e35bcf5786b9@group-6E1B3B21AFAD-LeaderElection17] INFO  server.RaftServerConfigKeys (ConfUtils.java:logFallback(53)) - raft.server.rpc.first-election.timeout.min = 5s (fallback to raft.server.rpc.timeout.min)
2023-06-06 14:27:53,238 [15c64375-eb37-4995-8297-e35bcf5786b9@group-6E1B3B21AFAD-LeaderElection17] INFO  server.RaftServerConfigKeys (ConfUtils.java:logFallback(53)) - raft.server.rpc.first-election.timeout.max = 5200ms (fallback to raft.server.rpc.timeout.max)
2023-06-06 14:27:53,242 [grpc-default-executor-0] INFO  server.RaftServer$Division (RaftServerImpl.java:requestVote(1302)) - eace5f59-788d-4728-aabc-814a8b7743c4@group-6E1B3B21AFAD: receive requestVote(ELECTION, 15c64375-eb37-4995-8297-e35bcf5786b9, group-6E1B3B21AFAD, 1, (t:0, i:0))
2023-06-06 14:27:53,242 [grpc-default-executor-0] INFO  impl.VoteContext (VoteContext.java:log(49)) - eace5f59-788d-4728-aabc-814a8b7743c4@group-6E1B3B21AFAD-FOLLOWER: accept ELECTION from 15c64375-eb37-4995-8297-e35bcf5786b9: our priority 0 <= candidate's priority 1
2023-06-06 14:27:53,242 [grpc-default-executor-0] INFO  server.RaftServer$Division (RaftServerImpl.java:setRole(329)) - eace5f59-788d-4728-aabc-814a8b7743c4@group-6E1B3B21AFAD: changes role from  FOLLOWER to FOLLOWER at term 1 for candidate:15c64375-eb37-4995-8297-e35bcf5786b9
2023-06-06 14:27:53,243 [grpc-default-executor-0] INFO  impl.RoleInfo (RoleInfo.java:shutdownFollowerState(110)) - eace5f59-788d-4728-aabc-814a8b7743c4: shutdown eace5f59-788d-4728-aabc-814a8b7743c4@group-6E1B3B21AFAD-FollowerState
2023-06-06 14:27:53,243 [grpc-default-executor-0] INFO  impl.RoleInfo (RoleInfo.java:updateAndGet(139)) - eace5f59-788d-4728-aabc-814a8b7743c4: start eace5f59-788d-4728-aabc-814a8b7743c4@group-6E1B3B21AFAD-FollowerState
2023-06-06 14:27:53,243 [eace5f59-788d-4728-aabc-814a8b7743c4@group-6E1B3B21AFAD-FollowerState] INFO  impl.FollowerState (FollowerState.java:run(152)) - eace5f59-788d-4728-aabc-814a8b7743c4@group-6E1B3B21AFAD-FollowerState was interrupted
2023-06-06 14:27:53,247 [grpc-default-executor-0] INFO  server.RaftServer$Division (RaftServerImpl.java:requestVote(1335)) - eace5f59-788d-4728-aabc-814a8b7743c4@group-6E1B3B21AFAD replies to ELECTION vote request: 15c64375-eb37-4995-8297-e35bcf5786b9<-eace5f59-788d-4728-aabc-814a8b7743c4#0:OK-t1. Peer's state: eace5f59-788d-4728-aabc-814a8b7743c4@group-6E1B3B21AFAD:t1, leader=null, voted=15c64375-eb37-4995-8297-e35bcf5786b9, raftlog=Memoized:eace5f59-788d-4728-aabc-814a8b7743c4@group-6E1B3B21AFAD-SegmentedRaftLog:OPENED:c-1, conf=-1: peers:[eace5f59-788d-4728-aabc-814a8b7743c4|rpc:10.1.0.37:15084|admin:10.1.0.37:15083|client:10.1.0.37:15082|dataStream:10.1.0.37:15085|priority:0|startupRole:FOLLOWER, dc31b473-b1c6-4224-b715-646a963524cb|rpc:10.1.0.37:15066|admin:10.1.0.37:15065|client:10.1.0.37:15064|dataStream:10.1.0.37:15067|priority:0|startupRole:FOLLOWER, 15c64375-eb37-4995-8297-e35bcf5786b9|rpc:10.1.0.37:15075|admin:10.1.0.37:15074|client:10.1.0.37:15073|dataStream:10.1.0.37:15076|priority:1|startupRole:FOLLOWER]|listeners:[], old=null
2023-06-06 14:27:53,248 [15c64375-eb37-4995-8297-e35bcf5786b9@group-6E1B3B21AFAD-LeaderElection17] INFO  impl.LeaderElection (LeaderElection.java:logAndReturn(90)) - 15c64375-eb37-4995-8297-e35bcf5786b9@group-6E1B3B21AFAD-LeaderElection17: ELECTION PASSED received 1 response(s) and 0 exception(s):
2023-06-06 14:27:53,248 [15c64375-eb37-4995-8297-e35bcf5786b9@group-6E1B3B21AFAD-LeaderElection17] INFO  impl.LeaderElection (LeaderElection.java:logAndReturn(94)) -   Response 0: 15c64375-eb37-4995-8297-e35bcf5786b9<-eace5f59-788d-4728-aabc-814a8b7743c4#0:OK-t1
2023-06-06 14:27:53,248 [15c64375-eb37-4995-8297-e35bcf5786b9@group-6E1B3B21AFAD-LeaderElection17] INFO  impl.LeaderElection (LeaderElection.java:askForVotes(323)) - 15c64375-eb37-4995-8297-e35bcf5786b9@group-6E1B3B21AFAD-LeaderElection17 ELECTION round 0: result PASSED
2023-06-06 14:27:53,248 [15c64375-eb37-4995-8297-e35bcf5786b9@group-6E1B3B21AFAD-LeaderElection17] INFO  impl.RoleInfo (RoleInfo.java:shutdownLeaderElection(130)) - 15c64375-eb37-4995-8297-e35bcf5786b9: shutdown 15c64375-eb37-4995-8297-e35bcf5786b9@group-6E1B3B21AFAD-LeaderElection17
2023-06-06 14:27:53,248 [15c64375-eb37-4995-8297-e35bcf5786b9@group-6E1B3B21AFAD-LeaderElection17] INFO  server.RaftServer$Division (RaftServerImpl.java:setRole(329)) - 15c64375-eb37-4995-8297-e35bcf5786b9@group-6E1B3B21AFAD: changes role from CANDIDATE to LEADER at term 1 for changeToLeader
2023-06-06 14:27:53,248 [15c64375-eb37-4995-8297-e35bcf5786b9@group-6E1B3B21AFAD-LeaderElection17] INFO  ratis.XceiverServerRatis (XceiverServerRatis.java:handleLeaderChangedNotification(902)) - Leader change notification received for group: group-6E1B3B21AFAD with new leaderId: 15c64375-eb37-4995-8297-e35bcf5786b9
2023-06-06 14:27:53,248 [15c64375-eb37-4995-8297-e35bcf5786b9@group-6E1B3B21AFAD-LeaderElection17] INFO  server.RaftServer$Division (ServerState.java:setLeader(317)) - 15c64375-eb37-4995-8297-e35bcf5786b9@group-6E1B3B21AFAD: change Leader from null to 15c64375-eb37-4995-8297-e35bcf5786b9 at term 1 for becomeLeader, leader elected after 5222ms
2023-06-06 14:27:53,248 [15c64375-eb37-4995-8297-e35bcf5786b9@group-6E1B3B21AFAD-LeaderElection17] INFO  server.RaftServerConfigKeys (ConfUtils.java:logGet(46)) - raft.server.staging.catchup.gap = 1000 (default)
2023-06-06 14:27:53,248 [15c64375-eb37-4995-8297-e35bcf5786b9@group-6E1B3B21AFAD-LeaderElection17] INFO  server.RaftServerConfigKeys (ConfUtils.java:logGet(46)) - raft.server.write.element-limit = 1024 (custom)
2023-06-06 14:27:53,249 [15c64375-eb37-4995-8297-e35bcf5786b9@group-6E1B3B21AFAD-LeaderElection17] INFO  server.RaftServerConfigKeys (ConfUtils.java:logGet(46)) - raft.server.write.byte-limit = 1024 M (=1073741824) (custom)
2023-06-06 14:27:53,249 [15c64375-eb37-4995-8297-e35bcf5786b9@group-6E1B3B21AFAD-LeaderElection17] INFO  server.RaftServerConfigKeys (ConfUtils.java:logGet(46)) - raft.server.watch.timeout = 180s (custom)
2023-06-06 14:27:53,249 [15c64375-eb37-4995-8297-e35bcf5786b9@group-6E1B3B21AFAD-LeaderElection17] INFO  server.RaftServerConfigKeys (ConfUtils.java:logGet(46)) - raft.server.watch.timeout.denomination = 1s (default)
2023-06-06 14:27:53,249 [15c64375-eb37-4995-8297-e35bcf5786b9@group-6E1B3B21AFAD-LeaderElection17] INFO  server.RaftServerConfigKeys (ConfUtils.java:logGet(46)) - raft.server.watch.element-limit = 65536 (default)
2023-06-06 14:27:53,249 [15c64375-eb37-4995-8297-e35bcf5786b9@group-6E1B3B21AFAD-LeaderElection17] INFO  server.RaftServerConfigKeys (ConfUtils.java:logGet(46)) - raft.server.write.element-limit = 1024 (custom)
2023-06-06 14:27:53,249 [15c64375-eb37-4995-8297-e35bcf5786b9@group-6E1B3B21AFAD-LeaderElection17] INFO  server.RaftServerConfigKeys (ConfUtils.java:logGet(46)) - raft.server.write.follower.gap.ratio.max = -1.0 (default)
2023-06-06 14:27:53,250 [grpc-default-executor-0] INFO  server.RaftServer$Division (RaftServerImpl.java:requestVote(1302)) - dc31b473-b1c6-4224-b715-646a963524cb@group-6E1B3B21AFAD: receive requestVote(ELECTION, 15c64375-eb37-4995-8297-e35bcf5786b9, group-6E1B3B21AFAD, 1, (t:0, i:0))
2023-06-06 14:27:53,250 [grpc-default-executor-0] INFO  impl.VoteContext (VoteContext.java:log(49)) - dc31b473-b1c6-4224-b715-646a963524cb@group-6E1B3B21AFAD-FOLLOWER: accept ELECTION from 15c64375-eb37-4995-8297-e35bcf5786b9: our priority 0 <= candidate's priority 1
2023-06-06 14:27:53,250 [grpc-default-executor-0] INFO  server.RaftServer$Division (RaftServerImpl.java:setRole(329)) - dc31b473-b1c6-4224-b715-646a963524cb@group-6E1B3B21AFAD: changes role from  FOLLOWER to FOLLOWER at term 1 for candidate:15c64375-eb37-4995-8297-e35bcf5786b9
2023-06-06 14:27:53,250 [grpc-default-executor-0] INFO  impl.RoleInfo (RoleInfo.java:shutdownFollowerState(110)) - dc31b473-b1c6-4224-b715-646a963524cb: shutdown dc31b473-b1c6-4224-b715-646a963524cb@group-6E1B3B21AFAD-FollowerState
2023-06-06 14:27:53,250 [grpc-default-executor-0] INFO  impl.RoleInfo (RoleInfo.java:updateAndGet(139)) - dc31b473-b1c6-4224-b715-646a963524cb: start dc31b473-b1c6-4224-b715-646a963524cb@group-6E1B3B21AFAD-FollowerState
2023-06-06 14:27:53,250 [dc31b473-b1c6-4224-b715-646a963524cb@group-6E1B3B21AFAD-FollowerState] INFO  impl.FollowerState (FollowerState.java:run(152)) - dc31b473-b1c6-4224-b715-646a963524cb@group-6E1B3B21AFAD-FollowerState was interrupted
2023-06-06 14:27:53,254 [15c64375-eb37-4995-8297-e35bcf5786b9@group-6E1B3B21AFAD-LeaderElection17] INFO  server.RaftServerConfigKeys (ConfUtils.java:logGet(46)) - raft.server.log.appender.snapshot.chunk.size.max = 16MB (=16777216) (default)
2023-06-06 14:27:53,254 [15c64375-eb37-4995-8297-e35bcf5786b9@group-6E1B3B21AFAD-LeaderElection17] INFO  server.RaftServerConfigKeys (ConfUtils.java:logGet(46)) - raft.server.log.appender.buffer.byte-limit = 33554432 (custom)
2023-06-06 14:27:53,254 [15c64375-eb37-4995-8297-e35bcf5786b9@group-6E1B3B21AFAD-LeaderElection17] INFO  server.RaftServerConfigKeys (ConfUtils.java:logGet(46)) - raft.server.log.appender.buffer.element-limit = 1 (custom)
2023-06-06 14:27:53,254 [15c64375-eb37-4995-8297-e35bcf5786b9@group-6E1B3B21AFAD-LeaderElection17] INFO  server.RaftServerConfigKeys (ConfUtils.java:logGet(46)) - raft.server.log.appender.wait-time.min = 10ms (default)
2023-06-06 14:27:53,255 [15c64375-eb37-4995-8297-e35bcf5786b9@group-6E1B3B21AFAD-LeaderElection17] INFO  grpc.GrpcConfigKeys (ConfUtils.java:logGet(46)) - raft.grpc.server.leader.outstanding.appends.max = 128 (default)
2023-06-06 14:27:53,255 [15c64375-eb37-4995-8297-e35bcf5786b9@group-6E1B3B21AFAD-LeaderElection17] INFO  server.RaftServerConfigKeys (ConfUtils.java:logGet(46)) - raft.server.rpc.request.timeout = 60s (custom)
2023-06-06 14:27:53,255 [15c64375-eb37-4995-8297-e35bcf5786b9@group-6E1B3B21AFAD-LeaderElection17] INFO  grpc.GrpcConfigKeys (ConfUtils.java:logGet(46)) - raft.grpc.server.install_snapshot.request.element-limit = 8 (default)
2023-06-06 14:27:53,255 [15c64375-eb37-4995-8297-e35bcf5786b9@group-6E1B3B21AFAD-LeaderElection17] INFO  grpc.GrpcConfigKeys (ConfUtils.java:logGet(46)) - raft.grpc.server.install_snapshot.request.timeout = 3000ms (default)
2023-06-06 14:27:53,256 [EventQueue-PipelineReportForPipelineReportHandler] INFO  pipeline.PipelineManagerImpl (PipelineManagerImpl.java:openPipeline(367)) - Pipeline Pipeline[ Id: 7aa553a3-0e68-43c2-8340-6e1b3b21afad, Nodes: eace5f59-788d-4728-aabc-814a8b7743c4(fv-az1133-973.qlb2sqfkji0uhjsjdnlwzcsdwg.bx.internal.cloudapp.net/10.1.0.37)15c64375-eb37-4995-8297-e35bcf5786b9(fv-az1133-973.qlb2sqfkji0uhjsjdnlwzcsdwg.bx.internal.cloudapp.net/10.1.0.37)dc31b473-b1c6-4224-b715-646a963524cb(fv-az1133-973.qlb2sqfkji0uhjsjdnlwzcsdwg.bx.internal.cloudapp.net/10.1.0.37), ReplicationConfig: RATIS/THREE, State:ALLOCATED, leaderId:15c64375-eb37-4995-8297-e35bcf5786b9, CreationTimestamp2023-06-06T14:27:45.424Z[Etc/UTC]] moved to OPEN state
2023-06-06 14:27:53,255 [grpc-default-executor-0] INFO  server.RaftServer$Division (RaftServerImpl.java:requestVote(1335)) - dc31b473-b1c6-4224-b715-646a963524cb@group-6E1B3B21AFAD replies to ELECTION vote request: 15c64375-eb37-4995-8297-e35bcf5786b9<-dc31b473-b1c6-4224-b715-646a963524cb#0:OK-t1. Peer's state: dc31b473-b1c6-4224-b715-646a963524cb@group-6E1B3B21AFAD:t1, leader=null, voted=15c64375-eb37-4995-8297-e35bcf5786b9, raftlog=Memoized:dc31b473-b1c6-4224-b715-646a963524cb@group-6E1B3B21AFAD-SegmentedRaftLog:OPENED:c-1, conf=-1: peers:[eace5f59-788d-4728-aabc-814a8b7743c4|rpc:10.1.0.37:15084|admin:10.1.0.37:15083|client:10.1.0.37:15082|dataStream:10.1.0.37:15085|priority:0|startupRole:FOLLOWER, dc31b473-b1c6-4224-b715-646a963524cb|rpc:10.1.0.37:15066|admin:10.1.0.37:15065|client:10.1.0.37:15064|dataStream:10.1.0.37:15067|priority:0|startupRole:FOLLOWER, 15c64375-eb37-4995-8297-e35bcf5786b9|rpc:10.1.0.37:15075|admin:10.1.0.37:15074|client:10.1.0.37:15073|dataStream:10.1.0.37:15076|priority:1|startupRole:FOLLOWER]|listeners:[], old=null
2023-06-06 14:27:53,256 [15c64375-eb37-4995-8297-e35bcf5786b9@group-6E1B3B21AFAD-LeaderElection17] INFO  server.RaftServerConfigKeys (ConfUtils.java:logGet(46)) - raft.server.log.appender.install.snapshot.enabled = false (custom)
2023-06-06 14:27:53,256 [15c64375-eb37-4995-8297-e35bcf5786b9@group-6E1B3B21AFAD-LeaderElection17] INFO  grpc.GrpcConfigKeys (ConfUtils.java:logGet(46)) - raft.grpc.server.heartbeat.channel = true (default)
2023-06-06 14:27:53,257 [15c64375-eb37-4995-8297-e35bcf5786b9@group-6E1B3B21AFAD-LeaderElection17] INFO  server.RaftServerConfigKeys (ConfUtils.java:logGet(46)) - raft.server.log.appender.snapshot.chunk.size.max = 16MB (=16777216) (default)
2023-06-06 14:27:53,257 [15c64375-eb37-4995-8297-e35bcf5786b9@group-6E1B3B21AFAD-LeaderElection17] INFO  server.RaftServerConfigKeys (ConfUtils.java:logGet(46)) - raft.server.log.appender.buffer.byte-limit = 33554432 (custom)
2023-06-06 14:27:53,257 [15c64375-eb37-4995-8297-e35bcf5786b9@group-6E1B3B21AFAD-LeaderElection17] INFO  server.RaftServerConfigKeys (ConfUtils.java:logGet(46)) - raft.server.log.appender.buffer.element-limit = 1 (custom)
2023-06-06 14:27:53,257 [15c64375-eb37-4995-8297-e35bcf5786b9@group-6E1B3B21AFAD-LeaderElection17] INFO  server.RaftServerConfigKeys (ConfUtils.java:logGet(46)) - raft.server.log.appender.wait-time.min = 10ms (default)
2023-06-06 14:27:53,257 [15c64375-eb37-4995-8297-e35bcf5786b9@group-6E1B3B21AFAD-LeaderElection17] INFO  grpc.GrpcConfigKeys (ConfUtils.java:logGet(46)) - raft.grpc.server.leader.outstanding.appends.max = 128 (default)
2023-06-06 14:27:53,257 [15c64375-eb37-4995-8297-e35bcf5786b9@group-6E1B3B21AFAD-LeaderElection17] INFO  server.RaftServerConfigKeys (ConfUtils.java:logGet(46)) - raft.server.rpc.request.timeout = 60s (custom)
2023-06-06 14:27:53,257 [15c64375-eb37-4995-8297-e35bcf5786b9@group-6E1B3B21AFAD-LeaderElection17] INFO  grpc.GrpcConfigKeys (ConfUtils.java:logGet(46)) - raft.grpc.server.install_snapshot.request.element-limit = 8 (default)
2023-06-06 14:27:53,257 [15c64375-eb37-4995-8297-e35bcf5786b9@group-6E1B3B21AFAD-LeaderElection17] INFO  grpc.GrpcConfigKeys (ConfUtils.java:logGet(46)) - raft.grpc.server.install_snapshot.request.timeout = 3000ms (default)
2023-06-06 14:27:53,257 [15c64375-eb37-4995-8297-e35bcf5786b9@group-6E1B3B21AFAD-LeaderElection17] INFO  server.RaftServerConfigKeys (ConfUtils.java:logGet(46)) - raft.server.log.appender.install.snapshot.enabled = false (custom)
2023-06-06 14:27:53,259 [15c64375-eb37-4995-8297-e35bcf5786b9@group-6E1B3B21AFAD-LeaderElection17] INFO  grpc.GrpcConfigKeys (ConfUtils.java:logGet(46)) - raft.grpc.server.heartbeat.channel = true (default)
2023-06-06 14:27:53,259 [15c64375-eb37-4995-8297-e35bcf5786b9@group-6E1B3B21AFAD-LeaderElection17] INFO  impl.RoleInfo (RoleInfo.java:updateAndGet(139)) - 15c64375-eb37-4995-8297-e35bcf5786b9: start 15c64375-eb37-4995-8297-e35bcf5786b9@group-6E1B3B21AFAD-LeaderStateImpl
2023-06-06 14:27:53,260 [15c64375-eb37-4995-8297-e35bcf5786b9@group-6E1B3B21AFAD-LeaderElection17] INFO  segmented.SegmentedRaftLogWorker (SegmentedRaftLogWorker.java:startLogSegment(447)) - 15c64375-eb37-4995-8297-e35bcf5786b9@group-6E1B3B21AFAD-SegmentedRaftLogWorker: Starting segment from index:0
2023-06-06 14:27:53,261 [15c64375-eb37-4995-8297-e35bcf5786b9@group-6E1B3B21AFAD-SegmentedRaftLogWorker] INFO  segmented.SegmentedRaftLogWorker (SegmentedRaftLogWorker.java:execute(651)) - 15c64375-eb37-4995-8297-e35bcf5786b9@group-6E1B3B21AFAD-SegmentedRaftLogWorker: created new log segment /home/runner/work/ozone/ozone/hadoop-ozone/integration-test/target/test-dir/MiniOzoneClusterImpl-0067d30e-4f89-4c9b-b2b0-188d8bbd32e4/datanode-1/data/ratis/7aa553a3-0e68-43c2-8340-6e1b3b21afad/current/log_inprogress_0
2023-06-06 14:27:53,269 [15c64375-eb37-4995-8297-e35bcf5786b9@group-07C4F9050203-FollowerState] INFO  impl.FollowerState (FollowerState.java:run(143)) - 15c64375-eb37-4995-8297-e35bcf5786b9@group-07C4F9050203-FollowerState: change to CANDIDATE, lastRpcElapsedTime:5121308982ns, electionTimeout:5120ms
2023-06-06 14:27:53,269 [15c64375-eb37-4995-8297-e35bcf5786b9@group-07C4F9050203-FollowerState] INFO  impl.RoleInfo (RoleInfo.java:shutdownFollowerState(110)) - 15c64375-eb37-4995-8297-e35bcf5786b9: shutdown 15c64375-eb37-4995-8297-e35bcf5786b9@group-07C4F9050203-FollowerState
2023-06-06 14:27:53,269 [15c64375-eb37-4995-8297-e35bcf5786b9@group-07C4F9050203-FollowerState] INFO  server.RaftServer$Division (RaftServerImpl.java:setRole(329)) - 15c64375-eb37-4995-8297-e35bcf5786b9@group-07C4F9050203: changes role from  FOLLOWER to CANDIDATE at term 0 for changeToCandidate
2023-06-06 14:27:53,274 [15c64375-eb37-4995-8297-e35bcf5786b9@group-07C4F9050203-FollowerState] INFO  server.RaftServerConfigKeys (ConfUtils.java:logGet(46)) - raft.server.leaderelection.pre-vote = true (default)
2023-06-06 14:27:53,275 [15c64375-eb37-4995-8297-e35bcf5786b9@group-07C4F9050203-FollowerState] INFO  impl.RoleInfo (RoleInfo.java:updateAndGet(139)) - 15c64375-eb37-4995-8297-e35bcf5786b9: start 15c64375-eb37-4995-8297-e35bcf5786b9@group-07C4F9050203-LeaderElection18
2023-06-06 14:27:53,277 [15c64375-eb37-4995-8297-e35bcf5786b9@group-6E1B3B21AFAD-LeaderElection17] INFO  server.RaftServer$Division (ServerState.java:setRaftConf(434)) - 15c64375-eb37-4995-8297-e35bcf5786b9@group-6E1B3B21AFAD: set configuration 0: peers:[eace5f59-788d-4728-aabc-814a8b7743c4|rpc:10.1.0.37:15084|admin:10.1.0.37:15083|client:10.1.0.37:15082|dataStream:10.1.0.37:15085|priority:0|startupRole:FOLLOWER, dc31b473-b1c6-4224-b715-646a963524cb|rpc:10.1.0.37:15066|admin:10.1.0.37:15065|client:10.1.0.37:15064|dataStream:10.1.0.37:15067|priority:0|startupRole:FOLLOWER, 15c64375-eb37-4995-8297-e35bcf5786b9|rpc:10.1.0.37:15075|admin:10.1.0.37:15074|client:10.1.0.37:15073|dataStream:10.1.0.37:15076|priority:1|startupRole:FOLLOWER]|listeners:[], old=null
2023-06-06 14:27:53,278 [15c64375-eb37-4995-8297-e35bcf5786b9@group-07C4F9050203-LeaderElection18] INFO  impl.LeaderElection (LeaderElection.java:askForVotes(321)) - 15c64375-eb37-4995-8297-e35bcf5786b9@group-07C4F9050203-LeaderElection18 PRE_VOTE round 0: submit vote requests at term 0 for -1: peers:[15c64375-eb37-4995-8297-e35bcf5786b9|rpc:10.1.0.37:15075|admin:10.1.0.37:15074|client:10.1.0.37:15073|dataStream:10.1.0.37:15076|priority:1|startupRole:FOLLOWER]|listeners:[], old=null
2023-06-06 14:27:53,278 [15c64375-eb37-4995-8297-e35bcf5786b9@group-07C4F9050203-LeaderElection18] INFO  impl.LeaderElection (LeaderElection.java:askForVotes(323)) - 15c64375-eb37-4995-8297-e35bcf5786b9@group-07C4F9050203-LeaderElection18 PRE_VOTE round 0: result PASSED (term=0)
2023-06-06 14:27:53,280 [15c64375-eb37-4995-8297-e35bcf5786b9@group-07C4F9050203-LeaderElection18] INFO  impl.LeaderElection (LeaderElection.java:askForVotes(321)) - 15c64375-eb37-4995-8297-e35bcf5786b9@group-07C4F9050203-LeaderElection18 ELECTION round 0: submit vote requests at term 1 for -1: peers:[15c64375-eb37-4995-8297-e35bcf5786b9|rpc:10.1.0.37:15075|admin:10.1.0.37:15074|client:10.1.0.37:15073|dataStream:10.1.0.37:15076|priority:1|startupRole:FOLLOWER]|listeners:[], old=null
2023-06-06 14:27:53,280 [15c64375-eb37-4995-8297-e35bcf5786b9@group-07C4F9050203-LeaderElection18] INFO  impl.LeaderElection (LeaderElection.java:askForVotes(323)) - 15c64375-eb37-4995-8297-e35bcf5786b9@group-07C4F9050203-LeaderElection18 ELECTION round 0: result PASSED (term=1)
2023-06-06 14:27:53,280 [15c64375-eb37-4995-8297-e35bcf5786b9@group-07C4F9050203-LeaderElection18] INFO  impl.RoleInfo (RoleInfo.java:shutdownLeaderElection(130)) - 15c64375-eb37-4995-8297-e35bcf5786b9: shutdown 15c64375-eb37-4995-8297-e35bcf5786b9@group-07C4F9050203-LeaderElection18
2023-06-06 14:27:53,280 [15c64375-eb37-4995-8297-e35bcf5786b9@group-07C4F9050203-LeaderElection18] INFO  server.RaftServer$Division (RaftServerImpl.java:setRole(329)) - 15c64375-eb37-4995-8297-e35bcf5786b9@group-07C4F9050203: changes role from CANDIDATE to LEADER at term 1 for changeToLeader
2023-06-06 14:27:53,280 [15c64375-eb37-4995-8297-e35bcf5786b9@group-07C4F9050203-LeaderElection18] INFO  ratis.XceiverServerRatis (XceiverServerRatis.java:handleLeaderChangedNotification(902)) - Leader change notification received for group: group-07C4F9050203 with new leaderId: 15c64375-eb37-4995-8297-e35bcf5786b9
2023-06-06 14:27:53,287 [15c64375-eb37-4995-8297-e35bcf5786b9@group-07C4F9050203-LeaderElection18] INFO  server.RaftServer$Division (ServerState.java:setLeader(317)) - 15c64375-eb37-4995-8297-e35bcf5786b9@group-07C4F9050203: change Leader from null to 15c64375-eb37-4995-8297-e35bcf5786b9 at term 1 for becomeLeader, leader elected after 5146ms
2023-06-06 14:27:53,287 [15c64375-eb37-4995-8297-e35bcf5786b9@group-07C4F9050203-LeaderElection18] INFO  server.RaftServerConfigKeys (ConfUtils.java:logGet(46)) - raft.server.staging.catchup.gap = 1000 (default)
2023-06-06 14:27:53,287 [15c64375-eb37-4995-8297-e35bcf5786b9@group-07C4F9050203-LeaderElection18] INFO  server.RaftServerConfigKeys (ConfUtils.java:logGet(46)) - raft.server.write.element-limit = 1024 (custom)
2023-06-06 14:27:53,287 [15c64375-eb37-4995-8297-e35bcf5786b9@group-07C4F9050203-LeaderElection18] INFO  server.RaftServerConfigKeys (ConfUtils.java:logGet(46)) - raft.server.write.byte-limit = 1024 M (=1073741824) (custom)
2023-06-06 14:27:53,287 [15c64375-eb37-4995-8297-e35bcf5786b9@group-07C4F9050203-LeaderElection18] INFO  server.RaftServerConfigKeys (ConfUtils.java:logGet(46)) - raft.server.watch.timeout = 180s (custom)
2023-06-06 14:27:53,287 [15c64375-eb37-4995-8297-e35bcf5786b9@group-07C4F9050203-LeaderElection18] INFO  server.RaftServerConfigKeys (ConfUtils.java:logGet(46)) - raft.server.watch.timeout.denomination = 1s (default)
2023-06-06 14:27:53,287 [15c64375-eb37-4995-8297-e35bcf5786b9@group-07C4F9050203-LeaderElection18] INFO  server.RaftServerConfigKeys (ConfUtils.java:logGet(46)) - raft.server.watch.element-limit = 65536 (default)
2023-06-06 14:27:53,287 [15c64375-eb37-4995-8297-e35bcf5786b9@group-07C4F9050203-LeaderElection18] INFO  server.RaftServerConfigKeys (ConfUtils.java:logGet(46)) - raft.server.write.element-limit = 1024 (custom)
2023-06-06 14:27:53,287 [15c64375-eb37-4995-8297-e35bcf5786b9@group-07C4F9050203-LeaderElection18] INFO  server.RaftServerConfigKeys (ConfUtils.java:logGet(46)) - raft.server.write.follower.gap.ratio.max = -1.0 (default)
2023-06-06 14:27:53,287 [15c64375-eb37-4995-8297-e35bcf5786b9@group-07C4F9050203-LeaderElection18] INFO  impl.RoleInfo (RoleInfo.java:updateAndGet(139)) - 15c64375-eb37-4995-8297-e35bcf5786b9: start 15c64375-eb37-4995-8297-e35bcf5786b9@group-07C4F9050203-LeaderStateImpl
2023-06-06 14:27:53,287 [15c64375-eb37-4995-8297-e35bcf5786b9@group-07C4F9050203-LeaderElection18] INFO  segmented.SegmentedRaftLogWorker (SegmentedRaftLogWorker.java:startLogSegment(447)) - 15c64375-eb37-4995-8297-e35bcf5786b9@group-07C4F9050203-SegmentedRaftLogWorker: Starting segment from index:0
2023-06-06 14:27:53,290 [15c64375-eb37-4995-8297-e35bcf5786b9@group-07C4F9050203-SegmentedRaftLogWorker] INFO  segmented.SegmentedRaftLogWorker (SegmentedRaftLogWorker.java:execute(651)) - 15c64375-eb37-4995-8297-e35bcf5786b9@group-07C4F9050203-SegmentedRaftLogWorker: created new log segment /home/runner/work/ozone/ozone/hadoop-ozone/integration-test/target/test-dir/MiniOzoneClusterImpl-0067d30e-4f89-4c9b-b2b0-188d8bbd32e4/datanode-1/data/ratis/d89d5acc-18a8-4d7b-891f-07c4f9050203/current/log_inprogress_0
2023-06-06 14:27:53,296 [dc31b473-b1c6-4224-b715-646a963524cb-server-thread1] INFO  ratis.XceiverServerRatis (XceiverServerRatis.java:handleLeaderChangedNotification(902)) - Leader change notification received for group: group-6E1B3B21AFAD with new leaderId: 15c64375-eb37-4995-8297-e35bcf5786b9
2023-06-06 14:27:53,296 [dc31b473-b1c6-4224-b715-646a963524cb-server-thread1] INFO  server.RaftServer$Division (ServerState.java:setLeader(317)) - dc31b473-b1c6-4224-b715-646a963524cb@group-6E1B3B21AFAD: change Leader from null to 15c64375-eb37-4995-8297-e35bcf5786b9 at term 1 for appendEntries, leader elected after 5346ms
2023-06-06 14:27:53,298 [15c64375-eb37-4995-8297-e35bcf5786b9@group-07C4F9050203-LeaderElection18] INFO  server.RaftServer$Division (ServerState.java:setRaftConf(434)) - 15c64375-eb37-4995-8297-e35bcf5786b9@group-07C4F9050203: set configuration 0: peers:[15c64375-eb37-4995-8297-e35bcf5786b9|rpc:10.1.0.37:15075|admin:10.1.0.37:15074|client:10.1.0.37:15073|dataStream:10.1.0.37:15076|priority:1|startupRole:FOLLOWER]|listeners:[], old=null
2023-06-06 14:27:53,306 [eace5f59-788d-4728-aabc-814a8b7743c4-server-thread1] INFO  ratis.XceiverServerRatis (XceiverServerRatis.java:handleLeaderChangedNotification(902)) - Leader change notification received for group: group-6E1B3B21AFAD with new leaderId: 15c64375-eb37-4995-8297-e35bcf5786b9
2023-06-06 14:27:53,306 [eace5f59-788d-4728-aabc-814a8b7743c4-server-thread1] INFO  server.RaftServer$Division (ServerState.java:setLeader(317)) - eace5f59-788d-4728-aabc-814a8b7743c4@group-6E1B3B21AFAD: change Leader from null to 15c64375-eb37-4995-8297-e35bcf5786b9 at term 1 for appendEntries, leader elected after 5315ms
2023-06-06 14:27:53,309 [dc31b473-b1c6-4224-b715-646a963524cb-server-thread1] INFO  server.RaftServer$Division (ServerState.java:setRaftConf(434)) - dc31b473-b1c6-4224-b715-646a963524cb@group-6E1B3B21AFAD: set configuration 0: peers:[eace5f59-788d-4728-aabc-814a8b7743c4|rpc:10.1.0.37:15084|admin:10.1.0.37:15083|client:10.1.0.37:15082|dataStream:10.1.0.37:15085|priority:0|startupRole:FOLLOWER, dc31b473-b1c6-4224-b715-646a963524cb|rpc:10.1.0.37:15066|admin:10.1.0.37:15065|client:10.1.0.37:15064|dataStream:10.1.0.37:15067|priority:0|startupRole:FOLLOWER, 15c64375-eb37-4995-8297-e35bcf5786b9|rpc:10.1.0.37:15075|admin:10.1.0.37:15074|client:10.1.0.37:15073|dataStream:10.1.0.37:15076|priority:1|startupRole:FOLLOWER]|listeners:[], old=null
2023-06-06 14:27:53,310 [dc31b473-b1c6-4224-b715-646a963524cb-server-thread1] INFO  segmented.SegmentedRaftLogWorker (SegmentedRaftLogWorker.java:startLogSegment(447)) - dc31b473-b1c6-4224-b715-646a963524cb@group-6E1B3B21AFAD-SegmentedRaftLogWorker: Starting segment from index:0
2023-06-06 14:27:53,311 [dc31b473-b1c6-4224-b715-646a963524cb@group-6E1B3B21AFAD-SegmentedRaftLogWorker] INFO  segmented.SegmentedRaftLogWorker (SegmentedRaftLogWorker.java:execute(651)) - dc31b473-b1c6-4224-b715-646a963524cb@group-6E1B3B21AFAD-SegmentedRaftLogWorker: created new log segment /home/runner/work/ozone/ozone/hadoop-ozone/integration-test/target/test-dir/MiniOzoneClusterImpl-0067d30e-4f89-4c9b-b2b0-188d8bbd32e4/datanode-0/data/ratis/7aa553a3-0e68-43c2-8340-6e1b3b21afad/current/log_inprogress_0
2023-06-06 14:27:53,311 [eace5f59-788d-4728-aabc-814a8b7743c4-server-thread2] INFO  server.RaftServer$Division (ServerState.java:setRaftConf(434)) - eace5f59-788d-4728-aabc-814a8b7743c4@group-6E1B3B21AFAD: set configuration 0: peers:[eace5f59-788d-4728-aabc-814a8b7743c4|rpc:10.1.0.37:15084|admin:10.1.0.37:15083|client:10.1.0.37:15082|dataStream:10.1.0.37:15085|priority:0|startupRole:FOLLOWER, dc31b473-b1c6-4224-b715-646a963524cb|rpc:10.1.0.37:15066|admin:10.1.0.37:15065|client:10.1.0.37:15064|dataStream:10.1.0.37:15067|priority:0|startupRole:FOLLOWER, 15c64375-eb37-4995-8297-e35bcf5786b9|rpc:10.1.0.37:15075|admin:10.1.0.37:15074|client:10.1.0.37:15073|dataStream:10.1.0.37:15076|priority:1|startupRole:FOLLOWER]|listeners:[], old=null
2023-06-06 14:27:53,314 [eace5f59-788d-4728-aabc-814a8b7743c4-server-thread2] INFO  segmented.SegmentedRaftLogWorker (SegmentedRaftLogWorker.java:startLogSegment(447)) - eace5f59-788d-4728-aabc-814a8b7743c4@group-6E1B3B21AFAD-SegmentedRaftLogWorker: Starting segment from index:0
2023-06-06 14:27:53,315 [eace5f59-788d-4728-aabc-814a8b7743c4@group-6E1B3B21AFAD-SegmentedRaftLogWorker] INFO  segmented.SegmentedRaftLogWorker (SegmentedRaftLogWorker.java:execute(651)) - eace5f59-788d-4728-aabc-814a8b7743c4@group-6E1B3B21AFAD-SegmentedRaftLogWorker: created new log segment /home/runner/work/ozone/ozone/hadoop-ozone/integration-test/target/test-dir/MiniOzoneClusterImpl-0067d30e-4f89-4c9b-b2b0-188d8bbd32e4/datanode-2/data/ratis/7aa553a3-0e68-43c2-8340-6e1b3b21afad/current/log_inprogress_0
2023-06-06 14:27:53,421 [Time-limited test] INFO  ozone.MiniOzoneClusterImpl (MiniOzoneClusterImpl.java:lambda$waitForClusterToBeReady$0(222)) - Nodes are ready. Got 3 of 3 DN Heartbeats.
2023-06-06 14:27:53,422 [Time-limited test] INFO  ozone.MiniOzoneClusterImpl (MiniOzoneClusterImpl.java:lambda$waitForClusterToBeReady$0(225)) - Cluster exits safe mode
2023-06-06 14:27:53,422 [Time-limited test] INFO  ozone.MiniOzoneClusterImpl (MiniOzoneClusterImpl.java:lambda$waitForClusterToBeReady$0(227)) - SCM became leader
2023-06-06 14:27:53,422 [Time-limited test] WARN  server.ServerUtils (ServerUtils.java:getScmDbDir(155)) - ozone.scm.db.dirs is not configured. We recommend adding this setting. Falling back to ozone.metadata.dirs instead.
2023-06-06 14:27:53,422 [Time-limited test] INFO  ha.SCMHANodeDetails (SCMHANodeDetails.java:loadSCMHAConfig(209)) - ServiceID for StorageContainerManager is null
2023-06-06 14:27:53,422 [Time-limited test] INFO  ha.SCMHANodeDetails (SCMHANodeDetails.java:loadSCMHAConfig(214)) - ozone.scm.default.service.id is not defined, falling back to ozone.scm.service.ids to find serviceID for StorageContainerManager if it is HA enabled cluster
2023-06-06 14:27:53,423 [Time-limited test] INFO  upgrade.AbstractLayoutVersionManager (AbstractLayoutVersionManager.java:init(83)) - Initializing Layout version manager with metadata layout = HADOOP_PRC_PORTS_IN_DATANODEDETAILS (version = 7), software layout = HADOOP_PRC_PORTS_IN_DATANODEDETAILS (version = 7)
2023-06-06 14:27:53,425 [Time-limited test] INFO  server.StorageContainerManager (StorageContainerManager.java:scmInit(1307)) - SCM already initialized. Reusing existing cluster id for sd=/home/runner/work/ozone/ozone/hadoop-ozone/integration-test/target/test-dir/MiniOzoneClusterImpl-0067d30e-4f89-4c9b-b2b0-188d8bbd32e4/ozone-meta/scm;cid=0067d30e-4f89-4c9b-b2b0-188d8bbd32e4; layoutVersion=7; HAEnabled=false
2023-06-06 14:27:53,425 [Time-limited test] WARN  server.ServerUtils (ServerUtils.java:getScmDbDir(155)) - ozone.scm.db.dirs is not configured. We recommend adding this setting. Falling back to ozone.metadata.dirs instead.
2023-06-06 14:27:53,425 [Time-limited test] INFO  ozone.MiniOzoneClusterImpl (MiniOzoneClusterImpl.java:shutdown(442)) - Shutting down the Mini Ozone Cluster
2023-06-06 14:27:53,426 [Time-limited test] INFO  ozone.MiniOzoneClusterImpl (MiniOzoneClusterImpl.java:stop(459)) - Stopping the Mini Ozone Cluster
2023-06-06 14:27:53,426 [Time-limited test] INFO  ozone.MiniOzoneClusterImpl (MiniOzoneClusterImpl.java:stopOM(545)) - Stopping the OzoneManager
2023-06-06 14:27:53,426 [Time-limited test] INFO  om.OzoneManager (OzoneManager.java:stop(2171)) - om1[localhost:15056]: Stopping Ozone Manager
2023-06-06 14:27:53,426 [Time-limited test] INFO  ipc.Server (Server.java:stop(3501)) - Stopping server on 15056
2023-06-06 14:27:53,432 [IPC Server listener on 15056] INFO  ipc.Server (Server.java:run(1430)) - Stopping IPC Server listener on 15056
2023-06-06 14:27:53,432 [IPC Server Responder] INFO  ipc.Server (Server.java:run(1563)) - Stopping IPC Server Responder
2023-06-06 14:27:53,432 [Time-limited test] INFO  server.RaftServer (RaftServerProxy.java:lambda$close$6(416)) - om1: close
2023-06-06 14:27:53,432 [om1-impl-thread1] INFO  server.RaftServer$Division (RaftServerImpl.java:lambda$close$4(466)) - om1@group-C5BA1605619E: shutdown
2023-06-06 14:27:53,433 [om1-impl-thread1] INFO  util.JmxRegister (JmxRegister.java:unregister(73)) - Successfully un-registered JMX Bean with object name Ratis:service=RaftServer,group=group-C5BA1605619E,id=om1
2023-06-06 14:27:53,433 [om1-impl-thread1] INFO  impl.RoleInfo (RoleInfo.java:shutdownLeaderState(93)) - om1: shutdown om1@group-C5BA1605619E-LeaderStateImpl
2023-06-06 14:27:53,433 [om1-impl-thread1] INFO  impl.PendingRequests (PendingRequests.java:sendNotLeaderResponses(289)) - om1@group-C5BA1605619E-PendingRequests: sendNotLeaderResponses
2023-06-06 14:27:53,433 [om1-impl-thread1] INFO  impl.StateMachineUpdater (StateMachineUpdater.java:stopAndJoin(155)) - om1@group-C5BA1605619E-StateMachineUpdater: set stopIndex = 0
2023-06-06 14:27:53,433 [Time-limited test] INFO  server.GrpcService (GrpcService.java:closeImpl(311)) - om1: shutdown server GrpcServerProtocolService now
2023-06-06 14:27:53,434 [om1@group-C5BA1605619E-StateMachineUpdater] INFO  ratis.OzoneManagerStateMachine (OzoneManagerStateMachine.java:takeSnapshot(479)) - Current Snapshot Index (t:1, i:0)
2023-06-06 14:27:53,435 [Time-limited test] INFO  server.GrpcService (GrpcService.java:closeImpl(320)) - om1: shutdown server GrpcServerProtocolService successfully
2023-06-06 14:27:53,443 [om1@group-C5BA1605619E-StateMachineUpdater] INFO  impl.StateMachineUpdater (StateMachineUpdater.java:takeSnapshot(291)) - om1@group-C5BA1605619E-StateMachineUpdater: Took a snapshot at index 0
2023-06-06 14:27:53,443 [om1@group-C5BA1605619E-StateMachineUpdater] INFO  impl.StateMachineUpdater (StateMachineUpdater.java:lambda$new$0(97)) - om1@group-C5BA1605619E-StateMachineUpdater: snapshotIndex: updateIncreasingly -1 -> 0
2023-06-06 14:27:53,443 [om1@group-C5BA1605619E-StateMachineUpdater] INFO  ratis.OzoneManagerStateMachine (OzoneManagerStateMachine.java:close(533)) - StateMachine has shutdown. Shutdown OzoneManager if not already shutdown.
2023-06-06 14:27:53,443 [om1@group-C5BA1605619E-StateMachineUpdater] INFO  ratis.OzoneManagerDoubleBuffer (OzoneManagerDoubleBuffer.java:stopDaemon(559)) - Stopping OMDoubleBuffer flush thread
2023-06-06 14:27:53,443 [OMDoubleBufferFlushThread] INFO  ratis.OzoneManagerDoubleBuffer (OzoneManagerDoubleBuffer.java:canFlush(648)) - OMDoubleBuffer flush thread OMDoubleBufferFlushThread is interrupted and will exit.
2023-06-06 14:27:53,444 [om1-impl-thread1] INFO  server.RaftServer$Division (ServerState.java:close(472)) - om1@group-C5BA1605619E: closes. applyIndex: 0
2023-06-06 14:27:53,511 [eace5f59-788d-4728-aabc-814a8b7743c4@group-20554733FFE1-FollowerState] INFO  impl.FollowerState (FollowerState.java:run(143)) - eace5f59-788d-4728-aabc-814a8b7743c4@group-20554733FFE1-FollowerState: change to CANDIDATE, lastRpcElapsedTime:5075319675ns, electionTimeout:5074ms
2023-06-06 14:27:53,512 [eace5f59-788d-4728-aabc-814a8b7743c4@group-20554733FFE1-FollowerState] INFO  impl.RoleInfo (RoleInfo.java:shutdownFollowerState(110)) - eace5f59-788d-4728-aabc-814a8b7743c4: shutdown eace5f59-788d-4728-aabc-814a8b7743c4@group-20554733FFE1-FollowerState
2023-06-06 14:27:53,512 [eace5f59-788d-4728-aabc-814a8b7743c4@group-20554733FFE1-FollowerState] INFO  server.RaftServer$Division (RaftServerImpl.java:setRole(329)) - eace5f59-788d-4728-aabc-814a8b7743c4@group-20554733FFE1: changes role from  FOLLOWER to CANDIDATE at term 0 for changeToCandidate
2023-06-06 14:27:53,512 [eace5f59-788d-4728-aabc-814a8b7743c4@group-20554733FFE1-FollowerState] INFO  server.RaftServerConfigKeys (ConfUtils.java:logGet(46)) - raft.server.leaderelection.pre-vote = true (default)
2023-06-06 14:27:53,512 [eace5f59-788d-4728-aabc-814a8b7743c4@group-20554733FFE1-FollowerState] INFO  impl.RoleInfo (RoleInfo.java:updateAndGet(139)) - eace5f59-788d-4728-aabc-814a8b7743c4: start eace5f59-788d-4728-aabc-814a8b7743c4@group-20554733FFE1-LeaderElection19
2023-06-06 14:27:53,513 [eace5f59-788d-4728-aabc-814a8b7743c4@group-20554733FFE1-LeaderElection19] INFO  impl.LeaderElection (LeaderElection.java:askForVotes(321)) - eace5f59-788d-4728-aabc-814a8b7743c4@group-20554733FFE1-LeaderElection19 PRE_VOTE round 0: submit vote requests at term 0 for -1: peers:[eace5f59-788d-4728-aabc-814a8b7743c4|rpc:10.1.0.37:15084|admin:10.1.0.37:15083|client:10.1.0.37:15082|dataStream:10.1.0.37:15085|priority:1|startupRole:FOLLOWER]|listeners:[], old=null
2023-06-06 14:27:53,513 [eace5f59-788d-4728-aabc-814a8b7743c4@group-20554733FFE1-LeaderElection19] INFO  impl.LeaderElection (LeaderElection.java:askForVotes(323)) - eace5f59-788d-4728-aabc-814a8b7743c4@group-20554733FFE1-LeaderElection19 PRE_VOTE round 0: result PASSED (term=0)
2023-06-06 14:27:53,515 [eace5f59-788d-4728-aabc-814a8b7743c4@group-20554733FFE1-LeaderElection19] INFO  impl.LeaderElection (LeaderElection.java:askForVotes(321)) - eace5f59-788d-4728-aabc-814a8b7743c4@group-20554733FFE1-LeaderElection19 ELECTION round 0: submit vote requests at term 1 for -1: peers:[eace5f59-788d-4728-aabc-814a8b7743c4|rpc:10.1.0.37:15084|admin:10.1.0.37:15083|client:10.1.0.37:15082|dataStream:10.1.0.37:15085|priority:1|startupRole:FOLLOWER]|listeners:[], old=null
2023-06-06 14:27:53,515 [eace5f59-788d-4728-aabc-814a8b7743c4@group-20554733FFE1-LeaderElection19] INFO  impl.LeaderElection (LeaderElection.java:askForVotes(323)) - eace5f59-788d-4728-aabc-814a8b7743c4@group-20554733FFE1-LeaderElection19 ELECTION round 0: result PASSED (term=1)
2023-06-06 14:27:53,515 [eace5f59-788d-4728-aabc-814a8b7743c4@group-20554733FFE1-LeaderElection19] INFO  impl.RoleInfo (RoleInfo.java:shutdownLeaderElection(130)) - eace5f59-788d-4728-aabc-814a8b7743c4: shutdown eace5f59-788d-4728-aabc-814a8b7743c4@group-20554733FFE1-LeaderElection19
2023-06-06 14:27:53,515 [eace5f59-788d-4728-aabc-814a8b7743c4@group-20554733FFE1-LeaderElection19] INFO  server.RaftServer$Division (RaftServerImpl.java:setRole(329)) - eace5f59-788d-4728-aabc-814a8b7743c4@group-20554733FFE1: changes role from CANDIDATE to LEADER at term 1 for changeToLeader
2023-06-06 14:27:53,515 [eace5f59-788d-4728-aabc-814a8b7743c4@group-20554733FFE1-LeaderElection19] INFO  ratis.XceiverServerRatis (XceiverServerRatis.java:handleLeaderChangedNotification(902)) - Leader change notification received for group: group-20554733FFE1 with new leaderId: eace5f59-788d-4728-aabc-814a8b7743c4
2023-06-06 14:27:53,515 [eace5f59-788d-4728-aabc-814a8b7743c4@group-20554733FFE1-LeaderElection19] INFO  server.RaftServer$Division (ServerState.java:setLeader(317)) - eace5f59-788d-4728-aabc-814a8b7743c4@group-20554733FFE1: change Leader from null to eace5f59-788d-4728-aabc-814a8b7743c4 at term 1 for becomeLeader, leader elected after 5093ms
2023-06-06 14:27:53,515 [eace5f59-788d-4728-aabc-814a8b7743c4@group-20554733FFE1-LeaderElection19] INFO  server.RaftServerConfigKeys (ConfUtils.java:logGet(46)) - raft.server.staging.catchup.gap = 1000 (default)
2023-06-06 14:27:53,515 [eace5f59-788d-4728-aabc-814a8b7743c4@group-20554733FFE1-LeaderElection19] INFO  server.RaftServerConfigKeys (ConfUtils.java:logGet(46)) - raft.server.write.element-limit = 1024 (custom)
2023-06-06 14:27:53,516 [eace5f59-788d-4728-aabc-814a8b7743c4@group-20554733FFE1-LeaderElection19] INFO  server.RaftServerConfigKeys (ConfUtils.java:logGet(46)) - raft.server.write.byte-limit = 1024 M (=1073741824) (custom)
2023-06-06 14:27:53,516 [eace5f59-788d-4728-aabc-814a8b7743c4@group-20554733FFE1-LeaderElection19] INFO  server.RaftServerConfigKeys (ConfUtils.java:logGet(46)) - raft.server.watch.timeout = 180s (custom)
2023-06-06 14:27:53,516 [eace5f59-788d-4728-aabc-814a8b7743c4@group-20554733FFE1-LeaderElection19] INFO  server.RaftServerConfigKeys (ConfUtils.java:logGet(46)) - raft.server.watch.timeout.denomination = 1s (default)
2023-06-06 14:27:53,516 [eace5f59-788d-4728-aabc-814a8b7743c4@group-20554733FFE1-LeaderElection19] INFO  server.RaftServerConfigKeys (ConfUtils.java:logGet(46)) - raft.server.watch.element-limit = 65536 (default)
2023-06-06 14:27:53,516 [eace5f59-788d-4728-aabc-814a8b7743c4@group-20554733FFE1-LeaderElection19] INFO  server.RaftServerConfigKeys (ConfUtils.java:logGet(46)) - raft.server.write.element-limit = 1024 (custom)
2023-06-06 14:27:53,516 [eace5f59-788d-4728-aabc-814a8b7743c4@group-20554733FFE1-LeaderElection19] INFO  server.RaftServerConfigKeys (ConfUtils.java:logGet(46)) - raft.server.write.follower.gap.ratio.max = -1.0 (default)
2023-06-06 14:27:53,516 [eace5f59-788d-4728-aabc-814a8b7743c4@group-20554733FFE1-LeaderElection19] INFO  impl.RoleInfo (RoleInfo.java:updateAndGet(139)) - eace5f59-788d-4728-aabc-814a8b7743c4: start eace5f59-788d-4728-aabc-814a8b7743c4@group-20554733FFE1-LeaderStateImpl
2023-06-06 14:27:53,517 [eace5f59-788d-4728-aabc-814a8b7743c4@group-20554733FFE1-LeaderElection19] INFO  segmented.SegmentedRaftLogWorker (SegmentedRaftLogWorker.java:startLogSegment(447)) - eace5f59-788d-4728-aabc-814a8b7743c4@group-20554733FFE1-SegmentedRaftLogWorker: Starting segment from index:0
2023-06-06 14:27:53,517 [eace5f59-788d-4728-aabc-814a8b7743c4@group-20554733FFE1-LeaderElection19] INFO  server.RaftServer$Division (ServerState.java:setRaftConf(434)) - eace5f59-788d-4728-aabc-814a8b7743c4@group-20554733FFE1: set configuration 0: peers:[eace5f59-788d-4728-aabc-814a8b7743c4|rpc:10.1.0.37:15084|admin:10.1.0.37:15083|client:10.1.0.37:15082|dataStream:10.1.0.37:15085|priority:1|startupRole:FOLLOWER]|listeners:[], old=null
2023-06-06 14:27:53,524 [eace5f59-788d-4728-aabc-814a8b7743c4@group-20554733FFE1-SegmentedRaftLogWorker] INFO  segmented.SegmentedRaftLogWorker (SegmentedRaftLogWorker.java:execute(651)) - eace5f59-788d-4728-aabc-814a8b7743c4@group-20554733FFE1-SegmentedRaftLogWorker: created new log segment /home/runner/work/ozone/ozone/hadoop-ozone/integration-test/target/test-dir/MiniOzoneClusterImpl-0067d30e-4f89-4c9b-b2b0-188d8bbd32e4/datanode-2/data/ratis/a1ec1af0-d03b-4b1f-8082-20554733ffe1/current/log_inprogress_0
2023-06-06 14:27:54,248 [om1-impl-thread1] INFO  segmented.SegmentedRaftLogWorker (SegmentedRaftLogWorker.java:close(252)) - om1@group-C5BA1605619E-SegmentedRaftLogWorker close()
2023-06-06 14:27:54,249 [JvmPauseMonitor9] INFO  util.JvmPauseMonitor (JvmPauseMonitor.java:run(109)) - JvmPauseMonitor-om1: Stopped
2023-06-06 14:27:54,249 [Time-limited test] INFO  ratis.OzoneManagerStateMachine (OzoneManagerStateMachine.java:close(533)) - StateMachine has shutdown. Shutdown OzoneManager if not already shutdown.
2023-06-06 14:27:54,249 [Time-limited test] INFO  ratis.OzoneManagerDoubleBuffer (OzoneManagerDoubleBuffer.java:stopDaemon(568)) - OMDoubleBuffer flush thread is not running.
2023-06-06 14:27:54,250 [Time-limited test] INFO  utils.BackgroundService (BackgroundService.java:shutdown(141)) - Shutting down service KeyDeletingService
2023-06-06 14:27:54,251 [Time-limited test] INFO  utils.BackgroundService (BackgroundService.java:shutdown(141)) - Shutting down service KeyDeletingService
2023-06-06 14:27:54,251 [Time-limited test] INFO  utils.BackgroundService (BackgroundService.java:shutdown(141)) - Shutting down service OpenKeyCleanupService
2023-06-06 14:27:54,252 [Time-limited test] INFO  utils.BackgroundService (BackgroundService.java:shutdown(141)) - Shutting down service SstFilteringService
2023-06-06 14:27:54,252 [Time-limited test] INFO  utils.BackgroundService (BackgroundService.java:shutdown(141)) - Shutting down service SnapshotDeletingService
2023-06-06 14:27:54,255 [Time-limited test] INFO  handler.ContextHandler (ContextHandler.java:doStop(1159)) - Stopped o.e.j.w.WebAppContext@5eeed7e{ozoneManager,/,null,STOPPED}{file:/home/runner/work/ozone/ozone/hadoop-ozone/integration-test/target/test-classes/webapps/ozoneManager}
2023-06-06 14:27:54,255 [Time-limited test] INFO  server.AbstractConnector (AbstractConnector.java:doStop(383)) - Stopped ServerConnector@5c45e20c{HTTP/1.1, (http/1.1)}{0.0.0.0:15057}
2023-06-06 14:27:54,255 [Time-limited test] INFO  server.session (HouseKeeper.java:stopScavenging(149)) - node0 Stopped scavenging
2023-06-06 14:27:54,256 [Time-limited test] INFO  handler.ContextHandler (ContextHandler.java:doStop(1159)) - Stopped o.e.j.s.ServletContextHandler@5cdea54{static,/static,file:///home/runner/work/ozone/ozone/hadoop-ozone/integration-test/target/test-classes/webapps/static,STOPPED}
2023-06-06 14:27:54,256 [Time-limited test] INFO  handler.ContextHandler (ContextHandler.java:doStop(1159)) - Stopped o.e.j.s.ServletContextHandler@5782a957{logs,/logs,file:///home/runner/work/ozone/ozone/hadoop-ozone/integration-test/target/log,STOPPED}
2023-06-06 14:27:54,258 [Time-limited test] INFO  snapshot.SnapshotDiffManager (SnapshotDiffManager.java:closeExecutorService(1278)) - Shutting down executorService: 'SnapDiffExecutor'
2023-06-06 14:27:54,258 [Time-limited test] INFO  utils.BackgroundService (BackgroundService.java:shutdown(141)) - Shutting down service SnapshotDiffCleanupService
2023-06-06 14:27:54,259 [Time-limited test] INFO  ozone.MiniOzoneClusterImpl (MiniOzoneClusterImpl.java:stopDatanodes(522)) - Stopping the HddsDatanodes
2023-06-06 14:27:54,260 [Time-limited test] INFO  ozoneimpl.OzoneContainer (OzoneContainer.java:stop(420)) - Attempting to stop container services.
2023-06-06 14:27:54,261 [Time-limited test] INFO  server.RaftServer (RaftServerProxy.java:lambda$close$6(416)) - 15c64375-eb37-4995-8297-e35bcf5786b9: close
2023-06-06 14:27:54,261 [15c64375-eb37-4995-8297-e35bcf5786b9-impl-thread1] INFO  server.RaftServer$Division (RaftServerImpl.java:lambda$close$4(466)) - 15c64375-eb37-4995-8297-e35bcf5786b9@group-AE3FE3969E60: shutdown
2023-06-06 14:27:54,261 [15c64375-eb37-4995-8297-e35bcf5786b9-impl-thread1] INFO  util.JmxRegister (JmxRegister.java:unregister(73)) - Successfully un-registered JMX Bean with object name Ratis:service=RaftServer,group=group-AE3FE3969E60,id=15c64375-eb37-4995-8297-e35bcf5786b9
2023-06-06 14:27:54,261 [15c64375-eb37-4995-8297-e35bcf5786b9-impl-thread1] INFO  impl.RoleInfo (RoleInfo.java:shutdownFollowerState(110)) - 15c64375-eb37-4995-8297-e35bcf5786b9: shutdown 15c64375-eb37-4995-8297-e35bcf5786b9@group-AE3FE3969E60-FollowerState
2023-06-06 14:27:54,263 [Time-limited test] INFO  server.GrpcService (GrpcService.java:closeImpl(311)) - 15c64375-eb37-4995-8297-e35bcf5786b9: shutdown server org.apache.ratis.grpc.server.GrpcClientProtocolService now
2023-06-06 14:27:54,263 [15c64375-eb37-4995-8297-e35bcf5786b9-impl-thread1] INFO  impl.StateMachineUpdater (StateMachineUpdater.java:stopAndJoin(155)) - 15c64375-eb37-4995-8297-e35bcf5786b9@group-AE3FE3969E60-StateMachineUpdater: set stopIndex = -1
2023-06-06 14:27:54,263 [15c64375-eb37-4995-8297-e35bcf5786b9@group-AE3FE3969E60-FollowerState] INFO  impl.FollowerState (FollowerState.java:run(152)) - 15c64375-eb37-4995-8297-e35bcf5786b9@group-AE3FE3969E60-FollowerState was interrupted
2023-06-06 14:27:54,263 [15c64375-eb37-4995-8297-e35bcf5786b9-impl-thread1] INFO  server.RaftServer$Division (ServerState.java:close(472)) - 15c64375-eb37-4995-8297-e35bcf5786b9@group-AE3FE3969E60: closes. applyIndex: -1
2023-06-06 14:27:54,264 [15c64375-eb37-4995-8297-e35bcf5786b9-impl-thread3] INFO  server.RaftServer$Division (RaftServerImpl.java:lambda$close$4(466)) - 15c64375-eb37-4995-8297-e35bcf5786b9@group-07C4F9050203: shutdown
2023-06-06 14:27:54,264 [15c64375-eb37-4995-8297-e35bcf5786b9-impl-thread3] INFO  util.JmxRegister (JmxRegister.java:unregister(73)) - Successfully un-registered JMX Bean with object name Ratis:service=RaftServer,group=group-07C4F9050203,id=15c64375-eb37-4995-8297-e35bcf5786b9
2023-06-06 14:27:54,264 [15c64375-eb37-4995-8297-e35bcf5786b9-impl-thread3] INFO  impl.RoleInfo (RoleInfo.java:shutdownLeaderState(93)) - 15c64375-eb37-4995-8297-e35bcf5786b9: shutdown 15c64375-eb37-4995-8297-e35bcf5786b9@group-07C4F9050203-LeaderStateImpl
2023-06-06 14:27:54,264 [15c64375-eb37-4995-8297-e35bcf5786b9-impl-thread3] INFO  impl.PendingRequests (PendingRequests.java:sendNotLeaderResponses(289)) - 15c64375-eb37-4995-8297-e35bcf5786b9@group-07C4F9050203-PendingRequests: sendNotLeaderResponses
2023-06-06 14:27:54,264 [15c64375-eb37-4995-8297-e35bcf5786b9-impl-thread2] INFO  server.RaftServer$Division (RaftServerImpl.java:lambda$close$4(466)) - 15c64375-eb37-4995-8297-e35bcf5786b9@group-6E1B3B21AFAD: shutdown
2023-06-06 14:27:54,264 [15c64375-eb37-4995-8297-e35bcf5786b9-impl-thread2] INFO  util.JmxRegister (JmxRegister.java:unregister(73)) - Successfully un-registered JMX Bean with object name Ratis:service=RaftServer,group=group-6E1B3B21AFAD,id=15c64375-eb37-4995-8297-e35bcf5786b9
2023-06-06 14:27:54,264 [15c64375-eb37-4995-8297-e35bcf5786b9-impl-thread2] INFO  impl.RoleInfo (RoleInfo.java:shutdownLeaderState(93)) - 15c64375-eb37-4995-8297-e35bcf5786b9: shutdown 15c64375-eb37-4995-8297-e35bcf5786b9@group-6E1B3B21AFAD-LeaderStateImpl
2023-06-06 14:27:54,264 [15c64375-eb37-4995-8297-e35bcf5786b9@group-07C4F9050203-StateMachineUpdater] INFO  ratis.ContainerStateMachine (ContainerStateMachine.java:takeSnapshot(330)) - group-07C4F9050203: Taking a snapshot at:(t:1, i:0) file /home/runner/work/ozone/ozone/hadoop-ozone/integration-test/target/test-dir/MiniOzoneClusterImpl-0067d30e-4f89-4c9b-b2b0-188d8bbd32e4/datanode-1/data/ratis/d89d5acc-18a8-4d7b-891f-07c4f9050203/sm/snapshot.1_0
2023-06-06 14:27:54,264 [15c64375-eb37-4995-8297-e35bcf5786b9-impl-thread3] INFO  impl.StateMachineUpdater (StateMachineUpdater.java:stopAndJoin(155)) - 15c64375-eb37-4995-8297-e35bcf5786b9@group-07C4F9050203-StateMachineUpdater: set stopIndex = 0
2023-06-06 14:27:54,265 [15c64375-eb37-4995-8297-e35bcf5786b9@group-07C4F9050203-StateMachineUpdater] INFO  ratis.ContainerStateMachine (ContainerStateMachine.java:takeSnapshot(341)) - group-07C4F9050203: Finished taking a snapshot at:(t:1, i:0) file:/home/runner/work/ozone/ozone/hadoop-ozone/integration-test/target/test-dir/MiniOzoneClusterImpl-0067d30e-4f89-4c9b-b2b0-188d8bbd32e4/datanode-1/data/ratis/d89d5acc-18a8-4d7b-891f-07c4f9050203/sm/snapshot.1_0 took: 1 ms
2023-06-06 14:27:54,265 [15c64375-eb37-4995-8297-e35bcf5786b9@group-07C4F9050203-StateMachineUpdater] INFO  impl.StateMachineUpdater (StateMachineUpdater.java:takeSnapshot(291)) - 15c64375-eb37-4995-8297-e35bcf5786b9@group-07C4F9050203-StateMachineUpdater: Took a snapshot at index 0
2023-06-06 14:27:54,265 [15c64375-eb37-4995-8297-e35bcf5786b9@group-07C4F9050203-StateMachineUpdater] INFO  impl.StateMachineUpdater (StateMachineUpdater.java:lambda$new$0(97)) - 15c64375-eb37-4995-8297-e35bcf5786b9@group-07C4F9050203-StateMachineUpdater: snapshotIndex: updateIncreasingly -1 -> 0
2023-06-06 14:27:54,266 [15c64375-eb37-4995-8297-e35bcf5786b9-impl-thread2] INFO  impl.PendingRequests (PendingRequests.java:sendNotLeaderResponses(289)) - 15c64375-eb37-4995-8297-e35bcf5786b9@group-6E1B3B21AFAD-PendingRequests: sendNotLeaderResponses
2023-06-06 14:27:54,266 [15c64375-eb37-4995-8297-e35bcf5786b9@group-6E1B3B21AFAD->eace5f59-788d-4728-aabc-814a8b7743c4-GrpcLogAppender-LogAppenderDaemon] WARN  server.GrpcLogAppender (GrpcLogAppender.java:mayWait(199)) - 15c64375-eb37-4995-8297-e35bcf5786b9@group-6E1B3B21AFAD->eace5f59-788d-4728-aabc-814a8b7743c4-GrpcLogAppender: Wait interrupted by java.lang.InterruptedException
2023-06-06 14:27:54,266 [15c64375-eb37-4995-8297-e35bcf5786b9-impl-thread3] INFO  server.RaftServer$Division (ServerState.java:close(472)) - 15c64375-eb37-4995-8297-e35bcf5786b9@group-07C4F9050203: closes. applyIndex: 0
2023-06-06 14:27:54,266 [15c64375-eb37-4995-8297-e35bcf5786b9@group-6E1B3B21AFAD->dc31b473-b1c6-4224-b715-646a963524cb-GrpcLogAppender-LogAppenderDaemon] WARN  server.GrpcLogAppender (GrpcLogAppender.java:mayWait(199)) - 15c64375-eb37-4995-8297-e35bcf5786b9@group-6E1B3B21AFAD->dc31b473-b1c6-4224-b715-646a963524cb-GrpcLogAppender: Wait interrupted by java.lang.InterruptedException
2023-06-06 14:27:54,266 [15c64375-eb37-4995-8297-e35bcf5786b9-impl-thread2] INFO  impl.StateMachineUpdater (StateMachineUpdater.java:stopAndJoin(155)) - 15c64375-eb37-4995-8297-e35bcf5786b9@group-6E1B3B21AFAD-StateMachineUpdater: set stopIndex = 0
2023-06-06 14:27:54,271 [Thread-1130] INFO  server.GrpcServerProtocolClient (GrpcServerProtocolClient.java:close(103)) - eace5f59-788d-4728-aabc-814a8b7743c4 Close channels
2023-06-06 14:27:54,271 [grpc-default-executor-6] INFO  server.GrpcServerProtocolService (GrpcServerProtocolService.java:onCompleted(155)) - eace5f59-788d-4728-aabc-814a8b7743c4: Completed APPEND_ENTRIES, lastRequest: null
2023-06-06 14:27:54,270 [Thread-1129] INFO  server.GrpcServerProtocolClient (GrpcServerProtocolClient.java:close(103)) - dc31b473-b1c6-4224-b715-646a963524cb Close channels
2023-06-06 14:27:54,273 [grpc-default-executor-6] INFO  server.GrpcServerProtocolService (GrpcServerProtocolService.java:lambda$onCompleted$5(157)) - eace5f59-788d-4728-aabc-814a8b7743c4: Completed APPEND_ENTRIES, lastReply: serverReply {
  requestorId: "15c64375-eb37-4995-8297-e35bcf5786b9"
  replyId: "eace5f59-788d-4728-aabc-814a8b7743c4"
  raftGroupId {
    id: "z\245S\243\016hC\302\203@n\033;!\257\255"
  }
  callId: 2
  success: true
}
term: 1
nextIndex: 1
matchIndex: 18446744073709551615
isHearbeat: true

2023-06-06 14:27:54,272 [grpc-default-executor-4] INFO  server.GrpcServerProtocolService (GrpcServerProtocolService.java:onCompleted(155)) - dc31b473-b1c6-4224-b715-646a963524cb: Completed APPEND_ENTRIES, lastRequest: 15c64375-eb37-4995-8297-e35bcf5786b9->dc31b473-b1c6-4224-b715-646a963524cb#1-t1,previous=(t:0, i:0),leaderCommit=-1,initializing? true,entries: size=1, first=(t:1, i:0), CONFIGURATIONENTRY(current:id: "eace5f59-788d-4728-aabc-814a8b7743c4"
address: "10.1.0.37:15084"
dataStreamAddress: "10.1.0.37:15085"
clientAddress: "10.1.0.37:15082"
adminAddress: "10.1.0.37:15083"
startupRole: FOLLOWER
,id: "dc31b473-b1c6-4224-b715-646a963524cb"
address: "10.1.0.37:15066"
dataStreamAddress: "10.1.0.37:15067"
clientAddress: "10.1.0.37:15064"
adminAddress: "10.1.0.37:15065"
startupRole: FOLLOWER
,id: "15c64375-eb37-4995-8297-e35bcf5786b9"
address: "10.1.0.37:15075"
priority: 1
dataStreamAddress: "10.1.0.37:15076"
clientAddress: "10.1.0.37:15073"
adminAddress: "10.1.0.37:15074"
startupRole: FOLLOWER
, old:)
2023-06-06 14:27:54,274 [grpc-default-executor-4] INFO  server.GrpcServerProtocolService (GrpcServerProtocolService.java:lambda$onCompleted$5(157)) - dc31b473-b1c6-4224-b715-646a963524cb: Completed APPEND_ENTRIES, lastReply: null
2023-06-06 14:27:54,272 [grpc-default-executor-7] INFO  server.GrpcServerProtocolService (GrpcServerProtocolService.java:onCompleted(155)) - eace5f59-788d-4728-aabc-814a8b7743c4: Completed APPEND_ENTRIES, lastRequest: 15c64375-eb37-4995-8297-e35bcf5786b9->eace5f59-788d-4728-aabc-814a8b7743c4#1-t1,previous=(t:0, i:0),leaderCommit=-1,initializing? true,entries: size=1, first=(t:1, i:0), CONFIGURATIONENTRY(current:id: "eace5f59-788d-4728-aabc-814a8b7743c4"
address: "10.1.0.37:15084"
dataStreamAddress: "10.1.0.37:15085"
clientAddress: "10.1.0.37:15082"
adminAddress: "10.1.0.37:15083"
startupRole: FOLLOWER
,id: "dc31b473-b1c6-4224-b715-646a963524cb"
address: "10.1.0.37:15066"
dataStreamAddress: "10.1.0.37:15067"
clientAddress: "10.1.0.37:15064"
adminAddress: "10.1.0.37:15065"
startupRole: FOLLOWER
,id: "15c64375-eb37-4995-8297-e35bcf5786b9"
address: "10.1.0.37:15075"
priority: 1
dataStreamAddress: "10.1.0.37:15076"
clientAddress: "10.1.0.37:15073"
adminAddress: "10.1.0.37:15074"
startupRole: FOLLOWER
, old:)
2023-06-06 14:27:54,274 [grpc-default-executor-7] INFO  server.GrpcServerProtocolService (GrpcServerProtocolService.java:lambda$onCompleted$5(157)) - eace5f59-788d-4728-aabc-814a8b7743c4: Completed APPEND_ENTRIES, lastReply: null
2023-06-06 14:27:54,271 [grpc-default-executor-1] INFO  server.GrpcServerProtocolService (GrpcServerProtocolService.java:onCompleted(155)) - dc31b473-b1c6-4224-b715-646a963524cb: Completed APPEND_ENTRIES, lastRequest: null
2023-06-06 14:27:54,274 [grpc-default-executor-1] INFO  server.GrpcServerProtocolService (GrpcServerProtocolService.java:lambda$onCompleted$5(157)) - dc31b473-b1c6-4224-b715-646a963524cb: Completed APPEND_ENTRIES, lastReply: serverReply {
  requestorId: "15c64375-eb37-4995-8297-e35bcf5786b9"
  replyId: "dc31b473-b1c6-4224-b715-646a963524cb"
  raftGroupId {
    id: "z\245S\243\016hC\302\203@n\033;!\257\255"
  }
  success: true
}
term: 1
followerCommit: 18446744073709551615
matchIndex: 18446744073709551615
isHearbeat: true

2023-06-06 14:27:54,275 [grpc-default-executor-5] INFO  server.GrpcLogAppender (GrpcLogAppender.java:onCompleted(428)) - 15c64375-eb37-4995-8297-e35bcf5786b9@group-6E1B3B21AFAD->eace5f59-788d-4728-aabc-814a8b7743c4-AppendLogResponseHandler: follower responses appendEntries COMPLETED
2023-06-06 14:27:54,275 [grpc-default-executor-5] WARN  server.GrpcLogAppender (GrpcLogAppender.java:resetClient(137)) - 15c64375-eb37-4995-8297-e35bcf5786b9@group-6E1B3B21AFAD->eace5f59-788d-4728-aabc-814a8b7743c4-GrpcLogAppender: Failed to getClient for eace5f59-788d-4728-aabc-814a8b7743c4
org.apache.ratis.protocol.exceptions.AlreadyClosedException: 15c64375-eb37-4995-8297-e35bcf5786b9 is already CLOSED
	at org.apache.ratis.util.PeerProxyMap$PeerAndProxy.getProxy(PeerProxyMap.java:61)
	at org.apache.ratis.util.PeerProxyMap.getProxy(PeerProxyMap.java:115)
	at org.apache.ratis.grpc.server.GrpcLogAppender.getClient(GrpcLogAppender.java:112)
	at org.apache.ratis.grpc.server.GrpcLogAppender.resetClient(GrpcLogAppender.java:117)
	at org.apache.ratis.grpc.server.GrpcLogAppender.access$500(GrpcLogAppender.java:56)
	at org.apache.ratis.grpc.server.GrpcLogAppender$AppendLogResponseHandler.onCompleted(GrpcLogAppender.java:429)
	at org.apache.ratis.thirdparty.io.grpc.stub.ClientCalls$StreamObserverToCallListenerAdapter.onClose(ClientCalls.java:485)
	at org.apache.ratis.thirdparty.io.grpc.internal.ClientCallImpl.closeObserver(ClientCallImpl.java:563)
	at org.apache.ratis.thirdparty.io.grpc.internal.ClientCallImpl.access$300(ClientCallImpl.java:70)
	at org.apache.ratis.thirdparty.io.grpc.internal.ClientCallImpl$ClientStreamListenerImpl$1StreamClosed.runInternal(ClientCallImpl.java:744)
	at org.apache.ratis.thirdparty.io.grpc.internal.ClientCallImpl$ClientStreamListenerImpl$1StreamClosed.runInContext(ClientCallImpl.java:723)
	at org.apache.ratis.thirdparty.io.grpc.internal.ContextRunnable.run(ContextRunnable.java:37)
	at org.apache.ratis.thirdparty.io.grpc.internal.SerializingExecutor.run(SerializingExecutor.java:133)
	at java.util.concurrent.ThreadPoolExecutor.runWorker(ThreadPoolExecutor.java:1149)
	at java.util.concurrent.ThreadPoolExecutor$Worker.run(ThreadPoolExecutor.java:624)
	at java.lang.Thread.run(Thread.java:750)
2023-06-06 14:27:54,275 [grpc-default-executor-2] INFO  server.GrpcLogAppender (GrpcLogAppender.java:onCompleted(428)) - 15c64375-eb37-4995-8297-e35bcf5786b9@group-6E1B3B21AFAD->dc31b473-b1c6-4224-b715-646a963524cb-AppendLogResponseHandler: follower responses appendEntries COMPLETED
2023-06-06 14:27:54,275 [grpc-default-executor-2] WARN  server.GrpcLogAppender (GrpcLogAppender.java:resetClient(137)) - 15c64375-eb37-4995-8297-e35bcf5786b9@group-6E1B3B21AFAD->dc31b473-b1c6-4224-b715-646a963524cb-GrpcLogAppender: Failed to getClient for dc31b473-b1c6-4224-b715-646a963524cb
org.apache.ratis.protocol.exceptions.AlreadyClosedException: 15c64375-eb37-4995-8297-e35bcf5786b9 is already CLOSED
	at org.apache.ratis.util.PeerProxyMap$PeerAndProxy.getProxy(PeerProxyMap.java:61)
	at org.apache.ratis.util.PeerProxyMap.getProxy(PeerProxyMap.java:115)
	at org.apache.ratis.grpc.server.GrpcLogAppender.getClient(GrpcLogAppender.java:112)
	at org.apache.ratis.grpc.server.GrpcLogAppender.resetClient(GrpcLogAppender.java:117)
	at org.apache.ratis.grpc.server.GrpcLogAppender.access$500(GrpcLogAppender.java:56)
	at org.apache.ratis.grpc.server.GrpcLogAppender$AppendLogResponseHandler.onCompleted(GrpcLogAppender.java:429)
	at org.apache.ratis.thirdparty.io.grpc.stub.ClientCalls$StreamObserverToCallListenerAdapter.onClose(ClientCalls.java:485)
	at org.apache.ratis.thirdparty.io.grpc.internal.DelayedClientCall$DelayedListener$3.run(DelayedClientCall.java:471)
	at org.apache.ratis.thirdparty.io.grpc.internal.DelayedClientCall$DelayedListener.delayOrExecute(DelayedClientCall.java:435)
	at org.apache.ratis.thirdparty.io.grpc.internal.DelayedClientCall$DelayedListener.onClose(DelayedClientCall.java:468)
	at org.apache.ratis.thirdparty.io.grpc.internal.ClientCallImpl.closeObserver(ClientCallImpl.java:563)
	at org.apache.ratis.thirdparty.io.grpc.internal.ClientCallImpl.access$300(ClientCallImpl.java:70)
	at org.apache.ratis.thirdparty.io.grpc.internal.ClientCallImpl$ClientStreamListenerImpl$1StreamClosed.runInternal(ClientCallImpl.java:744)
	at org.apache.ratis.thirdparty.io.grpc.internal.ClientCallImpl$ClientStreamListenerImpl$1StreamClosed.runInContext(ClientCallImpl.java:723)
	at org.apache.ratis.thirdparty.io.grpc.internal.ContextRunnable.run(ContextRunnable.java:37)
	at org.apache.ratis.thirdparty.io.grpc.internal.SerializingExecutor.run(SerializingExecutor.java:133)
	at java.util.concurrent.ThreadPoolExecutor.runWorker(ThreadPoolExecutor.java:1149)
	at java.util.concurrent.ThreadPoolExecutor$Worker.run(ThreadPoolExecutor.java:624)
	at java.lang.Thread.run(Thread.java:750)
2023-06-06 14:27:54,282 [ForkJoinPool.commonPool-worker-2] INFO  ozoneimpl.OzoneContainer (OzoneContainer.java:stop(420)) - Attempting to stop container services.
2023-06-06 14:27:54,282 [ForkJoinPool.commonPool-worker-2] INFO  server.RaftServer (RaftServerProxy.java:lambda$close$6(416)) - dc31b473-b1c6-4224-b715-646a963524cb: close
2023-06-06 14:27:54,282 [dc31b473-b1c6-4224-b715-646a963524cb-impl-thread1] INFO  server.RaftServer$Division (RaftServerImpl.java:lambda$close$4(466)) - dc31b473-b1c6-4224-b715-646a963524cb@group-AE3FE3969E60: shutdown
2023-06-06 14:27:54,282 [dc31b473-b1c6-4224-b715-646a963524cb-impl-thread2] INFO  server.RaftServer$Division (RaftServerImpl.java:lambda$close$4(466)) - dc31b473-b1c6-4224-b715-646a963524cb@group-3AD3F39C7A92: shutdown
2023-06-06 14:27:54,282 [15c64375-eb37-4995-8297-e35bcf5786b9@group-6E1B3B21AFAD-StateMachineUpdater] INFO  ratis.ContainerStateMachine (ContainerStateMachine.java:takeSnapshot(330)) - group-6E1B3B21AFAD: Taking a snapshot at:(t:1, i:0) file /home/runner/work/ozone/ozone/hadoop-ozone/integration-test/target/test-dir/MiniOzoneClusterImpl-0067d30e-4f89-4c9b-b2b0-188d8bbd32e4/datanode-1/data/ratis/7aa553a3-0e68-43c2-8340-6e1b3b21afad/sm/snapshot.1_0
2023-06-06 14:27:54,283 [15c64375-eb37-4995-8297-e35bcf5786b9@group-6E1B3B21AFAD-StateMachineUpdater] INFO  ratis.ContainerStateMachine (ContainerStateMachine.java:takeSnapshot(341)) - group-6E1B3B21AFAD: Finished taking a snapshot at:(t:1, i:0) file:/home/runner/work/ozone/ozone/hadoop-ozone/integration-test/target/test-dir/MiniOzoneClusterImpl-0067d30e-4f89-4c9b-b2b0-188d8bbd32e4/datanode-1/data/ratis/7aa553a3-0e68-43c2-8340-6e1b3b21afad/sm/snapshot.1_0 took: 1 ms
2023-06-06 14:27:54,283 [15c64375-eb37-4995-8297-e35bcf5786b9@group-6E1B3B21AFAD-StateMachineUpdater] INFO  impl.StateMachineUpdater (StateMachineUpdater.java:takeSnapshot(291)) - 15c64375-eb37-4995-8297-e35bcf5786b9@group-6E1B3B21AFAD-StateMachineUpdater: Took a snapshot at index 0
2023-06-06 14:27:54,283 [15c64375-eb37-4995-8297-e35bcf5786b9@group-6E1B3B21AFAD-StateMachineUpdater] INFO  impl.StateMachineUpdater (StateMachineUpdater.java:lambda$new$0(97)) - 15c64375-eb37-4995-8297-e35bcf5786b9@group-6E1B3B21AFAD-StateMachineUpdater: snapshotIndex: updateIncreasingly -1 -> 0
2023-06-06 14:27:54,283 [grpc-default-executor-7] INFO  server.GrpcLogAppender (GrpcLogAppender.java:onCompleted(428)) - 15c64375-eb37-4995-8297-e35bcf5786b9@group-6E1B3B21AFAD->eace5f59-788d-4728-aabc-814a8b7743c4-AppendLogResponseHandler: follower responses appendEntries COMPLETED
2023-06-06 14:27:54,283 [grpc-default-executor-7] WARN  server.GrpcLogAppender (GrpcLogAppender.java:resetClient(137)) - 15c64375-eb37-4995-8297-e35bcf5786b9@group-6E1B3B21AFAD->eace5f59-788d-4728-aabc-814a8b7743c4-GrpcLogAppender: Failed to getClient for eace5f59-788d-4728-aabc-814a8b7743c4
org.apache.ratis.protocol.exceptions.AlreadyClosedException: 15c64375-eb37-4995-8297-e35bcf5786b9 is already CLOSED
	at org.apache.ratis.util.PeerProxyMap$PeerAndProxy.getProxy(PeerProxyMap.java:61)
	at org.apache.ratis.util.PeerProxyMap.getProxy(PeerProxyMap.java:115)
	at org.apache.ratis.grpc.server.GrpcLogAppender.getClient(GrpcLogAppender.java:112)
	at org.apache.ratis.grpc.server.GrpcLogAppender.resetClient(GrpcLogAppender.java:117)
	at org.apache.ratis.grpc.server.GrpcLogAppender.access$500(GrpcLogAppender.java:56)
	at org.apache.ratis.grpc.server.GrpcLogAppender$AppendLogResponseHandler.onCompleted(GrpcLogAppender.java:429)
	at org.apache.ratis.thirdparty.io.grpc.stub.ClientCalls$StreamObserverToCallListenerAdapter.onClose(ClientCalls.java:485)
	at org.apache.ratis.thirdparty.io.grpc.internal.DelayedClientCall$DelayedListener$3.run(DelayedClientCall.java:471)
	at org.apache.ratis.thirdparty.io.grpc.internal.DelayedClientCall$DelayedListener.delayOrExecute(DelayedClientCall.java:435)
	at org.apache.ratis.thirdparty.io.grpc.internal.DelayedClientCall$DelayedListener.onClose(DelayedClientCall.java:468)
	at org.apache.ratis.thirdparty.io.grpc.internal.ClientCallImpl.closeObserver(ClientCallImpl.java:563)
	at org.apache.ratis.thirdparty.io.grpc.internal.ClientCallImpl.access$300(ClientCallImpl.java:70)
	at org.apache.ratis.thirdparty.io.grpc.internal.ClientCallImpl$ClientStreamListenerImpl$1StreamClosed.runInternal(ClientCallImpl.java:744)
	at org.apache.ratis.thirdparty.io.grpc.internal.ClientCallImpl$ClientStreamListenerImpl$1StreamClosed.runInContext(ClientCallImpl.java:723)
	at org.apache.ratis.thirdparty.io.grpc.internal.ContextRunnable.run(ContextRunnable.java:37)
	at org.apache.ratis.thirdparty.io.grpc.internal.SerializingExecutor.run(SerializingExecutor.java:133)
	at java.util.concurrent.ThreadPoolExecutor.runWorker(ThreadPoolExecutor.java:1149)
	at java.util.concurrent.ThreadPoolExecutor$Worker.run(ThreadPoolExecutor.java:624)
	at java.lang.Thread.run(Thread.java:750)
2023-06-06 14:27:54,283 [15c64375-eb37-4995-8297-e35bcf5786b9-impl-thread2] INFO  server.RaftServer$Division (ServerState.java:close(472)) - 15c64375-eb37-4995-8297-e35bcf5786b9@group-6E1B3B21AFAD: closes. applyIndex: 0
2023-06-06 14:27:54,290 [dc31b473-b1c6-4224-b715-646a963524cb-impl-thread3] INFO  server.RaftServer$Division (RaftServerImpl.java:lambda$close$4(466)) - dc31b473-b1c6-4224-b715-646a963524cb@group-6E1B3B21AFAD: shutdown
2023-06-06 14:27:54,290 [ForkJoinPool.commonPool-worker-2] INFO  server.GrpcService (GrpcService.java:closeImpl(311)) - dc31b473-b1c6-4224-b715-646a963524cb: shutdown server org.apache.ratis.grpc.server.GrpcClientProtocolService now
2023-06-06 14:27:54,290 [dc31b473-b1c6-4224-b715-646a963524cb-impl-thread1] INFO  util.JmxRegister (JmxRegister.java:unregister(73)) - Successfully un-registered JMX Bean with object name Ratis:service=RaftServer,group=group-AE3FE3969E60,id=dc31b473-b1c6-4224-b715-646a963524cb
2023-06-06 14:27:54,291 [dc31b473-b1c6-4224-b715-646a963524cb-impl-thread1] INFO  impl.RoleInfo (RoleInfo.java:shutdownLeaderState(93)) - dc31b473-b1c6-4224-b715-646a963524cb: shutdown dc31b473-b1c6-4224-b715-646a963524cb@group-AE3FE3969E60-LeaderStateImpl
2023-06-06 14:27:54,291 [dc31b473-b1c6-4224-b715-646a963524cb-impl-thread2] INFO  util.JmxRegister (JmxRegister.java:unregister(73)) - Successfully un-registered JMX Bean with object name Ratis:service=RaftServer,group=group-3AD3F39C7A92,id=dc31b473-b1c6-4224-b715-646a963524cb
2023-06-06 14:27:54,291 [dc31b473-b1c6-4224-b715-646a963524cb-impl-thread2] INFO  impl.RoleInfo (RoleInfo.java:shutdownLeaderState(93)) - dc31b473-b1c6-4224-b715-646a963524cb: shutdown dc31b473-b1c6-4224-b715-646a963524cb@group-3AD3F39C7A92-LeaderStateImpl
2023-06-06 14:27:54,291 [dc31b473-b1c6-4224-b715-646a963524cb-impl-thread2] INFO  impl.PendingRequests (PendingRequests.java:sendNotLeaderResponses(289)) - dc31b473-b1c6-4224-b715-646a963524cb@group-3AD3F39C7A92-PendingRequests: sendNotLeaderResponses
2023-06-06 14:27:54,291 [dc31b473-b1c6-4224-b715-646a963524cb-impl-thread3] INFO  util.JmxRegister (JmxRegister.java:unregister(73)) - Successfully un-registered JMX Bean with object name Ratis:service=RaftServer,group=group-6E1B3B21AFAD,id=dc31b473-b1c6-4224-b715-646a963524cb
2023-06-06 14:27:54,291 [dc31b473-b1c6-4224-b715-646a963524cb-impl-thread3] INFO  impl.RoleInfo (RoleInfo.java:shutdownFollowerState(110)) - dc31b473-b1c6-4224-b715-646a963524cb: shutdown dc31b473-b1c6-4224-b715-646a963524cb@group-6E1B3B21AFAD-FollowerState
2023-06-06 14:27:54,291 [dc31b473-b1c6-4224-b715-646a963524cb-impl-thread2] INFO  impl.StateMachineUpdater (StateMachineUpdater.java:stopAndJoin(155)) - dc31b473-b1c6-4224-b715-646a963524cb@group-3AD3F39C7A92-StateMachineUpdater: set stopIndex = 0
2023-06-06 14:27:54,291 [dc31b473-b1c6-4224-b715-646a963524cb@group-3AD3F39C7A92-StateMachineUpdater] INFO  ratis.ContainerStateMachine (ContainerStateMachine.java:takeSnapshot(330)) - group-3AD3F39C7A92: Taking a snapshot at:(t:1, i:0) file /home/runner/work/ozone/ozone/hadoop-ozone/integration-test/target/test-dir/MiniOzoneClusterImpl-0067d30e-4f89-4c9b-b2b0-188d8bbd32e4/datanode-0/data/ratis/021d9ddb-9642-41f3-9b79-3ad3f39c7a92/sm/snapshot.1_0
2023-06-06 14:27:54,292 [dc31b473-b1c6-4224-b715-646a963524cb-impl-thread3] INFO  impl.StateMachineUpdater (StateMachineUpdater.java:stopAndJoin(155)) - dc31b473-b1c6-4224-b715-646a963524cb@group-6E1B3B21AFAD-StateMachineUpdater: set stopIndex = -1
2023-06-06 14:27:54,292 [dc31b473-b1c6-4224-b715-646a963524cb-impl-thread3] INFO  server.RaftServer$Division (ServerState.java:close(472)) - dc31b473-b1c6-4224-b715-646a963524cb@group-6E1B3B21AFAD: closes. applyIndex: -1
2023-06-06 14:27:54,292 [dc31b473-b1c6-4224-b715-646a963524cb-impl-thread1] INFO  impl.PendingRequests (PendingRequests.java:sendNotLeaderResponses(289)) - dc31b473-b1c6-4224-b715-646a963524cb@group-AE3FE3969E60-PendingRequests: sendNotLeaderResponses
2023-06-06 14:27:54,292 [dc31b473-b1c6-4224-b715-646a963524cb-impl-thread1] INFO  impl.StateMachineUpdater (StateMachineUpdater.java:stopAndJoin(155)) - dc31b473-b1c6-4224-b715-646a963524cb@group-AE3FE3969E60-StateMachineUpdater: set stopIndex = 0
2023-06-06 14:27:54,292 [dc31b473-b1c6-4224-b715-646a963524cb@group-AE3FE3969E60->eace5f59-788d-4728-aabc-814a8b7743c4-GrpcLogAppender-LogAppenderDaemon] WARN  server.GrpcLogAppender (GrpcLogAppender.java:mayWait(199)) - dc31b473-b1c6-4224-b715-646a963524cb@group-AE3FE3969E60->eace5f59-788d-4728-aabc-814a8b7743c4-GrpcLogAppender: Wait interrupted by java.lang.InterruptedException
2023-06-06 14:27:54,292 [dc31b473-b1c6-4224-b715-646a963524cb@group-AE3FE3969E60->15c64375-eb37-4995-8297-e35bcf5786b9-GrpcLogAppender-LogAppenderDaemon] WARN  server.GrpcLogAppender (GrpcLogAppender.java:mayWait(199)) - dc31b473-b1c6-4224-b715-646a963524cb@group-AE3FE3969E60->15c64375-eb37-4995-8297-e35bcf5786b9-GrpcLogAppender: Wait interrupted by java.lang.InterruptedException
2023-06-06 14:27:54,292 [dc31b473-b1c6-4224-b715-646a963524cb@group-6E1B3B21AFAD-FollowerState] INFO  impl.FollowerState (FollowerState.java:run(152)) - dc31b473-b1c6-4224-b715-646a963524cb@group-6E1B3B21AFAD-FollowerState was interrupted
2023-06-06 14:27:54,293 [dc31b473-b1c6-4224-b715-646a963524cb@group-AE3FE3969E60-StateMachineUpdater] INFO  ratis.ContainerStateMachine (ContainerStateMachine.java:takeSnapshot(330)) - group-AE3FE3969E60: Taking a snapshot at:(t:1, i:0) file /home/runner/work/ozone/ozone/hadoop-ozone/integration-test/target/test-dir/MiniOzoneClusterImpl-0067d30e-4f89-4c9b-b2b0-188d8bbd32e4/datanode-0/data/ratis/ce016cde-559d-42e9-81d0-ae3fe3969e60/sm/snapshot.1_0
2023-06-06 14:27:54,293 [dc31b473-b1c6-4224-b715-646a963524cb@group-3AD3F39C7A92-StateMachineUpdater] INFO  ratis.ContainerStateMachine (ContainerStateMachine.java:takeSnapshot(341)) - group-3AD3F39C7A92: Finished taking a snapshot at:(t:1, i:0) file:/home/runner/work/ozone/ozone/hadoop-ozone/integration-test/target/test-dir/MiniOzoneClusterImpl-0067d30e-4f89-4c9b-b2b0-188d8bbd32e4/datanode-0/data/ratis/021d9ddb-9642-41f3-9b79-3ad3f39c7a92/sm/snapshot.1_0 took: 1 ms
2023-06-06 14:27:54,295 [Thread-1134] INFO  server.GrpcServerProtocolClient (GrpcServerProtocolClient.java:close(103)) - eace5f59-788d-4728-aabc-814a8b7743c4 Close channels
2023-06-06 14:27:54,296 [grpc-default-executor-7] INFO  server.GrpcServerProtocolService (GrpcServerProtocolService.java:onCompleted(155)) - 15c64375-eb37-4995-8297-e35bcf5786b9: Completed APPEND_ENTRIES, lastRequest: null
2023-06-06 14:27:54,296 [grpc-default-executor-7] INFO  server.GrpcServerProtocolService (GrpcServerProtocolService.java:lambda$onCompleted$5(157)) - 15c64375-eb37-4995-8297-e35bcf5786b9: Completed APPEND_ENTRIES, lastReply: serverReply {
  requestorId: "dc31b473-b1c6-4224-b715-646a963524cb"
  replyId: "15c64375-eb37-4995-8297-e35bcf5786b9"
  raftGroupId {
    id: "\316\001l\336U\235B\351\201\320\256?\343\226\236`"
  }
  success: true
}
term: 1
followerCommit: 18446744073709551615
matchIndex: 18446744073709551615
isHearbeat: true

2023-06-06 14:27:54,297 [grpc-default-executor-6] INFO  server.GrpcServerProtocolService (GrpcServerProtocolService.java:onCompleted(155)) - 15c64375-eb37-4995-8297-e35bcf5786b9: Completed APPEND_ENTRIES, lastRequest: dc31b473-b1c6-4224-b715-646a963524cb->15c64375-eb37-4995-8297-e35bcf5786b9#1-t1,previous=(t:0, i:0),leaderCommit=-1,initializing? true,entries: size=1, first=(t:1, i:0), CONFIGURATIONENTRY(current:id: "dc31b473-b1c6-4224-b715-646a963524cb"
address: "10.1.0.37:15066"
priority: 1
dataStreamAddress: "10.1.0.37:15067"
clientAddress: "10.1.0.37:15064"
adminAddress: "10.1.0.37:15065"
startupRole: FOLLOWER
,id: "eace5f59-788d-4728-aabc-814a8b7743c4"
address: "10.1.0.37:15084"
dataStreamAddress: "10.1.0.37:15085"
clientAddress: "10.1.0.37:15082"
adminAddress: "10.1.0.37:15083"
startupRole: FOLLOWER
,id: "15c64375-eb37-4995-8297-e35bcf5786b9"
address: "10.1.0.37:15075"
dataStreamAddress: "10.1.0.37:15076"
clientAddress: "10.1.0.37:15073"
adminAddress: "10.1.0.37:15074"
startupRole: FOLLOWER
, old:)
2023-06-06 14:27:54,297 [grpc-default-executor-6] INFO  server.GrpcServerProtocolService (GrpcServerProtocolService.java:lambda$onCompleted$5(157)) - 15c64375-eb37-4995-8297-e35bcf5786b9: Completed APPEND_ENTRIES, lastReply: null
2023-06-06 14:27:54,299 [grpc-default-executor-4] INFO  server.GrpcLogAppender (GrpcLogAppender.java:onCompleted(428)) - 15c64375-eb37-4995-8297-e35bcf5786b9@group-6E1B3B21AFAD->dc31b473-b1c6-4224-b715-646a963524cb-AppendLogResponseHandler: follower responses appendEntries COMPLETED
2023-06-06 14:27:54,299 [grpc-default-executor-4] WARN  server.GrpcLogAppender (GrpcLogAppender.java:resetClient(137)) - 15c64375-eb37-4995-8297-e35bcf5786b9@group-6E1B3B21AFAD->dc31b473-b1c6-4224-b715-646a963524cb-GrpcLogAppender: Failed to getClient for dc31b473-b1c6-4224-b715-646a963524cb
org.apache.ratis.protocol.exceptions.AlreadyClosedException: 15c64375-eb37-4995-8297-e35bcf5786b9 is already CLOSED
	at org.apache.ratis.util.PeerProxyMap$PeerAndProxy.getProxy(PeerProxyMap.java:61)
	at org.apache.ratis.util.PeerProxyMap.getProxy(PeerProxyMap.java:115)
	at org.apache.ratis.grpc.server.GrpcLogAppender.getClient(GrpcLogAppender.java:112)
	at org.apache.ratis.grpc.server.GrpcLogAppender.resetClient(GrpcLogAppender.java:117)
	at org.apache.ratis.grpc.server.GrpcLogAppender.access$500(GrpcLogAppender.java:56)
	at org.apache.ratis.grpc.server.GrpcLogAppender$AppendLogResponseHandler.onCompleted(GrpcLogAppender.java:429)
	at org.apache.ratis.thirdparty.io.grpc.stub.ClientCalls$StreamObserverToCallListenerAdapter.onClose(ClientCalls.java:485)
	at org.apache.ratis.thirdparty.io.grpc.internal.ClientCallImpl.closeObserver(ClientCallImpl.java:563)
	at org.apache.ratis.thirdparty.io.grpc.internal.ClientCallImpl.access$300(ClientCallImpl.java:70)
	at org.apache.ratis.thirdparty.io.grpc.internal.ClientCallImpl$ClientStreamListenerImpl$1StreamClosed.runInternal(ClientCallImpl.java:744)
	at org.apache.ratis.thirdparty.io.grpc.internal.ClientCallImpl$ClientStreamListenerImpl$1StreamClosed.runInContext(ClientCallImpl.java:723)
	at org.apache.ratis.thirdparty.io.grpc.internal.ContextRunnable.run(ContextRunnable.java:37)
	at org.apache.ratis.thirdparty.io.grpc.internal.SerializingExecutor.run(SerializingExecutor.java:133)
	at java.util.concurrent.ThreadPoolExecutor.runWorker(ThreadPoolExecutor.java:1149)
	at java.util.concurrent.ThreadPoolExecutor$Worker.run(ThreadPoolExecutor.java:624)
	at java.lang.Thread.run(Thread.java:750)
2023-06-06 14:27:54,299 [dc31b473-b1c6-4224-b715-646a963524cb@group-3AD3F39C7A92-StateMachineUpdater] INFO  impl.StateMachineUpdater (StateMachineUpdater.java:takeSnapshot(291)) - dc31b473-b1c6-4224-b715-646a963524cb@group-3AD3F39C7A92-StateMachineUpdater: Took a snapshot at index 0
2023-06-06 14:27:54,299 [dc31b473-b1c6-4224-b715-646a963524cb@group-3AD3F39C7A92-StateMachineUpdater] INFO  impl.StateMachineUpdater (StateMachineUpdater.java:lambda$new$0(97)) - dc31b473-b1c6-4224-b715-646a963524cb@group-3AD3F39C7A92-StateMachineUpdater: snapshotIndex: updateIncreasingly -1 -> 0
2023-06-06 14:27:54,299 [dc31b473-b1c6-4224-b715-646a963524cb-impl-thread2] INFO  server.RaftServer$Division (ServerState.java:close(472)) - dc31b473-b1c6-4224-b715-646a963524cb@group-3AD3F39C7A92: closes. applyIndex: 0
2023-06-06 14:27:54,299 [dc31b473-b1c6-4224-b715-646a963524cb@group-AE3FE3969E60-StateMachineUpdater] INFO  ratis.ContainerStateMachine (ContainerStateMachine.java:takeSnapshot(341)) - group-AE3FE3969E60: Finished taking a snapshot at:(t:1, i:0) file:/home/runner/work/ozone/ozone/hadoop-ozone/integration-test/target/test-dir/MiniOzoneClusterImpl-0067d30e-4f89-4c9b-b2b0-188d8bbd32e4/datanode-0/data/ratis/ce016cde-559d-42e9-81d0-ae3fe3969e60/sm/snapshot.1_0 took: 7 ms
2023-06-06 14:27:54,300 [dc31b473-b1c6-4224-b715-646a963524cb@group-AE3FE3969E60-StateMachineUpdater] INFO  impl.StateMachineUpdater (StateMachineUpdater.java:takeSnapshot(291)) - dc31b473-b1c6-4224-b715-646a963524cb@group-AE3FE3969E60-StateMachineUpdater: Took a snapshot at index 0
2023-06-06 14:27:54,300 [dc31b473-b1c6-4224-b715-646a963524cb@group-AE3FE3969E60-StateMachineUpdater] INFO  impl.StateMachineUpdater (StateMachineUpdater.java:lambda$new$0(97)) - dc31b473-b1c6-4224-b715-646a963524cb@group-AE3FE3969E60-StateMachineUpdater: snapshotIndex: updateIncreasingly -1 -> 0
2023-06-06 14:27:54,300 [dc31b473-b1c6-4224-b715-646a963524cb-impl-thread1] INFO  server.RaftServer$Division (ServerState.java:close(472)) - dc31b473-b1c6-4224-b715-646a963524cb@group-AE3FE3969E60: closes. applyIndex: 0
2023-06-06 14:27:54,301 [grpc-default-executor-6] INFO  server.GrpcServerProtocolService (GrpcServerProtocolService.java:onCompleted(155)) - eace5f59-788d-4728-aabc-814a8b7743c4: Completed APPEND_ENTRIES, lastRequest: null
2023-06-06 14:27:54,301 [grpc-default-executor-6] INFO  server.GrpcServerProtocolService (GrpcServerProtocolService.java:lambda$onCompleted$5(157)) - eace5f59-788d-4728-aabc-814a8b7743c4: Completed APPEND_ENTRIES, lastReply: serverReply {
  requestorId: "dc31b473-b1c6-4224-b715-646a963524cb"
  replyId: "eace5f59-788d-4728-aabc-814a8b7743c4"
  raftGroupId {
    id: "\316\001l\336U\235B\351\201\320\256?\343\226\236`"
  }
  success: true
}
term: 1
followerCommit: 18446744073709551615
matchIndex: 18446744073709551615
isHearbeat: true

2023-06-06 14:27:54,302 [ForkJoinPool.commonPool-worker-3] INFO  ozoneimpl.OzoneContainer (OzoneContainer.java:stop(420)) - Attempting to stop container services.
2023-06-06 14:27:54,302 [ForkJoinPool.commonPool-worker-3] INFO  server.RaftServer (RaftServerProxy.java:lambda$close$6(416)) - eace5f59-788d-4728-aabc-814a8b7743c4: close
2023-06-06 14:27:54,302 [eace5f59-788d-4728-aabc-814a8b7743c4-impl-thread1] INFO  server.RaftServer$Division (RaftServerImpl.java:lambda$close$4(466)) - eace5f59-788d-4728-aabc-814a8b7743c4@group-AE3FE3969E60: shutdown
2023-06-06 14:27:54,302 [eace5f59-788d-4728-aabc-814a8b7743c4-impl-thread1] INFO  util.JmxRegister (JmxRegister.java:unregister(73)) - Successfully un-registered JMX Bean with object name Ratis:service=RaftServer,group=group-AE3FE3969E60,id=eace5f59-788d-4728-aabc-814a8b7743c4
2023-06-06 14:27:54,302 [eace5f59-788d-4728-aabc-814a8b7743c4-impl-thread1] INFO  impl.RoleInfo (RoleInfo.java:shutdownFollowerState(110)) - eace5f59-788d-4728-aabc-814a8b7743c4: shutdown eace5f59-788d-4728-aabc-814a8b7743c4@group-AE3FE3969E60-FollowerState
2023-06-06 14:27:54,302 [eace5f59-788d-4728-aabc-814a8b7743c4-impl-thread1] INFO  impl.StateMachineUpdater (StateMachineUpdater.java:stopAndJoin(155)) - eace5f59-788d-4728-aabc-814a8b7743c4@group-AE3FE3969E60-StateMachineUpdater: set stopIndex = -1
2023-06-06 14:27:54,302 [grpc-default-executor-4] INFO  server.GrpcServerProtocolService (GrpcServerProtocolService.java:onCompleted(155)) - eace5f59-788d-4728-aabc-814a8b7743c4: Completed APPEND_ENTRIES, lastRequest: dc31b473-b1c6-4224-b715-646a963524cb->eace5f59-788d-4728-aabc-814a8b7743c4#1-t1,previous=(t:0, i:0),leaderCommit=-1,initializing? true,entries: size=1, first=(t:1, i:0), CONFIGURATIONENTRY(current:id: "dc31b473-b1c6-4224-b715-646a963524cb"
address: "10.1.0.37:15066"
priority: 1
dataStreamAddress: "10.1.0.37:15067"
clientAddress: "10.1.0.37:15064"
adminAddress: "10.1.0.37:15065"
startupRole: FOLLOWER
,id: "eace5f59-788d-4728-aabc-814a8b7743c4"
address: "10.1.0.37:15084"
dataStreamAddress: "10.1.0.37:15085"
clientAddress: "10.1.0.37:15082"
adminAddress: "10.1.0.37:15083"
startupRole: FOLLOWER
,id: "15c64375-eb37-4995-8297-e35bcf5786b9"
address: "10.1.0.37:15075"
dataStreamAddress: "10.1.0.37:15076"
clientAddress: "10.1.0.37:15073"
adminAddress: "10.1.0.37:15074"
startupRole: FOLLOWER
, old:)
2023-06-06 14:27:54,302 [grpc-default-executor-4] INFO  server.GrpcServerProtocolService (GrpcServerProtocolService.java:lambda$onCompleted$5(157)) - eace5f59-788d-4728-aabc-814a8b7743c4: Completed APPEND_ENTRIES, lastReply: null
2023-06-06 14:27:54,302 [eace5f59-788d-4728-aabc-814a8b7743c4@group-AE3FE3969E60-FollowerState] INFO  impl.FollowerState (FollowerState.java:run(152)) - eace5f59-788d-4728-aabc-814a8b7743c4@group-AE3FE3969E60-FollowerState was interrupted
2023-06-06 14:27:54,307 [eace5f59-788d-4728-aabc-814a8b7743c4-impl-thread1] INFO  server.RaftServer$Division (ServerState.java:close(472)) - eace5f59-788d-4728-aabc-814a8b7743c4@group-AE3FE3969E60: closes. applyIndex: -1
2023-06-06 14:27:54,307 [15c64375-eb37-4995-8297-e35bcf5786b9-impl-thread3] INFO  segmented.SegmentedRaftLogWorker (SegmentedRaftLogWorker.java:close(252)) - 15c64375-eb37-4995-8297-e35bcf5786b9@group-07C4F9050203-SegmentedRaftLogWorker close()
2023-06-06 14:27:54,307 [Thread-1136] INFO  server.GrpcServerProtocolClient (GrpcServerProtocolClient.java:close(103)) - 15c64375-eb37-4995-8297-e35bcf5786b9 Close channels
2023-06-06 14:27:54,307 [Time-limited test] INFO  server.GrpcService (GrpcService.java:closeImpl(320)) - 15c64375-eb37-4995-8297-e35bcf5786b9: shutdown server org.apache.ratis.grpc.server.GrpcClientProtocolService successfully
2023-06-06 14:27:54,307 [Time-limited test] INFO  server.GrpcService (GrpcService.java:closeImpl(311)) - 15c64375-eb37-4995-8297-e35bcf5786b9: shutdown server GrpcServerProtocolService now
2023-06-06 14:27:54,308 [grpc-default-executor-1] INFO  server.GrpcLogAppender (GrpcLogAppender.java:onCompleted(428)) - dc31b473-b1c6-4224-b715-646a963524cb@group-AE3FE3969E60->15c64375-eb37-4995-8297-e35bcf5786b9-AppendLogResponseHandler: follower responses appendEntries COMPLETED
2023-06-06 14:27:54,308 [grpc-default-executor-1] WARN  server.GrpcLogAppender (GrpcLogAppender.java:resetClient(137)) - dc31b473-b1c6-4224-b715-646a963524cb@group-AE3FE3969E60->15c64375-eb37-4995-8297-e35bcf5786b9-GrpcLogAppender: Failed to getClient for 15c64375-eb37-4995-8297-e35bcf5786b9
org.apache.ratis.protocol.exceptions.AlreadyClosedException: dc31b473-b1c6-4224-b715-646a963524cb is already CLOSED
	at org.apache.ratis.util.PeerProxyMap$PeerAndProxy.getProxy(PeerProxyMap.java:61)
	at org.apache.ratis.util.PeerProxyMap.getProxy(PeerProxyMap.java:115)
	at org.apache.ratis.grpc.server.GrpcLogAppender.getClient(GrpcLogAppender.java:112)
	at org.apache.ratis.grpc.server.GrpcLogAppender.resetClient(GrpcLogAppender.java:117)
	at org.apache.ratis.grpc.server.GrpcLogAppender.access$500(GrpcLogAppender.java:56)
	at org.apache.ratis.grpc.server.GrpcLogAppender$AppendLogResponseHandler.onCompleted(GrpcLogAppender.java:429)
	at org.apache.ratis.thirdparty.io.grpc.stub.ClientCalls$StreamObserverToCallListenerAdapter.onClose(ClientCalls.java:485)
	at org.apache.ratis.thirdparty.io.grpc.internal.ClientCallImpl.closeObserver(ClientCallImpl.java:563)
	at org.apache.ratis.thirdparty.io.grpc.internal.ClientCallImpl.access$300(ClientCallImpl.java:70)
	at org.apache.ratis.thirdparty.io.grpc.internal.ClientCallImpl$ClientStreamListenerImpl$1StreamClosed.runInternal(ClientCallImpl.java:744)
	at org.apache.ratis.thirdparty.io.grpc.internal.ClientCallImpl$ClientStreamListenerImpl$1StreamClosed.runInContext(ClientCallImpl.java:723)
	at org.apache.ratis.thirdparty.io.grpc.internal.ContextRunnable.run(ContextRunnable.java:37)
	at org.apache.ratis.thirdparty.io.grpc.internal.SerializingExecutor.run(SerializingExecutor.java:133)
	at java.util.concurrent.ThreadPoolExecutor.runWorker(ThreadPoolExecutor.java:1149)
	at java.util.concurrent.ThreadPoolExecutor$Worker.run(ThreadPoolExecutor.java:624)
	at java.lang.Thread.run(Thread.java:750)
2023-06-06 14:27:54,306 [grpc-default-executor-4] INFO  server.GrpcLogAppender (GrpcLogAppender.java:onCompleted(428)) - dc31b473-b1c6-4224-b715-646a963524cb@group-AE3FE3969E60->eace5f59-788d-4728-aabc-814a8b7743c4-AppendLogResponseHandler: follower responses appendEntries COMPLETED
2023-06-06 14:27:54,308 [grpc-default-executor-4] WARN  server.GrpcLogAppender (GrpcLogAppender.java:resetClient(137)) - dc31b473-b1c6-4224-b715-646a963524cb@group-AE3FE3969E60->eace5f59-788d-4728-aabc-814a8b7743c4-GrpcLogAppender: Failed to getClient for eace5f59-788d-4728-aabc-814a8b7743c4
org.apache.ratis.protocol.exceptions.AlreadyClosedException: dc31b473-b1c6-4224-b715-646a963524cb is already CLOSED
	at org.apache.ratis.util.PeerProxyMap$PeerAndProxy.getProxy(PeerProxyMap.java:61)
	at org.apache.ratis.util.PeerProxyMap.getProxy(PeerProxyMap.java:115)
	at org.apache.ratis.grpc.server.GrpcLogAppender.getClient(GrpcLogAppender.java:112)
	at org.apache.ratis.grpc.server.GrpcLogAppender.resetClient(GrpcLogAppender.java:117)
	at org.apache.ratis.grpc.server.GrpcLogAppender.access$500(GrpcLogAppender.java:56)
	at org.apache.ratis.grpc.server.GrpcLogAppender$AppendLogResponseHandler.onCompleted(GrpcLogAppender.java:429)
	at org.apache.ratis.thirdparty.io.grpc.stub.ClientCalls$StreamObserverToCallListenerAdapter.onClose(ClientCalls.java:485)
	at org.apache.ratis.thirdparty.io.grpc.internal.ClientCallImpl.closeObserver(ClientCallImpl.java:563)
	at org.apache.ratis.thirdparty.io.grpc.internal.ClientCallImpl.access$300(ClientCallImpl.java:70)
	at org.apache.ratis.thirdparty.io.grpc.internal.ClientCallImpl$ClientStreamListenerImpl$1StreamClosed.runInternal(ClientCallImpl.java:744)
	at org.apache.ratis.thirdparty.io.grpc.internal.ClientCallImpl$ClientStreamListenerImpl$1StreamClosed.runInContext(ClientCallImpl.java:723)
	at org.apache.ratis.thirdparty.io.grpc.internal.ContextRunnable.run(ContextRunnable.java:37)
	at org.apache.ratis.thirdparty.io.grpc.internal.SerializingExecutor.run(SerializingExecutor.java:133)
	at java.util.concurrent.ThreadPoolExecutor.runWorker(ThreadPoolExecutor.java:1149)
	at java.util.concurrent.ThreadPoolExecutor$Worker.run(ThreadPoolExecutor.java:624)
	at java.lang.Thread.run(Thread.java:750)
2023-06-06 14:27:54,306 [grpc-default-executor-6] INFO  server.GrpcLogAppender (GrpcLogAppender.java:onCompleted(428)) - dc31b473-b1c6-4224-b715-646a963524cb@group-AE3FE3969E60->eace5f59-788d-4728-aabc-814a8b7743c4-AppendLogResponseHandler: follower responses appendEntries COMPLETED
2023-06-06 14:27:54,308 [grpc-default-executor-6] WARN  server.GrpcLogAppender (GrpcLogAppender.java:resetClient(137)) - dc31b473-b1c6-4224-b715-646a963524cb@group-AE3FE3969E60->eace5f59-788d-4728-aabc-814a8b7743c4-GrpcLogAppender: Failed to getClient for eace5f59-788d-4728-aabc-814a8b7743c4
org.apache.ratis.protocol.exceptions.AlreadyClosedException: dc31b473-b1c6-4224-b715-646a963524cb is already CLOSED
	at org.apache.ratis.util.PeerProxyMap$PeerAndProxy.getProxy(PeerProxyMap.java:61)
	at org.apache.ratis.util.PeerProxyMap.getProxy(PeerProxyMap.java:115)
	at org.apache.ratis.grpc.server.GrpcLogAppender.getClient(GrpcLogAppender.java:112)
	at org.apache.ratis.grpc.server.GrpcLogAppender.resetClient(GrpcLogAppender.java:117)
	at org.apache.ratis.grpc.server.GrpcLogAppender.access$500(GrpcLogAppender.java:56)
	at org.apache.ratis.grpc.server.GrpcLogAppender$AppendLogResponseHandler.onCompleted(GrpcLogAppender.java:429)
	at org.apache.ratis.thirdparty.io.grpc.stub.ClientCalls$StreamObserverToCallListenerAdapter.onClose(ClientCalls.java:485)
	at org.apache.ratis.thirdparty.io.grpc.internal.ClientCallImpl.closeObserver(ClientCallImpl.java:563)
	at org.apache.ratis.thirdparty.io.grpc.internal.ClientCallImpl.access$300(ClientCallImpl.java:70)
	at org.apache.ratis.thirdparty.io.grpc.internal.ClientCallImpl$ClientStreamListenerImpl$1StreamClosed.runInternal(ClientCallImpl.java:744)
	at org.apache.ratis.thirdparty.io.grpc.internal.ClientCallImpl$ClientStreamListenerImpl$1StreamClosed.runInContext(ClientCallImpl.java:723)
	at org.apache.ratis.thirdparty.io.grpc.internal.ContextRunnable.run(ContextRunnable.java:37)
	at org.apache.ratis.thirdparty.io.grpc.internal.SerializingExecutor.run(SerializingExecutor.java:133)
	at java.util.concurrent.ThreadPoolExecutor.runWorker(ThreadPoolExecutor.java:1149)
	at java.util.concurrent.ThreadPoolExecutor$Worker.run(ThreadPoolExecutor.java:624)
	at java.lang.Thread.run(Thread.java:750)
2023-06-06 14:27:54,304 [grpc-default-executor-7] INFO  server.GrpcLogAppender (GrpcLogAppender.java:onCompleted(428)) - dc31b473-b1c6-4224-b715-646a963524cb@group-AE3FE3969E60->15c64375-eb37-4995-8297-e35bcf5786b9-AppendLogResponseHandler: follower responses appendEntries COMPLETED
2023-06-06 14:27:54,309 [grpc-default-executor-7] WARN  server.GrpcLogAppender (GrpcLogAppender.java:resetClient(137)) - dc31b473-b1c6-4224-b715-646a963524cb@group-AE3FE3969E60->15c64375-eb37-4995-8297-e35bcf5786b9-GrpcLogAppender: Failed to getClient for 15c64375-eb37-4995-8297-e35bcf5786b9
org.apache.ratis.protocol.exceptions.AlreadyClosedException: dc31b473-b1c6-4224-b715-646a963524cb is already CLOSED
	at org.apache.ratis.util.PeerProxyMap$PeerAndProxy.getProxy(PeerProxyMap.java:61)
	at org.apache.ratis.util.PeerProxyMap.getProxy(PeerProxyMap.java:115)
	at org.apache.ratis.grpc.server.GrpcLogAppender.getClient(GrpcLogAppender.java:112)
	at org.apache.ratis.grpc.server.GrpcLogAppender.resetClient(GrpcLogAppender.java:117)
	at org.apache.ratis.grpc.server.GrpcLogAppender.access$500(GrpcLogAppender.java:56)
	at org.apache.ratis.grpc.server.GrpcLogAppender$AppendLogResponseHandler.onCompleted(GrpcLogAppender.java:429)
	at org.apache.ratis.thirdparty.io.grpc.stub.ClientCalls$StreamObserverToCallListenerAdapter.onClose(ClientCalls.java:485)
	at org.apache.ratis.thirdparty.io.grpc.internal.ClientCallImpl.closeObserver(ClientCallImpl.java:563)
	at org.apache.ratis.thirdparty.io.grpc.internal.ClientCallImpl.access$300(ClientCallImpl.java:70)
	at org.apache.ratis.thirdparty.io.grpc.internal.ClientCallImpl$ClientStreamListenerImpl$1StreamClosed.runInternal(ClientCallImpl.java:744)
	at org.apache.ratis.thirdparty.io.grpc.internal.ClientCallImpl$ClientStreamListenerImpl$1StreamClosed.runInContext(ClientCallImpl.java:723)
	at org.apache.ratis.thirdparty.io.grpc.internal.ContextRunnable.run(ContextRunnable.java:37)
	at org.apache.ratis.thirdparty.io.grpc.internal.SerializingExecutor.run(SerializingExecutor.java:133)
	at java.util.concurrent.ThreadPoolExecutor.runWorker(ThreadPoolExecutor.java:1149)
	at java.util.concurrent.ThreadPoolExecutor$Worker.run(ThreadPoolExecutor.java:624)
	at java.lang.Thread.run(Thread.java:750)
2023-06-06 14:27:54,304 [ForkJoinPool.commonPool-worker-3] INFO  server.GrpcService (GrpcService.java:closeImpl(311)) - eace5f59-788d-4728-aabc-814a8b7743c4: shutdown server org.apache.ratis.grpc.server.GrpcClientProtocolService now
2023-06-06 14:27:54,304 [eace5f59-788d-4728-aabc-814a8b7743c4-impl-thread2] INFO  server.RaftServer$Division (RaftServerImpl.java:lambda$close$4(466)) - eace5f59-788d-4728-aabc-814a8b7743c4@group-6E1B3B21AFAD: shutdown
2023-06-06 14:27:54,310 [eace5f59-788d-4728-aabc-814a8b7743c4-impl-thread2] INFO  util.JmxRegister (JmxRegister.java:unregister(73)) - Successfully un-registered JMX Bean with object name Ratis:service=RaftServer,group=group-6E1B3B21AFAD,id=eace5f59-788d-4728-aabc-814a8b7743c4
2023-06-06 14:27:54,310 [eace5f59-788d-4728-aabc-814a8b7743c4-impl-thread2] INFO  impl.RoleInfo (RoleInfo.java:shutdownFollowerState(110)) - eace5f59-788d-4728-aabc-814a8b7743c4: shutdown eace5f59-788d-4728-aabc-814a8b7743c4@group-6E1B3B21AFAD-FollowerState
2023-06-06 14:27:54,308 [eace5f59-788d-4728-aabc-814a8b7743c4-impl-thread3] INFO  server.RaftServer$Division (RaftServerImpl.java:lambda$close$4(466)) - eace5f59-788d-4728-aabc-814a8b7743c4@group-20554733FFE1: shutdown
2023-06-06 14:27:54,310 [eace5f59-788d-4728-aabc-814a8b7743c4-impl-thread3] INFO  util.JmxRegister (JmxRegister.java:unregister(73)) - Successfully un-registered JMX Bean with object name Ratis:service=RaftServer,group=group-20554733FFE1,id=eace5f59-788d-4728-aabc-814a8b7743c4
2023-06-06 14:27:54,310 [eace5f59-788d-4728-aabc-814a8b7743c4-impl-thread3] INFO  impl.RoleInfo (RoleInfo.java:shutdownLeaderState(93)) - eace5f59-788d-4728-aabc-814a8b7743c4: shutdown eace5f59-788d-4728-aabc-814a8b7743c4@group-20554733FFE1-LeaderStateImpl
2023-06-06 14:27:54,310 [eace5f59-788d-4728-aabc-814a8b7743c4-impl-thread3] INFO  impl.PendingRequests (PendingRequests.java:sendNotLeaderResponses(289)) - eace5f59-788d-4728-aabc-814a8b7743c4@group-20554733FFE1-PendingRequests: sendNotLeaderResponses
2023-06-06 14:27:54,310 [eace5f59-788d-4728-aabc-814a8b7743c4-impl-thread3] INFO  impl.StateMachineUpdater (StateMachineUpdater.java:stopAndJoin(155)) - eace5f59-788d-4728-aabc-814a8b7743c4@group-20554733FFE1-StateMachineUpdater: set stopIndex = 0
2023-06-06 14:27:54,311 [eace5f59-788d-4728-aabc-814a8b7743c4@group-20554733FFE1-StateMachineUpdater] INFO  ratis.ContainerStateMachine (ContainerStateMachine.java:takeSnapshot(330)) - group-20554733FFE1: Taking a snapshot at:(t:1, i:0) file /home/runner/work/ozone/ozone/hadoop-ozone/integration-test/target/test-dir/MiniOzoneClusterImpl-0067d30e-4f89-4c9b-b2b0-188d8bbd32e4/datanode-2/data/ratis/a1ec1af0-d03b-4b1f-8082-20554733ffe1/sm/snapshot.1_0
2023-06-06 14:27:54,311 [eace5f59-788d-4728-aabc-814a8b7743c4@group-20554733FFE1-StateMachineUpdater] INFO  ratis.ContainerStateMachine (ContainerStateMachine.java:takeSnapshot(341)) - group-20554733FFE1: Finished taking a snapshot at:(t:1, i:0) file:/home/runner/work/ozone/ozone/hadoop-ozone/integration-test/target/test-dir/MiniOzoneClusterImpl-0067d30e-4f89-4c9b-b2b0-188d8bbd32e4/datanode-2/data/ratis/a1ec1af0-d03b-4b1f-8082-20554733ffe1/sm/snapshot.1_0 took: 1 ms
2023-06-06 14:27:54,312 [eace5f59-788d-4728-aabc-814a8b7743c4@group-20554733FFE1-StateMachineUpdater] INFO  impl.StateMachineUpdater (StateMachineUpdater.java:takeSnapshot(291)) - eace5f59-788d-4728-aabc-814a8b7743c4@group-20554733FFE1-StateMachineUpdater: Took a snapshot at index 0
2023-06-06 14:27:54,312 [eace5f59-788d-4728-aabc-814a8b7743c4@group-20554733FFE1-StateMachineUpdater] INFO  impl.StateMachineUpdater (StateMachineUpdater.java:lambda$new$0(97)) - eace5f59-788d-4728-aabc-814a8b7743c4@group-20554733FFE1-StateMachineUpdater: snapshotIndex: updateIncreasingly -1 -> 0
2023-06-06 14:27:54,312 [eace5f59-788d-4728-aabc-814a8b7743c4-impl-thread3] INFO  server.RaftServer$Division (ServerState.java:close(472)) - eace5f59-788d-4728-aabc-814a8b7743c4@group-20554733FFE1: closes. applyIndex: 0
2023-06-06 14:27:54,313 [eace5f59-788d-4728-aabc-814a8b7743c4-impl-thread2] INFO  impl.StateMachineUpdater (StateMachineUpdater.java:stopAndJoin(155)) - eace5f59-788d-4728-aabc-814a8b7743c4@group-6E1B3B21AFAD-StateMachineUpdater: set stopIndex = 0
2023-06-06 14:27:54,313 [eace5f59-788d-4728-aabc-814a8b7743c4@group-6E1B3B21AFAD-FollowerState] INFO  impl.FollowerState (FollowerState.java:run(152)) - eace5f59-788d-4728-aabc-814a8b7743c4@group-6E1B3B21AFAD-FollowerState was interrupted
2023-06-06 14:27:54,314 [eace5f59-788d-4728-aabc-814a8b7743c4@group-6E1B3B21AFAD-StateMachineUpdater] INFO  ratis.ContainerStateMachine (ContainerStateMachine.java:takeSnapshot(330)) - group-6E1B3B21AFAD: Taking a snapshot at:(t:1, i:0) file /home/runner/work/ozone/ozone/hadoop-ozone/integration-test/target/test-dir/MiniOzoneClusterImpl-0067d30e-4f89-4c9b-b2b0-188d8bbd32e4/datanode-2/data/ratis/7aa553a3-0e68-43c2-8340-6e1b3b21afad/sm/snapshot.1_0
2023-06-06 14:27:54,315 [Thread-1141] INFO  server.GrpcServerProtocolClient (GrpcServerProtocolClient.java:close(103)) - dc31b473-b1c6-4224-b715-646a963524cb Close channels
2023-06-06 14:27:54,315 [eace5f59-788d-4728-aabc-814a8b7743c4@group-6E1B3B21AFAD-StateMachineUpdater] INFO  ratis.ContainerStateMachine (ContainerStateMachine.java:takeSnapshot(341)) - group-6E1B3B21AFAD: Finished taking a snapshot at:(t:1, i:0) file:/home/runner/work/ozone/ozone/hadoop-ozone/integration-test/target/test-dir/MiniOzoneClusterImpl-0067d30e-4f89-4c9b-b2b0-188d8bbd32e4/datanode-2/data/ratis/7aa553a3-0e68-43c2-8340-6e1b3b21afad/sm/snapshot.1_0 took: 2 ms
2023-06-06 14:27:54,315 [eace5f59-788d-4728-aabc-814a8b7743c4@group-6E1B3B21AFAD-StateMachineUpdater] INFO  impl.StateMachineUpdater (StateMachineUpdater.java:takeSnapshot(291)) - eace5f59-788d-4728-aabc-814a8b7743c4@group-6E1B3B21AFAD-StateMachineUpdater: Took a snapshot at index 0
2023-06-06 14:27:54,315 [eace5f59-788d-4728-aabc-814a8b7743c4@group-6E1B3B21AFAD-StateMachineUpdater] INFO  impl.StateMachineUpdater (StateMachineUpdater.java:lambda$new$0(97)) - eace5f59-788d-4728-aabc-814a8b7743c4@group-6E1B3B21AFAD-StateMachineUpdater: snapshotIndex: updateIncreasingly -1 -> 0
2023-06-06 14:27:54,316 [eace5f59-788d-4728-aabc-814a8b7743c4-impl-thread2] INFO  server.RaftServer$Division (ServerState.java:close(472)) - eace5f59-788d-4728-aabc-814a8b7743c4@group-6E1B3B21AFAD: closes. applyIndex: 0
2023-06-06 14:27:54,316 [Time-limited test] INFO  server.GrpcService (GrpcService.java:closeImpl(320)) - 15c64375-eb37-4995-8297-e35bcf5786b9: shutdown server GrpcServerProtocolService successfully
2023-06-06 14:27:54,316 [Time-limited test] INFO  server.GrpcService (GrpcService.java:closeImpl(311)) - 15c64375-eb37-4995-8297-e35bcf5786b9: shutdown server org.apache.ratis.grpc.server.GrpcAdminProtocolService now
2023-06-06 14:27:54,317 [Thread-1144] INFO  server.GrpcServerProtocolClient (GrpcServerProtocolClient.java:close(103)) - 15c64375-eb37-4995-8297-e35bcf5786b9 Close channels
2023-06-06 14:27:54,322 [dc31b473-b1c6-4224-b715-646a963524cb-impl-thread3] INFO  segmented.SegmentedRaftLogWorker (SegmentedRaftLogWorker.java:close(252)) - dc31b473-b1c6-4224-b715-646a963524cb@group-6E1B3B21AFAD-SegmentedRaftLogWorker close()
2023-06-06 14:27:54,322 [ForkJoinPool.commonPool-worker-2] INFO  server.GrpcService (GrpcService.java:closeImpl(320)) - dc31b473-b1c6-4224-b715-646a963524cb: shutdown server org.apache.ratis.grpc.server.GrpcClientProtocolService successfully
2023-06-06 14:27:54,323 [Time-limited test] INFO  server.GrpcService (GrpcService.java:closeImpl(320)) - 15c64375-eb37-4995-8297-e35bcf5786b9: shutdown server org.apache.ratis.grpc.server.GrpcAdminProtocolService successfully
2023-06-06 14:27:54,323 [15c64375-eb37-4995-8297-e35bcf5786b9-NettyServerStreamRpc-bossGroup--thread1] INFO  logging.LoggingHandler (AbstractInternalLogger.java:log(148)) - [id: 0x545417aa, L:/0:0:0:0:0:0:0:0:15076] CLOSE
2023-06-06 14:27:54,324 [15c64375-eb37-4995-8297-e35bcf5786b9-NettyServerStreamRpc-bossGroup--thread1] INFO  logging.LoggingHandler (AbstractInternalLogger.java:log(148)) - [id: 0x545417aa, L:/0:0:0:0:0:0:0:0:15076] INACTIVE
2023-06-06 14:27:54,324 [15c64375-eb37-4995-8297-e35bcf5786b9-NettyServerStreamRpc-bossGroup--thread1] INFO  logging.LoggingHandler (AbstractInternalLogger.java:log(148)) - [id: 0x545417aa, L:/0:0:0:0:0:0:0:0:15076] UNREGISTERED
2023-06-06 14:27:54,323 [ForkJoinPool.commonPool-worker-2] INFO  server.GrpcService (GrpcService.java:closeImpl(311)) - dc31b473-b1c6-4224-b715-646a963524cb: shutdown server GrpcServerProtocolService now
2023-06-06 14:27:54,331 [ForkJoinPool.commonPool-worker-3] INFO  server.GrpcService (GrpcService.java:closeImpl(320)) - eace5f59-788d-4728-aabc-814a8b7743c4: shutdown server org.apache.ratis.grpc.server.GrpcClientProtocolService successfully
2023-06-06 14:27:54,331 [ForkJoinPool.commonPool-worker-3] INFO  server.GrpcService (GrpcService.java:closeImpl(311)) - eace5f59-788d-4728-aabc-814a8b7743c4: shutdown server GrpcServerProtocolService now
2023-06-06 14:27:54,334 [ForkJoinPool.commonPool-worker-2] INFO  server.GrpcService (GrpcService.java:closeImpl(320)) - dc31b473-b1c6-4224-b715-646a963524cb: shutdown server GrpcServerProtocolService successfully
2023-06-06 14:27:54,334 [ForkJoinPool.commonPool-worker-2] INFO  server.GrpcService (GrpcService.java:closeImpl(311)) - dc31b473-b1c6-4224-b715-646a963524cb: shutdown server org.apache.ratis.grpc.server.GrpcAdminProtocolService now
2023-06-06 14:27:54,342 [ForkJoinPool.commonPool-worker-3] INFO  server.GrpcService (GrpcService.java:closeImpl(320)) - eace5f59-788d-4728-aabc-814a8b7743c4: shutdown server GrpcServerProtocolService successfully
2023-06-06 14:27:54,342 [ForkJoinPool.commonPool-worker-3] INFO  server.GrpcService (GrpcService.java:closeImpl(311)) - eace5f59-788d-4728-aabc-814a8b7743c4: shutdown server org.apache.ratis.grpc.server.GrpcAdminProtocolService now
2023-06-06 14:27:54,343 [ForkJoinPool.commonPool-worker-2] INFO  server.GrpcService (GrpcService.java:closeImpl(320)) - dc31b473-b1c6-4224-b715-646a963524cb: shutdown server org.apache.ratis.grpc.server.GrpcAdminProtocolService successfully
2023-06-06 14:27:54,343 [dc31b473-b1c6-4224-b715-646a963524cb-NettyServerStreamRpc-bossGroup--thread1] INFO  logging.LoggingHandler (AbstractInternalLogger.java:log(148)) - [id: 0xee91d909, L:/0:0:0:0:0:0:0:0:15067] CLOSE
2023-06-06 14:27:54,343 [dc31b473-b1c6-4224-b715-646a963524cb-NettyServerStreamRpc-bossGroup--thread1] INFO  logging.LoggingHandler (AbstractInternalLogger.java:log(148)) - [id: 0xee91d909, L:/0:0:0:0:0:0:0:0:15067] INACTIVE
2023-06-06 14:27:54,343 [dc31b473-b1c6-4224-b715-646a963524cb-NettyServerStreamRpc-bossGroup--thread1] INFO  logging.LoggingHandler (AbstractInternalLogger.java:log(148)) - [id: 0xee91d909, L:/0:0:0:0:0:0:0:0:15067] UNREGISTERED
2023-06-06 14:27:54,347 [ForkJoinPool.commonPool-worker-3] INFO  server.GrpcService (GrpcService.java:closeImpl(320)) - eace5f59-788d-4728-aabc-814a8b7743c4: shutdown server org.apache.ratis.grpc.server.GrpcAdminProtocolService successfully
2023-06-06 14:27:54,353 [eace5f59-788d-4728-aabc-814a8b7743c4-NettyServerStreamRpc-bossGroup--thread1] INFO  logging.LoggingHandler (AbstractInternalLogger.java:log(148)) - [id: 0xccebf5b1, L:/0:0:0:0:0:0:0:0:15085] CLOSE
2023-06-06 14:27:54,353 [eace5f59-788d-4728-aabc-814a8b7743c4-NettyServerStreamRpc-bossGroup--thread1] INFO  logging.LoggingHandler (AbstractInternalLogger.java:log(148)) - [id: 0xccebf5b1, L:/0:0:0:0:0:0:0:0:15085] INACTIVE
2023-06-06 14:27:54,353 [eace5f59-788d-4728-aabc-814a8b7743c4-NettyServerStreamRpc-bossGroup--thread1] INFO  logging.LoggingHandler (AbstractInternalLogger.java:log(148)) - [id: 0xccebf5b1, L:/0:0:0:0:0:0:0:0:15085] UNREGISTERED
2023-06-06 14:27:54,526 [eace5f59-788d-4728-aabc-814a8b7743c4-impl-thread3] INFO  segmented.SegmentedRaftLogWorker (SegmentedRaftLogWorker.java:close(252)) - eace5f59-788d-4728-aabc-814a8b7743c4@group-20554733FFE1-SegmentedRaftLogWorker close()
2023-06-06 14:27:55,004 [dc31b473-b1c6-4224-b715-646a963524cb-impl-thread2] INFO  segmented.SegmentedRaftLogWorker (SegmentedRaftLogWorker.java:close(252)) - dc31b473-b1c6-4224-b715-646a963524cb@group-3AD3F39C7A92-SegmentedRaftLogWorker close()
2023-06-06 14:27:55,085 [dc31b473-b1c6-4224-b715-646a963524cb-impl-thread1] INFO  segmented.SegmentedRaftLogWorker (SegmentedRaftLogWorker.java:close(252)) - dc31b473-b1c6-4224-b715-646a963524cb@group-AE3FE3969E60-SegmentedRaftLogWorker close()
2023-06-06 14:27:55,086 [JvmPauseMonitor10] INFO  util.JvmPauseMonitor (JvmPauseMonitor.java:run(109)) - JvmPauseMonitor-dc31b473-b1c6-4224-b715-646a963524cb: Stopped
2023-06-06 14:27:55,114 [eace5f59-788d-4728-aabc-814a8b7743c4-impl-thread1] INFO  segmented.SegmentedRaftLogWorker (SegmentedRaftLogWorker.java:close(252)) - eace5f59-788d-4728-aabc-814a8b7743c4@group-AE3FE3969E60-SegmentedRaftLogWorker close()
2023-06-06 14:27:55,121 [15c64375-eb37-4995-8297-e35bcf5786b9-impl-thread1] INFO  segmented.SegmentedRaftLogWorker (SegmentedRaftLogWorker.java:close(252)) - 15c64375-eb37-4995-8297-e35bcf5786b9@group-AE3FE3969E60-SegmentedRaftLogWorker close()
2023-06-06 14:27:55,264 [15c64375-eb37-4995-8297-e35bcf5786b9-impl-thread2] INFO  segmented.SegmentedRaftLogWorker (SegmentedRaftLogWorker.java:close(252)) - 15c64375-eb37-4995-8297-e35bcf5786b9@group-6E1B3B21AFAD-SegmentedRaftLogWorker close()
2023-06-06 14:27:55,265 [JvmPauseMonitor11] INFO  util.JvmPauseMonitor (JvmPauseMonitor.java:run(109)) - JvmPauseMonitor-15c64375-eb37-4995-8297-e35bcf5786b9: Stopped
2023-06-06 14:27:55,316 [eace5f59-788d-4728-aabc-814a8b7743c4-impl-thread2] INFO  segmented.SegmentedRaftLogWorker (SegmentedRaftLogWorker.java:close(252)) - eace5f59-788d-4728-aabc-814a8b7743c4@group-6E1B3B21AFAD-SegmentedRaftLogWorker close()
2023-06-06 14:27:55,317 [JvmPauseMonitor12] INFO  util.JvmPauseMonitor (JvmPauseMonitor.java:run(109)) - JvmPauseMonitor-eace5f59-788d-4728-aabc-814a8b7743c4: Stopped
2023-06-06 14:27:57,090 [ForkJoinPool.commonPool-worker-2] INFO  utils.DatanodeStoreCache (DatanodeStoreCache.java:shutdownCache(110)) - Skip clearing cache in mini cluster mode. Entries left: [/home/runner/work/ozone/ozone/hadoop-ozone/integration-test/target/test-dir/MiniOzoneClusterImpl-0067d30e-4f89-4c9b-b2b0-188d8bbd32e4/datanode-0/data-0/containers/hdds/0067d30e-4f89-4c9b-b2b0-188d8bbd32e4/DS-ad0a3b0d-fa61-42a0-a0d6-a9afea53d005/container.db, /home/runner/work/ozone/ozone/hadoop-ozone/integration-test/target/test-dir/MiniOzoneClusterImpl-0067d30e-4f89-4c9b-b2b0-188d8bbd32e4/datanode-1/data-0/containers/hdds/0067d30e-4f89-4c9b-b2b0-188d8bbd32e4/DS-070065ae-d2eb-4b41-9357-4d8736863b2e/container.db, /home/runner/work/ozone/ozone/hadoop-ozone/integration-test/target/test-dir/MiniOzoneClusterImpl-0067d30e-4f89-4c9b-b2b0-188d8bbd32e4/datanode-2/data-0/containers/hdds/0067d30e-4f89-4c9b-b2b0-188d8bbd32e4/DS-b8f6e916-d50d-4eaa-b945-82d9157dd3ec/container.db]
2023-06-06 14:27:57,093 [ForkJoinPool.commonPool-worker-2] INFO  utils.DatanodeStoreCache (DatanodeStoreCache.java:removeDB(104)) - Removed db /home/runner/work/ozone/ozone/hadoop-ozone/integration-test/target/test-dir/MiniOzoneClusterImpl-0067d30e-4f89-4c9b-b2b0-188d8bbd32e4/datanode-0/data-0/containers/hdds/0067d30e-4f89-4c9b-b2b0-188d8bbd32e4/DS-ad0a3b0d-fa61-42a0-a0d6-a9afea53d005/container.db from cache
2023-06-06 14:27:57,093 [ForkJoinPool.commonPool-worker-2] INFO  volume.HddsVolume (HddsVolume.java:closeDbStore(437)) - SchemaV3 db is stopped at /home/runner/work/ozone/ozone/hadoop-ozone/integration-test/target/test-dir/MiniOzoneClusterImpl-0067d30e-4f89-4c9b-b2b0-188d8bbd32e4/datanode-0/data-0/containers/hdds/0067d30e-4f89-4c9b-b2b0-188d8bbd32e4/DS-ad0a3b0d-fa61-42a0-a0d6-a9afea53d005/container.db for volume DS-ad0a3b0d-fa61-42a0-a0d6-a9afea53d005
2023-06-06 14:27:57,094 [ForkJoinPool.commonPool-worker-2] INFO  utils.BackgroundService (BackgroundService.java:shutdown(141)) - Shutting down service BlockDeletingService
2023-06-06 14:27:57,094 [ForkJoinPool.commonPool-worker-2] INFO  utils.BackgroundService (BackgroundService.java:shutdown(141)) - Shutting down service StaleRecoveringContainerScrubbingService
2023-06-06 14:27:57,098 [ForkJoinPool.commonPool-worker-2] INFO  statemachine.DatanodeStateMachine (DatanodeStateMachine.java:stopDaemon(605)) - Ozone container server stopped.
2023-06-06 14:27:57,107 [ForkJoinPool.commonPool-worker-2] INFO  handler.ContextHandler (ContextHandler.java:doStop(1159)) - Stopped o.e.j.w.WebAppContext@3eafb425{hddsDatanode,/,null,STOPPED}{jar:file:/home/runner/.m2/repository/org/apache/ozone/hdds-container-service/1.4.0-SNAPSHOT/hdds-container-service-1.4.0-SNAPSHOT.jar!/webapps/hddsDatanode}
2023-06-06 14:27:57,109 [ForkJoinPool.commonPool-worker-2] INFO  server.AbstractConnector (AbstractConnector.java:doStop(383)) - Stopped ServerConnector@5fa954f1{HTTP/1.1, (http/1.1)}{0.0.0.0:15061}
2023-06-06 14:27:57,110 [ForkJoinPool.commonPool-worker-2] INFO  server.session (HouseKeeper.java:stopScavenging(149)) - node0 Stopped scavenging
2023-06-06 14:27:57,111 [ForkJoinPool.commonPool-worker-2] INFO  handler.ContextHandler (ContextHandler.java:doStop(1159)) - Stopped o.e.j.s.ServletContextHandler@32d01219{static,/static,jar:file:/home/runner/.m2/repository/org/apache/ozone/hdds-container-service/1.4.0-SNAPSHOT/hdds-container-service-1.4.0-SNAPSHOT.jar!/webapps/static,STOPPED}
2023-06-06 14:27:57,111 [ForkJoinPool.commonPool-worker-2] INFO  handler.ContextHandler (ContextHandler.java:doStop(1159)) - Stopped o.e.j.s.ServletContextHandler@6d2734bf{logs,/logs,file:///home/runner/work/ozone/ozone/hadoop-ozone/integration-test/target/log,STOPPED}
2023-06-06 14:27:57,112 [ForkJoinPool.commonPool-worker-2] INFO  ozone.HddsDatanodeClientProtocolServer (HddsDatanodeClientProtocolServer.java:stop(89)) - Stopping the RPC server for Client Protocol
2023-06-06 14:27:57,113 [ForkJoinPool.commonPool-worker-2] INFO  ipc.Server (Server.java:stop(3501)) - Stopping server on 15062
2023-06-06 14:27:57,113 [IPC Server listener on 15062] INFO  ipc.Server (Server.java:run(1430)) - Stopping IPC Server listener on 15062
2023-06-06 14:27:57,114 [IPC Server Responder] INFO  ipc.Server (Server.java:run(1563)) - Stopping IPC Server Responder
2023-06-06 14:27:57,271 [Time-limited test] INFO  utils.DatanodeStoreCache (DatanodeStoreCache.java:shutdownCache(110)) - Skip clearing cache in mini cluster mode. Entries left: [/home/runner/work/ozone/ozone/hadoop-ozone/integration-test/target/test-dir/MiniOzoneClusterImpl-0067d30e-4f89-4c9b-b2b0-188d8bbd32e4/datanode-1/data-0/containers/hdds/0067d30e-4f89-4c9b-b2b0-188d8bbd32e4/DS-070065ae-d2eb-4b41-9357-4d8736863b2e/container.db, /home/runner/work/ozone/ozone/hadoop-ozone/integration-test/target/test-dir/MiniOzoneClusterImpl-0067d30e-4f89-4c9b-b2b0-188d8bbd32e4/datanode-2/data-0/containers/hdds/0067d30e-4f89-4c9b-b2b0-188d8bbd32e4/DS-b8f6e916-d50d-4eaa-b945-82d9157dd3ec/container.db]
2023-06-06 14:27:57,272 [Time-limited test] INFO  utils.DatanodeStoreCache (DatanodeStoreCache.java:removeDB(104)) - Removed db /home/runner/work/ozone/ozone/hadoop-ozone/integration-test/target/test-dir/MiniOzoneClusterImpl-0067d30e-4f89-4c9b-b2b0-188d8bbd32e4/datanode-1/data-0/containers/hdds/0067d30e-4f89-4c9b-b2b0-188d8bbd32e4/DS-070065ae-d2eb-4b41-9357-4d8736863b2e/container.db from cache
2023-06-06 14:27:57,272 [Time-limited test] INFO  volume.HddsVolume (HddsVolume.java:closeDbStore(437)) - SchemaV3 db is stopped at /home/runner/work/ozone/ozone/hadoop-ozone/integration-test/target/test-dir/MiniOzoneClusterImpl-0067d30e-4f89-4c9b-b2b0-188d8bbd32e4/datanode-1/data-0/containers/hdds/0067d30e-4f89-4c9b-b2b0-188d8bbd32e4/DS-070065ae-d2eb-4b41-9357-4d8736863b2e/container.db for volume DS-070065ae-d2eb-4b41-9357-4d8736863b2e
2023-06-06 14:27:57,272 [Time-limited test] INFO  utils.BackgroundService (BackgroundService.java:shutdown(141)) - Shutting down service BlockDeletingService
2023-06-06 14:27:57,273 [Time-limited test] INFO  utils.BackgroundService (BackgroundService.java:shutdown(141)) - Shutting down service StaleRecoveringContainerScrubbingService
2023-06-06 14:27:57,273 [Time-limited test] INFO  statemachine.DatanodeStateMachine (DatanodeStateMachine.java:stopDaemon(605)) - Ozone container server stopped.
2023-06-06 14:27:57,281 [Time-limited test] INFO  handler.ContextHandler (ContextHandler.java:doStop(1159)) - Stopped o.e.j.w.WebAppContext@44d1993d{hddsDatanode,/,null,STOPPED}{jar:file:/home/runner/.m2/repository/org/apache/ozone/hdds-container-service/1.4.0-SNAPSHOT/hdds-container-service-1.4.0-SNAPSHOT.jar!/webapps/hddsDatanode}
2023-06-06 14:27:57,283 [Time-limited test] INFO  server.AbstractConnector (AbstractConnector.java:doStop(383)) - Stopped ServerConnector@7b0467a3{HTTP/1.1, (http/1.1)}{0.0.0.0:15070}
2023-06-06 14:27:57,283 [Time-limited test] INFO  server.session (HouseKeeper.java:stopScavenging(149)) - node0 Stopped scavenging
2023-06-06 14:27:57,283 [Time-limited test] INFO  handler.ContextHandler (ContextHandler.java:doStop(1159)) - Stopped o.e.j.s.ServletContextHandler@22ff671c{static,/static,jar:file:/home/runner/.m2/repository/org/apache/ozone/hdds-container-service/1.4.0-SNAPSHOT/hdds-container-service-1.4.0-SNAPSHOT.jar!/webapps/static,STOPPED}
2023-06-06 14:27:57,283 [Time-limited test] INFO  handler.ContextHandler (ContextHandler.java:doStop(1159)) - Stopped o.e.j.s.ServletContextHandler@bea9576{logs,/logs,file:///home/runner/work/ozone/ozone/hadoop-ozone/integration-test/target/log,STOPPED}
2023-06-06 14:27:57,284 [Time-limited test] INFO  ozone.HddsDatanodeClientProtocolServer (HddsDatanodeClientProtocolServer.java:stop(89)) - Stopping the RPC server for Client Protocol
2023-06-06 14:27:57,284 [Time-limited test] INFO  ipc.Server (Server.java:stop(3501)) - Stopping server on 15071
2023-06-06 14:27:57,285 [IPC Server Responder] INFO  ipc.Server (Server.java:run(1563)) - Stopping IPC Server Responder
2023-06-06 14:27:57,285 [IPC Server listener on 15071] INFO  ipc.Server (Server.java:run(1430)) - Stopping IPC Server listener on 15071
2023-06-06 14:27:57,320 [ForkJoinPool.commonPool-worker-3] INFO  utils.DatanodeStoreCache (DatanodeStoreCache.java:shutdownCache(110)) - Skip clearing cache in mini cluster mode. Entries left: [/home/runner/work/ozone/ozone/hadoop-ozone/integration-test/target/test-dir/MiniOzoneClusterImpl-0067d30e-4f89-4c9b-b2b0-188d8bbd32e4/datanode-2/data-0/containers/hdds/0067d30e-4f89-4c9b-b2b0-188d8bbd32e4/DS-b8f6e916-d50d-4eaa-b945-82d9157dd3ec/container.db]
2023-06-06 14:27:57,322 [ForkJoinPool.commonPool-worker-3] INFO  utils.DatanodeStoreCache (DatanodeStoreCache.java:removeDB(104)) - Removed db /home/runner/work/ozone/ozone/hadoop-ozone/integration-test/target/test-dir/MiniOzoneClusterImpl-0067d30e-4f89-4c9b-b2b0-188d8bbd32e4/datanode-2/data-0/containers/hdds/0067d30e-4f89-4c9b-b2b0-188d8bbd32e4/DS-b8f6e916-d50d-4eaa-b945-82d9157dd3ec/container.db from cache
2023-06-06 14:27:57,323 [ForkJoinPool.commonPool-worker-3] INFO  volume.HddsVolume (HddsVolume.java:closeDbStore(437)) - SchemaV3 db is stopped at /home/runner/work/ozone/ozone/hadoop-ozone/integration-test/target/test-dir/MiniOzoneClusterImpl-0067d30e-4f89-4c9b-b2b0-188d8bbd32e4/datanode-2/data-0/containers/hdds/0067d30e-4f89-4c9b-b2b0-188d8bbd32e4/DS-b8f6e916-d50d-4eaa-b945-82d9157dd3ec/container.db for volume DS-b8f6e916-d50d-4eaa-b945-82d9157dd3ec
2023-06-06 14:27:57,323 [ForkJoinPool.commonPool-worker-3] INFO  utils.BackgroundService (BackgroundService.java:shutdown(141)) - Shutting down service BlockDeletingService
2023-06-06 14:27:57,323 [ForkJoinPool.commonPool-worker-3] INFO  utils.BackgroundService (BackgroundService.java:shutdown(141)) - Shutting down service StaleRecoveringContainerScrubbingService
2023-06-06 14:27:57,324 [ForkJoinPool.commonPool-worker-3] INFO  statemachine.DatanodeStateMachine (DatanodeStateMachine.java:stopDaemon(605)) - Ozone container server stopped.
2023-06-06 14:27:57,334 [ForkJoinPool.commonPool-worker-3] INFO  handler.ContextHandler (ContextHandler.java:doStop(1159)) - Stopped o.e.j.w.WebAppContext@2893a0e7{hddsDatanode,/,null,STOPPED}{jar:file:/home/runner/.m2/repository/org/apache/ozone/hdds-container-service/1.4.0-SNAPSHOT/hdds-container-service-1.4.0-SNAPSHOT.jar!/webapps/hddsDatanode}
2023-06-06 14:27:57,336 [ForkJoinPool.commonPool-worker-3] INFO  server.AbstractConnector (AbstractConnector.java:doStop(383)) - Stopped ServerConnector@3640b575{HTTP/1.1, (http/1.1)}{0.0.0.0:15079}
2023-06-06 14:27:57,336 [ForkJoinPool.commonPool-worker-3] INFO  server.session (HouseKeeper.java:stopScavenging(149)) - node0 Stopped scavenging
2023-06-06 14:27:57,338 [ForkJoinPool.commonPool-worker-3] INFO  handler.ContextHandler (ContextHandler.java:doStop(1159)) - Stopped o.e.j.s.ServletContextHandler@e402b7b{static,/static,jar:file:/home/runner/.m2/repository/org/apache/ozone/hdds-container-service/1.4.0-SNAPSHOT/hdds-container-service-1.4.0-SNAPSHOT.jar!/webapps/static,STOPPED}
2023-06-06 14:27:57,338 [ForkJoinPool.commonPool-worker-3] INFO  handler.ContextHandler (ContextHandler.java:doStop(1159)) - Stopped o.e.j.s.ServletContextHandler@621d157e{logs,/logs,file:///home/runner/work/ozone/ozone/hadoop-ozone/integration-test/target/log,STOPPED}
2023-06-06 14:27:57,339 [ForkJoinPool.commonPool-worker-3] INFO  ozone.HddsDatanodeClientProtocolServer (HddsDatanodeClientProtocolServer.java:stop(89)) - Stopping the RPC server for Client Protocol
2023-06-06 14:27:57,339 [ForkJoinPool.commonPool-worker-3] INFO  ipc.Server (Server.java:stop(3501)) - Stopping server on 15080
2023-06-06 14:27:57,340 [IPC Server Responder] INFO  ipc.Server (Server.java:run(1563)) - Stopping IPC Server Responder
2023-06-06 14:27:57,340 [IPC Server listener on 15080] INFO  ipc.Server (Server.java:run(1430)) - Stopping IPC Server listener on 15080
2023-06-06 14:27:57,342 [Time-limited test] INFO  ozone.MiniOzoneClusterImpl (MiniOzoneClusterImpl.java:stopSCM(537)) - Stopping the StorageContainerManager
2023-06-06 14:27:57,342 [Time-limited test] INFO  server.StorageContainerManager (StorageContainerManager.java:stop(1562)) - Container Balancer is not running.
2023-06-06 14:27:57,342 [Time-limited test] INFO  server.StorageContainerManager (StorageContainerManager.java:stopReplicationManager(1693)) - Stopping Replication Manager Service.
2023-06-06 14:27:57,342 [Time-limited test] INFO  replication.ReplicationManager (ReplicationManager.java:stop(332)) - Stopping Replication Monitor Thread.
2023-06-06 14:27:57,342 [Time-limited test] INFO  server.StorageContainerManager (StorageContainerManager.java:stop(1571)) - Stopping the Datanode Admin Monitor.
2023-06-06 14:27:57,343 [Under Replicated Processor] WARN  replication.UnhealthyReplicationProcessor (UnhealthyReplicationProcessor.java:run(167)) - Under Replicated Processor interrupted. Exiting...
2023-06-06 14:27:57,343 [Time-limited test] INFO  server.StorageContainerManager (StorageContainerManager.java:stop(1578)) - Stopping datanode service RPC server
2023-06-06 14:27:57,343 [Time-limited test] INFO  server.SCMDatanodeProtocolServer (SCMDatanodeProtocolServer.java:stop(424)) - Stopping the RPC server for DataNodes
2023-06-06 14:27:57,343 [Time-limited test] INFO  ipc.Server (Server.java:stop(3501)) - Stopping server on 15054
2023-06-06 14:27:57,343 [Over Replicated Processor] WARN  replication.UnhealthyReplicationProcessor (UnhealthyReplicationProcessor.java:run(167)) - Over Replicated Processor interrupted. Exiting...
2023-06-06 14:27:57,343 [ReplicationMonitor] INFO  replication.ReplicationManager (ReplicationManager.java:run(938)) - Replication Monitor Thread is stopped
2023-06-06 14:27:57,344 [IPC Server listener on 15054] INFO  ipc.Server (Server.java:run(1430)) - Stopping IPC Server listener on 15054
2023-06-06 14:27:57,346 [IPC Server Responder] INFO  ipc.Server (Server.java:run(1563)) - Stopping IPC Server Responder
2023-06-06 14:27:57,346 [SCM Heartbeat Processing Thread - 0] WARN  node.NodeStateManager (NodeStateManager.java:scheduleNextHealthCheck(870)) - Current Thread is interrupted, shutting down HB processing thread for Node Manager.
2023-06-06 14:27:57,346 [Time-limited test] INFO  server.StorageContainerManager (StorageContainerManager.java:stop(1586)) - Stopping block service RPC server
2023-06-06 14:27:57,347 [Time-limited test] INFO  server.SCMBlockProtocolServer (SCMBlockProtocolServer.java:stop(161)) - Stopping the RPC server for Block Protocol
2023-06-06 14:27:57,347 [Time-limited test] INFO  ipc.Server (Server.java:stop(3501)) - Stopping server on 15053
2023-06-06 14:27:57,348 [IPC Server listener on 15053] INFO  ipc.Server (Server.java:run(1430)) - Stopping IPC Server listener on 15053
2023-06-06 14:27:57,350 [IPC Server Responder] INFO  ipc.Server (Server.java:run(1563)) - Stopping IPC Server Responder
2023-06-06 14:27:57,350 [Time-limited test] INFO  server.StorageContainerManager (StorageContainerManager.java:stop(1593)) - Stopping the StorageContainerLocationProtocol RPC server
2023-06-06 14:27:57,351 [Time-limited test] INFO  server.SCMClientProtocolServer (SCMClientProtocolServer.java:stop(208)) - Stopping the RPC server for Client Protocol
2023-06-06 14:27:57,351 [Time-limited test] INFO  ipc.Server (Server.java:stop(3501)) - Stopping server on 15052
2023-06-06 14:27:57,351 [IPC Server listener on 15052] INFO  ipc.Server (Server.java:run(1430)) - Stopping IPC Server listener on 15052
2023-06-06 14:27:57,353 [Time-limited test] INFO  server.StorageContainerManager (StorageContainerManager.java:stop(1600)) - Stopping Storage Container Manager HTTP server.
2023-06-06 14:27:57,353 [IPC Server Responder] INFO  ipc.Server (Server.java:run(1563)) - Stopping IPC Server Responder
2023-06-06 14:27:57,353 [Time-limited test] INFO  handler.ContextHandler (ContextHandler.java:doStop(1159)) - Stopped o.e.j.w.WebAppContext@59d1dab9{scm,/,null,STOPPED}{file:/home/runner/work/ozone/ozone/hadoop-ozone/integration-test/target/test-classes/webapps/scm}
2023-06-06 14:27:57,354 [Time-limited test] INFO  server.AbstractConnector (AbstractConnector.java:doStop(383)) - Stopped ServerConnector@268a1f35{HTTP/1.1, (http/1.1)}{0.0.0.0:15055}
2023-06-06 14:27:57,354 [Time-limited test] INFO  server.session (HouseKeeper.java:stopScavenging(149)) - node0 Stopped scavenging
2023-06-06 14:27:57,354 [Time-limited test] INFO  handler.ContextHandler (ContextHandler.java:doStop(1159)) - Stopped o.e.j.s.ServletContextHandler@2da5ecc6{static,/static,file:///home/runner/work/ozone/ozone/hadoop-ozone/integration-test/target/test-classes/webapps/static,STOPPED}
2023-06-06 14:27:57,354 [Time-limited test] INFO  handler.ContextHandler (ContextHandler.java:doStop(1159)) - Stopped o.e.j.s.ServletContextHandler@4ed8f743{logs,/logs,file:///home/runner/work/ozone/ozone/hadoop-ozone/integration-test/target/log,STOPPED}
2023-06-06 14:27:57,355 [Time-limited test] INFO  server.StorageContainerManager (StorageContainerManager.java:stop(1608)) - Stopping SCM LayoutVersionManager Service.
2023-06-06 14:27:57,355 [Time-limited test] INFO  server.StorageContainerManager (StorageContainerManager.java:stop(1616)) - Stopping Block Manager Service.
2023-06-06 14:27:57,355 [Time-limited test] INFO  utils.BackgroundService (BackgroundService.java:shutdown(141)) - Shutting down service SCMBlockDeletingService
2023-06-06 14:27:57,355 [Time-limited test] INFO  utils.BackgroundService (BackgroundService.java:shutdown(141)) - Shutting down service SCMBlockDeletingService
2023-06-06 14:27:57,355 [Time-limited test] INFO  server.StorageContainerManager (StorageContainerManager.java:stop(1638)) - Stopping SCM Event Queue.
2023-06-06 14:27:57,356 [JvmPauseMonitor8] INFO  util.JvmPauseMonitor (JvmPauseMonitor.java:run(109)) - JvmPauseMonitor-b3620f31-0fc7-40c6-9562-1107ca5b621a: Stopped
2023-06-06 14:27:57,356 [Time-limited test] INFO  server.StorageContainerManager (StorageContainerManager.java:stop(1649)) - Stopping SCM HA services.
2023-06-06 14:27:57,357 [Time-limited test] INFO  pipeline.BackgroundPipelineCreator (BackgroundPipelineCreator.java:stop(149)) - Stopping RatisPipelineUtilsThread.
2023-06-06 14:27:57,357 [RatisPipelineUtilsThread - 0] WARN  pipeline.BackgroundPipelineCreator (BackgroundPipelineCreator.java:run(180)) - RatisPipelineUtilsThread is interrupted.
2023-06-06 14:27:57,357 [Time-limited test] INFO  BackgroundPipelineScrubber (BackgroundSCMService.java:stop(131)) - Stopping BackgroundPipelineScrubber Service.
2023-06-06 14:27:57,357 [BackgroundPipelineScrubberThread] WARN  BackgroundPipelineScrubber (BackgroundSCMService.java:run(115)) - BackgroundPipelineScrubber is interrupted, exit
2023-06-06 14:27:57,357 [Time-limited test] INFO  impl.MetricsSystemImpl (MetricsSystemImpl.java:stop(210)) - Stopping HddsDatanode metrics system...
2023-06-06 14:27:57,360 [prometheus] INFO  impl.MetricsSinkAdapter (MetricsSinkAdapter.java:publishMetricsFromQueue(141)) - prometheus thread interrupted.
2023-06-06 14:27:57,361 [Time-limited test] INFO  impl.MetricsSystemImpl (MetricsSystemImpl.java:stop(216)) - HddsDatanode metrics system stopped.
2023-06-06 14:27:57,361 [Time-limited test] WARN  pipeline.BackgroundPipelineCreator (BackgroundPipelineCreator.java:stop(145)) - RatisPipelineUtilsThread is not running, just ignore.
2023-06-06 14:27:57,361 [Time-limited test] INFO  BackgroundPipelineScrubber (BackgroundSCMService.java:stop(126)) - BackgroundPipelineScrubber Service is not running, skip stop.
2023-06-06 14:27:57,361 [Time-limited test] INFO  ExpiredContainerReplicaOpScrubber (BackgroundSCMService.java:stop(131)) - Stopping ExpiredContainerReplicaOpScrubber Service.
2023-06-06 14:27:57,361 [ExpiredContainerReplicaOpScrubberThread] WARN  ExpiredContainerReplicaOpScrubber (BackgroundSCMService.java:run(115)) - ExpiredContainerReplicaOpScrubber is interrupted, exit
2023-06-06 14:27:57,361 [Time-limited test] INFO  utils.BackgroundService (BackgroundService.java:shutdown(141)) - Shutting down service SCMBlockDeletingService
2023-06-06 14:27:57,361 [Time-limited test] INFO  replication.ReplicationManager (ReplicationManager.java:stop(342)) - Replication Monitor Thread is not running.
2023-06-06 14:27:57,361 [Time-limited test] WARN  balancer.ContainerBalancer (ContainerBalancer.java:stop(328)) - Cannot stop Container Balancer because it's not running or stopping
2023-06-06 14:27:57,361 [Lease Manager-LeaseManager#LeaseMonitor] WARN  lease.LeaseManager (LeaseManager.java:run(272)) - Lease manager is interrupted. Shutting down...
java.lang.InterruptedException
	at java.util.concurrent.locks.AbstractQueuedSynchronizer.doAcquireSharedNanos(AbstractQueuedSynchronizer.java:1039)
	at java.util.concurrent.locks.AbstractQueuedSynchronizer.tryAcquireSharedNanos(AbstractQueuedSynchronizer.java:1328)
	at java.util.concurrent.Semaphore.tryAcquire(Semaphore.java:409)
	at org.apache.hadoop.ozone.lease.LeaseManager$LeaseMonitor.run(LeaseManager.java:270)
	at java.lang.Thread.run(Thread.java:750)
2023-06-06 14:27:57,361 [Time-limited test] INFO  server.StorageContainerManager (StorageContainerManager.java:stop(1684)) - Stopping SCM MetadataStore.
]]></system-out>
  </testcase>
  <testcase name="testCloseContainerCommandOnRestart" classname="org.apache.hadoop.ozone.TestStorageContainerManager" time="39.222">
    <system-out><![CDATA[2023-06-06 14:27:57,397 [Time-limited test] WARN  server.ServerUtils (ServerUtils.java:getScmDbDir(155)) - ozone.scm.db.dirs is not configured. We recommend adding this setting. Falling back to ozone.metadata.dirs instead.
2023-06-06 14:27:57,400 [Time-limited test] WARN  server.ServerUtils (ServerUtils.java:getScmDbDir(155)) - ozone.scm.db.dirs is not configured. We recommend adding this setting. Falling back to ozone.metadata.dirs instead.
2023-06-06 14:27:57,400 [Time-limited test] INFO  ha.SCMHANodeDetails (SCMHANodeDetails.java:loadSCMHAConfig(209)) - ServiceID for StorageContainerManager is null
2023-06-06 14:27:57,400 [Time-limited test] WARN  ha.SCMHANodeDetails (SCMHANodeDetails.java:validateSCMHAConfig(182)) - Invalid config ozone.scm.ratis.enable. The config was not specified, but the default value true conflicts with the expected config value false. Falling back to the expected value. Current State of SCM: SCM is running in Non-HA without Ratis Ratis SCM -> Non Ratis SCM or Non HA SCM -> HA SCM is not supported
2023-06-06 14:27:57,400 [Time-limited test] INFO  ha.SCMHANodeDetails (SCMHANodeDetails.java:loadSCMHAConfig(214)) - ozone.scm.default.service.id is not defined, falling back to ozone.scm.service.ids to find serviceID for StorageContainerManager if it is HA enabled cluster
2023-06-06 14:27:57,401 [Time-limited test] WARN  utils.HAUtils (HAUtils.java:getMetaDir(352)) - ozone.scm.db.dirs is not configured. We recommend adding this setting. Falling back to ozone.metadata.dirs instead.
2023-06-06 14:27:57,401 [Time-limited test] WARN  db.DBStoreBuilder (DBStoreBuilder.java:applyDBDefinition(165)) - ozone.scm.db.dirs is not configured. We recommend adding this setting. Falling back to ozone.metadata.dirs instead.
2023-06-06 14:27:57,491 [Time-limited test] INFO  net.NodeSchemaLoader (NodeSchemaLoader.java:loadSchemaFromFile(129)) - Loading schema from [jar:file:/home/runner/.m2/repository/org/apache/ozone/hdds-common/1.4.0-SNAPSHOT/hdds-common-1.4.0-SNAPSHOT.jar!/network-topology-default.xml]
2023-06-06 14:27:57,491 [Time-limited test] INFO  net.NodeSchemaLoader (NodeSchemaLoader.java:loadSchema(176)) - Loading network topology layer schema file
2023-06-06 14:27:57,493 [Time-limited test] INFO  upgrade.AbstractLayoutVersionManager (AbstractLayoutVersionManager.java:init(83)) - Initializing Layout version manager with metadata layout = HADOOP_PRC_PORTS_IN_DATANODEDETAILS (version = 7), software layout = HADOOP_PRC_PORTS_IN_DATANODEDETAILS (version = 7)
2023-06-06 14:27:57,494 [Time-limited test] INFO  ha.SequenceIdGenerator (SequenceIdGenerator.java:upgradeToSequenceId(349)) - upgrade localId to 111677748019200000
2023-06-06 14:27:57,494 [Time-limited test] INFO  ha.SequenceIdGenerator (SequenceIdGenerator.java:upgradeToSequenceId(359)) - upgrade delTxnId to 0
2023-06-06 14:27:57,495 [Time-limited test] INFO  ha.SequenceIdGenerator (SequenceIdGenerator.java:upgradeToSequenceId(376)) - upgrade containerId to 0
2023-06-06 14:27:57,495 [Time-limited test] INFO  ha.SequenceIdGenerator (SequenceIdGenerator.java:<init>(220)) - Init the HA SequenceIdGenerator.
2023-06-06 14:27:57,495 [Time-limited test] INFO  node.SCMNodeManager (SCMNodeManager.java:<init>(159)) - Entering startup safe mode.
2023-06-06 14:27:57,496 [Time-limited test] INFO  algorithms.ContainerPlacementPolicyFactory (ContainerPlacementPolicyFactory.java:getPolicyInternal(86)) - Create container placement policy of type org.apache.hadoop.hdds.scm.container.placement.algorithms.SCMContainerPlacementRackAware
2023-06-06 14:27:57,496 [Time-limited test] INFO  algorithms.ContainerPlacementPolicyFactory (ContainerPlacementPolicyFactory.java:getPolicyInternal(86)) - Create container placement policy of type org.apache.hadoop.hdds.scm.container.placement.algorithms.SCMContainerPlacementRackScatter
2023-06-06 14:27:57,496 [Time-limited test] INFO  pipeline.PipelineStateManagerImpl (PipelineStateManagerImpl.java:initialize(78)) - No pipeline exists in current db
2023-06-06 14:27:57,496 [Time-limited test] INFO  algorithms.LeaderChoosePolicyFactory (LeaderChoosePolicyFactory.java:getPolicy(57)) - Create leader choose policy of type org.apache.hadoop.hdds.scm.pipeline.leader.choose.algorithms.MinLeaderCountChoosePolicy
2023-06-06 14:27:57,496 [Time-limited test] INFO  algorithms.ContainerPlacementPolicyFactory (ContainerPlacementPolicyFactory.java:getPolicyInternal(86)) - Create container placement policy of type org.apache.hadoop.hdds.scm.container.placement.algorithms.SCMContainerPlacementRackScatter
2023-06-06 14:27:57,496 [Time-limited test] INFO  ha.SCMServiceManager (SCMServiceManager.java:register(42)) - Registering service BackgroundPipelineCreator.
2023-06-06 14:27:57,496 [Time-limited test] INFO  pipeline.BackgroundPipelineCreator (BackgroundPipelineCreator.java:start(124)) - Starting RatisPipelineUtilsThread.
2023-06-06 14:27:57,496 [Time-limited test] INFO  BackgroundPipelineScrubber (BackgroundSCMService.java:start(68)) - Starting BackgroundPipelineScrubber Service.
2023-06-06 14:27:57,497 [Time-limited test] INFO  ha.SCMServiceManager (SCMServiceManager.java:register(42)) - Registering service BackgroundPipelineScrubber.
2023-06-06 14:27:57,497 [Time-limited test] INFO  ExpiredContainerReplicaOpScrubber (BackgroundSCMService.java:start(68)) - Starting ExpiredContainerReplicaOpScrubber Service.
2023-06-06 14:27:57,497 [Time-limited test] INFO  ha.SCMServiceManager (SCMServiceManager.java:register(42)) - Registering service ExpiredContainerReplicaOpScrubber.
2023-06-06 14:27:57,498 [Time-limited test] INFO  algorithms.PipelineChoosePolicyFactory (PipelineChoosePolicyFactory.java:createPipelineChoosePolicyFromClass(73)) - Create pipeline choose policy of type org.apache.hadoop.hdds.scm.pipeline.choose.algorithms.RandomPipelineChoosePolicy
2023-06-06 14:27:57,499 [Time-limited test] INFO  ha.SCMServiceManager (SCMServiceManager.java:register(42)) - Registering service SCMBlockDeletingService.
2023-06-06 14:27:57,499 [Time-limited test] INFO  replication.ReplicationManager (ReplicationManager.java:start(299)) - Starting Replication Monitor Thread.
2023-06-06 14:27:57,505 [Time-limited test] INFO  ha.SCMServiceManager (SCMServiceManager.java:register(42)) - Registering service ReplicationManager.
2023-06-06 14:27:57,505 [ReplicationMonitor] INFO  replication.ReplicationManager (ReplicationManager.java:processAll(374)) - Replication Manager is not ready to run until 3000ms after safemode exit
2023-06-06 14:27:57,506 [Time-limited test] INFO  safemode.ContainerSafeModeRule (ContainerSafeModeRule.java:<init>(89)) - containers with one replica threshold count 0
2023-06-06 14:27:57,506 [Time-limited test] INFO  safemode.HealthyPipelineSafeModeRule (HealthyPipelineSafeModeRule.java:initializeRule(169)) - Total pipeline count is 0, healthy pipeline threshold count is 0
2023-06-06 14:27:57,506 [Time-limited test] INFO  safemode.OneReplicaPipelineSafeModeRule (OneReplicaPipelineSafeModeRule.java:initializeRule(180)) - Total pipeline count is 0, pipeline's with at least one datanode reported threshold count is 0
2023-06-06 14:27:57,507 [Time-limited test] INFO  server.StorageContainerManager (StorageContainerManager.java:<init>(404)) - SCM start with adminUsers: [runner]
2023-06-06 14:27:57,507 [Time-limited test] INFO  ipc.CallQueueManager (CallQueueManager.java:<init>(90)) - Using callQueue: class java.util.concurrent.LinkedBlockingQueue, queueCapacity: 2000, scheduler: class org.apache.hadoop.ipc.DefaultRpcScheduler, ipcBackoff: false.
2023-06-06 14:27:57,507 [Socket Reader #1 for port 15089] INFO  ipc.Server (Server.java:run(1319)) - Starting Socket Reader #1 for port 15089
2023-06-06 14:27:57,508 [Listener at 0.0.0.0/15089] INFO  hdds.HddsUtils (HddsUtils.java:preserveThreadName(843)) - Restoring thread name: Time-limited test
2023-06-06 14:27:57,508 [Time-limited test] INFO  ipc.CallQueueManager (CallQueueManager.java:<init>(90)) - Using callQueue: class java.util.concurrent.LinkedBlockingQueue, queueCapacity: 2000, scheduler: class org.apache.hadoop.ipc.DefaultRpcScheduler, ipcBackoff: false.
2023-06-06 14:27:57,509 [Socket Reader #1 for port 15088] INFO  ipc.Server (Server.java:run(1319)) - Starting Socket Reader #1 for port 15088
2023-06-06 14:27:57,509 [Listener at 0.0.0.0/15088] INFO  hdds.HddsUtils (HddsUtils.java:preserveThreadName(843)) - Restoring thread name: Time-limited test
2023-06-06 14:27:57,510 [Time-limited test] INFO  ipc.CallQueueManager (CallQueueManager.java:<init>(90)) - Using callQueue: class java.util.concurrent.LinkedBlockingQueue, queueCapacity: 2000, scheduler: class org.apache.hadoop.ipc.DefaultRpcScheduler, ipcBackoff: false.
2023-06-06 14:27:57,511 [Socket Reader #1 for port 15087] INFO  ipc.Server (Server.java:run(1319)) - Starting Socket Reader #1 for port 15087
2023-06-06 14:27:57,514 [Listener at 0.0.0.0/15087] INFO  hdds.HddsUtils (HddsUtils.java:preserveThreadName(843)) - Restoring thread name: Time-limited test
2023-06-06 14:27:57,518 [Time-limited test] INFO  ha.SCMServiceManager (SCMServiceManager.java:register(42)) - Registering service ContainerBalancer.
2023-06-06 14:27:57,518 [Time-limited test] INFO  server.StorageContainerManager (StorageContainerManager.java:<init>(416)) - 
Container Balancer status:
Key                            Value
Running                        false
Container Balancer Configuration values:
Key                                                Value
Threshold                                          10
Max Datanodes to Involve per Iteration(percent)    20
Max Size to Move per Iteration                     500GB
Max Size Entering Target per Iteration             26GB
Max Size Leaving Source per Iteration              26GB

2023-06-06 14:27:57,518 [Time-limited test] INFO  ha.SCMContext (SCMContext.java:updateSafeModeStatus(228)) - Update SafeModeStatus from SafeModeStatus{safeModeStatus=true, preCheckPassed=false} to SafeModeStatus{safeModeStatus=true, preCheckPassed=false}.
2023-06-06 14:27:57,518 [Time-limited test] INFO  server.StorageContainerManager (StorageContainerManager.java:start(1468)) - StorageContainerLocationProtocol RPC server is listening at /0.0.0.0:15087
2023-06-06 14:27:57,520 [Time-limited test] WARN  impl.MetricsConfig (MetricsConfig.java:loadFirst(136)) - Cannot locate configuration: tried hadoop-metrics2-storagecontainermanager.properties,hadoop-metrics2.properties
2023-06-06 14:27:57,525 [Time-limited test] INFO  impl.MetricsSystemImpl (MetricsSystemImpl.java:startTimer(378)) - Scheduled Metric snapshot period at 10 second(s).
2023-06-06 14:27:57,526 [Time-limited test] INFO  impl.MetricsSystemImpl (MetricsSystemImpl.java:start(191)) - StorageContainerManager metrics system started
2023-06-06 14:27:57,543 [Time-limited test] INFO  impl.MetricsSinkAdapter (MetricsSinkAdapter.java:start(204)) - Sink prometheus started
2023-06-06 14:27:57,543 [Time-limited test] INFO  impl.MetricsSystemImpl (MetricsSystemImpl.java:registerSink(305)) - Registered sink prometheus
2023-06-06 14:27:57,559 [Time-limited test] INFO  server.SCMClientProtocolServer (SCMClientProtocolServer.java:start(199)) - RPC server for Client  is listening at /0.0.0.0:15087
2023-06-06 14:27:57,559 [IPC Server Responder] INFO  ipc.Server (Server.java:run(1558)) - IPC Server Responder: starting
2023-06-06 14:27:57,562 [IPC Server listener on 15087] INFO  ipc.Server (Server.java:run(1398)) - IPC Server listener on 15087: starting
2023-06-06 14:27:57,567 [Time-limited test] INFO  server.StorageContainerManager (StorageContainerManager.java:start(1482)) - ScmBlockLocationProtocol RPC server is listening at /0.0.0.0:15088
2023-06-06 14:27:57,568 [Time-limited test] INFO  server.SCMBlockProtocolServer (SCMBlockProtocolServer.java:start(152)) - RPC server for Block Protocol is listening at /0.0.0.0:15088
2023-06-06 14:27:57,568 [IPC Server Responder] INFO  ipc.Server (Server.java:run(1558)) - IPC Server Responder: starting
2023-06-06 14:27:57,568 [IPC Server listener on 15088] INFO  ipc.Server (Server.java:run(1398)) - IPC Server listener on 15088: starting
2023-06-06 14:27:57,579 [Time-limited test] INFO  server.SCMDatanodeProtocolServer (SCMDatanodeProtocolServer.java:start(193)) - ScmDatanodeProtocol RPC server for DataNodes is listening at /0.0.0.0:15089
2023-06-06 14:27:57,579 [IPC Server Responder] INFO  ipc.Server (Server.java:run(1558)) - IPC Server Responder: starting
2023-06-06 14:27:57,584 [IPC Server listener on 15089] INFO  ipc.Server (Server.java:run(1398)) - IPC Server listener on 15089: starting
2023-06-06 14:27:57,586 [JvmPauseMonitor13] INFO  util.JvmPauseMonitor (JvmPauseMonitor.java:run(103)) - JvmPauseMonitor-c45a8c34-ef1f-480a-8ce2-18cebd31c812: Started
2023-06-06 14:27:57,587 [Time-limited test] INFO  http.BaseHttpServer (BaseHttpServer.java:newHttpServer2BuilderForOzone(224)) - Starting Web-server for scm at: http://0.0.0.0:15090
2023-06-06 14:27:57,587 [Time-limited test] INFO  http.BaseHttpServer (BaseHttpServer.java:<init>(111)) - Hadoop Security Enabled: false Ozone Security Enabled: false Ozone HTTP Security Enabled: false 
2023-06-06 14:27:57,588 [Time-limited test] WARN  server.AuthenticationFilter (AuthenticationFilter.java:constructSecretProvider(240)) - Unable to initialize FileSignerSecretProvider, falling back to use random secrets. Reason: Could not read signature secret file: /home/runner/hadoop-http-auth-signature-secret
2023-06-06 14:27:57,589 [Time-limited test] INFO  http.HttpRequestLog (HttpRequestLog.java:getRequestLog(86)) - Http request log for http.requests.scm is not defined
2023-06-06 14:27:57,593 [Time-limited test] INFO  http.HttpServer2 (HttpServer2.java:addGlobalFilter(1031)) - Added global filter 'safety' (class=org.apache.hadoop.hdds.server.http.HttpServer2$QuotingInputFilter)
2023-06-06 14:27:57,594 [Time-limited test] INFO  http.HttpServer2 (HttpServer2.java:addFilter(1007)) - Added filter static_user_filter (class=org.apache.hadoop.http.lib.StaticUserWebFilter$StaticUserFilter) to context scm
2023-06-06 14:27:57,594 [Time-limited test] INFO  http.HttpServer2 (HttpServer2.java:addFilter(1015)) - Added filter static_user_filter (class=org.apache.hadoop.http.lib.StaticUserWebFilter$StaticUserFilter) to context static
2023-06-06 14:27:57,594 [Time-limited test] INFO  http.HttpServer2 (HttpServer2.java:addFilter(1015)) - Added filter static_user_filter (class=org.apache.hadoop.http.lib.StaticUserWebFilter$StaticUserFilter) to context logs
2023-06-06 14:27:57,595 [Time-limited test] INFO  http.BaseHttpServer (BaseHttpServer.java:<init>(190)) - HTTP server of scm uses base directory /home/runner/work/ozone/ozone/hadoop-ozone/integration-test/target/test-dir/MiniOzoneClusterImpl-f1a550b1-3bce-4924-83e1-37a2b14d52c4/ozone-meta/webserver
2023-06-06 14:27:57,595 [Time-limited test] INFO  http.HttpServer2 (HttpServer2.java:bindListener(1250)) - Jetty bound to port 15090
2023-06-06 14:27:57,595 [Time-limited test] INFO  server.Server (Server.java:doStart(375)) - jetty-9.4.51.v20230217; built: 2023-02-17T08:19:37.309Z; git: b45c405e4544384de066f814ed42ae3dceacdd49; jvm 1.8.0_372-b07
2023-06-06 14:27:57,596 [Time-limited test] INFO  server.session (DefaultSessionIdManager.java:doStart(334)) - DefaultSessionIdManager workerName=node0
2023-06-06 14:27:57,596 [Time-limited test] INFO  server.session (DefaultSessionIdManager.java:doStart(339)) - No SessionScavenger set, using defaults
2023-06-06 14:27:57,596 [Time-limited test] INFO  server.session (HouseKeeper.java:startScavenging(132)) - node0 Scavenging every 660000ms
2023-06-06 14:27:57,597 [Time-limited test] INFO  handler.ContextHandler (ContextHandler.java:doStart(921)) - Started o.e.j.s.ServletContextHandler@702a828f{logs,/logs,file:///home/runner/work/ozone/ozone/hadoop-ozone/integration-test/target/log,AVAILABLE}
2023-06-06 14:27:57,597 [Time-limited test] INFO  handler.ContextHandler (ContextHandler.java:doStart(921)) - Started o.e.j.s.ServletContextHandler@25227f83{static,/static,file:///home/runner/work/ozone/ozone/hadoop-ozone/integration-test/target/test-classes/webapps/static,AVAILABLE}
2023-06-06 14:27:57,599 [Time-limited test] INFO  handler.ContextHandler (ContextHandler.java:doStart(921)) - Started o.e.j.w.WebAppContext@4b0d13df{scm,/,file:///home/runner/work/ozone/ozone/hadoop-ozone/integration-test/target/test-classes/webapps/scm/,AVAILABLE}{file:/home/runner/work/ozone/ozone/hadoop-ozone/integration-test/target/test-classes/webapps/scm}
2023-06-06 14:27:57,602 [Time-limited test] INFO  server.AbstractConnector (AbstractConnector.java:doStart(333)) - Started ServerConnector@6ebe4ed4{HTTP/1.1, (http/1.1)}{0.0.0.0:15090}
2023-06-06 14:27:57,602 [Time-limited test] INFO  server.Server (Server.java:doStart(415)) - Started @86724ms
2023-06-06 14:27:57,602 [Time-limited test] WARN  impl.MetricsSystemImpl (MetricsSystemImpl.java:register(279)) - Sink prometheus already exists!
2023-06-06 14:27:57,604 [Time-limited test] INFO  http.BaseHttpServer (BaseHttpServer.java:updateConnectorAddress(344)) - HTTP server of scm listening at http://0.0.0.0:15090
2023-06-06 14:27:57,604 [Time-limited test] WARN  server.ServerUtils (ServerUtils.java:getDBPath(311)) - ozone.om.db.dirs is not configured. We recommend adding this setting. Falling back to ozone.metadata.dirs instead.
2023-06-06 14:27:57,606 [Time-limited test] INFO  ha.OMHANodeDetails (OMHANodeDetails.java:loadOMHAConfig(115)) - ozone.om.internal.service.id is not defined, falling back to ozone.om.service.ids to find serviceID for OzoneManager if it is HA enabled cluster
2023-06-06 14:27:57,606 [Time-limited test] INFO  ha.OMHANodeDetails (OMHANodeDetails.java:loadOMHAConfig(226)) - Configuration does not have ozone.om.address set. Falling back to the default OM address /127.0.0.1:15091
2023-06-06 14:27:57,606 [Time-limited test] INFO  ha.OMHANodeDetails (OMHANodeDetails.java:getOMNodeDetailsForNonHA(254)) - OM Service ID is not set. Setting it to the default ID: omServiceIdDefault
2023-06-06 14:27:57,606 [Time-limited test] INFO  ha.OMHANodeDetails (OMHANodeDetails.java:getOMNodeDetailsForNonHA(261)) - OM Node ID is not set. Setting it to the default ID: om1
2023-06-06 14:27:57,606 [Time-limited test] WARN  server.ServerUtils (ServerUtils.java:getDBPath(311)) - ozone.om.db.dirs is not configured. We recommend adding this setting. Falling back to ozone.metadata.dirs instead.
2023-06-06 14:27:57,607 [Time-limited test] INFO  upgrade.AbstractLayoutVersionManager (AbstractLayoutVersionManager.java:init(83)) - Initializing Layout version manager with metadata layout = FILESYSTEM_SNAPSHOT (version = 5), software layout = FILESYSTEM_SNAPSHOT (version = 5)
2023-06-06 14:27:57,692 [Time-limited test] INFO  reflections.Reflections (Reflections.java:scan(232)) - Reflections took 84 ms to scan 2 urls, producing 178 keys and 491 values [using 2 cores]
2023-06-06 14:27:57,692 [Time-limited test] INFO  upgrade.OMLayoutVersionManager (OMLayoutVersionManager.java:lambda$0(115)) - Skipping Upgrade Action MockOmUpgradeAction since it has been finalized.
2023-06-06 14:27:57,692 [Time-limited test] WARN  server.ServerUtils (ServerUtils.java:getDBPath(311)) - ozone.om.db.dirs is not configured. We recommend adding this setting. Falling back to ozone.metadata.dirs instead.
2023-06-06 14:27:57,693 [Time-limited test] INFO  proxy.SCMBlockLocationFailoverProxyProvider (SCMBlockLocationFailoverProxyProvider.java:<init>(114)) - Created block location fail-over proxy with 1 nodes: [nodeId=scmNodeId,nodeAddress=/0.0.0.0:15088]
2023-06-06 14:27:57,694 [Time-limited test] INFO  proxy.SCMBlockLocationFailoverProxyProvider (SCMBlockLocationFailoverProxyProvider.java:<init>(114)) - Created block location fail-over proxy with 1 nodes: [nodeId=scmNodeId,nodeAddress=/0.0.0.0:15088]
2023-06-06 14:27:57,701 [Time-limited test] INFO  om.OzoneManager (OzoneManager.java:<init>(642)) - OM start with adminUsers: [runner]
2023-06-06 14:27:57,702 [Time-limited test] WARN  server.ServerUtils (ServerUtils.java:getDBPath(311)) - ozone.om.db.dirs is not configured. We recommend adding this setting. Falling back to ozone.metadata.dirs instead.
2023-06-06 14:27:57,702 [Time-limited test] INFO  helpers.OmKeyInfo (OmKeyInfo.java:getCodec(71)) - OmKeyInfo.getCodec ignorePipeline = true
2023-06-06 14:27:57,864 [Time-limited test] INFO  om.OzoneManager (OzoneManager.java:instantiateServices(771)) - S3 Multi-Tenancy is disabled
2023-06-06 14:27:57,865 [Time-limited test] INFO  om.OmSnapshotManager (OmSnapshotManager.java:<init>(170)) - Ozone filesystem snapshot feature is enabled.
2023-06-06 14:27:57,865 [Time-limited test] WARN  server.ServerUtils (ServerUtils.java:getDBPath(311)) - ozone.om.snapshot.diff.db.dir is not configured. We recommend adding this setting. Falling back to ozone.metadata.dirs instead.
2023-06-06 14:27:57,886 [Time-limited test] INFO  utils.NativeLibraryLoader (NativeLibraryLoader.java:loadLibrary(103)) - Loading Library: ozone_rocksdb_tools
2023-06-06 14:27:57,888 [Time-limited test] INFO  om.OzoneManager (OzoneManager.java:addS3GVolumeToDB(4254)) - Created Volume s3v With Owner runner required for S3Gateway operations.
2023-06-06 14:27:57,888 [Time-limited test] WARN  server.ServerUtils (ServerUtils.java:getDefaultRatisDirectory(323)) - Storage directory for Ratis is not configured. It is a good idea to map this to an SSD disk. Falling back to ozone.metadata.dirs
2023-06-06 14:27:57,888 [Time-limited test] WARN  utils.OzoneManagerRatisUtils (OzoneManagerRatisUtils.java:getOMRatisSnapshotDirectory(461)) - ozone.om.ratis.snapshot.dir is not configured. Falling back to ozone.metadata.dirs config
2023-06-06 14:27:57,889 [Time-limited test] WARN  server.ServerUtils (ServerUtils.java:getDefaultRatisDirectory(323)) - Storage directory for Ratis is not configured. It is a good idea to map this to an SSD disk. Falling back to ozone.metadata.dirs
2023-06-06 14:27:57,890 [Time-limited test] INFO  ratis.OzoneManagerRatisServer (OzoneManagerRatisServer.java:<init>(163)) - Instantiating OM Ratis server with groupID: omServiceIdDefault and peers: localhost:15094
2023-06-06 14:27:57,890 [Time-limited test] INFO  ratis.OzoneManagerStateMachine (OzoneManagerStateMachine.java:loadSnapshotInfoFromDB(670)) - LastAppliedIndex is set from TransactionInfo from OM DB as (t:0, i:~)
2023-06-06 14:27:57,890 [Time-limited test] INFO  server.RaftServer (ConfUtils.java:logGet(46)) - raft.rpc.type = GRPC (default)
2023-06-06 14:27:57,890 [Time-limited test] INFO  grpc.GrpcConfigKeys (ConfUtils.java:logFallback(53)) - raft.grpc.admin.host = null (fallback to raft.grpc.server.host)
2023-06-06 14:27:57,890 [Time-limited test] INFO  grpc.GrpcConfigKeys (ConfUtils.java:logFallback(53)) - raft.grpc.admin.port = 15094 (fallback to raft.grpc.server.port)
2023-06-06 14:27:57,890 [Time-limited test] INFO  grpc.GrpcConfigKeys (ConfUtils.java:logFallback(53)) - raft.grpc.client.host = null (fallback to raft.grpc.server.host)
2023-06-06 14:27:57,891 [Time-limited test] INFO  grpc.GrpcConfigKeys (ConfUtils.java:logFallback(53)) - raft.grpc.client.port = 15094 (fallback to raft.grpc.server.port)
2023-06-06 14:27:57,891 [Time-limited test] INFO  grpc.GrpcConfigKeys (ConfUtils.java:logGet(46)) - raft.grpc.server.host = null (default)
2023-06-06 14:27:57,891 [Time-limited test] INFO  grpc.GrpcConfigKeys (ConfUtils.java:logGet(46)) - raft.grpc.server.port = 15094 (custom)
2023-06-06 14:27:57,891 [Time-limited test] INFO  server.GrpcService (ConfUtils.java:logGet(46)) - raft.grpc.message.size.max = 33554432 (custom)
2023-06-06 14:27:57,891 [Time-limited test] INFO  server.RaftServerConfigKeys (ConfUtils.java:logGet(46)) - raft.server.log.appender.buffer.byte-limit = 33554432 (custom)
2023-06-06 14:27:57,891 [Time-limited test] INFO  server.GrpcService (ConfUtils.java:logGet(46)) - raft.grpc.flow.control.window = 1MB (=1048576) (default)
2023-06-06 14:27:57,891 [Time-limited test] INFO  server.RaftServerConfigKeys (ConfUtils.java:logGet(46)) - raft.server.rpc.request.timeout = 3000ms (default)
2023-06-06 14:27:57,891 [Time-limited test] INFO  grpc.GrpcConfigKeys (ConfUtils.java:logGet(46)) - raft.grpc.server.heartbeat.channel = true (default)
2023-06-06 14:27:57,891 [Time-limited test] INFO  grpc.GrpcConfigKeys (ConfUtils.java:logGet(46)) - raft.grpc.server.async.request.thread.pool.cached = true (default)
2023-06-06 14:27:57,891 [Time-limited test] INFO  grpc.GrpcConfigKeys (ConfUtils.java:logGet(46)) - raft.grpc.server.async.request.thread.pool.size = 32 (default)
2023-06-06 14:27:57,892 [Time-limited test] INFO  impl.DataStreamServerImpl (ConfUtils.java:logGet(46)) - raft.datastream.type = DISABLED (default)
2023-06-06 14:27:57,893 [Time-limited test] INFO  server.RaftServerConfigKeys (ConfUtils.java:logGet(46)) - raft.server.threadpool.proxy.cached = true (default)
2023-06-06 14:27:57,893 [Time-limited test] INFO  server.RaftServerConfigKeys (ConfUtils.java:logGet(46)) - raft.server.threadpool.proxy.size = 0 (default)
2023-06-06 14:27:57,893 [Time-limited test] INFO  server.RaftServerConfigKeys (ConfUtils.java:logGet(46)) - raft.server.rpc.slowness.timeout = 120s (custom)
2023-06-06 14:27:57,893 [Time-limited test] INFO  server.RaftServerConfigKeys (ConfUtils.java:logGet(46)) - raft.server.leaderelection.leader.step-down.wait-time = 10s (default)
2023-06-06 14:27:57,893 [Time-limited test] INFO  server.RaftServerConfigKeys (ConfUtils.java:logGet(46)) - raft.server.storage.dir = [/home/runner/work/ozone/ozone/hadoop-ozone/integration-test/target/test-dir/MiniOzoneClusterImpl-f1a550b1-3bce-4924-83e1-37a2b14d52c4/ozone-meta/ratis] (custom)
2023-06-06 14:27:57,893 [Time-limited test] INFO  server.RaftServer (RaftServerProxy.java:addNew(98)) - om1: addNew group-C5BA1605619E:[om1|rpc:localhost:15094|priority:0|startupRole:FOLLOWER] returns group-C5BA1605619E:java.util.concurrent.CompletableFuture@1cd924be[Not completed]
2023-06-06 14:27:57,893 [Time-limited test] INFO  om.OzoneManager (OzoneManager.java:initializeRatisServer(2112)) - OzoneManager Ratis server initialized at port 15094
2023-06-06 14:27:57,893 [om1-groupManagement] INFO  server.RaftServer$Division (RaftServerImpl.java:<init>(198)) - om1: new RaftServerImpl for group-C5BA1605619E:[om1|rpc:localhost:15094|priority:0|startupRole:FOLLOWER] with OzoneManagerStateMachine:uninitialized
2023-06-06 14:27:57,894 [Time-limited test] INFO  om.OzoneManager (OzoneManager.java:getRpcServer(1171)) - Creating RPC Server
2023-06-06 14:27:57,894 [om1-groupManagement] INFO  server.RaftServerConfigKeys (ConfUtils.java:logGet(46)) - raft.server.rpc.timeout.min = 1s (custom)
2023-06-06 14:27:57,894 [om1-groupManagement] INFO  server.RaftServerConfigKeys (ConfUtils.java:logGet(46)) - raft.server.rpc.timeout.max = 1200ms (custom)
2023-06-06 14:27:57,894 [om1-groupManagement] INFO  server.RaftServerConfigKeys (ConfUtils.java:logGet(46)) - raft.server.rpc.sleep.time = 25ms (default)
2023-06-06 14:27:57,894 [om1-groupManagement] INFO  server.RaftServerConfigKeys (ConfUtils.java:logGet(46)) - raft.server.rpc.slowness.timeout = 120s (custom)
2023-06-06 14:27:57,894 [om1-groupManagement] INFO  server.RaftServerConfigKeys (ConfUtils.java:logGet(46)) - raft.server.leaderelection.leader.step-down.wait-time = 10s (default)
2023-06-06 14:27:57,894 [om1-groupManagement] INFO  server.RaftServerConfigKeys (ConfUtils.java:logGet(46)) - raft.server.sleep.deviation.threshold = 300ms (default)
2023-06-06 14:27:57,895 [om1-groupManagement] INFO  server.RaftServer$Division (ServerState.java:<init>(120)) - om1@group-C5BA1605619E: ConfigurationManager, init=-1: peers:[om1|rpc:localhost:15094|priority:0|startupRole:FOLLOWER]|listeners:[], old=null, confs=<EMPTY_MAP>
2023-06-06 14:27:57,895 [om1-groupManagement] INFO  server.RaftServerConfigKeys (ConfUtils.java:logGet(46)) - raft.server.storage.dir = [/home/runner/work/ozone/ozone/hadoop-ozone/integration-test/target/test-dir/MiniOzoneClusterImpl-f1a550b1-3bce-4924-83e1-37a2b14d52c4/ozone-meta/ratis] (custom)
2023-06-06 14:27:57,895 [om1-groupManagement] INFO  server.RaftServerConfigKeys (ConfUtils.java:logGet(46)) - raft.server.log.corruption.policy = EXCEPTION (default)
2023-06-06 14:27:57,895 [om1-groupManagement] INFO  server.RaftServerConfigKeys (ConfUtils.java:logGet(46)) - raft.server.storage.free-space.min = 0MB (=0) (default)
2023-06-06 14:27:57,895 [om1-groupManagement] INFO  server.RaftServerConfigKeys (ConfUtils.java:logGet(46)) - raft.server.notification.no-leader.timeout = 120s (custom)
2023-06-06 14:27:57,895 [om1-groupManagement] INFO  server.RaftServerConfigKeys (ConfUtils.java:logGet(46)) - raft.server.read.timeout = 10s (default)
2023-06-06 14:27:57,895 [om1-groupManagement] INFO  server.RaftServerConfigKeys (ConfUtils.java:logGet(46)) - raft.server.retrycache.expirytime = 300s (custom)
2023-06-06 14:27:57,895 [om1-groupManagement] INFO  server.RaftServerConfigKeys (ConfUtils.java:logGet(46)) - raft.server.retrycache.statistics.expirytime = 100μs (default)
2023-06-06 14:27:57,895 [om1-groupManagement] INFO  server.RaftServerConfigKeys (ConfUtils.java:logGet(46)) - raft.server.read.option = DEFAULT (default)
2023-06-06 14:27:57,896 [om1-groupManagement] INFO  server.RaftServerConfigKeys (ConfUtils.java:logGet(46)) - raft.server.rpc.request.timeout = 3000ms (default)
2023-06-06 14:27:57,896 [om1-groupManagement] INFO  server.RaftServerConfigKeys (ConfUtils.java:logGet(46)) - raft.server.log.appender.install.snapshot.enabled = false (custom)
2023-06-06 14:27:57,896 [om1-groupManagement] INFO  server.RaftServerConfigKeys (ConfUtils.java:logGet(46)) - raft.server.threadpool.server.cached = true (default)
2023-06-06 14:27:57,896 [om1-groupManagement] INFO  server.RaftServerConfigKeys (ConfUtils.java:logGet(46)) - raft.server.threadpool.server.size = 0 (default)
2023-06-06 14:27:57,896 [om1-groupManagement] INFO  server.RaftServerConfigKeys (ConfUtils.java:logGet(46)) - raft.server.threadpool.client.cached = true (default)
2023-06-06 14:27:57,896 [om1-groupManagement] INFO  server.RaftServerConfigKeys (ConfUtils.java:logGet(46)) - raft.server.threadpool.client.size = 0 (default)
2023-06-06 14:27:58,313 [Time-limited test] INFO  reflections.Reflections (Reflections.java:scan(232)) - Reflections took 419 ms to scan 19 urls, producing 69 keys and 5288 values [using 2 cores]
2023-06-06 14:27:58,315 [Time-limited test] INFO  ipc.CallQueueManager (CallQueueManager.java:<init>(90)) - Using callQueue: class java.util.concurrent.LinkedBlockingQueue, queueCapacity: 2000, scheduler: class org.apache.hadoop.ipc.DefaultRpcScheduler, ipcBackoff: false.
2023-06-06 14:27:58,316 [Socket Reader #1 for port 15091] INFO  ipc.Server (Server.java:run(1319)) - Starting Socket Reader #1 for port 15091
2023-06-06 14:27:58,318 [Listener at 127.0.0.1/15091] INFO  hdds.HddsUtils (HddsUtils.java:preserveThreadName(843)) - Restoring thread name: Time-limited test
2023-06-06 14:27:58,337 [Time-limited test] INFO  impl.MetricsSystemImpl (MetricsSystemImpl.java:init(158)) - OzoneManager metrics system started (again)
2023-06-06 14:27:58,348 [Time-limited test] INFO  om.OzoneManager (OzoneManager.java:start(1593)) - OzoneManager RPC server is listening at localhost/127.0.0.1:15091
2023-06-06 14:27:58,348 [Time-limited test] INFO  ratis.OzoneManagerRatisServer (OzoneManagerRatisServer.java:start(558)) - Starting OzoneManagerRatisServer om1 at port 15094
2023-06-06 14:27:58,349 [om1-impl-thread1] INFO  storage.RaftStorageDirectory (RaftStorageDirectoryImpl.java:analyzeStorage(137)) - The storage directory /home/runner/work/ozone/ozone/hadoop-ozone/integration-test/target/test-dir/MiniOzoneClusterImpl-f1a550b1-3bce-4924-83e1-37a2b14d52c4/ozone-meta/ratis/bf265839-605b-3f16-9796-c5ba1605619e does not exist. Creating ...
2023-06-06 14:27:58,350 [om1-impl-thread1] INFO  storage.RaftStorageDirectory (RaftStorageDirectoryImpl.java:tryLock(231)) - Lock on /home/runner/work/ozone/ozone/hadoop-ozone/integration-test/target/test-dir/MiniOzoneClusterImpl-f1a550b1-3bce-4924-83e1-37a2b14d52c4/ozone-meta/ratis/bf265839-605b-3f16-9796-c5ba1605619e/in_use.lock acquired by nodename 75814@fv-az1133-973
2023-06-06 14:27:58,351 [om1-impl-thread1] INFO  storage.RaftStorage (RaftStorageImpl.java:format(96)) - Storage directory /home/runner/work/ozone/ozone/hadoop-ozone/integration-test/target/test-dir/MiniOzoneClusterImpl-f1a550b1-3bce-4924-83e1-37a2b14d52c4/ozone-meta/ratis/bf265839-605b-3f16-9796-c5ba1605619e has been successfully formatted.
2023-06-06 14:27:58,351 [om1-impl-thread1] INFO  server.RaftServerConfigKeys (ConfUtils.java:logGet(46)) - raft.server.log.use.memory = false (default)
2023-06-06 14:27:58,351 [om1-impl-thread1] INFO  server.RaftServerConfigKeys (ConfUtils.java:logGet(46)) - raft.server.log.purge.gap = 1000000 (custom)
2023-06-06 14:27:58,351 [om1-impl-thread1] INFO  server.RaftServerConfigKeys (ConfUtils.java:logGet(46)) - raft.server.log.appender.buffer.byte-limit = 33554432 (custom)
2023-06-06 14:27:58,351 [om1-impl-thread1] INFO  server.RaftServerConfigKeys (ConfUtils.java:logGet(46)) - raft.server.log.statemachine.data.read.timeout = 1000ms (default)
2023-06-06 14:27:58,351 [om1-impl-thread1] INFO  server.RaftServerConfigKeys (ConfUtils.java:logGet(46)) - raft.server.log.purge.preservation.log.num = 0 (default)
2023-06-06 14:27:58,351 [om1-impl-thread1] INFO  server.RaftServerConfigKeys (ConfUtils.java:logGet(46)) - raft.server.log.segment.size.max = 4194304 (custom)
2023-06-06 14:27:58,351 [om1-impl-thread1] INFO  server.RaftServerConfigKeys (ConfUtils.java:logGet(46)) - raft.server.log.segment.cache.num.max = 2 (custom)
2023-06-06 14:27:58,351 [om1-impl-thread1] INFO  server.RaftServerConfigKeys (ConfUtils.java:logGet(46)) - raft.server.log.segment.cache.size.max = 200MB (=209715200) (default)
2023-06-06 14:27:58,352 [om1-impl-thread1] INFO  server.RaftServerConfigKeys (ConfUtils.java:logGet(46)) - raft.server.log.appender.buffer.byte-limit = 33554432 (custom)
2023-06-06 14:27:58,352 [om1-impl-thread1] INFO  segmented.SegmentedRaftLogWorker (SegmentedRaftLogWorker.java:<init>(188)) - new om1@group-C5BA1605619E-SegmentedRaftLogWorker for RaftStorageImpl:Storage Directory /home/runner/work/ozone/ozone/hadoop-ozone/integration-test/target/test-dir/MiniOzoneClusterImpl-f1a550b1-3bce-4924-83e1-37a2b14d52c4/ozone-meta/ratis/bf265839-605b-3f16-9796-c5ba1605619e
2023-06-06 14:27:58,352 [om1-impl-thread1] INFO  server.RaftServerConfigKeys (ConfUtils.java:logGet(46)) - raft.server.log.queue.byte-limit = 64MB (=67108864) (default)
2023-06-06 14:27:58,352 [om1-impl-thread1] INFO  server.RaftServerConfigKeys (ConfUtils.java:logGet(46)) - raft.server.log.queue.element-limit = 4096 (default)
2023-06-06 14:27:58,352 [om1-impl-thread1] INFO  server.RaftServerConfigKeys (ConfUtils.java:logGet(46)) - raft.server.log.segment.size.max = 4194304 (custom)
2023-06-06 14:27:58,352 [om1-impl-thread1] INFO  server.RaftServerConfigKeys (ConfUtils.java:logGet(46)) - raft.server.log.preallocated.size = 4194304 (custom)
2023-06-06 14:27:58,352 [om1-impl-thread1] INFO  server.RaftServerConfigKeys (ConfUtils.java:logGet(46)) - raft.server.log.force.sync.num = 128 (default)
2023-06-06 14:27:58,352 [om1-impl-thread1] INFO  server.RaftServerConfigKeys (ConfUtils.java:logGet(46)) - raft.server.log.statemachine.data.sync = true (default)
2023-06-06 14:27:58,352 [om1-impl-thread1] INFO  server.RaftServerConfigKeys (ConfUtils.java:logGet(46)) - raft.server.log.statemachine.data.sync.timeout = 10s (default)
2023-06-06 14:27:58,352 [om1-impl-thread1] INFO  server.RaftServerConfigKeys (ConfUtils.java:logGet(46)) - raft.server.log.statemachine.data.sync.timeout.retry = -1 (default)
2023-06-06 14:27:58,352 [om1-impl-thread1] INFO  server.RaftServerConfigKeys (ConfUtils.java:logGet(46)) - raft.server.log.write.buffer.size = 64KB (=65536) (default)
2023-06-06 14:27:58,352 [om1-impl-thread1] INFO  server.RaftServerConfigKeys (ConfUtils.java:logGet(46)) - raft.server.log.appender.buffer.byte-limit = 33554432 (custom)
2023-06-06 14:27:58,357 [om1-impl-thread1] INFO  server.RaftServerConfigKeys (ConfUtils.java:logGet(46)) - raft.server.log.unsafe-flush.enabled = false (default)
2023-06-06 14:27:58,357 [om1-impl-thread1] INFO  server.RaftServerConfigKeys (ConfUtils.java:logGet(46)) - raft.server.log.async-flush.enabled = false (default)
2023-06-06 14:27:58,357 [om1-impl-thread1] INFO  server.RaftServerConfigKeys (ConfUtils.java:logGet(46)) - raft.server.log.statemachine.data.caching.enabled = false (default)
2023-06-06 14:27:58,357 [om1-impl-thread1] INFO  segmented.SegmentedRaftLogWorker (SegmentedRaftLogWorker.java:lambda$new$0(135)) - om1@group-C5BA1605619E-SegmentedRaftLogWorker: flushIndex: setUnconditionally 0 -> -1
2023-06-06 14:27:58,357 [om1-impl-thread1] INFO  segmented.SegmentedRaftLogWorker (SegmentedRaftLogWorker.java:lambda$new$0(135)) - om1@group-C5BA1605619E-SegmentedRaftLogWorker: safeCacheEvictIndex: setUnconditionally 0 -> -1
2023-06-06 14:27:58,358 [om1-impl-thread1] INFO  server.RaftServer$Division (RaftServerImpl.java:start(342)) - om1@group-C5BA1605619E: start as a follower, conf=-1: peers:[om1|rpc:localhost:15094|priority:0|startupRole:FOLLOWER]|listeners:[], old=null
2023-06-06 14:27:58,358 [om1-impl-thread1] INFO  server.RaftServer$Division (RaftServerImpl.java:setRole(329)) - om1@group-C5BA1605619E: changes role from      null to FOLLOWER at term 0 for startAsFollower
2023-06-06 14:27:58,358 [om1-impl-thread1] INFO  impl.RoleInfo (RoleInfo.java:updateAndGet(139)) - om1: start om1@group-C5BA1605619E-FollowerState
2023-06-06 14:27:58,358 [om1-impl-thread1] INFO  util.JmxRegister (JmxRegister.java:tryRegister(44)) - Successfully registered JMX Bean with object name Ratis:service=RaftServer,group=group-C5BA1605619E,id=om1
2023-06-06 14:27:58,358 [om1-impl-thread1] INFO  server.RaftServerConfigKeys (ConfUtils.java:logGet(46)) - raft.server.snapshot.auto.trigger.enabled = true (custom)
2023-06-06 14:27:58,358 [om1-impl-thread1] INFO  server.RaftServerConfigKeys (ConfUtils.java:logGet(46)) - raft.server.snapshot.auto.trigger.threshold = 400000 (default)
2023-06-06 14:27:58,358 [om1-impl-thread1] INFO  server.RaftServerConfigKeys (ConfUtils.java:logGet(46)) - raft.server.snapshot.retention.file.num = -1 (default)
2023-06-06 14:27:58,358 [om1-impl-thread1] INFO  server.RaftServerConfigKeys (ConfUtils.java:logGet(46)) - raft.server.log.purge.upto.snapshot.index = true (custom)
2023-06-06 14:27:58,359 [om1@group-C5BA1605619E-FollowerState] INFO  server.RaftServerConfigKeys (ConfUtils.java:logFallback(53)) - raft.server.rpc.first-election.timeout.min = 1s (fallback to raft.server.rpc.timeout.min)
2023-06-06 14:27:58,359 [om1@group-C5BA1605619E-FollowerState] INFO  server.RaftServerConfigKeys (ConfUtils.java:logFallback(53)) - raft.server.rpc.first-election.timeout.max = 1200ms (fallback to raft.server.rpc.timeout.max)
2023-06-06 14:27:58,359 [Time-limited test] INFO  server.RaftServer (RaftServerProxy.java:startImpl(400)) - om1: start RPC server
2023-06-06 14:27:58,361 [Time-limited test] INFO  server.GrpcService (GrpcService.java:startImpl(302)) - om1: GrpcService started, listening on 15094
2023-06-06 14:27:58,362 [JvmPauseMonitor14] INFO  util.JvmPauseMonitor (JvmPauseMonitor.java:run(103)) - JvmPauseMonitor-om1: Started
2023-06-06 14:27:58,362 [Time-limited test] INFO  om.OzoneManager (OzoneManager.java:start(1609)) - Version File has different layout version (5) than OM DB (null). That is expected if this OM has never been finalized to a newer layout version.
2023-06-06 14:27:58,364 [Time-limited test] INFO  http.BaseHttpServer (BaseHttpServer.java:newHttpServer2BuilderForOzone(224)) - Starting Web-server for ozoneManager at: http://0.0.0.0:15092
2023-06-06 14:27:58,364 [Time-limited test] INFO  http.BaseHttpServer (BaseHttpServer.java:<init>(111)) - Hadoop Security Enabled: false Ozone Security Enabled: false Ozone HTTP Security Enabled: false 
2023-06-06 14:27:58,365 [Time-limited test] WARN  server.AuthenticationFilter (AuthenticationFilter.java:constructSecretProvider(240)) - Unable to initialize FileSignerSecretProvider, falling back to use random secrets. Reason: Could not read signature secret file: /home/runner/hadoop-http-auth-signature-secret
2023-06-06 14:27:58,366 [Time-limited test] INFO  http.HttpRequestLog (HttpRequestLog.java:getRequestLog(86)) - Http request log for http.requests.ozoneManager is not defined
2023-06-06 14:27:58,369 [Time-limited test] INFO  http.HttpServer2 (HttpServer2.java:addGlobalFilter(1031)) - Added global filter 'safety' (class=org.apache.hadoop.hdds.server.http.HttpServer2$QuotingInputFilter)
2023-06-06 14:27:58,370 [Time-limited test] INFO  http.HttpServer2 (HttpServer2.java:addFilter(1007)) - Added filter static_user_filter (class=org.apache.hadoop.http.lib.StaticUserWebFilter$StaticUserFilter) to context ozoneManager
2023-06-06 14:27:58,370 [Time-limited test] INFO  http.HttpServer2 (HttpServer2.java:addFilter(1015)) - Added filter static_user_filter (class=org.apache.hadoop.http.lib.StaticUserWebFilter$StaticUserFilter) to context static
2023-06-06 14:27:58,370 [Time-limited test] INFO  http.HttpServer2 (HttpServer2.java:addFilter(1015)) - Added filter static_user_filter (class=org.apache.hadoop.http.lib.StaticUserWebFilter$StaticUserFilter) to context logs
2023-06-06 14:27:58,371 [Time-limited test] INFO  http.BaseHttpServer (BaseHttpServer.java:<init>(190)) - HTTP server of ozoneManager uses base directory /home/runner/work/ozone/ozone/hadoop-ozone/integration-test/target/test-dir/MiniOzoneClusterImpl-f1a550b1-3bce-4924-83e1-37a2b14d52c4/ozone-meta/webserver
2023-06-06 14:27:58,371 [Time-limited test] INFO  http.HttpServer2 (HttpServer2.java:bindListener(1250)) - Jetty bound to port 15092
2023-06-06 14:27:58,371 [Time-limited test] INFO  server.Server (Server.java:doStart(375)) - jetty-9.4.51.v20230217; built: 2023-02-17T08:19:37.309Z; git: b45c405e4544384de066f814ed42ae3dceacdd49; jvm 1.8.0_372-b07
2023-06-06 14:27:58,376 [Time-limited test] INFO  server.session (DefaultSessionIdManager.java:doStart(334)) - DefaultSessionIdManager workerName=node0
2023-06-06 14:27:58,376 [Time-limited test] INFO  server.session (DefaultSessionIdManager.java:doStart(339)) - No SessionScavenger set, using defaults
2023-06-06 14:27:58,376 [Time-limited test] INFO  server.session (HouseKeeper.java:startScavenging(132)) - node0 Scavenging every 660000ms
2023-06-06 14:27:58,377 [Time-limited test] INFO  handler.ContextHandler (ContextHandler.java:doStart(921)) - Started o.e.j.s.ServletContextHandler@3a79dcb1{logs,/logs,file:///home/runner/work/ozone/ozone/hadoop-ozone/integration-test/target/log,AVAILABLE}
2023-06-06 14:27:58,377 [Time-limited test] INFO  handler.ContextHandler (ContextHandler.java:doStart(921)) - Started o.e.j.s.ServletContextHandler@cd8fdbb{static,/static,file:///home/runner/work/ozone/ozone/hadoop-ozone/integration-test/target/test-classes/webapps/static,AVAILABLE}
2023-06-06 14:27:58,379 [Time-limited test] INFO  handler.ContextHandler (ContextHandler.java:doStart(921)) - Started o.e.j.w.WebAppContext@320849cf{ozoneManager,/,file:///home/runner/work/ozone/ozone/hadoop-ozone/integration-test/target/test-classes/webapps/ozoneManager/,AVAILABLE}{file:/home/runner/work/ozone/ozone/hadoop-ozone/integration-test/target/test-classes/webapps/ozoneManager}
2023-06-06 14:27:58,382 [Time-limited test] INFO  server.AbstractConnector (AbstractConnector.java:doStart(333)) - Started ServerConnector@66f88f9e{HTTP/1.1, (http/1.1)}{0.0.0.0:15092}
2023-06-06 14:27:58,383 [Time-limited test] INFO  server.Server (Server.java:doStart(415)) - Started @87505ms
2023-06-06 14:27:58,383 [Time-limited test] WARN  impl.MetricsSystemImpl (MetricsSystemImpl.java:register(279)) - Sink prometheus already exists!
2023-06-06 14:27:58,384 [Time-limited test] INFO  http.BaseHttpServer (BaseHttpServer.java:updateConnectorAddress(344)) - HTTP server of ozoneManager listening at http://0.0.0.0:15092
2023-06-06 14:27:58,384 [IPC Server Responder] INFO  ipc.Server (Server.java:run(1558)) - IPC Server Responder: starting
2023-06-06 14:27:58,384 [IPC Server listener on 15091] INFO  ipc.Server (Server.java:run(1398)) - IPC Server listener on 15091: starting
2023-06-06 14:27:58,385 [Time-limited test] INFO  om.OzoneManager (OzoneManager.java:startTrashEmptier(2065)) - Trash Interval set to 0. Files deleted won't move to trash
2023-06-06 14:27:58,388 [Time-limited test] WARN  impl.MetricRegistriesImpl (MetricRegistriesImpl.java:addReporterRegistration(111)) - New reporters are added after registries were created. Some metrics will be missing from the reporter. Please add reporter before adding any new registry.
2023-06-06 14:27:58,388 [Time-limited test] WARN  impl.MetricRegistriesImpl (MetricRegistriesImpl.java:addReporterRegistration(111)) - New reporters are added after registries were created. Some metrics will be missing from the reporter. Please add reporter before adding any new registry.
2023-06-06 14:27:58,388 [Time-limited test] INFO  impl.MetricsSystemImpl (MetricsSystemImpl.java:init(158)) - HddsDatanode metrics system started (again)
2023-06-06 14:27:58,408 [Time-limited test] INFO  ozone.HddsDatanodeService (HddsDatanodeService.java:start(261)) - HddsDatanodeService host:fv-az1133-973.qlb2sqfkji0uhjsjdnlwzcsdwg.bx.internal.cloudapp.net ip:10.1.0.37
2023-06-06 14:27:58,426 [Time-limited test] INFO  upgrade.AbstractLayoutVersionManager (AbstractLayoutVersionManager.java:init(83)) - Initializing Layout version manager with metadata layout = HADOOP_PRC_PORTS_IN_DATANODEDETAILS (version = 7), software layout = HADOOP_PRC_PORTS_IN_DATANODEDETAILS (version = 7)
2023-06-06 14:27:58,427 [Time-limited test] INFO  statemachine.DatanodeStateMachine (DatanodeStateMachine.java:getEndPointTaskThreadPoolSize(271)) - Datanode State Machine Task Thread Pool size 2
2023-06-06 14:27:58,429 [Time-limited test] INFO  volume.HddsVolume (HddsVolume.java:<init>(130)) - Creating HddsVolume: /home/runner/work/ozone/ozone/hadoop-ozone/integration-test/target/test-dir/MiniOzoneClusterImpl-f1a550b1-3bce-4924-83e1-37a2b14d52c4/datanode-0/data-0/containers/hdds of storage type : DISK capacity : 9223372036854775807
2023-06-06 14:27:58,429 [Time-limited test] INFO  volume.MutableVolumeSet (MutableVolumeSet.java:initializeVolumeSet(175)) - Added Volume : /home/runner/work/ozone/ozone/hadoop-ozone/integration-test/target/test-dir/MiniOzoneClusterImpl-f1a550b1-3bce-4924-83e1-37a2b14d52c4/datanode-0/data-0/containers/hdds to VolumeSet
2023-06-06 14:27:58,429 [Time-limited test] INFO  volume.ThrottledAsyncChecker (ThrottledAsyncChecker.java:schedule(141)) - Scheduling a check for /home/runner/work/ozone/ozone/hadoop-ozone/integration-test/target/test-dir/MiniOzoneClusterImpl-f1a550b1-3bce-4924-83e1-37a2b14d52c4/datanode-0/data-0/containers/hdds
2023-06-06 14:27:58,430 [Time-limited test] INFO  volume.StorageVolumeChecker (StorageVolumeChecker.java:checkAllVolumes(202)) - Scheduled health check for volume /home/runner/work/ozone/ozone/hadoop-ozone/integration-test/target/test-dir/MiniOzoneClusterImpl-f1a550b1-3bce-4924-83e1-37a2b14d52c4/datanode-0/data-0/containers/hdds
2023-06-06 14:27:58,442 [Time-limited test] INFO  volume.MutableVolumeSet (MutableVolumeSet.java:initializeVolumeSet(175)) - Added Volume : /home/runner/work/ozone/ozone/hadoop-ozone/integration-test/target/test-dir/MiniOzoneClusterImpl-f1a550b1-3bce-4924-83e1-37a2b14d52c4/datanode-0/data/ratis to VolumeSet
2023-06-06 14:27:58,442 [Time-limited test] INFO  volume.ThrottledAsyncChecker (ThrottledAsyncChecker.java:schedule(141)) - Scheduling a check for /home/runner/work/ozone/ozone/hadoop-ozone/integration-test/target/test-dir/MiniOzoneClusterImpl-f1a550b1-3bce-4924-83e1-37a2b14d52c4/datanode-0/data/ratis
2023-06-06 14:27:58,442 [Time-limited test] INFO  volume.StorageVolumeChecker (StorageVolumeChecker.java:checkAllVolumes(202)) - Scheduled health check for volume /home/runner/work/ozone/ozone/hadoop-ozone/integration-test/target/test-dir/MiniOzoneClusterImpl-f1a550b1-3bce-4924-83e1-37a2b14d52c4/datanode-0/data/ratis
2023-06-06 14:27:58,453 [Thread-1374] INFO  ozoneimpl.ContainerReader (ContainerReader.java:readVolume(175)) - Finish verifying containers on volume /home/runner/work/ozone/ozone/hadoop-ozone/integration-test/target/test-dir/MiniOzoneClusterImpl-f1a550b1-3bce-4924-83e1-37a2b14d52c4/datanode-0/data-0/containers/hdds
2023-06-06 14:27:58,453 [Time-limited test] INFO  ozoneimpl.OzoneContainer (OzoneContainer.java:buildContainerSet(303)) - Build ContainerSet costs 0s
2023-06-06 14:27:58,456 [Time-limited test] INFO  server.RaftServer (ConfUtils.java:logGet(46)) - raft.rpc.type = GRPC (default)
2023-06-06 14:27:58,456 [Time-limited test] INFO  grpc.GrpcConfigKeys (ConfUtils.java:logFallback(53)) - raft.grpc.admin.host = null (fallback to raft.grpc.server.host)
2023-06-06 14:27:58,456 [Time-limited test] INFO  grpc.GrpcConfigKeys (ConfUtils.java:logGet(46)) - raft.grpc.admin.port = 15100 (custom)
2023-06-06 14:27:58,456 [Time-limited test] INFO  grpc.GrpcConfigKeys (ConfUtils.java:logFallback(53)) - raft.grpc.client.host = null (fallback to raft.grpc.server.host)
2023-06-06 14:27:58,456 [Time-limited test] INFO  grpc.GrpcConfigKeys (ConfUtils.java:logGet(46)) - raft.grpc.client.port = 15099 (custom)
2023-06-06 14:27:58,456 [Time-limited test] INFO  grpc.GrpcConfigKeys (ConfUtils.java:logGet(46)) - raft.grpc.server.host = null (default)
2023-06-06 14:27:58,456 [Time-limited test] INFO  grpc.GrpcConfigKeys (ConfUtils.java:logGet(46)) - raft.grpc.server.port = 15101 (custom)
2023-06-06 14:27:58,456 [Time-limited test] INFO  server.GrpcService (ConfUtils.java:logGet(46)) - raft.grpc.message.size.max = 32MB (=33554432) (custom)
2023-06-06 14:27:58,456 [Time-limited test] INFO  server.RaftServerConfigKeys (ConfUtils.java:logGet(46)) - raft.server.log.appender.buffer.byte-limit = 33554432 (custom)
2023-06-06 14:27:58,456 [Time-limited test] INFO  server.GrpcService (ConfUtils.java:logGet(46)) - raft.grpc.flow.control.window = 5MB (=5242880) (custom)
2023-06-06 14:27:58,456 [Time-limited test] INFO  server.RaftServerConfigKeys (ConfUtils.java:logGet(46)) - raft.server.rpc.request.timeout = 60s (custom)
2023-06-06 14:27:58,456 [Time-limited test] INFO  grpc.GrpcConfigKeys (ConfUtils.java:logGet(46)) - raft.grpc.server.heartbeat.channel = true (default)
2023-06-06 14:27:58,457 [Time-limited test] INFO  grpc.GrpcConfigKeys (ConfUtils.java:logGet(46)) - raft.grpc.server.async.request.thread.pool.cached = true (default)
2023-06-06 14:27:58,457 [Time-limited test] INFO  grpc.GrpcConfigKeys (ConfUtils.java:logGet(46)) - raft.grpc.server.async.request.thread.pool.size = 32 (default)
2023-06-06 14:27:58,459 [Time-limited test] INFO  impl.DataStreamServerImpl (ConfUtils.java:logGet(46)) - raft.datastream.type = NETTY (custom)
2023-06-06 14:27:58,459 [Time-limited test] INFO  server.RaftServerConfigKeys (ConfUtils.java:logGet(46)) - raft.server.data-stream.async.request.thread.pool.cached = false (default)
2023-06-06 14:27:58,459 [Time-limited test] INFO  server.RaftServerConfigKeys (ConfUtils.java:logGet(46)) - raft.server.data-stream.async.request.thread.pool.size = 20 (custom)
2023-06-06 14:27:58,459 [Time-limited test] INFO  server.RaftServerConfigKeys (ConfUtils.java:logGet(46)) - raft.server.data-stream.async.write.thread.pool.size = 16 (default)
2023-06-06 14:27:58,459 [Time-limited test] INFO  server.RaftServerConfigKeys (ConfUtils.java:logGet(46)) - raft.server.data-stream.client.pool.size = 10 (default)
2023-06-06 14:27:58,459 [Time-limited test] INFO  netty.NettyConfigKeys$DataStream (ConfUtils.java:logGet(46)) - raft.netty.dataStream.server.use-epoll = false (default)
2023-06-06 14:27:58,459 [Time-limited test] INFO  netty.NettyConfigKeys$DataStream (ConfUtils.java:logGet(46)) - raft.netty.dataStream.server.boss-group.size = 0 (default)
2023-06-06 14:27:58,459 [Time-limited test] INFO  netty.NettyConfigKeys$DataStream (ConfUtils.java:logGet(46)) - raft.netty.dataStream.server.worker-group.size = 0 (default)
2023-06-06 14:27:58,460 [Time-limited test] INFO  netty.NettyConfigKeys$DataStream (ConfUtils.java:logGet(46)) - raft.netty.dataStream.server.tls.conf = null (default)
2023-06-06 14:27:58,460 [Time-limited test] INFO  netty.NettyConfigKeys$DataStream (ConfUtils.java:logGet(46)) - raft.netty.dataStream.host = null (default)
2023-06-06 14:27:58,460 [Time-limited test] INFO  netty.NettyConfigKeys$DataStream (ConfUtils.java:logGet(46)) - raft.netty.dataStream.port = 15102 (custom)
2023-06-06 14:27:58,460 [Time-limited test] INFO  server.RaftServerConfigKeys (ConfUtils.java:logGet(46)) - raft.server.threadpool.proxy.cached = true (default)
2023-06-06 14:27:58,460 [Time-limited test] INFO  server.RaftServerConfigKeys (ConfUtils.java:logGet(46)) - raft.server.threadpool.proxy.size = 0 (default)
2023-06-06 14:27:58,461 [Time-limited test] INFO  server.RaftServerConfigKeys (ConfUtils.java:logGet(46)) - raft.server.rpc.slowness.timeout = 300s (custom)
2023-06-06 14:27:58,461 [Time-limited test] INFO  server.RaftServerConfigKeys (ConfUtils.java:logGet(46)) - raft.server.leaderelection.leader.step-down.wait-time = 10s (default)
2023-06-06 14:27:58,461 [Time-limited test] INFO  server.RaftServerConfigKeys (ConfUtils.java:logGet(46)) - raft.server.storage.dir = [/home/runner/work/ozone/ozone/hadoop-ozone/integration-test/target/test-dir/MiniOzoneClusterImpl-f1a550b1-3bce-4924-83e1-37a2b14d52c4/datanode-0/data/ratis] (custom)
2023-06-06 14:27:58,461 [a23106ed-25fb-4d2a-941a-1db4c2744c45-NettyServerStreamRpc-bossGroup--thread1] INFO  logging.LoggingHandler (AbstractInternalLogger.java:log(148)) - [id: 0xbb88a448] REGISTERED
2023-06-06 14:27:58,461 [a23106ed-25fb-4d2a-941a-1db4c2744c45-NettyServerStreamRpc-bossGroup--thread1] INFO  logging.LoggingHandler (AbstractInternalLogger.java:log(148)) - [id: 0xbb88a448] BIND: 0.0.0.0/0.0.0.0:15102
2023-06-06 14:27:58,461 [a23106ed-25fb-4d2a-941a-1db4c2744c45-NettyServerStreamRpc-bossGroup--thread1] INFO  logging.LoggingHandler (AbstractInternalLogger.java:log(148)) - [id: 0xbb88a448, L:/0:0:0:0:0:0:0:0:15102] ACTIVE
2023-06-06 14:27:58,467 [Time-limited test] INFO  server.XceiverServerGrpc (XceiverServerGrpc.java:<init>(132)) - GrpcServer channel type EpollServerSocketChannel
2023-06-06 14:27:58,468 [Time-limited test] INFO  replication.ReplicationSupervisor (ReplicationSupervisor.java:nodeStateUpdated(305)) - Node state updated to IN_SERVICE, scaling executor pool size to 10
2023-06-06 14:27:58,469 [Time-limited test] INFO  http.BaseHttpServer (BaseHttpServer.java:newHttpServer2BuilderForOzone(224)) - Starting Web-server for hddsDatanode at: http://0.0.0.0:15096
2023-06-06 14:27:58,470 [Time-limited test] INFO  http.BaseHttpServer (BaseHttpServer.java:<init>(111)) - Hadoop Security Enabled: false Ozone Security Enabled: false Ozone HTTP Security Enabled: false 
2023-06-06 14:27:58,471 [Time-limited test] WARN  server.AuthenticationFilter (AuthenticationFilter.java:constructSecretProvider(240)) - Unable to initialize FileSignerSecretProvider, falling back to use random secrets. Reason: Could not read signature secret file: /home/runner/hadoop-http-auth-signature-secret
2023-06-06 14:27:58,472 [Time-limited test] INFO  http.HttpRequestLog (HttpRequestLog.java:getRequestLog(86)) - Http request log for http.requests.hddsDatanode is not defined
2023-06-06 14:27:58,473 [Time-limited test] INFO  http.HttpServer2 (HttpServer2.java:addGlobalFilter(1031)) - Added global filter 'safety' (class=org.apache.hadoop.hdds.server.http.HttpServer2$QuotingInputFilter)
2023-06-06 14:27:58,475 [Time-limited test] INFO  http.HttpServer2 (HttpServer2.java:addFilter(1007)) - Added filter static_user_filter (class=org.apache.hadoop.http.lib.StaticUserWebFilter$StaticUserFilter) to context hddsDatanode
2023-06-06 14:27:58,475 [Time-limited test] INFO  http.HttpServer2 (HttpServer2.java:addFilter(1015)) - Added filter static_user_filter (class=org.apache.hadoop.http.lib.StaticUserWebFilter$StaticUserFilter) to context logs
2023-06-06 14:27:58,475 [Time-limited test] INFO  http.HttpServer2 (HttpServer2.java:addFilter(1015)) - Added filter static_user_filter (class=org.apache.hadoop.http.lib.StaticUserWebFilter$StaticUserFilter) to context static
2023-06-06 14:27:58,476 [Time-limited test] INFO  http.BaseHttpServer (BaseHttpServer.java:<init>(190)) - HTTP server of hddsDatanode uses base directory /home/runner/work/ozone/ozone/hadoop-ozone/integration-test/target/test-dir/MiniOzoneClusterImpl-f1a550b1-3bce-4924-83e1-37a2b14d52c4/datanode-0/meta/webserver
2023-06-06 14:27:58,476 [Time-limited test] INFO  http.HttpServer2 (HttpServer2.java:bindListener(1250)) - Jetty bound to port 15096
2023-06-06 14:27:58,476 [Time-limited test] INFO  server.Server (Server.java:doStart(375)) - jetty-9.4.51.v20230217; built: 2023-02-17T08:19:37.309Z; git: b45c405e4544384de066f814ed42ae3dceacdd49; jvm 1.8.0_372-b07
2023-06-06 14:27:58,482 [Time-limited test] INFO  server.session (DefaultSessionIdManager.java:doStart(334)) - DefaultSessionIdManager workerName=node0
2023-06-06 14:27:58,482 [Time-limited test] INFO  server.session (DefaultSessionIdManager.java:doStart(339)) - No SessionScavenger set, using defaults
2023-06-06 14:27:58,482 [Time-limited test] INFO  server.session (HouseKeeper.java:startScavenging(132)) - node0 Scavenging every 660000ms
2023-06-06 14:27:58,483 [Time-limited test] INFO  handler.ContextHandler (ContextHandler.java:doStart(921)) - Started o.e.j.s.ServletContextHandler@258e521b{logs,/logs,file:///home/runner/work/ozone/ozone/hadoop-ozone/integration-test/target/log,AVAILABLE}
2023-06-06 14:27:58,483 [Time-limited test] INFO  handler.ContextHandler (ContextHandler.java:doStart(921)) - Started o.e.j.s.ServletContextHandler@71c13b4e{static,/static,jar:file:/home/runner/.m2/repository/org/apache/ozone/hdds-container-service/1.4.0-SNAPSHOT/hdds-container-service-1.4.0-SNAPSHOT.jar!/webapps/static,AVAILABLE}
2023-06-06 14:27:58,679 [Time-limited test] INFO  handler.ContextHandler (ContextHandler.java:doStart(921)) - Started o.e.j.w.WebAppContext@c2835a2{hddsDatanode,/,file:///home/runner/work/ozone/ozone/hadoop-ozone/integration-test/target/test-dir/MiniOzoneClusterImpl-f1a550b1-3bce-4924-83e1-37a2b14d52c4/datanode-0/meta/webserver/jetty-0_0_0_0-15096-hdds-container-service-1_4_0-SNAPSHOT_jar-_-any-8721629558871436597/webapp/,AVAILABLE}{jar:file:/home/runner/.m2/repository/org/apache/ozone/hdds-container-service/1.4.0-SNAPSHOT/hdds-container-service-1.4.0-SNAPSHOT.jar!/webapps/hddsDatanode}
2023-06-06 14:27:58,680 [Time-limited test] INFO  server.AbstractConnector (AbstractConnector.java:doStart(333)) - Started ServerConnector@71b4ecb4{HTTP/1.1, (http/1.1)}{0.0.0.0:15096}
2023-06-06 14:27:58,680 [Time-limited test] INFO  server.Server (Server.java:doStart(415)) - Started @87803ms
2023-06-06 14:27:58,681 [Time-limited test] WARN  impl.MetricsSystemImpl (MetricsSystemImpl.java:register(279)) - Sink prometheus already exists!
2023-06-06 14:27:58,681 [Time-limited test] INFO  http.BaseHttpServer (BaseHttpServer.java:updateConnectorAddress(344)) - HTTP server of hddsDatanode listening at http://0.0.0.0:15096
2023-06-06 14:27:58,682 [Time-limited test] INFO  ipc.CallQueueManager (CallQueueManager.java:<init>(90)) - Using callQueue: class java.util.concurrent.LinkedBlockingQueue, queueCapacity: 100, scheduler: class org.apache.hadoop.ipc.DefaultRpcScheduler, ipcBackoff: false.
2023-06-06 14:27:58,682 [Socket Reader #1 for port 15097] INFO  ipc.Server (Server.java:run(1319)) - Starting Socket Reader #1 for port 15097
2023-06-06 14:27:58,683 [Listener at 0.0.0.0/15097] INFO  hdds.HddsUtils (HddsUtils.java:preserveThreadName(843)) - Restoring thread name: Time-limited test
2023-06-06 14:27:58,684 [Time-limited test] INFO  ozone.HddsDatanodeService (HddsDatanodeService.java:start(331)) - Datanode start with admins: [runner]
2023-06-06 14:27:58,684 [Time-limited test] INFO  ozone.HddsDatanodeClientProtocolServer (HddsDatanodeClientProtocolServer.java:start(83)) - RPC server for Client /0.0.0.0:15097
2023-06-06 14:27:58,684 [IPC Server Responder] INFO  ipc.Server (Server.java:run(1558)) - IPC Server Responder: starting
2023-06-06 14:27:58,685 [IPC Server listener on 15097] INFO  ipc.Server (Server.java:run(1398)) - IPC Server listener on 15097: starting
2023-06-06 14:27:58,686 [Time-limited test] INFO  ozone.MiniOzoneClusterImpl (MiniOzoneClusterImpl.java:lambda$waitForClusterToBeReady$0(222)) - Waiting for nodes to be ready. Got 0 of 1 DN Heartbeats.
2023-06-06 14:27:58,686 [Time-limited test] INFO  ozone.MiniOzoneClusterImpl (MiniOzoneClusterImpl.java:lambda$waitForClusterToBeReady$0(225)) - Waiting for cluster to exit safe mode
2023-06-06 14:27:58,686 [Time-limited test] INFO  ozone.MiniOzoneClusterImpl (MiniOzoneClusterImpl.java:lambda$waitForClusterToBeReady$0(227)) - SCM became leader
2023-06-06 14:27:58,688 [Datanode State Machine Daemon Thread] INFO  statemachine.DatanodeStateMachine (DatanodeStateMachine.java:lambda$startDaemon$0(523)) - Ozone container server started.
2023-06-06 14:27:58,698 [Datanode State Machine Task Thread - 0] INFO  datanode.InitDatanodeState (InitDatanodeState.java:persistContainerDatanodeDetails(138)) - DatanodeDetails is persisted to /home/runner/work/ozone/ozone/hadoop-ozone/integration-test/target/test-dir/MiniOzoneClusterImpl-f1a550b1-3bce-4924-83e1-37a2b14d52c4/datanode-0/meta/datanode.id
2023-06-06 14:27:59,499 [om1@group-C5BA1605619E-FollowerState] INFO  impl.FollowerState (FollowerState.java:run(143)) - om1@group-C5BA1605619E-FollowerState: change to CANDIDATE, lastRpcElapsedTime:1141147877ns, electionTimeout:1140ms
2023-06-06 14:27:59,499 [om1@group-C5BA1605619E-FollowerState] INFO  impl.RoleInfo (RoleInfo.java:shutdownFollowerState(110)) - om1: shutdown om1@group-C5BA1605619E-FollowerState
2023-06-06 14:27:59,499 [om1@group-C5BA1605619E-FollowerState] INFO  server.RaftServer$Division (RaftServerImpl.java:setRole(329)) - om1@group-C5BA1605619E: changes role from  FOLLOWER to CANDIDATE at term 0 for changeToCandidate
2023-06-06 14:27:59,499 [om1@group-C5BA1605619E-FollowerState] INFO  server.RaftServerConfigKeys (ConfUtils.java:logGet(46)) - raft.server.leaderelection.pre-vote = true (default)
2023-06-06 14:27:59,499 [om1@group-C5BA1605619E-FollowerState] INFO  impl.RoleInfo (RoleInfo.java:updateAndGet(139)) - om1: start om1@group-C5BA1605619E-LeaderElection20
2023-06-06 14:27:59,501 [om1@group-C5BA1605619E-LeaderElection20] INFO  impl.LeaderElection (LeaderElection.java:askForVotes(321)) - om1@group-C5BA1605619E-LeaderElection20 PRE_VOTE round 0: submit vote requests at term 0 for -1: peers:[om1|rpc:localhost:15094|priority:0|startupRole:FOLLOWER]|listeners:[], old=null
2023-06-06 14:27:59,501 [om1@group-C5BA1605619E-LeaderElection20] INFO  impl.LeaderElection (LeaderElection.java:askForVotes(323)) - om1@group-C5BA1605619E-LeaderElection20 PRE_VOTE round 0: result PASSED (term=0)
2023-06-06 14:27:59,503 [om1@group-C5BA1605619E-LeaderElection20] INFO  impl.LeaderElection (LeaderElection.java:askForVotes(321)) - om1@group-C5BA1605619E-LeaderElection20 ELECTION round 0: submit vote requests at term 1 for -1: peers:[om1|rpc:localhost:15094|priority:0|startupRole:FOLLOWER]|listeners:[], old=null
2023-06-06 14:27:59,503 [om1@group-C5BA1605619E-LeaderElection20] INFO  impl.LeaderElection (LeaderElection.java:askForVotes(323)) - om1@group-C5BA1605619E-LeaderElection20 ELECTION round 0: result PASSED (term=1)
2023-06-06 14:27:59,503 [om1@group-C5BA1605619E-LeaderElection20] INFO  impl.RoleInfo (RoleInfo.java:shutdownLeaderElection(130)) - om1: shutdown om1@group-C5BA1605619E-LeaderElection20
2023-06-06 14:27:59,503 [om1@group-C5BA1605619E-LeaderElection20] INFO  server.RaftServer$Division (RaftServerImpl.java:setRole(329)) - om1@group-C5BA1605619E: changes role from CANDIDATE to LEADER at term 1 for changeToLeader
2023-06-06 14:27:59,504 [om1@group-C5BA1605619E-LeaderElection20] INFO  server.RaftServer$Division (ServerState.java:setLeader(317)) - om1@group-C5BA1605619E: change Leader from null to om1 at term 1 for becomeLeader, leader elected after 1608ms
2023-06-06 14:27:59,504 [om1@group-C5BA1605619E-LeaderElection20] INFO  server.RaftServerConfigKeys (ConfUtils.java:logGet(46)) - raft.server.staging.catchup.gap = 1000 (default)
2023-06-06 14:27:59,504 [om1@group-C5BA1605619E-LeaderElection20] INFO  server.RaftServerConfigKeys (ConfUtils.java:logGet(46)) - raft.server.write.element-limit = 4096 (default)
2023-06-06 14:27:59,504 [om1@group-C5BA1605619E-LeaderElection20] INFO  server.RaftServerConfigKeys (ConfUtils.java:logGet(46)) - raft.server.write.byte-limit = 64MB (=67108864) (default)
2023-06-06 14:27:59,504 [om1@group-C5BA1605619E-LeaderElection20] INFO  server.RaftServerConfigKeys (ConfUtils.java:logGet(46)) - raft.server.watch.timeout = 10s (default)
2023-06-06 14:27:59,504 [om1@group-C5BA1605619E-LeaderElection20] INFO  server.RaftServerConfigKeys (ConfUtils.java:logGet(46)) - raft.server.watch.timeout.denomination = 1s (default)
2023-06-06 14:27:59,504 [om1@group-C5BA1605619E-LeaderElection20] INFO  server.RaftServerConfigKeys (ConfUtils.java:logGet(46)) - raft.server.watch.element-limit = 65536 (default)
2023-06-06 14:27:59,504 [om1@group-C5BA1605619E-LeaderElection20] INFO  server.RaftServerConfigKeys (ConfUtils.java:logGet(46)) - raft.server.write.element-limit = 4096 (default)
2023-06-06 14:27:59,504 [om1@group-C5BA1605619E-LeaderElection20] INFO  server.RaftServerConfigKeys (ConfUtils.java:logGet(46)) - raft.server.write.follower.gap.ratio.max = -1.0 (default)
2023-06-06 14:27:59,505 [om1@group-C5BA1605619E-LeaderElection20] INFO  impl.RoleInfo (RoleInfo.java:updateAndGet(139)) - om1: start om1@group-C5BA1605619E-LeaderStateImpl
2023-06-06 14:27:59,505 [om1@group-C5BA1605619E-LeaderElection20] INFO  segmented.SegmentedRaftLogWorker (SegmentedRaftLogWorker.java:startLogSegment(447)) - om1@group-C5BA1605619E-SegmentedRaftLogWorker: Starting segment from index:0
2023-06-06 14:27:59,509 [om1@group-C5BA1605619E-LeaderElection20] INFO  server.RaftServer$Division (ServerState.java:setRaftConf(434)) - om1@group-C5BA1605619E: set configuration 0: peers:[om1|rpc:localhost:15094|admin:|client:|dataStream:|priority:0|startupRole:FOLLOWER]|listeners:[], old=null
2023-06-06 14:27:59,518 [om1@group-C5BA1605619E-SegmentedRaftLogWorker] INFO  segmented.SegmentedRaftLogWorker (SegmentedRaftLogWorker.java:execute(651)) - om1@group-C5BA1605619E-SegmentedRaftLogWorker: created new log segment /home/runner/work/ozone/ozone/hadoop-ozone/integration-test/target/test-dir/MiniOzoneClusterImpl-f1a550b1-3bce-4924-83e1-37a2b14d52c4/ozone-meta/ratis/bf265839-605b-3f16-9796-c5ba1605619e/current/log_inprogress_0
2023-06-06 14:27:59,519 [om1@group-C5BA1605619E-StateMachineUpdater] INFO  ratis.OzoneManagerStateMachine (OzoneManagerStateMachine.java:notifyConfigurationChanged(201)) - Received Configuration change notification from Ratis. New Peer list:
[id: "om1"
address: "localhost:15094"
startupRole: FOLLOWER
]
2023-06-06 14:27:59,686 [Time-limited test] INFO  ozone.MiniOzoneClusterImpl (MiniOzoneClusterImpl.java:lambda$waitForClusterToBeReady$0(222)) - Waiting for nodes to be ready. Got 0 of 1 DN Heartbeats.
2023-06-06 14:27:59,686 [Time-limited test] INFO  ozone.MiniOzoneClusterImpl (MiniOzoneClusterImpl.java:lambda$waitForClusterToBeReady$0(225)) - Waiting for cluster to exit safe mode
2023-06-06 14:27:59,686 [Time-limited test] INFO  ozone.MiniOzoneClusterImpl (MiniOzoneClusterImpl.java:lambda$waitForClusterToBeReady$0(227)) - SCM became leader
2023-06-06 14:28:00,686 [Time-limited test] INFO  ozone.MiniOzoneClusterImpl (MiniOzoneClusterImpl.java:lambda$waitForClusterToBeReady$0(222)) - Waiting for nodes to be ready. Got 0 of 1 DN Heartbeats.
2023-06-06 14:28:00,686 [Time-limited test] INFO  ozone.MiniOzoneClusterImpl (MiniOzoneClusterImpl.java:lambda$waitForClusterToBeReady$0(225)) - Waiting for cluster to exit safe mode
2023-06-06 14:28:00,687 [Time-limited test] INFO  ozone.MiniOzoneClusterImpl (MiniOzoneClusterImpl.java:lambda$waitForClusterToBeReady$0(227)) - SCM became leader
2023-06-06 14:28:00,732 [EndpointStateMachine task thread for /0.0.0.0:15089 - 0 ] INFO  utils.DatanodeStoreCache (DatanodeStoreCache.java:addDB(66)) - Added db /home/runner/work/ozone/ozone/hadoop-ozone/integration-test/target/test-dir/MiniOzoneClusterImpl-f1a550b1-3bce-4924-83e1-37a2b14d52c4/datanode-0/data-0/containers/hdds/f1a550b1-3bce-4924-83e1-37a2b14d52c4/DS-74e01528-b4f6-4cff-b38a-66c8fe3a43c1/container.db to cache
2023-06-06 14:28:00,732 [EndpointStateMachine task thread for /0.0.0.0:15089 - 0 ] INFO  volume.HddsVolume (HddsVolume.java:createDbStore(350)) - SchemaV3 db is created and loaded at /home/runner/work/ozone/ozone/hadoop-ozone/integration-test/target/test-dir/MiniOzoneClusterImpl-f1a550b1-3bce-4924-83e1-37a2b14d52c4/datanode-0/data-0/containers/hdds/f1a550b1-3bce-4924-83e1-37a2b14d52c4/DS-74e01528-b4f6-4cff-b38a-66c8fe3a43c1/container.db for volume DS-74e01528-b4f6-4cff-b38a-66c8fe3a43c1
2023-06-06 14:28:00,732 [EndpointStateMachine task thread for /0.0.0.0:15089 - 0 ] INFO  ozoneimpl.OzoneContainer (OzoneContainer.java:start(398)) - Attempting to start container services.
2023-06-06 14:28:00,732 [EndpointStateMachine task thread for /0.0.0.0:15089 - 0 ] INFO  ozoneimpl.OzoneContainer (OzoneContainer.java:startContainerScrub(314)) - Scheduled background container scanners and the on-demand container scanner have been disabled.
2023-06-06 14:28:00,734 [EndpointStateMachine task thread for /0.0.0.0:15089 - 0 ] INFO  replication.ReplicationServer (ReplicationServer.java:start(128)) - ReplicationServer is started using port 15103
2023-06-06 14:28:00,734 [EndpointStateMachine task thread for /0.0.0.0:15089 - 0 ] INFO  ratis.XceiverServerRatis (XceiverServerRatis.java:start(517)) - Starting XceiverServerRatis a23106ed-25fb-4d2a-941a-1db4c2744c45
2023-06-06 14:28:00,735 [EndpointStateMachine task thread for /0.0.0.0:15089 - 0 ] INFO  server.RaftServer (RaftServerProxy.java:startImpl(400)) - a23106ed-25fb-4d2a-941a-1db4c2744c45: start RPC server
2023-06-06 14:28:00,736 [EndpointStateMachine task thread for /0.0.0.0:15089 - 0 ] INFO  server.GrpcService (GrpcService.java:startImpl(302)) - a23106ed-25fb-4d2a-941a-1db4c2744c45: GrpcService started, listening on 15099
2023-06-06 14:28:00,737 [EndpointStateMachine task thread for /0.0.0.0:15089 - 0 ] INFO  server.GrpcService (GrpcService.java:startImpl(302)) - a23106ed-25fb-4d2a-941a-1db4c2744c45: GrpcService started, listening on 15101
2023-06-06 14:28:00,739 [EndpointStateMachine task thread for /0.0.0.0:15089 - 0 ] INFO  server.GrpcService (GrpcService.java:startImpl(302)) - a23106ed-25fb-4d2a-941a-1db4c2744c45: GrpcService started, listening on 15100
2023-06-06 14:28:00,739 [EndpointStateMachine task thread for /0.0.0.0:15089 - 0 ] INFO  ratis.XceiverServerRatis (XceiverServerRatis.java:getRealPort(543)) - XceiverServerRatis a23106ed-25fb-4d2a-941a-1db4c2744c45 is started using port 15099 for RATIS
2023-06-06 14:28:00,739 [JvmPauseMonitor15] INFO  util.JvmPauseMonitor (JvmPauseMonitor.java:run(103)) - JvmPauseMonitor-a23106ed-25fb-4d2a-941a-1db4c2744c45: Started
2023-06-06 14:28:00,739 [EndpointStateMachine task thread for /0.0.0.0:15089 - 0 ] INFO  ratis.XceiverServerRatis (XceiverServerRatis.java:getRealPort(543)) - XceiverServerRatis a23106ed-25fb-4d2a-941a-1db4c2744c45 is started using port 15100 for RATIS_ADMIN
2023-06-06 14:28:00,739 [EndpointStateMachine task thread for /0.0.0.0:15089 - 0 ] INFO  ratis.XceiverServerRatis (XceiverServerRatis.java:getRealPort(543)) - XceiverServerRatis a23106ed-25fb-4d2a-941a-1db4c2744c45 is started using port 15101 for RATIS_SERVER
2023-06-06 14:28:00,739 [EndpointStateMachine task thread for /0.0.0.0:15089 - 0 ] INFO  ratis.XceiverServerRatis (XceiverServerRatis.java:getRealPort(543)) - XceiverServerRatis a23106ed-25fb-4d2a-941a-1db4c2744c45 is started using port 15102 for RATIS_DATASTREAM
2023-06-06 14:28:00,743 [BlockDeletingService#0] INFO  interfaces.ContainerDeletionChoosingPolicyTemplate (ContainerDeletionChoosingPolicyTemplate.java:chooseContainerForBlockDeletion(83)) - Chosen 0/5000 blocks from 0 candidate containers.
2023-06-06 14:28:01,687 [Time-limited test] INFO  ozone.MiniOzoneClusterImpl (MiniOzoneClusterImpl.java:lambda$waitForClusterToBeReady$0(222)) - Waiting for nodes to be ready. Got 0 of 1 DN Heartbeats.
2023-06-06 14:28:01,687 [Time-limited test] INFO  ozone.MiniOzoneClusterImpl (MiniOzoneClusterImpl.java:lambda$waitForClusterToBeReady$0(225)) - Waiting for cluster to exit safe mode
2023-06-06 14:28:01,687 [Time-limited test] INFO  ozone.MiniOzoneClusterImpl (MiniOzoneClusterImpl.java:lambda$waitForClusterToBeReady$0(227)) - SCM became leader
2023-06-06 14:28:02,687 [Time-limited test] INFO  ozone.MiniOzoneClusterImpl (MiniOzoneClusterImpl.java:lambda$waitForClusterToBeReady$0(222)) - Waiting for nodes to be ready. Got 0 of 1 DN Heartbeats.
2023-06-06 14:28:02,687 [Time-limited test] INFO  ozone.MiniOzoneClusterImpl (MiniOzoneClusterImpl.java:lambda$waitForClusterToBeReady$0(225)) - Waiting for cluster to exit safe mode
2023-06-06 14:28:02,687 [Time-limited test] INFO  ozone.MiniOzoneClusterImpl (MiniOzoneClusterImpl.java:lambda$waitForClusterToBeReady$0(227)) - SCM became leader
2023-06-06 14:28:02,692 [IPC Server handler 0 on default port 15089] INFO  net.NetworkTopologyImpl (NetworkTopologyImpl.java:add(112)) - Added a new node: /default-rack/a23106ed-25fb-4d2a-941a-1db4c2744c45
2023-06-06 14:28:02,692 [IPC Server handler 0 on default port 15089] INFO  node.SCMNodeManager (SCMNodeManager.java:register(407)) - Registered Data node : a23106ed-25fb-4d2a-941a-1db4c2744c45{ip: 10.1.0.37, host: fv-az1133-973.qlb2sqfkji0uhjsjdnlwzcsdwg.bx.internal.cloudapp.net, ports: [HTTP=15096, CLIENT_RPC=15097, REPLICATION=15103, RATIS=15099, RATIS_ADMIN=15100, RATIS_SERVER=15101, RATIS_DATASTREAM=15102, STANDALONE=15098], networkLocation: /default-rack, certSerialId: null, persistedOpState: null, persistedOpStateExpiryEpochSec: 0}
2023-06-06 14:28:02,693 [EventQueue-NodeRegistrationContainerReportForContainerSafeModeRule] INFO  safemode.SCMSafeModeManager (SCMSafeModeManager.java:validateSafeModeExitRules(200)) - ContainerSafeModeRule rule is successfully validated
2023-06-06 14:28:02,694 [EventQueue-NodeRegistrationContainerReportForDataNodeSafeModeRule] INFO  safemode.SCMSafeModeManager (DataNodeSafeModeRule.java:process(71)) - SCM in safe mode. 1 DataNodes registered, 1 required.
2023-06-06 14:28:02,699 [EventQueue-NodeRegistrationContainerReportForDataNodeSafeModeRule] INFO  safemode.SCMSafeModeManager (SCMSafeModeManager.java:validateSafeModeExitRules(200)) - DataNodeSafeModeRule rule is successfully validated
2023-06-06 14:28:02,699 [EventQueue-NodeRegistrationContainerReportForDataNodeSafeModeRule] INFO  safemode.SCMSafeModeManager (SCMSafeModeManager.java:completePreCheck(229)) - All SCM safe mode pre check rules have passed
2023-06-06 14:28:02,699 [EventQueue-NodeRegistrationContainerReportForDataNodeSafeModeRule] INFO  ha.SCMContext (SCMContext.java:updateSafeModeStatus(228)) - Update SafeModeStatus from SafeModeStatus{safeModeStatus=true, preCheckPassed=false} to SafeModeStatus{safeModeStatus=true, preCheckPassed=true}.
2023-06-06 14:28:02,699 [EventQueue-NewNodeForNewNodeHandler] INFO  pipeline.BackgroundPipelineCreator (BackgroundPipelineCreator.java:notifyEventTriggered(276)) - trigger a one-shot run on RatisPipelineUtilsThread.
2023-06-06 14:28:02,699 [EventQueue-NodeRegistrationContainerReportForDataNodeSafeModeRule] INFO  pipeline.BackgroundPipelineCreator (BackgroundPipelineCreator.java:notifyEventTriggered(276)) - trigger a one-shot run on RatisPipelineUtilsThread.
2023-06-06 14:28:02,699 [RatisPipelineUtilsThread - 0] INFO  pipeline.RatisPipelineProvider (RatisPipelineProvider.java:lambda$create$0(206)) - Sending CreatePipelineCommand for pipeline:PipelineID=13475d03-4fbe-41bb-910b-8a8a5786a0f3 to datanode:a23106ed-25fb-4d2a-941a-1db4c2744c45
2023-06-06 14:28:02,700 [RatisPipelineUtilsThread - 0] INFO  pipeline.PipelineStateManagerImpl (PipelineStateManagerImpl.java:addPipeline(103)) - Created pipeline Pipeline[ Id: 13475d03-4fbe-41bb-910b-8a8a5786a0f3, Nodes: a23106ed-25fb-4d2a-941a-1db4c2744c45(fv-az1133-973.qlb2sqfkji0uhjsjdnlwzcsdwg.bx.internal.cloudapp.net/10.1.0.37), ReplicationConfig: RATIS/ONE, State:ALLOCATED, leaderId:, CreationTimestamp2023-06-06T14:28:02.699Z[Etc/UTC]].
2023-06-06 14:28:02,700 [RatisPipelineUtilsThread - 0] ERROR scm.SCMCommonPlacementPolicy (SCMCommonPlacementPolicy.java:filterNodesWithSpace(285)) - Unable to find enough nodes that meet the space requirement of 1073741824 bytes for metadata and 5368709120 bytes for data in healthy node set. Required 3. Found 1.
2023-06-06 14:28:02,701 [RatisPipelineUtilsThread - 0] ERROR scm.SCMCommonPlacementPolicy (SCMCommonPlacementPolicy.java:filterNodesWithSpace(285)) - Unable to find enough nodes that meet the space requirement of 1073741824 bytes for metadata and 5368709120 bytes for data in healthy node set. Required 3. Found 1.
2023-06-06 14:28:02,701 [EventQueue-PipelineReportForOneReplicaPipelineSafeModeRule] INFO  safemode.SCMSafeModeManager (SCMSafeModeManager.java:validateSafeModeExitRules(200)) - AtleastOneDatanodeReportedRule rule is successfully validated
2023-06-06 14:28:03,688 [Time-limited test] INFO  ozone.MiniOzoneClusterImpl (MiniOzoneClusterImpl.java:lambda$waitForClusterToBeReady$0(222)) - Nodes are ready. Got 1 of 1 DN Heartbeats.
2023-06-06 14:28:03,688 [Time-limited test] INFO  ozone.MiniOzoneClusterImpl (MiniOzoneClusterImpl.java:lambda$waitForClusterToBeReady$0(225)) - Waiting for cluster to exit safe mode
2023-06-06 14:28:03,688 [Time-limited test] INFO  ozone.MiniOzoneClusterImpl (MiniOzoneClusterImpl.java:lambda$waitForClusterToBeReady$0(227)) - SCM became leader
2023-06-06 14:28:04,688 [Time-limited test] INFO  ozone.MiniOzoneClusterImpl (MiniOzoneClusterImpl.java:lambda$waitForClusterToBeReady$0(222)) - Nodes are ready. Got 1 of 1 DN Heartbeats.
2023-06-06 14:28:04,688 [Time-limited test] INFO  ozone.MiniOzoneClusterImpl (MiniOzoneClusterImpl.java:lambda$waitForClusterToBeReady$0(225)) - Waiting for cluster to exit safe mode
2023-06-06 14:28:04,688 [Time-limited test] INFO  ozone.MiniOzoneClusterImpl (MiniOzoneClusterImpl.java:lambda$waitForClusterToBeReady$0(227)) - SCM became leader
2023-06-06 14:28:05,688 [Time-limited test] INFO  ozone.MiniOzoneClusterImpl (MiniOzoneClusterImpl.java:lambda$waitForClusterToBeReady$0(222)) - Nodes are ready. Got 1 of 1 DN Heartbeats.
2023-06-06 14:28:05,689 [Time-limited test] INFO  ozone.MiniOzoneClusterImpl (MiniOzoneClusterImpl.java:lambda$waitForClusterToBeReady$0(225)) - Waiting for cluster to exit safe mode
2023-06-06 14:28:05,689 [Time-limited test] INFO  ozone.MiniOzoneClusterImpl (MiniOzoneClusterImpl.java:lambda$waitForClusterToBeReady$0(227)) - SCM became leader
2023-06-06 14:28:05,692 [PipelineCommandHandlerThread-0] INFO  server.RaftServer (RaftServerProxy.java:addNew(98)) - a23106ed-25fb-4d2a-941a-1db4c2744c45: addNew group-8A8A5786A0F3:[a23106ed-25fb-4d2a-941a-1db4c2744c45|rpc:10.1.0.37:15101|admin:10.1.0.37:15100|client:10.1.0.37:15099|dataStream:10.1.0.37:15102|priority:1|startupRole:FOLLOWER] returns group-8A8A5786A0F3:java.util.concurrent.CompletableFuture@73ab5acc[Not completed]
2023-06-06 14:28:05,694 [a23106ed-25fb-4d2a-941a-1db4c2744c45-groupManagement] INFO  server.RaftServer$Division (RaftServerImpl.java:<init>(198)) - a23106ed-25fb-4d2a-941a-1db4c2744c45: new RaftServerImpl for group-8A8A5786A0F3:[a23106ed-25fb-4d2a-941a-1db4c2744c45|rpc:10.1.0.37:15101|admin:10.1.0.37:15100|client:10.1.0.37:15099|dataStream:10.1.0.37:15102|priority:1|startupRole:FOLLOWER] with ContainerStateMachine:uninitialized
2023-06-06 14:28:05,694 [a23106ed-25fb-4d2a-941a-1db4c2744c45-groupManagement] INFO  server.RaftServerConfigKeys (ConfUtils.java:logGet(46)) - raft.server.rpc.timeout.min = 5s (custom)
2023-06-06 14:28:05,695 [a23106ed-25fb-4d2a-941a-1db4c2744c45-groupManagement] INFO  server.RaftServerConfigKeys (ConfUtils.java:logGet(46)) - raft.server.rpc.timeout.max = 5200ms (custom)
2023-06-06 14:28:05,695 [a23106ed-25fb-4d2a-941a-1db4c2744c45-groupManagement] INFO  server.RaftServerConfigKeys (ConfUtils.java:logGet(46)) - raft.server.rpc.sleep.time = 25ms (default)
2023-06-06 14:28:05,695 [a23106ed-25fb-4d2a-941a-1db4c2744c45-groupManagement] INFO  server.RaftServerConfigKeys (ConfUtils.java:logGet(46)) - raft.server.rpc.slowness.timeout = 300s (custom)
2023-06-06 14:28:05,695 [a23106ed-25fb-4d2a-941a-1db4c2744c45-groupManagement] INFO  server.RaftServerConfigKeys (ConfUtils.java:logGet(46)) - raft.server.leaderelection.leader.step-down.wait-time = 10s (default)
2023-06-06 14:28:05,695 [a23106ed-25fb-4d2a-941a-1db4c2744c45-groupManagement] INFO  server.RaftServerConfigKeys (ConfUtils.java:logGet(46)) - raft.server.sleep.deviation.threshold = 300ms (default)
2023-06-06 14:28:05,695 [a23106ed-25fb-4d2a-941a-1db4c2744c45-groupManagement] INFO  server.RaftServer$Division (ServerState.java:<init>(120)) - a23106ed-25fb-4d2a-941a-1db4c2744c45@group-8A8A5786A0F3: ConfigurationManager, init=-1: peers:[a23106ed-25fb-4d2a-941a-1db4c2744c45|rpc:10.1.0.37:15101|admin:10.1.0.37:15100|client:10.1.0.37:15099|dataStream:10.1.0.37:15102|priority:1|startupRole:FOLLOWER]|listeners:[], old=null, confs=<EMPTY_MAP>
2023-06-06 14:28:05,695 [a23106ed-25fb-4d2a-941a-1db4c2744c45-groupManagement] INFO  server.RaftServerConfigKeys (ConfUtils.java:logGet(46)) - raft.server.storage.dir = [/home/runner/work/ozone/ozone/hadoop-ozone/integration-test/target/test-dir/MiniOzoneClusterImpl-f1a550b1-3bce-4924-83e1-37a2b14d52c4/datanode-0/data/ratis] (custom)
2023-06-06 14:28:05,695 [a23106ed-25fb-4d2a-941a-1db4c2744c45-groupManagement] INFO  server.RaftServerConfigKeys (ConfUtils.java:logGet(46)) - raft.server.log.corruption.policy = EXCEPTION (default)
2023-06-06 14:28:05,695 [a23106ed-25fb-4d2a-941a-1db4c2744c45-groupManagement] INFO  server.RaftServerConfigKeys (ConfUtils.java:logGet(46)) - raft.server.storage.free-space.min = 0MB (=0) (default)
2023-06-06 14:28:05,695 [a23106ed-25fb-4d2a-941a-1db4c2744c45-groupManagement] INFO  server.RaftServerConfigKeys (ConfUtils.java:logGet(46)) - raft.server.notification.no-leader.timeout = 300s (custom)
2023-06-06 14:28:05,695 [a23106ed-25fb-4d2a-941a-1db4c2744c45-groupManagement] INFO  server.RaftServerConfigKeys (ConfUtils.java:logGet(46)) - raft.server.read.timeout = 10s (default)
2023-06-06 14:28:05,695 [a23106ed-25fb-4d2a-941a-1db4c2744c45-groupManagement] INFO  server.RaftServerConfigKeys (ConfUtils.java:logGet(46)) - raft.server.retrycache.expirytime = 600000ms (custom)
2023-06-06 14:28:05,695 [a23106ed-25fb-4d2a-941a-1db4c2744c45-groupManagement] INFO  server.RaftServerConfigKeys (ConfUtils.java:logGet(46)) - raft.server.retrycache.statistics.expirytime = 100μs (default)
2023-06-06 14:28:05,695 [a23106ed-25fb-4d2a-941a-1db4c2744c45-groupManagement] INFO  server.RaftServerConfigKeys (ConfUtils.java:logGet(46)) - raft.server.read.option = DEFAULT (default)
2023-06-06 14:28:05,696 [a23106ed-25fb-4d2a-941a-1db4c2744c45-groupManagement] INFO  server.RaftServerConfigKeys (ConfUtils.java:logGet(46)) - raft.server.rpc.request.timeout = 60s (custom)
2023-06-06 14:28:05,696 [a23106ed-25fb-4d2a-941a-1db4c2744c45-groupManagement] INFO  server.RaftServerConfigKeys (ConfUtils.java:logGet(46)) - raft.server.log.appender.install.snapshot.enabled = false (custom)
2023-06-06 14:28:05,696 [a23106ed-25fb-4d2a-941a-1db4c2744c45-groupManagement] INFO  server.RaftServerConfigKeys (ConfUtils.java:logGet(46)) - raft.server.threadpool.server.cached = true (default)
2023-06-06 14:28:05,696 [a23106ed-25fb-4d2a-941a-1db4c2744c45-groupManagement] INFO  server.RaftServerConfigKeys (ConfUtils.java:logGet(46)) - raft.server.threadpool.server.size = 0 (default)
2023-06-06 14:28:05,696 [a23106ed-25fb-4d2a-941a-1db4c2744c45-groupManagement] INFO  server.RaftServerConfigKeys (ConfUtils.java:logGet(46)) - raft.server.threadpool.client.cached = true (default)
2023-06-06 14:28:05,696 [a23106ed-25fb-4d2a-941a-1db4c2744c45-groupManagement] INFO  server.RaftServerConfigKeys (ConfUtils.java:logGet(46)) - raft.server.threadpool.client.size = 0 (default)
2023-06-06 14:28:05,696 [a23106ed-25fb-4d2a-941a-1db4c2744c45-groupManagement] INFO  storage.RaftStorageDirectory (RaftStorageDirectoryImpl.java:analyzeStorage(137)) - The storage directory /home/runner/work/ozone/ozone/hadoop-ozone/integration-test/target/test-dir/MiniOzoneClusterImpl-f1a550b1-3bce-4924-83e1-37a2b14d52c4/datanode-0/data/ratis/13475d03-4fbe-41bb-910b-8a8a5786a0f3 does not exist. Creating ...
2023-06-06 14:28:05,697 [a23106ed-25fb-4d2a-941a-1db4c2744c45-groupManagement] INFO  storage.RaftStorageDirectory (RaftStorageDirectoryImpl.java:tryLock(231)) - Lock on /home/runner/work/ozone/ozone/hadoop-ozone/integration-test/target/test-dir/MiniOzoneClusterImpl-f1a550b1-3bce-4924-83e1-37a2b14d52c4/datanode-0/data/ratis/13475d03-4fbe-41bb-910b-8a8a5786a0f3/in_use.lock acquired by nodename 75814@fv-az1133-973
2023-06-06 14:28:05,698 [a23106ed-25fb-4d2a-941a-1db4c2744c45-groupManagement] INFO  storage.RaftStorage (RaftStorageImpl.java:format(96)) - Storage directory /home/runner/work/ozone/ozone/hadoop-ozone/integration-test/target/test-dir/MiniOzoneClusterImpl-f1a550b1-3bce-4924-83e1-37a2b14d52c4/datanode-0/data/ratis/13475d03-4fbe-41bb-910b-8a8a5786a0f3 has been successfully formatted.
2023-06-06 14:28:05,699 [a23106ed-25fb-4d2a-941a-1db4c2744c45-groupManagement] INFO  ratis.ContainerStateMachine (ContainerStateMachine.java:loadSnapshot(262)) - group-8A8A5786A0F3: The snapshot info is null. Setting the last applied indexto:(t:0, i:~)
2023-06-06 14:28:05,699 [a23106ed-25fb-4d2a-941a-1db4c2744c45-groupManagement] INFO  server.RaftServerConfigKeys (ConfUtils.java:logGet(46)) - raft.server.log.use.memory = false (default)
2023-06-06 14:28:05,699 [a23106ed-25fb-4d2a-941a-1db4c2744c45-groupManagement] INFO  server.RaftServerConfigKeys (ConfUtils.java:logGet(46)) - raft.server.log.purge.gap = 1000000 (custom)
2023-06-06 14:28:05,699 [a23106ed-25fb-4d2a-941a-1db4c2744c45-groupManagement] INFO  server.RaftServerConfigKeys (ConfUtils.java:logGet(46)) - raft.server.log.appender.buffer.byte-limit = 33554432 (custom)
2023-06-06 14:28:05,699 [a23106ed-25fb-4d2a-941a-1db4c2744c45-groupManagement] INFO  server.RaftServerConfigKeys (ConfUtils.java:logGet(46)) - raft.server.log.statemachine.data.read.timeout = 1000ms (default)
2023-06-06 14:28:05,699 [a23106ed-25fb-4d2a-941a-1db4c2744c45-groupManagement] INFO  server.RaftServerConfigKeys (ConfUtils.java:logGet(46)) - raft.server.log.purge.preservation.log.num = 0 (default)
2023-06-06 14:28:05,699 [a23106ed-25fb-4d2a-941a-1db4c2744c45-groupManagement] INFO  server.RaftServerConfigKeys (ConfUtils.java:logGet(46)) - raft.server.log.segment.size.max = 1048576 (custom)
2023-06-06 14:28:05,700 [EventQueue-PipelineReportForPipelineReportHandler] INFO  pipeline.PipelineManagerImpl (PipelineManagerImpl.java:openPipeline(367)) - Pipeline Pipeline[ Id: 13475d03-4fbe-41bb-910b-8a8a5786a0f3, Nodes: a23106ed-25fb-4d2a-941a-1db4c2744c45(fv-az1133-973.qlb2sqfkji0uhjsjdnlwzcsdwg.bx.internal.cloudapp.net/10.1.0.37), ReplicationConfig: RATIS/ONE, State:ALLOCATED, leaderId:a23106ed-25fb-4d2a-941a-1db4c2744c45, CreationTimestamp2023-06-06T14:28:02.699Z[Etc/UTC]] moved to OPEN state
2023-06-06 14:28:05,700 [a23106ed-25fb-4d2a-941a-1db4c2744c45-groupManagement] INFO  server.RaftServerConfigKeys (ConfUtils.java:logGet(46)) - raft.server.log.segment.cache.num.max = 2 (custom)
2023-06-06 14:28:05,700 [a23106ed-25fb-4d2a-941a-1db4c2744c45-groupManagement] INFO  server.RaftServerConfigKeys (ConfUtils.java:logGet(46)) - raft.server.log.segment.cache.size.max = 200MB (=209715200) (default)
2023-06-06 14:28:05,700 [a23106ed-25fb-4d2a-941a-1db4c2744c45-groupManagement] INFO  server.RaftServerConfigKeys (ConfUtils.java:logGet(46)) - raft.server.log.appender.buffer.byte-limit = 33554432 (custom)
2023-06-06 14:28:05,700 [a23106ed-25fb-4d2a-941a-1db4c2744c45-groupManagement] INFO  segmented.SegmentedRaftLogWorker (SegmentedRaftLogWorker.java:<init>(188)) - new a23106ed-25fb-4d2a-941a-1db4c2744c45@group-8A8A5786A0F3-SegmentedRaftLogWorker for RaftStorageImpl:Storage Directory /home/runner/work/ozone/ozone/hadoop-ozone/integration-test/target/test-dir/MiniOzoneClusterImpl-f1a550b1-3bce-4924-83e1-37a2b14d52c4/datanode-0/data/ratis/13475d03-4fbe-41bb-910b-8a8a5786a0f3
2023-06-06 14:28:05,700 [a23106ed-25fb-4d2a-941a-1db4c2744c45-groupManagement] INFO  server.RaftServerConfigKeys (ConfUtils.java:logGet(46)) - raft.server.log.queue.byte-limit = 4294967296 (custom)
2023-06-06 14:28:05,700 [a23106ed-25fb-4d2a-941a-1db4c2744c45-groupManagement] INFO  server.RaftServerConfigKeys (ConfUtils.java:logGet(46)) - raft.server.log.queue.element-limit = 1024 (custom)
2023-06-06 14:28:05,700 [a23106ed-25fb-4d2a-941a-1db4c2744c45-groupManagement] INFO  server.RaftServerConfigKeys (ConfUtils.java:logGet(46)) - raft.server.log.segment.size.max = 1048576 (custom)
2023-06-06 14:28:05,701 [a23106ed-25fb-4d2a-941a-1db4c2744c45-groupManagement] INFO  server.RaftServerConfigKeys (ConfUtils.java:logGet(46)) - raft.server.log.preallocated.size = 16384 (custom)
2023-06-06 14:28:05,701 [a23106ed-25fb-4d2a-941a-1db4c2744c45-groupManagement] INFO  server.RaftServerConfigKeys (ConfUtils.java:logGet(46)) - raft.server.log.force.sync.num = 128 (default)
2023-06-06 14:28:05,701 [a23106ed-25fb-4d2a-941a-1db4c2744c45-groupManagement] INFO  server.RaftServerConfigKeys (ConfUtils.java:logGet(46)) - raft.server.log.statemachine.data.sync = true (default)
2023-06-06 14:28:05,701 [a23106ed-25fb-4d2a-941a-1db4c2744c45-groupManagement] INFO  server.RaftServerConfigKeys (ConfUtils.java:logGet(46)) - raft.server.log.statemachine.data.sync.timeout = 10s (default)
2023-06-06 14:28:05,701 [a23106ed-25fb-4d2a-941a-1db4c2744c45-groupManagement] INFO  server.RaftServerConfigKeys (ConfUtils.java:logGet(46)) - raft.server.log.statemachine.data.sync.timeout.retry = -1 (default)
2023-06-06 14:28:05,701 [a23106ed-25fb-4d2a-941a-1db4c2744c45-groupManagement] INFO  server.RaftServerConfigKeys (ConfUtils.java:logGet(46)) - raft.server.log.write.buffer.size = 1048576 (custom)
2023-06-06 14:28:05,702 [a23106ed-25fb-4d2a-941a-1db4c2744c45-groupManagement] INFO  server.RaftServerConfigKeys (ConfUtils.java:logGet(46)) - raft.server.log.appender.buffer.byte-limit = 33554432 (custom)
2023-06-06 14:28:05,707 [a23106ed-25fb-4d2a-941a-1db4c2744c45-groupManagement] INFO  server.RaftServerConfigKeys (ConfUtils.java:logGet(46)) - raft.server.log.unsafe-flush.enabled = false (default)
2023-06-06 14:28:05,707 [EventQueue-OpenPipelineForHealthyPipelineSafeModeRule] INFO  safemode.SCMSafeModeManager (SCMSafeModeManager.java:validateSafeModeExitRules(200)) - HealthyPipelineSafeModeRule rule is successfully validated
2023-06-06 14:28:05,707 [EventQueue-OpenPipelineForHealthyPipelineSafeModeRule] INFO  safemode.SCMSafeModeManager (SCMSafeModeManager.java:validateSafeModeExitRules(215)) - ScmSafeModeManager, all rules are successfully validated
2023-06-06 14:28:05,707 [a23106ed-25fb-4d2a-941a-1db4c2744c45-groupManagement] INFO  server.RaftServerConfigKeys (ConfUtils.java:logGet(46)) - raft.server.log.async-flush.enabled = false (default)
2023-06-06 14:28:05,707 [EventQueue-OpenPipelineForHealthyPipelineSafeModeRule] INFO  safemode.SCMSafeModeManager (SCMSafeModeManager.java:exitSafeMode(244)) - SCM exiting safe mode.
2023-06-06 14:28:05,707 [a23106ed-25fb-4d2a-941a-1db4c2744c45-groupManagement] INFO  server.RaftServerConfigKeys (ConfUtils.java:logGet(46)) - raft.server.log.statemachine.data.caching.enabled = true (custom)
2023-06-06 14:28:05,707 [EventQueue-OpenPipelineForHealthyPipelineSafeModeRule] INFO  ha.SCMContext (SCMContext.java:updateSafeModeStatus(228)) - Update SafeModeStatus from SafeModeStatus{safeModeStatus=true, preCheckPassed=true} to SafeModeStatus{safeModeStatus=false, preCheckPassed=true}.
2023-06-06 14:28:05,707 [EventQueue-OpenPipelineForHealthyPipelineSafeModeRule] INFO  pipeline.BackgroundPipelineCreator (BackgroundPipelineCreator.java:notifyStatusChanged(254)) - Service BackgroundPipelineCreator transitions to RUNNING.
2023-06-06 14:28:05,707 [EventQueue-OpenPipelineForHealthyPipelineSafeModeRule] INFO  BackgroundPipelineScrubber (BackgroundSCMService.java:notifyStatusChanged(82)) - Service BackgroundPipelineScrubber transitions to RUNNING.
2023-06-06 14:28:05,707 [EventQueue-OpenPipelineForHealthyPipelineSafeModeRule] INFO  ExpiredContainerReplicaOpScrubber (BackgroundSCMService.java:notifyStatusChanged(82)) - Service ExpiredContainerReplicaOpScrubber transitions to RUNNING.
2023-06-06 14:28:05,707 [a23106ed-25fb-4d2a-941a-1db4c2744c45-groupManagement] INFO  segmented.SegmentedRaftLogWorker (SegmentedRaftLogWorker.java:lambda$new$0(135)) - a23106ed-25fb-4d2a-941a-1db4c2744c45@group-8A8A5786A0F3-SegmentedRaftLogWorker: flushIndex: setUnconditionally 0 -> -1
2023-06-06 14:28:05,707 [EventQueue-OpenPipelineForHealthyPipelineSafeModeRule] INFO  replication.ReplicationManager (ReplicationManager.java:notifyStatusChanged(1369)) - Service ReplicationManager transitions to RUNNING.
2023-06-06 14:28:05,707 [a23106ed-25fb-4d2a-941a-1db4c2744c45-groupManagement] INFO  segmented.SegmentedRaftLogWorker (SegmentedRaftLogWorker.java:lambda$new$0(135)) - a23106ed-25fb-4d2a-941a-1db4c2744c45@group-8A8A5786A0F3-SegmentedRaftLogWorker: safeCacheEvictIndex: setUnconditionally 0 -> -1
2023-06-06 14:28:05,708 [a23106ed-25fb-4d2a-941a-1db4c2744c45-groupManagement] INFO  server.RaftServer$Division (RaftServerImpl.java:start(342)) - a23106ed-25fb-4d2a-941a-1db4c2744c45@group-8A8A5786A0F3: start as a follower, conf=-1: peers:[a23106ed-25fb-4d2a-941a-1db4c2744c45|rpc:10.1.0.37:15101|admin:10.1.0.37:15100|client:10.1.0.37:15099|dataStream:10.1.0.37:15102|priority:1|startupRole:FOLLOWER]|listeners:[], old=null
2023-06-06 14:28:05,708 [EventQueue-OpenPipelineForHealthyPipelineSafeModeRule] WARN  balancer.ContainerBalancer (ContainerBalancer.java:shouldRun(135)) - Could not find persisted configuration for ContainerBalancer when checking if ContainerBalancer should run. ContainerBalancer should not run now.
2023-06-06 14:28:05,708 [a23106ed-25fb-4d2a-941a-1db4c2744c45-groupManagement] INFO  server.RaftServer$Division (RaftServerImpl.java:setRole(329)) - a23106ed-25fb-4d2a-941a-1db4c2744c45@group-8A8A5786A0F3: changes role from      null to FOLLOWER at term 0 for startAsFollower
2023-06-06 14:28:05,708 [a23106ed-25fb-4d2a-941a-1db4c2744c45-groupManagement] INFO  impl.RoleInfo (RoleInfo.java:updateAndGet(139)) - a23106ed-25fb-4d2a-941a-1db4c2744c45: start a23106ed-25fb-4d2a-941a-1db4c2744c45@group-8A8A5786A0F3-FollowerState
2023-06-06 14:28:05,709 [a23106ed-25fb-4d2a-941a-1db4c2744c45-groupManagement] INFO  util.JmxRegister (JmxRegister.java:tryRegister(44)) - Successfully registered JMX Bean with object name Ratis:service=RaftServer,group=group-8A8A5786A0F3,id=a23106ed-25fb-4d2a-941a-1db4c2744c45
2023-06-06 14:28:05,709 [a23106ed-25fb-4d2a-941a-1db4c2744c45@group-8A8A5786A0F3-FollowerState] INFO  server.RaftServerConfigKeys (ConfUtils.java:logFallback(53)) - raft.server.rpc.first-election.timeout.min = 5s (fallback to raft.server.rpc.timeout.min)
2023-06-06 14:28:05,709 [a23106ed-25fb-4d2a-941a-1db4c2744c45-groupManagement] INFO  server.RaftServerConfigKeys (ConfUtils.java:logGet(46)) - raft.server.snapshot.auto.trigger.enabled = true (custom)
2023-06-06 14:28:05,711 [a23106ed-25fb-4d2a-941a-1db4c2744c45@group-8A8A5786A0F3-FollowerState] INFO  server.RaftServerConfigKeys (ConfUtils.java:logFallback(53)) - raft.server.rpc.first-election.timeout.max = 5200ms (fallback to raft.server.rpc.timeout.max)
2023-06-06 14:28:05,711 [a23106ed-25fb-4d2a-941a-1db4c2744c45-groupManagement] INFO  server.RaftServerConfigKeys (ConfUtils.java:logGet(46)) - raft.server.snapshot.auto.trigger.threshold = 10000 (custom)
2023-06-06 14:28:05,714 [a23106ed-25fb-4d2a-941a-1db4c2744c45-groupManagement] INFO  server.RaftServerConfigKeys (ConfUtils.java:logGet(46)) - raft.server.snapshot.retention.file.num = 5 (custom)
2023-06-06 14:28:05,714 [a23106ed-25fb-4d2a-941a-1db4c2744c45-groupManagement] INFO  server.RaftServerConfigKeys (ConfUtils.java:logGet(46)) - raft.server.log.purge.upto.snapshot.index = false (default)
2023-06-06 14:28:05,716 [PipelineCommandHandlerThread-0] INFO  ratis.XceiverServerRatis (XceiverServerRatis.java:addGroup(804)) - Created group PipelineID=13475d03-4fbe-41bb-910b-8a8a5786a0f3
2023-06-06 14:28:05,716 [PipelineCommandHandlerThread-0] INFO  commandhandler.CreatePipelineCommandHandler (CreatePipelineCommandHandler.java:lambda$handle$2(124)) - Created Pipeline RATIS ONE PipelineID=13475d03-4fbe-41bb-910b-8a8a5786a0f3.
2023-06-06 14:28:06,689 [Time-limited test] INFO  ozone.MiniOzoneClusterImpl (MiniOzoneClusterImpl.java:lambda$waitForClusterToBeReady$0(222)) - Nodes are ready. Got 1 of 1 DN Heartbeats.
2023-06-06 14:28:06,689 [Time-limited test] INFO  ozone.MiniOzoneClusterImpl (MiniOzoneClusterImpl.java:lambda$waitForClusterToBeReady$0(225)) - Cluster exits safe mode
2023-06-06 14:28:06,689 [Time-limited test] INFO  ozone.MiniOzoneClusterImpl (MiniOzoneClusterImpl.java:lambda$waitForClusterToBeReady$0(227)) - SCM became leader
2023-06-06 14:28:06,718 [Time-limited test] INFO  rpc.RpcClient (RpcClient.java:createVolume(459)) - Creating Volume: volume31854, with user87319 as owner and space quota set to -1 bytes, counts quota set to -1
2023-06-06 14:28:06,735 [OM StateMachine ApplyTransaction Thread - 0] INFO  volume.OMVolumeCreateRequest (OMVolumeCreateRequest.java:validateAndUpdateCache(196)) - created volume:volume31854 for user:user87319
2023-06-06 14:28:06,743 [Time-limited test] INFO  rpc.RpcClient (RpcClient.java:createBucket(686)) - Creating Bucket: volume31854/bucket17720, with bucket layout LEGACY, runner as owner, Versioning false, Storage Type set to DISK and Encryption set to false, Replication Type set to server-side default replication type, Namespace Quota set to -1, Space Quota set to -1 
2023-06-06 14:28:06,750 [OM StateMachine ApplyTransaction Thread - 0] INFO  bucket.OMBucketCreateRequest (OMBucketCreateRequest.java:validateAndUpdateCache(270)) - created bucket: bucket17720 of layout LEGACY in volume: volume31854
2023-06-06 14:28:06,761 [IPC Server handler 1 on default port 15088] INFO  ha.SequenceIdGenerator (SequenceIdGenerator.java:getNextId(128)) - Allocate a batch for containerId, change lastId from 0 to 1000.
2023-06-06 14:28:06,763 [IPC Server handler 1 on default port 15088] WARN  ha.SequenceIdGenerator (SequenceIdGenerator.java:allocateBatch(237)) - Failed to allocate a batch for localId, expected lastId is 0, actual lastId is 111677748019200000.
2023-06-06 14:28:06,763 [IPC Server handler 1 on default port 15088] INFO  ha.SequenceIdGenerator (SequenceIdGenerator.java:getNextId(128)) - Allocate a batch for localId, change lastId from 111677748019200000 to 111677748019201000.
2023-06-06 14:28:10,912 [a23106ed-25fb-4d2a-941a-1db4c2744c45@group-8A8A5786A0F3-FollowerState] INFO  impl.FollowerState (FollowerState.java:run(143)) - a23106ed-25fb-4d2a-941a-1db4c2744c45@group-8A8A5786A0F3-FollowerState: change to CANDIDATE, lastRpcElapsedTime:5203743012ns, electionTimeout:5198ms
2023-06-06 14:28:10,912 [a23106ed-25fb-4d2a-941a-1db4c2744c45@group-8A8A5786A0F3-FollowerState] INFO  impl.RoleInfo (RoleInfo.java:shutdownFollowerState(110)) - a23106ed-25fb-4d2a-941a-1db4c2744c45: shutdown a23106ed-25fb-4d2a-941a-1db4c2744c45@group-8A8A5786A0F3-FollowerState
2023-06-06 14:28:10,912 [a23106ed-25fb-4d2a-941a-1db4c2744c45@group-8A8A5786A0F3-FollowerState] INFO  server.RaftServer$Division (RaftServerImpl.java:setRole(329)) - a23106ed-25fb-4d2a-941a-1db4c2744c45@group-8A8A5786A0F3: changes role from  FOLLOWER to CANDIDATE at term 0 for changeToCandidate
2023-06-06 14:28:10,912 [a23106ed-25fb-4d2a-941a-1db4c2744c45@group-8A8A5786A0F3-FollowerState] INFO  server.RaftServerConfigKeys (ConfUtils.java:logGet(46)) - raft.server.leaderelection.pre-vote = true (default)
2023-06-06 14:28:10,912 [a23106ed-25fb-4d2a-941a-1db4c2744c45@group-8A8A5786A0F3-FollowerState] INFO  impl.RoleInfo (RoleInfo.java:updateAndGet(139)) - a23106ed-25fb-4d2a-941a-1db4c2744c45: start a23106ed-25fb-4d2a-941a-1db4c2744c45@group-8A8A5786A0F3-LeaderElection21
2023-06-06 14:28:10,918 [a23106ed-25fb-4d2a-941a-1db4c2744c45@group-8A8A5786A0F3-LeaderElection21] INFO  impl.LeaderElection (LeaderElection.java:askForVotes(321)) - a23106ed-25fb-4d2a-941a-1db4c2744c45@group-8A8A5786A0F3-LeaderElection21 PRE_VOTE round 0: submit vote requests at term 0 for -1: peers:[a23106ed-25fb-4d2a-941a-1db4c2744c45|rpc:10.1.0.37:15101|admin:10.1.0.37:15100|client:10.1.0.37:15099|dataStream:10.1.0.37:15102|priority:1|startupRole:FOLLOWER]|listeners:[], old=null
2023-06-06 14:28:10,918 [a23106ed-25fb-4d2a-941a-1db4c2744c45@group-8A8A5786A0F3-LeaderElection21] INFO  impl.LeaderElection (LeaderElection.java:askForVotes(323)) - a23106ed-25fb-4d2a-941a-1db4c2744c45@group-8A8A5786A0F3-LeaderElection21 PRE_VOTE round 0: result PASSED (term=0)
2023-06-06 14:28:10,919 [a23106ed-25fb-4d2a-941a-1db4c2744c45@group-8A8A5786A0F3-LeaderElection21] INFO  impl.LeaderElection (LeaderElection.java:askForVotes(321)) - a23106ed-25fb-4d2a-941a-1db4c2744c45@group-8A8A5786A0F3-LeaderElection21 ELECTION round 0: submit vote requests at term 1 for -1: peers:[a23106ed-25fb-4d2a-941a-1db4c2744c45|rpc:10.1.0.37:15101|admin:10.1.0.37:15100|client:10.1.0.37:15099|dataStream:10.1.0.37:15102|priority:1|startupRole:FOLLOWER]|listeners:[], old=null
2023-06-06 14:28:10,919 [a23106ed-25fb-4d2a-941a-1db4c2744c45@group-8A8A5786A0F3-LeaderElection21] INFO  impl.LeaderElection (LeaderElection.java:askForVotes(323)) - a23106ed-25fb-4d2a-941a-1db4c2744c45@group-8A8A5786A0F3-LeaderElection21 ELECTION round 0: result PASSED (term=1)
2023-06-06 14:28:10,919 [a23106ed-25fb-4d2a-941a-1db4c2744c45@group-8A8A5786A0F3-LeaderElection21] INFO  impl.RoleInfo (RoleInfo.java:shutdownLeaderElection(130)) - a23106ed-25fb-4d2a-941a-1db4c2744c45: shutdown a23106ed-25fb-4d2a-941a-1db4c2744c45@group-8A8A5786A0F3-LeaderElection21
2023-06-06 14:28:10,920 [a23106ed-25fb-4d2a-941a-1db4c2744c45@group-8A8A5786A0F3-LeaderElection21] INFO  server.RaftServer$Division (RaftServerImpl.java:setRole(329)) - a23106ed-25fb-4d2a-941a-1db4c2744c45@group-8A8A5786A0F3: changes role from CANDIDATE to LEADER at term 1 for changeToLeader
2023-06-06 14:28:10,920 [a23106ed-25fb-4d2a-941a-1db4c2744c45@group-8A8A5786A0F3-LeaderElection21] INFO  ratis.XceiverServerRatis (XceiverServerRatis.java:handleLeaderChangedNotification(902)) - Leader change notification received for group: group-8A8A5786A0F3 with new leaderId: a23106ed-25fb-4d2a-941a-1db4c2744c45
2023-06-06 14:28:10,920 [a23106ed-25fb-4d2a-941a-1db4c2744c45@group-8A8A5786A0F3-LeaderElection21] INFO  server.RaftServer$Division (ServerState.java:setLeader(317)) - a23106ed-25fb-4d2a-941a-1db4c2744c45@group-8A8A5786A0F3: change Leader from null to a23106ed-25fb-4d2a-941a-1db4c2744c45 at term 1 for becomeLeader, leader elected after 5224ms
2023-06-06 14:28:10,920 [a23106ed-25fb-4d2a-941a-1db4c2744c45@group-8A8A5786A0F3-LeaderElection21] INFO  server.RaftServerConfigKeys (ConfUtils.java:logGet(46)) - raft.server.staging.catchup.gap = 1000 (default)
2023-06-06 14:28:10,920 [a23106ed-25fb-4d2a-941a-1db4c2744c45@group-8A8A5786A0F3-LeaderElection21] INFO  server.RaftServerConfigKeys (ConfUtils.java:logGet(46)) - raft.server.write.element-limit = 1024 (custom)
2023-06-06 14:28:10,920 [a23106ed-25fb-4d2a-941a-1db4c2744c45@group-8A8A5786A0F3-LeaderElection21] INFO  server.RaftServerConfigKeys (ConfUtils.java:logGet(46)) - raft.server.write.byte-limit = 1024 M (=1073741824) (custom)
2023-06-06 14:28:10,920 [a23106ed-25fb-4d2a-941a-1db4c2744c45@group-8A8A5786A0F3-LeaderElection21] INFO  server.RaftServerConfigKeys (ConfUtils.java:logGet(46)) - raft.server.watch.timeout = 180s (custom)
2023-06-06 14:28:10,921 [a23106ed-25fb-4d2a-941a-1db4c2744c45@group-8A8A5786A0F3-LeaderElection21] INFO  server.RaftServerConfigKeys (ConfUtils.java:logGet(46)) - raft.server.watch.timeout.denomination = 1s (default)
2023-06-06 14:28:10,921 [a23106ed-25fb-4d2a-941a-1db4c2744c45@group-8A8A5786A0F3-LeaderElection21] INFO  server.RaftServerConfigKeys (ConfUtils.java:logGet(46)) - raft.server.watch.element-limit = 65536 (default)
2023-06-06 14:28:10,921 [a23106ed-25fb-4d2a-941a-1db4c2744c45@group-8A8A5786A0F3-LeaderElection21] INFO  server.RaftServerConfigKeys (ConfUtils.java:logGet(46)) - raft.server.write.element-limit = 1024 (custom)
2023-06-06 14:28:10,921 [a23106ed-25fb-4d2a-941a-1db4c2744c45@group-8A8A5786A0F3-LeaderElection21] INFO  server.RaftServerConfigKeys (ConfUtils.java:logGet(46)) - raft.server.write.follower.gap.ratio.max = -1.0 (default)
2023-06-06 14:28:10,921 [a23106ed-25fb-4d2a-941a-1db4c2744c45@group-8A8A5786A0F3-LeaderElection21] INFO  impl.RoleInfo (RoleInfo.java:updateAndGet(139)) - a23106ed-25fb-4d2a-941a-1db4c2744c45: start a23106ed-25fb-4d2a-941a-1db4c2744c45@group-8A8A5786A0F3-LeaderStateImpl
2023-06-06 14:28:10,921 [a23106ed-25fb-4d2a-941a-1db4c2744c45@group-8A8A5786A0F3-LeaderElection21] INFO  segmented.SegmentedRaftLogWorker (SegmentedRaftLogWorker.java:startLogSegment(447)) - a23106ed-25fb-4d2a-941a-1db4c2744c45@group-8A8A5786A0F3-SegmentedRaftLogWorker: Starting segment from index:0
2023-06-06 14:28:10,926 [a23106ed-25fb-4d2a-941a-1db4c2744c45@group-8A8A5786A0F3-LeaderElection21] INFO  server.RaftServer$Division (ServerState.java:setRaftConf(434)) - a23106ed-25fb-4d2a-941a-1db4c2744c45@group-8A8A5786A0F3: set configuration 0: peers:[a23106ed-25fb-4d2a-941a-1db4c2744c45|rpc:10.1.0.37:15101|admin:10.1.0.37:15100|client:10.1.0.37:15099|dataStream:10.1.0.37:15102|priority:1|startupRole:FOLLOWER]|listeners:[], old=null
2023-06-06 14:28:10,927 [a23106ed-25fb-4d2a-941a-1db4c2744c45@group-8A8A5786A0F3-SegmentedRaftLogWorker] INFO  segmented.SegmentedRaftLogWorker (SegmentedRaftLogWorker.java:execute(651)) - a23106ed-25fb-4d2a-941a-1db4c2744c45@group-8A8A5786A0F3-SegmentedRaftLogWorker: created new log segment /home/runner/work/ozone/ozone/hadoop-ozone/integration-test/target/test-dir/MiniOzoneClusterImpl-f1a550b1-3bce-4924-83e1-37a2b14d52c4/datanode-0/data/ratis/13475d03-4fbe-41bb-910b-8a8a5786a0f3/current/log_inprogress_0
2023-06-06 14:28:18,396 [Time-limited test] INFO  server.SCMDatanodeProtocolServer (SCMDatanodeProtocolServer.java:stop(424)) - Stopping the RPC server for DataNodes
2023-06-06 14:28:18,396 [Time-limited test] INFO  ipc.Server (Server.java:stop(3501)) - Stopping server on 15089
2023-06-06 14:28:18,401 [IPC Server listener on 15089] INFO  ipc.Server (Server.java:run(1430)) - Stopping IPC Server listener on 15089
2023-06-06 14:28:18,402 [IPC Server Responder] INFO  ipc.Server (Server.java:run(1563)) - Stopping IPC Server Responder
2023-06-06 14:28:18,496 [SCM Heartbeat Processing Thread - 0] WARN  node.NodeStateManager (NodeStateManager.java:scheduleNextHealthCheck(870)) - Current Thread is interrupted, shutting down HB processing thread for Node Manager.
2023-06-06 14:28:18,496 [Time-limited test] INFO  ozone.TestStorageContainerManager (TestStorageContainerManager.java:testCloseContainerCommandOnRestart(791)) - Current Container State is OPEN
2023-06-06 14:28:18,497 [Time-limited test] INFO  ozone.MiniOzoneClusterImpl (MiniOzoneClusterImpl.java:restartStorageContainerManager(356)) - Restarting SCM in cluster class org.apache.hadoop.ozone.MiniOzoneClusterImpl
2023-06-06 14:28:18,497 [Time-limited test] INFO  server.StorageContainerManager (StorageContainerManager.java:stop(1562)) - Container Balancer is not running.
2023-06-06 14:28:18,497 [Time-limited test] INFO  server.StorageContainerManager (StorageContainerManager.java:stopReplicationManager(1693)) - Stopping Replication Manager Service.
2023-06-06 14:28:18,497 [Time-limited test] INFO  replication.ReplicationManager (ReplicationManager.java:stop(332)) - Stopping Replication Monitor Thread.
2023-06-06 14:28:18,497 [Over Replicated Processor] WARN  replication.UnhealthyReplicationProcessor (UnhealthyReplicationProcessor.java:run(167)) - Over Replicated Processor interrupted. Exiting...
2023-06-06 14:28:18,497 [Under Replicated Processor] WARN  replication.UnhealthyReplicationProcessor (UnhealthyReplicationProcessor.java:run(167)) - Under Replicated Processor interrupted. Exiting...
2023-06-06 14:28:18,498 [ReplicationMonitor] INFO  replication.ReplicationManager (ReplicationManager.java:run(938)) - Replication Monitor Thread is stopped
2023-06-06 14:28:18,498 [Time-limited test] INFO  server.StorageContainerManager (StorageContainerManager.java:stop(1571)) - Stopping the Datanode Admin Monitor.
2023-06-06 14:28:18,498 [Time-limited test] INFO  server.StorageContainerManager (StorageContainerManager.java:stop(1578)) - Stopping datanode service RPC server
2023-06-06 14:28:18,498 [Time-limited test] INFO  server.SCMDatanodeProtocolServer (SCMDatanodeProtocolServer.java:stop(424)) - Stopping the RPC server for DataNodes
2023-06-06 14:28:18,498 [Time-limited test] INFO  ipc.Server (Server.java:stop(3501)) - Stopping server on 15089
2023-06-06 14:28:18,498 [Time-limited test] INFO  server.StorageContainerManager (StorageContainerManager.java:stop(1586)) - Stopping block service RPC server
2023-06-06 14:28:18,498 [Time-limited test] INFO  server.SCMBlockProtocolServer (SCMBlockProtocolServer.java:stop(161)) - Stopping the RPC server for Block Protocol
2023-06-06 14:28:18,498 [Time-limited test] INFO  ipc.Server (Server.java:stop(3501)) - Stopping server on 15088
2023-06-06 14:28:18,499 [IPC Server listener on 15088] INFO  ipc.Server (Server.java:run(1430)) - Stopping IPC Server listener on 15088
2023-06-06 14:28:18,501 [IPC Server Responder] INFO  ipc.Server (Server.java:run(1563)) - Stopping IPC Server Responder
2023-06-06 14:28:18,501 [Time-limited test] INFO  server.StorageContainerManager (StorageContainerManager.java:stop(1593)) - Stopping the StorageContainerLocationProtocol RPC server
2023-06-06 14:28:18,501 [Time-limited test] INFO  server.SCMClientProtocolServer (SCMClientProtocolServer.java:stop(208)) - Stopping the RPC server for Client Protocol
2023-06-06 14:28:18,501 [Time-limited test] INFO  ipc.Server (Server.java:stop(3501)) - Stopping server on 15087
2023-06-06 14:28:18,502 [IPC Server listener on 15087] INFO  ipc.Server (Server.java:run(1430)) - Stopping IPC Server listener on 15087
2023-06-06 14:28:18,505 [IPC Server Responder] INFO  ipc.Server (Server.java:run(1563)) - Stopping IPC Server Responder
2023-06-06 14:28:18,505 [Time-limited test] INFO  server.StorageContainerManager (StorageContainerManager.java:stop(1600)) - Stopping Storage Container Manager HTTP server.
2023-06-06 14:28:18,506 [Time-limited test] INFO  handler.ContextHandler (ContextHandler.java:doStop(1159)) - Stopped o.e.j.w.WebAppContext@4b0d13df{scm,/,null,STOPPED}{file:/home/runner/work/ozone/ozone/hadoop-ozone/integration-test/target/test-classes/webapps/scm}
2023-06-06 14:28:18,506 [Time-limited test] INFO  server.AbstractConnector (AbstractConnector.java:doStop(383)) - Stopped ServerConnector@6ebe4ed4{HTTP/1.1, (http/1.1)}{0.0.0.0:15090}
2023-06-06 14:28:18,506 [Time-limited test] INFO  server.session (HouseKeeper.java:stopScavenging(149)) - node0 Stopped scavenging
2023-06-06 14:28:18,507 [Time-limited test] INFO  handler.ContextHandler (ContextHandler.java:doStop(1159)) - Stopped o.e.j.s.ServletContextHandler@25227f83{static,/static,file:///home/runner/work/ozone/ozone/hadoop-ozone/integration-test/target/test-classes/webapps/static,STOPPED}
2023-06-06 14:28:18,507 [Time-limited test] INFO  handler.ContextHandler (ContextHandler.java:doStop(1159)) - Stopped o.e.j.s.ServletContextHandler@702a828f{logs,/logs,file:///home/runner/work/ozone/ozone/hadoop-ozone/integration-test/target/log,STOPPED}
2023-06-06 14:28:18,507 [Time-limited test] INFO  server.StorageContainerManager (StorageContainerManager.java:stop(1608)) - Stopping SCM LayoutVersionManager Service.
2023-06-06 14:28:18,508 [Time-limited test] INFO  server.StorageContainerManager (StorageContainerManager.java:stop(1616)) - Stopping Block Manager Service.
2023-06-06 14:28:18,508 [Time-limited test] INFO  utils.BackgroundService (BackgroundService.java:shutdown(141)) - Shutting down service SCMBlockDeletingService
2023-06-06 14:28:18,508 [Time-limited test] INFO  utils.BackgroundService (BackgroundService.java:shutdown(141)) - Shutting down service SCMBlockDeletingService
2023-06-06 14:28:18,508 [Time-limited test] INFO  server.StorageContainerManager (StorageContainerManager.java:stop(1638)) - Stopping SCM Event Queue.
2023-06-06 14:28:18,509 [JvmPauseMonitor13] INFO  util.JvmPauseMonitor (JvmPauseMonitor.java:run(109)) - JvmPauseMonitor-c45a8c34-ef1f-480a-8ce2-18cebd31c812: Stopped
2023-06-06 14:28:18,509 [Time-limited test] INFO  server.StorageContainerManager (StorageContainerManager.java:stop(1649)) - Stopping SCM HA services.
2023-06-06 14:28:18,509 [Time-limited test] INFO  pipeline.BackgroundPipelineCreator (BackgroundPipelineCreator.java:stop(149)) - Stopping RatisPipelineUtilsThread.
2023-06-06 14:28:18,509 [RatisPipelineUtilsThread - 0] WARN  pipeline.BackgroundPipelineCreator (BackgroundPipelineCreator.java:run(180)) - RatisPipelineUtilsThread is interrupted.
2023-06-06 14:28:18,510 [BackgroundPipelineScrubberThread] WARN  BackgroundPipelineScrubber (BackgroundSCMService.java:run(115)) - BackgroundPipelineScrubber is interrupted, exit
2023-06-06 14:28:18,510 [Time-limited test] INFO  BackgroundPipelineScrubber (BackgroundSCMService.java:stop(131)) - Stopping BackgroundPipelineScrubber Service.
2023-06-06 14:28:18,510 [Time-limited test] INFO  impl.MetricsSystemImpl (MetricsSystemImpl.java:stop(210)) - Stopping HddsDatanode metrics system...
2023-06-06 14:28:18,518 [prometheus] INFO  impl.MetricsSinkAdapter (MetricsSinkAdapter.java:publishMetricsFromQueue(141)) - prometheus thread interrupted.
2023-06-06 14:28:18,519 [Time-limited test] INFO  impl.MetricsSystemImpl (MetricsSystemImpl.java:stop(216)) - HddsDatanode metrics system stopped.
2023-06-06 14:28:18,519 [Time-limited test] WARN  pipeline.BackgroundPipelineCreator (BackgroundPipelineCreator.java:stop(145)) - RatisPipelineUtilsThread is not running, just ignore.
2023-06-06 14:28:18,519 [Time-limited test] INFO  BackgroundPipelineScrubber (BackgroundSCMService.java:stop(126)) - BackgroundPipelineScrubber Service is not running, skip stop.
2023-06-06 14:28:18,519 [Time-limited test] INFO  ExpiredContainerReplicaOpScrubber (BackgroundSCMService.java:stop(131)) - Stopping ExpiredContainerReplicaOpScrubber Service.
2023-06-06 14:28:18,519 [ExpiredContainerReplicaOpScrubberThread] WARN  ExpiredContainerReplicaOpScrubber (BackgroundSCMService.java:run(115)) - ExpiredContainerReplicaOpScrubber is interrupted, exit
2023-06-06 14:28:18,519 [Time-limited test] INFO  utils.BackgroundService (BackgroundService.java:shutdown(141)) - Shutting down service SCMBlockDeletingService
2023-06-06 14:28:18,519 [Time-limited test] INFO  replication.ReplicationManager (ReplicationManager.java:stop(342)) - Replication Monitor Thread is not running.
2023-06-06 14:28:18,519 [Time-limited test] WARN  balancer.ContainerBalancer (ContainerBalancer.java:stop(328)) - Cannot stop Container Balancer because it's not running or stopping
2023-06-06 14:28:18,520 [Lease Manager-LeaseManager#LeaseMonitor] WARN  lease.LeaseManager (LeaseManager.java:run(272)) - Lease manager is interrupted. Shutting down...
java.lang.InterruptedException
	at java.util.concurrent.locks.AbstractQueuedSynchronizer.doAcquireSharedNanos(AbstractQueuedSynchronizer.java:1039)
	at java.util.concurrent.locks.AbstractQueuedSynchronizer.tryAcquireSharedNanos(AbstractQueuedSynchronizer.java:1328)
	at java.util.concurrent.Semaphore.tryAcquire(Semaphore.java:409)
	at org.apache.hadoop.ozone.lease.LeaseManager$LeaseMonitor.run(LeaseManager.java:270)
	at java.lang.Thread.run(Thread.java:750)
2023-06-06 14:28:18,520 [Time-limited test] INFO  server.StorageContainerManager (StorageContainerManager.java:stop(1684)) - Stopping SCM MetadataStore.
2023-06-06 14:28:18,521 [Time-limited test] WARN  server.ServerUtils (ServerUtils.java:getScmDbDir(155)) - ozone.scm.db.dirs is not configured. We recommend adding this setting. Falling back to ozone.metadata.dirs instead.
2023-06-06 14:28:18,521 [Time-limited test] INFO  ha.SCMHANodeDetails (SCMHANodeDetails.java:loadSCMHAConfig(209)) - ServiceID for StorageContainerManager is null
2023-06-06 14:28:18,521 [Time-limited test] INFO  ha.SCMHANodeDetails (SCMHANodeDetails.java:loadSCMHAConfig(214)) - ozone.scm.default.service.id is not defined, falling back to ozone.scm.service.ids to find serviceID for StorageContainerManager if it is HA enabled cluster
2023-06-06 14:28:18,522 [Time-limited test] WARN  utils.HAUtils (HAUtils.java:getMetaDir(352)) - ozone.scm.db.dirs is not configured. We recommend adding this setting. Falling back to ozone.metadata.dirs instead.
2023-06-06 14:28:18,523 [Time-limited test] WARN  db.DBStoreBuilder (DBStoreBuilder.java:applyDBDefinition(165)) - ozone.scm.db.dirs is not configured. We recommend adding this setting. Falling back to ozone.metadata.dirs instead.
2023-06-06 14:28:18,552 [Time-limited test] INFO  net.NodeSchemaLoader (NodeSchemaLoader.java:loadSchemaFromFile(129)) - Loading schema from [jar:file:/home/runner/.m2/repository/org/apache/ozone/hdds-common/1.4.0-SNAPSHOT/hdds-common-1.4.0-SNAPSHOT.jar!/network-topology-default.xml]
2023-06-06 14:28:18,552 [Time-limited test] INFO  net.NodeSchemaLoader (NodeSchemaLoader.java:loadSchema(176)) - Loading network topology layer schema file
2023-06-06 14:28:18,558 [Time-limited test] INFO  upgrade.AbstractLayoutVersionManager (AbstractLayoutVersionManager.java:init(83)) - Initializing Layout version manager with metadata layout = HADOOP_PRC_PORTS_IN_DATANODEDETAILS (version = 7), software layout = HADOOP_PRC_PORTS_IN_DATANODEDETAILS (version = 7)
2023-06-06 14:28:18,561 [Time-limited test] INFO  ha.SequenceIdGenerator (SequenceIdGenerator.java:<init>(220)) - Init the HA SequenceIdGenerator.
2023-06-06 14:28:18,562 [Time-limited test] INFO  node.SCMNodeManager (SCMNodeManager.java:<init>(159)) - Entering startup safe mode.
2023-06-06 14:28:18,562 [Time-limited test] INFO  algorithms.ContainerPlacementPolicyFactory (ContainerPlacementPolicyFactory.java:getPolicyInternal(86)) - Create container placement policy of type org.apache.hadoop.hdds.scm.container.placement.algorithms.SCMContainerPlacementRackAware
2023-06-06 14:28:18,562 [Time-limited test] INFO  algorithms.ContainerPlacementPolicyFactory (ContainerPlacementPolicyFactory.java:getPolicyInternal(86)) - Create container placement policy of type org.apache.hadoop.hdds.scm.container.placement.algorithms.SCMContainerPlacementRackScatter
2023-06-06 14:28:18,563 [Time-limited test] INFO  algorithms.LeaderChoosePolicyFactory (LeaderChoosePolicyFactory.java:getPolicy(57)) - Create leader choose policy of type org.apache.hadoop.hdds.scm.pipeline.leader.choose.algorithms.MinLeaderCountChoosePolicy
2023-06-06 14:28:18,563 [Time-limited test] INFO  algorithms.ContainerPlacementPolicyFactory (ContainerPlacementPolicyFactory.java:getPolicyInternal(86)) - Create container placement policy of type org.apache.hadoop.hdds.scm.container.placement.algorithms.SCMContainerPlacementRackScatter
2023-06-06 14:28:18,563 [Time-limited test] INFO  ha.SCMServiceManager (SCMServiceManager.java:register(42)) - Registering service BackgroundPipelineCreator.
2023-06-06 14:28:18,563 [Time-limited test] INFO  pipeline.BackgroundPipelineCreator (BackgroundPipelineCreator.java:start(124)) - Starting RatisPipelineUtilsThread.
2023-06-06 14:28:18,564 [Time-limited test] INFO  BackgroundPipelineScrubber (BackgroundSCMService.java:start(68)) - Starting BackgroundPipelineScrubber Service.
2023-06-06 14:28:18,564 [Time-limited test] INFO  ha.SCMServiceManager (SCMServiceManager.java:register(42)) - Registering service BackgroundPipelineScrubber.
2023-06-06 14:28:18,564 [Time-limited test] INFO  ExpiredContainerReplicaOpScrubber (BackgroundSCMService.java:start(68)) - Starting ExpiredContainerReplicaOpScrubber Service.
2023-06-06 14:28:18,564 [Time-limited test] INFO  ha.SCMServiceManager (SCMServiceManager.java:register(42)) - Registering service ExpiredContainerReplicaOpScrubber.
2023-06-06 14:28:18,566 [Time-limited test] INFO  algorithms.PipelineChoosePolicyFactory (PipelineChoosePolicyFactory.java:createPipelineChoosePolicyFromClass(73)) - Create pipeline choose policy of type org.apache.hadoop.hdds.scm.pipeline.choose.algorithms.RandomPipelineChoosePolicy
2023-06-06 14:28:18,566 [Time-limited test] INFO  ha.SCMServiceManager (SCMServiceManager.java:register(42)) - Registering service SCMBlockDeletingService.
2023-06-06 14:28:18,566 [Time-limited test] INFO  replication.ReplicationManager (ReplicationManager.java:start(299)) - Starting Replication Monitor Thread.
2023-06-06 14:28:18,567 [Time-limited test] INFO  ha.SCMServiceManager (SCMServiceManager.java:register(42)) - Registering service ReplicationManager.
2023-06-06 14:28:18,568 [Time-limited test] INFO  safemode.ContainerSafeModeRule (ContainerSafeModeRule.java:<init>(89)) - containers with one replica threshold count 0
2023-06-06 14:28:18,568 [Time-limited test] INFO  safemode.HealthyPipelineSafeModeRule (HealthyPipelineSafeModeRule.java:initializeRule(169)) - Total pipeline count is 0, healthy pipeline threshold count is 0
2023-06-06 14:28:18,568 [Time-limited test] INFO  safemode.OneReplicaPipelineSafeModeRule (OneReplicaPipelineSafeModeRule.java:initializeRule(180)) - Total pipeline count is 0, pipeline's with at least one datanode reported threshold count is 0
2023-06-06 14:28:18,569 [Time-limited test] INFO  server.StorageContainerManager (StorageContainerManager.java:<init>(404)) - SCM start with adminUsers: [runner]
2023-06-06 14:28:18,569 [Time-limited test] INFO  ipc.CallQueueManager (CallQueueManager.java:<init>(90)) - Using callQueue: class java.util.concurrent.LinkedBlockingQueue, queueCapacity: 2000, scheduler: class org.apache.hadoop.ipc.DefaultRpcScheduler, ipcBackoff: false.
2023-06-06 14:28:18,571 [Socket Reader #1 for port 15089] INFO  ipc.Server (Server.java:run(1319)) - Starting Socket Reader #1 for port 15089
2023-06-06 14:28:18,572 [Listener at 0.0.0.0/15089] INFO  hdds.HddsUtils (HddsUtils.java:preserveThreadName(843)) - Restoring thread name: Time-limited test
2023-06-06 14:28:18,572 [Time-limited test] INFO  ipc.CallQueueManager (CallQueueManager.java:<init>(90)) - Using callQueue: class java.util.concurrent.LinkedBlockingQueue, queueCapacity: 2000, scheduler: class org.apache.hadoop.ipc.DefaultRpcScheduler, ipcBackoff: false.
2023-06-06 14:28:18,572 [Socket Reader #1 for port 15088] INFO  ipc.Server (Server.java:run(1319)) - Starting Socket Reader #1 for port 15088
2023-06-06 14:28:18,576 [ReplicationMonitor] INFO  replication.ReplicationManager (ReplicationManager.java:processAll(374)) - Replication Manager is not ready to run until 3000ms after safemode exit
2023-06-06 14:28:18,577 [Listener at 0.0.0.0/15088] INFO  hdds.HddsUtils (HddsUtils.java:preserveThreadName(843)) - Restoring thread name: Time-limited test
2023-06-06 14:28:18,577 [Time-limited test] INFO  ipc.CallQueueManager (CallQueueManager.java:<init>(90)) - Using callQueue: class java.util.concurrent.LinkedBlockingQueue, queueCapacity: 2000, scheduler: class org.apache.hadoop.ipc.DefaultRpcScheduler, ipcBackoff: false.
2023-06-06 14:28:18,577 [Socket Reader #1 for port 15087] INFO  ipc.Server (Server.java:run(1319)) - Starting Socket Reader #1 for port 15087
2023-06-06 14:28:18,580 [Listener at 0.0.0.0/15087] INFO  hdds.HddsUtils (HddsUtils.java:preserveThreadName(843)) - Restoring thread name: Time-limited test
2023-06-06 14:28:18,584 [Time-limited test] INFO  ha.SCMServiceManager (SCMServiceManager.java:register(42)) - Registering service ContainerBalancer.
2023-06-06 14:28:18,585 [Time-limited test] INFO  server.StorageContainerManager (StorageContainerManager.java:<init>(416)) - 
Container Balancer status:
Key                            Value
Running                        false
Container Balancer Configuration values:
Key                                                Value
Threshold                                          10
Max Datanodes to Involve per Iteration(percent)    20
Max Size to Move per Iteration                     500GB
Max Size Entering Target per Iteration             26GB
Max Size Leaving Source per Iteration              26GB

2023-06-06 14:28:18,585 [Time-limited test] INFO  ha.SCMContext (SCMContext.java:updateSafeModeStatus(228)) - Update SafeModeStatus from SafeModeStatus{safeModeStatus=true, preCheckPassed=false} to SafeModeStatus{safeModeStatus=true, preCheckPassed=false}.
2023-06-06 14:28:18,585 [Time-limited test] INFO  server.StorageContainerManager (StorageContainerManager.java:start(1468)) - StorageContainerLocationProtocol RPC server is listening at /0.0.0.0:15087
2023-06-06 14:28:18,587 [Time-limited test] WARN  impl.MetricsConfig (MetricsConfig.java:loadFirst(136)) - Cannot locate configuration: tried hadoop-metrics2-storagecontainermanager.properties,hadoop-metrics2.properties
2023-06-06 14:28:18,589 [Time-limited test] INFO  impl.MetricsSystemImpl (MetricsSystemImpl.java:startTimer(378)) - Scheduled Metric snapshot period at 10 second(s).
2023-06-06 14:28:18,589 [Time-limited test] INFO  impl.MetricsSystemImpl (MetricsSystemImpl.java:start(191)) - StorageContainerManager metrics system started
2023-06-06 14:28:18,614 [Time-limited test] INFO  impl.MetricsSinkAdapter (MetricsSinkAdapter.java:start(204)) - Sink prometheus started
2023-06-06 14:28:18,614 [Time-limited test] INFO  impl.MetricsSystemImpl (MetricsSystemImpl.java:registerSink(305)) - Registered sink prometheus
2023-06-06 14:28:18,627 [Time-limited test] INFO  server.SCMClientProtocolServer (SCMClientProtocolServer.java:start(199)) - RPC server for Client  is listening at /0.0.0.0:15087
2023-06-06 14:28:18,627 [IPC Server Responder] INFO  ipc.Server (Server.java:run(1558)) - IPC Server Responder: starting
2023-06-06 14:28:18,627 [IPC Server listener on 15087] INFO  ipc.Server (Server.java:run(1398)) - IPC Server listener on 15087: starting
2023-06-06 14:28:18,629 [Time-limited test] INFO  server.StorageContainerManager (StorageContainerManager.java:start(1482)) - ScmBlockLocationProtocol RPC server is listening at /0.0.0.0:15088
2023-06-06 14:28:18,629 [Time-limited test] INFO  server.SCMBlockProtocolServer (SCMBlockProtocolServer.java:start(152)) - RPC server for Block Protocol is listening at /0.0.0.0:15088
2023-06-06 14:28:18,630 [IPC Server Responder] INFO  ipc.Server (Server.java:run(1558)) - IPC Server Responder: starting
2023-06-06 14:28:18,630 [IPC Server listener on 15088] INFO  ipc.Server (Server.java:run(1398)) - IPC Server listener on 15088: starting
2023-06-06 14:28:18,631 [Time-limited test] INFO  server.SCMDatanodeProtocolServer (SCMDatanodeProtocolServer.java:start(193)) - ScmDatanodeProtocol RPC server for DataNodes is listening at /0.0.0.0:15089
2023-06-06 14:28:18,632 [IPC Server Responder] INFO  ipc.Server (Server.java:run(1558)) - IPC Server Responder: starting
2023-06-06 14:28:18,632 [IPC Server listener on 15089] INFO  ipc.Server (Server.java:run(1398)) - IPC Server listener on 15089: starting
2023-06-06 14:28:18,639 [Time-limited test] INFO  http.BaseHttpServer (BaseHttpServer.java:newHttpServer2BuilderForOzone(224)) - Starting Web-server for scm at: http://0.0.0.0:15090
2023-06-06 14:28:18,639 [Time-limited test] INFO  http.BaseHttpServer (BaseHttpServer.java:<init>(111)) - Hadoop Security Enabled: false Ozone Security Enabled: false Ozone HTTP Security Enabled: false 
2023-06-06 14:28:18,640 [JvmPauseMonitor16] INFO  util.JvmPauseMonitor (JvmPauseMonitor.java:run(103)) - JvmPauseMonitor-c45a8c34-ef1f-480a-8ce2-18cebd31c812: Started
2023-06-06 14:28:18,640 [Time-limited test] WARN  server.AuthenticationFilter (AuthenticationFilter.java:constructSecretProvider(240)) - Unable to initialize FileSignerSecretProvider, falling back to use random secrets. Reason: Could not read signature secret file: /home/runner/hadoop-http-auth-signature-secret
2023-06-06 14:28:18,642 [Time-limited test] INFO  http.HttpRequestLog (HttpRequestLog.java:getRequestLog(86)) - Http request log for http.requests.scm is not defined
2023-06-06 14:28:18,644 [Time-limited test] INFO  http.HttpServer2 (HttpServer2.java:addGlobalFilter(1031)) - Added global filter 'safety' (class=org.apache.hadoop.hdds.server.http.HttpServer2$QuotingInputFilter)
2023-06-06 14:28:18,644 [Time-limited test] INFO  http.HttpServer2 (HttpServer2.java:addFilter(1007)) - Added filter static_user_filter (class=org.apache.hadoop.http.lib.StaticUserWebFilter$StaticUserFilter) to context scm
2023-06-06 14:28:18,644 [Time-limited test] INFO  http.HttpServer2 (HttpServer2.java:addFilter(1015)) - Added filter static_user_filter (class=org.apache.hadoop.http.lib.StaticUserWebFilter$StaticUserFilter) to context static
2023-06-06 14:28:18,644 [Time-limited test] INFO  http.HttpServer2 (HttpServer2.java:addFilter(1015)) - Added filter static_user_filter (class=org.apache.hadoop.http.lib.StaticUserWebFilter$StaticUserFilter) to context logs
2023-06-06 14:28:18,645 [Time-limited test] INFO  http.BaseHttpServer (BaseHttpServer.java:<init>(190)) - HTTP server of scm uses base directory /home/runner/work/ozone/ozone/hadoop-ozone/integration-test/target/test-dir/MiniOzoneClusterImpl-f1a550b1-3bce-4924-83e1-37a2b14d52c4/ozone-meta/webserver
2023-06-06 14:28:18,645 [Time-limited test] INFO  http.HttpServer2 (HttpServer2.java:bindListener(1250)) - Jetty bound to port 15090
2023-06-06 14:28:18,645 [Time-limited test] INFO  server.Server (Server.java:doStart(375)) - jetty-9.4.51.v20230217; built: 2023-02-17T08:19:37.309Z; git: b45c405e4544384de066f814ed42ae3dceacdd49; jvm 1.8.0_372-b07
2023-06-06 14:28:18,648 [Time-limited test] INFO  server.session (DefaultSessionIdManager.java:doStart(334)) - DefaultSessionIdManager workerName=node0
2023-06-06 14:28:18,648 [Time-limited test] INFO  server.session (DefaultSessionIdManager.java:doStart(339)) - No SessionScavenger set, using defaults
2023-06-06 14:28:18,648 [Time-limited test] INFO  server.session (HouseKeeper.java:startScavenging(132)) - node0 Scavenging every 660000ms
2023-06-06 14:28:18,649 [Time-limited test] INFO  handler.ContextHandler (ContextHandler.java:doStart(921)) - Started o.e.j.s.ServletContextHandler@35b7a04d{logs,/logs,file:///home/runner/work/ozone/ozone/hadoop-ozone/integration-test/target/log,AVAILABLE}
2023-06-06 14:28:18,649 [Time-limited test] INFO  handler.ContextHandler (ContextHandler.java:doStart(921)) - Started o.e.j.s.ServletContextHandler@787447b1{static,/static,file:///home/runner/work/ozone/ozone/hadoop-ozone/integration-test/target/test-classes/webapps/static,AVAILABLE}
2023-06-06 14:28:18,652 [Time-limited test] INFO  handler.ContextHandler (ContextHandler.java:doStart(921)) - Started o.e.j.w.WebAppContext@52b133b2{scm,/,file:///home/runner/work/ozone/ozone/hadoop-ozone/integration-test/target/test-classes/webapps/scm/,AVAILABLE}{file:/home/runner/work/ozone/ozone/hadoop-ozone/integration-test/target/test-classes/webapps/scm}
2023-06-06 14:28:18,658 [Time-limited test] INFO  server.AbstractConnector (AbstractConnector.java:doStart(333)) - Started ServerConnector@1cea0a64{HTTP/1.1, (http/1.1)}{0.0.0.0:15090}
2023-06-06 14:28:18,658 [Time-limited test] INFO  server.Server (Server.java:doStart(415)) - Started @107780ms
2023-06-06 14:28:18,658 [Time-limited test] WARN  impl.MetricsSystemImpl (MetricsSystemImpl.java:register(279)) - Sink prometheus already exists!
2023-06-06 14:28:18,659 [Time-limited test] INFO  http.BaseHttpServer (BaseHttpServer.java:updateConnectorAddress(344)) - HTTP server of scm listening at http://0.0.0.0:15090
2023-06-06 14:28:19,311 [EndpointStateMachine task thread for /0.0.0.0:15089 - 0 ] WARN  statemachine.EndpointStateMachine (EndpointStateMachine.java:logIfNeeded(242)) - Unable to communicate to SCM server at 0.0.0.0:15089 for past 0 seconds.
java.io.EOFException: End of File Exception between local host is: "fv-az1133-973/10.1.0.37"; destination host is: "0.0.0.0":15089; : java.io.EOFException; For more details see:  http://wiki.apache.org/hadoop/EOFException
	at sun.reflect.NativeConstructorAccessorImpl.newInstance0(Native Method)
	at sun.reflect.NativeConstructorAccessorImpl.newInstance(NativeConstructorAccessorImpl.java:62)
	at sun.reflect.DelegatingConstructorAccessorImpl.newInstance(DelegatingConstructorAccessorImpl.java:45)
	at java.lang.reflect.Constructor.newInstance(Constructor.java:423)
	at org.apache.hadoop.net.NetUtils.wrapWithMessage(NetUtils.java:930)
	at org.apache.hadoop.net.NetUtils.wrapException(NetUtils.java:879)
	at org.apache.hadoop.ipc.Client.getRpcResponse(Client.java:1588)
	at org.apache.hadoop.ipc.Client.call(Client.java:1530)
	at org.apache.hadoop.ipc.Client.call(Client.java:1427)
	at org.apache.hadoop.ipc.ProtobufRpcEngine$Invoker.invoke(ProtobufRpcEngine.java:250)
	at org.apache.hadoop.ipc.ProtobufRpcEngine$Invoker.invoke(ProtobufRpcEngine.java:132)
	at com.sun.proxy.$Proxy54.submitRequest(Unknown Source)
	at org.apache.hadoop.ozone.protocolPB.StorageContainerDatanodeProtocolClientSideTranslatorPB.submitRequest(StorageContainerDatanodeProtocolClientSideTranslatorPB.java:117)
	at org.apache.hadoop.ozone.protocolPB.StorageContainerDatanodeProtocolClientSideTranslatorPB.sendHeartbeat(StorageContainerDatanodeProtocolClientSideTranslatorPB.java:149)
	at org.apache.hadoop.ozone.container.common.states.endpoint.HeartbeatEndpointTask.call(HeartbeatEndpointTask.java:185)
	at org.apache.hadoop.ozone.container.common.states.endpoint.HeartbeatEndpointTask.call(HeartbeatEndpointTask.java:87)
	at java.util.concurrent.FutureTask.run(FutureTask.java:266)
	at java.util.concurrent.ThreadPoolExecutor.runWorker(ThreadPoolExecutor.java:1149)
	at java.util.concurrent.ThreadPoolExecutor$Worker.run(ThreadPoolExecutor.java:624)
	at java.lang.Thread.run(Thread.java:750)
Caused by: java.io.EOFException
	at java.io.DataInputStream.readInt(DataInputStream.java:392)
	at org.apache.hadoop.ipc.Client$IpcStreams.readResponse(Client.java:1923)
	at org.apache.hadoop.ipc.Client$Connection.receiveRpcResponse(Client.java:1204)
	at org.apache.hadoop.ipc.Client$Connection.run(Client.java:1095)
2023-06-06 14:28:20,331 [IPC Server handler 0 on default port 15089] INFO  server.SCMDatanodeHeartbeatDispatcher (SCMDatanodeHeartbeatDispatcher.java:dispatch(106)) - SCM received heartbeat from an unregistered datanode a23106ed-25fb-4d2a-941a-1db4c2744c45(fv-az1133-973.qlb2sqfkji0uhjsjdnlwzcsdwg.bx.internal.cloudapp.net/10.1.0.37). Asking datanode to re-register.
2023-06-06 14:28:21,316 [IPC Server handler 0 on default port 15089] INFO  net.NetworkTopologyImpl (NetworkTopologyImpl.java:add(112)) - Added a new node: /default-rack/a23106ed-25fb-4d2a-941a-1db4c2744c45
2023-06-06 14:28:21,317 [IPC Server handler 0 on default port 15089] INFO  node.SCMNodeManager (SCMNodeManager.java:register(407)) - Registered Data node : a23106ed-25fb-4d2a-941a-1db4c2744c45{ip: 10.1.0.37, host: fv-az1133-973.qlb2sqfkji0uhjsjdnlwzcsdwg.bx.internal.cloudapp.net, ports: [HTTP=15096, CLIENT_RPC=15097, REPLICATION=15103, RATIS=15099, RATIS_ADMIN=15100, RATIS_SERVER=15101, RATIS_DATASTREAM=15102, STANDALONE=15098], networkLocation: /default-rack, certSerialId: null, persistedOpState: null, persistedOpStateExpiryEpochSec: 0}
2023-06-06 14:28:21,327 [EventQueue-NodeRegistrationContainerReportForContainerSafeModeRule] INFO  safemode.SCMSafeModeManager (SCMSafeModeManager.java:validateSafeModeExitRules(200)) - ContainerSafeModeRule rule is successfully validated
2023-06-06 14:28:21,328 [EventQueue-NodeRegistrationContainerReportForDataNodeSafeModeRule] INFO  safemode.SCMSafeModeManager (DataNodeSafeModeRule.java:process(71)) - SCM in safe mode. 1 DataNodes registered, 1 required.
2023-06-06 14:28:21,338 [EventQueue-NodeRegistrationContainerReportForDataNodeSafeModeRule] INFO  safemode.SCMSafeModeManager (SCMSafeModeManager.java:validateSafeModeExitRules(200)) - DataNodeSafeModeRule rule is successfully validated
2023-06-06 14:28:21,338 [EventQueue-NodeRegistrationContainerReportForDataNodeSafeModeRule] INFO  safemode.SCMSafeModeManager (SCMSafeModeManager.java:completePreCheck(229)) - All SCM safe mode pre check rules have passed
2023-06-06 14:28:21,338 [EventQueue-NodeRegistrationContainerReportForDataNodeSafeModeRule] INFO  ha.SCMContext (SCMContext.java:updateSafeModeStatus(228)) - Update SafeModeStatus from SafeModeStatus{safeModeStatus=true, preCheckPassed=false} to SafeModeStatus{safeModeStatus=true, preCheckPassed=true}.
2023-06-06 14:28:21,338 [EventQueue-NodeRegistrationContainerReportForDataNodeSafeModeRule] INFO  pipeline.BackgroundPipelineCreator (BackgroundPipelineCreator.java:notifyEventTriggered(276)) - trigger a one-shot run on RatisPipelineUtilsThread.
2023-06-06 14:28:21,341 [RatisPipelineUtilsThread - 0] ERROR scm.SCMCommonPlacementPolicy (SCMCommonPlacementPolicy.java:filterNodesWithSpace(285)) - Unable to find enough nodes that meet the space requirement of 1073741824 bytes for metadata and 5368709120 bytes for data in healthy node set. Required 3. Found 1.
2023-06-06 14:28:21,341 [EventQueue-NewNodeForNewNodeHandler] INFO  pipeline.BackgroundPipelineCreator (BackgroundPipelineCreator.java:notifyEventTriggered(276)) - trigger a one-shot run on RatisPipelineUtilsThread.
2023-06-06 14:28:21,342 [RatisPipelineUtilsThread - 0] ERROR scm.SCMCommonPlacementPolicy (SCMCommonPlacementPolicy.java:filterNodesWithSpace(285)) - Unable to find enough nodes that meet the space requirement of 1073741824 bytes for metadata and 5368709120 bytes for data in healthy node set. Required 3. Found 1.
2023-06-06 14:28:21,349 [EventQueue-PipelineReportForOneReplicaPipelineSafeModeRule] INFO  safemode.SCMSafeModeManager (SCMSafeModeManager.java:validateSafeModeExitRules(200)) - AtleastOneDatanodeReportedRule rule is successfully validated
2023-06-06 14:28:21,350 [EventQueue-OpenPipelineForHealthyPipelineSafeModeRule] INFO  safemode.SCMSafeModeManager (SCMSafeModeManager.java:validateSafeModeExitRules(200)) - HealthyPipelineSafeModeRule rule is successfully validated
2023-06-06 14:28:21,350 [EventQueue-OpenPipelineForHealthyPipelineSafeModeRule] INFO  safemode.SCMSafeModeManager (SCMSafeModeManager.java:validateSafeModeExitRules(215)) - ScmSafeModeManager, all rules are successfully validated
2023-06-06 14:28:21,350 [EventQueue-OpenPipelineForHealthyPipelineSafeModeRule] INFO  safemode.SCMSafeModeManager (SCMSafeModeManager.java:exitSafeMode(244)) - SCM exiting safe mode.
2023-06-06 14:28:21,350 [EventQueue-OpenPipelineForHealthyPipelineSafeModeRule] INFO  ha.SCMContext (SCMContext.java:updateSafeModeStatus(228)) - Update SafeModeStatus from SafeModeStatus{safeModeStatus=true, preCheckPassed=true} to SafeModeStatus{safeModeStatus=false, preCheckPassed=true}.
2023-06-06 14:28:21,351 [EventQueue-OpenPipelineForHealthyPipelineSafeModeRule] INFO  pipeline.BackgroundPipelineCreator (BackgroundPipelineCreator.java:notifyStatusChanged(254)) - Service BackgroundPipelineCreator transitions to RUNNING.
2023-06-06 14:28:21,351 [EventQueue-OpenPipelineForHealthyPipelineSafeModeRule] INFO  BackgroundPipelineScrubber (BackgroundSCMService.java:notifyStatusChanged(82)) - Service BackgroundPipelineScrubber transitions to RUNNING.
2023-06-06 14:28:21,351 [EventQueue-OpenPipelineForHealthyPipelineSafeModeRule] INFO  ExpiredContainerReplicaOpScrubber (BackgroundSCMService.java:notifyStatusChanged(82)) - Service ExpiredContainerReplicaOpScrubber transitions to RUNNING.
2023-06-06 14:28:21,351 [EventQueue-OpenPipelineForHealthyPipelineSafeModeRule] INFO  replication.ReplicationManager (ReplicationManager.java:notifyStatusChanged(1369)) - Service ReplicationManager transitions to RUNNING.
2023-06-06 14:28:21,352 [EventQueue-OpenPipelineForHealthyPipelineSafeModeRule] WARN  balancer.ContainerBalancer (ContainerBalancer.java:shouldRun(135)) - Could not find persisted configuration for ContainerBalancer when checking if ContainerBalancer should run. ContainerBalancer should not run now.
2023-06-06 14:28:27,256 [Time-limited test] INFO  replication.ReplicationManager (ReplicationManager.java:sendDatanodeCommand(677)) - Sending command [closeContainerCommand: containerID: 1, pipelineID: PipelineID=13475d03-4fbe-41bb-910b-8a8a5786a0f3, force: false] for container ContainerInfo{id=#1, state=CLOSING, stateEnterTime=2023-06-06T14:28:18.496Z, pipelineID=PipelineID=13475d03-4fbe-41bb-910b-8a8a5786a0f3, owner=om1} to a23106ed-25fb-4d2a-941a-1db4c2744c45(fv-az1133-973.qlb2sqfkji0uhjsjdnlwzcsdwg.bx.internal.cloudapp.net/10.1.0.37) with datanode deadline 1686062277256 and scm deadline 1686062307256
2023-06-06 14:28:27,278 [Time-limited test] INFO  replication.ReplicationManager (ReplicationManager.java:processAll(402)) - Replication Monitor Thread took 28 milliseconds for processing 8 containers.
2023-06-06 14:28:32,293 [Time-limited test] INFO  ozone.MiniOzoneClusterImpl (MiniOzoneClusterImpl.java:shutdown(442)) - Shutting down the Mini Ozone Cluster
2023-06-06 14:28:32,293 [Time-limited test] INFO  ozone.MiniOzoneClusterImpl (MiniOzoneClusterImpl.java:stop(459)) - Stopping the Mini Ozone Cluster
2023-06-06 14:28:32,293 [Time-limited test] INFO  ozone.MiniOzoneClusterImpl (MiniOzoneClusterImpl.java:stopOM(545)) - Stopping the OzoneManager
2023-06-06 14:28:32,293 [Time-limited test] INFO  om.OzoneManager (OzoneManager.java:stop(2171)) - om1[localhost:15091]: Stopping Ozone Manager
2023-06-06 14:28:32,294 [Time-limited test] INFO  ipc.Server (Server.java:stop(3501)) - Stopping server on 15091
2023-06-06 14:28:32,296 [IPC Server listener on 15091] INFO  ipc.Server (Server.java:run(1430)) - Stopping IPC Server listener on 15091
2023-06-06 14:28:32,297 [IPC Server Responder] INFO  ipc.Server (Server.java:run(1563)) - Stopping IPC Server Responder
2023-06-06 14:28:32,299 [Time-limited test] INFO  server.RaftServer (RaftServerProxy.java:lambda$close$6(416)) - om1: close
2023-06-06 14:28:32,300 [om1-impl-thread1] INFO  server.RaftServer$Division (RaftServerImpl.java:lambda$close$4(466)) - om1@group-C5BA1605619E: shutdown
2023-06-06 14:28:32,300 [om1-impl-thread1] INFO  util.JmxRegister (JmxRegister.java:unregister(73)) - Successfully un-registered JMX Bean with object name Ratis:service=RaftServer,group=group-C5BA1605619E,id=om1
2023-06-06 14:28:32,300 [om1-impl-thread1] INFO  impl.RoleInfo (RoleInfo.java:shutdownLeaderState(93)) - om1: shutdown om1@group-C5BA1605619E-LeaderStateImpl
2023-06-06 14:28:32,300 [om1-impl-thread1] INFO  impl.PendingRequests (PendingRequests.java:sendNotLeaderResponses(289)) - om1@group-C5BA1605619E-PendingRequests: sendNotLeaderResponses
2023-06-06 14:28:32,302 [om1-impl-thread1] INFO  impl.StateMachineUpdater (StateMachineUpdater.java:stopAndJoin(155)) - om1@group-C5BA1605619E-StateMachineUpdater: set stopIndex = 44
2023-06-06 14:28:32,302 [om1@group-C5BA1605619E-StateMachineUpdater] INFO  ratis.OzoneManagerStateMachine (OzoneManagerStateMachine.java:takeSnapshot(479)) - Current Snapshot Index (t:1, i:44)
2023-06-06 14:28:32,305 [Time-limited test] INFO  server.GrpcService (GrpcService.java:closeImpl(311)) - om1: shutdown server GrpcServerProtocolService now
2023-06-06 14:28:32,313 [Time-limited test] INFO  server.GrpcService (GrpcService.java:closeImpl(320)) - om1: shutdown server GrpcServerProtocolService successfully
2023-06-06 14:28:32,324 [om1@group-C5BA1605619E-StateMachineUpdater] INFO  impl.StateMachineUpdater (StateMachineUpdater.java:takeSnapshot(291)) - om1@group-C5BA1605619E-StateMachineUpdater: Took a snapshot at index 44
2023-06-06 14:28:32,325 [om1@group-C5BA1605619E-StateMachineUpdater] INFO  impl.StateMachineUpdater (StateMachineUpdater.java:lambda$new$0(97)) - om1@group-C5BA1605619E-StateMachineUpdater: snapshotIndex: updateIncreasingly -1 -> 44
2023-06-06 14:28:32,325 [om1@group-C5BA1605619E-StateMachineUpdater] INFO  ratis.OzoneManagerStateMachine (OzoneManagerStateMachine.java:close(533)) - StateMachine has shutdown. Shutdown OzoneManager if not already shutdown.
2023-06-06 14:28:32,325 [om1@group-C5BA1605619E-StateMachineUpdater] INFO  ratis.OzoneManagerDoubleBuffer (OzoneManagerDoubleBuffer.java:stopDaemon(559)) - Stopping OMDoubleBuffer flush thread
2023-06-06 14:28:32,325 [OMDoubleBufferFlushThread] INFO  ratis.OzoneManagerDoubleBuffer (OzoneManagerDoubleBuffer.java:canFlush(648)) - OMDoubleBuffer flush thread OMDoubleBufferFlushThread is interrupted and will exit.
2023-06-06 14:28:32,326 [om1-impl-thread1] INFO  server.RaftServer$Division (ServerState.java:close(472)) - om1@group-C5BA1605619E: closes. applyIndex: 44
2023-06-06 14:28:32,374 [om1-impl-thread1] INFO  segmented.SegmentedRaftLogWorker (SegmentedRaftLogWorker.java:close(252)) - om1@group-C5BA1605619E-SegmentedRaftLogWorker close()
2023-06-06 14:28:32,375 [JvmPauseMonitor14] INFO  util.JvmPauseMonitor (JvmPauseMonitor.java:run(109)) - JvmPauseMonitor-om1: Stopped
2023-06-06 14:28:32,375 [Time-limited test] INFO  ratis.OzoneManagerStateMachine (OzoneManagerStateMachine.java:close(533)) - StateMachine has shutdown. Shutdown OzoneManager if not already shutdown.
2023-06-06 14:28:32,375 [Time-limited test] INFO  ratis.OzoneManagerDoubleBuffer (OzoneManagerDoubleBuffer.java:stopDaemon(568)) - OMDoubleBuffer flush thread is not running.
2023-06-06 14:28:32,376 [Time-limited test] INFO  utils.BackgroundService (BackgroundService.java:shutdown(141)) - Shutting down service KeyDeletingService
2023-06-06 14:28:32,376 [Time-limited test] INFO  utils.BackgroundService (BackgroundService.java:shutdown(141)) - Shutting down service KeyDeletingService
2023-06-06 14:28:32,376 [Time-limited test] INFO  utils.BackgroundService (BackgroundService.java:shutdown(141)) - Shutting down service OpenKeyCleanupService
2023-06-06 14:28:32,377 [Time-limited test] INFO  utils.BackgroundService (BackgroundService.java:shutdown(141)) - Shutting down service SstFilteringService
2023-06-06 14:28:32,377 [Time-limited test] INFO  utils.BackgroundService (BackgroundService.java:shutdown(141)) - Shutting down service SnapshotDeletingService
2023-06-06 14:28:32,378 [Time-limited test] INFO  handler.ContextHandler (ContextHandler.java:doStop(1159)) - Stopped o.e.j.w.WebAppContext@320849cf{ozoneManager,/,null,STOPPED}{file:/home/runner/work/ozone/ozone/hadoop-ozone/integration-test/target/test-classes/webapps/ozoneManager}
2023-06-06 14:28:32,379 [Time-limited test] INFO  server.AbstractConnector (AbstractConnector.java:doStop(383)) - Stopped ServerConnector@66f88f9e{HTTP/1.1, (http/1.1)}{0.0.0.0:15092}
2023-06-06 14:28:32,379 [Time-limited test] INFO  server.session (HouseKeeper.java:stopScavenging(149)) - node0 Stopped scavenging
2023-06-06 14:28:32,379 [Time-limited test] INFO  handler.ContextHandler (ContextHandler.java:doStop(1159)) - Stopped o.e.j.s.ServletContextHandler@cd8fdbb{static,/static,file:///home/runner/work/ozone/ozone/hadoop-ozone/integration-test/target/test-classes/webapps/static,STOPPED}
2023-06-06 14:28:32,380 [Time-limited test] INFO  handler.ContextHandler (ContextHandler.java:doStop(1159)) - Stopped o.e.j.s.ServletContextHandler@3a79dcb1{logs,/logs,file:///home/runner/work/ozone/ozone/hadoop-ozone/integration-test/target/log,STOPPED}
2023-06-06 14:28:32,383 [Time-limited test] INFO  snapshot.SnapshotDiffManager (SnapshotDiffManager.java:closeExecutorService(1278)) - Shutting down executorService: 'SnapDiffExecutor'
2023-06-06 14:28:32,383 [Time-limited test] INFO  utils.BackgroundService (BackgroundService.java:shutdown(141)) - Shutting down service SnapshotDiffCleanupService
2023-06-06 14:28:32,384 [Time-limited test] INFO  ozone.MiniOzoneClusterImpl (MiniOzoneClusterImpl.java:stopDatanodes(522)) - Stopping the HddsDatanodes
2023-06-06 14:28:32,386 [Time-limited test] INFO  ozoneimpl.OzoneContainer (OzoneContainer.java:stop(420)) - Attempting to stop container services.
2023-06-06 14:28:32,388 [Time-limited test] INFO  server.RaftServer (RaftServerProxy.java:lambda$close$6(416)) - a23106ed-25fb-4d2a-941a-1db4c2744c45: close
2023-06-06 14:28:32,388 [Time-limited test] INFO  server.GrpcService (GrpcService.java:closeImpl(311)) - a23106ed-25fb-4d2a-941a-1db4c2744c45: shutdown server org.apache.ratis.grpc.server.GrpcClientProtocolService now
2023-06-06 14:28:32,389 [a23106ed-25fb-4d2a-941a-1db4c2744c45-impl-thread1] INFO  server.RaftServer$Division (RaftServerImpl.java:lambda$close$4(466)) - a23106ed-25fb-4d2a-941a-1db4c2744c45@group-8A8A5786A0F3: shutdown
2023-06-06 14:28:32,389 [a23106ed-25fb-4d2a-941a-1db4c2744c45-impl-thread1] INFO  util.JmxRegister (JmxRegister.java:unregister(73)) - Successfully un-registered JMX Bean with object name Ratis:service=RaftServer,group=group-8A8A5786A0F3,id=a23106ed-25fb-4d2a-941a-1db4c2744c45
2023-06-06 14:28:32,389 [a23106ed-25fb-4d2a-941a-1db4c2744c45-impl-thread1] INFO  impl.RoleInfo (RoleInfo.java:shutdownLeaderState(93)) - a23106ed-25fb-4d2a-941a-1db4c2744c45: shutdown a23106ed-25fb-4d2a-941a-1db4c2744c45@group-8A8A5786A0F3-LeaderStateImpl
2023-06-06 14:28:32,389 [a23106ed-25fb-4d2a-941a-1db4c2744c45-impl-thread1] INFO  impl.PendingRequests (PendingRequests.java:sendNotLeaderResponses(289)) - a23106ed-25fb-4d2a-941a-1db4c2744c45@group-8A8A5786A0F3-PendingRequests: sendNotLeaderResponses
2023-06-06 14:28:32,394 [a23106ed-25fb-4d2a-941a-1db4c2744c45-impl-thread1] INFO  impl.StateMachineUpdater (StateMachineUpdater.java:stopAndJoin(155)) - a23106ed-25fb-4d2a-941a-1db4c2744c45@group-8A8A5786A0F3-StateMachineUpdater: set stopIndex = 32
2023-06-06 14:28:32,395 [a23106ed-25fb-4d2a-941a-1db4c2744c45@group-8A8A5786A0F3-StateMachineUpdater] INFO  ratis.ContainerStateMachine (ContainerStateMachine.java:takeSnapshot(330)) - group-8A8A5786A0F3: Taking a snapshot at:(t:1, i:32) file /home/runner/work/ozone/ozone/hadoop-ozone/integration-test/target/test-dir/MiniOzoneClusterImpl-f1a550b1-3bce-4924-83e1-37a2b14d52c4/datanode-0/data/ratis/13475d03-4fbe-41bb-910b-8a8a5786a0f3/sm/snapshot.1_32
2023-06-06 14:28:32,396 [a23106ed-25fb-4d2a-941a-1db4c2744c45@group-8A8A5786A0F3-StateMachineUpdater] INFO  ratis.ContainerStateMachine (ContainerStateMachine.java:takeSnapshot(341)) - group-8A8A5786A0F3: Finished taking a snapshot at:(t:1, i:32) file:/home/runner/work/ozone/ozone/hadoop-ozone/integration-test/target/test-dir/MiniOzoneClusterImpl-f1a550b1-3bce-4924-83e1-37a2b14d52c4/datanode-0/data/ratis/13475d03-4fbe-41bb-910b-8a8a5786a0f3/sm/snapshot.1_32 took: 1 ms
2023-06-06 14:28:32,396 [a23106ed-25fb-4d2a-941a-1db4c2744c45@group-8A8A5786A0F3-StateMachineUpdater] INFO  impl.StateMachineUpdater (StateMachineUpdater.java:takeSnapshot(291)) - a23106ed-25fb-4d2a-941a-1db4c2744c45@group-8A8A5786A0F3-StateMachineUpdater: Took a snapshot at index 32
2023-06-06 14:28:32,396 [a23106ed-25fb-4d2a-941a-1db4c2744c45@group-8A8A5786A0F3-StateMachineUpdater] INFO  impl.StateMachineUpdater (StateMachineUpdater.java:lambda$new$0(97)) - a23106ed-25fb-4d2a-941a-1db4c2744c45@group-8A8A5786A0F3-StateMachineUpdater: snapshotIndex: updateIncreasingly -1 -> 32
2023-06-06 14:28:32,397 [a23106ed-25fb-4d2a-941a-1db4c2744c45-impl-thread1] INFO  server.RaftServer$Division (ServerState.java:close(472)) - a23106ed-25fb-4d2a-941a-1db4c2744c45@group-8A8A5786A0F3: closes. applyIndex: 32
2023-06-06 14:28:32,402 [Time-limited test] INFO  server.GrpcService (GrpcService.java:closeImpl(320)) - a23106ed-25fb-4d2a-941a-1db4c2744c45: shutdown server org.apache.ratis.grpc.server.GrpcClientProtocolService successfully
2023-06-06 14:28:32,403 [Time-limited test] INFO  server.GrpcService (GrpcService.java:closeImpl(311)) - a23106ed-25fb-4d2a-941a-1db4c2744c45: shutdown server GrpcServerProtocolService now
2023-06-06 14:28:32,404 [Time-limited test] INFO  server.GrpcService (GrpcService.java:closeImpl(320)) - a23106ed-25fb-4d2a-941a-1db4c2744c45: shutdown server GrpcServerProtocolService successfully
2023-06-06 14:28:32,404 [Time-limited test] INFO  server.GrpcService (GrpcService.java:closeImpl(311)) - a23106ed-25fb-4d2a-941a-1db4c2744c45: shutdown server org.apache.ratis.grpc.server.GrpcAdminProtocolService now
2023-06-06 14:28:32,404 [Time-limited test] INFO  server.GrpcService (GrpcService.java:closeImpl(320)) - a23106ed-25fb-4d2a-941a-1db4c2744c45: shutdown server org.apache.ratis.grpc.server.GrpcAdminProtocolService successfully
2023-06-06 14:28:32,405 [a23106ed-25fb-4d2a-941a-1db4c2744c45-NettyServerStreamRpc-bossGroup--thread1] INFO  logging.LoggingHandler (AbstractInternalLogger.java:log(148)) - [id: 0xbb88a448, L:/0:0:0:0:0:0:0:0:15102] CLOSE
2023-06-06 14:28:32,405 [a23106ed-25fb-4d2a-941a-1db4c2744c45-NettyServerStreamRpc-bossGroup--thread1] INFO  logging.LoggingHandler (AbstractInternalLogger.java:log(148)) - [id: 0xbb88a448, L:/0:0:0:0:0:0:0:0:15102] INACTIVE
2023-06-06 14:28:32,405 [a23106ed-25fb-4d2a-941a-1db4c2744c45-NettyServerStreamRpc-bossGroup--thread1] INFO  logging.LoggingHandler (AbstractInternalLogger.java:log(148)) - [id: 0xbb88a448, L:/0:0:0:0:0:0:0:0:15102] UNREGISTERED
2023-06-06 14:28:33,366 [a23106ed-25fb-4d2a-941a-1db4c2744c45-impl-thread1] INFO  segmented.SegmentedRaftLogWorker (SegmentedRaftLogWorker.java:close(252)) - a23106ed-25fb-4d2a-941a-1db4c2744c45@group-8A8A5786A0F3-SegmentedRaftLogWorker close()
2023-06-06 14:28:33,371 [JvmPauseMonitor15] INFO  util.JvmPauseMonitor (JvmPauseMonitor.java:run(109)) - JvmPauseMonitor-a23106ed-25fb-4d2a-941a-1db4c2744c45: Stopped
2023-06-06 14:28:35,377 [Time-limited test] INFO  utils.DatanodeStoreCache (DatanodeStoreCache.java:shutdownCache(110)) - Skip clearing cache in mini cluster mode. Entries left: [/home/runner/work/ozone/ozone/hadoop-ozone/integration-test/target/test-dir/MiniOzoneClusterImpl-f1a550b1-3bce-4924-83e1-37a2b14d52c4/datanode-0/data-0/containers/hdds/f1a550b1-3bce-4924-83e1-37a2b14d52c4/DS-74e01528-b4f6-4cff-b38a-66c8fe3a43c1/container.db]
2023-06-06 14:28:35,380 [Time-limited test] INFO  utils.DatanodeStoreCache (DatanodeStoreCache.java:removeDB(104)) - Removed db /home/runner/work/ozone/ozone/hadoop-ozone/integration-test/target/test-dir/MiniOzoneClusterImpl-f1a550b1-3bce-4924-83e1-37a2b14d52c4/datanode-0/data-0/containers/hdds/f1a550b1-3bce-4924-83e1-37a2b14d52c4/DS-74e01528-b4f6-4cff-b38a-66c8fe3a43c1/container.db from cache
2023-06-06 14:28:35,380 [Time-limited test] INFO  volume.HddsVolume (HddsVolume.java:closeDbStore(437)) - SchemaV3 db is stopped at /home/runner/work/ozone/ozone/hadoop-ozone/integration-test/target/test-dir/MiniOzoneClusterImpl-f1a550b1-3bce-4924-83e1-37a2b14d52c4/datanode-0/data-0/containers/hdds/f1a550b1-3bce-4924-83e1-37a2b14d52c4/DS-74e01528-b4f6-4cff-b38a-66c8fe3a43c1/container.db for volume DS-74e01528-b4f6-4cff-b38a-66c8fe3a43c1
2023-06-06 14:28:35,380 [Time-limited test] INFO  utils.BackgroundService (BackgroundService.java:shutdown(141)) - Shutting down service BlockDeletingService
2023-06-06 14:28:35,381 [Time-limited test] INFO  utils.BackgroundService (BackgroundService.java:shutdown(141)) - Shutting down service StaleRecoveringContainerScrubbingService
2023-06-06 14:28:35,382 [Time-limited test] INFO  statemachine.DatanodeStateMachine (DatanodeStateMachine.java:stopDaemon(605)) - Ozone container server stopped.
2023-06-06 14:28:35,397 [Time-limited test] INFO  handler.ContextHandler (ContextHandler.java:doStop(1159)) - Stopped o.e.j.w.WebAppContext@c2835a2{hddsDatanode,/,null,STOPPED}{jar:file:/home/runner/.m2/repository/org/apache/ozone/hdds-container-service/1.4.0-SNAPSHOT/hdds-container-service-1.4.0-SNAPSHOT.jar!/webapps/hddsDatanode}
2023-06-06 14:28:35,401 [Time-limited test] INFO  server.AbstractConnector (AbstractConnector.java:doStop(383)) - Stopped ServerConnector@71b4ecb4{HTTP/1.1, (http/1.1)}{0.0.0.0:15096}
2023-06-06 14:28:35,401 [Time-limited test] INFO  server.session (HouseKeeper.java:stopScavenging(149)) - node0 Stopped scavenging
2023-06-06 14:28:35,402 [Time-limited test] INFO  handler.ContextHandler (ContextHandler.java:doStop(1159)) - Stopped o.e.j.s.ServletContextHandler@71c13b4e{static,/static,jar:file:/home/runner/.m2/repository/org/apache/ozone/hdds-container-service/1.4.0-SNAPSHOT/hdds-container-service-1.4.0-SNAPSHOT.jar!/webapps/static,STOPPED}
2023-06-06 14:28:35,402 [Time-limited test] INFO  handler.ContextHandler (ContextHandler.java:doStop(1159)) - Stopped o.e.j.s.ServletContextHandler@258e521b{logs,/logs,file:///home/runner/work/ozone/ozone/hadoop-ozone/integration-test/target/log,STOPPED}
2023-06-06 14:28:35,403 [Time-limited test] INFO  ozone.HddsDatanodeClientProtocolServer (HddsDatanodeClientProtocolServer.java:stop(89)) - Stopping the RPC server for Client Protocol
2023-06-06 14:28:35,403 [Time-limited test] INFO  ipc.Server (Server.java:stop(3501)) - Stopping server on 15097
2023-06-06 14:28:35,404 [IPC Server listener on 15097] INFO  ipc.Server (Server.java:run(1430)) - Stopping IPC Server listener on 15097
2023-06-06 14:28:35,405 [IPC Server Responder] INFO  ipc.Server (Server.java:run(1563)) - Stopping IPC Server Responder
2023-06-06 14:28:35,406 [Time-limited test] INFO  ozone.MiniOzoneClusterImpl (MiniOzoneClusterImpl.java:stopSCM(537)) - Stopping the StorageContainerManager
2023-06-06 14:28:35,406 [Time-limited test] INFO  server.StorageContainerManager (StorageContainerManager.java:stop(1562)) - Container Balancer is not running.
2023-06-06 14:28:35,406 [Time-limited test] INFO  server.StorageContainerManager (StorageContainerManager.java:stopReplicationManager(1693)) - Stopping Replication Manager Service.
2023-06-06 14:28:35,406 [Time-limited test] INFO  replication.ReplicationManager (ReplicationManager.java:stop(332)) - Stopping Replication Monitor Thread.
2023-06-06 14:28:35,406 [Under Replicated Processor] WARN  replication.UnhealthyReplicationProcessor (UnhealthyReplicationProcessor.java:run(167)) - Under Replicated Processor interrupted. Exiting...
2023-06-06 14:28:35,406 [Over Replicated Processor] WARN  replication.UnhealthyReplicationProcessor (UnhealthyReplicationProcessor.java:run(167)) - Over Replicated Processor interrupted. Exiting...
2023-06-06 14:28:35,406 [Time-limited test] INFO  server.StorageContainerManager (StorageContainerManager.java:stop(1571)) - Stopping the Datanode Admin Monitor.
2023-06-06 14:28:35,407 [ReplicationMonitor] INFO  replication.ReplicationManager (ReplicationManager.java:run(938)) - Replication Monitor Thread is stopped
2023-06-06 14:28:35,407 [Time-limited test] INFO  server.StorageContainerManager (StorageContainerManager.java:stop(1578)) - Stopping datanode service RPC server
2023-06-06 14:28:35,407 [Time-limited test] INFO  server.SCMDatanodeProtocolServer (SCMDatanodeProtocolServer.java:stop(424)) - Stopping the RPC server for DataNodes
2023-06-06 14:28:35,407 [Time-limited test] INFO  ipc.Server (Server.java:stop(3501)) - Stopping server on 15089
2023-06-06 14:28:35,409 [IPC Server listener on 15089] INFO  ipc.Server (Server.java:run(1430)) - Stopping IPC Server listener on 15089
2023-06-06 14:28:35,415 [IPC Server Responder] INFO  ipc.Server (Server.java:run(1563)) - Stopping IPC Server Responder
2023-06-06 14:28:36,563 [SCM Heartbeat Processing Thread - 0] WARN  node.NodeStateManager (NodeStateManager.java:scheduleNextHealthCheck(870)) - Current Thread is interrupted, shutting down HB processing thread for Node Manager.
2023-06-06 14:28:36,563 [Time-limited test] INFO  server.StorageContainerManager (StorageContainerManager.java:stop(1586)) - Stopping block service RPC server
2023-06-06 14:28:36,563 [Time-limited test] INFO  server.SCMBlockProtocolServer (SCMBlockProtocolServer.java:stop(161)) - Stopping the RPC server for Block Protocol
2023-06-06 14:28:36,563 [Time-limited test] INFO  ipc.Server (Server.java:stop(3501)) - Stopping server on 15088
2023-06-06 14:28:36,568 [IPC Server Responder] INFO  ipc.Server (Server.java:run(1563)) - Stopping IPC Server Responder
2023-06-06 14:28:36,568 [Time-limited test] INFO  server.StorageContainerManager (StorageContainerManager.java:stop(1593)) - Stopping the StorageContainerLocationProtocol RPC server
2023-06-06 14:28:36,568 [IPC Server listener on 15088] INFO  ipc.Server (Server.java:run(1430)) - Stopping IPC Server listener on 15088
2023-06-06 14:28:36,570 [Time-limited test] INFO  server.SCMClientProtocolServer (SCMClientProtocolServer.java:stop(208)) - Stopping the RPC server for Client Protocol
2023-06-06 14:28:36,570 [Time-limited test] INFO  ipc.Server (Server.java:stop(3501)) - Stopping server on 15087
2023-06-06 14:28:36,572 [IPC Server listener on 15087] INFO  ipc.Server (Server.java:run(1430)) - Stopping IPC Server listener on 15087
2023-06-06 14:28:36,573 [IPC Server Responder] INFO  ipc.Server (Server.java:run(1563)) - Stopping IPC Server Responder
2023-06-06 14:28:36,574 [Time-limited test] INFO  server.StorageContainerManager (StorageContainerManager.java:stop(1600)) - Stopping Storage Container Manager HTTP server.
2023-06-06 14:28:36,575 [Time-limited test] INFO  handler.ContextHandler (ContextHandler.java:doStop(1159)) - Stopped o.e.j.w.WebAppContext@52b133b2{scm,/,null,STOPPED}{file:/home/runner/work/ozone/ozone/hadoop-ozone/integration-test/target/test-classes/webapps/scm}
2023-06-06 14:28:36,576 [Time-limited test] INFO  server.AbstractConnector (AbstractConnector.java:doStop(383)) - Stopped ServerConnector@1cea0a64{HTTP/1.1, (http/1.1)}{0.0.0.0:15090}
2023-06-06 14:28:36,576 [Time-limited test] INFO  server.session (HouseKeeper.java:stopScavenging(149)) - node0 Stopped scavenging
2023-06-06 14:28:36,576 [Time-limited test] INFO  handler.ContextHandler (ContextHandler.java:doStop(1159)) - Stopped o.e.j.s.ServletContextHandler@787447b1{static,/static,file:///home/runner/work/ozone/ozone/hadoop-ozone/integration-test/target/test-classes/webapps/static,STOPPED}
2023-06-06 14:28:36,576 [Time-limited test] INFO  handler.ContextHandler (ContextHandler.java:doStop(1159)) - Stopped o.e.j.s.ServletContextHandler@35b7a04d{logs,/logs,file:///home/runner/work/ozone/ozone/hadoop-ozone/integration-test/target/log,STOPPED}
2023-06-06 14:28:36,578 [Time-limited test] INFO  server.StorageContainerManager (StorageContainerManager.java:stop(1608)) - Stopping SCM LayoutVersionManager Service.
2023-06-06 14:28:36,578 [Time-limited test] INFO  server.StorageContainerManager (StorageContainerManager.java:stop(1616)) - Stopping Block Manager Service.
2023-06-06 14:28:36,578 [Time-limited test] INFO  utils.BackgroundService (BackgroundService.java:shutdown(141)) - Shutting down service SCMBlockDeletingService
2023-06-06 14:28:36,578 [Time-limited test] INFO  utils.BackgroundService (BackgroundService.java:shutdown(141)) - Shutting down service SCMBlockDeletingService
2023-06-06 14:28:36,578 [Time-limited test] INFO  server.StorageContainerManager (StorageContainerManager.java:stop(1638)) - Stopping SCM Event Queue.
2023-06-06 14:28:36,581 [JvmPauseMonitor16] INFO  util.JvmPauseMonitor (JvmPauseMonitor.java:run(109)) - JvmPauseMonitor-c45a8c34-ef1f-480a-8ce2-18cebd31c812: Stopped
2023-06-06 14:28:36,582 [Time-limited test] INFO  server.StorageContainerManager (StorageContainerManager.java:stop(1649)) - Stopping SCM HA services.
2023-06-06 14:28:36,582 [Time-limited test] INFO  pipeline.BackgroundPipelineCreator (BackgroundPipelineCreator.java:stop(149)) - Stopping RatisPipelineUtilsThread.
2023-06-06 14:28:36,582 [RatisPipelineUtilsThread - 0] WARN  pipeline.BackgroundPipelineCreator (BackgroundPipelineCreator.java:run(180)) - RatisPipelineUtilsThread is interrupted.
2023-06-06 14:28:36,583 [Time-limited test] INFO  BackgroundPipelineScrubber (BackgroundSCMService.java:stop(131)) - Stopping BackgroundPipelineScrubber Service.
2023-06-06 14:28:36,583 [BackgroundPipelineScrubberThread] WARN  BackgroundPipelineScrubber (BackgroundSCMService.java:run(115)) - BackgroundPipelineScrubber is interrupted, exit
2023-06-06 14:28:36,583 [Time-limited test] INFO  impl.MetricsSystemImpl (MetricsSystemImpl.java:stop(210)) - Stopping StorageContainerManager metrics system...
2023-06-06 14:28:36,584 [prometheus] INFO  impl.MetricsSinkAdapter (MetricsSinkAdapter.java:publishMetricsFromQueue(141)) - prometheus thread interrupted.
2023-06-06 14:28:36,584 [Time-limited test] INFO  impl.MetricsSystemImpl (MetricsSystemImpl.java:stop(216)) - StorageContainerManager metrics system stopped.
2023-06-06 14:28:36,584 [Time-limited test] WARN  pipeline.BackgroundPipelineCreator (BackgroundPipelineCreator.java:stop(145)) - RatisPipelineUtilsThread is not running, just ignore.
2023-06-06 14:28:36,584 [Time-limited test] INFO  BackgroundPipelineScrubber (BackgroundSCMService.java:stop(126)) - BackgroundPipelineScrubber Service is not running, skip stop.
2023-06-06 14:28:36,584 [Time-limited test] INFO  ExpiredContainerReplicaOpScrubber (BackgroundSCMService.java:stop(131)) - Stopping ExpiredContainerReplicaOpScrubber Service.
2023-06-06 14:28:36,584 [ExpiredContainerReplicaOpScrubberThread] WARN  ExpiredContainerReplicaOpScrubber (BackgroundSCMService.java:run(115)) - ExpiredContainerReplicaOpScrubber is interrupted, exit
2023-06-06 14:28:36,584 [Time-limited test] INFO  utils.BackgroundService (BackgroundService.java:shutdown(141)) - Shutting down service SCMBlockDeletingService
2023-06-06 14:28:36,585 [Time-limited test] INFO  replication.ReplicationManager (ReplicationManager.java:stop(342)) - Replication Monitor Thread is not running.
2023-06-06 14:28:36,585 [Time-limited test] WARN  balancer.ContainerBalancer (ContainerBalancer.java:stop(328)) - Cannot stop Container Balancer because it's not running or stopping
2023-06-06 14:28:36,585 [Time-limited test] INFO  server.StorageContainerManager (StorageContainerManager.java:stop(1684)) - Stopping SCM MetadataStore.
]]></system-out>
  </testcase>
  <testcase name="testContainerReportQueueWithDrop" classname="org.apache.hadoop.ozone.TestStorageContainerManager" time="1.114"/>
  <testcase name="testRpcPermission" classname="org.apache.hadoop.ozone.TestStorageContainerManager" time="54.629">
    <system-out><![CDATA[2023-06-06 14:28:37,816 [Time-limited test] WARN  server.ServerUtils (ServerUtils.java:getScmDbDir(155)) - ozone.scm.db.dirs is not configured. We recommend adding this setting. Falling back to ozone.metadata.dirs instead.
2023-06-06 14:28:37,818 [Time-limited test] WARN  server.ServerUtils (ServerUtils.java:getScmDbDir(155)) - ozone.scm.db.dirs is not configured. We recommend adding this setting. Falling back to ozone.metadata.dirs instead.
2023-06-06 14:28:37,818 [Time-limited test] INFO  ha.SCMHANodeDetails (SCMHANodeDetails.java:loadSCMHAConfig(209)) - ServiceID for StorageContainerManager is null
2023-06-06 14:28:37,819 [Time-limited test] WARN  ha.SCMHANodeDetails (SCMHANodeDetails.java:validateSCMHAConfig(182)) - Invalid config ozone.scm.ratis.enable. The config was not specified, but the default value true conflicts with the expected config value false. Falling back to the expected value. Current State of SCM: SCM is running in Non-HA without Ratis Ratis SCM -> Non Ratis SCM or Non HA SCM -> HA SCM is not supported
2023-06-06 14:28:37,819 [Time-limited test] INFO  ha.SCMHANodeDetails (SCMHANodeDetails.java:loadSCMHAConfig(214)) - ozone.scm.default.service.id is not defined, falling back to ozone.scm.service.ids to find serviceID for StorageContainerManager if it is HA enabled cluster
2023-06-06 14:28:37,825 [Time-limited test] WARN  utils.HAUtils (HAUtils.java:getMetaDir(352)) - ozone.scm.db.dirs is not configured. We recommend adding this setting. Falling back to ozone.metadata.dirs instead.
2023-06-06 14:28:37,826 [Time-limited test] WARN  db.DBStoreBuilder (DBStoreBuilder.java:applyDBDefinition(165)) - ozone.scm.db.dirs is not configured. We recommend adding this setting. Falling back to ozone.metadata.dirs instead.
2023-06-06 14:28:37,938 [Time-limited test] INFO  net.NodeSchemaLoader (NodeSchemaLoader.java:loadSchemaFromFile(129)) - Loading schema from [jar:file:/home/runner/.m2/repository/org/apache/ozone/hdds-common/1.4.0-SNAPSHOT/hdds-common-1.4.0-SNAPSHOT.jar!/network-topology-default.xml]
2023-06-06 14:28:37,938 [Time-limited test] INFO  net.NodeSchemaLoader (NodeSchemaLoader.java:loadSchema(176)) - Loading network topology layer schema file
2023-06-06 14:28:37,943 [Time-limited test] INFO  upgrade.AbstractLayoutVersionManager (AbstractLayoutVersionManager.java:init(83)) - Initializing Layout version manager with metadata layout = HADOOP_PRC_PORTS_IN_DATANODEDETAILS (version = 7), software layout = HADOOP_PRC_PORTS_IN_DATANODEDETAILS (version = 7)
2023-06-06 14:28:37,945 [Time-limited test] INFO  ha.SequenceIdGenerator (SequenceIdGenerator.java:upgradeToSequenceId(349)) - upgrade localId to 111677748019200000
2023-06-06 14:28:37,946 [Time-limited test] INFO  ha.SequenceIdGenerator (SequenceIdGenerator.java:upgradeToSequenceId(359)) - upgrade delTxnId to 0
2023-06-06 14:28:37,946 [Time-limited test] INFO  ha.SequenceIdGenerator (SequenceIdGenerator.java:upgradeToSequenceId(376)) - upgrade containerId to 0
2023-06-06 14:28:37,946 [Time-limited test] INFO  ha.SequenceIdGenerator (SequenceIdGenerator.java:<init>(220)) - Init the HA SequenceIdGenerator.
2023-06-06 14:28:37,947 [Time-limited test] WARN  server.ServerUtils (ServerUtils.java:sanitizeUserArgs(80)) - ozone.scm.stale.node.interval value = 300000 is larger than max = 100000 based on the key value of ozone.scm.heartbeat.thread.interval, reset to the max value 100000.
2023-06-06 14:28:37,947 [Time-limited test] WARN  server.ServerUtils (ServerUtils.java:sanitizeUserArgs(80)) - ozone.scm.stale.node.interval value = 300000 is larger than max = 100000 based on the key value of ozone.scm.heartbeat.thread.interval, reset to the max value 100000.
2023-06-06 14:28:37,961 [Time-limited test] INFO  node.SCMNodeManager (SCMNodeManager.java:<init>(159)) - Entering startup safe mode.
2023-06-06 14:28:37,963 [Time-limited test] INFO  algorithms.ContainerPlacementPolicyFactory (ContainerPlacementPolicyFactory.java:getPolicyInternal(86)) - Create container placement policy of type org.apache.hadoop.hdds.scm.container.placement.algorithms.SCMContainerPlacementRackAware
2023-06-06 14:28:37,963 [Time-limited test] INFO  algorithms.ContainerPlacementPolicyFactory (ContainerPlacementPolicyFactory.java:getPolicyInternal(86)) - Create container placement policy of type org.apache.hadoop.hdds.scm.container.placement.algorithms.SCMContainerPlacementRackScatter
2023-06-06 14:28:37,963 [Time-limited test] INFO  pipeline.PipelineStateManagerImpl (PipelineStateManagerImpl.java:initialize(78)) - No pipeline exists in current db
2023-06-06 14:28:37,964 [Time-limited test] INFO  algorithms.LeaderChoosePolicyFactory (LeaderChoosePolicyFactory.java:getPolicy(57)) - Create leader choose policy of type org.apache.hadoop.hdds.scm.pipeline.leader.choose.algorithms.MinLeaderCountChoosePolicy
2023-06-06 14:28:37,964 [Time-limited test] INFO  algorithms.ContainerPlacementPolicyFactory (ContainerPlacementPolicyFactory.java:getPolicyInternal(86)) - Create container placement policy of type org.apache.hadoop.hdds.scm.container.placement.algorithms.SCMContainerPlacementRackScatter
2023-06-06 14:28:37,964 [Time-limited test] INFO  ha.SCMServiceManager (SCMServiceManager.java:register(42)) - Registering service BackgroundPipelineCreator.
2023-06-06 14:28:37,965 [Time-limited test] INFO  pipeline.BackgroundPipelineCreator (BackgroundPipelineCreator.java:start(124)) - Starting RatisPipelineUtilsThread.
2023-06-06 14:28:37,974 [Time-limited test] INFO  BackgroundPipelineScrubber (BackgroundSCMService.java:start(68)) - Starting BackgroundPipelineScrubber Service.
2023-06-06 14:28:37,977 [Time-limited test] INFO  ha.SCMServiceManager (SCMServiceManager.java:register(42)) - Registering service BackgroundPipelineScrubber.
2023-06-06 14:28:37,978 [Time-limited test] INFO  ExpiredContainerReplicaOpScrubber (BackgroundSCMService.java:start(68)) - Starting ExpiredContainerReplicaOpScrubber Service.
2023-06-06 14:28:37,979 [Time-limited test] INFO  ha.SCMServiceManager (SCMServiceManager.java:register(42)) - Registering service ExpiredContainerReplicaOpScrubber.
2023-06-06 14:28:37,985 [Time-limited test] INFO  algorithms.PipelineChoosePolicyFactory (PipelineChoosePolicyFactory.java:createPipelineChoosePolicyFromClass(73)) - Create pipeline choose policy of type org.apache.hadoop.hdds.scm.pipeline.choose.algorithms.RandomPipelineChoosePolicy
2023-06-06 14:28:37,994 [Time-limited test] INFO  ha.SCMServiceManager (SCMServiceManager.java:register(42)) - Registering service SCMBlockDeletingService.
2023-06-06 14:28:37,996 [Time-limited test] INFO  replication.ReplicationManager (ReplicationManager.java:start(299)) - Starting Replication Monitor Thread.
2023-06-06 14:28:38,010 [Time-limited test] INFO  ha.SCMServiceManager (SCMServiceManager.java:register(42)) - Registering service ReplicationManager.
2023-06-06 14:28:38,010 [ReplicationMonitor] INFO  replication.ReplicationManager (ReplicationManager.java:processAll(374)) - Replication Manager is not ready to run until 3000ms after safemode exit
2023-06-06 14:28:38,011 [Time-limited test] INFO  safemode.ContainerSafeModeRule (ContainerSafeModeRule.java:<init>(89)) - containers with one replica threshold count 0
2023-06-06 14:28:38,011 [Time-limited test] INFO  safemode.HealthyPipelineSafeModeRule (HealthyPipelineSafeModeRule.java:initializeRule(169)) - Total pipeline count is 0, healthy pipeline threshold count is 1
2023-06-06 14:28:38,012 [Time-limited test] INFO  safemode.OneReplicaPipelineSafeModeRule (OneReplicaPipelineSafeModeRule.java:initializeRule(180)) - Total pipeline count is 0, pipeline's with at least one datanode reported threshold count is 0
2023-06-06 14:28:38,013 [Time-limited test] INFO  server.StorageContainerManager (StorageContainerManager.java:<init>(404)) - SCM start with adminUsers: [runner]
2023-06-06 14:28:38,013 [Time-limited test] INFO  ipc.CallQueueManager (CallQueueManager.java:<init>(90)) - Using callQueue: class java.util.concurrent.LinkedBlockingQueue, queueCapacity: 2000, scheduler: class org.apache.hadoop.ipc.DefaultRpcScheduler, ipcBackoff: false.
2023-06-06 14:28:38,014 [Socket Reader #1 for port 15106] INFO  ipc.Server (Server.java:run(1319)) - Starting Socket Reader #1 for port 15106
2023-06-06 14:28:38,015 [Listener at 0.0.0.0/15106] INFO  hdds.HddsUtils (HddsUtils.java:preserveThreadName(843)) - Restoring thread name: Time-limited test
2023-06-06 14:28:38,016 [Time-limited test] INFO  ipc.CallQueueManager (CallQueueManager.java:<init>(90)) - Using callQueue: class java.util.concurrent.LinkedBlockingQueue, queueCapacity: 2000, scheduler: class org.apache.hadoop.ipc.DefaultRpcScheduler, ipcBackoff: false.
2023-06-06 14:28:38,016 [Socket Reader #1 for port 15105] INFO  ipc.Server (Server.java:run(1319)) - Starting Socket Reader #1 for port 15105
2023-06-06 14:28:38,017 [Listener at 0.0.0.0/15105] INFO  hdds.HddsUtils (HddsUtils.java:preserveThreadName(843)) - Restoring thread name: Time-limited test
2023-06-06 14:28:38,017 [Time-limited test] INFO  ipc.CallQueueManager (CallQueueManager.java:<init>(90)) - Using callQueue: class java.util.concurrent.LinkedBlockingQueue, queueCapacity: 2000, scheduler: class org.apache.hadoop.ipc.DefaultRpcScheduler, ipcBackoff: false.
2023-06-06 14:28:38,018 [Socket Reader #1 for port 15104] INFO  ipc.Server (Server.java:run(1319)) - Starting Socket Reader #1 for port 15104
2023-06-06 14:28:38,019 [Listener at 0.0.0.0/15104] INFO  hdds.HddsUtils (HddsUtils.java:preserveThreadName(843)) - Restoring thread name: Time-limited test
2023-06-06 14:28:38,025 [Time-limited test] INFO  ha.SCMServiceManager (SCMServiceManager.java:register(42)) - Registering service ContainerBalancer.
2023-06-06 14:28:38,025 [Time-limited test] INFO  server.StorageContainerManager (StorageContainerManager.java:<init>(416)) - 
Container Balancer status:
Key                            Value
Running                        false
Container Balancer Configuration values:
Key                                                Value
Threshold                                          10
Max Datanodes to Involve per Iteration(percent)    20
Max Size to Move per Iteration                     500GB
Max Size Entering Target per Iteration             26GB
Max Size Leaving Source per Iteration              26GB

2023-06-06 14:28:38,025 [Time-limited test] INFO  ha.SCMContext (SCMContext.java:updateSafeModeStatus(228)) - Update SafeModeStatus from SafeModeStatus{safeModeStatus=true, preCheckPassed=false} to SafeModeStatus{safeModeStatus=true, preCheckPassed=false}.
2023-06-06 14:28:38,038 [Time-limited test] INFO  server.StorageContainerManager (StorageContainerManager.java:start(1468)) - StorageContainerLocationProtocol RPC server is listening at /0.0.0.0:15104
2023-06-06 14:28:38,039 [Time-limited test] WARN  impl.MetricsConfig (MetricsConfig.java:loadFirst(136)) - Cannot locate configuration: tried hadoop-metrics2-storagecontainermanager.properties,hadoop-metrics2.properties
2023-06-06 14:28:38,041 [Time-limited test] INFO  impl.MetricsSystemImpl (MetricsSystemImpl.java:startTimer(378)) - Scheduled Metric snapshot period at 10 second(s).
2023-06-06 14:28:38,042 [Time-limited test] INFO  impl.MetricsSystemImpl (MetricsSystemImpl.java:start(191)) - StorageContainerManager metrics system started
2023-06-06 14:28:38,082 [Time-limited test] INFO  impl.MetricsSinkAdapter (MetricsSinkAdapter.java:start(204)) - Sink prometheus started
2023-06-06 14:28:38,082 [Time-limited test] INFO  impl.MetricsSystemImpl (MetricsSystemImpl.java:registerSink(305)) - Registered sink prometheus
2023-06-06 14:28:38,102 [Time-limited test] INFO  server.SCMClientProtocolServer (SCMClientProtocolServer.java:start(199)) - RPC server for Client  is listening at /0.0.0.0:15104
2023-06-06 14:28:38,102 [IPC Server Responder] INFO  ipc.Server (Server.java:run(1558)) - IPC Server Responder: starting
2023-06-06 14:28:38,102 [IPC Server listener on 15104] INFO  ipc.Server (Server.java:run(1398)) - IPC Server listener on 15104: starting
2023-06-06 14:28:38,110 [Time-limited test] INFO  server.StorageContainerManager (StorageContainerManager.java:start(1482)) - ScmBlockLocationProtocol RPC server is listening at /0.0.0.0:15105
2023-06-06 14:28:38,110 [Time-limited test] INFO  server.SCMBlockProtocolServer (SCMBlockProtocolServer.java:start(152)) - RPC server for Block Protocol is listening at /0.0.0.0:15105
2023-06-06 14:28:38,111 [IPC Server Responder] INFO  ipc.Server (Server.java:run(1558)) - IPC Server Responder: starting
2023-06-06 14:28:38,111 [IPC Server listener on 15105] INFO  ipc.Server (Server.java:run(1398)) - IPC Server listener on 15105: starting
2023-06-06 14:28:38,115 [Time-limited test] INFO  server.SCMDatanodeProtocolServer (SCMDatanodeProtocolServer.java:start(193)) - ScmDatanodeProtocol RPC server for DataNodes is listening at /0.0.0.0:15106
2023-06-06 14:28:38,117 [IPC Server Responder] INFO  ipc.Server (Server.java:run(1558)) - IPC Server Responder: starting
2023-06-06 14:28:38,118 [IPC Server listener on 15106] INFO  ipc.Server (Server.java:run(1398)) - IPC Server listener on 15106: starting
2023-06-06 14:28:38,126 [JvmPauseMonitor17] INFO  util.JvmPauseMonitor (JvmPauseMonitor.java:run(103)) - JvmPauseMonitor-cdca9dac-52f5-4c1d-bd9d-d456acdc4d0b: Started
2023-06-06 14:28:38,126 [Time-limited test] INFO  http.BaseHttpServer (BaseHttpServer.java:newHttpServer2BuilderForOzone(224)) - Starting Web-server for scm at: http://0.0.0.0:15107
2023-06-06 14:28:38,126 [Time-limited test] INFO  http.BaseHttpServer (BaseHttpServer.java:<init>(111)) - Hadoop Security Enabled: false Ozone Security Enabled: false Ozone HTTP Security Enabled: false 
2023-06-06 14:28:38,130 [Time-limited test] WARN  server.AuthenticationFilter (AuthenticationFilter.java:constructSecretProvider(240)) - Unable to initialize FileSignerSecretProvider, falling back to use random secrets. Reason: Could not read signature secret file: /home/runner/hadoop-http-auth-signature-secret
2023-06-06 14:28:38,133 [Time-limited test] INFO  http.HttpRequestLog (HttpRequestLog.java:getRequestLog(86)) - Http request log for http.requests.scm is not defined
2023-06-06 14:28:38,136 [Time-limited test] INFO  http.HttpServer2 (HttpServer2.java:addGlobalFilter(1031)) - Added global filter 'safety' (class=org.apache.hadoop.hdds.server.http.HttpServer2$QuotingInputFilter)
2023-06-06 14:28:38,137 [Time-limited test] INFO  http.HttpServer2 (HttpServer2.java:addFilter(1007)) - Added filter static_user_filter (class=org.apache.hadoop.http.lib.StaticUserWebFilter$StaticUserFilter) to context scm
2023-06-06 14:28:38,137 [Time-limited test] INFO  http.HttpServer2 (HttpServer2.java:addFilter(1015)) - Added filter static_user_filter (class=org.apache.hadoop.http.lib.StaticUserWebFilter$StaticUserFilter) to context static
2023-06-06 14:28:38,137 [Time-limited test] INFO  http.HttpServer2 (HttpServer2.java:addFilter(1015)) - Added filter static_user_filter (class=org.apache.hadoop.http.lib.StaticUserWebFilter$StaticUserFilter) to context logs
2023-06-06 14:28:38,138 [Time-limited test] INFO  http.BaseHttpServer (BaseHttpServer.java:<init>(190)) - HTTP server of scm uses base directory /home/runner/work/ozone/ozone/hadoop-ozone/integration-test/target/test-dir/MiniOzoneClusterImpl-19dab9f3-ddac-4c20-9ee1-602e65f43fab/ozone-meta/webserver
2023-06-06 14:28:38,138 [Time-limited test] INFO  http.HttpServer2 (HttpServer2.java:bindListener(1250)) - Jetty bound to port 15107
2023-06-06 14:28:38,138 [Time-limited test] INFO  server.Server (Server.java:doStart(375)) - jetty-9.4.51.v20230217; built: 2023-02-17T08:19:37.309Z; git: b45c405e4544384de066f814ed42ae3dceacdd49; jvm 1.8.0_372-b07
2023-06-06 14:28:38,159 [Time-limited test] INFO  server.session (DefaultSessionIdManager.java:doStart(334)) - DefaultSessionIdManager workerName=node0
2023-06-06 14:28:38,159 [Time-limited test] INFO  server.session (DefaultSessionIdManager.java:doStart(339)) - No SessionScavenger set, using defaults
2023-06-06 14:28:38,159 [Time-limited test] INFO  server.session (HouseKeeper.java:startScavenging(132)) - node0 Scavenging every 600000ms
2023-06-06 14:28:38,162 [Time-limited test] INFO  handler.ContextHandler (ContextHandler.java:doStart(921)) - Started o.e.j.s.ServletContextHandler@22ecc8a0{logs,/logs,file:///home/runner/work/ozone/ozone/hadoop-ozone/integration-test/target/log,AVAILABLE}
2023-06-06 14:28:38,163 [Time-limited test] INFO  handler.ContextHandler (ContextHandler.java:doStart(921)) - Started o.e.j.s.ServletContextHandler@e195b9d{static,/static,file:///home/runner/work/ozone/ozone/hadoop-ozone/integration-test/target/test-classes/webapps/static,AVAILABLE}
2023-06-06 14:28:38,170 [Time-limited test] INFO  handler.ContextHandler (ContextHandler.java:doStart(921)) - Started o.e.j.w.WebAppContext@a0ff47a{scm,/,file:///home/runner/work/ozone/ozone/hadoop-ozone/integration-test/target/test-classes/webapps/scm/,AVAILABLE}{file:/home/runner/work/ozone/ozone/hadoop-ozone/integration-test/target/test-classes/webapps/scm}
2023-06-06 14:28:38,173 [Time-limited test] INFO  server.AbstractConnector (AbstractConnector.java:doStart(333)) - Started ServerConnector@5d9ef698{HTTP/1.1, (http/1.1)}{0.0.0.0:15107}
2023-06-06 14:28:38,173 [Time-limited test] INFO  server.Server (Server.java:doStart(415)) - Started @127295ms
2023-06-06 14:28:38,173 [Time-limited test] WARN  impl.MetricsSystemImpl (MetricsSystemImpl.java:register(279)) - Sink prometheus already exists!
2023-06-06 14:28:38,176 [Time-limited test] INFO  http.BaseHttpServer (BaseHttpServer.java:updateConnectorAddress(344)) - HTTP server of scm listening at http://0.0.0.0:15107
2023-06-06 14:28:38,177 [Time-limited test] WARN  server.ServerUtils (ServerUtils.java:getDBPath(311)) - ozone.om.db.dirs is not configured. We recommend adding this setting. Falling back to ozone.metadata.dirs instead.
2023-06-06 14:28:38,179 [Time-limited test] INFO  ha.OMHANodeDetails (OMHANodeDetails.java:loadOMHAConfig(115)) - ozone.om.internal.service.id is not defined, falling back to ozone.om.service.ids to find serviceID for OzoneManager if it is HA enabled cluster
2023-06-06 14:28:38,180 [Time-limited test] INFO  ha.OMHANodeDetails (OMHANodeDetails.java:loadOMHAConfig(226)) - Configuration does not have ozone.om.address set. Falling back to the default OM address /127.0.0.1:15108
2023-06-06 14:28:38,180 [Time-limited test] INFO  ha.OMHANodeDetails (OMHANodeDetails.java:getOMNodeDetailsForNonHA(254)) - OM Service ID is not set. Setting it to the default ID: omServiceIdDefault
2023-06-06 14:28:38,180 [Time-limited test] INFO  ha.OMHANodeDetails (OMHANodeDetails.java:getOMNodeDetailsForNonHA(261)) - OM Node ID is not set. Setting it to the default ID: om1
2023-06-06 14:28:38,180 [Time-limited test] WARN  server.ServerUtils (ServerUtils.java:getDBPath(311)) - ozone.om.db.dirs is not configured. We recommend adding this setting. Falling back to ozone.metadata.dirs instead.
2023-06-06 14:28:38,183 [Time-limited test] INFO  upgrade.AbstractLayoutVersionManager (AbstractLayoutVersionManager.java:init(83)) - Initializing Layout version manager with metadata layout = FILESYSTEM_SNAPSHOT (version = 5), software layout = FILESYSTEM_SNAPSHOT (version = 5)
2023-06-06 14:28:38,546 [Time-limited test] INFO  reflections.Reflections (Reflections.java:scan(232)) - Reflections took 361 ms to scan 2 urls, producing 178 keys and 491 values [using 2 cores]
2023-06-06 14:28:38,547 [Time-limited test] INFO  upgrade.OMLayoutVersionManager (OMLayoutVersionManager.java:lambda$0(115)) - Skipping Upgrade Action MockOmUpgradeAction since it has been finalized.
2023-06-06 14:28:38,550 [Time-limited test] WARN  server.ServerUtils (ServerUtils.java:getDBPath(311)) - ozone.om.db.dirs is not configured. We recommend adding this setting. Falling back to ozone.metadata.dirs instead.
2023-06-06 14:28:38,551 [Time-limited test] INFO  proxy.SCMBlockLocationFailoverProxyProvider (SCMBlockLocationFailoverProxyProvider.java:<init>(114)) - Created block location fail-over proxy with 1 nodes: [nodeId=scmNodeId,nodeAddress=/0.0.0.0:15105]
2023-06-06 14:28:38,559 [Time-limited test] INFO  proxy.SCMBlockLocationFailoverProxyProvider (SCMBlockLocationFailoverProxyProvider.java:<init>(114)) - Created block location fail-over proxy with 1 nodes: [nodeId=scmNodeId,nodeAddress=/0.0.0.0:15105]
2023-06-06 14:28:38,578 [Time-limited test] INFO  om.OzoneManager (OzoneManager.java:<init>(642)) - OM start with adminUsers: [runner]
2023-06-06 14:28:38,579 [Time-limited test] WARN  server.ServerUtils (ServerUtils.java:getDBPath(311)) - ozone.om.db.dirs is not configured. We recommend adding this setting. Falling back to ozone.metadata.dirs instead.
2023-06-06 14:28:38,580 [Time-limited test] INFO  helpers.OmKeyInfo (OmKeyInfo.java:getCodec(71)) - OmKeyInfo.getCodec ignorePipeline = true
2023-06-06 14:28:38,767 [Time-limited test] INFO  om.OzoneManager (OzoneManager.java:instantiateServices(771)) - S3 Multi-Tenancy is disabled
2023-06-06 14:28:38,768 [Time-limited test] INFO  om.OmSnapshotManager (OmSnapshotManager.java:<init>(170)) - Ozone filesystem snapshot feature is enabled.
2023-06-06 14:28:38,768 [Time-limited test] WARN  server.ServerUtils (ServerUtils.java:getDBPath(311)) - ozone.om.snapshot.diff.db.dir is not configured. We recommend adding this setting. Falling back to ozone.metadata.dirs instead.
2023-06-06 14:28:38,794 [Time-limited test] INFO  utils.NativeLibraryLoader (NativeLibraryLoader.java:loadLibrary(103)) - Loading Library: ozone_rocksdb_tools
2023-06-06 14:28:38,799 [Time-limited test] INFO  om.OzoneManager (OzoneManager.java:addS3GVolumeToDB(4254)) - Created Volume s3v With Owner runner required for S3Gateway operations.
2023-06-06 14:28:38,799 [Time-limited test] WARN  server.ServerUtils (ServerUtils.java:getDefaultRatisDirectory(323)) - Storage directory for Ratis is not configured. It is a good idea to map this to an SSD disk. Falling back to ozone.metadata.dirs
2023-06-06 14:28:38,801 [Time-limited test] WARN  utils.OzoneManagerRatisUtils (OzoneManagerRatisUtils.java:getOMRatisSnapshotDirectory(461)) - ozone.om.ratis.snapshot.dir is not configured. Falling back to ozone.metadata.dirs config
2023-06-06 14:28:38,802 [Time-limited test] WARN  server.ServerUtils (ServerUtils.java:getDefaultRatisDirectory(323)) - Storage directory for Ratis is not configured. It is a good idea to map this to an SSD disk. Falling back to ozone.metadata.dirs
2023-06-06 14:28:38,806 [Time-limited test] INFO  ratis.OzoneManagerRatisServer (OzoneManagerRatisServer.java:<init>(163)) - Instantiating OM Ratis server with groupID: omServiceIdDefault and peers: localhost:15111
2023-06-06 14:28:38,807 [Time-limited test] INFO  ratis.OzoneManagerStateMachine (OzoneManagerStateMachine.java:loadSnapshotInfoFromDB(670)) - LastAppliedIndex is set from TransactionInfo from OM DB as (t:0, i:~)
2023-06-06 14:28:38,808 [Time-limited test] INFO  server.RaftServer (ConfUtils.java:logGet(46)) - raft.rpc.type = GRPC (default)
2023-06-06 14:28:38,809 [Time-limited test] INFO  grpc.GrpcConfigKeys (ConfUtils.java:logFallback(53)) - raft.grpc.admin.host = null (fallback to raft.grpc.server.host)
2023-06-06 14:28:38,809 [Time-limited test] INFO  grpc.GrpcConfigKeys (ConfUtils.java:logFallback(53)) - raft.grpc.admin.port = 15111 (fallback to raft.grpc.server.port)
2023-06-06 14:28:38,809 [Time-limited test] INFO  grpc.GrpcConfigKeys (ConfUtils.java:logFallback(53)) - raft.grpc.client.host = null (fallback to raft.grpc.server.host)
2023-06-06 14:28:38,809 [Time-limited test] INFO  grpc.GrpcConfigKeys (ConfUtils.java:logFallback(53)) - raft.grpc.client.port = 15111 (fallback to raft.grpc.server.port)
2023-06-06 14:28:38,809 [Time-limited test] INFO  grpc.GrpcConfigKeys (ConfUtils.java:logGet(46)) - raft.grpc.server.host = null (default)
2023-06-06 14:28:38,809 [Time-limited test] INFO  grpc.GrpcConfigKeys (ConfUtils.java:logGet(46)) - raft.grpc.server.port = 15111 (custom)
2023-06-06 14:28:38,809 [Time-limited test] INFO  server.GrpcService (ConfUtils.java:logGet(46)) - raft.grpc.message.size.max = 33554432 (custom)
2023-06-06 14:28:38,809 [Time-limited test] INFO  server.RaftServerConfigKeys (ConfUtils.java:logGet(46)) - raft.server.log.appender.buffer.byte-limit = 33554432 (custom)
2023-06-06 14:28:38,809 [Time-limited test] INFO  server.GrpcService (ConfUtils.java:logGet(46)) - raft.grpc.flow.control.window = 1MB (=1048576) (default)
2023-06-06 14:28:38,810 [Time-limited test] INFO  server.RaftServerConfigKeys (ConfUtils.java:logGet(46)) - raft.server.rpc.request.timeout = 3000ms (default)
2023-06-06 14:28:38,811 [Time-limited test] INFO  grpc.GrpcConfigKeys (ConfUtils.java:logGet(46)) - raft.grpc.server.heartbeat.channel = true (default)
2023-06-06 14:28:38,811 [Time-limited test] INFO  grpc.GrpcConfigKeys (ConfUtils.java:logGet(46)) - raft.grpc.server.async.request.thread.pool.cached = true (default)
2023-06-06 14:28:38,811 [Time-limited test] INFO  grpc.GrpcConfigKeys (ConfUtils.java:logGet(46)) - raft.grpc.server.async.request.thread.pool.size = 32 (default)
2023-06-06 14:28:38,814 [Time-limited test] INFO  impl.DataStreamServerImpl (ConfUtils.java:logGet(46)) - raft.datastream.type = DISABLED (default)
2023-06-06 14:28:38,815 [Time-limited test] INFO  server.RaftServerConfigKeys (ConfUtils.java:logGet(46)) - raft.server.threadpool.proxy.cached = true (default)
2023-06-06 14:28:38,815 [Time-limited test] INFO  server.RaftServerConfigKeys (ConfUtils.java:logGet(46)) - raft.server.threadpool.proxy.size = 0 (default)
2023-06-06 14:28:38,815 [Time-limited test] INFO  server.RaftServerConfigKeys (ConfUtils.java:logGet(46)) - raft.server.rpc.slowness.timeout = 120s (custom)
2023-06-06 14:28:38,815 [Time-limited test] INFO  server.RaftServerConfigKeys (ConfUtils.java:logGet(46)) - raft.server.leaderelection.leader.step-down.wait-time = 10s (default)
2023-06-06 14:28:38,815 [Time-limited test] INFO  server.RaftServerConfigKeys (ConfUtils.java:logGet(46)) - raft.server.storage.dir = [/home/runner/work/ozone/ozone/hadoop-ozone/integration-test/target/test-dir/MiniOzoneClusterImpl-19dab9f3-ddac-4c20-9ee1-602e65f43fab/ozone-meta/ratis] (custom)
2023-06-06 14:28:38,819 [om1-groupManagement] INFO  server.RaftServer$Division (RaftServerImpl.java:<init>(198)) - om1: new RaftServerImpl for group-C5BA1605619E:[om1|rpc:localhost:15111|priority:0|startupRole:FOLLOWER] with OzoneManagerStateMachine:uninitialized
2023-06-06 14:28:38,819 [Time-limited test] INFO  server.RaftServer (RaftServerProxy.java:addNew(98)) - om1: addNew group-C5BA1605619E:[om1|rpc:localhost:15111|priority:0|startupRole:FOLLOWER] returns group-C5BA1605619E:java.util.concurrent.CompletableFuture@7a5f706d[Not completed]
2023-06-06 14:28:38,820 [Time-limited test] INFO  om.OzoneManager (OzoneManager.java:initializeRatisServer(2112)) - OzoneManager Ratis server initialized at port 15111
2023-06-06 14:28:38,820 [Time-limited test] INFO  om.OzoneManager (OzoneManager.java:getRpcServer(1171)) - Creating RPC Server
2023-06-06 14:28:38,820 [om1-groupManagement] INFO  server.RaftServerConfigKeys (ConfUtils.java:logGet(46)) - raft.server.rpc.timeout.min = 1s (custom)
2023-06-06 14:28:38,825 [om1-groupManagement] INFO  server.RaftServerConfigKeys (ConfUtils.java:logGet(46)) - raft.server.rpc.timeout.max = 1200ms (custom)
2023-06-06 14:28:38,825 [om1-groupManagement] INFO  server.RaftServerConfigKeys (ConfUtils.java:logGet(46)) - raft.server.rpc.sleep.time = 25ms (default)
2023-06-06 14:28:38,825 [om1-groupManagement] INFO  server.RaftServerConfigKeys (ConfUtils.java:logGet(46)) - raft.server.rpc.slowness.timeout = 120s (custom)
2023-06-06 14:28:38,825 [om1-groupManagement] INFO  server.RaftServerConfigKeys (ConfUtils.java:logGet(46)) - raft.server.leaderelection.leader.step-down.wait-time = 10s (default)
2023-06-06 14:28:38,825 [om1-groupManagement] INFO  server.RaftServerConfigKeys (ConfUtils.java:logGet(46)) - raft.server.sleep.deviation.threshold = 300ms (default)
2023-06-06 14:28:38,825 [om1-groupManagement] INFO  server.RaftServer$Division (ServerState.java:<init>(120)) - om1@group-C5BA1605619E: ConfigurationManager, init=-1: peers:[om1|rpc:localhost:15111|priority:0|startupRole:FOLLOWER]|listeners:[], old=null, confs=<EMPTY_MAP>
2023-06-06 14:28:38,825 [om1-groupManagement] INFO  server.RaftServerConfigKeys (ConfUtils.java:logGet(46)) - raft.server.storage.dir = [/home/runner/work/ozone/ozone/hadoop-ozone/integration-test/target/test-dir/MiniOzoneClusterImpl-19dab9f3-ddac-4c20-9ee1-602e65f43fab/ozone-meta/ratis] (custom)
2023-06-06 14:28:38,826 [om1-groupManagement] INFO  server.RaftServerConfigKeys (ConfUtils.java:logGet(46)) - raft.server.log.corruption.policy = EXCEPTION (default)
2023-06-06 14:28:38,826 [om1-groupManagement] INFO  server.RaftServerConfigKeys (ConfUtils.java:logGet(46)) - raft.server.storage.free-space.min = 0MB (=0) (default)
2023-06-06 14:28:38,826 [om1-groupManagement] INFO  server.RaftServerConfigKeys (ConfUtils.java:logGet(46)) - raft.server.notification.no-leader.timeout = 120s (custom)
2023-06-06 14:28:38,826 [om1-groupManagement] INFO  server.RaftServerConfigKeys (ConfUtils.java:logGet(46)) - raft.server.read.timeout = 10s (default)
2023-06-06 14:28:38,826 [om1-groupManagement] INFO  server.RaftServerConfigKeys (ConfUtils.java:logGet(46)) - raft.server.retrycache.expirytime = 300s (custom)
2023-06-06 14:28:38,827 [om1-groupManagement] INFO  server.RaftServerConfigKeys (ConfUtils.java:logGet(46)) - raft.server.retrycache.statistics.expirytime = 100μs (default)
2023-06-06 14:28:38,827 [om1-groupManagement] INFO  server.RaftServerConfigKeys (ConfUtils.java:logGet(46)) - raft.server.read.option = DEFAULT (default)
2023-06-06 14:28:38,828 [om1-groupManagement] INFO  server.RaftServerConfigKeys (ConfUtils.java:logGet(46)) - raft.server.rpc.request.timeout = 3000ms (default)
2023-06-06 14:28:38,828 [om1-groupManagement] INFO  server.RaftServerConfigKeys (ConfUtils.java:logGet(46)) - raft.server.log.appender.install.snapshot.enabled = false (custom)
2023-06-06 14:28:38,831 [om1-groupManagement] INFO  server.RaftServerConfigKeys (ConfUtils.java:logGet(46)) - raft.server.threadpool.server.cached = true (default)
2023-06-06 14:28:38,831 [om1-groupManagement] INFO  server.RaftServerConfigKeys (ConfUtils.java:logGet(46)) - raft.server.threadpool.server.size = 0 (default)
2023-06-06 14:28:38,831 [om1-groupManagement] INFO  server.RaftServerConfigKeys (ConfUtils.java:logGet(46)) - raft.server.threadpool.client.cached = true (default)
2023-06-06 14:28:38,831 [om1-groupManagement] INFO  server.RaftServerConfigKeys (ConfUtils.java:logGet(46)) - raft.server.threadpool.client.size = 0 (default)
2023-06-06 14:28:40,611 [Time-limited test] INFO  reflections.Reflections (Reflections.java:scan(232)) - Reflections took 1790 ms to scan 19 urls, producing 69 keys and 5288 values [using 2 cores]
2023-06-06 14:28:40,621 [Time-limited test] INFO  ipc.CallQueueManager (CallQueueManager.java:<init>(90)) - Using callQueue: class java.util.concurrent.LinkedBlockingQueue, queueCapacity: 2000, scheduler: class org.apache.hadoop.ipc.DefaultRpcScheduler, ipcBackoff: false.
2023-06-06 14:28:40,627 [Socket Reader #1 for port 15108] INFO  ipc.Server (Server.java:run(1319)) - Starting Socket Reader #1 for port 15108
2023-06-06 14:28:40,632 [Listener at 127.0.0.1/15108] INFO  hdds.HddsUtils (HddsUtils.java:preserveThreadName(843)) - Restoring thread name: Time-limited test
2023-06-06 14:28:40,669 [Time-limited test] INFO  impl.MetricsSystemImpl (MetricsSystemImpl.java:init(158)) - OzoneManager metrics system started (again)
2023-06-06 14:28:40,684 [Time-limited test] INFO  om.OzoneManager (OzoneManager.java:start(1593)) - OzoneManager RPC server is listening at localhost/127.0.0.1:15108
2023-06-06 14:28:40,684 [Time-limited test] INFO  ratis.OzoneManagerRatisServer (OzoneManagerRatisServer.java:start(558)) - Starting OzoneManagerRatisServer om1 at port 15111
2023-06-06 14:28:40,684 [om1-impl-thread1] INFO  storage.RaftStorageDirectory (RaftStorageDirectoryImpl.java:analyzeStorage(137)) - The storage directory /home/runner/work/ozone/ozone/hadoop-ozone/integration-test/target/test-dir/MiniOzoneClusterImpl-19dab9f3-ddac-4c20-9ee1-602e65f43fab/ozone-meta/ratis/bf265839-605b-3f16-9796-c5ba1605619e does not exist. Creating ...
2023-06-06 14:28:40,686 [om1-impl-thread1] INFO  storage.RaftStorageDirectory (RaftStorageDirectoryImpl.java:tryLock(231)) - Lock on /home/runner/work/ozone/ozone/hadoop-ozone/integration-test/target/test-dir/MiniOzoneClusterImpl-19dab9f3-ddac-4c20-9ee1-602e65f43fab/ozone-meta/ratis/bf265839-605b-3f16-9796-c5ba1605619e/in_use.lock acquired by nodename 75814@fv-az1133-973
2023-06-06 14:28:40,688 [om1-impl-thread1] INFO  storage.RaftStorage (RaftStorageImpl.java:format(96)) - Storage directory /home/runner/work/ozone/ozone/hadoop-ozone/integration-test/target/test-dir/MiniOzoneClusterImpl-19dab9f3-ddac-4c20-9ee1-602e65f43fab/ozone-meta/ratis/bf265839-605b-3f16-9796-c5ba1605619e has been successfully formatted.
2023-06-06 14:28:40,688 [om1-impl-thread1] INFO  server.RaftServerConfigKeys (ConfUtils.java:logGet(46)) - raft.server.log.use.memory = false (default)
2023-06-06 14:28:40,688 [om1-impl-thread1] INFO  server.RaftServerConfigKeys (ConfUtils.java:logGet(46)) - raft.server.log.purge.gap = 1000000 (custom)
2023-06-06 14:28:40,688 [om1-impl-thread1] INFO  server.RaftServerConfigKeys (ConfUtils.java:logGet(46)) - raft.server.log.appender.buffer.byte-limit = 33554432 (custom)
2023-06-06 14:28:40,688 [om1-impl-thread1] INFO  server.RaftServerConfigKeys (ConfUtils.java:logGet(46)) - raft.server.log.statemachine.data.read.timeout = 1000ms (default)
2023-06-06 14:28:40,688 [om1-impl-thread1] INFO  server.RaftServerConfigKeys (ConfUtils.java:logGet(46)) - raft.server.log.purge.preservation.log.num = 0 (default)
2023-06-06 14:28:40,689 [om1-impl-thread1] INFO  server.RaftServerConfigKeys (ConfUtils.java:logGet(46)) - raft.server.log.segment.size.max = 4194304 (custom)
2023-06-06 14:28:40,690 [om1-impl-thread1] INFO  server.RaftServerConfigKeys (ConfUtils.java:logGet(46)) - raft.server.log.segment.cache.num.max = 2 (custom)
2023-06-06 14:28:40,690 [om1-impl-thread1] INFO  server.RaftServerConfigKeys (ConfUtils.java:logGet(46)) - raft.server.log.segment.cache.size.max = 200MB (=209715200) (default)
2023-06-06 14:28:40,690 [om1-impl-thread1] INFO  server.RaftServerConfigKeys (ConfUtils.java:logGet(46)) - raft.server.log.appender.buffer.byte-limit = 33554432 (custom)
2023-06-06 14:28:40,690 [om1-impl-thread1] INFO  segmented.SegmentedRaftLogWorker (SegmentedRaftLogWorker.java:<init>(188)) - new om1@group-C5BA1605619E-SegmentedRaftLogWorker for RaftStorageImpl:Storage Directory /home/runner/work/ozone/ozone/hadoop-ozone/integration-test/target/test-dir/MiniOzoneClusterImpl-19dab9f3-ddac-4c20-9ee1-602e65f43fab/ozone-meta/ratis/bf265839-605b-3f16-9796-c5ba1605619e
2023-06-06 14:28:40,690 [om1-impl-thread1] INFO  server.RaftServerConfigKeys (ConfUtils.java:logGet(46)) - raft.server.log.queue.byte-limit = 64MB (=67108864) (default)
2023-06-06 14:28:40,690 [om1-impl-thread1] INFO  server.RaftServerConfigKeys (ConfUtils.java:logGet(46)) - raft.server.log.queue.element-limit = 4096 (default)
2023-06-06 14:28:40,691 [om1-impl-thread1] INFO  server.RaftServerConfigKeys (ConfUtils.java:logGet(46)) - raft.server.log.segment.size.max = 4194304 (custom)
2023-06-06 14:28:40,691 [om1-impl-thread1] INFO  server.RaftServerConfigKeys (ConfUtils.java:logGet(46)) - raft.server.log.preallocated.size = 4194304 (custom)
2023-06-06 14:28:40,691 [om1-impl-thread1] INFO  server.RaftServerConfigKeys (ConfUtils.java:logGet(46)) - raft.server.log.force.sync.num = 128 (default)
2023-06-06 14:28:40,691 [om1-impl-thread1] INFO  server.RaftServerConfigKeys (ConfUtils.java:logGet(46)) - raft.server.log.statemachine.data.sync = true (default)
2023-06-06 14:28:40,691 [om1-impl-thread1] INFO  server.RaftServerConfigKeys (ConfUtils.java:logGet(46)) - raft.server.log.statemachine.data.sync.timeout = 10s (default)
2023-06-06 14:28:40,691 [om1-impl-thread1] INFO  server.RaftServerConfigKeys (ConfUtils.java:logGet(46)) - raft.server.log.statemachine.data.sync.timeout.retry = -1 (default)
2023-06-06 14:28:40,692 [om1-impl-thread1] INFO  server.RaftServerConfigKeys (ConfUtils.java:logGet(46)) - raft.server.log.write.buffer.size = 64KB (=65536) (default)
2023-06-06 14:28:40,693 [om1-impl-thread1] INFO  server.RaftServerConfigKeys (ConfUtils.java:logGet(46)) - raft.server.log.appender.buffer.byte-limit = 33554432 (custom)
2023-06-06 14:28:40,703 [om1-impl-thread1] INFO  server.RaftServerConfigKeys (ConfUtils.java:logGet(46)) - raft.server.log.unsafe-flush.enabled = false (default)
2023-06-06 14:28:40,703 [om1-impl-thread1] INFO  server.RaftServerConfigKeys (ConfUtils.java:logGet(46)) - raft.server.log.async-flush.enabled = false (default)
2023-06-06 14:28:40,703 [om1-impl-thread1] INFO  server.RaftServerConfigKeys (ConfUtils.java:logGet(46)) - raft.server.log.statemachine.data.caching.enabled = false (default)
2023-06-06 14:28:40,703 [om1-impl-thread1] INFO  segmented.SegmentedRaftLogWorker (SegmentedRaftLogWorker.java:lambda$new$0(135)) - om1@group-C5BA1605619E-SegmentedRaftLogWorker: flushIndex: setUnconditionally 0 -> -1
2023-06-06 14:28:40,704 [om1-impl-thread1] INFO  segmented.SegmentedRaftLogWorker (SegmentedRaftLogWorker.java:lambda$new$0(135)) - om1@group-C5BA1605619E-SegmentedRaftLogWorker: safeCacheEvictIndex: setUnconditionally 0 -> -1
2023-06-06 14:28:40,710 [om1-impl-thread1] INFO  server.RaftServer$Division (RaftServerImpl.java:start(342)) - om1@group-C5BA1605619E: start as a follower, conf=-1: peers:[om1|rpc:localhost:15111|priority:0|startupRole:FOLLOWER]|listeners:[], old=null
2023-06-06 14:28:40,710 [om1-impl-thread1] INFO  server.RaftServer$Division (RaftServerImpl.java:setRole(329)) - om1@group-C5BA1605619E: changes role from      null to FOLLOWER at term 0 for startAsFollower
2023-06-06 14:28:40,710 [om1-impl-thread1] INFO  impl.RoleInfo (RoleInfo.java:updateAndGet(139)) - om1: start om1@group-C5BA1605619E-FollowerState
2023-06-06 14:28:40,713 [om1-impl-thread1] INFO  util.JmxRegister (JmxRegister.java:tryRegister(44)) - Successfully registered JMX Bean with object name Ratis:service=RaftServer,group=group-C5BA1605619E,id=om1
2023-06-06 14:28:40,713 [om1-impl-thread1] INFO  server.RaftServerConfigKeys (ConfUtils.java:logGet(46)) - raft.server.snapshot.auto.trigger.enabled = true (custom)
2023-06-06 14:28:40,713 [om1-impl-thread1] INFO  server.RaftServerConfigKeys (ConfUtils.java:logGet(46)) - raft.server.snapshot.auto.trigger.threshold = 400000 (default)
2023-06-06 14:28:40,713 [om1-impl-thread1] INFO  server.RaftServerConfigKeys (ConfUtils.java:logGet(46)) - raft.server.snapshot.retention.file.num = -1 (default)
2023-06-06 14:28:40,713 [om1-impl-thread1] INFO  server.RaftServerConfigKeys (ConfUtils.java:logGet(46)) - raft.server.log.purge.upto.snapshot.index = true (custom)
2023-06-06 14:28:40,715 [om1@group-C5BA1605619E-FollowerState] INFO  server.RaftServerConfigKeys (ConfUtils.java:logFallback(53)) - raft.server.rpc.first-election.timeout.min = 1s (fallback to raft.server.rpc.timeout.min)
2023-06-06 14:28:40,716 [om1@group-C5BA1605619E-FollowerState] INFO  server.RaftServerConfigKeys (ConfUtils.java:logFallback(53)) - raft.server.rpc.first-election.timeout.max = 1200ms (fallback to raft.server.rpc.timeout.max)
2023-06-06 14:28:40,716 [Time-limited test] INFO  server.RaftServer (RaftServerProxy.java:startImpl(400)) - om1: start RPC server
2023-06-06 14:28:40,725 [Time-limited test] INFO  server.GrpcService (GrpcService.java:startImpl(302)) - om1: GrpcService started, listening on 15111
2023-06-06 14:28:40,726 [Time-limited test] INFO  om.OzoneManager (OzoneManager.java:start(1609)) - Version File has different layout version (5) than OM DB (null). That is expected if this OM has never been finalized to a newer layout version.
2023-06-06 14:28:40,727 [JvmPauseMonitor18] INFO  util.JvmPauseMonitor (JvmPauseMonitor.java:run(103)) - JvmPauseMonitor-om1: Started
2023-06-06 14:28:40,731 [Time-limited test] INFO  http.BaseHttpServer (BaseHttpServer.java:newHttpServer2BuilderForOzone(224)) - Starting Web-server for ozoneManager at: http://0.0.0.0:15109
2023-06-06 14:28:40,731 [Time-limited test] INFO  http.BaseHttpServer (BaseHttpServer.java:<init>(111)) - Hadoop Security Enabled: false Ozone Security Enabled: false Ozone HTTP Security Enabled: false 
2023-06-06 14:28:40,732 [Time-limited test] WARN  server.AuthenticationFilter (AuthenticationFilter.java:constructSecretProvider(240)) - Unable to initialize FileSignerSecretProvider, falling back to use random secrets. Reason: Could not read signature secret file: /home/runner/hadoop-http-auth-signature-secret
2023-06-06 14:28:40,741 [Time-limited test] INFO  http.HttpRequestLog (HttpRequestLog.java:getRequestLog(86)) - Http request log for http.requests.ozoneManager is not defined
2023-06-06 14:28:40,742 [Time-limited test] INFO  http.HttpServer2 (HttpServer2.java:addGlobalFilter(1031)) - Added global filter 'safety' (class=org.apache.hadoop.hdds.server.http.HttpServer2$QuotingInputFilter)
2023-06-06 14:28:40,743 [Time-limited test] INFO  http.HttpServer2 (HttpServer2.java:addFilter(1007)) - Added filter static_user_filter (class=org.apache.hadoop.http.lib.StaticUserWebFilter$StaticUserFilter) to context ozoneManager
2023-06-06 14:28:40,743 [Time-limited test] INFO  http.HttpServer2 (HttpServer2.java:addFilter(1015)) - Added filter static_user_filter (class=org.apache.hadoop.http.lib.StaticUserWebFilter$StaticUserFilter) to context static
2023-06-06 14:28:40,743 [Time-limited test] INFO  http.HttpServer2 (HttpServer2.java:addFilter(1015)) - Added filter static_user_filter (class=org.apache.hadoop.http.lib.StaticUserWebFilter$StaticUserFilter) to context logs
2023-06-06 14:28:40,744 [Time-limited test] INFO  http.BaseHttpServer (BaseHttpServer.java:<init>(190)) - HTTP server of ozoneManager uses base directory /home/runner/work/ozone/ozone/hadoop-ozone/integration-test/target/test-dir/MiniOzoneClusterImpl-19dab9f3-ddac-4c20-9ee1-602e65f43fab/ozone-meta/webserver
2023-06-06 14:28:40,744 [Time-limited test] INFO  http.HttpServer2 (HttpServer2.java:bindListener(1250)) - Jetty bound to port 15109
2023-06-06 14:28:40,744 [Time-limited test] INFO  server.Server (Server.java:doStart(375)) - jetty-9.4.51.v20230217; built: 2023-02-17T08:19:37.309Z; git: b45c405e4544384de066f814ed42ae3dceacdd49; jvm 1.8.0_372-b07
2023-06-06 14:28:40,748 [Time-limited test] INFO  server.session (DefaultSessionIdManager.java:doStart(334)) - DefaultSessionIdManager workerName=node0
2023-06-06 14:28:40,748 [Time-limited test] INFO  server.session (DefaultSessionIdManager.java:doStart(339)) - No SessionScavenger set, using defaults
2023-06-06 14:28:40,749 [Time-limited test] INFO  server.session (HouseKeeper.java:startScavenging(132)) - node0 Scavenging every 600000ms
2023-06-06 14:28:40,750 [Time-limited test] INFO  handler.ContextHandler (ContextHandler.java:doStart(921)) - Started o.e.j.s.ServletContextHandler@4897a703{logs,/logs,file:///home/runner/work/ozone/ozone/hadoop-ozone/integration-test/target/log,AVAILABLE}
2023-06-06 14:28:40,750 [Time-limited test] INFO  handler.ContextHandler (ContextHandler.java:doStart(921)) - Started o.e.j.s.ServletContextHandler@61140c04{static,/static,file:///home/runner/work/ozone/ozone/hadoop-ozone/integration-test/target/test-classes/webapps/static,AVAILABLE}
2023-06-06 14:28:40,753 [Time-limited test] INFO  handler.ContextHandler (ContextHandler.java:doStart(921)) - Started o.e.j.w.WebAppContext@18e07a05{ozoneManager,/,file:///home/runner/work/ozone/ozone/hadoop-ozone/integration-test/target/test-classes/webapps/ozoneManager/,AVAILABLE}{file:/home/runner/work/ozone/ozone/hadoop-ozone/integration-test/target/test-classes/webapps/ozoneManager}
2023-06-06 14:28:40,764 [Time-limited test] INFO  server.AbstractConnector (AbstractConnector.java:doStart(333)) - Started ServerConnector@5a4a921b{HTTP/1.1, (http/1.1)}{0.0.0.0:15109}
2023-06-06 14:28:40,764 [Time-limited test] INFO  server.Server (Server.java:doStart(415)) - Started @129886ms
2023-06-06 14:28:40,764 [Time-limited test] WARN  impl.MetricsSystemImpl (MetricsSystemImpl.java:register(279)) - Sink prometheus already exists!
2023-06-06 14:28:40,765 [Time-limited test] INFO  http.BaseHttpServer (BaseHttpServer.java:updateConnectorAddress(344)) - HTTP server of ozoneManager listening at http://0.0.0.0:15109
2023-06-06 14:28:40,770 [IPC Server Responder] INFO  ipc.Server (Server.java:run(1558)) - IPC Server Responder: starting
2023-06-06 14:28:40,771 [IPC Server listener on 15108] INFO  ipc.Server (Server.java:run(1398)) - IPC Server listener on 15108: starting
2023-06-06 14:28:40,775 [Time-limited test] INFO  om.OzoneManager (OzoneManager.java:startTrashEmptier(2065)) - Trash Interval set to 0. Files deleted won't move to trash
2023-06-06 14:28:40,802 [Time-limited test] WARN  impl.MetricRegistriesImpl (MetricRegistriesImpl.java:addReporterRegistration(111)) - New reporters are added after registries were created. Some metrics will be missing from the reporter. Please add reporter before adding any new registry.
2023-06-06 14:28:40,802 [Time-limited test] WARN  impl.MetricRegistriesImpl (MetricRegistriesImpl.java:addReporterRegistration(111)) - New reporters are added after registries were created. Some metrics will be missing from the reporter. Please add reporter before adding any new registry.
2023-06-06 14:28:40,803 [Time-limited test] INFO  impl.MetricsSystemImpl (MetricsSystemImpl.java:init(158)) - HddsDatanode metrics system started (again)
2023-06-06 14:28:40,825 [Time-limited test] INFO  ozone.HddsDatanodeService (HddsDatanodeService.java:start(261)) - HddsDatanodeService host:fv-az1133-973.qlb2sqfkji0uhjsjdnlwzcsdwg.bx.internal.cloudapp.net ip:10.1.0.37
2023-06-06 14:28:40,859 [Time-limited test] INFO  upgrade.AbstractLayoutVersionManager (AbstractLayoutVersionManager.java:init(83)) - Initializing Layout version manager with metadata layout = HADOOP_PRC_PORTS_IN_DATANODEDETAILS (version = 7), software layout = HADOOP_PRC_PORTS_IN_DATANODEDETAILS (version = 7)
2023-06-06 14:28:40,864 [Time-limited test] INFO  statemachine.DatanodeStateMachine (DatanodeStateMachine.java:getEndPointTaskThreadPoolSize(271)) - Datanode State Machine Task Thread Pool size 2
2023-06-06 14:28:40,869 [Time-limited test] INFO  volume.HddsVolume (HddsVolume.java:<init>(130)) - Creating HddsVolume: /home/runner/work/ozone/ozone/hadoop-ozone/integration-test/target/test-dir/MiniOzoneClusterImpl-19dab9f3-ddac-4c20-9ee1-602e65f43fab/datanode-0/data-0/containers/hdds of storage type : DISK capacity : 9223372036854775807
2023-06-06 14:28:40,872 [Time-limited test] INFO  volume.MutableVolumeSet (MutableVolumeSet.java:initializeVolumeSet(175)) - Added Volume : /home/runner/work/ozone/ozone/hadoop-ozone/integration-test/target/test-dir/MiniOzoneClusterImpl-19dab9f3-ddac-4c20-9ee1-602e65f43fab/datanode-0/data-0/containers/hdds to VolumeSet
2023-06-06 14:28:40,874 [Time-limited test] INFO  volume.ThrottledAsyncChecker (ThrottledAsyncChecker.java:schedule(141)) - Scheduling a check for /home/runner/work/ozone/ozone/hadoop-ozone/integration-test/target/test-dir/MiniOzoneClusterImpl-19dab9f3-ddac-4c20-9ee1-602e65f43fab/datanode-0/data-0/containers/hdds
2023-06-06 14:28:40,880 [Time-limited test] INFO  volume.StorageVolumeChecker (StorageVolumeChecker.java:checkAllVolumes(202)) - Scheduled health check for volume /home/runner/work/ozone/ozone/hadoop-ozone/integration-test/target/test-dir/MiniOzoneClusterImpl-19dab9f3-ddac-4c20-9ee1-602e65f43fab/datanode-0/data-0/containers/hdds
2023-06-06 14:28:40,899 [Time-limited test] INFO  volume.MutableVolumeSet (MutableVolumeSet.java:initializeVolumeSet(175)) - Added Volume : /home/runner/work/ozone/ozone/hadoop-ozone/integration-test/target/test-dir/MiniOzoneClusterImpl-19dab9f3-ddac-4c20-9ee1-602e65f43fab/datanode-0/data/ratis to VolumeSet
2023-06-06 14:28:40,899 [Time-limited test] INFO  volume.ThrottledAsyncChecker (ThrottledAsyncChecker.java:schedule(141)) - Scheduling a check for /home/runner/work/ozone/ozone/hadoop-ozone/integration-test/target/test-dir/MiniOzoneClusterImpl-19dab9f3-ddac-4c20-9ee1-602e65f43fab/datanode-0/data/ratis
2023-06-06 14:28:40,900 [Time-limited test] INFO  volume.StorageVolumeChecker (StorageVolumeChecker.java:checkAllVolumes(202)) - Scheduled health check for volume /home/runner/work/ozone/ozone/hadoop-ozone/integration-test/target/test-dir/MiniOzoneClusterImpl-19dab9f3-ddac-4c20-9ee1-602e65f43fab/datanode-0/data/ratis
2023-06-06 14:28:40,918 [Thread-1735] INFO  ozoneimpl.ContainerReader (ContainerReader.java:readVolume(175)) - Finish verifying containers on volume /home/runner/work/ozone/ozone/hadoop-ozone/integration-test/target/test-dir/MiniOzoneClusterImpl-19dab9f3-ddac-4c20-9ee1-602e65f43fab/datanode-0/data-0/containers/hdds
2023-06-06 14:28:40,918 [Time-limited test] INFO  ozoneimpl.OzoneContainer (OzoneContainer.java:buildContainerSet(303)) - Build ContainerSet costs 0s
2023-06-06 14:28:40,926 [Time-limited test] INFO  server.RaftServer (ConfUtils.java:logGet(46)) - raft.rpc.type = GRPC (default)
2023-06-06 14:28:40,927 [Time-limited test] INFO  grpc.GrpcConfigKeys (ConfUtils.java:logFallback(53)) - raft.grpc.admin.host = null (fallback to raft.grpc.server.host)
2023-06-06 14:28:40,927 [Time-limited test] INFO  grpc.GrpcConfigKeys (ConfUtils.java:logGet(46)) - raft.grpc.admin.port = 15117 (custom)
2023-06-06 14:28:40,927 [Time-limited test] INFO  grpc.GrpcConfigKeys (ConfUtils.java:logFallback(53)) - raft.grpc.client.host = null (fallback to raft.grpc.server.host)
2023-06-06 14:28:40,927 [Time-limited test] INFO  grpc.GrpcConfigKeys (ConfUtils.java:logGet(46)) - raft.grpc.client.port = 15116 (custom)
2023-06-06 14:28:40,927 [Time-limited test] INFO  grpc.GrpcConfigKeys (ConfUtils.java:logGet(46)) - raft.grpc.server.host = null (default)
2023-06-06 14:28:40,927 [Time-limited test] INFO  grpc.GrpcConfigKeys (ConfUtils.java:logGet(46)) - raft.grpc.server.port = 15118 (custom)
2023-06-06 14:28:40,927 [Time-limited test] INFO  server.GrpcService (ConfUtils.java:logGet(46)) - raft.grpc.message.size.max = 32MB (=33554432) (custom)
2023-06-06 14:28:40,927 [Time-limited test] INFO  server.RaftServerConfigKeys (ConfUtils.java:logGet(46)) - raft.server.log.appender.buffer.byte-limit = 33554432 (custom)
2023-06-06 14:28:40,927 [Time-limited test] INFO  server.GrpcService (ConfUtils.java:logGet(46)) - raft.grpc.flow.control.window = 5MB (=5242880) (custom)
2023-06-06 14:28:40,927 [Time-limited test] INFO  server.RaftServerConfigKeys (ConfUtils.java:logGet(46)) - raft.server.rpc.request.timeout = 60s (custom)
2023-06-06 14:28:40,927 [Time-limited test] INFO  grpc.GrpcConfigKeys (ConfUtils.java:logGet(46)) - raft.grpc.server.heartbeat.channel = true (default)
2023-06-06 14:28:40,927 [Time-limited test] INFO  grpc.GrpcConfigKeys (ConfUtils.java:logGet(46)) - raft.grpc.server.async.request.thread.pool.cached = true (default)
2023-06-06 14:28:40,929 [Time-limited test] INFO  grpc.GrpcConfigKeys (ConfUtils.java:logGet(46)) - raft.grpc.server.async.request.thread.pool.size = 32 (default)
2023-06-06 14:28:40,933 [Time-limited test] INFO  impl.DataStreamServerImpl (ConfUtils.java:logGet(46)) - raft.datastream.type = NETTY (custom)
2023-06-06 14:28:40,933 [Time-limited test] INFO  server.RaftServerConfigKeys (ConfUtils.java:logGet(46)) - raft.server.data-stream.async.request.thread.pool.cached = false (default)
2023-06-06 14:28:40,934 [Time-limited test] INFO  server.RaftServerConfigKeys (ConfUtils.java:logGet(46)) - raft.server.data-stream.async.request.thread.pool.size = 20 (custom)
2023-06-06 14:28:40,934 [Time-limited test] INFO  server.RaftServerConfigKeys (ConfUtils.java:logGet(46)) - raft.server.data-stream.async.write.thread.pool.size = 16 (default)
2023-06-06 14:28:40,934 [Time-limited test] INFO  server.RaftServerConfigKeys (ConfUtils.java:logGet(46)) - raft.server.data-stream.client.pool.size = 10 (default)
2023-06-06 14:28:40,934 [Time-limited test] INFO  netty.NettyConfigKeys$DataStream (ConfUtils.java:logGet(46)) - raft.netty.dataStream.server.use-epoll = false (default)
2023-06-06 14:28:40,935 [Time-limited test] INFO  netty.NettyConfigKeys$DataStream (ConfUtils.java:logGet(46)) - raft.netty.dataStream.server.boss-group.size = 0 (default)
2023-06-06 14:28:40,935 [Time-limited test] INFO  netty.NettyConfigKeys$DataStream (ConfUtils.java:logGet(46)) - raft.netty.dataStream.server.worker-group.size = 0 (default)
2023-06-06 14:28:40,936 [Time-limited test] INFO  netty.NettyConfigKeys$DataStream (ConfUtils.java:logGet(46)) - raft.netty.dataStream.server.tls.conf = null (default)
2023-06-06 14:28:40,936 [Time-limited test] INFO  netty.NettyConfigKeys$DataStream (ConfUtils.java:logGet(46)) - raft.netty.dataStream.host = null (default)
2023-06-06 14:28:40,936 [Time-limited test] INFO  netty.NettyConfigKeys$DataStream (ConfUtils.java:logGet(46)) - raft.netty.dataStream.port = 15119 (custom)
2023-06-06 14:28:40,938 [Time-limited test] INFO  server.RaftServerConfigKeys (ConfUtils.java:logGet(46)) - raft.server.threadpool.proxy.cached = true (default)
2023-06-06 14:28:40,938 [Time-limited test] INFO  server.RaftServerConfigKeys (ConfUtils.java:logGet(46)) - raft.server.threadpool.proxy.size = 0 (default)
2023-06-06 14:28:40,938 [Time-limited test] INFO  server.RaftServerConfigKeys (ConfUtils.java:logGet(46)) - raft.server.rpc.slowness.timeout = 300s (custom)
2023-06-06 14:28:40,938 [Time-limited test] INFO  server.RaftServerConfigKeys (ConfUtils.java:logGet(46)) - raft.server.leaderelection.leader.step-down.wait-time = 10s (default)
2023-06-06 14:28:40,938 [Time-limited test] INFO  server.RaftServerConfigKeys (ConfUtils.java:logGet(46)) - raft.server.storage.dir = [/home/runner/work/ozone/ozone/hadoop-ozone/integration-test/target/test-dir/MiniOzoneClusterImpl-19dab9f3-ddac-4c20-9ee1-602e65f43fab/datanode-0/data/ratis] (custom)
2023-06-06 14:28:40,941 [5adff45c-d552-4fe9-ae5a-69c6287068c4-NettyServerStreamRpc-bossGroup--thread1] INFO  logging.LoggingHandler (AbstractInternalLogger.java:log(148)) - [id: 0x208b8377] REGISTERED
2023-06-06 14:28:40,941 [5adff45c-d552-4fe9-ae5a-69c6287068c4-NettyServerStreamRpc-bossGroup--thread1] INFO  logging.LoggingHandler (AbstractInternalLogger.java:log(148)) - [id: 0x208b8377] BIND: 0.0.0.0/0.0.0.0:15119
2023-06-06 14:28:40,942 [5adff45c-d552-4fe9-ae5a-69c6287068c4-NettyServerStreamRpc-bossGroup--thread1] INFO  logging.LoggingHandler (AbstractInternalLogger.java:log(148)) - [id: 0x208b8377, L:/0:0:0:0:0:0:0:0:15119] ACTIVE
2023-06-06 14:28:40,943 [Time-limited test] INFO  server.XceiverServerGrpc (XceiverServerGrpc.java:<init>(132)) - GrpcServer channel type EpollServerSocketChannel
2023-06-06 14:28:40,947 [Time-limited test] INFO  replication.ReplicationSupervisor (ReplicationSupervisor.java:nodeStateUpdated(305)) - Node state updated to IN_SERVICE, scaling executor pool size to 10
2023-06-06 14:28:40,954 [Time-limited test] INFO  http.BaseHttpServer (BaseHttpServer.java:newHttpServer2BuilderForOzone(224)) - Starting Web-server for hddsDatanode at: http://0.0.0.0:15113
2023-06-06 14:28:40,954 [Time-limited test] INFO  http.BaseHttpServer (BaseHttpServer.java:<init>(111)) - Hadoop Security Enabled: false Ozone Security Enabled: false Ozone HTTP Security Enabled: false 
2023-06-06 14:28:40,957 [Time-limited test] WARN  server.AuthenticationFilter (AuthenticationFilter.java:constructSecretProvider(240)) - Unable to initialize FileSignerSecretProvider, falling back to use random secrets. Reason: Could not read signature secret file: /home/runner/hadoop-http-auth-signature-secret
2023-06-06 14:28:40,957 [Time-limited test] INFO  http.HttpRequestLog (HttpRequestLog.java:getRequestLog(86)) - Http request log for http.requests.hddsDatanode is not defined
2023-06-06 14:28:40,961 [Time-limited test] INFO  http.HttpServer2 (HttpServer2.java:addGlobalFilter(1031)) - Added global filter 'safety' (class=org.apache.hadoop.hdds.server.http.HttpServer2$QuotingInputFilter)
2023-06-06 14:28:40,961 [Time-limited test] INFO  http.HttpServer2 (HttpServer2.java:addFilter(1007)) - Added filter static_user_filter (class=org.apache.hadoop.http.lib.StaticUserWebFilter$StaticUserFilter) to context hddsDatanode
2023-06-06 14:28:40,962 [Time-limited test] INFO  http.HttpServer2 (HttpServer2.java:addFilter(1015)) - Added filter static_user_filter (class=org.apache.hadoop.http.lib.StaticUserWebFilter$StaticUserFilter) to context logs
2023-06-06 14:28:40,962 [Time-limited test] INFO  http.HttpServer2 (HttpServer2.java:addFilter(1015)) - Added filter static_user_filter (class=org.apache.hadoop.http.lib.StaticUserWebFilter$StaticUserFilter) to context static
2023-06-06 14:28:40,964 [Time-limited test] INFO  http.BaseHttpServer (BaseHttpServer.java:<init>(190)) - HTTP server of hddsDatanode uses base directory /home/runner/work/ozone/ozone/hadoop-ozone/integration-test/target/test-dir/MiniOzoneClusterImpl-19dab9f3-ddac-4c20-9ee1-602e65f43fab/datanode-0/meta/webserver
2023-06-06 14:28:40,965 [Time-limited test] INFO  http.HttpServer2 (HttpServer2.java:bindListener(1250)) - Jetty bound to port 15113
2023-06-06 14:28:40,965 [Time-limited test] INFO  server.Server (Server.java:doStart(375)) - jetty-9.4.51.v20230217; built: 2023-02-17T08:19:37.309Z; git: b45c405e4544384de066f814ed42ae3dceacdd49; jvm 1.8.0_372-b07
2023-06-06 14:28:40,968 [Time-limited test] INFO  server.session (DefaultSessionIdManager.java:doStart(334)) - DefaultSessionIdManager workerName=node0
2023-06-06 14:28:40,969 [Time-limited test] INFO  server.session (DefaultSessionIdManager.java:doStart(339)) - No SessionScavenger set, using defaults
2023-06-06 14:28:40,975 [Time-limited test] INFO  server.session (HouseKeeper.java:startScavenging(132)) - node0 Scavenging every 600000ms
2023-06-06 14:28:40,978 [Time-limited test] INFO  handler.ContextHandler (ContextHandler.java:doStart(921)) - Started o.e.j.s.ServletContextHandler@5735b23f{logs,/logs,file:///home/runner/work/ozone/ozone/hadoop-ozone/integration-test/target/log,AVAILABLE}
2023-06-06 14:28:40,978 [Time-limited test] INFO  handler.ContextHandler (ContextHandler.java:doStart(921)) - Started o.e.j.s.ServletContextHandler@748e3965{static,/static,jar:file:/home/runner/.m2/repository/org/apache/ozone/hdds-container-service/1.4.0-SNAPSHOT/hdds-container-service-1.4.0-SNAPSHOT.jar!/webapps/static,AVAILABLE}
2023-06-06 14:28:41,219 [Time-limited test] INFO  handler.ContextHandler (ContextHandler.java:doStart(921)) - Started o.e.j.w.WebAppContext@50a635ce{hddsDatanode,/,file:///home/runner/work/ozone/ozone/hadoop-ozone/integration-test/target/test-dir/MiniOzoneClusterImpl-19dab9f3-ddac-4c20-9ee1-602e65f43fab/datanode-0/meta/webserver/jetty-0_0_0_0-15113-hdds-container-service-1_4_0-SNAPSHOT_jar-_-any-6239519852118470007/webapp/,AVAILABLE}{jar:file:/home/runner/.m2/repository/org/apache/ozone/hdds-container-service/1.4.0-SNAPSHOT/hdds-container-service-1.4.0-SNAPSHOT.jar!/webapps/hddsDatanode}
2023-06-06 14:28:41,225 [Time-limited test] INFO  server.AbstractConnector (AbstractConnector.java:doStart(333)) - Started ServerConnector@16011eb9{HTTP/1.1, (http/1.1)}{0.0.0.0:15113}
2023-06-06 14:28:41,226 [Time-limited test] INFO  server.Server (Server.java:doStart(415)) - Started @130348ms
2023-06-06 14:28:41,226 [Time-limited test] WARN  impl.MetricsSystemImpl (MetricsSystemImpl.java:register(279)) - Sink prometheus already exists!
2023-06-06 14:28:41,228 [Time-limited test] INFO  http.BaseHttpServer (BaseHttpServer.java:updateConnectorAddress(344)) - HTTP server of hddsDatanode listening at http://0.0.0.0:15113
2023-06-06 14:28:41,228 [Time-limited test] INFO  ipc.CallQueueManager (CallQueueManager.java:<init>(90)) - Using callQueue: class java.util.concurrent.LinkedBlockingQueue, queueCapacity: 100, scheduler: class org.apache.hadoop.ipc.DefaultRpcScheduler, ipcBackoff: false.
2023-06-06 14:28:41,230 [Socket Reader #1 for port 15114] INFO  ipc.Server (Server.java:run(1319)) - Starting Socket Reader #1 for port 15114
2023-06-06 14:28:41,238 [Listener at 0.0.0.0/15114] INFO  hdds.HddsUtils (HddsUtils.java:preserveThreadName(843)) - Restoring thread name: Time-limited test
2023-06-06 14:28:41,238 [Time-limited test] INFO  ozone.HddsDatanodeService (HddsDatanodeService.java:start(331)) - Datanode start with admins: [runner]
2023-06-06 14:28:41,238 [Time-limited test] INFO  ozone.HddsDatanodeClientProtocolServer (HddsDatanodeClientProtocolServer.java:start(83)) - RPC server for Client /0.0.0.0:15114
2023-06-06 14:28:41,242 [IPC Server Responder] INFO  ipc.Server (Server.java:run(1558)) - IPC Server Responder: starting
2023-06-06 14:28:41,247 [IPC Server listener on 15114] INFO  ipc.Server (Server.java:run(1398)) - IPC Server listener on 15114: starting
2023-06-06 14:28:41,252 [Time-limited test] WARN  impl.MetricRegistriesImpl (MetricRegistriesImpl.java:addReporterRegistration(111)) - New reporters are added after registries were created. Some metrics will be missing from the reporter. Please add reporter before adding any new registry.
2023-06-06 14:28:41,252 [Time-limited test] WARN  impl.MetricRegistriesImpl (MetricRegistriesImpl.java:addReporterRegistration(111)) - New reporters are added after registries were created. Some metrics will be missing from the reporter. Please add reporter before adding any new registry.
2023-06-06 14:28:41,252 [Time-limited test] INFO  impl.MetricsSystemImpl (MetricsSystemImpl.java:init(158)) - HddsDatanode metrics system started (again)
2023-06-06 14:28:41,264 [Datanode State Machine Daemon Thread] INFO  statemachine.DatanodeStateMachine (DatanodeStateMachine.java:lambda$startDaemon$0(523)) - Ozone container server started.
2023-06-06 14:28:41,265 [Time-limited test] INFO  ozone.HddsDatanodeService (HddsDatanodeService.java:start(261)) - HddsDatanodeService host:fv-az1133-973.qlb2sqfkji0uhjsjdnlwzcsdwg.bx.internal.cloudapp.net ip:10.1.0.37
2023-06-06 14:28:41,299 [Datanode State Machine Task Thread - 0] INFO  datanode.InitDatanodeState (InitDatanodeState.java:persistContainerDatanodeDetails(138)) - DatanodeDetails is persisted to /home/runner/work/ozone/ozone/hadoop-ozone/integration-test/target/test-dir/MiniOzoneClusterImpl-19dab9f3-ddac-4c20-9ee1-602e65f43fab/datanode-0/meta/datanode.id
2023-06-06 14:28:41,309 [Time-limited test] INFO  upgrade.AbstractLayoutVersionManager (AbstractLayoutVersionManager.java:init(83)) - Initializing Layout version manager with metadata layout = HADOOP_PRC_PORTS_IN_DATANODEDETAILS (version = 7), software layout = HADOOP_PRC_PORTS_IN_DATANODEDETAILS (version = 7)
2023-06-06 14:28:41,309 [Time-limited test] INFO  statemachine.DatanodeStateMachine (DatanodeStateMachine.java:getEndPointTaskThreadPoolSize(271)) - Datanode State Machine Task Thread Pool size 2
2023-06-06 14:28:41,319 [Time-limited test] INFO  volume.HddsVolume (HddsVolume.java:<init>(130)) - Creating HddsVolume: /home/runner/work/ozone/ozone/hadoop-ozone/integration-test/target/test-dir/MiniOzoneClusterImpl-19dab9f3-ddac-4c20-9ee1-602e65f43fab/datanode-1/data-0/containers/hdds of storage type : DISK capacity : 9223372036854775807
2023-06-06 14:28:41,319 [Time-limited test] INFO  volume.MutableVolumeSet (MutableVolumeSet.java:initializeVolumeSet(175)) - Added Volume : /home/runner/work/ozone/ozone/hadoop-ozone/integration-test/target/test-dir/MiniOzoneClusterImpl-19dab9f3-ddac-4c20-9ee1-602e65f43fab/datanode-1/data-0/containers/hdds to VolumeSet
2023-06-06 14:28:41,319 [Time-limited test] INFO  volume.ThrottledAsyncChecker (ThrottledAsyncChecker.java:schedule(141)) - Scheduling a check for /home/runner/work/ozone/ozone/hadoop-ozone/integration-test/target/test-dir/MiniOzoneClusterImpl-19dab9f3-ddac-4c20-9ee1-602e65f43fab/datanode-1/data-0/containers/hdds
2023-06-06 14:28:41,328 [Time-limited test] INFO  volume.StorageVolumeChecker (StorageVolumeChecker.java:checkAllVolumes(202)) - Scheduled health check for volume /home/runner/work/ozone/ozone/hadoop-ozone/integration-test/target/test-dir/MiniOzoneClusterImpl-19dab9f3-ddac-4c20-9ee1-602e65f43fab/datanode-1/data-0/containers/hdds
2023-06-06 14:28:41,344 [Time-limited test] INFO  volume.MutableVolumeSet (MutableVolumeSet.java:initializeVolumeSet(175)) - Added Volume : /home/runner/work/ozone/ozone/hadoop-ozone/integration-test/target/test-dir/MiniOzoneClusterImpl-19dab9f3-ddac-4c20-9ee1-602e65f43fab/datanode-1/data/ratis to VolumeSet
2023-06-06 14:28:41,345 [Time-limited test] INFO  volume.ThrottledAsyncChecker (ThrottledAsyncChecker.java:schedule(141)) - Scheduling a check for /home/runner/work/ozone/ozone/hadoop-ozone/integration-test/target/test-dir/MiniOzoneClusterImpl-19dab9f3-ddac-4c20-9ee1-602e65f43fab/datanode-1/data/ratis
2023-06-06 14:28:41,346 [Time-limited test] INFO  volume.StorageVolumeChecker (StorageVolumeChecker.java:checkAllVolumes(202)) - Scheduled health check for volume /home/runner/work/ozone/ozone/hadoop-ozone/integration-test/target/test-dir/MiniOzoneClusterImpl-19dab9f3-ddac-4c20-9ee1-602e65f43fab/datanode-1/data/ratis
2023-06-06 14:28:41,361 [Thread-1752] INFO  ozoneimpl.ContainerReader (ContainerReader.java:readVolume(175)) - Finish verifying containers on volume /home/runner/work/ozone/ozone/hadoop-ozone/integration-test/target/test-dir/MiniOzoneClusterImpl-19dab9f3-ddac-4c20-9ee1-602e65f43fab/datanode-1/data-0/containers/hdds
2023-06-06 14:28:41,361 [Time-limited test] INFO  ozoneimpl.OzoneContainer (OzoneContainer.java:buildContainerSet(303)) - Build ContainerSet costs 0s
2023-06-06 14:28:41,364 [Time-limited test] INFO  server.RaftServer (ConfUtils.java:logGet(46)) - raft.rpc.type = GRPC (default)
2023-06-06 14:28:41,364 [Time-limited test] INFO  grpc.GrpcConfigKeys (ConfUtils.java:logFallback(53)) - raft.grpc.admin.host = null (fallback to raft.grpc.server.host)
2023-06-06 14:28:41,364 [Time-limited test] INFO  grpc.GrpcConfigKeys (ConfUtils.java:logGet(46)) - raft.grpc.admin.port = 15126 (custom)
2023-06-06 14:28:41,364 [Time-limited test] INFO  grpc.GrpcConfigKeys (ConfUtils.java:logFallback(53)) - raft.grpc.client.host = null (fallback to raft.grpc.server.host)
2023-06-06 14:28:41,364 [Time-limited test] INFO  grpc.GrpcConfigKeys (ConfUtils.java:logGet(46)) - raft.grpc.client.port = 15125 (custom)
2023-06-06 14:28:41,364 [Time-limited test] INFO  grpc.GrpcConfigKeys (ConfUtils.java:logGet(46)) - raft.grpc.server.host = null (default)
2023-06-06 14:28:41,364 [Time-limited test] INFO  grpc.GrpcConfigKeys (ConfUtils.java:logGet(46)) - raft.grpc.server.port = 15127 (custom)
2023-06-06 14:28:41,364 [Time-limited test] INFO  server.GrpcService (ConfUtils.java:logGet(46)) - raft.grpc.message.size.max = 32MB (=33554432) (custom)
2023-06-06 14:28:41,364 [Time-limited test] INFO  server.RaftServerConfigKeys (ConfUtils.java:logGet(46)) - raft.server.log.appender.buffer.byte-limit = 33554432 (custom)
2023-06-06 14:28:41,364 [Time-limited test] INFO  server.GrpcService (ConfUtils.java:logGet(46)) - raft.grpc.flow.control.window = 5MB (=5242880) (custom)
2023-06-06 14:28:41,365 [Time-limited test] INFO  server.RaftServerConfigKeys (ConfUtils.java:logGet(46)) - raft.server.rpc.request.timeout = 60s (custom)
2023-06-06 14:28:41,365 [Time-limited test] INFO  grpc.GrpcConfigKeys (ConfUtils.java:logGet(46)) - raft.grpc.server.heartbeat.channel = true (default)
2023-06-06 14:28:41,365 [Time-limited test] INFO  grpc.GrpcConfigKeys (ConfUtils.java:logGet(46)) - raft.grpc.server.async.request.thread.pool.cached = true (default)
2023-06-06 14:28:41,365 [Time-limited test] INFO  grpc.GrpcConfigKeys (ConfUtils.java:logGet(46)) - raft.grpc.server.async.request.thread.pool.size = 32 (default)
2023-06-06 14:28:41,372 [Time-limited test] INFO  impl.DataStreamServerImpl (ConfUtils.java:logGet(46)) - raft.datastream.type = NETTY (custom)
2023-06-06 14:28:41,372 [Time-limited test] INFO  server.RaftServerConfigKeys (ConfUtils.java:logGet(46)) - raft.server.data-stream.async.request.thread.pool.cached = false (default)
2023-06-06 14:28:41,372 [Time-limited test] INFO  server.RaftServerConfigKeys (ConfUtils.java:logGet(46)) - raft.server.data-stream.async.request.thread.pool.size = 20 (custom)
2023-06-06 14:28:41,373 [Time-limited test] INFO  server.RaftServerConfigKeys (ConfUtils.java:logGet(46)) - raft.server.data-stream.async.write.thread.pool.size = 16 (default)
2023-06-06 14:28:41,373 [Time-limited test] INFO  server.RaftServerConfigKeys (ConfUtils.java:logGet(46)) - raft.server.data-stream.client.pool.size = 10 (default)
2023-06-06 14:28:41,374 [Time-limited test] INFO  netty.NettyConfigKeys$DataStream (ConfUtils.java:logGet(46)) - raft.netty.dataStream.server.use-epoll = false (default)
2023-06-06 14:28:41,374 [Time-limited test] INFO  netty.NettyConfigKeys$DataStream (ConfUtils.java:logGet(46)) - raft.netty.dataStream.server.boss-group.size = 0 (default)
2023-06-06 14:28:41,374 [Time-limited test] INFO  netty.NettyConfigKeys$DataStream (ConfUtils.java:logGet(46)) - raft.netty.dataStream.server.worker-group.size = 0 (default)
2023-06-06 14:28:41,375 [Time-limited test] INFO  netty.NettyConfigKeys$DataStream (ConfUtils.java:logGet(46)) - raft.netty.dataStream.server.tls.conf = null (default)
2023-06-06 14:28:41,375 [Time-limited test] INFO  netty.NettyConfigKeys$DataStream (ConfUtils.java:logGet(46)) - raft.netty.dataStream.host = null (default)
2023-06-06 14:28:41,375 [Time-limited test] INFO  netty.NettyConfigKeys$DataStream (ConfUtils.java:logGet(46)) - raft.netty.dataStream.port = 15128 (custom)
2023-06-06 14:28:41,376 [Time-limited test] INFO  server.RaftServerConfigKeys (ConfUtils.java:logGet(46)) - raft.server.threadpool.proxy.cached = true (default)
2023-06-06 14:28:41,376 [Time-limited test] INFO  server.RaftServerConfigKeys (ConfUtils.java:logGet(46)) - raft.server.threadpool.proxy.size = 0 (default)
2023-06-06 14:28:41,376 [Time-limited test] INFO  server.RaftServerConfigKeys (ConfUtils.java:logGet(46)) - raft.server.rpc.slowness.timeout = 300s (custom)
2023-06-06 14:28:41,376 [Time-limited test] INFO  server.RaftServerConfigKeys (ConfUtils.java:logGet(46)) - raft.server.leaderelection.leader.step-down.wait-time = 10s (default)
2023-06-06 14:28:41,376 [Time-limited test] INFO  server.RaftServerConfigKeys (ConfUtils.java:logGet(46)) - raft.server.storage.dir = [/home/runner/work/ozone/ozone/hadoop-ozone/integration-test/target/test-dir/MiniOzoneClusterImpl-19dab9f3-ddac-4c20-9ee1-602e65f43fab/datanode-1/data/ratis] (custom)
2023-06-06 14:28:41,377 [68f873c3-529d-421e-809c-72d7a1225c33-NettyServerStreamRpc-bossGroup--thread1] INFO  logging.LoggingHandler (AbstractInternalLogger.java:log(148)) - [id: 0x31a84c1c] REGISTERED
2023-06-06 14:28:41,377 [68f873c3-529d-421e-809c-72d7a1225c33-NettyServerStreamRpc-bossGroup--thread1] INFO  logging.LoggingHandler (AbstractInternalLogger.java:log(148)) - [id: 0x31a84c1c] BIND: 0.0.0.0/0.0.0.0:15128
2023-06-06 14:28:41,378 [68f873c3-529d-421e-809c-72d7a1225c33-NettyServerStreamRpc-bossGroup--thread1] INFO  logging.LoggingHandler (AbstractInternalLogger.java:log(148)) - [id: 0x31a84c1c, L:/0:0:0:0:0:0:0:0:15128] ACTIVE
2023-06-06 14:28:41,379 [Time-limited test] INFO  server.XceiverServerGrpc (XceiverServerGrpc.java:<init>(132)) - GrpcServer channel type EpollServerSocketChannel
2023-06-06 14:28:41,381 [Time-limited test] INFO  replication.ReplicationSupervisor (ReplicationSupervisor.java:nodeStateUpdated(305)) - Node state updated to IN_SERVICE, scaling executor pool size to 10
2023-06-06 14:28:41,389 [Time-limited test] INFO  http.BaseHttpServer (BaseHttpServer.java:newHttpServer2BuilderForOzone(224)) - Starting Web-server for hddsDatanode at: http://0.0.0.0:15122
2023-06-06 14:28:41,389 [Time-limited test] INFO  http.BaseHttpServer (BaseHttpServer.java:<init>(111)) - Hadoop Security Enabled: false Ozone Security Enabled: false Ozone HTTP Security Enabled: false 
2023-06-06 14:28:41,390 [Time-limited test] WARN  server.AuthenticationFilter (AuthenticationFilter.java:constructSecretProvider(240)) - Unable to initialize FileSignerSecretProvider, falling back to use random secrets. Reason: Could not read signature secret file: /home/runner/hadoop-http-auth-signature-secret
2023-06-06 14:28:41,393 [Time-limited test] INFO  http.HttpRequestLog (HttpRequestLog.java:getRequestLog(86)) - Http request log for http.requests.hddsDatanode is not defined
2023-06-06 14:28:41,394 [Time-limited test] INFO  http.HttpServer2 (HttpServer2.java:addGlobalFilter(1031)) - Added global filter 'safety' (class=org.apache.hadoop.hdds.server.http.HttpServer2$QuotingInputFilter)
2023-06-06 14:28:41,395 [Time-limited test] INFO  http.HttpServer2 (HttpServer2.java:addFilter(1007)) - Added filter static_user_filter (class=org.apache.hadoop.http.lib.StaticUserWebFilter$StaticUserFilter) to context hddsDatanode
2023-06-06 14:28:41,395 [Time-limited test] INFO  http.HttpServer2 (HttpServer2.java:addFilter(1015)) - Added filter static_user_filter (class=org.apache.hadoop.http.lib.StaticUserWebFilter$StaticUserFilter) to context logs
2023-06-06 14:28:41,395 [Time-limited test] INFO  http.HttpServer2 (HttpServer2.java:addFilter(1015)) - Added filter static_user_filter (class=org.apache.hadoop.http.lib.StaticUserWebFilter$StaticUserFilter) to context static
2023-06-06 14:28:41,395 [Time-limited test] INFO  http.BaseHttpServer (BaseHttpServer.java:<init>(190)) - HTTP server of hddsDatanode uses base directory /home/runner/work/ozone/ozone/hadoop-ozone/integration-test/target/test-dir/MiniOzoneClusterImpl-19dab9f3-ddac-4c20-9ee1-602e65f43fab/datanode-1/meta/webserver
2023-06-06 14:28:41,396 [Time-limited test] INFO  http.HttpServer2 (HttpServer2.java:bindListener(1250)) - Jetty bound to port 15122
2023-06-06 14:28:41,396 [Time-limited test] INFO  server.Server (Server.java:doStart(375)) - jetty-9.4.51.v20230217; built: 2023-02-17T08:19:37.309Z; git: b45c405e4544384de066f814ed42ae3dceacdd49; jvm 1.8.0_372-b07
2023-06-06 14:28:41,418 [Time-limited test] INFO  server.session (DefaultSessionIdManager.java:doStart(334)) - DefaultSessionIdManager workerName=node0
2023-06-06 14:28:41,418 [Time-limited test] INFO  server.session (DefaultSessionIdManager.java:doStart(339)) - No SessionScavenger set, using defaults
2023-06-06 14:28:41,418 [Time-limited test] INFO  server.session (HouseKeeper.java:startScavenging(132)) - node0 Scavenging every 660000ms
2023-06-06 14:28:41,421 [Time-limited test] INFO  handler.ContextHandler (ContextHandler.java:doStart(921)) - Started o.e.j.s.ServletContextHandler@4660e152{logs,/logs,file:///home/runner/work/ozone/ozone/hadoop-ozone/integration-test/target/log,AVAILABLE}
2023-06-06 14:28:41,421 [Time-limited test] INFO  handler.ContextHandler (ContextHandler.java:doStart(921)) - Started o.e.j.s.ServletContextHandler@75da8bb8{static,/static,jar:file:/home/runner/.m2/repository/org/apache/ozone/hdds-container-service/1.4.0-SNAPSHOT/hdds-container-service-1.4.0-SNAPSHOT.jar!/webapps/static,AVAILABLE}
2023-06-06 14:28:41,633 [Time-limited test] INFO  handler.ContextHandler (ContextHandler.java:doStart(921)) - Started o.e.j.w.WebAppContext@5ea76dfa{hddsDatanode,/,file:///home/runner/work/ozone/ozone/hadoop-ozone/integration-test/target/test-dir/MiniOzoneClusterImpl-19dab9f3-ddac-4c20-9ee1-602e65f43fab/datanode-1/meta/webserver/jetty-0_0_0_0-15122-hdds-container-service-1_4_0-SNAPSHOT_jar-_-any-5375980048856354124/webapp/,AVAILABLE}{jar:file:/home/runner/.m2/repository/org/apache/ozone/hdds-container-service/1.4.0-SNAPSHOT/hdds-container-service-1.4.0-SNAPSHOT.jar!/webapps/hddsDatanode}
2023-06-06 14:28:41,634 [Time-limited test] INFO  server.AbstractConnector (AbstractConnector.java:doStart(333)) - Started ServerConnector@7ea38a6e{HTTP/1.1, (http/1.1)}{0.0.0.0:15122}
2023-06-06 14:28:41,635 [Time-limited test] INFO  server.Server (Server.java:doStart(415)) - Started @130757ms
2023-06-06 14:28:41,635 [Time-limited test] WARN  impl.MetricsSystemImpl (MetricsSystemImpl.java:register(279)) - Sink prometheus already exists!
2023-06-06 14:28:41,636 [Time-limited test] INFO  http.BaseHttpServer (BaseHttpServer.java:updateConnectorAddress(344)) - HTTP server of hddsDatanode listening at http://0.0.0.0:15122
2023-06-06 14:28:41,636 [Time-limited test] INFO  ipc.CallQueueManager (CallQueueManager.java:<init>(90)) - Using callQueue: class java.util.concurrent.LinkedBlockingQueue, queueCapacity: 100, scheduler: class org.apache.hadoop.ipc.DefaultRpcScheduler, ipcBackoff: false.
2023-06-06 14:28:41,638 [Socket Reader #1 for port 15123] INFO  ipc.Server (Server.java:run(1319)) - Starting Socket Reader #1 for port 15123
2023-06-06 14:28:41,644 [Listener at 0.0.0.0/15123] INFO  hdds.HddsUtils (HddsUtils.java:preserveThreadName(843)) - Restoring thread name: Time-limited test
2023-06-06 14:28:41,644 [Time-limited test] INFO  ozone.HddsDatanodeService (HddsDatanodeService.java:start(331)) - Datanode start with admins: [runner]
2023-06-06 14:28:41,644 [Time-limited test] INFO  ozone.HddsDatanodeClientProtocolServer (HddsDatanodeClientProtocolServer.java:start(83)) - RPC server for Client /0.0.0.0:15123
2023-06-06 14:28:41,644 [IPC Server Responder] INFO  ipc.Server (Server.java:run(1558)) - IPC Server Responder: starting
2023-06-06 14:28:41,645 [IPC Server listener on 15123] INFO  ipc.Server (Server.java:run(1398)) - IPC Server listener on 15123: starting
2023-06-06 14:28:41,645 [Time-limited test] WARN  impl.MetricRegistriesImpl (MetricRegistriesImpl.java:addReporterRegistration(111)) - New reporters are added after registries were created. Some metrics will be missing from the reporter. Please add reporter before adding any new registry.
2023-06-06 14:28:41,645 [Time-limited test] WARN  impl.MetricRegistriesImpl (MetricRegistriesImpl.java:addReporterRegistration(111)) - New reporters are added after registries were created. Some metrics will be missing from the reporter. Please add reporter before adding any new registry.
2023-06-06 14:28:41,645 [Time-limited test] INFO  impl.MetricsSystemImpl (MetricsSystemImpl.java:init(158)) - HddsDatanode metrics system started (again)
2023-06-06 14:28:41,657 [Datanode State Machine Daemon Thread] INFO  statemachine.DatanodeStateMachine (DatanodeStateMachine.java:lambda$startDaemon$0(523)) - Ozone container server started.
2023-06-06 14:28:41,670 [Time-limited test] INFO  ozone.HddsDatanodeService (HddsDatanodeService.java:start(261)) - HddsDatanodeService host:fv-az1133-973.qlb2sqfkji0uhjsjdnlwzcsdwg.bx.internal.cloudapp.net ip:10.1.0.37
2023-06-06 14:28:41,691 [Datanode State Machine Task Thread - 0] INFO  datanode.InitDatanodeState (InitDatanodeState.java:persistContainerDatanodeDetails(138)) - DatanodeDetails is persisted to /home/runner/work/ozone/ozone/hadoop-ozone/integration-test/target/test-dir/MiniOzoneClusterImpl-19dab9f3-ddac-4c20-9ee1-602e65f43fab/datanode-1/meta/datanode.id
2023-06-06 14:28:41,708 [Time-limited test] INFO  upgrade.AbstractLayoutVersionManager (AbstractLayoutVersionManager.java:init(83)) - Initializing Layout version manager with metadata layout = HADOOP_PRC_PORTS_IN_DATANODEDETAILS (version = 7), software layout = HADOOP_PRC_PORTS_IN_DATANODEDETAILS (version = 7)
2023-06-06 14:28:41,709 [Time-limited test] INFO  statemachine.DatanodeStateMachine (DatanodeStateMachine.java:getEndPointTaskThreadPoolSize(271)) - Datanode State Machine Task Thread Pool size 2
2023-06-06 14:28:41,714 [Time-limited test] INFO  volume.HddsVolume (HddsVolume.java:<init>(130)) - Creating HddsVolume: /home/runner/work/ozone/ozone/hadoop-ozone/integration-test/target/test-dir/MiniOzoneClusterImpl-19dab9f3-ddac-4c20-9ee1-602e65f43fab/datanode-2/data-0/containers/hdds of storage type : DISK capacity : 9223372036854775807
2023-06-06 14:28:41,715 [Time-limited test] INFO  volume.MutableVolumeSet (MutableVolumeSet.java:initializeVolumeSet(175)) - Added Volume : /home/runner/work/ozone/ozone/hadoop-ozone/integration-test/target/test-dir/MiniOzoneClusterImpl-19dab9f3-ddac-4c20-9ee1-602e65f43fab/datanode-2/data-0/containers/hdds to VolumeSet
2023-06-06 14:28:41,715 [Time-limited test] INFO  volume.ThrottledAsyncChecker (ThrottledAsyncChecker.java:schedule(141)) - Scheduling a check for /home/runner/work/ozone/ozone/hadoop-ozone/integration-test/target/test-dir/MiniOzoneClusterImpl-19dab9f3-ddac-4c20-9ee1-602e65f43fab/datanode-2/data-0/containers/hdds
2023-06-06 14:28:41,716 [Time-limited test] INFO  volume.StorageVolumeChecker (StorageVolumeChecker.java:checkAllVolumes(202)) - Scheduled health check for volume /home/runner/work/ozone/ozone/hadoop-ozone/integration-test/target/test-dir/MiniOzoneClusterImpl-19dab9f3-ddac-4c20-9ee1-602e65f43fab/datanode-2/data-0/containers/hdds
2023-06-06 14:28:41,732 [Time-limited test] INFO  volume.MutableVolumeSet (MutableVolumeSet.java:initializeVolumeSet(175)) - Added Volume : /home/runner/work/ozone/ozone/hadoop-ozone/integration-test/target/test-dir/MiniOzoneClusterImpl-19dab9f3-ddac-4c20-9ee1-602e65f43fab/datanode-2/data/ratis to VolumeSet
2023-06-06 14:28:41,732 [Time-limited test] INFO  volume.ThrottledAsyncChecker (ThrottledAsyncChecker.java:schedule(141)) - Scheduling a check for /home/runner/work/ozone/ozone/hadoop-ozone/integration-test/target/test-dir/MiniOzoneClusterImpl-19dab9f3-ddac-4c20-9ee1-602e65f43fab/datanode-2/data/ratis
2023-06-06 14:28:41,732 [Time-limited test] INFO  volume.StorageVolumeChecker (StorageVolumeChecker.java:checkAllVolumes(202)) - Scheduled health check for volume /home/runner/work/ozone/ozone/hadoop-ozone/integration-test/target/test-dir/MiniOzoneClusterImpl-19dab9f3-ddac-4c20-9ee1-602e65f43fab/datanode-2/data/ratis
2023-06-06 14:28:41,766 [Thread-1769] INFO  ozoneimpl.ContainerReader (ContainerReader.java:readVolume(175)) - Finish verifying containers on volume /home/runner/work/ozone/ozone/hadoop-ozone/integration-test/target/test-dir/MiniOzoneClusterImpl-19dab9f3-ddac-4c20-9ee1-602e65f43fab/datanode-2/data-0/containers/hdds
2023-06-06 14:28:41,766 [Time-limited test] INFO  ozoneimpl.OzoneContainer (OzoneContainer.java:buildContainerSet(303)) - Build ContainerSet costs 0s
2023-06-06 14:28:41,775 [Time-limited test] INFO  server.RaftServer (ConfUtils.java:logGet(46)) - raft.rpc.type = GRPC (default)
2023-06-06 14:28:41,776 [Time-limited test] INFO  grpc.GrpcConfigKeys (ConfUtils.java:logFallback(53)) - raft.grpc.admin.host = null (fallback to raft.grpc.server.host)
2023-06-06 14:28:41,776 [Time-limited test] INFO  grpc.GrpcConfigKeys (ConfUtils.java:logGet(46)) - raft.grpc.admin.port = 15135 (custom)
2023-06-06 14:28:41,776 [Time-limited test] INFO  grpc.GrpcConfigKeys (ConfUtils.java:logFallback(53)) - raft.grpc.client.host = null (fallback to raft.grpc.server.host)
2023-06-06 14:28:41,776 [Time-limited test] INFO  grpc.GrpcConfigKeys (ConfUtils.java:logGet(46)) - raft.grpc.client.port = 15134 (custom)
2023-06-06 14:28:41,776 [Time-limited test] INFO  grpc.GrpcConfigKeys (ConfUtils.java:logGet(46)) - raft.grpc.server.host = null (default)
2023-06-06 14:28:41,776 [Time-limited test] INFO  grpc.GrpcConfigKeys (ConfUtils.java:logGet(46)) - raft.grpc.server.port = 15136 (custom)
2023-06-06 14:28:41,776 [Time-limited test] INFO  server.GrpcService (ConfUtils.java:logGet(46)) - raft.grpc.message.size.max = 32MB (=33554432) (custom)
2023-06-06 14:28:41,776 [Time-limited test] INFO  server.RaftServerConfigKeys (ConfUtils.java:logGet(46)) - raft.server.log.appender.buffer.byte-limit = 33554432 (custom)
2023-06-06 14:28:41,776 [Time-limited test] INFO  server.GrpcService (ConfUtils.java:logGet(46)) - raft.grpc.flow.control.window = 5MB (=5242880) (custom)
2023-06-06 14:28:41,776 [Time-limited test] INFO  server.RaftServerConfigKeys (ConfUtils.java:logGet(46)) - raft.server.rpc.request.timeout = 60s (custom)
2023-06-06 14:28:41,776 [Time-limited test] INFO  grpc.GrpcConfigKeys (ConfUtils.java:logGet(46)) - raft.grpc.server.heartbeat.channel = true (default)
2023-06-06 14:28:41,777 [Time-limited test] INFO  grpc.GrpcConfigKeys (ConfUtils.java:logGet(46)) - raft.grpc.server.async.request.thread.pool.cached = true (default)
2023-06-06 14:28:41,777 [Time-limited test] INFO  grpc.GrpcConfigKeys (ConfUtils.java:logGet(46)) - raft.grpc.server.async.request.thread.pool.size = 32 (default)
2023-06-06 14:28:41,783 [Time-limited test] INFO  impl.DataStreamServerImpl (ConfUtils.java:logGet(46)) - raft.datastream.type = NETTY (custom)
2023-06-06 14:28:41,783 [Time-limited test] INFO  server.RaftServerConfigKeys (ConfUtils.java:logGet(46)) - raft.server.data-stream.async.request.thread.pool.cached = false (default)
2023-06-06 14:28:41,783 [Time-limited test] INFO  server.RaftServerConfigKeys (ConfUtils.java:logGet(46)) - raft.server.data-stream.async.request.thread.pool.size = 20 (custom)
2023-06-06 14:28:41,784 [Time-limited test] INFO  server.RaftServerConfigKeys (ConfUtils.java:logGet(46)) - raft.server.data-stream.async.write.thread.pool.size = 16 (default)
2023-06-06 14:28:41,784 [Time-limited test] INFO  server.RaftServerConfigKeys (ConfUtils.java:logGet(46)) - raft.server.data-stream.client.pool.size = 10 (default)
2023-06-06 14:28:41,784 [Time-limited test] INFO  netty.NettyConfigKeys$DataStream (ConfUtils.java:logGet(46)) - raft.netty.dataStream.server.use-epoll = false (default)
2023-06-06 14:28:41,784 [Time-limited test] INFO  netty.NettyConfigKeys$DataStream (ConfUtils.java:logGet(46)) - raft.netty.dataStream.server.boss-group.size = 0 (default)
2023-06-06 14:28:41,785 [Time-limited test] INFO  netty.NettyConfigKeys$DataStream (ConfUtils.java:logGet(46)) - raft.netty.dataStream.server.worker-group.size = 0 (default)
2023-06-06 14:28:41,785 [Time-limited test] INFO  netty.NettyConfigKeys$DataStream (ConfUtils.java:logGet(46)) - raft.netty.dataStream.server.tls.conf = null (default)
2023-06-06 14:28:41,786 [Time-limited test] INFO  netty.NettyConfigKeys$DataStream (ConfUtils.java:logGet(46)) - raft.netty.dataStream.host = null (default)
2023-06-06 14:28:41,786 [Time-limited test] INFO  netty.NettyConfigKeys$DataStream (ConfUtils.java:logGet(46)) - raft.netty.dataStream.port = 15137 (custom)
2023-06-06 14:28:41,786 [Time-limited test] INFO  server.RaftServerConfigKeys (ConfUtils.java:logGet(46)) - raft.server.threadpool.proxy.cached = true (default)
2023-06-06 14:28:41,786 [Time-limited test] INFO  server.RaftServerConfigKeys (ConfUtils.java:logGet(46)) - raft.server.threadpool.proxy.size = 0 (default)
2023-06-06 14:28:41,786 [Time-limited test] INFO  server.RaftServerConfigKeys (ConfUtils.java:logGet(46)) - raft.server.rpc.slowness.timeout = 300s (custom)
2023-06-06 14:28:41,786 [Time-limited test] INFO  server.RaftServerConfigKeys (ConfUtils.java:logGet(46)) - raft.server.leaderelection.leader.step-down.wait-time = 10s (default)
2023-06-06 14:28:41,787 [Time-limited test] INFO  server.RaftServerConfigKeys (ConfUtils.java:logGet(46)) - raft.server.storage.dir = [/home/runner/work/ozone/ozone/hadoop-ozone/integration-test/target/test-dir/MiniOzoneClusterImpl-19dab9f3-ddac-4c20-9ee1-602e65f43fab/datanode-2/data/ratis] (custom)
2023-06-06 14:28:41,788 [77d17280-0276-45d4-bf82-17b9da904fb0-NettyServerStreamRpc-bossGroup--thread1] INFO  logging.LoggingHandler (AbstractInternalLogger.java:log(148)) - [id: 0x9b292ac9] REGISTERED
2023-06-06 14:28:41,789 [77d17280-0276-45d4-bf82-17b9da904fb0-NettyServerStreamRpc-bossGroup--thread1] INFO  logging.LoggingHandler (AbstractInternalLogger.java:log(148)) - [id: 0x9b292ac9] BIND: 0.0.0.0/0.0.0.0:15137
2023-06-06 14:28:41,789 [77d17280-0276-45d4-bf82-17b9da904fb0-NettyServerStreamRpc-bossGroup--thread1] INFO  logging.LoggingHandler (AbstractInternalLogger.java:log(148)) - [id: 0x9b292ac9, L:/0:0:0:0:0:0:0:0:15137] ACTIVE
2023-06-06 14:28:41,791 [Time-limited test] INFO  server.XceiverServerGrpc (XceiverServerGrpc.java:<init>(132)) - GrpcServer channel type EpollServerSocketChannel
2023-06-06 14:28:41,793 [Time-limited test] INFO  replication.ReplicationSupervisor (ReplicationSupervisor.java:nodeStateUpdated(305)) - Node state updated to IN_SERVICE, scaling executor pool size to 10
2023-06-06 14:28:41,796 [Time-limited test] INFO  http.BaseHttpServer (BaseHttpServer.java:newHttpServer2BuilderForOzone(224)) - Starting Web-server for hddsDatanode at: http://0.0.0.0:15131
2023-06-06 14:28:41,796 [Time-limited test] INFO  http.BaseHttpServer (BaseHttpServer.java:<init>(111)) - Hadoop Security Enabled: false Ozone Security Enabled: false Ozone HTTP Security Enabled: false 
2023-06-06 14:28:41,798 [Time-limited test] WARN  server.AuthenticationFilter (AuthenticationFilter.java:constructSecretProvider(240)) - Unable to initialize FileSignerSecretProvider, falling back to use random secrets. Reason: Could not read signature secret file: /home/runner/hadoop-http-auth-signature-secret
2023-06-06 14:28:41,801 [Time-limited test] INFO  http.HttpRequestLog (HttpRequestLog.java:getRequestLog(86)) - Http request log for http.requests.hddsDatanode is not defined
2023-06-06 14:28:41,802 [Time-limited test] INFO  http.HttpServer2 (HttpServer2.java:addGlobalFilter(1031)) - Added global filter 'safety' (class=org.apache.hadoop.hdds.server.http.HttpServer2$QuotingInputFilter)
2023-06-06 14:28:41,803 [Time-limited test] INFO  http.HttpServer2 (HttpServer2.java:addFilter(1007)) - Added filter static_user_filter (class=org.apache.hadoop.http.lib.StaticUserWebFilter$StaticUserFilter) to context hddsDatanode
2023-06-06 14:28:41,803 [Time-limited test] INFO  http.HttpServer2 (HttpServer2.java:addFilter(1015)) - Added filter static_user_filter (class=org.apache.hadoop.http.lib.StaticUserWebFilter$StaticUserFilter) to context static
2023-06-06 14:28:41,803 [Time-limited test] INFO  http.HttpServer2 (HttpServer2.java:addFilter(1015)) - Added filter static_user_filter (class=org.apache.hadoop.http.lib.StaticUserWebFilter$StaticUserFilter) to context logs
2023-06-06 14:28:41,803 [Time-limited test] INFO  http.BaseHttpServer (BaseHttpServer.java:<init>(190)) - HTTP server of hddsDatanode uses base directory /home/runner/work/ozone/ozone/hadoop-ozone/integration-test/target/test-dir/MiniOzoneClusterImpl-19dab9f3-ddac-4c20-9ee1-602e65f43fab/datanode-2/meta/webserver
2023-06-06 14:28:41,804 [Time-limited test] INFO  http.HttpServer2 (HttpServer2.java:bindListener(1250)) - Jetty bound to port 15131
2023-06-06 14:28:41,804 [Time-limited test] INFO  server.Server (Server.java:doStart(375)) - jetty-9.4.51.v20230217; built: 2023-02-17T08:19:37.309Z; git: b45c405e4544384de066f814ed42ae3dceacdd49; jvm 1.8.0_372-b07
2023-06-06 14:28:41,807 [Time-limited test] INFO  server.session (DefaultSessionIdManager.java:doStart(334)) - DefaultSessionIdManager workerName=node0
2023-06-06 14:28:41,807 [Time-limited test] INFO  server.session (DefaultSessionIdManager.java:doStart(339)) - No SessionScavenger set, using defaults
2023-06-06 14:28:41,807 [Time-limited test] INFO  server.session (HouseKeeper.java:startScavenging(132)) - node0 Scavenging every 600000ms
2023-06-06 14:28:41,809 [Time-limited test] INFO  handler.ContextHandler (ContextHandler.java:doStart(921)) - Started o.e.j.s.ServletContextHandler@23e24d8c{logs,/logs,file:///home/runner/work/ozone/ozone/hadoop-ozone/integration-test/target/log,AVAILABLE}
2023-06-06 14:28:41,809 [Time-limited test] INFO  handler.ContextHandler (ContextHandler.java:doStart(921)) - Started o.e.j.s.ServletContextHandler@702e19f5{static,/static,jar:file:/home/runner/.m2/repository/org/apache/ozone/hdds-container-service/1.4.0-SNAPSHOT/hdds-container-service-1.4.0-SNAPSHOT.jar!/webapps/static,AVAILABLE}
2023-06-06 14:28:41,812 [om1@group-C5BA1605619E-FollowerState] INFO  impl.FollowerState (FollowerState.java:run(143)) - om1@group-C5BA1605619E-FollowerState: change to CANDIDATE, lastRpcElapsedTime:1102164064ns, electionTimeout:1096ms
2023-06-06 14:28:41,812 [om1@group-C5BA1605619E-FollowerState] INFO  impl.RoleInfo (RoleInfo.java:shutdownFollowerState(110)) - om1: shutdown om1@group-C5BA1605619E-FollowerState
2023-06-06 14:28:41,812 [om1@group-C5BA1605619E-FollowerState] INFO  server.RaftServer$Division (RaftServerImpl.java:setRole(329)) - om1@group-C5BA1605619E: changes role from  FOLLOWER to CANDIDATE at term 0 for changeToCandidate
2023-06-06 14:28:41,812 [om1@group-C5BA1605619E-FollowerState] INFO  server.RaftServerConfigKeys (ConfUtils.java:logGet(46)) - raft.server.leaderelection.pre-vote = true (default)
2023-06-06 14:28:41,812 [om1@group-C5BA1605619E-FollowerState] INFO  impl.RoleInfo (RoleInfo.java:updateAndGet(139)) - om1: start om1@group-C5BA1605619E-LeaderElection22
2023-06-06 14:28:41,823 [om1@group-C5BA1605619E-LeaderElection22] INFO  impl.LeaderElection (LeaderElection.java:askForVotes(321)) - om1@group-C5BA1605619E-LeaderElection22 PRE_VOTE round 0: submit vote requests at term 0 for -1: peers:[om1|rpc:localhost:15111|priority:0|startupRole:FOLLOWER]|listeners:[], old=null
2023-06-06 14:28:41,823 [om1@group-C5BA1605619E-LeaderElection22] INFO  impl.LeaderElection (LeaderElection.java:askForVotes(323)) - om1@group-C5BA1605619E-LeaderElection22 PRE_VOTE round 0: result PASSED (term=0)
2023-06-06 14:28:41,829 [om1@group-C5BA1605619E-LeaderElection22] INFO  impl.LeaderElection (LeaderElection.java:askForVotes(321)) - om1@group-C5BA1605619E-LeaderElection22 ELECTION round 0: submit vote requests at term 1 for -1: peers:[om1|rpc:localhost:15111|priority:0|startupRole:FOLLOWER]|listeners:[], old=null
2023-06-06 14:28:41,829 [om1@group-C5BA1605619E-LeaderElection22] INFO  impl.LeaderElection (LeaderElection.java:askForVotes(323)) - om1@group-C5BA1605619E-LeaderElection22 ELECTION round 0: result PASSED (term=1)
2023-06-06 14:28:41,829 [om1@group-C5BA1605619E-LeaderElection22] INFO  impl.RoleInfo (RoleInfo.java:shutdownLeaderElection(130)) - om1: shutdown om1@group-C5BA1605619E-LeaderElection22
2023-06-06 14:28:41,829 [om1@group-C5BA1605619E-LeaderElection22] INFO  server.RaftServer$Division (RaftServerImpl.java:setRole(329)) - om1@group-C5BA1605619E: changes role from CANDIDATE to LEADER at term 1 for changeToLeader
2023-06-06 14:28:41,829 [om1@group-C5BA1605619E-LeaderElection22] INFO  server.RaftServer$Division (ServerState.java:setLeader(317)) - om1@group-C5BA1605619E: change Leader from null to om1 at term 1 for becomeLeader, leader elected after 3002ms
2023-06-06 14:28:41,829 [om1@group-C5BA1605619E-LeaderElection22] INFO  server.RaftServerConfigKeys (ConfUtils.java:logGet(46)) - raft.server.staging.catchup.gap = 1000 (default)
2023-06-06 14:28:41,831 [om1@group-C5BA1605619E-LeaderElection22] INFO  server.RaftServerConfigKeys (ConfUtils.java:logGet(46)) - raft.server.write.element-limit = 4096 (default)
2023-06-06 14:28:41,831 [om1@group-C5BA1605619E-LeaderElection22] INFO  server.RaftServerConfigKeys (ConfUtils.java:logGet(46)) - raft.server.write.byte-limit = 64MB (=67108864) (default)
2023-06-06 14:28:41,831 [om1@group-C5BA1605619E-LeaderElection22] INFO  server.RaftServerConfigKeys (ConfUtils.java:logGet(46)) - raft.server.watch.timeout = 10s (default)
2023-06-06 14:28:41,831 [om1@group-C5BA1605619E-LeaderElection22] INFO  server.RaftServerConfigKeys (ConfUtils.java:logGet(46)) - raft.server.watch.timeout.denomination = 1s (default)
2023-06-06 14:28:41,831 [om1@group-C5BA1605619E-LeaderElection22] INFO  server.RaftServerConfigKeys (ConfUtils.java:logGet(46)) - raft.server.watch.element-limit = 65536 (default)
2023-06-06 14:28:41,831 [om1@group-C5BA1605619E-LeaderElection22] INFO  server.RaftServerConfigKeys (ConfUtils.java:logGet(46)) - raft.server.write.element-limit = 4096 (default)
2023-06-06 14:28:41,831 [om1@group-C5BA1605619E-LeaderElection22] INFO  server.RaftServerConfigKeys (ConfUtils.java:logGet(46)) - raft.server.write.follower.gap.ratio.max = -1.0 (default)
2023-06-06 14:28:41,831 [om1@group-C5BA1605619E-LeaderElection22] INFO  impl.RoleInfo (RoleInfo.java:updateAndGet(139)) - om1: start om1@group-C5BA1605619E-LeaderStateImpl
2023-06-06 14:28:41,832 [om1@group-C5BA1605619E-LeaderElection22] INFO  segmented.SegmentedRaftLogWorker (SegmentedRaftLogWorker.java:startLogSegment(447)) - om1@group-C5BA1605619E-SegmentedRaftLogWorker: Starting segment from index:0
2023-06-06 14:28:41,847 [om1@group-C5BA1605619E-LeaderElection22] INFO  server.RaftServer$Division (ServerState.java:setRaftConf(434)) - om1@group-C5BA1605619E: set configuration 0: peers:[om1|rpc:localhost:15111|admin:|client:|dataStream:|priority:0|startupRole:FOLLOWER]|listeners:[], old=null
2023-06-06 14:28:41,854 [om1@group-C5BA1605619E-SegmentedRaftLogWorker] INFO  segmented.SegmentedRaftLogWorker (SegmentedRaftLogWorker.java:execute(651)) - om1@group-C5BA1605619E-SegmentedRaftLogWorker: created new log segment /home/runner/work/ozone/ozone/hadoop-ozone/integration-test/target/test-dir/MiniOzoneClusterImpl-19dab9f3-ddac-4c20-9ee1-602e65f43fab/ozone-meta/ratis/bf265839-605b-3f16-9796-c5ba1605619e/current/log_inprogress_0
2023-06-06 14:28:41,855 [om1@group-C5BA1605619E-StateMachineUpdater] INFO  ratis.OzoneManagerStateMachine (OzoneManagerStateMachine.java:notifyConfigurationChanged(201)) - Received Configuration change notification from Ratis. New Peer list:
[id: "om1"
address: "localhost:15111"
startupRole: FOLLOWER
]
2023-06-06 14:28:42,039 [Time-limited test] INFO  handler.ContextHandler (ContextHandler.java:doStart(921)) - Started o.e.j.w.WebAppContext@1dacae31{hddsDatanode,/,file:///home/runner/work/ozone/ozone/hadoop-ozone/integration-test/target/test-dir/MiniOzoneClusterImpl-19dab9f3-ddac-4c20-9ee1-602e65f43fab/datanode-2/meta/webserver/jetty-0_0_0_0-15131-hdds-container-service-1_4_0-SNAPSHOT_jar-_-any-1792242187747274505/webapp/,AVAILABLE}{jar:file:/home/runner/.m2/repository/org/apache/ozone/hdds-container-service/1.4.0-SNAPSHOT/hdds-container-service-1.4.0-SNAPSHOT.jar!/webapps/hddsDatanode}
2023-06-06 14:28:42,041 [Time-limited test] INFO  server.AbstractConnector (AbstractConnector.java:doStart(333)) - Started ServerConnector@2fe166c2{HTTP/1.1, (http/1.1)}{0.0.0.0:15131}
2023-06-06 14:28:42,041 [Time-limited test] INFO  server.Server (Server.java:doStart(415)) - Started @131163ms
2023-06-06 14:28:42,041 [Time-limited test] WARN  impl.MetricsSystemImpl (MetricsSystemImpl.java:register(279)) - Sink prometheus already exists!
2023-06-06 14:28:42,041 [Time-limited test] INFO  http.BaseHttpServer (BaseHttpServer.java:updateConnectorAddress(344)) - HTTP server of hddsDatanode listening at http://0.0.0.0:15131
2023-06-06 14:28:42,042 [Time-limited test] INFO  ipc.CallQueueManager (CallQueueManager.java:<init>(90)) - Using callQueue: class java.util.concurrent.LinkedBlockingQueue, queueCapacity: 100, scheduler: class org.apache.hadoop.ipc.DefaultRpcScheduler, ipcBackoff: false.
2023-06-06 14:28:42,042 [Socket Reader #1 for port 15132] INFO  ipc.Server (Server.java:run(1319)) - Starting Socket Reader #1 for port 15132
2023-06-06 14:28:42,049 [Listener at 0.0.0.0/15132] INFO  hdds.HddsUtils (HddsUtils.java:preserveThreadName(843)) - Restoring thread name: Time-limited test
2023-06-06 14:28:42,049 [Time-limited test] INFO  ozone.HddsDatanodeService (HddsDatanodeService.java:start(331)) - Datanode start with admins: [runner]
2023-06-06 14:28:42,049 [Time-limited test] INFO  ozone.HddsDatanodeClientProtocolServer (HddsDatanodeClientProtocolServer.java:start(83)) - RPC server for Client /0.0.0.0:15132
2023-06-06 14:28:42,050 [IPC Server Responder] INFO  ipc.Server (Server.java:run(1558)) - IPC Server Responder: starting
2023-06-06 14:28:42,050 [IPC Server listener on 15132] INFO  ipc.Server (Server.java:run(1398)) - IPC Server listener on 15132: starting
2023-06-06 14:28:42,050 [Time-limited test] INFO  ozone.MiniOzoneClusterImpl (MiniOzoneClusterImpl.java:lambda$waitForClusterToBeReady$0(222)) - Waiting for nodes to be ready. Got 0 of 3 DN Heartbeats.
2023-06-06 14:28:42,050 [Time-limited test] INFO  ozone.MiniOzoneClusterImpl (MiniOzoneClusterImpl.java:lambda$waitForClusterToBeReady$0(225)) - Waiting for cluster to exit safe mode
2023-06-06 14:28:42,050 [Time-limited test] INFO  ozone.MiniOzoneClusterImpl (MiniOzoneClusterImpl.java:lambda$waitForClusterToBeReady$0(227)) - SCM became leader
2023-06-06 14:28:42,057 [Datanode State Machine Daemon Thread] INFO  statemachine.DatanodeStateMachine (DatanodeStateMachine.java:lambda$startDaemon$0(523)) - Ozone container server started.
2023-06-06 14:28:42,065 [Datanode State Machine Task Thread - 0] INFO  datanode.InitDatanodeState (InitDatanodeState.java:persistContainerDatanodeDetails(138)) - DatanodeDetails is persisted to /home/runner/work/ozone/ozone/hadoop-ozone/integration-test/target/test-dir/MiniOzoneClusterImpl-19dab9f3-ddac-4c20-9ee1-602e65f43fab/datanode-2/meta/datanode.id
2023-06-06 14:28:43,051 [Time-limited test] INFO  ozone.MiniOzoneClusterImpl (MiniOzoneClusterImpl.java:lambda$waitForClusterToBeReady$0(222)) - Waiting for nodes to be ready. Got 0 of 3 DN Heartbeats.
2023-06-06 14:28:43,051 [Time-limited test] INFO  ozone.MiniOzoneClusterImpl (MiniOzoneClusterImpl.java:lambda$waitForClusterToBeReady$0(225)) - Waiting for cluster to exit safe mode
2023-06-06 14:28:43,051 [Time-limited test] INFO  ozone.MiniOzoneClusterImpl (MiniOzoneClusterImpl.java:lambda$waitForClusterToBeReady$0(227)) - SCM became leader
2023-06-06 14:28:43,330 [EndpointStateMachine task thread for /0.0.0.0:15106 - 0 ] INFO  utils.DatanodeStoreCache (DatanodeStoreCache.java:addDB(66)) - Added db /home/runner/work/ozone/ozone/hadoop-ozone/integration-test/target/test-dir/MiniOzoneClusterImpl-19dab9f3-ddac-4c20-9ee1-602e65f43fab/datanode-0/data-0/containers/hdds/19dab9f3-ddac-4c20-9ee1-602e65f43fab/DS-46e69eee-d952-4fcf-9c86-c683f33bae24/container.db to cache
2023-06-06 14:28:43,330 [EndpointStateMachine task thread for /0.0.0.0:15106 - 0 ] INFO  volume.HddsVolume (HddsVolume.java:createDbStore(350)) - SchemaV3 db is created and loaded at /home/runner/work/ozone/ozone/hadoop-ozone/integration-test/target/test-dir/MiniOzoneClusterImpl-19dab9f3-ddac-4c20-9ee1-602e65f43fab/datanode-0/data-0/containers/hdds/19dab9f3-ddac-4c20-9ee1-602e65f43fab/DS-46e69eee-d952-4fcf-9c86-c683f33bae24/container.db for volume DS-46e69eee-d952-4fcf-9c86-c683f33bae24
2023-06-06 14:28:43,331 [EndpointStateMachine task thread for /0.0.0.0:15106 - 0 ] INFO  ozoneimpl.OzoneContainer (OzoneContainer.java:start(398)) - Attempting to start container services.
2023-06-06 14:28:43,331 [EndpointStateMachine task thread for /0.0.0.0:15106 - 0 ] INFO  ozoneimpl.OzoneContainer (OzoneContainer.java:startContainerScrub(314)) - Scheduled background container scanners and the on-demand container scanner have been disabled.
2023-06-06 14:28:43,335 [EndpointStateMachine task thread for /0.0.0.0:15106 - 0 ] INFO  replication.ReplicationServer (ReplicationServer.java:start(128)) - ReplicationServer is started using port 15120
2023-06-06 14:28:43,335 [EndpointStateMachine task thread for /0.0.0.0:15106 - 0 ] INFO  ratis.XceiverServerRatis (XceiverServerRatis.java:start(517)) - Starting XceiverServerRatis 5adff45c-d552-4fe9-ae5a-69c6287068c4
2023-06-06 14:28:43,341 [EndpointStateMachine task thread for /0.0.0.0:15106 - 0 ] INFO  server.RaftServer (RaftServerProxy.java:startImpl(400)) - 5adff45c-d552-4fe9-ae5a-69c6287068c4: start RPC server
2023-06-06 14:28:43,342 [EndpointStateMachine task thread for /0.0.0.0:15106 - 0 ] INFO  server.GrpcService (GrpcService.java:startImpl(302)) - 5adff45c-d552-4fe9-ae5a-69c6287068c4: GrpcService started, listening on 15116
2023-06-06 14:28:43,343 [EndpointStateMachine task thread for /0.0.0.0:15106 - 0 ] INFO  server.GrpcService (GrpcService.java:startImpl(302)) - 5adff45c-d552-4fe9-ae5a-69c6287068c4: GrpcService started, listening on 15118
2023-06-06 14:28:43,346 [EndpointStateMachine task thread for /0.0.0.0:15106 - 0 ] INFO  server.GrpcService (GrpcService.java:startImpl(302)) - 5adff45c-d552-4fe9-ae5a-69c6287068c4: GrpcService started, listening on 15117
2023-06-06 14:28:43,346 [EndpointStateMachine task thread for /0.0.0.0:15106 - 0 ] INFO  ratis.XceiverServerRatis (XceiverServerRatis.java:getRealPort(543)) - XceiverServerRatis 5adff45c-d552-4fe9-ae5a-69c6287068c4 is started using port 15116 for RATIS
2023-06-06 14:28:43,346 [EndpointStateMachine task thread for /0.0.0.0:15106 - 0 ] INFO  ratis.XceiverServerRatis (XceiverServerRatis.java:getRealPort(543)) - XceiverServerRatis 5adff45c-d552-4fe9-ae5a-69c6287068c4 is started using port 15117 for RATIS_ADMIN
2023-06-06 14:28:43,346 [EndpointStateMachine task thread for /0.0.0.0:15106 - 0 ] INFO  ratis.XceiverServerRatis (XceiverServerRatis.java:getRealPort(543)) - XceiverServerRatis 5adff45c-d552-4fe9-ae5a-69c6287068c4 is started using port 15118 for RATIS_SERVER
2023-06-06 14:28:43,346 [EndpointStateMachine task thread for /0.0.0.0:15106 - 0 ] INFO  ratis.XceiverServerRatis (XceiverServerRatis.java:getRealPort(543)) - XceiverServerRatis 5adff45c-d552-4fe9-ae5a-69c6287068c4 is started using port 15119 for RATIS_DATASTREAM
2023-06-06 14:28:43,346 [JvmPauseMonitor19] INFO  util.JvmPauseMonitor (JvmPauseMonitor.java:run(103)) - JvmPauseMonitor-5adff45c-d552-4fe9-ae5a-69c6287068c4: Started
2023-06-06 14:28:43,354 [BlockDeletingService#0] INFO  interfaces.ContainerDeletionChoosingPolicyTemplate (ContainerDeletionChoosingPolicyTemplate.java:chooseContainerForBlockDeletion(83)) - Chosen 0/5000 blocks from 0 candidate containers.
2023-06-06 14:28:43,718 [EndpointStateMachine task thread for /0.0.0.0:15106 - 0 ] INFO  utils.DatanodeStoreCache (DatanodeStoreCache.java:addDB(66)) - Added db /home/runner/work/ozone/ozone/hadoop-ozone/integration-test/target/test-dir/MiniOzoneClusterImpl-19dab9f3-ddac-4c20-9ee1-602e65f43fab/datanode-1/data-0/containers/hdds/19dab9f3-ddac-4c20-9ee1-602e65f43fab/DS-992fa362-0e32-4e98-9447-a5db8d53ca6c/container.db to cache
2023-06-06 14:28:43,718 [EndpointStateMachine task thread for /0.0.0.0:15106 - 0 ] INFO  volume.HddsVolume (HddsVolume.java:createDbStore(350)) - SchemaV3 db is created and loaded at /home/runner/work/ozone/ozone/hadoop-ozone/integration-test/target/test-dir/MiniOzoneClusterImpl-19dab9f3-ddac-4c20-9ee1-602e65f43fab/datanode-1/data-0/containers/hdds/19dab9f3-ddac-4c20-9ee1-602e65f43fab/DS-992fa362-0e32-4e98-9447-a5db8d53ca6c/container.db for volume DS-992fa362-0e32-4e98-9447-a5db8d53ca6c
2023-06-06 14:28:43,719 [EndpointStateMachine task thread for /0.0.0.0:15106 - 0 ] INFO  ozoneimpl.OzoneContainer (OzoneContainer.java:start(398)) - Attempting to start container services.
2023-06-06 14:28:43,719 [EndpointStateMachine task thread for /0.0.0.0:15106 - 0 ] INFO  ozoneimpl.OzoneContainer (OzoneContainer.java:startContainerScrub(314)) - Scheduled background container scanners and the on-demand container scanner have been disabled.
2023-06-06 14:28:43,720 [EndpointStateMachine task thread for /0.0.0.0:15106 - 0 ] INFO  replication.ReplicationServer (ReplicationServer.java:start(128)) - ReplicationServer is started using port 15129
2023-06-06 14:28:43,721 [EndpointStateMachine task thread for /0.0.0.0:15106 - 0 ] INFO  ratis.XceiverServerRatis (XceiverServerRatis.java:start(517)) - Starting XceiverServerRatis 68f873c3-529d-421e-809c-72d7a1225c33
2023-06-06 14:28:43,727 [EndpointStateMachine task thread for /0.0.0.0:15106 - 0 ] INFO  server.RaftServer (RaftServerProxy.java:startImpl(400)) - 68f873c3-529d-421e-809c-72d7a1225c33: start RPC server
2023-06-06 14:28:43,729 [EndpointStateMachine task thread for /0.0.0.0:15106 - 0 ] INFO  server.GrpcService (GrpcService.java:startImpl(302)) - 68f873c3-529d-421e-809c-72d7a1225c33: GrpcService started, listening on 15125
2023-06-06 14:28:43,730 [EndpointStateMachine task thread for /0.0.0.0:15106 - 0 ] INFO  server.GrpcService (GrpcService.java:startImpl(302)) - 68f873c3-529d-421e-809c-72d7a1225c33: GrpcService started, listening on 15127
2023-06-06 14:28:43,730 [EndpointStateMachine task thread for /0.0.0.0:15106 - 0 ] INFO  server.GrpcService (GrpcService.java:startImpl(302)) - 68f873c3-529d-421e-809c-72d7a1225c33: GrpcService started, listening on 15126
2023-06-06 14:28:43,735 [EndpointStateMachine task thread for /0.0.0.0:15106 - 0 ] INFO  ratis.XceiverServerRatis (XceiverServerRatis.java:getRealPort(543)) - XceiverServerRatis 68f873c3-529d-421e-809c-72d7a1225c33 is started using port 15125 for RATIS
2023-06-06 14:28:43,735 [EndpointStateMachine task thread for /0.0.0.0:15106 - 0 ] INFO  ratis.XceiverServerRatis (XceiverServerRatis.java:getRealPort(543)) - XceiverServerRatis 68f873c3-529d-421e-809c-72d7a1225c33 is started using port 15126 for RATIS_ADMIN
2023-06-06 14:28:43,735 [EndpointStateMachine task thread for /0.0.0.0:15106 - 0 ] INFO  ratis.XceiverServerRatis (XceiverServerRatis.java:getRealPort(543)) - XceiverServerRatis 68f873c3-529d-421e-809c-72d7a1225c33 is started using port 15127 for RATIS_SERVER
2023-06-06 14:28:43,735 [EndpointStateMachine task thread for /0.0.0.0:15106 - 0 ] INFO  ratis.XceiverServerRatis (XceiverServerRatis.java:getRealPort(543)) - XceiverServerRatis 68f873c3-529d-421e-809c-72d7a1225c33 is started using port 15128 for RATIS_DATASTREAM
2023-06-06 14:28:43,735 [JvmPauseMonitor20] INFO  util.JvmPauseMonitor (JvmPauseMonitor.java:run(103)) - JvmPauseMonitor-68f873c3-529d-421e-809c-72d7a1225c33: Started
2023-06-06 14:28:43,742 [BlockDeletingService#0] INFO  interfaces.ContainerDeletionChoosingPolicyTemplate (ContainerDeletionChoosingPolicyTemplate.java:chooseContainerForBlockDeletion(83)) - Chosen 0/5000 blocks from 0 candidate containers.
2023-06-06 14:28:44,051 [Time-limited test] INFO  ozone.MiniOzoneClusterImpl (MiniOzoneClusterImpl.java:lambda$waitForClusterToBeReady$0(222)) - Waiting for nodes to be ready. Got 0 of 3 DN Heartbeats.
2023-06-06 14:28:44,051 [Time-limited test] INFO  ozone.MiniOzoneClusterImpl (MiniOzoneClusterImpl.java:lambda$waitForClusterToBeReady$0(225)) - Waiting for cluster to exit safe mode
2023-06-06 14:28:44,051 [Time-limited test] INFO  ozone.MiniOzoneClusterImpl (MiniOzoneClusterImpl.java:lambda$waitForClusterToBeReady$0(227)) - SCM became leader
2023-06-06 14:28:44,091 [EndpointStateMachine task thread for /0.0.0.0:15106 - 0 ] INFO  utils.DatanodeStoreCache (DatanodeStoreCache.java:addDB(66)) - Added db /home/runner/work/ozone/ozone/hadoop-ozone/integration-test/target/test-dir/MiniOzoneClusterImpl-19dab9f3-ddac-4c20-9ee1-602e65f43fab/datanode-2/data-0/containers/hdds/19dab9f3-ddac-4c20-9ee1-602e65f43fab/DS-a2f49d5c-9998-4b10-8678-df3fad6d961d/container.db to cache
2023-06-06 14:28:44,091 [EndpointStateMachine task thread for /0.0.0.0:15106 - 0 ] INFO  volume.HddsVolume (HddsVolume.java:createDbStore(350)) - SchemaV3 db is created and loaded at /home/runner/work/ozone/ozone/hadoop-ozone/integration-test/target/test-dir/MiniOzoneClusterImpl-19dab9f3-ddac-4c20-9ee1-602e65f43fab/datanode-2/data-0/containers/hdds/19dab9f3-ddac-4c20-9ee1-602e65f43fab/DS-a2f49d5c-9998-4b10-8678-df3fad6d961d/container.db for volume DS-a2f49d5c-9998-4b10-8678-df3fad6d961d
2023-06-06 14:28:44,091 [EndpointStateMachine task thread for /0.0.0.0:15106 - 0 ] INFO  ozoneimpl.OzoneContainer (OzoneContainer.java:start(398)) - Attempting to start container services.
2023-06-06 14:28:44,092 [EndpointStateMachine task thread for /0.0.0.0:15106 - 0 ] INFO  ozoneimpl.OzoneContainer (OzoneContainer.java:startContainerScrub(314)) - Scheduled background container scanners and the on-demand container scanner have been disabled.
2023-06-06 14:28:44,095 [EndpointStateMachine task thread for /0.0.0.0:15106 - 0 ] INFO  replication.ReplicationServer (ReplicationServer.java:start(128)) - ReplicationServer is started using port 15138
2023-06-06 14:28:44,095 [EndpointStateMachine task thread for /0.0.0.0:15106 - 0 ] INFO  ratis.XceiverServerRatis (XceiverServerRatis.java:start(517)) - Starting XceiverServerRatis 77d17280-0276-45d4-bf82-17b9da904fb0
2023-06-06 14:28:44,096 [EndpointStateMachine task thread for /0.0.0.0:15106 - 0 ] INFO  server.RaftServer (RaftServerProxy.java:startImpl(400)) - 77d17280-0276-45d4-bf82-17b9da904fb0: start RPC server
2023-06-06 14:28:44,097 [EndpointStateMachine task thread for /0.0.0.0:15106 - 0 ] INFO  server.GrpcService (GrpcService.java:startImpl(302)) - 77d17280-0276-45d4-bf82-17b9da904fb0: GrpcService started, listening on 15134
2023-06-06 14:28:44,098 [EndpointStateMachine task thread for /0.0.0.0:15106 - 0 ] INFO  server.GrpcService (GrpcService.java:startImpl(302)) - 77d17280-0276-45d4-bf82-17b9da904fb0: GrpcService started, listening on 15136
2023-06-06 14:28:44,099 [EndpointStateMachine task thread for /0.0.0.0:15106 - 0 ] INFO  server.GrpcService (GrpcService.java:startImpl(302)) - 77d17280-0276-45d4-bf82-17b9da904fb0: GrpcService started, listening on 15135
2023-06-06 14:28:44,103 [EndpointStateMachine task thread for /0.0.0.0:15106 - 0 ] INFO  ratis.XceiverServerRatis (XceiverServerRatis.java:getRealPort(543)) - XceiverServerRatis 77d17280-0276-45d4-bf82-17b9da904fb0 is started using port 15134 for RATIS
2023-06-06 14:28:44,103 [JvmPauseMonitor21] INFO  util.JvmPauseMonitor (JvmPauseMonitor.java:run(103)) - JvmPauseMonitor-77d17280-0276-45d4-bf82-17b9da904fb0: Started
2023-06-06 14:28:44,103 [EndpointStateMachine task thread for /0.0.0.0:15106 - 0 ] INFO  ratis.XceiverServerRatis (XceiverServerRatis.java:getRealPort(543)) - XceiverServerRatis 77d17280-0276-45d4-bf82-17b9da904fb0 is started using port 15135 for RATIS_ADMIN
2023-06-06 14:28:44,104 [EndpointStateMachine task thread for /0.0.0.0:15106 - 0 ] INFO  ratis.XceiverServerRatis (XceiverServerRatis.java:getRealPort(543)) - XceiverServerRatis 77d17280-0276-45d4-bf82-17b9da904fb0 is started using port 15136 for RATIS_SERVER
2023-06-06 14:28:44,104 [EndpointStateMachine task thread for /0.0.0.0:15106 - 0 ] INFO  ratis.XceiverServerRatis (XceiverServerRatis.java:getRealPort(543)) - XceiverServerRatis 77d17280-0276-45d4-bf82-17b9da904fb0 is started using port 15137 for RATIS_DATASTREAM
2023-06-06 14:28:44,112 [BlockDeletingService#0] INFO  interfaces.ContainerDeletionChoosingPolicyTemplate (ContainerDeletionChoosingPolicyTemplate.java:chooseContainerForBlockDeletion(83)) - Chosen 0/5000 blocks from 0 candidate containers.
2023-06-06 14:28:45,052 [Time-limited test] INFO  ozone.MiniOzoneClusterImpl (MiniOzoneClusterImpl.java:lambda$waitForClusterToBeReady$0(222)) - Waiting for nodes to be ready. Got 0 of 3 DN Heartbeats.
2023-06-06 14:28:45,052 [Time-limited test] INFO  ozone.MiniOzoneClusterImpl (MiniOzoneClusterImpl.java:lambda$waitForClusterToBeReady$0(225)) - Waiting for cluster to exit safe mode
2023-06-06 14:28:45,052 [Time-limited test] INFO  ozone.MiniOzoneClusterImpl (MiniOzoneClusterImpl.java:lambda$waitForClusterToBeReady$0(227)) - SCM became leader
2023-06-06 14:28:45,284 [IPC Server handler 0 on default port 15106] INFO  net.NetworkTopologyImpl (NetworkTopologyImpl.java:add(112)) - Added a new node: /default-rack/5adff45c-d552-4fe9-ae5a-69c6287068c4
2023-06-06 14:28:45,284 [IPC Server handler 0 on default port 15106] INFO  node.SCMNodeManager (SCMNodeManager.java:register(407)) - Registered Data node : 5adff45c-d552-4fe9-ae5a-69c6287068c4{ip: 10.1.0.37, host: fv-az1133-973.qlb2sqfkji0uhjsjdnlwzcsdwg.bx.internal.cloudapp.net, ports: [HTTP=15113, CLIENT_RPC=15114, REPLICATION=15120, RATIS=15116, RATIS_ADMIN=15117, RATIS_SERVER=15118, RATIS_DATASTREAM=15119, STANDALONE=15115], networkLocation: /default-rack, certSerialId: null, persistedOpState: null, persistedOpStateExpiryEpochSec: 0}
2023-06-06 14:28:45,287 [EventQueue-NodeRegistrationContainerReportForDataNodeSafeModeRule] INFO  safemode.SCMSafeModeManager (DataNodeSafeModeRule.java:process(71)) - SCM in safe mode. 1 DataNodes registered, 3 required.
2023-06-06 14:28:45,288 [EventQueue-NodeRegistrationContainerReportForContainerSafeModeRule] INFO  safemode.SCMSafeModeManager (SCMSafeModeManager.java:validateSafeModeExitRules(200)) - ContainerSafeModeRule rule is successfully validated
2023-06-06 14:28:45,289 [EventQueue-PipelineReportForOneReplicaPipelineSafeModeRule] INFO  safemode.SCMSafeModeManager (SCMSafeModeManager.java:validateSafeModeExitRules(200)) - AtleastOneDatanodeReportedRule rule is successfully validated
2023-06-06 14:28:45,291 [EventQueue-NewNodeForNewNodeHandler] INFO  pipeline.BackgroundPipelineCreator (BackgroundPipelineCreator.java:notifyEventTriggered(276)) - trigger a one-shot run on RatisPipelineUtilsThread.
2023-06-06 14:28:45,291 [RatisPipelineUtilsThread - 0] INFO  pipeline.RatisPipelineProvider (RatisPipelineProvider.java:lambda$create$0(206)) - Sending CreatePipelineCommand for pipeline:PipelineID=ad90657e-59a4-4e3f-8a49-62cb3b2bba76 to datanode:5adff45c-d552-4fe9-ae5a-69c6287068c4
2023-06-06 14:28:45,293 [RatisPipelineUtilsThread - 0] INFO  pipeline.PipelineStateManagerImpl (PipelineStateManagerImpl.java:addPipeline(103)) - Created pipeline Pipeline[ Id: ad90657e-59a4-4e3f-8a49-62cb3b2bba76, Nodes: 5adff45c-d552-4fe9-ae5a-69c6287068c4(fv-az1133-973.qlb2sqfkji0uhjsjdnlwzcsdwg.bx.internal.cloudapp.net/10.1.0.37), ReplicationConfig: RATIS/ONE, State:ALLOCATED, leaderId:, CreationTimestamp2023-06-06T14:28:45.291Z[Etc/UTC]].
2023-06-06 14:28:45,678 [IPC Server handler 1 on default port 15106] INFO  net.NetworkTopologyImpl (NetworkTopologyImpl.java:add(112)) - Added a new node: /default-rack/68f873c3-529d-421e-809c-72d7a1225c33
2023-06-06 14:28:45,678 [IPC Server handler 1 on default port 15106] INFO  node.SCMNodeManager (SCMNodeManager.java:register(407)) - Registered Data node : 68f873c3-529d-421e-809c-72d7a1225c33{ip: 10.1.0.37, host: fv-az1133-973.qlb2sqfkji0uhjsjdnlwzcsdwg.bx.internal.cloudapp.net, ports: [HTTP=15122, CLIENT_RPC=15123, REPLICATION=15129, RATIS=15125, RATIS_ADMIN=15126, RATIS_SERVER=15127, RATIS_DATASTREAM=15128, STANDALONE=15124], networkLocation: /default-rack, certSerialId: null, persistedOpState: null, persistedOpStateExpiryEpochSec: 0}
2023-06-06 14:28:45,678 [EventQueue-NewNodeForNewNodeHandler] INFO  pipeline.BackgroundPipelineCreator (BackgroundPipelineCreator.java:notifyEventTriggered(276)) - trigger a one-shot run on RatisPipelineUtilsThread.
2023-06-06 14:28:45,680 [EventQueue-NodeRegistrationContainerReportForDataNodeSafeModeRule] INFO  safemode.SCMSafeModeManager (DataNodeSafeModeRule.java:process(71)) - SCM in safe mode. 2 DataNodes registered, 3 required.
2023-06-06 14:28:45,680 [RatisPipelineUtilsThread - 0] INFO  pipeline.RatisPipelineProvider (RatisPipelineProvider.java:lambda$create$0(206)) - Sending CreatePipelineCommand for pipeline:PipelineID=aec2c679-831b-407a-b33c-37aea8a47266 to datanode:68f873c3-529d-421e-809c-72d7a1225c33
2023-06-06 14:28:45,681 [RatisPipelineUtilsThread - 0] INFO  pipeline.PipelineStateManagerImpl (PipelineStateManagerImpl.java:addPipeline(103)) - Created pipeline Pipeline[ Id: aec2c679-831b-407a-b33c-37aea8a47266, Nodes: 68f873c3-529d-421e-809c-72d7a1225c33(fv-az1133-973.qlb2sqfkji0uhjsjdnlwzcsdwg.bx.internal.cloudapp.net/10.1.0.37), ReplicationConfig: RATIS/ONE, State:ALLOCATED, leaderId:, CreationTimestamp2023-06-06T14:28:45.680Z[Etc/UTC]].
2023-06-06 14:28:46,052 [Time-limited test] INFO  ozone.MiniOzoneClusterImpl (MiniOzoneClusterImpl.java:lambda$waitForClusterToBeReady$0(222)) - Waiting for nodes to be ready. Got 2 of 3 DN Heartbeats.
2023-06-06 14:28:46,052 [Time-limited test] INFO  ozone.MiniOzoneClusterImpl (MiniOzoneClusterImpl.java:lambda$waitForClusterToBeReady$0(225)) - Waiting for cluster to exit safe mode
2023-06-06 14:28:46,052 [Time-limited test] INFO  ozone.MiniOzoneClusterImpl (MiniOzoneClusterImpl.java:lambda$waitForClusterToBeReady$0(227)) - SCM became leader
2023-06-06 14:28:46,064 [IPC Server handler 2 on default port 15106] INFO  net.NetworkTopologyImpl (NetworkTopologyImpl.java:add(112)) - Added a new node: /default-rack/77d17280-0276-45d4-bf82-17b9da904fb0
2023-06-06 14:28:46,064 [IPC Server handler 2 on default port 15106] INFO  node.SCMNodeManager (SCMNodeManager.java:register(407)) - Registered Data node : 77d17280-0276-45d4-bf82-17b9da904fb0{ip: 10.1.0.37, host: fv-az1133-973.qlb2sqfkji0uhjsjdnlwzcsdwg.bx.internal.cloudapp.net, ports: [HTTP=15131, CLIENT_RPC=15132, REPLICATION=15138, RATIS=15134, RATIS_ADMIN=15135, RATIS_SERVER=15136, RATIS_DATASTREAM=15137, STANDALONE=15133], networkLocation: /default-rack, certSerialId: null, persistedOpState: null, persistedOpStateExpiryEpochSec: 0}
2023-06-06 14:28:46,065 [EventQueue-NewNodeForNewNodeHandler] INFO  pipeline.BackgroundPipelineCreator (BackgroundPipelineCreator.java:notifyEventTriggered(276)) - trigger a one-shot run on RatisPipelineUtilsThread.
2023-06-06 14:28:46,065 [EventQueue-NodeRegistrationContainerReportForDataNodeSafeModeRule] INFO  safemode.SCMSafeModeManager (DataNodeSafeModeRule.java:process(71)) - SCM in safe mode. 3 DataNodes registered, 3 required.
2023-06-06 14:28:46,065 [EventQueue-NodeRegistrationContainerReportForDataNodeSafeModeRule] INFO  safemode.SCMSafeModeManager (SCMSafeModeManager.java:validateSafeModeExitRules(200)) - DataNodeSafeModeRule rule is successfully validated
2023-06-06 14:28:46,065 [EventQueue-NodeRegistrationContainerReportForDataNodeSafeModeRule] INFO  safemode.SCMSafeModeManager (SCMSafeModeManager.java:completePreCheck(229)) - All SCM safe mode pre check rules have passed
2023-06-06 14:28:46,065 [EventQueue-NodeRegistrationContainerReportForDataNodeSafeModeRule] INFO  ha.SCMContext (SCMContext.java:updateSafeModeStatus(228)) - Update SafeModeStatus from SafeModeStatus{safeModeStatus=true, preCheckPassed=false} to SafeModeStatus{safeModeStatus=true, preCheckPassed=true}.
2023-06-06 14:28:46,065 [EventQueue-NodeRegistrationContainerReportForDataNodeSafeModeRule] INFO  pipeline.BackgroundPipelineCreator (BackgroundPipelineCreator.java:notifyEventTriggered(276)) - trigger a one-shot run on RatisPipelineUtilsThread.
2023-06-06 14:28:46,065 [RatisPipelineUtilsThread - 0] INFO  pipeline.RatisPipelineProvider (RatisPipelineProvider.java:lambda$create$0(206)) - Sending CreatePipelineCommand for pipeline:PipelineID=9fe5b7f7-d4a4-4730-8354-d5dcf26f586c to datanode:77d17280-0276-45d4-bf82-17b9da904fb0
2023-06-06 14:28:46,066 [RatisPipelineUtilsThread - 0] INFO  pipeline.PipelineStateManagerImpl (PipelineStateManagerImpl.java:addPipeline(103)) - Created pipeline Pipeline[ Id: 9fe5b7f7-d4a4-4730-8354-d5dcf26f586c, Nodes: 77d17280-0276-45d4-bf82-17b9da904fb0(fv-az1133-973.qlb2sqfkji0uhjsjdnlwzcsdwg.bx.internal.cloudapp.net/10.1.0.37), ReplicationConfig: RATIS/ONE, State:ALLOCATED, leaderId:, CreationTimestamp2023-06-06T14:28:46.065Z[Etc/UTC]].
2023-06-06 14:28:46,067 [RatisPipelineUtilsThread - 0] INFO  pipeline.RatisPipelineProvider (RatisPipelineProvider.java:lambda$create$0(206)) - Sending CreatePipelineCommand for pipeline:PipelineID=3f4c25f5-5c6b-4ff8-846c-b0860dd71571 to datanode:5adff45c-d552-4fe9-ae5a-69c6287068c4
2023-06-06 14:28:46,067 [RatisPipelineUtilsThread - 0] INFO  pipeline.RatisPipelineProvider (RatisPipelineProvider.java:lambda$create$0(206)) - Sending CreatePipelineCommand for pipeline:PipelineID=3f4c25f5-5c6b-4ff8-846c-b0860dd71571 to datanode:77d17280-0276-45d4-bf82-17b9da904fb0
2023-06-06 14:28:46,067 [RatisPipelineUtilsThread - 0] INFO  pipeline.RatisPipelineProvider (RatisPipelineProvider.java:lambda$create$0(206)) - Sending CreatePipelineCommand for pipeline:PipelineID=3f4c25f5-5c6b-4ff8-846c-b0860dd71571 to datanode:68f873c3-529d-421e-809c-72d7a1225c33
2023-06-06 14:28:46,068 [RatisPipelineUtilsThread - 0] INFO  pipeline.PipelineStateManagerImpl (PipelineStateManagerImpl.java:addPipeline(103)) - Created pipeline Pipeline[ Id: 3f4c25f5-5c6b-4ff8-846c-b0860dd71571, Nodes: 5adff45c-d552-4fe9-ae5a-69c6287068c4(fv-az1133-973.qlb2sqfkji0uhjsjdnlwzcsdwg.bx.internal.cloudapp.net/10.1.0.37)77d17280-0276-45d4-bf82-17b9da904fb0(fv-az1133-973.qlb2sqfkji0uhjsjdnlwzcsdwg.bx.internal.cloudapp.net/10.1.0.37)68f873c3-529d-421e-809c-72d7a1225c33(fv-az1133-973.qlb2sqfkji0uhjsjdnlwzcsdwg.bx.internal.cloudapp.net/10.1.0.37), ReplicationConfig: RATIS/THREE, State:ALLOCATED, leaderId:, CreationTimestamp2023-06-06T14:28:46.067Z[Etc/UTC]].
2023-06-06 14:28:46,069 [RatisPipelineUtilsThread - 0] INFO  pipeline.RatisPipelineProvider (RatisPipelineProvider.java:lambda$create$0(206)) - Sending CreatePipelineCommand for pipeline:PipelineID=37c5242d-f9f5-4e57-a253-4d9e7b64ebd6 to datanode:68f873c3-529d-421e-809c-72d7a1225c33
2023-06-06 14:28:46,069 [RatisPipelineUtilsThread - 0] INFO  pipeline.RatisPipelineProvider (RatisPipelineProvider.java:lambda$create$0(206)) - Sending CreatePipelineCommand for pipeline:PipelineID=37c5242d-f9f5-4e57-a253-4d9e7b64ebd6 to datanode:5adff45c-d552-4fe9-ae5a-69c6287068c4
2023-06-06 14:28:46,069 [RatisPipelineUtilsThread - 0] INFO  pipeline.RatisPipelineProvider (RatisPipelineProvider.java:lambda$create$0(206)) - Sending CreatePipelineCommand for pipeline:PipelineID=37c5242d-f9f5-4e57-a253-4d9e7b64ebd6 to datanode:77d17280-0276-45d4-bf82-17b9da904fb0
2023-06-06 14:28:46,069 [RatisPipelineUtilsThread - 0] INFO  pipeline.PipelineStateManagerImpl (PipelineStateManagerImpl.java:addPipeline(103)) - Created pipeline Pipeline[ Id: 37c5242d-f9f5-4e57-a253-4d9e7b64ebd6, Nodes: 68f873c3-529d-421e-809c-72d7a1225c33(fv-az1133-973.qlb2sqfkji0uhjsjdnlwzcsdwg.bx.internal.cloudapp.net/10.1.0.37)5adff45c-d552-4fe9-ae5a-69c6287068c4(fv-az1133-973.qlb2sqfkji0uhjsjdnlwzcsdwg.bx.internal.cloudapp.net/10.1.0.37)77d17280-0276-45d4-bf82-17b9da904fb0(fv-az1133-973.qlb2sqfkji0uhjsjdnlwzcsdwg.bx.internal.cloudapp.net/10.1.0.37), ReplicationConfig: RATIS/THREE, State:ALLOCATED, leaderId:, CreationTimestamp2023-06-06T14:28:46.069Z[Etc/UTC]].
2023-06-06 14:28:46,071 [RatisPipelineUtilsThread - 0] INFO  pipeline.PipelineManagerImpl (PipelineManagerImpl.java:recordMetricsForPipeline(826)) - Pipeline: PipelineID=37c5242d-f9f5-4e57-a253-4d9e7b64ebd6 contains same datanodes as previous pipelines: PipelineID=3f4c25f5-5c6b-4ff8-846c-b0860dd71571 nodeIds: 68f873c3-529d-421e-809c-72d7a1225c33, 5adff45c-d552-4fe9-ae5a-69c6287068c4, 77d17280-0276-45d4-bf82-17b9da904fb0
2023-06-06 14:28:46,072 [RatisPipelineUtilsThread - 0] WARN  pipeline.PipelinePlacementPolicy (PipelinePlacementPolicy.java:filterViableNodes(166)) - Pipeline creation failed due to no sufficient healthy datanodes. Required 3. Found 0. Excluded 3.
2023-06-06 14:28:46,072 [RatisPipelineUtilsThread - 0] WARN  pipeline.PipelinePlacementPolicy (PipelinePlacementPolicy.java:filterViableNodes(166)) - Pipeline creation failed due to no sufficient healthy datanodes. Required 3. Found 0. Excluded 3.
2023-06-06 14:28:47,053 [Time-limited test] INFO  ozone.MiniOzoneClusterImpl (MiniOzoneClusterImpl.java:lambda$waitForClusterToBeReady$0(222)) - Nodes are ready. Got 3 of 3 DN Heartbeats.
2023-06-06 14:28:47,053 [Time-limited test] INFO  ozone.MiniOzoneClusterImpl (MiniOzoneClusterImpl.java:lambda$waitForClusterToBeReady$0(225)) - Waiting for cluster to exit safe mode
2023-06-06 14:28:47,053 [Time-limited test] INFO  ozone.MiniOzoneClusterImpl (MiniOzoneClusterImpl.java:lambda$waitForClusterToBeReady$0(227)) - SCM became leader
2023-06-06 14:28:48,055 [Time-limited test] INFO  ozone.MiniOzoneClusterImpl (MiniOzoneClusterImpl.java:lambda$waitForClusterToBeReady$0(222)) - Nodes are ready. Got 3 of 3 DN Heartbeats.
2023-06-06 14:28:48,056 [Time-limited test] INFO  ozone.MiniOzoneClusterImpl (MiniOzoneClusterImpl.java:lambda$waitForClusterToBeReady$0(225)) - Waiting for cluster to exit safe mode
2023-06-06 14:28:48,056 [Time-limited test] INFO  ozone.MiniOzoneClusterImpl (MiniOzoneClusterImpl.java:lambda$waitForClusterToBeReady$0(227)) - SCM became leader
2023-06-06 14:28:48,287 [PipelineCommandHandlerThread-0] INFO  server.RaftServer (RaftServerProxy.java:addNew(98)) - 5adff45c-d552-4fe9-ae5a-69c6287068c4: addNew group-62CB3B2BBA76:[5adff45c-d552-4fe9-ae5a-69c6287068c4|rpc:10.1.0.37:15118|admin:10.1.0.37:15117|client:10.1.0.37:15116|dataStream:10.1.0.37:15119|priority:1|startupRole:FOLLOWER] returns group-62CB3B2BBA76:java.util.concurrent.CompletableFuture@32219639[Not completed]
2023-06-06 14:28:48,293 [5adff45c-d552-4fe9-ae5a-69c6287068c4-groupManagement] INFO  server.RaftServer$Division (RaftServerImpl.java:<init>(198)) - 5adff45c-d552-4fe9-ae5a-69c6287068c4: new RaftServerImpl for group-62CB3B2BBA76:[5adff45c-d552-4fe9-ae5a-69c6287068c4|rpc:10.1.0.37:15118|admin:10.1.0.37:15117|client:10.1.0.37:15116|dataStream:10.1.0.37:15119|priority:1|startupRole:FOLLOWER] with ContainerStateMachine:uninitialized
2023-06-06 14:28:48,293 [5adff45c-d552-4fe9-ae5a-69c6287068c4-groupManagement] INFO  server.RaftServerConfigKeys (ConfUtils.java:logGet(46)) - raft.server.rpc.timeout.min = 5s (custom)
2023-06-06 14:28:48,293 [5adff45c-d552-4fe9-ae5a-69c6287068c4-groupManagement] INFO  server.RaftServerConfigKeys (ConfUtils.java:logGet(46)) - raft.server.rpc.timeout.max = 5200ms (custom)
2023-06-06 14:28:48,293 [5adff45c-d552-4fe9-ae5a-69c6287068c4-groupManagement] INFO  server.RaftServerConfigKeys (ConfUtils.java:logGet(46)) - raft.server.rpc.sleep.time = 25ms (default)
2023-06-06 14:28:48,293 [5adff45c-d552-4fe9-ae5a-69c6287068c4-groupManagement] INFO  server.RaftServerConfigKeys (ConfUtils.java:logGet(46)) - raft.server.rpc.slowness.timeout = 300s (custom)
2023-06-06 14:28:48,293 [5adff45c-d552-4fe9-ae5a-69c6287068c4-groupManagement] INFO  server.RaftServerConfigKeys (ConfUtils.java:logGet(46)) - raft.server.leaderelection.leader.step-down.wait-time = 10s (default)
2023-06-06 14:28:48,293 [5adff45c-d552-4fe9-ae5a-69c6287068c4-groupManagement] INFO  server.RaftServerConfigKeys (ConfUtils.java:logGet(46)) - raft.server.sleep.deviation.threshold = 300ms (default)
2023-06-06 14:28:48,293 [5adff45c-d552-4fe9-ae5a-69c6287068c4-groupManagement] INFO  server.RaftServer$Division (ServerState.java:<init>(120)) - 5adff45c-d552-4fe9-ae5a-69c6287068c4@group-62CB3B2BBA76: ConfigurationManager, init=-1: peers:[5adff45c-d552-4fe9-ae5a-69c6287068c4|rpc:10.1.0.37:15118|admin:10.1.0.37:15117|client:10.1.0.37:15116|dataStream:10.1.0.37:15119|priority:1|startupRole:FOLLOWER]|listeners:[], old=null, confs=<EMPTY_MAP>
2023-06-06 14:28:48,294 [5adff45c-d552-4fe9-ae5a-69c6287068c4-groupManagement] INFO  server.RaftServerConfigKeys (ConfUtils.java:logGet(46)) - raft.server.storage.dir = [/home/runner/work/ozone/ozone/hadoop-ozone/integration-test/target/test-dir/MiniOzoneClusterImpl-19dab9f3-ddac-4c20-9ee1-602e65f43fab/datanode-0/data/ratis] (custom)
2023-06-06 14:28:48,294 [5adff45c-d552-4fe9-ae5a-69c6287068c4-groupManagement] INFO  server.RaftServerConfigKeys (ConfUtils.java:logGet(46)) - raft.server.log.corruption.policy = EXCEPTION (default)
2023-06-06 14:28:48,294 [5adff45c-d552-4fe9-ae5a-69c6287068c4-groupManagement] INFO  server.RaftServerConfigKeys (ConfUtils.java:logGet(46)) - raft.server.storage.free-space.min = 0MB (=0) (default)
2023-06-06 14:28:48,294 [5adff45c-d552-4fe9-ae5a-69c6287068c4-groupManagement] INFO  server.RaftServerConfigKeys (ConfUtils.java:logGet(46)) - raft.server.notification.no-leader.timeout = 300s (custom)
2023-06-06 14:28:48,295 [5adff45c-d552-4fe9-ae5a-69c6287068c4-groupManagement] INFO  server.RaftServerConfigKeys (ConfUtils.java:logGet(46)) - raft.server.read.timeout = 10s (default)
2023-06-06 14:28:48,295 [5adff45c-d552-4fe9-ae5a-69c6287068c4-groupManagement] INFO  server.RaftServerConfigKeys (ConfUtils.java:logGet(46)) - raft.server.retrycache.expirytime = 600000ms (custom)
2023-06-06 14:28:48,295 [5adff45c-d552-4fe9-ae5a-69c6287068c4-groupManagement] INFO  server.RaftServerConfigKeys (ConfUtils.java:logGet(46)) - raft.server.retrycache.statistics.expirytime = 100μs (default)
2023-06-06 14:28:48,296 [5adff45c-d552-4fe9-ae5a-69c6287068c4-groupManagement] INFO  server.RaftServerConfigKeys (ConfUtils.java:logGet(46)) - raft.server.read.option = DEFAULT (default)
2023-06-06 14:28:48,300 [5adff45c-d552-4fe9-ae5a-69c6287068c4-groupManagement] INFO  server.RaftServerConfigKeys (ConfUtils.java:logGet(46)) - raft.server.rpc.request.timeout = 60s (custom)
2023-06-06 14:28:48,300 [5adff45c-d552-4fe9-ae5a-69c6287068c4-groupManagement] INFO  server.RaftServerConfigKeys (ConfUtils.java:logGet(46)) - raft.server.log.appender.install.snapshot.enabled = false (custom)
2023-06-06 14:28:48,300 [5adff45c-d552-4fe9-ae5a-69c6287068c4-groupManagement] INFO  server.RaftServerConfigKeys (ConfUtils.java:logGet(46)) - raft.server.threadpool.server.cached = true (default)
2023-06-06 14:28:48,300 [5adff45c-d552-4fe9-ae5a-69c6287068c4-groupManagement] INFO  server.RaftServerConfigKeys (ConfUtils.java:logGet(46)) - raft.server.threadpool.server.size = 0 (default)
2023-06-06 14:28:48,300 [5adff45c-d552-4fe9-ae5a-69c6287068c4-groupManagement] INFO  server.RaftServerConfigKeys (ConfUtils.java:logGet(46)) - raft.server.threadpool.client.cached = true (default)
2023-06-06 14:28:48,300 [5adff45c-d552-4fe9-ae5a-69c6287068c4-groupManagement] INFO  server.RaftServerConfigKeys (ConfUtils.java:logGet(46)) - raft.server.threadpool.client.size = 0 (default)
2023-06-06 14:28:48,300 [5adff45c-d552-4fe9-ae5a-69c6287068c4-groupManagement] INFO  storage.RaftStorageDirectory (RaftStorageDirectoryImpl.java:analyzeStorage(137)) - The storage directory /home/runner/work/ozone/ozone/hadoop-ozone/integration-test/target/test-dir/MiniOzoneClusterImpl-19dab9f3-ddac-4c20-9ee1-602e65f43fab/datanode-0/data/ratis/ad90657e-59a4-4e3f-8a49-62cb3b2bba76 does not exist. Creating ...
2023-06-06 14:28:48,301 [5adff45c-d552-4fe9-ae5a-69c6287068c4-groupManagement] INFO  storage.RaftStorageDirectory (RaftStorageDirectoryImpl.java:tryLock(231)) - Lock on /home/runner/work/ozone/ozone/hadoop-ozone/integration-test/target/test-dir/MiniOzoneClusterImpl-19dab9f3-ddac-4c20-9ee1-602e65f43fab/datanode-0/data/ratis/ad90657e-59a4-4e3f-8a49-62cb3b2bba76/in_use.lock acquired by nodename 75814@fv-az1133-973
2023-06-06 14:28:48,303 [5adff45c-d552-4fe9-ae5a-69c6287068c4-groupManagement] INFO  storage.RaftStorage (RaftStorageImpl.java:format(96)) - Storage directory /home/runner/work/ozone/ozone/hadoop-ozone/integration-test/target/test-dir/MiniOzoneClusterImpl-19dab9f3-ddac-4c20-9ee1-602e65f43fab/datanode-0/data/ratis/ad90657e-59a4-4e3f-8a49-62cb3b2bba76 has been successfully formatted.
2023-06-06 14:28:48,306 [EventQueue-PipelineReportForPipelineReportHandler] INFO  pipeline.PipelineManagerImpl (PipelineManagerImpl.java:openPipeline(367)) - Pipeline Pipeline[ Id: ad90657e-59a4-4e3f-8a49-62cb3b2bba76, Nodes: 5adff45c-d552-4fe9-ae5a-69c6287068c4(fv-az1133-973.qlb2sqfkji0uhjsjdnlwzcsdwg.bx.internal.cloudapp.net/10.1.0.37), ReplicationConfig: RATIS/ONE, State:ALLOCATED, leaderId:5adff45c-d552-4fe9-ae5a-69c6287068c4, CreationTimestamp2023-06-06T14:28:45.291Z[Etc/UTC]] moved to OPEN state
2023-06-06 14:28:48,309 [5adff45c-d552-4fe9-ae5a-69c6287068c4-groupManagement] INFO  ratis.ContainerStateMachine (ContainerStateMachine.java:loadSnapshot(262)) - group-62CB3B2BBA76: The snapshot info is null. Setting the last applied indexto:(t:0, i:~)
2023-06-06 14:28:48,309 [5adff45c-d552-4fe9-ae5a-69c6287068c4-groupManagement] INFO  server.RaftServerConfigKeys (ConfUtils.java:logGet(46)) - raft.server.log.use.memory = false (default)
2023-06-06 14:28:48,309 [5adff45c-d552-4fe9-ae5a-69c6287068c4-groupManagement] INFO  server.RaftServerConfigKeys (ConfUtils.java:logGet(46)) - raft.server.log.purge.gap = 1000000 (custom)
2023-06-06 14:28:48,309 [5adff45c-d552-4fe9-ae5a-69c6287068c4-groupManagement] INFO  server.RaftServerConfigKeys (ConfUtils.java:logGet(46)) - raft.server.log.appender.buffer.byte-limit = 33554432 (custom)
2023-06-06 14:28:48,309 [5adff45c-d552-4fe9-ae5a-69c6287068c4-groupManagement] INFO  server.RaftServerConfigKeys (ConfUtils.java:logGet(46)) - raft.server.log.statemachine.data.read.timeout = 1000ms (default)
2023-06-06 14:28:48,309 [5adff45c-d552-4fe9-ae5a-69c6287068c4-groupManagement] INFO  server.RaftServerConfigKeys (ConfUtils.java:logGet(46)) - raft.server.log.purge.preservation.log.num = 0 (default)
2023-06-06 14:28:48,310 [5adff45c-d552-4fe9-ae5a-69c6287068c4-groupManagement] INFO  server.RaftServerConfigKeys (ConfUtils.java:logGet(46)) - raft.server.log.segment.size.max = 1048576 (custom)
2023-06-06 14:28:48,311 [5adff45c-d552-4fe9-ae5a-69c6287068c4-groupManagement] INFO  server.RaftServerConfigKeys (ConfUtils.java:logGet(46)) - raft.server.log.segment.cache.num.max = 2 (custom)
2023-06-06 14:28:48,311 [5adff45c-d552-4fe9-ae5a-69c6287068c4-groupManagement] INFO  server.RaftServerConfigKeys (ConfUtils.java:logGet(46)) - raft.server.log.segment.cache.size.max = 200MB (=209715200) (default)
2023-06-06 14:28:48,311 [5adff45c-d552-4fe9-ae5a-69c6287068c4-groupManagement] INFO  server.RaftServerConfigKeys (ConfUtils.java:logGet(46)) - raft.server.log.appender.buffer.byte-limit = 33554432 (custom)
2023-06-06 14:28:48,311 [5adff45c-d552-4fe9-ae5a-69c6287068c4-groupManagement] INFO  segmented.SegmentedRaftLogWorker (SegmentedRaftLogWorker.java:<init>(188)) - new 5adff45c-d552-4fe9-ae5a-69c6287068c4@group-62CB3B2BBA76-SegmentedRaftLogWorker for RaftStorageImpl:Storage Directory /home/runner/work/ozone/ozone/hadoop-ozone/integration-test/target/test-dir/MiniOzoneClusterImpl-19dab9f3-ddac-4c20-9ee1-602e65f43fab/datanode-0/data/ratis/ad90657e-59a4-4e3f-8a49-62cb3b2bba76
2023-06-06 14:28:48,311 [5adff45c-d552-4fe9-ae5a-69c6287068c4-groupManagement] INFO  server.RaftServerConfigKeys (ConfUtils.java:logGet(46)) - raft.server.log.queue.byte-limit = 4294967296 (custom)
2023-06-06 14:28:48,311 [5adff45c-d552-4fe9-ae5a-69c6287068c4-groupManagement] INFO  server.RaftServerConfigKeys (ConfUtils.java:logGet(46)) - raft.server.log.queue.element-limit = 1024 (custom)
2023-06-06 14:28:48,311 [5adff45c-d552-4fe9-ae5a-69c6287068c4-groupManagement] INFO  server.RaftServerConfigKeys (ConfUtils.java:logGet(46)) - raft.server.log.segment.size.max = 1048576 (custom)
2023-06-06 14:28:48,311 [5adff45c-d552-4fe9-ae5a-69c6287068c4-groupManagement] INFO  server.RaftServerConfigKeys (ConfUtils.java:logGet(46)) - raft.server.log.preallocated.size = 16384 (custom)
2023-06-06 14:28:48,311 [5adff45c-d552-4fe9-ae5a-69c6287068c4-groupManagement] INFO  server.RaftServerConfigKeys (ConfUtils.java:logGet(46)) - raft.server.log.force.sync.num = 128 (default)
2023-06-06 14:28:48,312 [5adff45c-d552-4fe9-ae5a-69c6287068c4-groupManagement] INFO  server.RaftServerConfigKeys (ConfUtils.java:logGet(46)) - raft.server.log.statemachine.data.sync = true (default)
2023-06-06 14:28:48,312 [5adff45c-d552-4fe9-ae5a-69c6287068c4-groupManagement] INFO  server.RaftServerConfigKeys (ConfUtils.java:logGet(46)) - raft.server.log.statemachine.data.sync.timeout = 10s (default)
2023-06-06 14:28:48,312 [5adff45c-d552-4fe9-ae5a-69c6287068c4-groupManagement] INFO  server.RaftServerConfigKeys (ConfUtils.java:logGet(46)) - raft.server.log.statemachine.data.sync.timeout.retry = -1 (default)
2023-06-06 14:28:48,319 [EventQueue-OpenPipelineForHealthyPipelineSafeModeRule] INFO  safemode.SCMSafeModeManager (HealthyPipelineSafeModeRule.java:process(137)) - SCM in safe mode. Healthy pipelines reported count is 0, required healthy pipeline reported count is 1
2023-06-06 14:28:48,319 [5adff45c-d552-4fe9-ae5a-69c6287068c4-groupManagement] INFO  server.RaftServerConfigKeys (ConfUtils.java:logGet(46)) - raft.server.log.write.buffer.size = 1048576 (custom)
2023-06-06 14:28:48,320 [5adff45c-d552-4fe9-ae5a-69c6287068c4-groupManagement] INFO  server.RaftServerConfigKeys (ConfUtils.java:logGet(46)) - raft.server.log.appender.buffer.byte-limit = 33554432 (custom)
2023-06-06 14:28:48,325 [5adff45c-d552-4fe9-ae5a-69c6287068c4-groupManagement] INFO  server.RaftServerConfigKeys (ConfUtils.java:logGet(46)) - raft.server.log.unsafe-flush.enabled = false (default)
2023-06-06 14:28:48,325 [5adff45c-d552-4fe9-ae5a-69c6287068c4-groupManagement] INFO  server.RaftServerConfigKeys (ConfUtils.java:logGet(46)) - raft.server.log.async-flush.enabled = false (default)
2023-06-06 14:28:48,325 [5adff45c-d552-4fe9-ae5a-69c6287068c4-groupManagement] INFO  server.RaftServerConfigKeys (ConfUtils.java:logGet(46)) - raft.server.log.statemachine.data.caching.enabled = true (custom)
2023-06-06 14:28:48,329 [5adff45c-d552-4fe9-ae5a-69c6287068c4-groupManagement] INFO  segmented.SegmentedRaftLogWorker (SegmentedRaftLogWorker.java:lambda$new$0(135)) - 5adff45c-d552-4fe9-ae5a-69c6287068c4@group-62CB3B2BBA76-SegmentedRaftLogWorker: flushIndex: setUnconditionally 0 -> -1
2023-06-06 14:28:48,329 [5adff45c-d552-4fe9-ae5a-69c6287068c4-groupManagement] INFO  segmented.SegmentedRaftLogWorker (SegmentedRaftLogWorker.java:lambda$new$0(135)) - 5adff45c-d552-4fe9-ae5a-69c6287068c4@group-62CB3B2BBA76-SegmentedRaftLogWorker: safeCacheEvictIndex: setUnconditionally 0 -> -1
2023-06-06 14:28:48,330 [5adff45c-d552-4fe9-ae5a-69c6287068c4-groupManagement] INFO  server.RaftServer$Division (RaftServerImpl.java:start(342)) - 5adff45c-d552-4fe9-ae5a-69c6287068c4@group-62CB3B2BBA76: start as a follower, conf=-1: peers:[5adff45c-d552-4fe9-ae5a-69c6287068c4|rpc:10.1.0.37:15118|admin:10.1.0.37:15117|client:10.1.0.37:15116|dataStream:10.1.0.37:15119|priority:1|startupRole:FOLLOWER]|listeners:[], old=null
2023-06-06 14:28:48,330 [5adff45c-d552-4fe9-ae5a-69c6287068c4-groupManagement] INFO  server.RaftServer$Division (RaftServerImpl.java:setRole(329)) - 5adff45c-d552-4fe9-ae5a-69c6287068c4@group-62CB3B2BBA76: changes role from      null to FOLLOWER at term 0 for startAsFollower
2023-06-06 14:28:48,330 [5adff45c-d552-4fe9-ae5a-69c6287068c4-groupManagement] INFO  impl.RoleInfo (RoleInfo.java:updateAndGet(139)) - 5adff45c-d552-4fe9-ae5a-69c6287068c4: start 5adff45c-d552-4fe9-ae5a-69c6287068c4@group-62CB3B2BBA76-FollowerState
2023-06-06 14:28:48,331 [5adff45c-d552-4fe9-ae5a-69c6287068c4-groupManagement] INFO  util.JmxRegister (JmxRegister.java:tryRegister(44)) - Successfully registered JMX Bean with object name Ratis:service=RaftServer,group=group-62CB3B2BBA76,id=5adff45c-d552-4fe9-ae5a-69c6287068c4
2023-06-06 14:28:48,331 [5adff45c-d552-4fe9-ae5a-69c6287068c4-groupManagement] INFO  server.RaftServerConfigKeys (ConfUtils.java:logGet(46)) - raft.server.snapshot.auto.trigger.enabled = true (custom)
2023-06-06 14:28:48,331 [5adff45c-d552-4fe9-ae5a-69c6287068c4-groupManagement] INFO  server.RaftServerConfigKeys (ConfUtils.java:logGet(46)) - raft.server.snapshot.auto.trigger.threshold = 10000 (custom)
2023-06-06 14:28:48,332 [5adff45c-d552-4fe9-ae5a-69c6287068c4-groupManagement] INFO  server.RaftServerConfigKeys (ConfUtils.java:logGet(46)) - raft.server.snapshot.retention.file.num = 5 (custom)
2023-06-06 14:28:48,332 [5adff45c-d552-4fe9-ae5a-69c6287068c4-groupManagement] INFO  server.RaftServerConfigKeys (ConfUtils.java:logGet(46)) - raft.server.log.purge.upto.snapshot.index = false (default)
2023-06-06 14:28:48,334 [5adff45c-d552-4fe9-ae5a-69c6287068c4@group-62CB3B2BBA76-FollowerState] INFO  server.RaftServerConfigKeys (ConfUtils.java:logFallback(53)) - raft.server.rpc.first-election.timeout.min = 5s (fallback to raft.server.rpc.timeout.min)
2023-06-06 14:28:48,335 [5adff45c-d552-4fe9-ae5a-69c6287068c4@group-62CB3B2BBA76-FollowerState] INFO  server.RaftServerConfigKeys (ConfUtils.java:logFallback(53)) - raft.server.rpc.first-election.timeout.max = 5200ms (fallback to raft.server.rpc.timeout.max)
2023-06-06 14:28:48,338 [PipelineCommandHandlerThread-0] INFO  ratis.XceiverServerRatis (XceiverServerRatis.java:addGroup(804)) - Created group PipelineID=ad90657e-59a4-4e3f-8a49-62cb3b2bba76
2023-06-06 14:28:48,338 [PipelineCommandHandlerThread-0] INFO  commandhandler.CreatePipelineCommandHandler (CreatePipelineCommandHandler.java:lambda$handle$2(124)) - Created Pipeline RATIS ONE PipelineID=ad90657e-59a4-4e3f-8a49-62cb3b2bba76.
2023-06-06 14:28:48,338 [PipelineCommandHandlerThread-0] INFO  server.RaftServer (RaftServerProxy.java:addNew(98)) - 5adff45c-d552-4fe9-ae5a-69c6287068c4: addNew group-B0860DD71571:[77d17280-0276-45d4-bf82-17b9da904fb0|rpc:10.1.0.37:15136|admin:10.1.0.37:15135|client:10.1.0.37:15134|dataStream:10.1.0.37:15137|priority:0|startupRole:FOLLOWER, 68f873c3-529d-421e-809c-72d7a1225c33|rpc:10.1.0.37:15127|admin:10.1.0.37:15126|client:10.1.0.37:15125|dataStream:10.1.0.37:15128|priority:0|startupRole:FOLLOWER, 5adff45c-d552-4fe9-ae5a-69c6287068c4|rpc:10.1.0.37:15118|admin:10.1.0.37:15117|client:10.1.0.37:15116|dataStream:10.1.0.37:15119|priority:1|startupRole:FOLLOWER] returns group-B0860DD71571:java.util.concurrent.CompletableFuture@361e04a5[Not completed]
2023-06-06 14:28:48,339 [5adff45c-d552-4fe9-ae5a-69c6287068c4-groupManagement] INFO  server.RaftServer$Division (RaftServerImpl.java:<init>(198)) - 5adff45c-d552-4fe9-ae5a-69c6287068c4: new RaftServerImpl for group-B0860DD71571:[77d17280-0276-45d4-bf82-17b9da904fb0|rpc:10.1.0.37:15136|admin:10.1.0.37:15135|client:10.1.0.37:15134|dataStream:10.1.0.37:15137|priority:0|startupRole:FOLLOWER, 68f873c3-529d-421e-809c-72d7a1225c33|rpc:10.1.0.37:15127|admin:10.1.0.37:15126|client:10.1.0.37:15125|dataStream:10.1.0.37:15128|priority:0|startupRole:FOLLOWER, 5adff45c-d552-4fe9-ae5a-69c6287068c4|rpc:10.1.0.37:15118|admin:10.1.0.37:15117|client:10.1.0.37:15116|dataStream:10.1.0.37:15119|priority:1|startupRole:FOLLOWER] with ContainerStateMachine:uninitialized
2023-06-06 14:28:48,339 [5adff45c-d552-4fe9-ae5a-69c6287068c4-groupManagement] INFO  server.RaftServerConfigKeys (ConfUtils.java:logGet(46)) - raft.server.rpc.timeout.min = 5s (custom)
2023-06-06 14:28:48,339 [5adff45c-d552-4fe9-ae5a-69c6287068c4-groupManagement] INFO  server.RaftServerConfigKeys (ConfUtils.java:logGet(46)) - raft.server.rpc.timeout.max = 5200ms (custom)
2023-06-06 14:28:48,339 [5adff45c-d552-4fe9-ae5a-69c6287068c4-groupManagement] INFO  server.RaftServerConfigKeys (ConfUtils.java:logGet(46)) - raft.server.rpc.sleep.time = 25ms (default)
2023-06-06 14:28:48,339 [5adff45c-d552-4fe9-ae5a-69c6287068c4-groupManagement] INFO  server.RaftServerConfigKeys (ConfUtils.java:logGet(46)) - raft.server.rpc.slowness.timeout = 300s (custom)
2023-06-06 14:28:48,339 [5adff45c-d552-4fe9-ae5a-69c6287068c4-groupManagement] INFO  server.RaftServerConfigKeys (ConfUtils.java:logGet(46)) - raft.server.leaderelection.leader.step-down.wait-time = 10s (default)
2023-06-06 14:28:48,339 [5adff45c-d552-4fe9-ae5a-69c6287068c4-groupManagement] INFO  server.RaftServerConfigKeys (ConfUtils.java:logGet(46)) - raft.server.sleep.deviation.threshold = 300ms (default)
2023-06-06 14:28:48,340 [5adff45c-d552-4fe9-ae5a-69c6287068c4-groupManagement] INFO  server.RaftServer$Division (ServerState.java:<init>(120)) - 5adff45c-d552-4fe9-ae5a-69c6287068c4@group-B0860DD71571: ConfigurationManager, init=-1: peers:[77d17280-0276-45d4-bf82-17b9da904fb0|rpc:10.1.0.37:15136|admin:10.1.0.37:15135|client:10.1.0.37:15134|dataStream:10.1.0.37:15137|priority:0|startupRole:FOLLOWER, 68f873c3-529d-421e-809c-72d7a1225c33|rpc:10.1.0.37:15127|admin:10.1.0.37:15126|client:10.1.0.37:15125|dataStream:10.1.0.37:15128|priority:0|startupRole:FOLLOWER, 5adff45c-d552-4fe9-ae5a-69c6287068c4|rpc:10.1.0.37:15118|admin:10.1.0.37:15117|client:10.1.0.37:15116|dataStream:10.1.0.37:15119|priority:1|startupRole:FOLLOWER]|listeners:[], old=null, confs=<EMPTY_MAP>
2023-06-06 14:28:48,340 [5adff45c-d552-4fe9-ae5a-69c6287068c4-groupManagement] INFO  server.RaftServerConfigKeys (ConfUtils.java:logGet(46)) - raft.server.storage.dir = [/home/runner/work/ozone/ozone/hadoop-ozone/integration-test/target/test-dir/MiniOzoneClusterImpl-19dab9f3-ddac-4c20-9ee1-602e65f43fab/datanode-0/data/ratis] (custom)
2023-06-06 14:28:48,340 [5adff45c-d552-4fe9-ae5a-69c6287068c4-groupManagement] INFO  server.RaftServerConfigKeys (ConfUtils.java:logGet(46)) - raft.server.log.corruption.policy = EXCEPTION (default)
2023-06-06 14:28:48,340 [5adff45c-d552-4fe9-ae5a-69c6287068c4-groupManagement] INFO  server.RaftServerConfigKeys (ConfUtils.java:logGet(46)) - raft.server.storage.free-space.min = 0MB (=0) (default)
2023-06-06 14:28:48,340 [5adff45c-d552-4fe9-ae5a-69c6287068c4-groupManagement] INFO  server.RaftServerConfigKeys (ConfUtils.java:logGet(46)) - raft.server.notification.no-leader.timeout = 300s (custom)
2023-06-06 14:28:48,340 [5adff45c-d552-4fe9-ae5a-69c6287068c4-groupManagement] INFO  server.RaftServerConfigKeys (ConfUtils.java:logGet(46)) - raft.server.read.timeout = 10s (default)
2023-06-06 14:28:48,340 [5adff45c-d552-4fe9-ae5a-69c6287068c4-groupManagement] INFO  server.RaftServerConfigKeys (ConfUtils.java:logGet(46)) - raft.server.retrycache.expirytime = 600000ms (custom)
2023-06-06 14:28:48,340 [5adff45c-d552-4fe9-ae5a-69c6287068c4-groupManagement] INFO  server.RaftServerConfigKeys (ConfUtils.java:logGet(46)) - raft.server.retrycache.statistics.expirytime = 100μs (default)
2023-06-06 14:28:48,340 [5adff45c-d552-4fe9-ae5a-69c6287068c4-groupManagement] INFO  server.RaftServerConfigKeys (ConfUtils.java:logGet(46)) - raft.server.read.option = DEFAULT (default)
2023-06-06 14:28:48,341 [5adff45c-d552-4fe9-ae5a-69c6287068c4-groupManagement] INFO  server.RaftServerConfigKeys (ConfUtils.java:logGet(46)) - raft.server.rpc.request.timeout = 60s (custom)
2023-06-06 14:28:48,341 [5adff45c-d552-4fe9-ae5a-69c6287068c4-groupManagement] INFO  server.RaftServerConfigKeys (ConfUtils.java:logGet(46)) - raft.server.log.appender.install.snapshot.enabled = false (custom)
2023-06-06 14:28:48,341 [5adff45c-d552-4fe9-ae5a-69c6287068c4-groupManagement] INFO  server.RaftServerConfigKeys (ConfUtils.java:logGet(46)) - raft.server.threadpool.server.cached = true (default)
2023-06-06 14:28:48,341 [5adff45c-d552-4fe9-ae5a-69c6287068c4-groupManagement] INFO  server.RaftServerConfigKeys (ConfUtils.java:logGet(46)) - raft.server.threadpool.server.size = 0 (default)
2023-06-06 14:28:48,341 [5adff45c-d552-4fe9-ae5a-69c6287068c4-groupManagement] INFO  server.RaftServerConfigKeys (ConfUtils.java:logGet(46)) - raft.server.threadpool.client.cached = true (default)
2023-06-06 14:28:48,341 [5adff45c-d552-4fe9-ae5a-69c6287068c4-groupManagement] INFO  server.RaftServerConfigKeys (ConfUtils.java:logGet(46)) - raft.server.threadpool.client.size = 0 (default)
2023-06-06 14:28:48,341 [5adff45c-d552-4fe9-ae5a-69c6287068c4-groupManagement] INFO  storage.RaftStorageDirectory (RaftStorageDirectoryImpl.java:analyzeStorage(137)) - The storage directory /home/runner/work/ozone/ozone/hadoop-ozone/integration-test/target/test-dir/MiniOzoneClusterImpl-19dab9f3-ddac-4c20-9ee1-602e65f43fab/datanode-0/data/ratis/3f4c25f5-5c6b-4ff8-846c-b0860dd71571 does not exist. Creating ...
2023-06-06 14:28:48,345 [5adff45c-d552-4fe9-ae5a-69c6287068c4-groupManagement] INFO  storage.RaftStorageDirectory (RaftStorageDirectoryImpl.java:tryLock(231)) - Lock on /home/runner/work/ozone/ozone/hadoop-ozone/integration-test/target/test-dir/MiniOzoneClusterImpl-19dab9f3-ddac-4c20-9ee1-602e65f43fab/datanode-0/data/ratis/3f4c25f5-5c6b-4ff8-846c-b0860dd71571/in_use.lock acquired by nodename 75814@fv-az1133-973
2023-06-06 14:28:48,346 [5adff45c-d552-4fe9-ae5a-69c6287068c4-groupManagement] INFO  storage.RaftStorage (RaftStorageImpl.java:format(96)) - Storage directory /home/runner/work/ozone/ozone/hadoop-ozone/integration-test/target/test-dir/MiniOzoneClusterImpl-19dab9f3-ddac-4c20-9ee1-602e65f43fab/datanode-0/data/ratis/3f4c25f5-5c6b-4ff8-846c-b0860dd71571 has been successfully formatted.
2023-06-06 14:28:48,346 [5adff45c-d552-4fe9-ae5a-69c6287068c4-groupManagement] INFO  ratis.ContainerStateMachine (ContainerStateMachine.java:loadSnapshot(262)) - group-B0860DD71571: The snapshot info is null. Setting the last applied indexto:(t:0, i:~)
2023-06-06 14:28:48,346 [5adff45c-d552-4fe9-ae5a-69c6287068c4-groupManagement] INFO  server.RaftServerConfigKeys (ConfUtils.java:logGet(46)) - raft.server.log.use.memory = false (default)
2023-06-06 14:28:48,346 [5adff45c-d552-4fe9-ae5a-69c6287068c4-groupManagement] INFO  server.RaftServerConfigKeys (ConfUtils.java:logGet(46)) - raft.server.log.purge.gap = 1000000 (custom)
2023-06-06 14:28:48,346 [5adff45c-d552-4fe9-ae5a-69c6287068c4-groupManagement] INFO  server.RaftServerConfigKeys (ConfUtils.java:logGet(46)) - raft.server.log.appender.buffer.byte-limit = 33554432 (custom)
2023-06-06 14:28:48,347 [5adff45c-d552-4fe9-ae5a-69c6287068c4-groupManagement] INFO  server.RaftServerConfigKeys (ConfUtils.java:logGet(46)) - raft.server.log.statemachine.data.read.timeout = 1000ms (default)
2023-06-06 14:28:48,347 [5adff45c-d552-4fe9-ae5a-69c6287068c4-groupManagement] INFO  server.RaftServerConfigKeys (ConfUtils.java:logGet(46)) - raft.server.log.purge.preservation.log.num = 0 (default)
2023-06-06 14:28:48,347 [5adff45c-d552-4fe9-ae5a-69c6287068c4-groupManagement] INFO  server.RaftServerConfigKeys (ConfUtils.java:logGet(46)) - raft.server.log.segment.size.max = 1048576 (custom)
2023-06-06 14:28:48,348 [EventQueue-OpenPipelineForHealthyPipelineSafeModeRule] INFO  safemode.SCMSafeModeManager (HealthyPipelineSafeModeRule.java:process(137)) - SCM in safe mode. Healthy pipelines reported count is 0, required healthy pipeline reported count is 1
2023-06-06 14:28:48,350 [5adff45c-d552-4fe9-ae5a-69c6287068c4-groupManagement] INFO  server.RaftServerConfigKeys (ConfUtils.java:logGet(46)) - raft.server.log.segment.cache.num.max = 2 (custom)
2023-06-06 14:28:48,350 [5adff45c-d552-4fe9-ae5a-69c6287068c4-groupManagement] INFO  server.RaftServerConfigKeys (ConfUtils.java:logGet(46)) - raft.server.log.segment.cache.size.max = 200MB (=209715200) (default)
2023-06-06 14:28:48,350 [5adff45c-d552-4fe9-ae5a-69c6287068c4-groupManagement] INFO  server.RaftServerConfigKeys (ConfUtils.java:logGet(46)) - raft.server.log.appender.buffer.byte-limit = 33554432 (custom)
2023-06-06 14:28:48,350 [5adff45c-d552-4fe9-ae5a-69c6287068c4-groupManagement] INFO  segmented.SegmentedRaftLogWorker (SegmentedRaftLogWorker.java:<init>(188)) - new 5adff45c-d552-4fe9-ae5a-69c6287068c4@group-B0860DD71571-SegmentedRaftLogWorker for RaftStorageImpl:Storage Directory /home/runner/work/ozone/ozone/hadoop-ozone/integration-test/target/test-dir/MiniOzoneClusterImpl-19dab9f3-ddac-4c20-9ee1-602e65f43fab/datanode-0/data/ratis/3f4c25f5-5c6b-4ff8-846c-b0860dd71571
2023-06-06 14:28:48,351 [5adff45c-d552-4fe9-ae5a-69c6287068c4-groupManagement] INFO  server.RaftServerConfigKeys (ConfUtils.java:logGet(46)) - raft.server.log.queue.byte-limit = 4294967296 (custom)
2023-06-06 14:28:48,351 [5adff45c-d552-4fe9-ae5a-69c6287068c4-groupManagement] INFO  server.RaftServerConfigKeys (ConfUtils.java:logGet(46)) - raft.server.log.queue.element-limit = 1024 (custom)
2023-06-06 14:28:48,351 [5adff45c-d552-4fe9-ae5a-69c6287068c4-groupManagement] INFO  server.RaftServerConfigKeys (ConfUtils.java:logGet(46)) - raft.server.log.segment.size.max = 1048576 (custom)
2023-06-06 14:28:48,351 [5adff45c-d552-4fe9-ae5a-69c6287068c4-groupManagement] INFO  server.RaftServerConfigKeys (ConfUtils.java:logGet(46)) - raft.server.log.preallocated.size = 16384 (custom)
2023-06-06 14:28:48,351 [5adff45c-d552-4fe9-ae5a-69c6287068c4-groupManagement] INFO  server.RaftServerConfigKeys (ConfUtils.java:logGet(46)) - raft.server.log.force.sync.num = 128 (default)
2023-06-06 14:28:48,351 [5adff45c-d552-4fe9-ae5a-69c6287068c4-groupManagement] INFO  server.RaftServerConfigKeys (ConfUtils.java:logGet(46)) - raft.server.log.statemachine.data.sync = true (default)
2023-06-06 14:28:48,351 [5adff45c-d552-4fe9-ae5a-69c6287068c4-groupManagement] INFO  server.RaftServerConfigKeys (ConfUtils.java:logGet(46)) - raft.server.log.statemachine.data.sync.timeout = 10s (default)
2023-06-06 14:28:48,351 [5adff45c-d552-4fe9-ae5a-69c6287068c4-groupManagement] INFO  server.RaftServerConfigKeys (ConfUtils.java:logGet(46)) - raft.server.log.statemachine.data.sync.timeout.retry = -1 (default)
2023-06-06 14:28:48,353 [5adff45c-d552-4fe9-ae5a-69c6287068c4-groupManagement] INFO  server.RaftServerConfigKeys (ConfUtils.java:logGet(46)) - raft.server.log.write.buffer.size = 1048576 (custom)
2023-06-06 14:28:48,354 [5adff45c-d552-4fe9-ae5a-69c6287068c4-groupManagement] INFO  server.RaftServerConfigKeys (ConfUtils.java:logGet(46)) - raft.server.log.appender.buffer.byte-limit = 33554432 (custom)
2023-06-06 14:28:48,360 [5adff45c-d552-4fe9-ae5a-69c6287068c4-groupManagement] INFO  server.RaftServerConfigKeys (ConfUtils.java:logGet(46)) - raft.server.log.unsafe-flush.enabled = false (default)
2023-06-06 14:28:48,360 [5adff45c-d552-4fe9-ae5a-69c6287068c4-groupManagement] INFO  server.RaftServerConfigKeys (ConfUtils.java:logGet(46)) - raft.server.log.async-flush.enabled = false (default)
2023-06-06 14:28:48,360 [5adff45c-d552-4fe9-ae5a-69c6287068c4-groupManagement] INFO  server.RaftServerConfigKeys (ConfUtils.java:logGet(46)) - raft.server.log.statemachine.data.caching.enabled = true (custom)
2023-06-06 14:28:48,361 [5adff45c-d552-4fe9-ae5a-69c6287068c4-groupManagement] INFO  segmented.SegmentedRaftLogWorker (SegmentedRaftLogWorker.java:lambda$new$0(135)) - 5adff45c-d552-4fe9-ae5a-69c6287068c4@group-B0860DD71571-SegmentedRaftLogWorker: flushIndex: setUnconditionally 0 -> -1
2023-06-06 14:28:48,361 [5adff45c-d552-4fe9-ae5a-69c6287068c4-groupManagement] INFO  segmented.SegmentedRaftLogWorker (SegmentedRaftLogWorker.java:lambda$new$0(135)) - 5adff45c-d552-4fe9-ae5a-69c6287068c4@group-B0860DD71571-SegmentedRaftLogWorker: safeCacheEvictIndex: setUnconditionally 0 -> -1
2023-06-06 14:28:48,365 [5adff45c-d552-4fe9-ae5a-69c6287068c4-groupManagement] INFO  server.RaftServer$Division (RaftServerImpl.java:start(342)) - 5adff45c-d552-4fe9-ae5a-69c6287068c4@group-B0860DD71571: start as a follower, conf=-1: peers:[77d17280-0276-45d4-bf82-17b9da904fb0|rpc:10.1.0.37:15136|admin:10.1.0.37:15135|client:10.1.0.37:15134|dataStream:10.1.0.37:15137|priority:0|startupRole:FOLLOWER, 68f873c3-529d-421e-809c-72d7a1225c33|rpc:10.1.0.37:15127|admin:10.1.0.37:15126|client:10.1.0.37:15125|dataStream:10.1.0.37:15128|priority:0|startupRole:FOLLOWER, 5adff45c-d552-4fe9-ae5a-69c6287068c4|rpc:10.1.0.37:15118|admin:10.1.0.37:15117|client:10.1.0.37:15116|dataStream:10.1.0.37:15119|priority:1|startupRole:FOLLOWER]|listeners:[], old=null
2023-06-06 14:28:48,366 [5adff45c-d552-4fe9-ae5a-69c6287068c4-groupManagement] INFO  server.RaftServer$Division (RaftServerImpl.java:setRole(329)) - 5adff45c-d552-4fe9-ae5a-69c6287068c4@group-B0860DD71571: changes role from      null to FOLLOWER at term 0 for startAsFollower
2023-06-06 14:28:48,366 [5adff45c-d552-4fe9-ae5a-69c6287068c4-groupManagement] INFO  impl.RoleInfo (RoleInfo.java:updateAndGet(139)) - 5adff45c-d552-4fe9-ae5a-69c6287068c4: start 5adff45c-d552-4fe9-ae5a-69c6287068c4@group-B0860DD71571-FollowerState
2023-06-06 14:28:48,372 [5adff45c-d552-4fe9-ae5a-69c6287068c4-groupManagement] INFO  util.JmxRegister (JmxRegister.java:tryRegister(44)) - Successfully registered JMX Bean with object name Ratis:service=RaftServer,group=group-B0860DD71571,id=5adff45c-d552-4fe9-ae5a-69c6287068c4
2023-06-06 14:28:48,372 [5adff45c-d552-4fe9-ae5a-69c6287068c4-groupManagement] INFO  server.RaftServerConfigKeys (ConfUtils.java:logGet(46)) - raft.server.snapshot.auto.trigger.enabled = true (custom)
2023-06-06 14:28:48,372 [5adff45c-d552-4fe9-ae5a-69c6287068c4-groupManagement] INFO  server.RaftServerConfigKeys (ConfUtils.java:logGet(46)) - raft.server.snapshot.auto.trigger.threshold = 10000 (custom)
2023-06-06 14:28:48,372 [5adff45c-d552-4fe9-ae5a-69c6287068c4-groupManagement] INFO  server.RaftServerConfigKeys (ConfUtils.java:logGet(46)) - raft.server.snapshot.retention.file.num = 5 (custom)
2023-06-06 14:28:48,372 [5adff45c-d552-4fe9-ae5a-69c6287068c4-groupManagement] INFO  server.RaftServerConfigKeys (ConfUtils.java:logGet(46)) - raft.server.log.purge.upto.snapshot.index = false (default)
2023-06-06 14:28:48,374 [5adff45c-d552-4fe9-ae5a-69c6287068c4@group-B0860DD71571-FollowerState] INFO  server.RaftServerConfigKeys (ConfUtils.java:logFallback(53)) - raft.server.rpc.first-election.timeout.min = 5s (fallback to raft.server.rpc.timeout.min)
2023-06-06 14:28:48,374 [5adff45c-d552-4fe9-ae5a-69c6287068c4@group-B0860DD71571-FollowerState] INFO  server.RaftServerConfigKeys (ConfUtils.java:logFallback(53)) - raft.server.rpc.first-election.timeout.max = 5200ms (fallback to raft.server.rpc.timeout.max)
2023-06-06 14:28:48,374 [PipelineCommandHandlerThread-0] INFO  ratis.XceiverServerRatis (XceiverServerRatis.java:addGroup(804)) - Created group PipelineID=3f4c25f5-5c6b-4ff8-846c-b0860dd71571
2023-06-06 14:28:48,399 [grpc-default-executor-0] INFO  server.RaftServer (RaftServerProxy.java:addNew(98)) - 77d17280-0276-45d4-bf82-17b9da904fb0: addNew group-B0860DD71571:[77d17280-0276-45d4-bf82-17b9da904fb0|rpc:10.1.0.37:15136|admin:10.1.0.37:15135|client:10.1.0.37:15134|dataStream:10.1.0.37:15137|priority:0|startupRole:FOLLOWER, 68f873c3-529d-421e-809c-72d7a1225c33|rpc:10.1.0.37:15127|admin:10.1.0.37:15126|client:10.1.0.37:15125|dataStream:10.1.0.37:15128|priority:0|startupRole:FOLLOWER, 5adff45c-d552-4fe9-ae5a-69c6287068c4|rpc:10.1.0.37:15118|admin:10.1.0.37:15117|client:10.1.0.37:15116|dataStream:10.1.0.37:15119|priority:1|startupRole:FOLLOWER] returns group-B0860DD71571:java.util.concurrent.CompletableFuture@72324676[Not completed]
2023-06-06 14:28:48,400 [77d17280-0276-45d4-bf82-17b9da904fb0-groupManagement] INFO  server.RaftServer$Division (RaftServerImpl.java:<init>(198)) - 77d17280-0276-45d4-bf82-17b9da904fb0: new RaftServerImpl for group-B0860DD71571:[77d17280-0276-45d4-bf82-17b9da904fb0|rpc:10.1.0.37:15136|admin:10.1.0.37:15135|client:10.1.0.37:15134|dataStream:10.1.0.37:15137|priority:0|startupRole:FOLLOWER, 68f873c3-529d-421e-809c-72d7a1225c33|rpc:10.1.0.37:15127|admin:10.1.0.37:15126|client:10.1.0.37:15125|dataStream:10.1.0.37:15128|priority:0|startupRole:FOLLOWER, 5adff45c-d552-4fe9-ae5a-69c6287068c4|rpc:10.1.0.37:15118|admin:10.1.0.37:15117|client:10.1.0.37:15116|dataStream:10.1.0.37:15119|priority:1|startupRole:FOLLOWER] with ContainerStateMachine:uninitialized
2023-06-06 14:28:48,400 [77d17280-0276-45d4-bf82-17b9da904fb0-groupManagement] INFO  server.RaftServerConfigKeys (ConfUtils.java:logGet(46)) - raft.server.rpc.timeout.min = 5s (custom)
2023-06-06 14:28:48,400 [77d17280-0276-45d4-bf82-17b9da904fb0-groupManagement] INFO  server.RaftServerConfigKeys (ConfUtils.java:logGet(46)) - raft.server.rpc.timeout.max = 5200ms (custom)
2023-06-06 14:28:48,400 [77d17280-0276-45d4-bf82-17b9da904fb0-groupManagement] INFO  server.RaftServerConfigKeys (ConfUtils.java:logGet(46)) - raft.server.rpc.sleep.time = 25ms (default)
2023-06-06 14:28:48,400 [77d17280-0276-45d4-bf82-17b9da904fb0-groupManagement] INFO  server.RaftServerConfigKeys (ConfUtils.java:logGet(46)) - raft.server.rpc.slowness.timeout = 300s (custom)
2023-06-06 14:28:48,400 [77d17280-0276-45d4-bf82-17b9da904fb0-groupManagement] INFO  server.RaftServerConfigKeys (ConfUtils.java:logGet(46)) - raft.server.leaderelection.leader.step-down.wait-time = 10s (default)
2023-06-06 14:28:48,400 [77d17280-0276-45d4-bf82-17b9da904fb0-groupManagement] INFO  server.RaftServerConfigKeys (ConfUtils.java:logGet(46)) - raft.server.sleep.deviation.threshold = 300ms (default)
2023-06-06 14:28:48,400 [77d17280-0276-45d4-bf82-17b9da904fb0-groupManagement] INFO  server.RaftServer$Division (ServerState.java:<init>(120)) - 77d17280-0276-45d4-bf82-17b9da904fb0@group-B0860DD71571: ConfigurationManager, init=-1: peers:[77d17280-0276-45d4-bf82-17b9da904fb0|rpc:10.1.0.37:15136|admin:10.1.0.37:15135|client:10.1.0.37:15134|dataStream:10.1.0.37:15137|priority:0|startupRole:FOLLOWER, 68f873c3-529d-421e-809c-72d7a1225c33|rpc:10.1.0.37:15127|admin:10.1.0.37:15126|client:10.1.0.37:15125|dataStream:10.1.0.37:15128|priority:0|startupRole:FOLLOWER, 5adff45c-d552-4fe9-ae5a-69c6287068c4|rpc:10.1.0.37:15118|admin:10.1.0.37:15117|client:10.1.0.37:15116|dataStream:10.1.0.37:15119|priority:1|startupRole:FOLLOWER]|listeners:[], old=null, confs=<EMPTY_MAP>
2023-06-06 14:28:48,401 [77d17280-0276-45d4-bf82-17b9da904fb0-groupManagement] INFO  server.RaftServerConfigKeys (ConfUtils.java:logGet(46)) - raft.server.storage.dir = [/home/runner/work/ozone/ozone/hadoop-ozone/integration-test/target/test-dir/MiniOzoneClusterImpl-19dab9f3-ddac-4c20-9ee1-602e65f43fab/datanode-2/data/ratis] (custom)
2023-06-06 14:28:48,401 [77d17280-0276-45d4-bf82-17b9da904fb0-groupManagement] INFO  server.RaftServerConfigKeys (ConfUtils.java:logGet(46)) - raft.server.log.corruption.policy = EXCEPTION (default)
2023-06-06 14:28:48,401 [77d17280-0276-45d4-bf82-17b9da904fb0-groupManagement] INFO  server.RaftServerConfigKeys (ConfUtils.java:logGet(46)) - raft.server.storage.free-space.min = 0MB (=0) (default)
2023-06-06 14:28:48,401 [77d17280-0276-45d4-bf82-17b9da904fb0-groupManagement] INFO  server.RaftServerConfigKeys (ConfUtils.java:logGet(46)) - raft.server.notification.no-leader.timeout = 300s (custom)
2023-06-06 14:28:48,401 [77d17280-0276-45d4-bf82-17b9da904fb0-groupManagement] INFO  server.RaftServerConfigKeys (ConfUtils.java:logGet(46)) - raft.server.read.timeout = 10s (default)
2023-06-06 14:28:48,401 [77d17280-0276-45d4-bf82-17b9da904fb0-groupManagement] INFO  server.RaftServerConfigKeys (ConfUtils.java:logGet(46)) - raft.server.retrycache.expirytime = 600000ms (custom)
2023-06-06 14:28:48,401 [77d17280-0276-45d4-bf82-17b9da904fb0-groupManagement] INFO  server.RaftServerConfigKeys (ConfUtils.java:logGet(46)) - raft.server.retrycache.statistics.expirytime = 100μs (default)
2023-06-06 14:28:48,401 [77d17280-0276-45d4-bf82-17b9da904fb0-groupManagement] INFO  server.RaftServerConfigKeys (ConfUtils.java:logGet(46)) - raft.server.read.option = DEFAULT (default)
2023-06-06 14:28:48,403 [77d17280-0276-45d4-bf82-17b9da904fb0-groupManagement] INFO  server.RaftServerConfigKeys (ConfUtils.java:logGet(46)) - raft.server.rpc.request.timeout = 60s (custom)
2023-06-06 14:28:48,403 [77d17280-0276-45d4-bf82-17b9da904fb0-groupManagement] INFO  server.RaftServerConfigKeys (ConfUtils.java:logGet(46)) - raft.server.log.appender.install.snapshot.enabled = false (custom)
2023-06-06 14:28:48,403 [77d17280-0276-45d4-bf82-17b9da904fb0-groupManagement] INFO  server.RaftServerConfigKeys (ConfUtils.java:logGet(46)) - raft.server.threadpool.server.cached = true (default)
2023-06-06 14:28:48,404 [77d17280-0276-45d4-bf82-17b9da904fb0-groupManagement] INFO  server.RaftServerConfigKeys (ConfUtils.java:logGet(46)) - raft.server.threadpool.server.size = 0 (default)
2023-06-06 14:28:48,404 [77d17280-0276-45d4-bf82-17b9da904fb0-groupManagement] INFO  server.RaftServerConfigKeys (ConfUtils.java:logGet(46)) - raft.server.threadpool.client.cached = true (default)
2023-06-06 14:28:48,404 [77d17280-0276-45d4-bf82-17b9da904fb0-groupManagement] INFO  server.RaftServerConfigKeys (ConfUtils.java:logGet(46)) - raft.server.threadpool.client.size = 0 (default)
2023-06-06 14:28:48,404 [77d17280-0276-45d4-bf82-17b9da904fb0-groupManagement] INFO  storage.RaftStorageDirectory (RaftStorageDirectoryImpl.java:analyzeStorage(137)) - The storage directory /home/runner/work/ozone/ozone/hadoop-ozone/integration-test/target/test-dir/MiniOzoneClusterImpl-19dab9f3-ddac-4c20-9ee1-602e65f43fab/datanode-2/data/ratis/3f4c25f5-5c6b-4ff8-846c-b0860dd71571 does not exist. Creating ...
2023-06-06 14:28:48,405 [77d17280-0276-45d4-bf82-17b9da904fb0-groupManagement] INFO  storage.RaftStorageDirectory (RaftStorageDirectoryImpl.java:tryLock(231)) - Lock on /home/runner/work/ozone/ozone/hadoop-ozone/integration-test/target/test-dir/MiniOzoneClusterImpl-19dab9f3-ddac-4c20-9ee1-602e65f43fab/datanode-2/data/ratis/3f4c25f5-5c6b-4ff8-846c-b0860dd71571/in_use.lock acquired by nodename 75814@fv-az1133-973
2023-06-06 14:28:48,406 [77d17280-0276-45d4-bf82-17b9da904fb0-groupManagement] INFO  storage.RaftStorage (RaftStorageImpl.java:format(96)) - Storage directory /home/runner/work/ozone/ozone/hadoop-ozone/integration-test/target/test-dir/MiniOzoneClusterImpl-19dab9f3-ddac-4c20-9ee1-602e65f43fab/datanode-2/data/ratis/3f4c25f5-5c6b-4ff8-846c-b0860dd71571 has been successfully formatted.
2023-06-06 14:28:48,407 [77d17280-0276-45d4-bf82-17b9da904fb0-groupManagement] INFO  ratis.ContainerStateMachine (ContainerStateMachine.java:loadSnapshot(262)) - group-B0860DD71571: The snapshot info is null. Setting the last applied indexto:(t:0, i:~)
2023-06-06 14:28:48,407 [77d17280-0276-45d4-bf82-17b9da904fb0-groupManagement] INFO  server.RaftServerConfigKeys (ConfUtils.java:logGet(46)) - raft.server.log.use.memory = false (default)
2023-06-06 14:28:48,407 [77d17280-0276-45d4-bf82-17b9da904fb0-groupManagement] INFO  server.RaftServerConfigKeys (ConfUtils.java:logGet(46)) - raft.server.log.purge.gap = 1000000 (custom)
2023-06-06 14:28:48,408 [77d17280-0276-45d4-bf82-17b9da904fb0-groupManagement] INFO  server.RaftServerConfigKeys (ConfUtils.java:logGet(46)) - raft.server.log.appender.buffer.byte-limit = 33554432 (custom)
2023-06-06 14:28:48,408 [77d17280-0276-45d4-bf82-17b9da904fb0-groupManagement] INFO  server.RaftServerConfigKeys (ConfUtils.java:logGet(46)) - raft.server.log.statemachine.data.read.timeout = 1000ms (default)
2023-06-06 14:28:48,408 [77d17280-0276-45d4-bf82-17b9da904fb0-groupManagement] INFO  server.RaftServerConfigKeys (ConfUtils.java:logGet(46)) - raft.server.log.purge.preservation.log.num = 0 (default)
2023-06-06 14:28:48,408 [77d17280-0276-45d4-bf82-17b9da904fb0-groupManagement] INFO  server.RaftServerConfigKeys (ConfUtils.java:logGet(46)) - raft.server.log.segment.size.max = 1048576 (custom)
2023-06-06 14:28:48,408 [77d17280-0276-45d4-bf82-17b9da904fb0-groupManagement] INFO  server.RaftServerConfigKeys (ConfUtils.java:logGet(46)) - raft.server.log.segment.cache.num.max = 2 (custom)
2023-06-06 14:28:48,409 [77d17280-0276-45d4-bf82-17b9da904fb0-groupManagement] INFO  server.RaftServerConfigKeys (ConfUtils.java:logGet(46)) - raft.server.log.segment.cache.size.max = 200MB (=209715200) (default)
2023-06-06 14:28:48,409 [77d17280-0276-45d4-bf82-17b9da904fb0-groupManagement] INFO  server.RaftServerConfigKeys (ConfUtils.java:logGet(46)) - raft.server.log.appender.buffer.byte-limit = 33554432 (custom)
2023-06-06 14:28:48,409 [77d17280-0276-45d4-bf82-17b9da904fb0-groupManagement] INFO  segmented.SegmentedRaftLogWorker (SegmentedRaftLogWorker.java:<init>(188)) - new 77d17280-0276-45d4-bf82-17b9da904fb0@group-B0860DD71571-SegmentedRaftLogWorker for RaftStorageImpl:Storage Directory /home/runner/work/ozone/ozone/hadoop-ozone/integration-test/target/test-dir/MiniOzoneClusterImpl-19dab9f3-ddac-4c20-9ee1-602e65f43fab/datanode-2/data/ratis/3f4c25f5-5c6b-4ff8-846c-b0860dd71571
2023-06-06 14:28:48,409 [77d17280-0276-45d4-bf82-17b9da904fb0-groupManagement] INFO  server.RaftServerConfigKeys (ConfUtils.java:logGet(46)) - raft.server.log.queue.byte-limit = 4294967296 (custom)
2023-06-06 14:28:48,409 [77d17280-0276-45d4-bf82-17b9da904fb0-groupManagement] INFO  server.RaftServerConfigKeys (ConfUtils.java:logGet(46)) - raft.server.log.queue.element-limit = 1024 (custom)
2023-06-06 14:28:48,409 [77d17280-0276-45d4-bf82-17b9da904fb0-groupManagement] INFO  server.RaftServerConfigKeys (ConfUtils.java:logGet(46)) - raft.server.log.segment.size.max = 1048576 (custom)
2023-06-06 14:28:48,409 [77d17280-0276-45d4-bf82-17b9da904fb0-groupManagement] INFO  server.RaftServerConfigKeys (ConfUtils.java:logGet(46)) - raft.server.log.preallocated.size = 16384 (custom)
2023-06-06 14:28:48,409 [77d17280-0276-45d4-bf82-17b9da904fb0-groupManagement] INFO  server.RaftServerConfigKeys (ConfUtils.java:logGet(46)) - raft.server.log.force.sync.num = 128 (default)
2023-06-06 14:28:48,410 [77d17280-0276-45d4-bf82-17b9da904fb0-groupManagement] INFO  server.RaftServerConfigKeys (ConfUtils.java:logGet(46)) - raft.server.log.statemachine.data.sync = true (default)
2023-06-06 14:28:48,410 [77d17280-0276-45d4-bf82-17b9da904fb0-groupManagement] INFO  server.RaftServerConfigKeys (ConfUtils.java:logGet(46)) - raft.server.log.statemachine.data.sync.timeout = 10s (default)
2023-06-06 14:28:48,410 [77d17280-0276-45d4-bf82-17b9da904fb0-groupManagement] INFO  server.RaftServerConfigKeys (ConfUtils.java:logGet(46)) - raft.server.log.statemachine.data.sync.timeout.retry = -1 (default)
2023-06-06 14:28:48,410 [77d17280-0276-45d4-bf82-17b9da904fb0-groupManagement] INFO  server.RaftServerConfigKeys (ConfUtils.java:logGet(46)) - raft.server.log.write.buffer.size = 1048576 (custom)
2023-06-06 14:28:48,410 [77d17280-0276-45d4-bf82-17b9da904fb0-groupManagement] INFO  server.RaftServerConfigKeys (ConfUtils.java:logGet(46)) - raft.server.log.appender.buffer.byte-limit = 33554432 (custom)
2023-06-06 14:28:48,415 [77d17280-0276-45d4-bf82-17b9da904fb0-groupManagement] INFO  server.RaftServerConfigKeys (ConfUtils.java:logGet(46)) - raft.server.log.unsafe-flush.enabled = false (default)
2023-06-06 14:28:48,415 [77d17280-0276-45d4-bf82-17b9da904fb0-groupManagement] INFO  server.RaftServerConfigKeys (ConfUtils.java:logGet(46)) - raft.server.log.async-flush.enabled = false (default)
2023-06-06 14:28:48,415 [77d17280-0276-45d4-bf82-17b9da904fb0-groupManagement] INFO  server.RaftServerConfigKeys (ConfUtils.java:logGet(46)) - raft.server.log.statemachine.data.caching.enabled = true (custom)
2023-06-06 14:28:48,416 [77d17280-0276-45d4-bf82-17b9da904fb0-groupManagement] INFO  segmented.SegmentedRaftLogWorker (SegmentedRaftLogWorker.java:lambda$new$0(135)) - 77d17280-0276-45d4-bf82-17b9da904fb0@group-B0860DD71571-SegmentedRaftLogWorker: flushIndex: setUnconditionally 0 -> -1
2023-06-06 14:28:48,416 [77d17280-0276-45d4-bf82-17b9da904fb0-groupManagement] INFO  segmented.SegmentedRaftLogWorker (SegmentedRaftLogWorker.java:lambda$new$0(135)) - 77d17280-0276-45d4-bf82-17b9da904fb0@group-B0860DD71571-SegmentedRaftLogWorker: safeCacheEvictIndex: setUnconditionally 0 -> -1
2023-06-06 14:28:48,418 [77d17280-0276-45d4-bf82-17b9da904fb0-groupManagement] INFO  server.RaftServer$Division (RaftServerImpl.java:start(342)) - 77d17280-0276-45d4-bf82-17b9da904fb0@group-B0860DD71571: start as a follower, conf=-1: peers:[77d17280-0276-45d4-bf82-17b9da904fb0|rpc:10.1.0.37:15136|admin:10.1.0.37:15135|client:10.1.0.37:15134|dataStream:10.1.0.37:15137|priority:0|startupRole:FOLLOWER, 68f873c3-529d-421e-809c-72d7a1225c33|rpc:10.1.0.37:15127|admin:10.1.0.37:15126|client:10.1.0.37:15125|dataStream:10.1.0.37:15128|priority:0|startupRole:FOLLOWER, 5adff45c-d552-4fe9-ae5a-69c6287068c4|rpc:10.1.0.37:15118|admin:10.1.0.37:15117|client:10.1.0.37:15116|dataStream:10.1.0.37:15119|priority:1|startupRole:FOLLOWER]|listeners:[], old=null
2023-06-06 14:28:48,418 [77d17280-0276-45d4-bf82-17b9da904fb0-groupManagement] INFO  server.RaftServer$Division (RaftServerImpl.java:setRole(329)) - 77d17280-0276-45d4-bf82-17b9da904fb0@group-B0860DD71571: changes role from      null to FOLLOWER at term 0 for startAsFollower
2023-06-06 14:28:48,418 [77d17280-0276-45d4-bf82-17b9da904fb0-groupManagement] INFO  impl.RoleInfo (RoleInfo.java:updateAndGet(139)) - 77d17280-0276-45d4-bf82-17b9da904fb0: start 77d17280-0276-45d4-bf82-17b9da904fb0@group-B0860DD71571-FollowerState
2023-06-06 14:28:48,420 [77d17280-0276-45d4-bf82-17b9da904fb0-groupManagement] INFO  util.JmxRegister (JmxRegister.java:tryRegister(44)) - Successfully registered JMX Bean with object name Ratis:service=RaftServer,group=group-B0860DD71571,id=77d17280-0276-45d4-bf82-17b9da904fb0
2023-06-06 14:28:48,420 [77d17280-0276-45d4-bf82-17b9da904fb0-groupManagement] INFO  server.RaftServerConfigKeys (ConfUtils.java:logGet(46)) - raft.server.snapshot.auto.trigger.enabled = true (custom)
2023-06-06 14:28:48,420 [77d17280-0276-45d4-bf82-17b9da904fb0-groupManagement] INFO  server.RaftServerConfigKeys (ConfUtils.java:logGet(46)) - raft.server.snapshot.auto.trigger.threshold = 10000 (custom)
2023-06-06 14:28:48,420 [77d17280-0276-45d4-bf82-17b9da904fb0-groupManagement] INFO  server.RaftServerConfigKeys (ConfUtils.java:logGet(46)) - raft.server.snapshot.retention.file.num = 5 (custom)
2023-06-06 14:28:48,420 [77d17280-0276-45d4-bf82-17b9da904fb0-groupManagement] INFO  server.RaftServerConfigKeys (ConfUtils.java:logGet(46)) - raft.server.log.purge.upto.snapshot.index = false (default)
2023-06-06 14:28:48,421 [77d17280-0276-45d4-bf82-17b9da904fb0@group-B0860DD71571-FollowerState] INFO  server.RaftServerConfigKeys (ConfUtils.java:logFallback(53)) - raft.server.rpc.first-election.timeout.min = 5s (fallback to raft.server.rpc.timeout.min)
2023-06-06 14:28:48,421 [77d17280-0276-45d4-bf82-17b9da904fb0@group-B0860DD71571-FollowerState] INFO  server.RaftServerConfigKeys (ConfUtils.java:logFallback(53)) - raft.server.rpc.first-election.timeout.max = 5200ms (fallback to raft.server.rpc.timeout.max)
2023-06-06 14:28:48,449 [grpc-default-executor-0] INFO  server.RaftServer (RaftServerProxy.java:addNew(98)) - 68f873c3-529d-421e-809c-72d7a1225c33: addNew group-B0860DD71571:[77d17280-0276-45d4-bf82-17b9da904fb0|rpc:10.1.0.37:15136|admin:10.1.0.37:15135|client:10.1.0.37:15134|dataStream:10.1.0.37:15137|priority:0|startupRole:FOLLOWER, 68f873c3-529d-421e-809c-72d7a1225c33|rpc:10.1.0.37:15127|admin:10.1.0.37:15126|client:10.1.0.37:15125|dataStream:10.1.0.37:15128|priority:0|startupRole:FOLLOWER, 5adff45c-d552-4fe9-ae5a-69c6287068c4|rpc:10.1.0.37:15118|admin:10.1.0.37:15117|client:10.1.0.37:15116|dataStream:10.1.0.37:15119|priority:1|startupRole:FOLLOWER] returns group-B0860DD71571:java.util.concurrent.CompletableFuture@7a33e25[Not completed]
2023-06-06 14:28:48,450 [68f873c3-529d-421e-809c-72d7a1225c33-groupManagement] INFO  server.RaftServer$Division (RaftServerImpl.java:<init>(198)) - 68f873c3-529d-421e-809c-72d7a1225c33: new RaftServerImpl for group-B0860DD71571:[77d17280-0276-45d4-bf82-17b9da904fb0|rpc:10.1.0.37:15136|admin:10.1.0.37:15135|client:10.1.0.37:15134|dataStream:10.1.0.37:15137|priority:0|startupRole:FOLLOWER, 68f873c3-529d-421e-809c-72d7a1225c33|rpc:10.1.0.37:15127|admin:10.1.0.37:15126|client:10.1.0.37:15125|dataStream:10.1.0.37:15128|priority:0|startupRole:FOLLOWER, 5adff45c-d552-4fe9-ae5a-69c6287068c4|rpc:10.1.0.37:15118|admin:10.1.0.37:15117|client:10.1.0.37:15116|dataStream:10.1.0.37:15119|priority:1|startupRole:FOLLOWER] with ContainerStateMachine:uninitialized
2023-06-06 14:28:48,451 [68f873c3-529d-421e-809c-72d7a1225c33-groupManagement] INFO  server.RaftServerConfigKeys (ConfUtils.java:logGet(46)) - raft.server.rpc.timeout.min = 5s (custom)
2023-06-06 14:28:48,451 [68f873c3-529d-421e-809c-72d7a1225c33-groupManagement] INFO  server.RaftServerConfigKeys (ConfUtils.java:logGet(46)) - raft.server.rpc.timeout.max = 5200ms (custom)
2023-06-06 14:28:48,451 [68f873c3-529d-421e-809c-72d7a1225c33-groupManagement] INFO  server.RaftServerConfigKeys (ConfUtils.java:logGet(46)) - raft.server.rpc.sleep.time = 25ms (default)
2023-06-06 14:28:48,451 [68f873c3-529d-421e-809c-72d7a1225c33-groupManagement] INFO  server.RaftServerConfigKeys (ConfUtils.java:logGet(46)) - raft.server.rpc.slowness.timeout = 300s (custom)
2023-06-06 14:28:48,451 [68f873c3-529d-421e-809c-72d7a1225c33-groupManagement] INFO  server.RaftServerConfigKeys (ConfUtils.java:logGet(46)) - raft.server.leaderelection.leader.step-down.wait-time = 10s (default)
2023-06-06 14:28:48,451 [68f873c3-529d-421e-809c-72d7a1225c33-groupManagement] INFO  server.RaftServerConfigKeys (ConfUtils.java:logGet(46)) - raft.server.sleep.deviation.threshold = 300ms (default)
2023-06-06 14:28:48,451 [68f873c3-529d-421e-809c-72d7a1225c33-groupManagement] INFO  server.RaftServer$Division (ServerState.java:<init>(120)) - 68f873c3-529d-421e-809c-72d7a1225c33@group-B0860DD71571: ConfigurationManager, init=-1: peers:[77d17280-0276-45d4-bf82-17b9da904fb0|rpc:10.1.0.37:15136|admin:10.1.0.37:15135|client:10.1.0.37:15134|dataStream:10.1.0.37:15137|priority:0|startupRole:FOLLOWER, 68f873c3-529d-421e-809c-72d7a1225c33|rpc:10.1.0.37:15127|admin:10.1.0.37:15126|client:10.1.0.37:15125|dataStream:10.1.0.37:15128|priority:0|startupRole:FOLLOWER, 5adff45c-d552-4fe9-ae5a-69c6287068c4|rpc:10.1.0.37:15118|admin:10.1.0.37:15117|client:10.1.0.37:15116|dataStream:10.1.0.37:15119|priority:1|startupRole:FOLLOWER]|listeners:[], old=null, confs=<EMPTY_MAP>
2023-06-06 14:28:48,451 [68f873c3-529d-421e-809c-72d7a1225c33-groupManagement] INFO  server.RaftServerConfigKeys (ConfUtils.java:logGet(46)) - raft.server.storage.dir = [/home/runner/work/ozone/ozone/hadoop-ozone/integration-test/target/test-dir/MiniOzoneClusterImpl-19dab9f3-ddac-4c20-9ee1-602e65f43fab/datanode-1/data/ratis] (custom)
2023-06-06 14:28:48,451 [68f873c3-529d-421e-809c-72d7a1225c33-groupManagement] INFO  server.RaftServerConfigKeys (ConfUtils.java:logGet(46)) - raft.server.log.corruption.policy = EXCEPTION (default)
2023-06-06 14:28:48,451 [68f873c3-529d-421e-809c-72d7a1225c33-groupManagement] INFO  server.RaftServerConfigKeys (ConfUtils.java:logGet(46)) - raft.server.storage.free-space.min = 0MB (=0) (default)
2023-06-06 14:28:48,453 [68f873c3-529d-421e-809c-72d7a1225c33-groupManagement] INFO  server.RaftServerConfigKeys (ConfUtils.java:logGet(46)) - raft.server.notification.no-leader.timeout = 300s (custom)
2023-06-06 14:28:48,454 [68f873c3-529d-421e-809c-72d7a1225c33-groupManagement] INFO  server.RaftServerConfigKeys (ConfUtils.java:logGet(46)) - raft.server.read.timeout = 10s (default)
2023-06-06 14:28:48,454 [68f873c3-529d-421e-809c-72d7a1225c33-groupManagement] INFO  server.RaftServerConfigKeys (ConfUtils.java:logGet(46)) - raft.server.retrycache.expirytime = 600000ms (custom)
2023-06-06 14:28:48,454 [68f873c3-529d-421e-809c-72d7a1225c33-groupManagement] INFO  server.RaftServerConfigKeys (ConfUtils.java:logGet(46)) - raft.server.retrycache.statistics.expirytime = 100μs (default)
2023-06-06 14:28:48,454 [68f873c3-529d-421e-809c-72d7a1225c33-groupManagement] INFO  server.RaftServerConfigKeys (ConfUtils.java:logGet(46)) - raft.server.read.option = DEFAULT (default)
2023-06-06 14:28:48,455 [68f873c3-529d-421e-809c-72d7a1225c33-groupManagement] INFO  server.RaftServerConfigKeys (ConfUtils.java:logGet(46)) - raft.server.rpc.request.timeout = 60s (custom)
2023-06-06 14:28:48,457 [68f873c3-529d-421e-809c-72d7a1225c33-groupManagement] INFO  server.RaftServerConfigKeys (ConfUtils.java:logGet(46)) - raft.server.log.appender.install.snapshot.enabled = false (custom)
2023-06-06 14:28:48,457 [68f873c3-529d-421e-809c-72d7a1225c33-groupManagement] INFO  server.RaftServerConfigKeys (ConfUtils.java:logGet(46)) - raft.server.threadpool.server.cached = true (default)
2023-06-06 14:28:48,457 [68f873c3-529d-421e-809c-72d7a1225c33-groupManagement] INFO  server.RaftServerConfigKeys (ConfUtils.java:logGet(46)) - raft.server.threadpool.server.size = 0 (default)
2023-06-06 14:28:48,457 [68f873c3-529d-421e-809c-72d7a1225c33-groupManagement] INFO  server.RaftServerConfigKeys (ConfUtils.java:logGet(46)) - raft.server.threadpool.client.cached = true (default)
2023-06-06 14:28:48,457 [68f873c3-529d-421e-809c-72d7a1225c33-groupManagement] INFO  server.RaftServerConfigKeys (ConfUtils.java:logGet(46)) - raft.server.threadpool.client.size = 0 (default)
2023-06-06 14:28:48,457 [68f873c3-529d-421e-809c-72d7a1225c33-groupManagement] INFO  storage.RaftStorageDirectory (RaftStorageDirectoryImpl.java:analyzeStorage(137)) - The storage directory /home/runner/work/ozone/ozone/hadoop-ozone/integration-test/target/test-dir/MiniOzoneClusterImpl-19dab9f3-ddac-4c20-9ee1-602e65f43fab/datanode-1/data/ratis/3f4c25f5-5c6b-4ff8-846c-b0860dd71571 does not exist. Creating ...
2023-06-06 14:28:48,459 [68f873c3-529d-421e-809c-72d7a1225c33-groupManagement] INFO  storage.RaftStorageDirectory (RaftStorageDirectoryImpl.java:tryLock(231)) - Lock on /home/runner/work/ozone/ozone/hadoop-ozone/integration-test/target/test-dir/MiniOzoneClusterImpl-19dab9f3-ddac-4c20-9ee1-602e65f43fab/datanode-1/data/ratis/3f4c25f5-5c6b-4ff8-846c-b0860dd71571/in_use.lock acquired by nodename 75814@fv-az1133-973
2023-06-06 14:28:48,460 [68f873c3-529d-421e-809c-72d7a1225c33-groupManagement] INFO  storage.RaftStorage (RaftStorageImpl.java:format(96)) - Storage directory /home/runner/work/ozone/ozone/hadoop-ozone/integration-test/target/test-dir/MiniOzoneClusterImpl-19dab9f3-ddac-4c20-9ee1-602e65f43fab/datanode-1/data/ratis/3f4c25f5-5c6b-4ff8-846c-b0860dd71571 has been successfully formatted.
2023-06-06 14:28:48,462 [68f873c3-529d-421e-809c-72d7a1225c33-groupManagement] INFO  ratis.ContainerStateMachine (ContainerStateMachine.java:loadSnapshot(262)) - group-B0860DD71571: The snapshot info is null. Setting the last applied indexto:(t:0, i:~)
2023-06-06 14:28:48,462 [68f873c3-529d-421e-809c-72d7a1225c33-groupManagement] INFO  server.RaftServerConfigKeys (ConfUtils.java:logGet(46)) - raft.server.log.use.memory = false (default)
2023-06-06 14:28:48,462 [68f873c3-529d-421e-809c-72d7a1225c33-groupManagement] INFO  server.RaftServerConfigKeys (ConfUtils.java:logGet(46)) - raft.server.log.purge.gap = 1000000 (custom)
2023-06-06 14:28:48,462 [68f873c3-529d-421e-809c-72d7a1225c33-groupManagement] INFO  server.RaftServerConfigKeys (ConfUtils.java:logGet(46)) - raft.server.log.appender.buffer.byte-limit = 33554432 (custom)
2023-06-06 14:28:48,462 [68f873c3-529d-421e-809c-72d7a1225c33-groupManagement] INFO  server.RaftServerConfigKeys (ConfUtils.java:logGet(46)) - raft.server.log.statemachine.data.read.timeout = 1000ms (default)
2023-06-06 14:28:48,462 [68f873c3-529d-421e-809c-72d7a1225c33-groupManagement] INFO  server.RaftServerConfigKeys (ConfUtils.java:logGet(46)) - raft.server.log.purge.preservation.log.num = 0 (default)
2023-06-06 14:28:48,462 [68f873c3-529d-421e-809c-72d7a1225c33-groupManagement] INFO  server.RaftServerConfigKeys (ConfUtils.java:logGet(46)) - raft.server.log.segment.size.max = 1048576 (custom)
2023-06-06 14:28:48,466 [68f873c3-529d-421e-809c-72d7a1225c33-groupManagement] INFO  server.RaftServerConfigKeys (ConfUtils.java:logGet(46)) - raft.server.log.segment.cache.num.max = 2 (custom)
2023-06-06 14:28:48,466 [68f873c3-529d-421e-809c-72d7a1225c33-groupManagement] INFO  server.RaftServerConfigKeys (ConfUtils.java:logGet(46)) - raft.server.log.segment.cache.size.max = 200MB (=209715200) (default)
2023-06-06 14:28:48,466 [68f873c3-529d-421e-809c-72d7a1225c33-groupManagement] INFO  server.RaftServerConfigKeys (ConfUtils.java:logGet(46)) - raft.server.log.appender.buffer.byte-limit = 33554432 (custom)
2023-06-06 14:28:48,466 [68f873c3-529d-421e-809c-72d7a1225c33-groupManagement] INFO  segmented.SegmentedRaftLogWorker (SegmentedRaftLogWorker.java:<init>(188)) - new 68f873c3-529d-421e-809c-72d7a1225c33@group-B0860DD71571-SegmentedRaftLogWorker for RaftStorageImpl:Storage Directory /home/runner/work/ozone/ozone/hadoop-ozone/integration-test/target/test-dir/MiniOzoneClusterImpl-19dab9f3-ddac-4c20-9ee1-602e65f43fab/datanode-1/data/ratis/3f4c25f5-5c6b-4ff8-846c-b0860dd71571
2023-06-06 14:28:48,466 [68f873c3-529d-421e-809c-72d7a1225c33-groupManagement] INFO  server.RaftServerConfigKeys (ConfUtils.java:logGet(46)) - raft.server.log.queue.byte-limit = 4294967296 (custom)
2023-06-06 14:28:48,466 [68f873c3-529d-421e-809c-72d7a1225c33-groupManagement] INFO  server.RaftServerConfigKeys (ConfUtils.java:logGet(46)) - raft.server.log.queue.element-limit = 1024 (custom)
2023-06-06 14:28:48,466 [68f873c3-529d-421e-809c-72d7a1225c33-groupManagement] INFO  server.RaftServerConfigKeys (ConfUtils.java:logGet(46)) - raft.server.log.segment.size.max = 1048576 (custom)
2023-06-06 14:28:48,466 [68f873c3-529d-421e-809c-72d7a1225c33-groupManagement] INFO  server.RaftServerConfigKeys (ConfUtils.java:logGet(46)) - raft.server.log.preallocated.size = 16384 (custom)
2023-06-06 14:28:48,466 [68f873c3-529d-421e-809c-72d7a1225c33-groupManagement] INFO  server.RaftServerConfigKeys (ConfUtils.java:logGet(46)) - raft.server.log.force.sync.num = 128 (default)
2023-06-06 14:28:48,466 [68f873c3-529d-421e-809c-72d7a1225c33-groupManagement] INFO  server.RaftServerConfigKeys (ConfUtils.java:logGet(46)) - raft.server.log.statemachine.data.sync = true (default)
2023-06-06 14:28:48,466 [68f873c3-529d-421e-809c-72d7a1225c33-groupManagement] INFO  server.RaftServerConfigKeys (ConfUtils.java:logGet(46)) - raft.server.log.statemachine.data.sync.timeout = 10s (default)
2023-06-06 14:28:48,466 [68f873c3-529d-421e-809c-72d7a1225c33-groupManagement] INFO  server.RaftServerConfigKeys (ConfUtils.java:logGet(46)) - raft.server.log.statemachine.data.sync.timeout.retry = -1 (default)
2023-06-06 14:28:48,467 [68f873c3-529d-421e-809c-72d7a1225c33-groupManagement] INFO  server.RaftServerConfigKeys (ConfUtils.java:logGet(46)) - raft.server.log.write.buffer.size = 1048576 (custom)
2023-06-06 14:28:48,469 [68f873c3-529d-421e-809c-72d7a1225c33-groupManagement] INFO  server.RaftServerConfigKeys (ConfUtils.java:logGet(46)) - raft.server.log.appender.buffer.byte-limit = 33554432 (custom)
2023-06-06 14:28:48,477 [68f873c3-529d-421e-809c-72d7a1225c33-groupManagement] INFO  server.RaftServerConfigKeys (ConfUtils.java:logGet(46)) - raft.server.log.unsafe-flush.enabled = false (default)
2023-06-06 14:28:48,477 [68f873c3-529d-421e-809c-72d7a1225c33-groupManagement] INFO  server.RaftServerConfigKeys (ConfUtils.java:logGet(46)) - raft.server.log.async-flush.enabled = false (default)
2023-06-06 14:28:48,477 [68f873c3-529d-421e-809c-72d7a1225c33-groupManagement] INFO  server.RaftServerConfigKeys (ConfUtils.java:logGet(46)) - raft.server.log.statemachine.data.caching.enabled = true (custom)
2023-06-06 14:28:48,477 [68f873c3-529d-421e-809c-72d7a1225c33-groupManagement] INFO  segmented.SegmentedRaftLogWorker (SegmentedRaftLogWorker.java:lambda$new$0(135)) - 68f873c3-529d-421e-809c-72d7a1225c33@group-B0860DD71571-SegmentedRaftLogWorker: flushIndex: setUnconditionally 0 -> -1
2023-06-06 14:28:48,477 [68f873c3-529d-421e-809c-72d7a1225c33-groupManagement] INFO  segmented.SegmentedRaftLogWorker (SegmentedRaftLogWorker.java:lambda$new$0(135)) - 68f873c3-529d-421e-809c-72d7a1225c33@group-B0860DD71571-SegmentedRaftLogWorker: safeCacheEvictIndex: setUnconditionally 0 -> -1
2023-06-06 14:28:48,477 [68f873c3-529d-421e-809c-72d7a1225c33-groupManagement] INFO  server.RaftServer$Division (RaftServerImpl.java:start(342)) - 68f873c3-529d-421e-809c-72d7a1225c33@group-B0860DD71571: start as a follower, conf=-1: peers:[77d17280-0276-45d4-bf82-17b9da904fb0|rpc:10.1.0.37:15136|admin:10.1.0.37:15135|client:10.1.0.37:15134|dataStream:10.1.0.37:15137|priority:0|startupRole:FOLLOWER, 68f873c3-529d-421e-809c-72d7a1225c33|rpc:10.1.0.37:15127|admin:10.1.0.37:15126|client:10.1.0.37:15125|dataStream:10.1.0.37:15128|priority:0|startupRole:FOLLOWER, 5adff45c-d552-4fe9-ae5a-69c6287068c4|rpc:10.1.0.37:15118|admin:10.1.0.37:15117|client:10.1.0.37:15116|dataStream:10.1.0.37:15119|priority:1|startupRole:FOLLOWER]|listeners:[], old=null
2023-06-06 14:28:48,478 [68f873c3-529d-421e-809c-72d7a1225c33-groupManagement] INFO  server.RaftServer$Division (RaftServerImpl.java:setRole(329)) - 68f873c3-529d-421e-809c-72d7a1225c33@group-B0860DD71571: changes role from      null to FOLLOWER at term 0 for startAsFollower
2023-06-06 14:28:48,478 [68f873c3-529d-421e-809c-72d7a1225c33-groupManagement] INFO  impl.RoleInfo (RoleInfo.java:updateAndGet(139)) - 68f873c3-529d-421e-809c-72d7a1225c33: start 68f873c3-529d-421e-809c-72d7a1225c33@group-B0860DD71571-FollowerState
2023-06-06 14:28:48,482 [68f873c3-529d-421e-809c-72d7a1225c33-groupManagement] INFO  util.JmxRegister (JmxRegister.java:tryRegister(44)) - Successfully registered JMX Bean with object name Ratis:service=RaftServer,group=group-B0860DD71571,id=68f873c3-529d-421e-809c-72d7a1225c33
2023-06-06 14:28:48,482 [68f873c3-529d-421e-809c-72d7a1225c33-groupManagement] INFO  server.RaftServerConfigKeys (ConfUtils.java:logGet(46)) - raft.server.snapshot.auto.trigger.enabled = true (custom)
2023-06-06 14:28:48,482 [68f873c3-529d-421e-809c-72d7a1225c33-groupManagement] INFO  server.RaftServerConfigKeys (ConfUtils.java:logGet(46)) - raft.server.snapshot.auto.trigger.threshold = 10000 (custom)
2023-06-06 14:28:48,482 [68f873c3-529d-421e-809c-72d7a1225c33-groupManagement] INFO  server.RaftServerConfigKeys (ConfUtils.java:logGet(46)) - raft.server.snapshot.retention.file.num = 5 (custom)
2023-06-06 14:28:48,482 [68f873c3-529d-421e-809c-72d7a1225c33-groupManagement] INFO  server.RaftServerConfigKeys (ConfUtils.java:logGet(46)) - raft.server.log.purge.upto.snapshot.index = false (default)
2023-06-06 14:28:48,487 [68f873c3-529d-421e-809c-72d7a1225c33@group-B0860DD71571-FollowerState] INFO  server.RaftServerConfigKeys (ConfUtils.java:logFallback(53)) - raft.server.rpc.first-election.timeout.min = 5s (fallback to raft.server.rpc.timeout.min)
2023-06-06 14:28:48,488 [68f873c3-529d-421e-809c-72d7a1225c33@group-B0860DD71571-FollowerState] INFO  server.RaftServerConfigKeys (ConfUtils.java:logFallback(53)) - raft.server.rpc.first-election.timeout.max = 5200ms (fallback to raft.server.rpc.timeout.max)
2023-06-06 14:28:48,501 [PipelineCommandHandlerThread-0] INFO  commandhandler.CreatePipelineCommandHandler (CreatePipelineCommandHandler.java:lambda$handle$2(124)) - Created Pipeline RATIS THREE PipelineID=3f4c25f5-5c6b-4ff8-846c-b0860dd71571.
2023-06-06 14:28:48,502 [PipelineCommandHandlerThread-0] INFO  server.RaftServer (RaftServerProxy.java:addNew(98)) - 5adff45c-d552-4fe9-ae5a-69c6287068c4: addNew group-4D9E7B64EBD6:[77d17280-0276-45d4-bf82-17b9da904fb0|rpc:10.1.0.37:15136|admin:10.1.0.37:15135|client:10.1.0.37:15134|dataStream:10.1.0.37:15137|priority:0|startupRole:FOLLOWER, 68f873c3-529d-421e-809c-72d7a1225c33|rpc:10.1.0.37:15127|admin:10.1.0.37:15126|client:10.1.0.37:15125|dataStream:10.1.0.37:15128|priority:1|startupRole:FOLLOWER, 5adff45c-d552-4fe9-ae5a-69c6287068c4|rpc:10.1.0.37:15118|admin:10.1.0.37:15117|client:10.1.0.37:15116|dataStream:10.1.0.37:15119|priority:0|startupRole:FOLLOWER] returns group-4D9E7B64EBD6:java.util.concurrent.CompletableFuture@48507fe0[Not completed]
2023-06-06 14:28:48,503 [5adff45c-d552-4fe9-ae5a-69c6287068c4-groupManagement] INFO  server.RaftServer$Division (RaftServerImpl.java:<init>(198)) - 5adff45c-d552-4fe9-ae5a-69c6287068c4: new RaftServerImpl for group-4D9E7B64EBD6:[77d17280-0276-45d4-bf82-17b9da904fb0|rpc:10.1.0.37:15136|admin:10.1.0.37:15135|client:10.1.0.37:15134|dataStream:10.1.0.37:15137|priority:0|startupRole:FOLLOWER, 68f873c3-529d-421e-809c-72d7a1225c33|rpc:10.1.0.37:15127|admin:10.1.0.37:15126|client:10.1.0.37:15125|dataStream:10.1.0.37:15128|priority:1|startupRole:FOLLOWER, 5adff45c-d552-4fe9-ae5a-69c6287068c4|rpc:10.1.0.37:15118|admin:10.1.0.37:15117|client:10.1.0.37:15116|dataStream:10.1.0.37:15119|priority:0|startupRole:FOLLOWER] with ContainerStateMachine:uninitialized
2023-06-06 14:28:48,503 [5adff45c-d552-4fe9-ae5a-69c6287068c4-groupManagement] INFO  server.RaftServerConfigKeys (ConfUtils.java:logGet(46)) - raft.server.rpc.timeout.min = 5s (custom)
2023-06-06 14:28:48,503 [5adff45c-d552-4fe9-ae5a-69c6287068c4-groupManagement] INFO  server.RaftServerConfigKeys (ConfUtils.java:logGet(46)) - raft.server.rpc.timeout.max = 5200ms (custom)
2023-06-06 14:28:48,503 [5adff45c-d552-4fe9-ae5a-69c6287068c4-groupManagement] INFO  server.RaftServerConfigKeys (ConfUtils.java:logGet(46)) - raft.server.rpc.sleep.time = 25ms (default)
2023-06-06 14:28:48,503 [5adff45c-d552-4fe9-ae5a-69c6287068c4-groupManagement] INFO  server.RaftServerConfigKeys (ConfUtils.java:logGet(46)) - raft.server.rpc.slowness.timeout = 300s (custom)
2023-06-06 14:28:48,503 [5adff45c-d552-4fe9-ae5a-69c6287068c4-groupManagement] INFO  server.RaftServerConfigKeys (ConfUtils.java:logGet(46)) - raft.server.leaderelection.leader.step-down.wait-time = 10s (default)
2023-06-06 14:28:48,503 [5adff45c-d552-4fe9-ae5a-69c6287068c4-groupManagement] INFO  server.RaftServerConfigKeys (ConfUtils.java:logGet(46)) - raft.server.sleep.deviation.threshold = 300ms (default)
2023-06-06 14:28:48,503 [5adff45c-d552-4fe9-ae5a-69c6287068c4-groupManagement] INFO  server.RaftServer$Division (ServerState.java:<init>(120)) - 5adff45c-d552-4fe9-ae5a-69c6287068c4@group-4D9E7B64EBD6: ConfigurationManager, init=-1: peers:[77d17280-0276-45d4-bf82-17b9da904fb0|rpc:10.1.0.37:15136|admin:10.1.0.37:15135|client:10.1.0.37:15134|dataStream:10.1.0.37:15137|priority:0|startupRole:FOLLOWER, 68f873c3-529d-421e-809c-72d7a1225c33|rpc:10.1.0.37:15127|admin:10.1.0.37:15126|client:10.1.0.37:15125|dataStream:10.1.0.37:15128|priority:1|startupRole:FOLLOWER, 5adff45c-d552-4fe9-ae5a-69c6287068c4|rpc:10.1.0.37:15118|admin:10.1.0.37:15117|client:10.1.0.37:15116|dataStream:10.1.0.37:15119|priority:0|startupRole:FOLLOWER]|listeners:[], old=null, confs=<EMPTY_MAP>
2023-06-06 14:28:48,503 [5adff45c-d552-4fe9-ae5a-69c6287068c4-groupManagement] INFO  server.RaftServerConfigKeys (ConfUtils.java:logGet(46)) - raft.server.storage.dir = [/home/runner/work/ozone/ozone/hadoop-ozone/integration-test/target/test-dir/MiniOzoneClusterImpl-19dab9f3-ddac-4c20-9ee1-602e65f43fab/datanode-0/data/ratis] (custom)
2023-06-06 14:28:48,503 [5adff45c-d552-4fe9-ae5a-69c6287068c4-groupManagement] INFO  server.RaftServerConfigKeys (ConfUtils.java:logGet(46)) - raft.server.log.corruption.policy = EXCEPTION (default)
2023-06-06 14:28:48,503 [5adff45c-d552-4fe9-ae5a-69c6287068c4-groupManagement] INFO  server.RaftServerConfigKeys (ConfUtils.java:logGet(46)) - raft.server.storage.free-space.min = 0MB (=0) (default)
2023-06-06 14:28:48,504 [5adff45c-d552-4fe9-ae5a-69c6287068c4-groupManagement] INFO  server.RaftServerConfigKeys (ConfUtils.java:logGet(46)) - raft.server.notification.no-leader.timeout = 300s (custom)
2023-06-06 14:28:48,504 [5adff45c-d552-4fe9-ae5a-69c6287068c4-groupManagement] INFO  server.RaftServerConfigKeys (ConfUtils.java:logGet(46)) - raft.server.read.timeout = 10s (default)
2023-06-06 14:28:48,504 [5adff45c-d552-4fe9-ae5a-69c6287068c4-groupManagement] INFO  server.RaftServerConfigKeys (ConfUtils.java:logGet(46)) - raft.server.retrycache.expirytime = 600000ms (custom)
2023-06-06 14:28:48,504 [5adff45c-d552-4fe9-ae5a-69c6287068c4-groupManagement] INFO  server.RaftServerConfigKeys (ConfUtils.java:logGet(46)) - raft.server.retrycache.statistics.expirytime = 100μs (default)
2023-06-06 14:28:48,504 [5adff45c-d552-4fe9-ae5a-69c6287068c4-groupManagement] INFO  server.RaftServerConfigKeys (ConfUtils.java:logGet(46)) - raft.server.read.option = DEFAULT (default)
2023-06-06 14:28:48,504 [5adff45c-d552-4fe9-ae5a-69c6287068c4-groupManagement] INFO  server.RaftServerConfigKeys (ConfUtils.java:logGet(46)) - raft.server.rpc.request.timeout = 60s (custom)
2023-06-06 14:28:48,504 [5adff45c-d552-4fe9-ae5a-69c6287068c4-groupManagement] INFO  server.RaftServerConfigKeys (ConfUtils.java:logGet(46)) - raft.server.log.appender.install.snapshot.enabled = false (custom)
2023-06-06 14:28:48,505 [5adff45c-d552-4fe9-ae5a-69c6287068c4-groupManagement] INFO  server.RaftServerConfigKeys (ConfUtils.java:logGet(46)) - raft.server.threadpool.server.cached = true (default)
2023-06-06 14:28:48,505 [5adff45c-d552-4fe9-ae5a-69c6287068c4-groupManagement] INFO  server.RaftServerConfigKeys (ConfUtils.java:logGet(46)) - raft.server.threadpool.server.size = 0 (default)
2023-06-06 14:28:48,505 [5adff45c-d552-4fe9-ae5a-69c6287068c4-groupManagement] INFO  server.RaftServerConfigKeys (ConfUtils.java:logGet(46)) - raft.server.threadpool.client.cached = true (default)
2023-06-06 14:28:48,505 [5adff45c-d552-4fe9-ae5a-69c6287068c4-groupManagement] INFO  server.RaftServerConfigKeys (ConfUtils.java:logGet(46)) - raft.server.threadpool.client.size = 0 (default)
2023-06-06 14:28:48,505 [5adff45c-d552-4fe9-ae5a-69c6287068c4-groupManagement] INFO  storage.RaftStorageDirectory (RaftStorageDirectoryImpl.java:analyzeStorage(137)) - The storage directory /home/runner/work/ozone/ozone/hadoop-ozone/integration-test/target/test-dir/MiniOzoneClusterImpl-19dab9f3-ddac-4c20-9ee1-602e65f43fab/datanode-0/data/ratis/37c5242d-f9f5-4e57-a253-4d9e7b64ebd6 does not exist. Creating ...
2023-06-06 14:28:48,506 [5adff45c-d552-4fe9-ae5a-69c6287068c4-groupManagement] INFO  storage.RaftStorageDirectory (RaftStorageDirectoryImpl.java:tryLock(231)) - Lock on /home/runner/work/ozone/ozone/hadoop-ozone/integration-test/target/test-dir/MiniOzoneClusterImpl-19dab9f3-ddac-4c20-9ee1-602e65f43fab/datanode-0/data/ratis/37c5242d-f9f5-4e57-a253-4d9e7b64ebd6/in_use.lock acquired by nodename 75814@fv-az1133-973
2023-06-06 14:28:48,507 [5adff45c-d552-4fe9-ae5a-69c6287068c4-groupManagement] INFO  storage.RaftStorage (RaftStorageImpl.java:format(96)) - Storage directory /home/runner/work/ozone/ozone/hadoop-ozone/integration-test/target/test-dir/MiniOzoneClusterImpl-19dab9f3-ddac-4c20-9ee1-602e65f43fab/datanode-0/data/ratis/37c5242d-f9f5-4e57-a253-4d9e7b64ebd6 has been successfully formatted.
2023-06-06 14:28:48,507 [5adff45c-d552-4fe9-ae5a-69c6287068c4-groupManagement] INFO  ratis.ContainerStateMachine (ContainerStateMachine.java:loadSnapshot(262)) - group-4D9E7B64EBD6: The snapshot info is null. Setting the last applied indexto:(t:0, i:~)
2023-06-06 14:28:48,507 [5adff45c-d552-4fe9-ae5a-69c6287068c4-groupManagement] INFO  server.RaftServerConfigKeys (ConfUtils.java:logGet(46)) - raft.server.log.use.memory = false (default)
2023-06-06 14:28:48,508 [5adff45c-d552-4fe9-ae5a-69c6287068c4-groupManagement] INFO  server.RaftServerConfigKeys (ConfUtils.java:logGet(46)) - raft.server.log.purge.gap = 1000000 (custom)
2023-06-06 14:28:48,508 [5adff45c-d552-4fe9-ae5a-69c6287068c4-groupManagement] INFO  server.RaftServerConfigKeys (ConfUtils.java:logGet(46)) - raft.server.log.appender.buffer.byte-limit = 33554432 (custom)
2023-06-06 14:28:48,508 [5adff45c-d552-4fe9-ae5a-69c6287068c4-groupManagement] INFO  server.RaftServerConfigKeys (ConfUtils.java:logGet(46)) - raft.server.log.statemachine.data.read.timeout = 1000ms (default)
2023-06-06 14:28:48,508 [5adff45c-d552-4fe9-ae5a-69c6287068c4-groupManagement] INFO  server.RaftServerConfigKeys (ConfUtils.java:logGet(46)) - raft.server.log.purge.preservation.log.num = 0 (default)
2023-06-06 14:28:48,508 [5adff45c-d552-4fe9-ae5a-69c6287068c4-groupManagement] INFO  server.RaftServerConfigKeys (ConfUtils.java:logGet(46)) - raft.server.log.segment.size.max = 1048576 (custom)
2023-06-06 14:28:48,508 [5adff45c-d552-4fe9-ae5a-69c6287068c4-groupManagement] INFO  server.RaftServerConfigKeys (ConfUtils.java:logGet(46)) - raft.server.log.segment.cache.num.max = 2 (custom)
2023-06-06 14:28:48,508 [5adff45c-d552-4fe9-ae5a-69c6287068c4-groupManagement] INFO  server.RaftServerConfigKeys (ConfUtils.java:logGet(46)) - raft.server.log.segment.cache.size.max = 200MB (=209715200) (default)
2023-06-06 14:28:48,508 [5adff45c-d552-4fe9-ae5a-69c6287068c4-groupManagement] INFO  server.RaftServerConfigKeys (ConfUtils.java:logGet(46)) - raft.server.log.appender.buffer.byte-limit = 33554432 (custom)
2023-06-06 14:28:48,508 [5adff45c-d552-4fe9-ae5a-69c6287068c4-groupManagement] INFO  segmented.SegmentedRaftLogWorker (SegmentedRaftLogWorker.java:<init>(188)) - new 5adff45c-d552-4fe9-ae5a-69c6287068c4@group-4D9E7B64EBD6-SegmentedRaftLogWorker for RaftStorageImpl:Storage Directory /home/runner/work/ozone/ozone/hadoop-ozone/integration-test/target/test-dir/MiniOzoneClusterImpl-19dab9f3-ddac-4c20-9ee1-602e65f43fab/datanode-0/data/ratis/37c5242d-f9f5-4e57-a253-4d9e7b64ebd6
2023-06-06 14:28:48,508 [5adff45c-d552-4fe9-ae5a-69c6287068c4-groupManagement] INFO  server.RaftServerConfigKeys (ConfUtils.java:logGet(46)) - raft.server.log.queue.byte-limit = 4294967296 (custom)
2023-06-06 14:28:48,508 [5adff45c-d552-4fe9-ae5a-69c6287068c4-groupManagement] INFO  server.RaftServerConfigKeys (ConfUtils.java:logGet(46)) - raft.server.log.queue.element-limit = 1024 (custom)
2023-06-06 14:28:48,509 [EventQueue-OpenPipelineForHealthyPipelineSafeModeRule] INFO  safemode.SCMSafeModeManager (HealthyPipelineSafeModeRule.java:process(137)) - SCM in safe mode. Healthy pipelines reported count is 0, required healthy pipeline reported count is 1
2023-06-06 14:28:48,510 [5adff45c-d552-4fe9-ae5a-69c6287068c4-groupManagement] INFO  server.RaftServerConfigKeys (ConfUtils.java:logGet(46)) - raft.server.log.segment.size.max = 1048576 (custom)
2023-06-06 14:28:48,510 [5adff45c-d552-4fe9-ae5a-69c6287068c4-groupManagement] INFO  server.RaftServerConfigKeys (ConfUtils.java:logGet(46)) - raft.server.log.preallocated.size = 16384 (custom)
2023-06-06 14:28:48,511 [5adff45c-d552-4fe9-ae5a-69c6287068c4-groupManagement] INFO  server.RaftServerConfigKeys (ConfUtils.java:logGet(46)) - raft.server.log.force.sync.num = 128 (default)
2023-06-06 14:28:48,511 [5adff45c-d552-4fe9-ae5a-69c6287068c4-groupManagement] INFO  server.RaftServerConfigKeys (ConfUtils.java:logGet(46)) - raft.server.log.statemachine.data.sync = true (default)
2023-06-06 14:28:48,511 [5adff45c-d552-4fe9-ae5a-69c6287068c4-groupManagement] INFO  server.RaftServerConfigKeys (ConfUtils.java:logGet(46)) - raft.server.log.statemachine.data.sync.timeout = 10s (default)
2023-06-06 14:28:48,511 [5adff45c-d552-4fe9-ae5a-69c6287068c4-groupManagement] INFO  server.RaftServerConfigKeys (ConfUtils.java:logGet(46)) - raft.server.log.statemachine.data.sync.timeout.retry = -1 (default)
2023-06-06 14:28:48,511 [5adff45c-d552-4fe9-ae5a-69c6287068c4-groupManagement] INFO  server.RaftServerConfigKeys (ConfUtils.java:logGet(46)) - raft.server.log.write.buffer.size = 1048576 (custom)
2023-06-06 14:28:48,512 [5adff45c-d552-4fe9-ae5a-69c6287068c4-groupManagement] INFO  server.RaftServerConfigKeys (ConfUtils.java:logGet(46)) - raft.server.log.appender.buffer.byte-limit = 33554432 (custom)
2023-06-06 14:28:48,523 [5adff45c-d552-4fe9-ae5a-69c6287068c4-groupManagement] INFO  server.RaftServerConfigKeys (ConfUtils.java:logGet(46)) - raft.server.log.unsafe-flush.enabled = false (default)
2023-06-06 14:28:48,523 [5adff45c-d552-4fe9-ae5a-69c6287068c4-groupManagement] INFO  server.RaftServerConfigKeys (ConfUtils.java:logGet(46)) - raft.server.log.async-flush.enabled = false (default)
2023-06-06 14:28:48,523 [5adff45c-d552-4fe9-ae5a-69c6287068c4-groupManagement] INFO  server.RaftServerConfigKeys (ConfUtils.java:logGet(46)) - raft.server.log.statemachine.data.caching.enabled = true (custom)
2023-06-06 14:28:48,523 [5adff45c-d552-4fe9-ae5a-69c6287068c4-groupManagement] INFO  segmented.SegmentedRaftLogWorker (SegmentedRaftLogWorker.java:lambda$new$0(135)) - 5adff45c-d552-4fe9-ae5a-69c6287068c4@group-4D9E7B64EBD6-SegmentedRaftLogWorker: flushIndex: setUnconditionally 0 -> -1
2023-06-06 14:28:48,523 [5adff45c-d552-4fe9-ae5a-69c6287068c4-groupManagement] INFO  segmented.SegmentedRaftLogWorker (SegmentedRaftLogWorker.java:lambda$new$0(135)) - 5adff45c-d552-4fe9-ae5a-69c6287068c4@group-4D9E7B64EBD6-SegmentedRaftLogWorker: safeCacheEvictIndex: setUnconditionally 0 -> -1
2023-06-06 14:28:48,528 [5adff45c-d552-4fe9-ae5a-69c6287068c4-groupManagement] INFO  server.RaftServer$Division (RaftServerImpl.java:start(342)) - 5adff45c-d552-4fe9-ae5a-69c6287068c4@group-4D9E7B64EBD6: start as a follower, conf=-1: peers:[77d17280-0276-45d4-bf82-17b9da904fb0|rpc:10.1.0.37:15136|admin:10.1.0.37:15135|client:10.1.0.37:15134|dataStream:10.1.0.37:15137|priority:0|startupRole:FOLLOWER, 68f873c3-529d-421e-809c-72d7a1225c33|rpc:10.1.0.37:15127|admin:10.1.0.37:15126|client:10.1.0.37:15125|dataStream:10.1.0.37:15128|priority:1|startupRole:FOLLOWER, 5adff45c-d552-4fe9-ae5a-69c6287068c4|rpc:10.1.0.37:15118|admin:10.1.0.37:15117|client:10.1.0.37:15116|dataStream:10.1.0.37:15119|priority:0|startupRole:FOLLOWER]|listeners:[], old=null
2023-06-06 14:28:48,528 [5adff45c-d552-4fe9-ae5a-69c6287068c4-groupManagement] INFO  server.RaftServer$Division (RaftServerImpl.java:setRole(329)) - 5adff45c-d552-4fe9-ae5a-69c6287068c4@group-4D9E7B64EBD6: changes role from      null to FOLLOWER at term 0 for startAsFollower
2023-06-06 14:28:48,528 [5adff45c-d552-4fe9-ae5a-69c6287068c4-groupManagement] INFO  impl.RoleInfo (RoleInfo.java:updateAndGet(139)) - 5adff45c-d552-4fe9-ae5a-69c6287068c4: start 5adff45c-d552-4fe9-ae5a-69c6287068c4@group-4D9E7B64EBD6-FollowerState
2023-06-06 14:28:48,529 [5adff45c-d552-4fe9-ae5a-69c6287068c4@group-4D9E7B64EBD6-FollowerState] INFO  server.RaftServerConfigKeys (ConfUtils.java:logFallback(53)) - raft.server.rpc.first-election.timeout.min = 5s (fallback to raft.server.rpc.timeout.min)
2023-06-06 14:28:48,529 [5adff45c-d552-4fe9-ae5a-69c6287068c4-groupManagement] INFO  util.JmxRegister (JmxRegister.java:tryRegister(44)) - Successfully registered JMX Bean with object name Ratis:service=RaftServer,group=group-4D9E7B64EBD6,id=5adff45c-d552-4fe9-ae5a-69c6287068c4
2023-06-06 14:28:48,529 [5adff45c-d552-4fe9-ae5a-69c6287068c4@group-4D9E7B64EBD6-FollowerState] INFO  server.RaftServerConfigKeys (ConfUtils.java:logFallback(53)) - raft.server.rpc.first-election.timeout.max = 5200ms (fallback to raft.server.rpc.timeout.max)
2023-06-06 14:28:48,529 [5adff45c-d552-4fe9-ae5a-69c6287068c4-groupManagement] INFO  server.RaftServerConfigKeys (ConfUtils.java:logGet(46)) - raft.server.snapshot.auto.trigger.enabled = true (custom)
2023-06-06 14:28:48,529 [5adff45c-d552-4fe9-ae5a-69c6287068c4-groupManagement] INFO  server.RaftServerConfigKeys (ConfUtils.java:logGet(46)) - raft.server.snapshot.auto.trigger.threshold = 10000 (custom)
2023-06-06 14:28:48,529 [5adff45c-d552-4fe9-ae5a-69c6287068c4-groupManagement] INFO  server.RaftServerConfigKeys (ConfUtils.java:logGet(46)) - raft.server.snapshot.retention.file.num = 5 (custom)
2023-06-06 14:28:48,529 [5adff45c-d552-4fe9-ae5a-69c6287068c4-groupManagement] INFO  server.RaftServerConfigKeys (ConfUtils.java:logGet(46)) - raft.server.log.purge.upto.snapshot.index = false (default)
2023-06-06 14:28:48,530 [PipelineCommandHandlerThread-0] INFO  ratis.XceiverServerRatis (XceiverServerRatis.java:addGroup(804)) - Created group PipelineID=37c5242d-f9f5-4e57-a253-4d9e7b64ebd6
2023-06-06 14:28:48,546 [grpc-default-executor-0] INFO  server.RaftServer (RaftServerProxy.java:addNew(98)) - 68f873c3-529d-421e-809c-72d7a1225c33: addNew group-4D9E7B64EBD6:[77d17280-0276-45d4-bf82-17b9da904fb0|rpc:10.1.0.37:15136|admin:10.1.0.37:15135|client:10.1.0.37:15134|dataStream:10.1.0.37:15137|priority:0|startupRole:FOLLOWER, 68f873c3-529d-421e-809c-72d7a1225c33|rpc:10.1.0.37:15127|admin:10.1.0.37:15126|client:10.1.0.37:15125|dataStream:10.1.0.37:15128|priority:1|startupRole:FOLLOWER, 5adff45c-d552-4fe9-ae5a-69c6287068c4|rpc:10.1.0.37:15118|admin:10.1.0.37:15117|client:10.1.0.37:15116|dataStream:10.1.0.37:15119|priority:0|startupRole:FOLLOWER] returns group-4D9E7B64EBD6:java.util.concurrent.CompletableFuture@59e5d920[Not completed]
2023-06-06 14:28:48,547 [68f873c3-529d-421e-809c-72d7a1225c33-groupManagement] INFO  server.RaftServer$Division (RaftServerImpl.java:<init>(198)) - 68f873c3-529d-421e-809c-72d7a1225c33: new RaftServerImpl for group-4D9E7B64EBD6:[77d17280-0276-45d4-bf82-17b9da904fb0|rpc:10.1.0.37:15136|admin:10.1.0.37:15135|client:10.1.0.37:15134|dataStream:10.1.0.37:15137|priority:0|startupRole:FOLLOWER, 68f873c3-529d-421e-809c-72d7a1225c33|rpc:10.1.0.37:15127|admin:10.1.0.37:15126|client:10.1.0.37:15125|dataStream:10.1.0.37:15128|priority:1|startupRole:FOLLOWER, 5adff45c-d552-4fe9-ae5a-69c6287068c4|rpc:10.1.0.37:15118|admin:10.1.0.37:15117|client:10.1.0.37:15116|dataStream:10.1.0.37:15119|priority:0|startupRole:FOLLOWER] with ContainerStateMachine:uninitialized
2023-06-06 14:28:48,547 [68f873c3-529d-421e-809c-72d7a1225c33-groupManagement] INFO  server.RaftServerConfigKeys (ConfUtils.java:logGet(46)) - raft.server.rpc.timeout.min = 5s (custom)
2023-06-06 14:28:48,547 [68f873c3-529d-421e-809c-72d7a1225c33-groupManagement] INFO  server.RaftServerConfigKeys (ConfUtils.java:logGet(46)) - raft.server.rpc.timeout.max = 5200ms (custom)
2023-06-06 14:28:48,547 [68f873c3-529d-421e-809c-72d7a1225c33-groupManagement] INFO  server.RaftServerConfigKeys (ConfUtils.java:logGet(46)) - raft.server.rpc.sleep.time = 25ms (default)
2023-06-06 14:28:48,547 [68f873c3-529d-421e-809c-72d7a1225c33-groupManagement] INFO  server.RaftServerConfigKeys (ConfUtils.java:logGet(46)) - raft.server.rpc.slowness.timeout = 300s (custom)
2023-06-06 14:28:48,547 [68f873c3-529d-421e-809c-72d7a1225c33-groupManagement] INFO  server.RaftServerConfigKeys (ConfUtils.java:logGet(46)) - raft.server.leaderelection.leader.step-down.wait-time = 10s (default)
2023-06-06 14:28:48,547 [68f873c3-529d-421e-809c-72d7a1225c33-groupManagement] INFO  server.RaftServerConfigKeys (ConfUtils.java:logGet(46)) - raft.server.sleep.deviation.threshold = 300ms (default)
2023-06-06 14:28:48,547 [68f873c3-529d-421e-809c-72d7a1225c33-groupManagement] INFO  server.RaftServer$Division (ServerState.java:<init>(120)) - 68f873c3-529d-421e-809c-72d7a1225c33@group-4D9E7B64EBD6: ConfigurationManager, init=-1: peers:[77d17280-0276-45d4-bf82-17b9da904fb0|rpc:10.1.0.37:15136|admin:10.1.0.37:15135|client:10.1.0.37:15134|dataStream:10.1.0.37:15137|priority:0|startupRole:FOLLOWER, 68f873c3-529d-421e-809c-72d7a1225c33|rpc:10.1.0.37:15127|admin:10.1.0.37:15126|client:10.1.0.37:15125|dataStream:10.1.0.37:15128|priority:1|startupRole:FOLLOWER, 5adff45c-d552-4fe9-ae5a-69c6287068c4|rpc:10.1.0.37:15118|admin:10.1.0.37:15117|client:10.1.0.37:15116|dataStream:10.1.0.37:15119|priority:0|startupRole:FOLLOWER]|listeners:[], old=null, confs=<EMPTY_MAP>
2023-06-06 14:28:48,547 [68f873c3-529d-421e-809c-72d7a1225c33-groupManagement] INFO  server.RaftServerConfigKeys (ConfUtils.java:logGet(46)) - raft.server.storage.dir = [/home/runner/work/ozone/ozone/hadoop-ozone/integration-test/target/test-dir/MiniOzoneClusterImpl-19dab9f3-ddac-4c20-9ee1-602e65f43fab/datanode-1/data/ratis] (custom)
2023-06-06 14:28:48,547 [68f873c3-529d-421e-809c-72d7a1225c33-groupManagement] INFO  server.RaftServerConfigKeys (ConfUtils.java:logGet(46)) - raft.server.log.corruption.policy = EXCEPTION (default)
2023-06-06 14:28:48,547 [68f873c3-529d-421e-809c-72d7a1225c33-groupManagement] INFO  server.RaftServerConfigKeys (ConfUtils.java:logGet(46)) - raft.server.storage.free-space.min = 0MB (=0) (default)
2023-06-06 14:28:48,548 [68f873c3-529d-421e-809c-72d7a1225c33-groupManagement] INFO  server.RaftServerConfigKeys (ConfUtils.java:logGet(46)) - raft.server.notification.no-leader.timeout = 300s (custom)
2023-06-06 14:28:48,548 [68f873c3-529d-421e-809c-72d7a1225c33-groupManagement] INFO  server.RaftServerConfigKeys (ConfUtils.java:logGet(46)) - raft.server.read.timeout = 10s (default)
2023-06-06 14:28:48,548 [68f873c3-529d-421e-809c-72d7a1225c33-groupManagement] INFO  server.RaftServerConfigKeys (ConfUtils.java:logGet(46)) - raft.server.retrycache.expirytime = 600000ms (custom)
2023-06-06 14:28:48,548 [68f873c3-529d-421e-809c-72d7a1225c33-groupManagement] INFO  server.RaftServerConfigKeys (ConfUtils.java:logGet(46)) - raft.server.retrycache.statistics.expirytime = 100μs (default)
2023-06-06 14:28:48,548 [68f873c3-529d-421e-809c-72d7a1225c33-groupManagement] INFO  server.RaftServerConfigKeys (ConfUtils.java:logGet(46)) - raft.server.read.option = DEFAULT (default)
2023-06-06 14:28:48,548 [68f873c3-529d-421e-809c-72d7a1225c33-groupManagement] INFO  server.RaftServerConfigKeys (ConfUtils.java:logGet(46)) - raft.server.rpc.request.timeout = 60s (custom)
2023-06-06 14:28:48,548 [68f873c3-529d-421e-809c-72d7a1225c33-groupManagement] INFO  server.RaftServerConfigKeys (ConfUtils.java:logGet(46)) - raft.server.log.appender.install.snapshot.enabled = false (custom)
2023-06-06 14:28:48,548 [68f873c3-529d-421e-809c-72d7a1225c33-groupManagement] INFO  server.RaftServerConfigKeys (ConfUtils.java:logGet(46)) - raft.server.threadpool.server.cached = true (default)
2023-06-06 14:28:48,548 [68f873c3-529d-421e-809c-72d7a1225c33-groupManagement] INFO  server.RaftServerConfigKeys (ConfUtils.java:logGet(46)) - raft.server.threadpool.server.size = 0 (default)
2023-06-06 14:28:48,548 [68f873c3-529d-421e-809c-72d7a1225c33-groupManagement] INFO  server.RaftServerConfigKeys (ConfUtils.java:logGet(46)) - raft.server.threadpool.client.cached = true (default)
2023-06-06 14:28:48,548 [68f873c3-529d-421e-809c-72d7a1225c33-groupManagement] INFO  server.RaftServerConfigKeys (ConfUtils.java:logGet(46)) - raft.server.threadpool.client.size = 0 (default)
2023-06-06 14:28:48,549 [68f873c3-529d-421e-809c-72d7a1225c33-groupManagement] INFO  storage.RaftStorageDirectory (RaftStorageDirectoryImpl.java:analyzeStorage(137)) - The storage directory /home/runner/work/ozone/ozone/hadoop-ozone/integration-test/target/test-dir/MiniOzoneClusterImpl-19dab9f3-ddac-4c20-9ee1-602e65f43fab/datanode-1/data/ratis/37c5242d-f9f5-4e57-a253-4d9e7b64ebd6 does not exist. Creating ...
2023-06-06 14:28:48,550 [68f873c3-529d-421e-809c-72d7a1225c33-groupManagement] INFO  storage.RaftStorageDirectory (RaftStorageDirectoryImpl.java:tryLock(231)) - Lock on /home/runner/work/ozone/ozone/hadoop-ozone/integration-test/target/test-dir/MiniOzoneClusterImpl-19dab9f3-ddac-4c20-9ee1-602e65f43fab/datanode-1/data/ratis/37c5242d-f9f5-4e57-a253-4d9e7b64ebd6/in_use.lock acquired by nodename 75814@fv-az1133-973
2023-06-06 14:28:48,551 [68f873c3-529d-421e-809c-72d7a1225c33-groupManagement] INFO  storage.RaftStorage (RaftStorageImpl.java:format(96)) - Storage directory /home/runner/work/ozone/ozone/hadoop-ozone/integration-test/target/test-dir/MiniOzoneClusterImpl-19dab9f3-ddac-4c20-9ee1-602e65f43fab/datanode-1/data/ratis/37c5242d-f9f5-4e57-a253-4d9e7b64ebd6 has been successfully formatted.
2023-06-06 14:28:48,553 [68f873c3-529d-421e-809c-72d7a1225c33-groupManagement] INFO  ratis.ContainerStateMachine (ContainerStateMachine.java:loadSnapshot(262)) - group-4D9E7B64EBD6: The snapshot info is null. Setting the last applied indexto:(t:0, i:~)
2023-06-06 14:28:48,553 [68f873c3-529d-421e-809c-72d7a1225c33-groupManagement] INFO  server.RaftServerConfigKeys (ConfUtils.java:logGet(46)) - raft.server.log.use.memory = false (default)
2023-06-06 14:28:48,553 [68f873c3-529d-421e-809c-72d7a1225c33-groupManagement] INFO  server.RaftServerConfigKeys (ConfUtils.java:logGet(46)) - raft.server.log.purge.gap = 1000000 (custom)
2023-06-06 14:28:48,553 [68f873c3-529d-421e-809c-72d7a1225c33-groupManagement] INFO  server.RaftServerConfigKeys (ConfUtils.java:logGet(46)) - raft.server.log.appender.buffer.byte-limit = 33554432 (custom)
2023-06-06 14:28:48,553 [68f873c3-529d-421e-809c-72d7a1225c33-groupManagement] INFO  server.RaftServerConfigKeys (ConfUtils.java:logGet(46)) - raft.server.log.statemachine.data.read.timeout = 1000ms (default)
2023-06-06 14:28:48,553 [68f873c3-529d-421e-809c-72d7a1225c33-groupManagement] INFO  server.RaftServerConfigKeys (ConfUtils.java:logGet(46)) - raft.server.log.purge.preservation.log.num = 0 (default)
2023-06-06 14:28:48,554 [68f873c3-529d-421e-809c-72d7a1225c33-groupManagement] INFO  server.RaftServerConfigKeys (ConfUtils.java:logGet(46)) - raft.server.log.segment.size.max = 1048576 (custom)
2023-06-06 14:28:48,554 [68f873c3-529d-421e-809c-72d7a1225c33-groupManagement] INFO  server.RaftServerConfigKeys (ConfUtils.java:logGet(46)) - raft.server.log.segment.cache.num.max = 2 (custom)
2023-06-06 14:28:48,554 [68f873c3-529d-421e-809c-72d7a1225c33-groupManagement] INFO  server.RaftServerConfigKeys (ConfUtils.java:logGet(46)) - raft.server.log.segment.cache.size.max = 200MB (=209715200) (default)
2023-06-06 14:28:48,554 [68f873c3-529d-421e-809c-72d7a1225c33-groupManagement] INFO  server.RaftServerConfigKeys (ConfUtils.java:logGet(46)) - raft.server.log.appender.buffer.byte-limit = 33554432 (custom)
2023-06-06 14:28:48,554 [68f873c3-529d-421e-809c-72d7a1225c33-groupManagement] INFO  segmented.SegmentedRaftLogWorker (SegmentedRaftLogWorker.java:<init>(188)) - new 68f873c3-529d-421e-809c-72d7a1225c33@group-4D9E7B64EBD6-SegmentedRaftLogWorker for RaftStorageImpl:Storage Directory /home/runner/work/ozone/ozone/hadoop-ozone/integration-test/target/test-dir/MiniOzoneClusterImpl-19dab9f3-ddac-4c20-9ee1-602e65f43fab/datanode-1/data/ratis/37c5242d-f9f5-4e57-a253-4d9e7b64ebd6
2023-06-06 14:28:48,554 [68f873c3-529d-421e-809c-72d7a1225c33-groupManagement] INFO  server.RaftServerConfigKeys (ConfUtils.java:logGet(46)) - raft.server.log.queue.byte-limit = 4294967296 (custom)
2023-06-06 14:28:48,555 [68f873c3-529d-421e-809c-72d7a1225c33-groupManagement] INFO  server.RaftServerConfigKeys (ConfUtils.java:logGet(46)) - raft.server.log.queue.element-limit = 1024 (custom)
2023-06-06 14:28:48,555 [68f873c3-529d-421e-809c-72d7a1225c33-groupManagement] INFO  server.RaftServerConfigKeys (ConfUtils.java:logGet(46)) - raft.server.log.segment.size.max = 1048576 (custom)
2023-06-06 14:28:48,555 [68f873c3-529d-421e-809c-72d7a1225c33-groupManagement] INFO  server.RaftServerConfigKeys (ConfUtils.java:logGet(46)) - raft.server.log.preallocated.size = 16384 (custom)
2023-06-06 14:28:48,555 [68f873c3-529d-421e-809c-72d7a1225c33-groupManagement] INFO  server.RaftServerConfigKeys (ConfUtils.java:logGet(46)) - raft.server.log.force.sync.num = 128 (default)
2023-06-06 14:28:48,555 [68f873c3-529d-421e-809c-72d7a1225c33-groupManagement] INFO  server.RaftServerConfigKeys (ConfUtils.java:logGet(46)) - raft.server.log.statemachine.data.sync = true (default)
2023-06-06 14:28:48,555 [68f873c3-529d-421e-809c-72d7a1225c33-groupManagement] INFO  server.RaftServerConfigKeys (ConfUtils.java:logGet(46)) - raft.server.log.statemachine.data.sync.timeout = 10s (default)
2023-06-06 14:28:48,555 [68f873c3-529d-421e-809c-72d7a1225c33-groupManagement] INFO  server.RaftServerConfigKeys (ConfUtils.java:logGet(46)) - raft.server.log.statemachine.data.sync.timeout.retry = -1 (default)
2023-06-06 14:28:48,555 [68f873c3-529d-421e-809c-72d7a1225c33-groupManagement] INFO  server.RaftServerConfigKeys (ConfUtils.java:logGet(46)) - raft.server.log.write.buffer.size = 1048576 (custom)
2023-06-06 14:28:48,556 [68f873c3-529d-421e-809c-72d7a1225c33-groupManagement] INFO  server.RaftServerConfigKeys (ConfUtils.java:logGet(46)) - raft.server.log.appender.buffer.byte-limit = 33554432 (custom)
2023-06-06 14:28:48,566 [68f873c3-529d-421e-809c-72d7a1225c33-groupManagement] INFO  server.RaftServerConfigKeys (ConfUtils.java:logGet(46)) - raft.server.log.unsafe-flush.enabled = false (default)
2023-06-06 14:28:48,566 [68f873c3-529d-421e-809c-72d7a1225c33-groupManagement] INFO  server.RaftServerConfigKeys (ConfUtils.java:logGet(46)) - raft.server.log.async-flush.enabled = false (default)
2023-06-06 14:28:48,566 [68f873c3-529d-421e-809c-72d7a1225c33-groupManagement] INFO  server.RaftServerConfigKeys (ConfUtils.java:logGet(46)) - raft.server.log.statemachine.data.caching.enabled = true (custom)
2023-06-06 14:28:48,567 [68f873c3-529d-421e-809c-72d7a1225c33-groupManagement] INFO  segmented.SegmentedRaftLogWorker (SegmentedRaftLogWorker.java:lambda$new$0(135)) - 68f873c3-529d-421e-809c-72d7a1225c33@group-4D9E7B64EBD6-SegmentedRaftLogWorker: flushIndex: setUnconditionally 0 -> -1
2023-06-06 14:28:48,567 [68f873c3-529d-421e-809c-72d7a1225c33-groupManagement] INFO  segmented.SegmentedRaftLogWorker (SegmentedRaftLogWorker.java:lambda$new$0(135)) - 68f873c3-529d-421e-809c-72d7a1225c33@group-4D9E7B64EBD6-SegmentedRaftLogWorker: safeCacheEvictIndex: setUnconditionally 0 -> -1
2023-06-06 14:28:48,569 [68f873c3-529d-421e-809c-72d7a1225c33-groupManagement] INFO  server.RaftServer$Division (RaftServerImpl.java:start(342)) - 68f873c3-529d-421e-809c-72d7a1225c33@group-4D9E7B64EBD6: start as a follower, conf=-1: peers:[77d17280-0276-45d4-bf82-17b9da904fb0|rpc:10.1.0.37:15136|admin:10.1.0.37:15135|client:10.1.0.37:15134|dataStream:10.1.0.37:15137|priority:0|startupRole:FOLLOWER, 68f873c3-529d-421e-809c-72d7a1225c33|rpc:10.1.0.37:15127|admin:10.1.0.37:15126|client:10.1.0.37:15125|dataStream:10.1.0.37:15128|priority:1|startupRole:FOLLOWER, 5adff45c-d552-4fe9-ae5a-69c6287068c4|rpc:10.1.0.37:15118|admin:10.1.0.37:15117|client:10.1.0.37:15116|dataStream:10.1.0.37:15119|priority:0|startupRole:FOLLOWER]|listeners:[], old=null
2023-06-06 14:28:48,569 [68f873c3-529d-421e-809c-72d7a1225c33-groupManagement] INFO  server.RaftServer$Division (RaftServerImpl.java:setRole(329)) - 68f873c3-529d-421e-809c-72d7a1225c33@group-4D9E7B64EBD6: changes role from      null to FOLLOWER at term 0 for startAsFollower
2023-06-06 14:28:48,569 [68f873c3-529d-421e-809c-72d7a1225c33-groupManagement] INFO  impl.RoleInfo (RoleInfo.java:updateAndGet(139)) - 68f873c3-529d-421e-809c-72d7a1225c33: start 68f873c3-529d-421e-809c-72d7a1225c33@group-4D9E7B64EBD6-FollowerState
2023-06-06 14:28:48,570 [68f873c3-529d-421e-809c-72d7a1225c33-groupManagement] INFO  util.JmxRegister (JmxRegister.java:tryRegister(44)) - Successfully registered JMX Bean with object name Ratis:service=RaftServer,group=group-4D9E7B64EBD6,id=68f873c3-529d-421e-809c-72d7a1225c33
2023-06-06 14:28:48,570 [68f873c3-529d-421e-809c-72d7a1225c33-groupManagement] INFO  server.RaftServerConfigKeys (ConfUtils.java:logGet(46)) - raft.server.snapshot.auto.trigger.enabled = true (custom)
2023-06-06 14:28:48,570 [68f873c3-529d-421e-809c-72d7a1225c33-groupManagement] INFO  server.RaftServerConfigKeys (ConfUtils.java:logGet(46)) - raft.server.snapshot.auto.trigger.threshold = 10000 (custom)
2023-06-06 14:28:48,570 [68f873c3-529d-421e-809c-72d7a1225c33-groupManagement] INFO  server.RaftServerConfigKeys (ConfUtils.java:logGet(46)) - raft.server.snapshot.retention.file.num = 5 (custom)
2023-06-06 14:28:48,570 [68f873c3-529d-421e-809c-72d7a1225c33-groupManagement] INFO  server.RaftServerConfigKeys (ConfUtils.java:logGet(46)) - raft.server.log.purge.upto.snapshot.index = false (default)
2023-06-06 14:28:48,571 [68f873c3-529d-421e-809c-72d7a1225c33@group-4D9E7B64EBD6-FollowerState] INFO  server.RaftServerConfigKeys (ConfUtils.java:logFallback(53)) - raft.server.rpc.first-election.timeout.min = 5s (fallback to raft.server.rpc.timeout.min)
2023-06-06 14:28:48,572 [68f873c3-529d-421e-809c-72d7a1225c33@group-4D9E7B64EBD6-FollowerState] INFO  server.RaftServerConfigKeys (ConfUtils.java:logFallback(53)) - raft.server.rpc.first-election.timeout.max = 5200ms (fallback to raft.server.rpc.timeout.max)
2023-06-06 14:28:48,599 [grpc-default-executor-0] INFO  server.RaftServer (RaftServerProxy.java:addNew(98)) - 77d17280-0276-45d4-bf82-17b9da904fb0: addNew group-4D9E7B64EBD6:[77d17280-0276-45d4-bf82-17b9da904fb0|rpc:10.1.0.37:15136|admin:10.1.0.37:15135|client:10.1.0.37:15134|dataStream:10.1.0.37:15137|priority:0|startupRole:FOLLOWER, 68f873c3-529d-421e-809c-72d7a1225c33|rpc:10.1.0.37:15127|admin:10.1.0.37:15126|client:10.1.0.37:15125|dataStream:10.1.0.37:15128|priority:1|startupRole:FOLLOWER, 5adff45c-d552-4fe9-ae5a-69c6287068c4|rpc:10.1.0.37:15118|admin:10.1.0.37:15117|client:10.1.0.37:15116|dataStream:10.1.0.37:15119|priority:0|startupRole:FOLLOWER] returns group-4D9E7B64EBD6:java.util.concurrent.CompletableFuture@2d37b18d[Not completed]
2023-06-06 14:28:48,599 [77d17280-0276-45d4-bf82-17b9da904fb0-groupManagement] INFO  server.RaftServer$Division (RaftServerImpl.java:<init>(198)) - 77d17280-0276-45d4-bf82-17b9da904fb0: new RaftServerImpl for group-4D9E7B64EBD6:[77d17280-0276-45d4-bf82-17b9da904fb0|rpc:10.1.0.37:15136|admin:10.1.0.37:15135|client:10.1.0.37:15134|dataStream:10.1.0.37:15137|priority:0|startupRole:FOLLOWER, 68f873c3-529d-421e-809c-72d7a1225c33|rpc:10.1.0.37:15127|admin:10.1.0.37:15126|client:10.1.0.37:15125|dataStream:10.1.0.37:15128|priority:1|startupRole:FOLLOWER, 5adff45c-d552-4fe9-ae5a-69c6287068c4|rpc:10.1.0.37:15118|admin:10.1.0.37:15117|client:10.1.0.37:15116|dataStream:10.1.0.37:15119|priority:0|startupRole:FOLLOWER] with ContainerStateMachine:uninitialized
2023-06-06 14:28:48,600 [77d17280-0276-45d4-bf82-17b9da904fb0-groupManagement] INFO  server.RaftServerConfigKeys (ConfUtils.java:logGet(46)) - raft.server.rpc.timeout.min = 5s (custom)
2023-06-06 14:28:48,600 [77d17280-0276-45d4-bf82-17b9da904fb0-groupManagement] INFO  server.RaftServerConfigKeys (ConfUtils.java:logGet(46)) - raft.server.rpc.timeout.max = 5200ms (custom)
2023-06-06 14:28:48,600 [77d17280-0276-45d4-bf82-17b9da904fb0-groupManagement] INFO  server.RaftServerConfigKeys (ConfUtils.java:logGet(46)) - raft.server.rpc.sleep.time = 25ms (default)
2023-06-06 14:28:48,600 [77d17280-0276-45d4-bf82-17b9da904fb0-groupManagement] INFO  server.RaftServerConfigKeys (ConfUtils.java:logGet(46)) - raft.server.rpc.slowness.timeout = 300s (custom)
2023-06-06 14:28:48,600 [77d17280-0276-45d4-bf82-17b9da904fb0-groupManagement] INFO  server.RaftServerConfigKeys (ConfUtils.java:logGet(46)) - raft.server.leaderelection.leader.step-down.wait-time = 10s (default)
2023-06-06 14:28:48,600 [77d17280-0276-45d4-bf82-17b9da904fb0-groupManagement] INFO  server.RaftServerConfigKeys (ConfUtils.java:logGet(46)) - raft.server.sleep.deviation.threshold = 300ms (default)
2023-06-06 14:28:48,600 [77d17280-0276-45d4-bf82-17b9da904fb0-groupManagement] INFO  server.RaftServer$Division (ServerState.java:<init>(120)) - 77d17280-0276-45d4-bf82-17b9da904fb0@group-4D9E7B64EBD6: ConfigurationManager, init=-1: peers:[77d17280-0276-45d4-bf82-17b9da904fb0|rpc:10.1.0.37:15136|admin:10.1.0.37:15135|client:10.1.0.37:15134|dataStream:10.1.0.37:15137|priority:0|startupRole:FOLLOWER, 68f873c3-529d-421e-809c-72d7a1225c33|rpc:10.1.0.37:15127|admin:10.1.0.37:15126|client:10.1.0.37:15125|dataStream:10.1.0.37:15128|priority:1|startupRole:FOLLOWER, 5adff45c-d552-4fe9-ae5a-69c6287068c4|rpc:10.1.0.37:15118|admin:10.1.0.37:15117|client:10.1.0.37:15116|dataStream:10.1.0.37:15119|priority:0|startupRole:FOLLOWER]|listeners:[], old=null, confs=<EMPTY_MAP>
2023-06-06 14:28:48,600 [77d17280-0276-45d4-bf82-17b9da904fb0-groupManagement] INFO  server.RaftServerConfigKeys (ConfUtils.java:logGet(46)) - raft.server.storage.dir = [/home/runner/work/ozone/ozone/hadoop-ozone/integration-test/target/test-dir/MiniOzoneClusterImpl-19dab9f3-ddac-4c20-9ee1-602e65f43fab/datanode-2/data/ratis] (custom)
2023-06-06 14:28:48,600 [77d17280-0276-45d4-bf82-17b9da904fb0-groupManagement] INFO  server.RaftServerConfigKeys (ConfUtils.java:logGet(46)) - raft.server.log.corruption.policy = EXCEPTION (default)
2023-06-06 14:28:48,600 [77d17280-0276-45d4-bf82-17b9da904fb0-groupManagement] INFO  server.RaftServerConfigKeys (ConfUtils.java:logGet(46)) - raft.server.storage.free-space.min = 0MB (=0) (default)
2023-06-06 14:28:48,600 [77d17280-0276-45d4-bf82-17b9da904fb0-groupManagement] INFO  server.RaftServerConfigKeys (ConfUtils.java:logGet(46)) - raft.server.notification.no-leader.timeout = 300s (custom)
2023-06-06 14:28:48,600 [77d17280-0276-45d4-bf82-17b9da904fb0-groupManagement] INFO  server.RaftServerConfigKeys (ConfUtils.java:logGet(46)) - raft.server.read.timeout = 10s (default)
2023-06-06 14:28:48,600 [77d17280-0276-45d4-bf82-17b9da904fb0-groupManagement] INFO  server.RaftServerConfigKeys (ConfUtils.java:logGet(46)) - raft.server.retrycache.expirytime = 600000ms (custom)
2023-06-06 14:28:48,600 [77d17280-0276-45d4-bf82-17b9da904fb0-groupManagement] INFO  server.RaftServerConfigKeys (ConfUtils.java:logGet(46)) - raft.server.retrycache.statistics.expirytime = 100μs (default)
2023-06-06 14:28:48,600 [77d17280-0276-45d4-bf82-17b9da904fb0-groupManagement] INFO  server.RaftServerConfigKeys (ConfUtils.java:logGet(46)) - raft.server.read.option = DEFAULT (default)
2023-06-06 14:28:48,601 [77d17280-0276-45d4-bf82-17b9da904fb0-groupManagement] INFO  server.RaftServerConfigKeys (ConfUtils.java:logGet(46)) - raft.server.rpc.request.timeout = 60s (custom)
2023-06-06 14:28:48,601 [77d17280-0276-45d4-bf82-17b9da904fb0-groupManagement] INFO  server.RaftServerConfigKeys (ConfUtils.java:logGet(46)) - raft.server.log.appender.install.snapshot.enabled = false (custom)
2023-06-06 14:28:48,601 [77d17280-0276-45d4-bf82-17b9da904fb0-groupManagement] INFO  server.RaftServerConfigKeys (ConfUtils.java:logGet(46)) - raft.server.threadpool.server.cached = true (default)
2023-06-06 14:28:48,601 [77d17280-0276-45d4-bf82-17b9da904fb0-groupManagement] INFO  server.RaftServerConfigKeys (ConfUtils.java:logGet(46)) - raft.server.threadpool.server.size = 0 (default)
2023-06-06 14:28:48,601 [77d17280-0276-45d4-bf82-17b9da904fb0-groupManagement] INFO  server.RaftServerConfigKeys (ConfUtils.java:logGet(46)) - raft.server.threadpool.client.cached = true (default)
2023-06-06 14:28:48,601 [77d17280-0276-45d4-bf82-17b9da904fb0-groupManagement] INFO  server.RaftServerConfigKeys (ConfUtils.java:logGet(46)) - raft.server.threadpool.client.size = 0 (default)
2023-06-06 14:28:48,601 [77d17280-0276-45d4-bf82-17b9da904fb0-groupManagement] INFO  storage.RaftStorageDirectory (RaftStorageDirectoryImpl.java:analyzeStorage(137)) - The storage directory /home/runner/work/ozone/ozone/hadoop-ozone/integration-test/target/test-dir/MiniOzoneClusterImpl-19dab9f3-ddac-4c20-9ee1-602e65f43fab/datanode-2/data/ratis/37c5242d-f9f5-4e57-a253-4d9e7b64ebd6 does not exist. Creating ...
2023-06-06 14:28:48,602 [77d17280-0276-45d4-bf82-17b9da904fb0-groupManagement] INFO  storage.RaftStorageDirectory (RaftStorageDirectoryImpl.java:tryLock(231)) - Lock on /home/runner/work/ozone/ozone/hadoop-ozone/integration-test/target/test-dir/MiniOzoneClusterImpl-19dab9f3-ddac-4c20-9ee1-602e65f43fab/datanode-2/data/ratis/37c5242d-f9f5-4e57-a253-4d9e7b64ebd6/in_use.lock acquired by nodename 75814@fv-az1133-973
2023-06-06 14:28:48,604 [77d17280-0276-45d4-bf82-17b9da904fb0-groupManagement] INFO  storage.RaftStorage (RaftStorageImpl.java:format(96)) - Storage directory /home/runner/work/ozone/ozone/hadoop-ozone/integration-test/target/test-dir/MiniOzoneClusterImpl-19dab9f3-ddac-4c20-9ee1-602e65f43fab/datanode-2/data/ratis/37c5242d-f9f5-4e57-a253-4d9e7b64ebd6 has been successfully formatted.
2023-06-06 14:28:48,605 [77d17280-0276-45d4-bf82-17b9da904fb0-groupManagement] INFO  ratis.ContainerStateMachine (ContainerStateMachine.java:loadSnapshot(262)) - group-4D9E7B64EBD6: The snapshot info is null. Setting the last applied indexto:(t:0, i:~)
2023-06-06 14:28:48,605 [77d17280-0276-45d4-bf82-17b9da904fb0-groupManagement] INFO  server.RaftServerConfigKeys (ConfUtils.java:logGet(46)) - raft.server.log.use.memory = false (default)
2023-06-06 14:28:48,605 [77d17280-0276-45d4-bf82-17b9da904fb0-groupManagement] INFO  server.RaftServerConfigKeys (ConfUtils.java:logGet(46)) - raft.server.log.purge.gap = 1000000 (custom)
2023-06-06 14:28:48,605 [77d17280-0276-45d4-bf82-17b9da904fb0-groupManagement] INFO  server.RaftServerConfigKeys (ConfUtils.java:logGet(46)) - raft.server.log.appender.buffer.byte-limit = 33554432 (custom)
2023-06-06 14:28:48,605 [77d17280-0276-45d4-bf82-17b9da904fb0-groupManagement] INFO  server.RaftServerConfigKeys (ConfUtils.java:logGet(46)) - raft.server.log.statemachine.data.read.timeout = 1000ms (default)
2023-06-06 14:28:48,605 [77d17280-0276-45d4-bf82-17b9da904fb0-groupManagement] INFO  server.RaftServerConfigKeys (ConfUtils.java:logGet(46)) - raft.server.log.purge.preservation.log.num = 0 (default)
2023-06-06 14:28:48,606 [77d17280-0276-45d4-bf82-17b9da904fb0-groupManagement] INFO  server.RaftServerConfigKeys (ConfUtils.java:logGet(46)) - raft.server.log.segment.size.max = 1048576 (custom)
2023-06-06 14:28:48,606 [77d17280-0276-45d4-bf82-17b9da904fb0-groupManagement] INFO  server.RaftServerConfigKeys (ConfUtils.java:logGet(46)) - raft.server.log.segment.cache.num.max = 2 (custom)
2023-06-06 14:28:48,606 [77d17280-0276-45d4-bf82-17b9da904fb0-groupManagement] INFO  server.RaftServerConfigKeys (ConfUtils.java:logGet(46)) - raft.server.log.segment.cache.size.max = 200MB (=209715200) (default)
2023-06-06 14:28:48,606 [77d17280-0276-45d4-bf82-17b9da904fb0-groupManagement] INFO  server.RaftServerConfigKeys (ConfUtils.java:logGet(46)) - raft.server.log.appender.buffer.byte-limit = 33554432 (custom)
2023-06-06 14:28:48,606 [77d17280-0276-45d4-bf82-17b9da904fb0-groupManagement] INFO  segmented.SegmentedRaftLogWorker (SegmentedRaftLogWorker.java:<init>(188)) - new 77d17280-0276-45d4-bf82-17b9da904fb0@group-4D9E7B64EBD6-SegmentedRaftLogWorker for RaftStorageImpl:Storage Directory /home/runner/work/ozone/ozone/hadoop-ozone/integration-test/target/test-dir/MiniOzoneClusterImpl-19dab9f3-ddac-4c20-9ee1-602e65f43fab/datanode-2/data/ratis/37c5242d-f9f5-4e57-a253-4d9e7b64ebd6
2023-06-06 14:28:48,606 [77d17280-0276-45d4-bf82-17b9da904fb0-groupManagement] INFO  server.RaftServerConfigKeys (ConfUtils.java:logGet(46)) - raft.server.log.queue.byte-limit = 4294967296 (custom)
2023-06-06 14:28:48,606 [77d17280-0276-45d4-bf82-17b9da904fb0-groupManagement] INFO  server.RaftServerConfigKeys (ConfUtils.java:logGet(46)) - raft.server.log.queue.element-limit = 1024 (custom)
2023-06-06 14:28:48,606 [77d17280-0276-45d4-bf82-17b9da904fb0-groupManagement] INFO  server.RaftServerConfigKeys (ConfUtils.java:logGet(46)) - raft.server.log.segment.size.max = 1048576 (custom)
2023-06-06 14:28:48,606 [77d17280-0276-45d4-bf82-17b9da904fb0-groupManagement] INFO  server.RaftServerConfigKeys (ConfUtils.java:logGet(46)) - raft.server.log.preallocated.size = 16384 (custom)
2023-06-06 14:28:48,606 [77d17280-0276-45d4-bf82-17b9da904fb0-groupManagement] INFO  server.RaftServerConfigKeys (ConfUtils.java:logGet(46)) - raft.server.log.force.sync.num = 128 (default)
2023-06-06 14:28:48,607 [77d17280-0276-45d4-bf82-17b9da904fb0-groupManagement] INFO  server.RaftServerConfigKeys (ConfUtils.java:logGet(46)) - raft.server.log.statemachine.data.sync = true (default)
2023-06-06 14:28:48,607 [77d17280-0276-45d4-bf82-17b9da904fb0-groupManagement] INFO  server.RaftServerConfigKeys (ConfUtils.java:logGet(46)) - raft.server.log.statemachine.data.sync.timeout = 10s (default)
2023-06-06 14:28:48,607 [77d17280-0276-45d4-bf82-17b9da904fb0-groupManagement] INFO  server.RaftServerConfigKeys (ConfUtils.java:logGet(46)) - raft.server.log.statemachine.data.sync.timeout.retry = -1 (default)
2023-06-06 14:28:48,607 [77d17280-0276-45d4-bf82-17b9da904fb0-groupManagement] INFO  server.RaftServerConfigKeys (ConfUtils.java:logGet(46)) - raft.server.log.write.buffer.size = 1048576 (custom)
2023-06-06 14:28:48,608 [77d17280-0276-45d4-bf82-17b9da904fb0-groupManagement] INFO  server.RaftServerConfigKeys (ConfUtils.java:logGet(46)) - raft.server.log.appender.buffer.byte-limit = 33554432 (custom)
2023-06-06 14:28:48,612 [77d17280-0276-45d4-bf82-17b9da904fb0-groupManagement] INFO  server.RaftServerConfigKeys (ConfUtils.java:logGet(46)) - raft.server.log.unsafe-flush.enabled = false (default)
2023-06-06 14:28:48,613 [77d17280-0276-45d4-bf82-17b9da904fb0-groupManagement] INFO  server.RaftServerConfigKeys (ConfUtils.java:logGet(46)) - raft.server.log.async-flush.enabled = false (default)
2023-06-06 14:28:48,613 [77d17280-0276-45d4-bf82-17b9da904fb0-groupManagement] INFO  server.RaftServerConfigKeys (ConfUtils.java:logGet(46)) - raft.server.log.statemachine.data.caching.enabled = true (custom)
2023-06-06 14:28:48,613 [77d17280-0276-45d4-bf82-17b9da904fb0-groupManagement] INFO  segmented.SegmentedRaftLogWorker (SegmentedRaftLogWorker.java:lambda$new$0(135)) - 77d17280-0276-45d4-bf82-17b9da904fb0@group-4D9E7B64EBD6-SegmentedRaftLogWorker: flushIndex: setUnconditionally 0 -> -1
2023-06-06 14:28:48,613 [77d17280-0276-45d4-bf82-17b9da904fb0-groupManagement] INFO  segmented.SegmentedRaftLogWorker (SegmentedRaftLogWorker.java:lambda$new$0(135)) - 77d17280-0276-45d4-bf82-17b9da904fb0@group-4D9E7B64EBD6-SegmentedRaftLogWorker: safeCacheEvictIndex: setUnconditionally 0 -> -1
2023-06-06 14:28:48,613 [77d17280-0276-45d4-bf82-17b9da904fb0-groupManagement] INFO  server.RaftServer$Division (RaftServerImpl.java:start(342)) - 77d17280-0276-45d4-bf82-17b9da904fb0@group-4D9E7B64EBD6: start as a follower, conf=-1: peers:[77d17280-0276-45d4-bf82-17b9da904fb0|rpc:10.1.0.37:15136|admin:10.1.0.37:15135|client:10.1.0.37:15134|dataStream:10.1.0.37:15137|priority:0|startupRole:FOLLOWER, 68f873c3-529d-421e-809c-72d7a1225c33|rpc:10.1.0.37:15127|admin:10.1.0.37:15126|client:10.1.0.37:15125|dataStream:10.1.0.37:15128|priority:1|startupRole:FOLLOWER, 5adff45c-d552-4fe9-ae5a-69c6287068c4|rpc:10.1.0.37:15118|admin:10.1.0.37:15117|client:10.1.0.37:15116|dataStream:10.1.0.37:15119|priority:0|startupRole:FOLLOWER]|listeners:[], old=null
2023-06-06 14:28:48,613 [77d17280-0276-45d4-bf82-17b9da904fb0-groupManagement] INFO  server.RaftServer$Division (RaftServerImpl.java:setRole(329)) - 77d17280-0276-45d4-bf82-17b9da904fb0@group-4D9E7B64EBD6: changes role from      null to FOLLOWER at term 0 for startAsFollower
2023-06-06 14:28:48,613 [77d17280-0276-45d4-bf82-17b9da904fb0-groupManagement] INFO  impl.RoleInfo (RoleInfo.java:updateAndGet(139)) - 77d17280-0276-45d4-bf82-17b9da904fb0: start 77d17280-0276-45d4-bf82-17b9da904fb0@group-4D9E7B64EBD6-FollowerState
2023-06-06 14:28:48,614 [77d17280-0276-45d4-bf82-17b9da904fb0-groupManagement] INFO  util.JmxRegister (JmxRegister.java:tryRegister(44)) - Successfully registered JMX Bean with object name Ratis:service=RaftServer,group=group-4D9E7B64EBD6,id=77d17280-0276-45d4-bf82-17b9da904fb0
2023-06-06 14:28:48,614 [77d17280-0276-45d4-bf82-17b9da904fb0-groupManagement] INFO  server.RaftServerConfigKeys (ConfUtils.java:logGet(46)) - raft.server.snapshot.auto.trigger.enabled = true (custom)
2023-06-06 14:28:48,614 [77d17280-0276-45d4-bf82-17b9da904fb0-groupManagement] INFO  server.RaftServerConfigKeys (ConfUtils.java:logGet(46)) - raft.server.snapshot.auto.trigger.threshold = 10000 (custom)
2023-06-06 14:28:48,614 [77d17280-0276-45d4-bf82-17b9da904fb0-groupManagement] INFO  server.RaftServerConfigKeys (ConfUtils.java:logGet(46)) - raft.server.snapshot.retention.file.num = 5 (custom)
2023-06-06 14:28:48,614 [77d17280-0276-45d4-bf82-17b9da904fb0-groupManagement] INFO  server.RaftServerConfigKeys (ConfUtils.java:logGet(46)) - raft.server.log.purge.upto.snapshot.index = false (default)
2023-06-06 14:28:48,614 [77d17280-0276-45d4-bf82-17b9da904fb0@group-4D9E7B64EBD6-FollowerState] INFO  server.RaftServerConfigKeys (ConfUtils.java:logFallback(53)) - raft.server.rpc.first-election.timeout.min = 5s (fallback to raft.server.rpc.timeout.min)
2023-06-06 14:28:48,614 [77d17280-0276-45d4-bf82-17b9da904fb0@group-4D9E7B64EBD6-FollowerState] INFO  server.RaftServerConfigKeys (ConfUtils.java:logFallback(53)) - raft.server.rpc.first-election.timeout.max = 5200ms (fallback to raft.server.rpc.timeout.max)
2023-06-06 14:28:48,628 [PipelineCommandHandlerThread-0] INFO  commandhandler.CreatePipelineCommandHandler (CreatePipelineCommandHandler.java:lambda$handle$2(124)) - Created Pipeline RATIS THREE PipelineID=37c5242d-f9f5-4e57-a253-4d9e7b64ebd6.
2023-06-06 14:28:48,679 [68f873c3-529d-421e-809c-72d7a1225c33-groupManagement] INFO  server.RaftServer$Division (RaftServerImpl.java:<init>(198)) - 68f873c3-529d-421e-809c-72d7a1225c33: new RaftServerImpl for group-37AEA8A47266:[68f873c3-529d-421e-809c-72d7a1225c33|rpc:10.1.0.37:15127|admin:10.1.0.37:15126|client:10.1.0.37:15125|dataStream:10.1.0.37:15128|priority:1|startupRole:FOLLOWER] with ContainerStateMachine:uninitialized
2023-06-06 14:28:48,679 [68f873c3-529d-421e-809c-72d7a1225c33-groupManagement] INFO  server.RaftServerConfigKeys (ConfUtils.java:logGet(46)) - raft.server.rpc.timeout.min = 5s (custom)
2023-06-06 14:28:48,680 [68f873c3-529d-421e-809c-72d7a1225c33-groupManagement] INFO  server.RaftServerConfigKeys (ConfUtils.java:logGet(46)) - raft.server.rpc.timeout.max = 5200ms (custom)
2023-06-06 14:28:48,680 [68f873c3-529d-421e-809c-72d7a1225c33-groupManagement] INFO  server.RaftServerConfigKeys (ConfUtils.java:logGet(46)) - raft.server.rpc.sleep.time = 25ms (default)
2023-06-06 14:28:48,680 [68f873c3-529d-421e-809c-72d7a1225c33-groupManagement] INFO  server.RaftServerConfigKeys (ConfUtils.java:logGet(46)) - raft.server.rpc.slowness.timeout = 300s (custom)
2023-06-06 14:28:48,680 [68f873c3-529d-421e-809c-72d7a1225c33-groupManagement] INFO  server.RaftServerConfigKeys (ConfUtils.java:logGet(46)) - raft.server.leaderelection.leader.step-down.wait-time = 10s (default)
2023-06-06 14:28:48,680 [68f873c3-529d-421e-809c-72d7a1225c33-groupManagement] INFO  server.RaftServerConfigKeys (ConfUtils.java:logGet(46)) - raft.server.sleep.deviation.threshold = 300ms (default)
2023-06-06 14:28:48,680 [68f873c3-529d-421e-809c-72d7a1225c33-groupManagement] INFO  server.RaftServer$Division (ServerState.java:<init>(120)) - 68f873c3-529d-421e-809c-72d7a1225c33@group-37AEA8A47266: ConfigurationManager, init=-1: peers:[68f873c3-529d-421e-809c-72d7a1225c33|rpc:10.1.0.37:15127|admin:10.1.0.37:15126|client:10.1.0.37:15125|dataStream:10.1.0.37:15128|priority:1|startupRole:FOLLOWER]|listeners:[], old=null, confs=<EMPTY_MAP>
2023-06-06 14:28:48,680 [68f873c3-529d-421e-809c-72d7a1225c33-groupManagement] INFO  server.RaftServerConfigKeys (ConfUtils.java:logGet(46)) - raft.server.storage.dir = [/home/runner/work/ozone/ozone/hadoop-ozone/integration-test/target/test-dir/MiniOzoneClusterImpl-19dab9f3-ddac-4c20-9ee1-602e65f43fab/datanode-1/data/ratis] (custom)
2023-06-06 14:28:48,680 [68f873c3-529d-421e-809c-72d7a1225c33-groupManagement] INFO  server.RaftServerConfigKeys (ConfUtils.java:logGet(46)) - raft.server.log.corruption.policy = EXCEPTION (default)
2023-06-06 14:28:48,680 [68f873c3-529d-421e-809c-72d7a1225c33-groupManagement] INFO  server.RaftServerConfigKeys (ConfUtils.java:logGet(46)) - raft.server.storage.free-space.min = 0MB (=0) (default)
2023-06-06 14:28:48,680 [68f873c3-529d-421e-809c-72d7a1225c33-groupManagement] INFO  server.RaftServerConfigKeys (ConfUtils.java:logGet(46)) - raft.server.notification.no-leader.timeout = 300s (custom)
2023-06-06 14:28:48,680 [68f873c3-529d-421e-809c-72d7a1225c33-groupManagement] INFO  server.RaftServerConfigKeys (ConfUtils.java:logGet(46)) - raft.server.read.timeout = 10s (default)
2023-06-06 14:28:48,680 [68f873c3-529d-421e-809c-72d7a1225c33-groupManagement] INFO  server.RaftServerConfigKeys (ConfUtils.java:logGet(46)) - raft.server.retrycache.expirytime = 600000ms (custom)
2023-06-06 14:28:48,680 [68f873c3-529d-421e-809c-72d7a1225c33-groupManagement] INFO  server.RaftServerConfigKeys (ConfUtils.java:logGet(46)) - raft.server.retrycache.statistics.expirytime = 100μs (default)
2023-06-06 14:28:48,680 [68f873c3-529d-421e-809c-72d7a1225c33-groupManagement] INFO  server.RaftServerConfigKeys (ConfUtils.java:logGet(46)) - raft.server.read.option = DEFAULT (default)
2023-06-06 14:28:48,681 [68f873c3-529d-421e-809c-72d7a1225c33-groupManagement] INFO  server.RaftServerConfigKeys (ConfUtils.java:logGet(46)) - raft.server.rpc.request.timeout = 60s (custom)
2023-06-06 14:28:48,681 [68f873c3-529d-421e-809c-72d7a1225c33-groupManagement] INFO  server.RaftServerConfigKeys (ConfUtils.java:logGet(46)) - raft.server.log.appender.install.snapshot.enabled = false (custom)
2023-06-06 14:28:48,681 [68f873c3-529d-421e-809c-72d7a1225c33-groupManagement] INFO  server.RaftServerConfigKeys (ConfUtils.java:logGet(46)) - raft.server.threadpool.server.cached = true (default)
2023-06-06 14:28:48,681 [68f873c3-529d-421e-809c-72d7a1225c33-groupManagement] INFO  server.RaftServerConfigKeys (ConfUtils.java:logGet(46)) - raft.server.threadpool.server.size = 0 (default)
2023-06-06 14:28:48,681 [68f873c3-529d-421e-809c-72d7a1225c33-groupManagement] INFO  server.RaftServerConfigKeys (ConfUtils.java:logGet(46)) - raft.server.threadpool.client.cached = true (default)
2023-06-06 14:28:48,681 [68f873c3-529d-421e-809c-72d7a1225c33-groupManagement] INFO  server.RaftServerConfigKeys (ConfUtils.java:logGet(46)) - raft.server.threadpool.client.size = 0 (default)
2023-06-06 14:28:48,682 [PipelineCommandHandlerThread-0] INFO  server.RaftServer (RaftServerProxy.java:addNew(98)) - 68f873c3-529d-421e-809c-72d7a1225c33: addNew group-37AEA8A47266:[68f873c3-529d-421e-809c-72d7a1225c33|rpc:10.1.0.37:15127|admin:10.1.0.37:15126|client:10.1.0.37:15125|dataStream:10.1.0.37:15128|priority:1|startupRole:FOLLOWER] returns      null 68f873c3-529d-421e-809c-72d7a1225c33@group-37AEA8A47266:t0, leader=null, voted=null, raftlog=UNINITIALIZED, conf=-1: peers:[68f873c3-529d-421e-809c-72d7a1225c33|rpc:10.1.0.37:15127|admin:10.1.0.37:15126|client:10.1.0.37:15125|dataStream:10.1.0.37:15128|priority:1|startupRole:FOLLOWER]|listeners:[], old=null NEW
2023-06-06 14:28:48,682 [68f873c3-529d-421e-809c-72d7a1225c33-groupManagement] INFO  storage.RaftStorageDirectory (RaftStorageDirectoryImpl.java:analyzeStorage(137)) - The storage directory /home/runner/work/ozone/ozone/hadoop-ozone/integration-test/target/test-dir/MiniOzoneClusterImpl-19dab9f3-ddac-4c20-9ee1-602e65f43fab/datanode-1/data/ratis/aec2c679-831b-407a-b33c-37aea8a47266 does not exist. Creating ...
2023-06-06 14:28:48,683 [68f873c3-529d-421e-809c-72d7a1225c33-groupManagement] INFO  storage.RaftStorageDirectory (RaftStorageDirectoryImpl.java:tryLock(231)) - Lock on /home/runner/work/ozone/ozone/hadoop-ozone/integration-test/target/test-dir/MiniOzoneClusterImpl-19dab9f3-ddac-4c20-9ee1-602e65f43fab/datanode-1/data/ratis/aec2c679-831b-407a-b33c-37aea8a47266/in_use.lock acquired by nodename 75814@fv-az1133-973
2023-06-06 14:28:48,685 [68f873c3-529d-421e-809c-72d7a1225c33-groupManagement] INFO  storage.RaftStorage (RaftStorageImpl.java:format(96)) - Storage directory /home/runner/work/ozone/ozone/hadoop-ozone/integration-test/target/test-dir/MiniOzoneClusterImpl-19dab9f3-ddac-4c20-9ee1-602e65f43fab/datanode-1/data/ratis/aec2c679-831b-407a-b33c-37aea8a47266 has been successfully formatted.
2023-06-06 14:28:48,687 [68f873c3-529d-421e-809c-72d7a1225c33-groupManagement] INFO  ratis.ContainerStateMachine (ContainerStateMachine.java:loadSnapshot(262)) - group-37AEA8A47266: The snapshot info is null. Setting the last applied indexto:(t:0, i:~)
2023-06-06 14:28:48,687 [68f873c3-529d-421e-809c-72d7a1225c33-groupManagement] INFO  server.RaftServerConfigKeys (ConfUtils.java:logGet(46)) - raft.server.log.use.memory = false (default)
2023-06-06 14:28:48,687 [68f873c3-529d-421e-809c-72d7a1225c33-groupManagement] INFO  server.RaftServerConfigKeys (ConfUtils.java:logGet(46)) - raft.server.log.purge.gap = 1000000 (custom)
2023-06-06 14:28:48,687 [68f873c3-529d-421e-809c-72d7a1225c33-groupManagement] INFO  server.RaftServerConfigKeys (ConfUtils.java:logGet(46)) - raft.server.log.appender.buffer.byte-limit = 33554432 (custom)
2023-06-06 14:28:48,687 [68f873c3-529d-421e-809c-72d7a1225c33-groupManagement] INFO  server.RaftServerConfigKeys (ConfUtils.java:logGet(46)) - raft.server.log.statemachine.data.read.timeout = 1000ms (default)
2023-06-06 14:28:48,687 [68f873c3-529d-421e-809c-72d7a1225c33-groupManagement] INFO  server.RaftServerConfigKeys (ConfUtils.java:logGet(46)) - raft.server.log.purge.preservation.log.num = 0 (default)
2023-06-06 14:28:48,687 [68f873c3-529d-421e-809c-72d7a1225c33-groupManagement] INFO  server.RaftServerConfigKeys (ConfUtils.java:logGet(46)) - raft.server.log.segment.size.max = 1048576 (custom)
2023-06-06 14:28:48,687 [68f873c3-529d-421e-809c-72d7a1225c33-groupManagement] INFO  server.RaftServerConfigKeys (ConfUtils.java:logGet(46)) - raft.server.log.segment.cache.num.max = 2 (custom)
2023-06-06 14:28:48,688 [68f873c3-529d-421e-809c-72d7a1225c33-groupManagement] INFO  server.RaftServerConfigKeys (ConfUtils.java:logGet(46)) - raft.server.log.segment.cache.size.max = 200MB (=209715200) (default)
2023-06-06 14:28:48,688 [68f873c3-529d-421e-809c-72d7a1225c33-groupManagement] INFO  server.RaftServerConfigKeys (ConfUtils.java:logGet(46)) - raft.server.log.appender.buffer.byte-limit = 33554432 (custom)
2023-06-06 14:28:48,688 [68f873c3-529d-421e-809c-72d7a1225c33-groupManagement] INFO  segmented.SegmentedRaftLogWorker (SegmentedRaftLogWorker.java:<init>(188)) - new 68f873c3-529d-421e-809c-72d7a1225c33@group-37AEA8A47266-SegmentedRaftLogWorker for RaftStorageImpl:Storage Directory /home/runner/work/ozone/ozone/hadoop-ozone/integration-test/target/test-dir/MiniOzoneClusterImpl-19dab9f3-ddac-4c20-9ee1-602e65f43fab/datanode-1/data/ratis/aec2c679-831b-407a-b33c-37aea8a47266
2023-06-06 14:28:48,688 [EventQueue-PipelineReportForPipelineReportHandler] INFO  pipeline.PipelineManagerImpl (PipelineManagerImpl.java:openPipeline(367)) - Pipeline Pipeline[ Id: aec2c679-831b-407a-b33c-37aea8a47266, Nodes: 68f873c3-529d-421e-809c-72d7a1225c33(fv-az1133-973.qlb2sqfkji0uhjsjdnlwzcsdwg.bx.internal.cloudapp.net/10.1.0.37), ReplicationConfig: RATIS/ONE, State:ALLOCATED, leaderId:68f873c3-529d-421e-809c-72d7a1225c33, CreationTimestamp2023-06-06T14:28:45.680Z[Etc/UTC]] moved to OPEN state
2023-06-06 14:28:48,689 [EventQueue-OpenPipelineForHealthyPipelineSafeModeRule] INFO  safemode.SCMSafeModeManager (HealthyPipelineSafeModeRule.java:process(137)) - SCM in safe mode. Healthy pipelines reported count is 0, required healthy pipeline reported count is 1
2023-06-06 14:28:48,689 [68f873c3-529d-421e-809c-72d7a1225c33-groupManagement] INFO  server.RaftServerConfigKeys (ConfUtils.java:logGet(46)) - raft.server.log.queue.byte-limit = 4294967296 (custom)
2023-06-06 14:28:48,689 [68f873c3-529d-421e-809c-72d7a1225c33-groupManagement] INFO  server.RaftServerConfigKeys (ConfUtils.java:logGet(46)) - raft.server.log.queue.element-limit = 1024 (custom)
2023-06-06 14:28:48,689 [68f873c3-529d-421e-809c-72d7a1225c33-groupManagement] INFO  server.RaftServerConfigKeys (ConfUtils.java:logGet(46)) - raft.server.log.segment.size.max = 1048576 (custom)
2023-06-06 14:28:48,689 [68f873c3-529d-421e-809c-72d7a1225c33-groupManagement] INFO  server.RaftServerConfigKeys (ConfUtils.java:logGet(46)) - raft.server.log.preallocated.size = 16384 (custom)
2023-06-06 14:28:48,689 [68f873c3-529d-421e-809c-72d7a1225c33-groupManagement] INFO  server.RaftServerConfigKeys (ConfUtils.java:logGet(46)) - raft.server.log.force.sync.num = 128 (default)
2023-06-06 14:28:48,689 [68f873c3-529d-421e-809c-72d7a1225c33-groupManagement] INFO  server.RaftServerConfigKeys (ConfUtils.java:logGet(46)) - raft.server.log.statemachine.data.sync = true (default)
2023-06-06 14:28:48,689 [68f873c3-529d-421e-809c-72d7a1225c33-groupManagement] INFO  server.RaftServerConfigKeys (ConfUtils.java:logGet(46)) - raft.server.log.statemachine.data.sync.timeout = 10s (default)
2023-06-06 14:28:48,689 [68f873c3-529d-421e-809c-72d7a1225c33-groupManagement] INFO  server.RaftServerConfigKeys (ConfUtils.java:logGet(46)) - raft.server.log.statemachine.data.sync.timeout.retry = -1 (default)
2023-06-06 14:28:48,689 [68f873c3-529d-421e-809c-72d7a1225c33-groupManagement] INFO  server.RaftServerConfigKeys (ConfUtils.java:logGet(46)) - raft.server.log.write.buffer.size = 1048576 (custom)
2023-06-06 14:28:48,691 [68f873c3-529d-421e-809c-72d7a1225c33-groupManagement] INFO  server.RaftServerConfigKeys (ConfUtils.java:logGet(46)) - raft.server.log.appender.buffer.byte-limit = 33554432 (custom)
2023-06-06 14:28:48,699 [68f873c3-529d-421e-809c-72d7a1225c33-groupManagement] INFO  server.RaftServerConfigKeys (ConfUtils.java:logGet(46)) - raft.server.log.unsafe-flush.enabled = false (default)
2023-06-06 14:28:48,699 [68f873c3-529d-421e-809c-72d7a1225c33-groupManagement] INFO  server.RaftServerConfigKeys (ConfUtils.java:logGet(46)) - raft.server.log.async-flush.enabled = false (default)
2023-06-06 14:28:48,699 [68f873c3-529d-421e-809c-72d7a1225c33-groupManagement] INFO  server.RaftServerConfigKeys (ConfUtils.java:logGet(46)) - raft.server.log.statemachine.data.caching.enabled = true (custom)
2023-06-06 14:28:48,700 [68f873c3-529d-421e-809c-72d7a1225c33-groupManagement] INFO  segmented.SegmentedRaftLogWorker (SegmentedRaftLogWorker.java:lambda$new$0(135)) - 68f873c3-529d-421e-809c-72d7a1225c33@group-37AEA8A47266-SegmentedRaftLogWorker: flushIndex: setUnconditionally 0 -> -1
2023-06-06 14:28:48,700 [68f873c3-529d-421e-809c-72d7a1225c33-groupManagement] INFO  segmented.SegmentedRaftLogWorker (SegmentedRaftLogWorker.java:lambda$new$0(135)) - 68f873c3-529d-421e-809c-72d7a1225c33@group-37AEA8A47266-SegmentedRaftLogWorker: safeCacheEvictIndex: setUnconditionally 0 -> -1
2023-06-06 14:28:48,700 [68f873c3-529d-421e-809c-72d7a1225c33-groupManagement] INFO  server.RaftServer$Division (RaftServerImpl.java:start(342)) - 68f873c3-529d-421e-809c-72d7a1225c33@group-37AEA8A47266: start as a follower, conf=-1: peers:[68f873c3-529d-421e-809c-72d7a1225c33|rpc:10.1.0.37:15127|admin:10.1.0.37:15126|client:10.1.0.37:15125|dataStream:10.1.0.37:15128|priority:1|startupRole:FOLLOWER]|listeners:[], old=null
2023-06-06 14:28:48,700 [68f873c3-529d-421e-809c-72d7a1225c33-groupManagement] INFO  server.RaftServer$Division (RaftServerImpl.java:setRole(329)) - 68f873c3-529d-421e-809c-72d7a1225c33@group-37AEA8A47266: changes role from      null to FOLLOWER at term 0 for startAsFollower
2023-06-06 14:28:48,700 [68f873c3-529d-421e-809c-72d7a1225c33-groupManagement] INFO  impl.RoleInfo (RoleInfo.java:updateAndGet(139)) - 68f873c3-529d-421e-809c-72d7a1225c33: start 68f873c3-529d-421e-809c-72d7a1225c33@group-37AEA8A47266-FollowerState
2023-06-06 14:28:48,702 [68f873c3-529d-421e-809c-72d7a1225c33-groupManagement] INFO  util.JmxRegister (JmxRegister.java:tryRegister(44)) - Successfully registered JMX Bean with object name Ratis:service=RaftServer,group=group-37AEA8A47266,id=68f873c3-529d-421e-809c-72d7a1225c33
2023-06-06 14:28:48,702 [68f873c3-529d-421e-809c-72d7a1225c33-groupManagement] INFO  server.RaftServerConfigKeys (ConfUtils.java:logGet(46)) - raft.server.snapshot.auto.trigger.enabled = true (custom)
2023-06-06 14:28:48,702 [68f873c3-529d-421e-809c-72d7a1225c33-groupManagement] INFO  server.RaftServerConfigKeys (ConfUtils.java:logGet(46)) - raft.server.snapshot.auto.trigger.threshold = 10000 (custom)
2023-06-06 14:28:48,702 [68f873c3-529d-421e-809c-72d7a1225c33-groupManagement] INFO  server.RaftServerConfigKeys (ConfUtils.java:logGet(46)) - raft.server.snapshot.retention.file.num = 5 (custom)
2023-06-06 14:28:48,702 [68f873c3-529d-421e-809c-72d7a1225c33-groupManagement] INFO  server.RaftServerConfigKeys (ConfUtils.java:logGet(46)) - raft.server.log.purge.upto.snapshot.index = false (default)
2023-06-06 14:28:48,703 [68f873c3-529d-421e-809c-72d7a1225c33@group-37AEA8A47266-FollowerState] INFO  server.RaftServerConfigKeys (ConfUtils.java:logFallback(53)) - raft.server.rpc.first-election.timeout.min = 5s (fallback to raft.server.rpc.timeout.min)
2023-06-06 14:28:48,703 [68f873c3-529d-421e-809c-72d7a1225c33@group-37AEA8A47266-FollowerState] INFO  server.RaftServerConfigKeys (ConfUtils.java:logFallback(53)) - raft.server.rpc.first-election.timeout.max = 5200ms (fallback to raft.server.rpc.timeout.max)
2023-06-06 14:28:48,704 [PipelineCommandHandlerThread-0] INFO  ratis.XceiverServerRatis (XceiverServerRatis.java:addGroup(804)) - Created group PipelineID=aec2c679-831b-407a-b33c-37aea8a47266
2023-06-06 14:28:48,704 [PipelineCommandHandlerThread-0] INFO  commandhandler.CreatePipelineCommandHandler (CreatePipelineCommandHandler.java:lambda$handle$2(124)) - Created Pipeline RATIS ONE PipelineID=aec2c679-831b-407a-b33c-37aea8a47266.
2023-06-06 14:28:49,056 [Time-limited test] INFO  ozone.MiniOzoneClusterImpl (MiniOzoneClusterImpl.java:lambda$waitForClusterToBeReady$0(222)) - Nodes are ready. Got 3 of 3 DN Heartbeats.
2023-06-06 14:28:49,056 [Time-limited test] INFO  ozone.MiniOzoneClusterImpl (MiniOzoneClusterImpl.java:lambda$waitForClusterToBeReady$0(225)) - Waiting for cluster to exit safe mode
2023-06-06 14:28:49,056 [Time-limited test] INFO  ozone.MiniOzoneClusterImpl (MiniOzoneClusterImpl.java:lambda$waitForClusterToBeReady$0(227)) - SCM became leader
2023-06-06 14:28:49,063 [PipelineCommandHandlerThread-0] INFO  server.RaftServer (RaftServerProxy.java:addNew(98)) - 77d17280-0276-45d4-bf82-17b9da904fb0: addNew group-D5DCF26F586C:[77d17280-0276-45d4-bf82-17b9da904fb0|rpc:10.1.0.37:15136|admin:10.1.0.37:15135|client:10.1.0.37:15134|dataStream:10.1.0.37:15137|priority:1|startupRole:FOLLOWER] returns group-D5DCF26F586C:java.util.concurrent.CompletableFuture@7bef02a7[Not completed]
2023-06-06 14:28:49,064 [77d17280-0276-45d4-bf82-17b9da904fb0-groupManagement] INFO  server.RaftServer$Division (RaftServerImpl.java:<init>(198)) - 77d17280-0276-45d4-bf82-17b9da904fb0: new RaftServerImpl for group-D5DCF26F586C:[77d17280-0276-45d4-bf82-17b9da904fb0|rpc:10.1.0.37:15136|admin:10.1.0.37:15135|client:10.1.0.37:15134|dataStream:10.1.0.37:15137|priority:1|startupRole:FOLLOWER] with ContainerStateMachine:uninitialized
2023-06-06 14:28:49,064 [77d17280-0276-45d4-bf82-17b9da904fb0-groupManagement] INFO  server.RaftServerConfigKeys (ConfUtils.java:logGet(46)) - raft.server.rpc.timeout.min = 5s (custom)
2023-06-06 14:28:49,065 [77d17280-0276-45d4-bf82-17b9da904fb0-groupManagement] INFO  server.RaftServerConfigKeys (ConfUtils.java:logGet(46)) - raft.server.rpc.timeout.max = 5200ms (custom)
2023-06-06 14:28:49,065 [77d17280-0276-45d4-bf82-17b9da904fb0-groupManagement] INFO  server.RaftServerConfigKeys (ConfUtils.java:logGet(46)) - raft.server.rpc.sleep.time = 25ms (default)
2023-06-06 14:28:49,065 [77d17280-0276-45d4-bf82-17b9da904fb0-groupManagement] INFO  server.RaftServerConfigKeys (ConfUtils.java:logGet(46)) - raft.server.rpc.slowness.timeout = 300s (custom)
2023-06-06 14:28:49,065 [77d17280-0276-45d4-bf82-17b9da904fb0-groupManagement] INFO  server.RaftServerConfigKeys (ConfUtils.java:logGet(46)) - raft.server.leaderelection.leader.step-down.wait-time = 10s (default)
2023-06-06 14:28:49,065 [77d17280-0276-45d4-bf82-17b9da904fb0-groupManagement] INFO  server.RaftServerConfigKeys (ConfUtils.java:logGet(46)) - raft.server.sleep.deviation.threshold = 300ms (default)
2023-06-06 14:28:49,065 [77d17280-0276-45d4-bf82-17b9da904fb0-groupManagement] INFO  server.RaftServer$Division (ServerState.java:<init>(120)) - 77d17280-0276-45d4-bf82-17b9da904fb0@group-D5DCF26F586C: ConfigurationManager, init=-1: peers:[77d17280-0276-45d4-bf82-17b9da904fb0|rpc:10.1.0.37:15136|admin:10.1.0.37:15135|client:10.1.0.37:15134|dataStream:10.1.0.37:15137|priority:1|startupRole:FOLLOWER]|listeners:[], old=null, confs=<EMPTY_MAP>
2023-06-06 14:28:49,065 [77d17280-0276-45d4-bf82-17b9da904fb0-groupManagement] INFO  server.RaftServerConfigKeys (ConfUtils.java:logGet(46)) - raft.server.storage.dir = [/home/runner/work/ozone/ozone/hadoop-ozone/integration-test/target/test-dir/MiniOzoneClusterImpl-19dab9f3-ddac-4c20-9ee1-602e65f43fab/datanode-2/data/ratis] (custom)
2023-06-06 14:28:49,065 [77d17280-0276-45d4-bf82-17b9da904fb0-groupManagement] INFO  server.RaftServerConfigKeys (ConfUtils.java:logGet(46)) - raft.server.log.corruption.policy = EXCEPTION (default)
2023-06-06 14:28:49,065 [77d17280-0276-45d4-bf82-17b9da904fb0-groupManagement] INFO  server.RaftServerConfigKeys (ConfUtils.java:logGet(46)) - raft.server.storage.free-space.min = 0MB (=0) (default)
2023-06-06 14:28:49,065 [77d17280-0276-45d4-bf82-17b9da904fb0-groupManagement] INFO  server.RaftServerConfigKeys (ConfUtils.java:logGet(46)) - raft.server.notification.no-leader.timeout = 300s (custom)
2023-06-06 14:28:49,065 [77d17280-0276-45d4-bf82-17b9da904fb0-groupManagement] INFO  server.RaftServerConfigKeys (ConfUtils.java:logGet(46)) - raft.server.read.timeout = 10s (default)
2023-06-06 14:28:49,065 [77d17280-0276-45d4-bf82-17b9da904fb0-groupManagement] INFO  server.RaftServerConfigKeys (ConfUtils.java:logGet(46)) - raft.server.retrycache.expirytime = 600000ms (custom)
2023-06-06 14:28:49,065 [77d17280-0276-45d4-bf82-17b9da904fb0-groupManagement] INFO  server.RaftServerConfigKeys (ConfUtils.java:logGet(46)) - raft.server.retrycache.statistics.expirytime = 100μs (default)
2023-06-06 14:28:49,066 [77d17280-0276-45d4-bf82-17b9da904fb0-groupManagement] INFO  server.RaftServerConfigKeys (ConfUtils.java:logGet(46)) - raft.server.read.option = DEFAULT (default)
2023-06-06 14:28:49,066 [77d17280-0276-45d4-bf82-17b9da904fb0-groupManagement] INFO  server.RaftServerConfigKeys (ConfUtils.java:logGet(46)) - raft.server.rpc.request.timeout = 60s (custom)
2023-06-06 14:28:49,066 [77d17280-0276-45d4-bf82-17b9da904fb0-groupManagement] INFO  server.RaftServerConfigKeys (ConfUtils.java:logGet(46)) - raft.server.log.appender.install.snapshot.enabled = false (custom)
2023-06-06 14:28:49,066 [77d17280-0276-45d4-bf82-17b9da904fb0-groupManagement] INFO  server.RaftServerConfigKeys (ConfUtils.java:logGet(46)) - raft.server.threadpool.server.cached = true (default)
2023-06-06 14:28:49,066 [77d17280-0276-45d4-bf82-17b9da904fb0-groupManagement] INFO  server.RaftServerConfigKeys (ConfUtils.java:logGet(46)) - raft.server.threadpool.server.size = 0 (default)
2023-06-06 14:28:49,066 [77d17280-0276-45d4-bf82-17b9da904fb0-groupManagement] INFO  server.RaftServerConfigKeys (ConfUtils.java:logGet(46)) - raft.server.threadpool.client.cached = true (default)
2023-06-06 14:28:49,066 [77d17280-0276-45d4-bf82-17b9da904fb0-groupManagement] INFO  server.RaftServerConfigKeys (ConfUtils.java:logGet(46)) - raft.server.threadpool.client.size = 0 (default)
2023-06-06 14:28:49,067 [77d17280-0276-45d4-bf82-17b9da904fb0-groupManagement] INFO  storage.RaftStorageDirectory (RaftStorageDirectoryImpl.java:analyzeStorage(137)) - The storage directory /home/runner/work/ozone/ozone/hadoop-ozone/integration-test/target/test-dir/MiniOzoneClusterImpl-19dab9f3-ddac-4c20-9ee1-602e65f43fab/datanode-2/data/ratis/9fe5b7f7-d4a4-4730-8354-d5dcf26f586c does not exist. Creating ...
2023-06-06 14:28:49,068 [77d17280-0276-45d4-bf82-17b9da904fb0-groupManagement] INFO  storage.RaftStorageDirectory (RaftStorageDirectoryImpl.java:tryLock(231)) - Lock on /home/runner/work/ozone/ozone/hadoop-ozone/integration-test/target/test-dir/MiniOzoneClusterImpl-19dab9f3-ddac-4c20-9ee1-602e65f43fab/datanode-2/data/ratis/9fe5b7f7-d4a4-4730-8354-d5dcf26f586c/in_use.lock acquired by nodename 75814@fv-az1133-973
2023-06-06 14:28:49,069 [77d17280-0276-45d4-bf82-17b9da904fb0-groupManagement] INFO  storage.RaftStorage (RaftStorageImpl.java:format(96)) - Storage directory /home/runner/work/ozone/ozone/hadoop-ozone/integration-test/target/test-dir/MiniOzoneClusterImpl-19dab9f3-ddac-4c20-9ee1-602e65f43fab/datanode-2/data/ratis/9fe5b7f7-d4a4-4730-8354-d5dcf26f586c has been successfully formatted.
2023-06-06 14:28:49,070 [77d17280-0276-45d4-bf82-17b9da904fb0-groupManagement] INFO  ratis.ContainerStateMachine (ContainerStateMachine.java:loadSnapshot(262)) - group-D5DCF26F586C: The snapshot info is null. Setting the last applied indexto:(t:0, i:~)
2023-06-06 14:28:49,070 [77d17280-0276-45d4-bf82-17b9da904fb0-groupManagement] INFO  server.RaftServerConfigKeys (ConfUtils.java:logGet(46)) - raft.server.log.use.memory = false (default)
2023-06-06 14:28:49,070 [77d17280-0276-45d4-bf82-17b9da904fb0-groupManagement] INFO  server.RaftServerConfigKeys (ConfUtils.java:logGet(46)) - raft.server.log.purge.gap = 1000000 (custom)
2023-06-06 14:28:49,070 [77d17280-0276-45d4-bf82-17b9da904fb0-groupManagement] INFO  server.RaftServerConfigKeys (ConfUtils.java:logGet(46)) - raft.server.log.appender.buffer.byte-limit = 33554432 (custom)
2023-06-06 14:28:49,070 [77d17280-0276-45d4-bf82-17b9da904fb0-groupManagement] INFO  server.RaftServerConfigKeys (ConfUtils.java:logGet(46)) - raft.server.log.statemachine.data.read.timeout = 1000ms (default)
2023-06-06 14:28:49,071 [EventQueue-PipelineReportForPipelineReportHandler] INFO  pipeline.PipelineManagerImpl (PipelineManagerImpl.java:openPipeline(367)) - Pipeline Pipeline[ Id: 9fe5b7f7-d4a4-4730-8354-d5dcf26f586c, Nodes: 77d17280-0276-45d4-bf82-17b9da904fb0(fv-az1133-973.qlb2sqfkji0uhjsjdnlwzcsdwg.bx.internal.cloudapp.net/10.1.0.37), ReplicationConfig: RATIS/ONE, State:ALLOCATED, leaderId:77d17280-0276-45d4-bf82-17b9da904fb0, CreationTimestamp2023-06-06T14:28:46.065Z[Etc/UTC]] moved to OPEN state
2023-06-06 14:28:49,072 [EventQueue-OpenPipelineForHealthyPipelineSafeModeRule] INFO  safemode.SCMSafeModeManager (HealthyPipelineSafeModeRule.java:process(137)) - SCM in safe mode. Healthy pipelines reported count is 0, required healthy pipeline reported count is 1
2023-06-06 14:28:49,072 [77d17280-0276-45d4-bf82-17b9da904fb0-groupManagement] INFO  server.RaftServerConfigKeys (ConfUtils.java:logGet(46)) - raft.server.log.purge.preservation.log.num = 0 (default)
2023-06-06 14:28:49,072 [77d17280-0276-45d4-bf82-17b9da904fb0-groupManagement] INFO  server.RaftServerConfigKeys (ConfUtils.java:logGet(46)) - raft.server.log.segment.size.max = 1048576 (custom)
2023-06-06 14:28:49,072 [77d17280-0276-45d4-bf82-17b9da904fb0-groupManagement] INFO  server.RaftServerConfigKeys (ConfUtils.java:logGet(46)) - raft.server.log.segment.cache.num.max = 2 (custom)
2023-06-06 14:28:49,072 [77d17280-0276-45d4-bf82-17b9da904fb0-groupManagement] INFO  server.RaftServerConfigKeys (ConfUtils.java:logGet(46)) - raft.server.log.segment.cache.size.max = 200MB (=209715200) (default)
2023-06-06 14:28:49,072 [77d17280-0276-45d4-bf82-17b9da904fb0-groupManagement] INFO  server.RaftServerConfigKeys (ConfUtils.java:logGet(46)) - raft.server.log.appender.buffer.byte-limit = 33554432 (custom)
2023-06-06 14:28:49,072 [77d17280-0276-45d4-bf82-17b9da904fb0-groupManagement] INFO  segmented.SegmentedRaftLogWorker (SegmentedRaftLogWorker.java:<init>(188)) - new 77d17280-0276-45d4-bf82-17b9da904fb0@group-D5DCF26F586C-SegmentedRaftLogWorker for RaftStorageImpl:Storage Directory /home/runner/work/ozone/ozone/hadoop-ozone/integration-test/target/test-dir/MiniOzoneClusterImpl-19dab9f3-ddac-4c20-9ee1-602e65f43fab/datanode-2/data/ratis/9fe5b7f7-d4a4-4730-8354-d5dcf26f586c
2023-06-06 14:28:49,072 [77d17280-0276-45d4-bf82-17b9da904fb0-groupManagement] INFO  server.RaftServerConfigKeys (ConfUtils.java:logGet(46)) - raft.server.log.queue.byte-limit = 4294967296 (custom)
2023-06-06 14:28:49,072 [77d17280-0276-45d4-bf82-17b9da904fb0-groupManagement] INFO  server.RaftServerConfigKeys (ConfUtils.java:logGet(46)) - raft.server.log.queue.element-limit = 1024 (custom)
2023-06-06 14:28:49,072 [77d17280-0276-45d4-bf82-17b9da904fb0-groupManagement] INFO  server.RaftServerConfigKeys (ConfUtils.java:logGet(46)) - raft.server.log.segment.size.max = 1048576 (custom)
2023-06-06 14:28:49,072 [77d17280-0276-45d4-bf82-17b9da904fb0-groupManagement] INFO  server.RaftServerConfigKeys (ConfUtils.java:logGet(46)) - raft.server.log.preallocated.size = 16384 (custom)
2023-06-06 14:28:49,073 [77d17280-0276-45d4-bf82-17b9da904fb0-groupManagement] INFO  server.RaftServerConfigKeys (ConfUtils.java:logGet(46)) - raft.server.log.force.sync.num = 128 (default)
2023-06-06 14:28:49,073 [77d17280-0276-45d4-bf82-17b9da904fb0-groupManagement] INFO  server.RaftServerConfigKeys (ConfUtils.java:logGet(46)) - raft.server.log.statemachine.data.sync = true (default)
2023-06-06 14:28:49,073 [77d17280-0276-45d4-bf82-17b9da904fb0-groupManagement] INFO  server.RaftServerConfigKeys (ConfUtils.java:logGet(46)) - raft.server.log.statemachine.data.sync.timeout = 10s (default)
2023-06-06 14:28:49,073 [77d17280-0276-45d4-bf82-17b9da904fb0-groupManagement] INFO  server.RaftServerConfigKeys (ConfUtils.java:logGet(46)) - raft.server.log.statemachine.data.sync.timeout.retry = -1 (default)
2023-06-06 14:28:49,073 [77d17280-0276-45d4-bf82-17b9da904fb0-groupManagement] INFO  server.RaftServerConfigKeys (ConfUtils.java:logGet(46)) - raft.server.log.write.buffer.size = 1048576 (custom)
2023-06-06 14:28:49,074 [77d17280-0276-45d4-bf82-17b9da904fb0-groupManagement] INFO  server.RaftServerConfigKeys (ConfUtils.java:logGet(46)) - raft.server.log.appender.buffer.byte-limit = 33554432 (custom)
2023-06-06 14:28:49,078 [77d17280-0276-45d4-bf82-17b9da904fb0-groupManagement] INFO  server.RaftServerConfigKeys (ConfUtils.java:logGet(46)) - raft.server.log.unsafe-flush.enabled = false (default)
2023-06-06 14:28:49,079 [77d17280-0276-45d4-bf82-17b9da904fb0-groupManagement] INFO  server.RaftServerConfigKeys (ConfUtils.java:logGet(46)) - raft.server.log.async-flush.enabled = false (default)
2023-06-06 14:28:49,079 [77d17280-0276-45d4-bf82-17b9da904fb0-groupManagement] INFO  server.RaftServerConfigKeys (ConfUtils.java:logGet(46)) - raft.server.log.statemachine.data.caching.enabled = true (custom)
2023-06-06 14:28:49,079 [77d17280-0276-45d4-bf82-17b9da904fb0-groupManagement] INFO  segmented.SegmentedRaftLogWorker (SegmentedRaftLogWorker.java:lambda$new$0(135)) - 77d17280-0276-45d4-bf82-17b9da904fb0@group-D5DCF26F586C-SegmentedRaftLogWorker: flushIndex: setUnconditionally 0 -> -1
2023-06-06 14:28:49,079 [77d17280-0276-45d4-bf82-17b9da904fb0-groupManagement] INFO  segmented.SegmentedRaftLogWorker (SegmentedRaftLogWorker.java:lambda$new$0(135)) - 77d17280-0276-45d4-bf82-17b9da904fb0@group-D5DCF26F586C-SegmentedRaftLogWorker: safeCacheEvictIndex: setUnconditionally 0 -> -1
2023-06-06 14:28:49,079 [77d17280-0276-45d4-bf82-17b9da904fb0-groupManagement] INFO  server.RaftServer$Division (RaftServerImpl.java:start(342)) - 77d17280-0276-45d4-bf82-17b9da904fb0@group-D5DCF26F586C: start as a follower, conf=-1: peers:[77d17280-0276-45d4-bf82-17b9da904fb0|rpc:10.1.0.37:15136|admin:10.1.0.37:15135|client:10.1.0.37:15134|dataStream:10.1.0.37:15137|priority:1|startupRole:FOLLOWER]|listeners:[], old=null
2023-06-06 14:28:49,079 [77d17280-0276-45d4-bf82-17b9da904fb0-groupManagement] INFO  server.RaftServer$Division (RaftServerImpl.java:setRole(329)) - 77d17280-0276-45d4-bf82-17b9da904fb0@group-D5DCF26F586C: changes role from      null to FOLLOWER at term 0 for startAsFollower
2023-06-06 14:28:49,079 [77d17280-0276-45d4-bf82-17b9da904fb0-groupManagement] INFO  impl.RoleInfo (RoleInfo.java:updateAndGet(139)) - 77d17280-0276-45d4-bf82-17b9da904fb0: start 77d17280-0276-45d4-bf82-17b9da904fb0@group-D5DCF26F586C-FollowerState
2023-06-06 14:28:49,080 [77d17280-0276-45d4-bf82-17b9da904fb0-groupManagement] INFO  util.JmxRegister (JmxRegister.java:tryRegister(44)) - Successfully registered JMX Bean with object name Ratis:service=RaftServer,group=group-D5DCF26F586C,id=77d17280-0276-45d4-bf82-17b9da904fb0
2023-06-06 14:28:49,080 [77d17280-0276-45d4-bf82-17b9da904fb0-groupManagement] INFO  server.RaftServerConfigKeys (ConfUtils.java:logGet(46)) - raft.server.snapshot.auto.trigger.enabled = true (custom)
2023-06-06 14:28:49,080 [77d17280-0276-45d4-bf82-17b9da904fb0-groupManagement] INFO  server.RaftServerConfigKeys (ConfUtils.java:logGet(46)) - raft.server.snapshot.auto.trigger.threshold = 10000 (custom)
2023-06-06 14:28:49,080 [77d17280-0276-45d4-bf82-17b9da904fb0-groupManagement] INFO  server.RaftServerConfigKeys (ConfUtils.java:logGet(46)) - raft.server.snapshot.retention.file.num = 5 (custom)
2023-06-06 14:28:49,080 [77d17280-0276-45d4-bf82-17b9da904fb0-groupManagement] INFO  server.RaftServerConfigKeys (ConfUtils.java:logGet(46)) - raft.server.log.purge.upto.snapshot.index = false (default)
2023-06-06 14:28:49,080 [77d17280-0276-45d4-bf82-17b9da904fb0@group-D5DCF26F586C-FollowerState] INFO  server.RaftServerConfigKeys (ConfUtils.java:logFallback(53)) - raft.server.rpc.first-election.timeout.min = 5s (fallback to raft.server.rpc.timeout.min)
2023-06-06 14:28:49,080 [77d17280-0276-45d4-bf82-17b9da904fb0@group-D5DCF26F586C-FollowerState] INFO  server.RaftServerConfigKeys (ConfUtils.java:logFallback(53)) - raft.server.rpc.first-election.timeout.max = 5200ms (fallback to raft.server.rpc.timeout.max)
2023-06-06 14:28:49,081 [PipelineCommandHandlerThread-0] INFO  ratis.XceiverServerRatis (XceiverServerRatis.java:addGroup(804)) - Created group PipelineID=9fe5b7f7-d4a4-4730-8354-d5dcf26f586c
2023-06-06 14:28:49,081 [PipelineCommandHandlerThread-0] INFO  commandhandler.CreatePipelineCommandHandler (CreatePipelineCommandHandler.java:lambda$handle$2(124)) - Created Pipeline RATIS ONE PipelineID=9fe5b7f7-d4a4-4730-8354-d5dcf26f586c.
2023-06-06 14:28:50,056 [Time-limited test] INFO  ozone.MiniOzoneClusterImpl (MiniOzoneClusterImpl.java:lambda$waitForClusterToBeReady$0(222)) - Nodes are ready. Got 3 of 3 DN Heartbeats.
2023-06-06 14:28:50,057 [Time-limited test] INFO  ozone.MiniOzoneClusterImpl (MiniOzoneClusterImpl.java:lambda$waitForClusterToBeReady$0(225)) - Waiting for cluster to exit safe mode
2023-06-06 14:28:50,057 [Time-limited test] INFO  ozone.MiniOzoneClusterImpl (MiniOzoneClusterImpl.java:lambda$waitForClusterToBeReady$0(227)) - SCM became leader
2023-06-06 14:28:51,057 [Time-limited test] INFO  ozone.MiniOzoneClusterImpl (MiniOzoneClusterImpl.java:lambda$waitForClusterToBeReady$0(222)) - Nodes are ready. Got 3 of 3 DN Heartbeats.
2023-06-06 14:28:51,057 [Time-limited test] INFO  ozone.MiniOzoneClusterImpl (MiniOzoneClusterImpl.java:lambda$waitForClusterToBeReady$0(225)) - Waiting for cluster to exit safe mode
2023-06-06 14:28:51,057 [Time-limited test] INFO  ozone.MiniOzoneClusterImpl (MiniOzoneClusterImpl.java:lambda$waitForClusterToBeReady$0(227)) - SCM became leader
2023-06-06 14:28:52,057 [Time-limited test] INFO  ozone.MiniOzoneClusterImpl (MiniOzoneClusterImpl.java:lambda$waitForClusterToBeReady$0(222)) - Nodes are ready. Got 3 of 3 DN Heartbeats.
2023-06-06 14:28:52,058 [Time-limited test] INFO  ozone.MiniOzoneClusterImpl (MiniOzoneClusterImpl.java:lambda$waitForClusterToBeReady$0(225)) - Waiting for cluster to exit safe mode
2023-06-06 14:28:52,058 [Time-limited test] INFO  ozone.MiniOzoneClusterImpl (MiniOzoneClusterImpl.java:lambda$waitForClusterToBeReady$0(227)) - SCM became leader
2023-06-06 14:28:53,058 [Time-limited test] INFO  ozone.MiniOzoneClusterImpl (MiniOzoneClusterImpl.java:lambda$waitForClusterToBeReady$0(222)) - Nodes are ready. Got 3 of 3 DN Heartbeats.
2023-06-06 14:28:53,058 [Time-limited test] INFO  ozone.MiniOzoneClusterImpl (MiniOzoneClusterImpl.java:lambda$waitForClusterToBeReady$0(225)) - Waiting for cluster to exit safe mode
2023-06-06 14:28:53,058 [Time-limited test] INFO  ozone.MiniOzoneClusterImpl (MiniOzoneClusterImpl.java:lambda$waitForClusterToBeReady$0(227)) - SCM became leader
2023-06-06 14:28:53,347 [5adff45c-d552-4fe9-ae5a-69c6287068c4@group-62CB3B2BBA76-FollowerState] INFO  impl.FollowerState (FollowerState.java:run(143)) - 5adff45c-d552-4fe9-ae5a-69c6287068c4@group-62CB3B2BBA76-FollowerState: change to CANDIDATE, lastRpcElapsedTime:5017124771ns, electionTimeout:5012ms
2023-06-06 14:28:53,347 [5adff45c-d552-4fe9-ae5a-69c6287068c4@group-62CB3B2BBA76-FollowerState] INFO  impl.RoleInfo (RoleInfo.java:shutdownFollowerState(110)) - 5adff45c-d552-4fe9-ae5a-69c6287068c4: shutdown 5adff45c-d552-4fe9-ae5a-69c6287068c4@group-62CB3B2BBA76-FollowerState
2023-06-06 14:28:53,347 [5adff45c-d552-4fe9-ae5a-69c6287068c4@group-62CB3B2BBA76-FollowerState] INFO  server.RaftServer$Division (RaftServerImpl.java:setRole(329)) - 5adff45c-d552-4fe9-ae5a-69c6287068c4@group-62CB3B2BBA76: changes role from  FOLLOWER to CANDIDATE at term 0 for changeToCandidate
2023-06-06 14:28:53,347 [5adff45c-d552-4fe9-ae5a-69c6287068c4@group-62CB3B2BBA76-FollowerState] INFO  server.RaftServerConfigKeys (ConfUtils.java:logGet(46)) - raft.server.leaderelection.pre-vote = true (default)
2023-06-06 14:28:53,347 [5adff45c-d552-4fe9-ae5a-69c6287068c4@group-62CB3B2BBA76-FollowerState] INFO  impl.RoleInfo (RoleInfo.java:updateAndGet(139)) - 5adff45c-d552-4fe9-ae5a-69c6287068c4: start 5adff45c-d552-4fe9-ae5a-69c6287068c4@group-62CB3B2BBA76-LeaderElection23
2023-06-06 14:28:53,349 [5adff45c-d552-4fe9-ae5a-69c6287068c4@group-62CB3B2BBA76-LeaderElection23] INFO  impl.LeaderElection (LeaderElection.java:askForVotes(321)) - 5adff45c-d552-4fe9-ae5a-69c6287068c4@group-62CB3B2BBA76-LeaderElection23 PRE_VOTE round 0: submit vote requests at term 0 for -1: peers:[5adff45c-d552-4fe9-ae5a-69c6287068c4|rpc:10.1.0.37:15118|admin:10.1.0.37:15117|client:10.1.0.37:15116|dataStream:10.1.0.37:15119|priority:1|startupRole:FOLLOWER]|listeners:[], old=null
2023-06-06 14:28:53,350 [5adff45c-d552-4fe9-ae5a-69c6287068c4@group-62CB3B2BBA76-LeaderElection23] INFO  impl.LeaderElection (LeaderElection.java:askForVotes(323)) - 5adff45c-d552-4fe9-ae5a-69c6287068c4@group-62CB3B2BBA76-LeaderElection23 PRE_VOTE round 0: result PASSED (term=0)
2023-06-06 14:28:53,351 [5adff45c-d552-4fe9-ae5a-69c6287068c4@group-62CB3B2BBA76-LeaderElection23] INFO  impl.LeaderElection (LeaderElection.java:askForVotes(321)) - 5adff45c-d552-4fe9-ae5a-69c6287068c4@group-62CB3B2BBA76-LeaderElection23 ELECTION round 0: submit vote requests at term 1 for -1: peers:[5adff45c-d552-4fe9-ae5a-69c6287068c4|rpc:10.1.0.37:15118|admin:10.1.0.37:15117|client:10.1.0.37:15116|dataStream:10.1.0.37:15119|priority:1|startupRole:FOLLOWER]|listeners:[], old=null
2023-06-06 14:28:53,351 [5adff45c-d552-4fe9-ae5a-69c6287068c4@group-62CB3B2BBA76-LeaderElection23] INFO  impl.LeaderElection (LeaderElection.java:askForVotes(323)) - 5adff45c-d552-4fe9-ae5a-69c6287068c4@group-62CB3B2BBA76-LeaderElection23 ELECTION round 0: result PASSED (term=1)
2023-06-06 14:28:53,351 [5adff45c-d552-4fe9-ae5a-69c6287068c4@group-62CB3B2BBA76-LeaderElection23] INFO  impl.RoleInfo (RoleInfo.java:shutdownLeaderElection(130)) - 5adff45c-d552-4fe9-ae5a-69c6287068c4: shutdown 5adff45c-d552-4fe9-ae5a-69c6287068c4@group-62CB3B2BBA76-LeaderElection23
2023-06-06 14:28:53,351 [5adff45c-d552-4fe9-ae5a-69c6287068c4@group-62CB3B2BBA76-LeaderElection23] INFO  server.RaftServer$Division (RaftServerImpl.java:setRole(329)) - 5adff45c-d552-4fe9-ae5a-69c6287068c4@group-62CB3B2BBA76: changes role from CANDIDATE to LEADER at term 1 for changeToLeader
2023-06-06 14:28:53,351 [5adff45c-d552-4fe9-ae5a-69c6287068c4@group-62CB3B2BBA76-LeaderElection23] INFO  ratis.XceiverServerRatis (XceiverServerRatis.java:handleLeaderChangedNotification(902)) - Leader change notification received for group: group-62CB3B2BBA76 with new leaderId: 5adff45c-d552-4fe9-ae5a-69c6287068c4
2023-06-06 14:28:53,351 [5adff45c-d552-4fe9-ae5a-69c6287068c4@group-62CB3B2BBA76-LeaderElection23] INFO  server.RaftServer$Division (ServerState.java:setLeader(317)) - 5adff45c-d552-4fe9-ae5a-69c6287068c4@group-62CB3B2BBA76: change Leader from null to 5adff45c-d552-4fe9-ae5a-69c6287068c4 at term 1 for becomeLeader, leader elected after 5056ms
2023-06-06 14:28:53,351 [5adff45c-d552-4fe9-ae5a-69c6287068c4@group-62CB3B2BBA76-LeaderElection23] INFO  server.RaftServerConfigKeys (ConfUtils.java:logGet(46)) - raft.server.staging.catchup.gap = 1000 (default)
2023-06-06 14:28:53,352 [5adff45c-d552-4fe9-ae5a-69c6287068c4@group-62CB3B2BBA76-LeaderElection23] INFO  server.RaftServerConfigKeys (ConfUtils.java:logGet(46)) - raft.server.write.element-limit = 1024 (custom)
2023-06-06 14:28:53,352 [5adff45c-d552-4fe9-ae5a-69c6287068c4@group-62CB3B2BBA76-LeaderElection23] INFO  server.RaftServerConfigKeys (ConfUtils.java:logGet(46)) - raft.server.write.byte-limit = 1024 M (=1073741824) (custom)
2023-06-06 14:28:53,352 [5adff45c-d552-4fe9-ae5a-69c6287068c4@group-62CB3B2BBA76-LeaderElection23] INFO  server.RaftServerConfigKeys (ConfUtils.java:logGet(46)) - raft.server.watch.timeout = 180s (custom)
2023-06-06 14:28:53,353 [5adff45c-d552-4fe9-ae5a-69c6287068c4@group-62CB3B2BBA76-LeaderElection23] INFO  server.RaftServerConfigKeys (ConfUtils.java:logGet(46)) - raft.server.watch.timeout.denomination = 1s (default)
2023-06-06 14:28:53,353 [5adff45c-d552-4fe9-ae5a-69c6287068c4@group-62CB3B2BBA76-LeaderElection23] INFO  server.RaftServerConfigKeys (ConfUtils.java:logGet(46)) - raft.server.watch.element-limit = 65536 (default)
2023-06-06 14:28:53,353 [5adff45c-d552-4fe9-ae5a-69c6287068c4@group-62CB3B2BBA76-LeaderElection23] INFO  server.RaftServerConfigKeys (ConfUtils.java:logGet(46)) - raft.server.write.element-limit = 1024 (custom)
2023-06-06 14:28:53,353 [5adff45c-d552-4fe9-ae5a-69c6287068c4@group-62CB3B2BBA76-LeaderElection23] INFO  server.RaftServerConfigKeys (ConfUtils.java:logGet(46)) - raft.server.write.follower.gap.ratio.max = -1.0 (default)
2023-06-06 14:28:53,353 [5adff45c-d552-4fe9-ae5a-69c6287068c4@group-62CB3B2BBA76-LeaderElection23] INFO  impl.RoleInfo (RoleInfo.java:updateAndGet(139)) - 5adff45c-d552-4fe9-ae5a-69c6287068c4: start 5adff45c-d552-4fe9-ae5a-69c6287068c4@group-62CB3B2BBA76-LeaderStateImpl
2023-06-06 14:28:53,353 [5adff45c-d552-4fe9-ae5a-69c6287068c4@group-62CB3B2BBA76-LeaderElection23] INFO  segmented.SegmentedRaftLogWorker (SegmentedRaftLogWorker.java:startLogSegment(447)) - 5adff45c-d552-4fe9-ae5a-69c6287068c4@group-62CB3B2BBA76-SegmentedRaftLogWorker: Starting segment from index:0
2023-06-06 14:28:53,353 [EventQueue-OpenPipelineForHealthyPipelineSafeModeRule] INFO  safemode.SCMSafeModeManager (HealthyPipelineSafeModeRule.java:process(137)) - SCM in safe mode. Healthy pipelines reported count is 0, required healthy pipeline reported count is 1
2023-06-06 14:28:53,359 [5adff45c-d552-4fe9-ae5a-69c6287068c4@group-62CB3B2BBA76-LeaderElection23] INFO  server.RaftServer$Division (ServerState.java:setRaftConf(434)) - 5adff45c-d552-4fe9-ae5a-69c6287068c4@group-62CB3B2BBA76: set configuration 0: peers:[5adff45c-d552-4fe9-ae5a-69c6287068c4|rpc:10.1.0.37:15118|admin:10.1.0.37:15117|client:10.1.0.37:15116|dataStream:10.1.0.37:15119|priority:1|startupRole:FOLLOWER]|listeners:[], old=null
2023-06-06 14:28:53,360 [5adff45c-d552-4fe9-ae5a-69c6287068c4@group-62CB3B2BBA76-SegmentedRaftLogWorker] INFO  segmented.SegmentedRaftLogWorker (SegmentedRaftLogWorker.java:execute(651)) - 5adff45c-d552-4fe9-ae5a-69c6287068c4@group-62CB3B2BBA76-SegmentedRaftLogWorker: created new log segment /home/runner/work/ozone/ozone/hadoop-ozone/integration-test/target/test-dir/MiniOzoneClusterImpl-19dab9f3-ddac-4c20-9ee1-602e65f43fab/datanode-0/data/ratis/ad90657e-59a4-4e3f-8a49-62cb3b2bba76/current/log_inprogress_0
2023-06-06 14:28:53,459 [5adff45c-d552-4fe9-ae5a-69c6287068c4@group-B0860DD71571-FollowerState] INFO  impl.FollowerState (FollowerState.java:run(143)) - 5adff45c-d552-4fe9-ae5a-69c6287068c4@group-B0860DD71571-FollowerState: change to CANDIDATE, lastRpcElapsedTime:5093206890ns, electionTimeout:5085ms
2023-06-06 14:28:53,459 [5adff45c-d552-4fe9-ae5a-69c6287068c4@group-B0860DD71571-FollowerState] INFO  impl.RoleInfo (RoleInfo.java:shutdownFollowerState(110)) - 5adff45c-d552-4fe9-ae5a-69c6287068c4: shutdown 5adff45c-d552-4fe9-ae5a-69c6287068c4@group-B0860DD71571-FollowerState
2023-06-06 14:28:53,459 [5adff45c-d552-4fe9-ae5a-69c6287068c4@group-B0860DD71571-FollowerState] INFO  server.RaftServer$Division (RaftServerImpl.java:setRole(329)) - 5adff45c-d552-4fe9-ae5a-69c6287068c4@group-B0860DD71571: changes role from  FOLLOWER to CANDIDATE at term 0 for changeToCandidate
2023-06-06 14:28:53,459 [5adff45c-d552-4fe9-ae5a-69c6287068c4@group-B0860DD71571-FollowerState] INFO  server.RaftServerConfigKeys (ConfUtils.java:logGet(46)) - raft.server.leaderelection.pre-vote = true (default)
2023-06-06 14:28:53,459 [5adff45c-d552-4fe9-ae5a-69c6287068c4@group-B0860DD71571-FollowerState] INFO  impl.RoleInfo (RoleInfo.java:updateAndGet(139)) - 5adff45c-d552-4fe9-ae5a-69c6287068c4: start 5adff45c-d552-4fe9-ae5a-69c6287068c4@group-B0860DD71571-LeaderElection24
2023-06-06 14:28:53,463 [5adff45c-d552-4fe9-ae5a-69c6287068c4@group-B0860DD71571-LeaderElection24] INFO  impl.LeaderElection (LeaderElection.java:askForVotes(321)) - 5adff45c-d552-4fe9-ae5a-69c6287068c4@group-B0860DD71571-LeaderElection24 PRE_VOTE round 0: submit vote requests at term 0 for -1: peers:[77d17280-0276-45d4-bf82-17b9da904fb0|rpc:10.1.0.37:15136|admin:10.1.0.37:15135|client:10.1.0.37:15134|dataStream:10.1.0.37:15137|priority:0|startupRole:FOLLOWER, 68f873c3-529d-421e-809c-72d7a1225c33|rpc:10.1.0.37:15127|admin:10.1.0.37:15126|client:10.1.0.37:15125|dataStream:10.1.0.37:15128|priority:0|startupRole:FOLLOWER, 5adff45c-d552-4fe9-ae5a-69c6287068c4|rpc:10.1.0.37:15118|admin:10.1.0.37:15117|client:10.1.0.37:15116|dataStream:10.1.0.37:15119|priority:1|startupRole:FOLLOWER]|listeners:[], old=null
2023-06-06 14:28:53,464 [5adff45c-d552-4fe9-ae5a-69c6287068c4@group-B0860DD71571-LeaderElection24-1] INFO  server.GrpcServerProtocolClient (GrpcServerProtocolClient.java:<init>(65)) - Build channel for 77d17280-0276-45d4-bf82-17b9da904fb0
2023-06-06 14:28:53,465 [5adff45c-d552-4fe9-ae5a-69c6287068c4@group-B0860DD71571-LeaderElection24] INFO  server.RaftServerConfigKeys (ConfUtils.java:logFallback(53)) - raft.server.rpc.first-election.timeout.min = 5s (fallback to raft.server.rpc.timeout.min)
2023-06-06 14:28:53,466 [5adff45c-d552-4fe9-ae5a-69c6287068c4@group-B0860DD71571-LeaderElection24] INFO  server.RaftServerConfigKeys (ConfUtils.java:logFallback(53)) - raft.server.rpc.first-election.timeout.max = 5200ms (fallback to raft.server.rpc.timeout.max)
2023-06-06 14:28:53,466 [5adff45c-d552-4fe9-ae5a-69c6287068c4@group-B0860DD71571-LeaderElection24-2] INFO  server.GrpcServerProtocolClient (GrpcServerProtocolClient.java:<init>(65)) - Build channel for 68f873c3-529d-421e-809c-72d7a1225c33
2023-06-06 14:28:53,476 [grpc-default-executor-0] INFO  server.RaftServer$Division (RaftServerImpl.java:requestVote(1302)) - 77d17280-0276-45d4-bf82-17b9da904fb0@group-B0860DD71571: receive requestVote(PRE_VOTE, 5adff45c-d552-4fe9-ae5a-69c6287068c4, group-B0860DD71571, 0, (t:0, i:0))
2023-06-06 14:28:53,477 [grpc-default-executor-0] INFO  impl.VoteContext (VoteContext.java:log(49)) - 77d17280-0276-45d4-bf82-17b9da904fb0@group-B0860DD71571-FOLLOWER: accept PRE_VOTE from 5adff45c-d552-4fe9-ae5a-69c6287068c4: our priority 0 <= candidate's priority 1
2023-06-06 14:28:53,477 [grpc-default-executor-0] INFO  server.RaftServer$Division (RaftServerImpl.java:requestVote(1335)) - 77d17280-0276-45d4-bf82-17b9da904fb0@group-B0860DD71571 replies to PRE_VOTE vote request: 5adff45c-d552-4fe9-ae5a-69c6287068c4<-77d17280-0276-45d4-bf82-17b9da904fb0#0:OK-t0. Peer's state: 77d17280-0276-45d4-bf82-17b9da904fb0@group-B0860DD71571:t0, leader=null, voted=, raftlog=Memoized:77d17280-0276-45d4-bf82-17b9da904fb0@group-B0860DD71571-SegmentedRaftLog:OPENED:c-1, conf=-1: peers:[77d17280-0276-45d4-bf82-17b9da904fb0|rpc:10.1.0.37:15136|admin:10.1.0.37:15135|client:10.1.0.37:15134|dataStream:10.1.0.37:15137|priority:0|startupRole:FOLLOWER, 68f873c3-529d-421e-809c-72d7a1225c33|rpc:10.1.0.37:15127|admin:10.1.0.37:15126|client:10.1.0.37:15125|dataStream:10.1.0.37:15128|priority:0|startupRole:FOLLOWER, 5adff45c-d552-4fe9-ae5a-69c6287068c4|rpc:10.1.0.37:15118|admin:10.1.0.37:15117|client:10.1.0.37:15116|dataStream:10.1.0.37:15119|priority:1|startupRole:FOLLOWER]|listeners:[], old=null
2023-06-06 14:28:53,479 [5adff45c-d552-4fe9-ae5a-69c6287068c4@group-B0860DD71571-LeaderElection24] INFO  impl.LeaderElection (LeaderElection.java:logAndReturn(90)) - 5adff45c-d552-4fe9-ae5a-69c6287068c4@group-B0860DD71571-LeaderElection24: PRE_VOTE PASSED received 1 response(s) and 0 exception(s):
2023-06-06 14:28:53,479 [5adff45c-d552-4fe9-ae5a-69c6287068c4@group-B0860DD71571-LeaderElection24] INFO  impl.LeaderElection (LeaderElection.java:logAndReturn(94)) -   Response 0: 5adff45c-d552-4fe9-ae5a-69c6287068c4<-77d17280-0276-45d4-bf82-17b9da904fb0#0:OK-t0
2023-06-06 14:28:53,479 [5adff45c-d552-4fe9-ae5a-69c6287068c4@group-B0860DD71571-LeaderElection24] INFO  impl.LeaderElection (LeaderElection.java:askForVotes(323)) - 5adff45c-d552-4fe9-ae5a-69c6287068c4@group-B0860DD71571-LeaderElection24 PRE_VOTE round 0: result PASSED
2023-06-06 14:28:53,482 [5adff45c-d552-4fe9-ae5a-69c6287068c4@group-B0860DD71571-LeaderElection24] INFO  impl.LeaderElection (LeaderElection.java:askForVotes(321)) - 5adff45c-d552-4fe9-ae5a-69c6287068c4@group-B0860DD71571-LeaderElection24 ELECTION round 0: submit vote requests at term 1 for -1: peers:[77d17280-0276-45d4-bf82-17b9da904fb0|rpc:10.1.0.37:15136|admin:10.1.0.37:15135|client:10.1.0.37:15134|dataStream:10.1.0.37:15137|priority:0|startupRole:FOLLOWER, 68f873c3-529d-421e-809c-72d7a1225c33|rpc:10.1.0.37:15127|admin:10.1.0.37:15126|client:10.1.0.37:15125|dataStream:10.1.0.37:15128|priority:0|startupRole:FOLLOWER, 5adff45c-d552-4fe9-ae5a-69c6287068c4|rpc:10.1.0.37:15118|admin:10.1.0.37:15117|client:10.1.0.37:15116|dataStream:10.1.0.37:15119|priority:1|startupRole:FOLLOWER]|listeners:[], old=null
2023-06-06 14:28:53,490 [5adff45c-d552-4fe9-ae5a-69c6287068c4@group-B0860DD71571-LeaderElection24] INFO  server.RaftServerConfigKeys (ConfUtils.java:logFallback(53)) - raft.server.rpc.first-election.timeout.min = 5s (fallback to raft.server.rpc.timeout.min)
2023-06-06 14:28:53,490 [5adff45c-d552-4fe9-ae5a-69c6287068c4@group-B0860DD71571-LeaderElection24] INFO  server.RaftServerConfigKeys (ConfUtils.java:logFallback(53)) - raft.server.rpc.first-election.timeout.max = 5200ms (fallback to raft.server.rpc.timeout.max)
2023-06-06 14:28:53,496 [grpc-default-executor-0] INFO  server.RaftServer$Division (RaftServerImpl.java:requestVote(1302)) - 68f873c3-529d-421e-809c-72d7a1225c33@group-B0860DD71571: receive requestVote(PRE_VOTE, 5adff45c-d552-4fe9-ae5a-69c6287068c4, group-B0860DD71571, 0, (t:0, i:0))
2023-06-06 14:28:53,496 [grpc-default-executor-0] INFO  impl.VoteContext (VoteContext.java:log(49)) - 68f873c3-529d-421e-809c-72d7a1225c33@group-B0860DD71571-FOLLOWER: accept PRE_VOTE from 5adff45c-d552-4fe9-ae5a-69c6287068c4: our priority 0 <= candidate's priority 1
2023-06-06 14:28:53,496 [grpc-default-executor-0] INFO  server.RaftServer$Division (RaftServerImpl.java:requestVote(1335)) - 68f873c3-529d-421e-809c-72d7a1225c33@group-B0860DD71571 replies to PRE_VOTE vote request: 5adff45c-d552-4fe9-ae5a-69c6287068c4<-68f873c3-529d-421e-809c-72d7a1225c33#0:OK-t0. Peer's state: 68f873c3-529d-421e-809c-72d7a1225c33@group-B0860DD71571:t0, leader=null, voted=, raftlog=Memoized:68f873c3-529d-421e-809c-72d7a1225c33@group-B0860DD71571-SegmentedRaftLog:OPENED:c-1, conf=-1: peers:[77d17280-0276-45d4-bf82-17b9da904fb0|rpc:10.1.0.37:15136|admin:10.1.0.37:15135|client:10.1.0.37:15134|dataStream:10.1.0.37:15137|priority:0|startupRole:FOLLOWER, 68f873c3-529d-421e-809c-72d7a1225c33|rpc:10.1.0.37:15127|admin:10.1.0.37:15126|client:10.1.0.37:15125|dataStream:10.1.0.37:15128|priority:0|startupRole:FOLLOWER, 5adff45c-d552-4fe9-ae5a-69c6287068c4|rpc:10.1.0.37:15118|admin:10.1.0.37:15117|client:10.1.0.37:15116|dataStream:10.1.0.37:15119|priority:1|startupRole:FOLLOWER]|listeners:[], old=null
2023-06-06 14:28:53,502 [grpc-default-executor-0] INFO  server.RaftServer$Division (RaftServerImpl.java:requestVote(1302)) - 68f873c3-529d-421e-809c-72d7a1225c33@group-B0860DD71571: receive requestVote(ELECTION, 5adff45c-d552-4fe9-ae5a-69c6287068c4, group-B0860DD71571, 1, (t:0, i:0))
2023-06-06 14:28:53,502 [grpc-default-executor-0] INFO  impl.VoteContext (VoteContext.java:log(49)) - 68f873c3-529d-421e-809c-72d7a1225c33@group-B0860DD71571-FOLLOWER: accept ELECTION from 5adff45c-d552-4fe9-ae5a-69c6287068c4: our priority 0 <= candidate's priority 1
2023-06-06 14:28:53,503 [grpc-default-executor-0] INFO  server.RaftServer$Division (RaftServerImpl.java:setRole(329)) - 68f873c3-529d-421e-809c-72d7a1225c33@group-B0860DD71571: changes role from  FOLLOWER to FOLLOWER at term 1 for candidate:5adff45c-d552-4fe9-ae5a-69c6287068c4
2023-06-06 14:28:53,503 [grpc-default-executor-0] INFO  impl.RoleInfo (RoleInfo.java:shutdownFollowerState(110)) - 68f873c3-529d-421e-809c-72d7a1225c33: shutdown 68f873c3-529d-421e-809c-72d7a1225c33@group-B0860DD71571-FollowerState
2023-06-06 14:28:53,503 [grpc-default-executor-0] INFO  impl.RoleInfo (RoleInfo.java:updateAndGet(139)) - 68f873c3-529d-421e-809c-72d7a1225c33: start 68f873c3-529d-421e-809c-72d7a1225c33@group-B0860DD71571-FollowerState
2023-06-06 14:28:53,503 [68f873c3-529d-421e-809c-72d7a1225c33@group-B0860DD71571-FollowerState] INFO  impl.FollowerState (FollowerState.java:run(152)) - 68f873c3-529d-421e-809c-72d7a1225c33@group-B0860DD71571-FollowerState was interrupted
2023-06-06 14:28:53,504 [grpc-default-executor-1] INFO  server.RaftServer$Division (RaftServerImpl.java:requestVote(1302)) - 77d17280-0276-45d4-bf82-17b9da904fb0@group-B0860DD71571: receive requestVote(ELECTION, 5adff45c-d552-4fe9-ae5a-69c6287068c4, group-B0860DD71571, 1, (t:0, i:0))
2023-06-06 14:28:53,510 [grpc-default-executor-1] INFO  impl.VoteContext (VoteContext.java:log(49)) - 77d17280-0276-45d4-bf82-17b9da904fb0@group-B0860DD71571-FOLLOWER: accept ELECTION from 5adff45c-d552-4fe9-ae5a-69c6287068c4: our priority 0 <= candidate's priority 1
2023-06-06 14:28:53,510 [grpc-default-executor-1] INFO  server.RaftServer$Division (RaftServerImpl.java:setRole(329)) - 77d17280-0276-45d4-bf82-17b9da904fb0@group-B0860DD71571: changes role from  FOLLOWER to FOLLOWER at term 1 for candidate:5adff45c-d552-4fe9-ae5a-69c6287068c4
2023-06-06 14:28:53,514 [grpc-default-executor-1] INFO  impl.RoleInfo (RoleInfo.java:shutdownFollowerState(110)) - 77d17280-0276-45d4-bf82-17b9da904fb0: shutdown 77d17280-0276-45d4-bf82-17b9da904fb0@group-B0860DD71571-FollowerState
2023-06-06 14:28:53,514 [grpc-default-executor-0] INFO  server.RaftServer$Division (RaftServerImpl.java:requestVote(1335)) - 68f873c3-529d-421e-809c-72d7a1225c33@group-B0860DD71571 replies to ELECTION vote request: 5adff45c-d552-4fe9-ae5a-69c6287068c4<-68f873c3-529d-421e-809c-72d7a1225c33#0:OK-t1. Peer's state: 68f873c3-529d-421e-809c-72d7a1225c33@group-B0860DD71571:t1, leader=null, voted=5adff45c-d552-4fe9-ae5a-69c6287068c4, raftlog=Memoized:68f873c3-529d-421e-809c-72d7a1225c33@group-B0860DD71571-SegmentedRaftLog:OPENED:c-1, conf=-1: peers:[77d17280-0276-45d4-bf82-17b9da904fb0|rpc:10.1.0.37:15136|admin:10.1.0.37:15135|client:10.1.0.37:15134|dataStream:10.1.0.37:15137|priority:0|startupRole:FOLLOWER, 68f873c3-529d-421e-809c-72d7a1225c33|rpc:10.1.0.37:15127|admin:10.1.0.37:15126|client:10.1.0.37:15125|dataStream:10.1.0.37:15128|priority:0|startupRole:FOLLOWER, 5adff45c-d552-4fe9-ae5a-69c6287068c4|rpc:10.1.0.37:15118|admin:10.1.0.37:15117|client:10.1.0.37:15116|dataStream:10.1.0.37:15119|priority:1|startupRole:FOLLOWER]|listeners:[], old=null
2023-06-06 14:28:53,514 [77d17280-0276-45d4-bf82-17b9da904fb0@group-B0860DD71571-FollowerState] INFO  impl.FollowerState (FollowerState.java:run(152)) - 77d17280-0276-45d4-bf82-17b9da904fb0@group-B0860DD71571-FollowerState was interrupted
2023-06-06 14:28:53,514 [grpc-default-executor-1] INFO  impl.RoleInfo (RoleInfo.java:updateAndGet(139)) - 77d17280-0276-45d4-bf82-17b9da904fb0: start 77d17280-0276-45d4-bf82-17b9da904fb0@group-B0860DD71571-FollowerState
2023-06-06 14:28:53,523 [5adff45c-d552-4fe9-ae5a-69c6287068c4@group-B0860DD71571-LeaderElection24] INFO  impl.LeaderElection (LeaderElection.java:logAndReturn(90)) - 5adff45c-d552-4fe9-ae5a-69c6287068c4@group-B0860DD71571-LeaderElection24: ELECTION PASSED received 1 response(s) and 0 exception(s):
2023-06-06 14:28:53,523 [5adff45c-d552-4fe9-ae5a-69c6287068c4@group-B0860DD71571-LeaderElection24] INFO  impl.LeaderElection (LeaderElection.java:logAndReturn(94)) -   Response 0: 5adff45c-d552-4fe9-ae5a-69c6287068c4<-68f873c3-529d-421e-809c-72d7a1225c33#0:OK-t1
2023-06-06 14:28:53,523 [5adff45c-d552-4fe9-ae5a-69c6287068c4@group-B0860DD71571-LeaderElection24] INFO  impl.LeaderElection (LeaderElection.java:askForVotes(323)) - 5adff45c-d552-4fe9-ae5a-69c6287068c4@group-B0860DD71571-LeaderElection24 ELECTION round 0: result PASSED
2023-06-06 14:28:53,523 [5adff45c-d552-4fe9-ae5a-69c6287068c4@group-B0860DD71571-LeaderElection24] INFO  impl.RoleInfo (RoleInfo.java:shutdownLeaderElection(130)) - 5adff45c-d552-4fe9-ae5a-69c6287068c4: shutdown 5adff45c-d552-4fe9-ae5a-69c6287068c4@group-B0860DD71571-LeaderElection24
2023-06-06 14:28:53,523 [5adff45c-d552-4fe9-ae5a-69c6287068c4@group-B0860DD71571-LeaderElection24] INFO  server.RaftServer$Division (RaftServerImpl.java:setRole(329)) - 5adff45c-d552-4fe9-ae5a-69c6287068c4@group-B0860DD71571: changes role from CANDIDATE to LEADER at term 1 for changeToLeader
2023-06-06 14:28:53,523 [5adff45c-d552-4fe9-ae5a-69c6287068c4@group-B0860DD71571-LeaderElection24] INFO  ratis.XceiverServerRatis (XceiverServerRatis.java:handleLeaderChangedNotification(902)) - Leader change notification received for group: group-B0860DD71571 with new leaderId: 5adff45c-d552-4fe9-ae5a-69c6287068c4
2023-06-06 14:28:53,523 [5adff45c-d552-4fe9-ae5a-69c6287068c4@group-B0860DD71571-LeaderElection24] INFO  server.RaftServer$Division (ServerState.java:setLeader(317)) - 5adff45c-d552-4fe9-ae5a-69c6287068c4@group-B0860DD71571: change Leader from null to 5adff45c-d552-4fe9-ae5a-69c6287068c4 at term 1 for becomeLeader, leader elected after 5182ms
2023-06-06 14:28:53,523 [5adff45c-d552-4fe9-ae5a-69c6287068c4@group-B0860DD71571-LeaderElection24] INFO  server.RaftServerConfigKeys (ConfUtils.java:logGet(46)) - raft.server.staging.catchup.gap = 1000 (default)
2023-06-06 14:28:53,523 [5adff45c-d552-4fe9-ae5a-69c6287068c4@group-B0860DD71571-LeaderElection24] INFO  server.RaftServerConfigKeys (ConfUtils.java:logGet(46)) - raft.server.write.element-limit = 1024 (custom)
2023-06-06 14:28:53,523 [5adff45c-d552-4fe9-ae5a-69c6287068c4@group-B0860DD71571-LeaderElection24] INFO  server.RaftServerConfigKeys (ConfUtils.java:logGet(46)) - raft.server.write.byte-limit = 1024 M (=1073741824) (custom)
2023-06-06 14:28:53,524 [5adff45c-d552-4fe9-ae5a-69c6287068c4@group-B0860DD71571-LeaderElection24] INFO  server.RaftServerConfigKeys (ConfUtils.java:logGet(46)) - raft.server.watch.timeout = 180s (custom)
2023-06-06 14:28:53,524 [5adff45c-d552-4fe9-ae5a-69c6287068c4@group-B0860DD71571-LeaderElection24] INFO  server.RaftServerConfigKeys (ConfUtils.java:logGet(46)) - raft.server.watch.timeout.denomination = 1s (default)
2023-06-06 14:28:53,524 [5adff45c-d552-4fe9-ae5a-69c6287068c4@group-B0860DD71571-LeaderElection24] INFO  server.RaftServerConfigKeys (ConfUtils.java:logGet(46)) - raft.server.watch.element-limit = 65536 (default)
2023-06-06 14:28:53,524 [5adff45c-d552-4fe9-ae5a-69c6287068c4@group-B0860DD71571-LeaderElection24] INFO  server.RaftServerConfigKeys (ConfUtils.java:logGet(46)) - raft.server.write.element-limit = 1024 (custom)
2023-06-06 14:28:53,524 [5adff45c-d552-4fe9-ae5a-69c6287068c4@group-B0860DD71571-LeaderElection24] INFO  server.RaftServerConfigKeys (ConfUtils.java:logGet(46)) - raft.server.write.follower.gap.ratio.max = -1.0 (default)
2023-06-06 14:28:53,524 [5adff45c-d552-4fe9-ae5a-69c6287068c4@group-B0860DD71571-LeaderElection24] INFO  server.RaftServerConfigKeys (ConfUtils.java:logGet(46)) - raft.server.log.appender.snapshot.chunk.size.max = 16MB (=16777216) (default)
2023-06-06 14:28:53,524 [5adff45c-d552-4fe9-ae5a-69c6287068c4@group-B0860DD71571-LeaderElection24] INFO  server.RaftServerConfigKeys (ConfUtils.java:logGet(46)) - raft.server.log.appender.buffer.byte-limit = 33554432 (custom)
2023-06-06 14:28:53,524 [5adff45c-d552-4fe9-ae5a-69c6287068c4@group-B0860DD71571-LeaderElection24] INFO  server.RaftServerConfigKeys (ConfUtils.java:logGet(46)) - raft.server.log.appender.buffer.element-limit = 1 (custom)
2023-06-06 14:28:53,524 [5adff45c-d552-4fe9-ae5a-69c6287068c4@group-B0860DD71571-LeaderElection24] INFO  server.RaftServerConfigKeys (ConfUtils.java:logGet(46)) - raft.server.log.appender.wait-time.min = 10ms (default)
2023-06-06 14:28:53,524 [5adff45c-d552-4fe9-ae5a-69c6287068c4@group-B0860DD71571-LeaderElection24] INFO  grpc.GrpcConfigKeys (ConfUtils.java:logGet(46)) - raft.grpc.server.leader.outstanding.appends.max = 128 (default)
2023-06-06 14:28:53,524 [5adff45c-d552-4fe9-ae5a-69c6287068c4@group-B0860DD71571-LeaderElection24] INFO  server.RaftServerConfigKeys (ConfUtils.java:logGet(46)) - raft.server.rpc.request.timeout = 60s (custom)
2023-06-06 14:28:53,525 [5adff45c-d552-4fe9-ae5a-69c6287068c4@group-B0860DD71571-LeaderElection24] INFO  grpc.GrpcConfigKeys (ConfUtils.java:logGet(46)) - raft.grpc.server.install_snapshot.request.element-limit = 8 (default)
2023-06-06 14:28:53,525 [5adff45c-d552-4fe9-ae5a-69c6287068c4@group-B0860DD71571-LeaderElection24] INFO  grpc.GrpcConfigKeys (ConfUtils.java:logGet(46)) - raft.grpc.server.install_snapshot.request.timeout = 3000ms (default)
2023-06-06 14:28:53,525 [5adff45c-d552-4fe9-ae5a-69c6287068c4@group-B0860DD71571-LeaderElection24] INFO  server.RaftServerConfigKeys (ConfUtils.java:logGet(46)) - raft.server.log.appender.install.snapshot.enabled = false (custom)
2023-06-06 14:28:53,525 [5adff45c-d552-4fe9-ae5a-69c6287068c4@group-B0860DD71571-LeaderElection24] INFO  grpc.GrpcConfigKeys (ConfUtils.java:logGet(46)) - raft.grpc.server.heartbeat.channel = true (default)
2023-06-06 14:28:53,525 [5adff45c-d552-4fe9-ae5a-69c6287068c4@group-B0860DD71571-LeaderElection24] INFO  server.RaftServerConfigKeys (ConfUtils.java:logGet(46)) - raft.server.log.appender.snapshot.chunk.size.max = 16MB (=16777216) (default)
2023-06-06 14:28:53,525 [5adff45c-d552-4fe9-ae5a-69c6287068c4@group-B0860DD71571-LeaderElection24] INFO  server.RaftServerConfigKeys (ConfUtils.java:logGet(46)) - raft.server.log.appender.buffer.byte-limit = 33554432 (custom)
2023-06-06 14:28:53,525 [5adff45c-d552-4fe9-ae5a-69c6287068c4@group-B0860DD71571-LeaderElection24] INFO  server.RaftServerConfigKeys (ConfUtils.java:logGet(46)) - raft.server.log.appender.buffer.element-limit = 1 (custom)
2023-06-06 14:28:53,525 [5adff45c-d552-4fe9-ae5a-69c6287068c4@group-B0860DD71571-LeaderElection24] INFO  server.RaftServerConfigKeys (ConfUtils.java:logGet(46)) - raft.server.log.appender.wait-time.min = 10ms (default)
2023-06-06 14:28:53,525 [5adff45c-d552-4fe9-ae5a-69c6287068c4@group-B0860DD71571-LeaderElection24] INFO  grpc.GrpcConfigKeys (ConfUtils.java:logGet(46)) - raft.grpc.server.leader.outstanding.appends.max = 128 (default)
2023-06-06 14:28:53,525 [5adff45c-d552-4fe9-ae5a-69c6287068c4@group-B0860DD71571-LeaderElection24] INFO  server.RaftServerConfigKeys (ConfUtils.java:logGet(46)) - raft.server.rpc.request.timeout = 60s (custom)
2023-06-06 14:28:53,525 [5adff45c-d552-4fe9-ae5a-69c6287068c4@group-B0860DD71571-LeaderElection24] INFO  grpc.GrpcConfigKeys (ConfUtils.java:logGet(46)) - raft.grpc.server.install_snapshot.request.element-limit = 8 (default)
2023-06-06 14:28:53,526 [grpc-default-executor-1] INFO  server.RaftServer$Division (RaftServerImpl.java:requestVote(1335)) - 77d17280-0276-45d4-bf82-17b9da904fb0@group-B0860DD71571 replies to ELECTION vote request: 5adff45c-d552-4fe9-ae5a-69c6287068c4<-77d17280-0276-45d4-bf82-17b9da904fb0#0:OK-t1. Peer's state: 77d17280-0276-45d4-bf82-17b9da904fb0@group-B0860DD71571:t1, leader=null, voted=5adff45c-d552-4fe9-ae5a-69c6287068c4, raftlog=Memoized:77d17280-0276-45d4-bf82-17b9da904fb0@group-B0860DD71571-SegmentedRaftLog:OPENED:c-1, conf=-1: peers:[77d17280-0276-45d4-bf82-17b9da904fb0|rpc:10.1.0.37:15136|admin:10.1.0.37:15135|client:10.1.0.37:15134|dataStream:10.1.0.37:15137|priority:0|startupRole:FOLLOWER, 68f873c3-529d-421e-809c-72d7a1225c33|rpc:10.1.0.37:15127|admin:10.1.0.37:15126|client:10.1.0.37:15125|dataStream:10.1.0.37:15128|priority:0|startupRole:FOLLOWER, 5adff45c-d552-4fe9-ae5a-69c6287068c4|rpc:10.1.0.37:15118|admin:10.1.0.37:15117|client:10.1.0.37:15116|dataStream:10.1.0.37:15119|priority:1|startupRole:FOLLOWER]|listeners:[], old=null
2023-06-06 14:28:53,528 [EventQueue-PipelineReportForPipelineReportHandler] INFO  pipeline.PipelineManagerImpl (PipelineManagerImpl.java:openPipeline(367)) - Pipeline Pipeline[ Id: 3f4c25f5-5c6b-4ff8-846c-b0860dd71571, Nodes: 5adff45c-d552-4fe9-ae5a-69c6287068c4(fv-az1133-973.qlb2sqfkji0uhjsjdnlwzcsdwg.bx.internal.cloudapp.net/10.1.0.37)77d17280-0276-45d4-bf82-17b9da904fb0(fv-az1133-973.qlb2sqfkji0uhjsjdnlwzcsdwg.bx.internal.cloudapp.net/10.1.0.37)68f873c3-529d-421e-809c-72d7a1225c33(fv-az1133-973.qlb2sqfkji0uhjsjdnlwzcsdwg.bx.internal.cloudapp.net/10.1.0.37), ReplicationConfig: RATIS/THREE, State:ALLOCATED, leaderId:5adff45c-d552-4fe9-ae5a-69c6287068c4, CreationTimestamp2023-06-06T14:28:46.067Z[Etc/UTC]] moved to OPEN state
2023-06-06 14:28:53,529 [EventQueue-OpenPipelineForHealthyPipelineSafeModeRule] INFO  safemode.SCMSafeModeManager (HealthyPipelineSafeModeRule.java:process(137)) - SCM in safe mode. Healthy pipelines reported count is 1, required healthy pipeline reported count is 1
2023-06-06 14:28:53,529 [EventQueue-OpenPipelineForHealthyPipelineSafeModeRule] INFO  safemode.SCMSafeModeManager (SCMSafeModeManager.java:validateSafeModeExitRules(200)) - HealthyPipelineSafeModeRule rule is successfully validated
2023-06-06 14:28:53,529 [EventQueue-OpenPipelineForHealthyPipelineSafeModeRule] INFO  safemode.SCMSafeModeManager (SCMSafeModeManager.java:validateSafeModeExitRules(215)) - ScmSafeModeManager, all rules are successfully validated
2023-06-06 14:28:53,529 [EventQueue-OpenPipelineForHealthyPipelineSafeModeRule] INFO  safemode.SCMSafeModeManager (SCMSafeModeManager.java:exitSafeMode(244)) - SCM exiting safe mode.
2023-06-06 14:28:53,530 [EventQueue-OpenPipelineForHealthyPipelineSafeModeRule] INFO  ha.SCMContext (SCMContext.java:updateSafeModeStatus(228)) - Update SafeModeStatus from SafeModeStatus{safeModeStatus=true, preCheckPassed=true} to SafeModeStatus{safeModeStatus=false, preCheckPassed=true}.
2023-06-06 14:28:53,530 [EventQueue-OpenPipelineForHealthyPipelineSafeModeRule] INFO  pipeline.BackgroundPipelineCreator (BackgroundPipelineCreator.java:notifyStatusChanged(254)) - Service BackgroundPipelineCreator transitions to RUNNING.
2023-06-06 14:28:53,530 [EventQueue-OpenPipelineForHealthyPipelineSafeModeRule] INFO  BackgroundPipelineScrubber (BackgroundSCMService.java:notifyStatusChanged(82)) - Service BackgroundPipelineScrubber transitions to RUNNING.
2023-06-06 14:28:53,530 [EventQueue-OpenPipelineForHealthyPipelineSafeModeRule] INFO  ExpiredContainerReplicaOpScrubber (BackgroundSCMService.java:notifyStatusChanged(82)) - Service ExpiredContainerReplicaOpScrubber transitions to RUNNING.
2023-06-06 14:28:53,530 [EventQueue-OpenPipelineForHealthyPipelineSafeModeRule] INFO  replication.ReplicationManager (ReplicationManager.java:notifyStatusChanged(1369)) - Service ReplicationManager transitions to RUNNING.
2023-06-06 14:28:53,530 [EventQueue-OpenPipelineForHealthyPipelineSafeModeRule] WARN  balancer.ContainerBalancer (ContainerBalancer.java:shouldRun(135)) - Could not find persisted configuration for ContainerBalancer when checking if ContainerBalancer should run. ContainerBalancer should not run now.
2023-06-06 14:28:53,530 [5adff45c-d552-4fe9-ae5a-69c6287068c4@group-B0860DD71571-LeaderElection24] INFO  grpc.GrpcConfigKeys (ConfUtils.java:logGet(46)) - raft.grpc.server.install_snapshot.request.timeout = 3000ms (default)
2023-06-06 14:28:53,530 [5adff45c-d552-4fe9-ae5a-69c6287068c4@group-B0860DD71571-LeaderElection24] INFO  server.RaftServerConfigKeys (ConfUtils.java:logGet(46)) - raft.server.log.appender.install.snapshot.enabled = false (custom)
2023-06-06 14:28:53,530 [5adff45c-d552-4fe9-ae5a-69c6287068c4@group-B0860DD71571-LeaderElection24] INFO  grpc.GrpcConfigKeys (ConfUtils.java:logGet(46)) - raft.grpc.server.heartbeat.channel = true (default)
2023-06-06 14:28:53,530 [5adff45c-d552-4fe9-ae5a-69c6287068c4@group-B0860DD71571-LeaderElection24] INFO  impl.RoleInfo (RoleInfo.java:updateAndGet(139)) - 5adff45c-d552-4fe9-ae5a-69c6287068c4: start 5adff45c-d552-4fe9-ae5a-69c6287068c4@group-B0860DD71571-LeaderStateImpl
2023-06-06 14:28:53,531 [5adff45c-d552-4fe9-ae5a-69c6287068c4@group-B0860DD71571-LeaderElection24] INFO  segmented.SegmentedRaftLogWorker (SegmentedRaftLogWorker.java:startLogSegment(447)) - 5adff45c-d552-4fe9-ae5a-69c6287068c4@group-B0860DD71571-SegmentedRaftLogWorker: Starting segment from index:0
2023-06-06 14:28:53,533 [5adff45c-d552-4fe9-ae5a-69c6287068c4@group-B0860DD71571-SegmentedRaftLogWorker] INFO  segmented.SegmentedRaftLogWorker (SegmentedRaftLogWorker.java:execute(651)) - 5adff45c-d552-4fe9-ae5a-69c6287068c4@group-B0860DD71571-SegmentedRaftLogWorker: created new log segment /home/runner/work/ozone/ozone/hadoop-ozone/integration-test/target/test-dir/MiniOzoneClusterImpl-19dab9f3-ddac-4c20-9ee1-602e65f43fab/datanode-0/data/ratis/3f4c25f5-5c6b-4ff8-846c-b0860dd71571/current/log_inprogress_0
2023-06-06 14:28:53,538 [5adff45c-d552-4fe9-ae5a-69c6287068c4@group-B0860DD71571-LeaderElection24] INFO  server.RaftServer$Division (ServerState.java:setRaftConf(434)) - 5adff45c-d552-4fe9-ae5a-69c6287068c4@group-B0860DD71571: set configuration 0: peers:[77d17280-0276-45d4-bf82-17b9da904fb0|rpc:10.1.0.37:15136|admin:10.1.0.37:15135|client:10.1.0.37:15134|dataStream:10.1.0.37:15137|priority:0|startupRole:FOLLOWER, 68f873c3-529d-421e-809c-72d7a1225c33|rpc:10.1.0.37:15127|admin:10.1.0.37:15126|client:10.1.0.37:15125|dataStream:10.1.0.37:15128|priority:0|startupRole:FOLLOWER, 5adff45c-d552-4fe9-ae5a-69c6287068c4|rpc:10.1.0.37:15118|admin:10.1.0.37:15117|client:10.1.0.37:15116|dataStream:10.1.0.37:15119|priority:1|startupRole:FOLLOWER]|listeners:[], old=null
2023-06-06 14:28:53,547 [77d17280-0276-45d4-bf82-17b9da904fb0-server-thread1] INFO  ratis.XceiverServerRatis (XceiverServerRatis.java:handleLeaderChangedNotification(902)) - Leader change notification received for group: group-B0860DD71571 with new leaderId: 5adff45c-d552-4fe9-ae5a-69c6287068c4
2023-06-06 14:28:53,547 [77d17280-0276-45d4-bf82-17b9da904fb0-server-thread1] INFO  server.RaftServer$Division (ServerState.java:setLeader(317)) - 77d17280-0276-45d4-bf82-17b9da904fb0@group-B0860DD71571: change Leader from null to 5adff45c-d552-4fe9-ae5a-69c6287068c4 at term 1 for appendEntries, leader elected after 5145ms
2023-06-06 14:28:53,551 [77d17280-0276-45d4-bf82-17b9da904fb0-server-thread1] INFO  server.RaftServer$Division (ServerState.java:setRaftConf(434)) - 77d17280-0276-45d4-bf82-17b9da904fb0@group-B0860DD71571: set configuration 0: peers:[77d17280-0276-45d4-bf82-17b9da904fb0|rpc:10.1.0.37:15136|admin:10.1.0.37:15135|client:10.1.0.37:15134|dataStream:10.1.0.37:15137|priority:0|startupRole:FOLLOWER, 68f873c3-529d-421e-809c-72d7a1225c33|rpc:10.1.0.37:15127|admin:10.1.0.37:15126|client:10.1.0.37:15125|dataStream:10.1.0.37:15128|priority:0|startupRole:FOLLOWER, 5adff45c-d552-4fe9-ae5a-69c6287068c4|rpc:10.1.0.37:15118|admin:10.1.0.37:15117|client:10.1.0.37:15116|dataStream:10.1.0.37:15119|priority:1|startupRole:FOLLOWER]|listeners:[], old=null
2023-06-06 14:28:53,552 [77d17280-0276-45d4-bf82-17b9da904fb0-server-thread1] INFO  segmented.SegmentedRaftLogWorker (SegmentedRaftLogWorker.java:startLogSegment(447)) - 77d17280-0276-45d4-bf82-17b9da904fb0@group-B0860DD71571-SegmentedRaftLogWorker: Starting segment from index:0
2023-06-06 14:28:53,555 [77d17280-0276-45d4-bf82-17b9da904fb0@group-B0860DD71571-SegmentedRaftLogWorker] INFO  segmented.SegmentedRaftLogWorker (SegmentedRaftLogWorker.java:execute(651)) - 77d17280-0276-45d4-bf82-17b9da904fb0@group-B0860DD71571-SegmentedRaftLogWorker: created new log segment /home/runner/work/ozone/ozone/hadoop-ozone/integration-test/target/test-dir/MiniOzoneClusterImpl-19dab9f3-ddac-4c20-9ee1-602e65f43fab/datanode-2/data/ratis/3f4c25f5-5c6b-4ff8-846c-b0860dd71571/current/log_inprogress_0
2023-06-06 14:28:53,562 [68f873c3-529d-421e-809c-72d7a1225c33-server-thread2] INFO  ratis.XceiverServerRatis (XceiverServerRatis.java:handleLeaderChangedNotification(902)) - Leader change notification received for group: group-B0860DD71571 with new leaderId: 5adff45c-d552-4fe9-ae5a-69c6287068c4
2023-06-06 14:28:53,566 [68f873c3-529d-421e-809c-72d7a1225c33-server-thread2] INFO  server.RaftServer$Division (ServerState.java:setLeader(317)) - 68f873c3-529d-421e-809c-72d7a1225c33@group-B0860DD71571: change Leader from null to 5adff45c-d552-4fe9-ae5a-69c6287068c4 at term 1 for appendEntries, leader elected after 5110ms
2023-06-06 14:28:53,574 [68f873c3-529d-421e-809c-72d7a1225c33-server-thread1] INFO  server.RaftServer$Division (ServerState.java:setRaftConf(434)) - 68f873c3-529d-421e-809c-72d7a1225c33@group-B0860DD71571: set configuration 0: peers:[77d17280-0276-45d4-bf82-17b9da904fb0|rpc:10.1.0.37:15136|admin:10.1.0.37:15135|client:10.1.0.37:15134|dataStream:10.1.0.37:15137|priority:0|startupRole:FOLLOWER, 68f873c3-529d-421e-809c-72d7a1225c33|rpc:10.1.0.37:15127|admin:10.1.0.37:15126|client:10.1.0.37:15125|dataStream:10.1.0.37:15128|priority:0|startupRole:FOLLOWER, 5adff45c-d552-4fe9-ae5a-69c6287068c4|rpc:10.1.0.37:15118|admin:10.1.0.37:15117|client:10.1.0.37:15116|dataStream:10.1.0.37:15119|priority:1|startupRole:FOLLOWER]|listeners:[], old=null
2023-06-06 14:28:53,575 [68f873c3-529d-421e-809c-72d7a1225c33-server-thread1] INFO  segmented.SegmentedRaftLogWorker (SegmentedRaftLogWorker.java:startLogSegment(447)) - 68f873c3-529d-421e-809c-72d7a1225c33@group-B0860DD71571-SegmentedRaftLogWorker: Starting segment from index:0
2023-06-06 14:28:53,577 [68f873c3-529d-421e-809c-72d7a1225c33@group-B0860DD71571-SegmentedRaftLogWorker] INFO  segmented.SegmentedRaftLogWorker (SegmentedRaftLogWorker.java:execute(651)) - 68f873c3-529d-421e-809c-72d7a1225c33@group-B0860DD71571-SegmentedRaftLogWorker: created new log segment /home/runner/work/ozone/ozone/hadoop-ozone/integration-test/target/test-dir/MiniOzoneClusterImpl-19dab9f3-ddac-4c20-9ee1-602e65f43fab/datanode-1/data/ratis/3f4c25f5-5c6b-4ff8-846c-b0860dd71571/current/log_inprogress_0
2023-06-06 14:28:53,583 [5adff45c-d552-4fe9-ae5a-69c6287068c4@group-4D9E7B64EBD6-FollowerState] INFO  impl.FollowerState (FollowerState.java:run(143)) - 5adff45c-d552-4fe9-ae5a-69c6287068c4@group-4D9E7B64EBD6-FollowerState: change to CANDIDATE, lastRpcElapsedTime:5055249532ns, electionTimeout:5054ms
2023-06-06 14:28:53,583 [5adff45c-d552-4fe9-ae5a-69c6287068c4@group-4D9E7B64EBD6-FollowerState] INFO  impl.RoleInfo (RoleInfo.java:shutdownFollowerState(110)) - 5adff45c-d552-4fe9-ae5a-69c6287068c4: shutdown 5adff45c-d552-4fe9-ae5a-69c6287068c4@group-4D9E7B64EBD6-FollowerState
2023-06-06 14:28:53,584 [5adff45c-d552-4fe9-ae5a-69c6287068c4@group-4D9E7B64EBD6-FollowerState] INFO  server.RaftServer$Division (RaftServerImpl.java:setRole(329)) - 5adff45c-d552-4fe9-ae5a-69c6287068c4@group-4D9E7B64EBD6: changes role from  FOLLOWER to CANDIDATE at term 0 for changeToCandidate
2023-06-06 14:28:53,584 [5adff45c-d552-4fe9-ae5a-69c6287068c4@group-4D9E7B64EBD6-FollowerState] INFO  server.RaftServerConfigKeys (ConfUtils.java:logGet(46)) - raft.server.leaderelection.pre-vote = true (default)
2023-06-06 14:28:53,584 [5adff45c-d552-4fe9-ae5a-69c6287068c4@group-4D9E7B64EBD6-FollowerState] INFO  impl.RoleInfo (RoleInfo.java:updateAndGet(139)) - 5adff45c-d552-4fe9-ae5a-69c6287068c4: start 5adff45c-d552-4fe9-ae5a-69c6287068c4@group-4D9E7B64EBD6-LeaderElection25
2023-06-06 14:28:53,585 [5adff45c-d552-4fe9-ae5a-69c6287068c4@group-4D9E7B64EBD6-LeaderElection25] INFO  impl.LeaderElection (LeaderElection.java:askForVotes(321)) - 5adff45c-d552-4fe9-ae5a-69c6287068c4@group-4D9E7B64EBD6-LeaderElection25 PRE_VOTE round 0: submit vote requests at term 0 for -1: peers:[77d17280-0276-45d4-bf82-17b9da904fb0|rpc:10.1.0.37:15136|admin:10.1.0.37:15135|client:10.1.0.37:15134|dataStream:10.1.0.37:15137|priority:0|startupRole:FOLLOWER, 68f873c3-529d-421e-809c-72d7a1225c33|rpc:10.1.0.37:15127|admin:10.1.0.37:15126|client:10.1.0.37:15125|dataStream:10.1.0.37:15128|priority:1|startupRole:FOLLOWER, 5adff45c-d552-4fe9-ae5a-69c6287068c4|rpc:10.1.0.37:15118|admin:10.1.0.37:15117|client:10.1.0.37:15116|dataStream:10.1.0.37:15119|priority:0|startupRole:FOLLOWER]|listeners:[], old=null
2023-06-06 14:28:53,588 [grpc-default-executor-2] INFO  server.RaftServer$Division (RaftServerImpl.java:requestVote(1302)) - 77d17280-0276-45d4-bf82-17b9da904fb0@group-4D9E7B64EBD6: receive requestVote(PRE_VOTE, 5adff45c-d552-4fe9-ae5a-69c6287068c4, group-4D9E7B64EBD6, 0, (t:0, i:0))
2023-06-06 14:28:53,588 [grpc-default-executor-2] INFO  impl.VoteContext (VoteContext.java:log(49)) - 77d17280-0276-45d4-bf82-17b9da904fb0@group-4D9E7B64EBD6-FOLLOWER: accept PRE_VOTE from 5adff45c-d552-4fe9-ae5a-69c6287068c4: our priority 0 <= candidate's priority 0
2023-06-06 14:28:53,588 [grpc-default-executor-2] INFO  server.RaftServer$Division (RaftServerImpl.java:requestVote(1335)) - 77d17280-0276-45d4-bf82-17b9da904fb0@group-4D9E7B64EBD6 replies to PRE_VOTE vote request: 5adff45c-d552-4fe9-ae5a-69c6287068c4<-77d17280-0276-45d4-bf82-17b9da904fb0#0:OK-t0. Peer's state: 77d17280-0276-45d4-bf82-17b9da904fb0@group-4D9E7B64EBD6:t0, leader=null, voted=, raftlog=Memoized:77d17280-0276-45d4-bf82-17b9da904fb0@group-4D9E7B64EBD6-SegmentedRaftLog:OPENED:c-1, conf=-1: peers:[77d17280-0276-45d4-bf82-17b9da904fb0|rpc:10.1.0.37:15136|admin:10.1.0.37:15135|client:10.1.0.37:15134|dataStream:10.1.0.37:15137|priority:0|startupRole:FOLLOWER, 68f873c3-529d-421e-809c-72d7a1225c33|rpc:10.1.0.37:15127|admin:10.1.0.37:15126|client:10.1.0.37:15125|dataStream:10.1.0.37:15128|priority:1|startupRole:FOLLOWER, 5adff45c-d552-4fe9-ae5a-69c6287068c4|rpc:10.1.0.37:15118|admin:10.1.0.37:15117|client:10.1.0.37:15116|dataStream:10.1.0.37:15119|priority:0|startupRole:FOLLOWER]|listeners:[], old=null
2023-06-06 14:28:53,589 [5adff45c-d552-4fe9-ae5a-69c6287068c4@group-4D9E7B64EBD6-LeaderElection25] INFO  server.RaftServerConfigKeys (ConfUtils.java:logFallback(53)) - raft.server.rpc.first-election.timeout.min = 5s (fallback to raft.server.rpc.timeout.min)
2023-06-06 14:28:53,589 [5adff45c-d552-4fe9-ae5a-69c6287068c4@group-4D9E7B64EBD6-LeaderElection25] INFO  server.RaftServerConfigKeys (ConfUtils.java:logFallback(53)) - raft.server.rpc.first-election.timeout.max = 5200ms (fallback to raft.server.rpc.timeout.max)
2023-06-06 14:28:53,591 [grpc-default-executor-2] INFO  server.RaftServer$Division (RaftServerImpl.java:requestVote(1302)) - 68f873c3-529d-421e-809c-72d7a1225c33@group-4D9E7B64EBD6: receive requestVote(PRE_VOTE, 5adff45c-d552-4fe9-ae5a-69c6287068c4, group-4D9E7B64EBD6, 0, (t:0, i:0))
2023-06-06 14:28:53,591 [grpc-default-executor-2] INFO  impl.VoteContext (VoteContext.java:log(49)) - 68f873c3-529d-421e-809c-72d7a1225c33@group-4D9E7B64EBD6-FOLLOWER: reject PRE_VOTE from 5adff45c-d552-4fe9-ae5a-69c6287068c4: our priority 1 > candidate's priority 0
2023-06-06 14:28:53,591 [grpc-default-executor-2] INFO  server.RaftServer$Division (RaftServerImpl.java:requestVote(1335)) - 68f873c3-529d-421e-809c-72d7a1225c33@group-4D9E7B64EBD6 replies to PRE_VOTE vote request: 5adff45c-d552-4fe9-ae5a-69c6287068c4<-68f873c3-529d-421e-809c-72d7a1225c33#0:FAIL-t0. Peer's state: 68f873c3-529d-421e-809c-72d7a1225c33@group-4D9E7B64EBD6:t0, leader=null, voted=, raftlog=Memoized:68f873c3-529d-421e-809c-72d7a1225c33@group-4D9E7B64EBD6-SegmentedRaftLog:OPENED:c-1, conf=-1: peers:[77d17280-0276-45d4-bf82-17b9da904fb0|rpc:10.1.0.37:15136|admin:10.1.0.37:15135|client:10.1.0.37:15134|dataStream:10.1.0.37:15137|priority:0|startupRole:FOLLOWER, 68f873c3-529d-421e-809c-72d7a1225c33|rpc:10.1.0.37:15127|admin:10.1.0.37:15126|client:10.1.0.37:15125|dataStream:10.1.0.37:15128|priority:1|startupRole:FOLLOWER, 5adff45c-d552-4fe9-ae5a-69c6287068c4|rpc:10.1.0.37:15118|admin:10.1.0.37:15117|client:10.1.0.37:15116|dataStream:10.1.0.37:15119|priority:0|startupRole:FOLLOWER]|listeners:[], old=null
2023-06-06 14:28:53,593 [5adff45c-d552-4fe9-ae5a-69c6287068c4@group-4D9E7B64EBD6-LeaderElection25] INFO  impl.LeaderElection (LeaderElection.java:logAndReturn(90)) - 5adff45c-d552-4fe9-ae5a-69c6287068c4@group-4D9E7B64EBD6-LeaderElection25: PRE_VOTE REJECTED received 2 response(s) and 0 exception(s):
2023-06-06 14:28:53,593 [5adff45c-d552-4fe9-ae5a-69c6287068c4@group-4D9E7B64EBD6-LeaderElection25] INFO  impl.LeaderElection (LeaderElection.java:logAndReturn(94)) -   Response 0: 5adff45c-d552-4fe9-ae5a-69c6287068c4<-77d17280-0276-45d4-bf82-17b9da904fb0#0:OK-t0
2023-06-06 14:28:53,593 [5adff45c-d552-4fe9-ae5a-69c6287068c4@group-4D9E7B64EBD6-LeaderElection25] INFO  impl.LeaderElection (LeaderElection.java:logAndReturn(94)) -   Response 1: 5adff45c-d552-4fe9-ae5a-69c6287068c4<-68f873c3-529d-421e-809c-72d7a1225c33#0:FAIL-t0
2023-06-06 14:28:53,593 [5adff45c-d552-4fe9-ae5a-69c6287068c4@group-4D9E7B64EBD6-LeaderElection25] INFO  impl.LeaderElection (LeaderElection.java:askForVotes(323)) - 5adff45c-d552-4fe9-ae5a-69c6287068c4@group-4D9E7B64EBD6-LeaderElection25 PRE_VOTE round 0: result REJECTED
2023-06-06 14:28:53,593 [5adff45c-d552-4fe9-ae5a-69c6287068c4@group-4D9E7B64EBD6-LeaderElection25] INFO  server.RaftServer$Division (RaftServerImpl.java:setRole(329)) - 5adff45c-d552-4fe9-ae5a-69c6287068c4@group-4D9E7B64EBD6: changes role from CANDIDATE to FOLLOWER at term 0 for REJECTED
2023-06-06 14:28:53,593 [5adff45c-d552-4fe9-ae5a-69c6287068c4@group-4D9E7B64EBD6-LeaderElection25] INFO  impl.RoleInfo (RoleInfo.java:shutdownLeaderElection(130)) - 5adff45c-d552-4fe9-ae5a-69c6287068c4: shutdown 5adff45c-d552-4fe9-ae5a-69c6287068c4@group-4D9E7B64EBD6-LeaderElection25
2023-06-06 14:28:53,593 [5adff45c-d552-4fe9-ae5a-69c6287068c4@group-4D9E7B64EBD6-LeaderElection25] INFO  impl.RoleInfo (RoleInfo.java:updateAndGet(139)) - 5adff45c-d552-4fe9-ae5a-69c6287068c4: start 5adff45c-d552-4fe9-ae5a-69c6287068c4@group-4D9E7B64EBD6-FollowerState
2023-06-06 14:28:53,752 [68f873c3-529d-421e-809c-72d7a1225c33@group-37AEA8A47266-FollowerState] INFO  impl.FollowerState (FollowerState.java:run(143)) - 68f873c3-529d-421e-809c-72d7a1225c33@group-37AEA8A47266-FollowerState: change to CANDIDATE, lastRpcElapsedTime:5051448246ns, electionTimeout:5049ms
2023-06-06 14:28:53,752 [68f873c3-529d-421e-809c-72d7a1225c33@group-37AEA8A47266-FollowerState] INFO  impl.RoleInfo (RoleInfo.java:shutdownFollowerState(110)) - 68f873c3-529d-421e-809c-72d7a1225c33: shutdown 68f873c3-529d-421e-809c-72d7a1225c33@group-37AEA8A47266-FollowerState
2023-06-06 14:28:53,752 [68f873c3-529d-421e-809c-72d7a1225c33@group-37AEA8A47266-FollowerState] INFO  server.RaftServer$Division (RaftServerImpl.java:setRole(329)) - 68f873c3-529d-421e-809c-72d7a1225c33@group-37AEA8A47266: changes role from  FOLLOWER to CANDIDATE at term 0 for changeToCandidate
2023-06-06 14:28:53,752 [68f873c3-529d-421e-809c-72d7a1225c33@group-37AEA8A47266-FollowerState] INFO  server.RaftServerConfigKeys (ConfUtils.java:logGet(46)) - raft.server.leaderelection.pre-vote = true (default)
2023-06-06 14:28:53,752 [68f873c3-529d-421e-809c-72d7a1225c33@group-37AEA8A47266-FollowerState] INFO  impl.RoleInfo (RoleInfo.java:updateAndGet(139)) - 68f873c3-529d-421e-809c-72d7a1225c33: start 68f873c3-529d-421e-809c-72d7a1225c33@group-37AEA8A47266-LeaderElection26
2023-06-06 14:28:53,755 [68f873c3-529d-421e-809c-72d7a1225c33@group-4D9E7B64EBD6-FollowerState] INFO  impl.FollowerState (FollowerState.java:run(143)) - 68f873c3-529d-421e-809c-72d7a1225c33@group-4D9E7B64EBD6-FollowerState: change to CANDIDATE, lastRpcElapsedTime:5185634178ns, electionTimeout:5181ms
2023-06-06 14:28:53,755 [68f873c3-529d-421e-809c-72d7a1225c33@group-4D9E7B64EBD6-FollowerState] INFO  impl.RoleInfo (RoleInfo.java:shutdownFollowerState(110)) - 68f873c3-529d-421e-809c-72d7a1225c33: shutdown 68f873c3-529d-421e-809c-72d7a1225c33@group-4D9E7B64EBD6-FollowerState
2023-06-06 14:28:53,755 [68f873c3-529d-421e-809c-72d7a1225c33@group-4D9E7B64EBD6-FollowerState] INFO  server.RaftServer$Division (RaftServerImpl.java:setRole(329)) - 68f873c3-529d-421e-809c-72d7a1225c33@group-4D9E7B64EBD6: changes role from  FOLLOWER to CANDIDATE at term 0 for changeToCandidate
2023-06-06 14:28:53,755 [68f873c3-529d-421e-809c-72d7a1225c33@group-4D9E7B64EBD6-FollowerState] INFO  server.RaftServerConfigKeys (ConfUtils.java:logGet(46)) - raft.server.leaderelection.pre-vote = true (default)
2023-06-06 14:28:53,755 [68f873c3-529d-421e-809c-72d7a1225c33@group-4D9E7B64EBD6-FollowerState] INFO  impl.RoleInfo (RoleInfo.java:updateAndGet(139)) - 68f873c3-529d-421e-809c-72d7a1225c33: start 68f873c3-529d-421e-809c-72d7a1225c33@group-4D9E7B64EBD6-LeaderElection27
2023-06-06 14:28:53,756 [68f873c3-529d-421e-809c-72d7a1225c33@group-4D9E7B64EBD6-LeaderElection27] INFO  impl.LeaderElection (LeaderElection.java:askForVotes(321)) - 68f873c3-529d-421e-809c-72d7a1225c33@group-4D9E7B64EBD6-LeaderElection27 PRE_VOTE round 0: submit vote requests at term 0 for -1: peers:[77d17280-0276-45d4-bf82-17b9da904fb0|rpc:10.1.0.37:15136|admin:10.1.0.37:15135|client:10.1.0.37:15134|dataStream:10.1.0.37:15137|priority:0|startupRole:FOLLOWER, 68f873c3-529d-421e-809c-72d7a1225c33|rpc:10.1.0.37:15127|admin:10.1.0.37:15126|client:10.1.0.37:15125|dataStream:10.1.0.37:15128|priority:1|startupRole:FOLLOWER, 5adff45c-d552-4fe9-ae5a-69c6287068c4|rpc:10.1.0.37:15118|admin:10.1.0.37:15117|client:10.1.0.37:15116|dataStream:10.1.0.37:15119|priority:0|startupRole:FOLLOWER]|listeners:[], old=null
2023-06-06 14:28:53,756 [68f873c3-529d-421e-809c-72d7a1225c33@group-4D9E7B64EBD6-LeaderElection27-1] INFO  server.GrpcServerProtocolClient (GrpcServerProtocolClient.java:<init>(65)) - Build channel for 77d17280-0276-45d4-bf82-17b9da904fb0
2023-06-06 14:28:53,762 [68f873c3-529d-421e-809c-72d7a1225c33@group-37AEA8A47266-LeaderElection26] INFO  impl.LeaderElection (LeaderElection.java:askForVotes(321)) - 68f873c3-529d-421e-809c-72d7a1225c33@group-37AEA8A47266-LeaderElection26 PRE_VOTE round 0: submit vote requests at term 0 for -1: peers:[68f873c3-529d-421e-809c-72d7a1225c33|rpc:10.1.0.37:15127|admin:10.1.0.37:15126|client:10.1.0.37:15125|dataStream:10.1.0.37:15128|priority:1|startupRole:FOLLOWER]|listeners:[], old=null
2023-06-06 14:28:53,762 [68f873c3-529d-421e-809c-72d7a1225c33@group-37AEA8A47266-LeaderElection26] INFO  impl.LeaderElection (LeaderElection.java:askForVotes(323)) - 68f873c3-529d-421e-809c-72d7a1225c33@group-37AEA8A47266-LeaderElection26 PRE_VOTE round 0: result PASSED (term=0)
2023-06-06 14:28:53,763 [68f873c3-529d-421e-809c-72d7a1225c33@group-4D9E7B64EBD6-LeaderElection27] INFO  server.RaftServerConfigKeys (ConfUtils.java:logFallback(53)) - raft.server.rpc.first-election.timeout.min = 5s (fallback to raft.server.rpc.timeout.min)
2023-06-06 14:28:53,763 [68f873c3-529d-421e-809c-72d7a1225c33@group-4D9E7B64EBD6-LeaderElection27-2] INFO  server.GrpcServerProtocolClient (GrpcServerProtocolClient.java:<init>(65)) - Build channel for 5adff45c-d552-4fe9-ae5a-69c6287068c4
2023-06-06 14:28:53,763 [68f873c3-529d-421e-809c-72d7a1225c33@group-4D9E7B64EBD6-LeaderElection27] INFO  server.RaftServerConfigKeys (ConfUtils.java:logFallback(53)) - raft.server.rpc.first-election.timeout.max = 5200ms (fallback to raft.server.rpc.timeout.max)
2023-06-06 14:28:53,763 [68f873c3-529d-421e-809c-72d7a1225c33@group-37AEA8A47266-LeaderElection26] INFO  impl.LeaderElection (LeaderElection.java:askForVotes(321)) - 68f873c3-529d-421e-809c-72d7a1225c33@group-37AEA8A47266-LeaderElection26 ELECTION round 0: submit vote requests at term 1 for -1: peers:[68f873c3-529d-421e-809c-72d7a1225c33|rpc:10.1.0.37:15127|admin:10.1.0.37:15126|client:10.1.0.37:15125|dataStream:10.1.0.37:15128|priority:1|startupRole:FOLLOWER]|listeners:[], old=null
2023-06-06 14:28:53,763 [68f873c3-529d-421e-809c-72d7a1225c33@group-37AEA8A47266-LeaderElection26] INFO  impl.LeaderElection (LeaderElection.java:askForVotes(323)) - 68f873c3-529d-421e-809c-72d7a1225c33@group-37AEA8A47266-LeaderElection26 ELECTION round 0: result PASSED (term=1)
2023-06-06 14:28:53,763 [68f873c3-529d-421e-809c-72d7a1225c33@group-37AEA8A47266-LeaderElection26] INFO  impl.RoleInfo (RoleInfo.java:shutdownLeaderElection(130)) - 68f873c3-529d-421e-809c-72d7a1225c33: shutdown 68f873c3-529d-421e-809c-72d7a1225c33@group-37AEA8A47266-LeaderElection26
2023-06-06 14:28:53,763 [68f873c3-529d-421e-809c-72d7a1225c33@group-37AEA8A47266-LeaderElection26] INFO  server.RaftServer$Division (RaftServerImpl.java:setRole(329)) - 68f873c3-529d-421e-809c-72d7a1225c33@group-37AEA8A47266: changes role from CANDIDATE to LEADER at term 1 for changeToLeader
2023-06-06 14:28:53,764 [68f873c3-529d-421e-809c-72d7a1225c33@group-37AEA8A47266-LeaderElection26] INFO  ratis.XceiverServerRatis (XceiverServerRatis.java:handleLeaderChangedNotification(902)) - Leader change notification received for group: group-37AEA8A47266 with new leaderId: 68f873c3-529d-421e-809c-72d7a1225c33
2023-06-06 14:28:53,764 [68f873c3-529d-421e-809c-72d7a1225c33@group-37AEA8A47266-LeaderElection26] INFO  server.RaftServer$Division (ServerState.java:setLeader(317)) - 68f873c3-529d-421e-809c-72d7a1225c33@group-37AEA8A47266: change Leader from null to 68f873c3-529d-421e-809c-72d7a1225c33 at term 1 for becomeLeader, leader elected after 5083ms
2023-06-06 14:28:53,764 [68f873c3-529d-421e-809c-72d7a1225c33@group-37AEA8A47266-LeaderElection26] INFO  server.RaftServerConfigKeys (ConfUtils.java:logGet(46)) - raft.server.staging.catchup.gap = 1000 (default)
2023-06-06 14:28:53,764 [68f873c3-529d-421e-809c-72d7a1225c33@group-37AEA8A47266-LeaderElection26] INFO  server.RaftServerConfigKeys (ConfUtils.java:logGet(46)) - raft.server.write.element-limit = 1024 (custom)
2023-06-06 14:28:53,764 [68f873c3-529d-421e-809c-72d7a1225c33@group-37AEA8A47266-LeaderElection26] INFO  server.RaftServerConfigKeys (ConfUtils.java:logGet(46)) - raft.server.write.byte-limit = 1024 M (=1073741824) (custom)
2023-06-06 14:28:53,764 [68f873c3-529d-421e-809c-72d7a1225c33@group-37AEA8A47266-LeaderElection26] INFO  server.RaftServerConfigKeys (ConfUtils.java:logGet(46)) - raft.server.watch.timeout = 180s (custom)
2023-06-06 14:28:53,764 [68f873c3-529d-421e-809c-72d7a1225c33@group-37AEA8A47266-LeaderElection26] INFO  server.RaftServerConfigKeys (ConfUtils.java:logGet(46)) - raft.server.watch.timeout.denomination = 1s (default)
2023-06-06 14:28:53,764 [68f873c3-529d-421e-809c-72d7a1225c33@group-37AEA8A47266-LeaderElection26] INFO  server.RaftServerConfigKeys (ConfUtils.java:logGet(46)) - raft.server.watch.element-limit = 65536 (default)
2023-06-06 14:28:53,764 [68f873c3-529d-421e-809c-72d7a1225c33@group-37AEA8A47266-LeaderElection26] INFO  server.RaftServerConfigKeys (ConfUtils.java:logGet(46)) - raft.server.write.element-limit = 1024 (custom)
2023-06-06 14:28:53,764 [68f873c3-529d-421e-809c-72d7a1225c33@group-37AEA8A47266-LeaderElection26] INFO  server.RaftServerConfigKeys (ConfUtils.java:logGet(46)) - raft.server.write.follower.gap.ratio.max = -1.0 (default)
2023-06-06 14:28:53,764 [68f873c3-529d-421e-809c-72d7a1225c33@group-37AEA8A47266-LeaderElection26] INFO  impl.RoleInfo (RoleInfo.java:updateAndGet(139)) - 68f873c3-529d-421e-809c-72d7a1225c33: start 68f873c3-529d-421e-809c-72d7a1225c33@group-37AEA8A47266-LeaderStateImpl
2023-06-06 14:28:53,765 [68f873c3-529d-421e-809c-72d7a1225c33@group-37AEA8A47266-LeaderElection26] INFO  segmented.SegmentedRaftLogWorker (SegmentedRaftLogWorker.java:startLogSegment(447)) - 68f873c3-529d-421e-809c-72d7a1225c33@group-37AEA8A47266-SegmentedRaftLogWorker: Starting segment from index:0
2023-06-06 14:28:53,766 [68f873c3-529d-421e-809c-72d7a1225c33@group-37AEA8A47266-SegmentedRaftLogWorker] INFO  segmented.SegmentedRaftLogWorker (SegmentedRaftLogWorker.java:execute(651)) - 68f873c3-529d-421e-809c-72d7a1225c33@group-37AEA8A47266-SegmentedRaftLogWorker: created new log segment /home/runner/work/ozone/ozone/hadoop-ozone/integration-test/target/test-dir/MiniOzoneClusterImpl-19dab9f3-ddac-4c20-9ee1-602e65f43fab/datanode-1/data/ratis/aec2c679-831b-407a-b33c-37aea8a47266/current/log_inprogress_0
2023-06-06 14:28:53,779 [77d17280-0276-45d4-bf82-17b9da904fb0@group-4D9E7B64EBD6-FollowerState] INFO  server.RaftServerConfigKeys (ConfUtils.java:logFallback(53)) - raft.server.rpc.first-election.timeout.min = 5s (fallback to raft.server.rpc.timeout.min)
2023-06-06 14:28:53,779 [77d17280-0276-45d4-bf82-17b9da904fb0@group-4D9E7B64EBD6-FollowerState] INFO  server.RaftServerConfigKeys (ConfUtils.java:logFallback(53)) - raft.server.rpc.first-election.timeout.max = 5200ms (fallback to raft.server.rpc.timeout.max)
2023-06-06 14:28:53,780 [68f873c3-529d-421e-809c-72d7a1225c33@group-37AEA8A47266-LeaderElection26] INFO  server.RaftServer$Division (ServerState.java:setRaftConf(434)) - 68f873c3-529d-421e-809c-72d7a1225c33@group-37AEA8A47266: set configuration 0: peers:[68f873c3-529d-421e-809c-72d7a1225c33|rpc:10.1.0.37:15127|admin:10.1.0.37:15126|client:10.1.0.37:15125|dataStream:10.1.0.37:15128|priority:1|startupRole:FOLLOWER]|listeners:[], old=null
2023-06-06 14:28:53,780 [grpc-default-executor-5] INFO  server.RaftServer$Division (RaftServerImpl.java:requestVote(1302)) - 5adff45c-d552-4fe9-ae5a-69c6287068c4@group-4D9E7B64EBD6: receive requestVote(PRE_VOTE, 68f873c3-529d-421e-809c-72d7a1225c33, group-4D9E7B64EBD6, 0, (t:0, i:0))
2023-06-06 14:28:53,780 [grpc-default-executor-5] INFO  impl.VoteContext (VoteContext.java:log(49)) - 5adff45c-d552-4fe9-ae5a-69c6287068c4@group-4D9E7B64EBD6-FOLLOWER: accept PRE_VOTE from 68f873c3-529d-421e-809c-72d7a1225c33: our priority 0 <= candidate's priority 1
2023-06-06 14:28:53,781 [grpc-default-executor-5] INFO  server.RaftServer$Division (RaftServerImpl.java:requestVote(1335)) - 5adff45c-d552-4fe9-ae5a-69c6287068c4@group-4D9E7B64EBD6 replies to PRE_VOTE vote request: 68f873c3-529d-421e-809c-72d7a1225c33<-5adff45c-d552-4fe9-ae5a-69c6287068c4#0:OK-t0. Peer's state: 5adff45c-d552-4fe9-ae5a-69c6287068c4@group-4D9E7B64EBD6:t0, leader=null, voted=, raftlog=Memoized:5adff45c-d552-4fe9-ae5a-69c6287068c4@group-4D9E7B64EBD6-SegmentedRaftLog:OPENED:c-1, conf=-1: peers:[77d17280-0276-45d4-bf82-17b9da904fb0|rpc:10.1.0.37:15136|admin:10.1.0.37:15135|client:10.1.0.37:15134|dataStream:10.1.0.37:15137|priority:0|startupRole:FOLLOWER, 68f873c3-529d-421e-809c-72d7a1225c33|rpc:10.1.0.37:15127|admin:10.1.0.37:15126|client:10.1.0.37:15125|dataStream:10.1.0.37:15128|priority:1|startupRole:FOLLOWER, 5adff45c-d552-4fe9-ae5a-69c6287068c4|rpc:10.1.0.37:15118|admin:10.1.0.37:15117|client:10.1.0.37:15116|dataStream:10.1.0.37:15119|priority:0|startupRole:FOLLOWER]|listeners:[], old=null
2023-06-06 14:28:53,781 [grpc-default-executor-2] INFO  server.RaftServer$Division (RaftServerImpl.java:requestVote(1302)) - 77d17280-0276-45d4-bf82-17b9da904fb0@group-4D9E7B64EBD6: receive requestVote(PRE_VOTE, 68f873c3-529d-421e-809c-72d7a1225c33, group-4D9E7B64EBD6, 0, (t:0, i:0))
2023-06-06 14:28:53,781 [grpc-default-executor-2] INFO  impl.VoteContext (VoteContext.java:log(49)) - 77d17280-0276-45d4-bf82-17b9da904fb0@group-4D9E7B64EBD6-FOLLOWER: accept PRE_VOTE from 68f873c3-529d-421e-809c-72d7a1225c33: our priority 0 <= candidate's priority 1
2023-06-06 14:28:53,781 [grpc-default-executor-2] INFO  server.RaftServer$Division (RaftServerImpl.java:requestVote(1335)) - 77d17280-0276-45d4-bf82-17b9da904fb0@group-4D9E7B64EBD6 replies to PRE_VOTE vote request: 68f873c3-529d-421e-809c-72d7a1225c33<-77d17280-0276-45d4-bf82-17b9da904fb0#0:OK-t0. Peer's state: 77d17280-0276-45d4-bf82-17b9da904fb0@group-4D9E7B64EBD6:t0, leader=null, voted=, raftlog=Memoized:77d17280-0276-45d4-bf82-17b9da904fb0@group-4D9E7B64EBD6-SegmentedRaftLog:OPENED:c-1, conf=-1: peers:[77d17280-0276-45d4-bf82-17b9da904fb0|rpc:10.1.0.37:15136|admin:10.1.0.37:15135|client:10.1.0.37:15134|dataStream:10.1.0.37:15137|priority:0|startupRole:FOLLOWER, 68f873c3-529d-421e-809c-72d7a1225c33|rpc:10.1.0.37:15127|admin:10.1.0.37:15126|client:10.1.0.37:15125|dataStream:10.1.0.37:15128|priority:1|startupRole:FOLLOWER, 5adff45c-d552-4fe9-ae5a-69c6287068c4|rpc:10.1.0.37:15118|admin:10.1.0.37:15117|client:10.1.0.37:15116|dataStream:10.1.0.37:15119|priority:0|startupRole:FOLLOWER]|listeners:[], old=null
2023-06-06 14:28:53,783 [68f873c3-529d-421e-809c-72d7a1225c33@group-4D9E7B64EBD6-LeaderElection27] INFO  impl.LeaderElection (LeaderElection.java:logAndReturn(90)) - 68f873c3-529d-421e-809c-72d7a1225c33@group-4D9E7B64EBD6-LeaderElection27: PRE_VOTE PASSED received 1 response(s) and 0 exception(s):
2023-06-06 14:28:53,783 [68f873c3-529d-421e-809c-72d7a1225c33@group-4D9E7B64EBD6-LeaderElection27] INFO  impl.LeaderElection (LeaderElection.java:logAndReturn(94)) -   Response 0: 68f873c3-529d-421e-809c-72d7a1225c33<-77d17280-0276-45d4-bf82-17b9da904fb0#0:OK-t0
2023-06-06 14:28:53,783 [68f873c3-529d-421e-809c-72d7a1225c33@group-4D9E7B64EBD6-LeaderElection27] INFO  impl.LeaderElection (LeaderElection.java:askForVotes(323)) - 68f873c3-529d-421e-809c-72d7a1225c33@group-4D9E7B64EBD6-LeaderElection27 PRE_VOTE round 0: result PASSED
2023-06-06 14:28:53,784 [68f873c3-529d-421e-809c-72d7a1225c33@group-4D9E7B64EBD6-LeaderElection27] INFO  impl.LeaderElection (LeaderElection.java:askForVotes(321)) - 68f873c3-529d-421e-809c-72d7a1225c33@group-4D9E7B64EBD6-LeaderElection27 ELECTION round 0: submit vote requests at term 1 for -1: peers:[77d17280-0276-45d4-bf82-17b9da904fb0|rpc:10.1.0.37:15136|admin:10.1.0.37:15135|client:10.1.0.37:15134|dataStream:10.1.0.37:15137|priority:0|startupRole:FOLLOWER, 68f873c3-529d-421e-809c-72d7a1225c33|rpc:10.1.0.37:15127|admin:10.1.0.37:15126|client:10.1.0.37:15125|dataStream:10.1.0.37:15128|priority:1|startupRole:FOLLOWER, 5adff45c-d552-4fe9-ae5a-69c6287068c4|rpc:10.1.0.37:15118|admin:10.1.0.37:15117|client:10.1.0.37:15116|dataStream:10.1.0.37:15119|priority:0|startupRole:FOLLOWER]|listeners:[], old=null
2023-06-06 14:28:53,790 [grpc-default-executor-2] INFO  server.RaftServer$Division (RaftServerImpl.java:requestVote(1302)) - 77d17280-0276-45d4-bf82-17b9da904fb0@group-4D9E7B64EBD6: receive requestVote(ELECTION, 68f873c3-529d-421e-809c-72d7a1225c33, group-4D9E7B64EBD6, 1, (t:0, i:0))
2023-06-06 14:28:53,790 [grpc-default-executor-2] INFO  impl.VoteContext (VoteContext.java:log(49)) - 77d17280-0276-45d4-bf82-17b9da904fb0@group-4D9E7B64EBD6-FOLLOWER: accept ELECTION from 68f873c3-529d-421e-809c-72d7a1225c33: our priority 0 <= candidate's priority 1
2023-06-06 14:28:53,790 [grpc-default-executor-2] INFO  server.RaftServer$Division (RaftServerImpl.java:setRole(329)) - 77d17280-0276-45d4-bf82-17b9da904fb0@group-4D9E7B64EBD6: changes role from  FOLLOWER to FOLLOWER at term 1 for candidate:68f873c3-529d-421e-809c-72d7a1225c33
2023-06-06 14:28:53,791 [grpc-default-executor-2] INFO  impl.RoleInfo (RoleInfo.java:shutdownFollowerState(110)) - 77d17280-0276-45d4-bf82-17b9da904fb0: shutdown 77d17280-0276-45d4-bf82-17b9da904fb0@group-4D9E7B64EBD6-FollowerState
2023-06-06 14:28:53,791 [grpc-default-executor-2] INFO  impl.RoleInfo (RoleInfo.java:updateAndGet(139)) - 77d17280-0276-45d4-bf82-17b9da904fb0: start 77d17280-0276-45d4-bf82-17b9da904fb0@group-4D9E7B64EBD6-FollowerState
2023-06-06 14:28:53,791 [77d17280-0276-45d4-bf82-17b9da904fb0@group-4D9E7B64EBD6-FollowerState] INFO  impl.FollowerState (FollowerState.java:run(152)) - 77d17280-0276-45d4-bf82-17b9da904fb0@group-4D9E7B64EBD6-FollowerState was interrupted
2023-06-06 14:28:53,791 [68f873c3-529d-421e-809c-72d7a1225c33@group-4D9E7B64EBD6-LeaderElection27] INFO  server.RaftServerConfigKeys (ConfUtils.java:logFallback(53)) - raft.server.rpc.first-election.timeout.min = 5s (fallback to raft.server.rpc.timeout.min)
2023-06-06 14:28:53,791 [68f873c3-529d-421e-809c-72d7a1225c33@group-4D9E7B64EBD6-LeaderElection27] INFO  server.RaftServerConfigKeys (ConfUtils.java:logFallback(53)) - raft.server.rpc.first-election.timeout.max = 5200ms (fallback to raft.server.rpc.timeout.max)
2023-06-06 14:28:53,797 [grpc-default-executor-2] INFO  server.RaftServer$Division (RaftServerImpl.java:requestVote(1335)) - 77d17280-0276-45d4-bf82-17b9da904fb0@group-4D9E7B64EBD6 replies to ELECTION vote request: 68f873c3-529d-421e-809c-72d7a1225c33<-77d17280-0276-45d4-bf82-17b9da904fb0#0:OK-t1. Peer's state: 77d17280-0276-45d4-bf82-17b9da904fb0@group-4D9E7B64EBD6:t1, leader=null, voted=68f873c3-529d-421e-809c-72d7a1225c33, raftlog=Memoized:77d17280-0276-45d4-bf82-17b9da904fb0@group-4D9E7B64EBD6-SegmentedRaftLog:OPENED:c-1, conf=-1: peers:[77d17280-0276-45d4-bf82-17b9da904fb0|rpc:10.1.0.37:15136|admin:10.1.0.37:15135|client:10.1.0.37:15134|dataStream:10.1.0.37:15137|priority:0|startupRole:FOLLOWER, 68f873c3-529d-421e-809c-72d7a1225c33|rpc:10.1.0.37:15127|admin:10.1.0.37:15126|client:10.1.0.37:15125|dataStream:10.1.0.37:15128|priority:1|startupRole:FOLLOWER, 5adff45c-d552-4fe9-ae5a-69c6287068c4|rpc:10.1.0.37:15118|admin:10.1.0.37:15117|client:10.1.0.37:15116|dataStream:10.1.0.37:15119|priority:0|startupRole:FOLLOWER]|listeners:[], old=null
2023-06-06 14:28:53,798 [68f873c3-529d-421e-809c-72d7a1225c33@group-4D9E7B64EBD6-LeaderElection27] INFO  impl.LeaderElection (LeaderElection.java:logAndReturn(90)) - 68f873c3-529d-421e-809c-72d7a1225c33@group-4D9E7B64EBD6-LeaderElection27: ELECTION PASSED received 1 response(s) and 0 exception(s):
2023-06-06 14:28:53,798 [68f873c3-529d-421e-809c-72d7a1225c33@group-4D9E7B64EBD6-LeaderElection27] INFO  impl.LeaderElection (LeaderElection.java:logAndReturn(94)) -   Response 0: 68f873c3-529d-421e-809c-72d7a1225c33<-77d17280-0276-45d4-bf82-17b9da904fb0#0:OK-t1
2023-06-06 14:28:53,798 [68f873c3-529d-421e-809c-72d7a1225c33@group-4D9E7B64EBD6-LeaderElection27] INFO  impl.LeaderElection (LeaderElection.java:askForVotes(323)) - 68f873c3-529d-421e-809c-72d7a1225c33@group-4D9E7B64EBD6-LeaderElection27 ELECTION round 0: result PASSED
2023-06-06 14:28:53,798 [68f873c3-529d-421e-809c-72d7a1225c33@group-4D9E7B64EBD6-LeaderElection27] INFO  impl.RoleInfo (RoleInfo.java:shutdownLeaderElection(130)) - 68f873c3-529d-421e-809c-72d7a1225c33: shutdown 68f873c3-529d-421e-809c-72d7a1225c33@group-4D9E7B64EBD6-LeaderElection27
2023-06-06 14:28:53,798 [68f873c3-529d-421e-809c-72d7a1225c33@group-4D9E7B64EBD6-LeaderElection27] INFO  server.RaftServer$Division (RaftServerImpl.java:setRole(329)) - 68f873c3-529d-421e-809c-72d7a1225c33@group-4D9E7B64EBD6: changes role from CANDIDATE to LEADER at term 1 for changeToLeader
2023-06-06 14:28:53,798 [68f873c3-529d-421e-809c-72d7a1225c33@group-4D9E7B64EBD6-LeaderElection27] INFO  ratis.XceiverServerRatis (XceiverServerRatis.java:handleLeaderChangedNotification(902)) - Leader change notification received for group: group-4D9E7B64EBD6 with new leaderId: 68f873c3-529d-421e-809c-72d7a1225c33
2023-06-06 14:28:53,798 [68f873c3-529d-421e-809c-72d7a1225c33@group-4D9E7B64EBD6-LeaderElection27] INFO  server.RaftServer$Division (ServerState.java:setLeader(317)) - 68f873c3-529d-421e-809c-72d7a1225c33@group-4D9E7B64EBD6: change Leader from null to 68f873c3-529d-421e-809c-72d7a1225c33 at term 1 for becomeLeader, leader elected after 5250ms
2023-06-06 14:28:53,798 [68f873c3-529d-421e-809c-72d7a1225c33@group-4D9E7B64EBD6-LeaderElection27] INFO  server.RaftServerConfigKeys (ConfUtils.java:logGet(46)) - raft.server.staging.catchup.gap = 1000 (default)
2023-06-06 14:28:53,802 [68f873c3-529d-421e-809c-72d7a1225c33@group-4D9E7B64EBD6-LeaderElection27] INFO  server.RaftServerConfigKeys (ConfUtils.java:logGet(46)) - raft.server.write.element-limit = 1024 (custom)
2023-06-06 14:28:53,802 [68f873c3-529d-421e-809c-72d7a1225c33@group-4D9E7B64EBD6-LeaderElection27] INFO  server.RaftServerConfigKeys (ConfUtils.java:logGet(46)) - raft.server.write.byte-limit = 1024 M (=1073741824) (custom)
2023-06-06 14:28:53,802 [68f873c3-529d-421e-809c-72d7a1225c33@group-4D9E7B64EBD6-LeaderElection27] INFO  server.RaftServerConfigKeys (ConfUtils.java:logGet(46)) - raft.server.watch.timeout = 180s (custom)
2023-06-06 14:28:53,802 [68f873c3-529d-421e-809c-72d7a1225c33@group-4D9E7B64EBD6-LeaderElection27] INFO  server.RaftServerConfigKeys (ConfUtils.java:logGet(46)) - raft.server.watch.timeout.denomination = 1s (default)
2023-06-06 14:28:53,802 [68f873c3-529d-421e-809c-72d7a1225c33@group-4D9E7B64EBD6-LeaderElection27] INFO  server.RaftServerConfigKeys (ConfUtils.java:logGet(46)) - raft.server.watch.element-limit = 65536 (default)
2023-06-06 14:28:53,802 [68f873c3-529d-421e-809c-72d7a1225c33@group-4D9E7B64EBD6-LeaderElection27] INFO  server.RaftServerConfigKeys (ConfUtils.java:logGet(46)) - raft.server.write.element-limit = 1024 (custom)
2023-06-06 14:28:53,802 [68f873c3-529d-421e-809c-72d7a1225c33@group-4D9E7B64EBD6-LeaderElection27] INFO  server.RaftServerConfigKeys (ConfUtils.java:logGet(46)) - raft.server.write.follower.gap.ratio.max = -1.0 (default)
2023-06-06 14:28:53,802 [EventQueue-PipelineReportForPipelineReportHandler] INFO  pipeline.PipelineManagerImpl (PipelineManagerImpl.java:openPipeline(367)) - Pipeline Pipeline[ Id: 37c5242d-f9f5-4e57-a253-4d9e7b64ebd6, Nodes: 68f873c3-529d-421e-809c-72d7a1225c33(fv-az1133-973.qlb2sqfkji0uhjsjdnlwzcsdwg.bx.internal.cloudapp.net/10.1.0.37)5adff45c-d552-4fe9-ae5a-69c6287068c4(fv-az1133-973.qlb2sqfkji0uhjsjdnlwzcsdwg.bx.internal.cloudapp.net/10.1.0.37)77d17280-0276-45d4-bf82-17b9da904fb0(fv-az1133-973.qlb2sqfkji0uhjsjdnlwzcsdwg.bx.internal.cloudapp.net/10.1.0.37), ReplicationConfig: RATIS/THREE, State:ALLOCATED, leaderId:68f873c3-529d-421e-809c-72d7a1225c33, CreationTimestamp2023-06-06T14:28:46.069Z[Etc/UTC]] moved to OPEN state
2023-06-06 14:28:53,802 [68f873c3-529d-421e-809c-72d7a1225c33@group-4D9E7B64EBD6-LeaderElection27] INFO  server.RaftServerConfigKeys (ConfUtils.java:logGet(46)) - raft.server.log.appender.snapshot.chunk.size.max = 16MB (=16777216) (default)
2023-06-06 14:28:53,803 [68f873c3-529d-421e-809c-72d7a1225c33@group-4D9E7B64EBD6-LeaderElection27] INFO  server.RaftServerConfigKeys (ConfUtils.java:logGet(46)) - raft.server.log.appender.buffer.byte-limit = 33554432 (custom)
2023-06-06 14:28:53,803 [68f873c3-529d-421e-809c-72d7a1225c33@group-4D9E7B64EBD6-LeaderElection27] INFO  server.RaftServerConfigKeys (ConfUtils.java:logGet(46)) - raft.server.log.appender.buffer.element-limit = 1 (custom)
2023-06-06 14:28:53,803 [68f873c3-529d-421e-809c-72d7a1225c33@group-4D9E7B64EBD6-LeaderElection27] INFO  server.RaftServerConfigKeys (ConfUtils.java:logGet(46)) - raft.server.log.appender.wait-time.min = 10ms (default)
2023-06-06 14:28:53,803 [68f873c3-529d-421e-809c-72d7a1225c33@group-4D9E7B64EBD6-LeaderElection27] INFO  grpc.GrpcConfigKeys (ConfUtils.java:logGet(46)) - raft.grpc.server.leader.outstanding.appends.max = 128 (default)
2023-06-06 14:28:53,803 [68f873c3-529d-421e-809c-72d7a1225c33@group-4D9E7B64EBD6-LeaderElection27] INFO  server.RaftServerConfigKeys (ConfUtils.java:logGet(46)) - raft.server.rpc.request.timeout = 60s (custom)
2023-06-06 14:28:53,803 [68f873c3-529d-421e-809c-72d7a1225c33@group-4D9E7B64EBD6-LeaderElection27] INFO  grpc.GrpcConfigKeys (ConfUtils.java:logGet(46)) - raft.grpc.server.install_snapshot.request.element-limit = 8 (default)
2023-06-06 14:28:53,803 [68f873c3-529d-421e-809c-72d7a1225c33@group-4D9E7B64EBD6-LeaderElection27] INFO  grpc.GrpcConfigKeys (ConfUtils.java:logGet(46)) - raft.grpc.server.install_snapshot.request.timeout = 3000ms (default)
2023-06-06 14:28:53,803 [68f873c3-529d-421e-809c-72d7a1225c33@group-4D9E7B64EBD6-LeaderElection27] INFO  server.RaftServerConfigKeys (ConfUtils.java:logGet(46)) - raft.server.log.appender.install.snapshot.enabled = false (custom)
2023-06-06 14:28:53,803 [68f873c3-529d-421e-809c-72d7a1225c33@group-4D9E7B64EBD6-LeaderElection27] INFO  grpc.GrpcConfigKeys (ConfUtils.java:logGet(46)) - raft.grpc.server.heartbeat.channel = true (default)
2023-06-06 14:28:53,803 [68f873c3-529d-421e-809c-72d7a1225c33@group-4D9E7B64EBD6-LeaderElection27] INFO  server.RaftServerConfigKeys (ConfUtils.java:logGet(46)) - raft.server.log.appender.snapshot.chunk.size.max = 16MB (=16777216) (default)
2023-06-06 14:28:53,803 [68f873c3-529d-421e-809c-72d7a1225c33@group-4D9E7B64EBD6-LeaderElection27] INFO  server.RaftServerConfigKeys (ConfUtils.java:logGet(46)) - raft.server.log.appender.buffer.byte-limit = 33554432 (custom)
2023-06-06 14:28:53,803 [68f873c3-529d-421e-809c-72d7a1225c33@group-4D9E7B64EBD6-LeaderElection27] INFO  server.RaftServerConfigKeys (ConfUtils.java:logGet(46)) - raft.server.log.appender.buffer.element-limit = 1 (custom)
2023-06-06 14:28:53,804 [68f873c3-529d-421e-809c-72d7a1225c33@group-4D9E7B64EBD6-LeaderElection27] INFO  server.RaftServerConfigKeys (ConfUtils.java:logGet(46)) - raft.server.log.appender.wait-time.min = 10ms (default)
2023-06-06 14:28:53,804 [68f873c3-529d-421e-809c-72d7a1225c33@group-4D9E7B64EBD6-LeaderElection27] INFO  grpc.GrpcConfigKeys (ConfUtils.java:logGet(46)) - raft.grpc.server.leader.outstanding.appends.max = 128 (default)
2023-06-06 14:28:53,804 [68f873c3-529d-421e-809c-72d7a1225c33@group-4D9E7B64EBD6-LeaderElection27] INFO  server.RaftServerConfigKeys (ConfUtils.java:logGet(46)) - raft.server.rpc.request.timeout = 60s (custom)
2023-06-06 14:28:53,804 [68f873c3-529d-421e-809c-72d7a1225c33@group-4D9E7B64EBD6-LeaderElection27] INFO  grpc.GrpcConfigKeys (ConfUtils.java:logGet(46)) - raft.grpc.server.install_snapshot.request.element-limit = 8 (default)
2023-06-06 14:28:53,804 [68f873c3-529d-421e-809c-72d7a1225c33@group-4D9E7B64EBD6-LeaderElection27] INFO  grpc.GrpcConfigKeys (ConfUtils.java:logGet(46)) - raft.grpc.server.install_snapshot.request.timeout = 3000ms (default)
2023-06-06 14:28:53,804 [68f873c3-529d-421e-809c-72d7a1225c33@group-4D9E7B64EBD6-LeaderElection27] INFO  server.RaftServerConfigKeys (ConfUtils.java:logGet(46)) - raft.server.log.appender.install.snapshot.enabled = false (custom)
2023-06-06 14:28:53,804 [68f873c3-529d-421e-809c-72d7a1225c33@group-4D9E7B64EBD6-LeaderElection27] INFO  grpc.GrpcConfigKeys (ConfUtils.java:logGet(46)) - raft.grpc.server.heartbeat.channel = true (default)
2023-06-06 14:28:53,804 [68f873c3-529d-421e-809c-72d7a1225c33@group-4D9E7B64EBD6-LeaderElection27] INFO  impl.RoleInfo (RoleInfo.java:updateAndGet(139)) - 68f873c3-529d-421e-809c-72d7a1225c33: start 68f873c3-529d-421e-809c-72d7a1225c33@group-4D9E7B64EBD6-LeaderStateImpl
2023-06-06 14:28:53,804 [68f873c3-529d-421e-809c-72d7a1225c33@group-4D9E7B64EBD6-LeaderElection27] INFO  segmented.SegmentedRaftLogWorker (SegmentedRaftLogWorker.java:startLogSegment(447)) - 68f873c3-529d-421e-809c-72d7a1225c33@group-4D9E7B64EBD6-SegmentedRaftLogWorker: Starting segment from index:0
2023-06-06 14:28:53,806 [68f873c3-529d-421e-809c-72d7a1225c33@group-4D9E7B64EBD6-SegmentedRaftLogWorker] INFO  segmented.SegmentedRaftLogWorker (SegmentedRaftLogWorker.java:execute(651)) - 68f873c3-529d-421e-809c-72d7a1225c33@group-4D9E7B64EBD6-SegmentedRaftLogWorker: created new log segment /home/runner/work/ozone/ozone/hadoop-ozone/integration-test/target/test-dir/MiniOzoneClusterImpl-19dab9f3-ddac-4c20-9ee1-602e65f43fab/datanode-1/data/ratis/37c5242d-f9f5-4e57-a253-4d9e7b64ebd6/current/log_inprogress_0
2023-06-06 14:28:53,825 [grpc-default-executor-2] INFO  server.RaftServer$Division (RaftServerImpl.java:requestVote(1302)) - 5adff45c-d552-4fe9-ae5a-69c6287068c4@group-4D9E7B64EBD6: receive requestVote(ELECTION, 68f873c3-529d-421e-809c-72d7a1225c33, group-4D9E7B64EBD6, 1, (t:0, i:0))
2023-06-06 14:28:53,825 [grpc-default-executor-2] INFO  impl.VoteContext (VoteContext.java:log(49)) - 5adff45c-d552-4fe9-ae5a-69c6287068c4@group-4D9E7B64EBD6-FOLLOWER: accept ELECTION from 68f873c3-529d-421e-809c-72d7a1225c33: our priority 0 <= candidate's priority 1
2023-06-06 14:28:53,825 [grpc-default-executor-2] INFO  server.RaftServer$Division (RaftServerImpl.java:setRole(329)) - 5adff45c-d552-4fe9-ae5a-69c6287068c4@group-4D9E7B64EBD6: changes role from  FOLLOWER to FOLLOWER at term 1 for candidate:68f873c3-529d-421e-809c-72d7a1225c33
2023-06-06 14:28:53,825 [grpc-default-executor-2] INFO  impl.RoleInfo (RoleInfo.java:shutdownFollowerState(110)) - 5adff45c-d552-4fe9-ae5a-69c6287068c4: shutdown 5adff45c-d552-4fe9-ae5a-69c6287068c4@group-4D9E7B64EBD6-FollowerState
2023-06-06 14:28:53,825 [grpc-default-executor-2] INFO  impl.RoleInfo (RoleInfo.java:updateAndGet(139)) - 5adff45c-d552-4fe9-ae5a-69c6287068c4: start 5adff45c-d552-4fe9-ae5a-69c6287068c4@group-4D9E7B64EBD6-FollowerState
2023-06-06 14:28:53,826 [5adff45c-d552-4fe9-ae5a-69c6287068c4@group-4D9E7B64EBD6-FollowerState] INFO  impl.FollowerState (FollowerState.java:run(152)) - 5adff45c-d552-4fe9-ae5a-69c6287068c4@group-4D9E7B64EBD6-FollowerState was interrupted
2023-06-06 14:28:53,826 [68f873c3-529d-421e-809c-72d7a1225c33@group-4D9E7B64EBD6-LeaderElection27] INFO  server.RaftServer$Division (ServerState.java:setRaftConf(434)) - 68f873c3-529d-421e-809c-72d7a1225c33@group-4D9E7B64EBD6: set configuration 0: peers:[77d17280-0276-45d4-bf82-17b9da904fb0|rpc:10.1.0.37:15136|admin:10.1.0.37:15135|client:10.1.0.37:15134|dataStream:10.1.0.37:15137|priority:0|startupRole:FOLLOWER, 68f873c3-529d-421e-809c-72d7a1225c33|rpc:10.1.0.37:15127|admin:10.1.0.37:15126|client:10.1.0.37:15125|dataStream:10.1.0.37:15128|priority:1|startupRole:FOLLOWER, 5adff45c-d552-4fe9-ae5a-69c6287068c4|rpc:10.1.0.37:15118|admin:10.1.0.37:15117|client:10.1.0.37:15116|dataStream:10.1.0.37:15119|priority:0|startupRole:FOLLOWER]|listeners:[], old=null
2023-06-06 14:28:53,832 [grpc-default-executor-2] INFO  server.RaftServer$Division (RaftServerImpl.java:requestVote(1335)) - 5adff45c-d552-4fe9-ae5a-69c6287068c4@group-4D9E7B64EBD6 replies to ELECTION vote request: 68f873c3-529d-421e-809c-72d7a1225c33<-5adff45c-d552-4fe9-ae5a-69c6287068c4#0:OK-t1. Peer's state: 5adff45c-d552-4fe9-ae5a-69c6287068c4@group-4D9E7B64EBD6:t1, leader=null, voted=68f873c3-529d-421e-809c-72d7a1225c33, raftlog=Memoized:5adff45c-d552-4fe9-ae5a-69c6287068c4@group-4D9E7B64EBD6-SegmentedRaftLog:OPENED:c-1, conf=-1: peers:[77d17280-0276-45d4-bf82-17b9da904fb0|rpc:10.1.0.37:15136|admin:10.1.0.37:15135|client:10.1.0.37:15134|dataStream:10.1.0.37:15137|priority:0|startupRole:FOLLOWER, 68f873c3-529d-421e-809c-72d7a1225c33|rpc:10.1.0.37:15127|admin:10.1.0.37:15126|client:10.1.0.37:15125|dataStream:10.1.0.37:15128|priority:1|startupRole:FOLLOWER, 5adff45c-d552-4fe9-ae5a-69c6287068c4|rpc:10.1.0.37:15118|admin:10.1.0.37:15117|client:10.1.0.37:15116|dataStream:10.1.0.37:15119|priority:0|startupRole:FOLLOWER]|listeners:[], old=null
2023-06-06 14:28:53,838 [77d17280-0276-45d4-bf82-17b9da904fb0-server-thread1] INFO  ratis.XceiverServerRatis (XceiverServerRatis.java:handleLeaderChangedNotification(902)) - Leader change notification received for group: group-4D9E7B64EBD6 with new leaderId: 68f873c3-529d-421e-809c-72d7a1225c33
2023-06-06 14:28:53,838 [77d17280-0276-45d4-bf82-17b9da904fb0-server-thread1] INFO  server.RaftServer$Division (ServerState.java:setLeader(317)) - 77d17280-0276-45d4-bf82-17b9da904fb0@group-4D9E7B64EBD6: change Leader from null to 68f873c3-529d-421e-809c-72d7a1225c33 at term 1 for appendEntries, leader elected after 5237ms
2023-06-06 14:28:53,847 [5adff45c-d552-4fe9-ae5a-69c6287068c4-server-thread1] INFO  ratis.XceiverServerRatis (XceiverServerRatis.java:handleLeaderChangedNotification(902)) - Leader change notification received for group: group-4D9E7B64EBD6 with new leaderId: 68f873c3-529d-421e-809c-72d7a1225c33
2023-06-06 14:28:53,847 [5adff45c-d552-4fe9-ae5a-69c6287068c4-server-thread1] INFO  server.RaftServer$Division (ServerState.java:setLeader(317)) - 5adff45c-d552-4fe9-ae5a-69c6287068c4@group-4D9E7B64EBD6: change Leader from null to 68f873c3-529d-421e-809c-72d7a1225c33 at term 1 for appendEntries, leader elected after 5343ms
2023-06-06 14:28:53,854 [77d17280-0276-45d4-bf82-17b9da904fb0-server-thread2] INFO  server.RaftServer$Division (ServerState.java:setRaftConf(434)) - 77d17280-0276-45d4-bf82-17b9da904fb0@group-4D9E7B64EBD6: set configuration 0: peers:[77d17280-0276-45d4-bf82-17b9da904fb0|rpc:10.1.0.37:15136|admin:10.1.0.37:15135|client:10.1.0.37:15134|dataStream:10.1.0.37:15137|priority:0|startupRole:FOLLOWER, 68f873c3-529d-421e-809c-72d7a1225c33|rpc:10.1.0.37:15127|admin:10.1.0.37:15126|client:10.1.0.37:15125|dataStream:10.1.0.37:15128|priority:1|startupRole:FOLLOWER, 5adff45c-d552-4fe9-ae5a-69c6287068c4|rpc:10.1.0.37:15118|admin:10.1.0.37:15117|client:10.1.0.37:15116|dataStream:10.1.0.37:15119|priority:0|startupRole:FOLLOWER]|listeners:[], old=null
2023-06-06 14:28:53,854 [77d17280-0276-45d4-bf82-17b9da904fb0-server-thread2] INFO  segmented.SegmentedRaftLogWorker (SegmentedRaftLogWorker.java:startLogSegment(447)) - 77d17280-0276-45d4-bf82-17b9da904fb0@group-4D9E7B64EBD6-SegmentedRaftLogWorker: Starting segment from index:0
2023-06-06 14:28:53,854 [5adff45c-d552-4fe9-ae5a-69c6287068c4-server-thread1] INFO  server.RaftServer$Division (ServerState.java:setRaftConf(434)) - 5adff45c-d552-4fe9-ae5a-69c6287068c4@group-4D9E7B64EBD6: set configuration 0: peers:[77d17280-0276-45d4-bf82-17b9da904fb0|rpc:10.1.0.37:15136|admin:10.1.0.37:15135|client:10.1.0.37:15134|dataStream:10.1.0.37:15137|priority:0|startupRole:FOLLOWER, 68f873c3-529d-421e-809c-72d7a1225c33|rpc:10.1.0.37:15127|admin:10.1.0.37:15126|client:10.1.0.37:15125|dataStream:10.1.0.37:15128|priority:1|startupRole:FOLLOWER, 5adff45c-d552-4fe9-ae5a-69c6287068c4|rpc:10.1.0.37:15118|admin:10.1.0.37:15117|client:10.1.0.37:15116|dataStream:10.1.0.37:15119|priority:0|startupRole:FOLLOWER]|listeners:[], old=null
2023-06-06 14:28:53,855 [5adff45c-d552-4fe9-ae5a-69c6287068c4-server-thread1] INFO  segmented.SegmentedRaftLogWorker (SegmentedRaftLogWorker.java:startLogSegment(447)) - 5adff45c-d552-4fe9-ae5a-69c6287068c4@group-4D9E7B64EBD6-SegmentedRaftLogWorker: Starting segment from index:0
2023-06-06 14:28:53,856 [77d17280-0276-45d4-bf82-17b9da904fb0@group-4D9E7B64EBD6-SegmentedRaftLogWorker] INFO  segmented.SegmentedRaftLogWorker (SegmentedRaftLogWorker.java:execute(651)) - 77d17280-0276-45d4-bf82-17b9da904fb0@group-4D9E7B64EBD6-SegmentedRaftLogWorker: created new log segment /home/runner/work/ozone/ozone/hadoop-ozone/integration-test/target/test-dir/MiniOzoneClusterImpl-19dab9f3-ddac-4c20-9ee1-602e65f43fab/datanode-2/data/ratis/37c5242d-f9f5-4e57-a253-4d9e7b64ebd6/current/log_inprogress_0
2023-06-06 14:28:53,856 [5adff45c-d552-4fe9-ae5a-69c6287068c4@group-4D9E7B64EBD6-SegmentedRaftLogWorker] INFO  segmented.SegmentedRaftLogWorker (SegmentedRaftLogWorker.java:execute(651)) - 5adff45c-d552-4fe9-ae5a-69c6287068c4@group-4D9E7B64EBD6-SegmentedRaftLogWorker: created new log segment /home/runner/work/ozone/ozone/hadoop-ozone/integration-test/target/test-dir/MiniOzoneClusterImpl-19dab9f3-ddac-4c20-9ee1-602e65f43fab/datanode-0/data/ratis/37c5242d-f9f5-4e57-a253-4d9e7b64ebd6/current/log_inprogress_0
2023-06-06 14:28:54,058 [Time-limited test] INFO  ozone.MiniOzoneClusterImpl (MiniOzoneClusterImpl.java:lambda$waitForClusterToBeReady$0(222)) - Nodes are ready. Got 3 of 3 DN Heartbeats.
2023-06-06 14:28:54,059 [Time-limited test] INFO  ozone.MiniOzoneClusterImpl (MiniOzoneClusterImpl.java:lambda$waitForClusterToBeReady$0(225)) - Cluster exits safe mode
2023-06-06 14:28:54,059 [Time-limited test] INFO  ozone.MiniOzoneClusterImpl (MiniOzoneClusterImpl.java:lambda$waitForClusterToBeReady$0(227)) - SCM became leader
2023-06-06 14:28:54,087 [77d17280-0276-45d4-bf82-17b9da904fb0@group-D5DCF26F586C-FollowerState] INFO  impl.FollowerState (FollowerState.java:run(143)) - 77d17280-0276-45d4-bf82-17b9da904fb0@group-D5DCF26F586C-FollowerState: change to CANDIDATE, lastRpcElapsedTime:5007320049ns, electionTimeout:5006ms
2023-06-06 14:28:54,087 [77d17280-0276-45d4-bf82-17b9da904fb0@group-D5DCF26F586C-FollowerState] INFO  impl.RoleInfo (RoleInfo.java:shutdownFollowerState(110)) - 77d17280-0276-45d4-bf82-17b9da904fb0: shutdown 77d17280-0276-45d4-bf82-17b9da904fb0@group-D5DCF26F586C-FollowerState
2023-06-06 14:28:54,087 [77d17280-0276-45d4-bf82-17b9da904fb0@group-D5DCF26F586C-FollowerState] INFO  server.RaftServer$Division (RaftServerImpl.java:setRole(329)) - 77d17280-0276-45d4-bf82-17b9da904fb0@group-D5DCF26F586C: changes role from  FOLLOWER to CANDIDATE at term 0 for changeToCandidate
2023-06-06 14:28:54,087 [77d17280-0276-45d4-bf82-17b9da904fb0@group-D5DCF26F586C-FollowerState] INFO  server.RaftServerConfigKeys (ConfUtils.java:logGet(46)) - raft.server.leaderelection.pre-vote = true (default)
2023-06-06 14:28:54,087 [77d17280-0276-45d4-bf82-17b9da904fb0@group-D5DCF26F586C-FollowerState] INFO  impl.RoleInfo (RoleInfo.java:updateAndGet(139)) - 77d17280-0276-45d4-bf82-17b9da904fb0: start 77d17280-0276-45d4-bf82-17b9da904fb0@group-D5DCF26F586C-LeaderElection28
2023-06-06 14:28:54,092 [77d17280-0276-45d4-bf82-17b9da904fb0@group-D5DCF26F586C-LeaderElection28] INFO  impl.LeaderElection (LeaderElection.java:askForVotes(321)) - 77d17280-0276-45d4-bf82-17b9da904fb0@group-D5DCF26F586C-LeaderElection28 PRE_VOTE round 0: submit vote requests at term 0 for -1: peers:[77d17280-0276-45d4-bf82-17b9da904fb0|rpc:10.1.0.37:15136|admin:10.1.0.37:15135|client:10.1.0.37:15134|dataStream:10.1.0.37:15137|priority:1|startupRole:FOLLOWER]|listeners:[], old=null
2023-06-06 14:28:54,093 [77d17280-0276-45d4-bf82-17b9da904fb0@group-D5DCF26F586C-LeaderElection28] INFO  impl.LeaderElection (LeaderElection.java:askForVotes(323)) - 77d17280-0276-45d4-bf82-17b9da904fb0@group-D5DCF26F586C-LeaderElection28 PRE_VOTE round 0: result PASSED (term=0)
2023-06-06 14:28:54,094 [77d17280-0276-45d4-bf82-17b9da904fb0@group-D5DCF26F586C-LeaderElection28] INFO  impl.LeaderElection (LeaderElection.java:askForVotes(321)) - 77d17280-0276-45d4-bf82-17b9da904fb0@group-D5DCF26F586C-LeaderElection28 ELECTION round 0: submit vote requests at term 1 for -1: peers:[77d17280-0276-45d4-bf82-17b9da904fb0|rpc:10.1.0.37:15136|admin:10.1.0.37:15135|client:10.1.0.37:15134|dataStream:10.1.0.37:15137|priority:1|startupRole:FOLLOWER]|listeners:[], old=null
2023-06-06 14:28:54,094 [77d17280-0276-45d4-bf82-17b9da904fb0@group-D5DCF26F586C-LeaderElection28] INFO  impl.LeaderElection (LeaderElection.java:askForVotes(323)) - 77d17280-0276-45d4-bf82-17b9da904fb0@group-D5DCF26F586C-LeaderElection28 ELECTION round 0: result PASSED (term=1)
2023-06-06 14:28:54,094 [77d17280-0276-45d4-bf82-17b9da904fb0@group-D5DCF26F586C-LeaderElection28] INFO  impl.RoleInfo (RoleInfo.java:shutdownLeaderElection(130)) - 77d17280-0276-45d4-bf82-17b9da904fb0: shutdown 77d17280-0276-45d4-bf82-17b9da904fb0@group-D5DCF26F586C-LeaderElection28
2023-06-06 14:28:54,094 [77d17280-0276-45d4-bf82-17b9da904fb0@group-D5DCF26F586C-LeaderElection28] INFO  server.RaftServer$Division (RaftServerImpl.java:setRole(329)) - 77d17280-0276-45d4-bf82-17b9da904fb0@group-D5DCF26F586C: changes role from CANDIDATE to LEADER at term 1 for changeToLeader
2023-06-06 14:28:54,094 [77d17280-0276-45d4-bf82-17b9da904fb0@group-D5DCF26F586C-LeaderElection28] INFO  ratis.XceiverServerRatis (XceiverServerRatis.java:handleLeaderChangedNotification(902)) - Leader change notification received for group: group-D5DCF26F586C with new leaderId: 77d17280-0276-45d4-bf82-17b9da904fb0
2023-06-06 14:28:54,097 [77d17280-0276-45d4-bf82-17b9da904fb0@group-D5DCF26F586C-LeaderElection28] INFO  server.RaftServer$Division (ServerState.java:setLeader(317)) - 77d17280-0276-45d4-bf82-17b9da904fb0@group-D5DCF26F586C: change Leader from null to 77d17280-0276-45d4-bf82-17b9da904fb0 at term 1 for becomeLeader, leader elected after 5028ms
2023-06-06 14:28:54,098 [77d17280-0276-45d4-bf82-17b9da904fb0@group-D5DCF26F586C-LeaderElection28] INFO  server.RaftServerConfigKeys (ConfUtils.java:logGet(46)) - raft.server.staging.catchup.gap = 1000 (default)
2023-06-06 14:28:54,099 [77d17280-0276-45d4-bf82-17b9da904fb0@group-D5DCF26F586C-LeaderElection28] INFO  server.RaftServerConfigKeys (ConfUtils.java:logGet(46)) - raft.server.write.element-limit = 1024 (custom)
2023-06-06 14:28:54,099 [77d17280-0276-45d4-bf82-17b9da904fb0@group-D5DCF26F586C-LeaderElection28] INFO  server.RaftServerConfigKeys (ConfUtils.java:logGet(46)) - raft.server.write.byte-limit = 1024 M (=1073741824) (custom)
2023-06-06 14:28:54,099 [77d17280-0276-45d4-bf82-17b9da904fb0@group-D5DCF26F586C-LeaderElection28] INFO  server.RaftServerConfigKeys (ConfUtils.java:logGet(46)) - raft.server.watch.timeout = 180s (custom)
2023-06-06 14:28:54,099 [77d17280-0276-45d4-bf82-17b9da904fb0@group-D5DCF26F586C-LeaderElection28] INFO  server.RaftServerConfigKeys (ConfUtils.java:logGet(46)) - raft.server.watch.timeout.denomination = 1s (default)
2023-06-06 14:28:54,099 [77d17280-0276-45d4-bf82-17b9da904fb0@group-D5DCF26F586C-LeaderElection28] INFO  server.RaftServerConfigKeys (ConfUtils.java:logGet(46)) - raft.server.watch.element-limit = 65536 (default)
2023-06-06 14:28:54,099 [77d17280-0276-45d4-bf82-17b9da904fb0@group-D5DCF26F586C-LeaderElection28] INFO  server.RaftServerConfigKeys (ConfUtils.java:logGet(46)) - raft.server.write.element-limit = 1024 (custom)
2023-06-06 14:28:54,099 [77d17280-0276-45d4-bf82-17b9da904fb0@group-D5DCF26F586C-LeaderElection28] INFO  server.RaftServerConfigKeys (ConfUtils.java:logGet(46)) - raft.server.write.follower.gap.ratio.max = -1.0 (default)
2023-06-06 14:28:54,100 [77d17280-0276-45d4-bf82-17b9da904fb0@group-D5DCF26F586C-LeaderElection28] INFO  impl.RoleInfo (RoleInfo.java:updateAndGet(139)) - 77d17280-0276-45d4-bf82-17b9da904fb0: start 77d17280-0276-45d4-bf82-17b9da904fb0@group-D5DCF26F586C-LeaderStateImpl
2023-06-06 14:28:54,101 [77d17280-0276-45d4-bf82-17b9da904fb0@group-D5DCF26F586C-LeaderElection28] INFO  segmented.SegmentedRaftLogWorker (SegmentedRaftLogWorker.java:startLogSegment(447)) - 77d17280-0276-45d4-bf82-17b9da904fb0@group-D5DCF26F586C-SegmentedRaftLogWorker: Starting segment from index:0
2023-06-06 14:28:54,103 [77d17280-0276-45d4-bf82-17b9da904fb0@group-D5DCF26F586C-SegmentedRaftLogWorker] INFO  segmented.SegmentedRaftLogWorker (SegmentedRaftLogWorker.java:execute(651)) - 77d17280-0276-45d4-bf82-17b9da904fb0@group-D5DCF26F586C-SegmentedRaftLogWorker: created new log segment /home/runner/work/ozone/ozone/hadoop-ozone/integration-test/target/test-dir/MiniOzoneClusterImpl-19dab9f3-ddac-4c20-9ee1-602e65f43fab/datanode-2/data/ratis/9fe5b7f7-d4a4-4730-8354-d5dcf26f586c/current/log_inprogress_0
2023-06-06 14:28:54,110 [77d17280-0276-45d4-bf82-17b9da904fb0@group-D5DCF26F586C-LeaderElection28] INFO  server.RaftServer$Division (ServerState.java:setRaftConf(434)) - 77d17280-0276-45d4-bf82-17b9da904fb0@group-D5DCF26F586C: set configuration 0: peers:[77d17280-0276-45d4-bf82-17b9da904fb0|rpc:10.1.0.37:15136|admin:10.1.0.37:15135|client:10.1.0.37:15134|dataStream:10.1.0.37:15137|priority:1|startupRole:FOLLOWER]|listeners:[], old=null
14:28:54.462 [Time-limited test] ERROR SCMAudit - user=null | ip=null | op=DELETE_CONTAINER {remoteUser=unknownUser, containerID=110497741827407907} | ret=FAILURE
org.apache.hadoop.security.AccessControlException: Access denied for user unknownUser. SCM superuser privilege is required.
	at org.apache.hadoop.hdds.scm.server.StorageContainerManager.checkAdminAccess(StorageContainerManager.java:1846) ~[hdds-server-scm-1.4.0-SNAPSHOT.jar:?]
	at org.apache.hadoop.hdds.scm.server.SCMClientProtocolServer.deleteContainer(SCMClientProtocolServer.java:587) [hdds-server-scm-1.4.0-SNAPSHOT.jar:?]
	at sun.reflect.NativeMethodAccessorImpl.invoke0(Native Method) ~[?:1.8.0_372]
	at sun.reflect.NativeMethodAccessorImpl.invoke(NativeMethodAccessorImpl.java:62) ~[?:1.8.0_372]
	at sun.reflect.DelegatingMethodAccessorImpl.invoke(DelegatingMethodAccessorImpl.java:43) ~[?:1.8.0_372]
	at java.lang.reflect.Method.invoke(Method.java:498) ~[?:1.8.0_372]
	at org.mockito.internal.creation.bytebuddy.MockMethodAdvice.tryInvoke(MockMethodAdvice.java:212) [mockito-core-2.28.2.jar:?]
	at org.mockito.internal.creation.bytebuddy.MockMethodAdvice.access$400(MockMethodAdvice.java:34) [mockito-core-2.28.2.jar:?]
	at org.mockito.internal.creation.bytebuddy.MockMethodAdvice$RealMethodCall.invoke(MockMethodAdvice.java:164) [mockito-core-2.28.2.jar:?]
	at org.mockito.internal.invocation.InterceptedInvocation.callRealMethod(InterceptedInvocation.java:152) [mockito-core-2.28.2.jar:?]
	at org.mockito.internal.stubbing.answers.CallsRealMethods.answer(CallsRealMethods.java:43) [mockito-core-2.28.2.jar:?]
	at org.mockito.Answers.answer(Answers.java:100) [mockito-core-2.28.2.jar:?]
	at org.mockito.internal.handler.MockHandlerImpl.handle(MockHandlerImpl.java:103) [mockito-core-2.28.2.jar:?]
	at org.mockito.internal.handler.NullResultGuardian.handle(NullResultGuardian.java:29) [mockito-core-2.28.2.jar:?]
	at org.mockito.internal.handler.InvocationNotifierHandler.handle(InvocationNotifierHandler.java:35) [mockito-core-2.28.2.jar:?]
	at org.mockito.internal.creation.bytebuddy.MockMethodInterceptor.doIntercept(MockMethodInterceptor.java:61) [mockito-core-2.28.2.jar:?]
	at org.mockito.internal.creation.bytebuddy.MockMethodAdvice.handle(MockMethodAdvice.java:105) [mockito-core-2.28.2.jar:?]
	at org.apache.hadoop.hdds.scm.server.SCMClientProtocolServer.deleteContainer(SCMClientProtocolServer.java:582) [hdds-server-scm-1.4.0-SNAPSHOT.jar:?]
	at org.apache.hadoop.ozone.TestStorageContainerManager.testRpcPermissionWithConf(TestStorageContainerManager.java:204) [test-classes/:?]
	at org.apache.hadoop.ozone.TestStorageContainerManager.testRpcPermission(TestStorageContainerManager.java:178) [test-classes/:?]
	at sun.reflect.NativeMethodAccessorImpl.invoke0(Native Method) ~[?:1.8.0_372]
	at sun.reflect.NativeMethodAccessorImpl.invoke(NativeMethodAccessorImpl.java:62) ~[?:1.8.0_372]
	at sun.reflect.DelegatingMethodAccessorImpl.invoke(DelegatingMethodAccessorImpl.java:43) ~[?:1.8.0_372]
	at java.lang.reflect.Method.invoke(Method.java:498) ~[?:1.8.0_372]
	at org.junit.runners.model.FrameworkMethod$1.runReflectiveCall(FrameworkMethod.java:59) [junit-4.13.1.jar:4.13.1]
	at org.junit.internal.runners.model.ReflectiveCallable.run(ReflectiveCallable.java:12) [junit-4.13.1.jar:4.13.1]
	at org.junit.runners.model.FrameworkMethod.invokeExplosively(FrameworkMethod.java:56) [junit-4.13.1.jar:4.13.1]
	at org.junit.internal.runners.statements.InvokeMethod.evaluate(InvokeMethod.java:17) [junit-4.13.1.jar:4.13.1]
	at org.junit.internal.runners.statements.RunAfters.evaluate(RunAfters.java:27) [junit-4.13.1.jar:4.13.1]
	at org.junit.rules.ExpectedException$ExpectedExceptionStatement.evaluate(ExpectedException.java:258) [junit-4.13.1.jar:4.13.1]
	at org.junit.internal.runners.statements.FailOnTimeout$CallableStatement.call(FailOnTimeout.java:288) [junit-4.13.1.jar:4.13.1]
	at org.junit.internal.runners.statements.FailOnTimeout$CallableStatement.call(FailOnTimeout.java:282) [junit-4.13.1.jar:4.13.1]
	at java.util.concurrent.FutureTask.run(FutureTask.java:266) [?:1.8.0_372]
	at java.lang.Thread.run(Thread.java:750) [?:1.8.0_372]
2023-06-06 14:28:54,502 [Time-limited test] INFO  ozone.MiniOzoneClusterImpl (MiniOzoneClusterImpl.java:shutdown(442)) - Shutting down the Mini Ozone Cluster
2023-06-06 14:28:54,503 [Time-limited test] INFO  ozone.MiniOzoneClusterImpl (MiniOzoneClusterImpl.java:stop(459)) - Stopping the Mini Ozone Cluster
2023-06-06 14:28:54,503 [Time-limited test] INFO  ozone.MiniOzoneClusterImpl (MiniOzoneClusterImpl.java:stopOM(545)) - Stopping the OzoneManager
2023-06-06 14:28:54,503 [Time-limited test] INFO  om.OzoneManager (OzoneManager.java:stop(2171)) - om1[localhost:15108]: Stopping Ozone Manager
2023-06-06 14:28:54,504 [Time-limited test] INFO  ipc.Server (Server.java:stop(3501)) - Stopping server on 15108
2023-06-06 14:28:54,509 [IPC Server listener on 15108] INFO  ipc.Server (Server.java:run(1430)) - Stopping IPC Server listener on 15108
2023-06-06 14:28:54,509 [IPC Server Responder] INFO  ipc.Server (Server.java:run(1563)) - Stopping IPC Server Responder
2023-06-06 14:28:54,510 [Time-limited test] INFO  server.RaftServer (RaftServerProxy.java:lambda$close$6(416)) - om1: close
2023-06-06 14:28:54,510 [Time-limited test] INFO  server.GrpcService (GrpcService.java:closeImpl(311)) - om1: shutdown server GrpcServerProtocolService now
2023-06-06 14:28:54,510 [om1-impl-thread1] INFO  server.RaftServer$Division (RaftServerImpl.java:lambda$close$4(466)) - om1@group-C5BA1605619E: shutdown
2023-06-06 14:28:54,510 [om1-impl-thread1] INFO  util.JmxRegister (JmxRegister.java:unregister(73)) - Successfully un-registered JMX Bean with object name Ratis:service=RaftServer,group=group-C5BA1605619E,id=om1
2023-06-06 14:28:54,511 [om1-impl-thread1] INFO  impl.RoleInfo (RoleInfo.java:shutdownLeaderState(93)) - om1: shutdown om1@group-C5BA1605619E-LeaderStateImpl
2023-06-06 14:28:54,511 [om1-impl-thread1] INFO  impl.PendingRequests (PendingRequests.java:sendNotLeaderResponses(289)) - om1@group-C5BA1605619E-PendingRequests: sendNotLeaderResponses
2023-06-06 14:28:54,511 [om1-impl-thread1] INFO  impl.StateMachineUpdater (StateMachineUpdater.java:stopAndJoin(155)) - om1@group-C5BA1605619E-StateMachineUpdater: set stopIndex = 0
2023-06-06 14:28:54,512 [om1@group-C5BA1605619E-StateMachineUpdater] INFO  ratis.OzoneManagerStateMachine (OzoneManagerStateMachine.java:takeSnapshot(479)) - Current Snapshot Index (t:1, i:0)
2023-06-06 14:28:54,516 [Time-limited test] INFO  server.GrpcService (GrpcService.java:closeImpl(320)) - om1: shutdown server GrpcServerProtocolService successfully
2023-06-06 14:28:54,524 [om1@group-C5BA1605619E-StateMachineUpdater] INFO  impl.StateMachineUpdater (StateMachineUpdater.java:takeSnapshot(291)) - om1@group-C5BA1605619E-StateMachineUpdater: Took a snapshot at index 0
2023-06-06 14:28:54,524 [om1@group-C5BA1605619E-StateMachineUpdater] INFO  impl.StateMachineUpdater (StateMachineUpdater.java:lambda$new$0(97)) - om1@group-C5BA1605619E-StateMachineUpdater: snapshotIndex: updateIncreasingly -1 -> 0
2023-06-06 14:28:54,524 [om1@group-C5BA1605619E-StateMachineUpdater] INFO  ratis.OzoneManagerStateMachine (OzoneManagerStateMachine.java:close(533)) - StateMachine has shutdown. Shutdown OzoneManager if not already shutdown.
2023-06-06 14:28:54,524 [om1@group-C5BA1605619E-StateMachineUpdater] INFO  ratis.OzoneManagerDoubleBuffer (OzoneManagerDoubleBuffer.java:stopDaemon(559)) - Stopping OMDoubleBuffer flush thread
2023-06-06 14:28:54,525 [OMDoubleBufferFlushThread] INFO  ratis.OzoneManagerDoubleBuffer (OzoneManagerDoubleBuffer.java:canFlush(648)) - OMDoubleBuffer flush thread OMDoubleBufferFlushThread is interrupted and will exit.
2023-06-06 14:28:54,525 [om1-impl-thread1] INFO  server.RaftServer$Division (ServerState.java:close(472)) - om1@group-C5BA1605619E: closes. applyIndex: 0
2023-06-06 14:28:54,858 [om1-impl-thread1] INFO  segmented.SegmentedRaftLogWorker (SegmentedRaftLogWorker.java:close(252)) - om1@group-C5BA1605619E-SegmentedRaftLogWorker close()
2023-06-06 14:28:54,858 [JvmPauseMonitor18] INFO  util.JvmPauseMonitor (JvmPauseMonitor.java:run(109)) - JvmPauseMonitor-om1: Stopped
2023-06-06 14:28:54,859 [Time-limited test] INFO  ratis.OzoneManagerStateMachine (OzoneManagerStateMachine.java:close(533)) - StateMachine has shutdown. Shutdown OzoneManager if not already shutdown.
2023-06-06 14:28:54,859 [Time-limited test] INFO  ratis.OzoneManagerDoubleBuffer (OzoneManagerDoubleBuffer.java:stopDaemon(568)) - OMDoubleBuffer flush thread is not running.
2023-06-06 14:28:54,861 [Time-limited test] INFO  utils.BackgroundService (BackgroundService.java:shutdown(141)) - Shutting down service KeyDeletingService
2023-06-06 14:28:54,861 [Time-limited test] INFO  utils.BackgroundService (BackgroundService.java:shutdown(141)) - Shutting down service KeyDeletingService
2023-06-06 14:28:54,861 [Time-limited test] INFO  utils.BackgroundService (BackgroundService.java:shutdown(141)) - Shutting down service OpenKeyCleanupService
2023-06-06 14:28:54,861 [Time-limited test] INFO  utils.BackgroundService (BackgroundService.java:shutdown(141)) - Shutting down service SstFilteringService
2023-06-06 14:28:54,862 [Time-limited test] INFO  utils.BackgroundService (BackgroundService.java:shutdown(141)) - Shutting down service SnapshotDeletingService
2023-06-06 14:28:54,862 [Time-limited test] INFO  handler.ContextHandler (ContextHandler.java:doStop(1159)) - Stopped o.e.j.w.WebAppContext@18e07a05{ozoneManager,/,null,STOPPED}{file:/home/runner/work/ozone/ozone/hadoop-ozone/integration-test/target/test-classes/webapps/ozoneManager}
2023-06-06 14:28:54,863 [Time-limited test] INFO  server.AbstractConnector (AbstractConnector.java:doStop(383)) - Stopped ServerConnector@5a4a921b{HTTP/1.1, (http/1.1)}{0.0.0.0:15109}
2023-06-06 14:28:54,863 [Time-limited test] INFO  server.session (HouseKeeper.java:stopScavenging(149)) - node0 Stopped scavenging
2023-06-06 14:28:54,863 [Time-limited test] INFO  handler.ContextHandler (ContextHandler.java:doStop(1159)) - Stopped o.e.j.s.ServletContextHandler@61140c04{static,/static,file:///home/runner/work/ozone/ozone/hadoop-ozone/integration-test/target/test-classes/webapps/static,STOPPED}
2023-06-06 14:28:54,863 [Time-limited test] INFO  handler.ContextHandler (ContextHandler.java:doStop(1159)) - Stopped o.e.j.s.ServletContextHandler@4897a703{logs,/logs,file:///home/runner/work/ozone/ozone/hadoop-ozone/integration-test/target/log,STOPPED}
2023-06-06 14:28:54,866 [Time-limited test] INFO  snapshot.SnapshotDiffManager (SnapshotDiffManager.java:closeExecutorService(1278)) - Shutting down executorService: 'SnapDiffExecutor'
2023-06-06 14:28:54,866 [Time-limited test] INFO  utils.BackgroundService (BackgroundService.java:shutdown(141)) - Shutting down service SnapshotDiffCleanupService
2023-06-06 14:28:54,868 [Time-limited test] INFO  ozone.MiniOzoneClusterImpl (MiniOzoneClusterImpl.java:stopDatanodes(522)) - Stopping the HddsDatanodes
2023-06-06 14:28:54,873 [Time-limited test] INFO  ozoneimpl.OzoneContainer (OzoneContainer.java:stop(420)) - Attempting to stop container services.
2023-06-06 14:28:54,873 [Time-limited test] INFO  server.RaftServer (RaftServerProxy.java:lambda$close$6(416)) - 68f873c3-529d-421e-809c-72d7a1225c33: close
2023-06-06 14:28:54,874 [68f873c3-529d-421e-809c-72d7a1225c33-impl-thread1] INFO  server.RaftServer$Division (RaftServerImpl.java:lambda$close$4(466)) - 68f873c3-529d-421e-809c-72d7a1225c33@group-4D9E7B64EBD6: shutdown
2023-06-06 14:28:54,874 [68f873c3-529d-421e-809c-72d7a1225c33-impl-thread1] INFO  util.JmxRegister (JmxRegister.java:unregister(73)) - Successfully un-registered JMX Bean with object name Ratis:service=RaftServer,group=group-4D9E7B64EBD6,id=68f873c3-529d-421e-809c-72d7a1225c33
2023-06-06 14:28:54,874 [68f873c3-529d-421e-809c-72d7a1225c33-impl-thread1] INFO  impl.RoleInfo (RoleInfo.java:shutdownLeaderState(93)) - 68f873c3-529d-421e-809c-72d7a1225c33: shutdown 68f873c3-529d-421e-809c-72d7a1225c33@group-4D9E7B64EBD6-LeaderStateImpl
2023-06-06 14:28:54,874 [68f873c3-529d-421e-809c-72d7a1225c33-impl-thread1] INFO  impl.PendingRequests (PendingRequests.java:sendNotLeaderResponses(289)) - 68f873c3-529d-421e-809c-72d7a1225c33@group-4D9E7B64EBD6-PendingRequests: sendNotLeaderResponses
2023-06-06 14:28:54,875 [68f873c3-529d-421e-809c-72d7a1225c33-impl-thread1] INFO  impl.StateMachineUpdater (StateMachineUpdater.java:stopAndJoin(155)) - 68f873c3-529d-421e-809c-72d7a1225c33@group-4D9E7B64EBD6-StateMachineUpdater: set stopIndex = 0
2023-06-06 14:28:54,875 [68f873c3-529d-421e-809c-72d7a1225c33@group-4D9E7B64EBD6->77d17280-0276-45d4-bf82-17b9da904fb0-GrpcLogAppender-LogAppenderDaemon] WARN  server.GrpcLogAppender (GrpcLogAppender.java:mayWait(199)) - 68f873c3-529d-421e-809c-72d7a1225c33@group-4D9E7B64EBD6->77d17280-0276-45d4-bf82-17b9da904fb0-GrpcLogAppender: Wait interrupted by java.lang.InterruptedException
2023-06-06 14:28:54,875 [68f873c3-529d-421e-809c-72d7a1225c33-impl-thread2] INFO  server.RaftServer$Division (RaftServerImpl.java:lambda$close$4(466)) - 68f873c3-529d-421e-809c-72d7a1225c33@group-B0860DD71571: shutdown
2023-06-06 14:28:54,875 [68f873c3-529d-421e-809c-72d7a1225c33@group-4D9E7B64EBD6->5adff45c-d552-4fe9-ae5a-69c6287068c4-GrpcLogAppender-LogAppenderDaemon] WARN  server.GrpcLogAppender (GrpcLogAppender.java:mayWait(199)) - 68f873c3-529d-421e-809c-72d7a1225c33@group-4D9E7B64EBD6->5adff45c-d552-4fe9-ae5a-69c6287068c4-GrpcLogAppender: Wait interrupted by java.lang.InterruptedException
2023-06-06 14:28:54,877 [grpc-default-executor-4] INFO  server.GrpcServerProtocolService (GrpcServerProtocolService.java:onCompleted(155)) - 77d17280-0276-45d4-bf82-17b9da904fb0: Completed APPEND_ENTRIES, lastRequest: 68f873c3-529d-421e-809c-72d7a1225c33->77d17280-0276-45d4-bf82-17b9da904fb0#1-t1,previous=(t:0, i:0),leaderCommit=-1,initializing? true,entries: size=1, first=(t:1, i:0), CONFIGURATIONENTRY(current:id: "77d17280-0276-45d4-bf82-17b9da904fb0"
address: "10.1.0.37:15136"
dataStreamAddress: "10.1.0.37:15137"
clientAddress: "10.1.0.37:15134"
adminAddress: "10.1.0.37:15135"
startupRole: FOLLOWER
,id: "68f873c3-529d-421e-809c-72d7a1225c33"
address: "10.1.0.37:15127"
priority: 1
dataStreamAddress: "10.1.0.37:15128"
clientAddress: "10.1.0.37:15125"
adminAddress: "10.1.0.37:15126"
startupRole: FOLLOWER
,id: "5adff45c-d552-4fe9-ae5a-69c6287068c4"
address: "10.1.0.37:15118"
dataStreamAddress: "10.1.0.37:15119"
clientAddress: "10.1.0.37:15116"
adminAddress: "10.1.0.37:15117"
startupRole: FOLLOWER
, old:)
2023-06-06 14:28:54,878 [grpc-default-executor-4] INFO  server.GrpcServerProtocolService (GrpcServerProtocolService.java:lambda$onCompleted$5(157)) - 77d17280-0276-45d4-bf82-17b9da904fb0: Completed APPEND_ENTRIES, lastReply: null
2023-06-06 14:28:54,878 [grpc-default-executor-3] INFO  server.GrpcServerProtocolService (GrpcServerProtocolService.java:onCompleted(155)) - 5adff45c-d552-4fe9-ae5a-69c6287068c4: Completed APPEND_ENTRIES, lastRequest: 68f873c3-529d-421e-809c-72d7a1225c33->5adff45c-d552-4fe9-ae5a-69c6287068c4#1-t1,previous=(t:0, i:0),leaderCommit=-1,initializing? true,entries: size=1, first=(t:1, i:0), CONFIGURATIONENTRY(current:id: "77d17280-0276-45d4-bf82-17b9da904fb0"
address: "10.1.0.37:15136"
dataStreamAddress: "10.1.0.37:15137"
clientAddress: "10.1.0.37:15134"
adminAddress: "10.1.0.37:15135"
startupRole: FOLLOWER
,id: "68f873c3-529d-421e-809c-72d7a1225c33"
address: "10.1.0.37:15127"
priority: 1
dataStreamAddress: "10.1.0.37:15128"
clientAddress: "10.1.0.37:15125"
adminAddress: "10.1.0.37:15126"
startupRole: FOLLOWER
,id: "5adff45c-d552-4fe9-ae5a-69c6287068c4"
address: "10.1.0.37:15118"
dataStreamAddress: "10.1.0.37:15119"
clientAddress: "10.1.0.37:15116"
adminAddress: "10.1.0.37:15117"
startupRole: FOLLOWER
, old:)
2023-06-06 14:28:54,878 [grpc-default-executor-3] INFO  server.GrpcServerProtocolService (GrpcServerProtocolService.java:lambda$onCompleted$5(157)) - 5adff45c-d552-4fe9-ae5a-69c6287068c4: Completed APPEND_ENTRIES, lastReply: null
2023-06-06 14:28:54,877 [grpc-default-executor-2] INFO  server.GrpcServerProtocolService (GrpcServerProtocolService.java:onCompleted(155)) - 77d17280-0276-45d4-bf82-17b9da904fb0: Completed APPEND_ENTRIES, lastRequest: null
2023-06-06 14:28:54,879 [grpc-default-executor-2] INFO  server.GrpcServerProtocolService (GrpcServerProtocolService.java:lambda$onCompleted$5(157)) - 77d17280-0276-45d4-bf82-17b9da904fb0: Completed APPEND_ENTRIES, lastReply: serverReply {
  requestorId: "68f873c3-529d-421e-809c-72d7a1225c33"
  replyId: "77d17280-0276-45d4-bf82-17b9da904fb0"
  raftGroupId {
    id: "7\305$-\371\365NW\242SM\236{d\353\326"
  }
  success: true
}
term: 1
followerCommit: 18446744073709551615
matchIndex: 18446744073709551615
isHearbeat: true

2023-06-06 14:28:54,887 [Time-limited test] INFO  server.GrpcService (GrpcService.java:closeImpl(311)) - 68f873c3-529d-421e-809c-72d7a1225c33: shutdown server org.apache.ratis.grpc.server.GrpcClientProtocolService now
2023-06-06 14:28:54,888 [68f873c3-529d-421e-809c-72d7a1225c33-impl-thread3] INFO  server.RaftServer$Division (RaftServerImpl.java:lambda$close$4(466)) - 68f873c3-529d-421e-809c-72d7a1225c33@group-37AEA8A47266: shutdown
2023-06-06 14:28:54,890 [grpc-default-executor-5] INFO  server.GrpcServerProtocolService (GrpcServerProtocolService.java:onCompleted(155)) - 5adff45c-d552-4fe9-ae5a-69c6287068c4: Completed APPEND_ENTRIES, lastRequest: null
2023-06-06 14:28:54,892 [grpc-default-executor-5] INFO  server.GrpcServerProtocolService (GrpcServerProtocolService.java:lambda$onCompleted$5(157)) - 5adff45c-d552-4fe9-ae5a-69c6287068c4: Completed APPEND_ENTRIES, lastReply: serverReply {
  requestorId: "68f873c3-529d-421e-809c-72d7a1225c33"
  replyId: "5adff45c-d552-4fe9-ae5a-69c6287068c4"
  raftGroupId {
    id: "7\305$-\371\365NW\242SM\236{d\353\326"
  }
  success: true
}
term: 1
nextIndex: 1
followerCommit: 18446744073709551615
matchIndex: 18446744073709551615
isHearbeat: true

2023-06-06 14:28:54,894 [grpc-default-executor-1] INFO  server.GrpcLogAppender (GrpcLogAppender.java:onCompleted(428)) - 68f873c3-529d-421e-809c-72d7a1225c33@group-4D9E7B64EBD6->77d17280-0276-45d4-bf82-17b9da904fb0-AppendLogResponseHandler: follower responses appendEntries COMPLETED
2023-06-06 14:28:54,894 [Thread-1938] INFO  server.GrpcServerProtocolClient (GrpcServerProtocolClient.java:close(103)) - 77d17280-0276-45d4-bf82-17b9da904fb0 Close channels
2023-06-06 14:28:54,894 [Thread-1940] INFO  server.GrpcServerProtocolClient (GrpcServerProtocolClient.java:close(103)) - 5adff45c-d552-4fe9-ae5a-69c6287068c4 Close channels
2023-06-06 14:28:54,895 [grpc-default-executor-1] INFO  leader.FollowerInfo (FollowerInfoImpl.java:lambda$new$0(52)) - 68f873c3-529d-421e-809c-72d7a1225c33@group-4D9E7B64EBD6->77d17280-0276-45d4-bf82-17b9da904fb0: decreaseNextIndex nextIndex: updateUnconditionally 1 -> 0
2023-06-06 14:28:54,896 [grpc-default-executor-5] INFO  server.GrpcLogAppender (GrpcLogAppender.java:onCompleted(428)) - 68f873c3-529d-421e-809c-72d7a1225c33@group-4D9E7B64EBD6->5adff45c-d552-4fe9-ae5a-69c6287068c4-AppendLogResponseHandler: follower responses appendEntries COMPLETED
2023-06-06 14:28:54,896 [grpc-default-executor-5] WARN  server.GrpcLogAppender (GrpcLogAppender.java:resetClient(137)) - 68f873c3-529d-421e-809c-72d7a1225c33@group-4D9E7B64EBD6->5adff45c-d552-4fe9-ae5a-69c6287068c4-GrpcLogAppender: Failed to getClient for 5adff45c-d552-4fe9-ae5a-69c6287068c4
org.apache.ratis.protocol.exceptions.AlreadyClosedException: 68f873c3-529d-421e-809c-72d7a1225c33 is already CLOSED
	at org.apache.ratis.util.PeerProxyMap$PeerAndProxy.getProxy(PeerProxyMap.java:61)
	at org.apache.ratis.util.PeerProxyMap.getProxy(PeerProxyMap.java:115)
	at org.apache.ratis.grpc.server.GrpcLogAppender.getClient(GrpcLogAppender.java:112)
	at org.apache.ratis.grpc.server.GrpcLogAppender.resetClient(GrpcLogAppender.java:117)
	at org.apache.ratis.grpc.server.GrpcLogAppender.access$500(GrpcLogAppender.java:56)
	at org.apache.ratis.grpc.server.GrpcLogAppender$AppendLogResponseHandler.onCompleted(GrpcLogAppender.java:429)
	at org.apache.ratis.thirdparty.io.grpc.stub.ClientCalls$StreamObserverToCallListenerAdapter.onClose(ClientCalls.java:485)
	at org.apache.ratis.thirdparty.io.grpc.internal.ClientCallImpl.closeObserver(ClientCallImpl.java:563)
	at org.apache.ratis.thirdparty.io.grpc.internal.ClientCallImpl.access$300(ClientCallImpl.java:70)
	at org.apache.ratis.thirdparty.io.grpc.internal.ClientCallImpl$ClientStreamListenerImpl$1StreamClosed.runInternal(ClientCallImpl.java:744)
	at org.apache.ratis.thirdparty.io.grpc.internal.ClientCallImpl$ClientStreamListenerImpl$1StreamClosed.runInContext(ClientCallImpl.java:723)
	at org.apache.ratis.thirdparty.io.grpc.internal.ContextRunnable.run(ContextRunnable.java:37)
	at org.apache.ratis.thirdparty.io.grpc.internal.SerializingExecutor.run(SerializingExecutor.java:133)
	at java.util.concurrent.ThreadPoolExecutor.runWorker(ThreadPoolExecutor.java:1149)
	at java.util.concurrent.ThreadPoolExecutor$Worker.run(ThreadPoolExecutor.java:624)
	at java.lang.Thread.run(Thread.java:750)
2023-06-06 14:28:54,898 [68f873c3-529d-421e-809c-72d7a1225c33-impl-thread3] INFO  util.JmxRegister (JmxRegister.java:unregister(73)) - Successfully un-registered JMX Bean with object name Ratis:service=RaftServer,group=group-37AEA8A47266,id=68f873c3-529d-421e-809c-72d7a1225c33
2023-06-06 14:28:54,898 [68f873c3-529d-421e-809c-72d7a1225c33-impl-thread3] INFO  impl.RoleInfo (RoleInfo.java:shutdownLeaderState(93)) - 68f873c3-529d-421e-809c-72d7a1225c33: shutdown 68f873c3-529d-421e-809c-72d7a1225c33@group-37AEA8A47266-LeaderStateImpl
2023-06-06 14:28:54,898 [68f873c3-529d-421e-809c-72d7a1225c33-impl-thread3] INFO  impl.PendingRequests (PendingRequests.java:sendNotLeaderResponses(289)) - 68f873c3-529d-421e-809c-72d7a1225c33@group-37AEA8A47266-PendingRequests: sendNotLeaderResponses
2023-06-06 14:28:54,899 [68f873c3-529d-421e-809c-72d7a1225c33-impl-thread3] INFO  impl.StateMachineUpdater (StateMachineUpdater.java:stopAndJoin(155)) - 68f873c3-529d-421e-809c-72d7a1225c33@group-37AEA8A47266-StateMachineUpdater: set stopIndex = 0
2023-06-06 14:28:54,899 [68f873c3-529d-421e-809c-72d7a1225c33@group-37AEA8A47266-StateMachineUpdater] INFO  ratis.ContainerStateMachine (ContainerStateMachine.java:takeSnapshot(330)) - group-37AEA8A47266: Taking a snapshot at:(t:1, i:0) file /home/runner/work/ozone/ozone/hadoop-ozone/integration-test/target/test-dir/MiniOzoneClusterImpl-19dab9f3-ddac-4c20-9ee1-602e65f43fab/datanode-1/data/ratis/aec2c679-831b-407a-b33c-37aea8a47266/sm/snapshot.1_0
2023-06-06 14:28:54,898 [ForkJoinPool.commonPool-worker-2] INFO  ozoneimpl.OzoneContainer (OzoneContainer.java:stop(420)) - Attempting to stop container services.
2023-06-06 14:28:54,898 [68f873c3-529d-421e-809c-72d7a1225c33@group-4D9E7B64EBD6-StateMachineUpdater] INFO  ratis.ContainerStateMachine (ContainerStateMachine.java:takeSnapshot(330)) - group-4D9E7B64EBD6: Taking a snapshot at:(t:1, i:0) file /home/runner/work/ozone/ozone/hadoop-ozone/integration-test/target/test-dir/MiniOzoneClusterImpl-19dab9f3-ddac-4c20-9ee1-602e65f43fab/datanode-1/data/ratis/37c5242d-f9f5-4e57-a253-4d9e7b64ebd6/sm/snapshot.1_0
2023-06-06 14:28:54,901 [grpc-default-executor-4] INFO  server.GrpcLogAppender (GrpcLogAppender.java:onCompleted(428)) - 68f873c3-529d-421e-809c-72d7a1225c33@group-4D9E7B64EBD6->5adff45c-d552-4fe9-ae5a-69c6287068c4-AppendLogResponseHandler: follower responses appendEntries COMPLETED
2023-06-06 14:28:54,901 [grpc-default-executor-4] WARN  server.GrpcLogAppender (GrpcLogAppender.java:resetClient(137)) - 68f873c3-529d-421e-809c-72d7a1225c33@group-4D9E7B64EBD6->5adff45c-d552-4fe9-ae5a-69c6287068c4-GrpcLogAppender: Failed to getClient for 5adff45c-d552-4fe9-ae5a-69c6287068c4
org.apache.ratis.protocol.exceptions.AlreadyClosedException: 68f873c3-529d-421e-809c-72d7a1225c33 is already CLOSED
	at org.apache.ratis.util.PeerProxyMap$PeerAndProxy.getProxy(PeerProxyMap.java:61)
	at org.apache.ratis.util.PeerProxyMap.getProxy(PeerProxyMap.java:115)
	at org.apache.ratis.grpc.server.GrpcLogAppender.getClient(GrpcLogAppender.java:112)
	at org.apache.ratis.grpc.server.GrpcLogAppender.resetClient(GrpcLogAppender.java:117)
	at org.apache.ratis.grpc.server.GrpcLogAppender.access$500(GrpcLogAppender.java:56)
	at org.apache.ratis.grpc.server.GrpcLogAppender$AppendLogResponseHandler.onCompleted(GrpcLogAppender.java:429)
	at org.apache.ratis.thirdparty.io.grpc.stub.ClientCalls$StreamObserverToCallListenerAdapter.onClose(ClientCalls.java:485)
	at org.apache.ratis.thirdparty.io.grpc.internal.ClientCallImpl.closeObserver(ClientCallImpl.java:563)
	at org.apache.ratis.thirdparty.io.grpc.internal.ClientCallImpl.access$300(ClientCallImpl.java:70)
	at org.apache.ratis.thirdparty.io.grpc.internal.ClientCallImpl$ClientStreamListenerImpl$1StreamClosed.runInternal(ClientCallImpl.java:744)
	at org.apache.ratis.thirdparty.io.grpc.internal.ClientCallImpl$ClientStreamListenerImpl$1StreamClosed.runInContext(ClientCallImpl.java:723)
	at org.apache.ratis.thirdparty.io.grpc.internal.ContextRunnable.run(ContextRunnable.java:37)
	at org.apache.ratis.thirdparty.io.grpc.internal.SerializingExecutor.run(SerializingExecutor.java:133)
	at java.util.concurrent.ThreadPoolExecutor.runWorker(ThreadPoolExecutor.java:1149)
	at java.util.concurrent.ThreadPoolExecutor$Worker.run(ThreadPoolExecutor.java:624)
	at java.lang.Thread.run(Thread.java:750)
2023-06-06 14:28:54,901 [grpc-default-executor-3] INFO  server.GrpcLogAppender (GrpcLogAppender.java:onCompleted(428)) - 68f873c3-529d-421e-809c-72d7a1225c33@group-4D9E7B64EBD6->77d17280-0276-45d4-bf82-17b9da904fb0-AppendLogResponseHandler: follower responses appendEntries COMPLETED
2023-06-06 14:28:54,902 [grpc-default-executor-3] WARN  server.GrpcLogAppender (GrpcLogAppender.java:resetClient(137)) - 68f873c3-529d-421e-809c-72d7a1225c33@group-4D9E7B64EBD6->77d17280-0276-45d4-bf82-17b9da904fb0-GrpcLogAppender: Failed to getClient for 77d17280-0276-45d4-bf82-17b9da904fb0
org.apache.ratis.protocol.exceptions.AlreadyClosedException: 68f873c3-529d-421e-809c-72d7a1225c33 is already CLOSED
	at org.apache.ratis.util.PeerProxyMap$PeerAndProxy.getProxy(PeerProxyMap.java:61)
	at org.apache.ratis.util.PeerProxyMap.getProxy(PeerProxyMap.java:115)
	at org.apache.ratis.grpc.server.GrpcLogAppender.getClient(GrpcLogAppender.java:112)
	at org.apache.ratis.grpc.server.GrpcLogAppender.resetClient(GrpcLogAppender.java:117)
	at org.apache.ratis.grpc.server.GrpcLogAppender.access$500(GrpcLogAppender.java:56)
	at org.apache.ratis.grpc.server.GrpcLogAppender$AppendLogResponseHandler.onCompleted(GrpcLogAppender.java:429)
	at org.apache.ratis.thirdparty.io.grpc.stub.ClientCalls$StreamObserverToCallListenerAdapter.onClose(ClientCalls.java:485)
	at org.apache.ratis.thirdparty.io.grpc.internal.ClientCallImpl.closeObserver(ClientCallImpl.java:563)
	at org.apache.ratis.thirdparty.io.grpc.internal.ClientCallImpl.access$300(ClientCallImpl.java:70)
	at org.apache.ratis.thirdparty.io.grpc.internal.ClientCallImpl$ClientStreamListenerImpl$1StreamClosed.runInternal(ClientCallImpl.java:744)
	at org.apache.ratis.thirdparty.io.grpc.internal.ClientCallImpl$ClientStreamListenerImpl$1StreamClosed.runInContext(ClientCallImpl.java:723)
	at org.apache.ratis.thirdparty.io.grpc.internal.ContextRunnable.run(ContextRunnable.java:37)
	at org.apache.ratis.thirdparty.io.grpc.internal.SerializingExecutor.run(SerializingExecutor.java:133)
	at java.util.concurrent.ThreadPoolExecutor.runWorker(ThreadPoolExecutor.java:1149)
	at java.util.concurrent.ThreadPoolExecutor$Worker.run(ThreadPoolExecutor.java:624)
	at java.lang.Thread.run(Thread.java:750)
2023-06-06 14:28:54,902 [ForkJoinPool.commonPool-worker-2] INFO  server.RaftServer (RaftServerProxy.java:lambda$close$6(416)) - 5adff45c-d552-4fe9-ae5a-69c6287068c4: close
2023-06-06 14:28:54,902 [68f873c3-529d-421e-809c-72d7a1225c33@group-4D9E7B64EBD6-StateMachineUpdater] INFO  ratis.ContainerStateMachine (ContainerStateMachine.java:takeSnapshot(341)) - group-4D9E7B64EBD6: Finished taking a snapshot at:(t:1, i:0) file:/home/runner/work/ozone/ozone/hadoop-ozone/integration-test/target/test-dir/MiniOzoneClusterImpl-19dab9f3-ddac-4c20-9ee1-602e65f43fab/datanode-1/data/ratis/37c5242d-f9f5-4e57-a253-4d9e7b64ebd6/sm/snapshot.1_0 took: 3 ms
2023-06-06 14:28:54,902 [5adff45c-d552-4fe9-ae5a-69c6287068c4-impl-thread1] INFO  server.RaftServer$Division (RaftServerImpl.java:lambda$close$4(466)) - 5adff45c-d552-4fe9-ae5a-69c6287068c4@group-4D9E7B64EBD6: shutdown
2023-06-06 14:28:54,902 [5adff45c-d552-4fe9-ae5a-69c6287068c4-impl-thread1] INFO  util.JmxRegister (JmxRegister.java:unregister(73)) - Successfully un-registered JMX Bean with object name Ratis:service=RaftServer,group=group-4D9E7B64EBD6,id=5adff45c-d552-4fe9-ae5a-69c6287068c4
2023-06-06 14:28:54,902 [5adff45c-d552-4fe9-ae5a-69c6287068c4-impl-thread1] INFO  impl.RoleInfo (RoleInfo.java:shutdownFollowerState(110)) - 5adff45c-d552-4fe9-ae5a-69c6287068c4: shutdown 5adff45c-d552-4fe9-ae5a-69c6287068c4@group-4D9E7B64EBD6-FollowerState
2023-06-06 14:28:54,902 [68f873c3-529d-421e-809c-72d7a1225c33@group-4D9E7B64EBD6-StateMachineUpdater] INFO  impl.StateMachineUpdater (StateMachineUpdater.java:takeSnapshot(291)) - 68f873c3-529d-421e-809c-72d7a1225c33@group-4D9E7B64EBD6-StateMachineUpdater: Took a snapshot at index 0
2023-06-06 14:28:54,902 [68f873c3-529d-421e-809c-72d7a1225c33-impl-thread2] INFO  util.JmxRegister (JmxRegister.java:unregister(73)) - Successfully un-registered JMX Bean with object name Ratis:service=RaftServer,group=group-B0860DD71571,id=68f873c3-529d-421e-809c-72d7a1225c33
2023-06-06 14:28:54,902 [68f873c3-529d-421e-809c-72d7a1225c33@group-4D9E7B64EBD6-StateMachineUpdater] INFO  impl.StateMachineUpdater (StateMachineUpdater.java:lambda$new$0(97)) - 68f873c3-529d-421e-809c-72d7a1225c33@group-4D9E7B64EBD6-StateMachineUpdater: snapshotIndex: updateIncreasingly -1 -> 0
2023-06-06 14:28:54,902 [68f873c3-529d-421e-809c-72d7a1225c33-impl-thread2] INFO  impl.RoleInfo (RoleInfo.java:shutdownFollowerState(110)) - 68f873c3-529d-421e-809c-72d7a1225c33: shutdown 68f873c3-529d-421e-809c-72d7a1225c33@group-B0860DD71571-FollowerState
2023-06-06 14:28:54,903 [68f873c3-529d-421e-809c-72d7a1225c33-impl-thread1] INFO  server.RaftServer$Division (ServerState.java:close(472)) - 68f873c3-529d-421e-809c-72d7a1225c33@group-4D9E7B64EBD6: closes. applyIndex: 0
2023-06-06 14:28:54,906 [5adff45c-d552-4fe9-ae5a-69c6287068c4-impl-thread2] INFO  server.RaftServer$Division (RaftServerImpl.java:lambda$close$4(466)) - 5adff45c-d552-4fe9-ae5a-69c6287068c4@group-B0860DD71571: shutdown
2023-06-06 14:28:54,906 [5adff45c-d552-4fe9-ae5a-69c6287068c4-impl-thread2] INFO  util.JmxRegister (JmxRegister.java:unregister(73)) - Successfully un-registered JMX Bean with object name Ratis:service=RaftServer,group=group-B0860DD71571,id=5adff45c-d552-4fe9-ae5a-69c6287068c4
2023-06-06 14:28:54,906 [5adff45c-d552-4fe9-ae5a-69c6287068c4-impl-thread2] INFO  impl.RoleInfo (RoleInfo.java:shutdownLeaderState(93)) - 5adff45c-d552-4fe9-ae5a-69c6287068c4: shutdown 5adff45c-d552-4fe9-ae5a-69c6287068c4@group-B0860DD71571-LeaderStateImpl
2023-06-06 14:28:54,909 [ForkJoinPool.commonPool-worker-2] INFO  server.GrpcService (GrpcService.java:closeImpl(311)) - 5adff45c-d552-4fe9-ae5a-69c6287068c4: shutdown server org.apache.ratis.grpc.server.GrpcClientProtocolService now
2023-06-06 14:28:54,910 [5adff45c-d552-4fe9-ae5a-69c6287068c4-impl-thread3] INFO  server.RaftServer$Division (RaftServerImpl.java:lambda$close$4(466)) - 5adff45c-d552-4fe9-ae5a-69c6287068c4@group-62CB3B2BBA76: shutdown
2023-06-06 14:28:54,910 [5adff45c-d552-4fe9-ae5a-69c6287068c4-impl-thread3] INFO  util.JmxRegister (JmxRegister.java:unregister(73)) - Successfully un-registered JMX Bean with object name Ratis:service=RaftServer,group=group-62CB3B2BBA76,id=5adff45c-d552-4fe9-ae5a-69c6287068c4
2023-06-06 14:28:54,910 [5adff45c-d552-4fe9-ae5a-69c6287068c4-impl-thread3] INFO  impl.RoleInfo (RoleInfo.java:shutdownLeaderState(93)) - 5adff45c-d552-4fe9-ae5a-69c6287068c4: shutdown 5adff45c-d552-4fe9-ae5a-69c6287068c4@group-62CB3B2BBA76-LeaderStateImpl
2023-06-06 14:28:54,910 [5adff45c-d552-4fe9-ae5a-69c6287068c4-impl-thread3] INFO  impl.PendingRequests (PendingRequests.java:sendNotLeaderResponses(289)) - 5adff45c-d552-4fe9-ae5a-69c6287068c4@group-62CB3B2BBA76-PendingRequests: sendNotLeaderResponses
2023-06-06 14:28:54,910 [5adff45c-d552-4fe9-ae5a-69c6287068c4-impl-thread3] INFO  impl.StateMachineUpdater (StateMachineUpdater.java:stopAndJoin(155)) - 5adff45c-d552-4fe9-ae5a-69c6287068c4@group-62CB3B2BBA76-StateMachineUpdater: set stopIndex = 0
2023-06-06 14:28:54,911 [5adff45c-d552-4fe9-ae5a-69c6287068c4@group-62CB3B2BBA76-StateMachineUpdater] INFO  ratis.ContainerStateMachine (ContainerStateMachine.java:takeSnapshot(330)) - group-62CB3B2BBA76: Taking a snapshot at:(t:1, i:0) file /home/runner/work/ozone/ozone/hadoop-ozone/integration-test/target/test-dir/MiniOzoneClusterImpl-19dab9f3-ddac-4c20-9ee1-602e65f43fab/datanode-0/data/ratis/ad90657e-59a4-4e3f-8a49-62cb3b2bba76/sm/snapshot.1_0
2023-06-06 14:28:54,911 [5adff45c-d552-4fe9-ae5a-69c6287068c4@group-62CB3B2BBA76-StateMachineUpdater] INFO  ratis.ContainerStateMachine (ContainerStateMachine.java:takeSnapshot(341)) - group-62CB3B2BBA76: Finished taking a snapshot at:(t:1, i:0) file:/home/runner/work/ozone/ozone/hadoop-ozone/integration-test/target/test-dir/MiniOzoneClusterImpl-19dab9f3-ddac-4c20-9ee1-602e65f43fab/datanode-0/data/ratis/ad90657e-59a4-4e3f-8a49-62cb3b2bba76/sm/snapshot.1_0 took: 1 ms
2023-06-06 14:28:54,912 [5adff45c-d552-4fe9-ae5a-69c6287068c4@group-62CB3B2BBA76-StateMachineUpdater] INFO  impl.StateMachineUpdater (StateMachineUpdater.java:takeSnapshot(291)) - 5adff45c-d552-4fe9-ae5a-69c6287068c4@group-62CB3B2BBA76-StateMachineUpdater: Took a snapshot at index 0
2023-06-06 14:28:54,912 [5adff45c-d552-4fe9-ae5a-69c6287068c4@group-62CB3B2BBA76-StateMachineUpdater] INFO  impl.StateMachineUpdater (StateMachineUpdater.java:lambda$new$0(97)) - 5adff45c-d552-4fe9-ae5a-69c6287068c4@group-62CB3B2BBA76-StateMachineUpdater: snapshotIndex: updateIncreasingly -1 -> 0
2023-06-06 14:28:54,912 [5adff45c-d552-4fe9-ae5a-69c6287068c4-impl-thread3] INFO  server.RaftServer$Division (ServerState.java:close(472)) - 5adff45c-d552-4fe9-ae5a-69c6287068c4@group-62CB3B2BBA76: closes. applyIndex: 0
2023-06-06 14:28:54,916 [68f873c3-529d-421e-809c-72d7a1225c33@group-37AEA8A47266-StateMachineUpdater] INFO  ratis.ContainerStateMachine (ContainerStateMachine.java:takeSnapshot(341)) - group-37AEA8A47266: Finished taking a snapshot at:(t:1, i:0) file:/home/runner/work/ozone/ozone/hadoop-ozone/integration-test/target/test-dir/MiniOzoneClusterImpl-19dab9f3-ddac-4c20-9ee1-602e65f43fab/datanode-1/data/ratis/aec2c679-831b-407a-b33c-37aea8a47266/sm/snapshot.1_0 took: 17 ms
2023-06-06 14:28:54,916 [68f873c3-529d-421e-809c-72d7a1225c33@group-37AEA8A47266-StateMachineUpdater] INFO  impl.StateMachineUpdater (StateMachineUpdater.java:takeSnapshot(291)) - 68f873c3-529d-421e-809c-72d7a1225c33@group-37AEA8A47266-StateMachineUpdater: Took a snapshot at index 0
2023-06-06 14:28:54,916 [68f873c3-529d-421e-809c-72d7a1225c33@group-37AEA8A47266-StateMachineUpdater] INFO  impl.StateMachineUpdater (StateMachineUpdater.java:lambda$new$0(97)) - 68f873c3-529d-421e-809c-72d7a1225c33@group-37AEA8A47266-StateMachineUpdater: snapshotIndex: updateIncreasingly -1 -> 0
2023-06-06 14:28:54,917 [68f873c3-529d-421e-809c-72d7a1225c33-impl-thread3] INFO  server.RaftServer$Division (ServerState.java:close(472)) - 68f873c3-529d-421e-809c-72d7a1225c33@group-37AEA8A47266: closes. applyIndex: 0
2023-06-06 14:28:54,920 [68f873c3-529d-421e-809c-72d7a1225c33-impl-thread2] INFO  impl.StateMachineUpdater (StateMachineUpdater.java:stopAndJoin(155)) - 68f873c3-529d-421e-809c-72d7a1225c33@group-B0860DD71571-StateMachineUpdater: set stopIndex = -1
2023-06-06 14:28:54,920 [68f873c3-529d-421e-809c-72d7a1225c33@group-B0860DD71571-FollowerState] INFO  impl.FollowerState (FollowerState.java:run(152)) - 68f873c3-529d-421e-809c-72d7a1225c33@group-B0860DD71571-FollowerState was interrupted
2023-06-06 14:28:54,920 [5adff45c-d552-4fe9-ae5a-69c6287068c4-impl-thread1] INFO  impl.StateMachineUpdater (StateMachineUpdater.java:stopAndJoin(155)) - 5adff45c-d552-4fe9-ae5a-69c6287068c4@group-4D9E7B64EBD6-StateMachineUpdater: set stopIndex = -1
2023-06-06 14:28:54,920 [Time-limited test] INFO  server.GrpcService (GrpcService.java:closeImpl(320)) - 68f873c3-529d-421e-809c-72d7a1225c33: shutdown server org.apache.ratis.grpc.server.GrpcClientProtocolService successfully
2023-06-06 14:28:54,920 [5adff45c-d552-4fe9-ae5a-69c6287068c4@group-4D9E7B64EBD6-FollowerState] INFO  impl.FollowerState (FollowerState.java:run(152)) - 5adff45c-d552-4fe9-ae5a-69c6287068c4@group-4D9E7B64EBD6-FollowerState was interrupted
2023-06-06 14:28:54,925 [Thread-1944] INFO  server.GrpcServerProtocolClient (GrpcServerProtocolClient.java:close(103)) - 68f873c3-529d-421e-809c-72d7a1225c33 Close channels
2023-06-06 14:28:54,925 [Thread-1943] INFO  server.GrpcServerProtocolClient (GrpcServerProtocolClient.java:close(103)) - 77d17280-0276-45d4-bf82-17b9da904fb0 Close channels
2023-06-06 14:28:54,922 [ForkJoinPool.commonPool-worker-3] INFO  ozoneimpl.OzoneContainer (OzoneContainer.java:stop(420)) - Attempting to stop container services.
2023-06-06 14:28:54,921 [5adff45c-d552-4fe9-ae5a-69c6287068c4@group-B0860DD71571->77d17280-0276-45d4-bf82-17b9da904fb0-GrpcLogAppender-LogAppenderDaemon] WARN  server.GrpcLogAppender (GrpcLogAppender.java:mayWait(199)) - 5adff45c-d552-4fe9-ae5a-69c6287068c4@group-B0860DD71571->77d17280-0276-45d4-bf82-17b9da904fb0-GrpcLogAppender: Wait interrupted by java.lang.InterruptedException
2023-06-06 14:28:54,929 [grpc-default-executor-3] INFO  server.GrpcServerProtocolService (GrpcServerProtocolService.java:onCompleted(155)) - 77d17280-0276-45d4-bf82-17b9da904fb0: Completed APPEND_ENTRIES, lastRequest: null
2023-06-06 14:28:54,929 [grpc-default-executor-4] INFO  server.GrpcServerProtocolService (GrpcServerProtocolService.java:onCompleted(155)) - 77d17280-0276-45d4-bf82-17b9da904fb0: Completed APPEND_ENTRIES, lastRequest: 5adff45c-d552-4fe9-ae5a-69c6287068c4->77d17280-0276-45d4-bf82-17b9da904fb0#1-t1,previous=(t:0, i:0),leaderCommit=-1,initializing? true,entries: size=1, first=(t:1, i:0), CONFIGURATIONENTRY(current:id: "77d17280-0276-45d4-bf82-17b9da904fb0"
address: "10.1.0.37:15136"
dataStreamAddress: "10.1.0.37:15137"
clientAddress: "10.1.0.37:15134"
adminAddress: "10.1.0.37:15135"
startupRole: FOLLOWER
,id: "68f873c3-529d-421e-809c-72d7a1225c33"
address: "10.1.0.37:15127"
dataStreamAddress: "10.1.0.37:15128"
clientAddress: "10.1.0.37:15125"
adminAddress: "10.1.0.37:15126"
startupRole: FOLLOWER
,id: "5adff45c-d552-4fe9-ae5a-69c6287068c4"
address: "10.1.0.37:15118"
priority: 1
dataStreamAddress: "10.1.0.37:15119"
clientAddress: "10.1.0.37:15116"
adminAddress: "10.1.0.37:15117"
startupRole: FOLLOWER
, old:)
2023-06-06 14:28:54,930 [grpc-default-executor-4] INFO  server.GrpcServerProtocolService (GrpcServerProtocolService.java:lambda$onCompleted$5(157)) - 77d17280-0276-45d4-bf82-17b9da904fb0: Completed APPEND_ENTRIES, lastReply: null
2023-06-06 14:28:54,930 [grpc-default-executor-3] INFO  server.GrpcServerProtocolService (GrpcServerProtocolService.java:lambda$onCompleted$5(157)) - 77d17280-0276-45d4-bf82-17b9da904fb0: Completed APPEND_ENTRIES, lastReply: serverReply {
  requestorId: "5adff45c-d552-4fe9-ae5a-69c6287068c4"
  replyId: "77d17280-0276-45d4-bf82-17b9da904fb0"
  raftGroupId {
    id: "?L%\365\\kO\370\204l\260\206\r\327\025q"
  }
  success: true
}
term: 1
nextIndex: 1
followerCommit: 18446744073709551615
matchIndex: 18446744073709551615
isHearbeat: true

2023-06-06 14:28:54,920 [Time-limited test] INFO  server.GrpcService (GrpcService.java:closeImpl(311)) - 68f873c3-529d-421e-809c-72d7a1225c33: shutdown server GrpcServerProtocolService now
2023-06-06 14:28:54,931 [grpc-default-executor-2] WARN  server.GrpcServerProtocolService (LogUtils.java:warn(122)) - 68f873c3-529d-421e-809c-72d7a1225c33: APPEND_ENTRIES onError, lastRequest: null: org.apache.ratis.thirdparty.io.grpc.StatusRuntimeException: CANCELLED: client cancelled
2023-06-06 14:28:54,921 [5adff45c-d552-4fe9-ae5a-69c6287068c4-impl-thread2] INFO  impl.PendingRequests (PendingRequests.java:sendNotLeaderResponses(289)) - 5adff45c-d552-4fe9-ae5a-69c6287068c4@group-B0860DD71571-PendingRequests: sendNotLeaderResponses
2023-06-06 14:28:54,921 [5adff45c-d552-4fe9-ae5a-69c6287068c4@group-B0860DD71571->68f873c3-529d-421e-809c-72d7a1225c33-GrpcLogAppender-LogAppenderDaemon] WARN  server.GrpcLogAppender (GrpcLogAppender.java:mayWait(199)) - 5adff45c-d552-4fe9-ae5a-69c6287068c4@group-B0860DD71571->68f873c3-529d-421e-809c-72d7a1225c33-GrpcLogAppender: Wait interrupted by java.lang.InterruptedException
2023-06-06 14:28:54,920 [68f873c3-529d-421e-809c-72d7a1225c33-impl-thread2] INFO  server.RaftServer$Division (ServerState.java:close(472)) - 68f873c3-529d-421e-809c-72d7a1225c33@group-B0860DD71571: closes. applyIndex: -1
2023-06-06 14:28:54,931 [5adff45c-d552-4fe9-ae5a-69c6287068c4-impl-thread2] INFO  impl.StateMachineUpdater (StateMachineUpdater.java:stopAndJoin(155)) - 5adff45c-d552-4fe9-ae5a-69c6287068c4@group-B0860DD71571-StateMachineUpdater: set stopIndex = 0
2023-06-06 14:28:54,920 [5adff45c-d552-4fe9-ae5a-69c6287068c4-impl-thread1] INFO  server.RaftServer$Division (ServerState.java:close(472)) - 5adff45c-d552-4fe9-ae5a-69c6287068c4@group-4D9E7B64EBD6: closes. applyIndex: -1
2023-06-06 14:28:54,931 [5adff45c-d552-4fe9-ae5a-69c6287068c4@group-B0860DD71571-StateMachineUpdater] INFO  ratis.ContainerStateMachine (ContainerStateMachine.java:takeSnapshot(330)) - group-B0860DD71571: Taking a snapshot at:(t:1, i:0) file /home/runner/work/ozone/ozone/hadoop-ozone/integration-test/target/test-dir/MiniOzoneClusterImpl-19dab9f3-ddac-4c20-9ee1-602e65f43fab/datanode-0/data/ratis/3f4c25f5-5c6b-4ff8-846c-b0860dd71571/sm/snapshot.1_0
2023-06-06 14:28:54,932 [5adff45c-d552-4fe9-ae5a-69c6287068c4@group-B0860DD71571-StateMachineUpdater] INFO  ratis.ContainerStateMachine (ContainerStateMachine.java:takeSnapshot(341)) - group-B0860DD71571: Finished taking a snapshot at:(t:1, i:0) file:/home/runner/work/ozone/ozone/hadoop-ozone/integration-test/target/test-dir/MiniOzoneClusterImpl-19dab9f3-ddac-4c20-9ee1-602e65f43fab/datanode-0/data/ratis/3f4c25f5-5c6b-4ff8-846c-b0860dd71571/sm/snapshot.1_0 took: 0 ms
2023-06-06 14:28:54,932 [5adff45c-d552-4fe9-ae5a-69c6287068c4@group-B0860DD71571-StateMachineUpdater] INFO  impl.StateMachineUpdater (StateMachineUpdater.java:takeSnapshot(291)) - 5adff45c-d552-4fe9-ae5a-69c6287068c4@group-B0860DD71571-StateMachineUpdater: Took a snapshot at index 0
2023-06-06 14:28:54,932 [5adff45c-d552-4fe9-ae5a-69c6287068c4@group-B0860DD71571-StateMachineUpdater] INFO  impl.StateMachineUpdater (StateMachineUpdater.java:lambda$new$0(97)) - 5adff45c-d552-4fe9-ae5a-69c6287068c4@group-B0860DD71571-StateMachineUpdater: snapshotIndex: updateIncreasingly -1 -> 0
2023-06-06 14:28:54,933 [5adff45c-d552-4fe9-ae5a-69c6287068c4-impl-thread2] INFO  server.RaftServer$Division (ServerState.java:close(472)) - 5adff45c-d552-4fe9-ae5a-69c6287068c4@group-B0860DD71571: closes. applyIndex: 0
2023-06-06 14:28:54,944 [grpc-default-executor-4] INFO  server.GrpcLogAppender (GrpcLogAppender.java:onCompleted(428)) - 5adff45c-d552-4fe9-ae5a-69c6287068c4@group-B0860DD71571->77d17280-0276-45d4-bf82-17b9da904fb0-AppendLogResponseHandler: follower responses appendEntries COMPLETED
2023-06-06 14:28:54,944 [grpc-default-executor-4] WARN  server.GrpcLogAppender (GrpcLogAppender.java:resetClient(137)) - 5adff45c-d552-4fe9-ae5a-69c6287068c4@group-B0860DD71571->77d17280-0276-45d4-bf82-17b9da904fb0-GrpcLogAppender: Failed to getClient for 77d17280-0276-45d4-bf82-17b9da904fb0
org.apache.ratis.protocol.exceptions.AlreadyClosedException: 5adff45c-d552-4fe9-ae5a-69c6287068c4 is already CLOSED
	at org.apache.ratis.util.PeerProxyMap$PeerAndProxy.getProxy(PeerProxyMap.java:61)
	at org.apache.ratis.util.PeerProxyMap.getProxy(PeerProxyMap.java:115)
	at org.apache.ratis.grpc.server.GrpcLogAppender.getClient(GrpcLogAppender.java:112)
	at org.apache.ratis.grpc.server.GrpcLogAppender.resetClient(GrpcLogAppender.java:117)
	at org.apache.ratis.grpc.server.GrpcLogAppender.access$500(GrpcLogAppender.java:56)
	at org.apache.ratis.grpc.server.GrpcLogAppender$AppendLogResponseHandler.onCompleted(GrpcLogAppender.java:429)
	at org.apache.ratis.thirdparty.io.grpc.stub.ClientCalls$StreamObserverToCallListenerAdapter.onClose(ClientCalls.java:485)
	at org.apache.ratis.thirdparty.io.grpc.internal.DelayedClientCall$DelayedListener$3.run(DelayedClientCall.java:471)
	at org.apache.ratis.thirdparty.io.grpc.internal.DelayedClientCall$DelayedListener.delayOrExecute(DelayedClientCall.java:435)
	at org.apache.ratis.thirdparty.io.grpc.internal.DelayedClientCall$DelayedListener.onClose(DelayedClientCall.java:468)
	at org.apache.ratis.thirdparty.io.grpc.internal.ClientCallImpl.closeObserver(ClientCallImpl.java:563)
	at org.apache.ratis.thirdparty.io.grpc.internal.ClientCallImpl.access$300(ClientCallImpl.java:70)
	at org.apache.ratis.thirdparty.io.grpc.internal.ClientCallImpl$ClientStreamListenerImpl$1StreamClosed.runInternal(ClientCallImpl.java:744)
	at org.apache.ratis.thirdparty.io.grpc.internal.ClientCallImpl$ClientStreamListenerImpl$1StreamClosed.runInContext(ClientCallImpl.java:723)
	at org.apache.ratis.thirdparty.io.grpc.internal.ContextRunnable.run(ContextRunnable.java:37)
	at org.apache.ratis.thirdparty.io.grpc.internal.SerializingExecutor.run(SerializingExecutor.java:133)
	at java.util.concurrent.ThreadPoolExecutor.runWorker(ThreadPoolExecutor.java:1149)
	at java.util.concurrent.ThreadPoolExecutor$Worker.run(ThreadPoolExecutor.java:624)
	at java.lang.Thread.run(Thread.java:750)
2023-06-06 14:28:54,949 [grpc-default-executor-3] INFO  server.GrpcLogAppender (GrpcLogAppender.java:onError(417)) - 5adff45c-d552-4fe9-ae5a-69c6287068c4@group-B0860DD71571->68f873c3-529d-421e-809c-72d7a1225c33-GrpcLogAppender is already stopped
2023-06-06 14:28:54,949 [grpc-default-executor-4] INFO  server.GrpcLogAppender (GrpcLogAppender.java:onCompleted(428)) - 5adff45c-d552-4fe9-ae5a-69c6287068c4@group-B0860DD71571->77d17280-0276-45d4-bf82-17b9da904fb0-AppendLogResponseHandler: follower responses appendEntries COMPLETED
2023-06-06 14:28:54,949 [grpc-default-executor-4] WARN  server.GrpcLogAppender (GrpcLogAppender.java:resetClient(137)) - 5adff45c-d552-4fe9-ae5a-69c6287068c4@group-B0860DD71571->77d17280-0276-45d4-bf82-17b9da904fb0-GrpcLogAppender: Failed to getClient for 77d17280-0276-45d4-bf82-17b9da904fb0
org.apache.ratis.protocol.exceptions.AlreadyClosedException: 5adff45c-d552-4fe9-ae5a-69c6287068c4 is already CLOSED
	at org.apache.ratis.util.PeerProxyMap$PeerAndProxy.getProxy(PeerProxyMap.java:61)
	at org.apache.ratis.util.PeerProxyMap.getProxy(PeerProxyMap.java:115)
	at org.apache.ratis.grpc.server.GrpcLogAppender.getClient(GrpcLogAppender.java:112)
	at org.apache.ratis.grpc.server.GrpcLogAppender.resetClient(GrpcLogAppender.java:117)
	at org.apache.ratis.grpc.server.GrpcLogAppender.access$500(GrpcLogAppender.java:56)
	at org.apache.ratis.grpc.server.GrpcLogAppender$AppendLogResponseHandler.onCompleted(GrpcLogAppender.java:429)
	at org.apache.ratis.thirdparty.io.grpc.stub.ClientCalls$StreamObserverToCallListenerAdapter.onClose(ClientCalls.java:485)
	at org.apache.ratis.thirdparty.io.grpc.internal.ClientCallImpl.closeObserver(ClientCallImpl.java:563)
	at org.apache.ratis.thirdparty.io.grpc.internal.ClientCallImpl.access$300(ClientCallImpl.java:70)
	at org.apache.ratis.thirdparty.io.grpc.internal.ClientCallImpl$ClientStreamListenerImpl$1StreamClosed.runInternal(ClientCallImpl.java:744)
	at org.apache.ratis.thirdparty.io.grpc.internal.ClientCallImpl$ClientStreamListenerImpl$1StreamClosed.runInContext(ClientCallImpl.java:723)
	at org.apache.ratis.thirdparty.io.grpc.internal.ContextRunnable.run(ContextRunnable.java:37)
	at org.apache.ratis.thirdparty.io.grpc.internal.SerializingExecutor.run(SerializingExecutor.java:133)
	at java.util.concurrent.ThreadPoolExecutor.runWorker(ThreadPoolExecutor.java:1149)
	at java.util.concurrent.ThreadPoolExecutor$Worker.run(ThreadPoolExecutor.java:624)
	at java.lang.Thread.run(Thread.java:750)
2023-06-06 14:28:54,950 [grpc-default-executor-0] INFO  server.GrpcLogAppender (GrpcLogAppender.java:onError(417)) - 5adff45c-d552-4fe9-ae5a-69c6287068c4@group-B0860DD71571->68f873c3-529d-421e-809c-72d7a1225c33-GrpcLogAppender is already stopped
2023-06-06 14:28:54,950 [Time-limited test] INFO  server.GrpcService (GrpcService.java:closeImpl(320)) - 68f873c3-529d-421e-809c-72d7a1225c33: shutdown server GrpcServerProtocolService successfully
2023-06-06 14:28:54,950 [Time-limited test] INFO  server.GrpcService (GrpcService.java:closeImpl(311)) - 68f873c3-529d-421e-809c-72d7a1225c33: shutdown server org.apache.ratis.grpc.server.GrpcAdminProtocolService now
2023-06-06 14:28:54,952 [ForkJoinPool.commonPool-worker-2] INFO  server.GrpcService (GrpcService.java:closeImpl(320)) - 5adff45c-d552-4fe9-ae5a-69c6287068c4: shutdown server org.apache.ratis.grpc.server.GrpcClientProtocolService successfully
2023-06-06 14:28:54,952 [ForkJoinPool.commonPool-worker-2] INFO  server.GrpcService (GrpcService.java:closeImpl(311)) - 5adff45c-d552-4fe9-ae5a-69c6287068c4: shutdown server GrpcServerProtocolService now
2023-06-06 14:28:54,958 [grpc-default-executor-6] WARN  server.GrpcServerProtocolService (LogUtils.java:warn(122)) - 68f873c3-529d-421e-809c-72d7a1225c33: APPEND_ENTRIES onError, lastRequest: 5adff45c-d552-4fe9-ae5a-69c6287068c4->68f873c3-529d-421e-809c-72d7a1225c33#1-t1,previous=(t:0, i:0),leaderCommit=-1,initializing? true,entries: size=1, first=(t:1, i:0), CONFIGURATIONENTRY(current:id: "77d17280-0276-45d4-bf82-17b9da904fb0"
address: "10.1.0.37:15136"
dataStreamAddress: "10.1.0.37:15137"
clientAddress: "10.1.0.37:15134"
adminAddress: "10.1.0.37:15135"
startupRole: FOLLOWER
,id: "68f873c3-529d-421e-809c-72d7a1225c33"
address: "10.1.0.37:15127"
dataStreamAddress: "10.1.0.37:15128"
clientAddress: "10.1.0.37:15125"
adminAddress: "10.1.0.37:15126"
startupRole: FOLLOWER
,id: "5adff45c-d552-4fe9-ae5a-69c6287068c4"
address: "10.1.0.37:15118"
priority: 1
dataStreamAddress: "10.1.0.37:15119"
clientAddress: "10.1.0.37:15116"
adminAddress: "10.1.0.37:15117"
startupRole: FOLLOWER
, old:): org.apache.ratis.thirdparty.io.grpc.StatusRuntimeException: CANCELLED: client cancelled
2023-06-06 14:28:54,958 [ForkJoinPool.commonPool-worker-3] INFO  server.RaftServer (RaftServerProxy.java:lambda$close$6(416)) - 77d17280-0276-45d4-bf82-17b9da904fb0: close
2023-06-06 14:28:54,974 [77d17280-0276-45d4-bf82-17b9da904fb0-impl-thread1] INFO  server.RaftServer$Division (RaftServerImpl.java:lambda$close$4(466)) - 77d17280-0276-45d4-bf82-17b9da904fb0@group-4D9E7B64EBD6: shutdown
2023-06-06 14:28:54,974 [77d17280-0276-45d4-bf82-17b9da904fb0-impl-thread1] INFO  util.JmxRegister (JmxRegister.java:unregister(73)) - Successfully un-registered JMX Bean with object name Ratis:service=RaftServer,group=group-4D9E7B64EBD6,id=77d17280-0276-45d4-bf82-17b9da904fb0
2023-06-06 14:28:54,974 [77d17280-0276-45d4-bf82-17b9da904fb0-impl-thread1] INFO  impl.RoleInfo (RoleInfo.java:shutdownFollowerState(110)) - 77d17280-0276-45d4-bf82-17b9da904fb0: shutdown 77d17280-0276-45d4-bf82-17b9da904fb0@group-4D9E7B64EBD6-FollowerState
2023-06-06 14:28:54,980 [77d17280-0276-45d4-bf82-17b9da904fb0-impl-thread2] INFO  server.RaftServer$Division (RaftServerImpl.java:lambda$close$4(466)) - 77d17280-0276-45d4-bf82-17b9da904fb0@group-B0860DD71571: shutdown
2023-06-06 14:28:54,987 [77d17280-0276-45d4-bf82-17b9da904fb0-impl-thread2] INFO  util.JmxRegister (JmxRegister.java:unregister(73)) - Successfully un-registered JMX Bean with object name Ratis:service=RaftServer,group=group-B0860DD71571,id=77d17280-0276-45d4-bf82-17b9da904fb0
2023-06-06 14:28:54,987 [77d17280-0276-45d4-bf82-17b9da904fb0-impl-thread2] INFO  impl.RoleInfo (RoleInfo.java:shutdownFollowerState(110)) - 77d17280-0276-45d4-bf82-17b9da904fb0: shutdown 77d17280-0276-45d4-bf82-17b9da904fb0@group-B0860DD71571-FollowerState
2023-06-06 14:28:54,987 [77d17280-0276-45d4-bf82-17b9da904fb0-impl-thread2] INFO  impl.StateMachineUpdater (StateMachineUpdater.java:stopAndJoin(155)) - 77d17280-0276-45d4-bf82-17b9da904fb0@group-B0860DD71571-StateMachineUpdater: set stopIndex = -1
2023-06-06 14:28:54,987 [77d17280-0276-45d4-bf82-17b9da904fb0@group-B0860DD71571-FollowerState] INFO  impl.FollowerState (FollowerState.java:run(152)) - 77d17280-0276-45d4-bf82-17b9da904fb0@group-B0860DD71571-FollowerState was interrupted
2023-06-06 14:28:54,988 [77d17280-0276-45d4-bf82-17b9da904fb0-impl-thread3] INFO  server.RaftServer$Division (RaftServerImpl.java:lambda$close$4(466)) - 77d17280-0276-45d4-bf82-17b9da904fb0@group-D5DCF26F586C: shutdown
2023-06-06 14:28:54,988 [77d17280-0276-45d4-bf82-17b9da904fb0-impl-thread3] INFO  util.JmxRegister (JmxRegister.java:unregister(73)) - Successfully un-registered JMX Bean with object name Ratis:service=RaftServer,group=group-D5DCF26F586C,id=77d17280-0276-45d4-bf82-17b9da904fb0
2023-06-06 14:28:54,989 [77d17280-0276-45d4-bf82-17b9da904fb0-impl-thread3] INFO  impl.RoleInfo (RoleInfo.java:shutdownLeaderState(93)) - 77d17280-0276-45d4-bf82-17b9da904fb0: shutdown 77d17280-0276-45d4-bf82-17b9da904fb0@group-D5DCF26F586C-LeaderStateImpl
2023-06-06 14:28:54,989 [77d17280-0276-45d4-bf82-17b9da904fb0-impl-thread3] INFO  impl.PendingRequests (PendingRequests.java:sendNotLeaderResponses(289)) - 77d17280-0276-45d4-bf82-17b9da904fb0@group-D5DCF26F586C-PendingRequests: sendNotLeaderResponses
2023-06-06 14:28:54,989 [77d17280-0276-45d4-bf82-17b9da904fb0-impl-thread3] INFO  impl.StateMachineUpdater (StateMachineUpdater.java:stopAndJoin(155)) - 77d17280-0276-45d4-bf82-17b9da904fb0@group-D5DCF26F586C-StateMachineUpdater: set stopIndex = 0
2023-06-06 14:28:54,987 [Time-limited test] INFO  server.GrpcService (GrpcService.java:closeImpl(320)) - 68f873c3-529d-421e-809c-72d7a1225c33: shutdown server org.apache.ratis.grpc.server.GrpcAdminProtocolService successfully
2023-06-06 14:28:54,980 [ForkJoinPool.commonPool-worker-3] INFO  server.GrpcService (GrpcService.java:closeImpl(311)) - 77d17280-0276-45d4-bf82-17b9da904fb0: shutdown server org.apache.ratis.grpc.server.GrpcClientProtocolService now
2023-06-06 14:28:54,990 [68f873c3-529d-421e-809c-72d7a1225c33-NettyServerStreamRpc-bossGroup--thread1] INFO  logging.LoggingHandler (AbstractInternalLogger.java:log(148)) - [id: 0x31a84c1c, L:/0:0:0:0:0:0:0:0:15128] CLOSE
2023-06-06 14:28:54,990 [77d17280-0276-45d4-bf82-17b9da904fb0@group-D5DCF26F586C-StateMachineUpdater] INFO  ratis.ContainerStateMachine (ContainerStateMachine.java:takeSnapshot(330)) - group-D5DCF26F586C: Taking a snapshot at:(t:1, i:0) file /home/runner/work/ozone/ozone/hadoop-ozone/integration-test/target/test-dir/MiniOzoneClusterImpl-19dab9f3-ddac-4c20-9ee1-602e65f43fab/datanode-2/data/ratis/9fe5b7f7-d4a4-4730-8354-d5dcf26f586c/sm/snapshot.1_0
2023-06-06 14:28:54,990 [68f873c3-529d-421e-809c-72d7a1225c33-NettyServerStreamRpc-bossGroup--thread1] INFO  logging.LoggingHandler (AbstractInternalLogger.java:log(148)) - [id: 0x31a84c1c, L:/0:0:0:0:0:0:0:0:15128] INACTIVE
2023-06-06 14:28:54,991 [68f873c3-529d-421e-809c-72d7a1225c33-NettyServerStreamRpc-bossGroup--thread1] INFO  logging.LoggingHandler (AbstractInternalLogger.java:log(148)) - [id: 0x31a84c1c, L:/0:0:0:0:0:0:0:0:15128] UNREGISTERED
2023-06-06 14:28:54,990 [77d17280-0276-45d4-bf82-17b9da904fb0@group-4D9E7B64EBD6-FollowerState] INFO  impl.FollowerState (FollowerState.java:run(152)) - 77d17280-0276-45d4-bf82-17b9da904fb0@group-4D9E7B64EBD6-FollowerState was interrupted
2023-06-06 14:28:54,990 [77d17280-0276-45d4-bf82-17b9da904fb0-impl-thread2] INFO  server.RaftServer$Division (ServerState.java:close(472)) - 77d17280-0276-45d4-bf82-17b9da904fb0@group-B0860DD71571: closes. applyIndex: -1
2023-06-06 14:28:54,990 [77d17280-0276-45d4-bf82-17b9da904fb0-impl-thread1] INFO  impl.StateMachineUpdater (StateMachineUpdater.java:stopAndJoin(155)) - 77d17280-0276-45d4-bf82-17b9da904fb0@group-4D9E7B64EBD6-StateMachineUpdater: set stopIndex = -1
2023-06-06 14:28:54,991 [77d17280-0276-45d4-bf82-17b9da904fb0-impl-thread1] INFO  server.RaftServer$Division (ServerState.java:close(472)) - 77d17280-0276-45d4-bf82-17b9da904fb0@group-4D9E7B64EBD6: closes. applyIndex: -1
2023-06-06 14:28:54,991 [77d17280-0276-45d4-bf82-17b9da904fb0@group-D5DCF26F586C-StateMachineUpdater] INFO  ratis.ContainerStateMachine (ContainerStateMachine.java:takeSnapshot(341)) - group-D5DCF26F586C: Finished taking a snapshot at:(t:1, i:0) file:/home/runner/work/ozone/ozone/hadoop-ozone/integration-test/target/test-dir/MiniOzoneClusterImpl-19dab9f3-ddac-4c20-9ee1-602e65f43fab/datanode-2/data/ratis/9fe5b7f7-d4a4-4730-8354-d5dcf26f586c/sm/snapshot.1_0 took: 2 ms
2023-06-06 14:28:54,992 [77d17280-0276-45d4-bf82-17b9da904fb0@group-D5DCF26F586C-StateMachineUpdater] INFO  impl.StateMachineUpdater (StateMachineUpdater.java:takeSnapshot(291)) - 77d17280-0276-45d4-bf82-17b9da904fb0@group-D5DCF26F586C-StateMachineUpdater: Took a snapshot at index 0
2023-06-06 14:28:54,992 [77d17280-0276-45d4-bf82-17b9da904fb0@group-D5DCF26F586C-StateMachineUpdater] INFO  impl.StateMachineUpdater (StateMachineUpdater.java:lambda$new$0(97)) - 77d17280-0276-45d4-bf82-17b9da904fb0@group-D5DCF26F586C-StateMachineUpdater: snapshotIndex: updateIncreasingly -1 -> 0
2023-06-06 14:28:54,993 [77d17280-0276-45d4-bf82-17b9da904fb0-impl-thread3] INFO  server.RaftServer$Division (ServerState.java:close(472)) - 77d17280-0276-45d4-bf82-17b9da904fb0@group-D5DCF26F586C: closes. applyIndex: 0
2023-06-06 14:28:55,006 [ForkJoinPool.commonPool-worker-2] INFO  server.GrpcService (GrpcService.java:closeImpl(320)) - 5adff45c-d552-4fe9-ae5a-69c6287068c4: shutdown server GrpcServerProtocolService successfully
2023-06-06 14:28:55,006 [ForkJoinPool.commonPool-worker-2] INFO  server.GrpcService (GrpcService.java:closeImpl(311)) - 5adff45c-d552-4fe9-ae5a-69c6287068c4: shutdown server org.apache.ratis.grpc.server.GrpcAdminProtocolService now
2023-06-06 14:28:55,007 [ForkJoinPool.commonPool-worker-3] INFO  server.GrpcService (GrpcService.java:closeImpl(320)) - 77d17280-0276-45d4-bf82-17b9da904fb0: shutdown server org.apache.ratis.grpc.server.GrpcClientProtocolService successfully
2023-06-06 14:28:55,007 [ForkJoinPool.commonPool-worker-3] INFO  server.GrpcService (GrpcService.java:closeImpl(311)) - 77d17280-0276-45d4-bf82-17b9da904fb0: shutdown server GrpcServerProtocolService now
2023-06-06 14:28:55,018 [ForkJoinPool.commonPool-worker-2] INFO  server.GrpcService (GrpcService.java:closeImpl(320)) - 5adff45c-d552-4fe9-ae5a-69c6287068c4: shutdown server org.apache.ratis.grpc.server.GrpcAdminProtocolService successfully
2023-06-06 14:28:55,018 [5adff45c-d552-4fe9-ae5a-69c6287068c4-NettyServerStreamRpc-bossGroup--thread1] INFO  logging.LoggingHandler (AbstractInternalLogger.java:log(148)) - [id: 0x208b8377, L:/0:0:0:0:0:0:0:0:15119] CLOSE
2023-06-06 14:28:55,018 [5adff45c-d552-4fe9-ae5a-69c6287068c4-NettyServerStreamRpc-bossGroup--thread1] INFO  logging.LoggingHandler (AbstractInternalLogger.java:log(148)) - [id: 0x208b8377, L:/0:0:0:0:0:0:0:0:15119] INACTIVE
2023-06-06 14:28:55,019 [5adff45c-d552-4fe9-ae5a-69c6287068c4-NettyServerStreamRpc-bossGroup--thread1] INFO  logging.LoggingHandler (AbstractInternalLogger.java:log(148)) - [id: 0x208b8377, L:/0:0:0:0:0:0:0:0:15119] UNREGISTERED
2023-06-06 14:28:55,074 [ForkJoinPool.commonPool-worker-3] INFO  server.GrpcService (GrpcService.java:closeImpl(320)) - 77d17280-0276-45d4-bf82-17b9da904fb0: shutdown server GrpcServerProtocolService successfully
2023-06-06 14:28:55,074 [ForkJoinPool.commonPool-worker-3] INFO  server.GrpcService (GrpcService.java:closeImpl(311)) - 77d17280-0276-45d4-bf82-17b9da904fb0: shutdown server org.apache.ratis.grpc.server.GrpcAdminProtocolService now
2023-06-06 14:28:55,092 [ForkJoinPool.commonPool-worker-3] INFO  server.GrpcService (GrpcService.java:closeImpl(320)) - 77d17280-0276-45d4-bf82-17b9da904fb0: shutdown server org.apache.ratis.grpc.server.GrpcAdminProtocolService successfully
2023-06-06 14:28:55,093 [77d17280-0276-45d4-bf82-17b9da904fb0-NettyServerStreamRpc-bossGroup--thread1] INFO  logging.LoggingHandler (AbstractInternalLogger.java:log(148)) - [id: 0x9b292ac9, L:/0:0:0:0:0:0:0:0:15137] CLOSE
2023-06-06 14:28:55,094 [77d17280-0276-45d4-bf82-17b9da904fb0-NettyServerStreamRpc-bossGroup--thread1] INFO  logging.LoggingHandler (AbstractInternalLogger.java:log(148)) - [id: 0x9b292ac9, L:/0:0:0:0:0:0:0:0:15137] INACTIVE
2023-06-06 14:28:55,094 [77d17280-0276-45d4-bf82-17b9da904fb0-NettyServerStreamRpc-bossGroup--thread1] INFO  logging.LoggingHandler (AbstractInternalLogger.java:log(148)) - [id: 0x9b292ac9, L:/0:0:0:0:0:0:0:0:15137] UNREGISTERED
2023-06-06 14:28:55,110 [77d17280-0276-45d4-bf82-17b9da904fb0-impl-thread3] INFO  segmented.SegmentedRaftLogWorker (SegmentedRaftLogWorker.java:close(252)) - 77d17280-0276-45d4-bf82-17b9da904fb0@group-D5DCF26F586C-SegmentedRaftLogWorker close()
2023-06-06 14:28:55,385 [5adff45c-d552-4fe9-ae5a-69c6287068c4-impl-thread3] INFO  segmented.SegmentedRaftLogWorker (SegmentedRaftLogWorker.java:close(252)) - 5adff45c-d552-4fe9-ae5a-69c6287068c4@group-62CB3B2BBA76-SegmentedRaftLogWorker close()
2023-06-06 14:28:55,534 [5adff45c-d552-4fe9-ae5a-69c6287068c4-impl-thread2] INFO  segmented.SegmentedRaftLogWorker (SegmentedRaftLogWorker.java:close(252)) - 5adff45c-d552-4fe9-ae5a-69c6287068c4@group-B0860DD71571-SegmentedRaftLogWorker close()
2023-06-06 14:28:55,559 [77d17280-0276-45d4-bf82-17b9da904fb0-impl-thread2] INFO  segmented.SegmentedRaftLogWorker (SegmentedRaftLogWorker.java:close(252)) - 77d17280-0276-45d4-bf82-17b9da904fb0@group-B0860DD71571-SegmentedRaftLogWorker close()
2023-06-06 14:28:55,581 [68f873c3-529d-421e-809c-72d7a1225c33-impl-thread2] INFO  segmented.SegmentedRaftLogWorker (SegmentedRaftLogWorker.java:close(252)) - 68f873c3-529d-421e-809c-72d7a1225c33@group-B0860DD71571-SegmentedRaftLogWorker close()
2023-06-06 14:28:55,772 [68f873c3-529d-421e-809c-72d7a1225c33-impl-thread3] INFO  segmented.SegmentedRaftLogWorker (SegmentedRaftLogWorker.java:close(252)) - 68f873c3-529d-421e-809c-72d7a1225c33@group-37AEA8A47266-SegmentedRaftLogWorker close()
2023-06-06 14:28:55,807 [68f873c3-529d-421e-809c-72d7a1225c33-impl-thread1] INFO  segmented.SegmentedRaftLogWorker (SegmentedRaftLogWorker.java:close(252)) - 68f873c3-529d-421e-809c-72d7a1225c33@group-4D9E7B64EBD6-SegmentedRaftLogWorker close()
2023-06-06 14:28:55,809 [JvmPauseMonitor20] INFO  util.JvmPauseMonitor (JvmPauseMonitor.java:run(109)) - JvmPauseMonitor-68f873c3-529d-421e-809c-72d7a1225c33: Stopped
2023-06-06 14:28:55,860 [5adff45c-d552-4fe9-ae5a-69c6287068c4-impl-thread1] INFO  segmented.SegmentedRaftLogWorker (SegmentedRaftLogWorker.java:close(252)) - 5adff45c-d552-4fe9-ae5a-69c6287068c4@group-4D9E7B64EBD6-SegmentedRaftLogWorker close()
2023-06-06 14:28:55,860 [77d17280-0276-45d4-bf82-17b9da904fb0-impl-thread1] INFO  segmented.SegmentedRaftLogWorker (SegmentedRaftLogWorker.java:close(252)) - 77d17280-0276-45d4-bf82-17b9da904fb0@group-4D9E7B64EBD6-SegmentedRaftLogWorker close()
2023-06-06 14:28:55,861 [JvmPauseMonitor19] INFO  util.JvmPauseMonitor (JvmPauseMonitor.java:run(109)) - JvmPauseMonitor-5adff45c-d552-4fe9-ae5a-69c6287068c4: Stopped
2023-06-06 14:28:55,863 [JvmPauseMonitor21] INFO  util.JvmPauseMonitor (JvmPauseMonitor.java:run(109)) - JvmPauseMonitor-77d17280-0276-45d4-bf82-17b9da904fb0: Stopped
2023-06-06 14:28:57,814 [Time-limited test] INFO  utils.DatanodeStoreCache (DatanodeStoreCache.java:shutdownCache(110)) - Skip clearing cache in mini cluster mode. Entries left: [/home/runner/work/ozone/ozone/hadoop-ozone/integration-test/target/test-dir/MiniOzoneClusterImpl-19dab9f3-ddac-4c20-9ee1-602e65f43fab/datanode-0/data-0/containers/hdds/19dab9f3-ddac-4c20-9ee1-602e65f43fab/DS-46e69eee-d952-4fcf-9c86-c683f33bae24/container.db, /home/runner/work/ozone/ozone/hadoop-ozone/integration-test/target/test-dir/MiniOzoneClusterImpl-19dab9f3-ddac-4c20-9ee1-602e65f43fab/datanode-1/data-0/containers/hdds/19dab9f3-ddac-4c20-9ee1-602e65f43fab/DS-992fa362-0e32-4e98-9447-a5db8d53ca6c/container.db, /home/runner/work/ozone/ozone/hadoop-ozone/integration-test/target/test-dir/MiniOzoneClusterImpl-19dab9f3-ddac-4c20-9ee1-602e65f43fab/datanode-2/data-0/containers/hdds/19dab9f3-ddac-4c20-9ee1-602e65f43fab/DS-a2f49d5c-9998-4b10-8678-df3fad6d961d/container.db]
2023-06-06 14:28:57,817 [Time-limited test] INFO  utils.DatanodeStoreCache (DatanodeStoreCache.java:removeDB(104)) - Removed db /home/runner/work/ozone/ozone/hadoop-ozone/integration-test/target/test-dir/MiniOzoneClusterImpl-19dab9f3-ddac-4c20-9ee1-602e65f43fab/datanode-1/data-0/containers/hdds/19dab9f3-ddac-4c20-9ee1-602e65f43fab/DS-992fa362-0e32-4e98-9447-a5db8d53ca6c/container.db from cache
2023-06-06 14:28:57,817 [Time-limited test] INFO  volume.HddsVolume (HddsVolume.java:closeDbStore(437)) - SchemaV3 db is stopped at /home/runner/work/ozone/ozone/hadoop-ozone/integration-test/target/test-dir/MiniOzoneClusterImpl-19dab9f3-ddac-4c20-9ee1-602e65f43fab/datanode-1/data-0/containers/hdds/19dab9f3-ddac-4c20-9ee1-602e65f43fab/DS-992fa362-0e32-4e98-9447-a5db8d53ca6c/container.db for volume DS-992fa362-0e32-4e98-9447-a5db8d53ca6c
2023-06-06 14:28:57,817 [Time-limited test] INFO  utils.BackgroundService (BackgroundService.java:shutdown(141)) - Shutting down service BlockDeletingService
2023-06-06 14:28:57,817 [Time-limited test] INFO  utils.BackgroundService (BackgroundService.java:shutdown(141)) - Shutting down service StaleRecoveringContainerScrubbingService
2023-06-06 14:28:57,818 [Time-limited test] INFO  statemachine.DatanodeStateMachine (DatanodeStateMachine.java:stopDaemon(605)) - Ozone container server stopped.
2023-06-06 14:28:57,827 [Time-limited test] INFO  handler.ContextHandler (ContextHandler.java:doStop(1159)) - Stopped o.e.j.w.WebAppContext@5ea76dfa{hddsDatanode,/,null,STOPPED}{jar:file:/home/runner/.m2/repository/org/apache/ozone/hdds-container-service/1.4.0-SNAPSHOT/hdds-container-service-1.4.0-SNAPSHOT.jar!/webapps/hddsDatanode}
2023-06-06 14:28:57,828 [Time-limited test] INFO  server.AbstractConnector (AbstractConnector.java:doStop(383)) - Stopped ServerConnector@7ea38a6e{HTTP/1.1, (http/1.1)}{0.0.0.0:15122}
2023-06-06 14:28:57,828 [Time-limited test] INFO  server.session (HouseKeeper.java:stopScavenging(149)) - node0 Stopped scavenging
2023-06-06 14:28:57,828 [Time-limited test] INFO  handler.ContextHandler (ContextHandler.java:doStop(1159)) - Stopped o.e.j.s.ServletContextHandler@75da8bb8{static,/static,jar:file:/home/runner/.m2/repository/org/apache/ozone/hdds-container-service/1.4.0-SNAPSHOT/hdds-container-service-1.4.0-SNAPSHOT.jar!/webapps/static,STOPPED}
2023-06-06 14:28:57,828 [Time-limited test] INFO  handler.ContextHandler (ContextHandler.java:doStop(1159)) - Stopped o.e.j.s.ServletContextHandler@4660e152{logs,/logs,file:///home/runner/work/ozone/ozone/hadoop-ozone/integration-test/target/log,STOPPED}
2023-06-06 14:28:57,829 [Time-limited test] INFO  ozone.HddsDatanodeClientProtocolServer (HddsDatanodeClientProtocolServer.java:stop(89)) - Stopping the RPC server for Client Protocol
2023-06-06 14:28:57,830 [Time-limited test] INFO  ipc.Server (Server.java:stop(3501)) - Stopping server on 15123
2023-06-06 14:28:57,830 [IPC Server listener on 15123] INFO  ipc.Server (Server.java:run(1430)) - Stopping IPC Server listener on 15123
2023-06-06 14:28:57,834 [IPC Server Responder] INFO  ipc.Server (Server.java:run(1563)) - Stopping IPC Server Responder
2023-06-06 14:28:57,864 [ForkJoinPool.commonPool-worker-2] INFO  utils.DatanodeStoreCache (DatanodeStoreCache.java:shutdownCache(110)) - Skip clearing cache in mini cluster mode. Entries left: [/home/runner/work/ozone/ozone/hadoop-ozone/integration-test/target/test-dir/MiniOzoneClusterImpl-19dab9f3-ddac-4c20-9ee1-602e65f43fab/datanode-0/data-0/containers/hdds/19dab9f3-ddac-4c20-9ee1-602e65f43fab/DS-46e69eee-d952-4fcf-9c86-c683f33bae24/container.db, /home/runner/work/ozone/ozone/hadoop-ozone/integration-test/target/test-dir/MiniOzoneClusterImpl-19dab9f3-ddac-4c20-9ee1-602e65f43fab/datanode-2/data-0/containers/hdds/19dab9f3-ddac-4c20-9ee1-602e65f43fab/DS-a2f49d5c-9998-4b10-8678-df3fad6d961d/container.db]
2023-06-06 14:28:57,867 [ForkJoinPool.commonPool-worker-2] INFO  utils.DatanodeStoreCache (DatanodeStoreCache.java:removeDB(104)) - Removed db /home/runner/work/ozone/ozone/hadoop-ozone/integration-test/target/test-dir/MiniOzoneClusterImpl-19dab9f3-ddac-4c20-9ee1-602e65f43fab/datanode-0/data-0/containers/hdds/19dab9f3-ddac-4c20-9ee1-602e65f43fab/DS-46e69eee-d952-4fcf-9c86-c683f33bae24/container.db from cache
2023-06-06 14:28:57,867 [ForkJoinPool.commonPool-worker-2] INFO  volume.HddsVolume (HddsVolume.java:closeDbStore(437)) - SchemaV3 db is stopped at /home/runner/work/ozone/ozone/hadoop-ozone/integration-test/target/test-dir/MiniOzoneClusterImpl-19dab9f3-ddac-4c20-9ee1-602e65f43fab/datanode-0/data-0/containers/hdds/19dab9f3-ddac-4c20-9ee1-602e65f43fab/DS-46e69eee-d952-4fcf-9c86-c683f33bae24/container.db for volume DS-46e69eee-d952-4fcf-9c86-c683f33bae24
2023-06-06 14:28:57,867 [ForkJoinPool.commonPool-worker-2] INFO  utils.BackgroundService (BackgroundService.java:shutdown(141)) - Shutting down service BlockDeletingService
2023-06-06 14:28:57,868 [ForkJoinPool.commonPool-worker-3] INFO  utils.DatanodeStoreCache (DatanodeStoreCache.java:shutdownCache(110)) - Skip clearing cache in mini cluster mode. Entries left: [/home/runner/work/ozone/ozone/hadoop-ozone/integration-test/target/test-dir/MiniOzoneClusterImpl-19dab9f3-ddac-4c20-9ee1-602e65f43fab/datanode-2/data-0/containers/hdds/19dab9f3-ddac-4c20-9ee1-602e65f43fab/DS-a2f49d5c-9998-4b10-8678-df3fad6d961d/container.db]
2023-06-06 14:28:57,868 [ForkJoinPool.commonPool-worker-2] INFO  utils.BackgroundService (BackgroundService.java:shutdown(141)) - Shutting down service StaleRecoveringContainerScrubbingService
2023-06-06 14:28:57,871 [ForkJoinPool.commonPool-worker-3] INFO  utils.DatanodeStoreCache (DatanodeStoreCache.java:removeDB(104)) - Removed db /home/runner/work/ozone/ozone/hadoop-ozone/integration-test/target/test-dir/MiniOzoneClusterImpl-19dab9f3-ddac-4c20-9ee1-602e65f43fab/datanode-2/data-0/containers/hdds/19dab9f3-ddac-4c20-9ee1-602e65f43fab/DS-a2f49d5c-9998-4b10-8678-df3fad6d961d/container.db from cache
2023-06-06 14:28:57,871 [ForkJoinPool.commonPool-worker-3] INFO  volume.HddsVolume (HddsVolume.java:closeDbStore(437)) - SchemaV3 db is stopped at /home/runner/work/ozone/ozone/hadoop-ozone/integration-test/target/test-dir/MiniOzoneClusterImpl-19dab9f3-ddac-4c20-9ee1-602e65f43fab/datanode-2/data-0/containers/hdds/19dab9f3-ddac-4c20-9ee1-602e65f43fab/DS-a2f49d5c-9998-4b10-8678-df3fad6d961d/container.db for volume DS-a2f49d5c-9998-4b10-8678-df3fad6d961d
2023-06-06 14:28:57,871 [ForkJoinPool.commonPool-worker-2] INFO  statemachine.DatanodeStateMachine (DatanodeStateMachine.java:stopDaemon(605)) - Ozone container server stopped.
2023-06-06 14:28:57,872 [ForkJoinPool.commonPool-worker-3] INFO  utils.BackgroundService (BackgroundService.java:shutdown(141)) - Shutting down service BlockDeletingService
2023-06-06 14:28:57,873 [ForkJoinPool.commonPool-worker-3] INFO  utils.BackgroundService (BackgroundService.java:shutdown(141)) - Shutting down service StaleRecoveringContainerScrubbingService
2023-06-06 14:28:57,878 [ForkJoinPool.commonPool-worker-3] INFO  statemachine.DatanodeStateMachine (DatanodeStateMachine.java:stopDaemon(605)) - Ozone container server stopped.
2023-06-06 14:28:57,892 [ForkJoinPool.commonPool-worker-3] INFO  handler.ContextHandler (ContextHandler.java:doStop(1159)) - Stopped o.e.j.w.WebAppContext@1dacae31{hddsDatanode,/,null,STOPPED}{jar:file:/home/runner/.m2/repository/org/apache/ozone/hdds-container-service/1.4.0-SNAPSHOT/hdds-container-service-1.4.0-SNAPSHOT.jar!/webapps/hddsDatanode}
2023-06-06 14:28:57,895 [ForkJoinPool.commonPool-worker-3] INFO  server.AbstractConnector (AbstractConnector.java:doStop(383)) - Stopped ServerConnector@2fe166c2{HTTP/1.1, (http/1.1)}{0.0.0.0:15131}
2023-06-06 14:28:57,895 [ForkJoinPool.commonPool-worker-3] INFO  server.session (HouseKeeper.java:stopScavenging(149)) - node0 Stopped scavenging
2023-06-06 14:28:57,896 [ForkJoinPool.commonPool-worker-2] INFO  handler.ContextHandler (ContextHandler.java:doStop(1159)) - Stopped o.e.j.w.WebAppContext@50a635ce{hddsDatanode,/,null,STOPPED}{jar:file:/home/runner/.m2/repository/org/apache/ozone/hdds-container-service/1.4.0-SNAPSHOT/hdds-container-service-1.4.0-SNAPSHOT.jar!/webapps/hddsDatanode}
2023-06-06 14:28:57,898 [ForkJoinPool.commonPool-worker-3] INFO  handler.ContextHandler (ContextHandler.java:doStop(1159)) - Stopped o.e.j.s.ServletContextHandler@702e19f5{static,/static,jar:file:/home/runner/.m2/repository/org/apache/ozone/hdds-container-service/1.4.0-SNAPSHOT/hdds-container-service-1.4.0-SNAPSHOT.jar!/webapps/static,STOPPED}
2023-06-06 14:28:57,899 [ForkJoinPool.commonPool-worker-2] INFO  server.AbstractConnector (AbstractConnector.java:doStop(383)) - Stopped ServerConnector@16011eb9{HTTP/1.1, (http/1.1)}{0.0.0.0:15113}
2023-06-06 14:28:57,899 [ForkJoinPool.commonPool-worker-2] INFO  server.session (HouseKeeper.java:stopScavenging(149)) - node0 Stopped scavenging
2023-06-06 14:28:57,900 [ForkJoinPool.commonPool-worker-2] INFO  handler.ContextHandler (ContextHandler.java:doStop(1159)) - Stopped o.e.j.s.ServletContextHandler@748e3965{static,/static,jar:file:/home/runner/.m2/repository/org/apache/ozone/hdds-container-service/1.4.0-SNAPSHOT/hdds-container-service-1.4.0-SNAPSHOT.jar!/webapps/static,STOPPED}
2023-06-06 14:28:57,900 [ForkJoinPool.commonPool-worker-3] INFO  handler.ContextHandler (ContextHandler.java:doStop(1159)) - Stopped o.e.j.s.ServletContextHandler@23e24d8c{logs,/logs,file:///home/runner/work/ozone/ozone/hadoop-ozone/integration-test/target/log,STOPPED}
2023-06-06 14:28:57,900 [ForkJoinPool.commonPool-worker-2] INFO  handler.ContextHandler (ContextHandler.java:doStop(1159)) - Stopped o.e.j.s.ServletContextHandler@5735b23f{logs,/logs,file:///home/runner/work/ozone/ozone/hadoop-ozone/integration-test/target/log,STOPPED}
2023-06-06 14:28:57,902 [ForkJoinPool.commonPool-worker-2] INFO  ozone.HddsDatanodeClientProtocolServer (HddsDatanodeClientProtocolServer.java:stop(89)) - Stopping the RPC server for Client Protocol
2023-06-06 14:28:57,902 [ForkJoinPool.commonPool-worker-2] INFO  ipc.Server (Server.java:stop(3501)) - Stopping server on 15114
2023-06-06 14:28:57,902 [ForkJoinPool.commonPool-worker-3] INFO  ozone.HddsDatanodeClientProtocolServer (HddsDatanodeClientProtocolServer.java:stop(89)) - Stopping the RPC server for Client Protocol
2023-06-06 14:28:57,906 [ForkJoinPool.commonPool-worker-3] INFO  ipc.Server (Server.java:stop(3501)) - Stopping server on 15132
2023-06-06 14:28:57,906 [IPC Server listener on 15114] INFO  ipc.Server (Server.java:run(1430)) - Stopping IPC Server listener on 15114
2023-06-06 14:28:57,907 [IPC Server listener on 15132] INFO  ipc.Server (Server.java:run(1430)) - Stopping IPC Server listener on 15132
2023-06-06 14:28:57,910 [IPC Server Responder] INFO  ipc.Server (Server.java:run(1563)) - Stopping IPC Server Responder
2023-06-06 14:28:57,910 [IPC Server Responder] INFO  ipc.Server (Server.java:run(1563)) - Stopping IPC Server Responder
2023-06-06 14:28:57,913 [Time-limited test] INFO  ozone.MiniOzoneClusterImpl (MiniOzoneClusterImpl.java:stopSCM(537)) - Stopping the StorageContainerManager
2023-06-06 14:28:57,913 [Time-limited test] INFO  server.StorageContainerManager (StorageContainerManager.java:stop(1562)) - Container Balancer is not running.
2023-06-06 14:28:57,913 [Time-limited test] INFO  server.StorageContainerManager (StorageContainerManager.java:stopReplicationManager(1693)) - Stopping Replication Manager Service.
2023-06-06 14:28:57,913 [Time-limited test] INFO  replication.ReplicationManager (ReplicationManager.java:stop(332)) - Stopping Replication Monitor Thread.
2023-06-06 14:28:57,913 [Time-limited test] INFO  server.StorageContainerManager (StorageContainerManager.java:stop(1571)) - Stopping the Datanode Admin Monitor.
2023-06-06 14:28:57,913 [Over Replicated Processor] WARN  replication.UnhealthyReplicationProcessor (UnhealthyReplicationProcessor.java:run(167)) - Over Replicated Processor interrupted. Exiting...
2023-06-06 14:28:57,913 [Under Replicated Processor] WARN  replication.UnhealthyReplicationProcessor (UnhealthyReplicationProcessor.java:run(167)) - Under Replicated Processor interrupted. Exiting...
2023-06-06 14:28:57,913 [ReplicationMonitor] INFO  replication.ReplicationManager (ReplicationManager.java:run(938)) - Replication Monitor Thread is stopped
2023-06-06 14:28:57,913 [Time-limited test] INFO  server.StorageContainerManager (StorageContainerManager.java:stop(1578)) - Stopping datanode service RPC server
2023-06-06 14:28:57,914 [Time-limited test] INFO  server.SCMDatanodeProtocolServer (SCMDatanodeProtocolServer.java:stop(424)) - Stopping the RPC server for DataNodes
2023-06-06 14:28:57,914 [Time-limited test] INFO  ipc.Server (Server.java:stop(3501)) - Stopping server on 15106
2023-06-06 14:28:57,916 [IPC Server Responder] INFO  ipc.Server (Server.java:run(1563)) - Stopping IPC Server Responder
2023-06-06 14:28:57,916 [IPC Server listener on 15106] INFO  ipc.Server (Server.java:run(1430)) - Stopping IPC Server listener on 15106
2023-06-06 14:28:57,995 [SCM Heartbeat Processing Thread - 0] WARN  node.NodeStateManager (NodeStateManager.java:scheduleNextHealthCheck(870)) - Current Thread is interrupted, shutting down HB processing thread for Node Manager.
2023-06-06 14:28:57,995 [Time-limited test] INFO  server.StorageContainerManager (StorageContainerManager.java:stop(1586)) - Stopping block service RPC server
2023-06-06 14:28:57,996 [Time-limited test] INFO  server.SCMBlockProtocolServer (SCMBlockProtocolServer.java:stop(161)) - Stopping the RPC server for Block Protocol
2023-06-06 14:28:57,996 [Time-limited test] INFO  ipc.Server (Server.java:stop(3501)) - Stopping server on 15105
2023-06-06 14:28:57,997 [IPC Server listener on 15105] INFO  ipc.Server (Server.java:run(1430)) - Stopping IPC Server listener on 15105
2023-06-06 14:28:57,998 [IPC Server Responder] INFO  ipc.Server (Server.java:run(1563)) - Stopping IPC Server Responder
2023-06-06 14:28:57,999 [Time-limited test] INFO  server.StorageContainerManager (StorageContainerManager.java:stop(1593)) - Stopping the StorageContainerLocationProtocol RPC server
2023-06-06 14:28:57,999 [Time-limited test] INFO  server.SCMClientProtocolServer (SCMClientProtocolServer.java:stop(208)) - Stopping the RPC server for Client Protocol
2023-06-06 14:28:57,999 [Time-limited test] INFO  ipc.Server (Server.java:stop(3501)) - Stopping server on 15104
2023-06-06 14:28:58,000 [IPC Server listener on 15104] INFO  ipc.Server (Server.java:run(1430)) - Stopping IPC Server listener on 15104
2023-06-06 14:28:58,000 [IPC Server Responder] INFO  ipc.Server (Server.java:run(1563)) - Stopping IPC Server Responder
2023-06-06 14:28:58,000 [Time-limited test] INFO  server.StorageContainerManager (StorageContainerManager.java:stop(1600)) - Stopping Storage Container Manager HTTP server.
2023-06-06 14:28:58,001 [Time-limited test] INFO  handler.ContextHandler (ContextHandler.java:doStop(1159)) - Stopped o.e.j.w.WebAppContext@a0ff47a{scm,/,null,STOPPED}{file:/home/runner/work/ozone/ozone/hadoop-ozone/integration-test/target/test-classes/webapps/scm}
2023-06-06 14:28:58,002 [Time-limited test] INFO  server.AbstractConnector (AbstractConnector.java:doStop(383)) - Stopped ServerConnector@5d9ef698{HTTP/1.1, (http/1.1)}{0.0.0.0:15107}
2023-06-06 14:28:58,002 [Time-limited test] INFO  server.session (HouseKeeper.java:stopScavenging(149)) - node0 Stopped scavenging
2023-06-06 14:28:58,002 [Time-limited test] INFO  handler.ContextHandler (ContextHandler.java:doStop(1159)) - Stopped o.e.j.s.ServletContextHandler@e195b9d{static,/static,file:///home/runner/work/ozone/ozone/hadoop-ozone/integration-test/target/test-classes/webapps/static,STOPPED}
2023-06-06 14:28:58,002 [Time-limited test] INFO  handler.ContextHandler (ContextHandler.java:doStop(1159)) - Stopped o.e.j.s.ServletContextHandler@22ecc8a0{logs,/logs,file:///home/runner/work/ozone/ozone/hadoop-ozone/integration-test/target/log,STOPPED}
2023-06-06 14:28:58,003 [Time-limited test] INFO  server.StorageContainerManager (StorageContainerManager.java:stop(1608)) - Stopping SCM LayoutVersionManager Service.
2023-06-06 14:28:58,003 [Time-limited test] INFO  server.StorageContainerManager (StorageContainerManager.java:stop(1616)) - Stopping Block Manager Service.
2023-06-06 14:28:58,003 [Time-limited test] INFO  utils.BackgroundService (BackgroundService.java:shutdown(141)) - Shutting down service SCMBlockDeletingService
2023-06-06 14:28:58,003 [Time-limited test] INFO  utils.BackgroundService (BackgroundService.java:shutdown(141)) - Shutting down service SCMBlockDeletingService
2023-06-06 14:28:58,003 [Time-limited test] INFO  server.StorageContainerManager (StorageContainerManager.java:stop(1638)) - Stopping SCM Event Queue.
2023-06-06 14:28:58,005 [JvmPauseMonitor17] INFO  util.JvmPauseMonitor (JvmPauseMonitor.java:run(109)) - JvmPauseMonitor-cdca9dac-52f5-4c1d-bd9d-d456acdc4d0b: Stopped
2023-06-06 14:28:58,005 [Time-limited test] INFO  server.StorageContainerManager (StorageContainerManager.java:stop(1649)) - Stopping SCM HA services.
2023-06-06 14:28:58,005 [Time-limited test] INFO  pipeline.BackgroundPipelineCreator (BackgroundPipelineCreator.java:stop(149)) - Stopping RatisPipelineUtilsThread.
2023-06-06 14:28:58,005 [RatisPipelineUtilsThread - 0] WARN  pipeline.BackgroundPipelineCreator (BackgroundPipelineCreator.java:run(180)) - RatisPipelineUtilsThread is interrupted.
2023-06-06 14:28:58,005 [BackgroundPipelineScrubberThread] WARN  BackgroundPipelineScrubber (BackgroundSCMService.java:run(115)) - BackgroundPipelineScrubber is interrupted, exit
2023-06-06 14:28:58,006 [Time-limited test] INFO  BackgroundPipelineScrubber (BackgroundSCMService.java:stop(131)) - Stopping BackgroundPipelineScrubber Service.
2023-06-06 14:28:58,006 [Time-limited test] INFO  impl.MetricsSystemImpl (MetricsSystemImpl.java:stop(210)) - Stopping HddsDatanode metrics system...
2023-06-06 14:28:58,008 [prometheus] INFO  impl.MetricsSinkAdapter (MetricsSinkAdapter.java:publishMetricsFromQueue(141)) - prometheus thread interrupted.
2023-06-06 14:28:58,016 [Time-limited test] INFO  impl.MetricsSystemImpl (MetricsSystemImpl.java:stop(216)) - HddsDatanode metrics system stopped.
2023-06-06 14:28:58,016 [Time-limited test] WARN  pipeline.BackgroundPipelineCreator (BackgroundPipelineCreator.java:stop(145)) - RatisPipelineUtilsThread is not running, just ignore.
2023-06-06 14:28:58,016 [Time-limited test] INFO  BackgroundPipelineScrubber (BackgroundSCMService.java:stop(126)) - BackgroundPipelineScrubber Service is not running, skip stop.
2023-06-06 14:28:58,016 [Time-limited test] INFO  ExpiredContainerReplicaOpScrubber (BackgroundSCMService.java:stop(131)) - Stopping ExpiredContainerReplicaOpScrubber Service.
2023-06-06 14:28:58,016 [Time-limited test] INFO  utils.BackgroundService (BackgroundService.java:shutdown(141)) - Shutting down service SCMBlockDeletingService
2023-06-06 14:28:58,016 [ExpiredContainerReplicaOpScrubberThread] WARN  ExpiredContainerReplicaOpScrubber (BackgroundSCMService.java:run(115)) - ExpiredContainerReplicaOpScrubber is interrupted, exit
2023-06-06 14:28:58,016 [Time-limited test] INFO  replication.ReplicationManager (ReplicationManager.java:stop(342)) - Replication Monitor Thread is not running.
2023-06-06 14:28:58,016 [Time-limited test] WARN  balancer.ContainerBalancer (ContainerBalancer.java:stop(328)) - Cannot stop Container Balancer because it's not running or stopping
2023-06-06 14:28:58,016 [Lease Manager-LeaseManager#LeaseMonitor] WARN  lease.LeaseManager (LeaseManager.java:run(272)) - Lease manager is interrupted. Shutting down...
java.lang.InterruptedException
	at java.util.concurrent.locks.AbstractQueuedSynchronizer.doAcquireSharedNanos(AbstractQueuedSynchronizer.java:1039)
	at java.util.concurrent.locks.AbstractQueuedSynchronizer.tryAcquireSharedNanos(AbstractQueuedSynchronizer.java:1328)
	at java.util.concurrent.Semaphore.tryAcquire(Semaphore.java:409)
	at org.apache.hadoop.ozone.lease.LeaseManager$LeaseMonitor.run(LeaseManager.java:270)
	at java.lang.Thread.run(Thread.java:750)
2023-06-06 14:28:58,016 [Time-limited test] INFO  server.StorageContainerManager (StorageContainerManager.java:stop(1684)) - Stopping SCM MetadataStore.
2023-06-06 14:28:58,069 [Time-limited test] WARN  server.ServerUtils (ServerUtils.java:getScmDbDir(155)) - ozone.scm.db.dirs is not configured. We recommend adding this setting. Falling back to ozone.metadata.dirs instead.
2023-06-06 14:28:58,071 [Time-limited test] WARN  server.ServerUtils (ServerUtils.java:getScmDbDir(155)) - ozone.scm.db.dirs is not configured. We recommend adding this setting. Falling back to ozone.metadata.dirs instead.
2023-06-06 14:28:58,072 [Time-limited test] INFO  ha.SCMHANodeDetails (SCMHANodeDetails.java:loadSCMHAConfig(209)) - ServiceID for StorageContainerManager is null
2023-06-06 14:28:58,072 [Time-limited test] INFO  ha.SCMHANodeDetails (SCMHANodeDetails.java:loadSCMHAConfig(214)) - ozone.scm.default.service.id is not defined, falling back to ozone.scm.service.ids to find serviceID for StorageContainerManager if it is HA enabled cluster
2023-06-06 14:28:58,073 [Time-limited test] WARN  utils.HAUtils (HAUtils.java:getMetaDir(352)) - ozone.scm.db.dirs is not configured. We recommend adding this setting. Falling back to ozone.metadata.dirs instead.
2023-06-06 14:28:58,073 [Time-limited test] WARN  db.DBStoreBuilder (DBStoreBuilder.java:applyDBDefinition(165)) - ozone.scm.db.dirs is not configured. We recommend adding this setting. Falling back to ozone.metadata.dirs instead.
2023-06-06 14:28:58,168 [Time-limited test] INFO  net.NodeSchemaLoader (NodeSchemaLoader.java:loadSchemaFromFile(129)) - Loading schema from [jar:file:/home/runner/.m2/repository/org/apache/ozone/hdds-common/1.4.0-SNAPSHOT/hdds-common-1.4.0-SNAPSHOT.jar!/network-topology-default.xml]
2023-06-06 14:28:58,168 [Time-limited test] INFO  net.NodeSchemaLoader (NodeSchemaLoader.java:loadSchema(176)) - Loading network topology layer schema file
2023-06-06 14:28:58,174 [Time-limited test] INFO  upgrade.AbstractLayoutVersionManager (AbstractLayoutVersionManager.java:init(83)) - Initializing Layout version manager with metadata layout = HADOOP_PRC_PORTS_IN_DATANODEDETAILS (version = 7), software layout = HADOOP_PRC_PORTS_IN_DATANODEDETAILS (version = 7)
2023-06-06 14:28:58,176 [Time-limited test] INFO  ha.SequenceIdGenerator (SequenceIdGenerator.java:upgradeToSequenceId(349)) - upgrade localId to 111677748019200000
2023-06-06 14:28:58,176 [Time-limited test] INFO  ha.SequenceIdGenerator (SequenceIdGenerator.java:upgradeToSequenceId(359)) - upgrade delTxnId to 0
2023-06-06 14:28:58,177 [Time-limited test] INFO  ha.SequenceIdGenerator (SequenceIdGenerator.java:upgradeToSequenceId(376)) - upgrade containerId to 0
2023-06-06 14:28:58,177 [Time-limited test] INFO  ha.SequenceIdGenerator (SequenceIdGenerator.java:<init>(220)) - Init the HA SequenceIdGenerator.
2023-06-06 14:28:58,177 [Time-limited test] WARN  server.ServerUtils (ServerUtils.java:sanitizeUserArgs(80)) - ozone.scm.stale.node.interval value = 300000 is larger than max = 100000 based on the key value of ozone.scm.heartbeat.thread.interval, reset to the max value 100000.
2023-06-06 14:28:58,177 [Time-limited test] WARN  server.ServerUtils (ServerUtils.java:sanitizeUserArgs(80)) - ozone.scm.stale.node.interval value = 300000 is larger than max = 100000 based on the key value of ozone.scm.heartbeat.thread.interval, reset to the max value 100000.
2023-06-06 14:28:58,181 [Time-limited test] INFO  node.SCMNodeManager (SCMNodeManager.java:<init>(159)) - Entering startup safe mode.
2023-06-06 14:28:58,182 [Time-limited test] INFO  algorithms.ContainerPlacementPolicyFactory (ContainerPlacementPolicyFactory.java:getPolicyInternal(86)) - Create container placement policy of type org.apache.hadoop.hdds.scm.container.placement.algorithms.SCMContainerPlacementRackAware
2023-06-06 14:28:58,182 [Time-limited test] INFO  algorithms.ContainerPlacementPolicyFactory (ContainerPlacementPolicyFactory.java:getPolicyInternal(86)) - Create container placement policy of type org.apache.hadoop.hdds.scm.container.placement.algorithms.SCMContainerPlacementRackScatter
2023-06-06 14:28:58,182 [Time-limited test] INFO  pipeline.PipelineStateManagerImpl (PipelineStateManagerImpl.java:initialize(78)) - No pipeline exists in current db
2023-06-06 14:28:58,182 [Time-limited test] INFO  algorithms.LeaderChoosePolicyFactory (LeaderChoosePolicyFactory.java:getPolicy(57)) - Create leader choose policy of type org.apache.hadoop.hdds.scm.pipeline.leader.choose.algorithms.MinLeaderCountChoosePolicy
2023-06-06 14:28:58,182 [Time-limited test] INFO  algorithms.ContainerPlacementPolicyFactory (ContainerPlacementPolicyFactory.java:getPolicyInternal(86)) - Create container placement policy of type org.apache.hadoop.hdds.scm.container.placement.algorithms.SCMContainerPlacementRackScatter
2023-06-06 14:28:58,182 [Time-limited test] INFO  ha.SCMServiceManager (SCMServiceManager.java:register(42)) - Registering service BackgroundPipelineCreator.
2023-06-06 14:28:58,182 [Time-limited test] INFO  pipeline.BackgroundPipelineCreator (BackgroundPipelineCreator.java:start(124)) - Starting RatisPipelineUtilsThread.
2023-06-06 14:28:58,183 [Time-limited test] INFO  BackgroundPipelineScrubber (BackgroundSCMService.java:start(68)) - Starting BackgroundPipelineScrubber Service.
2023-06-06 14:28:58,183 [Time-limited test] INFO  ha.SCMServiceManager (SCMServiceManager.java:register(42)) - Registering service BackgroundPipelineScrubber.
2023-06-06 14:28:58,183 [Time-limited test] INFO  ExpiredContainerReplicaOpScrubber (BackgroundSCMService.java:start(68)) - Starting ExpiredContainerReplicaOpScrubber Service.
2023-06-06 14:28:58,184 [Time-limited test] INFO  ha.SCMServiceManager (SCMServiceManager.java:register(42)) - Registering service ExpiredContainerReplicaOpScrubber.
2023-06-06 14:28:58,186 [Time-limited test] INFO  algorithms.PipelineChoosePolicyFactory (PipelineChoosePolicyFactory.java:createPipelineChoosePolicyFromClass(73)) - Create pipeline choose policy of type org.apache.hadoop.hdds.scm.pipeline.choose.algorithms.RandomPipelineChoosePolicy
2023-06-06 14:28:58,186 [Time-limited test] INFO  ha.SCMServiceManager (SCMServiceManager.java:register(42)) - Registering service SCMBlockDeletingService.
2023-06-06 14:28:58,186 [Time-limited test] INFO  replication.ReplicationManager (ReplicationManager.java:start(299)) - Starting Replication Monitor Thread.
2023-06-06 14:28:58,188 [Time-limited test] INFO  ha.SCMServiceManager (SCMServiceManager.java:register(42)) - Registering service ReplicationManager.
2023-06-06 14:28:58,188 [Time-limited test] INFO  safemode.ContainerSafeModeRule (ContainerSafeModeRule.java:<init>(89)) - containers with one replica threshold count 0
2023-06-06 14:28:58,188 [Time-limited test] INFO  safemode.HealthyPipelineSafeModeRule (HealthyPipelineSafeModeRule.java:initializeRule(169)) - Total pipeline count is 0, healthy pipeline threshold count is 1
2023-06-06 14:28:58,188 [Time-limited test] INFO  safemode.OneReplicaPipelineSafeModeRule (OneReplicaPipelineSafeModeRule.java:initializeRule(180)) - Total pipeline count is 0, pipeline's with at least one datanode reported threshold count is 0
2023-06-06 14:28:58,189 [ReplicationMonitor] INFO  replication.ReplicationManager (ReplicationManager.java:processAll(374)) - Replication Manager is not ready to run until 3000ms after safemode exit
2023-06-06 14:28:58,194 [Time-limited test] INFO  server.StorageContainerManager (StorageContainerManager.java:<init>(404)) - SCM start with adminUsers: [adminUser1, adminUser2, runner]
2023-06-06 14:28:58,194 [Time-limited test] INFO  ipc.CallQueueManager (CallQueueManager.java:<init>(90)) - Using callQueue: class java.util.concurrent.LinkedBlockingQueue, queueCapacity: 2000, scheduler: class org.apache.hadoop.ipc.DefaultRpcScheduler, ipcBackoff: false.
2023-06-06 14:28:58,194 [Socket Reader #1 for port 15141] INFO  ipc.Server (Server.java:run(1319)) - Starting Socket Reader #1 for port 15141
2023-06-06 14:28:58,196 [Listener at 0.0.0.0/15141] INFO  hdds.HddsUtils (HddsUtils.java:preserveThreadName(843)) - Restoring thread name: Time-limited test
2023-06-06 14:28:58,197 [Time-limited test] INFO  ipc.CallQueueManager (CallQueueManager.java:<init>(90)) - Using callQueue: class java.util.concurrent.LinkedBlockingQueue, queueCapacity: 2000, scheduler: class org.apache.hadoop.ipc.DefaultRpcScheduler, ipcBackoff: false.
2023-06-06 14:28:58,197 [Socket Reader #1 for port 15140] INFO  ipc.Server (Server.java:run(1319)) - Starting Socket Reader #1 for port 15140
2023-06-06 14:28:58,197 [Listener at 0.0.0.0/15140] INFO  hdds.HddsUtils (HddsUtils.java:preserveThreadName(843)) - Restoring thread name: Time-limited test
2023-06-06 14:28:58,198 [Time-limited test] INFO  ipc.CallQueueManager (CallQueueManager.java:<init>(90)) - Using callQueue: class java.util.concurrent.LinkedBlockingQueue, queueCapacity: 2000, scheduler: class org.apache.hadoop.ipc.DefaultRpcScheduler, ipcBackoff: false.
2023-06-06 14:28:58,200 [Socket Reader #1 for port 15139] INFO  ipc.Server (Server.java:run(1319)) - Starting Socket Reader #1 for port 15139
2023-06-06 14:28:58,201 [Listener at 0.0.0.0/15139] INFO  hdds.HddsUtils (HddsUtils.java:preserveThreadName(843)) - Restoring thread name: Time-limited test
2023-06-06 14:28:58,205 [Time-limited test] INFO  ha.SCMServiceManager (SCMServiceManager.java:register(42)) - Registering service ContainerBalancer.
2023-06-06 14:28:58,205 [Time-limited test] INFO  server.StorageContainerManager (StorageContainerManager.java:<init>(416)) - 
Container Balancer status:
Key                            Value
Running                        false
Container Balancer Configuration values:
Key                                                Value
Threshold                                          10
Max Datanodes to Involve per Iteration(percent)    20
Max Size to Move per Iteration                     500GB
Max Size Entering Target per Iteration             26GB
Max Size Leaving Source per Iteration              26GB

2023-06-06 14:28:58,205 [Time-limited test] INFO  ha.SCMContext (SCMContext.java:updateSafeModeStatus(228)) - Update SafeModeStatus from SafeModeStatus{safeModeStatus=true, preCheckPassed=false} to SafeModeStatus{safeModeStatus=true, preCheckPassed=false}.
2023-06-06 14:28:58,205 [Time-limited test] INFO  server.StorageContainerManager (StorageContainerManager.java:start(1468)) - StorageContainerLocationProtocol RPC server is listening at /0.0.0.0:15139
2023-06-06 14:28:58,208 [Time-limited test] WARN  impl.MetricsConfig (MetricsConfig.java:loadFirst(136)) - Cannot locate configuration: tried hadoop-metrics2-storagecontainermanager.properties,hadoop-metrics2.properties
2023-06-06 14:28:58,209 [Time-limited test] INFO  impl.MetricsSystemImpl (MetricsSystemImpl.java:startTimer(378)) - Scheduled Metric snapshot period at 10 second(s).
2023-06-06 14:28:58,213 [Time-limited test] INFO  impl.MetricsSystemImpl (MetricsSystemImpl.java:start(191)) - StorageContainerManager metrics system started
2023-06-06 14:28:58,226 [Time-limited test] INFO  impl.MetricsSinkAdapter (MetricsSinkAdapter.java:start(204)) - Sink prometheus started
2023-06-06 14:28:58,226 [Time-limited test] INFO  impl.MetricsSystemImpl (MetricsSystemImpl.java:registerSink(305)) - Registered sink prometheus
2023-06-06 14:28:58,251 [Time-limited test] INFO  server.SCMClientProtocolServer (SCMClientProtocolServer.java:start(199)) - RPC server for Client  is listening at /0.0.0.0:15139
2023-06-06 14:28:58,251 [IPC Server Responder] INFO  ipc.Server (Server.java:run(1558)) - IPC Server Responder: starting
2023-06-06 14:28:58,264 [Time-limited test] INFO  server.StorageContainerManager (StorageContainerManager.java:start(1482)) - ScmBlockLocationProtocol RPC server is listening at /0.0.0.0:15140
2023-06-06 14:28:58,264 [Time-limited test] INFO  server.SCMBlockProtocolServer (SCMBlockProtocolServer.java:start(152)) - RPC server for Block Protocol is listening at /0.0.0.0:15140
2023-06-06 14:28:58,265 [IPC Server Responder] INFO  ipc.Server (Server.java:run(1558)) - IPC Server Responder: starting
2023-06-06 14:28:58,265 [IPC Server listener on 15140] INFO  ipc.Server (Server.java:run(1398)) - IPC Server listener on 15140: starting
2023-06-06 14:28:58,268 [Time-limited test] INFO  server.SCMDatanodeProtocolServer (SCMDatanodeProtocolServer.java:start(193)) - ScmDatanodeProtocol RPC server for DataNodes is listening at /0.0.0.0:15141
2023-06-06 14:28:58,268 [IPC Server Responder] INFO  ipc.Server (Server.java:run(1558)) - IPC Server Responder: starting
2023-06-06 14:28:58,269 [IPC Server listener on 15141] INFO  ipc.Server (Server.java:run(1398)) - IPC Server listener on 15141: starting
2023-06-06 14:28:58,274 [IPC Server listener on 15139] INFO  ipc.Server (Server.java:run(1398)) - IPC Server listener on 15139: starting
2023-06-06 14:28:58,286 [Time-limited test] INFO  http.BaseHttpServer (BaseHttpServer.java:newHttpServer2BuilderForOzone(224)) - Starting Web-server for scm at: http://0.0.0.0:15142
2023-06-06 14:28:58,286 [Time-limited test] INFO  http.BaseHttpServer (BaseHttpServer.java:<init>(111)) - Hadoop Security Enabled: false Ozone Security Enabled: false Ozone HTTP Security Enabled: false 
2023-06-06 14:28:58,288 [Time-limited test] WARN  server.AuthenticationFilter (AuthenticationFilter.java:constructSecretProvider(240)) - Unable to initialize FileSignerSecretProvider, falling back to use random secrets. Reason: Could not read signature secret file: /home/runner/hadoop-http-auth-signature-secret
2023-06-06 14:28:58,289 [JvmPauseMonitor22] INFO  util.JvmPauseMonitor (JvmPauseMonitor.java:run(103)) - JvmPauseMonitor-82689e00-0931-45f7-8b6d-533745603b9c: Started
2023-06-06 14:28:58,289 [Time-limited test] INFO  http.HttpRequestLog (HttpRequestLog.java:getRequestLog(86)) - Http request log for http.requests.scm is not defined
2023-06-06 14:28:58,291 [Time-limited test] INFO  http.HttpServer2 (HttpServer2.java:addGlobalFilter(1031)) - Added global filter 'safety' (class=org.apache.hadoop.hdds.server.http.HttpServer2$QuotingInputFilter)
2023-06-06 14:28:58,291 [Time-limited test] INFO  http.HttpServer2 (HttpServer2.java:addFilter(1007)) - Added filter static_user_filter (class=org.apache.hadoop.http.lib.StaticUserWebFilter$StaticUserFilter) to context scm
2023-06-06 14:28:58,291 [Time-limited test] INFO  http.HttpServer2 (HttpServer2.java:addFilter(1015)) - Added filter static_user_filter (class=org.apache.hadoop.http.lib.StaticUserWebFilter$StaticUserFilter) to context logs
2023-06-06 14:28:58,291 [Time-limited test] INFO  http.HttpServer2 (HttpServer2.java:addFilter(1015)) - Added filter static_user_filter (class=org.apache.hadoop.http.lib.StaticUserWebFilter$StaticUserFilter) to context static
2023-06-06 14:28:58,292 [Time-limited test] INFO  http.BaseHttpServer (BaseHttpServer.java:<init>(190)) - HTTP server of scm uses base directory /home/runner/work/ozone/ozone/hadoop-ozone/integration-test/target/test-dir/MiniOzoneClusterImpl-311f1a44-6374-447a-8cc6-2b136736f8fc/ozone-meta/webserver
2023-06-06 14:28:58,292 [Time-limited test] INFO  http.HttpServer2 (HttpServer2.java:bindListener(1250)) - Jetty bound to port 15142
2023-06-06 14:28:58,292 [Time-limited test] INFO  server.Server (Server.java:doStart(375)) - jetty-9.4.51.v20230217; built: 2023-02-17T08:19:37.309Z; git: b45c405e4544384de066f814ed42ae3dceacdd49; jvm 1.8.0_372-b07
2023-06-06 14:28:58,301 [Time-limited test] INFO  server.session (DefaultSessionIdManager.java:doStart(334)) - DefaultSessionIdManager workerName=node0
2023-06-06 14:28:58,301 [Time-limited test] INFO  server.session (DefaultSessionIdManager.java:doStart(339)) - No SessionScavenger set, using defaults
2023-06-06 14:28:58,301 [Time-limited test] INFO  server.session (HouseKeeper.java:startScavenging(132)) - node0 Scavenging every 600000ms
2023-06-06 14:28:58,302 [Time-limited test] INFO  handler.ContextHandler (ContextHandler.java:doStart(921)) - Started o.e.j.s.ServletContextHandler@60512d9{logs,/logs,file:///home/runner/work/ozone/ozone/hadoop-ozone/integration-test/target/log,AVAILABLE}
2023-06-06 14:28:58,303 [Time-limited test] INFO  handler.ContextHandler (ContextHandler.java:doStart(921)) - Started o.e.j.s.ServletContextHandler@569aee75{static,/static,file:///home/runner/work/ozone/ozone/hadoop-ozone/integration-test/target/test-classes/webapps/static,AVAILABLE}
2023-06-06 14:28:58,305 [Time-limited test] INFO  handler.ContextHandler (ContextHandler.java:doStart(921)) - Started o.e.j.w.WebAppContext@18770289{scm,/,file:///home/runner/work/ozone/ozone/hadoop-ozone/integration-test/target/test-classes/webapps/scm/,AVAILABLE}{file:/home/runner/work/ozone/ozone/hadoop-ozone/integration-test/target/test-classes/webapps/scm}
2023-06-06 14:28:58,308 [Time-limited test] INFO  server.AbstractConnector (AbstractConnector.java:doStart(333)) - Started ServerConnector@2529be7c{HTTP/1.1, (http/1.1)}{0.0.0.0:15142}
2023-06-06 14:28:58,308 [Time-limited test] INFO  server.Server (Server.java:doStart(415)) - Started @147431ms
2023-06-06 14:28:58,308 [Time-limited test] WARN  impl.MetricsSystemImpl (MetricsSystemImpl.java:register(279)) - Sink prometheus already exists!
2023-06-06 14:28:58,309 [Time-limited test] INFO  http.BaseHttpServer (BaseHttpServer.java:updateConnectorAddress(344)) - HTTP server of scm listening at http://0.0.0.0:15142
2023-06-06 14:28:58,309 [Time-limited test] WARN  server.ServerUtils (ServerUtils.java:getDBPath(311)) - ozone.om.db.dirs is not configured. We recommend adding this setting. Falling back to ozone.metadata.dirs instead.
2023-06-06 14:28:58,311 [Time-limited test] INFO  ha.OMHANodeDetails (OMHANodeDetails.java:loadOMHAConfig(115)) - ozone.om.internal.service.id is not defined, falling back to ozone.om.service.ids to find serviceID for OzoneManager if it is HA enabled cluster
2023-06-06 14:28:58,311 [Time-limited test] INFO  ha.OMHANodeDetails (OMHANodeDetails.java:loadOMHAConfig(226)) - Configuration does not have ozone.om.address set. Falling back to the default OM address /127.0.0.1:15143
2023-06-06 14:28:58,311 [Time-limited test] INFO  ha.OMHANodeDetails (OMHANodeDetails.java:getOMNodeDetailsForNonHA(254)) - OM Service ID is not set. Setting it to the default ID: omServiceIdDefault
2023-06-06 14:28:58,311 [Time-limited test] INFO  ha.OMHANodeDetails (OMHANodeDetails.java:getOMNodeDetailsForNonHA(261)) - OM Node ID is not set. Setting it to the default ID: om1
2023-06-06 14:28:58,311 [Time-limited test] WARN  server.ServerUtils (ServerUtils.java:getDBPath(311)) - ozone.om.db.dirs is not configured. We recommend adding this setting. Falling back to ozone.metadata.dirs instead.
2023-06-06 14:28:58,313 [Time-limited test] INFO  upgrade.AbstractLayoutVersionManager (AbstractLayoutVersionManager.java:init(83)) - Initializing Layout version manager with metadata layout = FILESYSTEM_SNAPSHOT (version = 5), software layout = FILESYSTEM_SNAPSHOT (version = 5)
2023-06-06 14:28:58,391 [Time-limited test] INFO  reflections.Reflections (Reflections.java:scan(232)) - Reflections took 77 ms to scan 2 urls, producing 178 keys and 491 values [using 2 cores]
2023-06-06 14:28:58,392 [Time-limited test] INFO  upgrade.OMLayoutVersionManager (OMLayoutVersionManager.java:lambda$0(115)) - Skipping Upgrade Action MockOmUpgradeAction since it has been finalized.
2023-06-06 14:28:58,392 [Time-limited test] WARN  server.ServerUtils (ServerUtils.java:getDBPath(311)) - ozone.om.db.dirs is not configured. We recommend adding this setting. Falling back to ozone.metadata.dirs instead.
2023-06-06 14:28:58,392 [Time-limited test] INFO  proxy.SCMBlockLocationFailoverProxyProvider (SCMBlockLocationFailoverProxyProvider.java:<init>(114)) - Created block location fail-over proxy with 1 nodes: [nodeId=scmNodeId,nodeAddress=/0.0.0.0:15140]
2023-06-06 14:28:58,394 [Time-limited test] INFO  proxy.SCMBlockLocationFailoverProxyProvider (SCMBlockLocationFailoverProxyProvider.java:<init>(114)) - Created block location fail-over proxy with 1 nodes: [nodeId=scmNodeId,nodeAddress=/0.0.0.0:15140]
2023-06-06 14:28:58,403 [Time-limited test] INFO  om.OzoneManager (OzoneManager.java:<init>(642)) - OM start with adminUsers: [adminUser1, adminUser2, runner]
2023-06-06 14:28:58,404 [Time-limited test] WARN  server.ServerUtils (ServerUtils.java:getDBPath(311)) - ozone.om.db.dirs is not configured. We recommend adding this setting. Falling back to ozone.metadata.dirs instead.
2023-06-06 14:28:58,404 [Time-limited test] INFO  helpers.OmKeyInfo (OmKeyInfo.java:getCodec(71)) - OmKeyInfo.getCodec ignorePipeline = true
2023-06-06 14:28:58,574 [Time-limited test] INFO  om.OzoneManager (OzoneManager.java:instantiateServices(771)) - S3 Multi-Tenancy is disabled
2023-06-06 14:28:58,575 [Time-limited test] INFO  om.OmSnapshotManager (OmSnapshotManager.java:<init>(170)) - Ozone filesystem snapshot feature is enabled.
2023-06-06 14:28:58,575 [Time-limited test] WARN  server.ServerUtils (ServerUtils.java:getDBPath(311)) - ozone.om.snapshot.diff.db.dir is not configured. We recommend adding this setting. Falling back to ozone.metadata.dirs instead.
2023-06-06 14:28:58,596 [Time-limited test] INFO  utils.NativeLibraryLoader (NativeLibraryLoader.java:loadLibrary(103)) - Loading Library: ozone_rocksdb_tools
2023-06-06 14:28:58,598 [Time-limited test] INFO  om.OzoneManager (OzoneManager.java:addS3GVolumeToDB(4254)) - Created Volume s3v With Owner runner required for S3Gateway operations.
2023-06-06 14:28:58,599 [Time-limited test] WARN  server.ServerUtils (ServerUtils.java:getDefaultRatisDirectory(323)) - Storage directory for Ratis is not configured. It is a good idea to map this to an SSD disk. Falling back to ozone.metadata.dirs
2023-06-06 14:28:58,599 [Time-limited test] WARN  utils.OzoneManagerRatisUtils (OzoneManagerRatisUtils.java:getOMRatisSnapshotDirectory(461)) - ozone.om.ratis.snapshot.dir is not configured. Falling back to ozone.metadata.dirs config
2023-06-06 14:28:58,599 [Time-limited test] WARN  server.ServerUtils (ServerUtils.java:getDefaultRatisDirectory(323)) - Storage directory for Ratis is not configured. It is a good idea to map this to an SSD disk. Falling back to ozone.metadata.dirs
2023-06-06 14:28:58,600 [Time-limited test] INFO  ratis.OzoneManagerRatisServer (OzoneManagerRatisServer.java:<init>(163)) - Instantiating OM Ratis server with groupID: omServiceIdDefault and peers: localhost:15146
2023-06-06 14:28:58,601 [Time-limited test] INFO  ratis.OzoneManagerStateMachine (OzoneManagerStateMachine.java:loadSnapshotInfoFromDB(670)) - LastAppliedIndex is set from TransactionInfo from OM DB as (t:0, i:~)
2023-06-06 14:28:58,604 [Time-limited test] INFO  server.RaftServer (ConfUtils.java:logGet(46)) - raft.rpc.type = GRPC (default)
2023-06-06 14:28:58,604 [Time-limited test] INFO  grpc.GrpcConfigKeys (ConfUtils.java:logFallback(53)) - raft.grpc.admin.host = null (fallback to raft.grpc.server.host)
2023-06-06 14:28:58,604 [Time-limited test] INFO  grpc.GrpcConfigKeys (ConfUtils.java:logFallback(53)) - raft.grpc.admin.port = 15146 (fallback to raft.grpc.server.port)
2023-06-06 14:28:58,604 [Time-limited test] INFO  grpc.GrpcConfigKeys (ConfUtils.java:logFallback(53)) - raft.grpc.client.host = null (fallback to raft.grpc.server.host)
2023-06-06 14:28:58,604 [Time-limited test] INFO  grpc.GrpcConfigKeys (ConfUtils.java:logFallback(53)) - raft.grpc.client.port = 15146 (fallback to raft.grpc.server.port)
2023-06-06 14:28:58,604 [Time-limited test] INFO  grpc.GrpcConfigKeys (ConfUtils.java:logGet(46)) - raft.grpc.server.host = null (default)
2023-06-06 14:28:58,604 [Time-limited test] INFO  grpc.GrpcConfigKeys (ConfUtils.java:logGet(46)) - raft.grpc.server.port = 15146 (custom)
2023-06-06 14:28:58,605 [Time-limited test] INFO  server.GrpcService (ConfUtils.java:logGet(46)) - raft.grpc.message.size.max = 33554432 (custom)
2023-06-06 14:28:58,605 [Time-limited test] INFO  server.RaftServerConfigKeys (ConfUtils.java:logGet(46)) - raft.server.log.appender.buffer.byte-limit = 33554432 (custom)
2023-06-06 14:28:58,605 [Time-limited test] INFO  server.GrpcService (ConfUtils.java:logGet(46)) - raft.grpc.flow.control.window = 1MB (=1048576) (default)
2023-06-06 14:28:58,605 [Time-limited test] INFO  server.RaftServerConfigKeys (ConfUtils.java:logGet(46)) - raft.server.rpc.request.timeout = 3000ms (default)
2023-06-06 14:28:58,605 [Time-limited test] INFO  grpc.GrpcConfigKeys (ConfUtils.java:logGet(46)) - raft.grpc.server.heartbeat.channel = true (default)
2023-06-06 14:28:58,605 [Time-limited test] INFO  grpc.GrpcConfigKeys (ConfUtils.java:logGet(46)) - raft.grpc.server.async.request.thread.pool.cached = true (default)
2023-06-06 14:28:58,606 [Time-limited test] INFO  grpc.GrpcConfigKeys (ConfUtils.java:logGet(46)) - raft.grpc.server.async.request.thread.pool.size = 32 (default)
2023-06-06 14:28:58,608 [Time-limited test] INFO  impl.DataStreamServerImpl (ConfUtils.java:logGet(46)) - raft.datastream.type = DISABLED (default)
2023-06-06 14:28:58,608 [Time-limited test] INFO  server.RaftServerConfigKeys (ConfUtils.java:logGet(46)) - raft.server.threadpool.proxy.cached = true (default)
2023-06-06 14:28:58,608 [Time-limited test] INFO  server.RaftServerConfigKeys (ConfUtils.java:logGet(46)) - raft.server.threadpool.proxy.size = 0 (default)
2023-06-06 14:28:58,608 [Time-limited test] INFO  server.RaftServerConfigKeys (ConfUtils.java:logGet(46)) - raft.server.rpc.slowness.timeout = 120s (custom)
2023-06-06 14:28:58,608 [Time-limited test] INFO  server.RaftServerConfigKeys (ConfUtils.java:logGet(46)) - raft.server.leaderelection.leader.step-down.wait-time = 10s (default)
2023-06-06 14:28:58,608 [Time-limited test] INFO  server.RaftServerConfigKeys (ConfUtils.java:logGet(46)) - raft.server.storage.dir = [/home/runner/work/ozone/ozone/hadoop-ozone/integration-test/target/test-dir/MiniOzoneClusterImpl-311f1a44-6374-447a-8cc6-2b136736f8fc/ozone-meta/ratis] (custom)
2023-06-06 14:28:58,614 [Time-limited test] INFO  server.RaftServer (RaftServerProxy.java:addNew(98)) - om1: addNew group-C5BA1605619E:[om1|rpc:localhost:15146|priority:0|startupRole:FOLLOWER] returns group-C5BA1605619E:java.util.concurrent.CompletableFuture@580d01d[Not completed]
2023-06-06 14:28:58,614 [Time-limited test] INFO  om.OzoneManager (OzoneManager.java:initializeRatisServer(2112)) - OzoneManager Ratis server initialized at port 15146
2023-06-06 14:28:58,614 [Time-limited test] INFO  om.OzoneManager (OzoneManager.java:getRpcServer(1171)) - Creating RPC Server
2023-06-06 14:28:58,615 [om1-groupManagement] INFO  server.RaftServer$Division (RaftServerImpl.java:<init>(198)) - om1: new RaftServerImpl for group-C5BA1605619E:[om1|rpc:localhost:15146|priority:0|startupRole:FOLLOWER] with OzoneManagerStateMachine:uninitialized
2023-06-06 14:28:58,615 [om1-groupManagement] INFO  server.RaftServerConfigKeys (ConfUtils.java:logGet(46)) - raft.server.rpc.timeout.min = 1s (custom)
2023-06-06 14:28:58,616 [om1-groupManagement] INFO  server.RaftServerConfigKeys (ConfUtils.java:logGet(46)) - raft.server.rpc.timeout.max = 1200ms (custom)
2023-06-06 14:28:58,616 [om1-groupManagement] INFO  server.RaftServerConfigKeys (ConfUtils.java:logGet(46)) - raft.server.rpc.sleep.time = 25ms (default)
2023-06-06 14:28:58,616 [om1-groupManagement] INFO  server.RaftServerConfigKeys (ConfUtils.java:logGet(46)) - raft.server.rpc.slowness.timeout = 120s (custom)
2023-06-06 14:28:58,616 [om1-groupManagement] INFO  server.RaftServerConfigKeys (ConfUtils.java:logGet(46)) - raft.server.leaderelection.leader.step-down.wait-time = 10s (default)
2023-06-06 14:28:58,616 [om1-groupManagement] INFO  server.RaftServerConfigKeys (ConfUtils.java:logGet(46)) - raft.server.sleep.deviation.threshold = 300ms (default)
2023-06-06 14:28:58,616 [om1-groupManagement] INFO  server.RaftServer$Division (ServerState.java:<init>(120)) - om1@group-C5BA1605619E: ConfigurationManager, init=-1: peers:[om1|rpc:localhost:15146|priority:0|startupRole:FOLLOWER]|listeners:[], old=null, confs=<EMPTY_MAP>
2023-06-06 14:28:58,616 [om1-groupManagement] INFO  server.RaftServerConfigKeys (ConfUtils.java:logGet(46)) - raft.server.storage.dir = [/home/runner/work/ozone/ozone/hadoop-ozone/integration-test/target/test-dir/MiniOzoneClusterImpl-311f1a44-6374-447a-8cc6-2b136736f8fc/ozone-meta/ratis] (custom)
2023-06-06 14:28:58,616 [om1-groupManagement] INFO  server.RaftServerConfigKeys (ConfUtils.java:logGet(46)) - raft.server.log.corruption.policy = EXCEPTION (default)
2023-06-06 14:28:58,616 [om1-groupManagement] INFO  server.RaftServerConfigKeys (ConfUtils.java:logGet(46)) - raft.server.storage.free-space.min = 0MB (=0) (default)
2023-06-06 14:28:58,616 [om1-groupManagement] INFO  server.RaftServerConfigKeys (ConfUtils.java:logGet(46)) - raft.server.notification.no-leader.timeout = 120s (custom)
2023-06-06 14:28:58,616 [om1-groupManagement] INFO  server.RaftServerConfigKeys (ConfUtils.java:logGet(46)) - raft.server.read.timeout = 10s (default)
2023-06-06 14:28:58,616 [om1-groupManagement] INFO  server.RaftServerConfigKeys (ConfUtils.java:logGet(46)) - raft.server.retrycache.expirytime = 300s (custom)
2023-06-06 14:28:58,616 [om1-groupManagement] INFO  server.RaftServerConfigKeys (ConfUtils.java:logGet(46)) - raft.server.retrycache.statistics.expirytime = 100μs (default)
2023-06-06 14:28:58,617 [om1-groupManagement] INFO  server.RaftServerConfigKeys (ConfUtils.java:logGet(46)) - raft.server.read.option = DEFAULT (default)
2023-06-06 14:28:58,618 [om1-groupManagement] INFO  server.RaftServerConfigKeys (ConfUtils.java:logGet(46)) - raft.server.rpc.request.timeout = 3000ms (default)
2023-06-06 14:28:58,618 [om1-groupManagement] INFO  server.RaftServerConfigKeys (ConfUtils.java:logGet(46)) - raft.server.log.appender.install.snapshot.enabled = false (custom)
2023-06-06 14:28:58,618 [om1-groupManagement] INFO  server.RaftServerConfigKeys (ConfUtils.java:logGet(46)) - raft.server.threadpool.server.cached = true (default)
2023-06-06 14:28:58,618 [om1-groupManagement] INFO  server.RaftServerConfigKeys (ConfUtils.java:logGet(46)) - raft.server.threadpool.server.size = 0 (default)
2023-06-06 14:28:58,618 [om1-groupManagement] INFO  server.RaftServerConfigKeys (ConfUtils.java:logGet(46)) - raft.server.threadpool.client.cached = true (default)
2023-06-06 14:28:58,618 [om1-groupManagement] INFO  server.RaftServerConfigKeys (ConfUtils.java:logGet(46)) - raft.server.threadpool.client.size = 0 (default)
2023-06-06 14:28:59,031 [Time-limited test] INFO  reflections.Reflections (Reflections.java:scan(232)) - Reflections took 416 ms to scan 19 urls, producing 69 keys and 5288 values [using 2 cores]
2023-06-06 14:28:59,033 [Time-limited test] INFO  ipc.CallQueueManager (CallQueueManager.java:<init>(90)) - Using callQueue: class java.util.concurrent.LinkedBlockingQueue, queueCapacity: 2000, scheduler: class org.apache.hadoop.ipc.DefaultRpcScheduler, ipcBackoff: false.
2023-06-06 14:28:59,033 [Socket Reader #1 for port 15143] INFO  ipc.Server (Server.java:run(1319)) - Starting Socket Reader #1 for port 15143
2023-06-06 14:28:59,035 [Listener at 127.0.0.1/15143] INFO  hdds.HddsUtils (HddsUtils.java:preserveThreadName(843)) - Restoring thread name: Time-limited test
2023-06-06 14:28:59,052 [Time-limited test] INFO  impl.MetricsSystemImpl (MetricsSystemImpl.java:init(158)) - OzoneManager metrics system started (again)
2023-06-06 14:28:59,063 [Time-limited test] INFO  om.OzoneManager (OzoneManager.java:start(1593)) - OzoneManager RPC server is listening at localhost/127.0.0.1:15143
2023-06-06 14:28:59,063 [Time-limited test] INFO  ratis.OzoneManagerRatisServer (OzoneManagerRatisServer.java:start(558)) - Starting OzoneManagerRatisServer om1 at port 15146
2023-06-06 14:28:59,063 [om1-impl-thread1] INFO  storage.RaftStorageDirectory (RaftStorageDirectoryImpl.java:analyzeStorage(137)) - The storage directory /home/runner/work/ozone/ozone/hadoop-ozone/integration-test/target/test-dir/MiniOzoneClusterImpl-311f1a44-6374-447a-8cc6-2b136736f8fc/ozone-meta/ratis/bf265839-605b-3f16-9796-c5ba1605619e does not exist. Creating ...
2023-06-06 14:28:59,064 [om1-impl-thread1] INFO  storage.RaftStorageDirectory (RaftStorageDirectoryImpl.java:tryLock(231)) - Lock on /home/runner/work/ozone/ozone/hadoop-ozone/integration-test/target/test-dir/MiniOzoneClusterImpl-311f1a44-6374-447a-8cc6-2b136736f8fc/ozone-meta/ratis/bf265839-605b-3f16-9796-c5ba1605619e/in_use.lock acquired by nodename 75814@fv-az1133-973
2023-06-06 14:28:59,065 [om1-impl-thread1] INFO  storage.RaftStorage (RaftStorageImpl.java:format(96)) - Storage directory /home/runner/work/ozone/ozone/hadoop-ozone/integration-test/target/test-dir/MiniOzoneClusterImpl-311f1a44-6374-447a-8cc6-2b136736f8fc/ozone-meta/ratis/bf265839-605b-3f16-9796-c5ba1605619e has been successfully formatted.
2023-06-06 14:28:59,065 [om1-impl-thread1] INFO  server.RaftServerConfigKeys (ConfUtils.java:logGet(46)) - raft.server.log.use.memory = false (default)
2023-06-06 14:28:59,066 [om1-impl-thread1] INFO  server.RaftServerConfigKeys (ConfUtils.java:logGet(46)) - raft.server.log.purge.gap = 1000000 (custom)
2023-06-06 14:28:59,066 [om1-impl-thread1] INFO  server.RaftServerConfigKeys (ConfUtils.java:logGet(46)) - raft.server.log.appender.buffer.byte-limit = 33554432 (custom)
2023-06-06 14:28:59,066 [om1-impl-thread1] INFO  server.RaftServerConfigKeys (ConfUtils.java:logGet(46)) - raft.server.log.statemachine.data.read.timeout = 1000ms (default)
2023-06-06 14:28:59,066 [om1-impl-thread1] INFO  server.RaftServerConfigKeys (ConfUtils.java:logGet(46)) - raft.server.log.purge.preservation.log.num = 0 (default)
2023-06-06 14:28:59,066 [om1-impl-thread1] INFO  server.RaftServerConfigKeys (ConfUtils.java:logGet(46)) - raft.server.log.segment.size.max = 4194304 (custom)
2023-06-06 14:28:59,066 [om1-impl-thread1] INFO  server.RaftServerConfigKeys (ConfUtils.java:logGet(46)) - raft.server.log.segment.cache.num.max = 2 (custom)
2023-06-06 14:28:59,066 [om1-impl-thread1] INFO  server.RaftServerConfigKeys (ConfUtils.java:logGet(46)) - raft.server.log.segment.cache.size.max = 200MB (=209715200) (default)
2023-06-06 14:28:59,066 [om1-impl-thread1] INFO  server.RaftServerConfigKeys (ConfUtils.java:logGet(46)) - raft.server.log.appender.buffer.byte-limit = 33554432 (custom)
2023-06-06 14:28:59,066 [om1-impl-thread1] INFO  segmented.SegmentedRaftLogWorker (SegmentedRaftLogWorker.java:<init>(188)) - new om1@group-C5BA1605619E-SegmentedRaftLogWorker for RaftStorageImpl:Storage Directory /home/runner/work/ozone/ozone/hadoop-ozone/integration-test/target/test-dir/MiniOzoneClusterImpl-311f1a44-6374-447a-8cc6-2b136736f8fc/ozone-meta/ratis/bf265839-605b-3f16-9796-c5ba1605619e
2023-06-06 14:28:59,066 [om1-impl-thread1] INFO  server.RaftServerConfigKeys (ConfUtils.java:logGet(46)) - raft.server.log.queue.byte-limit = 64MB (=67108864) (default)
2023-06-06 14:28:59,066 [om1-impl-thread1] INFO  server.RaftServerConfigKeys (ConfUtils.java:logGet(46)) - raft.server.log.queue.element-limit = 4096 (default)
2023-06-06 14:28:59,066 [om1-impl-thread1] INFO  server.RaftServerConfigKeys (ConfUtils.java:logGet(46)) - raft.server.log.segment.size.max = 4194304 (custom)
2023-06-06 14:28:59,066 [om1-impl-thread1] INFO  server.RaftServerConfigKeys (ConfUtils.java:logGet(46)) - raft.server.log.preallocated.size = 4194304 (custom)
2023-06-06 14:28:59,066 [om1-impl-thread1] INFO  server.RaftServerConfigKeys (ConfUtils.java:logGet(46)) - raft.server.log.force.sync.num = 128 (default)
2023-06-06 14:28:59,066 [om1-impl-thread1] INFO  server.RaftServerConfigKeys (ConfUtils.java:logGet(46)) - raft.server.log.statemachine.data.sync = true (default)
2023-06-06 14:28:59,066 [om1-impl-thread1] INFO  server.RaftServerConfigKeys (ConfUtils.java:logGet(46)) - raft.server.log.statemachine.data.sync.timeout = 10s (default)
2023-06-06 14:28:59,067 [om1-impl-thread1] INFO  server.RaftServerConfigKeys (ConfUtils.java:logGet(46)) - raft.server.log.statemachine.data.sync.timeout.retry = -1 (default)
2023-06-06 14:28:59,067 [om1-impl-thread1] INFO  server.RaftServerConfigKeys (ConfUtils.java:logGet(46)) - raft.server.log.write.buffer.size = 64KB (=65536) (default)
2023-06-06 14:28:59,067 [om1-impl-thread1] INFO  server.RaftServerConfigKeys (ConfUtils.java:logGet(46)) - raft.server.log.appender.buffer.byte-limit = 33554432 (custom)
2023-06-06 14:28:59,072 [om1-impl-thread1] INFO  server.RaftServerConfigKeys (ConfUtils.java:logGet(46)) - raft.server.log.unsafe-flush.enabled = false (default)
2023-06-06 14:28:59,072 [om1-impl-thread1] INFO  server.RaftServerConfigKeys (ConfUtils.java:logGet(46)) - raft.server.log.async-flush.enabled = false (default)
2023-06-06 14:28:59,072 [om1-impl-thread1] INFO  server.RaftServerConfigKeys (ConfUtils.java:logGet(46)) - raft.server.log.statemachine.data.caching.enabled = false (default)
2023-06-06 14:28:59,072 [om1-impl-thread1] INFO  segmented.SegmentedRaftLogWorker (SegmentedRaftLogWorker.java:lambda$new$0(135)) - om1@group-C5BA1605619E-SegmentedRaftLogWorker: flushIndex: setUnconditionally 0 -> -1
2023-06-06 14:28:59,072 [om1-impl-thread1] INFO  segmented.SegmentedRaftLogWorker (SegmentedRaftLogWorker.java:lambda$new$0(135)) - om1@group-C5BA1605619E-SegmentedRaftLogWorker: safeCacheEvictIndex: setUnconditionally 0 -> -1
2023-06-06 14:28:59,072 [om1-impl-thread1] INFO  server.RaftServer$Division (RaftServerImpl.java:start(342)) - om1@group-C5BA1605619E: start as a follower, conf=-1: peers:[om1|rpc:localhost:15146|priority:0|startupRole:FOLLOWER]|listeners:[], old=null
2023-06-06 14:28:59,072 [om1-impl-thread1] INFO  server.RaftServer$Division (RaftServerImpl.java:setRole(329)) - om1@group-C5BA1605619E: changes role from      null to FOLLOWER at term 0 for startAsFollower
2023-06-06 14:28:59,072 [om1-impl-thread1] INFO  impl.RoleInfo (RoleInfo.java:updateAndGet(139)) - om1: start om1@group-C5BA1605619E-FollowerState
2023-06-06 14:28:59,078 [om1-impl-thread1] INFO  util.JmxRegister (JmxRegister.java:tryRegister(44)) - Successfully registered JMX Bean with object name Ratis:service=RaftServer,group=group-C5BA1605619E,id=om1
2023-06-06 14:28:59,078 [om1-impl-thread1] INFO  server.RaftServerConfigKeys (ConfUtils.java:logGet(46)) - raft.server.snapshot.auto.trigger.enabled = true (custom)
2023-06-06 14:28:59,078 [om1-impl-thread1] INFO  server.RaftServerConfigKeys (ConfUtils.java:logGet(46)) - raft.server.snapshot.auto.trigger.threshold = 400000 (default)
2023-06-06 14:28:59,078 [om1-impl-thread1] INFO  server.RaftServerConfigKeys (ConfUtils.java:logGet(46)) - raft.server.snapshot.retention.file.num = -1 (default)
2023-06-06 14:28:59,078 [om1-impl-thread1] INFO  server.RaftServerConfigKeys (ConfUtils.java:logGet(46)) - raft.server.log.purge.upto.snapshot.index = true (custom)
2023-06-06 14:28:59,078 [om1@group-C5BA1605619E-FollowerState] INFO  server.RaftServerConfigKeys (ConfUtils.java:logFallback(53)) - raft.server.rpc.first-election.timeout.min = 1s (fallback to raft.server.rpc.timeout.min)
2023-06-06 14:28:59,078 [om1@group-C5BA1605619E-FollowerState] INFO  server.RaftServerConfigKeys (ConfUtils.java:logFallback(53)) - raft.server.rpc.first-election.timeout.max = 1200ms (fallback to raft.server.rpc.timeout.max)
2023-06-06 14:28:59,080 [Time-limited test] INFO  server.RaftServer (RaftServerProxy.java:startImpl(400)) - om1: start RPC server
2023-06-06 14:28:59,086 [Time-limited test] INFO  server.GrpcService (GrpcService.java:startImpl(302)) - om1: GrpcService started, listening on 15146
2023-06-06 14:28:59,086 [Time-limited test] INFO  om.OzoneManager (OzoneManager.java:start(1609)) - Version File has different layout version (5) than OM DB (null). That is expected if this OM has never been finalized to a newer layout version.
2023-06-06 14:28:59,088 [JvmPauseMonitor23] INFO  util.JvmPauseMonitor (JvmPauseMonitor.java:run(103)) - JvmPauseMonitor-om1: Started
2023-06-06 14:28:59,090 [Time-limited test] INFO  http.BaseHttpServer (BaseHttpServer.java:newHttpServer2BuilderForOzone(224)) - Starting Web-server for ozoneManager at: http://0.0.0.0:15144
2023-06-06 14:28:59,091 [Time-limited test] INFO  http.BaseHttpServer (BaseHttpServer.java:<init>(111)) - Hadoop Security Enabled: false Ozone Security Enabled: false Ozone HTTP Security Enabled: false 
2023-06-06 14:28:59,092 [Time-limited test] WARN  server.AuthenticationFilter (AuthenticationFilter.java:constructSecretProvider(240)) - Unable to initialize FileSignerSecretProvider, falling back to use random secrets. Reason: Could not read signature secret file: /home/runner/hadoop-http-auth-signature-secret
2023-06-06 14:28:59,094 [Time-limited test] INFO  http.HttpRequestLog (HttpRequestLog.java:getRequestLog(86)) - Http request log for http.requests.ozoneManager is not defined
2023-06-06 14:28:59,095 [Time-limited test] INFO  http.HttpServer2 (HttpServer2.java:addGlobalFilter(1031)) - Added global filter 'safety' (class=org.apache.hadoop.hdds.server.http.HttpServer2$QuotingInputFilter)
2023-06-06 14:28:59,096 [Time-limited test] INFO  http.HttpServer2 (HttpServer2.java:addFilter(1007)) - Added filter static_user_filter (class=org.apache.hadoop.http.lib.StaticUserWebFilter$StaticUserFilter) to context ozoneManager
2023-06-06 14:28:59,096 [Time-limited test] INFO  http.HttpServer2 (HttpServer2.java:addFilter(1015)) - Added filter static_user_filter (class=org.apache.hadoop.http.lib.StaticUserWebFilter$StaticUserFilter) to context static
2023-06-06 14:28:59,096 [Time-limited test] INFO  http.HttpServer2 (HttpServer2.java:addFilter(1015)) - Added filter static_user_filter (class=org.apache.hadoop.http.lib.StaticUserWebFilter$StaticUserFilter) to context logs
2023-06-06 14:28:59,096 [Time-limited test] INFO  http.BaseHttpServer (BaseHttpServer.java:<init>(190)) - HTTP server of ozoneManager uses base directory /home/runner/work/ozone/ozone/hadoop-ozone/integration-test/target/test-dir/MiniOzoneClusterImpl-311f1a44-6374-447a-8cc6-2b136736f8fc/ozone-meta/webserver
2023-06-06 14:28:59,096 [Time-limited test] INFO  http.HttpServer2 (HttpServer2.java:bindListener(1250)) - Jetty bound to port 15144
2023-06-06 14:28:59,096 [Time-limited test] INFO  server.Server (Server.java:doStart(375)) - jetty-9.4.51.v20230217; built: 2023-02-17T08:19:37.309Z; git: b45c405e4544384de066f814ed42ae3dceacdd49; jvm 1.8.0_372-b07
2023-06-06 14:28:59,099 [Time-limited test] INFO  server.session (DefaultSessionIdManager.java:doStart(334)) - DefaultSessionIdManager workerName=node0
2023-06-06 14:28:59,099 [Time-limited test] INFO  server.session (DefaultSessionIdManager.java:doStart(339)) - No SessionScavenger set, using defaults
2023-06-06 14:28:59,099 [Time-limited test] INFO  server.session (HouseKeeper.java:startScavenging(132)) - node0 Scavenging every 600000ms
2023-06-06 14:28:59,101 [Time-limited test] INFO  handler.ContextHandler (ContextHandler.java:doStart(921)) - Started o.e.j.s.ServletContextHandler@208d9c4{logs,/logs,file:///home/runner/work/ozone/ozone/hadoop-ozone/integration-test/target/log,AVAILABLE}
2023-06-06 14:28:59,101 [Time-limited test] INFO  handler.ContextHandler (ContextHandler.java:doStart(921)) - Started o.e.j.s.ServletContextHandler@56c21f1b{static,/static,file:///home/runner/work/ozone/ozone/hadoop-ozone/integration-test/target/test-classes/webapps/static,AVAILABLE}
2023-06-06 14:28:59,103 [Time-limited test] INFO  handler.ContextHandler (ContextHandler.java:doStart(921)) - Started o.e.j.w.WebAppContext@4a0dfffa{ozoneManager,/,file:///home/runner/work/ozone/ozone/hadoop-ozone/integration-test/target/test-classes/webapps/ozoneManager/,AVAILABLE}{file:/home/runner/work/ozone/ozone/hadoop-ozone/integration-test/target/test-classes/webapps/ozoneManager}
2023-06-06 14:28:59,110 [Time-limited test] INFO  server.AbstractConnector (AbstractConnector.java:doStart(333)) - Started ServerConnector@dfc86c7{HTTP/1.1, (http/1.1)}{0.0.0.0:15144}
2023-06-06 14:28:59,110 [Time-limited test] INFO  server.Server (Server.java:doStart(415)) - Started @148232ms
2023-06-06 14:28:59,110 [Time-limited test] WARN  impl.MetricsSystemImpl (MetricsSystemImpl.java:register(279)) - Sink prometheus already exists!
2023-06-06 14:28:59,111 [Time-limited test] INFO  http.BaseHttpServer (BaseHttpServer.java:updateConnectorAddress(344)) - HTTP server of ozoneManager listening at http://0.0.0.0:15144
2023-06-06 14:28:59,111 [IPC Server Responder] INFO  ipc.Server (Server.java:run(1558)) - IPC Server Responder: starting
2023-06-06 14:28:59,112 [IPC Server listener on 15143] INFO  ipc.Server (Server.java:run(1398)) - IPC Server listener on 15143: starting
2023-06-06 14:28:59,113 [Time-limited test] INFO  om.OzoneManager (OzoneManager.java:startTrashEmptier(2065)) - Trash Interval set to 0. Files deleted won't move to trash
2023-06-06 14:28:59,131 [Time-limited test] WARN  impl.MetricRegistriesImpl (MetricRegistriesImpl.java:addReporterRegistration(111)) - New reporters are added after registries were created. Some metrics will be missing from the reporter. Please add reporter before adding any new registry.
2023-06-06 14:28:59,132 [Time-limited test] WARN  impl.MetricRegistriesImpl (MetricRegistriesImpl.java:addReporterRegistration(111)) - New reporters are added after registries were created. Some metrics will be missing from the reporter. Please add reporter before adding any new registry.
2023-06-06 14:28:59,132 [Time-limited test] INFO  impl.MetricsSystemImpl (MetricsSystemImpl.java:init(158)) - HddsDatanode metrics system started (again)
2023-06-06 14:28:59,143 [Time-limited test] INFO  ozone.HddsDatanodeService (HddsDatanodeService.java:start(261)) - HddsDatanodeService host:fv-az1133-973.qlb2sqfkji0uhjsjdnlwzcsdwg.bx.internal.cloudapp.net ip:10.1.0.37
2023-06-06 14:28:59,165 [Time-limited test] INFO  upgrade.AbstractLayoutVersionManager (AbstractLayoutVersionManager.java:init(83)) - Initializing Layout version manager with metadata layout = HADOOP_PRC_PORTS_IN_DATANODEDETAILS (version = 7), software layout = HADOOP_PRC_PORTS_IN_DATANODEDETAILS (version = 7)
2023-06-06 14:28:59,166 [Time-limited test] INFO  statemachine.DatanodeStateMachine (DatanodeStateMachine.java:getEndPointTaskThreadPoolSize(271)) - Datanode State Machine Task Thread Pool size 2
2023-06-06 14:28:59,168 [Time-limited test] INFO  volume.HddsVolume (HddsVolume.java:<init>(130)) - Creating HddsVolume: /home/runner/work/ozone/ozone/hadoop-ozone/integration-test/target/test-dir/MiniOzoneClusterImpl-311f1a44-6374-447a-8cc6-2b136736f8fc/datanode-0/data-0/containers/hdds of storage type : DISK capacity : 9223372036854775807
2023-06-06 14:28:59,168 [Time-limited test] INFO  volume.MutableVolumeSet (MutableVolumeSet.java:initializeVolumeSet(175)) - Added Volume : /home/runner/work/ozone/ozone/hadoop-ozone/integration-test/target/test-dir/MiniOzoneClusterImpl-311f1a44-6374-447a-8cc6-2b136736f8fc/datanode-0/data-0/containers/hdds to VolumeSet
2023-06-06 14:28:59,168 [Time-limited test] INFO  volume.ThrottledAsyncChecker (ThrottledAsyncChecker.java:schedule(141)) - Scheduling a check for /home/runner/work/ozone/ozone/hadoop-ozone/integration-test/target/test-dir/MiniOzoneClusterImpl-311f1a44-6374-447a-8cc6-2b136736f8fc/datanode-0/data-0/containers/hdds
2023-06-06 14:28:59,173 [Time-limited test] INFO  volume.StorageVolumeChecker (StorageVolumeChecker.java:checkAllVolumes(202)) - Scheduled health check for volume /home/runner/work/ozone/ozone/hadoop-ozone/integration-test/target/test-dir/MiniOzoneClusterImpl-311f1a44-6374-447a-8cc6-2b136736f8fc/datanode-0/data-0/containers/hdds
2023-06-06 14:28:59,186 [Time-limited test] INFO  volume.MutableVolumeSet (MutableVolumeSet.java:initializeVolumeSet(175)) - Added Volume : /home/runner/work/ozone/ozone/hadoop-ozone/integration-test/target/test-dir/MiniOzoneClusterImpl-311f1a44-6374-447a-8cc6-2b136736f8fc/datanode-0/data/ratis to VolumeSet
2023-06-06 14:28:59,186 [Time-limited test] INFO  volume.ThrottledAsyncChecker (ThrottledAsyncChecker.java:schedule(141)) - Scheduling a check for /home/runner/work/ozone/ozone/hadoop-ozone/integration-test/target/test-dir/MiniOzoneClusterImpl-311f1a44-6374-447a-8cc6-2b136736f8fc/datanode-0/data/ratis
2023-06-06 14:28:59,187 [Time-limited test] INFO  volume.StorageVolumeChecker (StorageVolumeChecker.java:checkAllVolumes(202)) - Scheduled health check for volume /home/runner/work/ozone/ozone/hadoop-ozone/integration-test/target/test-dir/MiniOzoneClusterImpl-311f1a44-6374-447a-8cc6-2b136736f8fc/datanode-0/data/ratis
2023-06-06 14:28:59,200 [Thread-2183] INFO  ozoneimpl.ContainerReader (ContainerReader.java:readVolume(175)) - Finish verifying containers on volume /home/runner/work/ozone/ozone/hadoop-ozone/integration-test/target/test-dir/MiniOzoneClusterImpl-311f1a44-6374-447a-8cc6-2b136736f8fc/datanode-0/data-0/containers/hdds
2023-06-06 14:28:59,201 [Time-limited test] INFO  ozoneimpl.OzoneContainer (OzoneContainer.java:buildContainerSet(303)) - Build ContainerSet costs 0s
2023-06-06 14:28:59,205 [Time-limited test] INFO  server.RaftServer (ConfUtils.java:logGet(46)) - raft.rpc.type = GRPC (default)
2023-06-06 14:28:59,205 [Time-limited test] INFO  grpc.GrpcConfigKeys (ConfUtils.java:logFallback(53)) - raft.grpc.admin.host = null (fallback to raft.grpc.server.host)
2023-06-06 14:28:59,205 [Time-limited test] INFO  grpc.GrpcConfigKeys (ConfUtils.java:logGet(46)) - raft.grpc.admin.port = 15152 (custom)
2023-06-06 14:28:59,205 [Time-limited test] INFO  grpc.GrpcConfigKeys (ConfUtils.java:logFallback(53)) - raft.grpc.client.host = null (fallback to raft.grpc.server.host)
2023-06-06 14:28:59,205 [Time-limited test] INFO  grpc.GrpcConfigKeys (ConfUtils.java:logGet(46)) - raft.grpc.client.port = 15151 (custom)
2023-06-06 14:28:59,205 [Time-limited test] INFO  grpc.GrpcConfigKeys (ConfUtils.java:logGet(46)) - raft.grpc.server.host = null (default)
2023-06-06 14:28:59,205 [Time-limited test] INFO  grpc.GrpcConfigKeys (ConfUtils.java:logGet(46)) - raft.grpc.server.port = 15153 (custom)
2023-06-06 14:28:59,205 [Time-limited test] INFO  server.GrpcService (ConfUtils.java:logGet(46)) - raft.grpc.message.size.max = 32MB (=33554432) (custom)
2023-06-06 14:28:59,205 [Time-limited test] INFO  server.RaftServerConfigKeys (ConfUtils.java:logGet(46)) - raft.server.log.appender.buffer.byte-limit = 33554432 (custom)
2023-06-06 14:28:59,206 [Time-limited test] INFO  server.GrpcService (ConfUtils.java:logGet(46)) - raft.grpc.flow.control.window = 5MB (=5242880) (custom)
2023-06-06 14:28:59,206 [Time-limited test] INFO  server.RaftServerConfigKeys (ConfUtils.java:logGet(46)) - raft.server.rpc.request.timeout = 60s (custom)
2023-06-06 14:28:59,206 [Time-limited test] INFO  grpc.GrpcConfigKeys (ConfUtils.java:logGet(46)) - raft.grpc.server.heartbeat.channel = true (default)
2023-06-06 14:28:59,206 [Time-limited test] INFO  grpc.GrpcConfigKeys (ConfUtils.java:logGet(46)) - raft.grpc.server.async.request.thread.pool.cached = true (default)
2023-06-06 14:28:59,206 [Time-limited test] INFO  grpc.GrpcConfigKeys (ConfUtils.java:logGet(46)) - raft.grpc.server.async.request.thread.pool.size = 32 (default)
2023-06-06 14:28:59,208 [Time-limited test] INFO  impl.DataStreamServerImpl (ConfUtils.java:logGet(46)) - raft.datastream.type = NETTY (custom)
2023-06-06 14:28:59,209 [Time-limited test] INFO  server.RaftServerConfigKeys (ConfUtils.java:logGet(46)) - raft.server.data-stream.async.request.thread.pool.cached = false (default)
2023-06-06 14:28:59,209 [Time-limited test] INFO  server.RaftServerConfigKeys (ConfUtils.java:logGet(46)) - raft.server.data-stream.async.request.thread.pool.size = 20 (custom)
2023-06-06 14:28:59,209 [Time-limited test] INFO  server.RaftServerConfigKeys (ConfUtils.java:logGet(46)) - raft.server.data-stream.async.write.thread.pool.size = 16 (default)
2023-06-06 14:28:59,209 [Time-limited test] INFO  server.RaftServerConfigKeys (ConfUtils.java:logGet(46)) - raft.server.data-stream.client.pool.size = 10 (default)
2023-06-06 14:28:59,209 [Time-limited test] INFO  netty.NettyConfigKeys$DataStream (ConfUtils.java:logGet(46)) - raft.netty.dataStream.server.use-epoll = false (default)
2023-06-06 14:28:59,209 [Time-limited test] INFO  netty.NettyConfigKeys$DataStream (ConfUtils.java:logGet(46)) - raft.netty.dataStream.server.boss-group.size = 0 (default)
2023-06-06 14:28:59,209 [Time-limited test] INFO  netty.NettyConfigKeys$DataStream (ConfUtils.java:logGet(46)) - raft.netty.dataStream.server.worker-group.size = 0 (default)
2023-06-06 14:28:59,210 [Time-limited test] INFO  netty.NettyConfigKeys$DataStream (ConfUtils.java:logGet(46)) - raft.netty.dataStream.server.tls.conf = null (default)
2023-06-06 14:28:59,210 [Time-limited test] INFO  netty.NettyConfigKeys$DataStream (ConfUtils.java:logGet(46)) - raft.netty.dataStream.host = null (default)
2023-06-06 14:28:59,210 [Time-limited test] INFO  netty.NettyConfigKeys$DataStream (ConfUtils.java:logGet(46)) - raft.netty.dataStream.port = 15154 (custom)
2023-06-06 14:28:59,210 [Time-limited test] INFO  server.RaftServerConfigKeys (ConfUtils.java:logGet(46)) - raft.server.threadpool.proxy.cached = true (default)
2023-06-06 14:28:59,210 [Time-limited test] INFO  server.RaftServerConfigKeys (ConfUtils.java:logGet(46)) - raft.server.threadpool.proxy.size = 0 (default)
2023-06-06 14:28:59,210 [Time-limited test] INFO  server.RaftServerConfigKeys (ConfUtils.java:logGet(46)) - raft.server.rpc.slowness.timeout = 300s (custom)
2023-06-06 14:28:59,210 [Time-limited test] INFO  server.RaftServerConfigKeys (ConfUtils.java:logGet(46)) - raft.server.leaderelection.leader.step-down.wait-time = 10s (default)
2023-06-06 14:28:59,211 [Time-limited test] INFO  server.RaftServerConfigKeys (ConfUtils.java:logGet(46)) - raft.server.storage.dir = [/home/runner/work/ozone/ozone/hadoop-ozone/integration-test/target/test-dir/MiniOzoneClusterImpl-311f1a44-6374-447a-8cc6-2b136736f8fc/datanode-0/data/ratis] (custom)
2023-06-06 14:28:59,211 [30c53b57-84aa-4907-b898-4ab0d8d18ef9-NettyServerStreamRpc-bossGroup--thread1] INFO  logging.LoggingHandler (AbstractInternalLogger.java:log(148)) - [id: 0x80ae352d] REGISTERED
2023-06-06 14:28:59,211 [30c53b57-84aa-4907-b898-4ab0d8d18ef9-NettyServerStreamRpc-bossGroup--thread1] INFO  logging.LoggingHandler (AbstractInternalLogger.java:log(148)) - [id: 0x80ae352d] BIND: 0.0.0.0/0.0.0.0:15154
2023-06-06 14:28:59,211 [30c53b57-84aa-4907-b898-4ab0d8d18ef9-NettyServerStreamRpc-bossGroup--thread1] INFO  logging.LoggingHandler (AbstractInternalLogger.java:log(148)) - [id: 0x80ae352d, L:/0:0:0:0:0:0:0:0:15154] ACTIVE
2023-06-06 14:28:59,213 [Time-limited test] INFO  server.XceiverServerGrpc (XceiverServerGrpc.java:<init>(132)) - GrpcServer channel type EpollServerSocketChannel
2023-06-06 14:28:59,216 [Time-limited test] INFO  replication.ReplicationSupervisor (ReplicationSupervisor.java:nodeStateUpdated(305)) - Node state updated to IN_SERVICE, scaling executor pool size to 10
2023-06-06 14:28:59,222 [Time-limited test] INFO  http.BaseHttpServer (BaseHttpServer.java:newHttpServer2BuilderForOzone(224)) - Starting Web-server for hddsDatanode at: http://0.0.0.0:15148
2023-06-06 14:28:59,222 [Time-limited test] INFO  http.BaseHttpServer (BaseHttpServer.java:<init>(111)) - Hadoop Security Enabled: false Ozone Security Enabled: false Ozone HTTP Security Enabled: false 
2023-06-06 14:28:59,224 [Time-limited test] WARN  server.AuthenticationFilter (AuthenticationFilter.java:constructSecretProvider(240)) - Unable to initialize FileSignerSecretProvider, falling back to use random secrets. Reason: Could not read signature secret file: /home/runner/hadoop-http-auth-signature-secret
2023-06-06 14:28:59,227 [Time-limited test] INFO  http.HttpRequestLog (HttpRequestLog.java:getRequestLog(86)) - Http request log for http.requests.hddsDatanode is not defined
2023-06-06 14:28:59,228 [Time-limited test] INFO  http.HttpServer2 (HttpServer2.java:addGlobalFilter(1031)) - Added global filter 'safety' (class=org.apache.hadoop.hdds.server.http.HttpServer2$QuotingInputFilter)
2023-06-06 14:28:59,229 [Time-limited test] INFO  http.HttpServer2 (HttpServer2.java:addFilter(1007)) - Added filter static_user_filter (class=org.apache.hadoop.http.lib.StaticUserWebFilter$StaticUserFilter) to context hddsDatanode
2023-06-06 14:28:59,229 [Time-limited test] INFO  http.HttpServer2 (HttpServer2.java:addFilter(1015)) - Added filter static_user_filter (class=org.apache.hadoop.http.lib.StaticUserWebFilter$StaticUserFilter) to context static
2023-06-06 14:28:59,229 [Time-limited test] INFO  http.HttpServer2 (HttpServer2.java:addFilter(1015)) - Added filter static_user_filter (class=org.apache.hadoop.http.lib.StaticUserWebFilter$StaticUserFilter) to context logs
2023-06-06 14:28:59,231 [Time-limited test] INFO  http.BaseHttpServer (BaseHttpServer.java:<init>(190)) - HTTP server of hddsDatanode uses base directory /home/runner/work/ozone/ozone/hadoop-ozone/integration-test/target/test-dir/MiniOzoneClusterImpl-311f1a44-6374-447a-8cc6-2b136736f8fc/datanode-0/meta/webserver
2023-06-06 14:28:59,231 [Time-limited test] INFO  http.HttpServer2 (HttpServer2.java:bindListener(1250)) - Jetty bound to port 15148
2023-06-06 14:28:59,231 [Time-limited test] INFO  server.Server (Server.java:doStart(375)) - jetty-9.4.51.v20230217; built: 2023-02-17T08:19:37.309Z; git: b45c405e4544384de066f814ed42ae3dceacdd49; jvm 1.8.0_372-b07
2023-06-06 14:28:59,242 [Time-limited test] INFO  server.session (DefaultSessionIdManager.java:doStart(334)) - DefaultSessionIdManager workerName=node0
2023-06-06 14:28:59,242 [Time-limited test] INFO  server.session (DefaultSessionIdManager.java:doStart(339)) - No SessionScavenger set, using defaults
2023-06-06 14:28:59,242 [Time-limited test] INFO  server.session (HouseKeeper.java:startScavenging(132)) - node0 Scavenging every 660000ms
2023-06-06 14:28:59,245 [Time-limited test] INFO  handler.ContextHandler (ContextHandler.java:doStart(921)) - Started o.e.j.s.ServletContextHandler@4d319eba{logs,/logs,file:///home/runner/work/ozone/ozone/hadoop-ozone/integration-test/target/log,AVAILABLE}
2023-06-06 14:28:59,245 [Time-limited test] INFO  handler.ContextHandler (ContextHandler.java:doStart(921)) - Started o.e.j.s.ServletContextHandler@5ce01b1a{static,/static,jar:file:/home/runner/.m2/repository/org/apache/ozone/hdds-container-service/1.4.0-SNAPSHOT/hdds-container-service-1.4.0-SNAPSHOT.jar!/webapps/static,AVAILABLE}
2023-06-06 14:28:59,451 [Time-limited test] INFO  handler.ContextHandler (ContextHandler.java:doStart(921)) - Started o.e.j.w.WebAppContext@bc48436{hddsDatanode,/,file:///home/runner/work/ozone/ozone/hadoop-ozone/integration-test/target/test-dir/MiniOzoneClusterImpl-311f1a44-6374-447a-8cc6-2b136736f8fc/datanode-0/meta/webserver/jetty-0_0_0_0-15148-hdds-container-service-1_4_0-SNAPSHOT_jar-_-any-4189274511167263975/webapp/,AVAILABLE}{jar:file:/home/runner/.m2/repository/org/apache/ozone/hdds-container-service/1.4.0-SNAPSHOT/hdds-container-service-1.4.0-SNAPSHOT.jar!/webapps/hddsDatanode}
2023-06-06 14:28:59,453 [Time-limited test] INFO  server.AbstractConnector (AbstractConnector.java:doStart(333)) - Started ServerConnector@2f8cb6e0{HTTP/1.1, (http/1.1)}{0.0.0.0:15148}
2023-06-06 14:28:59,453 [Time-limited test] INFO  server.Server (Server.java:doStart(415)) - Started @148575ms
2023-06-06 14:28:59,453 [Time-limited test] WARN  impl.MetricsSystemImpl (MetricsSystemImpl.java:register(279)) - Sink prometheus already exists!
2023-06-06 14:28:59,453 [Time-limited test] INFO  http.BaseHttpServer (BaseHttpServer.java:updateConnectorAddress(344)) - HTTP server of hddsDatanode listening at http://0.0.0.0:15148
2023-06-06 14:28:59,454 [Time-limited test] INFO  ipc.CallQueueManager (CallQueueManager.java:<init>(90)) - Using callQueue: class java.util.concurrent.LinkedBlockingQueue, queueCapacity: 100, scheduler: class org.apache.hadoop.ipc.DefaultRpcScheduler, ipcBackoff: false.
2023-06-06 14:28:59,458 [Socket Reader #1 for port 15149] INFO  ipc.Server (Server.java:run(1319)) - Starting Socket Reader #1 for port 15149
2023-06-06 14:28:59,461 [Listener at 0.0.0.0/15149] INFO  hdds.HddsUtils (HddsUtils.java:preserveThreadName(843)) - Restoring thread name: Time-limited test
2023-06-06 14:28:59,462 [Time-limited test] INFO  ozone.HddsDatanodeService (HddsDatanodeService.java:start(331)) - Datanode start with admins: [adminUser1, adminUser2, runner]
2023-06-06 14:28:59,462 [Time-limited test] INFO  ozone.HddsDatanodeClientProtocolServer (HddsDatanodeClientProtocolServer.java:start(83)) - RPC server for Client /0.0.0.0:15149
2023-06-06 14:28:59,463 [IPC Server listener on 15149] INFO  ipc.Server (Server.java:run(1398)) - IPC Server listener on 15149: starting
2023-06-06 14:28:59,464 [IPC Server Responder] INFO  ipc.Server (Server.java:run(1558)) - IPC Server Responder: starting
2023-06-06 14:28:59,466 [Time-limited test] WARN  impl.MetricRegistriesImpl (MetricRegistriesImpl.java:addReporterRegistration(111)) - New reporters are added after registries were created. Some metrics will be missing from the reporter. Please add reporter before adding any new registry.
2023-06-06 14:28:59,466 [Time-limited test] WARN  impl.MetricRegistriesImpl (MetricRegistriesImpl.java:addReporterRegistration(111)) - New reporters are added after registries were created. Some metrics will be missing from the reporter. Please add reporter before adding any new registry.
2023-06-06 14:28:59,467 [Time-limited test] INFO  impl.MetricsSystemImpl (MetricsSystemImpl.java:init(158)) - HddsDatanode metrics system started (again)
2023-06-06 14:28:59,470 [Datanode State Machine Daemon Thread] INFO  statemachine.DatanodeStateMachine (DatanodeStateMachine.java:lambda$startDaemon$0(523)) - Ozone container server started.
2023-06-06 14:28:59,480 [Time-limited test] INFO  ozone.HddsDatanodeService (HddsDatanodeService.java:start(261)) - HddsDatanodeService host:fv-az1133-973.qlb2sqfkji0uhjsjdnlwzcsdwg.bx.internal.cloudapp.net ip:10.1.0.37
2023-06-06 14:28:59,493 [Datanode State Machine Task Thread - 0] INFO  datanode.InitDatanodeState (InitDatanodeState.java:persistContainerDatanodeDetails(138)) - DatanodeDetails is persisted to /home/runner/work/ozone/ozone/hadoop-ozone/integration-test/target/test-dir/MiniOzoneClusterImpl-311f1a44-6374-447a-8cc6-2b136736f8fc/datanode-0/meta/datanode.id
2023-06-06 14:28:59,508 [Time-limited test] INFO  upgrade.AbstractLayoutVersionManager (AbstractLayoutVersionManager.java:init(83)) - Initializing Layout version manager with metadata layout = HADOOP_PRC_PORTS_IN_DATANODEDETAILS (version = 7), software layout = HADOOP_PRC_PORTS_IN_DATANODEDETAILS (version = 7)
2023-06-06 14:28:59,508 [Time-limited test] INFO  statemachine.DatanodeStateMachine (DatanodeStateMachine.java:getEndPointTaskThreadPoolSize(271)) - Datanode State Machine Task Thread Pool size 2
2023-06-06 14:28:59,514 [Time-limited test] INFO  volume.HddsVolume (HddsVolume.java:<init>(130)) - Creating HddsVolume: /home/runner/work/ozone/ozone/hadoop-ozone/integration-test/target/test-dir/MiniOzoneClusterImpl-311f1a44-6374-447a-8cc6-2b136736f8fc/datanode-1/data-0/containers/hdds of storage type : DISK capacity : 9223372036854775807
2023-06-06 14:28:59,514 [Time-limited test] INFO  volume.MutableVolumeSet (MutableVolumeSet.java:initializeVolumeSet(175)) - Added Volume : /home/runner/work/ozone/ozone/hadoop-ozone/integration-test/target/test-dir/MiniOzoneClusterImpl-311f1a44-6374-447a-8cc6-2b136736f8fc/datanode-1/data-0/containers/hdds to VolumeSet
2023-06-06 14:28:59,514 [Time-limited test] INFO  volume.ThrottledAsyncChecker (ThrottledAsyncChecker.java:schedule(141)) - Scheduling a check for /home/runner/work/ozone/ozone/hadoop-ozone/integration-test/target/test-dir/MiniOzoneClusterImpl-311f1a44-6374-447a-8cc6-2b136736f8fc/datanode-1/data-0/containers/hdds
2023-06-06 14:28:59,515 [Time-limited test] INFO  volume.StorageVolumeChecker (StorageVolumeChecker.java:checkAllVolumes(202)) - Scheduled health check for volume /home/runner/work/ozone/ozone/hadoop-ozone/integration-test/target/test-dir/MiniOzoneClusterImpl-311f1a44-6374-447a-8cc6-2b136736f8fc/datanode-1/data-0/containers/hdds
2023-06-06 14:28:59,531 [Time-limited test] INFO  volume.MutableVolumeSet (MutableVolumeSet.java:initializeVolumeSet(175)) - Added Volume : /home/runner/work/ozone/ozone/hadoop-ozone/integration-test/target/test-dir/MiniOzoneClusterImpl-311f1a44-6374-447a-8cc6-2b136736f8fc/datanode-1/data/ratis to VolumeSet
2023-06-06 14:28:59,531 [Time-limited test] INFO  volume.ThrottledAsyncChecker (ThrottledAsyncChecker.java:schedule(141)) - Scheduling a check for /home/runner/work/ozone/ozone/hadoop-ozone/integration-test/target/test-dir/MiniOzoneClusterImpl-311f1a44-6374-447a-8cc6-2b136736f8fc/datanode-1/data/ratis
2023-06-06 14:28:59,531 [Time-limited test] INFO  volume.StorageVolumeChecker (StorageVolumeChecker.java:checkAllVolumes(202)) - Scheduled health check for volume /home/runner/work/ozone/ozone/hadoop-ozone/integration-test/target/test-dir/MiniOzoneClusterImpl-311f1a44-6374-447a-8cc6-2b136736f8fc/datanode-1/data/ratis
2023-06-06 14:28:59,543 [Thread-2200] INFO  ozoneimpl.ContainerReader (ContainerReader.java:readVolume(175)) - Finish verifying containers on volume /home/runner/work/ozone/ozone/hadoop-ozone/integration-test/target/test-dir/MiniOzoneClusterImpl-311f1a44-6374-447a-8cc6-2b136736f8fc/datanode-1/data-0/containers/hdds
2023-06-06 14:28:59,543 [Time-limited test] INFO  ozoneimpl.OzoneContainer (OzoneContainer.java:buildContainerSet(303)) - Build ContainerSet costs 0s
2023-06-06 14:28:59,545 [Time-limited test] INFO  server.RaftServer (ConfUtils.java:logGet(46)) - raft.rpc.type = GRPC (default)
2023-06-06 14:28:59,545 [Time-limited test] INFO  grpc.GrpcConfigKeys (ConfUtils.java:logFallback(53)) - raft.grpc.admin.host = null (fallback to raft.grpc.server.host)
2023-06-06 14:28:59,545 [Time-limited test] INFO  grpc.GrpcConfigKeys (ConfUtils.java:logGet(46)) - raft.grpc.admin.port = 15161 (custom)
2023-06-06 14:28:59,545 [Time-limited test] INFO  grpc.GrpcConfigKeys (ConfUtils.java:logFallback(53)) - raft.grpc.client.host = null (fallback to raft.grpc.server.host)
2023-06-06 14:28:59,545 [Time-limited test] INFO  grpc.GrpcConfigKeys (ConfUtils.java:logGet(46)) - raft.grpc.client.port = 15160 (custom)
2023-06-06 14:28:59,545 [Time-limited test] INFO  grpc.GrpcConfigKeys (ConfUtils.java:logGet(46)) - raft.grpc.server.host = null (default)
2023-06-06 14:28:59,545 [Time-limited test] INFO  grpc.GrpcConfigKeys (ConfUtils.java:logGet(46)) - raft.grpc.server.port = 15162 (custom)
2023-06-06 14:28:59,545 [Time-limited test] INFO  server.GrpcService (ConfUtils.java:logGet(46)) - raft.grpc.message.size.max = 32MB (=33554432) (custom)
2023-06-06 14:28:59,546 [Time-limited test] INFO  server.RaftServerConfigKeys (ConfUtils.java:logGet(46)) - raft.server.log.appender.buffer.byte-limit = 33554432 (custom)
2023-06-06 14:28:59,546 [Time-limited test] INFO  server.GrpcService (ConfUtils.java:logGet(46)) - raft.grpc.flow.control.window = 5MB (=5242880) (custom)
2023-06-06 14:28:59,546 [Time-limited test] INFO  server.RaftServerConfigKeys (ConfUtils.java:logGet(46)) - raft.server.rpc.request.timeout = 60s (custom)
2023-06-06 14:28:59,546 [Time-limited test] INFO  grpc.GrpcConfigKeys (ConfUtils.java:logGet(46)) - raft.grpc.server.heartbeat.channel = true (default)
2023-06-06 14:28:59,546 [Time-limited test] INFO  grpc.GrpcConfigKeys (ConfUtils.java:logGet(46)) - raft.grpc.server.async.request.thread.pool.cached = true (default)
2023-06-06 14:28:59,546 [Time-limited test] INFO  grpc.GrpcConfigKeys (ConfUtils.java:logGet(46)) - raft.grpc.server.async.request.thread.pool.size = 32 (default)
2023-06-06 14:28:59,548 [Time-limited test] INFO  impl.DataStreamServerImpl (ConfUtils.java:logGet(46)) - raft.datastream.type = NETTY (custom)
2023-06-06 14:28:59,548 [Time-limited test] INFO  server.RaftServerConfigKeys (ConfUtils.java:logGet(46)) - raft.server.data-stream.async.request.thread.pool.cached = false (default)
2023-06-06 14:28:59,548 [Time-limited test] INFO  server.RaftServerConfigKeys (ConfUtils.java:logGet(46)) - raft.server.data-stream.async.request.thread.pool.size = 20 (custom)
2023-06-06 14:28:59,548 [Time-limited test] INFO  server.RaftServerConfigKeys (ConfUtils.java:logGet(46)) - raft.server.data-stream.async.write.thread.pool.size = 16 (default)
2023-06-06 14:28:59,548 [Time-limited test] INFO  server.RaftServerConfigKeys (ConfUtils.java:logGet(46)) - raft.server.data-stream.client.pool.size = 10 (default)
2023-06-06 14:28:59,549 [Time-limited test] INFO  netty.NettyConfigKeys$DataStream (ConfUtils.java:logGet(46)) - raft.netty.dataStream.server.use-epoll = false (default)
2023-06-06 14:28:59,549 [Time-limited test] INFO  netty.NettyConfigKeys$DataStream (ConfUtils.java:logGet(46)) - raft.netty.dataStream.server.boss-group.size = 0 (default)
2023-06-06 14:28:59,549 [Time-limited test] INFO  netty.NettyConfigKeys$DataStream (ConfUtils.java:logGet(46)) - raft.netty.dataStream.server.worker-group.size = 0 (default)
2023-06-06 14:28:59,549 [Time-limited test] INFO  netty.NettyConfigKeys$DataStream (ConfUtils.java:logGet(46)) - raft.netty.dataStream.server.tls.conf = null (default)
2023-06-06 14:28:59,549 [Time-limited test] INFO  netty.NettyConfigKeys$DataStream (ConfUtils.java:logGet(46)) - raft.netty.dataStream.host = null (default)
2023-06-06 14:28:59,550 [Time-limited test] INFO  netty.NettyConfigKeys$DataStream (ConfUtils.java:logGet(46)) - raft.netty.dataStream.port = 15163 (custom)
2023-06-06 14:28:59,550 [Time-limited test] INFO  server.RaftServerConfigKeys (ConfUtils.java:logGet(46)) - raft.server.threadpool.proxy.cached = true (default)
2023-06-06 14:28:59,550 [Time-limited test] INFO  server.RaftServerConfigKeys (ConfUtils.java:logGet(46)) - raft.server.threadpool.proxy.size = 0 (default)
2023-06-06 14:28:59,550 [Time-limited test] INFO  server.RaftServerConfigKeys (ConfUtils.java:logGet(46)) - raft.server.rpc.slowness.timeout = 300s (custom)
2023-06-06 14:28:59,550 [Time-limited test] INFO  server.RaftServerConfigKeys (ConfUtils.java:logGet(46)) - raft.server.leaderelection.leader.step-down.wait-time = 10s (default)
2023-06-06 14:28:59,550 [Time-limited test] INFO  server.RaftServerConfigKeys (ConfUtils.java:logGet(46)) - raft.server.storage.dir = [/home/runner/work/ozone/ozone/hadoop-ozone/integration-test/target/test-dir/MiniOzoneClusterImpl-311f1a44-6374-447a-8cc6-2b136736f8fc/datanode-1/data/ratis] (custom)
2023-06-06 14:28:59,551 [a8cecc1f-3f3f-4377-b117-1e6c466c1e86-NettyServerStreamRpc-bossGroup--thread1] INFO  logging.LoggingHandler (AbstractInternalLogger.java:log(148)) - [id: 0x7d7a31cc] REGISTERED
2023-06-06 14:28:59,551 [a8cecc1f-3f3f-4377-b117-1e6c466c1e86-NettyServerStreamRpc-bossGroup--thread1] INFO  logging.LoggingHandler (AbstractInternalLogger.java:log(148)) - [id: 0x7d7a31cc] BIND: 0.0.0.0/0.0.0.0:15163
2023-06-06 14:28:59,551 [a8cecc1f-3f3f-4377-b117-1e6c466c1e86-NettyServerStreamRpc-bossGroup--thread1] INFO  logging.LoggingHandler (AbstractInternalLogger.java:log(148)) - [id: 0x7d7a31cc, L:/0:0:0:0:0:0:0:0:15163] ACTIVE
2023-06-06 14:28:59,552 [Time-limited test] INFO  server.XceiverServerGrpc (XceiverServerGrpc.java:<init>(132)) - GrpcServer channel type EpollServerSocketChannel
2023-06-06 14:28:59,553 [Time-limited test] INFO  replication.ReplicationSupervisor (ReplicationSupervisor.java:nodeStateUpdated(305)) - Node state updated to IN_SERVICE, scaling executor pool size to 10
2023-06-06 14:28:59,555 [Time-limited test] INFO  http.BaseHttpServer (BaseHttpServer.java:newHttpServer2BuilderForOzone(224)) - Starting Web-server for hddsDatanode at: http://0.0.0.0:15157
2023-06-06 14:28:59,555 [Time-limited test] INFO  http.BaseHttpServer (BaseHttpServer.java:<init>(111)) - Hadoop Security Enabled: false Ozone Security Enabled: false Ozone HTTP Security Enabled: false 
2023-06-06 14:28:59,556 [Time-limited test] WARN  server.AuthenticationFilter (AuthenticationFilter.java:constructSecretProvider(240)) - Unable to initialize FileSignerSecretProvider, falling back to use random secrets. Reason: Could not read signature secret file: /home/runner/hadoop-http-auth-signature-secret
2023-06-06 14:28:59,556 [Time-limited test] INFO  http.HttpRequestLog (HttpRequestLog.java:getRequestLog(86)) - Http request log for http.requests.hddsDatanode is not defined
2023-06-06 14:28:59,557 [Time-limited test] INFO  http.HttpServer2 (HttpServer2.java:addGlobalFilter(1031)) - Added global filter 'safety' (class=org.apache.hadoop.hdds.server.http.HttpServer2$QuotingInputFilter)
2023-06-06 14:28:59,558 [Time-limited test] INFO  http.HttpServer2 (HttpServer2.java:addFilter(1007)) - Added filter static_user_filter (class=org.apache.hadoop.http.lib.StaticUserWebFilter$StaticUserFilter) to context hddsDatanode
2023-06-06 14:28:59,558 [Time-limited test] INFO  http.HttpServer2 (HttpServer2.java:addFilter(1015)) - Added filter static_user_filter (class=org.apache.hadoop.http.lib.StaticUserWebFilter$StaticUserFilter) to context static
2023-06-06 14:28:59,559 [Time-limited test] INFO  http.HttpServer2 (HttpServer2.java:addFilter(1015)) - Added filter static_user_filter (class=org.apache.hadoop.http.lib.StaticUserWebFilter$StaticUserFilter) to context logs
2023-06-06 14:28:59,559 [Time-limited test] INFO  http.BaseHttpServer (BaseHttpServer.java:<init>(190)) - HTTP server of hddsDatanode uses base directory /home/runner/work/ozone/ozone/hadoop-ozone/integration-test/target/test-dir/MiniOzoneClusterImpl-311f1a44-6374-447a-8cc6-2b136736f8fc/datanode-1/meta/webserver
2023-06-06 14:28:59,559 [Time-limited test] INFO  http.HttpServer2 (HttpServer2.java:bindListener(1250)) - Jetty bound to port 15157
2023-06-06 14:28:59,559 [Time-limited test] INFO  server.Server (Server.java:doStart(375)) - jetty-9.4.51.v20230217; built: 2023-02-17T08:19:37.309Z; git: b45c405e4544384de066f814ed42ae3dceacdd49; jvm 1.8.0_372-b07
2023-06-06 14:28:59,563 [Time-limited test] INFO  server.session (DefaultSessionIdManager.java:doStart(334)) - DefaultSessionIdManager workerName=node0
2023-06-06 14:28:59,563 [Time-limited test] INFO  server.session (DefaultSessionIdManager.java:doStart(339)) - No SessionScavenger set, using defaults
2023-06-06 14:28:59,563 [Time-limited test] INFO  server.session (HouseKeeper.java:startScavenging(132)) - node0 Scavenging every 600000ms
2023-06-06 14:28:59,564 [Time-limited test] INFO  handler.ContextHandler (ContextHandler.java:doStart(921)) - Started o.e.j.s.ServletContextHandler@1ab1d7e9{logs,/logs,file:///home/runner/work/ozone/ozone/hadoop-ozone/integration-test/target/log,AVAILABLE}
2023-06-06 14:28:59,564 [Time-limited test] INFO  handler.ContextHandler (ContextHandler.java:doStart(921)) - Started o.e.j.s.ServletContextHandler@1afe4e8{static,/static,jar:file:/home/runner/.m2/repository/org/apache/ozone/hdds-container-service/1.4.0-SNAPSHOT/hdds-container-service-1.4.0-SNAPSHOT.jar!/webapps/static,AVAILABLE}
2023-06-06 14:28:59,760 [Time-limited test] INFO  handler.ContextHandler (ContextHandler.java:doStart(921)) - Started o.e.j.w.WebAppContext@5dd48e35{hddsDatanode,/,file:///home/runner/work/ozone/ozone/hadoop-ozone/integration-test/target/test-dir/MiniOzoneClusterImpl-311f1a44-6374-447a-8cc6-2b136736f8fc/datanode-1/meta/webserver/jetty-0_0_0_0-15157-hdds-container-service-1_4_0-SNAPSHOT_jar-_-any-8553459409366211886/webapp/,AVAILABLE}{jar:file:/home/runner/.m2/repository/org/apache/ozone/hdds-container-service/1.4.0-SNAPSHOT/hdds-container-service-1.4.0-SNAPSHOT.jar!/webapps/hddsDatanode}
2023-06-06 14:28:59,762 [Time-limited test] INFO  server.AbstractConnector (AbstractConnector.java:doStart(333)) - Started ServerConnector@569335e4{HTTP/1.1, (http/1.1)}{0.0.0.0:15157}
2023-06-06 14:28:59,762 [Time-limited test] INFO  server.Server (Server.java:doStart(415)) - Started @148884ms
2023-06-06 14:28:59,762 [Time-limited test] WARN  impl.MetricsSystemImpl (MetricsSystemImpl.java:register(279)) - Sink prometheus already exists!
2023-06-06 14:28:59,763 [Time-limited test] INFO  http.BaseHttpServer (BaseHttpServer.java:updateConnectorAddress(344)) - HTTP server of hddsDatanode listening at http://0.0.0.0:15157
2023-06-06 14:28:59,763 [Time-limited test] INFO  ipc.CallQueueManager (CallQueueManager.java:<init>(90)) - Using callQueue: class java.util.concurrent.LinkedBlockingQueue, queueCapacity: 100, scheduler: class org.apache.hadoop.ipc.DefaultRpcScheduler, ipcBackoff: false.
2023-06-06 14:28:59,764 [Socket Reader #1 for port 15158] INFO  ipc.Server (Server.java:run(1319)) - Starting Socket Reader #1 for port 15158
2023-06-06 14:28:59,766 [Listener at 0.0.0.0/15158] INFO  hdds.HddsUtils (HddsUtils.java:preserveThreadName(843)) - Restoring thread name: Time-limited test
2023-06-06 14:28:59,767 [Time-limited test] INFO  ozone.HddsDatanodeService (HddsDatanodeService.java:start(331)) - Datanode start with admins: [adminUser1, adminUser2, runner]
2023-06-06 14:28:59,767 [Time-limited test] INFO  ozone.HddsDatanodeClientProtocolServer (HddsDatanodeClientProtocolServer.java:start(83)) - RPC server for Client /0.0.0.0:15158
2023-06-06 14:28:59,767 [IPC Server Responder] INFO  ipc.Server (Server.java:run(1558)) - IPC Server Responder: starting
2023-06-06 14:28:59,767 [IPC Server listener on 15158] INFO  ipc.Server (Server.java:run(1398)) - IPC Server listener on 15158: starting
2023-06-06 14:28:59,770 [Time-limited test] WARN  impl.MetricRegistriesImpl (MetricRegistriesImpl.java:addReporterRegistration(111)) - New reporters are added after registries were created. Some metrics will be missing from the reporter. Please add reporter before adding any new registry.
2023-06-06 14:28:59,770 [Time-limited test] WARN  impl.MetricRegistriesImpl (MetricRegistriesImpl.java:addReporterRegistration(111)) - New reporters are added after registries were created. Some metrics will be missing from the reporter. Please add reporter before adding any new registry.
2023-06-06 14:28:59,770 [Time-limited test] INFO  impl.MetricsSystemImpl (MetricsSystemImpl.java:init(158)) - HddsDatanode metrics system started (again)
2023-06-06 14:28:59,770 [Datanode State Machine Daemon Thread] INFO  statemachine.DatanodeStateMachine (DatanodeStateMachine.java:lambda$startDaemon$0(523)) - Ozone container server started.
2023-06-06 14:28:59,779 [Datanode State Machine Task Thread - 0] INFO  datanode.InitDatanodeState (InitDatanodeState.java:persistContainerDatanodeDetails(138)) - DatanodeDetails is persisted to /home/runner/work/ozone/ozone/hadoop-ozone/integration-test/target/test-dir/MiniOzoneClusterImpl-311f1a44-6374-447a-8cc6-2b136736f8fc/datanode-1/meta/datanode.id
2023-06-06 14:28:59,790 [Time-limited test] INFO  ozone.HddsDatanodeService (HddsDatanodeService.java:start(261)) - HddsDatanodeService host:fv-az1133-973.qlb2sqfkji0uhjsjdnlwzcsdwg.bx.internal.cloudapp.net ip:10.1.0.37
2023-06-06 14:28:59,808 [Time-limited test] INFO  upgrade.AbstractLayoutVersionManager (AbstractLayoutVersionManager.java:init(83)) - Initializing Layout version manager with metadata layout = HADOOP_PRC_PORTS_IN_DATANODEDETAILS (version = 7), software layout = HADOOP_PRC_PORTS_IN_DATANODEDETAILS (version = 7)
2023-06-06 14:28:59,811 [Time-limited test] INFO  statemachine.DatanodeStateMachine (DatanodeStateMachine.java:getEndPointTaskThreadPoolSize(271)) - Datanode State Machine Task Thread Pool size 2
2023-06-06 14:28:59,813 [Time-limited test] INFO  volume.HddsVolume (HddsVolume.java:<init>(130)) - Creating HddsVolume: /home/runner/work/ozone/ozone/hadoop-ozone/integration-test/target/test-dir/MiniOzoneClusterImpl-311f1a44-6374-447a-8cc6-2b136736f8fc/datanode-2/data-0/containers/hdds of storage type : DISK capacity : 9223372036854775807
2023-06-06 14:28:59,814 [Time-limited test] INFO  volume.MutableVolumeSet (MutableVolumeSet.java:initializeVolumeSet(175)) - Added Volume : /home/runner/work/ozone/ozone/hadoop-ozone/integration-test/target/test-dir/MiniOzoneClusterImpl-311f1a44-6374-447a-8cc6-2b136736f8fc/datanode-2/data-0/containers/hdds to VolumeSet
2023-06-06 14:28:59,814 [Time-limited test] INFO  volume.ThrottledAsyncChecker (ThrottledAsyncChecker.java:schedule(141)) - Scheduling a check for /home/runner/work/ozone/ozone/hadoop-ozone/integration-test/target/test-dir/MiniOzoneClusterImpl-311f1a44-6374-447a-8cc6-2b136736f8fc/datanode-2/data-0/containers/hdds
2023-06-06 14:28:59,814 [Time-limited test] INFO  volume.StorageVolumeChecker (StorageVolumeChecker.java:checkAllVolumes(202)) - Scheduled health check for volume /home/runner/work/ozone/ozone/hadoop-ozone/integration-test/target/test-dir/MiniOzoneClusterImpl-311f1a44-6374-447a-8cc6-2b136736f8fc/datanode-2/data-0/containers/hdds
2023-06-06 14:28:59,826 [Time-limited test] INFO  volume.MutableVolumeSet (MutableVolumeSet.java:initializeVolumeSet(175)) - Added Volume : /home/runner/work/ozone/ozone/hadoop-ozone/integration-test/target/test-dir/MiniOzoneClusterImpl-311f1a44-6374-447a-8cc6-2b136736f8fc/datanode-2/data/ratis to VolumeSet
2023-06-06 14:28:59,826 [Time-limited test] INFO  volume.ThrottledAsyncChecker (ThrottledAsyncChecker.java:schedule(141)) - Scheduling a check for /home/runner/work/ozone/ozone/hadoop-ozone/integration-test/target/test-dir/MiniOzoneClusterImpl-311f1a44-6374-447a-8cc6-2b136736f8fc/datanode-2/data/ratis
2023-06-06 14:28:59,826 [Time-limited test] INFO  volume.StorageVolumeChecker (StorageVolumeChecker.java:checkAllVolumes(202)) - Scheduled health check for volume /home/runner/work/ozone/ozone/hadoop-ozone/integration-test/target/test-dir/MiniOzoneClusterImpl-311f1a44-6374-447a-8cc6-2b136736f8fc/datanode-2/data/ratis
2023-06-06 14:28:59,839 [Thread-2217] INFO  ozoneimpl.ContainerReader (ContainerReader.java:readVolume(175)) - Finish verifying containers on volume /home/runner/work/ozone/ozone/hadoop-ozone/integration-test/target/test-dir/MiniOzoneClusterImpl-311f1a44-6374-447a-8cc6-2b136736f8fc/datanode-2/data-0/containers/hdds
2023-06-06 14:28:59,839 [Time-limited test] INFO  ozoneimpl.OzoneContainer (OzoneContainer.java:buildContainerSet(303)) - Build ContainerSet costs 0s
2023-06-06 14:28:59,841 [Time-limited test] INFO  server.RaftServer (ConfUtils.java:logGet(46)) - raft.rpc.type = GRPC (default)
2023-06-06 14:28:59,841 [Time-limited test] INFO  grpc.GrpcConfigKeys (ConfUtils.java:logFallback(53)) - raft.grpc.admin.host = null (fallback to raft.grpc.server.host)
2023-06-06 14:28:59,842 [Time-limited test] INFO  grpc.GrpcConfigKeys (ConfUtils.java:logGet(46)) - raft.grpc.admin.port = 15170 (custom)
2023-06-06 14:28:59,842 [Time-limited test] INFO  grpc.GrpcConfigKeys (ConfUtils.java:logFallback(53)) - raft.grpc.client.host = null (fallback to raft.grpc.server.host)
2023-06-06 14:28:59,842 [Time-limited test] INFO  grpc.GrpcConfigKeys (ConfUtils.java:logGet(46)) - raft.grpc.client.port = 15169 (custom)
2023-06-06 14:28:59,842 [Time-limited test] INFO  grpc.GrpcConfigKeys (ConfUtils.java:logGet(46)) - raft.grpc.server.host = null (default)
2023-06-06 14:28:59,842 [Time-limited test] INFO  grpc.GrpcConfigKeys (ConfUtils.java:logGet(46)) - raft.grpc.server.port = 15171 (custom)
2023-06-06 14:28:59,842 [Time-limited test] INFO  server.GrpcService (ConfUtils.java:logGet(46)) - raft.grpc.message.size.max = 32MB (=33554432) (custom)
2023-06-06 14:28:59,842 [Time-limited test] INFO  server.RaftServerConfigKeys (ConfUtils.java:logGet(46)) - raft.server.log.appender.buffer.byte-limit = 33554432 (custom)
2023-06-06 14:28:59,842 [Time-limited test] INFO  server.GrpcService (ConfUtils.java:logGet(46)) - raft.grpc.flow.control.window = 5MB (=5242880) (custom)
2023-06-06 14:28:59,842 [Time-limited test] INFO  server.RaftServerConfigKeys (ConfUtils.java:logGet(46)) - raft.server.rpc.request.timeout = 60s (custom)
2023-06-06 14:28:59,842 [Time-limited test] INFO  grpc.GrpcConfigKeys (ConfUtils.java:logGet(46)) - raft.grpc.server.heartbeat.channel = true (default)
2023-06-06 14:28:59,842 [Time-limited test] INFO  grpc.GrpcConfigKeys (ConfUtils.java:logGet(46)) - raft.grpc.server.async.request.thread.pool.cached = true (default)
2023-06-06 14:28:59,842 [Time-limited test] INFO  grpc.GrpcConfigKeys (ConfUtils.java:logGet(46)) - raft.grpc.server.async.request.thread.pool.size = 32 (default)
2023-06-06 14:28:59,845 [Time-limited test] INFO  impl.DataStreamServerImpl (ConfUtils.java:logGet(46)) - raft.datastream.type = NETTY (custom)
2023-06-06 14:28:59,845 [Time-limited test] INFO  server.RaftServerConfigKeys (ConfUtils.java:logGet(46)) - raft.server.data-stream.async.request.thread.pool.cached = false (default)
2023-06-06 14:28:59,845 [Time-limited test] INFO  server.RaftServerConfigKeys (ConfUtils.java:logGet(46)) - raft.server.data-stream.async.request.thread.pool.size = 20 (custom)
2023-06-06 14:28:59,845 [Time-limited test] INFO  server.RaftServerConfigKeys (ConfUtils.java:logGet(46)) - raft.server.data-stream.async.write.thread.pool.size = 16 (default)
2023-06-06 14:28:59,846 [Time-limited test] INFO  server.RaftServerConfigKeys (ConfUtils.java:logGet(46)) - raft.server.data-stream.client.pool.size = 10 (default)
2023-06-06 14:28:59,846 [Time-limited test] INFO  netty.NettyConfigKeys$DataStream (ConfUtils.java:logGet(46)) - raft.netty.dataStream.server.use-epoll = false (default)
2023-06-06 14:28:59,846 [Time-limited test] INFO  netty.NettyConfigKeys$DataStream (ConfUtils.java:logGet(46)) - raft.netty.dataStream.server.boss-group.size = 0 (default)
2023-06-06 14:28:59,846 [Time-limited test] INFO  netty.NettyConfigKeys$DataStream (ConfUtils.java:logGet(46)) - raft.netty.dataStream.server.worker-group.size = 0 (default)
2023-06-06 14:28:59,846 [Time-limited test] INFO  netty.NettyConfigKeys$DataStream (ConfUtils.java:logGet(46)) - raft.netty.dataStream.server.tls.conf = null (default)
2023-06-06 14:28:59,847 [Time-limited test] INFO  netty.NettyConfigKeys$DataStream (ConfUtils.java:logGet(46)) - raft.netty.dataStream.host = null (default)
2023-06-06 14:28:59,847 [Time-limited test] INFO  netty.NettyConfigKeys$DataStream (ConfUtils.java:logGet(46)) - raft.netty.dataStream.port = 15172 (custom)
2023-06-06 14:28:59,848 [Time-limited test] INFO  server.RaftServerConfigKeys (ConfUtils.java:logGet(46)) - raft.server.threadpool.proxy.cached = true (default)
2023-06-06 14:28:59,849 [Time-limited test] INFO  server.RaftServerConfigKeys (ConfUtils.java:logGet(46)) - raft.server.threadpool.proxy.size = 0 (default)
2023-06-06 14:28:59,849 [157c8593-ba62-4444-a330-78d9c87b0794-NettyServerStreamRpc-bossGroup--thread1] INFO  logging.LoggingHandler (AbstractInternalLogger.java:log(148)) - [id: 0xd26eca32] REGISTERED
2023-06-06 14:28:59,850 [157c8593-ba62-4444-a330-78d9c87b0794-NettyServerStreamRpc-bossGroup--thread1] INFO  logging.LoggingHandler (AbstractInternalLogger.java:log(148)) - [id: 0xd26eca32] BIND: 0.0.0.0/0.0.0.0:15172
2023-06-06 14:28:59,850 [Time-limited test] INFO  server.RaftServerConfigKeys (ConfUtils.java:logGet(46)) - raft.server.rpc.slowness.timeout = 300s (custom)
2023-06-06 14:28:59,852 [Time-limited test] INFO  server.RaftServerConfigKeys (ConfUtils.java:logGet(46)) - raft.server.leaderelection.leader.step-down.wait-time = 10s (default)
2023-06-06 14:28:59,852 [157c8593-ba62-4444-a330-78d9c87b0794-NettyServerStreamRpc-bossGroup--thread1] INFO  logging.LoggingHandler (AbstractInternalLogger.java:log(148)) - [id: 0xd26eca32, L:/0:0:0:0:0:0:0:0:15172] ACTIVE
2023-06-06 14:28:59,852 [Time-limited test] INFO  server.RaftServerConfigKeys (ConfUtils.java:logGet(46)) - raft.server.storage.dir = [/home/runner/work/ozone/ozone/hadoop-ozone/integration-test/target/test-dir/MiniOzoneClusterImpl-311f1a44-6374-447a-8cc6-2b136736f8fc/datanode-2/data/ratis] (custom)
2023-06-06 14:28:59,854 [Time-limited test] INFO  server.XceiverServerGrpc (XceiverServerGrpc.java:<init>(132)) - GrpcServer channel type EpollServerSocketChannel
2023-06-06 14:28:59,856 [Time-limited test] INFO  replication.ReplicationSupervisor (ReplicationSupervisor.java:nodeStateUpdated(305)) - Node state updated to IN_SERVICE, scaling executor pool size to 10
2023-06-06 14:28:59,857 [Time-limited test] INFO  http.BaseHttpServer (BaseHttpServer.java:newHttpServer2BuilderForOzone(224)) - Starting Web-server for hddsDatanode at: http://0.0.0.0:15166
2023-06-06 14:28:59,857 [Time-limited test] INFO  http.BaseHttpServer (BaseHttpServer.java:<init>(111)) - Hadoop Security Enabled: false Ozone Security Enabled: false Ozone HTTP Security Enabled: false 
2023-06-06 14:28:59,858 [Time-limited test] WARN  server.AuthenticationFilter (AuthenticationFilter.java:constructSecretProvider(240)) - Unable to initialize FileSignerSecretProvider, falling back to use random secrets. Reason: Could not read signature secret file: /home/runner/hadoop-http-auth-signature-secret
2023-06-06 14:28:59,874 [Time-limited test] INFO  http.HttpRequestLog (HttpRequestLog.java:getRequestLog(86)) - Http request log for http.requests.hddsDatanode is not defined
2023-06-06 14:28:59,876 [Time-limited test] INFO  http.HttpServer2 (HttpServer2.java:addGlobalFilter(1031)) - Added global filter 'safety' (class=org.apache.hadoop.hdds.server.http.HttpServer2$QuotingInputFilter)
2023-06-06 14:28:59,878 [Time-limited test] INFO  http.HttpServer2 (HttpServer2.java:addFilter(1007)) - Added filter static_user_filter (class=org.apache.hadoop.http.lib.StaticUserWebFilter$StaticUserFilter) to context hddsDatanode
2023-06-06 14:28:59,878 [Time-limited test] INFO  http.HttpServer2 (HttpServer2.java:addFilter(1015)) - Added filter static_user_filter (class=org.apache.hadoop.http.lib.StaticUserWebFilter$StaticUserFilter) to context static
2023-06-06 14:28:59,878 [Time-limited test] INFO  http.HttpServer2 (HttpServer2.java:addFilter(1015)) - Added filter static_user_filter (class=org.apache.hadoop.http.lib.StaticUserWebFilter$StaticUserFilter) to context logs
2023-06-06 14:28:59,882 [Time-limited test] INFO  http.BaseHttpServer (BaseHttpServer.java:<init>(190)) - HTTP server of hddsDatanode uses base directory /home/runner/work/ozone/ozone/hadoop-ozone/integration-test/target/test-dir/MiniOzoneClusterImpl-311f1a44-6374-447a-8cc6-2b136736f8fc/datanode-2/meta/webserver
2023-06-06 14:28:59,882 [Time-limited test] INFO  http.HttpServer2 (HttpServer2.java:bindListener(1250)) - Jetty bound to port 15166
2023-06-06 14:28:59,882 [Time-limited test] INFO  server.Server (Server.java:doStart(375)) - jetty-9.4.51.v20230217; built: 2023-02-17T08:19:37.309Z; git: b45c405e4544384de066f814ed42ae3dceacdd49; jvm 1.8.0_372-b07
2023-06-06 14:28:59,887 [Time-limited test] INFO  server.session (DefaultSessionIdManager.java:doStart(334)) - DefaultSessionIdManager workerName=node0
2023-06-06 14:28:59,887 [Time-limited test] INFO  server.session (DefaultSessionIdManager.java:doStart(339)) - No SessionScavenger set, using defaults
2023-06-06 14:28:59,887 [Time-limited test] INFO  server.session (HouseKeeper.java:startScavenging(132)) - node0 Scavenging every 600000ms
2023-06-06 14:28:59,888 [Time-limited test] INFO  handler.ContextHandler (ContextHandler.java:doStart(921)) - Started o.e.j.s.ServletContextHandler@6efe1697{logs,/logs,file:///home/runner/work/ozone/ozone/hadoop-ozone/integration-test/target/log,AVAILABLE}
2023-06-06 14:28:59,888 [Time-limited test] INFO  handler.ContextHandler (ContextHandler.java:doStart(921)) - Started o.e.j.s.ServletContextHandler@28c50f63{static,/static,jar:file:/home/runner/.m2/repository/org/apache/ozone/hdds-container-service/1.4.0-SNAPSHOT/hdds-container-service-1.4.0-SNAPSHOT.jar!/webapps/static,AVAILABLE}
2023-06-06 14:29:00,088 [Time-limited test] INFO  handler.ContextHandler (ContextHandler.java:doStart(921)) - Started o.e.j.w.WebAppContext@456a548c{hddsDatanode,/,file:///home/runner/work/ozone/ozone/hadoop-ozone/integration-test/target/test-dir/MiniOzoneClusterImpl-311f1a44-6374-447a-8cc6-2b136736f8fc/datanode-2/meta/webserver/jetty-0_0_0_0-15166-hdds-container-service-1_4_0-SNAPSHOT_jar-_-any-2458838563551839905/webapp/,AVAILABLE}{jar:file:/home/runner/.m2/repository/org/apache/ozone/hdds-container-service/1.4.0-SNAPSHOT/hdds-container-service-1.4.0-SNAPSHOT.jar!/webapps/hddsDatanode}
2023-06-06 14:29:00,090 [Time-limited test] INFO  server.AbstractConnector (AbstractConnector.java:doStart(333)) - Started ServerConnector@6f2a350b{HTTP/1.1, (http/1.1)}{0.0.0.0:15166}
2023-06-06 14:29:00,090 [Time-limited test] INFO  server.Server (Server.java:doStart(415)) - Started @149212ms
2023-06-06 14:29:00,090 [Time-limited test] WARN  impl.MetricsSystemImpl (MetricsSystemImpl.java:register(279)) - Sink prometheus already exists!
2023-06-06 14:29:00,091 [Time-limited test] INFO  http.BaseHttpServer (BaseHttpServer.java:updateConnectorAddress(344)) - HTTP server of hddsDatanode listening at http://0.0.0.0:15166
2023-06-06 14:29:00,091 [Time-limited test] INFO  ipc.CallQueueManager (CallQueueManager.java:<init>(90)) - Using callQueue: class java.util.concurrent.LinkedBlockingQueue, queueCapacity: 100, scheduler: class org.apache.hadoop.ipc.DefaultRpcScheduler, ipcBackoff: false.
2023-06-06 14:29:00,098 [Socket Reader #1 for port 15167] INFO  ipc.Server (Server.java:run(1319)) - Starting Socket Reader #1 for port 15167
2023-06-06 14:29:00,104 [Listener at 0.0.0.0/15167] INFO  hdds.HddsUtils (HddsUtils.java:preserveThreadName(843)) - Restoring thread name: Time-limited test
2023-06-06 14:29:00,104 [Time-limited test] INFO  ozone.HddsDatanodeService (HddsDatanodeService.java:start(331)) - Datanode start with admins: [adminUser1, adminUser2, runner]
2023-06-06 14:29:00,104 [Time-limited test] INFO  ozone.HddsDatanodeClientProtocolServer (HddsDatanodeClientProtocolServer.java:start(83)) - RPC server for Client /0.0.0.0:15167
2023-06-06 14:29:00,104 [IPC Server Responder] INFO  ipc.Server (Server.java:run(1558)) - IPC Server Responder: starting
2023-06-06 14:29:00,104 [IPC Server listener on 15167] INFO  ipc.Server (Server.java:run(1398)) - IPC Server listener on 15167: starting
2023-06-06 14:29:00,105 [Time-limited test] INFO  ozone.MiniOzoneClusterImpl (MiniOzoneClusterImpl.java:lambda$waitForClusterToBeReady$0(222)) - Waiting for nodes to be ready. Got 0 of 3 DN Heartbeats.
2023-06-06 14:29:00,105 [Time-limited test] INFO  ozone.MiniOzoneClusterImpl (MiniOzoneClusterImpl.java:lambda$waitForClusterToBeReady$0(225)) - Waiting for cluster to exit safe mode
2023-06-06 14:29:00,105 [Time-limited test] INFO  ozone.MiniOzoneClusterImpl (MiniOzoneClusterImpl.java:lambda$waitForClusterToBeReady$0(227)) - SCM became leader
2023-06-06 14:29:00,106 [Datanode State Machine Daemon Thread] INFO  statemachine.DatanodeStateMachine (DatanodeStateMachine.java:lambda$startDaemon$0(523)) - Ozone container server started.
2023-06-06 14:29:00,110 [Datanode State Machine Task Thread - 0] INFO  datanode.InitDatanodeState (InitDatanodeState.java:persistContainerDatanodeDetails(138)) - DatanodeDetails is persisted to /home/runner/work/ozone/ozone/hadoop-ozone/integration-test/target/test-dir/MiniOzoneClusterImpl-311f1a44-6374-447a-8cc6-2b136736f8fc/datanode-2/meta/datanode.id
2023-06-06 14:29:00,130 [om1@group-C5BA1605619E-FollowerState] INFO  impl.FollowerState (FollowerState.java:run(143)) - om1@group-C5BA1605619E-FollowerState: change to CANDIDATE, lastRpcElapsedTime:1057051772ns, electionTimeout:1051ms
2023-06-06 14:29:00,130 [om1@group-C5BA1605619E-FollowerState] INFO  impl.RoleInfo (RoleInfo.java:shutdownFollowerState(110)) - om1: shutdown om1@group-C5BA1605619E-FollowerState
2023-06-06 14:29:00,130 [om1@group-C5BA1605619E-FollowerState] INFO  server.RaftServer$Division (RaftServerImpl.java:setRole(329)) - om1@group-C5BA1605619E: changes role from  FOLLOWER to CANDIDATE at term 0 for changeToCandidate
2023-06-06 14:29:00,130 [om1@group-C5BA1605619E-FollowerState] INFO  server.RaftServerConfigKeys (ConfUtils.java:logGet(46)) - raft.server.leaderelection.pre-vote = true (default)
2023-06-06 14:29:00,130 [om1@group-C5BA1605619E-FollowerState] INFO  impl.RoleInfo (RoleInfo.java:updateAndGet(139)) - om1: start om1@group-C5BA1605619E-LeaderElection29
2023-06-06 14:29:00,132 [om1@group-C5BA1605619E-LeaderElection29] INFO  impl.LeaderElection (LeaderElection.java:askForVotes(321)) - om1@group-C5BA1605619E-LeaderElection29 PRE_VOTE round 0: submit vote requests at term 0 for -1: peers:[om1|rpc:localhost:15146|priority:0|startupRole:FOLLOWER]|listeners:[], old=null
2023-06-06 14:29:00,132 [om1@group-C5BA1605619E-LeaderElection29] INFO  impl.LeaderElection (LeaderElection.java:askForVotes(323)) - om1@group-C5BA1605619E-LeaderElection29 PRE_VOTE round 0: result PASSED (term=0)
2023-06-06 14:29:00,133 [om1@group-C5BA1605619E-LeaderElection29] INFO  impl.LeaderElection (LeaderElection.java:askForVotes(321)) - om1@group-C5BA1605619E-LeaderElection29 ELECTION round 0: submit vote requests at term 1 for -1: peers:[om1|rpc:localhost:15146|priority:0|startupRole:FOLLOWER]|listeners:[], old=null
2023-06-06 14:29:00,133 [om1@group-C5BA1605619E-LeaderElection29] INFO  impl.LeaderElection (LeaderElection.java:askForVotes(323)) - om1@group-C5BA1605619E-LeaderElection29 ELECTION round 0: result PASSED (term=1)
2023-06-06 14:29:00,134 [om1@group-C5BA1605619E-LeaderElection29] INFO  impl.RoleInfo (RoleInfo.java:shutdownLeaderElection(130)) - om1: shutdown om1@group-C5BA1605619E-LeaderElection29
2023-06-06 14:29:00,134 [om1@group-C5BA1605619E-LeaderElection29] INFO  server.RaftServer$Division (RaftServerImpl.java:setRole(329)) - om1@group-C5BA1605619E: changes role from CANDIDATE to LEADER at term 1 for changeToLeader
2023-06-06 14:29:00,135 [om1@group-C5BA1605619E-LeaderElection29] INFO  server.RaftServer$Division (ServerState.java:setLeader(317)) - om1@group-C5BA1605619E: change Leader from null to om1 at term 1 for becomeLeader, leader elected after 1518ms
2023-06-06 14:29:00,135 [om1@group-C5BA1605619E-LeaderElection29] INFO  server.RaftServerConfigKeys (ConfUtils.java:logGet(46)) - raft.server.staging.catchup.gap = 1000 (default)
2023-06-06 14:29:00,135 [om1@group-C5BA1605619E-LeaderElection29] INFO  server.RaftServerConfigKeys (ConfUtils.java:logGet(46)) - raft.server.write.element-limit = 4096 (default)
2023-06-06 14:29:00,135 [om1@group-C5BA1605619E-LeaderElection29] INFO  server.RaftServerConfigKeys (ConfUtils.java:logGet(46)) - raft.server.write.byte-limit = 64MB (=67108864) (default)
2023-06-06 14:29:00,135 [om1@group-C5BA1605619E-LeaderElection29] INFO  server.RaftServerConfigKeys (ConfUtils.java:logGet(46)) - raft.server.watch.timeout = 10s (default)
2023-06-06 14:29:00,135 [om1@group-C5BA1605619E-LeaderElection29] INFO  server.RaftServerConfigKeys (ConfUtils.java:logGet(46)) - raft.server.watch.timeout.denomination = 1s (default)
2023-06-06 14:29:00,135 [om1@group-C5BA1605619E-LeaderElection29] INFO  server.RaftServerConfigKeys (ConfUtils.java:logGet(46)) - raft.server.watch.element-limit = 65536 (default)
2023-06-06 14:29:00,135 [om1@group-C5BA1605619E-LeaderElection29] INFO  server.RaftServerConfigKeys (ConfUtils.java:logGet(46)) - raft.server.write.element-limit = 4096 (default)
2023-06-06 14:29:00,135 [om1@group-C5BA1605619E-LeaderElection29] INFO  server.RaftServerConfigKeys (ConfUtils.java:logGet(46)) - raft.server.write.follower.gap.ratio.max = -1.0 (default)
2023-06-06 14:29:00,135 [om1@group-C5BA1605619E-LeaderElection29] INFO  impl.RoleInfo (RoleInfo.java:updateAndGet(139)) - om1: start om1@group-C5BA1605619E-LeaderStateImpl
2023-06-06 14:29:00,136 [om1@group-C5BA1605619E-LeaderElection29] INFO  segmented.SegmentedRaftLogWorker (SegmentedRaftLogWorker.java:startLogSegment(447)) - om1@group-C5BA1605619E-SegmentedRaftLogWorker: Starting segment from index:0
2023-06-06 14:29:00,141 [om1@group-C5BA1605619E-LeaderElection29] INFO  server.RaftServer$Division (ServerState.java:setRaftConf(434)) - om1@group-C5BA1605619E: set configuration 0: peers:[om1|rpc:localhost:15146|admin:|client:|dataStream:|priority:0|startupRole:FOLLOWER]|listeners:[], old=null
2023-06-06 14:29:00,145 [om1@group-C5BA1605619E-SegmentedRaftLogWorker] INFO  segmented.SegmentedRaftLogWorker (SegmentedRaftLogWorker.java:execute(651)) - om1@group-C5BA1605619E-SegmentedRaftLogWorker: created new log segment /home/runner/work/ozone/ozone/hadoop-ozone/integration-test/target/test-dir/MiniOzoneClusterImpl-311f1a44-6374-447a-8cc6-2b136736f8fc/ozone-meta/ratis/bf265839-605b-3f16-9796-c5ba1605619e/current/log_inprogress_0
2023-06-06 14:29:00,147 [om1@group-C5BA1605619E-StateMachineUpdater] INFO  ratis.OzoneManagerStateMachine (OzoneManagerStateMachine.java:notifyConfigurationChanged(201)) - Received Configuration change notification from Ratis. New Peer list:
[id: "om1"
address: "localhost:15146"
startupRole: FOLLOWER
]
2023-06-06 14:29:01,105 [Time-limited test] INFO  ozone.MiniOzoneClusterImpl (MiniOzoneClusterImpl.java:lambda$waitForClusterToBeReady$0(222)) - Waiting for nodes to be ready. Got 0 of 3 DN Heartbeats.
2023-06-06 14:29:01,105 [Time-limited test] INFO  ozone.MiniOzoneClusterImpl (MiniOzoneClusterImpl.java:lambda$waitForClusterToBeReady$0(225)) - Waiting for cluster to exit safe mode
2023-06-06 14:29:01,105 [Time-limited test] INFO  ozone.MiniOzoneClusterImpl (MiniOzoneClusterImpl.java:lambda$waitForClusterToBeReady$0(227)) - SCM became leader
2023-06-06 14:29:01,517 [EndpointStateMachine task thread for /0.0.0.0:15141 - 0 ] INFO  utils.DatanodeStoreCache (DatanodeStoreCache.java:addDB(66)) - Added db /home/runner/work/ozone/ozone/hadoop-ozone/integration-test/target/test-dir/MiniOzoneClusterImpl-311f1a44-6374-447a-8cc6-2b136736f8fc/datanode-0/data-0/containers/hdds/311f1a44-6374-447a-8cc6-2b136736f8fc/DS-86fd92bb-e37c-4571-8a32-645ee3034804/container.db to cache
2023-06-06 14:29:01,517 [EndpointStateMachine task thread for /0.0.0.0:15141 - 0 ] INFO  volume.HddsVolume (HddsVolume.java:createDbStore(350)) - SchemaV3 db is created and loaded at /home/runner/work/ozone/ozone/hadoop-ozone/integration-test/target/test-dir/MiniOzoneClusterImpl-311f1a44-6374-447a-8cc6-2b136736f8fc/datanode-0/data-0/containers/hdds/311f1a44-6374-447a-8cc6-2b136736f8fc/DS-86fd92bb-e37c-4571-8a32-645ee3034804/container.db for volume DS-86fd92bb-e37c-4571-8a32-645ee3034804
2023-06-06 14:29:01,518 [EndpointStateMachine task thread for /0.0.0.0:15141 - 0 ] INFO  ozoneimpl.OzoneContainer (OzoneContainer.java:start(398)) - Attempting to start container services.
2023-06-06 14:29:01,518 [EndpointStateMachine task thread for /0.0.0.0:15141 - 0 ] INFO  ozoneimpl.OzoneContainer (OzoneContainer.java:startContainerScrub(314)) - Scheduled background container scanners and the on-demand container scanner have been disabled.
2023-06-06 14:29:01,519 [EndpointStateMachine task thread for /0.0.0.0:15141 - 0 ] INFO  replication.ReplicationServer (ReplicationServer.java:start(128)) - ReplicationServer is started using port 15155
2023-06-06 14:29:01,519 [EndpointStateMachine task thread for /0.0.0.0:15141 - 0 ] INFO  ratis.XceiverServerRatis (XceiverServerRatis.java:start(517)) - Starting XceiverServerRatis 30c53b57-84aa-4907-b898-4ab0d8d18ef9
2023-06-06 14:29:01,520 [EndpointStateMachine task thread for /0.0.0.0:15141 - 0 ] INFO  server.RaftServer (RaftServerProxy.java:startImpl(400)) - 30c53b57-84aa-4907-b898-4ab0d8d18ef9: start RPC server
2023-06-06 14:29:01,522 [EndpointStateMachine task thread for /0.0.0.0:15141 - 0 ] INFO  server.GrpcService (GrpcService.java:startImpl(302)) - 30c53b57-84aa-4907-b898-4ab0d8d18ef9: GrpcService started, listening on 15151
2023-06-06 14:29:01,523 [EndpointStateMachine task thread for /0.0.0.0:15141 - 0 ] INFO  server.GrpcService (GrpcService.java:startImpl(302)) - 30c53b57-84aa-4907-b898-4ab0d8d18ef9: GrpcService started, listening on 15153
2023-06-06 14:29:01,523 [EndpointStateMachine task thread for /0.0.0.0:15141 - 0 ] INFO  server.GrpcService (GrpcService.java:startImpl(302)) - 30c53b57-84aa-4907-b898-4ab0d8d18ef9: GrpcService started, listening on 15152
2023-06-06 14:29:01,524 [EndpointStateMachine task thread for /0.0.0.0:15141 - 0 ] INFO  ratis.XceiverServerRatis (XceiverServerRatis.java:getRealPort(543)) - XceiverServerRatis 30c53b57-84aa-4907-b898-4ab0d8d18ef9 is started using port 15151 for RATIS
2023-06-06 14:29:01,524 [EndpointStateMachine task thread for /0.0.0.0:15141 - 0 ] INFO  ratis.XceiverServerRatis (XceiverServerRatis.java:getRealPort(543)) - XceiverServerRatis 30c53b57-84aa-4907-b898-4ab0d8d18ef9 is started using port 15152 for RATIS_ADMIN
2023-06-06 14:29:01,524 [EndpointStateMachine task thread for /0.0.0.0:15141 - 0 ] INFO  ratis.XceiverServerRatis (XceiverServerRatis.java:getRealPort(543)) - XceiverServerRatis 30c53b57-84aa-4907-b898-4ab0d8d18ef9 is started using port 15153 for RATIS_SERVER
2023-06-06 14:29:01,524 [JvmPauseMonitor24] INFO  util.JvmPauseMonitor (JvmPauseMonitor.java:run(103)) - JvmPauseMonitor-30c53b57-84aa-4907-b898-4ab0d8d18ef9: Started
2023-06-06 14:29:01,524 [EndpointStateMachine task thread for /0.0.0.0:15141 - 0 ] INFO  ratis.XceiverServerRatis (XceiverServerRatis.java:getRealPort(543)) - XceiverServerRatis 30c53b57-84aa-4907-b898-4ab0d8d18ef9 is started using port 15154 for RATIS_DATASTREAM
2023-06-06 14:29:01,533 [BlockDeletingService#0] INFO  interfaces.ContainerDeletionChoosingPolicyTemplate (ContainerDeletionChoosingPolicyTemplate.java:chooseContainerForBlockDeletion(83)) - Chosen 0/5000 blocks from 0 candidate containers.
2023-06-06 14:29:01,806 [EndpointStateMachine task thread for /0.0.0.0:15141 - 0 ] INFO  utils.DatanodeStoreCache (DatanodeStoreCache.java:addDB(66)) - Added db /home/runner/work/ozone/ozone/hadoop-ozone/integration-test/target/test-dir/MiniOzoneClusterImpl-311f1a44-6374-447a-8cc6-2b136736f8fc/datanode-1/data-0/containers/hdds/311f1a44-6374-447a-8cc6-2b136736f8fc/DS-61f61f54-435f-4ac7-8753-1fefb31668af/container.db to cache
2023-06-06 14:29:01,807 [EndpointStateMachine task thread for /0.0.0.0:15141 - 0 ] INFO  volume.HddsVolume (HddsVolume.java:createDbStore(350)) - SchemaV3 db is created and loaded at /home/runner/work/ozone/ozone/hadoop-ozone/integration-test/target/test-dir/MiniOzoneClusterImpl-311f1a44-6374-447a-8cc6-2b136736f8fc/datanode-1/data-0/containers/hdds/311f1a44-6374-447a-8cc6-2b136736f8fc/DS-61f61f54-435f-4ac7-8753-1fefb31668af/container.db for volume DS-61f61f54-435f-4ac7-8753-1fefb31668af
2023-06-06 14:29:01,807 [EndpointStateMachine task thread for /0.0.0.0:15141 - 0 ] INFO  ozoneimpl.OzoneContainer (OzoneContainer.java:start(398)) - Attempting to start container services.
2023-06-06 14:29:01,807 [EndpointStateMachine task thread for /0.0.0.0:15141 - 0 ] INFO  ozoneimpl.OzoneContainer (OzoneContainer.java:startContainerScrub(314)) - Scheduled background container scanners and the on-demand container scanner have been disabled.
2023-06-06 14:29:01,808 [EndpointStateMachine task thread for /0.0.0.0:15141 - 0 ] INFO  replication.ReplicationServer (ReplicationServer.java:start(128)) - ReplicationServer is started using port 15164
2023-06-06 14:29:01,808 [EndpointStateMachine task thread for /0.0.0.0:15141 - 0 ] INFO  ratis.XceiverServerRatis (XceiverServerRatis.java:start(517)) - Starting XceiverServerRatis a8cecc1f-3f3f-4377-b117-1e6c466c1e86
2023-06-06 14:29:01,809 [EndpointStateMachine task thread for /0.0.0.0:15141 - 0 ] INFO  server.RaftServer (RaftServerProxy.java:startImpl(400)) - a8cecc1f-3f3f-4377-b117-1e6c466c1e86: start RPC server
2023-06-06 14:29:01,810 [EndpointStateMachine task thread for /0.0.0.0:15141 - 0 ] INFO  server.GrpcService (GrpcService.java:startImpl(302)) - a8cecc1f-3f3f-4377-b117-1e6c466c1e86: GrpcService started, listening on 15160
2023-06-06 14:29:01,811 [EndpointStateMachine task thread for /0.0.0.0:15141 - 0 ] INFO  server.GrpcService (GrpcService.java:startImpl(302)) - a8cecc1f-3f3f-4377-b117-1e6c466c1e86: GrpcService started, listening on 15162
2023-06-06 14:29:01,812 [EndpointStateMachine task thread for /0.0.0.0:15141 - 0 ] INFO  server.GrpcService (GrpcService.java:startImpl(302)) - a8cecc1f-3f3f-4377-b117-1e6c466c1e86: GrpcService started, listening on 15161
2023-06-06 14:29:01,812 [EndpointStateMachine task thread for /0.0.0.0:15141 - 0 ] INFO  ratis.XceiverServerRatis (XceiverServerRatis.java:getRealPort(543)) - XceiverServerRatis a8cecc1f-3f3f-4377-b117-1e6c466c1e86 is started using port 15160 for RATIS
2023-06-06 14:29:01,812 [JvmPauseMonitor25] INFO  util.JvmPauseMonitor (JvmPauseMonitor.java:run(103)) - JvmPauseMonitor-a8cecc1f-3f3f-4377-b117-1e6c466c1e86: Started
2023-06-06 14:29:01,812 [EndpointStateMachine task thread for /0.0.0.0:15141 - 0 ] INFO  ratis.XceiverServerRatis (XceiverServerRatis.java:getRealPort(543)) - XceiverServerRatis a8cecc1f-3f3f-4377-b117-1e6c466c1e86 is started using port 15161 for RATIS_ADMIN
2023-06-06 14:29:01,813 [EndpointStateMachine task thread for /0.0.0.0:15141 - 0 ] INFO  ratis.XceiverServerRatis (XceiverServerRatis.java:getRealPort(543)) - XceiverServerRatis a8cecc1f-3f3f-4377-b117-1e6c466c1e86 is started using port 15162 for RATIS_SERVER
2023-06-06 14:29:01,813 [EndpointStateMachine task thread for /0.0.0.0:15141 - 0 ] INFO  ratis.XceiverServerRatis (XceiverServerRatis.java:getRealPort(543)) - XceiverServerRatis a8cecc1f-3f3f-4377-b117-1e6c466c1e86 is started using port 15163 for RATIS_DATASTREAM
2023-06-06 14:29:01,817 [BlockDeletingService#0] INFO  interfaces.ContainerDeletionChoosingPolicyTemplate (ContainerDeletionChoosingPolicyTemplate.java:chooseContainerForBlockDeletion(83)) - Chosen 0/5000 blocks from 0 candidate containers.
2023-06-06 14:29:02,106 [Time-limited test] INFO  ozone.MiniOzoneClusterImpl (MiniOzoneClusterImpl.java:lambda$waitForClusterToBeReady$0(222)) - Waiting for nodes to be ready. Got 0 of 3 DN Heartbeats.
2023-06-06 14:29:02,106 [Time-limited test] INFO  ozone.MiniOzoneClusterImpl (MiniOzoneClusterImpl.java:lambda$waitForClusterToBeReady$0(225)) - Waiting for cluster to exit safe mode
2023-06-06 14:29:02,106 [Time-limited test] INFO  ozone.MiniOzoneClusterImpl (MiniOzoneClusterImpl.java:lambda$waitForClusterToBeReady$0(227)) - SCM became leader
2023-06-06 14:29:02,138 [EndpointStateMachine task thread for /0.0.0.0:15141 - 0 ] INFO  utils.DatanodeStoreCache (DatanodeStoreCache.java:addDB(66)) - Added db /home/runner/work/ozone/ozone/hadoop-ozone/integration-test/target/test-dir/MiniOzoneClusterImpl-311f1a44-6374-447a-8cc6-2b136736f8fc/datanode-2/data-0/containers/hdds/311f1a44-6374-447a-8cc6-2b136736f8fc/DS-faadd2eb-70fd-4fbc-bf80-1e378183df20/container.db to cache
2023-06-06 14:29:02,138 [EndpointStateMachine task thread for /0.0.0.0:15141 - 0 ] INFO  volume.HddsVolume (HddsVolume.java:createDbStore(350)) - SchemaV3 db is created and loaded at /home/runner/work/ozone/ozone/hadoop-ozone/integration-test/target/test-dir/MiniOzoneClusterImpl-311f1a44-6374-447a-8cc6-2b136736f8fc/datanode-2/data-0/containers/hdds/311f1a44-6374-447a-8cc6-2b136736f8fc/DS-faadd2eb-70fd-4fbc-bf80-1e378183df20/container.db for volume DS-faadd2eb-70fd-4fbc-bf80-1e378183df20
2023-06-06 14:29:02,139 [EndpointStateMachine task thread for /0.0.0.0:15141 - 0 ] INFO  ozoneimpl.OzoneContainer (OzoneContainer.java:start(398)) - Attempting to start container services.
2023-06-06 14:29:02,139 [EndpointStateMachine task thread for /0.0.0.0:15141 - 0 ] INFO  ozoneimpl.OzoneContainer (OzoneContainer.java:startContainerScrub(314)) - Scheduled background container scanners and the on-demand container scanner have been disabled.
2023-06-06 14:29:02,140 [EndpointStateMachine task thread for /0.0.0.0:15141 - 0 ] INFO  replication.ReplicationServer (ReplicationServer.java:start(128)) - ReplicationServer is started using port 15173
2023-06-06 14:29:02,140 [EndpointStateMachine task thread for /0.0.0.0:15141 - 0 ] INFO  ratis.XceiverServerRatis (XceiverServerRatis.java:start(517)) - Starting XceiverServerRatis 157c8593-ba62-4444-a330-78d9c87b0794
2023-06-06 14:29:02,140 [EndpointStateMachine task thread for /0.0.0.0:15141 - 0 ] INFO  server.RaftServer (RaftServerProxy.java:startImpl(400)) - 157c8593-ba62-4444-a330-78d9c87b0794: start RPC server
2023-06-06 14:29:02,142 [EndpointStateMachine task thread for /0.0.0.0:15141 - 0 ] INFO  server.GrpcService (GrpcService.java:startImpl(302)) - 157c8593-ba62-4444-a330-78d9c87b0794: GrpcService started, listening on 15169
2023-06-06 14:29:02,144 [EndpointStateMachine task thread for /0.0.0.0:15141 - 0 ] INFO  server.GrpcService (GrpcService.java:startImpl(302)) - 157c8593-ba62-4444-a330-78d9c87b0794: GrpcService started, listening on 15171
2023-06-06 14:29:02,145 [EndpointStateMachine task thread for /0.0.0.0:15141 - 0 ] INFO  server.GrpcService (GrpcService.java:startImpl(302)) - 157c8593-ba62-4444-a330-78d9c87b0794: GrpcService started, listening on 15170
2023-06-06 14:29:02,145 [EndpointStateMachine task thread for /0.0.0.0:15141 - 0 ] INFO  ratis.XceiverServerRatis (XceiverServerRatis.java:getRealPort(543)) - XceiverServerRatis 157c8593-ba62-4444-a330-78d9c87b0794 is started using port 15169 for RATIS
2023-06-06 14:29:02,145 [EndpointStateMachine task thread for /0.0.0.0:15141 - 0 ] INFO  ratis.XceiverServerRatis (XceiverServerRatis.java:getRealPort(543)) - XceiverServerRatis 157c8593-ba62-4444-a330-78d9c87b0794 is started using port 15170 for RATIS_ADMIN
2023-06-06 14:29:02,145 [JvmPauseMonitor26] INFO  util.JvmPauseMonitor (JvmPauseMonitor.java:run(103)) - JvmPauseMonitor-157c8593-ba62-4444-a330-78d9c87b0794: Started
2023-06-06 14:29:02,145 [EndpointStateMachine task thread for /0.0.0.0:15141 - 0 ] INFO  ratis.XceiverServerRatis (XceiverServerRatis.java:getRealPort(543)) - XceiverServerRatis 157c8593-ba62-4444-a330-78d9c87b0794 is started using port 15171 for RATIS_SERVER
2023-06-06 14:29:02,145 [EndpointStateMachine task thread for /0.0.0.0:15141 - 0 ] INFO  ratis.XceiverServerRatis (XceiverServerRatis.java:getRealPort(543)) - XceiverServerRatis 157c8593-ba62-4444-a330-78d9c87b0794 is started using port 15172 for RATIS_DATASTREAM
2023-06-06 14:29:02,148 [BlockDeletingService#0] INFO  interfaces.ContainerDeletionChoosingPolicyTemplate (ContainerDeletionChoosingPolicyTemplate.java:chooseContainerForBlockDeletion(83)) - Chosen 0/5000 blocks from 0 candidate containers.
2023-06-06 14:29:03,106 [Time-limited test] INFO  ozone.MiniOzoneClusterImpl (MiniOzoneClusterImpl.java:lambda$waitForClusterToBeReady$0(222)) - Waiting for nodes to be ready. Got 0 of 3 DN Heartbeats.
2023-06-06 14:29:03,106 [Time-limited test] INFO  ozone.MiniOzoneClusterImpl (MiniOzoneClusterImpl.java:lambda$waitForClusterToBeReady$0(225)) - Waiting for cluster to exit safe mode
2023-06-06 14:29:03,106 [Time-limited test] INFO  ozone.MiniOzoneClusterImpl (MiniOzoneClusterImpl.java:lambda$waitForClusterToBeReady$0(227)) - SCM became leader
2023-06-06 14:29:03,485 [IPC Server handler 1 on default port 15141] INFO  net.NetworkTopologyImpl (NetworkTopologyImpl.java:add(112)) - Added a new node: /default-rack/30c53b57-84aa-4907-b898-4ab0d8d18ef9
2023-06-06 14:29:03,485 [IPC Server handler 1 on default port 15141] INFO  node.SCMNodeManager (SCMNodeManager.java:register(407)) - Registered Data node : 30c53b57-84aa-4907-b898-4ab0d8d18ef9{ip: 10.1.0.37, host: fv-az1133-973.qlb2sqfkji0uhjsjdnlwzcsdwg.bx.internal.cloudapp.net, ports: [HTTP=15148, CLIENT_RPC=15149, REPLICATION=15155, RATIS=15151, RATIS_ADMIN=15152, RATIS_SERVER=15153, RATIS_DATASTREAM=15154, STANDALONE=15150], networkLocation: /default-rack, certSerialId: null, persistedOpState: null, persistedOpStateExpiryEpochSec: 0}
2023-06-06 14:29:03,488 [EventQueue-NodeRegistrationContainerReportForContainerSafeModeRule] INFO  safemode.SCMSafeModeManager (SCMSafeModeManager.java:validateSafeModeExitRules(200)) - ContainerSafeModeRule rule is successfully validated
2023-06-06 14:29:03,489 [EventQueue-NodeRegistrationContainerReportForDataNodeSafeModeRule] INFO  safemode.SCMSafeModeManager (DataNodeSafeModeRule.java:process(71)) - SCM in safe mode. 1 DataNodes registered, 3 required.
2023-06-06 14:29:03,493 [EventQueue-NewNodeForNewNodeHandler] INFO  pipeline.BackgroundPipelineCreator (BackgroundPipelineCreator.java:notifyEventTriggered(276)) - trigger a one-shot run on RatisPipelineUtilsThread.
2023-06-06 14:29:03,494 [RatisPipelineUtilsThread - 0] INFO  pipeline.RatisPipelineProvider (RatisPipelineProvider.java:lambda$create$0(206)) - Sending CreatePipelineCommand for pipeline:PipelineID=1d9a4cbc-e9f4-4249-8a53-01630a08df52 to datanode:30c53b57-84aa-4907-b898-4ab0d8d18ef9
2023-06-06 14:29:03,495 [RatisPipelineUtilsThread - 0] INFO  pipeline.PipelineStateManagerImpl (PipelineStateManagerImpl.java:addPipeline(103)) - Created pipeline Pipeline[ Id: 1d9a4cbc-e9f4-4249-8a53-01630a08df52, Nodes: 30c53b57-84aa-4907-b898-4ab0d8d18ef9(fv-az1133-973.qlb2sqfkji0uhjsjdnlwzcsdwg.bx.internal.cloudapp.net/10.1.0.37), ReplicationConfig: RATIS/ONE, State:ALLOCATED, leaderId:, CreationTimestamp2023-06-06T14:29:03.494Z[Etc/UTC]].
2023-06-06 14:29:03,496 [EventQueue-PipelineReportForOneReplicaPipelineSafeModeRule] INFO  safemode.SCMSafeModeManager (SCMSafeModeManager.java:validateSafeModeExitRules(200)) - AtleastOneDatanodeReportedRule rule is successfully validated
2023-06-06 14:29:03,777 [IPC Server handler 0 on default port 15141] INFO  net.NetworkTopologyImpl (NetworkTopologyImpl.java:add(112)) - Added a new node: /default-rack/a8cecc1f-3f3f-4377-b117-1e6c466c1e86
2023-06-06 14:29:03,777 [IPC Server handler 0 on default port 15141] INFO  node.SCMNodeManager (SCMNodeManager.java:register(407)) - Registered Data node : a8cecc1f-3f3f-4377-b117-1e6c466c1e86{ip: 10.1.0.37, host: fv-az1133-973.qlb2sqfkji0uhjsjdnlwzcsdwg.bx.internal.cloudapp.net, ports: [HTTP=15157, CLIENT_RPC=15158, REPLICATION=15164, RATIS=15160, RATIS_ADMIN=15161, RATIS_SERVER=15162, RATIS_DATASTREAM=15163, STANDALONE=15159], networkLocation: /default-rack, certSerialId: null, persistedOpState: null, persistedOpStateExpiryEpochSec: 0}
2023-06-06 14:29:03,778 [EventQueue-NodeRegistrationContainerReportForDataNodeSafeModeRule] INFO  safemode.SCMSafeModeManager (DataNodeSafeModeRule.java:process(71)) - SCM in safe mode. 2 DataNodes registered, 3 required.
2023-06-06 14:29:03,779 [EventQueue-NewNodeForNewNodeHandler] INFO  pipeline.BackgroundPipelineCreator (BackgroundPipelineCreator.java:notifyEventTriggered(276)) - trigger a one-shot run on RatisPipelineUtilsThread.
2023-06-06 14:29:03,779 [RatisPipelineUtilsThread - 0] INFO  pipeline.RatisPipelineProvider (RatisPipelineProvider.java:lambda$create$0(206)) - Sending CreatePipelineCommand for pipeline:PipelineID=7f3c2f12-4db2-49f6-a494-5b1c65eec4bb to datanode:a8cecc1f-3f3f-4377-b117-1e6c466c1e86
2023-06-06 14:29:03,780 [RatisPipelineUtilsThread - 0] INFO  pipeline.PipelineStateManagerImpl (PipelineStateManagerImpl.java:addPipeline(103)) - Created pipeline Pipeline[ Id: 7f3c2f12-4db2-49f6-a494-5b1c65eec4bb, Nodes: a8cecc1f-3f3f-4377-b117-1e6c466c1e86(fv-az1133-973.qlb2sqfkji0uhjsjdnlwzcsdwg.bx.internal.cloudapp.net/10.1.0.37), ReplicationConfig: RATIS/ONE, State:ALLOCATED, leaderId:, CreationTimestamp2023-06-06T14:29:03.779Z[Etc/UTC]].
2023-06-06 14:29:04,107 [Time-limited test] INFO  ozone.MiniOzoneClusterImpl (MiniOzoneClusterImpl.java:lambda$waitForClusterToBeReady$0(222)) - Waiting for nodes to be ready. Got 2 of 3 DN Heartbeats.
2023-06-06 14:29:04,107 [Time-limited test] INFO  ozone.MiniOzoneClusterImpl (MiniOzoneClusterImpl.java:lambda$waitForClusterToBeReady$0(225)) - Waiting for cluster to exit safe mode
2023-06-06 14:29:04,107 [Time-limited test] INFO  ozone.MiniOzoneClusterImpl (MiniOzoneClusterImpl.java:lambda$waitForClusterToBeReady$0(227)) - SCM became leader
2023-06-06 14:29:04,110 [IPC Server handler 3 on default port 15141] INFO  net.NetworkTopologyImpl (NetworkTopologyImpl.java:add(112)) - Added a new node: /default-rack/157c8593-ba62-4444-a330-78d9c87b0794
2023-06-06 14:29:04,110 [IPC Server handler 3 on default port 15141] INFO  node.SCMNodeManager (SCMNodeManager.java:register(407)) - Registered Data node : 157c8593-ba62-4444-a330-78d9c87b0794{ip: 10.1.0.37, host: fv-az1133-973.qlb2sqfkji0uhjsjdnlwzcsdwg.bx.internal.cloudapp.net, ports: [HTTP=15166, CLIENT_RPC=15167, REPLICATION=15173, RATIS=15169, RATIS_ADMIN=15170, RATIS_SERVER=15171, RATIS_DATASTREAM=15172, STANDALONE=15168], networkLocation: /default-rack, certSerialId: null, persistedOpState: null, persistedOpStateExpiryEpochSec: 0}
2023-06-06 14:29:04,111 [EventQueue-NewNodeForNewNodeHandler] INFO  pipeline.BackgroundPipelineCreator (BackgroundPipelineCreator.java:notifyEventTriggered(276)) - trigger a one-shot run on RatisPipelineUtilsThread.
2023-06-06 14:29:04,111 [RatisPipelineUtilsThread - 0] INFO  pipeline.RatisPipelineProvider (RatisPipelineProvider.java:lambda$create$0(206)) - Sending CreatePipelineCommand for pipeline:PipelineID=568f4703-462d-4c66-a3cc-c2029aa22636 to datanode:157c8593-ba62-4444-a330-78d9c87b0794
2023-06-06 14:29:04,112 [RatisPipelineUtilsThread - 0] INFO  pipeline.PipelineStateManagerImpl (PipelineStateManagerImpl.java:addPipeline(103)) - Created pipeline Pipeline[ Id: 568f4703-462d-4c66-a3cc-c2029aa22636, Nodes: 157c8593-ba62-4444-a330-78d9c87b0794(fv-az1133-973.qlb2sqfkji0uhjsjdnlwzcsdwg.bx.internal.cloudapp.net/10.1.0.37), ReplicationConfig: RATIS/ONE, State:ALLOCATED, leaderId:, CreationTimestamp2023-06-06T14:29:04.111Z[Etc/UTC]].
2023-06-06 14:29:04,112 [EventQueue-NodeRegistrationContainerReportForDataNodeSafeModeRule] INFO  safemode.SCMSafeModeManager (DataNodeSafeModeRule.java:process(71)) - SCM in safe mode. 3 DataNodes registered, 3 required.
2023-06-06 14:29:04,113 [EventQueue-NodeRegistrationContainerReportForDataNodeSafeModeRule] INFO  safemode.SCMSafeModeManager (SCMSafeModeManager.java:validateSafeModeExitRules(200)) - DataNodeSafeModeRule rule is successfully validated
2023-06-06 14:29:04,113 [EventQueue-NodeRegistrationContainerReportForDataNodeSafeModeRule] INFO  safemode.SCMSafeModeManager (SCMSafeModeManager.java:completePreCheck(229)) - All SCM safe mode pre check rules have passed
2023-06-06 14:29:04,113 [EventQueue-NodeRegistrationContainerReportForDataNodeSafeModeRule] INFO  ha.SCMContext (SCMContext.java:updateSafeModeStatus(228)) - Update SafeModeStatus from SafeModeStatus{safeModeStatus=true, preCheckPassed=false} to SafeModeStatus{safeModeStatus=true, preCheckPassed=true}.
2023-06-06 14:29:04,113 [EventQueue-NodeRegistrationContainerReportForDataNodeSafeModeRule] INFO  pipeline.BackgroundPipelineCreator (BackgroundPipelineCreator.java:notifyEventTriggered(276)) - trigger a one-shot run on RatisPipelineUtilsThread.
2023-06-06 14:29:04,113 [RatisPipelineUtilsThread - 0] INFO  pipeline.RatisPipelineProvider (RatisPipelineProvider.java:lambda$create$0(206)) - Sending CreatePipelineCommand for pipeline:PipelineID=380ae750-e98a-438b-9701-f221c6391371 to datanode:a8cecc1f-3f3f-4377-b117-1e6c466c1e86
2023-06-06 14:29:04,113 [RatisPipelineUtilsThread - 0] INFO  pipeline.RatisPipelineProvider (RatisPipelineProvider.java:lambda$create$0(206)) - Sending CreatePipelineCommand for pipeline:PipelineID=380ae750-e98a-438b-9701-f221c6391371 to datanode:30c53b57-84aa-4907-b898-4ab0d8d18ef9
2023-06-06 14:29:04,114 [RatisPipelineUtilsThread - 0] INFO  pipeline.RatisPipelineProvider (RatisPipelineProvider.java:lambda$create$0(206)) - Sending CreatePipelineCommand for pipeline:PipelineID=380ae750-e98a-438b-9701-f221c6391371 to datanode:157c8593-ba62-4444-a330-78d9c87b0794
2023-06-06 14:29:04,114 [RatisPipelineUtilsThread - 0] INFO  pipeline.PipelineStateManagerImpl (PipelineStateManagerImpl.java:addPipeline(103)) - Created pipeline Pipeline[ Id: 380ae750-e98a-438b-9701-f221c6391371, Nodes: a8cecc1f-3f3f-4377-b117-1e6c466c1e86(fv-az1133-973.qlb2sqfkji0uhjsjdnlwzcsdwg.bx.internal.cloudapp.net/10.1.0.37)30c53b57-84aa-4907-b898-4ab0d8d18ef9(fv-az1133-973.qlb2sqfkji0uhjsjdnlwzcsdwg.bx.internal.cloudapp.net/10.1.0.37)157c8593-ba62-4444-a330-78d9c87b0794(fv-az1133-973.qlb2sqfkji0uhjsjdnlwzcsdwg.bx.internal.cloudapp.net/10.1.0.37), ReplicationConfig: RATIS/THREE, State:ALLOCATED, leaderId:, CreationTimestamp2023-06-06T14:29:04.113Z[Etc/UTC]].
2023-06-06 14:29:04,114 [RatisPipelineUtilsThread - 0] INFO  pipeline.RatisPipelineProvider (RatisPipelineProvider.java:lambda$create$0(206)) - Sending CreatePipelineCommand for pipeline:PipelineID=2b7afc1d-0e1d-46af-adb7-a04bbe52bb9f to datanode:30c53b57-84aa-4907-b898-4ab0d8d18ef9
2023-06-06 14:29:04,114 [RatisPipelineUtilsThread - 0] INFO  pipeline.RatisPipelineProvider (RatisPipelineProvider.java:lambda$create$0(206)) - Sending CreatePipelineCommand for pipeline:PipelineID=2b7afc1d-0e1d-46af-adb7-a04bbe52bb9f to datanode:a8cecc1f-3f3f-4377-b117-1e6c466c1e86
2023-06-06 14:29:04,114 [RatisPipelineUtilsThread - 0] INFO  pipeline.RatisPipelineProvider (RatisPipelineProvider.java:lambda$create$0(206)) - Sending CreatePipelineCommand for pipeline:PipelineID=2b7afc1d-0e1d-46af-adb7-a04bbe52bb9f to datanode:157c8593-ba62-4444-a330-78d9c87b0794
2023-06-06 14:29:04,115 [RatisPipelineUtilsThread - 0] INFO  pipeline.PipelineStateManagerImpl (PipelineStateManagerImpl.java:addPipeline(103)) - Created pipeline Pipeline[ Id: 2b7afc1d-0e1d-46af-adb7-a04bbe52bb9f, Nodes: 30c53b57-84aa-4907-b898-4ab0d8d18ef9(fv-az1133-973.qlb2sqfkji0uhjsjdnlwzcsdwg.bx.internal.cloudapp.net/10.1.0.37)a8cecc1f-3f3f-4377-b117-1e6c466c1e86(fv-az1133-973.qlb2sqfkji0uhjsjdnlwzcsdwg.bx.internal.cloudapp.net/10.1.0.37)157c8593-ba62-4444-a330-78d9c87b0794(fv-az1133-973.qlb2sqfkji0uhjsjdnlwzcsdwg.bx.internal.cloudapp.net/10.1.0.37), ReplicationConfig: RATIS/THREE, State:ALLOCATED, leaderId:, CreationTimestamp2023-06-06T14:29:04.114Z[Etc/UTC]].
2023-06-06 14:29:04,115 [RatisPipelineUtilsThread - 0] INFO  pipeline.PipelineManagerImpl (PipelineManagerImpl.java:recordMetricsForPipeline(826)) - Pipeline: PipelineID=2b7afc1d-0e1d-46af-adb7-a04bbe52bb9f contains same datanodes as previous pipelines: PipelineID=380ae750-e98a-438b-9701-f221c6391371 nodeIds: 30c53b57-84aa-4907-b898-4ab0d8d18ef9, a8cecc1f-3f3f-4377-b117-1e6c466c1e86, 157c8593-ba62-4444-a330-78d9c87b0794
2023-06-06 14:29:04,115 [RatisPipelineUtilsThread - 0] WARN  pipeline.PipelinePlacementPolicy (PipelinePlacementPolicy.java:filterViableNodes(166)) - Pipeline creation failed due to no sufficient healthy datanodes. Required 3. Found 0. Excluded 3.
2023-06-06 14:29:05,107 [Time-limited test] INFO  ozone.MiniOzoneClusterImpl (MiniOzoneClusterImpl.java:lambda$waitForClusterToBeReady$0(222)) - Nodes are ready. Got 3 of 3 DN Heartbeats.
2023-06-06 14:29:05,107 [Time-limited test] INFO  ozone.MiniOzoneClusterImpl (MiniOzoneClusterImpl.java:lambda$waitForClusterToBeReady$0(225)) - Waiting for cluster to exit safe mode
2023-06-06 14:29:05,107 [Time-limited test] INFO  ozone.MiniOzoneClusterImpl (MiniOzoneClusterImpl.java:lambda$waitForClusterToBeReady$0(227)) - SCM became leader
2023-06-06 14:29:06,107 [Time-limited test] INFO  ozone.MiniOzoneClusterImpl (MiniOzoneClusterImpl.java:lambda$waitForClusterToBeReady$0(222)) - Nodes are ready. Got 3 of 3 DN Heartbeats.
2023-06-06 14:29:06,108 [Time-limited test] INFO  ozone.MiniOzoneClusterImpl (MiniOzoneClusterImpl.java:lambda$waitForClusterToBeReady$0(225)) - Waiting for cluster to exit safe mode
2023-06-06 14:29:06,108 [Time-limited test] INFO  ozone.MiniOzoneClusterImpl (MiniOzoneClusterImpl.java:lambda$waitForClusterToBeReady$0(227)) - SCM became leader
2023-06-06 14:29:06,485 [PipelineCommandHandlerThread-0] INFO  server.RaftServer (RaftServerProxy.java:addNew(98)) - 30c53b57-84aa-4907-b898-4ab0d8d18ef9: addNew group-01630A08DF52:[30c53b57-84aa-4907-b898-4ab0d8d18ef9|rpc:10.1.0.37:15153|admin:10.1.0.37:15152|client:10.1.0.37:15151|dataStream:10.1.0.37:15154|priority:1|startupRole:FOLLOWER] returns group-01630A08DF52:java.util.concurrent.CompletableFuture@59d05d60[Not completed]
2023-06-06 14:29:06,486 [30c53b57-84aa-4907-b898-4ab0d8d18ef9-groupManagement] INFO  server.RaftServer$Division (RaftServerImpl.java:<init>(198)) - 30c53b57-84aa-4907-b898-4ab0d8d18ef9: new RaftServerImpl for group-01630A08DF52:[30c53b57-84aa-4907-b898-4ab0d8d18ef9|rpc:10.1.0.37:15153|admin:10.1.0.37:15152|client:10.1.0.37:15151|dataStream:10.1.0.37:15154|priority:1|startupRole:FOLLOWER] with ContainerStateMachine:uninitialized
2023-06-06 14:29:06,486 [30c53b57-84aa-4907-b898-4ab0d8d18ef9-groupManagement] INFO  server.RaftServerConfigKeys (ConfUtils.java:logGet(46)) - raft.server.rpc.timeout.min = 5s (custom)
2023-06-06 14:29:06,489 [30c53b57-84aa-4907-b898-4ab0d8d18ef9-groupManagement] INFO  server.RaftServerConfigKeys (ConfUtils.java:logGet(46)) - raft.server.rpc.timeout.max = 5200ms (custom)
2023-06-06 14:29:06,489 [30c53b57-84aa-4907-b898-4ab0d8d18ef9-groupManagement] INFO  server.RaftServerConfigKeys (ConfUtils.java:logGet(46)) - raft.server.rpc.sleep.time = 25ms (default)
2023-06-06 14:29:06,489 [30c53b57-84aa-4907-b898-4ab0d8d18ef9-groupManagement] INFO  server.RaftServerConfigKeys (ConfUtils.java:logGet(46)) - raft.server.rpc.slowness.timeout = 300s (custom)
2023-06-06 14:29:06,489 [30c53b57-84aa-4907-b898-4ab0d8d18ef9-groupManagement] INFO  server.RaftServerConfigKeys (ConfUtils.java:logGet(46)) - raft.server.leaderelection.leader.step-down.wait-time = 10s (default)
2023-06-06 14:29:06,489 [30c53b57-84aa-4907-b898-4ab0d8d18ef9-groupManagement] INFO  server.RaftServerConfigKeys (ConfUtils.java:logGet(46)) - raft.server.sleep.deviation.threshold = 300ms (default)
2023-06-06 14:29:06,489 [30c53b57-84aa-4907-b898-4ab0d8d18ef9-groupManagement] INFO  server.RaftServer$Division (ServerState.java:<init>(120)) - 30c53b57-84aa-4907-b898-4ab0d8d18ef9@group-01630A08DF52: ConfigurationManager, init=-1: peers:[30c53b57-84aa-4907-b898-4ab0d8d18ef9|rpc:10.1.0.37:15153|admin:10.1.0.37:15152|client:10.1.0.37:15151|dataStream:10.1.0.37:15154|priority:1|startupRole:FOLLOWER]|listeners:[], old=null, confs=<EMPTY_MAP>
2023-06-06 14:29:06,489 [30c53b57-84aa-4907-b898-4ab0d8d18ef9-groupManagement] INFO  server.RaftServerConfigKeys (ConfUtils.java:logGet(46)) - raft.server.storage.dir = [/home/runner/work/ozone/ozone/hadoop-ozone/integration-test/target/test-dir/MiniOzoneClusterImpl-311f1a44-6374-447a-8cc6-2b136736f8fc/datanode-0/data/ratis] (custom)
2023-06-06 14:29:06,489 [30c53b57-84aa-4907-b898-4ab0d8d18ef9-groupManagement] INFO  server.RaftServerConfigKeys (ConfUtils.java:logGet(46)) - raft.server.log.corruption.policy = EXCEPTION (default)
2023-06-06 14:29:06,489 [30c53b57-84aa-4907-b898-4ab0d8d18ef9-groupManagement] INFO  server.RaftServerConfigKeys (ConfUtils.java:logGet(46)) - raft.server.storage.free-space.min = 0MB (=0) (default)
2023-06-06 14:29:06,489 [30c53b57-84aa-4907-b898-4ab0d8d18ef9-groupManagement] INFO  server.RaftServerConfigKeys (ConfUtils.java:logGet(46)) - raft.server.notification.no-leader.timeout = 300s (custom)
2023-06-06 14:29:06,489 [30c53b57-84aa-4907-b898-4ab0d8d18ef9-groupManagement] INFO  server.RaftServerConfigKeys (ConfUtils.java:logGet(46)) - raft.server.read.timeout = 10s (default)
2023-06-06 14:29:06,490 [30c53b57-84aa-4907-b898-4ab0d8d18ef9-groupManagement] INFO  server.RaftServerConfigKeys (ConfUtils.java:logGet(46)) - raft.server.retrycache.expirytime = 600000ms (custom)
2023-06-06 14:29:06,490 [30c53b57-84aa-4907-b898-4ab0d8d18ef9-groupManagement] INFO  server.RaftServerConfigKeys (ConfUtils.java:logGet(46)) - raft.server.retrycache.statistics.expirytime = 100μs (default)
2023-06-06 14:29:06,490 [30c53b57-84aa-4907-b898-4ab0d8d18ef9-groupManagement] INFO  server.RaftServerConfigKeys (ConfUtils.java:logGet(46)) - raft.server.read.option = DEFAULT (default)
2023-06-06 14:29:06,490 [30c53b57-84aa-4907-b898-4ab0d8d18ef9-groupManagement] INFO  server.RaftServerConfigKeys (ConfUtils.java:logGet(46)) - raft.server.rpc.request.timeout = 60s (custom)
2023-06-06 14:29:06,490 [30c53b57-84aa-4907-b898-4ab0d8d18ef9-groupManagement] INFO  server.RaftServerConfigKeys (ConfUtils.java:logGet(46)) - raft.server.log.appender.install.snapshot.enabled = false (custom)
2023-06-06 14:29:06,490 [30c53b57-84aa-4907-b898-4ab0d8d18ef9-groupManagement] INFO  server.RaftServerConfigKeys (ConfUtils.java:logGet(46)) - raft.server.threadpool.server.cached = true (default)
2023-06-06 14:29:06,490 [30c53b57-84aa-4907-b898-4ab0d8d18ef9-groupManagement] INFO  server.RaftServerConfigKeys (ConfUtils.java:logGet(46)) - raft.server.threadpool.server.size = 0 (default)
2023-06-06 14:29:06,490 [30c53b57-84aa-4907-b898-4ab0d8d18ef9-groupManagement] INFO  server.RaftServerConfigKeys (ConfUtils.java:logGet(46)) - raft.server.threadpool.client.cached = true (default)
2023-06-06 14:29:06,491 [30c53b57-84aa-4907-b898-4ab0d8d18ef9-groupManagement] INFO  server.RaftServerConfigKeys (ConfUtils.java:logGet(46)) - raft.server.threadpool.client.size = 0 (default)
2023-06-06 14:29:06,491 [30c53b57-84aa-4907-b898-4ab0d8d18ef9-groupManagement] INFO  storage.RaftStorageDirectory (RaftStorageDirectoryImpl.java:analyzeStorage(137)) - The storage directory /home/runner/work/ozone/ozone/hadoop-ozone/integration-test/target/test-dir/MiniOzoneClusterImpl-311f1a44-6374-447a-8cc6-2b136736f8fc/datanode-0/data/ratis/1d9a4cbc-e9f4-4249-8a53-01630a08df52 does not exist. Creating ...
2023-06-06 14:29:06,492 [30c53b57-84aa-4907-b898-4ab0d8d18ef9-groupManagement] INFO  storage.RaftStorageDirectory (RaftStorageDirectoryImpl.java:tryLock(231)) - Lock on /home/runner/work/ozone/ozone/hadoop-ozone/integration-test/target/test-dir/MiniOzoneClusterImpl-311f1a44-6374-447a-8cc6-2b136736f8fc/datanode-0/data/ratis/1d9a4cbc-e9f4-4249-8a53-01630a08df52/in_use.lock acquired by nodename 75814@fv-az1133-973
2023-06-06 14:29:06,493 [30c53b57-84aa-4907-b898-4ab0d8d18ef9-groupManagement] INFO  storage.RaftStorage (RaftStorageImpl.java:format(96)) - Storage directory /home/runner/work/ozone/ozone/hadoop-ozone/integration-test/target/test-dir/MiniOzoneClusterImpl-311f1a44-6374-447a-8cc6-2b136736f8fc/datanode-0/data/ratis/1d9a4cbc-e9f4-4249-8a53-01630a08df52 has been successfully formatted.
2023-06-06 14:29:06,494 [30c53b57-84aa-4907-b898-4ab0d8d18ef9-groupManagement] INFO  ratis.ContainerStateMachine (ContainerStateMachine.java:loadSnapshot(262)) - group-01630A08DF52: The snapshot info is null. Setting the last applied indexto:(t:0, i:~)
2023-06-06 14:29:06,494 [30c53b57-84aa-4907-b898-4ab0d8d18ef9-groupManagement] INFO  server.RaftServerConfigKeys (ConfUtils.java:logGet(46)) - raft.server.log.use.memory = false (default)
2023-06-06 14:29:06,494 [30c53b57-84aa-4907-b898-4ab0d8d18ef9-groupManagement] INFO  server.RaftServerConfigKeys (ConfUtils.java:logGet(46)) - raft.server.log.purge.gap = 1000000 (custom)
2023-06-06 14:29:06,494 [30c53b57-84aa-4907-b898-4ab0d8d18ef9-groupManagement] INFO  server.RaftServerConfigKeys (ConfUtils.java:logGet(46)) - raft.server.log.appender.buffer.byte-limit = 33554432 (custom)
2023-06-06 14:29:06,495 [30c53b57-84aa-4907-b898-4ab0d8d18ef9-groupManagement] INFO  server.RaftServerConfigKeys (ConfUtils.java:logGet(46)) - raft.server.log.statemachine.data.read.timeout = 1000ms (default)
2023-06-06 14:29:06,495 [30c53b57-84aa-4907-b898-4ab0d8d18ef9-groupManagement] INFO  server.RaftServerConfigKeys (ConfUtils.java:logGet(46)) - raft.server.log.purge.preservation.log.num = 0 (default)
2023-06-06 14:29:06,495 [30c53b57-84aa-4907-b898-4ab0d8d18ef9-groupManagement] INFO  server.RaftServerConfigKeys (ConfUtils.java:logGet(46)) - raft.server.log.segment.size.max = 1048576 (custom)
2023-06-06 14:29:06,495 [30c53b57-84aa-4907-b898-4ab0d8d18ef9-groupManagement] INFO  server.RaftServerConfigKeys (ConfUtils.java:logGet(46)) - raft.server.log.segment.cache.num.max = 2 (custom)
2023-06-06 14:29:06,495 [30c53b57-84aa-4907-b898-4ab0d8d18ef9-groupManagement] INFO  server.RaftServerConfigKeys (ConfUtils.java:logGet(46)) - raft.server.log.segment.cache.size.max = 200MB (=209715200) (default)
2023-06-06 14:29:06,495 [30c53b57-84aa-4907-b898-4ab0d8d18ef9-groupManagement] INFO  server.RaftServerConfigKeys (ConfUtils.java:logGet(46)) - raft.server.log.appender.buffer.byte-limit = 33554432 (custom)
2023-06-06 14:29:06,495 [30c53b57-84aa-4907-b898-4ab0d8d18ef9-groupManagement] INFO  segmented.SegmentedRaftLogWorker (SegmentedRaftLogWorker.java:<init>(188)) - new 30c53b57-84aa-4907-b898-4ab0d8d18ef9@group-01630A08DF52-SegmentedRaftLogWorker for RaftStorageImpl:Storage Directory /home/runner/work/ozone/ozone/hadoop-ozone/integration-test/target/test-dir/MiniOzoneClusterImpl-311f1a44-6374-447a-8cc6-2b136736f8fc/datanode-0/data/ratis/1d9a4cbc-e9f4-4249-8a53-01630a08df52
2023-06-06 14:29:06,495 [30c53b57-84aa-4907-b898-4ab0d8d18ef9-groupManagement] INFO  server.RaftServerConfigKeys (ConfUtils.java:logGet(46)) - raft.server.log.queue.byte-limit = 4294967296 (custom)
2023-06-06 14:29:06,495 [30c53b57-84aa-4907-b898-4ab0d8d18ef9-groupManagement] INFO  server.RaftServerConfigKeys (ConfUtils.java:logGet(46)) - raft.server.log.queue.element-limit = 1024 (custom)
2023-06-06 14:29:06,495 [30c53b57-84aa-4907-b898-4ab0d8d18ef9-groupManagement] INFO  server.RaftServerConfigKeys (ConfUtils.java:logGet(46)) - raft.server.log.segment.size.max = 1048576 (custom)
2023-06-06 14:29:06,495 [30c53b57-84aa-4907-b898-4ab0d8d18ef9-groupManagement] INFO  server.RaftServerConfigKeys (ConfUtils.java:logGet(46)) - raft.server.log.preallocated.size = 16384 (custom)
2023-06-06 14:29:06,495 [30c53b57-84aa-4907-b898-4ab0d8d18ef9-groupManagement] INFO  server.RaftServerConfigKeys (ConfUtils.java:logGet(46)) - raft.server.log.force.sync.num = 128 (default)
2023-06-06 14:29:06,495 [30c53b57-84aa-4907-b898-4ab0d8d18ef9-groupManagement] INFO  server.RaftServerConfigKeys (ConfUtils.java:logGet(46)) - raft.server.log.statemachine.data.sync = true (default)
2023-06-06 14:29:06,496 [30c53b57-84aa-4907-b898-4ab0d8d18ef9-groupManagement] INFO  server.RaftServerConfigKeys (ConfUtils.java:logGet(46)) - raft.server.log.statemachine.data.sync.timeout = 10s (default)
2023-06-06 14:29:06,496 [30c53b57-84aa-4907-b898-4ab0d8d18ef9-groupManagement] INFO  server.RaftServerConfigKeys (ConfUtils.java:logGet(46)) - raft.server.log.statemachine.data.sync.timeout.retry = -1 (default)
2023-06-06 14:29:06,496 [30c53b57-84aa-4907-b898-4ab0d8d18ef9-groupManagement] INFO  server.RaftServerConfigKeys (ConfUtils.java:logGet(46)) - raft.server.log.write.buffer.size = 1048576 (custom)
2023-06-06 14:29:06,496 [EventQueue-PipelineReportForPipelineReportHandler] INFO  pipeline.PipelineManagerImpl (PipelineManagerImpl.java:openPipeline(367)) - Pipeline Pipeline[ Id: 1d9a4cbc-e9f4-4249-8a53-01630a08df52, Nodes: 30c53b57-84aa-4907-b898-4ab0d8d18ef9(fv-az1133-973.qlb2sqfkji0uhjsjdnlwzcsdwg.bx.internal.cloudapp.net/10.1.0.37), ReplicationConfig: RATIS/ONE, State:ALLOCATED, leaderId:30c53b57-84aa-4907-b898-4ab0d8d18ef9, CreationTimestamp2023-06-06T14:29:03.494Z[Etc/UTC]] moved to OPEN state
2023-06-06 14:29:06,496 [30c53b57-84aa-4907-b898-4ab0d8d18ef9-groupManagement] INFO  server.RaftServerConfigKeys (ConfUtils.java:logGet(46)) - raft.server.log.appender.buffer.byte-limit = 33554432 (custom)
2023-06-06 14:29:06,502 [30c53b57-84aa-4907-b898-4ab0d8d18ef9-groupManagement] INFO  server.RaftServerConfigKeys (ConfUtils.java:logGet(46)) - raft.server.log.unsafe-flush.enabled = false (default)
2023-06-06 14:29:06,502 [30c53b57-84aa-4907-b898-4ab0d8d18ef9-groupManagement] INFO  server.RaftServerConfigKeys (ConfUtils.java:logGet(46)) - raft.server.log.async-flush.enabled = false (default)
2023-06-06 14:29:06,502 [30c53b57-84aa-4907-b898-4ab0d8d18ef9-groupManagement] INFO  server.RaftServerConfigKeys (ConfUtils.java:logGet(46)) - raft.server.log.statemachine.data.caching.enabled = true (custom)
2023-06-06 14:29:06,502 [30c53b57-84aa-4907-b898-4ab0d8d18ef9-groupManagement] INFO  segmented.SegmentedRaftLogWorker (SegmentedRaftLogWorker.java:lambda$new$0(135)) - 30c53b57-84aa-4907-b898-4ab0d8d18ef9@group-01630A08DF52-SegmentedRaftLogWorker: flushIndex: setUnconditionally 0 -> -1
2023-06-06 14:29:06,502 [30c53b57-84aa-4907-b898-4ab0d8d18ef9-groupManagement] INFO  segmented.SegmentedRaftLogWorker (SegmentedRaftLogWorker.java:lambda$new$0(135)) - 30c53b57-84aa-4907-b898-4ab0d8d18ef9@group-01630A08DF52-SegmentedRaftLogWorker: safeCacheEvictIndex: setUnconditionally 0 -> -1
2023-06-06 14:29:06,505 [30c53b57-84aa-4907-b898-4ab0d8d18ef9-groupManagement] INFO  server.RaftServer$Division (RaftServerImpl.java:start(342)) - 30c53b57-84aa-4907-b898-4ab0d8d18ef9@group-01630A08DF52: start as a follower, conf=-1: peers:[30c53b57-84aa-4907-b898-4ab0d8d18ef9|rpc:10.1.0.37:15153|admin:10.1.0.37:15152|client:10.1.0.37:15151|dataStream:10.1.0.37:15154|priority:1|startupRole:FOLLOWER]|listeners:[], old=null
2023-06-06 14:29:06,505 [EventQueue-OpenPipelineForHealthyPipelineSafeModeRule] INFO  safemode.SCMSafeModeManager (HealthyPipelineSafeModeRule.java:process(137)) - SCM in safe mode. Healthy pipelines reported count is 0, required healthy pipeline reported count is 1
2023-06-06 14:29:06,505 [30c53b57-84aa-4907-b898-4ab0d8d18ef9-groupManagement] INFO  server.RaftServer$Division (RaftServerImpl.java:setRole(329)) - 30c53b57-84aa-4907-b898-4ab0d8d18ef9@group-01630A08DF52: changes role from      null to FOLLOWER at term 0 for startAsFollower
2023-06-06 14:29:06,505 [30c53b57-84aa-4907-b898-4ab0d8d18ef9-groupManagement] INFO  impl.RoleInfo (RoleInfo.java:updateAndGet(139)) - 30c53b57-84aa-4907-b898-4ab0d8d18ef9: start 30c53b57-84aa-4907-b898-4ab0d8d18ef9@group-01630A08DF52-FollowerState
2023-06-06 14:29:06,509 [30c53b57-84aa-4907-b898-4ab0d8d18ef9-groupManagement] INFO  util.JmxRegister (JmxRegister.java:tryRegister(44)) - Successfully registered JMX Bean with object name Ratis:service=RaftServer,group=group-01630A08DF52,id=30c53b57-84aa-4907-b898-4ab0d8d18ef9
2023-06-06 14:29:06,509 [30c53b57-84aa-4907-b898-4ab0d8d18ef9@group-01630A08DF52-FollowerState] INFO  server.RaftServerConfigKeys (ConfUtils.java:logFallback(53)) - raft.server.rpc.first-election.timeout.min = 5s (fallback to raft.server.rpc.timeout.min)
2023-06-06 14:29:06,509 [30c53b57-84aa-4907-b898-4ab0d8d18ef9-groupManagement] INFO  server.RaftServerConfigKeys (ConfUtils.java:logGet(46)) - raft.server.snapshot.auto.trigger.enabled = true (custom)
2023-06-06 14:29:06,509 [30c53b57-84aa-4907-b898-4ab0d8d18ef9-groupManagement] INFO  server.RaftServerConfigKeys (ConfUtils.java:logGet(46)) - raft.server.snapshot.auto.trigger.threshold = 10000 (custom)
2023-06-06 14:29:06,509 [30c53b57-84aa-4907-b898-4ab0d8d18ef9-groupManagement] INFO  server.RaftServerConfigKeys (ConfUtils.java:logGet(46)) - raft.server.snapshot.retention.file.num = 5 (custom)
2023-06-06 14:29:06,509 [30c53b57-84aa-4907-b898-4ab0d8d18ef9-groupManagement] INFO  server.RaftServerConfigKeys (ConfUtils.java:logGet(46)) - raft.server.log.purge.upto.snapshot.index = false (default)
2023-06-06 14:29:06,510 [30c53b57-84aa-4907-b898-4ab0d8d18ef9@group-01630A08DF52-FollowerState] INFO  server.RaftServerConfigKeys (ConfUtils.java:logFallback(53)) - raft.server.rpc.first-election.timeout.max = 5200ms (fallback to raft.server.rpc.timeout.max)
2023-06-06 14:29:06,513 [PipelineCommandHandlerThread-0] INFO  ratis.XceiverServerRatis (XceiverServerRatis.java:addGroup(804)) - Created group PipelineID=1d9a4cbc-e9f4-4249-8a53-01630a08df52
2023-06-06 14:29:06,513 [PipelineCommandHandlerThread-0] INFO  commandhandler.CreatePipelineCommandHandler (CreatePipelineCommandHandler.java:lambda$handle$2(124)) - Created Pipeline RATIS ONE PipelineID=1d9a4cbc-e9f4-4249-8a53-01630a08df52.
2023-06-06 14:29:06,514 [PipelineCommandHandlerThread-0] INFO  server.RaftServer (RaftServerProxy.java:addNew(98)) - 30c53b57-84aa-4907-b898-4ab0d8d18ef9: addNew group-F221C6391371:[a8cecc1f-3f3f-4377-b117-1e6c466c1e86|rpc:10.1.0.37:15162|admin:10.1.0.37:15161|client:10.1.0.37:15160|dataStream:10.1.0.37:15163|priority:1|startupRole:FOLLOWER, 157c8593-ba62-4444-a330-78d9c87b0794|rpc:10.1.0.37:15171|admin:10.1.0.37:15170|client:10.1.0.37:15169|dataStream:10.1.0.37:15172|priority:0|startupRole:FOLLOWER, 30c53b57-84aa-4907-b898-4ab0d8d18ef9|rpc:10.1.0.37:15153|admin:10.1.0.37:15152|client:10.1.0.37:15151|dataStream:10.1.0.37:15154|priority:0|startupRole:FOLLOWER] returns group-F221C6391371:java.util.concurrent.CompletableFuture@5defd282[Not completed]
2023-06-06 14:29:06,516 [30c53b57-84aa-4907-b898-4ab0d8d18ef9-groupManagement] INFO  server.RaftServer$Division (RaftServerImpl.java:<init>(198)) - 30c53b57-84aa-4907-b898-4ab0d8d18ef9: new RaftServerImpl for group-F221C6391371:[a8cecc1f-3f3f-4377-b117-1e6c466c1e86|rpc:10.1.0.37:15162|admin:10.1.0.37:15161|client:10.1.0.37:15160|dataStream:10.1.0.37:15163|priority:1|startupRole:FOLLOWER, 157c8593-ba62-4444-a330-78d9c87b0794|rpc:10.1.0.37:15171|admin:10.1.0.37:15170|client:10.1.0.37:15169|dataStream:10.1.0.37:15172|priority:0|startupRole:FOLLOWER, 30c53b57-84aa-4907-b898-4ab0d8d18ef9|rpc:10.1.0.37:15153|admin:10.1.0.37:15152|client:10.1.0.37:15151|dataStream:10.1.0.37:15154|priority:0|startupRole:FOLLOWER] with ContainerStateMachine:uninitialized
2023-06-06 14:29:06,516 [30c53b57-84aa-4907-b898-4ab0d8d18ef9-groupManagement] INFO  server.RaftServerConfigKeys (ConfUtils.java:logGet(46)) - raft.server.rpc.timeout.min = 5s (custom)
2023-06-06 14:29:06,516 [30c53b57-84aa-4907-b898-4ab0d8d18ef9-groupManagement] INFO  server.RaftServerConfigKeys (ConfUtils.java:logGet(46)) - raft.server.rpc.timeout.max = 5200ms (custom)
2023-06-06 14:29:06,516 [30c53b57-84aa-4907-b898-4ab0d8d18ef9-groupManagement] INFO  server.RaftServerConfigKeys (ConfUtils.java:logGet(46)) - raft.server.rpc.sleep.time = 25ms (default)
2023-06-06 14:29:06,516 [30c53b57-84aa-4907-b898-4ab0d8d18ef9-groupManagement] INFO  server.RaftServerConfigKeys (ConfUtils.java:logGet(46)) - raft.server.rpc.slowness.timeout = 300s (custom)
2023-06-06 14:29:06,516 [30c53b57-84aa-4907-b898-4ab0d8d18ef9-groupManagement] INFO  server.RaftServerConfigKeys (ConfUtils.java:logGet(46)) - raft.server.leaderelection.leader.step-down.wait-time = 10s (default)
2023-06-06 14:29:06,516 [30c53b57-84aa-4907-b898-4ab0d8d18ef9-groupManagement] INFO  server.RaftServerConfigKeys (ConfUtils.java:logGet(46)) - raft.server.sleep.deviation.threshold = 300ms (default)
2023-06-06 14:29:06,516 [30c53b57-84aa-4907-b898-4ab0d8d18ef9-groupManagement] INFO  server.RaftServer$Division (ServerState.java:<init>(120)) - 30c53b57-84aa-4907-b898-4ab0d8d18ef9@group-F221C6391371: ConfigurationManager, init=-1: peers:[a8cecc1f-3f3f-4377-b117-1e6c466c1e86|rpc:10.1.0.37:15162|admin:10.1.0.37:15161|client:10.1.0.37:15160|dataStream:10.1.0.37:15163|priority:1|startupRole:FOLLOWER, 157c8593-ba62-4444-a330-78d9c87b0794|rpc:10.1.0.37:15171|admin:10.1.0.37:15170|client:10.1.0.37:15169|dataStream:10.1.0.37:15172|priority:0|startupRole:FOLLOWER, 30c53b57-84aa-4907-b898-4ab0d8d18ef9|rpc:10.1.0.37:15153|admin:10.1.0.37:15152|client:10.1.0.37:15151|dataStream:10.1.0.37:15154|priority:0|startupRole:FOLLOWER]|listeners:[], old=null, confs=<EMPTY_MAP>
2023-06-06 14:29:06,516 [30c53b57-84aa-4907-b898-4ab0d8d18ef9-groupManagement] INFO  server.RaftServerConfigKeys (ConfUtils.java:logGet(46)) - raft.server.storage.dir = [/home/runner/work/ozone/ozone/hadoop-ozone/integration-test/target/test-dir/MiniOzoneClusterImpl-311f1a44-6374-447a-8cc6-2b136736f8fc/datanode-0/data/ratis] (custom)
2023-06-06 14:29:06,517 [30c53b57-84aa-4907-b898-4ab0d8d18ef9-groupManagement] INFO  server.RaftServerConfigKeys (ConfUtils.java:logGet(46)) - raft.server.log.corruption.policy = EXCEPTION (default)
2023-06-06 14:29:06,517 [30c53b57-84aa-4907-b898-4ab0d8d18ef9-groupManagement] INFO  server.RaftServerConfigKeys (ConfUtils.java:logGet(46)) - raft.server.storage.free-space.min = 0MB (=0) (default)
2023-06-06 14:29:06,517 [30c53b57-84aa-4907-b898-4ab0d8d18ef9-groupManagement] INFO  server.RaftServerConfigKeys (ConfUtils.java:logGet(46)) - raft.server.notification.no-leader.timeout = 300s (custom)
2023-06-06 14:29:06,517 [30c53b57-84aa-4907-b898-4ab0d8d18ef9-groupManagement] INFO  server.RaftServerConfigKeys (ConfUtils.java:logGet(46)) - raft.server.read.timeout = 10s (default)
2023-06-06 14:29:06,517 [30c53b57-84aa-4907-b898-4ab0d8d18ef9-groupManagement] INFO  server.RaftServerConfigKeys (ConfUtils.java:logGet(46)) - raft.server.retrycache.expirytime = 600000ms (custom)
2023-06-06 14:29:06,517 [30c53b57-84aa-4907-b898-4ab0d8d18ef9-groupManagement] INFO  server.RaftServerConfigKeys (ConfUtils.java:logGet(46)) - raft.server.retrycache.statistics.expirytime = 100μs (default)
2023-06-06 14:29:06,517 [30c53b57-84aa-4907-b898-4ab0d8d18ef9-groupManagement] INFO  server.RaftServerConfigKeys (ConfUtils.java:logGet(46)) - raft.server.read.option = DEFAULT (default)
2023-06-06 14:29:06,518 [30c53b57-84aa-4907-b898-4ab0d8d18ef9-groupManagement] INFO  server.RaftServerConfigKeys (ConfUtils.java:logGet(46)) - raft.server.rpc.request.timeout = 60s (custom)
2023-06-06 14:29:06,518 [30c53b57-84aa-4907-b898-4ab0d8d18ef9-groupManagement] INFO  server.RaftServerConfigKeys (ConfUtils.java:logGet(46)) - raft.server.log.appender.install.snapshot.enabled = false (custom)
2023-06-06 14:29:06,518 [30c53b57-84aa-4907-b898-4ab0d8d18ef9-groupManagement] INFO  server.RaftServerConfigKeys (ConfUtils.java:logGet(46)) - raft.server.threadpool.server.cached = true (default)
2023-06-06 14:29:06,518 [30c53b57-84aa-4907-b898-4ab0d8d18ef9-groupManagement] INFO  server.RaftServerConfigKeys (ConfUtils.java:logGet(46)) - raft.server.threadpool.server.size = 0 (default)
2023-06-06 14:29:06,518 [30c53b57-84aa-4907-b898-4ab0d8d18ef9-groupManagement] INFO  server.RaftServerConfigKeys (ConfUtils.java:logGet(46)) - raft.server.threadpool.client.cached = true (default)
2023-06-06 14:29:06,518 [30c53b57-84aa-4907-b898-4ab0d8d18ef9-groupManagement] INFO  server.RaftServerConfigKeys (ConfUtils.java:logGet(46)) - raft.server.threadpool.client.size = 0 (default)
2023-06-06 14:29:06,518 [30c53b57-84aa-4907-b898-4ab0d8d18ef9-groupManagement] INFO  storage.RaftStorageDirectory (RaftStorageDirectoryImpl.java:analyzeStorage(137)) - The storage directory /home/runner/work/ozone/ozone/hadoop-ozone/integration-test/target/test-dir/MiniOzoneClusterImpl-311f1a44-6374-447a-8cc6-2b136736f8fc/datanode-0/data/ratis/380ae750-e98a-438b-9701-f221c6391371 does not exist. Creating ...
2023-06-06 14:29:06,519 [30c53b57-84aa-4907-b898-4ab0d8d18ef9-groupManagement] INFO  storage.RaftStorageDirectory (RaftStorageDirectoryImpl.java:tryLock(231)) - Lock on /home/runner/work/ozone/ozone/hadoop-ozone/integration-test/target/test-dir/MiniOzoneClusterImpl-311f1a44-6374-447a-8cc6-2b136736f8fc/datanode-0/data/ratis/380ae750-e98a-438b-9701-f221c6391371/in_use.lock acquired by nodename 75814@fv-az1133-973
2023-06-06 14:29:06,521 [30c53b57-84aa-4907-b898-4ab0d8d18ef9-groupManagement] INFO  storage.RaftStorage (RaftStorageImpl.java:format(96)) - Storage directory /home/runner/work/ozone/ozone/hadoop-ozone/integration-test/target/test-dir/MiniOzoneClusterImpl-311f1a44-6374-447a-8cc6-2b136736f8fc/datanode-0/data/ratis/380ae750-e98a-438b-9701-f221c6391371 has been successfully formatted.
2023-06-06 14:29:06,521 [30c53b57-84aa-4907-b898-4ab0d8d18ef9-groupManagement] INFO  ratis.ContainerStateMachine (ContainerStateMachine.java:loadSnapshot(262)) - group-F221C6391371: The snapshot info is null. Setting the last applied indexto:(t:0, i:~)
2023-06-06 14:29:06,521 [30c53b57-84aa-4907-b898-4ab0d8d18ef9-groupManagement] INFO  server.RaftServerConfigKeys (ConfUtils.java:logGet(46)) - raft.server.log.use.memory = false (default)
2023-06-06 14:29:06,521 [30c53b57-84aa-4907-b898-4ab0d8d18ef9-groupManagement] INFO  server.RaftServerConfigKeys (ConfUtils.java:logGet(46)) - raft.server.log.purge.gap = 1000000 (custom)
2023-06-06 14:29:06,521 [30c53b57-84aa-4907-b898-4ab0d8d18ef9-groupManagement] INFO  server.RaftServerConfigKeys (ConfUtils.java:logGet(46)) - raft.server.log.appender.buffer.byte-limit = 33554432 (custom)
2023-06-06 14:29:06,521 [30c53b57-84aa-4907-b898-4ab0d8d18ef9-groupManagement] INFO  server.RaftServerConfigKeys (ConfUtils.java:logGet(46)) - raft.server.log.statemachine.data.read.timeout = 1000ms (default)
2023-06-06 14:29:06,521 [30c53b57-84aa-4907-b898-4ab0d8d18ef9-groupManagement] INFO  server.RaftServerConfigKeys (ConfUtils.java:logGet(46)) - raft.server.log.purge.preservation.log.num = 0 (default)
2023-06-06 14:29:06,521 [30c53b57-84aa-4907-b898-4ab0d8d18ef9-groupManagement] INFO  server.RaftServerConfigKeys (ConfUtils.java:logGet(46)) - raft.server.log.segment.size.max = 1048576 (custom)
2023-06-06 14:29:06,522 [30c53b57-84aa-4907-b898-4ab0d8d18ef9-groupManagement] INFO  server.RaftServerConfigKeys (ConfUtils.java:logGet(46)) - raft.server.log.segment.cache.num.max = 2 (custom)
2023-06-06 14:29:06,522 [30c53b57-84aa-4907-b898-4ab0d8d18ef9-groupManagement] INFO  server.RaftServerConfigKeys (ConfUtils.java:logGet(46)) - raft.server.log.segment.cache.size.max = 200MB (=209715200) (default)
2023-06-06 14:29:06,522 [30c53b57-84aa-4907-b898-4ab0d8d18ef9-groupManagement] INFO  server.RaftServerConfigKeys (ConfUtils.java:logGet(46)) - raft.server.log.appender.buffer.byte-limit = 33554432 (custom)
2023-06-06 14:29:06,522 [30c53b57-84aa-4907-b898-4ab0d8d18ef9-groupManagement] INFO  segmented.SegmentedRaftLogWorker (SegmentedRaftLogWorker.java:<init>(188)) - new 30c53b57-84aa-4907-b898-4ab0d8d18ef9@group-F221C6391371-SegmentedRaftLogWorker for RaftStorageImpl:Storage Directory /home/runner/work/ozone/ozone/hadoop-ozone/integration-test/target/test-dir/MiniOzoneClusterImpl-311f1a44-6374-447a-8cc6-2b136736f8fc/datanode-0/data/ratis/380ae750-e98a-438b-9701-f221c6391371
2023-06-06 14:29:06,522 [30c53b57-84aa-4907-b898-4ab0d8d18ef9-groupManagement] INFO  server.RaftServerConfigKeys (ConfUtils.java:logGet(46)) - raft.server.log.queue.byte-limit = 4294967296 (custom)
2023-06-06 14:29:06,522 [30c53b57-84aa-4907-b898-4ab0d8d18ef9-groupManagement] INFO  server.RaftServerConfigKeys (ConfUtils.java:logGet(46)) - raft.server.log.queue.element-limit = 1024 (custom)
2023-06-06 14:29:06,522 [30c53b57-84aa-4907-b898-4ab0d8d18ef9-groupManagement] INFO  server.RaftServerConfigKeys (ConfUtils.java:logGet(46)) - raft.server.log.segment.size.max = 1048576 (custom)
2023-06-06 14:29:06,522 [30c53b57-84aa-4907-b898-4ab0d8d18ef9-groupManagement] INFO  server.RaftServerConfigKeys (ConfUtils.java:logGet(46)) - raft.server.log.preallocated.size = 16384 (custom)
2023-06-06 14:29:06,522 [30c53b57-84aa-4907-b898-4ab0d8d18ef9-groupManagement] INFO  server.RaftServerConfigKeys (ConfUtils.java:logGet(46)) - raft.server.log.force.sync.num = 128 (default)
2023-06-06 14:29:06,522 [30c53b57-84aa-4907-b898-4ab0d8d18ef9-groupManagement] INFO  server.RaftServerConfigKeys (ConfUtils.java:logGet(46)) - raft.server.log.statemachine.data.sync = true (default)
2023-06-06 14:29:06,522 [30c53b57-84aa-4907-b898-4ab0d8d18ef9-groupManagement] INFO  server.RaftServerConfigKeys (ConfUtils.java:logGet(46)) - raft.server.log.statemachine.data.sync.timeout = 10s (default)
2023-06-06 14:29:06,522 [30c53b57-84aa-4907-b898-4ab0d8d18ef9-groupManagement] INFO  server.RaftServerConfigKeys (ConfUtils.java:logGet(46)) - raft.server.log.statemachine.data.sync.timeout.retry = -1 (default)
2023-06-06 14:29:06,523 [EventQueue-OpenPipelineForHealthyPipelineSafeModeRule] INFO  safemode.SCMSafeModeManager (HealthyPipelineSafeModeRule.java:process(137)) - SCM in safe mode. Healthy pipelines reported count is 0, required healthy pipeline reported count is 1
2023-06-06 14:29:06,523 [30c53b57-84aa-4907-b898-4ab0d8d18ef9-groupManagement] INFO  server.RaftServerConfigKeys (ConfUtils.java:logGet(46)) - raft.server.log.write.buffer.size = 1048576 (custom)
2023-06-06 14:29:06,523 [30c53b57-84aa-4907-b898-4ab0d8d18ef9-groupManagement] INFO  server.RaftServerConfigKeys (ConfUtils.java:logGet(46)) - raft.server.log.appender.buffer.byte-limit = 33554432 (custom)
2023-06-06 14:29:06,528 [30c53b57-84aa-4907-b898-4ab0d8d18ef9-groupManagement] INFO  server.RaftServerConfigKeys (ConfUtils.java:logGet(46)) - raft.server.log.unsafe-flush.enabled = false (default)
2023-06-06 14:29:06,528 [30c53b57-84aa-4907-b898-4ab0d8d18ef9-groupManagement] INFO  server.RaftServerConfigKeys (ConfUtils.java:logGet(46)) - raft.server.log.async-flush.enabled = false (default)
2023-06-06 14:29:06,528 [30c53b57-84aa-4907-b898-4ab0d8d18ef9-groupManagement] INFO  server.RaftServerConfigKeys (ConfUtils.java:logGet(46)) - raft.server.log.statemachine.data.caching.enabled = true (custom)
2023-06-06 14:29:06,528 [30c53b57-84aa-4907-b898-4ab0d8d18ef9-groupManagement] INFO  segmented.SegmentedRaftLogWorker (SegmentedRaftLogWorker.java:lambda$new$0(135)) - 30c53b57-84aa-4907-b898-4ab0d8d18ef9@group-F221C6391371-SegmentedRaftLogWorker: flushIndex: setUnconditionally 0 -> -1
2023-06-06 14:29:06,528 [30c53b57-84aa-4907-b898-4ab0d8d18ef9-groupManagement] INFO  segmented.SegmentedRaftLogWorker (SegmentedRaftLogWorker.java:lambda$new$0(135)) - 30c53b57-84aa-4907-b898-4ab0d8d18ef9@group-F221C6391371-SegmentedRaftLogWorker: safeCacheEvictIndex: setUnconditionally 0 -> -1
2023-06-06 14:29:06,529 [30c53b57-84aa-4907-b898-4ab0d8d18ef9-groupManagement] INFO  server.RaftServer$Division (RaftServerImpl.java:start(342)) - 30c53b57-84aa-4907-b898-4ab0d8d18ef9@group-F221C6391371: start as a follower, conf=-1: peers:[a8cecc1f-3f3f-4377-b117-1e6c466c1e86|rpc:10.1.0.37:15162|admin:10.1.0.37:15161|client:10.1.0.37:15160|dataStream:10.1.0.37:15163|priority:1|startupRole:FOLLOWER, 157c8593-ba62-4444-a330-78d9c87b0794|rpc:10.1.0.37:15171|admin:10.1.0.37:15170|client:10.1.0.37:15169|dataStream:10.1.0.37:15172|priority:0|startupRole:FOLLOWER, 30c53b57-84aa-4907-b898-4ab0d8d18ef9|rpc:10.1.0.37:15153|admin:10.1.0.37:15152|client:10.1.0.37:15151|dataStream:10.1.0.37:15154|priority:0|startupRole:FOLLOWER]|listeners:[], old=null
2023-06-06 14:29:06,529 [30c53b57-84aa-4907-b898-4ab0d8d18ef9-groupManagement] INFO  server.RaftServer$Division (RaftServerImpl.java:setRole(329)) - 30c53b57-84aa-4907-b898-4ab0d8d18ef9@group-F221C6391371: changes role from      null to FOLLOWER at term 0 for startAsFollower
2023-06-06 14:29:06,529 [30c53b57-84aa-4907-b898-4ab0d8d18ef9-groupManagement] INFO  impl.RoleInfo (RoleInfo.java:updateAndGet(139)) - 30c53b57-84aa-4907-b898-4ab0d8d18ef9: start 30c53b57-84aa-4907-b898-4ab0d8d18ef9@group-F221C6391371-FollowerState
2023-06-06 14:29:06,529 [30c53b57-84aa-4907-b898-4ab0d8d18ef9@group-F221C6391371-FollowerState] INFO  server.RaftServerConfigKeys (ConfUtils.java:logFallback(53)) - raft.server.rpc.first-election.timeout.min = 5s (fallback to raft.server.rpc.timeout.min)
2023-06-06 14:29:06,529 [30c53b57-84aa-4907-b898-4ab0d8d18ef9-groupManagement] INFO  util.JmxRegister (JmxRegister.java:tryRegister(44)) - Successfully registered JMX Bean with object name Ratis:service=RaftServer,group=group-F221C6391371,id=30c53b57-84aa-4907-b898-4ab0d8d18ef9
2023-06-06 14:29:06,529 [30c53b57-84aa-4907-b898-4ab0d8d18ef9@group-F221C6391371-FollowerState] INFO  server.RaftServerConfigKeys (ConfUtils.java:logFallback(53)) - raft.server.rpc.first-election.timeout.max = 5200ms (fallback to raft.server.rpc.timeout.max)
2023-06-06 14:29:06,529 [30c53b57-84aa-4907-b898-4ab0d8d18ef9-groupManagement] INFO  server.RaftServerConfigKeys (ConfUtils.java:logGet(46)) - raft.server.snapshot.auto.trigger.enabled = true (custom)
2023-06-06 14:29:06,529 [30c53b57-84aa-4907-b898-4ab0d8d18ef9-groupManagement] INFO  server.RaftServerConfigKeys (ConfUtils.java:logGet(46)) - raft.server.snapshot.auto.trigger.threshold = 10000 (custom)
2023-06-06 14:29:06,529 [30c53b57-84aa-4907-b898-4ab0d8d18ef9-groupManagement] INFO  server.RaftServerConfigKeys (ConfUtils.java:logGet(46)) - raft.server.snapshot.retention.file.num = 5 (custom)
2023-06-06 14:29:06,529 [30c53b57-84aa-4907-b898-4ab0d8d18ef9-groupManagement] INFO  server.RaftServerConfigKeys (ConfUtils.java:logGet(46)) - raft.server.log.purge.upto.snapshot.index = false (default)
2023-06-06 14:29:06,530 [PipelineCommandHandlerThread-0] INFO  ratis.XceiverServerRatis (XceiverServerRatis.java:addGroup(804)) - Created group PipelineID=380ae750-e98a-438b-9701-f221c6391371
2023-06-06 14:29:06,545 [grpc-default-executor-0] INFO  server.RaftServer (RaftServerProxy.java:addNew(98)) - a8cecc1f-3f3f-4377-b117-1e6c466c1e86: addNew group-F221C6391371:[a8cecc1f-3f3f-4377-b117-1e6c466c1e86|rpc:10.1.0.37:15162|admin:10.1.0.37:15161|client:10.1.0.37:15160|dataStream:10.1.0.37:15163|priority:1|startupRole:FOLLOWER, 157c8593-ba62-4444-a330-78d9c87b0794|rpc:10.1.0.37:15171|admin:10.1.0.37:15170|client:10.1.0.37:15169|dataStream:10.1.0.37:15172|priority:0|startupRole:FOLLOWER, 30c53b57-84aa-4907-b898-4ab0d8d18ef9|rpc:10.1.0.37:15153|admin:10.1.0.37:15152|client:10.1.0.37:15151|dataStream:10.1.0.37:15154|priority:0|startupRole:FOLLOWER] returns group-F221C6391371:java.util.concurrent.CompletableFuture@203a1445[Not completed]
2023-06-06 14:29:06,547 [a8cecc1f-3f3f-4377-b117-1e6c466c1e86-groupManagement] INFO  server.RaftServer$Division (RaftServerImpl.java:<init>(198)) - a8cecc1f-3f3f-4377-b117-1e6c466c1e86: new RaftServerImpl for group-F221C6391371:[a8cecc1f-3f3f-4377-b117-1e6c466c1e86|rpc:10.1.0.37:15162|admin:10.1.0.37:15161|client:10.1.0.37:15160|dataStream:10.1.0.37:15163|priority:1|startupRole:FOLLOWER, 157c8593-ba62-4444-a330-78d9c87b0794|rpc:10.1.0.37:15171|admin:10.1.0.37:15170|client:10.1.0.37:15169|dataStream:10.1.0.37:15172|priority:0|startupRole:FOLLOWER, 30c53b57-84aa-4907-b898-4ab0d8d18ef9|rpc:10.1.0.37:15153|admin:10.1.0.37:15152|client:10.1.0.37:15151|dataStream:10.1.0.37:15154|priority:0|startupRole:FOLLOWER] with ContainerStateMachine:uninitialized
2023-06-06 14:29:06,547 [a8cecc1f-3f3f-4377-b117-1e6c466c1e86-groupManagement] INFO  server.RaftServerConfigKeys (ConfUtils.java:logGet(46)) - raft.server.rpc.timeout.min = 5s (custom)
2023-06-06 14:29:06,547 [a8cecc1f-3f3f-4377-b117-1e6c466c1e86-groupManagement] INFO  server.RaftServerConfigKeys (ConfUtils.java:logGet(46)) - raft.server.rpc.timeout.max = 5200ms (custom)
2023-06-06 14:29:06,547 [a8cecc1f-3f3f-4377-b117-1e6c466c1e86-groupManagement] INFO  server.RaftServerConfigKeys (ConfUtils.java:logGet(46)) - raft.server.rpc.sleep.time = 25ms (default)
2023-06-06 14:29:06,547 [a8cecc1f-3f3f-4377-b117-1e6c466c1e86-groupManagement] INFO  server.RaftServerConfigKeys (ConfUtils.java:logGet(46)) - raft.server.rpc.slowness.timeout = 300s (custom)
2023-06-06 14:29:06,547 [a8cecc1f-3f3f-4377-b117-1e6c466c1e86-groupManagement] INFO  server.RaftServerConfigKeys (ConfUtils.java:logGet(46)) - raft.server.leaderelection.leader.step-down.wait-time = 10s (default)
2023-06-06 14:29:06,547 [a8cecc1f-3f3f-4377-b117-1e6c466c1e86-groupManagement] INFO  server.RaftServerConfigKeys (ConfUtils.java:logGet(46)) - raft.server.sleep.deviation.threshold = 300ms (default)
2023-06-06 14:29:06,547 [a8cecc1f-3f3f-4377-b117-1e6c466c1e86-groupManagement] INFO  server.RaftServer$Division (ServerState.java:<init>(120)) - a8cecc1f-3f3f-4377-b117-1e6c466c1e86@group-F221C6391371: ConfigurationManager, init=-1: peers:[a8cecc1f-3f3f-4377-b117-1e6c466c1e86|rpc:10.1.0.37:15162|admin:10.1.0.37:15161|client:10.1.0.37:15160|dataStream:10.1.0.37:15163|priority:1|startupRole:FOLLOWER, 157c8593-ba62-4444-a330-78d9c87b0794|rpc:10.1.0.37:15171|admin:10.1.0.37:15170|client:10.1.0.37:15169|dataStream:10.1.0.37:15172|priority:0|startupRole:FOLLOWER, 30c53b57-84aa-4907-b898-4ab0d8d18ef9|rpc:10.1.0.37:15153|admin:10.1.0.37:15152|client:10.1.0.37:15151|dataStream:10.1.0.37:15154|priority:0|startupRole:FOLLOWER]|listeners:[], old=null, confs=<EMPTY_MAP>
2023-06-06 14:29:06,547 [a8cecc1f-3f3f-4377-b117-1e6c466c1e86-groupManagement] INFO  server.RaftServerConfigKeys (ConfUtils.java:logGet(46)) - raft.server.storage.dir = [/home/runner/work/ozone/ozone/hadoop-ozone/integration-test/target/test-dir/MiniOzoneClusterImpl-311f1a44-6374-447a-8cc6-2b136736f8fc/datanode-1/data/ratis] (custom)
2023-06-06 14:29:06,547 [a8cecc1f-3f3f-4377-b117-1e6c466c1e86-groupManagement] INFO  server.RaftServerConfigKeys (ConfUtils.java:logGet(46)) - raft.server.log.corruption.policy = EXCEPTION (default)
2023-06-06 14:29:06,547 [a8cecc1f-3f3f-4377-b117-1e6c466c1e86-groupManagement] INFO  server.RaftServerConfigKeys (ConfUtils.java:logGet(46)) - raft.server.storage.free-space.min = 0MB (=0) (default)
2023-06-06 14:29:06,547 [a8cecc1f-3f3f-4377-b117-1e6c466c1e86-groupManagement] INFO  server.RaftServerConfigKeys (ConfUtils.java:logGet(46)) - raft.server.notification.no-leader.timeout = 300s (custom)
2023-06-06 14:29:06,547 [a8cecc1f-3f3f-4377-b117-1e6c466c1e86-groupManagement] INFO  server.RaftServerConfigKeys (ConfUtils.java:logGet(46)) - raft.server.read.timeout = 10s (default)
2023-06-06 14:29:06,547 [a8cecc1f-3f3f-4377-b117-1e6c466c1e86-groupManagement] INFO  server.RaftServerConfigKeys (ConfUtils.java:logGet(46)) - raft.server.retrycache.expirytime = 600000ms (custom)
2023-06-06 14:29:06,547 [a8cecc1f-3f3f-4377-b117-1e6c466c1e86-groupManagement] INFO  server.RaftServerConfigKeys (ConfUtils.java:logGet(46)) - raft.server.retrycache.statistics.expirytime = 100μs (default)
2023-06-06 14:29:06,547 [a8cecc1f-3f3f-4377-b117-1e6c466c1e86-groupManagement] INFO  server.RaftServerConfigKeys (ConfUtils.java:logGet(46)) - raft.server.read.option = DEFAULT (default)
2023-06-06 14:29:06,548 [a8cecc1f-3f3f-4377-b117-1e6c466c1e86-groupManagement] INFO  server.RaftServerConfigKeys (ConfUtils.java:logGet(46)) - raft.server.rpc.request.timeout = 60s (custom)
2023-06-06 14:29:06,548 [a8cecc1f-3f3f-4377-b117-1e6c466c1e86-groupManagement] INFO  server.RaftServerConfigKeys (ConfUtils.java:logGet(46)) - raft.server.log.appender.install.snapshot.enabled = false (custom)
2023-06-06 14:29:06,548 [a8cecc1f-3f3f-4377-b117-1e6c466c1e86-groupManagement] INFO  server.RaftServerConfigKeys (ConfUtils.java:logGet(46)) - raft.server.threadpool.server.cached = true (default)
2023-06-06 14:29:06,548 [a8cecc1f-3f3f-4377-b117-1e6c466c1e86-groupManagement] INFO  server.RaftServerConfigKeys (ConfUtils.java:logGet(46)) - raft.server.threadpool.server.size = 0 (default)
2023-06-06 14:29:06,548 [a8cecc1f-3f3f-4377-b117-1e6c466c1e86-groupManagement] INFO  server.RaftServerConfigKeys (ConfUtils.java:logGet(46)) - raft.server.threadpool.client.cached = true (default)
2023-06-06 14:29:06,548 [a8cecc1f-3f3f-4377-b117-1e6c466c1e86-groupManagement] INFO  server.RaftServerConfigKeys (ConfUtils.java:logGet(46)) - raft.server.threadpool.client.size = 0 (default)
2023-06-06 14:29:06,548 [a8cecc1f-3f3f-4377-b117-1e6c466c1e86-groupManagement] INFO  storage.RaftStorageDirectory (RaftStorageDirectoryImpl.java:analyzeStorage(137)) - The storage directory /home/runner/work/ozone/ozone/hadoop-ozone/integration-test/target/test-dir/MiniOzoneClusterImpl-311f1a44-6374-447a-8cc6-2b136736f8fc/datanode-1/data/ratis/380ae750-e98a-438b-9701-f221c6391371 does not exist. Creating ...
2023-06-06 14:29:06,549 [a8cecc1f-3f3f-4377-b117-1e6c466c1e86-groupManagement] INFO  storage.RaftStorageDirectory (RaftStorageDirectoryImpl.java:tryLock(231)) - Lock on /home/runner/work/ozone/ozone/hadoop-ozone/integration-test/target/test-dir/MiniOzoneClusterImpl-311f1a44-6374-447a-8cc6-2b136736f8fc/datanode-1/data/ratis/380ae750-e98a-438b-9701-f221c6391371/in_use.lock acquired by nodename 75814@fv-az1133-973
2023-06-06 14:29:06,550 [a8cecc1f-3f3f-4377-b117-1e6c466c1e86-groupManagement] INFO  storage.RaftStorage (RaftStorageImpl.java:format(96)) - Storage directory /home/runner/work/ozone/ozone/hadoop-ozone/integration-test/target/test-dir/MiniOzoneClusterImpl-311f1a44-6374-447a-8cc6-2b136736f8fc/datanode-1/data/ratis/380ae750-e98a-438b-9701-f221c6391371 has been successfully formatted.
2023-06-06 14:29:06,551 [a8cecc1f-3f3f-4377-b117-1e6c466c1e86-groupManagement] INFO  ratis.ContainerStateMachine (ContainerStateMachine.java:loadSnapshot(262)) - group-F221C6391371: The snapshot info is null. Setting the last applied indexto:(t:0, i:~)
2023-06-06 14:29:06,551 [a8cecc1f-3f3f-4377-b117-1e6c466c1e86-groupManagement] INFO  server.RaftServerConfigKeys (ConfUtils.java:logGet(46)) - raft.server.log.use.memory = false (default)
2023-06-06 14:29:06,551 [a8cecc1f-3f3f-4377-b117-1e6c466c1e86-groupManagement] INFO  server.RaftServerConfigKeys (ConfUtils.java:logGet(46)) - raft.server.log.purge.gap = 1000000 (custom)
2023-06-06 14:29:06,551 [a8cecc1f-3f3f-4377-b117-1e6c466c1e86-groupManagement] INFO  server.RaftServerConfigKeys (ConfUtils.java:logGet(46)) - raft.server.log.appender.buffer.byte-limit = 33554432 (custom)
2023-06-06 14:29:06,552 [a8cecc1f-3f3f-4377-b117-1e6c466c1e86-groupManagement] INFO  server.RaftServerConfigKeys (ConfUtils.java:logGet(46)) - raft.server.log.statemachine.data.read.timeout = 1000ms (default)
2023-06-06 14:29:06,552 [a8cecc1f-3f3f-4377-b117-1e6c466c1e86-groupManagement] INFO  server.RaftServerConfigKeys (ConfUtils.java:logGet(46)) - raft.server.log.purge.preservation.log.num = 0 (default)
2023-06-06 14:29:06,552 [a8cecc1f-3f3f-4377-b117-1e6c466c1e86-groupManagement] INFO  server.RaftServerConfigKeys (ConfUtils.java:logGet(46)) - raft.server.log.segment.size.max = 1048576 (custom)
2023-06-06 14:29:06,552 [a8cecc1f-3f3f-4377-b117-1e6c466c1e86-groupManagement] INFO  server.RaftServerConfigKeys (ConfUtils.java:logGet(46)) - raft.server.log.segment.cache.num.max = 2 (custom)
2023-06-06 14:29:06,552 [a8cecc1f-3f3f-4377-b117-1e6c466c1e86-groupManagement] INFO  server.RaftServerConfigKeys (ConfUtils.java:logGet(46)) - raft.server.log.segment.cache.size.max = 200MB (=209715200) (default)
2023-06-06 14:29:06,552 [a8cecc1f-3f3f-4377-b117-1e6c466c1e86-groupManagement] INFO  server.RaftServerConfigKeys (ConfUtils.java:logGet(46)) - raft.server.log.appender.buffer.byte-limit = 33554432 (custom)
2023-06-06 14:29:06,552 [a8cecc1f-3f3f-4377-b117-1e6c466c1e86-groupManagement] INFO  segmented.SegmentedRaftLogWorker (SegmentedRaftLogWorker.java:<init>(188)) - new a8cecc1f-3f3f-4377-b117-1e6c466c1e86@group-F221C6391371-SegmentedRaftLogWorker for RaftStorageImpl:Storage Directory /home/runner/work/ozone/ozone/hadoop-ozone/integration-test/target/test-dir/MiniOzoneClusterImpl-311f1a44-6374-447a-8cc6-2b136736f8fc/datanode-1/data/ratis/380ae750-e98a-438b-9701-f221c6391371
2023-06-06 14:29:06,552 [a8cecc1f-3f3f-4377-b117-1e6c466c1e86-groupManagement] INFO  server.RaftServerConfigKeys (ConfUtils.java:logGet(46)) - raft.server.log.queue.byte-limit = 4294967296 (custom)
2023-06-06 14:29:06,553 [a8cecc1f-3f3f-4377-b117-1e6c466c1e86-groupManagement] INFO  server.RaftServerConfigKeys (ConfUtils.java:logGet(46)) - raft.server.log.queue.element-limit = 1024 (custom)
2023-06-06 14:29:06,553 [a8cecc1f-3f3f-4377-b117-1e6c466c1e86-groupManagement] INFO  server.RaftServerConfigKeys (ConfUtils.java:logGet(46)) - raft.server.log.segment.size.max = 1048576 (custom)
2023-06-06 14:29:06,553 [a8cecc1f-3f3f-4377-b117-1e6c466c1e86-groupManagement] INFO  server.RaftServerConfigKeys (ConfUtils.java:logGet(46)) - raft.server.log.preallocated.size = 16384 (custom)
2023-06-06 14:29:06,553 [a8cecc1f-3f3f-4377-b117-1e6c466c1e86-groupManagement] INFO  server.RaftServerConfigKeys (ConfUtils.java:logGet(46)) - raft.server.log.force.sync.num = 128 (default)
2023-06-06 14:29:06,553 [a8cecc1f-3f3f-4377-b117-1e6c466c1e86-groupManagement] INFO  server.RaftServerConfigKeys (ConfUtils.java:logGet(46)) - raft.server.log.statemachine.data.sync = true (default)
2023-06-06 14:29:06,553 [a8cecc1f-3f3f-4377-b117-1e6c466c1e86-groupManagement] INFO  server.RaftServerConfigKeys (ConfUtils.java:logGet(46)) - raft.server.log.statemachine.data.sync.timeout = 10s (default)
2023-06-06 14:29:06,553 [a8cecc1f-3f3f-4377-b117-1e6c466c1e86-groupManagement] INFO  server.RaftServerConfigKeys (ConfUtils.java:logGet(46)) - raft.server.log.statemachine.data.sync.timeout.retry = -1 (default)
2023-06-06 14:29:06,553 [a8cecc1f-3f3f-4377-b117-1e6c466c1e86-groupManagement] INFO  server.RaftServerConfigKeys (ConfUtils.java:logGet(46)) - raft.server.log.write.buffer.size = 1048576 (custom)
2023-06-06 14:29:06,553 [a8cecc1f-3f3f-4377-b117-1e6c466c1e86-groupManagement] INFO  server.RaftServerConfigKeys (ConfUtils.java:logGet(46)) - raft.server.log.appender.buffer.byte-limit = 33554432 (custom)
2023-06-06 14:29:06,613 [a8cecc1f-3f3f-4377-b117-1e6c466c1e86-groupManagement] INFO  server.RaftServerConfigKeys (ConfUtils.java:logGet(46)) - raft.server.log.unsafe-flush.enabled = false (default)
2023-06-06 14:29:06,613 [a8cecc1f-3f3f-4377-b117-1e6c466c1e86-groupManagement] INFO  server.RaftServerConfigKeys (ConfUtils.java:logGet(46)) - raft.server.log.async-flush.enabled = false (default)
2023-06-06 14:29:06,615 [a8cecc1f-3f3f-4377-b117-1e6c466c1e86-groupManagement] INFO  server.RaftServerConfigKeys (ConfUtils.java:logGet(46)) - raft.server.log.statemachine.data.caching.enabled = true (custom)
2023-06-06 14:29:06,616 [a8cecc1f-3f3f-4377-b117-1e6c466c1e86-groupManagement] INFO  segmented.SegmentedRaftLogWorker (SegmentedRaftLogWorker.java:lambda$new$0(135)) - a8cecc1f-3f3f-4377-b117-1e6c466c1e86@group-F221C6391371-SegmentedRaftLogWorker: flushIndex: setUnconditionally 0 -> -1
2023-06-06 14:29:06,616 [a8cecc1f-3f3f-4377-b117-1e6c466c1e86-groupManagement] INFO  segmented.SegmentedRaftLogWorker (SegmentedRaftLogWorker.java:lambda$new$0(135)) - a8cecc1f-3f3f-4377-b117-1e6c466c1e86@group-F221C6391371-SegmentedRaftLogWorker: safeCacheEvictIndex: setUnconditionally 0 -> -1
2023-06-06 14:29:06,616 [a8cecc1f-3f3f-4377-b117-1e6c466c1e86-groupManagement] INFO  server.RaftServer$Division (RaftServerImpl.java:start(342)) - a8cecc1f-3f3f-4377-b117-1e6c466c1e86@group-F221C6391371: start as a follower, conf=-1: peers:[a8cecc1f-3f3f-4377-b117-1e6c466c1e86|rpc:10.1.0.37:15162|admin:10.1.0.37:15161|client:10.1.0.37:15160|dataStream:10.1.0.37:15163|priority:1|startupRole:FOLLOWER, 157c8593-ba62-4444-a330-78d9c87b0794|rpc:10.1.0.37:15171|admin:10.1.0.37:15170|client:10.1.0.37:15169|dataStream:10.1.0.37:15172|priority:0|startupRole:FOLLOWER, 30c53b57-84aa-4907-b898-4ab0d8d18ef9|rpc:10.1.0.37:15153|admin:10.1.0.37:15152|client:10.1.0.37:15151|dataStream:10.1.0.37:15154|priority:0|startupRole:FOLLOWER]|listeners:[], old=null
2023-06-06 14:29:06,616 [a8cecc1f-3f3f-4377-b117-1e6c466c1e86-groupManagement] INFO  server.RaftServer$Division (RaftServerImpl.java:setRole(329)) - a8cecc1f-3f3f-4377-b117-1e6c466c1e86@group-F221C6391371: changes role from      null to FOLLOWER at term 0 for startAsFollower
2023-06-06 14:29:06,616 [a8cecc1f-3f3f-4377-b117-1e6c466c1e86-groupManagement] INFO  impl.RoleInfo (RoleInfo.java:updateAndGet(139)) - a8cecc1f-3f3f-4377-b117-1e6c466c1e86: start a8cecc1f-3f3f-4377-b117-1e6c466c1e86@group-F221C6391371-FollowerState
2023-06-06 14:29:06,618 [a8cecc1f-3f3f-4377-b117-1e6c466c1e86-groupManagement] INFO  util.JmxRegister (JmxRegister.java:tryRegister(44)) - Successfully registered JMX Bean with object name Ratis:service=RaftServer,group=group-F221C6391371,id=a8cecc1f-3f3f-4377-b117-1e6c466c1e86
2023-06-06 14:29:06,618 [a8cecc1f-3f3f-4377-b117-1e6c466c1e86-groupManagement] INFO  server.RaftServerConfigKeys (ConfUtils.java:logGet(46)) - raft.server.snapshot.auto.trigger.enabled = true (custom)
2023-06-06 14:29:06,619 [a8cecc1f-3f3f-4377-b117-1e6c466c1e86-groupManagement] INFO  server.RaftServerConfigKeys (ConfUtils.java:logGet(46)) - raft.server.snapshot.auto.trigger.threshold = 10000 (custom)
2023-06-06 14:29:06,619 [a8cecc1f-3f3f-4377-b117-1e6c466c1e86-groupManagement] INFO  server.RaftServerConfigKeys (ConfUtils.java:logGet(46)) - raft.server.snapshot.retention.file.num = 5 (custom)
2023-06-06 14:29:06,619 [a8cecc1f-3f3f-4377-b117-1e6c466c1e86-groupManagement] INFO  server.RaftServerConfigKeys (ConfUtils.java:logGet(46)) - raft.server.log.purge.upto.snapshot.index = false (default)
2023-06-06 14:29:06,619 [a8cecc1f-3f3f-4377-b117-1e6c466c1e86@group-F221C6391371-FollowerState] INFO  server.RaftServerConfigKeys (ConfUtils.java:logFallback(53)) - raft.server.rpc.first-election.timeout.min = 5s (fallback to raft.server.rpc.timeout.min)
2023-06-06 14:29:06,619 [a8cecc1f-3f3f-4377-b117-1e6c466c1e86@group-F221C6391371-FollowerState] INFO  server.RaftServerConfigKeys (ConfUtils.java:logFallback(53)) - raft.server.rpc.first-election.timeout.max = 5200ms (fallback to raft.server.rpc.timeout.max)
2023-06-06 14:29:06,649 [grpc-default-executor-0] INFO  server.RaftServer (RaftServerProxy.java:addNew(98)) - 157c8593-ba62-4444-a330-78d9c87b0794: addNew group-F221C6391371:[a8cecc1f-3f3f-4377-b117-1e6c466c1e86|rpc:10.1.0.37:15162|admin:10.1.0.37:15161|client:10.1.0.37:15160|dataStream:10.1.0.37:15163|priority:1|startupRole:FOLLOWER, 157c8593-ba62-4444-a330-78d9c87b0794|rpc:10.1.0.37:15171|admin:10.1.0.37:15170|client:10.1.0.37:15169|dataStream:10.1.0.37:15172|priority:0|startupRole:FOLLOWER, 30c53b57-84aa-4907-b898-4ab0d8d18ef9|rpc:10.1.0.37:15153|admin:10.1.0.37:15152|client:10.1.0.37:15151|dataStream:10.1.0.37:15154|priority:0|startupRole:FOLLOWER] returns group-F221C6391371:java.util.concurrent.CompletableFuture@22a5e0e6[Not completed]
2023-06-06 14:29:06,655 [157c8593-ba62-4444-a330-78d9c87b0794-groupManagement] INFO  server.RaftServer$Division (RaftServerImpl.java:<init>(198)) - 157c8593-ba62-4444-a330-78d9c87b0794: new RaftServerImpl for group-F221C6391371:[a8cecc1f-3f3f-4377-b117-1e6c466c1e86|rpc:10.1.0.37:15162|admin:10.1.0.37:15161|client:10.1.0.37:15160|dataStream:10.1.0.37:15163|priority:1|startupRole:FOLLOWER, 157c8593-ba62-4444-a330-78d9c87b0794|rpc:10.1.0.37:15171|admin:10.1.0.37:15170|client:10.1.0.37:15169|dataStream:10.1.0.37:15172|priority:0|startupRole:FOLLOWER, 30c53b57-84aa-4907-b898-4ab0d8d18ef9|rpc:10.1.0.37:15153|admin:10.1.0.37:15152|client:10.1.0.37:15151|dataStream:10.1.0.37:15154|priority:0|startupRole:FOLLOWER] with ContainerStateMachine:uninitialized
2023-06-06 14:29:06,656 [157c8593-ba62-4444-a330-78d9c87b0794-groupManagement] INFO  server.RaftServerConfigKeys (ConfUtils.java:logGet(46)) - raft.server.rpc.timeout.min = 5s (custom)
2023-06-06 14:29:06,656 [157c8593-ba62-4444-a330-78d9c87b0794-groupManagement] INFO  server.RaftServerConfigKeys (ConfUtils.java:logGet(46)) - raft.server.rpc.timeout.max = 5200ms (custom)
2023-06-06 14:29:06,656 [157c8593-ba62-4444-a330-78d9c87b0794-groupManagement] INFO  server.RaftServerConfigKeys (ConfUtils.java:logGet(46)) - raft.server.rpc.sleep.time = 25ms (default)
2023-06-06 14:29:06,656 [157c8593-ba62-4444-a330-78d9c87b0794-groupManagement] INFO  server.RaftServerConfigKeys (ConfUtils.java:logGet(46)) - raft.server.rpc.slowness.timeout = 300s (custom)
2023-06-06 14:29:06,657 [157c8593-ba62-4444-a330-78d9c87b0794-groupManagement] INFO  server.RaftServerConfigKeys (ConfUtils.java:logGet(46)) - raft.server.leaderelection.leader.step-down.wait-time = 10s (default)
2023-06-06 14:29:06,657 [157c8593-ba62-4444-a330-78d9c87b0794-groupManagement] INFO  server.RaftServerConfigKeys (ConfUtils.java:logGet(46)) - raft.server.sleep.deviation.threshold = 300ms (default)
2023-06-06 14:29:06,657 [157c8593-ba62-4444-a330-78d9c87b0794-groupManagement] INFO  server.RaftServer$Division (ServerState.java:<init>(120)) - 157c8593-ba62-4444-a330-78d9c87b0794@group-F221C6391371: ConfigurationManager, init=-1: peers:[a8cecc1f-3f3f-4377-b117-1e6c466c1e86|rpc:10.1.0.37:15162|admin:10.1.0.37:15161|client:10.1.0.37:15160|dataStream:10.1.0.37:15163|priority:1|startupRole:FOLLOWER, 157c8593-ba62-4444-a330-78d9c87b0794|rpc:10.1.0.37:15171|admin:10.1.0.37:15170|client:10.1.0.37:15169|dataStream:10.1.0.37:15172|priority:0|startupRole:FOLLOWER, 30c53b57-84aa-4907-b898-4ab0d8d18ef9|rpc:10.1.0.37:15153|admin:10.1.0.37:15152|client:10.1.0.37:15151|dataStream:10.1.0.37:15154|priority:0|startupRole:FOLLOWER]|listeners:[], old=null, confs=<EMPTY_MAP>
2023-06-06 14:29:06,657 [157c8593-ba62-4444-a330-78d9c87b0794-groupManagement] INFO  server.RaftServerConfigKeys (ConfUtils.java:logGet(46)) - raft.server.storage.dir = [/home/runner/work/ozone/ozone/hadoop-ozone/integration-test/target/test-dir/MiniOzoneClusterImpl-311f1a44-6374-447a-8cc6-2b136736f8fc/datanode-2/data/ratis] (custom)
2023-06-06 14:29:06,657 [157c8593-ba62-4444-a330-78d9c87b0794-groupManagement] INFO  server.RaftServerConfigKeys (ConfUtils.java:logGet(46)) - raft.server.log.corruption.policy = EXCEPTION (default)
2023-06-06 14:29:06,657 [157c8593-ba62-4444-a330-78d9c87b0794-groupManagement] INFO  server.RaftServerConfigKeys (ConfUtils.java:logGet(46)) - raft.server.storage.free-space.min = 0MB (=0) (default)
2023-06-06 14:29:06,657 [157c8593-ba62-4444-a330-78d9c87b0794-groupManagement] INFO  server.RaftServerConfigKeys (ConfUtils.java:logGet(46)) - raft.server.notification.no-leader.timeout = 300s (custom)
2023-06-06 14:29:06,657 [157c8593-ba62-4444-a330-78d9c87b0794-groupManagement] INFO  server.RaftServerConfigKeys (ConfUtils.java:logGet(46)) - raft.server.read.timeout = 10s (default)
2023-06-06 14:29:06,657 [157c8593-ba62-4444-a330-78d9c87b0794-groupManagement] INFO  server.RaftServerConfigKeys (ConfUtils.java:logGet(46)) - raft.server.retrycache.expirytime = 600000ms (custom)
2023-06-06 14:29:06,657 [157c8593-ba62-4444-a330-78d9c87b0794-groupManagement] INFO  server.RaftServerConfigKeys (ConfUtils.java:logGet(46)) - raft.server.retrycache.statistics.expirytime = 100μs (default)
2023-06-06 14:29:06,657 [157c8593-ba62-4444-a330-78d9c87b0794-groupManagement] INFO  server.RaftServerConfigKeys (ConfUtils.java:logGet(46)) - raft.server.read.option = DEFAULT (default)
2023-06-06 14:29:06,659 [157c8593-ba62-4444-a330-78d9c87b0794-groupManagement] INFO  server.RaftServerConfigKeys (ConfUtils.java:logGet(46)) - raft.server.rpc.request.timeout = 60s (custom)
2023-06-06 14:29:06,659 [157c8593-ba62-4444-a330-78d9c87b0794-groupManagement] INFO  server.RaftServerConfigKeys (ConfUtils.java:logGet(46)) - raft.server.log.appender.install.snapshot.enabled = false (custom)
2023-06-06 14:29:06,659 [157c8593-ba62-4444-a330-78d9c87b0794-groupManagement] INFO  server.RaftServerConfigKeys (ConfUtils.java:logGet(46)) - raft.server.threadpool.server.cached = true (default)
2023-06-06 14:29:06,659 [157c8593-ba62-4444-a330-78d9c87b0794-groupManagement] INFO  server.RaftServerConfigKeys (ConfUtils.java:logGet(46)) - raft.server.threadpool.server.size = 0 (default)
2023-06-06 14:29:06,659 [157c8593-ba62-4444-a330-78d9c87b0794-groupManagement] INFO  server.RaftServerConfigKeys (ConfUtils.java:logGet(46)) - raft.server.threadpool.client.cached = true (default)
2023-06-06 14:29:06,659 [157c8593-ba62-4444-a330-78d9c87b0794-groupManagement] INFO  server.RaftServerConfigKeys (ConfUtils.java:logGet(46)) - raft.server.threadpool.client.size = 0 (default)
2023-06-06 14:29:06,659 [157c8593-ba62-4444-a330-78d9c87b0794-groupManagement] INFO  storage.RaftStorageDirectory (RaftStorageDirectoryImpl.java:analyzeStorage(137)) - The storage directory /home/runner/work/ozone/ozone/hadoop-ozone/integration-test/target/test-dir/MiniOzoneClusterImpl-311f1a44-6374-447a-8cc6-2b136736f8fc/datanode-2/data/ratis/380ae750-e98a-438b-9701-f221c6391371 does not exist. Creating ...
2023-06-06 14:29:06,660 [157c8593-ba62-4444-a330-78d9c87b0794-groupManagement] INFO  storage.RaftStorageDirectory (RaftStorageDirectoryImpl.java:tryLock(231)) - Lock on /home/runner/work/ozone/ozone/hadoop-ozone/integration-test/target/test-dir/MiniOzoneClusterImpl-311f1a44-6374-447a-8cc6-2b136736f8fc/datanode-2/data/ratis/380ae750-e98a-438b-9701-f221c6391371/in_use.lock acquired by nodename 75814@fv-az1133-973
2023-06-06 14:29:06,662 [157c8593-ba62-4444-a330-78d9c87b0794-groupManagement] INFO  storage.RaftStorage (RaftStorageImpl.java:format(96)) - Storage directory /home/runner/work/ozone/ozone/hadoop-ozone/integration-test/target/test-dir/MiniOzoneClusterImpl-311f1a44-6374-447a-8cc6-2b136736f8fc/datanode-2/data/ratis/380ae750-e98a-438b-9701-f221c6391371 has been successfully formatted.
2023-06-06 14:29:06,664 [157c8593-ba62-4444-a330-78d9c87b0794-groupManagement] INFO  ratis.ContainerStateMachine (ContainerStateMachine.java:loadSnapshot(262)) - group-F221C6391371: The snapshot info is null. Setting the last applied indexto:(t:0, i:~)
2023-06-06 14:29:06,664 [157c8593-ba62-4444-a330-78d9c87b0794-groupManagement] INFO  server.RaftServerConfigKeys (ConfUtils.java:logGet(46)) - raft.server.log.use.memory = false (default)
2023-06-06 14:29:06,664 [157c8593-ba62-4444-a330-78d9c87b0794-groupManagement] INFO  server.RaftServerConfigKeys (ConfUtils.java:logGet(46)) - raft.server.log.purge.gap = 1000000 (custom)
2023-06-06 14:29:06,664 [157c8593-ba62-4444-a330-78d9c87b0794-groupManagement] INFO  server.RaftServerConfigKeys (ConfUtils.java:logGet(46)) - raft.server.log.appender.buffer.byte-limit = 33554432 (custom)
2023-06-06 14:29:06,664 [157c8593-ba62-4444-a330-78d9c87b0794-groupManagement] INFO  server.RaftServerConfigKeys (ConfUtils.java:logGet(46)) - raft.server.log.statemachine.data.read.timeout = 1000ms (default)
2023-06-06 14:29:06,665 [157c8593-ba62-4444-a330-78d9c87b0794-groupManagement] INFO  server.RaftServerConfigKeys (ConfUtils.java:logGet(46)) - raft.server.log.purge.preservation.log.num = 0 (default)
2023-06-06 14:29:06,665 [157c8593-ba62-4444-a330-78d9c87b0794-groupManagement] INFO  server.RaftServerConfigKeys (ConfUtils.java:logGet(46)) - raft.server.log.segment.size.max = 1048576 (custom)
2023-06-06 14:29:06,666 [157c8593-ba62-4444-a330-78d9c87b0794-groupManagement] INFO  server.RaftServerConfigKeys (ConfUtils.java:logGet(46)) - raft.server.log.segment.cache.num.max = 2 (custom)
2023-06-06 14:29:06,666 [157c8593-ba62-4444-a330-78d9c87b0794-groupManagement] INFO  server.RaftServerConfigKeys (ConfUtils.java:logGet(46)) - raft.server.log.segment.cache.size.max = 200MB (=209715200) (default)
2023-06-06 14:29:06,666 [157c8593-ba62-4444-a330-78d9c87b0794-groupManagement] INFO  server.RaftServerConfigKeys (ConfUtils.java:logGet(46)) - raft.server.log.appender.buffer.byte-limit = 33554432 (custom)
2023-06-06 14:29:06,666 [157c8593-ba62-4444-a330-78d9c87b0794-groupManagement] INFO  segmented.SegmentedRaftLogWorker (SegmentedRaftLogWorker.java:<init>(188)) - new 157c8593-ba62-4444-a330-78d9c87b0794@group-F221C6391371-SegmentedRaftLogWorker for RaftStorageImpl:Storage Directory /home/runner/work/ozone/ozone/hadoop-ozone/integration-test/target/test-dir/MiniOzoneClusterImpl-311f1a44-6374-447a-8cc6-2b136736f8fc/datanode-2/data/ratis/380ae750-e98a-438b-9701-f221c6391371
2023-06-06 14:29:06,666 [157c8593-ba62-4444-a330-78d9c87b0794-groupManagement] INFO  server.RaftServerConfigKeys (ConfUtils.java:logGet(46)) - raft.server.log.queue.byte-limit = 4294967296 (custom)
2023-06-06 14:29:06,666 [157c8593-ba62-4444-a330-78d9c87b0794-groupManagement] INFO  server.RaftServerConfigKeys (ConfUtils.java:logGet(46)) - raft.server.log.queue.element-limit = 1024 (custom)
2023-06-06 14:29:06,666 [157c8593-ba62-4444-a330-78d9c87b0794-groupManagement] INFO  server.RaftServerConfigKeys (ConfUtils.java:logGet(46)) - raft.server.log.segment.size.max = 1048576 (custom)
2023-06-06 14:29:06,666 [157c8593-ba62-4444-a330-78d9c87b0794-groupManagement] INFO  server.RaftServerConfigKeys (ConfUtils.java:logGet(46)) - raft.server.log.preallocated.size = 16384 (custom)
2023-06-06 14:29:06,666 [157c8593-ba62-4444-a330-78d9c87b0794-groupManagement] INFO  server.RaftServerConfigKeys (ConfUtils.java:logGet(46)) - raft.server.log.force.sync.num = 128 (default)
2023-06-06 14:29:06,666 [157c8593-ba62-4444-a330-78d9c87b0794-groupManagement] INFO  server.RaftServerConfigKeys (ConfUtils.java:logGet(46)) - raft.server.log.statemachine.data.sync = true (default)
2023-06-06 14:29:06,666 [157c8593-ba62-4444-a330-78d9c87b0794-groupManagement] INFO  server.RaftServerConfigKeys (ConfUtils.java:logGet(46)) - raft.server.log.statemachine.data.sync.timeout = 10s (default)
2023-06-06 14:29:06,666 [157c8593-ba62-4444-a330-78d9c87b0794-groupManagement] INFO  server.RaftServerConfigKeys (ConfUtils.java:logGet(46)) - raft.server.log.statemachine.data.sync.timeout.retry = -1 (default)
2023-06-06 14:29:06,667 [157c8593-ba62-4444-a330-78d9c87b0794-groupManagement] INFO  server.RaftServerConfigKeys (ConfUtils.java:logGet(46)) - raft.server.log.write.buffer.size = 1048576 (custom)
2023-06-06 14:29:06,667 [157c8593-ba62-4444-a330-78d9c87b0794-groupManagement] INFO  server.RaftServerConfigKeys (ConfUtils.java:logGet(46)) - raft.server.log.appender.buffer.byte-limit = 33554432 (custom)
2023-06-06 14:29:06,675 [157c8593-ba62-4444-a330-78d9c87b0794-groupManagement] INFO  server.RaftServerConfigKeys (ConfUtils.java:logGet(46)) - raft.server.log.unsafe-flush.enabled = false (default)
2023-06-06 14:29:06,675 [157c8593-ba62-4444-a330-78d9c87b0794-groupManagement] INFO  server.RaftServerConfigKeys (ConfUtils.java:logGet(46)) - raft.server.log.async-flush.enabled = false (default)
2023-06-06 14:29:06,675 [157c8593-ba62-4444-a330-78d9c87b0794-groupManagement] INFO  server.RaftServerConfigKeys (ConfUtils.java:logGet(46)) - raft.server.log.statemachine.data.caching.enabled = true (custom)
2023-06-06 14:29:06,675 [157c8593-ba62-4444-a330-78d9c87b0794-groupManagement] INFO  segmented.SegmentedRaftLogWorker (SegmentedRaftLogWorker.java:lambda$new$0(135)) - 157c8593-ba62-4444-a330-78d9c87b0794@group-F221C6391371-SegmentedRaftLogWorker: flushIndex: setUnconditionally 0 -> -1
2023-06-06 14:29:06,675 [157c8593-ba62-4444-a330-78d9c87b0794-groupManagement] INFO  segmented.SegmentedRaftLogWorker (SegmentedRaftLogWorker.java:lambda$new$0(135)) - 157c8593-ba62-4444-a330-78d9c87b0794@group-F221C6391371-SegmentedRaftLogWorker: safeCacheEvictIndex: setUnconditionally 0 -> -1
2023-06-06 14:29:06,676 [157c8593-ba62-4444-a330-78d9c87b0794-groupManagement] INFO  server.RaftServer$Division (RaftServerImpl.java:start(342)) - 157c8593-ba62-4444-a330-78d9c87b0794@group-F221C6391371: start as a follower, conf=-1: peers:[a8cecc1f-3f3f-4377-b117-1e6c466c1e86|rpc:10.1.0.37:15162|admin:10.1.0.37:15161|client:10.1.0.37:15160|dataStream:10.1.0.37:15163|priority:1|startupRole:FOLLOWER, 157c8593-ba62-4444-a330-78d9c87b0794|rpc:10.1.0.37:15171|admin:10.1.0.37:15170|client:10.1.0.37:15169|dataStream:10.1.0.37:15172|priority:0|startupRole:FOLLOWER, 30c53b57-84aa-4907-b898-4ab0d8d18ef9|rpc:10.1.0.37:15153|admin:10.1.0.37:15152|client:10.1.0.37:15151|dataStream:10.1.0.37:15154|priority:0|startupRole:FOLLOWER]|listeners:[], old=null
2023-06-06 14:29:06,676 [157c8593-ba62-4444-a330-78d9c87b0794-groupManagement] INFO  server.RaftServer$Division (RaftServerImpl.java:setRole(329)) - 157c8593-ba62-4444-a330-78d9c87b0794@group-F221C6391371: changes role from      null to FOLLOWER at term 0 for startAsFollower
2023-06-06 14:29:06,676 [157c8593-ba62-4444-a330-78d9c87b0794-groupManagement] INFO  impl.RoleInfo (RoleInfo.java:updateAndGet(139)) - 157c8593-ba62-4444-a330-78d9c87b0794: start 157c8593-ba62-4444-a330-78d9c87b0794@group-F221C6391371-FollowerState
2023-06-06 14:29:06,676 [157c8593-ba62-4444-a330-78d9c87b0794@group-F221C6391371-FollowerState] INFO  server.RaftServerConfigKeys (ConfUtils.java:logFallback(53)) - raft.server.rpc.first-election.timeout.min = 5s (fallback to raft.server.rpc.timeout.min)
2023-06-06 14:29:06,676 [157c8593-ba62-4444-a330-78d9c87b0794-groupManagement] INFO  util.JmxRegister (JmxRegister.java:tryRegister(44)) - Successfully registered JMX Bean with object name Ratis:service=RaftServer,group=group-F221C6391371,id=157c8593-ba62-4444-a330-78d9c87b0794
2023-06-06 14:29:06,676 [157c8593-ba62-4444-a330-78d9c87b0794@group-F221C6391371-FollowerState] INFO  server.RaftServerConfigKeys (ConfUtils.java:logFallback(53)) - raft.server.rpc.first-election.timeout.max = 5200ms (fallback to raft.server.rpc.timeout.max)
2023-06-06 14:29:06,676 [157c8593-ba62-4444-a330-78d9c87b0794-groupManagement] INFO  server.RaftServerConfigKeys (ConfUtils.java:logGet(46)) - raft.server.snapshot.auto.trigger.enabled = true (custom)
2023-06-06 14:29:06,680 [157c8593-ba62-4444-a330-78d9c87b0794-groupManagement] INFO  server.RaftServerConfigKeys (ConfUtils.java:logGet(46)) - raft.server.snapshot.auto.trigger.threshold = 10000 (custom)
2023-06-06 14:29:06,680 [157c8593-ba62-4444-a330-78d9c87b0794-groupManagement] INFO  server.RaftServerConfigKeys (ConfUtils.java:logGet(46)) - raft.server.snapshot.retention.file.num = 5 (custom)
2023-06-06 14:29:06,680 [157c8593-ba62-4444-a330-78d9c87b0794-groupManagement] INFO  server.RaftServerConfigKeys (ConfUtils.java:logGet(46)) - raft.server.log.purge.upto.snapshot.index = false (default)
2023-06-06 14:29:06,689 [PipelineCommandHandlerThread-0] INFO  commandhandler.CreatePipelineCommandHandler (CreatePipelineCommandHandler.java:lambda$handle$2(124)) - Created Pipeline RATIS THREE PipelineID=380ae750-e98a-438b-9701-f221c6391371.
2023-06-06 14:29:06,690 [PipelineCommandHandlerThread-0] INFO  server.RaftServer (RaftServerProxy.java:addNew(98)) - 30c53b57-84aa-4907-b898-4ab0d8d18ef9: addNew group-A04BBE52BB9F:[a8cecc1f-3f3f-4377-b117-1e6c466c1e86|rpc:10.1.0.37:15162|admin:10.1.0.37:15161|client:10.1.0.37:15160|dataStream:10.1.0.37:15163|priority:0|startupRole:FOLLOWER, 157c8593-ba62-4444-a330-78d9c87b0794|rpc:10.1.0.37:15171|admin:10.1.0.37:15170|client:10.1.0.37:15169|dataStream:10.1.0.37:15172|priority:0|startupRole:FOLLOWER, 30c53b57-84aa-4907-b898-4ab0d8d18ef9|rpc:10.1.0.37:15153|admin:10.1.0.37:15152|client:10.1.0.37:15151|dataStream:10.1.0.37:15154|priority:1|startupRole:FOLLOWER] returns group-A04BBE52BB9F:java.util.concurrent.CompletableFuture@ee7fbf3[Not completed]
2023-06-06 14:29:06,690 [30c53b57-84aa-4907-b898-4ab0d8d18ef9-groupManagement] INFO  server.RaftServer$Division (RaftServerImpl.java:<init>(198)) - 30c53b57-84aa-4907-b898-4ab0d8d18ef9: new RaftServerImpl for group-A04BBE52BB9F:[a8cecc1f-3f3f-4377-b117-1e6c466c1e86|rpc:10.1.0.37:15162|admin:10.1.0.37:15161|client:10.1.0.37:15160|dataStream:10.1.0.37:15163|priority:0|startupRole:FOLLOWER, 157c8593-ba62-4444-a330-78d9c87b0794|rpc:10.1.0.37:15171|admin:10.1.0.37:15170|client:10.1.0.37:15169|dataStream:10.1.0.37:15172|priority:0|startupRole:FOLLOWER, 30c53b57-84aa-4907-b898-4ab0d8d18ef9|rpc:10.1.0.37:15153|admin:10.1.0.37:15152|client:10.1.0.37:15151|dataStream:10.1.0.37:15154|priority:1|startupRole:FOLLOWER] with ContainerStateMachine:uninitialized
2023-06-06 14:29:06,691 [30c53b57-84aa-4907-b898-4ab0d8d18ef9-groupManagement] INFO  server.RaftServerConfigKeys (ConfUtils.java:logGet(46)) - raft.server.rpc.timeout.min = 5s (custom)
2023-06-06 14:29:06,691 [30c53b57-84aa-4907-b898-4ab0d8d18ef9-groupManagement] INFO  server.RaftServerConfigKeys (ConfUtils.java:logGet(46)) - raft.server.rpc.timeout.max = 5200ms (custom)
2023-06-06 14:29:06,691 [30c53b57-84aa-4907-b898-4ab0d8d18ef9-groupManagement] INFO  server.RaftServerConfigKeys (ConfUtils.java:logGet(46)) - raft.server.rpc.sleep.time = 25ms (default)
2023-06-06 14:29:06,691 [30c53b57-84aa-4907-b898-4ab0d8d18ef9-groupManagement] INFO  server.RaftServerConfigKeys (ConfUtils.java:logGet(46)) - raft.server.rpc.slowness.timeout = 300s (custom)
2023-06-06 14:29:06,691 [30c53b57-84aa-4907-b898-4ab0d8d18ef9-groupManagement] INFO  server.RaftServerConfigKeys (ConfUtils.java:logGet(46)) - raft.server.leaderelection.leader.step-down.wait-time = 10s (default)
2023-06-06 14:29:06,691 [30c53b57-84aa-4907-b898-4ab0d8d18ef9-groupManagement] INFO  server.RaftServerConfigKeys (ConfUtils.java:logGet(46)) - raft.server.sleep.deviation.threshold = 300ms (default)
2023-06-06 14:29:06,691 [30c53b57-84aa-4907-b898-4ab0d8d18ef9-groupManagement] INFO  server.RaftServer$Division (ServerState.java:<init>(120)) - 30c53b57-84aa-4907-b898-4ab0d8d18ef9@group-A04BBE52BB9F: ConfigurationManager, init=-1: peers:[a8cecc1f-3f3f-4377-b117-1e6c466c1e86|rpc:10.1.0.37:15162|admin:10.1.0.37:15161|client:10.1.0.37:15160|dataStream:10.1.0.37:15163|priority:0|startupRole:FOLLOWER, 157c8593-ba62-4444-a330-78d9c87b0794|rpc:10.1.0.37:15171|admin:10.1.0.37:15170|client:10.1.0.37:15169|dataStream:10.1.0.37:15172|priority:0|startupRole:FOLLOWER, 30c53b57-84aa-4907-b898-4ab0d8d18ef9|rpc:10.1.0.37:15153|admin:10.1.0.37:15152|client:10.1.0.37:15151|dataStream:10.1.0.37:15154|priority:1|startupRole:FOLLOWER]|listeners:[], old=null, confs=<EMPTY_MAP>
2023-06-06 14:29:06,691 [30c53b57-84aa-4907-b898-4ab0d8d18ef9-groupManagement] INFO  server.RaftServerConfigKeys (ConfUtils.java:logGet(46)) - raft.server.storage.dir = [/home/runner/work/ozone/ozone/hadoop-ozone/integration-test/target/test-dir/MiniOzoneClusterImpl-311f1a44-6374-447a-8cc6-2b136736f8fc/datanode-0/data/ratis] (custom)
2023-06-06 14:29:06,691 [30c53b57-84aa-4907-b898-4ab0d8d18ef9-groupManagement] INFO  server.RaftServerConfigKeys (ConfUtils.java:logGet(46)) - raft.server.log.corruption.policy = EXCEPTION (default)
2023-06-06 14:29:06,691 [30c53b57-84aa-4907-b898-4ab0d8d18ef9-groupManagement] INFO  server.RaftServerConfigKeys (ConfUtils.java:logGet(46)) - raft.server.storage.free-space.min = 0MB (=0) (default)
2023-06-06 14:29:06,691 [30c53b57-84aa-4907-b898-4ab0d8d18ef9-groupManagement] INFO  server.RaftServerConfigKeys (ConfUtils.java:logGet(46)) - raft.server.notification.no-leader.timeout = 300s (custom)
2023-06-06 14:29:06,691 [30c53b57-84aa-4907-b898-4ab0d8d18ef9-groupManagement] INFO  server.RaftServerConfigKeys (ConfUtils.java:logGet(46)) - raft.server.read.timeout = 10s (default)
2023-06-06 14:29:06,691 [30c53b57-84aa-4907-b898-4ab0d8d18ef9-groupManagement] INFO  server.RaftServerConfigKeys (ConfUtils.java:logGet(46)) - raft.server.retrycache.expirytime = 600000ms (custom)
2023-06-06 14:29:06,691 [30c53b57-84aa-4907-b898-4ab0d8d18ef9-groupManagement] INFO  server.RaftServerConfigKeys (ConfUtils.java:logGet(46)) - raft.server.retrycache.statistics.expirytime = 100μs (default)
2023-06-06 14:29:06,691 [30c53b57-84aa-4907-b898-4ab0d8d18ef9-groupManagement] INFO  server.RaftServerConfigKeys (ConfUtils.java:logGet(46)) - raft.server.read.option = DEFAULT (default)
2023-06-06 14:29:06,692 [30c53b57-84aa-4907-b898-4ab0d8d18ef9-groupManagement] INFO  server.RaftServerConfigKeys (ConfUtils.java:logGet(46)) - raft.server.rpc.request.timeout = 60s (custom)
2023-06-06 14:29:06,692 [30c53b57-84aa-4907-b898-4ab0d8d18ef9-groupManagement] INFO  server.RaftServerConfigKeys (ConfUtils.java:logGet(46)) - raft.server.log.appender.install.snapshot.enabled = false (custom)
2023-06-06 14:29:06,692 [30c53b57-84aa-4907-b898-4ab0d8d18ef9-groupManagement] INFO  server.RaftServerConfigKeys (ConfUtils.java:logGet(46)) - raft.server.threadpool.server.cached = true (default)
2023-06-06 14:29:06,692 [30c53b57-84aa-4907-b898-4ab0d8d18ef9-groupManagement] INFO  server.RaftServerConfigKeys (ConfUtils.java:logGet(46)) - raft.server.threadpool.server.size = 0 (default)
2023-06-06 14:29:06,692 [30c53b57-84aa-4907-b898-4ab0d8d18ef9-groupManagement] INFO  server.RaftServerConfigKeys (ConfUtils.java:logGet(46)) - raft.server.threadpool.client.cached = true (default)
2023-06-06 14:29:06,692 [30c53b57-84aa-4907-b898-4ab0d8d18ef9-groupManagement] INFO  server.RaftServerConfigKeys (ConfUtils.java:logGet(46)) - raft.server.threadpool.client.size = 0 (default)
2023-06-06 14:29:06,692 [30c53b57-84aa-4907-b898-4ab0d8d18ef9-groupManagement] INFO  storage.RaftStorageDirectory (RaftStorageDirectoryImpl.java:analyzeStorage(137)) - The storage directory /home/runner/work/ozone/ozone/hadoop-ozone/integration-test/target/test-dir/MiniOzoneClusterImpl-311f1a44-6374-447a-8cc6-2b136736f8fc/datanode-0/data/ratis/2b7afc1d-0e1d-46af-adb7-a04bbe52bb9f does not exist. Creating ...
2023-06-06 14:29:06,694 [30c53b57-84aa-4907-b898-4ab0d8d18ef9-groupManagement] INFO  storage.RaftStorageDirectory (RaftStorageDirectoryImpl.java:tryLock(231)) - Lock on /home/runner/work/ozone/ozone/hadoop-ozone/integration-test/target/test-dir/MiniOzoneClusterImpl-311f1a44-6374-447a-8cc6-2b136736f8fc/datanode-0/data/ratis/2b7afc1d-0e1d-46af-adb7-a04bbe52bb9f/in_use.lock acquired by nodename 75814@fv-az1133-973
2023-06-06 14:29:06,696 [30c53b57-84aa-4907-b898-4ab0d8d18ef9-groupManagement] INFO  storage.RaftStorage (RaftStorageImpl.java:format(96)) - Storage directory /home/runner/work/ozone/ozone/hadoop-ozone/integration-test/target/test-dir/MiniOzoneClusterImpl-311f1a44-6374-447a-8cc6-2b136736f8fc/datanode-0/data/ratis/2b7afc1d-0e1d-46af-adb7-a04bbe52bb9f has been successfully formatted.
2023-06-06 14:29:06,696 [30c53b57-84aa-4907-b898-4ab0d8d18ef9-groupManagement] INFO  ratis.ContainerStateMachine (ContainerStateMachine.java:loadSnapshot(262)) - group-A04BBE52BB9F: The snapshot info is null. Setting the last applied indexto:(t:0, i:~)
2023-06-06 14:29:06,696 [30c53b57-84aa-4907-b898-4ab0d8d18ef9-groupManagement] INFO  server.RaftServerConfigKeys (ConfUtils.java:logGet(46)) - raft.server.log.use.memory = false (default)
2023-06-06 14:29:06,696 [30c53b57-84aa-4907-b898-4ab0d8d18ef9-groupManagement] INFO  server.RaftServerConfigKeys (ConfUtils.java:logGet(46)) - raft.server.log.purge.gap = 1000000 (custom)
2023-06-06 14:29:06,697 [30c53b57-84aa-4907-b898-4ab0d8d18ef9-groupManagement] INFO  server.RaftServerConfigKeys (ConfUtils.java:logGet(46)) - raft.server.log.appender.buffer.byte-limit = 33554432 (custom)
2023-06-06 14:29:06,697 [30c53b57-84aa-4907-b898-4ab0d8d18ef9-groupManagement] INFO  server.RaftServerConfigKeys (ConfUtils.java:logGet(46)) - raft.server.log.statemachine.data.read.timeout = 1000ms (default)
2023-06-06 14:29:06,697 [30c53b57-84aa-4907-b898-4ab0d8d18ef9-groupManagement] INFO  server.RaftServerConfigKeys (ConfUtils.java:logGet(46)) - raft.server.log.purge.preservation.log.num = 0 (default)
2023-06-06 14:29:06,697 [30c53b57-84aa-4907-b898-4ab0d8d18ef9-groupManagement] INFO  server.RaftServerConfigKeys (ConfUtils.java:logGet(46)) - raft.server.log.segment.size.max = 1048576 (custom)
2023-06-06 14:29:06,697 [30c53b57-84aa-4907-b898-4ab0d8d18ef9-groupManagement] INFO  server.RaftServerConfigKeys (ConfUtils.java:logGet(46)) - raft.server.log.segment.cache.num.max = 2 (custom)
2023-06-06 14:29:06,697 [30c53b57-84aa-4907-b898-4ab0d8d18ef9-groupManagement] INFO  server.RaftServerConfigKeys (ConfUtils.java:logGet(46)) - raft.server.log.segment.cache.size.max = 200MB (=209715200) (default)
2023-06-06 14:29:06,697 [30c53b57-84aa-4907-b898-4ab0d8d18ef9-groupManagement] INFO  server.RaftServerConfigKeys (ConfUtils.java:logGet(46)) - raft.server.log.appender.buffer.byte-limit = 33554432 (custom)
2023-06-06 14:29:06,698 [EventQueue-OpenPipelineForHealthyPipelineSafeModeRule] INFO  safemode.SCMSafeModeManager (HealthyPipelineSafeModeRule.java:process(137)) - SCM in safe mode. Healthy pipelines reported count is 0, required healthy pipeline reported count is 1
2023-06-06 14:29:06,699 [30c53b57-84aa-4907-b898-4ab0d8d18ef9-groupManagement] INFO  segmented.SegmentedRaftLogWorker (SegmentedRaftLogWorker.java:<init>(188)) - new 30c53b57-84aa-4907-b898-4ab0d8d18ef9@group-A04BBE52BB9F-SegmentedRaftLogWorker for RaftStorageImpl:Storage Directory /home/runner/work/ozone/ozone/hadoop-ozone/integration-test/target/test-dir/MiniOzoneClusterImpl-311f1a44-6374-447a-8cc6-2b136736f8fc/datanode-0/data/ratis/2b7afc1d-0e1d-46af-adb7-a04bbe52bb9f
2023-06-06 14:29:06,700 [30c53b57-84aa-4907-b898-4ab0d8d18ef9-groupManagement] INFO  server.RaftServerConfigKeys (ConfUtils.java:logGet(46)) - raft.server.log.queue.byte-limit = 4294967296 (custom)
2023-06-06 14:29:06,700 [30c53b57-84aa-4907-b898-4ab0d8d18ef9-groupManagement] INFO  server.RaftServerConfigKeys (ConfUtils.java:logGet(46)) - raft.server.log.queue.element-limit = 1024 (custom)
2023-06-06 14:29:06,700 [30c53b57-84aa-4907-b898-4ab0d8d18ef9-groupManagement] INFO  server.RaftServerConfigKeys (ConfUtils.java:logGet(46)) - raft.server.log.segment.size.max = 1048576 (custom)
2023-06-06 14:29:06,700 [30c53b57-84aa-4907-b898-4ab0d8d18ef9-groupManagement] INFO  server.RaftServerConfigKeys (ConfUtils.java:logGet(46)) - raft.server.log.preallocated.size = 16384 (custom)
2023-06-06 14:29:06,700 [30c53b57-84aa-4907-b898-4ab0d8d18ef9-groupManagement] INFO  server.RaftServerConfigKeys (ConfUtils.java:logGet(46)) - raft.server.log.force.sync.num = 128 (default)
2023-06-06 14:29:06,700 [30c53b57-84aa-4907-b898-4ab0d8d18ef9-groupManagement] INFO  server.RaftServerConfigKeys (ConfUtils.java:logGet(46)) - raft.server.log.statemachine.data.sync = true (default)
2023-06-06 14:29:06,700 [30c53b57-84aa-4907-b898-4ab0d8d18ef9-groupManagement] INFO  server.RaftServerConfigKeys (ConfUtils.java:logGet(46)) - raft.server.log.statemachine.data.sync.timeout = 10s (default)
2023-06-06 14:29:06,700 [30c53b57-84aa-4907-b898-4ab0d8d18ef9-groupManagement] INFO  server.RaftServerConfigKeys (ConfUtils.java:logGet(46)) - raft.server.log.statemachine.data.sync.timeout.retry = -1 (default)
2023-06-06 14:29:06,700 [30c53b57-84aa-4907-b898-4ab0d8d18ef9-groupManagement] INFO  server.RaftServerConfigKeys (ConfUtils.java:logGet(46)) - raft.server.log.write.buffer.size = 1048576 (custom)
2023-06-06 14:29:06,701 [30c53b57-84aa-4907-b898-4ab0d8d18ef9-groupManagement] INFO  server.RaftServerConfigKeys (ConfUtils.java:logGet(46)) - raft.server.log.appender.buffer.byte-limit = 33554432 (custom)
2023-06-06 14:29:06,706 [30c53b57-84aa-4907-b898-4ab0d8d18ef9-groupManagement] INFO  server.RaftServerConfigKeys (ConfUtils.java:logGet(46)) - raft.server.log.unsafe-flush.enabled = false (default)
2023-06-06 14:29:06,706 [30c53b57-84aa-4907-b898-4ab0d8d18ef9-groupManagement] INFO  server.RaftServerConfigKeys (ConfUtils.java:logGet(46)) - raft.server.log.async-flush.enabled = false (default)
2023-06-06 14:29:06,706 [30c53b57-84aa-4907-b898-4ab0d8d18ef9-groupManagement] INFO  server.RaftServerConfigKeys (ConfUtils.java:logGet(46)) - raft.server.log.statemachine.data.caching.enabled = true (custom)
2023-06-06 14:29:06,706 [30c53b57-84aa-4907-b898-4ab0d8d18ef9-groupManagement] INFO  segmented.SegmentedRaftLogWorker (SegmentedRaftLogWorker.java:lambda$new$0(135)) - 30c53b57-84aa-4907-b898-4ab0d8d18ef9@group-A04BBE52BB9F-SegmentedRaftLogWorker: flushIndex: setUnconditionally 0 -> -1
2023-06-06 14:29:06,706 [30c53b57-84aa-4907-b898-4ab0d8d18ef9-groupManagement] INFO  segmented.SegmentedRaftLogWorker (SegmentedRaftLogWorker.java:lambda$new$0(135)) - 30c53b57-84aa-4907-b898-4ab0d8d18ef9@group-A04BBE52BB9F-SegmentedRaftLogWorker: safeCacheEvictIndex: setUnconditionally 0 -> -1
2023-06-06 14:29:06,709 [30c53b57-84aa-4907-b898-4ab0d8d18ef9-groupManagement] INFO  server.RaftServer$Division (RaftServerImpl.java:start(342)) - 30c53b57-84aa-4907-b898-4ab0d8d18ef9@group-A04BBE52BB9F: start as a follower, conf=-1: peers:[a8cecc1f-3f3f-4377-b117-1e6c466c1e86|rpc:10.1.0.37:15162|admin:10.1.0.37:15161|client:10.1.0.37:15160|dataStream:10.1.0.37:15163|priority:0|startupRole:FOLLOWER, 157c8593-ba62-4444-a330-78d9c87b0794|rpc:10.1.0.37:15171|admin:10.1.0.37:15170|client:10.1.0.37:15169|dataStream:10.1.0.37:15172|priority:0|startupRole:FOLLOWER, 30c53b57-84aa-4907-b898-4ab0d8d18ef9|rpc:10.1.0.37:15153|admin:10.1.0.37:15152|client:10.1.0.37:15151|dataStream:10.1.0.37:15154|priority:1|startupRole:FOLLOWER]|listeners:[], old=null
2023-06-06 14:29:06,709 [30c53b57-84aa-4907-b898-4ab0d8d18ef9-groupManagement] INFO  server.RaftServer$Division (RaftServerImpl.java:setRole(329)) - 30c53b57-84aa-4907-b898-4ab0d8d18ef9@group-A04BBE52BB9F: changes role from      null to FOLLOWER at term 0 for startAsFollower
2023-06-06 14:29:06,709 [30c53b57-84aa-4907-b898-4ab0d8d18ef9-groupManagement] INFO  impl.RoleInfo (RoleInfo.java:updateAndGet(139)) - 30c53b57-84aa-4907-b898-4ab0d8d18ef9: start 30c53b57-84aa-4907-b898-4ab0d8d18ef9@group-A04BBE52BB9F-FollowerState
2023-06-06 14:29:06,709 [30c53b57-84aa-4907-b898-4ab0d8d18ef9-groupManagement] INFO  util.JmxRegister (JmxRegister.java:tryRegister(44)) - Successfully registered JMX Bean with object name Ratis:service=RaftServer,group=group-A04BBE52BB9F,id=30c53b57-84aa-4907-b898-4ab0d8d18ef9
2023-06-06 14:29:06,710 [30c53b57-84aa-4907-b898-4ab0d8d18ef9-groupManagement] INFO  server.RaftServerConfigKeys (ConfUtils.java:logGet(46)) - raft.server.snapshot.auto.trigger.enabled = true (custom)
2023-06-06 14:29:06,710 [30c53b57-84aa-4907-b898-4ab0d8d18ef9-groupManagement] INFO  server.RaftServerConfigKeys (ConfUtils.java:logGet(46)) - raft.server.snapshot.auto.trigger.threshold = 10000 (custom)
2023-06-06 14:29:06,710 [30c53b57-84aa-4907-b898-4ab0d8d18ef9-groupManagement] INFO  server.RaftServerConfigKeys (ConfUtils.java:logGet(46)) - raft.server.snapshot.retention.file.num = 5 (custom)
2023-06-06 14:29:06,710 [30c53b57-84aa-4907-b898-4ab0d8d18ef9-groupManagement] INFO  server.RaftServerConfigKeys (ConfUtils.java:logGet(46)) - raft.server.log.purge.upto.snapshot.index = false (default)
2023-06-06 14:29:06,710 [30c53b57-84aa-4907-b898-4ab0d8d18ef9@group-A04BBE52BB9F-FollowerState] INFO  server.RaftServerConfigKeys (ConfUtils.java:logFallback(53)) - raft.server.rpc.first-election.timeout.min = 5s (fallback to raft.server.rpc.timeout.min)
2023-06-06 14:29:06,710 [30c53b57-84aa-4907-b898-4ab0d8d18ef9@group-A04BBE52BB9F-FollowerState] INFO  server.RaftServerConfigKeys (ConfUtils.java:logFallback(53)) - raft.server.rpc.first-election.timeout.max = 5200ms (fallback to raft.server.rpc.timeout.max)
2023-06-06 14:29:06,710 [PipelineCommandHandlerThread-0] INFO  ratis.XceiverServerRatis (XceiverServerRatis.java:addGroup(804)) - Created group PipelineID=2b7afc1d-0e1d-46af-adb7-a04bbe52bb9f
2023-06-06 14:29:06,719 [grpc-default-executor-0] INFO  server.RaftServer (RaftServerProxy.java:addNew(98)) - a8cecc1f-3f3f-4377-b117-1e6c466c1e86: addNew group-A04BBE52BB9F:[a8cecc1f-3f3f-4377-b117-1e6c466c1e86|rpc:10.1.0.37:15162|admin:10.1.0.37:15161|client:10.1.0.37:15160|dataStream:10.1.0.37:15163|priority:0|startupRole:FOLLOWER, 157c8593-ba62-4444-a330-78d9c87b0794|rpc:10.1.0.37:15171|admin:10.1.0.37:15170|client:10.1.0.37:15169|dataStream:10.1.0.37:15172|priority:0|startupRole:FOLLOWER, 30c53b57-84aa-4907-b898-4ab0d8d18ef9|rpc:10.1.0.37:15153|admin:10.1.0.37:15152|client:10.1.0.37:15151|dataStream:10.1.0.37:15154|priority:1|startupRole:FOLLOWER] returns group-A04BBE52BB9F:java.util.concurrent.CompletableFuture@4924d36d[Not completed]
2023-06-06 14:29:06,720 [a8cecc1f-3f3f-4377-b117-1e6c466c1e86-groupManagement] INFO  server.RaftServer$Division (RaftServerImpl.java:<init>(198)) - a8cecc1f-3f3f-4377-b117-1e6c466c1e86: new RaftServerImpl for group-A04BBE52BB9F:[a8cecc1f-3f3f-4377-b117-1e6c466c1e86|rpc:10.1.0.37:15162|admin:10.1.0.37:15161|client:10.1.0.37:15160|dataStream:10.1.0.37:15163|priority:0|startupRole:FOLLOWER, 157c8593-ba62-4444-a330-78d9c87b0794|rpc:10.1.0.37:15171|admin:10.1.0.37:15170|client:10.1.0.37:15169|dataStream:10.1.0.37:15172|priority:0|startupRole:FOLLOWER, 30c53b57-84aa-4907-b898-4ab0d8d18ef9|rpc:10.1.0.37:15153|admin:10.1.0.37:15152|client:10.1.0.37:15151|dataStream:10.1.0.37:15154|priority:1|startupRole:FOLLOWER] with ContainerStateMachine:uninitialized
2023-06-06 14:29:06,720 [a8cecc1f-3f3f-4377-b117-1e6c466c1e86-groupManagement] INFO  server.RaftServerConfigKeys (ConfUtils.java:logGet(46)) - raft.server.rpc.timeout.min = 5s (custom)
2023-06-06 14:29:06,720 [a8cecc1f-3f3f-4377-b117-1e6c466c1e86-groupManagement] INFO  server.RaftServerConfigKeys (ConfUtils.java:logGet(46)) - raft.server.rpc.timeout.max = 5200ms (custom)
2023-06-06 14:29:06,720 [a8cecc1f-3f3f-4377-b117-1e6c466c1e86-groupManagement] INFO  server.RaftServerConfigKeys (ConfUtils.java:logGet(46)) - raft.server.rpc.sleep.time = 25ms (default)
2023-06-06 14:29:06,720 [a8cecc1f-3f3f-4377-b117-1e6c466c1e86-groupManagement] INFO  server.RaftServerConfigKeys (ConfUtils.java:logGet(46)) - raft.server.rpc.slowness.timeout = 300s (custom)
2023-06-06 14:29:06,721 [a8cecc1f-3f3f-4377-b117-1e6c466c1e86-groupManagement] INFO  server.RaftServerConfigKeys (ConfUtils.java:logGet(46)) - raft.server.leaderelection.leader.step-down.wait-time = 10s (default)
2023-06-06 14:29:06,721 [a8cecc1f-3f3f-4377-b117-1e6c466c1e86-groupManagement] INFO  server.RaftServerConfigKeys (ConfUtils.java:logGet(46)) - raft.server.sleep.deviation.threshold = 300ms (default)
2023-06-06 14:29:06,721 [a8cecc1f-3f3f-4377-b117-1e6c466c1e86-groupManagement] INFO  server.RaftServer$Division (ServerState.java:<init>(120)) - a8cecc1f-3f3f-4377-b117-1e6c466c1e86@group-A04BBE52BB9F: ConfigurationManager, init=-1: peers:[a8cecc1f-3f3f-4377-b117-1e6c466c1e86|rpc:10.1.0.37:15162|admin:10.1.0.37:15161|client:10.1.0.37:15160|dataStream:10.1.0.37:15163|priority:0|startupRole:FOLLOWER, 157c8593-ba62-4444-a330-78d9c87b0794|rpc:10.1.0.37:15171|admin:10.1.0.37:15170|client:10.1.0.37:15169|dataStream:10.1.0.37:15172|priority:0|startupRole:FOLLOWER, 30c53b57-84aa-4907-b898-4ab0d8d18ef9|rpc:10.1.0.37:15153|admin:10.1.0.37:15152|client:10.1.0.37:15151|dataStream:10.1.0.37:15154|priority:1|startupRole:FOLLOWER]|listeners:[], old=null, confs=<EMPTY_MAP>
2023-06-06 14:29:06,721 [a8cecc1f-3f3f-4377-b117-1e6c466c1e86-groupManagement] INFO  server.RaftServerConfigKeys (ConfUtils.java:logGet(46)) - raft.server.storage.dir = [/home/runner/work/ozone/ozone/hadoop-ozone/integration-test/target/test-dir/MiniOzoneClusterImpl-311f1a44-6374-447a-8cc6-2b136736f8fc/datanode-1/data/ratis] (custom)
2023-06-06 14:29:06,721 [a8cecc1f-3f3f-4377-b117-1e6c466c1e86-groupManagement] INFO  server.RaftServerConfigKeys (ConfUtils.java:logGet(46)) - raft.server.log.corruption.policy = EXCEPTION (default)
2023-06-06 14:29:06,721 [a8cecc1f-3f3f-4377-b117-1e6c466c1e86-groupManagement] INFO  server.RaftServerConfigKeys (ConfUtils.java:logGet(46)) - raft.server.storage.free-space.min = 0MB (=0) (default)
2023-06-06 14:29:06,721 [a8cecc1f-3f3f-4377-b117-1e6c466c1e86-groupManagement] INFO  server.RaftServerConfigKeys (ConfUtils.java:logGet(46)) - raft.server.notification.no-leader.timeout = 300s (custom)
2023-06-06 14:29:06,721 [a8cecc1f-3f3f-4377-b117-1e6c466c1e86-groupManagement] INFO  server.RaftServerConfigKeys (ConfUtils.java:logGet(46)) - raft.server.read.timeout = 10s (default)
2023-06-06 14:29:06,721 [a8cecc1f-3f3f-4377-b117-1e6c466c1e86-groupManagement] INFO  server.RaftServerConfigKeys (ConfUtils.java:logGet(46)) - raft.server.retrycache.expirytime = 600000ms (custom)
2023-06-06 14:29:06,721 [a8cecc1f-3f3f-4377-b117-1e6c466c1e86-groupManagement] INFO  server.RaftServerConfigKeys (ConfUtils.java:logGet(46)) - raft.server.retrycache.statistics.expirytime = 100μs (default)
2023-06-06 14:29:06,721 [a8cecc1f-3f3f-4377-b117-1e6c466c1e86-groupManagement] INFO  server.RaftServerConfigKeys (ConfUtils.java:logGet(46)) - raft.server.read.option = DEFAULT (default)
2023-06-06 14:29:06,722 [a8cecc1f-3f3f-4377-b117-1e6c466c1e86-groupManagement] INFO  server.RaftServerConfigKeys (ConfUtils.java:logGet(46)) - raft.server.rpc.request.timeout = 60s (custom)
2023-06-06 14:29:06,722 [a8cecc1f-3f3f-4377-b117-1e6c466c1e86-groupManagement] INFO  server.RaftServerConfigKeys (ConfUtils.java:logGet(46)) - raft.server.log.appender.install.snapshot.enabled = false (custom)
2023-06-06 14:29:06,722 [a8cecc1f-3f3f-4377-b117-1e6c466c1e86-groupManagement] INFO  server.RaftServerConfigKeys (ConfUtils.java:logGet(46)) - raft.server.threadpool.server.cached = true (default)
2023-06-06 14:29:06,722 [a8cecc1f-3f3f-4377-b117-1e6c466c1e86-groupManagement] INFO  server.RaftServerConfigKeys (ConfUtils.java:logGet(46)) - raft.server.threadpool.server.size = 0 (default)
2023-06-06 14:29:06,722 [a8cecc1f-3f3f-4377-b117-1e6c466c1e86-groupManagement] INFO  server.RaftServerConfigKeys (ConfUtils.java:logGet(46)) - raft.server.threadpool.client.cached = true (default)
2023-06-06 14:29:06,722 [a8cecc1f-3f3f-4377-b117-1e6c466c1e86-groupManagement] INFO  server.RaftServerConfigKeys (ConfUtils.java:logGet(46)) - raft.server.threadpool.client.size = 0 (default)
2023-06-06 14:29:06,722 [a8cecc1f-3f3f-4377-b117-1e6c466c1e86-groupManagement] INFO  storage.RaftStorageDirectory (RaftStorageDirectoryImpl.java:analyzeStorage(137)) - The storage directory /home/runner/work/ozone/ozone/hadoop-ozone/integration-test/target/test-dir/MiniOzoneClusterImpl-311f1a44-6374-447a-8cc6-2b136736f8fc/datanode-1/data/ratis/2b7afc1d-0e1d-46af-adb7-a04bbe52bb9f does not exist. Creating ...
2023-06-06 14:29:06,723 [a8cecc1f-3f3f-4377-b117-1e6c466c1e86-groupManagement] INFO  storage.RaftStorageDirectory (RaftStorageDirectoryImpl.java:tryLock(231)) - Lock on /home/runner/work/ozone/ozone/hadoop-ozone/integration-test/target/test-dir/MiniOzoneClusterImpl-311f1a44-6374-447a-8cc6-2b136736f8fc/datanode-1/data/ratis/2b7afc1d-0e1d-46af-adb7-a04bbe52bb9f/in_use.lock acquired by nodename 75814@fv-az1133-973
2023-06-06 14:29:06,724 [a8cecc1f-3f3f-4377-b117-1e6c466c1e86-groupManagement] INFO  storage.RaftStorage (RaftStorageImpl.java:format(96)) - Storage directory /home/runner/work/ozone/ozone/hadoop-ozone/integration-test/target/test-dir/MiniOzoneClusterImpl-311f1a44-6374-447a-8cc6-2b136736f8fc/datanode-1/data/ratis/2b7afc1d-0e1d-46af-adb7-a04bbe52bb9f has been successfully formatted.
2023-06-06 14:29:06,725 [a8cecc1f-3f3f-4377-b117-1e6c466c1e86-groupManagement] INFO  ratis.ContainerStateMachine (ContainerStateMachine.java:loadSnapshot(262)) - group-A04BBE52BB9F: The snapshot info is null. Setting the last applied indexto:(t:0, i:~)
2023-06-06 14:29:06,725 [a8cecc1f-3f3f-4377-b117-1e6c466c1e86-groupManagement] INFO  server.RaftServerConfigKeys (ConfUtils.java:logGet(46)) - raft.server.log.use.memory = false (default)
2023-06-06 14:29:06,725 [a8cecc1f-3f3f-4377-b117-1e6c466c1e86-groupManagement] INFO  server.RaftServerConfigKeys (ConfUtils.java:logGet(46)) - raft.server.log.purge.gap = 1000000 (custom)
2023-06-06 14:29:06,725 [a8cecc1f-3f3f-4377-b117-1e6c466c1e86-groupManagement] INFO  server.RaftServerConfigKeys (ConfUtils.java:logGet(46)) - raft.server.log.appender.buffer.byte-limit = 33554432 (custom)
2023-06-06 14:29:06,725 [a8cecc1f-3f3f-4377-b117-1e6c466c1e86-groupManagement] INFO  server.RaftServerConfigKeys (ConfUtils.java:logGet(46)) - raft.server.log.statemachine.data.read.timeout = 1000ms (default)
2023-06-06 14:29:06,725 [a8cecc1f-3f3f-4377-b117-1e6c466c1e86-groupManagement] INFO  server.RaftServerConfigKeys (ConfUtils.java:logGet(46)) - raft.server.log.purge.preservation.log.num = 0 (default)
2023-06-06 14:29:06,725 [a8cecc1f-3f3f-4377-b117-1e6c466c1e86-groupManagement] INFO  server.RaftServerConfigKeys (ConfUtils.java:logGet(46)) - raft.server.log.segment.size.max = 1048576 (custom)
2023-06-06 14:29:06,726 [a8cecc1f-3f3f-4377-b117-1e6c466c1e86-groupManagement] INFO  server.RaftServerConfigKeys (ConfUtils.java:logGet(46)) - raft.server.log.segment.cache.num.max = 2 (custom)
2023-06-06 14:29:06,726 [a8cecc1f-3f3f-4377-b117-1e6c466c1e86-groupManagement] INFO  server.RaftServerConfigKeys (ConfUtils.java:logGet(46)) - raft.server.log.segment.cache.size.max = 200MB (=209715200) (default)
2023-06-06 14:29:06,726 [a8cecc1f-3f3f-4377-b117-1e6c466c1e86-groupManagement] INFO  server.RaftServerConfigKeys (ConfUtils.java:logGet(46)) - raft.server.log.appender.buffer.byte-limit = 33554432 (custom)
2023-06-06 14:29:06,726 [a8cecc1f-3f3f-4377-b117-1e6c466c1e86-groupManagement] INFO  segmented.SegmentedRaftLogWorker (SegmentedRaftLogWorker.java:<init>(188)) - new a8cecc1f-3f3f-4377-b117-1e6c466c1e86@group-A04BBE52BB9F-SegmentedRaftLogWorker for RaftStorageImpl:Storage Directory /home/runner/work/ozone/ozone/hadoop-ozone/integration-test/target/test-dir/MiniOzoneClusterImpl-311f1a44-6374-447a-8cc6-2b136736f8fc/datanode-1/data/ratis/2b7afc1d-0e1d-46af-adb7-a04bbe52bb9f
2023-06-06 14:29:06,726 [a8cecc1f-3f3f-4377-b117-1e6c466c1e86-groupManagement] INFO  server.RaftServerConfigKeys (ConfUtils.java:logGet(46)) - raft.server.log.queue.byte-limit = 4294967296 (custom)
2023-06-06 14:29:06,726 [a8cecc1f-3f3f-4377-b117-1e6c466c1e86-groupManagement] INFO  server.RaftServerConfigKeys (ConfUtils.java:logGet(46)) - raft.server.log.queue.element-limit = 1024 (custom)
2023-06-06 14:29:06,726 [a8cecc1f-3f3f-4377-b117-1e6c466c1e86-groupManagement] INFO  server.RaftServerConfigKeys (ConfUtils.java:logGet(46)) - raft.server.log.segment.size.max = 1048576 (custom)
2023-06-06 14:29:06,726 [a8cecc1f-3f3f-4377-b117-1e6c466c1e86-groupManagement] INFO  server.RaftServerConfigKeys (ConfUtils.java:logGet(46)) - raft.server.log.preallocated.size = 16384 (custom)
2023-06-06 14:29:06,726 [a8cecc1f-3f3f-4377-b117-1e6c466c1e86-groupManagement] INFO  server.RaftServerConfigKeys (ConfUtils.java:logGet(46)) - raft.server.log.force.sync.num = 128 (default)
2023-06-06 14:29:06,726 [a8cecc1f-3f3f-4377-b117-1e6c466c1e86-groupManagement] INFO  server.RaftServerConfigKeys (ConfUtils.java:logGet(46)) - raft.server.log.statemachine.data.sync = true (default)
2023-06-06 14:29:06,726 [a8cecc1f-3f3f-4377-b117-1e6c466c1e86-groupManagement] INFO  server.RaftServerConfigKeys (ConfUtils.java:logGet(46)) - raft.server.log.statemachine.data.sync.timeout = 10s (default)
2023-06-06 14:29:06,726 [a8cecc1f-3f3f-4377-b117-1e6c466c1e86-groupManagement] INFO  server.RaftServerConfigKeys (ConfUtils.java:logGet(46)) - raft.server.log.statemachine.data.sync.timeout.retry = -1 (default)
2023-06-06 14:29:06,727 [a8cecc1f-3f3f-4377-b117-1e6c466c1e86-groupManagement] INFO  server.RaftServerConfigKeys (ConfUtils.java:logGet(46)) - raft.server.log.write.buffer.size = 1048576 (custom)
2023-06-06 14:29:06,727 [a8cecc1f-3f3f-4377-b117-1e6c466c1e86-groupManagement] INFO  server.RaftServerConfigKeys (ConfUtils.java:logGet(46)) - raft.server.log.appender.buffer.byte-limit = 33554432 (custom)
2023-06-06 14:29:06,735 [a8cecc1f-3f3f-4377-b117-1e6c466c1e86-groupManagement] INFO  server.RaftServerConfigKeys (ConfUtils.java:logGet(46)) - raft.server.log.unsafe-flush.enabled = false (default)
2023-06-06 14:29:06,735 [a8cecc1f-3f3f-4377-b117-1e6c466c1e86-groupManagement] INFO  server.RaftServerConfigKeys (ConfUtils.java:logGet(46)) - raft.server.log.async-flush.enabled = false (default)
2023-06-06 14:29:06,735 [a8cecc1f-3f3f-4377-b117-1e6c466c1e86-groupManagement] INFO  server.RaftServerConfigKeys (ConfUtils.java:logGet(46)) - raft.server.log.statemachine.data.caching.enabled = true (custom)
2023-06-06 14:29:06,735 [a8cecc1f-3f3f-4377-b117-1e6c466c1e86-groupManagement] INFO  segmented.SegmentedRaftLogWorker (SegmentedRaftLogWorker.java:lambda$new$0(135)) - a8cecc1f-3f3f-4377-b117-1e6c466c1e86@group-A04BBE52BB9F-SegmentedRaftLogWorker: flushIndex: setUnconditionally 0 -> -1
2023-06-06 14:29:06,735 [a8cecc1f-3f3f-4377-b117-1e6c466c1e86-groupManagement] INFO  segmented.SegmentedRaftLogWorker (SegmentedRaftLogWorker.java:lambda$new$0(135)) - a8cecc1f-3f3f-4377-b117-1e6c466c1e86@group-A04BBE52BB9F-SegmentedRaftLogWorker: safeCacheEvictIndex: setUnconditionally 0 -> -1
2023-06-06 14:29:06,735 [a8cecc1f-3f3f-4377-b117-1e6c466c1e86-groupManagement] INFO  server.RaftServer$Division (RaftServerImpl.java:start(342)) - a8cecc1f-3f3f-4377-b117-1e6c466c1e86@group-A04BBE52BB9F: start as a follower, conf=-1: peers:[a8cecc1f-3f3f-4377-b117-1e6c466c1e86|rpc:10.1.0.37:15162|admin:10.1.0.37:15161|client:10.1.0.37:15160|dataStream:10.1.0.37:15163|priority:0|startupRole:FOLLOWER, 157c8593-ba62-4444-a330-78d9c87b0794|rpc:10.1.0.37:15171|admin:10.1.0.37:15170|client:10.1.0.37:15169|dataStream:10.1.0.37:15172|priority:0|startupRole:FOLLOWER, 30c53b57-84aa-4907-b898-4ab0d8d18ef9|rpc:10.1.0.37:15153|admin:10.1.0.37:15152|client:10.1.0.37:15151|dataStream:10.1.0.37:15154|priority:1|startupRole:FOLLOWER]|listeners:[], old=null
2023-06-06 14:29:06,735 [a8cecc1f-3f3f-4377-b117-1e6c466c1e86-groupManagement] INFO  server.RaftServer$Division (RaftServerImpl.java:setRole(329)) - a8cecc1f-3f3f-4377-b117-1e6c466c1e86@group-A04BBE52BB9F: changes role from      null to FOLLOWER at term 0 for startAsFollower
2023-06-06 14:29:06,735 [a8cecc1f-3f3f-4377-b117-1e6c466c1e86-groupManagement] INFO  impl.RoleInfo (RoleInfo.java:updateAndGet(139)) - a8cecc1f-3f3f-4377-b117-1e6c466c1e86: start a8cecc1f-3f3f-4377-b117-1e6c466c1e86@group-A04BBE52BB9F-FollowerState
2023-06-06 14:29:06,738 [a8cecc1f-3f3f-4377-b117-1e6c466c1e86-groupManagement] INFO  util.JmxRegister (JmxRegister.java:tryRegister(44)) - Successfully registered JMX Bean with object name Ratis:service=RaftServer,group=group-A04BBE52BB9F,id=a8cecc1f-3f3f-4377-b117-1e6c466c1e86
2023-06-06 14:29:06,738 [a8cecc1f-3f3f-4377-b117-1e6c466c1e86-groupManagement] INFO  server.RaftServerConfigKeys (ConfUtils.java:logGet(46)) - raft.server.snapshot.auto.trigger.enabled = true (custom)
2023-06-06 14:29:06,738 [a8cecc1f-3f3f-4377-b117-1e6c466c1e86-groupManagement] INFO  server.RaftServerConfigKeys (ConfUtils.java:logGet(46)) - raft.server.snapshot.auto.trigger.threshold = 10000 (custom)
2023-06-06 14:29:06,738 [a8cecc1f-3f3f-4377-b117-1e6c466c1e86-groupManagement] INFO  server.RaftServerConfigKeys (ConfUtils.java:logGet(46)) - raft.server.snapshot.retention.file.num = 5 (custom)
2023-06-06 14:29:06,738 [a8cecc1f-3f3f-4377-b117-1e6c466c1e86-groupManagement] INFO  server.RaftServerConfigKeys (ConfUtils.java:logGet(46)) - raft.server.log.purge.upto.snapshot.index = false (default)
2023-06-06 14:29:06,738 [a8cecc1f-3f3f-4377-b117-1e6c466c1e86@group-A04BBE52BB9F-FollowerState] INFO  server.RaftServerConfigKeys (ConfUtils.java:logFallback(53)) - raft.server.rpc.first-election.timeout.min = 5s (fallback to raft.server.rpc.timeout.min)
2023-06-06 14:29:06,738 [a8cecc1f-3f3f-4377-b117-1e6c466c1e86@group-A04BBE52BB9F-FollowerState] INFO  server.RaftServerConfigKeys (ConfUtils.java:logFallback(53)) - raft.server.rpc.first-election.timeout.max = 5200ms (fallback to raft.server.rpc.timeout.max)
2023-06-06 14:29:06,770 [grpc-default-executor-0] INFO  server.RaftServer (RaftServerProxy.java:addNew(98)) - 157c8593-ba62-4444-a330-78d9c87b0794: addNew group-A04BBE52BB9F:[a8cecc1f-3f3f-4377-b117-1e6c466c1e86|rpc:10.1.0.37:15162|admin:10.1.0.37:15161|client:10.1.0.37:15160|dataStream:10.1.0.37:15163|priority:0|startupRole:FOLLOWER, 157c8593-ba62-4444-a330-78d9c87b0794|rpc:10.1.0.37:15171|admin:10.1.0.37:15170|client:10.1.0.37:15169|dataStream:10.1.0.37:15172|priority:0|startupRole:FOLLOWER, 30c53b57-84aa-4907-b898-4ab0d8d18ef9|rpc:10.1.0.37:15153|admin:10.1.0.37:15152|client:10.1.0.37:15151|dataStream:10.1.0.37:15154|priority:1|startupRole:FOLLOWER] returns group-A04BBE52BB9F:java.util.concurrent.CompletableFuture@4f7f0e8b[Not completed]
2023-06-06 14:29:06,771 [157c8593-ba62-4444-a330-78d9c87b0794-groupManagement] INFO  server.RaftServer$Division (RaftServerImpl.java:<init>(198)) - 157c8593-ba62-4444-a330-78d9c87b0794: new RaftServerImpl for group-A04BBE52BB9F:[a8cecc1f-3f3f-4377-b117-1e6c466c1e86|rpc:10.1.0.37:15162|admin:10.1.0.37:15161|client:10.1.0.37:15160|dataStream:10.1.0.37:15163|priority:0|startupRole:FOLLOWER, 157c8593-ba62-4444-a330-78d9c87b0794|rpc:10.1.0.37:15171|admin:10.1.0.37:15170|client:10.1.0.37:15169|dataStream:10.1.0.37:15172|priority:0|startupRole:FOLLOWER, 30c53b57-84aa-4907-b898-4ab0d8d18ef9|rpc:10.1.0.37:15153|admin:10.1.0.37:15152|client:10.1.0.37:15151|dataStream:10.1.0.37:15154|priority:1|startupRole:FOLLOWER] with ContainerStateMachine:uninitialized
2023-06-06 14:29:06,771 [157c8593-ba62-4444-a330-78d9c87b0794-groupManagement] INFO  server.RaftServerConfigKeys (ConfUtils.java:logGet(46)) - raft.server.rpc.timeout.min = 5s (custom)
2023-06-06 14:29:06,771 [157c8593-ba62-4444-a330-78d9c87b0794-groupManagement] INFO  server.RaftServerConfigKeys (ConfUtils.java:logGet(46)) - raft.server.rpc.timeout.max = 5200ms (custom)
2023-06-06 14:29:06,771 [157c8593-ba62-4444-a330-78d9c87b0794-groupManagement] INFO  server.RaftServerConfigKeys (ConfUtils.java:logGet(46)) - raft.server.rpc.sleep.time = 25ms (default)
2023-06-06 14:29:06,771 [157c8593-ba62-4444-a330-78d9c87b0794-groupManagement] INFO  server.RaftServerConfigKeys (ConfUtils.java:logGet(46)) - raft.server.rpc.slowness.timeout = 300s (custom)
2023-06-06 14:29:06,771 [157c8593-ba62-4444-a330-78d9c87b0794-groupManagement] INFO  server.RaftServerConfigKeys (ConfUtils.java:logGet(46)) - raft.server.leaderelection.leader.step-down.wait-time = 10s (default)
2023-06-06 14:29:06,771 [157c8593-ba62-4444-a330-78d9c87b0794-groupManagement] INFO  server.RaftServerConfigKeys (ConfUtils.java:logGet(46)) - raft.server.sleep.deviation.threshold = 300ms (default)
2023-06-06 14:29:06,771 [157c8593-ba62-4444-a330-78d9c87b0794-groupManagement] INFO  server.RaftServer$Division (ServerState.java:<init>(120)) - 157c8593-ba62-4444-a330-78d9c87b0794@group-A04BBE52BB9F: ConfigurationManager, init=-1: peers:[a8cecc1f-3f3f-4377-b117-1e6c466c1e86|rpc:10.1.0.37:15162|admin:10.1.0.37:15161|client:10.1.0.37:15160|dataStream:10.1.0.37:15163|priority:0|startupRole:FOLLOWER, 157c8593-ba62-4444-a330-78d9c87b0794|rpc:10.1.0.37:15171|admin:10.1.0.37:15170|client:10.1.0.37:15169|dataStream:10.1.0.37:15172|priority:0|startupRole:FOLLOWER, 30c53b57-84aa-4907-b898-4ab0d8d18ef9|rpc:10.1.0.37:15153|admin:10.1.0.37:15152|client:10.1.0.37:15151|dataStream:10.1.0.37:15154|priority:1|startupRole:FOLLOWER]|listeners:[], old=null, confs=<EMPTY_MAP>
2023-06-06 14:29:06,772 [157c8593-ba62-4444-a330-78d9c87b0794-groupManagement] INFO  server.RaftServerConfigKeys (ConfUtils.java:logGet(46)) - raft.server.storage.dir = [/home/runner/work/ozone/ozone/hadoop-ozone/integration-test/target/test-dir/MiniOzoneClusterImpl-311f1a44-6374-447a-8cc6-2b136736f8fc/datanode-2/data/ratis] (custom)
2023-06-06 14:29:06,772 [157c8593-ba62-4444-a330-78d9c87b0794-groupManagement] INFO  server.RaftServerConfigKeys (ConfUtils.java:logGet(46)) - raft.server.log.corruption.policy = EXCEPTION (default)
2023-06-06 14:29:06,772 [157c8593-ba62-4444-a330-78d9c87b0794-groupManagement] INFO  server.RaftServerConfigKeys (ConfUtils.java:logGet(46)) - raft.server.storage.free-space.min = 0MB (=0) (default)
2023-06-06 14:29:06,772 [157c8593-ba62-4444-a330-78d9c87b0794-groupManagement] INFO  server.RaftServerConfigKeys (ConfUtils.java:logGet(46)) - raft.server.notification.no-leader.timeout = 300s (custom)
2023-06-06 14:29:06,772 [157c8593-ba62-4444-a330-78d9c87b0794-groupManagement] INFO  server.RaftServerConfigKeys (ConfUtils.java:logGet(46)) - raft.server.read.timeout = 10s (default)
2023-06-06 14:29:06,772 [157c8593-ba62-4444-a330-78d9c87b0794-groupManagement] INFO  server.RaftServerConfigKeys (ConfUtils.java:logGet(46)) - raft.server.retrycache.expirytime = 600000ms (custom)
2023-06-06 14:29:06,772 [157c8593-ba62-4444-a330-78d9c87b0794-groupManagement] INFO  server.RaftServerConfigKeys (ConfUtils.java:logGet(46)) - raft.server.retrycache.statistics.expirytime = 100μs (default)
2023-06-06 14:29:06,772 [157c8593-ba62-4444-a330-78d9c87b0794-groupManagement] INFO  server.RaftServerConfigKeys (ConfUtils.java:logGet(46)) - raft.server.read.option = DEFAULT (default)
2023-06-06 14:29:06,772 [157c8593-ba62-4444-a330-78d9c87b0794-groupManagement] INFO  server.RaftServerConfigKeys (ConfUtils.java:logGet(46)) - raft.server.rpc.request.timeout = 60s (custom)
2023-06-06 14:29:06,773 [157c8593-ba62-4444-a330-78d9c87b0794-groupManagement] INFO  server.RaftServerConfigKeys (ConfUtils.java:logGet(46)) - raft.server.log.appender.install.snapshot.enabled = false (custom)
2023-06-06 14:29:06,773 [157c8593-ba62-4444-a330-78d9c87b0794-groupManagement] INFO  server.RaftServerConfigKeys (ConfUtils.java:logGet(46)) - raft.server.threadpool.server.cached = true (default)
2023-06-06 14:29:06,773 [157c8593-ba62-4444-a330-78d9c87b0794-groupManagement] INFO  server.RaftServerConfigKeys (ConfUtils.java:logGet(46)) - raft.server.threadpool.server.size = 0 (default)
2023-06-06 14:29:06,773 [157c8593-ba62-4444-a330-78d9c87b0794-groupManagement] INFO  server.RaftServerConfigKeys (ConfUtils.java:logGet(46)) - raft.server.threadpool.client.cached = true (default)
2023-06-06 14:29:06,773 [157c8593-ba62-4444-a330-78d9c87b0794-groupManagement] INFO  server.RaftServerConfigKeys (ConfUtils.java:logGet(46)) - raft.server.threadpool.client.size = 0 (default)
2023-06-06 14:29:06,773 [157c8593-ba62-4444-a330-78d9c87b0794-groupManagement] INFO  storage.RaftStorageDirectory (RaftStorageDirectoryImpl.java:analyzeStorage(137)) - The storage directory /home/runner/work/ozone/ozone/hadoop-ozone/integration-test/target/test-dir/MiniOzoneClusterImpl-311f1a44-6374-447a-8cc6-2b136736f8fc/datanode-2/data/ratis/2b7afc1d-0e1d-46af-adb7-a04bbe52bb9f does not exist. Creating ...
2023-06-06 14:29:06,774 [157c8593-ba62-4444-a330-78d9c87b0794-groupManagement] INFO  storage.RaftStorageDirectory (RaftStorageDirectoryImpl.java:tryLock(231)) - Lock on /home/runner/work/ozone/ozone/hadoop-ozone/integration-test/target/test-dir/MiniOzoneClusterImpl-311f1a44-6374-447a-8cc6-2b136736f8fc/datanode-2/data/ratis/2b7afc1d-0e1d-46af-adb7-a04bbe52bb9f/in_use.lock acquired by nodename 75814@fv-az1133-973
2023-06-06 14:29:06,775 [157c8593-ba62-4444-a330-78d9c87b0794-groupManagement] INFO  storage.RaftStorage (RaftStorageImpl.java:format(96)) - Storage directory /home/runner/work/ozone/ozone/hadoop-ozone/integration-test/target/test-dir/MiniOzoneClusterImpl-311f1a44-6374-447a-8cc6-2b136736f8fc/datanode-2/data/ratis/2b7afc1d-0e1d-46af-adb7-a04bbe52bb9f has been successfully formatted.
2023-06-06 14:29:06,776 [157c8593-ba62-4444-a330-78d9c87b0794-groupManagement] INFO  ratis.ContainerStateMachine (ContainerStateMachine.java:loadSnapshot(262)) - group-A04BBE52BB9F: The snapshot info is null. Setting the last applied indexto:(t:0, i:~)
2023-06-06 14:29:06,776 [157c8593-ba62-4444-a330-78d9c87b0794-groupManagement] INFO  server.RaftServerConfigKeys (ConfUtils.java:logGet(46)) - raft.server.log.use.memory = false (default)
2023-06-06 14:29:06,777 [157c8593-ba62-4444-a330-78d9c87b0794-groupManagement] INFO  server.RaftServerConfigKeys (ConfUtils.java:logGet(46)) - raft.server.log.purge.gap = 1000000 (custom)
2023-06-06 14:29:06,777 [157c8593-ba62-4444-a330-78d9c87b0794-groupManagement] INFO  server.RaftServerConfigKeys (ConfUtils.java:logGet(46)) - raft.server.log.appender.buffer.byte-limit = 33554432 (custom)
2023-06-06 14:29:06,777 [157c8593-ba62-4444-a330-78d9c87b0794-groupManagement] INFO  server.RaftServerConfigKeys (ConfUtils.java:logGet(46)) - raft.server.log.statemachine.data.read.timeout = 1000ms (default)
2023-06-06 14:29:06,777 [157c8593-ba62-4444-a330-78d9c87b0794-groupManagement] INFO  server.RaftServerConfigKeys (ConfUtils.java:logGet(46)) - raft.server.log.purge.preservation.log.num = 0 (default)
2023-06-06 14:29:06,777 [157c8593-ba62-4444-a330-78d9c87b0794-groupManagement] INFO  server.RaftServerConfigKeys (ConfUtils.java:logGet(46)) - raft.server.log.segment.size.max = 1048576 (custom)
2023-06-06 14:29:06,777 [157c8593-ba62-4444-a330-78d9c87b0794-groupManagement] INFO  server.RaftServerConfigKeys (ConfUtils.java:logGet(46)) - raft.server.log.segment.cache.num.max = 2 (custom)
2023-06-06 14:29:06,777 [157c8593-ba62-4444-a330-78d9c87b0794-groupManagement] INFO  server.RaftServerConfigKeys (ConfUtils.java:logGet(46)) - raft.server.log.segment.cache.size.max = 200MB (=209715200) (default)
2023-06-06 14:29:06,777 [157c8593-ba62-4444-a330-78d9c87b0794-groupManagement] INFO  server.RaftServerConfigKeys (ConfUtils.java:logGet(46)) - raft.server.log.appender.buffer.byte-limit = 33554432 (custom)
2023-06-06 14:29:06,777 [157c8593-ba62-4444-a330-78d9c87b0794-groupManagement] INFO  segmented.SegmentedRaftLogWorker (SegmentedRaftLogWorker.java:<init>(188)) - new 157c8593-ba62-4444-a330-78d9c87b0794@group-A04BBE52BB9F-SegmentedRaftLogWorker for RaftStorageImpl:Storage Directory /home/runner/work/ozone/ozone/hadoop-ozone/integration-test/target/test-dir/MiniOzoneClusterImpl-311f1a44-6374-447a-8cc6-2b136736f8fc/datanode-2/data/ratis/2b7afc1d-0e1d-46af-adb7-a04bbe52bb9f
2023-06-06 14:29:06,777 [157c8593-ba62-4444-a330-78d9c87b0794-groupManagement] INFO  server.RaftServerConfigKeys (ConfUtils.java:logGet(46)) - raft.server.log.queue.byte-limit = 4294967296 (custom)
2023-06-06 14:29:06,777 [157c8593-ba62-4444-a330-78d9c87b0794-groupManagement] INFO  server.RaftServerConfigKeys (ConfUtils.java:logGet(46)) - raft.server.log.queue.element-limit = 1024 (custom)
2023-06-06 14:29:06,777 [157c8593-ba62-4444-a330-78d9c87b0794-groupManagement] INFO  server.RaftServerConfigKeys (ConfUtils.java:logGet(46)) - raft.server.log.segment.size.max = 1048576 (custom)
2023-06-06 14:29:06,777 [157c8593-ba62-4444-a330-78d9c87b0794-groupManagement] INFO  server.RaftServerConfigKeys (ConfUtils.java:logGet(46)) - raft.server.log.preallocated.size = 16384 (custom)
2023-06-06 14:29:06,778 [157c8593-ba62-4444-a330-78d9c87b0794-groupManagement] INFO  server.RaftServerConfigKeys (ConfUtils.java:logGet(46)) - raft.server.log.force.sync.num = 128 (default)
2023-06-06 14:29:06,778 [157c8593-ba62-4444-a330-78d9c87b0794-groupManagement] INFO  server.RaftServerConfigKeys (ConfUtils.java:logGet(46)) - raft.server.log.statemachine.data.sync = true (default)
2023-06-06 14:29:06,778 [157c8593-ba62-4444-a330-78d9c87b0794-groupManagement] INFO  server.RaftServerConfigKeys (ConfUtils.java:logGet(46)) - raft.server.log.statemachine.data.sync.timeout = 10s (default)
2023-06-06 14:29:06,778 [157c8593-ba62-4444-a330-78d9c87b0794-groupManagement] INFO  server.RaftServerConfigKeys (ConfUtils.java:logGet(46)) - raft.server.log.statemachine.data.sync.timeout.retry = -1 (default)
2023-06-06 14:29:06,778 [157c8593-ba62-4444-a330-78d9c87b0794-groupManagement] INFO  server.RaftServerConfigKeys (ConfUtils.java:logGet(46)) - raft.server.log.write.buffer.size = 1048576 (custom)
2023-06-06 14:29:06,778 [157c8593-ba62-4444-a330-78d9c87b0794-groupManagement] INFO  server.RaftServerConfigKeys (ConfUtils.java:logGet(46)) - raft.server.log.appender.buffer.byte-limit = 33554432 (custom)
2023-06-06 14:29:06,782 [a8cecc1f-3f3f-4377-b117-1e6c466c1e86-groupManagement] INFO  server.RaftServer$Division (RaftServerImpl.java:<init>(198)) - a8cecc1f-3f3f-4377-b117-1e6c466c1e86: new RaftServerImpl for group-5B1C65EEC4BB:[a8cecc1f-3f3f-4377-b117-1e6c466c1e86|rpc:10.1.0.37:15162|admin:10.1.0.37:15161|client:10.1.0.37:15160|dataStream:10.1.0.37:15163|priority:1|startupRole:FOLLOWER] with ContainerStateMachine:uninitialized
2023-06-06 14:29:06,782 [a8cecc1f-3f3f-4377-b117-1e6c466c1e86-groupManagement] INFO  server.RaftServerConfigKeys (ConfUtils.java:logGet(46)) - raft.server.rpc.timeout.min = 5s (custom)
2023-06-06 14:29:06,782 [a8cecc1f-3f3f-4377-b117-1e6c466c1e86-groupManagement] INFO  server.RaftServerConfigKeys (ConfUtils.java:logGet(46)) - raft.server.rpc.timeout.max = 5200ms (custom)
2023-06-06 14:29:06,782 [a8cecc1f-3f3f-4377-b117-1e6c466c1e86-groupManagement] INFO  server.RaftServerConfigKeys (ConfUtils.java:logGet(46)) - raft.server.rpc.sleep.time = 25ms (default)
2023-06-06 14:29:06,782 [a8cecc1f-3f3f-4377-b117-1e6c466c1e86-groupManagement] INFO  server.RaftServerConfigKeys (ConfUtils.java:logGet(46)) - raft.server.rpc.slowness.timeout = 300s (custom)
2023-06-06 14:29:06,782 [a8cecc1f-3f3f-4377-b117-1e6c466c1e86-groupManagement] INFO  server.RaftServerConfigKeys (ConfUtils.java:logGet(46)) - raft.server.leaderelection.leader.step-down.wait-time = 10s (default)
2023-06-06 14:29:06,783 [a8cecc1f-3f3f-4377-b117-1e6c466c1e86-groupManagement] INFO  server.RaftServerConfigKeys (ConfUtils.java:logGet(46)) - raft.server.sleep.deviation.threshold = 300ms (default)
2023-06-06 14:29:06,783 [a8cecc1f-3f3f-4377-b117-1e6c466c1e86-groupManagement] INFO  server.RaftServer$Division (ServerState.java:<init>(120)) - a8cecc1f-3f3f-4377-b117-1e6c466c1e86@group-5B1C65EEC4BB: ConfigurationManager, init=-1: peers:[a8cecc1f-3f3f-4377-b117-1e6c466c1e86|rpc:10.1.0.37:15162|admin:10.1.0.37:15161|client:10.1.0.37:15160|dataStream:10.1.0.37:15163|priority:1|startupRole:FOLLOWER]|listeners:[], old=null, confs=<EMPTY_MAP>
2023-06-06 14:29:06,783 [a8cecc1f-3f3f-4377-b117-1e6c466c1e86-groupManagement] INFO  server.RaftServerConfigKeys (ConfUtils.java:logGet(46)) - raft.server.storage.dir = [/home/runner/work/ozone/ozone/hadoop-ozone/integration-test/target/test-dir/MiniOzoneClusterImpl-311f1a44-6374-447a-8cc6-2b136736f8fc/datanode-1/data/ratis] (custom)
2023-06-06 14:29:06,783 [a8cecc1f-3f3f-4377-b117-1e6c466c1e86-groupManagement] INFO  server.RaftServerConfigKeys (ConfUtils.java:logGet(46)) - raft.server.log.corruption.policy = EXCEPTION (default)
2023-06-06 14:29:06,783 [a8cecc1f-3f3f-4377-b117-1e6c466c1e86-groupManagement] INFO  server.RaftServerConfigKeys (ConfUtils.java:logGet(46)) - raft.server.storage.free-space.min = 0MB (=0) (default)
2023-06-06 14:29:06,783 [a8cecc1f-3f3f-4377-b117-1e6c466c1e86-groupManagement] INFO  server.RaftServerConfigKeys (ConfUtils.java:logGet(46)) - raft.server.notification.no-leader.timeout = 300s (custom)
2023-06-06 14:29:06,783 [a8cecc1f-3f3f-4377-b117-1e6c466c1e86-groupManagement] INFO  server.RaftServerConfigKeys (ConfUtils.java:logGet(46)) - raft.server.read.timeout = 10s (default)
2023-06-06 14:29:06,783 [a8cecc1f-3f3f-4377-b117-1e6c466c1e86-groupManagement] INFO  server.RaftServerConfigKeys (ConfUtils.java:logGet(46)) - raft.server.retrycache.expirytime = 600000ms (custom)
2023-06-06 14:29:06,783 [a8cecc1f-3f3f-4377-b117-1e6c466c1e86-groupManagement] INFO  server.RaftServerConfigKeys (ConfUtils.java:logGet(46)) - raft.server.retrycache.statistics.expirytime = 100μs (default)
2023-06-06 14:29:06,783 [a8cecc1f-3f3f-4377-b117-1e6c466c1e86-groupManagement] INFO  server.RaftServerConfigKeys (ConfUtils.java:logGet(46)) - raft.server.read.option = DEFAULT (default)
2023-06-06 14:29:06,784 [a8cecc1f-3f3f-4377-b117-1e6c466c1e86-groupManagement] INFO  server.RaftServerConfigKeys (ConfUtils.java:logGet(46)) - raft.server.rpc.request.timeout = 60s (custom)
2023-06-06 14:29:06,784 [a8cecc1f-3f3f-4377-b117-1e6c466c1e86-groupManagement] INFO  server.RaftServerConfigKeys (ConfUtils.java:logGet(46)) - raft.server.log.appender.install.snapshot.enabled = false (custom)
2023-06-06 14:29:06,784 [a8cecc1f-3f3f-4377-b117-1e6c466c1e86-groupManagement] INFO  server.RaftServerConfigKeys (ConfUtils.java:logGet(46)) - raft.server.threadpool.server.cached = true (default)
2023-06-06 14:29:06,784 [a8cecc1f-3f3f-4377-b117-1e6c466c1e86-groupManagement] INFO  server.RaftServerConfigKeys (ConfUtils.java:logGet(46)) - raft.server.threadpool.server.size = 0 (default)
2023-06-06 14:29:06,784 [a8cecc1f-3f3f-4377-b117-1e6c466c1e86-groupManagement] INFO  server.RaftServerConfigKeys (ConfUtils.java:logGet(46)) - raft.server.threadpool.client.cached = true (default)
2023-06-06 14:29:06,784 [a8cecc1f-3f3f-4377-b117-1e6c466c1e86-groupManagement] INFO  server.RaftServerConfigKeys (ConfUtils.java:logGet(46)) - raft.server.threadpool.client.size = 0 (default)
2023-06-06 14:29:06,784 [PipelineCommandHandlerThread-0] INFO  server.RaftServer (RaftServerProxy.java:addNew(98)) - a8cecc1f-3f3f-4377-b117-1e6c466c1e86: addNew group-5B1C65EEC4BB:[a8cecc1f-3f3f-4377-b117-1e6c466c1e86|rpc:10.1.0.37:15162|admin:10.1.0.37:15161|client:10.1.0.37:15160|dataStream:10.1.0.37:15163|priority:1|startupRole:FOLLOWER] returns      null a8cecc1f-3f3f-4377-b117-1e6c466c1e86@group-5B1C65EEC4BB:t0, leader=null, voted=null, raftlog=UNINITIALIZED, conf=-1: peers:[a8cecc1f-3f3f-4377-b117-1e6c466c1e86|rpc:10.1.0.37:15162|admin:10.1.0.37:15161|client:10.1.0.37:15160|dataStream:10.1.0.37:15163|priority:1|startupRole:FOLLOWER]|listeners:[], old=null NEW
2023-06-06 14:29:06,784 [a8cecc1f-3f3f-4377-b117-1e6c466c1e86-groupManagement] INFO  storage.RaftStorageDirectory (RaftStorageDirectoryImpl.java:analyzeStorage(137)) - The storage directory /home/runner/work/ozone/ozone/hadoop-ozone/integration-test/target/test-dir/MiniOzoneClusterImpl-311f1a44-6374-447a-8cc6-2b136736f8fc/datanode-1/data/ratis/7f3c2f12-4db2-49f6-a494-5b1c65eec4bb does not exist. Creating ...
2023-06-06 14:29:06,785 [a8cecc1f-3f3f-4377-b117-1e6c466c1e86-groupManagement] INFO  storage.RaftStorageDirectory (RaftStorageDirectoryImpl.java:tryLock(231)) - Lock on /home/runner/work/ozone/ozone/hadoop-ozone/integration-test/target/test-dir/MiniOzoneClusterImpl-311f1a44-6374-447a-8cc6-2b136736f8fc/datanode-1/data/ratis/7f3c2f12-4db2-49f6-a494-5b1c65eec4bb/in_use.lock acquired by nodename 75814@fv-az1133-973
2023-06-06 14:29:06,786 [a8cecc1f-3f3f-4377-b117-1e6c466c1e86-groupManagement] INFO  storage.RaftStorage (RaftStorageImpl.java:format(96)) - Storage directory /home/runner/work/ozone/ozone/hadoop-ozone/integration-test/target/test-dir/MiniOzoneClusterImpl-311f1a44-6374-447a-8cc6-2b136736f8fc/datanode-1/data/ratis/7f3c2f12-4db2-49f6-a494-5b1c65eec4bb has been successfully formatted.
2023-06-06 14:29:06,787 [a8cecc1f-3f3f-4377-b117-1e6c466c1e86-groupManagement] INFO  ratis.ContainerStateMachine (ContainerStateMachine.java:loadSnapshot(262)) - group-5B1C65EEC4BB: The snapshot info is null. Setting the last applied indexto:(t:0, i:~)
2023-06-06 14:29:06,787 [a8cecc1f-3f3f-4377-b117-1e6c466c1e86-groupManagement] INFO  server.RaftServerConfigKeys (ConfUtils.java:logGet(46)) - raft.server.log.use.memory = false (default)
2023-06-06 14:29:06,787 [a8cecc1f-3f3f-4377-b117-1e6c466c1e86-groupManagement] INFO  server.RaftServerConfigKeys (ConfUtils.java:logGet(46)) - raft.server.log.purge.gap = 1000000 (custom)
2023-06-06 14:29:06,787 [a8cecc1f-3f3f-4377-b117-1e6c466c1e86-groupManagement] INFO  server.RaftServerConfigKeys (ConfUtils.java:logGet(46)) - raft.server.log.appender.buffer.byte-limit = 33554432 (custom)
2023-06-06 14:29:06,787 [a8cecc1f-3f3f-4377-b117-1e6c466c1e86-groupManagement] INFO  server.RaftServerConfigKeys (ConfUtils.java:logGet(46)) - raft.server.log.statemachine.data.read.timeout = 1000ms (default)
2023-06-06 14:29:06,788 [a8cecc1f-3f3f-4377-b117-1e6c466c1e86-groupManagement] INFO  server.RaftServerConfigKeys (ConfUtils.java:logGet(46)) - raft.server.log.purge.preservation.log.num = 0 (default)
2023-06-06 14:29:06,788 [EventQueue-PipelineReportForPipelineReportHandler] INFO  pipeline.PipelineManagerImpl (PipelineManagerImpl.java:openPipeline(367)) - Pipeline Pipeline[ Id: 7f3c2f12-4db2-49f6-a494-5b1c65eec4bb, Nodes: a8cecc1f-3f3f-4377-b117-1e6c466c1e86(fv-az1133-973.qlb2sqfkji0uhjsjdnlwzcsdwg.bx.internal.cloudapp.net/10.1.0.37), ReplicationConfig: RATIS/ONE, State:ALLOCATED, leaderId:a8cecc1f-3f3f-4377-b117-1e6c466c1e86, CreationTimestamp2023-06-06T14:29:03.779Z[Etc/UTC]] moved to OPEN state
2023-06-06 14:29:06,788 [EventQueue-OpenPipelineForHealthyPipelineSafeModeRule] INFO  safemode.SCMSafeModeManager (HealthyPipelineSafeModeRule.java:process(137)) - SCM in safe mode. Healthy pipelines reported count is 0, required healthy pipeline reported count is 1
2023-06-06 14:29:06,788 [a8cecc1f-3f3f-4377-b117-1e6c466c1e86-groupManagement] INFO  server.RaftServerConfigKeys (ConfUtils.java:logGet(46)) - raft.server.log.segment.size.max = 1048576 (custom)
2023-06-06 14:29:06,789 [a8cecc1f-3f3f-4377-b117-1e6c466c1e86-groupManagement] INFO  server.RaftServerConfigKeys (ConfUtils.java:logGet(46)) - raft.server.log.segment.cache.num.max = 2 (custom)
2023-06-06 14:29:06,789 [a8cecc1f-3f3f-4377-b117-1e6c466c1e86-groupManagement] INFO  server.RaftServerConfigKeys (ConfUtils.java:logGet(46)) - raft.server.log.segment.cache.size.max = 200MB (=209715200) (default)
2023-06-06 14:29:06,789 [a8cecc1f-3f3f-4377-b117-1e6c466c1e86-groupManagement] INFO  server.RaftServerConfigKeys (ConfUtils.java:logGet(46)) - raft.server.log.appender.buffer.byte-limit = 33554432 (custom)
2023-06-06 14:29:06,789 [a8cecc1f-3f3f-4377-b117-1e6c466c1e86-groupManagement] INFO  segmented.SegmentedRaftLogWorker (SegmentedRaftLogWorker.java:<init>(188)) - new a8cecc1f-3f3f-4377-b117-1e6c466c1e86@group-5B1C65EEC4BB-SegmentedRaftLogWorker for RaftStorageImpl:Storage Directory /home/runner/work/ozone/ozone/hadoop-ozone/integration-test/target/test-dir/MiniOzoneClusterImpl-311f1a44-6374-447a-8cc6-2b136736f8fc/datanode-1/data/ratis/7f3c2f12-4db2-49f6-a494-5b1c65eec4bb
2023-06-06 14:29:06,789 [a8cecc1f-3f3f-4377-b117-1e6c466c1e86-groupManagement] INFO  server.RaftServerConfigKeys (ConfUtils.java:logGet(46)) - raft.server.log.queue.byte-limit = 4294967296 (custom)
2023-06-06 14:29:06,789 [157c8593-ba62-4444-a330-78d9c87b0794-groupManagement] INFO  server.RaftServerConfigKeys (ConfUtils.java:logGet(46)) - raft.server.log.unsafe-flush.enabled = false (default)
2023-06-06 14:29:06,789 [a8cecc1f-3f3f-4377-b117-1e6c466c1e86-groupManagement] INFO  server.RaftServerConfigKeys (ConfUtils.java:logGet(46)) - raft.server.log.queue.element-limit = 1024 (custom)
2023-06-06 14:29:06,789 [a8cecc1f-3f3f-4377-b117-1e6c466c1e86-groupManagement] INFO  server.RaftServerConfigKeys (ConfUtils.java:logGet(46)) - raft.server.log.segment.size.max = 1048576 (custom)
2023-06-06 14:29:06,789 [a8cecc1f-3f3f-4377-b117-1e6c466c1e86-groupManagement] INFO  server.RaftServerConfigKeys (ConfUtils.java:logGet(46)) - raft.server.log.preallocated.size = 16384 (custom)
2023-06-06 14:29:06,789 [a8cecc1f-3f3f-4377-b117-1e6c466c1e86-groupManagement] INFO  server.RaftServerConfigKeys (ConfUtils.java:logGet(46)) - raft.server.log.force.sync.num = 128 (default)
2023-06-06 14:29:06,789 [a8cecc1f-3f3f-4377-b117-1e6c466c1e86-groupManagement] INFO  server.RaftServerConfigKeys (ConfUtils.java:logGet(46)) - raft.server.log.statemachine.data.sync = true (default)
2023-06-06 14:29:06,789 [a8cecc1f-3f3f-4377-b117-1e6c466c1e86-groupManagement] INFO  server.RaftServerConfigKeys (ConfUtils.java:logGet(46)) - raft.server.log.statemachine.data.sync.timeout = 10s (default)
2023-06-06 14:29:06,789 [a8cecc1f-3f3f-4377-b117-1e6c466c1e86-groupManagement] INFO  server.RaftServerConfigKeys (ConfUtils.java:logGet(46)) - raft.server.log.statemachine.data.sync.timeout.retry = -1 (default)
2023-06-06 14:29:06,790 [a8cecc1f-3f3f-4377-b117-1e6c466c1e86-groupManagement] INFO  server.RaftServerConfigKeys (ConfUtils.java:logGet(46)) - raft.server.log.write.buffer.size = 1048576 (custom)
2023-06-06 14:29:06,790 [a8cecc1f-3f3f-4377-b117-1e6c466c1e86-groupManagement] INFO  server.RaftServerConfigKeys (ConfUtils.java:logGet(46)) - raft.server.log.appender.buffer.byte-limit = 33554432 (custom)
2023-06-06 14:29:06,789 [157c8593-ba62-4444-a330-78d9c87b0794-groupManagement] INFO  server.RaftServerConfigKeys (ConfUtils.java:logGet(46)) - raft.server.log.async-flush.enabled = false (default)
2023-06-06 14:29:06,793 [157c8593-ba62-4444-a330-78d9c87b0794-groupManagement] INFO  server.RaftServerConfigKeys (ConfUtils.java:logGet(46)) - raft.server.log.statemachine.data.caching.enabled = true (custom)
2023-06-06 14:29:06,793 [157c8593-ba62-4444-a330-78d9c87b0794-groupManagement] INFO  segmented.SegmentedRaftLogWorker (SegmentedRaftLogWorker.java:lambda$new$0(135)) - 157c8593-ba62-4444-a330-78d9c87b0794@group-A04BBE52BB9F-SegmentedRaftLogWorker: flushIndex: setUnconditionally 0 -> -1
2023-06-06 14:29:06,793 [157c8593-ba62-4444-a330-78d9c87b0794-groupManagement] INFO  segmented.SegmentedRaftLogWorker (SegmentedRaftLogWorker.java:lambda$new$0(135)) - 157c8593-ba62-4444-a330-78d9c87b0794@group-A04BBE52BB9F-SegmentedRaftLogWorker: safeCacheEvictIndex: setUnconditionally 0 -> -1
2023-06-06 14:29:06,795 [a8cecc1f-3f3f-4377-b117-1e6c466c1e86-groupManagement] INFO  server.RaftServerConfigKeys (ConfUtils.java:logGet(46)) - raft.server.log.unsafe-flush.enabled = false (default)
2023-06-06 14:29:06,795 [a8cecc1f-3f3f-4377-b117-1e6c466c1e86-groupManagement] INFO  server.RaftServerConfigKeys (ConfUtils.java:logGet(46)) - raft.server.log.async-flush.enabled = false (default)
2023-06-06 14:29:06,795 [a8cecc1f-3f3f-4377-b117-1e6c466c1e86-groupManagement] INFO  server.RaftServerConfigKeys (ConfUtils.java:logGet(46)) - raft.server.log.statemachine.data.caching.enabled = true (custom)
2023-06-06 14:29:06,795 [a8cecc1f-3f3f-4377-b117-1e6c466c1e86-groupManagement] INFO  segmented.SegmentedRaftLogWorker (SegmentedRaftLogWorker.java:lambda$new$0(135)) - a8cecc1f-3f3f-4377-b117-1e6c466c1e86@group-5B1C65EEC4BB-SegmentedRaftLogWorker: flushIndex: setUnconditionally 0 -> -1
2023-06-06 14:29:06,795 [a8cecc1f-3f3f-4377-b117-1e6c466c1e86-groupManagement] INFO  segmented.SegmentedRaftLogWorker (SegmentedRaftLogWorker.java:lambda$new$0(135)) - a8cecc1f-3f3f-4377-b117-1e6c466c1e86@group-5B1C65EEC4BB-SegmentedRaftLogWorker: safeCacheEvictIndex: setUnconditionally 0 -> -1
2023-06-06 14:29:06,795 [157c8593-ba62-4444-a330-78d9c87b0794-groupManagement] INFO  server.RaftServer$Division (RaftServerImpl.java:start(342)) - 157c8593-ba62-4444-a330-78d9c87b0794@group-A04BBE52BB9F: start as a follower, conf=-1: peers:[a8cecc1f-3f3f-4377-b117-1e6c466c1e86|rpc:10.1.0.37:15162|admin:10.1.0.37:15161|client:10.1.0.37:15160|dataStream:10.1.0.37:15163|priority:0|startupRole:FOLLOWER, 157c8593-ba62-4444-a330-78d9c87b0794|rpc:10.1.0.37:15171|admin:10.1.0.37:15170|client:10.1.0.37:15169|dataStream:10.1.0.37:15172|priority:0|startupRole:FOLLOWER, 30c53b57-84aa-4907-b898-4ab0d8d18ef9|rpc:10.1.0.37:15153|admin:10.1.0.37:15152|client:10.1.0.37:15151|dataStream:10.1.0.37:15154|priority:1|startupRole:FOLLOWER]|listeners:[], old=null
2023-06-06 14:29:06,796 [157c8593-ba62-4444-a330-78d9c87b0794-groupManagement] INFO  server.RaftServer$Division (RaftServerImpl.java:setRole(329)) - 157c8593-ba62-4444-a330-78d9c87b0794@group-A04BBE52BB9F: changes role from      null to FOLLOWER at term 0 for startAsFollower
2023-06-06 14:29:06,796 [157c8593-ba62-4444-a330-78d9c87b0794-groupManagement] INFO  impl.RoleInfo (RoleInfo.java:updateAndGet(139)) - 157c8593-ba62-4444-a330-78d9c87b0794: start 157c8593-ba62-4444-a330-78d9c87b0794@group-A04BBE52BB9F-FollowerState
2023-06-06 14:29:06,796 [157c8593-ba62-4444-a330-78d9c87b0794-groupManagement] INFO  util.JmxRegister (JmxRegister.java:tryRegister(44)) - Successfully registered JMX Bean with object name Ratis:service=RaftServer,group=group-A04BBE52BB9F,id=157c8593-ba62-4444-a330-78d9c87b0794
2023-06-06 14:29:06,796 [157c8593-ba62-4444-a330-78d9c87b0794-groupManagement] INFO  server.RaftServerConfigKeys (ConfUtils.java:logGet(46)) - raft.server.snapshot.auto.trigger.enabled = true (custom)
2023-06-06 14:29:06,796 [157c8593-ba62-4444-a330-78d9c87b0794-groupManagement] INFO  server.RaftServerConfigKeys (ConfUtils.java:logGet(46)) - raft.server.snapshot.auto.trigger.threshold = 10000 (custom)
2023-06-06 14:29:06,796 [157c8593-ba62-4444-a330-78d9c87b0794-groupManagement] INFO  server.RaftServerConfigKeys (ConfUtils.java:logGet(46)) - raft.server.snapshot.retention.file.num = 5 (custom)
2023-06-06 14:29:06,796 [157c8593-ba62-4444-a330-78d9c87b0794-groupManagement] INFO  server.RaftServerConfigKeys (ConfUtils.java:logGet(46)) - raft.server.log.purge.upto.snapshot.index = false (default)
2023-06-06 14:29:06,797 [157c8593-ba62-4444-a330-78d9c87b0794@group-A04BBE52BB9F-FollowerState] INFO  server.RaftServerConfigKeys (ConfUtils.java:logFallback(53)) - raft.server.rpc.first-election.timeout.min = 5s (fallback to raft.server.rpc.timeout.min)
2023-06-06 14:29:06,797 [157c8593-ba62-4444-a330-78d9c87b0794@group-A04BBE52BB9F-FollowerState] INFO  server.RaftServerConfigKeys (ConfUtils.java:logFallback(53)) - raft.server.rpc.first-election.timeout.max = 5200ms (fallback to raft.server.rpc.timeout.max)
2023-06-06 14:29:06,800 [a8cecc1f-3f3f-4377-b117-1e6c466c1e86-groupManagement] INFO  server.RaftServer$Division (RaftServerImpl.java:start(342)) - a8cecc1f-3f3f-4377-b117-1e6c466c1e86@group-5B1C65EEC4BB: start as a follower, conf=-1: peers:[a8cecc1f-3f3f-4377-b117-1e6c466c1e86|rpc:10.1.0.37:15162|admin:10.1.0.37:15161|client:10.1.0.37:15160|dataStream:10.1.0.37:15163|priority:1|startupRole:FOLLOWER]|listeners:[], old=null
2023-06-06 14:29:06,800 [a8cecc1f-3f3f-4377-b117-1e6c466c1e86-groupManagement] INFO  server.RaftServer$Division (RaftServerImpl.java:setRole(329)) - a8cecc1f-3f3f-4377-b117-1e6c466c1e86@group-5B1C65EEC4BB: changes role from      null to FOLLOWER at term 0 for startAsFollower
2023-06-06 14:29:06,800 [a8cecc1f-3f3f-4377-b117-1e6c466c1e86-groupManagement] INFO  impl.RoleInfo (RoleInfo.java:updateAndGet(139)) - a8cecc1f-3f3f-4377-b117-1e6c466c1e86: start a8cecc1f-3f3f-4377-b117-1e6c466c1e86@group-5B1C65EEC4BB-FollowerState
2023-06-06 14:29:06,800 [a8cecc1f-3f3f-4377-b117-1e6c466c1e86-groupManagement] INFO  util.JmxRegister (JmxRegister.java:tryRegister(44)) - Successfully registered JMX Bean with object name Ratis:service=RaftServer,group=group-5B1C65EEC4BB,id=a8cecc1f-3f3f-4377-b117-1e6c466c1e86
2023-06-06 14:29:06,801 [a8cecc1f-3f3f-4377-b117-1e6c466c1e86-groupManagement] INFO  server.RaftServerConfigKeys (ConfUtils.java:logGet(46)) - raft.server.snapshot.auto.trigger.enabled = true (custom)
2023-06-06 14:29:06,801 [a8cecc1f-3f3f-4377-b117-1e6c466c1e86-groupManagement] INFO  server.RaftServerConfigKeys (ConfUtils.java:logGet(46)) - raft.server.snapshot.auto.trigger.threshold = 10000 (custom)
2023-06-06 14:29:06,801 [a8cecc1f-3f3f-4377-b117-1e6c466c1e86-groupManagement] INFO  server.RaftServerConfigKeys (ConfUtils.java:logGet(46)) - raft.server.snapshot.retention.file.num = 5 (custom)
2023-06-06 14:29:06,801 [a8cecc1f-3f3f-4377-b117-1e6c466c1e86-groupManagement] INFO  server.RaftServerConfigKeys (ConfUtils.java:logGet(46)) - raft.server.log.purge.upto.snapshot.index = false (default)
2023-06-06 14:29:06,801 [a8cecc1f-3f3f-4377-b117-1e6c466c1e86@group-5B1C65EEC4BB-FollowerState] INFO  server.RaftServerConfigKeys (ConfUtils.java:logFallback(53)) - raft.server.rpc.first-election.timeout.min = 5s (fallback to raft.server.rpc.timeout.min)
2023-06-06 14:29:06,801 [a8cecc1f-3f3f-4377-b117-1e6c466c1e86@group-5B1C65EEC4BB-FollowerState] INFO  server.RaftServerConfigKeys (ConfUtils.java:logFallback(53)) - raft.server.rpc.first-election.timeout.max = 5200ms (fallback to raft.server.rpc.timeout.max)
2023-06-06 14:29:06,801 [PipelineCommandHandlerThread-0] INFO  ratis.XceiverServerRatis (XceiverServerRatis.java:addGroup(804)) - Created group PipelineID=7f3c2f12-4db2-49f6-a494-5b1c65eec4bb
2023-06-06 14:29:06,802 [PipelineCommandHandlerThread-0] INFO  commandhandler.CreatePipelineCommandHandler (CreatePipelineCommandHandler.java:lambda$handle$2(124)) - Created Pipeline RATIS ONE PipelineID=7f3c2f12-4db2-49f6-a494-5b1c65eec4bb.
2023-06-06 14:29:06,810 [PipelineCommandHandlerThread-0] INFO  commandhandler.CreatePipelineCommandHandler (CreatePipelineCommandHandler.java:lambda$handle$2(124)) - Created Pipeline RATIS THREE PipelineID=2b7afc1d-0e1d-46af-adb7-a04bbe52bb9f.
2023-06-06 14:29:07,108 [Time-limited test] INFO  ozone.MiniOzoneClusterImpl (MiniOzoneClusterImpl.java:lambda$waitForClusterToBeReady$0(222)) - Nodes are ready. Got 3 of 3 DN Heartbeats.
2023-06-06 14:29:07,108 [Time-limited test] INFO  ozone.MiniOzoneClusterImpl (MiniOzoneClusterImpl.java:lambda$waitForClusterToBeReady$0(225)) - Waiting for cluster to exit safe mode
2023-06-06 14:29:07,108 [Time-limited test] INFO  ozone.MiniOzoneClusterImpl (MiniOzoneClusterImpl.java:lambda$waitForClusterToBeReady$0(227)) - SCM became leader
2023-06-06 14:29:07,109 [PipelineCommandHandlerThread-0] INFO  server.RaftServer (RaftServerProxy.java:addNew(98)) - 157c8593-ba62-4444-a330-78d9c87b0794: addNew group-C2029AA22636:[157c8593-ba62-4444-a330-78d9c87b0794|rpc:10.1.0.37:15171|admin:10.1.0.37:15170|client:10.1.0.37:15169|dataStream:10.1.0.37:15172|priority:1|startupRole:FOLLOWER] returns group-C2029AA22636:java.util.concurrent.CompletableFuture@22438d8f[Not completed]
2023-06-06 14:29:07,110 [157c8593-ba62-4444-a330-78d9c87b0794-groupManagement] INFO  server.RaftServer$Division (RaftServerImpl.java:<init>(198)) - 157c8593-ba62-4444-a330-78d9c87b0794: new RaftServerImpl for group-C2029AA22636:[157c8593-ba62-4444-a330-78d9c87b0794|rpc:10.1.0.37:15171|admin:10.1.0.37:15170|client:10.1.0.37:15169|dataStream:10.1.0.37:15172|priority:1|startupRole:FOLLOWER] with ContainerStateMachine:uninitialized
2023-06-06 14:29:07,110 [157c8593-ba62-4444-a330-78d9c87b0794-groupManagement] INFO  server.RaftServerConfigKeys (ConfUtils.java:logGet(46)) - raft.server.rpc.timeout.min = 5s (custom)
2023-06-06 14:29:07,110 [157c8593-ba62-4444-a330-78d9c87b0794-groupManagement] INFO  server.RaftServerConfigKeys (ConfUtils.java:logGet(46)) - raft.server.rpc.timeout.max = 5200ms (custom)
2023-06-06 14:29:07,110 [157c8593-ba62-4444-a330-78d9c87b0794-groupManagement] INFO  server.RaftServerConfigKeys (ConfUtils.java:logGet(46)) - raft.server.rpc.sleep.time = 25ms (default)
2023-06-06 14:29:07,110 [157c8593-ba62-4444-a330-78d9c87b0794-groupManagement] INFO  server.RaftServerConfigKeys (ConfUtils.java:logGet(46)) - raft.server.rpc.slowness.timeout = 300s (custom)
2023-06-06 14:29:07,110 [157c8593-ba62-4444-a330-78d9c87b0794-groupManagement] INFO  server.RaftServerConfigKeys (ConfUtils.java:logGet(46)) - raft.server.leaderelection.leader.step-down.wait-time = 10s (default)
2023-06-06 14:29:07,110 [157c8593-ba62-4444-a330-78d9c87b0794-groupManagement] INFO  server.RaftServerConfigKeys (ConfUtils.java:logGet(46)) - raft.server.sleep.deviation.threshold = 300ms (default)
2023-06-06 14:29:07,110 [157c8593-ba62-4444-a330-78d9c87b0794-groupManagement] INFO  server.RaftServer$Division (ServerState.java:<init>(120)) - 157c8593-ba62-4444-a330-78d9c87b0794@group-C2029AA22636: ConfigurationManager, init=-1: peers:[157c8593-ba62-4444-a330-78d9c87b0794|rpc:10.1.0.37:15171|admin:10.1.0.37:15170|client:10.1.0.37:15169|dataStream:10.1.0.37:15172|priority:1|startupRole:FOLLOWER]|listeners:[], old=null, confs=<EMPTY_MAP>
2023-06-06 14:29:07,110 [157c8593-ba62-4444-a330-78d9c87b0794-groupManagement] INFO  server.RaftServerConfigKeys (ConfUtils.java:logGet(46)) - raft.server.storage.dir = [/home/runner/work/ozone/ozone/hadoop-ozone/integration-test/target/test-dir/MiniOzoneClusterImpl-311f1a44-6374-447a-8cc6-2b136736f8fc/datanode-2/data/ratis] (custom)
2023-06-06 14:29:07,110 [157c8593-ba62-4444-a330-78d9c87b0794-groupManagement] INFO  server.RaftServerConfigKeys (ConfUtils.java:logGet(46)) - raft.server.log.corruption.policy = EXCEPTION (default)
2023-06-06 14:29:07,110 [157c8593-ba62-4444-a330-78d9c87b0794-groupManagement] INFO  server.RaftServerConfigKeys (ConfUtils.java:logGet(46)) - raft.server.storage.free-space.min = 0MB (=0) (default)
2023-06-06 14:29:07,110 [157c8593-ba62-4444-a330-78d9c87b0794-groupManagement] INFO  server.RaftServerConfigKeys (ConfUtils.java:logGet(46)) - raft.server.notification.no-leader.timeout = 300s (custom)
2023-06-06 14:29:07,111 [157c8593-ba62-4444-a330-78d9c87b0794-groupManagement] INFO  server.RaftServerConfigKeys (ConfUtils.java:logGet(46)) - raft.server.read.timeout = 10s (default)
2023-06-06 14:29:07,111 [157c8593-ba62-4444-a330-78d9c87b0794-groupManagement] INFO  server.RaftServerConfigKeys (ConfUtils.java:logGet(46)) - raft.server.retrycache.expirytime = 600000ms (custom)
2023-06-06 14:29:07,111 [157c8593-ba62-4444-a330-78d9c87b0794-groupManagement] INFO  server.RaftServerConfigKeys (ConfUtils.java:logGet(46)) - raft.server.retrycache.statistics.expirytime = 100μs (default)
2023-06-06 14:29:07,111 [157c8593-ba62-4444-a330-78d9c87b0794-groupManagement] INFO  server.RaftServerConfigKeys (ConfUtils.java:logGet(46)) - raft.server.read.option = DEFAULT (default)
2023-06-06 14:29:07,111 [157c8593-ba62-4444-a330-78d9c87b0794-groupManagement] INFO  server.RaftServerConfigKeys (ConfUtils.java:logGet(46)) - raft.server.rpc.request.timeout = 60s (custom)
2023-06-06 14:29:07,111 [157c8593-ba62-4444-a330-78d9c87b0794-groupManagement] INFO  server.RaftServerConfigKeys (ConfUtils.java:logGet(46)) - raft.server.log.appender.install.snapshot.enabled = false (custom)
2023-06-06 14:29:07,111 [157c8593-ba62-4444-a330-78d9c87b0794-groupManagement] INFO  server.RaftServerConfigKeys (ConfUtils.java:logGet(46)) - raft.server.threadpool.server.cached = true (default)
2023-06-06 14:29:07,111 [157c8593-ba62-4444-a330-78d9c87b0794-groupManagement] INFO  server.RaftServerConfigKeys (ConfUtils.java:logGet(46)) - raft.server.threadpool.server.size = 0 (default)
2023-06-06 14:29:07,111 [157c8593-ba62-4444-a330-78d9c87b0794-groupManagement] INFO  server.RaftServerConfigKeys (ConfUtils.java:logGet(46)) - raft.server.threadpool.client.cached = true (default)
2023-06-06 14:29:07,111 [157c8593-ba62-4444-a330-78d9c87b0794-groupManagement] INFO  server.RaftServerConfigKeys (ConfUtils.java:logGet(46)) - raft.server.threadpool.client.size = 0 (default)
2023-06-06 14:29:07,112 [157c8593-ba62-4444-a330-78d9c87b0794-groupManagement] INFO  storage.RaftStorageDirectory (RaftStorageDirectoryImpl.java:analyzeStorage(137)) - The storage directory /home/runner/work/ozone/ozone/hadoop-ozone/integration-test/target/test-dir/MiniOzoneClusterImpl-311f1a44-6374-447a-8cc6-2b136736f8fc/datanode-2/data/ratis/568f4703-462d-4c66-a3cc-c2029aa22636 does not exist. Creating ...
2023-06-06 14:29:07,113 [157c8593-ba62-4444-a330-78d9c87b0794-groupManagement] INFO  storage.RaftStorageDirectory (RaftStorageDirectoryImpl.java:tryLock(231)) - Lock on /home/runner/work/ozone/ozone/hadoop-ozone/integration-test/target/test-dir/MiniOzoneClusterImpl-311f1a44-6374-447a-8cc6-2b136736f8fc/datanode-2/data/ratis/568f4703-462d-4c66-a3cc-c2029aa22636/in_use.lock acquired by nodename 75814@fv-az1133-973
2023-06-06 14:29:07,114 [157c8593-ba62-4444-a330-78d9c87b0794-groupManagement] INFO  storage.RaftStorage (RaftStorageImpl.java:format(96)) - Storage directory /home/runner/work/ozone/ozone/hadoop-ozone/integration-test/target/test-dir/MiniOzoneClusterImpl-311f1a44-6374-447a-8cc6-2b136736f8fc/datanode-2/data/ratis/568f4703-462d-4c66-a3cc-c2029aa22636 has been successfully formatted.
2023-06-06 14:29:07,114 [157c8593-ba62-4444-a330-78d9c87b0794-groupManagement] INFO  ratis.ContainerStateMachine (ContainerStateMachine.java:loadSnapshot(262)) - group-C2029AA22636: The snapshot info is null. Setting the last applied indexto:(t:0, i:~)
2023-06-06 14:29:07,114 [157c8593-ba62-4444-a330-78d9c87b0794-groupManagement] INFO  server.RaftServerConfigKeys (ConfUtils.java:logGet(46)) - raft.server.log.use.memory = false (default)
2023-06-06 14:29:07,114 [157c8593-ba62-4444-a330-78d9c87b0794-groupManagement] INFO  server.RaftServerConfigKeys (ConfUtils.java:logGet(46)) - raft.server.log.purge.gap = 1000000 (custom)
2023-06-06 14:29:07,114 [157c8593-ba62-4444-a330-78d9c87b0794-groupManagement] INFO  server.RaftServerConfigKeys (ConfUtils.java:logGet(46)) - raft.server.log.appender.buffer.byte-limit = 33554432 (custom)
2023-06-06 14:29:07,114 [157c8593-ba62-4444-a330-78d9c87b0794-groupManagement] INFO  server.RaftServerConfigKeys (ConfUtils.java:logGet(46)) - raft.server.log.statemachine.data.read.timeout = 1000ms (default)
2023-06-06 14:29:07,114 [157c8593-ba62-4444-a330-78d9c87b0794-groupManagement] INFO  server.RaftServerConfigKeys (ConfUtils.java:logGet(46)) - raft.server.log.purge.preservation.log.num = 0 (default)
2023-06-06 14:29:07,115 [157c8593-ba62-4444-a330-78d9c87b0794-groupManagement] INFO  server.RaftServerConfigKeys (ConfUtils.java:logGet(46)) - raft.server.log.segment.size.max = 1048576 (custom)
2023-06-06 14:29:07,115 [157c8593-ba62-4444-a330-78d9c87b0794-groupManagement] INFO  server.RaftServerConfigKeys (ConfUtils.java:logGet(46)) - raft.server.log.segment.cache.num.max = 2 (custom)
2023-06-06 14:29:07,115 [157c8593-ba62-4444-a330-78d9c87b0794-groupManagement] INFO  server.RaftServerConfigKeys (ConfUtils.java:logGet(46)) - raft.server.log.segment.cache.size.max = 200MB (=209715200) (default)
2023-06-06 14:29:07,115 [157c8593-ba62-4444-a330-78d9c87b0794-groupManagement] INFO  server.RaftServerConfigKeys (ConfUtils.java:logGet(46)) - raft.server.log.appender.buffer.byte-limit = 33554432 (custom)
2023-06-06 14:29:07,116 [157c8593-ba62-4444-a330-78d9c87b0794-groupManagement] INFO  segmented.SegmentedRaftLogWorker (SegmentedRaftLogWorker.java:<init>(188)) - new 157c8593-ba62-4444-a330-78d9c87b0794@group-C2029AA22636-SegmentedRaftLogWorker for RaftStorageImpl:Storage Directory /home/runner/work/ozone/ozone/hadoop-ozone/integration-test/target/test-dir/MiniOzoneClusterImpl-311f1a44-6374-447a-8cc6-2b136736f8fc/datanode-2/data/ratis/568f4703-462d-4c66-a3cc-c2029aa22636
2023-06-06 14:29:07,116 [157c8593-ba62-4444-a330-78d9c87b0794-groupManagement] INFO  server.RaftServerConfigKeys (ConfUtils.java:logGet(46)) - raft.server.log.queue.byte-limit = 4294967296 (custom)
2023-06-06 14:29:07,116 [157c8593-ba62-4444-a330-78d9c87b0794-groupManagement] INFO  server.RaftServerConfigKeys (ConfUtils.java:logGet(46)) - raft.server.log.queue.element-limit = 1024 (custom)
2023-06-06 14:29:07,116 [157c8593-ba62-4444-a330-78d9c87b0794-groupManagement] INFO  server.RaftServerConfigKeys (ConfUtils.java:logGet(46)) - raft.server.log.segment.size.max = 1048576 (custom)
2023-06-06 14:29:07,116 [157c8593-ba62-4444-a330-78d9c87b0794-groupManagement] INFO  server.RaftServerConfigKeys (ConfUtils.java:logGet(46)) - raft.server.log.preallocated.size = 16384 (custom)
2023-06-06 14:29:07,116 [157c8593-ba62-4444-a330-78d9c87b0794-groupManagement] INFO  server.RaftServerConfigKeys (ConfUtils.java:logGet(46)) - raft.server.log.force.sync.num = 128 (default)
2023-06-06 14:29:07,116 [157c8593-ba62-4444-a330-78d9c87b0794-groupManagement] INFO  server.RaftServerConfigKeys (ConfUtils.java:logGet(46)) - raft.server.log.statemachine.data.sync = true (default)
2023-06-06 14:29:07,117 [157c8593-ba62-4444-a330-78d9c87b0794-groupManagement] INFO  server.RaftServerConfigKeys (ConfUtils.java:logGet(46)) - raft.server.log.statemachine.data.sync.timeout = 10s (default)
2023-06-06 14:29:07,118 [157c8593-ba62-4444-a330-78d9c87b0794-groupManagement] INFO  server.RaftServerConfigKeys (ConfUtils.java:logGet(46)) - raft.server.log.statemachine.data.sync.timeout.retry = -1 (default)
2023-06-06 14:29:07,118 [EventQueue-PipelineReportForPipelineReportHandler] INFO  pipeline.PipelineManagerImpl (PipelineManagerImpl.java:openPipeline(367)) - Pipeline Pipeline[ Id: 568f4703-462d-4c66-a3cc-c2029aa22636, Nodes: 157c8593-ba62-4444-a330-78d9c87b0794(fv-az1133-973.qlb2sqfkji0uhjsjdnlwzcsdwg.bx.internal.cloudapp.net/10.1.0.37), ReplicationConfig: RATIS/ONE, State:ALLOCATED, leaderId:157c8593-ba62-4444-a330-78d9c87b0794, CreationTimestamp2023-06-06T14:29:04.111Z[Etc/UTC]] moved to OPEN state
2023-06-06 14:29:07,119 [EventQueue-OpenPipelineForHealthyPipelineSafeModeRule] INFO  safemode.SCMSafeModeManager (HealthyPipelineSafeModeRule.java:process(137)) - SCM in safe mode. Healthy pipelines reported count is 0, required healthy pipeline reported count is 1
2023-06-06 14:29:07,119 [157c8593-ba62-4444-a330-78d9c87b0794-groupManagement] INFO  server.RaftServerConfigKeys (ConfUtils.java:logGet(46)) - raft.server.log.write.buffer.size = 1048576 (custom)
2023-06-06 14:29:07,120 [157c8593-ba62-4444-a330-78d9c87b0794-groupManagement] INFO  server.RaftServerConfigKeys (ConfUtils.java:logGet(46)) - raft.server.log.appender.buffer.byte-limit = 33554432 (custom)
2023-06-06 14:29:07,125 [157c8593-ba62-4444-a330-78d9c87b0794-groupManagement] INFO  server.RaftServerConfigKeys (ConfUtils.java:logGet(46)) - raft.server.log.unsafe-flush.enabled = false (default)
2023-06-06 14:29:07,125 [157c8593-ba62-4444-a330-78d9c87b0794-groupManagement] INFO  server.RaftServerConfigKeys (ConfUtils.java:logGet(46)) - raft.server.log.async-flush.enabled = false (default)
2023-06-06 14:29:07,125 [157c8593-ba62-4444-a330-78d9c87b0794-groupManagement] INFO  server.RaftServerConfigKeys (ConfUtils.java:logGet(46)) - raft.server.log.statemachine.data.caching.enabled = true (custom)
2023-06-06 14:29:07,125 [157c8593-ba62-4444-a330-78d9c87b0794-groupManagement] INFO  segmented.SegmentedRaftLogWorker (SegmentedRaftLogWorker.java:lambda$new$0(135)) - 157c8593-ba62-4444-a330-78d9c87b0794@group-C2029AA22636-SegmentedRaftLogWorker: flushIndex: setUnconditionally 0 -> -1
2023-06-06 14:29:07,125 [157c8593-ba62-4444-a330-78d9c87b0794-groupManagement] INFO  segmented.SegmentedRaftLogWorker (SegmentedRaftLogWorker.java:lambda$new$0(135)) - 157c8593-ba62-4444-a330-78d9c87b0794@group-C2029AA22636-SegmentedRaftLogWorker: safeCacheEvictIndex: setUnconditionally 0 -> -1
2023-06-06 14:29:07,125 [157c8593-ba62-4444-a330-78d9c87b0794-groupManagement] INFO  server.RaftServer$Division (RaftServerImpl.java:start(342)) - 157c8593-ba62-4444-a330-78d9c87b0794@group-C2029AA22636: start as a follower, conf=-1: peers:[157c8593-ba62-4444-a330-78d9c87b0794|rpc:10.1.0.37:15171|admin:10.1.0.37:15170|client:10.1.0.37:15169|dataStream:10.1.0.37:15172|priority:1|startupRole:FOLLOWER]|listeners:[], old=null
2023-06-06 14:29:07,125 [157c8593-ba62-4444-a330-78d9c87b0794-groupManagement] INFO  server.RaftServer$Division (RaftServerImpl.java:setRole(329)) - 157c8593-ba62-4444-a330-78d9c87b0794@group-C2029AA22636: changes role from      null to FOLLOWER at term 0 for startAsFollower
2023-06-06 14:29:07,125 [157c8593-ba62-4444-a330-78d9c87b0794-groupManagement] INFO  impl.RoleInfo (RoleInfo.java:updateAndGet(139)) - 157c8593-ba62-4444-a330-78d9c87b0794: start 157c8593-ba62-4444-a330-78d9c87b0794@group-C2029AA22636-FollowerState
2023-06-06 14:29:07,125 [157c8593-ba62-4444-a330-78d9c87b0794@group-C2029AA22636-FollowerState] INFO  server.RaftServerConfigKeys (ConfUtils.java:logFallback(53)) - raft.server.rpc.first-election.timeout.min = 5s (fallback to raft.server.rpc.timeout.min)
2023-06-06 14:29:07,128 [157c8593-ba62-4444-a330-78d9c87b0794-groupManagement] INFO  util.JmxRegister (JmxRegister.java:tryRegister(44)) - Successfully registered JMX Bean with object name Ratis:service=RaftServer,group=group-C2029AA22636,id=157c8593-ba62-4444-a330-78d9c87b0794
2023-06-06 14:29:07,128 [157c8593-ba62-4444-a330-78d9c87b0794@group-C2029AA22636-FollowerState] INFO  server.RaftServerConfigKeys (ConfUtils.java:logFallback(53)) - raft.server.rpc.first-election.timeout.max = 5200ms (fallback to raft.server.rpc.timeout.max)
2023-06-06 14:29:07,128 [157c8593-ba62-4444-a330-78d9c87b0794-groupManagement] INFO  server.RaftServerConfigKeys (ConfUtils.java:logGet(46)) - raft.server.snapshot.auto.trigger.enabled = true (custom)
2023-06-06 14:29:07,128 [157c8593-ba62-4444-a330-78d9c87b0794-groupManagement] INFO  server.RaftServerConfigKeys (ConfUtils.java:logGet(46)) - raft.server.snapshot.auto.trigger.threshold = 10000 (custom)
2023-06-06 14:29:07,128 [157c8593-ba62-4444-a330-78d9c87b0794-groupManagement] INFO  server.RaftServerConfigKeys (ConfUtils.java:logGet(46)) - raft.server.snapshot.retention.file.num = 5 (custom)
2023-06-06 14:29:07,128 [157c8593-ba62-4444-a330-78d9c87b0794-groupManagement] INFO  server.RaftServerConfigKeys (ConfUtils.java:logGet(46)) - raft.server.log.purge.upto.snapshot.index = false (default)
2023-06-06 14:29:07,129 [PipelineCommandHandlerThread-0] INFO  ratis.XceiverServerRatis (XceiverServerRatis.java:addGroup(804)) - Created group PipelineID=568f4703-462d-4c66-a3cc-c2029aa22636
2023-06-06 14:29:07,129 [PipelineCommandHandlerThread-0] INFO  commandhandler.CreatePipelineCommandHandler (CreatePipelineCommandHandler.java:lambda$handle$2(124)) - Created Pipeline RATIS ONE PipelineID=568f4703-462d-4c66-a3cc-c2029aa22636.
2023-06-06 14:29:08,108 [Time-limited test] INFO  ozone.MiniOzoneClusterImpl (MiniOzoneClusterImpl.java:lambda$waitForClusterToBeReady$0(222)) - Nodes are ready. Got 3 of 3 DN Heartbeats.
2023-06-06 14:29:08,108 [Time-limited test] INFO  ozone.MiniOzoneClusterImpl (MiniOzoneClusterImpl.java:lambda$waitForClusterToBeReady$0(225)) - Waiting for cluster to exit safe mode
2023-06-06 14:29:08,109 [Time-limited test] INFO  ozone.MiniOzoneClusterImpl (MiniOzoneClusterImpl.java:lambda$waitForClusterToBeReady$0(227)) - SCM became leader
2023-06-06 14:29:09,109 [Time-limited test] INFO  ozone.MiniOzoneClusterImpl (MiniOzoneClusterImpl.java:lambda$waitForClusterToBeReady$0(222)) - Nodes are ready. Got 3 of 3 DN Heartbeats.
2023-06-06 14:29:09,109 [Time-limited test] INFO  ozone.MiniOzoneClusterImpl (MiniOzoneClusterImpl.java:lambda$waitForClusterToBeReady$0(225)) - Waiting for cluster to exit safe mode
2023-06-06 14:29:09,109 [Time-limited test] INFO  ozone.MiniOzoneClusterImpl (MiniOzoneClusterImpl.java:lambda$waitForClusterToBeReady$0(227)) - SCM became leader
2023-06-06 14:29:10,109 [Time-limited test] INFO  ozone.MiniOzoneClusterImpl (MiniOzoneClusterImpl.java:lambda$waitForClusterToBeReady$0(222)) - Nodes are ready. Got 3 of 3 DN Heartbeats.
2023-06-06 14:29:10,109 [Time-limited test] INFO  ozone.MiniOzoneClusterImpl (MiniOzoneClusterImpl.java:lambda$waitForClusterToBeReady$0(225)) - Waiting for cluster to exit safe mode
2023-06-06 14:29:10,109 [Time-limited test] INFO  ozone.MiniOzoneClusterImpl (MiniOzoneClusterImpl.java:lambda$waitForClusterToBeReady$0(227)) - SCM became leader
2023-06-06 14:29:11,110 [Time-limited test] INFO  ozone.MiniOzoneClusterImpl (MiniOzoneClusterImpl.java:lambda$waitForClusterToBeReady$0(222)) - Nodes are ready. Got 3 of 3 DN Heartbeats.
2023-06-06 14:29:11,110 [Time-limited test] INFO  ozone.MiniOzoneClusterImpl (MiniOzoneClusterImpl.java:lambda$waitForClusterToBeReady$0(225)) - Waiting for cluster to exit safe mode
2023-06-06 14:29:11,110 [Time-limited test] INFO  ozone.MiniOzoneClusterImpl (MiniOzoneClusterImpl.java:lambda$waitForClusterToBeReady$0(227)) - SCM became leader
2023-06-06 14:29:11,559 [30c53b57-84aa-4907-b898-4ab0d8d18ef9@group-F221C6391371-FollowerState] INFO  impl.FollowerState (FollowerState.java:run(143)) - 30c53b57-84aa-4907-b898-4ab0d8d18ef9@group-F221C6391371-FollowerState: change to CANDIDATE, lastRpcElapsedTime:5030604282ns, electionTimeout:5030ms
2023-06-06 14:29:11,560 [30c53b57-84aa-4907-b898-4ab0d8d18ef9@group-F221C6391371-FollowerState] INFO  impl.RoleInfo (RoleInfo.java:shutdownFollowerState(110)) - 30c53b57-84aa-4907-b898-4ab0d8d18ef9: shutdown 30c53b57-84aa-4907-b898-4ab0d8d18ef9@group-F221C6391371-FollowerState
2023-06-06 14:29:11,560 [30c53b57-84aa-4907-b898-4ab0d8d18ef9@group-F221C6391371-FollowerState] INFO  server.RaftServer$Division (RaftServerImpl.java:setRole(329)) - 30c53b57-84aa-4907-b898-4ab0d8d18ef9@group-F221C6391371: changes role from  FOLLOWER to CANDIDATE at term 0 for changeToCandidate
2023-06-06 14:29:11,560 [30c53b57-84aa-4907-b898-4ab0d8d18ef9@group-F221C6391371-FollowerState] INFO  server.RaftServerConfigKeys (ConfUtils.java:logGet(46)) - raft.server.leaderelection.pre-vote = true (default)
2023-06-06 14:29:11,560 [30c53b57-84aa-4907-b898-4ab0d8d18ef9@group-F221C6391371-FollowerState] INFO  impl.RoleInfo (RoleInfo.java:updateAndGet(139)) - 30c53b57-84aa-4907-b898-4ab0d8d18ef9: start 30c53b57-84aa-4907-b898-4ab0d8d18ef9@group-F221C6391371-LeaderElection30
2023-06-06 14:29:11,563 [30c53b57-84aa-4907-b898-4ab0d8d18ef9@group-F221C6391371-LeaderElection30] INFO  impl.LeaderElection (LeaderElection.java:askForVotes(321)) - 30c53b57-84aa-4907-b898-4ab0d8d18ef9@group-F221C6391371-LeaderElection30 PRE_VOTE round 0: submit vote requests at term 0 for -1: peers:[a8cecc1f-3f3f-4377-b117-1e6c466c1e86|rpc:10.1.0.37:15162|admin:10.1.0.37:15161|client:10.1.0.37:15160|dataStream:10.1.0.37:15163|priority:1|startupRole:FOLLOWER, 157c8593-ba62-4444-a330-78d9c87b0794|rpc:10.1.0.37:15171|admin:10.1.0.37:15170|client:10.1.0.37:15169|dataStream:10.1.0.37:15172|priority:0|startupRole:FOLLOWER, 30c53b57-84aa-4907-b898-4ab0d8d18ef9|rpc:10.1.0.37:15153|admin:10.1.0.37:15152|client:10.1.0.37:15151|dataStream:10.1.0.37:15154|priority:0|startupRole:FOLLOWER]|listeners:[], old=null
2023-06-06 14:29:11,564 [30c53b57-84aa-4907-b898-4ab0d8d18ef9@group-F221C6391371-LeaderElection30-1] INFO  server.GrpcServerProtocolClient (GrpcServerProtocolClient.java:<init>(65)) - Build channel for a8cecc1f-3f3f-4377-b117-1e6c466c1e86
2023-06-06 14:29:11,569 [30c53b57-84aa-4907-b898-4ab0d8d18ef9@group-F221C6391371-LeaderElection30] INFO  server.RaftServerConfigKeys (ConfUtils.java:logFallback(53)) - raft.server.rpc.first-election.timeout.min = 5s (fallback to raft.server.rpc.timeout.min)
2023-06-06 14:29:11,569 [30c53b57-84aa-4907-b898-4ab0d8d18ef9@group-F221C6391371-LeaderElection30] INFO  server.RaftServerConfigKeys (ConfUtils.java:logFallback(53)) - raft.server.rpc.first-election.timeout.max = 5200ms (fallback to raft.server.rpc.timeout.max)
2023-06-06 14:29:11,574 [grpc-default-executor-0] INFO  server.RaftServer$Division (RaftServerImpl.java:requestVote(1302)) - a8cecc1f-3f3f-4377-b117-1e6c466c1e86@group-F221C6391371: receive requestVote(PRE_VOTE, 30c53b57-84aa-4907-b898-4ab0d8d18ef9, group-F221C6391371, 0, (t:0, i:0))
2023-06-06 14:29:11,574 [grpc-default-executor-0] INFO  impl.VoteContext (VoteContext.java:log(49)) - a8cecc1f-3f3f-4377-b117-1e6c466c1e86@group-F221C6391371-FOLLOWER: reject PRE_VOTE from 30c53b57-84aa-4907-b898-4ab0d8d18ef9: our priority 1 > candidate's priority 0
2023-06-06 14:29:11,574 [grpc-default-executor-0] INFO  server.RaftServer$Division (RaftServerImpl.java:requestVote(1335)) - a8cecc1f-3f3f-4377-b117-1e6c466c1e86@group-F221C6391371 replies to PRE_VOTE vote request: 30c53b57-84aa-4907-b898-4ab0d8d18ef9<-a8cecc1f-3f3f-4377-b117-1e6c466c1e86#0:FAIL-t0. Peer's state: a8cecc1f-3f3f-4377-b117-1e6c466c1e86@group-F221C6391371:t0, leader=null, voted=, raftlog=Memoized:a8cecc1f-3f3f-4377-b117-1e6c466c1e86@group-F221C6391371-SegmentedRaftLog:OPENED:c-1, conf=-1: peers:[a8cecc1f-3f3f-4377-b117-1e6c466c1e86|rpc:10.1.0.37:15162|admin:10.1.0.37:15161|client:10.1.0.37:15160|dataStream:10.1.0.37:15163|priority:1|startupRole:FOLLOWER, 157c8593-ba62-4444-a330-78d9c87b0794|rpc:10.1.0.37:15171|admin:10.1.0.37:15170|client:10.1.0.37:15169|dataStream:10.1.0.37:15172|priority:0|startupRole:FOLLOWER, 30c53b57-84aa-4907-b898-4ab0d8d18ef9|rpc:10.1.0.37:15153|admin:10.1.0.37:15152|client:10.1.0.37:15151|dataStream:10.1.0.37:15154|priority:0|startupRole:FOLLOWER]|listeners:[], old=null
2023-06-06 14:29:11,577 [30c53b57-84aa-4907-b898-4ab0d8d18ef9@group-F221C6391371-LeaderElection30] INFO  impl.LeaderElection (LeaderElection.java:logAndReturn(90)) - 30c53b57-84aa-4907-b898-4ab0d8d18ef9@group-F221C6391371-LeaderElection30: PRE_VOTE REJECTED received 1 response(s) and 0 exception(s):
2023-06-06 14:29:11,578 [30c53b57-84aa-4907-b898-4ab0d8d18ef9@group-F221C6391371-LeaderElection30] INFO  impl.LeaderElection (LeaderElection.java:logAndReturn(94)) -   Response 0: 30c53b57-84aa-4907-b898-4ab0d8d18ef9<-a8cecc1f-3f3f-4377-b117-1e6c466c1e86#0:FAIL-t0
2023-06-06 14:29:11,578 [30c53b57-84aa-4907-b898-4ab0d8d18ef9@group-F221C6391371-LeaderElection30] INFO  impl.LeaderElection (LeaderElection.java:askForVotes(323)) - 30c53b57-84aa-4907-b898-4ab0d8d18ef9@group-F221C6391371-LeaderElection30 PRE_VOTE round 0: result REJECTED
2023-06-06 14:29:11,578 [30c53b57-84aa-4907-b898-4ab0d8d18ef9@group-F221C6391371-LeaderElection30] INFO  server.RaftServer$Division (RaftServerImpl.java:setRole(329)) - 30c53b57-84aa-4907-b898-4ab0d8d18ef9@group-F221C6391371: changes role from CANDIDATE to FOLLOWER at term 0 for REJECTED
2023-06-06 14:29:11,578 [30c53b57-84aa-4907-b898-4ab0d8d18ef9@group-F221C6391371-LeaderElection30] INFO  impl.RoleInfo (RoleInfo.java:shutdownLeaderElection(130)) - 30c53b57-84aa-4907-b898-4ab0d8d18ef9: shutdown 30c53b57-84aa-4907-b898-4ab0d8d18ef9@group-F221C6391371-LeaderElection30
2023-06-06 14:29:11,578 [30c53b57-84aa-4907-b898-4ab0d8d18ef9@group-F221C6391371-LeaderElection30] INFO  impl.RoleInfo (RoleInfo.java:updateAndGet(139)) - 30c53b57-84aa-4907-b898-4ab0d8d18ef9: start 30c53b57-84aa-4907-b898-4ab0d8d18ef9@group-F221C6391371-FollowerState
2023-06-06 14:29:11,578 [30c53b57-84aa-4907-b898-4ab0d8d18ef9@group-F221C6391371-LeaderElection30-2] INFO  server.GrpcServerProtocolClient (GrpcServerProtocolClient.java:<init>(65)) - Build channel for 157c8593-ba62-4444-a330-78d9c87b0794
2023-06-06 14:29:11,587 [grpc-default-executor-0] INFO  server.RaftServer$Division (RaftServerImpl.java:requestVote(1302)) - 157c8593-ba62-4444-a330-78d9c87b0794@group-F221C6391371: receive requestVote(PRE_VOTE, 30c53b57-84aa-4907-b898-4ab0d8d18ef9, group-F221C6391371, 0, (t:0, i:0))
2023-06-06 14:29:11,588 [grpc-default-executor-0] INFO  impl.VoteContext (VoteContext.java:log(49)) - 157c8593-ba62-4444-a330-78d9c87b0794@group-F221C6391371-FOLLOWER: accept PRE_VOTE from 30c53b57-84aa-4907-b898-4ab0d8d18ef9: our priority 0 <= candidate's priority 0
2023-06-06 14:29:11,588 [grpc-default-executor-0] INFO  server.RaftServer$Division (RaftServerImpl.java:requestVote(1335)) - 157c8593-ba62-4444-a330-78d9c87b0794@group-F221C6391371 replies to PRE_VOTE vote request: 30c53b57-84aa-4907-b898-4ab0d8d18ef9<-157c8593-ba62-4444-a330-78d9c87b0794#0:OK-t0. Peer's state: 157c8593-ba62-4444-a330-78d9c87b0794@group-F221C6391371:t0, leader=null, voted=, raftlog=Memoized:157c8593-ba62-4444-a330-78d9c87b0794@group-F221C6391371-SegmentedRaftLog:OPENED:c-1, conf=-1: peers:[a8cecc1f-3f3f-4377-b117-1e6c466c1e86|rpc:10.1.0.37:15162|admin:10.1.0.37:15161|client:10.1.0.37:15160|dataStream:10.1.0.37:15163|priority:1|startupRole:FOLLOWER, 157c8593-ba62-4444-a330-78d9c87b0794|rpc:10.1.0.37:15171|admin:10.1.0.37:15170|client:10.1.0.37:15169|dataStream:10.1.0.37:15172|priority:0|startupRole:FOLLOWER, 30c53b57-84aa-4907-b898-4ab0d8d18ef9|rpc:10.1.0.37:15153|admin:10.1.0.37:15152|client:10.1.0.37:15151|dataStream:10.1.0.37:15154|priority:0|startupRole:FOLLOWER]|listeners:[], old=null
2023-06-06 14:29:11,597 [30c53b57-84aa-4907-b898-4ab0d8d18ef9@group-01630A08DF52-FollowerState] INFO  impl.FollowerState (FollowerState.java:run(143)) - 30c53b57-84aa-4907-b898-4ab0d8d18ef9@group-01630A08DF52-FollowerState: change to CANDIDATE, lastRpcElapsedTime:5091643555ns, electionTimeout:5087ms
2023-06-06 14:29:11,597 [30c53b57-84aa-4907-b898-4ab0d8d18ef9@group-01630A08DF52-FollowerState] INFO  impl.RoleInfo (RoleInfo.java:shutdownFollowerState(110)) - 30c53b57-84aa-4907-b898-4ab0d8d18ef9: shutdown 30c53b57-84aa-4907-b898-4ab0d8d18ef9@group-01630A08DF52-FollowerState
2023-06-06 14:29:11,597 [30c53b57-84aa-4907-b898-4ab0d8d18ef9@group-01630A08DF52-FollowerState] INFO  server.RaftServer$Division (RaftServerImpl.java:setRole(329)) - 30c53b57-84aa-4907-b898-4ab0d8d18ef9@group-01630A08DF52: changes role from  FOLLOWER to CANDIDATE at term 0 for changeToCandidate
2023-06-06 14:29:11,598 [30c53b57-84aa-4907-b898-4ab0d8d18ef9@group-01630A08DF52-FollowerState] INFO  server.RaftServerConfigKeys (ConfUtils.java:logGet(46)) - raft.server.leaderelection.pre-vote = true (default)
2023-06-06 14:29:11,598 [30c53b57-84aa-4907-b898-4ab0d8d18ef9@group-01630A08DF52-FollowerState] INFO  impl.RoleInfo (RoleInfo.java:updateAndGet(139)) - 30c53b57-84aa-4907-b898-4ab0d8d18ef9: start 30c53b57-84aa-4907-b898-4ab0d8d18ef9@group-01630A08DF52-LeaderElection31
2023-06-06 14:29:11,599 [30c53b57-84aa-4907-b898-4ab0d8d18ef9@group-01630A08DF52-LeaderElection31] INFO  impl.LeaderElection (LeaderElection.java:askForVotes(321)) - 30c53b57-84aa-4907-b898-4ab0d8d18ef9@group-01630A08DF52-LeaderElection31 PRE_VOTE round 0: submit vote requests at term 0 for -1: peers:[30c53b57-84aa-4907-b898-4ab0d8d18ef9|rpc:10.1.0.37:15153|admin:10.1.0.37:15152|client:10.1.0.37:15151|dataStream:10.1.0.37:15154|priority:1|startupRole:FOLLOWER]|listeners:[], old=null
2023-06-06 14:29:11,599 [30c53b57-84aa-4907-b898-4ab0d8d18ef9@group-01630A08DF52-LeaderElection31] INFO  impl.LeaderElection (LeaderElection.java:askForVotes(323)) - 30c53b57-84aa-4907-b898-4ab0d8d18ef9@group-01630A08DF52-LeaderElection31 PRE_VOTE round 0: result PASSED (term=0)
2023-06-06 14:29:11,601 [30c53b57-84aa-4907-b898-4ab0d8d18ef9@group-01630A08DF52-LeaderElection31] INFO  impl.LeaderElection (LeaderElection.java:askForVotes(321)) - 30c53b57-84aa-4907-b898-4ab0d8d18ef9@group-01630A08DF52-LeaderElection31 ELECTION round 0: submit vote requests at term 1 for -1: peers:[30c53b57-84aa-4907-b898-4ab0d8d18ef9|rpc:10.1.0.37:15153|admin:10.1.0.37:15152|client:10.1.0.37:15151|dataStream:10.1.0.37:15154|priority:1|startupRole:FOLLOWER]|listeners:[], old=null
2023-06-06 14:29:11,601 [30c53b57-84aa-4907-b898-4ab0d8d18ef9@group-01630A08DF52-LeaderElection31] INFO  impl.LeaderElection (LeaderElection.java:askForVotes(323)) - 30c53b57-84aa-4907-b898-4ab0d8d18ef9@group-01630A08DF52-LeaderElection31 ELECTION round 0: result PASSED (term=1)
2023-06-06 14:29:11,602 [30c53b57-84aa-4907-b898-4ab0d8d18ef9@group-01630A08DF52-LeaderElection31] INFO  impl.RoleInfo (RoleInfo.java:shutdownLeaderElection(130)) - 30c53b57-84aa-4907-b898-4ab0d8d18ef9: shutdown 30c53b57-84aa-4907-b898-4ab0d8d18ef9@group-01630A08DF52-LeaderElection31
2023-06-06 14:29:11,602 [30c53b57-84aa-4907-b898-4ab0d8d18ef9@group-01630A08DF52-LeaderElection31] INFO  server.RaftServer$Division (RaftServerImpl.java:setRole(329)) - 30c53b57-84aa-4907-b898-4ab0d8d18ef9@group-01630A08DF52: changes role from CANDIDATE to LEADER at term 1 for changeToLeader
2023-06-06 14:29:11,602 [30c53b57-84aa-4907-b898-4ab0d8d18ef9@group-01630A08DF52-LeaderElection31] INFO  ratis.XceiverServerRatis (XceiverServerRatis.java:handleLeaderChangedNotification(902)) - Leader change notification received for group: group-01630A08DF52 with new leaderId: 30c53b57-84aa-4907-b898-4ab0d8d18ef9
2023-06-06 14:29:11,602 [30c53b57-84aa-4907-b898-4ab0d8d18ef9@group-01630A08DF52-LeaderElection31] INFO  server.RaftServer$Division (ServerState.java:setLeader(317)) - 30c53b57-84aa-4907-b898-4ab0d8d18ef9@group-01630A08DF52: change Leader from null to 30c53b57-84aa-4907-b898-4ab0d8d18ef9 at term 1 for becomeLeader, leader elected after 5112ms
2023-06-06 14:29:11,603 [EventQueue-OpenPipelineForHealthyPipelineSafeModeRule] INFO  safemode.SCMSafeModeManager (HealthyPipelineSafeModeRule.java:process(137)) - SCM in safe mode. Healthy pipelines reported count is 0, required healthy pipeline reported count is 1
2023-06-06 14:29:11,604 [30c53b57-84aa-4907-b898-4ab0d8d18ef9@group-01630A08DF52-LeaderElection31] INFO  server.RaftServerConfigKeys (ConfUtils.java:logGet(46)) - raft.server.staging.catchup.gap = 1000 (default)
2023-06-06 14:29:11,604 [30c53b57-84aa-4907-b898-4ab0d8d18ef9@group-01630A08DF52-LeaderElection31] INFO  server.RaftServerConfigKeys (ConfUtils.java:logGet(46)) - raft.server.write.element-limit = 1024 (custom)
2023-06-06 14:29:11,604 [30c53b57-84aa-4907-b898-4ab0d8d18ef9@group-01630A08DF52-LeaderElection31] INFO  server.RaftServerConfigKeys (ConfUtils.java:logGet(46)) - raft.server.write.byte-limit = 1024 M (=1073741824) (custom)
2023-06-06 14:29:11,604 [30c53b57-84aa-4907-b898-4ab0d8d18ef9@group-01630A08DF52-LeaderElection31] INFO  server.RaftServerConfigKeys (ConfUtils.java:logGet(46)) - raft.server.watch.timeout = 180s (custom)
2023-06-06 14:29:11,605 [30c53b57-84aa-4907-b898-4ab0d8d18ef9@group-01630A08DF52-LeaderElection31] INFO  server.RaftServerConfigKeys (ConfUtils.java:logGet(46)) - raft.server.watch.timeout.denomination = 1s (default)
2023-06-06 14:29:11,605 [30c53b57-84aa-4907-b898-4ab0d8d18ef9@group-01630A08DF52-LeaderElection31] INFO  server.RaftServerConfigKeys (ConfUtils.java:logGet(46)) - raft.server.watch.element-limit = 65536 (default)
2023-06-06 14:29:11,605 [30c53b57-84aa-4907-b898-4ab0d8d18ef9@group-01630A08DF52-LeaderElection31] INFO  server.RaftServerConfigKeys (ConfUtils.java:logGet(46)) - raft.server.write.element-limit = 1024 (custom)
2023-06-06 14:29:11,605 [30c53b57-84aa-4907-b898-4ab0d8d18ef9@group-01630A08DF52-LeaderElection31] INFO  server.RaftServerConfigKeys (ConfUtils.java:logGet(46)) - raft.server.write.follower.gap.ratio.max = -1.0 (default)
2023-06-06 14:29:11,605 [30c53b57-84aa-4907-b898-4ab0d8d18ef9@group-01630A08DF52-LeaderElection31] INFO  impl.RoleInfo (RoleInfo.java:updateAndGet(139)) - 30c53b57-84aa-4907-b898-4ab0d8d18ef9: start 30c53b57-84aa-4907-b898-4ab0d8d18ef9@group-01630A08DF52-LeaderStateImpl
2023-06-06 14:29:11,605 [30c53b57-84aa-4907-b898-4ab0d8d18ef9@group-01630A08DF52-LeaderElection31] INFO  segmented.SegmentedRaftLogWorker (SegmentedRaftLogWorker.java:startLogSegment(447)) - 30c53b57-84aa-4907-b898-4ab0d8d18ef9@group-01630A08DF52-SegmentedRaftLogWorker: Starting segment from index:0
2023-06-06 14:29:11,606 [30c53b57-84aa-4907-b898-4ab0d8d18ef9@group-01630A08DF52-SegmentedRaftLogWorker] INFO  segmented.SegmentedRaftLogWorker (SegmentedRaftLogWorker.java:execute(651)) - 30c53b57-84aa-4907-b898-4ab0d8d18ef9@group-01630A08DF52-SegmentedRaftLogWorker: created new log segment /home/runner/work/ozone/ozone/hadoop-ozone/integration-test/target/test-dir/MiniOzoneClusterImpl-311f1a44-6374-447a-8cc6-2b136736f8fc/datanode-0/data/ratis/1d9a4cbc-e9f4-4249-8a53-01630a08df52/current/log_inprogress_0
2023-06-06 14:29:11,610 [30c53b57-84aa-4907-b898-4ab0d8d18ef9@group-01630A08DF52-LeaderElection31] INFO  server.RaftServer$Division (ServerState.java:setRaftConf(434)) - 30c53b57-84aa-4907-b898-4ab0d8d18ef9@group-01630A08DF52: set configuration 0: peers:[30c53b57-84aa-4907-b898-4ab0d8d18ef9|rpc:10.1.0.37:15153|admin:10.1.0.37:15152|client:10.1.0.37:15151|dataStream:10.1.0.37:15154|priority:1|startupRole:FOLLOWER]|listeners:[], old=null
2023-06-06 14:29:11,634 [a8cecc1f-3f3f-4377-b117-1e6c466c1e86@group-F221C6391371-FollowerState] INFO  impl.FollowerState (FollowerState.java:run(143)) - a8cecc1f-3f3f-4377-b117-1e6c466c1e86@group-F221C6391371-FollowerState: change to CANDIDATE, lastRpcElapsedTime:5018126602ns, electionTimeout:5014ms
2023-06-06 14:29:11,634 [a8cecc1f-3f3f-4377-b117-1e6c466c1e86@group-F221C6391371-FollowerState] INFO  impl.RoleInfo (RoleInfo.java:shutdownFollowerState(110)) - a8cecc1f-3f3f-4377-b117-1e6c466c1e86: shutdown a8cecc1f-3f3f-4377-b117-1e6c466c1e86@group-F221C6391371-FollowerState
2023-06-06 14:29:11,634 [a8cecc1f-3f3f-4377-b117-1e6c466c1e86@group-F221C6391371-FollowerState] INFO  server.RaftServer$Division (RaftServerImpl.java:setRole(329)) - a8cecc1f-3f3f-4377-b117-1e6c466c1e86@group-F221C6391371: changes role from  FOLLOWER to CANDIDATE at term 0 for changeToCandidate
2023-06-06 14:29:11,634 [a8cecc1f-3f3f-4377-b117-1e6c466c1e86@group-F221C6391371-FollowerState] INFO  server.RaftServerConfigKeys (ConfUtils.java:logGet(46)) - raft.server.leaderelection.pre-vote = true (default)
2023-06-06 14:29:11,635 [a8cecc1f-3f3f-4377-b117-1e6c466c1e86@group-F221C6391371-FollowerState] INFO  impl.RoleInfo (RoleInfo.java:updateAndGet(139)) - a8cecc1f-3f3f-4377-b117-1e6c466c1e86: start a8cecc1f-3f3f-4377-b117-1e6c466c1e86@group-F221C6391371-LeaderElection32
2023-06-06 14:29:11,636 [a8cecc1f-3f3f-4377-b117-1e6c466c1e86@group-F221C6391371-LeaderElection32] INFO  impl.LeaderElection (LeaderElection.java:askForVotes(321)) - a8cecc1f-3f3f-4377-b117-1e6c466c1e86@group-F221C6391371-LeaderElection32 PRE_VOTE round 0: submit vote requests at term 0 for -1: peers:[a8cecc1f-3f3f-4377-b117-1e6c466c1e86|rpc:10.1.0.37:15162|admin:10.1.0.37:15161|client:10.1.0.37:15160|dataStream:10.1.0.37:15163|priority:1|startupRole:FOLLOWER, 157c8593-ba62-4444-a330-78d9c87b0794|rpc:10.1.0.37:15171|admin:10.1.0.37:15170|client:10.1.0.37:15169|dataStream:10.1.0.37:15172|priority:0|startupRole:FOLLOWER, 30c53b57-84aa-4907-b898-4ab0d8d18ef9|rpc:10.1.0.37:15153|admin:10.1.0.37:15152|client:10.1.0.37:15151|dataStream:10.1.0.37:15154|priority:0|startupRole:FOLLOWER]|listeners:[], old=null
2023-06-06 14:29:11,636 [a8cecc1f-3f3f-4377-b117-1e6c466c1e86@group-F221C6391371-LeaderElection32-1] INFO  server.GrpcServerProtocolClient (GrpcServerProtocolClient.java:<init>(65)) - Build channel for 157c8593-ba62-4444-a330-78d9c87b0794
2023-06-06 14:29:11,650 [a8cecc1f-3f3f-4377-b117-1e6c466c1e86@group-F221C6391371-LeaderElection32] INFO  server.RaftServerConfigKeys (ConfUtils.java:logFallback(53)) - raft.server.rpc.first-election.timeout.min = 5s (fallback to raft.server.rpc.timeout.min)
2023-06-06 14:29:11,650 [a8cecc1f-3f3f-4377-b117-1e6c466c1e86@group-F221C6391371-LeaderElection32] INFO  server.RaftServerConfigKeys (ConfUtils.java:logFallback(53)) - raft.server.rpc.first-election.timeout.max = 5200ms (fallback to raft.server.rpc.timeout.max)
2023-06-06 14:29:11,651 [a8cecc1f-3f3f-4377-b117-1e6c466c1e86@group-F221C6391371-LeaderElection32-2] INFO  server.GrpcServerProtocolClient (GrpcServerProtocolClient.java:<init>(65)) - Build channel for 30c53b57-84aa-4907-b898-4ab0d8d18ef9
2023-06-06 14:29:11,651 [grpc-default-executor-0] INFO  server.RaftServer$Division (RaftServerImpl.java:requestVote(1302)) - 157c8593-ba62-4444-a330-78d9c87b0794@group-F221C6391371: receive requestVote(PRE_VOTE, a8cecc1f-3f3f-4377-b117-1e6c466c1e86, group-F221C6391371, 0, (t:0, i:0))
2023-06-06 14:29:11,652 [grpc-default-executor-0] INFO  impl.VoteContext (VoteContext.java:log(49)) - 157c8593-ba62-4444-a330-78d9c87b0794@group-F221C6391371-FOLLOWER: accept PRE_VOTE from a8cecc1f-3f3f-4377-b117-1e6c466c1e86: our priority 0 <= candidate's priority 1
2023-06-06 14:29:11,652 [grpc-default-executor-0] INFO  server.RaftServer$Division (RaftServerImpl.java:requestVote(1335)) - 157c8593-ba62-4444-a330-78d9c87b0794@group-F221C6391371 replies to PRE_VOTE vote request: a8cecc1f-3f3f-4377-b117-1e6c466c1e86<-157c8593-ba62-4444-a330-78d9c87b0794#0:OK-t0. Peer's state: 157c8593-ba62-4444-a330-78d9c87b0794@group-F221C6391371:t0, leader=null, voted=, raftlog=Memoized:157c8593-ba62-4444-a330-78d9c87b0794@group-F221C6391371-SegmentedRaftLog:OPENED:c-1, conf=-1: peers:[a8cecc1f-3f3f-4377-b117-1e6c466c1e86|rpc:10.1.0.37:15162|admin:10.1.0.37:15161|client:10.1.0.37:15160|dataStream:10.1.0.37:15163|priority:1|startupRole:FOLLOWER, 157c8593-ba62-4444-a330-78d9c87b0794|rpc:10.1.0.37:15171|admin:10.1.0.37:15170|client:10.1.0.37:15169|dataStream:10.1.0.37:15172|priority:0|startupRole:FOLLOWER, 30c53b57-84aa-4907-b898-4ab0d8d18ef9|rpc:10.1.0.37:15153|admin:10.1.0.37:15152|client:10.1.0.37:15151|dataStream:10.1.0.37:15154|priority:0|startupRole:FOLLOWER]|listeners:[], old=null
2023-06-06 14:29:11,662 [a8cecc1f-3f3f-4377-b117-1e6c466c1e86@group-F221C6391371-LeaderElection32] INFO  impl.LeaderElection (LeaderElection.java:logAndReturn(90)) - a8cecc1f-3f3f-4377-b117-1e6c466c1e86@group-F221C6391371-LeaderElection32: PRE_VOTE PASSED received 1 response(s) and 0 exception(s):
2023-06-06 14:29:11,662 [a8cecc1f-3f3f-4377-b117-1e6c466c1e86@group-F221C6391371-LeaderElection32] INFO  impl.LeaderElection (LeaderElection.java:logAndReturn(94)) -   Response 0: a8cecc1f-3f3f-4377-b117-1e6c466c1e86<-157c8593-ba62-4444-a330-78d9c87b0794#0:OK-t0
2023-06-06 14:29:11,662 [a8cecc1f-3f3f-4377-b117-1e6c466c1e86@group-F221C6391371-LeaderElection32] INFO  impl.LeaderElection (LeaderElection.java:askForVotes(323)) - a8cecc1f-3f3f-4377-b117-1e6c466c1e86@group-F221C6391371-LeaderElection32 PRE_VOTE round 0: result PASSED
2023-06-06 14:29:11,664 [a8cecc1f-3f3f-4377-b117-1e6c466c1e86@group-F221C6391371-LeaderElection32] INFO  impl.LeaderElection (LeaderElection.java:askForVotes(321)) - a8cecc1f-3f3f-4377-b117-1e6c466c1e86@group-F221C6391371-LeaderElection32 ELECTION round 0: submit vote requests at term 1 for -1: peers:[a8cecc1f-3f3f-4377-b117-1e6c466c1e86|rpc:10.1.0.37:15162|admin:10.1.0.37:15161|client:10.1.0.37:15160|dataStream:10.1.0.37:15163|priority:1|startupRole:FOLLOWER, 157c8593-ba62-4444-a330-78d9c87b0794|rpc:10.1.0.37:15171|admin:10.1.0.37:15170|client:10.1.0.37:15169|dataStream:10.1.0.37:15172|priority:0|startupRole:FOLLOWER, 30c53b57-84aa-4907-b898-4ab0d8d18ef9|rpc:10.1.0.37:15153|admin:10.1.0.37:15152|client:10.1.0.37:15151|dataStream:10.1.0.37:15154|priority:0|startupRole:FOLLOWER]|listeners:[], old=null
2023-06-06 14:29:11,674 [grpc-default-executor-0] INFO  server.RaftServer$Division (RaftServerImpl.java:requestVote(1302)) - 30c53b57-84aa-4907-b898-4ab0d8d18ef9@group-F221C6391371: receive requestVote(PRE_VOTE, a8cecc1f-3f3f-4377-b117-1e6c466c1e86, group-F221C6391371, 0, (t:0, i:0))
2023-06-06 14:29:11,675 [grpc-default-executor-0] INFO  impl.VoteContext (VoteContext.java:log(49)) - 30c53b57-84aa-4907-b898-4ab0d8d18ef9@group-F221C6391371-FOLLOWER: accept PRE_VOTE from a8cecc1f-3f3f-4377-b117-1e6c466c1e86: our priority 0 <= candidate's priority 1
2023-06-06 14:29:11,675 [grpc-default-executor-0] INFO  server.RaftServer$Division (RaftServerImpl.java:requestVote(1335)) - 30c53b57-84aa-4907-b898-4ab0d8d18ef9@group-F221C6391371 replies to PRE_VOTE vote request: a8cecc1f-3f3f-4377-b117-1e6c466c1e86<-30c53b57-84aa-4907-b898-4ab0d8d18ef9#0:OK-t0. Peer's state: 30c53b57-84aa-4907-b898-4ab0d8d18ef9@group-F221C6391371:t0, leader=null, voted=, raftlog=Memoized:30c53b57-84aa-4907-b898-4ab0d8d18ef9@group-F221C6391371-SegmentedRaftLog:OPENED:c-1, conf=-1: peers:[a8cecc1f-3f3f-4377-b117-1e6c466c1e86|rpc:10.1.0.37:15162|admin:10.1.0.37:15161|client:10.1.0.37:15160|dataStream:10.1.0.37:15163|priority:1|startupRole:FOLLOWER, 157c8593-ba62-4444-a330-78d9c87b0794|rpc:10.1.0.37:15171|admin:10.1.0.37:15170|client:10.1.0.37:15169|dataStream:10.1.0.37:15172|priority:0|startupRole:FOLLOWER, 30c53b57-84aa-4907-b898-4ab0d8d18ef9|rpc:10.1.0.37:15153|admin:10.1.0.37:15152|client:10.1.0.37:15151|dataStream:10.1.0.37:15154|priority:0|startupRole:FOLLOWER]|listeners:[], old=null
2023-06-06 14:29:11,676 [a8cecc1f-3f3f-4377-b117-1e6c466c1e86@group-F221C6391371-LeaderElection32] INFO  server.RaftServerConfigKeys (ConfUtils.java:logFallback(53)) - raft.server.rpc.first-election.timeout.min = 5s (fallback to raft.server.rpc.timeout.min)
2023-06-06 14:29:11,677 [a8cecc1f-3f3f-4377-b117-1e6c466c1e86@group-F221C6391371-LeaderElection32] INFO  server.RaftServerConfigKeys (ConfUtils.java:logFallback(53)) - raft.server.rpc.first-election.timeout.max = 5200ms (fallback to raft.server.rpc.timeout.max)
2023-06-06 14:29:11,679 [grpc-default-executor-0] INFO  server.RaftServer$Division (RaftServerImpl.java:requestVote(1302)) - 157c8593-ba62-4444-a330-78d9c87b0794@group-F221C6391371: receive requestVote(ELECTION, a8cecc1f-3f3f-4377-b117-1e6c466c1e86, group-F221C6391371, 1, (t:0, i:0))
2023-06-06 14:29:11,679 [grpc-default-executor-0] INFO  impl.VoteContext (VoteContext.java:log(49)) - 157c8593-ba62-4444-a330-78d9c87b0794@group-F221C6391371-FOLLOWER: accept ELECTION from a8cecc1f-3f3f-4377-b117-1e6c466c1e86: our priority 0 <= candidate's priority 1
2023-06-06 14:29:11,680 [grpc-default-executor-0] INFO  server.RaftServer$Division (RaftServerImpl.java:setRole(329)) - 157c8593-ba62-4444-a330-78d9c87b0794@group-F221C6391371: changes role from  FOLLOWER to FOLLOWER at term 1 for candidate:a8cecc1f-3f3f-4377-b117-1e6c466c1e86
2023-06-06 14:29:11,680 [grpc-default-executor-0] INFO  impl.RoleInfo (RoleInfo.java:shutdownFollowerState(110)) - 157c8593-ba62-4444-a330-78d9c87b0794: shutdown 157c8593-ba62-4444-a330-78d9c87b0794@group-F221C6391371-FollowerState
2023-06-06 14:29:11,680 [grpc-default-executor-0] INFO  impl.RoleInfo (RoleInfo.java:updateAndGet(139)) - 157c8593-ba62-4444-a330-78d9c87b0794: start 157c8593-ba62-4444-a330-78d9c87b0794@group-F221C6391371-FollowerState
2023-06-06 14:29:11,680 [157c8593-ba62-4444-a330-78d9c87b0794@group-F221C6391371-FollowerState] INFO  impl.FollowerState (FollowerState.java:run(152)) - 157c8593-ba62-4444-a330-78d9c87b0794@group-F221C6391371-FollowerState was interrupted
2023-06-06 14:29:11,684 [grpc-default-executor-0] INFO  server.RaftServer$Division (RaftServerImpl.java:requestVote(1335)) - 157c8593-ba62-4444-a330-78d9c87b0794@group-F221C6391371 replies to ELECTION vote request: a8cecc1f-3f3f-4377-b117-1e6c466c1e86<-157c8593-ba62-4444-a330-78d9c87b0794#0:OK-t1. Peer's state: 157c8593-ba62-4444-a330-78d9c87b0794@group-F221C6391371:t1, leader=null, voted=a8cecc1f-3f3f-4377-b117-1e6c466c1e86, raftlog=Memoized:157c8593-ba62-4444-a330-78d9c87b0794@group-F221C6391371-SegmentedRaftLog:OPENED:c-1, conf=-1: peers:[a8cecc1f-3f3f-4377-b117-1e6c466c1e86|rpc:10.1.0.37:15162|admin:10.1.0.37:15161|client:10.1.0.37:15160|dataStream:10.1.0.37:15163|priority:1|startupRole:FOLLOWER, 157c8593-ba62-4444-a330-78d9c87b0794|rpc:10.1.0.37:15171|admin:10.1.0.37:15170|client:10.1.0.37:15169|dataStream:10.1.0.37:15172|priority:0|startupRole:FOLLOWER, 30c53b57-84aa-4907-b898-4ab0d8d18ef9|rpc:10.1.0.37:15153|admin:10.1.0.37:15152|client:10.1.0.37:15151|dataStream:10.1.0.37:15154|priority:0|startupRole:FOLLOWER]|listeners:[], old=null
2023-06-06 14:29:11,686 [a8cecc1f-3f3f-4377-b117-1e6c466c1e86@group-F221C6391371-LeaderElection32] INFO  impl.LeaderElection (LeaderElection.java:logAndReturn(90)) - a8cecc1f-3f3f-4377-b117-1e6c466c1e86@group-F221C6391371-LeaderElection32: ELECTION PASSED received 1 response(s) and 0 exception(s):
2023-06-06 14:29:11,686 [a8cecc1f-3f3f-4377-b117-1e6c466c1e86@group-F221C6391371-LeaderElection32] INFO  impl.LeaderElection (LeaderElection.java:logAndReturn(94)) -   Response 0: a8cecc1f-3f3f-4377-b117-1e6c466c1e86<-157c8593-ba62-4444-a330-78d9c87b0794#0:OK-t1
2023-06-06 14:29:11,686 [a8cecc1f-3f3f-4377-b117-1e6c466c1e86@group-F221C6391371-LeaderElection32] INFO  impl.LeaderElection (LeaderElection.java:askForVotes(323)) - a8cecc1f-3f3f-4377-b117-1e6c466c1e86@group-F221C6391371-LeaderElection32 ELECTION round 0: result PASSED
2023-06-06 14:29:11,686 [a8cecc1f-3f3f-4377-b117-1e6c466c1e86@group-F221C6391371-LeaderElection32] INFO  impl.RoleInfo (RoleInfo.java:shutdownLeaderElection(130)) - a8cecc1f-3f3f-4377-b117-1e6c466c1e86: shutdown a8cecc1f-3f3f-4377-b117-1e6c466c1e86@group-F221C6391371-LeaderElection32
2023-06-06 14:29:11,686 [a8cecc1f-3f3f-4377-b117-1e6c466c1e86@group-F221C6391371-LeaderElection32] INFO  server.RaftServer$Division (RaftServerImpl.java:setRole(329)) - a8cecc1f-3f3f-4377-b117-1e6c466c1e86@group-F221C6391371: changes role from CANDIDATE to LEADER at term 1 for changeToLeader
2023-06-06 14:29:11,686 [a8cecc1f-3f3f-4377-b117-1e6c466c1e86@group-F221C6391371-LeaderElection32] INFO  ratis.XceiverServerRatis (XceiverServerRatis.java:handleLeaderChangedNotification(902)) - Leader change notification received for group: group-F221C6391371 with new leaderId: a8cecc1f-3f3f-4377-b117-1e6c466c1e86
2023-06-06 14:29:11,687 [a8cecc1f-3f3f-4377-b117-1e6c466c1e86@group-F221C6391371-LeaderElection32] INFO  server.RaftServer$Division (ServerState.java:setLeader(317)) - a8cecc1f-3f3f-4377-b117-1e6c466c1e86@group-F221C6391371: change Leader from null to a8cecc1f-3f3f-4377-b117-1e6c466c1e86 at term 1 for becomeLeader, leader elected after 5139ms
2023-06-06 14:29:11,687 [a8cecc1f-3f3f-4377-b117-1e6c466c1e86@group-F221C6391371-LeaderElection32] INFO  server.RaftServerConfigKeys (ConfUtils.java:logGet(46)) - raft.server.staging.catchup.gap = 1000 (default)
2023-06-06 14:29:11,687 [a8cecc1f-3f3f-4377-b117-1e6c466c1e86@group-F221C6391371-LeaderElection32] INFO  server.RaftServerConfigKeys (ConfUtils.java:logGet(46)) - raft.server.write.element-limit = 1024 (custom)
2023-06-06 14:29:11,687 [a8cecc1f-3f3f-4377-b117-1e6c466c1e86@group-F221C6391371-LeaderElection32] INFO  server.RaftServerConfigKeys (ConfUtils.java:logGet(46)) - raft.server.write.byte-limit = 1024 M (=1073741824) (custom)
2023-06-06 14:29:11,687 [a8cecc1f-3f3f-4377-b117-1e6c466c1e86@group-F221C6391371-LeaderElection32] INFO  server.RaftServerConfigKeys (ConfUtils.java:logGet(46)) - raft.server.watch.timeout = 180s (custom)
2023-06-06 14:29:11,687 [a8cecc1f-3f3f-4377-b117-1e6c466c1e86@group-F221C6391371-LeaderElection32] INFO  server.RaftServerConfigKeys (ConfUtils.java:logGet(46)) - raft.server.watch.timeout.denomination = 1s (default)
2023-06-06 14:29:11,687 [a8cecc1f-3f3f-4377-b117-1e6c466c1e86@group-F221C6391371-LeaderElection32] INFO  server.RaftServerConfigKeys (ConfUtils.java:logGet(46)) - raft.server.watch.element-limit = 65536 (default)
2023-06-06 14:29:11,687 [a8cecc1f-3f3f-4377-b117-1e6c466c1e86@group-F221C6391371-LeaderElection32] INFO  server.RaftServerConfigKeys (ConfUtils.java:logGet(46)) - raft.server.write.element-limit = 1024 (custom)
2023-06-06 14:29:11,687 [a8cecc1f-3f3f-4377-b117-1e6c466c1e86@group-F221C6391371-LeaderElection32] INFO  server.RaftServerConfigKeys (ConfUtils.java:logGet(46)) - raft.server.write.follower.gap.ratio.max = -1.0 (default)
2023-06-06 14:29:11,688 [EventQueue-PipelineReportForPipelineReportHandler] INFO  pipeline.PipelineManagerImpl (PipelineManagerImpl.java:openPipeline(367)) - Pipeline Pipeline[ Id: 380ae750-e98a-438b-9701-f221c6391371, Nodes: a8cecc1f-3f3f-4377-b117-1e6c466c1e86(fv-az1133-973.qlb2sqfkji0uhjsjdnlwzcsdwg.bx.internal.cloudapp.net/10.1.0.37)30c53b57-84aa-4907-b898-4ab0d8d18ef9(fv-az1133-973.qlb2sqfkji0uhjsjdnlwzcsdwg.bx.internal.cloudapp.net/10.1.0.37)157c8593-ba62-4444-a330-78d9c87b0794(fv-az1133-973.qlb2sqfkji0uhjsjdnlwzcsdwg.bx.internal.cloudapp.net/10.1.0.37), ReplicationConfig: RATIS/THREE, State:ALLOCATED, leaderId:a8cecc1f-3f3f-4377-b117-1e6c466c1e86, CreationTimestamp2023-06-06T14:29:04.113Z[Etc/UTC]] moved to OPEN state
2023-06-06 14:29:11,688 [EventQueue-OpenPipelineForHealthyPipelineSafeModeRule] INFO  safemode.SCMSafeModeManager (HealthyPipelineSafeModeRule.java:process(137)) - SCM in safe mode. Healthy pipelines reported count is 1, required healthy pipeline reported count is 1
2023-06-06 14:29:11,688 [EventQueue-OpenPipelineForHealthyPipelineSafeModeRule] INFO  safemode.SCMSafeModeManager (SCMSafeModeManager.java:validateSafeModeExitRules(200)) - HealthyPipelineSafeModeRule rule is successfully validated
2023-06-06 14:29:11,688 [EventQueue-OpenPipelineForHealthyPipelineSafeModeRule] INFO  safemode.SCMSafeModeManager (SCMSafeModeManager.java:validateSafeModeExitRules(215)) - ScmSafeModeManager, all rules are successfully validated
2023-06-06 14:29:11,689 [EventQueue-OpenPipelineForHealthyPipelineSafeModeRule] INFO  safemode.SCMSafeModeManager (SCMSafeModeManager.java:exitSafeMode(244)) - SCM exiting safe mode.
2023-06-06 14:29:11,689 [EventQueue-OpenPipelineForHealthyPipelineSafeModeRule] INFO  ha.SCMContext (SCMContext.java:updateSafeModeStatus(228)) - Update SafeModeStatus from SafeModeStatus{safeModeStatus=true, preCheckPassed=true} to SafeModeStatus{safeModeStatus=false, preCheckPassed=true}.
2023-06-06 14:29:11,689 [EventQueue-OpenPipelineForHealthyPipelineSafeModeRule] INFO  pipeline.BackgroundPipelineCreator (BackgroundPipelineCreator.java:notifyStatusChanged(254)) - Service BackgroundPipelineCreator transitions to RUNNING.
2023-06-06 14:29:11,689 [EventQueue-OpenPipelineForHealthyPipelineSafeModeRule] INFO  BackgroundPipelineScrubber (BackgroundSCMService.java:notifyStatusChanged(82)) - Service BackgroundPipelineScrubber transitions to RUNNING.
2023-06-06 14:29:11,689 [EventQueue-OpenPipelineForHealthyPipelineSafeModeRule] INFO  ExpiredContainerReplicaOpScrubber (BackgroundSCMService.java:notifyStatusChanged(82)) - Service ExpiredContainerReplicaOpScrubber transitions to RUNNING.
2023-06-06 14:29:11,689 [EventQueue-OpenPipelineForHealthyPipelineSafeModeRule] INFO  replication.ReplicationManager (ReplicationManager.java:notifyStatusChanged(1369)) - Service ReplicationManager transitions to RUNNING.
2023-06-06 14:29:11,689 [EventQueue-OpenPipelineForHealthyPipelineSafeModeRule] WARN  balancer.ContainerBalancer (ContainerBalancer.java:shouldRun(135)) - Could not find persisted configuration for ContainerBalancer when checking if ContainerBalancer should run. ContainerBalancer should not run now.
2023-06-06 14:29:11,689 [a8cecc1f-3f3f-4377-b117-1e6c466c1e86@group-F221C6391371-LeaderElection32] INFO  server.RaftServerConfigKeys (ConfUtils.java:logGet(46)) - raft.server.log.appender.snapshot.chunk.size.max = 16MB (=16777216) (default)
2023-06-06 14:29:11,689 [a8cecc1f-3f3f-4377-b117-1e6c466c1e86@group-F221C6391371-LeaderElection32] INFO  server.RaftServerConfigKeys (ConfUtils.java:logGet(46)) - raft.server.log.appender.buffer.byte-limit = 33554432 (custom)
2023-06-06 14:29:11,689 [a8cecc1f-3f3f-4377-b117-1e6c466c1e86@group-F221C6391371-LeaderElection32] INFO  server.RaftServerConfigKeys (ConfUtils.java:logGet(46)) - raft.server.log.appender.buffer.element-limit = 1 (custom)
2023-06-06 14:29:11,689 [a8cecc1f-3f3f-4377-b117-1e6c466c1e86@group-F221C6391371-LeaderElection32] INFO  server.RaftServerConfigKeys (ConfUtils.java:logGet(46)) - raft.server.log.appender.wait-time.min = 10ms (default)
2023-06-06 14:29:11,689 [a8cecc1f-3f3f-4377-b117-1e6c466c1e86@group-F221C6391371-LeaderElection32] INFO  grpc.GrpcConfigKeys (ConfUtils.java:logGet(46)) - raft.grpc.server.leader.outstanding.appends.max = 128 (default)
2023-06-06 14:29:11,690 [a8cecc1f-3f3f-4377-b117-1e6c466c1e86@group-F221C6391371-LeaderElection32] INFO  server.RaftServerConfigKeys (ConfUtils.java:logGet(46)) - raft.server.rpc.request.timeout = 60s (custom)
2023-06-06 14:29:11,690 [a8cecc1f-3f3f-4377-b117-1e6c466c1e86@group-F221C6391371-LeaderElection32] INFO  grpc.GrpcConfigKeys (ConfUtils.java:logGet(46)) - raft.grpc.server.install_snapshot.request.element-limit = 8 (default)
2023-06-06 14:29:11,690 [a8cecc1f-3f3f-4377-b117-1e6c466c1e86@group-F221C6391371-LeaderElection32] INFO  grpc.GrpcConfigKeys (ConfUtils.java:logGet(46)) - raft.grpc.server.install_snapshot.request.timeout = 3000ms (default)
2023-06-06 14:29:11,690 [a8cecc1f-3f3f-4377-b117-1e6c466c1e86@group-F221C6391371-LeaderElection32] INFO  server.RaftServerConfigKeys (ConfUtils.java:logGet(46)) - raft.server.log.appender.install.snapshot.enabled = false (custom)
2023-06-06 14:29:11,690 [a8cecc1f-3f3f-4377-b117-1e6c466c1e86@group-F221C6391371-LeaderElection32] INFO  grpc.GrpcConfigKeys (ConfUtils.java:logGet(46)) - raft.grpc.server.heartbeat.channel = true (default)
2023-06-06 14:29:11,690 [a8cecc1f-3f3f-4377-b117-1e6c466c1e86@group-F221C6391371-LeaderElection32] INFO  server.RaftServerConfigKeys (ConfUtils.java:logGet(46)) - raft.server.log.appender.snapshot.chunk.size.max = 16MB (=16777216) (default)
2023-06-06 14:29:11,690 [a8cecc1f-3f3f-4377-b117-1e6c466c1e86@group-F221C6391371-LeaderElection32] INFO  server.RaftServerConfigKeys (ConfUtils.java:logGet(46)) - raft.server.log.appender.buffer.byte-limit = 33554432 (custom)
2023-06-06 14:29:11,690 [a8cecc1f-3f3f-4377-b117-1e6c466c1e86@group-F221C6391371-LeaderElection32] INFO  server.RaftServerConfigKeys (ConfUtils.java:logGet(46)) - raft.server.log.appender.buffer.element-limit = 1 (custom)
2023-06-06 14:29:11,690 [a8cecc1f-3f3f-4377-b117-1e6c466c1e86@group-F221C6391371-LeaderElection32] INFO  server.RaftServerConfigKeys (ConfUtils.java:logGet(46)) - raft.server.log.appender.wait-time.min = 10ms (default)
2023-06-06 14:29:11,690 [a8cecc1f-3f3f-4377-b117-1e6c466c1e86@group-F221C6391371-LeaderElection32] INFO  grpc.GrpcConfigKeys (ConfUtils.java:logGet(46)) - raft.grpc.server.leader.outstanding.appends.max = 128 (default)
2023-06-06 14:29:11,690 [a8cecc1f-3f3f-4377-b117-1e6c466c1e86@group-F221C6391371-LeaderElection32] INFO  server.RaftServerConfigKeys (ConfUtils.java:logGet(46)) - raft.server.rpc.request.timeout = 60s (custom)
2023-06-06 14:29:11,690 [a8cecc1f-3f3f-4377-b117-1e6c466c1e86@group-F221C6391371-LeaderElection32] INFO  grpc.GrpcConfigKeys (ConfUtils.java:logGet(46)) - raft.grpc.server.install_snapshot.request.element-limit = 8 (default)
2023-06-06 14:29:11,690 [a8cecc1f-3f3f-4377-b117-1e6c466c1e86@group-F221C6391371-LeaderElection32] INFO  grpc.GrpcConfigKeys (ConfUtils.java:logGet(46)) - raft.grpc.server.install_snapshot.request.timeout = 3000ms (default)
2023-06-06 14:29:11,690 [a8cecc1f-3f3f-4377-b117-1e6c466c1e86@group-F221C6391371-LeaderElection32] INFO  server.RaftServerConfigKeys (ConfUtils.java:logGet(46)) - raft.server.log.appender.install.snapshot.enabled = false (custom)
2023-06-06 14:29:11,690 [a8cecc1f-3f3f-4377-b117-1e6c466c1e86@group-F221C6391371-LeaderElection32] INFO  grpc.GrpcConfigKeys (ConfUtils.java:logGet(46)) - raft.grpc.server.heartbeat.channel = true (default)
2023-06-06 14:29:11,691 [a8cecc1f-3f3f-4377-b117-1e6c466c1e86@group-F221C6391371-LeaderElection32] INFO  impl.RoleInfo (RoleInfo.java:updateAndGet(139)) - a8cecc1f-3f3f-4377-b117-1e6c466c1e86: start a8cecc1f-3f3f-4377-b117-1e6c466c1e86@group-F221C6391371-LeaderStateImpl
2023-06-06 14:29:11,691 [a8cecc1f-3f3f-4377-b117-1e6c466c1e86@group-F221C6391371-LeaderElection32] INFO  segmented.SegmentedRaftLogWorker (SegmentedRaftLogWorker.java:startLogSegment(447)) - a8cecc1f-3f3f-4377-b117-1e6c466c1e86@group-F221C6391371-SegmentedRaftLogWorker: Starting segment from index:0
2023-06-06 14:29:11,692 [a8cecc1f-3f3f-4377-b117-1e6c466c1e86@group-F221C6391371-SegmentedRaftLogWorker] INFO  segmented.SegmentedRaftLogWorker (SegmentedRaftLogWorker.java:execute(651)) - a8cecc1f-3f3f-4377-b117-1e6c466c1e86@group-F221C6391371-SegmentedRaftLogWorker: created new log segment /home/runner/work/ozone/ozone/hadoop-ozone/integration-test/target/test-dir/MiniOzoneClusterImpl-311f1a44-6374-447a-8cc6-2b136736f8fc/datanode-1/data/ratis/380ae750-e98a-438b-9701-f221c6391371/current/log_inprogress_0
2023-06-06 14:29:11,696 [grpc-default-executor-1] INFO  server.RaftServer$Division (RaftServerImpl.java:requestVote(1302)) - 30c53b57-84aa-4907-b898-4ab0d8d18ef9@group-F221C6391371: receive requestVote(ELECTION, a8cecc1f-3f3f-4377-b117-1e6c466c1e86, group-F221C6391371, 1, (t:0, i:0))
2023-06-06 14:29:11,696 [grpc-default-executor-1] INFO  impl.VoteContext (VoteContext.java:log(49)) - 30c53b57-84aa-4907-b898-4ab0d8d18ef9@group-F221C6391371-FOLLOWER: accept ELECTION from a8cecc1f-3f3f-4377-b117-1e6c466c1e86: our priority 0 <= candidate's priority 1
2023-06-06 14:29:11,696 [grpc-default-executor-1] INFO  server.RaftServer$Division (RaftServerImpl.java:setRole(329)) - 30c53b57-84aa-4907-b898-4ab0d8d18ef9@group-F221C6391371: changes role from  FOLLOWER to FOLLOWER at term 1 for candidate:a8cecc1f-3f3f-4377-b117-1e6c466c1e86
2023-06-06 14:29:11,696 [grpc-default-executor-1] INFO  impl.RoleInfo (RoleInfo.java:shutdownFollowerState(110)) - 30c53b57-84aa-4907-b898-4ab0d8d18ef9: shutdown 30c53b57-84aa-4907-b898-4ab0d8d18ef9@group-F221C6391371-FollowerState
2023-06-06 14:29:11,696 [grpc-default-executor-1] INFO  impl.RoleInfo (RoleInfo.java:updateAndGet(139)) - 30c53b57-84aa-4907-b898-4ab0d8d18ef9: start 30c53b57-84aa-4907-b898-4ab0d8d18ef9@group-F221C6391371-FollowerState
2023-06-06 14:29:11,696 [30c53b57-84aa-4907-b898-4ab0d8d18ef9@group-F221C6391371-FollowerState] INFO  impl.FollowerState (FollowerState.java:run(152)) - 30c53b57-84aa-4907-b898-4ab0d8d18ef9@group-F221C6391371-FollowerState was interrupted
2023-06-06 14:29:11,696 [a8cecc1f-3f3f-4377-b117-1e6c466c1e86@group-F221C6391371-LeaderElection32] INFO  server.RaftServer$Division (ServerState.java:setRaftConf(434)) - a8cecc1f-3f3f-4377-b117-1e6c466c1e86@group-F221C6391371: set configuration 0: peers:[a8cecc1f-3f3f-4377-b117-1e6c466c1e86|rpc:10.1.0.37:15162|admin:10.1.0.37:15161|client:10.1.0.37:15160|dataStream:10.1.0.37:15163|priority:1|startupRole:FOLLOWER, 157c8593-ba62-4444-a330-78d9c87b0794|rpc:10.1.0.37:15171|admin:10.1.0.37:15170|client:10.1.0.37:15169|dataStream:10.1.0.37:15172|priority:0|startupRole:FOLLOWER, 30c53b57-84aa-4907-b898-4ab0d8d18ef9|rpc:10.1.0.37:15153|admin:10.1.0.37:15152|client:10.1.0.37:15151|dataStream:10.1.0.37:15154|priority:0|startupRole:FOLLOWER]|listeners:[], old=null
2023-06-06 14:29:11,699 [grpc-default-executor-1] INFO  server.RaftServer$Division (RaftServerImpl.java:requestVote(1335)) - 30c53b57-84aa-4907-b898-4ab0d8d18ef9@group-F221C6391371 replies to ELECTION vote request: a8cecc1f-3f3f-4377-b117-1e6c466c1e86<-30c53b57-84aa-4907-b898-4ab0d8d18ef9#0:OK-t1. Peer's state: 30c53b57-84aa-4907-b898-4ab0d8d18ef9@group-F221C6391371:t1, leader=null, voted=a8cecc1f-3f3f-4377-b117-1e6c466c1e86, raftlog=Memoized:30c53b57-84aa-4907-b898-4ab0d8d18ef9@group-F221C6391371-SegmentedRaftLog:OPENED:c-1, conf=-1: peers:[a8cecc1f-3f3f-4377-b117-1e6c466c1e86|rpc:10.1.0.37:15162|admin:10.1.0.37:15161|client:10.1.0.37:15160|dataStream:10.1.0.37:15163|priority:1|startupRole:FOLLOWER, 157c8593-ba62-4444-a330-78d9c87b0794|rpc:10.1.0.37:15171|admin:10.1.0.37:15170|client:10.1.0.37:15169|dataStream:10.1.0.37:15172|priority:0|startupRole:FOLLOWER, 30c53b57-84aa-4907-b898-4ab0d8d18ef9|rpc:10.1.0.37:15153|admin:10.1.0.37:15152|client:10.1.0.37:15151|dataStream:10.1.0.37:15154|priority:0|startupRole:FOLLOWER]|listeners:[], old=null
2023-06-06 14:29:11,705 [157c8593-ba62-4444-a330-78d9c87b0794-server-thread1] INFO  ratis.XceiverServerRatis (XceiverServerRatis.java:handleLeaderChangedNotification(902)) - Leader change notification received for group: group-F221C6391371 with new leaderId: a8cecc1f-3f3f-4377-b117-1e6c466c1e86
2023-06-06 14:29:11,705 [157c8593-ba62-4444-a330-78d9c87b0794-server-thread1] INFO  server.RaftServer$Division (ServerState.java:setLeader(317)) - 157c8593-ba62-4444-a330-78d9c87b0794@group-F221C6391371: change Leader from null to a8cecc1f-3f3f-4377-b117-1e6c466c1e86 at term 1 for appendEntries, leader elected after 5047ms
2023-06-06 14:29:11,712 [30c53b57-84aa-4907-b898-4ab0d8d18ef9-server-thread1] INFO  ratis.XceiverServerRatis (XceiverServerRatis.java:handleLeaderChangedNotification(902)) - Leader change notification received for group: group-F221C6391371 with new leaderId: a8cecc1f-3f3f-4377-b117-1e6c466c1e86
2023-06-06 14:29:11,712 [30c53b57-84aa-4907-b898-4ab0d8d18ef9-server-thread1] INFO  server.RaftServer$Division (ServerState.java:setLeader(317)) - 30c53b57-84aa-4907-b898-4ab0d8d18ef9@group-F221C6391371: change Leader from null to a8cecc1f-3f3f-4377-b117-1e6c466c1e86 at term 1 for appendEntries, leader elected after 5194ms
2023-06-06 14:29:11,718 [157c8593-ba62-4444-a330-78d9c87b0794-server-thread2] INFO  server.RaftServer$Division (ServerState.java:setRaftConf(434)) - 157c8593-ba62-4444-a330-78d9c87b0794@group-F221C6391371: set configuration 0: peers:[a8cecc1f-3f3f-4377-b117-1e6c466c1e86|rpc:10.1.0.37:15162|admin:10.1.0.37:15161|client:10.1.0.37:15160|dataStream:10.1.0.37:15163|priority:1|startupRole:FOLLOWER, 157c8593-ba62-4444-a330-78d9c87b0794|rpc:10.1.0.37:15171|admin:10.1.0.37:15170|client:10.1.0.37:15169|dataStream:10.1.0.37:15172|priority:0|startupRole:FOLLOWER, 30c53b57-84aa-4907-b898-4ab0d8d18ef9|rpc:10.1.0.37:15153|admin:10.1.0.37:15152|client:10.1.0.37:15151|dataStream:10.1.0.37:15154|priority:0|startupRole:FOLLOWER]|listeners:[], old=null
2023-06-06 14:29:11,718 [157c8593-ba62-4444-a330-78d9c87b0794-server-thread2] INFO  segmented.SegmentedRaftLogWorker (SegmentedRaftLogWorker.java:startLogSegment(447)) - 157c8593-ba62-4444-a330-78d9c87b0794@group-F221C6391371-SegmentedRaftLogWorker: Starting segment from index:0
2023-06-06 14:29:11,719 [157c8593-ba62-4444-a330-78d9c87b0794@group-F221C6391371-SegmentedRaftLogWorker] INFO  segmented.SegmentedRaftLogWorker (SegmentedRaftLogWorker.java:execute(651)) - 157c8593-ba62-4444-a330-78d9c87b0794@group-F221C6391371-SegmentedRaftLogWorker: created new log segment /home/runner/work/ozone/ozone/hadoop-ozone/integration-test/target/test-dir/MiniOzoneClusterImpl-311f1a44-6374-447a-8cc6-2b136736f8fc/datanode-2/data/ratis/380ae750-e98a-438b-9701-f221c6391371/current/log_inprogress_0
2023-06-06 14:29:11,725 [30c53b57-84aa-4907-b898-4ab0d8d18ef9-server-thread1] INFO  server.RaftServer$Division (ServerState.java:setRaftConf(434)) - 30c53b57-84aa-4907-b898-4ab0d8d18ef9@group-F221C6391371: set configuration 0: peers:[a8cecc1f-3f3f-4377-b117-1e6c466c1e86|rpc:10.1.0.37:15162|admin:10.1.0.37:15161|client:10.1.0.37:15160|dataStream:10.1.0.37:15163|priority:1|startupRole:FOLLOWER, 157c8593-ba62-4444-a330-78d9c87b0794|rpc:10.1.0.37:15171|admin:10.1.0.37:15170|client:10.1.0.37:15169|dataStream:10.1.0.37:15172|priority:0|startupRole:FOLLOWER, 30c53b57-84aa-4907-b898-4ab0d8d18ef9|rpc:10.1.0.37:15153|admin:10.1.0.37:15152|client:10.1.0.37:15151|dataStream:10.1.0.37:15154|priority:0|startupRole:FOLLOWER]|listeners:[], old=null
2023-06-06 14:29:11,726 [30c53b57-84aa-4907-b898-4ab0d8d18ef9-server-thread1] INFO  segmented.SegmentedRaftLogWorker (SegmentedRaftLogWorker.java:startLogSegment(447)) - 30c53b57-84aa-4907-b898-4ab0d8d18ef9@group-F221C6391371-SegmentedRaftLogWorker: Starting segment from index:0
2023-06-06 14:29:11,727 [30c53b57-84aa-4907-b898-4ab0d8d18ef9@group-F221C6391371-SegmentedRaftLogWorker] INFO  segmented.SegmentedRaftLogWorker (SegmentedRaftLogWorker.java:execute(651)) - 30c53b57-84aa-4907-b898-4ab0d8d18ef9@group-F221C6391371-SegmentedRaftLogWorker: created new log segment /home/runner/work/ozone/ozone/hadoop-ozone/integration-test/target/test-dir/MiniOzoneClusterImpl-311f1a44-6374-447a-8cc6-2b136736f8fc/datanode-0/data/ratis/380ae750-e98a-438b-9701-f221c6391371/current/log_inprogress_0
2023-06-06 14:29:11,860 [30c53b57-84aa-4907-b898-4ab0d8d18ef9@group-A04BBE52BB9F-FollowerState] INFO  impl.FollowerState (FollowerState.java:run(143)) - 30c53b57-84aa-4907-b898-4ab0d8d18ef9@group-A04BBE52BB9F-FollowerState: change to CANDIDATE, lastRpcElapsedTime:5151186995ns, electionTimeout:5150ms
2023-06-06 14:29:11,861 [30c53b57-84aa-4907-b898-4ab0d8d18ef9@group-A04BBE52BB9F-FollowerState] INFO  impl.RoleInfo (RoleInfo.java:shutdownFollowerState(110)) - 30c53b57-84aa-4907-b898-4ab0d8d18ef9: shutdown 30c53b57-84aa-4907-b898-4ab0d8d18ef9@group-A04BBE52BB9F-FollowerState
2023-06-06 14:29:11,861 [30c53b57-84aa-4907-b898-4ab0d8d18ef9@group-A04BBE52BB9F-FollowerState] INFO  server.RaftServer$Division (RaftServerImpl.java:setRole(329)) - 30c53b57-84aa-4907-b898-4ab0d8d18ef9@group-A04BBE52BB9F: changes role from  FOLLOWER to CANDIDATE at term 0 for changeToCandidate
2023-06-06 14:29:11,861 [30c53b57-84aa-4907-b898-4ab0d8d18ef9@group-A04BBE52BB9F-FollowerState] INFO  server.RaftServerConfigKeys (ConfUtils.java:logGet(46)) - raft.server.leaderelection.pre-vote = true (default)
2023-06-06 14:29:11,861 [30c53b57-84aa-4907-b898-4ab0d8d18ef9@group-A04BBE52BB9F-FollowerState] INFO  impl.RoleInfo (RoleInfo.java:updateAndGet(139)) - 30c53b57-84aa-4907-b898-4ab0d8d18ef9: start 30c53b57-84aa-4907-b898-4ab0d8d18ef9@group-A04BBE52BB9F-LeaderElection33
2023-06-06 14:29:11,862 [30c53b57-84aa-4907-b898-4ab0d8d18ef9@group-A04BBE52BB9F-LeaderElection33] INFO  impl.LeaderElection (LeaderElection.java:askForVotes(321)) - 30c53b57-84aa-4907-b898-4ab0d8d18ef9@group-A04BBE52BB9F-LeaderElection33 PRE_VOTE round 0: submit vote requests at term 0 for -1: peers:[a8cecc1f-3f3f-4377-b117-1e6c466c1e86|rpc:10.1.0.37:15162|admin:10.1.0.37:15161|client:10.1.0.37:15160|dataStream:10.1.0.37:15163|priority:0|startupRole:FOLLOWER, 157c8593-ba62-4444-a330-78d9c87b0794|rpc:10.1.0.37:15171|admin:10.1.0.37:15170|client:10.1.0.37:15169|dataStream:10.1.0.37:15172|priority:0|startupRole:FOLLOWER, 30c53b57-84aa-4907-b898-4ab0d8d18ef9|rpc:10.1.0.37:15153|admin:10.1.0.37:15152|client:10.1.0.37:15151|dataStream:10.1.0.37:15154|priority:1|startupRole:FOLLOWER]|listeners:[], old=null
2023-06-06 14:29:11,863 [30c53b57-84aa-4907-b898-4ab0d8d18ef9@group-A04BBE52BB9F-LeaderElection33] INFO  server.RaftServerConfigKeys (ConfUtils.java:logFallback(53)) - raft.server.rpc.first-election.timeout.min = 5s (fallback to raft.server.rpc.timeout.min)
2023-06-06 14:29:11,863 [30c53b57-84aa-4907-b898-4ab0d8d18ef9@group-A04BBE52BB9F-LeaderElection33] INFO  server.RaftServerConfigKeys (ConfUtils.java:logFallback(53)) - raft.server.rpc.first-election.timeout.max = 5200ms (fallback to raft.server.rpc.timeout.max)
2023-06-06 14:29:11,869 [grpc-default-executor-1] INFO  server.RaftServer$Division (RaftServerImpl.java:requestVote(1302)) - 157c8593-ba62-4444-a330-78d9c87b0794@group-A04BBE52BB9F: receive requestVote(PRE_VOTE, 30c53b57-84aa-4907-b898-4ab0d8d18ef9, group-A04BBE52BB9F, 0, (t:0, i:0))
2023-06-06 14:29:11,869 [grpc-default-executor-1] INFO  impl.VoteContext (VoteContext.java:log(49)) - 157c8593-ba62-4444-a330-78d9c87b0794@group-A04BBE52BB9F-FOLLOWER: accept PRE_VOTE from 30c53b57-84aa-4907-b898-4ab0d8d18ef9: our priority 0 <= candidate's priority 1
2023-06-06 14:29:11,869 [grpc-default-executor-1] INFO  server.RaftServer$Division (RaftServerImpl.java:requestVote(1335)) - 157c8593-ba62-4444-a330-78d9c87b0794@group-A04BBE52BB9F replies to PRE_VOTE vote request: 30c53b57-84aa-4907-b898-4ab0d8d18ef9<-157c8593-ba62-4444-a330-78d9c87b0794#0:OK-t0. Peer's state: 157c8593-ba62-4444-a330-78d9c87b0794@group-A04BBE52BB9F:t0, leader=null, voted=, raftlog=Memoized:157c8593-ba62-4444-a330-78d9c87b0794@group-A04BBE52BB9F-SegmentedRaftLog:OPENED:c-1, conf=-1: peers:[a8cecc1f-3f3f-4377-b117-1e6c466c1e86|rpc:10.1.0.37:15162|admin:10.1.0.37:15161|client:10.1.0.37:15160|dataStream:10.1.0.37:15163|priority:0|startupRole:FOLLOWER, 157c8593-ba62-4444-a330-78d9c87b0794|rpc:10.1.0.37:15171|admin:10.1.0.37:15170|client:10.1.0.37:15169|dataStream:10.1.0.37:15172|priority:0|startupRole:FOLLOWER, 30c53b57-84aa-4907-b898-4ab0d8d18ef9|rpc:10.1.0.37:15153|admin:10.1.0.37:15152|client:10.1.0.37:15151|dataStream:10.1.0.37:15154|priority:1|startupRole:FOLLOWER]|listeners:[], old=null
2023-06-06 14:29:11,870 [30c53b57-84aa-4907-b898-4ab0d8d18ef9@group-A04BBE52BB9F-LeaderElection33] INFO  impl.LeaderElection (LeaderElection.java:logAndReturn(90)) - 30c53b57-84aa-4907-b898-4ab0d8d18ef9@group-A04BBE52BB9F-LeaderElection33: PRE_VOTE PASSED received 1 response(s) and 0 exception(s):
2023-06-06 14:29:11,870 [30c53b57-84aa-4907-b898-4ab0d8d18ef9@group-A04BBE52BB9F-LeaderElection33] INFO  impl.LeaderElection (LeaderElection.java:logAndReturn(94)) -   Response 0: 30c53b57-84aa-4907-b898-4ab0d8d18ef9<-157c8593-ba62-4444-a330-78d9c87b0794#0:OK-t0
2023-06-06 14:29:11,870 [30c53b57-84aa-4907-b898-4ab0d8d18ef9@group-A04BBE52BB9F-LeaderElection33] INFO  impl.LeaderElection (LeaderElection.java:askForVotes(323)) - 30c53b57-84aa-4907-b898-4ab0d8d18ef9@group-A04BBE52BB9F-LeaderElection33 PRE_VOTE round 0: result PASSED
2023-06-06 14:29:11,872 [grpc-default-executor-1] INFO  server.RaftServer$Division (RaftServerImpl.java:requestVote(1302)) - a8cecc1f-3f3f-4377-b117-1e6c466c1e86@group-A04BBE52BB9F: receive requestVote(PRE_VOTE, 30c53b57-84aa-4907-b898-4ab0d8d18ef9, group-A04BBE52BB9F, 0, (t:0, i:0))
2023-06-06 14:29:11,872 [grpc-default-executor-1] INFO  impl.VoteContext (VoteContext.java:log(49)) - a8cecc1f-3f3f-4377-b117-1e6c466c1e86@group-A04BBE52BB9F-FOLLOWER: accept PRE_VOTE from 30c53b57-84aa-4907-b898-4ab0d8d18ef9: our priority 0 <= candidate's priority 1
2023-06-06 14:29:11,873 [grpc-default-executor-1] INFO  server.RaftServer$Division (RaftServerImpl.java:requestVote(1335)) - a8cecc1f-3f3f-4377-b117-1e6c466c1e86@group-A04BBE52BB9F replies to PRE_VOTE vote request: 30c53b57-84aa-4907-b898-4ab0d8d18ef9<-a8cecc1f-3f3f-4377-b117-1e6c466c1e86#0:OK-t0. Peer's state: a8cecc1f-3f3f-4377-b117-1e6c466c1e86@group-A04BBE52BB9F:t0, leader=null, voted=, raftlog=Memoized:a8cecc1f-3f3f-4377-b117-1e6c466c1e86@group-A04BBE52BB9F-SegmentedRaftLog:OPENED:c-1, conf=-1: peers:[a8cecc1f-3f3f-4377-b117-1e6c466c1e86|rpc:10.1.0.37:15162|admin:10.1.0.37:15161|client:10.1.0.37:15160|dataStream:10.1.0.37:15163|priority:0|startupRole:FOLLOWER, 157c8593-ba62-4444-a330-78d9c87b0794|rpc:10.1.0.37:15171|admin:10.1.0.37:15170|client:10.1.0.37:15169|dataStream:10.1.0.37:15172|priority:0|startupRole:FOLLOWER, 30c53b57-84aa-4907-b898-4ab0d8d18ef9|rpc:10.1.0.37:15153|admin:10.1.0.37:15152|client:10.1.0.37:15151|dataStream:10.1.0.37:15154|priority:1|startupRole:FOLLOWER]|listeners:[], old=null
2023-06-06 14:29:11,873 [30c53b57-84aa-4907-b898-4ab0d8d18ef9@group-A04BBE52BB9F-LeaderElection33] INFO  impl.LeaderElection (LeaderElection.java:askForVotes(321)) - 30c53b57-84aa-4907-b898-4ab0d8d18ef9@group-A04BBE52BB9F-LeaderElection33 ELECTION round 0: submit vote requests at term 1 for -1: peers:[a8cecc1f-3f3f-4377-b117-1e6c466c1e86|rpc:10.1.0.37:15162|admin:10.1.0.37:15161|client:10.1.0.37:15160|dataStream:10.1.0.37:15163|priority:0|startupRole:FOLLOWER, 157c8593-ba62-4444-a330-78d9c87b0794|rpc:10.1.0.37:15171|admin:10.1.0.37:15170|client:10.1.0.37:15169|dataStream:10.1.0.37:15172|priority:0|startupRole:FOLLOWER, 30c53b57-84aa-4907-b898-4ab0d8d18ef9|rpc:10.1.0.37:15153|admin:10.1.0.37:15152|client:10.1.0.37:15151|dataStream:10.1.0.37:15154|priority:1|startupRole:FOLLOWER]|listeners:[], old=null
2023-06-06 14:29:11,876 [30c53b57-84aa-4907-b898-4ab0d8d18ef9@group-A04BBE52BB9F-LeaderElection33] INFO  server.RaftServerConfigKeys (ConfUtils.java:logFallback(53)) - raft.server.rpc.first-election.timeout.min = 5s (fallback to raft.server.rpc.timeout.min)
2023-06-06 14:29:11,876 [30c53b57-84aa-4907-b898-4ab0d8d18ef9@group-A04BBE52BB9F-LeaderElection33] INFO  server.RaftServerConfigKeys (ConfUtils.java:logFallback(53)) - raft.server.rpc.first-election.timeout.max = 5200ms (fallback to raft.server.rpc.timeout.max)
2023-06-06 14:29:11,877 [grpc-default-executor-1] INFO  server.RaftServer$Division (RaftServerImpl.java:requestVote(1302)) - a8cecc1f-3f3f-4377-b117-1e6c466c1e86@group-A04BBE52BB9F: receive requestVote(ELECTION, 30c53b57-84aa-4907-b898-4ab0d8d18ef9, group-A04BBE52BB9F, 1, (t:0, i:0))
2023-06-06 14:29:11,878 [grpc-default-executor-1] INFO  impl.VoteContext (VoteContext.java:log(49)) - a8cecc1f-3f3f-4377-b117-1e6c466c1e86@group-A04BBE52BB9F-FOLLOWER: accept ELECTION from 30c53b57-84aa-4907-b898-4ab0d8d18ef9: our priority 0 <= candidate's priority 1
2023-06-06 14:29:11,878 [grpc-default-executor-1] INFO  server.RaftServer$Division (RaftServerImpl.java:setRole(329)) - a8cecc1f-3f3f-4377-b117-1e6c466c1e86@group-A04BBE52BB9F: changes role from  FOLLOWER to FOLLOWER at term 1 for candidate:30c53b57-84aa-4907-b898-4ab0d8d18ef9
2023-06-06 14:29:11,878 [grpc-default-executor-1] INFO  impl.RoleInfo (RoleInfo.java:shutdownFollowerState(110)) - a8cecc1f-3f3f-4377-b117-1e6c466c1e86: shutdown a8cecc1f-3f3f-4377-b117-1e6c466c1e86@group-A04BBE52BB9F-FollowerState
2023-06-06 14:29:11,878 [grpc-default-executor-1] INFO  impl.RoleInfo (RoleInfo.java:updateAndGet(139)) - a8cecc1f-3f3f-4377-b117-1e6c466c1e86: start a8cecc1f-3f3f-4377-b117-1e6c466c1e86@group-A04BBE52BB9F-FollowerState
2023-06-06 14:29:11,878 [a8cecc1f-3f3f-4377-b117-1e6c466c1e86@group-A04BBE52BB9F-FollowerState] INFO  impl.FollowerState (FollowerState.java:run(152)) - a8cecc1f-3f3f-4377-b117-1e6c466c1e86@group-A04BBE52BB9F-FollowerState was interrupted
2023-06-06 14:29:11,882 [grpc-default-executor-3] INFO  server.RaftServer$Division (RaftServerImpl.java:requestVote(1302)) - 157c8593-ba62-4444-a330-78d9c87b0794@group-A04BBE52BB9F: receive requestVote(ELECTION, 30c53b57-84aa-4907-b898-4ab0d8d18ef9, group-A04BBE52BB9F, 1, (t:0, i:0))
2023-06-06 14:29:11,883 [grpc-default-executor-3] INFO  impl.VoteContext (VoteContext.java:log(49)) - 157c8593-ba62-4444-a330-78d9c87b0794@group-A04BBE52BB9F-FOLLOWER: accept ELECTION from 30c53b57-84aa-4907-b898-4ab0d8d18ef9: our priority 0 <= candidate's priority 1
2023-06-06 14:29:11,883 [grpc-default-executor-3] INFO  server.RaftServer$Division (RaftServerImpl.java:setRole(329)) - 157c8593-ba62-4444-a330-78d9c87b0794@group-A04BBE52BB9F: changes role from  FOLLOWER to FOLLOWER at term 1 for candidate:30c53b57-84aa-4907-b898-4ab0d8d18ef9
2023-06-06 14:29:11,883 [grpc-default-executor-3] INFO  impl.RoleInfo (RoleInfo.java:shutdownFollowerState(110)) - 157c8593-ba62-4444-a330-78d9c87b0794: shutdown 157c8593-ba62-4444-a330-78d9c87b0794@group-A04BBE52BB9F-FollowerState
2023-06-06 14:29:11,883 [grpc-default-executor-3] INFO  impl.RoleInfo (RoleInfo.java:updateAndGet(139)) - 157c8593-ba62-4444-a330-78d9c87b0794: start 157c8593-ba62-4444-a330-78d9c87b0794@group-A04BBE52BB9F-FollowerState
2023-06-06 14:29:11,883 [157c8593-ba62-4444-a330-78d9c87b0794@group-A04BBE52BB9F-FollowerState] INFO  impl.FollowerState (FollowerState.java:run(152)) - 157c8593-ba62-4444-a330-78d9c87b0794@group-A04BBE52BB9F-FollowerState was interrupted
2023-06-06 14:29:11,884 [grpc-default-executor-1] INFO  server.RaftServer$Division (RaftServerImpl.java:requestVote(1335)) - a8cecc1f-3f3f-4377-b117-1e6c466c1e86@group-A04BBE52BB9F replies to ELECTION vote request: 30c53b57-84aa-4907-b898-4ab0d8d18ef9<-a8cecc1f-3f3f-4377-b117-1e6c466c1e86#0:OK-t1. Peer's state: a8cecc1f-3f3f-4377-b117-1e6c466c1e86@group-A04BBE52BB9F:t1, leader=null, voted=30c53b57-84aa-4907-b898-4ab0d8d18ef9, raftlog=Memoized:a8cecc1f-3f3f-4377-b117-1e6c466c1e86@group-A04BBE52BB9F-SegmentedRaftLog:OPENED:c-1, conf=-1: peers:[a8cecc1f-3f3f-4377-b117-1e6c466c1e86|rpc:10.1.0.37:15162|admin:10.1.0.37:15161|client:10.1.0.37:15160|dataStream:10.1.0.37:15163|priority:0|startupRole:FOLLOWER, 157c8593-ba62-4444-a330-78d9c87b0794|rpc:10.1.0.37:15171|admin:10.1.0.37:15170|client:10.1.0.37:15169|dataStream:10.1.0.37:15172|priority:0|startupRole:FOLLOWER, 30c53b57-84aa-4907-b898-4ab0d8d18ef9|rpc:10.1.0.37:15153|admin:10.1.0.37:15152|client:10.1.0.37:15151|dataStream:10.1.0.37:15154|priority:1|startupRole:FOLLOWER]|listeners:[], old=null
2023-06-06 14:29:11,885 [grpc-default-executor-3] INFO  server.RaftServer$Division (RaftServerImpl.java:requestVote(1335)) - 157c8593-ba62-4444-a330-78d9c87b0794@group-A04BBE52BB9F replies to ELECTION vote request: 30c53b57-84aa-4907-b898-4ab0d8d18ef9<-157c8593-ba62-4444-a330-78d9c87b0794#0:OK-t1. Peer's state: 157c8593-ba62-4444-a330-78d9c87b0794@group-A04BBE52BB9F:t1, leader=null, voted=30c53b57-84aa-4907-b898-4ab0d8d18ef9, raftlog=Memoized:157c8593-ba62-4444-a330-78d9c87b0794@group-A04BBE52BB9F-SegmentedRaftLog:OPENED:c-1, conf=-1: peers:[a8cecc1f-3f3f-4377-b117-1e6c466c1e86|rpc:10.1.0.37:15162|admin:10.1.0.37:15161|client:10.1.0.37:15160|dataStream:10.1.0.37:15163|priority:0|startupRole:FOLLOWER, 157c8593-ba62-4444-a330-78d9c87b0794|rpc:10.1.0.37:15171|admin:10.1.0.37:15170|client:10.1.0.37:15169|dataStream:10.1.0.37:15172|priority:0|startupRole:FOLLOWER, 30c53b57-84aa-4907-b898-4ab0d8d18ef9|rpc:10.1.0.37:15153|admin:10.1.0.37:15152|client:10.1.0.37:15151|dataStream:10.1.0.37:15154|priority:1|startupRole:FOLLOWER]|listeners:[], old=null
2023-06-06 14:29:11,886 [30c53b57-84aa-4907-b898-4ab0d8d18ef9@group-A04BBE52BB9F-LeaderElection33] INFO  impl.LeaderElection (LeaderElection.java:logAndReturn(90)) - 30c53b57-84aa-4907-b898-4ab0d8d18ef9@group-A04BBE52BB9F-LeaderElection33: ELECTION PASSED received 1 response(s) and 0 exception(s):
2023-06-06 14:29:11,886 [30c53b57-84aa-4907-b898-4ab0d8d18ef9@group-A04BBE52BB9F-LeaderElection33] INFO  impl.LeaderElection (LeaderElection.java:logAndReturn(94)) -   Response 0: 30c53b57-84aa-4907-b898-4ab0d8d18ef9<-157c8593-ba62-4444-a330-78d9c87b0794#0:OK-t1
2023-06-06 14:29:11,886 [30c53b57-84aa-4907-b898-4ab0d8d18ef9@group-A04BBE52BB9F-LeaderElection33] INFO  impl.LeaderElection (LeaderElection.java:askForVotes(323)) - 30c53b57-84aa-4907-b898-4ab0d8d18ef9@group-A04BBE52BB9F-LeaderElection33 ELECTION round 0: result PASSED
2023-06-06 14:29:11,886 [30c53b57-84aa-4907-b898-4ab0d8d18ef9@group-A04BBE52BB9F-LeaderElection33] INFO  impl.RoleInfo (RoleInfo.java:shutdownLeaderElection(130)) - 30c53b57-84aa-4907-b898-4ab0d8d18ef9: shutdown 30c53b57-84aa-4907-b898-4ab0d8d18ef9@group-A04BBE52BB9F-LeaderElection33
2023-06-06 14:29:11,886 [30c53b57-84aa-4907-b898-4ab0d8d18ef9@group-A04BBE52BB9F-LeaderElection33] INFO  server.RaftServer$Division (RaftServerImpl.java:setRole(329)) - 30c53b57-84aa-4907-b898-4ab0d8d18ef9@group-A04BBE52BB9F: changes role from CANDIDATE to LEADER at term 1 for changeToLeader
2023-06-06 14:29:11,886 [30c53b57-84aa-4907-b898-4ab0d8d18ef9@group-A04BBE52BB9F-LeaderElection33] INFO  ratis.XceiverServerRatis (XceiverServerRatis.java:handleLeaderChangedNotification(902)) - Leader change notification received for group: group-A04BBE52BB9F with new leaderId: 30c53b57-84aa-4907-b898-4ab0d8d18ef9
2023-06-06 14:29:11,886 [30c53b57-84aa-4907-b898-4ab0d8d18ef9@group-A04BBE52BB9F-LeaderElection33] INFO  server.RaftServer$Division (ServerState.java:setLeader(317)) - 30c53b57-84aa-4907-b898-4ab0d8d18ef9@group-A04BBE52BB9F: change Leader from null to 30c53b57-84aa-4907-b898-4ab0d8d18ef9 at term 1 for becomeLeader, leader elected after 5195ms
2023-06-06 14:29:11,886 [30c53b57-84aa-4907-b898-4ab0d8d18ef9@group-A04BBE52BB9F-LeaderElection33] INFO  server.RaftServerConfigKeys (ConfUtils.java:logGet(46)) - raft.server.staging.catchup.gap = 1000 (default)
2023-06-06 14:29:11,887 [30c53b57-84aa-4907-b898-4ab0d8d18ef9@group-A04BBE52BB9F-LeaderElection33] INFO  server.RaftServerConfigKeys (ConfUtils.java:logGet(46)) - raft.server.write.element-limit = 1024 (custom)
2023-06-06 14:29:11,887 [30c53b57-84aa-4907-b898-4ab0d8d18ef9@group-A04BBE52BB9F-LeaderElection33] INFO  server.RaftServerConfigKeys (ConfUtils.java:logGet(46)) - raft.server.write.byte-limit = 1024 M (=1073741824) (custom)
2023-06-06 14:29:11,887 [30c53b57-84aa-4907-b898-4ab0d8d18ef9@group-A04BBE52BB9F-LeaderElection33] INFO  server.RaftServerConfigKeys (ConfUtils.java:logGet(46)) - raft.server.watch.timeout = 180s (custom)
2023-06-06 14:29:11,887 [30c53b57-84aa-4907-b898-4ab0d8d18ef9@group-A04BBE52BB9F-LeaderElection33] INFO  server.RaftServerConfigKeys (ConfUtils.java:logGet(46)) - raft.server.watch.timeout.denomination = 1s (default)
2023-06-06 14:29:11,887 [30c53b57-84aa-4907-b898-4ab0d8d18ef9@group-A04BBE52BB9F-LeaderElection33] INFO  server.RaftServerConfigKeys (ConfUtils.java:logGet(46)) - raft.server.watch.element-limit = 65536 (default)
2023-06-06 14:29:11,887 [30c53b57-84aa-4907-b898-4ab0d8d18ef9@group-A04BBE52BB9F-LeaderElection33] INFO  server.RaftServerConfigKeys (ConfUtils.java:logGet(46)) - raft.server.write.element-limit = 1024 (custom)
2023-06-06 14:29:11,887 [30c53b57-84aa-4907-b898-4ab0d8d18ef9@group-A04BBE52BB9F-LeaderElection33] INFO  server.RaftServerConfigKeys (ConfUtils.java:logGet(46)) - raft.server.write.follower.gap.ratio.max = -1.0 (default)
2023-06-06 14:29:11,887 [30c53b57-84aa-4907-b898-4ab0d8d18ef9@group-A04BBE52BB9F-LeaderElection33] INFO  server.RaftServerConfigKeys (ConfUtils.java:logGet(46)) - raft.server.log.appender.snapshot.chunk.size.max = 16MB (=16777216) (default)
2023-06-06 14:29:11,887 [30c53b57-84aa-4907-b898-4ab0d8d18ef9@group-A04BBE52BB9F-LeaderElection33] INFO  server.RaftServerConfigKeys (ConfUtils.java:logGet(46)) - raft.server.log.appender.buffer.byte-limit = 33554432 (custom)
2023-06-06 14:29:11,888 [30c53b57-84aa-4907-b898-4ab0d8d18ef9@group-A04BBE52BB9F-LeaderElection33] INFO  server.RaftServerConfigKeys (ConfUtils.java:logGet(46)) - raft.server.log.appender.buffer.element-limit = 1 (custom)
2023-06-06 14:29:11,888 [30c53b57-84aa-4907-b898-4ab0d8d18ef9@group-A04BBE52BB9F-LeaderElection33] INFO  server.RaftServerConfigKeys (ConfUtils.java:logGet(46)) - raft.server.log.appender.wait-time.min = 10ms (default)
2023-06-06 14:29:11,888 [30c53b57-84aa-4907-b898-4ab0d8d18ef9@group-A04BBE52BB9F-LeaderElection33] INFO  grpc.GrpcConfigKeys (ConfUtils.java:logGet(46)) - raft.grpc.server.leader.outstanding.appends.max = 128 (default)
2023-06-06 14:29:11,888 [30c53b57-84aa-4907-b898-4ab0d8d18ef9@group-A04BBE52BB9F-LeaderElection33] INFO  server.RaftServerConfigKeys (ConfUtils.java:logGet(46)) - raft.server.rpc.request.timeout = 60s (custom)
2023-06-06 14:29:11,888 [30c53b57-84aa-4907-b898-4ab0d8d18ef9@group-A04BBE52BB9F-LeaderElection33] INFO  grpc.GrpcConfigKeys (ConfUtils.java:logGet(46)) - raft.grpc.server.install_snapshot.request.element-limit = 8 (default)
2023-06-06 14:29:11,888 [30c53b57-84aa-4907-b898-4ab0d8d18ef9@group-A04BBE52BB9F-LeaderElection33] INFO  grpc.GrpcConfigKeys (ConfUtils.java:logGet(46)) - raft.grpc.server.install_snapshot.request.timeout = 3000ms (default)
2023-06-06 14:29:11,888 [30c53b57-84aa-4907-b898-4ab0d8d18ef9@group-A04BBE52BB9F-LeaderElection33] INFO  server.RaftServerConfigKeys (ConfUtils.java:logGet(46)) - raft.server.log.appender.install.snapshot.enabled = false (custom)
2023-06-06 14:29:11,888 [30c53b57-84aa-4907-b898-4ab0d8d18ef9@group-A04BBE52BB9F-LeaderElection33] INFO  grpc.GrpcConfigKeys (ConfUtils.java:logGet(46)) - raft.grpc.server.heartbeat.channel = true (default)
2023-06-06 14:29:11,888 [30c53b57-84aa-4907-b898-4ab0d8d18ef9@group-A04BBE52BB9F-LeaderElection33] INFO  server.RaftServerConfigKeys (ConfUtils.java:logGet(46)) - raft.server.log.appender.snapshot.chunk.size.max = 16MB (=16777216) (default)
2023-06-06 14:29:11,888 [30c53b57-84aa-4907-b898-4ab0d8d18ef9@group-A04BBE52BB9F-LeaderElection33] INFO  server.RaftServerConfigKeys (ConfUtils.java:logGet(46)) - raft.server.log.appender.buffer.byte-limit = 33554432 (custom)
2023-06-06 14:29:11,888 [30c53b57-84aa-4907-b898-4ab0d8d18ef9@group-A04BBE52BB9F-LeaderElection33] INFO  server.RaftServerConfigKeys (ConfUtils.java:logGet(46)) - raft.server.log.appender.buffer.element-limit = 1 (custom)
2023-06-06 14:29:11,888 [30c53b57-84aa-4907-b898-4ab0d8d18ef9@group-A04BBE52BB9F-LeaderElection33] INFO  server.RaftServerConfigKeys (ConfUtils.java:logGet(46)) - raft.server.log.appender.wait-time.min = 10ms (default)
2023-06-06 14:29:11,889 [30c53b57-84aa-4907-b898-4ab0d8d18ef9@group-A04BBE52BB9F-LeaderElection33] INFO  grpc.GrpcConfigKeys (ConfUtils.java:logGet(46)) - raft.grpc.server.leader.outstanding.appends.max = 128 (default)
2023-06-06 14:29:11,889 [30c53b57-84aa-4907-b898-4ab0d8d18ef9@group-A04BBE52BB9F-LeaderElection33] INFO  server.RaftServerConfigKeys (ConfUtils.java:logGet(46)) - raft.server.rpc.request.timeout = 60s (custom)
2023-06-06 14:29:11,889 [30c53b57-84aa-4907-b898-4ab0d8d18ef9@group-A04BBE52BB9F-LeaderElection33] INFO  grpc.GrpcConfigKeys (ConfUtils.java:logGet(46)) - raft.grpc.server.install_snapshot.request.element-limit = 8 (default)
2023-06-06 14:29:11,889 [30c53b57-84aa-4907-b898-4ab0d8d18ef9@group-A04BBE52BB9F-LeaderElection33] INFO  grpc.GrpcConfigKeys (ConfUtils.java:logGet(46)) - raft.grpc.server.install_snapshot.request.timeout = 3000ms (default)
2023-06-06 14:29:11,889 [30c53b57-84aa-4907-b898-4ab0d8d18ef9@group-A04BBE52BB9F-LeaderElection33] INFO  server.RaftServerConfigKeys (ConfUtils.java:logGet(46)) - raft.server.log.appender.install.snapshot.enabled = false (custom)
2023-06-06 14:29:11,889 [30c53b57-84aa-4907-b898-4ab0d8d18ef9@group-A04BBE52BB9F-LeaderElection33] INFO  grpc.GrpcConfigKeys (ConfUtils.java:logGet(46)) - raft.grpc.server.heartbeat.channel = true (default)
2023-06-06 14:29:11,889 [30c53b57-84aa-4907-b898-4ab0d8d18ef9@group-A04BBE52BB9F-LeaderElection33] INFO  impl.RoleInfo (RoleInfo.java:updateAndGet(139)) - 30c53b57-84aa-4907-b898-4ab0d8d18ef9: start 30c53b57-84aa-4907-b898-4ab0d8d18ef9@group-A04BBE52BB9F-LeaderStateImpl
2023-06-06 14:29:11,889 [30c53b57-84aa-4907-b898-4ab0d8d18ef9@group-A04BBE52BB9F-LeaderElection33] INFO  segmented.SegmentedRaftLogWorker (SegmentedRaftLogWorker.java:startLogSegment(447)) - 30c53b57-84aa-4907-b898-4ab0d8d18ef9@group-A04BBE52BB9F-SegmentedRaftLogWorker: Starting segment from index:0
2023-06-06 14:29:11,890 [30c53b57-84aa-4907-b898-4ab0d8d18ef9@group-A04BBE52BB9F-SegmentedRaftLogWorker] INFO  segmented.SegmentedRaftLogWorker (SegmentedRaftLogWorker.java:execute(651)) - 30c53b57-84aa-4907-b898-4ab0d8d18ef9@group-A04BBE52BB9F-SegmentedRaftLogWorker: created new log segment /home/runner/work/ozone/ozone/hadoop-ozone/integration-test/target/test-dir/MiniOzoneClusterImpl-311f1a44-6374-447a-8cc6-2b136736f8fc/datanode-0/data/ratis/2b7afc1d-0e1d-46af-adb7-a04bbe52bb9f/current/log_inprogress_0
2023-06-06 14:29:11,891 [EventQueue-PipelineReportForPipelineReportHandler] INFO  pipeline.PipelineManagerImpl (PipelineManagerImpl.java:openPipeline(367)) - Pipeline Pipeline[ Id: 2b7afc1d-0e1d-46af-adb7-a04bbe52bb9f, Nodes: 30c53b57-84aa-4907-b898-4ab0d8d18ef9(fv-az1133-973.qlb2sqfkji0uhjsjdnlwzcsdwg.bx.internal.cloudapp.net/10.1.0.37)a8cecc1f-3f3f-4377-b117-1e6c466c1e86(fv-az1133-973.qlb2sqfkji0uhjsjdnlwzcsdwg.bx.internal.cloudapp.net/10.1.0.37)157c8593-ba62-4444-a330-78d9c87b0794(fv-az1133-973.qlb2sqfkji0uhjsjdnlwzcsdwg.bx.internal.cloudapp.net/10.1.0.37), ReplicationConfig: RATIS/THREE, State:ALLOCATED, leaderId:30c53b57-84aa-4907-b898-4ab0d8d18ef9, CreationTimestamp2023-06-06T14:29:04.114Z[Etc/UTC]] moved to OPEN state
2023-06-06 14:29:11,906 [30c53b57-84aa-4907-b898-4ab0d8d18ef9@group-A04BBE52BB9F-LeaderElection33] INFO  server.RaftServer$Division (ServerState.java:setRaftConf(434)) - 30c53b57-84aa-4907-b898-4ab0d8d18ef9@group-A04BBE52BB9F: set configuration 0: peers:[a8cecc1f-3f3f-4377-b117-1e6c466c1e86|rpc:10.1.0.37:15162|admin:10.1.0.37:15161|client:10.1.0.37:15160|dataStream:10.1.0.37:15163|priority:0|startupRole:FOLLOWER, 157c8593-ba62-4444-a330-78d9c87b0794|rpc:10.1.0.37:15171|admin:10.1.0.37:15170|client:10.1.0.37:15169|dataStream:10.1.0.37:15172|priority:0|startupRole:FOLLOWER, 30c53b57-84aa-4907-b898-4ab0d8d18ef9|rpc:10.1.0.37:15153|admin:10.1.0.37:15152|client:10.1.0.37:15151|dataStream:10.1.0.37:15154|priority:1|startupRole:FOLLOWER]|listeners:[], old=null
2023-06-06 14:29:11,913 [a8cecc1f-3f3f-4377-b117-1e6c466c1e86-server-thread1] INFO  ratis.XceiverServerRatis (XceiverServerRatis.java:handleLeaderChangedNotification(902)) - Leader change notification received for group: group-A04BBE52BB9F with new leaderId: 30c53b57-84aa-4907-b898-4ab0d8d18ef9
2023-06-06 14:29:11,913 [a8cecc1f-3f3f-4377-b117-1e6c466c1e86-server-thread1] INFO  server.RaftServer$Division (ServerState.java:setLeader(317)) - a8cecc1f-3f3f-4377-b117-1e6c466c1e86@group-A04BBE52BB9F: change Leader from null to 30c53b57-84aa-4907-b898-4ab0d8d18ef9 at term 1 for appendEntries, leader elected after 5191ms
2023-06-06 14:29:11,913 [a8cecc1f-3f3f-4377-b117-1e6c466c1e86-server-thread1] INFO  server.RaftServer$Division (ServerState.java:setRaftConf(434)) - a8cecc1f-3f3f-4377-b117-1e6c466c1e86@group-A04BBE52BB9F: set configuration 0: peers:[a8cecc1f-3f3f-4377-b117-1e6c466c1e86|rpc:10.1.0.37:15162|admin:10.1.0.37:15161|client:10.1.0.37:15160|dataStream:10.1.0.37:15163|priority:0|startupRole:FOLLOWER, 157c8593-ba62-4444-a330-78d9c87b0794|rpc:10.1.0.37:15171|admin:10.1.0.37:15170|client:10.1.0.37:15169|dataStream:10.1.0.37:15172|priority:0|startupRole:FOLLOWER, 30c53b57-84aa-4907-b898-4ab0d8d18ef9|rpc:10.1.0.37:15153|admin:10.1.0.37:15152|client:10.1.0.37:15151|dataStream:10.1.0.37:15154|priority:1|startupRole:FOLLOWER]|listeners:[], old=null
2023-06-06 14:29:11,914 [a8cecc1f-3f3f-4377-b117-1e6c466c1e86-server-thread1] INFO  segmented.SegmentedRaftLogWorker (SegmentedRaftLogWorker.java:startLogSegment(447)) - a8cecc1f-3f3f-4377-b117-1e6c466c1e86@group-A04BBE52BB9F-SegmentedRaftLogWorker: Starting segment from index:0
2023-06-06 14:29:11,915 [a8cecc1f-3f3f-4377-b117-1e6c466c1e86@group-A04BBE52BB9F-SegmentedRaftLogWorker] INFO  segmented.SegmentedRaftLogWorker (SegmentedRaftLogWorker.java:execute(651)) - a8cecc1f-3f3f-4377-b117-1e6c466c1e86@group-A04BBE52BB9F-SegmentedRaftLogWorker: created new log segment /home/runner/work/ozone/ozone/hadoop-ozone/integration-test/target/test-dir/MiniOzoneClusterImpl-311f1a44-6374-447a-8cc6-2b136736f8fc/datanode-1/data/ratis/2b7afc1d-0e1d-46af-adb7-a04bbe52bb9f/current/log_inprogress_0
2023-06-06 14:29:11,929 [157c8593-ba62-4444-a330-78d9c87b0794-server-thread1] INFO  ratis.XceiverServerRatis (XceiverServerRatis.java:handleLeaderChangedNotification(902)) - Leader change notification received for group: group-A04BBE52BB9F with new leaderId: 30c53b57-84aa-4907-b898-4ab0d8d18ef9
2023-06-06 14:29:11,929 [157c8593-ba62-4444-a330-78d9c87b0794-server-thread1] INFO  server.RaftServer$Division (ServerState.java:setLeader(317)) - 157c8593-ba62-4444-a330-78d9c87b0794@group-A04BBE52BB9F: change Leader from null to 30c53b57-84aa-4907-b898-4ab0d8d18ef9 at term 1 for appendEntries, leader elected after 5156ms
2023-06-06 14:29:11,930 [157c8593-ba62-4444-a330-78d9c87b0794-server-thread2] INFO  server.RaftServer$Division (ServerState.java:setRaftConf(434)) - 157c8593-ba62-4444-a330-78d9c87b0794@group-A04BBE52BB9F: set configuration 0: peers:[a8cecc1f-3f3f-4377-b117-1e6c466c1e86|rpc:10.1.0.37:15162|admin:10.1.0.37:15161|client:10.1.0.37:15160|dataStream:10.1.0.37:15163|priority:0|startupRole:FOLLOWER, 157c8593-ba62-4444-a330-78d9c87b0794|rpc:10.1.0.37:15171|admin:10.1.0.37:15170|client:10.1.0.37:15169|dataStream:10.1.0.37:15172|priority:0|startupRole:FOLLOWER, 30c53b57-84aa-4907-b898-4ab0d8d18ef9|rpc:10.1.0.37:15153|admin:10.1.0.37:15152|client:10.1.0.37:15151|dataStream:10.1.0.37:15154|priority:1|startupRole:FOLLOWER]|listeners:[], old=null
2023-06-06 14:29:11,930 [157c8593-ba62-4444-a330-78d9c87b0794-server-thread2] INFO  segmented.SegmentedRaftLogWorker (SegmentedRaftLogWorker.java:startLogSegment(447)) - 157c8593-ba62-4444-a330-78d9c87b0794@group-A04BBE52BB9F-SegmentedRaftLogWorker: Starting segment from index:0
2023-06-06 14:29:11,933 [157c8593-ba62-4444-a330-78d9c87b0794@group-A04BBE52BB9F-SegmentedRaftLogWorker] INFO  segmented.SegmentedRaftLogWorker (SegmentedRaftLogWorker.java:execute(651)) - 157c8593-ba62-4444-a330-78d9c87b0794@group-A04BBE52BB9F-SegmentedRaftLogWorker: created new log segment /home/runner/work/ozone/ozone/hadoop-ozone/integration-test/target/test-dir/MiniOzoneClusterImpl-311f1a44-6374-447a-8cc6-2b136736f8fc/datanode-2/data/ratis/2b7afc1d-0e1d-46af-adb7-a04bbe52bb9f/current/log_inprogress_0
2023-06-06 14:29:11,946 [a8cecc1f-3f3f-4377-b117-1e6c466c1e86@group-5B1C65EEC4BB-FollowerState] INFO  impl.FollowerState (FollowerState.java:run(143)) - a8cecc1f-3f3f-4377-b117-1e6c466c1e86@group-5B1C65EEC4BB-FollowerState: change to CANDIDATE, lastRpcElapsedTime:5146107181ns, electionTimeout:5145ms
2023-06-06 14:29:11,946 [a8cecc1f-3f3f-4377-b117-1e6c466c1e86@group-5B1C65EEC4BB-FollowerState] INFO  impl.RoleInfo (RoleInfo.java:shutdownFollowerState(110)) - a8cecc1f-3f3f-4377-b117-1e6c466c1e86: shutdown a8cecc1f-3f3f-4377-b117-1e6c466c1e86@group-5B1C65EEC4BB-FollowerState
2023-06-06 14:29:11,947 [a8cecc1f-3f3f-4377-b117-1e6c466c1e86@group-5B1C65EEC4BB-FollowerState] INFO  server.RaftServer$Division (RaftServerImpl.java:setRole(329)) - a8cecc1f-3f3f-4377-b117-1e6c466c1e86@group-5B1C65EEC4BB: changes role from  FOLLOWER to CANDIDATE at term 0 for changeToCandidate
2023-06-06 14:29:11,947 [a8cecc1f-3f3f-4377-b117-1e6c466c1e86@group-5B1C65EEC4BB-FollowerState] INFO  server.RaftServerConfigKeys (ConfUtils.java:logGet(46)) - raft.server.leaderelection.pre-vote = true (default)
2023-06-06 14:29:11,947 [a8cecc1f-3f3f-4377-b117-1e6c466c1e86@group-5B1C65EEC4BB-FollowerState] INFO  impl.RoleInfo (RoleInfo.java:updateAndGet(139)) - a8cecc1f-3f3f-4377-b117-1e6c466c1e86: start a8cecc1f-3f3f-4377-b117-1e6c466c1e86@group-5B1C65EEC4BB-LeaderElection34
2023-06-06 14:29:11,948 [a8cecc1f-3f3f-4377-b117-1e6c466c1e86@group-5B1C65EEC4BB-LeaderElection34] INFO  impl.LeaderElection (LeaderElection.java:askForVotes(321)) - a8cecc1f-3f3f-4377-b117-1e6c466c1e86@group-5B1C65EEC4BB-LeaderElection34 PRE_VOTE round 0: submit vote requests at term 0 for -1: peers:[a8cecc1f-3f3f-4377-b117-1e6c466c1e86|rpc:10.1.0.37:15162|admin:10.1.0.37:15161|client:10.1.0.37:15160|dataStream:10.1.0.37:15163|priority:1|startupRole:FOLLOWER]|listeners:[], old=null
2023-06-06 14:29:11,948 [a8cecc1f-3f3f-4377-b117-1e6c466c1e86@group-5B1C65EEC4BB-LeaderElection34] INFO  impl.LeaderElection (LeaderElection.java:askForVotes(323)) - a8cecc1f-3f3f-4377-b117-1e6c466c1e86@group-5B1C65EEC4BB-LeaderElection34 PRE_VOTE round 0: result PASSED (term=0)
2023-06-06 14:29:11,949 [a8cecc1f-3f3f-4377-b117-1e6c466c1e86@group-5B1C65EEC4BB-LeaderElection34] INFO  impl.LeaderElection (LeaderElection.java:askForVotes(321)) - a8cecc1f-3f3f-4377-b117-1e6c466c1e86@group-5B1C65EEC4BB-LeaderElection34 ELECTION round 0: submit vote requests at term 1 for -1: peers:[a8cecc1f-3f3f-4377-b117-1e6c466c1e86|rpc:10.1.0.37:15162|admin:10.1.0.37:15161|client:10.1.0.37:15160|dataStream:10.1.0.37:15163|priority:1|startupRole:FOLLOWER]|listeners:[], old=null
2023-06-06 14:29:11,949 [a8cecc1f-3f3f-4377-b117-1e6c466c1e86@group-5B1C65EEC4BB-LeaderElection34] INFO  impl.LeaderElection (LeaderElection.java:askForVotes(323)) - a8cecc1f-3f3f-4377-b117-1e6c466c1e86@group-5B1C65EEC4BB-LeaderElection34 ELECTION round 0: result PASSED (term=1)
2023-06-06 14:29:11,949 [a8cecc1f-3f3f-4377-b117-1e6c466c1e86@group-5B1C65EEC4BB-LeaderElection34] INFO  impl.RoleInfo (RoleInfo.java:shutdownLeaderElection(130)) - a8cecc1f-3f3f-4377-b117-1e6c466c1e86: shutdown a8cecc1f-3f3f-4377-b117-1e6c466c1e86@group-5B1C65EEC4BB-LeaderElection34
2023-06-06 14:29:11,949 [a8cecc1f-3f3f-4377-b117-1e6c466c1e86@group-5B1C65EEC4BB-LeaderElection34] INFO  server.RaftServer$Division (RaftServerImpl.java:setRole(329)) - a8cecc1f-3f3f-4377-b117-1e6c466c1e86@group-5B1C65EEC4BB: changes role from CANDIDATE to LEADER at term 1 for changeToLeader
2023-06-06 14:29:11,949 [a8cecc1f-3f3f-4377-b117-1e6c466c1e86@group-5B1C65EEC4BB-LeaderElection34] INFO  ratis.XceiverServerRatis (XceiverServerRatis.java:handleLeaderChangedNotification(902)) - Leader change notification received for group: group-5B1C65EEC4BB with new leaderId: a8cecc1f-3f3f-4377-b117-1e6c466c1e86
2023-06-06 14:29:11,949 [a8cecc1f-3f3f-4377-b117-1e6c466c1e86@group-5B1C65EEC4BB-LeaderElection34] INFO  server.RaftServer$Division (ServerState.java:setLeader(317)) - a8cecc1f-3f3f-4377-b117-1e6c466c1e86@group-5B1C65EEC4BB: change Leader from null to a8cecc1f-3f3f-4377-b117-1e6c466c1e86 at term 1 for becomeLeader, leader elected after 5166ms
2023-06-06 14:29:11,949 [a8cecc1f-3f3f-4377-b117-1e6c466c1e86@group-5B1C65EEC4BB-LeaderElection34] INFO  server.RaftServerConfigKeys (ConfUtils.java:logGet(46)) - raft.server.staging.catchup.gap = 1000 (default)
2023-06-06 14:29:11,949 [a8cecc1f-3f3f-4377-b117-1e6c466c1e86@group-5B1C65EEC4BB-LeaderElection34] INFO  server.RaftServerConfigKeys (ConfUtils.java:logGet(46)) - raft.server.write.element-limit = 1024 (custom)
2023-06-06 14:29:11,949 [a8cecc1f-3f3f-4377-b117-1e6c466c1e86@group-5B1C65EEC4BB-LeaderElection34] INFO  server.RaftServerConfigKeys (ConfUtils.java:logGet(46)) - raft.server.write.byte-limit = 1024 M (=1073741824) (custom)
2023-06-06 14:29:11,950 [a8cecc1f-3f3f-4377-b117-1e6c466c1e86@group-5B1C65EEC4BB-LeaderElection34] INFO  server.RaftServerConfigKeys (ConfUtils.java:logGet(46)) - raft.server.watch.timeout = 180s (custom)
2023-06-06 14:29:11,950 [a8cecc1f-3f3f-4377-b117-1e6c466c1e86@group-5B1C65EEC4BB-LeaderElection34] INFO  server.RaftServerConfigKeys (ConfUtils.java:logGet(46)) - raft.server.watch.timeout.denomination = 1s (default)
2023-06-06 14:29:11,950 [a8cecc1f-3f3f-4377-b117-1e6c466c1e86@group-5B1C65EEC4BB-LeaderElection34] INFO  server.RaftServerConfigKeys (ConfUtils.java:logGet(46)) - raft.server.watch.element-limit = 65536 (default)
2023-06-06 14:29:11,950 [a8cecc1f-3f3f-4377-b117-1e6c466c1e86@group-5B1C65EEC4BB-LeaderElection34] INFO  server.RaftServerConfigKeys (ConfUtils.java:logGet(46)) - raft.server.write.element-limit = 1024 (custom)
2023-06-06 14:29:11,950 [a8cecc1f-3f3f-4377-b117-1e6c466c1e86@group-5B1C65EEC4BB-LeaderElection34] INFO  server.RaftServerConfigKeys (ConfUtils.java:logGet(46)) - raft.server.write.follower.gap.ratio.max = -1.0 (default)
2023-06-06 14:29:11,951 [a8cecc1f-3f3f-4377-b117-1e6c466c1e86@group-5B1C65EEC4BB-LeaderElection34] INFO  impl.RoleInfo (RoleInfo.java:updateAndGet(139)) - a8cecc1f-3f3f-4377-b117-1e6c466c1e86: start a8cecc1f-3f3f-4377-b117-1e6c466c1e86@group-5B1C65EEC4BB-LeaderStateImpl
2023-06-06 14:29:11,951 [a8cecc1f-3f3f-4377-b117-1e6c466c1e86@group-5B1C65EEC4BB-LeaderElection34] INFO  segmented.SegmentedRaftLogWorker (SegmentedRaftLogWorker.java:startLogSegment(447)) - a8cecc1f-3f3f-4377-b117-1e6c466c1e86@group-5B1C65EEC4BB-SegmentedRaftLogWorker: Starting segment from index:0
2023-06-06 14:29:11,954 [a8cecc1f-3f3f-4377-b117-1e6c466c1e86@group-5B1C65EEC4BB-LeaderElection34] INFO  server.RaftServer$Division (ServerState.java:setRaftConf(434)) - a8cecc1f-3f3f-4377-b117-1e6c466c1e86@group-5B1C65EEC4BB: set configuration 0: peers:[a8cecc1f-3f3f-4377-b117-1e6c466c1e86|rpc:10.1.0.37:15162|admin:10.1.0.37:15161|client:10.1.0.37:15160|dataStream:10.1.0.37:15163|priority:1|startupRole:FOLLOWER]|listeners:[], old=null
2023-06-06 14:29:11,955 [a8cecc1f-3f3f-4377-b117-1e6c466c1e86@group-5B1C65EEC4BB-SegmentedRaftLogWorker] INFO  segmented.SegmentedRaftLogWorker (SegmentedRaftLogWorker.java:execute(651)) - a8cecc1f-3f3f-4377-b117-1e6c466c1e86@group-5B1C65EEC4BB-SegmentedRaftLogWorker: created new log segment /home/runner/work/ozone/ozone/hadoop-ozone/integration-test/target/test-dir/MiniOzoneClusterImpl-311f1a44-6374-447a-8cc6-2b136736f8fc/datanode-1/data/ratis/7f3c2f12-4db2-49f6-a494-5b1c65eec4bb/current/log_inprogress_0
2023-06-06 14:29:12,110 [Time-limited test] INFO  ozone.MiniOzoneClusterImpl (MiniOzoneClusterImpl.java:lambda$waitForClusterToBeReady$0(222)) - Nodes are ready. Got 3 of 3 DN Heartbeats.
2023-06-06 14:29:12,110 [Time-limited test] INFO  ozone.MiniOzoneClusterImpl (MiniOzoneClusterImpl.java:lambda$waitForClusterToBeReady$0(225)) - Cluster exits safe mode
2023-06-06 14:29:12,110 [Time-limited test] INFO  ozone.MiniOzoneClusterImpl (MiniOzoneClusterImpl.java:lambda$waitForClusterToBeReady$0(227)) - SCM became leader
14:29:12.111 [Time-limited test] ERROR SCMAudit - user=null | ip=null | op=DELETE_CONTAINER {remoteUser=unknownUser, containerID=110497742986346534} | ret=FAILURE
org.apache.hadoop.security.AccessControlException: Access denied for user unknownUser. SCM superuser privilege is required.
	at org.apache.hadoop.hdds.scm.server.StorageContainerManager.checkAdminAccess(StorageContainerManager.java:1846) ~[hdds-server-scm-1.4.0-SNAPSHOT.jar:?]
	at org.apache.hadoop.hdds.scm.server.SCMClientProtocolServer.deleteContainer(SCMClientProtocolServer.java:587) [hdds-server-scm-1.4.0-SNAPSHOT.jar:?]
	at sun.reflect.NativeMethodAccessorImpl.invoke0(Native Method) ~[?:1.8.0_372]
	at sun.reflect.NativeMethodAccessorImpl.invoke(NativeMethodAccessorImpl.java:62) ~[?:1.8.0_372]
	at sun.reflect.DelegatingMethodAccessorImpl.invoke(DelegatingMethodAccessorImpl.java:43) ~[?:1.8.0_372]
	at java.lang.reflect.Method.invoke(Method.java:498) ~[?:1.8.0_372]
	at org.mockito.internal.creation.bytebuddy.MockMethodAdvice.tryInvoke(MockMethodAdvice.java:212) [mockito-core-2.28.2.jar:?]
	at org.mockito.internal.creation.bytebuddy.MockMethodAdvice.access$400(MockMethodAdvice.java:34) [mockito-core-2.28.2.jar:?]
	at org.mockito.internal.creation.bytebuddy.MockMethodAdvice$RealMethodCall.invoke(MockMethodAdvice.java:164) [mockito-core-2.28.2.jar:?]
	at org.mockito.internal.invocation.InterceptedInvocation.callRealMethod(InterceptedInvocation.java:152) [mockito-core-2.28.2.jar:?]
	at org.mockito.internal.stubbing.answers.CallsRealMethods.answer(CallsRealMethods.java:43) [mockito-core-2.28.2.jar:?]
	at org.mockito.Answers.answer(Answers.java:100) [mockito-core-2.28.2.jar:?]
	at org.mockito.internal.handler.MockHandlerImpl.handle(MockHandlerImpl.java:103) [mockito-core-2.28.2.jar:?]
	at org.mockito.internal.handler.NullResultGuardian.handle(NullResultGuardian.java:29) [mockito-core-2.28.2.jar:?]
	at org.mockito.internal.handler.InvocationNotifierHandler.handle(InvocationNotifierHandler.java:35) [mockito-core-2.28.2.jar:?]
	at org.mockito.internal.creation.bytebuddy.MockMethodInterceptor.doIntercept(MockMethodInterceptor.java:61) [mockito-core-2.28.2.jar:?]
	at org.mockito.internal.creation.bytebuddy.MockMethodAdvice.handle(MockMethodAdvice.java:105) [mockito-core-2.28.2.jar:?]
	at org.apache.hadoop.hdds.scm.server.SCMClientProtocolServer.deleteContainer(SCMClientProtocolServer.java:582) [hdds-server-scm-1.4.0-SNAPSHOT.jar:?]
	at org.apache.hadoop.ozone.TestStorageContainerManager.testRpcPermissionWithConf(TestStorageContainerManager.java:204) [test-classes/:?]
	at org.apache.hadoop.ozone.TestStorageContainerManager.testRpcPermission(TestStorageContainerManager.java:185) [test-classes/:?]
	at sun.reflect.NativeMethodAccessorImpl.invoke0(Native Method) ~[?:1.8.0_372]
	at sun.reflect.NativeMethodAccessorImpl.invoke(NativeMethodAccessorImpl.java:62) ~[?:1.8.0_372]
	at sun.reflect.DelegatingMethodAccessorImpl.invoke(DelegatingMethodAccessorImpl.java:43) ~[?:1.8.0_372]
	at java.lang.reflect.Method.invoke(Method.java:498) ~[?:1.8.0_372]
	at org.junit.runners.model.FrameworkMethod$1.runReflectiveCall(FrameworkMethod.java:59) [junit-4.13.1.jar:4.13.1]
	at org.junit.internal.runners.model.ReflectiveCallable.run(ReflectiveCallable.java:12) [junit-4.13.1.jar:4.13.1]
	at org.junit.runners.model.FrameworkMethod.invokeExplosively(FrameworkMethod.java:56) [junit-4.13.1.jar:4.13.1]
	at org.junit.internal.runners.statements.InvokeMethod.evaluate(InvokeMethod.java:17) [junit-4.13.1.jar:4.13.1]
	at org.junit.internal.runners.statements.RunAfters.evaluate(RunAfters.java:27) [junit-4.13.1.jar:4.13.1]
	at org.junit.rules.ExpectedException$ExpectedExceptionStatement.evaluate(ExpectedException.java:258) [junit-4.13.1.jar:4.13.1]
	at org.junit.internal.runners.statements.FailOnTimeout$CallableStatement.call(FailOnTimeout.java:288) [junit-4.13.1.jar:4.13.1]
	at org.junit.internal.runners.statements.FailOnTimeout$CallableStatement.call(FailOnTimeout.java:282) [junit-4.13.1.jar:4.13.1]
	at java.util.concurrent.FutureTask.run(FutureTask.java:266) [?:1.8.0_372]
	at java.lang.Thread.run(Thread.java:750) [?:1.8.0_372]
2023-06-06 14:29:12,113 [Time-limited test] INFO  ozone.MiniOzoneClusterImpl (MiniOzoneClusterImpl.java:shutdown(442)) - Shutting down the Mini Ozone Cluster
2023-06-06 14:29:12,113 [Time-limited test] INFO  ozone.MiniOzoneClusterImpl (MiniOzoneClusterImpl.java:stop(459)) - Stopping the Mini Ozone Cluster
2023-06-06 14:29:12,113 [Time-limited test] INFO  ozone.MiniOzoneClusterImpl (MiniOzoneClusterImpl.java:stopOM(545)) - Stopping the OzoneManager
2023-06-06 14:29:12,113 [Time-limited test] INFO  om.OzoneManager (OzoneManager.java:stop(2171)) - om1[localhost:15143]: Stopping Ozone Manager
2023-06-06 14:29:12,113 [Time-limited test] INFO  ipc.Server (Server.java:stop(3501)) - Stopping server on 15143
2023-06-06 14:29:12,118 [IPC Server listener on 15143] INFO  ipc.Server (Server.java:run(1430)) - Stopping IPC Server listener on 15143
2023-06-06 14:29:12,118 [IPC Server Responder] INFO  ipc.Server (Server.java:run(1563)) - Stopping IPC Server Responder
2023-06-06 14:29:12,120 [Time-limited test] INFO  server.RaftServer (RaftServerProxy.java:lambda$close$6(416)) - om1: close
2023-06-06 14:29:12,120 [Time-limited test] INFO  server.GrpcService (GrpcService.java:closeImpl(311)) - om1: shutdown server GrpcServerProtocolService now
2023-06-06 14:29:12,120 [om1-impl-thread1] INFO  server.RaftServer$Division (RaftServerImpl.java:lambda$close$4(466)) - om1@group-C5BA1605619E: shutdown
2023-06-06 14:29:12,120 [om1-impl-thread1] INFO  util.JmxRegister (JmxRegister.java:unregister(73)) - Successfully un-registered JMX Bean with object name Ratis:service=RaftServer,group=group-C5BA1605619E,id=om1
2023-06-06 14:29:12,120 [om1-impl-thread1] INFO  impl.RoleInfo (RoleInfo.java:shutdownLeaderState(93)) - om1: shutdown om1@group-C5BA1605619E-LeaderStateImpl
2023-06-06 14:29:12,120 [om1-impl-thread1] INFO  impl.PendingRequests (PendingRequests.java:sendNotLeaderResponses(289)) - om1@group-C5BA1605619E-PendingRequests: sendNotLeaderResponses
2023-06-06 14:29:12,120 [om1-impl-thread1] INFO  impl.StateMachineUpdater (StateMachineUpdater.java:stopAndJoin(155)) - om1@group-C5BA1605619E-StateMachineUpdater: set stopIndex = 0
2023-06-06 14:29:12,121 [om1@group-C5BA1605619E-StateMachineUpdater] INFO  ratis.OzoneManagerStateMachine (OzoneManagerStateMachine.java:takeSnapshot(479)) - Current Snapshot Index (t:1, i:0)
2023-06-06 14:29:12,122 [Time-limited test] INFO  server.GrpcService (GrpcService.java:closeImpl(320)) - om1: shutdown server GrpcServerProtocolService successfully
2023-06-06 14:29:12,129 [om1@group-C5BA1605619E-StateMachineUpdater] INFO  impl.StateMachineUpdater (StateMachineUpdater.java:takeSnapshot(291)) - om1@group-C5BA1605619E-StateMachineUpdater: Took a snapshot at index 0
2023-06-06 14:29:12,129 [om1@group-C5BA1605619E-StateMachineUpdater] INFO  impl.StateMachineUpdater (StateMachineUpdater.java:lambda$new$0(97)) - om1@group-C5BA1605619E-StateMachineUpdater: snapshotIndex: updateIncreasingly -1 -> 0
2023-06-06 14:29:12,129 [om1@group-C5BA1605619E-StateMachineUpdater] INFO  ratis.OzoneManagerStateMachine (OzoneManagerStateMachine.java:close(533)) - StateMachine has shutdown. Shutdown OzoneManager if not already shutdown.
2023-06-06 14:29:12,129 [om1@group-C5BA1605619E-StateMachineUpdater] INFO  ratis.OzoneManagerDoubleBuffer (OzoneManagerDoubleBuffer.java:stopDaemon(559)) - Stopping OMDoubleBuffer flush thread
2023-06-06 14:29:12,129 [OMDoubleBufferFlushThread] INFO  ratis.OzoneManagerDoubleBuffer (OzoneManagerDoubleBuffer.java:canFlush(648)) - OMDoubleBuffer flush thread OMDoubleBufferFlushThread is interrupted and will exit.
2023-06-06 14:29:12,130 [om1-impl-thread1] INFO  server.RaftServer$Division (ServerState.java:close(472)) - om1@group-C5BA1605619E: closes. applyIndex: 0
2023-06-06 14:29:12,149 [om1-impl-thread1] INFO  segmented.SegmentedRaftLogWorker (SegmentedRaftLogWorker.java:close(252)) - om1@group-C5BA1605619E-SegmentedRaftLogWorker close()
2023-06-06 14:29:12,149 [JvmPauseMonitor23] INFO  util.JvmPauseMonitor (JvmPauseMonitor.java:run(109)) - JvmPauseMonitor-om1: Stopped
2023-06-06 14:29:12,149 [Time-limited test] INFO  ratis.OzoneManagerStateMachine (OzoneManagerStateMachine.java:close(533)) - StateMachine has shutdown. Shutdown OzoneManager if not already shutdown.
2023-06-06 14:29:12,149 [Time-limited test] INFO  ratis.OzoneManagerDoubleBuffer (OzoneManagerDoubleBuffer.java:stopDaemon(568)) - OMDoubleBuffer flush thread is not running.
2023-06-06 14:29:12,150 [Time-limited test] INFO  utils.BackgroundService (BackgroundService.java:shutdown(141)) - Shutting down service KeyDeletingService
2023-06-06 14:29:12,150 [Time-limited test] INFO  utils.BackgroundService (BackgroundService.java:shutdown(141)) - Shutting down service KeyDeletingService
2023-06-06 14:29:12,150 [Time-limited test] INFO  utils.BackgroundService (BackgroundService.java:shutdown(141)) - Shutting down service OpenKeyCleanupService
2023-06-06 14:29:12,151 [Time-limited test] INFO  utils.BackgroundService (BackgroundService.java:shutdown(141)) - Shutting down service SstFilteringService
2023-06-06 14:29:12,151 [Time-limited test] INFO  utils.BackgroundService (BackgroundService.java:shutdown(141)) - Shutting down service SnapshotDeletingService
2023-06-06 14:29:12,151 [Time-limited test] INFO  handler.ContextHandler (ContextHandler.java:doStop(1159)) - Stopped o.e.j.w.WebAppContext@4a0dfffa{ozoneManager,/,null,STOPPED}{file:/home/runner/work/ozone/ozone/hadoop-ozone/integration-test/target/test-classes/webapps/ozoneManager}
2023-06-06 14:29:12,152 [Time-limited test] INFO  server.AbstractConnector (AbstractConnector.java:doStop(383)) - Stopped ServerConnector@dfc86c7{HTTP/1.1, (http/1.1)}{0.0.0.0:15144}
2023-06-06 14:29:12,152 [Time-limited test] INFO  server.session (HouseKeeper.java:stopScavenging(149)) - node0 Stopped scavenging
2023-06-06 14:29:12,152 [Time-limited test] INFO  handler.ContextHandler (ContextHandler.java:doStop(1159)) - Stopped o.e.j.s.ServletContextHandler@56c21f1b{static,/static,file:///home/runner/work/ozone/ozone/hadoop-ozone/integration-test/target/test-classes/webapps/static,STOPPED}
2023-06-06 14:29:12,152 [Time-limited test] INFO  handler.ContextHandler (ContextHandler.java:doStop(1159)) - Stopped o.e.j.s.ServletContextHandler@208d9c4{logs,/logs,file:///home/runner/work/ozone/ozone/hadoop-ozone/integration-test/target/log,STOPPED}
2023-06-06 14:29:12,155 [Time-limited test] INFO  snapshot.SnapshotDiffManager (SnapshotDiffManager.java:closeExecutorService(1278)) - Shutting down executorService: 'SnapDiffExecutor'
2023-06-06 14:29:12,155 [Time-limited test] INFO  utils.BackgroundService (BackgroundService.java:shutdown(141)) - Shutting down service SnapshotDiffCleanupService
2023-06-06 14:29:12,156 [Time-limited test] INFO  ozone.MiniOzoneClusterImpl (MiniOzoneClusterImpl.java:stopDatanodes(522)) - Stopping the HddsDatanodes
2023-06-06 14:29:12,162 [Time-limited test] INFO  ozoneimpl.OzoneContainer (OzoneContainer.java:stop(420)) - Attempting to stop container services.
2023-06-06 14:29:12,162 [Time-limited test] INFO  server.RaftServer (RaftServerProxy.java:lambda$close$6(416)) - a8cecc1f-3f3f-4377-b117-1e6c466c1e86: close
2023-06-06 14:29:12,163 [a8cecc1f-3f3f-4377-b117-1e6c466c1e86-impl-thread1] INFO  server.RaftServer$Division (RaftServerImpl.java:lambda$close$4(466)) - a8cecc1f-3f3f-4377-b117-1e6c466c1e86@group-F221C6391371: shutdown
2023-06-06 14:29:12,163 [a8cecc1f-3f3f-4377-b117-1e6c466c1e86-impl-thread1] INFO  util.JmxRegister (JmxRegister.java:unregister(73)) - Successfully un-registered JMX Bean with object name Ratis:service=RaftServer,group=group-F221C6391371,id=a8cecc1f-3f3f-4377-b117-1e6c466c1e86
2023-06-06 14:29:12,163 [a8cecc1f-3f3f-4377-b117-1e6c466c1e86-impl-thread1] INFO  impl.RoleInfo (RoleInfo.java:shutdownLeaderState(93)) - a8cecc1f-3f3f-4377-b117-1e6c466c1e86: shutdown a8cecc1f-3f3f-4377-b117-1e6c466c1e86@group-F221C6391371-LeaderStateImpl
2023-06-06 14:29:12,164 [a8cecc1f-3f3f-4377-b117-1e6c466c1e86-impl-thread2] INFO  server.RaftServer$Division (RaftServerImpl.java:lambda$close$4(466)) - a8cecc1f-3f3f-4377-b117-1e6c466c1e86@group-A04BBE52BB9F: shutdown
2023-06-06 14:29:12,164 [ForkJoinPool.commonPool-worker-1] INFO  ozoneimpl.OzoneContainer (OzoneContainer.java:stop(420)) - Attempting to stop container services.
2023-06-06 14:29:12,164 [a8cecc1f-3f3f-4377-b117-1e6c466c1e86-impl-thread2] INFO  util.JmxRegister (JmxRegister.java:unregister(73)) - Successfully un-registered JMX Bean with object name Ratis:service=RaftServer,group=group-A04BBE52BB9F,id=a8cecc1f-3f3f-4377-b117-1e6c466c1e86
2023-06-06 14:29:12,164 [a8cecc1f-3f3f-4377-b117-1e6c466c1e86-impl-thread2] INFO  impl.RoleInfo (RoleInfo.java:shutdownFollowerState(110)) - a8cecc1f-3f3f-4377-b117-1e6c466c1e86: shutdown a8cecc1f-3f3f-4377-b117-1e6c466c1e86@group-A04BBE52BB9F-FollowerState
2023-06-06 14:29:12,164 [a8cecc1f-3f3f-4377-b117-1e6c466c1e86-impl-thread2] INFO  impl.StateMachineUpdater (StateMachineUpdater.java:stopAndJoin(155)) - a8cecc1f-3f3f-4377-b117-1e6c466c1e86@group-A04BBE52BB9F-StateMachineUpdater: set stopIndex = -1
2023-06-06 14:29:12,164 [a8cecc1f-3f3f-4377-b117-1e6c466c1e86@group-A04BBE52BB9F-FollowerState] INFO  impl.FollowerState (FollowerState.java:run(152)) - a8cecc1f-3f3f-4377-b117-1e6c466c1e86@group-A04BBE52BB9F-FollowerState was interrupted
2023-06-06 14:29:12,165 [a8cecc1f-3f3f-4377-b117-1e6c466c1e86@group-F221C6391371->157c8593-ba62-4444-a330-78d9c87b0794-GrpcLogAppender-LogAppenderDaemon] WARN  server.GrpcLogAppender (GrpcLogAppender.java:mayWait(199)) - a8cecc1f-3f3f-4377-b117-1e6c466c1e86@group-F221C6391371->157c8593-ba62-4444-a330-78d9c87b0794-GrpcLogAppender: Wait interrupted by java.lang.InterruptedException
2023-06-06 14:29:12,165 [a8cecc1f-3f3f-4377-b117-1e6c466c1e86-impl-thread1] INFO  impl.PendingRequests (PendingRequests.java:sendNotLeaderResponses(289)) - a8cecc1f-3f3f-4377-b117-1e6c466c1e86@group-F221C6391371-PendingRequests: sendNotLeaderResponses
2023-06-06 14:29:12,165 [a8cecc1f-3f3f-4377-b117-1e6c466c1e86-impl-thread1] INFO  impl.StateMachineUpdater (StateMachineUpdater.java:stopAndJoin(155)) - a8cecc1f-3f3f-4377-b117-1e6c466c1e86@group-F221C6391371-StateMachineUpdater: set stopIndex = 0
2023-06-06 14:29:12,166 [ForkJoinPool.commonPool-worker-1] INFO  server.RaftServer (RaftServerProxy.java:lambda$close$6(416)) - 30c53b57-84aa-4907-b898-4ab0d8d18ef9: close
2023-06-06 14:29:12,166 [a8cecc1f-3f3f-4377-b117-1e6c466c1e86@group-F221C6391371-StateMachineUpdater] INFO  ratis.ContainerStateMachine (ContainerStateMachine.java:takeSnapshot(330)) - group-F221C6391371: Taking a snapshot at:(t:1, i:0) file /home/runner/work/ozone/ozone/hadoop-ozone/integration-test/target/test-dir/MiniOzoneClusterImpl-311f1a44-6374-447a-8cc6-2b136736f8fc/datanode-1/data/ratis/380ae750-e98a-438b-9701-f221c6391371/sm/snapshot.1_0
2023-06-06 14:29:12,166 [a8cecc1f-3f3f-4377-b117-1e6c466c1e86@group-F221C6391371->30c53b57-84aa-4907-b898-4ab0d8d18ef9-GrpcLogAppender-LogAppenderDaemon] WARN  server.GrpcLogAppender (GrpcLogAppender.java:mayWait(199)) - a8cecc1f-3f3f-4377-b117-1e6c466c1e86@group-F221C6391371->30c53b57-84aa-4907-b898-4ab0d8d18ef9-GrpcLogAppender: Wait interrupted by java.lang.InterruptedException
2023-06-06 14:29:12,167 [30c53b57-84aa-4907-b898-4ab0d8d18ef9-impl-thread1] INFO  server.RaftServer$Division (RaftServerImpl.java:lambda$close$4(466)) - 30c53b57-84aa-4907-b898-4ab0d8d18ef9@group-01630A08DF52: shutdown
2023-06-06 14:29:12,167 [30c53b57-84aa-4907-b898-4ab0d8d18ef9-impl-thread1] INFO  util.JmxRegister (JmxRegister.java:unregister(73)) - Successfully un-registered JMX Bean with object name Ratis:service=RaftServer,group=group-01630A08DF52,id=30c53b57-84aa-4907-b898-4ab0d8d18ef9
2023-06-06 14:29:12,167 [30c53b57-84aa-4907-b898-4ab0d8d18ef9-impl-thread1] INFO  impl.RoleInfo (RoleInfo.java:shutdownLeaderState(93)) - 30c53b57-84aa-4907-b898-4ab0d8d18ef9: shutdown 30c53b57-84aa-4907-b898-4ab0d8d18ef9@group-01630A08DF52-LeaderStateImpl
2023-06-06 14:29:12,167 [30c53b57-84aa-4907-b898-4ab0d8d18ef9-impl-thread1] INFO  impl.PendingRequests (PendingRequests.java:sendNotLeaderResponses(289)) - 30c53b57-84aa-4907-b898-4ab0d8d18ef9@group-01630A08DF52-PendingRequests: sendNotLeaderResponses
2023-06-06 14:29:12,168 [grpc-default-executor-5] INFO  server.GrpcServerProtocolService (GrpcServerProtocolService.java:onCompleted(155)) - 157c8593-ba62-4444-a330-78d9c87b0794: Completed APPEND_ENTRIES, lastRequest: a8cecc1f-3f3f-4377-b117-1e6c466c1e86->157c8593-ba62-4444-a330-78d9c87b0794#1-t1,previous=(t:0, i:0),leaderCommit=-1,initializing? true,entries: size=1, first=(t:1, i:0), CONFIGURATIONENTRY(current:id: "a8cecc1f-3f3f-4377-b117-1e6c466c1e86"
address: "10.1.0.37:15162"
priority: 1
dataStreamAddress: "10.1.0.37:15163"
clientAddress: "10.1.0.37:15160"
adminAddress: "10.1.0.37:15161"
startupRole: FOLLOWER
,id: "157c8593-ba62-4444-a330-78d9c87b0794"
address: "10.1.0.37:15171"
dataStreamAddress: "10.1.0.37:15172"
clientAddress: "10.1.0.37:15169"
adminAddress: "10.1.0.37:15170"
startupRole: FOLLOWER
,id: "30c53b57-84aa-4907-b898-4ab0d8d18ef9"
address: "10.1.0.37:15153"
dataStreamAddress: "10.1.0.37:15154"
clientAddress: "10.1.0.37:15151"
adminAddress: "10.1.0.37:15152"
startupRole: FOLLOWER
, old:)
2023-06-06 14:29:12,168 [grpc-default-executor-5] INFO  server.GrpcServerProtocolService (GrpcServerProtocolService.java:lambda$onCompleted$5(157)) - 157c8593-ba62-4444-a330-78d9c87b0794: Completed APPEND_ENTRIES, lastReply: null
2023-06-06 14:29:12,168 [grpc-default-executor-3] INFO  server.GrpcServerProtocolService (GrpcServerProtocolService.java:onCompleted(155)) - 157c8593-ba62-4444-a330-78d9c87b0794: Completed APPEND_ENTRIES, lastRequest: null
2023-06-06 14:29:12,169 [30c53b57-84aa-4907-b898-4ab0d8d18ef9-impl-thread1] INFO  impl.StateMachineUpdater (StateMachineUpdater.java:stopAndJoin(155)) - 30c53b57-84aa-4907-b898-4ab0d8d18ef9@group-01630A08DF52-StateMachineUpdater: set stopIndex = 0
2023-06-06 14:29:12,169 [a8cecc1f-3f3f-4377-b117-1e6c466c1e86@group-F221C6391371-StateMachineUpdater] INFO  ratis.ContainerStateMachine (ContainerStateMachine.java:takeSnapshot(341)) - group-F221C6391371: Finished taking a snapshot at:(t:1, i:0) file:/home/runner/work/ozone/ozone/hadoop-ozone/integration-test/target/test-dir/MiniOzoneClusterImpl-311f1a44-6374-447a-8cc6-2b136736f8fc/datanode-1/data/ratis/380ae750-e98a-438b-9701-f221c6391371/sm/snapshot.1_0 took: 4 ms
2023-06-06 14:29:12,169 [30c53b57-84aa-4907-b898-4ab0d8d18ef9@group-01630A08DF52-StateMachineUpdater] INFO  ratis.ContainerStateMachine (ContainerStateMachine.java:takeSnapshot(330)) - group-01630A08DF52: Taking a snapshot at:(t:1, i:0) file /home/runner/work/ozone/ozone/hadoop-ozone/integration-test/target/test-dir/MiniOzoneClusterImpl-311f1a44-6374-447a-8cc6-2b136736f8fc/datanode-0/data/ratis/1d9a4cbc-e9f4-4249-8a53-01630a08df52/sm/snapshot.1_0
2023-06-06 14:29:12,170 [grpc-default-executor-4] INFO  server.GrpcServerProtocolService (GrpcServerProtocolService.java:onCompleted(155)) - 30c53b57-84aa-4907-b898-4ab0d8d18ef9: Completed APPEND_ENTRIES, lastRequest: null
2023-06-06 14:29:12,170 [grpc-default-executor-4] INFO  server.GrpcServerProtocolService (GrpcServerProtocolService.java:lambda$onCompleted$5(157)) - 30c53b57-84aa-4907-b898-4ab0d8d18ef9: Completed APPEND_ENTRIES, lastReply: serverReply {
  requestorId: "a8cecc1f-3f3f-4377-b117-1e6c466c1e86"
  replyId: "30c53b57-84aa-4907-b898-4ab0d8d18ef9"
  raftGroupId {
    id: "8\n\347P\351\212C\213\227\001\362!\3069\023q"
  }
  success: true
}
term: 1
followerCommit: 18446744073709551615
matchIndex: 18446744073709551615
isHearbeat: true

2023-06-06 14:29:12,170 [30c53b57-84aa-4907-b898-4ab0d8d18ef9@group-01630A08DF52-StateMachineUpdater] INFO  ratis.ContainerStateMachine (ContainerStateMachine.java:takeSnapshot(341)) - group-01630A08DF52: Finished taking a snapshot at:(t:1, i:0) file:/home/runner/work/ozone/ozone/hadoop-ozone/integration-test/target/test-dir/MiniOzoneClusterImpl-311f1a44-6374-447a-8cc6-2b136736f8fc/datanode-0/data/ratis/1d9a4cbc-e9f4-4249-8a53-01630a08df52/sm/snapshot.1_0 took: 0 ms
2023-06-06 14:29:12,170 [30c53b57-84aa-4907-b898-4ab0d8d18ef9@group-01630A08DF52-StateMachineUpdater] INFO  impl.StateMachineUpdater (StateMachineUpdater.java:takeSnapshot(291)) - 30c53b57-84aa-4907-b898-4ab0d8d18ef9@group-01630A08DF52-StateMachineUpdater: Took a snapshot at index 0
2023-06-06 14:29:12,170 [30c53b57-84aa-4907-b898-4ab0d8d18ef9@group-01630A08DF52-StateMachineUpdater] INFO  impl.StateMachineUpdater (StateMachineUpdater.java:lambda$new$0(97)) - 30c53b57-84aa-4907-b898-4ab0d8d18ef9@group-01630A08DF52-StateMachineUpdater: snapshotIndex: updateIncreasingly -1 -> 0
2023-06-06 14:29:12,171 [30c53b57-84aa-4907-b898-4ab0d8d18ef9-impl-thread1] INFO  server.RaftServer$Division (ServerState.java:close(472)) - 30c53b57-84aa-4907-b898-4ab0d8d18ef9@group-01630A08DF52: closes. applyIndex: 0
2023-06-06 14:29:12,171 [grpc-default-executor-0] INFO  server.GrpcLogAppender (GrpcLogAppender.java:onCompleted(428)) - a8cecc1f-3f3f-4377-b117-1e6c466c1e86@group-F221C6391371->157c8593-ba62-4444-a330-78d9c87b0794-AppendLogResponseHandler: follower responses appendEntries COMPLETED
2023-06-06 14:29:12,171 [grpc-default-executor-0] INFO  leader.FollowerInfo (FollowerInfoImpl.java:lambda$new$0(52)) - a8cecc1f-3f3f-4377-b117-1e6c466c1e86@group-F221C6391371->157c8593-ba62-4444-a330-78d9c87b0794: decreaseNextIndex nextIndex: updateUnconditionally 1 -> 0
2023-06-06 14:29:12,170 [a8cecc1f-3f3f-4377-b117-1e6c466c1e86@group-F221C6391371-StateMachineUpdater] INFO  impl.StateMachineUpdater (StateMachineUpdater.java:takeSnapshot(291)) - a8cecc1f-3f3f-4377-b117-1e6c466c1e86@group-F221C6391371-StateMachineUpdater: Took a snapshot at index 0
2023-06-06 14:29:12,171 [a8cecc1f-3f3f-4377-b117-1e6c466c1e86@group-F221C6391371-StateMachineUpdater] INFO  impl.StateMachineUpdater (StateMachineUpdater.java:lambda$new$0(97)) - a8cecc1f-3f3f-4377-b117-1e6c466c1e86@group-F221C6391371-StateMachineUpdater: snapshotIndex: updateIncreasingly -1 -> 0
2023-06-06 14:29:12,171 [a8cecc1f-3f3f-4377-b117-1e6c466c1e86-impl-thread1] INFO  server.RaftServer$Division (ServerState.java:close(472)) - a8cecc1f-3f3f-4377-b117-1e6c466c1e86@group-F221C6391371: closes. applyIndex: 0
2023-06-06 14:29:12,172 [grpc-default-executor-3] INFO  server.GrpcServerProtocolService (GrpcServerProtocolService.java:lambda$onCompleted$5(157)) - 157c8593-ba62-4444-a330-78d9c87b0794: Completed APPEND_ENTRIES, lastReply: serverReply {
  requestorId: "a8cecc1f-3f3f-4377-b117-1e6c466c1e86"
  replyId: "157c8593-ba62-4444-a330-78d9c87b0794"
  raftGroupId {
    id: "8\n\347P\351\212C\213\227\001\362!\3069\023q"
  }
  success: true
}
term: 1
nextIndex: 1
followerCommit: 18446744073709551615
matchIndex: 18446744073709551615
isHearbeat: true

2023-06-06 14:29:12,172 [grpc-default-executor-0] INFO  server.GrpcServerProtocolService (GrpcServerProtocolService.java:onCompleted(155)) - 30c53b57-84aa-4907-b898-4ab0d8d18ef9: Completed APPEND_ENTRIES, lastRequest: a8cecc1f-3f3f-4377-b117-1e6c466c1e86->30c53b57-84aa-4907-b898-4ab0d8d18ef9#1-t1,previous=(t:0, i:0),leaderCommit=0,initializing? true,entries: size=1, first=(t:1, i:0), CONFIGURATIONENTRY(current:id: "a8cecc1f-3f3f-4377-b117-1e6c466c1e86"
address: "10.1.0.37:15162"
priority: 1
dataStreamAddress: "10.1.0.37:15163"
clientAddress: "10.1.0.37:15160"
adminAddress: "10.1.0.37:15161"
startupRole: FOLLOWER
,id: "157c8593-ba62-4444-a330-78d9c87b0794"
address: "10.1.0.37:15171"
dataStreamAddress: "10.1.0.37:15172"
clientAddress: "10.1.0.37:15169"
adminAddress: "10.1.0.37:15170"
startupRole: FOLLOWER
,id: "30c53b57-84aa-4907-b898-4ab0d8d18ef9"
address: "10.1.0.37:15153"
dataStreamAddress: "10.1.0.37:15154"
clientAddress: "10.1.0.37:15151"
adminAddress: "10.1.0.37:15152"
startupRole: FOLLOWER
, old:)
2023-06-06 14:29:12,172 [grpc-default-executor-0] INFO  server.GrpcServerProtocolService (GrpcServerProtocolService.java:lambda$onCompleted$5(157)) - 30c53b57-84aa-4907-b898-4ab0d8d18ef9: Completed APPEND_ENTRIES, lastReply: null
2023-06-06 14:29:12,173 [grpc-default-executor-2] INFO  server.GrpcLogAppender (GrpcLogAppender.java:onCompleted(428)) - a8cecc1f-3f3f-4377-b117-1e6c466c1e86@group-F221C6391371->157c8593-ba62-4444-a330-78d9c87b0794-AppendLogResponseHandler: follower responses appendEntries COMPLETED
2023-06-06 14:29:12,173 [a8cecc1f-3f3f-4377-b117-1e6c466c1e86-impl-thread2] INFO  server.RaftServer$Division (ServerState.java:close(472)) - a8cecc1f-3f3f-4377-b117-1e6c466c1e86@group-A04BBE52BB9F: closes. applyIndex: -1
2023-06-06 14:29:12,173 [30c53b57-84aa-4907-b898-4ab0d8d18ef9-impl-thread2] INFO  server.RaftServer$Division (RaftServerImpl.java:lambda$close$4(466)) - 30c53b57-84aa-4907-b898-4ab0d8d18ef9@group-F221C6391371: shutdown
2023-06-06 14:29:12,173 [30c53b57-84aa-4907-b898-4ab0d8d18ef9-impl-thread2] INFO  util.JmxRegister (JmxRegister.java:unregister(73)) - Successfully un-registered JMX Bean with object name Ratis:service=RaftServer,group=group-F221C6391371,id=30c53b57-84aa-4907-b898-4ab0d8d18ef9
2023-06-06 14:29:12,174 [30c53b57-84aa-4907-b898-4ab0d8d18ef9-impl-thread2] INFO  impl.RoleInfo (RoleInfo.java:shutdownFollowerState(110)) - 30c53b57-84aa-4907-b898-4ab0d8d18ef9: shutdown 30c53b57-84aa-4907-b898-4ab0d8d18ef9@group-F221C6391371-FollowerState
2023-06-06 14:29:12,174 [ForkJoinPool.commonPool-worker-1] INFO  server.GrpcService (GrpcService.java:closeImpl(311)) - 30c53b57-84aa-4907-b898-4ab0d8d18ef9: shutdown server org.apache.ratis.grpc.server.GrpcClientProtocolService now
2023-06-06 14:29:12,174 [30c53b57-84aa-4907-b898-4ab0d8d18ef9-impl-thread2] INFO  impl.StateMachineUpdater (StateMachineUpdater.java:stopAndJoin(155)) - 30c53b57-84aa-4907-b898-4ab0d8d18ef9@group-F221C6391371-StateMachineUpdater: set stopIndex = 0
2023-06-06 14:29:12,174 [30c53b57-84aa-4907-b898-4ab0d8d18ef9@group-F221C6391371-FollowerState] INFO  impl.FollowerState (FollowerState.java:run(152)) - 30c53b57-84aa-4907-b898-4ab0d8d18ef9@group-F221C6391371-FollowerState was interrupted
2023-06-06 14:29:12,174 [30c53b57-84aa-4907-b898-4ab0d8d18ef9@group-F221C6391371-StateMachineUpdater] INFO  ratis.ContainerStateMachine (ContainerStateMachine.java:takeSnapshot(330)) - group-F221C6391371: Taking a snapshot at:(t:1, i:0) file /home/runner/work/ozone/ozone/hadoop-ozone/integration-test/target/test-dir/MiniOzoneClusterImpl-311f1a44-6374-447a-8cc6-2b136736f8fc/datanode-0/data/ratis/380ae750-e98a-438b-9701-f221c6391371/sm/snapshot.1_0
2023-06-06 14:29:12,174 [Time-limited test] INFO  server.GrpcService (GrpcService.java:closeImpl(311)) - a8cecc1f-3f3f-4377-b117-1e6c466c1e86: shutdown server org.apache.ratis.grpc.server.GrpcClientProtocolService now
2023-06-06 14:29:12,175 [30c53b57-84aa-4907-b898-4ab0d8d18ef9@group-F221C6391371-StateMachineUpdater] INFO  ratis.ContainerStateMachine (ContainerStateMachine.java:takeSnapshot(341)) - group-F221C6391371: Finished taking a snapshot at:(t:1, i:0) file:/home/runner/work/ozone/ozone/hadoop-ozone/integration-test/target/test-dir/MiniOzoneClusterImpl-311f1a44-6374-447a-8cc6-2b136736f8fc/datanode-0/data/ratis/380ae750-e98a-438b-9701-f221c6391371/sm/snapshot.1_0 took: 1 ms
2023-06-06 14:29:12,175 [30c53b57-84aa-4907-b898-4ab0d8d18ef9@group-F221C6391371-StateMachineUpdater] INFO  impl.StateMachineUpdater (StateMachineUpdater.java:takeSnapshot(291)) - 30c53b57-84aa-4907-b898-4ab0d8d18ef9@group-F221C6391371-StateMachineUpdater: Took a snapshot at index 0
2023-06-06 14:29:12,175 [30c53b57-84aa-4907-b898-4ab0d8d18ef9@group-F221C6391371-StateMachineUpdater] INFO  impl.StateMachineUpdater (StateMachineUpdater.java:lambda$new$0(97)) - 30c53b57-84aa-4907-b898-4ab0d8d18ef9@group-F221C6391371-StateMachineUpdater: snapshotIndex: updateIncreasingly -1 -> 0
2023-06-06 14:29:12,175 [30c53b57-84aa-4907-b898-4ab0d8d18ef9-impl-thread2] INFO  server.RaftServer$Division (ServerState.java:close(472)) - 30c53b57-84aa-4907-b898-4ab0d8d18ef9@group-F221C6391371: closes. applyIndex: 0
2023-06-06 14:29:12,175 [a8cecc1f-3f3f-4377-b117-1e6c466c1e86-impl-thread3] INFO  server.RaftServer$Division (RaftServerImpl.java:lambda$close$4(466)) - a8cecc1f-3f3f-4377-b117-1e6c466c1e86@group-5B1C65EEC4BB: shutdown
2023-06-06 14:29:12,175 [a8cecc1f-3f3f-4377-b117-1e6c466c1e86-impl-thread3] INFO  util.JmxRegister (JmxRegister.java:unregister(73)) - Successfully un-registered JMX Bean with object name Ratis:service=RaftServer,group=group-5B1C65EEC4BB,id=a8cecc1f-3f3f-4377-b117-1e6c466c1e86
2023-06-06 14:29:12,175 [a8cecc1f-3f3f-4377-b117-1e6c466c1e86-impl-thread3] INFO  impl.RoleInfo (RoleInfo.java:shutdownLeaderState(93)) - a8cecc1f-3f3f-4377-b117-1e6c466c1e86: shutdown a8cecc1f-3f3f-4377-b117-1e6c466c1e86@group-5B1C65EEC4BB-LeaderStateImpl
2023-06-06 14:29:12,175 [157c8593-ba62-4444-a330-78d9c87b0794@group-C2029AA22636-FollowerState] INFO  impl.FollowerState (FollowerState.java:run(143)) - 157c8593-ba62-4444-a330-78d9c87b0794@group-C2029AA22636-FollowerState: change to CANDIDATE, lastRpcElapsedTime:5049869713ns, electionTimeout:5047ms
2023-06-06 14:29:12,175 [a8cecc1f-3f3f-4377-b117-1e6c466c1e86-impl-thread3] INFO  impl.PendingRequests (PendingRequests.java:sendNotLeaderResponses(289)) - a8cecc1f-3f3f-4377-b117-1e6c466c1e86@group-5B1C65EEC4BB-PendingRequests: sendNotLeaderResponses
2023-06-06 14:29:12,175 [a8cecc1f-3f3f-4377-b117-1e6c466c1e86-impl-thread3] INFO  impl.StateMachineUpdater (StateMachineUpdater.java:stopAndJoin(155)) - a8cecc1f-3f3f-4377-b117-1e6c466c1e86@group-5B1C65EEC4BB-StateMachineUpdater: set stopIndex = 0
2023-06-06 14:29:12,176 [grpc-default-executor-6] INFO  server.GrpcLogAppender (GrpcLogAppender.java:onCompleted(428)) - a8cecc1f-3f3f-4377-b117-1e6c466c1e86@group-F221C6391371->30c53b57-84aa-4907-b898-4ab0d8d18ef9-AppendLogResponseHandler: follower responses appendEntries COMPLETED
2023-06-06 14:29:12,176 [a8cecc1f-3f3f-4377-b117-1e6c466c1e86@group-5B1C65EEC4BB-StateMachineUpdater] INFO  ratis.ContainerStateMachine (ContainerStateMachine.java:takeSnapshot(330)) - group-5B1C65EEC4BB: Taking a snapshot at:(t:1, i:0) file /home/runner/work/ozone/ozone/hadoop-ozone/integration-test/target/test-dir/MiniOzoneClusterImpl-311f1a44-6374-447a-8cc6-2b136736f8fc/datanode-1/data/ratis/7f3c2f12-4db2-49f6-a494-5b1c65eec4bb/sm/snapshot.1_0
2023-06-06 14:29:12,178 [grpc-default-executor-1] INFO  server.GrpcLogAppender (GrpcLogAppender.java:onCompleted(428)) - a8cecc1f-3f3f-4377-b117-1e6c466c1e86@group-F221C6391371->30c53b57-84aa-4907-b898-4ab0d8d18ef9-AppendLogResponseHandler: follower responses appendEntries COMPLETED
2023-06-06 14:29:12,179 [a8cecc1f-3f3f-4377-b117-1e6c466c1e86@group-5B1C65EEC4BB-StateMachineUpdater] INFO  ratis.ContainerStateMachine (ContainerStateMachine.java:takeSnapshot(341)) - group-5B1C65EEC4BB: Finished taking a snapshot at:(t:1, i:0) file:/home/runner/work/ozone/ozone/hadoop-ozone/integration-test/target/test-dir/MiniOzoneClusterImpl-311f1a44-6374-447a-8cc6-2b136736f8fc/datanode-1/data/ratis/7f3c2f12-4db2-49f6-a494-5b1c65eec4bb/sm/snapshot.1_0 took: 3 ms
2023-06-06 14:29:12,179 [157c8593-ba62-4444-a330-78d9c87b0794@group-C2029AA22636-FollowerState] INFO  impl.RoleInfo (RoleInfo.java:shutdownFollowerState(110)) - 157c8593-ba62-4444-a330-78d9c87b0794: shutdown 157c8593-ba62-4444-a330-78d9c87b0794@group-C2029AA22636-FollowerState
2023-06-06 14:29:12,179 [157c8593-ba62-4444-a330-78d9c87b0794@group-C2029AA22636-FollowerState] INFO  server.RaftServer$Division (RaftServerImpl.java:setRole(329)) - 157c8593-ba62-4444-a330-78d9c87b0794@group-C2029AA22636: changes role from  FOLLOWER to CANDIDATE at term 0 for changeToCandidate
2023-06-06 14:29:12,179 [a8cecc1f-3f3f-4377-b117-1e6c466c1e86@group-5B1C65EEC4BB-StateMachineUpdater] INFO  impl.StateMachineUpdater (StateMachineUpdater.java:takeSnapshot(291)) - a8cecc1f-3f3f-4377-b117-1e6c466c1e86@group-5B1C65EEC4BB-StateMachineUpdater: Took a snapshot at index 0
2023-06-06 14:29:12,179 [157c8593-ba62-4444-a330-78d9c87b0794@group-C2029AA22636-FollowerState] INFO  server.RaftServerConfigKeys (ConfUtils.java:logGet(46)) - raft.server.leaderelection.pre-vote = true (default)
2023-06-06 14:29:12,179 [a8cecc1f-3f3f-4377-b117-1e6c466c1e86@group-5B1C65EEC4BB-StateMachineUpdater] INFO  impl.StateMachineUpdater (StateMachineUpdater.java:lambda$new$0(97)) - a8cecc1f-3f3f-4377-b117-1e6c466c1e86@group-5B1C65EEC4BB-StateMachineUpdater: snapshotIndex: updateIncreasingly -1 -> 0
2023-06-06 14:29:12,179 [grpc-default-executor-6] INFO  leader.FollowerInfo (FollowerInfoImpl.java:lambda$new$0(52)) - a8cecc1f-3f3f-4377-b117-1e6c466c1e86@group-F221C6391371->30c53b57-84aa-4907-b898-4ab0d8d18ef9: decreaseNextIndex nextIndex: updateUnconditionally 1 -> 0
2023-06-06 14:29:12,179 [a8cecc1f-3f3f-4377-b117-1e6c466c1e86-impl-thread3] INFO  server.RaftServer$Division (ServerState.java:close(472)) - a8cecc1f-3f3f-4377-b117-1e6c466c1e86@group-5B1C65EEC4BB: closes. applyIndex: 0
2023-06-06 14:29:12,179 [157c8593-ba62-4444-a330-78d9c87b0794@group-C2029AA22636-FollowerState] INFO  impl.RoleInfo (RoleInfo.java:updateAndGet(139)) - 157c8593-ba62-4444-a330-78d9c87b0794: start 157c8593-ba62-4444-a330-78d9c87b0794@group-C2029AA22636-LeaderElection35
2023-06-06 14:29:12,184 [157c8593-ba62-4444-a330-78d9c87b0794@group-C2029AA22636-LeaderElection35] INFO  impl.LeaderElection (LeaderElection.java:askForVotes(321)) - 157c8593-ba62-4444-a330-78d9c87b0794@group-C2029AA22636-LeaderElection35 PRE_VOTE round 0: submit vote requests at term 0 for -1: peers:[157c8593-ba62-4444-a330-78d9c87b0794|rpc:10.1.0.37:15171|admin:10.1.0.37:15170|client:10.1.0.37:15169|dataStream:10.1.0.37:15172|priority:1|startupRole:FOLLOWER]|listeners:[], old=null
2023-06-06 14:29:12,184 [157c8593-ba62-4444-a330-78d9c87b0794@group-C2029AA22636-LeaderElection35] INFO  impl.LeaderElection (LeaderElection.java:askForVotes(323)) - 157c8593-ba62-4444-a330-78d9c87b0794@group-C2029AA22636-LeaderElection35 PRE_VOTE round 0: result PASSED (term=0)
2023-06-06 14:29:12,185 [157c8593-ba62-4444-a330-78d9c87b0794@group-C2029AA22636-LeaderElection35] INFO  impl.LeaderElection (LeaderElection.java:askForVotes(321)) - 157c8593-ba62-4444-a330-78d9c87b0794@group-C2029AA22636-LeaderElection35 ELECTION round 0: submit vote requests at term 1 for -1: peers:[157c8593-ba62-4444-a330-78d9c87b0794|rpc:10.1.0.37:15171|admin:10.1.0.37:15170|client:10.1.0.37:15169|dataStream:10.1.0.37:15172|priority:1|startupRole:FOLLOWER]|listeners:[], old=null
2023-06-06 14:29:12,185 [157c8593-ba62-4444-a330-78d9c87b0794@group-C2029AA22636-LeaderElection35] INFO  impl.LeaderElection (LeaderElection.java:askForVotes(323)) - 157c8593-ba62-4444-a330-78d9c87b0794@group-C2029AA22636-LeaderElection35 ELECTION round 0: result PASSED (term=1)
2023-06-06 14:29:12,185 [157c8593-ba62-4444-a330-78d9c87b0794@group-C2029AA22636-LeaderElection35] INFO  impl.RoleInfo (RoleInfo.java:shutdownLeaderElection(130)) - 157c8593-ba62-4444-a330-78d9c87b0794: shutdown 157c8593-ba62-4444-a330-78d9c87b0794@group-C2029AA22636-LeaderElection35
2023-06-06 14:29:12,185 [157c8593-ba62-4444-a330-78d9c87b0794@group-C2029AA22636-LeaderElection35] INFO  server.RaftServer$Division (RaftServerImpl.java:setRole(329)) - 157c8593-ba62-4444-a330-78d9c87b0794@group-C2029AA22636: changes role from CANDIDATE to LEADER at term 1 for changeToLeader
2023-06-06 14:29:12,185 [157c8593-ba62-4444-a330-78d9c87b0794@group-C2029AA22636-LeaderElection35] INFO  ratis.XceiverServerRatis (XceiverServerRatis.java:handleLeaderChangedNotification(902)) - Leader change notification received for group: group-C2029AA22636 with new leaderId: 157c8593-ba62-4444-a330-78d9c87b0794
2023-06-06 14:29:12,185 [157c8593-ba62-4444-a330-78d9c87b0794@group-C2029AA22636-LeaderElection35] INFO  server.RaftServer$Division (ServerState.java:setLeader(317)) - 157c8593-ba62-4444-a330-78d9c87b0794@group-C2029AA22636: change Leader from null to 157c8593-ba62-4444-a330-78d9c87b0794 at term 1 for becomeLeader, leader elected after 5074ms
2023-06-06 14:29:12,186 [157c8593-ba62-4444-a330-78d9c87b0794@group-C2029AA22636-LeaderElection35] INFO  server.RaftServerConfigKeys (ConfUtils.java:logGet(46)) - raft.server.staging.catchup.gap = 1000 (default)
2023-06-06 14:29:12,186 [157c8593-ba62-4444-a330-78d9c87b0794@group-C2029AA22636-LeaderElection35] INFO  server.RaftServerConfigKeys (ConfUtils.java:logGet(46)) - raft.server.write.element-limit = 1024 (custom)
2023-06-06 14:29:12,186 [157c8593-ba62-4444-a330-78d9c87b0794@group-C2029AA22636-LeaderElection35] INFO  server.RaftServerConfigKeys (ConfUtils.java:logGet(46)) - raft.server.write.byte-limit = 1024 M (=1073741824) (custom)
2023-06-06 14:29:12,186 [157c8593-ba62-4444-a330-78d9c87b0794@group-C2029AA22636-LeaderElection35] INFO  server.RaftServerConfigKeys (ConfUtils.java:logGet(46)) - raft.server.watch.timeout = 180s (custom)
2023-06-06 14:29:12,186 [157c8593-ba62-4444-a330-78d9c87b0794@group-C2029AA22636-LeaderElection35] INFO  server.RaftServerConfigKeys (ConfUtils.java:logGet(46)) - raft.server.watch.timeout.denomination = 1s (default)
2023-06-06 14:29:12,186 [157c8593-ba62-4444-a330-78d9c87b0794@group-C2029AA22636-LeaderElection35] INFO  server.RaftServerConfigKeys (ConfUtils.java:logGet(46)) - raft.server.watch.element-limit = 65536 (default)
2023-06-06 14:29:12,187 [157c8593-ba62-4444-a330-78d9c87b0794@group-C2029AA22636-LeaderElection35] INFO  server.RaftServerConfigKeys (ConfUtils.java:logGet(46)) - raft.server.write.element-limit = 1024 (custom)
2023-06-06 14:29:12,187 [157c8593-ba62-4444-a330-78d9c87b0794@group-C2029AA22636-LeaderElection35] INFO  server.RaftServerConfigKeys (ConfUtils.java:logGet(46)) - raft.server.write.follower.gap.ratio.max = -1.0 (default)
2023-06-06 14:29:12,187 [157c8593-ba62-4444-a330-78d9c87b0794@group-C2029AA22636-LeaderElection35] INFO  impl.RoleInfo (RoleInfo.java:updateAndGet(139)) - 157c8593-ba62-4444-a330-78d9c87b0794: start 157c8593-ba62-4444-a330-78d9c87b0794@group-C2029AA22636-LeaderStateImpl
2023-06-06 14:29:12,187 [157c8593-ba62-4444-a330-78d9c87b0794@group-C2029AA22636-LeaderElection35] INFO  segmented.SegmentedRaftLogWorker (SegmentedRaftLogWorker.java:startLogSegment(447)) - 157c8593-ba62-4444-a330-78d9c87b0794@group-C2029AA22636-SegmentedRaftLogWorker: Starting segment from index:0
2023-06-06 14:29:12,194 [157c8593-ba62-4444-a330-78d9c87b0794@group-C2029AA22636-LeaderElection35] INFO  server.RaftServer$Division (ServerState.java:setRaftConf(434)) - 157c8593-ba62-4444-a330-78d9c87b0794@group-C2029AA22636: set configuration 0: peers:[157c8593-ba62-4444-a330-78d9c87b0794|rpc:10.1.0.37:15171|admin:10.1.0.37:15170|client:10.1.0.37:15169|dataStream:10.1.0.37:15172|priority:1|startupRole:FOLLOWER]|listeners:[], old=null
2023-06-06 14:29:12,204 [30c53b57-84aa-4907-b898-4ab0d8d18ef9-impl-thread3] INFO  server.RaftServer$Division (RaftServerImpl.java:lambda$close$4(466)) - 30c53b57-84aa-4907-b898-4ab0d8d18ef9@group-A04BBE52BB9F: shutdown
2023-06-06 14:29:12,204 [30c53b57-84aa-4907-b898-4ab0d8d18ef9-impl-thread3] INFO  util.JmxRegister (JmxRegister.java:unregister(73)) - Successfully un-registered JMX Bean with object name Ratis:service=RaftServer,group=group-A04BBE52BB9F,id=30c53b57-84aa-4907-b898-4ab0d8d18ef9
2023-06-06 14:29:12,204 [30c53b57-84aa-4907-b898-4ab0d8d18ef9-impl-thread3] INFO  impl.RoleInfo (RoleInfo.java:shutdownLeaderState(93)) - 30c53b57-84aa-4907-b898-4ab0d8d18ef9: shutdown 30c53b57-84aa-4907-b898-4ab0d8d18ef9@group-A04BBE52BB9F-LeaderStateImpl
2023-06-06 14:29:12,204 [30c53b57-84aa-4907-b898-4ab0d8d18ef9-impl-thread3] INFO  impl.PendingRequests (PendingRequests.java:sendNotLeaderResponses(289)) - 30c53b57-84aa-4907-b898-4ab0d8d18ef9@group-A04BBE52BB9F-PendingRequests: sendNotLeaderResponses
2023-06-06 14:29:12,204 [30c53b57-84aa-4907-b898-4ab0d8d18ef9-impl-thread3] INFO  impl.StateMachineUpdater (StateMachineUpdater.java:stopAndJoin(155)) - 30c53b57-84aa-4907-b898-4ab0d8d18ef9@group-A04BBE52BB9F-StateMachineUpdater: set stopIndex = 0
2023-06-06 14:29:12,204 [30c53b57-84aa-4907-b898-4ab0d8d18ef9@group-A04BBE52BB9F->157c8593-ba62-4444-a330-78d9c87b0794-GrpcLogAppender-LogAppenderDaemon] WARN  server.GrpcLogAppender (GrpcLogAppender.java:mayWait(199)) - 30c53b57-84aa-4907-b898-4ab0d8d18ef9@group-A04BBE52BB9F->157c8593-ba62-4444-a330-78d9c87b0794-GrpcLogAppender: Wait interrupted by java.lang.InterruptedException
2023-06-06 14:29:12,205 [30c53b57-84aa-4907-b898-4ab0d8d18ef9@group-A04BBE52BB9F->a8cecc1f-3f3f-4377-b117-1e6c466c1e86-GrpcLogAppender-LogAppenderDaemon] WARN  server.GrpcLogAppender (GrpcLogAppender.java:mayWait(199)) - 30c53b57-84aa-4907-b898-4ab0d8d18ef9@group-A04BBE52BB9F->a8cecc1f-3f3f-4377-b117-1e6c466c1e86-GrpcLogAppender: Wait interrupted by java.lang.InterruptedException
2023-06-06 14:29:12,206 [157c8593-ba62-4444-a330-78d9c87b0794@group-C2029AA22636-SegmentedRaftLogWorker] INFO  segmented.SegmentedRaftLogWorker (SegmentedRaftLogWorker.java:execute(651)) - 157c8593-ba62-4444-a330-78d9c87b0794@group-C2029AA22636-SegmentedRaftLogWorker: created new log segment /home/runner/work/ozone/ozone/hadoop-ozone/integration-test/target/test-dir/MiniOzoneClusterImpl-311f1a44-6374-447a-8cc6-2b136736f8fc/datanode-2/data/ratis/568f4703-462d-4c66-a3cc-c2029aa22636/current/log_inprogress_0
2023-06-06 14:29:12,207 [grpc-default-executor-1] INFO  server.GrpcServerProtocolService (GrpcServerProtocolService.java:onCompleted(155)) - 157c8593-ba62-4444-a330-78d9c87b0794: Completed APPEND_ENTRIES, lastRequest: 30c53b57-84aa-4907-b898-4ab0d8d18ef9->157c8593-ba62-4444-a330-78d9c87b0794#1-t1,previous=(t:0, i:0),leaderCommit=-1,initializing? true,entries: size=1, first=(t:1, i:0), CONFIGURATIONENTRY(current:id: "a8cecc1f-3f3f-4377-b117-1e6c466c1e86"
address: "10.1.0.37:15162"
dataStreamAddress: "10.1.0.37:15163"
clientAddress: "10.1.0.37:15160"
adminAddress: "10.1.0.37:15161"
startupRole: FOLLOWER
,id: "157c8593-ba62-4444-a330-78d9c87b0794"
address: "10.1.0.37:15171"
dataStreamAddress: "10.1.0.37:15172"
clientAddress: "10.1.0.37:15169"
adminAddress: "10.1.0.37:15170"
startupRole: FOLLOWER
,id: "30c53b57-84aa-4907-b898-4ab0d8d18ef9"
address: "10.1.0.37:15153"
priority: 1
dataStreamAddress: "10.1.0.37:15154"
clientAddress: "10.1.0.37:15151"
adminAddress: "10.1.0.37:15152"
startupRole: FOLLOWER
, old:)
2023-06-06 14:29:12,207 [grpc-default-executor-1] INFO  server.GrpcServerProtocolService (GrpcServerProtocolService.java:lambda$onCompleted$5(157)) - 157c8593-ba62-4444-a330-78d9c87b0794: Completed APPEND_ENTRIES, lastReply: null
2023-06-06 14:29:12,207 [grpc-default-executor-6] INFO  server.GrpcServerProtocolService (GrpcServerProtocolService.java:onCompleted(155)) - 157c8593-ba62-4444-a330-78d9c87b0794: Completed APPEND_ENTRIES, lastRequest: null
2023-06-06 14:29:12,207 [grpc-default-executor-6] INFO  server.GrpcServerProtocolService (GrpcServerProtocolService.java:lambda$onCompleted$5(157)) - 157c8593-ba62-4444-a330-78d9c87b0794: Completed APPEND_ENTRIES, lastReply: serverReply {
  requestorId: "30c53b57-84aa-4907-b898-4ab0d8d18ef9"
  replyId: "157c8593-ba62-4444-a330-78d9c87b0794"
  raftGroupId {
    id: "+z\374\035\016\035F\257\255\267\240K\276R\273\237"
  }
  callId: 2
  success: true
}
term: 1
nextIndex: 1
matchIndex: 18446744073709551615
isHearbeat: true

2023-06-06 14:29:12,208 [grpc-default-executor-1] INFO  server.GrpcServerProtocolService (GrpcServerProtocolService.java:onCompleted(155)) - a8cecc1f-3f3f-4377-b117-1e6c466c1e86: Completed APPEND_ENTRIES, lastRequest: 30c53b57-84aa-4907-b898-4ab0d8d18ef9->a8cecc1f-3f3f-4377-b117-1e6c466c1e86#1-t1,previous=(t:0, i:0),leaderCommit=-1,initializing? true,entries: size=1, first=(t:1, i:0), CONFIGURATIONENTRY(current:id: "a8cecc1f-3f3f-4377-b117-1e6c466c1e86"
address: "10.1.0.37:15162"
dataStreamAddress: "10.1.0.37:15163"
clientAddress: "10.1.0.37:15160"
adminAddress: "10.1.0.37:15161"
startupRole: FOLLOWER
,id: "157c8593-ba62-4444-a330-78d9c87b0794"
address: "10.1.0.37:15171"
dataStreamAddress: "10.1.0.37:15172"
clientAddress: "10.1.0.37:15169"
adminAddress: "10.1.0.37:15170"
startupRole: FOLLOWER
,id: "30c53b57-84aa-4907-b898-4ab0d8d18ef9"
address: "10.1.0.37:15153"
priority: 1
dataStreamAddress: "10.1.0.37:15154"
clientAddress: "10.1.0.37:15151"
adminAddress: "10.1.0.37:15152"
startupRole: FOLLOWER
, old:)
2023-06-06 14:29:12,208 [grpc-default-executor-1] INFO  server.GrpcServerProtocolService (GrpcServerProtocolService.java:lambda$onCompleted$5(157)) - a8cecc1f-3f3f-4377-b117-1e6c466c1e86: Completed APPEND_ENTRIES, lastReply: null
2023-06-06 14:29:12,208 [30c53b57-84aa-4907-b898-4ab0d8d18ef9@group-A04BBE52BB9F-StateMachineUpdater] INFO  ratis.ContainerStateMachine (ContainerStateMachine.java:takeSnapshot(330)) - group-A04BBE52BB9F: Taking a snapshot at:(t:1, i:0) file /home/runner/work/ozone/ozone/hadoop-ozone/integration-test/target/test-dir/MiniOzoneClusterImpl-311f1a44-6374-447a-8cc6-2b136736f8fc/datanode-0/data/ratis/2b7afc1d-0e1d-46af-adb7-a04bbe52bb9f/sm/snapshot.1_0
2023-06-06 14:29:12,207 [grpc-default-executor-3] INFO  server.GrpcServerProtocolService (GrpcServerProtocolService.java:onCompleted(155)) - a8cecc1f-3f3f-4377-b117-1e6c466c1e86: Completed APPEND_ENTRIES, lastRequest: null
2023-06-06 14:29:12,208 [grpc-default-executor-6] INFO  server.GrpcLogAppender (GrpcLogAppender.java:onCompleted(428)) - 30c53b57-84aa-4907-b898-4ab0d8d18ef9@group-A04BBE52BB9F->157c8593-ba62-4444-a330-78d9c87b0794-AppendLogResponseHandler: follower responses appendEntries COMPLETED
2023-06-06 14:29:12,208 [grpc-default-executor-3] INFO  server.GrpcServerProtocolService (GrpcServerProtocolService.java:lambda$onCompleted$5(157)) - a8cecc1f-3f3f-4377-b117-1e6c466c1e86: Completed APPEND_ENTRIES, lastReply: serverReply {
  requestorId: "30c53b57-84aa-4907-b898-4ab0d8d18ef9"
  replyId: "a8cecc1f-3f3f-4377-b117-1e6c466c1e86"
  raftGroupId {
    id: "+z\374\035\016\035F\257\255\267\240K\276R\273\237"
  }
  success: true
}
term: 1
nextIndex: 1
followerCommit: 18446744073709551615
matchIndex: 18446744073709551615
isHearbeat: true

2023-06-06 14:29:12,208 [30c53b57-84aa-4907-b898-4ab0d8d18ef9@group-A04BBE52BB9F-StateMachineUpdater] INFO  ratis.ContainerStateMachine (ContainerStateMachine.java:takeSnapshot(341)) - group-A04BBE52BB9F: Finished taking a snapshot at:(t:1, i:0) file:/home/runner/work/ozone/ozone/hadoop-ozone/integration-test/target/test-dir/MiniOzoneClusterImpl-311f1a44-6374-447a-8cc6-2b136736f8fc/datanode-0/data/ratis/2b7afc1d-0e1d-46af-adb7-a04bbe52bb9f/sm/snapshot.1_0 took: 1 ms
2023-06-06 14:29:12,208 [30c53b57-84aa-4907-b898-4ab0d8d18ef9@group-A04BBE52BB9F-StateMachineUpdater] INFO  impl.StateMachineUpdater (StateMachineUpdater.java:takeSnapshot(291)) - 30c53b57-84aa-4907-b898-4ab0d8d18ef9@group-A04BBE52BB9F-StateMachineUpdater: Took a snapshot at index 0
2023-06-06 14:29:12,209 [30c53b57-84aa-4907-b898-4ab0d8d18ef9@group-A04BBE52BB9F-StateMachineUpdater] INFO  impl.StateMachineUpdater (StateMachineUpdater.java:lambda$new$0(97)) - 30c53b57-84aa-4907-b898-4ab0d8d18ef9@group-A04BBE52BB9F-StateMachineUpdater: snapshotIndex: updateIncreasingly -1 -> 0
2023-06-06 14:29:12,208 [grpc-default-executor-6] INFO  leader.FollowerInfo (FollowerInfoImpl.java:lambda$new$0(52)) - 30c53b57-84aa-4907-b898-4ab0d8d18ef9@group-A04BBE52BB9F->157c8593-ba62-4444-a330-78d9c87b0794: decreaseNextIndex nextIndex: updateUnconditionally 1 -> 0
2023-06-06 14:29:12,210 [30c53b57-84aa-4907-b898-4ab0d8d18ef9-impl-thread3] INFO  server.RaftServer$Division (ServerState.java:close(472)) - 30c53b57-84aa-4907-b898-4ab0d8d18ef9@group-A04BBE52BB9F: closes. applyIndex: 0
2023-06-06 14:29:12,211 [grpc-default-executor-3] INFO  server.GrpcLogAppender (GrpcLogAppender.java:onCompleted(428)) - 30c53b57-84aa-4907-b898-4ab0d8d18ef9@group-A04BBE52BB9F->a8cecc1f-3f3f-4377-b117-1e6c466c1e86-AppendLogResponseHandler: follower responses appendEntries COMPLETED
2023-06-06 14:29:12,211 [grpc-default-executor-3] INFO  leader.FollowerInfo (FollowerInfoImpl.java:lambda$new$0(52)) - 30c53b57-84aa-4907-b898-4ab0d8d18ef9@group-A04BBE52BB9F->a8cecc1f-3f3f-4377-b117-1e6c466c1e86: decreaseNextIndex nextIndex: updateUnconditionally 1 -> 0
2023-06-06 14:29:12,213 [Thread-2388] INFO  server.GrpcServerProtocolClient (GrpcServerProtocolClient.java:close(103)) - a8cecc1f-3f3f-4377-b117-1e6c466c1e86 Close channels
2023-06-06 14:29:12,213 [Thread-2391] INFO  server.GrpcServerProtocolClient (GrpcServerProtocolClient.java:close(103)) - 157c8593-ba62-4444-a330-78d9c87b0794 Close channels
2023-06-06 14:29:12,214 [Thread-2392] INFO  server.GrpcServerProtocolClient (GrpcServerProtocolClient.java:close(103)) - 30c53b57-84aa-4907-b898-4ab0d8d18ef9 Close channels
2023-06-06 14:29:12,214 [grpc-default-executor-3] INFO  server.GrpcLogAppender (GrpcLogAppender.java:onCompleted(428)) - 30c53b57-84aa-4907-b898-4ab0d8d18ef9@group-A04BBE52BB9F->a8cecc1f-3f3f-4377-b117-1e6c466c1e86-AppendLogResponseHandler: follower responses appendEntries COMPLETED
2023-06-06 14:29:12,214 [grpc-default-executor-3] WARN  server.GrpcLogAppender (GrpcLogAppender.java:resetClient(137)) - 30c53b57-84aa-4907-b898-4ab0d8d18ef9@group-A04BBE52BB9F->a8cecc1f-3f3f-4377-b117-1e6c466c1e86-GrpcLogAppender: Failed to getClient for a8cecc1f-3f3f-4377-b117-1e6c466c1e86
org.apache.ratis.protocol.exceptions.AlreadyClosedException: 30c53b57-84aa-4907-b898-4ab0d8d18ef9 is already CLOSED
	at org.apache.ratis.util.PeerProxyMap$PeerAndProxy.getProxy(PeerProxyMap.java:61)
	at org.apache.ratis.util.PeerProxyMap.getProxy(PeerProxyMap.java:115)
	at org.apache.ratis.grpc.server.GrpcLogAppender.getClient(GrpcLogAppender.java:112)
	at org.apache.ratis.grpc.server.GrpcLogAppender.resetClient(GrpcLogAppender.java:117)
	at org.apache.ratis.grpc.server.GrpcLogAppender.access$500(GrpcLogAppender.java:56)
	at org.apache.ratis.grpc.server.GrpcLogAppender$AppendLogResponseHandler.onCompleted(GrpcLogAppender.java:429)
	at org.apache.ratis.thirdparty.io.grpc.stub.ClientCalls$StreamObserverToCallListenerAdapter.onClose(ClientCalls.java:485)
	at org.apache.ratis.thirdparty.io.grpc.internal.DelayedClientCall$DelayedListener$3.run(DelayedClientCall.java:471)
	at org.apache.ratis.thirdparty.io.grpc.internal.DelayedClientCall$DelayedListener.delayOrExecute(DelayedClientCall.java:435)
	at org.apache.ratis.thirdparty.io.grpc.internal.DelayedClientCall$DelayedListener.onClose(DelayedClientCall.java:468)
	at org.apache.ratis.thirdparty.io.grpc.internal.ClientCallImpl.closeObserver(ClientCallImpl.java:563)
	at org.apache.ratis.thirdparty.io.grpc.internal.ClientCallImpl.access$300(ClientCallImpl.java:70)
	at org.apache.ratis.thirdparty.io.grpc.internal.ClientCallImpl$ClientStreamListenerImpl$1StreamClosed.runInternal(ClientCallImpl.java:744)
	at org.apache.ratis.thirdparty.io.grpc.internal.ClientCallImpl$ClientStreamListenerImpl$1StreamClosed.runInContext(ClientCallImpl.java:723)
	at org.apache.ratis.thirdparty.io.grpc.internal.ContextRunnable.run(ContextRunnable.java:37)
	at org.apache.ratis.thirdparty.io.grpc.internal.SerializingExecutor.run(SerializingExecutor.java:133)
	at java.util.concurrent.ThreadPoolExecutor.runWorker(ThreadPoolExecutor.java:1149)
	at java.util.concurrent.ThreadPoolExecutor$Worker.run(ThreadPoolExecutor.java:624)
	at java.lang.Thread.run(Thread.java:750)
2023-06-06 14:29:12,214 [grpc-default-executor-6] INFO  server.GrpcLogAppender (GrpcLogAppender.java:onCompleted(428)) - 30c53b57-84aa-4907-b898-4ab0d8d18ef9@group-A04BBE52BB9F->157c8593-ba62-4444-a330-78d9c87b0794-AppendLogResponseHandler: follower responses appendEntries COMPLETED
2023-06-06 14:29:12,215 [Thread-2390] INFO  server.GrpcServerProtocolClient (GrpcServerProtocolClient.java:close(103)) - 157c8593-ba62-4444-a330-78d9c87b0794 Close channels
2023-06-06 14:29:12,225 [ForkJoinPool.commonPool-worker-2] INFO  ozoneimpl.OzoneContainer (OzoneContainer.java:stop(420)) - Attempting to stop container services.
2023-06-06 14:29:12,229 [ForkJoinPool.commonPool-worker-1] INFO  server.GrpcService (GrpcService.java:closeImpl(320)) - 30c53b57-84aa-4907-b898-4ab0d8d18ef9: shutdown server org.apache.ratis.grpc.server.GrpcClientProtocolService successfully
2023-06-06 14:29:12,229 [ForkJoinPool.commonPool-worker-1] INFO  server.GrpcService (GrpcService.java:closeImpl(311)) - 30c53b57-84aa-4907-b898-4ab0d8d18ef9: shutdown server GrpcServerProtocolService now
2023-06-06 14:29:12,229 [Time-limited test] INFO  server.GrpcService (GrpcService.java:closeImpl(320)) - a8cecc1f-3f3f-4377-b117-1e6c466c1e86: shutdown server org.apache.ratis.grpc.server.GrpcClientProtocolService successfully
2023-06-06 14:29:12,229 [Time-limited test] INFO  server.GrpcService (GrpcService.java:closeImpl(311)) - a8cecc1f-3f3f-4377-b117-1e6c466c1e86: shutdown server GrpcServerProtocolService now
2023-06-06 14:29:12,235 [Time-limited test] INFO  server.GrpcService (GrpcService.java:closeImpl(320)) - a8cecc1f-3f3f-4377-b117-1e6c466c1e86: shutdown server GrpcServerProtocolService successfully
2023-06-06 14:29:12,236 [Time-limited test] INFO  server.GrpcService (GrpcService.java:closeImpl(311)) - a8cecc1f-3f3f-4377-b117-1e6c466c1e86: shutdown server org.apache.ratis.grpc.server.GrpcAdminProtocolService now
2023-06-06 14:29:12,239 [ForkJoinPool.commonPool-worker-2] INFO  server.RaftServer (RaftServerProxy.java:lambda$close$6(416)) - 157c8593-ba62-4444-a330-78d9c87b0794: close
2023-06-06 14:29:12,239 [157c8593-ba62-4444-a330-78d9c87b0794-impl-thread1] INFO  server.RaftServer$Division (RaftServerImpl.java:lambda$close$4(466)) - 157c8593-ba62-4444-a330-78d9c87b0794@group-F221C6391371: shutdown
2023-06-06 14:29:12,240 [157c8593-ba62-4444-a330-78d9c87b0794-impl-thread1] INFO  util.JmxRegister (JmxRegister.java:unregister(73)) - Successfully un-registered JMX Bean with object name Ratis:service=RaftServer,group=group-F221C6391371,id=157c8593-ba62-4444-a330-78d9c87b0794
2023-06-06 14:29:12,240 [157c8593-ba62-4444-a330-78d9c87b0794-impl-thread1] INFO  impl.RoleInfo (RoleInfo.java:shutdownFollowerState(110)) - 157c8593-ba62-4444-a330-78d9c87b0794: shutdown 157c8593-ba62-4444-a330-78d9c87b0794@group-F221C6391371-FollowerState
2023-06-06 14:29:12,240 [157c8593-ba62-4444-a330-78d9c87b0794-impl-thread2] INFO  server.RaftServer$Division (RaftServerImpl.java:lambda$close$4(466)) - 157c8593-ba62-4444-a330-78d9c87b0794@group-A04BBE52BB9F: shutdown
2023-06-06 14:29:12,240 [157c8593-ba62-4444-a330-78d9c87b0794-impl-thread2] INFO  util.JmxRegister (JmxRegister.java:unregister(73)) - Successfully un-registered JMX Bean with object name Ratis:service=RaftServer,group=group-A04BBE52BB9F,id=157c8593-ba62-4444-a330-78d9c87b0794
2023-06-06 14:29:12,240 [157c8593-ba62-4444-a330-78d9c87b0794-impl-thread2] INFO  impl.RoleInfo (RoleInfo.java:shutdownFollowerState(110)) - 157c8593-ba62-4444-a330-78d9c87b0794: shutdown 157c8593-ba62-4444-a330-78d9c87b0794@group-A04BBE52BB9F-FollowerState
2023-06-06 14:29:12,240 [ForkJoinPool.commonPool-worker-2] INFO  server.GrpcService (GrpcService.java:closeImpl(311)) - 157c8593-ba62-4444-a330-78d9c87b0794: shutdown server org.apache.ratis.grpc.server.GrpcClientProtocolService now
2023-06-06 14:29:12,240 [157c8593-ba62-4444-a330-78d9c87b0794-impl-thread3] INFO  server.RaftServer$Division (RaftServerImpl.java:lambda$close$4(466)) - 157c8593-ba62-4444-a330-78d9c87b0794@group-C2029AA22636: shutdown
2023-06-06 14:29:12,241 [157c8593-ba62-4444-a330-78d9c87b0794-impl-thread3] INFO  util.JmxRegister (JmxRegister.java:unregister(73)) - Successfully un-registered JMX Bean with object name Ratis:service=RaftServer,group=group-C2029AA22636,id=157c8593-ba62-4444-a330-78d9c87b0794
2023-06-06 14:29:12,241 [157c8593-ba62-4444-a330-78d9c87b0794-impl-thread3] INFO  impl.RoleInfo (RoleInfo.java:shutdownLeaderState(93)) - 157c8593-ba62-4444-a330-78d9c87b0794: shutdown 157c8593-ba62-4444-a330-78d9c87b0794@group-C2029AA22636-LeaderStateImpl
2023-06-06 14:29:12,241 [157c8593-ba62-4444-a330-78d9c87b0794-impl-thread3] INFO  impl.PendingRequests (PendingRequests.java:sendNotLeaderResponses(289)) - 157c8593-ba62-4444-a330-78d9c87b0794@group-C2029AA22636-PendingRequests: sendNotLeaderResponses
2023-06-06 14:29:12,241 [157c8593-ba62-4444-a330-78d9c87b0794@group-C2029AA22636-StateMachineUpdater] INFO  ratis.ContainerStateMachine (ContainerStateMachine.java:takeSnapshot(330)) - group-C2029AA22636: Taking a snapshot at:(t:1, i:0) file /home/runner/work/ozone/ozone/hadoop-ozone/integration-test/target/test-dir/MiniOzoneClusterImpl-311f1a44-6374-447a-8cc6-2b136736f8fc/datanode-2/data/ratis/568f4703-462d-4c66-a3cc-c2029aa22636/sm/snapshot.1_0
2023-06-06 14:29:12,241 [157c8593-ba62-4444-a330-78d9c87b0794-impl-thread3] INFO  impl.StateMachineUpdater (StateMachineUpdater.java:stopAndJoin(155)) - 157c8593-ba62-4444-a330-78d9c87b0794@group-C2029AA22636-StateMachineUpdater: set stopIndex = 0
2023-06-06 14:29:12,242 [157c8593-ba62-4444-a330-78d9c87b0794@group-C2029AA22636-StateMachineUpdater] INFO  ratis.ContainerStateMachine (ContainerStateMachine.java:takeSnapshot(341)) - group-C2029AA22636: Finished taking a snapshot at:(t:1, i:0) file:/home/runner/work/ozone/ozone/hadoop-ozone/integration-test/target/test-dir/MiniOzoneClusterImpl-311f1a44-6374-447a-8cc6-2b136736f8fc/datanode-2/data/ratis/568f4703-462d-4c66-a3cc-c2029aa22636/sm/snapshot.1_0 took: 1 ms
2023-06-06 14:29:12,242 [157c8593-ba62-4444-a330-78d9c87b0794@group-C2029AA22636-StateMachineUpdater] INFO  impl.StateMachineUpdater (StateMachineUpdater.java:takeSnapshot(291)) - 157c8593-ba62-4444-a330-78d9c87b0794@group-C2029AA22636-StateMachineUpdater: Took a snapshot at index 0
2023-06-06 14:29:12,242 [157c8593-ba62-4444-a330-78d9c87b0794@group-C2029AA22636-StateMachineUpdater] INFO  impl.StateMachineUpdater (StateMachineUpdater.java:lambda$new$0(97)) - 157c8593-ba62-4444-a330-78d9c87b0794@group-C2029AA22636-StateMachineUpdater: snapshotIndex: updateIncreasingly -1 -> 0
2023-06-06 14:29:12,242 [157c8593-ba62-4444-a330-78d9c87b0794-impl-thread3] INFO  server.RaftServer$Division (ServerState.java:close(472)) - 157c8593-ba62-4444-a330-78d9c87b0794@group-C2029AA22636: closes. applyIndex: 0
2023-06-06 14:29:12,243 [Time-limited test] INFO  server.GrpcService (GrpcService.java:closeImpl(320)) - a8cecc1f-3f3f-4377-b117-1e6c466c1e86: shutdown server org.apache.ratis.grpc.server.GrpcAdminProtocolService successfully
2023-06-06 14:29:12,243 [a8cecc1f-3f3f-4377-b117-1e6c466c1e86-NettyServerStreamRpc-bossGroup--thread1] INFO  logging.LoggingHandler (AbstractInternalLogger.java:log(148)) - [id: 0x7d7a31cc, L:/0:0:0:0:0:0:0:0:15163] CLOSE
2023-06-06 14:29:12,243 [a8cecc1f-3f3f-4377-b117-1e6c466c1e86-NettyServerStreamRpc-bossGroup--thread1] INFO  logging.LoggingHandler (AbstractInternalLogger.java:log(148)) - [id: 0x7d7a31cc, L:/0:0:0:0:0:0:0:0:15163] INACTIVE
2023-06-06 14:29:12,243 [a8cecc1f-3f3f-4377-b117-1e6c466c1e86-NettyServerStreamRpc-bossGroup--thread1] INFO  logging.LoggingHandler (AbstractInternalLogger.java:log(148)) - [id: 0x7d7a31cc, L:/0:0:0:0:0:0:0:0:15163] UNREGISTERED
2023-06-06 14:29:12,249 [ForkJoinPool.commonPool-worker-2] INFO  server.GrpcService (GrpcService.java:closeImpl(320)) - 157c8593-ba62-4444-a330-78d9c87b0794: shutdown server org.apache.ratis.grpc.server.GrpcClientProtocolService successfully
2023-06-06 14:29:12,249 [ForkJoinPool.commonPool-worker-2] INFO  server.GrpcService (GrpcService.java:closeImpl(311)) - 157c8593-ba62-4444-a330-78d9c87b0794: shutdown server GrpcServerProtocolService now
2023-06-06 14:29:12,249 [157c8593-ba62-4444-a330-78d9c87b0794-impl-thread2] INFO  impl.StateMachineUpdater (StateMachineUpdater.java:stopAndJoin(155)) - 157c8593-ba62-4444-a330-78d9c87b0794@group-A04BBE52BB9F-StateMachineUpdater: set stopIndex = 0
2023-06-06 14:29:12,249 [157c8593-ba62-4444-a330-78d9c87b0794@group-A04BBE52BB9F-FollowerState] INFO  impl.FollowerState (FollowerState.java:run(152)) - 157c8593-ba62-4444-a330-78d9c87b0794@group-A04BBE52BB9F-FollowerState was interrupted
2023-06-06 14:29:12,250 [157c8593-ba62-4444-a330-78d9c87b0794-impl-thread1] INFO  impl.StateMachineUpdater (StateMachineUpdater.java:stopAndJoin(155)) - 157c8593-ba62-4444-a330-78d9c87b0794@group-F221C6391371-StateMachineUpdater: set stopIndex = -1
2023-06-06 14:29:12,250 [157c8593-ba62-4444-a330-78d9c87b0794@group-F221C6391371-FollowerState] INFO  impl.FollowerState (FollowerState.java:run(152)) - 157c8593-ba62-4444-a330-78d9c87b0794@group-F221C6391371-FollowerState was interrupted
2023-06-06 14:29:12,250 [157c8593-ba62-4444-a330-78d9c87b0794@group-A04BBE52BB9F-StateMachineUpdater] INFO  ratis.ContainerStateMachine (ContainerStateMachine.java:takeSnapshot(330)) - group-A04BBE52BB9F: Taking a snapshot at:(t:1, i:0) file /home/runner/work/ozone/ozone/hadoop-ozone/integration-test/target/test-dir/MiniOzoneClusterImpl-311f1a44-6374-447a-8cc6-2b136736f8fc/datanode-2/data/ratis/2b7afc1d-0e1d-46af-adb7-a04bbe52bb9f/sm/snapshot.1_0
2023-06-06 14:29:12,251 [ForkJoinPool.commonPool-worker-1] INFO  server.GrpcService (GrpcService.java:closeImpl(320)) - 30c53b57-84aa-4907-b898-4ab0d8d18ef9: shutdown server GrpcServerProtocolService successfully
2023-06-06 14:29:12,251 [ForkJoinPool.commonPool-worker-1] INFO  server.GrpcService (GrpcService.java:closeImpl(311)) - 30c53b57-84aa-4907-b898-4ab0d8d18ef9: shutdown server org.apache.ratis.grpc.server.GrpcAdminProtocolService now
2023-06-06 14:29:12,251 [157c8593-ba62-4444-a330-78d9c87b0794@group-A04BBE52BB9F-StateMachineUpdater] INFO  ratis.ContainerStateMachine (ContainerStateMachine.java:takeSnapshot(341)) - group-A04BBE52BB9F: Finished taking a snapshot at:(t:1, i:0) file:/home/runner/work/ozone/ozone/hadoop-ozone/integration-test/target/test-dir/MiniOzoneClusterImpl-311f1a44-6374-447a-8cc6-2b136736f8fc/datanode-2/data/ratis/2b7afc1d-0e1d-46af-adb7-a04bbe52bb9f/sm/snapshot.1_0 took: 1 ms
2023-06-06 14:29:12,251 [157c8593-ba62-4444-a330-78d9c87b0794@group-A04BBE52BB9F-StateMachineUpdater] INFO  impl.StateMachineUpdater (StateMachineUpdater.java:takeSnapshot(291)) - 157c8593-ba62-4444-a330-78d9c87b0794@group-A04BBE52BB9F-StateMachineUpdater: Took a snapshot at index 0
2023-06-06 14:29:12,251 [157c8593-ba62-4444-a330-78d9c87b0794@group-A04BBE52BB9F-StateMachineUpdater] INFO  impl.StateMachineUpdater (StateMachineUpdater.java:lambda$new$0(97)) - 157c8593-ba62-4444-a330-78d9c87b0794@group-A04BBE52BB9F-StateMachineUpdater: snapshotIndex: updateIncreasingly -1 -> 0
2023-06-06 14:29:12,251 [157c8593-ba62-4444-a330-78d9c87b0794-impl-thread2] INFO  server.RaftServer$Division (ServerState.java:close(472)) - 157c8593-ba62-4444-a330-78d9c87b0794@group-A04BBE52BB9F: closes. applyIndex: 0
2023-06-06 14:29:12,252 [157c8593-ba62-4444-a330-78d9c87b0794-impl-thread1] INFO  server.RaftServer$Division (ServerState.java:close(472)) - 157c8593-ba62-4444-a330-78d9c87b0794@group-F221C6391371: closes. applyIndex: -1
2023-06-06 14:29:12,255 [ForkJoinPool.commonPool-worker-1] INFO  server.GrpcService (GrpcService.java:closeImpl(320)) - 30c53b57-84aa-4907-b898-4ab0d8d18ef9: shutdown server org.apache.ratis.grpc.server.GrpcAdminProtocolService successfully
2023-06-06 14:29:12,255 [30c53b57-84aa-4907-b898-4ab0d8d18ef9-NettyServerStreamRpc-bossGroup--thread1] INFO  logging.LoggingHandler (AbstractInternalLogger.java:log(148)) - [id: 0x80ae352d, L:/0:0:0:0:0:0:0:0:15154] CLOSE
2023-06-06 14:29:12,255 [30c53b57-84aa-4907-b898-4ab0d8d18ef9-NettyServerStreamRpc-bossGroup--thread1] INFO  logging.LoggingHandler (AbstractInternalLogger.java:log(148)) - [id: 0x80ae352d, L:/0:0:0:0:0:0:0:0:15154] INACTIVE
2023-06-06 14:29:12,255 [30c53b57-84aa-4907-b898-4ab0d8d18ef9-NettyServerStreamRpc-bossGroup--thread1] INFO  logging.LoggingHandler (AbstractInternalLogger.java:log(148)) - [id: 0x80ae352d, L:/0:0:0:0:0:0:0:0:15154] UNREGISTERED
2023-06-06 14:29:12,255 [ForkJoinPool.commonPool-worker-2] INFO  server.GrpcService (GrpcService.java:closeImpl(320)) - 157c8593-ba62-4444-a330-78d9c87b0794: shutdown server GrpcServerProtocolService successfully
2023-06-06 14:29:12,256 [ForkJoinPool.commonPool-worker-2] INFO  server.GrpcService (GrpcService.java:closeImpl(311)) - 157c8593-ba62-4444-a330-78d9c87b0794: shutdown server org.apache.ratis.grpc.server.GrpcAdminProtocolService now
2023-06-06 14:29:12,281 [ForkJoinPool.commonPool-worker-2] INFO  server.GrpcService (GrpcService.java:closeImpl(320)) - 157c8593-ba62-4444-a330-78d9c87b0794: shutdown server org.apache.ratis.grpc.server.GrpcAdminProtocolService successfully
2023-06-06 14:29:12,281 [157c8593-ba62-4444-a330-78d9c87b0794-NettyServerStreamRpc-bossGroup--thread1] INFO  logging.LoggingHandler (AbstractInternalLogger.java:log(148)) - [id: 0xd26eca32, L:/0:0:0:0:0:0:0:0:15172] CLOSE
2023-06-06 14:29:12,281 [157c8593-ba62-4444-a330-78d9c87b0794-NettyServerStreamRpc-bossGroup--thread1] INFO  logging.LoggingHandler (AbstractInternalLogger.java:log(148)) - [id: 0xd26eca32, L:/0:0:0:0:0:0:0:0:15172] INACTIVE
2023-06-06 14:29:12,282 [157c8593-ba62-4444-a330-78d9c87b0794-NettyServerStreamRpc-bossGroup--thread1] INFO  logging.LoggingHandler (AbstractInternalLogger.java:log(148)) - [id: 0xd26eca32, L:/0:0:0:0:0:0:0:0:15172] UNREGISTERED
2023-06-06 14:29:12,608 [30c53b57-84aa-4907-b898-4ab0d8d18ef9-impl-thread1] INFO  segmented.SegmentedRaftLogWorker (SegmentedRaftLogWorker.java:close(252)) - 30c53b57-84aa-4907-b898-4ab0d8d18ef9@group-01630A08DF52-SegmentedRaftLogWorker close()
2023-06-06 14:29:12,694 [a8cecc1f-3f3f-4377-b117-1e6c466c1e86-impl-thread1] INFO  segmented.SegmentedRaftLogWorker (SegmentedRaftLogWorker.java:close(252)) - a8cecc1f-3f3f-4377-b117-1e6c466c1e86@group-F221C6391371-SegmentedRaftLogWorker close()
2023-06-06 14:29:12,721 [157c8593-ba62-4444-a330-78d9c87b0794-impl-thread1] INFO  segmented.SegmentedRaftLogWorker (SegmentedRaftLogWorker.java:close(252)) - 157c8593-ba62-4444-a330-78d9c87b0794@group-F221C6391371-SegmentedRaftLogWorker close()
2023-06-06 14:29:12,729 [30c53b57-84aa-4907-b898-4ab0d8d18ef9-impl-thread2] INFO  segmented.SegmentedRaftLogWorker (SegmentedRaftLogWorker.java:close(252)) - 30c53b57-84aa-4907-b898-4ab0d8d18ef9@group-F221C6391371-SegmentedRaftLogWorker close()
2023-06-06 14:29:12,892 [30c53b57-84aa-4907-b898-4ab0d8d18ef9-impl-thread3] INFO  segmented.SegmentedRaftLogWorker (SegmentedRaftLogWorker.java:close(252)) - 30c53b57-84aa-4907-b898-4ab0d8d18ef9@group-A04BBE52BB9F-SegmentedRaftLogWorker close()
2023-06-06 14:29:12,894 [JvmPauseMonitor24] INFO  util.JvmPauseMonitor (JvmPauseMonitor.java:run(109)) - JvmPauseMonitor-30c53b57-84aa-4907-b898-4ab0d8d18ef9: Stopped
2023-06-06 14:29:12,930 [a8cecc1f-3f3f-4377-b117-1e6c466c1e86-impl-thread2] INFO  segmented.SegmentedRaftLogWorker (SegmentedRaftLogWorker.java:close(252)) - a8cecc1f-3f3f-4377-b117-1e6c466c1e86@group-A04BBE52BB9F-SegmentedRaftLogWorker close()
2023-06-06 14:29:12,935 [157c8593-ba62-4444-a330-78d9c87b0794-impl-thread2] INFO  segmented.SegmentedRaftLogWorker (SegmentedRaftLogWorker.java:close(252)) - 157c8593-ba62-4444-a330-78d9c87b0794@group-A04BBE52BB9F-SegmentedRaftLogWorker close()
2023-06-06 14:29:12,957 [a8cecc1f-3f3f-4377-b117-1e6c466c1e86-impl-thread3] INFO  segmented.SegmentedRaftLogWorker (SegmentedRaftLogWorker.java:close(252)) - a8cecc1f-3f3f-4377-b117-1e6c466c1e86@group-5B1C65EEC4BB-SegmentedRaftLogWorker close()
2023-06-06 14:29:12,958 [JvmPauseMonitor25] INFO  util.JvmPauseMonitor (JvmPauseMonitor.java:run(109)) - JvmPauseMonitor-a8cecc1f-3f3f-4377-b117-1e6c466c1e86: Stopped
2023-06-06 14:29:13,210 [157c8593-ba62-4444-a330-78d9c87b0794-impl-thread3] INFO  segmented.SegmentedRaftLogWorker (SegmentedRaftLogWorker.java:close(252)) - 157c8593-ba62-4444-a330-78d9c87b0794@group-C2029AA22636-SegmentedRaftLogWorker close()
2023-06-06 14:29:13,212 [JvmPauseMonitor26] INFO  util.JvmPauseMonitor (JvmPauseMonitor.java:run(109)) - JvmPauseMonitor-157c8593-ba62-4444-a330-78d9c87b0794: Stopped
2023-06-06 14:29:14,897 [ForkJoinPool.commonPool-worker-1] INFO  utils.DatanodeStoreCache (DatanodeStoreCache.java:shutdownCache(110)) - Skip clearing cache in mini cluster mode. Entries left: [/home/runner/work/ozone/ozone/hadoop-ozone/integration-test/target/test-dir/MiniOzoneClusterImpl-311f1a44-6374-447a-8cc6-2b136736f8fc/datanode-0/data-0/containers/hdds/311f1a44-6374-447a-8cc6-2b136736f8fc/DS-86fd92bb-e37c-4571-8a32-645ee3034804/container.db, /home/runner/work/ozone/ozone/hadoop-ozone/integration-test/target/test-dir/MiniOzoneClusterImpl-311f1a44-6374-447a-8cc6-2b136736f8fc/datanode-1/data-0/containers/hdds/311f1a44-6374-447a-8cc6-2b136736f8fc/DS-61f61f54-435f-4ac7-8753-1fefb31668af/container.db, /home/runner/work/ozone/ozone/hadoop-ozone/integration-test/target/test-dir/MiniOzoneClusterImpl-311f1a44-6374-447a-8cc6-2b136736f8fc/datanode-2/data-0/containers/hdds/311f1a44-6374-447a-8cc6-2b136736f8fc/DS-faadd2eb-70fd-4fbc-bf80-1e378183df20/container.db]
2023-06-06 14:29:14,900 [ForkJoinPool.commonPool-worker-1] INFO  utils.DatanodeStoreCache (DatanodeStoreCache.java:removeDB(104)) - Removed db /home/runner/work/ozone/ozone/hadoop-ozone/integration-test/target/test-dir/MiniOzoneClusterImpl-311f1a44-6374-447a-8cc6-2b136736f8fc/datanode-0/data-0/containers/hdds/311f1a44-6374-447a-8cc6-2b136736f8fc/DS-86fd92bb-e37c-4571-8a32-645ee3034804/container.db from cache
2023-06-06 14:29:14,900 [ForkJoinPool.commonPool-worker-1] INFO  volume.HddsVolume (HddsVolume.java:closeDbStore(437)) - SchemaV3 db is stopped at /home/runner/work/ozone/ozone/hadoop-ozone/integration-test/target/test-dir/MiniOzoneClusterImpl-311f1a44-6374-447a-8cc6-2b136736f8fc/datanode-0/data-0/containers/hdds/311f1a44-6374-447a-8cc6-2b136736f8fc/DS-86fd92bb-e37c-4571-8a32-645ee3034804/container.db for volume DS-86fd92bb-e37c-4571-8a32-645ee3034804
2023-06-06 14:29:14,901 [ForkJoinPool.commonPool-worker-1] INFO  utils.BackgroundService (BackgroundService.java:shutdown(141)) - Shutting down service BlockDeletingService
2023-06-06 14:29:14,901 [ForkJoinPool.commonPool-worker-1] INFO  utils.BackgroundService (BackgroundService.java:shutdown(141)) - Shutting down service StaleRecoveringContainerScrubbingService
2023-06-06 14:29:14,902 [ForkJoinPool.commonPool-worker-1] INFO  statemachine.DatanodeStateMachine (DatanodeStateMachine.java:stopDaemon(605)) - Ozone container server stopped.
2023-06-06 14:29:14,912 [ForkJoinPool.commonPool-worker-1] INFO  handler.ContextHandler (ContextHandler.java:doStop(1159)) - Stopped o.e.j.w.WebAppContext@bc48436{hddsDatanode,/,null,STOPPED}{jar:file:/home/runner/.m2/repository/org/apache/ozone/hdds-container-service/1.4.0-SNAPSHOT/hdds-container-service-1.4.0-SNAPSHOT.jar!/webapps/hddsDatanode}
2023-06-06 14:29:14,913 [ForkJoinPool.commonPool-worker-1] INFO  server.AbstractConnector (AbstractConnector.java:doStop(383)) - Stopped ServerConnector@2f8cb6e0{HTTP/1.1, (http/1.1)}{0.0.0.0:15148}
2023-06-06 14:29:14,913 [ForkJoinPool.commonPool-worker-1] INFO  server.session (HouseKeeper.java:stopScavenging(149)) - node0 Stopped scavenging
2023-06-06 14:29:14,915 [ForkJoinPool.commonPool-worker-1] INFO  handler.ContextHandler (ContextHandler.java:doStop(1159)) - Stopped o.e.j.s.ServletContextHandler@5ce01b1a{static,/static,jar:file:/home/runner/.m2/repository/org/apache/ozone/hdds-container-service/1.4.0-SNAPSHOT/hdds-container-service-1.4.0-SNAPSHOT.jar!/webapps/static,STOPPED}
2023-06-06 14:29:14,915 [ForkJoinPool.commonPool-worker-1] INFO  handler.ContextHandler (ContextHandler.java:doStop(1159)) - Stopped o.e.j.s.ServletContextHandler@4d319eba{logs,/logs,file:///home/runner/work/ozone/ozone/hadoop-ozone/integration-test/target/log,STOPPED}
2023-06-06 14:29:14,915 [ForkJoinPool.commonPool-worker-1] INFO  ozone.HddsDatanodeClientProtocolServer (HddsDatanodeClientProtocolServer.java:stop(89)) - Stopping the RPC server for Client Protocol
2023-06-06 14:29:14,916 [ForkJoinPool.commonPool-worker-1] INFO  ipc.Server (Server.java:stop(3501)) - Stopping server on 15149
2023-06-06 14:29:14,916 [IPC Server listener on 15149] INFO  ipc.Server (Server.java:run(1430)) - Stopping IPC Server listener on 15149
2023-06-06 14:29:14,918 [IPC Server Responder] INFO  ipc.Server (Server.java:run(1563)) - Stopping IPC Server Responder
2023-06-06 14:29:14,961 [Time-limited test] INFO  utils.DatanodeStoreCache (DatanodeStoreCache.java:shutdownCache(110)) - Skip clearing cache in mini cluster mode. Entries left: [/home/runner/work/ozone/ozone/hadoop-ozone/integration-test/target/test-dir/MiniOzoneClusterImpl-311f1a44-6374-447a-8cc6-2b136736f8fc/datanode-1/data-0/containers/hdds/311f1a44-6374-447a-8cc6-2b136736f8fc/DS-61f61f54-435f-4ac7-8753-1fefb31668af/container.db, /home/runner/work/ozone/ozone/hadoop-ozone/integration-test/target/test-dir/MiniOzoneClusterImpl-311f1a44-6374-447a-8cc6-2b136736f8fc/datanode-2/data-0/containers/hdds/311f1a44-6374-447a-8cc6-2b136736f8fc/DS-faadd2eb-70fd-4fbc-bf80-1e378183df20/container.db]
2023-06-06 14:29:14,962 [Time-limited test] INFO  utils.DatanodeStoreCache (DatanodeStoreCache.java:removeDB(104)) - Removed db /home/runner/work/ozone/ozone/hadoop-ozone/integration-test/target/test-dir/MiniOzoneClusterImpl-311f1a44-6374-447a-8cc6-2b136736f8fc/datanode-1/data-0/containers/hdds/311f1a44-6374-447a-8cc6-2b136736f8fc/DS-61f61f54-435f-4ac7-8753-1fefb31668af/container.db from cache
2023-06-06 14:29:14,963 [Time-limited test] INFO  volume.HddsVolume (HddsVolume.java:closeDbStore(437)) - SchemaV3 db is stopped at /home/runner/work/ozone/ozone/hadoop-ozone/integration-test/target/test-dir/MiniOzoneClusterImpl-311f1a44-6374-447a-8cc6-2b136736f8fc/datanode-1/data-0/containers/hdds/311f1a44-6374-447a-8cc6-2b136736f8fc/DS-61f61f54-435f-4ac7-8753-1fefb31668af/container.db for volume DS-61f61f54-435f-4ac7-8753-1fefb31668af
2023-06-06 14:29:14,963 [Time-limited test] INFO  utils.BackgroundService (BackgroundService.java:shutdown(141)) - Shutting down service BlockDeletingService
2023-06-06 14:29:14,964 [Time-limited test] INFO  utils.BackgroundService (BackgroundService.java:shutdown(141)) - Shutting down service StaleRecoveringContainerScrubbingService
2023-06-06 14:29:14,964 [Time-limited test] INFO  statemachine.DatanodeStateMachine (DatanodeStateMachine.java:stopDaemon(605)) - Ozone container server stopped.
2023-06-06 14:29:14,973 [Time-limited test] INFO  handler.ContextHandler (ContextHandler.java:doStop(1159)) - Stopped o.e.j.w.WebAppContext@5dd48e35{hddsDatanode,/,null,STOPPED}{jar:file:/home/runner/.m2/repository/org/apache/ozone/hdds-container-service/1.4.0-SNAPSHOT/hdds-container-service-1.4.0-SNAPSHOT.jar!/webapps/hddsDatanode}
2023-06-06 14:29:14,974 [Time-limited test] INFO  server.AbstractConnector (AbstractConnector.java:doStop(383)) - Stopped ServerConnector@569335e4{HTTP/1.1, (http/1.1)}{0.0.0.0:15157}
2023-06-06 14:29:14,974 [Time-limited test] INFO  server.session (HouseKeeper.java:stopScavenging(149)) - node0 Stopped scavenging
2023-06-06 14:29:14,974 [Time-limited test] INFO  handler.ContextHandler (ContextHandler.java:doStop(1159)) - Stopped o.e.j.s.ServletContextHandler@1afe4e8{static,/static,jar:file:/home/runner/.m2/repository/org/apache/ozone/hdds-container-service/1.4.0-SNAPSHOT/hdds-container-service-1.4.0-SNAPSHOT.jar!/webapps/static,STOPPED}
2023-06-06 14:29:14,974 [Time-limited test] INFO  handler.ContextHandler (ContextHandler.java:doStop(1159)) - Stopped o.e.j.s.ServletContextHandler@1ab1d7e9{logs,/logs,file:///home/runner/work/ozone/ozone/hadoop-ozone/integration-test/target/log,STOPPED}
2023-06-06 14:29:14,975 [Time-limited test] INFO  ozone.HddsDatanodeClientProtocolServer (HddsDatanodeClientProtocolServer.java:stop(89)) - Stopping the RPC server for Client Protocol
2023-06-06 14:29:14,975 [Time-limited test] INFO  ipc.Server (Server.java:stop(3501)) - Stopping server on 15158
2023-06-06 14:29:14,975 [IPC Server listener on 15158] INFO  ipc.Server (Server.java:run(1430)) - Stopping IPC Server listener on 15158
2023-06-06 14:29:14,976 [IPC Server Responder] INFO  ipc.Server (Server.java:run(1563)) - Stopping IPC Server Responder
2023-06-06 14:29:15,215 [ForkJoinPool.commonPool-worker-2] INFO  utils.DatanodeStoreCache (DatanodeStoreCache.java:shutdownCache(110)) - Skip clearing cache in mini cluster mode. Entries left: [/home/runner/work/ozone/ozone/hadoop-ozone/integration-test/target/test-dir/MiniOzoneClusterImpl-311f1a44-6374-447a-8cc6-2b136736f8fc/datanode-2/data-0/containers/hdds/311f1a44-6374-447a-8cc6-2b136736f8fc/DS-faadd2eb-70fd-4fbc-bf80-1e378183df20/container.db]
2023-06-06 14:29:15,218 [ForkJoinPool.commonPool-worker-2] INFO  utils.DatanodeStoreCache (DatanodeStoreCache.java:removeDB(104)) - Removed db /home/runner/work/ozone/ozone/hadoop-ozone/integration-test/target/test-dir/MiniOzoneClusterImpl-311f1a44-6374-447a-8cc6-2b136736f8fc/datanode-2/data-0/containers/hdds/311f1a44-6374-447a-8cc6-2b136736f8fc/DS-faadd2eb-70fd-4fbc-bf80-1e378183df20/container.db from cache
2023-06-06 14:29:15,218 [ForkJoinPool.commonPool-worker-2] INFO  volume.HddsVolume (HddsVolume.java:closeDbStore(437)) - SchemaV3 db is stopped at /home/runner/work/ozone/ozone/hadoop-ozone/integration-test/target/test-dir/MiniOzoneClusterImpl-311f1a44-6374-447a-8cc6-2b136736f8fc/datanode-2/data-0/containers/hdds/311f1a44-6374-447a-8cc6-2b136736f8fc/DS-faadd2eb-70fd-4fbc-bf80-1e378183df20/container.db for volume DS-faadd2eb-70fd-4fbc-bf80-1e378183df20
2023-06-06 14:29:15,218 [ForkJoinPool.commonPool-worker-2] INFO  utils.BackgroundService (BackgroundService.java:shutdown(141)) - Shutting down service BlockDeletingService
2023-06-06 14:29:15,218 [ForkJoinPool.commonPool-worker-2] INFO  utils.BackgroundService (BackgroundService.java:shutdown(141)) - Shutting down service StaleRecoveringContainerScrubbingService
2023-06-06 14:29:15,219 [ForkJoinPool.commonPool-worker-2] INFO  statemachine.DatanodeStateMachine (DatanodeStateMachine.java:stopDaemon(605)) - Ozone container server stopped.
2023-06-06 14:29:15,229 [ForkJoinPool.commonPool-worker-2] INFO  handler.ContextHandler (ContextHandler.java:doStop(1159)) - Stopped o.e.j.w.WebAppContext@456a548c{hddsDatanode,/,null,STOPPED}{jar:file:/home/runner/.m2/repository/org/apache/ozone/hdds-container-service/1.4.0-SNAPSHOT/hdds-container-service-1.4.0-SNAPSHOT.jar!/webapps/hddsDatanode}
2023-06-06 14:29:15,230 [ForkJoinPool.commonPool-worker-2] INFO  server.AbstractConnector (AbstractConnector.java:doStop(383)) - Stopped ServerConnector@6f2a350b{HTTP/1.1, (http/1.1)}{0.0.0.0:15166}
2023-06-06 14:29:15,230 [ForkJoinPool.commonPool-worker-2] INFO  server.session (HouseKeeper.java:stopScavenging(149)) - node0 Stopped scavenging
2023-06-06 14:29:15,230 [ForkJoinPool.commonPool-worker-2] INFO  handler.ContextHandler (ContextHandler.java:doStop(1159)) - Stopped o.e.j.s.ServletContextHandler@28c50f63{static,/static,jar:file:/home/runner/.m2/repository/org/apache/ozone/hdds-container-service/1.4.0-SNAPSHOT/hdds-container-service-1.4.0-SNAPSHOT.jar!/webapps/static,STOPPED}
2023-06-06 14:29:15,230 [ForkJoinPool.commonPool-worker-2] INFO  handler.ContextHandler (ContextHandler.java:doStop(1159)) - Stopped o.e.j.s.ServletContextHandler@6efe1697{logs,/logs,file:///home/runner/work/ozone/ozone/hadoop-ozone/integration-test/target/log,STOPPED}
2023-06-06 14:29:15,233 [ForkJoinPool.commonPool-worker-2] INFO  ozone.HddsDatanodeClientProtocolServer (HddsDatanodeClientProtocolServer.java:stop(89)) - Stopping the RPC server for Client Protocol
2023-06-06 14:29:15,234 [ForkJoinPool.commonPool-worker-2] INFO  ipc.Server (Server.java:stop(3501)) - Stopping server on 15167
2023-06-06 14:29:15,237 [Time-limited test] INFO  ozone.MiniOzoneClusterImpl (MiniOzoneClusterImpl.java:stopSCM(537)) - Stopping the StorageContainerManager
2023-06-06 14:29:15,237 [Time-limited test] INFO  server.StorageContainerManager (StorageContainerManager.java:stop(1562)) - Container Balancer is not running.
2023-06-06 14:29:15,237 [Time-limited test] INFO  server.StorageContainerManager (StorageContainerManager.java:stopReplicationManager(1693)) - Stopping Replication Manager Service.
2023-06-06 14:29:15,237 [Time-limited test] INFO  replication.ReplicationManager (ReplicationManager.java:stop(332)) - Stopping Replication Monitor Thread.
2023-06-06 14:29:15,237 [Time-limited test] INFO  server.StorageContainerManager (StorageContainerManager.java:stop(1571)) - Stopping the Datanode Admin Monitor.
2023-06-06 14:29:15,237 [Under Replicated Processor] WARN  replication.UnhealthyReplicationProcessor (UnhealthyReplicationProcessor.java:run(167)) - Under Replicated Processor interrupted. Exiting...
2023-06-06 14:29:15,237 [Time-limited test] INFO  server.StorageContainerManager (StorageContainerManager.java:stop(1578)) - Stopping datanode service RPC server
2023-06-06 14:29:15,237 [Time-limited test] INFO  server.SCMDatanodeProtocolServer (SCMDatanodeProtocolServer.java:stop(424)) - Stopping the RPC server for DataNodes
2023-06-06 14:29:15,237 [Time-limited test] INFO  ipc.Server (Server.java:stop(3501)) - Stopping server on 15141
2023-06-06 14:29:15,237 [Over Replicated Processor] WARN  replication.UnhealthyReplicationProcessor (UnhealthyReplicationProcessor.java:run(167)) - Over Replicated Processor interrupted. Exiting...
2023-06-06 14:29:15,238 [ReplicationMonitor] INFO  replication.ReplicationManager (ReplicationManager.java:run(938)) - Replication Monitor Thread is stopped
2023-06-06 14:29:15,239 [IPC Server listener on 15167] INFO  ipc.Server (Server.java:run(1430)) - Stopping IPC Server listener on 15167
2023-06-06 14:29:15,239 [IPC Server Responder] INFO  ipc.Server (Server.java:run(1563)) - Stopping IPC Server Responder
2023-06-06 14:29:15,243 [IPC Server listener on 15141] INFO  ipc.Server (Server.java:run(1430)) - Stopping IPC Server listener on 15141
2023-06-06 14:29:15,243 [IPC Server Responder] INFO  ipc.Server (Server.java:run(1563)) - Stopping IPC Server Responder
2023-06-06 14:29:15,339 [SCM Heartbeat Processing Thread - 0] WARN  node.NodeStateManager (NodeStateManager.java:scheduleNextHealthCheck(870)) - Current Thread is interrupted, shutting down HB processing thread for Node Manager.
2023-06-06 14:29:15,339 [Time-limited test] INFO  server.StorageContainerManager (StorageContainerManager.java:stop(1586)) - Stopping block service RPC server
2023-06-06 14:29:15,340 [Time-limited test] INFO  server.SCMBlockProtocolServer (SCMBlockProtocolServer.java:stop(161)) - Stopping the RPC server for Block Protocol
2023-06-06 14:29:15,340 [Time-limited test] INFO  ipc.Server (Server.java:stop(3501)) - Stopping server on 15140
2023-06-06 14:29:15,341 [IPC Server Responder] INFO  ipc.Server (Server.java:run(1563)) - Stopping IPC Server Responder
2023-06-06 14:29:15,341 [IPC Server listener on 15140] INFO  ipc.Server (Server.java:run(1430)) - Stopping IPC Server listener on 15140
2023-06-06 14:29:15,343 [Time-limited test] INFO  server.StorageContainerManager (StorageContainerManager.java:stop(1593)) - Stopping the StorageContainerLocationProtocol RPC server
2023-06-06 14:29:15,343 [Time-limited test] INFO  server.SCMClientProtocolServer (SCMClientProtocolServer.java:stop(208)) - Stopping the RPC server for Client Protocol
2023-06-06 14:29:15,343 [Time-limited test] INFO  ipc.Server (Server.java:stop(3501)) - Stopping server on 15139
2023-06-06 14:29:15,345 [IPC Server Responder] INFO  ipc.Server (Server.java:run(1563)) - Stopping IPC Server Responder
2023-06-06 14:29:15,345 [IPC Server listener on 15139] INFO  ipc.Server (Server.java:run(1430)) - Stopping IPC Server listener on 15139
2023-06-06 14:29:15,345 [Time-limited test] INFO  server.StorageContainerManager (StorageContainerManager.java:stop(1600)) - Stopping Storage Container Manager HTTP server.
2023-06-06 14:29:15,346 [Time-limited test] INFO  handler.ContextHandler (ContextHandler.java:doStop(1159)) - Stopped o.e.j.w.WebAppContext@18770289{scm,/,null,STOPPED}{file:/home/runner/work/ozone/ozone/hadoop-ozone/integration-test/target/test-classes/webapps/scm}
2023-06-06 14:29:15,347 [Time-limited test] INFO  server.AbstractConnector (AbstractConnector.java:doStop(383)) - Stopped ServerConnector@2529be7c{HTTP/1.1, (http/1.1)}{0.0.0.0:15142}
2023-06-06 14:29:15,347 [Time-limited test] INFO  server.session (HouseKeeper.java:stopScavenging(149)) - node0 Stopped scavenging
2023-06-06 14:29:15,347 [Time-limited test] INFO  handler.ContextHandler (ContextHandler.java:doStop(1159)) - Stopped o.e.j.s.ServletContextHandler@569aee75{static,/static,file:///home/runner/work/ozone/ozone/hadoop-ozone/integration-test/target/test-classes/webapps/static,STOPPED}
2023-06-06 14:29:15,347 [Time-limited test] INFO  handler.ContextHandler (ContextHandler.java:doStop(1159)) - Stopped o.e.j.s.ServletContextHandler@60512d9{logs,/logs,file:///home/runner/work/ozone/ozone/hadoop-ozone/integration-test/target/log,STOPPED}
2023-06-06 14:29:15,348 [Time-limited test] INFO  server.StorageContainerManager (StorageContainerManager.java:stop(1608)) - Stopping SCM LayoutVersionManager Service.
2023-06-06 14:29:15,348 [Time-limited test] INFO  server.StorageContainerManager (StorageContainerManager.java:stop(1616)) - Stopping Block Manager Service.
2023-06-06 14:29:15,348 [Time-limited test] INFO  utils.BackgroundService (BackgroundService.java:shutdown(141)) - Shutting down service SCMBlockDeletingService
2023-06-06 14:29:15,348 [Time-limited test] INFO  utils.BackgroundService (BackgroundService.java:shutdown(141)) - Shutting down service SCMBlockDeletingService
2023-06-06 14:29:15,348 [Time-limited test] INFO  server.StorageContainerManager (StorageContainerManager.java:stop(1638)) - Stopping SCM Event Queue.
2023-06-06 14:29:15,349 [JvmPauseMonitor22] INFO  util.JvmPauseMonitor (JvmPauseMonitor.java:run(109)) - JvmPauseMonitor-82689e00-0931-45f7-8b6d-533745603b9c: Stopped
2023-06-06 14:29:15,349 [Time-limited test] INFO  server.StorageContainerManager (StorageContainerManager.java:stop(1649)) - Stopping SCM HA services.
2023-06-06 14:29:15,349 [Time-limited test] INFO  pipeline.BackgroundPipelineCreator (BackgroundPipelineCreator.java:stop(149)) - Stopping RatisPipelineUtilsThread.
2023-06-06 14:29:15,349 [RatisPipelineUtilsThread - 0] WARN  pipeline.BackgroundPipelineCreator (BackgroundPipelineCreator.java:run(180)) - RatisPipelineUtilsThread is interrupted.
2023-06-06 14:29:15,350 [Time-limited test] INFO  BackgroundPipelineScrubber (BackgroundSCMService.java:stop(131)) - Stopping BackgroundPipelineScrubber Service.
2023-06-06 14:29:15,350 [BackgroundPipelineScrubberThread] WARN  BackgroundPipelineScrubber (BackgroundSCMService.java:run(115)) - BackgroundPipelineScrubber is interrupted, exit
2023-06-06 14:29:15,350 [Time-limited test] INFO  impl.MetricsSystemImpl (MetricsSystemImpl.java:stop(210)) - Stopping HddsDatanode metrics system...
2023-06-06 14:29:15,352 [prometheus] INFO  impl.MetricsSinkAdapter (MetricsSinkAdapter.java:publishMetricsFromQueue(141)) - prometheus thread interrupted.
2023-06-06 14:29:15,353 [Time-limited test] INFO  impl.MetricsSystemImpl (MetricsSystemImpl.java:stop(216)) - HddsDatanode metrics system stopped.
2023-06-06 14:29:15,353 [Time-limited test] WARN  pipeline.BackgroundPipelineCreator (BackgroundPipelineCreator.java:stop(145)) - RatisPipelineUtilsThread is not running, just ignore.
2023-06-06 14:29:15,353 [Time-limited test] INFO  BackgroundPipelineScrubber (BackgroundSCMService.java:stop(126)) - BackgroundPipelineScrubber Service is not running, skip stop.
2023-06-06 14:29:15,353 [Time-limited test] INFO  ExpiredContainerReplicaOpScrubber (BackgroundSCMService.java:stop(131)) - Stopping ExpiredContainerReplicaOpScrubber Service.
2023-06-06 14:29:15,353 [ExpiredContainerReplicaOpScrubberThread] WARN  ExpiredContainerReplicaOpScrubber (BackgroundSCMService.java:run(115)) - ExpiredContainerReplicaOpScrubber is interrupted, exit
2023-06-06 14:29:15,353 [Time-limited test] INFO  utils.BackgroundService (BackgroundService.java:shutdown(141)) - Shutting down service SCMBlockDeletingService
2023-06-06 14:29:15,353 [Time-limited test] INFO  replication.ReplicationManager (ReplicationManager.java:stop(342)) - Replication Monitor Thread is not running.
2023-06-06 14:29:15,353 [Time-limited test] WARN  balancer.ContainerBalancer (ContainerBalancer.java:stop(328)) - Cannot stop Container Balancer because it's not running or stopping
2023-06-06 14:29:15,353 [Lease Manager-LeaseManager#LeaseMonitor] WARN  lease.LeaseManager (LeaseManager.java:run(272)) - Lease manager is interrupted. Shutting down...
java.lang.InterruptedException
	at java.util.concurrent.locks.AbstractQueuedSynchronizer.doAcquireSharedNanos(AbstractQueuedSynchronizer.java:1039)
	at java.util.concurrent.locks.AbstractQueuedSynchronizer.tryAcquireSharedNanos(AbstractQueuedSynchronizer.java:1328)
	at java.util.concurrent.Semaphore.tryAcquire(Semaphore.java:409)
	at org.apache.hadoop.ozone.lease.LeaseManager$LeaseMonitor.run(LeaseManager.java:270)
	at java.lang.Thread.run(Thread.java:750)
2023-06-06 14:29:15,353 [Time-limited test] INFO  server.StorageContainerManager (StorageContainerManager.java:stop(1684)) - Stopping SCM MetadataStore.
2023-06-06 14:29:15,373 [Time-limited test] WARN  server.ServerUtils (ServerUtils.java:getScmDbDir(155)) - ozone.scm.db.dirs is not configured. We recommend adding this setting. Falling back to ozone.metadata.dirs instead.
2023-06-06 14:29:15,375 [Time-limited test] WARN  server.ServerUtils (ServerUtils.java:getScmDbDir(155)) - ozone.scm.db.dirs is not configured. We recommend adding this setting. Falling back to ozone.metadata.dirs instead.
2023-06-06 14:29:15,375 [Time-limited test] INFO  ha.SCMHANodeDetails (SCMHANodeDetails.java:loadSCMHAConfig(209)) - ServiceID for StorageContainerManager is null
2023-06-06 14:29:15,375 [Time-limited test] INFO  ha.SCMHANodeDetails (SCMHANodeDetails.java:loadSCMHAConfig(214)) - ozone.scm.default.service.id is not defined, falling back to ozone.scm.service.ids to find serviceID for StorageContainerManager if it is HA enabled cluster
2023-06-06 14:29:15,376 [Time-limited test] WARN  utils.HAUtils (HAUtils.java:getMetaDir(352)) - ozone.scm.db.dirs is not configured. We recommend adding this setting. Falling back to ozone.metadata.dirs instead.
2023-06-06 14:29:15,376 [Time-limited test] WARN  db.DBStoreBuilder (DBStoreBuilder.java:applyDBDefinition(165)) - ozone.scm.db.dirs is not configured. We recommend adding this setting. Falling back to ozone.metadata.dirs instead.
2023-06-06 14:29:15,472 [Time-limited test] INFO  net.NodeSchemaLoader (NodeSchemaLoader.java:loadSchemaFromFile(129)) - Loading schema from [jar:file:/home/runner/.m2/repository/org/apache/ozone/hdds-common/1.4.0-SNAPSHOT/hdds-common-1.4.0-SNAPSHOT.jar!/network-topology-default.xml]
2023-06-06 14:29:15,472 [Time-limited test] INFO  net.NodeSchemaLoader (NodeSchemaLoader.java:loadSchema(176)) - Loading network topology layer schema file
2023-06-06 14:29:15,474 [Time-limited test] INFO  upgrade.AbstractLayoutVersionManager (AbstractLayoutVersionManager.java:init(83)) - Initializing Layout version manager with metadata layout = HADOOP_PRC_PORTS_IN_DATANODEDETAILS (version = 7), software layout = HADOOP_PRC_PORTS_IN_DATANODEDETAILS (version = 7)
2023-06-06 14:29:15,476 [Time-limited test] INFO  ha.SequenceIdGenerator (SequenceIdGenerator.java:upgradeToSequenceId(349)) - upgrade localId to 111677748019200000
2023-06-06 14:29:15,476 [Time-limited test] INFO  ha.SequenceIdGenerator (SequenceIdGenerator.java:upgradeToSequenceId(359)) - upgrade delTxnId to 0
2023-06-06 14:29:15,477 [Time-limited test] INFO  ha.SequenceIdGenerator (SequenceIdGenerator.java:upgradeToSequenceId(376)) - upgrade containerId to 0
2023-06-06 14:29:15,477 [Time-limited test] INFO  ha.SequenceIdGenerator (SequenceIdGenerator.java:<init>(220)) - Init the HA SequenceIdGenerator.
2023-06-06 14:29:15,477 [Time-limited test] WARN  server.ServerUtils (ServerUtils.java:sanitizeUserArgs(80)) - ozone.scm.stale.node.interval value = 300000 is larger than max = 100000 based on the key value of ozone.scm.heartbeat.thread.interval, reset to the max value 100000.
2023-06-06 14:29:15,477 [Time-limited test] WARN  server.ServerUtils (ServerUtils.java:sanitizeUserArgs(80)) - ozone.scm.stale.node.interval value = 300000 is larger than max = 100000 based on the key value of ozone.scm.heartbeat.thread.interval, reset to the max value 100000.
2023-06-06 14:29:15,477 [Time-limited test] INFO  node.SCMNodeManager (SCMNodeManager.java:<init>(159)) - Entering startup safe mode.
2023-06-06 14:29:15,478 [Time-limited test] INFO  algorithms.ContainerPlacementPolicyFactory (ContainerPlacementPolicyFactory.java:getPolicyInternal(86)) - Create container placement policy of type org.apache.hadoop.hdds.scm.container.placement.algorithms.SCMContainerPlacementRackAware
2023-06-06 14:29:15,478 [Time-limited test] INFO  algorithms.ContainerPlacementPolicyFactory (ContainerPlacementPolicyFactory.java:getPolicyInternal(86)) - Create container placement policy of type org.apache.hadoop.hdds.scm.container.placement.algorithms.SCMContainerPlacementRackScatter
2023-06-06 14:29:15,478 [Time-limited test] INFO  pipeline.PipelineStateManagerImpl (PipelineStateManagerImpl.java:initialize(78)) - No pipeline exists in current db
2023-06-06 14:29:15,478 [Time-limited test] INFO  algorithms.LeaderChoosePolicyFactory (LeaderChoosePolicyFactory.java:getPolicy(57)) - Create leader choose policy of type org.apache.hadoop.hdds.scm.pipeline.leader.choose.algorithms.MinLeaderCountChoosePolicy
2023-06-06 14:29:15,478 [Time-limited test] INFO  algorithms.ContainerPlacementPolicyFactory (ContainerPlacementPolicyFactory.java:getPolicyInternal(86)) - Create container placement policy of type org.apache.hadoop.hdds.scm.container.placement.algorithms.SCMContainerPlacementRackScatter
2023-06-06 14:29:15,478 [Time-limited test] INFO  ha.SCMServiceManager (SCMServiceManager.java:register(42)) - Registering service BackgroundPipelineCreator.
2023-06-06 14:29:15,478 [Time-limited test] INFO  pipeline.BackgroundPipelineCreator (BackgroundPipelineCreator.java:start(124)) - Starting RatisPipelineUtilsThread.
2023-06-06 14:29:15,479 [Time-limited test] INFO  BackgroundPipelineScrubber (BackgroundSCMService.java:start(68)) - Starting BackgroundPipelineScrubber Service.
2023-06-06 14:29:15,479 [Time-limited test] INFO  ha.SCMServiceManager (SCMServiceManager.java:register(42)) - Registering service BackgroundPipelineScrubber.
2023-06-06 14:29:15,479 [Time-limited test] INFO  ExpiredContainerReplicaOpScrubber (BackgroundSCMService.java:start(68)) - Starting ExpiredContainerReplicaOpScrubber Service.
2023-06-06 14:29:15,479 [Time-limited test] INFO  ha.SCMServiceManager (SCMServiceManager.java:register(42)) - Registering service ExpiredContainerReplicaOpScrubber.
2023-06-06 14:29:15,480 [Time-limited test] INFO  algorithms.PipelineChoosePolicyFactory (PipelineChoosePolicyFactory.java:createPipelineChoosePolicyFromClass(73)) - Create pipeline choose policy of type org.apache.hadoop.hdds.scm.pipeline.choose.algorithms.RandomPipelineChoosePolicy
2023-06-06 14:29:15,480 [Time-limited test] INFO  ha.SCMServiceManager (SCMServiceManager.java:register(42)) - Registering service SCMBlockDeletingService.
2023-06-06 14:29:15,481 [Time-limited test] INFO  replication.ReplicationManager (ReplicationManager.java:start(299)) - Starting Replication Monitor Thread.
2023-06-06 14:29:15,482 [Time-limited test] INFO  ha.SCMServiceManager (SCMServiceManager.java:register(42)) - Registering service ReplicationManager.
2023-06-06 14:29:15,482 [Time-limited test] INFO  safemode.ContainerSafeModeRule (ContainerSafeModeRule.java:<init>(89)) - containers with one replica threshold count 0
2023-06-06 14:29:15,482 [Time-limited test] INFO  safemode.HealthyPipelineSafeModeRule (HealthyPipelineSafeModeRule.java:initializeRule(169)) - Total pipeline count is 0, healthy pipeline threshold count is 1
2023-06-06 14:29:15,482 [Time-limited test] INFO  safemode.OneReplicaPipelineSafeModeRule (OneReplicaPipelineSafeModeRule.java:initializeRule(180)) - Total pipeline count is 0, pipeline's with at least one datanode reported threshold count is 0
2023-06-06 14:29:15,483 [ReplicationMonitor] INFO  replication.ReplicationManager (ReplicationManager.java:processAll(374)) - Replication Manager is not ready to run until 3000ms after safemode exit
2023-06-06 14:29:15,483 [Time-limited test] INFO  server.StorageContainerManager (StorageContainerManager.java:<init>(404)) - SCM start with adminUsers: [adminUser1, adminUser2, runner]
2023-06-06 14:29:15,483 [Time-limited test] INFO  ipc.CallQueueManager (CallQueueManager.java:<init>(90)) - Using callQueue: class java.util.concurrent.LinkedBlockingQueue, queueCapacity: 2000, scheduler: class org.apache.hadoop.ipc.DefaultRpcScheduler, ipcBackoff: false.
2023-06-06 14:29:15,484 [Socket Reader #1 for port 15176] INFO  ipc.Server (Server.java:run(1319)) - Starting Socket Reader #1 for port 15176
2023-06-06 14:29:15,485 [Listener at 0.0.0.0/15176] INFO  hdds.HddsUtils (HddsUtils.java:preserveThreadName(843)) - Restoring thread name: Time-limited test
2023-06-06 14:29:15,485 [Time-limited test] INFO  ipc.CallQueueManager (CallQueueManager.java:<init>(90)) - Using callQueue: class java.util.concurrent.LinkedBlockingQueue, queueCapacity: 2000, scheduler: class org.apache.hadoop.ipc.DefaultRpcScheduler, ipcBackoff: false.
2023-06-06 14:29:15,490 [Socket Reader #1 for port 15175] INFO  ipc.Server (Server.java:run(1319)) - Starting Socket Reader #1 for port 15175
2023-06-06 14:29:15,490 [Listener at 0.0.0.0/15175] INFO  hdds.HddsUtils (HddsUtils.java:preserveThreadName(843)) - Restoring thread name: Time-limited test
2023-06-06 14:29:15,491 [Time-limited test] INFO  ipc.CallQueueManager (CallQueueManager.java:<init>(90)) - Using callQueue: class java.util.concurrent.LinkedBlockingQueue, queueCapacity: 2000, scheduler: class org.apache.hadoop.ipc.DefaultRpcScheduler, ipcBackoff: false.
2023-06-06 14:29:15,491 [Socket Reader #1 for port 15174] INFO  ipc.Server (Server.java:run(1319)) - Starting Socket Reader #1 for port 15174
2023-06-06 14:29:15,496 [Listener at 0.0.0.0/15174] INFO  hdds.HddsUtils (HddsUtils.java:preserveThreadName(843)) - Restoring thread name: Time-limited test
2023-06-06 14:29:15,498 [Time-limited test] INFO  ha.SCMServiceManager (SCMServiceManager.java:register(42)) - Registering service ContainerBalancer.
2023-06-06 14:29:15,498 [Time-limited test] INFO  server.StorageContainerManager (StorageContainerManager.java:<init>(416)) - 
Container Balancer status:
Key                            Value
Running                        false
Container Balancer Configuration values:
Key                                                Value
Threshold                                          10
Max Datanodes to Involve per Iteration(percent)    20
Max Size to Move per Iteration                     500GB
Max Size Entering Target per Iteration             26GB
Max Size Leaving Source per Iteration              26GB

2023-06-06 14:29:15,498 [Time-limited test] INFO  ha.SCMContext (SCMContext.java:updateSafeModeStatus(228)) - Update SafeModeStatus from SafeModeStatus{safeModeStatus=true, preCheckPassed=false} to SafeModeStatus{safeModeStatus=true, preCheckPassed=false}.
2023-06-06 14:29:15,499 [Time-limited test] INFO  server.StorageContainerManager (StorageContainerManager.java:start(1468)) - StorageContainerLocationProtocol RPC server is listening at /0.0.0.0:15174
2023-06-06 14:29:15,500 [Time-limited test] WARN  impl.MetricsConfig (MetricsConfig.java:loadFirst(136)) - Cannot locate configuration: tried hadoop-metrics2-storagecontainermanager.properties,hadoop-metrics2.properties
2023-06-06 14:29:15,500 [Time-limited test] INFO  impl.MetricsSystemImpl (MetricsSystemImpl.java:startTimer(378)) - Scheduled Metric snapshot period at 10 second(s).
2023-06-06 14:29:15,500 [Time-limited test] INFO  impl.MetricsSystemImpl (MetricsSystemImpl.java:start(191)) - StorageContainerManager metrics system started
2023-06-06 14:29:15,506 [Time-limited test] INFO  impl.MetricsSinkAdapter (MetricsSinkAdapter.java:start(204)) - Sink prometheus started
2023-06-06 14:29:15,506 [Time-limited test] INFO  impl.MetricsSystemImpl (MetricsSystemImpl.java:registerSink(305)) - Registered sink prometheus
2023-06-06 14:29:15,522 [Time-limited test] INFO  server.SCMClientProtocolServer (SCMClientProtocolServer.java:start(199)) - RPC server for Client  is listening at /0.0.0.0:15174
2023-06-06 14:29:15,523 [IPC Server Responder] INFO  ipc.Server (Server.java:run(1558)) - IPC Server Responder: starting
2023-06-06 14:29:15,523 [IPC Server listener on 15174] INFO  ipc.Server (Server.java:run(1398)) - IPC Server listener on 15174: starting
2023-06-06 14:29:15,524 [Time-limited test] INFO  server.StorageContainerManager (StorageContainerManager.java:start(1482)) - ScmBlockLocationProtocol RPC server is listening at /0.0.0.0:15175
2023-06-06 14:29:15,525 [Time-limited test] INFO  server.SCMBlockProtocolServer (SCMBlockProtocolServer.java:start(152)) - RPC server for Block Protocol is listening at /0.0.0.0:15175
2023-06-06 14:29:15,525 [IPC Server Responder] INFO  ipc.Server (Server.java:run(1558)) - IPC Server Responder: starting
2023-06-06 14:29:15,525 [IPC Server listener on 15175] INFO  ipc.Server (Server.java:run(1398)) - IPC Server listener on 15175: starting
2023-06-06 14:29:15,527 [Time-limited test] INFO  server.SCMDatanodeProtocolServer (SCMDatanodeProtocolServer.java:start(193)) - ScmDatanodeProtocol RPC server for DataNodes is listening at /0.0.0.0:15176
2023-06-06 14:29:15,527 [IPC Server Responder] INFO  ipc.Server (Server.java:run(1558)) - IPC Server Responder: starting
2023-06-06 14:29:15,527 [IPC Server listener on 15176] INFO  ipc.Server (Server.java:run(1398)) - IPC Server listener on 15176: starting
2023-06-06 14:29:15,534 [JvmPauseMonitor27] INFO  util.JvmPauseMonitor (JvmPauseMonitor.java:run(103)) - JvmPauseMonitor-12369a2c-78c5-47d2-9686-9f41a03996d5: Started
2023-06-06 14:29:15,534 [Time-limited test] INFO  http.BaseHttpServer (BaseHttpServer.java:newHttpServer2BuilderForOzone(224)) - Starting Web-server for scm at: http://0.0.0.0:15177
2023-06-06 14:29:15,535 [Time-limited test] INFO  http.BaseHttpServer (BaseHttpServer.java:<init>(111)) - Hadoop Security Enabled: false Ozone Security Enabled: false Ozone HTTP Security Enabled: false 
2023-06-06 14:29:15,536 [Time-limited test] WARN  server.AuthenticationFilter (AuthenticationFilter.java:constructSecretProvider(240)) - Unable to initialize FileSignerSecretProvider, falling back to use random secrets. Reason: Could not read signature secret file: /home/runner/hadoop-http-auth-signature-secret
2023-06-06 14:29:15,536 [Time-limited test] INFO  http.HttpRequestLog (HttpRequestLog.java:getRequestLog(86)) - Http request log for http.requests.scm is not defined
2023-06-06 14:29:15,538 [Time-limited test] INFO  http.HttpServer2 (HttpServer2.java:addGlobalFilter(1031)) - Added global filter 'safety' (class=org.apache.hadoop.hdds.server.http.HttpServer2$QuotingInputFilter)
2023-06-06 14:29:15,538 [Time-limited test] INFO  http.HttpServer2 (HttpServer2.java:addFilter(1007)) - Added filter static_user_filter (class=org.apache.hadoop.http.lib.StaticUserWebFilter$StaticUserFilter) to context scm
2023-06-06 14:29:15,538 [Time-limited test] INFO  http.HttpServer2 (HttpServer2.java:addFilter(1015)) - Added filter static_user_filter (class=org.apache.hadoop.http.lib.StaticUserWebFilter$StaticUserFilter) to context logs
2023-06-06 14:29:15,538 [Time-limited test] INFO  http.HttpServer2 (HttpServer2.java:addFilter(1015)) - Added filter static_user_filter (class=org.apache.hadoop.http.lib.StaticUserWebFilter$StaticUserFilter) to context static
2023-06-06 14:29:15,539 [Time-limited test] INFO  http.BaseHttpServer (BaseHttpServer.java:<init>(190)) - HTTP server of scm uses base directory /home/runner/work/ozone/ozone/hadoop-ozone/integration-test/target/test-dir/MiniOzoneClusterImpl-446b9376-286d-4f49-81c3-2a666e658b7e/ozone-meta/webserver
2023-06-06 14:29:15,539 [Time-limited test] INFO  http.HttpServer2 (HttpServer2.java:bindListener(1250)) - Jetty bound to port 15177
2023-06-06 14:29:15,539 [Time-limited test] INFO  server.Server (Server.java:doStart(375)) - jetty-9.4.51.v20230217; built: 2023-02-17T08:19:37.309Z; git: b45c405e4544384de066f814ed42ae3dceacdd49; jvm 1.8.0_372-b07
2023-06-06 14:29:15,542 [Time-limited test] INFO  server.session (DefaultSessionIdManager.java:doStart(334)) - DefaultSessionIdManager workerName=node0
2023-06-06 14:29:15,543 [Time-limited test] INFO  server.session (DefaultSessionIdManager.java:doStart(339)) - No SessionScavenger set, using defaults
2023-06-06 14:29:15,543 [Time-limited test] INFO  server.session (HouseKeeper.java:startScavenging(132)) - node0 Scavenging every 600000ms
2023-06-06 14:29:15,543 [Time-limited test] INFO  handler.ContextHandler (ContextHandler.java:doStart(921)) - Started o.e.j.s.ServletContextHandler@43857d33{logs,/logs,file:///home/runner/work/ozone/ozone/hadoop-ozone/integration-test/target/log,AVAILABLE}
2023-06-06 14:29:15,544 [Time-limited test] INFO  handler.ContextHandler (ContextHandler.java:doStart(921)) - Started o.e.j.s.ServletContextHandler@5b892f8f{static,/static,file:///home/runner/work/ozone/ozone/hadoop-ozone/integration-test/target/test-classes/webapps/static,AVAILABLE}
2023-06-06 14:29:15,546 [Time-limited test] INFO  handler.ContextHandler (ContextHandler.java:doStart(921)) - Started o.e.j.w.WebAppContext@58b62b12{scm,/,file:///home/runner/work/ozone/ozone/hadoop-ozone/integration-test/target/test-classes/webapps/scm/,AVAILABLE}{file:/home/runner/work/ozone/ozone/hadoop-ozone/integration-test/target/test-classes/webapps/scm}
2023-06-06 14:29:15,547 [Time-limited test] INFO  server.AbstractConnector (AbstractConnector.java:doStart(333)) - Started ServerConnector@11f1ea21{HTTP/1.1, (http/1.1)}{0.0.0.0:15177}
2023-06-06 14:29:15,547 [Time-limited test] INFO  server.Server (Server.java:doStart(415)) - Started @164669ms
2023-06-06 14:29:15,547 [Time-limited test] WARN  impl.MetricsSystemImpl (MetricsSystemImpl.java:register(279)) - Sink prometheus already exists!
2023-06-06 14:29:15,548 [Time-limited test] INFO  http.BaseHttpServer (BaseHttpServer.java:updateConnectorAddress(344)) - HTTP server of scm listening at http://0.0.0.0:15177
2023-06-06 14:29:15,548 [Time-limited test] WARN  server.ServerUtils (ServerUtils.java:getDBPath(311)) - ozone.om.db.dirs is not configured. We recommend adding this setting. Falling back to ozone.metadata.dirs instead.
2023-06-06 14:29:15,549 [Time-limited test] INFO  ha.OMHANodeDetails (OMHANodeDetails.java:loadOMHAConfig(115)) - ozone.om.internal.service.id is not defined, falling back to ozone.om.service.ids to find serviceID for OzoneManager if it is HA enabled cluster
2023-06-06 14:29:15,549 [Time-limited test] INFO  ha.OMHANodeDetails (OMHANodeDetails.java:loadOMHAConfig(226)) - Configuration does not have ozone.om.address set. Falling back to the default OM address /127.0.0.1:15178
2023-06-06 14:29:15,549 [Time-limited test] INFO  ha.OMHANodeDetails (OMHANodeDetails.java:getOMNodeDetailsForNonHA(254)) - OM Service ID is not set. Setting it to the default ID: omServiceIdDefault
2023-06-06 14:29:15,549 [Time-limited test] INFO  ha.OMHANodeDetails (OMHANodeDetails.java:getOMNodeDetailsForNonHA(261)) - OM Node ID is not set. Setting it to the default ID: om1
2023-06-06 14:29:15,550 [Time-limited test] WARN  server.ServerUtils (ServerUtils.java:getDBPath(311)) - ozone.om.db.dirs is not configured. We recommend adding this setting. Falling back to ozone.metadata.dirs instead.
2023-06-06 14:29:15,550 [Time-limited test] INFO  upgrade.AbstractLayoutVersionManager (AbstractLayoutVersionManager.java:init(83)) - Initializing Layout version manager with metadata layout = FILESYSTEM_SNAPSHOT (version = 5), software layout = FILESYSTEM_SNAPSHOT (version = 5)
2023-06-06 14:29:15,634 [Time-limited test] INFO  reflections.Reflections (Reflections.java:scan(232)) - Reflections took 83 ms to scan 2 urls, producing 178 keys and 491 values [using 2 cores]
2023-06-06 14:29:15,635 [Time-limited test] INFO  upgrade.OMLayoutVersionManager (OMLayoutVersionManager.java:lambda$0(115)) - Skipping Upgrade Action MockOmUpgradeAction since it has been finalized.
2023-06-06 14:29:15,635 [Time-limited test] WARN  server.ServerUtils (ServerUtils.java:getDBPath(311)) - ozone.om.db.dirs is not configured. We recommend adding this setting. Falling back to ozone.metadata.dirs instead.
2023-06-06 14:29:15,636 [Time-limited test] INFO  proxy.SCMBlockLocationFailoverProxyProvider (SCMBlockLocationFailoverProxyProvider.java:<init>(114)) - Created block location fail-over proxy with 1 nodes: [nodeId=scmNodeId,nodeAddress=/0.0.0.0:15175]
2023-06-06 14:29:15,637 [Time-limited test] INFO  proxy.SCMBlockLocationFailoverProxyProvider (SCMBlockLocationFailoverProxyProvider.java:<init>(114)) - Created block location fail-over proxy with 1 nodes: [nodeId=scmNodeId,nodeAddress=/0.0.0.0:15175]
2023-06-06 14:29:15,644 [Time-limited test] INFO  om.OzoneManager (OzoneManager.java:<init>(642)) - OM start with adminUsers: [adminUser1, adminUser2, runner]
2023-06-06 14:29:15,644 [Time-limited test] WARN  server.ServerUtils (ServerUtils.java:getDBPath(311)) - ozone.om.db.dirs is not configured. We recommend adding this setting. Falling back to ozone.metadata.dirs instead.
2023-06-06 14:29:15,645 [Time-limited test] INFO  helpers.OmKeyInfo (OmKeyInfo.java:getCodec(71)) - OmKeyInfo.getCodec ignorePipeline = true
2023-06-06 14:29:15,817 [Time-limited test] INFO  om.OzoneManager (OzoneManager.java:instantiateServices(771)) - S3 Multi-Tenancy is disabled
2023-06-06 14:29:15,817 [Time-limited test] INFO  om.OmSnapshotManager (OmSnapshotManager.java:<init>(170)) - Ozone filesystem snapshot feature is enabled.
2023-06-06 14:29:15,817 [Time-limited test] WARN  server.ServerUtils (ServerUtils.java:getDBPath(311)) - ozone.om.snapshot.diff.db.dir is not configured. We recommend adding this setting. Falling back to ozone.metadata.dirs instead.
2023-06-06 14:29:15,839 [Time-limited test] INFO  utils.NativeLibraryLoader (NativeLibraryLoader.java:loadLibrary(103)) - Loading Library: ozone_rocksdb_tools
2023-06-06 14:29:15,841 [Time-limited test] INFO  om.OzoneManager (OzoneManager.java:addS3GVolumeToDB(4254)) - Created Volume s3v With Owner runner required for S3Gateway operations.
2023-06-06 14:29:15,841 [Time-limited test] WARN  server.ServerUtils (ServerUtils.java:getDefaultRatisDirectory(323)) - Storage directory for Ratis is not configured. It is a good idea to map this to an SSD disk. Falling back to ozone.metadata.dirs
2023-06-06 14:29:15,841 [Time-limited test] WARN  utils.OzoneManagerRatisUtils (OzoneManagerRatisUtils.java:getOMRatisSnapshotDirectory(461)) - ozone.om.ratis.snapshot.dir is not configured. Falling back to ozone.metadata.dirs config
2023-06-06 14:29:15,842 [Time-limited test] WARN  server.ServerUtils (ServerUtils.java:getDefaultRatisDirectory(323)) - Storage directory for Ratis is not configured. It is a good idea to map this to an SSD disk. Falling back to ozone.metadata.dirs
2023-06-06 14:29:15,842 [Time-limited test] INFO  ratis.OzoneManagerRatisServer (OzoneManagerRatisServer.java:<init>(163)) - Instantiating OM Ratis server with groupID: omServiceIdDefault and peers: localhost:15181
2023-06-06 14:29:15,843 [Time-limited test] INFO  ratis.OzoneManagerStateMachine (OzoneManagerStateMachine.java:loadSnapshotInfoFromDB(670)) - LastAppliedIndex is set from TransactionInfo from OM DB as (t:0, i:~)
2023-06-06 14:29:15,843 [Time-limited test] INFO  server.RaftServer (ConfUtils.java:logGet(46)) - raft.rpc.type = GRPC (default)
2023-06-06 14:29:15,843 [Time-limited test] INFO  grpc.GrpcConfigKeys (ConfUtils.java:logFallback(53)) - raft.grpc.admin.host = null (fallback to raft.grpc.server.host)
2023-06-06 14:29:15,843 [Time-limited test] INFO  grpc.GrpcConfigKeys (ConfUtils.java:logFallback(53)) - raft.grpc.admin.port = 15181 (fallback to raft.grpc.server.port)
2023-06-06 14:29:15,843 [Time-limited test] INFO  grpc.GrpcConfigKeys (ConfUtils.java:logFallback(53)) - raft.grpc.client.host = null (fallback to raft.grpc.server.host)
2023-06-06 14:29:15,843 [Time-limited test] INFO  grpc.GrpcConfigKeys (ConfUtils.java:logFallback(53)) - raft.grpc.client.port = 15181 (fallback to raft.grpc.server.port)
2023-06-06 14:29:15,843 [Time-limited test] INFO  grpc.GrpcConfigKeys (ConfUtils.java:logGet(46)) - raft.grpc.server.host = null (default)
2023-06-06 14:29:15,843 [Time-limited test] INFO  grpc.GrpcConfigKeys (ConfUtils.java:logGet(46)) - raft.grpc.server.port = 15181 (custom)
2023-06-06 14:29:15,843 [Time-limited test] INFO  server.GrpcService (ConfUtils.java:logGet(46)) - raft.grpc.message.size.max = 33554432 (custom)
2023-06-06 14:29:15,843 [Time-limited test] INFO  server.RaftServerConfigKeys (ConfUtils.java:logGet(46)) - raft.server.log.appender.buffer.byte-limit = 33554432 (custom)
2023-06-06 14:29:15,844 [Time-limited test] INFO  server.GrpcService (ConfUtils.java:logGet(46)) - raft.grpc.flow.control.window = 1MB (=1048576) (default)
2023-06-06 14:29:15,844 [Time-limited test] INFO  server.RaftServerConfigKeys (ConfUtils.java:logGet(46)) - raft.server.rpc.request.timeout = 3000ms (default)
2023-06-06 14:29:15,844 [Time-limited test] INFO  grpc.GrpcConfigKeys (ConfUtils.java:logGet(46)) - raft.grpc.server.heartbeat.channel = true (default)
2023-06-06 14:29:15,844 [Time-limited test] INFO  grpc.GrpcConfigKeys (ConfUtils.java:logGet(46)) - raft.grpc.server.async.request.thread.pool.cached = true (default)
2023-06-06 14:29:15,844 [Time-limited test] INFO  grpc.GrpcConfigKeys (ConfUtils.java:logGet(46)) - raft.grpc.server.async.request.thread.pool.size = 32 (default)
2023-06-06 14:29:15,845 [Time-limited test] INFO  impl.DataStreamServerImpl (ConfUtils.java:logGet(46)) - raft.datastream.type = DISABLED (default)
2023-06-06 14:29:15,845 [Time-limited test] INFO  server.RaftServerConfigKeys (ConfUtils.java:logGet(46)) - raft.server.threadpool.proxy.cached = true (default)
2023-06-06 14:29:15,845 [Time-limited test] INFO  server.RaftServerConfigKeys (ConfUtils.java:logGet(46)) - raft.server.threadpool.proxy.size = 0 (default)
2023-06-06 14:29:15,845 [Time-limited test] INFO  server.RaftServerConfigKeys (ConfUtils.java:logGet(46)) - raft.server.rpc.slowness.timeout = 120s (custom)
2023-06-06 14:29:15,845 [Time-limited test] INFO  server.RaftServerConfigKeys (ConfUtils.java:logGet(46)) - raft.server.leaderelection.leader.step-down.wait-time = 10s (default)
2023-06-06 14:29:15,845 [Time-limited test] INFO  server.RaftServerConfigKeys (ConfUtils.java:logGet(46)) - raft.server.storage.dir = [/home/runner/work/ozone/ozone/hadoop-ozone/integration-test/target/test-dir/MiniOzoneClusterImpl-446b9376-286d-4f49-81c3-2a666e658b7e/ozone-meta/ratis] (custom)
2023-06-06 14:29:15,846 [Time-limited test] INFO  server.RaftServer (RaftServerProxy.java:addNew(98)) - om1: addNew group-C5BA1605619E:[om1|rpc:localhost:15181|priority:0|startupRole:FOLLOWER] returns group-C5BA1605619E:java.util.concurrent.CompletableFuture@39ca04f8[Not completed]
2023-06-06 14:29:15,846 [Time-limited test] INFO  om.OzoneManager (OzoneManager.java:initializeRatisServer(2112)) - OzoneManager Ratis server initialized at port 15181
2023-06-06 14:29:15,846 [om1-groupManagement] INFO  server.RaftServer$Division (RaftServerImpl.java:<init>(198)) - om1: new RaftServerImpl for group-C5BA1605619E:[om1|rpc:localhost:15181|priority:0|startupRole:FOLLOWER] with OzoneManagerStateMachine:uninitialized
2023-06-06 14:29:15,846 [Time-limited test] INFO  om.OzoneManager (OzoneManager.java:getRpcServer(1171)) - Creating RPC Server
2023-06-06 14:29:15,846 [om1-groupManagement] INFO  server.RaftServerConfigKeys (ConfUtils.java:logGet(46)) - raft.server.rpc.timeout.min = 1s (custom)
2023-06-06 14:29:15,846 [om1-groupManagement] INFO  server.RaftServerConfigKeys (ConfUtils.java:logGet(46)) - raft.server.rpc.timeout.max = 1200ms (custom)
2023-06-06 14:29:15,846 [om1-groupManagement] INFO  server.RaftServerConfigKeys (ConfUtils.java:logGet(46)) - raft.server.rpc.sleep.time = 25ms (default)
2023-06-06 14:29:15,850 [om1-groupManagement] INFO  server.RaftServerConfigKeys (ConfUtils.java:logGet(46)) - raft.server.rpc.slowness.timeout = 120s (custom)
2023-06-06 14:29:15,850 [om1-groupManagement] INFO  server.RaftServerConfigKeys (ConfUtils.java:logGet(46)) - raft.server.leaderelection.leader.step-down.wait-time = 10s (default)
2023-06-06 14:29:15,850 [om1-groupManagement] INFO  server.RaftServerConfigKeys (ConfUtils.java:logGet(46)) - raft.server.sleep.deviation.threshold = 300ms (default)
2023-06-06 14:29:15,851 [om1-groupManagement] INFO  server.RaftServer$Division (ServerState.java:<init>(120)) - om1@group-C5BA1605619E: ConfigurationManager, init=-1: peers:[om1|rpc:localhost:15181|priority:0|startupRole:FOLLOWER]|listeners:[], old=null, confs=<EMPTY_MAP>
2023-06-06 14:29:15,851 [om1-groupManagement] INFO  server.RaftServerConfigKeys (ConfUtils.java:logGet(46)) - raft.server.storage.dir = [/home/runner/work/ozone/ozone/hadoop-ozone/integration-test/target/test-dir/MiniOzoneClusterImpl-446b9376-286d-4f49-81c3-2a666e658b7e/ozone-meta/ratis] (custom)
2023-06-06 14:29:15,851 [om1-groupManagement] INFO  server.RaftServerConfigKeys (ConfUtils.java:logGet(46)) - raft.server.log.corruption.policy = EXCEPTION (default)
2023-06-06 14:29:15,851 [om1-groupManagement] INFO  server.RaftServerConfigKeys (ConfUtils.java:logGet(46)) - raft.server.storage.free-space.min = 0MB (=0) (default)
2023-06-06 14:29:15,851 [om1-groupManagement] INFO  server.RaftServerConfigKeys (ConfUtils.java:logGet(46)) - raft.server.notification.no-leader.timeout = 120s (custom)
2023-06-06 14:29:15,851 [om1-groupManagement] INFO  server.RaftServerConfigKeys (ConfUtils.java:logGet(46)) - raft.server.read.timeout = 10s (default)
2023-06-06 14:29:15,851 [om1-groupManagement] INFO  server.RaftServerConfigKeys (ConfUtils.java:logGet(46)) - raft.server.retrycache.expirytime = 300s (custom)
2023-06-06 14:29:15,851 [om1-groupManagement] INFO  server.RaftServerConfigKeys (ConfUtils.java:logGet(46)) - raft.server.retrycache.statistics.expirytime = 100μs (default)
2023-06-06 14:29:15,851 [om1-groupManagement] INFO  server.RaftServerConfigKeys (ConfUtils.java:logGet(46)) - raft.server.read.option = DEFAULT (default)
2023-06-06 14:29:15,851 [om1-groupManagement] INFO  server.RaftServerConfigKeys (ConfUtils.java:logGet(46)) - raft.server.rpc.request.timeout = 3000ms (default)
2023-06-06 14:29:15,851 [om1-groupManagement] INFO  server.RaftServerConfigKeys (ConfUtils.java:logGet(46)) - raft.server.log.appender.install.snapshot.enabled = false (custom)
2023-06-06 14:29:15,852 [om1-groupManagement] INFO  server.RaftServerConfigKeys (ConfUtils.java:logGet(46)) - raft.server.threadpool.server.cached = true (default)
2023-06-06 14:29:15,852 [om1-groupManagement] INFO  server.RaftServerConfigKeys (ConfUtils.java:logGet(46)) - raft.server.threadpool.server.size = 0 (default)
2023-06-06 14:29:15,852 [om1-groupManagement] INFO  server.RaftServerConfigKeys (ConfUtils.java:logGet(46)) - raft.server.threadpool.client.cached = true (default)
2023-06-06 14:29:15,852 [om1-groupManagement] INFO  server.RaftServerConfigKeys (ConfUtils.java:logGet(46)) - raft.server.threadpool.client.size = 0 (default)
2023-06-06 14:29:16,238 [Time-limited test] INFO  reflections.Reflections (Reflections.java:scan(232)) - Reflections took 390 ms to scan 19 urls, producing 69 keys and 5288 values [using 2 cores]
2023-06-06 14:29:16,239 [Time-limited test] INFO  ipc.CallQueueManager (CallQueueManager.java:<init>(90)) - Using callQueue: class java.util.concurrent.LinkedBlockingQueue, queueCapacity: 2000, scheduler: class org.apache.hadoop.ipc.DefaultRpcScheduler, ipcBackoff: false.
2023-06-06 14:29:16,240 [Socket Reader #1 for port 15178] INFO  ipc.Server (Server.java:run(1319)) - Starting Socket Reader #1 for port 15178
2023-06-06 14:29:16,241 [Listener at 127.0.0.1/15178] INFO  hdds.HddsUtils (HddsUtils.java:preserveThreadName(843)) - Restoring thread name: Time-limited test
2023-06-06 14:29:16,258 [Time-limited test] INFO  impl.MetricsSystemImpl (MetricsSystemImpl.java:init(158)) - OzoneManager metrics system started (again)
2023-06-06 14:29:16,269 [Time-limited test] INFO  om.OzoneManager (OzoneManager.java:start(1593)) - OzoneManager RPC server is listening at localhost/127.0.0.1:15178
2023-06-06 14:29:16,270 [Time-limited test] INFO  ratis.OzoneManagerRatisServer (OzoneManagerRatisServer.java:start(558)) - Starting OzoneManagerRatisServer om1 at port 15181
2023-06-06 14:29:16,270 [om1-impl-thread1] INFO  storage.RaftStorageDirectory (RaftStorageDirectoryImpl.java:analyzeStorage(137)) - The storage directory /home/runner/work/ozone/ozone/hadoop-ozone/integration-test/target/test-dir/MiniOzoneClusterImpl-446b9376-286d-4f49-81c3-2a666e658b7e/ozone-meta/ratis/bf265839-605b-3f16-9796-c5ba1605619e does not exist. Creating ...
2023-06-06 14:29:16,271 [om1-impl-thread1] INFO  storage.RaftStorageDirectory (RaftStorageDirectoryImpl.java:tryLock(231)) - Lock on /home/runner/work/ozone/ozone/hadoop-ozone/integration-test/target/test-dir/MiniOzoneClusterImpl-446b9376-286d-4f49-81c3-2a666e658b7e/ozone-meta/ratis/bf265839-605b-3f16-9796-c5ba1605619e/in_use.lock acquired by nodename 75814@fv-az1133-973
2023-06-06 14:29:16,272 [om1-impl-thread1] INFO  storage.RaftStorage (RaftStorageImpl.java:format(96)) - Storage directory /home/runner/work/ozone/ozone/hadoop-ozone/integration-test/target/test-dir/MiniOzoneClusterImpl-446b9376-286d-4f49-81c3-2a666e658b7e/ozone-meta/ratis/bf265839-605b-3f16-9796-c5ba1605619e has been successfully formatted.
2023-06-06 14:29:16,272 [om1-impl-thread1] INFO  server.RaftServerConfigKeys (ConfUtils.java:logGet(46)) - raft.server.log.use.memory = false (default)
2023-06-06 14:29:16,272 [om1-impl-thread1] INFO  server.RaftServerConfigKeys (ConfUtils.java:logGet(46)) - raft.server.log.purge.gap = 1000000 (custom)
2023-06-06 14:29:16,272 [om1-impl-thread1] INFO  server.RaftServerConfigKeys (ConfUtils.java:logGet(46)) - raft.server.log.appender.buffer.byte-limit = 33554432 (custom)
2023-06-06 14:29:16,272 [om1-impl-thread1] INFO  server.RaftServerConfigKeys (ConfUtils.java:logGet(46)) - raft.server.log.statemachine.data.read.timeout = 1000ms (default)
2023-06-06 14:29:16,272 [om1-impl-thread1] INFO  server.RaftServerConfigKeys (ConfUtils.java:logGet(46)) - raft.server.log.purge.preservation.log.num = 0 (default)
2023-06-06 14:29:16,272 [om1-impl-thread1] INFO  server.RaftServerConfigKeys (ConfUtils.java:logGet(46)) - raft.server.log.segment.size.max = 4194304 (custom)
2023-06-06 14:29:16,273 [om1-impl-thread1] INFO  server.RaftServerConfigKeys (ConfUtils.java:logGet(46)) - raft.server.log.segment.cache.num.max = 2 (custom)
2023-06-06 14:29:16,273 [om1-impl-thread1] INFO  server.RaftServerConfigKeys (ConfUtils.java:logGet(46)) - raft.server.log.segment.cache.size.max = 200MB (=209715200) (default)
2023-06-06 14:29:16,273 [om1-impl-thread1] INFO  server.RaftServerConfigKeys (ConfUtils.java:logGet(46)) - raft.server.log.appender.buffer.byte-limit = 33554432 (custom)
2023-06-06 14:29:16,273 [om1-impl-thread1] INFO  segmented.SegmentedRaftLogWorker (SegmentedRaftLogWorker.java:<init>(188)) - new om1@group-C5BA1605619E-SegmentedRaftLogWorker for RaftStorageImpl:Storage Directory /home/runner/work/ozone/ozone/hadoop-ozone/integration-test/target/test-dir/MiniOzoneClusterImpl-446b9376-286d-4f49-81c3-2a666e658b7e/ozone-meta/ratis/bf265839-605b-3f16-9796-c5ba1605619e
2023-06-06 14:29:16,273 [om1-impl-thread1] INFO  server.RaftServerConfigKeys (ConfUtils.java:logGet(46)) - raft.server.log.queue.byte-limit = 64MB (=67108864) (default)
2023-06-06 14:29:16,273 [om1-impl-thread1] INFO  server.RaftServerConfigKeys (ConfUtils.java:logGet(46)) - raft.server.log.queue.element-limit = 4096 (default)
2023-06-06 14:29:16,273 [om1-impl-thread1] INFO  server.RaftServerConfigKeys (ConfUtils.java:logGet(46)) - raft.server.log.segment.size.max = 4194304 (custom)
2023-06-06 14:29:16,273 [om1-impl-thread1] INFO  server.RaftServerConfigKeys (ConfUtils.java:logGet(46)) - raft.server.log.preallocated.size = 4194304 (custom)
2023-06-06 14:29:16,273 [om1-impl-thread1] INFO  server.RaftServerConfigKeys (ConfUtils.java:logGet(46)) - raft.server.log.force.sync.num = 128 (default)
2023-06-06 14:29:16,273 [om1-impl-thread1] INFO  server.RaftServerConfigKeys (ConfUtils.java:logGet(46)) - raft.server.log.statemachine.data.sync = true (default)
2023-06-06 14:29:16,273 [om1-impl-thread1] INFO  server.RaftServerConfigKeys (ConfUtils.java:logGet(46)) - raft.server.log.statemachine.data.sync.timeout = 10s (default)
2023-06-06 14:29:16,273 [om1-impl-thread1] INFO  server.RaftServerConfigKeys (ConfUtils.java:logGet(46)) - raft.server.log.statemachine.data.sync.timeout.retry = -1 (default)
2023-06-06 14:29:16,273 [om1-impl-thread1] INFO  server.RaftServerConfigKeys (ConfUtils.java:logGet(46)) - raft.server.log.write.buffer.size = 64KB (=65536) (default)
2023-06-06 14:29:16,273 [om1-impl-thread1] INFO  server.RaftServerConfigKeys (ConfUtils.java:logGet(46)) - raft.server.log.appender.buffer.byte-limit = 33554432 (custom)
2023-06-06 14:29:16,278 [om1-impl-thread1] INFO  server.RaftServerConfigKeys (ConfUtils.java:logGet(46)) - raft.server.log.unsafe-flush.enabled = false (default)
2023-06-06 14:29:16,278 [om1-impl-thread1] INFO  server.RaftServerConfigKeys (ConfUtils.java:logGet(46)) - raft.server.log.async-flush.enabled = false (default)
2023-06-06 14:29:16,278 [om1-impl-thread1] INFO  server.RaftServerConfigKeys (ConfUtils.java:logGet(46)) - raft.server.log.statemachine.data.caching.enabled = false (default)
2023-06-06 14:29:16,278 [om1-impl-thread1] INFO  segmented.SegmentedRaftLogWorker (SegmentedRaftLogWorker.java:lambda$new$0(135)) - om1@group-C5BA1605619E-SegmentedRaftLogWorker: flushIndex: setUnconditionally 0 -> -1
2023-06-06 14:29:16,278 [om1-impl-thread1] INFO  segmented.SegmentedRaftLogWorker (SegmentedRaftLogWorker.java:lambda$new$0(135)) - om1@group-C5BA1605619E-SegmentedRaftLogWorker: safeCacheEvictIndex: setUnconditionally 0 -> -1
2023-06-06 14:29:16,279 [om1-impl-thread1] INFO  server.RaftServer$Division (RaftServerImpl.java:start(342)) - om1@group-C5BA1605619E: start as a follower, conf=-1: peers:[om1|rpc:localhost:15181|priority:0|startupRole:FOLLOWER]|listeners:[], old=null
2023-06-06 14:29:16,279 [om1-impl-thread1] INFO  server.RaftServer$Division (RaftServerImpl.java:setRole(329)) - om1@group-C5BA1605619E: changes role from      null to FOLLOWER at term 0 for startAsFollower
2023-06-06 14:29:16,279 [om1-impl-thread1] INFO  impl.RoleInfo (RoleInfo.java:updateAndGet(139)) - om1: start om1@group-C5BA1605619E-FollowerState
2023-06-06 14:29:16,279 [om1-impl-thread1] INFO  util.JmxRegister (JmxRegister.java:tryRegister(44)) - Successfully registered JMX Bean with object name Ratis:service=RaftServer,group=group-C5BA1605619E,id=om1
2023-06-06 14:29:16,279 [om1@group-C5BA1605619E-FollowerState] INFO  server.RaftServerConfigKeys (ConfUtils.java:logFallback(53)) - raft.server.rpc.first-election.timeout.min = 1s (fallback to raft.server.rpc.timeout.min)
2023-06-06 14:29:16,279 [om1-impl-thread1] INFO  server.RaftServerConfigKeys (ConfUtils.java:logGet(46)) - raft.server.snapshot.auto.trigger.enabled = true (custom)
2023-06-06 14:29:16,279 [om1@group-C5BA1605619E-FollowerState] INFO  server.RaftServerConfigKeys (ConfUtils.java:logFallback(53)) - raft.server.rpc.first-election.timeout.max = 1200ms (fallback to raft.server.rpc.timeout.max)
2023-06-06 14:29:16,279 [om1-impl-thread1] INFO  server.RaftServerConfigKeys (ConfUtils.java:logGet(46)) - raft.server.snapshot.auto.trigger.threshold = 400000 (default)
2023-06-06 14:29:16,279 [om1-impl-thread1] INFO  server.RaftServerConfigKeys (ConfUtils.java:logGet(46)) - raft.server.snapshot.retention.file.num = -1 (default)
2023-06-06 14:29:16,279 [om1-impl-thread1] INFO  server.RaftServerConfigKeys (ConfUtils.java:logGet(46)) - raft.server.log.purge.upto.snapshot.index = true (custom)
2023-06-06 14:29:16,280 [Time-limited test] INFO  server.RaftServer (RaftServerProxy.java:startImpl(400)) - om1: start RPC server
2023-06-06 14:29:16,283 [Time-limited test] INFO  server.GrpcService (GrpcService.java:startImpl(302)) - om1: GrpcService started, listening on 15181
2023-06-06 14:29:16,283 [Time-limited test] INFO  om.OzoneManager (OzoneManager.java:start(1609)) - Version File has different layout version (5) than OM DB (null). That is expected if this OM has never been finalized to a newer layout version.
2023-06-06 14:29:16,284 [JvmPauseMonitor28] INFO  util.JvmPauseMonitor (JvmPauseMonitor.java:run(103)) - JvmPauseMonitor-om1: Started
2023-06-06 14:29:16,287 [Time-limited test] INFO  http.BaseHttpServer (BaseHttpServer.java:newHttpServer2BuilderForOzone(224)) - Starting Web-server for ozoneManager at: http://0.0.0.0:15179
2023-06-06 14:29:16,287 [Time-limited test] INFO  http.BaseHttpServer (BaseHttpServer.java:<init>(111)) - Hadoop Security Enabled: false Ozone Security Enabled: false Ozone HTTP Security Enabled: false 
2023-06-06 14:29:16,288 [Time-limited test] WARN  server.AuthenticationFilter (AuthenticationFilter.java:constructSecretProvider(240)) - Unable to initialize FileSignerSecretProvider, falling back to use random secrets. Reason: Could not read signature secret file: /home/runner/hadoop-http-auth-signature-secret
2023-06-06 14:29:16,289 [Time-limited test] INFO  http.HttpRequestLog (HttpRequestLog.java:getRequestLog(86)) - Http request log for http.requests.ozoneManager is not defined
2023-06-06 14:29:16,290 [Time-limited test] INFO  http.HttpServer2 (HttpServer2.java:addGlobalFilter(1031)) - Added global filter 'safety' (class=org.apache.hadoop.hdds.server.http.HttpServer2$QuotingInputFilter)
2023-06-06 14:29:16,290 [Time-limited test] INFO  http.HttpServer2 (HttpServer2.java:addFilter(1007)) - Added filter static_user_filter (class=org.apache.hadoop.http.lib.StaticUserWebFilter$StaticUserFilter) to context ozoneManager
2023-06-06 14:29:16,290 [Time-limited test] INFO  http.HttpServer2 (HttpServer2.java:addFilter(1015)) - Added filter static_user_filter (class=org.apache.hadoop.http.lib.StaticUserWebFilter$StaticUserFilter) to context logs
2023-06-06 14:29:16,290 [Time-limited test] INFO  http.HttpServer2 (HttpServer2.java:addFilter(1015)) - Added filter static_user_filter (class=org.apache.hadoop.http.lib.StaticUserWebFilter$StaticUserFilter) to context static
2023-06-06 14:29:16,294 [Time-limited test] INFO  http.BaseHttpServer (BaseHttpServer.java:<init>(190)) - HTTP server of ozoneManager uses base directory /home/runner/work/ozone/ozone/hadoop-ozone/integration-test/target/test-dir/MiniOzoneClusterImpl-446b9376-286d-4f49-81c3-2a666e658b7e/ozone-meta/webserver
2023-06-06 14:29:16,294 [Time-limited test] INFO  http.HttpServer2 (HttpServer2.java:bindListener(1250)) - Jetty bound to port 15179
2023-06-06 14:29:16,295 [Time-limited test] INFO  server.Server (Server.java:doStart(375)) - jetty-9.4.51.v20230217; built: 2023-02-17T08:19:37.309Z; git: b45c405e4544384de066f814ed42ae3dceacdd49; jvm 1.8.0_372-b07
2023-06-06 14:29:16,296 [Time-limited test] INFO  server.session (DefaultSessionIdManager.java:doStart(334)) - DefaultSessionIdManager workerName=node0
2023-06-06 14:29:16,296 [Time-limited test] INFO  server.session (DefaultSessionIdManager.java:doStart(339)) - No SessionScavenger set, using defaults
2023-06-06 14:29:16,296 [Time-limited test] INFO  server.session (HouseKeeper.java:startScavenging(132)) - node0 Scavenging every 660000ms
2023-06-06 14:29:16,296 [Time-limited test] INFO  handler.ContextHandler (ContextHandler.java:doStart(921)) - Started o.e.j.s.ServletContextHandler@34bbde15{logs,/logs,file:///home/runner/work/ozone/ozone/hadoop-ozone/integration-test/target/log,AVAILABLE}
2023-06-06 14:29:16,297 [Time-limited test] INFO  handler.ContextHandler (ContextHandler.java:doStart(921)) - Started o.e.j.s.ServletContextHandler@2708e4b6{static,/static,file:///home/runner/work/ozone/ozone/hadoop-ozone/integration-test/target/test-classes/webapps/static,AVAILABLE}
2023-06-06 14:29:16,299 [Time-limited test] INFO  handler.ContextHandler (ContextHandler.java:doStart(921)) - Started o.e.j.w.WebAppContext@41fea25b{ozoneManager,/,file:///home/runner/work/ozone/ozone/hadoop-ozone/integration-test/target/test-classes/webapps/ozoneManager/,AVAILABLE}{file:/home/runner/work/ozone/ozone/hadoop-ozone/integration-test/target/test-classes/webapps/ozoneManager}
2023-06-06 14:29:16,300 [Time-limited test] INFO  server.AbstractConnector (AbstractConnector.java:doStart(333)) - Started ServerConnector@30487fda{HTTP/1.1, (http/1.1)}{0.0.0.0:15179}
2023-06-06 14:29:16,300 [Time-limited test] INFO  server.Server (Server.java:doStart(415)) - Started @165422ms
2023-06-06 14:29:16,300 [Time-limited test] WARN  impl.MetricsSystemImpl (MetricsSystemImpl.java:register(279)) - Sink prometheus already exists!
2023-06-06 14:29:16,301 [Time-limited test] INFO  http.BaseHttpServer (BaseHttpServer.java:updateConnectorAddress(344)) - HTTP server of ozoneManager listening at http://0.0.0.0:15179
2023-06-06 14:29:16,301 [IPC Server Responder] INFO  ipc.Server (Server.java:run(1558)) - IPC Server Responder: starting
2023-06-06 14:29:16,302 [IPC Server listener on 15178] INFO  ipc.Server (Server.java:run(1398)) - IPC Server listener on 15178: starting
2023-06-06 14:29:16,303 [Time-limited test] INFO  om.OzoneManager (OzoneManager.java:startTrashEmptier(2065)) - Trash Interval set to 0. Files deleted won't move to trash
2023-06-06 14:29:16,315 [Time-limited test] WARN  impl.MetricRegistriesImpl (MetricRegistriesImpl.java:addReporterRegistration(111)) - New reporters are added after registries were created. Some metrics will be missing from the reporter. Please add reporter before adding any new registry.
2023-06-06 14:29:16,315 [Time-limited test] WARN  impl.MetricRegistriesImpl (MetricRegistriesImpl.java:addReporterRegistration(111)) - New reporters are added after registries were created. Some metrics will be missing from the reporter. Please add reporter before adding any new registry.
2023-06-06 14:29:16,315 [Time-limited test] INFO  impl.MetricsSystemImpl (MetricsSystemImpl.java:init(158)) - HddsDatanode metrics system started (again)
2023-06-06 14:29:16,326 [Time-limited test] INFO  ozone.HddsDatanodeService (HddsDatanodeService.java:start(261)) - HddsDatanodeService host:fv-az1133-973.qlb2sqfkji0uhjsjdnlwzcsdwg.bx.internal.cloudapp.net ip:10.1.0.37
2023-06-06 14:29:16,345 [Time-limited test] INFO  upgrade.AbstractLayoutVersionManager (AbstractLayoutVersionManager.java:init(83)) - Initializing Layout version manager with metadata layout = HADOOP_PRC_PORTS_IN_DATANODEDETAILS (version = 7), software layout = HADOOP_PRC_PORTS_IN_DATANODEDETAILS (version = 7)
2023-06-06 14:29:16,346 [Time-limited test] INFO  statemachine.DatanodeStateMachine (DatanodeStateMachine.java:getEndPointTaskThreadPoolSize(271)) - Datanode State Machine Task Thread Pool size 2
2023-06-06 14:29:16,351 [Time-limited test] INFO  volume.HddsVolume (HddsVolume.java:<init>(130)) - Creating HddsVolume: /home/runner/work/ozone/ozone/hadoop-ozone/integration-test/target/test-dir/MiniOzoneClusterImpl-446b9376-286d-4f49-81c3-2a666e658b7e/datanode-0/data-0/containers/hdds of storage type : DISK capacity : 9223372036854775807
2023-06-06 14:29:16,351 [Time-limited test] INFO  volume.MutableVolumeSet (MutableVolumeSet.java:initializeVolumeSet(175)) - Added Volume : /home/runner/work/ozone/ozone/hadoop-ozone/integration-test/target/test-dir/MiniOzoneClusterImpl-446b9376-286d-4f49-81c3-2a666e658b7e/datanode-0/data-0/containers/hdds to VolumeSet
2023-06-06 14:29:16,351 [Time-limited test] INFO  volume.ThrottledAsyncChecker (ThrottledAsyncChecker.java:schedule(141)) - Scheduling a check for /home/runner/work/ozone/ozone/hadoop-ozone/integration-test/target/test-dir/MiniOzoneClusterImpl-446b9376-286d-4f49-81c3-2a666e658b7e/datanode-0/data-0/containers/hdds
2023-06-06 14:29:16,353 [Time-limited test] INFO  volume.StorageVolumeChecker (StorageVolumeChecker.java:checkAllVolumes(202)) - Scheduled health check for volume /home/runner/work/ozone/ozone/hadoop-ozone/integration-test/target/test-dir/MiniOzoneClusterImpl-446b9376-286d-4f49-81c3-2a666e658b7e/datanode-0/data-0/containers/hdds
2023-06-06 14:29:16,363 [Time-limited test] INFO  volume.MutableVolumeSet (MutableVolumeSet.java:initializeVolumeSet(175)) - Added Volume : /home/runner/work/ozone/ozone/hadoop-ozone/integration-test/target/test-dir/MiniOzoneClusterImpl-446b9376-286d-4f49-81c3-2a666e658b7e/datanode-0/data/ratis to VolumeSet
2023-06-06 14:29:16,363 [Time-limited test] INFO  volume.ThrottledAsyncChecker (ThrottledAsyncChecker.java:schedule(141)) - Scheduling a check for /home/runner/work/ozone/ozone/hadoop-ozone/integration-test/target/test-dir/MiniOzoneClusterImpl-446b9376-286d-4f49-81c3-2a666e658b7e/datanode-0/data/ratis
2023-06-06 14:29:16,363 [Time-limited test] INFO  volume.StorageVolumeChecker (StorageVolumeChecker.java:checkAllVolumes(202)) - Scheduled health check for volume /home/runner/work/ozone/ozone/hadoop-ozone/integration-test/target/test-dir/MiniOzoneClusterImpl-446b9376-286d-4f49-81c3-2a666e658b7e/datanode-0/data/ratis
2023-06-06 14:29:16,373 [Thread-2631] INFO  ozoneimpl.ContainerReader (ContainerReader.java:readVolume(175)) - Finish verifying containers on volume /home/runner/work/ozone/ozone/hadoop-ozone/integration-test/target/test-dir/MiniOzoneClusterImpl-446b9376-286d-4f49-81c3-2a666e658b7e/datanode-0/data-0/containers/hdds
2023-06-06 14:29:16,374 [Time-limited test] INFO  ozoneimpl.OzoneContainer (OzoneContainer.java:buildContainerSet(303)) - Build ContainerSet costs 0s
2023-06-06 14:29:16,375 [Time-limited test] INFO  server.RaftServer (ConfUtils.java:logGet(46)) - raft.rpc.type = GRPC (default)
2023-06-06 14:29:16,375 [Time-limited test] INFO  grpc.GrpcConfigKeys (ConfUtils.java:logFallback(53)) - raft.grpc.admin.host = null (fallback to raft.grpc.server.host)
2023-06-06 14:29:16,375 [Time-limited test] INFO  grpc.GrpcConfigKeys (ConfUtils.java:logGet(46)) - raft.grpc.admin.port = 15187 (custom)
2023-06-06 14:29:16,375 [Time-limited test] INFO  grpc.GrpcConfigKeys (ConfUtils.java:logFallback(53)) - raft.grpc.client.host = null (fallback to raft.grpc.server.host)
2023-06-06 14:29:16,375 [Time-limited test] INFO  grpc.GrpcConfigKeys (ConfUtils.java:logGet(46)) - raft.grpc.client.port = 15186 (custom)
2023-06-06 14:29:16,376 [Time-limited test] INFO  grpc.GrpcConfigKeys (ConfUtils.java:logGet(46)) - raft.grpc.server.host = null (default)
2023-06-06 14:29:16,376 [Time-limited test] INFO  grpc.GrpcConfigKeys (ConfUtils.java:logGet(46)) - raft.grpc.server.port = 15188 (custom)
2023-06-06 14:29:16,376 [Time-limited test] INFO  server.GrpcService (ConfUtils.java:logGet(46)) - raft.grpc.message.size.max = 32MB (=33554432) (custom)
2023-06-06 14:29:16,376 [Time-limited test] INFO  server.RaftServerConfigKeys (ConfUtils.java:logGet(46)) - raft.server.log.appender.buffer.byte-limit = 33554432 (custom)
2023-06-06 14:29:16,376 [Time-limited test] INFO  server.GrpcService (ConfUtils.java:logGet(46)) - raft.grpc.flow.control.window = 5MB (=5242880) (custom)
2023-06-06 14:29:16,376 [Time-limited test] INFO  server.RaftServerConfigKeys (ConfUtils.java:logGet(46)) - raft.server.rpc.request.timeout = 60s (custom)
2023-06-06 14:29:16,376 [Time-limited test] INFO  grpc.GrpcConfigKeys (ConfUtils.java:logGet(46)) - raft.grpc.server.heartbeat.channel = true (default)
2023-06-06 14:29:16,376 [Time-limited test] INFO  grpc.GrpcConfigKeys (ConfUtils.java:logGet(46)) - raft.grpc.server.async.request.thread.pool.cached = true (default)
2023-06-06 14:29:16,376 [Time-limited test] INFO  grpc.GrpcConfigKeys (ConfUtils.java:logGet(46)) - raft.grpc.server.async.request.thread.pool.size = 32 (default)
2023-06-06 14:29:16,378 [Time-limited test] INFO  impl.DataStreamServerImpl (ConfUtils.java:logGet(46)) - raft.datastream.type = NETTY (custom)
2023-06-06 14:29:16,378 [Time-limited test] INFO  server.RaftServerConfigKeys (ConfUtils.java:logGet(46)) - raft.server.data-stream.async.request.thread.pool.cached = false (default)
2023-06-06 14:29:16,378 [Time-limited test] INFO  server.RaftServerConfigKeys (ConfUtils.java:logGet(46)) - raft.server.data-stream.async.request.thread.pool.size = 20 (custom)
2023-06-06 14:29:16,378 [Time-limited test] INFO  server.RaftServerConfigKeys (ConfUtils.java:logGet(46)) - raft.server.data-stream.async.write.thread.pool.size = 16 (default)
2023-06-06 14:29:16,378 [Time-limited test] INFO  server.RaftServerConfigKeys (ConfUtils.java:logGet(46)) - raft.server.data-stream.client.pool.size = 10 (default)
2023-06-06 14:29:16,378 [Time-limited test] INFO  netty.NettyConfigKeys$DataStream (ConfUtils.java:logGet(46)) - raft.netty.dataStream.server.use-epoll = false (default)
2023-06-06 14:29:16,378 [Time-limited test] INFO  netty.NettyConfigKeys$DataStream (ConfUtils.java:logGet(46)) - raft.netty.dataStream.server.boss-group.size = 0 (default)
2023-06-06 14:29:16,379 [Time-limited test] INFO  netty.NettyConfigKeys$DataStream (ConfUtils.java:logGet(46)) - raft.netty.dataStream.server.worker-group.size = 0 (default)
2023-06-06 14:29:16,379 [Time-limited test] INFO  netty.NettyConfigKeys$DataStream (ConfUtils.java:logGet(46)) - raft.netty.dataStream.server.tls.conf = null (default)
2023-06-06 14:29:16,379 [Time-limited test] INFO  netty.NettyConfigKeys$DataStream (ConfUtils.java:logGet(46)) - raft.netty.dataStream.host = null (default)
2023-06-06 14:29:16,379 [Time-limited test] INFO  netty.NettyConfigKeys$DataStream (ConfUtils.java:logGet(46)) - raft.netty.dataStream.port = 15189 (custom)
2023-06-06 14:29:16,380 [Time-limited test] INFO  server.RaftServerConfigKeys (ConfUtils.java:logGet(46)) - raft.server.threadpool.proxy.cached = true (default)
2023-06-06 14:29:16,380 [Time-limited test] INFO  server.RaftServerConfigKeys (ConfUtils.java:logGet(46)) - raft.server.threadpool.proxy.size = 0 (default)
2023-06-06 14:29:16,380 [Time-limited test] INFO  server.RaftServerConfigKeys (ConfUtils.java:logGet(46)) - raft.server.rpc.slowness.timeout = 300s (custom)
2023-06-06 14:29:16,380 [Time-limited test] INFO  server.RaftServerConfigKeys (ConfUtils.java:logGet(46)) - raft.server.leaderelection.leader.step-down.wait-time = 10s (default)
2023-06-06 14:29:16,380 [Time-limited test] INFO  server.RaftServerConfigKeys (ConfUtils.java:logGet(46)) - raft.server.storage.dir = [/home/runner/work/ozone/ozone/hadoop-ozone/integration-test/target/test-dir/MiniOzoneClusterImpl-446b9376-286d-4f49-81c3-2a666e658b7e/datanode-0/data/ratis] (custom)
2023-06-06 14:29:16,380 [b5c86db4-08d8-4650-853d-8ab079fb10e3-NettyServerStreamRpc-bossGroup--thread1] INFO  logging.LoggingHandler (AbstractInternalLogger.java:log(148)) - [id: 0x56842ed0] REGISTERED
2023-06-06 14:29:16,380 [b5c86db4-08d8-4650-853d-8ab079fb10e3-NettyServerStreamRpc-bossGroup--thread1] INFO  logging.LoggingHandler (AbstractInternalLogger.java:log(148)) - [id: 0x56842ed0] BIND: 0.0.0.0/0.0.0.0:15189
2023-06-06 14:29:16,382 [Time-limited test] INFO  server.XceiverServerGrpc (XceiverServerGrpc.java:<init>(132)) - GrpcServer channel type EpollServerSocketChannel
2023-06-06 14:29:16,383 [Time-limited test] INFO  replication.ReplicationSupervisor (ReplicationSupervisor.java:nodeStateUpdated(305)) - Node state updated to IN_SERVICE, scaling executor pool size to 10
2023-06-06 14:29:16,383 [b5c86db4-08d8-4650-853d-8ab079fb10e3-NettyServerStreamRpc-bossGroup--thread1] INFO  logging.LoggingHandler (AbstractInternalLogger.java:log(148)) - [id: 0x56842ed0, L:/0:0:0:0:0:0:0:0:15189] ACTIVE
2023-06-06 14:29:16,385 [Time-limited test] INFO  http.BaseHttpServer (BaseHttpServer.java:newHttpServer2BuilderForOzone(224)) - Starting Web-server for hddsDatanode at: http://0.0.0.0:15183
2023-06-06 14:29:16,385 [Time-limited test] INFO  http.BaseHttpServer (BaseHttpServer.java:<init>(111)) - Hadoop Security Enabled: false Ozone Security Enabled: false Ozone HTTP Security Enabled: false 
2023-06-06 14:29:16,386 [Time-limited test] WARN  server.AuthenticationFilter (AuthenticationFilter.java:constructSecretProvider(240)) - Unable to initialize FileSignerSecretProvider, falling back to use random secrets. Reason: Could not read signature secret file: /home/runner/hadoop-http-auth-signature-secret
2023-06-06 14:29:16,386 [Time-limited test] INFO  http.HttpRequestLog (HttpRequestLog.java:getRequestLog(86)) - Http request log for http.requests.hddsDatanode is not defined
2023-06-06 14:29:16,387 [Time-limited test] INFO  http.HttpServer2 (HttpServer2.java:addGlobalFilter(1031)) - Added global filter 'safety' (class=org.apache.hadoop.hdds.server.http.HttpServer2$QuotingInputFilter)
2023-06-06 14:29:16,387 [Time-limited test] INFO  http.HttpServer2 (HttpServer2.java:addFilter(1007)) - Added filter static_user_filter (class=org.apache.hadoop.http.lib.StaticUserWebFilter$StaticUserFilter) to context hddsDatanode
2023-06-06 14:29:16,387 [Time-limited test] INFO  http.HttpServer2 (HttpServer2.java:addFilter(1015)) - Added filter static_user_filter (class=org.apache.hadoop.http.lib.StaticUserWebFilter$StaticUserFilter) to context logs
2023-06-06 14:29:16,387 [Time-limited test] INFO  http.HttpServer2 (HttpServer2.java:addFilter(1015)) - Added filter static_user_filter (class=org.apache.hadoop.http.lib.StaticUserWebFilter$StaticUserFilter) to context static
2023-06-06 14:29:16,388 [Time-limited test] INFO  http.BaseHttpServer (BaseHttpServer.java:<init>(190)) - HTTP server of hddsDatanode uses base directory /home/runner/work/ozone/ozone/hadoop-ozone/integration-test/target/test-dir/MiniOzoneClusterImpl-446b9376-286d-4f49-81c3-2a666e658b7e/datanode-0/meta/webserver
2023-06-06 14:29:16,388 [Time-limited test] INFO  http.HttpServer2 (HttpServer2.java:bindListener(1250)) - Jetty bound to port 15183
2023-06-06 14:29:16,388 [Time-limited test] INFO  server.Server (Server.java:doStart(375)) - jetty-9.4.51.v20230217; built: 2023-02-17T08:19:37.309Z; git: b45c405e4544384de066f814ed42ae3dceacdd49; jvm 1.8.0_372-b07
2023-06-06 14:29:16,389 [Time-limited test] INFO  server.session (DefaultSessionIdManager.java:doStart(334)) - DefaultSessionIdManager workerName=node0
2023-06-06 14:29:16,389 [Time-limited test] INFO  server.session (DefaultSessionIdManager.java:doStart(339)) - No SessionScavenger set, using defaults
2023-06-06 14:29:16,389 [Time-limited test] INFO  server.session (HouseKeeper.java:startScavenging(132)) - node0 Scavenging every 600000ms
2023-06-06 14:29:16,394 [Time-limited test] INFO  handler.ContextHandler (ContextHandler.java:doStart(921)) - Started o.e.j.s.ServletContextHandler@62814ec9{logs,/logs,file:///home/runner/work/ozone/ozone/hadoop-ozone/integration-test/target/log,AVAILABLE}
2023-06-06 14:29:16,394 [Time-limited test] INFO  handler.ContextHandler (ContextHandler.java:doStart(921)) - Started o.e.j.s.ServletContextHandler@44d3820a{static,/static,jar:file:/home/runner/.m2/repository/org/apache/ozone/hdds-container-service/1.4.0-SNAPSHOT/hdds-container-service-1.4.0-SNAPSHOT.jar!/webapps/static,AVAILABLE}
2023-06-06 14:29:16,583 [Time-limited test] INFO  handler.ContextHandler (ContextHandler.java:doStart(921)) - Started o.e.j.w.WebAppContext@79f8fdeb{hddsDatanode,/,file:///home/runner/work/ozone/ozone/hadoop-ozone/integration-test/target/test-dir/MiniOzoneClusterImpl-446b9376-286d-4f49-81c3-2a666e658b7e/datanode-0/meta/webserver/jetty-0_0_0_0-15183-hdds-container-service-1_4_0-SNAPSHOT_jar-_-any-8067482115751342859/webapp/,AVAILABLE}{jar:file:/home/runner/.m2/repository/org/apache/ozone/hdds-container-service/1.4.0-SNAPSHOT/hdds-container-service-1.4.0-SNAPSHOT.jar!/webapps/hddsDatanode}
2023-06-06 14:29:16,584 [Time-limited test] INFO  server.AbstractConnector (AbstractConnector.java:doStart(333)) - Started ServerConnector@58327dd7{HTTP/1.1, (http/1.1)}{0.0.0.0:15183}
2023-06-06 14:29:16,584 [Time-limited test] INFO  server.Server (Server.java:doStart(415)) - Started @165707ms
2023-06-06 14:29:16,584 [Time-limited test] WARN  impl.MetricsSystemImpl (MetricsSystemImpl.java:register(279)) - Sink prometheus already exists!
2023-06-06 14:29:16,585 [Time-limited test] INFO  http.BaseHttpServer (BaseHttpServer.java:updateConnectorAddress(344)) - HTTP server of hddsDatanode listening at http://0.0.0.0:15183
2023-06-06 14:29:16,586 [Time-limited test] INFO  ipc.CallQueueManager (CallQueueManager.java:<init>(90)) - Using callQueue: class java.util.concurrent.LinkedBlockingQueue, queueCapacity: 100, scheduler: class org.apache.hadoop.ipc.DefaultRpcScheduler, ipcBackoff: false.
2023-06-06 14:29:16,586 [Socket Reader #1 for port 15184] INFO  ipc.Server (Server.java:run(1319)) - Starting Socket Reader #1 for port 15184
2023-06-06 14:29:16,589 [Listener at 0.0.0.0/15184] INFO  hdds.HddsUtils (HddsUtils.java:preserveThreadName(843)) - Restoring thread name: Time-limited test
2023-06-06 14:29:16,589 [Time-limited test] INFO  ozone.HddsDatanodeService (HddsDatanodeService.java:start(331)) - Datanode start with admins: [adminUser1, adminUser2, runner]
2023-06-06 14:29:16,589 [Time-limited test] INFO  ozone.HddsDatanodeClientProtocolServer (HddsDatanodeClientProtocolServer.java:start(83)) - RPC server for Client /0.0.0.0:15184
2023-06-06 14:29:16,589 [IPC Server Responder] INFO  ipc.Server (Server.java:run(1558)) - IPC Server Responder: starting
2023-06-06 14:29:16,589 [IPC Server listener on 15184] INFO  ipc.Server (Server.java:run(1398)) - IPC Server listener on 15184: starting
2023-06-06 14:29:16,595 [Datanode State Machine Daemon Thread] INFO  statemachine.DatanodeStateMachine (DatanodeStateMachine.java:lambda$startDaemon$0(523)) - Ozone container server started.
2023-06-06 14:29:16,595 [Time-limited test] WARN  impl.MetricRegistriesImpl (MetricRegistriesImpl.java:addReporterRegistration(111)) - New reporters are added after registries were created. Some metrics will be missing from the reporter. Please add reporter before adding any new registry.
2023-06-06 14:29:16,595 [Time-limited test] WARN  impl.MetricRegistriesImpl (MetricRegistriesImpl.java:addReporterRegistration(111)) - New reporters are added after registries were created. Some metrics will be missing from the reporter. Please add reporter before adding any new registry.
2023-06-06 14:29:16,595 [Time-limited test] INFO  impl.MetricsSystemImpl (MetricsSystemImpl.java:init(158)) - HddsDatanode metrics system started (again)
2023-06-06 14:29:16,606 [Datanode State Machine Task Thread - 0] INFO  datanode.InitDatanodeState (InitDatanodeState.java:persistContainerDatanodeDetails(138)) - DatanodeDetails is persisted to /home/runner/work/ozone/ozone/hadoop-ozone/integration-test/target/test-dir/MiniOzoneClusterImpl-446b9376-286d-4f49-81c3-2a666e658b7e/datanode-0/meta/datanode.id
2023-06-06 14:29:16,608 [Time-limited test] INFO  ozone.HddsDatanodeService (HddsDatanodeService.java:start(261)) - HddsDatanodeService host:fv-az1133-973.qlb2sqfkji0uhjsjdnlwzcsdwg.bx.internal.cloudapp.net ip:10.1.0.37
2023-06-06 14:29:16,625 [Time-limited test] INFO  upgrade.AbstractLayoutVersionManager (AbstractLayoutVersionManager.java:init(83)) - Initializing Layout version manager with metadata layout = HADOOP_PRC_PORTS_IN_DATANODEDETAILS (version = 7), software layout = HADOOP_PRC_PORTS_IN_DATANODEDETAILS (version = 7)
2023-06-06 14:29:16,626 [Time-limited test] INFO  statemachine.DatanodeStateMachine (DatanodeStateMachine.java:getEndPointTaskThreadPoolSize(271)) - Datanode State Machine Task Thread Pool size 2
2023-06-06 14:29:16,627 [Time-limited test] INFO  volume.HddsVolume (HddsVolume.java:<init>(130)) - Creating HddsVolume: /home/runner/work/ozone/ozone/hadoop-ozone/integration-test/target/test-dir/MiniOzoneClusterImpl-446b9376-286d-4f49-81c3-2a666e658b7e/datanode-1/data-0/containers/hdds of storage type : DISK capacity : 9223372036854775807
2023-06-06 14:29:16,628 [Time-limited test] INFO  volume.MutableVolumeSet (MutableVolumeSet.java:initializeVolumeSet(175)) - Added Volume : /home/runner/work/ozone/ozone/hadoop-ozone/integration-test/target/test-dir/MiniOzoneClusterImpl-446b9376-286d-4f49-81c3-2a666e658b7e/datanode-1/data-0/containers/hdds to VolumeSet
2023-06-06 14:29:16,628 [Time-limited test] INFO  volume.ThrottledAsyncChecker (ThrottledAsyncChecker.java:schedule(141)) - Scheduling a check for /home/runner/work/ozone/ozone/hadoop-ozone/integration-test/target/test-dir/MiniOzoneClusterImpl-446b9376-286d-4f49-81c3-2a666e658b7e/datanode-1/data-0/containers/hdds
2023-06-06 14:29:16,630 [Time-limited test] INFO  volume.StorageVolumeChecker (StorageVolumeChecker.java:checkAllVolumes(202)) - Scheduled health check for volume /home/runner/work/ozone/ozone/hadoop-ozone/integration-test/target/test-dir/MiniOzoneClusterImpl-446b9376-286d-4f49-81c3-2a666e658b7e/datanode-1/data-0/containers/hdds
2023-06-06 14:29:16,641 [Time-limited test] INFO  volume.MutableVolumeSet (MutableVolumeSet.java:initializeVolumeSet(175)) - Added Volume : /home/runner/work/ozone/ozone/hadoop-ozone/integration-test/target/test-dir/MiniOzoneClusterImpl-446b9376-286d-4f49-81c3-2a666e658b7e/datanode-1/data/ratis to VolumeSet
2023-06-06 14:29:16,641 [Time-limited test] INFO  volume.ThrottledAsyncChecker (ThrottledAsyncChecker.java:schedule(141)) - Scheduling a check for /home/runner/work/ozone/ozone/hadoop-ozone/integration-test/target/test-dir/MiniOzoneClusterImpl-446b9376-286d-4f49-81c3-2a666e658b7e/datanode-1/data/ratis
2023-06-06 14:29:16,642 [Time-limited test] INFO  volume.StorageVolumeChecker (StorageVolumeChecker.java:checkAllVolumes(202)) - Scheduled health check for volume /home/runner/work/ozone/ozone/hadoop-ozone/integration-test/target/test-dir/MiniOzoneClusterImpl-446b9376-286d-4f49-81c3-2a666e658b7e/datanode-1/data/ratis
2023-06-06 14:29:16,652 [Thread-2648] INFO  ozoneimpl.ContainerReader (ContainerReader.java:readVolume(175)) - Finish verifying containers on volume /home/runner/work/ozone/ozone/hadoop-ozone/integration-test/target/test-dir/MiniOzoneClusterImpl-446b9376-286d-4f49-81c3-2a666e658b7e/datanode-1/data-0/containers/hdds
2023-06-06 14:29:16,652 [Time-limited test] INFO  ozoneimpl.OzoneContainer (OzoneContainer.java:buildContainerSet(303)) - Build ContainerSet costs 0s
2023-06-06 14:29:16,654 [Time-limited test] INFO  server.RaftServer (ConfUtils.java:logGet(46)) - raft.rpc.type = GRPC (default)
2023-06-06 14:29:16,654 [Time-limited test] INFO  grpc.GrpcConfigKeys (ConfUtils.java:logFallback(53)) - raft.grpc.admin.host = null (fallback to raft.grpc.server.host)
2023-06-06 14:29:16,654 [Time-limited test] INFO  grpc.GrpcConfigKeys (ConfUtils.java:logGet(46)) - raft.grpc.admin.port = 15196 (custom)
2023-06-06 14:29:16,654 [Time-limited test] INFO  grpc.GrpcConfigKeys (ConfUtils.java:logFallback(53)) - raft.grpc.client.host = null (fallback to raft.grpc.server.host)
2023-06-06 14:29:16,654 [Time-limited test] INFO  grpc.GrpcConfigKeys (ConfUtils.java:logGet(46)) - raft.grpc.client.port = 15195 (custom)
2023-06-06 14:29:16,655 [Time-limited test] INFO  grpc.GrpcConfigKeys (ConfUtils.java:logGet(46)) - raft.grpc.server.host = null (default)
2023-06-06 14:29:16,655 [Time-limited test] INFO  grpc.GrpcConfigKeys (ConfUtils.java:logGet(46)) - raft.grpc.server.port = 15197 (custom)
2023-06-06 14:29:16,655 [Time-limited test] INFO  server.GrpcService (ConfUtils.java:logGet(46)) - raft.grpc.message.size.max = 32MB (=33554432) (custom)
2023-06-06 14:29:16,655 [Time-limited test] INFO  server.RaftServerConfigKeys (ConfUtils.java:logGet(46)) - raft.server.log.appender.buffer.byte-limit = 33554432 (custom)
2023-06-06 14:29:16,655 [Time-limited test] INFO  server.GrpcService (ConfUtils.java:logGet(46)) - raft.grpc.flow.control.window = 5MB (=5242880) (custom)
2023-06-06 14:29:16,655 [Time-limited test] INFO  server.RaftServerConfigKeys (ConfUtils.java:logGet(46)) - raft.server.rpc.request.timeout = 60s (custom)
2023-06-06 14:29:16,655 [Time-limited test] INFO  grpc.GrpcConfigKeys (ConfUtils.java:logGet(46)) - raft.grpc.server.heartbeat.channel = true (default)
2023-06-06 14:29:16,655 [Time-limited test] INFO  grpc.GrpcConfigKeys (ConfUtils.java:logGet(46)) - raft.grpc.server.async.request.thread.pool.cached = true (default)
2023-06-06 14:29:16,655 [Time-limited test] INFO  grpc.GrpcConfigKeys (ConfUtils.java:logGet(46)) - raft.grpc.server.async.request.thread.pool.size = 32 (default)
2023-06-06 14:29:16,657 [Time-limited test] INFO  impl.DataStreamServerImpl (ConfUtils.java:logGet(46)) - raft.datastream.type = NETTY (custom)
2023-06-06 14:29:16,657 [Time-limited test] INFO  server.RaftServerConfigKeys (ConfUtils.java:logGet(46)) - raft.server.data-stream.async.request.thread.pool.cached = false (default)
2023-06-06 14:29:16,660 [Time-limited test] INFO  server.RaftServerConfigKeys (ConfUtils.java:logGet(46)) - raft.server.data-stream.async.request.thread.pool.size = 20 (custom)
2023-06-06 14:29:16,660 [Time-limited test] INFO  server.RaftServerConfigKeys (ConfUtils.java:logGet(46)) - raft.server.data-stream.async.write.thread.pool.size = 16 (default)
2023-06-06 14:29:16,660 [Time-limited test] INFO  server.RaftServerConfigKeys (ConfUtils.java:logGet(46)) - raft.server.data-stream.client.pool.size = 10 (default)
2023-06-06 14:29:16,660 [Time-limited test] INFO  netty.NettyConfigKeys$DataStream (ConfUtils.java:logGet(46)) - raft.netty.dataStream.server.use-epoll = false (default)
2023-06-06 14:29:16,660 [Time-limited test] INFO  netty.NettyConfigKeys$DataStream (ConfUtils.java:logGet(46)) - raft.netty.dataStream.server.boss-group.size = 0 (default)
2023-06-06 14:29:16,660 [Time-limited test] INFO  netty.NettyConfigKeys$DataStream (ConfUtils.java:logGet(46)) - raft.netty.dataStream.server.worker-group.size = 0 (default)
2023-06-06 14:29:16,662 [Time-limited test] INFO  netty.NettyConfigKeys$DataStream (ConfUtils.java:logGet(46)) - raft.netty.dataStream.server.tls.conf = null (default)
2023-06-06 14:29:16,662 [Time-limited test] INFO  netty.NettyConfigKeys$DataStream (ConfUtils.java:logGet(46)) - raft.netty.dataStream.host = null (default)
2023-06-06 14:29:16,662 [Time-limited test] INFO  netty.NettyConfigKeys$DataStream (ConfUtils.java:logGet(46)) - raft.netty.dataStream.port = 15198 (custom)
2023-06-06 14:29:16,662 [Time-limited test] INFO  server.RaftServerConfigKeys (ConfUtils.java:logGet(46)) - raft.server.threadpool.proxy.cached = true (default)
2023-06-06 14:29:16,662 [Time-limited test] INFO  server.RaftServerConfigKeys (ConfUtils.java:logGet(46)) - raft.server.threadpool.proxy.size = 0 (default)
2023-06-06 14:29:16,662 [Time-limited test] INFO  server.RaftServerConfigKeys (ConfUtils.java:logGet(46)) - raft.server.rpc.slowness.timeout = 300s (custom)
2023-06-06 14:29:16,662 [Time-limited test] INFO  server.RaftServerConfigKeys (ConfUtils.java:logGet(46)) - raft.server.leaderelection.leader.step-down.wait-time = 10s (default)
2023-06-06 14:29:16,663 [Time-limited test] INFO  server.RaftServerConfigKeys (ConfUtils.java:logGet(46)) - raft.server.storage.dir = [/home/runner/work/ozone/ozone/hadoop-ozone/integration-test/target/test-dir/MiniOzoneClusterImpl-446b9376-286d-4f49-81c3-2a666e658b7e/datanode-1/data/ratis] (custom)
2023-06-06 14:29:16,664 [4ad61454-c850-4d9b-b065-88bf5b94c1a7-NettyServerStreamRpc-bossGroup--thread1] INFO  logging.LoggingHandler (AbstractInternalLogger.java:log(148)) - [id: 0x357b1c4d] REGISTERED
2023-06-06 14:29:16,665 [4ad61454-c850-4d9b-b065-88bf5b94c1a7-NettyServerStreamRpc-bossGroup--thread1] INFO  logging.LoggingHandler (AbstractInternalLogger.java:log(148)) - [id: 0x357b1c4d] BIND: 0.0.0.0/0.0.0.0:15198
2023-06-06 14:29:16,665 [4ad61454-c850-4d9b-b065-88bf5b94c1a7-NettyServerStreamRpc-bossGroup--thread1] INFO  logging.LoggingHandler (AbstractInternalLogger.java:log(148)) - [id: 0x357b1c4d, L:/0:0:0:0:0:0:0:0:15198] ACTIVE
2023-06-06 14:29:16,666 [Time-limited test] INFO  server.XceiverServerGrpc (XceiverServerGrpc.java:<init>(132)) - GrpcServer channel type EpollServerSocketChannel
2023-06-06 14:29:16,668 [Time-limited test] INFO  replication.ReplicationSupervisor (ReplicationSupervisor.java:nodeStateUpdated(305)) - Node state updated to IN_SERVICE, scaling executor pool size to 10
2023-06-06 14:29:16,671 [Time-limited test] INFO  http.BaseHttpServer (BaseHttpServer.java:newHttpServer2BuilderForOzone(224)) - Starting Web-server for hddsDatanode at: http://0.0.0.0:15192
2023-06-06 14:29:16,671 [Time-limited test] INFO  http.BaseHttpServer (BaseHttpServer.java:<init>(111)) - Hadoop Security Enabled: false Ozone Security Enabled: false Ozone HTTP Security Enabled: false 
2023-06-06 14:29:16,672 [Time-limited test] WARN  server.AuthenticationFilter (AuthenticationFilter.java:constructSecretProvider(240)) - Unable to initialize FileSignerSecretProvider, falling back to use random secrets. Reason: Could not read signature secret file: /home/runner/hadoop-http-auth-signature-secret
2023-06-06 14:29:16,674 [Time-limited test] INFO  http.HttpRequestLog (HttpRequestLog.java:getRequestLog(86)) - Http request log for http.requests.hddsDatanode is not defined
2023-06-06 14:29:16,675 [Time-limited test] INFO  http.HttpServer2 (HttpServer2.java:addGlobalFilter(1031)) - Added global filter 'safety' (class=org.apache.hadoop.hdds.server.http.HttpServer2$QuotingInputFilter)
2023-06-06 14:29:16,675 [Time-limited test] INFO  http.HttpServer2 (HttpServer2.java:addFilter(1007)) - Added filter static_user_filter (class=org.apache.hadoop.http.lib.StaticUserWebFilter$StaticUserFilter) to context hddsDatanode
2023-06-06 14:29:16,675 [Time-limited test] INFO  http.HttpServer2 (HttpServer2.java:addFilter(1015)) - Added filter static_user_filter (class=org.apache.hadoop.http.lib.StaticUserWebFilter$StaticUserFilter) to context logs
2023-06-06 14:29:16,675 [Time-limited test] INFO  http.HttpServer2 (HttpServer2.java:addFilter(1015)) - Added filter static_user_filter (class=org.apache.hadoop.http.lib.StaticUserWebFilter$StaticUserFilter) to context static
2023-06-06 14:29:16,675 [Time-limited test] INFO  http.BaseHttpServer (BaseHttpServer.java:<init>(190)) - HTTP server of hddsDatanode uses base directory /home/runner/work/ozone/ozone/hadoop-ozone/integration-test/target/test-dir/MiniOzoneClusterImpl-446b9376-286d-4f49-81c3-2a666e658b7e/datanode-1/meta/webserver
2023-06-06 14:29:16,676 [Time-limited test] INFO  http.HttpServer2 (HttpServer2.java:bindListener(1250)) - Jetty bound to port 15192
2023-06-06 14:29:16,676 [Time-limited test] INFO  server.Server (Server.java:doStart(375)) - jetty-9.4.51.v20230217; built: 2023-02-17T08:19:37.309Z; git: b45c405e4544384de066f814ed42ae3dceacdd49; jvm 1.8.0_372-b07
2023-06-06 14:29:16,678 [Time-limited test] INFO  server.session (DefaultSessionIdManager.java:doStart(334)) - DefaultSessionIdManager workerName=node0
2023-06-06 14:29:16,678 [Time-limited test] INFO  server.session (DefaultSessionIdManager.java:doStart(339)) - No SessionScavenger set, using defaults
2023-06-06 14:29:16,678 [Time-limited test] INFO  server.session (HouseKeeper.java:startScavenging(132)) - node0 Scavenging every 660000ms
2023-06-06 14:29:16,679 [Time-limited test] INFO  handler.ContextHandler (ContextHandler.java:doStart(921)) - Started o.e.j.s.ServletContextHandler@75a3acdf{logs,/logs,file:///home/runner/work/ozone/ozone/hadoop-ozone/integration-test/target/log,AVAILABLE}
2023-06-06 14:29:16,679 [Time-limited test] INFO  handler.ContextHandler (ContextHandler.java:doStart(921)) - Started o.e.j.s.ServletContextHandler@67c2244f{static,/static,jar:file:/home/runner/.m2/repository/org/apache/ozone/hdds-container-service/1.4.0-SNAPSHOT/hdds-container-service-1.4.0-SNAPSHOT.jar!/webapps/static,AVAILABLE}
2023-06-06 14:29:16,880 [Time-limited test] INFO  handler.ContextHandler (ContextHandler.java:doStart(921)) - Started o.e.j.w.WebAppContext@591dad5f{hddsDatanode,/,file:///home/runner/work/ozone/ozone/hadoop-ozone/integration-test/target/test-dir/MiniOzoneClusterImpl-446b9376-286d-4f49-81c3-2a666e658b7e/datanode-1/meta/webserver/jetty-0_0_0_0-15192-hdds-container-service-1_4_0-SNAPSHOT_jar-_-any-7480740053267131826/webapp/,AVAILABLE}{jar:file:/home/runner/.m2/repository/org/apache/ozone/hdds-container-service/1.4.0-SNAPSHOT/hdds-container-service-1.4.0-SNAPSHOT.jar!/webapps/hddsDatanode}
2023-06-06 14:29:16,881 [Time-limited test] INFO  server.AbstractConnector (AbstractConnector.java:doStart(333)) - Started ServerConnector@51d53c95{HTTP/1.1, (http/1.1)}{0.0.0.0:15192}
2023-06-06 14:29:16,882 [Time-limited test] INFO  server.Server (Server.java:doStart(415)) - Started @166004ms
2023-06-06 14:29:16,882 [Time-limited test] WARN  impl.MetricsSystemImpl (MetricsSystemImpl.java:register(279)) - Sink prometheus already exists!
2023-06-06 14:29:16,882 [Time-limited test] INFO  http.BaseHttpServer (BaseHttpServer.java:updateConnectorAddress(344)) - HTTP server of hddsDatanode listening at http://0.0.0.0:15192
2023-06-06 14:29:16,882 [Time-limited test] INFO  ipc.CallQueueManager (CallQueueManager.java:<init>(90)) - Using callQueue: class java.util.concurrent.LinkedBlockingQueue, queueCapacity: 100, scheduler: class org.apache.hadoop.ipc.DefaultRpcScheduler, ipcBackoff: false.
2023-06-06 14:29:16,886 [Socket Reader #1 for port 15193] INFO  ipc.Server (Server.java:run(1319)) - Starting Socket Reader #1 for port 15193
2023-06-06 14:29:16,891 [Listener at 0.0.0.0/15193] INFO  hdds.HddsUtils (HddsUtils.java:preserveThreadName(843)) - Restoring thread name: Time-limited test
2023-06-06 14:29:16,892 [Time-limited test] INFO  ozone.HddsDatanodeService (HddsDatanodeService.java:start(331)) - Datanode start with admins: [adminUser1, adminUser2, runner]
2023-06-06 14:29:16,892 [Time-limited test] INFO  ozone.HddsDatanodeClientProtocolServer (HddsDatanodeClientProtocolServer.java:start(83)) - RPC server for Client /0.0.0.0:15193
2023-06-06 14:29:16,892 [IPC Server Responder] INFO  ipc.Server (Server.java:run(1558)) - IPC Server Responder: starting
2023-06-06 14:29:16,892 [IPC Server listener on 15193] INFO  ipc.Server (Server.java:run(1398)) - IPC Server listener on 15193: starting
2023-06-06 14:29:16,892 [Datanode State Machine Daemon Thread] INFO  statemachine.DatanodeStateMachine (DatanodeStateMachine.java:lambda$startDaemon$0(523)) - Ozone container server started.
2023-06-06 14:29:16,892 [Time-limited test] WARN  impl.MetricRegistriesImpl (MetricRegistriesImpl.java:addReporterRegistration(111)) - New reporters are added after registries were created. Some metrics will be missing from the reporter. Please add reporter before adding any new registry.
2023-06-06 14:29:16,892 [Time-limited test] WARN  impl.MetricRegistriesImpl (MetricRegistriesImpl.java:addReporterRegistration(111)) - New reporters are added after registries were created. Some metrics will be missing from the reporter. Please add reporter before adding any new registry.
2023-06-06 14:29:16,892 [Time-limited test] INFO  impl.MetricsSystemImpl (MetricsSystemImpl.java:init(158)) - HddsDatanode metrics system started (again)
2023-06-06 14:29:16,904 [Datanode State Machine Task Thread - 0] INFO  datanode.InitDatanodeState (InitDatanodeState.java:persistContainerDatanodeDetails(138)) - DatanodeDetails is persisted to /home/runner/work/ozone/ozone/hadoop-ozone/integration-test/target/test-dir/MiniOzoneClusterImpl-446b9376-286d-4f49-81c3-2a666e658b7e/datanode-1/meta/datanode.id
2023-06-06 14:29:16,909 [Time-limited test] INFO  ozone.HddsDatanodeService (HddsDatanodeService.java:start(261)) - HddsDatanodeService host:fv-az1133-973.qlb2sqfkji0uhjsjdnlwzcsdwg.bx.internal.cloudapp.net ip:10.1.0.37
2023-06-06 14:29:16,927 [Time-limited test] INFO  upgrade.AbstractLayoutVersionManager (AbstractLayoutVersionManager.java:init(83)) - Initializing Layout version manager with metadata layout = HADOOP_PRC_PORTS_IN_DATANODEDETAILS (version = 7), software layout = HADOOP_PRC_PORTS_IN_DATANODEDETAILS (version = 7)
2023-06-06 14:29:16,928 [Time-limited test] INFO  statemachine.DatanodeStateMachine (DatanodeStateMachine.java:getEndPointTaskThreadPoolSize(271)) - Datanode State Machine Task Thread Pool size 2
2023-06-06 14:29:16,929 [Time-limited test] INFO  volume.HddsVolume (HddsVolume.java:<init>(130)) - Creating HddsVolume: /home/runner/work/ozone/ozone/hadoop-ozone/integration-test/target/test-dir/MiniOzoneClusterImpl-446b9376-286d-4f49-81c3-2a666e658b7e/datanode-2/data-0/containers/hdds of storage type : DISK capacity : 9223372036854775807
2023-06-06 14:29:16,929 [Time-limited test] INFO  volume.MutableVolumeSet (MutableVolumeSet.java:initializeVolumeSet(175)) - Added Volume : /home/runner/work/ozone/ozone/hadoop-ozone/integration-test/target/test-dir/MiniOzoneClusterImpl-446b9376-286d-4f49-81c3-2a666e658b7e/datanode-2/data-0/containers/hdds to VolumeSet
2023-06-06 14:29:16,929 [Time-limited test] INFO  volume.ThrottledAsyncChecker (ThrottledAsyncChecker.java:schedule(141)) - Scheduling a check for /home/runner/work/ozone/ozone/hadoop-ozone/integration-test/target/test-dir/MiniOzoneClusterImpl-446b9376-286d-4f49-81c3-2a666e658b7e/datanode-2/data-0/containers/hdds
2023-06-06 14:29:16,930 [Time-limited test] INFO  volume.StorageVolumeChecker (StorageVolumeChecker.java:checkAllVolumes(202)) - Scheduled health check for volume /home/runner/work/ozone/ozone/hadoop-ozone/integration-test/target/test-dir/MiniOzoneClusterImpl-446b9376-286d-4f49-81c3-2a666e658b7e/datanode-2/data-0/containers/hdds
2023-06-06 14:29:16,941 [Time-limited test] INFO  volume.MutableVolumeSet (MutableVolumeSet.java:initializeVolumeSet(175)) - Added Volume : /home/runner/work/ozone/ozone/hadoop-ozone/integration-test/target/test-dir/MiniOzoneClusterImpl-446b9376-286d-4f49-81c3-2a666e658b7e/datanode-2/data/ratis to VolumeSet
2023-06-06 14:29:16,941 [Time-limited test] INFO  volume.ThrottledAsyncChecker (ThrottledAsyncChecker.java:schedule(141)) - Scheduling a check for /home/runner/work/ozone/ozone/hadoop-ozone/integration-test/target/test-dir/MiniOzoneClusterImpl-446b9376-286d-4f49-81c3-2a666e658b7e/datanode-2/data/ratis
2023-06-06 14:29:16,941 [Time-limited test] INFO  volume.StorageVolumeChecker (StorageVolumeChecker.java:checkAllVolumes(202)) - Scheduled health check for volume /home/runner/work/ozone/ozone/hadoop-ozone/integration-test/target/test-dir/MiniOzoneClusterImpl-446b9376-286d-4f49-81c3-2a666e658b7e/datanode-2/data/ratis
2023-06-06 14:29:16,952 [Thread-2665] INFO  ozoneimpl.ContainerReader (ContainerReader.java:readVolume(175)) - Finish verifying containers on volume /home/runner/work/ozone/ozone/hadoop-ozone/integration-test/target/test-dir/MiniOzoneClusterImpl-446b9376-286d-4f49-81c3-2a666e658b7e/datanode-2/data-0/containers/hdds
2023-06-06 14:29:16,952 [Time-limited test] INFO  ozoneimpl.OzoneContainer (OzoneContainer.java:buildContainerSet(303)) - Build ContainerSet costs 0s
2023-06-06 14:29:16,954 [Time-limited test] INFO  server.RaftServer (ConfUtils.java:logGet(46)) - raft.rpc.type = GRPC (default)
2023-06-06 14:29:16,954 [Time-limited test] INFO  grpc.GrpcConfigKeys (ConfUtils.java:logFallback(53)) - raft.grpc.admin.host = null (fallback to raft.grpc.server.host)
2023-06-06 14:29:16,954 [Time-limited test] INFO  grpc.GrpcConfigKeys (ConfUtils.java:logGet(46)) - raft.grpc.admin.port = 15205 (custom)
2023-06-06 14:29:16,954 [Time-limited test] INFO  grpc.GrpcConfigKeys (ConfUtils.java:logFallback(53)) - raft.grpc.client.host = null (fallback to raft.grpc.server.host)
2023-06-06 14:29:16,954 [Time-limited test] INFO  grpc.GrpcConfigKeys (ConfUtils.java:logGet(46)) - raft.grpc.client.port = 15204 (custom)
2023-06-06 14:29:16,954 [Time-limited test] INFO  grpc.GrpcConfigKeys (ConfUtils.java:logGet(46)) - raft.grpc.server.host = null (default)
2023-06-06 14:29:16,954 [Time-limited test] INFO  grpc.GrpcConfigKeys (ConfUtils.java:logGet(46)) - raft.grpc.server.port = 15206 (custom)
2023-06-06 14:29:16,954 [Time-limited test] INFO  server.GrpcService (ConfUtils.java:logGet(46)) - raft.grpc.message.size.max = 32MB (=33554432) (custom)
2023-06-06 14:29:16,955 [Time-limited test] INFO  server.RaftServerConfigKeys (ConfUtils.java:logGet(46)) - raft.server.log.appender.buffer.byte-limit = 33554432 (custom)
2023-06-06 14:29:16,955 [Time-limited test] INFO  server.GrpcService (ConfUtils.java:logGet(46)) - raft.grpc.flow.control.window = 5MB (=5242880) (custom)
2023-06-06 14:29:16,955 [Time-limited test] INFO  server.RaftServerConfigKeys (ConfUtils.java:logGet(46)) - raft.server.rpc.request.timeout = 60s (custom)
2023-06-06 14:29:16,955 [Time-limited test] INFO  grpc.GrpcConfigKeys (ConfUtils.java:logGet(46)) - raft.grpc.server.heartbeat.channel = true (default)
2023-06-06 14:29:16,955 [Time-limited test] INFO  grpc.GrpcConfigKeys (ConfUtils.java:logGet(46)) - raft.grpc.server.async.request.thread.pool.cached = true (default)
2023-06-06 14:29:16,955 [Time-limited test] INFO  grpc.GrpcConfigKeys (ConfUtils.java:logGet(46)) - raft.grpc.server.async.request.thread.pool.size = 32 (default)
2023-06-06 14:29:16,958 [Time-limited test] INFO  impl.DataStreamServerImpl (ConfUtils.java:logGet(46)) - raft.datastream.type = NETTY (custom)
2023-06-06 14:29:16,958 [Time-limited test] INFO  server.RaftServerConfigKeys (ConfUtils.java:logGet(46)) - raft.server.data-stream.async.request.thread.pool.cached = false (default)
2023-06-06 14:29:16,958 [Time-limited test] INFO  server.RaftServerConfigKeys (ConfUtils.java:logGet(46)) - raft.server.data-stream.async.request.thread.pool.size = 20 (custom)
2023-06-06 14:29:16,958 [Time-limited test] INFO  server.RaftServerConfigKeys (ConfUtils.java:logGet(46)) - raft.server.data-stream.async.write.thread.pool.size = 16 (default)
2023-06-06 14:29:16,958 [Time-limited test] INFO  server.RaftServerConfigKeys (ConfUtils.java:logGet(46)) - raft.server.data-stream.client.pool.size = 10 (default)
2023-06-06 14:29:16,959 [Time-limited test] INFO  netty.NettyConfigKeys$DataStream (ConfUtils.java:logGet(46)) - raft.netty.dataStream.server.use-epoll = false (default)
2023-06-06 14:29:16,959 [Time-limited test] INFO  netty.NettyConfigKeys$DataStream (ConfUtils.java:logGet(46)) - raft.netty.dataStream.server.boss-group.size = 0 (default)
2023-06-06 14:29:16,959 [Time-limited test] INFO  netty.NettyConfigKeys$DataStream (ConfUtils.java:logGet(46)) - raft.netty.dataStream.server.worker-group.size = 0 (default)
2023-06-06 14:29:16,960 [Time-limited test] INFO  netty.NettyConfigKeys$DataStream (ConfUtils.java:logGet(46)) - raft.netty.dataStream.server.tls.conf = null (default)
2023-06-06 14:29:16,960 [Time-limited test] INFO  netty.NettyConfigKeys$DataStream (ConfUtils.java:logGet(46)) - raft.netty.dataStream.host = null (default)
2023-06-06 14:29:16,960 [Time-limited test] INFO  netty.NettyConfigKeys$DataStream (ConfUtils.java:logGet(46)) - raft.netty.dataStream.port = 15207 (custom)
2023-06-06 14:29:16,960 [Time-limited test] INFO  server.RaftServerConfigKeys (ConfUtils.java:logGet(46)) - raft.server.threadpool.proxy.cached = true (default)
2023-06-06 14:29:16,960 [Time-limited test] INFO  server.RaftServerConfigKeys (ConfUtils.java:logGet(46)) - raft.server.threadpool.proxy.size = 0 (default)
2023-06-06 14:29:16,960 [Time-limited test] INFO  server.RaftServerConfigKeys (ConfUtils.java:logGet(46)) - raft.server.rpc.slowness.timeout = 300s (custom)
2023-06-06 14:29:16,960 [Time-limited test] INFO  server.RaftServerConfigKeys (ConfUtils.java:logGet(46)) - raft.server.leaderelection.leader.step-down.wait-time = 10s (default)
2023-06-06 14:29:16,960 [Time-limited test] INFO  server.RaftServerConfigKeys (ConfUtils.java:logGet(46)) - raft.server.storage.dir = [/home/runner/work/ozone/ozone/hadoop-ozone/integration-test/target/test-dir/MiniOzoneClusterImpl-446b9376-286d-4f49-81c3-2a666e658b7e/datanode-2/data/ratis] (custom)
2023-06-06 14:29:16,961 [adb0896c-a435-46e3-a62b-55500171870d-NettyServerStreamRpc-bossGroup--thread1] INFO  logging.LoggingHandler (AbstractInternalLogger.java:log(148)) - [id: 0x252f87ab] REGISTERED
2023-06-06 14:29:16,961 [adb0896c-a435-46e3-a62b-55500171870d-NettyServerStreamRpc-bossGroup--thread1] INFO  logging.LoggingHandler (AbstractInternalLogger.java:log(148)) - [id: 0x252f87ab] BIND: 0.0.0.0/0.0.0.0:15207
2023-06-06 14:29:16,961 [adb0896c-a435-46e3-a62b-55500171870d-NettyServerStreamRpc-bossGroup--thread1] INFO  logging.LoggingHandler (AbstractInternalLogger.java:log(148)) - [id: 0x252f87ab, L:/0:0:0:0:0:0:0:0:15207] ACTIVE
2023-06-06 14:29:16,962 [Time-limited test] INFO  server.XceiverServerGrpc (XceiverServerGrpc.java:<init>(132)) - GrpcServer channel type EpollServerSocketChannel
2023-06-06 14:29:16,963 [Time-limited test] INFO  replication.ReplicationSupervisor (ReplicationSupervisor.java:nodeStateUpdated(305)) - Node state updated to IN_SERVICE, scaling executor pool size to 10
2023-06-06 14:29:16,966 [Time-limited test] INFO  http.BaseHttpServer (BaseHttpServer.java:newHttpServer2BuilderForOzone(224)) - Starting Web-server for hddsDatanode at: http://0.0.0.0:15201
2023-06-06 14:29:16,967 [Time-limited test] INFO  http.BaseHttpServer (BaseHttpServer.java:<init>(111)) - Hadoop Security Enabled: false Ozone Security Enabled: false Ozone HTTP Security Enabled: false 
2023-06-06 14:29:16,967 [Time-limited test] WARN  server.AuthenticationFilter (AuthenticationFilter.java:constructSecretProvider(240)) - Unable to initialize FileSignerSecretProvider, falling back to use random secrets. Reason: Could not read signature secret file: /home/runner/hadoop-http-auth-signature-secret
2023-06-06 14:29:16,968 [Time-limited test] INFO  http.HttpRequestLog (HttpRequestLog.java:getRequestLog(86)) - Http request log for http.requests.hddsDatanode is not defined
2023-06-06 14:29:16,969 [Time-limited test] INFO  http.HttpServer2 (HttpServer2.java:addGlobalFilter(1031)) - Added global filter 'safety' (class=org.apache.hadoop.hdds.server.http.HttpServer2$QuotingInputFilter)
2023-06-06 14:29:16,969 [Time-limited test] INFO  http.HttpServer2 (HttpServer2.java:addFilter(1007)) - Added filter static_user_filter (class=org.apache.hadoop.http.lib.StaticUserWebFilter$StaticUserFilter) to context hddsDatanode
2023-06-06 14:29:16,969 [Time-limited test] INFO  http.HttpServer2 (HttpServer2.java:addFilter(1015)) - Added filter static_user_filter (class=org.apache.hadoop.http.lib.StaticUserWebFilter$StaticUserFilter) to context logs
2023-06-06 14:29:16,969 [Time-limited test] INFO  http.HttpServer2 (HttpServer2.java:addFilter(1015)) - Added filter static_user_filter (class=org.apache.hadoop.http.lib.StaticUserWebFilter$StaticUserFilter) to context static
2023-06-06 14:29:16,970 [Time-limited test] INFO  http.BaseHttpServer (BaseHttpServer.java:<init>(190)) - HTTP server of hddsDatanode uses base directory /home/runner/work/ozone/ozone/hadoop-ozone/integration-test/target/test-dir/MiniOzoneClusterImpl-446b9376-286d-4f49-81c3-2a666e658b7e/datanode-2/meta/webserver
2023-06-06 14:29:16,970 [Time-limited test] INFO  http.HttpServer2 (HttpServer2.java:bindListener(1250)) - Jetty bound to port 15201
2023-06-06 14:29:16,970 [Time-limited test] INFO  server.Server (Server.java:doStart(375)) - jetty-9.4.51.v20230217; built: 2023-02-17T08:19:37.309Z; git: b45c405e4544384de066f814ed42ae3dceacdd49; jvm 1.8.0_372-b07
2023-06-06 14:29:16,976 [Time-limited test] INFO  server.session (DefaultSessionIdManager.java:doStart(334)) - DefaultSessionIdManager workerName=node0
2023-06-06 14:29:16,976 [Time-limited test] INFO  server.session (DefaultSessionIdManager.java:doStart(339)) - No SessionScavenger set, using defaults
2023-06-06 14:29:16,976 [Time-limited test] INFO  server.session (HouseKeeper.java:startScavenging(132)) - node0 Scavenging every 660000ms
2023-06-06 14:29:16,979 [Time-limited test] INFO  handler.ContextHandler (ContextHandler.java:doStart(921)) - Started o.e.j.s.ServletContextHandler@624d66ea{logs,/logs,file:///home/runner/work/ozone/ozone/hadoop-ozone/integration-test/target/log,AVAILABLE}
2023-06-06 14:29:16,980 [Time-limited test] INFO  handler.ContextHandler (ContextHandler.java:doStart(921)) - Started o.e.j.s.ServletContextHandler@4ffaedc4{static,/static,jar:file:/home/runner/.m2/repository/org/apache/ozone/hdds-container-service/1.4.0-SNAPSHOT/hdds-container-service-1.4.0-SNAPSHOT.jar!/webapps/static,AVAILABLE}
2023-06-06 14:29:17,174 [Time-limited test] INFO  handler.ContextHandler (ContextHandler.java:doStart(921)) - Started o.e.j.w.WebAppContext@72cb4e9c{hddsDatanode,/,file:///home/runner/work/ozone/ozone/hadoop-ozone/integration-test/target/test-dir/MiniOzoneClusterImpl-446b9376-286d-4f49-81c3-2a666e658b7e/datanode-2/meta/webserver/jetty-0_0_0_0-15201-hdds-container-service-1_4_0-SNAPSHOT_jar-_-any-1018882986389100691/webapp/,AVAILABLE}{jar:file:/home/runner/.m2/repository/org/apache/ozone/hdds-container-service/1.4.0-SNAPSHOT/hdds-container-service-1.4.0-SNAPSHOT.jar!/webapps/hddsDatanode}
2023-06-06 14:29:17,177 [Time-limited test] INFO  server.AbstractConnector (AbstractConnector.java:doStart(333)) - Started ServerConnector@3881b332{HTTP/1.1, (http/1.1)}{0.0.0.0:15201}
2023-06-06 14:29:17,177 [Time-limited test] INFO  server.Server (Server.java:doStart(415)) - Started @166299ms
2023-06-06 14:29:17,177 [Time-limited test] WARN  impl.MetricsSystemImpl (MetricsSystemImpl.java:register(279)) - Sink prometheus already exists!
2023-06-06 14:29:17,177 [Time-limited test] INFO  http.BaseHttpServer (BaseHttpServer.java:updateConnectorAddress(344)) - HTTP server of hddsDatanode listening at http://0.0.0.0:15201
2023-06-06 14:29:17,178 [Time-limited test] INFO  ipc.CallQueueManager (CallQueueManager.java:<init>(90)) - Using callQueue: class java.util.concurrent.LinkedBlockingQueue, queueCapacity: 100, scheduler: class org.apache.hadoop.ipc.DefaultRpcScheduler, ipcBackoff: false.
2023-06-06 14:29:17,183 [Listener at 0.0.0.0/15202] INFO  hdds.HddsUtils (HddsUtils.java:preserveThreadName(843)) - Restoring thread name: Time-limited test
2023-06-06 14:29:17,183 [Time-limited test] INFO  ozone.HddsDatanodeService (HddsDatanodeService.java:start(331)) - Datanode start with admins: [adminUser1, adminUser2, runner]
2023-06-06 14:29:17,183 [Time-limited test] INFO  ozone.HddsDatanodeClientProtocolServer (HddsDatanodeClientProtocolServer.java:start(83)) - RPC server for Client /0.0.0.0:15202
2023-06-06 14:29:17,183 [Socket Reader #1 for port 15202] INFO  ipc.Server (Server.java:run(1319)) - Starting Socket Reader #1 for port 15202
2023-06-06 14:29:17,186 [IPC Server listener on 15202] INFO  ipc.Server (Server.java:run(1398)) - IPC Server listener on 15202: starting
2023-06-06 14:29:17,186 [Datanode State Machine Daemon Thread] INFO  statemachine.DatanodeStateMachine (DatanodeStateMachine.java:lambda$startDaemon$0(523)) - Ozone container server started.
2023-06-06 14:29:17,186 [Time-limited test] INFO  ozone.MiniOzoneClusterImpl (MiniOzoneClusterImpl.java:lambda$waitForClusterToBeReady$0(222)) - Waiting for nodes to be ready. Got 0 of 3 DN Heartbeats.
2023-06-06 14:29:17,187 [Time-limited test] INFO  ozone.MiniOzoneClusterImpl (MiniOzoneClusterImpl.java:lambda$waitForClusterToBeReady$0(225)) - Waiting for cluster to exit safe mode
2023-06-06 14:29:17,187 [Time-limited test] INFO  ozone.MiniOzoneClusterImpl (MiniOzoneClusterImpl.java:lambda$waitForClusterToBeReady$0(227)) - SCM became leader
2023-06-06 14:29:17,187 [IPC Server Responder] INFO  ipc.Server (Server.java:run(1558)) - IPC Server Responder: starting
2023-06-06 14:29:17,195 [Datanode State Machine Task Thread - 0] INFO  datanode.InitDatanodeState (InitDatanodeState.java:persistContainerDatanodeDetails(138)) - DatanodeDetails is persisted to /home/runner/work/ozone/ozone/hadoop-ozone/integration-test/target/test-dir/MiniOzoneClusterImpl-446b9376-286d-4f49-81c3-2a666e658b7e/datanode-2/meta/datanode.id
2023-06-06 14:29:17,284 [om1@group-C5BA1605619E-FollowerState] INFO  impl.FollowerState (FollowerState.java:run(143)) - om1@group-C5BA1605619E-FollowerState: change to CANDIDATE, lastRpcElapsedTime:1005544197ns, electionTimeout:1005ms
2023-06-06 14:29:17,284 [om1@group-C5BA1605619E-FollowerState] INFO  impl.RoleInfo (RoleInfo.java:shutdownFollowerState(110)) - om1: shutdown om1@group-C5BA1605619E-FollowerState
2023-06-06 14:29:17,285 [om1@group-C5BA1605619E-FollowerState] INFO  server.RaftServer$Division (RaftServerImpl.java:setRole(329)) - om1@group-C5BA1605619E: changes role from  FOLLOWER to CANDIDATE at term 0 for changeToCandidate
2023-06-06 14:29:17,285 [om1@group-C5BA1605619E-FollowerState] INFO  server.RaftServerConfigKeys (ConfUtils.java:logGet(46)) - raft.server.leaderelection.pre-vote = true (default)
2023-06-06 14:29:17,285 [om1@group-C5BA1605619E-FollowerState] INFO  impl.RoleInfo (RoleInfo.java:updateAndGet(139)) - om1: start om1@group-C5BA1605619E-LeaderElection36
2023-06-06 14:29:17,292 [om1@group-C5BA1605619E-LeaderElection36] INFO  impl.LeaderElection (LeaderElection.java:askForVotes(321)) - om1@group-C5BA1605619E-LeaderElection36 PRE_VOTE round 0: submit vote requests at term 0 for -1: peers:[om1|rpc:localhost:15181|priority:0|startupRole:FOLLOWER]|listeners:[], old=null
2023-06-06 14:29:17,292 [om1@group-C5BA1605619E-LeaderElection36] INFO  impl.LeaderElection (LeaderElection.java:askForVotes(323)) - om1@group-C5BA1605619E-LeaderElection36 PRE_VOTE round 0: result PASSED (term=0)
2023-06-06 14:29:17,293 [om1@group-C5BA1605619E-LeaderElection36] INFO  impl.LeaderElection (LeaderElection.java:askForVotes(321)) - om1@group-C5BA1605619E-LeaderElection36 ELECTION round 0: submit vote requests at term 1 for -1: peers:[om1|rpc:localhost:15181|priority:0|startupRole:FOLLOWER]|listeners:[], old=null
2023-06-06 14:29:17,293 [om1@group-C5BA1605619E-LeaderElection36] INFO  impl.LeaderElection (LeaderElection.java:askForVotes(323)) - om1@group-C5BA1605619E-LeaderElection36 ELECTION round 0: result PASSED (term=1)
2023-06-06 14:29:17,293 [om1@group-C5BA1605619E-LeaderElection36] INFO  impl.RoleInfo (RoleInfo.java:shutdownLeaderElection(130)) - om1: shutdown om1@group-C5BA1605619E-LeaderElection36
2023-06-06 14:29:17,293 [om1@group-C5BA1605619E-LeaderElection36] INFO  server.RaftServer$Division (RaftServerImpl.java:setRole(329)) - om1@group-C5BA1605619E: changes role from CANDIDATE to LEADER at term 1 for changeToLeader
2023-06-06 14:29:17,294 [om1@group-C5BA1605619E-LeaderElection36] INFO  server.RaftServer$Division (ServerState.java:setLeader(317)) - om1@group-C5BA1605619E: change Leader from null to om1 at term 1 for becomeLeader, leader elected after 1442ms
2023-06-06 14:29:17,294 [om1@group-C5BA1605619E-LeaderElection36] INFO  server.RaftServerConfigKeys (ConfUtils.java:logGet(46)) - raft.server.staging.catchup.gap = 1000 (default)
2023-06-06 14:29:17,294 [om1@group-C5BA1605619E-LeaderElection36] INFO  server.RaftServerConfigKeys (ConfUtils.java:logGet(46)) - raft.server.write.element-limit = 4096 (default)
2023-06-06 14:29:17,294 [om1@group-C5BA1605619E-LeaderElection36] INFO  server.RaftServerConfigKeys (ConfUtils.java:logGet(46)) - raft.server.write.byte-limit = 64MB (=67108864) (default)
2023-06-06 14:29:17,294 [om1@group-C5BA1605619E-LeaderElection36] INFO  server.RaftServerConfigKeys (ConfUtils.java:logGet(46)) - raft.server.watch.timeout = 10s (default)
2023-06-06 14:29:17,294 [om1@group-C5BA1605619E-LeaderElection36] INFO  server.RaftServerConfigKeys (ConfUtils.java:logGet(46)) - raft.server.watch.timeout.denomination = 1s (default)
2023-06-06 14:29:17,294 [om1@group-C5BA1605619E-LeaderElection36] INFO  server.RaftServerConfigKeys (ConfUtils.java:logGet(46)) - raft.server.watch.element-limit = 65536 (default)
2023-06-06 14:29:17,294 [om1@group-C5BA1605619E-LeaderElection36] INFO  server.RaftServerConfigKeys (ConfUtils.java:logGet(46)) - raft.server.write.element-limit = 4096 (default)
2023-06-06 14:29:17,294 [om1@group-C5BA1605619E-LeaderElection36] INFO  server.RaftServerConfigKeys (ConfUtils.java:logGet(46)) - raft.server.write.follower.gap.ratio.max = -1.0 (default)
2023-06-06 14:29:17,294 [om1@group-C5BA1605619E-LeaderElection36] INFO  impl.RoleInfo (RoleInfo.java:updateAndGet(139)) - om1: start om1@group-C5BA1605619E-LeaderStateImpl
2023-06-06 14:29:17,295 [om1@group-C5BA1605619E-LeaderElection36] INFO  segmented.SegmentedRaftLogWorker (SegmentedRaftLogWorker.java:startLogSegment(447)) - om1@group-C5BA1605619E-SegmentedRaftLogWorker: Starting segment from index:0
2023-06-06 14:29:17,300 [om1@group-C5BA1605619E-LeaderElection36] INFO  server.RaftServer$Division (ServerState.java:setRaftConf(434)) - om1@group-C5BA1605619E: set configuration 0: peers:[om1|rpc:localhost:15181|admin:|client:|dataStream:|priority:0|startupRole:FOLLOWER]|listeners:[], old=null
2023-06-06 14:29:17,304 [om1@group-C5BA1605619E-SegmentedRaftLogWorker] INFO  segmented.SegmentedRaftLogWorker (SegmentedRaftLogWorker.java:execute(651)) - om1@group-C5BA1605619E-SegmentedRaftLogWorker: created new log segment /home/runner/work/ozone/ozone/hadoop-ozone/integration-test/target/test-dir/MiniOzoneClusterImpl-446b9376-286d-4f49-81c3-2a666e658b7e/ozone-meta/ratis/bf265839-605b-3f16-9796-c5ba1605619e/current/log_inprogress_0
2023-06-06 14:29:17,306 [om1@group-C5BA1605619E-StateMachineUpdater] INFO  ratis.OzoneManagerStateMachine (OzoneManagerStateMachine.java:notifyConfigurationChanged(201)) - Received Configuration change notification from Ratis. New Peer list:
[id: "om1"
address: "localhost:15181"
startupRole: FOLLOWER
]
2023-06-06 14:29:18,187 [Time-limited test] INFO  ozone.MiniOzoneClusterImpl (MiniOzoneClusterImpl.java:lambda$waitForClusterToBeReady$0(222)) - Waiting for nodes to be ready. Got 0 of 3 DN Heartbeats.
2023-06-06 14:29:18,187 [Time-limited test] INFO  ozone.MiniOzoneClusterImpl (MiniOzoneClusterImpl.java:lambda$waitForClusterToBeReady$0(225)) - Waiting for cluster to exit safe mode
2023-06-06 14:29:18,187 [Time-limited test] INFO  ozone.MiniOzoneClusterImpl (MiniOzoneClusterImpl.java:lambda$waitForClusterToBeReady$0(227)) - SCM became leader
2023-06-06 14:29:18,637 [EndpointStateMachine task thread for /0.0.0.0:15176 - 0 ] INFO  utils.DatanodeStoreCache (DatanodeStoreCache.java:addDB(66)) - Added db /home/runner/work/ozone/ozone/hadoop-ozone/integration-test/target/test-dir/MiniOzoneClusterImpl-446b9376-286d-4f49-81c3-2a666e658b7e/datanode-0/data-0/containers/hdds/446b9376-286d-4f49-81c3-2a666e658b7e/DS-4afbd400-36d6-41f6-bff9-235406b2e3a1/container.db to cache
2023-06-06 14:29:18,637 [EndpointStateMachine task thread for /0.0.0.0:15176 - 0 ] INFO  volume.HddsVolume (HddsVolume.java:createDbStore(350)) - SchemaV3 db is created and loaded at /home/runner/work/ozone/ozone/hadoop-ozone/integration-test/target/test-dir/MiniOzoneClusterImpl-446b9376-286d-4f49-81c3-2a666e658b7e/datanode-0/data-0/containers/hdds/446b9376-286d-4f49-81c3-2a666e658b7e/DS-4afbd400-36d6-41f6-bff9-235406b2e3a1/container.db for volume DS-4afbd400-36d6-41f6-bff9-235406b2e3a1
2023-06-06 14:29:18,637 [EndpointStateMachine task thread for /0.0.0.0:15176 - 0 ] INFO  ozoneimpl.OzoneContainer (OzoneContainer.java:start(398)) - Attempting to start container services.
2023-06-06 14:29:18,637 [EndpointStateMachine task thread for /0.0.0.0:15176 - 0 ] INFO  ozoneimpl.OzoneContainer (OzoneContainer.java:startContainerScrub(314)) - Scheduled background container scanners and the on-demand container scanner have been disabled.
2023-06-06 14:29:18,638 [EndpointStateMachine task thread for /0.0.0.0:15176 - 0 ] INFO  replication.ReplicationServer (ReplicationServer.java:start(128)) - ReplicationServer is started using port 15190
2023-06-06 14:29:18,639 [EndpointStateMachine task thread for /0.0.0.0:15176 - 0 ] INFO  ratis.XceiverServerRatis (XceiverServerRatis.java:start(517)) - Starting XceiverServerRatis b5c86db4-08d8-4650-853d-8ab079fb10e3
2023-06-06 14:29:18,639 [EndpointStateMachine task thread for /0.0.0.0:15176 - 0 ] INFO  server.RaftServer (RaftServerProxy.java:startImpl(400)) - b5c86db4-08d8-4650-853d-8ab079fb10e3: start RPC server
2023-06-06 14:29:18,640 [EndpointStateMachine task thread for /0.0.0.0:15176 - 0 ] INFO  server.GrpcService (GrpcService.java:startImpl(302)) - b5c86db4-08d8-4650-853d-8ab079fb10e3: GrpcService started, listening on 15186
2023-06-06 14:29:18,641 [EndpointStateMachine task thread for /0.0.0.0:15176 - 0 ] INFO  server.GrpcService (GrpcService.java:startImpl(302)) - b5c86db4-08d8-4650-853d-8ab079fb10e3: GrpcService started, listening on 15188
2023-06-06 14:29:18,643 [EndpointStateMachine task thread for /0.0.0.0:15176 - 0 ] INFO  server.GrpcService (GrpcService.java:startImpl(302)) - b5c86db4-08d8-4650-853d-8ab079fb10e3: GrpcService started, listening on 15187
2023-06-06 14:29:18,643 [EndpointStateMachine task thread for /0.0.0.0:15176 - 0 ] INFO  ratis.XceiverServerRatis (XceiverServerRatis.java:getRealPort(543)) - XceiverServerRatis b5c86db4-08d8-4650-853d-8ab079fb10e3 is started using port 15186 for RATIS
2023-06-06 14:29:18,643 [EndpointStateMachine task thread for /0.0.0.0:15176 - 0 ] INFO  ratis.XceiverServerRatis (XceiverServerRatis.java:getRealPort(543)) - XceiverServerRatis b5c86db4-08d8-4650-853d-8ab079fb10e3 is started using port 15187 for RATIS_ADMIN
2023-06-06 14:29:18,643 [JvmPauseMonitor29] INFO  util.JvmPauseMonitor (JvmPauseMonitor.java:run(103)) - JvmPauseMonitor-b5c86db4-08d8-4650-853d-8ab079fb10e3: Started
2023-06-06 14:29:18,643 [EndpointStateMachine task thread for /0.0.0.0:15176 - 0 ] INFO  ratis.XceiverServerRatis (XceiverServerRatis.java:getRealPort(543)) - XceiverServerRatis b5c86db4-08d8-4650-853d-8ab079fb10e3 is started using port 15188 for RATIS_SERVER
2023-06-06 14:29:18,643 [EndpointStateMachine task thread for /0.0.0.0:15176 - 0 ] INFO  ratis.XceiverServerRatis (XceiverServerRatis.java:getRealPort(543)) - XceiverServerRatis b5c86db4-08d8-4650-853d-8ab079fb10e3 is started using port 15189 for RATIS_DATASTREAM
2023-06-06 14:29:18,648 [BlockDeletingService#0] INFO  interfaces.ContainerDeletionChoosingPolicyTemplate (ContainerDeletionChoosingPolicyTemplate.java:chooseContainerForBlockDeletion(83)) - Chosen 0/5000 blocks from 0 candidate containers.
2023-06-06 14:29:18,934 [EndpointStateMachine task thread for /0.0.0.0:15176 - 0 ] INFO  utils.DatanodeStoreCache (DatanodeStoreCache.java:addDB(66)) - Added db /home/runner/work/ozone/ozone/hadoop-ozone/integration-test/target/test-dir/MiniOzoneClusterImpl-446b9376-286d-4f49-81c3-2a666e658b7e/datanode-1/data-0/containers/hdds/446b9376-286d-4f49-81c3-2a666e658b7e/DS-9dfd303c-f079-49b9-b5d8-e1340674a466/container.db to cache
2023-06-06 14:29:18,934 [EndpointStateMachine task thread for /0.0.0.0:15176 - 0 ] INFO  volume.HddsVolume (HddsVolume.java:createDbStore(350)) - SchemaV3 db is created and loaded at /home/runner/work/ozone/ozone/hadoop-ozone/integration-test/target/test-dir/MiniOzoneClusterImpl-446b9376-286d-4f49-81c3-2a666e658b7e/datanode-1/data-0/containers/hdds/446b9376-286d-4f49-81c3-2a666e658b7e/DS-9dfd303c-f079-49b9-b5d8-e1340674a466/container.db for volume DS-9dfd303c-f079-49b9-b5d8-e1340674a466
2023-06-06 14:29:18,935 [EndpointStateMachine task thread for /0.0.0.0:15176 - 0 ] INFO  ozoneimpl.OzoneContainer (OzoneContainer.java:start(398)) - Attempting to start container services.
2023-06-06 14:29:18,935 [EndpointStateMachine task thread for /0.0.0.0:15176 - 0 ] INFO  ozoneimpl.OzoneContainer (OzoneContainer.java:startContainerScrub(314)) - Scheduled background container scanners and the on-demand container scanner have been disabled.
2023-06-06 14:29:18,936 [EndpointStateMachine task thread for /0.0.0.0:15176 - 0 ] INFO  replication.ReplicationServer (ReplicationServer.java:start(128)) - ReplicationServer is started using port 15199
2023-06-06 14:29:18,936 [EndpointStateMachine task thread for /0.0.0.0:15176 - 0 ] INFO  ratis.XceiverServerRatis (XceiverServerRatis.java:start(517)) - Starting XceiverServerRatis 4ad61454-c850-4d9b-b065-88bf5b94c1a7
2023-06-06 14:29:18,936 [EndpointStateMachine task thread for /0.0.0.0:15176 - 0 ] INFO  server.RaftServer (RaftServerProxy.java:startImpl(400)) - 4ad61454-c850-4d9b-b065-88bf5b94c1a7: start RPC server
2023-06-06 14:29:18,937 [EndpointStateMachine task thread for /0.0.0.0:15176 - 0 ] INFO  server.GrpcService (GrpcService.java:startImpl(302)) - 4ad61454-c850-4d9b-b065-88bf5b94c1a7: GrpcService started, listening on 15195
2023-06-06 14:29:18,938 [EndpointStateMachine task thread for /0.0.0.0:15176 - 0 ] INFO  server.GrpcService (GrpcService.java:startImpl(302)) - 4ad61454-c850-4d9b-b065-88bf5b94c1a7: GrpcService started, listening on 15197
2023-06-06 14:29:18,938 [EndpointStateMachine task thread for /0.0.0.0:15176 - 0 ] INFO  server.GrpcService (GrpcService.java:startImpl(302)) - 4ad61454-c850-4d9b-b065-88bf5b94c1a7: GrpcService started, listening on 15196
2023-06-06 14:29:18,938 [EndpointStateMachine task thread for /0.0.0.0:15176 - 0 ] INFO  ratis.XceiverServerRatis (XceiverServerRatis.java:getRealPort(543)) - XceiverServerRatis 4ad61454-c850-4d9b-b065-88bf5b94c1a7 is started using port 15195 for RATIS
2023-06-06 14:29:18,938 [EndpointStateMachine task thread for /0.0.0.0:15176 - 0 ] INFO  ratis.XceiverServerRatis (XceiverServerRatis.java:getRealPort(543)) - XceiverServerRatis 4ad61454-c850-4d9b-b065-88bf5b94c1a7 is started using port 15196 for RATIS_ADMIN
2023-06-06 14:29:18,938 [EndpointStateMachine task thread for /0.0.0.0:15176 - 0 ] INFO  ratis.XceiverServerRatis (XceiverServerRatis.java:getRealPort(543)) - XceiverServerRatis 4ad61454-c850-4d9b-b065-88bf5b94c1a7 is started using port 15197 for RATIS_SERVER
2023-06-06 14:29:18,938 [EndpointStateMachine task thread for /0.0.0.0:15176 - 0 ] INFO  ratis.XceiverServerRatis (XceiverServerRatis.java:getRealPort(543)) - XceiverServerRatis 4ad61454-c850-4d9b-b065-88bf5b94c1a7 is started using port 15198 for RATIS_DATASTREAM
2023-06-06 14:29:18,938 [JvmPauseMonitor30] INFO  util.JvmPauseMonitor (JvmPauseMonitor.java:run(103)) - JvmPauseMonitor-4ad61454-c850-4d9b-b065-88bf5b94c1a7: Started
2023-06-06 14:29:18,947 [BlockDeletingService#0] INFO  interfaces.ContainerDeletionChoosingPolicyTemplate (ContainerDeletionChoosingPolicyTemplate.java:chooseContainerForBlockDeletion(83)) - Chosen 0/5000 blocks from 0 candidate containers.
2023-06-06 14:29:19,187 [Time-limited test] INFO  ozone.MiniOzoneClusterImpl (MiniOzoneClusterImpl.java:lambda$waitForClusterToBeReady$0(222)) - Waiting for nodes to be ready. Got 0 of 3 DN Heartbeats.
2023-06-06 14:29:19,187 [Time-limited test] INFO  ozone.MiniOzoneClusterImpl (MiniOzoneClusterImpl.java:lambda$waitForClusterToBeReady$0(225)) - Waiting for cluster to exit safe mode
2023-06-06 14:29:19,187 [Time-limited test] INFO  ozone.MiniOzoneClusterImpl (MiniOzoneClusterImpl.java:lambda$waitForClusterToBeReady$0(227)) - SCM became leader
2023-06-06 14:29:19,218 [EndpointStateMachine task thread for /0.0.0.0:15176 - 0 ] INFO  utils.DatanodeStoreCache (DatanodeStoreCache.java:addDB(66)) - Added db /home/runner/work/ozone/ozone/hadoop-ozone/integration-test/target/test-dir/MiniOzoneClusterImpl-446b9376-286d-4f49-81c3-2a666e658b7e/datanode-2/data-0/containers/hdds/446b9376-286d-4f49-81c3-2a666e658b7e/DS-a507cfd6-d8fb-4cb4-9f09-c4f80a34d769/container.db to cache
2023-06-06 14:29:19,218 [EndpointStateMachine task thread for /0.0.0.0:15176 - 0 ] INFO  volume.HddsVolume (HddsVolume.java:createDbStore(350)) - SchemaV3 db is created and loaded at /home/runner/work/ozone/ozone/hadoop-ozone/integration-test/target/test-dir/MiniOzoneClusterImpl-446b9376-286d-4f49-81c3-2a666e658b7e/datanode-2/data-0/containers/hdds/446b9376-286d-4f49-81c3-2a666e658b7e/DS-a507cfd6-d8fb-4cb4-9f09-c4f80a34d769/container.db for volume DS-a507cfd6-d8fb-4cb4-9f09-c4f80a34d769
2023-06-06 14:29:19,218 [EndpointStateMachine task thread for /0.0.0.0:15176 - 0 ] INFO  ozoneimpl.OzoneContainer (OzoneContainer.java:start(398)) - Attempting to start container services.
2023-06-06 14:29:19,218 [EndpointStateMachine task thread for /0.0.0.0:15176 - 0 ] INFO  ozoneimpl.OzoneContainer (OzoneContainer.java:startContainerScrub(314)) - Scheduled background container scanners and the on-demand container scanner have been disabled.
2023-06-06 14:29:19,222 [EndpointStateMachine task thread for /0.0.0.0:15176 - 0 ] INFO  replication.ReplicationServer (ReplicationServer.java:start(128)) - ReplicationServer is started using port 15208
2023-06-06 14:29:19,222 [EndpointStateMachine task thread for /0.0.0.0:15176 - 0 ] INFO  ratis.XceiverServerRatis (XceiverServerRatis.java:start(517)) - Starting XceiverServerRatis adb0896c-a435-46e3-a62b-55500171870d
2023-06-06 14:29:19,224 [EndpointStateMachine task thread for /0.0.0.0:15176 - 0 ] INFO  server.RaftServer (RaftServerProxy.java:startImpl(400)) - adb0896c-a435-46e3-a62b-55500171870d: start RPC server
2023-06-06 14:29:19,224 [EndpointStateMachine task thread for /0.0.0.0:15176 - 0 ] INFO  server.GrpcService (GrpcService.java:startImpl(302)) - adb0896c-a435-46e3-a62b-55500171870d: GrpcService started, listening on 15204
2023-06-06 14:29:19,224 [EndpointStateMachine task thread for /0.0.0.0:15176 - 0 ] INFO  server.GrpcService (GrpcService.java:startImpl(302)) - adb0896c-a435-46e3-a62b-55500171870d: GrpcService started, listening on 15206
2023-06-06 14:29:19,225 [EndpointStateMachine task thread for /0.0.0.0:15176 - 0 ] INFO  server.GrpcService (GrpcService.java:startImpl(302)) - adb0896c-a435-46e3-a62b-55500171870d: GrpcService started, listening on 15205
2023-06-06 14:29:19,226 [EndpointStateMachine task thread for /0.0.0.0:15176 - 0 ] INFO  ratis.XceiverServerRatis (XceiverServerRatis.java:getRealPort(543)) - XceiverServerRatis adb0896c-a435-46e3-a62b-55500171870d is started using port 15204 for RATIS
2023-06-06 14:29:19,226 [EndpointStateMachine task thread for /0.0.0.0:15176 - 0 ] INFO  ratis.XceiverServerRatis (XceiverServerRatis.java:getRealPort(543)) - XceiverServerRatis adb0896c-a435-46e3-a62b-55500171870d is started using port 15205 for RATIS_ADMIN
2023-06-06 14:29:19,227 [JvmPauseMonitor31] INFO  util.JvmPauseMonitor (JvmPauseMonitor.java:run(103)) - JvmPauseMonitor-adb0896c-a435-46e3-a62b-55500171870d: Started
2023-06-06 14:29:19,227 [EndpointStateMachine task thread for /0.0.0.0:15176 - 0 ] INFO  ratis.XceiverServerRatis (XceiverServerRatis.java:getRealPort(543)) - XceiverServerRatis adb0896c-a435-46e3-a62b-55500171870d is started using port 15206 for RATIS_SERVER
2023-06-06 14:29:19,227 [EndpointStateMachine task thread for /0.0.0.0:15176 - 0 ] INFO  ratis.XceiverServerRatis (XceiverServerRatis.java:getRealPort(543)) - XceiverServerRatis adb0896c-a435-46e3-a62b-55500171870d is started using port 15207 for RATIS_DATASTREAM
2023-06-06 14:29:19,228 [BlockDeletingService#0] INFO  interfaces.ContainerDeletionChoosingPolicyTemplate (ContainerDeletionChoosingPolicyTemplate.java:chooseContainerForBlockDeletion(83)) - Chosen 0/5000 blocks from 0 candidate containers.
2023-06-06 14:29:20,188 [Time-limited test] INFO  ozone.MiniOzoneClusterImpl (MiniOzoneClusterImpl.java:lambda$waitForClusterToBeReady$0(222)) - Waiting for nodes to be ready. Got 0 of 3 DN Heartbeats.
2023-06-06 14:29:20,188 [Time-limited test] INFO  ozone.MiniOzoneClusterImpl (MiniOzoneClusterImpl.java:lambda$waitForClusterToBeReady$0(225)) - Waiting for cluster to exit safe mode
2023-06-06 14:29:20,188 [Time-limited test] INFO  ozone.MiniOzoneClusterImpl (MiniOzoneClusterImpl.java:lambda$waitForClusterToBeReady$0(227)) - SCM became leader
2023-06-06 14:29:20,601 [IPC Server handler 0 on default port 15176] INFO  net.NetworkTopologyImpl (NetworkTopologyImpl.java:add(112)) - Added a new node: /default-rack/b5c86db4-08d8-4650-853d-8ab079fb10e3
2023-06-06 14:29:20,601 [IPC Server handler 0 on default port 15176] INFO  node.SCMNodeManager (SCMNodeManager.java:register(407)) - Registered Data node : b5c86db4-08d8-4650-853d-8ab079fb10e3{ip: 10.1.0.37, host: fv-az1133-973.qlb2sqfkji0uhjsjdnlwzcsdwg.bx.internal.cloudapp.net, ports: [HTTP=15183, CLIENT_RPC=15184, REPLICATION=15190, RATIS=15186, RATIS_ADMIN=15187, RATIS_SERVER=15188, RATIS_DATASTREAM=15189, STANDALONE=15185], networkLocation: /default-rack, certSerialId: null, persistedOpState: null, persistedOpStateExpiryEpochSec: 0}
2023-06-06 14:29:20,604 [EventQueue-NodeRegistrationContainerReportForContainerSafeModeRule] INFO  safemode.SCMSafeModeManager (SCMSafeModeManager.java:validateSafeModeExitRules(200)) - ContainerSafeModeRule rule is successfully validated
2023-06-06 14:29:20,604 [EventQueue-NodeRegistrationContainerReportForDataNodeSafeModeRule] INFO  safemode.SCMSafeModeManager (DataNodeSafeModeRule.java:process(71)) - SCM in safe mode. 1 DataNodes registered, 3 required.
2023-06-06 14:29:20,608 [EventQueue-NewNodeForNewNodeHandler] INFO  pipeline.BackgroundPipelineCreator (BackgroundPipelineCreator.java:notifyEventTriggered(276)) - trigger a one-shot run on RatisPipelineUtilsThread.
2023-06-06 14:29:20,608 [EventQueue-PipelineReportForOneReplicaPipelineSafeModeRule] INFO  safemode.SCMSafeModeManager (SCMSafeModeManager.java:validateSafeModeExitRules(200)) - AtleastOneDatanodeReportedRule rule is successfully validated
2023-06-06 14:29:20,609 [RatisPipelineUtilsThread - 0] INFO  pipeline.RatisPipelineProvider (RatisPipelineProvider.java:lambda$create$0(206)) - Sending CreatePipelineCommand for pipeline:PipelineID=4ed3a34c-ef60-4319-b215-5375f9a631e2 to datanode:b5c86db4-08d8-4650-853d-8ab079fb10e3
2023-06-06 14:29:20,609 [RatisPipelineUtilsThread - 0] INFO  pipeline.PipelineStateManagerImpl (PipelineStateManagerImpl.java:addPipeline(103)) - Created pipeline Pipeline[ Id: 4ed3a34c-ef60-4319-b215-5375f9a631e2, Nodes: b5c86db4-08d8-4650-853d-8ab079fb10e3(fv-az1133-973.qlb2sqfkji0uhjsjdnlwzcsdwg.bx.internal.cloudapp.net/10.1.0.37), ReplicationConfig: RATIS/ONE, State:ALLOCATED, leaderId:, CreationTimestamp2023-06-06T14:29:20.608Z[Etc/UTC]].
2023-06-06 14:29:20,903 [IPC Server handler 1 on default port 15176] INFO  net.NetworkTopologyImpl (NetworkTopologyImpl.java:add(112)) - Added a new node: /default-rack/4ad61454-c850-4d9b-b065-88bf5b94c1a7
2023-06-06 14:29:20,903 [IPC Server handler 1 on default port 15176] INFO  node.SCMNodeManager (SCMNodeManager.java:register(407)) - Registered Data node : 4ad61454-c850-4d9b-b065-88bf5b94c1a7{ip: 10.1.0.37, host: fv-az1133-973.qlb2sqfkji0uhjsjdnlwzcsdwg.bx.internal.cloudapp.net, ports: [HTTP=15192, CLIENT_RPC=15193, REPLICATION=15199, RATIS=15195, RATIS_ADMIN=15196, RATIS_SERVER=15197, RATIS_DATASTREAM=15198, STANDALONE=15194], networkLocation: /default-rack, certSerialId: null, persistedOpState: null, persistedOpStateExpiryEpochSec: 0}
2023-06-06 14:29:20,904 [EventQueue-NewNodeForNewNodeHandler] INFO  pipeline.BackgroundPipelineCreator (BackgroundPipelineCreator.java:notifyEventTriggered(276)) - trigger a one-shot run on RatisPipelineUtilsThread.
2023-06-06 14:29:20,904 [EventQueue-NodeRegistrationContainerReportForDataNodeSafeModeRule] INFO  safemode.SCMSafeModeManager (DataNodeSafeModeRule.java:process(71)) - SCM in safe mode. 2 DataNodes registered, 3 required.
2023-06-06 14:29:20,904 [RatisPipelineUtilsThread - 0] INFO  pipeline.RatisPipelineProvider (RatisPipelineProvider.java:lambda$create$0(206)) - Sending CreatePipelineCommand for pipeline:PipelineID=8409f053-95dc-48f5-94d7-b2c46ff018f9 to datanode:4ad61454-c850-4d9b-b065-88bf5b94c1a7
2023-06-06 14:29:20,905 [RatisPipelineUtilsThread - 0] INFO  pipeline.PipelineStateManagerImpl (PipelineStateManagerImpl.java:addPipeline(103)) - Created pipeline Pipeline[ Id: 8409f053-95dc-48f5-94d7-b2c46ff018f9, Nodes: 4ad61454-c850-4d9b-b065-88bf5b94c1a7(fv-az1133-973.qlb2sqfkji0uhjsjdnlwzcsdwg.bx.internal.cloudapp.net/10.1.0.37), ReplicationConfig: RATIS/ONE, State:ALLOCATED, leaderId:, CreationTimestamp2023-06-06T14:29:20.904Z[Etc/UTC]].
2023-06-06 14:29:21,188 [Time-limited test] INFO  ozone.MiniOzoneClusterImpl (MiniOzoneClusterImpl.java:lambda$waitForClusterToBeReady$0(222)) - Waiting for nodes to be ready. Got 2 of 3 DN Heartbeats.
2023-06-06 14:29:21,188 [Time-limited test] INFO  ozone.MiniOzoneClusterImpl (MiniOzoneClusterImpl.java:lambda$waitForClusterToBeReady$0(225)) - Waiting for cluster to exit safe mode
2023-06-06 14:29:21,188 [Time-limited test] INFO  ozone.MiniOzoneClusterImpl (MiniOzoneClusterImpl.java:lambda$waitForClusterToBeReady$0(227)) - SCM became leader
2023-06-06 14:29:21,190 [IPC Server handler 2 on default port 15176] INFO  net.NetworkTopologyImpl (NetworkTopologyImpl.java:add(112)) - Added a new node: /default-rack/adb0896c-a435-46e3-a62b-55500171870d
2023-06-06 14:29:21,190 [IPC Server handler 2 on default port 15176] INFO  node.SCMNodeManager (SCMNodeManager.java:register(407)) - Registered Data node : adb0896c-a435-46e3-a62b-55500171870d{ip: 10.1.0.37, host: fv-az1133-973.qlb2sqfkji0uhjsjdnlwzcsdwg.bx.internal.cloudapp.net, ports: [HTTP=15201, CLIENT_RPC=15202, REPLICATION=15208, RATIS=15204, RATIS_ADMIN=15205, RATIS_SERVER=15206, RATIS_DATASTREAM=15207, STANDALONE=15203], networkLocation: /default-rack, certSerialId: null, persistedOpState: null, persistedOpStateExpiryEpochSec: 0}
2023-06-06 14:29:21,194 [EventQueue-NewNodeForNewNodeHandler] INFO  pipeline.BackgroundPipelineCreator (BackgroundPipelineCreator.java:notifyEventTriggered(276)) - trigger a one-shot run on RatisPipelineUtilsThread.
2023-06-06 14:29:21,194 [EventQueue-NodeRegistrationContainerReportForDataNodeSafeModeRule] INFO  safemode.SCMSafeModeManager (DataNodeSafeModeRule.java:process(71)) - SCM in safe mode. 3 DataNodes registered, 3 required.
2023-06-06 14:29:21,195 [EventQueue-NodeRegistrationContainerReportForDataNodeSafeModeRule] INFO  safemode.SCMSafeModeManager (SCMSafeModeManager.java:validateSafeModeExitRules(200)) - DataNodeSafeModeRule rule is successfully validated
2023-06-06 14:29:21,195 [EventQueue-NodeRegistrationContainerReportForDataNodeSafeModeRule] INFO  safemode.SCMSafeModeManager (SCMSafeModeManager.java:completePreCheck(229)) - All SCM safe mode pre check rules have passed
2023-06-06 14:29:21,195 [EventQueue-NodeRegistrationContainerReportForDataNodeSafeModeRule] INFO  ha.SCMContext (SCMContext.java:updateSafeModeStatus(228)) - Update SafeModeStatus from SafeModeStatus{safeModeStatus=true, preCheckPassed=false} to SafeModeStatus{safeModeStatus=true, preCheckPassed=true}.
2023-06-06 14:29:21,195 [EventQueue-NodeRegistrationContainerReportForDataNodeSafeModeRule] INFO  pipeline.BackgroundPipelineCreator (BackgroundPipelineCreator.java:notifyEventTriggered(276)) - trigger a one-shot run on RatisPipelineUtilsThread.
2023-06-06 14:29:21,195 [RatisPipelineUtilsThread - 0] INFO  pipeline.RatisPipelineProvider (RatisPipelineProvider.java:lambda$create$0(206)) - Sending CreatePipelineCommand for pipeline:PipelineID=90f77c51-1aef-4669-b19b-de40ca051b39 to datanode:adb0896c-a435-46e3-a62b-55500171870d
2023-06-06 14:29:21,196 [RatisPipelineUtilsThread - 0] INFO  pipeline.PipelineStateManagerImpl (PipelineStateManagerImpl.java:addPipeline(103)) - Created pipeline Pipeline[ Id: 90f77c51-1aef-4669-b19b-de40ca051b39, Nodes: adb0896c-a435-46e3-a62b-55500171870d(fv-az1133-973.qlb2sqfkji0uhjsjdnlwzcsdwg.bx.internal.cloudapp.net/10.1.0.37), ReplicationConfig: RATIS/ONE, State:ALLOCATED, leaderId:, CreationTimestamp2023-06-06T14:29:21.195Z[Etc/UTC]].
2023-06-06 14:29:21,196 [RatisPipelineUtilsThread - 0] INFO  pipeline.RatisPipelineProvider (RatisPipelineProvider.java:lambda$create$0(206)) - Sending CreatePipelineCommand for pipeline:PipelineID=fc5882d7-8a45-4742-b2ea-f4595a0cc38f to datanode:adb0896c-a435-46e3-a62b-55500171870d
2023-06-06 14:29:21,196 [RatisPipelineUtilsThread - 0] INFO  pipeline.RatisPipelineProvider (RatisPipelineProvider.java:lambda$create$0(206)) - Sending CreatePipelineCommand for pipeline:PipelineID=fc5882d7-8a45-4742-b2ea-f4595a0cc38f to datanode:b5c86db4-08d8-4650-853d-8ab079fb10e3
2023-06-06 14:29:21,196 [RatisPipelineUtilsThread - 0] INFO  pipeline.RatisPipelineProvider (RatisPipelineProvider.java:lambda$create$0(206)) - Sending CreatePipelineCommand for pipeline:PipelineID=fc5882d7-8a45-4742-b2ea-f4595a0cc38f to datanode:4ad61454-c850-4d9b-b065-88bf5b94c1a7
2023-06-06 14:29:21,197 [RatisPipelineUtilsThread - 0] INFO  pipeline.PipelineStateManagerImpl (PipelineStateManagerImpl.java:addPipeline(103)) - Created pipeline Pipeline[ Id: fc5882d7-8a45-4742-b2ea-f4595a0cc38f, Nodes: adb0896c-a435-46e3-a62b-55500171870d(fv-az1133-973.qlb2sqfkji0uhjsjdnlwzcsdwg.bx.internal.cloudapp.net/10.1.0.37)b5c86db4-08d8-4650-853d-8ab079fb10e3(fv-az1133-973.qlb2sqfkji0uhjsjdnlwzcsdwg.bx.internal.cloudapp.net/10.1.0.37)4ad61454-c850-4d9b-b065-88bf5b94c1a7(fv-az1133-973.qlb2sqfkji0uhjsjdnlwzcsdwg.bx.internal.cloudapp.net/10.1.0.37), ReplicationConfig: RATIS/THREE, State:ALLOCATED, leaderId:, CreationTimestamp2023-06-06T14:29:21.196Z[Etc/UTC]].
2023-06-06 14:29:21,197 [RatisPipelineUtilsThread - 0] INFO  pipeline.RatisPipelineProvider (RatisPipelineProvider.java:lambda$create$0(206)) - Sending CreatePipelineCommand for pipeline:PipelineID=08142710-7d31-4048-b62e-c9c490725441 to datanode:adb0896c-a435-46e3-a62b-55500171870d
2023-06-06 14:29:21,198 [RatisPipelineUtilsThread - 0] INFO  pipeline.RatisPipelineProvider (RatisPipelineProvider.java:lambda$create$0(206)) - Sending CreatePipelineCommand for pipeline:PipelineID=08142710-7d31-4048-b62e-c9c490725441 to datanode:4ad61454-c850-4d9b-b065-88bf5b94c1a7
2023-06-06 14:29:21,198 [RatisPipelineUtilsThread - 0] INFO  pipeline.RatisPipelineProvider (RatisPipelineProvider.java:lambda$create$0(206)) - Sending CreatePipelineCommand for pipeline:PipelineID=08142710-7d31-4048-b62e-c9c490725441 to datanode:b5c86db4-08d8-4650-853d-8ab079fb10e3
2023-06-06 14:29:21,203 [RatisPipelineUtilsThread - 0] INFO  pipeline.PipelineStateManagerImpl (PipelineStateManagerImpl.java:addPipeline(103)) - Created pipeline Pipeline[ Id: 08142710-7d31-4048-b62e-c9c490725441, Nodes: adb0896c-a435-46e3-a62b-55500171870d(fv-az1133-973.qlb2sqfkji0uhjsjdnlwzcsdwg.bx.internal.cloudapp.net/10.1.0.37)4ad61454-c850-4d9b-b065-88bf5b94c1a7(fv-az1133-973.qlb2sqfkji0uhjsjdnlwzcsdwg.bx.internal.cloudapp.net/10.1.0.37)b5c86db4-08d8-4650-853d-8ab079fb10e3(fv-az1133-973.qlb2sqfkji0uhjsjdnlwzcsdwg.bx.internal.cloudapp.net/10.1.0.37), ReplicationConfig: RATIS/THREE, State:ALLOCATED, leaderId:, CreationTimestamp2023-06-06T14:29:21.197Z[Etc/UTC]].
2023-06-06 14:29:21,203 [RatisPipelineUtilsThread - 0] INFO  pipeline.PipelineManagerImpl (PipelineManagerImpl.java:recordMetricsForPipeline(826)) - Pipeline: PipelineID=08142710-7d31-4048-b62e-c9c490725441 contains same datanodes as previous pipelines: PipelineID=fc5882d7-8a45-4742-b2ea-f4595a0cc38f nodeIds: adb0896c-a435-46e3-a62b-55500171870d, 4ad61454-c850-4d9b-b065-88bf5b94c1a7, b5c86db4-08d8-4650-853d-8ab079fb10e3
2023-06-06 14:29:21,203 [RatisPipelineUtilsThread - 0] WARN  pipeline.PipelinePlacementPolicy (PipelinePlacementPolicy.java:filterViableNodes(166)) - Pipeline creation failed due to no sufficient healthy datanodes. Required 3. Found 0. Excluded 3.
2023-06-06 14:29:21,204 [RatisPipelineUtilsThread - 0] WARN  pipeline.PipelinePlacementPolicy (PipelinePlacementPolicy.java:filterViableNodes(166)) - Pipeline creation failed due to no sufficient healthy datanodes. Required 3. Found 0. Excluded 3.
2023-06-06 14:29:22,188 [Time-limited test] INFO  ozone.MiniOzoneClusterImpl (MiniOzoneClusterImpl.java:lambda$waitForClusterToBeReady$0(222)) - Nodes are ready. Got 3 of 3 DN Heartbeats.
2023-06-06 14:29:22,189 [Time-limited test] INFO  ozone.MiniOzoneClusterImpl (MiniOzoneClusterImpl.java:lambda$waitForClusterToBeReady$0(225)) - Waiting for cluster to exit safe mode
2023-06-06 14:29:22,189 [Time-limited test] INFO  ozone.MiniOzoneClusterImpl (MiniOzoneClusterImpl.java:lambda$waitForClusterToBeReady$0(227)) - SCM became leader
2023-06-06 14:29:23,189 [Time-limited test] INFO  ozone.MiniOzoneClusterImpl (MiniOzoneClusterImpl.java:lambda$waitForClusterToBeReady$0(222)) - Nodes are ready. Got 3 of 3 DN Heartbeats.
2023-06-06 14:29:23,189 [Time-limited test] INFO  ozone.MiniOzoneClusterImpl (MiniOzoneClusterImpl.java:lambda$waitForClusterToBeReady$0(225)) - Waiting for cluster to exit safe mode
2023-06-06 14:29:23,189 [Time-limited test] INFO  ozone.MiniOzoneClusterImpl (MiniOzoneClusterImpl.java:lambda$waitForClusterToBeReady$0(227)) - SCM became leader
2023-06-06 14:29:23,601 [PipelineCommandHandlerThread-0] INFO  server.RaftServer (RaftServerProxy.java:addNew(98)) - b5c86db4-08d8-4650-853d-8ab079fb10e3: addNew group-5375F9A631E2:[b5c86db4-08d8-4650-853d-8ab079fb10e3|rpc:10.1.0.37:15188|admin:10.1.0.37:15187|client:10.1.0.37:15186|dataStream:10.1.0.37:15189|priority:1|startupRole:FOLLOWER] returns group-5375F9A631E2:java.util.concurrent.CompletableFuture@3b67f11b[Not completed]
2023-06-06 14:29:23,602 [b5c86db4-08d8-4650-853d-8ab079fb10e3-groupManagement] INFO  server.RaftServer$Division (RaftServerImpl.java:<init>(198)) - b5c86db4-08d8-4650-853d-8ab079fb10e3: new RaftServerImpl for group-5375F9A631E2:[b5c86db4-08d8-4650-853d-8ab079fb10e3|rpc:10.1.0.37:15188|admin:10.1.0.37:15187|client:10.1.0.37:15186|dataStream:10.1.0.37:15189|priority:1|startupRole:FOLLOWER] with ContainerStateMachine:uninitialized
2023-06-06 14:29:23,602 [b5c86db4-08d8-4650-853d-8ab079fb10e3-groupManagement] INFO  server.RaftServerConfigKeys (ConfUtils.java:logGet(46)) - raft.server.rpc.timeout.min = 5s (custom)
2023-06-06 14:29:23,602 [b5c86db4-08d8-4650-853d-8ab079fb10e3-groupManagement] INFO  server.RaftServerConfigKeys (ConfUtils.java:logGet(46)) - raft.server.rpc.timeout.max = 5200ms (custom)
2023-06-06 14:29:23,602 [b5c86db4-08d8-4650-853d-8ab079fb10e3-groupManagement] INFO  server.RaftServerConfigKeys (ConfUtils.java:logGet(46)) - raft.server.rpc.sleep.time = 25ms (default)
2023-06-06 14:29:23,603 [b5c86db4-08d8-4650-853d-8ab079fb10e3-groupManagement] INFO  server.RaftServerConfigKeys (ConfUtils.java:logGet(46)) - raft.server.rpc.slowness.timeout = 300s (custom)
2023-06-06 14:29:23,603 [b5c86db4-08d8-4650-853d-8ab079fb10e3-groupManagement] INFO  server.RaftServerConfigKeys (ConfUtils.java:logGet(46)) - raft.server.leaderelection.leader.step-down.wait-time = 10s (default)
2023-06-06 14:29:23,603 [b5c86db4-08d8-4650-853d-8ab079fb10e3-groupManagement] INFO  server.RaftServerConfigKeys (ConfUtils.java:logGet(46)) - raft.server.sleep.deviation.threshold = 300ms (default)
2023-06-06 14:29:23,603 [b5c86db4-08d8-4650-853d-8ab079fb10e3-groupManagement] INFO  server.RaftServer$Division (ServerState.java:<init>(120)) - b5c86db4-08d8-4650-853d-8ab079fb10e3@group-5375F9A631E2: ConfigurationManager, init=-1: peers:[b5c86db4-08d8-4650-853d-8ab079fb10e3|rpc:10.1.0.37:15188|admin:10.1.0.37:15187|client:10.1.0.37:15186|dataStream:10.1.0.37:15189|priority:1|startupRole:FOLLOWER]|listeners:[], old=null, confs=<EMPTY_MAP>
2023-06-06 14:29:23,603 [b5c86db4-08d8-4650-853d-8ab079fb10e3-groupManagement] INFO  server.RaftServerConfigKeys (ConfUtils.java:logGet(46)) - raft.server.storage.dir = [/home/runner/work/ozone/ozone/hadoop-ozone/integration-test/target/test-dir/MiniOzoneClusterImpl-446b9376-286d-4f49-81c3-2a666e658b7e/datanode-0/data/ratis] (custom)
2023-06-06 14:29:23,603 [b5c86db4-08d8-4650-853d-8ab079fb10e3-groupManagement] INFO  server.RaftServerConfigKeys (ConfUtils.java:logGet(46)) - raft.server.log.corruption.policy = EXCEPTION (default)
2023-06-06 14:29:23,603 [b5c86db4-08d8-4650-853d-8ab079fb10e3-groupManagement] INFO  server.RaftServerConfigKeys (ConfUtils.java:logGet(46)) - raft.server.storage.free-space.min = 0MB (=0) (default)
2023-06-06 14:29:23,603 [b5c86db4-08d8-4650-853d-8ab079fb10e3-groupManagement] INFO  server.RaftServerConfigKeys (ConfUtils.java:logGet(46)) - raft.server.notification.no-leader.timeout = 300s (custom)
2023-06-06 14:29:23,603 [b5c86db4-08d8-4650-853d-8ab079fb10e3-groupManagement] INFO  server.RaftServerConfigKeys (ConfUtils.java:logGet(46)) - raft.server.read.timeout = 10s (default)
2023-06-06 14:29:23,603 [b5c86db4-08d8-4650-853d-8ab079fb10e3-groupManagement] INFO  server.RaftServerConfigKeys (ConfUtils.java:logGet(46)) - raft.server.retrycache.expirytime = 600000ms (custom)
2023-06-06 14:29:23,603 [b5c86db4-08d8-4650-853d-8ab079fb10e3-groupManagement] INFO  server.RaftServerConfigKeys (ConfUtils.java:logGet(46)) - raft.server.retrycache.statistics.expirytime = 100μs (default)
2023-06-06 14:29:23,603 [b5c86db4-08d8-4650-853d-8ab079fb10e3-groupManagement] INFO  server.RaftServerConfigKeys (ConfUtils.java:logGet(46)) - raft.server.read.option = DEFAULT (default)
2023-06-06 14:29:23,604 [b5c86db4-08d8-4650-853d-8ab079fb10e3-groupManagement] INFO  server.RaftServerConfigKeys (ConfUtils.java:logGet(46)) - raft.server.rpc.request.timeout = 60s (custom)
2023-06-06 14:29:23,604 [b5c86db4-08d8-4650-853d-8ab079fb10e3-groupManagement] INFO  server.RaftServerConfigKeys (ConfUtils.java:logGet(46)) - raft.server.log.appender.install.snapshot.enabled = false (custom)
2023-06-06 14:29:23,604 [b5c86db4-08d8-4650-853d-8ab079fb10e3-groupManagement] INFO  server.RaftServerConfigKeys (ConfUtils.java:logGet(46)) - raft.server.threadpool.server.cached = true (default)
2023-06-06 14:29:23,604 [b5c86db4-08d8-4650-853d-8ab079fb10e3-groupManagement] INFO  server.RaftServerConfigKeys (ConfUtils.java:logGet(46)) - raft.server.threadpool.server.size = 0 (default)
2023-06-06 14:29:23,604 [b5c86db4-08d8-4650-853d-8ab079fb10e3-groupManagement] INFO  server.RaftServerConfigKeys (ConfUtils.java:logGet(46)) - raft.server.threadpool.client.cached = true (default)
2023-06-06 14:29:23,604 [b5c86db4-08d8-4650-853d-8ab079fb10e3-groupManagement] INFO  server.RaftServerConfigKeys (ConfUtils.java:logGet(46)) - raft.server.threadpool.client.size = 0 (default)
2023-06-06 14:29:23,604 [b5c86db4-08d8-4650-853d-8ab079fb10e3-groupManagement] INFO  storage.RaftStorageDirectory (RaftStorageDirectoryImpl.java:analyzeStorage(137)) - The storage directory /home/runner/work/ozone/ozone/hadoop-ozone/integration-test/target/test-dir/MiniOzoneClusterImpl-446b9376-286d-4f49-81c3-2a666e658b7e/datanode-0/data/ratis/4ed3a34c-ef60-4319-b215-5375f9a631e2 does not exist. Creating ...
2023-06-06 14:29:23,605 [b5c86db4-08d8-4650-853d-8ab079fb10e3-groupManagement] INFO  storage.RaftStorageDirectory (RaftStorageDirectoryImpl.java:tryLock(231)) - Lock on /home/runner/work/ozone/ozone/hadoop-ozone/integration-test/target/test-dir/MiniOzoneClusterImpl-446b9376-286d-4f49-81c3-2a666e658b7e/datanode-0/data/ratis/4ed3a34c-ef60-4319-b215-5375f9a631e2/in_use.lock acquired by nodename 75814@fv-az1133-973
2023-06-06 14:29:23,608 [b5c86db4-08d8-4650-853d-8ab079fb10e3-groupManagement] INFO  storage.RaftStorage (RaftStorageImpl.java:format(96)) - Storage directory /home/runner/work/ozone/ozone/hadoop-ozone/integration-test/target/test-dir/MiniOzoneClusterImpl-446b9376-286d-4f49-81c3-2a666e658b7e/datanode-0/data/ratis/4ed3a34c-ef60-4319-b215-5375f9a631e2 has been successfully formatted.
2023-06-06 14:29:23,609 [b5c86db4-08d8-4650-853d-8ab079fb10e3-groupManagement] INFO  ratis.ContainerStateMachine (ContainerStateMachine.java:loadSnapshot(262)) - group-5375F9A631E2: The snapshot info is null. Setting the last applied indexto:(t:0, i:~)
2023-06-06 14:29:23,609 [b5c86db4-08d8-4650-853d-8ab079fb10e3-groupManagement] INFO  server.RaftServerConfigKeys (ConfUtils.java:logGet(46)) - raft.server.log.use.memory = false (default)
2023-06-06 14:29:23,610 [EventQueue-PipelineReportForPipelineReportHandler] INFO  pipeline.PipelineManagerImpl (PipelineManagerImpl.java:openPipeline(367)) - Pipeline Pipeline[ Id: 4ed3a34c-ef60-4319-b215-5375f9a631e2, Nodes: b5c86db4-08d8-4650-853d-8ab079fb10e3(fv-az1133-973.qlb2sqfkji0uhjsjdnlwzcsdwg.bx.internal.cloudapp.net/10.1.0.37), ReplicationConfig: RATIS/ONE, State:ALLOCATED, leaderId:b5c86db4-08d8-4650-853d-8ab079fb10e3, CreationTimestamp2023-06-06T14:29:20.608Z[Etc/UTC]] moved to OPEN state
2023-06-06 14:29:23,611 [b5c86db4-08d8-4650-853d-8ab079fb10e3-groupManagement] INFO  server.RaftServerConfigKeys (ConfUtils.java:logGet(46)) - raft.server.log.purge.gap = 1000000 (custom)
2023-06-06 14:29:23,611 [b5c86db4-08d8-4650-853d-8ab079fb10e3-groupManagement] INFO  server.RaftServerConfigKeys (ConfUtils.java:logGet(46)) - raft.server.log.appender.buffer.byte-limit = 33554432 (custom)
2023-06-06 14:29:23,611 [b5c86db4-08d8-4650-853d-8ab079fb10e3-groupManagement] INFO  server.RaftServerConfigKeys (ConfUtils.java:logGet(46)) - raft.server.log.statemachine.data.read.timeout = 1000ms (default)
2023-06-06 14:29:23,611 [b5c86db4-08d8-4650-853d-8ab079fb10e3-groupManagement] INFO  server.RaftServerConfigKeys (ConfUtils.java:logGet(46)) - raft.server.log.purge.preservation.log.num = 0 (default)
2023-06-06 14:29:23,611 [b5c86db4-08d8-4650-853d-8ab079fb10e3-groupManagement] INFO  server.RaftServerConfigKeys (ConfUtils.java:logGet(46)) - raft.server.log.segment.size.max = 1048576 (custom)
2023-06-06 14:29:23,611 [b5c86db4-08d8-4650-853d-8ab079fb10e3-groupManagement] INFO  server.RaftServerConfigKeys (ConfUtils.java:logGet(46)) - raft.server.log.segment.cache.num.max = 2 (custom)
2023-06-06 14:29:23,611 [b5c86db4-08d8-4650-853d-8ab079fb10e3-groupManagement] INFO  server.RaftServerConfigKeys (ConfUtils.java:logGet(46)) - raft.server.log.segment.cache.size.max = 200MB (=209715200) (default)
2023-06-06 14:29:23,611 [b5c86db4-08d8-4650-853d-8ab079fb10e3-groupManagement] INFO  server.RaftServerConfigKeys (ConfUtils.java:logGet(46)) - raft.server.log.appender.buffer.byte-limit = 33554432 (custom)
2023-06-06 14:29:23,615 [EventQueue-OpenPipelineForHealthyPipelineSafeModeRule] INFO  safemode.SCMSafeModeManager (HealthyPipelineSafeModeRule.java:process(137)) - SCM in safe mode. Healthy pipelines reported count is 0, required healthy pipeline reported count is 1
2023-06-06 14:29:23,615 [b5c86db4-08d8-4650-853d-8ab079fb10e3-groupManagement] INFO  segmented.SegmentedRaftLogWorker (SegmentedRaftLogWorker.java:<init>(188)) - new b5c86db4-08d8-4650-853d-8ab079fb10e3@group-5375F9A631E2-SegmentedRaftLogWorker for RaftStorageImpl:Storage Directory /home/runner/work/ozone/ozone/hadoop-ozone/integration-test/target/test-dir/MiniOzoneClusterImpl-446b9376-286d-4f49-81c3-2a666e658b7e/datanode-0/data/ratis/4ed3a34c-ef60-4319-b215-5375f9a631e2
2023-06-06 14:29:23,615 [b5c86db4-08d8-4650-853d-8ab079fb10e3-groupManagement] INFO  server.RaftServerConfigKeys (ConfUtils.java:logGet(46)) - raft.server.log.queue.byte-limit = 4294967296 (custom)
2023-06-06 14:29:23,615 [b5c86db4-08d8-4650-853d-8ab079fb10e3-groupManagement] INFO  server.RaftServerConfigKeys (ConfUtils.java:logGet(46)) - raft.server.log.queue.element-limit = 1024 (custom)
2023-06-06 14:29:23,615 [b5c86db4-08d8-4650-853d-8ab079fb10e3-groupManagement] INFO  server.RaftServerConfigKeys (ConfUtils.java:logGet(46)) - raft.server.log.segment.size.max = 1048576 (custom)
2023-06-06 14:29:23,615 [b5c86db4-08d8-4650-853d-8ab079fb10e3-groupManagement] INFO  server.RaftServerConfigKeys (ConfUtils.java:logGet(46)) - raft.server.log.preallocated.size = 16384 (custom)
2023-06-06 14:29:23,616 [b5c86db4-08d8-4650-853d-8ab079fb10e3-groupManagement] INFO  server.RaftServerConfigKeys (ConfUtils.java:logGet(46)) - raft.server.log.force.sync.num = 128 (default)
2023-06-06 14:29:23,616 [b5c86db4-08d8-4650-853d-8ab079fb10e3-groupManagement] INFO  server.RaftServerConfigKeys (ConfUtils.java:logGet(46)) - raft.server.log.statemachine.data.sync = true (default)
2023-06-06 14:29:23,616 [b5c86db4-08d8-4650-853d-8ab079fb10e3-groupManagement] INFO  server.RaftServerConfigKeys (ConfUtils.java:logGet(46)) - raft.server.log.statemachine.data.sync.timeout = 10s (default)
2023-06-06 14:29:23,616 [b5c86db4-08d8-4650-853d-8ab079fb10e3-groupManagement] INFO  server.RaftServerConfigKeys (ConfUtils.java:logGet(46)) - raft.server.log.statemachine.data.sync.timeout.retry = -1 (default)
2023-06-06 14:29:23,616 [b5c86db4-08d8-4650-853d-8ab079fb10e3-groupManagement] INFO  server.RaftServerConfigKeys (ConfUtils.java:logGet(46)) - raft.server.log.write.buffer.size = 1048576 (custom)
2023-06-06 14:29:23,616 [b5c86db4-08d8-4650-853d-8ab079fb10e3-groupManagement] INFO  server.RaftServerConfigKeys (ConfUtils.java:logGet(46)) - raft.server.log.appender.buffer.byte-limit = 33554432 (custom)
2023-06-06 14:29:23,621 [b5c86db4-08d8-4650-853d-8ab079fb10e3-groupManagement] INFO  server.RaftServerConfigKeys (ConfUtils.java:logGet(46)) - raft.server.log.unsafe-flush.enabled = false (default)
2023-06-06 14:29:23,621 [b5c86db4-08d8-4650-853d-8ab079fb10e3-groupManagement] INFO  server.RaftServerConfigKeys (ConfUtils.java:logGet(46)) - raft.server.log.async-flush.enabled = false (default)
2023-06-06 14:29:23,621 [b5c86db4-08d8-4650-853d-8ab079fb10e3-groupManagement] INFO  server.RaftServerConfigKeys (ConfUtils.java:logGet(46)) - raft.server.log.statemachine.data.caching.enabled = true (custom)
2023-06-06 14:29:23,621 [b5c86db4-08d8-4650-853d-8ab079fb10e3-groupManagement] INFO  segmented.SegmentedRaftLogWorker (SegmentedRaftLogWorker.java:lambda$new$0(135)) - b5c86db4-08d8-4650-853d-8ab079fb10e3@group-5375F9A631E2-SegmentedRaftLogWorker: flushIndex: setUnconditionally 0 -> -1
2023-06-06 14:29:23,621 [b5c86db4-08d8-4650-853d-8ab079fb10e3-groupManagement] INFO  segmented.SegmentedRaftLogWorker (SegmentedRaftLogWorker.java:lambda$new$0(135)) - b5c86db4-08d8-4650-853d-8ab079fb10e3@group-5375F9A631E2-SegmentedRaftLogWorker: safeCacheEvictIndex: setUnconditionally 0 -> -1
2023-06-06 14:29:23,625 [b5c86db4-08d8-4650-853d-8ab079fb10e3-groupManagement] INFO  server.RaftServer$Division (RaftServerImpl.java:start(342)) - b5c86db4-08d8-4650-853d-8ab079fb10e3@group-5375F9A631E2: start as a follower, conf=-1: peers:[b5c86db4-08d8-4650-853d-8ab079fb10e3|rpc:10.1.0.37:15188|admin:10.1.0.37:15187|client:10.1.0.37:15186|dataStream:10.1.0.37:15189|priority:1|startupRole:FOLLOWER]|listeners:[], old=null
2023-06-06 14:29:23,626 [b5c86db4-08d8-4650-853d-8ab079fb10e3-groupManagement] INFO  server.RaftServer$Division (RaftServerImpl.java:setRole(329)) - b5c86db4-08d8-4650-853d-8ab079fb10e3@group-5375F9A631E2: changes role from      null to FOLLOWER at term 0 for startAsFollower
2023-06-06 14:29:23,626 [b5c86db4-08d8-4650-853d-8ab079fb10e3-groupManagement] INFO  impl.RoleInfo (RoleInfo.java:updateAndGet(139)) - b5c86db4-08d8-4650-853d-8ab079fb10e3: start b5c86db4-08d8-4650-853d-8ab079fb10e3@group-5375F9A631E2-FollowerState
2023-06-06 14:29:23,629 [b5c86db4-08d8-4650-853d-8ab079fb10e3-groupManagement] INFO  util.JmxRegister (JmxRegister.java:tryRegister(44)) - Successfully registered JMX Bean with object name Ratis:service=RaftServer,group=group-5375F9A631E2,id=b5c86db4-08d8-4650-853d-8ab079fb10e3
2023-06-06 14:29:23,629 [b5c86db4-08d8-4650-853d-8ab079fb10e3-groupManagement] INFO  server.RaftServerConfigKeys (ConfUtils.java:logGet(46)) - raft.server.snapshot.auto.trigger.enabled = true (custom)
2023-06-06 14:29:23,629 [b5c86db4-08d8-4650-853d-8ab079fb10e3-groupManagement] INFO  server.RaftServerConfigKeys (ConfUtils.java:logGet(46)) - raft.server.snapshot.auto.trigger.threshold = 10000 (custom)
2023-06-06 14:29:23,629 [b5c86db4-08d8-4650-853d-8ab079fb10e3-groupManagement] INFO  server.RaftServerConfigKeys (ConfUtils.java:logGet(46)) - raft.server.snapshot.retention.file.num = 5 (custom)
2023-06-06 14:29:23,629 [b5c86db4-08d8-4650-853d-8ab079fb10e3-groupManagement] INFO  server.RaftServerConfigKeys (ConfUtils.java:logGet(46)) - raft.server.log.purge.upto.snapshot.index = false (default)
2023-06-06 14:29:23,630 [b5c86db4-08d8-4650-853d-8ab079fb10e3@group-5375F9A631E2-FollowerState] INFO  server.RaftServerConfigKeys (ConfUtils.java:logFallback(53)) - raft.server.rpc.first-election.timeout.min = 5s (fallback to raft.server.rpc.timeout.min)
2023-06-06 14:29:23,630 [b5c86db4-08d8-4650-853d-8ab079fb10e3@group-5375F9A631E2-FollowerState] INFO  server.RaftServerConfigKeys (ConfUtils.java:logFallback(53)) - raft.server.rpc.first-election.timeout.max = 5200ms (fallback to raft.server.rpc.timeout.max)
2023-06-06 14:29:23,630 [PipelineCommandHandlerThread-0] INFO  ratis.XceiverServerRatis (XceiverServerRatis.java:addGroup(804)) - Created group PipelineID=4ed3a34c-ef60-4319-b215-5375f9a631e2
2023-06-06 14:29:23,630 [PipelineCommandHandlerThread-0] INFO  commandhandler.CreatePipelineCommandHandler (CreatePipelineCommandHandler.java:lambda$handle$2(124)) - Created Pipeline RATIS ONE PipelineID=4ed3a34c-ef60-4319-b215-5375f9a631e2.
2023-06-06 14:29:23,631 [PipelineCommandHandlerThread-0] INFO  server.RaftServer (RaftServerProxy.java:addNew(98)) - b5c86db4-08d8-4650-853d-8ab079fb10e3: addNew group-F4595A0CC38F:[b5c86db4-08d8-4650-853d-8ab079fb10e3|rpc:10.1.0.37:15188|admin:10.1.0.37:15187|client:10.1.0.37:15186|dataStream:10.1.0.37:15189|priority:0|startupRole:FOLLOWER, adb0896c-a435-46e3-a62b-55500171870d|rpc:10.1.0.37:15206|admin:10.1.0.37:15205|client:10.1.0.37:15204|dataStream:10.1.0.37:15207|priority:0|startupRole:FOLLOWER, 4ad61454-c850-4d9b-b065-88bf5b94c1a7|rpc:10.1.0.37:15197|admin:10.1.0.37:15196|client:10.1.0.37:15195|dataStream:10.1.0.37:15198|priority:1|startupRole:FOLLOWER] returns group-F4595A0CC38F:java.util.concurrent.CompletableFuture@3f5862af[Not completed]
2023-06-06 14:29:23,631 [b5c86db4-08d8-4650-853d-8ab079fb10e3-groupManagement] INFO  server.RaftServer$Division (RaftServerImpl.java:<init>(198)) - b5c86db4-08d8-4650-853d-8ab079fb10e3: new RaftServerImpl for group-F4595A0CC38F:[b5c86db4-08d8-4650-853d-8ab079fb10e3|rpc:10.1.0.37:15188|admin:10.1.0.37:15187|client:10.1.0.37:15186|dataStream:10.1.0.37:15189|priority:0|startupRole:FOLLOWER, adb0896c-a435-46e3-a62b-55500171870d|rpc:10.1.0.37:15206|admin:10.1.0.37:15205|client:10.1.0.37:15204|dataStream:10.1.0.37:15207|priority:0|startupRole:FOLLOWER, 4ad61454-c850-4d9b-b065-88bf5b94c1a7|rpc:10.1.0.37:15197|admin:10.1.0.37:15196|client:10.1.0.37:15195|dataStream:10.1.0.37:15198|priority:1|startupRole:FOLLOWER] with ContainerStateMachine:uninitialized
2023-06-06 14:29:23,631 [b5c86db4-08d8-4650-853d-8ab079fb10e3-groupManagement] INFO  server.RaftServerConfigKeys (ConfUtils.java:logGet(46)) - raft.server.rpc.timeout.min = 5s (custom)
2023-06-06 14:29:23,631 [b5c86db4-08d8-4650-853d-8ab079fb10e3-groupManagement] INFO  server.RaftServerConfigKeys (ConfUtils.java:logGet(46)) - raft.server.rpc.timeout.max = 5200ms (custom)
2023-06-06 14:29:23,632 [b5c86db4-08d8-4650-853d-8ab079fb10e3-groupManagement] INFO  server.RaftServerConfigKeys (ConfUtils.java:logGet(46)) - raft.server.rpc.sleep.time = 25ms (default)
2023-06-06 14:29:23,632 [b5c86db4-08d8-4650-853d-8ab079fb10e3-groupManagement] INFO  server.RaftServerConfigKeys (ConfUtils.java:logGet(46)) - raft.server.rpc.slowness.timeout = 300s (custom)
2023-06-06 14:29:23,632 [b5c86db4-08d8-4650-853d-8ab079fb10e3-groupManagement] INFO  server.RaftServerConfigKeys (ConfUtils.java:logGet(46)) - raft.server.leaderelection.leader.step-down.wait-time = 10s (default)
2023-06-06 14:29:23,632 [b5c86db4-08d8-4650-853d-8ab079fb10e3-groupManagement] INFO  server.RaftServerConfigKeys (ConfUtils.java:logGet(46)) - raft.server.sleep.deviation.threshold = 300ms (default)
2023-06-06 14:29:23,632 [b5c86db4-08d8-4650-853d-8ab079fb10e3-groupManagement] INFO  server.RaftServer$Division (ServerState.java:<init>(120)) - b5c86db4-08d8-4650-853d-8ab079fb10e3@group-F4595A0CC38F: ConfigurationManager, init=-1: peers:[b5c86db4-08d8-4650-853d-8ab079fb10e3|rpc:10.1.0.37:15188|admin:10.1.0.37:15187|client:10.1.0.37:15186|dataStream:10.1.0.37:15189|priority:0|startupRole:FOLLOWER, adb0896c-a435-46e3-a62b-55500171870d|rpc:10.1.0.37:15206|admin:10.1.0.37:15205|client:10.1.0.37:15204|dataStream:10.1.0.37:15207|priority:0|startupRole:FOLLOWER, 4ad61454-c850-4d9b-b065-88bf5b94c1a7|rpc:10.1.0.37:15197|admin:10.1.0.37:15196|client:10.1.0.37:15195|dataStream:10.1.0.37:15198|priority:1|startupRole:FOLLOWER]|listeners:[], old=null, confs=<EMPTY_MAP>
2023-06-06 14:29:23,632 [b5c86db4-08d8-4650-853d-8ab079fb10e3-groupManagement] INFO  server.RaftServerConfigKeys (ConfUtils.java:logGet(46)) - raft.server.storage.dir = [/home/runner/work/ozone/ozone/hadoop-ozone/integration-test/target/test-dir/MiniOzoneClusterImpl-446b9376-286d-4f49-81c3-2a666e658b7e/datanode-0/data/ratis] (custom)
2023-06-06 14:29:23,632 [b5c86db4-08d8-4650-853d-8ab079fb10e3-groupManagement] INFO  server.RaftServerConfigKeys (ConfUtils.java:logGet(46)) - raft.server.log.corruption.policy = EXCEPTION (default)
2023-06-06 14:29:23,632 [b5c86db4-08d8-4650-853d-8ab079fb10e3-groupManagement] INFO  server.RaftServerConfigKeys (ConfUtils.java:logGet(46)) - raft.server.storage.free-space.min = 0MB (=0) (default)
2023-06-06 14:29:23,632 [b5c86db4-08d8-4650-853d-8ab079fb10e3-groupManagement] INFO  server.RaftServerConfigKeys (ConfUtils.java:logGet(46)) - raft.server.notification.no-leader.timeout = 300s (custom)
2023-06-06 14:29:23,632 [b5c86db4-08d8-4650-853d-8ab079fb10e3-groupManagement] INFO  server.RaftServerConfigKeys (ConfUtils.java:logGet(46)) - raft.server.read.timeout = 10s (default)
2023-06-06 14:29:23,632 [b5c86db4-08d8-4650-853d-8ab079fb10e3-groupManagement] INFO  server.RaftServerConfigKeys (ConfUtils.java:logGet(46)) - raft.server.retrycache.expirytime = 600000ms (custom)
2023-06-06 14:29:23,632 [b5c86db4-08d8-4650-853d-8ab079fb10e3-groupManagement] INFO  server.RaftServerConfigKeys (ConfUtils.java:logGet(46)) - raft.server.retrycache.statistics.expirytime = 100μs (default)
2023-06-06 14:29:23,632 [b5c86db4-08d8-4650-853d-8ab079fb10e3-groupManagement] INFO  server.RaftServerConfigKeys (ConfUtils.java:logGet(46)) - raft.server.read.option = DEFAULT (default)
2023-06-06 14:29:23,634 [b5c86db4-08d8-4650-853d-8ab079fb10e3-groupManagement] INFO  server.RaftServerConfigKeys (ConfUtils.java:logGet(46)) - raft.server.rpc.request.timeout = 60s (custom)
2023-06-06 14:29:23,634 [b5c86db4-08d8-4650-853d-8ab079fb10e3-groupManagement] INFO  server.RaftServerConfigKeys (ConfUtils.java:logGet(46)) - raft.server.log.appender.install.snapshot.enabled = false (custom)
2023-06-06 14:29:23,634 [b5c86db4-08d8-4650-853d-8ab079fb10e3-groupManagement] INFO  server.RaftServerConfigKeys (ConfUtils.java:logGet(46)) - raft.server.threadpool.server.cached = true (default)
2023-06-06 14:29:23,634 [b5c86db4-08d8-4650-853d-8ab079fb10e3-groupManagement] INFO  server.RaftServerConfigKeys (ConfUtils.java:logGet(46)) - raft.server.threadpool.server.size = 0 (default)
2023-06-06 14:29:23,634 [b5c86db4-08d8-4650-853d-8ab079fb10e3-groupManagement] INFO  server.RaftServerConfigKeys (ConfUtils.java:logGet(46)) - raft.server.threadpool.client.cached = true (default)
2023-06-06 14:29:23,634 [b5c86db4-08d8-4650-853d-8ab079fb10e3-groupManagement] INFO  server.RaftServerConfigKeys (ConfUtils.java:logGet(46)) - raft.server.threadpool.client.size = 0 (default)
2023-06-06 14:29:23,634 [b5c86db4-08d8-4650-853d-8ab079fb10e3-groupManagement] INFO  storage.RaftStorageDirectory (RaftStorageDirectoryImpl.java:analyzeStorage(137)) - The storage directory /home/runner/work/ozone/ozone/hadoop-ozone/integration-test/target/test-dir/MiniOzoneClusterImpl-446b9376-286d-4f49-81c3-2a666e658b7e/datanode-0/data/ratis/fc5882d7-8a45-4742-b2ea-f4595a0cc38f does not exist. Creating ...
2023-06-06 14:29:23,635 [b5c86db4-08d8-4650-853d-8ab079fb10e3-groupManagement] INFO  storage.RaftStorageDirectory (RaftStorageDirectoryImpl.java:tryLock(231)) - Lock on /home/runner/work/ozone/ozone/hadoop-ozone/integration-test/target/test-dir/MiniOzoneClusterImpl-446b9376-286d-4f49-81c3-2a666e658b7e/datanode-0/data/ratis/fc5882d7-8a45-4742-b2ea-f4595a0cc38f/in_use.lock acquired by nodename 75814@fv-az1133-973
2023-06-06 14:29:23,636 [b5c86db4-08d8-4650-853d-8ab079fb10e3-groupManagement] INFO  storage.RaftStorage (RaftStorageImpl.java:format(96)) - Storage directory /home/runner/work/ozone/ozone/hadoop-ozone/integration-test/target/test-dir/MiniOzoneClusterImpl-446b9376-286d-4f49-81c3-2a666e658b7e/datanode-0/data/ratis/fc5882d7-8a45-4742-b2ea-f4595a0cc38f has been successfully formatted.
2023-06-06 14:29:23,636 [b5c86db4-08d8-4650-853d-8ab079fb10e3-groupManagement] INFO  ratis.ContainerStateMachine (ContainerStateMachine.java:loadSnapshot(262)) - group-F4595A0CC38F: The snapshot info is null. Setting the last applied indexto:(t:0, i:~)
2023-06-06 14:29:23,637 [b5c86db4-08d8-4650-853d-8ab079fb10e3-groupManagement] INFO  server.RaftServerConfigKeys (ConfUtils.java:logGet(46)) - raft.server.log.use.memory = false (default)
2023-06-06 14:29:23,637 [b5c86db4-08d8-4650-853d-8ab079fb10e3-groupManagement] INFO  server.RaftServerConfigKeys (ConfUtils.java:logGet(46)) - raft.server.log.purge.gap = 1000000 (custom)
2023-06-06 14:29:23,637 [b5c86db4-08d8-4650-853d-8ab079fb10e3-groupManagement] INFO  server.RaftServerConfigKeys (ConfUtils.java:logGet(46)) - raft.server.log.appender.buffer.byte-limit = 33554432 (custom)
2023-06-06 14:29:23,637 [b5c86db4-08d8-4650-853d-8ab079fb10e3-groupManagement] INFO  server.RaftServerConfigKeys (ConfUtils.java:logGet(46)) - raft.server.log.statemachine.data.read.timeout = 1000ms (default)
2023-06-06 14:29:23,637 [b5c86db4-08d8-4650-853d-8ab079fb10e3-groupManagement] INFO  server.RaftServerConfigKeys (ConfUtils.java:logGet(46)) - raft.server.log.purge.preservation.log.num = 0 (default)
2023-06-06 14:29:23,637 [b5c86db4-08d8-4650-853d-8ab079fb10e3-groupManagement] INFO  server.RaftServerConfigKeys (ConfUtils.java:logGet(46)) - raft.server.log.segment.size.max = 1048576 (custom)
2023-06-06 14:29:23,637 [b5c86db4-08d8-4650-853d-8ab079fb10e3-groupManagement] INFO  server.RaftServerConfigKeys (ConfUtils.java:logGet(46)) - raft.server.log.segment.cache.num.max = 2 (custom)
2023-06-06 14:29:23,637 [b5c86db4-08d8-4650-853d-8ab079fb10e3-groupManagement] INFO  server.RaftServerConfigKeys (ConfUtils.java:logGet(46)) - raft.server.log.segment.cache.size.max = 200MB (=209715200) (default)
2023-06-06 14:29:23,637 [b5c86db4-08d8-4650-853d-8ab079fb10e3-groupManagement] INFO  server.RaftServerConfigKeys (ConfUtils.java:logGet(46)) - raft.server.log.appender.buffer.byte-limit = 33554432 (custom)
2023-06-06 14:29:23,638 [b5c86db4-08d8-4650-853d-8ab079fb10e3-groupManagement] INFO  segmented.SegmentedRaftLogWorker (SegmentedRaftLogWorker.java:<init>(188)) - new b5c86db4-08d8-4650-853d-8ab079fb10e3@group-F4595A0CC38F-SegmentedRaftLogWorker for RaftStorageImpl:Storage Directory /home/runner/work/ozone/ozone/hadoop-ozone/integration-test/target/test-dir/MiniOzoneClusterImpl-446b9376-286d-4f49-81c3-2a666e658b7e/datanode-0/data/ratis/fc5882d7-8a45-4742-b2ea-f4595a0cc38f
2023-06-06 14:29:23,638 [b5c86db4-08d8-4650-853d-8ab079fb10e3-groupManagement] INFO  server.RaftServerConfigKeys (ConfUtils.java:logGet(46)) - raft.server.log.queue.byte-limit = 4294967296 (custom)
2023-06-06 14:29:23,638 [b5c86db4-08d8-4650-853d-8ab079fb10e3-groupManagement] INFO  server.RaftServerConfigKeys (ConfUtils.java:logGet(46)) - raft.server.log.queue.element-limit = 1024 (custom)
2023-06-06 14:29:23,638 [b5c86db4-08d8-4650-853d-8ab079fb10e3-groupManagement] INFO  server.RaftServerConfigKeys (ConfUtils.java:logGet(46)) - raft.server.log.segment.size.max = 1048576 (custom)
2023-06-06 14:29:23,638 [b5c86db4-08d8-4650-853d-8ab079fb10e3-groupManagement] INFO  server.RaftServerConfigKeys (ConfUtils.java:logGet(46)) - raft.server.log.preallocated.size = 16384 (custom)
2023-06-06 14:29:23,638 [b5c86db4-08d8-4650-853d-8ab079fb10e3-groupManagement] INFO  server.RaftServerConfigKeys (ConfUtils.java:logGet(46)) - raft.server.log.force.sync.num = 128 (default)
2023-06-06 14:29:23,638 [b5c86db4-08d8-4650-853d-8ab079fb10e3-groupManagement] INFO  server.RaftServerConfigKeys (ConfUtils.java:logGet(46)) - raft.server.log.statemachine.data.sync = true (default)
2023-06-06 14:29:23,638 [b5c86db4-08d8-4650-853d-8ab079fb10e3-groupManagement] INFO  server.RaftServerConfigKeys (ConfUtils.java:logGet(46)) - raft.server.log.statemachine.data.sync.timeout = 10s (default)
2023-06-06 14:29:23,638 [b5c86db4-08d8-4650-853d-8ab079fb10e3-groupManagement] INFO  server.RaftServerConfigKeys (ConfUtils.java:logGet(46)) - raft.server.log.statemachine.data.sync.timeout.retry = -1 (default)
2023-06-06 14:29:23,639 [b5c86db4-08d8-4650-853d-8ab079fb10e3-groupManagement] INFO  server.RaftServerConfigKeys (ConfUtils.java:logGet(46)) - raft.server.log.write.buffer.size = 1048576 (custom)
2023-06-06 14:29:23,639 [b5c86db4-08d8-4650-853d-8ab079fb10e3-groupManagement] INFO  server.RaftServerConfigKeys (ConfUtils.java:logGet(46)) - raft.server.log.appender.buffer.byte-limit = 33554432 (custom)
2023-06-06 14:29:23,638 [EventQueue-OpenPipelineForHealthyPipelineSafeModeRule] INFO  safemode.SCMSafeModeManager (HealthyPipelineSafeModeRule.java:process(137)) - SCM in safe mode. Healthy pipelines reported count is 0, required healthy pipeline reported count is 1
2023-06-06 14:29:23,644 [b5c86db4-08d8-4650-853d-8ab079fb10e3-groupManagement] INFO  server.RaftServerConfigKeys (ConfUtils.java:logGet(46)) - raft.server.log.unsafe-flush.enabled = false (default)
2023-06-06 14:29:23,644 [b5c86db4-08d8-4650-853d-8ab079fb10e3-groupManagement] INFO  server.RaftServerConfigKeys (ConfUtils.java:logGet(46)) - raft.server.log.async-flush.enabled = false (default)
2023-06-06 14:29:23,644 [b5c86db4-08d8-4650-853d-8ab079fb10e3-groupManagement] INFO  server.RaftServerConfigKeys (ConfUtils.java:logGet(46)) - raft.server.log.statemachine.data.caching.enabled = true (custom)
2023-06-06 14:29:23,644 [b5c86db4-08d8-4650-853d-8ab079fb10e3-groupManagement] INFO  segmented.SegmentedRaftLogWorker (SegmentedRaftLogWorker.java:lambda$new$0(135)) - b5c86db4-08d8-4650-853d-8ab079fb10e3@group-F4595A0CC38F-SegmentedRaftLogWorker: flushIndex: setUnconditionally 0 -> -1
2023-06-06 14:29:23,644 [b5c86db4-08d8-4650-853d-8ab079fb10e3-groupManagement] INFO  segmented.SegmentedRaftLogWorker (SegmentedRaftLogWorker.java:lambda$new$0(135)) - b5c86db4-08d8-4650-853d-8ab079fb10e3@group-F4595A0CC38F-SegmentedRaftLogWorker: safeCacheEvictIndex: setUnconditionally 0 -> -1
2023-06-06 14:29:23,648 [b5c86db4-08d8-4650-853d-8ab079fb10e3-groupManagement] INFO  server.RaftServer$Division (RaftServerImpl.java:start(342)) - b5c86db4-08d8-4650-853d-8ab079fb10e3@group-F4595A0CC38F: start as a follower, conf=-1: peers:[b5c86db4-08d8-4650-853d-8ab079fb10e3|rpc:10.1.0.37:15188|admin:10.1.0.37:15187|client:10.1.0.37:15186|dataStream:10.1.0.37:15189|priority:0|startupRole:FOLLOWER, adb0896c-a435-46e3-a62b-55500171870d|rpc:10.1.0.37:15206|admin:10.1.0.37:15205|client:10.1.0.37:15204|dataStream:10.1.0.37:15207|priority:0|startupRole:FOLLOWER, 4ad61454-c850-4d9b-b065-88bf5b94c1a7|rpc:10.1.0.37:15197|admin:10.1.0.37:15196|client:10.1.0.37:15195|dataStream:10.1.0.37:15198|priority:1|startupRole:FOLLOWER]|listeners:[], old=null
2023-06-06 14:29:23,648 [b5c86db4-08d8-4650-853d-8ab079fb10e3-groupManagement] INFO  server.RaftServer$Division (RaftServerImpl.java:setRole(329)) - b5c86db4-08d8-4650-853d-8ab079fb10e3@group-F4595A0CC38F: changes role from      null to FOLLOWER at term 0 for startAsFollower
2023-06-06 14:29:23,648 [b5c86db4-08d8-4650-853d-8ab079fb10e3-groupManagement] INFO  impl.RoleInfo (RoleInfo.java:updateAndGet(139)) - b5c86db4-08d8-4650-853d-8ab079fb10e3: start b5c86db4-08d8-4650-853d-8ab079fb10e3@group-F4595A0CC38F-FollowerState
2023-06-06 14:29:23,648 [b5c86db4-08d8-4650-853d-8ab079fb10e3-groupManagement] INFO  util.JmxRegister (JmxRegister.java:tryRegister(44)) - Successfully registered JMX Bean with object name Ratis:service=RaftServer,group=group-F4595A0CC38F,id=b5c86db4-08d8-4650-853d-8ab079fb10e3
2023-06-06 14:29:23,648 [b5c86db4-08d8-4650-853d-8ab079fb10e3-groupManagement] INFO  server.RaftServerConfigKeys (ConfUtils.java:logGet(46)) - raft.server.snapshot.auto.trigger.enabled = true (custom)
2023-06-06 14:29:23,648 [b5c86db4-08d8-4650-853d-8ab079fb10e3-groupManagement] INFO  server.RaftServerConfigKeys (ConfUtils.java:logGet(46)) - raft.server.snapshot.auto.trigger.threshold = 10000 (custom)
2023-06-06 14:29:23,648 [b5c86db4-08d8-4650-853d-8ab079fb10e3-groupManagement] INFO  server.RaftServerConfigKeys (ConfUtils.java:logGet(46)) - raft.server.snapshot.retention.file.num = 5 (custom)
2023-06-06 14:29:23,648 [b5c86db4-08d8-4650-853d-8ab079fb10e3-groupManagement] INFO  server.RaftServerConfigKeys (ConfUtils.java:logGet(46)) - raft.server.log.purge.upto.snapshot.index = false (default)
2023-06-06 14:29:23,649 [b5c86db4-08d8-4650-853d-8ab079fb10e3@group-F4595A0CC38F-FollowerState] INFO  server.RaftServerConfigKeys (ConfUtils.java:logFallback(53)) - raft.server.rpc.first-election.timeout.min = 5s (fallback to raft.server.rpc.timeout.min)
2023-06-06 14:29:23,649 [b5c86db4-08d8-4650-853d-8ab079fb10e3@group-F4595A0CC38F-FollowerState] INFO  server.RaftServerConfigKeys (ConfUtils.java:logFallback(53)) - raft.server.rpc.first-election.timeout.max = 5200ms (fallback to raft.server.rpc.timeout.max)
2023-06-06 14:29:23,649 [PipelineCommandHandlerThread-0] INFO  ratis.XceiverServerRatis (XceiverServerRatis.java:addGroup(804)) - Created group PipelineID=fc5882d7-8a45-4742-b2ea-f4595a0cc38f
2023-06-06 14:29:23,661 [grpc-default-executor-0] INFO  server.RaftServer (RaftServerProxy.java:addNew(98)) - adb0896c-a435-46e3-a62b-55500171870d: addNew group-F4595A0CC38F:[b5c86db4-08d8-4650-853d-8ab079fb10e3|rpc:10.1.0.37:15188|admin:10.1.0.37:15187|client:10.1.0.37:15186|dataStream:10.1.0.37:15189|priority:0|startupRole:FOLLOWER, adb0896c-a435-46e3-a62b-55500171870d|rpc:10.1.0.37:15206|admin:10.1.0.37:15205|client:10.1.0.37:15204|dataStream:10.1.0.37:15207|priority:0|startupRole:FOLLOWER, 4ad61454-c850-4d9b-b065-88bf5b94c1a7|rpc:10.1.0.37:15197|admin:10.1.0.37:15196|client:10.1.0.37:15195|dataStream:10.1.0.37:15198|priority:1|startupRole:FOLLOWER] returns group-F4595A0CC38F:java.util.concurrent.CompletableFuture@711dc5e2[Not completed]
2023-06-06 14:29:23,662 [adb0896c-a435-46e3-a62b-55500171870d-groupManagement] INFO  server.RaftServer$Division (RaftServerImpl.java:<init>(198)) - adb0896c-a435-46e3-a62b-55500171870d: new RaftServerImpl for group-F4595A0CC38F:[b5c86db4-08d8-4650-853d-8ab079fb10e3|rpc:10.1.0.37:15188|admin:10.1.0.37:15187|client:10.1.0.37:15186|dataStream:10.1.0.37:15189|priority:0|startupRole:FOLLOWER, adb0896c-a435-46e3-a62b-55500171870d|rpc:10.1.0.37:15206|admin:10.1.0.37:15205|client:10.1.0.37:15204|dataStream:10.1.0.37:15207|priority:0|startupRole:FOLLOWER, 4ad61454-c850-4d9b-b065-88bf5b94c1a7|rpc:10.1.0.37:15197|admin:10.1.0.37:15196|client:10.1.0.37:15195|dataStream:10.1.0.37:15198|priority:1|startupRole:FOLLOWER] with ContainerStateMachine:uninitialized
2023-06-06 14:29:23,662 [adb0896c-a435-46e3-a62b-55500171870d-groupManagement] INFO  server.RaftServerConfigKeys (ConfUtils.java:logGet(46)) - raft.server.rpc.timeout.min = 5s (custom)
2023-06-06 14:29:23,662 [adb0896c-a435-46e3-a62b-55500171870d-groupManagement] INFO  server.RaftServerConfigKeys (ConfUtils.java:logGet(46)) - raft.server.rpc.timeout.max = 5200ms (custom)
2023-06-06 14:29:23,662 [adb0896c-a435-46e3-a62b-55500171870d-groupManagement] INFO  server.RaftServerConfigKeys (ConfUtils.java:logGet(46)) - raft.server.rpc.sleep.time = 25ms (default)
2023-06-06 14:29:23,662 [adb0896c-a435-46e3-a62b-55500171870d-groupManagement] INFO  server.RaftServerConfigKeys (ConfUtils.java:logGet(46)) - raft.server.rpc.slowness.timeout = 300s (custom)
2023-06-06 14:29:23,662 [adb0896c-a435-46e3-a62b-55500171870d-groupManagement] INFO  server.RaftServerConfigKeys (ConfUtils.java:logGet(46)) - raft.server.leaderelection.leader.step-down.wait-time = 10s (default)
2023-06-06 14:29:23,662 [adb0896c-a435-46e3-a62b-55500171870d-groupManagement] INFO  server.RaftServerConfigKeys (ConfUtils.java:logGet(46)) - raft.server.sleep.deviation.threshold = 300ms (default)
2023-06-06 14:29:23,662 [adb0896c-a435-46e3-a62b-55500171870d-groupManagement] INFO  server.RaftServer$Division (ServerState.java:<init>(120)) - adb0896c-a435-46e3-a62b-55500171870d@group-F4595A0CC38F: ConfigurationManager, init=-1: peers:[b5c86db4-08d8-4650-853d-8ab079fb10e3|rpc:10.1.0.37:15188|admin:10.1.0.37:15187|client:10.1.0.37:15186|dataStream:10.1.0.37:15189|priority:0|startupRole:FOLLOWER, adb0896c-a435-46e3-a62b-55500171870d|rpc:10.1.0.37:15206|admin:10.1.0.37:15205|client:10.1.0.37:15204|dataStream:10.1.0.37:15207|priority:0|startupRole:FOLLOWER, 4ad61454-c850-4d9b-b065-88bf5b94c1a7|rpc:10.1.0.37:15197|admin:10.1.0.37:15196|client:10.1.0.37:15195|dataStream:10.1.0.37:15198|priority:1|startupRole:FOLLOWER]|listeners:[], old=null, confs=<EMPTY_MAP>
2023-06-06 14:29:23,663 [adb0896c-a435-46e3-a62b-55500171870d-groupManagement] INFO  server.RaftServerConfigKeys (ConfUtils.java:logGet(46)) - raft.server.storage.dir = [/home/runner/work/ozone/ozone/hadoop-ozone/integration-test/target/test-dir/MiniOzoneClusterImpl-446b9376-286d-4f49-81c3-2a666e658b7e/datanode-2/data/ratis] (custom)
2023-06-06 14:29:23,663 [adb0896c-a435-46e3-a62b-55500171870d-groupManagement] INFO  server.RaftServerConfigKeys (ConfUtils.java:logGet(46)) - raft.server.log.corruption.policy = EXCEPTION (default)
2023-06-06 14:29:23,663 [adb0896c-a435-46e3-a62b-55500171870d-groupManagement] INFO  server.RaftServerConfigKeys (ConfUtils.java:logGet(46)) - raft.server.storage.free-space.min = 0MB (=0) (default)
2023-06-06 14:29:23,663 [adb0896c-a435-46e3-a62b-55500171870d-groupManagement] INFO  server.RaftServerConfigKeys (ConfUtils.java:logGet(46)) - raft.server.notification.no-leader.timeout = 300s (custom)
2023-06-06 14:29:23,663 [adb0896c-a435-46e3-a62b-55500171870d-groupManagement] INFO  server.RaftServerConfigKeys (ConfUtils.java:logGet(46)) - raft.server.read.timeout = 10s (default)
2023-06-06 14:29:23,663 [adb0896c-a435-46e3-a62b-55500171870d-groupManagement] INFO  server.RaftServerConfigKeys (ConfUtils.java:logGet(46)) - raft.server.retrycache.expirytime = 600000ms (custom)
2023-06-06 14:29:23,663 [adb0896c-a435-46e3-a62b-55500171870d-groupManagement] INFO  server.RaftServerConfigKeys (ConfUtils.java:logGet(46)) - raft.server.retrycache.statistics.expirytime = 100μs (default)
2023-06-06 14:29:23,663 [adb0896c-a435-46e3-a62b-55500171870d-groupManagement] INFO  server.RaftServerConfigKeys (ConfUtils.java:logGet(46)) - raft.server.read.option = DEFAULT (default)
2023-06-06 14:29:23,664 [adb0896c-a435-46e3-a62b-55500171870d-groupManagement] INFO  server.RaftServerConfigKeys (ConfUtils.java:logGet(46)) - raft.server.rpc.request.timeout = 60s (custom)
2023-06-06 14:29:23,665 [adb0896c-a435-46e3-a62b-55500171870d-groupManagement] INFO  server.RaftServerConfigKeys (ConfUtils.java:logGet(46)) - raft.server.log.appender.install.snapshot.enabled = false (custom)
2023-06-06 14:29:23,665 [adb0896c-a435-46e3-a62b-55500171870d-groupManagement] INFO  server.RaftServerConfigKeys (ConfUtils.java:logGet(46)) - raft.server.threadpool.server.cached = true (default)
2023-06-06 14:29:23,665 [adb0896c-a435-46e3-a62b-55500171870d-groupManagement] INFO  server.RaftServerConfigKeys (ConfUtils.java:logGet(46)) - raft.server.threadpool.server.size = 0 (default)
2023-06-06 14:29:23,665 [adb0896c-a435-46e3-a62b-55500171870d-groupManagement] INFO  server.RaftServerConfigKeys (ConfUtils.java:logGet(46)) - raft.server.threadpool.client.cached = true (default)
2023-06-06 14:29:23,665 [adb0896c-a435-46e3-a62b-55500171870d-groupManagement] INFO  server.RaftServerConfigKeys (ConfUtils.java:logGet(46)) - raft.server.threadpool.client.size = 0 (default)
2023-06-06 14:29:23,665 [adb0896c-a435-46e3-a62b-55500171870d-groupManagement] INFO  storage.RaftStorageDirectory (RaftStorageDirectoryImpl.java:analyzeStorage(137)) - The storage directory /home/runner/work/ozone/ozone/hadoop-ozone/integration-test/target/test-dir/MiniOzoneClusterImpl-446b9376-286d-4f49-81c3-2a666e658b7e/datanode-2/data/ratis/fc5882d7-8a45-4742-b2ea-f4595a0cc38f does not exist. Creating ...
2023-06-06 14:29:23,666 [adb0896c-a435-46e3-a62b-55500171870d-groupManagement] INFO  storage.RaftStorageDirectory (RaftStorageDirectoryImpl.java:tryLock(231)) - Lock on /home/runner/work/ozone/ozone/hadoop-ozone/integration-test/target/test-dir/MiniOzoneClusterImpl-446b9376-286d-4f49-81c3-2a666e658b7e/datanode-2/data/ratis/fc5882d7-8a45-4742-b2ea-f4595a0cc38f/in_use.lock acquired by nodename 75814@fv-az1133-973
2023-06-06 14:29:23,667 [adb0896c-a435-46e3-a62b-55500171870d-groupManagement] INFO  storage.RaftStorage (RaftStorageImpl.java:format(96)) - Storage directory /home/runner/work/ozone/ozone/hadoop-ozone/integration-test/target/test-dir/MiniOzoneClusterImpl-446b9376-286d-4f49-81c3-2a666e658b7e/datanode-2/data/ratis/fc5882d7-8a45-4742-b2ea-f4595a0cc38f has been successfully formatted.
2023-06-06 14:29:23,670 [adb0896c-a435-46e3-a62b-55500171870d-groupManagement] INFO  ratis.ContainerStateMachine (ContainerStateMachine.java:loadSnapshot(262)) - group-F4595A0CC38F: The snapshot info is null. Setting the last applied indexto:(t:0, i:~)
2023-06-06 14:29:23,670 [adb0896c-a435-46e3-a62b-55500171870d-groupManagement] INFO  server.RaftServerConfigKeys (ConfUtils.java:logGet(46)) - raft.server.log.use.memory = false (default)
2023-06-06 14:29:23,670 [adb0896c-a435-46e3-a62b-55500171870d-groupManagement] INFO  server.RaftServerConfigKeys (ConfUtils.java:logGet(46)) - raft.server.log.purge.gap = 1000000 (custom)
2023-06-06 14:29:23,670 [adb0896c-a435-46e3-a62b-55500171870d-groupManagement] INFO  server.RaftServerConfigKeys (ConfUtils.java:logGet(46)) - raft.server.log.appender.buffer.byte-limit = 33554432 (custom)
2023-06-06 14:29:23,670 [adb0896c-a435-46e3-a62b-55500171870d-groupManagement] INFO  server.RaftServerConfigKeys (ConfUtils.java:logGet(46)) - raft.server.log.statemachine.data.read.timeout = 1000ms (default)
2023-06-06 14:29:23,670 [adb0896c-a435-46e3-a62b-55500171870d-groupManagement] INFO  server.RaftServerConfigKeys (ConfUtils.java:logGet(46)) - raft.server.log.purge.preservation.log.num = 0 (default)
2023-06-06 14:29:23,670 [adb0896c-a435-46e3-a62b-55500171870d-groupManagement] INFO  server.RaftServerConfigKeys (ConfUtils.java:logGet(46)) - raft.server.log.segment.size.max = 1048576 (custom)
2023-06-06 14:29:23,670 [adb0896c-a435-46e3-a62b-55500171870d-groupManagement] INFO  server.RaftServerConfigKeys (ConfUtils.java:logGet(46)) - raft.server.log.segment.cache.num.max = 2 (custom)
2023-06-06 14:29:23,671 [adb0896c-a435-46e3-a62b-55500171870d-groupManagement] INFO  server.RaftServerConfigKeys (ConfUtils.java:logGet(46)) - raft.server.log.segment.cache.size.max = 200MB (=209715200) (default)
2023-06-06 14:29:23,671 [adb0896c-a435-46e3-a62b-55500171870d-groupManagement] INFO  server.RaftServerConfigKeys (ConfUtils.java:logGet(46)) - raft.server.log.appender.buffer.byte-limit = 33554432 (custom)
2023-06-06 14:29:23,671 [adb0896c-a435-46e3-a62b-55500171870d-groupManagement] INFO  segmented.SegmentedRaftLogWorker (SegmentedRaftLogWorker.java:<init>(188)) - new adb0896c-a435-46e3-a62b-55500171870d@group-F4595A0CC38F-SegmentedRaftLogWorker for RaftStorageImpl:Storage Directory /home/runner/work/ozone/ozone/hadoop-ozone/integration-test/target/test-dir/MiniOzoneClusterImpl-446b9376-286d-4f49-81c3-2a666e658b7e/datanode-2/data/ratis/fc5882d7-8a45-4742-b2ea-f4595a0cc38f
2023-06-06 14:29:23,671 [adb0896c-a435-46e3-a62b-55500171870d-groupManagement] INFO  server.RaftServerConfigKeys (ConfUtils.java:logGet(46)) - raft.server.log.queue.byte-limit = 4294967296 (custom)
2023-06-06 14:29:23,671 [adb0896c-a435-46e3-a62b-55500171870d-groupManagement] INFO  server.RaftServerConfigKeys (ConfUtils.java:logGet(46)) - raft.server.log.queue.element-limit = 1024 (custom)
2023-06-06 14:29:23,671 [adb0896c-a435-46e3-a62b-55500171870d-groupManagement] INFO  server.RaftServerConfigKeys (ConfUtils.java:logGet(46)) - raft.server.log.segment.size.max = 1048576 (custom)
2023-06-06 14:29:23,671 [adb0896c-a435-46e3-a62b-55500171870d-groupManagement] INFO  server.RaftServerConfigKeys (ConfUtils.java:logGet(46)) - raft.server.log.preallocated.size = 16384 (custom)
2023-06-06 14:29:23,671 [adb0896c-a435-46e3-a62b-55500171870d-groupManagement] INFO  server.RaftServerConfigKeys (ConfUtils.java:logGet(46)) - raft.server.log.force.sync.num = 128 (default)
2023-06-06 14:29:23,671 [adb0896c-a435-46e3-a62b-55500171870d-groupManagement] INFO  server.RaftServerConfigKeys (ConfUtils.java:logGet(46)) - raft.server.log.statemachine.data.sync = true (default)
2023-06-06 14:29:23,671 [adb0896c-a435-46e3-a62b-55500171870d-groupManagement] INFO  server.RaftServerConfigKeys (ConfUtils.java:logGet(46)) - raft.server.log.statemachine.data.sync.timeout = 10s (default)
2023-06-06 14:29:23,671 [adb0896c-a435-46e3-a62b-55500171870d-groupManagement] INFO  server.RaftServerConfigKeys (ConfUtils.java:logGet(46)) - raft.server.log.statemachine.data.sync.timeout.retry = -1 (default)
2023-06-06 14:29:23,671 [adb0896c-a435-46e3-a62b-55500171870d-groupManagement] INFO  server.RaftServerConfigKeys (ConfUtils.java:logGet(46)) - raft.server.log.write.buffer.size = 1048576 (custom)
2023-06-06 14:29:23,672 [adb0896c-a435-46e3-a62b-55500171870d-groupManagement] INFO  server.RaftServerConfigKeys (ConfUtils.java:logGet(46)) - raft.server.log.appender.buffer.byte-limit = 33554432 (custom)
2023-06-06 14:29:23,677 [adb0896c-a435-46e3-a62b-55500171870d-groupManagement] INFO  server.RaftServerConfigKeys (ConfUtils.java:logGet(46)) - raft.server.log.unsafe-flush.enabled = false (default)
2023-06-06 14:29:23,677 [adb0896c-a435-46e3-a62b-55500171870d-groupManagement] INFO  server.RaftServerConfigKeys (ConfUtils.java:logGet(46)) - raft.server.log.async-flush.enabled = false (default)
2023-06-06 14:29:23,677 [adb0896c-a435-46e3-a62b-55500171870d-groupManagement] INFO  server.RaftServerConfigKeys (ConfUtils.java:logGet(46)) - raft.server.log.statemachine.data.caching.enabled = true (custom)
2023-06-06 14:29:23,677 [adb0896c-a435-46e3-a62b-55500171870d-groupManagement] INFO  segmented.SegmentedRaftLogWorker (SegmentedRaftLogWorker.java:lambda$new$0(135)) - adb0896c-a435-46e3-a62b-55500171870d@group-F4595A0CC38F-SegmentedRaftLogWorker: flushIndex: setUnconditionally 0 -> -1
2023-06-06 14:29:23,677 [adb0896c-a435-46e3-a62b-55500171870d-groupManagement] INFO  segmented.SegmentedRaftLogWorker (SegmentedRaftLogWorker.java:lambda$new$0(135)) - adb0896c-a435-46e3-a62b-55500171870d@group-F4595A0CC38F-SegmentedRaftLogWorker: safeCacheEvictIndex: setUnconditionally 0 -> -1
2023-06-06 14:29:23,677 [adb0896c-a435-46e3-a62b-55500171870d-groupManagement] INFO  server.RaftServer$Division (RaftServerImpl.java:start(342)) - adb0896c-a435-46e3-a62b-55500171870d@group-F4595A0CC38F: start as a follower, conf=-1: peers:[b5c86db4-08d8-4650-853d-8ab079fb10e3|rpc:10.1.0.37:15188|admin:10.1.0.37:15187|client:10.1.0.37:15186|dataStream:10.1.0.37:15189|priority:0|startupRole:FOLLOWER, adb0896c-a435-46e3-a62b-55500171870d|rpc:10.1.0.37:15206|admin:10.1.0.37:15205|client:10.1.0.37:15204|dataStream:10.1.0.37:15207|priority:0|startupRole:FOLLOWER, 4ad61454-c850-4d9b-b065-88bf5b94c1a7|rpc:10.1.0.37:15197|admin:10.1.0.37:15196|client:10.1.0.37:15195|dataStream:10.1.0.37:15198|priority:1|startupRole:FOLLOWER]|listeners:[], old=null
2023-06-06 14:29:23,677 [adb0896c-a435-46e3-a62b-55500171870d-groupManagement] INFO  server.RaftServer$Division (RaftServerImpl.java:setRole(329)) - adb0896c-a435-46e3-a62b-55500171870d@group-F4595A0CC38F: changes role from      null to FOLLOWER at term 0 for startAsFollower
2023-06-06 14:29:23,677 [adb0896c-a435-46e3-a62b-55500171870d-groupManagement] INFO  impl.RoleInfo (RoleInfo.java:updateAndGet(139)) - adb0896c-a435-46e3-a62b-55500171870d: start adb0896c-a435-46e3-a62b-55500171870d@group-F4595A0CC38F-FollowerState
2023-06-06 14:29:23,681 [adb0896c-a435-46e3-a62b-55500171870d-groupManagement] INFO  util.JmxRegister (JmxRegister.java:tryRegister(44)) - Successfully registered JMX Bean with object name Ratis:service=RaftServer,group=group-F4595A0CC38F,id=adb0896c-a435-46e3-a62b-55500171870d
2023-06-06 14:29:23,682 [adb0896c-a435-46e3-a62b-55500171870d-groupManagement] INFO  server.RaftServerConfigKeys (ConfUtils.java:logGet(46)) - raft.server.snapshot.auto.trigger.enabled = true (custom)
2023-06-06 14:29:23,682 [adb0896c-a435-46e3-a62b-55500171870d-groupManagement] INFO  server.RaftServerConfigKeys (ConfUtils.java:logGet(46)) - raft.server.snapshot.auto.trigger.threshold = 10000 (custom)
2023-06-06 14:29:23,682 [adb0896c-a435-46e3-a62b-55500171870d-groupManagement] INFO  server.RaftServerConfigKeys (ConfUtils.java:logGet(46)) - raft.server.snapshot.retention.file.num = 5 (custom)
2023-06-06 14:29:23,682 [adb0896c-a435-46e3-a62b-55500171870d-groupManagement] INFO  server.RaftServerConfigKeys (ConfUtils.java:logGet(46)) - raft.server.log.purge.upto.snapshot.index = false (default)
2023-06-06 14:29:23,682 [adb0896c-a435-46e3-a62b-55500171870d@group-F4595A0CC38F-FollowerState] INFO  server.RaftServerConfigKeys (ConfUtils.java:logFallback(53)) - raft.server.rpc.first-election.timeout.min = 5s (fallback to raft.server.rpc.timeout.min)
2023-06-06 14:29:23,682 [adb0896c-a435-46e3-a62b-55500171870d@group-F4595A0CC38F-FollowerState] INFO  server.RaftServerConfigKeys (ConfUtils.java:logFallback(53)) - raft.server.rpc.first-election.timeout.max = 5200ms (fallback to raft.server.rpc.timeout.max)
2023-06-06 14:29:23,704 [grpc-default-executor-0] INFO  server.RaftServer (RaftServerProxy.java:addNew(98)) - 4ad61454-c850-4d9b-b065-88bf5b94c1a7: addNew group-F4595A0CC38F:[b5c86db4-08d8-4650-853d-8ab079fb10e3|rpc:10.1.0.37:15188|admin:10.1.0.37:15187|client:10.1.0.37:15186|dataStream:10.1.0.37:15189|priority:0|startupRole:FOLLOWER, adb0896c-a435-46e3-a62b-55500171870d|rpc:10.1.0.37:15206|admin:10.1.0.37:15205|client:10.1.0.37:15204|dataStream:10.1.0.37:15207|priority:0|startupRole:FOLLOWER, 4ad61454-c850-4d9b-b065-88bf5b94c1a7|rpc:10.1.0.37:15197|admin:10.1.0.37:15196|client:10.1.0.37:15195|dataStream:10.1.0.37:15198|priority:1|startupRole:FOLLOWER] returns group-F4595A0CC38F:java.util.concurrent.CompletableFuture@3a7bb798[Not completed]
2023-06-06 14:29:23,705 [4ad61454-c850-4d9b-b065-88bf5b94c1a7-groupManagement] INFO  server.RaftServer$Division (RaftServerImpl.java:<init>(198)) - 4ad61454-c850-4d9b-b065-88bf5b94c1a7: new RaftServerImpl for group-F4595A0CC38F:[b5c86db4-08d8-4650-853d-8ab079fb10e3|rpc:10.1.0.37:15188|admin:10.1.0.37:15187|client:10.1.0.37:15186|dataStream:10.1.0.37:15189|priority:0|startupRole:FOLLOWER, adb0896c-a435-46e3-a62b-55500171870d|rpc:10.1.0.37:15206|admin:10.1.0.37:15205|client:10.1.0.37:15204|dataStream:10.1.0.37:15207|priority:0|startupRole:FOLLOWER, 4ad61454-c850-4d9b-b065-88bf5b94c1a7|rpc:10.1.0.37:15197|admin:10.1.0.37:15196|client:10.1.0.37:15195|dataStream:10.1.0.37:15198|priority:1|startupRole:FOLLOWER] with ContainerStateMachine:uninitialized
2023-06-06 14:29:23,705 [4ad61454-c850-4d9b-b065-88bf5b94c1a7-groupManagement] INFO  server.RaftServerConfigKeys (ConfUtils.java:logGet(46)) - raft.server.rpc.timeout.min = 5s (custom)
2023-06-06 14:29:23,705 [4ad61454-c850-4d9b-b065-88bf5b94c1a7-groupManagement] INFO  server.RaftServerConfigKeys (ConfUtils.java:logGet(46)) - raft.server.rpc.timeout.max = 5200ms (custom)
2023-06-06 14:29:23,705 [4ad61454-c850-4d9b-b065-88bf5b94c1a7-groupManagement] INFO  server.RaftServerConfigKeys (ConfUtils.java:logGet(46)) - raft.server.rpc.sleep.time = 25ms (default)
2023-06-06 14:29:23,705 [4ad61454-c850-4d9b-b065-88bf5b94c1a7-groupManagement] INFO  server.RaftServerConfigKeys (ConfUtils.java:logGet(46)) - raft.server.rpc.slowness.timeout = 300s (custom)
2023-06-06 14:29:23,706 [4ad61454-c850-4d9b-b065-88bf5b94c1a7-groupManagement] INFO  server.RaftServerConfigKeys (ConfUtils.java:logGet(46)) - raft.server.leaderelection.leader.step-down.wait-time = 10s (default)
2023-06-06 14:29:23,706 [4ad61454-c850-4d9b-b065-88bf5b94c1a7-groupManagement] INFO  server.RaftServerConfigKeys (ConfUtils.java:logGet(46)) - raft.server.sleep.deviation.threshold = 300ms (default)
2023-06-06 14:29:23,706 [4ad61454-c850-4d9b-b065-88bf5b94c1a7-groupManagement] INFO  server.RaftServer$Division (ServerState.java:<init>(120)) - 4ad61454-c850-4d9b-b065-88bf5b94c1a7@group-F4595A0CC38F: ConfigurationManager, init=-1: peers:[b5c86db4-08d8-4650-853d-8ab079fb10e3|rpc:10.1.0.37:15188|admin:10.1.0.37:15187|client:10.1.0.37:15186|dataStream:10.1.0.37:15189|priority:0|startupRole:FOLLOWER, adb0896c-a435-46e3-a62b-55500171870d|rpc:10.1.0.37:15206|admin:10.1.0.37:15205|client:10.1.0.37:15204|dataStream:10.1.0.37:15207|priority:0|startupRole:FOLLOWER, 4ad61454-c850-4d9b-b065-88bf5b94c1a7|rpc:10.1.0.37:15197|admin:10.1.0.37:15196|client:10.1.0.37:15195|dataStream:10.1.0.37:15198|priority:1|startupRole:FOLLOWER]|listeners:[], old=null, confs=<EMPTY_MAP>
2023-06-06 14:29:23,706 [4ad61454-c850-4d9b-b065-88bf5b94c1a7-groupManagement] INFO  server.RaftServerConfigKeys (ConfUtils.java:logGet(46)) - raft.server.storage.dir = [/home/runner/work/ozone/ozone/hadoop-ozone/integration-test/target/test-dir/MiniOzoneClusterImpl-446b9376-286d-4f49-81c3-2a666e658b7e/datanode-1/data/ratis] (custom)
2023-06-06 14:29:23,706 [4ad61454-c850-4d9b-b065-88bf5b94c1a7-groupManagement] INFO  server.RaftServerConfigKeys (ConfUtils.java:logGet(46)) - raft.server.log.corruption.policy = EXCEPTION (default)
2023-06-06 14:29:23,706 [4ad61454-c850-4d9b-b065-88bf5b94c1a7-groupManagement] INFO  server.RaftServerConfigKeys (ConfUtils.java:logGet(46)) - raft.server.storage.free-space.min = 0MB (=0) (default)
2023-06-06 14:29:23,706 [4ad61454-c850-4d9b-b065-88bf5b94c1a7-groupManagement] INFO  server.RaftServerConfigKeys (ConfUtils.java:logGet(46)) - raft.server.notification.no-leader.timeout = 300s (custom)
2023-06-06 14:29:23,706 [4ad61454-c850-4d9b-b065-88bf5b94c1a7-groupManagement] INFO  server.RaftServerConfigKeys (ConfUtils.java:logGet(46)) - raft.server.read.timeout = 10s (default)
2023-06-06 14:29:23,706 [4ad61454-c850-4d9b-b065-88bf5b94c1a7-groupManagement] INFO  server.RaftServerConfigKeys (ConfUtils.java:logGet(46)) - raft.server.retrycache.expirytime = 600000ms (custom)
2023-06-06 14:29:23,706 [4ad61454-c850-4d9b-b065-88bf5b94c1a7-groupManagement] INFO  server.RaftServerConfigKeys (ConfUtils.java:logGet(46)) - raft.server.retrycache.statistics.expirytime = 100μs (default)
2023-06-06 14:29:23,706 [4ad61454-c850-4d9b-b065-88bf5b94c1a7-groupManagement] INFO  server.RaftServerConfigKeys (ConfUtils.java:logGet(46)) - raft.server.read.option = DEFAULT (default)
2023-06-06 14:29:23,707 [4ad61454-c850-4d9b-b065-88bf5b94c1a7-groupManagement] INFO  server.RaftServerConfigKeys (ConfUtils.java:logGet(46)) - raft.server.rpc.request.timeout = 60s (custom)
2023-06-06 14:29:23,707 [4ad61454-c850-4d9b-b065-88bf5b94c1a7-groupManagement] INFO  server.RaftServerConfigKeys (ConfUtils.java:logGet(46)) - raft.server.log.appender.install.snapshot.enabled = false (custom)
2023-06-06 14:29:23,707 [4ad61454-c850-4d9b-b065-88bf5b94c1a7-groupManagement] INFO  server.RaftServerConfigKeys (ConfUtils.java:logGet(46)) - raft.server.threadpool.server.cached = true (default)
2023-06-06 14:29:23,707 [4ad61454-c850-4d9b-b065-88bf5b94c1a7-groupManagement] INFO  server.RaftServerConfigKeys (ConfUtils.java:logGet(46)) - raft.server.threadpool.server.size = 0 (default)
2023-06-06 14:29:23,707 [4ad61454-c850-4d9b-b065-88bf5b94c1a7-groupManagement] INFO  server.RaftServerConfigKeys (ConfUtils.java:logGet(46)) - raft.server.threadpool.client.cached = true (default)
2023-06-06 14:29:23,707 [4ad61454-c850-4d9b-b065-88bf5b94c1a7-groupManagement] INFO  server.RaftServerConfigKeys (ConfUtils.java:logGet(46)) - raft.server.threadpool.client.size = 0 (default)
2023-06-06 14:29:23,707 [4ad61454-c850-4d9b-b065-88bf5b94c1a7-groupManagement] INFO  storage.RaftStorageDirectory (RaftStorageDirectoryImpl.java:analyzeStorage(137)) - The storage directory /home/runner/work/ozone/ozone/hadoop-ozone/integration-test/target/test-dir/MiniOzoneClusterImpl-446b9376-286d-4f49-81c3-2a666e658b7e/datanode-1/data/ratis/fc5882d7-8a45-4742-b2ea-f4595a0cc38f does not exist. Creating ...
2023-06-06 14:29:23,708 [4ad61454-c850-4d9b-b065-88bf5b94c1a7-groupManagement] INFO  storage.RaftStorageDirectory (RaftStorageDirectoryImpl.java:tryLock(231)) - Lock on /home/runner/work/ozone/ozone/hadoop-ozone/integration-test/target/test-dir/MiniOzoneClusterImpl-446b9376-286d-4f49-81c3-2a666e658b7e/datanode-1/data/ratis/fc5882d7-8a45-4742-b2ea-f4595a0cc38f/in_use.lock acquired by nodename 75814@fv-az1133-973
2023-06-06 14:29:23,709 [4ad61454-c850-4d9b-b065-88bf5b94c1a7-groupManagement] INFO  storage.RaftStorage (RaftStorageImpl.java:format(96)) - Storage directory /home/runner/work/ozone/ozone/hadoop-ozone/integration-test/target/test-dir/MiniOzoneClusterImpl-446b9376-286d-4f49-81c3-2a666e658b7e/datanode-1/data/ratis/fc5882d7-8a45-4742-b2ea-f4595a0cc38f has been successfully formatted.
2023-06-06 14:29:23,710 [4ad61454-c850-4d9b-b065-88bf5b94c1a7-groupManagement] INFO  ratis.ContainerStateMachine (ContainerStateMachine.java:loadSnapshot(262)) - group-F4595A0CC38F: The snapshot info is null. Setting the last applied indexto:(t:0, i:~)
2023-06-06 14:29:23,710 [4ad61454-c850-4d9b-b065-88bf5b94c1a7-groupManagement] INFO  server.RaftServerConfigKeys (ConfUtils.java:logGet(46)) - raft.server.log.use.memory = false (default)
2023-06-06 14:29:23,711 [4ad61454-c850-4d9b-b065-88bf5b94c1a7-groupManagement] INFO  server.RaftServerConfigKeys (ConfUtils.java:logGet(46)) - raft.server.log.purge.gap = 1000000 (custom)
2023-06-06 14:29:23,711 [4ad61454-c850-4d9b-b065-88bf5b94c1a7-groupManagement] INFO  server.RaftServerConfigKeys (ConfUtils.java:logGet(46)) - raft.server.log.appender.buffer.byte-limit = 33554432 (custom)
2023-06-06 14:29:23,711 [4ad61454-c850-4d9b-b065-88bf5b94c1a7-groupManagement] INFO  server.RaftServerConfigKeys (ConfUtils.java:logGet(46)) - raft.server.log.statemachine.data.read.timeout = 1000ms (default)
2023-06-06 14:29:23,711 [4ad61454-c850-4d9b-b065-88bf5b94c1a7-groupManagement] INFO  server.RaftServerConfigKeys (ConfUtils.java:logGet(46)) - raft.server.log.purge.preservation.log.num = 0 (default)
2023-06-06 14:29:23,711 [4ad61454-c850-4d9b-b065-88bf5b94c1a7-groupManagement] INFO  server.RaftServerConfigKeys (ConfUtils.java:logGet(46)) - raft.server.log.segment.size.max = 1048576 (custom)
2023-06-06 14:29:23,712 [4ad61454-c850-4d9b-b065-88bf5b94c1a7-groupManagement] INFO  server.RaftServerConfigKeys (ConfUtils.java:logGet(46)) - raft.server.log.segment.cache.num.max = 2 (custom)
2023-06-06 14:29:23,712 [4ad61454-c850-4d9b-b065-88bf5b94c1a7-groupManagement] INFO  server.RaftServerConfigKeys (ConfUtils.java:logGet(46)) - raft.server.log.segment.cache.size.max = 200MB (=209715200) (default)
2023-06-06 14:29:23,712 [4ad61454-c850-4d9b-b065-88bf5b94c1a7-groupManagement] INFO  server.RaftServerConfigKeys (ConfUtils.java:logGet(46)) - raft.server.log.appender.buffer.byte-limit = 33554432 (custom)
2023-06-06 14:29:23,712 [4ad61454-c850-4d9b-b065-88bf5b94c1a7-groupManagement] INFO  segmented.SegmentedRaftLogWorker (SegmentedRaftLogWorker.java:<init>(188)) - new 4ad61454-c850-4d9b-b065-88bf5b94c1a7@group-F4595A0CC38F-SegmentedRaftLogWorker for RaftStorageImpl:Storage Directory /home/runner/work/ozone/ozone/hadoop-ozone/integration-test/target/test-dir/MiniOzoneClusterImpl-446b9376-286d-4f49-81c3-2a666e658b7e/datanode-1/data/ratis/fc5882d7-8a45-4742-b2ea-f4595a0cc38f
2023-06-06 14:29:23,712 [4ad61454-c850-4d9b-b065-88bf5b94c1a7-groupManagement] INFO  server.RaftServerConfigKeys (ConfUtils.java:logGet(46)) - raft.server.log.queue.byte-limit = 4294967296 (custom)
2023-06-06 14:29:23,712 [4ad61454-c850-4d9b-b065-88bf5b94c1a7-groupManagement] INFO  server.RaftServerConfigKeys (ConfUtils.java:logGet(46)) - raft.server.log.queue.element-limit = 1024 (custom)
2023-06-06 14:29:23,712 [4ad61454-c850-4d9b-b065-88bf5b94c1a7-groupManagement] INFO  server.RaftServerConfigKeys (ConfUtils.java:logGet(46)) - raft.server.log.segment.size.max = 1048576 (custom)
2023-06-06 14:29:23,712 [4ad61454-c850-4d9b-b065-88bf5b94c1a7-groupManagement] INFO  server.RaftServerConfigKeys (ConfUtils.java:logGet(46)) - raft.server.log.preallocated.size = 16384 (custom)
2023-06-06 14:29:23,712 [4ad61454-c850-4d9b-b065-88bf5b94c1a7-groupManagement] INFO  server.RaftServerConfigKeys (ConfUtils.java:logGet(46)) - raft.server.log.force.sync.num = 128 (default)
2023-06-06 14:29:23,712 [4ad61454-c850-4d9b-b065-88bf5b94c1a7-groupManagement] INFO  server.RaftServerConfigKeys (ConfUtils.java:logGet(46)) - raft.server.log.statemachine.data.sync = true (default)
2023-06-06 14:29:23,712 [4ad61454-c850-4d9b-b065-88bf5b94c1a7-groupManagement] INFO  server.RaftServerConfigKeys (ConfUtils.java:logGet(46)) - raft.server.log.statemachine.data.sync.timeout = 10s (default)
2023-06-06 14:29:23,712 [4ad61454-c850-4d9b-b065-88bf5b94c1a7-groupManagement] INFO  server.RaftServerConfigKeys (ConfUtils.java:logGet(46)) - raft.server.log.statemachine.data.sync.timeout.retry = -1 (default)
2023-06-06 14:29:23,718 [4ad61454-c850-4d9b-b065-88bf5b94c1a7-groupManagement] INFO  server.RaftServerConfigKeys (ConfUtils.java:logGet(46)) - raft.server.log.write.buffer.size = 1048576 (custom)
2023-06-06 14:29:23,718 [4ad61454-c850-4d9b-b065-88bf5b94c1a7-groupManagement] INFO  server.RaftServerConfigKeys (ConfUtils.java:logGet(46)) - raft.server.log.appender.buffer.byte-limit = 33554432 (custom)
2023-06-06 14:29:23,723 [4ad61454-c850-4d9b-b065-88bf5b94c1a7-groupManagement] INFO  server.RaftServerConfigKeys (ConfUtils.java:logGet(46)) - raft.server.log.unsafe-flush.enabled = false (default)
2023-06-06 14:29:23,723 [4ad61454-c850-4d9b-b065-88bf5b94c1a7-groupManagement] INFO  server.RaftServerConfigKeys (ConfUtils.java:logGet(46)) - raft.server.log.async-flush.enabled = false (default)
2023-06-06 14:29:23,723 [4ad61454-c850-4d9b-b065-88bf5b94c1a7-groupManagement] INFO  server.RaftServerConfigKeys (ConfUtils.java:logGet(46)) - raft.server.log.statemachine.data.caching.enabled = true (custom)
2023-06-06 14:29:23,724 [4ad61454-c850-4d9b-b065-88bf5b94c1a7-groupManagement] INFO  segmented.SegmentedRaftLogWorker (SegmentedRaftLogWorker.java:lambda$new$0(135)) - 4ad61454-c850-4d9b-b065-88bf5b94c1a7@group-F4595A0CC38F-SegmentedRaftLogWorker: flushIndex: setUnconditionally 0 -> -1
2023-06-06 14:29:23,724 [4ad61454-c850-4d9b-b065-88bf5b94c1a7-groupManagement] INFO  segmented.SegmentedRaftLogWorker (SegmentedRaftLogWorker.java:lambda$new$0(135)) - 4ad61454-c850-4d9b-b065-88bf5b94c1a7@group-F4595A0CC38F-SegmentedRaftLogWorker: safeCacheEvictIndex: setUnconditionally 0 -> -1
2023-06-06 14:29:23,725 [4ad61454-c850-4d9b-b065-88bf5b94c1a7-groupManagement] INFO  server.RaftServer$Division (RaftServerImpl.java:start(342)) - 4ad61454-c850-4d9b-b065-88bf5b94c1a7@group-F4595A0CC38F: start as a follower, conf=-1: peers:[b5c86db4-08d8-4650-853d-8ab079fb10e3|rpc:10.1.0.37:15188|admin:10.1.0.37:15187|client:10.1.0.37:15186|dataStream:10.1.0.37:15189|priority:0|startupRole:FOLLOWER, adb0896c-a435-46e3-a62b-55500171870d|rpc:10.1.0.37:15206|admin:10.1.0.37:15205|client:10.1.0.37:15204|dataStream:10.1.0.37:15207|priority:0|startupRole:FOLLOWER, 4ad61454-c850-4d9b-b065-88bf5b94c1a7|rpc:10.1.0.37:15197|admin:10.1.0.37:15196|client:10.1.0.37:15195|dataStream:10.1.0.37:15198|priority:1|startupRole:FOLLOWER]|listeners:[], old=null
2023-06-06 14:29:23,725 [4ad61454-c850-4d9b-b065-88bf5b94c1a7-groupManagement] INFO  server.RaftServer$Division (RaftServerImpl.java:setRole(329)) - 4ad61454-c850-4d9b-b065-88bf5b94c1a7@group-F4595A0CC38F: changes role from      null to FOLLOWER at term 0 for startAsFollower
2023-06-06 14:29:23,725 [4ad61454-c850-4d9b-b065-88bf5b94c1a7-groupManagement] INFO  impl.RoleInfo (RoleInfo.java:updateAndGet(139)) - 4ad61454-c850-4d9b-b065-88bf5b94c1a7: start 4ad61454-c850-4d9b-b065-88bf5b94c1a7@group-F4595A0CC38F-FollowerState
2023-06-06 14:29:23,725 [4ad61454-c850-4d9b-b065-88bf5b94c1a7@group-F4595A0CC38F-FollowerState] INFO  server.RaftServerConfigKeys (ConfUtils.java:logFallback(53)) - raft.server.rpc.first-election.timeout.min = 5s (fallback to raft.server.rpc.timeout.min)
2023-06-06 14:29:23,726 [4ad61454-c850-4d9b-b065-88bf5b94c1a7-groupManagement] INFO  util.JmxRegister (JmxRegister.java:tryRegister(44)) - Successfully registered JMX Bean with object name Ratis:service=RaftServer,group=group-F4595A0CC38F,id=4ad61454-c850-4d9b-b065-88bf5b94c1a7
2023-06-06 14:29:23,726 [4ad61454-c850-4d9b-b065-88bf5b94c1a7@group-F4595A0CC38F-FollowerState] INFO  server.RaftServerConfigKeys (ConfUtils.java:logFallback(53)) - raft.server.rpc.first-election.timeout.max = 5200ms (fallback to raft.server.rpc.timeout.max)
2023-06-06 14:29:23,726 [4ad61454-c850-4d9b-b065-88bf5b94c1a7-groupManagement] INFO  server.RaftServerConfigKeys (ConfUtils.java:logGet(46)) - raft.server.snapshot.auto.trigger.enabled = true (custom)
2023-06-06 14:29:23,726 [4ad61454-c850-4d9b-b065-88bf5b94c1a7-groupManagement] INFO  server.RaftServerConfigKeys (ConfUtils.java:logGet(46)) - raft.server.snapshot.auto.trigger.threshold = 10000 (custom)
2023-06-06 14:29:23,726 [4ad61454-c850-4d9b-b065-88bf5b94c1a7-groupManagement] INFO  server.RaftServerConfigKeys (ConfUtils.java:logGet(46)) - raft.server.snapshot.retention.file.num = 5 (custom)
2023-06-06 14:29:23,726 [4ad61454-c850-4d9b-b065-88bf5b94c1a7-groupManagement] INFO  server.RaftServerConfigKeys (ConfUtils.java:logGet(46)) - raft.server.log.purge.upto.snapshot.index = false (default)
2023-06-06 14:29:23,733 [PipelineCommandHandlerThread-0] INFO  commandhandler.CreatePipelineCommandHandler (CreatePipelineCommandHandler.java:lambda$handle$2(124)) - Created Pipeline RATIS THREE PipelineID=fc5882d7-8a45-4742-b2ea-f4595a0cc38f.
2023-06-06 14:29:23,734 [PipelineCommandHandlerThread-0] INFO  server.RaftServer (RaftServerProxy.java:addNew(98)) - b5c86db4-08d8-4650-853d-8ab079fb10e3: addNew group-C9C490725441:[b5c86db4-08d8-4650-853d-8ab079fb10e3|rpc:10.1.0.37:15188|admin:10.1.0.37:15187|client:10.1.0.37:15186|dataStream:10.1.0.37:15189|priority:1|startupRole:FOLLOWER, adb0896c-a435-46e3-a62b-55500171870d|rpc:10.1.0.37:15206|admin:10.1.0.37:15205|client:10.1.0.37:15204|dataStream:10.1.0.37:15207|priority:0|startupRole:FOLLOWER, 4ad61454-c850-4d9b-b065-88bf5b94c1a7|rpc:10.1.0.37:15197|admin:10.1.0.37:15196|client:10.1.0.37:15195|dataStream:10.1.0.37:15198|priority:0|startupRole:FOLLOWER] returns group-C9C490725441:java.util.concurrent.CompletableFuture@39b68924[Not completed]
2023-06-06 14:29:23,734 [b5c86db4-08d8-4650-853d-8ab079fb10e3-groupManagement] INFO  server.RaftServer$Division (RaftServerImpl.java:<init>(198)) - b5c86db4-08d8-4650-853d-8ab079fb10e3: new RaftServerImpl for group-C9C490725441:[b5c86db4-08d8-4650-853d-8ab079fb10e3|rpc:10.1.0.37:15188|admin:10.1.0.37:15187|client:10.1.0.37:15186|dataStream:10.1.0.37:15189|priority:1|startupRole:FOLLOWER, adb0896c-a435-46e3-a62b-55500171870d|rpc:10.1.0.37:15206|admin:10.1.0.37:15205|client:10.1.0.37:15204|dataStream:10.1.0.37:15207|priority:0|startupRole:FOLLOWER, 4ad61454-c850-4d9b-b065-88bf5b94c1a7|rpc:10.1.0.37:15197|admin:10.1.0.37:15196|client:10.1.0.37:15195|dataStream:10.1.0.37:15198|priority:0|startupRole:FOLLOWER] with ContainerStateMachine:uninitialized
2023-06-06 14:29:23,735 [b5c86db4-08d8-4650-853d-8ab079fb10e3-groupManagement] INFO  server.RaftServerConfigKeys (ConfUtils.java:logGet(46)) - raft.server.rpc.timeout.min = 5s (custom)
2023-06-06 14:29:23,735 [b5c86db4-08d8-4650-853d-8ab079fb10e3-groupManagement] INFO  server.RaftServerConfigKeys (ConfUtils.java:logGet(46)) - raft.server.rpc.timeout.max = 5200ms (custom)
2023-06-06 14:29:23,735 [b5c86db4-08d8-4650-853d-8ab079fb10e3-groupManagement] INFO  server.RaftServerConfigKeys (ConfUtils.java:logGet(46)) - raft.server.rpc.sleep.time = 25ms (default)
2023-06-06 14:29:23,735 [b5c86db4-08d8-4650-853d-8ab079fb10e3-groupManagement] INFO  server.RaftServerConfigKeys (ConfUtils.java:logGet(46)) - raft.server.rpc.slowness.timeout = 300s (custom)
2023-06-06 14:29:23,735 [b5c86db4-08d8-4650-853d-8ab079fb10e3-groupManagement] INFO  server.RaftServerConfigKeys (ConfUtils.java:logGet(46)) - raft.server.leaderelection.leader.step-down.wait-time = 10s (default)
2023-06-06 14:29:23,735 [b5c86db4-08d8-4650-853d-8ab079fb10e3-groupManagement] INFO  server.RaftServerConfigKeys (ConfUtils.java:logGet(46)) - raft.server.sleep.deviation.threshold = 300ms (default)
2023-06-06 14:29:23,735 [b5c86db4-08d8-4650-853d-8ab079fb10e3-groupManagement] INFO  server.RaftServer$Division (ServerState.java:<init>(120)) - b5c86db4-08d8-4650-853d-8ab079fb10e3@group-C9C490725441: ConfigurationManager, init=-1: peers:[b5c86db4-08d8-4650-853d-8ab079fb10e3|rpc:10.1.0.37:15188|admin:10.1.0.37:15187|client:10.1.0.37:15186|dataStream:10.1.0.37:15189|priority:1|startupRole:FOLLOWER, adb0896c-a435-46e3-a62b-55500171870d|rpc:10.1.0.37:15206|admin:10.1.0.37:15205|client:10.1.0.37:15204|dataStream:10.1.0.37:15207|priority:0|startupRole:FOLLOWER, 4ad61454-c850-4d9b-b065-88bf5b94c1a7|rpc:10.1.0.37:15197|admin:10.1.0.37:15196|client:10.1.0.37:15195|dataStream:10.1.0.37:15198|priority:0|startupRole:FOLLOWER]|listeners:[], old=null, confs=<EMPTY_MAP>
2023-06-06 14:29:23,735 [b5c86db4-08d8-4650-853d-8ab079fb10e3-groupManagement] INFO  server.RaftServerConfigKeys (ConfUtils.java:logGet(46)) - raft.server.storage.dir = [/home/runner/work/ozone/ozone/hadoop-ozone/integration-test/target/test-dir/MiniOzoneClusterImpl-446b9376-286d-4f49-81c3-2a666e658b7e/datanode-0/data/ratis] (custom)
2023-06-06 14:29:23,735 [b5c86db4-08d8-4650-853d-8ab079fb10e3-groupManagement] INFO  server.RaftServerConfigKeys (ConfUtils.java:logGet(46)) - raft.server.log.corruption.policy = EXCEPTION (default)
2023-06-06 14:29:23,735 [b5c86db4-08d8-4650-853d-8ab079fb10e3-groupManagement] INFO  server.RaftServerConfigKeys (ConfUtils.java:logGet(46)) - raft.server.storage.free-space.min = 0MB (=0) (default)
2023-06-06 14:29:23,735 [b5c86db4-08d8-4650-853d-8ab079fb10e3-groupManagement] INFO  server.RaftServerConfigKeys (ConfUtils.java:logGet(46)) - raft.server.notification.no-leader.timeout = 300s (custom)
2023-06-06 14:29:23,735 [b5c86db4-08d8-4650-853d-8ab079fb10e3-groupManagement] INFO  server.RaftServerConfigKeys (ConfUtils.java:logGet(46)) - raft.server.read.timeout = 10s (default)
2023-06-06 14:29:23,735 [b5c86db4-08d8-4650-853d-8ab079fb10e3-groupManagement] INFO  server.RaftServerConfigKeys (ConfUtils.java:logGet(46)) - raft.server.retrycache.expirytime = 600000ms (custom)
2023-06-06 14:29:23,735 [b5c86db4-08d8-4650-853d-8ab079fb10e3-groupManagement] INFO  server.RaftServerConfigKeys (ConfUtils.java:logGet(46)) - raft.server.retrycache.statistics.expirytime = 100μs (default)
2023-06-06 14:29:23,735 [b5c86db4-08d8-4650-853d-8ab079fb10e3-groupManagement] INFO  server.RaftServerConfigKeys (ConfUtils.java:logGet(46)) - raft.server.read.option = DEFAULT (default)
2023-06-06 14:29:23,736 [b5c86db4-08d8-4650-853d-8ab079fb10e3-groupManagement] INFO  server.RaftServerConfigKeys (ConfUtils.java:logGet(46)) - raft.server.rpc.request.timeout = 60s (custom)
2023-06-06 14:29:23,736 [b5c86db4-08d8-4650-853d-8ab079fb10e3-groupManagement] INFO  server.RaftServerConfigKeys (ConfUtils.java:logGet(46)) - raft.server.log.appender.install.snapshot.enabled = false (custom)
2023-06-06 14:29:23,736 [b5c86db4-08d8-4650-853d-8ab079fb10e3-groupManagement] INFO  server.RaftServerConfigKeys (ConfUtils.java:logGet(46)) - raft.server.threadpool.server.cached = true (default)
2023-06-06 14:29:23,736 [b5c86db4-08d8-4650-853d-8ab079fb10e3-groupManagement] INFO  server.RaftServerConfigKeys (ConfUtils.java:logGet(46)) - raft.server.threadpool.server.size = 0 (default)
2023-06-06 14:29:23,736 [b5c86db4-08d8-4650-853d-8ab079fb10e3-groupManagement] INFO  server.RaftServerConfigKeys (ConfUtils.java:logGet(46)) - raft.server.threadpool.client.cached = true (default)
2023-06-06 14:29:23,736 [b5c86db4-08d8-4650-853d-8ab079fb10e3-groupManagement] INFO  server.RaftServerConfigKeys (ConfUtils.java:logGet(46)) - raft.server.threadpool.client.size = 0 (default)
2023-06-06 14:29:23,736 [b5c86db4-08d8-4650-853d-8ab079fb10e3-groupManagement] INFO  storage.RaftStorageDirectory (RaftStorageDirectoryImpl.java:analyzeStorage(137)) - The storage directory /home/runner/work/ozone/ozone/hadoop-ozone/integration-test/target/test-dir/MiniOzoneClusterImpl-446b9376-286d-4f49-81c3-2a666e658b7e/datanode-0/data/ratis/08142710-7d31-4048-b62e-c9c490725441 does not exist. Creating ...
2023-06-06 14:29:23,739 [b5c86db4-08d8-4650-853d-8ab079fb10e3-groupManagement] INFO  storage.RaftStorageDirectory (RaftStorageDirectoryImpl.java:tryLock(231)) - Lock on /home/runner/work/ozone/ozone/hadoop-ozone/integration-test/target/test-dir/MiniOzoneClusterImpl-446b9376-286d-4f49-81c3-2a666e658b7e/datanode-0/data/ratis/08142710-7d31-4048-b62e-c9c490725441/in_use.lock acquired by nodename 75814@fv-az1133-973
2023-06-06 14:29:23,740 [b5c86db4-08d8-4650-853d-8ab079fb10e3-groupManagement] INFO  storage.RaftStorage (RaftStorageImpl.java:format(96)) - Storage directory /home/runner/work/ozone/ozone/hadoop-ozone/integration-test/target/test-dir/MiniOzoneClusterImpl-446b9376-286d-4f49-81c3-2a666e658b7e/datanode-0/data/ratis/08142710-7d31-4048-b62e-c9c490725441 has been successfully formatted.
2023-06-06 14:29:23,740 [b5c86db4-08d8-4650-853d-8ab079fb10e3-groupManagement] INFO  ratis.ContainerStateMachine (ContainerStateMachine.java:loadSnapshot(262)) - group-C9C490725441: The snapshot info is null. Setting the last applied indexto:(t:0, i:~)
2023-06-06 14:29:23,740 [b5c86db4-08d8-4650-853d-8ab079fb10e3-groupManagement] INFO  server.RaftServerConfigKeys (ConfUtils.java:logGet(46)) - raft.server.log.use.memory = false (default)
2023-06-06 14:29:23,740 [b5c86db4-08d8-4650-853d-8ab079fb10e3-groupManagement] INFO  server.RaftServerConfigKeys (ConfUtils.java:logGet(46)) - raft.server.log.purge.gap = 1000000 (custom)
2023-06-06 14:29:23,740 [b5c86db4-08d8-4650-853d-8ab079fb10e3-groupManagement] INFO  server.RaftServerConfigKeys (ConfUtils.java:logGet(46)) - raft.server.log.appender.buffer.byte-limit = 33554432 (custom)
2023-06-06 14:29:23,741 [EventQueue-OpenPipelineForHealthyPipelineSafeModeRule] INFO  safemode.SCMSafeModeManager (HealthyPipelineSafeModeRule.java:process(137)) - SCM in safe mode. Healthy pipelines reported count is 0, required healthy pipeline reported count is 1
2023-06-06 14:29:23,742 [b5c86db4-08d8-4650-853d-8ab079fb10e3-groupManagement] INFO  server.RaftServerConfigKeys (ConfUtils.java:logGet(46)) - raft.server.log.statemachine.data.read.timeout = 1000ms (default)
2023-06-06 14:29:23,742 [b5c86db4-08d8-4650-853d-8ab079fb10e3-groupManagement] INFO  server.RaftServerConfigKeys (ConfUtils.java:logGet(46)) - raft.server.log.purge.preservation.log.num = 0 (default)
2023-06-06 14:29:23,742 [b5c86db4-08d8-4650-853d-8ab079fb10e3-groupManagement] INFO  server.RaftServerConfigKeys (ConfUtils.java:logGet(46)) - raft.server.log.segment.size.max = 1048576 (custom)
2023-06-06 14:29:23,742 [b5c86db4-08d8-4650-853d-8ab079fb10e3-groupManagement] INFO  server.RaftServerConfigKeys (ConfUtils.java:logGet(46)) - raft.server.log.segment.cache.num.max = 2 (custom)
2023-06-06 14:29:23,742 [b5c86db4-08d8-4650-853d-8ab079fb10e3-groupManagement] INFO  server.RaftServerConfigKeys (ConfUtils.java:logGet(46)) - raft.server.log.segment.cache.size.max = 200MB (=209715200) (default)
2023-06-06 14:29:23,742 [b5c86db4-08d8-4650-853d-8ab079fb10e3-groupManagement] INFO  server.RaftServerConfigKeys (ConfUtils.java:logGet(46)) - raft.server.log.appender.buffer.byte-limit = 33554432 (custom)
2023-06-06 14:29:23,742 [b5c86db4-08d8-4650-853d-8ab079fb10e3-groupManagement] INFO  segmented.SegmentedRaftLogWorker (SegmentedRaftLogWorker.java:<init>(188)) - new b5c86db4-08d8-4650-853d-8ab079fb10e3@group-C9C490725441-SegmentedRaftLogWorker for RaftStorageImpl:Storage Directory /home/runner/work/ozone/ozone/hadoop-ozone/integration-test/target/test-dir/MiniOzoneClusterImpl-446b9376-286d-4f49-81c3-2a666e658b7e/datanode-0/data/ratis/08142710-7d31-4048-b62e-c9c490725441
2023-06-06 14:29:23,742 [b5c86db4-08d8-4650-853d-8ab079fb10e3-groupManagement] INFO  server.RaftServerConfigKeys (ConfUtils.java:logGet(46)) - raft.server.log.queue.byte-limit = 4294967296 (custom)
2023-06-06 14:29:23,742 [b5c86db4-08d8-4650-853d-8ab079fb10e3-groupManagement] INFO  server.RaftServerConfigKeys (ConfUtils.java:logGet(46)) - raft.server.log.queue.element-limit = 1024 (custom)
2023-06-06 14:29:23,742 [b5c86db4-08d8-4650-853d-8ab079fb10e3-groupManagement] INFO  server.RaftServerConfigKeys (ConfUtils.java:logGet(46)) - raft.server.log.segment.size.max = 1048576 (custom)
2023-06-06 14:29:23,742 [b5c86db4-08d8-4650-853d-8ab079fb10e3-groupManagement] INFO  server.RaftServerConfigKeys (ConfUtils.java:logGet(46)) - raft.server.log.preallocated.size = 16384 (custom)
2023-06-06 14:29:23,742 [b5c86db4-08d8-4650-853d-8ab079fb10e3-groupManagement] INFO  server.RaftServerConfigKeys (ConfUtils.java:logGet(46)) - raft.server.log.force.sync.num = 128 (default)
2023-06-06 14:29:23,742 [b5c86db4-08d8-4650-853d-8ab079fb10e3-groupManagement] INFO  server.RaftServerConfigKeys (ConfUtils.java:logGet(46)) - raft.server.log.statemachine.data.sync = true (default)
2023-06-06 14:29:23,742 [b5c86db4-08d8-4650-853d-8ab079fb10e3-groupManagement] INFO  server.RaftServerConfigKeys (ConfUtils.java:logGet(46)) - raft.server.log.statemachine.data.sync.timeout = 10s (default)
2023-06-06 14:29:23,742 [b5c86db4-08d8-4650-853d-8ab079fb10e3-groupManagement] INFO  server.RaftServerConfigKeys (ConfUtils.java:logGet(46)) - raft.server.log.statemachine.data.sync.timeout.retry = -1 (default)
2023-06-06 14:29:23,743 [b5c86db4-08d8-4650-853d-8ab079fb10e3-groupManagement] INFO  server.RaftServerConfigKeys (ConfUtils.java:logGet(46)) - raft.server.log.write.buffer.size = 1048576 (custom)
2023-06-06 14:29:23,743 [b5c86db4-08d8-4650-853d-8ab079fb10e3-groupManagement] INFO  server.RaftServerConfigKeys (ConfUtils.java:logGet(46)) - raft.server.log.appender.buffer.byte-limit = 33554432 (custom)
2023-06-06 14:29:23,748 [b5c86db4-08d8-4650-853d-8ab079fb10e3-groupManagement] INFO  server.RaftServerConfigKeys (ConfUtils.java:logGet(46)) - raft.server.log.unsafe-flush.enabled = false (default)
2023-06-06 14:29:23,748 [b5c86db4-08d8-4650-853d-8ab079fb10e3-groupManagement] INFO  server.RaftServerConfigKeys (ConfUtils.java:logGet(46)) - raft.server.log.async-flush.enabled = false (default)
2023-06-06 14:29:23,748 [b5c86db4-08d8-4650-853d-8ab079fb10e3-groupManagement] INFO  server.RaftServerConfigKeys (ConfUtils.java:logGet(46)) - raft.server.log.statemachine.data.caching.enabled = true (custom)
2023-06-06 14:29:23,748 [b5c86db4-08d8-4650-853d-8ab079fb10e3-groupManagement] INFO  segmented.SegmentedRaftLogWorker (SegmentedRaftLogWorker.java:lambda$new$0(135)) - b5c86db4-08d8-4650-853d-8ab079fb10e3@group-C9C490725441-SegmentedRaftLogWorker: flushIndex: setUnconditionally 0 -> -1
2023-06-06 14:29:23,748 [b5c86db4-08d8-4650-853d-8ab079fb10e3-groupManagement] INFO  segmented.SegmentedRaftLogWorker (SegmentedRaftLogWorker.java:lambda$new$0(135)) - b5c86db4-08d8-4650-853d-8ab079fb10e3@group-C9C490725441-SegmentedRaftLogWorker: safeCacheEvictIndex: setUnconditionally 0 -> -1
2023-06-06 14:29:23,748 [b5c86db4-08d8-4650-853d-8ab079fb10e3-groupManagement] INFO  server.RaftServer$Division (RaftServerImpl.java:start(342)) - b5c86db4-08d8-4650-853d-8ab079fb10e3@group-C9C490725441: start as a follower, conf=-1: peers:[b5c86db4-08d8-4650-853d-8ab079fb10e3|rpc:10.1.0.37:15188|admin:10.1.0.37:15187|client:10.1.0.37:15186|dataStream:10.1.0.37:15189|priority:1|startupRole:FOLLOWER, adb0896c-a435-46e3-a62b-55500171870d|rpc:10.1.0.37:15206|admin:10.1.0.37:15205|client:10.1.0.37:15204|dataStream:10.1.0.37:15207|priority:0|startupRole:FOLLOWER, 4ad61454-c850-4d9b-b065-88bf5b94c1a7|rpc:10.1.0.37:15197|admin:10.1.0.37:15196|client:10.1.0.37:15195|dataStream:10.1.0.37:15198|priority:0|startupRole:FOLLOWER]|listeners:[], old=null
2023-06-06 14:29:23,748 [b5c86db4-08d8-4650-853d-8ab079fb10e3-groupManagement] INFO  server.RaftServer$Division (RaftServerImpl.java:setRole(329)) - b5c86db4-08d8-4650-853d-8ab079fb10e3@group-C9C490725441: changes role from      null to FOLLOWER at term 0 for startAsFollower
2023-06-06 14:29:23,748 [b5c86db4-08d8-4650-853d-8ab079fb10e3-groupManagement] INFO  impl.RoleInfo (RoleInfo.java:updateAndGet(139)) - b5c86db4-08d8-4650-853d-8ab079fb10e3: start b5c86db4-08d8-4650-853d-8ab079fb10e3@group-C9C490725441-FollowerState
2023-06-06 14:29:23,748 [b5c86db4-08d8-4650-853d-8ab079fb10e3-groupManagement] INFO  util.JmxRegister (JmxRegister.java:tryRegister(44)) - Successfully registered JMX Bean with object name Ratis:service=RaftServer,group=group-C9C490725441,id=b5c86db4-08d8-4650-853d-8ab079fb10e3
2023-06-06 14:29:23,748 [b5c86db4-08d8-4650-853d-8ab079fb10e3@group-C9C490725441-FollowerState] INFO  server.RaftServerConfigKeys (ConfUtils.java:logFallback(53)) - raft.server.rpc.first-election.timeout.min = 5s (fallback to raft.server.rpc.timeout.min)
2023-06-06 14:29:23,748 [b5c86db4-08d8-4650-853d-8ab079fb10e3-groupManagement] INFO  server.RaftServerConfigKeys (ConfUtils.java:logGet(46)) - raft.server.snapshot.auto.trigger.enabled = true (custom)
2023-06-06 14:29:23,748 [b5c86db4-08d8-4650-853d-8ab079fb10e3@group-C9C490725441-FollowerState] INFO  server.RaftServerConfigKeys (ConfUtils.java:logFallback(53)) - raft.server.rpc.first-election.timeout.max = 5200ms (fallback to raft.server.rpc.timeout.max)
2023-06-06 14:29:23,748 [b5c86db4-08d8-4650-853d-8ab079fb10e3-groupManagement] INFO  server.RaftServerConfigKeys (ConfUtils.java:logGet(46)) - raft.server.snapshot.auto.trigger.threshold = 10000 (custom)
2023-06-06 14:29:23,749 [b5c86db4-08d8-4650-853d-8ab079fb10e3-groupManagement] INFO  server.RaftServerConfigKeys (ConfUtils.java:logGet(46)) - raft.server.snapshot.retention.file.num = 5 (custom)
2023-06-06 14:29:23,749 [b5c86db4-08d8-4650-853d-8ab079fb10e3-groupManagement] INFO  server.RaftServerConfigKeys (ConfUtils.java:logGet(46)) - raft.server.log.purge.upto.snapshot.index = false (default)
2023-06-06 14:29:23,749 [PipelineCommandHandlerThread-0] INFO  ratis.XceiverServerRatis (XceiverServerRatis.java:addGroup(804)) - Created group PipelineID=08142710-7d31-4048-b62e-c9c490725441
2023-06-06 14:29:23,758 [grpc-default-executor-0] INFO  server.RaftServer (RaftServerProxy.java:addNew(98)) - adb0896c-a435-46e3-a62b-55500171870d: addNew group-C9C490725441:[b5c86db4-08d8-4650-853d-8ab079fb10e3|rpc:10.1.0.37:15188|admin:10.1.0.37:15187|client:10.1.0.37:15186|dataStream:10.1.0.37:15189|priority:1|startupRole:FOLLOWER, adb0896c-a435-46e3-a62b-55500171870d|rpc:10.1.0.37:15206|admin:10.1.0.37:15205|client:10.1.0.37:15204|dataStream:10.1.0.37:15207|priority:0|startupRole:FOLLOWER, 4ad61454-c850-4d9b-b065-88bf5b94c1a7|rpc:10.1.0.37:15197|admin:10.1.0.37:15196|client:10.1.0.37:15195|dataStream:10.1.0.37:15198|priority:0|startupRole:FOLLOWER] returns group-C9C490725441:java.util.concurrent.CompletableFuture@6ccf115e[Not completed]
2023-06-06 14:29:23,759 [adb0896c-a435-46e3-a62b-55500171870d-groupManagement] INFO  server.RaftServer$Division (RaftServerImpl.java:<init>(198)) - adb0896c-a435-46e3-a62b-55500171870d: new RaftServerImpl for group-C9C490725441:[b5c86db4-08d8-4650-853d-8ab079fb10e3|rpc:10.1.0.37:15188|admin:10.1.0.37:15187|client:10.1.0.37:15186|dataStream:10.1.0.37:15189|priority:1|startupRole:FOLLOWER, adb0896c-a435-46e3-a62b-55500171870d|rpc:10.1.0.37:15206|admin:10.1.0.37:15205|client:10.1.0.37:15204|dataStream:10.1.0.37:15207|priority:0|startupRole:FOLLOWER, 4ad61454-c850-4d9b-b065-88bf5b94c1a7|rpc:10.1.0.37:15197|admin:10.1.0.37:15196|client:10.1.0.37:15195|dataStream:10.1.0.37:15198|priority:0|startupRole:FOLLOWER] with ContainerStateMachine:uninitialized
2023-06-06 14:29:23,759 [adb0896c-a435-46e3-a62b-55500171870d-groupManagement] INFO  server.RaftServerConfigKeys (ConfUtils.java:logGet(46)) - raft.server.rpc.timeout.min = 5s (custom)
2023-06-06 14:29:23,759 [adb0896c-a435-46e3-a62b-55500171870d-groupManagement] INFO  server.RaftServerConfigKeys (ConfUtils.java:logGet(46)) - raft.server.rpc.timeout.max = 5200ms (custom)
2023-06-06 14:29:23,759 [adb0896c-a435-46e3-a62b-55500171870d-groupManagement] INFO  server.RaftServerConfigKeys (ConfUtils.java:logGet(46)) - raft.server.rpc.sleep.time = 25ms (default)
2023-06-06 14:29:23,759 [adb0896c-a435-46e3-a62b-55500171870d-groupManagement] INFO  server.RaftServerConfigKeys (ConfUtils.java:logGet(46)) - raft.server.rpc.slowness.timeout = 300s (custom)
2023-06-06 14:29:23,759 [adb0896c-a435-46e3-a62b-55500171870d-groupManagement] INFO  server.RaftServerConfigKeys (ConfUtils.java:logGet(46)) - raft.server.leaderelection.leader.step-down.wait-time = 10s (default)
2023-06-06 14:29:23,759 [adb0896c-a435-46e3-a62b-55500171870d-groupManagement] INFO  server.RaftServerConfigKeys (ConfUtils.java:logGet(46)) - raft.server.sleep.deviation.threshold = 300ms (default)
2023-06-06 14:29:23,759 [adb0896c-a435-46e3-a62b-55500171870d-groupManagement] INFO  server.RaftServer$Division (ServerState.java:<init>(120)) - adb0896c-a435-46e3-a62b-55500171870d@group-C9C490725441: ConfigurationManager, init=-1: peers:[b5c86db4-08d8-4650-853d-8ab079fb10e3|rpc:10.1.0.37:15188|admin:10.1.0.37:15187|client:10.1.0.37:15186|dataStream:10.1.0.37:15189|priority:1|startupRole:FOLLOWER, adb0896c-a435-46e3-a62b-55500171870d|rpc:10.1.0.37:15206|admin:10.1.0.37:15205|client:10.1.0.37:15204|dataStream:10.1.0.37:15207|priority:0|startupRole:FOLLOWER, 4ad61454-c850-4d9b-b065-88bf5b94c1a7|rpc:10.1.0.37:15197|admin:10.1.0.37:15196|client:10.1.0.37:15195|dataStream:10.1.0.37:15198|priority:0|startupRole:FOLLOWER]|listeners:[], old=null, confs=<EMPTY_MAP>
2023-06-06 14:29:23,759 [adb0896c-a435-46e3-a62b-55500171870d-groupManagement] INFO  server.RaftServerConfigKeys (ConfUtils.java:logGet(46)) - raft.server.storage.dir = [/home/runner/work/ozone/ozone/hadoop-ozone/integration-test/target/test-dir/MiniOzoneClusterImpl-446b9376-286d-4f49-81c3-2a666e658b7e/datanode-2/data/ratis] (custom)
2023-06-06 14:29:23,759 [adb0896c-a435-46e3-a62b-55500171870d-groupManagement] INFO  server.RaftServerConfigKeys (ConfUtils.java:logGet(46)) - raft.server.log.corruption.policy = EXCEPTION (default)
2023-06-06 14:29:23,759 [adb0896c-a435-46e3-a62b-55500171870d-groupManagement] INFO  server.RaftServerConfigKeys (ConfUtils.java:logGet(46)) - raft.server.storage.free-space.min = 0MB (=0) (default)
2023-06-06 14:29:23,759 [adb0896c-a435-46e3-a62b-55500171870d-groupManagement] INFO  server.RaftServerConfigKeys (ConfUtils.java:logGet(46)) - raft.server.notification.no-leader.timeout = 300s (custom)
2023-06-06 14:29:23,759 [adb0896c-a435-46e3-a62b-55500171870d-groupManagement] INFO  server.RaftServerConfigKeys (ConfUtils.java:logGet(46)) - raft.server.read.timeout = 10s (default)
2023-06-06 14:29:23,759 [adb0896c-a435-46e3-a62b-55500171870d-groupManagement] INFO  server.RaftServerConfigKeys (ConfUtils.java:logGet(46)) - raft.server.retrycache.expirytime = 600000ms (custom)
2023-06-06 14:29:23,759 [adb0896c-a435-46e3-a62b-55500171870d-groupManagement] INFO  server.RaftServerConfigKeys (ConfUtils.java:logGet(46)) - raft.server.retrycache.statistics.expirytime = 100μs (default)
2023-06-06 14:29:23,759 [adb0896c-a435-46e3-a62b-55500171870d-groupManagement] INFO  server.RaftServerConfigKeys (ConfUtils.java:logGet(46)) - raft.server.read.option = DEFAULT (default)
2023-06-06 14:29:23,760 [adb0896c-a435-46e3-a62b-55500171870d-groupManagement] INFO  server.RaftServerConfigKeys (ConfUtils.java:logGet(46)) - raft.server.rpc.request.timeout = 60s (custom)
2023-06-06 14:29:23,760 [adb0896c-a435-46e3-a62b-55500171870d-groupManagement] INFO  server.RaftServerConfigKeys (ConfUtils.java:logGet(46)) - raft.server.log.appender.install.snapshot.enabled = false (custom)
2023-06-06 14:29:23,760 [adb0896c-a435-46e3-a62b-55500171870d-groupManagement] INFO  server.RaftServerConfigKeys (ConfUtils.java:logGet(46)) - raft.server.threadpool.server.cached = true (default)
2023-06-06 14:29:23,760 [adb0896c-a435-46e3-a62b-55500171870d-groupManagement] INFO  server.RaftServerConfigKeys (ConfUtils.java:logGet(46)) - raft.server.threadpool.server.size = 0 (default)
2023-06-06 14:29:23,760 [adb0896c-a435-46e3-a62b-55500171870d-groupManagement] INFO  server.RaftServerConfigKeys (ConfUtils.java:logGet(46)) - raft.server.threadpool.client.cached = true (default)
2023-06-06 14:29:23,760 [adb0896c-a435-46e3-a62b-55500171870d-groupManagement] INFO  server.RaftServerConfigKeys (ConfUtils.java:logGet(46)) - raft.server.threadpool.client.size = 0 (default)
2023-06-06 14:29:23,760 [adb0896c-a435-46e3-a62b-55500171870d-groupManagement] INFO  storage.RaftStorageDirectory (RaftStorageDirectoryImpl.java:analyzeStorage(137)) - The storage directory /home/runner/work/ozone/ozone/hadoop-ozone/integration-test/target/test-dir/MiniOzoneClusterImpl-446b9376-286d-4f49-81c3-2a666e658b7e/datanode-2/data/ratis/08142710-7d31-4048-b62e-c9c490725441 does not exist. Creating ...
2023-06-06 14:29:23,761 [adb0896c-a435-46e3-a62b-55500171870d-groupManagement] INFO  storage.RaftStorageDirectory (RaftStorageDirectoryImpl.java:tryLock(231)) - Lock on /home/runner/work/ozone/ozone/hadoop-ozone/integration-test/target/test-dir/MiniOzoneClusterImpl-446b9376-286d-4f49-81c3-2a666e658b7e/datanode-2/data/ratis/08142710-7d31-4048-b62e-c9c490725441/in_use.lock acquired by nodename 75814@fv-az1133-973
2023-06-06 14:29:23,762 [adb0896c-a435-46e3-a62b-55500171870d-groupManagement] INFO  storage.RaftStorage (RaftStorageImpl.java:format(96)) - Storage directory /home/runner/work/ozone/ozone/hadoop-ozone/integration-test/target/test-dir/MiniOzoneClusterImpl-446b9376-286d-4f49-81c3-2a666e658b7e/datanode-2/data/ratis/08142710-7d31-4048-b62e-c9c490725441 has been successfully formatted.
2023-06-06 14:29:23,763 [adb0896c-a435-46e3-a62b-55500171870d-groupManagement] INFO  ratis.ContainerStateMachine (ContainerStateMachine.java:loadSnapshot(262)) - group-C9C490725441: The snapshot info is null. Setting the last applied indexto:(t:0, i:~)
2023-06-06 14:29:23,763 [adb0896c-a435-46e3-a62b-55500171870d-groupManagement] INFO  server.RaftServerConfigKeys (ConfUtils.java:logGet(46)) - raft.server.log.use.memory = false (default)
2023-06-06 14:29:23,763 [adb0896c-a435-46e3-a62b-55500171870d-groupManagement] INFO  server.RaftServerConfigKeys (ConfUtils.java:logGet(46)) - raft.server.log.purge.gap = 1000000 (custom)
2023-06-06 14:29:23,763 [adb0896c-a435-46e3-a62b-55500171870d-groupManagement] INFO  server.RaftServerConfigKeys (ConfUtils.java:logGet(46)) - raft.server.log.appender.buffer.byte-limit = 33554432 (custom)
2023-06-06 14:29:23,763 [adb0896c-a435-46e3-a62b-55500171870d-groupManagement] INFO  server.RaftServerConfigKeys (ConfUtils.java:logGet(46)) - raft.server.log.statemachine.data.read.timeout = 1000ms (default)
2023-06-06 14:29:23,763 [adb0896c-a435-46e3-a62b-55500171870d-groupManagement] INFO  server.RaftServerConfigKeys (ConfUtils.java:logGet(46)) - raft.server.log.purge.preservation.log.num = 0 (default)
2023-06-06 14:29:23,763 [adb0896c-a435-46e3-a62b-55500171870d-groupManagement] INFO  server.RaftServerConfigKeys (ConfUtils.java:logGet(46)) - raft.server.log.segment.size.max = 1048576 (custom)
2023-06-06 14:29:23,763 [adb0896c-a435-46e3-a62b-55500171870d-groupManagement] INFO  server.RaftServerConfigKeys (ConfUtils.java:logGet(46)) - raft.server.log.segment.cache.num.max = 2 (custom)
2023-06-06 14:29:23,763 [adb0896c-a435-46e3-a62b-55500171870d-groupManagement] INFO  server.RaftServerConfigKeys (ConfUtils.java:logGet(46)) - raft.server.log.segment.cache.size.max = 200MB (=209715200) (default)
2023-06-06 14:29:23,764 [adb0896c-a435-46e3-a62b-55500171870d-groupManagement] INFO  server.RaftServerConfigKeys (ConfUtils.java:logGet(46)) - raft.server.log.appender.buffer.byte-limit = 33554432 (custom)
2023-06-06 14:29:23,764 [adb0896c-a435-46e3-a62b-55500171870d-groupManagement] INFO  segmented.SegmentedRaftLogWorker (SegmentedRaftLogWorker.java:<init>(188)) - new adb0896c-a435-46e3-a62b-55500171870d@group-C9C490725441-SegmentedRaftLogWorker for RaftStorageImpl:Storage Directory /home/runner/work/ozone/ozone/hadoop-ozone/integration-test/target/test-dir/MiniOzoneClusterImpl-446b9376-286d-4f49-81c3-2a666e658b7e/datanode-2/data/ratis/08142710-7d31-4048-b62e-c9c490725441
2023-06-06 14:29:23,764 [adb0896c-a435-46e3-a62b-55500171870d-groupManagement] INFO  server.RaftServerConfigKeys (ConfUtils.java:logGet(46)) - raft.server.log.queue.byte-limit = 4294967296 (custom)
2023-06-06 14:29:23,764 [adb0896c-a435-46e3-a62b-55500171870d-groupManagement] INFO  server.RaftServerConfigKeys (ConfUtils.java:logGet(46)) - raft.server.log.queue.element-limit = 1024 (custom)
2023-06-06 14:29:23,764 [adb0896c-a435-46e3-a62b-55500171870d-groupManagement] INFO  server.RaftServerConfigKeys (ConfUtils.java:logGet(46)) - raft.server.log.segment.size.max = 1048576 (custom)
2023-06-06 14:29:23,764 [adb0896c-a435-46e3-a62b-55500171870d-groupManagement] INFO  server.RaftServerConfigKeys (ConfUtils.java:logGet(46)) - raft.server.log.preallocated.size = 16384 (custom)
2023-06-06 14:29:23,764 [adb0896c-a435-46e3-a62b-55500171870d-groupManagement] INFO  server.RaftServerConfigKeys (ConfUtils.java:logGet(46)) - raft.server.log.force.sync.num = 128 (default)
2023-06-06 14:29:23,764 [adb0896c-a435-46e3-a62b-55500171870d-groupManagement] INFO  server.RaftServerConfigKeys (ConfUtils.java:logGet(46)) - raft.server.log.statemachine.data.sync = true (default)
2023-06-06 14:29:23,764 [adb0896c-a435-46e3-a62b-55500171870d-groupManagement] INFO  server.RaftServerConfigKeys (ConfUtils.java:logGet(46)) - raft.server.log.statemachine.data.sync.timeout = 10s (default)
2023-06-06 14:29:23,764 [adb0896c-a435-46e3-a62b-55500171870d-groupManagement] INFO  server.RaftServerConfigKeys (ConfUtils.java:logGet(46)) - raft.server.log.statemachine.data.sync.timeout.retry = -1 (default)
2023-06-06 14:29:23,764 [adb0896c-a435-46e3-a62b-55500171870d-groupManagement] INFO  server.RaftServerConfigKeys (ConfUtils.java:logGet(46)) - raft.server.log.write.buffer.size = 1048576 (custom)
2023-06-06 14:29:23,765 [adb0896c-a435-46e3-a62b-55500171870d-groupManagement] INFO  server.RaftServerConfigKeys (ConfUtils.java:logGet(46)) - raft.server.log.appender.buffer.byte-limit = 33554432 (custom)
2023-06-06 14:29:23,772 [adb0896c-a435-46e3-a62b-55500171870d-groupManagement] INFO  server.RaftServerConfigKeys (ConfUtils.java:logGet(46)) - raft.server.log.unsafe-flush.enabled = false (default)
2023-06-06 14:29:23,772 [adb0896c-a435-46e3-a62b-55500171870d-groupManagement] INFO  server.RaftServerConfigKeys (ConfUtils.java:logGet(46)) - raft.server.log.async-flush.enabled = false (default)
2023-06-06 14:29:23,772 [adb0896c-a435-46e3-a62b-55500171870d-groupManagement] INFO  server.RaftServerConfigKeys (ConfUtils.java:logGet(46)) - raft.server.log.statemachine.data.caching.enabled = true (custom)
2023-06-06 14:29:23,772 [adb0896c-a435-46e3-a62b-55500171870d-groupManagement] INFO  segmented.SegmentedRaftLogWorker (SegmentedRaftLogWorker.java:lambda$new$0(135)) - adb0896c-a435-46e3-a62b-55500171870d@group-C9C490725441-SegmentedRaftLogWorker: flushIndex: setUnconditionally 0 -> -1
2023-06-06 14:29:23,772 [adb0896c-a435-46e3-a62b-55500171870d-groupManagement] INFO  segmented.SegmentedRaftLogWorker (SegmentedRaftLogWorker.java:lambda$new$0(135)) - adb0896c-a435-46e3-a62b-55500171870d@group-C9C490725441-SegmentedRaftLogWorker: safeCacheEvictIndex: setUnconditionally 0 -> -1
2023-06-06 14:29:23,773 [adb0896c-a435-46e3-a62b-55500171870d-groupManagement] INFO  server.RaftServer$Division (RaftServerImpl.java:start(342)) - adb0896c-a435-46e3-a62b-55500171870d@group-C9C490725441: start as a follower, conf=-1: peers:[b5c86db4-08d8-4650-853d-8ab079fb10e3|rpc:10.1.0.37:15188|admin:10.1.0.37:15187|client:10.1.0.37:15186|dataStream:10.1.0.37:15189|priority:1|startupRole:FOLLOWER, adb0896c-a435-46e3-a62b-55500171870d|rpc:10.1.0.37:15206|admin:10.1.0.37:15205|client:10.1.0.37:15204|dataStream:10.1.0.37:15207|priority:0|startupRole:FOLLOWER, 4ad61454-c850-4d9b-b065-88bf5b94c1a7|rpc:10.1.0.37:15197|admin:10.1.0.37:15196|client:10.1.0.37:15195|dataStream:10.1.0.37:15198|priority:0|startupRole:FOLLOWER]|listeners:[], old=null
2023-06-06 14:29:23,774 [adb0896c-a435-46e3-a62b-55500171870d-groupManagement] INFO  server.RaftServer$Division (RaftServerImpl.java:setRole(329)) - adb0896c-a435-46e3-a62b-55500171870d@group-C9C490725441: changes role from      null to FOLLOWER at term 0 for startAsFollower
2023-06-06 14:29:23,774 [adb0896c-a435-46e3-a62b-55500171870d-groupManagement] INFO  impl.RoleInfo (RoleInfo.java:updateAndGet(139)) - adb0896c-a435-46e3-a62b-55500171870d: start adb0896c-a435-46e3-a62b-55500171870d@group-C9C490725441-FollowerState
2023-06-06 14:29:23,777 [adb0896c-a435-46e3-a62b-55500171870d-groupManagement] INFO  util.JmxRegister (JmxRegister.java:tryRegister(44)) - Successfully registered JMX Bean with object name Ratis:service=RaftServer,group=group-C9C490725441,id=adb0896c-a435-46e3-a62b-55500171870d
2023-06-06 14:29:23,777 [adb0896c-a435-46e3-a62b-55500171870d-groupManagement] INFO  server.RaftServerConfigKeys (ConfUtils.java:logGet(46)) - raft.server.snapshot.auto.trigger.enabled = true (custom)
2023-06-06 14:29:23,777 [adb0896c-a435-46e3-a62b-55500171870d-groupManagement] INFO  server.RaftServerConfigKeys (ConfUtils.java:logGet(46)) - raft.server.snapshot.auto.trigger.threshold = 10000 (custom)
2023-06-06 14:29:23,777 [adb0896c-a435-46e3-a62b-55500171870d-groupManagement] INFO  server.RaftServerConfigKeys (ConfUtils.java:logGet(46)) - raft.server.snapshot.retention.file.num = 5 (custom)
2023-06-06 14:29:23,777 [adb0896c-a435-46e3-a62b-55500171870d-groupManagement] INFO  server.RaftServerConfigKeys (ConfUtils.java:logGet(46)) - raft.server.log.purge.upto.snapshot.index = false (default)
2023-06-06 14:29:23,778 [adb0896c-a435-46e3-a62b-55500171870d@group-C9C490725441-FollowerState] INFO  server.RaftServerConfigKeys (ConfUtils.java:logFallback(53)) - raft.server.rpc.first-election.timeout.min = 5s (fallback to raft.server.rpc.timeout.min)
2023-06-06 14:29:23,778 [adb0896c-a435-46e3-a62b-55500171870d@group-C9C490725441-FollowerState] INFO  server.RaftServerConfigKeys (ConfUtils.java:logFallback(53)) - raft.server.rpc.first-election.timeout.max = 5200ms (fallback to raft.server.rpc.timeout.max)
2023-06-06 14:29:23,804 [grpc-default-executor-0] INFO  server.RaftServer (RaftServerProxy.java:addNew(98)) - 4ad61454-c850-4d9b-b065-88bf5b94c1a7: addNew group-C9C490725441:[b5c86db4-08d8-4650-853d-8ab079fb10e3|rpc:10.1.0.37:15188|admin:10.1.0.37:15187|client:10.1.0.37:15186|dataStream:10.1.0.37:15189|priority:1|startupRole:FOLLOWER, adb0896c-a435-46e3-a62b-55500171870d|rpc:10.1.0.37:15206|admin:10.1.0.37:15205|client:10.1.0.37:15204|dataStream:10.1.0.37:15207|priority:0|startupRole:FOLLOWER, 4ad61454-c850-4d9b-b065-88bf5b94c1a7|rpc:10.1.0.37:15197|admin:10.1.0.37:15196|client:10.1.0.37:15195|dataStream:10.1.0.37:15198|priority:0|startupRole:FOLLOWER] returns group-C9C490725441:java.util.concurrent.CompletableFuture@77db17d[Not completed]
2023-06-06 14:29:23,805 [4ad61454-c850-4d9b-b065-88bf5b94c1a7-groupManagement] INFO  server.RaftServer$Division (RaftServerImpl.java:<init>(198)) - 4ad61454-c850-4d9b-b065-88bf5b94c1a7: new RaftServerImpl for group-C9C490725441:[b5c86db4-08d8-4650-853d-8ab079fb10e3|rpc:10.1.0.37:15188|admin:10.1.0.37:15187|client:10.1.0.37:15186|dataStream:10.1.0.37:15189|priority:1|startupRole:FOLLOWER, adb0896c-a435-46e3-a62b-55500171870d|rpc:10.1.0.37:15206|admin:10.1.0.37:15205|client:10.1.0.37:15204|dataStream:10.1.0.37:15207|priority:0|startupRole:FOLLOWER, 4ad61454-c850-4d9b-b065-88bf5b94c1a7|rpc:10.1.0.37:15197|admin:10.1.0.37:15196|client:10.1.0.37:15195|dataStream:10.1.0.37:15198|priority:0|startupRole:FOLLOWER] with ContainerStateMachine:uninitialized
2023-06-06 14:29:23,805 [4ad61454-c850-4d9b-b065-88bf5b94c1a7-groupManagement] INFO  server.RaftServerConfigKeys (ConfUtils.java:logGet(46)) - raft.server.rpc.timeout.min = 5s (custom)
2023-06-06 14:29:23,805 [4ad61454-c850-4d9b-b065-88bf5b94c1a7-groupManagement] INFO  server.RaftServerConfigKeys (ConfUtils.java:logGet(46)) - raft.server.rpc.timeout.max = 5200ms (custom)
2023-06-06 14:29:23,805 [4ad61454-c850-4d9b-b065-88bf5b94c1a7-groupManagement] INFO  server.RaftServerConfigKeys (ConfUtils.java:logGet(46)) - raft.server.rpc.sleep.time = 25ms (default)
2023-06-06 14:29:23,805 [4ad61454-c850-4d9b-b065-88bf5b94c1a7-groupManagement] INFO  server.RaftServerConfigKeys (ConfUtils.java:logGet(46)) - raft.server.rpc.slowness.timeout = 300s (custom)
2023-06-06 14:29:23,805 [4ad61454-c850-4d9b-b065-88bf5b94c1a7-groupManagement] INFO  server.RaftServerConfigKeys (ConfUtils.java:logGet(46)) - raft.server.leaderelection.leader.step-down.wait-time = 10s (default)
2023-06-06 14:29:23,805 [4ad61454-c850-4d9b-b065-88bf5b94c1a7-groupManagement] INFO  server.RaftServerConfigKeys (ConfUtils.java:logGet(46)) - raft.server.sleep.deviation.threshold = 300ms (default)
2023-06-06 14:29:23,805 [4ad61454-c850-4d9b-b065-88bf5b94c1a7-groupManagement] INFO  server.RaftServer$Division (ServerState.java:<init>(120)) - 4ad61454-c850-4d9b-b065-88bf5b94c1a7@group-C9C490725441: ConfigurationManager, init=-1: peers:[b5c86db4-08d8-4650-853d-8ab079fb10e3|rpc:10.1.0.37:15188|admin:10.1.0.37:15187|client:10.1.0.37:15186|dataStream:10.1.0.37:15189|priority:1|startupRole:FOLLOWER, adb0896c-a435-46e3-a62b-55500171870d|rpc:10.1.0.37:15206|admin:10.1.0.37:15205|client:10.1.0.37:15204|dataStream:10.1.0.37:15207|priority:0|startupRole:FOLLOWER, 4ad61454-c850-4d9b-b065-88bf5b94c1a7|rpc:10.1.0.37:15197|admin:10.1.0.37:15196|client:10.1.0.37:15195|dataStream:10.1.0.37:15198|priority:0|startupRole:FOLLOWER]|listeners:[], old=null, confs=<EMPTY_MAP>
2023-06-06 14:29:23,805 [4ad61454-c850-4d9b-b065-88bf5b94c1a7-groupManagement] INFO  server.RaftServerConfigKeys (ConfUtils.java:logGet(46)) - raft.server.storage.dir = [/home/runner/work/ozone/ozone/hadoop-ozone/integration-test/target/test-dir/MiniOzoneClusterImpl-446b9376-286d-4f49-81c3-2a666e658b7e/datanode-1/data/ratis] (custom)
2023-06-06 14:29:23,808 [4ad61454-c850-4d9b-b065-88bf5b94c1a7-groupManagement] INFO  server.RaftServerConfigKeys (ConfUtils.java:logGet(46)) - raft.server.log.corruption.policy = EXCEPTION (default)
2023-06-06 14:29:23,808 [4ad61454-c850-4d9b-b065-88bf5b94c1a7-groupManagement] INFO  server.RaftServerConfigKeys (ConfUtils.java:logGet(46)) - raft.server.storage.free-space.min = 0MB (=0) (default)
2023-06-06 14:29:23,808 [4ad61454-c850-4d9b-b065-88bf5b94c1a7-groupManagement] INFO  server.RaftServerConfigKeys (ConfUtils.java:logGet(46)) - raft.server.notification.no-leader.timeout = 300s (custom)
2023-06-06 14:29:23,808 [4ad61454-c850-4d9b-b065-88bf5b94c1a7-groupManagement] INFO  server.RaftServerConfigKeys (ConfUtils.java:logGet(46)) - raft.server.read.timeout = 10s (default)
2023-06-06 14:29:23,808 [4ad61454-c850-4d9b-b065-88bf5b94c1a7-groupManagement] INFO  server.RaftServerConfigKeys (ConfUtils.java:logGet(46)) - raft.server.retrycache.expirytime = 600000ms (custom)
2023-06-06 14:29:23,808 [4ad61454-c850-4d9b-b065-88bf5b94c1a7-groupManagement] INFO  server.RaftServerConfigKeys (ConfUtils.java:logGet(46)) - raft.server.retrycache.statistics.expirytime = 100μs (default)
2023-06-06 14:29:23,808 [4ad61454-c850-4d9b-b065-88bf5b94c1a7-groupManagement] INFO  server.RaftServerConfigKeys (ConfUtils.java:logGet(46)) - raft.server.read.option = DEFAULT (default)
2023-06-06 14:29:23,808 [4ad61454-c850-4d9b-b065-88bf5b94c1a7-groupManagement] INFO  server.RaftServerConfigKeys (ConfUtils.java:logGet(46)) - raft.server.rpc.request.timeout = 60s (custom)
2023-06-06 14:29:23,808 [4ad61454-c850-4d9b-b065-88bf5b94c1a7-groupManagement] INFO  server.RaftServerConfigKeys (ConfUtils.java:logGet(46)) - raft.server.log.appender.install.snapshot.enabled = false (custom)
2023-06-06 14:29:23,808 [4ad61454-c850-4d9b-b065-88bf5b94c1a7-groupManagement] INFO  server.RaftServerConfigKeys (ConfUtils.java:logGet(46)) - raft.server.threadpool.server.cached = true (default)
2023-06-06 14:29:23,809 [4ad61454-c850-4d9b-b065-88bf5b94c1a7-groupManagement] INFO  server.RaftServerConfigKeys (ConfUtils.java:logGet(46)) - raft.server.threadpool.server.size = 0 (default)
2023-06-06 14:29:23,809 [4ad61454-c850-4d9b-b065-88bf5b94c1a7-groupManagement] INFO  server.RaftServerConfigKeys (ConfUtils.java:logGet(46)) - raft.server.threadpool.client.cached = true (default)
2023-06-06 14:29:23,809 [4ad61454-c850-4d9b-b065-88bf5b94c1a7-groupManagement] INFO  server.RaftServerConfigKeys (ConfUtils.java:logGet(46)) - raft.server.threadpool.client.size = 0 (default)
2023-06-06 14:29:23,809 [4ad61454-c850-4d9b-b065-88bf5b94c1a7-groupManagement] INFO  storage.RaftStorageDirectory (RaftStorageDirectoryImpl.java:analyzeStorage(137)) - The storage directory /home/runner/work/ozone/ozone/hadoop-ozone/integration-test/target/test-dir/MiniOzoneClusterImpl-446b9376-286d-4f49-81c3-2a666e658b7e/datanode-1/data/ratis/08142710-7d31-4048-b62e-c9c490725441 does not exist. Creating ...
2023-06-06 14:29:23,810 [4ad61454-c850-4d9b-b065-88bf5b94c1a7-groupManagement] INFO  storage.RaftStorageDirectory (RaftStorageDirectoryImpl.java:tryLock(231)) - Lock on /home/runner/work/ozone/ozone/hadoop-ozone/integration-test/target/test-dir/MiniOzoneClusterImpl-446b9376-286d-4f49-81c3-2a666e658b7e/datanode-1/data/ratis/08142710-7d31-4048-b62e-c9c490725441/in_use.lock acquired by nodename 75814@fv-az1133-973
2023-06-06 14:29:23,811 [4ad61454-c850-4d9b-b065-88bf5b94c1a7-groupManagement] INFO  storage.RaftStorage (RaftStorageImpl.java:format(96)) - Storage directory /home/runner/work/ozone/ozone/hadoop-ozone/integration-test/target/test-dir/MiniOzoneClusterImpl-446b9376-286d-4f49-81c3-2a666e658b7e/datanode-1/data/ratis/08142710-7d31-4048-b62e-c9c490725441 has been successfully formatted.
2023-06-06 14:29:23,812 [4ad61454-c850-4d9b-b065-88bf5b94c1a7-groupManagement] INFO  ratis.ContainerStateMachine (ContainerStateMachine.java:loadSnapshot(262)) - group-C9C490725441: The snapshot info is null. Setting the last applied indexto:(t:0, i:~)
2023-06-06 14:29:23,812 [4ad61454-c850-4d9b-b065-88bf5b94c1a7-groupManagement] INFO  server.RaftServerConfigKeys (ConfUtils.java:logGet(46)) - raft.server.log.use.memory = false (default)
2023-06-06 14:29:23,812 [4ad61454-c850-4d9b-b065-88bf5b94c1a7-groupManagement] INFO  server.RaftServerConfigKeys (ConfUtils.java:logGet(46)) - raft.server.log.purge.gap = 1000000 (custom)
2023-06-06 14:29:23,812 [4ad61454-c850-4d9b-b065-88bf5b94c1a7-groupManagement] INFO  server.RaftServerConfigKeys (ConfUtils.java:logGet(46)) - raft.server.log.appender.buffer.byte-limit = 33554432 (custom)
2023-06-06 14:29:23,812 [4ad61454-c850-4d9b-b065-88bf5b94c1a7-groupManagement] INFO  server.RaftServerConfigKeys (ConfUtils.java:logGet(46)) - raft.server.log.statemachine.data.read.timeout = 1000ms (default)
2023-06-06 14:29:23,812 [4ad61454-c850-4d9b-b065-88bf5b94c1a7-groupManagement] INFO  server.RaftServerConfigKeys (ConfUtils.java:logGet(46)) - raft.server.log.purge.preservation.log.num = 0 (default)
2023-06-06 14:29:23,813 [4ad61454-c850-4d9b-b065-88bf5b94c1a7-groupManagement] INFO  server.RaftServerConfigKeys (ConfUtils.java:logGet(46)) - raft.server.log.segment.size.max = 1048576 (custom)
2023-06-06 14:29:23,813 [4ad61454-c850-4d9b-b065-88bf5b94c1a7-groupManagement] INFO  server.RaftServerConfigKeys (ConfUtils.java:logGet(46)) - raft.server.log.segment.cache.num.max = 2 (custom)
2023-06-06 14:29:23,813 [4ad61454-c850-4d9b-b065-88bf5b94c1a7-groupManagement] INFO  server.RaftServerConfigKeys (ConfUtils.java:logGet(46)) - raft.server.log.segment.cache.size.max = 200MB (=209715200) (default)
2023-06-06 14:29:23,813 [4ad61454-c850-4d9b-b065-88bf5b94c1a7-groupManagement] INFO  server.RaftServerConfigKeys (ConfUtils.java:logGet(46)) - raft.server.log.appender.buffer.byte-limit = 33554432 (custom)
2023-06-06 14:29:23,813 [4ad61454-c850-4d9b-b065-88bf5b94c1a7-groupManagement] INFO  segmented.SegmentedRaftLogWorker (SegmentedRaftLogWorker.java:<init>(188)) - new 4ad61454-c850-4d9b-b065-88bf5b94c1a7@group-C9C490725441-SegmentedRaftLogWorker for RaftStorageImpl:Storage Directory /home/runner/work/ozone/ozone/hadoop-ozone/integration-test/target/test-dir/MiniOzoneClusterImpl-446b9376-286d-4f49-81c3-2a666e658b7e/datanode-1/data/ratis/08142710-7d31-4048-b62e-c9c490725441
2023-06-06 14:29:23,813 [4ad61454-c850-4d9b-b065-88bf5b94c1a7-groupManagement] INFO  server.RaftServerConfigKeys (ConfUtils.java:logGet(46)) - raft.server.log.queue.byte-limit = 4294967296 (custom)
2023-06-06 14:29:23,813 [4ad61454-c850-4d9b-b065-88bf5b94c1a7-groupManagement] INFO  server.RaftServerConfigKeys (ConfUtils.java:logGet(46)) - raft.server.log.queue.element-limit = 1024 (custom)
2023-06-06 14:29:23,813 [4ad61454-c850-4d9b-b065-88bf5b94c1a7-groupManagement] INFO  server.RaftServerConfigKeys (ConfUtils.java:logGet(46)) - raft.server.log.segment.size.max = 1048576 (custom)
2023-06-06 14:29:23,813 [4ad61454-c850-4d9b-b065-88bf5b94c1a7-groupManagement] INFO  server.RaftServerConfigKeys (ConfUtils.java:logGet(46)) - raft.server.log.preallocated.size = 16384 (custom)
2023-06-06 14:29:23,813 [4ad61454-c850-4d9b-b065-88bf5b94c1a7-groupManagement] INFO  server.RaftServerConfigKeys (ConfUtils.java:logGet(46)) - raft.server.log.force.sync.num = 128 (default)
2023-06-06 14:29:23,813 [4ad61454-c850-4d9b-b065-88bf5b94c1a7-groupManagement] INFO  server.RaftServerConfigKeys (ConfUtils.java:logGet(46)) - raft.server.log.statemachine.data.sync = true (default)
2023-06-06 14:29:23,813 [4ad61454-c850-4d9b-b065-88bf5b94c1a7-groupManagement] INFO  server.RaftServerConfigKeys (ConfUtils.java:logGet(46)) - raft.server.log.statemachine.data.sync.timeout = 10s (default)
2023-06-06 14:29:23,814 [4ad61454-c850-4d9b-b065-88bf5b94c1a7-groupManagement] INFO  server.RaftServerConfigKeys (ConfUtils.java:logGet(46)) - raft.server.log.statemachine.data.sync.timeout.retry = -1 (default)
2023-06-06 14:29:23,814 [4ad61454-c850-4d9b-b065-88bf5b94c1a7-groupManagement] INFO  server.RaftServerConfigKeys (ConfUtils.java:logGet(46)) - raft.server.log.write.buffer.size = 1048576 (custom)
2023-06-06 14:29:23,815 [4ad61454-c850-4d9b-b065-88bf5b94c1a7-groupManagement] INFO  server.RaftServerConfigKeys (ConfUtils.java:logGet(46)) - raft.server.log.appender.buffer.byte-limit = 33554432 (custom)
2023-06-06 14:29:23,821 [4ad61454-c850-4d9b-b065-88bf5b94c1a7-groupManagement] INFO  server.RaftServerConfigKeys (ConfUtils.java:logGet(46)) - raft.server.log.unsafe-flush.enabled = false (default)
2023-06-06 14:29:23,821 [4ad61454-c850-4d9b-b065-88bf5b94c1a7-groupManagement] INFO  server.RaftServerConfigKeys (ConfUtils.java:logGet(46)) - raft.server.log.async-flush.enabled = false (default)
2023-06-06 14:29:23,821 [4ad61454-c850-4d9b-b065-88bf5b94c1a7-groupManagement] INFO  server.RaftServerConfigKeys (ConfUtils.java:logGet(46)) - raft.server.log.statemachine.data.caching.enabled = true (custom)
2023-06-06 14:29:23,821 [4ad61454-c850-4d9b-b065-88bf5b94c1a7-groupManagement] INFO  segmented.SegmentedRaftLogWorker (SegmentedRaftLogWorker.java:lambda$new$0(135)) - 4ad61454-c850-4d9b-b065-88bf5b94c1a7@group-C9C490725441-SegmentedRaftLogWorker: flushIndex: setUnconditionally 0 -> -1
2023-06-06 14:29:23,821 [4ad61454-c850-4d9b-b065-88bf5b94c1a7-groupManagement] INFO  segmented.SegmentedRaftLogWorker (SegmentedRaftLogWorker.java:lambda$new$0(135)) - 4ad61454-c850-4d9b-b065-88bf5b94c1a7@group-C9C490725441-SegmentedRaftLogWorker: safeCacheEvictIndex: setUnconditionally 0 -> -1
2023-06-06 14:29:23,821 [4ad61454-c850-4d9b-b065-88bf5b94c1a7-groupManagement] INFO  server.RaftServer$Division (RaftServerImpl.java:start(342)) - 4ad61454-c850-4d9b-b065-88bf5b94c1a7@group-C9C490725441: start as a follower, conf=-1: peers:[b5c86db4-08d8-4650-853d-8ab079fb10e3|rpc:10.1.0.37:15188|admin:10.1.0.37:15187|client:10.1.0.37:15186|dataStream:10.1.0.37:15189|priority:1|startupRole:FOLLOWER, adb0896c-a435-46e3-a62b-55500171870d|rpc:10.1.0.37:15206|admin:10.1.0.37:15205|client:10.1.0.37:15204|dataStream:10.1.0.37:15207|priority:0|startupRole:FOLLOWER, 4ad61454-c850-4d9b-b065-88bf5b94c1a7|rpc:10.1.0.37:15197|admin:10.1.0.37:15196|client:10.1.0.37:15195|dataStream:10.1.0.37:15198|priority:0|startupRole:FOLLOWER]|listeners:[], old=null
2023-06-06 14:29:23,821 [4ad61454-c850-4d9b-b065-88bf5b94c1a7-groupManagement] INFO  server.RaftServer$Division (RaftServerImpl.java:setRole(329)) - 4ad61454-c850-4d9b-b065-88bf5b94c1a7@group-C9C490725441: changes role from      null to FOLLOWER at term 0 for startAsFollower
2023-06-06 14:29:23,822 [4ad61454-c850-4d9b-b065-88bf5b94c1a7-groupManagement] INFO  impl.RoleInfo (RoleInfo.java:updateAndGet(139)) - 4ad61454-c850-4d9b-b065-88bf5b94c1a7: start 4ad61454-c850-4d9b-b065-88bf5b94c1a7@group-C9C490725441-FollowerState
2023-06-06 14:29:23,822 [4ad61454-c850-4d9b-b065-88bf5b94c1a7-groupManagement] INFO  util.JmxRegister (JmxRegister.java:tryRegister(44)) - Successfully registered JMX Bean with object name Ratis:service=RaftServer,group=group-C9C490725441,id=4ad61454-c850-4d9b-b065-88bf5b94c1a7
2023-06-06 14:29:23,822 [4ad61454-c850-4d9b-b065-88bf5b94c1a7-groupManagement] INFO  server.RaftServerConfigKeys (ConfUtils.java:logGet(46)) - raft.server.snapshot.auto.trigger.enabled = true (custom)
2023-06-06 14:29:23,822 [4ad61454-c850-4d9b-b065-88bf5b94c1a7-groupManagement] INFO  server.RaftServerConfigKeys (ConfUtils.java:logGet(46)) - raft.server.snapshot.auto.trigger.threshold = 10000 (custom)
2023-06-06 14:29:23,822 [4ad61454-c850-4d9b-b065-88bf5b94c1a7-groupManagement] INFO  server.RaftServerConfigKeys (ConfUtils.java:logGet(46)) - raft.server.snapshot.retention.file.num = 5 (custom)
2023-06-06 14:29:23,822 [4ad61454-c850-4d9b-b065-88bf5b94c1a7-groupManagement] INFO  server.RaftServerConfigKeys (ConfUtils.java:logGet(46)) - raft.server.log.purge.upto.snapshot.index = false (default)
2023-06-06 14:29:23,823 [4ad61454-c850-4d9b-b065-88bf5b94c1a7@group-C9C490725441-FollowerState] INFO  server.RaftServerConfigKeys (ConfUtils.java:logFallback(53)) - raft.server.rpc.first-election.timeout.min = 5s (fallback to raft.server.rpc.timeout.min)
2023-06-06 14:29:23,823 [4ad61454-c850-4d9b-b065-88bf5b94c1a7@group-C9C490725441-FollowerState] INFO  server.RaftServerConfigKeys (ConfUtils.java:logFallback(53)) - raft.server.rpc.first-election.timeout.max = 5200ms (fallback to raft.server.rpc.timeout.max)
2023-06-06 14:29:23,832 [PipelineCommandHandlerThread-0] INFO  commandhandler.CreatePipelineCommandHandler (CreatePipelineCommandHandler.java:lambda$handle$2(124)) - Created Pipeline RATIS THREE PipelineID=08142710-7d31-4048-b62e-c9c490725441.
2023-06-06 14:29:23,903 [PipelineCommandHandlerThread-0] INFO  server.RaftServer (RaftServerProxy.java:addNew(98)) - 4ad61454-c850-4d9b-b065-88bf5b94c1a7: addNew group-B2C46FF018F9:[4ad61454-c850-4d9b-b065-88bf5b94c1a7|rpc:10.1.0.37:15197|admin:10.1.0.37:15196|client:10.1.0.37:15195|dataStream:10.1.0.37:15198|priority:1|startupRole:FOLLOWER] returns group-B2C46FF018F9:java.util.concurrent.CompletableFuture@5d14dddb[Not completed]
2023-06-06 14:29:23,904 [4ad61454-c850-4d9b-b065-88bf5b94c1a7-groupManagement] INFO  server.RaftServer$Division (RaftServerImpl.java:<init>(198)) - 4ad61454-c850-4d9b-b065-88bf5b94c1a7: new RaftServerImpl for group-B2C46FF018F9:[4ad61454-c850-4d9b-b065-88bf5b94c1a7|rpc:10.1.0.37:15197|admin:10.1.0.37:15196|client:10.1.0.37:15195|dataStream:10.1.0.37:15198|priority:1|startupRole:FOLLOWER] with ContainerStateMachine:uninitialized
2023-06-06 14:29:23,904 [4ad61454-c850-4d9b-b065-88bf5b94c1a7-groupManagement] INFO  server.RaftServerConfigKeys (ConfUtils.java:logGet(46)) - raft.server.rpc.timeout.min = 5s (custom)
2023-06-06 14:29:23,904 [4ad61454-c850-4d9b-b065-88bf5b94c1a7-groupManagement] INFO  server.RaftServerConfigKeys (ConfUtils.java:logGet(46)) - raft.server.rpc.timeout.max = 5200ms (custom)
2023-06-06 14:29:23,904 [4ad61454-c850-4d9b-b065-88bf5b94c1a7-groupManagement] INFO  server.RaftServerConfigKeys (ConfUtils.java:logGet(46)) - raft.server.rpc.sleep.time = 25ms (default)
2023-06-06 14:29:23,904 [4ad61454-c850-4d9b-b065-88bf5b94c1a7-groupManagement] INFO  server.RaftServerConfigKeys (ConfUtils.java:logGet(46)) - raft.server.rpc.slowness.timeout = 300s (custom)
2023-06-06 14:29:23,904 [4ad61454-c850-4d9b-b065-88bf5b94c1a7-groupManagement] INFO  server.RaftServerConfigKeys (ConfUtils.java:logGet(46)) - raft.server.leaderelection.leader.step-down.wait-time = 10s (default)
2023-06-06 14:29:23,904 [4ad61454-c850-4d9b-b065-88bf5b94c1a7-groupManagement] INFO  server.RaftServerConfigKeys (ConfUtils.java:logGet(46)) - raft.server.sleep.deviation.threshold = 300ms (default)
2023-06-06 14:29:23,904 [4ad61454-c850-4d9b-b065-88bf5b94c1a7-groupManagement] INFO  server.RaftServer$Division (ServerState.java:<init>(120)) - 4ad61454-c850-4d9b-b065-88bf5b94c1a7@group-B2C46FF018F9: ConfigurationManager, init=-1: peers:[4ad61454-c850-4d9b-b065-88bf5b94c1a7|rpc:10.1.0.37:15197|admin:10.1.0.37:15196|client:10.1.0.37:15195|dataStream:10.1.0.37:15198|priority:1|startupRole:FOLLOWER]|listeners:[], old=null, confs=<EMPTY_MAP>
2023-06-06 14:29:23,904 [4ad61454-c850-4d9b-b065-88bf5b94c1a7-groupManagement] INFO  server.RaftServerConfigKeys (ConfUtils.java:logGet(46)) - raft.server.storage.dir = [/home/runner/work/ozone/ozone/hadoop-ozone/integration-test/target/test-dir/MiniOzoneClusterImpl-446b9376-286d-4f49-81c3-2a666e658b7e/datanode-1/data/ratis] (custom)
2023-06-06 14:29:23,904 [4ad61454-c850-4d9b-b065-88bf5b94c1a7-groupManagement] INFO  server.RaftServerConfigKeys (ConfUtils.java:logGet(46)) - raft.server.log.corruption.policy = EXCEPTION (default)
2023-06-06 14:29:23,904 [4ad61454-c850-4d9b-b065-88bf5b94c1a7-groupManagement] INFO  server.RaftServerConfigKeys (ConfUtils.java:logGet(46)) - raft.server.storage.free-space.min = 0MB (=0) (default)
2023-06-06 14:29:23,904 [4ad61454-c850-4d9b-b065-88bf5b94c1a7-groupManagement] INFO  server.RaftServerConfigKeys (ConfUtils.java:logGet(46)) - raft.server.notification.no-leader.timeout = 300s (custom)
2023-06-06 14:29:23,904 [4ad61454-c850-4d9b-b065-88bf5b94c1a7-groupManagement] INFO  server.RaftServerConfigKeys (ConfUtils.java:logGet(46)) - raft.server.read.timeout = 10s (default)
2023-06-06 14:29:23,905 [4ad61454-c850-4d9b-b065-88bf5b94c1a7-groupManagement] INFO  server.RaftServerConfigKeys (ConfUtils.java:logGet(46)) - raft.server.retrycache.expirytime = 600000ms (custom)
2023-06-06 14:29:23,905 [4ad61454-c850-4d9b-b065-88bf5b94c1a7-groupManagement] INFO  server.RaftServerConfigKeys (ConfUtils.java:logGet(46)) - raft.server.retrycache.statistics.expirytime = 100μs (default)
2023-06-06 14:29:23,905 [4ad61454-c850-4d9b-b065-88bf5b94c1a7-groupManagement] INFO  server.RaftServerConfigKeys (ConfUtils.java:logGet(46)) - raft.server.read.option = DEFAULT (default)
2023-06-06 14:29:23,905 [4ad61454-c850-4d9b-b065-88bf5b94c1a7-groupManagement] INFO  server.RaftServerConfigKeys (ConfUtils.java:logGet(46)) - raft.server.rpc.request.timeout = 60s (custom)
2023-06-06 14:29:23,905 [4ad61454-c850-4d9b-b065-88bf5b94c1a7-groupManagement] INFO  server.RaftServerConfigKeys (ConfUtils.java:logGet(46)) - raft.server.log.appender.install.snapshot.enabled = false (custom)
2023-06-06 14:29:23,905 [4ad61454-c850-4d9b-b065-88bf5b94c1a7-groupManagement] INFO  server.RaftServerConfigKeys (ConfUtils.java:logGet(46)) - raft.server.threadpool.server.cached = true (default)
2023-06-06 14:29:23,905 [4ad61454-c850-4d9b-b065-88bf5b94c1a7-groupManagement] INFO  server.RaftServerConfigKeys (ConfUtils.java:logGet(46)) - raft.server.threadpool.server.size = 0 (default)
2023-06-06 14:29:23,905 [4ad61454-c850-4d9b-b065-88bf5b94c1a7-groupManagement] INFO  server.RaftServerConfigKeys (ConfUtils.java:logGet(46)) - raft.server.threadpool.client.cached = true (default)
2023-06-06 14:29:23,905 [4ad61454-c850-4d9b-b065-88bf5b94c1a7-groupManagement] INFO  server.RaftServerConfigKeys (ConfUtils.java:logGet(46)) - raft.server.threadpool.client.size = 0 (default)
2023-06-06 14:29:23,905 [4ad61454-c850-4d9b-b065-88bf5b94c1a7-groupManagement] INFO  storage.RaftStorageDirectory (RaftStorageDirectoryImpl.java:analyzeStorage(137)) - The storage directory /home/runner/work/ozone/ozone/hadoop-ozone/integration-test/target/test-dir/MiniOzoneClusterImpl-446b9376-286d-4f49-81c3-2a666e658b7e/datanode-1/data/ratis/8409f053-95dc-48f5-94d7-b2c46ff018f9 does not exist. Creating ...
2023-06-06 14:29:23,906 [4ad61454-c850-4d9b-b065-88bf5b94c1a7-groupManagement] INFO  storage.RaftStorageDirectory (RaftStorageDirectoryImpl.java:tryLock(231)) - Lock on /home/runner/work/ozone/ozone/hadoop-ozone/integration-test/target/test-dir/MiniOzoneClusterImpl-446b9376-286d-4f49-81c3-2a666e658b7e/datanode-1/data/ratis/8409f053-95dc-48f5-94d7-b2c46ff018f9/in_use.lock acquired by nodename 75814@fv-az1133-973
2023-06-06 14:29:23,907 [4ad61454-c850-4d9b-b065-88bf5b94c1a7-groupManagement] INFO  storage.RaftStorage (RaftStorageImpl.java:format(96)) - Storage directory /home/runner/work/ozone/ozone/hadoop-ozone/integration-test/target/test-dir/MiniOzoneClusterImpl-446b9376-286d-4f49-81c3-2a666e658b7e/datanode-1/data/ratis/8409f053-95dc-48f5-94d7-b2c46ff018f9 has been successfully formatted.
2023-06-06 14:29:23,908 [4ad61454-c850-4d9b-b065-88bf5b94c1a7-groupManagement] INFO  ratis.ContainerStateMachine (ContainerStateMachine.java:loadSnapshot(262)) - group-B2C46FF018F9: The snapshot info is null. Setting the last applied indexto:(t:0, i:~)
2023-06-06 14:29:23,908 [4ad61454-c850-4d9b-b065-88bf5b94c1a7-groupManagement] INFO  server.RaftServerConfigKeys (ConfUtils.java:logGet(46)) - raft.server.log.use.memory = false (default)
2023-06-06 14:29:23,908 [4ad61454-c850-4d9b-b065-88bf5b94c1a7-groupManagement] INFO  server.RaftServerConfigKeys (ConfUtils.java:logGet(46)) - raft.server.log.purge.gap = 1000000 (custom)
2023-06-06 14:29:23,908 [4ad61454-c850-4d9b-b065-88bf5b94c1a7-groupManagement] INFO  server.RaftServerConfigKeys (ConfUtils.java:logGet(46)) - raft.server.log.appender.buffer.byte-limit = 33554432 (custom)
2023-06-06 14:29:23,908 [4ad61454-c850-4d9b-b065-88bf5b94c1a7-groupManagement] INFO  server.RaftServerConfigKeys (ConfUtils.java:logGet(46)) - raft.server.log.statemachine.data.read.timeout = 1000ms (default)
2023-06-06 14:29:23,908 [4ad61454-c850-4d9b-b065-88bf5b94c1a7-groupManagement] INFO  server.RaftServerConfigKeys (ConfUtils.java:logGet(46)) - raft.server.log.purge.preservation.log.num = 0 (default)
2023-06-06 14:29:23,908 [4ad61454-c850-4d9b-b065-88bf5b94c1a7-groupManagement] INFO  server.RaftServerConfigKeys (ConfUtils.java:logGet(46)) - raft.server.log.segment.size.max = 1048576 (custom)
2023-06-06 14:29:23,908 [4ad61454-c850-4d9b-b065-88bf5b94c1a7-groupManagement] INFO  server.RaftServerConfigKeys (ConfUtils.java:logGet(46)) - raft.server.log.segment.cache.num.max = 2 (custom)
2023-06-06 14:29:23,910 [EventQueue-PipelineReportForPipelineReportHandler] INFO  pipeline.PipelineManagerImpl (PipelineManagerImpl.java:openPipeline(367)) - Pipeline Pipeline[ Id: 8409f053-95dc-48f5-94d7-b2c46ff018f9, Nodes: 4ad61454-c850-4d9b-b065-88bf5b94c1a7(fv-az1133-973.qlb2sqfkji0uhjsjdnlwzcsdwg.bx.internal.cloudapp.net/10.1.0.37), ReplicationConfig: RATIS/ONE, State:ALLOCATED, leaderId:4ad61454-c850-4d9b-b065-88bf5b94c1a7, CreationTimestamp2023-06-06T14:29:20.904Z[Etc/UTC]] moved to OPEN state
2023-06-06 14:29:23,911 [EventQueue-OpenPipelineForHealthyPipelineSafeModeRule] INFO  safemode.SCMSafeModeManager (HealthyPipelineSafeModeRule.java:process(137)) - SCM in safe mode. Healthy pipelines reported count is 0, required healthy pipeline reported count is 1
2023-06-06 14:29:23,911 [4ad61454-c850-4d9b-b065-88bf5b94c1a7-groupManagement] INFO  server.RaftServerConfigKeys (ConfUtils.java:logGet(46)) - raft.server.log.segment.cache.size.max = 200MB (=209715200) (default)
2023-06-06 14:29:23,911 [4ad61454-c850-4d9b-b065-88bf5b94c1a7-groupManagement] INFO  server.RaftServerConfigKeys (ConfUtils.java:logGet(46)) - raft.server.log.appender.buffer.byte-limit = 33554432 (custom)
2023-06-06 14:29:23,911 [4ad61454-c850-4d9b-b065-88bf5b94c1a7-groupManagement] INFO  segmented.SegmentedRaftLogWorker (SegmentedRaftLogWorker.java:<init>(188)) - new 4ad61454-c850-4d9b-b065-88bf5b94c1a7@group-B2C46FF018F9-SegmentedRaftLogWorker for RaftStorageImpl:Storage Directory /home/runner/work/ozone/ozone/hadoop-ozone/integration-test/target/test-dir/MiniOzoneClusterImpl-446b9376-286d-4f49-81c3-2a666e658b7e/datanode-1/data/ratis/8409f053-95dc-48f5-94d7-b2c46ff018f9
2023-06-06 14:29:23,911 [4ad61454-c850-4d9b-b065-88bf5b94c1a7-groupManagement] INFO  server.RaftServerConfigKeys (ConfUtils.java:logGet(46)) - raft.server.log.queue.byte-limit = 4294967296 (custom)
2023-06-06 14:29:23,911 [4ad61454-c850-4d9b-b065-88bf5b94c1a7-groupManagement] INFO  server.RaftServerConfigKeys (ConfUtils.java:logGet(46)) - raft.server.log.queue.element-limit = 1024 (custom)
2023-06-06 14:29:23,911 [4ad61454-c850-4d9b-b065-88bf5b94c1a7-groupManagement] INFO  server.RaftServerConfigKeys (ConfUtils.java:logGet(46)) - raft.server.log.segment.size.max = 1048576 (custom)
2023-06-06 14:29:23,911 [4ad61454-c850-4d9b-b065-88bf5b94c1a7-groupManagement] INFO  server.RaftServerConfigKeys (ConfUtils.java:logGet(46)) - raft.server.log.preallocated.size = 16384 (custom)
2023-06-06 14:29:23,911 [4ad61454-c850-4d9b-b065-88bf5b94c1a7-groupManagement] INFO  server.RaftServerConfigKeys (ConfUtils.java:logGet(46)) - raft.server.log.force.sync.num = 128 (default)
2023-06-06 14:29:23,911 [4ad61454-c850-4d9b-b065-88bf5b94c1a7-groupManagement] INFO  server.RaftServerConfigKeys (ConfUtils.java:logGet(46)) - raft.server.log.statemachine.data.sync = true (default)
2023-06-06 14:29:23,912 [4ad61454-c850-4d9b-b065-88bf5b94c1a7-groupManagement] INFO  server.RaftServerConfigKeys (ConfUtils.java:logGet(46)) - raft.server.log.statemachine.data.sync.timeout = 10s (default)
2023-06-06 14:29:23,912 [4ad61454-c850-4d9b-b065-88bf5b94c1a7-groupManagement] INFO  server.RaftServerConfigKeys (ConfUtils.java:logGet(46)) - raft.server.log.statemachine.data.sync.timeout.retry = -1 (default)
2023-06-06 14:29:23,912 [4ad61454-c850-4d9b-b065-88bf5b94c1a7-groupManagement] INFO  server.RaftServerConfigKeys (ConfUtils.java:logGet(46)) - raft.server.log.write.buffer.size = 1048576 (custom)
2023-06-06 14:29:23,913 [4ad61454-c850-4d9b-b065-88bf5b94c1a7-groupManagement] INFO  server.RaftServerConfigKeys (ConfUtils.java:logGet(46)) - raft.server.log.appender.buffer.byte-limit = 33554432 (custom)
2023-06-06 14:29:23,917 [4ad61454-c850-4d9b-b065-88bf5b94c1a7-groupManagement] INFO  server.RaftServerConfigKeys (ConfUtils.java:logGet(46)) - raft.server.log.unsafe-flush.enabled = false (default)
2023-06-06 14:29:23,917 [4ad61454-c850-4d9b-b065-88bf5b94c1a7-groupManagement] INFO  server.RaftServerConfigKeys (ConfUtils.java:logGet(46)) - raft.server.log.async-flush.enabled = false (default)
2023-06-06 14:29:23,917 [4ad61454-c850-4d9b-b065-88bf5b94c1a7-groupManagement] INFO  server.RaftServerConfigKeys (ConfUtils.java:logGet(46)) - raft.server.log.statemachine.data.caching.enabled = true (custom)
2023-06-06 14:29:23,918 [4ad61454-c850-4d9b-b065-88bf5b94c1a7-groupManagement] INFO  segmented.SegmentedRaftLogWorker (SegmentedRaftLogWorker.java:lambda$new$0(135)) - 4ad61454-c850-4d9b-b065-88bf5b94c1a7@group-B2C46FF018F9-SegmentedRaftLogWorker: flushIndex: setUnconditionally 0 -> -1
2023-06-06 14:29:23,918 [4ad61454-c850-4d9b-b065-88bf5b94c1a7-groupManagement] INFO  segmented.SegmentedRaftLogWorker (SegmentedRaftLogWorker.java:lambda$new$0(135)) - 4ad61454-c850-4d9b-b065-88bf5b94c1a7@group-B2C46FF018F9-SegmentedRaftLogWorker: safeCacheEvictIndex: setUnconditionally 0 -> -1
2023-06-06 14:29:23,918 [4ad61454-c850-4d9b-b065-88bf5b94c1a7-groupManagement] INFO  server.RaftServer$Division (RaftServerImpl.java:start(342)) - 4ad61454-c850-4d9b-b065-88bf5b94c1a7@group-B2C46FF018F9: start as a follower, conf=-1: peers:[4ad61454-c850-4d9b-b065-88bf5b94c1a7|rpc:10.1.0.37:15197|admin:10.1.0.37:15196|client:10.1.0.37:15195|dataStream:10.1.0.37:15198|priority:1|startupRole:FOLLOWER]|listeners:[], old=null
2023-06-06 14:29:23,918 [4ad61454-c850-4d9b-b065-88bf5b94c1a7-groupManagement] INFO  server.RaftServer$Division (RaftServerImpl.java:setRole(329)) - 4ad61454-c850-4d9b-b065-88bf5b94c1a7@group-B2C46FF018F9: changes role from      null to FOLLOWER at term 0 for startAsFollower
2023-06-06 14:29:23,918 [4ad61454-c850-4d9b-b065-88bf5b94c1a7-groupManagement] INFO  impl.RoleInfo (RoleInfo.java:updateAndGet(139)) - 4ad61454-c850-4d9b-b065-88bf5b94c1a7: start 4ad61454-c850-4d9b-b065-88bf5b94c1a7@group-B2C46FF018F9-FollowerState
2023-06-06 14:29:23,918 [4ad61454-c850-4d9b-b065-88bf5b94c1a7-groupManagement] INFO  util.JmxRegister (JmxRegister.java:tryRegister(44)) - Successfully registered JMX Bean with object name Ratis:service=RaftServer,group=group-B2C46FF018F9,id=4ad61454-c850-4d9b-b065-88bf5b94c1a7
2023-06-06 14:29:23,918 [4ad61454-c850-4d9b-b065-88bf5b94c1a7@group-B2C46FF018F9-FollowerState] INFO  server.RaftServerConfigKeys (ConfUtils.java:logFallback(53)) - raft.server.rpc.first-election.timeout.min = 5s (fallback to raft.server.rpc.timeout.min)
2023-06-06 14:29:23,918 [4ad61454-c850-4d9b-b065-88bf5b94c1a7-groupManagement] INFO  server.RaftServerConfigKeys (ConfUtils.java:logGet(46)) - raft.server.snapshot.auto.trigger.enabled = true (custom)
2023-06-06 14:29:23,918 [4ad61454-c850-4d9b-b065-88bf5b94c1a7@group-B2C46FF018F9-FollowerState] INFO  server.RaftServerConfigKeys (ConfUtils.java:logFallback(53)) - raft.server.rpc.first-election.timeout.max = 5200ms (fallback to raft.server.rpc.timeout.max)
2023-06-06 14:29:23,919 [4ad61454-c850-4d9b-b065-88bf5b94c1a7-groupManagement] INFO  server.RaftServerConfigKeys (ConfUtils.java:logGet(46)) - raft.server.snapshot.auto.trigger.threshold = 10000 (custom)
2023-06-06 14:29:23,919 [4ad61454-c850-4d9b-b065-88bf5b94c1a7-groupManagement] INFO  server.RaftServerConfigKeys (ConfUtils.java:logGet(46)) - raft.server.snapshot.retention.file.num = 5 (custom)
2023-06-06 14:29:23,919 [4ad61454-c850-4d9b-b065-88bf5b94c1a7-groupManagement] INFO  server.RaftServerConfigKeys (ConfUtils.java:logGet(46)) - raft.server.log.purge.upto.snapshot.index = false (default)
2023-06-06 14:29:23,925 [PipelineCommandHandlerThread-0] INFO  ratis.XceiverServerRatis (XceiverServerRatis.java:addGroup(804)) - Created group PipelineID=8409f053-95dc-48f5-94d7-b2c46ff018f9
2023-06-06 14:29:23,926 [PipelineCommandHandlerThread-0] INFO  commandhandler.CreatePipelineCommandHandler (CreatePipelineCommandHandler.java:lambda$handle$2(124)) - Created Pipeline RATIS ONE PipelineID=8409f053-95dc-48f5-94d7-b2c46ff018f9.
2023-06-06 14:29:24,189 [Time-limited test] INFO  ozone.MiniOzoneClusterImpl (MiniOzoneClusterImpl.java:lambda$waitForClusterToBeReady$0(222)) - Nodes are ready. Got 3 of 3 DN Heartbeats.
2023-06-06 14:29:24,190 [Time-limited test] INFO  ozone.MiniOzoneClusterImpl (MiniOzoneClusterImpl.java:lambda$waitForClusterToBeReady$0(225)) - Waiting for cluster to exit safe mode
2023-06-06 14:29:24,190 [Time-limited test] INFO  ozone.MiniOzoneClusterImpl (MiniOzoneClusterImpl.java:lambda$waitForClusterToBeReady$0(227)) - SCM became leader
2023-06-06 14:29:24,191 [PipelineCommandHandlerThread-0] INFO  server.RaftServer (RaftServerProxy.java:addNew(98)) - adb0896c-a435-46e3-a62b-55500171870d: addNew group-DE40CA051B39:[adb0896c-a435-46e3-a62b-55500171870d|rpc:10.1.0.37:15206|admin:10.1.0.37:15205|client:10.1.0.37:15204|dataStream:10.1.0.37:15207|priority:1|startupRole:FOLLOWER] returns group-DE40CA051B39:java.util.concurrent.CompletableFuture@427cf3df[Not completed]
2023-06-06 14:29:24,192 [adb0896c-a435-46e3-a62b-55500171870d-groupManagement] INFO  server.RaftServer$Division (RaftServerImpl.java:<init>(198)) - adb0896c-a435-46e3-a62b-55500171870d: new RaftServerImpl for group-DE40CA051B39:[adb0896c-a435-46e3-a62b-55500171870d|rpc:10.1.0.37:15206|admin:10.1.0.37:15205|client:10.1.0.37:15204|dataStream:10.1.0.37:15207|priority:1|startupRole:FOLLOWER] with ContainerStateMachine:uninitialized
2023-06-06 14:29:24,192 [adb0896c-a435-46e3-a62b-55500171870d-groupManagement] INFO  server.RaftServerConfigKeys (ConfUtils.java:logGet(46)) - raft.server.rpc.timeout.min = 5s (custom)
2023-06-06 14:29:24,192 [adb0896c-a435-46e3-a62b-55500171870d-groupManagement] INFO  server.RaftServerConfigKeys (ConfUtils.java:logGet(46)) - raft.server.rpc.timeout.max = 5200ms (custom)
2023-06-06 14:29:24,192 [adb0896c-a435-46e3-a62b-55500171870d-groupManagement] INFO  server.RaftServerConfigKeys (ConfUtils.java:logGet(46)) - raft.server.rpc.sleep.time = 25ms (default)
2023-06-06 14:29:24,192 [adb0896c-a435-46e3-a62b-55500171870d-groupManagement] INFO  server.RaftServerConfigKeys (ConfUtils.java:logGet(46)) - raft.server.rpc.slowness.timeout = 300s (custom)
2023-06-06 14:29:24,192 [adb0896c-a435-46e3-a62b-55500171870d-groupManagement] INFO  server.RaftServerConfigKeys (ConfUtils.java:logGet(46)) - raft.server.leaderelection.leader.step-down.wait-time = 10s (default)
2023-06-06 14:29:24,192 [adb0896c-a435-46e3-a62b-55500171870d-groupManagement] INFO  server.RaftServerConfigKeys (ConfUtils.java:logGet(46)) - raft.server.sleep.deviation.threshold = 300ms (default)
2023-06-06 14:29:24,192 [adb0896c-a435-46e3-a62b-55500171870d-groupManagement] INFO  server.RaftServer$Division (ServerState.java:<init>(120)) - adb0896c-a435-46e3-a62b-55500171870d@group-DE40CA051B39: ConfigurationManager, init=-1: peers:[adb0896c-a435-46e3-a62b-55500171870d|rpc:10.1.0.37:15206|admin:10.1.0.37:15205|client:10.1.0.37:15204|dataStream:10.1.0.37:15207|priority:1|startupRole:FOLLOWER]|listeners:[], old=null, confs=<EMPTY_MAP>
2023-06-06 14:29:24,192 [adb0896c-a435-46e3-a62b-55500171870d-groupManagement] INFO  server.RaftServerConfigKeys (ConfUtils.java:logGet(46)) - raft.server.storage.dir = [/home/runner/work/ozone/ozone/hadoop-ozone/integration-test/target/test-dir/MiniOzoneClusterImpl-446b9376-286d-4f49-81c3-2a666e658b7e/datanode-2/data/ratis] (custom)
2023-06-06 14:29:24,192 [adb0896c-a435-46e3-a62b-55500171870d-groupManagement] INFO  server.RaftServerConfigKeys (ConfUtils.java:logGet(46)) - raft.server.log.corruption.policy = EXCEPTION (default)
2023-06-06 14:29:24,192 [adb0896c-a435-46e3-a62b-55500171870d-groupManagement] INFO  server.RaftServerConfigKeys (ConfUtils.java:logGet(46)) - raft.server.storage.free-space.min = 0MB (=0) (default)
2023-06-06 14:29:24,193 [adb0896c-a435-46e3-a62b-55500171870d-groupManagement] INFO  server.RaftServerConfigKeys (ConfUtils.java:logGet(46)) - raft.server.notification.no-leader.timeout = 300s (custom)
2023-06-06 14:29:24,193 [adb0896c-a435-46e3-a62b-55500171870d-groupManagement] INFO  server.RaftServerConfigKeys (ConfUtils.java:logGet(46)) - raft.server.read.timeout = 10s (default)
2023-06-06 14:29:24,193 [adb0896c-a435-46e3-a62b-55500171870d-groupManagement] INFO  server.RaftServerConfigKeys (ConfUtils.java:logGet(46)) - raft.server.retrycache.expirytime = 600000ms (custom)
2023-06-06 14:29:24,193 [adb0896c-a435-46e3-a62b-55500171870d-groupManagement] INFO  server.RaftServerConfigKeys (ConfUtils.java:logGet(46)) - raft.server.retrycache.statistics.expirytime = 100μs (default)
2023-06-06 14:29:24,193 [adb0896c-a435-46e3-a62b-55500171870d-groupManagement] INFO  server.RaftServerConfigKeys (ConfUtils.java:logGet(46)) - raft.server.read.option = DEFAULT (default)
2023-06-06 14:29:24,193 [adb0896c-a435-46e3-a62b-55500171870d-groupManagement] INFO  server.RaftServerConfigKeys (ConfUtils.java:logGet(46)) - raft.server.rpc.request.timeout = 60s (custom)
2023-06-06 14:29:24,193 [adb0896c-a435-46e3-a62b-55500171870d-groupManagement] INFO  server.RaftServerConfigKeys (ConfUtils.java:logGet(46)) - raft.server.log.appender.install.snapshot.enabled = false (custom)
2023-06-06 14:29:24,193 [adb0896c-a435-46e3-a62b-55500171870d-groupManagement] INFO  server.RaftServerConfigKeys (ConfUtils.java:logGet(46)) - raft.server.threadpool.server.cached = true (default)
2023-06-06 14:29:24,193 [adb0896c-a435-46e3-a62b-55500171870d-groupManagement] INFO  server.RaftServerConfigKeys (ConfUtils.java:logGet(46)) - raft.server.threadpool.server.size = 0 (default)
2023-06-06 14:29:24,193 [adb0896c-a435-46e3-a62b-55500171870d-groupManagement] INFO  server.RaftServerConfigKeys (ConfUtils.java:logGet(46)) - raft.server.threadpool.client.cached = true (default)
2023-06-06 14:29:24,193 [adb0896c-a435-46e3-a62b-55500171870d-groupManagement] INFO  server.RaftServerConfigKeys (ConfUtils.java:logGet(46)) - raft.server.threadpool.client.size = 0 (default)
2023-06-06 14:29:24,194 [adb0896c-a435-46e3-a62b-55500171870d-groupManagement] INFO  storage.RaftStorageDirectory (RaftStorageDirectoryImpl.java:analyzeStorage(137)) - The storage directory /home/runner/work/ozone/ozone/hadoop-ozone/integration-test/target/test-dir/MiniOzoneClusterImpl-446b9376-286d-4f49-81c3-2a666e658b7e/datanode-2/data/ratis/90f77c51-1aef-4669-b19b-de40ca051b39 does not exist. Creating ...
2023-06-06 14:29:24,195 [adb0896c-a435-46e3-a62b-55500171870d-groupManagement] INFO  storage.RaftStorageDirectory (RaftStorageDirectoryImpl.java:tryLock(231)) - Lock on /home/runner/work/ozone/ozone/hadoop-ozone/integration-test/target/test-dir/MiniOzoneClusterImpl-446b9376-286d-4f49-81c3-2a666e658b7e/datanode-2/data/ratis/90f77c51-1aef-4669-b19b-de40ca051b39/in_use.lock acquired by nodename 75814@fv-az1133-973
2023-06-06 14:29:24,196 [adb0896c-a435-46e3-a62b-55500171870d-groupManagement] INFO  storage.RaftStorage (RaftStorageImpl.java:format(96)) - Storage directory /home/runner/work/ozone/ozone/hadoop-ozone/integration-test/target/test-dir/MiniOzoneClusterImpl-446b9376-286d-4f49-81c3-2a666e658b7e/datanode-2/data/ratis/90f77c51-1aef-4669-b19b-de40ca051b39 has been successfully formatted.
2023-06-06 14:29:24,196 [adb0896c-a435-46e3-a62b-55500171870d-groupManagement] INFO  ratis.ContainerStateMachine (ContainerStateMachine.java:loadSnapshot(262)) - group-DE40CA051B39: The snapshot info is null. Setting the last applied indexto:(t:0, i:~)
2023-06-06 14:29:24,196 [adb0896c-a435-46e3-a62b-55500171870d-groupManagement] INFO  server.RaftServerConfigKeys (ConfUtils.java:logGet(46)) - raft.server.log.use.memory = false (default)
2023-06-06 14:29:24,196 [adb0896c-a435-46e3-a62b-55500171870d-groupManagement] INFO  server.RaftServerConfigKeys (ConfUtils.java:logGet(46)) - raft.server.log.purge.gap = 1000000 (custom)
2023-06-06 14:29:24,196 [adb0896c-a435-46e3-a62b-55500171870d-groupManagement] INFO  server.RaftServerConfigKeys (ConfUtils.java:logGet(46)) - raft.server.log.appender.buffer.byte-limit = 33554432 (custom)
2023-06-06 14:29:24,196 [adb0896c-a435-46e3-a62b-55500171870d-groupManagement] INFO  server.RaftServerConfigKeys (ConfUtils.java:logGet(46)) - raft.server.log.statemachine.data.read.timeout = 1000ms (default)
2023-06-06 14:29:24,196 [adb0896c-a435-46e3-a62b-55500171870d-groupManagement] INFO  server.RaftServerConfigKeys (ConfUtils.java:logGet(46)) - raft.server.log.purge.preservation.log.num = 0 (default)
2023-06-06 14:29:24,197 [adb0896c-a435-46e3-a62b-55500171870d-groupManagement] INFO  server.RaftServerConfigKeys (ConfUtils.java:logGet(46)) - raft.server.log.segment.size.max = 1048576 (custom)
2023-06-06 14:29:24,197 [adb0896c-a435-46e3-a62b-55500171870d-groupManagement] INFO  server.RaftServerConfigKeys (ConfUtils.java:logGet(46)) - raft.server.log.segment.cache.num.max = 2 (custom)
2023-06-06 14:29:24,197 [adb0896c-a435-46e3-a62b-55500171870d-groupManagement] INFO  server.RaftServerConfigKeys (ConfUtils.java:logGet(46)) - raft.server.log.segment.cache.size.max = 200MB (=209715200) (default)
2023-06-06 14:29:24,197 [EventQueue-PipelineReportForPipelineReportHandler] INFO  pipeline.PipelineManagerImpl (PipelineManagerImpl.java:openPipeline(367)) - Pipeline Pipeline[ Id: 90f77c51-1aef-4669-b19b-de40ca051b39, Nodes: adb0896c-a435-46e3-a62b-55500171870d(fv-az1133-973.qlb2sqfkji0uhjsjdnlwzcsdwg.bx.internal.cloudapp.net/10.1.0.37), ReplicationConfig: RATIS/ONE, State:ALLOCATED, leaderId:adb0896c-a435-46e3-a62b-55500171870d, CreationTimestamp2023-06-06T14:29:21.195Z[Etc/UTC]] moved to OPEN state
2023-06-06 14:29:24,198 [EventQueue-OpenPipelineForHealthyPipelineSafeModeRule] INFO  safemode.SCMSafeModeManager (HealthyPipelineSafeModeRule.java:process(137)) - SCM in safe mode. Healthy pipelines reported count is 0, required healthy pipeline reported count is 1
2023-06-06 14:29:24,198 [adb0896c-a435-46e3-a62b-55500171870d-groupManagement] INFO  server.RaftServerConfigKeys (ConfUtils.java:logGet(46)) - raft.server.log.appender.buffer.byte-limit = 33554432 (custom)
2023-06-06 14:29:24,198 [adb0896c-a435-46e3-a62b-55500171870d-groupManagement] INFO  segmented.SegmentedRaftLogWorker (SegmentedRaftLogWorker.java:<init>(188)) - new adb0896c-a435-46e3-a62b-55500171870d@group-DE40CA051B39-SegmentedRaftLogWorker for RaftStorageImpl:Storage Directory /home/runner/work/ozone/ozone/hadoop-ozone/integration-test/target/test-dir/MiniOzoneClusterImpl-446b9376-286d-4f49-81c3-2a666e658b7e/datanode-2/data/ratis/90f77c51-1aef-4669-b19b-de40ca051b39
2023-06-06 14:29:24,198 [adb0896c-a435-46e3-a62b-55500171870d-groupManagement] INFO  server.RaftServerConfigKeys (ConfUtils.java:logGet(46)) - raft.server.log.queue.byte-limit = 4294967296 (custom)
2023-06-06 14:29:24,198 [adb0896c-a435-46e3-a62b-55500171870d-groupManagement] INFO  server.RaftServerConfigKeys (ConfUtils.java:logGet(46)) - raft.server.log.queue.element-limit = 1024 (custom)
2023-06-06 14:29:24,198 [adb0896c-a435-46e3-a62b-55500171870d-groupManagement] INFO  server.RaftServerConfigKeys (ConfUtils.java:logGet(46)) - raft.server.log.segment.size.max = 1048576 (custom)
2023-06-06 14:29:24,198 [adb0896c-a435-46e3-a62b-55500171870d-groupManagement] INFO  server.RaftServerConfigKeys (ConfUtils.java:logGet(46)) - raft.server.log.preallocated.size = 16384 (custom)
2023-06-06 14:29:24,200 [adb0896c-a435-46e3-a62b-55500171870d-groupManagement] INFO  server.RaftServerConfigKeys (ConfUtils.java:logGet(46)) - raft.server.log.force.sync.num = 128 (default)
2023-06-06 14:29:24,200 [adb0896c-a435-46e3-a62b-55500171870d-groupManagement] INFO  server.RaftServerConfigKeys (ConfUtils.java:logGet(46)) - raft.server.log.statemachine.data.sync = true (default)
2023-06-06 14:29:24,200 [adb0896c-a435-46e3-a62b-55500171870d-groupManagement] INFO  server.RaftServerConfigKeys (ConfUtils.java:logGet(46)) - raft.server.log.statemachine.data.sync.timeout = 10s (default)
2023-06-06 14:29:24,200 [adb0896c-a435-46e3-a62b-55500171870d-groupManagement] INFO  server.RaftServerConfigKeys (ConfUtils.java:logGet(46)) - raft.server.log.statemachine.data.sync.timeout.retry = -1 (default)
2023-06-06 14:29:24,201 [adb0896c-a435-46e3-a62b-55500171870d-groupManagement] INFO  server.RaftServerConfigKeys (ConfUtils.java:logGet(46)) - raft.server.log.write.buffer.size = 1048576 (custom)
2023-06-06 14:29:24,201 [adb0896c-a435-46e3-a62b-55500171870d-groupManagement] INFO  server.RaftServerConfigKeys (ConfUtils.java:logGet(46)) - raft.server.log.appender.buffer.byte-limit = 33554432 (custom)
2023-06-06 14:29:24,206 [adb0896c-a435-46e3-a62b-55500171870d-groupManagement] INFO  server.RaftServerConfigKeys (ConfUtils.java:logGet(46)) - raft.server.log.unsafe-flush.enabled = false (default)
2023-06-06 14:29:24,206 [adb0896c-a435-46e3-a62b-55500171870d-groupManagement] INFO  server.RaftServerConfigKeys (ConfUtils.java:logGet(46)) - raft.server.log.async-flush.enabled = false (default)
2023-06-06 14:29:24,206 [adb0896c-a435-46e3-a62b-55500171870d-groupManagement] INFO  server.RaftServerConfigKeys (ConfUtils.java:logGet(46)) - raft.server.log.statemachine.data.caching.enabled = true (custom)
2023-06-06 14:29:24,207 [adb0896c-a435-46e3-a62b-55500171870d-groupManagement] INFO  segmented.SegmentedRaftLogWorker (SegmentedRaftLogWorker.java:lambda$new$0(135)) - adb0896c-a435-46e3-a62b-55500171870d@group-DE40CA051B39-SegmentedRaftLogWorker: flushIndex: setUnconditionally 0 -> -1
2023-06-06 14:29:24,207 [adb0896c-a435-46e3-a62b-55500171870d-groupManagement] INFO  segmented.SegmentedRaftLogWorker (SegmentedRaftLogWorker.java:lambda$new$0(135)) - adb0896c-a435-46e3-a62b-55500171870d@group-DE40CA051B39-SegmentedRaftLogWorker: safeCacheEvictIndex: setUnconditionally 0 -> -1
2023-06-06 14:29:24,207 [adb0896c-a435-46e3-a62b-55500171870d-groupManagement] INFO  server.RaftServer$Division (RaftServerImpl.java:start(342)) - adb0896c-a435-46e3-a62b-55500171870d@group-DE40CA051B39: start as a follower, conf=-1: peers:[adb0896c-a435-46e3-a62b-55500171870d|rpc:10.1.0.37:15206|admin:10.1.0.37:15205|client:10.1.0.37:15204|dataStream:10.1.0.37:15207|priority:1|startupRole:FOLLOWER]|listeners:[], old=null
2023-06-06 14:29:24,207 [adb0896c-a435-46e3-a62b-55500171870d-groupManagement] INFO  server.RaftServer$Division (RaftServerImpl.java:setRole(329)) - adb0896c-a435-46e3-a62b-55500171870d@group-DE40CA051B39: changes role from      null to FOLLOWER at term 0 for startAsFollower
2023-06-06 14:29:24,207 [adb0896c-a435-46e3-a62b-55500171870d-groupManagement] INFO  impl.RoleInfo (RoleInfo.java:updateAndGet(139)) - adb0896c-a435-46e3-a62b-55500171870d: start adb0896c-a435-46e3-a62b-55500171870d@group-DE40CA051B39-FollowerState
2023-06-06 14:29:24,207 [adb0896c-a435-46e3-a62b-55500171870d-groupManagement] INFO  util.JmxRegister (JmxRegister.java:tryRegister(44)) - Successfully registered JMX Bean with object name Ratis:service=RaftServer,group=group-DE40CA051B39,id=adb0896c-a435-46e3-a62b-55500171870d
2023-06-06 14:29:24,207 [adb0896c-a435-46e3-a62b-55500171870d-groupManagement] INFO  server.RaftServerConfigKeys (ConfUtils.java:logGet(46)) - raft.server.snapshot.auto.trigger.enabled = true (custom)
2023-06-06 14:29:24,207 [adb0896c-a435-46e3-a62b-55500171870d-groupManagement] INFO  server.RaftServerConfigKeys (ConfUtils.java:logGet(46)) - raft.server.snapshot.auto.trigger.threshold = 10000 (custom)
2023-06-06 14:29:24,207 [adb0896c-a435-46e3-a62b-55500171870d-groupManagement] INFO  server.RaftServerConfigKeys (ConfUtils.java:logGet(46)) - raft.server.snapshot.retention.file.num = 5 (custom)
2023-06-06 14:29:24,207 [adb0896c-a435-46e3-a62b-55500171870d-groupManagement] INFO  server.RaftServerConfigKeys (ConfUtils.java:logGet(46)) - raft.server.log.purge.upto.snapshot.index = false (default)
2023-06-06 14:29:24,208 [PipelineCommandHandlerThread-0] INFO  ratis.XceiverServerRatis (XceiverServerRatis.java:addGroup(804)) - Created group PipelineID=90f77c51-1aef-4669-b19b-de40ca051b39
2023-06-06 14:29:24,208 [PipelineCommandHandlerThread-0] INFO  commandhandler.CreatePipelineCommandHandler (CreatePipelineCommandHandler.java:lambda$handle$2(124)) - Created Pipeline RATIS ONE PipelineID=90f77c51-1aef-4669-b19b-de40ca051b39.
2023-06-06 14:29:24,208 [adb0896c-a435-46e3-a62b-55500171870d@group-DE40CA051B39-FollowerState] INFO  server.RaftServerConfigKeys (ConfUtils.java:logFallback(53)) - raft.server.rpc.first-election.timeout.min = 5s (fallback to raft.server.rpc.timeout.min)
2023-06-06 14:29:24,208 [adb0896c-a435-46e3-a62b-55500171870d@group-DE40CA051B39-FollowerState] INFO  server.RaftServerConfigKeys (ConfUtils.java:logFallback(53)) - raft.server.rpc.first-election.timeout.max = 5200ms (fallback to raft.server.rpc.timeout.max)
2023-06-06 14:29:25,190 [Time-limited test] INFO  ozone.MiniOzoneClusterImpl (MiniOzoneClusterImpl.java:lambda$waitForClusterToBeReady$0(222)) - Nodes are ready. Got 3 of 3 DN Heartbeats.
2023-06-06 14:29:25,190 [Time-limited test] INFO  ozone.MiniOzoneClusterImpl (MiniOzoneClusterImpl.java:lambda$waitForClusterToBeReady$0(225)) - Waiting for cluster to exit safe mode
2023-06-06 14:29:25,190 [Time-limited test] INFO  ozone.MiniOzoneClusterImpl (MiniOzoneClusterImpl.java:lambda$waitForClusterToBeReady$0(227)) - SCM became leader
2023-06-06 14:29:26,190 [Time-limited test] INFO  ozone.MiniOzoneClusterImpl (MiniOzoneClusterImpl.java:lambda$waitForClusterToBeReady$0(222)) - Nodes are ready. Got 3 of 3 DN Heartbeats.
2023-06-06 14:29:26,190 [Time-limited test] INFO  ozone.MiniOzoneClusterImpl (MiniOzoneClusterImpl.java:lambda$waitForClusterToBeReady$0(225)) - Waiting for cluster to exit safe mode
2023-06-06 14:29:26,190 [Time-limited test] INFO  ozone.MiniOzoneClusterImpl (MiniOzoneClusterImpl.java:lambda$waitForClusterToBeReady$0(227)) - SCM became leader
2023-06-06 14:29:27,191 [Time-limited test] INFO  ozone.MiniOzoneClusterImpl (MiniOzoneClusterImpl.java:lambda$waitForClusterToBeReady$0(222)) - Nodes are ready. Got 3 of 3 DN Heartbeats.
2023-06-06 14:29:27,191 [Time-limited test] INFO  ozone.MiniOzoneClusterImpl (MiniOzoneClusterImpl.java:lambda$waitForClusterToBeReady$0(225)) - Waiting for cluster to exit safe mode
2023-06-06 14:29:27,191 [Time-limited test] INFO  ozone.MiniOzoneClusterImpl (MiniOzoneClusterImpl.java:lambda$waitForClusterToBeReady$0(227)) - SCM became leader
2023-06-06 14:29:28,191 [Time-limited test] INFO  ozone.MiniOzoneClusterImpl (MiniOzoneClusterImpl.java:lambda$waitForClusterToBeReady$0(222)) - Nodes are ready. Got 3 of 3 DN Heartbeats.
2023-06-06 14:29:28,191 [Time-limited test] INFO  ozone.MiniOzoneClusterImpl (MiniOzoneClusterImpl.java:lambda$waitForClusterToBeReady$0(225)) - Waiting for cluster to exit safe mode
2023-06-06 14:29:28,191 [Time-limited test] INFO  ozone.MiniOzoneClusterImpl (MiniOzoneClusterImpl.java:lambda$waitForClusterToBeReady$0(227)) - SCM became leader
2023-06-06 14:29:28,691 [adb0896c-a435-46e3-a62b-55500171870d@group-F4595A0CC38F-FollowerState] INFO  impl.FollowerState (FollowerState.java:run(143)) - adb0896c-a435-46e3-a62b-55500171870d@group-F4595A0CC38F-FollowerState: change to CANDIDATE, lastRpcElapsedTime:5013861762ns, electionTimeout:5009ms
2023-06-06 14:29:28,691 [adb0896c-a435-46e3-a62b-55500171870d@group-F4595A0CC38F-FollowerState] INFO  impl.RoleInfo (RoleInfo.java:shutdownFollowerState(110)) - adb0896c-a435-46e3-a62b-55500171870d: shutdown adb0896c-a435-46e3-a62b-55500171870d@group-F4595A0CC38F-FollowerState
2023-06-06 14:29:28,691 [adb0896c-a435-46e3-a62b-55500171870d@group-F4595A0CC38F-FollowerState] INFO  server.RaftServer$Division (RaftServerImpl.java:setRole(329)) - adb0896c-a435-46e3-a62b-55500171870d@group-F4595A0CC38F: changes role from  FOLLOWER to CANDIDATE at term 0 for changeToCandidate
2023-06-06 14:29:28,692 [adb0896c-a435-46e3-a62b-55500171870d@group-F4595A0CC38F-FollowerState] INFO  server.RaftServerConfigKeys (ConfUtils.java:logGet(46)) - raft.server.leaderelection.pre-vote = true (default)
2023-06-06 14:29:28,692 [adb0896c-a435-46e3-a62b-55500171870d@group-F4595A0CC38F-FollowerState] INFO  impl.RoleInfo (RoleInfo.java:updateAndGet(139)) - adb0896c-a435-46e3-a62b-55500171870d: start adb0896c-a435-46e3-a62b-55500171870d@group-F4595A0CC38F-LeaderElection37
2023-06-06 14:29:28,694 [adb0896c-a435-46e3-a62b-55500171870d@group-F4595A0CC38F-LeaderElection37] INFO  impl.LeaderElection (LeaderElection.java:askForVotes(321)) - adb0896c-a435-46e3-a62b-55500171870d@group-F4595A0CC38F-LeaderElection37 PRE_VOTE round 0: submit vote requests at term 0 for -1: peers:[b5c86db4-08d8-4650-853d-8ab079fb10e3|rpc:10.1.0.37:15188|admin:10.1.0.37:15187|client:10.1.0.37:15186|dataStream:10.1.0.37:15189|priority:0|startupRole:FOLLOWER, adb0896c-a435-46e3-a62b-55500171870d|rpc:10.1.0.37:15206|admin:10.1.0.37:15205|client:10.1.0.37:15204|dataStream:10.1.0.37:15207|priority:0|startupRole:FOLLOWER, 4ad61454-c850-4d9b-b065-88bf5b94c1a7|rpc:10.1.0.37:15197|admin:10.1.0.37:15196|client:10.1.0.37:15195|dataStream:10.1.0.37:15198|priority:1|startupRole:FOLLOWER]|listeners:[], old=null
2023-06-06 14:29:28,694 [adb0896c-a435-46e3-a62b-55500171870d@group-F4595A0CC38F-LeaderElection37-1] INFO  server.GrpcServerProtocolClient (GrpcServerProtocolClient.java:<init>(65)) - Build channel for b5c86db4-08d8-4650-853d-8ab079fb10e3
2023-06-06 14:29:28,696 [adb0896c-a435-46e3-a62b-55500171870d@group-F4595A0CC38F-LeaderElection37] INFO  server.RaftServerConfigKeys (ConfUtils.java:logFallback(53)) - raft.server.rpc.first-election.timeout.min = 5s (fallback to raft.server.rpc.timeout.min)
2023-06-06 14:29:28,696 [adb0896c-a435-46e3-a62b-55500171870d@group-F4595A0CC38F-LeaderElection37] INFO  server.RaftServerConfigKeys (ConfUtils.java:logFallback(53)) - raft.server.rpc.first-election.timeout.max = 5200ms (fallback to raft.server.rpc.timeout.max)
2023-06-06 14:29:28,697 [adb0896c-a435-46e3-a62b-55500171870d@group-F4595A0CC38F-LeaderElection37-2] INFO  server.GrpcServerProtocolClient (GrpcServerProtocolClient.java:<init>(65)) - Build channel for 4ad61454-c850-4d9b-b065-88bf5b94c1a7
2023-06-06 14:29:28,704 [grpc-default-executor-0] INFO  server.RaftServer$Division (RaftServerImpl.java:requestVote(1302)) - 4ad61454-c850-4d9b-b065-88bf5b94c1a7@group-F4595A0CC38F: receive requestVote(PRE_VOTE, adb0896c-a435-46e3-a62b-55500171870d, group-F4595A0CC38F, 0, (t:0, i:0))
2023-06-06 14:29:28,704 [grpc-default-executor-0] INFO  impl.VoteContext (VoteContext.java:log(49)) - 4ad61454-c850-4d9b-b065-88bf5b94c1a7@group-F4595A0CC38F-FOLLOWER: reject PRE_VOTE from adb0896c-a435-46e3-a62b-55500171870d: our priority 1 > candidate's priority 0
2023-06-06 14:29:28,704 [grpc-default-executor-0] INFO  server.RaftServer$Division (RaftServerImpl.java:requestVote(1335)) - 4ad61454-c850-4d9b-b065-88bf5b94c1a7@group-F4595A0CC38F replies to PRE_VOTE vote request: adb0896c-a435-46e3-a62b-55500171870d<-4ad61454-c850-4d9b-b065-88bf5b94c1a7#0:FAIL-t0. Peer's state: 4ad61454-c850-4d9b-b065-88bf5b94c1a7@group-F4595A0CC38F:t0, leader=null, voted=, raftlog=Memoized:4ad61454-c850-4d9b-b065-88bf5b94c1a7@group-F4595A0CC38F-SegmentedRaftLog:OPENED:c-1, conf=-1: peers:[b5c86db4-08d8-4650-853d-8ab079fb10e3|rpc:10.1.0.37:15188|admin:10.1.0.37:15187|client:10.1.0.37:15186|dataStream:10.1.0.37:15189|priority:0|startupRole:FOLLOWER, adb0896c-a435-46e3-a62b-55500171870d|rpc:10.1.0.37:15206|admin:10.1.0.37:15205|client:10.1.0.37:15204|dataStream:10.1.0.37:15207|priority:0|startupRole:FOLLOWER, 4ad61454-c850-4d9b-b065-88bf5b94c1a7|rpc:10.1.0.37:15197|admin:10.1.0.37:15196|client:10.1.0.37:15195|dataStream:10.1.0.37:15198|priority:1|startupRole:FOLLOWER]|listeners:[], old=null
2023-06-06 14:29:28,706 [adb0896c-a435-46e3-a62b-55500171870d@group-F4595A0CC38F-LeaderElection37] INFO  impl.LeaderElection (LeaderElection.java:logAndReturn(90)) - adb0896c-a435-46e3-a62b-55500171870d@group-F4595A0CC38F-LeaderElection37: PRE_VOTE REJECTED received 1 response(s) and 0 exception(s):
2023-06-06 14:29:28,706 [adb0896c-a435-46e3-a62b-55500171870d@group-F4595A0CC38F-LeaderElection37] INFO  impl.LeaderElection (LeaderElection.java:logAndReturn(94)) -   Response 0: adb0896c-a435-46e3-a62b-55500171870d<-4ad61454-c850-4d9b-b065-88bf5b94c1a7#0:FAIL-t0
2023-06-06 14:29:28,706 [adb0896c-a435-46e3-a62b-55500171870d@group-F4595A0CC38F-LeaderElection37] INFO  impl.LeaderElection (LeaderElection.java:askForVotes(323)) - adb0896c-a435-46e3-a62b-55500171870d@group-F4595A0CC38F-LeaderElection37 PRE_VOTE round 0: result REJECTED
2023-06-06 14:29:28,706 [adb0896c-a435-46e3-a62b-55500171870d@group-F4595A0CC38F-LeaderElection37] INFO  server.RaftServer$Division (RaftServerImpl.java:setRole(329)) - adb0896c-a435-46e3-a62b-55500171870d@group-F4595A0CC38F: changes role from CANDIDATE to FOLLOWER at term 0 for REJECTED
2023-06-06 14:29:28,706 [adb0896c-a435-46e3-a62b-55500171870d@group-F4595A0CC38F-LeaderElection37] INFO  impl.RoleInfo (RoleInfo.java:shutdownLeaderElection(130)) - adb0896c-a435-46e3-a62b-55500171870d: shutdown adb0896c-a435-46e3-a62b-55500171870d@group-F4595A0CC38F-LeaderElection37
2023-06-06 14:29:28,706 [adb0896c-a435-46e3-a62b-55500171870d@group-F4595A0CC38F-LeaderElection37] INFO  impl.RoleInfo (RoleInfo.java:updateAndGet(139)) - adb0896c-a435-46e3-a62b-55500171870d: start adb0896c-a435-46e3-a62b-55500171870d@group-F4595A0CC38F-FollowerState
2023-06-06 14:29:28,710 [grpc-default-executor-0] INFO  server.RaftServer$Division (RaftServerImpl.java:requestVote(1302)) - b5c86db4-08d8-4650-853d-8ab079fb10e3@group-F4595A0CC38F: receive requestVote(PRE_VOTE, adb0896c-a435-46e3-a62b-55500171870d, group-F4595A0CC38F, 0, (t:0, i:0))
2023-06-06 14:29:28,710 [grpc-default-executor-0] INFO  impl.VoteContext (VoteContext.java:log(49)) - b5c86db4-08d8-4650-853d-8ab079fb10e3@group-F4595A0CC38F-FOLLOWER: accept PRE_VOTE from adb0896c-a435-46e3-a62b-55500171870d: our priority 0 <= candidate's priority 0
2023-06-06 14:29:28,710 [grpc-default-executor-0] INFO  server.RaftServer$Division (RaftServerImpl.java:requestVote(1335)) - b5c86db4-08d8-4650-853d-8ab079fb10e3@group-F4595A0CC38F replies to PRE_VOTE vote request: adb0896c-a435-46e3-a62b-55500171870d<-b5c86db4-08d8-4650-853d-8ab079fb10e3#0:OK-t0. Peer's state: b5c86db4-08d8-4650-853d-8ab079fb10e3@group-F4595A0CC38F:t0, leader=null, voted=, raftlog=Memoized:b5c86db4-08d8-4650-853d-8ab079fb10e3@group-F4595A0CC38F-SegmentedRaftLog:OPENED:c-1, conf=-1: peers:[b5c86db4-08d8-4650-853d-8ab079fb10e3|rpc:10.1.0.37:15188|admin:10.1.0.37:15187|client:10.1.0.37:15186|dataStream:10.1.0.37:15189|priority:0|startupRole:FOLLOWER, adb0896c-a435-46e3-a62b-55500171870d|rpc:10.1.0.37:15206|admin:10.1.0.37:15205|client:10.1.0.37:15204|dataStream:10.1.0.37:15207|priority:0|startupRole:FOLLOWER, 4ad61454-c850-4d9b-b065-88bf5b94c1a7|rpc:10.1.0.37:15197|admin:10.1.0.37:15196|client:10.1.0.37:15195|dataStream:10.1.0.37:15198|priority:1|startupRole:FOLLOWER]|listeners:[], old=null
2023-06-06 14:29:28,740 [b5c86db4-08d8-4650-853d-8ab079fb10e3@group-5375F9A631E2-FollowerState] INFO  impl.FollowerState (FollowerState.java:run(143)) - b5c86db4-08d8-4650-853d-8ab079fb10e3@group-5375F9A631E2-FollowerState: change to CANDIDATE, lastRpcElapsedTime:5114140883ns, electionTimeout:5110ms
2023-06-06 14:29:28,740 [b5c86db4-08d8-4650-853d-8ab079fb10e3@group-5375F9A631E2-FollowerState] INFO  impl.RoleInfo (RoleInfo.java:shutdownFollowerState(110)) - b5c86db4-08d8-4650-853d-8ab079fb10e3: shutdown b5c86db4-08d8-4650-853d-8ab079fb10e3@group-5375F9A631E2-FollowerState
2023-06-06 14:29:28,740 [b5c86db4-08d8-4650-853d-8ab079fb10e3@group-5375F9A631E2-FollowerState] INFO  server.RaftServer$Division (RaftServerImpl.java:setRole(329)) - b5c86db4-08d8-4650-853d-8ab079fb10e3@group-5375F9A631E2: changes role from  FOLLOWER to CANDIDATE at term 0 for changeToCandidate
2023-06-06 14:29:28,740 [b5c86db4-08d8-4650-853d-8ab079fb10e3@group-5375F9A631E2-FollowerState] INFO  server.RaftServerConfigKeys (ConfUtils.java:logGet(46)) - raft.server.leaderelection.pre-vote = true (default)
2023-06-06 14:29:28,740 [b5c86db4-08d8-4650-853d-8ab079fb10e3@group-5375F9A631E2-FollowerState] INFO  impl.RoleInfo (RoleInfo.java:updateAndGet(139)) - b5c86db4-08d8-4650-853d-8ab079fb10e3: start b5c86db4-08d8-4650-853d-8ab079fb10e3@group-5375F9A631E2-LeaderElection38
2023-06-06 14:29:28,743 [b5c86db4-08d8-4650-853d-8ab079fb10e3@group-5375F9A631E2-LeaderElection38] INFO  impl.LeaderElection (LeaderElection.java:askForVotes(321)) - b5c86db4-08d8-4650-853d-8ab079fb10e3@group-5375F9A631E2-LeaderElection38 PRE_VOTE round 0: submit vote requests at term 0 for -1: peers:[b5c86db4-08d8-4650-853d-8ab079fb10e3|rpc:10.1.0.37:15188|admin:10.1.0.37:15187|client:10.1.0.37:15186|dataStream:10.1.0.37:15189|priority:1|startupRole:FOLLOWER]|listeners:[], old=null
2023-06-06 14:29:28,743 [b5c86db4-08d8-4650-853d-8ab079fb10e3@group-5375F9A631E2-LeaderElection38] INFO  impl.LeaderElection (LeaderElection.java:askForVotes(323)) - b5c86db4-08d8-4650-853d-8ab079fb10e3@group-5375F9A631E2-LeaderElection38 PRE_VOTE round 0: result PASSED (term=0)
2023-06-06 14:29:28,744 [b5c86db4-08d8-4650-853d-8ab079fb10e3@group-5375F9A631E2-LeaderElection38] INFO  impl.LeaderElection (LeaderElection.java:askForVotes(321)) - b5c86db4-08d8-4650-853d-8ab079fb10e3@group-5375F9A631E2-LeaderElection38 ELECTION round 0: submit vote requests at term 1 for -1: peers:[b5c86db4-08d8-4650-853d-8ab079fb10e3|rpc:10.1.0.37:15188|admin:10.1.0.37:15187|client:10.1.0.37:15186|dataStream:10.1.0.37:15189|priority:1|startupRole:FOLLOWER]|listeners:[], old=null
2023-06-06 14:29:28,745 [b5c86db4-08d8-4650-853d-8ab079fb10e3@group-5375F9A631E2-LeaderElection38] INFO  impl.LeaderElection (LeaderElection.java:askForVotes(323)) - b5c86db4-08d8-4650-853d-8ab079fb10e3@group-5375F9A631E2-LeaderElection38 ELECTION round 0: result PASSED (term=1)
2023-06-06 14:29:28,745 [b5c86db4-08d8-4650-853d-8ab079fb10e3@group-5375F9A631E2-LeaderElection38] INFO  impl.RoleInfo (RoleInfo.java:shutdownLeaderElection(130)) - b5c86db4-08d8-4650-853d-8ab079fb10e3: shutdown b5c86db4-08d8-4650-853d-8ab079fb10e3@group-5375F9A631E2-LeaderElection38
2023-06-06 14:29:28,745 [b5c86db4-08d8-4650-853d-8ab079fb10e3@group-5375F9A631E2-LeaderElection38] INFO  server.RaftServer$Division (RaftServerImpl.java:setRole(329)) - b5c86db4-08d8-4650-853d-8ab079fb10e3@group-5375F9A631E2: changes role from CANDIDATE to LEADER at term 1 for changeToLeader
2023-06-06 14:29:28,745 [b5c86db4-08d8-4650-853d-8ab079fb10e3@group-5375F9A631E2-LeaderElection38] INFO  ratis.XceiverServerRatis (XceiverServerRatis.java:handleLeaderChangedNotification(902)) - Leader change notification received for group: group-5375F9A631E2 with new leaderId: b5c86db4-08d8-4650-853d-8ab079fb10e3
2023-06-06 14:29:28,745 [b5c86db4-08d8-4650-853d-8ab079fb10e3@group-5375F9A631E2-LeaderElection38] INFO  server.RaftServer$Division (ServerState.java:setLeader(317)) - b5c86db4-08d8-4650-853d-8ab079fb10e3@group-5375F9A631E2: change Leader from null to b5c86db4-08d8-4650-853d-8ab079fb10e3 at term 1 for becomeLeader, leader elected after 5141ms
2023-06-06 14:29:28,745 [b5c86db4-08d8-4650-853d-8ab079fb10e3@group-5375F9A631E2-LeaderElection38] INFO  server.RaftServerConfigKeys (ConfUtils.java:logGet(46)) - raft.server.staging.catchup.gap = 1000 (default)
2023-06-06 14:29:28,745 [b5c86db4-08d8-4650-853d-8ab079fb10e3@group-5375F9A631E2-LeaderElection38] INFO  server.RaftServerConfigKeys (ConfUtils.java:logGet(46)) - raft.server.write.element-limit = 1024 (custom)
2023-06-06 14:29:28,745 [b5c86db4-08d8-4650-853d-8ab079fb10e3@group-5375F9A631E2-LeaderElection38] INFO  server.RaftServerConfigKeys (ConfUtils.java:logGet(46)) - raft.server.write.byte-limit = 1024 M (=1073741824) (custom)
2023-06-06 14:29:28,745 [b5c86db4-08d8-4650-853d-8ab079fb10e3@group-5375F9A631E2-LeaderElection38] INFO  server.RaftServerConfigKeys (ConfUtils.java:logGet(46)) - raft.server.watch.timeout = 180s (custom)
2023-06-06 14:29:28,745 [b5c86db4-08d8-4650-853d-8ab079fb10e3@group-5375F9A631E2-LeaderElection38] INFO  server.RaftServerConfigKeys (ConfUtils.java:logGet(46)) - raft.server.watch.timeout.denomination = 1s (default)
2023-06-06 14:29:28,748 [b5c86db4-08d8-4650-853d-8ab079fb10e3@group-5375F9A631E2-LeaderElection38] INFO  server.RaftServerConfigKeys (ConfUtils.java:logGet(46)) - raft.server.watch.element-limit = 65536 (default)
2023-06-06 14:29:28,748 [b5c86db4-08d8-4650-853d-8ab079fb10e3@group-5375F9A631E2-LeaderElection38] INFO  server.RaftServerConfigKeys (ConfUtils.java:logGet(46)) - raft.server.write.element-limit = 1024 (custom)
2023-06-06 14:29:28,748 [b5c86db4-08d8-4650-853d-8ab079fb10e3@group-5375F9A631E2-LeaderElection38] INFO  server.RaftServerConfigKeys (ConfUtils.java:logGet(46)) - raft.server.write.follower.gap.ratio.max = -1.0 (default)
2023-06-06 14:29:28,748 [b5c86db4-08d8-4650-853d-8ab079fb10e3@group-5375F9A631E2-LeaderElection38] INFO  impl.RoleInfo (RoleInfo.java:updateAndGet(139)) - b5c86db4-08d8-4650-853d-8ab079fb10e3: start b5c86db4-08d8-4650-853d-8ab079fb10e3@group-5375F9A631E2-LeaderStateImpl
2023-06-06 14:29:28,749 [b5c86db4-08d8-4650-853d-8ab079fb10e3@group-5375F9A631E2-LeaderElection38] INFO  segmented.SegmentedRaftLogWorker (SegmentedRaftLogWorker.java:startLogSegment(447)) - b5c86db4-08d8-4650-853d-8ab079fb10e3@group-5375F9A631E2-SegmentedRaftLogWorker: Starting segment from index:0
2023-06-06 14:29:28,754 [EventQueue-OpenPipelineForHealthyPipelineSafeModeRule] INFO  safemode.SCMSafeModeManager (HealthyPipelineSafeModeRule.java:process(137)) - SCM in safe mode. Healthy pipelines reported count is 0, required healthy pipeline reported count is 1
2023-06-06 14:29:28,754 [b5c86db4-08d8-4650-853d-8ab079fb10e3@group-5375F9A631E2-LeaderElection38] INFO  server.RaftServer$Division (ServerState.java:setRaftConf(434)) - b5c86db4-08d8-4650-853d-8ab079fb10e3@group-5375F9A631E2: set configuration 0: peers:[b5c86db4-08d8-4650-853d-8ab079fb10e3|rpc:10.1.0.37:15188|admin:10.1.0.37:15187|client:10.1.0.37:15186|dataStream:10.1.0.37:15189|priority:1|startupRole:FOLLOWER]|listeners:[], old=null
2023-06-06 14:29:28,754 [b5c86db4-08d8-4650-853d-8ab079fb10e3@group-5375F9A631E2-SegmentedRaftLogWorker] INFO  segmented.SegmentedRaftLogWorker (SegmentedRaftLogWorker.java:execute(651)) - b5c86db4-08d8-4650-853d-8ab079fb10e3@group-5375F9A631E2-SegmentedRaftLogWorker: created new log segment /home/runner/work/ozone/ozone/hadoop-ozone/integration-test/target/test-dir/MiniOzoneClusterImpl-446b9376-286d-4f49-81c3-2a666e658b7e/datanode-0/data/ratis/4ed3a34c-ef60-4319-b215-5375f9a631e2/current/log_inprogress_0
2023-06-06 14:29:28,760 [b5c86db4-08d8-4650-853d-8ab079fb10e3@group-F4595A0CC38F-FollowerState] INFO  server.RaftServerConfigKeys (ConfUtils.java:logFallback(53)) - raft.server.rpc.first-election.timeout.min = 5s (fallback to raft.server.rpc.timeout.min)
2023-06-06 14:29:28,760 [b5c86db4-08d8-4650-853d-8ab079fb10e3@group-F4595A0CC38F-FollowerState] INFO  server.RaftServerConfigKeys (ConfUtils.java:logFallback(53)) - raft.server.rpc.first-election.timeout.max = 5200ms (fallback to raft.server.rpc.timeout.max)
2023-06-06 14:29:28,767 [b5c86db4-08d8-4650-853d-8ab079fb10e3@group-C9C490725441-FollowerState] INFO  impl.FollowerState (FollowerState.java:run(143)) - b5c86db4-08d8-4650-853d-8ab079fb10e3@group-C9C490725441-FollowerState: change to CANDIDATE, lastRpcElapsedTime:5018437115ns, electionTimeout:5018ms
2023-06-06 14:29:28,767 [b5c86db4-08d8-4650-853d-8ab079fb10e3@group-C9C490725441-FollowerState] INFO  impl.RoleInfo (RoleInfo.java:shutdownFollowerState(110)) - b5c86db4-08d8-4650-853d-8ab079fb10e3: shutdown b5c86db4-08d8-4650-853d-8ab079fb10e3@group-C9C490725441-FollowerState
2023-06-06 14:29:28,767 [b5c86db4-08d8-4650-853d-8ab079fb10e3@group-C9C490725441-FollowerState] INFO  server.RaftServer$Division (RaftServerImpl.java:setRole(329)) - b5c86db4-08d8-4650-853d-8ab079fb10e3@group-C9C490725441: changes role from  FOLLOWER to CANDIDATE at term 0 for changeToCandidate
2023-06-06 14:29:28,767 [b5c86db4-08d8-4650-853d-8ab079fb10e3@group-C9C490725441-FollowerState] INFO  server.RaftServerConfigKeys (ConfUtils.java:logGet(46)) - raft.server.leaderelection.pre-vote = true (default)
2023-06-06 14:29:28,767 [b5c86db4-08d8-4650-853d-8ab079fb10e3@group-C9C490725441-FollowerState] INFO  impl.RoleInfo (RoleInfo.java:updateAndGet(139)) - b5c86db4-08d8-4650-853d-8ab079fb10e3: start b5c86db4-08d8-4650-853d-8ab079fb10e3@group-C9C490725441-LeaderElection39
2023-06-06 14:29:28,768 [b5c86db4-08d8-4650-853d-8ab079fb10e3@group-C9C490725441-LeaderElection39] INFO  impl.LeaderElection (LeaderElection.java:askForVotes(321)) - b5c86db4-08d8-4650-853d-8ab079fb10e3@group-C9C490725441-LeaderElection39 PRE_VOTE round 0: submit vote requests at term 0 for -1: peers:[b5c86db4-08d8-4650-853d-8ab079fb10e3|rpc:10.1.0.37:15188|admin:10.1.0.37:15187|client:10.1.0.37:15186|dataStream:10.1.0.37:15189|priority:1|startupRole:FOLLOWER, adb0896c-a435-46e3-a62b-55500171870d|rpc:10.1.0.37:15206|admin:10.1.0.37:15205|client:10.1.0.37:15204|dataStream:10.1.0.37:15207|priority:0|startupRole:FOLLOWER, 4ad61454-c850-4d9b-b065-88bf5b94c1a7|rpc:10.1.0.37:15197|admin:10.1.0.37:15196|client:10.1.0.37:15195|dataStream:10.1.0.37:15198|priority:0|startupRole:FOLLOWER]|listeners:[], old=null
2023-06-06 14:29:28,768 [b5c86db4-08d8-4650-853d-8ab079fb10e3@group-C9C490725441-LeaderElection39] INFO  server.RaftServerConfigKeys (ConfUtils.java:logFallback(53)) - raft.server.rpc.first-election.timeout.min = 5s (fallback to raft.server.rpc.timeout.min)
2023-06-06 14:29:28,769 [b5c86db4-08d8-4650-853d-8ab079fb10e3@group-C9C490725441-LeaderElection39-1] INFO  server.GrpcServerProtocolClient (GrpcServerProtocolClient.java:<init>(65)) - Build channel for adb0896c-a435-46e3-a62b-55500171870d
2023-06-06 14:29:28,769 [b5c86db4-08d8-4650-853d-8ab079fb10e3@group-C9C490725441-LeaderElection39] INFO  server.RaftServerConfigKeys (ConfUtils.java:logFallback(53)) - raft.server.rpc.first-election.timeout.max = 5200ms (fallback to raft.server.rpc.timeout.max)
2023-06-06 14:29:28,769 [b5c86db4-08d8-4650-853d-8ab079fb10e3@group-C9C490725441-LeaderElection39-2] INFO  server.GrpcServerProtocolClient (GrpcServerProtocolClient.java:<init>(65)) - Build channel for 4ad61454-c850-4d9b-b065-88bf5b94c1a7
2023-06-06 14:29:28,779 [grpc-default-executor-0] INFO  server.RaftServer$Division (RaftServerImpl.java:requestVote(1302)) - adb0896c-a435-46e3-a62b-55500171870d@group-C9C490725441: receive requestVote(PRE_VOTE, b5c86db4-08d8-4650-853d-8ab079fb10e3, group-C9C490725441, 0, (t:0, i:0))
2023-06-06 14:29:28,779 [grpc-default-executor-0] INFO  impl.VoteContext (VoteContext.java:log(49)) - adb0896c-a435-46e3-a62b-55500171870d@group-C9C490725441-FOLLOWER: accept PRE_VOTE from b5c86db4-08d8-4650-853d-8ab079fb10e3: our priority 0 <= candidate's priority 1
2023-06-06 14:29:28,779 [grpc-default-executor-0] INFO  server.RaftServer$Division (RaftServerImpl.java:requestVote(1335)) - adb0896c-a435-46e3-a62b-55500171870d@group-C9C490725441 replies to PRE_VOTE vote request: b5c86db4-08d8-4650-853d-8ab079fb10e3<-adb0896c-a435-46e3-a62b-55500171870d#0:OK-t0. Peer's state: adb0896c-a435-46e3-a62b-55500171870d@group-C9C490725441:t0, leader=null, voted=, raftlog=Memoized:adb0896c-a435-46e3-a62b-55500171870d@group-C9C490725441-SegmentedRaftLog:OPENED:c-1, conf=-1: peers:[b5c86db4-08d8-4650-853d-8ab079fb10e3|rpc:10.1.0.37:15188|admin:10.1.0.37:15187|client:10.1.0.37:15186|dataStream:10.1.0.37:15189|priority:1|startupRole:FOLLOWER, adb0896c-a435-46e3-a62b-55500171870d|rpc:10.1.0.37:15206|admin:10.1.0.37:15205|client:10.1.0.37:15204|dataStream:10.1.0.37:15207|priority:0|startupRole:FOLLOWER, 4ad61454-c850-4d9b-b065-88bf5b94c1a7|rpc:10.1.0.37:15197|admin:10.1.0.37:15196|client:10.1.0.37:15195|dataStream:10.1.0.37:15198|priority:0|startupRole:FOLLOWER]|listeners:[], old=null
2023-06-06 14:29:28,781 [b5c86db4-08d8-4650-853d-8ab079fb10e3@group-C9C490725441-LeaderElection39] INFO  impl.LeaderElection (LeaderElection.java:logAndReturn(90)) - b5c86db4-08d8-4650-853d-8ab079fb10e3@group-C9C490725441-LeaderElection39: PRE_VOTE PASSED received 1 response(s) and 0 exception(s):
2023-06-06 14:29:28,781 [b5c86db4-08d8-4650-853d-8ab079fb10e3@group-C9C490725441-LeaderElection39] INFO  impl.LeaderElection (LeaderElection.java:logAndReturn(94)) -   Response 0: b5c86db4-08d8-4650-853d-8ab079fb10e3<-adb0896c-a435-46e3-a62b-55500171870d#0:OK-t0
2023-06-06 14:29:28,781 [b5c86db4-08d8-4650-853d-8ab079fb10e3@group-C9C490725441-LeaderElection39] INFO  impl.LeaderElection (LeaderElection.java:askForVotes(323)) - b5c86db4-08d8-4650-853d-8ab079fb10e3@group-C9C490725441-LeaderElection39 PRE_VOTE round 0: result PASSED
2023-06-06 14:29:28,782 [b5c86db4-08d8-4650-853d-8ab079fb10e3@group-C9C490725441-LeaderElection39] INFO  impl.LeaderElection (LeaderElection.java:askForVotes(321)) - b5c86db4-08d8-4650-853d-8ab079fb10e3@group-C9C490725441-LeaderElection39 ELECTION round 0: submit vote requests at term 1 for -1: peers:[b5c86db4-08d8-4650-853d-8ab079fb10e3|rpc:10.1.0.37:15188|admin:10.1.0.37:15187|client:10.1.0.37:15186|dataStream:10.1.0.37:15189|priority:1|startupRole:FOLLOWER, adb0896c-a435-46e3-a62b-55500171870d|rpc:10.1.0.37:15206|admin:10.1.0.37:15205|client:10.1.0.37:15204|dataStream:10.1.0.37:15207|priority:0|startupRole:FOLLOWER, 4ad61454-c850-4d9b-b065-88bf5b94c1a7|rpc:10.1.0.37:15197|admin:10.1.0.37:15196|client:10.1.0.37:15195|dataStream:10.1.0.37:15198|priority:0|startupRole:FOLLOWER]|listeners:[], old=null
2023-06-06 14:29:28,785 [grpc-default-executor-0] INFO  server.RaftServer$Division (RaftServerImpl.java:requestVote(1302)) - 4ad61454-c850-4d9b-b065-88bf5b94c1a7@group-C9C490725441: receive requestVote(PRE_VOTE, b5c86db4-08d8-4650-853d-8ab079fb10e3, group-C9C490725441, 0, (t:0, i:0))
2023-06-06 14:29:28,785 [grpc-default-executor-0] INFO  impl.VoteContext (VoteContext.java:log(49)) - 4ad61454-c850-4d9b-b065-88bf5b94c1a7@group-C9C490725441-FOLLOWER: accept PRE_VOTE from b5c86db4-08d8-4650-853d-8ab079fb10e3: our priority 0 <= candidate's priority 1
2023-06-06 14:29:28,785 [grpc-default-executor-0] INFO  server.RaftServer$Division (RaftServerImpl.java:requestVote(1335)) - 4ad61454-c850-4d9b-b065-88bf5b94c1a7@group-C9C490725441 replies to PRE_VOTE vote request: b5c86db4-08d8-4650-853d-8ab079fb10e3<-4ad61454-c850-4d9b-b065-88bf5b94c1a7#0:OK-t0. Peer's state: 4ad61454-c850-4d9b-b065-88bf5b94c1a7@group-C9C490725441:t0, leader=null, voted=, raftlog=Memoized:4ad61454-c850-4d9b-b065-88bf5b94c1a7@group-C9C490725441-SegmentedRaftLog:OPENED:c-1, conf=-1: peers:[b5c86db4-08d8-4650-853d-8ab079fb10e3|rpc:10.1.0.37:15188|admin:10.1.0.37:15187|client:10.1.0.37:15186|dataStream:10.1.0.37:15189|priority:1|startupRole:FOLLOWER, adb0896c-a435-46e3-a62b-55500171870d|rpc:10.1.0.37:15206|admin:10.1.0.37:15205|client:10.1.0.37:15204|dataStream:10.1.0.37:15207|priority:0|startupRole:FOLLOWER, 4ad61454-c850-4d9b-b065-88bf5b94c1a7|rpc:10.1.0.37:15197|admin:10.1.0.37:15196|client:10.1.0.37:15195|dataStream:10.1.0.37:15198|priority:0|startupRole:FOLLOWER]|listeners:[], old=null
2023-06-06 14:29:28,789 [b5c86db4-08d8-4650-853d-8ab079fb10e3@group-C9C490725441-LeaderElection39] INFO  server.RaftServerConfigKeys (ConfUtils.java:logFallback(53)) - raft.server.rpc.first-election.timeout.min = 5s (fallback to raft.server.rpc.timeout.min)
2023-06-06 14:29:28,789 [b5c86db4-08d8-4650-853d-8ab079fb10e3@group-C9C490725441-LeaderElection39] INFO  server.RaftServerConfigKeys (ConfUtils.java:logFallback(53)) - raft.server.rpc.first-election.timeout.max = 5200ms (fallback to raft.server.rpc.timeout.max)
2023-06-06 14:29:28,792 [grpc-default-executor-0] INFO  server.RaftServer$Division (RaftServerImpl.java:requestVote(1302)) - 4ad61454-c850-4d9b-b065-88bf5b94c1a7@group-C9C490725441: receive requestVote(ELECTION, b5c86db4-08d8-4650-853d-8ab079fb10e3, group-C9C490725441, 1, (t:0, i:0))
2023-06-06 14:29:28,792 [grpc-default-executor-1] INFO  server.RaftServer$Division (RaftServerImpl.java:requestVote(1302)) - adb0896c-a435-46e3-a62b-55500171870d@group-C9C490725441: receive requestVote(ELECTION, b5c86db4-08d8-4650-853d-8ab079fb10e3, group-C9C490725441, 1, (t:0, i:0))
2023-06-06 14:29:28,793 [grpc-default-executor-0] INFO  impl.VoteContext (VoteContext.java:log(49)) - 4ad61454-c850-4d9b-b065-88bf5b94c1a7@group-C9C490725441-FOLLOWER: accept ELECTION from b5c86db4-08d8-4650-853d-8ab079fb10e3: our priority 0 <= candidate's priority 1
2023-06-06 14:29:28,793 [grpc-default-executor-0] INFO  server.RaftServer$Division (RaftServerImpl.java:setRole(329)) - 4ad61454-c850-4d9b-b065-88bf5b94c1a7@group-C9C490725441: changes role from  FOLLOWER to FOLLOWER at term 1 for candidate:b5c86db4-08d8-4650-853d-8ab079fb10e3
2023-06-06 14:29:28,793 [grpc-default-executor-1] INFO  impl.VoteContext (VoteContext.java:log(49)) - adb0896c-a435-46e3-a62b-55500171870d@group-C9C490725441-FOLLOWER: accept ELECTION from b5c86db4-08d8-4650-853d-8ab079fb10e3: our priority 0 <= candidate's priority 1
2023-06-06 14:29:28,793 [grpc-default-executor-1] INFO  server.RaftServer$Division (RaftServerImpl.java:setRole(329)) - adb0896c-a435-46e3-a62b-55500171870d@group-C9C490725441: changes role from  FOLLOWER to FOLLOWER at term 1 for candidate:b5c86db4-08d8-4650-853d-8ab079fb10e3
2023-06-06 14:29:28,793 [grpc-default-executor-1] INFO  impl.RoleInfo (RoleInfo.java:shutdownFollowerState(110)) - adb0896c-a435-46e3-a62b-55500171870d: shutdown adb0896c-a435-46e3-a62b-55500171870d@group-C9C490725441-FollowerState
2023-06-06 14:29:28,793 [grpc-default-executor-1] INFO  impl.RoleInfo (RoleInfo.java:updateAndGet(139)) - adb0896c-a435-46e3-a62b-55500171870d: start adb0896c-a435-46e3-a62b-55500171870d@group-C9C490725441-FollowerState
2023-06-06 14:29:28,794 [adb0896c-a435-46e3-a62b-55500171870d@group-C9C490725441-FollowerState] INFO  impl.FollowerState (FollowerState.java:run(152)) - adb0896c-a435-46e3-a62b-55500171870d@group-C9C490725441-FollowerState was interrupted
2023-06-06 14:29:28,793 [grpc-default-executor-0] INFO  impl.RoleInfo (RoleInfo.java:shutdownFollowerState(110)) - 4ad61454-c850-4d9b-b065-88bf5b94c1a7: shutdown 4ad61454-c850-4d9b-b065-88bf5b94c1a7@group-C9C490725441-FollowerState
2023-06-06 14:29:28,794 [grpc-default-executor-0] INFO  impl.RoleInfo (RoleInfo.java:updateAndGet(139)) - 4ad61454-c850-4d9b-b065-88bf5b94c1a7: start 4ad61454-c850-4d9b-b065-88bf5b94c1a7@group-C9C490725441-FollowerState
2023-06-06 14:29:28,798 [grpc-default-executor-1] INFO  server.RaftServer$Division (RaftServerImpl.java:requestVote(1335)) - adb0896c-a435-46e3-a62b-55500171870d@group-C9C490725441 replies to ELECTION vote request: b5c86db4-08d8-4650-853d-8ab079fb10e3<-adb0896c-a435-46e3-a62b-55500171870d#0:OK-t1. Peer's state: adb0896c-a435-46e3-a62b-55500171870d@group-C9C490725441:t1, leader=null, voted=b5c86db4-08d8-4650-853d-8ab079fb10e3, raftlog=Memoized:adb0896c-a435-46e3-a62b-55500171870d@group-C9C490725441-SegmentedRaftLog:OPENED:c-1, conf=-1: peers:[b5c86db4-08d8-4650-853d-8ab079fb10e3|rpc:10.1.0.37:15188|admin:10.1.0.37:15187|client:10.1.0.37:15186|dataStream:10.1.0.37:15189|priority:1|startupRole:FOLLOWER, adb0896c-a435-46e3-a62b-55500171870d|rpc:10.1.0.37:15206|admin:10.1.0.37:15205|client:10.1.0.37:15204|dataStream:10.1.0.37:15207|priority:0|startupRole:FOLLOWER, 4ad61454-c850-4d9b-b065-88bf5b94c1a7|rpc:10.1.0.37:15197|admin:10.1.0.37:15196|client:10.1.0.37:15195|dataStream:10.1.0.37:15198|priority:0|startupRole:FOLLOWER]|listeners:[], old=null
2023-06-06 14:29:28,799 [4ad61454-c850-4d9b-b065-88bf5b94c1a7@group-C9C490725441-FollowerState] INFO  impl.FollowerState (FollowerState.java:run(152)) - 4ad61454-c850-4d9b-b065-88bf5b94c1a7@group-C9C490725441-FollowerState was interrupted
2023-06-06 14:29:28,799 [grpc-default-executor-0] INFO  server.RaftServer$Division (RaftServerImpl.java:requestVote(1335)) - 4ad61454-c850-4d9b-b065-88bf5b94c1a7@group-C9C490725441 replies to ELECTION vote request: b5c86db4-08d8-4650-853d-8ab079fb10e3<-4ad61454-c850-4d9b-b065-88bf5b94c1a7#0:OK-t1. Peer's state: 4ad61454-c850-4d9b-b065-88bf5b94c1a7@group-C9C490725441:t1, leader=null, voted=b5c86db4-08d8-4650-853d-8ab079fb10e3, raftlog=Memoized:4ad61454-c850-4d9b-b065-88bf5b94c1a7@group-C9C490725441-SegmentedRaftLog:OPENED:c-1, conf=-1: peers:[b5c86db4-08d8-4650-853d-8ab079fb10e3|rpc:10.1.0.37:15188|admin:10.1.0.37:15187|client:10.1.0.37:15186|dataStream:10.1.0.37:15189|priority:1|startupRole:FOLLOWER, adb0896c-a435-46e3-a62b-55500171870d|rpc:10.1.0.37:15206|admin:10.1.0.37:15205|client:10.1.0.37:15204|dataStream:10.1.0.37:15207|priority:0|startupRole:FOLLOWER, 4ad61454-c850-4d9b-b065-88bf5b94c1a7|rpc:10.1.0.37:15197|admin:10.1.0.37:15196|client:10.1.0.37:15195|dataStream:10.1.0.37:15198|priority:0|startupRole:FOLLOWER]|listeners:[], old=null
2023-06-06 14:29:28,799 [b5c86db4-08d8-4650-853d-8ab079fb10e3@group-C9C490725441-LeaderElection39] INFO  impl.LeaderElection (LeaderElection.java:logAndReturn(90)) - b5c86db4-08d8-4650-853d-8ab079fb10e3@group-C9C490725441-LeaderElection39: ELECTION PASSED received 1 response(s) and 0 exception(s):
2023-06-06 14:29:28,805 [b5c86db4-08d8-4650-853d-8ab079fb10e3@group-C9C490725441-LeaderElection39] INFO  impl.LeaderElection (LeaderElection.java:logAndReturn(94)) -   Response 0: b5c86db4-08d8-4650-853d-8ab079fb10e3<-adb0896c-a435-46e3-a62b-55500171870d#0:OK-t1
2023-06-06 14:29:28,805 [b5c86db4-08d8-4650-853d-8ab079fb10e3@group-C9C490725441-LeaderElection39] INFO  impl.LeaderElection (LeaderElection.java:askForVotes(323)) - b5c86db4-08d8-4650-853d-8ab079fb10e3@group-C9C490725441-LeaderElection39 ELECTION round 0: result PASSED
2023-06-06 14:29:28,805 [b5c86db4-08d8-4650-853d-8ab079fb10e3@group-C9C490725441-LeaderElection39] INFO  impl.RoleInfo (RoleInfo.java:shutdownLeaderElection(130)) - b5c86db4-08d8-4650-853d-8ab079fb10e3: shutdown b5c86db4-08d8-4650-853d-8ab079fb10e3@group-C9C490725441-LeaderElection39
2023-06-06 14:29:28,805 [b5c86db4-08d8-4650-853d-8ab079fb10e3@group-C9C490725441-LeaderElection39] INFO  server.RaftServer$Division (RaftServerImpl.java:setRole(329)) - b5c86db4-08d8-4650-853d-8ab079fb10e3@group-C9C490725441: changes role from CANDIDATE to LEADER at term 1 for changeToLeader
2023-06-06 14:29:28,805 [b5c86db4-08d8-4650-853d-8ab079fb10e3@group-C9C490725441-LeaderElection39] INFO  ratis.XceiverServerRatis (XceiverServerRatis.java:handleLeaderChangedNotification(902)) - Leader change notification received for group: group-C9C490725441 with new leaderId: b5c86db4-08d8-4650-853d-8ab079fb10e3
2023-06-06 14:29:28,805 [b5c86db4-08d8-4650-853d-8ab079fb10e3@group-C9C490725441-LeaderElection39] INFO  server.RaftServer$Division (ServerState.java:setLeader(317)) - b5c86db4-08d8-4650-853d-8ab079fb10e3@group-C9C490725441: change Leader from null to b5c86db4-08d8-4650-853d-8ab079fb10e3 at term 1 for becomeLeader, leader elected after 5069ms
2023-06-06 14:29:28,805 [b5c86db4-08d8-4650-853d-8ab079fb10e3@group-C9C490725441-LeaderElection39] INFO  server.RaftServerConfigKeys (ConfUtils.java:logGet(46)) - raft.server.staging.catchup.gap = 1000 (default)
2023-06-06 14:29:28,805 [b5c86db4-08d8-4650-853d-8ab079fb10e3@group-C9C490725441-LeaderElection39] INFO  server.RaftServerConfigKeys (ConfUtils.java:logGet(46)) - raft.server.write.element-limit = 1024 (custom)
2023-06-06 14:29:28,805 [b5c86db4-08d8-4650-853d-8ab079fb10e3@group-C9C490725441-LeaderElection39] INFO  server.RaftServerConfigKeys (ConfUtils.java:logGet(46)) - raft.server.write.byte-limit = 1024 M (=1073741824) (custom)
2023-06-06 14:29:28,805 [b5c86db4-08d8-4650-853d-8ab079fb10e3@group-C9C490725441-LeaderElection39] INFO  server.RaftServerConfigKeys (ConfUtils.java:logGet(46)) - raft.server.watch.timeout = 180s (custom)
2023-06-06 14:29:28,805 [b5c86db4-08d8-4650-853d-8ab079fb10e3@group-C9C490725441-LeaderElection39] INFO  server.RaftServerConfigKeys (ConfUtils.java:logGet(46)) - raft.server.watch.timeout.denomination = 1s (default)
2023-06-06 14:29:28,805 [b5c86db4-08d8-4650-853d-8ab079fb10e3@group-C9C490725441-LeaderElection39] INFO  server.RaftServerConfigKeys (ConfUtils.java:logGet(46)) - raft.server.watch.element-limit = 65536 (default)
2023-06-06 14:29:28,805 [b5c86db4-08d8-4650-853d-8ab079fb10e3@group-C9C490725441-LeaderElection39] INFO  server.RaftServerConfigKeys (ConfUtils.java:logGet(46)) - raft.server.write.element-limit = 1024 (custom)
2023-06-06 14:29:28,806 [b5c86db4-08d8-4650-853d-8ab079fb10e3@group-C9C490725441-LeaderElection39] INFO  server.RaftServerConfigKeys (ConfUtils.java:logGet(46)) - raft.server.write.follower.gap.ratio.max = -1.0 (default)
2023-06-06 14:29:28,806 [b5c86db4-08d8-4650-853d-8ab079fb10e3@group-C9C490725441-LeaderElection39] INFO  server.RaftServerConfigKeys (ConfUtils.java:logGet(46)) - raft.server.log.appender.snapshot.chunk.size.max = 16MB (=16777216) (default)
2023-06-06 14:29:28,806 [b5c86db4-08d8-4650-853d-8ab079fb10e3@group-C9C490725441-LeaderElection39] INFO  server.RaftServerConfigKeys (ConfUtils.java:logGet(46)) - raft.server.log.appender.buffer.byte-limit = 33554432 (custom)
2023-06-06 14:29:28,806 [b5c86db4-08d8-4650-853d-8ab079fb10e3@group-C9C490725441-LeaderElection39] INFO  server.RaftServerConfigKeys (ConfUtils.java:logGet(46)) - raft.server.log.appender.buffer.element-limit = 1 (custom)
2023-06-06 14:29:28,806 [b5c86db4-08d8-4650-853d-8ab079fb10e3@group-C9C490725441-LeaderElection39] INFO  server.RaftServerConfigKeys (ConfUtils.java:logGet(46)) - raft.server.log.appender.wait-time.min = 10ms (default)
2023-06-06 14:29:28,806 [b5c86db4-08d8-4650-853d-8ab079fb10e3@group-C9C490725441-LeaderElection39] INFO  grpc.GrpcConfigKeys (ConfUtils.java:logGet(46)) - raft.grpc.server.leader.outstanding.appends.max = 128 (default)
2023-06-06 14:29:28,806 [b5c86db4-08d8-4650-853d-8ab079fb10e3@group-C9C490725441-LeaderElection39] INFO  server.RaftServerConfigKeys (ConfUtils.java:logGet(46)) - raft.server.rpc.request.timeout = 60s (custom)
2023-06-06 14:29:28,806 [b5c86db4-08d8-4650-853d-8ab079fb10e3@group-C9C490725441-LeaderElection39] INFO  grpc.GrpcConfigKeys (ConfUtils.java:logGet(46)) - raft.grpc.server.install_snapshot.request.element-limit = 8 (default)
2023-06-06 14:29:28,806 [b5c86db4-08d8-4650-853d-8ab079fb10e3@group-C9C490725441-LeaderElection39] INFO  grpc.GrpcConfigKeys (ConfUtils.java:logGet(46)) - raft.grpc.server.install_snapshot.request.timeout = 3000ms (default)
2023-06-06 14:29:28,806 [b5c86db4-08d8-4650-853d-8ab079fb10e3@group-C9C490725441-LeaderElection39] INFO  server.RaftServerConfigKeys (ConfUtils.java:logGet(46)) - raft.server.log.appender.install.snapshot.enabled = false (custom)
2023-06-06 14:29:28,806 [b5c86db4-08d8-4650-853d-8ab079fb10e3@group-C9C490725441-LeaderElection39] INFO  grpc.GrpcConfigKeys (ConfUtils.java:logGet(46)) - raft.grpc.server.heartbeat.channel = true (default)
2023-06-06 14:29:28,807 [b5c86db4-08d8-4650-853d-8ab079fb10e3@group-C9C490725441-LeaderElection39] INFO  server.RaftServerConfigKeys (ConfUtils.java:logGet(46)) - raft.server.log.appender.snapshot.chunk.size.max = 16MB (=16777216) (default)
2023-06-06 14:29:28,807 [b5c86db4-08d8-4650-853d-8ab079fb10e3@group-C9C490725441-LeaderElection39] INFO  server.RaftServerConfigKeys (ConfUtils.java:logGet(46)) - raft.server.log.appender.buffer.byte-limit = 33554432 (custom)
2023-06-06 14:29:28,807 [b5c86db4-08d8-4650-853d-8ab079fb10e3@group-C9C490725441-LeaderElection39] INFO  server.RaftServerConfigKeys (ConfUtils.java:logGet(46)) - raft.server.log.appender.buffer.element-limit = 1 (custom)
2023-06-06 14:29:28,807 [b5c86db4-08d8-4650-853d-8ab079fb10e3@group-C9C490725441-LeaderElection39] INFO  server.RaftServerConfigKeys (ConfUtils.java:logGet(46)) - raft.server.log.appender.wait-time.min = 10ms (default)
2023-06-06 14:29:28,807 [b5c86db4-08d8-4650-853d-8ab079fb10e3@group-C9C490725441-LeaderElection39] INFO  grpc.GrpcConfigKeys (ConfUtils.java:logGet(46)) - raft.grpc.server.leader.outstanding.appends.max = 128 (default)
2023-06-06 14:29:28,807 [b5c86db4-08d8-4650-853d-8ab079fb10e3@group-C9C490725441-LeaderElection39] INFO  server.RaftServerConfigKeys (ConfUtils.java:logGet(46)) - raft.server.rpc.request.timeout = 60s (custom)
2023-06-06 14:29:28,807 [b5c86db4-08d8-4650-853d-8ab079fb10e3@group-C9C490725441-LeaderElection39] INFO  grpc.GrpcConfigKeys (ConfUtils.java:logGet(46)) - raft.grpc.server.install_snapshot.request.element-limit = 8 (default)
2023-06-06 14:29:28,807 [b5c86db4-08d8-4650-853d-8ab079fb10e3@group-C9C490725441-LeaderElection39] INFO  grpc.GrpcConfigKeys (ConfUtils.java:logGet(46)) - raft.grpc.server.install_snapshot.request.timeout = 3000ms (default)
2023-06-06 14:29:28,807 [b5c86db4-08d8-4650-853d-8ab079fb10e3@group-C9C490725441-LeaderElection39] INFO  server.RaftServerConfigKeys (ConfUtils.java:logGet(46)) - raft.server.log.appender.install.snapshot.enabled = false (custom)
2023-06-06 14:29:28,807 [b5c86db4-08d8-4650-853d-8ab079fb10e3@group-C9C490725441-LeaderElection39] INFO  grpc.GrpcConfigKeys (ConfUtils.java:logGet(46)) - raft.grpc.server.heartbeat.channel = true (default)
2023-06-06 14:29:28,807 [b5c86db4-08d8-4650-853d-8ab079fb10e3@group-C9C490725441-LeaderElection39] INFO  impl.RoleInfo (RoleInfo.java:updateAndGet(139)) - b5c86db4-08d8-4650-853d-8ab079fb10e3: start b5c86db4-08d8-4650-853d-8ab079fb10e3@group-C9C490725441-LeaderStateImpl
2023-06-06 14:29:28,807 [b5c86db4-08d8-4650-853d-8ab079fb10e3@group-C9C490725441-LeaderElection39] INFO  segmented.SegmentedRaftLogWorker (SegmentedRaftLogWorker.java:startLogSegment(447)) - b5c86db4-08d8-4650-853d-8ab079fb10e3@group-C9C490725441-SegmentedRaftLogWorker: Starting segment from index:0
2023-06-06 14:29:28,809 [b5c86db4-08d8-4650-853d-8ab079fb10e3@group-C9C490725441-SegmentedRaftLogWorker] INFO  segmented.SegmentedRaftLogWorker (SegmentedRaftLogWorker.java:execute(651)) - b5c86db4-08d8-4650-853d-8ab079fb10e3@group-C9C490725441-SegmentedRaftLogWorker: created new log segment /home/runner/work/ozone/ozone/hadoop-ozone/integration-test/target/test-dir/MiniOzoneClusterImpl-446b9376-286d-4f49-81c3-2a666e658b7e/datanode-0/data/ratis/08142710-7d31-4048-b62e-c9c490725441/current/log_inprogress_0
2023-06-06 14:29:28,809 [EventQueue-PipelineReportForPipelineReportHandler] INFO  pipeline.PipelineManagerImpl (PipelineManagerImpl.java:openPipeline(367)) - Pipeline Pipeline[ Id: 08142710-7d31-4048-b62e-c9c490725441, Nodes: adb0896c-a435-46e3-a62b-55500171870d(fv-az1133-973.qlb2sqfkji0uhjsjdnlwzcsdwg.bx.internal.cloudapp.net/10.1.0.37)4ad61454-c850-4d9b-b065-88bf5b94c1a7(fv-az1133-973.qlb2sqfkji0uhjsjdnlwzcsdwg.bx.internal.cloudapp.net/10.1.0.37)b5c86db4-08d8-4650-853d-8ab079fb10e3(fv-az1133-973.qlb2sqfkji0uhjsjdnlwzcsdwg.bx.internal.cloudapp.net/10.1.0.37), ReplicationConfig: RATIS/THREE, State:ALLOCATED, leaderId:b5c86db4-08d8-4650-853d-8ab079fb10e3, CreationTimestamp2023-06-06T14:29:21.197Z[Etc/UTC]] moved to OPEN state
2023-06-06 14:29:28,810 [EventQueue-OpenPipelineForHealthyPipelineSafeModeRule] INFO  safemode.SCMSafeModeManager (HealthyPipelineSafeModeRule.java:process(137)) - SCM in safe mode. Healthy pipelines reported count is 0, required healthy pipeline reported count is 1
2023-06-06 14:29:28,810 [EventQueue-OpenPipelineForHealthyPipelineSafeModeRule] INFO  safemode.SCMSafeModeManager (HealthyPipelineSafeModeRule.java:process(137)) - SCM in safe mode. Healthy pipelines reported count is 1, required healthy pipeline reported count is 1
2023-06-06 14:29:28,810 [EventQueue-OpenPipelineForHealthyPipelineSafeModeRule] INFO  safemode.SCMSafeModeManager (SCMSafeModeManager.java:validateSafeModeExitRules(200)) - HealthyPipelineSafeModeRule rule is successfully validated
2023-06-06 14:29:28,810 [EventQueue-OpenPipelineForHealthyPipelineSafeModeRule] INFO  safemode.SCMSafeModeManager (SCMSafeModeManager.java:validateSafeModeExitRules(215)) - ScmSafeModeManager, all rules are successfully validated
2023-06-06 14:29:28,810 [EventQueue-OpenPipelineForHealthyPipelineSafeModeRule] INFO  safemode.SCMSafeModeManager (SCMSafeModeManager.java:exitSafeMode(244)) - SCM exiting safe mode.
2023-06-06 14:29:28,810 [EventQueue-OpenPipelineForHealthyPipelineSafeModeRule] INFO  ha.SCMContext (SCMContext.java:updateSafeModeStatus(228)) - Update SafeModeStatus from SafeModeStatus{safeModeStatus=true, preCheckPassed=true} to SafeModeStatus{safeModeStatus=false, preCheckPassed=true}.
2023-06-06 14:29:28,810 [EventQueue-OpenPipelineForHealthyPipelineSafeModeRule] INFO  pipeline.BackgroundPipelineCreator (BackgroundPipelineCreator.java:notifyStatusChanged(254)) - Service BackgroundPipelineCreator transitions to RUNNING.
2023-06-06 14:29:28,810 [EventQueue-OpenPipelineForHealthyPipelineSafeModeRule] INFO  BackgroundPipelineScrubber (BackgroundSCMService.java:notifyStatusChanged(82)) - Service BackgroundPipelineScrubber transitions to RUNNING.
2023-06-06 14:29:28,810 [EventQueue-OpenPipelineForHealthyPipelineSafeModeRule] INFO  ExpiredContainerReplicaOpScrubber (BackgroundSCMService.java:notifyStatusChanged(82)) - Service ExpiredContainerReplicaOpScrubber transitions to RUNNING.
2023-06-06 14:29:28,810 [EventQueue-OpenPipelineForHealthyPipelineSafeModeRule] INFO  replication.ReplicationManager (ReplicationManager.java:notifyStatusChanged(1369)) - Service ReplicationManager transitions to RUNNING.
2023-06-06 14:29:28,810 [EventQueue-OpenPipelineForHealthyPipelineSafeModeRule] WARN  balancer.ContainerBalancer (ContainerBalancer.java:shouldRun(135)) - Could not find persisted configuration for ContainerBalancer when checking if ContainerBalancer should run. ContainerBalancer should not run now.
2023-06-06 14:29:28,826 [b5c86db4-08d8-4650-853d-8ab079fb10e3@group-C9C490725441-LeaderElection39] INFO  server.RaftServer$Division (ServerState.java:setRaftConf(434)) - b5c86db4-08d8-4650-853d-8ab079fb10e3@group-C9C490725441: set configuration 0: peers:[b5c86db4-08d8-4650-853d-8ab079fb10e3|rpc:10.1.0.37:15188|admin:10.1.0.37:15187|client:10.1.0.37:15186|dataStream:10.1.0.37:15189|priority:1|startupRole:FOLLOWER, adb0896c-a435-46e3-a62b-55500171870d|rpc:10.1.0.37:15206|admin:10.1.0.37:15205|client:10.1.0.37:15204|dataStream:10.1.0.37:15207|priority:0|startupRole:FOLLOWER, 4ad61454-c850-4d9b-b065-88bf5b94c1a7|rpc:10.1.0.37:15197|admin:10.1.0.37:15196|client:10.1.0.37:15195|dataStream:10.1.0.37:15198|priority:0|startupRole:FOLLOWER]|listeners:[], old=null
2023-06-06 14:29:28,832 [adb0896c-a435-46e3-a62b-55500171870d-server-thread1] INFO  ratis.XceiverServerRatis (XceiverServerRatis.java:handleLeaderChangedNotification(902)) - Leader change notification received for group: group-C9C490725441 with new leaderId: b5c86db4-08d8-4650-853d-8ab079fb10e3
2023-06-06 14:29:28,832 [adb0896c-a435-46e3-a62b-55500171870d-server-thread1] INFO  server.RaftServer$Division (ServerState.java:setLeader(317)) - adb0896c-a435-46e3-a62b-55500171870d@group-C9C490725441: change Leader from null to b5c86db4-08d8-4650-853d-8ab079fb10e3 at term 1 for appendEntries, leader elected after 5072ms
2023-06-06 14:29:28,834 [adb0896c-a435-46e3-a62b-55500171870d-server-thread1] INFO  server.RaftServer$Division (ServerState.java:setRaftConf(434)) - adb0896c-a435-46e3-a62b-55500171870d@group-C9C490725441: set configuration 0: peers:[b5c86db4-08d8-4650-853d-8ab079fb10e3|rpc:10.1.0.37:15188|admin:10.1.0.37:15187|client:10.1.0.37:15186|dataStream:10.1.0.37:15189|priority:1|startupRole:FOLLOWER, adb0896c-a435-46e3-a62b-55500171870d|rpc:10.1.0.37:15206|admin:10.1.0.37:15205|client:10.1.0.37:15204|dataStream:10.1.0.37:15207|priority:0|startupRole:FOLLOWER, 4ad61454-c850-4d9b-b065-88bf5b94c1a7|rpc:10.1.0.37:15197|admin:10.1.0.37:15196|client:10.1.0.37:15195|dataStream:10.1.0.37:15198|priority:0|startupRole:FOLLOWER]|listeners:[], old=null
2023-06-06 14:29:28,836 [adb0896c-a435-46e3-a62b-55500171870d-server-thread1] INFO  segmented.SegmentedRaftLogWorker (SegmentedRaftLogWorker.java:startLogSegment(447)) - adb0896c-a435-46e3-a62b-55500171870d@group-C9C490725441-SegmentedRaftLogWorker: Starting segment from index:0
2023-06-06 14:29:28,839 [4ad61454-c850-4d9b-b065-88bf5b94c1a7-server-thread2] INFO  ratis.XceiverServerRatis (XceiverServerRatis.java:handleLeaderChangedNotification(902)) - Leader change notification received for group: group-C9C490725441 with new leaderId: b5c86db4-08d8-4650-853d-8ab079fb10e3
2023-06-06 14:29:28,839 [4ad61454-c850-4d9b-b065-88bf5b94c1a7-server-thread2] INFO  server.RaftServer$Division (ServerState.java:setLeader(317)) - 4ad61454-c850-4d9b-b065-88bf5b94c1a7@group-C9C490725441: change Leader from null to b5c86db4-08d8-4650-853d-8ab079fb10e3 at term 1 for appendEntries, leader elected after 5031ms
2023-06-06 14:29:28,840 [adb0896c-a435-46e3-a62b-55500171870d@group-C9C490725441-SegmentedRaftLogWorker] INFO  segmented.SegmentedRaftLogWorker (SegmentedRaftLogWorker.java:execute(651)) - adb0896c-a435-46e3-a62b-55500171870d@group-C9C490725441-SegmentedRaftLogWorker: created new log segment /home/runner/work/ozone/ozone/hadoop-ozone/integration-test/target/test-dir/MiniOzoneClusterImpl-446b9376-286d-4f49-81c3-2a666e658b7e/datanode-2/data/ratis/08142710-7d31-4048-b62e-c9c490725441/current/log_inprogress_0
2023-06-06 14:29:28,840 [4ad61454-c850-4d9b-b065-88bf5b94c1a7-server-thread2] INFO  server.RaftServer$Division (ServerState.java:setRaftConf(434)) - 4ad61454-c850-4d9b-b065-88bf5b94c1a7@group-C9C490725441: set configuration 0: peers:[b5c86db4-08d8-4650-853d-8ab079fb10e3|rpc:10.1.0.37:15188|admin:10.1.0.37:15187|client:10.1.0.37:15186|dataStream:10.1.0.37:15189|priority:1|startupRole:FOLLOWER, adb0896c-a435-46e3-a62b-55500171870d|rpc:10.1.0.37:15206|admin:10.1.0.37:15205|client:10.1.0.37:15204|dataStream:10.1.0.37:15207|priority:0|startupRole:FOLLOWER, 4ad61454-c850-4d9b-b065-88bf5b94c1a7|rpc:10.1.0.37:15197|admin:10.1.0.37:15196|client:10.1.0.37:15195|dataStream:10.1.0.37:15198|priority:0|startupRole:FOLLOWER]|listeners:[], old=null
2023-06-06 14:29:28,841 [4ad61454-c850-4d9b-b065-88bf5b94c1a7-server-thread2] INFO  segmented.SegmentedRaftLogWorker (SegmentedRaftLogWorker.java:startLogSegment(447)) - 4ad61454-c850-4d9b-b065-88bf5b94c1a7@group-C9C490725441-SegmentedRaftLogWorker: Starting segment from index:0
2023-06-06 14:29:28,841 [4ad61454-c850-4d9b-b065-88bf5b94c1a7@group-C9C490725441-SegmentedRaftLogWorker] INFO  segmented.SegmentedRaftLogWorker (SegmentedRaftLogWorker.java:execute(651)) - 4ad61454-c850-4d9b-b065-88bf5b94c1a7@group-C9C490725441-SegmentedRaftLogWorker: created new log segment /home/runner/work/ozone/ozone/hadoop-ozone/integration-test/target/test-dir/MiniOzoneClusterImpl-446b9376-286d-4f49-81c3-2a666e658b7e/datanode-1/data/ratis/08142710-7d31-4048-b62e-c9c490725441/current/log_inprogress_0
2023-06-06 14:29:28,856 [4ad61454-c850-4d9b-b065-88bf5b94c1a7@group-F4595A0CC38F-FollowerState] INFO  impl.FollowerState (FollowerState.java:run(143)) - 4ad61454-c850-4d9b-b065-88bf5b94c1a7@group-F4595A0CC38F-FollowerState: change to CANDIDATE, lastRpcElapsedTime:5130981033ns, electionTimeout:5130ms
2023-06-06 14:29:28,856 [4ad61454-c850-4d9b-b065-88bf5b94c1a7@group-F4595A0CC38F-FollowerState] INFO  impl.RoleInfo (RoleInfo.java:shutdownFollowerState(110)) - 4ad61454-c850-4d9b-b065-88bf5b94c1a7: shutdown 4ad61454-c850-4d9b-b065-88bf5b94c1a7@group-F4595A0CC38F-FollowerState
2023-06-06 14:29:28,856 [4ad61454-c850-4d9b-b065-88bf5b94c1a7@group-F4595A0CC38F-FollowerState] INFO  server.RaftServer$Division (RaftServerImpl.java:setRole(329)) - 4ad61454-c850-4d9b-b065-88bf5b94c1a7@group-F4595A0CC38F: changes role from  FOLLOWER to CANDIDATE at term 0 for changeToCandidate
2023-06-06 14:29:28,856 [4ad61454-c850-4d9b-b065-88bf5b94c1a7@group-F4595A0CC38F-FollowerState] INFO  server.RaftServerConfigKeys (ConfUtils.java:logGet(46)) - raft.server.leaderelection.pre-vote = true (default)
2023-06-06 14:29:28,857 [4ad61454-c850-4d9b-b065-88bf5b94c1a7@group-F4595A0CC38F-FollowerState] INFO  impl.RoleInfo (RoleInfo.java:updateAndGet(139)) - 4ad61454-c850-4d9b-b065-88bf5b94c1a7: start 4ad61454-c850-4d9b-b065-88bf5b94c1a7@group-F4595A0CC38F-LeaderElection40
2023-06-06 14:29:28,857 [4ad61454-c850-4d9b-b065-88bf5b94c1a7@group-F4595A0CC38F-LeaderElection40] INFO  impl.LeaderElection (LeaderElection.java:askForVotes(321)) - 4ad61454-c850-4d9b-b065-88bf5b94c1a7@group-F4595A0CC38F-LeaderElection40 PRE_VOTE round 0: submit vote requests at term 0 for -1: peers:[b5c86db4-08d8-4650-853d-8ab079fb10e3|rpc:10.1.0.37:15188|admin:10.1.0.37:15187|client:10.1.0.37:15186|dataStream:10.1.0.37:15189|priority:0|startupRole:FOLLOWER, adb0896c-a435-46e3-a62b-55500171870d|rpc:10.1.0.37:15206|admin:10.1.0.37:15205|client:10.1.0.37:15204|dataStream:10.1.0.37:15207|priority:0|startupRole:FOLLOWER, 4ad61454-c850-4d9b-b065-88bf5b94c1a7|rpc:10.1.0.37:15197|admin:10.1.0.37:15196|client:10.1.0.37:15195|dataStream:10.1.0.37:15198|priority:1|startupRole:FOLLOWER]|listeners:[], old=null
2023-06-06 14:29:28,858 [4ad61454-c850-4d9b-b065-88bf5b94c1a7@group-F4595A0CC38F-LeaderElection40] INFO  server.RaftServerConfigKeys (ConfUtils.java:logFallback(53)) - raft.server.rpc.first-election.timeout.min = 5s (fallback to raft.server.rpc.timeout.min)
2023-06-06 14:29:28,858 [4ad61454-c850-4d9b-b065-88bf5b94c1a7@group-F4595A0CC38F-LeaderElection40-1] INFO  server.GrpcServerProtocolClient (GrpcServerProtocolClient.java:<init>(65)) - Build channel for b5c86db4-08d8-4650-853d-8ab079fb10e3
2023-06-06 14:29:28,858 [4ad61454-c850-4d9b-b065-88bf5b94c1a7@group-F4595A0CC38F-LeaderElection40] INFO  server.RaftServerConfigKeys (ConfUtils.java:logFallback(53)) - raft.server.rpc.first-election.timeout.max = 5200ms (fallback to raft.server.rpc.timeout.max)
2023-06-06 14:29:28,859 [4ad61454-c850-4d9b-b065-88bf5b94c1a7@group-F4595A0CC38F-LeaderElection40-2] INFO  server.GrpcServerProtocolClient (GrpcServerProtocolClient.java:<init>(65)) - Build channel for adb0896c-a435-46e3-a62b-55500171870d
2023-06-06 14:29:28,869 [grpc-default-executor-3] INFO  server.RaftServer$Division (RaftServerImpl.java:requestVote(1302)) - b5c86db4-08d8-4650-853d-8ab079fb10e3@group-F4595A0CC38F: receive requestVote(PRE_VOTE, 4ad61454-c850-4d9b-b065-88bf5b94c1a7, group-F4595A0CC38F, 0, (t:0, i:0))
2023-06-06 14:29:28,869 [grpc-default-executor-3] INFO  impl.VoteContext (VoteContext.java:log(49)) - b5c86db4-08d8-4650-853d-8ab079fb10e3@group-F4595A0CC38F-FOLLOWER: accept PRE_VOTE from 4ad61454-c850-4d9b-b065-88bf5b94c1a7: our priority 0 <= candidate's priority 1
2023-06-06 14:29:28,869 [grpc-default-executor-3] INFO  server.RaftServer$Division (RaftServerImpl.java:requestVote(1335)) - b5c86db4-08d8-4650-853d-8ab079fb10e3@group-F4595A0CC38F replies to PRE_VOTE vote request: 4ad61454-c850-4d9b-b065-88bf5b94c1a7<-b5c86db4-08d8-4650-853d-8ab079fb10e3#0:OK-t0. Peer's state: b5c86db4-08d8-4650-853d-8ab079fb10e3@group-F4595A0CC38F:t0, leader=null, voted=, raftlog=Memoized:b5c86db4-08d8-4650-853d-8ab079fb10e3@group-F4595A0CC38F-SegmentedRaftLog:OPENED:c-1, conf=-1: peers:[b5c86db4-08d8-4650-853d-8ab079fb10e3|rpc:10.1.0.37:15188|admin:10.1.0.37:15187|client:10.1.0.37:15186|dataStream:10.1.0.37:15189|priority:0|startupRole:FOLLOWER, adb0896c-a435-46e3-a62b-55500171870d|rpc:10.1.0.37:15206|admin:10.1.0.37:15205|client:10.1.0.37:15204|dataStream:10.1.0.37:15207|priority:0|startupRole:FOLLOWER, 4ad61454-c850-4d9b-b065-88bf5b94c1a7|rpc:10.1.0.37:15197|admin:10.1.0.37:15196|client:10.1.0.37:15195|dataStream:10.1.0.37:15198|priority:1|startupRole:FOLLOWER]|listeners:[], old=null
2023-06-06 14:29:28,870 [4ad61454-c850-4d9b-b065-88bf5b94c1a7@group-F4595A0CC38F-LeaderElection40] INFO  impl.LeaderElection (LeaderElection.java:logAndReturn(90)) - 4ad61454-c850-4d9b-b065-88bf5b94c1a7@group-F4595A0CC38F-LeaderElection40: PRE_VOTE PASSED received 1 response(s) and 0 exception(s):
2023-06-06 14:29:28,870 [4ad61454-c850-4d9b-b065-88bf5b94c1a7@group-F4595A0CC38F-LeaderElection40] INFO  impl.LeaderElection (LeaderElection.java:logAndReturn(94)) -   Response 0: 4ad61454-c850-4d9b-b065-88bf5b94c1a7<-b5c86db4-08d8-4650-853d-8ab079fb10e3#0:OK-t0
2023-06-06 14:29:28,870 [4ad61454-c850-4d9b-b065-88bf5b94c1a7@group-F4595A0CC38F-LeaderElection40] INFO  impl.LeaderElection (LeaderElection.java:askForVotes(323)) - 4ad61454-c850-4d9b-b065-88bf5b94c1a7@group-F4595A0CC38F-LeaderElection40 PRE_VOTE round 0: result PASSED
2023-06-06 14:29:28,872 [4ad61454-c850-4d9b-b065-88bf5b94c1a7@group-F4595A0CC38F-LeaderElection40] INFO  impl.LeaderElection (LeaderElection.java:askForVotes(321)) - 4ad61454-c850-4d9b-b065-88bf5b94c1a7@group-F4595A0CC38F-LeaderElection40 ELECTION round 0: submit vote requests at term 1 for -1: peers:[b5c86db4-08d8-4650-853d-8ab079fb10e3|rpc:10.1.0.37:15188|admin:10.1.0.37:15187|client:10.1.0.37:15186|dataStream:10.1.0.37:15189|priority:0|startupRole:FOLLOWER, adb0896c-a435-46e3-a62b-55500171870d|rpc:10.1.0.37:15206|admin:10.1.0.37:15205|client:10.1.0.37:15204|dataStream:10.1.0.37:15207|priority:0|startupRole:FOLLOWER, 4ad61454-c850-4d9b-b065-88bf5b94c1a7|rpc:10.1.0.37:15197|admin:10.1.0.37:15196|client:10.1.0.37:15195|dataStream:10.1.0.37:15198|priority:1|startupRole:FOLLOWER]|listeners:[], old=null
2023-06-06 14:29:28,875 [4ad61454-c850-4d9b-b065-88bf5b94c1a7@group-F4595A0CC38F-LeaderElection40] INFO  server.RaftServerConfigKeys (ConfUtils.java:logFallback(53)) - raft.server.rpc.first-election.timeout.min = 5s (fallback to raft.server.rpc.timeout.min)
2023-06-06 14:29:28,875 [4ad61454-c850-4d9b-b065-88bf5b94c1a7@group-F4595A0CC38F-LeaderElection40] INFO  server.RaftServerConfigKeys (ConfUtils.java:logFallback(53)) - raft.server.rpc.first-election.timeout.max = 5200ms (fallback to raft.server.rpc.timeout.max)
2023-06-06 14:29:28,878 [grpc-default-executor-3] INFO  server.RaftServer$Division (RaftServerImpl.java:requestVote(1302)) - adb0896c-a435-46e3-a62b-55500171870d@group-F4595A0CC38F: receive requestVote(PRE_VOTE, 4ad61454-c850-4d9b-b065-88bf5b94c1a7, group-F4595A0CC38F, 0, (t:0, i:0))
2023-06-06 14:29:28,878 [grpc-default-executor-3] INFO  impl.VoteContext (VoteContext.java:log(49)) - adb0896c-a435-46e3-a62b-55500171870d@group-F4595A0CC38F-FOLLOWER: accept PRE_VOTE from 4ad61454-c850-4d9b-b065-88bf5b94c1a7: our priority 0 <= candidate's priority 1
2023-06-06 14:29:28,878 [grpc-default-executor-3] INFO  server.RaftServer$Division (RaftServerImpl.java:requestVote(1335)) - adb0896c-a435-46e3-a62b-55500171870d@group-F4595A0CC38F replies to PRE_VOTE vote request: 4ad61454-c850-4d9b-b065-88bf5b94c1a7<-adb0896c-a435-46e3-a62b-55500171870d#0:OK-t0. Peer's state: adb0896c-a435-46e3-a62b-55500171870d@group-F4595A0CC38F:t0, leader=null, voted=, raftlog=Memoized:adb0896c-a435-46e3-a62b-55500171870d@group-F4595A0CC38F-SegmentedRaftLog:OPENED:c-1, conf=-1: peers:[b5c86db4-08d8-4650-853d-8ab079fb10e3|rpc:10.1.0.37:15188|admin:10.1.0.37:15187|client:10.1.0.37:15186|dataStream:10.1.0.37:15189|priority:0|startupRole:FOLLOWER, adb0896c-a435-46e3-a62b-55500171870d|rpc:10.1.0.37:15206|admin:10.1.0.37:15205|client:10.1.0.37:15204|dataStream:10.1.0.37:15207|priority:0|startupRole:FOLLOWER, 4ad61454-c850-4d9b-b065-88bf5b94c1a7|rpc:10.1.0.37:15197|admin:10.1.0.37:15196|client:10.1.0.37:15195|dataStream:10.1.0.37:15198|priority:1|startupRole:FOLLOWER]|listeners:[], old=null
2023-06-06 14:29:28,879 [grpc-default-executor-2] INFO  server.RaftServer$Division (RaftServerImpl.java:requestVote(1302)) - b5c86db4-08d8-4650-853d-8ab079fb10e3@group-F4595A0CC38F: receive requestVote(ELECTION, 4ad61454-c850-4d9b-b065-88bf5b94c1a7, group-F4595A0CC38F, 1, (t:0, i:0))
2023-06-06 14:29:28,879 [grpc-default-executor-2] INFO  impl.VoteContext (VoteContext.java:log(49)) - b5c86db4-08d8-4650-853d-8ab079fb10e3@group-F4595A0CC38F-FOLLOWER: accept ELECTION from 4ad61454-c850-4d9b-b065-88bf5b94c1a7: our priority 0 <= candidate's priority 1
2023-06-06 14:29:28,879 [grpc-default-executor-2] INFO  server.RaftServer$Division (RaftServerImpl.java:setRole(329)) - b5c86db4-08d8-4650-853d-8ab079fb10e3@group-F4595A0CC38F: changes role from  FOLLOWER to FOLLOWER at term 1 for candidate:4ad61454-c850-4d9b-b065-88bf5b94c1a7
2023-06-06 14:29:28,879 [grpc-default-executor-2] INFO  impl.RoleInfo (RoleInfo.java:shutdownFollowerState(110)) - b5c86db4-08d8-4650-853d-8ab079fb10e3: shutdown b5c86db4-08d8-4650-853d-8ab079fb10e3@group-F4595A0CC38F-FollowerState
2023-06-06 14:29:28,879 [grpc-default-executor-2] INFO  impl.RoleInfo (RoleInfo.java:updateAndGet(139)) - b5c86db4-08d8-4650-853d-8ab079fb10e3: start b5c86db4-08d8-4650-853d-8ab079fb10e3@group-F4595A0CC38F-FollowerState
2023-06-06 14:29:28,879 [b5c86db4-08d8-4650-853d-8ab079fb10e3@group-F4595A0CC38F-FollowerState] INFO  impl.FollowerState (FollowerState.java:run(152)) - b5c86db4-08d8-4650-853d-8ab079fb10e3@group-F4595A0CC38F-FollowerState was interrupted
2023-06-06 14:29:28,881 [grpc-default-executor-2] INFO  server.RaftServer$Division (RaftServerImpl.java:requestVote(1335)) - b5c86db4-08d8-4650-853d-8ab079fb10e3@group-F4595A0CC38F replies to ELECTION vote request: 4ad61454-c850-4d9b-b065-88bf5b94c1a7<-b5c86db4-08d8-4650-853d-8ab079fb10e3#0:OK-t1. Peer's state: b5c86db4-08d8-4650-853d-8ab079fb10e3@group-F4595A0CC38F:t1, leader=null, voted=4ad61454-c850-4d9b-b065-88bf5b94c1a7, raftlog=Memoized:b5c86db4-08d8-4650-853d-8ab079fb10e3@group-F4595A0CC38F-SegmentedRaftLog:OPENED:c-1, conf=-1: peers:[b5c86db4-08d8-4650-853d-8ab079fb10e3|rpc:10.1.0.37:15188|admin:10.1.0.37:15187|client:10.1.0.37:15186|dataStream:10.1.0.37:15189|priority:0|startupRole:FOLLOWER, adb0896c-a435-46e3-a62b-55500171870d|rpc:10.1.0.37:15206|admin:10.1.0.37:15205|client:10.1.0.37:15204|dataStream:10.1.0.37:15207|priority:0|startupRole:FOLLOWER, 4ad61454-c850-4d9b-b065-88bf5b94c1a7|rpc:10.1.0.37:15197|admin:10.1.0.37:15196|client:10.1.0.37:15195|dataStream:10.1.0.37:15198|priority:1|startupRole:FOLLOWER]|listeners:[], old=null
2023-06-06 14:29:28,883 [4ad61454-c850-4d9b-b065-88bf5b94c1a7@group-F4595A0CC38F-LeaderElection40] INFO  impl.LeaderElection (LeaderElection.java:logAndReturn(90)) - 4ad61454-c850-4d9b-b065-88bf5b94c1a7@group-F4595A0CC38F-LeaderElection40: ELECTION PASSED received 1 response(s) and 0 exception(s):
2023-06-06 14:29:28,883 [4ad61454-c850-4d9b-b065-88bf5b94c1a7@group-F4595A0CC38F-LeaderElection40] INFO  impl.LeaderElection (LeaderElection.java:logAndReturn(94)) -   Response 0: 4ad61454-c850-4d9b-b065-88bf5b94c1a7<-b5c86db4-08d8-4650-853d-8ab079fb10e3#0:OK-t1
2023-06-06 14:29:28,883 [4ad61454-c850-4d9b-b065-88bf5b94c1a7@group-F4595A0CC38F-LeaderElection40] INFO  impl.LeaderElection (LeaderElection.java:askForVotes(323)) - 4ad61454-c850-4d9b-b065-88bf5b94c1a7@group-F4595A0CC38F-LeaderElection40 ELECTION round 0: result PASSED
2023-06-06 14:29:28,883 [4ad61454-c850-4d9b-b065-88bf5b94c1a7@group-F4595A0CC38F-LeaderElection40] INFO  impl.RoleInfo (RoleInfo.java:shutdownLeaderElection(130)) - 4ad61454-c850-4d9b-b065-88bf5b94c1a7: shutdown 4ad61454-c850-4d9b-b065-88bf5b94c1a7@group-F4595A0CC38F-LeaderElection40
2023-06-06 14:29:28,883 [4ad61454-c850-4d9b-b065-88bf5b94c1a7@group-F4595A0CC38F-LeaderElection40] INFO  server.RaftServer$Division (RaftServerImpl.java:setRole(329)) - 4ad61454-c850-4d9b-b065-88bf5b94c1a7@group-F4595A0CC38F: changes role from CANDIDATE to LEADER at term 1 for changeToLeader
2023-06-06 14:29:28,883 [4ad61454-c850-4d9b-b065-88bf5b94c1a7@group-F4595A0CC38F-LeaderElection40] INFO  ratis.XceiverServerRatis (XceiverServerRatis.java:handleLeaderChangedNotification(902)) - Leader change notification received for group: group-F4595A0CC38F with new leaderId: 4ad61454-c850-4d9b-b065-88bf5b94c1a7
2023-06-06 14:29:28,883 [4ad61454-c850-4d9b-b065-88bf5b94c1a7@group-F4595A0CC38F-LeaderElection40] INFO  server.RaftServer$Division (ServerState.java:setLeader(317)) - 4ad61454-c850-4d9b-b065-88bf5b94c1a7@group-F4595A0CC38F: change Leader from null to 4ad61454-c850-4d9b-b065-88bf5b94c1a7 at term 1 for becomeLeader, leader elected after 5176ms
2023-06-06 14:29:28,883 [4ad61454-c850-4d9b-b065-88bf5b94c1a7@group-F4595A0CC38F-LeaderElection40] INFO  server.RaftServerConfigKeys (ConfUtils.java:logGet(46)) - raft.server.staging.catchup.gap = 1000 (default)
2023-06-06 14:29:28,883 [4ad61454-c850-4d9b-b065-88bf5b94c1a7@group-F4595A0CC38F-LeaderElection40] INFO  server.RaftServerConfigKeys (ConfUtils.java:logGet(46)) - raft.server.write.element-limit = 1024 (custom)
2023-06-06 14:29:28,883 [4ad61454-c850-4d9b-b065-88bf5b94c1a7@group-F4595A0CC38F-LeaderElection40] INFO  server.RaftServerConfigKeys (ConfUtils.java:logGet(46)) - raft.server.write.byte-limit = 1024 M (=1073741824) (custom)
2023-06-06 14:29:28,883 [4ad61454-c850-4d9b-b065-88bf5b94c1a7@group-F4595A0CC38F-LeaderElection40] INFO  server.RaftServerConfigKeys (ConfUtils.java:logGet(46)) - raft.server.watch.timeout = 180s (custom)
2023-06-06 14:29:28,883 [4ad61454-c850-4d9b-b065-88bf5b94c1a7@group-F4595A0CC38F-LeaderElection40] INFO  server.RaftServerConfigKeys (ConfUtils.java:logGet(46)) - raft.server.watch.timeout.denomination = 1s (default)
2023-06-06 14:29:28,883 [4ad61454-c850-4d9b-b065-88bf5b94c1a7@group-F4595A0CC38F-LeaderElection40] INFO  server.RaftServerConfigKeys (ConfUtils.java:logGet(46)) - raft.server.watch.element-limit = 65536 (default)
2023-06-06 14:29:28,884 [4ad61454-c850-4d9b-b065-88bf5b94c1a7@group-F4595A0CC38F-LeaderElection40] INFO  server.RaftServerConfigKeys (ConfUtils.java:logGet(46)) - raft.server.write.element-limit = 1024 (custom)
2023-06-06 14:29:28,884 [4ad61454-c850-4d9b-b065-88bf5b94c1a7@group-F4595A0CC38F-LeaderElection40] INFO  server.RaftServerConfigKeys (ConfUtils.java:logGet(46)) - raft.server.write.follower.gap.ratio.max = -1.0 (default)
2023-06-06 14:29:28,884 [4ad61454-c850-4d9b-b065-88bf5b94c1a7@group-F4595A0CC38F-LeaderElection40] INFO  server.RaftServerConfigKeys (ConfUtils.java:logGet(46)) - raft.server.log.appender.snapshot.chunk.size.max = 16MB (=16777216) (default)
2023-06-06 14:29:28,884 [4ad61454-c850-4d9b-b065-88bf5b94c1a7@group-F4595A0CC38F-LeaderElection40] INFO  server.RaftServerConfigKeys (ConfUtils.java:logGet(46)) - raft.server.log.appender.buffer.byte-limit = 33554432 (custom)
2023-06-06 14:29:28,884 [4ad61454-c850-4d9b-b065-88bf5b94c1a7@group-F4595A0CC38F-LeaderElection40] INFO  server.RaftServerConfigKeys (ConfUtils.java:logGet(46)) - raft.server.log.appender.buffer.element-limit = 1 (custom)
2023-06-06 14:29:28,884 [4ad61454-c850-4d9b-b065-88bf5b94c1a7@group-F4595A0CC38F-LeaderElection40] INFO  server.RaftServerConfigKeys (ConfUtils.java:logGet(46)) - raft.server.log.appender.wait-time.min = 10ms (default)
2023-06-06 14:29:28,884 [4ad61454-c850-4d9b-b065-88bf5b94c1a7@group-F4595A0CC38F-LeaderElection40] INFO  grpc.GrpcConfigKeys (ConfUtils.java:logGet(46)) - raft.grpc.server.leader.outstanding.appends.max = 128 (default)
2023-06-06 14:29:28,884 [4ad61454-c850-4d9b-b065-88bf5b94c1a7@group-F4595A0CC38F-LeaderElection40] INFO  server.RaftServerConfigKeys (ConfUtils.java:logGet(46)) - raft.server.rpc.request.timeout = 60s (custom)
2023-06-06 14:29:28,884 [4ad61454-c850-4d9b-b065-88bf5b94c1a7@group-F4595A0CC38F-LeaderElection40] INFO  grpc.GrpcConfigKeys (ConfUtils.java:logGet(46)) - raft.grpc.server.install_snapshot.request.element-limit = 8 (default)
2023-06-06 14:29:28,884 [4ad61454-c850-4d9b-b065-88bf5b94c1a7@group-F4595A0CC38F-LeaderElection40] INFO  grpc.GrpcConfigKeys (ConfUtils.java:logGet(46)) - raft.grpc.server.install_snapshot.request.timeout = 3000ms (default)
2023-06-06 14:29:28,884 [4ad61454-c850-4d9b-b065-88bf5b94c1a7@group-F4595A0CC38F-LeaderElection40] INFO  server.RaftServerConfigKeys (ConfUtils.java:logGet(46)) - raft.server.log.appender.install.snapshot.enabled = false (custom)
2023-06-06 14:29:28,884 [4ad61454-c850-4d9b-b065-88bf5b94c1a7@group-F4595A0CC38F-LeaderElection40] INFO  grpc.GrpcConfigKeys (ConfUtils.java:logGet(46)) - raft.grpc.server.heartbeat.channel = true (default)
2023-06-06 14:29:28,885 [grpc-default-executor-3] INFO  server.RaftServer$Division (RaftServerImpl.java:requestVote(1302)) - adb0896c-a435-46e3-a62b-55500171870d@group-F4595A0CC38F: receive requestVote(ELECTION, 4ad61454-c850-4d9b-b065-88bf5b94c1a7, group-F4595A0CC38F, 1, (t:0, i:0))
2023-06-06 14:29:28,885 [grpc-default-executor-3] INFO  impl.VoteContext (VoteContext.java:log(49)) - adb0896c-a435-46e3-a62b-55500171870d@group-F4595A0CC38F-FOLLOWER: accept ELECTION from 4ad61454-c850-4d9b-b065-88bf5b94c1a7: our priority 0 <= candidate's priority 1
2023-06-06 14:29:28,885 [grpc-default-executor-3] INFO  server.RaftServer$Division (RaftServerImpl.java:setRole(329)) - adb0896c-a435-46e3-a62b-55500171870d@group-F4595A0CC38F: changes role from  FOLLOWER to FOLLOWER at term 1 for candidate:4ad61454-c850-4d9b-b065-88bf5b94c1a7
2023-06-06 14:29:28,885 [grpc-default-executor-3] INFO  impl.RoleInfo (RoleInfo.java:shutdownFollowerState(110)) - adb0896c-a435-46e3-a62b-55500171870d: shutdown adb0896c-a435-46e3-a62b-55500171870d@group-F4595A0CC38F-FollowerState
2023-06-06 14:29:28,886 [grpc-default-executor-3] INFO  impl.RoleInfo (RoleInfo.java:updateAndGet(139)) - adb0896c-a435-46e3-a62b-55500171870d: start adb0896c-a435-46e3-a62b-55500171870d@group-F4595A0CC38F-FollowerState
2023-06-06 14:29:28,886 [adb0896c-a435-46e3-a62b-55500171870d@group-F4595A0CC38F-FollowerState] INFO  impl.FollowerState (FollowerState.java:run(152)) - adb0896c-a435-46e3-a62b-55500171870d@group-F4595A0CC38F-FollowerState was interrupted
2023-06-06 14:29:28,886 [EventQueue-PipelineReportForPipelineReportHandler] INFO  pipeline.PipelineManagerImpl (PipelineManagerImpl.java:openPipeline(367)) - Pipeline Pipeline[ Id: fc5882d7-8a45-4742-b2ea-f4595a0cc38f, Nodes: adb0896c-a435-46e3-a62b-55500171870d(fv-az1133-973.qlb2sqfkji0uhjsjdnlwzcsdwg.bx.internal.cloudapp.net/10.1.0.37)b5c86db4-08d8-4650-853d-8ab079fb10e3(fv-az1133-973.qlb2sqfkji0uhjsjdnlwzcsdwg.bx.internal.cloudapp.net/10.1.0.37)4ad61454-c850-4d9b-b065-88bf5b94c1a7(fv-az1133-973.qlb2sqfkji0uhjsjdnlwzcsdwg.bx.internal.cloudapp.net/10.1.0.37), ReplicationConfig: RATIS/THREE, State:ALLOCATED, leaderId:4ad61454-c850-4d9b-b065-88bf5b94c1a7, CreationTimestamp2023-06-06T14:29:21.196Z[Etc/UTC]] moved to OPEN state
2023-06-06 14:29:28,888 [4ad61454-c850-4d9b-b065-88bf5b94c1a7@group-F4595A0CC38F-LeaderElection40] INFO  server.RaftServerConfigKeys (ConfUtils.java:logGet(46)) - raft.server.log.appender.snapshot.chunk.size.max = 16MB (=16777216) (default)
2023-06-06 14:29:28,888 [4ad61454-c850-4d9b-b065-88bf5b94c1a7@group-F4595A0CC38F-LeaderElection40] INFO  server.RaftServerConfigKeys (ConfUtils.java:logGet(46)) - raft.server.log.appender.buffer.byte-limit = 33554432 (custom)
2023-06-06 14:29:28,888 [4ad61454-c850-4d9b-b065-88bf5b94c1a7@group-F4595A0CC38F-LeaderElection40] INFO  server.RaftServerConfigKeys (ConfUtils.java:logGet(46)) - raft.server.log.appender.buffer.element-limit = 1 (custom)
2023-06-06 14:29:28,889 [4ad61454-c850-4d9b-b065-88bf5b94c1a7@group-F4595A0CC38F-LeaderElection40] INFO  server.RaftServerConfigKeys (ConfUtils.java:logGet(46)) - raft.server.log.appender.wait-time.min = 10ms (default)
2023-06-06 14:29:28,890 [4ad61454-c850-4d9b-b065-88bf5b94c1a7@group-F4595A0CC38F-LeaderElection40] INFO  grpc.GrpcConfigKeys (ConfUtils.java:logGet(46)) - raft.grpc.server.leader.outstanding.appends.max = 128 (default)
2023-06-06 14:29:28,890 [4ad61454-c850-4d9b-b065-88bf5b94c1a7@group-F4595A0CC38F-LeaderElection40] INFO  server.RaftServerConfigKeys (ConfUtils.java:logGet(46)) - raft.server.rpc.request.timeout = 60s (custom)
2023-06-06 14:29:28,891 [4ad61454-c850-4d9b-b065-88bf5b94c1a7@group-F4595A0CC38F-LeaderElection40] INFO  grpc.GrpcConfigKeys (ConfUtils.java:logGet(46)) - raft.grpc.server.install_snapshot.request.element-limit = 8 (default)
2023-06-06 14:29:28,891 [4ad61454-c850-4d9b-b065-88bf5b94c1a7@group-F4595A0CC38F-LeaderElection40] INFO  grpc.GrpcConfigKeys (ConfUtils.java:logGet(46)) - raft.grpc.server.install_snapshot.request.timeout = 3000ms (default)
2023-06-06 14:29:28,891 [4ad61454-c850-4d9b-b065-88bf5b94c1a7@group-F4595A0CC38F-LeaderElection40] INFO  server.RaftServerConfigKeys (ConfUtils.java:logGet(46)) - raft.server.log.appender.install.snapshot.enabled = false (custom)
2023-06-06 14:29:28,891 [4ad61454-c850-4d9b-b065-88bf5b94c1a7@group-F4595A0CC38F-LeaderElection40] INFO  grpc.GrpcConfigKeys (ConfUtils.java:logGet(46)) - raft.grpc.server.heartbeat.channel = true (default)
2023-06-06 14:29:28,891 [4ad61454-c850-4d9b-b065-88bf5b94c1a7@group-F4595A0CC38F-LeaderElection40] INFO  impl.RoleInfo (RoleInfo.java:updateAndGet(139)) - 4ad61454-c850-4d9b-b065-88bf5b94c1a7: start 4ad61454-c850-4d9b-b065-88bf5b94c1a7@group-F4595A0CC38F-LeaderStateImpl
2023-06-06 14:29:28,891 [4ad61454-c850-4d9b-b065-88bf5b94c1a7@group-F4595A0CC38F-LeaderElection40] INFO  segmented.SegmentedRaftLogWorker (SegmentedRaftLogWorker.java:startLogSegment(447)) - 4ad61454-c850-4d9b-b065-88bf5b94c1a7@group-F4595A0CC38F-SegmentedRaftLogWorker: Starting segment from index:0
2023-06-06 14:29:28,889 [grpc-default-executor-3] INFO  server.RaftServer$Division (RaftServerImpl.java:requestVote(1335)) - adb0896c-a435-46e3-a62b-55500171870d@group-F4595A0CC38F replies to ELECTION vote request: 4ad61454-c850-4d9b-b065-88bf5b94c1a7<-adb0896c-a435-46e3-a62b-55500171870d#0:OK-t1. Peer's state: adb0896c-a435-46e3-a62b-55500171870d@group-F4595A0CC38F:t1, leader=null, voted=4ad61454-c850-4d9b-b065-88bf5b94c1a7, raftlog=Memoized:adb0896c-a435-46e3-a62b-55500171870d@group-F4595A0CC38F-SegmentedRaftLog:OPENED:c-1, conf=-1: peers:[b5c86db4-08d8-4650-853d-8ab079fb10e3|rpc:10.1.0.37:15188|admin:10.1.0.37:15187|client:10.1.0.37:15186|dataStream:10.1.0.37:15189|priority:0|startupRole:FOLLOWER, adb0896c-a435-46e3-a62b-55500171870d|rpc:10.1.0.37:15206|admin:10.1.0.37:15205|client:10.1.0.37:15204|dataStream:10.1.0.37:15207|priority:0|startupRole:FOLLOWER, 4ad61454-c850-4d9b-b065-88bf5b94c1a7|rpc:10.1.0.37:15197|admin:10.1.0.37:15196|client:10.1.0.37:15195|dataStream:10.1.0.37:15198|priority:1|startupRole:FOLLOWER]|listeners:[], old=null
2023-06-06 14:29:28,892 [4ad61454-c850-4d9b-b065-88bf5b94c1a7@group-F4595A0CC38F-SegmentedRaftLogWorker] INFO  segmented.SegmentedRaftLogWorker (SegmentedRaftLogWorker.java:execute(651)) - 4ad61454-c850-4d9b-b065-88bf5b94c1a7@group-F4595A0CC38F-SegmentedRaftLogWorker: created new log segment /home/runner/work/ozone/ozone/hadoop-ozone/integration-test/target/test-dir/MiniOzoneClusterImpl-446b9376-286d-4f49-81c3-2a666e658b7e/datanode-1/data/ratis/fc5882d7-8a45-4742-b2ea-f4595a0cc38f/current/log_inprogress_0
2023-06-06 14:29:28,904 [4ad61454-c850-4d9b-b065-88bf5b94c1a7@group-F4595A0CC38F-LeaderElection40] INFO  server.RaftServer$Division (ServerState.java:setRaftConf(434)) - 4ad61454-c850-4d9b-b065-88bf5b94c1a7@group-F4595A0CC38F: set configuration 0: peers:[b5c86db4-08d8-4650-853d-8ab079fb10e3|rpc:10.1.0.37:15188|admin:10.1.0.37:15187|client:10.1.0.37:15186|dataStream:10.1.0.37:15189|priority:0|startupRole:FOLLOWER, adb0896c-a435-46e3-a62b-55500171870d|rpc:10.1.0.37:15206|admin:10.1.0.37:15205|client:10.1.0.37:15204|dataStream:10.1.0.37:15207|priority:0|startupRole:FOLLOWER, 4ad61454-c850-4d9b-b065-88bf5b94c1a7|rpc:10.1.0.37:15197|admin:10.1.0.37:15196|client:10.1.0.37:15195|dataStream:10.1.0.37:15198|priority:1|startupRole:FOLLOWER]|listeners:[], old=null
2023-06-06 14:29:28,904 [b5c86db4-08d8-4650-853d-8ab079fb10e3-server-thread2] INFO  ratis.XceiverServerRatis (XceiverServerRatis.java:handleLeaderChangedNotification(902)) - Leader change notification received for group: group-F4595A0CC38F with new leaderId: 4ad61454-c850-4d9b-b065-88bf5b94c1a7
2023-06-06 14:29:28,905 [b5c86db4-08d8-4650-853d-8ab079fb10e3-server-thread2] INFO  server.RaftServer$Division (ServerState.java:setLeader(317)) - b5c86db4-08d8-4650-853d-8ab079fb10e3@group-F4595A0CC38F: change Leader from null to 4ad61454-c850-4d9b-b065-88bf5b94c1a7 at term 1 for appendEntries, leader elected after 5272ms
2023-06-06 14:29:28,906 [b5c86db4-08d8-4650-853d-8ab079fb10e3-server-thread2] INFO  server.RaftServer$Division (ServerState.java:setRaftConf(434)) - b5c86db4-08d8-4650-853d-8ab079fb10e3@group-F4595A0CC38F: set configuration 0: peers:[b5c86db4-08d8-4650-853d-8ab079fb10e3|rpc:10.1.0.37:15188|admin:10.1.0.37:15187|client:10.1.0.37:15186|dataStream:10.1.0.37:15189|priority:0|startupRole:FOLLOWER, adb0896c-a435-46e3-a62b-55500171870d|rpc:10.1.0.37:15206|admin:10.1.0.37:15205|client:10.1.0.37:15204|dataStream:10.1.0.37:15207|priority:0|startupRole:FOLLOWER, 4ad61454-c850-4d9b-b065-88bf5b94c1a7|rpc:10.1.0.37:15197|admin:10.1.0.37:15196|client:10.1.0.37:15195|dataStream:10.1.0.37:15198|priority:1|startupRole:FOLLOWER]|listeners:[], old=null
2023-06-06 14:29:28,906 [b5c86db4-08d8-4650-853d-8ab079fb10e3-server-thread2] INFO  segmented.SegmentedRaftLogWorker (SegmentedRaftLogWorker.java:startLogSegment(447)) - b5c86db4-08d8-4650-853d-8ab079fb10e3@group-F4595A0CC38F-SegmentedRaftLogWorker: Starting segment from index:0
2023-06-06 14:29:28,907 [adb0896c-a435-46e3-a62b-55500171870d-server-thread2] INFO  ratis.XceiverServerRatis (XceiverServerRatis.java:handleLeaderChangedNotification(902)) - Leader change notification received for group: group-F4595A0CC38F with new leaderId: 4ad61454-c850-4d9b-b065-88bf5b94c1a7
2023-06-06 14:29:28,907 [adb0896c-a435-46e3-a62b-55500171870d-server-thread2] INFO  server.RaftServer$Division (ServerState.java:setLeader(317)) - adb0896c-a435-46e3-a62b-55500171870d@group-F4595A0CC38F: change Leader from null to 4ad61454-c850-4d9b-b065-88bf5b94c1a7 at term 1 for appendEntries, leader elected after 5244ms
2023-06-06 14:29:28,908 [adb0896c-a435-46e3-a62b-55500171870d-server-thread2] INFO  server.RaftServer$Division (ServerState.java:setRaftConf(434)) - adb0896c-a435-46e3-a62b-55500171870d@group-F4595A0CC38F: set configuration 0: peers:[b5c86db4-08d8-4650-853d-8ab079fb10e3|rpc:10.1.0.37:15188|admin:10.1.0.37:15187|client:10.1.0.37:15186|dataStream:10.1.0.37:15189|priority:0|startupRole:FOLLOWER, adb0896c-a435-46e3-a62b-55500171870d|rpc:10.1.0.37:15206|admin:10.1.0.37:15205|client:10.1.0.37:15204|dataStream:10.1.0.37:15207|priority:0|startupRole:FOLLOWER, 4ad61454-c850-4d9b-b065-88bf5b94c1a7|rpc:10.1.0.37:15197|admin:10.1.0.37:15196|client:10.1.0.37:15195|dataStream:10.1.0.37:15198|priority:1|startupRole:FOLLOWER]|listeners:[], old=null
2023-06-06 14:29:28,908 [adb0896c-a435-46e3-a62b-55500171870d-server-thread2] INFO  segmented.SegmentedRaftLogWorker (SegmentedRaftLogWorker.java:startLogSegment(447)) - adb0896c-a435-46e3-a62b-55500171870d@group-F4595A0CC38F-SegmentedRaftLogWorker: Starting segment from index:0
2023-06-06 14:29:28,909 [adb0896c-a435-46e3-a62b-55500171870d@group-F4595A0CC38F-SegmentedRaftLogWorker] INFO  segmented.SegmentedRaftLogWorker (SegmentedRaftLogWorker.java:execute(651)) - adb0896c-a435-46e3-a62b-55500171870d@group-F4595A0CC38F-SegmentedRaftLogWorker: created new log segment /home/runner/work/ozone/ozone/hadoop-ozone/integration-test/target/test-dir/MiniOzoneClusterImpl-446b9376-286d-4f49-81c3-2a666e658b7e/datanode-2/data/ratis/fc5882d7-8a45-4742-b2ea-f4595a0cc38f/current/log_inprogress_0
2023-06-06 14:29:28,911 [b5c86db4-08d8-4650-853d-8ab079fb10e3@group-F4595A0CC38F-SegmentedRaftLogWorker] INFO  segmented.SegmentedRaftLogWorker (SegmentedRaftLogWorker.java:execute(651)) - b5c86db4-08d8-4650-853d-8ab079fb10e3@group-F4595A0CC38F-SegmentedRaftLogWorker: created new log segment /home/runner/work/ozone/ozone/hadoop-ozone/integration-test/target/test-dir/MiniOzoneClusterImpl-446b9376-286d-4f49-81c3-2a666e658b7e/datanode-0/data/ratis/fc5882d7-8a45-4742-b2ea-f4595a0cc38f/current/log_inprogress_0
2023-06-06 14:29:29,108 [4ad61454-c850-4d9b-b065-88bf5b94c1a7@group-B2C46FF018F9-FollowerState] INFO  impl.FollowerState (FollowerState.java:run(143)) - 4ad61454-c850-4d9b-b065-88bf5b94c1a7@group-B2C46FF018F9-FollowerState: change to CANDIDATE, lastRpcElapsedTime:5189619389ns, electionTimeout:5189ms
2023-06-06 14:29:29,108 [4ad61454-c850-4d9b-b065-88bf5b94c1a7@group-B2C46FF018F9-FollowerState] INFO  impl.RoleInfo (RoleInfo.java:shutdownFollowerState(110)) - 4ad61454-c850-4d9b-b065-88bf5b94c1a7: shutdown 4ad61454-c850-4d9b-b065-88bf5b94c1a7@group-B2C46FF018F9-FollowerState
2023-06-06 14:29:29,108 [4ad61454-c850-4d9b-b065-88bf5b94c1a7@group-B2C46FF018F9-FollowerState] INFO  server.RaftServer$Division (RaftServerImpl.java:setRole(329)) - 4ad61454-c850-4d9b-b065-88bf5b94c1a7@group-B2C46FF018F9: changes role from  FOLLOWER to CANDIDATE at term 0 for changeToCandidate
2023-06-06 14:29:29,108 [4ad61454-c850-4d9b-b065-88bf5b94c1a7@group-B2C46FF018F9-FollowerState] INFO  server.RaftServerConfigKeys (ConfUtils.java:logGet(46)) - raft.server.leaderelection.pre-vote = true (default)
2023-06-06 14:29:29,108 [4ad61454-c850-4d9b-b065-88bf5b94c1a7@group-B2C46FF018F9-FollowerState] INFO  impl.RoleInfo (RoleInfo.java:updateAndGet(139)) - 4ad61454-c850-4d9b-b065-88bf5b94c1a7: start 4ad61454-c850-4d9b-b065-88bf5b94c1a7@group-B2C46FF018F9-LeaderElection41
2023-06-06 14:29:29,110 [4ad61454-c850-4d9b-b065-88bf5b94c1a7@group-B2C46FF018F9-LeaderElection41] INFO  impl.LeaderElection (LeaderElection.java:askForVotes(321)) - 4ad61454-c850-4d9b-b065-88bf5b94c1a7@group-B2C46FF018F9-LeaderElection41 PRE_VOTE round 0: submit vote requests at term 0 for -1: peers:[4ad61454-c850-4d9b-b065-88bf5b94c1a7|rpc:10.1.0.37:15197|admin:10.1.0.37:15196|client:10.1.0.37:15195|dataStream:10.1.0.37:15198|priority:1|startupRole:FOLLOWER]|listeners:[], old=null
2023-06-06 14:29:29,111 [4ad61454-c850-4d9b-b065-88bf5b94c1a7@group-B2C46FF018F9-LeaderElection41] INFO  impl.LeaderElection (LeaderElection.java:askForVotes(323)) - 4ad61454-c850-4d9b-b065-88bf5b94c1a7@group-B2C46FF018F9-LeaderElection41 PRE_VOTE round 0: result PASSED (term=0)
2023-06-06 14:29:29,112 [4ad61454-c850-4d9b-b065-88bf5b94c1a7@group-B2C46FF018F9-LeaderElection41] INFO  impl.LeaderElection (LeaderElection.java:askForVotes(321)) - 4ad61454-c850-4d9b-b065-88bf5b94c1a7@group-B2C46FF018F9-LeaderElection41 ELECTION round 0: submit vote requests at term 1 for -1: peers:[4ad61454-c850-4d9b-b065-88bf5b94c1a7|rpc:10.1.0.37:15197|admin:10.1.0.37:15196|client:10.1.0.37:15195|dataStream:10.1.0.37:15198|priority:1|startupRole:FOLLOWER]|listeners:[], old=null
2023-06-06 14:29:29,112 [4ad61454-c850-4d9b-b065-88bf5b94c1a7@group-B2C46FF018F9-LeaderElection41] INFO  impl.LeaderElection (LeaderElection.java:askForVotes(323)) - 4ad61454-c850-4d9b-b065-88bf5b94c1a7@group-B2C46FF018F9-LeaderElection41 ELECTION round 0: result PASSED (term=1)
2023-06-06 14:29:29,112 [4ad61454-c850-4d9b-b065-88bf5b94c1a7@group-B2C46FF018F9-LeaderElection41] INFO  impl.RoleInfo (RoleInfo.java:shutdownLeaderElection(130)) - 4ad61454-c850-4d9b-b065-88bf5b94c1a7: shutdown 4ad61454-c850-4d9b-b065-88bf5b94c1a7@group-B2C46FF018F9-LeaderElection41
2023-06-06 14:29:29,112 [4ad61454-c850-4d9b-b065-88bf5b94c1a7@group-B2C46FF018F9-LeaderElection41] INFO  server.RaftServer$Division (RaftServerImpl.java:setRole(329)) - 4ad61454-c850-4d9b-b065-88bf5b94c1a7@group-B2C46FF018F9: changes role from CANDIDATE to LEADER at term 1 for changeToLeader
2023-06-06 14:29:29,112 [4ad61454-c850-4d9b-b065-88bf5b94c1a7@group-B2C46FF018F9-LeaderElection41] INFO  ratis.XceiverServerRatis (XceiverServerRatis.java:handleLeaderChangedNotification(902)) - Leader change notification received for group: group-B2C46FF018F9 with new leaderId: 4ad61454-c850-4d9b-b065-88bf5b94c1a7
2023-06-06 14:29:29,113 [4ad61454-c850-4d9b-b065-88bf5b94c1a7@group-B2C46FF018F9-LeaderElection41] INFO  server.RaftServer$Division (ServerState.java:setLeader(317)) - 4ad61454-c850-4d9b-b065-88bf5b94c1a7@group-B2C46FF018F9: change Leader from null to 4ad61454-c850-4d9b-b065-88bf5b94c1a7 at term 1 for becomeLeader, leader elected after 5207ms
2023-06-06 14:29:29,115 [4ad61454-c850-4d9b-b065-88bf5b94c1a7@group-B2C46FF018F9-LeaderElection41] INFO  server.RaftServerConfigKeys (ConfUtils.java:logGet(46)) - raft.server.staging.catchup.gap = 1000 (default)
2023-06-06 14:29:29,115 [4ad61454-c850-4d9b-b065-88bf5b94c1a7@group-B2C46FF018F9-LeaderElection41] INFO  server.RaftServerConfigKeys (ConfUtils.java:logGet(46)) - raft.server.write.element-limit = 1024 (custom)
2023-06-06 14:29:29,115 [4ad61454-c850-4d9b-b065-88bf5b94c1a7@group-B2C46FF018F9-LeaderElection41] INFO  server.RaftServerConfigKeys (ConfUtils.java:logGet(46)) - raft.server.write.byte-limit = 1024 M (=1073741824) (custom)
2023-06-06 14:29:29,115 [4ad61454-c850-4d9b-b065-88bf5b94c1a7@group-B2C46FF018F9-LeaderElection41] INFO  server.RaftServerConfigKeys (ConfUtils.java:logGet(46)) - raft.server.watch.timeout = 180s (custom)
2023-06-06 14:29:29,115 [4ad61454-c850-4d9b-b065-88bf5b94c1a7@group-B2C46FF018F9-LeaderElection41] INFO  server.RaftServerConfigKeys (ConfUtils.java:logGet(46)) - raft.server.watch.timeout.denomination = 1s (default)
2023-06-06 14:29:29,115 [4ad61454-c850-4d9b-b065-88bf5b94c1a7@group-B2C46FF018F9-LeaderElection41] INFO  server.RaftServerConfigKeys (ConfUtils.java:logGet(46)) - raft.server.watch.element-limit = 65536 (default)
2023-06-06 14:29:29,115 [4ad61454-c850-4d9b-b065-88bf5b94c1a7@group-B2C46FF018F9-LeaderElection41] INFO  server.RaftServerConfigKeys (ConfUtils.java:logGet(46)) - raft.server.write.element-limit = 1024 (custom)
2023-06-06 14:29:29,115 [4ad61454-c850-4d9b-b065-88bf5b94c1a7@group-B2C46FF018F9-LeaderElection41] INFO  server.RaftServerConfigKeys (ConfUtils.java:logGet(46)) - raft.server.write.follower.gap.ratio.max = -1.0 (default)
2023-06-06 14:29:29,115 [4ad61454-c850-4d9b-b065-88bf5b94c1a7@group-B2C46FF018F9-LeaderElection41] INFO  impl.RoleInfo (RoleInfo.java:updateAndGet(139)) - 4ad61454-c850-4d9b-b065-88bf5b94c1a7: start 4ad61454-c850-4d9b-b065-88bf5b94c1a7@group-B2C46FF018F9-LeaderStateImpl
2023-06-06 14:29:29,116 [4ad61454-c850-4d9b-b065-88bf5b94c1a7@group-B2C46FF018F9-LeaderElection41] INFO  segmented.SegmentedRaftLogWorker (SegmentedRaftLogWorker.java:startLogSegment(447)) - 4ad61454-c850-4d9b-b065-88bf5b94c1a7@group-B2C46FF018F9-SegmentedRaftLogWorker: Starting segment from index:0
2023-06-06 14:29:29,117 [4ad61454-c850-4d9b-b065-88bf5b94c1a7@group-B2C46FF018F9-LeaderElection41] INFO  server.RaftServer$Division (ServerState.java:setRaftConf(434)) - 4ad61454-c850-4d9b-b065-88bf5b94c1a7@group-B2C46FF018F9: set configuration 0: peers:[4ad61454-c850-4d9b-b065-88bf5b94c1a7|rpc:10.1.0.37:15197|admin:10.1.0.37:15196|client:10.1.0.37:15195|dataStream:10.1.0.37:15198|priority:1|startupRole:FOLLOWER]|listeners:[], old=null
2023-06-06 14:29:29,118 [4ad61454-c850-4d9b-b065-88bf5b94c1a7@group-B2C46FF018F9-SegmentedRaftLogWorker] INFO  segmented.SegmentedRaftLogWorker (SegmentedRaftLogWorker.java:execute(651)) - 4ad61454-c850-4d9b-b065-88bf5b94c1a7@group-B2C46FF018F9-SegmentedRaftLogWorker: created new log segment /home/runner/work/ozone/ozone/hadoop-ozone/integration-test/target/test-dir/MiniOzoneClusterImpl-446b9376-286d-4f49-81c3-2a666e658b7e/datanode-1/data/ratis/8409f053-95dc-48f5-94d7-b2c46ff018f9/current/log_inprogress_0
2023-06-06 14:29:29,191 [Time-limited test] INFO  ozone.MiniOzoneClusterImpl (MiniOzoneClusterImpl.java:lambda$waitForClusterToBeReady$0(222)) - Nodes are ready. Got 3 of 3 DN Heartbeats.
2023-06-06 14:29:29,192 [Time-limited test] INFO  ozone.MiniOzoneClusterImpl (MiniOzoneClusterImpl.java:lambda$waitForClusterToBeReady$0(225)) - Cluster exits safe mode
2023-06-06 14:29:29,192 [Time-limited test] INFO  ozone.MiniOzoneClusterImpl (MiniOzoneClusterImpl.java:lambda$waitForClusterToBeReady$0(227)) - SCM became leader
14:29:29.193 [Time-limited test] ERROR SCMAudit - user=null | ip=null | op=DELETE_CONTAINER {remoteUser=adminUser2, containerID=110497744105766953} | ret=FAILURE
org.apache.hadoop.hdds.scm.container.ContainerNotFoundException: Container with id #110497744105766953 not found.
	at org.apache.hadoop.hdds.scm.container.ContainerManagerImpl.throwContainerNotFoundException(ContainerManagerImpl.java:455) ~[hdds-server-scm-1.4.0-SNAPSHOT.jar:?]
	at org.apache.hadoop.hdds.scm.container.ContainerManagerImpl.deleteContainer(ContainerManagerImpl.java:441) ~[hdds-server-scm-1.4.0-SNAPSHOT.jar:?]
	at org.apache.hadoop.hdds.scm.server.SCMClientProtocolServer.deleteContainer(SCMClientProtocolServer.java:588) [hdds-server-scm-1.4.0-SNAPSHOT.jar:?]
	at sun.reflect.NativeMethodAccessorImpl.invoke0(Native Method) ~[?:1.8.0_372]
	at sun.reflect.NativeMethodAccessorImpl.invoke(NativeMethodAccessorImpl.java:62) ~[?:1.8.0_372]
	at sun.reflect.DelegatingMethodAccessorImpl.invoke(DelegatingMethodAccessorImpl.java:43) ~[?:1.8.0_372]
	at java.lang.reflect.Method.invoke(Method.java:498) ~[?:1.8.0_372]
	at org.mockito.internal.creation.bytebuddy.MockMethodAdvice.tryInvoke(MockMethodAdvice.java:212) [mockito-core-2.28.2.jar:?]
	at org.mockito.internal.creation.bytebuddy.MockMethodAdvice.access$400(MockMethodAdvice.java:34) [mockito-core-2.28.2.jar:?]
	at org.mockito.internal.creation.bytebuddy.MockMethodAdvice$RealMethodCall.invoke(MockMethodAdvice.java:164) [mockito-core-2.28.2.jar:?]
	at org.mockito.internal.invocation.InterceptedInvocation.callRealMethod(InterceptedInvocation.java:152) [mockito-core-2.28.2.jar:?]
	at org.mockito.internal.stubbing.answers.CallsRealMethods.answer(CallsRealMethods.java:43) [mockito-core-2.28.2.jar:?]
	at org.mockito.Answers.answer(Answers.java:100) [mockito-core-2.28.2.jar:?]
	at org.mockito.internal.handler.MockHandlerImpl.handle(MockHandlerImpl.java:103) [mockito-core-2.28.2.jar:?]
	at org.mockito.internal.handler.NullResultGuardian.handle(NullResultGuardian.java:29) [mockito-core-2.28.2.jar:?]
	at org.mockito.internal.handler.InvocationNotifierHandler.handle(InvocationNotifierHandler.java:35) [mockito-core-2.28.2.jar:?]
	at org.mockito.internal.creation.bytebuddy.MockMethodInterceptor.doIntercept(MockMethodInterceptor.java:61) [mockito-core-2.28.2.jar:?]
	at org.mockito.internal.creation.bytebuddy.MockMethodAdvice.handle(MockMethodAdvice.java:105) [mockito-core-2.28.2.jar:?]
	at org.apache.hadoop.hdds.scm.server.SCMClientProtocolServer.deleteContainer(SCMClientProtocolServer.java:582) [hdds-server-scm-1.4.0-SNAPSHOT.jar:?]
	at org.apache.hadoop.ozone.TestStorageContainerManager.testRpcPermissionWithConf(TestStorageContainerManager.java:204) [test-classes/:?]
	at org.apache.hadoop.ozone.TestStorageContainerManager.testRpcPermission(TestStorageContainerManager.java:187) [test-classes/:?]
	at sun.reflect.NativeMethodAccessorImpl.invoke0(Native Method) ~[?:1.8.0_372]
	at sun.reflect.NativeMethodAccessorImpl.invoke(NativeMethodAccessorImpl.java:62) ~[?:1.8.0_372]
	at sun.reflect.DelegatingMethodAccessorImpl.invoke(DelegatingMethodAccessorImpl.java:43) ~[?:1.8.0_372]
	at java.lang.reflect.Method.invoke(Method.java:498) ~[?:1.8.0_372]
	at org.junit.runners.model.FrameworkMethod$1.runReflectiveCall(FrameworkMethod.java:59) [junit-4.13.1.jar:4.13.1]
	at org.junit.internal.runners.model.ReflectiveCallable.run(ReflectiveCallable.java:12) [junit-4.13.1.jar:4.13.1]
	at org.junit.runners.model.FrameworkMethod.invokeExplosively(FrameworkMethod.java:56) [junit-4.13.1.jar:4.13.1]
	at org.junit.internal.runners.statements.InvokeMethod.evaluate(InvokeMethod.java:17) [junit-4.13.1.jar:4.13.1]
	at org.junit.internal.runners.statements.RunAfters.evaluate(RunAfters.java:27) [junit-4.13.1.jar:4.13.1]
	at org.junit.rules.ExpectedException$ExpectedExceptionStatement.evaluate(ExpectedException.java:258) [junit-4.13.1.jar:4.13.1]
	at org.junit.internal.runners.statements.FailOnTimeout$CallableStatement.call(FailOnTimeout.java:288) [junit-4.13.1.jar:4.13.1]
	at org.junit.internal.runners.statements.FailOnTimeout$CallableStatement.call(FailOnTimeout.java:282) [junit-4.13.1.jar:4.13.1]
	at java.util.concurrent.FutureTask.run(FutureTask.java:266) [?:1.8.0_372]
	at java.lang.Thread.run(Thread.java:750) [?:1.8.0_372]
2023-06-06 14:29:29,203 [Time-limited test] INFO  pipeline.PipelineStateManagerImpl (PipelineStateManagerImpl.java:addPipeline(103)) - Created pipeline Pipeline[ Id: c46a4c36-1726-4882-8088-e40abf14545b, Nodes: 4ad61454-c850-4d9b-b065-88bf5b94c1a7(fv-az1133-973.qlb2sqfkji0uhjsjdnlwzcsdwg.bx.internal.cloudapp.net/10.1.0.37), ReplicationConfig: STANDALONE/ONE, State:OPEN, leaderId:, CreationTimestamp2023-06-06T14:29:29.199Z[Etc/UTC]].
2023-06-06 14:29:29,204 [Time-limited test] INFO  ha.SequenceIdGenerator (SequenceIdGenerator.java:getNextId(128)) - Allocate a batch for containerId, change lastId from 0 to 1000.
14:29:29.205 [Time-limited test] ERROR SCMAudit - user=null | ip=null | op=GET_CONTAINER {containerID=110497744106618922} | ret=FAILURE
org.apache.hadoop.hdds.scm.container.ContainerNotFoundException: ID #110497744106618922
	at org.apache.hadoop.hdds.scm.container.ContainerManagerImpl.lambda$getContainer$0(ContainerManagerImpl.java:140) ~[hdds-server-scm-1.4.0-SNAPSHOT.jar:?]
	at java.util.Optional.orElseThrow(Optional.java:290) ~[?:1.8.0_372]
	at org.apache.hadoop.hdds.scm.container.ContainerManagerImpl.getContainer(ContainerManagerImpl.java:140) ~[hdds-server-scm-1.4.0-SNAPSHOT.jar:?]
	at org.apache.hadoop.hdds.scm.server.SCMClientProtocolServer.getContainer(SCMClientProtocolServer.java:255) [hdds-server-scm-1.4.0-SNAPSHOT.jar:?]
	at sun.reflect.NativeMethodAccessorImpl.invoke0(Native Method) ~[?:1.8.0_372]
	at sun.reflect.NativeMethodAccessorImpl.invoke(NativeMethodAccessorImpl.java:62) ~[?:1.8.0_372]
	at sun.reflect.DelegatingMethodAccessorImpl.invoke(DelegatingMethodAccessorImpl.java:43) ~[?:1.8.0_372]
	at java.lang.reflect.Method.invoke(Method.java:498) ~[?:1.8.0_372]
	at org.mockito.internal.creation.bytebuddy.MockMethodAdvice.tryInvoke(MockMethodAdvice.java:212) [mockito-core-2.28.2.jar:?]
	at org.mockito.internal.creation.bytebuddy.MockMethodAdvice.access$400(MockMethodAdvice.java:34) [mockito-core-2.28.2.jar:?]
	at org.mockito.internal.creation.bytebuddy.MockMethodAdvice$RealMethodCall.invoke(MockMethodAdvice.java:164) [mockito-core-2.28.2.jar:?]
	at org.mockito.internal.invocation.InterceptedInvocation.callRealMethod(InterceptedInvocation.java:152) [mockito-core-2.28.2.jar:?]
	at org.mockito.internal.stubbing.answers.CallsRealMethods.answer(CallsRealMethods.java:43) [mockito-core-2.28.2.jar:?]
	at org.mockito.Answers.answer(Answers.java:100) [mockito-core-2.28.2.jar:?]
	at org.mockito.internal.handler.MockHandlerImpl.handle(MockHandlerImpl.java:103) [mockito-core-2.28.2.jar:?]
	at org.mockito.internal.handler.NullResultGuardian.handle(NullResultGuardian.java:29) [mockito-core-2.28.2.jar:?]
	at org.mockito.internal.handler.InvocationNotifierHandler.handle(InvocationNotifierHandler.java:35) [mockito-core-2.28.2.jar:?]
	at org.mockito.internal.creation.bytebuddy.MockMethodInterceptor.doIntercept(MockMethodInterceptor.java:61) [mockito-core-2.28.2.jar:?]
	at org.mockito.internal.creation.bytebuddy.MockMethodAdvice.handle(MockMethodAdvice.java:105) [mockito-core-2.28.2.jar:?]
	at org.apache.hadoop.hdds.scm.server.SCMClientProtocolServer.getContainer(SCMClientProtocolServer.java:249) [hdds-server-scm-1.4.0-SNAPSHOT.jar:?]
	at org.apache.hadoop.ozone.TestStorageContainerManager.testRpcPermissionWithConf(TestStorageContainerManager.java:244) [test-classes/:?]
	at org.apache.hadoop.ozone.TestStorageContainerManager.testRpcPermission(TestStorageContainerManager.java:187) [test-classes/:?]
	at sun.reflect.NativeMethodAccessorImpl.invoke0(Native Method) ~[?:1.8.0_372]
	at sun.reflect.NativeMethodAccessorImpl.invoke(NativeMethodAccessorImpl.java:62) ~[?:1.8.0_372]
	at sun.reflect.DelegatingMethodAccessorImpl.invoke(DelegatingMethodAccessorImpl.java:43) ~[?:1.8.0_372]
	at java.lang.reflect.Method.invoke(Method.java:498) ~[?:1.8.0_372]
	at org.junit.runners.model.FrameworkMethod$1.runReflectiveCall(FrameworkMethod.java:59) [junit-4.13.1.jar:4.13.1]
	at org.junit.internal.runners.model.ReflectiveCallable.run(ReflectiveCallable.java:12) [junit-4.13.1.jar:4.13.1]
	at org.junit.runners.model.FrameworkMethod.invokeExplosively(FrameworkMethod.java:56) [junit-4.13.1.jar:4.13.1]
	at org.junit.internal.runners.statements.InvokeMethod.evaluate(InvokeMethod.java:17) [junit-4.13.1.jar:4.13.1]
	at org.junit.internal.runners.statements.RunAfters.evaluate(RunAfters.java:27) [junit-4.13.1.jar:4.13.1]
	at org.junit.rules.ExpectedException$ExpectedExceptionStatement.evaluate(ExpectedException.java:258) [junit-4.13.1.jar:4.13.1]
	at org.junit.internal.runners.statements.FailOnTimeout$CallableStatement.call(FailOnTimeout.java:288) [junit-4.13.1.jar:4.13.1]
	at org.junit.internal.runners.statements.FailOnTimeout$CallableStatement.call(FailOnTimeout.java:282) [junit-4.13.1.jar:4.13.1]
	at java.util.concurrent.FutureTask.run(FutureTask.java:266) [?:1.8.0_372]
	at java.lang.Thread.run(Thread.java:750) [?:1.8.0_372]
2023-06-06 14:29:29,206 [Time-limited test] INFO  ozone.MiniOzoneClusterImpl (MiniOzoneClusterImpl.java:shutdown(442)) - Shutting down the Mini Ozone Cluster
2023-06-06 14:29:29,206 [Time-limited test] INFO  ozone.MiniOzoneClusterImpl (MiniOzoneClusterImpl.java:stop(459)) - Stopping the Mini Ozone Cluster
2023-06-06 14:29:29,206 [Time-limited test] INFO  ozone.MiniOzoneClusterImpl (MiniOzoneClusterImpl.java:stopOM(545)) - Stopping the OzoneManager
2023-06-06 14:29:29,206 [Time-limited test] INFO  om.OzoneManager (OzoneManager.java:stop(2171)) - om1[localhost:15178]: Stopping Ozone Manager
2023-06-06 14:29:29,207 [Time-limited test] INFO  ipc.Server (Server.java:stop(3501)) - Stopping server on 15178
2023-06-06 14:29:29,208 [IPC Server listener on 15178] INFO  ipc.Server (Server.java:run(1430)) - Stopping IPC Server listener on 15178
2023-06-06 14:29:29,209 [IPC Server Responder] INFO  ipc.Server (Server.java:run(1563)) - Stopping IPC Server Responder
2023-06-06 14:29:29,209 [Time-limited test] INFO  server.RaftServer (RaftServerProxy.java:lambda$close$6(416)) - om1: close
2023-06-06 14:29:29,209 [Time-limited test] INFO  server.GrpcService (GrpcService.java:closeImpl(311)) - om1: shutdown server GrpcServerProtocolService now
2023-06-06 14:29:29,209 [om1-impl-thread1] INFO  server.RaftServer$Division (RaftServerImpl.java:lambda$close$4(466)) - om1@group-C5BA1605619E: shutdown
2023-06-06 14:29:29,209 [om1-impl-thread1] INFO  util.JmxRegister (JmxRegister.java:unregister(73)) - Successfully un-registered JMX Bean with object name Ratis:service=RaftServer,group=group-C5BA1605619E,id=om1
2023-06-06 14:29:29,209 [om1-impl-thread1] INFO  impl.RoleInfo (RoleInfo.java:shutdownLeaderState(93)) - om1: shutdown om1@group-C5BA1605619E-LeaderStateImpl
2023-06-06 14:29:29,209 [om1-impl-thread1] INFO  impl.PendingRequests (PendingRequests.java:sendNotLeaderResponses(289)) - om1@group-C5BA1605619E-PendingRequests: sendNotLeaderResponses
2023-06-06 14:29:29,210 [om1-impl-thread1] INFO  impl.StateMachineUpdater (StateMachineUpdater.java:stopAndJoin(155)) - om1@group-C5BA1605619E-StateMachineUpdater: set stopIndex = 0
2023-06-06 14:29:29,210 [om1@group-C5BA1605619E-StateMachineUpdater] INFO  ratis.OzoneManagerStateMachine (OzoneManagerStateMachine.java:takeSnapshot(479)) - Current Snapshot Index (t:1, i:0)
2023-06-06 14:29:29,222 [Time-limited test] INFO  server.GrpcService (GrpcService.java:closeImpl(320)) - om1: shutdown server GrpcServerProtocolService successfully
2023-06-06 14:29:29,224 [om1@group-C5BA1605619E-StateMachineUpdater] INFO  impl.StateMachineUpdater (StateMachineUpdater.java:takeSnapshot(291)) - om1@group-C5BA1605619E-StateMachineUpdater: Took a snapshot at index 0
2023-06-06 14:29:29,224 [om1@group-C5BA1605619E-StateMachineUpdater] INFO  impl.StateMachineUpdater (StateMachineUpdater.java:lambda$new$0(97)) - om1@group-C5BA1605619E-StateMachineUpdater: snapshotIndex: updateIncreasingly -1 -> 0
2023-06-06 14:29:29,224 [om1@group-C5BA1605619E-StateMachineUpdater] INFO  ratis.OzoneManagerStateMachine (OzoneManagerStateMachine.java:close(533)) - StateMachine has shutdown. Shutdown OzoneManager if not already shutdown.
2023-06-06 14:29:29,224 [om1@group-C5BA1605619E-StateMachineUpdater] INFO  ratis.OzoneManagerDoubleBuffer (OzoneManagerDoubleBuffer.java:stopDaemon(559)) - Stopping OMDoubleBuffer flush thread
2023-06-06 14:29:29,224 [OMDoubleBufferFlushThread] INFO  ratis.OzoneManagerDoubleBuffer (OzoneManagerDoubleBuffer.java:canFlush(648)) - OMDoubleBuffer flush thread OMDoubleBufferFlushThread is interrupted and will exit.
2023-06-06 14:29:29,225 [om1-impl-thread1] INFO  server.RaftServer$Division (ServerState.java:close(472)) - om1@group-C5BA1605619E: closes. applyIndex: 0
2023-06-06 14:29:29,253 [adb0896c-a435-46e3-a62b-55500171870d@group-DE40CA051B39-FollowerState] INFO  impl.FollowerState (FollowerState.java:run(143)) - adb0896c-a435-46e3-a62b-55500171870d@group-DE40CA051B39-FollowerState: change to CANDIDATE, lastRpcElapsedTime:5046312567ns, electionTimeout:5045ms
2023-06-06 14:29:29,253 [adb0896c-a435-46e3-a62b-55500171870d@group-DE40CA051B39-FollowerState] INFO  impl.RoleInfo (RoleInfo.java:shutdownFollowerState(110)) - adb0896c-a435-46e3-a62b-55500171870d: shutdown adb0896c-a435-46e3-a62b-55500171870d@group-DE40CA051B39-FollowerState
2023-06-06 14:29:29,254 [adb0896c-a435-46e3-a62b-55500171870d@group-DE40CA051B39-FollowerState] INFO  server.RaftServer$Division (RaftServerImpl.java:setRole(329)) - adb0896c-a435-46e3-a62b-55500171870d@group-DE40CA051B39: changes role from  FOLLOWER to CANDIDATE at term 0 for changeToCandidate
2023-06-06 14:29:29,254 [adb0896c-a435-46e3-a62b-55500171870d@group-DE40CA051B39-FollowerState] INFO  server.RaftServerConfigKeys (ConfUtils.java:logGet(46)) - raft.server.leaderelection.pre-vote = true (default)
2023-06-06 14:29:29,254 [adb0896c-a435-46e3-a62b-55500171870d@group-DE40CA051B39-FollowerState] INFO  impl.RoleInfo (RoleInfo.java:updateAndGet(139)) - adb0896c-a435-46e3-a62b-55500171870d: start adb0896c-a435-46e3-a62b-55500171870d@group-DE40CA051B39-LeaderElection42
2023-06-06 14:29:29,255 [adb0896c-a435-46e3-a62b-55500171870d@group-DE40CA051B39-LeaderElection42] INFO  impl.LeaderElection (LeaderElection.java:askForVotes(321)) - adb0896c-a435-46e3-a62b-55500171870d@group-DE40CA051B39-LeaderElection42 PRE_VOTE round 0: submit vote requests at term 0 for -1: peers:[adb0896c-a435-46e3-a62b-55500171870d|rpc:10.1.0.37:15206|admin:10.1.0.37:15205|client:10.1.0.37:15204|dataStream:10.1.0.37:15207|priority:1|startupRole:FOLLOWER]|listeners:[], old=null
2023-06-06 14:29:29,256 [adb0896c-a435-46e3-a62b-55500171870d@group-DE40CA051B39-LeaderElection42] INFO  impl.LeaderElection (LeaderElection.java:askForVotes(323)) - adb0896c-a435-46e3-a62b-55500171870d@group-DE40CA051B39-LeaderElection42 PRE_VOTE round 0: result PASSED (term=0)
2023-06-06 14:29:29,257 [adb0896c-a435-46e3-a62b-55500171870d@group-DE40CA051B39-LeaderElection42] INFO  impl.LeaderElection (LeaderElection.java:askForVotes(321)) - adb0896c-a435-46e3-a62b-55500171870d@group-DE40CA051B39-LeaderElection42 ELECTION round 0: submit vote requests at term 1 for -1: peers:[adb0896c-a435-46e3-a62b-55500171870d|rpc:10.1.0.37:15206|admin:10.1.0.37:15205|client:10.1.0.37:15204|dataStream:10.1.0.37:15207|priority:1|startupRole:FOLLOWER]|listeners:[], old=null
2023-06-06 14:29:29,257 [adb0896c-a435-46e3-a62b-55500171870d@group-DE40CA051B39-LeaderElection42] INFO  impl.LeaderElection (LeaderElection.java:askForVotes(323)) - adb0896c-a435-46e3-a62b-55500171870d@group-DE40CA051B39-LeaderElection42 ELECTION round 0: result PASSED (term=1)
2023-06-06 14:29:29,257 [adb0896c-a435-46e3-a62b-55500171870d@group-DE40CA051B39-LeaderElection42] INFO  impl.RoleInfo (RoleInfo.java:shutdownLeaderElection(130)) - adb0896c-a435-46e3-a62b-55500171870d: shutdown adb0896c-a435-46e3-a62b-55500171870d@group-DE40CA051B39-LeaderElection42
2023-06-06 14:29:29,257 [adb0896c-a435-46e3-a62b-55500171870d@group-DE40CA051B39-LeaderElection42] INFO  server.RaftServer$Division (RaftServerImpl.java:setRole(329)) - adb0896c-a435-46e3-a62b-55500171870d@group-DE40CA051B39: changes role from CANDIDATE to LEADER at term 1 for changeToLeader
2023-06-06 14:29:29,257 [adb0896c-a435-46e3-a62b-55500171870d@group-DE40CA051B39-LeaderElection42] INFO  ratis.XceiverServerRatis (XceiverServerRatis.java:handleLeaderChangedNotification(902)) - Leader change notification received for group: group-DE40CA051B39 with new leaderId: adb0896c-a435-46e3-a62b-55500171870d
2023-06-06 14:29:29,257 [adb0896c-a435-46e3-a62b-55500171870d@group-DE40CA051B39-LeaderElection42] INFO  server.RaftServer$Division (ServerState.java:setLeader(317)) - adb0896c-a435-46e3-a62b-55500171870d@group-DE40CA051B39: change Leader from null to adb0896c-a435-46e3-a62b-55500171870d at term 1 for becomeLeader, leader elected after 5064ms
2023-06-06 14:29:29,257 [adb0896c-a435-46e3-a62b-55500171870d@group-DE40CA051B39-LeaderElection42] INFO  server.RaftServerConfigKeys (ConfUtils.java:logGet(46)) - raft.server.staging.catchup.gap = 1000 (default)
2023-06-06 14:29:29,258 [adb0896c-a435-46e3-a62b-55500171870d@group-DE40CA051B39-LeaderElection42] INFO  server.RaftServerConfigKeys (ConfUtils.java:logGet(46)) - raft.server.write.element-limit = 1024 (custom)
2023-06-06 14:29:29,258 [adb0896c-a435-46e3-a62b-55500171870d@group-DE40CA051B39-LeaderElection42] INFO  server.RaftServerConfigKeys (ConfUtils.java:logGet(46)) - raft.server.write.byte-limit = 1024 M (=1073741824) (custom)
2023-06-06 14:29:29,258 [adb0896c-a435-46e3-a62b-55500171870d@group-DE40CA051B39-LeaderElection42] INFO  server.RaftServerConfigKeys (ConfUtils.java:logGet(46)) - raft.server.watch.timeout = 180s (custom)
2023-06-06 14:29:29,258 [adb0896c-a435-46e3-a62b-55500171870d@group-DE40CA051B39-LeaderElection42] INFO  server.RaftServerConfigKeys (ConfUtils.java:logGet(46)) - raft.server.watch.timeout.denomination = 1s (default)
2023-06-06 14:29:29,258 [adb0896c-a435-46e3-a62b-55500171870d@group-DE40CA051B39-LeaderElection42] INFO  server.RaftServerConfigKeys (ConfUtils.java:logGet(46)) - raft.server.watch.element-limit = 65536 (default)
2023-06-06 14:29:29,258 [adb0896c-a435-46e3-a62b-55500171870d@group-DE40CA051B39-LeaderElection42] INFO  server.RaftServerConfigKeys (ConfUtils.java:logGet(46)) - raft.server.write.element-limit = 1024 (custom)
2023-06-06 14:29:29,258 [adb0896c-a435-46e3-a62b-55500171870d@group-DE40CA051B39-LeaderElection42] INFO  server.RaftServerConfigKeys (ConfUtils.java:logGet(46)) - raft.server.write.follower.gap.ratio.max = -1.0 (default)
2023-06-06 14:29:29,258 [adb0896c-a435-46e3-a62b-55500171870d@group-DE40CA051B39-LeaderElection42] INFO  impl.RoleInfo (RoleInfo.java:updateAndGet(139)) - adb0896c-a435-46e3-a62b-55500171870d: start adb0896c-a435-46e3-a62b-55500171870d@group-DE40CA051B39-LeaderStateImpl
2023-06-06 14:29:29,259 [adb0896c-a435-46e3-a62b-55500171870d@group-DE40CA051B39-LeaderElection42] INFO  segmented.SegmentedRaftLogWorker (SegmentedRaftLogWorker.java:startLogSegment(447)) - adb0896c-a435-46e3-a62b-55500171870d@group-DE40CA051B39-SegmentedRaftLogWorker: Starting segment from index:0
2023-06-06 14:29:29,261 [adb0896c-a435-46e3-a62b-55500171870d@group-DE40CA051B39-SegmentedRaftLogWorker] INFO  segmented.SegmentedRaftLogWorker (SegmentedRaftLogWorker.java:execute(651)) - adb0896c-a435-46e3-a62b-55500171870d@group-DE40CA051B39-SegmentedRaftLogWorker: created new log segment /home/runner/work/ozone/ozone/hadoop-ozone/integration-test/target/test-dir/MiniOzoneClusterImpl-446b9376-286d-4f49-81c3-2a666e658b7e/datanode-2/data/ratis/90f77c51-1aef-4669-b19b-de40ca051b39/current/log_inprogress_0
2023-06-06 14:29:29,261 [adb0896c-a435-46e3-a62b-55500171870d@group-DE40CA051B39-LeaderElection42] INFO  server.RaftServer$Division (ServerState.java:setRaftConf(434)) - adb0896c-a435-46e3-a62b-55500171870d@group-DE40CA051B39: set configuration 0: peers:[adb0896c-a435-46e3-a62b-55500171870d|rpc:10.1.0.37:15206|admin:10.1.0.37:15205|client:10.1.0.37:15204|dataStream:10.1.0.37:15207|priority:1|startupRole:FOLLOWER]|listeners:[], old=null
2023-06-06 14:29:29,311 [om1-impl-thread1] INFO  segmented.SegmentedRaftLogWorker (SegmentedRaftLogWorker.java:close(252)) - om1@group-C5BA1605619E-SegmentedRaftLogWorker close()
2023-06-06 14:29:29,311 [JvmPauseMonitor28] INFO  util.JvmPauseMonitor (JvmPauseMonitor.java:run(109)) - JvmPauseMonitor-om1: Stopped
2023-06-06 14:29:29,311 [Time-limited test] INFO  ratis.OzoneManagerStateMachine (OzoneManagerStateMachine.java:close(533)) - StateMachine has shutdown. Shutdown OzoneManager if not already shutdown.
2023-06-06 14:29:29,312 [Time-limited test] INFO  ratis.OzoneManagerDoubleBuffer (OzoneManagerDoubleBuffer.java:stopDaemon(568)) - OMDoubleBuffer flush thread is not running.
2023-06-06 14:29:29,312 [Time-limited test] INFO  utils.BackgroundService (BackgroundService.java:shutdown(141)) - Shutting down service KeyDeletingService
2023-06-06 14:29:29,312 [Time-limited test] INFO  utils.BackgroundService (BackgroundService.java:shutdown(141)) - Shutting down service KeyDeletingService
2023-06-06 14:29:29,313 [Time-limited test] INFO  utils.BackgroundService (BackgroundService.java:shutdown(141)) - Shutting down service OpenKeyCleanupService
2023-06-06 14:29:29,313 [Time-limited test] INFO  utils.BackgroundService (BackgroundService.java:shutdown(141)) - Shutting down service SstFilteringService
2023-06-06 14:29:29,313 [Time-limited test] INFO  utils.BackgroundService (BackgroundService.java:shutdown(141)) - Shutting down service SnapshotDeletingService
2023-06-06 14:29:29,313 [Time-limited test] INFO  handler.ContextHandler (ContextHandler.java:doStop(1159)) - Stopped o.e.j.w.WebAppContext@41fea25b{ozoneManager,/,null,STOPPED}{file:/home/runner/work/ozone/ozone/hadoop-ozone/integration-test/target/test-classes/webapps/ozoneManager}
2023-06-06 14:29:29,314 [Time-limited test] INFO  server.AbstractConnector (AbstractConnector.java:doStop(383)) - Stopped ServerConnector@30487fda{HTTP/1.1, (http/1.1)}{0.0.0.0:15179}
2023-06-06 14:29:29,314 [Time-limited test] INFO  server.session (HouseKeeper.java:stopScavenging(149)) - node0 Stopped scavenging
2023-06-06 14:29:29,314 [Time-limited test] INFO  handler.ContextHandler (ContextHandler.java:doStop(1159)) - Stopped o.e.j.s.ServletContextHandler@2708e4b6{static,/static,file:///home/runner/work/ozone/ozone/hadoop-ozone/integration-test/target/test-classes/webapps/static,STOPPED}
2023-06-06 14:29:29,314 [Time-limited test] INFO  handler.ContextHandler (ContextHandler.java:doStop(1159)) - Stopped o.e.j.s.ServletContextHandler@34bbde15{logs,/logs,file:///home/runner/work/ozone/ozone/hadoop-ozone/integration-test/target/log,STOPPED}
2023-06-06 14:29:29,316 [Time-limited test] INFO  snapshot.SnapshotDiffManager (SnapshotDiffManager.java:closeExecutorService(1278)) - Shutting down executorService: 'SnapDiffExecutor'
2023-06-06 14:29:29,317 [Time-limited test] INFO  utils.BackgroundService (BackgroundService.java:shutdown(141)) - Shutting down service SnapshotDiffCleanupService
2023-06-06 14:29:29,317 [Time-limited test] INFO  ozone.MiniOzoneClusterImpl (MiniOzoneClusterImpl.java:stopDatanodes(522)) - Stopping the HddsDatanodes
2023-06-06 14:29:29,319 [ForkJoinPool.commonPool-worker-0] INFO  ozoneimpl.OzoneContainer (OzoneContainer.java:stop(420)) - Attempting to stop container services.
2023-06-06 14:29:29,320 [ForkJoinPool.commonPool-worker-0] INFO  server.RaftServer (RaftServerProxy.java:lambda$close$6(416)) - b5c86db4-08d8-4650-853d-8ab079fb10e3: close
2023-06-06 14:29:29,320 [b5c86db4-08d8-4650-853d-8ab079fb10e3-impl-thread1] INFO  server.RaftServer$Division (RaftServerImpl.java:lambda$close$4(466)) - b5c86db4-08d8-4650-853d-8ab079fb10e3@group-5375F9A631E2: shutdown
2023-06-06 14:29:29,320 [b5c86db4-08d8-4650-853d-8ab079fb10e3-impl-thread1] INFO  util.JmxRegister (JmxRegister.java:unregister(73)) - Successfully un-registered JMX Bean with object name Ratis:service=RaftServer,group=group-5375F9A631E2,id=b5c86db4-08d8-4650-853d-8ab079fb10e3
2023-06-06 14:29:29,320 [b5c86db4-08d8-4650-853d-8ab079fb10e3-impl-thread1] INFO  impl.RoleInfo (RoleInfo.java:shutdownLeaderState(93)) - b5c86db4-08d8-4650-853d-8ab079fb10e3: shutdown b5c86db4-08d8-4650-853d-8ab079fb10e3@group-5375F9A631E2-LeaderStateImpl
2023-06-06 14:29:29,320 [b5c86db4-08d8-4650-853d-8ab079fb10e3-impl-thread1] INFO  impl.PendingRequests (PendingRequests.java:sendNotLeaderResponses(289)) - b5c86db4-08d8-4650-853d-8ab079fb10e3@group-5375F9A631E2-PendingRequests: sendNotLeaderResponses
2023-06-06 14:29:29,320 [b5c86db4-08d8-4650-853d-8ab079fb10e3-impl-thread1] INFO  impl.StateMachineUpdater (StateMachineUpdater.java:stopAndJoin(155)) - b5c86db4-08d8-4650-853d-8ab079fb10e3@group-5375F9A631E2-StateMachineUpdater: set stopIndex = 0
2023-06-06 14:29:29,320 [b5c86db4-08d8-4650-853d-8ab079fb10e3@group-5375F9A631E2-StateMachineUpdater] INFO  ratis.ContainerStateMachine (ContainerStateMachine.java:takeSnapshot(330)) - group-5375F9A631E2: Taking a snapshot at:(t:1, i:0) file /home/runner/work/ozone/ozone/hadoop-ozone/integration-test/target/test-dir/MiniOzoneClusterImpl-446b9376-286d-4f49-81c3-2a666e658b7e/datanode-0/data/ratis/4ed3a34c-ef60-4319-b215-5375f9a631e2/sm/snapshot.1_0
2023-06-06 14:29:29,321 [b5c86db4-08d8-4650-853d-8ab079fb10e3-impl-thread2] INFO  server.RaftServer$Division (RaftServerImpl.java:lambda$close$4(466)) - b5c86db4-08d8-4650-853d-8ab079fb10e3@group-C9C490725441: shutdown
2023-06-06 14:29:29,321 [b5c86db4-08d8-4650-853d-8ab079fb10e3-impl-thread2] INFO  util.JmxRegister (JmxRegister.java:unregister(73)) - Successfully un-registered JMX Bean with object name Ratis:service=RaftServer,group=group-C9C490725441,id=b5c86db4-08d8-4650-853d-8ab079fb10e3
2023-06-06 14:29:29,321 [b5c86db4-08d8-4650-853d-8ab079fb10e3-impl-thread2] INFO  impl.RoleInfo (RoleInfo.java:shutdownLeaderState(93)) - b5c86db4-08d8-4650-853d-8ab079fb10e3: shutdown b5c86db4-08d8-4650-853d-8ab079fb10e3@group-C9C490725441-LeaderStateImpl
2023-06-06 14:29:29,321 [ForkJoinPool.commonPool-worker-0] INFO  server.GrpcService (GrpcService.java:closeImpl(311)) - b5c86db4-08d8-4650-853d-8ab079fb10e3: shutdown server org.apache.ratis.grpc.server.GrpcClientProtocolService now
2023-06-06 14:29:29,321 [b5c86db4-08d8-4650-853d-8ab079fb10e3-impl-thread3] INFO  server.RaftServer$Division (RaftServerImpl.java:lambda$close$4(466)) - b5c86db4-08d8-4650-853d-8ab079fb10e3@group-F4595A0CC38F: shutdown
2023-06-06 14:29:29,321 [b5c86db4-08d8-4650-853d-8ab079fb10e3@group-5375F9A631E2-StateMachineUpdater] INFO  ratis.ContainerStateMachine (ContainerStateMachine.java:takeSnapshot(341)) - group-5375F9A631E2: Finished taking a snapshot at:(t:1, i:0) file:/home/runner/work/ozone/ozone/hadoop-ozone/integration-test/target/test-dir/MiniOzoneClusterImpl-446b9376-286d-4f49-81c3-2a666e658b7e/datanode-0/data/ratis/4ed3a34c-ef60-4319-b215-5375f9a631e2/sm/snapshot.1_0 took: 1 ms
2023-06-06 14:29:29,322 [b5c86db4-08d8-4650-853d-8ab079fb10e3-impl-thread3] INFO  util.JmxRegister (JmxRegister.java:unregister(73)) - Successfully un-registered JMX Bean with object name Ratis:service=RaftServer,group=group-F4595A0CC38F,id=b5c86db4-08d8-4650-853d-8ab079fb10e3
2023-06-06 14:29:29,322 [b5c86db4-08d8-4650-853d-8ab079fb10e3-impl-thread3] INFO  impl.RoleInfo (RoleInfo.java:shutdownFollowerState(110)) - b5c86db4-08d8-4650-853d-8ab079fb10e3: shutdown b5c86db4-08d8-4650-853d-8ab079fb10e3@group-F4595A0CC38F-FollowerState
2023-06-06 14:29:29,322 [b5c86db4-08d8-4650-853d-8ab079fb10e3@group-5375F9A631E2-StateMachineUpdater] INFO  impl.StateMachineUpdater (StateMachineUpdater.java:takeSnapshot(291)) - b5c86db4-08d8-4650-853d-8ab079fb10e3@group-5375F9A631E2-StateMachineUpdater: Took a snapshot at index 0
2023-06-06 14:29:29,322 [b5c86db4-08d8-4650-853d-8ab079fb10e3@group-5375F9A631E2-StateMachineUpdater] INFO  impl.StateMachineUpdater (StateMachineUpdater.java:lambda$new$0(97)) - b5c86db4-08d8-4650-853d-8ab079fb10e3@group-5375F9A631E2-StateMachineUpdater: snapshotIndex: updateIncreasingly -1 -> 0
2023-06-06 14:29:29,322 [b5c86db4-08d8-4650-853d-8ab079fb10e3-impl-thread1] INFO  server.RaftServer$Division (ServerState.java:close(472)) - b5c86db4-08d8-4650-853d-8ab079fb10e3@group-5375F9A631E2: closes. applyIndex: 0
2023-06-06 14:29:29,323 [b5c86db4-08d8-4650-853d-8ab079fb10e3@group-C9C490725441->adb0896c-a435-46e3-a62b-55500171870d-GrpcLogAppender-LogAppenderDaemon] WARN  server.GrpcLogAppender (GrpcLogAppender.java:mayWait(199)) - b5c86db4-08d8-4650-853d-8ab079fb10e3@group-C9C490725441->adb0896c-a435-46e3-a62b-55500171870d-GrpcLogAppender: Wait interrupted by java.lang.InterruptedException
2023-06-06 14:29:29,324 [grpc-default-executor-4] INFO  server.GrpcServerProtocolService (GrpcServerProtocolService.java:onCompleted(155)) - adb0896c-a435-46e3-a62b-55500171870d: Completed APPEND_ENTRIES, lastRequest: b5c86db4-08d8-4650-853d-8ab079fb10e3->adb0896c-a435-46e3-a62b-55500171870d#1-t1,previous=(t:0, i:0),leaderCommit=-1,initializing? true,entries: size=1, first=(t:1, i:0), CONFIGURATIONENTRY(current:id: "b5c86db4-08d8-4650-853d-8ab079fb10e3"
address: "10.1.0.37:15188"
priority: 1
dataStreamAddress: "10.1.0.37:15189"
clientAddress: "10.1.0.37:15186"
adminAddress: "10.1.0.37:15187"
startupRole: FOLLOWER
,id: "adb0896c-a435-46e3-a62b-55500171870d"
address: "10.1.0.37:15206"
dataStreamAddress: "10.1.0.37:15207"
clientAddress: "10.1.0.37:15204"
adminAddress: "10.1.0.37:15205"
startupRole: FOLLOWER
,id: "4ad61454-c850-4d9b-b065-88bf5b94c1a7"
address: "10.1.0.37:15197"
dataStreamAddress: "10.1.0.37:15198"
clientAddress: "10.1.0.37:15195"
adminAddress: "10.1.0.37:15196"
startupRole: FOLLOWER
, old:)
2023-06-06 14:29:29,324 [grpc-default-executor-4] INFO  server.GrpcServerProtocolService (GrpcServerProtocolService.java:lambda$onCompleted$5(157)) - adb0896c-a435-46e3-a62b-55500171870d: Completed APPEND_ENTRIES, lastReply: null
2023-06-06 14:29:29,324 [grpc-default-executor-2] INFO  server.GrpcServerProtocolService (GrpcServerProtocolService.java:onCompleted(155)) - adb0896c-a435-46e3-a62b-55500171870d: Completed APPEND_ENTRIES, lastRequest: null
2023-06-06 14:29:29,325 [grpc-default-executor-2] INFO  server.GrpcServerProtocolService (GrpcServerProtocolService.java:lambda$onCompleted$5(157)) - adb0896c-a435-46e3-a62b-55500171870d: Completed APPEND_ENTRIES, lastReply: serverReply {
  requestorId: "b5c86db4-08d8-4650-853d-8ab079fb10e3"
  replyId: "adb0896c-a435-46e3-a62b-55500171870d"
  raftGroupId {
    id: "\b\024\'\020}1@H\266.\311\304\220rTA"
  }
  success: true
}
term: 1
nextIndex: 1
followerCommit: 18446744073709551615
matchIndex: 18446744073709551615
isHearbeat: true

2023-06-06 14:29:29,325 [grpc-default-executor-3] INFO  server.GrpcLogAppender (GrpcLogAppender.java:onCompleted(428)) - b5c86db4-08d8-4650-853d-8ab079fb10e3@group-C9C490725441->adb0896c-a435-46e3-a62b-55500171870d-AppendLogResponseHandler: follower responses appendEntries COMPLETED
2023-06-06 14:29:29,325 [grpc-default-executor-3] INFO  leader.FollowerInfo (FollowerInfoImpl.java:lambda$new$0(52)) - b5c86db4-08d8-4650-853d-8ab079fb10e3@group-C9C490725441->adb0896c-a435-46e3-a62b-55500171870d: decreaseNextIndex nextIndex: updateUnconditionally 1 -> 0
2023-06-06 14:29:29,325 [grpc-default-executor-3] INFO  server.GrpcLogAppender (GrpcLogAppender.java:onCompleted(428)) - b5c86db4-08d8-4650-853d-8ab079fb10e3@group-C9C490725441->adb0896c-a435-46e3-a62b-55500171870d-AppendLogResponseHandler: follower responses appendEntries COMPLETED
2023-06-06 14:29:29,330 [Thread-2834] INFO  server.GrpcServerProtocolClient (GrpcServerProtocolClient.java:close(103)) - adb0896c-a435-46e3-a62b-55500171870d Close channels
2023-06-06 14:29:29,330 [b5c86db4-08d8-4650-853d-8ab079fb10e3-impl-thread2] INFO  impl.PendingRequests (PendingRequests.java:sendNotLeaderResponses(289)) - b5c86db4-08d8-4650-853d-8ab079fb10e3@group-C9C490725441-PendingRequests: sendNotLeaderResponses
2023-06-06 14:29:29,331 [b5c86db4-08d8-4650-853d-8ab079fb10e3-impl-thread2] INFO  impl.StateMachineUpdater (StateMachineUpdater.java:stopAndJoin(155)) - b5c86db4-08d8-4650-853d-8ab079fb10e3@group-C9C490725441-StateMachineUpdater: set stopIndex = 0
2023-06-06 14:29:29,331 [b5c86db4-08d8-4650-853d-8ab079fb10e3@group-C9C490725441->4ad61454-c850-4d9b-b065-88bf5b94c1a7-GrpcLogAppender-LogAppenderDaemon] WARN  server.GrpcLogAppender (GrpcLogAppender.java:mayWait(199)) - b5c86db4-08d8-4650-853d-8ab079fb10e3@group-C9C490725441->4ad61454-c850-4d9b-b065-88bf5b94c1a7-GrpcLogAppender: Wait interrupted by java.lang.InterruptedException
2023-06-06 14:29:29,331 [b5c86db4-08d8-4650-853d-8ab079fb10e3@group-C9C490725441-StateMachineUpdater] INFO  ratis.ContainerStateMachine (ContainerStateMachine.java:takeSnapshot(330)) - group-C9C490725441: Taking a snapshot at:(t:1, i:0) file /home/runner/work/ozone/ozone/hadoop-ozone/integration-test/target/test-dir/MiniOzoneClusterImpl-446b9376-286d-4f49-81c3-2a666e658b7e/datanode-0/data/ratis/08142710-7d31-4048-b62e-c9c490725441/sm/snapshot.1_0
2023-06-06 14:29:29,332 [Time-limited test] INFO  ozoneimpl.OzoneContainer (OzoneContainer.java:stop(420)) - Attempting to stop container services.
2023-06-06 14:29:29,332 [b5c86db4-08d8-4650-853d-8ab079fb10e3@group-F4595A0CC38F-FollowerState] INFO  impl.FollowerState (FollowerState.java:run(152)) - b5c86db4-08d8-4650-853d-8ab079fb10e3@group-F4595A0CC38F-FollowerState was interrupted
2023-06-06 14:29:29,332 [b5c86db4-08d8-4650-853d-8ab079fb10e3@group-F4595A0CC38F-StateMachineUpdater] INFO  ratis.ContainerStateMachine (ContainerStateMachine.java:takeSnapshot(330)) - group-F4595A0CC38F: Taking a snapshot at:(t:1, i:0) file /home/runner/work/ozone/ozone/hadoop-ozone/integration-test/target/test-dir/MiniOzoneClusterImpl-446b9376-286d-4f49-81c3-2a666e658b7e/datanode-0/data/ratis/fc5882d7-8a45-4742-b2ea-f4595a0cc38f/sm/snapshot.1_0
2023-06-06 14:29:29,332 [b5c86db4-08d8-4650-853d-8ab079fb10e3-impl-thread3] INFO  impl.StateMachineUpdater (StateMachineUpdater.java:stopAndJoin(155)) - b5c86db4-08d8-4650-853d-8ab079fb10e3@group-F4595A0CC38F-StateMachineUpdater: set stopIndex = 0
2023-06-06 14:29:29,332 [Time-limited test] INFO  server.RaftServer (RaftServerProxy.java:lambda$close$6(416)) - 4ad61454-c850-4d9b-b065-88bf5b94c1a7: close
2023-06-06 14:29:29,332 [4ad61454-c850-4d9b-b065-88bf5b94c1a7-impl-thread1] INFO  server.RaftServer$Division (RaftServerImpl.java:lambda$close$4(466)) - 4ad61454-c850-4d9b-b065-88bf5b94c1a7@group-C9C490725441: shutdown
2023-06-06 14:29:29,332 [4ad61454-c850-4d9b-b065-88bf5b94c1a7-impl-thread1] INFO  util.JmxRegister (JmxRegister.java:unregister(73)) - Successfully un-registered JMX Bean with object name Ratis:service=RaftServer,group=group-C9C490725441,id=4ad61454-c850-4d9b-b065-88bf5b94c1a7
2023-06-06 14:29:29,332 [4ad61454-c850-4d9b-b065-88bf5b94c1a7-impl-thread1] INFO  impl.RoleInfo (RoleInfo.java:shutdownFollowerState(110)) - 4ad61454-c850-4d9b-b065-88bf5b94c1a7: shutdown 4ad61454-c850-4d9b-b065-88bf5b94c1a7@group-C9C490725441-FollowerState
2023-06-06 14:29:29,333 [b5c86db4-08d8-4650-853d-8ab079fb10e3@group-C9C490725441-StateMachineUpdater] INFO  ratis.ContainerStateMachine (ContainerStateMachine.java:takeSnapshot(341)) - group-C9C490725441: Finished taking a snapshot at:(t:1, i:0) file:/home/runner/work/ozone/ozone/hadoop-ozone/integration-test/target/test-dir/MiniOzoneClusterImpl-446b9376-286d-4f49-81c3-2a666e658b7e/datanode-0/data/ratis/08142710-7d31-4048-b62e-c9c490725441/sm/snapshot.1_0 took: 2 ms
2023-06-06 14:29:29,333 [4ad61454-c850-4d9b-b065-88bf5b94c1a7-impl-thread2] INFO  server.RaftServer$Division (RaftServerImpl.java:lambda$close$4(466)) - 4ad61454-c850-4d9b-b065-88bf5b94c1a7@group-F4595A0CC38F: shutdown
2023-06-06 14:29:29,333 [4ad61454-c850-4d9b-b065-88bf5b94c1a7-impl-thread2] INFO  util.JmxRegister (JmxRegister.java:unregister(73)) - Successfully un-registered JMX Bean with object name Ratis:service=RaftServer,group=group-F4595A0CC38F,id=4ad61454-c850-4d9b-b065-88bf5b94c1a7
2023-06-06 14:29:29,333 [4ad61454-c850-4d9b-b065-88bf5b94c1a7-impl-thread2] INFO  impl.RoleInfo (RoleInfo.java:shutdownLeaderState(93)) - 4ad61454-c850-4d9b-b065-88bf5b94c1a7: shutdown 4ad61454-c850-4d9b-b065-88bf5b94c1a7@group-F4595A0CC38F-LeaderStateImpl
2023-06-06 14:29:29,333 [b5c86db4-08d8-4650-853d-8ab079fb10e3@group-C9C490725441-StateMachineUpdater] INFO  impl.StateMachineUpdater (StateMachineUpdater.java:takeSnapshot(291)) - b5c86db4-08d8-4650-853d-8ab079fb10e3@group-C9C490725441-StateMachineUpdater: Took a snapshot at index 0
2023-06-06 14:29:29,333 [b5c86db4-08d8-4650-853d-8ab079fb10e3@group-C9C490725441-StateMachineUpdater] INFO  impl.StateMachineUpdater (StateMachineUpdater.java:lambda$new$0(97)) - b5c86db4-08d8-4650-853d-8ab079fb10e3@group-C9C490725441-StateMachineUpdater: snapshotIndex: updateIncreasingly -1 -> 0
2023-06-06 14:29:29,333 [4ad61454-c850-4d9b-b065-88bf5b94c1a7-impl-thread3] INFO  server.RaftServer$Division (RaftServerImpl.java:lambda$close$4(466)) - 4ad61454-c850-4d9b-b065-88bf5b94c1a7@group-B2C46FF018F9: shutdown
2023-06-06 14:29:29,333 [Time-limited test] INFO  server.GrpcService (GrpcService.java:closeImpl(311)) - 4ad61454-c850-4d9b-b065-88bf5b94c1a7: shutdown server org.apache.ratis.grpc.server.GrpcClientProtocolService now
2023-06-06 14:29:29,340 [4ad61454-c850-4d9b-b065-88bf5b94c1a7@group-F4595A0CC38F->adb0896c-a435-46e3-a62b-55500171870d-GrpcLogAppender-LogAppenderDaemon] WARN  server.GrpcLogAppender (GrpcLogAppender.java:mayWait(199)) - 4ad61454-c850-4d9b-b065-88bf5b94c1a7@group-F4595A0CC38F->adb0896c-a435-46e3-a62b-55500171870d-GrpcLogAppender: Wait interrupted by java.lang.InterruptedException
2023-06-06 14:29:29,342 [grpc-default-executor-3] INFO  server.GrpcServerProtocolService (GrpcServerProtocolService.java:onCompleted(155)) - adb0896c-a435-46e3-a62b-55500171870d: Completed APPEND_ENTRIES, lastRequest: 4ad61454-c850-4d9b-b065-88bf5b94c1a7->adb0896c-a435-46e3-a62b-55500171870d#1-t1,previous=(t:0, i:0),leaderCommit=-1,initializing? true,entries: size=1, first=(t:1, i:0), CONFIGURATIONENTRY(current:id: "b5c86db4-08d8-4650-853d-8ab079fb10e3"
address: "10.1.0.37:15188"
dataStreamAddress: "10.1.0.37:15189"
clientAddress: "10.1.0.37:15186"
adminAddress: "10.1.0.37:15187"
startupRole: FOLLOWER
,id: "adb0896c-a435-46e3-a62b-55500171870d"
address: "10.1.0.37:15206"
dataStreamAddress: "10.1.0.37:15207"
clientAddress: "10.1.0.37:15204"
adminAddress: "10.1.0.37:15205"
startupRole: FOLLOWER
,id: "4ad61454-c850-4d9b-b065-88bf5b94c1a7"
address: "10.1.0.37:15197"
priority: 1
dataStreamAddress: "10.1.0.37:15198"
clientAddress: "10.1.0.37:15195"
adminAddress: "10.1.0.37:15196"
startupRole: FOLLOWER
, old:)
2023-06-06 14:29:29,342 [grpc-default-executor-3] INFO  server.GrpcServerProtocolService (GrpcServerProtocolService.java:lambda$onCompleted$5(157)) - adb0896c-a435-46e3-a62b-55500171870d: Completed APPEND_ENTRIES, lastReply: null
2023-06-06 14:29:29,342 [grpc-default-executor-0] INFO  server.GrpcServerProtocolService (GrpcServerProtocolService.java:onCompleted(155)) - adb0896c-a435-46e3-a62b-55500171870d: Completed APPEND_ENTRIES, lastRequest: null
2023-06-06 14:29:29,342 [grpc-default-executor-0] INFO  server.GrpcServerProtocolService (GrpcServerProtocolService.java:lambda$onCompleted$5(157)) - adb0896c-a435-46e3-a62b-55500171870d: Completed APPEND_ENTRIES, lastReply: serverReply {
  requestorId: "4ad61454-c850-4d9b-b065-88bf5b94c1a7"
  replyId: "adb0896c-a435-46e3-a62b-55500171870d"
  raftGroupId {
    id: "\374X\202\327\212EGB\262\352\364YZ\f\303\217"
  }
  success: true
}
term: 1
nextIndex: 1
followerCommit: 18446744073709551615
matchIndex: 18446744073709551615
isHearbeat: true

2023-06-06 14:29:29,343 [grpc-default-executor-3] INFO  server.GrpcLogAppender (GrpcLogAppender.java:onCompleted(428)) - 4ad61454-c850-4d9b-b065-88bf5b94c1a7@group-F4595A0CC38F->adb0896c-a435-46e3-a62b-55500171870d-AppendLogResponseHandler: follower responses appendEntries COMPLETED
2023-06-06 14:29:29,338 [4ad61454-c850-4d9b-b065-88bf5b94c1a7-impl-thread2] INFO  impl.PendingRequests (PendingRequests.java:sendNotLeaderResponses(289)) - 4ad61454-c850-4d9b-b065-88bf5b94c1a7@group-F4595A0CC38F-PendingRequests: sendNotLeaderResponses
2023-06-06 14:29:29,339 [grpc-default-executor-2] INFO  server.GrpcServerProtocolService (GrpcServerProtocolService.java:onCompleted(155)) - 4ad61454-c850-4d9b-b065-88bf5b94c1a7: Completed APPEND_ENTRIES, lastRequest: null
2023-06-06 14:29:29,343 [4ad61454-c850-4d9b-b065-88bf5b94c1a7@group-F4595A0CC38F-StateMachineUpdater] INFO  ratis.ContainerStateMachine (ContainerStateMachine.java:takeSnapshot(330)) - group-F4595A0CC38F: Taking a snapshot at:(t:1, i:0) file /home/runner/work/ozone/ozone/hadoop-ozone/integration-test/target/test-dir/MiniOzoneClusterImpl-446b9376-286d-4f49-81c3-2a666e658b7e/datanode-1/data/ratis/fc5882d7-8a45-4742-b2ea-f4595a0cc38f/sm/snapshot.1_0
2023-06-06 14:29:29,344 [4ad61454-c850-4d9b-b065-88bf5b94c1a7-impl-thread2] INFO  impl.StateMachineUpdater (StateMachineUpdater.java:stopAndJoin(155)) - 4ad61454-c850-4d9b-b065-88bf5b94c1a7@group-F4595A0CC38F-StateMachineUpdater: set stopIndex = 0
2023-06-06 14:29:29,344 [4ad61454-c850-4d9b-b065-88bf5b94c1a7@group-F4595A0CC38F-StateMachineUpdater] INFO  ratis.ContainerStateMachine (ContainerStateMachine.java:takeSnapshot(341)) - group-F4595A0CC38F: Finished taking a snapshot at:(t:1, i:0) file:/home/runner/work/ozone/ozone/hadoop-ozone/integration-test/target/test-dir/MiniOzoneClusterImpl-446b9376-286d-4f49-81c3-2a666e658b7e/datanode-1/data/ratis/fc5882d7-8a45-4742-b2ea-f4595a0cc38f/sm/snapshot.1_0 took: 0 ms
2023-06-06 14:29:29,344 [4ad61454-c850-4d9b-b065-88bf5b94c1a7@group-F4595A0CC38F-StateMachineUpdater] INFO  impl.StateMachineUpdater (StateMachineUpdater.java:takeSnapshot(291)) - 4ad61454-c850-4d9b-b065-88bf5b94c1a7@group-F4595A0CC38F-StateMachineUpdater: Took a snapshot at index 0
2023-06-06 14:29:29,344 [4ad61454-c850-4d9b-b065-88bf5b94c1a7@group-F4595A0CC38F-StateMachineUpdater] INFO  impl.StateMachineUpdater (StateMachineUpdater.java:lambda$new$0(97)) - 4ad61454-c850-4d9b-b065-88bf5b94c1a7@group-F4595A0CC38F-StateMachineUpdater: snapshotIndex: updateIncreasingly -1 -> 0
2023-06-06 14:29:29,344 [4ad61454-c850-4d9b-b065-88bf5b94c1a7-impl-thread2] INFO  server.RaftServer$Division (ServerState.java:close(472)) - 4ad61454-c850-4d9b-b065-88bf5b94c1a7@group-F4595A0CC38F: closes. applyIndex: 0
2023-06-06 14:29:29,344 [grpc-default-executor-2] INFO  server.GrpcServerProtocolService (GrpcServerProtocolService.java:lambda$onCompleted$5(157)) - 4ad61454-c850-4d9b-b065-88bf5b94c1a7: Completed APPEND_ENTRIES, lastReply: serverReply {
  requestorId: "b5c86db4-08d8-4650-853d-8ab079fb10e3"
  replyId: "4ad61454-c850-4d9b-b065-88bf5b94c1a7"
  raftGroupId {
    id: "\b\024\'\020}1@H\266.\311\304\220rTA"
  }
  success: true
}
term: 1
nextIndex: 1
followerCommit: 18446744073709551615
matchIndex: 18446744073709551615
isHearbeat: true

2023-06-06 14:29:29,339 [Thread-2835] INFO  server.GrpcServerProtocolClient (GrpcServerProtocolClient.java:close(103)) - 4ad61454-c850-4d9b-b065-88bf5b94c1a7 Close channels
2023-06-06 14:29:29,339 [4ad61454-c850-4d9b-b065-88bf5b94c1a7@group-C9C490725441-FollowerState] INFO  impl.FollowerState (FollowerState.java:run(152)) - 4ad61454-c850-4d9b-b065-88bf5b94c1a7@group-C9C490725441-FollowerState was interrupted
2023-06-06 14:29:29,339 [4ad61454-c850-4d9b-b065-88bf5b94c1a7-impl-thread1] INFO  impl.StateMachineUpdater (StateMachineUpdater.java:stopAndJoin(155)) - 4ad61454-c850-4d9b-b065-88bf5b94c1a7@group-C9C490725441-StateMachineUpdater: set stopIndex = -1
2023-06-06 14:29:29,346 [4ad61454-c850-4d9b-b065-88bf5b94c1a7-impl-thread1] INFO  server.RaftServer$Division (ServerState.java:close(472)) - 4ad61454-c850-4d9b-b065-88bf5b94c1a7@group-C9C490725441: closes. applyIndex: -1
2023-06-06 14:29:29,338 [4ad61454-c850-4d9b-b065-88bf5b94c1a7@group-F4595A0CC38F->b5c86db4-08d8-4650-853d-8ab079fb10e3-GrpcLogAppender-LogAppenderDaemon] WARN  server.GrpcLogAppender (GrpcLogAppender.java:mayWait(199)) - 4ad61454-c850-4d9b-b065-88bf5b94c1a7@group-F4595A0CC38F->b5c86db4-08d8-4650-853d-8ab079fb10e3-GrpcLogAppender: Wait interrupted by java.lang.InterruptedException
2023-06-06 14:29:29,338 [ForkJoinPool.commonPool-worker-1] INFO  ozoneimpl.OzoneContainer (OzoneContainer.java:stop(420)) - Attempting to stop container services.
2023-06-06 14:29:29,335 [grpc-default-executor-4] INFO  server.GrpcServerProtocolService (GrpcServerProtocolService.java:onCompleted(155)) - 4ad61454-c850-4d9b-b065-88bf5b94c1a7: Completed APPEND_ENTRIES, lastRequest: b5c86db4-08d8-4650-853d-8ab079fb10e3->4ad61454-c850-4d9b-b065-88bf5b94c1a7#1-t1,previous=(t:0, i:0),leaderCommit=-1,initializing? true,entries: size=1, first=(t:1, i:0), CONFIGURATIONENTRY(current:id: "b5c86db4-08d8-4650-853d-8ab079fb10e3"
address: "10.1.0.37:15188"
priority: 1
dataStreamAddress: "10.1.0.37:15189"
clientAddress: "10.1.0.37:15186"
adminAddress: "10.1.0.37:15187"
startupRole: FOLLOWER
,id: "adb0896c-a435-46e3-a62b-55500171870d"
address: "10.1.0.37:15206"
dataStreamAddress: "10.1.0.37:15207"
clientAddress: "10.1.0.37:15204"
adminAddress: "10.1.0.37:15205"
startupRole: FOLLOWER
,id: "4ad61454-c850-4d9b-b065-88bf5b94c1a7"
address: "10.1.0.37:15197"
dataStreamAddress: "10.1.0.37:15198"
clientAddress: "10.1.0.37:15195"
adminAddress: "10.1.0.37:15196"
startupRole: FOLLOWER
, old:)
2023-06-06 14:29:29,346 [grpc-default-executor-4] INFO  server.GrpcServerProtocolService (GrpcServerProtocolService.java:lambda$onCompleted$5(157)) - 4ad61454-c850-4d9b-b065-88bf5b94c1a7: Completed APPEND_ENTRIES, lastReply: null
2023-06-06 14:29:29,335 [b5c86db4-08d8-4650-853d-8ab079fb10e3-impl-thread2] INFO  server.RaftServer$Division (ServerState.java:close(472)) - b5c86db4-08d8-4650-853d-8ab079fb10e3@group-C9C490725441: closes. applyIndex: 0
2023-06-06 14:29:29,334 [b5c86db4-08d8-4650-853d-8ab079fb10e3@group-F4595A0CC38F-StateMachineUpdater] INFO  ratis.ContainerStateMachine (ContainerStateMachine.java:takeSnapshot(341)) - group-F4595A0CC38F: Finished taking a snapshot at:(t:1, i:0) file:/home/runner/work/ozone/ozone/hadoop-ozone/integration-test/target/test-dir/MiniOzoneClusterImpl-446b9376-286d-4f49-81c3-2a666e658b7e/datanode-0/data/ratis/fc5882d7-8a45-4742-b2ea-f4595a0cc38f/sm/snapshot.1_0 took: 2 ms
2023-06-06 14:29:29,346 [b5c86db4-08d8-4650-853d-8ab079fb10e3@group-F4595A0CC38F-StateMachineUpdater] INFO  impl.StateMachineUpdater (StateMachineUpdater.java:takeSnapshot(291)) - b5c86db4-08d8-4650-853d-8ab079fb10e3@group-F4595A0CC38F-StateMachineUpdater: Took a snapshot at index 0
2023-06-06 14:29:29,346 [b5c86db4-08d8-4650-853d-8ab079fb10e3@group-F4595A0CC38F-StateMachineUpdater] INFO  impl.StateMachineUpdater (StateMachineUpdater.java:lambda$new$0(97)) - b5c86db4-08d8-4650-853d-8ab079fb10e3@group-F4595A0CC38F-StateMachineUpdater: snapshotIndex: updateIncreasingly -1 -> 0
2023-06-06 14:29:29,346 [ForkJoinPool.commonPool-worker-1] INFO  server.RaftServer (RaftServerProxy.java:lambda$close$6(416)) - adb0896c-a435-46e3-a62b-55500171870d: close
2023-06-06 14:29:29,347 [adb0896c-a435-46e3-a62b-55500171870d-impl-thread1] INFO  server.RaftServer$Division (RaftServerImpl.java:lambda$close$4(466)) - adb0896c-a435-46e3-a62b-55500171870d@group-C9C490725441: shutdown
2023-06-06 14:29:29,347 [grpc-default-executor-2] INFO  server.GrpcLogAppender (GrpcLogAppender.java:onCompleted(428)) - b5c86db4-08d8-4650-853d-8ab079fb10e3@group-C9C490725441->4ad61454-c850-4d9b-b065-88bf5b94c1a7-AppendLogResponseHandler: follower responses appendEntries COMPLETED
2023-06-06 14:29:29,347 [adb0896c-a435-46e3-a62b-55500171870d-impl-thread1] INFO  util.JmxRegister (JmxRegister.java:unregister(73)) - Successfully un-registered JMX Bean with object name Ratis:service=RaftServer,group=group-C9C490725441,id=adb0896c-a435-46e3-a62b-55500171870d
2023-06-06 14:29:29,347 [grpc-default-executor-2] WARN  server.GrpcLogAppender (GrpcLogAppender.java:resetClient(137)) - b5c86db4-08d8-4650-853d-8ab079fb10e3@group-C9C490725441->4ad61454-c850-4d9b-b065-88bf5b94c1a7-GrpcLogAppender: Failed to getClient for 4ad61454-c850-4d9b-b065-88bf5b94c1a7
org.apache.ratis.protocol.exceptions.AlreadyClosedException: b5c86db4-08d8-4650-853d-8ab079fb10e3 is already CLOSED
	at org.apache.ratis.util.PeerProxyMap$PeerAndProxy.getProxy(PeerProxyMap.java:61)
	at org.apache.ratis.util.PeerProxyMap.getProxy(PeerProxyMap.java:115)
	at org.apache.ratis.grpc.server.GrpcLogAppender.getClient(GrpcLogAppender.java:112)
	at org.apache.ratis.grpc.server.GrpcLogAppender.resetClient(GrpcLogAppender.java:117)
	at org.apache.ratis.grpc.server.GrpcLogAppender.access$500(GrpcLogAppender.java:56)
	at org.apache.ratis.grpc.server.GrpcLogAppender$AppendLogResponseHandler.onCompleted(GrpcLogAppender.java:429)
	at org.apache.ratis.thirdparty.io.grpc.stub.ClientCalls$StreamObserverToCallListenerAdapter.onClose(ClientCalls.java:485)
	at org.apache.ratis.thirdparty.io.grpc.internal.ClientCallImpl.closeObserver(ClientCallImpl.java:563)
	at org.apache.ratis.thirdparty.io.grpc.internal.ClientCallImpl.access$300(ClientCallImpl.java:70)
	at org.apache.ratis.thirdparty.io.grpc.internal.ClientCallImpl$ClientStreamListenerImpl$1StreamClosed.runInternal(ClientCallImpl.java:744)
	at org.apache.ratis.thirdparty.io.grpc.internal.ClientCallImpl$ClientStreamListenerImpl$1StreamClosed.runInContext(ClientCallImpl.java:723)
	at org.apache.ratis.thirdparty.io.grpc.internal.ContextRunnable.run(ContextRunnable.java:37)
	at org.apache.ratis.thirdparty.io.grpc.internal.SerializingExecutor.run(SerializingExecutor.java:133)
	at java.util.concurrent.ThreadPoolExecutor.runWorker(ThreadPoolExecutor.java:1149)
	at java.util.concurrent.ThreadPoolExecutor$Worker.run(ThreadPoolExecutor.java:624)
	at java.lang.Thread.run(Thread.java:750)
2023-06-06 14:29:29,343 [grpc-default-executor-3] INFO  leader.FollowerInfo (FollowerInfoImpl.java:lambda$new$0(52)) - 4ad61454-c850-4d9b-b065-88bf5b94c1a7@group-F4595A0CC38F->adb0896c-a435-46e3-a62b-55500171870d: decreaseNextIndex nextIndex: updateUnconditionally 1 -> 0
2023-06-06 14:29:29,340 [4ad61454-c850-4d9b-b065-88bf5b94c1a7-impl-thread3] INFO  util.JmxRegister (JmxRegister.java:unregister(73)) - Successfully un-registered JMX Bean with object name Ratis:service=RaftServer,group=group-B2C46FF018F9,id=4ad61454-c850-4d9b-b065-88bf5b94c1a7
2023-06-06 14:29:29,347 [4ad61454-c850-4d9b-b065-88bf5b94c1a7-impl-thread3] INFO  impl.RoleInfo (RoleInfo.java:shutdownLeaderState(93)) - 4ad61454-c850-4d9b-b065-88bf5b94c1a7: shutdown 4ad61454-c850-4d9b-b065-88bf5b94c1a7@group-B2C46FF018F9-LeaderStateImpl
2023-06-06 14:29:29,347 [4ad61454-c850-4d9b-b065-88bf5b94c1a7-impl-thread3] INFO  impl.PendingRequests (PendingRequests.java:sendNotLeaderResponses(289)) - 4ad61454-c850-4d9b-b065-88bf5b94c1a7@group-B2C46FF018F9-PendingRequests: sendNotLeaderResponses
2023-06-06 14:29:29,347 [4ad61454-c850-4d9b-b065-88bf5b94c1a7-impl-thread3] INFO  impl.StateMachineUpdater (StateMachineUpdater.java:stopAndJoin(155)) - 4ad61454-c850-4d9b-b065-88bf5b94c1a7@group-B2C46FF018F9-StateMachineUpdater: set stopIndex = 0
2023-06-06 14:29:29,347 [4ad61454-c850-4d9b-b065-88bf5b94c1a7@group-B2C46FF018F9-StateMachineUpdater] INFO  ratis.ContainerStateMachine (ContainerStateMachine.java:takeSnapshot(330)) - group-B2C46FF018F9: Taking a snapshot at:(t:1, i:0) file /home/runner/work/ozone/ozone/hadoop-ozone/integration-test/target/test-dir/MiniOzoneClusterImpl-446b9376-286d-4f49-81c3-2a666e658b7e/datanode-1/data/ratis/8409f053-95dc-48f5-94d7-b2c46ff018f9/sm/snapshot.1_0
2023-06-06 14:29:29,347 [adb0896c-a435-46e3-a62b-55500171870d-impl-thread1] INFO  impl.RoleInfo (RoleInfo.java:shutdownFollowerState(110)) - adb0896c-a435-46e3-a62b-55500171870d: shutdown adb0896c-a435-46e3-a62b-55500171870d@group-C9C490725441-FollowerState
2023-06-06 14:29:29,347 [b5c86db4-08d8-4650-853d-8ab079fb10e3-impl-thread3] INFO  server.RaftServer$Division (ServerState.java:close(472)) - b5c86db4-08d8-4650-853d-8ab079fb10e3@group-F4595A0CC38F: closes. applyIndex: 0
2023-06-06 14:29:29,348 [4ad61454-c850-4d9b-b065-88bf5b94c1a7@group-B2C46FF018F9-StateMachineUpdater] INFO  ratis.ContainerStateMachine (ContainerStateMachine.java:takeSnapshot(341)) - group-B2C46FF018F9: Finished taking a snapshot at:(t:1, i:0) file:/home/runner/work/ozone/ozone/hadoop-ozone/integration-test/target/test-dir/MiniOzoneClusterImpl-446b9376-286d-4f49-81c3-2a666e658b7e/datanode-1/data/ratis/8409f053-95dc-48f5-94d7-b2c46ff018f9/sm/snapshot.1_0 took: 0 ms
2023-06-06 14:29:29,348 [4ad61454-c850-4d9b-b065-88bf5b94c1a7@group-B2C46FF018F9-StateMachineUpdater] INFO  impl.StateMachineUpdater (StateMachineUpdater.java:takeSnapshot(291)) - 4ad61454-c850-4d9b-b065-88bf5b94c1a7@group-B2C46FF018F9-StateMachineUpdater: Took a snapshot at index 0
2023-06-06 14:29:29,348 [4ad61454-c850-4d9b-b065-88bf5b94c1a7@group-B2C46FF018F9-StateMachineUpdater] INFO  impl.StateMachineUpdater (StateMachineUpdater.java:lambda$new$0(97)) - 4ad61454-c850-4d9b-b065-88bf5b94c1a7@group-B2C46FF018F9-StateMachineUpdater: snapshotIndex: updateIncreasingly -1 -> 0
2023-06-06 14:29:29,348 [4ad61454-c850-4d9b-b065-88bf5b94c1a7-impl-thread3] INFO  server.RaftServer$Division (ServerState.java:close(472)) - 4ad61454-c850-4d9b-b065-88bf5b94c1a7@group-B2C46FF018F9: closes. applyIndex: 0
2023-06-06 14:29:29,350 [adb0896c-a435-46e3-a62b-55500171870d-impl-thread2] INFO  server.RaftServer$Division (RaftServerImpl.java:lambda$close$4(466)) - adb0896c-a435-46e3-a62b-55500171870d@group-DE40CA051B39: shutdown
2023-06-06 14:29:29,350 [adb0896c-a435-46e3-a62b-55500171870d-impl-thread2] INFO  util.JmxRegister (JmxRegister.java:unregister(73)) - Successfully un-registered JMX Bean with object name Ratis:service=RaftServer,group=group-DE40CA051B39,id=adb0896c-a435-46e3-a62b-55500171870d
2023-06-06 14:29:29,350 [adb0896c-a435-46e3-a62b-55500171870d-impl-thread2] INFO  impl.RoleInfo (RoleInfo.java:shutdownLeaderState(93)) - adb0896c-a435-46e3-a62b-55500171870d: shutdown adb0896c-a435-46e3-a62b-55500171870d@group-DE40CA051B39-LeaderStateImpl
2023-06-06 14:29:29,350 [adb0896c-a435-46e3-a62b-55500171870d-impl-thread2] INFO  impl.PendingRequests (PendingRequests.java:sendNotLeaderResponses(289)) - adb0896c-a435-46e3-a62b-55500171870d@group-DE40CA051B39-PendingRequests: sendNotLeaderResponses
2023-06-06 14:29:29,350 [adb0896c-a435-46e3-a62b-55500171870d-impl-thread2] INFO  impl.StateMachineUpdater (StateMachineUpdater.java:stopAndJoin(155)) - adb0896c-a435-46e3-a62b-55500171870d@group-DE40CA051B39-StateMachineUpdater: set stopIndex = 0
2023-06-06 14:29:29,350 [adb0896c-a435-46e3-a62b-55500171870d@group-DE40CA051B39-StateMachineUpdater] INFO  ratis.ContainerStateMachine (ContainerStateMachine.java:takeSnapshot(330)) - group-DE40CA051B39: Taking a snapshot at:(t:1, i:0) file /home/runner/work/ozone/ozone/hadoop-ozone/integration-test/target/test-dir/MiniOzoneClusterImpl-446b9376-286d-4f49-81c3-2a666e658b7e/datanode-2/data/ratis/90f77c51-1aef-4669-b19b-de40ca051b39/sm/snapshot.1_0
2023-06-06 14:29:29,350 [ForkJoinPool.commonPool-worker-1] INFO  server.GrpcService (GrpcService.java:closeImpl(311)) - adb0896c-a435-46e3-a62b-55500171870d: shutdown server org.apache.ratis.grpc.server.GrpcClientProtocolService now
2023-06-06 14:29:29,350 [adb0896c-a435-46e3-a62b-55500171870d-impl-thread3] INFO  server.RaftServer$Division (RaftServerImpl.java:lambda$close$4(466)) - adb0896c-a435-46e3-a62b-55500171870d@group-F4595A0CC38F: shutdown
2023-06-06 14:29:29,350 [adb0896c-a435-46e3-a62b-55500171870d-impl-thread3] INFO  util.JmxRegister (JmxRegister.java:unregister(73)) - Successfully un-registered JMX Bean with object name Ratis:service=RaftServer,group=group-F4595A0CC38F,id=adb0896c-a435-46e3-a62b-55500171870d
2023-06-06 14:29:29,350 [adb0896c-a435-46e3-a62b-55500171870d-impl-thread3] INFO  impl.RoleInfo (RoleInfo.java:shutdownFollowerState(110)) - adb0896c-a435-46e3-a62b-55500171870d: shutdown adb0896c-a435-46e3-a62b-55500171870d@group-F4595A0CC38F-FollowerState
2023-06-06 14:29:29,350 [adb0896c-a435-46e3-a62b-55500171870d@group-F4595A0CC38F-FollowerState] INFO  impl.FollowerState (FollowerState.java:run(152)) - adb0896c-a435-46e3-a62b-55500171870d@group-F4595A0CC38F-FollowerState was interrupted
2023-06-06 14:29:29,351 [adb0896c-a435-46e3-a62b-55500171870d-impl-thread3] INFO  impl.StateMachineUpdater (StateMachineUpdater.java:stopAndJoin(155)) - adb0896c-a435-46e3-a62b-55500171870d@group-F4595A0CC38F-StateMachineUpdater: set stopIndex = -1
2023-06-06 14:29:29,351 [adb0896c-a435-46e3-a62b-55500171870d@group-DE40CA051B39-StateMachineUpdater] INFO  ratis.ContainerStateMachine (ContainerStateMachine.java:takeSnapshot(341)) - group-DE40CA051B39: Finished taking a snapshot at:(t:1, i:0) file:/home/runner/work/ozone/ozone/hadoop-ozone/integration-test/target/test-dir/MiniOzoneClusterImpl-446b9376-286d-4f49-81c3-2a666e658b7e/datanode-2/data/ratis/90f77c51-1aef-4669-b19b-de40ca051b39/sm/snapshot.1_0 took: 1 ms
2023-06-06 14:29:29,351 [adb0896c-a435-46e3-a62b-55500171870d-impl-thread3] INFO  server.RaftServer$Division (ServerState.java:close(472)) - adb0896c-a435-46e3-a62b-55500171870d@group-F4595A0CC38F: closes. applyIndex: -1
2023-06-06 14:29:29,351 [adb0896c-a435-46e3-a62b-55500171870d@group-DE40CA051B39-StateMachineUpdater] INFO  impl.StateMachineUpdater (StateMachineUpdater.java:takeSnapshot(291)) - adb0896c-a435-46e3-a62b-55500171870d@group-DE40CA051B39-StateMachineUpdater: Took a snapshot at index 0
2023-06-06 14:29:29,351 [adb0896c-a435-46e3-a62b-55500171870d@group-DE40CA051B39-StateMachineUpdater] INFO  impl.StateMachineUpdater (StateMachineUpdater.java:lambda$new$0(97)) - adb0896c-a435-46e3-a62b-55500171870d@group-DE40CA051B39-StateMachineUpdater: snapshotIndex: updateIncreasingly -1 -> 0
2023-06-06 14:29:29,351 [adb0896c-a435-46e3-a62b-55500171870d-impl-thread2] INFO  server.RaftServer$Division (ServerState.java:close(472)) - adb0896c-a435-46e3-a62b-55500171870d@group-DE40CA051B39: closes. applyIndex: 0
2023-06-06 14:29:29,352 [Thread-2838] INFO  server.GrpcServerProtocolClient (GrpcServerProtocolClient.java:close(103)) - b5c86db4-08d8-4650-853d-8ab079fb10e3 Close channels
2023-06-06 14:29:29,352 [Thread-2839] INFO  server.GrpcServerProtocolClient (GrpcServerProtocolClient.java:close(103)) - adb0896c-a435-46e3-a62b-55500171870d Close channels
2023-06-06 14:29:29,353 [grpc-default-executor-5] INFO  server.GrpcLogAppender (GrpcLogAppender.java:onCompleted(428)) - 4ad61454-c850-4d9b-b065-88bf5b94c1a7@group-F4595A0CC38F->adb0896c-a435-46e3-a62b-55500171870d-AppendLogResponseHandler: follower responses appendEntries COMPLETED
2023-06-06 14:29:29,353 [grpc-default-executor-5] WARN  server.GrpcLogAppender (GrpcLogAppender.java:resetClient(137)) - 4ad61454-c850-4d9b-b065-88bf5b94c1a7@group-F4595A0CC38F->adb0896c-a435-46e3-a62b-55500171870d-GrpcLogAppender: Failed to getClient for adb0896c-a435-46e3-a62b-55500171870d
org.apache.ratis.protocol.exceptions.AlreadyClosedException: 4ad61454-c850-4d9b-b065-88bf5b94c1a7 is already CLOSED
	at org.apache.ratis.util.PeerProxyMap$PeerAndProxy.getProxy(PeerProxyMap.java:61)
	at org.apache.ratis.util.PeerProxyMap.getProxy(PeerProxyMap.java:115)
	at org.apache.ratis.grpc.server.GrpcLogAppender.getClient(GrpcLogAppender.java:112)
	at org.apache.ratis.grpc.server.GrpcLogAppender.resetClient(GrpcLogAppender.java:117)
	at org.apache.ratis.grpc.server.GrpcLogAppender.access$500(GrpcLogAppender.java:56)
	at org.apache.ratis.grpc.server.GrpcLogAppender$AppendLogResponseHandler.onCompleted(GrpcLogAppender.java:429)
	at org.apache.ratis.thirdparty.io.grpc.stub.ClientCalls$StreamObserverToCallListenerAdapter.onClose(ClientCalls.java:485)
	at org.apache.ratis.thirdparty.io.grpc.internal.DelayedClientCall$DelayedListener$3.run(DelayedClientCall.java:471)
	at org.apache.ratis.thirdparty.io.grpc.internal.DelayedClientCall$DelayedListener.delayOrExecute(DelayedClientCall.java:435)
	at org.apache.ratis.thirdparty.io.grpc.internal.DelayedClientCall$DelayedListener.onClose(DelayedClientCall.java:468)
	at org.apache.ratis.thirdparty.io.grpc.internal.ClientCallImpl.closeObserver(ClientCallImpl.java:563)
	at org.apache.ratis.thirdparty.io.grpc.internal.ClientCallImpl.access$300(ClientCallImpl.java:70)
	at org.apache.ratis.thirdparty.io.grpc.internal.ClientCallImpl$ClientStreamListenerImpl$1StreamClosed.runInternal(ClientCallImpl.java:744)
	at org.apache.ratis.thirdparty.io.grpc.internal.ClientCallImpl$ClientStreamListenerImpl$1StreamClosed.runInContext(ClientCallImpl.java:723)
	at org.apache.ratis.thirdparty.io.grpc.internal.ContextRunnable.run(ContextRunnable.java:37)
	at org.apache.ratis.thirdparty.io.grpc.internal.SerializingExecutor.run(SerializingExecutor.java:133)
	at java.util.concurrent.ThreadPoolExecutor.runWorker(ThreadPoolExecutor.java:1149)
	at java.util.concurrent.ThreadPoolExecutor$Worker.run(ThreadPoolExecutor.java:624)
	at java.lang.Thread.run(Thread.java:750)
2023-06-06 14:29:29,353 [Thread-2843] INFO  server.GrpcServerProtocolClient (GrpcServerProtocolClient.java:close(103)) - b5c86db4-08d8-4650-853d-8ab079fb10e3 Close channels
2023-06-06 14:29:29,353 [Thread-2845] INFO  server.GrpcServerProtocolClient (GrpcServerProtocolClient.java:close(103)) - 4ad61454-c850-4d9b-b065-88bf5b94c1a7 Close channels
2023-06-06 14:29:29,358 [grpc-default-executor-4] INFO  server.GrpcLogAppender (GrpcLogAppender.java:onCompleted(428)) - b5c86db4-08d8-4650-853d-8ab079fb10e3@group-C9C490725441->4ad61454-c850-4d9b-b065-88bf5b94c1a7-AppendLogResponseHandler: follower responses appendEntries COMPLETED
2023-06-06 14:29:29,358 [grpc-default-executor-4] WARN  server.GrpcLogAppender (GrpcLogAppender.java:resetClient(137)) - b5c86db4-08d8-4650-853d-8ab079fb10e3@group-C9C490725441->4ad61454-c850-4d9b-b065-88bf5b94c1a7-GrpcLogAppender: Failed to getClient for 4ad61454-c850-4d9b-b065-88bf5b94c1a7
org.apache.ratis.protocol.exceptions.AlreadyClosedException: b5c86db4-08d8-4650-853d-8ab079fb10e3 is already CLOSED
	at org.apache.ratis.util.PeerProxyMap$PeerAndProxy.getProxy(PeerProxyMap.java:61)
	at org.apache.ratis.util.PeerProxyMap.getProxy(PeerProxyMap.java:115)
	at org.apache.ratis.grpc.server.GrpcLogAppender.getClient(GrpcLogAppender.java:112)
	at org.apache.ratis.grpc.server.GrpcLogAppender.resetClient(GrpcLogAppender.java:117)
	at org.apache.ratis.grpc.server.GrpcLogAppender.access$500(GrpcLogAppender.java:56)
	at org.apache.ratis.grpc.server.GrpcLogAppender$AppendLogResponseHandler.onCompleted(GrpcLogAppender.java:429)
	at org.apache.ratis.thirdparty.io.grpc.stub.ClientCalls$StreamObserverToCallListenerAdapter.onClose(ClientCalls.java:485)
	at org.apache.ratis.thirdparty.io.grpc.internal.DelayedClientCall$DelayedListener$3.run(DelayedClientCall.java:471)
	at org.apache.ratis.thirdparty.io.grpc.internal.DelayedClientCall$DelayedListener.delayOrExecute(DelayedClientCall.java:435)
	at org.apache.ratis.thirdparty.io.grpc.internal.DelayedClientCall$DelayedListener.onClose(DelayedClientCall.java:468)
	at org.apache.ratis.thirdparty.io.grpc.internal.ClientCallImpl.closeObserver(ClientCallImpl.java:563)
	at org.apache.ratis.thirdparty.io.grpc.internal.ClientCallImpl.access$300(ClientCallImpl.java:70)
	at org.apache.ratis.thirdparty.io.grpc.internal.ClientCallImpl$ClientStreamListenerImpl$1StreamClosed.runInternal(ClientCallImpl.java:744)
	at org.apache.ratis.thirdparty.io.grpc.internal.ClientCallImpl$ClientStreamListenerImpl$1StreamClosed.runInContext(ClientCallImpl.java:723)
	at org.apache.ratis.thirdparty.io.grpc.internal.ContextRunnable.run(ContextRunnable.java:37)
	at org.apache.ratis.thirdparty.io.grpc.internal.SerializingExecutor.run(SerializingExecutor.java:133)
	at java.util.concurrent.ThreadPoolExecutor.runWorker(ThreadPoolExecutor.java:1149)
	at java.util.concurrent.ThreadPoolExecutor$Worker.run(ThreadPoolExecutor.java:624)
	at java.lang.Thread.run(Thread.java:750)
2023-06-06 14:29:29,362 [adb0896c-a435-46e3-a62b-55500171870d-impl-thread1] INFO  impl.StateMachineUpdater (StateMachineUpdater.java:stopAndJoin(155)) - adb0896c-a435-46e3-a62b-55500171870d@group-C9C490725441-StateMachineUpdater: set stopIndex = -1
2023-06-06 14:29:29,362 [adb0896c-a435-46e3-a62b-55500171870d@group-C9C490725441-FollowerState] INFO  impl.FollowerState (FollowerState.java:run(152)) - adb0896c-a435-46e3-a62b-55500171870d@group-C9C490725441-FollowerState was interrupted
2023-06-06 14:29:29,362 [adb0896c-a435-46e3-a62b-55500171870d-impl-thread1] INFO  server.RaftServer$Division (ServerState.java:close(472)) - adb0896c-a435-46e3-a62b-55500171870d@group-C9C490725441: closes. applyIndex: -1
2023-06-06 14:29:29,368 [grpc-default-executor-3] INFO  server.GrpcServerProtocolService (GrpcServerProtocolService.java:onCompleted(155)) - b5c86db4-08d8-4650-853d-8ab079fb10e3: Completed APPEND_ENTRIES, lastRequest: null
2023-06-06 14:29:29,368 [grpc-default-executor-3] INFO  server.GrpcServerProtocolService (GrpcServerProtocolService.java:lambda$onCompleted$5(157)) - b5c86db4-08d8-4650-853d-8ab079fb10e3: Completed APPEND_ENTRIES, lastReply: serverReply {
  requestorId: "4ad61454-c850-4d9b-b065-88bf5b94c1a7"
  replyId: "b5c86db4-08d8-4650-853d-8ab079fb10e3"
  raftGroupId {
    id: "\374X\202\327\212EGB\262\352\364YZ\f\303\217"
  }
  callId: 2
  success: true
}
term: 1
nextIndex: 1
matchIndex: 18446744073709551615
isHearbeat: true

2023-06-06 14:29:29,369 [grpc-default-executor-4] INFO  server.GrpcServerProtocolService (GrpcServerProtocolService.java:onCompleted(155)) - b5c86db4-08d8-4650-853d-8ab079fb10e3: Completed APPEND_ENTRIES, lastRequest: 4ad61454-c850-4d9b-b065-88bf5b94c1a7->b5c86db4-08d8-4650-853d-8ab079fb10e3#1-t1,previous=(t:0, i:0),leaderCommit=-1,initializing? true,entries: size=1, first=(t:1, i:0), CONFIGURATIONENTRY(current:id: "b5c86db4-08d8-4650-853d-8ab079fb10e3"
address: "10.1.0.37:15188"
dataStreamAddress: "10.1.0.37:15189"
clientAddress: "10.1.0.37:15186"
adminAddress: "10.1.0.37:15187"
startupRole: FOLLOWER
,id: "adb0896c-a435-46e3-a62b-55500171870d"
address: "10.1.0.37:15206"
dataStreamAddress: "10.1.0.37:15207"
clientAddress: "10.1.0.37:15204"
adminAddress: "10.1.0.37:15205"
startupRole: FOLLOWER
,id: "4ad61454-c850-4d9b-b065-88bf5b94c1a7"
address: "10.1.0.37:15197"
priority: 1
dataStreamAddress: "10.1.0.37:15198"
clientAddress: "10.1.0.37:15195"
adminAddress: "10.1.0.37:15196"
startupRole: FOLLOWER
, old:)
2023-06-06 14:29:29,369 [grpc-default-executor-4] INFO  server.GrpcServerProtocolService (GrpcServerProtocolService.java:lambda$onCompleted$5(157)) - b5c86db4-08d8-4650-853d-8ab079fb10e3: Completed APPEND_ENTRIES, lastReply: null
2023-06-06 14:29:29,369 [ForkJoinPool.commonPool-worker-1] INFO  server.GrpcService (GrpcService.java:closeImpl(320)) - adb0896c-a435-46e3-a62b-55500171870d: shutdown server org.apache.ratis.grpc.server.GrpcClientProtocolService successfully
2023-06-06 14:29:29,370 [ForkJoinPool.commonPool-worker-1] INFO  server.GrpcService (GrpcService.java:closeImpl(311)) - adb0896c-a435-46e3-a62b-55500171870d: shutdown server GrpcServerProtocolService now
2023-06-06 14:29:29,370 [grpc-default-executor-0] INFO  server.GrpcLogAppender (GrpcLogAppender.java:onCompleted(428)) - 4ad61454-c850-4d9b-b065-88bf5b94c1a7@group-F4595A0CC38F->b5c86db4-08d8-4650-853d-8ab079fb10e3-AppendLogResponseHandler: follower responses appendEntries COMPLETED
2023-06-06 14:29:29,370 [grpc-default-executor-0] WARN  server.GrpcLogAppender (GrpcLogAppender.java:resetClient(137)) - 4ad61454-c850-4d9b-b065-88bf5b94c1a7@group-F4595A0CC38F->b5c86db4-08d8-4650-853d-8ab079fb10e3-GrpcLogAppender: Failed to getClient for b5c86db4-08d8-4650-853d-8ab079fb10e3
org.apache.ratis.protocol.exceptions.AlreadyClosedException: 4ad61454-c850-4d9b-b065-88bf5b94c1a7 is already CLOSED
	at org.apache.ratis.util.PeerProxyMap$PeerAndProxy.getProxy(PeerProxyMap.java:61)
	at org.apache.ratis.util.PeerProxyMap.getProxy(PeerProxyMap.java:115)
	at org.apache.ratis.grpc.server.GrpcLogAppender.getClient(GrpcLogAppender.java:112)
	at org.apache.ratis.grpc.server.GrpcLogAppender.resetClient(GrpcLogAppender.java:117)
	at org.apache.ratis.grpc.server.GrpcLogAppender.access$500(GrpcLogAppender.java:56)
	at org.apache.ratis.grpc.server.GrpcLogAppender$AppendLogResponseHandler.onCompleted(GrpcLogAppender.java:429)
	at org.apache.ratis.thirdparty.io.grpc.stub.ClientCalls$StreamObserverToCallListenerAdapter.onClose(ClientCalls.java:485)
	at org.apache.ratis.thirdparty.io.grpc.internal.DelayedClientCall$DelayedListener$3.run(DelayedClientCall.java:471)
	at org.apache.ratis.thirdparty.io.grpc.internal.DelayedClientCall$DelayedListener.delayOrExecute(DelayedClientCall.java:435)
	at org.apache.ratis.thirdparty.io.grpc.internal.DelayedClientCall$DelayedListener.onClose(DelayedClientCall.java:468)
	at org.apache.ratis.thirdparty.io.grpc.internal.ClientCallImpl.closeObserver(ClientCallImpl.java:563)
	at org.apache.ratis.thirdparty.io.grpc.internal.ClientCallImpl.access$300(ClientCallImpl.java:70)
	at org.apache.ratis.thirdparty.io.grpc.internal.ClientCallImpl$ClientStreamListenerImpl$1StreamClosed.runInternal(ClientCallImpl.java:744)
	at org.apache.ratis.thirdparty.io.grpc.internal.ClientCallImpl$ClientStreamListenerImpl$1StreamClosed.runInContext(ClientCallImpl.java:723)
	at org.apache.ratis.thirdparty.io.grpc.internal.ContextRunnable.run(ContextRunnable.java:37)
	at org.apache.ratis.thirdparty.io.grpc.internal.SerializingExecutor.run(SerializingExecutor.java:133)
	at java.util.concurrent.ThreadPoolExecutor.runWorker(ThreadPoolExecutor.java:1149)
	at java.util.concurrent.ThreadPoolExecutor$Worker.run(ThreadPoolExecutor.java:624)
	at java.lang.Thread.run(Thread.java:750)
2023-06-06 14:29:29,385 [ForkJoinPool.commonPool-worker-0] INFO  server.GrpcService (GrpcService.java:closeImpl(320)) - b5c86db4-08d8-4650-853d-8ab079fb10e3: shutdown server org.apache.ratis.grpc.server.GrpcClientProtocolService successfully
2023-06-06 14:29:29,386 [ForkJoinPool.commonPool-worker-0] INFO  server.GrpcService (GrpcService.java:closeImpl(311)) - b5c86db4-08d8-4650-853d-8ab079fb10e3: shutdown server GrpcServerProtocolService now
2023-06-06 14:29:29,371 [grpc-default-executor-5] INFO  server.GrpcLogAppender (GrpcLogAppender.java:onCompleted(428)) - 4ad61454-c850-4d9b-b065-88bf5b94c1a7@group-F4595A0CC38F->b5c86db4-08d8-4650-853d-8ab079fb10e3-AppendLogResponseHandler: follower responses appendEntries COMPLETED
2023-06-06 14:29:29,386 [grpc-default-executor-5] WARN  server.GrpcLogAppender (GrpcLogAppender.java:resetClient(137)) - 4ad61454-c850-4d9b-b065-88bf5b94c1a7@group-F4595A0CC38F->b5c86db4-08d8-4650-853d-8ab079fb10e3-GrpcLogAppender: Failed to getClient for b5c86db4-08d8-4650-853d-8ab079fb10e3
org.apache.ratis.protocol.exceptions.AlreadyClosedException: 4ad61454-c850-4d9b-b065-88bf5b94c1a7 is already CLOSED
	at org.apache.ratis.util.PeerProxyMap$PeerAndProxy.getProxy(PeerProxyMap.java:61)
	at org.apache.ratis.util.PeerProxyMap.getProxy(PeerProxyMap.java:115)
	at org.apache.ratis.grpc.server.GrpcLogAppender.getClient(GrpcLogAppender.java:112)
	at org.apache.ratis.grpc.server.GrpcLogAppender.resetClient(GrpcLogAppender.java:117)
	at org.apache.ratis.grpc.server.GrpcLogAppender.access$500(GrpcLogAppender.java:56)
	at org.apache.ratis.grpc.server.GrpcLogAppender$AppendLogResponseHandler.onCompleted(GrpcLogAppender.java:429)
	at org.apache.ratis.thirdparty.io.grpc.stub.ClientCalls$StreamObserverToCallListenerAdapter.onClose(ClientCalls.java:485)
	at org.apache.ratis.thirdparty.io.grpc.internal.ClientCallImpl.closeObserver(ClientCallImpl.java:563)
	at org.apache.ratis.thirdparty.io.grpc.internal.ClientCallImpl.access$300(ClientCallImpl.java:70)
	at org.apache.ratis.thirdparty.io.grpc.internal.ClientCallImpl$ClientStreamListenerImpl$1StreamClosed.runInternal(ClientCallImpl.java:744)
	at org.apache.ratis.thirdparty.io.grpc.internal.ClientCallImpl$ClientStreamListenerImpl$1StreamClosed.runInContext(ClientCallImpl.java:723)
	at org.apache.ratis.thirdparty.io.grpc.internal.ContextRunnable.run(ContextRunnable.java:37)
	at org.apache.ratis.thirdparty.io.grpc.internal.SerializingExecutor.run(SerializingExecutor.java:133)
	at java.util.concurrent.ThreadPoolExecutor.runWorker(ThreadPoolExecutor.java:1149)
	at java.util.concurrent.ThreadPoolExecutor$Worker.run(ThreadPoolExecutor.java:624)
	at java.lang.Thread.run(Thread.java:750)
2023-06-06 14:29:29,388 [ForkJoinPool.commonPool-worker-1] INFO  server.GrpcService (GrpcService.java:closeImpl(320)) - adb0896c-a435-46e3-a62b-55500171870d: shutdown server GrpcServerProtocolService successfully
2023-06-06 14:29:29,388 [ForkJoinPool.commonPool-worker-1] INFO  server.GrpcService (GrpcService.java:closeImpl(311)) - adb0896c-a435-46e3-a62b-55500171870d: shutdown server org.apache.ratis.grpc.server.GrpcAdminProtocolService now
2023-06-06 14:29:29,390 [Time-limited test] INFO  server.GrpcService (GrpcService.java:closeImpl(320)) - 4ad61454-c850-4d9b-b065-88bf5b94c1a7: shutdown server org.apache.ratis.grpc.server.GrpcClientProtocolService successfully
2023-06-06 14:29:29,390 [Time-limited test] INFO  server.GrpcService (GrpcService.java:closeImpl(311)) - 4ad61454-c850-4d9b-b065-88bf5b94c1a7: shutdown server GrpcServerProtocolService now
2023-06-06 14:29:29,393 [Time-limited test] INFO  server.GrpcService (GrpcService.java:closeImpl(320)) - 4ad61454-c850-4d9b-b065-88bf5b94c1a7: shutdown server GrpcServerProtocolService successfully
2023-06-06 14:29:29,393 [Time-limited test] INFO  server.GrpcService (GrpcService.java:closeImpl(311)) - 4ad61454-c850-4d9b-b065-88bf5b94c1a7: shutdown server org.apache.ratis.grpc.server.GrpcAdminProtocolService now
2023-06-06 14:29:29,394 [ForkJoinPool.commonPool-worker-0] INFO  server.GrpcService (GrpcService.java:closeImpl(320)) - b5c86db4-08d8-4650-853d-8ab079fb10e3: shutdown server GrpcServerProtocolService successfully
2023-06-06 14:29:29,394 [ForkJoinPool.commonPool-worker-0] INFO  server.GrpcService (GrpcService.java:closeImpl(311)) - b5c86db4-08d8-4650-853d-8ab079fb10e3: shutdown server org.apache.ratis.grpc.server.GrpcAdminProtocolService now
2023-06-06 14:29:29,396 [ForkJoinPool.commonPool-worker-1] INFO  server.GrpcService (GrpcService.java:closeImpl(320)) - adb0896c-a435-46e3-a62b-55500171870d: shutdown server org.apache.ratis.grpc.server.GrpcAdminProtocolService successfully
2023-06-06 14:29:29,396 [adb0896c-a435-46e3-a62b-55500171870d-NettyServerStreamRpc-bossGroup--thread1] INFO  logging.LoggingHandler (AbstractInternalLogger.java:log(148)) - [id: 0x252f87ab, L:/0:0:0:0:0:0:0:0:15207] CLOSE
2023-06-06 14:29:29,396 [adb0896c-a435-46e3-a62b-55500171870d-NettyServerStreamRpc-bossGroup--thread1] INFO  logging.LoggingHandler (AbstractInternalLogger.java:log(148)) - [id: 0x252f87ab, L:/0:0:0:0:0:0:0:0:15207] INACTIVE
2023-06-06 14:29:29,396 [adb0896c-a435-46e3-a62b-55500171870d-NettyServerStreamRpc-bossGroup--thread1] INFO  logging.LoggingHandler (AbstractInternalLogger.java:log(148)) - [id: 0x252f87ab, L:/0:0:0:0:0:0:0:0:15207] UNREGISTERED
2023-06-06 14:29:29,397 [Time-limited test] INFO  server.GrpcService (GrpcService.java:closeImpl(320)) - 4ad61454-c850-4d9b-b065-88bf5b94c1a7: shutdown server org.apache.ratis.grpc.server.GrpcAdminProtocolService successfully
2023-06-06 14:29:29,397 [4ad61454-c850-4d9b-b065-88bf5b94c1a7-NettyServerStreamRpc-bossGroup--thread1] INFO  logging.LoggingHandler (AbstractInternalLogger.java:log(148)) - [id: 0x357b1c4d, L:/0:0:0:0:0:0:0:0:15198] CLOSE
2023-06-06 14:29:29,397 [4ad61454-c850-4d9b-b065-88bf5b94c1a7-NettyServerStreamRpc-bossGroup--thread1] INFO  logging.LoggingHandler (AbstractInternalLogger.java:log(148)) - [id: 0x357b1c4d, L:/0:0:0:0:0:0:0:0:15198] INACTIVE
2023-06-06 14:29:29,397 [4ad61454-c850-4d9b-b065-88bf5b94c1a7-NettyServerStreamRpc-bossGroup--thread1] INFO  logging.LoggingHandler (AbstractInternalLogger.java:log(148)) - [id: 0x357b1c4d, L:/0:0:0:0:0:0:0:0:15198] UNREGISTERED
2023-06-06 14:29:29,398 [ForkJoinPool.commonPool-worker-0] INFO  server.GrpcService (GrpcService.java:closeImpl(320)) - b5c86db4-08d8-4650-853d-8ab079fb10e3: shutdown server org.apache.ratis.grpc.server.GrpcAdminProtocolService successfully
2023-06-06 14:29:29,398 [b5c86db4-08d8-4650-853d-8ab079fb10e3-NettyServerStreamRpc-bossGroup--thread1] INFO  logging.LoggingHandler (AbstractInternalLogger.java:log(148)) - [id: 0x56842ed0, L:/0:0:0:0:0:0:0:0:15189] CLOSE
2023-06-06 14:29:29,398 [b5c86db4-08d8-4650-853d-8ab079fb10e3-NettyServerStreamRpc-bossGroup--thread1] INFO  logging.LoggingHandler (AbstractInternalLogger.java:log(148)) - [id: 0x56842ed0, L:/0:0:0:0:0:0:0:0:15189] INACTIVE
2023-06-06 14:29:29,398 [b5c86db4-08d8-4650-853d-8ab079fb10e3-NettyServerStreamRpc-bossGroup--thread1] INFO  logging.LoggingHandler (AbstractInternalLogger.java:log(148)) - [id: 0x56842ed0, L:/0:0:0:0:0:0:0:0:15189] UNREGISTERED
2023-06-06 14:29:29,756 [b5c86db4-08d8-4650-853d-8ab079fb10e3-impl-thread1] INFO  segmented.SegmentedRaftLogWorker (SegmentedRaftLogWorker.java:close(252)) - b5c86db4-08d8-4650-853d-8ab079fb10e3@group-5375F9A631E2-SegmentedRaftLogWorker close()
2023-06-06 14:29:29,812 [b5c86db4-08d8-4650-853d-8ab079fb10e3-impl-thread2] INFO  segmented.SegmentedRaftLogWorker (SegmentedRaftLogWorker.java:close(252)) - b5c86db4-08d8-4650-853d-8ab079fb10e3@group-C9C490725441-SegmentedRaftLogWorker close()
2023-06-06 14:29:29,841 [adb0896c-a435-46e3-a62b-55500171870d-impl-thread1] INFO  segmented.SegmentedRaftLogWorker (SegmentedRaftLogWorker.java:close(252)) - adb0896c-a435-46e3-a62b-55500171870d@group-C9C490725441-SegmentedRaftLogWorker close()
2023-06-06 14:29:29,843 [4ad61454-c850-4d9b-b065-88bf5b94c1a7-impl-thread1] INFO  segmented.SegmentedRaftLogWorker (SegmentedRaftLogWorker.java:close(252)) - 4ad61454-c850-4d9b-b065-88bf5b94c1a7@group-C9C490725441-SegmentedRaftLogWorker close()
2023-06-06 14:29:29,893 [4ad61454-c850-4d9b-b065-88bf5b94c1a7-impl-thread2] INFO  segmented.SegmentedRaftLogWorker (SegmentedRaftLogWorker.java:close(252)) - 4ad61454-c850-4d9b-b065-88bf5b94c1a7@group-F4595A0CC38F-SegmentedRaftLogWorker close()
2023-06-06 14:29:29,910 [adb0896c-a435-46e3-a62b-55500171870d-impl-thread3] INFO  segmented.SegmentedRaftLogWorker (SegmentedRaftLogWorker.java:close(252)) - adb0896c-a435-46e3-a62b-55500171870d@group-F4595A0CC38F-SegmentedRaftLogWorker close()
2023-06-06 14:29:29,912 [b5c86db4-08d8-4650-853d-8ab079fb10e3-impl-thread3] INFO  segmented.SegmentedRaftLogWorker (SegmentedRaftLogWorker.java:close(252)) - b5c86db4-08d8-4650-853d-8ab079fb10e3@group-F4595A0CC38F-SegmentedRaftLogWorker close()
2023-06-06 14:29:29,913 [JvmPauseMonitor29] INFO  util.JvmPauseMonitor (JvmPauseMonitor.java:run(109)) - JvmPauseMonitor-b5c86db4-08d8-4650-853d-8ab079fb10e3: Stopped
2023-06-06 14:29:30,119 [4ad61454-c850-4d9b-b065-88bf5b94c1a7-impl-thread3] INFO  segmented.SegmentedRaftLogWorker (SegmentedRaftLogWorker.java:close(252)) - 4ad61454-c850-4d9b-b065-88bf5b94c1a7@group-B2C46FF018F9-SegmentedRaftLogWorker close()
2023-06-06 14:29:30,120 [JvmPauseMonitor30] INFO  util.JvmPauseMonitor (JvmPauseMonitor.java:run(109)) - JvmPauseMonitor-4ad61454-c850-4d9b-b065-88bf5b94c1a7: Stopped
2023-06-06 14:29:30,262 [adb0896c-a435-46e3-a62b-55500171870d-impl-thread2] INFO  segmented.SegmentedRaftLogWorker (SegmentedRaftLogWorker.java:close(252)) - adb0896c-a435-46e3-a62b-55500171870d@group-DE40CA051B39-SegmentedRaftLogWorker close()
2023-06-06 14:29:30,263 [JvmPauseMonitor31] INFO  util.JvmPauseMonitor (JvmPauseMonitor.java:run(109)) - JvmPauseMonitor-adb0896c-a435-46e3-a62b-55500171870d: Stopped
2023-06-06 14:29:31,916 [ForkJoinPool.commonPool-worker-0] INFO  utils.DatanodeStoreCache (DatanodeStoreCache.java:shutdownCache(110)) - Skip clearing cache in mini cluster mode. Entries left: [/home/runner/work/ozone/ozone/hadoop-ozone/integration-test/target/test-dir/MiniOzoneClusterImpl-446b9376-286d-4f49-81c3-2a666e658b7e/datanode-0/data-0/containers/hdds/446b9376-286d-4f49-81c3-2a666e658b7e/DS-4afbd400-36d6-41f6-bff9-235406b2e3a1/container.db, /home/runner/work/ozone/ozone/hadoop-ozone/integration-test/target/test-dir/MiniOzoneClusterImpl-446b9376-286d-4f49-81c3-2a666e658b7e/datanode-1/data-0/containers/hdds/446b9376-286d-4f49-81c3-2a666e658b7e/DS-9dfd303c-f079-49b9-b5d8-e1340674a466/container.db, /home/runner/work/ozone/ozone/hadoop-ozone/integration-test/target/test-dir/MiniOzoneClusterImpl-446b9376-286d-4f49-81c3-2a666e658b7e/datanode-2/data-0/containers/hdds/446b9376-286d-4f49-81c3-2a666e658b7e/DS-a507cfd6-d8fb-4cb4-9f09-c4f80a34d769/container.db]
2023-06-06 14:29:31,918 [ForkJoinPool.commonPool-worker-0] INFO  utils.DatanodeStoreCache (DatanodeStoreCache.java:removeDB(104)) - Removed db /home/runner/work/ozone/ozone/hadoop-ozone/integration-test/target/test-dir/MiniOzoneClusterImpl-446b9376-286d-4f49-81c3-2a666e658b7e/datanode-0/data-0/containers/hdds/446b9376-286d-4f49-81c3-2a666e658b7e/DS-4afbd400-36d6-41f6-bff9-235406b2e3a1/container.db from cache
2023-06-06 14:29:31,919 [ForkJoinPool.commonPool-worker-0] INFO  volume.HddsVolume (HddsVolume.java:closeDbStore(437)) - SchemaV3 db is stopped at /home/runner/work/ozone/ozone/hadoop-ozone/integration-test/target/test-dir/MiniOzoneClusterImpl-446b9376-286d-4f49-81c3-2a666e658b7e/datanode-0/data-0/containers/hdds/446b9376-286d-4f49-81c3-2a666e658b7e/DS-4afbd400-36d6-41f6-bff9-235406b2e3a1/container.db for volume DS-4afbd400-36d6-41f6-bff9-235406b2e3a1
2023-06-06 14:29:31,919 [ForkJoinPool.commonPool-worker-0] INFO  utils.BackgroundService (BackgroundService.java:shutdown(141)) - Shutting down service BlockDeletingService
2023-06-06 14:29:31,921 [ForkJoinPool.commonPool-worker-0] INFO  utils.BackgroundService (BackgroundService.java:shutdown(141)) - Shutting down service StaleRecoveringContainerScrubbingService
2023-06-06 14:29:31,922 [ForkJoinPool.commonPool-worker-0] INFO  statemachine.DatanodeStateMachine (DatanodeStateMachine.java:stopDaemon(605)) - Ozone container server stopped.
2023-06-06 14:29:31,931 [ForkJoinPool.commonPool-worker-0] INFO  handler.ContextHandler (ContextHandler.java:doStop(1159)) - Stopped o.e.j.w.WebAppContext@79f8fdeb{hddsDatanode,/,null,STOPPED}{jar:file:/home/runner/.m2/repository/org/apache/ozone/hdds-container-service/1.4.0-SNAPSHOT/hdds-container-service-1.4.0-SNAPSHOT.jar!/webapps/hddsDatanode}
2023-06-06 14:29:31,931 [ForkJoinPool.commonPool-worker-0] INFO  server.AbstractConnector (AbstractConnector.java:doStop(383)) - Stopped ServerConnector@58327dd7{HTTP/1.1, (http/1.1)}{0.0.0.0:15183}
2023-06-06 14:29:31,932 [ForkJoinPool.commonPool-worker-0] INFO  server.session (HouseKeeper.java:stopScavenging(149)) - node0 Stopped scavenging
2023-06-06 14:29:31,933 [ForkJoinPool.commonPool-worker-0] INFO  handler.ContextHandler (ContextHandler.java:doStop(1159)) - Stopped o.e.j.s.ServletContextHandler@44d3820a{static,/static,jar:file:/home/runner/.m2/repository/org/apache/ozone/hdds-container-service/1.4.0-SNAPSHOT/hdds-container-service-1.4.0-SNAPSHOT.jar!/webapps/static,STOPPED}
2023-06-06 14:29:31,933 [ForkJoinPool.commonPool-worker-0] INFO  handler.ContextHandler (ContextHandler.java:doStop(1159)) - Stopped o.e.j.s.ServletContextHandler@62814ec9{logs,/logs,file:///home/runner/work/ozone/ozone/hadoop-ozone/integration-test/target/log,STOPPED}
2023-06-06 14:29:31,934 [ForkJoinPool.commonPool-worker-0] INFO  ozone.HddsDatanodeClientProtocolServer (HddsDatanodeClientProtocolServer.java:stop(89)) - Stopping the RPC server for Client Protocol
2023-06-06 14:29:31,934 [ForkJoinPool.commonPool-worker-0] INFO  ipc.Server (Server.java:stop(3501)) - Stopping server on 15184
2023-06-06 14:29:31,935 [IPC Server listener on 15184] INFO  ipc.Server (Server.java:run(1430)) - Stopping IPC Server listener on 15184
2023-06-06 14:29:31,937 [IPC Server Responder] INFO  ipc.Server (Server.java:run(1563)) - Stopping IPC Server Responder
2023-06-06 14:29:32,123 [Time-limited test] INFO  utils.DatanodeStoreCache (DatanodeStoreCache.java:shutdownCache(110)) - Skip clearing cache in mini cluster mode. Entries left: [/home/runner/work/ozone/ozone/hadoop-ozone/integration-test/target/test-dir/MiniOzoneClusterImpl-446b9376-286d-4f49-81c3-2a666e658b7e/datanode-1/data-0/containers/hdds/446b9376-286d-4f49-81c3-2a666e658b7e/DS-9dfd303c-f079-49b9-b5d8-e1340674a466/container.db, /home/runner/work/ozone/ozone/hadoop-ozone/integration-test/target/test-dir/MiniOzoneClusterImpl-446b9376-286d-4f49-81c3-2a666e658b7e/datanode-2/data-0/containers/hdds/446b9376-286d-4f49-81c3-2a666e658b7e/DS-a507cfd6-d8fb-4cb4-9f09-c4f80a34d769/container.db]
2023-06-06 14:29:32,125 [Time-limited test] INFO  utils.DatanodeStoreCache (DatanodeStoreCache.java:removeDB(104)) - Removed db /home/runner/work/ozone/ozone/hadoop-ozone/integration-test/target/test-dir/MiniOzoneClusterImpl-446b9376-286d-4f49-81c3-2a666e658b7e/datanode-1/data-0/containers/hdds/446b9376-286d-4f49-81c3-2a666e658b7e/DS-9dfd303c-f079-49b9-b5d8-e1340674a466/container.db from cache
2023-06-06 14:29:32,125 [Time-limited test] INFO  volume.HddsVolume (HddsVolume.java:closeDbStore(437)) - SchemaV3 db is stopped at /home/runner/work/ozone/ozone/hadoop-ozone/integration-test/target/test-dir/MiniOzoneClusterImpl-446b9376-286d-4f49-81c3-2a666e658b7e/datanode-1/data-0/containers/hdds/446b9376-286d-4f49-81c3-2a666e658b7e/DS-9dfd303c-f079-49b9-b5d8-e1340674a466/container.db for volume DS-9dfd303c-f079-49b9-b5d8-e1340674a466
2023-06-06 14:29:32,125 [Time-limited test] INFO  utils.BackgroundService (BackgroundService.java:shutdown(141)) - Shutting down service BlockDeletingService
2023-06-06 14:29:32,126 [Time-limited test] INFO  utils.BackgroundService (BackgroundService.java:shutdown(141)) - Shutting down service StaleRecoveringContainerScrubbingService
2023-06-06 14:29:32,127 [Time-limited test] INFO  statemachine.DatanodeStateMachine (DatanodeStateMachine.java:stopDaemon(605)) - Ozone container server stopped.
2023-06-06 14:29:32,136 [Time-limited test] INFO  handler.ContextHandler (ContextHandler.java:doStop(1159)) - Stopped o.e.j.w.WebAppContext@591dad5f{hddsDatanode,/,null,STOPPED}{jar:file:/home/runner/.m2/repository/org/apache/ozone/hdds-container-service/1.4.0-SNAPSHOT/hdds-container-service-1.4.0-SNAPSHOT.jar!/webapps/hddsDatanode}
2023-06-06 14:29:32,137 [Time-limited test] INFO  server.AbstractConnector (AbstractConnector.java:doStop(383)) - Stopped ServerConnector@51d53c95{HTTP/1.1, (http/1.1)}{0.0.0.0:15192}
2023-06-06 14:29:32,137 [Time-limited test] INFO  server.session (HouseKeeper.java:stopScavenging(149)) - node0 Stopped scavenging
2023-06-06 14:29:32,137 [Time-limited test] INFO  handler.ContextHandler (ContextHandler.java:doStop(1159)) - Stopped o.e.j.s.ServletContextHandler@67c2244f{static,/static,jar:file:/home/runner/.m2/repository/org/apache/ozone/hdds-container-service/1.4.0-SNAPSHOT/hdds-container-service-1.4.0-SNAPSHOT.jar!/webapps/static,STOPPED}
2023-06-06 14:29:32,137 [Time-limited test] INFO  handler.ContextHandler (ContextHandler.java:doStop(1159)) - Stopped o.e.j.s.ServletContextHandler@75a3acdf{logs,/logs,file:///home/runner/work/ozone/ozone/hadoop-ozone/integration-test/target/log,STOPPED}
2023-06-06 14:29:32,138 [Time-limited test] INFO  ozone.HddsDatanodeClientProtocolServer (HddsDatanodeClientProtocolServer.java:stop(89)) - Stopping the RPC server for Client Protocol
2023-06-06 14:29:32,138 [Time-limited test] INFO  ipc.Server (Server.java:stop(3501)) - Stopping server on 15193
2023-06-06 14:29:32,138 [IPC Server listener on 15193] INFO  ipc.Server (Server.java:run(1430)) - Stopping IPC Server listener on 15193
2023-06-06 14:29:32,143 [IPC Server Responder] INFO  ipc.Server (Server.java:run(1563)) - Stopping IPC Server Responder
2023-06-06 14:29:32,266 [ForkJoinPool.commonPool-worker-1] INFO  utils.DatanodeStoreCache (DatanodeStoreCache.java:shutdownCache(110)) - Skip clearing cache in mini cluster mode. Entries left: [/home/runner/work/ozone/ozone/hadoop-ozone/integration-test/target/test-dir/MiniOzoneClusterImpl-446b9376-286d-4f49-81c3-2a666e658b7e/datanode-2/data-0/containers/hdds/446b9376-286d-4f49-81c3-2a666e658b7e/DS-a507cfd6-d8fb-4cb4-9f09-c4f80a34d769/container.db]
2023-06-06 14:29:32,267 [ForkJoinPool.commonPool-worker-1] INFO  utils.DatanodeStoreCache (DatanodeStoreCache.java:removeDB(104)) - Removed db /home/runner/work/ozone/ozone/hadoop-ozone/integration-test/target/test-dir/MiniOzoneClusterImpl-446b9376-286d-4f49-81c3-2a666e658b7e/datanode-2/data-0/containers/hdds/446b9376-286d-4f49-81c3-2a666e658b7e/DS-a507cfd6-d8fb-4cb4-9f09-c4f80a34d769/container.db from cache
2023-06-06 14:29:32,268 [ForkJoinPool.commonPool-worker-1] INFO  volume.HddsVolume (HddsVolume.java:closeDbStore(437)) - SchemaV3 db is stopped at /home/runner/work/ozone/ozone/hadoop-ozone/integration-test/target/test-dir/MiniOzoneClusterImpl-446b9376-286d-4f49-81c3-2a666e658b7e/datanode-2/data-0/containers/hdds/446b9376-286d-4f49-81c3-2a666e658b7e/DS-a507cfd6-d8fb-4cb4-9f09-c4f80a34d769/container.db for volume DS-a507cfd6-d8fb-4cb4-9f09-c4f80a34d769
2023-06-06 14:29:32,269 [ForkJoinPool.commonPool-worker-1] INFO  utils.BackgroundService (BackgroundService.java:shutdown(141)) - Shutting down service BlockDeletingService
2023-06-06 14:29:32,269 [ForkJoinPool.commonPool-worker-1] INFO  utils.BackgroundService (BackgroundService.java:shutdown(141)) - Shutting down service StaleRecoveringContainerScrubbingService
2023-06-06 14:29:32,270 [ForkJoinPool.commonPool-worker-1] INFO  statemachine.DatanodeStateMachine (DatanodeStateMachine.java:stopDaemon(605)) - Ozone container server stopped.
2023-06-06 14:29:32,280 [ForkJoinPool.commonPool-worker-1] INFO  handler.ContextHandler (ContextHandler.java:doStop(1159)) - Stopped o.e.j.w.WebAppContext@72cb4e9c{hddsDatanode,/,null,STOPPED}{jar:file:/home/runner/.m2/repository/org/apache/ozone/hdds-container-service/1.4.0-SNAPSHOT/hdds-container-service-1.4.0-SNAPSHOT.jar!/webapps/hddsDatanode}
2023-06-06 14:29:32,280 [ForkJoinPool.commonPool-worker-1] INFO  server.AbstractConnector (AbstractConnector.java:doStop(383)) - Stopped ServerConnector@3881b332{HTTP/1.1, (http/1.1)}{0.0.0.0:15201}
2023-06-06 14:29:32,280 [ForkJoinPool.commonPool-worker-1] INFO  server.session (HouseKeeper.java:stopScavenging(149)) - node0 Stopped scavenging
2023-06-06 14:29:32,281 [ForkJoinPool.commonPool-worker-1] INFO  handler.ContextHandler (ContextHandler.java:doStop(1159)) - Stopped o.e.j.s.ServletContextHandler@4ffaedc4{static,/static,jar:file:/home/runner/.m2/repository/org/apache/ozone/hdds-container-service/1.4.0-SNAPSHOT/hdds-container-service-1.4.0-SNAPSHOT.jar!/webapps/static,STOPPED}
2023-06-06 14:29:32,281 [ForkJoinPool.commonPool-worker-1] INFO  handler.ContextHandler (ContextHandler.java:doStop(1159)) - Stopped o.e.j.s.ServletContextHandler@624d66ea{logs,/logs,file:///home/runner/work/ozone/ozone/hadoop-ozone/integration-test/target/log,STOPPED}
2023-06-06 14:29:32,285 [ForkJoinPool.commonPool-worker-1] INFO  ozone.HddsDatanodeClientProtocolServer (HddsDatanodeClientProtocolServer.java:stop(89)) - Stopping the RPC server for Client Protocol
2023-06-06 14:29:32,286 [ForkJoinPool.commonPool-worker-1] INFO  ipc.Server (Server.java:stop(3501)) - Stopping server on 15202
2023-06-06 14:29:32,286 [IPC Server listener on 15202] INFO  ipc.Server (Server.java:run(1430)) - Stopping IPC Server listener on 15202
2023-06-06 14:29:32,286 [IPC Server Responder] INFO  ipc.Server (Server.java:run(1563)) - Stopping IPC Server Responder
2023-06-06 14:29:32,288 [Time-limited test] INFO  ozone.MiniOzoneClusterImpl (MiniOzoneClusterImpl.java:stopSCM(537)) - Stopping the StorageContainerManager
2023-06-06 14:29:32,288 [Time-limited test] INFO  server.StorageContainerManager (StorageContainerManager.java:stop(1562)) - Container Balancer is not running.
2023-06-06 14:29:32,288 [Time-limited test] INFO  server.StorageContainerManager (StorageContainerManager.java:stopReplicationManager(1693)) - Stopping Replication Manager Service.
2023-06-06 14:29:32,288 [Time-limited test] INFO  replication.ReplicationManager (ReplicationManager.java:stop(332)) - Stopping Replication Monitor Thread.
2023-06-06 14:29:32,288 [Over Replicated Processor] WARN  replication.UnhealthyReplicationProcessor (UnhealthyReplicationProcessor.java:run(167)) - Over Replicated Processor interrupted. Exiting...
2023-06-06 14:29:32,288 [Under Replicated Processor] WARN  replication.UnhealthyReplicationProcessor (UnhealthyReplicationProcessor.java:run(167)) - Under Replicated Processor interrupted. Exiting...
2023-06-06 14:29:32,289 [Time-limited test] INFO  server.StorageContainerManager (StorageContainerManager.java:stop(1571)) - Stopping the Datanode Admin Monitor.
2023-06-06 14:29:32,289 [ReplicationMonitor] INFO  replication.ReplicationManager (ReplicationManager.java:run(938)) - Replication Monitor Thread is stopped
2023-06-06 14:29:32,289 [Time-limited test] INFO  server.StorageContainerManager (StorageContainerManager.java:stop(1578)) - Stopping datanode service RPC server
2023-06-06 14:29:32,289 [Time-limited test] INFO  server.SCMDatanodeProtocolServer (SCMDatanodeProtocolServer.java:stop(424)) - Stopping the RPC server for DataNodes
2023-06-06 14:29:32,289 [Time-limited test] INFO  ipc.Server (Server.java:stop(3501)) - Stopping server on 15176
2023-06-06 14:29:32,291 [IPC Server listener on 15176] INFO  ipc.Server (Server.java:run(1430)) - Stopping IPC Server listener on 15176
2023-06-06 14:29:32,292 [IPC Server Responder] INFO  ipc.Server (Server.java:run(1563)) - Stopping IPC Server Responder
2023-06-06 14:29:32,318 [SCM Heartbeat Processing Thread - 0] WARN  node.NodeStateManager (NodeStateManager.java:scheduleNextHealthCheck(870)) - Current Thread is interrupted, shutting down HB processing thread for Node Manager.
2023-06-06 14:29:32,318 [Time-limited test] INFO  server.StorageContainerManager (StorageContainerManager.java:stop(1586)) - Stopping block service RPC server
2023-06-06 14:29:32,318 [Time-limited test] INFO  server.SCMBlockProtocolServer (SCMBlockProtocolServer.java:stop(161)) - Stopping the RPC server for Block Protocol
2023-06-06 14:29:32,318 [Time-limited test] INFO  ipc.Server (Server.java:stop(3501)) - Stopping server on 15175
2023-06-06 14:29:32,319 [IPC Server listener on 15175] INFO  ipc.Server (Server.java:run(1430)) - Stopping IPC Server listener on 15175
2023-06-06 14:29:32,319 [IPC Server Responder] INFO  ipc.Server (Server.java:run(1563)) - Stopping IPC Server Responder
2023-06-06 14:29:32,320 [Time-limited test] INFO  server.StorageContainerManager (StorageContainerManager.java:stop(1593)) - Stopping the StorageContainerLocationProtocol RPC server
2023-06-06 14:29:32,320 [Time-limited test] INFO  server.SCMClientProtocolServer (SCMClientProtocolServer.java:stop(208)) - Stopping the RPC server for Client Protocol
2023-06-06 14:29:32,320 [Time-limited test] INFO  ipc.Server (Server.java:stop(3501)) - Stopping server on 15174
2023-06-06 14:29:32,320 [IPC Server listener on 15174] INFO  ipc.Server (Server.java:run(1430)) - Stopping IPC Server listener on 15174
2023-06-06 14:29:32,321 [IPC Server Responder] INFO  ipc.Server (Server.java:run(1563)) - Stopping IPC Server Responder
2023-06-06 14:29:32,322 [Time-limited test] INFO  server.StorageContainerManager (StorageContainerManager.java:stop(1600)) - Stopping Storage Container Manager HTTP server.
2023-06-06 14:29:32,323 [Time-limited test] INFO  handler.ContextHandler (ContextHandler.java:doStop(1159)) - Stopped o.e.j.w.WebAppContext@58b62b12{scm,/,null,STOPPED}{file:/home/runner/work/ozone/ozone/hadoop-ozone/integration-test/target/test-classes/webapps/scm}
2023-06-06 14:29:32,324 [Time-limited test] INFO  server.AbstractConnector (AbstractConnector.java:doStop(383)) - Stopped ServerConnector@11f1ea21{HTTP/1.1, (http/1.1)}{0.0.0.0:15177}
2023-06-06 14:29:32,324 [Time-limited test] INFO  server.session (HouseKeeper.java:stopScavenging(149)) - node0 Stopped scavenging
2023-06-06 14:29:32,324 [Time-limited test] INFO  handler.ContextHandler (ContextHandler.java:doStop(1159)) - Stopped o.e.j.s.ServletContextHandler@5b892f8f{static,/static,file:///home/runner/work/ozone/ozone/hadoop-ozone/integration-test/target/test-classes/webapps/static,STOPPED}
2023-06-06 14:29:32,324 [Time-limited test] INFO  handler.ContextHandler (ContextHandler.java:doStop(1159)) - Stopped o.e.j.s.ServletContextHandler@43857d33{logs,/logs,file:///home/runner/work/ozone/ozone/hadoop-ozone/integration-test/target/log,STOPPED}
2023-06-06 14:29:32,325 [Time-limited test] INFO  server.StorageContainerManager (StorageContainerManager.java:stop(1608)) - Stopping SCM LayoutVersionManager Service.
2023-06-06 14:29:32,325 [Time-limited test] INFO  server.StorageContainerManager (StorageContainerManager.java:stop(1616)) - Stopping Block Manager Service.
2023-06-06 14:29:32,325 [Time-limited test] INFO  utils.BackgroundService (BackgroundService.java:shutdown(141)) - Shutting down service SCMBlockDeletingService
2023-06-06 14:29:32,325 [Time-limited test] INFO  utils.BackgroundService (BackgroundService.java:shutdown(141)) - Shutting down service SCMBlockDeletingService
2023-06-06 14:29:32,325 [Time-limited test] INFO  server.StorageContainerManager (StorageContainerManager.java:stop(1638)) - Stopping SCM Event Queue.
2023-06-06 14:29:32,326 [JvmPauseMonitor27] INFO  util.JvmPauseMonitor (JvmPauseMonitor.java:run(109)) - JvmPauseMonitor-12369a2c-78c5-47d2-9686-9f41a03996d5: Stopped
2023-06-06 14:29:32,326 [Time-limited test] INFO  server.StorageContainerManager (StorageContainerManager.java:stop(1649)) - Stopping SCM HA services.
2023-06-06 14:29:32,326 [Time-limited test] INFO  pipeline.BackgroundPipelineCreator (BackgroundPipelineCreator.java:stop(149)) - Stopping RatisPipelineUtilsThread.
2023-06-06 14:29:32,327 [RatisPipelineUtilsThread - 0] WARN  pipeline.BackgroundPipelineCreator (BackgroundPipelineCreator.java:run(180)) - RatisPipelineUtilsThread is interrupted.
2023-06-06 14:29:32,327 [Time-limited test] INFO  BackgroundPipelineScrubber (BackgroundSCMService.java:stop(131)) - Stopping BackgroundPipelineScrubber Service.
2023-06-06 14:29:32,327 [BackgroundPipelineScrubberThread] WARN  BackgroundPipelineScrubber (BackgroundSCMService.java:run(115)) - BackgroundPipelineScrubber is interrupted, exit
2023-06-06 14:29:32,327 [Time-limited test] INFO  impl.MetricsSystemImpl (MetricsSystemImpl.java:stop(210)) - Stopping HddsDatanode metrics system...
2023-06-06 14:29:32,328 [prometheus] INFO  impl.MetricsSinkAdapter (MetricsSinkAdapter.java:publishMetricsFromQueue(141)) - prometheus thread interrupted.
2023-06-06 14:29:32,328 [Time-limited test] INFO  impl.MetricsSystemImpl (MetricsSystemImpl.java:stop(216)) - HddsDatanode metrics system stopped.
2023-06-06 14:29:32,329 [Time-limited test] WARN  pipeline.BackgroundPipelineCreator (BackgroundPipelineCreator.java:stop(145)) - RatisPipelineUtilsThread is not running, just ignore.
2023-06-06 14:29:32,329 [Time-limited test] INFO  BackgroundPipelineScrubber (BackgroundSCMService.java:stop(126)) - BackgroundPipelineScrubber Service is not running, skip stop.
2023-06-06 14:29:32,329 [Time-limited test] INFO  ExpiredContainerReplicaOpScrubber (BackgroundSCMService.java:stop(131)) - Stopping ExpiredContainerReplicaOpScrubber Service.
2023-06-06 14:29:32,329 [ExpiredContainerReplicaOpScrubberThread] WARN  ExpiredContainerReplicaOpScrubber (BackgroundSCMService.java:run(115)) - ExpiredContainerReplicaOpScrubber is interrupted, exit
2023-06-06 14:29:32,329 [Time-limited test] INFO  utils.BackgroundService (BackgroundService.java:shutdown(141)) - Shutting down service SCMBlockDeletingService
2023-06-06 14:29:32,329 [Time-limited test] INFO  replication.ReplicationManager (ReplicationManager.java:stop(342)) - Replication Monitor Thread is not running.
2023-06-06 14:29:32,329 [Time-limited test] WARN  balancer.ContainerBalancer (ContainerBalancer.java:stop(328)) - Cannot stop Container Balancer because it's not running or stopping
2023-06-06 14:29:32,329 [Time-limited test] INFO  server.StorageContainerManager (StorageContainerManager.java:stop(1684)) - Stopping SCM MetadataStore.
]]></system-out>
  </testcase>
  <testcase name="testSCMInitializationFailure" classname="org.apache.hadoop.ozone.TestStorageContainerManager" time="0.025">
    <system-out><![CDATA[2023-06-06 14:29:32,367 [Time-limited test] WARN  server.ServerUtils (ServerUtils.java:getScmDbDir(155)) - ozone.scm.db.dirs is not configured. We recommend adding this setting. Falling back to ozone.metadata.dirs instead.
2023-06-06 14:29:32,368 [Time-limited test] INFO  ha.SCMHANodeDetails (SCMHANodeDetails.java:loadSCMHAConfig(209)) - ServiceID for StorageContainerManager is null
2023-06-06 14:29:32,368 [Time-limited test] INFO  ha.SCMHANodeDetails (SCMHANodeDetails.java:loadSCMHAConfig(214)) - ozone.scm.default.service.id is not defined, falling back to ozone.scm.service.ids to find serviceID for StorageContainerManager if it is HA enabled cluster
2023-06-06 14:29:32,368 [Time-limited test] ERROR server.StorageContainerManager (StorageContainerManager.java:<init>(362)) - Please make sure you have run 'ozone scm --init' command to generate all the required metadata to /home/runner/work/ozone/ozone/hadoop-ozone/integration-test/target/test-dir/58e96ea8-68ac-4197-9ee4-8deac034026f/scm-meta/scm or make sure you have run 'ozone scm --bootstrap' cmd to add the SCM to existing SCM HA group.
]]></system-out>
  </testcase>
  <testcase name="testSCMInitialization" classname="org.apache.hadoop.ozone.TestStorageContainerManager" time="6.123">
    <system-out><![CDATA[2023-06-06 14:29:32,387 [Time-limited test] WARN  server.ServerUtils (ServerUtils.java:getScmDbDir(155)) - ozone.scm.db.dirs is not configured. We recommend adding this setting. Falling back to ozone.metadata.dirs instead.
2023-06-06 14:29:32,388 [Time-limited test] INFO  ha.SCMHANodeDetails (SCMHANodeDetails.java:loadSCMHAConfig(209)) - ServiceID for StorageContainerManager is null
2023-06-06 14:29:32,388 [Time-limited test] INFO  ha.SCMHANodeDetails (SCMHANodeDetails.java:loadSCMHAConfig(214)) - ozone.scm.default.service.id is not defined, falling back to ozone.scm.service.ids to find serviceID for StorageContainerManager if it is HA enabled cluster
2023-06-06 14:29:32,406 [Time-limited test] INFO  server.RaftServer (ConfUtils.java:logGet(46)) - raft.rpc.type = GRPC (default)
2023-06-06 14:29:32,406 [Time-limited test] INFO  grpc.GrpcConfigKeys (ConfUtils.java:logFallback(53)) - raft.grpc.admin.host = null (fallback to raft.grpc.server.host)
2023-06-06 14:29:32,406 [Time-limited test] INFO  grpc.GrpcConfigKeys (ConfUtils.java:logFallback(53)) - raft.grpc.admin.port = 9894 (fallback to raft.grpc.server.port)
2023-06-06 14:29:32,406 [Time-limited test] INFO  grpc.GrpcConfigKeys (ConfUtils.java:logFallback(53)) - raft.grpc.client.host = null (fallback to raft.grpc.server.host)
2023-06-06 14:29:32,406 [Time-limited test] INFO  grpc.GrpcConfigKeys (ConfUtils.java:logFallback(53)) - raft.grpc.client.port = 9894 (fallback to raft.grpc.server.port)
2023-06-06 14:29:32,406 [Time-limited test] INFO  grpc.GrpcConfigKeys (ConfUtils.java:logGet(46)) - raft.grpc.server.host = null (default)
2023-06-06 14:29:32,406 [Time-limited test] INFO  grpc.GrpcConfigKeys (ConfUtils.java:logGet(46)) - raft.grpc.server.port = 9894 (custom)
2023-06-06 14:29:32,406 [Time-limited test] INFO  server.GrpcService (ConfUtils.java:logGet(46)) - raft.grpc.message.size.max = 32m (=33554432) (custom)
2023-06-06 14:29:32,406 [Time-limited test] INFO  server.RaftServerConfigKeys (ConfUtils.java:logGet(46)) - raft.server.log.appender.buffer.byte-limit = 33554432 (custom)
2023-06-06 14:29:32,406 [Time-limited test] INFO  server.GrpcService (ConfUtils.java:logGet(46)) - raft.grpc.flow.control.window = 1MB (=1048576) (default)
2023-06-06 14:29:32,406 [Time-limited test] INFO  server.RaftServerConfigKeys (ConfUtils.java:logGet(46)) - raft.server.rpc.request.timeout = 30000ms (custom)
2023-06-06 14:29:32,406 [Time-limited test] INFO  grpc.GrpcConfigKeys (ConfUtils.java:logGet(46)) - raft.grpc.server.heartbeat.channel = true (default)
2023-06-06 14:29:32,407 [Time-limited test] INFO  grpc.GrpcConfigKeys (ConfUtils.java:logGet(46)) - raft.grpc.server.async.request.thread.pool.cached = true (default)
2023-06-06 14:29:32,407 [Time-limited test] INFO  grpc.GrpcConfigKeys (ConfUtils.java:logGet(46)) - raft.grpc.server.async.request.thread.pool.size = 32 (default)
2023-06-06 14:29:32,408 [Time-limited test] INFO  impl.DataStreamServerImpl (ConfUtils.java:logGet(46)) - raft.datastream.type = DISABLED (default)
2023-06-06 14:29:32,408 [Time-limited test] INFO  server.RaftServerConfigKeys (ConfUtils.java:logGet(46)) - raft.server.threadpool.proxy.cached = true (default)
2023-06-06 14:29:32,408 [Time-limited test] INFO  server.RaftServerConfigKeys (ConfUtils.java:logGet(46)) - raft.server.threadpool.proxy.size = 0 (default)
2023-06-06 14:29:32,408 [Time-limited test] INFO  server.RaftServerConfigKeys (ConfUtils.java:logGet(46)) - raft.server.rpc.slowness.timeout = 120000ms (custom)
2023-06-06 14:29:32,408 [Time-limited test] INFO  server.RaftServerConfigKeys (ConfUtils.java:logGet(46)) - raft.server.leaderelection.leader.step-down.wait-time = 10s (default)
2023-06-06 14:29:32,408 [Time-limited test] INFO  server.RaftServerConfigKeys (ConfUtils.java:logGet(46)) - raft.server.storage.dir = [/home/runner/work/ozone/ozone/hadoop-ozone/integration-test/target/test-dir/f0765346-5926-44ca-adb6-02491072f56a/scm-meta/scm-ha] (custom)
2023-06-06 14:29:32,410 [Time-limited test] INFO  server.RaftServer (RaftServerProxy.java:addNew(98)) - 27ebdc9f-e068-482e-8da2-72ccd7062401: addNew group-EE9C263DE2B2:[27ebdc9f-e068-482e-8da2-72ccd7062401|rpc:fv-az1133-973:9894|priority:0|startupRole:FOLLOWER] returns group-EE9C263DE2B2:java.util.concurrent.CompletableFuture@4bd771d0[Not completed]
2023-06-06 14:29:32,419 [27ebdc9f-e068-482e-8da2-72ccd7062401-groupManagement] INFO  server.RaftServer$Division (RaftServerImpl.java:<init>(198)) - 27ebdc9f-e068-482e-8da2-72ccd7062401: new RaftServerImpl for group-EE9C263DE2B2:[27ebdc9f-e068-482e-8da2-72ccd7062401|rpc:fv-az1133-973:9894|priority:0|startupRole:FOLLOWER] with SCMStateMachine:uninitialized
2023-06-06 14:29:32,419 [27ebdc9f-e068-482e-8da2-72ccd7062401-groupManagement] INFO  server.RaftServerConfigKeys (ConfUtils.java:logGet(46)) - raft.server.rpc.timeout.min = 5000ms (custom)
2023-06-06 14:29:32,419 [27ebdc9f-e068-482e-8da2-72ccd7062401-groupManagement] INFO  server.RaftServerConfigKeys (ConfUtils.java:logGet(46)) - raft.server.rpc.timeout.max = 5200ms (custom)
2023-06-06 14:29:32,419 [27ebdc9f-e068-482e-8da2-72ccd7062401-groupManagement] INFO  server.RaftServerConfigKeys (ConfUtils.java:logGet(46)) - raft.server.rpc.sleep.time = 25ms (default)
2023-06-06 14:29:32,419 [27ebdc9f-e068-482e-8da2-72ccd7062401-groupManagement] INFO  server.RaftServerConfigKeys (ConfUtils.java:logGet(46)) - raft.server.rpc.slowness.timeout = 120000ms (custom)
2023-06-06 14:29:32,419 [27ebdc9f-e068-482e-8da2-72ccd7062401-groupManagement] INFO  server.RaftServerConfigKeys (ConfUtils.java:logGet(46)) - raft.server.leaderelection.leader.step-down.wait-time = 10s (default)
2023-06-06 14:29:32,419 [27ebdc9f-e068-482e-8da2-72ccd7062401-groupManagement] INFO  server.RaftServerConfigKeys (ConfUtils.java:logGet(46)) - raft.server.sleep.deviation.threshold = 300ms (default)
2023-06-06 14:29:32,419 [27ebdc9f-e068-482e-8da2-72ccd7062401-groupManagement] INFO  server.RaftServer$Division (ServerState.java:<init>(120)) - 27ebdc9f-e068-482e-8da2-72ccd7062401@group-EE9C263DE2B2: ConfigurationManager, init=-1: peers:[27ebdc9f-e068-482e-8da2-72ccd7062401|rpc:fv-az1133-973:9894|priority:0|startupRole:FOLLOWER]|listeners:[], old=null, confs=<EMPTY_MAP>
2023-06-06 14:29:32,419 [27ebdc9f-e068-482e-8da2-72ccd7062401-groupManagement] INFO  server.RaftServerConfigKeys (ConfUtils.java:logGet(46)) - raft.server.storage.dir = [/home/runner/work/ozone/ozone/hadoop-ozone/integration-test/target/test-dir/f0765346-5926-44ca-adb6-02491072f56a/scm-meta/scm-ha] (custom)
2023-06-06 14:29:32,419 [27ebdc9f-e068-482e-8da2-72ccd7062401-groupManagement] INFO  server.RaftServerConfigKeys (ConfUtils.java:logGet(46)) - raft.server.log.corruption.policy = EXCEPTION (default)
2023-06-06 14:29:32,419 [27ebdc9f-e068-482e-8da2-72ccd7062401-groupManagement] INFO  server.RaftServerConfigKeys (ConfUtils.java:logGet(46)) - raft.server.storage.free-space.min = 0MB (=0) (default)
2023-06-06 14:29:32,419 [27ebdc9f-e068-482e-8da2-72ccd7062401-groupManagement] INFO  server.RaftServerConfigKeys (ConfUtils.java:logGet(46)) - raft.server.notification.no-leader.timeout = 60s (default)
2023-06-06 14:29:32,419 [27ebdc9f-e068-482e-8da2-72ccd7062401-groupManagement] INFO  server.RaftServerConfigKeys (ConfUtils.java:logGet(46)) - raft.server.read.timeout = 10s (default)
2023-06-06 14:29:32,420 [27ebdc9f-e068-482e-8da2-72ccd7062401-groupManagement] INFO  server.RaftServerConfigKeys (ConfUtils.java:logGet(46)) - raft.server.retrycache.expirytime = 60000ms (default)
2023-06-06 14:29:32,420 [27ebdc9f-e068-482e-8da2-72ccd7062401-groupManagement] INFO  server.RaftServerConfigKeys (ConfUtils.java:logGet(46)) - raft.server.retrycache.statistics.expirytime = 100μs (default)
2023-06-06 14:29:32,420 [27ebdc9f-e068-482e-8da2-72ccd7062401-groupManagement] INFO  server.RaftServerConfigKeys (ConfUtils.java:logGet(46)) - raft.server.read.option = DEFAULT (default)
2023-06-06 14:29:32,420 [27ebdc9f-e068-482e-8da2-72ccd7062401-groupManagement] INFO  server.RaftServerConfigKeys (ConfUtils.java:logGet(46)) - raft.server.rpc.request.timeout = 30000ms (custom)
2023-06-06 14:29:32,420 [27ebdc9f-e068-482e-8da2-72ccd7062401-groupManagement] INFO  server.RaftServerConfigKeys (ConfUtils.java:logGet(46)) - raft.server.log.appender.install.snapshot.enabled = false (custom)
2023-06-06 14:29:32,420 [27ebdc9f-e068-482e-8da2-72ccd7062401-groupManagement] INFO  server.RaftServerConfigKeys (ConfUtils.java:logGet(46)) - raft.server.threadpool.server.cached = true (default)
2023-06-06 14:29:32,420 [27ebdc9f-e068-482e-8da2-72ccd7062401-groupManagement] INFO  server.RaftServerConfigKeys (ConfUtils.java:logGet(46)) - raft.server.threadpool.server.size = 0 (default)
2023-06-06 14:29:32,420 [27ebdc9f-e068-482e-8da2-72ccd7062401-groupManagement] INFO  server.RaftServerConfigKeys (ConfUtils.java:logGet(46)) - raft.server.threadpool.client.cached = true (default)
2023-06-06 14:29:32,420 [27ebdc9f-e068-482e-8da2-72ccd7062401-groupManagement] INFO  server.RaftServerConfigKeys (ConfUtils.java:logGet(46)) - raft.server.threadpool.client.size = 0 (default)
2023-06-06 14:29:32,420 [27ebdc9f-e068-482e-8da2-72ccd7062401-impl-thread1] INFO  storage.RaftStorageDirectory (RaftStorageDirectoryImpl.java:analyzeStorage(137)) - The storage directory /home/runner/work/ozone/ozone/hadoop-ozone/integration-test/target/test-dir/f0765346-5926-44ca-adb6-02491072f56a/scm-meta/scm-ha/1f129a5f-8fcf-4f7b-a152-ee9c263de2b2 does not exist. Creating ...
2023-06-06 14:29:32,421 [27ebdc9f-e068-482e-8da2-72ccd7062401-impl-thread1] INFO  storage.RaftStorageDirectory (RaftStorageDirectoryImpl.java:tryLock(231)) - Lock on /home/runner/work/ozone/ozone/hadoop-ozone/integration-test/target/test-dir/f0765346-5926-44ca-adb6-02491072f56a/scm-meta/scm-ha/1f129a5f-8fcf-4f7b-a152-ee9c263de2b2/in_use.lock acquired by nodename 75814@fv-az1133-973
2023-06-06 14:29:32,422 [27ebdc9f-e068-482e-8da2-72ccd7062401-impl-thread1] INFO  storage.RaftStorage (RaftStorageImpl.java:format(96)) - Storage directory /home/runner/work/ozone/ozone/hadoop-ozone/integration-test/target/test-dir/f0765346-5926-44ca-adb6-02491072f56a/scm-meta/scm-ha/1f129a5f-8fcf-4f7b-a152-ee9c263de2b2 has been successfully formatted.
2023-06-06 14:29:32,423 [27ebdc9f-e068-482e-8da2-72ccd7062401-impl-thread1] INFO  server.RaftServerConfigKeys (ConfUtils.java:logGet(46)) - raft.server.log.use.memory = false (default)
2023-06-06 14:29:32,423 [27ebdc9f-e068-482e-8da2-72ccd7062401-impl-thread1] INFO  server.RaftServerConfigKeys (ConfUtils.java:logGet(46)) - raft.server.log.purge.gap = 1000000 (custom)
2023-06-06 14:29:32,423 [27ebdc9f-e068-482e-8da2-72ccd7062401-impl-thread1] INFO  server.RaftServerConfigKeys (ConfUtils.java:logGet(46)) - raft.server.log.appender.buffer.byte-limit = 33554432 (custom)
2023-06-06 14:29:32,423 [27ebdc9f-e068-482e-8da2-72ccd7062401-impl-thread1] INFO  server.RaftServerConfigKeys (ConfUtils.java:logGet(46)) - raft.server.log.statemachine.data.read.timeout = 1000ms (default)
2023-06-06 14:29:32,424 [27ebdc9f-e068-482e-8da2-72ccd7062401-impl-thread1] INFO  server.RaftServerConfigKeys (ConfUtils.java:logGet(46)) - raft.server.log.purge.preservation.log.num = 0 (default)
2023-06-06 14:29:32,424 [27ebdc9f-e068-482e-8da2-72ccd7062401-impl-thread1] INFO  server.RaftServerConfigKeys (ConfUtils.java:logGet(46)) - raft.server.log.segment.size.max = 4194304 (custom)
2023-06-06 14:29:32,424 [27ebdc9f-e068-482e-8da2-72ccd7062401-impl-thread1] INFO  server.RaftServerConfigKeys (ConfUtils.java:logGet(46)) - raft.server.log.segment.cache.num.max = 2 (custom)
2023-06-06 14:29:32,424 [27ebdc9f-e068-482e-8da2-72ccd7062401-impl-thread1] INFO  server.RaftServerConfigKeys (ConfUtils.java:logGet(46)) - raft.server.log.segment.cache.size.max = 200MB (=209715200) (default)
2023-06-06 14:29:32,424 [27ebdc9f-e068-482e-8da2-72ccd7062401-impl-thread1] INFO  server.RaftServerConfigKeys (ConfUtils.java:logGet(46)) - raft.server.log.appender.buffer.byte-limit = 33554432 (custom)
2023-06-06 14:29:32,424 [27ebdc9f-e068-482e-8da2-72ccd7062401-impl-thread1] INFO  segmented.SegmentedRaftLogWorker (SegmentedRaftLogWorker.java:<init>(188)) - new 27ebdc9f-e068-482e-8da2-72ccd7062401@group-EE9C263DE2B2-SegmentedRaftLogWorker for RaftStorageImpl:Storage Directory /home/runner/work/ozone/ozone/hadoop-ozone/integration-test/target/test-dir/f0765346-5926-44ca-adb6-02491072f56a/scm-meta/scm-ha/1f129a5f-8fcf-4f7b-a152-ee9c263de2b2
2023-06-06 14:29:32,424 [27ebdc9f-e068-482e-8da2-72ccd7062401-impl-thread1] INFO  server.RaftServerConfigKeys (ConfUtils.java:logGet(46)) - raft.server.log.queue.byte-limit = 64MB (=67108864) (default)
2023-06-06 14:29:32,424 [27ebdc9f-e068-482e-8da2-72ccd7062401-impl-thread1] INFO  server.RaftServerConfigKeys (ConfUtils.java:logGet(46)) - raft.server.log.queue.element-limit = 4096 (default)
2023-06-06 14:29:32,424 [27ebdc9f-e068-482e-8da2-72ccd7062401-impl-thread1] INFO  server.RaftServerConfigKeys (ConfUtils.java:logGet(46)) - raft.server.log.segment.size.max = 4194304 (custom)
2023-06-06 14:29:32,424 [27ebdc9f-e068-482e-8da2-72ccd7062401-impl-thread1] INFO  server.RaftServerConfigKeys (ConfUtils.java:logGet(46)) - raft.server.log.preallocated.size = 4194304 (custom)
2023-06-06 14:29:32,424 [27ebdc9f-e068-482e-8da2-72ccd7062401-impl-thread1] INFO  server.RaftServerConfigKeys (ConfUtils.java:logGet(46)) - raft.server.log.force.sync.num = 128 (default)
2023-06-06 14:29:32,424 [27ebdc9f-e068-482e-8da2-72ccd7062401-impl-thread1] INFO  server.RaftServerConfigKeys (ConfUtils.java:logGet(46)) - raft.server.log.statemachine.data.sync = true (default)
2023-06-06 14:29:32,424 [27ebdc9f-e068-482e-8da2-72ccd7062401-impl-thread1] INFO  server.RaftServerConfigKeys (ConfUtils.java:logGet(46)) - raft.server.log.statemachine.data.sync.timeout = 10s (default)
2023-06-06 14:29:32,424 [27ebdc9f-e068-482e-8da2-72ccd7062401-impl-thread1] INFO  server.RaftServerConfigKeys (ConfUtils.java:logGet(46)) - raft.server.log.statemachine.data.sync.timeout.retry = -1 (default)
2023-06-06 14:29:32,424 [27ebdc9f-e068-482e-8da2-72ccd7062401-impl-thread1] INFO  server.RaftServerConfigKeys (ConfUtils.java:logGet(46)) - raft.server.log.write.buffer.size = 64KB (=65536) (default)
2023-06-06 14:29:32,424 [27ebdc9f-e068-482e-8da2-72ccd7062401-impl-thread1] INFO  server.RaftServerConfigKeys (ConfUtils.java:logGet(46)) - raft.server.log.appender.buffer.byte-limit = 33554432 (custom)
2023-06-06 14:29:32,429 [27ebdc9f-e068-482e-8da2-72ccd7062401-impl-thread1] INFO  server.RaftServerConfigKeys (ConfUtils.java:logGet(46)) - raft.server.log.unsafe-flush.enabled = false (default)
2023-06-06 14:29:32,429 [27ebdc9f-e068-482e-8da2-72ccd7062401-impl-thread1] INFO  server.RaftServerConfigKeys (ConfUtils.java:logGet(46)) - raft.server.log.async-flush.enabled = false (default)
2023-06-06 14:29:32,429 [27ebdc9f-e068-482e-8da2-72ccd7062401-impl-thread1] INFO  server.RaftServerConfigKeys (ConfUtils.java:logGet(46)) - raft.server.log.statemachine.data.caching.enabled = false (default)
2023-06-06 14:29:32,429 [27ebdc9f-e068-482e-8da2-72ccd7062401-impl-thread1] INFO  segmented.SegmentedRaftLogWorker (SegmentedRaftLogWorker.java:lambda$new$0(135)) - 27ebdc9f-e068-482e-8da2-72ccd7062401@group-EE9C263DE2B2-SegmentedRaftLogWorker: flushIndex: setUnconditionally 0 -> -1
2023-06-06 14:29:32,429 [27ebdc9f-e068-482e-8da2-72ccd7062401-impl-thread1] INFO  segmented.SegmentedRaftLogWorker (SegmentedRaftLogWorker.java:lambda$new$0(135)) - 27ebdc9f-e068-482e-8da2-72ccd7062401@group-EE9C263DE2B2-SegmentedRaftLogWorker: safeCacheEvictIndex: setUnconditionally 0 -> -1
2023-06-06 14:29:32,430 [27ebdc9f-e068-482e-8da2-72ccd7062401-impl-thread1] INFO  server.RaftServer$Division (RaftServerImpl.java:start(342)) - 27ebdc9f-e068-482e-8da2-72ccd7062401@group-EE9C263DE2B2: start as a follower, conf=-1: peers:[27ebdc9f-e068-482e-8da2-72ccd7062401|rpc:fv-az1133-973:9894|priority:0|startupRole:FOLLOWER]|listeners:[], old=null
2023-06-06 14:29:32,430 [27ebdc9f-e068-482e-8da2-72ccd7062401-impl-thread1] INFO  server.RaftServer$Division (RaftServerImpl.java:setRole(329)) - 27ebdc9f-e068-482e-8da2-72ccd7062401@group-EE9C263DE2B2: changes role from      null to FOLLOWER at term 0 for startAsFollower
2023-06-06 14:29:32,430 [27ebdc9f-e068-482e-8da2-72ccd7062401-impl-thread1] INFO  impl.RoleInfo (RoleInfo.java:updateAndGet(139)) - 27ebdc9f-e068-482e-8da2-72ccd7062401: start 27ebdc9f-e068-482e-8da2-72ccd7062401@group-EE9C263DE2B2-FollowerState
2023-06-06 14:29:32,430 [27ebdc9f-e068-482e-8da2-72ccd7062401-impl-thread1] INFO  util.JmxRegister (JmxRegister.java:tryRegister(44)) - Successfully registered JMX Bean with object name Ratis:service=RaftServer,group=group-EE9C263DE2B2,id=27ebdc9f-e068-482e-8da2-72ccd7062401
2023-06-06 14:29:32,430 [27ebdc9f-e068-482e-8da2-72ccd7062401-impl-thread1] INFO  server.RaftServerConfigKeys (ConfUtils.java:logGet(46)) - raft.server.snapshot.auto.trigger.enabled = true (custom)
2023-06-06 14:29:32,430 [27ebdc9f-e068-482e-8da2-72ccd7062401-impl-thread1] INFO  server.RaftServerConfigKeys (ConfUtils.java:logGet(46)) - raft.server.snapshot.auto.trigger.threshold = 1000 (custom)
2023-06-06 14:29:32,430 [27ebdc9f-e068-482e-8da2-72ccd7062401-impl-thread1] INFO  server.RaftServerConfigKeys (ConfUtils.java:logGet(46)) - raft.server.snapshot.retention.file.num = -1 (default)
2023-06-06 14:29:32,430 [27ebdc9f-e068-482e-8da2-72ccd7062401-impl-thread1] INFO  server.RaftServerConfigKeys (ConfUtils.java:logGet(46)) - raft.server.log.purge.upto.snapshot.index = false (default)
2023-06-06 14:29:32,430 [27ebdc9f-e068-482e-8da2-72ccd7062401@group-EE9C263DE2B2-FollowerState] INFO  server.RaftServerConfigKeys (ConfUtils.java:logFallback(53)) - raft.server.rpc.first-election.timeout.min = 5000ms (fallback to raft.server.rpc.timeout.min)
2023-06-06 14:29:32,430 [27ebdc9f-e068-482e-8da2-72ccd7062401@group-EE9C263DE2B2-FollowerState] INFO  server.RaftServerConfigKeys (ConfUtils.java:logFallback(53)) - raft.server.rpc.first-election.timeout.max = 5200ms (fallback to raft.server.rpc.timeout.max)
2023-06-06 14:29:32,430 [Time-limited test] INFO  server.RaftServer (RaftServerProxy.java:startImpl(400)) - 27ebdc9f-e068-482e-8da2-72ccd7062401: start RPC server
2023-06-06 14:29:32,431 [Time-limited test] INFO  server.GrpcService (GrpcService.java:startImpl(302)) - 27ebdc9f-e068-482e-8da2-72ccd7062401: GrpcService started, listening on 9894
2023-06-06 14:29:32,432 [JvmPauseMonitor32] INFO  util.JvmPauseMonitor (JvmPauseMonitor.java:run(103)) - JvmPauseMonitor-27ebdc9f-e068-482e-8da2-72ccd7062401: Started
2023-06-06 14:29:37,470 [27ebdc9f-e068-482e-8da2-72ccd7062401@group-EE9C263DE2B2-FollowerState] INFO  impl.FollowerState (FollowerState.java:run(143)) - 27ebdc9f-e068-482e-8da2-72ccd7062401@group-EE9C263DE2B2-FollowerState: change to CANDIDATE, lastRpcElapsedTime:5039998841ns, electionTimeout:5039ms
2023-06-06 14:29:37,470 [27ebdc9f-e068-482e-8da2-72ccd7062401@group-EE9C263DE2B2-FollowerState] INFO  impl.RoleInfo (RoleInfo.java:shutdownFollowerState(110)) - 27ebdc9f-e068-482e-8da2-72ccd7062401: shutdown 27ebdc9f-e068-482e-8da2-72ccd7062401@group-EE9C263DE2B2-FollowerState
2023-06-06 14:29:37,470 [27ebdc9f-e068-482e-8da2-72ccd7062401@group-EE9C263DE2B2-FollowerState] INFO  server.RaftServer$Division (RaftServerImpl.java:setRole(329)) - 27ebdc9f-e068-482e-8da2-72ccd7062401@group-EE9C263DE2B2: changes role from  FOLLOWER to CANDIDATE at term 0 for changeToCandidate
2023-06-06 14:29:37,470 [27ebdc9f-e068-482e-8da2-72ccd7062401@group-EE9C263DE2B2-FollowerState] INFO  server.RaftServerConfigKeys (ConfUtils.java:logGet(46)) - raft.server.leaderelection.pre-vote = true (default)
2023-06-06 14:29:37,470 [27ebdc9f-e068-482e-8da2-72ccd7062401@group-EE9C263DE2B2-FollowerState] INFO  impl.RoleInfo (RoleInfo.java:updateAndGet(139)) - 27ebdc9f-e068-482e-8da2-72ccd7062401: start 27ebdc9f-e068-482e-8da2-72ccd7062401@group-EE9C263DE2B2-LeaderElection43
2023-06-06 14:29:37,474 [27ebdc9f-e068-482e-8da2-72ccd7062401@group-EE9C263DE2B2-LeaderElection43] INFO  impl.LeaderElection (LeaderElection.java:askForVotes(321)) - 27ebdc9f-e068-482e-8da2-72ccd7062401@group-EE9C263DE2B2-LeaderElection43 PRE_VOTE round 0: submit vote requests at term 0 for -1: peers:[27ebdc9f-e068-482e-8da2-72ccd7062401|rpc:fv-az1133-973:9894|priority:0|startupRole:FOLLOWER]|listeners:[], old=null
2023-06-06 14:29:37,474 [27ebdc9f-e068-482e-8da2-72ccd7062401@group-EE9C263DE2B2-LeaderElection43] INFO  impl.LeaderElection (LeaderElection.java:askForVotes(323)) - 27ebdc9f-e068-482e-8da2-72ccd7062401@group-EE9C263DE2B2-LeaderElection43 PRE_VOTE round 0: result PASSED (term=0)
2023-06-06 14:29:37,476 [27ebdc9f-e068-482e-8da2-72ccd7062401@group-EE9C263DE2B2-LeaderElection43] INFO  impl.LeaderElection (LeaderElection.java:askForVotes(321)) - 27ebdc9f-e068-482e-8da2-72ccd7062401@group-EE9C263DE2B2-LeaderElection43 ELECTION round 0: submit vote requests at term 1 for -1: peers:[27ebdc9f-e068-482e-8da2-72ccd7062401|rpc:fv-az1133-973:9894|priority:0|startupRole:FOLLOWER]|listeners:[], old=null
2023-06-06 14:29:37,476 [27ebdc9f-e068-482e-8da2-72ccd7062401@group-EE9C263DE2B2-LeaderElection43] INFO  impl.LeaderElection (LeaderElection.java:askForVotes(323)) - 27ebdc9f-e068-482e-8da2-72ccd7062401@group-EE9C263DE2B2-LeaderElection43 ELECTION round 0: result PASSED (term=1)
2023-06-06 14:29:37,476 [27ebdc9f-e068-482e-8da2-72ccd7062401@group-EE9C263DE2B2-LeaderElection43] INFO  impl.RoleInfo (RoleInfo.java:shutdownLeaderElection(130)) - 27ebdc9f-e068-482e-8da2-72ccd7062401: shutdown 27ebdc9f-e068-482e-8da2-72ccd7062401@group-EE9C263DE2B2-LeaderElection43
2023-06-06 14:29:37,476 [27ebdc9f-e068-482e-8da2-72ccd7062401@group-EE9C263DE2B2-LeaderElection43] INFO  server.RaftServer$Division (RaftServerImpl.java:setRole(329)) - 27ebdc9f-e068-482e-8da2-72ccd7062401@group-EE9C263DE2B2: changes role from CANDIDATE to LEADER at term 1 for changeToLeader
2023-06-06 14:29:37,476 [27ebdc9f-e068-482e-8da2-72ccd7062401@group-EE9C263DE2B2-LeaderElection43] INFO  server.RaftServer$Division (ServerState.java:setLeader(317)) - 27ebdc9f-e068-482e-8da2-72ccd7062401@group-EE9C263DE2B2: change Leader from null to 27ebdc9f-e068-482e-8da2-72ccd7062401 at term 1 for becomeLeader, leader elected after 5056ms
2023-06-06 14:29:37,476 [27ebdc9f-e068-482e-8da2-72ccd7062401@group-EE9C263DE2B2-LeaderElection43] INFO  server.RaftServerConfigKeys (ConfUtils.java:logGet(46)) - raft.server.staging.catchup.gap = 1000 (default)
2023-06-06 14:29:37,476 [27ebdc9f-e068-482e-8da2-72ccd7062401@group-EE9C263DE2B2-LeaderElection43] INFO  server.RaftServerConfigKeys (ConfUtils.java:logGet(46)) - raft.server.write.element-limit = 4096 (default)
2023-06-06 14:29:37,476 [27ebdc9f-e068-482e-8da2-72ccd7062401@group-EE9C263DE2B2-LeaderElection43] INFO  server.RaftServerConfigKeys (ConfUtils.java:logGet(46)) - raft.server.write.byte-limit = 64MB (=67108864) (default)
2023-06-06 14:29:37,476 [27ebdc9f-e068-482e-8da2-72ccd7062401@group-EE9C263DE2B2-LeaderElection43] INFO  server.RaftServerConfigKeys (ConfUtils.java:logGet(46)) - raft.server.watch.timeout = 10s (default)
2023-06-06 14:29:37,476 [27ebdc9f-e068-482e-8da2-72ccd7062401@group-EE9C263DE2B2-LeaderElection43] INFO  server.RaftServerConfigKeys (ConfUtils.java:logGet(46)) - raft.server.watch.timeout.denomination = 1s (default)
2023-06-06 14:29:37,476 [27ebdc9f-e068-482e-8da2-72ccd7062401@group-EE9C263DE2B2-LeaderElection43] INFO  server.RaftServerConfigKeys (ConfUtils.java:logGet(46)) - raft.server.watch.element-limit = 65536 (default)
2023-06-06 14:29:37,476 [27ebdc9f-e068-482e-8da2-72ccd7062401@group-EE9C263DE2B2-LeaderElection43] INFO  server.RaftServerConfigKeys (ConfUtils.java:logGet(46)) - raft.server.write.element-limit = 4096 (default)
2023-06-06 14:29:37,476 [27ebdc9f-e068-482e-8da2-72ccd7062401@group-EE9C263DE2B2-LeaderElection43] INFO  server.RaftServerConfigKeys (ConfUtils.java:logGet(46)) - raft.server.write.follower.gap.ratio.max = -1.0 (default)
2023-06-06 14:29:37,477 [27ebdc9f-e068-482e-8da2-72ccd7062401@group-EE9C263DE2B2-LeaderElection43] INFO  impl.RoleInfo (RoleInfo.java:updateAndGet(139)) - 27ebdc9f-e068-482e-8da2-72ccd7062401: start 27ebdc9f-e068-482e-8da2-72ccd7062401@group-EE9C263DE2B2-LeaderStateImpl
2023-06-06 14:29:37,477 [27ebdc9f-e068-482e-8da2-72ccd7062401@group-EE9C263DE2B2-LeaderElection43] INFO  segmented.SegmentedRaftLogWorker (SegmentedRaftLogWorker.java:startLogSegment(447)) - 27ebdc9f-e068-482e-8da2-72ccd7062401@group-EE9C263DE2B2-SegmentedRaftLogWorker: Starting segment from index:0
2023-06-06 14:29:37,477 [27ebdc9f-e068-482e-8da2-72ccd7062401@group-EE9C263DE2B2-LeaderElection43] INFO  server.RaftServer$Division (ServerState.java:setRaftConf(434)) - 27ebdc9f-e068-482e-8da2-72ccd7062401@group-EE9C263DE2B2: set configuration 0: peers:[27ebdc9f-e068-482e-8da2-72ccd7062401|rpc:fv-az1133-973:9894|admin:|client:|dataStream:|priority:0|startupRole:FOLLOWER]|listeners:[], old=null
2023-06-06 14:29:37,487 [27ebdc9f-e068-482e-8da2-72ccd7062401@group-EE9C263DE2B2-SegmentedRaftLogWorker] INFO  segmented.SegmentedRaftLogWorker (SegmentedRaftLogWorker.java:execute(651)) - 27ebdc9f-e068-482e-8da2-72ccd7062401@group-EE9C263DE2B2-SegmentedRaftLogWorker: created new log segment /home/runner/work/ozone/ozone/hadoop-ozone/integration-test/target/test-dir/f0765346-5926-44ca-adb6-02491072f56a/scm-meta/scm-ha/1f129a5f-8fcf-4f7b-a152-ee9c263de2b2/current/log_inprogress_0
2023-06-06 14:29:38,432 [Time-limited test] INFO  server.RaftServer (RaftServerProxy.java:lambda$close$6(416)) - 27ebdc9f-e068-482e-8da2-72ccd7062401: close
2023-06-06 14:29:38,433 [Time-limited test] INFO  server.GrpcService (GrpcService.java:closeImpl(311)) - 27ebdc9f-e068-482e-8da2-72ccd7062401: shutdown server GrpcServerProtocolService now
2023-06-06 14:29:38,433 [27ebdc9f-e068-482e-8da2-72ccd7062401-impl-thread1] INFO  server.RaftServer$Division (RaftServerImpl.java:lambda$close$4(466)) - 27ebdc9f-e068-482e-8da2-72ccd7062401@group-EE9C263DE2B2: shutdown
2023-06-06 14:29:38,433 [27ebdc9f-e068-482e-8da2-72ccd7062401-impl-thread1] INFO  util.JmxRegister (JmxRegister.java:unregister(73)) - Successfully un-registered JMX Bean with object name Ratis:service=RaftServer,group=group-EE9C263DE2B2,id=27ebdc9f-e068-482e-8da2-72ccd7062401
2023-06-06 14:29:38,433 [27ebdc9f-e068-482e-8da2-72ccd7062401-impl-thread1] INFO  impl.RoleInfo (RoleInfo.java:shutdownLeaderState(93)) - 27ebdc9f-e068-482e-8da2-72ccd7062401: shutdown 27ebdc9f-e068-482e-8da2-72ccd7062401@group-EE9C263DE2B2-LeaderStateImpl
2023-06-06 14:29:38,433 [27ebdc9f-e068-482e-8da2-72ccd7062401-impl-thread1] INFO  impl.PendingRequests (PendingRequests.java:sendNotLeaderResponses(289)) - 27ebdc9f-e068-482e-8da2-72ccd7062401@group-EE9C263DE2B2-PendingRequests: sendNotLeaderResponses
2023-06-06 14:29:38,433 [27ebdc9f-e068-482e-8da2-72ccd7062401-impl-thread1] INFO  impl.StateMachineUpdater (StateMachineUpdater.java:stopAndJoin(155)) - 27ebdc9f-e068-482e-8da2-72ccd7062401@group-EE9C263DE2B2-StateMachineUpdater: set stopIndex = 0
2023-06-06 14:29:38,434 [27ebdc9f-e068-482e-8da2-72ccd7062401@group-EE9C263DE2B2-StateMachineUpdater] INFO  impl.StateMachineUpdater (StateMachineUpdater.java:takeSnapshot(291)) - 27ebdc9f-e068-482e-8da2-72ccd7062401@group-EE9C263DE2B2-StateMachineUpdater: Took a snapshot at index 0
2023-06-06 14:29:38,434 [27ebdc9f-e068-482e-8da2-72ccd7062401@group-EE9C263DE2B2-StateMachineUpdater] INFO  impl.StateMachineUpdater (StateMachineUpdater.java:lambda$new$0(97)) - 27ebdc9f-e068-482e-8da2-72ccd7062401@group-EE9C263DE2B2-StateMachineUpdater: snapshotIndex: updateIncreasingly -1 -> 0
2023-06-06 14:29:38,434 [27ebdc9f-e068-482e-8da2-72ccd7062401-impl-thread1] INFO  server.RaftServer$Division (ServerState.java:close(472)) - 27ebdc9f-e068-482e-8da2-72ccd7062401@group-EE9C263DE2B2: closes. applyIndex: 0
2023-06-06 14:29:38,434 [Time-limited test] INFO  server.GrpcService (GrpcService.java:closeImpl(320)) - 27ebdc9f-e068-482e-8da2-72ccd7062401: shutdown server GrpcServerProtocolService successfully
2023-06-06 14:29:38,489 [27ebdc9f-e068-482e-8da2-72ccd7062401-impl-thread1] INFO  segmented.SegmentedRaftLogWorker (SegmentedRaftLogWorker.java:close(252)) - 27ebdc9f-e068-482e-8da2-72ccd7062401@group-EE9C263DE2B2-SegmentedRaftLogWorker close()
2023-06-06 14:29:38,489 [JvmPauseMonitor32] INFO  util.JvmPauseMonitor (JvmPauseMonitor.java:run(109)) - JvmPauseMonitor-27ebdc9f-e068-482e-8da2-72ccd7062401: Stopped
2023-06-06 14:29:38,489 [Time-limited test] WARN  server.ServerUtils (ServerUtils.java:getScmDbDir(155)) - ozone.scm.db.dirs is not configured. We recommend adding this setting. Falling back to ozone.metadata.dirs instead.
2023-06-06 14:29:38,491 [Time-limited test] INFO  server.StorageContainerManager (StorageContainerManager.java:scmInit(1275)) - SCM initialization succeeded. Current cluster id for sd=/home/runner/work/ozone/ozone/hadoop-ozone/integration-test/target/test-dir/f0765346-5926-44ca-adb6-02491072f56a/scm-meta/scm; cid=1f129a5f-8fcf-4f7b-a152-ee9c263de2b2; layoutVersion=7; scmId=27ebdc9f-e068-482e-8da2-72ccd7062401
2023-06-06 14:29:38,491 [Time-limited test] WARN  server.ServerUtils (ServerUtils.java:getScmDbDir(155)) - ozone.scm.db.dirs is not configured. We recommend adding this setting. Falling back to ozone.metadata.dirs instead.
2023-06-06 14:29:38,491 [Time-limited test] WARN  server.ServerUtils (ServerUtils.java:getScmDbDir(155)) - ozone.scm.db.dirs is not configured. We recommend adding this setting. Falling back to ozone.metadata.dirs instead.
2023-06-06 14:29:38,491 [Time-limited test] INFO  ha.SCMHANodeDetails (SCMHANodeDetails.java:loadSCMHAConfig(209)) - ServiceID for StorageContainerManager is null
2023-06-06 14:29:38,491 [Time-limited test] INFO  ha.SCMHANodeDetails (SCMHANodeDetails.java:loadSCMHAConfig(214)) - ozone.scm.default.service.id is not defined, falling back to ozone.scm.service.ids to find serviceID for StorageContainerManager if it is HA enabled cluster
2023-06-06 14:29:38,492 [Time-limited test] INFO  upgrade.AbstractLayoutVersionManager (AbstractLayoutVersionManager.java:init(83)) - Initializing Layout version manager with metadata layout = HADOOP_PRC_PORTS_IN_DATANODEDETAILS (version = 7), software layout = HADOOP_PRC_PORTS_IN_DATANODEDETAILS (version = 7)
2023-06-06 14:29:38,493 [Time-limited test] INFO  server.StorageContainerManager (StorageContainerManager.java:scmInit(1307)) - SCM already initialized. Reusing existing cluster id for sd=/home/runner/work/ozone/ozone/hadoop-ozone/integration-test/target/test-dir/f0765346-5926-44ca-adb6-02491072f56a/scm-meta/scm;cid=1f129a5f-8fcf-4f7b-a152-ee9c263de2b2; layoutVersion=7; HAEnabled=true
]]></system-out>
  </testcase>
  <testcase name="testContainerReportQueueTakingMoreTime" classname="org.apache.hadoop.ozone.TestStorageContainerManager" time="3.007">
    <system-out><![CDATA[2023-06-06 14:29:39,504 [FixedThreadPoolWithAffinityExecutor-0-0] WARN  events.FixedThreadPoolWithAffinityExecutor (FixedThreadPoolWithAffinityExecutor.java:run(283)) - Event taken long execution time 1003 millisec, 874a929c-fcef-47d6-9438-50fab05bf366(null/null), {type: FCR, size: 0}
2023-06-06 14:29:39,504 [FixedThreadPoolWithAffinityExecutor-0-0] WARN  events.FixedThreadPoolWithAffinityExecutor (FixedThreadPoolWithAffinityExecutor.java:run(270)) - Event remained in queue for long time 1003 millisec, 5d9ea341-1690-4d01-a560-9cc05070fd8b(null/null), {type: FCR, size: 0}
2023-06-06 14:29:40,504 [FixedThreadPoolWithAffinityExecutor-0-0] WARN  events.FixedThreadPoolWithAffinityExecutor (FixedThreadPoolWithAffinityExecutor.java:run(283)) - Event taken long execution time 2003 millisec, 5d9ea341-1690-4d01-a560-9cc05070fd8b(null/null), {type: FCR, size: 0}
]]></system-out>
  </testcase>
  <testcase name="testScmProcessDatanodeHeartbeat" classname="org.apache.hadoop.ozone.TestStorageContainerManager" time="29.044">
    <system-out><![CDATA[2023-06-06 14:29:41,520 [Time-limited test] WARN  server.ServerUtils (ServerUtils.java:getScmDbDir(155)) - ozone.scm.db.dirs is not configured. We recommend adding this setting. Falling back to ozone.metadata.dirs instead.
2023-06-06 14:29:41,522 [Time-limited test] WARN  server.ServerUtils (ServerUtils.java:getScmDbDir(155)) - ozone.scm.db.dirs is not configured. We recommend adding this setting. Falling back to ozone.metadata.dirs instead.
2023-06-06 14:29:41,522 [Time-limited test] INFO  ha.SCMHANodeDetails (SCMHANodeDetails.java:loadSCMHAConfig(209)) - ServiceID for StorageContainerManager is null
2023-06-06 14:29:41,522 [Time-limited test] WARN  ha.SCMHANodeDetails (SCMHANodeDetails.java:validateSCMHAConfig(182)) - Invalid config ozone.scm.ratis.enable. The config was not specified, but the default value true conflicts with the expected config value false. Falling back to the expected value. Current State of SCM: SCM is running in Non-HA without Ratis Ratis SCM -> Non Ratis SCM or Non HA SCM -> HA SCM is not supported
2023-06-06 14:29:41,522 [Time-limited test] INFO  ha.SCMHANodeDetails (SCMHANodeDetails.java:loadSCMHAConfig(214)) - ozone.scm.default.service.id is not defined, falling back to ozone.scm.service.ids to find serviceID for StorageContainerManager if it is HA enabled cluster
2023-06-06 14:29:41,523 [Time-limited test] WARN  utils.HAUtils (HAUtils.java:getMetaDir(352)) - ozone.scm.db.dirs is not configured. We recommend adding this setting. Falling back to ozone.metadata.dirs instead.
2023-06-06 14:29:41,523 [Time-limited test] WARN  db.DBStoreBuilder (DBStoreBuilder.java:applyDBDefinition(165)) - ozone.scm.db.dirs is not configured. We recommend adding this setting. Falling back to ozone.metadata.dirs instead.
2023-06-06 14:29:41,612 [Time-limited test] INFO  net.NodeSchemaLoader (NodeSchemaLoader.java:loadSchemaFromFile(129)) - Loading schema from [jar:file:/home/runner/.m2/repository/org/apache/ozone/hdds-common/1.4.0-SNAPSHOT/hdds-common-1.4.0-SNAPSHOT.jar!/network-topology-default.xml]
2023-06-06 14:29:41,612 [Time-limited test] INFO  net.NodeSchemaLoader (NodeSchemaLoader.java:loadSchema(176)) - Loading network topology layer schema file
2023-06-06 14:29:41,615 [Time-limited test] INFO  upgrade.AbstractLayoutVersionManager (AbstractLayoutVersionManager.java:init(83)) - Initializing Layout version manager with metadata layout = HADOOP_PRC_PORTS_IN_DATANODEDETAILS (version = 7), software layout = HADOOP_PRC_PORTS_IN_DATANODEDETAILS (version = 7)
2023-06-06 14:29:41,616 [Time-limited test] INFO  ha.SequenceIdGenerator (SequenceIdGenerator.java:upgradeToSequenceId(349)) - upgrade localId to 111677748019200000
2023-06-06 14:29:41,616 [Time-limited test] INFO  ha.SequenceIdGenerator (SequenceIdGenerator.java:upgradeToSequenceId(359)) - upgrade delTxnId to 0
2023-06-06 14:29:41,616 [Time-limited test] INFO  ha.SequenceIdGenerator (SequenceIdGenerator.java:upgradeToSequenceId(376)) - upgrade containerId to 0
2023-06-06 14:29:41,616 [Time-limited test] INFO  ha.SequenceIdGenerator (SequenceIdGenerator.java:<init>(220)) - Init the HA SequenceIdGenerator.
2023-06-06 14:29:41,617 [Time-limited test] WARN  server.ServerUtils (ServerUtils.java:sanitizeUserArgs(80)) - ozone.scm.stale.node.interval value = 300000 is larger than max = 100000 based on the key value of ozone.scm.heartbeat.thread.interval, reset to the max value 100000.
2023-06-06 14:29:41,617 [Time-limited test] WARN  server.ServerUtils (ServerUtils.java:sanitizeUserArgs(80)) - ozone.scm.stale.node.interval value = 300000 is larger than max = 100000 based on the key value of ozone.scm.heartbeat.thread.interval, reset to the max value 100000.
2023-06-06 14:29:41,617 [Time-limited test] INFO  node.SCMNodeManager (SCMNodeManager.java:<init>(159)) - Entering startup safe mode.
2023-06-06 14:29:41,618 [Time-limited test] INFO  Configuration.deprecation (Configuration.java:logDeprecation(1442)) - hadoop.configured.node.mapping is deprecated. Instead, use net.topology.configured.node.mapping
2023-06-06 14:29:41,618 [Time-limited test] INFO  algorithms.ContainerPlacementPolicyFactory (ContainerPlacementPolicyFactory.java:getPolicyInternal(86)) - Create container placement policy of type org.apache.hadoop.hdds.scm.container.placement.algorithms.SCMContainerPlacementRackAware
2023-06-06 14:29:41,618 [Time-limited test] INFO  algorithms.ContainerPlacementPolicyFactory (ContainerPlacementPolicyFactory.java:getPolicyInternal(86)) - Create container placement policy of type org.apache.hadoop.hdds.scm.container.placement.algorithms.SCMContainerPlacementRackScatter
2023-06-06 14:29:41,618 [Time-limited test] INFO  pipeline.PipelineStateManagerImpl (PipelineStateManagerImpl.java:initialize(78)) - No pipeline exists in current db
2023-06-06 14:29:41,618 [Time-limited test] INFO  algorithms.LeaderChoosePolicyFactory (LeaderChoosePolicyFactory.java:getPolicy(57)) - Create leader choose policy of type org.apache.hadoop.hdds.scm.pipeline.leader.choose.algorithms.MinLeaderCountChoosePolicy
2023-06-06 14:29:41,618 [Time-limited test] INFO  algorithms.ContainerPlacementPolicyFactory (ContainerPlacementPolicyFactory.java:getPolicyInternal(86)) - Create container placement policy of type org.apache.hadoop.hdds.scm.container.placement.algorithms.SCMContainerPlacementRackScatter
2023-06-06 14:29:41,619 [Time-limited test] INFO  ha.SCMServiceManager (SCMServiceManager.java:register(42)) - Registering service BackgroundPipelineCreator.
2023-06-06 14:29:41,619 [Time-limited test] INFO  pipeline.BackgroundPipelineCreator (BackgroundPipelineCreator.java:start(124)) - Starting RatisPipelineUtilsThread.
2023-06-06 14:29:41,620 [Time-limited test] INFO  BackgroundPipelineScrubber (BackgroundSCMService.java:start(68)) - Starting BackgroundPipelineScrubber Service.
2023-06-06 14:29:41,621 [Time-limited test] INFO  ha.SCMServiceManager (SCMServiceManager.java:register(42)) - Registering service BackgroundPipelineScrubber.
2023-06-06 14:29:41,621 [Time-limited test] INFO  ExpiredContainerReplicaOpScrubber (BackgroundSCMService.java:start(68)) - Starting ExpiredContainerReplicaOpScrubber Service.
2023-06-06 14:29:41,621 [Time-limited test] INFO  ha.SCMServiceManager (SCMServiceManager.java:register(42)) - Registering service ExpiredContainerReplicaOpScrubber.
2023-06-06 14:29:41,622 [Time-limited test] INFO  algorithms.PipelineChoosePolicyFactory (PipelineChoosePolicyFactory.java:createPipelineChoosePolicyFromClass(73)) - Create pipeline choose policy of type org.apache.hadoop.hdds.scm.pipeline.choose.algorithms.RandomPipelineChoosePolicy
2023-06-06 14:29:41,622 [Time-limited test] INFO  ha.SCMServiceManager (SCMServiceManager.java:register(42)) - Registering service SCMBlockDeletingService.
2023-06-06 14:29:41,622 [Time-limited test] INFO  replication.ReplicationManager (ReplicationManager.java:start(299)) - Starting Replication Monitor Thread.
2023-06-06 14:29:41,623 [Time-limited test] INFO  ha.SCMServiceManager (SCMServiceManager.java:register(42)) - Registering service ReplicationManager.
2023-06-06 14:29:41,623 [Time-limited test] INFO  safemode.ContainerSafeModeRule (ContainerSafeModeRule.java:<init>(89)) - containers with one replica threshold count 0
2023-06-06 14:29:41,623 [Time-limited test] INFO  safemode.HealthyPipelineSafeModeRule (HealthyPipelineSafeModeRule.java:initializeRule(169)) - Total pipeline count is 0, healthy pipeline threshold count is 1
2023-06-06 14:29:41,623 [Time-limited test] INFO  safemode.OneReplicaPipelineSafeModeRule (OneReplicaPipelineSafeModeRule.java:initializeRule(180)) - Total pipeline count is 0, pipeline's with at least one datanode reported threshold count is 0
2023-06-06 14:29:41,624 [Time-limited test] INFO  server.StorageContainerManager (StorageContainerManager.java:<init>(404)) - SCM start with adminUsers: [runner]
2023-06-06 14:29:41,624 [Time-limited test] INFO  ipc.CallQueueManager (CallQueueManager.java:<init>(90)) - Using callQueue: class java.util.concurrent.LinkedBlockingQueue, queueCapacity: 2000, scheduler: class org.apache.hadoop.ipc.DefaultRpcScheduler, ipcBackoff: false.
2023-06-06 14:29:41,624 [Socket Reader #1 for port 15211] INFO  ipc.Server (Server.java:run(1319)) - Starting Socket Reader #1 for port 15211
2023-06-06 14:29:41,625 [Listener at 0.0.0.0/15211] INFO  hdds.HddsUtils (HddsUtils.java:preserveThreadName(843)) - Restoring thread name: Time-limited test
2023-06-06 14:29:41,625 [Time-limited test] INFO  ipc.CallQueueManager (CallQueueManager.java:<init>(90)) - Using callQueue: class java.util.concurrent.LinkedBlockingQueue, queueCapacity: 2000, scheduler: class org.apache.hadoop.ipc.DefaultRpcScheduler, ipcBackoff: false.
2023-06-06 14:29:41,630 [ReplicationMonitor] INFO  replication.ReplicationManager (ReplicationManager.java:processAll(374)) - Replication Manager is not ready to run until 3000ms after safemode exit
2023-06-06 14:29:41,630 [Socket Reader #1 for port 15210] INFO  ipc.Server (Server.java:run(1319)) - Starting Socket Reader #1 for port 15210
2023-06-06 14:29:41,633 [Listener at 0.0.0.0/15210] INFO  hdds.HddsUtils (HddsUtils.java:preserveThreadName(843)) - Restoring thread name: Time-limited test
2023-06-06 14:29:41,633 [Time-limited test] INFO  ipc.CallQueueManager (CallQueueManager.java:<init>(90)) - Using callQueue: class java.util.concurrent.LinkedBlockingQueue, queueCapacity: 2000, scheduler: class org.apache.hadoop.ipc.DefaultRpcScheduler, ipcBackoff: false.
2023-06-06 14:29:41,633 [Socket Reader #1 for port 15209] INFO  ipc.Server (Server.java:run(1319)) - Starting Socket Reader #1 for port 15209
2023-06-06 14:29:41,634 [Listener at 0.0.0.0/15209] INFO  hdds.HddsUtils (HddsUtils.java:preserveThreadName(843)) - Restoring thread name: Time-limited test
2023-06-06 14:29:41,637 [Time-limited test] INFO  ha.SCMServiceManager (SCMServiceManager.java:register(42)) - Registering service ContainerBalancer.
2023-06-06 14:29:41,637 [Time-limited test] INFO  server.StorageContainerManager (StorageContainerManager.java:<init>(416)) - 
Container Balancer status:
Key                            Value
Running                        false
Container Balancer Configuration values:
Key                                                Value
Threshold                                          10
Max Datanodes to Involve per Iteration(percent)    20
Max Size to Move per Iteration                     500GB
Max Size Entering Target per Iteration             26GB
Max Size Leaving Source per Iteration              26GB

2023-06-06 14:29:41,637 [Time-limited test] INFO  ha.SCMContext (SCMContext.java:updateSafeModeStatus(228)) - Update SafeModeStatus from SafeModeStatus{safeModeStatus=true, preCheckPassed=false} to SafeModeStatus{safeModeStatus=true, preCheckPassed=false}.
2023-06-06 14:29:41,638 [Time-limited test] INFO  server.StorageContainerManager (StorageContainerManager.java:start(1468)) - StorageContainerLocationProtocol RPC server is listening at /0.0.0.0:15209
2023-06-06 14:29:41,639 [Time-limited test] WARN  impl.MetricsConfig (MetricsConfig.java:loadFirst(136)) - Cannot locate configuration: tried hadoop-metrics2-storagecontainermanager.properties,hadoop-metrics2.properties
2023-06-06 14:29:41,642 [Time-limited test] INFO  impl.MetricsSystemImpl (MetricsSystemImpl.java:startTimer(378)) - Scheduled Metric snapshot period at 10 second(s).
2023-06-06 14:29:41,642 [Time-limited test] INFO  impl.MetricsSystemImpl (MetricsSystemImpl.java:start(191)) - StorageContainerManager metrics system started
2023-06-06 14:29:41,655 [Time-limited test] INFO  impl.MetricsSinkAdapter (MetricsSinkAdapter.java:start(204)) - Sink prometheus started
2023-06-06 14:29:41,656 [Time-limited test] INFO  impl.MetricsSystemImpl (MetricsSystemImpl.java:registerSink(305)) - Registered sink prometheus
2023-06-06 14:29:41,671 [Time-limited test] INFO  server.SCMClientProtocolServer (SCMClientProtocolServer.java:start(199)) - RPC server for Client  is listening at /0.0.0.0:15209
2023-06-06 14:29:41,671 [IPC Server Responder] INFO  ipc.Server (Server.java:run(1558)) - IPC Server Responder: starting
2023-06-06 14:29:41,674 [IPC Server listener on 15209] INFO  ipc.Server (Server.java:run(1398)) - IPC Server listener on 15209: starting
2023-06-06 14:29:41,677 [Time-limited test] INFO  server.StorageContainerManager (StorageContainerManager.java:start(1482)) - ScmBlockLocationProtocol RPC server is listening at /0.0.0.0:15210
2023-06-06 14:29:41,677 [Time-limited test] INFO  server.SCMBlockProtocolServer (SCMBlockProtocolServer.java:start(152)) - RPC server for Block Protocol is listening at /0.0.0.0:15210
2023-06-06 14:29:41,678 [IPC Server Responder] INFO  ipc.Server (Server.java:run(1558)) - IPC Server Responder: starting
2023-06-06 14:29:41,678 [IPC Server listener on 15210] INFO  ipc.Server (Server.java:run(1398)) - IPC Server listener on 15210: starting
2023-06-06 14:29:41,679 [Time-limited test] INFO  server.SCMDatanodeProtocolServer (SCMDatanodeProtocolServer.java:start(193)) - ScmDatanodeProtocol RPC server for DataNodes is listening at /0.0.0.0:15211
2023-06-06 14:29:41,680 [IPC Server Responder] INFO  ipc.Server (Server.java:run(1558)) - IPC Server Responder: starting
2023-06-06 14:29:41,680 [IPC Server listener on 15211] INFO  ipc.Server (Server.java:run(1398)) - IPC Server listener on 15211: starting
2023-06-06 14:29:41,684 [Time-limited test] INFO  http.BaseHttpServer (BaseHttpServer.java:newHttpServer2BuilderForOzone(224)) - Starting Web-server for scm at: http://0.0.0.0:15212
2023-06-06 14:29:41,684 [Time-limited test] INFO  http.BaseHttpServer (BaseHttpServer.java:<init>(111)) - Hadoop Security Enabled: false Ozone Security Enabled: false Ozone HTTP Security Enabled: false 
2023-06-06 14:29:41,686 [Time-limited test] WARN  server.AuthenticationFilter (AuthenticationFilter.java:constructSecretProvider(240)) - Unable to initialize FileSignerSecretProvider, falling back to use random secrets. Reason: Could not read signature secret file: /home/runner/hadoop-http-auth-signature-secret
2023-06-06 14:29:41,686 [Time-limited test] INFO  http.HttpRequestLog (HttpRequestLog.java:getRequestLog(86)) - Http request log for http.requests.scm is not defined
2023-06-06 14:29:41,687 [Time-limited test] INFO  http.HttpServer2 (HttpServer2.java:addGlobalFilter(1031)) - Added global filter 'safety' (class=org.apache.hadoop.hdds.server.http.HttpServer2$QuotingInputFilter)
2023-06-06 14:29:41,688 [Time-limited test] INFO  http.HttpServer2 (HttpServer2.java:addFilter(1007)) - Added filter static_user_filter (class=org.apache.hadoop.http.lib.StaticUserWebFilter$StaticUserFilter) to context scm
2023-06-06 14:29:41,688 [Time-limited test] INFO  http.HttpServer2 (HttpServer2.java:addFilter(1015)) - Added filter static_user_filter (class=org.apache.hadoop.http.lib.StaticUserWebFilter$StaticUserFilter) to context logs
2023-06-06 14:29:41,688 [Time-limited test] INFO  http.HttpServer2 (HttpServer2.java:addFilter(1015)) - Added filter static_user_filter (class=org.apache.hadoop.http.lib.StaticUserWebFilter$StaticUserFilter) to context static
2023-06-06 14:29:41,688 [JvmPauseMonitor33] INFO  util.JvmPauseMonitor (JvmPauseMonitor.java:run(103)) - JvmPauseMonitor-e28becb4-666f-45ee-a37d-548d052b98b4: Started
2023-06-06 14:29:41,690 [Time-limited test] INFO  http.BaseHttpServer (BaseHttpServer.java:<init>(190)) - HTTP server of scm uses base directory /home/runner/work/ozone/ozone/hadoop-ozone/integration-test/target/test-dir/MiniOzoneClusterImpl-361cfd0c-44c3-4879-9ed3-7c7372459855/ozone-meta/webserver
2023-06-06 14:29:41,690 [Time-limited test] INFO  http.HttpServer2 (HttpServer2.java:bindListener(1250)) - Jetty bound to port 15212
2023-06-06 14:29:41,690 [Time-limited test] INFO  server.Server (Server.java:doStart(375)) - jetty-9.4.51.v20230217; built: 2023-02-17T08:19:37.309Z; git: b45c405e4544384de066f814ed42ae3dceacdd49; jvm 1.8.0_372-b07
2023-06-06 14:29:41,694 [Time-limited test] INFO  server.session (DefaultSessionIdManager.java:doStart(334)) - DefaultSessionIdManager workerName=node0
2023-06-06 14:29:41,695 [Time-limited test] INFO  server.session (DefaultSessionIdManager.java:doStart(339)) - No SessionScavenger set, using defaults
2023-06-06 14:29:41,695 [Time-limited test] INFO  server.session (HouseKeeper.java:startScavenging(132)) - node0 Scavenging every 600000ms
2023-06-06 14:29:41,696 [Time-limited test] INFO  handler.ContextHandler (ContextHandler.java:doStart(921)) - Started o.e.j.s.ServletContextHandler@54275451{logs,/logs,file:///home/runner/work/ozone/ozone/hadoop-ozone/integration-test/target/log,AVAILABLE}
2023-06-06 14:29:41,696 [Time-limited test] INFO  handler.ContextHandler (ContextHandler.java:doStart(921)) - Started o.e.j.s.ServletContextHandler@105bf1a5{static,/static,file:///home/runner/work/ozone/ozone/hadoop-ozone/integration-test/target/test-classes/webapps/static,AVAILABLE}
2023-06-06 14:29:41,699 [Time-limited test] INFO  handler.ContextHandler (ContextHandler.java:doStart(921)) - Started o.e.j.w.WebAppContext@4bc74941{scm,/,file:///home/runner/work/ozone/ozone/hadoop-ozone/integration-test/target/test-classes/webapps/scm/,AVAILABLE}{file:/home/runner/work/ozone/ozone/hadoop-ozone/integration-test/target/test-classes/webapps/scm}
2023-06-06 14:29:41,700 [Time-limited test] INFO  server.AbstractConnector (AbstractConnector.java:doStart(333)) - Started ServerConnector@5d994535{HTTP/1.1, (http/1.1)}{0.0.0.0:15212}
2023-06-06 14:29:41,700 [Time-limited test] INFO  server.Server (Server.java:doStart(415)) - Started @190822ms
2023-06-06 14:29:41,700 [Time-limited test] WARN  impl.MetricsSystemImpl (MetricsSystemImpl.java:register(279)) - Sink prometheus already exists!
2023-06-06 14:29:41,700 [Time-limited test] INFO  http.BaseHttpServer (BaseHttpServer.java:updateConnectorAddress(344)) - HTTP server of scm listening at http://0.0.0.0:15212
2023-06-06 14:29:41,701 [Time-limited test] WARN  server.ServerUtils (ServerUtils.java:getDBPath(311)) - ozone.om.db.dirs is not configured. We recommend adding this setting. Falling back to ozone.metadata.dirs instead.
2023-06-06 14:29:41,702 [Time-limited test] INFO  ha.OMHANodeDetails (OMHANodeDetails.java:loadOMHAConfig(115)) - ozone.om.internal.service.id is not defined, falling back to ozone.om.service.ids to find serviceID for OzoneManager if it is HA enabled cluster
2023-06-06 14:29:41,702 [Time-limited test] INFO  ha.OMHANodeDetails (OMHANodeDetails.java:loadOMHAConfig(226)) - Configuration does not have ozone.om.address set. Falling back to the default OM address /127.0.0.1:15213
2023-06-06 14:29:41,702 [Time-limited test] INFO  ha.OMHANodeDetails (OMHANodeDetails.java:getOMNodeDetailsForNonHA(254)) - OM Service ID is not set. Setting it to the default ID: omServiceIdDefault
2023-06-06 14:29:41,702 [Time-limited test] INFO  ha.OMHANodeDetails (OMHANodeDetails.java:getOMNodeDetailsForNonHA(261)) - OM Node ID is not set. Setting it to the default ID: om1
2023-06-06 14:29:41,703 [Time-limited test] WARN  server.ServerUtils (ServerUtils.java:getDBPath(311)) - ozone.om.db.dirs is not configured. We recommend adding this setting. Falling back to ozone.metadata.dirs instead.
2023-06-06 14:29:41,703 [Time-limited test] INFO  upgrade.AbstractLayoutVersionManager (AbstractLayoutVersionManager.java:init(83)) - Initializing Layout version manager with metadata layout = FILESYSTEM_SNAPSHOT (version = 5), software layout = FILESYSTEM_SNAPSHOT (version = 5)
2023-06-06 14:29:41,791 [Time-limited test] INFO  reflections.Reflections (Reflections.java:scan(232)) - Reflections took 87 ms to scan 2 urls, producing 178 keys and 491 values [using 2 cores]
2023-06-06 14:29:41,791 [Time-limited test] INFO  upgrade.OMLayoutVersionManager (OMLayoutVersionManager.java:lambda$0(115)) - Skipping Upgrade Action MockOmUpgradeAction since it has been finalized.
2023-06-06 14:29:41,791 [Time-limited test] WARN  server.ServerUtils (ServerUtils.java:getDBPath(311)) - ozone.om.db.dirs is not configured. We recommend adding this setting. Falling back to ozone.metadata.dirs instead.
2023-06-06 14:29:41,792 [Time-limited test] INFO  proxy.SCMBlockLocationFailoverProxyProvider (SCMBlockLocationFailoverProxyProvider.java:<init>(114)) - Created block location fail-over proxy with 1 nodes: [nodeId=scmNodeId,nodeAddress=/0.0.0.0:15210]
2023-06-06 14:29:41,795 [Time-limited test] INFO  proxy.SCMBlockLocationFailoverProxyProvider (SCMBlockLocationFailoverProxyProvider.java:<init>(114)) - Created block location fail-over proxy with 1 nodes: [nodeId=scmNodeId,nodeAddress=/0.0.0.0:15210]
2023-06-06 14:29:41,801 [Time-limited test] INFO  om.OzoneManager (OzoneManager.java:<init>(642)) - OM start with adminUsers: [runner]
2023-06-06 14:29:41,802 [Time-limited test] WARN  server.ServerUtils (ServerUtils.java:getDBPath(311)) - ozone.om.db.dirs is not configured. We recommend adding this setting. Falling back to ozone.metadata.dirs instead.
2023-06-06 14:29:41,806 [Time-limited test] INFO  helpers.OmKeyInfo (OmKeyInfo.java:getCodec(71)) - OmKeyInfo.getCodec ignorePipeline = true
2023-06-06 14:29:41,972 [Time-limited test] INFO  om.OzoneManager (OzoneManager.java:instantiateServices(771)) - S3 Multi-Tenancy is disabled
2023-06-06 14:29:41,972 [Time-limited test] INFO  om.OmSnapshotManager (OmSnapshotManager.java:<init>(170)) - Ozone filesystem snapshot feature is enabled.
2023-06-06 14:29:41,972 [Time-limited test] WARN  server.ServerUtils (ServerUtils.java:getDBPath(311)) - ozone.om.snapshot.diff.db.dir is not configured. We recommend adding this setting. Falling back to ozone.metadata.dirs instead.
2023-06-06 14:29:41,994 [Time-limited test] INFO  utils.NativeLibraryLoader (NativeLibraryLoader.java:loadLibrary(103)) - Loading Library: ozone_rocksdb_tools
2023-06-06 14:29:41,996 [Time-limited test] INFO  om.OzoneManager (OzoneManager.java:addS3GVolumeToDB(4254)) - Created Volume s3v With Owner runner required for S3Gateway operations.
2023-06-06 14:29:41,996 [Time-limited test] WARN  server.ServerUtils (ServerUtils.java:getDefaultRatisDirectory(323)) - Storage directory for Ratis is not configured. It is a good idea to map this to an SSD disk. Falling back to ozone.metadata.dirs
2023-06-06 14:29:41,996 [Time-limited test] WARN  utils.OzoneManagerRatisUtils (OzoneManagerRatisUtils.java:getOMRatisSnapshotDirectory(461)) - ozone.om.ratis.snapshot.dir is not configured. Falling back to ozone.metadata.dirs config
2023-06-06 14:29:41,996 [Time-limited test] WARN  server.ServerUtils (ServerUtils.java:getDefaultRatisDirectory(323)) - Storage directory for Ratis is not configured. It is a good idea to map this to an SSD disk. Falling back to ozone.metadata.dirs
2023-06-06 14:29:41,997 [Time-limited test] INFO  ratis.OzoneManagerRatisServer (OzoneManagerRatisServer.java:<init>(163)) - Instantiating OM Ratis server with groupID: omServiceIdDefault and peers: localhost:15216
2023-06-06 14:29:41,998 [Time-limited test] INFO  ratis.OzoneManagerStateMachine (OzoneManagerStateMachine.java:loadSnapshotInfoFromDB(670)) - LastAppliedIndex is set from TransactionInfo from OM DB as (t:0, i:~)
2023-06-06 14:29:41,998 [Time-limited test] INFO  server.RaftServer (ConfUtils.java:logGet(46)) - raft.rpc.type = GRPC (default)
2023-06-06 14:29:41,998 [Time-limited test] INFO  grpc.GrpcConfigKeys (ConfUtils.java:logFallback(53)) - raft.grpc.admin.host = null (fallback to raft.grpc.server.host)
2023-06-06 14:29:41,998 [Time-limited test] INFO  grpc.GrpcConfigKeys (ConfUtils.java:logFallback(53)) - raft.grpc.admin.port = 15216 (fallback to raft.grpc.server.port)
2023-06-06 14:29:41,998 [Time-limited test] INFO  grpc.GrpcConfigKeys (ConfUtils.java:logFallback(53)) - raft.grpc.client.host = null (fallback to raft.grpc.server.host)
2023-06-06 14:29:41,998 [Time-limited test] INFO  grpc.GrpcConfigKeys (ConfUtils.java:logFallback(53)) - raft.grpc.client.port = 15216 (fallback to raft.grpc.server.port)
2023-06-06 14:29:41,998 [Time-limited test] INFO  grpc.GrpcConfigKeys (ConfUtils.java:logGet(46)) - raft.grpc.server.host = null (default)
2023-06-06 14:29:41,998 [Time-limited test] INFO  grpc.GrpcConfigKeys (ConfUtils.java:logGet(46)) - raft.grpc.server.port = 15216 (custom)
2023-06-06 14:29:41,998 [Time-limited test] INFO  server.GrpcService (ConfUtils.java:logGet(46)) - raft.grpc.message.size.max = 33554432 (custom)
2023-06-06 14:29:41,998 [Time-limited test] INFO  server.RaftServerConfigKeys (ConfUtils.java:logGet(46)) - raft.server.log.appender.buffer.byte-limit = 33554432 (custom)
2023-06-06 14:29:41,998 [Time-limited test] INFO  server.GrpcService (ConfUtils.java:logGet(46)) - raft.grpc.flow.control.window = 1MB (=1048576) (default)
2023-06-06 14:29:41,998 [Time-limited test] INFO  server.RaftServerConfigKeys (ConfUtils.java:logGet(46)) - raft.server.rpc.request.timeout = 3000ms (default)
2023-06-06 14:29:41,999 [Time-limited test] INFO  grpc.GrpcConfigKeys (ConfUtils.java:logGet(46)) - raft.grpc.server.heartbeat.channel = true (default)
2023-06-06 14:29:41,999 [Time-limited test] INFO  grpc.GrpcConfigKeys (ConfUtils.java:logGet(46)) - raft.grpc.server.async.request.thread.pool.cached = true (default)
2023-06-06 14:29:41,999 [Time-limited test] INFO  grpc.GrpcConfigKeys (ConfUtils.java:logGet(46)) - raft.grpc.server.async.request.thread.pool.size = 32 (default)
2023-06-06 14:29:42,000 [Time-limited test] INFO  impl.DataStreamServerImpl (ConfUtils.java:logGet(46)) - raft.datastream.type = DISABLED (default)
2023-06-06 14:29:42,000 [Time-limited test] INFO  server.RaftServerConfigKeys (ConfUtils.java:logGet(46)) - raft.server.threadpool.proxy.cached = true (default)
2023-06-06 14:29:42,000 [Time-limited test] INFO  server.RaftServerConfigKeys (ConfUtils.java:logGet(46)) - raft.server.threadpool.proxy.size = 0 (default)
2023-06-06 14:29:42,000 [Time-limited test] INFO  server.RaftServerConfigKeys (ConfUtils.java:logGet(46)) - raft.server.rpc.slowness.timeout = 120s (custom)
2023-06-06 14:29:42,000 [Time-limited test] INFO  server.RaftServerConfigKeys (ConfUtils.java:logGet(46)) - raft.server.leaderelection.leader.step-down.wait-time = 10s (default)
2023-06-06 14:29:42,000 [Time-limited test] INFO  server.RaftServerConfigKeys (ConfUtils.java:logGet(46)) - raft.server.storage.dir = [/home/runner/work/ozone/ozone/hadoop-ozone/integration-test/target/test-dir/MiniOzoneClusterImpl-361cfd0c-44c3-4879-9ed3-7c7372459855/ozone-meta/ratis] (custom)
2023-06-06 14:29:42,010 [Time-limited test] INFO  server.RaftServer (RaftServerProxy.java:addNew(98)) - om1: addNew group-C5BA1605619E:[om1|rpc:localhost:15216|priority:0|startupRole:FOLLOWER] returns group-C5BA1605619E:java.util.concurrent.CompletableFuture@69a19ac0[Not completed]
2023-06-06 14:29:42,010 [Time-limited test] INFO  om.OzoneManager (OzoneManager.java:initializeRatisServer(2112)) - OzoneManager Ratis server initialized at port 15216
2023-06-06 14:29:42,010 [Time-limited test] INFO  om.OzoneManager (OzoneManager.java:getRpcServer(1171)) - Creating RPC Server
2023-06-06 14:29:42,011 [om1-groupManagement] INFO  server.RaftServer$Division (RaftServerImpl.java:<init>(198)) - om1: new RaftServerImpl for group-C5BA1605619E:[om1|rpc:localhost:15216|priority:0|startupRole:FOLLOWER] with OzoneManagerStateMachine:uninitialized
2023-06-06 14:29:42,011 [om1-groupManagement] INFO  server.RaftServerConfigKeys (ConfUtils.java:logGet(46)) - raft.server.rpc.timeout.min = 1s (custom)
2023-06-06 14:29:42,011 [om1-groupManagement] INFO  server.RaftServerConfigKeys (ConfUtils.java:logGet(46)) - raft.server.rpc.timeout.max = 1200ms (custom)
2023-06-06 14:29:42,011 [om1-groupManagement] INFO  server.RaftServerConfigKeys (ConfUtils.java:logGet(46)) - raft.server.rpc.sleep.time = 25ms (default)
2023-06-06 14:29:42,011 [om1-groupManagement] INFO  server.RaftServerConfigKeys (ConfUtils.java:logGet(46)) - raft.server.rpc.slowness.timeout = 120s (custom)
2023-06-06 14:29:42,011 [om1-groupManagement] INFO  server.RaftServerConfigKeys (ConfUtils.java:logGet(46)) - raft.server.leaderelection.leader.step-down.wait-time = 10s (default)
2023-06-06 14:29:42,011 [om1-groupManagement] INFO  server.RaftServerConfigKeys (ConfUtils.java:logGet(46)) - raft.server.sleep.deviation.threshold = 300ms (default)
2023-06-06 14:29:42,012 [om1-groupManagement] INFO  server.RaftServer$Division (ServerState.java:<init>(120)) - om1@group-C5BA1605619E: ConfigurationManager, init=-1: peers:[om1|rpc:localhost:15216|priority:0|startupRole:FOLLOWER]|listeners:[], old=null, confs=<EMPTY_MAP>
2023-06-06 14:29:42,012 [om1-groupManagement] INFO  server.RaftServerConfigKeys (ConfUtils.java:logGet(46)) - raft.server.storage.dir = [/home/runner/work/ozone/ozone/hadoop-ozone/integration-test/target/test-dir/MiniOzoneClusterImpl-361cfd0c-44c3-4879-9ed3-7c7372459855/ozone-meta/ratis] (custom)
2023-06-06 14:29:42,012 [om1-groupManagement] INFO  server.RaftServerConfigKeys (ConfUtils.java:logGet(46)) - raft.server.log.corruption.policy = EXCEPTION (default)
2023-06-06 14:29:42,012 [om1-groupManagement] INFO  server.RaftServerConfigKeys (ConfUtils.java:logGet(46)) - raft.server.storage.free-space.min = 0MB (=0) (default)
2023-06-06 14:29:42,012 [om1-groupManagement] INFO  server.RaftServerConfigKeys (ConfUtils.java:logGet(46)) - raft.server.notification.no-leader.timeout = 120s (custom)
2023-06-06 14:29:42,012 [om1-groupManagement] INFO  server.RaftServerConfigKeys (ConfUtils.java:logGet(46)) - raft.server.read.timeout = 10s (default)
2023-06-06 14:29:42,012 [om1-groupManagement] INFO  server.RaftServerConfigKeys (ConfUtils.java:logGet(46)) - raft.server.retrycache.expirytime = 300s (custom)
2023-06-06 14:29:42,012 [om1-groupManagement] INFO  server.RaftServerConfigKeys (ConfUtils.java:logGet(46)) - raft.server.retrycache.statistics.expirytime = 100μs (default)
2023-06-06 14:29:42,012 [om1-groupManagement] INFO  server.RaftServerConfigKeys (ConfUtils.java:logGet(46)) - raft.server.read.option = DEFAULT (default)
2023-06-06 14:29:42,012 [om1-groupManagement] INFO  server.RaftServerConfigKeys (ConfUtils.java:logGet(46)) - raft.server.rpc.request.timeout = 3000ms (default)
2023-06-06 14:29:42,012 [om1-groupManagement] INFO  server.RaftServerConfigKeys (ConfUtils.java:logGet(46)) - raft.server.log.appender.install.snapshot.enabled = false (custom)
2023-06-06 14:29:42,012 [om1-groupManagement] INFO  server.RaftServerConfigKeys (ConfUtils.java:logGet(46)) - raft.server.threadpool.server.cached = true (default)
2023-06-06 14:29:42,012 [om1-groupManagement] INFO  server.RaftServerConfigKeys (ConfUtils.java:logGet(46)) - raft.server.threadpool.server.size = 0 (default)
2023-06-06 14:29:42,012 [om1-groupManagement] INFO  server.RaftServerConfigKeys (ConfUtils.java:logGet(46)) - raft.server.threadpool.client.cached = true (default)
2023-06-06 14:29:42,013 [om1-groupManagement] INFO  server.RaftServerConfigKeys (ConfUtils.java:logGet(46)) - raft.server.threadpool.client.size = 0 (default)
2023-06-06 14:29:42,311 [Time-limited test] INFO  reflections.Reflections (Reflections.java:scan(232)) - Reflections took 300 ms to scan 19 urls, producing 69 keys and 5288 values [using 2 cores]
2023-06-06 14:29:42,312 [Time-limited test] INFO  ipc.CallQueueManager (CallQueueManager.java:<init>(90)) - Using callQueue: class java.util.concurrent.LinkedBlockingQueue, queueCapacity: 2000, scheduler: class org.apache.hadoop.ipc.DefaultRpcScheduler, ipcBackoff: false.
2023-06-06 14:29:42,313 [Socket Reader #1 for port 15213] INFO  ipc.Server (Server.java:run(1319)) - Starting Socket Reader #1 for port 15213
2023-06-06 14:29:42,315 [Listener at 127.0.0.1/15213] INFO  hdds.HddsUtils (HddsUtils.java:preserveThreadName(843)) - Restoring thread name: Time-limited test
2023-06-06 14:29:42,332 [Time-limited test] INFO  impl.MetricsSystemImpl (MetricsSystemImpl.java:init(158)) - OzoneManager metrics system started (again)
2023-06-06 14:29:42,342 [Time-limited test] INFO  om.OzoneManager (OzoneManager.java:start(1593)) - OzoneManager RPC server is listening at localhost/127.0.0.1:15213
2023-06-06 14:29:42,342 [Time-limited test] INFO  ratis.OzoneManagerRatisServer (OzoneManagerRatisServer.java:start(558)) - Starting OzoneManagerRatisServer om1 at port 15216
2023-06-06 14:29:42,343 [om1-impl-thread1] INFO  storage.RaftStorageDirectory (RaftStorageDirectoryImpl.java:analyzeStorage(137)) - The storage directory /home/runner/work/ozone/ozone/hadoop-ozone/integration-test/target/test-dir/MiniOzoneClusterImpl-361cfd0c-44c3-4879-9ed3-7c7372459855/ozone-meta/ratis/bf265839-605b-3f16-9796-c5ba1605619e does not exist. Creating ...
2023-06-06 14:29:42,344 [om1-impl-thread1] INFO  storage.RaftStorageDirectory (RaftStorageDirectoryImpl.java:tryLock(231)) - Lock on /home/runner/work/ozone/ozone/hadoop-ozone/integration-test/target/test-dir/MiniOzoneClusterImpl-361cfd0c-44c3-4879-9ed3-7c7372459855/ozone-meta/ratis/bf265839-605b-3f16-9796-c5ba1605619e/in_use.lock acquired by nodename 75814@fv-az1133-973
2023-06-06 14:29:42,345 [om1-impl-thread1] INFO  storage.RaftStorage (RaftStorageImpl.java:format(96)) - Storage directory /home/runner/work/ozone/ozone/hadoop-ozone/integration-test/target/test-dir/MiniOzoneClusterImpl-361cfd0c-44c3-4879-9ed3-7c7372459855/ozone-meta/ratis/bf265839-605b-3f16-9796-c5ba1605619e has been successfully formatted.
2023-06-06 14:29:42,345 [om1-impl-thread1] INFO  server.RaftServerConfigKeys (ConfUtils.java:logGet(46)) - raft.server.log.use.memory = false (default)
2023-06-06 14:29:42,345 [om1-impl-thread1] INFO  server.RaftServerConfigKeys (ConfUtils.java:logGet(46)) - raft.server.log.purge.gap = 1000000 (custom)
2023-06-06 14:29:42,345 [om1-impl-thread1] INFO  server.RaftServerConfigKeys (ConfUtils.java:logGet(46)) - raft.server.log.appender.buffer.byte-limit = 33554432 (custom)
2023-06-06 14:29:42,345 [om1-impl-thread1] INFO  server.RaftServerConfigKeys (ConfUtils.java:logGet(46)) - raft.server.log.statemachine.data.read.timeout = 1000ms (default)
2023-06-06 14:29:42,346 [om1-impl-thread1] INFO  server.RaftServerConfigKeys (ConfUtils.java:logGet(46)) - raft.server.log.purge.preservation.log.num = 0 (default)
2023-06-06 14:29:42,346 [om1-impl-thread1] INFO  server.RaftServerConfigKeys (ConfUtils.java:logGet(46)) - raft.server.log.segment.size.max = 4194304 (custom)
2023-06-06 14:29:42,346 [om1-impl-thread1] INFO  server.RaftServerConfigKeys (ConfUtils.java:logGet(46)) - raft.server.log.segment.cache.num.max = 2 (custom)
2023-06-06 14:29:42,346 [om1-impl-thread1] INFO  server.RaftServerConfigKeys (ConfUtils.java:logGet(46)) - raft.server.log.segment.cache.size.max = 200MB (=209715200) (default)
2023-06-06 14:29:42,346 [om1-impl-thread1] INFO  server.RaftServerConfigKeys (ConfUtils.java:logGet(46)) - raft.server.log.appender.buffer.byte-limit = 33554432 (custom)
2023-06-06 14:29:42,346 [om1-impl-thread1] INFO  segmented.SegmentedRaftLogWorker (SegmentedRaftLogWorker.java:<init>(188)) - new om1@group-C5BA1605619E-SegmentedRaftLogWorker for RaftStorageImpl:Storage Directory /home/runner/work/ozone/ozone/hadoop-ozone/integration-test/target/test-dir/MiniOzoneClusterImpl-361cfd0c-44c3-4879-9ed3-7c7372459855/ozone-meta/ratis/bf265839-605b-3f16-9796-c5ba1605619e
2023-06-06 14:29:42,346 [om1-impl-thread1] INFO  server.RaftServerConfigKeys (ConfUtils.java:logGet(46)) - raft.server.log.queue.byte-limit = 64MB (=67108864) (default)
2023-06-06 14:29:42,346 [om1-impl-thread1] INFO  server.RaftServerConfigKeys (ConfUtils.java:logGet(46)) - raft.server.log.queue.element-limit = 4096 (default)
2023-06-06 14:29:42,346 [om1-impl-thread1] INFO  server.RaftServerConfigKeys (ConfUtils.java:logGet(46)) - raft.server.log.segment.size.max = 4194304 (custom)
2023-06-06 14:29:42,346 [om1-impl-thread1] INFO  server.RaftServerConfigKeys (ConfUtils.java:logGet(46)) - raft.server.log.preallocated.size = 4194304 (custom)
2023-06-06 14:29:42,346 [om1-impl-thread1] INFO  server.RaftServerConfigKeys (ConfUtils.java:logGet(46)) - raft.server.log.force.sync.num = 128 (default)
2023-06-06 14:29:42,346 [om1-impl-thread1] INFO  server.RaftServerConfigKeys (ConfUtils.java:logGet(46)) - raft.server.log.statemachine.data.sync = true (default)
2023-06-06 14:29:42,346 [om1-impl-thread1] INFO  server.RaftServerConfigKeys (ConfUtils.java:logGet(46)) - raft.server.log.statemachine.data.sync.timeout = 10s (default)
2023-06-06 14:29:42,346 [om1-impl-thread1] INFO  server.RaftServerConfigKeys (ConfUtils.java:logGet(46)) - raft.server.log.statemachine.data.sync.timeout.retry = -1 (default)
2023-06-06 14:29:42,346 [om1-impl-thread1] INFO  server.RaftServerConfigKeys (ConfUtils.java:logGet(46)) - raft.server.log.write.buffer.size = 64KB (=65536) (default)
2023-06-06 14:29:42,346 [om1-impl-thread1] INFO  server.RaftServerConfigKeys (ConfUtils.java:logGet(46)) - raft.server.log.appender.buffer.byte-limit = 33554432 (custom)
2023-06-06 14:29:42,351 [om1-impl-thread1] INFO  server.RaftServerConfigKeys (ConfUtils.java:logGet(46)) - raft.server.log.unsafe-flush.enabled = false (default)
2023-06-06 14:29:42,351 [om1-impl-thread1] INFO  server.RaftServerConfigKeys (ConfUtils.java:logGet(46)) - raft.server.log.async-flush.enabled = false (default)
2023-06-06 14:29:42,351 [om1-impl-thread1] INFO  server.RaftServerConfigKeys (ConfUtils.java:logGet(46)) - raft.server.log.statemachine.data.caching.enabled = false (default)
2023-06-06 14:29:42,352 [om1-impl-thread1] INFO  segmented.SegmentedRaftLogWorker (SegmentedRaftLogWorker.java:lambda$new$0(135)) - om1@group-C5BA1605619E-SegmentedRaftLogWorker: flushIndex: setUnconditionally 0 -> -1
2023-06-06 14:29:42,352 [om1-impl-thread1] INFO  segmented.SegmentedRaftLogWorker (SegmentedRaftLogWorker.java:lambda$new$0(135)) - om1@group-C5BA1605619E-SegmentedRaftLogWorker: safeCacheEvictIndex: setUnconditionally 0 -> -1
2023-06-06 14:29:42,352 [om1-impl-thread1] INFO  server.RaftServer$Division (RaftServerImpl.java:start(342)) - om1@group-C5BA1605619E: start as a follower, conf=-1: peers:[om1|rpc:localhost:15216|priority:0|startupRole:FOLLOWER]|listeners:[], old=null
2023-06-06 14:29:42,352 [om1-impl-thread1] INFO  server.RaftServer$Division (RaftServerImpl.java:setRole(329)) - om1@group-C5BA1605619E: changes role from      null to FOLLOWER at term 0 for startAsFollower
2023-06-06 14:29:42,352 [om1-impl-thread1] INFO  impl.RoleInfo (RoleInfo.java:updateAndGet(139)) - om1: start om1@group-C5BA1605619E-FollowerState
2023-06-06 14:29:42,352 [om1-impl-thread1] INFO  util.JmxRegister (JmxRegister.java:tryRegister(44)) - Successfully registered JMX Bean with object name Ratis:service=RaftServer,group=group-C5BA1605619E,id=om1
2023-06-06 14:29:42,352 [om1-impl-thread1] INFO  server.RaftServerConfigKeys (ConfUtils.java:logGet(46)) - raft.server.snapshot.auto.trigger.enabled = true (custom)
2023-06-06 14:29:42,352 [om1-impl-thread1] INFO  server.RaftServerConfigKeys (ConfUtils.java:logGet(46)) - raft.server.snapshot.auto.trigger.threshold = 400000 (default)
2023-06-06 14:29:42,352 [om1-impl-thread1] INFO  server.RaftServerConfigKeys (ConfUtils.java:logGet(46)) - raft.server.snapshot.retention.file.num = -1 (default)
2023-06-06 14:29:42,352 [om1-impl-thread1] INFO  server.RaftServerConfigKeys (ConfUtils.java:logGet(46)) - raft.server.log.purge.upto.snapshot.index = true (custom)
2023-06-06 14:29:42,353 [om1@group-C5BA1605619E-FollowerState] INFO  server.RaftServerConfigKeys (ConfUtils.java:logFallback(53)) - raft.server.rpc.first-election.timeout.min = 1s (fallback to raft.server.rpc.timeout.min)
2023-06-06 14:29:42,353 [om1@group-C5BA1605619E-FollowerState] INFO  server.RaftServerConfigKeys (ConfUtils.java:logFallback(53)) - raft.server.rpc.first-election.timeout.max = 1200ms (fallback to raft.server.rpc.timeout.max)
2023-06-06 14:29:42,353 [Time-limited test] INFO  server.RaftServer (RaftServerProxy.java:startImpl(400)) - om1: start RPC server
2023-06-06 14:29:42,354 [Time-limited test] INFO  server.GrpcService (GrpcService.java:startImpl(302)) - om1: GrpcService started, listening on 15216
2023-06-06 14:29:42,354 [Time-limited test] INFO  om.OzoneManager (OzoneManager.java:start(1609)) - Version File has different layout version (5) than OM DB (null). That is expected if this OM has never been finalized to a newer layout version.
2023-06-06 14:29:42,355 [JvmPauseMonitor34] INFO  util.JvmPauseMonitor (JvmPauseMonitor.java:run(103)) - JvmPauseMonitor-om1: Started
2023-06-06 14:29:42,359 [Time-limited test] INFO  http.BaseHttpServer (BaseHttpServer.java:newHttpServer2BuilderForOzone(224)) - Starting Web-server for ozoneManager at: http://0.0.0.0:15214
2023-06-06 14:29:42,359 [Time-limited test] INFO  http.BaseHttpServer (BaseHttpServer.java:<init>(111)) - Hadoop Security Enabled: false Ozone Security Enabled: false Ozone HTTP Security Enabled: false 
2023-06-06 14:29:42,360 [Time-limited test] WARN  server.AuthenticationFilter (AuthenticationFilter.java:constructSecretProvider(240)) - Unable to initialize FileSignerSecretProvider, falling back to use random secrets. Reason: Could not read signature secret file: /home/runner/hadoop-http-auth-signature-secret
2023-06-06 14:29:42,362 [Time-limited test] INFO  http.HttpRequestLog (HttpRequestLog.java:getRequestLog(86)) - Http request log for http.requests.ozoneManager is not defined
2023-06-06 14:29:42,362 [Time-limited test] INFO  http.HttpServer2 (HttpServer2.java:addGlobalFilter(1031)) - Added global filter 'safety' (class=org.apache.hadoop.hdds.server.http.HttpServer2$QuotingInputFilter)
2023-06-06 14:29:42,363 [Time-limited test] INFO  http.HttpServer2 (HttpServer2.java:addFilter(1007)) - Added filter static_user_filter (class=org.apache.hadoop.http.lib.StaticUserWebFilter$StaticUserFilter) to context ozoneManager
2023-06-06 14:29:42,363 [Time-limited test] INFO  http.HttpServer2 (HttpServer2.java:addFilter(1015)) - Added filter static_user_filter (class=org.apache.hadoop.http.lib.StaticUserWebFilter$StaticUserFilter) to context logs
2023-06-06 14:29:42,363 [Time-limited test] INFO  http.HttpServer2 (HttpServer2.java:addFilter(1015)) - Added filter static_user_filter (class=org.apache.hadoop.http.lib.StaticUserWebFilter$StaticUserFilter) to context static
2023-06-06 14:29:42,363 [Time-limited test] INFO  http.BaseHttpServer (BaseHttpServer.java:<init>(190)) - HTTP server of ozoneManager uses base directory /home/runner/work/ozone/ozone/hadoop-ozone/integration-test/target/test-dir/MiniOzoneClusterImpl-361cfd0c-44c3-4879-9ed3-7c7372459855/ozone-meta/webserver
2023-06-06 14:29:42,363 [Time-limited test] INFO  http.HttpServer2 (HttpServer2.java:bindListener(1250)) - Jetty bound to port 15214
2023-06-06 14:29:42,364 [Time-limited test] INFO  server.Server (Server.java:doStart(375)) - jetty-9.4.51.v20230217; built: 2023-02-17T08:19:37.309Z; git: b45c405e4544384de066f814ed42ae3dceacdd49; jvm 1.8.0_372-b07
2023-06-06 14:29:42,366 [Time-limited test] INFO  server.session (DefaultSessionIdManager.java:doStart(334)) - DefaultSessionIdManager workerName=node0
2023-06-06 14:29:42,366 [Time-limited test] INFO  server.session (DefaultSessionIdManager.java:doStart(339)) - No SessionScavenger set, using defaults
2023-06-06 14:29:42,366 [Time-limited test] INFO  server.session (HouseKeeper.java:startScavenging(132)) - node0 Scavenging every 660000ms
2023-06-06 14:29:42,367 [Time-limited test] INFO  handler.ContextHandler (ContextHandler.java:doStart(921)) - Started o.e.j.s.ServletContextHandler@28b72c23{logs,/logs,file:///home/runner/work/ozone/ozone/hadoop-ozone/integration-test/target/log,AVAILABLE}
2023-06-06 14:29:42,367 [Time-limited test] INFO  handler.ContextHandler (ContextHandler.java:doStart(921)) - Started o.e.j.s.ServletContextHandler@22378d42{static,/static,file:///home/runner/work/ozone/ozone/hadoop-ozone/integration-test/target/test-classes/webapps/static,AVAILABLE}
2023-06-06 14:29:42,369 [Time-limited test] INFO  handler.ContextHandler (ContextHandler.java:doStart(921)) - Started o.e.j.w.WebAppContext@4b8fe3bf{ozoneManager,/,file:///home/runner/work/ozone/ozone/hadoop-ozone/integration-test/target/test-classes/webapps/ozoneManager/,AVAILABLE}{file:/home/runner/work/ozone/ozone/hadoop-ozone/integration-test/target/test-classes/webapps/ozoneManager}
2023-06-06 14:29:42,370 [Time-limited test] INFO  server.AbstractConnector (AbstractConnector.java:doStart(333)) - Started ServerConnector@1cdb2694{HTTP/1.1, (http/1.1)}{0.0.0.0:15214}
2023-06-06 14:29:42,371 [Time-limited test] INFO  server.Server (Server.java:doStart(415)) - Started @191493ms
2023-06-06 14:29:42,371 [Time-limited test] WARN  impl.MetricsSystemImpl (MetricsSystemImpl.java:register(279)) - Sink prometheus already exists!
2023-06-06 14:29:42,371 [Time-limited test] INFO  http.BaseHttpServer (BaseHttpServer.java:updateConnectorAddress(344)) - HTTP server of ozoneManager listening at http://0.0.0.0:15214
2023-06-06 14:29:42,371 [IPC Server Responder] INFO  ipc.Server (Server.java:run(1558)) - IPC Server Responder: starting
2023-06-06 14:29:42,374 [IPC Server listener on 15213] INFO  ipc.Server (Server.java:run(1398)) - IPC Server listener on 15213: starting
2023-06-06 14:29:42,384 [Time-limited test] INFO  om.OzoneManager (OzoneManager.java:startTrashEmptier(2065)) - Trash Interval set to 0. Files deleted won't move to trash
2023-06-06 14:29:42,397 [Time-limited test] WARN  impl.MetricRegistriesImpl (MetricRegistriesImpl.java:addReporterRegistration(111)) - New reporters are added after registries were created. Some metrics will be missing from the reporter. Please add reporter before adding any new registry.
2023-06-06 14:29:42,397 [Time-limited test] WARN  impl.MetricRegistriesImpl (MetricRegistriesImpl.java:addReporterRegistration(111)) - New reporters are added after registries were created. Some metrics will be missing from the reporter. Please add reporter before adding any new registry.
2023-06-06 14:29:42,397 [Time-limited test] INFO  impl.MetricsSystemImpl (MetricsSystemImpl.java:init(158)) - HddsDatanode metrics system started (again)
2023-06-06 14:29:42,408 [Time-limited test] INFO  ozone.HddsDatanodeService (HddsDatanodeService.java:start(261)) - HddsDatanodeService host:fv-az1133-973.qlb2sqfkji0uhjsjdnlwzcsdwg.bx.internal.cloudapp.net ip:10.1.0.37
2023-06-06 14:29:42,426 [Time-limited test] INFO  upgrade.AbstractLayoutVersionManager (AbstractLayoutVersionManager.java:init(83)) - Initializing Layout version manager with metadata layout = HADOOP_PRC_PORTS_IN_DATANODEDETAILS (version = 7), software layout = HADOOP_PRC_PORTS_IN_DATANODEDETAILS (version = 7)
2023-06-06 14:29:42,427 [Time-limited test] INFO  statemachine.DatanodeStateMachine (DatanodeStateMachine.java:getEndPointTaskThreadPoolSize(271)) - Datanode State Machine Task Thread Pool size 2
2023-06-06 14:29:42,429 [Time-limited test] INFO  volume.HddsVolume (HddsVolume.java:<init>(130)) - Creating HddsVolume: /home/runner/work/ozone/ozone/hadoop-ozone/integration-test/target/test-dir/MiniOzoneClusterImpl-361cfd0c-44c3-4879-9ed3-7c7372459855/datanode-0/data-0/containers/hdds of storage type : DISK capacity : 9223372036854775807
2023-06-06 14:29:42,429 [Time-limited test] INFO  volume.MutableVolumeSet (MutableVolumeSet.java:initializeVolumeSet(175)) - Added Volume : /home/runner/work/ozone/ozone/hadoop-ozone/integration-test/target/test-dir/MiniOzoneClusterImpl-361cfd0c-44c3-4879-9ed3-7c7372459855/datanode-0/data-0/containers/hdds to VolumeSet
2023-06-06 14:29:42,429 [Time-limited test] INFO  volume.ThrottledAsyncChecker (ThrottledAsyncChecker.java:schedule(141)) - Scheduling a check for /home/runner/work/ozone/ozone/hadoop-ozone/integration-test/target/test-dir/MiniOzoneClusterImpl-361cfd0c-44c3-4879-9ed3-7c7372459855/datanode-0/data-0/containers/hdds
2023-06-06 14:29:42,430 [Time-limited test] INFO  volume.StorageVolumeChecker (StorageVolumeChecker.java:checkAllVolumes(202)) - Scheduled health check for volume /home/runner/work/ozone/ozone/hadoop-ozone/integration-test/target/test-dir/MiniOzoneClusterImpl-361cfd0c-44c3-4879-9ed3-7c7372459855/datanode-0/data-0/containers/hdds
2023-06-06 14:29:42,440 [Time-limited test] INFO  volume.MutableVolumeSet (MutableVolumeSet.java:initializeVolumeSet(175)) - Added Volume : /home/runner/work/ozone/ozone/hadoop-ozone/integration-test/target/test-dir/MiniOzoneClusterImpl-361cfd0c-44c3-4879-9ed3-7c7372459855/datanode-0/data/ratis to VolumeSet
2023-06-06 14:29:42,441 [Time-limited test] INFO  volume.ThrottledAsyncChecker (ThrottledAsyncChecker.java:schedule(141)) - Scheduling a check for /home/runner/work/ozone/ozone/hadoop-ozone/integration-test/target/test-dir/MiniOzoneClusterImpl-361cfd0c-44c3-4879-9ed3-7c7372459855/datanode-0/data/ratis
2023-06-06 14:29:42,441 [Time-limited test] INFO  volume.StorageVolumeChecker (StorageVolumeChecker.java:checkAllVolumes(202)) - Scheduled health check for volume /home/runner/work/ozone/ozone/hadoop-ozone/integration-test/target/test-dir/MiniOzoneClusterImpl-361cfd0c-44c3-4879-9ed3-7c7372459855/datanode-0/data/ratis
2023-06-06 14:29:42,451 [Thread-3087] INFO  ozoneimpl.ContainerReader (ContainerReader.java:readVolume(175)) - Finish verifying containers on volume /home/runner/work/ozone/ozone/hadoop-ozone/integration-test/target/test-dir/MiniOzoneClusterImpl-361cfd0c-44c3-4879-9ed3-7c7372459855/datanode-0/data-0/containers/hdds
2023-06-06 14:29:42,451 [Time-limited test] INFO  ozoneimpl.OzoneContainer (OzoneContainer.java:buildContainerSet(303)) - Build ContainerSet costs 0s
2023-06-06 14:29:42,453 [Time-limited test] INFO  server.RaftServer (ConfUtils.java:logGet(46)) - raft.rpc.type = GRPC (default)
2023-06-06 14:29:42,453 [Time-limited test] INFO  grpc.GrpcConfigKeys (ConfUtils.java:logFallback(53)) - raft.grpc.admin.host = null (fallback to raft.grpc.server.host)
2023-06-06 14:29:42,453 [Time-limited test] INFO  grpc.GrpcConfigKeys (ConfUtils.java:logGet(46)) - raft.grpc.admin.port = 15222 (custom)
2023-06-06 14:29:42,453 [Time-limited test] INFO  grpc.GrpcConfigKeys (ConfUtils.java:logFallback(53)) - raft.grpc.client.host = null (fallback to raft.grpc.server.host)
2023-06-06 14:29:42,453 [Time-limited test] INFO  grpc.GrpcConfigKeys (ConfUtils.java:logGet(46)) - raft.grpc.client.port = 15221 (custom)
2023-06-06 14:29:42,453 [Time-limited test] INFO  grpc.GrpcConfigKeys (ConfUtils.java:logGet(46)) - raft.grpc.server.host = null (default)
2023-06-06 14:29:42,453 [Time-limited test] INFO  grpc.GrpcConfigKeys (ConfUtils.java:logGet(46)) - raft.grpc.server.port = 15223 (custom)
2023-06-06 14:29:42,453 [Time-limited test] INFO  server.GrpcService (ConfUtils.java:logGet(46)) - raft.grpc.message.size.max = 32MB (=33554432) (custom)
2023-06-06 14:29:42,453 [Time-limited test] INFO  server.RaftServerConfigKeys (ConfUtils.java:logGet(46)) - raft.server.log.appender.buffer.byte-limit = 33554432 (custom)
2023-06-06 14:29:42,453 [Time-limited test] INFO  server.GrpcService (ConfUtils.java:logGet(46)) - raft.grpc.flow.control.window = 5MB (=5242880) (custom)
2023-06-06 14:29:42,453 [Time-limited test] INFO  server.RaftServerConfigKeys (ConfUtils.java:logGet(46)) - raft.server.rpc.request.timeout = 60s (custom)
2023-06-06 14:29:42,453 [Time-limited test] INFO  grpc.GrpcConfigKeys (ConfUtils.java:logGet(46)) - raft.grpc.server.heartbeat.channel = true (default)
2023-06-06 14:29:42,453 [Time-limited test] INFO  grpc.GrpcConfigKeys (ConfUtils.java:logGet(46)) - raft.grpc.server.async.request.thread.pool.cached = true (default)
2023-06-06 14:29:42,453 [Time-limited test] INFO  grpc.GrpcConfigKeys (ConfUtils.java:logGet(46)) - raft.grpc.server.async.request.thread.pool.size = 32 (default)
2023-06-06 14:29:42,455 [Time-limited test] INFO  impl.DataStreamServerImpl (ConfUtils.java:logGet(46)) - raft.datastream.type = NETTY (custom)
2023-06-06 14:29:42,456 [Time-limited test] INFO  server.RaftServerConfigKeys (ConfUtils.java:logGet(46)) - raft.server.data-stream.async.request.thread.pool.cached = false (default)
2023-06-06 14:29:42,456 [Time-limited test] INFO  server.RaftServerConfigKeys (ConfUtils.java:logGet(46)) - raft.server.data-stream.async.request.thread.pool.size = 20 (custom)
2023-06-06 14:29:42,456 [Time-limited test] INFO  server.RaftServerConfigKeys (ConfUtils.java:logGet(46)) - raft.server.data-stream.async.write.thread.pool.size = 16 (default)
2023-06-06 14:29:42,456 [Time-limited test] INFO  server.RaftServerConfigKeys (ConfUtils.java:logGet(46)) - raft.server.data-stream.client.pool.size = 10 (default)
2023-06-06 14:29:42,456 [Time-limited test] INFO  netty.NettyConfigKeys$DataStream (ConfUtils.java:logGet(46)) - raft.netty.dataStream.server.use-epoll = false (default)
2023-06-06 14:29:42,456 [Time-limited test] INFO  netty.NettyConfigKeys$DataStream (ConfUtils.java:logGet(46)) - raft.netty.dataStream.server.boss-group.size = 0 (default)
2023-06-06 14:29:42,456 [Time-limited test] INFO  netty.NettyConfigKeys$DataStream (ConfUtils.java:logGet(46)) - raft.netty.dataStream.server.worker-group.size = 0 (default)
2023-06-06 14:29:42,456 [Time-limited test] INFO  netty.NettyConfigKeys$DataStream (ConfUtils.java:logGet(46)) - raft.netty.dataStream.server.tls.conf = null (default)
2023-06-06 14:29:42,456 [Time-limited test] INFO  netty.NettyConfigKeys$DataStream (ConfUtils.java:logGet(46)) - raft.netty.dataStream.host = null (default)
2023-06-06 14:29:42,457 [Time-limited test] INFO  netty.NettyConfigKeys$DataStream (ConfUtils.java:logGet(46)) - raft.netty.dataStream.port = 15224 (custom)
2023-06-06 14:29:42,457 [Time-limited test] INFO  server.RaftServerConfigKeys (ConfUtils.java:logGet(46)) - raft.server.threadpool.proxy.cached = true (default)
2023-06-06 14:29:42,457 [Time-limited test] INFO  server.RaftServerConfigKeys (ConfUtils.java:logGet(46)) - raft.server.threadpool.proxy.size = 0 (default)
2023-06-06 14:29:42,457 [Time-limited test] INFO  server.RaftServerConfigKeys (ConfUtils.java:logGet(46)) - raft.server.rpc.slowness.timeout = 300s (custom)
2023-06-06 14:29:42,457 [Time-limited test] INFO  server.RaftServerConfigKeys (ConfUtils.java:logGet(46)) - raft.server.leaderelection.leader.step-down.wait-time = 10s (default)
2023-06-06 14:29:42,457 [Time-limited test] INFO  server.RaftServerConfigKeys (ConfUtils.java:logGet(46)) - raft.server.storage.dir = [/home/runner/work/ozone/ozone/hadoop-ozone/integration-test/target/test-dir/MiniOzoneClusterImpl-361cfd0c-44c3-4879-9ed3-7c7372459855/datanode-0/data/ratis] (custom)
2023-06-06 14:29:42,458 [6a44a47c-c3cb-455f-a4b0-0f80624e99c4-NettyServerStreamRpc-bossGroup--thread1] INFO  logging.LoggingHandler (AbstractInternalLogger.java:log(148)) - [id: 0x2162130c] REGISTERED
2023-06-06 14:29:42,458 [6a44a47c-c3cb-455f-a4b0-0f80624e99c4-NettyServerStreamRpc-bossGroup--thread1] INFO  logging.LoggingHandler (AbstractInternalLogger.java:log(148)) - [id: 0x2162130c] BIND: 0.0.0.0/0.0.0.0:15224
2023-06-06 14:29:42,459 [6a44a47c-c3cb-455f-a4b0-0f80624e99c4-NettyServerStreamRpc-bossGroup--thread1] INFO  logging.LoggingHandler (AbstractInternalLogger.java:log(148)) - [id: 0x2162130c, L:/0:0:0:0:0:0:0:0:15224] ACTIVE
2023-06-06 14:29:42,460 [Time-limited test] INFO  server.XceiverServerGrpc (XceiverServerGrpc.java:<init>(132)) - GrpcServer channel type EpollServerSocketChannel
2023-06-06 14:29:42,461 [Time-limited test] INFO  replication.ReplicationSupervisor (ReplicationSupervisor.java:nodeStateUpdated(305)) - Node state updated to IN_SERVICE, scaling executor pool size to 10
2023-06-06 14:29:42,463 [Time-limited test] INFO  http.BaseHttpServer (BaseHttpServer.java:newHttpServer2BuilderForOzone(224)) - Starting Web-server for hddsDatanode at: http://0.0.0.0:15218
2023-06-06 14:29:42,463 [Time-limited test] INFO  http.BaseHttpServer (BaseHttpServer.java:<init>(111)) - Hadoop Security Enabled: false Ozone Security Enabled: false Ozone HTTP Security Enabled: false 
2023-06-06 14:29:42,464 [Time-limited test] WARN  server.AuthenticationFilter (AuthenticationFilter.java:constructSecretProvider(240)) - Unable to initialize FileSignerSecretProvider, falling back to use random secrets. Reason: Could not read signature secret file: /home/runner/hadoop-http-auth-signature-secret
2023-06-06 14:29:42,464 [Time-limited test] INFO  http.HttpRequestLog (HttpRequestLog.java:getRequestLog(86)) - Http request log for http.requests.hddsDatanode is not defined
2023-06-06 14:29:42,465 [Time-limited test] INFO  http.HttpServer2 (HttpServer2.java:addGlobalFilter(1031)) - Added global filter 'safety' (class=org.apache.hadoop.hdds.server.http.HttpServer2$QuotingInputFilter)
2023-06-06 14:29:42,465 [Time-limited test] INFO  http.HttpServer2 (HttpServer2.java:addFilter(1007)) - Added filter static_user_filter (class=org.apache.hadoop.http.lib.StaticUserWebFilter$StaticUserFilter) to context hddsDatanode
2023-06-06 14:29:42,465 [Time-limited test] INFO  http.HttpServer2 (HttpServer2.java:addFilter(1015)) - Added filter static_user_filter (class=org.apache.hadoop.http.lib.StaticUserWebFilter$StaticUserFilter) to context logs
2023-06-06 14:29:42,465 [Time-limited test] INFO  http.HttpServer2 (HttpServer2.java:addFilter(1015)) - Added filter static_user_filter (class=org.apache.hadoop.http.lib.StaticUserWebFilter$StaticUserFilter) to context static
2023-06-06 14:29:42,466 [Time-limited test] INFO  http.BaseHttpServer (BaseHttpServer.java:<init>(190)) - HTTP server of hddsDatanode uses base directory /home/runner/work/ozone/ozone/hadoop-ozone/integration-test/target/test-dir/MiniOzoneClusterImpl-361cfd0c-44c3-4879-9ed3-7c7372459855/datanode-0/meta/webserver
2023-06-06 14:29:42,466 [Time-limited test] INFO  http.HttpServer2 (HttpServer2.java:bindListener(1250)) - Jetty bound to port 15218
2023-06-06 14:29:42,466 [Time-limited test] INFO  server.Server (Server.java:doStart(375)) - jetty-9.4.51.v20230217; built: 2023-02-17T08:19:37.309Z; git: b45c405e4544384de066f814ed42ae3dceacdd49; jvm 1.8.0_372-b07
2023-06-06 14:29:42,468 [Time-limited test] INFO  server.session (DefaultSessionIdManager.java:doStart(334)) - DefaultSessionIdManager workerName=node0
2023-06-06 14:29:42,468 [Time-limited test] INFO  server.session (DefaultSessionIdManager.java:doStart(339)) - No SessionScavenger set, using defaults
2023-06-06 14:29:42,468 [Time-limited test] INFO  server.session (HouseKeeper.java:startScavenging(132)) - node0 Scavenging every 660000ms
2023-06-06 14:29:42,468 [Time-limited test] INFO  handler.ContextHandler (ContextHandler.java:doStart(921)) - Started o.e.j.s.ServletContextHandler@4a77dff6{logs,/logs,file:///home/runner/work/ozone/ozone/hadoop-ozone/integration-test/target/log,AVAILABLE}
2023-06-06 14:29:42,469 [Time-limited test] INFO  handler.ContextHandler (ContextHandler.java:doStart(921)) - Started o.e.j.s.ServletContextHandler@7af33f6{static,/static,jar:file:/home/runner/.m2/repository/org/apache/ozone/hdds-container-service/1.4.0-SNAPSHOT/hdds-container-service-1.4.0-SNAPSHOT.jar!/webapps/static,AVAILABLE}
2023-06-06 14:29:42,657 [Time-limited test] INFO  handler.ContextHandler (ContextHandler.java:doStart(921)) - Started o.e.j.w.WebAppContext@1eaf94a8{hddsDatanode,/,file:///home/runner/work/ozone/ozone/hadoop-ozone/integration-test/target/test-dir/MiniOzoneClusterImpl-361cfd0c-44c3-4879-9ed3-7c7372459855/datanode-0/meta/webserver/jetty-0_0_0_0-15218-hdds-container-service-1_4_0-SNAPSHOT_jar-_-any-2904638538302866970/webapp/,AVAILABLE}{jar:file:/home/runner/.m2/repository/org/apache/ozone/hdds-container-service/1.4.0-SNAPSHOT/hdds-container-service-1.4.0-SNAPSHOT.jar!/webapps/hddsDatanode}
2023-06-06 14:29:42,658 [Time-limited test] INFO  server.AbstractConnector (AbstractConnector.java:doStart(333)) - Started ServerConnector@1a392669{HTTP/1.1, (http/1.1)}{0.0.0.0:15218}
2023-06-06 14:29:42,658 [Time-limited test] INFO  server.Server (Server.java:doStart(415)) - Started @191781ms
2023-06-06 14:29:42,658 [Time-limited test] WARN  impl.MetricsSystemImpl (MetricsSystemImpl.java:register(279)) - Sink prometheus already exists!
2023-06-06 14:29:42,659 [Time-limited test] INFO  http.BaseHttpServer (BaseHttpServer.java:updateConnectorAddress(344)) - HTTP server of hddsDatanode listening at http://0.0.0.0:15218
2023-06-06 14:29:42,659 [Time-limited test] INFO  ipc.CallQueueManager (CallQueueManager.java:<init>(90)) - Using callQueue: class java.util.concurrent.LinkedBlockingQueue, queueCapacity: 100, scheduler: class org.apache.hadoop.ipc.DefaultRpcScheduler, ipcBackoff: false.
2023-06-06 14:29:42,660 [Socket Reader #1 for port 15219] INFO  ipc.Server (Server.java:run(1319)) - Starting Socket Reader #1 for port 15219
2023-06-06 14:29:42,661 [Listener at 0.0.0.0/15219] INFO  hdds.HddsUtils (HddsUtils.java:preserveThreadName(843)) - Restoring thread name: Time-limited test
2023-06-06 14:29:42,661 [Time-limited test] INFO  ozone.HddsDatanodeService (HddsDatanodeService.java:start(331)) - Datanode start with admins: [runner]
2023-06-06 14:29:42,661 [Time-limited test] INFO  ozone.HddsDatanodeClientProtocolServer (HddsDatanodeClientProtocolServer.java:start(83)) - RPC server for Client /0.0.0.0:15219
2023-06-06 14:29:42,661 [IPC Server Responder] INFO  ipc.Server (Server.java:run(1558)) - IPC Server Responder: starting
2023-06-06 14:29:42,666 [Datanode State Machine Daemon Thread] INFO  statemachine.DatanodeStateMachine (DatanodeStateMachine.java:lambda$startDaemon$0(523)) - Ozone container server started.
2023-06-06 14:29:42,666 [Time-limited test] WARN  impl.MetricRegistriesImpl (MetricRegistriesImpl.java:addReporterRegistration(111)) - New reporters are added after registries were created. Some metrics will be missing from the reporter. Please add reporter before adding any new registry.
2023-06-06 14:29:42,667 [Time-limited test] WARN  impl.MetricRegistriesImpl (MetricRegistriesImpl.java:addReporterRegistration(111)) - New reporters are added after registries were created. Some metrics will be missing from the reporter. Please add reporter before adding any new registry.
2023-06-06 14:29:42,667 [Time-limited test] INFO  impl.MetricsSystemImpl (MetricsSystemImpl.java:init(158)) - HddsDatanode metrics system started (again)
2023-06-06 14:29:42,673 [Datanode State Machine Task Thread - 0] INFO  datanode.InitDatanodeState (InitDatanodeState.java:persistContainerDatanodeDetails(138)) - DatanodeDetails is persisted to /home/runner/work/ozone/ozone/hadoop-ozone/integration-test/target/test-dir/MiniOzoneClusterImpl-361cfd0c-44c3-4879-9ed3-7c7372459855/datanode-0/meta/datanode.id
2023-06-06 14:29:42,681 [Time-limited test] INFO  ozone.HddsDatanodeService (HddsDatanodeService.java:start(261)) - HddsDatanodeService host:fv-az1133-973.qlb2sqfkji0uhjsjdnlwzcsdwg.bx.internal.cloudapp.net ip:10.1.0.37
2023-06-06 14:29:42,681 [IPC Server listener on 15219] INFO  ipc.Server (Server.java:run(1398)) - IPC Server listener on 15219: starting
2023-06-06 14:29:42,706 [Time-limited test] INFO  upgrade.AbstractLayoutVersionManager (AbstractLayoutVersionManager.java:init(83)) - Initializing Layout version manager with metadata layout = HADOOP_PRC_PORTS_IN_DATANODEDETAILS (version = 7), software layout = HADOOP_PRC_PORTS_IN_DATANODEDETAILS (version = 7)
2023-06-06 14:29:42,707 [Time-limited test] INFO  statemachine.DatanodeStateMachine (DatanodeStateMachine.java:getEndPointTaskThreadPoolSize(271)) - Datanode State Machine Task Thread Pool size 2
2023-06-06 14:29:42,710 [Time-limited test] INFO  volume.HddsVolume (HddsVolume.java:<init>(130)) - Creating HddsVolume: /home/runner/work/ozone/ozone/hadoop-ozone/integration-test/target/test-dir/MiniOzoneClusterImpl-361cfd0c-44c3-4879-9ed3-7c7372459855/datanode-1/data-0/containers/hdds of storage type : DISK capacity : 9223372036854775807
2023-06-06 14:29:42,710 [Time-limited test] INFO  volume.MutableVolumeSet (MutableVolumeSet.java:initializeVolumeSet(175)) - Added Volume : /home/runner/work/ozone/ozone/hadoop-ozone/integration-test/target/test-dir/MiniOzoneClusterImpl-361cfd0c-44c3-4879-9ed3-7c7372459855/datanode-1/data-0/containers/hdds to VolumeSet
2023-06-06 14:29:42,710 [Time-limited test] INFO  volume.ThrottledAsyncChecker (ThrottledAsyncChecker.java:schedule(141)) - Scheduling a check for /home/runner/work/ozone/ozone/hadoop-ozone/integration-test/target/test-dir/MiniOzoneClusterImpl-361cfd0c-44c3-4879-9ed3-7c7372459855/datanode-1/data-0/containers/hdds
2023-06-06 14:29:42,711 [Time-limited test] INFO  volume.StorageVolumeChecker (StorageVolumeChecker.java:checkAllVolumes(202)) - Scheduled health check for volume /home/runner/work/ozone/ozone/hadoop-ozone/integration-test/target/test-dir/MiniOzoneClusterImpl-361cfd0c-44c3-4879-9ed3-7c7372459855/datanode-1/data-0/containers/hdds
2023-06-06 14:29:42,722 [Time-limited test] INFO  volume.MutableVolumeSet (MutableVolumeSet.java:initializeVolumeSet(175)) - Added Volume : /home/runner/work/ozone/ozone/hadoop-ozone/integration-test/target/test-dir/MiniOzoneClusterImpl-361cfd0c-44c3-4879-9ed3-7c7372459855/datanode-1/data/ratis to VolumeSet
2023-06-06 14:29:42,722 [Time-limited test] INFO  volume.ThrottledAsyncChecker (ThrottledAsyncChecker.java:schedule(141)) - Scheduling a check for /home/runner/work/ozone/ozone/hadoop-ozone/integration-test/target/test-dir/MiniOzoneClusterImpl-361cfd0c-44c3-4879-9ed3-7c7372459855/datanode-1/data/ratis
2023-06-06 14:29:42,722 [Time-limited test] INFO  volume.StorageVolumeChecker (StorageVolumeChecker.java:checkAllVolumes(202)) - Scheduled health check for volume /home/runner/work/ozone/ozone/hadoop-ozone/integration-test/target/test-dir/MiniOzoneClusterImpl-361cfd0c-44c3-4879-9ed3-7c7372459855/datanode-1/data/ratis
2023-06-06 14:29:42,733 [Thread-3104] INFO  ozoneimpl.ContainerReader (ContainerReader.java:readVolume(175)) - Finish verifying containers on volume /home/runner/work/ozone/ozone/hadoop-ozone/integration-test/target/test-dir/MiniOzoneClusterImpl-361cfd0c-44c3-4879-9ed3-7c7372459855/datanode-1/data-0/containers/hdds
2023-06-06 14:29:42,733 [Time-limited test] INFO  ozoneimpl.OzoneContainer (OzoneContainer.java:buildContainerSet(303)) - Build ContainerSet costs 0s
2023-06-06 14:29:42,734 [Time-limited test] INFO  server.RaftServer (ConfUtils.java:logGet(46)) - raft.rpc.type = GRPC (default)
2023-06-06 14:29:42,734 [Time-limited test] INFO  grpc.GrpcConfigKeys (ConfUtils.java:logFallback(53)) - raft.grpc.admin.host = null (fallback to raft.grpc.server.host)
2023-06-06 14:29:42,734 [Time-limited test] INFO  grpc.GrpcConfigKeys (ConfUtils.java:logGet(46)) - raft.grpc.admin.port = 15231 (custom)
2023-06-06 14:29:42,735 [Time-limited test] INFO  grpc.GrpcConfigKeys (ConfUtils.java:logFallback(53)) - raft.grpc.client.host = null (fallback to raft.grpc.server.host)
2023-06-06 14:29:42,735 [Time-limited test] INFO  grpc.GrpcConfigKeys (ConfUtils.java:logGet(46)) - raft.grpc.client.port = 15230 (custom)
2023-06-06 14:29:42,735 [Time-limited test] INFO  grpc.GrpcConfigKeys (ConfUtils.java:logGet(46)) - raft.grpc.server.host = null (default)
2023-06-06 14:29:42,735 [Time-limited test] INFO  grpc.GrpcConfigKeys (ConfUtils.java:logGet(46)) - raft.grpc.server.port = 15232 (custom)
2023-06-06 14:29:42,735 [Time-limited test] INFO  server.GrpcService (ConfUtils.java:logGet(46)) - raft.grpc.message.size.max = 32MB (=33554432) (custom)
2023-06-06 14:29:42,735 [Time-limited test] INFO  server.RaftServerConfigKeys (ConfUtils.java:logGet(46)) - raft.server.log.appender.buffer.byte-limit = 33554432 (custom)
2023-06-06 14:29:42,735 [Time-limited test] INFO  server.GrpcService (ConfUtils.java:logGet(46)) - raft.grpc.flow.control.window = 5MB (=5242880) (custom)
2023-06-06 14:29:42,735 [Time-limited test] INFO  server.RaftServerConfigKeys (ConfUtils.java:logGet(46)) - raft.server.rpc.request.timeout = 60s (custom)
2023-06-06 14:29:42,735 [Time-limited test] INFO  grpc.GrpcConfigKeys (ConfUtils.java:logGet(46)) - raft.grpc.server.heartbeat.channel = true (default)
2023-06-06 14:29:42,735 [Time-limited test] INFO  grpc.GrpcConfigKeys (ConfUtils.java:logGet(46)) - raft.grpc.server.async.request.thread.pool.cached = true (default)
2023-06-06 14:29:42,735 [Time-limited test] INFO  grpc.GrpcConfigKeys (ConfUtils.java:logGet(46)) - raft.grpc.server.async.request.thread.pool.size = 32 (default)
2023-06-06 14:29:42,737 [Time-limited test] INFO  impl.DataStreamServerImpl (ConfUtils.java:logGet(46)) - raft.datastream.type = NETTY (custom)
2023-06-06 14:29:42,737 [Time-limited test] INFO  server.RaftServerConfigKeys (ConfUtils.java:logGet(46)) - raft.server.data-stream.async.request.thread.pool.cached = false (default)
2023-06-06 14:29:42,737 [Time-limited test] INFO  server.RaftServerConfigKeys (ConfUtils.java:logGet(46)) - raft.server.data-stream.async.request.thread.pool.size = 20 (custom)
2023-06-06 14:29:42,737 [Time-limited test] INFO  server.RaftServerConfigKeys (ConfUtils.java:logGet(46)) - raft.server.data-stream.async.write.thread.pool.size = 16 (default)
2023-06-06 14:29:42,737 [Time-limited test] INFO  server.RaftServerConfigKeys (ConfUtils.java:logGet(46)) - raft.server.data-stream.client.pool.size = 10 (default)
2023-06-06 14:29:42,738 [Time-limited test] INFO  netty.NettyConfigKeys$DataStream (ConfUtils.java:logGet(46)) - raft.netty.dataStream.server.use-epoll = false (default)
2023-06-06 14:29:42,738 [Time-limited test] INFO  netty.NettyConfigKeys$DataStream (ConfUtils.java:logGet(46)) - raft.netty.dataStream.server.boss-group.size = 0 (default)
2023-06-06 14:29:42,738 [Time-limited test] INFO  netty.NettyConfigKeys$DataStream (ConfUtils.java:logGet(46)) - raft.netty.dataStream.server.worker-group.size = 0 (default)
2023-06-06 14:29:42,738 [Time-limited test] INFO  netty.NettyConfigKeys$DataStream (ConfUtils.java:logGet(46)) - raft.netty.dataStream.server.tls.conf = null (default)
2023-06-06 14:29:42,738 [Time-limited test] INFO  netty.NettyConfigKeys$DataStream (ConfUtils.java:logGet(46)) - raft.netty.dataStream.host = null (default)
2023-06-06 14:29:42,738 [Time-limited test] INFO  netty.NettyConfigKeys$DataStream (ConfUtils.java:logGet(46)) - raft.netty.dataStream.port = 15233 (custom)
2023-06-06 14:29:42,742 [Time-limited test] INFO  server.RaftServerConfigKeys (ConfUtils.java:logGet(46)) - raft.server.threadpool.proxy.cached = true (default)
2023-06-06 14:29:42,743 [Time-limited test] INFO  server.RaftServerConfigKeys (ConfUtils.java:logGet(46)) - raft.server.threadpool.proxy.size = 0 (default)
2023-06-06 14:29:42,743 [Time-limited test] INFO  server.RaftServerConfigKeys (ConfUtils.java:logGet(46)) - raft.server.rpc.slowness.timeout = 300s (custom)
2023-06-06 14:29:42,743 [Time-limited test] INFO  server.RaftServerConfigKeys (ConfUtils.java:logGet(46)) - raft.server.leaderelection.leader.step-down.wait-time = 10s (default)
2023-06-06 14:29:42,743 [Time-limited test] INFO  server.RaftServerConfigKeys (ConfUtils.java:logGet(46)) - raft.server.storage.dir = [/home/runner/work/ozone/ozone/hadoop-ozone/integration-test/target/test-dir/MiniOzoneClusterImpl-361cfd0c-44c3-4879-9ed3-7c7372459855/datanode-1/data/ratis] (custom)
2023-06-06 14:29:42,743 [5eef21ad-902e-47ea-91c0-32e633c63544-NettyServerStreamRpc-bossGroup--thread1] INFO  logging.LoggingHandler (AbstractInternalLogger.java:log(148)) - [id: 0x4781012f] REGISTERED
2023-06-06 14:29:42,743 [5eef21ad-902e-47ea-91c0-32e633c63544-NettyServerStreamRpc-bossGroup--thread1] INFO  logging.LoggingHandler (AbstractInternalLogger.java:log(148)) - [id: 0x4781012f] BIND: 0.0.0.0/0.0.0.0:15233
2023-06-06 14:29:42,743 [5eef21ad-902e-47ea-91c0-32e633c63544-NettyServerStreamRpc-bossGroup--thread1] INFO  logging.LoggingHandler (AbstractInternalLogger.java:log(148)) - [id: 0x4781012f, L:/0:0:0:0:0:0:0:0:15233] ACTIVE
2023-06-06 14:29:42,745 [Time-limited test] INFO  server.XceiverServerGrpc (XceiverServerGrpc.java:<init>(132)) - GrpcServer channel type EpollServerSocketChannel
2023-06-06 14:29:42,746 [Time-limited test] INFO  replication.ReplicationSupervisor (ReplicationSupervisor.java:nodeStateUpdated(305)) - Node state updated to IN_SERVICE, scaling executor pool size to 10
2023-06-06 14:29:42,747 [Time-limited test] INFO  http.BaseHttpServer (BaseHttpServer.java:newHttpServer2BuilderForOzone(224)) - Starting Web-server for hddsDatanode at: http://0.0.0.0:15227
2023-06-06 14:29:42,747 [Time-limited test] INFO  http.BaseHttpServer (BaseHttpServer.java:<init>(111)) - Hadoop Security Enabled: false Ozone Security Enabled: false Ozone HTTP Security Enabled: false 
2023-06-06 14:29:42,748 [Time-limited test] WARN  server.AuthenticationFilter (AuthenticationFilter.java:constructSecretProvider(240)) - Unable to initialize FileSignerSecretProvider, falling back to use random secrets. Reason: Could not read signature secret file: /home/runner/hadoop-http-auth-signature-secret
2023-06-06 14:29:42,748 [Time-limited test] INFO  http.HttpRequestLog (HttpRequestLog.java:getRequestLog(86)) - Http request log for http.requests.hddsDatanode is not defined
2023-06-06 14:29:42,749 [Time-limited test] INFO  http.HttpServer2 (HttpServer2.java:addGlobalFilter(1031)) - Added global filter 'safety' (class=org.apache.hadoop.hdds.server.http.HttpServer2$QuotingInputFilter)
2023-06-06 14:29:42,749 [Time-limited test] INFO  http.HttpServer2 (HttpServer2.java:addFilter(1007)) - Added filter static_user_filter (class=org.apache.hadoop.http.lib.StaticUserWebFilter$StaticUserFilter) to context hddsDatanode
2023-06-06 14:29:42,749 [Time-limited test] INFO  http.HttpServer2 (HttpServer2.java:addFilter(1015)) - Added filter static_user_filter (class=org.apache.hadoop.http.lib.StaticUserWebFilter$StaticUserFilter) to context logs
2023-06-06 14:29:42,749 [Time-limited test] INFO  http.HttpServer2 (HttpServer2.java:addFilter(1015)) - Added filter static_user_filter (class=org.apache.hadoop.http.lib.StaticUserWebFilter$StaticUserFilter) to context static
2023-06-06 14:29:42,750 [Time-limited test] INFO  http.BaseHttpServer (BaseHttpServer.java:<init>(190)) - HTTP server of hddsDatanode uses base directory /home/runner/work/ozone/ozone/hadoop-ozone/integration-test/target/test-dir/MiniOzoneClusterImpl-361cfd0c-44c3-4879-9ed3-7c7372459855/datanode-1/meta/webserver
2023-06-06 14:29:42,750 [Time-limited test] INFO  http.HttpServer2 (HttpServer2.java:bindListener(1250)) - Jetty bound to port 15227
2023-06-06 14:29:42,750 [Time-limited test] INFO  server.Server (Server.java:doStart(375)) - jetty-9.4.51.v20230217; built: 2023-02-17T08:19:37.309Z; git: b45c405e4544384de066f814ed42ae3dceacdd49; jvm 1.8.0_372-b07
2023-06-06 14:29:42,753 [Time-limited test] INFO  server.session (DefaultSessionIdManager.java:doStart(334)) - DefaultSessionIdManager workerName=node0
2023-06-06 14:29:42,753 [Time-limited test] INFO  server.session (DefaultSessionIdManager.java:doStart(339)) - No SessionScavenger set, using defaults
2023-06-06 14:29:42,754 [Time-limited test] INFO  server.session (HouseKeeper.java:startScavenging(132)) - node0 Scavenging every 600000ms
2023-06-06 14:29:42,754 [Time-limited test] INFO  handler.ContextHandler (ContextHandler.java:doStart(921)) - Started o.e.j.s.ServletContextHandler@2eea501a{logs,/logs,file:///home/runner/work/ozone/ozone/hadoop-ozone/integration-test/target/log,AVAILABLE}
2023-06-06 14:29:42,754 [Time-limited test] INFO  handler.ContextHandler (ContextHandler.java:doStart(921)) - Started o.e.j.s.ServletContextHandler@7f170760{static,/static,jar:file:/home/runner/.m2/repository/org/apache/ozone/hdds-container-service/1.4.0-SNAPSHOT/hdds-container-service-1.4.0-SNAPSHOT.jar!/webapps/static,AVAILABLE}
2023-06-06 14:29:42,943 [Time-limited test] INFO  handler.ContextHandler (ContextHandler.java:doStart(921)) - Started o.e.j.w.WebAppContext@7ea2d6f9{hddsDatanode,/,file:///home/runner/work/ozone/ozone/hadoop-ozone/integration-test/target/test-dir/MiniOzoneClusterImpl-361cfd0c-44c3-4879-9ed3-7c7372459855/datanode-1/meta/webserver/jetty-0_0_0_0-15227-hdds-container-service-1_4_0-SNAPSHOT_jar-_-any-8093601608197999685/webapp/,AVAILABLE}{jar:file:/home/runner/.m2/repository/org/apache/ozone/hdds-container-service/1.4.0-SNAPSHOT/hdds-container-service-1.4.0-SNAPSHOT.jar!/webapps/hddsDatanode}
2023-06-06 14:29:42,945 [Time-limited test] INFO  server.AbstractConnector (AbstractConnector.java:doStart(333)) - Started ServerConnector@25dda9eb{HTTP/1.1, (http/1.1)}{0.0.0.0:15227}
2023-06-06 14:29:42,945 [Time-limited test] INFO  server.Server (Server.java:doStart(415)) - Started @192067ms
2023-06-06 14:29:42,945 [Time-limited test] WARN  impl.MetricsSystemImpl (MetricsSystemImpl.java:register(279)) - Sink prometheus already exists!
2023-06-06 14:29:42,945 [Time-limited test] INFO  http.BaseHttpServer (BaseHttpServer.java:updateConnectorAddress(344)) - HTTP server of hddsDatanode listening at http://0.0.0.0:15227
2023-06-06 14:29:42,946 [Time-limited test] INFO  ipc.CallQueueManager (CallQueueManager.java:<init>(90)) - Using callQueue: class java.util.concurrent.LinkedBlockingQueue, queueCapacity: 100, scheduler: class org.apache.hadoop.ipc.DefaultRpcScheduler, ipcBackoff: false.
2023-06-06 14:29:42,950 [Socket Reader #1 for port 15228] INFO  ipc.Server (Server.java:run(1319)) - Starting Socket Reader #1 for port 15228
2023-06-06 14:29:42,952 [Listener at 0.0.0.0/15228] INFO  hdds.HddsUtils (HddsUtils.java:preserveThreadName(843)) - Restoring thread name: Time-limited test
2023-06-06 14:29:42,952 [Time-limited test] INFO  ozone.HddsDatanodeService (HddsDatanodeService.java:start(331)) - Datanode start with admins: [runner]
2023-06-06 14:29:42,952 [Time-limited test] INFO  ozone.HddsDatanodeClientProtocolServer (HddsDatanodeClientProtocolServer.java:start(83)) - RPC server for Client /0.0.0.0:15228
2023-06-06 14:29:42,954 [IPC Server Responder] INFO  ipc.Server (Server.java:run(1558)) - IPC Server Responder: starting
2023-06-06 14:29:42,961 [Time-limited test] WARN  impl.MetricRegistriesImpl (MetricRegistriesImpl.java:addReporterRegistration(111)) - New reporters are added after registries were created. Some metrics will be missing from the reporter. Please add reporter before adding any new registry.
2023-06-06 14:29:42,961 [Time-limited test] WARN  impl.MetricRegistriesImpl (MetricRegistriesImpl.java:addReporterRegistration(111)) - New reporters are added after registries were created. Some metrics will be missing from the reporter. Please add reporter before adding any new registry.
2023-06-06 14:29:42,962 [Time-limited test] INFO  impl.MetricsSystemImpl (MetricsSystemImpl.java:init(158)) - HddsDatanode metrics system started (again)
2023-06-06 14:29:42,962 [IPC Server listener on 15228] INFO  ipc.Server (Server.java:run(1398)) - IPC Server listener on 15228: starting
2023-06-06 14:29:42,961 [Datanode State Machine Daemon Thread] INFO  statemachine.DatanodeStateMachine (DatanodeStateMachine.java:lambda$startDaemon$0(523)) - Ozone container server started.
2023-06-06 14:29:42,974 [Time-limited test] INFO  ozone.HddsDatanodeService (HddsDatanodeService.java:start(261)) - HddsDatanodeService host:fv-az1133-973.qlb2sqfkji0uhjsjdnlwzcsdwg.bx.internal.cloudapp.net ip:10.1.0.37
2023-06-06 14:29:42,988 [Datanode State Machine Task Thread - 0] INFO  datanode.InitDatanodeState (InitDatanodeState.java:persistContainerDatanodeDetails(138)) - DatanodeDetails is persisted to /home/runner/work/ozone/ozone/hadoop-ozone/integration-test/target/test-dir/MiniOzoneClusterImpl-361cfd0c-44c3-4879-9ed3-7c7372459855/datanode-1/meta/datanode.id
2023-06-06 14:29:42,998 [Time-limited test] INFO  upgrade.AbstractLayoutVersionManager (AbstractLayoutVersionManager.java:init(83)) - Initializing Layout version manager with metadata layout = HADOOP_PRC_PORTS_IN_DATANODEDETAILS (version = 7), software layout = HADOOP_PRC_PORTS_IN_DATANODEDETAILS (version = 7)
2023-06-06 14:29:43,000 [Time-limited test] INFO  statemachine.DatanodeStateMachine (DatanodeStateMachine.java:getEndPointTaskThreadPoolSize(271)) - Datanode State Machine Task Thread Pool size 2
2023-06-06 14:29:43,006 [Time-limited test] INFO  volume.HddsVolume (HddsVolume.java:<init>(130)) - Creating HddsVolume: /home/runner/work/ozone/ozone/hadoop-ozone/integration-test/target/test-dir/MiniOzoneClusterImpl-361cfd0c-44c3-4879-9ed3-7c7372459855/datanode-2/data-0/containers/hdds of storage type : DISK capacity : 9223372036854775807
2023-06-06 14:29:43,006 [Time-limited test] INFO  volume.MutableVolumeSet (MutableVolumeSet.java:initializeVolumeSet(175)) - Added Volume : /home/runner/work/ozone/ozone/hadoop-ozone/integration-test/target/test-dir/MiniOzoneClusterImpl-361cfd0c-44c3-4879-9ed3-7c7372459855/datanode-2/data-0/containers/hdds to VolumeSet
2023-06-06 14:29:43,006 [Time-limited test] INFO  volume.ThrottledAsyncChecker (ThrottledAsyncChecker.java:schedule(141)) - Scheduling a check for /home/runner/work/ozone/ozone/hadoop-ozone/integration-test/target/test-dir/MiniOzoneClusterImpl-361cfd0c-44c3-4879-9ed3-7c7372459855/datanode-2/data-0/containers/hdds
2023-06-06 14:29:43,007 [Time-limited test] INFO  volume.StorageVolumeChecker (StorageVolumeChecker.java:checkAllVolumes(202)) - Scheduled health check for volume /home/runner/work/ozone/ozone/hadoop-ozone/integration-test/target/test-dir/MiniOzoneClusterImpl-361cfd0c-44c3-4879-9ed3-7c7372459855/datanode-2/data-0/containers/hdds
2023-06-06 14:29:43,017 [Time-limited test] INFO  volume.MutableVolumeSet (MutableVolumeSet.java:initializeVolumeSet(175)) - Added Volume : /home/runner/work/ozone/ozone/hadoop-ozone/integration-test/target/test-dir/MiniOzoneClusterImpl-361cfd0c-44c3-4879-9ed3-7c7372459855/datanode-2/data/ratis to VolumeSet
2023-06-06 14:29:43,018 [Time-limited test] INFO  volume.ThrottledAsyncChecker (ThrottledAsyncChecker.java:schedule(141)) - Scheduling a check for /home/runner/work/ozone/ozone/hadoop-ozone/integration-test/target/test-dir/MiniOzoneClusterImpl-361cfd0c-44c3-4879-9ed3-7c7372459855/datanode-2/data/ratis
2023-06-06 14:29:43,018 [Time-limited test] INFO  volume.StorageVolumeChecker (StorageVolumeChecker.java:checkAllVolumes(202)) - Scheduled health check for volume /home/runner/work/ozone/ozone/hadoop-ozone/integration-test/target/test-dir/MiniOzoneClusterImpl-361cfd0c-44c3-4879-9ed3-7c7372459855/datanode-2/data/ratis
2023-06-06 14:29:43,028 [Thread-3121] INFO  ozoneimpl.ContainerReader (ContainerReader.java:readVolume(175)) - Finish verifying containers on volume /home/runner/work/ozone/ozone/hadoop-ozone/integration-test/target/test-dir/MiniOzoneClusterImpl-361cfd0c-44c3-4879-9ed3-7c7372459855/datanode-2/data-0/containers/hdds
2023-06-06 14:29:43,028 [Time-limited test] INFO  ozoneimpl.OzoneContainer (OzoneContainer.java:buildContainerSet(303)) - Build ContainerSet costs 0s
2023-06-06 14:29:43,029 [Time-limited test] INFO  server.RaftServer (ConfUtils.java:logGet(46)) - raft.rpc.type = GRPC (default)
2023-06-06 14:29:43,030 [Time-limited test] INFO  grpc.GrpcConfigKeys (ConfUtils.java:logFallback(53)) - raft.grpc.admin.host = null (fallback to raft.grpc.server.host)
2023-06-06 14:29:43,030 [Time-limited test] INFO  grpc.GrpcConfigKeys (ConfUtils.java:logGet(46)) - raft.grpc.admin.port = 15240 (custom)
2023-06-06 14:29:43,030 [Time-limited test] INFO  grpc.GrpcConfigKeys (ConfUtils.java:logFallback(53)) - raft.grpc.client.host = null (fallback to raft.grpc.server.host)
2023-06-06 14:29:43,030 [Time-limited test] INFO  grpc.GrpcConfigKeys (ConfUtils.java:logGet(46)) - raft.grpc.client.port = 15239 (custom)
2023-06-06 14:29:43,030 [Time-limited test] INFO  grpc.GrpcConfigKeys (ConfUtils.java:logGet(46)) - raft.grpc.server.host = null (default)
2023-06-06 14:29:43,030 [Time-limited test] INFO  grpc.GrpcConfigKeys (ConfUtils.java:logGet(46)) - raft.grpc.server.port = 15241 (custom)
2023-06-06 14:29:43,030 [Time-limited test] INFO  server.GrpcService (ConfUtils.java:logGet(46)) - raft.grpc.message.size.max = 32MB (=33554432) (custom)
2023-06-06 14:29:43,030 [Time-limited test] INFO  server.RaftServerConfigKeys (ConfUtils.java:logGet(46)) - raft.server.log.appender.buffer.byte-limit = 33554432 (custom)
2023-06-06 14:29:43,030 [Time-limited test] INFO  server.GrpcService (ConfUtils.java:logGet(46)) - raft.grpc.flow.control.window = 5MB (=5242880) (custom)
2023-06-06 14:29:43,030 [Time-limited test] INFO  server.RaftServerConfigKeys (ConfUtils.java:logGet(46)) - raft.server.rpc.request.timeout = 60s (custom)
2023-06-06 14:29:43,030 [Time-limited test] INFO  grpc.GrpcConfigKeys (ConfUtils.java:logGet(46)) - raft.grpc.server.heartbeat.channel = true (default)
2023-06-06 14:29:43,030 [Time-limited test] INFO  grpc.GrpcConfigKeys (ConfUtils.java:logGet(46)) - raft.grpc.server.async.request.thread.pool.cached = true (default)
2023-06-06 14:29:43,030 [Time-limited test] INFO  grpc.GrpcConfigKeys (ConfUtils.java:logGet(46)) - raft.grpc.server.async.request.thread.pool.size = 32 (default)
2023-06-06 14:29:43,032 [Time-limited test] INFO  impl.DataStreamServerImpl (ConfUtils.java:logGet(46)) - raft.datastream.type = NETTY (custom)
2023-06-06 14:29:43,032 [Time-limited test] INFO  server.RaftServerConfigKeys (ConfUtils.java:logGet(46)) - raft.server.data-stream.async.request.thread.pool.cached = false (default)
2023-06-06 14:29:43,032 [Time-limited test] INFO  server.RaftServerConfigKeys (ConfUtils.java:logGet(46)) - raft.server.data-stream.async.request.thread.pool.size = 20 (custom)
2023-06-06 14:29:43,033 [Time-limited test] INFO  server.RaftServerConfigKeys (ConfUtils.java:logGet(46)) - raft.server.data-stream.async.write.thread.pool.size = 16 (default)
2023-06-06 14:29:43,033 [Time-limited test] INFO  server.RaftServerConfigKeys (ConfUtils.java:logGet(46)) - raft.server.data-stream.client.pool.size = 10 (default)
2023-06-06 14:29:43,033 [Time-limited test] INFO  netty.NettyConfigKeys$DataStream (ConfUtils.java:logGet(46)) - raft.netty.dataStream.server.use-epoll = false (default)
2023-06-06 14:29:43,033 [Time-limited test] INFO  netty.NettyConfigKeys$DataStream (ConfUtils.java:logGet(46)) - raft.netty.dataStream.server.boss-group.size = 0 (default)
2023-06-06 14:29:43,033 [Time-limited test] INFO  netty.NettyConfigKeys$DataStream (ConfUtils.java:logGet(46)) - raft.netty.dataStream.server.worker-group.size = 0 (default)
2023-06-06 14:29:43,033 [Time-limited test] INFO  netty.NettyConfigKeys$DataStream (ConfUtils.java:logGet(46)) - raft.netty.dataStream.server.tls.conf = null (default)
2023-06-06 14:29:43,033 [Time-limited test] INFO  netty.NettyConfigKeys$DataStream (ConfUtils.java:logGet(46)) - raft.netty.dataStream.host = null (default)
2023-06-06 14:29:43,033 [Time-limited test] INFO  netty.NettyConfigKeys$DataStream (ConfUtils.java:logGet(46)) - raft.netty.dataStream.port = 15242 (custom)
2023-06-06 14:29:43,034 [Time-limited test] INFO  server.RaftServerConfigKeys (ConfUtils.java:logGet(46)) - raft.server.threadpool.proxy.cached = true (default)
2023-06-06 14:29:43,034 [Time-limited test] INFO  server.RaftServerConfigKeys (ConfUtils.java:logGet(46)) - raft.server.threadpool.proxy.size = 0 (default)
2023-06-06 14:29:43,034 [Time-limited test] INFO  server.RaftServerConfigKeys (ConfUtils.java:logGet(46)) - raft.server.rpc.slowness.timeout = 300s (custom)
2023-06-06 14:29:43,034 [Time-limited test] INFO  server.RaftServerConfigKeys (ConfUtils.java:logGet(46)) - raft.server.leaderelection.leader.step-down.wait-time = 10s (default)
2023-06-06 14:29:43,034 [Time-limited test] INFO  server.RaftServerConfigKeys (ConfUtils.java:logGet(46)) - raft.server.storage.dir = [/home/runner/work/ozone/ozone/hadoop-ozone/integration-test/target/test-dir/MiniOzoneClusterImpl-361cfd0c-44c3-4879-9ed3-7c7372459855/datanode-2/data/ratis] (custom)
2023-06-06 14:29:43,035 [Time-limited test] INFO  server.XceiverServerGrpc (XceiverServerGrpc.java:<init>(132)) - GrpcServer channel type EpollServerSocketChannel
2023-06-06 14:29:43,036 [Time-limited test] INFO  replication.ReplicationSupervisor (ReplicationSupervisor.java:nodeStateUpdated(305)) - Node state updated to IN_SERVICE, scaling executor pool size to 10
2023-06-06 14:29:43,037 [d5652d2f-6525-48cf-9e21-3b5358e36b18-NettyServerStreamRpc-bossGroup--thread1] INFO  logging.LoggingHandler (AbstractInternalLogger.java:log(148)) - [id: 0x0b6f7c11] REGISTERED
2023-06-06 14:29:43,037 [d5652d2f-6525-48cf-9e21-3b5358e36b18-NettyServerStreamRpc-bossGroup--thread1] INFO  logging.LoggingHandler (AbstractInternalLogger.java:log(148)) - [id: 0x0b6f7c11] BIND: 0.0.0.0/0.0.0.0:15242
2023-06-06 14:29:43,037 [d5652d2f-6525-48cf-9e21-3b5358e36b18-NettyServerStreamRpc-bossGroup--thread1] INFO  logging.LoggingHandler (AbstractInternalLogger.java:log(148)) - [id: 0x0b6f7c11, L:/0:0:0:0:0:0:0:0:15242] ACTIVE
2023-06-06 14:29:43,038 [Time-limited test] INFO  http.BaseHttpServer (BaseHttpServer.java:newHttpServer2BuilderForOzone(224)) - Starting Web-server for hddsDatanode at: http://0.0.0.0:15236
2023-06-06 14:29:43,038 [Time-limited test] INFO  http.BaseHttpServer (BaseHttpServer.java:<init>(111)) - Hadoop Security Enabled: false Ozone Security Enabled: false Ozone HTTP Security Enabled: false 
2023-06-06 14:29:43,039 [Time-limited test] WARN  server.AuthenticationFilter (AuthenticationFilter.java:constructSecretProvider(240)) - Unable to initialize FileSignerSecretProvider, falling back to use random secrets. Reason: Could not read signature secret file: /home/runner/hadoop-http-auth-signature-secret
2023-06-06 14:29:43,040 [Time-limited test] INFO  http.HttpRequestLog (HttpRequestLog.java:getRequestLog(86)) - Http request log for http.requests.hddsDatanode is not defined
2023-06-06 14:29:43,041 [Time-limited test] INFO  http.HttpServer2 (HttpServer2.java:addGlobalFilter(1031)) - Added global filter 'safety' (class=org.apache.hadoop.hdds.server.http.HttpServer2$QuotingInputFilter)
2023-06-06 14:29:43,041 [Time-limited test] INFO  http.HttpServer2 (HttpServer2.java:addFilter(1007)) - Added filter static_user_filter (class=org.apache.hadoop.http.lib.StaticUserWebFilter$StaticUserFilter) to context hddsDatanode
2023-06-06 14:29:43,041 [Time-limited test] INFO  http.HttpServer2 (HttpServer2.java:addFilter(1015)) - Added filter static_user_filter (class=org.apache.hadoop.http.lib.StaticUserWebFilter$StaticUserFilter) to context static
2023-06-06 14:29:43,041 [Time-limited test] INFO  http.HttpServer2 (HttpServer2.java:addFilter(1015)) - Added filter static_user_filter (class=org.apache.hadoop.http.lib.StaticUserWebFilter$StaticUserFilter) to context logs
2023-06-06 14:29:43,044 [Time-limited test] INFO  http.BaseHttpServer (BaseHttpServer.java:<init>(190)) - HTTP server of hddsDatanode uses base directory /home/runner/work/ozone/ozone/hadoop-ozone/integration-test/target/test-dir/MiniOzoneClusterImpl-361cfd0c-44c3-4879-9ed3-7c7372459855/datanode-2/meta/webserver
2023-06-06 14:29:43,044 [Time-limited test] INFO  http.HttpServer2 (HttpServer2.java:bindListener(1250)) - Jetty bound to port 15236
2023-06-06 14:29:43,044 [Time-limited test] INFO  server.Server (Server.java:doStart(375)) - jetty-9.4.51.v20230217; built: 2023-02-17T08:19:37.309Z; git: b45c405e4544384de066f814ed42ae3dceacdd49; jvm 1.8.0_372-b07
2023-06-06 14:29:43,046 [Time-limited test] INFO  server.session (DefaultSessionIdManager.java:doStart(334)) - DefaultSessionIdManager workerName=node0
2023-06-06 14:29:43,046 [Time-limited test] INFO  server.session (DefaultSessionIdManager.java:doStart(339)) - No SessionScavenger set, using defaults
2023-06-06 14:29:43,046 [Time-limited test] INFO  server.session (HouseKeeper.java:startScavenging(132)) - node0 Scavenging every 660000ms
2023-06-06 14:29:43,046 [Time-limited test] INFO  handler.ContextHandler (ContextHandler.java:doStart(921)) - Started o.e.j.s.ServletContextHandler@33c983c0{logs,/logs,file:///home/runner/work/ozone/ozone/hadoop-ozone/integration-test/target/log,AVAILABLE}
2023-06-06 14:29:43,047 [Time-limited test] INFO  handler.ContextHandler (ContextHandler.java:doStart(921)) - Started o.e.j.s.ServletContextHandler@1dd56c77{static,/static,jar:file:/home/runner/.m2/repository/org/apache/ozone/hdds-container-service/1.4.0-SNAPSHOT/hdds-container-service-1.4.0-SNAPSHOT.jar!/webapps/static,AVAILABLE}
2023-06-06 14:29:43,235 [Time-limited test] INFO  handler.ContextHandler (ContextHandler.java:doStart(921)) - Started o.e.j.w.WebAppContext@457d9ea2{hddsDatanode,/,file:///home/runner/work/ozone/ozone/hadoop-ozone/integration-test/target/test-dir/MiniOzoneClusterImpl-361cfd0c-44c3-4879-9ed3-7c7372459855/datanode-2/meta/webserver/jetty-0_0_0_0-15236-hdds-container-service-1_4_0-SNAPSHOT_jar-_-any-6205983520095911306/webapp/,AVAILABLE}{jar:file:/home/runner/.m2/repository/org/apache/ozone/hdds-container-service/1.4.0-SNAPSHOT/hdds-container-service-1.4.0-SNAPSHOT.jar!/webapps/hddsDatanode}
2023-06-06 14:29:43,236 [Time-limited test] INFO  server.AbstractConnector (AbstractConnector.java:doStart(333)) - Started ServerConnector@12d8d1f9{HTTP/1.1, (http/1.1)}{0.0.0.0:15236}
2023-06-06 14:29:43,237 [Time-limited test] INFO  server.Server (Server.java:doStart(415)) - Started @192359ms
2023-06-06 14:29:43,237 [Time-limited test] WARN  impl.MetricsSystemImpl (MetricsSystemImpl.java:register(279)) - Sink prometheus already exists!
2023-06-06 14:29:43,237 [Time-limited test] INFO  http.BaseHttpServer (BaseHttpServer.java:updateConnectorAddress(344)) - HTTP server of hddsDatanode listening at http://0.0.0.0:15236
2023-06-06 14:29:43,237 [Time-limited test] INFO  ipc.CallQueueManager (CallQueueManager.java:<init>(90)) - Using callQueue: class java.util.concurrent.LinkedBlockingQueue, queueCapacity: 100, scheduler: class org.apache.hadoop.ipc.DefaultRpcScheduler, ipcBackoff: false.
2023-06-06 14:29:43,238 [Socket Reader #1 for port 15237] INFO  ipc.Server (Server.java:run(1319)) - Starting Socket Reader #1 for port 15237
2023-06-06 14:29:43,243 [Listener at 0.0.0.0/15237] INFO  hdds.HddsUtils (HddsUtils.java:preserveThreadName(843)) - Restoring thread name: Time-limited test
2023-06-06 14:29:43,243 [Time-limited test] INFO  ozone.HddsDatanodeService (HddsDatanodeService.java:start(331)) - Datanode start with admins: [runner]
2023-06-06 14:29:43,243 [Time-limited test] INFO  ozone.HddsDatanodeClientProtocolServer (HddsDatanodeClientProtocolServer.java:start(83)) - RPC server for Client /0.0.0.0:15237
2023-06-06 14:29:43,243 [IPC Server Responder] INFO  ipc.Server (Server.java:run(1558)) - IPC Server Responder: starting
2023-06-06 14:29:43,243 [IPC Server listener on 15237] INFO  ipc.Server (Server.java:run(1398)) - IPC Server listener on 15237: starting
2023-06-06 14:29:43,244 [Datanode State Machine Daemon Thread] INFO  statemachine.DatanodeStateMachine (DatanodeStateMachine.java:lambda$startDaemon$0(523)) - Ozone container server started.
2023-06-06 14:29:43,244 [Time-limited test] INFO  ozone.MiniOzoneClusterImpl (MiniOzoneClusterImpl.java:lambda$waitForClusterToBeReady$0(222)) - Waiting for nodes to be ready. Got 0 of 3 DN Heartbeats.
2023-06-06 14:29:43,244 [Time-limited test] INFO  ozone.MiniOzoneClusterImpl (MiniOzoneClusterImpl.java:lambda$waitForClusterToBeReady$0(225)) - Waiting for cluster to exit safe mode
2023-06-06 14:29:43,244 [Time-limited test] INFO  ozone.MiniOzoneClusterImpl (MiniOzoneClusterImpl.java:lambda$waitForClusterToBeReady$0(227)) - SCM became leader
2023-06-06 14:29:43,250 [Datanode State Machine Task Thread - 0] INFO  datanode.InitDatanodeState (InitDatanodeState.java:persistContainerDatanodeDetails(138)) - DatanodeDetails is persisted to /home/runner/work/ozone/ozone/hadoop-ozone/integration-test/target/test-dir/MiniOzoneClusterImpl-361cfd0c-44c3-4879-9ed3-7c7372459855/datanode-2/meta/datanode.id
2023-06-06 14:29:43,390 [om1@group-C5BA1605619E-FollowerState] INFO  impl.FollowerState (FollowerState.java:run(143)) - om1@group-C5BA1605619E-FollowerState: change to CANDIDATE, lastRpcElapsedTime:1038036561ns, electionTimeout:1037ms
2023-06-06 14:29:43,390 [om1@group-C5BA1605619E-FollowerState] INFO  impl.RoleInfo (RoleInfo.java:shutdownFollowerState(110)) - om1: shutdown om1@group-C5BA1605619E-FollowerState
2023-06-06 14:29:43,390 [om1@group-C5BA1605619E-FollowerState] INFO  server.RaftServer$Division (RaftServerImpl.java:setRole(329)) - om1@group-C5BA1605619E: changes role from  FOLLOWER to CANDIDATE at term 0 for changeToCandidate
2023-06-06 14:29:43,390 [om1@group-C5BA1605619E-FollowerState] INFO  server.RaftServerConfigKeys (ConfUtils.java:logGet(46)) - raft.server.leaderelection.pre-vote = true (default)
2023-06-06 14:29:43,390 [om1@group-C5BA1605619E-FollowerState] INFO  impl.RoleInfo (RoleInfo.java:updateAndGet(139)) - om1: start om1@group-C5BA1605619E-LeaderElection44
2023-06-06 14:29:43,392 [om1@group-C5BA1605619E-LeaderElection44] INFO  impl.LeaderElection (LeaderElection.java:askForVotes(321)) - om1@group-C5BA1605619E-LeaderElection44 PRE_VOTE round 0: submit vote requests at term 0 for -1: peers:[om1|rpc:localhost:15216|priority:0|startupRole:FOLLOWER]|listeners:[], old=null
2023-06-06 14:29:43,392 [om1@group-C5BA1605619E-LeaderElection44] INFO  impl.LeaderElection (LeaderElection.java:askForVotes(323)) - om1@group-C5BA1605619E-LeaderElection44 PRE_VOTE round 0: result PASSED (term=0)
2023-06-06 14:29:43,394 [om1@group-C5BA1605619E-LeaderElection44] INFO  impl.LeaderElection (LeaderElection.java:askForVotes(321)) - om1@group-C5BA1605619E-LeaderElection44 ELECTION round 0: submit vote requests at term 1 for -1: peers:[om1|rpc:localhost:15216|priority:0|startupRole:FOLLOWER]|listeners:[], old=null
2023-06-06 14:29:43,394 [om1@group-C5BA1605619E-LeaderElection44] INFO  impl.LeaderElection (LeaderElection.java:askForVotes(323)) - om1@group-C5BA1605619E-LeaderElection44 ELECTION round 0: result PASSED (term=1)
2023-06-06 14:29:43,394 [om1@group-C5BA1605619E-LeaderElection44] INFO  impl.RoleInfo (RoleInfo.java:shutdownLeaderElection(130)) - om1: shutdown om1@group-C5BA1605619E-LeaderElection44
2023-06-06 14:29:43,394 [om1@group-C5BA1605619E-LeaderElection44] INFO  server.RaftServer$Division (RaftServerImpl.java:setRole(329)) - om1@group-C5BA1605619E: changes role from CANDIDATE to LEADER at term 1 for changeToLeader
2023-06-06 14:29:43,394 [om1@group-C5BA1605619E-LeaderElection44] INFO  server.RaftServer$Division (ServerState.java:setLeader(317)) - om1@group-C5BA1605619E: change Leader from null to om1 at term 1 for becomeLeader, leader elected after 1382ms
2023-06-06 14:29:43,394 [om1@group-C5BA1605619E-LeaderElection44] INFO  server.RaftServerConfigKeys (ConfUtils.java:logGet(46)) - raft.server.staging.catchup.gap = 1000 (default)
2023-06-06 14:29:43,394 [om1@group-C5BA1605619E-LeaderElection44] INFO  server.RaftServerConfigKeys (ConfUtils.java:logGet(46)) - raft.server.write.element-limit = 4096 (default)
2023-06-06 14:29:43,394 [om1@group-C5BA1605619E-LeaderElection44] INFO  server.RaftServerConfigKeys (ConfUtils.java:logGet(46)) - raft.server.write.byte-limit = 64MB (=67108864) (default)
2023-06-06 14:29:43,394 [om1@group-C5BA1605619E-LeaderElection44] INFO  server.RaftServerConfigKeys (ConfUtils.java:logGet(46)) - raft.server.watch.timeout = 10s (default)
2023-06-06 14:29:43,394 [om1@group-C5BA1605619E-LeaderElection44] INFO  server.RaftServerConfigKeys (ConfUtils.java:logGet(46)) - raft.server.watch.timeout.denomination = 1s (default)
2023-06-06 14:29:43,395 [om1@group-C5BA1605619E-LeaderElection44] INFO  server.RaftServerConfigKeys (ConfUtils.java:logGet(46)) - raft.server.watch.element-limit = 65536 (default)
2023-06-06 14:29:43,395 [om1@group-C5BA1605619E-LeaderElection44] INFO  server.RaftServerConfigKeys (ConfUtils.java:logGet(46)) - raft.server.write.element-limit = 4096 (default)
2023-06-06 14:29:43,395 [om1@group-C5BA1605619E-LeaderElection44] INFO  server.RaftServerConfigKeys (ConfUtils.java:logGet(46)) - raft.server.write.follower.gap.ratio.max = -1.0 (default)
2023-06-06 14:29:43,395 [om1@group-C5BA1605619E-LeaderElection44] INFO  impl.RoleInfo (RoleInfo.java:updateAndGet(139)) - om1: start om1@group-C5BA1605619E-LeaderStateImpl
2023-06-06 14:29:43,395 [om1@group-C5BA1605619E-LeaderElection44] INFO  segmented.SegmentedRaftLogWorker (SegmentedRaftLogWorker.java:startLogSegment(447)) - om1@group-C5BA1605619E-SegmentedRaftLogWorker: Starting segment from index:0
2023-06-06 14:29:43,398 [om1@group-C5BA1605619E-LeaderElection44] INFO  server.RaftServer$Division (ServerState.java:setRaftConf(434)) - om1@group-C5BA1605619E: set configuration 0: peers:[om1|rpc:localhost:15216|admin:|client:|dataStream:|priority:0|startupRole:FOLLOWER]|listeners:[], old=null
2023-06-06 14:29:43,405 [om1@group-C5BA1605619E-SegmentedRaftLogWorker] INFO  segmented.SegmentedRaftLogWorker (SegmentedRaftLogWorker.java:execute(651)) - om1@group-C5BA1605619E-SegmentedRaftLogWorker: created new log segment /home/runner/work/ozone/ozone/hadoop-ozone/integration-test/target/test-dir/MiniOzoneClusterImpl-361cfd0c-44c3-4879-9ed3-7c7372459855/ozone-meta/ratis/bf265839-605b-3f16-9796-c5ba1605619e/current/log_inprogress_0
2023-06-06 14:29:43,406 [om1@group-C5BA1605619E-StateMachineUpdater] INFO  ratis.OzoneManagerStateMachine (OzoneManagerStateMachine.java:notifyConfigurationChanged(201)) - Received Configuration change notification from Ratis. New Peer list:
[id: "om1"
address: "localhost:15216"
startupRole: FOLLOWER
]
2023-06-06 14:29:44,244 [Time-limited test] INFO  ozone.MiniOzoneClusterImpl (MiniOzoneClusterImpl.java:lambda$waitForClusterToBeReady$0(222)) - Waiting for nodes to be ready. Got 0 of 3 DN Heartbeats.
2023-06-06 14:29:44,244 [Time-limited test] INFO  ozone.MiniOzoneClusterImpl (MiniOzoneClusterImpl.java:lambda$waitForClusterToBeReady$0(225)) - Waiting for cluster to exit safe mode
2023-06-06 14:29:44,244 [Time-limited test] INFO  ozone.MiniOzoneClusterImpl (MiniOzoneClusterImpl.java:lambda$waitForClusterToBeReady$0(227)) - SCM became leader
2023-06-06 14:29:44,697 [EndpointStateMachine task thread for /0.0.0.0:15211 - 0 ] INFO  utils.DatanodeStoreCache (DatanodeStoreCache.java:addDB(66)) - Added db /home/runner/work/ozone/ozone/hadoop-ozone/integration-test/target/test-dir/MiniOzoneClusterImpl-361cfd0c-44c3-4879-9ed3-7c7372459855/datanode-0/data-0/containers/hdds/361cfd0c-44c3-4879-9ed3-7c7372459855/DS-bd76823a-fbda-4f12-9de7-8cc44aac44f2/container.db to cache
2023-06-06 14:29:44,697 [EndpointStateMachine task thread for /0.0.0.0:15211 - 0 ] INFO  volume.HddsVolume (HddsVolume.java:createDbStore(350)) - SchemaV3 db is created and loaded at /home/runner/work/ozone/ozone/hadoop-ozone/integration-test/target/test-dir/MiniOzoneClusterImpl-361cfd0c-44c3-4879-9ed3-7c7372459855/datanode-0/data-0/containers/hdds/361cfd0c-44c3-4879-9ed3-7c7372459855/DS-bd76823a-fbda-4f12-9de7-8cc44aac44f2/container.db for volume DS-bd76823a-fbda-4f12-9de7-8cc44aac44f2
2023-06-06 14:29:44,697 [EndpointStateMachine task thread for /0.0.0.0:15211 - 0 ] INFO  ozoneimpl.OzoneContainer (OzoneContainer.java:start(398)) - Attempting to start container services.
2023-06-06 14:29:44,698 [EndpointStateMachine task thread for /0.0.0.0:15211 - 0 ] INFO  ozoneimpl.OzoneContainer (OzoneContainer.java:startContainerScrub(314)) - Scheduled background container scanners and the on-demand container scanner have been disabled.
2023-06-06 14:29:44,701 [EndpointStateMachine task thread for /0.0.0.0:15211 - 0 ] INFO  replication.ReplicationServer (ReplicationServer.java:start(128)) - ReplicationServer is started using port 15225
2023-06-06 14:29:44,701 [EndpointStateMachine task thread for /0.0.0.0:15211 - 0 ] INFO  ratis.XceiverServerRatis (XceiverServerRatis.java:start(517)) - Starting XceiverServerRatis 6a44a47c-c3cb-455f-a4b0-0f80624e99c4
2023-06-06 14:29:44,702 [EndpointStateMachine task thread for /0.0.0.0:15211 - 0 ] INFO  server.RaftServer (RaftServerProxy.java:startImpl(400)) - 6a44a47c-c3cb-455f-a4b0-0f80624e99c4: start RPC server
2023-06-06 14:29:44,702 [EndpointStateMachine task thread for /0.0.0.0:15211 - 0 ] INFO  server.GrpcService (GrpcService.java:startImpl(302)) - 6a44a47c-c3cb-455f-a4b0-0f80624e99c4: GrpcService started, listening on 15221
2023-06-06 14:29:44,702 [EndpointStateMachine task thread for /0.0.0.0:15211 - 0 ] INFO  server.GrpcService (GrpcService.java:startImpl(302)) - 6a44a47c-c3cb-455f-a4b0-0f80624e99c4: GrpcService started, listening on 15223
2023-06-06 14:29:44,703 [EndpointStateMachine task thread for /0.0.0.0:15211 - 0 ] INFO  server.GrpcService (GrpcService.java:startImpl(302)) - 6a44a47c-c3cb-455f-a4b0-0f80624e99c4: GrpcService started, listening on 15222
2023-06-06 14:29:44,703 [EndpointStateMachine task thread for /0.0.0.0:15211 - 0 ] INFO  ratis.XceiverServerRatis (XceiverServerRatis.java:getRealPort(543)) - XceiverServerRatis 6a44a47c-c3cb-455f-a4b0-0f80624e99c4 is started using port 15221 for RATIS
2023-06-06 14:29:44,703 [EndpointStateMachine task thread for /0.0.0.0:15211 - 0 ] INFO  ratis.XceiverServerRatis (XceiverServerRatis.java:getRealPort(543)) - XceiverServerRatis 6a44a47c-c3cb-455f-a4b0-0f80624e99c4 is started using port 15222 for RATIS_ADMIN
2023-06-06 14:29:44,703 [JvmPauseMonitor35] INFO  util.JvmPauseMonitor (JvmPauseMonitor.java:run(103)) - JvmPauseMonitor-6a44a47c-c3cb-455f-a4b0-0f80624e99c4: Started
2023-06-06 14:29:44,703 [EndpointStateMachine task thread for /0.0.0.0:15211 - 0 ] INFO  ratis.XceiverServerRatis (XceiverServerRatis.java:getRealPort(543)) - XceiverServerRatis 6a44a47c-c3cb-455f-a4b0-0f80624e99c4 is started using port 15223 for RATIS_SERVER
2023-06-06 14:29:44,703 [EndpointStateMachine task thread for /0.0.0.0:15211 - 0 ] INFO  ratis.XceiverServerRatis (XceiverServerRatis.java:getRealPort(543)) - XceiverServerRatis 6a44a47c-c3cb-455f-a4b0-0f80624e99c4 is started using port 15224 for RATIS_DATASTREAM
2023-06-06 14:29:44,704 [BlockDeletingService#0] INFO  interfaces.ContainerDeletionChoosingPolicyTemplate (ContainerDeletionChoosingPolicyTemplate.java:chooseContainerForBlockDeletion(83)) - Chosen 0/5000 blocks from 0 candidate containers.
2023-06-06 14:29:45,001 [EndpointStateMachine task thread for /0.0.0.0:15211 - 0 ] INFO  utils.DatanodeStoreCache (DatanodeStoreCache.java:addDB(66)) - Added db /home/runner/work/ozone/ozone/hadoop-ozone/integration-test/target/test-dir/MiniOzoneClusterImpl-361cfd0c-44c3-4879-9ed3-7c7372459855/datanode-1/data-0/containers/hdds/361cfd0c-44c3-4879-9ed3-7c7372459855/DS-c8d0563e-81b9-4e32-bbd0-fe807ede487c/container.db to cache
2023-06-06 14:29:45,001 [EndpointStateMachine task thread for /0.0.0.0:15211 - 0 ] INFO  volume.HddsVolume (HddsVolume.java:createDbStore(350)) - SchemaV3 db is created and loaded at /home/runner/work/ozone/ozone/hadoop-ozone/integration-test/target/test-dir/MiniOzoneClusterImpl-361cfd0c-44c3-4879-9ed3-7c7372459855/datanode-1/data-0/containers/hdds/361cfd0c-44c3-4879-9ed3-7c7372459855/DS-c8d0563e-81b9-4e32-bbd0-fe807ede487c/container.db for volume DS-c8d0563e-81b9-4e32-bbd0-fe807ede487c
2023-06-06 14:29:45,002 [EndpointStateMachine task thread for /0.0.0.0:15211 - 0 ] INFO  ozoneimpl.OzoneContainer (OzoneContainer.java:start(398)) - Attempting to start container services.
2023-06-06 14:29:45,002 [EndpointStateMachine task thread for /0.0.0.0:15211 - 0 ] INFO  ozoneimpl.OzoneContainer (OzoneContainer.java:startContainerScrub(314)) - Scheduled background container scanners and the on-demand container scanner have been disabled.
2023-06-06 14:29:45,002 [EndpointStateMachine task thread for /0.0.0.0:15211 - 0 ] INFO  replication.ReplicationServer (ReplicationServer.java:start(128)) - ReplicationServer is started using port 15234
2023-06-06 14:29:45,002 [EndpointStateMachine task thread for /0.0.0.0:15211 - 0 ] INFO  ratis.XceiverServerRatis (XceiverServerRatis.java:start(517)) - Starting XceiverServerRatis 5eef21ad-902e-47ea-91c0-32e633c63544
2023-06-06 14:29:45,011 [EndpointStateMachine task thread for /0.0.0.0:15211 - 0 ] INFO  server.RaftServer (RaftServerProxy.java:startImpl(400)) - 5eef21ad-902e-47ea-91c0-32e633c63544: start RPC server
2023-06-06 14:29:45,011 [EndpointStateMachine task thread for /0.0.0.0:15211 - 0 ] INFO  server.GrpcService (GrpcService.java:startImpl(302)) - 5eef21ad-902e-47ea-91c0-32e633c63544: GrpcService started, listening on 15230
2023-06-06 14:29:45,012 [EndpointStateMachine task thread for /0.0.0.0:15211 - 0 ] INFO  server.GrpcService (GrpcService.java:startImpl(302)) - 5eef21ad-902e-47ea-91c0-32e633c63544: GrpcService started, listening on 15232
2023-06-06 14:29:45,012 [EndpointStateMachine task thread for /0.0.0.0:15211 - 0 ] INFO  server.GrpcService (GrpcService.java:startImpl(302)) - 5eef21ad-902e-47ea-91c0-32e633c63544: GrpcService started, listening on 15231
2023-06-06 14:29:45,013 [EndpointStateMachine task thread for /0.0.0.0:15211 - 0 ] INFO  ratis.XceiverServerRatis (XceiverServerRatis.java:getRealPort(543)) - XceiverServerRatis 5eef21ad-902e-47ea-91c0-32e633c63544 is started using port 15230 for RATIS
2023-06-06 14:29:45,013 [EndpointStateMachine task thread for /0.0.0.0:15211 - 0 ] INFO  ratis.XceiverServerRatis (XceiverServerRatis.java:getRealPort(543)) - XceiverServerRatis 5eef21ad-902e-47ea-91c0-32e633c63544 is started using port 15231 for RATIS_ADMIN
2023-06-06 14:29:45,014 [EndpointStateMachine task thread for /0.0.0.0:15211 - 0 ] INFO  ratis.XceiverServerRatis (XceiverServerRatis.java:getRealPort(543)) - XceiverServerRatis 5eef21ad-902e-47ea-91c0-32e633c63544 is started using port 15232 for RATIS_SERVER
2023-06-06 14:29:45,014 [EndpointStateMachine task thread for /0.0.0.0:15211 - 0 ] INFO  ratis.XceiverServerRatis (XceiverServerRatis.java:getRealPort(543)) - XceiverServerRatis 5eef21ad-902e-47ea-91c0-32e633c63544 is started using port 15233 for RATIS_DATASTREAM
2023-06-06 14:29:45,015 [JvmPauseMonitor36] INFO  util.JvmPauseMonitor (JvmPauseMonitor.java:run(103)) - JvmPauseMonitor-5eef21ad-902e-47ea-91c0-32e633c63544: Started
2023-06-06 14:29:45,018 [BlockDeletingService#0] INFO  interfaces.ContainerDeletionChoosingPolicyTemplate (ContainerDeletionChoosingPolicyTemplate.java:chooseContainerForBlockDeletion(83)) - Chosen 0/5000 blocks from 0 candidate containers.
2023-06-06 14:29:45,244 [Time-limited test] INFO  ozone.MiniOzoneClusterImpl (MiniOzoneClusterImpl.java:lambda$waitForClusterToBeReady$0(222)) - Waiting for nodes to be ready. Got 0 of 3 DN Heartbeats.
2023-06-06 14:29:45,244 [Time-limited test] INFO  ozone.MiniOzoneClusterImpl (MiniOzoneClusterImpl.java:lambda$waitForClusterToBeReady$0(225)) - Waiting for cluster to exit safe mode
2023-06-06 14:29:45,244 [Time-limited test] INFO  ozone.MiniOzoneClusterImpl (MiniOzoneClusterImpl.java:lambda$waitForClusterToBeReady$0(227)) - SCM became leader
2023-06-06 14:29:45,279 [EndpointStateMachine task thread for /0.0.0.0:15211 - 0 ] INFO  utils.DatanodeStoreCache (DatanodeStoreCache.java:addDB(66)) - Added db /home/runner/work/ozone/ozone/hadoop-ozone/integration-test/target/test-dir/MiniOzoneClusterImpl-361cfd0c-44c3-4879-9ed3-7c7372459855/datanode-2/data-0/containers/hdds/361cfd0c-44c3-4879-9ed3-7c7372459855/DS-857d6bce-a2cc-438f-915c-4e58f286c943/container.db to cache
2023-06-06 14:29:45,279 [EndpointStateMachine task thread for /0.0.0.0:15211 - 0 ] INFO  volume.HddsVolume (HddsVolume.java:createDbStore(350)) - SchemaV3 db is created and loaded at /home/runner/work/ozone/ozone/hadoop-ozone/integration-test/target/test-dir/MiniOzoneClusterImpl-361cfd0c-44c3-4879-9ed3-7c7372459855/datanode-2/data-0/containers/hdds/361cfd0c-44c3-4879-9ed3-7c7372459855/DS-857d6bce-a2cc-438f-915c-4e58f286c943/container.db for volume DS-857d6bce-a2cc-438f-915c-4e58f286c943
2023-06-06 14:29:45,279 [EndpointStateMachine task thread for /0.0.0.0:15211 - 0 ] INFO  ozoneimpl.OzoneContainer (OzoneContainer.java:start(398)) - Attempting to start container services.
2023-06-06 14:29:45,279 [EndpointStateMachine task thread for /0.0.0.0:15211 - 0 ] INFO  ozoneimpl.OzoneContainer (OzoneContainer.java:startContainerScrub(314)) - Scheduled background container scanners and the on-demand container scanner have been disabled.
2023-06-06 14:29:45,280 [EndpointStateMachine task thread for /0.0.0.0:15211 - 0 ] INFO  replication.ReplicationServer (ReplicationServer.java:start(128)) - ReplicationServer is started using port 15243
2023-06-06 14:29:45,283 [EndpointStateMachine task thread for /0.0.0.0:15211 - 0 ] INFO  ratis.XceiverServerRatis (XceiverServerRatis.java:start(517)) - Starting XceiverServerRatis d5652d2f-6525-48cf-9e21-3b5358e36b18
2023-06-06 14:29:45,286 [EndpointStateMachine task thread for /0.0.0.0:15211 - 0 ] INFO  server.RaftServer (RaftServerProxy.java:startImpl(400)) - d5652d2f-6525-48cf-9e21-3b5358e36b18: start RPC server
2023-06-06 14:29:45,286 [EndpointStateMachine task thread for /0.0.0.0:15211 - 0 ] INFO  server.GrpcService (GrpcService.java:startImpl(302)) - d5652d2f-6525-48cf-9e21-3b5358e36b18: GrpcService started, listening on 15239
2023-06-06 14:29:45,287 [EndpointStateMachine task thread for /0.0.0.0:15211 - 0 ] INFO  server.GrpcService (GrpcService.java:startImpl(302)) - d5652d2f-6525-48cf-9e21-3b5358e36b18: GrpcService started, listening on 15241
2023-06-06 14:29:45,287 [EndpointStateMachine task thread for /0.0.0.0:15211 - 0 ] INFO  server.GrpcService (GrpcService.java:startImpl(302)) - d5652d2f-6525-48cf-9e21-3b5358e36b18: GrpcService started, listening on 15240
2023-06-06 14:29:45,290 [EndpointStateMachine task thread for /0.0.0.0:15211 - 0 ] INFO  ratis.XceiverServerRatis (XceiverServerRatis.java:getRealPort(543)) - XceiverServerRatis d5652d2f-6525-48cf-9e21-3b5358e36b18 is started using port 15239 for RATIS
2023-06-06 14:29:45,290 [EndpointStateMachine task thread for /0.0.0.0:15211 - 0 ] INFO  ratis.XceiverServerRatis (XceiverServerRatis.java:getRealPort(543)) - XceiverServerRatis d5652d2f-6525-48cf-9e21-3b5358e36b18 is started using port 15240 for RATIS_ADMIN
2023-06-06 14:29:45,290 [EndpointStateMachine task thread for /0.0.0.0:15211 - 0 ] INFO  ratis.XceiverServerRatis (XceiverServerRatis.java:getRealPort(543)) - XceiverServerRatis d5652d2f-6525-48cf-9e21-3b5358e36b18 is started using port 15241 for RATIS_SERVER
2023-06-06 14:29:45,290 [EndpointStateMachine task thread for /0.0.0.0:15211 - 0 ] INFO  ratis.XceiverServerRatis (XceiverServerRatis.java:getRealPort(543)) - XceiverServerRatis d5652d2f-6525-48cf-9e21-3b5358e36b18 is started using port 15242 for RATIS_DATASTREAM
2023-06-06 14:29:45,293 [JvmPauseMonitor37] INFO  util.JvmPauseMonitor (JvmPauseMonitor.java:run(103)) - JvmPauseMonitor-d5652d2f-6525-48cf-9e21-3b5358e36b18: Started
2023-06-06 14:29:45,298 [BlockDeletingService#0] INFO  interfaces.ContainerDeletionChoosingPolicyTemplate (ContainerDeletionChoosingPolicyTemplate.java:chooseContainerForBlockDeletion(83)) - Chosen 0/5000 blocks from 0 candidate containers.
2023-06-06 14:29:46,245 [Time-limited test] INFO  ozone.MiniOzoneClusterImpl (MiniOzoneClusterImpl.java:lambda$waitForClusterToBeReady$0(222)) - Waiting for nodes to be ready. Got 0 of 3 DN Heartbeats.
2023-06-06 14:29:46,245 [Time-limited test] INFO  ozone.MiniOzoneClusterImpl (MiniOzoneClusterImpl.java:lambda$waitForClusterToBeReady$0(225)) - Waiting for cluster to exit safe mode
2023-06-06 14:29:46,245 [Time-limited test] INFO  ozone.MiniOzoneClusterImpl (MiniOzoneClusterImpl.java:lambda$waitForClusterToBeReady$0(227)) - SCM became leader
2023-06-06 14:29:46,675 [IPC Server handler 2 on default port 15211] INFO  net.NetworkTopologyImpl (NetworkTopologyImpl.java:add(112)) - Added a new node: /rack1/6a44a47c-c3cb-455f-a4b0-0f80624e99c4
2023-06-06 14:29:46,675 [IPC Server handler 2 on default port 15211] INFO  node.SCMNodeManager (SCMNodeManager.java:register(407)) - Registered Data node : 6a44a47c-c3cb-455f-a4b0-0f80624e99c4{ip: 10.1.0.37, host: fv-az1133-973.qlb2sqfkji0uhjsjdnlwzcsdwg.bx.internal.cloudapp.net, ports: [HTTP=15218, CLIENT_RPC=15219, REPLICATION=15225, RATIS=15221, RATIS_ADMIN=15222, RATIS_SERVER=15223, RATIS_DATASTREAM=15224, STANDALONE=15220], networkLocation: /rack1, certSerialId: null, persistedOpState: null, persistedOpStateExpiryEpochSec: 0}
2023-06-06 14:29:46,678 [EventQueue-NodeRegistrationContainerReportForDataNodeSafeModeRule] INFO  safemode.SCMSafeModeManager (DataNodeSafeModeRule.java:process(71)) - SCM in safe mode. 1 DataNodes registered, 3 required.
2023-06-06 14:29:46,679 [EventQueue-PipelineReportForOneReplicaPipelineSafeModeRule] INFO  safemode.SCMSafeModeManager (SCMSafeModeManager.java:validateSafeModeExitRules(200)) - AtleastOneDatanodeReportedRule rule is successfully validated
2023-06-06 14:29:46,680 [EventQueue-NewNodeForNewNodeHandler] INFO  pipeline.BackgroundPipelineCreator (BackgroundPipelineCreator.java:notifyEventTriggered(276)) - trigger a one-shot run on RatisPipelineUtilsThread.
2023-06-06 14:29:46,680 [RatisPipelineUtilsThread - 0] INFO  pipeline.RatisPipelineProvider (RatisPipelineProvider.java:lambda$create$0(206)) - Sending CreatePipelineCommand for pipeline:PipelineID=ab491664-2b24-4296-9af6-dfb8edd51c97 to datanode:6a44a47c-c3cb-455f-a4b0-0f80624e99c4
2023-06-06 14:29:46,680 [EventQueue-NodeRegistrationContainerReportForContainerSafeModeRule] INFO  safemode.SCMSafeModeManager (SCMSafeModeManager.java:validateSafeModeExitRules(200)) - ContainerSafeModeRule rule is successfully validated
2023-06-06 14:29:46,684 [RatisPipelineUtilsThread - 0] INFO  pipeline.PipelineStateManagerImpl (PipelineStateManagerImpl.java:addPipeline(103)) - Created pipeline Pipeline[ Id: ab491664-2b24-4296-9af6-dfb8edd51c97, Nodes: 6a44a47c-c3cb-455f-a4b0-0f80624e99c4(fv-az1133-973.qlb2sqfkji0uhjsjdnlwzcsdwg.bx.internal.cloudapp.net/10.1.0.37), ReplicationConfig: RATIS/ONE, State:ALLOCATED, leaderId:, CreationTimestamp2023-06-06T14:29:46.680Z[Etc/UTC]].
2023-06-06 14:29:46,976 [IPC Server handler 0 on default port 15211] INFO  net.NetworkTopologyImpl (NetworkTopologyImpl.java:add(112)) - Added a new node: /rack1/5eef21ad-902e-47ea-91c0-32e633c63544
2023-06-06 14:29:46,976 [IPC Server handler 0 on default port 15211] INFO  node.SCMNodeManager (SCMNodeManager.java:register(407)) - Registered Data node : 5eef21ad-902e-47ea-91c0-32e633c63544{ip: 10.1.0.37, host: fv-az1133-973.qlb2sqfkji0uhjsjdnlwzcsdwg.bx.internal.cloudapp.net, ports: [HTTP=15227, CLIENT_RPC=15228, REPLICATION=15234, RATIS=15230, RATIS_ADMIN=15231, RATIS_SERVER=15232, RATIS_DATASTREAM=15233, STANDALONE=15229], networkLocation: /rack1, certSerialId: null, persistedOpState: null, persistedOpStateExpiryEpochSec: 0}
2023-06-06 14:29:46,977 [EventQueue-NewNodeForNewNodeHandler] INFO  pipeline.BackgroundPipelineCreator (BackgroundPipelineCreator.java:notifyEventTriggered(276)) - trigger a one-shot run on RatisPipelineUtilsThread.
2023-06-06 14:29:46,977 [EventQueue-NodeRegistrationContainerReportForDataNodeSafeModeRule] INFO  safemode.SCMSafeModeManager (DataNodeSafeModeRule.java:process(71)) - SCM in safe mode. 2 DataNodes registered, 3 required.
2023-06-06 14:29:46,977 [RatisPipelineUtilsThread - 0] INFO  pipeline.RatisPipelineProvider (RatisPipelineProvider.java:lambda$create$0(206)) - Sending CreatePipelineCommand for pipeline:PipelineID=3d3debfa-f68b-42a1-a8df-4606a12d36f7 to datanode:5eef21ad-902e-47ea-91c0-32e633c63544
2023-06-06 14:29:46,978 [RatisPipelineUtilsThread - 0] INFO  pipeline.PipelineStateManagerImpl (PipelineStateManagerImpl.java:addPipeline(103)) - Created pipeline Pipeline[ Id: 3d3debfa-f68b-42a1-a8df-4606a12d36f7, Nodes: 5eef21ad-902e-47ea-91c0-32e633c63544(fv-az1133-973.qlb2sqfkji0uhjsjdnlwzcsdwg.bx.internal.cloudapp.net/10.1.0.37), ReplicationConfig: RATIS/ONE, State:ALLOCATED, leaderId:, CreationTimestamp2023-06-06T14:29:46.977Z[Etc/UTC]].
2023-06-06 14:29:47,245 [Time-limited test] INFO  ozone.MiniOzoneClusterImpl (MiniOzoneClusterImpl.java:lambda$waitForClusterToBeReady$0(222)) - Waiting for nodes to be ready. Got 2 of 3 DN Heartbeats.
2023-06-06 14:29:47,245 [Time-limited test] INFO  ozone.MiniOzoneClusterImpl (MiniOzoneClusterImpl.java:lambda$waitForClusterToBeReady$0(225)) - Waiting for cluster to exit safe mode
2023-06-06 14:29:47,245 [Time-limited test] INFO  ozone.MiniOzoneClusterImpl (MiniOzoneClusterImpl.java:lambda$waitForClusterToBeReady$0(227)) - SCM became leader
2023-06-06 14:29:47,248 [IPC Server handler 1 on default port 15211] INFO  net.NetworkTopologyImpl (NetworkTopologyImpl.java:add(112)) - Added a new node: /rack1/d5652d2f-6525-48cf-9e21-3b5358e36b18
2023-06-06 14:29:47,248 [IPC Server handler 1 on default port 15211] INFO  node.SCMNodeManager (SCMNodeManager.java:register(407)) - Registered Data node : d5652d2f-6525-48cf-9e21-3b5358e36b18{ip: 10.1.0.37, host: fv-az1133-973.qlb2sqfkji0uhjsjdnlwzcsdwg.bx.internal.cloudapp.net, ports: [HTTP=15236, CLIENT_RPC=15237, REPLICATION=15243, RATIS=15239, RATIS_ADMIN=15240, RATIS_SERVER=15241, RATIS_DATASTREAM=15242, STANDALONE=15238], networkLocation: /rack1, certSerialId: null, persistedOpState: null, persistedOpStateExpiryEpochSec: 0}
2023-06-06 14:29:47,249 [EventQueue-NodeRegistrationContainerReportForDataNodeSafeModeRule] INFO  safemode.SCMSafeModeManager (DataNodeSafeModeRule.java:process(71)) - SCM in safe mode. 3 DataNodes registered, 3 required.
2023-06-06 14:29:47,250 [EventQueue-NodeRegistrationContainerReportForDataNodeSafeModeRule] INFO  safemode.SCMSafeModeManager (SCMSafeModeManager.java:validateSafeModeExitRules(200)) - DataNodeSafeModeRule rule is successfully validated
2023-06-06 14:29:47,250 [EventQueue-NodeRegistrationContainerReportForDataNodeSafeModeRule] INFO  safemode.SCMSafeModeManager (SCMSafeModeManager.java:completePreCheck(229)) - All SCM safe mode pre check rules have passed
2023-06-06 14:29:47,250 [EventQueue-NodeRegistrationContainerReportForDataNodeSafeModeRule] INFO  ha.SCMContext (SCMContext.java:updateSafeModeStatus(228)) - Update SafeModeStatus from SafeModeStatus{safeModeStatus=true, preCheckPassed=false} to SafeModeStatus{safeModeStatus=true, preCheckPassed=true}.
2023-06-06 14:29:47,250 [EventQueue-NodeRegistrationContainerReportForDataNodeSafeModeRule] INFO  pipeline.BackgroundPipelineCreator (BackgroundPipelineCreator.java:notifyEventTriggered(276)) - trigger a one-shot run on RatisPipelineUtilsThread.
2023-06-06 14:29:47,250 [RatisPipelineUtilsThread - 0] INFO  pipeline.RatisPipelineProvider (RatisPipelineProvider.java:lambda$create$0(206)) - Sending CreatePipelineCommand for pipeline:PipelineID=59908650-9737-4829-8ccf-0864c0acc566 to datanode:d5652d2f-6525-48cf-9e21-3b5358e36b18
2023-06-06 14:29:47,251 [RatisPipelineUtilsThread - 0] INFO  pipeline.PipelineStateManagerImpl (PipelineStateManagerImpl.java:addPipeline(103)) - Created pipeline Pipeline[ Id: 59908650-9737-4829-8ccf-0864c0acc566, Nodes: d5652d2f-6525-48cf-9e21-3b5358e36b18(fv-az1133-973.qlb2sqfkji0uhjsjdnlwzcsdwg.bx.internal.cloudapp.net/10.1.0.37), ReplicationConfig: RATIS/ONE, State:ALLOCATED, leaderId:, CreationTimestamp2023-06-06T14:29:47.250Z[Etc/UTC]].
2023-06-06 14:29:47,251 [RatisPipelineUtilsThread - 0] INFO  pipeline.RatisPipelineProvider (RatisPipelineProvider.java:lambda$create$0(206)) - Sending CreatePipelineCommand for pipeline:PipelineID=b98d40d0-05b0-4033-b773-f1bf15834408 to datanode:6a44a47c-c3cb-455f-a4b0-0f80624e99c4
2023-06-06 14:29:47,251 [RatisPipelineUtilsThread - 0] INFO  pipeline.RatisPipelineProvider (RatisPipelineProvider.java:lambda$create$0(206)) - Sending CreatePipelineCommand for pipeline:PipelineID=b98d40d0-05b0-4033-b773-f1bf15834408 to datanode:d5652d2f-6525-48cf-9e21-3b5358e36b18
2023-06-06 14:29:47,251 [RatisPipelineUtilsThread - 0] INFO  pipeline.RatisPipelineProvider (RatisPipelineProvider.java:lambda$create$0(206)) - Sending CreatePipelineCommand for pipeline:PipelineID=b98d40d0-05b0-4033-b773-f1bf15834408 to datanode:5eef21ad-902e-47ea-91c0-32e633c63544
2023-06-06 14:29:47,251 [RatisPipelineUtilsThread - 0] INFO  pipeline.PipelineStateManagerImpl (PipelineStateManagerImpl.java:addPipeline(103)) - Created pipeline Pipeline[ Id: b98d40d0-05b0-4033-b773-f1bf15834408, Nodes: 6a44a47c-c3cb-455f-a4b0-0f80624e99c4(fv-az1133-973.qlb2sqfkji0uhjsjdnlwzcsdwg.bx.internal.cloudapp.net/10.1.0.37)d5652d2f-6525-48cf-9e21-3b5358e36b18(fv-az1133-973.qlb2sqfkji0uhjsjdnlwzcsdwg.bx.internal.cloudapp.net/10.1.0.37)5eef21ad-902e-47ea-91c0-32e633c63544(fv-az1133-973.qlb2sqfkji0uhjsjdnlwzcsdwg.bx.internal.cloudapp.net/10.1.0.37), ReplicationConfig: RATIS/THREE, State:ALLOCATED, leaderId:, CreationTimestamp2023-06-06T14:29:47.251Z[Etc/UTC]].
2023-06-06 14:29:47,252 [RatisPipelineUtilsThread - 0] INFO  pipeline.RatisPipelineProvider (RatisPipelineProvider.java:lambda$create$0(206)) - Sending CreatePipelineCommand for pipeline:PipelineID=c416c1d6-d8df-4f7c-8296-54bc6014dd25 to datanode:6a44a47c-c3cb-455f-a4b0-0f80624e99c4
2023-06-06 14:29:47,252 [RatisPipelineUtilsThread - 0] INFO  pipeline.RatisPipelineProvider (RatisPipelineProvider.java:lambda$create$0(206)) - Sending CreatePipelineCommand for pipeline:PipelineID=c416c1d6-d8df-4f7c-8296-54bc6014dd25 to datanode:d5652d2f-6525-48cf-9e21-3b5358e36b18
2023-06-06 14:29:47,252 [RatisPipelineUtilsThread - 0] INFO  pipeline.RatisPipelineProvider (RatisPipelineProvider.java:lambda$create$0(206)) - Sending CreatePipelineCommand for pipeline:PipelineID=c416c1d6-d8df-4f7c-8296-54bc6014dd25 to datanode:5eef21ad-902e-47ea-91c0-32e633c63544
2023-06-06 14:29:47,252 [RatisPipelineUtilsThread - 0] INFO  pipeline.PipelineStateManagerImpl (PipelineStateManagerImpl.java:addPipeline(103)) - Created pipeline Pipeline[ Id: c416c1d6-d8df-4f7c-8296-54bc6014dd25, Nodes: 6a44a47c-c3cb-455f-a4b0-0f80624e99c4(fv-az1133-973.qlb2sqfkji0uhjsjdnlwzcsdwg.bx.internal.cloudapp.net/10.1.0.37)d5652d2f-6525-48cf-9e21-3b5358e36b18(fv-az1133-973.qlb2sqfkji0uhjsjdnlwzcsdwg.bx.internal.cloudapp.net/10.1.0.37)5eef21ad-902e-47ea-91c0-32e633c63544(fv-az1133-973.qlb2sqfkji0uhjsjdnlwzcsdwg.bx.internal.cloudapp.net/10.1.0.37), ReplicationConfig: RATIS/THREE, State:ALLOCATED, leaderId:, CreationTimestamp2023-06-06T14:29:47.252Z[Etc/UTC]].
2023-06-06 14:29:47,252 [RatisPipelineUtilsThread - 0] INFO  pipeline.PipelineManagerImpl (PipelineManagerImpl.java:recordMetricsForPipeline(826)) - Pipeline: PipelineID=c416c1d6-d8df-4f7c-8296-54bc6014dd25 contains same datanodes as previous pipelines: PipelineID=b98d40d0-05b0-4033-b773-f1bf15834408 nodeIds: 6a44a47c-c3cb-455f-a4b0-0f80624e99c4, d5652d2f-6525-48cf-9e21-3b5358e36b18, 5eef21ad-902e-47ea-91c0-32e633c63544
2023-06-06 14:29:47,253 [RatisPipelineUtilsThread - 0] WARN  pipeline.PipelinePlacementPolicy (PipelinePlacementPolicy.java:filterViableNodes(166)) - Pipeline creation failed due to no sufficient healthy datanodes. Required 3. Found 0. Excluded 3.
2023-06-06 14:29:47,253 [EventQueue-NewNodeForNewNodeHandler] INFO  pipeline.BackgroundPipelineCreator (BackgroundPipelineCreator.java:notifyEventTriggered(276)) - trigger a one-shot run on RatisPipelineUtilsThread.
2023-06-06 14:29:47,254 [RatisPipelineUtilsThread - 0] WARN  pipeline.PipelinePlacementPolicy (PipelinePlacementPolicy.java:filterViableNodes(166)) - Pipeline creation failed due to no sufficient healthy datanodes. Required 3. Found 0. Excluded 3.
2023-06-06 14:29:48,245 [Time-limited test] INFO  ozone.MiniOzoneClusterImpl (MiniOzoneClusterImpl.java:lambda$waitForClusterToBeReady$0(222)) - Nodes are ready. Got 3 of 3 DN Heartbeats.
2023-06-06 14:29:48,246 [Time-limited test] INFO  ozone.MiniOzoneClusterImpl (MiniOzoneClusterImpl.java:lambda$waitForClusterToBeReady$0(225)) - Waiting for cluster to exit safe mode
2023-06-06 14:29:48,246 [Time-limited test] INFO  ozone.MiniOzoneClusterImpl (MiniOzoneClusterImpl.java:lambda$waitForClusterToBeReady$0(227)) - SCM became leader
2023-06-06 14:29:49,246 [Time-limited test] INFO  ozone.MiniOzoneClusterImpl (MiniOzoneClusterImpl.java:lambda$waitForClusterToBeReady$0(222)) - Nodes are ready. Got 3 of 3 DN Heartbeats.
2023-06-06 14:29:49,246 [Time-limited test] INFO  ozone.MiniOzoneClusterImpl (MiniOzoneClusterImpl.java:lambda$waitForClusterToBeReady$0(225)) - Waiting for cluster to exit safe mode
2023-06-06 14:29:49,246 [Time-limited test] INFO  ozone.MiniOzoneClusterImpl (MiniOzoneClusterImpl.java:lambda$waitForClusterToBeReady$0(227)) - SCM became leader
2023-06-06 14:29:49,672 [PipelineCommandHandlerThread-0] INFO  server.RaftServer (RaftServerProxy.java:addNew(98)) - 6a44a47c-c3cb-455f-a4b0-0f80624e99c4: addNew group-DFB8EDD51C97:[6a44a47c-c3cb-455f-a4b0-0f80624e99c4|rpc:10.1.0.37:15223|admin:10.1.0.37:15222|client:10.1.0.37:15221|dataStream:10.1.0.37:15224|priority:1|startupRole:FOLLOWER] returns group-DFB8EDD51C97:java.util.concurrent.CompletableFuture@4dbef49a[Not completed]
2023-06-06 14:29:49,673 [6a44a47c-c3cb-455f-a4b0-0f80624e99c4-groupManagement] INFO  server.RaftServer$Division (RaftServerImpl.java:<init>(198)) - 6a44a47c-c3cb-455f-a4b0-0f80624e99c4: new RaftServerImpl for group-DFB8EDD51C97:[6a44a47c-c3cb-455f-a4b0-0f80624e99c4|rpc:10.1.0.37:15223|admin:10.1.0.37:15222|client:10.1.0.37:15221|dataStream:10.1.0.37:15224|priority:1|startupRole:FOLLOWER] with ContainerStateMachine:uninitialized
2023-06-06 14:29:49,673 [6a44a47c-c3cb-455f-a4b0-0f80624e99c4-groupManagement] INFO  server.RaftServerConfigKeys (ConfUtils.java:logGet(46)) - raft.server.rpc.timeout.min = 5s (custom)
2023-06-06 14:29:49,673 [6a44a47c-c3cb-455f-a4b0-0f80624e99c4-groupManagement] INFO  server.RaftServerConfigKeys (ConfUtils.java:logGet(46)) - raft.server.rpc.timeout.max = 5200ms (custom)
2023-06-06 14:29:49,673 [6a44a47c-c3cb-455f-a4b0-0f80624e99c4-groupManagement] INFO  server.RaftServerConfigKeys (ConfUtils.java:logGet(46)) - raft.server.rpc.sleep.time = 25ms (default)
2023-06-06 14:29:49,673 [6a44a47c-c3cb-455f-a4b0-0f80624e99c4-groupManagement] INFO  server.RaftServerConfigKeys (ConfUtils.java:logGet(46)) - raft.server.rpc.slowness.timeout = 300s (custom)
2023-06-06 14:29:49,673 [6a44a47c-c3cb-455f-a4b0-0f80624e99c4-groupManagement] INFO  server.RaftServerConfigKeys (ConfUtils.java:logGet(46)) - raft.server.leaderelection.leader.step-down.wait-time = 10s (default)
2023-06-06 14:29:49,673 [6a44a47c-c3cb-455f-a4b0-0f80624e99c4-groupManagement] INFO  server.RaftServerConfigKeys (ConfUtils.java:logGet(46)) - raft.server.sleep.deviation.threshold = 300ms (default)
2023-06-06 14:29:49,673 [6a44a47c-c3cb-455f-a4b0-0f80624e99c4-groupManagement] INFO  server.RaftServer$Division (ServerState.java:<init>(120)) - 6a44a47c-c3cb-455f-a4b0-0f80624e99c4@group-DFB8EDD51C97: ConfigurationManager, init=-1: peers:[6a44a47c-c3cb-455f-a4b0-0f80624e99c4|rpc:10.1.0.37:15223|admin:10.1.0.37:15222|client:10.1.0.37:15221|dataStream:10.1.0.37:15224|priority:1|startupRole:FOLLOWER]|listeners:[], old=null, confs=<EMPTY_MAP>
2023-06-06 14:29:49,673 [6a44a47c-c3cb-455f-a4b0-0f80624e99c4-groupManagement] INFO  server.RaftServerConfigKeys (ConfUtils.java:logGet(46)) - raft.server.storage.dir = [/home/runner/work/ozone/ozone/hadoop-ozone/integration-test/target/test-dir/MiniOzoneClusterImpl-361cfd0c-44c3-4879-9ed3-7c7372459855/datanode-0/data/ratis] (custom)
2023-06-06 14:29:49,673 [6a44a47c-c3cb-455f-a4b0-0f80624e99c4-groupManagement] INFO  server.RaftServerConfigKeys (ConfUtils.java:logGet(46)) - raft.server.log.corruption.policy = EXCEPTION (default)
2023-06-06 14:29:49,673 [6a44a47c-c3cb-455f-a4b0-0f80624e99c4-groupManagement] INFO  server.RaftServerConfigKeys (ConfUtils.java:logGet(46)) - raft.server.storage.free-space.min = 0MB (=0) (default)
2023-06-06 14:29:49,674 [6a44a47c-c3cb-455f-a4b0-0f80624e99c4-groupManagement] INFO  server.RaftServerConfigKeys (ConfUtils.java:logGet(46)) - raft.server.notification.no-leader.timeout = 300s (custom)
2023-06-06 14:29:49,674 [6a44a47c-c3cb-455f-a4b0-0f80624e99c4-groupManagement] INFO  server.RaftServerConfigKeys (ConfUtils.java:logGet(46)) - raft.server.read.timeout = 10s (default)
2023-06-06 14:29:49,674 [6a44a47c-c3cb-455f-a4b0-0f80624e99c4-groupManagement] INFO  server.RaftServerConfigKeys (ConfUtils.java:logGet(46)) - raft.server.retrycache.expirytime = 600000ms (custom)
2023-06-06 14:29:49,674 [6a44a47c-c3cb-455f-a4b0-0f80624e99c4-groupManagement] INFO  server.RaftServerConfigKeys (ConfUtils.java:logGet(46)) - raft.server.retrycache.statistics.expirytime = 100μs (default)
2023-06-06 14:29:49,674 [6a44a47c-c3cb-455f-a4b0-0f80624e99c4-groupManagement] INFO  server.RaftServerConfigKeys (ConfUtils.java:logGet(46)) - raft.server.read.option = DEFAULT (default)
2023-06-06 14:29:49,674 [6a44a47c-c3cb-455f-a4b0-0f80624e99c4-groupManagement] INFO  server.RaftServerConfigKeys (ConfUtils.java:logGet(46)) - raft.server.rpc.request.timeout = 60s (custom)
2023-06-06 14:29:49,674 [6a44a47c-c3cb-455f-a4b0-0f80624e99c4-groupManagement] INFO  server.RaftServerConfigKeys (ConfUtils.java:logGet(46)) - raft.server.log.appender.install.snapshot.enabled = false (custom)
2023-06-06 14:29:49,674 [6a44a47c-c3cb-455f-a4b0-0f80624e99c4-groupManagement] INFO  server.RaftServerConfigKeys (ConfUtils.java:logGet(46)) - raft.server.threadpool.server.cached = true (default)
2023-06-06 14:29:49,674 [6a44a47c-c3cb-455f-a4b0-0f80624e99c4-groupManagement] INFO  server.RaftServerConfigKeys (ConfUtils.java:logGet(46)) - raft.server.threadpool.server.size = 0 (default)
2023-06-06 14:29:49,674 [6a44a47c-c3cb-455f-a4b0-0f80624e99c4-groupManagement] INFO  server.RaftServerConfigKeys (ConfUtils.java:logGet(46)) - raft.server.threadpool.client.cached = true (default)
2023-06-06 14:29:49,674 [6a44a47c-c3cb-455f-a4b0-0f80624e99c4-groupManagement] INFO  server.RaftServerConfigKeys (ConfUtils.java:logGet(46)) - raft.server.threadpool.client.size = 0 (default)
2023-06-06 14:29:49,675 [6a44a47c-c3cb-455f-a4b0-0f80624e99c4-groupManagement] INFO  storage.RaftStorageDirectory (RaftStorageDirectoryImpl.java:analyzeStorage(137)) - The storage directory /home/runner/work/ozone/ozone/hadoop-ozone/integration-test/target/test-dir/MiniOzoneClusterImpl-361cfd0c-44c3-4879-9ed3-7c7372459855/datanode-0/data/ratis/ab491664-2b24-4296-9af6-dfb8edd51c97 does not exist. Creating ...
2023-06-06 14:29:49,676 [6a44a47c-c3cb-455f-a4b0-0f80624e99c4-groupManagement] INFO  storage.RaftStorageDirectory (RaftStorageDirectoryImpl.java:tryLock(231)) - Lock on /home/runner/work/ozone/ozone/hadoop-ozone/integration-test/target/test-dir/MiniOzoneClusterImpl-361cfd0c-44c3-4879-9ed3-7c7372459855/datanode-0/data/ratis/ab491664-2b24-4296-9af6-dfb8edd51c97/in_use.lock acquired by nodename 75814@fv-az1133-973
2023-06-06 14:29:49,677 [6a44a47c-c3cb-455f-a4b0-0f80624e99c4-groupManagement] INFO  storage.RaftStorage (RaftStorageImpl.java:format(96)) - Storage directory /home/runner/work/ozone/ozone/hadoop-ozone/integration-test/target/test-dir/MiniOzoneClusterImpl-361cfd0c-44c3-4879-9ed3-7c7372459855/datanode-0/data/ratis/ab491664-2b24-4296-9af6-dfb8edd51c97 has been successfully formatted.
2023-06-06 14:29:49,678 [6a44a47c-c3cb-455f-a4b0-0f80624e99c4-groupManagement] INFO  ratis.ContainerStateMachine (ContainerStateMachine.java:loadSnapshot(262)) - group-DFB8EDD51C97: The snapshot info is null. Setting the last applied indexto:(t:0, i:~)
2023-06-06 14:29:49,678 [6a44a47c-c3cb-455f-a4b0-0f80624e99c4-groupManagement] INFO  server.RaftServerConfigKeys (ConfUtils.java:logGet(46)) - raft.server.log.use.memory = false (default)
2023-06-06 14:29:49,678 [6a44a47c-c3cb-455f-a4b0-0f80624e99c4-groupManagement] INFO  server.RaftServerConfigKeys (ConfUtils.java:logGet(46)) - raft.server.log.purge.gap = 1000000 (custom)
2023-06-06 14:29:49,678 [6a44a47c-c3cb-455f-a4b0-0f80624e99c4-groupManagement] INFO  server.RaftServerConfigKeys (ConfUtils.java:logGet(46)) - raft.server.log.appender.buffer.byte-limit = 33554432 (custom)
2023-06-06 14:29:49,678 [6a44a47c-c3cb-455f-a4b0-0f80624e99c4-groupManagement] INFO  server.RaftServerConfigKeys (ConfUtils.java:logGet(46)) - raft.server.log.statemachine.data.read.timeout = 1000ms (default)
2023-06-06 14:29:49,678 [6a44a47c-c3cb-455f-a4b0-0f80624e99c4-groupManagement] INFO  server.RaftServerConfigKeys (ConfUtils.java:logGet(46)) - raft.server.log.purge.preservation.log.num = 0 (default)
2023-06-06 14:29:49,680 [EventQueue-PipelineReportForPipelineReportHandler] INFO  pipeline.PipelineManagerImpl (PipelineManagerImpl.java:openPipeline(367)) - Pipeline Pipeline[ Id: ab491664-2b24-4296-9af6-dfb8edd51c97, Nodes: 6a44a47c-c3cb-455f-a4b0-0f80624e99c4(fv-az1133-973.qlb2sqfkji0uhjsjdnlwzcsdwg.bx.internal.cloudapp.net/10.1.0.37), ReplicationConfig: RATIS/ONE, State:ALLOCATED, leaderId:6a44a47c-c3cb-455f-a4b0-0f80624e99c4, CreationTimestamp2023-06-06T14:29:46.680Z[Etc/UTC]] moved to OPEN state
2023-06-06 14:29:49,681 [6a44a47c-c3cb-455f-a4b0-0f80624e99c4-groupManagement] INFO  server.RaftServerConfigKeys (ConfUtils.java:logGet(46)) - raft.server.log.segment.size.max = 1048576 (custom)
2023-06-06 14:29:49,681 [6a44a47c-c3cb-455f-a4b0-0f80624e99c4-groupManagement] INFO  server.RaftServerConfigKeys (ConfUtils.java:logGet(46)) - raft.server.log.segment.cache.num.max = 2 (custom)
2023-06-06 14:29:49,681 [6a44a47c-c3cb-455f-a4b0-0f80624e99c4-groupManagement] INFO  server.RaftServerConfigKeys (ConfUtils.java:logGet(46)) - raft.server.log.segment.cache.size.max = 200MB (=209715200) (default)
2023-06-06 14:29:49,681 [6a44a47c-c3cb-455f-a4b0-0f80624e99c4-groupManagement] INFO  server.RaftServerConfigKeys (ConfUtils.java:logGet(46)) - raft.server.log.appender.buffer.byte-limit = 33554432 (custom)
2023-06-06 14:29:49,681 [6a44a47c-c3cb-455f-a4b0-0f80624e99c4-groupManagement] INFO  segmented.SegmentedRaftLogWorker (SegmentedRaftLogWorker.java:<init>(188)) - new 6a44a47c-c3cb-455f-a4b0-0f80624e99c4@group-DFB8EDD51C97-SegmentedRaftLogWorker for RaftStorageImpl:Storage Directory /home/runner/work/ozone/ozone/hadoop-ozone/integration-test/target/test-dir/MiniOzoneClusterImpl-361cfd0c-44c3-4879-9ed3-7c7372459855/datanode-0/data/ratis/ab491664-2b24-4296-9af6-dfb8edd51c97
2023-06-06 14:29:49,681 [6a44a47c-c3cb-455f-a4b0-0f80624e99c4-groupManagement] INFO  server.RaftServerConfigKeys (ConfUtils.java:logGet(46)) - raft.server.log.queue.byte-limit = 4294967296 (custom)
2023-06-06 14:29:49,681 [6a44a47c-c3cb-455f-a4b0-0f80624e99c4-groupManagement] INFO  server.RaftServerConfigKeys (ConfUtils.java:logGet(46)) - raft.server.log.queue.element-limit = 1024 (custom)
2023-06-06 14:29:49,681 [6a44a47c-c3cb-455f-a4b0-0f80624e99c4-groupManagement] INFO  server.RaftServerConfigKeys (ConfUtils.java:logGet(46)) - raft.server.log.segment.size.max = 1048576 (custom)
2023-06-06 14:29:49,682 [6a44a47c-c3cb-455f-a4b0-0f80624e99c4-groupManagement] INFO  server.RaftServerConfigKeys (ConfUtils.java:logGet(46)) - raft.server.log.preallocated.size = 16384 (custom)
2023-06-06 14:29:49,682 [6a44a47c-c3cb-455f-a4b0-0f80624e99c4-groupManagement] INFO  server.RaftServerConfigKeys (ConfUtils.java:logGet(46)) - raft.server.log.force.sync.num = 128 (default)
2023-06-06 14:29:49,682 [6a44a47c-c3cb-455f-a4b0-0f80624e99c4-groupManagement] INFO  server.RaftServerConfigKeys (ConfUtils.java:logGet(46)) - raft.server.log.statemachine.data.sync = true (default)
2023-06-06 14:29:49,682 [6a44a47c-c3cb-455f-a4b0-0f80624e99c4-groupManagement] INFO  server.RaftServerConfigKeys (ConfUtils.java:logGet(46)) - raft.server.log.statemachine.data.sync.timeout = 10s (default)
2023-06-06 14:29:49,682 [6a44a47c-c3cb-455f-a4b0-0f80624e99c4-groupManagement] INFO  server.RaftServerConfigKeys (ConfUtils.java:logGet(46)) - raft.server.log.statemachine.data.sync.timeout.retry = -1 (default)
2023-06-06 14:29:49,683 [6a44a47c-c3cb-455f-a4b0-0f80624e99c4-groupManagement] INFO  server.RaftServerConfigKeys (ConfUtils.java:logGet(46)) - raft.server.log.write.buffer.size = 1048576 (custom)
2023-06-06 14:29:49,683 [EventQueue-OpenPipelineForHealthyPipelineSafeModeRule] INFO  safemode.SCMSafeModeManager (HealthyPipelineSafeModeRule.java:process(137)) - SCM in safe mode. Healthy pipelines reported count is 0, required healthy pipeline reported count is 1
2023-06-06 14:29:49,683 [6a44a47c-c3cb-455f-a4b0-0f80624e99c4-groupManagement] INFO  server.RaftServerConfigKeys (ConfUtils.java:logGet(46)) - raft.server.log.appender.buffer.byte-limit = 33554432 (custom)
2023-06-06 14:29:49,688 [6a44a47c-c3cb-455f-a4b0-0f80624e99c4-groupManagement] INFO  server.RaftServerConfigKeys (ConfUtils.java:logGet(46)) - raft.server.log.unsafe-flush.enabled = false (default)
2023-06-06 14:29:49,688 [6a44a47c-c3cb-455f-a4b0-0f80624e99c4-groupManagement] INFO  server.RaftServerConfigKeys (ConfUtils.java:logGet(46)) - raft.server.log.async-flush.enabled = false (default)
2023-06-06 14:29:49,688 [6a44a47c-c3cb-455f-a4b0-0f80624e99c4-groupManagement] INFO  server.RaftServerConfigKeys (ConfUtils.java:logGet(46)) - raft.server.log.statemachine.data.caching.enabled = true (custom)
2023-06-06 14:29:49,688 [6a44a47c-c3cb-455f-a4b0-0f80624e99c4-groupManagement] INFO  segmented.SegmentedRaftLogWorker (SegmentedRaftLogWorker.java:lambda$new$0(135)) - 6a44a47c-c3cb-455f-a4b0-0f80624e99c4@group-DFB8EDD51C97-SegmentedRaftLogWorker: flushIndex: setUnconditionally 0 -> -1
2023-06-06 14:29:49,688 [6a44a47c-c3cb-455f-a4b0-0f80624e99c4-groupManagement] INFO  segmented.SegmentedRaftLogWorker (SegmentedRaftLogWorker.java:lambda$new$0(135)) - 6a44a47c-c3cb-455f-a4b0-0f80624e99c4@group-DFB8EDD51C97-SegmentedRaftLogWorker: safeCacheEvictIndex: setUnconditionally 0 -> -1
2023-06-06 14:29:49,688 [6a44a47c-c3cb-455f-a4b0-0f80624e99c4-groupManagement] INFO  server.RaftServer$Division (RaftServerImpl.java:start(342)) - 6a44a47c-c3cb-455f-a4b0-0f80624e99c4@group-DFB8EDD51C97: start as a follower, conf=-1: peers:[6a44a47c-c3cb-455f-a4b0-0f80624e99c4|rpc:10.1.0.37:15223|admin:10.1.0.37:15222|client:10.1.0.37:15221|dataStream:10.1.0.37:15224|priority:1|startupRole:FOLLOWER]|listeners:[], old=null
2023-06-06 14:29:49,688 [6a44a47c-c3cb-455f-a4b0-0f80624e99c4-groupManagement] INFO  server.RaftServer$Division (RaftServerImpl.java:setRole(329)) - 6a44a47c-c3cb-455f-a4b0-0f80624e99c4@group-DFB8EDD51C97: changes role from      null to FOLLOWER at term 0 for startAsFollower
2023-06-06 14:29:49,689 [6a44a47c-c3cb-455f-a4b0-0f80624e99c4-groupManagement] INFO  impl.RoleInfo (RoleInfo.java:updateAndGet(139)) - 6a44a47c-c3cb-455f-a4b0-0f80624e99c4: start 6a44a47c-c3cb-455f-a4b0-0f80624e99c4@group-DFB8EDD51C97-FollowerState
2023-06-06 14:29:49,689 [6a44a47c-c3cb-455f-a4b0-0f80624e99c4-groupManagement] INFO  util.JmxRegister (JmxRegister.java:tryRegister(44)) - Successfully registered JMX Bean with object name Ratis:service=RaftServer,group=group-DFB8EDD51C97,id=6a44a47c-c3cb-455f-a4b0-0f80624e99c4
2023-06-06 14:29:49,689 [6a44a47c-c3cb-455f-a4b0-0f80624e99c4@group-DFB8EDD51C97-FollowerState] INFO  server.RaftServerConfigKeys (ConfUtils.java:logFallback(53)) - raft.server.rpc.first-election.timeout.min = 5s (fallback to raft.server.rpc.timeout.min)
2023-06-06 14:29:49,689 [6a44a47c-c3cb-455f-a4b0-0f80624e99c4-groupManagement] INFO  server.RaftServerConfigKeys (ConfUtils.java:logGet(46)) - raft.server.snapshot.auto.trigger.enabled = true (custom)
2023-06-06 14:29:49,689 [6a44a47c-c3cb-455f-a4b0-0f80624e99c4-groupManagement] INFO  server.RaftServerConfigKeys (ConfUtils.java:logGet(46)) - raft.server.snapshot.auto.trigger.threshold = 10000 (custom)
2023-06-06 14:29:49,689 [6a44a47c-c3cb-455f-a4b0-0f80624e99c4-groupManagement] INFO  server.RaftServerConfigKeys (ConfUtils.java:logGet(46)) - raft.server.snapshot.retention.file.num = 5 (custom)
2023-06-06 14:29:49,689 [6a44a47c-c3cb-455f-a4b0-0f80624e99c4-groupManagement] INFO  server.RaftServerConfigKeys (ConfUtils.java:logGet(46)) - raft.server.log.purge.upto.snapshot.index = false (default)
2023-06-06 14:29:49,689 [6a44a47c-c3cb-455f-a4b0-0f80624e99c4@group-DFB8EDD51C97-FollowerState] INFO  server.RaftServerConfigKeys (ConfUtils.java:logFallback(53)) - raft.server.rpc.first-election.timeout.max = 5200ms (fallback to raft.server.rpc.timeout.max)
2023-06-06 14:29:49,690 [PipelineCommandHandlerThread-0] INFO  ratis.XceiverServerRatis (XceiverServerRatis.java:addGroup(804)) - Created group PipelineID=ab491664-2b24-4296-9af6-dfb8edd51c97
2023-06-06 14:29:49,690 [PipelineCommandHandlerThread-0] INFO  commandhandler.CreatePipelineCommandHandler (CreatePipelineCommandHandler.java:lambda$handle$2(124)) - Created Pipeline RATIS ONE PipelineID=ab491664-2b24-4296-9af6-dfb8edd51c97.
2023-06-06 14:29:49,690 [PipelineCommandHandlerThread-0] INFO  server.RaftServer (RaftServerProxy.java:addNew(98)) - 6a44a47c-c3cb-455f-a4b0-0f80624e99c4: addNew group-F1BF15834408:[5eef21ad-902e-47ea-91c0-32e633c63544|rpc:10.1.0.37:15232|admin:10.1.0.37:15231|client:10.1.0.37:15230|dataStream:10.1.0.37:15233|priority:1|startupRole:FOLLOWER, 6a44a47c-c3cb-455f-a4b0-0f80624e99c4|rpc:10.1.0.37:15223|admin:10.1.0.37:15222|client:10.1.0.37:15221|dataStream:10.1.0.37:15224|priority:0|startupRole:FOLLOWER, d5652d2f-6525-48cf-9e21-3b5358e36b18|rpc:10.1.0.37:15241|admin:10.1.0.37:15240|client:10.1.0.37:15239|dataStream:10.1.0.37:15242|priority:0|startupRole:FOLLOWER] returns group-F1BF15834408:java.util.concurrent.CompletableFuture@498169f5[Not completed]
2023-06-06 14:29:49,691 [6a44a47c-c3cb-455f-a4b0-0f80624e99c4-groupManagement] INFO  server.RaftServer$Division (RaftServerImpl.java:<init>(198)) - 6a44a47c-c3cb-455f-a4b0-0f80624e99c4: new RaftServerImpl for group-F1BF15834408:[5eef21ad-902e-47ea-91c0-32e633c63544|rpc:10.1.0.37:15232|admin:10.1.0.37:15231|client:10.1.0.37:15230|dataStream:10.1.0.37:15233|priority:1|startupRole:FOLLOWER, 6a44a47c-c3cb-455f-a4b0-0f80624e99c4|rpc:10.1.0.37:15223|admin:10.1.0.37:15222|client:10.1.0.37:15221|dataStream:10.1.0.37:15224|priority:0|startupRole:FOLLOWER, d5652d2f-6525-48cf-9e21-3b5358e36b18|rpc:10.1.0.37:15241|admin:10.1.0.37:15240|client:10.1.0.37:15239|dataStream:10.1.0.37:15242|priority:0|startupRole:FOLLOWER] with ContainerStateMachine:uninitialized
2023-06-06 14:29:49,691 [6a44a47c-c3cb-455f-a4b0-0f80624e99c4-groupManagement] INFO  server.RaftServerConfigKeys (ConfUtils.java:logGet(46)) - raft.server.rpc.timeout.min = 5s (custom)
2023-06-06 14:29:49,691 [6a44a47c-c3cb-455f-a4b0-0f80624e99c4-groupManagement] INFO  server.RaftServerConfigKeys (ConfUtils.java:logGet(46)) - raft.server.rpc.timeout.max = 5200ms (custom)
2023-06-06 14:29:49,691 [6a44a47c-c3cb-455f-a4b0-0f80624e99c4-groupManagement] INFO  server.RaftServerConfigKeys (ConfUtils.java:logGet(46)) - raft.server.rpc.sleep.time = 25ms (default)
2023-06-06 14:29:49,691 [6a44a47c-c3cb-455f-a4b0-0f80624e99c4-groupManagement] INFO  server.RaftServerConfigKeys (ConfUtils.java:logGet(46)) - raft.server.rpc.slowness.timeout = 300s (custom)
2023-06-06 14:29:49,691 [6a44a47c-c3cb-455f-a4b0-0f80624e99c4-groupManagement] INFO  server.RaftServerConfigKeys (ConfUtils.java:logGet(46)) - raft.server.leaderelection.leader.step-down.wait-time = 10s (default)
2023-06-06 14:29:49,691 [6a44a47c-c3cb-455f-a4b0-0f80624e99c4-groupManagement] INFO  server.RaftServerConfigKeys (ConfUtils.java:logGet(46)) - raft.server.sleep.deviation.threshold = 300ms (default)
2023-06-06 14:29:49,691 [6a44a47c-c3cb-455f-a4b0-0f80624e99c4-groupManagement] INFO  server.RaftServer$Division (ServerState.java:<init>(120)) - 6a44a47c-c3cb-455f-a4b0-0f80624e99c4@group-F1BF15834408: ConfigurationManager, init=-1: peers:[5eef21ad-902e-47ea-91c0-32e633c63544|rpc:10.1.0.37:15232|admin:10.1.0.37:15231|client:10.1.0.37:15230|dataStream:10.1.0.37:15233|priority:1|startupRole:FOLLOWER, 6a44a47c-c3cb-455f-a4b0-0f80624e99c4|rpc:10.1.0.37:15223|admin:10.1.0.37:15222|client:10.1.0.37:15221|dataStream:10.1.0.37:15224|priority:0|startupRole:FOLLOWER, d5652d2f-6525-48cf-9e21-3b5358e36b18|rpc:10.1.0.37:15241|admin:10.1.0.37:15240|client:10.1.0.37:15239|dataStream:10.1.0.37:15242|priority:0|startupRole:FOLLOWER]|listeners:[], old=null, confs=<EMPTY_MAP>
2023-06-06 14:29:49,691 [6a44a47c-c3cb-455f-a4b0-0f80624e99c4-groupManagement] INFO  server.RaftServerConfigKeys (ConfUtils.java:logGet(46)) - raft.server.storage.dir = [/home/runner/work/ozone/ozone/hadoop-ozone/integration-test/target/test-dir/MiniOzoneClusterImpl-361cfd0c-44c3-4879-9ed3-7c7372459855/datanode-0/data/ratis] (custom)
2023-06-06 14:29:49,691 [6a44a47c-c3cb-455f-a4b0-0f80624e99c4-groupManagement] INFO  server.RaftServerConfigKeys (ConfUtils.java:logGet(46)) - raft.server.log.corruption.policy = EXCEPTION (default)
2023-06-06 14:29:49,691 [6a44a47c-c3cb-455f-a4b0-0f80624e99c4-groupManagement] INFO  server.RaftServerConfigKeys (ConfUtils.java:logGet(46)) - raft.server.storage.free-space.min = 0MB (=0) (default)
2023-06-06 14:29:49,691 [6a44a47c-c3cb-455f-a4b0-0f80624e99c4-groupManagement] INFO  server.RaftServerConfigKeys (ConfUtils.java:logGet(46)) - raft.server.notification.no-leader.timeout = 300s (custom)
2023-06-06 14:29:49,691 [6a44a47c-c3cb-455f-a4b0-0f80624e99c4-groupManagement] INFO  server.RaftServerConfigKeys (ConfUtils.java:logGet(46)) - raft.server.read.timeout = 10s (default)
2023-06-06 14:29:49,691 [6a44a47c-c3cb-455f-a4b0-0f80624e99c4-groupManagement] INFO  server.RaftServerConfigKeys (ConfUtils.java:logGet(46)) - raft.server.retrycache.expirytime = 600000ms (custom)
2023-06-06 14:29:49,691 [6a44a47c-c3cb-455f-a4b0-0f80624e99c4-groupManagement] INFO  server.RaftServerConfigKeys (ConfUtils.java:logGet(46)) - raft.server.retrycache.statistics.expirytime = 100μs (default)
2023-06-06 14:29:49,691 [6a44a47c-c3cb-455f-a4b0-0f80624e99c4-groupManagement] INFO  server.RaftServerConfigKeys (ConfUtils.java:logGet(46)) - raft.server.read.option = DEFAULT (default)
2023-06-06 14:29:49,692 [6a44a47c-c3cb-455f-a4b0-0f80624e99c4-groupManagement] INFO  server.RaftServerConfigKeys (ConfUtils.java:logGet(46)) - raft.server.rpc.request.timeout = 60s (custom)
2023-06-06 14:29:49,692 [6a44a47c-c3cb-455f-a4b0-0f80624e99c4-groupManagement] INFO  server.RaftServerConfigKeys (ConfUtils.java:logGet(46)) - raft.server.log.appender.install.snapshot.enabled = false (custom)
2023-06-06 14:29:49,692 [6a44a47c-c3cb-455f-a4b0-0f80624e99c4-groupManagement] INFO  server.RaftServerConfigKeys (ConfUtils.java:logGet(46)) - raft.server.threadpool.server.cached = true (default)
2023-06-06 14:29:49,692 [6a44a47c-c3cb-455f-a4b0-0f80624e99c4-groupManagement] INFO  server.RaftServerConfigKeys (ConfUtils.java:logGet(46)) - raft.server.threadpool.server.size = 0 (default)
2023-06-06 14:29:49,692 [6a44a47c-c3cb-455f-a4b0-0f80624e99c4-groupManagement] INFO  server.RaftServerConfigKeys (ConfUtils.java:logGet(46)) - raft.server.threadpool.client.cached = true (default)
2023-06-06 14:29:49,692 [6a44a47c-c3cb-455f-a4b0-0f80624e99c4-groupManagement] INFO  server.RaftServerConfigKeys (ConfUtils.java:logGet(46)) - raft.server.threadpool.client.size = 0 (default)
2023-06-06 14:29:49,692 [6a44a47c-c3cb-455f-a4b0-0f80624e99c4-groupManagement] INFO  storage.RaftStorageDirectory (RaftStorageDirectoryImpl.java:analyzeStorage(137)) - The storage directory /home/runner/work/ozone/ozone/hadoop-ozone/integration-test/target/test-dir/MiniOzoneClusterImpl-361cfd0c-44c3-4879-9ed3-7c7372459855/datanode-0/data/ratis/b98d40d0-05b0-4033-b773-f1bf15834408 does not exist. Creating ...
2023-06-06 14:29:49,693 [6a44a47c-c3cb-455f-a4b0-0f80624e99c4-groupManagement] INFO  storage.RaftStorageDirectory (RaftStorageDirectoryImpl.java:tryLock(231)) - Lock on /home/runner/work/ozone/ozone/hadoop-ozone/integration-test/target/test-dir/MiniOzoneClusterImpl-361cfd0c-44c3-4879-9ed3-7c7372459855/datanode-0/data/ratis/b98d40d0-05b0-4033-b773-f1bf15834408/in_use.lock acquired by nodename 75814@fv-az1133-973
2023-06-06 14:29:49,694 [6a44a47c-c3cb-455f-a4b0-0f80624e99c4-groupManagement] INFO  storage.RaftStorage (RaftStorageImpl.java:format(96)) - Storage directory /home/runner/work/ozone/ozone/hadoop-ozone/integration-test/target/test-dir/MiniOzoneClusterImpl-361cfd0c-44c3-4879-9ed3-7c7372459855/datanode-0/data/ratis/b98d40d0-05b0-4033-b773-f1bf15834408 has been successfully formatted.
2023-06-06 14:29:49,694 [6a44a47c-c3cb-455f-a4b0-0f80624e99c4-groupManagement] INFO  ratis.ContainerStateMachine (ContainerStateMachine.java:loadSnapshot(262)) - group-F1BF15834408: The snapshot info is null. Setting the last applied indexto:(t:0, i:~)
2023-06-06 14:29:49,694 [6a44a47c-c3cb-455f-a4b0-0f80624e99c4-groupManagement] INFO  server.RaftServerConfigKeys (ConfUtils.java:logGet(46)) - raft.server.log.use.memory = false (default)
2023-06-06 14:29:49,694 [6a44a47c-c3cb-455f-a4b0-0f80624e99c4-groupManagement] INFO  server.RaftServerConfigKeys (ConfUtils.java:logGet(46)) - raft.server.log.purge.gap = 1000000 (custom)
2023-06-06 14:29:49,694 [6a44a47c-c3cb-455f-a4b0-0f80624e99c4-groupManagement] INFO  server.RaftServerConfigKeys (ConfUtils.java:logGet(46)) - raft.server.log.appender.buffer.byte-limit = 33554432 (custom)
2023-06-06 14:29:49,694 [6a44a47c-c3cb-455f-a4b0-0f80624e99c4-groupManagement] INFO  server.RaftServerConfigKeys (ConfUtils.java:logGet(46)) - raft.server.log.statemachine.data.read.timeout = 1000ms (default)
2023-06-06 14:29:49,694 [6a44a47c-c3cb-455f-a4b0-0f80624e99c4-groupManagement] INFO  server.RaftServerConfigKeys (ConfUtils.java:logGet(46)) - raft.server.log.purge.preservation.log.num = 0 (default)
2023-06-06 14:29:49,695 [6a44a47c-c3cb-455f-a4b0-0f80624e99c4-groupManagement] INFO  server.RaftServerConfigKeys (ConfUtils.java:logGet(46)) - raft.server.log.segment.size.max = 1048576 (custom)
2023-06-06 14:29:49,695 [6a44a47c-c3cb-455f-a4b0-0f80624e99c4-groupManagement] INFO  server.RaftServerConfigKeys (ConfUtils.java:logGet(46)) - raft.server.log.segment.cache.num.max = 2 (custom)
2023-06-06 14:29:49,695 [6a44a47c-c3cb-455f-a4b0-0f80624e99c4-groupManagement] INFO  server.RaftServerConfigKeys (ConfUtils.java:logGet(46)) - raft.server.log.segment.cache.size.max = 200MB (=209715200) (default)
2023-06-06 14:29:49,695 [6a44a47c-c3cb-455f-a4b0-0f80624e99c4-groupManagement] INFO  server.RaftServerConfigKeys (ConfUtils.java:logGet(46)) - raft.server.log.appender.buffer.byte-limit = 33554432 (custom)
2023-06-06 14:29:49,695 [6a44a47c-c3cb-455f-a4b0-0f80624e99c4-groupManagement] INFO  segmented.SegmentedRaftLogWorker (SegmentedRaftLogWorker.java:<init>(188)) - new 6a44a47c-c3cb-455f-a4b0-0f80624e99c4@group-F1BF15834408-SegmentedRaftLogWorker for RaftStorageImpl:Storage Directory /home/runner/work/ozone/ozone/hadoop-ozone/integration-test/target/test-dir/MiniOzoneClusterImpl-361cfd0c-44c3-4879-9ed3-7c7372459855/datanode-0/data/ratis/b98d40d0-05b0-4033-b773-f1bf15834408
2023-06-06 14:29:49,695 [6a44a47c-c3cb-455f-a4b0-0f80624e99c4-groupManagement] INFO  server.RaftServerConfigKeys (ConfUtils.java:logGet(46)) - raft.server.log.queue.byte-limit = 4294967296 (custom)
2023-06-06 14:29:49,695 [6a44a47c-c3cb-455f-a4b0-0f80624e99c4-groupManagement] INFO  server.RaftServerConfigKeys (ConfUtils.java:logGet(46)) - raft.server.log.queue.element-limit = 1024 (custom)
2023-06-06 14:29:49,695 [6a44a47c-c3cb-455f-a4b0-0f80624e99c4-groupManagement] INFO  server.RaftServerConfigKeys (ConfUtils.java:logGet(46)) - raft.server.log.segment.size.max = 1048576 (custom)
2023-06-06 14:29:49,695 [6a44a47c-c3cb-455f-a4b0-0f80624e99c4-groupManagement] INFO  server.RaftServerConfigKeys (ConfUtils.java:logGet(46)) - raft.server.log.preallocated.size = 16384 (custom)
2023-06-06 14:29:49,695 [6a44a47c-c3cb-455f-a4b0-0f80624e99c4-groupManagement] INFO  server.RaftServerConfigKeys (ConfUtils.java:logGet(46)) - raft.server.log.force.sync.num = 128 (default)
2023-06-06 14:29:49,695 [6a44a47c-c3cb-455f-a4b0-0f80624e99c4-groupManagement] INFO  server.RaftServerConfigKeys (ConfUtils.java:logGet(46)) - raft.server.log.statemachine.data.sync = true (default)
2023-06-06 14:29:49,695 [6a44a47c-c3cb-455f-a4b0-0f80624e99c4-groupManagement] INFO  server.RaftServerConfigKeys (ConfUtils.java:logGet(46)) - raft.server.log.statemachine.data.sync.timeout = 10s (default)
2023-06-06 14:29:49,695 [6a44a47c-c3cb-455f-a4b0-0f80624e99c4-groupManagement] INFO  server.RaftServerConfigKeys (ConfUtils.java:logGet(46)) - raft.server.log.statemachine.data.sync.timeout.retry = -1 (default)
2023-06-06 14:29:49,695 [EventQueue-OpenPipelineForHealthyPipelineSafeModeRule] INFO  safemode.SCMSafeModeManager (HealthyPipelineSafeModeRule.java:process(137)) - SCM in safe mode. Healthy pipelines reported count is 0, required healthy pipeline reported count is 1
2023-06-06 14:29:49,696 [6a44a47c-c3cb-455f-a4b0-0f80624e99c4-groupManagement] INFO  server.RaftServerConfigKeys (ConfUtils.java:logGet(46)) - raft.server.log.write.buffer.size = 1048576 (custom)
2023-06-06 14:29:49,696 [6a44a47c-c3cb-455f-a4b0-0f80624e99c4-groupManagement] INFO  server.RaftServerConfigKeys (ConfUtils.java:logGet(46)) - raft.server.log.appender.buffer.byte-limit = 33554432 (custom)
2023-06-06 14:29:49,701 [6a44a47c-c3cb-455f-a4b0-0f80624e99c4-groupManagement] INFO  server.RaftServerConfigKeys (ConfUtils.java:logGet(46)) - raft.server.log.unsafe-flush.enabled = false (default)
2023-06-06 14:29:49,701 [6a44a47c-c3cb-455f-a4b0-0f80624e99c4-groupManagement] INFO  server.RaftServerConfigKeys (ConfUtils.java:logGet(46)) - raft.server.log.async-flush.enabled = false (default)
2023-06-06 14:29:49,701 [6a44a47c-c3cb-455f-a4b0-0f80624e99c4-groupManagement] INFO  server.RaftServerConfigKeys (ConfUtils.java:logGet(46)) - raft.server.log.statemachine.data.caching.enabled = true (custom)
2023-06-06 14:29:49,701 [6a44a47c-c3cb-455f-a4b0-0f80624e99c4-groupManagement] INFO  segmented.SegmentedRaftLogWorker (SegmentedRaftLogWorker.java:lambda$new$0(135)) - 6a44a47c-c3cb-455f-a4b0-0f80624e99c4@group-F1BF15834408-SegmentedRaftLogWorker: flushIndex: setUnconditionally 0 -> -1
2023-06-06 14:29:49,701 [6a44a47c-c3cb-455f-a4b0-0f80624e99c4-groupManagement] INFO  segmented.SegmentedRaftLogWorker (SegmentedRaftLogWorker.java:lambda$new$0(135)) - 6a44a47c-c3cb-455f-a4b0-0f80624e99c4@group-F1BF15834408-SegmentedRaftLogWorker: safeCacheEvictIndex: setUnconditionally 0 -> -1
2023-06-06 14:29:49,701 [6a44a47c-c3cb-455f-a4b0-0f80624e99c4-groupManagement] INFO  server.RaftServer$Division (RaftServerImpl.java:start(342)) - 6a44a47c-c3cb-455f-a4b0-0f80624e99c4@group-F1BF15834408: start as a follower, conf=-1: peers:[5eef21ad-902e-47ea-91c0-32e633c63544|rpc:10.1.0.37:15232|admin:10.1.0.37:15231|client:10.1.0.37:15230|dataStream:10.1.0.37:15233|priority:1|startupRole:FOLLOWER, 6a44a47c-c3cb-455f-a4b0-0f80624e99c4|rpc:10.1.0.37:15223|admin:10.1.0.37:15222|client:10.1.0.37:15221|dataStream:10.1.0.37:15224|priority:0|startupRole:FOLLOWER, d5652d2f-6525-48cf-9e21-3b5358e36b18|rpc:10.1.0.37:15241|admin:10.1.0.37:15240|client:10.1.0.37:15239|dataStream:10.1.0.37:15242|priority:0|startupRole:FOLLOWER]|listeners:[], old=null
2023-06-06 14:29:49,701 [6a44a47c-c3cb-455f-a4b0-0f80624e99c4-groupManagement] INFO  server.RaftServer$Division (RaftServerImpl.java:setRole(329)) - 6a44a47c-c3cb-455f-a4b0-0f80624e99c4@group-F1BF15834408: changes role from      null to FOLLOWER at term 0 for startAsFollower
2023-06-06 14:29:49,701 [6a44a47c-c3cb-455f-a4b0-0f80624e99c4-groupManagement] INFO  impl.RoleInfo (RoleInfo.java:updateAndGet(139)) - 6a44a47c-c3cb-455f-a4b0-0f80624e99c4: start 6a44a47c-c3cb-455f-a4b0-0f80624e99c4@group-F1BF15834408-FollowerState
2023-06-06 14:29:49,702 [6a44a47c-c3cb-455f-a4b0-0f80624e99c4-groupManagement] INFO  util.JmxRegister (JmxRegister.java:tryRegister(44)) - Successfully registered JMX Bean with object name Ratis:service=RaftServer,group=group-F1BF15834408,id=6a44a47c-c3cb-455f-a4b0-0f80624e99c4
2023-06-06 14:29:49,702 [6a44a47c-c3cb-455f-a4b0-0f80624e99c4@group-F1BF15834408-FollowerState] INFO  server.RaftServerConfigKeys (ConfUtils.java:logFallback(53)) - raft.server.rpc.first-election.timeout.min = 5s (fallback to raft.server.rpc.timeout.min)
2023-06-06 14:29:49,702 [6a44a47c-c3cb-455f-a4b0-0f80624e99c4-groupManagement] INFO  server.RaftServerConfigKeys (ConfUtils.java:logGet(46)) - raft.server.snapshot.auto.trigger.enabled = true (custom)
2023-06-06 14:29:49,702 [6a44a47c-c3cb-455f-a4b0-0f80624e99c4-groupManagement] INFO  server.RaftServerConfigKeys (ConfUtils.java:logGet(46)) - raft.server.snapshot.auto.trigger.threshold = 10000 (custom)
2023-06-06 14:29:49,702 [6a44a47c-c3cb-455f-a4b0-0f80624e99c4-groupManagement] INFO  server.RaftServerConfigKeys (ConfUtils.java:logGet(46)) - raft.server.snapshot.retention.file.num = 5 (custom)
2023-06-06 14:29:49,702 [6a44a47c-c3cb-455f-a4b0-0f80624e99c4-groupManagement] INFO  server.RaftServerConfigKeys (ConfUtils.java:logGet(46)) - raft.server.log.purge.upto.snapshot.index = false (default)
2023-06-06 14:29:49,702 [PipelineCommandHandlerThread-0] INFO  ratis.XceiverServerRatis (XceiverServerRatis.java:addGroup(804)) - Created group PipelineID=b98d40d0-05b0-4033-b773-f1bf15834408
2023-06-06 14:29:49,702 [6a44a47c-c3cb-455f-a4b0-0f80624e99c4@group-F1BF15834408-FollowerState] INFO  server.RaftServerConfigKeys (ConfUtils.java:logFallback(53)) - raft.server.rpc.first-election.timeout.max = 5200ms (fallback to raft.server.rpc.timeout.max)
2023-06-06 14:29:49,716 [grpc-default-executor-0] INFO  server.RaftServer (RaftServerProxy.java:addNew(98)) - d5652d2f-6525-48cf-9e21-3b5358e36b18: addNew group-F1BF15834408:[5eef21ad-902e-47ea-91c0-32e633c63544|rpc:10.1.0.37:15232|admin:10.1.0.37:15231|client:10.1.0.37:15230|dataStream:10.1.0.37:15233|priority:1|startupRole:FOLLOWER, 6a44a47c-c3cb-455f-a4b0-0f80624e99c4|rpc:10.1.0.37:15223|admin:10.1.0.37:15222|client:10.1.0.37:15221|dataStream:10.1.0.37:15224|priority:0|startupRole:FOLLOWER, d5652d2f-6525-48cf-9e21-3b5358e36b18|rpc:10.1.0.37:15241|admin:10.1.0.37:15240|client:10.1.0.37:15239|dataStream:10.1.0.37:15242|priority:0|startupRole:FOLLOWER] returns group-F1BF15834408:java.util.concurrent.CompletableFuture@d4e7251[Not completed]
2023-06-06 14:29:49,717 [d5652d2f-6525-48cf-9e21-3b5358e36b18-groupManagement] INFO  server.RaftServer$Division (RaftServerImpl.java:<init>(198)) - d5652d2f-6525-48cf-9e21-3b5358e36b18: new RaftServerImpl for group-F1BF15834408:[5eef21ad-902e-47ea-91c0-32e633c63544|rpc:10.1.0.37:15232|admin:10.1.0.37:15231|client:10.1.0.37:15230|dataStream:10.1.0.37:15233|priority:1|startupRole:FOLLOWER, 6a44a47c-c3cb-455f-a4b0-0f80624e99c4|rpc:10.1.0.37:15223|admin:10.1.0.37:15222|client:10.1.0.37:15221|dataStream:10.1.0.37:15224|priority:0|startupRole:FOLLOWER, d5652d2f-6525-48cf-9e21-3b5358e36b18|rpc:10.1.0.37:15241|admin:10.1.0.37:15240|client:10.1.0.37:15239|dataStream:10.1.0.37:15242|priority:0|startupRole:FOLLOWER] with ContainerStateMachine:uninitialized
2023-06-06 14:29:49,717 [d5652d2f-6525-48cf-9e21-3b5358e36b18-groupManagement] INFO  server.RaftServerConfigKeys (ConfUtils.java:logGet(46)) - raft.server.rpc.timeout.min = 5s (custom)
2023-06-06 14:29:49,717 [d5652d2f-6525-48cf-9e21-3b5358e36b18-groupManagement] INFO  server.RaftServerConfigKeys (ConfUtils.java:logGet(46)) - raft.server.rpc.timeout.max = 5200ms (custom)
2023-06-06 14:29:49,717 [d5652d2f-6525-48cf-9e21-3b5358e36b18-groupManagement] INFO  server.RaftServerConfigKeys (ConfUtils.java:logGet(46)) - raft.server.rpc.sleep.time = 25ms (default)
2023-06-06 14:29:49,717 [d5652d2f-6525-48cf-9e21-3b5358e36b18-groupManagement] INFO  server.RaftServerConfigKeys (ConfUtils.java:logGet(46)) - raft.server.rpc.slowness.timeout = 300s (custom)
2023-06-06 14:29:49,717 [d5652d2f-6525-48cf-9e21-3b5358e36b18-groupManagement] INFO  server.RaftServerConfigKeys (ConfUtils.java:logGet(46)) - raft.server.leaderelection.leader.step-down.wait-time = 10s (default)
2023-06-06 14:29:49,717 [d5652d2f-6525-48cf-9e21-3b5358e36b18-groupManagement] INFO  server.RaftServerConfigKeys (ConfUtils.java:logGet(46)) - raft.server.sleep.deviation.threshold = 300ms (default)
2023-06-06 14:29:49,717 [d5652d2f-6525-48cf-9e21-3b5358e36b18-groupManagement] INFO  server.RaftServer$Division (ServerState.java:<init>(120)) - d5652d2f-6525-48cf-9e21-3b5358e36b18@group-F1BF15834408: ConfigurationManager, init=-1: peers:[5eef21ad-902e-47ea-91c0-32e633c63544|rpc:10.1.0.37:15232|admin:10.1.0.37:15231|client:10.1.0.37:15230|dataStream:10.1.0.37:15233|priority:1|startupRole:FOLLOWER, 6a44a47c-c3cb-455f-a4b0-0f80624e99c4|rpc:10.1.0.37:15223|admin:10.1.0.37:15222|client:10.1.0.37:15221|dataStream:10.1.0.37:15224|priority:0|startupRole:FOLLOWER, d5652d2f-6525-48cf-9e21-3b5358e36b18|rpc:10.1.0.37:15241|admin:10.1.0.37:15240|client:10.1.0.37:15239|dataStream:10.1.0.37:15242|priority:0|startupRole:FOLLOWER]|listeners:[], old=null, confs=<EMPTY_MAP>
2023-06-06 14:29:49,718 [d5652d2f-6525-48cf-9e21-3b5358e36b18-groupManagement] INFO  server.RaftServerConfigKeys (ConfUtils.java:logGet(46)) - raft.server.storage.dir = [/home/runner/work/ozone/ozone/hadoop-ozone/integration-test/target/test-dir/MiniOzoneClusterImpl-361cfd0c-44c3-4879-9ed3-7c7372459855/datanode-2/data/ratis] (custom)
2023-06-06 14:29:49,718 [d5652d2f-6525-48cf-9e21-3b5358e36b18-groupManagement] INFO  server.RaftServerConfigKeys (ConfUtils.java:logGet(46)) - raft.server.log.corruption.policy = EXCEPTION (default)
2023-06-06 14:29:49,719 [d5652d2f-6525-48cf-9e21-3b5358e36b18-groupManagement] INFO  server.RaftServerConfigKeys (ConfUtils.java:logGet(46)) - raft.server.storage.free-space.min = 0MB (=0) (default)
2023-06-06 14:29:49,719 [d5652d2f-6525-48cf-9e21-3b5358e36b18-groupManagement] INFO  server.RaftServerConfigKeys (ConfUtils.java:logGet(46)) - raft.server.notification.no-leader.timeout = 300s (custom)
2023-06-06 14:29:49,719 [d5652d2f-6525-48cf-9e21-3b5358e36b18-groupManagement] INFO  server.RaftServerConfigKeys (ConfUtils.java:logGet(46)) - raft.server.read.timeout = 10s (default)
2023-06-06 14:29:49,719 [d5652d2f-6525-48cf-9e21-3b5358e36b18-groupManagement] INFO  server.RaftServerConfigKeys (ConfUtils.java:logGet(46)) - raft.server.retrycache.expirytime = 600000ms (custom)
2023-06-06 14:29:49,719 [d5652d2f-6525-48cf-9e21-3b5358e36b18-groupManagement] INFO  server.RaftServerConfigKeys (ConfUtils.java:logGet(46)) - raft.server.retrycache.statistics.expirytime = 100μs (default)
2023-06-06 14:29:49,719 [d5652d2f-6525-48cf-9e21-3b5358e36b18-groupManagement] INFO  server.RaftServerConfigKeys (ConfUtils.java:logGet(46)) - raft.server.read.option = DEFAULT (default)
2023-06-06 14:29:49,719 [d5652d2f-6525-48cf-9e21-3b5358e36b18-groupManagement] INFO  server.RaftServerConfigKeys (ConfUtils.java:logGet(46)) - raft.server.rpc.request.timeout = 60s (custom)
2023-06-06 14:29:49,719 [d5652d2f-6525-48cf-9e21-3b5358e36b18-groupManagement] INFO  server.RaftServerConfigKeys (ConfUtils.java:logGet(46)) - raft.server.log.appender.install.snapshot.enabled = false (custom)
2023-06-06 14:29:49,719 [d5652d2f-6525-48cf-9e21-3b5358e36b18-groupManagement] INFO  server.RaftServerConfigKeys (ConfUtils.java:logGet(46)) - raft.server.threadpool.server.cached = true (default)
2023-06-06 14:29:49,720 [d5652d2f-6525-48cf-9e21-3b5358e36b18-groupManagement] INFO  server.RaftServerConfigKeys (ConfUtils.java:logGet(46)) - raft.server.threadpool.server.size = 0 (default)
2023-06-06 14:29:49,720 [d5652d2f-6525-48cf-9e21-3b5358e36b18-groupManagement] INFO  server.RaftServerConfigKeys (ConfUtils.java:logGet(46)) - raft.server.threadpool.client.cached = true (default)
2023-06-06 14:29:49,720 [d5652d2f-6525-48cf-9e21-3b5358e36b18-groupManagement] INFO  server.RaftServerConfigKeys (ConfUtils.java:logGet(46)) - raft.server.threadpool.client.size = 0 (default)
2023-06-06 14:29:49,720 [d5652d2f-6525-48cf-9e21-3b5358e36b18-groupManagement] INFO  storage.RaftStorageDirectory (RaftStorageDirectoryImpl.java:analyzeStorage(137)) - The storage directory /home/runner/work/ozone/ozone/hadoop-ozone/integration-test/target/test-dir/MiniOzoneClusterImpl-361cfd0c-44c3-4879-9ed3-7c7372459855/datanode-2/data/ratis/b98d40d0-05b0-4033-b773-f1bf15834408 does not exist. Creating ...
2023-06-06 14:29:49,721 [d5652d2f-6525-48cf-9e21-3b5358e36b18-groupManagement] INFO  storage.RaftStorageDirectory (RaftStorageDirectoryImpl.java:tryLock(231)) - Lock on /home/runner/work/ozone/ozone/hadoop-ozone/integration-test/target/test-dir/MiniOzoneClusterImpl-361cfd0c-44c3-4879-9ed3-7c7372459855/datanode-2/data/ratis/b98d40d0-05b0-4033-b773-f1bf15834408/in_use.lock acquired by nodename 75814@fv-az1133-973
2023-06-06 14:29:49,722 [d5652d2f-6525-48cf-9e21-3b5358e36b18-groupManagement] INFO  storage.RaftStorage (RaftStorageImpl.java:format(96)) - Storage directory /home/runner/work/ozone/ozone/hadoop-ozone/integration-test/target/test-dir/MiniOzoneClusterImpl-361cfd0c-44c3-4879-9ed3-7c7372459855/datanode-2/data/ratis/b98d40d0-05b0-4033-b773-f1bf15834408 has been successfully formatted.
2023-06-06 14:29:49,725 [d5652d2f-6525-48cf-9e21-3b5358e36b18-groupManagement] INFO  ratis.ContainerStateMachine (ContainerStateMachine.java:loadSnapshot(262)) - group-F1BF15834408: The snapshot info is null. Setting the last applied indexto:(t:0, i:~)
2023-06-06 14:29:49,725 [d5652d2f-6525-48cf-9e21-3b5358e36b18-groupManagement] INFO  server.RaftServerConfigKeys (ConfUtils.java:logGet(46)) - raft.server.log.use.memory = false (default)
2023-06-06 14:29:49,730 [d5652d2f-6525-48cf-9e21-3b5358e36b18-groupManagement] INFO  server.RaftServerConfigKeys (ConfUtils.java:logGet(46)) - raft.server.log.purge.gap = 1000000 (custom)
2023-06-06 14:29:49,730 [d5652d2f-6525-48cf-9e21-3b5358e36b18-groupManagement] INFO  server.RaftServerConfigKeys (ConfUtils.java:logGet(46)) - raft.server.log.appender.buffer.byte-limit = 33554432 (custom)
2023-06-06 14:29:49,730 [d5652d2f-6525-48cf-9e21-3b5358e36b18-groupManagement] INFO  server.RaftServerConfigKeys (ConfUtils.java:logGet(46)) - raft.server.log.statemachine.data.read.timeout = 1000ms (default)
2023-06-06 14:29:49,730 [d5652d2f-6525-48cf-9e21-3b5358e36b18-groupManagement] INFO  server.RaftServerConfigKeys (ConfUtils.java:logGet(46)) - raft.server.log.purge.preservation.log.num = 0 (default)
2023-06-06 14:29:49,730 [d5652d2f-6525-48cf-9e21-3b5358e36b18-groupManagement] INFO  server.RaftServerConfigKeys (ConfUtils.java:logGet(46)) - raft.server.log.segment.size.max = 1048576 (custom)
2023-06-06 14:29:49,731 [d5652d2f-6525-48cf-9e21-3b5358e36b18-groupManagement] INFO  server.RaftServerConfigKeys (ConfUtils.java:logGet(46)) - raft.server.log.segment.cache.num.max = 2 (custom)
2023-06-06 14:29:49,731 [d5652d2f-6525-48cf-9e21-3b5358e36b18-groupManagement] INFO  server.RaftServerConfigKeys (ConfUtils.java:logGet(46)) - raft.server.log.segment.cache.size.max = 200MB (=209715200) (default)
2023-06-06 14:29:49,731 [d5652d2f-6525-48cf-9e21-3b5358e36b18-groupManagement] INFO  server.RaftServerConfigKeys (ConfUtils.java:logGet(46)) - raft.server.log.appender.buffer.byte-limit = 33554432 (custom)
2023-06-06 14:29:49,731 [d5652d2f-6525-48cf-9e21-3b5358e36b18-groupManagement] INFO  segmented.SegmentedRaftLogWorker (SegmentedRaftLogWorker.java:<init>(188)) - new d5652d2f-6525-48cf-9e21-3b5358e36b18@group-F1BF15834408-SegmentedRaftLogWorker for RaftStorageImpl:Storage Directory /home/runner/work/ozone/ozone/hadoop-ozone/integration-test/target/test-dir/MiniOzoneClusterImpl-361cfd0c-44c3-4879-9ed3-7c7372459855/datanode-2/data/ratis/b98d40d0-05b0-4033-b773-f1bf15834408
2023-06-06 14:29:49,731 [d5652d2f-6525-48cf-9e21-3b5358e36b18-groupManagement] INFO  server.RaftServerConfigKeys (ConfUtils.java:logGet(46)) - raft.server.log.queue.byte-limit = 4294967296 (custom)
2023-06-06 14:29:49,731 [d5652d2f-6525-48cf-9e21-3b5358e36b18-groupManagement] INFO  server.RaftServerConfigKeys (ConfUtils.java:logGet(46)) - raft.server.log.queue.element-limit = 1024 (custom)
2023-06-06 14:29:49,731 [d5652d2f-6525-48cf-9e21-3b5358e36b18-groupManagement] INFO  server.RaftServerConfigKeys (ConfUtils.java:logGet(46)) - raft.server.log.segment.size.max = 1048576 (custom)
2023-06-06 14:29:49,731 [d5652d2f-6525-48cf-9e21-3b5358e36b18-groupManagement] INFO  server.RaftServerConfigKeys (ConfUtils.java:logGet(46)) - raft.server.log.preallocated.size = 16384 (custom)
2023-06-06 14:29:49,731 [d5652d2f-6525-48cf-9e21-3b5358e36b18-groupManagement] INFO  server.RaftServerConfigKeys (ConfUtils.java:logGet(46)) - raft.server.log.force.sync.num = 128 (default)
2023-06-06 14:29:49,731 [d5652d2f-6525-48cf-9e21-3b5358e36b18-groupManagement] INFO  server.RaftServerConfigKeys (ConfUtils.java:logGet(46)) - raft.server.log.statemachine.data.sync = true (default)
2023-06-06 14:29:49,731 [d5652d2f-6525-48cf-9e21-3b5358e36b18-groupManagement] INFO  server.RaftServerConfigKeys (ConfUtils.java:logGet(46)) - raft.server.log.statemachine.data.sync.timeout = 10s (default)
2023-06-06 14:29:49,731 [d5652d2f-6525-48cf-9e21-3b5358e36b18-groupManagement] INFO  server.RaftServerConfigKeys (ConfUtils.java:logGet(46)) - raft.server.log.statemachine.data.sync.timeout.retry = -1 (default)
2023-06-06 14:29:49,732 [d5652d2f-6525-48cf-9e21-3b5358e36b18-groupManagement] INFO  server.RaftServerConfigKeys (ConfUtils.java:logGet(46)) - raft.server.log.write.buffer.size = 1048576 (custom)
2023-06-06 14:29:49,732 [d5652d2f-6525-48cf-9e21-3b5358e36b18-groupManagement] INFO  server.RaftServerConfigKeys (ConfUtils.java:logGet(46)) - raft.server.log.appender.buffer.byte-limit = 33554432 (custom)
2023-06-06 14:29:49,737 [d5652d2f-6525-48cf-9e21-3b5358e36b18-groupManagement] INFO  server.RaftServerConfigKeys (ConfUtils.java:logGet(46)) - raft.server.log.unsafe-flush.enabled = false (default)
2023-06-06 14:29:49,737 [d5652d2f-6525-48cf-9e21-3b5358e36b18-groupManagement] INFO  server.RaftServerConfigKeys (ConfUtils.java:logGet(46)) - raft.server.log.async-flush.enabled = false (default)
2023-06-06 14:29:49,737 [d5652d2f-6525-48cf-9e21-3b5358e36b18-groupManagement] INFO  server.RaftServerConfigKeys (ConfUtils.java:logGet(46)) - raft.server.log.statemachine.data.caching.enabled = true (custom)
2023-06-06 14:29:49,737 [d5652d2f-6525-48cf-9e21-3b5358e36b18-groupManagement] INFO  segmented.SegmentedRaftLogWorker (SegmentedRaftLogWorker.java:lambda$new$0(135)) - d5652d2f-6525-48cf-9e21-3b5358e36b18@group-F1BF15834408-SegmentedRaftLogWorker: flushIndex: setUnconditionally 0 -> -1
2023-06-06 14:29:49,737 [d5652d2f-6525-48cf-9e21-3b5358e36b18-groupManagement] INFO  segmented.SegmentedRaftLogWorker (SegmentedRaftLogWorker.java:lambda$new$0(135)) - d5652d2f-6525-48cf-9e21-3b5358e36b18@group-F1BF15834408-SegmentedRaftLogWorker: safeCacheEvictIndex: setUnconditionally 0 -> -1
2023-06-06 14:29:49,738 [d5652d2f-6525-48cf-9e21-3b5358e36b18-groupManagement] INFO  server.RaftServer$Division (RaftServerImpl.java:start(342)) - d5652d2f-6525-48cf-9e21-3b5358e36b18@group-F1BF15834408: start as a follower, conf=-1: peers:[5eef21ad-902e-47ea-91c0-32e633c63544|rpc:10.1.0.37:15232|admin:10.1.0.37:15231|client:10.1.0.37:15230|dataStream:10.1.0.37:15233|priority:1|startupRole:FOLLOWER, 6a44a47c-c3cb-455f-a4b0-0f80624e99c4|rpc:10.1.0.37:15223|admin:10.1.0.37:15222|client:10.1.0.37:15221|dataStream:10.1.0.37:15224|priority:0|startupRole:FOLLOWER, d5652d2f-6525-48cf-9e21-3b5358e36b18|rpc:10.1.0.37:15241|admin:10.1.0.37:15240|client:10.1.0.37:15239|dataStream:10.1.0.37:15242|priority:0|startupRole:FOLLOWER]|listeners:[], old=null
2023-06-06 14:29:49,738 [d5652d2f-6525-48cf-9e21-3b5358e36b18-groupManagement] INFO  server.RaftServer$Division (RaftServerImpl.java:setRole(329)) - d5652d2f-6525-48cf-9e21-3b5358e36b18@group-F1BF15834408: changes role from      null to FOLLOWER at term 0 for startAsFollower
2023-06-06 14:29:49,738 [d5652d2f-6525-48cf-9e21-3b5358e36b18-groupManagement] INFO  impl.RoleInfo (RoleInfo.java:updateAndGet(139)) - d5652d2f-6525-48cf-9e21-3b5358e36b18: start d5652d2f-6525-48cf-9e21-3b5358e36b18@group-F1BF15834408-FollowerState
2023-06-06 14:29:49,738 [d5652d2f-6525-48cf-9e21-3b5358e36b18-groupManagement] INFO  util.JmxRegister (JmxRegister.java:tryRegister(44)) - Successfully registered JMX Bean with object name Ratis:service=RaftServer,group=group-F1BF15834408,id=d5652d2f-6525-48cf-9e21-3b5358e36b18
2023-06-06 14:29:49,738 [d5652d2f-6525-48cf-9e21-3b5358e36b18-groupManagement] INFO  server.RaftServerConfigKeys (ConfUtils.java:logGet(46)) - raft.server.snapshot.auto.trigger.enabled = true (custom)
2023-06-06 14:29:49,738 [d5652d2f-6525-48cf-9e21-3b5358e36b18-groupManagement] INFO  server.RaftServerConfigKeys (ConfUtils.java:logGet(46)) - raft.server.snapshot.auto.trigger.threshold = 10000 (custom)
2023-06-06 14:29:49,738 [d5652d2f-6525-48cf-9e21-3b5358e36b18-groupManagement] INFO  server.RaftServerConfigKeys (ConfUtils.java:logGet(46)) - raft.server.snapshot.retention.file.num = 5 (custom)
2023-06-06 14:29:49,738 [d5652d2f-6525-48cf-9e21-3b5358e36b18-groupManagement] INFO  server.RaftServerConfigKeys (ConfUtils.java:logGet(46)) - raft.server.log.purge.upto.snapshot.index = false (default)
2023-06-06 14:29:49,739 [d5652d2f-6525-48cf-9e21-3b5358e36b18@group-F1BF15834408-FollowerState] INFO  server.RaftServerConfigKeys (ConfUtils.java:logFallback(53)) - raft.server.rpc.first-election.timeout.min = 5s (fallback to raft.server.rpc.timeout.min)
2023-06-06 14:29:49,739 [d5652d2f-6525-48cf-9e21-3b5358e36b18@group-F1BF15834408-FollowerState] INFO  server.RaftServerConfigKeys (ConfUtils.java:logFallback(53)) - raft.server.rpc.first-election.timeout.max = 5200ms (fallback to raft.server.rpc.timeout.max)
2023-06-06 14:29:49,761 [grpc-default-executor-0] INFO  server.RaftServer (RaftServerProxy.java:addNew(98)) - 5eef21ad-902e-47ea-91c0-32e633c63544: addNew group-F1BF15834408:[5eef21ad-902e-47ea-91c0-32e633c63544|rpc:10.1.0.37:15232|admin:10.1.0.37:15231|client:10.1.0.37:15230|dataStream:10.1.0.37:15233|priority:1|startupRole:FOLLOWER, 6a44a47c-c3cb-455f-a4b0-0f80624e99c4|rpc:10.1.0.37:15223|admin:10.1.0.37:15222|client:10.1.0.37:15221|dataStream:10.1.0.37:15224|priority:0|startupRole:FOLLOWER, d5652d2f-6525-48cf-9e21-3b5358e36b18|rpc:10.1.0.37:15241|admin:10.1.0.37:15240|client:10.1.0.37:15239|dataStream:10.1.0.37:15242|priority:0|startupRole:FOLLOWER] returns group-F1BF15834408:java.util.concurrent.CompletableFuture@5767697d[Not completed]
2023-06-06 14:29:49,762 [5eef21ad-902e-47ea-91c0-32e633c63544-groupManagement] INFO  server.RaftServer$Division (RaftServerImpl.java:<init>(198)) - 5eef21ad-902e-47ea-91c0-32e633c63544: new RaftServerImpl for group-F1BF15834408:[5eef21ad-902e-47ea-91c0-32e633c63544|rpc:10.1.0.37:15232|admin:10.1.0.37:15231|client:10.1.0.37:15230|dataStream:10.1.0.37:15233|priority:1|startupRole:FOLLOWER, 6a44a47c-c3cb-455f-a4b0-0f80624e99c4|rpc:10.1.0.37:15223|admin:10.1.0.37:15222|client:10.1.0.37:15221|dataStream:10.1.0.37:15224|priority:0|startupRole:FOLLOWER, d5652d2f-6525-48cf-9e21-3b5358e36b18|rpc:10.1.0.37:15241|admin:10.1.0.37:15240|client:10.1.0.37:15239|dataStream:10.1.0.37:15242|priority:0|startupRole:FOLLOWER] with ContainerStateMachine:uninitialized
2023-06-06 14:29:49,762 [5eef21ad-902e-47ea-91c0-32e633c63544-groupManagement] INFO  server.RaftServerConfigKeys (ConfUtils.java:logGet(46)) - raft.server.rpc.timeout.min = 5s (custom)
2023-06-06 14:29:49,762 [5eef21ad-902e-47ea-91c0-32e633c63544-groupManagement] INFO  server.RaftServerConfigKeys (ConfUtils.java:logGet(46)) - raft.server.rpc.timeout.max = 5200ms (custom)
2023-06-06 14:29:49,762 [5eef21ad-902e-47ea-91c0-32e633c63544-groupManagement] INFO  server.RaftServerConfigKeys (ConfUtils.java:logGet(46)) - raft.server.rpc.sleep.time = 25ms (default)
2023-06-06 14:29:49,762 [5eef21ad-902e-47ea-91c0-32e633c63544-groupManagement] INFO  server.RaftServerConfigKeys (ConfUtils.java:logGet(46)) - raft.server.rpc.slowness.timeout = 300s (custom)
2023-06-06 14:29:49,762 [5eef21ad-902e-47ea-91c0-32e633c63544-groupManagement] INFO  server.RaftServerConfigKeys (ConfUtils.java:logGet(46)) - raft.server.leaderelection.leader.step-down.wait-time = 10s (default)
2023-06-06 14:29:49,762 [5eef21ad-902e-47ea-91c0-32e633c63544-groupManagement] INFO  server.RaftServerConfigKeys (ConfUtils.java:logGet(46)) - raft.server.sleep.deviation.threshold = 300ms (default)
2023-06-06 14:29:49,762 [5eef21ad-902e-47ea-91c0-32e633c63544-groupManagement] INFO  server.RaftServer$Division (ServerState.java:<init>(120)) - 5eef21ad-902e-47ea-91c0-32e633c63544@group-F1BF15834408: ConfigurationManager, init=-1: peers:[5eef21ad-902e-47ea-91c0-32e633c63544|rpc:10.1.0.37:15232|admin:10.1.0.37:15231|client:10.1.0.37:15230|dataStream:10.1.0.37:15233|priority:1|startupRole:FOLLOWER, 6a44a47c-c3cb-455f-a4b0-0f80624e99c4|rpc:10.1.0.37:15223|admin:10.1.0.37:15222|client:10.1.0.37:15221|dataStream:10.1.0.37:15224|priority:0|startupRole:FOLLOWER, d5652d2f-6525-48cf-9e21-3b5358e36b18|rpc:10.1.0.37:15241|admin:10.1.0.37:15240|client:10.1.0.37:15239|dataStream:10.1.0.37:15242|priority:0|startupRole:FOLLOWER]|listeners:[], old=null, confs=<EMPTY_MAP>
2023-06-06 14:29:49,762 [5eef21ad-902e-47ea-91c0-32e633c63544-groupManagement] INFO  server.RaftServerConfigKeys (ConfUtils.java:logGet(46)) - raft.server.storage.dir = [/home/runner/work/ozone/ozone/hadoop-ozone/integration-test/target/test-dir/MiniOzoneClusterImpl-361cfd0c-44c3-4879-9ed3-7c7372459855/datanode-1/data/ratis] (custom)
2023-06-06 14:29:49,762 [5eef21ad-902e-47ea-91c0-32e633c63544-groupManagement] INFO  server.RaftServerConfigKeys (ConfUtils.java:logGet(46)) - raft.server.log.corruption.policy = EXCEPTION (default)
2023-06-06 14:29:49,762 [5eef21ad-902e-47ea-91c0-32e633c63544-groupManagement] INFO  server.RaftServerConfigKeys (ConfUtils.java:logGet(46)) - raft.server.storage.free-space.min = 0MB (=0) (default)
2023-06-06 14:29:49,763 [5eef21ad-902e-47ea-91c0-32e633c63544-groupManagement] INFO  server.RaftServerConfigKeys (ConfUtils.java:logGet(46)) - raft.server.notification.no-leader.timeout = 300s (custom)
2023-06-06 14:29:49,763 [5eef21ad-902e-47ea-91c0-32e633c63544-groupManagement] INFO  server.RaftServerConfigKeys (ConfUtils.java:logGet(46)) - raft.server.read.timeout = 10s (default)
2023-06-06 14:29:49,763 [5eef21ad-902e-47ea-91c0-32e633c63544-groupManagement] INFO  server.RaftServerConfigKeys (ConfUtils.java:logGet(46)) - raft.server.retrycache.expirytime = 600000ms (custom)
2023-06-06 14:29:49,763 [5eef21ad-902e-47ea-91c0-32e633c63544-groupManagement] INFO  server.RaftServerConfigKeys (ConfUtils.java:logGet(46)) - raft.server.retrycache.statistics.expirytime = 100μs (default)
2023-06-06 14:29:49,763 [5eef21ad-902e-47ea-91c0-32e633c63544-groupManagement] INFO  server.RaftServerConfigKeys (ConfUtils.java:logGet(46)) - raft.server.read.option = DEFAULT (default)
2023-06-06 14:29:49,763 [5eef21ad-902e-47ea-91c0-32e633c63544-groupManagement] INFO  server.RaftServerConfigKeys (ConfUtils.java:logGet(46)) - raft.server.rpc.request.timeout = 60s (custom)
2023-06-06 14:29:49,763 [5eef21ad-902e-47ea-91c0-32e633c63544-groupManagement] INFO  server.RaftServerConfigKeys (ConfUtils.java:logGet(46)) - raft.server.log.appender.install.snapshot.enabled = false (custom)
2023-06-06 14:29:49,763 [5eef21ad-902e-47ea-91c0-32e633c63544-groupManagement] INFO  server.RaftServerConfigKeys (ConfUtils.java:logGet(46)) - raft.server.threadpool.server.cached = true (default)
2023-06-06 14:29:49,763 [5eef21ad-902e-47ea-91c0-32e633c63544-groupManagement] INFO  server.RaftServerConfigKeys (ConfUtils.java:logGet(46)) - raft.server.threadpool.server.size = 0 (default)
2023-06-06 14:29:49,763 [5eef21ad-902e-47ea-91c0-32e633c63544-groupManagement] INFO  server.RaftServerConfigKeys (ConfUtils.java:logGet(46)) - raft.server.threadpool.client.cached = true (default)
2023-06-06 14:29:49,763 [5eef21ad-902e-47ea-91c0-32e633c63544-groupManagement] INFO  server.RaftServerConfigKeys (ConfUtils.java:logGet(46)) - raft.server.threadpool.client.size = 0 (default)
2023-06-06 14:29:49,764 [5eef21ad-902e-47ea-91c0-32e633c63544-groupManagement] INFO  storage.RaftStorageDirectory (RaftStorageDirectoryImpl.java:analyzeStorage(137)) - The storage directory /home/runner/work/ozone/ozone/hadoop-ozone/integration-test/target/test-dir/MiniOzoneClusterImpl-361cfd0c-44c3-4879-9ed3-7c7372459855/datanode-1/data/ratis/b98d40d0-05b0-4033-b773-f1bf15834408 does not exist. Creating ...
2023-06-06 14:29:49,764 [5eef21ad-902e-47ea-91c0-32e633c63544-groupManagement] INFO  storage.RaftStorageDirectory (RaftStorageDirectoryImpl.java:tryLock(231)) - Lock on /home/runner/work/ozone/ozone/hadoop-ozone/integration-test/target/test-dir/MiniOzoneClusterImpl-361cfd0c-44c3-4879-9ed3-7c7372459855/datanode-1/data/ratis/b98d40d0-05b0-4033-b773-f1bf15834408/in_use.lock acquired by nodename 75814@fv-az1133-973
2023-06-06 14:29:49,765 [5eef21ad-902e-47ea-91c0-32e633c63544-groupManagement] INFO  storage.RaftStorage (RaftStorageImpl.java:format(96)) - Storage directory /home/runner/work/ozone/ozone/hadoop-ozone/integration-test/target/test-dir/MiniOzoneClusterImpl-361cfd0c-44c3-4879-9ed3-7c7372459855/datanode-1/data/ratis/b98d40d0-05b0-4033-b773-f1bf15834408 has been successfully formatted.
2023-06-06 14:29:49,766 [5eef21ad-902e-47ea-91c0-32e633c63544-groupManagement] INFO  ratis.ContainerStateMachine (ContainerStateMachine.java:loadSnapshot(262)) - group-F1BF15834408: The snapshot info is null. Setting the last applied indexto:(t:0, i:~)
2023-06-06 14:29:49,766 [5eef21ad-902e-47ea-91c0-32e633c63544-groupManagement] INFO  server.RaftServerConfigKeys (ConfUtils.java:logGet(46)) - raft.server.log.use.memory = false (default)
2023-06-06 14:29:49,768 [5eef21ad-902e-47ea-91c0-32e633c63544-groupManagement] INFO  server.RaftServerConfigKeys (ConfUtils.java:logGet(46)) - raft.server.log.purge.gap = 1000000 (custom)
2023-06-06 14:29:49,768 [5eef21ad-902e-47ea-91c0-32e633c63544-groupManagement] INFO  server.RaftServerConfigKeys (ConfUtils.java:logGet(46)) - raft.server.log.appender.buffer.byte-limit = 33554432 (custom)
2023-06-06 14:29:49,768 [5eef21ad-902e-47ea-91c0-32e633c63544-groupManagement] INFO  server.RaftServerConfigKeys (ConfUtils.java:logGet(46)) - raft.server.log.statemachine.data.read.timeout = 1000ms (default)
2023-06-06 14:29:49,768 [5eef21ad-902e-47ea-91c0-32e633c63544-groupManagement] INFO  server.RaftServerConfigKeys (ConfUtils.java:logGet(46)) - raft.server.log.purge.preservation.log.num = 0 (default)
2023-06-06 14:29:49,768 [5eef21ad-902e-47ea-91c0-32e633c63544-groupManagement] INFO  server.RaftServerConfigKeys (ConfUtils.java:logGet(46)) - raft.server.log.segment.size.max = 1048576 (custom)
2023-06-06 14:29:49,768 [5eef21ad-902e-47ea-91c0-32e633c63544-groupManagement] INFO  server.RaftServerConfigKeys (ConfUtils.java:logGet(46)) - raft.server.log.segment.cache.num.max = 2 (custom)
2023-06-06 14:29:49,768 [5eef21ad-902e-47ea-91c0-32e633c63544-groupManagement] INFO  server.RaftServerConfigKeys (ConfUtils.java:logGet(46)) - raft.server.log.segment.cache.size.max = 200MB (=209715200) (default)
2023-06-06 14:29:49,768 [5eef21ad-902e-47ea-91c0-32e633c63544-groupManagement] INFO  server.RaftServerConfigKeys (ConfUtils.java:logGet(46)) - raft.server.log.appender.buffer.byte-limit = 33554432 (custom)
2023-06-06 14:29:49,769 [5eef21ad-902e-47ea-91c0-32e633c63544-groupManagement] INFO  segmented.SegmentedRaftLogWorker (SegmentedRaftLogWorker.java:<init>(188)) - new 5eef21ad-902e-47ea-91c0-32e633c63544@group-F1BF15834408-SegmentedRaftLogWorker for RaftStorageImpl:Storage Directory /home/runner/work/ozone/ozone/hadoop-ozone/integration-test/target/test-dir/MiniOzoneClusterImpl-361cfd0c-44c3-4879-9ed3-7c7372459855/datanode-1/data/ratis/b98d40d0-05b0-4033-b773-f1bf15834408
2023-06-06 14:29:49,769 [5eef21ad-902e-47ea-91c0-32e633c63544-groupManagement] INFO  server.RaftServerConfigKeys (ConfUtils.java:logGet(46)) - raft.server.log.queue.byte-limit = 4294967296 (custom)
2023-06-06 14:29:49,769 [5eef21ad-902e-47ea-91c0-32e633c63544-groupManagement] INFO  server.RaftServerConfigKeys (ConfUtils.java:logGet(46)) - raft.server.log.queue.element-limit = 1024 (custom)
2023-06-06 14:29:49,769 [5eef21ad-902e-47ea-91c0-32e633c63544-groupManagement] INFO  server.RaftServerConfigKeys (ConfUtils.java:logGet(46)) - raft.server.log.segment.size.max = 1048576 (custom)
2023-06-06 14:29:49,769 [5eef21ad-902e-47ea-91c0-32e633c63544-groupManagement] INFO  server.RaftServerConfigKeys (ConfUtils.java:logGet(46)) - raft.server.log.preallocated.size = 16384 (custom)
2023-06-06 14:29:49,769 [5eef21ad-902e-47ea-91c0-32e633c63544-groupManagement] INFO  server.RaftServerConfigKeys (ConfUtils.java:logGet(46)) - raft.server.log.force.sync.num = 128 (default)
2023-06-06 14:29:49,769 [5eef21ad-902e-47ea-91c0-32e633c63544-groupManagement] INFO  server.RaftServerConfigKeys (ConfUtils.java:logGet(46)) - raft.server.log.statemachine.data.sync = true (default)
2023-06-06 14:29:49,769 [5eef21ad-902e-47ea-91c0-32e633c63544-groupManagement] INFO  server.RaftServerConfigKeys (ConfUtils.java:logGet(46)) - raft.server.log.statemachine.data.sync.timeout = 10s (default)
2023-06-06 14:29:49,769 [5eef21ad-902e-47ea-91c0-32e633c63544-groupManagement] INFO  server.RaftServerConfigKeys (ConfUtils.java:logGet(46)) - raft.server.log.statemachine.data.sync.timeout.retry = -1 (default)
2023-06-06 14:29:49,769 [5eef21ad-902e-47ea-91c0-32e633c63544-groupManagement] INFO  server.RaftServerConfigKeys (ConfUtils.java:logGet(46)) - raft.server.log.write.buffer.size = 1048576 (custom)
2023-06-06 14:29:49,770 [5eef21ad-902e-47ea-91c0-32e633c63544-groupManagement] INFO  server.RaftServerConfigKeys (ConfUtils.java:logGet(46)) - raft.server.log.appender.buffer.byte-limit = 33554432 (custom)
2023-06-06 14:29:49,775 [5eef21ad-902e-47ea-91c0-32e633c63544-groupManagement] INFO  server.RaftServerConfigKeys (ConfUtils.java:logGet(46)) - raft.server.log.unsafe-flush.enabled = false (default)
2023-06-06 14:29:49,775 [5eef21ad-902e-47ea-91c0-32e633c63544-groupManagement] INFO  server.RaftServerConfigKeys (ConfUtils.java:logGet(46)) - raft.server.log.async-flush.enabled = false (default)
2023-06-06 14:29:49,775 [5eef21ad-902e-47ea-91c0-32e633c63544-groupManagement] INFO  server.RaftServerConfigKeys (ConfUtils.java:logGet(46)) - raft.server.log.statemachine.data.caching.enabled = true (custom)
2023-06-06 14:29:49,775 [5eef21ad-902e-47ea-91c0-32e633c63544-groupManagement] INFO  segmented.SegmentedRaftLogWorker (SegmentedRaftLogWorker.java:lambda$new$0(135)) - 5eef21ad-902e-47ea-91c0-32e633c63544@group-F1BF15834408-SegmentedRaftLogWorker: flushIndex: setUnconditionally 0 -> -1
2023-06-06 14:29:49,775 [5eef21ad-902e-47ea-91c0-32e633c63544-groupManagement] INFO  segmented.SegmentedRaftLogWorker (SegmentedRaftLogWorker.java:lambda$new$0(135)) - 5eef21ad-902e-47ea-91c0-32e633c63544@group-F1BF15834408-SegmentedRaftLogWorker: safeCacheEvictIndex: setUnconditionally 0 -> -1
2023-06-06 14:29:49,775 [5eef21ad-902e-47ea-91c0-32e633c63544-groupManagement] INFO  server.RaftServer$Division (RaftServerImpl.java:start(342)) - 5eef21ad-902e-47ea-91c0-32e633c63544@group-F1BF15834408: start as a follower, conf=-1: peers:[5eef21ad-902e-47ea-91c0-32e633c63544|rpc:10.1.0.37:15232|admin:10.1.0.37:15231|client:10.1.0.37:15230|dataStream:10.1.0.37:15233|priority:1|startupRole:FOLLOWER, 6a44a47c-c3cb-455f-a4b0-0f80624e99c4|rpc:10.1.0.37:15223|admin:10.1.0.37:15222|client:10.1.0.37:15221|dataStream:10.1.0.37:15224|priority:0|startupRole:FOLLOWER, d5652d2f-6525-48cf-9e21-3b5358e36b18|rpc:10.1.0.37:15241|admin:10.1.0.37:15240|client:10.1.0.37:15239|dataStream:10.1.0.37:15242|priority:0|startupRole:FOLLOWER]|listeners:[], old=null
2023-06-06 14:29:49,775 [5eef21ad-902e-47ea-91c0-32e633c63544-groupManagement] INFO  server.RaftServer$Division (RaftServerImpl.java:setRole(329)) - 5eef21ad-902e-47ea-91c0-32e633c63544@group-F1BF15834408: changes role from      null to FOLLOWER at term 0 for startAsFollower
2023-06-06 14:29:49,776 [5eef21ad-902e-47ea-91c0-32e633c63544-groupManagement] INFO  impl.RoleInfo (RoleInfo.java:updateAndGet(139)) - 5eef21ad-902e-47ea-91c0-32e633c63544: start 5eef21ad-902e-47ea-91c0-32e633c63544@group-F1BF15834408-FollowerState
2023-06-06 14:29:49,776 [5eef21ad-902e-47ea-91c0-32e633c63544-groupManagement] INFO  util.JmxRegister (JmxRegister.java:tryRegister(44)) - Successfully registered JMX Bean with object name Ratis:service=RaftServer,group=group-F1BF15834408,id=5eef21ad-902e-47ea-91c0-32e633c63544
2023-06-06 14:29:49,776 [5eef21ad-902e-47ea-91c0-32e633c63544-groupManagement] INFO  server.RaftServerConfigKeys (ConfUtils.java:logGet(46)) - raft.server.snapshot.auto.trigger.enabled = true (custom)
2023-06-06 14:29:49,776 [5eef21ad-902e-47ea-91c0-32e633c63544-groupManagement] INFO  server.RaftServerConfigKeys (ConfUtils.java:logGet(46)) - raft.server.snapshot.auto.trigger.threshold = 10000 (custom)
2023-06-06 14:29:49,776 [5eef21ad-902e-47ea-91c0-32e633c63544-groupManagement] INFO  server.RaftServerConfigKeys (ConfUtils.java:logGet(46)) - raft.server.snapshot.retention.file.num = 5 (custom)
2023-06-06 14:29:49,776 [5eef21ad-902e-47ea-91c0-32e633c63544-groupManagement] INFO  server.RaftServerConfigKeys (ConfUtils.java:logGet(46)) - raft.server.log.purge.upto.snapshot.index = false (default)
2023-06-06 14:29:49,776 [5eef21ad-902e-47ea-91c0-32e633c63544@group-F1BF15834408-FollowerState] INFO  server.RaftServerConfigKeys (ConfUtils.java:logFallback(53)) - raft.server.rpc.first-election.timeout.min = 5s (fallback to raft.server.rpc.timeout.min)
2023-06-06 14:29:49,776 [5eef21ad-902e-47ea-91c0-32e633c63544@group-F1BF15834408-FollowerState] INFO  server.RaftServerConfigKeys (ConfUtils.java:logFallback(53)) - raft.server.rpc.first-election.timeout.max = 5200ms (fallback to raft.server.rpc.timeout.max)
2023-06-06 14:29:49,789 [PipelineCommandHandlerThread-0] INFO  commandhandler.CreatePipelineCommandHandler (CreatePipelineCommandHandler.java:lambda$handle$2(124)) - Created Pipeline RATIS THREE PipelineID=b98d40d0-05b0-4033-b773-f1bf15834408.
2023-06-06 14:29:49,790 [PipelineCommandHandlerThread-0] INFO  server.RaftServer (RaftServerProxy.java:addNew(98)) - 6a44a47c-c3cb-455f-a4b0-0f80624e99c4: addNew group-54BC6014DD25:[5eef21ad-902e-47ea-91c0-32e633c63544|rpc:10.1.0.37:15232|admin:10.1.0.37:15231|client:10.1.0.37:15230|dataStream:10.1.0.37:15233|priority:0|startupRole:FOLLOWER, 6a44a47c-c3cb-455f-a4b0-0f80624e99c4|rpc:10.1.0.37:15223|admin:10.1.0.37:15222|client:10.1.0.37:15221|dataStream:10.1.0.37:15224|priority:1|startupRole:FOLLOWER, d5652d2f-6525-48cf-9e21-3b5358e36b18|rpc:10.1.0.37:15241|admin:10.1.0.37:15240|client:10.1.0.37:15239|dataStream:10.1.0.37:15242|priority:0|startupRole:FOLLOWER] returns group-54BC6014DD25:java.util.concurrent.CompletableFuture@5c52be7d[Not completed]
2023-06-06 14:29:49,790 [6a44a47c-c3cb-455f-a4b0-0f80624e99c4-groupManagement] INFO  server.RaftServer$Division (RaftServerImpl.java:<init>(198)) - 6a44a47c-c3cb-455f-a4b0-0f80624e99c4: new RaftServerImpl for group-54BC6014DD25:[5eef21ad-902e-47ea-91c0-32e633c63544|rpc:10.1.0.37:15232|admin:10.1.0.37:15231|client:10.1.0.37:15230|dataStream:10.1.0.37:15233|priority:0|startupRole:FOLLOWER, 6a44a47c-c3cb-455f-a4b0-0f80624e99c4|rpc:10.1.0.37:15223|admin:10.1.0.37:15222|client:10.1.0.37:15221|dataStream:10.1.0.37:15224|priority:1|startupRole:FOLLOWER, d5652d2f-6525-48cf-9e21-3b5358e36b18|rpc:10.1.0.37:15241|admin:10.1.0.37:15240|client:10.1.0.37:15239|dataStream:10.1.0.37:15242|priority:0|startupRole:FOLLOWER] with ContainerStateMachine:uninitialized
2023-06-06 14:29:49,791 [6a44a47c-c3cb-455f-a4b0-0f80624e99c4-groupManagement] INFO  server.RaftServerConfigKeys (ConfUtils.java:logGet(46)) - raft.server.rpc.timeout.min = 5s (custom)
2023-06-06 14:29:49,791 [6a44a47c-c3cb-455f-a4b0-0f80624e99c4-groupManagement] INFO  server.RaftServerConfigKeys (ConfUtils.java:logGet(46)) - raft.server.rpc.timeout.max = 5200ms (custom)
2023-06-06 14:29:49,791 [6a44a47c-c3cb-455f-a4b0-0f80624e99c4-groupManagement] INFO  server.RaftServerConfigKeys (ConfUtils.java:logGet(46)) - raft.server.rpc.sleep.time = 25ms (default)
2023-06-06 14:29:49,791 [6a44a47c-c3cb-455f-a4b0-0f80624e99c4-groupManagement] INFO  server.RaftServerConfigKeys (ConfUtils.java:logGet(46)) - raft.server.rpc.slowness.timeout = 300s (custom)
2023-06-06 14:29:49,791 [6a44a47c-c3cb-455f-a4b0-0f80624e99c4-groupManagement] INFO  server.RaftServerConfigKeys (ConfUtils.java:logGet(46)) - raft.server.leaderelection.leader.step-down.wait-time = 10s (default)
2023-06-06 14:29:49,791 [6a44a47c-c3cb-455f-a4b0-0f80624e99c4-groupManagement] INFO  server.RaftServerConfigKeys (ConfUtils.java:logGet(46)) - raft.server.sleep.deviation.threshold = 300ms (default)
2023-06-06 14:29:49,791 [6a44a47c-c3cb-455f-a4b0-0f80624e99c4-groupManagement] INFO  server.RaftServer$Division (ServerState.java:<init>(120)) - 6a44a47c-c3cb-455f-a4b0-0f80624e99c4@group-54BC6014DD25: ConfigurationManager, init=-1: peers:[5eef21ad-902e-47ea-91c0-32e633c63544|rpc:10.1.0.37:15232|admin:10.1.0.37:15231|client:10.1.0.37:15230|dataStream:10.1.0.37:15233|priority:0|startupRole:FOLLOWER, 6a44a47c-c3cb-455f-a4b0-0f80624e99c4|rpc:10.1.0.37:15223|admin:10.1.0.37:15222|client:10.1.0.37:15221|dataStream:10.1.0.37:15224|priority:1|startupRole:FOLLOWER, d5652d2f-6525-48cf-9e21-3b5358e36b18|rpc:10.1.0.37:15241|admin:10.1.0.37:15240|client:10.1.0.37:15239|dataStream:10.1.0.37:15242|priority:0|startupRole:FOLLOWER]|listeners:[], old=null, confs=<EMPTY_MAP>
2023-06-06 14:29:49,791 [6a44a47c-c3cb-455f-a4b0-0f80624e99c4-groupManagement] INFO  server.RaftServerConfigKeys (ConfUtils.java:logGet(46)) - raft.server.storage.dir = [/home/runner/work/ozone/ozone/hadoop-ozone/integration-test/target/test-dir/MiniOzoneClusterImpl-361cfd0c-44c3-4879-9ed3-7c7372459855/datanode-0/data/ratis] (custom)
2023-06-06 14:29:49,791 [6a44a47c-c3cb-455f-a4b0-0f80624e99c4-groupManagement] INFO  server.RaftServerConfigKeys (ConfUtils.java:logGet(46)) - raft.server.log.corruption.policy = EXCEPTION (default)
2023-06-06 14:29:49,791 [6a44a47c-c3cb-455f-a4b0-0f80624e99c4-groupManagement] INFO  server.RaftServerConfigKeys (ConfUtils.java:logGet(46)) - raft.server.storage.free-space.min = 0MB (=0) (default)
2023-06-06 14:29:49,791 [6a44a47c-c3cb-455f-a4b0-0f80624e99c4-groupManagement] INFO  server.RaftServerConfigKeys (ConfUtils.java:logGet(46)) - raft.server.notification.no-leader.timeout = 300s (custom)
2023-06-06 14:29:49,791 [6a44a47c-c3cb-455f-a4b0-0f80624e99c4-groupManagement] INFO  server.RaftServerConfigKeys (ConfUtils.java:logGet(46)) - raft.server.read.timeout = 10s (default)
2023-06-06 14:29:49,791 [6a44a47c-c3cb-455f-a4b0-0f80624e99c4-groupManagement] INFO  server.RaftServerConfigKeys (ConfUtils.java:logGet(46)) - raft.server.retrycache.expirytime = 600000ms (custom)
2023-06-06 14:29:49,791 [6a44a47c-c3cb-455f-a4b0-0f80624e99c4-groupManagement] INFO  server.RaftServerConfigKeys (ConfUtils.java:logGet(46)) - raft.server.retrycache.statistics.expirytime = 100μs (default)
2023-06-06 14:29:49,791 [6a44a47c-c3cb-455f-a4b0-0f80624e99c4-groupManagement] INFO  server.RaftServerConfigKeys (ConfUtils.java:logGet(46)) - raft.server.read.option = DEFAULT (default)
2023-06-06 14:29:49,792 [6a44a47c-c3cb-455f-a4b0-0f80624e99c4-groupManagement] INFO  server.RaftServerConfigKeys (ConfUtils.java:logGet(46)) - raft.server.rpc.request.timeout = 60s (custom)
2023-06-06 14:29:49,792 [6a44a47c-c3cb-455f-a4b0-0f80624e99c4-groupManagement] INFO  server.RaftServerConfigKeys (ConfUtils.java:logGet(46)) - raft.server.log.appender.install.snapshot.enabled = false (custom)
2023-06-06 14:29:49,792 [6a44a47c-c3cb-455f-a4b0-0f80624e99c4-groupManagement] INFO  server.RaftServerConfigKeys (ConfUtils.java:logGet(46)) - raft.server.threadpool.server.cached = true (default)
2023-06-06 14:29:49,792 [6a44a47c-c3cb-455f-a4b0-0f80624e99c4-groupManagement] INFO  server.RaftServerConfigKeys (ConfUtils.java:logGet(46)) - raft.server.threadpool.server.size = 0 (default)
2023-06-06 14:29:49,792 [6a44a47c-c3cb-455f-a4b0-0f80624e99c4-groupManagement] INFO  server.RaftServerConfigKeys (ConfUtils.java:logGet(46)) - raft.server.threadpool.client.cached = true (default)
2023-06-06 14:29:49,792 [6a44a47c-c3cb-455f-a4b0-0f80624e99c4-groupManagement] INFO  server.RaftServerConfigKeys (ConfUtils.java:logGet(46)) - raft.server.threadpool.client.size = 0 (default)
2023-06-06 14:29:49,792 [6a44a47c-c3cb-455f-a4b0-0f80624e99c4-groupManagement] INFO  storage.RaftStorageDirectory (RaftStorageDirectoryImpl.java:analyzeStorage(137)) - The storage directory /home/runner/work/ozone/ozone/hadoop-ozone/integration-test/target/test-dir/MiniOzoneClusterImpl-361cfd0c-44c3-4879-9ed3-7c7372459855/datanode-0/data/ratis/c416c1d6-d8df-4f7c-8296-54bc6014dd25 does not exist. Creating ...
2023-06-06 14:29:49,793 [6a44a47c-c3cb-455f-a4b0-0f80624e99c4-groupManagement] INFO  storage.RaftStorageDirectory (RaftStorageDirectoryImpl.java:tryLock(231)) - Lock on /home/runner/work/ozone/ozone/hadoop-ozone/integration-test/target/test-dir/MiniOzoneClusterImpl-361cfd0c-44c3-4879-9ed3-7c7372459855/datanode-0/data/ratis/c416c1d6-d8df-4f7c-8296-54bc6014dd25/in_use.lock acquired by nodename 75814@fv-az1133-973
2023-06-06 14:29:49,794 [6a44a47c-c3cb-455f-a4b0-0f80624e99c4-groupManagement] INFO  storage.RaftStorage (RaftStorageImpl.java:format(96)) - Storage directory /home/runner/work/ozone/ozone/hadoop-ozone/integration-test/target/test-dir/MiniOzoneClusterImpl-361cfd0c-44c3-4879-9ed3-7c7372459855/datanode-0/data/ratis/c416c1d6-d8df-4f7c-8296-54bc6014dd25 has been successfully formatted.
2023-06-06 14:29:49,794 [6a44a47c-c3cb-455f-a4b0-0f80624e99c4-groupManagement] INFO  ratis.ContainerStateMachine (ContainerStateMachine.java:loadSnapshot(262)) - group-54BC6014DD25: The snapshot info is null. Setting the last applied indexto:(t:0, i:~)
2023-06-06 14:29:49,794 [6a44a47c-c3cb-455f-a4b0-0f80624e99c4-groupManagement] INFO  server.RaftServerConfigKeys (ConfUtils.java:logGet(46)) - raft.server.log.use.memory = false (default)
2023-06-06 14:29:49,795 [6a44a47c-c3cb-455f-a4b0-0f80624e99c4-groupManagement] INFO  server.RaftServerConfigKeys (ConfUtils.java:logGet(46)) - raft.server.log.purge.gap = 1000000 (custom)
2023-06-06 14:29:49,795 [6a44a47c-c3cb-455f-a4b0-0f80624e99c4-groupManagement] INFO  server.RaftServerConfigKeys (ConfUtils.java:logGet(46)) - raft.server.log.appender.buffer.byte-limit = 33554432 (custom)
2023-06-06 14:29:49,795 [6a44a47c-c3cb-455f-a4b0-0f80624e99c4-groupManagement] INFO  server.RaftServerConfigKeys (ConfUtils.java:logGet(46)) - raft.server.log.statemachine.data.read.timeout = 1000ms (default)
2023-06-06 14:29:49,795 [6a44a47c-c3cb-455f-a4b0-0f80624e99c4-groupManagement] INFO  server.RaftServerConfigKeys (ConfUtils.java:logGet(46)) - raft.server.log.purge.preservation.log.num = 0 (default)
2023-06-06 14:29:49,795 [6a44a47c-c3cb-455f-a4b0-0f80624e99c4-groupManagement] INFO  server.RaftServerConfigKeys (ConfUtils.java:logGet(46)) - raft.server.log.segment.size.max = 1048576 (custom)
2023-06-06 14:29:49,795 [EventQueue-OpenPipelineForHealthyPipelineSafeModeRule] INFO  safemode.SCMSafeModeManager (HealthyPipelineSafeModeRule.java:process(137)) - SCM in safe mode. Healthy pipelines reported count is 0, required healthy pipeline reported count is 1
2023-06-06 14:29:49,796 [6a44a47c-c3cb-455f-a4b0-0f80624e99c4-groupManagement] INFO  server.RaftServerConfigKeys (ConfUtils.java:logGet(46)) - raft.server.log.segment.cache.num.max = 2 (custom)
2023-06-06 14:29:49,796 [6a44a47c-c3cb-455f-a4b0-0f80624e99c4-groupManagement] INFO  server.RaftServerConfigKeys (ConfUtils.java:logGet(46)) - raft.server.log.segment.cache.size.max = 200MB (=209715200) (default)
2023-06-06 14:29:49,796 [6a44a47c-c3cb-455f-a4b0-0f80624e99c4-groupManagement] INFO  server.RaftServerConfigKeys (ConfUtils.java:logGet(46)) - raft.server.log.appender.buffer.byte-limit = 33554432 (custom)
2023-06-06 14:29:49,796 [6a44a47c-c3cb-455f-a4b0-0f80624e99c4-groupManagement] INFO  segmented.SegmentedRaftLogWorker (SegmentedRaftLogWorker.java:<init>(188)) - new 6a44a47c-c3cb-455f-a4b0-0f80624e99c4@group-54BC6014DD25-SegmentedRaftLogWorker for RaftStorageImpl:Storage Directory /home/runner/work/ozone/ozone/hadoop-ozone/integration-test/target/test-dir/MiniOzoneClusterImpl-361cfd0c-44c3-4879-9ed3-7c7372459855/datanode-0/data/ratis/c416c1d6-d8df-4f7c-8296-54bc6014dd25
2023-06-06 14:29:49,796 [6a44a47c-c3cb-455f-a4b0-0f80624e99c4-groupManagement] INFO  server.RaftServerConfigKeys (ConfUtils.java:logGet(46)) - raft.server.log.queue.byte-limit = 4294967296 (custom)
2023-06-06 14:29:49,796 [6a44a47c-c3cb-455f-a4b0-0f80624e99c4-groupManagement] INFO  server.RaftServerConfigKeys (ConfUtils.java:logGet(46)) - raft.server.log.queue.element-limit = 1024 (custom)
2023-06-06 14:29:49,796 [6a44a47c-c3cb-455f-a4b0-0f80624e99c4-groupManagement] INFO  server.RaftServerConfigKeys (ConfUtils.java:logGet(46)) - raft.server.log.segment.size.max = 1048576 (custom)
2023-06-06 14:29:49,796 [6a44a47c-c3cb-455f-a4b0-0f80624e99c4-groupManagement] INFO  server.RaftServerConfigKeys (ConfUtils.java:logGet(46)) - raft.server.log.preallocated.size = 16384 (custom)
2023-06-06 14:29:49,796 [6a44a47c-c3cb-455f-a4b0-0f80624e99c4-groupManagement] INFO  server.RaftServerConfigKeys (ConfUtils.java:logGet(46)) - raft.server.log.force.sync.num = 128 (default)
2023-06-06 14:29:49,796 [6a44a47c-c3cb-455f-a4b0-0f80624e99c4-groupManagement] INFO  server.RaftServerConfigKeys (ConfUtils.java:logGet(46)) - raft.server.log.statemachine.data.sync = true (default)
2023-06-06 14:29:49,796 [6a44a47c-c3cb-455f-a4b0-0f80624e99c4-groupManagement] INFO  server.RaftServerConfigKeys (ConfUtils.java:logGet(46)) - raft.server.log.statemachine.data.sync.timeout = 10s (default)
2023-06-06 14:29:49,796 [6a44a47c-c3cb-455f-a4b0-0f80624e99c4-groupManagement] INFO  server.RaftServerConfigKeys (ConfUtils.java:logGet(46)) - raft.server.log.statemachine.data.sync.timeout.retry = -1 (default)
2023-06-06 14:29:49,796 [6a44a47c-c3cb-455f-a4b0-0f80624e99c4-groupManagement] INFO  server.RaftServerConfigKeys (ConfUtils.java:logGet(46)) - raft.server.log.write.buffer.size = 1048576 (custom)
2023-06-06 14:29:49,797 [6a44a47c-c3cb-455f-a4b0-0f80624e99c4-groupManagement] INFO  server.RaftServerConfigKeys (ConfUtils.java:logGet(46)) - raft.server.log.appender.buffer.byte-limit = 33554432 (custom)
2023-06-06 14:29:49,802 [6a44a47c-c3cb-455f-a4b0-0f80624e99c4-groupManagement] INFO  server.RaftServerConfigKeys (ConfUtils.java:logGet(46)) - raft.server.log.unsafe-flush.enabled = false (default)
2023-06-06 14:29:49,802 [6a44a47c-c3cb-455f-a4b0-0f80624e99c4-groupManagement] INFO  server.RaftServerConfigKeys (ConfUtils.java:logGet(46)) - raft.server.log.async-flush.enabled = false (default)
2023-06-06 14:29:49,802 [6a44a47c-c3cb-455f-a4b0-0f80624e99c4-groupManagement] INFO  server.RaftServerConfigKeys (ConfUtils.java:logGet(46)) - raft.server.log.statemachine.data.caching.enabled = true (custom)
2023-06-06 14:29:49,802 [6a44a47c-c3cb-455f-a4b0-0f80624e99c4-groupManagement] INFO  segmented.SegmentedRaftLogWorker (SegmentedRaftLogWorker.java:lambda$new$0(135)) - 6a44a47c-c3cb-455f-a4b0-0f80624e99c4@group-54BC6014DD25-SegmentedRaftLogWorker: flushIndex: setUnconditionally 0 -> -1
2023-06-06 14:29:49,802 [6a44a47c-c3cb-455f-a4b0-0f80624e99c4-groupManagement] INFO  segmented.SegmentedRaftLogWorker (SegmentedRaftLogWorker.java:lambda$new$0(135)) - 6a44a47c-c3cb-455f-a4b0-0f80624e99c4@group-54BC6014DD25-SegmentedRaftLogWorker: safeCacheEvictIndex: setUnconditionally 0 -> -1
2023-06-06 14:29:49,804 [6a44a47c-c3cb-455f-a4b0-0f80624e99c4-groupManagement] INFO  server.RaftServer$Division (RaftServerImpl.java:start(342)) - 6a44a47c-c3cb-455f-a4b0-0f80624e99c4@group-54BC6014DD25: start as a follower, conf=-1: peers:[5eef21ad-902e-47ea-91c0-32e633c63544|rpc:10.1.0.37:15232|admin:10.1.0.37:15231|client:10.1.0.37:15230|dataStream:10.1.0.37:15233|priority:0|startupRole:FOLLOWER, 6a44a47c-c3cb-455f-a4b0-0f80624e99c4|rpc:10.1.0.37:15223|admin:10.1.0.37:15222|client:10.1.0.37:15221|dataStream:10.1.0.37:15224|priority:1|startupRole:FOLLOWER, d5652d2f-6525-48cf-9e21-3b5358e36b18|rpc:10.1.0.37:15241|admin:10.1.0.37:15240|client:10.1.0.37:15239|dataStream:10.1.0.37:15242|priority:0|startupRole:FOLLOWER]|listeners:[], old=null
2023-06-06 14:29:49,804 [6a44a47c-c3cb-455f-a4b0-0f80624e99c4-groupManagement] INFO  server.RaftServer$Division (RaftServerImpl.java:setRole(329)) - 6a44a47c-c3cb-455f-a4b0-0f80624e99c4@group-54BC6014DD25: changes role from      null to FOLLOWER at term 0 for startAsFollower
2023-06-06 14:29:49,804 [6a44a47c-c3cb-455f-a4b0-0f80624e99c4-groupManagement] INFO  impl.RoleInfo (RoleInfo.java:updateAndGet(139)) - 6a44a47c-c3cb-455f-a4b0-0f80624e99c4: start 6a44a47c-c3cb-455f-a4b0-0f80624e99c4@group-54BC6014DD25-FollowerState
2023-06-06 14:29:49,806 [6a44a47c-c3cb-455f-a4b0-0f80624e99c4-groupManagement] INFO  util.JmxRegister (JmxRegister.java:tryRegister(44)) - Successfully registered JMX Bean with object name Ratis:service=RaftServer,group=group-54BC6014DD25,id=6a44a47c-c3cb-455f-a4b0-0f80624e99c4
2023-06-06 14:29:49,806 [6a44a47c-c3cb-455f-a4b0-0f80624e99c4-groupManagement] INFO  server.RaftServerConfigKeys (ConfUtils.java:logGet(46)) - raft.server.snapshot.auto.trigger.enabled = true (custom)
2023-06-06 14:29:49,806 [6a44a47c-c3cb-455f-a4b0-0f80624e99c4-groupManagement] INFO  server.RaftServerConfigKeys (ConfUtils.java:logGet(46)) - raft.server.snapshot.auto.trigger.threshold = 10000 (custom)
2023-06-06 14:29:49,806 [6a44a47c-c3cb-455f-a4b0-0f80624e99c4-groupManagement] INFO  server.RaftServerConfigKeys (ConfUtils.java:logGet(46)) - raft.server.snapshot.retention.file.num = 5 (custom)
2023-06-06 14:29:49,806 [6a44a47c-c3cb-455f-a4b0-0f80624e99c4-groupManagement] INFO  server.RaftServerConfigKeys (ConfUtils.java:logGet(46)) - raft.server.log.purge.upto.snapshot.index = false (default)
2023-06-06 14:29:49,806 [6a44a47c-c3cb-455f-a4b0-0f80624e99c4@group-54BC6014DD25-FollowerState] INFO  server.RaftServerConfigKeys (ConfUtils.java:logFallback(53)) - raft.server.rpc.first-election.timeout.min = 5s (fallback to raft.server.rpc.timeout.min)
2023-06-06 14:29:49,806 [6a44a47c-c3cb-455f-a4b0-0f80624e99c4@group-54BC6014DD25-FollowerState] INFO  server.RaftServerConfigKeys (ConfUtils.java:logFallback(53)) - raft.server.rpc.first-election.timeout.max = 5200ms (fallback to raft.server.rpc.timeout.max)
2023-06-06 14:29:49,808 [PipelineCommandHandlerThread-0] INFO  ratis.XceiverServerRatis (XceiverServerRatis.java:addGroup(804)) - Created group PipelineID=c416c1d6-d8df-4f7c-8296-54bc6014dd25
2023-06-06 14:29:49,822 [grpc-default-executor-0] INFO  server.RaftServer (RaftServerProxy.java:addNew(98)) - d5652d2f-6525-48cf-9e21-3b5358e36b18: addNew group-54BC6014DD25:[5eef21ad-902e-47ea-91c0-32e633c63544|rpc:10.1.0.37:15232|admin:10.1.0.37:15231|client:10.1.0.37:15230|dataStream:10.1.0.37:15233|priority:0|startupRole:FOLLOWER, 6a44a47c-c3cb-455f-a4b0-0f80624e99c4|rpc:10.1.0.37:15223|admin:10.1.0.37:15222|client:10.1.0.37:15221|dataStream:10.1.0.37:15224|priority:1|startupRole:FOLLOWER, d5652d2f-6525-48cf-9e21-3b5358e36b18|rpc:10.1.0.37:15241|admin:10.1.0.37:15240|client:10.1.0.37:15239|dataStream:10.1.0.37:15242|priority:0|startupRole:FOLLOWER] returns group-54BC6014DD25:java.util.concurrent.CompletableFuture@12701fb1[Not completed]
2023-06-06 14:29:49,823 [d5652d2f-6525-48cf-9e21-3b5358e36b18-groupManagement] INFO  server.RaftServer$Division (RaftServerImpl.java:<init>(198)) - d5652d2f-6525-48cf-9e21-3b5358e36b18: new RaftServerImpl for group-54BC6014DD25:[5eef21ad-902e-47ea-91c0-32e633c63544|rpc:10.1.0.37:15232|admin:10.1.0.37:15231|client:10.1.0.37:15230|dataStream:10.1.0.37:15233|priority:0|startupRole:FOLLOWER, 6a44a47c-c3cb-455f-a4b0-0f80624e99c4|rpc:10.1.0.37:15223|admin:10.1.0.37:15222|client:10.1.0.37:15221|dataStream:10.1.0.37:15224|priority:1|startupRole:FOLLOWER, d5652d2f-6525-48cf-9e21-3b5358e36b18|rpc:10.1.0.37:15241|admin:10.1.0.37:15240|client:10.1.0.37:15239|dataStream:10.1.0.37:15242|priority:0|startupRole:FOLLOWER] with ContainerStateMachine:uninitialized
2023-06-06 14:29:49,823 [d5652d2f-6525-48cf-9e21-3b5358e36b18-groupManagement] INFO  server.RaftServerConfigKeys (ConfUtils.java:logGet(46)) - raft.server.rpc.timeout.min = 5s (custom)
2023-06-06 14:29:49,823 [d5652d2f-6525-48cf-9e21-3b5358e36b18-groupManagement] INFO  server.RaftServerConfigKeys (ConfUtils.java:logGet(46)) - raft.server.rpc.timeout.max = 5200ms (custom)
2023-06-06 14:29:49,823 [d5652d2f-6525-48cf-9e21-3b5358e36b18-groupManagement] INFO  server.RaftServerConfigKeys (ConfUtils.java:logGet(46)) - raft.server.rpc.sleep.time = 25ms (default)
2023-06-06 14:29:49,823 [d5652d2f-6525-48cf-9e21-3b5358e36b18-groupManagement] INFO  server.RaftServerConfigKeys (ConfUtils.java:logGet(46)) - raft.server.rpc.slowness.timeout = 300s (custom)
2023-06-06 14:29:49,823 [d5652d2f-6525-48cf-9e21-3b5358e36b18-groupManagement] INFO  server.RaftServerConfigKeys (ConfUtils.java:logGet(46)) - raft.server.leaderelection.leader.step-down.wait-time = 10s (default)
2023-06-06 14:29:49,823 [d5652d2f-6525-48cf-9e21-3b5358e36b18-groupManagement] INFO  server.RaftServerConfigKeys (ConfUtils.java:logGet(46)) - raft.server.sleep.deviation.threshold = 300ms (default)
2023-06-06 14:29:49,823 [d5652d2f-6525-48cf-9e21-3b5358e36b18-groupManagement] INFO  server.RaftServer$Division (ServerState.java:<init>(120)) - d5652d2f-6525-48cf-9e21-3b5358e36b18@group-54BC6014DD25: ConfigurationManager, init=-1: peers:[5eef21ad-902e-47ea-91c0-32e633c63544|rpc:10.1.0.37:15232|admin:10.1.0.37:15231|client:10.1.0.37:15230|dataStream:10.1.0.37:15233|priority:0|startupRole:FOLLOWER, 6a44a47c-c3cb-455f-a4b0-0f80624e99c4|rpc:10.1.0.37:15223|admin:10.1.0.37:15222|client:10.1.0.37:15221|dataStream:10.1.0.37:15224|priority:1|startupRole:FOLLOWER, d5652d2f-6525-48cf-9e21-3b5358e36b18|rpc:10.1.0.37:15241|admin:10.1.0.37:15240|client:10.1.0.37:15239|dataStream:10.1.0.37:15242|priority:0|startupRole:FOLLOWER]|listeners:[], old=null, confs=<EMPTY_MAP>
2023-06-06 14:29:49,823 [d5652d2f-6525-48cf-9e21-3b5358e36b18-groupManagement] INFO  server.RaftServerConfigKeys (ConfUtils.java:logGet(46)) - raft.server.storage.dir = [/home/runner/work/ozone/ozone/hadoop-ozone/integration-test/target/test-dir/MiniOzoneClusterImpl-361cfd0c-44c3-4879-9ed3-7c7372459855/datanode-2/data/ratis] (custom)
2023-06-06 14:29:49,823 [d5652d2f-6525-48cf-9e21-3b5358e36b18-groupManagement] INFO  server.RaftServerConfigKeys (ConfUtils.java:logGet(46)) - raft.server.log.corruption.policy = EXCEPTION (default)
2023-06-06 14:29:49,823 [d5652d2f-6525-48cf-9e21-3b5358e36b18-groupManagement] INFO  server.RaftServerConfigKeys (ConfUtils.java:logGet(46)) - raft.server.storage.free-space.min = 0MB (=0) (default)
2023-06-06 14:29:49,823 [d5652d2f-6525-48cf-9e21-3b5358e36b18-groupManagement] INFO  server.RaftServerConfigKeys (ConfUtils.java:logGet(46)) - raft.server.notification.no-leader.timeout = 300s (custom)
2023-06-06 14:29:49,823 [d5652d2f-6525-48cf-9e21-3b5358e36b18-groupManagement] INFO  server.RaftServerConfigKeys (ConfUtils.java:logGet(46)) - raft.server.read.timeout = 10s (default)
2023-06-06 14:29:49,823 [d5652d2f-6525-48cf-9e21-3b5358e36b18-groupManagement] INFO  server.RaftServerConfigKeys (ConfUtils.java:logGet(46)) - raft.server.retrycache.expirytime = 600000ms (custom)
2023-06-06 14:29:49,823 [d5652d2f-6525-48cf-9e21-3b5358e36b18-groupManagement] INFO  server.RaftServerConfigKeys (ConfUtils.java:logGet(46)) - raft.server.retrycache.statistics.expirytime = 100μs (default)
2023-06-06 14:29:49,823 [d5652d2f-6525-48cf-9e21-3b5358e36b18-groupManagement] INFO  server.RaftServerConfigKeys (ConfUtils.java:logGet(46)) - raft.server.read.option = DEFAULT (default)
2023-06-06 14:29:49,824 [d5652d2f-6525-48cf-9e21-3b5358e36b18-groupManagement] INFO  server.RaftServerConfigKeys (ConfUtils.java:logGet(46)) - raft.server.rpc.request.timeout = 60s (custom)
2023-06-06 14:29:49,824 [d5652d2f-6525-48cf-9e21-3b5358e36b18-groupManagement] INFO  server.RaftServerConfigKeys (ConfUtils.java:logGet(46)) - raft.server.log.appender.install.snapshot.enabled = false (custom)
2023-06-06 14:29:49,824 [d5652d2f-6525-48cf-9e21-3b5358e36b18-groupManagement] INFO  server.RaftServerConfigKeys (ConfUtils.java:logGet(46)) - raft.server.threadpool.server.cached = true (default)
2023-06-06 14:29:49,824 [d5652d2f-6525-48cf-9e21-3b5358e36b18-groupManagement] INFO  server.RaftServerConfigKeys (ConfUtils.java:logGet(46)) - raft.server.threadpool.server.size = 0 (default)
2023-06-06 14:29:49,824 [d5652d2f-6525-48cf-9e21-3b5358e36b18-groupManagement] INFO  server.RaftServerConfigKeys (ConfUtils.java:logGet(46)) - raft.server.threadpool.client.cached = true (default)
2023-06-06 14:29:49,824 [d5652d2f-6525-48cf-9e21-3b5358e36b18-groupManagement] INFO  server.RaftServerConfigKeys (ConfUtils.java:logGet(46)) - raft.server.threadpool.client.size = 0 (default)
2023-06-06 14:29:49,824 [d5652d2f-6525-48cf-9e21-3b5358e36b18-groupManagement] INFO  storage.RaftStorageDirectory (RaftStorageDirectoryImpl.java:analyzeStorage(137)) - The storage directory /home/runner/work/ozone/ozone/hadoop-ozone/integration-test/target/test-dir/MiniOzoneClusterImpl-361cfd0c-44c3-4879-9ed3-7c7372459855/datanode-2/data/ratis/c416c1d6-d8df-4f7c-8296-54bc6014dd25 does not exist. Creating ...
2023-06-06 14:29:49,825 [d5652d2f-6525-48cf-9e21-3b5358e36b18-groupManagement] INFO  storage.RaftStorageDirectory (RaftStorageDirectoryImpl.java:tryLock(231)) - Lock on /home/runner/work/ozone/ozone/hadoop-ozone/integration-test/target/test-dir/MiniOzoneClusterImpl-361cfd0c-44c3-4879-9ed3-7c7372459855/datanode-2/data/ratis/c416c1d6-d8df-4f7c-8296-54bc6014dd25/in_use.lock acquired by nodename 75814@fv-az1133-973
2023-06-06 14:29:49,826 [d5652d2f-6525-48cf-9e21-3b5358e36b18-groupManagement] INFO  storage.RaftStorage (RaftStorageImpl.java:format(96)) - Storage directory /home/runner/work/ozone/ozone/hadoop-ozone/integration-test/target/test-dir/MiniOzoneClusterImpl-361cfd0c-44c3-4879-9ed3-7c7372459855/datanode-2/data/ratis/c416c1d6-d8df-4f7c-8296-54bc6014dd25 has been successfully formatted.
2023-06-06 14:29:49,827 [d5652d2f-6525-48cf-9e21-3b5358e36b18-groupManagement] INFO  ratis.ContainerStateMachine (ContainerStateMachine.java:loadSnapshot(262)) - group-54BC6014DD25: The snapshot info is null. Setting the last applied indexto:(t:0, i:~)
2023-06-06 14:29:49,827 [d5652d2f-6525-48cf-9e21-3b5358e36b18-groupManagement] INFO  server.RaftServerConfigKeys (ConfUtils.java:logGet(46)) - raft.server.log.use.memory = false (default)
2023-06-06 14:29:49,828 [d5652d2f-6525-48cf-9e21-3b5358e36b18-groupManagement] INFO  server.RaftServerConfigKeys (ConfUtils.java:logGet(46)) - raft.server.log.purge.gap = 1000000 (custom)
2023-06-06 14:29:49,828 [d5652d2f-6525-48cf-9e21-3b5358e36b18-groupManagement] INFO  server.RaftServerConfigKeys (ConfUtils.java:logGet(46)) - raft.server.log.appender.buffer.byte-limit = 33554432 (custom)
2023-06-06 14:29:49,828 [d5652d2f-6525-48cf-9e21-3b5358e36b18-groupManagement] INFO  server.RaftServerConfigKeys (ConfUtils.java:logGet(46)) - raft.server.log.statemachine.data.read.timeout = 1000ms (default)
2023-06-06 14:29:49,828 [d5652d2f-6525-48cf-9e21-3b5358e36b18-groupManagement] INFO  server.RaftServerConfigKeys (ConfUtils.java:logGet(46)) - raft.server.log.purge.preservation.log.num = 0 (default)
2023-06-06 14:29:49,828 [d5652d2f-6525-48cf-9e21-3b5358e36b18-groupManagement] INFO  server.RaftServerConfigKeys (ConfUtils.java:logGet(46)) - raft.server.log.segment.size.max = 1048576 (custom)
2023-06-06 14:29:49,829 [d5652d2f-6525-48cf-9e21-3b5358e36b18-groupManagement] INFO  server.RaftServerConfigKeys (ConfUtils.java:logGet(46)) - raft.server.log.segment.cache.num.max = 2 (custom)
2023-06-06 14:29:49,829 [d5652d2f-6525-48cf-9e21-3b5358e36b18-groupManagement] INFO  server.RaftServerConfigKeys (ConfUtils.java:logGet(46)) - raft.server.log.segment.cache.size.max = 200MB (=209715200) (default)
2023-06-06 14:29:49,829 [d5652d2f-6525-48cf-9e21-3b5358e36b18-groupManagement] INFO  server.RaftServerConfigKeys (ConfUtils.java:logGet(46)) - raft.server.log.appender.buffer.byte-limit = 33554432 (custom)
2023-06-06 14:29:49,829 [d5652d2f-6525-48cf-9e21-3b5358e36b18-groupManagement] INFO  segmented.SegmentedRaftLogWorker (SegmentedRaftLogWorker.java:<init>(188)) - new d5652d2f-6525-48cf-9e21-3b5358e36b18@group-54BC6014DD25-SegmentedRaftLogWorker for RaftStorageImpl:Storage Directory /home/runner/work/ozone/ozone/hadoop-ozone/integration-test/target/test-dir/MiniOzoneClusterImpl-361cfd0c-44c3-4879-9ed3-7c7372459855/datanode-2/data/ratis/c416c1d6-d8df-4f7c-8296-54bc6014dd25
2023-06-06 14:29:49,829 [d5652d2f-6525-48cf-9e21-3b5358e36b18-groupManagement] INFO  server.RaftServerConfigKeys (ConfUtils.java:logGet(46)) - raft.server.log.queue.byte-limit = 4294967296 (custom)
2023-06-06 14:29:49,829 [d5652d2f-6525-48cf-9e21-3b5358e36b18-groupManagement] INFO  server.RaftServerConfigKeys (ConfUtils.java:logGet(46)) - raft.server.log.queue.element-limit = 1024 (custom)
2023-06-06 14:29:49,829 [d5652d2f-6525-48cf-9e21-3b5358e36b18-groupManagement] INFO  server.RaftServerConfigKeys (ConfUtils.java:logGet(46)) - raft.server.log.segment.size.max = 1048576 (custom)
2023-06-06 14:29:49,829 [d5652d2f-6525-48cf-9e21-3b5358e36b18-groupManagement] INFO  server.RaftServerConfigKeys (ConfUtils.java:logGet(46)) - raft.server.log.preallocated.size = 16384 (custom)
2023-06-06 14:29:49,829 [d5652d2f-6525-48cf-9e21-3b5358e36b18-groupManagement] INFO  server.RaftServerConfigKeys (ConfUtils.java:logGet(46)) - raft.server.log.force.sync.num = 128 (default)
2023-06-06 14:29:49,829 [d5652d2f-6525-48cf-9e21-3b5358e36b18-groupManagement] INFO  server.RaftServerConfigKeys (ConfUtils.java:logGet(46)) - raft.server.log.statemachine.data.sync = true (default)
2023-06-06 14:29:49,829 [d5652d2f-6525-48cf-9e21-3b5358e36b18-groupManagement] INFO  server.RaftServerConfigKeys (ConfUtils.java:logGet(46)) - raft.server.log.statemachine.data.sync.timeout = 10s (default)
2023-06-06 14:29:49,829 [d5652d2f-6525-48cf-9e21-3b5358e36b18-groupManagement] INFO  server.RaftServerConfigKeys (ConfUtils.java:logGet(46)) - raft.server.log.statemachine.data.sync.timeout.retry = -1 (default)
2023-06-06 14:29:49,829 [d5652d2f-6525-48cf-9e21-3b5358e36b18-groupManagement] INFO  server.RaftServerConfigKeys (ConfUtils.java:logGet(46)) - raft.server.log.write.buffer.size = 1048576 (custom)
2023-06-06 14:29:49,830 [d5652d2f-6525-48cf-9e21-3b5358e36b18-groupManagement] INFO  server.RaftServerConfigKeys (ConfUtils.java:logGet(46)) - raft.server.log.appender.buffer.byte-limit = 33554432 (custom)
2023-06-06 14:29:50,192 [JvmPauseMonitor36] WARN  util.JvmPauseMonitor (JvmPauseMonitor.java:detectPause(124)) - JvmPauseMonitor-5eef21ad-902e-47ea-91c0-32e633c63544: Detected pause in JVM or host machine approximately 0.176s with 0.360s GC time.
GC pool 'PS MarkSweep' had collection(s): count=1 time=274ms
GC pool 'PS Scavenge' had collection(s): count=1 time=86ms
2023-06-06 14:29:50,193 [PipelineCommandHandlerThread-0] INFO  server.RaftServer (RaftServerProxy.java:addNew(98)) - 5eef21ad-902e-47ea-91c0-32e633c63544: addNew group-4606A12D36F7:[5eef21ad-902e-47ea-91c0-32e633c63544|rpc:10.1.0.37:15232|admin:10.1.0.37:15231|client:10.1.0.37:15230|dataStream:10.1.0.37:15233|priority:1|startupRole:FOLLOWER] returns group-4606A12D36F7:java.util.concurrent.CompletableFuture@295ca0f2[Not completed]
2023-06-06 14:29:50,193 [JvmPauseMonitor34] WARN  util.JvmPauseMonitor (JvmPauseMonitor.java:detectPause(124)) - JvmPauseMonitor-om1: Detected pause in JVM or host machine approximately 0.337s with 0.360s GC time.
GC pool 'PS MarkSweep' had collection(s): count=1 time=274ms
GC pool 'PS Scavenge' had collection(s): count=1 time=86ms
2023-06-06 14:29:50,194 [5eef21ad-902e-47ea-91c0-32e633c63544-groupManagement] INFO  server.RaftServer$Division (RaftServerImpl.java:<init>(198)) - 5eef21ad-902e-47ea-91c0-32e633c63544: new RaftServerImpl for group-4606A12D36F7:[5eef21ad-902e-47ea-91c0-32e633c63544|rpc:10.1.0.37:15232|admin:10.1.0.37:15231|client:10.1.0.37:15230|dataStream:10.1.0.37:15233|priority:1|startupRole:FOLLOWER] with ContainerStateMachine:uninitialized
2023-06-06 14:29:50,195 [5eef21ad-902e-47ea-91c0-32e633c63544-groupManagement] INFO  server.RaftServerConfigKeys (ConfUtils.java:logGet(46)) - raft.server.rpc.timeout.min = 5s (custom)
2023-06-06 14:29:50,195 [5eef21ad-902e-47ea-91c0-32e633c63544-groupManagement] INFO  server.RaftServerConfigKeys (ConfUtils.java:logGet(46)) - raft.server.rpc.timeout.max = 5200ms (custom)
2023-06-06 14:29:50,195 [5eef21ad-902e-47ea-91c0-32e633c63544-groupManagement] INFO  server.RaftServerConfigKeys (ConfUtils.java:logGet(46)) - raft.server.rpc.sleep.time = 25ms (default)
2023-06-06 14:29:50,195 [5eef21ad-902e-47ea-91c0-32e633c63544-groupManagement] INFO  server.RaftServerConfigKeys (ConfUtils.java:logGet(46)) - raft.server.rpc.slowness.timeout = 300s (custom)
2023-06-06 14:29:50,195 [5eef21ad-902e-47ea-91c0-32e633c63544-groupManagement] INFO  server.RaftServerConfigKeys (ConfUtils.java:logGet(46)) - raft.server.leaderelection.leader.step-down.wait-time = 10s (default)
2023-06-06 14:29:50,195 [5eef21ad-902e-47ea-91c0-32e633c63544-groupManagement] INFO  server.RaftServerConfigKeys (ConfUtils.java:logGet(46)) - raft.server.sleep.deviation.threshold = 300ms (default)
2023-06-06 14:29:50,195 [5eef21ad-902e-47ea-91c0-32e633c63544-groupManagement] INFO  server.RaftServer$Division (ServerState.java:<init>(120)) - 5eef21ad-902e-47ea-91c0-32e633c63544@group-4606A12D36F7: ConfigurationManager, init=-1: peers:[5eef21ad-902e-47ea-91c0-32e633c63544|rpc:10.1.0.37:15232|admin:10.1.0.37:15231|client:10.1.0.37:15230|dataStream:10.1.0.37:15233|priority:1|startupRole:FOLLOWER]|listeners:[], old=null, confs=<EMPTY_MAP>
2023-06-06 14:29:50,195 [5eef21ad-902e-47ea-91c0-32e633c63544-groupManagement] INFO  server.RaftServerConfigKeys (ConfUtils.java:logGet(46)) - raft.server.storage.dir = [/home/runner/work/ozone/ozone/hadoop-ozone/integration-test/target/test-dir/MiniOzoneClusterImpl-361cfd0c-44c3-4879-9ed3-7c7372459855/datanode-1/data/ratis] (custom)
2023-06-06 14:29:50,195 [5eef21ad-902e-47ea-91c0-32e633c63544-groupManagement] INFO  server.RaftServerConfigKeys (ConfUtils.java:logGet(46)) - raft.server.log.corruption.policy = EXCEPTION (default)
2023-06-06 14:29:50,195 [5eef21ad-902e-47ea-91c0-32e633c63544-groupManagement] INFO  server.RaftServerConfigKeys (ConfUtils.java:logGet(46)) - raft.server.storage.free-space.min = 0MB (=0) (default)
2023-06-06 14:29:50,195 [5eef21ad-902e-47ea-91c0-32e633c63544-groupManagement] INFO  server.RaftServerConfigKeys (ConfUtils.java:logGet(46)) - raft.server.notification.no-leader.timeout = 300s (custom)
2023-06-06 14:29:50,195 [5eef21ad-902e-47ea-91c0-32e633c63544-groupManagement] INFO  server.RaftServerConfigKeys (ConfUtils.java:logGet(46)) - raft.server.read.timeout = 10s (default)
2023-06-06 14:29:50,195 [5eef21ad-902e-47ea-91c0-32e633c63544-groupManagement] INFO  server.RaftServerConfigKeys (ConfUtils.java:logGet(46)) - raft.server.retrycache.expirytime = 600000ms (custom)
2023-06-06 14:29:50,195 [5eef21ad-902e-47ea-91c0-32e633c63544-groupManagement] INFO  server.RaftServerConfigKeys (ConfUtils.java:logGet(46)) - raft.server.retrycache.statistics.expirytime = 100μs (default)
2023-06-06 14:29:50,195 [5eef21ad-902e-47ea-91c0-32e633c63544-groupManagement] INFO  server.RaftServerConfigKeys (ConfUtils.java:logGet(46)) - raft.server.read.option = DEFAULT (default)
2023-06-06 14:29:50,196 [5eef21ad-902e-47ea-91c0-32e633c63544-groupManagement] INFO  server.RaftServerConfigKeys (ConfUtils.java:logGet(46)) - raft.server.rpc.request.timeout = 60s (custom)
2023-06-06 14:29:50,196 [5eef21ad-902e-47ea-91c0-32e633c63544-groupManagement] INFO  server.RaftServerConfigKeys (ConfUtils.java:logGet(46)) - raft.server.log.appender.install.snapshot.enabled = false (custom)
2023-06-06 14:29:50,196 [5eef21ad-902e-47ea-91c0-32e633c63544-groupManagement] INFO  server.RaftServerConfigKeys (ConfUtils.java:logGet(46)) - raft.server.threadpool.server.cached = true (default)
2023-06-06 14:29:50,196 [5eef21ad-902e-47ea-91c0-32e633c63544-groupManagement] INFO  server.RaftServerConfigKeys (ConfUtils.java:logGet(46)) - raft.server.threadpool.server.size = 0 (default)
2023-06-06 14:29:50,196 [5eef21ad-902e-47ea-91c0-32e633c63544-groupManagement] INFO  server.RaftServerConfigKeys (ConfUtils.java:logGet(46)) - raft.server.threadpool.client.cached = true (default)
2023-06-06 14:29:50,196 [5eef21ad-902e-47ea-91c0-32e633c63544-groupManagement] INFO  server.RaftServerConfigKeys (ConfUtils.java:logGet(46)) - raft.server.threadpool.client.size = 0 (default)
2023-06-06 14:29:50,196 [5eef21ad-902e-47ea-91c0-32e633c63544-groupManagement] INFO  storage.RaftStorageDirectory (RaftStorageDirectoryImpl.java:analyzeStorage(137)) - The storage directory /home/runner/work/ozone/ozone/hadoop-ozone/integration-test/target/test-dir/MiniOzoneClusterImpl-361cfd0c-44c3-4879-9ed3-7c7372459855/datanode-1/data/ratis/3d3debfa-f68b-42a1-a8df-4606a12d36f7 does not exist. Creating ...
2023-06-06 14:29:50,201 [5eef21ad-902e-47ea-91c0-32e633c63544-groupManagement] INFO  storage.RaftStorageDirectory (RaftStorageDirectoryImpl.java:tryLock(231)) - Lock on /home/runner/work/ozone/ozone/hadoop-ozone/integration-test/target/test-dir/MiniOzoneClusterImpl-361cfd0c-44c3-4879-9ed3-7c7372459855/datanode-1/data/ratis/3d3debfa-f68b-42a1-a8df-4606a12d36f7/in_use.lock acquired by nodename 75814@fv-az1133-973
2023-06-06 14:29:50,203 [5eef21ad-902e-47ea-91c0-32e633c63544-groupManagement] INFO  storage.RaftStorage (RaftStorageImpl.java:format(96)) - Storage directory /home/runner/work/ozone/ozone/hadoop-ozone/integration-test/target/test-dir/MiniOzoneClusterImpl-361cfd0c-44c3-4879-9ed3-7c7372459855/datanode-1/data/ratis/3d3debfa-f68b-42a1-a8df-4606a12d36f7 has been successfully formatted.
2023-06-06 14:29:50,203 [5eef21ad-902e-47ea-91c0-32e633c63544-groupManagement] INFO  ratis.ContainerStateMachine (ContainerStateMachine.java:loadSnapshot(262)) - group-4606A12D36F7: The snapshot info is null. Setting the last applied indexto:(t:0, i:~)
2023-06-06 14:29:50,203 [5eef21ad-902e-47ea-91c0-32e633c63544-groupManagement] INFO  server.RaftServerConfigKeys (ConfUtils.java:logGet(46)) - raft.server.log.use.memory = false (default)
2023-06-06 14:29:50,204 [5eef21ad-902e-47ea-91c0-32e633c63544-groupManagement] INFO  server.RaftServerConfigKeys (ConfUtils.java:logGet(46)) - raft.server.log.purge.gap = 1000000 (custom)
2023-06-06 14:29:50,204 [5eef21ad-902e-47ea-91c0-32e633c63544-groupManagement] INFO  server.RaftServerConfigKeys (ConfUtils.java:logGet(46)) - raft.server.log.appender.buffer.byte-limit = 33554432 (custom)
2023-06-06 14:29:50,204 [5eef21ad-902e-47ea-91c0-32e633c63544-groupManagement] INFO  server.RaftServerConfigKeys (ConfUtils.java:logGet(46)) - raft.server.log.statemachine.data.read.timeout = 1000ms (default)
2023-06-06 14:29:50,204 [5eef21ad-902e-47ea-91c0-32e633c63544-groupManagement] INFO  server.RaftServerConfigKeys (ConfUtils.java:logGet(46)) - raft.server.log.purge.preservation.log.num = 0 (default)
2023-06-06 14:29:50,205 [d5652d2f-6525-48cf-9e21-3b5358e36b18-groupManagement] INFO  server.RaftServerConfigKeys (ConfUtils.java:logGet(46)) - raft.server.log.unsafe-flush.enabled = false (default)
2023-06-06 14:29:50,205 [d5652d2f-6525-48cf-9e21-3b5358e36b18-groupManagement] INFO  server.RaftServerConfigKeys (ConfUtils.java:logGet(46)) - raft.server.log.async-flush.enabled = false (default)
2023-06-06 14:29:50,205 [d5652d2f-6525-48cf-9e21-3b5358e36b18-groupManagement] INFO  server.RaftServerConfigKeys (ConfUtils.java:logGet(46)) - raft.server.log.statemachine.data.caching.enabled = true (custom)
2023-06-06 14:29:50,205 [d5652d2f-6525-48cf-9e21-3b5358e36b18-groupManagement] INFO  segmented.SegmentedRaftLogWorker (SegmentedRaftLogWorker.java:lambda$new$0(135)) - d5652d2f-6525-48cf-9e21-3b5358e36b18@group-54BC6014DD25-SegmentedRaftLogWorker: flushIndex: setUnconditionally 0 -> -1
2023-06-06 14:29:50,205 [d5652d2f-6525-48cf-9e21-3b5358e36b18-groupManagement] INFO  segmented.SegmentedRaftLogWorker (SegmentedRaftLogWorker.java:lambda$new$0(135)) - d5652d2f-6525-48cf-9e21-3b5358e36b18@group-54BC6014DD25-SegmentedRaftLogWorker: safeCacheEvictIndex: setUnconditionally 0 -> -1
2023-06-06 14:29:50,205 [5eef21ad-902e-47ea-91c0-32e633c63544-groupManagement] INFO  server.RaftServerConfigKeys (ConfUtils.java:logGet(46)) - raft.server.log.segment.size.max = 1048576 (custom)
2023-06-06 14:29:50,205 [EventQueue-PipelineReportForPipelineReportHandler] INFO  pipeline.PipelineManagerImpl (PipelineManagerImpl.java:openPipeline(367)) - Pipeline Pipeline[ Id: 3d3debfa-f68b-42a1-a8df-4606a12d36f7, Nodes: 5eef21ad-902e-47ea-91c0-32e633c63544(fv-az1133-973.qlb2sqfkji0uhjsjdnlwzcsdwg.bx.internal.cloudapp.net/10.1.0.37), ReplicationConfig: RATIS/ONE, State:ALLOCATED, leaderId:5eef21ad-902e-47ea-91c0-32e633c63544, CreationTimestamp2023-06-06T14:29:46.977Z[Etc/UTC]] moved to OPEN state
2023-06-06 14:29:50,205 [5eef21ad-902e-47ea-91c0-32e633c63544-groupManagement] INFO  server.RaftServerConfigKeys (ConfUtils.java:logGet(46)) - raft.server.log.segment.cache.num.max = 2 (custom)
2023-06-06 14:29:50,205 [5eef21ad-902e-47ea-91c0-32e633c63544-groupManagement] INFO  server.RaftServerConfigKeys (ConfUtils.java:logGet(46)) - raft.server.log.segment.cache.size.max = 200MB (=209715200) (default)
2023-06-06 14:29:50,205 [5eef21ad-902e-47ea-91c0-32e633c63544-groupManagement] INFO  server.RaftServerConfigKeys (ConfUtils.java:logGet(46)) - raft.server.log.appender.buffer.byte-limit = 33554432 (custom)
2023-06-06 14:29:50,205 [5eef21ad-902e-47ea-91c0-32e633c63544-groupManagement] INFO  segmented.SegmentedRaftLogWorker (SegmentedRaftLogWorker.java:<init>(188)) - new 5eef21ad-902e-47ea-91c0-32e633c63544@group-4606A12D36F7-SegmentedRaftLogWorker for RaftStorageImpl:Storage Directory /home/runner/work/ozone/ozone/hadoop-ozone/integration-test/target/test-dir/MiniOzoneClusterImpl-361cfd0c-44c3-4879-9ed3-7c7372459855/datanode-1/data/ratis/3d3debfa-f68b-42a1-a8df-4606a12d36f7
2023-06-06 14:29:50,206 [5eef21ad-902e-47ea-91c0-32e633c63544-groupManagement] INFO  server.RaftServerConfigKeys (ConfUtils.java:logGet(46)) - raft.server.log.queue.byte-limit = 4294967296 (custom)
2023-06-06 14:29:50,206 [5eef21ad-902e-47ea-91c0-32e633c63544-groupManagement] INFO  server.RaftServerConfigKeys (ConfUtils.java:logGet(46)) - raft.server.log.queue.element-limit = 1024 (custom)
2023-06-06 14:29:50,206 [5eef21ad-902e-47ea-91c0-32e633c63544-groupManagement] INFO  server.RaftServerConfigKeys (ConfUtils.java:logGet(46)) - raft.server.log.segment.size.max = 1048576 (custom)
2023-06-06 14:29:50,206 [5eef21ad-902e-47ea-91c0-32e633c63544-groupManagement] INFO  server.RaftServerConfigKeys (ConfUtils.java:logGet(46)) - raft.server.log.preallocated.size = 16384 (custom)
2023-06-06 14:29:50,206 [5eef21ad-902e-47ea-91c0-32e633c63544-groupManagement] INFO  server.RaftServerConfigKeys (ConfUtils.java:logGet(46)) - raft.server.log.force.sync.num = 128 (default)
2023-06-06 14:29:50,206 [5eef21ad-902e-47ea-91c0-32e633c63544-groupManagement] INFO  server.RaftServerConfigKeys (ConfUtils.java:logGet(46)) - raft.server.log.statemachine.data.sync = true (default)
2023-06-06 14:29:50,206 [EventQueue-OpenPipelineForHealthyPipelineSafeModeRule] INFO  safemode.SCMSafeModeManager (HealthyPipelineSafeModeRule.java:process(137)) - SCM in safe mode. Healthy pipelines reported count is 0, required healthy pipeline reported count is 1
2023-06-06 14:29:50,206 [5eef21ad-902e-47ea-91c0-32e633c63544-groupManagement] INFO  server.RaftServerConfigKeys (ConfUtils.java:logGet(46)) - raft.server.log.statemachine.data.sync.timeout = 10s (default)
2023-06-06 14:29:50,206 [5eef21ad-902e-47ea-91c0-32e633c63544-groupManagement] INFO  server.RaftServerConfigKeys (ConfUtils.java:logGet(46)) - raft.server.log.statemachine.data.sync.timeout.retry = -1 (default)
2023-06-06 14:29:50,206 [5eef21ad-902e-47ea-91c0-32e633c63544-groupManagement] INFO  server.RaftServerConfigKeys (ConfUtils.java:logGet(46)) - raft.server.log.write.buffer.size = 1048576 (custom)
2023-06-06 14:29:50,207 [5eef21ad-902e-47ea-91c0-32e633c63544-groupManagement] INFO  server.RaftServerConfigKeys (ConfUtils.java:logGet(46)) - raft.server.log.appender.buffer.byte-limit = 33554432 (custom)
2023-06-06 14:29:50,212 [5eef21ad-902e-47ea-91c0-32e633c63544-groupManagement] INFO  server.RaftServerConfigKeys (ConfUtils.java:logGet(46)) - raft.server.log.unsafe-flush.enabled = false (default)
2023-06-06 14:29:50,212 [5eef21ad-902e-47ea-91c0-32e633c63544-groupManagement] INFO  server.RaftServerConfigKeys (ConfUtils.java:logGet(46)) - raft.server.log.async-flush.enabled = false (default)
2023-06-06 14:29:50,212 [5eef21ad-902e-47ea-91c0-32e633c63544-groupManagement] INFO  server.RaftServerConfigKeys (ConfUtils.java:logGet(46)) - raft.server.log.statemachine.data.caching.enabled = true (custom)
2023-06-06 14:29:50,212 [5eef21ad-902e-47ea-91c0-32e633c63544-groupManagement] INFO  segmented.SegmentedRaftLogWorker (SegmentedRaftLogWorker.java:lambda$new$0(135)) - 5eef21ad-902e-47ea-91c0-32e633c63544@group-4606A12D36F7-SegmentedRaftLogWorker: flushIndex: setUnconditionally 0 -> -1
2023-06-06 14:29:50,212 [5eef21ad-902e-47ea-91c0-32e633c63544-groupManagement] INFO  segmented.SegmentedRaftLogWorker (SegmentedRaftLogWorker.java:lambda$new$0(135)) - 5eef21ad-902e-47ea-91c0-32e633c63544@group-4606A12D36F7-SegmentedRaftLogWorker: safeCacheEvictIndex: setUnconditionally 0 -> -1
2023-06-06 14:29:50,212 [d5652d2f-6525-48cf-9e21-3b5358e36b18-groupManagement] INFO  server.RaftServer$Division (RaftServerImpl.java:start(342)) - d5652d2f-6525-48cf-9e21-3b5358e36b18@group-54BC6014DD25: start as a follower, conf=-1: peers:[5eef21ad-902e-47ea-91c0-32e633c63544|rpc:10.1.0.37:15232|admin:10.1.0.37:15231|client:10.1.0.37:15230|dataStream:10.1.0.37:15233|priority:0|startupRole:FOLLOWER, 6a44a47c-c3cb-455f-a4b0-0f80624e99c4|rpc:10.1.0.37:15223|admin:10.1.0.37:15222|client:10.1.0.37:15221|dataStream:10.1.0.37:15224|priority:1|startupRole:FOLLOWER, d5652d2f-6525-48cf-9e21-3b5358e36b18|rpc:10.1.0.37:15241|admin:10.1.0.37:15240|client:10.1.0.37:15239|dataStream:10.1.0.37:15242|priority:0|startupRole:FOLLOWER]|listeners:[], old=null
2023-06-06 14:29:50,212 [d5652d2f-6525-48cf-9e21-3b5358e36b18-groupManagement] INFO  server.RaftServer$Division (RaftServerImpl.java:setRole(329)) - d5652d2f-6525-48cf-9e21-3b5358e36b18@group-54BC6014DD25: changes role from      null to FOLLOWER at term 0 for startAsFollower
2023-06-06 14:29:50,213 [d5652d2f-6525-48cf-9e21-3b5358e36b18-groupManagement] INFO  impl.RoleInfo (RoleInfo.java:updateAndGet(139)) - d5652d2f-6525-48cf-9e21-3b5358e36b18: start d5652d2f-6525-48cf-9e21-3b5358e36b18@group-54BC6014DD25-FollowerState
2023-06-06 14:29:50,213 [d5652d2f-6525-48cf-9e21-3b5358e36b18-groupManagement] INFO  util.JmxRegister (JmxRegister.java:tryRegister(44)) - Successfully registered JMX Bean with object name Ratis:service=RaftServer,group=group-54BC6014DD25,id=d5652d2f-6525-48cf-9e21-3b5358e36b18
2023-06-06 14:29:50,213 [d5652d2f-6525-48cf-9e21-3b5358e36b18-groupManagement] INFO  server.RaftServerConfigKeys (ConfUtils.java:logGet(46)) - raft.server.snapshot.auto.trigger.enabled = true (custom)
2023-06-06 14:29:50,213 [d5652d2f-6525-48cf-9e21-3b5358e36b18-groupManagement] INFO  server.RaftServerConfigKeys (ConfUtils.java:logGet(46)) - raft.server.snapshot.auto.trigger.threshold = 10000 (custom)
2023-06-06 14:29:50,213 [d5652d2f-6525-48cf-9e21-3b5358e36b18-groupManagement] INFO  server.RaftServerConfigKeys (ConfUtils.java:logGet(46)) - raft.server.snapshot.retention.file.num = 5 (custom)
2023-06-06 14:29:50,213 [d5652d2f-6525-48cf-9e21-3b5358e36b18-groupManagement] INFO  server.RaftServerConfigKeys (ConfUtils.java:logGet(46)) - raft.server.log.purge.upto.snapshot.index = false (default)
2023-06-06 14:29:50,213 [d5652d2f-6525-48cf-9e21-3b5358e36b18@group-54BC6014DD25-FollowerState] INFO  server.RaftServerConfigKeys (ConfUtils.java:logFallback(53)) - raft.server.rpc.first-election.timeout.min = 5s (fallback to raft.server.rpc.timeout.min)
2023-06-06 14:29:50,214 [d5652d2f-6525-48cf-9e21-3b5358e36b18@group-54BC6014DD25-FollowerState] INFO  server.RaftServerConfigKeys (ConfUtils.java:logFallback(53)) - raft.server.rpc.first-election.timeout.max = 5200ms (fallback to raft.server.rpc.timeout.max)
2023-06-06 14:29:50,214 [5eef21ad-902e-47ea-91c0-32e633c63544-groupManagement] INFO  server.RaftServer$Division (RaftServerImpl.java:start(342)) - 5eef21ad-902e-47ea-91c0-32e633c63544@group-4606A12D36F7: start as a follower, conf=-1: peers:[5eef21ad-902e-47ea-91c0-32e633c63544|rpc:10.1.0.37:15232|admin:10.1.0.37:15231|client:10.1.0.37:15230|dataStream:10.1.0.37:15233|priority:1|startupRole:FOLLOWER]|listeners:[], old=null
2023-06-06 14:29:50,214 [5eef21ad-902e-47ea-91c0-32e633c63544-groupManagement] INFO  server.RaftServer$Division (RaftServerImpl.java:setRole(329)) - 5eef21ad-902e-47ea-91c0-32e633c63544@group-4606A12D36F7: changes role from      null to FOLLOWER at term 0 for startAsFollower
2023-06-06 14:29:50,214 [5eef21ad-902e-47ea-91c0-32e633c63544-groupManagement] INFO  impl.RoleInfo (RoleInfo.java:updateAndGet(139)) - 5eef21ad-902e-47ea-91c0-32e633c63544: start 5eef21ad-902e-47ea-91c0-32e633c63544@group-4606A12D36F7-FollowerState
2023-06-06 14:29:50,217 [5eef21ad-902e-47ea-91c0-32e633c63544-groupManagement] INFO  util.JmxRegister (JmxRegister.java:tryRegister(44)) - Successfully registered JMX Bean with object name Ratis:service=RaftServer,group=group-4606A12D36F7,id=5eef21ad-902e-47ea-91c0-32e633c63544
2023-06-06 14:29:50,218 [5eef21ad-902e-47ea-91c0-32e633c63544-groupManagement] INFO  server.RaftServerConfigKeys (ConfUtils.java:logGet(46)) - raft.server.snapshot.auto.trigger.enabled = true (custom)
2023-06-06 14:29:50,218 [5eef21ad-902e-47ea-91c0-32e633c63544-groupManagement] INFO  server.RaftServerConfigKeys (ConfUtils.java:logGet(46)) - raft.server.snapshot.auto.trigger.threshold = 10000 (custom)
2023-06-06 14:29:50,218 [5eef21ad-902e-47ea-91c0-32e633c63544-groupManagement] INFO  server.RaftServerConfigKeys (ConfUtils.java:logGet(46)) - raft.server.snapshot.retention.file.num = 5 (custom)
2023-06-06 14:29:50,218 [5eef21ad-902e-47ea-91c0-32e633c63544-groupManagement] INFO  server.RaftServerConfigKeys (ConfUtils.java:logGet(46)) - raft.server.log.purge.upto.snapshot.index = false (default)
2023-06-06 14:29:50,219 [PipelineCommandHandlerThread-0] INFO  ratis.XceiverServerRatis (XceiverServerRatis.java:addGroup(804)) - Created group PipelineID=3d3debfa-f68b-42a1-a8df-4606a12d36f7
2023-06-06 14:29:50,219 [PipelineCommandHandlerThread-0] INFO  commandhandler.CreatePipelineCommandHandler (CreatePipelineCommandHandler.java:lambda$handle$2(124)) - Created Pipeline RATIS ONE PipelineID=3d3debfa-f68b-42a1-a8df-4606a12d36f7.
2023-06-06 14:29:50,219 [PipelineCommandHandlerThread-0] INFO  server.RaftServer (RaftServerProxy.java:addNew(98)) - 5eef21ad-902e-47ea-91c0-32e633c63544: addNew group-54BC6014DD25:[5eef21ad-902e-47ea-91c0-32e633c63544|rpc:10.1.0.37:15232|admin:10.1.0.37:15231|client:10.1.0.37:15230|dataStream:10.1.0.37:15233|priority:0|startupRole:FOLLOWER, 6a44a47c-c3cb-455f-a4b0-0f80624e99c4|rpc:10.1.0.37:15223|admin:10.1.0.37:15222|client:10.1.0.37:15221|dataStream:10.1.0.37:15224|priority:1|startupRole:FOLLOWER, d5652d2f-6525-48cf-9e21-3b5358e36b18|rpc:10.1.0.37:15241|admin:10.1.0.37:15240|client:10.1.0.37:15239|dataStream:10.1.0.37:15242|priority:0|startupRole:FOLLOWER] returns group-54BC6014DD25:java.util.concurrent.CompletableFuture@279b5ba9[Not completed]
2023-06-06 14:29:50,222 [5eef21ad-902e-47ea-91c0-32e633c63544@group-4606A12D36F7-FollowerState] INFO  server.RaftServerConfigKeys (ConfUtils.java:logFallback(53)) - raft.server.rpc.first-election.timeout.min = 5s (fallback to raft.server.rpc.timeout.min)
2023-06-06 14:29:50,222 [5eef21ad-902e-47ea-91c0-32e633c63544@group-4606A12D36F7-FollowerState] INFO  server.RaftServerConfigKeys (ConfUtils.java:logFallback(53)) - raft.server.rpc.first-election.timeout.max = 5200ms (fallback to raft.server.rpc.timeout.max)
2023-06-06 14:29:50,224 [5eef21ad-902e-47ea-91c0-32e633c63544-groupManagement] INFO  server.RaftServer$Division (RaftServerImpl.java:<init>(198)) - 5eef21ad-902e-47ea-91c0-32e633c63544: new RaftServerImpl for group-54BC6014DD25:[5eef21ad-902e-47ea-91c0-32e633c63544|rpc:10.1.0.37:15232|admin:10.1.0.37:15231|client:10.1.0.37:15230|dataStream:10.1.0.37:15233|priority:0|startupRole:FOLLOWER, 6a44a47c-c3cb-455f-a4b0-0f80624e99c4|rpc:10.1.0.37:15223|admin:10.1.0.37:15222|client:10.1.0.37:15221|dataStream:10.1.0.37:15224|priority:1|startupRole:FOLLOWER, d5652d2f-6525-48cf-9e21-3b5358e36b18|rpc:10.1.0.37:15241|admin:10.1.0.37:15240|client:10.1.0.37:15239|dataStream:10.1.0.37:15242|priority:0|startupRole:FOLLOWER] with ContainerStateMachine:uninitialized
2023-06-06 14:29:50,224 [5eef21ad-902e-47ea-91c0-32e633c63544-groupManagement] INFO  server.RaftServerConfigKeys (ConfUtils.java:logGet(46)) - raft.server.rpc.timeout.min = 5s (custom)
2023-06-06 14:29:50,224 [5eef21ad-902e-47ea-91c0-32e633c63544-groupManagement] INFO  server.RaftServerConfigKeys (ConfUtils.java:logGet(46)) - raft.server.rpc.timeout.max = 5200ms (custom)
2023-06-06 14:29:50,224 [5eef21ad-902e-47ea-91c0-32e633c63544-groupManagement] INFO  server.RaftServerConfigKeys (ConfUtils.java:logGet(46)) - raft.server.rpc.sleep.time = 25ms (default)
2023-06-06 14:29:50,224 [5eef21ad-902e-47ea-91c0-32e633c63544-groupManagement] INFO  server.RaftServerConfigKeys (ConfUtils.java:logGet(46)) - raft.server.rpc.slowness.timeout = 300s (custom)
2023-06-06 14:29:50,224 [5eef21ad-902e-47ea-91c0-32e633c63544-groupManagement] INFO  server.RaftServerConfigKeys (ConfUtils.java:logGet(46)) - raft.server.leaderelection.leader.step-down.wait-time = 10s (default)
2023-06-06 14:29:50,224 [5eef21ad-902e-47ea-91c0-32e633c63544-groupManagement] INFO  server.RaftServerConfigKeys (ConfUtils.java:logGet(46)) - raft.server.sleep.deviation.threshold = 300ms (default)
2023-06-06 14:29:50,224 [5eef21ad-902e-47ea-91c0-32e633c63544-groupManagement] INFO  server.RaftServer$Division (ServerState.java:<init>(120)) - 5eef21ad-902e-47ea-91c0-32e633c63544@group-54BC6014DD25: ConfigurationManager, init=-1: peers:[5eef21ad-902e-47ea-91c0-32e633c63544|rpc:10.1.0.37:15232|admin:10.1.0.37:15231|client:10.1.0.37:15230|dataStream:10.1.0.37:15233|priority:0|startupRole:FOLLOWER, 6a44a47c-c3cb-455f-a4b0-0f80624e99c4|rpc:10.1.0.37:15223|admin:10.1.0.37:15222|client:10.1.0.37:15221|dataStream:10.1.0.37:15224|priority:1|startupRole:FOLLOWER, d5652d2f-6525-48cf-9e21-3b5358e36b18|rpc:10.1.0.37:15241|admin:10.1.0.37:15240|client:10.1.0.37:15239|dataStream:10.1.0.37:15242|priority:0|startupRole:FOLLOWER]|listeners:[], old=null, confs=<EMPTY_MAP>
2023-06-06 14:29:50,224 [5eef21ad-902e-47ea-91c0-32e633c63544-groupManagement] INFO  server.RaftServerConfigKeys (ConfUtils.java:logGet(46)) - raft.server.storage.dir = [/home/runner/work/ozone/ozone/hadoop-ozone/integration-test/target/test-dir/MiniOzoneClusterImpl-361cfd0c-44c3-4879-9ed3-7c7372459855/datanode-1/data/ratis] (custom)
2023-06-06 14:29:50,224 [5eef21ad-902e-47ea-91c0-32e633c63544-groupManagement] INFO  server.RaftServerConfigKeys (ConfUtils.java:logGet(46)) - raft.server.log.corruption.policy = EXCEPTION (default)
2023-06-06 14:29:50,224 [5eef21ad-902e-47ea-91c0-32e633c63544-groupManagement] INFO  server.RaftServerConfigKeys (ConfUtils.java:logGet(46)) - raft.server.storage.free-space.min = 0MB (=0) (default)
2023-06-06 14:29:50,224 [5eef21ad-902e-47ea-91c0-32e633c63544-groupManagement] INFO  server.RaftServerConfigKeys (ConfUtils.java:logGet(46)) - raft.server.notification.no-leader.timeout = 300s (custom)
2023-06-06 14:29:50,224 [5eef21ad-902e-47ea-91c0-32e633c63544-groupManagement] INFO  server.RaftServerConfigKeys (ConfUtils.java:logGet(46)) - raft.server.read.timeout = 10s (default)
2023-06-06 14:29:50,224 [5eef21ad-902e-47ea-91c0-32e633c63544-groupManagement] INFO  server.RaftServerConfigKeys (ConfUtils.java:logGet(46)) - raft.server.retrycache.expirytime = 600000ms (custom)
2023-06-06 14:29:50,224 [5eef21ad-902e-47ea-91c0-32e633c63544-groupManagement] INFO  server.RaftServerConfigKeys (ConfUtils.java:logGet(46)) - raft.server.retrycache.statistics.expirytime = 100μs (default)
2023-06-06 14:29:50,225 [5eef21ad-902e-47ea-91c0-32e633c63544-groupManagement] INFO  server.RaftServerConfigKeys (ConfUtils.java:logGet(46)) - raft.server.read.option = DEFAULT (default)
2023-06-06 14:29:50,225 [5eef21ad-902e-47ea-91c0-32e633c63544-groupManagement] INFO  server.RaftServerConfigKeys (ConfUtils.java:logGet(46)) - raft.server.rpc.request.timeout = 60s (custom)
2023-06-06 14:29:50,225 [5eef21ad-902e-47ea-91c0-32e633c63544-groupManagement] INFO  server.RaftServerConfigKeys (ConfUtils.java:logGet(46)) - raft.server.log.appender.install.snapshot.enabled = false (custom)
2023-06-06 14:29:50,225 [5eef21ad-902e-47ea-91c0-32e633c63544-groupManagement] INFO  server.RaftServerConfigKeys (ConfUtils.java:logGet(46)) - raft.server.threadpool.server.cached = true (default)
2023-06-06 14:29:50,225 [5eef21ad-902e-47ea-91c0-32e633c63544-groupManagement] INFO  server.RaftServerConfigKeys (ConfUtils.java:logGet(46)) - raft.server.threadpool.server.size = 0 (default)
2023-06-06 14:29:50,225 [5eef21ad-902e-47ea-91c0-32e633c63544-groupManagement] INFO  server.RaftServerConfigKeys (ConfUtils.java:logGet(46)) - raft.server.threadpool.client.cached = true (default)
2023-06-06 14:29:50,225 [5eef21ad-902e-47ea-91c0-32e633c63544-groupManagement] INFO  server.RaftServerConfigKeys (ConfUtils.java:logGet(46)) - raft.server.threadpool.client.size = 0 (default)
2023-06-06 14:29:50,225 [5eef21ad-902e-47ea-91c0-32e633c63544-groupManagement] INFO  storage.RaftStorageDirectory (RaftStorageDirectoryImpl.java:analyzeStorage(137)) - The storage directory /home/runner/work/ozone/ozone/hadoop-ozone/integration-test/target/test-dir/MiniOzoneClusterImpl-361cfd0c-44c3-4879-9ed3-7c7372459855/datanode-1/data/ratis/c416c1d6-d8df-4f7c-8296-54bc6014dd25 does not exist. Creating ...
2023-06-06 14:29:50,226 [5eef21ad-902e-47ea-91c0-32e633c63544-groupManagement] INFO  storage.RaftStorageDirectory (RaftStorageDirectoryImpl.java:tryLock(231)) - Lock on /home/runner/work/ozone/ozone/hadoop-ozone/integration-test/target/test-dir/MiniOzoneClusterImpl-361cfd0c-44c3-4879-9ed3-7c7372459855/datanode-1/data/ratis/c416c1d6-d8df-4f7c-8296-54bc6014dd25/in_use.lock acquired by nodename 75814@fv-az1133-973
2023-06-06 14:29:50,227 [5eef21ad-902e-47ea-91c0-32e633c63544-groupManagement] INFO  storage.RaftStorage (RaftStorageImpl.java:format(96)) - Storage directory /home/runner/work/ozone/ozone/hadoop-ozone/integration-test/target/test-dir/MiniOzoneClusterImpl-361cfd0c-44c3-4879-9ed3-7c7372459855/datanode-1/data/ratis/c416c1d6-d8df-4f7c-8296-54bc6014dd25 has been successfully formatted.
2023-06-06 14:29:50,228 [5eef21ad-902e-47ea-91c0-32e633c63544-groupManagement] INFO  ratis.ContainerStateMachine (ContainerStateMachine.java:loadSnapshot(262)) - group-54BC6014DD25: The snapshot info is null. Setting the last applied indexto:(t:0, i:~)
2023-06-06 14:29:50,228 [5eef21ad-902e-47ea-91c0-32e633c63544-groupManagement] INFO  server.RaftServerConfigKeys (ConfUtils.java:logGet(46)) - raft.server.log.use.memory = false (default)
2023-06-06 14:29:50,229 [5eef21ad-902e-47ea-91c0-32e633c63544-groupManagement] INFO  server.RaftServerConfigKeys (ConfUtils.java:logGet(46)) - raft.server.log.purge.gap = 1000000 (custom)
2023-06-06 14:29:50,229 [5eef21ad-902e-47ea-91c0-32e633c63544-groupManagement] INFO  server.RaftServerConfigKeys (ConfUtils.java:logGet(46)) - raft.server.log.appender.buffer.byte-limit = 33554432 (custom)
2023-06-06 14:29:50,229 [5eef21ad-902e-47ea-91c0-32e633c63544-groupManagement] INFO  server.RaftServerConfigKeys (ConfUtils.java:logGet(46)) - raft.server.log.statemachine.data.read.timeout = 1000ms (default)
2023-06-06 14:29:50,229 [5eef21ad-902e-47ea-91c0-32e633c63544-groupManagement] INFO  server.RaftServerConfigKeys (ConfUtils.java:logGet(46)) - raft.server.log.purge.preservation.log.num = 0 (default)
2023-06-06 14:29:50,229 [5eef21ad-902e-47ea-91c0-32e633c63544-groupManagement] INFO  server.RaftServerConfigKeys (ConfUtils.java:logGet(46)) - raft.server.log.segment.size.max = 1048576 (custom)
2023-06-06 14:29:50,229 [5eef21ad-902e-47ea-91c0-32e633c63544-groupManagement] INFO  server.RaftServerConfigKeys (ConfUtils.java:logGet(46)) - raft.server.log.segment.cache.num.max = 2 (custom)
2023-06-06 14:29:50,229 [5eef21ad-902e-47ea-91c0-32e633c63544-groupManagement] INFO  server.RaftServerConfigKeys (ConfUtils.java:logGet(46)) - raft.server.log.segment.cache.size.max = 200MB (=209715200) (default)
2023-06-06 14:29:50,229 [5eef21ad-902e-47ea-91c0-32e633c63544-groupManagement] INFO  server.RaftServerConfigKeys (ConfUtils.java:logGet(46)) - raft.server.log.appender.buffer.byte-limit = 33554432 (custom)
2023-06-06 14:29:50,229 [5eef21ad-902e-47ea-91c0-32e633c63544-groupManagement] INFO  segmented.SegmentedRaftLogWorker (SegmentedRaftLogWorker.java:<init>(188)) - new 5eef21ad-902e-47ea-91c0-32e633c63544@group-54BC6014DD25-SegmentedRaftLogWorker for RaftStorageImpl:Storage Directory /home/runner/work/ozone/ozone/hadoop-ozone/integration-test/target/test-dir/MiniOzoneClusterImpl-361cfd0c-44c3-4879-9ed3-7c7372459855/datanode-1/data/ratis/c416c1d6-d8df-4f7c-8296-54bc6014dd25
2023-06-06 14:29:50,229 [5eef21ad-902e-47ea-91c0-32e633c63544-groupManagement] INFO  server.RaftServerConfigKeys (ConfUtils.java:logGet(46)) - raft.server.log.queue.byte-limit = 4294967296 (custom)
2023-06-06 14:29:50,229 [5eef21ad-902e-47ea-91c0-32e633c63544-groupManagement] INFO  server.RaftServerConfigKeys (ConfUtils.java:logGet(46)) - raft.server.log.queue.element-limit = 1024 (custom)
2023-06-06 14:29:50,229 [5eef21ad-902e-47ea-91c0-32e633c63544-groupManagement] INFO  server.RaftServerConfigKeys (ConfUtils.java:logGet(46)) - raft.server.log.segment.size.max = 1048576 (custom)
2023-06-06 14:29:50,229 [5eef21ad-902e-47ea-91c0-32e633c63544-groupManagement] INFO  server.RaftServerConfigKeys (ConfUtils.java:logGet(46)) - raft.server.log.preallocated.size = 16384 (custom)
2023-06-06 14:29:50,229 [5eef21ad-902e-47ea-91c0-32e633c63544-groupManagement] INFO  server.RaftServerConfigKeys (ConfUtils.java:logGet(46)) - raft.server.log.force.sync.num = 128 (default)
2023-06-06 14:29:50,229 [5eef21ad-902e-47ea-91c0-32e633c63544-groupManagement] INFO  server.RaftServerConfigKeys (ConfUtils.java:logGet(46)) - raft.server.log.statemachine.data.sync = true (default)
2023-06-06 14:29:50,229 [5eef21ad-902e-47ea-91c0-32e633c63544-groupManagement] INFO  server.RaftServerConfigKeys (ConfUtils.java:logGet(46)) - raft.server.log.statemachine.data.sync.timeout = 10s (default)
2023-06-06 14:29:50,230 [5eef21ad-902e-47ea-91c0-32e633c63544-groupManagement] INFO  server.RaftServerConfigKeys (ConfUtils.java:logGet(46)) - raft.server.log.statemachine.data.sync.timeout.retry = -1 (default)
2023-06-06 14:29:50,230 [5eef21ad-902e-47ea-91c0-32e633c63544-groupManagement] INFO  server.RaftServerConfigKeys (ConfUtils.java:logGet(46)) - raft.server.log.write.buffer.size = 1048576 (custom)
2023-06-06 14:29:50,235 [EventQueue-OpenPipelineForHealthyPipelineSafeModeRule] INFO  safemode.SCMSafeModeManager (HealthyPipelineSafeModeRule.java:process(137)) - SCM in safe mode. Healthy pipelines reported count is 0, required healthy pipeline reported count is 1
2023-06-06 14:29:50,235 [5eef21ad-902e-47ea-91c0-32e633c63544-groupManagement] INFO  server.RaftServerConfigKeys (ConfUtils.java:logGet(46)) - raft.server.log.appender.buffer.byte-limit = 33554432 (custom)
2023-06-06 14:29:50,243 [5eef21ad-902e-47ea-91c0-32e633c63544-groupManagement] INFO  server.RaftServerConfigKeys (ConfUtils.java:logGet(46)) - raft.server.log.unsafe-flush.enabled = false (default)
2023-06-06 14:29:50,243 [5eef21ad-902e-47ea-91c0-32e633c63544-groupManagement] INFO  server.RaftServerConfigKeys (ConfUtils.java:logGet(46)) - raft.server.log.async-flush.enabled = false (default)
2023-06-06 14:29:50,243 [5eef21ad-902e-47ea-91c0-32e633c63544-groupManagement] INFO  server.RaftServerConfigKeys (ConfUtils.java:logGet(46)) - raft.server.log.statemachine.data.caching.enabled = true (custom)
2023-06-06 14:29:50,243 [5eef21ad-902e-47ea-91c0-32e633c63544-groupManagement] INFO  segmented.SegmentedRaftLogWorker (SegmentedRaftLogWorker.java:lambda$new$0(135)) - 5eef21ad-902e-47ea-91c0-32e633c63544@group-54BC6014DD25-SegmentedRaftLogWorker: flushIndex: setUnconditionally 0 -> -1
2023-06-06 14:29:50,243 [5eef21ad-902e-47ea-91c0-32e633c63544-groupManagement] INFO  segmented.SegmentedRaftLogWorker (SegmentedRaftLogWorker.java:lambda$new$0(135)) - 5eef21ad-902e-47ea-91c0-32e633c63544@group-54BC6014DD25-SegmentedRaftLogWorker: safeCacheEvictIndex: setUnconditionally 0 -> -1
2023-06-06 14:29:50,243 [5eef21ad-902e-47ea-91c0-32e633c63544-groupManagement] INFO  server.RaftServer$Division (RaftServerImpl.java:start(342)) - 5eef21ad-902e-47ea-91c0-32e633c63544@group-54BC6014DD25: start as a follower, conf=-1: peers:[5eef21ad-902e-47ea-91c0-32e633c63544|rpc:10.1.0.37:15232|admin:10.1.0.37:15231|client:10.1.0.37:15230|dataStream:10.1.0.37:15233|priority:0|startupRole:FOLLOWER, 6a44a47c-c3cb-455f-a4b0-0f80624e99c4|rpc:10.1.0.37:15223|admin:10.1.0.37:15222|client:10.1.0.37:15221|dataStream:10.1.0.37:15224|priority:1|startupRole:FOLLOWER, d5652d2f-6525-48cf-9e21-3b5358e36b18|rpc:10.1.0.37:15241|admin:10.1.0.37:15240|client:10.1.0.37:15239|dataStream:10.1.0.37:15242|priority:0|startupRole:FOLLOWER]|listeners:[], old=null
2023-06-06 14:29:50,243 [5eef21ad-902e-47ea-91c0-32e633c63544-groupManagement] INFO  server.RaftServer$Division (RaftServerImpl.java:setRole(329)) - 5eef21ad-902e-47ea-91c0-32e633c63544@group-54BC6014DD25: changes role from      null to FOLLOWER at term 0 for startAsFollower
2023-06-06 14:29:50,243 [5eef21ad-902e-47ea-91c0-32e633c63544-groupManagement] INFO  impl.RoleInfo (RoleInfo.java:updateAndGet(139)) - 5eef21ad-902e-47ea-91c0-32e633c63544: start 5eef21ad-902e-47ea-91c0-32e633c63544@group-54BC6014DD25-FollowerState
2023-06-06 14:29:50,245 [5eef21ad-902e-47ea-91c0-32e633c63544-groupManagement] INFO  util.JmxRegister (JmxRegister.java:tryRegister(44)) - Successfully registered JMX Bean with object name Ratis:service=RaftServer,group=group-54BC6014DD25,id=5eef21ad-902e-47ea-91c0-32e633c63544
2023-06-06 14:29:50,245 [5eef21ad-902e-47ea-91c0-32e633c63544-groupManagement] INFO  server.RaftServerConfigKeys (ConfUtils.java:logGet(46)) - raft.server.snapshot.auto.trigger.enabled = true (custom)
2023-06-06 14:29:50,245 [5eef21ad-902e-47ea-91c0-32e633c63544-groupManagement] INFO  server.RaftServerConfigKeys (ConfUtils.java:logGet(46)) - raft.server.snapshot.auto.trigger.threshold = 10000 (custom)
2023-06-06 14:29:50,246 [5eef21ad-902e-47ea-91c0-32e633c63544-groupManagement] INFO  server.RaftServerConfigKeys (ConfUtils.java:logGet(46)) - raft.server.snapshot.retention.file.num = 5 (custom)
2023-06-06 14:29:50,246 [5eef21ad-902e-47ea-91c0-32e633c63544-groupManagement] INFO  server.RaftServerConfigKeys (ConfUtils.java:logGet(46)) - raft.server.log.purge.upto.snapshot.index = false (default)
2023-06-06 14:29:50,246 [5eef21ad-902e-47ea-91c0-32e633c63544@group-54BC6014DD25-FollowerState] INFO  server.RaftServerConfigKeys (ConfUtils.java:logFallback(53)) - raft.server.rpc.first-election.timeout.min = 5s (fallback to raft.server.rpc.timeout.min)
2023-06-06 14:29:50,246 [5eef21ad-902e-47ea-91c0-32e633c63544@group-54BC6014DD25-FollowerState] INFO  server.RaftServerConfigKeys (ConfUtils.java:logFallback(53)) - raft.server.rpc.first-election.timeout.max = 5200ms (fallback to raft.server.rpc.timeout.max)
2023-06-06 14:29:50,246 [Time-limited test] INFO  ozone.MiniOzoneClusterImpl (MiniOzoneClusterImpl.java:lambda$waitForClusterToBeReady$0(222)) - Nodes are ready. Got 3 of 3 DN Heartbeats.
2023-06-06 14:29:50,246 [Time-limited test] INFO  ozone.MiniOzoneClusterImpl (MiniOzoneClusterImpl.java:lambda$waitForClusterToBeReady$0(225)) - Waiting for cluster to exit safe mode
2023-06-06 14:29:50,246 [Time-limited test] INFO  ozone.MiniOzoneClusterImpl (MiniOzoneClusterImpl.java:lambda$waitForClusterToBeReady$0(227)) - SCM became leader
2023-06-06 14:29:50,246 [PipelineCommandHandlerThread-0] INFO  ratis.XceiverServerRatis (XceiverServerRatis.java:addGroup(804)) - Created group PipelineID=c416c1d6-d8df-4f7c-8296-54bc6014dd25
2023-06-06 14:29:50,250 [d5652d2f-6525-48cf-9e21-3b5358e36b18-groupManagement] INFO  server.RaftServer$Division (RaftServerImpl.java:<init>(198)) - d5652d2f-6525-48cf-9e21-3b5358e36b18: new RaftServerImpl for group-0864C0ACC566:[d5652d2f-6525-48cf-9e21-3b5358e36b18|rpc:10.1.0.37:15241|admin:10.1.0.37:15240|client:10.1.0.37:15239|dataStream:10.1.0.37:15242|priority:1|startupRole:FOLLOWER] with ContainerStateMachine:uninitialized
2023-06-06 14:29:50,250 [d5652d2f-6525-48cf-9e21-3b5358e36b18-groupManagement] INFO  server.RaftServerConfigKeys (ConfUtils.java:logGet(46)) - raft.server.rpc.timeout.min = 5s (custom)
2023-06-06 14:29:50,250 [PipelineCommandHandlerThread-0] INFO  server.RaftServer (RaftServerProxy.java:addNew(98)) - d5652d2f-6525-48cf-9e21-3b5358e36b18: addNew group-0864C0ACC566:[d5652d2f-6525-48cf-9e21-3b5358e36b18|rpc:10.1.0.37:15241|admin:10.1.0.37:15240|client:10.1.0.37:15239|dataStream:10.1.0.37:15242|priority:1|startupRole:FOLLOWER] returns group-0864C0ACC566:java.util.concurrent.CompletableFuture@6c86c574[Not completed]
2023-06-06 14:29:50,250 [d5652d2f-6525-48cf-9e21-3b5358e36b18-groupManagement] INFO  server.RaftServerConfigKeys (ConfUtils.java:logGet(46)) - raft.server.rpc.timeout.max = 5200ms (custom)
2023-06-06 14:29:50,251 [d5652d2f-6525-48cf-9e21-3b5358e36b18-groupManagement] INFO  server.RaftServerConfigKeys (ConfUtils.java:logGet(46)) - raft.server.rpc.sleep.time = 25ms (default)
2023-06-06 14:29:50,251 [d5652d2f-6525-48cf-9e21-3b5358e36b18-groupManagement] INFO  server.RaftServerConfigKeys (ConfUtils.java:logGet(46)) - raft.server.rpc.slowness.timeout = 300s (custom)
2023-06-06 14:29:50,251 [d5652d2f-6525-48cf-9e21-3b5358e36b18-groupManagement] INFO  server.RaftServerConfigKeys (ConfUtils.java:logGet(46)) - raft.server.leaderelection.leader.step-down.wait-time = 10s (default)
2023-06-06 14:29:50,251 [d5652d2f-6525-48cf-9e21-3b5358e36b18-groupManagement] INFO  server.RaftServerConfigKeys (ConfUtils.java:logGet(46)) - raft.server.sleep.deviation.threshold = 300ms (default)
2023-06-06 14:29:50,251 [d5652d2f-6525-48cf-9e21-3b5358e36b18-groupManagement] INFO  server.RaftServer$Division (ServerState.java:<init>(120)) - d5652d2f-6525-48cf-9e21-3b5358e36b18@group-0864C0ACC566: ConfigurationManager, init=-1: peers:[d5652d2f-6525-48cf-9e21-3b5358e36b18|rpc:10.1.0.37:15241|admin:10.1.0.37:15240|client:10.1.0.37:15239|dataStream:10.1.0.37:15242|priority:1|startupRole:FOLLOWER]|listeners:[], old=null, confs=<EMPTY_MAP>
2023-06-06 14:29:50,251 [d5652d2f-6525-48cf-9e21-3b5358e36b18-groupManagement] INFO  server.RaftServerConfigKeys (ConfUtils.java:logGet(46)) - raft.server.storage.dir = [/home/runner/work/ozone/ozone/hadoop-ozone/integration-test/target/test-dir/MiniOzoneClusterImpl-361cfd0c-44c3-4879-9ed3-7c7372459855/datanode-2/data/ratis] (custom)
2023-06-06 14:29:50,251 [d5652d2f-6525-48cf-9e21-3b5358e36b18-groupManagement] INFO  server.RaftServerConfigKeys (ConfUtils.java:logGet(46)) - raft.server.log.corruption.policy = EXCEPTION (default)
2023-06-06 14:29:50,251 [d5652d2f-6525-48cf-9e21-3b5358e36b18-groupManagement] INFO  server.RaftServerConfigKeys (ConfUtils.java:logGet(46)) - raft.server.storage.free-space.min = 0MB (=0) (default)
2023-06-06 14:29:50,251 [d5652d2f-6525-48cf-9e21-3b5358e36b18-groupManagement] INFO  server.RaftServerConfigKeys (ConfUtils.java:logGet(46)) - raft.server.notification.no-leader.timeout = 300s (custom)
2023-06-06 14:29:50,251 [d5652d2f-6525-48cf-9e21-3b5358e36b18-groupManagement] INFO  server.RaftServerConfigKeys (ConfUtils.java:logGet(46)) - raft.server.read.timeout = 10s (default)
2023-06-06 14:29:50,251 [d5652d2f-6525-48cf-9e21-3b5358e36b18-groupManagement] INFO  server.RaftServerConfigKeys (ConfUtils.java:logGet(46)) - raft.server.retrycache.expirytime = 600000ms (custom)
2023-06-06 14:29:50,251 [d5652d2f-6525-48cf-9e21-3b5358e36b18-groupManagement] INFO  server.RaftServerConfigKeys (ConfUtils.java:logGet(46)) - raft.server.retrycache.statistics.expirytime = 100μs (default)
2023-06-06 14:29:50,254 [d5652d2f-6525-48cf-9e21-3b5358e36b18-groupManagement] INFO  server.RaftServerConfigKeys (ConfUtils.java:logGet(46)) - raft.server.read.option = DEFAULT (default)
2023-06-06 14:29:50,257 [d5652d2f-6525-48cf-9e21-3b5358e36b18-groupManagement] INFO  server.RaftServerConfigKeys (ConfUtils.java:logGet(46)) - raft.server.rpc.request.timeout = 60s (custom)
2023-06-06 14:29:50,257 [d5652d2f-6525-48cf-9e21-3b5358e36b18-groupManagement] INFO  server.RaftServerConfigKeys (ConfUtils.java:logGet(46)) - raft.server.log.appender.install.snapshot.enabled = false (custom)
2023-06-06 14:29:50,257 [d5652d2f-6525-48cf-9e21-3b5358e36b18-groupManagement] INFO  server.RaftServerConfigKeys (ConfUtils.java:logGet(46)) - raft.server.threadpool.server.cached = true (default)
2023-06-06 14:29:50,257 [d5652d2f-6525-48cf-9e21-3b5358e36b18-groupManagement] INFO  server.RaftServerConfigKeys (ConfUtils.java:logGet(46)) - raft.server.threadpool.server.size = 0 (default)
2023-06-06 14:29:50,257 [d5652d2f-6525-48cf-9e21-3b5358e36b18-groupManagement] INFO  server.RaftServerConfigKeys (ConfUtils.java:logGet(46)) - raft.server.threadpool.client.cached = true (default)
2023-06-06 14:29:50,257 [d5652d2f-6525-48cf-9e21-3b5358e36b18-groupManagement] INFO  server.RaftServerConfigKeys (ConfUtils.java:logGet(46)) - raft.server.threadpool.client.size = 0 (default)
2023-06-06 14:29:50,257 [d5652d2f-6525-48cf-9e21-3b5358e36b18-groupManagement] INFO  storage.RaftStorageDirectory (RaftStorageDirectoryImpl.java:analyzeStorage(137)) - The storage directory /home/runner/work/ozone/ozone/hadoop-ozone/integration-test/target/test-dir/MiniOzoneClusterImpl-361cfd0c-44c3-4879-9ed3-7c7372459855/datanode-2/data/ratis/59908650-9737-4829-8ccf-0864c0acc566 does not exist. Creating ...
2023-06-06 14:29:50,258 [d5652d2f-6525-48cf-9e21-3b5358e36b18-groupManagement] INFO  storage.RaftStorageDirectory (RaftStorageDirectoryImpl.java:tryLock(231)) - Lock on /home/runner/work/ozone/ozone/hadoop-ozone/integration-test/target/test-dir/MiniOzoneClusterImpl-361cfd0c-44c3-4879-9ed3-7c7372459855/datanode-2/data/ratis/59908650-9737-4829-8ccf-0864c0acc566/in_use.lock acquired by nodename 75814@fv-az1133-973
2023-06-06 14:29:50,261 [d5652d2f-6525-48cf-9e21-3b5358e36b18-groupManagement] INFO  storage.RaftStorage (RaftStorageImpl.java:format(96)) - Storage directory /home/runner/work/ozone/ozone/hadoop-ozone/integration-test/target/test-dir/MiniOzoneClusterImpl-361cfd0c-44c3-4879-9ed3-7c7372459855/datanode-2/data/ratis/59908650-9737-4829-8ccf-0864c0acc566 has been successfully formatted.
2023-06-06 14:29:50,261 [d5652d2f-6525-48cf-9e21-3b5358e36b18-groupManagement] INFO  ratis.ContainerStateMachine (ContainerStateMachine.java:loadSnapshot(262)) - group-0864C0ACC566: The snapshot info is null. Setting the last applied indexto:(t:0, i:~)
2023-06-06 14:29:50,261 [d5652d2f-6525-48cf-9e21-3b5358e36b18-groupManagement] INFO  server.RaftServerConfigKeys (ConfUtils.java:logGet(46)) - raft.server.log.use.memory = false (default)
2023-06-06 14:29:50,264 [d5652d2f-6525-48cf-9e21-3b5358e36b18-groupManagement] INFO  server.RaftServerConfigKeys (ConfUtils.java:logGet(46)) - raft.server.log.purge.gap = 1000000 (custom)
2023-06-06 14:29:50,264 [d5652d2f-6525-48cf-9e21-3b5358e36b18-groupManagement] INFO  server.RaftServerConfigKeys (ConfUtils.java:logGet(46)) - raft.server.log.appender.buffer.byte-limit = 33554432 (custom)
2023-06-06 14:29:50,264 [d5652d2f-6525-48cf-9e21-3b5358e36b18-groupManagement] INFO  server.RaftServerConfigKeys (ConfUtils.java:logGet(46)) - raft.server.log.statemachine.data.read.timeout = 1000ms (default)
2023-06-06 14:29:50,264 [d5652d2f-6525-48cf-9e21-3b5358e36b18-groupManagement] INFO  server.RaftServerConfigKeys (ConfUtils.java:logGet(46)) - raft.server.log.purge.preservation.log.num = 0 (default)
2023-06-06 14:29:50,264 [d5652d2f-6525-48cf-9e21-3b5358e36b18-groupManagement] INFO  server.RaftServerConfigKeys (ConfUtils.java:logGet(46)) - raft.server.log.segment.size.max = 1048576 (custom)
2023-06-06 14:29:50,264 [d5652d2f-6525-48cf-9e21-3b5358e36b18-groupManagement] INFO  server.RaftServerConfigKeys (ConfUtils.java:logGet(46)) - raft.server.log.segment.cache.num.max = 2 (custom)
2023-06-06 14:29:50,264 [d5652d2f-6525-48cf-9e21-3b5358e36b18-groupManagement] INFO  server.RaftServerConfigKeys (ConfUtils.java:logGet(46)) - raft.server.log.segment.cache.size.max = 200MB (=209715200) (default)
2023-06-06 14:29:50,264 [d5652d2f-6525-48cf-9e21-3b5358e36b18-groupManagement] INFO  server.RaftServerConfigKeys (ConfUtils.java:logGet(46)) - raft.server.log.appender.buffer.byte-limit = 33554432 (custom)
2023-06-06 14:29:50,264 [d5652d2f-6525-48cf-9e21-3b5358e36b18-groupManagement] INFO  segmented.SegmentedRaftLogWorker (SegmentedRaftLogWorker.java:<init>(188)) - new d5652d2f-6525-48cf-9e21-3b5358e36b18@group-0864C0ACC566-SegmentedRaftLogWorker for RaftStorageImpl:Storage Directory /home/runner/work/ozone/ozone/hadoop-ozone/integration-test/target/test-dir/MiniOzoneClusterImpl-361cfd0c-44c3-4879-9ed3-7c7372459855/datanode-2/data/ratis/59908650-9737-4829-8ccf-0864c0acc566
2023-06-06 14:29:50,264 [d5652d2f-6525-48cf-9e21-3b5358e36b18-groupManagement] INFO  server.RaftServerConfigKeys (ConfUtils.java:logGet(46)) - raft.server.log.queue.byte-limit = 4294967296 (custom)
2023-06-06 14:29:50,264 [d5652d2f-6525-48cf-9e21-3b5358e36b18-groupManagement] INFO  server.RaftServerConfigKeys (ConfUtils.java:logGet(46)) - raft.server.log.queue.element-limit = 1024 (custom)
2023-06-06 14:29:50,264 [d5652d2f-6525-48cf-9e21-3b5358e36b18-groupManagement] INFO  server.RaftServerConfigKeys (ConfUtils.java:logGet(46)) - raft.server.log.segment.size.max = 1048576 (custom)
2023-06-06 14:29:50,264 [d5652d2f-6525-48cf-9e21-3b5358e36b18-groupManagement] INFO  server.RaftServerConfigKeys (ConfUtils.java:logGet(46)) - raft.server.log.preallocated.size = 16384 (custom)
2023-06-06 14:29:50,264 [d5652d2f-6525-48cf-9e21-3b5358e36b18-groupManagement] INFO  server.RaftServerConfigKeys (ConfUtils.java:logGet(46)) - raft.server.log.force.sync.num = 128 (default)
2023-06-06 14:29:50,264 [d5652d2f-6525-48cf-9e21-3b5358e36b18-groupManagement] INFO  server.RaftServerConfigKeys (ConfUtils.java:logGet(46)) - raft.server.log.statemachine.data.sync = true (default)
2023-06-06 14:29:50,265 [d5652d2f-6525-48cf-9e21-3b5358e36b18-groupManagement] INFO  server.RaftServerConfigKeys (ConfUtils.java:logGet(46)) - raft.server.log.statemachine.data.sync.timeout = 10s (default)
2023-06-06 14:29:50,266 [d5652d2f-6525-48cf-9e21-3b5358e36b18-groupManagement] INFO  server.RaftServerConfigKeys (ConfUtils.java:logGet(46)) - raft.server.log.statemachine.data.sync.timeout.retry = -1 (default)
2023-06-06 14:29:50,266 [d5652d2f-6525-48cf-9e21-3b5358e36b18-groupManagement] INFO  server.RaftServerConfigKeys (ConfUtils.java:logGet(46)) - raft.server.log.write.buffer.size = 1048576 (custom)
2023-06-06 14:29:50,266 [EventQueue-PipelineReportForPipelineReportHandler] INFO  pipeline.PipelineManagerImpl (PipelineManagerImpl.java:openPipeline(367)) - Pipeline Pipeline[ Id: 59908650-9737-4829-8ccf-0864c0acc566, Nodes: d5652d2f-6525-48cf-9e21-3b5358e36b18(fv-az1133-973.qlb2sqfkji0uhjsjdnlwzcsdwg.bx.internal.cloudapp.net/10.1.0.37), ReplicationConfig: RATIS/ONE, State:ALLOCATED, leaderId:d5652d2f-6525-48cf-9e21-3b5358e36b18, CreationTimestamp2023-06-06T14:29:47.250Z[Etc/UTC]] moved to OPEN state
2023-06-06 14:29:50,267 [EventQueue-OpenPipelineForHealthyPipelineSafeModeRule] INFO  safemode.SCMSafeModeManager (HealthyPipelineSafeModeRule.java:process(137)) - SCM in safe mode. Healthy pipelines reported count is 0, required healthy pipeline reported count is 1
2023-06-06 14:29:50,269 [d5652d2f-6525-48cf-9e21-3b5358e36b18-groupManagement] INFO  server.RaftServerConfigKeys (ConfUtils.java:logGet(46)) - raft.server.log.appender.buffer.byte-limit = 33554432 (custom)
2023-06-06 14:29:50,275 [d5652d2f-6525-48cf-9e21-3b5358e36b18-groupManagement] INFO  server.RaftServerConfigKeys (ConfUtils.java:logGet(46)) - raft.server.log.unsafe-flush.enabled = false (default)
2023-06-06 14:29:50,281 [d5652d2f-6525-48cf-9e21-3b5358e36b18-groupManagement] INFO  server.RaftServerConfigKeys (ConfUtils.java:logGet(46)) - raft.server.log.async-flush.enabled = false (default)
2023-06-06 14:29:50,281 [d5652d2f-6525-48cf-9e21-3b5358e36b18-groupManagement] INFO  server.RaftServerConfigKeys (ConfUtils.java:logGet(46)) - raft.server.log.statemachine.data.caching.enabled = true (custom)
2023-06-06 14:29:50,281 [d5652d2f-6525-48cf-9e21-3b5358e36b18-groupManagement] INFO  segmented.SegmentedRaftLogWorker (SegmentedRaftLogWorker.java:lambda$new$0(135)) - d5652d2f-6525-48cf-9e21-3b5358e36b18@group-0864C0ACC566-SegmentedRaftLogWorker: flushIndex: setUnconditionally 0 -> -1
2023-06-06 14:29:50,281 [d5652d2f-6525-48cf-9e21-3b5358e36b18-groupManagement] INFO  segmented.SegmentedRaftLogWorker (SegmentedRaftLogWorker.java:lambda$new$0(135)) - d5652d2f-6525-48cf-9e21-3b5358e36b18@group-0864C0ACC566-SegmentedRaftLogWorker: safeCacheEvictIndex: setUnconditionally 0 -> -1
2023-06-06 14:29:50,283 [PipelineCommandHandlerThread-0] INFO  commandhandler.CreatePipelineCommandHandler (CreatePipelineCommandHandler.java:lambda$handle$2(124)) - Created Pipeline RATIS THREE PipelineID=c416c1d6-d8df-4f7c-8296-54bc6014dd25.
2023-06-06 14:29:50,287 [d5652d2f-6525-48cf-9e21-3b5358e36b18-groupManagement] INFO  server.RaftServer$Division (RaftServerImpl.java:start(342)) - d5652d2f-6525-48cf-9e21-3b5358e36b18@group-0864C0ACC566: start as a follower, conf=-1: peers:[d5652d2f-6525-48cf-9e21-3b5358e36b18|rpc:10.1.0.37:15241|admin:10.1.0.37:15240|client:10.1.0.37:15239|dataStream:10.1.0.37:15242|priority:1|startupRole:FOLLOWER]|listeners:[], old=null
2023-06-06 14:29:50,287 [d5652d2f-6525-48cf-9e21-3b5358e36b18-groupManagement] INFO  server.RaftServer$Division (RaftServerImpl.java:setRole(329)) - d5652d2f-6525-48cf-9e21-3b5358e36b18@group-0864C0ACC566: changes role from      null to FOLLOWER at term 0 for startAsFollower
2023-06-06 14:29:50,287 [d5652d2f-6525-48cf-9e21-3b5358e36b18-groupManagement] INFO  impl.RoleInfo (RoleInfo.java:updateAndGet(139)) - d5652d2f-6525-48cf-9e21-3b5358e36b18: start d5652d2f-6525-48cf-9e21-3b5358e36b18@group-0864C0ACC566-FollowerState
2023-06-06 14:29:50,287 [d5652d2f-6525-48cf-9e21-3b5358e36b18-groupManagement] INFO  util.JmxRegister (JmxRegister.java:tryRegister(44)) - Successfully registered JMX Bean with object name Ratis:service=RaftServer,group=group-0864C0ACC566,id=d5652d2f-6525-48cf-9e21-3b5358e36b18
2023-06-06 14:29:50,287 [d5652d2f-6525-48cf-9e21-3b5358e36b18-groupManagement] INFO  server.RaftServerConfigKeys (ConfUtils.java:logGet(46)) - raft.server.snapshot.auto.trigger.enabled = true (custom)
2023-06-06 14:29:50,287 [d5652d2f-6525-48cf-9e21-3b5358e36b18-groupManagement] INFO  server.RaftServerConfigKeys (ConfUtils.java:logGet(46)) - raft.server.snapshot.auto.trigger.threshold = 10000 (custom)
2023-06-06 14:29:50,287 [d5652d2f-6525-48cf-9e21-3b5358e36b18-groupManagement] INFO  server.RaftServerConfigKeys (ConfUtils.java:logGet(46)) - raft.server.snapshot.retention.file.num = 5 (custom)
2023-06-06 14:29:50,288 [d5652d2f-6525-48cf-9e21-3b5358e36b18-groupManagement] INFO  server.RaftServerConfigKeys (ConfUtils.java:logGet(46)) - raft.server.log.purge.upto.snapshot.index = false (default)
2023-06-06 14:29:50,290 [PipelineCommandHandlerThread-0] INFO  ratis.XceiverServerRatis (XceiverServerRatis.java:addGroup(804)) - Created group PipelineID=59908650-9737-4829-8ccf-0864c0acc566
2023-06-06 14:29:50,290 [PipelineCommandHandlerThread-0] INFO  commandhandler.CreatePipelineCommandHandler (CreatePipelineCommandHandler.java:lambda$handle$2(124)) - Created Pipeline RATIS ONE PipelineID=59908650-9737-4829-8ccf-0864c0acc566.
2023-06-06 14:29:50,295 [d5652d2f-6525-48cf-9e21-3b5358e36b18@group-0864C0ACC566-FollowerState] INFO  server.RaftServerConfigKeys (ConfUtils.java:logFallback(53)) - raft.server.rpc.first-election.timeout.min = 5s (fallback to raft.server.rpc.timeout.min)
2023-06-06 14:29:50,295 [d5652d2f-6525-48cf-9e21-3b5358e36b18@group-0864C0ACC566-FollowerState] INFO  server.RaftServerConfigKeys (ConfUtils.java:logFallback(53)) - raft.server.rpc.first-election.timeout.max = 5200ms (fallback to raft.server.rpc.timeout.max)
2023-06-06 14:29:50,325 [PipelineCommandHandlerThread-0] INFO  commandhandler.CreatePipelineCommandHandler (CreatePipelineCommandHandler.java:lambda$handle$2(124)) - Created Pipeline RATIS THREE PipelineID=c416c1d6-d8df-4f7c-8296-54bc6014dd25.
2023-06-06 14:29:51,247 [Time-limited test] INFO  ozone.MiniOzoneClusterImpl (MiniOzoneClusterImpl.java:lambda$waitForClusterToBeReady$0(222)) - Nodes are ready. Got 3 of 3 DN Heartbeats.
2023-06-06 14:29:51,247 [Time-limited test] INFO  ozone.MiniOzoneClusterImpl (MiniOzoneClusterImpl.java:lambda$waitForClusterToBeReady$0(225)) - Waiting for cluster to exit safe mode
2023-06-06 14:29:51,247 [Time-limited test] INFO  ozone.MiniOzoneClusterImpl (MiniOzoneClusterImpl.java:lambda$waitForClusterToBeReady$0(227)) - SCM became leader
2023-06-06 14:29:52,247 [Time-limited test] INFO  ozone.MiniOzoneClusterImpl (MiniOzoneClusterImpl.java:lambda$waitForClusterToBeReady$0(222)) - Nodes are ready. Got 3 of 3 DN Heartbeats.
2023-06-06 14:29:52,247 [Time-limited test] INFO  ozone.MiniOzoneClusterImpl (MiniOzoneClusterImpl.java:lambda$waitForClusterToBeReady$0(225)) - Waiting for cluster to exit safe mode
2023-06-06 14:29:52,247 [Time-limited test] INFO  ozone.MiniOzoneClusterImpl (MiniOzoneClusterImpl.java:lambda$waitForClusterToBeReady$0(227)) - SCM became leader
2023-06-06 14:29:53,247 [Time-limited test] INFO  ozone.MiniOzoneClusterImpl (MiniOzoneClusterImpl.java:lambda$waitForClusterToBeReady$0(222)) - Nodes are ready. Got 3 of 3 DN Heartbeats.
2023-06-06 14:29:53,247 [Time-limited test] INFO  ozone.MiniOzoneClusterImpl (MiniOzoneClusterImpl.java:lambda$waitForClusterToBeReady$0(225)) - Waiting for cluster to exit safe mode
2023-06-06 14:29:53,247 [Time-limited test] INFO  ozone.MiniOzoneClusterImpl (MiniOzoneClusterImpl.java:lambda$waitForClusterToBeReady$0(227)) - SCM became leader
2023-06-06 14:29:54,248 [Time-limited test] INFO  ozone.MiniOzoneClusterImpl (MiniOzoneClusterImpl.java:lambda$waitForClusterToBeReady$0(222)) - Nodes are ready. Got 3 of 3 DN Heartbeats.
2023-06-06 14:29:54,248 [Time-limited test] INFO  ozone.MiniOzoneClusterImpl (MiniOzoneClusterImpl.java:lambda$waitForClusterToBeReady$0(225)) - Waiting for cluster to exit safe mode
2023-06-06 14:29:54,248 [Time-limited test] INFO  ozone.MiniOzoneClusterImpl (MiniOzoneClusterImpl.java:lambda$waitForClusterToBeReady$0(227)) - SCM became leader
2023-06-06 14:29:54,695 [6a44a47c-c3cb-455f-a4b0-0f80624e99c4@group-DFB8EDD51C97-FollowerState] INFO  impl.FollowerState (FollowerState.java:run(143)) - 6a44a47c-c3cb-455f-a4b0-0f80624e99c4@group-DFB8EDD51C97-FollowerState: change to CANDIDATE, lastRpcElapsedTime:5006005952ns, electionTimeout:5005ms
2023-06-06 14:29:54,695 [6a44a47c-c3cb-455f-a4b0-0f80624e99c4@group-DFB8EDD51C97-FollowerState] INFO  impl.RoleInfo (RoleInfo.java:shutdownFollowerState(110)) - 6a44a47c-c3cb-455f-a4b0-0f80624e99c4: shutdown 6a44a47c-c3cb-455f-a4b0-0f80624e99c4@group-DFB8EDD51C97-FollowerState
2023-06-06 14:29:54,695 [6a44a47c-c3cb-455f-a4b0-0f80624e99c4@group-DFB8EDD51C97-FollowerState] INFO  server.RaftServer$Division (RaftServerImpl.java:setRole(329)) - 6a44a47c-c3cb-455f-a4b0-0f80624e99c4@group-DFB8EDD51C97: changes role from  FOLLOWER to CANDIDATE at term 0 for changeToCandidate
2023-06-06 14:29:54,695 [6a44a47c-c3cb-455f-a4b0-0f80624e99c4@group-DFB8EDD51C97-FollowerState] INFO  server.RaftServerConfigKeys (ConfUtils.java:logGet(46)) - raft.server.leaderelection.pre-vote = true (default)
2023-06-06 14:29:54,695 [6a44a47c-c3cb-455f-a4b0-0f80624e99c4@group-DFB8EDD51C97-FollowerState] INFO  impl.RoleInfo (RoleInfo.java:updateAndGet(139)) - 6a44a47c-c3cb-455f-a4b0-0f80624e99c4: start 6a44a47c-c3cb-455f-a4b0-0f80624e99c4@group-DFB8EDD51C97-LeaderElection45
2023-06-06 14:29:54,699 [6a44a47c-c3cb-455f-a4b0-0f80624e99c4@group-DFB8EDD51C97-LeaderElection45] INFO  impl.LeaderElection (LeaderElection.java:askForVotes(321)) - 6a44a47c-c3cb-455f-a4b0-0f80624e99c4@group-DFB8EDD51C97-LeaderElection45 PRE_VOTE round 0: submit vote requests at term 0 for -1: peers:[6a44a47c-c3cb-455f-a4b0-0f80624e99c4|rpc:10.1.0.37:15223|admin:10.1.0.37:15222|client:10.1.0.37:15221|dataStream:10.1.0.37:15224|priority:1|startupRole:FOLLOWER]|listeners:[], old=null
2023-06-06 14:29:54,699 [6a44a47c-c3cb-455f-a4b0-0f80624e99c4@group-DFB8EDD51C97-LeaderElection45] INFO  impl.LeaderElection (LeaderElection.java:askForVotes(323)) - 6a44a47c-c3cb-455f-a4b0-0f80624e99c4@group-DFB8EDD51C97-LeaderElection45 PRE_VOTE round 0: result PASSED (term=0)
2023-06-06 14:29:54,701 [6a44a47c-c3cb-455f-a4b0-0f80624e99c4@group-DFB8EDD51C97-LeaderElection45] INFO  impl.LeaderElection (LeaderElection.java:askForVotes(321)) - 6a44a47c-c3cb-455f-a4b0-0f80624e99c4@group-DFB8EDD51C97-LeaderElection45 ELECTION round 0: submit vote requests at term 1 for -1: peers:[6a44a47c-c3cb-455f-a4b0-0f80624e99c4|rpc:10.1.0.37:15223|admin:10.1.0.37:15222|client:10.1.0.37:15221|dataStream:10.1.0.37:15224|priority:1|startupRole:FOLLOWER]|listeners:[], old=null
2023-06-06 14:29:54,701 [6a44a47c-c3cb-455f-a4b0-0f80624e99c4@group-DFB8EDD51C97-LeaderElection45] INFO  impl.LeaderElection (LeaderElection.java:askForVotes(323)) - 6a44a47c-c3cb-455f-a4b0-0f80624e99c4@group-DFB8EDD51C97-LeaderElection45 ELECTION round 0: result PASSED (term=1)
2023-06-06 14:29:54,701 [6a44a47c-c3cb-455f-a4b0-0f80624e99c4@group-DFB8EDD51C97-LeaderElection45] INFO  impl.RoleInfo (RoleInfo.java:shutdownLeaderElection(130)) - 6a44a47c-c3cb-455f-a4b0-0f80624e99c4: shutdown 6a44a47c-c3cb-455f-a4b0-0f80624e99c4@group-DFB8EDD51C97-LeaderElection45
2023-06-06 14:29:54,701 [6a44a47c-c3cb-455f-a4b0-0f80624e99c4@group-DFB8EDD51C97-LeaderElection45] INFO  server.RaftServer$Division (RaftServerImpl.java:setRole(329)) - 6a44a47c-c3cb-455f-a4b0-0f80624e99c4@group-DFB8EDD51C97: changes role from CANDIDATE to LEADER at term 1 for changeToLeader
2023-06-06 14:29:54,701 [6a44a47c-c3cb-455f-a4b0-0f80624e99c4@group-DFB8EDD51C97-LeaderElection45] INFO  ratis.XceiverServerRatis (XceiverServerRatis.java:handleLeaderChangedNotification(902)) - Leader change notification received for group: group-DFB8EDD51C97 with new leaderId: 6a44a47c-c3cb-455f-a4b0-0f80624e99c4
2023-06-06 14:29:54,701 [6a44a47c-c3cb-455f-a4b0-0f80624e99c4@group-DFB8EDD51C97-LeaderElection45] INFO  server.RaftServer$Division (ServerState.java:setLeader(317)) - 6a44a47c-c3cb-455f-a4b0-0f80624e99c4@group-DFB8EDD51C97: change Leader from null to 6a44a47c-c3cb-455f-a4b0-0f80624e99c4 at term 1 for becomeLeader, leader elected after 5027ms
2023-06-06 14:29:54,701 [6a44a47c-c3cb-455f-a4b0-0f80624e99c4@group-DFB8EDD51C97-LeaderElection45] INFO  server.RaftServerConfigKeys (ConfUtils.java:logGet(46)) - raft.server.staging.catchup.gap = 1000 (default)
2023-06-06 14:29:54,701 [6a44a47c-c3cb-455f-a4b0-0f80624e99c4@group-DFB8EDD51C97-LeaderElection45] INFO  server.RaftServerConfigKeys (ConfUtils.java:logGet(46)) - raft.server.write.element-limit = 1024 (custom)
2023-06-06 14:29:54,701 [6a44a47c-c3cb-455f-a4b0-0f80624e99c4@group-DFB8EDD51C97-LeaderElection45] INFO  server.RaftServerConfigKeys (ConfUtils.java:logGet(46)) - raft.server.write.byte-limit = 1024 M (=1073741824) (custom)
2023-06-06 14:29:54,702 [6a44a47c-c3cb-455f-a4b0-0f80624e99c4@group-DFB8EDD51C97-LeaderElection45] INFO  server.RaftServerConfigKeys (ConfUtils.java:logGet(46)) - raft.server.watch.timeout = 180s (custom)
2023-06-06 14:29:54,702 [6a44a47c-c3cb-455f-a4b0-0f80624e99c4@group-DFB8EDD51C97-LeaderElection45] INFO  server.RaftServerConfigKeys (ConfUtils.java:logGet(46)) - raft.server.watch.timeout.denomination = 1s (default)
2023-06-06 14:29:54,702 [6a44a47c-c3cb-455f-a4b0-0f80624e99c4@group-DFB8EDD51C97-LeaderElection45] INFO  server.RaftServerConfigKeys (ConfUtils.java:logGet(46)) - raft.server.watch.element-limit = 65536 (default)
2023-06-06 14:29:54,702 [6a44a47c-c3cb-455f-a4b0-0f80624e99c4@group-DFB8EDD51C97-LeaderElection45] INFO  server.RaftServerConfigKeys (ConfUtils.java:logGet(46)) - raft.server.write.element-limit = 1024 (custom)
2023-06-06 14:29:54,702 [6a44a47c-c3cb-455f-a4b0-0f80624e99c4@group-DFB8EDD51C97-LeaderElection45] INFO  server.RaftServerConfigKeys (ConfUtils.java:logGet(46)) - raft.server.write.follower.gap.ratio.max = -1.0 (default)
2023-06-06 14:29:54,702 [6a44a47c-c3cb-455f-a4b0-0f80624e99c4@group-DFB8EDD51C97-LeaderElection45] INFO  impl.RoleInfo (RoleInfo.java:updateAndGet(139)) - 6a44a47c-c3cb-455f-a4b0-0f80624e99c4: start 6a44a47c-c3cb-455f-a4b0-0f80624e99c4@group-DFB8EDD51C97-LeaderStateImpl
2023-06-06 14:29:54,702 [6a44a47c-c3cb-455f-a4b0-0f80624e99c4@group-DFB8EDD51C97-LeaderElection45] INFO  segmented.SegmentedRaftLogWorker (SegmentedRaftLogWorker.java:startLogSegment(447)) - 6a44a47c-c3cb-455f-a4b0-0f80624e99c4@group-DFB8EDD51C97-SegmentedRaftLogWorker: Starting segment from index:0
2023-06-06 14:29:54,708 [6a44a47c-c3cb-455f-a4b0-0f80624e99c4@group-DFB8EDD51C97-LeaderElection45] INFO  server.RaftServer$Division (ServerState.java:setRaftConf(434)) - 6a44a47c-c3cb-455f-a4b0-0f80624e99c4@group-DFB8EDD51C97: set configuration 0: peers:[6a44a47c-c3cb-455f-a4b0-0f80624e99c4|rpc:10.1.0.37:15223|admin:10.1.0.37:15222|client:10.1.0.37:15221|dataStream:10.1.0.37:15224|priority:1|startupRole:FOLLOWER]|listeners:[], old=null
2023-06-06 14:29:54,710 [EventQueue-OpenPipelineForHealthyPipelineSafeModeRule] INFO  safemode.SCMSafeModeManager (HealthyPipelineSafeModeRule.java:process(137)) - SCM in safe mode. Healthy pipelines reported count is 0, required healthy pipeline reported count is 1
2023-06-06 14:29:54,712 [6a44a47c-c3cb-455f-a4b0-0f80624e99c4@group-DFB8EDD51C97-SegmentedRaftLogWorker] INFO  segmented.SegmentedRaftLogWorker (SegmentedRaftLogWorker.java:execute(651)) - 6a44a47c-c3cb-455f-a4b0-0f80624e99c4@group-DFB8EDD51C97-SegmentedRaftLogWorker: created new log segment /home/runner/work/ozone/ozone/hadoop-ozone/integration-test/target/test-dir/MiniOzoneClusterImpl-361cfd0c-44c3-4879-9ed3-7c7372459855/datanode-0/data/ratis/ab491664-2b24-4296-9af6-dfb8edd51c97/current/log_inprogress_0
2023-06-06 14:29:54,807 [d5652d2f-6525-48cf-9e21-3b5358e36b18@group-F1BF15834408-FollowerState] INFO  impl.FollowerState (FollowerState.java:run(143)) - d5652d2f-6525-48cf-9e21-3b5358e36b18@group-F1BF15834408-FollowerState: change to CANDIDATE, lastRpcElapsedTime:5069081864ns, electionTimeout:5068ms
2023-06-06 14:29:54,807 [d5652d2f-6525-48cf-9e21-3b5358e36b18@group-F1BF15834408-FollowerState] INFO  impl.RoleInfo (RoleInfo.java:shutdownFollowerState(110)) - d5652d2f-6525-48cf-9e21-3b5358e36b18: shutdown d5652d2f-6525-48cf-9e21-3b5358e36b18@group-F1BF15834408-FollowerState
2023-06-06 14:29:54,807 [d5652d2f-6525-48cf-9e21-3b5358e36b18@group-F1BF15834408-FollowerState] INFO  server.RaftServer$Division (RaftServerImpl.java:setRole(329)) - d5652d2f-6525-48cf-9e21-3b5358e36b18@group-F1BF15834408: changes role from  FOLLOWER to CANDIDATE at term 0 for changeToCandidate
2023-06-06 14:29:54,807 [d5652d2f-6525-48cf-9e21-3b5358e36b18@group-F1BF15834408-FollowerState] INFO  server.RaftServerConfigKeys (ConfUtils.java:logGet(46)) - raft.server.leaderelection.pre-vote = true (default)
2023-06-06 14:29:54,807 [d5652d2f-6525-48cf-9e21-3b5358e36b18@group-F1BF15834408-FollowerState] INFO  impl.RoleInfo (RoleInfo.java:updateAndGet(139)) - d5652d2f-6525-48cf-9e21-3b5358e36b18: start d5652d2f-6525-48cf-9e21-3b5358e36b18@group-F1BF15834408-LeaderElection46
2023-06-06 14:29:54,809 [d5652d2f-6525-48cf-9e21-3b5358e36b18@group-F1BF15834408-LeaderElection46] INFO  impl.LeaderElection (LeaderElection.java:askForVotes(321)) - d5652d2f-6525-48cf-9e21-3b5358e36b18@group-F1BF15834408-LeaderElection46 PRE_VOTE round 0: submit vote requests at term 0 for -1: peers:[5eef21ad-902e-47ea-91c0-32e633c63544|rpc:10.1.0.37:15232|admin:10.1.0.37:15231|client:10.1.0.37:15230|dataStream:10.1.0.37:15233|priority:1|startupRole:FOLLOWER, 6a44a47c-c3cb-455f-a4b0-0f80624e99c4|rpc:10.1.0.37:15223|admin:10.1.0.37:15222|client:10.1.0.37:15221|dataStream:10.1.0.37:15224|priority:0|startupRole:FOLLOWER, d5652d2f-6525-48cf-9e21-3b5358e36b18|rpc:10.1.0.37:15241|admin:10.1.0.37:15240|client:10.1.0.37:15239|dataStream:10.1.0.37:15242|priority:0|startupRole:FOLLOWER]|listeners:[], old=null
2023-06-06 14:29:54,810 [d5652d2f-6525-48cf-9e21-3b5358e36b18@group-F1BF15834408-LeaderElection46] INFO  server.RaftServerConfigKeys (ConfUtils.java:logFallback(53)) - raft.server.rpc.first-election.timeout.min = 5s (fallback to raft.server.rpc.timeout.min)
2023-06-06 14:29:54,810 [d5652d2f-6525-48cf-9e21-3b5358e36b18@group-F1BF15834408-LeaderElection46-1] INFO  server.GrpcServerProtocolClient (GrpcServerProtocolClient.java:<init>(65)) - Build channel for 5eef21ad-902e-47ea-91c0-32e633c63544
2023-06-06 14:29:54,810 [d5652d2f-6525-48cf-9e21-3b5358e36b18@group-F1BF15834408-LeaderElection46] INFO  server.RaftServerConfigKeys (ConfUtils.java:logFallback(53)) - raft.server.rpc.first-election.timeout.max = 5200ms (fallback to raft.server.rpc.timeout.max)
2023-06-06 14:29:54,810 [d5652d2f-6525-48cf-9e21-3b5358e36b18@group-F1BF15834408-LeaderElection46-2] INFO  server.GrpcServerProtocolClient (GrpcServerProtocolClient.java:<init>(65)) - Build channel for 6a44a47c-c3cb-455f-a4b0-0f80624e99c4
2023-06-06 14:29:54,819 [grpc-default-executor-0] INFO  server.RaftServer$Division (RaftServerImpl.java:requestVote(1302)) - 5eef21ad-902e-47ea-91c0-32e633c63544@group-F1BF15834408: receive requestVote(PRE_VOTE, d5652d2f-6525-48cf-9e21-3b5358e36b18, group-F1BF15834408, 0, (t:0, i:0))
2023-06-06 14:29:54,819 [grpc-default-executor-0] INFO  impl.VoteContext (VoteContext.java:log(49)) - 5eef21ad-902e-47ea-91c0-32e633c63544@group-F1BF15834408-FOLLOWER: reject PRE_VOTE from d5652d2f-6525-48cf-9e21-3b5358e36b18: our priority 1 > candidate's priority 0
2023-06-06 14:29:54,820 [grpc-default-executor-0] INFO  server.RaftServer$Division (RaftServerImpl.java:requestVote(1335)) - 5eef21ad-902e-47ea-91c0-32e633c63544@group-F1BF15834408 replies to PRE_VOTE vote request: d5652d2f-6525-48cf-9e21-3b5358e36b18<-5eef21ad-902e-47ea-91c0-32e633c63544#0:FAIL-t0. Peer's state: 5eef21ad-902e-47ea-91c0-32e633c63544@group-F1BF15834408:t0, leader=null, voted=, raftlog=Memoized:5eef21ad-902e-47ea-91c0-32e633c63544@group-F1BF15834408-SegmentedRaftLog:OPENED:c-1, conf=-1: peers:[5eef21ad-902e-47ea-91c0-32e633c63544|rpc:10.1.0.37:15232|admin:10.1.0.37:15231|client:10.1.0.37:15230|dataStream:10.1.0.37:15233|priority:1|startupRole:FOLLOWER, 6a44a47c-c3cb-455f-a4b0-0f80624e99c4|rpc:10.1.0.37:15223|admin:10.1.0.37:15222|client:10.1.0.37:15221|dataStream:10.1.0.37:15224|priority:0|startupRole:FOLLOWER, d5652d2f-6525-48cf-9e21-3b5358e36b18|rpc:10.1.0.37:15241|admin:10.1.0.37:15240|client:10.1.0.37:15239|dataStream:10.1.0.37:15242|priority:0|startupRole:FOLLOWER]|listeners:[], old=null
2023-06-06 14:29:54,826 [grpc-default-executor-0] INFO  server.RaftServer$Division (RaftServerImpl.java:requestVote(1302)) - 6a44a47c-c3cb-455f-a4b0-0f80624e99c4@group-F1BF15834408: receive requestVote(PRE_VOTE, d5652d2f-6525-48cf-9e21-3b5358e36b18, group-F1BF15834408, 0, (t:0, i:0))
2023-06-06 14:29:54,826 [grpc-default-executor-0] INFO  impl.VoteContext (VoteContext.java:log(49)) - 6a44a47c-c3cb-455f-a4b0-0f80624e99c4@group-F1BF15834408-FOLLOWER: accept PRE_VOTE from d5652d2f-6525-48cf-9e21-3b5358e36b18: our priority 0 <= candidate's priority 0
2023-06-06 14:29:54,826 [grpc-default-executor-0] INFO  server.RaftServer$Division (RaftServerImpl.java:requestVote(1335)) - 6a44a47c-c3cb-455f-a4b0-0f80624e99c4@group-F1BF15834408 replies to PRE_VOTE vote request: d5652d2f-6525-48cf-9e21-3b5358e36b18<-6a44a47c-c3cb-455f-a4b0-0f80624e99c4#0:OK-t0. Peer's state: 6a44a47c-c3cb-455f-a4b0-0f80624e99c4@group-F1BF15834408:t0, leader=null, voted=, raftlog=Memoized:6a44a47c-c3cb-455f-a4b0-0f80624e99c4@group-F1BF15834408-SegmentedRaftLog:OPENED:c-1, conf=-1: peers:[5eef21ad-902e-47ea-91c0-32e633c63544|rpc:10.1.0.37:15232|admin:10.1.0.37:15231|client:10.1.0.37:15230|dataStream:10.1.0.37:15233|priority:1|startupRole:FOLLOWER, 6a44a47c-c3cb-455f-a4b0-0f80624e99c4|rpc:10.1.0.37:15223|admin:10.1.0.37:15222|client:10.1.0.37:15221|dataStream:10.1.0.37:15224|priority:0|startupRole:FOLLOWER, d5652d2f-6525-48cf-9e21-3b5358e36b18|rpc:10.1.0.37:15241|admin:10.1.0.37:15240|client:10.1.0.37:15239|dataStream:10.1.0.37:15242|priority:0|startupRole:FOLLOWER]|listeners:[], old=null
2023-06-06 14:29:54,828 [d5652d2f-6525-48cf-9e21-3b5358e36b18@group-F1BF15834408-LeaderElection46] INFO  impl.LeaderElection (LeaderElection.java:logAndReturn(90)) - d5652d2f-6525-48cf-9e21-3b5358e36b18@group-F1BF15834408-LeaderElection46: PRE_VOTE REJECTED received 1 response(s) and 0 exception(s):
2023-06-06 14:29:54,828 [d5652d2f-6525-48cf-9e21-3b5358e36b18@group-F1BF15834408-LeaderElection46] INFO  impl.LeaderElection (LeaderElection.java:logAndReturn(94)) -   Response 0: d5652d2f-6525-48cf-9e21-3b5358e36b18<-5eef21ad-902e-47ea-91c0-32e633c63544#0:FAIL-t0
2023-06-06 14:29:54,828 [d5652d2f-6525-48cf-9e21-3b5358e36b18@group-F1BF15834408-LeaderElection46] INFO  impl.LeaderElection (LeaderElection.java:askForVotes(323)) - d5652d2f-6525-48cf-9e21-3b5358e36b18@group-F1BF15834408-LeaderElection46 PRE_VOTE round 0: result REJECTED
2023-06-06 14:29:54,828 [d5652d2f-6525-48cf-9e21-3b5358e36b18@group-F1BF15834408-LeaderElection46] INFO  server.RaftServer$Division (RaftServerImpl.java:setRole(329)) - d5652d2f-6525-48cf-9e21-3b5358e36b18@group-F1BF15834408: changes role from CANDIDATE to FOLLOWER at term 0 for REJECTED
2023-06-06 14:29:54,828 [d5652d2f-6525-48cf-9e21-3b5358e36b18@group-F1BF15834408-LeaderElection46] INFO  impl.RoleInfo (RoleInfo.java:shutdownLeaderElection(130)) - d5652d2f-6525-48cf-9e21-3b5358e36b18: shutdown d5652d2f-6525-48cf-9e21-3b5358e36b18@group-F1BF15834408-LeaderElection46
2023-06-06 14:29:54,828 [d5652d2f-6525-48cf-9e21-3b5358e36b18@group-F1BF15834408-LeaderElection46] INFO  impl.RoleInfo (RoleInfo.java:updateAndGet(139)) - d5652d2f-6525-48cf-9e21-3b5358e36b18: start d5652d2f-6525-48cf-9e21-3b5358e36b18@group-F1BF15834408-FollowerState
2023-06-06 14:29:54,853 [5eef21ad-902e-47ea-91c0-32e633c63544@group-F1BF15834408-FollowerState] INFO  impl.FollowerState (FollowerState.java:run(143)) - 5eef21ad-902e-47ea-91c0-32e633c63544@group-F1BF15834408-FollowerState: change to CANDIDATE, lastRpcElapsedTime:5077882260ns, electionTimeout:5076ms
2023-06-06 14:29:54,853 [5eef21ad-902e-47ea-91c0-32e633c63544@group-F1BF15834408-FollowerState] INFO  impl.RoleInfo (RoleInfo.java:shutdownFollowerState(110)) - 5eef21ad-902e-47ea-91c0-32e633c63544: shutdown 5eef21ad-902e-47ea-91c0-32e633c63544@group-F1BF15834408-FollowerState
2023-06-06 14:29:54,853 [5eef21ad-902e-47ea-91c0-32e633c63544@group-F1BF15834408-FollowerState] INFO  server.RaftServer$Division (RaftServerImpl.java:setRole(329)) - 5eef21ad-902e-47ea-91c0-32e633c63544@group-F1BF15834408: changes role from  FOLLOWER to CANDIDATE at term 0 for changeToCandidate
2023-06-06 14:29:54,854 [5eef21ad-902e-47ea-91c0-32e633c63544@group-F1BF15834408-FollowerState] INFO  server.RaftServerConfigKeys (ConfUtils.java:logGet(46)) - raft.server.leaderelection.pre-vote = true (default)
2023-06-06 14:29:54,854 [5eef21ad-902e-47ea-91c0-32e633c63544@group-F1BF15834408-FollowerState] INFO  impl.RoleInfo (RoleInfo.java:updateAndGet(139)) - 5eef21ad-902e-47ea-91c0-32e633c63544: start 5eef21ad-902e-47ea-91c0-32e633c63544@group-F1BF15834408-LeaderElection47
2023-06-06 14:29:54,854 [5eef21ad-902e-47ea-91c0-32e633c63544@group-F1BF15834408-LeaderElection47] INFO  impl.LeaderElection (LeaderElection.java:askForVotes(321)) - 5eef21ad-902e-47ea-91c0-32e633c63544@group-F1BF15834408-LeaderElection47 PRE_VOTE round 0: submit vote requests at term 0 for -1: peers:[5eef21ad-902e-47ea-91c0-32e633c63544|rpc:10.1.0.37:15232|admin:10.1.0.37:15231|client:10.1.0.37:15230|dataStream:10.1.0.37:15233|priority:1|startupRole:FOLLOWER, 6a44a47c-c3cb-455f-a4b0-0f80624e99c4|rpc:10.1.0.37:15223|admin:10.1.0.37:15222|client:10.1.0.37:15221|dataStream:10.1.0.37:15224|priority:0|startupRole:FOLLOWER, d5652d2f-6525-48cf-9e21-3b5358e36b18|rpc:10.1.0.37:15241|admin:10.1.0.37:15240|client:10.1.0.37:15239|dataStream:10.1.0.37:15242|priority:0|startupRole:FOLLOWER]|listeners:[], old=null
2023-06-06 14:29:54,855 [5eef21ad-902e-47ea-91c0-32e633c63544@group-F1BF15834408-LeaderElection47-1] INFO  server.GrpcServerProtocolClient (GrpcServerProtocolClient.java:<init>(65)) - Build channel for 6a44a47c-c3cb-455f-a4b0-0f80624e99c4
2023-06-06 14:29:54,855 [5eef21ad-902e-47ea-91c0-32e633c63544@group-F1BF15834408-LeaderElection47] INFO  server.RaftServerConfigKeys (ConfUtils.java:logFallback(53)) - raft.server.rpc.first-election.timeout.min = 5s (fallback to raft.server.rpc.timeout.min)
2023-06-06 14:29:54,855 [5eef21ad-902e-47ea-91c0-32e633c63544@group-F1BF15834408-LeaderElection47] INFO  server.RaftServerConfigKeys (ConfUtils.java:logFallback(53)) - raft.server.rpc.first-election.timeout.max = 5200ms (fallback to raft.server.rpc.timeout.max)
2023-06-06 14:29:54,855 [5eef21ad-902e-47ea-91c0-32e633c63544@group-F1BF15834408-LeaderElection47-2] INFO  server.GrpcServerProtocolClient (GrpcServerProtocolClient.java:<init>(65)) - Build channel for d5652d2f-6525-48cf-9e21-3b5358e36b18
2023-06-06 14:29:54,862 [grpc-default-executor-0] INFO  server.RaftServer$Division (RaftServerImpl.java:requestVote(1302)) - d5652d2f-6525-48cf-9e21-3b5358e36b18@group-F1BF15834408: receive requestVote(PRE_VOTE, 5eef21ad-902e-47ea-91c0-32e633c63544, group-F1BF15834408, 0, (t:0, i:0))
2023-06-06 14:29:54,862 [grpc-default-executor-0] INFO  impl.VoteContext (VoteContext.java:log(49)) - d5652d2f-6525-48cf-9e21-3b5358e36b18@group-F1BF15834408-FOLLOWER: accept PRE_VOTE from 5eef21ad-902e-47ea-91c0-32e633c63544: our priority 0 <= candidate's priority 1
2023-06-06 14:29:54,863 [grpc-default-executor-0] INFO  server.RaftServer$Division (RaftServerImpl.java:requestVote(1335)) - d5652d2f-6525-48cf-9e21-3b5358e36b18@group-F1BF15834408 replies to PRE_VOTE vote request: 5eef21ad-902e-47ea-91c0-32e633c63544<-d5652d2f-6525-48cf-9e21-3b5358e36b18#0:OK-t0. Peer's state: d5652d2f-6525-48cf-9e21-3b5358e36b18@group-F1BF15834408:t0, leader=null, voted=, raftlog=Memoized:d5652d2f-6525-48cf-9e21-3b5358e36b18@group-F1BF15834408-SegmentedRaftLog:OPENED:c-1, conf=-1: peers:[5eef21ad-902e-47ea-91c0-32e633c63544|rpc:10.1.0.37:15232|admin:10.1.0.37:15231|client:10.1.0.37:15230|dataStream:10.1.0.37:15233|priority:1|startupRole:FOLLOWER, 6a44a47c-c3cb-455f-a4b0-0f80624e99c4|rpc:10.1.0.37:15223|admin:10.1.0.37:15222|client:10.1.0.37:15221|dataStream:10.1.0.37:15224|priority:0|startupRole:FOLLOWER, d5652d2f-6525-48cf-9e21-3b5358e36b18|rpc:10.1.0.37:15241|admin:10.1.0.37:15240|client:10.1.0.37:15239|dataStream:10.1.0.37:15242|priority:0|startupRole:FOLLOWER]|listeners:[], old=null
2023-06-06 14:29:54,865 [5eef21ad-902e-47ea-91c0-32e633c63544@group-F1BF15834408-LeaderElection47] INFO  impl.LeaderElection (LeaderElection.java:logAndReturn(90)) - 5eef21ad-902e-47ea-91c0-32e633c63544@group-F1BF15834408-LeaderElection47: PRE_VOTE PASSED received 1 response(s) and 0 exception(s):
2023-06-06 14:29:54,865 [5eef21ad-902e-47ea-91c0-32e633c63544@group-F1BF15834408-LeaderElection47] INFO  impl.LeaderElection (LeaderElection.java:logAndReturn(94)) -   Response 0: 5eef21ad-902e-47ea-91c0-32e633c63544<-d5652d2f-6525-48cf-9e21-3b5358e36b18#0:OK-t0
2023-06-06 14:29:54,865 [5eef21ad-902e-47ea-91c0-32e633c63544@group-F1BF15834408-LeaderElection47] INFO  impl.LeaderElection (LeaderElection.java:askForVotes(323)) - 5eef21ad-902e-47ea-91c0-32e633c63544@group-F1BF15834408-LeaderElection47 PRE_VOTE round 0: result PASSED
2023-06-06 14:29:54,867 [6a44a47c-c3cb-455f-a4b0-0f80624e99c4@group-F1BF15834408-FollowerState] INFO  server.RaftServerConfigKeys (ConfUtils.java:logFallback(53)) - raft.server.rpc.first-election.timeout.min = 5s (fallback to raft.server.rpc.timeout.min)
2023-06-06 14:29:54,867 [6a44a47c-c3cb-455f-a4b0-0f80624e99c4@group-F1BF15834408-FollowerState] INFO  server.RaftServerConfigKeys (ConfUtils.java:logFallback(53)) - raft.server.rpc.first-election.timeout.max = 5200ms (fallback to raft.server.rpc.timeout.max)
2023-06-06 14:29:54,867 [5eef21ad-902e-47ea-91c0-32e633c63544@group-F1BF15834408-LeaderElection47] INFO  impl.LeaderElection (LeaderElection.java:askForVotes(321)) - 5eef21ad-902e-47ea-91c0-32e633c63544@group-F1BF15834408-LeaderElection47 ELECTION round 0: submit vote requests at term 1 for -1: peers:[5eef21ad-902e-47ea-91c0-32e633c63544|rpc:10.1.0.37:15232|admin:10.1.0.37:15231|client:10.1.0.37:15230|dataStream:10.1.0.37:15233|priority:1|startupRole:FOLLOWER, 6a44a47c-c3cb-455f-a4b0-0f80624e99c4|rpc:10.1.0.37:15223|admin:10.1.0.37:15222|client:10.1.0.37:15221|dataStream:10.1.0.37:15224|priority:0|startupRole:FOLLOWER, d5652d2f-6525-48cf-9e21-3b5358e36b18|rpc:10.1.0.37:15241|admin:10.1.0.37:15240|client:10.1.0.37:15239|dataStream:10.1.0.37:15242|priority:0|startupRole:FOLLOWER]|listeners:[], old=null
2023-06-06 14:29:54,867 [5eef21ad-902e-47ea-91c0-32e633c63544@group-F1BF15834408-LeaderElection47] INFO  server.RaftServerConfigKeys (ConfUtils.java:logFallback(53)) - raft.server.rpc.first-election.timeout.min = 5s (fallback to raft.server.rpc.timeout.min)
2023-06-06 14:29:54,867 [5eef21ad-902e-47ea-91c0-32e633c63544@group-F1BF15834408-LeaderElection47] INFO  server.RaftServerConfigKeys (ConfUtils.java:logFallback(53)) - raft.server.rpc.first-election.timeout.max = 5200ms (fallback to raft.server.rpc.timeout.max)
2023-06-06 14:29:54,869 [grpc-default-executor-0] INFO  server.RaftServer$Division (RaftServerImpl.java:requestVote(1302)) - 6a44a47c-c3cb-455f-a4b0-0f80624e99c4@group-F1BF15834408: receive requestVote(ELECTION, 5eef21ad-902e-47ea-91c0-32e633c63544, group-F1BF15834408, 1, (t:0, i:0))
2023-06-06 14:29:54,870 [grpc-default-executor-0] INFO  impl.VoteContext (VoteContext.java:log(49)) - 6a44a47c-c3cb-455f-a4b0-0f80624e99c4@group-F1BF15834408-FOLLOWER: accept ELECTION from 5eef21ad-902e-47ea-91c0-32e633c63544: our priority 0 <= candidate's priority 1
2023-06-06 14:29:54,870 [grpc-default-executor-0] INFO  server.RaftServer$Division (RaftServerImpl.java:setRole(329)) - 6a44a47c-c3cb-455f-a4b0-0f80624e99c4@group-F1BF15834408: changes role from  FOLLOWER to FOLLOWER at term 1 for candidate:5eef21ad-902e-47ea-91c0-32e633c63544
2023-06-06 14:29:54,870 [grpc-default-executor-0] INFO  impl.RoleInfo (RoleInfo.java:shutdownFollowerState(110)) - 6a44a47c-c3cb-455f-a4b0-0f80624e99c4: shutdown 6a44a47c-c3cb-455f-a4b0-0f80624e99c4@group-F1BF15834408-FollowerState
2023-06-06 14:29:54,870 [grpc-default-executor-0] INFO  impl.RoleInfo (RoleInfo.java:updateAndGet(139)) - 6a44a47c-c3cb-455f-a4b0-0f80624e99c4: start 6a44a47c-c3cb-455f-a4b0-0f80624e99c4@group-F1BF15834408-FollowerState
2023-06-06 14:29:54,870 [6a44a47c-c3cb-455f-a4b0-0f80624e99c4@group-F1BF15834408-FollowerState] INFO  impl.FollowerState (FollowerState.java:run(152)) - 6a44a47c-c3cb-455f-a4b0-0f80624e99c4@group-F1BF15834408-FollowerState was interrupted
2023-06-06 14:29:54,870 [grpc-default-executor-1] INFO  server.RaftServer$Division (RaftServerImpl.java:requestVote(1302)) - 6a44a47c-c3cb-455f-a4b0-0f80624e99c4@group-F1BF15834408: receive requestVote(PRE_VOTE, 5eef21ad-902e-47ea-91c0-32e633c63544, group-F1BF15834408, 0, (t:0, i:0))
2023-06-06 14:29:54,874 [grpc-default-executor-0] INFO  server.RaftServer$Division (RaftServerImpl.java:requestVote(1335)) - 6a44a47c-c3cb-455f-a4b0-0f80624e99c4@group-F1BF15834408 replies to ELECTION vote request: 5eef21ad-902e-47ea-91c0-32e633c63544<-6a44a47c-c3cb-455f-a4b0-0f80624e99c4#0:OK-t1. Peer's state: 6a44a47c-c3cb-455f-a4b0-0f80624e99c4@group-F1BF15834408:t1, leader=null, voted=5eef21ad-902e-47ea-91c0-32e633c63544, raftlog=Memoized:6a44a47c-c3cb-455f-a4b0-0f80624e99c4@group-F1BF15834408-SegmentedRaftLog:OPENED:c-1, conf=-1: peers:[5eef21ad-902e-47ea-91c0-32e633c63544|rpc:10.1.0.37:15232|admin:10.1.0.37:15231|client:10.1.0.37:15230|dataStream:10.1.0.37:15233|priority:1|startupRole:FOLLOWER, 6a44a47c-c3cb-455f-a4b0-0f80624e99c4|rpc:10.1.0.37:15223|admin:10.1.0.37:15222|client:10.1.0.37:15221|dataStream:10.1.0.37:15224|priority:0|startupRole:FOLLOWER, d5652d2f-6525-48cf-9e21-3b5358e36b18|rpc:10.1.0.37:15241|admin:10.1.0.37:15240|client:10.1.0.37:15239|dataStream:10.1.0.37:15242|priority:0|startupRole:FOLLOWER]|listeners:[], old=null
2023-06-06 14:29:54,874 [grpc-default-executor-1] INFO  impl.VoteContext (VoteContext.java:log(49)) - 6a44a47c-c3cb-455f-a4b0-0f80624e99c4@group-F1BF15834408-FOLLOWER: accept PRE_VOTE from 5eef21ad-902e-47ea-91c0-32e633c63544: our priority 0 <= candidate's priority 1
2023-06-06 14:29:54,875 [grpc-default-executor-1] INFO  server.RaftServer$Division (RaftServerImpl.java:requestVote(1335)) - 6a44a47c-c3cb-455f-a4b0-0f80624e99c4@group-F1BF15834408 replies to PRE_VOTE vote request: 5eef21ad-902e-47ea-91c0-32e633c63544<-6a44a47c-c3cb-455f-a4b0-0f80624e99c4#0:OK-t1. Peer's state: 6a44a47c-c3cb-455f-a4b0-0f80624e99c4@group-F1BF15834408:t1, leader=null, voted=5eef21ad-902e-47ea-91c0-32e633c63544, raftlog=Memoized:6a44a47c-c3cb-455f-a4b0-0f80624e99c4@group-F1BF15834408-SegmentedRaftLog:OPENED:c-1, conf=-1: peers:[5eef21ad-902e-47ea-91c0-32e633c63544|rpc:10.1.0.37:15232|admin:10.1.0.37:15231|client:10.1.0.37:15230|dataStream:10.1.0.37:15233|priority:1|startupRole:FOLLOWER, 6a44a47c-c3cb-455f-a4b0-0f80624e99c4|rpc:10.1.0.37:15223|admin:10.1.0.37:15222|client:10.1.0.37:15221|dataStream:10.1.0.37:15224|priority:0|startupRole:FOLLOWER, d5652d2f-6525-48cf-9e21-3b5358e36b18|rpc:10.1.0.37:15241|admin:10.1.0.37:15240|client:10.1.0.37:15239|dataStream:10.1.0.37:15242|priority:0|startupRole:FOLLOWER]|listeners:[], old=null
2023-06-06 14:29:54,877 [grpc-default-executor-0] INFO  server.RaftServer$Division (RaftServerImpl.java:requestVote(1302)) - d5652d2f-6525-48cf-9e21-3b5358e36b18@group-F1BF15834408: receive requestVote(ELECTION, 5eef21ad-902e-47ea-91c0-32e633c63544, group-F1BF15834408, 1, (t:0, i:0))
2023-06-06 14:29:54,878 [grpc-default-executor-0] INFO  impl.VoteContext (VoteContext.java:log(49)) - d5652d2f-6525-48cf-9e21-3b5358e36b18@group-F1BF15834408-FOLLOWER: accept ELECTION from 5eef21ad-902e-47ea-91c0-32e633c63544: our priority 0 <= candidate's priority 1
2023-06-06 14:29:54,878 [grpc-default-executor-0] INFO  server.RaftServer$Division (RaftServerImpl.java:setRole(329)) - d5652d2f-6525-48cf-9e21-3b5358e36b18@group-F1BF15834408: changes role from  FOLLOWER to FOLLOWER at term 1 for candidate:5eef21ad-902e-47ea-91c0-32e633c63544
2023-06-06 14:29:54,878 [grpc-default-executor-0] INFO  impl.RoleInfo (RoleInfo.java:shutdownFollowerState(110)) - d5652d2f-6525-48cf-9e21-3b5358e36b18: shutdown d5652d2f-6525-48cf-9e21-3b5358e36b18@group-F1BF15834408-FollowerState
2023-06-06 14:29:54,878 [grpc-default-executor-0] INFO  impl.RoleInfo (RoleInfo.java:updateAndGet(139)) - d5652d2f-6525-48cf-9e21-3b5358e36b18: start d5652d2f-6525-48cf-9e21-3b5358e36b18@group-F1BF15834408-FollowerState
2023-06-06 14:29:54,878 [d5652d2f-6525-48cf-9e21-3b5358e36b18@group-F1BF15834408-FollowerState] INFO  impl.FollowerState (FollowerState.java:run(152)) - d5652d2f-6525-48cf-9e21-3b5358e36b18@group-F1BF15834408-FollowerState was interrupted
2023-06-06 14:29:54,878 [5eef21ad-902e-47ea-91c0-32e633c63544@group-F1BF15834408-LeaderElection47] INFO  impl.LeaderElection (LeaderElection.java:logAndReturn(90)) - 5eef21ad-902e-47ea-91c0-32e633c63544@group-F1BF15834408-LeaderElection47: ELECTION PASSED received 1 response(s) and 0 exception(s):
2023-06-06 14:29:54,878 [5eef21ad-902e-47ea-91c0-32e633c63544@group-F1BF15834408-LeaderElection47] INFO  impl.LeaderElection (LeaderElection.java:logAndReturn(94)) -   Response 0: 5eef21ad-902e-47ea-91c0-32e633c63544<-6a44a47c-c3cb-455f-a4b0-0f80624e99c4#0:OK-t1
2023-06-06 14:29:54,878 [5eef21ad-902e-47ea-91c0-32e633c63544@group-F1BF15834408-LeaderElection47] INFO  impl.LeaderElection (LeaderElection.java:askForVotes(323)) - 5eef21ad-902e-47ea-91c0-32e633c63544@group-F1BF15834408-LeaderElection47 ELECTION round 0: result PASSED
2023-06-06 14:29:54,878 [5eef21ad-902e-47ea-91c0-32e633c63544@group-F1BF15834408-LeaderElection47] INFO  impl.RoleInfo (RoleInfo.java:shutdownLeaderElection(130)) - 5eef21ad-902e-47ea-91c0-32e633c63544: shutdown 5eef21ad-902e-47ea-91c0-32e633c63544@group-F1BF15834408-LeaderElection47
2023-06-06 14:29:54,878 [5eef21ad-902e-47ea-91c0-32e633c63544@group-F1BF15834408-LeaderElection47] INFO  server.RaftServer$Division (RaftServerImpl.java:setRole(329)) - 5eef21ad-902e-47ea-91c0-32e633c63544@group-F1BF15834408: changes role from CANDIDATE to LEADER at term 1 for changeToLeader
2023-06-06 14:29:54,878 [5eef21ad-902e-47ea-91c0-32e633c63544@group-F1BF15834408-LeaderElection47] INFO  ratis.XceiverServerRatis (XceiverServerRatis.java:handleLeaderChangedNotification(902)) - Leader change notification received for group: group-F1BF15834408 with new leaderId: 5eef21ad-902e-47ea-91c0-32e633c63544
2023-06-06 14:29:54,878 [5eef21ad-902e-47ea-91c0-32e633c63544@group-F1BF15834408-LeaderElection47] INFO  server.RaftServer$Division (ServerState.java:setLeader(317)) - 5eef21ad-902e-47ea-91c0-32e633c63544@group-F1BF15834408: change Leader from null to 5eef21ad-902e-47ea-91c0-32e633c63544 at term 1 for becomeLeader, leader elected after 5115ms
2023-06-06 14:29:54,878 [5eef21ad-902e-47ea-91c0-32e633c63544@group-F1BF15834408-LeaderElection47] INFO  server.RaftServerConfigKeys (ConfUtils.java:logGet(46)) - raft.server.staging.catchup.gap = 1000 (default)
2023-06-06 14:29:54,879 [5eef21ad-902e-47ea-91c0-32e633c63544@group-F1BF15834408-LeaderElection47] INFO  server.RaftServerConfigKeys (ConfUtils.java:logGet(46)) - raft.server.write.element-limit = 1024 (custom)
2023-06-06 14:29:54,879 [5eef21ad-902e-47ea-91c0-32e633c63544@group-F1BF15834408-LeaderElection47] INFO  server.RaftServerConfigKeys (ConfUtils.java:logGet(46)) - raft.server.write.byte-limit = 1024 M (=1073741824) (custom)
2023-06-06 14:29:54,879 [5eef21ad-902e-47ea-91c0-32e633c63544@group-F1BF15834408-LeaderElection47] INFO  server.RaftServerConfigKeys (ConfUtils.java:logGet(46)) - raft.server.watch.timeout = 180s (custom)
2023-06-06 14:29:54,879 [5eef21ad-902e-47ea-91c0-32e633c63544@group-F1BF15834408-LeaderElection47] INFO  server.RaftServerConfigKeys (ConfUtils.java:logGet(46)) - raft.server.watch.timeout.denomination = 1s (default)
2023-06-06 14:29:54,879 [5eef21ad-902e-47ea-91c0-32e633c63544@group-F1BF15834408-LeaderElection47] INFO  server.RaftServerConfigKeys (ConfUtils.java:logGet(46)) - raft.server.watch.element-limit = 65536 (default)
2023-06-06 14:29:54,879 [5eef21ad-902e-47ea-91c0-32e633c63544@group-F1BF15834408-LeaderElection47] INFO  server.RaftServerConfigKeys (ConfUtils.java:logGet(46)) - raft.server.write.element-limit = 1024 (custom)
2023-06-06 14:29:54,879 [5eef21ad-902e-47ea-91c0-32e633c63544@group-F1BF15834408-LeaderElection47] INFO  server.RaftServerConfigKeys (ConfUtils.java:logGet(46)) - raft.server.write.follower.gap.ratio.max = -1.0 (default)
2023-06-06 14:29:54,879 [5eef21ad-902e-47ea-91c0-32e633c63544@group-F1BF15834408-LeaderElection47] INFO  server.RaftServerConfigKeys (ConfUtils.java:logGet(46)) - raft.server.log.appender.snapshot.chunk.size.max = 16MB (=16777216) (default)
2023-06-06 14:29:54,879 [5eef21ad-902e-47ea-91c0-32e633c63544@group-F1BF15834408-LeaderElection47] INFO  server.RaftServerConfigKeys (ConfUtils.java:logGet(46)) - raft.server.log.appender.buffer.byte-limit = 33554432 (custom)
2023-06-06 14:29:54,879 [5eef21ad-902e-47ea-91c0-32e633c63544@group-F1BF15834408-LeaderElection47] INFO  server.RaftServerConfigKeys (ConfUtils.java:logGet(46)) - raft.server.log.appender.buffer.element-limit = 1 (custom)
2023-06-06 14:29:54,879 [5eef21ad-902e-47ea-91c0-32e633c63544@group-F1BF15834408-LeaderElection47] INFO  server.RaftServerConfigKeys (ConfUtils.java:logGet(46)) - raft.server.log.appender.wait-time.min = 10ms (default)
2023-06-06 14:29:54,879 [5eef21ad-902e-47ea-91c0-32e633c63544@group-F1BF15834408-LeaderElection47] INFO  grpc.GrpcConfigKeys (ConfUtils.java:logGet(46)) - raft.grpc.server.leader.outstanding.appends.max = 128 (default)
2023-06-06 14:29:54,880 [5eef21ad-902e-47ea-91c0-32e633c63544@group-F1BF15834408-LeaderElection47] INFO  server.RaftServerConfigKeys (ConfUtils.java:logGet(46)) - raft.server.rpc.request.timeout = 60s (custom)
2023-06-06 14:29:54,880 [5eef21ad-902e-47ea-91c0-32e633c63544@group-F1BF15834408-LeaderElection47] INFO  grpc.GrpcConfigKeys (ConfUtils.java:logGet(46)) - raft.grpc.server.install_snapshot.request.element-limit = 8 (default)
2023-06-06 14:29:54,880 [5eef21ad-902e-47ea-91c0-32e633c63544@group-F1BF15834408-LeaderElection47] INFO  grpc.GrpcConfigKeys (ConfUtils.java:logGet(46)) - raft.grpc.server.install_snapshot.request.timeout = 3000ms (default)
2023-06-06 14:29:54,880 [5eef21ad-902e-47ea-91c0-32e633c63544@group-F1BF15834408-LeaderElection47] INFO  server.RaftServerConfigKeys (ConfUtils.java:logGet(46)) - raft.server.log.appender.install.snapshot.enabled = false (custom)
2023-06-06 14:29:54,880 [EventQueue-PipelineReportForPipelineReportHandler] INFO  pipeline.PipelineManagerImpl (PipelineManagerImpl.java:openPipeline(367)) - Pipeline Pipeline[ Id: b98d40d0-05b0-4033-b773-f1bf15834408, Nodes: 6a44a47c-c3cb-455f-a4b0-0f80624e99c4(fv-az1133-973.qlb2sqfkji0uhjsjdnlwzcsdwg.bx.internal.cloudapp.net/10.1.0.37)d5652d2f-6525-48cf-9e21-3b5358e36b18(fv-az1133-973.qlb2sqfkji0uhjsjdnlwzcsdwg.bx.internal.cloudapp.net/10.1.0.37)5eef21ad-902e-47ea-91c0-32e633c63544(fv-az1133-973.qlb2sqfkji0uhjsjdnlwzcsdwg.bx.internal.cloudapp.net/10.1.0.37), ReplicationConfig: RATIS/THREE, State:ALLOCATED, leaderId:5eef21ad-902e-47ea-91c0-32e633c63544, CreationTimestamp2023-06-06T14:29:47.251Z[Etc/UTC]] moved to OPEN state
2023-06-06 14:29:54,880 [5eef21ad-902e-47ea-91c0-32e633c63544@group-F1BF15834408-LeaderElection47] INFO  grpc.GrpcConfigKeys (ConfUtils.java:logGet(46)) - raft.grpc.server.heartbeat.channel = true (default)
2023-06-06 14:29:54,880 [5eef21ad-902e-47ea-91c0-32e633c63544@group-F1BF15834408-LeaderElection47] INFO  server.RaftServerConfigKeys (ConfUtils.java:logGet(46)) - raft.server.log.appender.snapshot.chunk.size.max = 16MB (=16777216) (default)
2023-06-06 14:29:54,880 [5eef21ad-902e-47ea-91c0-32e633c63544@group-F1BF15834408-LeaderElection47] INFO  server.RaftServerConfigKeys (ConfUtils.java:logGet(46)) - raft.server.log.appender.buffer.byte-limit = 33554432 (custom)
2023-06-06 14:29:54,880 [5eef21ad-902e-47ea-91c0-32e633c63544@group-F1BF15834408-LeaderElection47] INFO  server.RaftServerConfigKeys (ConfUtils.java:logGet(46)) - raft.server.log.appender.buffer.element-limit = 1 (custom)
2023-06-06 14:29:54,880 [EventQueue-OpenPipelineForHealthyPipelineSafeModeRule] INFO  safemode.SCMSafeModeManager (HealthyPipelineSafeModeRule.java:process(137)) - SCM in safe mode. Healthy pipelines reported count is 1, required healthy pipeline reported count is 1
2023-06-06 14:29:54,880 [EventQueue-OpenPipelineForHealthyPipelineSafeModeRule] INFO  safemode.SCMSafeModeManager (SCMSafeModeManager.java:validateSafeModeExitRules(200)) - HealthyPipelineSafeModeRule rule is successfully validated
2023-06-06 14:29:54,880 [EventQueue-OpenPipelineForHealthyPipelineSafeModeRule] INFO  safemode.SCMSafeModeManager (SCMSafeModeManager.java:validateSafeModeExitRules(215)) - ScmSafeModeManager, all rules are successfully validated
2023-06-06 14:29:54,880 [5eef21ad-902e-47ea-91c0-32e633c63544@group-F1BF15834408-LeaderElection47] INFO  server.RaftServerConfigKeys (ConfUtils.java:logGet(46)) - raft.server.log.appender.wait-time.min = 10ms (default)
2023-06-06 14:29:54,880 [5eef21ad-902e-47ea-91c0-32e633c63544@group-F1BF15834408-LeaderElection47] INFO  grpc.GrpcConfigKeys (ConfUtils.java:logGet(46)) - raft.grpc.server.leader.outstanding.appends.max = 128 (default)
2023-06-06 14:29:54,880 [EventQueue-OpenPipelineForHealthyPipelineSafeModeRule] INFO  safemode.SCMSafeModeManager (SCMSafeModeManager.java:exitSafeMode(244)) - SCM exiting safe mode.
2023-06-06 14:29:54,880 [5eef21ad-902e-47ea-91c0-32e633c63544@group-F1BF15834408-LeaderElection47] INFO  server.RaftServerConfigKeys (ConfUtils.java:logGet(46)) - raft.server.rpc.request.timeout = 60s (custom)
2023-06-06 14:29:54,881 [5eef21ad-902e-47ea-91c0-32e633c63544@group-F1BF15834408-LeaderElection47] INFO  grpc.GrpcConfigKeys (ConfUtils.java:logGet(46)) - raft.grpc.server.install_snapshot.request.element-limit = 8 (default)
2023-06-06 14:29:54,881 [5eef21ad-902e-47ea-91c0-32e633c63544@group-F1BF15834408-LeaderElection47] INFO  grpc.GrpcConfigKeys (ConfUtils.java:logGet(46)) - raft.grpc.server.install_snapshot.request.timeout = 3000ms (default)
2023-06-06 14:29:54,880 [EventQueue-OpenPipelineForHealthyPipelineSafeModeRule] INFO  ha.SCMContext (SCMContext.java:updateSafeModeStatus(228)) - Update SafeModeStatus from SafeModeStatus{safeModeStatus=true, preCheckPassed=true} to SafeModeStatus{safeModeStatus=false, preCheckPassed=true}.
2023-06-06 14:29:54,881 [5eef21ad-902e-47ea-91c0-32e633c63544@group-F1BF15834408-LeaderElection47] INFO  server.RaftServerConfigKeys (ConfUtils.java:logGet(46)) - raft.server.log.appender.install.snapshot.enabled = false (custom)
2023-06-06 14:29:54,881 [5eef21ad-902e-47ea-91c0-32e633c63544@group-F1BF15834408-LeaderElection47] INFO  grpc.GrpcConfigKeys (ConfUtils.java:logGet(46)) - raft.grpc.server.heartbeat.channel = true (default)
2023-06-06 14:29:54,881 [EventQueue-OpenPipelineForHealthyPipelineSafeModeRule] INFO  pipeline.BackgroundPipelineCreator (BackgroundPipelineCreator.java:notifyStatusChanged(254)) - Service BackgroundPipelineCreator transitions to RUNNING.
2023-06-06 14:29:54,882 [5eef21ad-902e-47ea-91c0-32e633c63544@group-F1BF15834408-LeaderElection47] INFO  impl.RoleInfo (RoleInfo.java:updateAndGet(139)) - 5eef21ad-902e-47ea-91c0-32e633c63544: start 5eef21ad-902e-47ea-91c0-32e633c63544@group-F1BF15834408-LeaderStateImpl
2023-06-06 14:29:54,882 [EventQueue-OpenPipelineForHealthyPipelineSafeModeRule] INFO  BackgroundPipelineScrubber (BackgroundSCMService.java:notifyStatusChanged(82)) - Service BackgroundPipelineScrubber transitions to RUNNING.
2023-06-06 14:29:54,882 [EventQueue-OpenPipelineForHealthyPipelineSafeModeRule] INFO  ExpiredContainerReplicaOpScrubber (BackgroundSCMService.java:notifyStatusChanged(82)) - Service ExpiredContainerReplicaOpScrubber transitions to RUNNING.
2023-06-06 14:29:54,882 [EventQueue-OpenPipelineForHealthyPipelineSafeModeRule] INFO  replication.ReplicationManager (ReplicationManager.java:notifyStatusChanged(1369)) - Service ReplicationManager transitions to RUNNING.
2023-06-06 14:29:54,882 [5eef21ad-902e-47ea-91c0-32e633c63544@group-F1BF15834408-LeaderElection47] INFO  segmented.SegmentedRaftLogWorker (SegmentedRaftLogWorker.java:startLogSegment(447)) - 5eef21ad-902e-47ea-91c0-32e633c63544@group-F1BF15834408-SegmentedRaftLogWorker: Starting segment from index:0
2023-06-06 14:29:54,882 [EventQueue-OpenPipelineForHealthyPipelineSafeModeRule] WARN  balancer.ContainerBalancer (ContainerBalancer.java:shouldRun(135)) - Could not find persisted configuration for ContainerBalancer when checking if ContainerBalancer should run. ContainerBalancer should not run now.
2023-06-06 14:29:54,883 [5eef21ad-902e-47ea-91c0-32e633c63544@group-F1BF15834408-SegmentedRaftLogWorker] INFO  segmented.SegmentedRaftLogWorker (SegmentedRaftLogWorker.java:execute(651)) - 5eef21ad-902e-47ea-91c0-32e633c63544@group-F1BF15834408-SegmentedRaftLogWorker: created new log segment /home/runner/work/ozone/ozone/hadoop-ozone/integration-test/target/test-dir/MiniOzoneClusterImpl-361cfd0c-44c3-4879-9ed3-7c7372459855/datanode-1/data/ratis/b98d40d0-05b0-4033-b773-f1bf15834408/current/log_inprogress_0
2023-06-06 14:29:54,884 [grpc-default-executor-0] INFO  server.RaftServer$Division (RaftServerImpl.java:requestVote(1335)) - d5652d2f-6525-48cf-9e21-3b5358e36b18@group-F1BF15834408 replies to ELECTION vote request: 5eef21ad-902e-47ea-91c0-32e633c63544<-d5652d2f-6525-48cf-9e21-3b5358e36b18#0:OK-t1. Peer's state: d5652d2f-6525-48cf-9e21-3b5358e36b18@group-F1BF15834408:t1, leader=null, voted=5eef21ad-902e-47ea-91c0-32e633c63544, raftlog=Memoized:d5652d2f-6525-48cf-9e21-3b5358e36b18@group-F1BF15834408-SegmentedRaftLog:OPENED:c-1, conf=-1: peers:[5eef21ad-902e-47ea-91c0-32e633c63544|rpc:10.1.0.37:15232|admin:10.1.0.37:15231|client:10.1.0.37:15230|dataStream:10.1.0.37:15233|priority:1|startupRole:FOLLOWER, 6a44a47c-c3cb-455f-a4b0-0f80624e99c4|rpc:10.1.0.37:15223|admin:10.1.0.37:15222|client:10.1.0.37:15221|dataStream:10.1.0.37:15224|priority:0|startupRole:FOLLOWER, d5652d2f-6525-48cf-9e21-3b5358e36b18|rpc:10.1.0.37:15241|admin:10.1.0.37:15240|client:10.1.0.37:15239|dataStream:10.1.0.37:15242|priority:0|startupRole:FOLLOWER]|listeners:[], old=null
2023-06-06 14:29:54,887 [5eef21ad-902e-47ea-91c0-32e633c63544@group-F1BF15834408-LeaderElection47] INFO  server.RaftServer$Division (ServerState.java:setRaftConf(434)) - 5eef21ad-902e-47ea-91c0-32e633c63544@group-F1BF15834408: set configuration 0: peers:[5eef21ad-902e-47ea-91c0-32e633c63544|rpc:10.1.0.37:15232|admin:10.1.0.37:15231|client:10.1.0.37:15230|dataStream:10.1.0.37:15233|priority:1|startupRole:FOLLOWER, 6a44a47c-c3cb-455f-a4b0-0f80624e99c4|rpc:10.1.0.37:15223|admin:10.1.0.37:15222|client:10.1.0.37:15221|dataStream:10.1.0.37:15224|priority:0|startupRole:FOLLOWER, d5652d2f-6525-48cf-9e21-3b5358e36b18|rpc:10.1.0.37:15241|admin:10.1.0.37:15240|client:10.1.0.37:15239|dataStream:10.1.0.37:15242|priority:0|startupRole:FOLLOWER]|listeners:[], old=null
2023-06-06 14:29:54,897 [6a44a47c-c3cb-455f-a4b0-0f80624e99c4-server-thread1] INFO  ratis.XceiverServerRatis (XceiverServerRatis.java:handleLeaderChangedNotification(902)) - Leader change notification received for group: group-F1BF15834408 with new leaderId: 5eef21ad-902e-47ea-91c0-32e633c63544
2023-06-06 14:29:54,897 [6a44a47c-c3cb-455f-a4b0-0f80624e99c4-server-thread1] INFO  server.RaftServer$Division (ServerState.java:setLeader(317)) - 6a44a47c-c3cb-455f-a4b0-0f80624e99c4@group-F1BF15834408: change Leader from null to 5eef21ad-902e-47ea-91c0-32e633c63544 at term 1 for appendEntries, leader elected after 5206ms
2023-06-06 14:29:54,899 [d5652d2f-6525-48cf-9e21-3b5358e36b18-server-thread2] INFO  ratis.XceiverServerRatis (XceiverServerRatis.java:handleLeaderChangedNotification(902)) - Leader change notification received for group: group-F1BF15834408 with new leaderId: 5eef21ad-902e-47ea-91c0-32e633c63544
2023-06-06 14:29:54,899 [6a44a47c-c3cb-455f-a4b0-0f80624e99c4-server-thread2] INFO  server.RaftServer$Division (ServerState.java:setRaftConf(434)) - 6a44a47c-c3cb-455f-a4b0-0f80624e99c4@group-F1BF15834408: set configuration 0: peers:[5eef21ad-902e-47ea-91c0-32e633c63544|rpc:10.1.0.37:15232|admin:10.1.0.37:15231|client:10.1.0.37:15230|dataStream:10.1.0.37:15233|priority:1|startupRole:FOLLOWER, 6a44a47c-c3cb-455f-a4b0-0f80624e99c4|rpc:10.1.0.37:15223|admin:10.1.0.37:15222|client:10.1.0.37:15221|dataStream:10.1.0.37:15224|priority:0|startupRole:FOLLOWER, d5652d2f-6525-48cf-9e21-3b5358e36b18|rpc:10.1.0.37:15241|admin:10.1.0.37:15240|client:10.1.0.37:15239|dataStream:10.1.0.37:15242|priority:0|startupRole:FOLLOWER]|listeners:[], old=null
2023-06-06 14:29:54,899 [d5652d2f-6525-48cf-9e21-3b5358e36b18-server-thread2] INFO  server.RaftServer$Division (ServerState.java:setLeader(317)) - d5652d2f-6525-48cf-9e21-3b5358e36b18@group-F1BF15834408: change Leader from null to 5eef21ad-902e-47ea-91c0-32e633c63544 at term 1 for appendEntries, leader elected after 5179ms
2023-06-06 14:29:54,899 [6a44a47c-c3cb-455f-a4b0-0f80624e99c4-server-thread2] INFO  segmented.SegmentedRaftLogWorker (SegmentedRaftLogWorker.java:startLogSegment(447)) - 6a44a47c-c3cb-455f-a4b0-0f80624e99c4@group-F1BF15834408-SegmentedRaftLogWorker: Starting segment from index:0
2023-06-06 14:29:54,901 [6a44a47c-c3cb-455f-a4b0-0f80624e99c4@group-F1BF15834408-SegmentedRaftLogWorker] INFO  segmented.SegmentedRaftLogWorker (SegmentedRaftLogWorker.java:execute(651)) - 6a44a47c-c3cb-455f-a4b0-0f80624e99c4@group-F1BF15834408-SegmentedRaftLogWorker: created new log segment /home/runner/work/ozone/ozone/hadoop-ozone/integration-test/target/test-dir/MiniOzoneClusterImpl-361cfd0c-44c3-4879-9ed3-7c7372459855/datanode-0/data/ratis/b98d40d0-05b0-4033-b773-f1bf15834408/current/log_inprogress_0
2023-06-06 14:29:54,901 [d5652d2f-6525-48cf-9e21-3b5358e36b18-server-thread1] INFO  server.RaftServer$Division (ServerState.java:setRaftConf(434)) - d5652d2f-6525-48cf-9e21-3b5358e36b18@group-F1BF15834408: set configuration 0: peers:[5eef21ad-902e-47ea-91c0-32e633c63544|rpc:10.1.0.37:15232|admin:10.1.0.37:15231|client:10.1.0.37:15230|dataStream:10.1.0.37:15233|priority:1|startupRole:FOLLOWER, 6a44a47c-c3cb-455f-a4b0-0f80624e99c4|rpc:10.1.0.37:15223|admin:10.1.0.37:15222|client:10.1.0.37:15221|dataStream:10.1.0.37:15224|priority:0|startupRole:FOLLOWER, d5652d2f-6525-48cf-9e21-3b5358e36b18|rpc:10.1.0.37:15241|admin:10.1.0.37:15240|client:10.1.0.37:15239|dataStream:10.1.0.37:15242|priority:0|startupRole:FOLLOWER]|listeners:[], old=null
2023-06-06 14:29:54,901 [d5652d2f-6525-48cf-9e21-3b5358e36b18-server-thread1] INFO  segmented.SegmentedRaftLogWorker (SegmentedRaftLogWorker.java:startLogSegment(447)) - d5652d2f-6525-48cf-9e21-3b5358e36b18@group-F1BF15834408-SegmentedRaftLogWorker: Starting segment from index:0
2023-06-06 14:29:54,903 [d5652d2f-6525-48cf-9e21-3b5358e36b18@group-F1BF15834408-SegmentedRaftLogWorker] INFO  segmented.SegmentedRaftLogWorker (SegmentedRaftLogWorker.java:execute(651)) - d5652d2f-6525-48cf-9e21-3b5358e36b18@group-F1BF15834408-SegmentedRaftLogWorker: created new log segment /home/runner/work/ozone/ozone/hadoop-ozone/integration-test/target/test-dir/MiniOzoneClusterImpl-361cfd0c-44c3-4879-9ed3-7c7372459855/datanode-2/data/ratis/b98d40d0-05b0-4033-b773-f1bf15834408/current/log_inprogress_0
2023-06-06 14:29:54,980 [6a44a47c-c3cb-455f-a4b0-0f80624e99c4@group-54BC6014DD25-FollowerState] INFO  impl.FollowerState (FollowerState.java:run(143)) - 6a44a47c-c3cb-455f-a4b0-0f80624e99c4@group-54BC6014DD25-FollowerState: change to CANDIDATE, lastRpcElapsedTime:5176318465ns, electionTimeout:5174ms
2023-06-06 14:29:54,981 [6a44a47c-c3cb-455f-a4b0-0f80624e99c4@group-54BC6014DD25-FollowerState] INFO  impl.RoleInfo (RoleInfo.java:shutdownFollowerState(110)) - 6a44a47c-c3cb-455f-a4b0-0f80624e99c4: shutdown 6a44a47c-c3cb-455f-a4b0-0f80624e99c4@group-54BC6014DD25-FollowerState
2023-06-06 14:29:54,981 [6a44a47c-c3cb-455f-a4b0-0f80624e99c4@group-54BC6014DD25-FollowerState] INFO  server.RaftServer$Division (RaftServerImpl.java:setRole(329)) - 6a44a47c-c3cb-455f-a4b0-0f80624e99c4@group-54BC6014DD25: changes role from  FOLLOWER to CANDIDATE at term 0 for changeToCandidate
2023-06-06 14:29:54,981 [6a44a47c-c3cb-455f-a4b0-0f80624e99c4@group-54BC6014DD25-FollowerState] INFO  server.RaftServerConfigKeys (ConfUtils.java:logGet(46)) - raft.server.leaderelection.pre-vote = true (default)
2023-06-06 14:29:54,981 [6a44a47c-c3cb-455f-a4b0-0f80624e99c4@group-54BC6014DD25-FollowerState] INFO  impl.RoleInfo (RoleInfo.java:updateAndGet(139)) - 6a44a47c-c3cb-455f-a4b0-0f80624e99c4: start 6a44a47c-c3cb-455f-a4b0-0f80624e99c4@group-54BC6014DD25-LeaderElection48
2023-06-06 14:29:54,983 [6a44a47c-c3cb-455f-a4b0-0f80624e99c4@group-54BC6014DD25-LeaderElection48] INFO  impl.LeaderElection (LeaderElection.java:askForVotes(321)) - 6a44a47c-c3cb-455f-a4b0-0f80624e99c4@group-54BC6014DD25-LeaderElection48 PRE_VOTE round 0: submit vote requests at term 0 for -1: peers:[5eef21ad-902e-47ea-91c0-32e633c63544|rpc:10.1.0.37:15232|admin:10.1.0.37:15231|client:10.1.0.37:15230|dataStream:10.1.0.37:15233|priority:0|startupRole:FOLLOWER, 6a44a47c-c3cb-455f-a4b0-0f80624e99c4|rpc:10.1.0.37:15223|admin:10.1.0.37:15222|client:10.1.0.37:15221|dataStream:10.1.0.37:15224|priority:1|startupRole:FOLLOWER, d5652d2f-6525-48cf-9e21-3b5358e36b18|rpc:10.1.0.37:15241|admin:10.1.0.37:15240|client:10.1.0.37:15239|dataStream:10.1.0.37:15242|priority:0|startupRole:FOLLOWER]|listeners:[], old=null
2023-06-06 14:29:54,984 [6a44a47c-c3cb-455f-a4b0-0f80624e99c4@group-54BC6014DD25-LeaderElection48-1] INFO  server.GrpcServerProtocolClient (GrpcServerProtocolClient.java:<init>(65)) - Build channel for 5eef21ad-902e-47ea-91c0-32e633c63544
2023-06-06 14:29:54,984 [6a44a47c-c3cb-455f-a4b0-0f80624e99c4@group-54BC6014DD25-LeaderElection48] INFO  server.RaftServerConfigKeys (ConfUtils.java:logFallback(53)) - raft.server.rpc.first-election.timeout.min = 5s (fallback to raft.server.rpc.timeout.min)
2023-06-06 14:29:54,984 [6a44a47c-c3cb-455f-a4b0-0f80624e99c4@group-54BC6014DD25-LeaderElection48] INFO  server.RaftServerConfigKeys (ConfUtils.java:logFallback(53)) - raft.server.rpc.first-election.timeout.max = 5200ms (fallback to raft.server.rpc.timeout.max)
2023-06-06 14:29:54,984 [6a44a47c-c3cb-455f-a4b0-0f80624e99c4@group-54BC6014DD25-LeaderElection48-2] INFO  server.GrpcServerProtocolClient (GrpcServerProtocolClient.java:<init>(65)) - Build channel for d5652d2f-6525-48cf-9e21-3b5358e36b18
2023-06-06 14:29:54,991 [grpc-default-executor-1] INFO  server.RaftServer$Division (RaftServerImpl.java:requestVote(1302)) - 5eef21ad-902e-47ea-91c0-32e633c63544@group-54BC6014DD25: receive requestVote(PRE_VOTE, 6a44a47c-c3cb-455f-a4b0-0f80624e99c4, group-54BC6014DD25, 0, (t:0, i:0))
2023-06-06 14:29:54,991 [grpc-default-executor-1] INFO  impl.VoteContext (VoteContext.java:log(49)) - 5eef21ad-902e-47ea-91c0-32e633c63544@group-54BC6014DD25-FOLLOWER: accept PRE_VOTE from 6a44a47c-c3cb-455f-a4b0-0f80624e99c4: our priority 0 <= candidate's priority 1
2023-06-06 14:29:54,991 [grpc-default-executor-1] INFO  server.RaftServer$Division (RaftServerImpl.java:requestVote(1335)) - 5eef21ad-902e-47ea-91c0-32e633c63544@group-54BC6014DD25 replies to PRE_VOTE vote request: 6a44a47c-c3cb-455f-a4b0-0f80624e99c4<-5eef21ad-902e-47ea-91c0-32e633c63544#0:OK-t0. Peer's state: 5eef21ad-902e-47ea-91c0-32e633c63544@group-54BC6014DD25:t0, leader=null, voted=, raftlog=Memoized:5eef21ad-902e-47ea-91c0-32e633c63544@group-54BC6014DD25-SegmentedRaftLog:OPENED:c-1, conf=-1: peers:[5eef21ad-902e-47ea-91c0-32e633c63544|rpc:10.1.0.37:15232|admin:10.1.0.37:15231|client:10.1.0.37:15230|dataStream:10.1.0.37:15233|priority:0|startupRole:FOLLOWER, 6a44a47c-c3cb-455f-a4b0-0f80624e99c4|rpc:10.1.0.37:15223|admin:10.1.0.37:15222|client:10.1.0.37:15221|dataStream:10.1.0.37:15224|priority:1|startupRole:FOLLOWER, d5652d2f-6525-48cf-9e21-3b5358e36b18|rpc:10.1.0.37:15241|admin:10.1.0.37:15240|client:10.1.0.37:15239|dataStream:10.1.0.37:15242|priority:0|startupRole:FOLLOWER]|listeners:[], old=null
2023-06-06 14:29:54,993 [6a44a47c-c3cb-455f-a4b0-0f80624e99c4@group-54BC6014DD25-LeaderElection48] INFO  impl.LeaderElection (LeaderElection.java:logAndReturn(90)) - 6a44a47c-c3cb-455f-a4b0-0f80624e99c4@group-54BC6014DD25-LeaderElection48: PRE_VOTE PASSED received 1 response(s) and 0 exception(s):
2023-06-06 14:29:54,993 [6a44a47c-c3cb-455f-a4b0-0f80624e99c4@group-54BC6014DD25-LeaderElection48] INFO  impl.LeaderElection (LeaderElection.java:logAndReturn(94)) -   Response 0: 6a44a47c-c3cb-455f-a4b0-0f80624e99c4<-5eef21ad-902e-47ea-91c0-32e633c63544#0:OK-t0
2023-06-06 14:29:54,993 [6a44a47c-c3cb-455f-a4b0-0f80624e99c4@group-54BC6014DD25-LeaderElection48] INFO  impl.LeaderElection (LeaderElection.java:askForVotes(323)) - 6a44a47c-c3cb-455f-a4b0-0f80624e99c4@group-54BC6014DD25-LeaderElection48 PRE_VOTE round 0: result PASSED
2023-06-06 14:29:54,994 [6a44a47c-c3cb-455f-a4b0-0f80624e99c4@group-54BC6014DD25-LeaderElection48] INFO  impl.LeaderElection (LeaderElection.java:askForVotes(321)) - 6a44a47c-c3cb-455f-a4b0-0f80624e99c4@group-54BC6014DD25-LeaderElection48 ELECTION round 0: submit vote requests at term 1 for -1: peers:[5eef21ad-902e-47ea-91c0-32e633c63544|rpc:10.1.0.37:15232|admin:10.1.0.37:15231|client:10.1.0.37:15230|dataStream:10.1.0.37:15233|priority:0|startupRole:FOLLOWER, 6a44a47c-c3cb-455f-a4b0-0f80624e99c4|rpc:10.1.0.37:15223|admin:10.1.0.37:15222|client:10.1.0.37:15221|dataStream:10.1.0.37:15224|priority:1|startupRole:FOLLOWER, d5652d2f-6525-48cf-9e21-3b5358e36b18|rpc:10.1.0.37:15241|admin:10.1.0.37:15240|client:10.1.0.37:15239|dataStream:10.1.0.37:15242|priority:0|startupRole:FOLLOWER]|listeners:[], old=null
2023-06-06 14:29:54,998 [grpc-default-executor-1] INFO  server.RaftServer$Division (RaftServerImpl.java:requestVote(1302)) - d5652d2f-6525-48cf-9e21-3b5358e36b18@group-54BC6014DD25: receive requestVote(PRE_VOTE, 6a44a47c-c3cb-455f-a4b0-0f80624e99c4, group-54BC6014DD25, 0, (t:0, i:0))
2023-06-06 14:29:54,998 [grpc-default-executor-1] INFO  impl.VoteContext (VoteContext.java:log(49)) - d5652d2f-6525-48cf-9e21-3b5358e36b18@group-54BC6014DD25-FOLLOWER: accept PRE_VOTE from 6a44a47c-c3cb-455f-a4b0-0f80624e99c4: our priority 0 <= candidate's priority 1
2023-06-06 14:29:54,998 [grpc-default-executor-1] INFO  server.RaftServer$Division (RaftServerImpl.java:requestVote(1335)) - d5652d2f-6525-48cf-9e21-3b5358e36b18@group-54BC6014DD25 replies to PRE_VOTE vote request: 6a44a47c-c3cb-455f-a4b0-0f80624e99c4<-d5652d2f-6525-48cf-9e21-3b5358e36b18#0:OK-t0. Peer's state: d5652d2f-6525-48cf-9e21-3b5358e36b18@group-54BC6014DD25:t0, leader=null, voted=, raftlog=Memoized:d5652d2f-6525-48cf-9e21-3b5358e36b18@group-54BC6014DD25-SegmentedRaftLog:OPENED:c-1, conf=-1: peers:[5eef21ad-902e-47ea-91c0-32e633c63544|rpc:10.1.0.37:15232|admin:10.1.0.37:15231|client:10.1.0.37:15230|dataStream:10.1.0.37:15233|priority:0|startupRole:FOLLOWER, 6a44a47c-c3cb-455f-a4b0-0f80624e99c4|rpc:10.1.0.37:15223|admin:10.1.0.37:15222|client:10.1.0.37:15221|dataStream:10.1.0.37:15224|priority:1|startupRole:FOLLOWER, d5652d2f-6525-48cf-9e21-3b5358e36b18|rpc:10.1.0.37:15241|admin:10.1.0.37:15240|client:10.1.0.37:15239|dataStream:10.1.0.37:15242|priority:0|startupRole:FOLLOWER]|listeners:[], old=null
2023-06-06 14:29:55,007 [6a44a47c-c3cb-455f-a4b0-0f80624e99c4@group-54BC6014DD25-LeaderElection48] INFO  server.RaftServerConfigKeys (ConfUtils.java:logFallback(53)) - raft.server.rpc.first-election.timeout.min = 5s (fallback to raft.server.rpc.timeout.min)
2023-06-06 14:29:55,007 [grpc-default-executor-1] INFO  server.RaftServer$Division (RaftServerImpl.java:requestVote(1302)) - d5652d2f-6525-48cf-9e21-3b5358e36b18@group-54BC6014DD25: receive requestVote(ELECTION, 6a44a47c-c3cb-455f-a4b0-0f80624e99c4, group-54BC6014DD25, 1, (t:0, i:0))
2023-06-06 14:29:55,007 [6a44a47c-c3cb-455f-a4b0-0f80624e99c4@group-54BC6014DD25-LeaderElection48] INFO  server.RaftServerConfigKeys (ConfUtils.java:logFallback(53)) - raft.server.rpc.first-election.timeout.max = 5200ms (fallback to raft.server.rpc.timeout.max)
2023-06-06 14:29:55,007 [grpc-default-executor-1] INFO  impl.VoteContext (VoteContext.java:log(49)) - d5652d2f-6525-48cf-9e21-3b5358e36b18@group-54BC6014DD25-FOLLOWER: accept ELECTION from 6a44a47c-c3cb-455f-a4b0-0f80624e99c4: our priority 0 <= candidate's priority 1
2023-06-06 14:29:55,007 [grpc-default-executor-1] INFO  server.RaftServer$Division (RaftServerImpl.java:setRole(329)) - d5652d2f-6525-48cf-9e21-3b5358e36b18@group-54BC6014DD25: changes role from  FOLLOWER to FOLLOWER at term 1 for candidate:6a44a47c-c3cb-455f-a4b0-0f80624e99c4
2023-06-06 14:29:55,007 [grpc-default-executor-1] INFO  impl.RoleInfo (RoleInfo.java:shutdownFollowerState(110)) - d5652d2f-6525-48cf-9e21-3b5358e36b18: shutdown d5652d2f-6525-48cf-9e21-3b5358e36b18@group-54BC6014DD25-FollowerState
2023-06-06 14:29:55,007 [grpc-default-executor-1] INFO  impl.RoleInfo (RoleInfo.java:updateAndGet(139)) - d5652d2f-6525-48cf-9e21-3b5358e36b18: start d5652d2f-6525-48cf-9e21-3b5358e36b18@group-54BC6014DD25-FollowerState
2023-06-06 14:29:55,007 [d5652d2f-6525-48cf-9e21-3b5358e36b18@group-54BC6014DD25-FollowerState] INFO  impl.FollowerState (FollowerState.java:run(152)) - d5652d2f-6525-48cf-9e21-3b5358e36b18@group-54BC6014DD25-FollowerState was interrupted
2023-06-06 14:29:55,008 [grpc-default-executor-6] INFO  server.RaftServer$Division (RaftServerImpl.java:requestVote(1302)) - 5eef21ad-902e-47ea-91c0-32e633c63544@group-54BC6014DD25: receive requestVote(ELECTION, 6a44a47c-c3cb-455f-a4b0-0f80624e99c4, group-54BC6014DD25, 1, (t:0, i:0))
2023-06-06 14:29:55,014 [grpc-default-executor-6] INFO  impl.VoteContext (VoteContext.java:log(49)) - 5eef21ad-902e-47ea-91c0-32e633c63544@group-54BC6014DD25-FOLLOWER: accept ELECTION from 6a44a47c-c3cb-455f-a4b0-0f80624e99c4: our priority 0 <= candidate's priority 1
2023-06-06 14:29:55,014 [grpc-default-executor-6] INFO  server.RaftServer$Division (RaftServerImpl.java:setRole(329)) - 5eef21ad-902e-47ea-91c0-32e633c63544@group-54BC6014DD25: changes role from  FOLLOWER to FOLLOWER at term 1 for candidate:6a44a47c-c3cb-455f-a4b0-0f80624e99c4
2023-06-06 14:29:55,014 [grpc-default-executor-6] INFO  impl.RoleInfo (RoleInfo.java:shutdownFollowerState(110)) - 5eef21ad-902e-47ea-91c0-32e633c63544: shutdown 5eef21ad-902e-47ea-91c0-32e633c63544@group-54BC6014DD25-FollowerState
2023-06-06 14:29:55,014 [grpc-default-executor-1] INFO  server.RaftServer$Division (RaftServerImpl.java:requestVote(1335)) - d5652d2f-6525-48cf-9e21-3b5358e36b18@group-54BC6014DD25 replies to ELECTION vote request: 6a44a47c-c3cb-455f-a4b0-0f80624e99c4<-d5652d2f-6525-48cf-9e21-3b5358e36b18#0:OK-t1. Peer's state: d5652d2f-6525-48cf-9e21-3b5358e36b18@group-54BC6014DD25:t1, leader=null, voted=6a44a47c-c3cb-455f-a4b0-0f80624e99c4, raftlog=Memoized:d5652d2f-6525-48cf-9e21-3b5358e36b18@group-54BC6014DD25-SegmentedRaftLog:OPENED:c-1, conf=-1: peers:[5eef21ad-902e-47ea-91c0-32e633c63544|rpc:10.1.0.37:15232|admin:10.1.0.37:15231|client:10.1.0.37:15230|dataStream:10.1.0.37:15233|priority:0|startupRole:FOLLOWER, 6a44a47c-c3cb-455f-a4b0-0f80624e99c4|rpc:10.1.0.37:15223|admin:10.1.0.37:15222|client:10.1.0.37:15221|dataStream:10.1.0.37:15224|priority:1|startupRole:FOLLOWER, d5652d2f-6525-48cf-9e21-3b5358e36b18|rpc:10.1.0.37:15241|admin:10.1.0.37:15240|client:10.1.0.37:15239|dataStream:10.1.0.37:15242|priority:0|startupRole:FOLLOWER]|listeners:[], old=null
2023-06-06 14:29:55,014 [5eef21ad-902e-47ea-91c0-32e633c63544@group-54BC6014DD25-FollowerState] INFO  impl.FollowerState (FollowerState.java:run(152)) - 5eef21ad-902e-47ea-91c0-32e633c63544@group-54BC6014DD25-FollowerState was interrupted
2023-06-06 14:29:55,014 [grpc-default-executor-6] INFO  impl.RoleInfo (RoleInfo.java:updateAndGet(139)) - 5eef21ad-902e-47ea-91c0-32e633c63544: start 5eef21ad-902e-47ea-91c0-32e633c63544@group-54BC6014DD25-FollowerState
2023-06-06 14:29:55,016 [grpc-default-executor-6] INFO  server.RaftServer$Division (RaftServerImpl.java:requestVote(1335)) - 5eef21ad-902e-47ea-91c0-32e633c63544@group-54BC6014DD25 replies to ELECTION vote request: 6a44a47c-c3cb-455f-a4b0-0f80624e99c4<-5eef21ad-902e-47ea-91c0-32e633c63544#0:OK-t1. Peer's state: 5eef21ad-902e-47ea-91c0-32e633c63544@group-54BC6014DD25:t1, leader=null, voted=6a44a47c-c3cb-455f-a4b0-0f80624e99c4, raftlog=Memoized:5eef21ad-902e-47ea-91c0-32e633c63544@group-54BC6014DD25-SegmentedRaftLog:OPENED:c-1, conf=-1: peers:[5eef21ad-902e-47ea-91c0-32e633c63544|rpc:10.1.0.37:15232|admin:10.1.0.37:15231|client:10.1.0.37:15230|dataStream:10.1.0.37:15233|priority:0|startupRole:FOLLOWER, 6a44a47c-c3cb-455f-a4b0-0f80624e99c4|rpc:10.1.0.37:15223|admin:10.1.0.37:15222|client:10.1.0.37:15221|dataStream:10.1.0.37:15224|priority:1|startupRole:FOLLOWER, d5652d2f-6525-48cf-9e21-3b5358e36b18|rpc:10.1.0.37:15241|admin:10.1.0.37:15240|client:10.1.0.37:15239|dataStream:10.1.0.37:15242|priority:0|startupRole:FOLLOWER]|listeners:[], old=null
2023-06-06 14:29:55,017 [6a44a47c-c3cb-455f-a4b0-0f80624e99c4@group-54BC6014DD25-LeaderElection48] INFO  impl.LeaderElection (LeaderElection.java:logAndReturn(90)) - 6a44a47c-c3cb-455f-a4b0-0f80624e99c4@group-54BC6014DD25-LeaderElection48: ELECTION PASSED received 1 response(s) and 0 exception(s):
2023-06-06 14:29:55,017 [6a44a47c-c3cb-455f-a4b0-0f80624e99c4@group-54BC6014DD25-LeaderElection48] INFO  impl.LeaderElection (LeaderElection.java:logAndReturn(94)) -   Response 0: 6a44a47c-c3cb-455f-a4b0-0f80624e99c4<-5eef21ad-902e-47ea-91c0-32e633c63544#0:OK-t1
2023-06-06 14:29:55,017 [6a44a47c-c3cb-455f-a4b0-0f80624e99c4@group-54BC6014DD25-LeaderElection48] INFO  impl.LeaderElection (LeaderElection.java:askForVotes(323)) - 6a44a47c-c3cb-455f-a4b0-0f80624e99c4@group-54BC6014DD25-LeaderElection48 ELECTION round 0: result PASSED
2023-06-06 14:29:55,017 [6a44a47c-c3cb-455f-a4b0-0f80624e99c4@group-54BC6014DD25-LeaderElection48] INFO  impl.RoleInfo (RoleInfo.java:shutdownLeaderElection(130)) - 6a44a47c-c3cb-455f-a4b0-0f80624e99c4: shutdown 6a44a47c-c3cb-455f-a4b0-0f80624e99c4@group-54BC6014DD25-LeaderElection48
2023-06-06 14:29:55,017 [6a44a47c-c3cb-455f-a4b0-0f80624e99c4@group-54BC6014DD25-LeaderElection48] INFO  server.RaftServer$Division (RaftServerImpl.java:setRole(329)) - 6a44a47c-c3cb-455f-a4b0-0f80624e99c4@group-54BC6014DD25: changes role from CANDIDATE to LEADER at term 1 for changeToLeader
2023-06-06 14:29:55,017 [6a44a47c-c3cb-455f-a4b0-0f80624e99c4@group-54BC6014DD25-LeaderElection48] INFO  ratis.XceiverServerRatis (XceiverServerRatis.java:handleLeaderChangedNotification(902)) - Leader change notification received for group: group-54BC6014DD25 with new leaderId: 6a44a47c-c3cb-455f-a4b0-0f80624e99c4
2023-06-06 14:29:55,018 [6a44a47c-c3cb-455f-a4b0-0f80624e99c4@group-54BC6014DD25-LeaderElection48] INFO  server.RaftServer$Division (ServerState.java:setLeader(317)) - 6a44a47c-c3cb-455f-a4b0-0f80624e99c4@group-54BC6014DD25: change Leader from null to 6a44a47c-c3cb-455f-a4b0-0f80624e99c4 at term 1 for becomeLeader, leader elected after 5226ms
2023-06-06 14:29:55,018 [6a44a47c-c3cb-455f-a4b0-0f80624e99c4@group-54BC6014DD25-LeaderElection48] INFO  server.RaftServerConfigKeys (ConfUtils.java:logGet(46)) - raft.server.staging.catchup.gap = 1000 (default)
2023-06-06 14:29:55,018 [6a44a47c-c3cb-455f-a4b0-0f80624e99c4@group-54BC6014DD25-LeaderElection48] INFO  server.RaftServerConfigKeys (ConfUtils.java:logGet(46)) - raft.server.write.element-limit = 1024 (custom)
2023-06-06 14:29:55,018 [6a44a47c-c3cb-455f-a4b0-0f80624e99c4@group-54BC6014DD25-LeaderElection48] INFO  server.RaftServerConfigKeys (ConfUtils.java:logGet(46)) - raft.server.write.byte-limit = 1024 M (=1073741824) (custom)
2023-06-06 14:29:55,018 [6a44a47c-c3cb-455f-a4b0-0f80624e99c4@group-54BC6014DD25-LeaderElection48] INFO  server.RaftServerConfigKeys (ConfUtils.java:logGet(46)) - raft.server.watch.timeout = 180s (custom)
2023-06-06 14:29:55,018 [6a44a47c-c3cb-455f-a4b0-0f80624e99c4@group-54BC6014DD25-LeaderElection48] INFO  server.RaftServerConfigKeys (ConfUtils.java:logGet(46)) - raft.server.watch.timeout.denomination = 1s (default)
2023-06-06 14:29:55,018 [6a44a47c-c3cb-455f-a4b0-0f80624e99c4@group-54BC6014DD25-LeaderElection48] INFO  server.RaftServerConfigKeys (ConfUtils.java:logGet(46)) - raft.server.watch.element-limit = 65536 (default)
2023-06-06 14:29:55,018 [6a44a47c-c3cb-455f-a4b0-0f80624e99c4@group-54BC6014DD25-LeaderElection48] INFO  server.RaftServerConfigKeys (ConfUtils.java:logGet(46)) - raft.server.write.element-limit = 1024 (custom)
2023-06-06 14:29:55,018 [6a44a47c-c3cb-455f-a4b0-0f80624e99c4@group-54BC6014DD25-LeaderElection48] INFO  server.RaftServerConfigKeys (ConfUtils.java:logGet(46)) - raft.server.write.follower.gap.ratio.max = -1.0 (default)
2023-06-06 14:29:55,018 [6a44a47c-c3cb-455f-a4b0-0f80624e99c4@group-54BC6014DD25-LeaderElection48] INFO  server.RaftServerConfigKeys (ConfUtils.java:logGet(46)) - raft.server.log.appender.snapshot.chunk.size.max = 16MB (=16777216) (default)
2023-06-06 14:29:55,019 [6a44a47c-c3cb-455f-a4b0-0f80624e99c4@group-54BC6014DD25-LeaderElection48] INFO  server.RaftServerConfigKeys (ConfUtils.java:logGet(46)) - raft.server.log.appender.buffer.byte-limit = 33554432 (custom)
2023-06-06 14:29:55,019 [6a44a47c-c3cb-455f-a4b0-0f80624e99c4@group-54BC6014DD25-LeaderElection48] INFO  server.RaftServerConfigKeys (ConfUtils.java:logGet(46)) - raft.server.log.appender.buffer.element-limit = 1 (custom)
2023-06-06 14:29:55,019 [6a44a47c-c3cb-455f-a4b0-0f80624e99c4@group-54BC6014DD25-LeaderElection48] INFO  server.RaftServerConfigKeys (ConfUtils.java:logGet(46)) - raft.server.log.appender.wait-time.min = 10ms (default)
2023-06-06 14:29:55,019 [6a44a47c-c3cb-455f-a4b0-0f80624e99c4@group-54BC6014DD25-LeaderElection48] INFO  grpc.GrpcConfigKeys (ConfUtils.java:logGet(46)) - raft.grpc.server.leader.outstanding.appends.max = 128 (default)
2023-06-06 14:29:55,019 [6a44a47c-c3cb-455f-a4b0-0f80624e99c4@group-54BC6014DD25-LeaderElection48] INFO  server.RaftServerConfigKeys (ConfUtils.java:logGet(46)) - raft.server.rpc.request.timeout = 60s (custom)
2023-06-06 14:29:55,019 [6a44a47c-c3cb-455f-a4b0-0f80624e99c4@group-54BC6014DD25-LeaderElection48] INFO  grpc.GrpcConfigKeys (ConfUtils.java:logGet(46)) - raft.grpc.server.install_snapshot.request.element-limit = 8 (default)
2023-06-06 14:29:55,019 [6a44a47c-c3cb-455f-a4b0-0f80624e99c4@group-54BC6014DD25-LeaderElection48] INFO  grpc.GrpcConfigKeys (ConfUtils.java:logGet(46)) - raft.grpc.server.install_snapshot.request.timeout = 3000ms (default)
2023-06-06 14:29:55,019 [6a44a47c-c3cb-455f-a4b0-0f80624e99c4@group-54BC6014DD25-LeaderElection48] INFO  server.RaftServerConfigKeys (ConfUtils.java:logGet(46)) - raft.server.log.appender.install.snapshot.enabled = false (custom)
2023-06-06 14:29:55,019 [6a44a47c-c3cb-455f-a4b0-0f80624e99c4@group-54BC6014DD25-LeaderElection48] INFO  grpc.GrpcConfigKeys (ConfUtils.java:logGet(46)) - raft.grpc.server.heartbeat.channel = true (default)
2023-06-06 14:29:55,019 [6a44a47c-c3cb-455f-a4b0-0f80624e99c4@group-54BC6014DD25-LeaderElection48] INFO  server.RaftServerConfigKeys (ConfUtils.java:logGet(46)) - raft.server.log.appender.snapshot.chunk.size.max = 16MB (=16777216) (default)
2023-06-06 14:29:55,019 [6a44a47c-c3cb-455f-a4b0-0f80624e99c4@group-54BC6014DD25-LeaderElection48] INFO  server.RaftServerConfigKeys (ConfUtils.java:logGet(46)) - raft.server.log.appender.buffer.byte-limit = 33554432 (custom)
2023-06-06 14:29:55,019 [6a44a47c-c3cb-455f-a4b0-0f80624e99c4@group-54BC6014DD25-LeaderElection48] INFO  server.RaftServerConfigKeys (ConfUtils.java:logGet(46)) - raft.server.log.appender.buffer.element-limit = 1 (custom)
2023-06-06 14:29:55,019 [6a44a47c-c3cb-455f-a4b0-0f80624e99c4@group-54BC6014DD25-LeaderElection48] INFO  server.RaftServerConfigKeys (ConfUtils.java:logGet(46)) - raft.server.log.appender.wait-time.min = 10ms (default)
2023-06-06 14:29:55,019 [6a44a47c-c3cb-455f-a4b0-0f80624e99c4@group-54BC6014DD25-LeaderElection48] INFO  grpc.GrpcConfigKeys (ConfUtils.java:logGet(46)) - raft.grpc.server.leader.outstanding.appends.max = 128 (default)
2023-06-06 14:29:55,019 [6a44a47c-c3cb-455f-a4b0-0f80624e99c4@group-54BC6014DD25-LeaderElection48] INFO  server.RaftServerConfigKeys (ConfUtils.java:logGet(46)) - raft.server.rpc.request.timeout = 60s (custom)
2023-06-06 14:29:55,019 [6a44a47c-c3cb-455f-a4b0-0f80624e99c4@group-54BC6014DD25-LeaderElection48] INFO  grpc.GrpcConfigKeys (ConfUtils.java:logGet(46)) - raft.grpc.server.install_snapshot.request.element-limit = 8 (default)
2023-06-06 14:29:55,020 [6a44a47c-c3cb-455f-a4b0-0f80624e99c4@group-54BC6014DD25-LeaderElection48] INFO  grpc.GrpcConfigKeys (ConfUtils.java:logGet(46)) - raft.grpc.server.install_snapshot.request.timeout = 3000ms (default)
2023-06-06 14:29:55,020 [6a44a47c-c3cb-455f-a4b0-0f80624e99c4@group-54BC6014DD25-LeaderElection48] INFO  server.RaftServerConfigKeys (ConfUtils.java:logGet(46)) - raft.server.log.appender.install.snapshot.enabled = false (custom)
2023-06-06 14:29:55,020 [6a44a47c-c3cb-455f-a4b0-0f80624e99c4@group-54BC6014DD25-LeaderElection48] INFO  grpc.GrpcConfigKeys (ConfUtils.java:logGet(46)) - raft.grpc.server.heartbeat.channel = true (default)
2023-06-06 14:29:55,020 [6a44a47c-c3cb-455f-a4b0-0f80624e99c4@group-54BC6014DD25-LeaderElection48] INFO  impl.RoleInfo (RoleInfo.java:updateAndGet(139)) - 6a44a47c-c3cb-455f-a4b0-0f80624e99c4: start 6a44a47c-c3cb-455f-a4b0-0f80624e99c4@group-54BC6014DD25-LeaderStateImpl
2023-06-06 14:29:55,020 [6a44a47c-c3cb-455f-a4b0-0f80624e99c4@group-54BC6014DD25-LeaderElection48] INFO  segmented.SegmentedRaftLogWorker (SegmentedRaftLogWorker.java:startLogSegment(447)) - 6a44a47c-c3cb-455f-a4b0-0f80624e99c4@group-54BC6014DD25-SegmentedRaftLogWorker: Starting segment from index:0
2023-06-06 14:29:55,021 [6a44a47c-c3cb-455f-a4b0-0f80624e99c4@group-54BC6014DD25-SegmentedRaftLogWorker] INFO  segmented.SegmentedRaftLogWorker (SegmentedRaftLogWorker.java:execute(651)) - 6a44a47c-c3cb-455f-a4b0-0f80624e99c4@group-54BC6014DD25-SegmentedRaftLogWorker: created new log segment /home/runner/work/ozone/ozone/hadoop-ozone/integration-test/target/test-dir/MiniOzoneClusterImpl-361cfd0c-44c3-4879-9ed3-7c7372459855/datanode-0/data/ratis/c416c1d6-d8df-4f7c-8296-54bc6014dd25/current/log_inprogress_0
2023-06-06 14:29:55,022 [EventQueue-PipelineReportForPipelineReportHandler] INFO  pipeline.PipelineManagerImpl (PipelineManagerImpl.java:openPipeline(367)) - Pipeline Pipeline[ Id: c416c1d6-d8df-4f7c-8296-54bc6014dd25, Nodes: 6a44a47c-c3cb-455f-a4b0-0f80624e99c4(fv-az1133-973.qlb2sqfkji0uhjsjdnlwzcsdwg.bx.internal.cloudapp.net/10.1.0.37)d5652d2f-6525-48cf-9e21-3b5358e36b18(fv-az1133-973.qlb2sqfkji0uhjsjdnlwzcsdwg.bx.internal.cloudapp.net/10.1.0.37)5eef21ad-902e-47ea-91c0-32e633c63544(fv-az1133-973.qlb2sqfkji0uhjsjdnlwzcsdwg.bx.internal.cloudapp.net/10.1.0.37), ReplicationConfig: RATIS/THREE, State:ALLOCATED, leaderId:6a44a47c-c3cb-455f-a4b0-0f80624e99c4, CreationTimestamp2023-06-06T14:29:47.252Z[Etc/UTC]] moved to OPEN state
2023-06-06 14:29:55,027 [6a44a47c-c3cb-455f-a4b0-0f80624e99c4@group-54BC6014DD25-LeaderElection48] INFO  server.RaftServer$Division (ServerState.java:setRaftConf(434)) - 6a44a47c-c3cb-455f-a4b0-0f80624e99c4@group-54BC6014DD25: set configuration 0: peers:[5eef21ad-902e-47ea-91c0-32e633c63544|rpc:10.1.0.37:15232|admin:10.1.0.37:15231|client:10.1.0.37:15230|dataStream:10.1.0.37:15233|priority:0|startupRole:FOLLOWER, 6a44a47c-c3cb-455f-a4b0-0f80624e99c4|rpc:10.1.0.37:15223|admin:10.1.0.37:15222|client:10.1.0.37:15221|dataStream:10.1.0.37:15224|priority:1|startupRole:FOLLOWER, d5652d2f-6525-48cf-9e21-3b5358e36b18|rpc:10.1.0.37:15241|admin:10.1.0.37:15240|client:10.1.0.37:15239|dataStream:10.1.0.37:15242|priority:0|startupRole:FOLLOWER]|listeners:[], old=null
2023-06-06 14:29:55,029 [5eef21ad-902e-47ea-91c0-32e633c63544-server-thread1] INFO  ratis.XceiverServerRatis (XceiverServerRatis.java:handleLeaderChangedNotification(902)) - Leader change notification received for group: group-54BC6014DD25 with new leaderId: 6a44a47c-c3cb-455f-a4b0-0f80624e99c4
2023-06-06 14:29:55,029 [5eef21ad-902e-47ea-91c0-32e633c63544-server-thread1] INFO  server.RaftServer$Division (ServerState.java:setLeader(317)) - 5eef21ad-902e-47ea-91c0-32e633c63544@group-54BC6014DD25: change Leader from null to 6a44a47c-c3cb-455f-a4b0-0f80624e99c4 at term 1 for appendEntries, leader elected after 4804ms
2023-06-06 14:29:55,041 [d5652d2f-6525-48cf-9e21-3b5358e36b18-server-thread1] INFO  ratis.XceiverServerRatis (XceiverServerRatis.java:handleLeaderChangedNotification(902)) - Leader change notification received for group: group-54BC6014DD25 with new leaderId: 6a44a47c-c3cb-455f-a4b0-0f80624e99c4
2023-06-06 14:29:55,041 [d5652d2f-6525-48cf-9e21-3b5358e36b18-server-thread1] INFO  server.RaftServer$Division (ServerState.java:setLeader(317)) - d5652d2f-6525-48cf-9e21-3b5358e36b18@group-54BC6014DD25: change Leader from null to 6a44a47c-c3cb-455f-a4b0-0f80624e99c4 at term 1 for appendEntries, leader elected after 5218ms
2023-06-06 14:29:55,042 [5eef21ad-902e-47ea-91c0-32e633c63544-server-thread2] INFO  server.RaftServer$Division (ServerState.java:setRaftConf(434)) - 5eef21ad-902e-47ea-91c0-32e633c63544@group-54BC6014DD25: set configuration 0: peers:[5eef21ad-902e-47ea-91c0-32e633c63544|rpc:10.1.0.37:15232|admin:10.1.0.37:15231|client:10.1.0.37:15230|dataStream:10.1.0.37:15233|priority:0|startupRole:FOLLOWER, 6a44a47c-c3cb-455f-a4b0-0f80624e99c4|rpc:10.1.0.37:15223|admin:10.1.0.37:15222|client:10.1.0.37:15221|dataStream:10.1.0.37:15224|priority:1|startupRole:FOLLOWER, d5652d2f-6525-48cf-9e21-3b5358e36b18|rpc:10.1.0.37:15241|admin:10.1.0.37:15240|client:10.1.0.37:15239|dataStream:10.1.0.37:15242|priority:0|startupRole:FOLLOWER]|listeners:[], old=null
2023-06-06 14:29:55,042 [5eef21ad-902e-47ea-91c0-32e633c63544-server-thread2] INFO  segmented.SegmentedRaftLogWorker (SegmentedRaftLogWorker.java:startLogSegment(447)) - 5eef21ad-902e-47ea-91c0-32e633c63544@group-54BC6014DD25-SegmentedRaftLogWorker: Starting segment from index:0
2023-06-06 14:29:55,046 [d5652d2f-6525-48cf-9e21-3b5358e36b18-server-thread2] INFO  server.RaftServer$Division (ServerState.java:setRaftConf(434)) - d5652d2f-6525-48cf-9e21-3b5358e36b18@group-54BC6014DD25: set configuration 0: peers:[5eef21ad-902e-47ea-91c0-32e633c63544|rpc:10.1.0.37:15232|admin:10.1.0.37:15231|client:10.1.0.37:15230|dataStream:10.1.0.37:15233|priority:0|startupRole:FOLLOWER, 6a44a47c-c3cb-455f-a4b0-0f80624e99c4|rpc:10.1.0.37:15223|admin:10.1.0.37:15222|client:10.1.0.37:15221|dataStream:10.1.0.37:15224|priority:1|startupRole:FOLLOWER, d5652d2f-6525-48cf-9e21-3b5358e36b18|rpc:10.1.0.37:15241|admin:10.1.0.37:15240|client:10.1.0.37:15239|dataStream:10.1.0.37:15242|priority:0|startupRole:FOLLOWER]|listeners:[], old=null
2023-06-06 14:29:55,046 [d5652d2f-6525-48cf-9e21-3b5358e36b18-server-thread2] INFO  segmented.SegmentedRaftLogWorker (SegmentedRaftLogWorker.java:startLogSegment(447)) - d5652d2f-6525-48cf-9e21-3b5358e36b18@group-54BC6014DD25-SegmentedRaftLogWorker: Starting segment from index:0
2023-06-06 14:29:55,046 [5eef21ad-902e-47ea-91c0-32e633c63544@group-54BC6014DD25-SegmentedRaftLogWorker] INFO  segmented.SegmentedRaftLogWorker (SegmentedRaftLogWorker.java:execute(651)) - 5eef21ad-902e-47ea-91c0-32e633c63544@group-54BC6014DD25-SegmentedRaftLogWorker: created new log segment /home/runner/work/ozone/ozone/hadoop-ozone/integration-test/target/test-dir/MiniOzoneClusterImpl-361cfd0c-44c3-4879-9ed3-7c7372459855/datanode-1/data/ratis/c416c1d6-d8df-4f7c-8296-54bc6014dd25/current/log_inprogress_0
2023-06-06 14:29:55,047 [d5652d2f-6525-48cf-9e21-3b5358e36b18@group-54BC6014DD25-SegmentedRaftLogWorker] INFO  segmented.SegmentedRaftLogWorker (SegmentedRaftLogWorker.java:execute(651)) - d5652d2f-6525-48cf-9e21-3b5358e36b18@group-54BC6014DD25-SegmentedRaftLogWorker: created new log segment /home/runner/work/ozone/ozone/hadoop-ozone/integration-test/target/test-dir/MiniOzoneClusterImpl-361cfd0c-44c3-4879-9ed3-7c7372459855/datanode-2/data/ratis/c416c1d6-d8df-4f7c-8296-54bc6014dd25/current/log_inprogress_0
2023-06-06 14:29:55,248 [Time-limited test] INFO  ozone.MiniOzoneClusterImpl (MiniOzoneClusterImpl.java:lambda$waitForClusterToBeReady$0(222)) - Nodes are ready. Got 3 of 3 DN Heartbeats.
2023-06-06 14:29:55,248 [Time-limited test] INFO  ozone.MiniOzoneClusterImpl (MiniOzoneClusterImpl.java:lambda$waitForClusterToBeReady$0(225)) - Cluster exits safe mode
2023-06-06 14:29:55,248 [Time-limited test] INFO  ozone.MiniOzoneClusterImpl (MiniOzoneClusterImpl.java:lambda$waitForClusterToBeReady$0(227)) - SCM became leader
2023-06-06 14:29:55,310 [d5652d2f-6525-48cf-9e21-3b5358e36b18@group-0864C0ACC566-FollowerState] INFO  impl.FollowerState (FollowerState.java:run(143)) - d5652d2f-6525-48cf-9e21-3b5358e36b18@group-0864C0ACC566-FollowerState: change to CANDIDATE, lastRpcElapsedTime:5023346634ns, electionTimeout:5015ms
2023-06-06 14:29:55,311 [d5652d2f-6525-48cf-9e21-3b5358e36b18@group-0864C0ACC566-FollowerState] INFO  impl.RoleInfo (RoleInfo.java:shutdownFollowerState(110)) - d5652d2f-6525-48cf-9e21-3b5358e36b18: shutdown d5652d2f-6525-48cf-9e21-3b5358e36b18@group-0864C0ACC566-FollowerState
2023-06-06 14:29:55,311 [d5652d2f-6525-48cf-9e21-3b5358e36b18@group-0864C0ACC566-FollowerState] INFO  server.RaftServer$Division (RaftServerImpl.java:setRole(329)) - d5652d2f-6525-48cf-9e21-3b5358e36b18@group-0864C0ACC566: changes role from  FOLLOWER to CANDIDATE at term 0 for changeToCandidate
2023-06-06 14:29:55,311 [d5652d2f-6525-48cf-9e21-3b5358e36b18@group-0864C0ACC566-FollowerState] INFO  server.RaftServerConfigKeys (ConfUtils.java:logGet(46)) - raft.server.leaderelection.pre-vote = true (default)
2023-06-06 14:29:55,311 [d5652d2f-6525-48cf-9e21-3b5358e36b18@group-0864C0ACC566-FollowerState] INFO  impl.RoleInfo (RoleInfo.java:updateAndGet(139)) - d5652d2f-6525-48cf-9e21-3b5358e36b18: start d5652d2f-6525-48cf-9e21-3b5358e36b18@group-0864C0ACC566-LeaderElection49
2023-06-06 14:29:55,313 [d5652d2f-6525-48cf-9e21-3b5358e36b18@group-0864C0ACC566-LeaderElection49] INFO  impl.LeaderElection (LeaderElection.java:askForVotes(321)) - d5652d2f-6525-48cf-9e21-3b5358e36b18@group-0864C0ACC566-LeaderElection49 PRE_VOTE round 0: submit vote requests at term 0 for -1: peers:[d5652d2f-6525-48cf-9e21-3b5358e36b18|rpc:10.1.0.37:15241|admin:10.1.0.37:15240|client:10.1.0.37:15239|dataStream:10.1.0.37:15242|priority:1|startupRole:FOLLOWER]|listeners:[], old=null
2023-06-06 14:29:55,313 [d5652d2f-6525-48cf-9e21-3b5358e36b18@group-0864C0ACC566-LeaderElection49] INFO  impl.LeaderElection (LeaderElection.java:askForVotes(323)) - d5652d2f-6525-48cf-9e21-3b5358e36b18@group-0864C0ACC566-LeaderElection49 PRE_VOTE round 0: result PASSED (term=0)
2023-06-06 14:29:55,314 [d5652d2f-6525-48cf-9e21-3b5358e36b18@group-0864C0ACC566-LeaderElection49] INFO  impl.LeaderElection (LeaderElection.java:askForVotes(321)) - d5652d2f-6525-48cf-9e21-3b5358e36b18@group-0864C0ACC566-LeaderElection49 ELECTION round 0: submit vote requests at term 1 for -1: peers:[d5652d2f-6525-48cf-9e21-3b5358e36b18|rpc:10.1.0.37:15241|admin:10.1.0.37:15240|client:10.1.0.37:15239|dataStream:10.1.0.37:15242|priority:1|startupRole:FOLLOWER]|listeners:[], old=null
2023-06-06 14:29:55,314 [d5652d2f-6525-48cf-9e21-3b5358e36b18@group-0864C0ACC566-LeaderElection49] INFO  impl.LeaderElection (LeaderElection.java:askForVotes(323)) - d5652d2f-6525-48cf-9e21-3b5358e36b18@group-0864C0ACC566-LeaderElection49 ELECTION round 0: result PASSED (term=1)
2023-06-06 14:29:55,314 [d5652d2f-6525-48cf-9e21-3b5358e36b18@group-0864C0ACC566-LeaderElection49] INFO  impl.RoleInfo (RoleInfo.java:shutdownLeaderElection(130)) - d5652d2f-6525-48cf-9e21-3b5358e36b18: shutdown d5652d2f-6525-48cf-9e21-3b5358e36b18@group-0864C0ACC566-LeaderElection49
2023-06-06 14:29:55,314 [d5652d2f-6525-48cf-9e21-3b5358e36b18@group-0864C0ACC566-LeaderElection49] INFO  server.RaftServer$Division (RaftServerImpl.java:setRole(329)) - d5652d2f-6525-48cf-9e21-3b5358e36b18@group-0864C0ACC566: changes role from CANDIDATE to LEADER at term 1 for changeToLeader
2023-06-06 14:29:55,314 [d5652d2f-6525-48cf-9e21-3b5358e36b18@group-0864C0ACC566-LeaderElection49] INFO  ratis.XceiverServerRatis (XceiverServerRatis.java:handleLeaderChangedNotification(902)) - Leader change notification received for group: group-0864C0ACC566 with new leaderId: d5652d2f-6525-48cf-9e21-3b5358e36b18
2023-06-06 14:29:55,314 [d5652d2f-6525-48cf-9e21-3b5358e36b18@group-0864C0ACC566-LeaderElection49] INFO  server.RaftServer$Division (ServerState.java:setLeader(317)) - d5652d2f-6525-48cf-9e21-3b5358e36b18@group-0864C0ACC566: change Leader from null to d5652d2f-6525-48cf-9e21-3b5358e36b18 at term 1 for becomeLeader, leader elected after 5063ms
2023-06-06 14:29:55,314 [d5652d2f-6525-48cf-9e21-3b5358e36b18@group-0864C0ACC566-LeaderElection49] INFO  server.RaftServerConfigKeys (ConfUtils.java:logGet(46)) - raft.server.staging.catchup.gap = 1000 (default)
2023-06-06 14:29:55,315 [d5652d2f-6525-48cf-9e21-3b5358e36b18@group-0864C0ACC566-LeaderElection49] INFO  server.RaftServerConfigKeys (ConfUtils.java:logGet(46)) - raft.server.write.element-limit = 1024 (custom)
2023-06-06 14:29:55,315 [d5652d2f-6525-48cf-9e21-3b5358e36b18@group-0864C0ACC566-LeaderElection49] INFO  server.RaftServerConfigKeys (ConfUtils.java:logGet(46)) - raft.server.write.byte-limit = 1024 M (=1073741824) (custom)
2023-06-06 14:29:55,315 [d5652d2f-6525-48cf-9e21-3b5358e36b18@group-0864C0ACC566-LeaderElection49] INFO  server.RaftServerConfigKeys (ConfUtils.java:logGet(46)) - raft.server.watch.timeout = 180s (custom)
2023-06-06 14:29:55,315 [d5652d2f-6525-48cf-9e21-3b5358e36b18@group-0864C0ACC566-LeaderElection49] INFO  server.RaftServerConfigKeys (ConfUtils.java:logGet(46)) - raft.server.watch.timeout.denomination = 1s (default)
2023-06-06 14:29:55,315 [d5652d2f-6525-48cf-9e21-3b5358e36b18@group-0864C0ACC566-LeaderElection49] INFO  server.RaftServerConfigKeys (ConfUtils.java:logGet(46)) - raft.server.watch.element-limit = 65536 (default)
2023-06-06 14:29:55,316 [d5652d2f-6525-48cf-9e21-3b5358e36b18@group-0864C0ACC566-LeaderElection49] INFO  server.RaftServerConfigKeys (ConfUtils.java:logGet(46)) - raft.server.write.element-limit = 1024 (custom)
2023-06-06 14:29:55,316 [d5652d2f-6525-48cf-9e21-3b5358e36b18@group-0864C0ACC566-LeaderElection49] INFO  server.RaftServerConfigKeys (ConfUtils.java:logGet(46)) - raft.server.write.follower.gap.ratio.max = -1.0 (default)
2023-06-06 14:29:55,316 [d5652d2f-6525-48cf-9e21-3b5358e36b18@group-0864C0ACC566-LeaderElection49] INFO  impl.RoleInfo (RoleInfo.java:updateAndGet(139)) - d5652d2f-6525-48cf-9e21-3b5358e36b18: start d5652d2f-6525-48cf-9e21-3b5358e36b18@group-0864C0ACC566-LeaderStateImpl
2023-06-06 14:29:55,316 [d5652d2f-6525-48cf-9e21-3b5358e36b18@group-0864C0ACC566-LeaderElection49] INFO  segmented.SegmentedRaftLogWorker (SegmentedRaftLogWorker.java:startLogSegment(447)) - d5652d2f-6525-48cf-9e21-3b5358e36b18@group-0864C0ACC566-SegmentedRaftLogWorker: Starting segment from index:0
2023-06-06 14:29:55,318 [d5652d2f-6525-48cf-9e21-3b5358e36b18@group-0864C0ACC566-LeaderElection49] INFO  server.RaftServer$Division (ServerState.java:setRaftConf(434)) - d5652d2f-6525-48cf-9e21-3b5358e36b18@group-0864C0ACC566: set configuration 0: peers:[d5652d2f-6525-48cf-9e21-3b5358e36b18|rpc:10.1.0.37:15241|admin:10.1.0.37:15240|client:10.1.0.37:15239|dataStream:10.1.0.37:15242|priority:1|startupRole:FOLLOWER]|listeners:[], old=null
2023-06-06 14:29:55,318 [d5652d2f-6525-48cf-9e21-3b5358e36b18@group-0864C0ACC566-SegmentedRaftLogWorker] INFO  segmented.SegmentedRaftLogWorker (SegmentedRaftLogWorker.java:execute(651)) - d5652d2f-6525-48cf-9e21-3b5358e36b18@group-0864C0ACC566-SegmentedRaftLogWorker: created new log segment /home/runner/work/ozone/ozone/hadoop-ozone/integration-test/target/test-dir/MiniOzoneClusterImpl-361cfd0c-44c3-4879-9ed3-7c7372459855/datanode-2/data/ratis/59908650-9737-4829-8ccf-0864c0acc566/current/log_inprogress_0
2023-06-06 14:29:55,421 [5eef21ad-902e-47ea-91c0-32e633c63544@group-4606A12D36F7-FollowerState] INFO  impl.FollowerState (FollowerState.java:run(143)) - 5eef21ad-902e-47ea-91c0-32e633c63544@group-4606A12D36F7-FollowerState: change to CANDIDATE, lastRpcElapsedTime:5206008526ns, electionTimeout:5198ms
2023-06-06 14:29:55,421 [5eef21ad-902e-47ea-91c0-32e633c63544@group-4606A12D36F7-FollowerState] INFO  impl.RoleInfo (RoleInfo.java:shutdownFollowerState(110)) - 5eef21ad-902e-47ea-91c0-32e633c63544: shutdown 5eef21ad-902e-47ea-91c0-32e633c63544@group-4606A12D36F7-FollowerState
2023-06-06 14:29:55,421 [5eef21ad-902e-47ea-91c0-32e633c63544@group-4606A12D36F7-FollowerState] INFO  server.RaftServer$Division (RaftServerImpl.java:setRole(329)) - 5eef21ad-902e-47ea-91c0-32e633c63544@group-4606A12D36F7: changes role from  FOLLOWER to CANDIDATE at term 0 for changeToCandidate
2023-06-06 14:29:55,421 [5eef21ad-902e-47ea-91c0-32e633c63544@group-4606A12D36F7-FollowerState] INFO  server.RaftServerConfigKeys (ConfUtils.java:logGet(46)) - raft.server.leaderelection.pre-vote = true (default)
2023-06-06 14:29:55,421 [5eef21ad-902e-47ea-91c0-32e633c63544@group-4606A12D36F7-FollowerState] INFO  impl.RoleInfo (RoleInfo.java:updateAndGet(139)) - 5eef21ad-902e-47ea-91c0-32e633c63544: start 5eef21ad-902e-47ea-91c0-32e633c63544@group-4606A12D36F7-LeaderElection50
2023-06-06 14:29:55,423 [5eef21ad-902e-47ea-91c0-32e633c63544@group-4606A12D36F7-LeaderElection50] INFO  impl.LeaderElection (LeaderElection.java:askForVotes(321)) - 5eef21ad-902e-47ea-91c0-32e633c63544@group-4606A12D36F7-LeaderElection50 PRE_VOTE round 0: submit vote requests at term 0 for -1: peers:[5eef21ad-902e-47ea-91c0-32e633c63544|rpc:10.1.0.37:15232|admin:10.1.0.37:15231|client:10.1.0.37:15230|dataStream:10.1.0.37:15233|priority:1|startupRole:FOLLOWER]|listeners:[], old=null
2023-06-06 14:29:55,423 [5eef21ad-902e-47ea-91c0-32e633c63544@group-4606A12D36F7-LeaderElection50] INFO  impl.LeaderElection (LeaderElection.java:askForVotes(323)) - 5eef21ad-902e-47ea-91c0-32e633c63544@group-4606A12D36F7-LeaderElection50 PRE_VOTE round 0: result PASSED (term=0)
2023-06-06 14:29:55,424 [5eef21ad-902e-47ea-91c0-32e633c63544@group-4606A12D36F7-LeaderElection50] INFO  impl.LeaderElection (LeaderElection.java:askForVotes(321)) - 5eef21ad-902e-47ea-91c0-32e633c63544@group-4606A12D36F7-LeaderElection50 ELECTION round 0: submit vote requests at term 1 for -1: peers:[5eef21ad-902e-47ea-91c0-32e633c63544|rpc:10.1.0.37:15232|admin:10.1.0.37:15231|client:10.1.0.37:15230|dataStream:10.1.0.37:15233|priority:1|startupRole:FOLLOWER]|listeners:[], old=null
2023-06-06 14:29:55,424 [5eef21ad-902e-47ea-91c0-32e633c63544@group-4606A12D36F7-LeaderElection50] INFO  impl.LeaderElection (LeaderElection.java:askForVotes(323)) - 5eef21ad-902e-47ea-91c0-32e633c63544@group-4606A12D36F7-LeaderElection50 ELECTION round 0: result PASSED (term=1)
2023-06-06 14:29:55,424 [5eef21ad-902e-47ea-91c0-32e633c63544@group-4606A12D36F7-LeaderElection50] INFO  impl.RoleInfo (RoleInfo.java:shutdownLeaderElection(130)) - 5eef21ad-902e-47ea-91c0-32e633c63544: shutdown 5eef21ad-902e-47ea-91c0-32e633c63544@group-4606A12D36F7-LeaderElection50
2023-06-06 14:29:55,424 [5eef21ad-902e-47ea-91c0-32e633c63544@group-4606A12D36F7-LeaderElection50] INFO  server.RaftServer$Division (RaftServerImpl.java:setRole(329)) - 5eef21ad-902e-47ea-91c0-32e633c63544@group-4606A12D36F7: changes role from CANDIDATE to LEADER at term 1 for changeToLeader
2023-06-06 14:29:55,424 [5eef21ad-902e-47ea-91c0-32e633c63544@group-4606A12D36F7-LeaderElection50] INFO  ratis.XceiverServerRatis (XceiverServerRatis.java:handleLeaderChangedNotification(902)) - Leader change notification received for group: group-4606A12D36F7 with new leaderId: 5eef21ad-902e-47ea-91c0-32e633c63544
2023-06-06 14:29:55,424 [5eef21ad-902e-47ea-91c0-32e633c63544@group-4606A12D36F7-LeaderElection50] INFO  server.RaftServer$Division (ServerState.java:setLeader(317)) - 5eef21ad-902e-47ea-91c0-32e633c63544@group-4606A12D36F7: change Leader from null to 5eef21ad-902e-47ea-91c0-32e633c63544 at term 1 for becomeLeader, leader elected after 5228ms
2023-06-06 14:29:55,424 [5eef21ad-902e-47ea-91c0-32e633c63544@group-4606A12D36F7-LeaderElection50] INFO  server.RaftServerConfigKeys (ConfUtils.java:logGet(46)) - raft.server.staging.catchup.gap = 1000 (default)
2023-06-06 14:29:55,425 [5eef21ad-902e-47ea-91c0-32e633c63544@group-4606A12D36F7-LeaderElection50] INFO  server.RaftServerConfigKeys (ConfUtils.java:logGet(46)) - raft.server.write.element-limit = 1024 (custom)
2023-06-06 14:29:55,425 [5eef21ad-902e-47ea-91c0-32e633c63544@group-4606A12D36F7-LeaderElection50] INFO  server.RaftServerConfigKeys (ConfUtils.java:logGet(46)) - raft.server.write.byte-limit = 1024 M (=1073741824) (custom)
2023-06-06 14:29:55,425 [5eef21ad-902e-47ea-91c0-32e633c63544@group-4606A12D36F7-LeaderElection50] INFO  server.RaftServerConfigKeys (ConfUtils.java:logGet(46)) - raft.server.watch.timeout = 180s (custom)
2023-06-06 14:29:55,425 [5eef21ad-902e-47ea-91c0-32e633c63544@group-4606A12D36F7-LeaderElection50] INFO  server.RaftServerConfigKeys (ConfUtils.java:logGet(46)) - raft.server.watch.timeout.denomination = 1s (default)
2023-06-06 14:29:55,426 [5eef21ad-902e-47ea-91c0-32e633c63544@group-4606A12D36F7-LeaderElection50] INFO  server.RaftServerConfigKeys (ConfUtils.java:logGet(46)) - raft.server.watch.element-limit = 65536 (default)
2023-06-06 14:29:55,426 [5eef21ad-902e-47ea-91c0-32e633c63544@group-4606A12D36F7-LeaderElection50] INFO  server.RaftServerConfigKeys (ConfUtils.java:logGet(46)) - raft.server.write.element-limit = 1024 (custom)
2023-06-06 14:29:55,426 [5eef21ad-902e-47ea-91c0-32e633c63544@group-4606A12D36F7-LeaderElection50] INFO  server.RaftServerConfigKeys (ConfUtils.java:logGet(46)) - raft.server.write.follower.gap.ratio.max = -1.0 (default)
2023-06-06 14:29:55,426 [5eef21ad-902e-47ea-91c0-32e633c63544@group-4606A12D36F7-LeaderElection50] INFO  impl.RoleInfo (RoleInfo.java:updateAndGet(139)) - 5eef21ad-902e-47ea-91c0-32e633c63544: start 5eef21ad-902e-47ea-91c0-32e633c63544@group-4606A12D36F7-LeaderStateImpl
2023-06-06 14:29:55,427 [5eef21ad-902e-47ea-91c0-32e633c63544@group-4606A12D36F7-LeaderElection50] INFO  segmented.SegmentedRaftLogWorker (SegmentedRaftLogWorker.java:startLogSegment(447)) - 5eef21ad-902e-47ea-91c0-32e633c63544@group-4606A12D36F7-SegmentedRaftLogWorker: Starting segment from index:0
2023-06-06 14:29:55,429 [5eef21ad-902e-47ea-91c0-32e633c63544@group-4606A12D36F7-SegmentedRaftLogWorker] INFO  segmented.SegmentedRaftLogWorker (SegmentedRaftLogWorker.java:execute(651)) - 5eef21ad-902e-47ea-91c0-32e633c63544@group-4606A12D36F7-SegmentedRaftLogWorker: created new log segment /home/runner/work/ozone/ozone/hadoop-ozone/integration-test/target/test-dir/MiniOzoneClusterImpl-361cfd0c-44c3-4879-9ed3-7c7372459855/datanode-1/data/ratis/3d3debfa-f68b-42a1-a8df-4606a12d36f7/current/log_inprogress_0
2023-06-06 14:29:55,432 [5eef21ad-902e-47ea-91c0-32e633c63544@group-4606A12D36F7-LeaderElection50] INFO  server.RaftServer$Division (ServerState.java:setRaftConf(434)) - 5eef21ad-902e-47ea-91c0-32e633c63544@group-4606A12D36F7: set configuration 0: peers:[5eef21ad-902e-47ea-91c0-32e633c63544|rpc:10.1.0.37:15232|admin:10.1.0.37:15231|client:10.1.0.37:15230|dataStream:10.1.0.37:15233|priority:1|startupRole:FOLLOWER]|listeners:[], old=null
2023-06-06 14:30:07,251 [Time-limited test] INFO  ozone.MiniOzoneClusterImpl (MiniOzoneClusterImpl.java:shutdown(442)) - Shutting down the Mini Ozone Cluster
2023-06-06 14:30:07,251 [Time-limited test] INFO  ozone.MiniOzoneClusterImpl (MiniOzoneClusterImpl.java:stop(459)) - Stopping the Mini Ozone Cluster
2023-06-06 14:30:07,251 [Time-limited test] INFO  ozone.MiniOzoneClusterImpl (MiniOzoneClusterImpl.java:stopOM(545)) - Stopping the OzoneManager
2023-06-06 14:30:07,251 [Time-limited test] INFO  om.OzoneManager (OzoneManager.java:stop(2171)) - om1[localhost:15213]: Stopping Ozone Manager
2023-06-06 14:30:07,251 [Time-limited test] INFO  ipc.Server (Server.java:stop(3501)) - Stopping server on 15213
2023-06-06 14:30:07,255 [IPC Server listener on 15213] INFO  ipc.Server (Server.java:run(1430)) - Stopping IPC Server listener on 15213
2023-06-06 14:30:07,257 [IPC Server Responder] INFO  ipc.Server (Server.java:run(1563)) - Stopping IPC Server Responder
2023-06-06 14:30:07,260 [Time-limited test] INFO  server.RaftServer (RaftServerProxy.java:lambda$close$6(416)) - om1: close
2023-06-06 14:30:07,260 [Time-limited test] INFO  server.GrpcService (GrpcService.java:closeImpl(311)) - om1: shutdown server GrpcServerProtocolService now
2023-06-06 14:30:07,260 [om1-impl-thread1] INFO  server.RaftServer$Division (RaftServerImpl.java:lambda$close$4(466)) - om1@group-C5BA1605619E: shutdown
2023-06-06 14:30:07,260 [om1-impl-thread1] INFO  util.JmxRegister (JmxRegister.java:unregister(73)) - Successfully un-registered JMX Bean with object name Ratis:service=RaftServer,group=group-C5BA1605619E,id=om1
2023-06-06 14:30:07,261 [om1-impl-thread1] INFO  impl.RoleInfo (RoleInfo.java:shutdownLeaderState(93)) - om1: shutdown om1@group-C5BA1605619E-LeaderStateImpl
2023-06-06 14:30:07,261 [om1-impl-thread1] INFO  impl.PendingRequests (PendingRequests.java:sendNotLeaderResponses(289)) - om1@group-C5BA1605619E-PendingRequests: sendNotLeaderResponses
2023-06-06 14:30:07,261 [om1-impl-thread1] INFO  impl.StateMachineUpdater (StateMachineUpdater.java:stopAndJoin(155)) - om1@group-C5BA1605619E-StateMachineUpdater: set stopIndex = 0
2023-06-06 14:30:07,261 [Time-limited test] INFO  server.GrpcService (GrpcService.java:closeImpl(320)) - om1: shutdown server GrpcServerProtocolService successfully
2023-06-06 14:30:07,261 [om1@group-C5BA1605619E-StateMachineUpdater] INFO  ratis.OzoneManagerStateMachine (OzoneManagerStateMachine.java:takeSnapshot(479)) - Current Snapshot Index (t:1, i:0)
2023-06-06 14:30:07,269 [om1@group-C5BA1605619E-StateMachineUpdater] INFO  impl.StateMachineUpdater (StateMachineUpdater.java:takeSnapshot(291)) - om1@group-C5BA1605619E-StateMachineUpdater: Took a snapshot at index 0
2023-06-06 14:30:07,269 [om1@group-C5BA1605619E-StateMachineUpdater] INFO  impl.StateMachineUpdater (StateMachineUpdater.java:lambda$new$0(97)) - om1@group-C5BA1605619E-StateMachineUpdater: snapshotIndex: updateIncreasingly -1 -> 0
2023-06-06 14:30:07,269 [om1@group-C5BA1605619E-StateMachineUpdater] INFO  ratis.OzoneManagerStateMachine (OzoneManagerStateMachine.java:close(533)) - StateMachine has shutdown. Shutdown OzoneManager if not already shutdown.
2023-06-06 14:30:07,270 [om1@group-C5BA1605619E-StateMachineUpdater] INFO  ratis.OzoneManagerDoubleBuffer (OzoneManagerDoubleBuffer.java:stopDaemon(559)) - Stopping OMDoubleBuffer flush thread
2023-06-06 14:30:07,270 [OMDoubleBufferFlushThread] INFO  ratis.OzoneManagerDoubleBuffer (OzoneManagerDoubleBuffer.java:canFlush(648)) - OMDoubleBuffer flush thread OMDoubleBufferFlushThread is interrupted and will exit.
2023-06-06 14:30:07,270 [om1-impl-thread1] INFO  server.RaftServer$Division (ServerState.java:close(472)) - om1@group-C5BA1605619E: closes. applyIndex: 0
2023-06-06 14:30:07,409 [om1-impl-thread1] INFO  segmented.SegmentedRaftLogWorker (SegmentedRaftLogWorker.java:close(252)) - om1@group-C5BA1605619E-SegmentedRaftLogWorker close()
2023-06-06 14:30:07,410 [JvmPauseMonitor34] INFO  util.JvmPauseMonitor (JvmPauseMonitor.java:run(109)) - JvmPauseMonitor-om1: Stopped
2023-06-06 14:30:07,410 [Time-limited test] INFO  ratis.OzoneManagerStateMachine (OzoneManagerStateMachine.java:close(533)) - StateMachine has shutdown. Shutdown OzoneManager if not already shutdown.
2023-06-06 14:30:07,410 [Time-limited test] INFO  ratis.OzoneManagerDoubleBuffer (OzoneManagerDoubleBuffer.java:stopDaemon(568)) - OMDoubleBuffer flush thread is not running.
2023-06-06 14:30:07,411 [Time-limited test] INFO  utils.BackgroundService (BackgroundService.java:shutdown(141)) - Shutting down service KeyDeletingService
2023-06-06 14:30:07,411 [Time-limited test] INFO  utils.BackgroundService (BackgroundService.java:shutdown(141)) - Shutting down service KeyDeletingService
2023-06-06 14:30:07,411 [Time-limited test] INFO  utils.BackgroundService (BackgroundService.java:shutdown(141)) - Shutting down service OpenKeyCleanupService
2023-06-06 14:30:07,411 [Time-limited test] INFO  utils.BackgroundService (BackgroundService.java:shutdown(141)) - Shutting down service SstFilteringService
2023-06-06 14:30:07,411 [Time-limited test] INFO  utils.BackgroundService (BackgroundService.java:shutdown(141)) - Shutting down service SnapshotDeletingService
2023-06-06 14:30:07,411 [Time-limited test] INFO  handler.ContextHandler (ContextHandler.java:doStop(1159)) - Stopped o.e.j.w.WebAppContext@4b8fe3bf{ozoneManager,/,null,STOPPED}{file:/home/runner/work/ozone/ozone/hadoop-ozone/integration-test/target/test-classes/webapps/ozoneManager}
2023-06-06 14:30:07,412 [Time-limited test] INFO  server.AbstractConnector (AbstractConnector.java:doStop(383)) - Stopped ServerConnector@1cdb2694{HTTP/1.1, (http/1.1)}{0.0.0.0:15214}
2023-06-06 14:30:07,412 [Time-limited test] INFO  server.session (HouseKeeper.java:stopScavenging(149)) - node0 Stopped scavenging
2023-06-06 14:30:07,412 [Time-limited test] INFO  handler.ContextHandler (ContextHandler.java:doStop(1159)) - Stopped o.e.j.s.ServletContextHandler@22378d42{static,/static,file:///home/runner/work/ozone/ozone/hadoop-ozone/integration-test/target/test-classes/webapps/static,STOPPED}
2023-06-06 14:30:07,412 [Time-limited test] INFO  handler.ContextHandler (ContextHandler.java:doStop(1159)) - Stopped o.e.j.s.ServletContextHandler@28b72c23{logs,/logs,file:///home/runner/work/ozone/ozone/hadoop-ozone/integration-test/target/log,STOPPED}
2023-06-06 14:30:07,416 [Time-limited test] INFO  snapshot.SnapshotDiffManager (SnapshotDiffManager.java:closeExecutorService(1278)) - Shutting down executorService: 'SnapDiffExecutor'
2023-06-06 14:30:07,416 [Time-limited test] INFO  utils.BackgroundService (BackgroundService.java:shutdown(141)) - Shutting down service SnapshotDiffCleanupService
2023-06-06 14:30:07,418 [Time-limited test] INFO  ozone.MiniOzoneClusterImpl (MiniOzoneClusterImpl.java:stopDatanodes(522)) - Stopping the HddsDatanodes
2023-06-06 14:30:07,431 [Time-limited test] INFO  ozoneimpl.OzoneContainer (OzoneContainer.java:stop(420)) - Attempting to stop container services.
2023-06-06 14:30:07,438 [ForkJoinPool.commonPool-worker-0] INFO  ozoneimpl.OzoneContainer (OzoneContainer.java:stop(420)) - Attempting to stop container services.
2023-06-06 14:30:07,440 [Time-limited test] INFO  server.RaftServer (RaftServerProxy.java:lambda$close$6(416)) - 5eef21ad-902e-47ea-91c0-32e633c63544: close
2023-06-06 14:30:07,441 [5eef21ad-902e-47ea-91c0-32e633c63544-impl-thread1] INFO  server.RaftServer$Division (RaftServerImpl.java:lambda$close$4(466)) - 5eef21ad-902e-47ea-91c0-32e633c63544@group-54BC6014DD25: shutdown
2023-06-06 14:30:07,441 [5eef21ad-902e-47ea-91c0-32e633c63544-impl-thread1] INFO  util.JmxRegister (JmxRegister.java:unregister(73)) - Successfully un-registered JMX Bean with object name Ratis:service=RaftServer,group=group-54BC6014DD25,id=5eef21ad-902e-47ea-91c0-32e633c63544
2023-06-06 14:30:07,441 [5eef21ad-902e-47ea-91c0-32e633c63544-impl-thread1] INFO  impl.RoleInfo (RoleInfo.java:shutdownFollowerState(110)) - 5eef21ad-902e-47ea-91c0-32e633c63544: shutdown 5eef21ad-902e-47ea-91c0-32e633c63544@group-54BC6014DD25-FollowerState
2023-06-06 14:30:07,441 [5eef21ad-902e-47ea-91c0-32e633c63544-impl-thread1] INFO  impl.StateMachineUpdater (StateMachineUpdater.java:stopAndJoin(155)) - 5eef21ad-902e-47ea-91c0-32e633c63544@group-54BC6014DD25-StateMachineUpdater: set stopIndex = 0
2023-06-06 14:30:07,441 [5eef21ad-902e-47ea-91c0-32e633c63544@group-54BC6014DD25-FollowerState] INFO  impl.FollowerState (FollowerState.java:run(152)) - 5eef21ad-902e-47ea-91c0-32e633c63544@group-54BC6014DD25-FollowerState was interrupted
2023-06-06 14:30:07,441 [5eef21ad-902e-47ea-91c0-32e633c63544-impl-thread2] INFO  server.RaftServer$Division (RaftServerImpl.java:lambda$close$4(466)) - 5eef21ad-902e-47ea-91c0-32e633c63544@group-F1BF15834408: shutdown
2023-06-06 14:30:07,441 [Time-limited test] INFO  server.GrpcService (GrpcService.java:closeImpl(311)) - 5eef21ad-902e-47ea-91c0-32e633c63544: shutdown server org.apache.ratis.grpc.server.GrpcClientProtocolService now
2023-06-06 14:30:07,446 [ForkJoinPool.commonPool-worker-0] INFO  server.RaftServer (RaftServerProxy.java:lambda$close$6(416)) - 6a44a47c-c3cb-455f-a4b0-0f80624e99c4: close
2023-06-06 14:30:07,446 [5eef21ad-902e-47ea-91c0-32e633c63544@group-54BC6014DD25-StateMachineUpdater] INFO  ratis.ContainerStateMachine (ContainerStateMachine.java:takeSnapshot(330)) - group-54BC6014DD25: Taking a snapshot at:(t:1, i:0) file /home/runner/work/ozone/ozone/hadoop-ozone/integration-test/target/test-dir/MiniOzoneClusterImpl-361cfd0c-44c3-4879-9ed3-7c7372459855/datanode-1/data/ratis/c416c1d6-d8df-4f7c-8296-54bc6014dd25/sm/snapshot.1_0
2023-06-06 14:30:07,446 [5eef21ad-902e-47ea-91c0-32e633c63544-impl-thread3] INFO  server.RaftServer$Division (RaftServerImpl.java:lambda$close$4(466)) - 5eef21ad-902e-47ea-91c0-32e633c63544@group-4606A12D36F7: shutdown
2023-06-06 14:30:07,447 [5eef21ad-902e-47ea-91c0-32e633c63544-impl-thread3] INFO  util.JmxRegister (JmxRegister.java:unregister(73)) - Successfully un-registered JMX Bean with object name Ratis:service=RaftServer,group=group-4606A12D36F7,id=5eef21ad-902e-47ea-91c0-32e633c63544
2023-06-06 14:30:07,447 [5eef21ad-902e-47ea-91c0-32e633c63544-impl-thread3] INFO  impl.RoleInfo (RoleInfo.java:shutdownLeaderState(93)) - 5eef21ad-902e-47ea-91c0-32e633c63544: shutdown 5eef21ad-902e-47ea-91c0-32e633c63544@group-4606A12D36F7-LeaderStateImpl
2023-06-06 14:30:07,447 [5eef21ad-902e-47ea-91c0-32e633c63544-impl-thread3] INFO  impl.PendingRequests (PendingRequests.java:sendNotLeaderResponses(289)) - 5eef21ad-902e-47ea-91c0-32e633c63544@group-4606A12D36F7-PendingRequests: sendNotLeaderResponses
2023-06-06 14:30:07,447 [5eef21ad-902e-47ea-91c0-32e633c63544-impl-thread3] INFO  impl.StateMachineUpdater (StateMachineUpdater.java:stopAndJoin(155)) - 5eef21ad-902e-47ea-91c0-32e633c63544@group-4606A12D36F7-StateMachineUpdater: set stopIndex = 0
2023-06-06 14:30:07,446 [5eef21ad-902e-47ea-91c0-32e633c63544-impl-thread2] INFO  util.JmxRegister (JmxRegister.java:unregister(73)) - Successfully un-registered JMX Bean with object name Ratis:service=RaftServer,group=group-F1BF15834408,id=5eef21ad-902e-47ea-91c0-32e633c63544
2023-06-06 14:30:07,447 [5eef21ad-902e-47ea-91c0-32e633c63544-impl-thread2] INFO  impl.RoleInfo (RoleInfo.java:shutdownLeaderState(93)) - 5eef21ad-902e-47ea-91c0-32e633c63544: shutdown 5eef21ad-902e-47ea-91c0-32e633c63544@group-F1BF15834408-LeaderStateImpl
2023-06-06 14:30:07,448 [5eef21ad-902e-47ea-91c0-32e633c63544@group-4606A12D36F7-StateMachineUpdater] INFO  ratis.ContainerStateMachine (ContainerStateMachine.java:takeSnapshot(330)) - group-4606A12D36F7: Taking a snapshot at:(t:1, i:0) file /home/runner/work/ozone/ozone/hadoop-ozone/integration-test/target/test-dir/MiniOzoneClusterImpl-361cfd0c-44c3-4879-9ed3-7c7372459855/datanode-1/data/ratis/3d3debfa-f68b-42a1-a8df-4606a12d36f7/sm/snapshot.1_0
2023-06-06 14:30:07,448 [5eef21ad-902e-47ea-91c0-32e633c63544@group-54BC6014DD25-StateMachineUpdater] INFO  ratis.ContainerStateMachine (ContainerStateMachine.java:takeSnapshot(341)) - group-54BC6014DD25: Finished taking a snapshot at:(t:1, i:0) file:/home/runner/work/ozone/ozone/hadoop-ozone/integration-test/target/test-dir/MiniOzoneClusterImpl-361cfd0c-44c3-4879-9ed3-7c7372459855/datanode-1/data/ratis/c416c1d6-d8df-4f7c-8296-54bc6014dd25/sm/snapshot.1_0 took: 2 ms
2023-06-06 14:30:07,448 [Thread-3300] INFO  server.GrpcServerProtocolClient (GrpcServerProtocolClient.java:close(103)) - 6a44a47c-c3cb-455f-a4b0-0f80624e99c4 Close channels
2023-06-06 14:30:07,448 [5eef21ad-902e-47ea-91c0-32e633c63544@group-4606A12D36F7-StateMachineUpdater] INFO  ratis.ContainerStateMachine (ContainerStateMachine.java:takeSnapshot(341)) - group-4606A12D36F7: Finished taking a snapshot at:(t:1, i:0) file:/home/runner/work/ozone/ozone/hadoop-ozone/integration-test/target/test-dir/MiniOzoneClusterImpl-361cfd0c-44c3-4879-9ed3-7c7372459855/datanode-1/data/ratis/3d3debfa-f68b-42a1-a8df-4606a12d36f7/sm/snapshot.1_0 took: 0 ms
2023-06-06 14:30:07,448 [5eef21ad-902e-47ea-91c0-32e633c63544@group-4606A12D36F7-StateMachineUpdater] INFO  impl.StateMachineUpdater (StateMachineUpdater.java:takeSnapshot(291)) - 5eef21ad-902e-47ea-91c0-32e633c63544@group-4606A12D36F7-StateMachineUpdater: Took a snapshot at index 0
2023-06-06 14:30:07,448 [5eef21ad-902e-47ea-91c0-32e633c63544@group-4606A12D36F7-StateMachineUpdater] INFO  impl.StateMachineUpdater (StateMachineUpdater.java:lambda$new$0(97)) - 5eef21ad-902e-47ea-91c0-32e633c63544@group-4606A12D36F7-StateMachineUpdater: snapshotIndex: updateIncreasingly -1 -> 0
2023-06-06 14:30:07,449 [6a44a47c-c3cb-455f-a4b0-0f80624e99c4-impl-thread1] INFO  server.RaftServer$Division (RaftServerImpl.java:lambda$close$4(466)) - 6a44a47c-c3cb-455f-a4b0-0f80624e99c4@group-DFB8EDD51C97: shutdown
2023-06-06 14:30:07,449 [5eef21ad-902e-47ea-91c0-32e633c63544-impl-thread3] INFO  server.RaftServer$Division (ServerState.java:close(472)) - 5eef21ad-902e-47ea-91c0-32e633c63544@group-4606A12D36F7: closes. applyIndex: 0
2023-06-06 14:30:07,449 [6a44a47c-c3cb-455f-a4b0-0f80624e99c4-impl-thread1] INFO  util.JmxRegister (JmxRegister.java:unregister(73)) - Successfully un-registered JMX Bean with object name Ratis:service=RaftServer,group=group-DFB8EDD51C97,id=6a44a47c-c3cb-455f-a4b0-0f80624e99c4
2023-06-06 14:30:07,449 [6a44a47c-c3cb-455f-a4b0-0f80624e99c4-impl-thread1] INFO  impl.RoleInfo (RoleInfo.java:shutdownLeaderState(93)) - 6a44a47c-c3cb-455f-a4b0-0f80624e99c4: shutdown 6a44a47c-c3cb-455f-a4b0-0f80624e99c4@group-DFB8EDD51C97-LeaderStateImpl
2023-06-06 14:30:07,449 [5eef21ad-902e-47ea-91c0-32e633c63544@group-54BC6014DD25-StateMachineUpdater] INFO  impl.StateMachineUpdater (StateMachineUpdater.java:takeSnapshot(291)) - 5eef21ad-902e-47ea-91c0-32e633c63544@group-54BC6014DD25-StateMachineUpdater: Took a snapshot at index 0
2023-06-06 14:30:07,449 [5eef21ad-902e-47ea-91c0-32e633c63544@group-54BC6014DD25-StateMachineUpdater] INFO  impl.StateMachineUpdater (StateMachineUpdater.java:lambda$new$0(97)) - 5eef21ad-902e-47ea-91c0-32e633c63544@group-54BC6014DD25-StateMachineUpdater: snapshotIndex: updateIncreasingly -1 -> 0
2023-06-06 14:30:07,449 [5eef21ad-902e-47ea-91c0-32e633c63544-impl-thread1] INFO  server.RaftServer$Division (ServerState.java:close(472)) - 5eef21ad-902e-47ea-91c0-32e633c63544@group-54BC6014DD25: closes. applyIndex: 0
2023-06-06 14:30:07,449 [6a44a47c-c3cb-455f-a4b0-0f80624e99c4-impl-thread2] INFO  server.RaftServer$Division (RaftServerImpl.java:lambda$close$4(466)) - 6a44a47c-c3cb-455f-a4b0-0f80624e99c4@group-54BC6014DD25: shutdown
2023-06-06 14:30:07,449 [6a44a47c-c3cb-455f-a4b0-0f80624e99c4-impl-thread2] INFO  util.JmxRegister (JmxRegister.java:unregister(73)) - Successfully un-registered JMX Bean with object name Ratis:service=RaftServer,group=group-54BC6014DD25,id=6a44a47c-c3cb-455f-a4b0-0f80624e99c4
2023-06-06 14:30:07,449 [6a44a47c-c3cb-455f-a4b0-0f80624e99c4-impl-thread2] INFO  impl.RoleInfo (RoleInfo.java:shutdownLeaderState(93)) - 6a44a47c-c3cb-455f-a4b0-0f80624e99c4: shutdown 6a44a47c-c3cb-455f-a4b0-0f80624e99c4@group-54BC6014DD25-LeaderStateImpl
2023-06-06 14:30:07,449 [ForkJoinPool.commonPool-worker-0] INFO  server.GrpcService (GrpcService.java:closeImpl(311)) - 6a44a47c-c3cb-455f-a4b0-0f80624e99c4: shutdown server org.apache.ratis.grpc.server.GrpcClientProtocolService now
2023-06-06 14:30:07,449 [6a44a47c-c3cb-455f-a4b0-0f80624e99c4-impl-thread1] INFO  impl.PendingRequests (PendingRequests.java:sendNotLeaderResponses(289)) - 6a44a47c-c3cb-455f-a4b0-0f80624e99c4@group-DFB8EDD51C97-PendingRequests: sendNotLeaderResponses
2023-06-06 14:30:07,450 [6a44a47c-c3cb-455f-a4b0-0f80624e99c4-impl-thread1] INFO  impl.StateMachineUpdater (StateMachineUpdater.java:stopAndJoin(155)) - 6a44a47c-c3cb-455f-a4b0-0f80624e99c4@group-DFB8EDD51C97-StateMachineUpdater: set stopIndex = 0
2023-06-06 14:30:07,450 [6a44a47c-c3cb-455f-a4b0-0f80624e99c4-impl-thread3] INFO  server.RaftServer$Division (RaftServerImpl.java:lambda$close$4(466)) - 6a44a47c-c3cb-455f-a4b0-0f80624e99c4@group-F1BF15834408: shutdown
2023-06-06 14:30:07,450 [6a44a47c-c3cb-455f-a4b0-0f80624e99c4@group-DFB8EDD51C97-StateMachineUpdater] INFO  ratis.ContainerStateMachine (ContainerStateMachine.java:takeSnapshot(330)) - group-DFB8EDD51C97: Taking a snapshot at:(t:1, i:0) file /home/runner/work/ozone/ozone/hadoop-ozone/integration-test/target/test-dir/MiniOzoneClusterImpl-361cfd0c-44c3-4879-9ed3-7c7372459855/datanode-0/data/ratis/ab491664-2b24-4296-9af6-dfb8edd51c97/sm/snapshot.1_0
2023-06-06 14:30:07,450 [6a44a47c-c3cb-455f-a4b0-0f80624e99c4-impl-thread3] INFO  util.JmxRegister (JmxRegister.java:unregister(73)) - Successfully un-registered JMX Bean with object name Ratis:service=RaftServer,group=group-F1BF15834408,id=6a44a47c-c3cb-455f-a4b0-0f80624e99c4
2023-06-06 14:30:07,450 [6a44a47c-c3cb-455f-a4b0-0f80624e99c4-impl-thread3] INFO  impl.RoleInfo (RoleInfo.java:shutdownFollowerState(110)) - 6a44a47c-c3cb-455f-a4b0-0f80624e99c4: shutdown 6a44a47c-c3cb-455f-a4b0-0f80624e99c4@group-F1BF15834408-FollowerState
2023-06-06 14:30:07,450 [Thread-3304] INFO  server.GrpcServerProtocolClient (GrpcServerProtocolClient.java:close(103)) - 5eef21ad-902e-47ea-91c0-32e633c63544 Close channels
2023-06-06 14:30:07,450 [6a44a47c-c3cb-455f-a4b0-0f80624e99c4@group-DFB8EDD51C97-StateMachineUpdater] INFO  ratis.ContainerStateMachine (ContainerStateMachine.java:takeSnapshot(341)) - group-DFB8EDD51C97: Finished taking a snapshot at:(t:1, i:0) file:/home/runner/work/ozone/ozone/hadoop-ozone/integration-test/target/test-dir/MiniOzoneClusterImpl-361cfd0c-44c3-4879-9ed3-7c7372459855/datanode-0/data/ratis/ab491664-2b24-4296-9af6-dfb8edd51c97/sm/snapshot.1_0 took: 1 ms
2023-06-06 14:30:07,451 [6a44a47c-c3cb-455f-a4b0-0f80624e99c4@group-DFB8EDD51C97-StateMachineUpdater] INFO  impl.StateMachineUpdater (StateMachineUpdater.java:takeSnapshot(291)) - 6a44a47c-c3cb-455f-a4b0-0f80624e99c4@group-DFB8EDD51C97-StateMachineUpdater: Took a snapshot at index 0
2023-06-06 14:30:07,451 [6a44a47c-c3cb-455f-a4b0-0f80624e99c4@group-DFB8EDD51C97-StateMachineUpdater] INFO  impl.StateMachineUpdater (StateMachineUpdater.java:lambda$new$0(97)) - 6a44a47c-c3cb-455f-a4b0-0f80624e99c4@group-DFB8EDD51C97-StateMachineUpdater: snapshotIndex: updateIncreasingly -1 -> 0
2023-06-06 14:30:07,451 [Thread-3306] INFO  server.GrpcServerProtocolClient (GrpcServerProtocolClient.java:close(103)) - d5652d2f-6525-48cf-9e21-3b5358e36b18 Close channels
2023-06-06 14:30:07,451 [6a44a47c-c3cb-455f-a4b0-0f80624e99c4-impl-thread1] INFO  server.RaftServer$Division (ServerState.java:close(472)) - 6a44a47c-c3cb-455f-a4b0-0f80624e99c4@group-DFB8EDD51C97: closes. applyIndex: 0
2023-06-06 14:30:07,452 [Thread-3301] INFO  server.GrpcServerProtocolClient (GrpcServerProtocolClient.java:close(103)) - d5652d2f-6525-48cf-9e21-3b5358e36b18 Close channels
2023-06-06 14:30:07,452 [5eef21ad-902e-47ea-91c0-32e633c63544-impl-thread2] INFO  impl.PendingRequests (PendingRequests.java:sendNotLeaderResponses(289)) - 5eef21ad-902e-47ea-91c0-32e633c63544@group-F1BF15834408-PendingRequests: sendNotLeaderResponses
2023-06-06 14:30:07,453 [5eef21ad-902e-47ea-91c0-32e633c63544-impl-thread2] INFO  impl.StateMachineUpdater (StateMachineUpdater.java:stopAndJoin(155)) - 5eef21ad-902e-47ea-91c0-32e633c63544@group-F1BF15834408-StateMachineUpdater: set stopIndex = 0
2023-06-06 14:30:07,453 [5eef21ad-902e-47ea-91c0-32e633c63544@group-F1BF15834408->6a44a47c-c3cb-455f-a4b0-0f80624e99c4-GrpcLogAppender-LogAppenderDaemon] WARN  server.GrpcLogAppender (GrpcLogAppender.java:mayWait(199)) - 5eef21ad-902e-47ea-91c0-32e633c63544@group-F1BF15834408->6a44a47c-c3cb-455f-a4b0-0f80624e99c4-GrpcLogAppender: Wait interrupted by java.lang.InterruptedException
2023-06-06 14:30:07,453 [5eef21ad-902e-47ea-91c0-32e633c63544@group-F1BF15834408-StateMachineUpdater] INFO  ratis.ContainerStateMachine (ContainerStateMachine.java:takeSnapshot(330)) - group-F1BF15834408: Taking a snapshot at:(t:1, i:0) file /home/runner/work/ozone/ozone/hadoop-ozone/integration-test/target/test-dir/MiniOzoneClusterImpl-361cfd0c-44c3-4879-9ed3-7c7372459855/datanode-1/data/ratis/b98d40d0-05b0-4033-b773-f1bf15834408/sm/snapshot.1_0
2023-06-06 14:30:07,453 [5eef21ad-902e-47ea-91c0-32e633c63544@group-F1BF15834408->d5652d2f-6525-48cf-9e21-3b5358e36b18-GrpcLogAppender-LogAppenderDaemon] WARN  server.GrpcLogAppender (GrpcLogAppender.java:mayWait(199)) - 5eef21ad-902e-47ea-91c0-32e633c63544@group-F1BF15834408->d5652d2f-6525-48cf-9e21-3b5358e36b18-GrpcLogAppender: Wait interrupted by java.lang.InterruptedException
2023-06-06 14:30:07,453 [5eef21ad-902e-47ea-91c0-32e633c63544@group-F1BF15834408-StateMachineUpdater] INFO  ratis.ContainerStateMachine (ContainerStateMachine.java:takeSnapshot(341)) - group-F1BF15834408: Finished taking a snapshot at:(t:1, i:0) file:/home/runner/work/ozone/ozone/hadoop-ozone/integration-test/target/test-dir/MiniOzoneClusterImpl-361cfd0c-44c3-4879-9ed3-7c7372459855/datanode-1/data/ratis/b98d40d0-05b0-4033-b773-f1bf15834408/sm/snapshot.1_0 took: 0 ms
2023-06-06 14:30:07,453 [5eef21ad-902e-47ea-91c0-32e633c63544@group-F1BF15834408-StateMachineUpdater] INFO  impl.StateMachineUpdater (StateMachineUpdater.java:takeSnapshot(291)) - 5eef21ad-902e-47ea-91c0-32e633c63544@group-F1BF15834408-StateMachineUpdater: Took a snapshot at index 0
2023-06-06 14:30:07,453 [5eef21ad-902e-47ea-91c0-32e633c63544@group-F1BF15834408-StateMachineUpdater] INFO  impl.StateMachineUpdater (StateMachineUpdater.java:lambda$new$0(97)) - 5eef21ad-902e-47ea-91c0-32e633c63544@group-F1BF15834408-StateMachineUpdater: snapshotIndex: updateIncreasingly -1 -> 0
2023-06-06 14:30:07,454 [6a44a47c-c3cb-455f-a4b0-0f80624e99c4-impl-thread3] INFO  impl.StateMachineUpdater (StateMachineUpdater.java:stopAndJoin(155)) - 6a44a47c-c3cb-455f-a4b0-0f80624e99c4@group-F1BF15834408-StateMachineUpdater: set stopIndex = 0
2023-06-06 14:30:07,454 [6a44a47c-c3cb-455f-a4b0-0f80624e99c4-impl-thread2] INFO  impl.PendingRequests (PendingRequests.java:sendNotLeaderResponses(289)) - 6a44a47c-c3cb-455f-a4b0-0f80624e99c4@group-54BC6014DD25-PendingRequests: sendNotLeaderResponses
2023-06-06 14:30:07,454 [6a44a47c-c3cb-455f-a4b0-0f80624e99c4-impl-thread2] INFO  impl.StateMachineUpdater (StateMachineUpdater.java:stopAndJoin(155)) - 6a44a47c-c3cb-455f-a4b0-0f80624e99c4@group-54BC6014DD25-StateMachineUpdater: set stopIndex = 0
2023-06-06 14:30:07,454 [grpc-default-executor-4] INFO  server.GrpcServerProtocolService (GrpcServerProtocolService.java:onCompleted(155)) - 6a44a47c-c3cb-455f-a4b0-0f80624e99c4: Completed APPEND_ENTRIES, lastRequest: 5eef21ad-902e-47ea-91c0-32e633c63544->6a44a47c-c3cb-455f-a4b0-0f80624e99c4#1-t1,previous=(t:0, i:0),leaderCommit=-1,initializing? true,entries: size=1, first=(t:1, i:0), CONFIGURATIONENTRY(current:id: "5eef21ad-902e-47ea-91c0-32e633c63544"
address: "10.1.0.37:15232"
priority: 1
dataStreamAddress: "10.1.0.37:15233"
clientAddress: "10.1.0.37:15230"
adminAddress: "10.1.0.37:15231"
startupRole: FOLLOWER
,id: "6a44a47c-c3cb-455f-a4b0-0f80624e99c4"
address: "10.1.0.37:15223"
dataStreamAddress: "10.1.0.37:15224"
clientAddress: "10.1.0.37:15221"
adminAddress: "10.1.0.37:15222"
startupRole: FOLLOWER
,id: "d5652d2f-6525-48cf-9e21-3b5358e36b18"
address: "10.1.0.37:15241"
dataStreamAddress: "10.1.0.37:15242"
clientAddress: "10.1.0.37:15239"
adminAddress: "10.1.0.37:15240"
startupRole: FOLLOWER
, old:)
2023-06-06 14:30:07,454 [grpc-default-executor-4] INFO  server.GrpcServerProtocolService (GrpcServerProtocolService.java:lambda$onCompleted$5(157)) - 6a44a47c-c3cb-455f-a4b0-0f80624e99c4: Completed APPEND_ENTRIES, lastReply: null
2023-06-06 14:30:07,454 [6a44a47c-c3cb-455f-a4b0-0f80624e99c4@group-F1BF15834408-FollowerState] INFO  impl.FollowerState (FollowerState.java:run(152)) - 6a44a47c-c3cb-455f-a4b0-0f80624e99c4@group-F1BF15834408-FollowerState was interrupted
2023-06-06 14:30:07,455 [5eef21ad-902e-47ea-91c0-32e633c63544-impl-thread2] INFO  server.RaftServer$Division (ServerState.java:close(472)) - 5eef21ad-902e-47ea-91c0-32e633c63544@group-F1BF15834408: closes. applyIndex: 0
2023-06-06 14:30:07,456 [grpc-default-executor-1] INFO  server.GrpcServerProtocolService (GrpcServerProtocolService.java:onCompleted(155)) - 6a44a47c-c3cb-455f-a4b0-0f80624e99c4: Completed APPEND_ENTRIES, lastRequest: null
2023-06-06 14:30:07,456 [grpc-default-executor-1] INFO  server.GrpcServerProtocolService (GrpcServerProtocolService.java:lambda$onCompleted$5(157)) - 6a44a47c-c3cb-455f-a4b0-0f80624e99c4: Completed APPEND_ENTRIES, lastReply: serverReply {
  requestorId: "5eef21ad-902e-47ea-91c0-32e633c63544"
  replyId: "6a44a47c-c3cb-455f-a4b0-0f80624e99c4"
  raftGroupId {
    id: "\271\215@\320\005\260@3\267s\361\277\025\203D\b"
  }
  callId: 8
  success: true
}
term: 1
nextIndex: 1
matchIndex: 18446744073709551615
isHearbeat: true

2023-06-06 14:30:07,456 [grpc-default-executor-5] INFO  server.GrpcServerProtocolService (GrpcServerProtocolService.java:onCompleted(155)) - d5652d2f-6525-48cf-9e21-3b5358e36b18: Completed APPEND_ENTRIES, lastRequest: null
2023-06-06 14:30:07,456 [grpc-default-executor-5] INFO  server.GrpcServerProtocolService (GrpcServerProtocolService.java:lambda$onCompleted$5(157)) - d5652d2f-6525-48cf-9e21-3b5358e36b18: Completed APPEND_ENTRIES, lastReply: serverReply {
  requestorId: "5eef21ad-902e-47ea-91c0-32e633c63544"
  replyId: "d5652d2f-6525-48cf-9e21-3b5358e36b18"
  raftGroupId {
    id: "\271\215@\320\005\260@3\267s\361\277\025\203D\b"
  }
  callId: 7
  success: true
}
term: 1
nextIndex: 1
matchIndex: 18446744073709551615
isHearbeat: true

2023-06-06 14:30:07,456 [grpc-default-executor-0] INFO  server.GrpcLogAppender (GrpcLogAppender.java:onCompleted(428)) - 5eef21ad-902e-47ea-91c0-32e633c63544@group-F1BF15834408->6a44a47c-c3cb-455f-a4b0-0f80624e99c4-AppendLogResponseHandler: follower responses appendEntries COMPLETED
2023-06-06 14:30:07,456 [grpc-default-executor-0] WARN  server.GrpcLogAppender (GrpcLogAppender.java:resetClient(137)) - 5eef21ad-902e-47ea-91c0-32e633c63544@group-F1BF15834408->6a44a47c-c3cb-455f-a4b0-0f80624e99c4-GrpcLogAppender: Failed to getClient for 6a44a47c-c3cb-455f-a4b0-0f80624e99c4
org.apache.ratis.protocol.exceptions.AlreadyClosedException: 5eef21ad-902e-47ea-91c0-32e633c63544 is already CLOSED
	at org.apache.ratis.util.PeerProxyMap$PeerAndProxy.getProxy(PeerProxyMap.java:61)
	at org.apache.ratis.util.PeerProxyMap.getProxy(PeerProxyMap.java:115)
	at org.apache.ratis.grpc.server.GrpcLogAppender.getClient(GrpcLogAppender.java:112)
	at org.apache.ratis.grpc.server.GrpcLogAppender.resetClient(GrpcLogAppender.java:117)
	at org.apache.ratis.grpc.server.GrpcLogAppender.access$500(GrpcLogAppender.java:56)
	at org.apache.ratis.grpc.server.GrpcLogAppender$AppendLogResponseHandler.onCompleted(GrpcLogAppender.java:429)
	at org.apache.ratis.thirdparty.io.grpc.stub.ClientCalls$StreamObserverToCallListenerAdapter.onClose(ClientCalls.java:485)
	at org.apache.ratis.thirdparty.io.grpc.internal.ClientCallImpl.closeObserver(ClientCallImpl.java:563)
	at org.apache.ratis.thirdparty.io.grpc.internal.ClientCallImpl.access$300(ClientCallImpl.java:70)
	at org.apache.ratis.thirdparty.io.grpc.internal.ClientCallImpl$ClientStreamListenerImpl$1StreamClosed.runInternal(ClientCallImpl.java:744)
	at org.apache.ratis.thirdparty.io.grpc.internal.ClientCallImpl$ClientStreamListenerImpl$1StreamClosed.runInContext(ClientCallImpl.java:723)
	at org.apache.ratis.thirdparty.io.grpc.internal.ContextRunnable.run(ContextRunnable.java:37)
	at org.apache.ratis.thirdparty.io.grpc.internal.SerializingExecutor.run(SerializingExecutor.java:133)
	at java.util.concurrent.ThreadPoolExecutor.runWorker(ThreadPoolExecutor.java:1149)
	at java.util.concurrent.ThreadPoolExecutor$Worker.run(ThreadPoolExecutor.java:624)
	at java.lang.Thread.run(Thread.java:750)
2023-06-06 14:30:07,457 [6a44a47c-c3cb-455f-a4b0-0f80624e99c4@group-54BC6014DD25->d5652d2f-6525-48cf-9e21-3b5358e36b18-GrpcLogAppender-LogAppenderDaemon] WARN  server.GrpcLogAppender (GrpcLogAppender.java:mayWait(199)) - 6a44a47c-c3cb-455f-a4b0-0f80624e99c4@group-54BC6014DD25->d5652d2f-6525-48cf-9e21-3b5358e36b18-GrpcLogAppender: Wait interrupted by java.lang.InterruptedException
2023-06-06 14:30:07,458 [6a44a47c-c3cb-455f-a4b0-0f80624e99c4@group-54BC6014DD25->5eef21ad-902e-47ea-91c0-32e633c63544-GrpcLogAppender-LogAppenderDaemon] WARN  server.GrpcLogAppender (GrpcLogAppender.java:mayWait(199)) - 6a44a47c-c3cb-455f-a4b0-0f80624e99c4@group-54BC6014DD25->5eef21ad-902e-47ea-91c0-32e633c63544-GrpcLogAppender: Wait interrupted by java.lang.InterruptedException
2023-06-06 14:30:07,458 [grpc-default-executor-6] INFO  server.GrpcServerProtocolService (GrpcServerProtocolService.java:onCompleted(155)) - d5652d2f-6525-48cf-9e21-3b5358e36b18: Completed APPEND_ENTRIES, lastRequest: 5eef21ad-902e-47ea-91c0-32e633c63544->d5652d2f-6525-48cf-9e21-3b5358e36b18#1-t1,previous=(t:0, i:0),leaderCommit=-1,initializing? true,entries: size=1, first=(t:1, i:0), CONFIGURATIONENTRY(current:id: "5eef21ad-902e-47ea-91c0-32e633c63544"
address: "10.1.0.37:15232"
priority: 1
dataStreamAddress: "10.1.0.37:15233"
clientAddress: "10.1.0.37:15230"
adminAddress: "10.1.0.37:15231"
startupRole: FOLLOWER
,id: "6a44a47c-c3cb-455f-a4b0-0f80624e99c4"
address: "10.1.0.37:15223"
dataStreamAddress: "10.1.0.37:15224"
clientAddress: "10.1.0.37:15221"
adminAddress: "10.1.0.37:15222"
startupRole: FOLLOWER
,id: "d5652d2f-6525-48cf-9e21-3b5358e36b18"
address: "10.1.0.37:15241"
dataStreamAddress: "10.1.0.37:15242"
clientAddress: "10.1.0.37:15239"
adminAddress: "10.1.0.37:15240"
startupRole: FOLLOWER
, old:)
2023-06-06 14:30:07,458 [grpc-default-executor-6] INFO  server.GrpcServerProtocolService (GrpcServerProtocolService.java:lambda$onCompleted$5(157)) - d5652d2f-6525-48cf-9e21-3b5358e36b18: Completed APPEND_ENTRIES, lastReply: null
2023-06-06 14:30:07,458 [6a44a47c-c3cb-455f-a4b0-0f80624e99c4@group-F1BF15834408-StateMachineUpdater] INFO  ratis.ContainerStateMachine (ContainerStateMachine.java:takeSnapshot(330)) - group-F1BF15834408: Taking a snapshot at:(t:1, i:0) file /home/runner/work/ozone/ozone/hadoop-ozone/integration-test/target/test-dir/MiniOzoneClusterImpl-361cfd0c-44c3-4879-9ed3-7c7372459855/datanode-0/data/ratis/b98d40d0-05b0-4033-b773-f1bf15834408/sm/snapshot.1_0
2023-06-06 14:30:07,459 [ForkJoinPool.commonPool-worker-1] INFO  ozoneimpl.OzoneContainer (OzoneContainer.java:stop(420)) - Attempting to stop container services.
2023-06-06 14:30:07,460 [6a44a47c-c3cb-455f-a4b0-0f80624e99c4@group-54BC6014DD25-StateMachineUpdater] INFO  ratis.ContainerStateMachine (ContainerStateMachine.java:takeSnapshot(330)) - group-54BC6014DD25: Taking a snapshot at:(t:1, i:0) file /home/runner/work/ozone/ozone/hadoop-ozone/integration-test/target/test-dir/MiniOzoneClusterImpl-361cfd0c-44c3-4879-9ed3-7c7372459855/datanode-0/data/ratis/c416c1d6-d8df-4f7c-8296-54bc6014dd25/sm/snapshot.1_0
2023-06-06 14:30:07,460 [ForkJoinPool.commonPool-worker-1] INFO  server.RaftServer (RaftServerProxy.java:lambda$close$6(416)) - d5652d2f-6525-48cf-9e21-3b5358e36b18: close
2023-06-06 14:30:07,460 [d5652d2f-6525-48cf-9e21-3b5358e36b18-impl-thread1] INFO  server.RaftServer$Division (RaftServerImpl.java:lambda$close$4(466)) - d5652d2f-6525-48cf-9e21-3b5358e36b18@group-54BC6014DD25: shutdown
2023-06-06 14:30:07,460 [6a44a47c-c3cb-455f-a4b0-0f80624e99c4@group-54BC6014DD25-StateMachineUpdater] INFO  ratis.ContainerStateMachine (ContainerStateMachine.java:takeSnapshot(341)) - group-54BC6014DD25: Finished taking a snapshot at:(t:1, i:0) file:/home/runner/work/ozone/ozone/hadoop-ozone/integration-test/target/test-dir/MiniOzoneClusterImpl-361cfd0c-44c3-4879-9ed3-7c7372459855/datanode-0/data/ratis/c416c1d6-d8df-4f7c-8296-54bc6014dd25/sm/snapshot.1_0 took: 0 ms
2023-06-06 14:30:07,460 [d5652d2f-6525-48cf-9e21-3b5358e36b18-impl-thread1] INFO  util.JmxRegister (JmxRegister.java:unregister(73)) - Successfully un-registered JMX Bean with object name Ratis:service=RaftServer,group=group-54BC6014DD25,id=d5652d2f-6525-48cf-9e21-3b5358e36b18
2023-06-06 14:30:07,460 [d5652d2f-6525-48cf-9e21-3b5358e36b18-impl-thread1] INFO  impl.RoleInfo (RoleInfo.java:shutdownFollowerState(110)) - d5652d2f-6525-48cf-9e21-3b5358e36b18: shutdown d5652d2f-6525-48cf-9e21-3b5358e36b18@group-54BC6014DD25-FollowerState
2023-06-06 14:30:07,460 [d5652d2f-6525-48cf-9e21-3b5358e36b18-impl-thread1] INFO  impl.StateMachineUpdater (StateMachineUpdater.java:stopAndJoin(155)) - d5652d2f-6525-48cf-9e21-3b5358e36b18@group-54BC6014DD25-StateMachineUpdater: set stopIndex = 0
2023-06-06 14:30:07,460 [d5652d2f-6525-48cf-9e21-3b5358e36b18@group-54BC6014DD25-FollowerState] INFO  impl.FollowerState (FollowerState.java:run(152)) - d5652d2f-6525-48cf-9e21-3b5358e36b18@group-54BC6014DD25-FollowerState was interrupted
2023-06-06 14:30:07,460 [d5652d2f-6525-48cf-9e21-3b5358e36b18@group-54BC6014DD25-StateMachineUpdater] INFO  ratis.ContainerStateMachine (ContainerStateMachine.java:takeSnapshot(330)) - group-54BC6014DD25: Taking a snapshot at:(t:1, i:0) file /home/runner/work/ozone/ozone/hadoop-ozone/integration-test/target/test-dir/MiniOzoneClusterImpl-361cfd0c-44c3-4879-9ed3-7c7372459855/datanode-2/data/ratis/c416c1d6-d8df-4f7c-8296-54bc6014dd25/sm/snapshot.1_0
2023-06-06 14:30:07,460 [d5652d2f-6525-48cf-9e21-3b5358e36b18-impl-thread2] INFO  server.RaftServer$Division (RaftServerImpl.java:lambda$close$4(466)) - d5652d2f-6525-48cf-9e21-3b5358e36b18@group-F1BF15834408: shutdown
2023-06-06 14:30:07,460 [d5652d2f-6525-48cf-9e21-3b5358e36b18-impl-thread2] INFO  util.JmxRegister (JmxRegister.java:unregister(73)) - Successfully un-registered JMX Bean with object name Ratis:service=RaftServer,group=group-F1BF15834408,id=d5652d2f-6525-48cf-9e21-3b5358e36b18
2023-06-06 14:30:07,460 [d5652d2f-6525-48cf-9e21-3b5358e36b18-impl-thread2] INFO  impl.RoleInfo (RoleInfo.java:shutdownFollowerState(110)) - d5652d2f-6525-48cf-9e21-3b5358e36b18: shutdown d5652d2f-6525-48cf-9e21-3b5358e36b18@group-F1BF15834408-FollowerState
2023-06-06 14:30:07,460 [6a44a47c-c3cb-455f-a4b0-0f80624e99c4@group-54BC6014DD25-StateMachineUpdater] INFO  impl.StateMachineUpdater (StateMachineUpdater.java:takeSnapshot(291)) - 6a44a47c-c3cb-455f-a4b0-0f80624e99c4@group-54BC6014DD25-StateMachineUpdater: Took a snapshot at index 0
2023-06-06 14:30:07,461 [6a44a47c-c3cb-455f-a4b0-0f80624e99c4@group-54BC6014DD25-StateMachineUpdater] INFO  impl.StateMachineUpdater (StateMachineUpdater.java:lambda$new$0(97)) - 6a44a47c-c3cb-455f-a4b0-0f80624e99c4@group-54BC6014DD25-StateMachineUpdater: snapshotIndex: updateIncreasingly -1 -> 0
2023-06-06 14:30:07,461 [d5652d2f-6525-48cf-9e21-3b5358e36b18@group-54BC6014DD25-StateMachineUpdater] INFO  ratis.ContainerStateMachine (ContainerStateMachine.java:takeSnapshot(341)) - group-54BC6014DD25: Finished taking a snapshot at:(t:1, i:0) file:/home/runner/work/ozone/ozone/hadoop-ozone/integration-test/target/test-dir/MiniOzoneClusterImpl-361cfd0c-44c3-4879-9ed3-7c7372459855/datanode-2/data/ratis/c416c1d6-d8df-4f7c-8296-54bc6014dd25/sm/snapshot.1_0 took: 0 ms
2023-06-06 14:30:07,461 [6a44a47c-c3cb-455f-a4b0-0f80624e99c4-impl-thread2] INFO  server.RaftServer$Division (ServerState.java:close(472)) - 6a44a47c-c3cb-455f-a4b0-0f80624e99c4@group-54BC6014DD25: closes. applyIndex: 0
2023-06-06 14:30:07,461 [d5652d2f-6525-48cf-9e21-3b5358e36b18@group-54BC6014DD25-StateMachineUpdater] INFO  impl.StateMachineUpdater (StateMachineUpdater.java:takeSnapshot(291)) - d5652d2f-6525-48cf-9e21-3b5358e36b18@group-54BC6014DD25-StateMachineUpdater: Took a snapshot at index 0
2023-06-06 14:30:07,461 [d5652d2f-6525-48cf-9e21-3b5358e36b18@group-54BC6014DD25-StateMachineUpdater] INFO  impl.StateMachineUpdater (StateMachineUpdater.java:lambda$new$0(97)) - d5652d2f-6525-48cf-9e21-3b5358e36b18@group-54BC6014DD25-StateMachineUpdater: snapshotIndex: updateIncreasingly -1 -> 0
2023-06-06 14:30:07,461 [d5652d2f-6525-48cf-9e21-3b5358e36b18-impl-thread1] INFO  server.RaftServer$Division (ServerState.java:close(472)) - d5652d2f-6525-48cf-9e21-3b5358e36b18@group-54BC6014DD25: closes. applyIndex: 0
2023-06-06 14:30:07,462 [grpc-default-executor-0] INFO  server.GrpcServerProtocolService (GrpcServerProtocolService.java:onCompleted(155)) - d5652d2f-6525-48cf-9e21-3b5358e36b18: Completed APPEND_ENTRIES, lastRequest: 6a44a47c-c3cb-455f-a4b0-0f80624e99c4->d5652d2f-6525-48cf-9e21-3b5358e36b18#1-t1,previous=(t:0, i:0),leaderCommit=-1,initializing? true,entries: size=1, first=(t:1, i:0), CONFIGURATIONENTRY(current:id: "5eef21ad-902e-47ea-91c0-32e633c63544"
address: "10.1.0.37:15232"
dataStreamAddress: "10.1.0.37:15233"
clientAddress: "10.1.0.37:15230"
adminAddress: "10.1.0.37:15231"
startupRole: FOLLOWER
,id: "6a44a47c-c3cb-455f-a4b0-0f80624e99c4"
address: "10.1.0.37:15223"
priority: 1
dataStreamAddress: "10.1.0.37:15224"
clientAddress: "10.1.0.37:15221"
adminAddress: "10.1.0.37:15222"
startupRole: FOLLOWER
,id: "d5652d2f-6525-48cf-9e21-3b5358e36b18"
address: "10.1.0.37:15241"
dataStreamAddress: "10.1.0.37:15242"
clientAddress: "10.1.0.37:15239"
adminAddress: "10.1.0.37:15240"
startupRole: FOLLOWER
, old:)
2023-06-06 14:30:07,462 [grpc-default-executor-0] INFO  server.GrpcServerProtocolService (GrpcServerProtocolService.java:lambda$onCompleted$5(157)) - d5652d2f-6525-48cf-9e21-3b5358e36b18: Completed APPEND_ENTRIES, lastReply: null
2023-06-06 14:30:07,462 [grpc-default-executor-5] INFO  server.GrpcServerProtocolService (GrpcServerProtocolService.java:onCompleted(155)) - 5eef21ad-902e-47ea-91c0-32e633c63544: Completed APPEND_ENTRIES, lastRequest: 6a44a47c-c3cb-455f-a4b0-0f80624e99c4->5eef21ad-902e-47ea-91c0-32e633c63544#1-t1,previous=(t:0, i:0),leaderCommit=-1,initializing? true,entries: size=1, first=(t:1, i:0), CONFIGURATIONENTRY(current:id: "5eef21ad-902e-47ea-91c0-32e633c63544"
address: "10.1.0.37:15232"
dataStreamAddress: "10.1.0.37:15233"
clientAddress: "10.1.0.37:15230"
adminAddress: "10.1.0.37:15231"
startupRole: FOLLOWER
,id: "6a44a47c-c3cb-455f-a4b0-0f80624e99c4"
address: "10.1.0.37:15223"
priority: 1
dataStreamAddress: "10.1.0.37:15224"
clientAddress: "10.1.0.37:15221"
adminAddress: "10.1.0.37:15222"
startupRole: FOLLOWER
,id: "d5652d2f-6525-48cf-9e21-3b5358e36b18"
address: "10.1.0.37:15241"
dataStreamAddress: "10.1.0.37:15242"
clientAddress: "10.1.0.37:15239"
adminAddress: "10.1.0.37:15240"
startupRole: FOLLOWER
, old:)
2023-06-06 14:30:07,462 [grpc-default-executor-5] INFO  server.GrpcServerProtocolService (GrpcServerProtocolService.java:lambda$onCompleted$5(157)) - 5eef21ad-902e-47ea-91c0-32e633c63544: Completed APPEND_ENTRIES, lastReply: null
2023-06-06 14:30:07,465 [ForkJoinPool.commonPool-worker-1] INFO  server.GrpcService (GrpcService.java:closeImpl(311)) - d5652d2f-6525-48cf-9e21-3b5358e36b18: shutdown server org.apache.ratis.grpc.server.GrpcClientProtocolService now
2023-06-06 14:30:07,466 [grpc-default-executor-0] INFO  server.GrpcServerProtocolService (GrpcServerProtocolService.java:onCompleted(155)) - 5eef21ad-902e-47ea-91c0-32e633c63544: Completed APPEND_ENTRIES, lastRequest: null
2023-06-06 14:30:07,466 [d5652d2f-6525-48cf-9e21-3b5358e36b18-impl-thread3] INFO  server.RaftServer$Division (RaftServerImpl.java:lambda$close$4(466)) - d5652d2f-6525-48cf-9e21-3b5358e36b18@group-0864C0ACC566: shutdown
2023-06-06 14:30:07,466 [d5652d2f-6525-48cf-9e21-3b5358e36b18-impl-thread3] INFO  util.JmxRegister (JmxRegister.java:unregister(73)) - Successfully un-registered JMX Bean with object name Ratis:service=RaftServer,group=group-0864C0ACC566,id=d5652d2f-6525-48cf-9e21-3b5358e36b18
2023-06-06 14:30:07,466 [d5652d2f-6525-48cf-9e21-3b5358e36b18-impl-thread3] INFO  impl.RoleInfo (RoleInfo.java:shutdownLeaderState(93)) - d5652d2f-6525-48cf-9e21-3b5358e36b18: shutdown d5652d2f-6525-48cf-9e21-3b5358e36b18@group-0864C0ACC566-LeaderStateImpl
2023-06-06 14:30:07,466 [d5652d2f-6525-48cf-9e21-3b5358e36b18-impl-thread3] INFO  impl.PendingRequests (PendingRequests.java:sendNotLeaderResponses(289)) - d5652d2f-6525-48cf-9e21-3b5358e36b18@group-0864C0ACC566-PendingRequests: sendNotLeaderResponses
2023-06-06 14:30:07,466 [grpc-default-executor-0] INFO  server.GrpcServerProtocolService (GrpcServerProtocolService.java:lambda$onCompleted$5(157)) - 5eef21ad-902e-47ea-91c0-32e633c63544: Completed APPEND_ENTRIES, lastReply: serverReply {
  requestorId: "6a44a47c-c3cb-455f-a4b0-0f80624e99c4"
  replyId: "5eef21ad-902e-47ea-91c0-32e633c63544"
  raftGroupId {
    id: "\304\026\301\326\330\337O|\202\226T\274`\024\335%"
  }
  callId: 7
  success: true
}
term: 1
nextIndex: 1
matchIndex: 18446744073709551615
isHearbeat: true

2023-06-06 14:30:07,466 [d5652d2f-6525-48cf-9e21-3b5358e36b18-impl-thread3] INFO  impl.StateMachineUpdater (StateMachineUpdater.java:stopAndJoin(155)) - d5652d2f-6525-48cf-9e21-3b5358e36b18@group-0864C0ACC566-StateMachineUpdater: set stopIndex = 0
2023-06-06 14:30:07,467 [d5652d2f-6525-48cf-9e21-3b5358e36b18@group-0864C0ACC566-StateMachineUpdater] INFO  ratis.ContainerStateMachine (ContainerStateMachine.java:takeSnapshot(330)) - group-0864C0ACC566: Taking a snapshot at:(t:1, i:0) file /home/runner/work/ozone/ozone/hadoop-ozone/integration-test/target/test-dir/MiniOzoneClusterImpl-361cfd0c-44c3-4879-9ed3-7c7372459855/datanode-2/data/ratis/59908650-9737-4829-8ccf-0864c0acc566/sm/snapshot.1_0
2023-06-06 14:30:07,467 [d5652d2f-6525-48cf-9e21-3b5358e36b18@group-0864C0ACC566-StateMachineUpdater] INFO  ratis.ContainerStateMachine (ContainerStateMachine.java:takeSnapshot(341)) - group-0864C0ACC566: Finished taking a snapshot at:(t:1, i:0) file:/home/runner/work/ozone/ozone/hadoop-ozone/integration-test/target/test-dir/MiniOzoneClusterImpl-361cfd0c-44c3-4879-9ed3-7c7372459855/datanode-2/data/ratis/59908650-9737-4829-8ccf-0864c0acc566/sm/snapshot.1_0 took: 0 ms
2023-06-06 14:30:07,467 [d5652d2f-6525-48cf-9e21-3b5358e36b18@group-0864C0ACC566-StateMachineUpdater] INFO  impl.StateMachineUpdater (StateMachineUpdater.java:takeSnapshot(291)) - d5652d2f-6525-48cf-9e21-3b5358e36b18@group-0864C0ACC566-StateMachineUpdater: Took a snapshot at index 0
2023-06-06 14:30:07,467 [d5652d2f-6525-48cf-9e21-3b5358e36b18@group-0864C0ACC566-StateMachineUpdater] INFO  impl.StateMachineUpdater (StateMachineUpdater.java:lambda$new$0(97)) - d5652d2f-6525-48cf-9e21-3b5358e36b18@group-0864C0ACC566-StateMachineUpdater: snapshotIndex: updateIncreasingly -1 -> 0
2023-06-06 14:30:07,467 [d5652d2f-6525-48cf-9e21-3b5358e36b18-impl-thread3] INFO  server.RaftServer$Division (ServerState.java:close(472)) - d5652d2f-6525-48cf-9e21-3b5358e36b18@group-0864C0ACC566: closes. applyIndex: 0
2023-06-06 14:30:07,467 [6a44a47c-c3cb-455f-a4b0-0f80624e99c4@group-F1BF15834408-StateMachineUpdater] INFO  ratis.ContainerStateMachine (ContainerStateMachine.java:takeSnapshot(341)) - group-F1BF15834408: Finished taking a snapshot at:(t:1, i:0) file:/home/runner/work/ozone/ozone/hadoop-ozone/integration-test/target/test-dir/MiniOzoneClusterImpl-361cfd0c-44c3-4879-9ed3-7c7372459855/datanode-0/data/ratis/b98d40d0-05b0-4033-b773-f1bf15834408/sm/snapshot.1_0 took: 9 ms
2023-06-06 14:30:07,468 [Thread-3309] INFO  server.GrpcServerProtocolClient (GrpcServerProtocolClient.java:close(103)) - 5eef21ad-902e-47ea-91c0-32e633c63544 Close channels
2023-06-06 14:30:07,468 [6a44a47c-c3cb-455f-a4b0-0f80624e99c4@group-F1BF15834408-StateMachineUpdater] INFO  impl.StateMachineUpdater (StateMachineUpdater.java:takeSnapshot(291)) - 6a44a47c-c3cb-455f-a4b0-0f80624e99c4@group-F1BF15834408-StateMachineUpdater: Took a snapshot at index 0
2023-06-06 14:30:07,468 [6a44a47c-c3cb-455f-a4b0-0f80624e99c4@group-F1BF15834408-StateMachineUpdater] INFO  impl.StateMachineUpdater (StateMachineUpdater.java:lambda$new$0(97)) - 6a44a47c-c3cb-455f-a4b0-0f80624e99c4@group-F1BF15834408-StateMachineUpdater: snapshotIndex: updateIncreasingly -1 -> 0
2023-06-06 14:30:07,468 [6a44a47c-c3cb-455f-a4b0-0f80624e99c4-impl-thread3] INFO  server.RaftServer$Division (ServerState.java:close(472)) - 6a44a47c-c3cb-455f-a4b0-0f80624e99c4@group-F1BF15834408: closes. applyIndex: 0
2023-06-06 14:30:07,468 [Thread-3310] INFO  server.GrpcServerProtocolClient (GrpcServerProtocolClient.java:close(103)) - 6a44a47c-c3cb-455f-a4b0-0f80624e99c4 Close channels
2023-06-06 14:30:07,469 [d5652d2f-6525-48cf-9e21-3b5358e36b18-impl-thread2] INFO  impl.StateMachineUpdater (StateMachineUpdater.java:stopAndJoin(155)) - d5652d2f-6525-48cf-9e21-3b5358e36b18@group-F1BF15834408-StateMachineUpdater: set stopIndex = 0
2023-06-06 14:30:07,469 [d5652d2f-6525-48cf-9e21-3b5358e36b18@group-F1BF15834408-FollowerState] INFO  impl.FollowerState (FollowerState.java:run(152)) - d5652d2f-6525-48cf-9e21-3b5358e36b18@group-F1BF15834408-FollowerState was interrupted
2023-06-06 14:30:07,471 [d5652d2f-6525-48cf-9e21-3b5358e36b18@group-F1BF15834408-StateMachineUpdater] INFO  ratis.ContainerStateMachine (ContainerStateMachine.java:takeSnapshot(330)) - group-F1BF15834408: Taking a snapshot at:(t:1, i:0) file /home/runner/work/ozone/ozone/hadoop-ozone/integration-test/target/test-dir/MiniOzoneClusterImpl-361cfd0c-44c3-4879-9ed3-7c7372459855/datanode-2/data/ratis/b98d40d0-05b0-4033-b773-f1bf15834408/sm/snapshot.1_0
2023-06-06 14:30:07,469 [grpc-default-executor-5] INFO  server.GrpcLogAppender (GrpcLogAppender.java:onCompleted(428)) - 5eef21ad-902e-47ea-91c0-32e633c63544@group-F1BF15834408->d5652d2f-6525-48cf-9e21-3b5358e36b18-AppendLogResponseHandler: follower responses appendEntries COMPLETED
2023-06-06 14:30:07,471 [grpc-default-executor-5] WARN  server.GrpcLogAppender (GrpcLogAppender.java:resetClient(137)) - 5eef21ad-902e-47ea-91c0-32e633c63544@group-F1BF15834408->d5652d2f-6525-48cf-9e21-3b5358e36b18-GrpcLogAppender: Failed to getClient for d5652d2f-6525-48cf-9e21-3b5358e36b18
org.apache.ratis.protocol.exceptions.AlreadyClosedException: 5eef21ad-902e-47ea-91c0-32e633c63544 is already CLOSED
	at org.apache.ratis.util.PeerProxyMap$PeerAndProxy.getProxy(PeerProxyMap.java:61)
	at org.apache.ratis.util.PeerProxyMap.getProxy(PeerProxyMap.java:115)
	at org.apache.ratis.grpc.server.GrpcLogAppender.getClient(GrpcLogAppender.java:112)
	at org.apache.ratis.grpc.server.GrpcLogAppender.resetClient(GrpcLogAppender.java:117)
	at org.apache.ratis.grpc.server.GrpcLogAppender.access$500(GrpcLogAppender.java:56)
	at org.apache.ratis.grpc.server.GrpcLogAppender$AppendLogResponseHandler.onCompleted(GrpcLogAppender.java:429)
	at org.apache.ratis.thirdparty.io.grpc.stub.ClientCalls$StreamObserverToCallListenerAdapter.onClose(ClientCalls.java:485)
	at org.apache.ratis.thirdparty.io.grpc.internal.DelayedClientCall$DelayedListener$3.run(DelayedClientCall.java:471)
	at org.apache.ratis.thirdparty.io.grpc.internal.DelayedClientCall$DelayedListener.delayOrExecute(DelayedClientCall.java:435)
	at org.apache.ratis.thirdparty.io.grpc.internal.DelayedClientCall$DelayedListener.onClose(DelayedClientCall.java:468)
	at org.apache.ratis.thirdparty.io.grpc.internal.ClientCallImpl.closeObserver(ClientCallImpl.java:563)
	at org.apache.ratis.thirdparty.io.grpc.internal.ClientCallImpl.access$300(ClientCallImpl.java:70)
	at org.apache.ratis.thirdparty.io.grpc.internal.ClientCallImpl$ClientStreamListenerImpl$1StreamClosed.runInternal(ClientCallImpl.java:744)
	at org.apache.ratis.thirdparty.io.grpc.internal.ClientCallImpl$ClientStreamListenerImpl$1StreamClosed.runInContext(ClientCallImpl.java:723)
	at org.apache.ratis.thirdparty.io.grpc.internal.ContextRunnable.run(ContextRunnable.java:37)
	at org.apache.ratis.thirdparty.io.grpc.internal.SerializingExecutor.run(SerializingExecutor.java:133)
	at java.util.concurrent.ThreadPoolExecutor.runWorker(ThreadPoolExecutor.java:1149)
	at java.util.concurrent.ThreadPoolExecutor$Worker.run(ThreadPoolExecutor.java:624)
	at java.lang.Thread.run(Thread.java:750)
2023-06-06 14:30:07,469 [grpc-default-executor-4] INFO  server.GrpcLogAppender (GrpcLogAppender.java:onCompleted(428)) - 5eef21ad-902e-47ea-91c0-32e633c63544@group-F1BF15834408->6a44a47c-c3cb-455f-a4b0-0f80624e99c4-AppendLogResponseHandler: follower responses appendEntries COMPLETED
2023-06-06 14:30:07,471 [grpc-default-executor-4] WARN  server.GrpcLogAppender (GrpcLogAppender.java:resetClient(137)) - 5eef21ad-902e-47ea-91c0-32e633c63544@group-F1BF15834408->6a44a47c-c3cb-455f-a4b0-0f80624e99c4-GrpcLogAppender: Failed to getClient for 6a44a47c-c3cb-455f-a4b0-0f80624e99c4
org.apache.ratis.protocol.exceptions.AlreadyClosedException: 5eef21ad-902e-47ea-91c0-32e633c63544 is already CLOSED
	at org.apache.ratis.util.PeerProxyMap$PeerAndProxy.getProxy(PeerProxyMap.java:61)
	at org.apache.ratis.util.PeerProxyMap.getProxy(PeerProxyMap.java:115)
	at org.apache.ratis.grpc.server.GrpcLogAppender.getClient(GrpcLogAppender.java:112)
	at org.apache.ratis.grpc.server.GrpcLogAppender.resetClient(GrpcLogAppender.java:117)
	at org.apache.ratis.grpc.server.GrpcLogAppender.access$500(GrpcLogAppender.java:56)
	at org.apache.ratis.grpc.server.GrpcLogAppender$AppendLogResponseHandler.onCompleted(GrpcLogAppender.java:429)
	at org.apache.ratis.thirdparty.io.grpc.stub.ClientCalls$StreamObserverToCallListenerAdapter.onClose(ClientCalls.java:485)
	at org.apache.ratis.thirdparty.io.grpc.internal.DelayedClientCall$DelayedListener$3.run(DelayedClientCall.java:471)
	at org.apache.ratis.thirdparty.io.grpc.internal.DelayedClientCall$DelayedListener.delayOrExecute(DelayedClientCall.java:435)
	at org.apache.ratis.thirdparty.io.grpc.internal.DelayedClientCall$DelayedListener.onClose(DelayedClientCall.java:468)
	at org.apache.ratis.thirdparty.io.grpc.internal.ClientCallImpl.closeObserver(ClientCallImpl.java:563)
	at org.apache.ratis.thirdparty.io.grpc.internal.ClientCallImpl.access$300(ClientCallImpl.java:70)
	at org.apache.ratis.thirdparty.io.grpc.internal.ClientCallImpl$ClientStreamListenerImpl$1StreamClosed.runInternal(ClientCallImpl.java:744)
	at org.apache.ratis.thirdparty.io.grpc.internal.ClientCallImpl$ClientStreamListenerImpl$1StreamClosed.runInContext(ClientCallImpl.java:723)
	at org.apache.ratis.thirdparty.io.grpc.internal.ContextRunnable.run(ContextRunnable.java:37)
	at org.apache.ratis.thirdparty.io.grpc.internal.SerializingExecutor.run(SerializingExecutor.java:133)
	at java.util.concurrent.ThreadPoolExecutor.runWorker(ThreadPoolExecutor.java:1149)
	at java.util.concurrent.ThreadPoolExecutor$Worker.run(ThreadPoolExecutor.java:624)
	at java.lang.Thread.run(Thread.java:750)
2023-06-06 14:30:07,471 [d5652d2f-6525-48cf-9e21-3b5358e36b18@group-F1BF15834408-StateMachineUpdater] INFO  ratis.ContainerStateMachine (ContainerStateMachine.java:takeSnapshot(341)) - group-F1BF15834408: Finished taking a snapshot at:(t:1, i:0) file:/home/runner/work/ozone/ozone/hadoop-ozone/integration-test/target/test-dir/MiniOzoneClusterImpl-361cfd0c-44c3-4879-9ed3-7c7372459855/datanode-2/data/ratis/b98d40d0-05b0-4033-b773-f1bf15834408/sm/snapshot.1_0 took: 0 ms
2023-06-06 14:30:07,474 [d5652d2f-6525-48cf-9e21-3b5358e36b18@group-F1BF15834408-StateMachineUpdater] INFO  impl.StateMachineUpdater (StateMachineUpdater.java:takeSnapshot(291)) - d5652d2f-6525-48cf-9e21-3b5358e36b18@group-F1BF15834408-StateMachineUpdater: Took a snapshot at index 0
2023-06-06 14:30:07,474 [d5652d2f-6525-48cf-9e21-3b5358e36b18@group-F1BF15834408-StateMachineUpdater] INFO  impl.StateMachineUpdater (StateMachineUpdater.java:lambda$new$0(97)) - d5652d2f-6525-48cf-9e21-3b5358e36b18@group-F1BF15834408-StateMachineUpdater: snapshotIndex: updateIncreasingly -1 -> 0
2023-06-06 14:30:07,474 [d5652d2f-6525-48cf-9e21-3b5358e36b18-impl-thread2] INFO  server.RaftServer$Division (ServerState.java:close(472)) - d5652d2f-6525-48cf-9e21-3b5358e36b18@group-F1BF15834408: closes. applyIndex: 0
2023-06-06 14:30:07,475 [grpc-default-executor-1] INFO  server.GrpcLogAppender (GrpcLogAppender.java:onCompleted(428)) - 6a44a47c-c3cb-455f-a4b0-0f80624e99c4@group-54BC6014DD25->d5652d2f-6525-48cf-9e21-3b5358e36b18-AppendLogResponseHandler: follower responses appendEntries COMPLETED
2023-06-06 14:30:07,475 [grpc-default-executor-1] WARN  server.GrpcLogAppender (GrpcLogAppender.java:resetClient(137)) - 6a44a47c-c3cb-455f-a4b0-0f80624e99c4@group-54BC6014DD25->d5652d2f-6525-48cf-9e21-3b5358e36b18-GrpcLogAppender: Failed to getClient for d5652d2f-6525-48cf-9e21-3b5358e36b18
org.apache.ratis.protocol.exceptions.AlreadyClosedException: 6a44a47c-c3cb-455f-a4b0-0f80624e99c4 is already CLOSED
	at org.apache.ratis.util.PeerProxyMap$PeerAndProxy.getProxy(PeerProxyMap.java:61)
	at org.apache.ratis.util.PeerProxyMap.getProxy(PeerProxyMap.java:115)
	at org.apache.ratis.grpc.server.GrpcLogAppender.getClient(GrpcLogAppender.java:112)
	at org.apache.ratis.grpc.server.GrpcLogAppender.resetClient(GrpcLogAppender.java:117)
	at org.apache.ratis.grpc.server.GrpcLogAppender.access$500(GrpcLogAppender.java:56)
	at org.apache.ratis.grpc.server.GrpcLogAppender$AppendLogResponseHandler.onCompleted(GrpcLogAppender.java:429)
	at org.apache.ratis.thirdparty.io.grpc.stub.ClientCalls$StreamObserverToCallListenerAdapter.onClose(ClientCalls.java:485)
	at org.apache.ratis.thirdparty.io.grpc.internal.ClientCallImpl.closeObserver(ClientCallImpl.java:563)
	at org.apache.ratis.thirdparty.io.grpc.internal.ClientCallImpl.access$300(ClientCallImpl.java:70)
	at org.apache.ratis.thirdparty.io.grpc.internal.ClientCallImpl$ClientStreamListenerImpl$1StreamClosed.runInternal(ClientCallImpl.java:744)
	at org.apache.ratis.thirdparty.io.grpc.internal.ClientCallImpl$ClientStreamListenerImpl$1StreamClosed.runInContext(ClientCallImpl.java:723)
	at org.apache.ratis.thirdparty.io.grpc.internal.ContextRunnable.run(ContextRunnable.java:37)
	at org.apache.ratis.thirdparty.io.grpc.internal.SerializingExecutor.run(SerializingExecutor.java:133)
	at java.util.concurrent.ThreadPoolExecutor.runWorker(ThreadPoolExecutor.java:1149)
	at java.util.concurrent.ThreadPoolExecutor$Worker.run(ThreadPoolExecutor.java:624)
	at java.lang.Thread.run(Thread.java:750)
2023-06-06 14:30:07,475 [grpc-default-executor-3] INFO  server.GrpcLogAppender (GrpcLogAppender.java:onCompleted(428)) - 6a44a47c-c3cb-455f-a4b0-0f80624e99c4@group-54BC6014DD25->5eef21ad-902e-47ea-91c0-32e633c63544-AppendLogResponseHandler: follower responses appendEntries COMPLETED
2023-06-06 14:30:07,475 [grpc-default-executor-3] WARN  server.GrpcLogAppender (GrpcLogAppender.java:resetClient(137)) - 6a44a47c-c3cb-455f-a4b0-0f80624e99c4@group-54BC6014DD25->5eef21ad-902e-47ea-91c0-32e633c63544-GrpcLogAppender: Failed to getClient for 5eef21ad-902e-47ea-91c0-32e633c63544
org.apache.ratis.protocol.exceptions.AlreadyClosedException: 6a44a47c-c3cb-455f-a4b0-0f80624e99c4 is already CLOSED
	at org.apache.ratis.util.PeerProxyMap$PeerAndProxy.getProxy(PeerProxyMap.java:61)
	at org.apache.ratis.util.PeerProxyMap.getProxy(PeerProxyMap.java:115)
	at org.apache.ratis.grpc.server.GrpcLogAppender.getClient(GrpcLogAppender.java:112)
	at org.apache.ratis.grpc.server.GrpcLogAppender.resetClient(GrpcLogAppender.java:117)
	at org.apache.ratis.grpc.server.GrpcLogAppender.access$500(GrpcLogAppender.java:56)
	at org.apache.ratis.grpc.server.GrpcLogAppender$AppendLogResponseHandler.onCompleted(GrpcLogAppender.java:429)
	at org.apache.ratis.thirdparty.io.grpc.stub.ClientCalls$StreamObserverToCallListenerAdapter.onClose(ClientCalls.java:485)
	at org.apache.ratis.thirdparty.io.grpc.internal.ClientCallImpl.closeObserver(ClientCallImpl.java:563)
	at org.apache.ratis.thirdparty.io.grpc.internal.ClientCallImpl.access$300(ClientCallImpl.java:70)
	at org.apache.ratis.thirdparty.io.grpc.internal.ClientCallImpl$ClientStreamListenerImpl$1StreamClosed.runInternal(ClientCallImpl.java:744)
	at org.apache.ratis.thirdparty.io.grpc.internal.ClientCallImpl$ClientStreamListenerImpl$1StreamClosed.runInContext(ClientCallImpl.java:723)
	at org.apache.ratis.thirdparty.io.grpc.internal.ContextRunnable.run(ContextRunnable.java:37)
	at org.apache.ratis.thirdparty.io.grpc.internal.SerializingExecutor.run(SerializingExecutor.java:133)
	at java.util.concurrent.ThreadPoolExecutor.runWorker(ThreadPoolExecutor.java:1149)
	at java.util.concurrent.ThreadPoolExecutor$Worker.run(ThreadPoolExecutor.java:624)
	at java.lang.Thread.run(Thread.java:750)
2023-06-06 14:30:07,476 [grpc-default-executor-6] INFO  server.GrpcLogAppender (GrpcLogAppender.java:onCompleted(428)) - 6a44a47c-c3cb-455f-a4b0-0f80624e99c4@group-54BC6014DD25->5eef21ad-902e-47ea-91c0-32e633c63544-AppendLogResponseHandler: follower responses appendEntries COMPLETED
2023-06-06 14:30:07,476 [grpc-default-executor-6] WARN  server.GrpcLogAppender (GrpcLogAppender.java:resetClient(137)) - 6a44a47c-c3cb-455f-a4b0-0f80624e99c4@group-54BC6014DD25->5eef21ad-902e-47ea-91c0-32e633c63544-GrpcLogAppender: Failed to getClient for 5eef21ad-902e-47ea-91c0-32e633c63544
org.apache.ratis.protocol.exceptions.AlreadyClosedException: 6a44a47c-c3cb-455f-a4b0-0f80624e99c4 is already CLOSED
	at org.apache.ratis.util.PeerProxyMap$PeerAndProxy.getProxy(PeerProxyMap.java:61)
	at org.apache.ratis.util.PeerProxyMap.getProxy(PeerProxyMap.java:115)
	at org.apache.ratis.grpc.server.GrpcLogAppender.getClient(GrpcLogAppender.java:112)
	at org.apache.ratis.grpc.server.GrpcLogAppender.resetClient(GrpcLogAppender.java:117)
	at org.apache.ratis.grpc.server.GrpcLogAppender.access$500(GrpcLogAppender.java:56)
	at org.apache.ratis.grpc.server.GrpcLogAppender$AppendLogResponseHandler.onCompleted(GrpcLogAppender.java:429)
	at org.apache.ratis.thirdparty.io.grpc.stub.ClientCalls$StreamObserverToCallListenerAdapter.onClose(ClientCalls.java:485)
	at org.apache.ratis.thirdparty.io.grpc.internal.ClientCallImpl.closeObserver(ClientCallImpl.java:563)
	at org.apache.ratis.thirdparty.io.grpc.internal.ClientCallImpl.access$300(ClientCallImpl.java:70)
	at org.apache.ratis.thirdparty.io.grpc.internal.ClientCallImpl$ClientStreamListenerImpl$1StreamClosed.runInternal(ClientCallImpl.java:744)
	at org.apache.ratis.thirdparty.io.grpc.internal.ClientCallImpl$ClientStreamListenerImpl$1StreamClosed.runInContext(ClientCallImpl.java:723)
	at org.apache.ratis.thirdparty.io.grpc.internal.ContextRunnable.run(ContextRunnable.java:37)
	at org.apache.ratis.thirdparty.io.grpc.internal.SerializingExecutor.run(SerializingExecutor.java:133)
	at java.util.concurrent.ThreadPoolExecutor.runWorker(ThreadPoolExecutor.java:1149)
	at java.util.concurrent.ThreadPoolExecutor$Worker.run(ThreadPoolExecutor.java:624)
	at java.lang.Thread.run(Thread.java:750)
2023-06-06 14:30:07,477 [grpc-default-executor-5] INFO  server.GrpcLogAppender (GrpcLogAppender.java:onCompleted(428)) - 5eef21ad-902e-47ea-91c0-32e633c63544@group-F1BF15834408->d5652d2f-6525-48cf-9e21-3b5358e36b18-AppendLogResponseHandler: follower responses appendEntries COMPLETED
2023-06-06 14:30:07,477 [grpc-default-executor-5] WARN  server.GrpcLogAppender (GrpcLogAppender.java:resetClient(137)) - 5eef21ad-902e-47ea-91c0-32e633c63544@group-F1BF15834408->d5652d2f-6525-48cf-9e21-3b5358e36b18-GrpcLogAppender: Failed to getClient for d5652d2f-6525-48cf-9e21-3b5358e36b18
org.apache.ratis.protocol.exceptions.AlreadyClosedException: 5eef21ad-902e-47ea-91c0-32e633c63544 is already CLOSED
	at org.apache.ratis.util.PeerProxyMap$PeerAndProxy.getProxy(PeerProxyMap.java:61)
	at org.apache.ratis.util.PeerProxyMap.getProxy(PeerProxyMap.java:115)
	at org.apache.ratis.grpc.server.GrpcLogAppender.getClient(GrpcLogAppender.java:112)
	at org.apache.ratis.grpc.server.GrpcLogAppender.resetClient(GrpcLogAppender.java:117)
	at org.apache.ratis.grpc.server.GrpcLogAppender.access$500(GrpcLogAppender.java:56)
	at org.apache.ratis.grpc.server.GrpcLogAppender$AppendLogResponseHandler.onCompleted(GrpcLogAppender.java:429)
	at org.apache.ratis.thirdparty.io.grpc.stub.ClientCalls$StreamObserverToCallListenerAdapter.onClose(ClientCalls.java:485)
	at org.apache.ratis.thirdparty.io.grpc.internal.ClientCallImpl.closeObserver(ClientCallImpl.java:563)
	at org.apache.ratis.thirdparty.io.grpc.internal.ClientCallImpl.access$300(ClientCallImpl.java:70)
	at org.apache.ratis.thirdparty.io.grpc.internal.ClientCallImpl$ClientStreamListenerImpl$1StreamClosed.runInternal(ClientCallImpl.java:744)
	at org.apache.ratis.thirdparty.io.grpc.internal.ClientCallImpl$ClientStreamListenerImpl$1StreamClosed.runInContext(ClientCallImpl.java:723)
	at org.apache.ratis.thirdparty.io.grpc.internal.ContextRunnable.run(ContextRunnable.java:37)
	at org.apache.ratis.thirdparty.io.grpc.internal.SerializingExecutor.run(SerializingExecutor.java:133)
	at java.util.concurrent.ThreadPoolExecutor.runWorker(ThreadPoolExecutor.java:1149)
	at java.util.concurrent.ThreadPoolExecutor$Worker.run(ThreadPoolExecutor.java:624)
	at java.lang.Thread.run(Thread.java:750)
2023-06-06 14:30:07,478 [ForkJoinPool.commonPool-worker-1] INFO  server.GrpcService (GrpcService.java:closeImpl(320)) - d5652d2f-6525-48cf-9e21-3b5358e36b18: shutdown server org.apache.ratis.grpc.server.GrpcClientProtocolService successfully
2023-06-06 14:30:07,477 [grpc-default-executor-4] INFO  server.GrpcServerProtocolService (GrpcServerProtocolService.java:onCompleted(155)) - d5652d2f-6525-48cf-9e21-3b5358e36b18: Completed APPEND_ENTRIES, lastRequest: null
2023-06-06 14:30:07,480 [ForkJoinPool.commonPool-worker-1] INFO  server.GrpcService (GrpcService.java:closeImpl(311)) - d5652d2f-6525-48cf-9e21-3b5358e36b18: shutdown server GrpcServerProtocolService now
2023-06-06 14:30:07,480 [grpc-default-executor-4] INFO  server.GrpcServerProtocolService (GrpcServerProtocolService.java:lambda$onCompleted$5(157)) - d5652d2f-6525-48cf-9e21-3b5358e36b18: Completed APPEND_ENTRIES, lastReply: serverReply {
  requestorId: "6a44a47c-c3cb-455f-a4b0-0f80624e99c4"
  replyId: "d5652d2f-6525-48cf-9e21-3b5358e36b18"
  raftGroupId {
    id: "\304\026\301\326\330\337O|\202\226T\274`\024\335%"
  }
  callId: 8
  success: true
}
term: 1
nextIndex: 1
matchIndex: 18446744073709551615
isHearbeat: true

2023-06-06 14:30:07,480 [Time-limited test] INFO  server.GrpcService (GrpcService.java:closeImpl(320)) - 5eef21ad-902e-47ea-91c0-32e633c63544: shutdown server org.apache.ratis.grpc.server.GrpcClientProtocolService successfully
2023-06-06 14:30:07,480 [Time-limited test] INFO  server.GrpcService (GrpcService.java:closeImpl(311)) - 5eef21ad-902e-47ea-91c0-32e633c63544: shutdown server GrpcServerProtocolService now
2023-06-06 14:30:07,481 [grpc-default-executor-5] INFO  server.GrpcLogAppender (GrpcLogAppender.java:onCompleted(428)) - 6a44a47c-c3cb-455f-a4b0-0f80624e99c4@group-54BC6014DD25->d5652d2f-6525-48cf-9e21-3b5358e36b18-AppendLogResponseHandler: follower responses appendEntries COMPLETED
2023-06-06 14:30:07,481 [grpc-default-executor-5] WARN  server.GrpcLogAppender (GrpcLogAppender.java:resetClient(137)) - 6a44a47c-c3cb-455f-a4b0-0f80624e99c4@group-54BC6014DD25->d5652d2f-6525-48cf-9e21-3b5358e36b18-GrpcLogAppender: Failed to getClient for d5652d2f-6525-48cf-9e21-3b5358e36b18
org.apache.ratis.protocol.exceptions.AlreadyClosedException: 6a44a47c-c3cb-455f-a4b0-0f80624e99c4 is already CLOSED
	at org.apache.ratis.util.PeerProxyMap$PeerAndProxy.getProxy(PeerProxyMap.java:61)
	at org.apache.ratis.util.PeerProxyMap.getProxy(PeerProxyMap.java:115)
	at org.apache.ratis.grpc.server.GrpcLogAppender.getClient(GrpcLogAppender.java:112)
	at org.apache.ratis.grpc.server.GrpcLogAppender.resetClient(GrpcLogAppender.java:117)
	at org.apache.ratis.grpc.server.GrpcLogAppender.access$500(GrpcLogAppender.java:56)
	at org.apache.ratis.grpc.server.GrpcLogAppender$AppendLogResponseHandler.onCompleted(GrpcLogAppender.java:429)
	at org.apache.ratis.thirdparty.io.grpc.stub.ClientCalls$StreamObserverToCallListenerAdapter.onClose(ClientCalls.java:485)
	at org.apache.ratis.thirdparty.io.grpc.internal.ClientCallImpl.closeObserver(ClientCallImpl.java:563)
	at org.apache.ratis.thirdparty.io.grpc.internal.ClientCallImpl.access$300(ClientCallImpl.java:70)
	at org.apache.ratis.thirdparty.io.grpc.internal.ClientCallImpl$ClientStreamListenerImpl$1StreamClosed.runInternal(ClientCallImpl.java:744)
	at org.apache.ratis.thirdparty.io.grpc.internal.ClientCallImpl$ClientStreamListenerImpl$1StreamClosed.runInContext(ClientCallImpl.java:723)
	at org.apache.ratis.thirdparty.io.grpc.internal.ContextRunnable.run(ContextRunnable.java:37)
	at org.apache.ratis.thirdparty.io.grpc.internal.SerializingExecutor.run(SerializingExecutor.java:133)
	at java.util.concurrent.ThreadPoolExecutor.runWorker(ThreadPoolExecutor.java:1149)
	at java.util.concurrent.ThreadPoolExecutor$Worker.run(ThreadPoolExecutor.java:624)
	at java.lang.Thread.run(Thread.java:750)
2023-06-06 14:30:07,482 [ForkJoinPool.commonPool-worker-1] INFO  server.GrpcService (GrpcService.java:closeImpl(320)) - d5652d2f-6525-48cf-9e21-3b5358e36b18: shutdown server GrpcServerProtocolService successfully
2023-06-06 14:30:07,482 [ForkJoinPool.commonPool-worker-1] INFO  server.GrpcService (GrpcService.java:closeImpl(311)) - d5652d2f-6525-48cf-9e21-3b5358e36b18: shutdown server org.apache.ratis.grpc.server.GrpcAdminProtocolService now
2023-06-06 14:30:07,482 [ForkJoinPool.commonPool-worker-1] INFO  server.GrpcService (GrpcService.java:closeImpl(320)) - d5652d2f-6525-48cf-9e21-3b5358e36b18: shutdown server org.apache.ratis.grpc.server.GrpcAdminProtocolService successfully
2023-06-06 14:30:07,482 [d5652d2f-6525-48cf-9e21-3b5358e36b18-NettyServerStreamRpc-bossGroup--thread1] INFO  logging.LoggingHandler (AbstractInternalLogger.java:log(148)) - [id: 0x0b6f7c11, L:/0:0:0:0:0:0:0:0:15242] CLOSE
2023-06-06 14:30:07,483 [d5652d2f-6525-48cf-9e21-3b5358e36b18-NettyServerStreamRpc-bossGroup--thread1] INFO  logging.LoggingHandler (AbstractInternalLogger.java:log(148)) - [id: 0x0b6f7c11, L:/0:0:0:0:0:0:0:0:15242] INACTIVE
2023-06-06 14:30:07,483 [d5652d2f-6525-48cf-9e21-3b5358e36b18-NettyServerStreamRpc-bossGroup--thread1] INFO  logging.LoggingHandler (AbstractInternalLogger.java:log(148)) - [id: 0x0b6f7c11, L:/0:0:0:0:0:0:0:0:15242] UNREGISTERED
2023-06-06 14:30:07,503 [ForkJoinPool.commonPool-worker-0] INFO  server.GrpcService (GrpcService.java:closeImpl(320)) - 6a44a47c-c3cb-455f-a4b0-0f80624e99c4: shutdown server org.apache.ratis.grpc.server.GrpcClientProtocolService successfully
2023-06-06 14:30:07,504 [ForkJoinPool.commonPool-worker-0] INFO  server.GrpcService (GrpcService.java:closeImpl(311)) - 6a44a47c-c3cb-455f-a4b0-0f80624e99c4: shutdown server GrpcServerProtocolService now
2023-06-06 14:30:07,504 [ForkJoinPool.commonPool-worker-0] INFO  server.GrpcService (GrpcService.java:closeImpl(320)) - 6a44a47c-c3cb-455f-a4b0-0f80624e99c4: shutdown server GrpcServerProtocolService successfully
2023-06-06 14:30:07,504 [ForkJoinPool.commonPool-worker-0] INFO  server.GrpcService (GrpcService.java:closeImpl(311)) - 6a44a47c-c3cb-455f-a4b0-0f80624e99c4: shutdown server org.apache.ratis.grpc.server.GrpcAdminProtocolService now
2023-06-06 14:30:07,508 [Time-limited test] INFO  server.GrpcService (GrpcService.java:closeImpl(320)) - 5eef21ad-902e-47ea-91c0-32e633c63544: shutdown server GrpcServerProtocolService successfully
2023-06-06 14:30:07,508 [Time-limited test] INFO  server.GrpcService (GrpcService.java:closeImpl(311)) - 5eef21ad-902e-47ea-91c0-32e633c63544: shutdown server org.apache.ratis.grpc.server.GrpcAdminProtocolService now
2023-06-06 14:30:07,511 [ForkJoinPool.commonPool-worker-0] INFO  server.GrpcService (GrpcService.java:closeImpl(320)) - 6a44a47c-c3cb-455f-a4b0-0f80624e99c4: shutdown server org.apache.ratis.grpc.server.GrpcAdminProtocolService successfully
2023-06-06 14:30:07,512 [6a44a47c-c3cb-455f-a4b0-0f80624e99c4-NettyServerStreamRpc-bossGroup--thread1] INFO  logging.LoggingHandler (AbstractInternalLogger.java:log(148)) - [id: 0x2162130c, L:/0:0:0:0:0:0:0:0:15224] CLOSE
2023-06-06 14:30:07,512 [6a44a47c-c3cb-455f-a4b0-0f80624e99c4-NettyServerStreamRpc-bossGroup--thread1] INFO  logging.LoggingHandler (AbstractInternalLogger.java:log(148)) - [id: 0x2162130c, L:/0:0:0:0:0:0:0:0:15224] INACTIVE
2023-06-06 14:30:07,512 [6a44a47c-c3cb-455f-a4b0-0f80624e99c4-NettyServerStreamRpc-bossGroup--thread1] INFO  logging.LoggingHandler (AbstractInternalLogger.java:log(148)) - [id: 0x2162130c, L:/0:0:0:0:0:0:0:0:15224] UNREGISTERED
2023-06-06 14:30:07,518 [Time-limited test] INFO  server.GrpcService (GrpcService.java:closeImpl(320)) - 5eef21ad-902e-47ea-91c0-32e633c63544: shutdown server org.apache.ratis.grpc.server.GrpcAdminProtocolService successfully
2023-06-06 14:30:07,518 [5eef21ad-902e-47ea-91c0-32e633c63544-NettyServerStreamRpc-bossGroup--thread1] INFO  logging.LoggingHandler (AbstractInternalLogger.java:log(148)) - [id: 0x4781012f, L:/0:0:0:0:0:0:0:0:15233] CLOSE
2023-06-06 14:30:07,518 [5eef21ad-902e-47ea-91c0-32e633c63544-NettyServerStreamRpc-bossGroup--thread1] INFO  logging.LoggingHandler (AbstractInternalLogger.java:log(148)) - [id: 0x4781012f, L:/0:0:0:0:0:0:0:0:15233] INACTIVE
2023-06-06 14:30:07,518 [5eef21ad-902e-47ea-91c0-32e633c63544-NettyServerStreamRpc-bossGroup--thread1] INFO  logging.LoggingHandler (AbstractInternalLogger.java:log(148)) - [id: 0x4781012f, L:/0:0:0:0:0:0:0:0:15233] UNREGISTERED
2023-06-06 14:30:07,715 [6a44a47c-c3cb-455f-a4b0-0f80624e99c4-impl-thread1] INFO  segmented.SegmentedRaftLogWorker (SegmentedRaftLogWorker.java:close(252)) - 6a44a47c-c3cb-455f-a4b0-0f80624e99c4@group-DFB8EDD51C97-SegmentedRaftLogWorker close()
2023-06-06 14:30:07,886 [5eef21ad-902e-47ea-91c0-32e633c63544-impl-thread2] INFO  segmented.SegmentedRaftLogWorker (SegmentedRaftLogWorker.java:close(252)) - 5eef21ad-902e-47ea-91c0-32e633c63544@group-F1BF15834408-SegmentedRaftLogWorker close()
2023-06-06 14:30:07,904 [6a44a47c-c3cb-455f-a4b0-0f80624e99c4-impl-thread3] INFO  segmented.SegmentedRaftLogWorker (SegmentedRaftLogWorker.java:close(252)) - 6a44a47c-c3cb-455f-a4b0-0f80624e99c4@group-F1BF15834408-SegmentedRaftLogWorker close()
2023-06-06 14:30:07,906 [d5652d2f-6525-48cf-9e21-3b5358e36b18-impl-thread2] INFO  segmented.SegmentedRaftLogWorker (SegmentedRaftLogWorker.java:close(252)) - d5652d2f-6525-48cf-9e21-3b5358e36b18@group-F1BF15834408-SegmentedRaftLogWorker close()
2023-06-06 14:30:08,023 [6a44a47c-c3cb-455f-a4b0-0f80624e99c4-impl-thread2] INFO  segmented.SegmentedRaftLogWorker (SegmentedRaftLogWorker.java:close(252)) - 6a44a47c-c3cb-455f-a4b0-0f80624e99c4@group-54BC6014DD25-SegmentedRaftLogWorker close()
2023-06-06 14:30:08,024 [JvmPauseMonitor35] INFO  util.JvmPauseMonitor (JvmPauseMonitor.java:run(109)) - JvmPauseMonitor-6a44a47c-c3cb-455f-a4b0-0f80624e99c4: Stopped
2023-06-06 14:30:08,049 [5eef21ad-902e-47ea-91c0-32e633c63544-impl-thread1] INFO  segmented.SegmentedRaftLogWorker (SegmentedRaftLogWorker.java:close(252)) - 5eef21ad-902e-47ea-91c0-32e633c63544@group-54BC6014DD25-SegmentedRaftLogWorker close()
2023-06-06 14:30:08,049 [d5652d2f-6525-48cf-9e21-3b5358e36b18-impl-thread1] INFO  segmented.SegmentedRaftLogWorker (SegmentedRaftLogWorker.java:close(252)) - d5652d2f-6525-48cf-9e21-3b5358e36b18@group-54BC6014DD25-SegmentedRaftLogWorker close()
2023-06-06 14:30:08,321 [d5652d2f-6525-48cf-9e21-3b5358e36b18-impl-thread3] INFO  segmented.SegmentedRaftLogWorker (SegmentedRaftLogWorker.java:close(252)) - d5652d2f-6525-48cf-9e21-3b5358e36b18@group-0864C0ACC566-SegmentedRaftLogWorker close()
2023-06-06 14:30:08,321 [JvmPauseMonitor37] INFO  util.JvmPauseMonitor (JvmPauseMonitor.java:run(109)) - JvmPauseMonitor-d5652d2f-6525-48cf-9e21-3b5358e36b18: Stopped
2023-06-06 14:30:08,432 [5eef21ad-902e-47ea-91c0-32e633c63544-impl-thread3] INFO  segmented.SegmentedRaftLogWorker (SegmentedRaftLogWorker.java:close(252)) - 5eef21ad-902e-47ea-91c0-32e633c63544@group-4606A12D36F7-SegmentedRaftLogWorker close()
2023-06-06 14:30:08,432 [JvmPauseMonitor36] INFO  util.JvmPauseMonitor (JvmPauseMonitor.java:run(109)) - JvmPauseMonitor-5eef21ad-902e-47ea-91c0-32e633c63544: Stopped
2023-06-06 14:30:10,028 [ForkJoinPool.commonPool-worker-0] INFO  utils.DatanodeStoreCache (DatanodeStoreCache.java:shutdownCache(110)) - Skip clearing cache in mini cluster mode. Entries left: [/home/runner/work/ozone/ozone/hadoop-ozone/integration-test/target/test-dir/MiniOzoneClusterImpl-361cfd0c-44c3-4879-9ed3-7c7372459855/datanode-0/data-0/containers/hdds/361cfd0c-44c3-4879-9ed3-7c7372459855/DS-bd76823a-fbda-4f12-9de7-8cc44aac44f2/container.db, /home/runner/work/ozone/ozone/hadoop-ozone/integration-test/target/test-dir/MiniOzoneClusterImpl-361cfd0c-44c3-4879-9ed3-7c7372459855/datanode-1/data-0/containers/hdds/361cfd0c-44c3-4879-9ed3-7c7372459855/DS-c8d0563e-81b9-4e32-bbd0-fe807ede487c/container.db, /home/runner/work/ozone/ozone/hadoop-ozone/integration-test/target/test-dir/MiniOzoneClusterImpl-361cfd0c-44c3-4879-9ed3-7c7372459855/datanode-2/data-0/containers/hdds/361cfd0c-44c3-4879-9ed3-7c7372459855/DS-857d6bce-a2cc-438f-915c-4e58f286c943/container.db]
2023-06-06 14:30:10,029 [ForkJoinPool.commonPool-worker-0] INFO  utils.DatanodeStoreCache (DatanodeStoreCache.java:removeDB(104)) - Removed db /home/runner/work/ozone/ozone/hadoop-ozone/integration-test/target/test-dir/MiniOzoneClusterImpl-361cfd0c-44c3-4879-9ed3-7c7372459855/datanode-0/data-0/containers/hdds/361cfd0c-44c3-4879-9ed3-7c7372459855/DS-bd76823a-fbda-4f12-9de7-8cc44aac44f2/container.db from cache
2023-06-06 14:30:10,030 [ForkJoinPool.commonPool-worker-0] INFO  volume.HddsVolume (HddsVolume.java:closeDbStore(437)) - SchemaV3 db is stopped at /home/runner/work/ozone/ozone/hadoop-ozone/integration-test/target/test-dir/MiniOzoneClusterImpl-361cfd0c-44c3-4879-9ed3-7c7372459855/datanode-0/data-0/containers/hdds/361cfd0c-44c3-4879-9ed3-7c7372459855/DS-bd76823a-fbda-4f12-9de7-8cc44aac44f2/container.db for volume DS-bd76823a-fbda-4f12-9de7-8cc44aac44f2
2023-06-06 14:30:10,030 [ForkJoinPool.commonPool-worker-0] INFO  utils.BackgroundService (BackgroundService.java:shutdown(141)) - Shutting down service BlockDeletingService
2023-06-06 14:30:10,030 [ForkJoinPool.commonPool-worker-0] INFO  utils.BackgroundService (BackgroundService.java:shutdown(141)) - Shutting down service StaleRecoveringContainerScrubbingService
2023-06-06 14:30:10,031 [ForkJoinPool.commonPool-worker-0] INFO  statemachine.DatanodeStateMachine (DatanodeStateMachine.java:stopDaemon(605)) - Ozone container server stopped.
2023-06-06 14:30:10,042 [ForkJoinPool.commonPool-worker-0] INFO  handler.ContextHandler (ContextHandler.java:doStop(1159)) - Stopped o.e.j.w.WebAppContext@1eaf94a8{hddsDatanode,/,null,STOPPED}{jar:file:/home/runner/.m2/repository/org/apache/ozone/hdds-container-service/1.4.0-SNAPSHOT/hdds-container-service-1.4.0-SNAPSHOT.jar!/webapps/hddsDatanode}
2023-06-06 14:30:10,042 [ForkJoinPool.commonPool-worker-0] INFO  server.AbstractConnector (AbstractConnector.java:doStop(383)) - Stopped ServerConnector@1a392669{HTTP/1.1, (http/1.1)}{0.0.0.0:15218}
2023-06-06 14:30:10,042 [ForkJoinPool.commonPool-worker-0] INFO  server.session (HouseKeeper.java:stopScavenging(149)) - node0 Stopped scavenging
2023-06-06 14:30:10,043 [ForkJoinPool.commonPool-worker-0] INFO  handler.ContextHandler (ContextHandler.java:doStop(1159)) - Stopped o.e.j.s.ServletContextHandler@7af33f6{static,/static,jar:file:/home/runner/.m2/repository/org/apache/ozone/hdds-container-service/1.4.0-SNAPSHOT/hdds-container-service-1.4.0-SNAPSHOT.jar!/webapps/static,STOPPED}
2023-06-06 14:30:10,043 [ForkJoinPool.commonPool-worker-0] INFO  handler.ContextHandler (ContextHandler.java:doStop(1159)) - Stopped o.e.j.s.ServletContextHandler@4a77dff6{logs,/logs,file:///home/runner/work/ozone/ozone/hadoop-ozone/integration-test/target/log,STOPPED}
2023-06-06 14:30:10,044 [ForkJoinPool.commonPool-worker-0] INFO  ozone.HddsDatanodeClientProtocolServer (HddsDatanodeClientProtocolServer.java:stop(89)) - Stopping the RPC server for Client Protocol
2023-06-06 14:30:10,044 [ForkJoinPool.commonPool-worker-0] INFO  ipc.Server (Server.java:stop(3501)) - Stopping server on 15219
2023-06-06 14:30:10,045 [IPC Server Responder] INFO  ipc.Server (Server.java:run(1563)) - Stopping IPC Server Responder
2023-06-06 14:30:10,045 [IPC Server listener on 15219] INFO  ipc.Server (Server.java:run(1430)) - Stopping IPC Server listener on 15219
2023-06-06 14:30:10,324 [ForkJoinPool.commonPool-worker-1] INFO  utils.DatanodeStoreCache (DatanodeStoreCache.java:shutdownCache(110)) - Skip clearing cache in mini cluster mode. Entries left: [/home/runner/work/ozone/ozone/hadoop-ozone/integration-test/target/test-dir/MiniOzoneClusterImpl-361cfd0c-44c3-4879-9ed3-7c7372459855/datanode-1/data-0/containers/hdds/361cfd0c-44c3-4879-9ed3-7c7372459855/DS-c8d0563e-81b9-4e32-bbd0-fe807ede487c/container.db, /home/runner/work/ozone/ozone/hadoop-ozone/integration-test/target/test-dir/MiniOzoneClusterImpl-361cfd0c-44c3-4879-9ed3-7c7372459855/datanode-2/data-0/containers/hdds/361cfd0c-44c3-4879-9ed3-7c7372459855/DS-857d6bce-a2cc-438f-915c-4e58f286c943/container.db]
2023-06-06 14:30:10,325 [ForkJoinPool.commonPool-worker-1] INFO  utils.DatanodeStoreCache (DatanodeStoreCache.java:removeDB(104)) - Removed db /home/runner/work/ozone/ozone/hadoop-ozone/integration-test/target/test-dir/MiniOzoneClusterImpl-361cfd0c-44c3-4879-9ed3-7c7372459855/datanode-2/data-0/containers/hdds/361cfd0c-44c3-4879-9ed3-7c7372459855/DS-857d6bce-a2cc-438f-915c-4e58f286c943/container.db from cache
2023-06-06 14:30:10,326 [ForkJoinPool.commonPool-worker-1] INFO  volume.HddsVolume (HddsVolume.java:closeDbStore(437)) - SchemaV3 db is stopped at /home/runner/work/ozone/ozone/hadoop-ozone/integration-test/target/test-dir/MiniOzoneClusterImpl-361cfd0c-44c3-4879-9ed3-7c7372459855/datanode-2/data-0/containers/hdds/361cfd0c-44c3-4879-9ed3-7c7372459855/DS-857d6bce-a2cc-438f-915c-4e58f286c943/container.db for volume DS-857d6bce-a2cc-438f-915c-4e58f286c943
2023-06-06 14:30:10,326 [ForkJoinPool.commonPool-worker-1] INFO  utils.BackgroundService (BackgroundService.java:shutdown(141)) - Shutting down service BlockDeletingService
2023-06-06 14:30:10,326 [ForkJoinPool.commonPool-worker-1] INFO  utils.BackgroundService (BackgroundService.java:shutdown(141)) - Shutting down service StaleRecoveringContainerScrubbingService
2023-06-06 14:30:10,327 [ForkJoinPool.commonPool-worker-1] INFO  statemachine.DatanodeStateMachine (DatanodeStateMachine.java:stopDaemon(605)) - Ozone container server stopped.
2023-06-06 14:30:10,336 [ForkJoinPool.commonPool-worker-1] INFO  handler.ContextHandler (ContextHandler.java:doStop(1159)) - Stopped o.e.j.w.WebAppContext@457d9ea2{hddsDatanode,/,null,STOPPED}{jar:file:/home/runner/.m2/repository/org/apache/ozone/hdds-container-service/1.4.0-SNAPSHOT/hdds-container-service-1.4.0-SNAPSHOT.jar!/webapps/hddsDatanode}
2023-06-06 14:30:10,337 [ForkJoinPool.commonPool-worker-1] INFO  server.AbstractConnector (AbstractConnector.java:doStop(383)) - Stopped ServerConnector@12d8d1f9{HTTP/1.1, (http/1.1)}{0.0.0.0:15236}
2023-06-06 14:30:10,337 [ForkJoinPool.commonPool-worker-1] INFO  server.session (HouseKeeper.java:stopScavenging(149)) - node0 Stopped scavenging
2023-06-06 14:30:10,338 [ForkJoinPool.commonPool-worker-1] INFO  handler.ContextHandler (ContextHandler.java:doStop(1159)) - Stopped o.e.j.s.ServletContextHandler@1dd56c77{static,/static,jar:file:/home/runner/.m2/repository/org/apache/ozone/hdds-container-service/1.4.0-SNAPSHOT/hdds-container-service-1.4.0-SNAPSHOT.jar!/webapps/static,STOPPED}
2023-06-06 14:30:10,339 [ForkJoinPool.commonPool-worker-1] INFO  handler.ContextHandler (ContextHandler.java:doStop(1159)) - Stopped o.e.j.s.ServletContextHandler@33c983c0{logs,/logs,file:///home/runner/work/ozone/ozone/hadoop-ozone/integration-test/target/log,STOPPED}
2023-06-06 14:30:10,339 [ForkJoinPool.commonPool-worker-1] INFO  ozone.HddsDatanodeClientProtocolServer (HddsDatanodeClientProtocolServer.java:stop(89)) - Stopping the RPC server for Client Protocol
2023-06-06 14:30:10,340 [ForkJoinPool.commonPool-worker-1] INFO  ipc.Server (Server.java:stop(3501)) - Stopping server on 15237
2023-06-06 14:30:10,340 [IPC Server listener on 15237] INFO  ipc.Server (Server.java:run(1430)) - Stopping IPC Server listener on 15237
2023-06-06 14:30:10,341 [IPC Server Responder] INFO  ipc.Server (Server.java:run(1563)) - Stopping IPC Server Responder
2023-06-06 14:30:10,435 [Time-limited test] INFO  utils.DatanodeStoreCache (DatanodeStoreCache.java:shutdownCache(110)) - Skip clearing cache in mini cluster mode. Entries left: [/home/runner/work/ozone/ozone/hadoop-ozone/integration-test/target/test-dir/MiniOzoneClusterImpl-361cfd0c-44c3-4879-9ed3-7c7372459855/datanode-1/data-0/containers/hdds/361cfd0c-44c3-4879-9ed3-7c7372459855/DS-c8d0563e-81b9-4e32-bbd0-fe807ede487c/container.db]
2023-06-06 14:30:10,436 [Time-limited test] INFO  utils.DatanodeStoreCache (DatanodeStoreCache.java:removeDB(104)) - Removed db /home/runner/work/ozone/ozone/hadoop-ozone/integration-test/target/test-dir/MiniOzoneClusterImpl-361cfd0c-44c3-4879-9ed3-7c7372459855/datanode-1/data-0/containers/hdds/361cfd0c-44c3-4879-9ed3-7c7372459855/DS-c8d0563e-81b9-4e32-bbd0-fe807ede487c/container.db from cache
2023-06-06 14:30:10,437 [Time-limited test] INFO  volume.HddsVolume (HddsVolume.java:closeDbStore(437)) - SchemaV3 db is stopped at /home/runner/work/ozone/ozone/hadoop-ozone/integration-test/target/test-dir/MiniOzoneClusterImpl-361cfd0c-44c3-4879-9ed3-7c7372459855/datanode-1/data-0/containers/hdds/361cfd0c-44c3-4879-9ed3-7c7372459855/DS-c8d0563e-81b9-4e32-bbd0-fe807ede487c/container.db for volume DS-c8d0563e-81b9-4e32-bbd0-fe807ede487c
2023-06-06 14:30:10,437 [Time-limited test] INFO  utils.BackgroundService (BackgroundService.java:shutdown(141)) - Shutting down service BlockDeletingService
2023-06-06 14:30:10,437 [Time-limited test] INFO  utils.BackgroundService (BackgroundService.java:shutdown(141)) - Shutting down service StaleRecoveringContainerScrubbingService
2023-06-06 14:30:10,437 [Time-limited test] INFO  statemachine.DatanodeStateMachine (DatanodeStateMachine.java:stopDaemon(605)) - Ozone container server stopped.
2023-06-06 14:30:10,446 [Time-limited test] INFO  handler.ContextHandler (ContextHandler.java:doStop(1159)) - Stopped o.e.j.w.WebAppContext@7ea2d6f9{hddsDatanode,/,null,STOPPED}{jar:file:/home/runner/.m2/repository/org/apache/ozone/hdds-container-service/1.4.0-SNAPSHOT/hdds-container-service-1.4.0-SNAPSHOT.jar!/webapps/hddsDatanode}
2023-06-06 14:30:10,447 [Time-limited test] INFO  server.AbstractConnector (AbstractConnector.java:doStop(383)) - Stopped ServerConnector@25dda9eb{HTTP/1.1, (http/1.1)}{0.0.0.0:15227}
2023-06-06 14:30:10,448 [Time-limited test] INFO  server.session (HouseKeeper.java:stopScavenging(149)) - node0 Stopped scavenging
2023-06-06 14:30:10,448 [Time-limited test] INFO  handler.ContextHandler (ContextHandler.java:doStop(1159)) - Stopped o.e.j.s.ServletContextHandler@7f170760{static,/static,jar:file:/home/runner/.m2/repository/org/apache/ozone/hdds-container-service/1.4.0-SNAPSHOT/hdds-container-service-1.4.0-SNAPSHOT.jar!/webapps/static,STOPPED}
2023-06-06 14:30:10,448 [Time-limited test] INFO  handler.ContextHandler (ContextHandler.java:doStop(1159)) - Stopped o.e.j.s.ServletContextHandler@2eea501a{logs,/logs,file:///home/runner/work/ozone/ozone/hadoop-ozone/integration-test/target/log,STOPPED}
2023-06-06 14:30:10,449 [Time-limited test] INFO  ozone.HddsDatanodeClientProtocolServer (HddsDatanodeClientProtocolServer.java:stop(89)) - Stopping the RPC server for Client Protocol
2023-06-06 14:30:10,449 [Time-limited test] INFO  ipc.Server (Server.java:stop(3501)) - Stopping server on 15228
2023-06-06 14:30:10,449 [IPC Server listener on 15228] INFO  ipc.Server (Server.java:run(1430)) - Stopping IPC Server listener on 15228
2023-06-06 14:30:10,451 [Time-limited test] INFO  ozone.MiniOzoneClusterImpl (MiniOzoneClusterImpl.java:stopSCM(537)) - Stopping the StorageContainerManager
2023-06-06 14:30:10,451 [Time-limited test] INFO  server.StorageContainerManager (StorageContainerManager.java:stop(1562)) - Container Balancer is not running.
2023-06-06 14:30:10,451 [IPC Server Responder] INFO  ipc.Server (Server.java:run(1563)) - Stopping IPC Server Responder
2023-06-06 14:30:10,451 [Time-limited test] INFO  server.StorageContainerManager (StorageContainerManager.java:stopReplicationManager(1693)) - Stopping Replication Manager Service.
2023-06-06 14:30:10,451 [Time-limited test] INFO  replication.ReplicationManager (ReplicationManager.java:stop(332)) - Stopping Replication Monitor Thread.
2023-06-06 14:30:10,451 [Time-limited test] INFO  server.StorageContainerManager (StorageContainerManager.java:stop(1571)) - Stopping the Datanode Admin Monitor.
2023-06-06 14:30:10,451 [Under Replicated Processor] WARN  replication.UnhealthyReplicationProcessor (UnhealthyReplicationProcessor.java:run(167)) - Under Replicated Processor interrupted. Exiting...
2023-06-06 14:30:10,451 [ReplicationMonitor] INFO  replication.ReplicationManager (ReplicationManager.java:run(938)) - Replication Monitor Thread is stopped
2023-06-06 14:30:10,451 [Over Replicated Processor] WARN  replication.UnhealthyReplicationProcessor (UnhealthyReplicationProcessor.java:run(167)) - Over Replicated Processor interrupted. Exiting...
2023-06-06 14:30:10,452 [Time-limited test] INFO  server.StorageContainerManager (StorageContainerManager.java:stop(1578)) - Stopping datanode service RPC server
2023-06-06 14:30:10,452 [Time-limited test] INFO  server.SCMDatanodeProtocolServer (SCMDatanodeProtocolServer.java:stop(424)) - Stopping the RPC server for DataNodes
2023-06-06 14:30:10,452 [Time-limited test] INFO  ipc.Server (Server.java:stop(3501)) - Stopping server on 15211
2023-06-06 14:30:10,452 [IPC Server listener on 15211] INFO  ipc.Server (Server.java:run(1430)) - Stopping IPC Server listener on 15211
2023-06-06 14:30:10,458 [IPC Server Responder] INFO  ipc.Server (Server.java:run(1563)) - Stopping IPC Server Responder
2023-06-06 14:30:10,518 [SCM Heartbeat Processing Thread - 0] WARN  node.NodeStateManager (NodeStateManager.java:scheduleNextHealthCheck(870)) - Current Thread is interrupted, shutting down HB processing thread for Node Manager.
2023-06-06 14:30:10,518 [Time-limited test] INFO  server.StorageContainerManager (StorageContainerManager.java:stop(1586)) - Stopping block service RPC server
2023-06-06 14:30:10,518 [Time-limited test] INFO  server.SCMBlockProtocolServer (SCMBlockProtocolServer.java:stop(161)) - Stopping the RPC server for Block Protocol
2023-06-06 14:30:10,518 [Time-limited test] INFO  ipc.Server (Server.java:stop(3501)) - Stopping server on 15210
2023-06-06 14:30:10,520 [IPC Server listener on 15210] INFO  ipc.Server (Server.java:run(1430)) - Stopping IPC Server listener on 15210
2023-06-06 14:30:10,520 [IPC Server Responder] INFO  ipc.Server (Server.java:run(1563)) - Stopping IPC Server Responder
2023-06-06 14:30:10,520 [Time-limited test] INFO  server.StorageContainerManager (StorageContainerManager.java:stop(1593)) - Stopping the StorageContainerLocationProtocol RPC server
2023-06-06 14:30:10,520 [Time-limited test] INFO  server.SCMClientProtocolServer (SCMClientProtocolServer.java:stop(208)) - Stopping the RPC server for Client Protocol
2023-06-06 14:30:10,520 [Time-limited test] INFO  ipc.Server (Server.java:stop(3501)) - Stopping server on 15209
2023-06-06 14:30:10,522 [IPC Server listener on 15209] INFO  ipc.Server (Server.java:run(1430)) - Stopping IPC Server listener on 15209
2023-06-06 14:30:10,522 [IPC Server Responder] INFO  ipc.Server (Server.java:run(1563)) - Stopping IPC Server Responder
2023-06-06 14:30:10,523 [Time-limited test] INFO  server.StorageContainerManager (StorageContainerManager.java:stop(1600)) - Stopping Storage Container Manager HTTP server.
2023-06-06 14:30:10,523 [Time-limited test] INFO  handler.ContextHandler (ContextHandler.java:doStop(1159)) - Stopped o.e.j.w.WebAppContext@4bc74941{scm,/,null,STOPPED}{file:/home/runner/work/ozone/ozone/hadoop-ozone/integration-test/target/test-classes/webapps/scm}
2023-06-06 14:30:10,524 [Time-limited test] INFO  server.AbstractConnector (AbstractConnector.java:doStop(383)) - Stopped ServerConnector@5d994535{HTTP/1.1, (http/1.1)}{0.0.0.0:15212}
2023-06-06 14:30:10,524 [Time-limited test] INFO  server.session (HouseKeeper.java:stopScavenging(149)) - node0 Stopped scavenging
2023-06-06 14:30:10,524 [Time-limited test] INFO  handler.ContextHandler (ContextHandler.java:doStop(1159)) - Stopped o.e.j.s.ServletContextHandler@105bf1a5{static,/static,file:///home/runner/work/ozone/ozone/hadoop-ozone/integration-test/target/test-classes/webapps/static,STOPPED}
2023-06-06 14:30:10,524 [Time-limited test] INFO  handler.ContextHandler (ContextHandler.java:doStop(1159)) - Stopped o.e.j.s.ServletContextHandler@54275451{logs,/logs,file:///home/runner/work/ozone/ozone/hadoop-ozone/integration-test/target/log,STOPPED}
2023-06-06 14:30:10,525 [Time-limited test] INFO  server.StorageContainerManager (StorageContainerManager.java:stop(1608)) - Stopping SCM LayoutVersionManager Service.
2023-06-06 14:30:10,525 [Time-limited test] INFO  server.StorageContainerManager (StorageContainerManager.java:stop(1616)) - Stopping Block Manager Service.
2023-06-06 14:30:10,525 [Time-limited test] INFO  utils.BackgroundService (BackgroundService.java:shutdown(141)) - Shutting down service SCMBlockDeletingService
2023-06-06 14:30:10,525 [Time-limited test] INFO  utils.BackgroundService (BackgroundService.java:shutdown(141)) - Shutting down service SCMBlockDeletingService
2023-06-06 14:30:10,525 [Time-limited test] INFO  server.StorageContainerManager (StorageContainerManager.java:stop(1638)) - Stopping SCM Event Queue.
2023-06-06 14:30:10,526 [JvmPauseMonitor33] INFO  util.JvmPauseMonitor (JvmPauseMonitor.java:run(109)) - JvmPauseMonitor-e28becb4-666f-45ee-a37d-548d052b98b4: Stopped
2023-06-06 14:30:10,526 [Time-limited test] INFO  server.StorageContainerManager (StorageContainerManager.java:stop(1649)) - Stopping SCM HA services.
2023-06-06 14:30:10,526 [Time-limited test] INFO  pipeline.BackgroundPipelineCreator (BackgroundPipelineCreator.java:stop(149)) - Stopping RatisPipelineUtilsThread.
2023-06-06 14:30:10,526 [RatisPipelineUtilsThread - 0] WARN  pipeline.BackgroundPipelineCreator (BackgroundPipelineCreator.java:run(180)) - RatisPipelineUtilsThread is interrupted.
2023-06-06 14:30:10,526 [BackgroundPipelineScrubberThread] WARN  BackgroundPipelineScrubber (BackgroundSCMService.java:run(115)) - BackgroundPipelineScrubber is interrupted, exit
2023-06-06 14:30:10,527 [Time-limited test] INFO  BackgroundPipelineScrubber (BackgroundSCMService.java:stop(131)) - Stopping BackgroundPipelineScrubber Service.
2023-06-06 14:30:10,527 [Time-limited test] INFO  impl.MetricsSystemImpl (MetricsSystemImpl.java:stop(210)) - Stopping HddsDatanode metrics system...
2023-06-06 14:30:10,528 [prometheus] INFO  impl.MetricsSinkAdapter (MetricsSinkAdapter.java:publishMetricsFromQueue(141)) - prometheus thread interrupted.
2023-06-06 14:30:10,529 [Time-limited test] INFO  impl.MetricsSystemImpl (MetricsSystemImpl.java:stop(216)) - HddsDatanode metrics system stopped.
2023-06-06 14:30:10,529 [Time-limited test] WARN  pipeline.BackgroundPipelineCreator (BackgroundPipelineCreator.java:stop(145)) - RatisPipelineUtilsThread is not running, just ignore.
2023-06-06 14:30:10,529 [Time-limited test] INFO  BackgroundPipelineScrubber (BackgroundSCMService.java:stop(126)) - BackgroundPipelineScrubber Service is not running, skip stop.
2023-06-06 14:30:10,529 [ExpiredContainerReplicaOpScrubberThread] WARN  ExpiredContainerReplicaOpScrubber (BackgroundSCMService.java:run(115)) - ExpiredContainerReplicaOpScrubber is interrupted, exit
2023-06-06 14:30:10,529 [Time-limited test] INFO  ExpiredContainerReplicaOpScrubber (BackgroundSCMService.java:stop(131)) - Stopping ExpiredContainerReplicaOpScrubber Service.
2023-06-06 14:30:10,529 [Time-limited test] INFO  utils.BackgroundService (BackgroundService.java:shutdown(141)) - Shutting down service SCMBlockDeletingService
2023-06-06 14:30:10,529 [Time-limited test] INFO  replication.ReplicationManager (ReplicationManager.java:stop(342)) - Replication Monitor Thread is not running.
2023-06-06 14:30:10,529 [Time-limited test] WARN  balancer.ContainerBalancer (ContainerBalancer.java:stop(328)) - Cannot stop Container Balancer because it's not running or stopping
2023-06-06 14:30:10,530 [Time-limited test] INFO  server.StorageContainerManager (StorageContainerManager.java:stop(1684)) - Stopping SCM MetadataStore.
2023-06-06 14:30:10,531 [Lease Manager-LeaseManager#LeaseMonitor] WARN  lease.LeaseManager (LeaseManager.java:run(272)) - Lease manager is interrupted. Shutting down...
java.lang.InterruptedException
	at java.util.concurrent.locks.AbstractQueuedSynchronizer.doAcquireSharedNanos(AbstractQueuedSynchronizer.java:1039)
	at java.util.concurrent.locks.AbstractQueuedSynchronizer.tryAcquireSharedNanos(AbstractQueuedSynchronizer.java:1328)
	at java.util.concurrent.Semaphore.tryAcquire(Semaphore.java:409)
	at org.apache.hadoop.ozone.lease.LeaseManager$LeaseMonitor.run(LeaseManager.java:270)
	at java.lang.Thread.run(Thread.java:750)
]]></system-out>
  </testcase>
  <testcase name="testIncrementalContainerReportQueue" classname="org.apache.hadoop.ozone.TestStorageContainerManager" time="3.082"/>
  <testcase name="testSCMInitializationWithHAEnabled" classname="org.apache.hadoop.ozone.TestStorageContainerManager" time="6.134">
    <system-out><![CDATA[2023-06-06 14:30:13,646 [Time-limited test] WARN  server.ServerUtils (ServerUtils.java:getScmDbDir(155)) - ozone.scm.db.dirs is not configured. We recommend adding this setting. Falling back to ozone.metadata.dirs instead.
2023-06-06 14:30:13,647 [Time-limited test] INFO  ha.SCMHANodeDetails (SCMHANodeDetails.java:loadSCMHAConfig(209)) - ServiceID for StorageContainerManager is null
2023-06-06 14:30:13,648 [Time-limited test] INFO  ha.SCMHANodeDetails (SCMHANodeDetails.java:loadSCMHAConfig(214)) - ozone.scm.default.service.id is not defined, falling back to ozone.scm.service.ids to find serviceID for StorageContainerManager if it is HA enabled cluster
2023-06-06 14:30:13,650 [Time-limited test] INFO  server.RaftServer (ConfUtils.java:logGet(46)) - raft.rpc.type = GRPC (default)
2023-06-06 14:30:13,651 [Time-limited test] INFO  grpc.GrpcConfigKeys (ConfUtils.java:logFallback(53)) - raft.grpc.admin.host = null (fallback to raft.grpc.server.host)
2023-06-06 14:30:13,651 [Time-limited test] INFO  grpc.GrpcConfigKeys (ConfUtils.java:logFallback(53)) - raft.grpc.admin.port = 9894 (fallback to raft.grpc.server.port)
2023-06-06 14:30:13,651 [Time-limited test] INFO  grpc.GrpcConfigKeys (ConfUtils.java:logFallback(53)) - raft.grpc.client.host = null (fallback to raft.grpc.server.host)
2023-06-06 14:30:13,651 [Time-limited test] INFO  grpc.GrpcConfigKeys (ConfUtils.java:logFallback(53)) - raft.grpc.client.port = 9894 (fallback to raft.grpc.server.port)
2023-06-06 14:30:13,651 [Time-limited test] INFO  grpc.GrpcConfigKeys (ConfUtils.java:logGet(46)) - raft.grpc.server.host = null (default)
2023-06-06 14:30:13,651 [Time-limited test] INFO  grpc.GrpcConfigKeys (ConfUtils.java:logGet(46)) - raft.grpc.server.port = 9894 (custom)
2023-06-06 14:30:13,651 [Time-limited test] INFO  server.GrpcService (ConfUtils.java:logGet(46)) - raft.grpc.message.size.max = 32m (=33554432) (custom)
2023-06-06 14:30:13,651 [Time-limited test] INFO  server.RaftServerConfigKeys (ConfUtils.java:logGet(46)) - raft.server.log.appender.buffer.byte-limit = 33554432 (custom)
2023-06-06 14:30:13,651 [Time-limited test] INFO  server.GrpcService (ConfUtils.java:logGet(46)) - raft.grpc.flow.control.window = 1MB (=1048576) (default)
2023-06-06 14:30:13,651 [Time-limited test] INFO  server.RaftServerConfigKeys (ConfUtils.java:logGet(46)) - raft.server.rpc.request.timeout = 30000ms (custom)
2023-06-06 14:30:13,651 [Time-limited test] INFO  grpc.GrpcConfigKeys (ConfUtils.java:logGet(46)) - raft.grpc.server.heartbeat.channel = true (default)
2023-06-06 14:30:13,651 [Time-limited test] INFO  grpc.GrpcConfigKeys (ConfUtils.java:logGet(46)) - raft.grpc.server.async.request.thread.pool.cached = true (default)
2023-06-06 14:30:13,651 [Time-limited test] INFO  grpc.GrpcConfigKeys (ConfUtils.java:logGet(46)) - raft.grpc.server.async.request.thread.pool.size = 32 (default)
2023-06-06 14:30:13,653 [Time-limited test] INFO  impl.DataStreamServerImpl (ConfUtils.java:logGet(46)) - raft.datastream.type = DISABLED (default)
2023-06-06 14:30:13,653 [Time-limited test] INFO  server.RaftServerConfigKeys (ConfUtils.java:logGet(46)) - raft.server.threadpool.proxy.cached = true (default)
2023-06-06 14:30:13,653 [Time-limited test] INFO  server.RaftServerConfigKeys (ConfUtils.java:logGet(46)) - raft.server.threadpool.proxy.size = 0 (default)
2023-06-06 14:30:13,653 [Time-limited test] INFO  server.RaftServerConfigKeys (ConfUtils.java:logGet(46)) - raft.server.rpc.slowness.timeout = 120000ms (custom)
2023-06-06 14:30:13,653 [Time-limited test] INFO  server.RaftServerConfigKeys (ConfUtils.java:logGet(46)) - raft.server.leaderelection.leader.step-down.wait-time = 10s (default)
2023-06-06 14:30:13,653 [Time-limited test] INFO  server.RaftServerConfigKeys (ConfUtils.java:logGet(46)) - raft.server.storage.dir = [/home/runner/work/ozone/ozone/hadoop-ozone/integration-test/target/test-dir/057280a6-6fd4-433d-a7ac-c581b0c27698/scm-meta/scm-ha] (custom)
2023-06-06 14:30:13,654 [Time-limited test] INFO  server.RaftServer (RaftServerProxy.java:addNew(98)) - bdb24b5d-e462-436d-8f8a-37a1792a6030: addNew group-D6D5048CE409:[bdb24b5d-e462-436d-8f8a-37a1792a6030|rpc:fv-az1133-973:9894|priority:0|startupRole:FOLLOWER] returns group-D6D5048CE409:java.util.concurrent.CompletableFuture@47485403[Not completed]
2023-06-06 14:30:13,654 [bdb24b5d-e462-436d-8f8a-37a1792a6030-groupManagement] INFO  server.RaftServer$Division (RaftServerImpl.java:<init>(198)) - bdb24b5d-e462-436d-8f8a-37a1792a6030: new RaftServerImpl for group-D6D5048CE409:[bdb24b5d-e462-436d-8f8a-37a1792a6030|rpc:fv-az1133-973:9894|priority:0|startupRole:FOLLOWER] with SCMStateMachine:uninitialized
2023-06-06 14:30:13,655 [bdb24b5d-e462-436d-8f8a-37a1792a6030-groupManagement] INFO  server.RaftServerConfigKeys (ConfUtils.java:logGet(46)) - raft.server.rpc.timeout.min = 5000ms (custom)
2023-06-06 14:30:13,655 [bdb24b5d-e462-436d-8f8a-37a1792a6030-groupManagement] INFO  server.RaftServerConfigKeys (ConfUtils.java:logGet(46)) - raft.server.rpc.timeout.max = 5200ms (custom)
2023-06-06 14:30:13,655 [bdb24b5d-e462-436d-8f8a-37a1792a6030-groupManagement] INFO  server.RaftServerConfigKeys (ConfUtils.java:logGet(46)) - raft.server.rpc.sleep.time = 25ms (default)
2023-06-06 14:30:13,655 [bdb24b5d-e462-436d-8f8a-37a1792a6030-groupManagement] INFO  server.RaftServerConfigKeys (ConfUtils.java:logGet(46)) - raft.server.rpc.slowness.timeout = 120000ms (custom)
2023-06-06 14:30:13,655 [bdb24b5d-e462-436d-8f8a-37a1792a6030-groupManagement] INFO  server.RaftServerConfigKeys (ConfUtils.java:logGet(46)) - raft.server.leaderelection.leader.step-down.wait-time = 10s (default)
2023-06-06 14:30:13,655 [bdb24b5d-e462-436d-8f8a-37a1792a6030-groupManagement] INFO  server.RaftServerConfigKeys (ConfUtils.java:logGet(46)) - raft.server.sleep.deviation.threshold = 300ms (default)
2023-06-06 14:30:13,655 [bdb24b5d-e462-436d-8f8a-37a1792a6030-groupManagement] INFO  server.RaftServer$Division (ServerState.java:<init>(120)) - bdb24b5d-e462-436d-8f8a-37a1792a6030@group-D6D5048CE409: ConfigurationManager, init=-1: peers:[bdb24b5d-e462-436d-8f8a-37a1792a6030|rpc:fv-az1133-973:9894|priority:0|startupRole:FOLLOWER]|listeners:[], old=null, confs=<EMPTY_MAP>
2023-06-06 14:30:13,655 [bdb24b5d-e462-436d-8f8a-37a1792a6030-groupManagement] INFO  server.RaftServerConfigKeys (ConfUtils.java:logGet(46)) - raft.server.storage.dir = [/home/runner/work/ozone/ozone/hadoop-ozone/integration-test/target/test-dir/057280a6-6fd4-433d-a7ac-c581b0c27698/scm-meta/scm-ha] (custom)
2023-06-06 14:30:13,655 [bdb24b5d-e462-436d-8f8a-37a1792a6030-groupManagement] INFO  server.RaftServerConfigKeys (ConfUtils.java:logGet(46)) - raft.server.log.corruption.policy = EXCEPTION (default)
2023-06-06 14:30:13,655 [bdb24b5d-e462-436d-8f8a-37a1792a6030-groupManagement] INFO  server.RaftServerConfigKeys (ConfUtils.java:logGet(46)) - raft.server.storage.free-space.min = 0MB (=0) (default)
2023-06-06 14:30:13,656 [bdb24b5d-e462-436d-8f8a-37a1792a6030-groupManagement] INFO  server.RaftServerConfigKeys (ConfUtils.java:logGet(46)) - raft.server.notification.no-leader.timeout = 60s (default)
2023-06-06 14:30:13,656 [bdb24b5d-e462-436d-8f8a-37a1792a6030-groupManagement] INFO  server.RaftServerConfigKeys (ConfUtils.java:logGet(46)) - raft.server.read.timeout = 10s (default)
2023-06-06 14:30:13,656 [bdb24b5d-e462-436d-8f8a-37a1792a6030-groupManagement] INFO  server.RaftServerConfigKeys (ConfUtils.java:logGet(46)) - raft.server.retrycache.expirytime = 60000ms (default)
2023-06-06 14:30:13,656 [bdb24b5d-e462-436d-8f8a-37a1792a6030-groupManagement] INFO  server.RaftServerConfigKeys (ConfUtils.java:logGet(46)) - raft.server.retrycache.statistics.expirytime = 100μs (default)
2023-06-06 14:30:13,656 [bdb24b5d-e462-436d-8f8a-37a1792a6030-groupManagement] INFO  server.RaftServerConfigKeys (ConfUtils.java:logGet(46)) - raft.server.read.option = DEFAULT (default)
2023-06-06 14:30:13,656 [bdb24b5d-e462-436d-8f8a-37a1792a6030-groupManagement] INFO  server.RaftServerConfigKeys (ConfUtils.java:logGet(46)) - raft.server.rpc.request.timeout = 30000ms (custom)
2023-06-06 14:30:13,656 [bdb24b5d-e462-436d-8f8a-37a1792a6030-groupManagement] INFO  server.RaftServerConfigKeys (ConfUtils.java:logGet(46)) - raft.server.log.appender.install.snapshot.enabled = false (custom)
2023-06-06 14:30:13,656 [bdb24b5d-e462-436d-8f8a-37a1792a6030-groupManagement] INFO  server.RaftServerConfigKeys (ConfUtils.java:logGet(46)) - raft.server.threadpool.server.cached = true (default)
2023-06-06 14:30:13,656 [bdb24b5d-e462-436d-8f8a-37a1792a6030-groupManagement] INFO  server.RaftServerConfigKeys (ConfUtils.java:logGet(46)) - raft.server.threadpool.server.size = 0 (default)
2023-06-06 14:30:13,656 [bdb24b5d-e462-436d-8f8a-37a1792a6030-groupManagement] INFO  server.RaftServerConfigKeys (ConfUtils.java:logGet(46)) - raft.server.threadpool.client.cached = true (default)
2023-06-06 14:30:13,656 [bdb24b5d-e462-436d-8f8a-37a1792a6030-groupManagement] INFO  server.RaftServerConfigKeys (ConfUtils.java:logGet(46)) - raft.server.threadpool.client.size = 0 (default)
2023-06-06 14:30:13,657 [bdb24b5d-e462-436d-8f8a-37a1792a6030-impl-thread1] INFO  storage.RaftStorageDirectory (RaftStorageDirectoryImpl.java:analyzeStorage(137)) - The storage directory /home/runner/work/ozone/ozone/hadoop-ozone/integration-test/target/test-dir/057280a6-6fd4-433d-a7ac-c581b0c27698/scm-meta/scm-ha/79a4d445-053b-467c-8e5e-d6d5048ce409 does not exist. Creating ...
2023-06-06 14:30:13,658 [bdb24b5d-e462-436d-8f8a-37a1792a6030-impl-thread1] INFO  storage.RaftStorageDirectory (RaftStorageDirectoryImpl.java:tryLock(231)) - Lock on /home/runner/work/ozone/ozone/hadoop-ozone/integration-test/target/test-dir/057280a6-6fd4-433d-a7ac-c581b0c27698/scm-meta/scm-ha/79a4d445-053b-467c-8e5e-d6d5048ce409/in_use.lock acquired by nodename 75814@fv-az1133-973
2023-06-06 14:30:13,659 [bdb24b5d-e462-436d-8f8a-37a1792a6030-impl-thread1] INFO  storage.RaftStorage (RaftStorageImpl.java:format(96)) - Storage directory /home/runner/work/ozone/ozone/hadoop-ozone/integration-test/target/test-dir/057280a6-6fd4-433d-a7ac-c581b0c27698/scm-meta/scm-ha/79a4d445-053b-467c-8e5e-d6d5048ce409 has been successfully formatted.
2023-06-06 14:30:13,659 [bdb24b5d-e462-436d-8f8a-37a1792a6030-impl-thread1] INFO  server.RaftServerConfigKeys (ConfUtils.java:logGet(46)) - raft.server.log.use.memory = false (default)
2023-06-06 14:30:13,659 [bdb24b5d-e462-436d-8f8a-37a1792a6030-impl-thread1] INFO  server.RaftServerConfigKeys (ConfUtils.java:logGet(46)) - raft.server.log.purge.gap = 1000000 (custom)
2023-06-06 14:30:13,659 [bdb24b5d-e462-436d-8f8a-37a1792a6030-impl-thread1] INFO  server.RaftServerConfigKeys (ConfUtils.java:logGet(46)) - raft.server.log.appender.buffer.byte-limit = 33554432 (custom)
2023-06-06 14:30:13,659 [bdb24b5d-e462-436d-8f8a-37a1792a6030-impl-thread1] INFO  server.RaftServerConfigKeys (ConfUtils.java:logGet(46)) - raft.server.log.statemachine.data.read.timeout = 1000ms (default)
2023-06-06 14:30:13,659 [bdb24b5d-e462-436d-8f8a-37a1792a6030-impl-thread1] INFO  server.RaftServerConfigKeys (ConfUtils.java:logGet(46)) - raft.server.log.purge.preservation.log.num = 0 (default)
2023-06-06 14:30:13,660 [bdb24b5d-e462-436d-8f8a-37a1792a6030-impl-thread1] INFO  server.RaftServerConfigKeys (ConfUtils.java:logGet(46)) - raft.server.log.segment.size.max = 4194304 (custom)
2023-06-06 14:30:13,660 [bdb24b5d-e462-436d-8f8a-37a1792a6030-impl-thread1] INFO  server.RaftServerConfigKeys (ConfUtils.java:logGet(46)) - raft.server.log.segment.cache.num.max = 2 (custom)
2023-06-06 14:30:13,660 [bdb24b5d-e462-436d-8f8a-37a1792a6030-impl-thread1] INFO  server.RaftServerConfigKeys (ConfUtils.java:logGet(46)) - raft.server.log.segment.cache.size.max = 200MB (=209715200) (default)
2023-06-06 14:30:13,660 [bdb24b5d-e462-436d-8f8a-37a1792a6030-impl-thread1] INFO  server.RaftServerConfigKeys (ConfUtils.java:logGet(46)) - raft.server.log.appender.buffer.byte-limit = 33554432 (custom)
2023-06-06 14:30:13,660 [bdb24b5d-e462-436d-8f8a-37a1792a6030-impl-thread1] INFO  segmented.SegmentedRaftLogWorker (SegmentedRaftLogWorker.java:<init>(188)) - new bdb24b5d-e462-436d-8f8a-37a1792a6030@group-D6D5048CE409-SegmentedRaftLogWorker for RaftStorageImpl:Storage Directory /home/runner/work/ozone/ozone/hadoop-ozone/integration-test/target/test-dir/057280a6-6fd4-433d-a7ac-c581b0c27698/scm-meta/scm-ha/79a4d445-053b-467c-8e5e-d6d5048ce409
2023-06-06 14:30:13,660 [bdb24b5d-e462-436d-8f8a-37a1792a6030-impl-thread1] INFO  server.RaftServerConfigKeys (ConfUtils.java:logGet(46)) - raft.server.log.queue.byte-limit = 64MB (=67108864) (default)
2023-06-06 14:30:13,660 [bdb24b5d-e462-436d-8f8a-37a1792a6030-impl-thread1] INFO  server.RaftServerConfigKeys (ConfUtils.java:logGet(46)) - raft.server.log.queue.element-limit = 4096 (default)
2023-06-06 14:30:13,660 [bdb24b5d-e462-436d-8f8a-37a1792a6030-impl-thread1] INFO  server.RaftServerConfigKeys (ConfUtils.java:logGet(46)) - raft.server.log.segment.size.max = 4194304 (custom)
2023-06-06 14:30:13,660 [bdb24b5d-e462-436d-8f8a-37a1792a6030-impl-thread1] INFO  server.RaftServerConfigKeys (ConfUtils.java:logGet(46)) - raft.server.log.preallocated.size = 4194304 (custom)
2023-06-06 14:30:13,660 [bdb24b5d-e462-436d-8f8a-37a1792a6030-impl-thread1] INFO  server.RaftServerConfigKeys (ConfUtils.java:logGet(46)) - raft.server.log.force.sync.num = 128 (default)
2023-06-06 14:30:13,660 [bdb24b5d-e462-436d-8f8a-37a1792a6030-impl-thread1] INFO  server.RaftServerConfigKeys (ConfUtils.java:logGet(46)) - raft.server.log.statemachine.data.sync = true (default)
2023-06-06 14:30:13,660 [bdb24b5d-e462-436d-8f8a-37a1792a6030-impl-thread1] INFO  server.RaftServerConfigKeys (ConfUtils.java:logGet(46)) - raft.server.log.statemachine.data.sync.timeout = 10s (default)
2023-06-06 14:30:13,660 [bdb24b5d-e462-436d-8f8a-37a1792a6030-impl-thread1] INFO  server.RaftServerConfigKeys (ConfUtils.java:logGet(46)) - raft.server.log.statemachine.data.sync.timeout.retry = -1 (default)
2023-06-06 14:30:13,660 [bdb24b5d-e462-436d-8f8a-37a1792a6030-impl-thread1] INFO  server.RaftServerConfigKeys (ConfUtils.java:logGet(46)) - raft.server.log.write.buffer.size = 64KB (=65536) (default)
2023-06-06 14:30:13,660 [bdb24b5d-e462-436d-8f8a-37a1792a6030-impl-thread1] INFO  server.RaftServerConfigKeys (ConfUtils.java:logGet(46)) - raft.server.log.appender.buffer.byte-limit = 33554432 (custom)
2023-06-06 14:30:13,665 [bdb24b5d-e462-436d-8f8a-37a1792a6030-impl-thread1] INFO  server.RaftServerConfigKeys (ConfUtils.java:logGet(46)) - raft.server.log.unsafe-flush.enabled = false (default)
2023-06-06 14:30:13,665 [bdb24b5d-e462-436d-8f8a-37a1792a6030-impl-thread1] INFO  server.RaftServerConfigKeys (ConfUtils.java:logGet(46)) - raft.server.log.async-flush.enabled = false (default)
2023-06-06 14:30:13,665 [bdb24b5d-e462-436d-8f8a-37a1792a6030-impl-thread1] INFO  server.RaftServerConfigKeys (ConfUtils.java:logGet(46)) - raft.server.log.statemachine.data.caching.enabled = false (default)
2023-06-06 14:30:13,665 [bdb24b5d-e462-436d-8f8a-37a1792a6030-impl-thread1] INFO  segmented.SegmentedRaftLogWorker (SegmentedRaftLogWorker.java:lambda$new$0(135)) - bdb24b5d-e462-436d-8f8a-37a1792a6030@group-D6D5048CE409-SegmentedRaftLogWorker: flushIndex: setUnconditionally 0 -> -1
2023-06-06 14:30:13,665 [bdb24b5d-e462-436d-8f8a-37a1792a6030-impl-thread1] INFO  segmented.SegmentedRaftLogWorker (SegmentedRaftLogWorker.java:lambda$new$0(135)) - bdb24b5d-e462-436d-8f8a-37a1792a6030@group-D6D5048CE409-SegmentedRaftLogWorker: safeCacheEvictIndex: setUnconditionally 0 -> -1
2023-06-06 14:30:13,666 [bdb24b5d-e462-436d-8f8a-37a1792a6030-impl-thread1] INFO  server.RaftServer$Division (RaftServerImpl.java:start(342)) - bdb24b5d-e462-436d-8f8a-37a1792a6030@group-D6D5048CE409: start as a follower, conf=-1: peers:[bdb24b5d-e462-436d-8f8a-37a1792a6030|rpc:fv-az1133-973:9894|priority:0|startupRole:FOLLOWER]|listeners:[], old=null
2023-06-06 14:30:13,666 [bdb24b5d-e462-436d-8f8a-37a1792a6030-impl-thread1] INFO  server.RaftServer$Division (RaftServerImpl.java:setRole(329)) - bdb24b5d-e462-436d-8f8a-37a1792a6030@group-D6D5048CE409: changes role from      null to FOLLOWER at term 0 for startAsFollower
2023-06-06 14:30:13,666 [bdb24b5d-e462-436d-8f8a-37a1792a6030-impl-thread1] INFO  impl.RoleInfo (RoleInfo.java:updateAndGet(139)) - bdb24b5d-e462-436d-8f8a-37a1792a6030: start bdb24b5d-e462-436d-8f8a-37a1792a6030@group-D6D5048CE409-FollowerState
2023-06-06 14:30:13,666 [bdb24b5d-e462-436d-8f8a-37a1792a6030@group-D6D5048CE409-FollowerState] INFO  server.RaftServerConfigKeys (ConfUtils.java:logFallback(53)) - raft.server.rpc.first-election.timeout.min = 5000ms (fallback to raft.server.rpc.timeout.min)
2023-06-06 14:30:13,666 [bdb24b5d-e462-436d-8f8a-37a1792a6030@group-D6D5048CE409-FollowerState] INFO  server.RaftServerConfigKeys (ConfUtils.java:logFallback(53)) - raft.server.rpc.first-election.timeout.max = 5200ms (fallback to raft.server.rpc.timeout.max)
2023-06-06 14:30:13,666 [bdb24b5d-e462-436d-8f8a-37a1792a6030-impl-thread1] INFO  util.JmxRegister (JmxRegister.java:tryRegister(44)) - Successfully registered JMX Bean with object name Ratis:service=RaftServer,group=group-D6D5048CE409,id=bdb24b5d-e462-436d-8f8a-37a1792a6030
2023-06-06 14:30:13,666 [bdb24b5d-e462-436d-8f8a-37a1792a6030-impl-thread1] INFO  server.RaftServerConfigKeys (ConfUtils.java:logGet(46)) - raft.server.snapshot.auto.trigger.enabled = true (custom)
2023-06-06 14:30:13,666 [bdb24b5d-e462-436d-8f8a-37a1792a6030-impl-thread1] INFO  server.RaftServerConfigKeys (ConfUtils.java:logGet(46)) - raft.server.snapshot.auto.trigger.threshold = 1000 (custom)
2023-06-06 14:30:13,666 [bdb24b5d-e462-436d-8f8a-37a1792a6030-impl-thread1] INFO  server.RaftServerConfigKeys (ConfUtils.java:logGet(46)) - raft.server.snapshot.retention.file.num = -1 (default)
2023-06-06 14:30:13,666 [bdb24b5d-e462-436d-8f8a-37a1792a6030-impl-thread1] INFO  server.RaftServerConfigKeys (ConfUtils.java:logGet(46)) - raft.server.log.purge.upto.snapshot.index = false (default)
2023-06-06 14:30:13,667 [Time-limited test] INFO  server.RaftServer (RaftServerProxy.java:startImpl(400)) - bdb24b5d-e462-436d-8f8a-37a1792a6030: start RPC server
2023-06-06 14:30:13,669 [Time-limited test] INFO  server.GrpcService (GrpcService.java:startImpl(302)) - bdb24b5d-e462-436d-8f8a-37a1792a6030: GrpcService started, listening on 9894
2023-06-06 14:30:13,669 [JvmPauseMonitor38] INFO  util.JvmPauseMonitor (JvmPauseMonitor.java:run(103)) - JvmPauseMonitor-bdb24b5d-e462-436d-8f8a-37a1792a6030: Started
2023-06-06 14:30:18,738 [bdb24b5d-e462-436d-8f8a-37a1792a6030@group-D6D5048CE409-FollowerState] INFO  impl.FollowerState (FollowerState.java:run(143)) - bdb24b5d-e462-436d-8f8a-37a1792a6030@group-D6D5048CE409-FollowerState: change to CANDIDATE, lastRpcElapsedTime:5072616649ns, electionTimeout:5072ms
2023-06-06 14:30:18,739 [bdb24b5d-e462-436d-8f8a-37a1792a6030@group-D6D5048CE409-FollowerState] INFO  impl.RoleInfo (RoleInfo.java:shutdownFollowerState(110)) - bdb24b5d-e462-436d-8f8a-37a1792a6030: shutdown bdb24b5d-e462-436d-8f8a-37a1792a6030@group-D6D5048CE409-FollowerState
2023-06-06 14:30:18,739 [bdb24b5d-e462-436d-8f8a-37a1792a6030@group-D6D5048CE409-FollowerState] INFO  server.RaftServer$Division (RaftServerImpl.java:setRole(329)) - bdb24b5d-e462-436d-8f8a-37a1792a6030@group-D6D5048CE409: changes role from  FOLLOWER to CANDIDATE at term 0 for changeToCandidate
2023-06-06 14:30:18,739 [bdb24b5d-e462-436d-8f8a-37a1792a6030@group-D6D5048CE409-FollowerState] INFO  server.RaftServerConfigKeys (ConfUtils.java:logGet(46)) - raft.server.leaderelection.pre-vote = true (default)
2023-06-06 14:30:18,739 [bdb24b5d-e462-436d-8f8a-37a1792a6030@group-D6D5048CE409-FollowerState] INFO  impl.RoleInfo (RoleInfo.java:updateAndGet(139)) - bdb24b5d-e462-436d-8f8a-37a1792a6030: start bdb24b5d-e462-436d-8f8a-37a1792a6030@group-D6D5048CE409-LeaderElection51
2023-06-06 14:30:18,740 [bdb24b5d-e462-436d-8f8a-37a1792a6030@group-D6D5048CE409-LeaderElection51] INFO  impl.LeaderElection (LeaderElection.java:askForVotes(321)) - bdb24b5d-e462-436d-8f8a-37a1792a6030@group-D6D5048CE409-LeaderElection51 PRE_VOTE round 0: submit vote requests at term 0 for -1: peers:[bdb24b5d-e462-436d-8f8a-37a1792a6030|rpc:fv-az1133-973:9894|priority:0|startupRole:FOLLOWER]|listeners:[], old=null
2023-06-06 14:30:18,740 [bdb24b5d-e462-436d-8f8a-37a1792a6030@group-D6D5048CE409-LeaderElection51] INFO  impl.LeaderElection (LeaderElection.java:askForVotes(323)) - bdb24b5d-e462-436d-8f8a-37a1792a6030@group-D6D5048CE409-LeaderElection51 PRE_VOTE round 0: result PASSED (term=0)
2023-06-06 14:30:18,741 [bdb24b5d-e462-436d-8f8a-37a1792a6030@group-D6D5048CE409-LeaderElection51] INFO  impl.LeaderElection (LeaderElection.java:askForVotes(321)) - bdb24b5d-e462-436d-8f8a-37a1792a6030@group-D6D5048CE409-LeaderElection51 ELECTION round 0: submit vote requests at term 1 for -1: peers:[bdb24b5d-e462-436d-8f8a-37a1792a6030|rpc:fv-az1133-973:9894|priority:0|startupRole:FOLLOWER]|listeners:[], old=null
2023-06-06 14:30:18,741 [bdb24b5d-e462-436d-8f8a-37a1792a6030@group-D6D5048CE409-LeaderElection51] INFO  impl.LeaderElection (LeaderElection.java:askForVotes(323)) - bdb24b5d-e462-436d-8f8a-37a1792a6030@group-D6D5048CE409-LeaderElection51 ELECTION round 0: result PASSED (term=1)
2023-06-06 14:30:18,741 [bdb24b5d-e462-436d-8f8a-37a1792a6030@group-D6D5048CE409-LeaderElection51] INFO  impl.RoleInfo (RoleInfo.java:shutdownLeaderElection(130)) - bdb24b5d-e462-436d-8f8a-37a1792a6030: shutdown bdb24b5d-e462-436d-8f8a-37a1792a6030@group-D6D5048CE409-LeaderElection51
2023-06-06 14:30:18,741 [bdb24b5d-e462-436d-8f8a-37a1792a6030@group-D6D5048CE409-LeaderElection51] INFO  server.RaftServer$Division (RaftServerImpl.java:setRole(329)) - bdb24b5d-e462-436d-8f8a-37a1792a6030@group-D6D5048CE409: changes role from CANDIDATE to LEADER at term 1 for changeToLeader
2023-06-06 14:30:18,741 [bdb24b5d-e462-436d-8f8a-37a1792a6030@group-D6D5048CE409-LeaderElection51] INFO  server.RaftServer$Division (ServerState.java:setLeader(317)) - bdb24b5d-e462-436d-8f8a-37a1792a6030@group-D6D5048CE409: change Leader from null to bdb24b5d-e462-436d-8f8a-37a1792a6030 at term 1 for becomeLeader, leader elected after 5085ms
2023-06-06 14:30:18,741 [bdb24b5d-e462-436d-8f8a-37a1792a6030@group-D6D5048CE409-LeaderElection51] INFO  server.RaftServerConfigKeys (ConfUtils.java:logGet(46)) - raft.server.staging.catchup.gap = 1000 (default)
2023-06-06 14:30:18,742 [bdb24b5d-e462-436d-8f8a-37a1792a6030@group-D6D5048CE409-LeaderElection51] INFO  server.RaftServerConfigKeys (ConfUtils.java:logGet(46)) - raft.server.write.element-limit = 4096 (default)
2023-06-06 14:30:18,742 [bdb24b5d-e462-436d-8f8a-37a1792a6030@group-D6D5048CE409-LeaderElection51] INFO  server.RaftServerConfigKeys (ConfUtils.java:logGet(46)) - raft.server.write.byte-limit = 64MB (=67108864) (default)
2023-06-06 14:30:18,742 [bdb24b5d-e462-436d-8f8a-37a1792a6030@group-D6D5048CE409-LeaderElection51] INFO  server.RaftServerConfigKeys (ConfUtils.java:logGet(46)) - raft.server.watch.timeout = 10s (default)
2023-06-06 14:30:18,742 [bdb24b5d-e462-436d-8f8a-37a1792a6030@group-D6D5048CE409-LeaderElection51] INFO  server.RaftServerConfigKeys (ConfUtils.java:logGet(46)) - raft.server.watch.timeout.denomination = 1s (default)
2023-06-06 14:30:18,742 [bdb24b5d-e462-436d-8f8a-37a1792a6030@group-D6D5048CE409-LeaderElection51] INFO  server.RaftServerConfigKeys (ConfUtils.java:logGet(46)) - raft.server.watch.element-limit = 65536 (default)
2023-06-06 14:30:18,742 [bdb24b5d-e462-436d-8f8a-37a1792a6030@group-D6D5048CE409-LeaderElection51] INFO  server.RaftServerConfigKeys (ConfUtils.java:logGet(46)) - raft.server.write.element-limit = 4096 (default)
2023-06-06 14:30:18,742 [bdb24b5d-e462-436d-8f8a-37a1792a6030@group-D6D5048CE409-LeaderElection51] INFO  server.RaftServerConfigKeys (ConfUtils.java:logGet(46)) - raft.server.write.follower.gap.ratio.max = -1.0 (default)
2023-06-06 14:30:18,742 [bdb24b5d-e462-436d-8f8a-37a1792a6030@group-D6D5048CE409-LeaderElection51] INFO  impl.RoleInfo (RoleInfo.java:updateAndGet(139)) - bdb24b5d-e462-436d-8f8a-37a1792a6030: start bdb24b5d-e462-436d-8f8a-37a1792a6030@group-D6D5048CE409-LeaderStateImpl
2023-06-06 14:30:18,742 [bdb24b5d-e462-436d-8f8a-37a1792a6030@group-D6D5048CE409-LeaderElection51] INFO  segmented.SegmentedRaftLogWorker (SegmentedRaftLogWorker.java:startLogSegment(447)) - bdb24b5d-e462-436d-8f8a-37a1792a6030@group-D6D5048CE409-SegmentedRaftLogWorker: Starting segment from index:0
2023-06-06 14:30:18,744 [bdb24b5d-e462-436d-8f8a-37a1792a6030@group-D6D5048CE409-LeaderElection51] INFO  server.RaftServer$Division (ServerState.java:setRaftConf(434)) - bdb24b5d-e462-436d-8f8a-37a1792a6030@group-D6D5048CE409: set configuration 0: peers:[bdb24b5d-e462-436d-8f8a-37a1792a6030|rpc:fv-az1133-973:9894|admin:|client:|dataStream:|priority:0|startupRole:FOLLOWER]|listeners:[], old=null
2023-06-06 14:30:18,753 [bdb24b5d-e462-436d-8f8a-37a1792a6030@group-D6D5048CE409-SegmentedRaftLogWorker] INFO  segmented.SegmentedRaftLogWorker (SegmentedRaftLogWorker.java:execute(651)) - bdb24b5d-e462-436d-8f8a-37a1792a6030@group-D6D5048CE409-SegmentedRaftLogWorker: created new log segment /home/runner/work/ozone/ozone/hadoop-ozone/integration-test/target/test-dir/057280a6-6fd4-433d-a7ac-c581b0c27698/scm-meta/scm-ha/79a4d445-053b-467c-8e5e-d6d5048ce409/current/log_inprogress_0
2023-06-06 14:30:19,670 [Time-limited test] INFO  server.RaftServer (RaftServerProxy.java:lambda$close$6(416)) - bdb24b5d-e462-436d-8f8a-37a1792a6030: close
2023-06-06 14:30:19,670 [Time-limited test] INFO  server.GrpcService (GrpcService.java:closeImpl(311)) - bdb24b5d-e462-436d-8f8a-37a1792a6030: shutdown server GrpcServerProtocolService now
2023-06-06 14:30:19,670 [bdb24b5d-e462-436d-8f8a-37a1792a6030-impl-thread1] INFO  server.RaftServer$Division (RaftServerImpl.java:lambda$close$4(466)) - bdb24b5d-e462-436d-8f8a-37a1792a6030@group-D6D5048CE409: shutdown
2023-06-06 14:30:19,671 [bdb24b5d-e462-436d-8f8a-37a1792a6030-impl-thread1] INFO  util.JmxRegister (JmxRegister.java:unregister(73)) - Successfully un-registered JMX Bean with object name Ratis:service=RaftServer,group=group-D6D5048CE409,id=bdb24b5d-e462-436d-8f8a-37a1792a6030
2023-06-06 14:30:19,671 [bdb24b5d-e462-436d-8f8a-37a1792a6030-impl-thread1] INFO  impl.RoleInfo (RoleInfo.java:shutdownLeaderState(93)) - bdb24b5d-e462-436d-8f8a-37a1792a6030: shutdown bdb24b5d-e462-436d-8f8a-37a1792a6030@group-D6D5048CE409-LeaderStateImpl
2023-06-06 14:30:19,671 [bdb24b5d-e462-436d-8f8a-37a1792a6030-impl-thread1] INFO  impl.PendingRequests (PendingRequests.java:sendNotLeaderResponses(289)) - bdb24b5d-e462-436d-8f8a-37a1792a6030@group-D6D5048CE409-PendingRequests: sendNotLeaderResponses
2023-06-06 14:30:19,672 [Time-limited test] INFO  server.GrpcService (GrpcService.java:closeImpl(320)) - bdb24b5d-e462-436d-8f8a-37a1792a6030: shutdown server GrpcServerProtocolService successfully
2023-06-06 14:30:19,672 [bdb24b5d-e462-436d-8f8a-37a1792a6030-impl-thread1] INFO  impl.StateMachineUpdater (StateMachineUpdater.java:stopAndJoin(155)) - bdb24b5d-e462-436d-8f8a-37a1792a6030@group-D6D5048CE409-StateMachineUpdater: set stopIndex = 0
2023-06-06 14:30:19,672 [bdb24b5d-e462-436d-8f8a-37a1792a6030@group-D6D5048CE409-StateMachineUpdater] INFO  impl.StateMachineUpdater (StateMachineUpdater.java:takeSnapshot(291)) - bdb24b5d-e462-436d-8f8a-37a1792a6030@group-D6D5048CE409-StateMachineUpdater: Took a snapshot at index 0
2023-06-06 14:30:19,672 [bdb24b5d-e462-436d-8f8a-37a1792a6030@group-D6D5048CE409-StateMachineUpdater] INFO  impl.StateMachineUpdater (StateMachineUpdater.java:lambda$new$0(97)) - bdb24b5d-e462-436d-8f8a-37a1792a6030@group-D6D5048CE409-StateMachineUpdater: snapshotIndex: updateIncreasingly -1 -> 0
2023-06-06 14:30:19,673 [bdb24b5d-e462-436d-8f8a-37a1792a6030-impl-thread1] INFO  server.RaftServer$Division (ServerState.java:close(472)) - bdb24b5d-e462-436d-8f8a-37a1792a6030@group-D6D5048CE409: closes. applyIndex: 0
2023-06-06 14:30:19,755 [bdb24b5d-e462-436d-8f8a-37a1792a6030-impl-thread1] INFO  segmented.SegmentedRaftLogWorker (SegmentedRaftLogWorker.java:close(252)) - bdb24b5d-e462-436d-8f8a-37a1792a6030@group-D6D5048CE409-SegmentedRaftLogWorker close()
2023-06-06 14:30:19,756 [JvmPauseMonitor38] INFO  util.JvmPauseMonitor (JvmPauseMonitor.java:run(109)) - JvmPauseMonitor-bdb24b5d-e462-436d-8f8a-37a1792a6030: Stopped
2023-06-06 14:30:19,756 [Time-limited test] WARN  server.ServerUtils (ServerUtils.java:getScmDbDir(155)) - ozone.scm.db.dirs is not configured. We recommend adding this setting. Falling back to ozone.metadata.dirs instead.
2023-06-06 14:30:19,757 [Time-limited test] INFO  server.StorageContainerManager (StorageContainerManager.java:scmInit(1275)) - SCM initialization succeeded. Current cluster id for sd=/home/runner/work/ozone/ozone/hadoop-ozone/integration-test/target/test-dir/057280a6-6fd4-433d-a7ac-c581b0c27698/scm-meta/scm; cid=79a4d445-053b-467c-8e5e-d6d5048ce409; layoutVersion=7; scmId=bdb24b5d-e462-436d-8f8a-37a1792a6030
2023-06-06 14:30:19,757 [Time-limited test] WARN  server.ServerUtils (ServerUtils.java:getScmDbDir(155)) - ozone.scm.db.dirs is not configured. We recommend adding this setting. Falling back to ozone.metadata.dirs instead.
2023-06-06 14:30:19,758 [Time-limited test] INFO  server.RaftServerConfigKeys (ConfUtils.java:logGet(46)) - raft.server.storage.dir = [/home/runner/work/ozone/ozone/hadoop-ozone/integration-test/target/test-dir/057280a6-6fd4-433d-a7ac-c581b0c27698/scm-meta/scm-ha] (custom)
2023-06-06 14:30:19,763 [Time-limited test] INFO  ozone.TestStorageContainerManager (TestStorageContainerManager.java:lambda$null$5(596)) - group-D6D5048CE409: found a subdirectory /home/runner/work/ozone/ozone/hadoop-ozone/integration-test/target/test-dir/057280a6-6fd4-433d-a7ac-c581b0c27698/scm-meta/scm-ha/79a4d445-053b-467c-8e5e-d6d5048ce409
2023-06-06 14:30:19,763 [Time-limited test] INFO  ozone.TestStorageContainerManager (TestStorageContainerManager.java:lambda$null$5(606)) - group-D6D5048CE409 : The directory /home/runner/work/ozone/ozone/hadoop-ozone/integration-test/target/test-dir/057280a6-6fd4-433d-a7ac-c581b0c27698/scm-meta/scm-ha/79a4d445-053b-467c-8e5e-d6d5048ce409 found a group directory for cluster 79a4d445-053b-467c-8e5e-d6d5048ce409
]]></system-out>
  </testcase>
  <testcase name="testScmInfo" classname="org.apache.hadoop.ozone.TestStorageContainerManager" time="0.175">
    <system-out><![CDATA[2023-06-06 14:30:19,783 [Time-limited test] WARN  server.ServerUtils (ServerUtils.java:getScmDbDir(155)) - ozone.scm.db.dirs is not configured. We recommend adding this setting. Falling back to ozone.metadata.dirs instead.
2023-06-06 14:30:19,785 [Time-limited test] WARN  server.ServerUtils (ServerUtils.java:getScmDbDir(155)) - ozone.scm.db.dirs is not configured. We recommend adding this setting. Falling back to ozone.metadata.dirs instead.
2023-06-06 14:30:19,786 [Time-limited test] INFO  ha.SCMHANodeDetails (SCMHANodeDetails.java:loadSCMHAConfig(209)) - ServiceID for StorageContainerManager is null
2023-06-06 14:30:19,786 [Time-limited test] WARN  ha.SCMHANodeDetails (SCMHANodeDetails.java:validateSCMHAConfig(182)) - Invalid config ozone.scm.ratis.enable. The config was not specified, but the default value true conflicts with the expected config value false. Falling back to the expected value. Current State of SCM: SCM is running in Non-HA without Ratis Ratis SCM -> Non Ratis SCM or Non HA SCM -> HA SCM is not supported
2023-06-06 14:30:19,787 [Time-limited test] INFO  ha.SCMHANodeDetails (SCMHANodeDetails.java:loadSCMHAConfig(214)) - ozone.scm.default.service.id is not defined, falling back to ozone.scm.service.ids to find serviceID for StorageContainerManager if it is HA enabled cluster
2023-06-06 14:30:19,787 [Time-limited test] WARN  utils.HAUtils (HAUtils.java:getMetaDir(352)) - ozone.scm.db.dirs is not configured. We recommend adding this setting. Falling back to ozone.metadata.dirs instead.
2023-06-06 14:30:19,787 [Time-limited test] WARN  db.DBStoreBuilder (DBStoreBuilder.java:applyDBDefinition(165)) - ozone.scm.db.dirs is not configured. We recommend adding this setting. Falling back to ozone.metadata.dirs instead.
2023-06-06 14:30:19,898 [Time-limited test] INFO  net.NodeSchemaLoader (NodeSchemaLoader.java:loadSchemaFromFile(129)) - Loading schema from [jar:file:/home/runner/.m2/repository/org/apache/ozone/hdds-common/1.4.0-SNAPSHOT/hdds-common-1.4.0-SNAPSHOT.jar!/network-topology-default.xml]
2023-06-06 14:30:19,898 [Time-limited test] INFO  net.NodeSchemaLoader (NodeSchemaLoader.java:loadSchema(176)) - Loading network topology layer schema file
2023-06-06 14:30:19,906 [Time-limited test] INFO  upgrade.AbstractLayoutVersionManager (AbstractLayoutVersionManager.java:init(83)) - Initializing Layout version manager with metadata layout = HADOOP_PRC_PORTS_IN_DATANODEDETAILS (version = 7), software layout = HADOOP_PRC_PORTS_IN_DATANODEDETAILS (version = 7)
2023-06-06 14:30:19,908 [Time-limited test] INFO  ha.SequenceIdGenerator (SequenceIdGenerator.java:upgradeToSequenceId(349)) - upgrade localId to 111677748019200000
2023-06-06 14:30:19,910 [Time-limited test] INFO  ha.SequenceIdGenerator (SequenceIdGenerator.java:upgradeToSequenceId(359)) - upgrade delTxnId to 0
2023-06-06 14:30:19,910 [Time-limited test] INFO  ha.SequenceIdGenerator (SequenceIdGenerator.java:upgradeToSequenceId(376)) - upgrade containerId to 0
2023-06-06 14:30:19,910 [Time-limited test] INFO  ha.SequenceIdGenerator (SequenceIdGenerator.java:<init>(220)) - Init the HA SequenceIdGenerator.
2023-06-06 14:30:19,911 [Time-limited test] INFO  node.SCMNodeManager (SCMNodeManager.java:<init>(159)) - Entering startup safe mode.
2023-06-06 14:30:19,912 [Time-limited test] INFO  algorithms.ContainerPlacementPolicyFactory (ContainerPlacementPolicyFactory.java:getPolicyInternal(86)) - Create container placement policy of type org.apache.hadoop.hdds.scm.container.placement.algorithms.SCMContainerPlacementRackAware
2023-06-06 14:30:19,912 [Time-limited test] INFO  algorithms.ContainerPlacementPolicyFactory (ContainerPlacementPolicyFactory.java:getPolicyInternal(86)) - Create container placement policy of type org.apache.hadoop.hdds.scm.container.placement.algorithms.SCMContainerPlacementRackScatter
2023-06-06 14:30:19,912 [Time-limited test] INFO  pipeline.PipelineStateManagerImpl (PipelineStateManagerImpl.java:initialize(78)) - No pipeline exists in current db
2023-06-06 14:30:19,912 [Time-limited test] INFO  algorithms.LeaderChoosePolicyFactory (LeaderChoosePolicyFactory.java:getPolicy(57)) - Create leader choose policy of type org.apache.hadoop.hdds.scm.pipeline.leader.choose.algorithms.MinLeaderCountChoosePolicy
2023-06-06 14:30:19,912 [Time-limited test] INFO  algorithms.ContainerPlacementPolicyFactory (ContainerPlacementPolicyFactory.java:getPolicyInternal(86)) - Create container placement policy of type org.apache.hadoop.hdds.scm.container.placement.algorithms.SCMContainerPlacementRackScatter
2023-06-06 14:30:19,913 [Time-limited test] INFO  ha.SCMServiceManager (SCMServiceManager.java:register(42)) - Registering service BackgroundPipelineCreator.
2023-06-06 14:30:19,913 [Time-limited test] INFO  pipeline.BackgroundPipelineCreator (BackgroundPipelineCreator.java:start(124)) - Starting RatisPipelineUtilsThread.
2023-06-06 14:30:19,913 [Time-limited test] INFO  BackgroundPipelineScrubber (BackgroundSCMService.java:start(68)) - Starting BackgroundPipelineScrubber Service.
2023-06-06 14:30:19,913 [Time-limited test] INFO  ha.SCMServiceManager (SCMServiceManager.java:register(42)) - Registering service BackgroundPipelineScrubber.
2023-06-06 14:30:19,913 [Time-limited test] INFO  ExpiredContainerReplicaOpScrubber (BackgroundSCMService.java:start(68)) - Starting ExpiredContainerReplicaOpScrubber Service.
2023-06-06 14:30:19,913 [Time-limited test] INFO  ha.SCMServiceManager (SCMServiceManager.java:register(42)) - Registering service ExpiredContainerReplicaOpScrubber.
2023-06-06 14:30:19,917 [Time-limited test] INFO  algorithms.PipelineChoosePolicyFactory (PipelineChoosePolicyFactory.java:createPipelineChoosePolicyFromClass(73)) - Create pipeline choose policy of type org.apache.hadoop.hdds.scm.pipeline.choose.algorithms.RandomPipelineChoosePolicy
2023-06-06 14:30:19,920 [Time-limited test] INFO  ha.SCMServiceManager (SCMServiceManager.java:register(42)) - Registering service SCMBlockDeletingService.
2023-06-06 14:30:19,921 [Time-limited test] INFO  replication.ReplicationManager (ReplicationManager.java:start(299)) - Starting Replication Monitor Thread.
2023-06-06 14:30:19,926 [Time-limited test] INFO  ha.SCMServiceManager (SCMServiceManager.java:register(42)) - Registering service ReplicationManager.
2023-06-06 14:30:19,926 [Time-limited test] INFO  safemode.ContainerSafeModeRule (ContainerSafeModeRule.java:<init>(89)) - containers with one replica threshold count 0
2023-06-06 14:30:19,926 [Time-limited test] INFO  safemode.HealthyPipelineSafeModeRule (HealthyPipelineSafeModeRule.java:initializeRule(169)) - Total pipeline count is 0, healthy pipeline threshold count is 0
2023-06-06 14:30:19,926 [Time-limited test] INFO  safemode.OneReplicaPipelineSafeModeRule (OneReplicaPipelineSafeModeRule.java:initializeRule(180)) - Total pipeline count is 0, pipeline's with at least one datanode reported threshold count is 0
2023-06-06 14:30:19,927 [ReplicationMonitor] INFO  replication.ReplicationManager (ReplicationManager.java:processAll(374)) - Replication Manager is not ready to run until 300000ms after safemode exit
2023-06-06 14:30:19,927 [Time-limited test] INFO  server.StorageContainerManager (StorageContainerManager.java:<init>(404)) - SCM start with adminUsers: [runner]
2023-06-06 14:30:19,927 [Time-limited test] INFO  ipc.CallQueueManager (CallQueueManager.java:<init>(90)) - Using callQueue: class java.util.concurrent.LinkedBlockingQueue, queueCapacity: 10000, scheduler: class org.apache.hadoop.ipc.DefaultRpcScheduler, ipcBackoff: false.
2023-06-06 14:30:19,928 [Socket Reader #1 for port 9861] INFO  ipc.Server (Server.java:run(1319)) - Starting Socket Reader #1 for port 9861
2023-06-06 14:30:19,929 [Listener at 0.0.0.0/9861] INFO  hdds.HddsUtils (HddsUtils.java:preserveThreadName(843)) - Restoring thread name: Time-limited test
2023-06-06 14:30:19,929 [Time-limited test] INFO  ipc.CallQueueManager (CallQueueManager.java:<init>(90)) - Using callQueue: class java.util.concurrent.LinkedBlockingQueue, queueCapacity: 10000, scheduler: class org.apache.hadoop.ipc.DefaultRpcScheduler, ipcBackoff: false.
2023-06-06 14:30:19,930 [Socket Reader #1 for port 9863] INFO  ipc.Server (Server.java:run(1319)) - Starting Socket Reader #1 for port 9863
2023-06-06 14:30:19,931 [Listener at 0.0.0.0/9863] INFO  hdds.HddsUtils (HddsUtils.java:preserveThreadName(843)) - Restoring thread name: Time-limited test
2023-06-06 14:30:19,931 [Time-limited test] INFO  ipc.CallQueueManager (CallQueueManager.java:<init>(90)) - Using callQueue: class java.util.concurrent.LinkedBlockingQueue, queueCapacity: 10000, scheduler: class org.apache.hadoop.ipc.DefaultRpcScheduler, ipcBackoff: false.
2023-06-06 14:30:19,932 [Socket Reader #1 for port 9860] INFO  ipc.Server (Server.java:run(1319)) - Starting Socket Reader #1 for port 9860
2023-06-06 14:30:19,933 [Listener at 0.0.0.0/9860] INFO  hdds.HddsUtils (HddsUtils.java:preserveThreadName(843)) - Restoring thread name: Time-limited test
2023-06-06 14:30:19,935 [Time-limited test] INFO  ha.SCMServiceManager (SCMServiceManager.java:register(42)) - Registering service ContainerBalancer.
2023-06-06 14:30:19,936 [Time-limited test] INFO  server.StorageContainerManager (StorageContainerManager.java:<init>(416)) - 
Container Balancer status:
Key                            Value
Running                        false
Container Balancer Configuration values:
Key                                                Value
Threshold                                          10
Max Datanodes to Involve per Iteration(percent)    20
Max Size to Move per Iteration                     500GB
Max Size Entering Target per Iteration             26GB
Max Size Leaving Source per Iteration              26GB

2023-06-06 14:30:19,936 [Time-limited test] INFO  ha.SCMContext (SCMContext.java:updateSafeModeStatus(228)) - Update SafeModeStatus from SafeModeStatus{safeModeStatus=true, preCheckPassed=false} to SafeModeStatus{safeModeStatus=true, preCheckPassed=false}.
]]></system-out>
  </testcase>
</testsuite>