<?xml version="1.0" encoding="UTF-8"?>
<testsuite xmlns:xsi="http://www.w3.org/2001/XMLSchema-instance" xsi:noNamespaceSchemaLocation="https://maven.apache.org/surefire/maven-surefire-plugin/xsd/surefire-test-report.xsd" name="org.apache.hadoop.ozone.client.rpc.TestContainerStateMachineFailures" time="78.599" tests="5" errors="0" skipped="0" failures="1">
  <properties>
    <property name="awt.toolkit" value="sun.awt.X11.XToolkit"/>
    <property name="file.encoding.pkg" value="sun.io"/>
    <property name="java.specification.version" value="1.8"/>
    <property name="sun.cpu.isalist" value=""/>
    <property name="sun.jnu.encoding" value="ANSI_X3.4-1968"/>
    <property name="java.class.path" value="/github/workspace/mnt/ozone/hadoop-ozone/integration-test/target/test-classes:/github/workspace/mnt/ozone/hadoop-ozone/integration-test/target/classes:/home/user/.m2/repository/org/apache/hadoop/hadoop-ozone-common/1.1.0-SNAPSHOT/hadoop-ozone-common-1.1.0-SNAPSHOT.jar:/home/user/.m2/repository/org/apache/commons/commons-compress/1.4.1/commons-compress-1.4.1.jar:/home/user/.m2/repository/org/tukaani/xz/1.0/xz-1.0.jar:/home/user/.m2/repository/org/apache/hadoop/hadoop-hdds-common/1.1.0-SNAPSHOT/hadoop-hdds-common-1.1.0-SNAPSHOT.jar:/home/user/.m2/repository/org/apache/hadoop/hadoop-hdds-hadoop-dependency-client/1.1.0-SNAPSHOT/hadoop-hdds-hadoop-dependency-client-1.1.0-SNAPSHOT.jar:/home/user/.m2/repository/info/picocli/picocli/4.4.0/picocli-4.4.0.jar:/home/user/.m2/repository/com/fasterxml/jackson/core/jackson-annotations/2.10.3/jackson-annotations-2.10.3.jar:/home/user/.m2/repository/javax/annotation/javax.annotation-api/1.2/javax.annotation-api-1.2.jar:/home/user/.m2/repository/org/apache/ratis/ratis-server/1.1.0-ea949f1-SNAPSHOT/ratis-server-1.1.0-ea949f1-SNAPSHOT.jar:/home/user/.m2/repository/org/apache/ratis/ratis-client/1.1.0-ea949f1-SNAPSHOT/ratis-client-1.1.0-ea949f1-SNAPSHOT.jar:/home/user/.m2/repository/org/apache/ratis/ratis-metrics/1.1.0-ea949f1-SNAPSHOT/ratis-metrics-1.1.0-ea949f1-SNAPSHOT.jar:/home/user/.m2/repository/org/apache/ratis/ratis-netty/1.1.0-ea949f1-SNAPSHOT/ratis-netty-1.1.0-ea949f1-SNAPSHOT.jar:/home/user/.m2/repository/org/apache/ratis/ratis-grpc/1.1.0-ea949f1-SNAPSHOT/ratis-grpc-1.1.0-ea949f1-SNAPSHOT.jar:/home/user/.m2/repository/org/apache/logging/log4j/log4j-api/2.13.3/log4j-api-2.13.3.jar:/home/user/.m2/repository/org/apache/logging/log4j/log4j-core/2.13.3/log4j-core-2.13.3.jar:/home/user/.m2/repository/com/lmax/disruptor/3.4.2/disruptor-3.4.2.jar:/home/user/.m2/repository/org/apache/commons/commons-pool2/2.6.0/commons-pool2-2.6.0.jar:/home/user/.m2/repository/org/bouncycastle/bcpkix-jdk15on/1.60/bcpkix-jdk15on-1.60.jar:/home/user/.m2/repository/commons-validator/commons-validator/1.6/commons-validator-1.6.jar:/home/user/.m2/repository/commons-digester/commons-digester/1.8.1/commons-digester-1.8.1.jar:/home/user/.m2/repository/io/jaegertracing/jaeger-client/1.2.0/jaeger-client-1.2.0.jar:/home/user/.m2/repository/io/jaegertracing/jaeger-thrift/1.2.0/jaeger-thrift-1.2.0.jar:/home/user/.m2/repository/org/apache/thrift/libthrift/0.13.0/libthrift-0.13.0.jar:/home/user/.m2/repository/com/squareup/okhttp3/okhttp/4.2.2/okhttp-4.2.2.jar:/home/user/.m2/repository/com/squareup/okio/okio/2.2.2/okio-2.2.2.jar:/home/user/.m2/repository/org/jetbrains/kotlin/kotlin-stdlib/1.3.50/kotlin-stdlib-1.3.50.jar:/home/user/.m2/repository/org/jetbrains/kotlin/kotlin-stdlib-common/1.3.50/kotlin-stdlib-common-1.3.50.jar:/home/user/.m2/repository/org/jetbrains/annotations/13.0/annotations-13.0.jar:/home/user/.m2/repository/io/jaegertracing/jaeger-core/1.2.0/jaeger-core-1.2.0.jar:/home/user/.m2/repository/io/jaegertracing/jaeger-tracerresolver/1.2.0/jaeger-tracerresolver-1.2.0.jar:/home/user/.m2/repository/io/opentracing/contrib/opentracing-tracerresolver/0.1.8/opentracing-tracerresolver-0.1.8.jar:/home/user/.m2/repository/io/opentracing/opentracing-util/0.33.0/opentracing-util-0.33.0.jar:/home/user/.m2/repository/io/opentracing/opentracing-api/0.33.0/opentracing-api-0.33.0.jar:/home/user/.m2/repository/io/opentracing/opentracing-noop/0.33.0/opentracing-noop-0.33.0.jar:/home/user/.m2/repository/org/apache/hadoop/hadoop-hdds-client/1.1.0-SNAPSHOT/hadoop-hdds-client-1.1.0-SNAPSHOT.jar:/home/user/.m2/repository/org/apache/hadoop/hadoop-ozone-interface-client/1.1.0-SNAPSHOT/hadoop-ozone-interface-client-1.1.0-SNAPSHOT.jar:/home/user/.m2/repository/org/apache/hadoop/hadoop-hdds-test-utils/1.1.0-SNAPSHOT/hadoop-hdds-test-utils-1.1.0-SNAPSHOT.jar:/home/user/.m2/repository/com/google/guava/guava/28.2-jre/guava-28.2-jre.jar:/home/user/.m2/repository/com/google/guava/failureaccess/1.0.1/failureaccess-1.0.1.jar:/home/user/.m2/repository/com/google/guava/listenablefuture/9999.0-empty-to-avoid-conflict-with-guava/listenablefuture-9999.0-empty-to-avoid-conflict-with-guava.jar:/home/user/.m2/repository/com/google/code/findbugs/jsr305/3.0.0/jsr305-3.0.0.jar:/home/user/.m2/repository/org/checkerframework/checker-qual/2.10.0/checker-qual-2.10.0.jar:/home/user/.m2/repository/com/google/errorprone/error_prone_annotations/2.2.0/error_prone_annotations-2.2.0.jar:/home/user/.m2/repository/com/google/j2objc/j2objc-annotations/1.3/j2objc-annotations-1.3.jar:/home/user/.m2/repository/commons-io/commons-io/2.5/commons-io-2.5.jar:/home/user/.m2/repository/commons-logging/commons-logging/1.2/commons-logging-1.2.jar:/home/user/.m2/repository/log4j/log4j/1.2.17/log4j-1.2.17.jar:/home/user/.m2/repository/org/slf4j/slf4j-api/1.7.25/slf4j-api-1.7.25.jar:/home/user/.m2/repository/org/apache/hadoop/hadoop-hdds-server-scm/1.1.0-SNAPSHOT/hadoop-hdds-server-scm-1.1.0-SNAPSHOT.jar:/home/user/.m2/repository/org/apache/hadoop/hadoop-hdds-container-service/1.1.0-SNAPSHOT/hadoop-hdds-container-service-1.1.0-SNAPSHOT.jar:/home/user/.m2/repository/org/apache/hadoop/hadoop-hdds-hadoop-dependency-server/1.1.0-SNAPSHOT/hadoop-hdds-hadoop-dependency-server-1.1.0-SNAPSHOT.jar:/home/user/.m2/repository/org/apache/hadoop/hadoop-hdds-server-framework/1.1.0-SNAPSHOT/hadoop-hdds-server-framework-1.1.0-SNAPSHOT.jar:/home/user/.m2/repository/org/apache/hadoop/hadoop-hdds-interface-server/1.1.0-SNAPSHOT/hadoop-hdds-interface-server-1.1.0-SNAPSHOT.jar:/home/user/.m2/repository/org/apache/hadoop/hadoop-hdds-interface-admin/1.1.0-SNAPSHOT/hadoop-hdds-interface-admin-1.1.0-SNAPSHOT.jar:/home/user/.m2/repository/org/rocksdb/rocksdbjni/6.8.1/rocksdbjni-6.8.1.jar:/home/user/.m2/repository/io/prometheus/simpleclient_dropwizard/0.7.0/simpleclient_dropwizard-0.7.0.jar:/home/user/.m2/repository/io/prometheus/simpleclient/0.7.0/simpleclient-0.7.0.jar:/home/user/.m2/repository/io/prometheus/simpleclient_common/0.7.0/simpleclient_common-0.7.0.jar:/home/user/.m2/repository/com/fasterxml/jackson/datatype/jackson-datatype-jsr310/2.10.3/jackson-datatype-jsr310-2.10.3.jar:/home/user/.m2/repository/io/dropwizard/metrics/metrics-core/3.2.4/metrics-core-3.2.4.jar:/home/user/.m2/repository/org/apache/hadoop/hadoop-hdfs-client/3.2.1/hadoop-hdfs-client-3.2.1.jar:/home/user/.m2/repository/org/bouncycastle/bcprov-jdk15on/1.60/bcprov-jdk15on-1.60.jar:/home/user/.m2/repository/org/apache/hadoop/hadoop-ozone-ozone-manager/1.1.0-SNAPSHOT/hadoop-ozone-ozone-manager-1.1.0-SNAPSHOT.jar:/home/user/.m2/repository/org/apache/hadoop/hadoop-hdds-interface-client/1.1.0-SNAPSHOT/hadoop-hdds-interface-client-1.1.0-SNAPSHOT.jar:/home/user/.m2/repository/org/apache/ratis/ratis-thirdparty-misc/0.6.0-SNAPSHOT/ratis-thirdparty-misc-0.6.0-SNAPSHOT.jar:/home/user/.m2/repository/org/apache/hadoop/hadoop-ozone-interface-storage/1.1.0-SNAPSHOT/hadoop-ozone-interface-storage-1.1.0-SNAPSHOT.jar:/home/user/.m2/repository/org/apache/hadoop/hadoop-minikdc/3.2.1/hadoop-minikdc-3.2.1.jar:/home/user/.m2/repository/org/apache/kerby/kerb-simplekdc/1.0.1/kerb-simplekdc-1.0.1.jar:/home/user/.m2/repository/org/apache/kerby/kerb-client/1.0.1/kerb-client-1.0.1.jar:/home/user/.m2/repository/org/apache/kerby/kerby-config/1.0.1/kerby-config-1.0.1.jar:/home/user/.m2/repository/org/apache/kerby/kerb-core/1.0.1/kerb-core-1.0.1.jar:/home/user/.m2/repository/org/apache/kerby/kerby-pkix/1.0.1/kerby-pkix-1.0.1.jar:/home/user/.m2/repository/org/apache/kerby/kerby-asn1/1.0.1/kerby-asn1-1.0.1.jar:/home/user/.m2/repository/org/apache/kerby/kerby-util/1.0.1/kerby-util-1.0.1.jar:/home/user/.m2/repository/org/apache/kerby/kerb-common/1.0.1/kerb-common-1.0.1.jar:/home/user/.m2/repository/org/apache/kerby/kerb-crypto/1.0.1/kerb-crypto-1.0.1.jar:/home/user/.m2/repository/org/apache/kerby/kerb-util/1.0.1/kerb-util-1.0.1.jar:/home/user/.m2/repository/org/apache/kerby/token-provider/1.0.1/token-provider-1.0.1.jar:/home/user/.m2/repository/org/apache/kerby/kerb-admin/1.0.1/kerb-admin-1.0.1.jar:/home/user/.m2/repository/org/apache/kerby/kerb-server/1.0.1/kerb-server-1.0.1.jar:/home/user/.m2/repository/org/apache/kerby/kerb-identity/1.0.1/kerb-identity-1.0.1.jar:/home/user/.m2/repository/org/apache/kerby/kerby-xdr/1.0.1/kerby-xdr-1.0.1.jar:/home/user/.m2/repository/org/slf4j/slf4j-log4j12/1.7.25/slf4j-log4j12-1.7.25.jar:/home/user/.m2/repository/org/apache/hadoop/hadoop-ozone-s3gateway/1.1.0-SNAPSHOT/hadoop-ozone-s3gateway-1.1.0-SNAPSHOT.jar:/home/user/.m2/repository/org/jboss/weld/servlet/weld-servlet/2.4.7.Final/weld-servlet-2.4.7.Final.jar:/home/user/.m2/repository/org/glassfish/jersey/containers/jersey-container-servlet-core/2.27/jersey-container-servlet-core-2.27.jar:/home/user/.m2/repository/org/glassfish/hk2/external/javax.inject/2.5.0-b42/javax.inject-2.5.0-b42.jar:/home/user/.m2/repository/org/glassfish/jersey/core/jersey-common/2.27/jersey-common-2.27.jar:/home/user/.m2/repository/org/glassfish/hk2/osgi-resource-locator/1.0.1/osgi-resource-locator-1.0.1.jar:/home/user/.m2/repository/javax/ws/rs/javax.ws.rs-api/2.1/javax.ws.rs-api-2.1.jar:/home/user/.m2/repository/org/glassfish/jersey/ext/cdi/jersey-cdi1x/2.27/jersey-cdi1x-2.27.jar:/home/user/.m2/repository/org/glassfish/jersey/inject/jersey-hk2/2.27/jersey-hk2-2.27.jar:/home/user/.m2/repository/org/glassfish/hk2/hk2-locator/2.5.0-b42/hk2-locator-2.5.0-b42.jar:/home/user/.m2/repository/org/javassist/javassist/3.22.0-CR2/javassist-3.22.0-CR2.jar:/home/user/.m2/repository/org/glassfish/hk2/hk2-api/2.5.0/hk2-api-2.5.0.jar:/home/user/.m2/repository/org/glassfish/hk2/external/jakarta.inject/2.5.0/jakarta.inject-2.5.0.jar:/home/user/.m2/repository/org/glassfish/hk2/hk2-utils/2.5.0/hk2-utils-2.5.0.jar:/home/user/.m2/repository/jakarta/annotation/jakarta.annotation-api/1.3.4/jakarta.annotation-api-1.3.4.jar:/home/user/.m2/repository/org/glassfish/hk2/external/aopalliance-repackaged/2.5.0/aopalliance-repackaged-2.5.0.jar:/home/user/.m2/repository/com/fasterxml/jackson/dataformat/jackson-dataformat-xml/2.10.3/jackson-dataformat-xml-2.10.3.jar:/home/user/.m2/repository/com/fasterxml/jackson/core/jackson-core/2.10.3/jackson-core-2.10.3.jar:/home/user/.m2/repository/com/fasterxml/jackson/module/jackson-module-jaxb-annotations/2.10.3/jackson-module-jaxb-annotations-2.10.3.jar:/home/user/.m2/repository/jakarta/xml/bind/jakarta.xml.bind-api/2.3.2/jakarta.xml.bind-api-2.3.2.jar:/home/user/.m2/repository/jakarta/activation/jakarta.activation-api/1.2.1/jakarta.activation-api-1.2.1.jar:/home/user/.m2/repository/org/codehaus/woodstox/stax2-api/3.1.4/stax2-api-3.1.4.jar:/home/user/.m2/repository/com/fasterxml/woodstox/woodstox-core/5.0.3/woodstox-core-5.0.3.jar:/home/user/.m2/repository/javax/enterprise/cdi-api/1.2/cdi-api-1.2.jar:/home/user/.m2/repository/javax/el/javax.el-api/3.0.0/javax.el-api-3.0.0.jar:/home/user/.m2/repository/javax/interceptor/javax.interceptor-api/1.2/javax.interceptor-api-1.2.jar:/home/user/.m2/repository/javax/inject/javax.inject/1/javax.inject-1.jar:/home/user/.m2/repository/com/sun/xml/bind/jaxb-impl/2.3.0.1/jaxb-impl-2.3.0.1.jar:/home/user/.m2/repository/com/sun/xml/bind/jaxb-core/2.3.0.1/jaxb-core-2.3.0.1.jar:/home/user/.m2/repository/javax/xml/bind/jaxb-api/2.3.0/jaxb-api-2.3.0.jar:/home/user/.m2/repository/javax/activation/activation/1.1.1/activation-1.1.1.jar:/home/user/.m2/repository/org/apache/hadoop/hadoop-ozone-csi/1.1.0-SNAPSHOT/hadoop-ozone-csi-1.1.0-SNAPSHOT.jar:/home/user/.m2/repository/com/google/protobuf/protobuf-java-util/3.11.0/protobuf-java-util-3.11.0.jar:/home/user/.m2/repository/com/google/code/gson/gson/2.2.4/gson-2.2.4.jar:/home/user/.m2/repository/org/apache/hadoop/hadoop-hdds-config/1.1.0-SNAPSHOT/hadoop-hdds-config-1.1.0-SNAPSHOT.jar:/home/user/.m2/repository/com/google/protobuf/protobuf-java/2.5.0/protobuf-java-2.5.0.jar:/home/user/.m2/repository/io/grpc/grpc-netty/1.29.0/grpc-netty-1.29.0.jar:/home/user/.m2/repository/io/grpc/grpc-core/1.29.0/grpc-core-1.29.0.jar:/home/user/.m2/repository/com/google/android/annotations/4.1.1.4/annotations-4.1.1.4.jar:/home/user/.m2/repository/io/perfmark/perfmark-api/0.19.0/perfmark-api-0.19.0.jar:/home/user/.m2/repository/io/netty/netty-codec-http2/4.1.48.Final/netty-codec-http2-4.1.48.Final.jar:/home/user/.m2/repository/io/netty/netty-codec/4.1.48.Final/netty-codec-4.1.48.Final.jar:/home/user/.m2/repository/io/netty/netty-handler/4.1.48.Final/netty-handler-4.1.48.Final.jar:/home/user/.m2/repository/io/netty/netty-codec-http/4.1.48.Final/netty-codec-http-4.1.48.Final.jar:/home/user/.m2/repository/io/netty/netty-handler-proxy/4.1.48.Final/netty-handler-proxy-4.1.48.Final.jar:/home/user/.m2/repository/io/netty/netty-codec-socks/4.1.48.Final/netty-codec-socks-4.1.48.Final.jar:/home/user/.m2/repository/io/netty/netty-transport-native-epoll/4.1.48.Final/netty-transport-native-epoll-4.1.48.Final.jar:/home/user/.m2/repository/io/netty/netty-common/4.1.48.Final/netty-common-4.1.48.Final.jar:/home/user/.m2/repository/io/netty/netty-buffer/4.1.48.Final/netty-buffer-4.1.48.Final.jar:/home/user/.m2/repository/io/netty/netty-transport/4.1.48.Final/netty-transport-4.1.48.Final.jar:/home/user/.m2/repository/io/netty/netty-resolver/4.1.48.Final/netty-resolver-4.1.48.Final.jar:/home/user/.m2/repository/io/netty/netty-transport-native-unix-common/4.1.48.Final/netty-transport-native-unix-common-4.1.48.Final.jar:/home/user/.m2/repository/io/grpc/grpc-protobuf/1.29.0/grpc-protobuf-1.29.0.jar:/home/user/.m2/repository/io/grpc/grpc-api/1.29.0/grpc-api-1.29.0.jar:/home/user/.m2/repository/io/grpc/grpc-context/1.29.0/grpc-context-1.29.0.jar:/home/user/.m2/repository/org/codehaus/mojo/animal-sniffer-annotations/1.18/animal-sniffer-annotations-1.18.jar:/home/user/.m2/repository/com/google/api/grpc/proto-google-common-protos/1.17.0/proto-google-common-protos-1.17.0.jar:/home/user/.m2/repository/io/grpc/grpc-protobuf-lite/1.29.0/grpc-protobuf-lite-1.29.0.jar:/home/user/.m2/repository/io/grpc/grpc-stub/1.29.0/grpc-stub-1.29.0.jar:/home/user/.m2/repository/org/apache/hadoop/hadoop-ozone-recon/1.1.0-SNAPSHOT/hadoop-ozone-recon-1.1.0-SNAPSHOT.jar:/home/user/.m2/repository/org/apache/hadoop/hadoop-ozone-reconcodegen/1.1.0-SNAPSHOT/hadoop-ozone-reconcodegen-1.1.0-SNAPSHOT.jar:/home/user/.m2/repository/com/google/inject/extensions/guice-multibindings/4.0/guice-multibindings-4.0.jar:/home/user/.m2/repository/com/google/inject/guice/4.0/guice-4.0.jar:/home/user/.m2/repository/aopalliance/aopalliance/1.0/aopalliance-1.0.jar:/home/user/.m2/repository/com/google/inject/extensions/guice-assistedinject/4.0/guice-assistedinject-4.0.jar:/home/user/.m2/repository/com/google/inject/extensions/guice-servlet/4.0/guice-servlet-4.0.jar:/home/user/.m2/repository/org/glassfish/jersey/containers/jersey-container-servlet/2.27/jersey-container-servlet-2.27.jar:/home/user/.m2/repository/org/glassfish/hk2/guice-bridge/2.5.0/guice-bridge-2.5.0.jar:/home/user/.m2/repository/org/glassfish/jersey/core/jersey-server/2.27/jersey-server-2.27.jar:/home/user/.m2/repository/org/glassfish/jersey/core/jersey-client/2.27/jersey-client-2.27.jar:/home/user/.m2/repository/org/glassfish/jersey/media/jersey-media-jaxb/2.27/jersey-media-jaxb-2.27.jar:/home/user/.m2/repository/javax/validation/validation-api/1.1.0.Final/validation-api-1.1.0.Final.jar:/home/user/.m2/repository/org/glassfish/jersey/media/jersey-media-json-jackson/2.27/jersey-media-json-jackson-2.27.jar:/home/user/.m2/repository/org/glassfish/jersey/ext/jersey-entity-filtering/2.27/jersey-entity-filtering-2.27.jar:/home/user/.m2/repository/org/jooq/jooq/3.11.10/jooq-3.11.10.jar:/home/user/.m2/repository/org/jooq/jooq-meta/3.11.10/jooq-meta-3.11.10.jar:/home/user/.m2/repository/org/jooq/jooq-codegen/3.11.10/jooq-codegen-3.11.10.jar:/home/user/.m2/repository/com/jolbox/bonecp/0.8.0.RELEASE/bonecp-0.8.0.RELEASE.jar:/home/user/.m2/repository/org/apache/derby/derby/10.14.2.0/derby-10.14.2.0.jar:/home/user/.m2/repository/org/xerial/sqlite-jdbc/3.25.2/sqlite-jdbc-3.25.2.jar:/home/user/.m2/repository/org/springframework/spring-jdbc/5.2.5.RELEASE/spring-jdbc-5.2.5.RELEASE.jar:/home/user/.m2/repository/org/springframework/spring-beans/5.2.5.RELEASE/spring-beans-5.2.5.RELEASE.jar:/home/user/.m2/repository/org/springframework/spring-core/5.2.5.RELEASE/spring-core-5.2.5.RELEASE.jar:/home/user/.m2/repository/org/springframework/spring-jcl/5.2.5.RELEASE/spring-jcl-5.2.5.RELEASE.jar:/home/user/.m2/repository/org/springframework/spring-tx/5.2.5.RELEASE/spring-tx-5.2.5.RELEASE.jar:/home/user/.m2/repository/org/apache/hadoop/hadoop-ozone-client/1.1.0-SNAPSHOT/hadoop-ozone-client-1.1.0-SNAPSHOT.jar:/home/user/.m2/repository/org/apache/hadoop/hadoop-ozone-filesystem/1.1.0-SNAPSHOT/hadoop-ozone-filesystem-1.1.0-SNAPSHOT.jar:/home/user/.m2/repository/org/apache/hadoop/hadoop-ozone-filesystem-common/1.1.0-SNAPSHOT/hadoop-ozone-filesystem-common-1.1.0-SNAPSHOT.jar:/home/user/.m2/repository/org/apache/hadoop/hadoop-ozone-tools/1.1.0-SNAPSHOT/hadoop-ozone-tools-1.1.0-SNAPSHOT.jar:/home/user/.m2/repository/org/apache/hadoop/hadoop-hdfs/3.2.1/hadoop-hdfs-3.2.1.jar:/home/user/.m2/repository/org/apache/ratis/ratis-tools/1.1.0-ea949f1-SNAPSHOT/ratis-tools-1.1.0-ea949f1-SNAPSHOT.jar:/home/user/.m2/repository/org/apache/ratis/ratis-proto/1.1.0-ea949f1-SNAPSHOT/ratis-proto-1.1.0-ea949f1-SNAPSHOT.jar:/home/user/.m2/repository/org/apache/ratis/ratis-common/1.1.0-ea949f1-SNAPSHOT/ratis-common-1.1.0-ea949f1-SNAPSHOT.jar:/home/user/.m2/repository/com/amazonaws/aws-java-sdk-core/1.11.615/aws-java-sdk-core-1.11.615.jar:/home/user/.m2/repository/org/apache/httpcomponents/httpclient/4.5.2/httpclient-4.5.2.jar:/home/user/.m2/repository/org/apache/httpcomponents/httpcore/4.4.4/httpcore-4.4.4.jar:/home/user/.m2/repository/software/amazon/ion/ion-java/1.0.2/ion-java-1.0.2.jar:/home/user/.m2/repository/com/fasterxml/jackson/dataformat/jackson-dataformat-cbor/2.10.3/jackson-dataformat-cbor-2.10.3.jar:/home/user/.m2/repository/joda-time/joda-time/2.8.1/joda-time-2.8.1.jar:/home/user/.m2/repository/com/amazonaws/aws-java-sdk-s3/1.11.615/aws-java-sdk-s3-1.11.615.jar:/home/user/.m2/repository/com/amazonaws/aws-java-sdk-kms/1.11.615/aws-java-sdk-kms-1.11.615.jar:/home/user/.m2/repository/com/amazonaws/jmespath-java/1.11.615/jmespath-java-1.11.615.jar:/home/user/.m2/repository/org/kohsuke/metainf-services/metainf-services/1.8/metainf-services-1.8.jar:/home/user/.m2/repository/org/apache/hadoop/hadoop-hdds-tools/1.1.0-SNAPSHOT/hadoop-hdds-tools-1.1.0-SNAPSHOT.jar:/home/user/.m2/repository/commons-cli/commons-cli/1.2/commons-cli-1.2.jar:/home/user/.m2/repository/org/apache/commons/commons-lang3/3.7/commons-lang3-3.7.jar:/home/user/.m2/repository/org/apache/hadoop/hadoop-ozone-ozone-manager/1.1.0-SNAPSHOT/hadoop-ozone-ozone-manager-1.1.0-SNAPSHOT-tests.jar:/home/user/.m2/repository/junit/junit/4.11/junit-4.11.jar:/home/user/.m2/repository/org/hamcrest/hamcrest-core/1.3/hamcrest-core-1.3.jar:/home/user/.m2/repository/org/openjdk/jmh/jmh-core/1.19/jmh-core-1.19.jar:/home/user/.m2/repository/net/sf/jopt-simple/jopt-simple/4.6/jopt-simple-4.6.jar:/home/user/.m2/repository/org/apache/commons/commons-math3/3.1.1/commons-math3-3.1.1.jar:/home/user/.m2/repository/org/openjdk/jmh/jmh-generator-annprocess/1.19/jmh-generator-annprocess-1.19.jar:/home/user/.m2/repository/org/mockito/mockito-all/1.8.5/mockito-all-1.8.5.jar:/home/user/.m2/repository/org/apache/hadoop/hadoop-kms/3.2.1/hadoop-kms-3.2.1.jar:/home/user/.m2/repository/org/apache/hadoop/hadoop-auth/3.2.1/hadoop-auth-3.2.1.jar:/home/user/.m2/repository/com/nimbusds/nimbus-jose-jwt/7.9/nimbus-jose-jwt-7.9.jar:/home/user/.m2/repository/com/github/stephenc/jcip/jcip-annotations/1.0-1/jcip-annotations-1.0-1.jar:/home/user/.m2/repository/net/minidev/json-smart/2.3/json-smart-2.3.jar:/home/user/.m2/repository/net/minidev/accessors-smart/1.2/accessors-smart-1.2.jar:/home/user/.m2/repository/org/ow2/asm/asm/5.0.4/asm-5.0.4.jar:/home/user/.m2/repository/org/apache/zookeeper/zookeeper/3.4.13/zookeeper-3.4.13.jar:/home/user/.m2/repository/org/apache/yetus/audience-annotations/0.5.0/audience-annotations-0.5.0.jar:/home/user/.m2/repository/org/apache/curator/curator-framework/2.13.0/curator-framework-2.13.0.jar:/home/user/.m2/repository/com/sun/jersey/jersey-core/1.19/jersey-core-1.19.jar:/home/user/.m2/repository/javax/ws/rs/jsr311-api/1.1.1/jsr311-api-1.1.1.jar:/home/user/.m2/repository/com/sun/jersey/jersey-server/1.19/jersey-server-1.19.jar:/home/user/.m2/repository/javax/servlet/javax.servlet-api/3.1.0/javax.servlet-api-3.1.0.jar:/home/user/.m2/repository/org/eclipse/jetty/jetty-server/9.4.26.v20200117/jetty-server-9.4.26.v20200117.jar:/home/user/.m2/repository/org/eclipse/jetty/jetty-http/9.4.26.v20200117/jetty-http-9.4.26.v20200117.jar:/home/user/.m2/repository/org/eclipse/jetty/jetty-io/9.4.26.v20200117/jetty-io-9.4.26.v20200117.jar:/home/user/.m2/repository/org/eclipse/jetty/jetty-webapp/9.4.26.v20200117/jetty-webapp-9.4.26.v20200117.jar:/home/user/.m2/repository/org/eclipse/jetty/jetty-xml/9.4.26.v20200117/jetty-xml-9.4.26.v20200117.jar:/home/user/.m2/repository/org/eclipse/jetty/jetty-servlet/9.4.26.v20200117/jetty-servlet-9.4.26.v20200117.jar:/home/user/.m2/repository/org/eclipse/jetty/jetty-security/9.4.26.v20200117/jetty-security-9.4.26.v20200117.jar:/home/user/.m2/repository/org/apache/hadoop/hadoop-common/3.2.1/hadoop-common-3.2.1.jar:/home/user/.m2/repository/commons-net/commons-net/3.6/commons-net-3.6.jar:/home/user/.m2/repository/commons-collections/commons-collections/3.2.2/commons-collections-3.2.2.jar:/home/user/.m2/repository/com/sun/jersey/jersey-servlet/1.19/jersey-servlet-1.19.jar:/home/user/.m2/repository/com/sun/jersey/jersey-json/1.19/jersey-json-1.19.jar:/home/user/.m2/repository/org/codehaus/jettison/jettison/1.1/jettison-1.1.jar:/home/user/.m2/repository/org/codehaus/jackson/jackson-jaxrs/1.9.2/jackson-jaxrs-1.9.2.jar:/home/user/.m2/repository/org/codehaus/jackson/jackson-xc/1.9.2/jackson-xc-1.9.2.jar:/home/user/.m2/repository/commons-beanutils/commons-beanutils/1.9.4/commons-beanutils-1.9.4.jar:/home/user/.m2/repository/org/apache/commons/commons-configuration2/2.1.1/commons-configuration2-2.1.1.jar:/home/user/.m2/repository/org/apache/commons/commons-text/1.4/commons-text-1.4.jar:/home/user/.m2/repository/com/google/re2j/re2j/1.1/re2j-1.1.jar:/home/user/.m2/repository/com/jcraft/jsch/0.1.54/jsch-0.1.54.jar:/home/user/.m2/repository/org/apache/curator/curator-client/2.13.0/curator-client-2.13.0.jar:/home/user/.m2/repository/org/apache/curator/curator-recipes/2.13.0/curator-recipes-2.13.0.jar:/home/user/.m2/repository/dnsjava/dnsjava/2.1.7/dnsjava-2.1.7.jar:/home/user/.m2/repository/org/slf4j/jul-to-slf4j/1.7.25/jul-to-slf4j-1.7.25.jar:/home/user/.m2/repository/org/eclipse/jetty/jetty-util/9.4.26.v20200117/jetty-util-9.4.26.v20200117.jar:/home/user/.m2/repository/com/fasterxml/jackson/core/jackson-databind/2.10.3/jackson-databind-2.10.3.jar:/home/user/.m2/repository/org/apache/hadoop/hadoop-kms/3.2.1/hadoop-kms-3.2.1-tests.jar:/home/user/.m2/repository/org/apache/hadoop/hadoop-hdds-server-scm/1.1.0-SNAPSHOT/hadoop-hdds-server-scm-1.1.0-SNAPSHOT-tests.jar:/home/user/.m2/repository/org/apache/hadoop/hadoop-hdds-container-service/1.1.0-SNAPSHOT/hadoop-hdds-container-service-1.1.0-SNAPSHOT-tests.jar:/home/user/.m2/repository/org/apache/hadoop/hadoop-hdds-common/1.1.0-SNAPSHOT/hadoop-hdds-common-1.1.0-SNAPSHOT-tests.jar:/home/user/.m2/repository/org/yaml/snakeyaml/1.16/snakeyaml-1.16.jar:/home/user/.m2/repository/org/apache/hadoop/hadoop-hdds-hadoop-dependency-test/1.1.0-SNAPSHOT/hadoop-hdds-hadoop-dependency-test-1.1.0-SNAPSHOT.jar:/home/user/.m2/repository/org/apache/hadoop/hadoop-common/3.2.1/hadoop-common-3.2.1-tests.jar:/home/user/.m2/repository/javax/servlet/jsp/jsp-api/2.1/jsp-api-2.1.jar:/home/user/.m2/repository/org/apache/hadoop/hadoop-hdfs/3.2.1/hadoop-hdfs-3.2.1-tests.jar:/home/user/.m2/repository/org/eclipse/jetty/jetty-util-ajax/9.4.26.v20200117/jetty-util-ajax-9.4.26.v20200117.jar:/home/user/.m2/repository/commons-codec/commons-codec/1.11/commons-codec-1.11.jar:/home/user/.m2/repository/commons-daemon/commons-daemon/1.0.13/commons-daemon-1.0.13.jar:/home/user/.m2/repository/io/netty/netty/3.10.5.Final/netty-3.10.5.Final.jar:/home/user/.m2/repository/io/netty/netty-all/4.1.48.Final/netty-all-4.1.48.Final.jar:/home/user/.m2/repository/org/apache/htrace/htrace-core4/4.1.0-incubating/htrace-core4-4.1.0-incubating.jar:/home/user/.m2/repository/org/fusesource/leveldbjni/leveldbjni-all/1.8/leveldbjni-all-1.8.jar:/home/user/.m2/repository/org/apache/hadoop/hadoop-distcp/3.2.1/hadoop-distcp-3.2.1.jar:/home/user/.m2/repository/org/apache/hadoop/hadoop-mapreduce-client-jobclient/3.2.1/hadoop-mapreduce-client-jobclient-3.2.1.jar:/home/user/.m2/repository/org/apache/hadoop/hadoop-mapreduce-client-common/3.2.1/hadoop-mapreduce-client-common-3.2.1.jar:/home/user/.m2/repository/org/apache/hadoop/hadoop-yarn-common/3.2.1/hadoop-yarn-common-3.2.1.jar:/home/user/.m2/repository/org/apache/hadoop/hadoop-yarn-api/3.2.1/hadoop-yarn-api-3.2.1.jar:/home/user/.m2/repository/com/sun/jersey/jersey-client/1.19/jersey-client-1.19.jar:/home/user/.m2/repository/com/sun/jersey/contribs/jersey-guice/1.19/jersey-guice-1.19.jar:/home/user/.m2/repository/com/fasterxml/jackson/jaxrs/jackson-jaxrs-json-provider/2.10.3/jackson-jaxrs-json-provider-2.10.3.jar:/home/user/.m2/repository/com/fasterxml/jackson/jaxrs/jackson-jaxrs-base/2.10.3/jackson-jaxrs-base-2.10.3.jar:/home/user/.m2/repository/org/apache/hadoop/hadoop-yarn-client/3.2.1/hadoop-yarn-client-3.2.1.jar:/home/user/.m2/repository/org/apache/hadoop/hadoop-mapreduce-client-core/3.2.1/hadoop-mapreduce-client-core-3.2.1.jar:/home/user/.m2/repository/org/apache/avro/avro/1.7.7/avro-1.7.7.jar:/home/user/.m2/repository/org/codehaus/jackson/jackson-core-asl/1.9.13/jackson-core-asl-1.9.13.jar:/home/user/.m2/repository/org/codehaus/jackson/jackson-mapper-asl/1.9.13/jackson-mapper-asl-1.9.13.jar:/home/user/.m2/repository/com/thoughtworks/paranamer/paranamer/2.3/paranamer-2.3.jar:/home/user/.m2/repository/org/xerial/snappy/snappy-java/1.0.5/snappy-java-1.0.5.jar:/home/user/.m2/repository/org/apache/hadoop/hadoop-annotations/3.2.1/hadoop-annotations-3.2.1.jar:/usr/lib/jvm/java-1.8.0-openjdk-1.8.0.232.b09-0.el7_7.x86_64/jre/../lib/tools.jar:/home/user/.m2/repository/org/apache/hadoop/hadoop-distcp/3.2.1/hadoop-distcp-3.2.1-tests.jar:"/>
    <property name="java.vm.vendor" value="Oracle Corporation"/>
    <property name="sun.arch.data.model" value="64"/>
    <property name="test.build.dir" value="/github/workspace/mnt/ozone/hadoop-ozone/integration-test/target/test-dir"/>
    <property name="test.cache.data" value=""/>
    <property name="java.vendor.url" value="http://java.oracle.com/"/>
    <property name="user.timezone" value=""/>
    <property name="java.vm.specification.version" value="1.8"/>
    <property name="os.name" value="Linux"/>
    <property name="test.build.data" value="/github/workspace/mnt/ozone/hadoop-ozone/integration-test/target/test-dir"/>
    <property name="user.country" value="US"/>
    <property name="sun.java.launcher" value="SUN_STANDARD"/>
    <property name="sun.boot.library.path" value="/usr/lib/jvm/java-1.8.0-openjdk-1.8.0.232.b09-0.el7_7.x86_64/jre/lib/amd64"/>
    <property name="sun.java.command" value="/github/workspace/mnt/ozone/hadoop-ozone/integration-test/target/surefire/surefirebooter7271037149964303204.jar /github/workspace/mnt/ozone/hadoop-ozone/integration-test/target/surefire 2020-09-24T01-17-24_833-jvmRun1 surefire1069938783484268134tmp surefire_211139453029548213041tmp"/>
    <property name="surefire.test.class.path" value="/github/workspace/mnt/ozone/hadoop-ozone/integration-test/target/test-classes:/github/workspace/mnt/ozone/hadoop-ozone/integration-test/target/classes:/home/user/.m2/repository/org/apache/hadoop/hadoop-ozone-common/1.1.0-SNAPSHOT/hadoop-ozone-common-1.1.0-SNAPSHOT.jar:/home/user/.m2/repository/org/apache/commons/commons-compress/1.4.1/commons-compress-1.4.1.jar:/home/user/.m2/repository/org/tukaani/xz/1.0/xz-1.0.jar:/home/user/.m2/repository/org/apache/hadoop/hadoop-hdds-common/1.1.0-SNAPSHOT/hadoop-hdds-common-1.1.0-SNAPSHOT.jar:/home/user/.m2/repository/org/apache/hadoop/hadoop-hdds-hadoop-dependency-client/1.1.0-SNAPSHOT/hadoop-hdds-hadoop-dependency-client-1.1.0-SNAPSHOT.jar:/home/user/.m2/repository/info/picocli/picocli/4.4.0/picocli-4.4.0.jar:/home/user/.m2/repository/com/fasterxml/jackson/core/jackson-annotations/2.10.3/jackson-annotations-2.10.3.jar:/home/user/.m2/repository/javax/annotation/javax.annotation-api/1.2/javax.annotation-api-1.2.jar:/home/user/.m2/repository/org/apache/ratis/ratis-server/1.1.0-ea949f1-SNAPSHOT/ratis-server-1.1.0-ea949f1-SNAPSHOT.jar:/home/user/.m2/repository/org/apache/ratis/ratis-client/1.1.0-ea949f1-SNAPSHOT/ratis-client-1.1.0-ea949f1-SNAPSHOT.jar:/home/user/.m2/repository/org/apache/ratis/ratis-metrics/1.1.0-ea949f1-SNAPSHOT/ratis-metrics-1.1.0-ea949f1-SNAPSHOT.jar:/home/user/.m2/repository/org/apache/ratis/ratis-netty/1.1.0-ea949f1-SNAPSHOT/ratis-netty-1.1.0-ea949f1-SNAPSHOT.jar:/home/user/.m2/repository/org/apache/ratis/ratis-grpc/1.1.0-ea949f1-SNAPSHOT/ratis-grpc-1.1.0-ea949f1-SNAPSHOT.jar:/home/user/.m2/repository/org/apache/logging/log4j/log4j-api/2.13.3/log4j-api-2.13.3.jar:/home/user/.m2/repository/org/apache/logging/log4j/log4j-core/2.13.3/log4j-core-2.13.3.jar:/home/user/.m2/repository/com/lmax/disruptor/3.4.2/disruptor-3.4.2.jar:/home/user/.m2/repository/org/apache/commons/commons-pool2/2.6.0/commons-pool2-2.6.0.jar:/home/user/.m2/repository/org/bouncycastle/bcpkix-jdk15on/1.60/bcpkix-jdk15on-1.60.jar:/home/user/.m2/repository/commons-validator/commons-validator/1.6/commons-validator-1.6.jar:/home/user/.m2/repository/commons-digester/commons-digester/1.8.1/commons-digester-1.8.1.jar:/home/user/.m2/repository/io/jaegertracing/jaeger-client/1.2.0/jaeger-client-1.2.0.jar:/home/user/.m2/repository/io/jaegertracing/jaeger-thrift/1.2.0/jaeger-thrift-1.2.0.jar:/home/user/.m2/repository/org/apache/thrift/libthrift/0.13.0/libthrift-0.13.0.jar:/home/user/.m2/repository/com/squareup/okhttp3/okhttp/4.2.2/okhttp-4.2.2.jar:/home/user/.m2/repository/com/squareup/okio/okio/2.2.2/okio-2.2.2.jar:/home/user/.m2/repository/org/jetbrains/kotlin/kotlin-stdlib/1.3.50/kotlin-stdlib-1.3.50.jar:/home/user/.m2/repository/org/jetbrains/kotlin/kotlin-stdlib-common/1.3.50/kotlin-stdlib-common-1.3.50.jar:/home/user/.m2/repository/org/jetbrains/annotations/13.0/annotations-13.0.jar:/home/user/.m2/repository/io/jaegertracing/jaeger-core/1.2.0/jaeger-core-1.2.0.jar:/home/user/.m2/repository/io/jaegertracing/jaeger-tracerresolver/1.2.0/jaeger-tracerresolver-1.2.0.jar:/home/user/.m2/repository/io/opentracing/contrib/opentracing-tracerresolver/0.1.8/opentracing-tracerresolver-0.1.8.jar:/home/user/.m2/repository/io/opentracing/opentracing-util/0.33.0/opentracing-util-0.33.0.jar:/home/user/.m2/repository/io/opentracing/opentracing-api/0.33.0/opentracing-api-0.33.0.jar:/home/user/.m2/repository/io/opentracing/opentracing-noop/0.33.0/opentracing-noop-0.33.0.jar:/home/user/.m2/repository/org/apache/hadoop/hadoop-hdds-client/1.1.0-SNAPSHOT/hadoop-hdds-client-1.1.0-SNAPSHOT.jar:/home/user/.m2/repository/org/apache/hadoop/hadoop-ozone-interface-client/1.1.0-SNAPSHOT/hadoop-ozone-interface-client-1.1.0-SNAPSHOT.jar:/home/user/.m2/repository/org/apache/hadoop/hadoop-hdds-test-utils/1.1.0-SNAPSHOT/hadoop-hdds-test-utils-1.1.0-SNAPSHOT.jar:/home/user/.m2/repository/com/google/guava/guava/28.2-jre/guava-28.2-jre.jar:/home/user/.m2/repository/com/google/guava/failureaccess/1.0.1/failureaccess-1.0.1.jar:/home/user/.m2/repository/com/google/guava/listenablefuture/9999.0-empty-to-avoid-conflict-with-guava/listenablefuture-9999.0-empty-to-avoid-conflict-with-guava.jar:/home/user/.m2/repository/com/google/code/findbugs/jsr305/3.0.0/jsr305-3.0.0.jar:/home/user/.m2/repository/org/checkerframework/checker-qual/2.10.0/checker-qual-2.10.0.jar:/home/user/.m2/repository/com/google/errorprone/error_prone_annotations/2.2.0/error_prone_annotations-2.2.0.jar:/home/user/.m2/repository/com/google/j2objc/j2objc-annotations/1.3/j2objc-annotations-1.3.jar:/home/user/.m2/repository/commons-io/commons-io/2.5/commons-io-2.5.jar:/home/user/.m2/repository/commons-logging/commons-logging/1.2/commons-logging-1.2.jar:/home/user/.m2/repository/log4j/log4j/1.2.17/log4j-1.2.17.jar:/home/user/.m2/repository/org/slf4j/slf4j-api/1.7.25/slf4j-api-1.7.25.jar:/home/user/.m2/repository/org/apache/hadoop/hadoop-hdds-server-scm/1.1.0-SNAPSHOT/hadoop-hdds-server-scm-1.1.0-SNAPSHOT.jar:/home/user/.m2/repository/org/apache/hadoop/hadoop-hdds-container-service/1.1.0-SNAPSHOT/hadoop-hdds-container-service-1.1.0-SNAPSHOT.jar:/home/user/.m2/repository/org/apache/hadoop/hadoop-hdds-hadoop-dependency-server/1.1.0-SNAPSHOT/hadoop-hdds-hadoop-dependency-server-1.1.0-SNAPSHOT.jar:/home/user/.m2/repository/org/apache/hadoop/hadoop-hdds-server-framework/1.1.0-SNAPSHOT/hadoop-hdds-server-framework-1.1.0-SNAPSHOT.jar:/home/user/.m2/repository/org/apache/hadoop/hadoop-hdds-interface-server/1.1.0-SNAPSHOT/hadoop-hdds-interface-server-1.1.0-SNAPSHOT.jar:/home/user/.m2/repository/org/apache/hadoop/hadoop-hdds-interface-admin/1.1.0-SNAPSHOT/hadoop-hdds-interface-admin-1.1.0-SNAPSHOT.jar:/home/user/.m2/repository/org/rocksdb/rocksdbjni/6.8.1/rocksdbjni-6.8.1.jar:/home/user/.m2/repository/io/prometheus/simpleclient_dropwizard/0.7.0/simpleclient_dropwizard-0.7.0.jar:/home/user/.m2/repository/io/prometheus/simpleclient/0.7.0/simpleclient-0.7.0.jar:/home/user/.m2/repository/io/prometheus/simpleclient_common/0.7.0/simpleclient_common-0.7.0.jar:/home/user/.m2/repository/com/fasterxml/jackson/datatype/jackson-datatype-jsr310/2.10.3/jackson-datatype-jsr310-2.10.3.jar:/home/user/.m2/repository/io/dropwizard/metrics/metrics-core/3.2.4/metrics-core-3.2.4.jar:/home/user/.m2/repository/org/apache/hadoop/hadoop-hdfs-client/3.2.1/hadoop-hdfs-client-3.2.1.jar:/home/user/.m2/repository/org/bouncycastle/bcprov-jdk15on/1.60/bcprov-jdk15on-1.60.jar:/home/user/.m2/repository/org/apache/hadoop/hadoop-ozone-ozone-manager/1.1.0-SNAPSHOT/hadoop-ozone-ozone-manager-1.1.0-SNAPSHOT.jar:/home/user/.m2/repository/org/apache/hadoop/hadoop-hdds-interface-client/1.1.0-SNAPSHOT/hadoop-hdds-interface-client-1.1.0-SNAPSHOT.jar:/home/user/.m2/repository/org/apache/ratis/ratis-thirdparty-misc/0.6.0-SNAPSHOT/ratis-thirdparty-misc-0.6.0-SNAPSHOT.jar:/home/user/.m2/repository/org/apache/hadoop/hadoop-ozone-interface-storage/1.1.0-SNAPSHOT/hadoop-ozone-interface-storage-1.1.0-SNAPSHOT.jar:/home/user/.m2/repository/org/apache/hadoop/hadoop-minikdc/3.2.1/hadoop-minikdc-3.2.1.jar:/home/user/.m2/repository/org/apache/kerby/kerb-simplekdc/1.0.1/kerb-simplekdc-1.0.1.jar:/home/user/.m2/repository/org/apache/kerby/kerb-client/1.0.1/kerb-client-1.0.1.jar:/home/user/.m2/repository/org/apache/kerby/kerby-config/1.0.1/kerby-config-1.0.1.jar:/home/user/.m2/repository/org/apache/kerby/kerb-core/1.0.1/kerb-core-1.0.1.jar:/home/user/.m2/repository/org/apache/kerby/kerby-pkix/1.0.1/kerby-pkix-1.0.1.jar:/home/user/.m2/repository/org/apache/kerby/kerby-asn1/1.0.1/kerby-asn1-1.0.1.jar:/home/user/.m2/repository/org/apache/kerby/kerby-util/1.0.1/kerby-util-1.0.1.jar:/home/user/.m2/repository/org/apache/kerby/kerb-common/1.0.1/kerb-common-1.0.1.jar:/home/user/.m2/repository/org/apache/kerby/kerb-crypto/1.0.1/kerb-crypto-1.0.1.jar:/home/user/.m2/repository/org/apache/kerby/kerb-util/1.0.1/kerb-util-1.0.1.jar:/home/user/.m2/repository/org/apache/kerby/token-provider/1.0.1/token-provider-1.0.1.jar:/home/user/.m2/repository/org/apache/kerby/kerb-admin/1.0.1/kerb-admin-1.0.1.jar:/home/user/.m2/repository/org/apache/kerby/kerb-server/1.0.1/kerb-server-1.0.1.jar:/home/user/.m2/repository/org/apache/kerby/kerb-identity/1.0.1/kerb-identity-1.0.1.jar:/home/user/.m2/repository/org/apache/kerby/kerby-xdr/1.0.1/kerby-xdr-1.0.1.jar:/home/user/.m2/repository/org/slf4j/slf4j-log4j12/1.7.25/slf4j-log4j12-1.7.25.jar:/home/user/.m2/repository/org/apache/hadoop/hadoop-ozone-s3gateway/1.1.0-SNAPSHOT/hadoop-ozone-s3gateway-1.1.0-SNAPSHOT.jar:/home/user/.m2/repository/org/jboss/weld/servlet/weld-servlet/2.4.7.Final/weld-servlet-2.4.7.Final.jar:/home/user/.m2/repository/org/glassfish/jersey/containers/jersey-container-servlet-core/2.27/jersey-container-servlet-core-2.27.jar:/home/user/.m2/repository/org/glassfish/hk2/external/javax.inject/2.5.0-b42/javax.inject-2.5.0-b42.jar:/home/user/.m2/repository/org/glassfish/jersey/core/jersey-common/2.27/jersey-common-2.27.jar:/home/user/.m2/repository/org/glassfish/hk2/osgi-resource-locator/1.0.1/osgi-resource-locator-1.0.1.jar:/home/user/.m2/repository/javax/ws/rs/javax.ws.rs-api/2.1/javax.ws.rs-api-2.1.jar:/home/user/.m2/repository/org/glassfish/jersey/ext/cdi/jersey-cdi1x/2.27/jersey-cdi1x-2.27.jar:/home/user/.m2/repository/org/glassfish/jersey/inject/jersey-hk2/2.27/jersey-hk2-2.27.jar:/home/user/.m2/repository/org/glassfish/hk2/hk2-locator/2.5.0-b42/hk2-locator-2.5.0-b42.jar:/home/user/.m2/repository/org/javassist/javassist/3.22.0-CR2/javassist-3.22.0-CR2.jar:/home/user/.m2/repository/org/glassfish/hk2/hk2-api/2.5.0/hk2-api-2.5.0.jar:/home/user/.m2/repository/org/glassfish/hk2/external/jakarta.inject/2.5.0/jakarta.inject-2.5.0.jar:/home/user/.m2/repository/org/glassfish/hk2/hk2-utils/2.5.0/hk2-utils-2.5.0.jar:/home/user/.m2/repository/jakarta/annotation/jakarta.annotation-api/1.3.4/jakarta.annotation-api-1.3.4.jar:/home/user/.m2/repository/org/glassfish/hk2/external/aopalliance-repackaged/2.5.0/aopalliance-repackaged-2.5.0.jar:/home/user/.m2/repository/com/fasterxml/jackson/dataformat/jackson-dataformat-xml/2.10.3/jackson-dataformat-xml-2.10.3.jar:/home/user/.m2/repository/com/fasterxml/jackson/core/jackson-core/2.10.3/jackson-core-2.10.3.jar:/home/user/.m2/repository/com/fasterxml/jackson/module/jackson-module-jaxb-annotations/2.10.3/jackson-module-jaxb-annotations-2.10.3.jar:/home/user/.m2/repository/jakarta/xml/bind/jakarta.xml.bind-api/2.3.2/jakarta.xml.bind-api-2.3.2.jar:/home/user/.m2/repository/jakarta/activation/jakarta.activation-api/1.2.1/jakarta.activation-api-1.2.1.jar:/home/user/.m2/repository/org/codehaus/woodstox/stax2-api/3.1.4/stax2-api-3.1.4.jar:/home/user/.m2/repository/com/fasterxml/woodstox/woodstox-core/5.0.3/woodstox-core-5.0.3.jar:/home/user/.m2/repository/javax/enterprise/cdi-api/1.2/cdi-api-1.2.jar:/home/user/.m2/repository/javax/el/javax.el-api/3.0.0/javax.el-api-3.0.0.jar:/home/user/.m2/repository/javax/interceptor/javax.interceptor-api/1.2/javax.interceptor-api-1.2.jar:/home/user/.m2/repository/javax/inject/javax.inject/1/javax.inject-1.jar:/home/user/.m2/repository/com/sun/xml/bind/jaxb-impl/2.3.0.1/jaxb-impl-2.3.0.1.jar:/home/user/.m2/repository/com/sun/xml/bind/jaxb-core/2.3.0.1/jaxb-core-2.3.0.1.jar:/home/user/.m2/repository/javax/xml/bind/jaxb-api/2.3.0/jaxb-api-2.3.0.jar:/home/user/.m2/repository/javax/activation/activation/1.1.1/activation-1.1.1.jar:/home/user/.m2/repository/org/apache/hadoop/hadoop-ozone-csi/1.1.0-SNAPSHOT/hadoop-ozone-csi-1.1.0-SNAPSHOT.jar:/home/user/.m2/repository/com/google/protobuf/protobuf-java-util/3.11.0/protobuf-java-util-3.11.0.jar:/home/user/.m2/repository/com/google/code/gson/gson/2.2.4/gson-2.2.4.jar:/home/user/.m2/repository/org/apache/hadoop/hadoop-hdds-config/1.1.0-SNAPSHOT/hadoop-hdds-config-1.1.0-SNAPSHOT.jar:/home/user/.m2/repository/com/google/protobuf/protobuf-java/2.5.0/protobuf-java-2.5.0.jar:/home/user/.m2/repository/io/grpc/grpc-netty/1.29.0/grpc-netty-1.29.0.jar:/home/user/.m2/repository/io/grpc/grpc-core/1.29.0/grpc-core-1.29.0.jar:/home/user/.m2/repository/com/google/android/annotations/4.1.1.4/annotations-4.1.1.4.jar:/home/user/.m2/repository/io/perfmark/perfmark-api/0.19.0/perfmark-api-0.19.0.jar:/home/user/.m2/repository/io/netty/netty-codec-http2/4.1.48.Final/netty-codec-http2-4.1.48.Final.jar:/home/user/.m2/repository/io/netty/netty-codec/4.1.48.Final/netty-codec-4.1.48.Final.jar:/home/user/.m2/repository/io/netty/netty-handler/4.1.48.Final/netty-handler-4.1.48.Final.jar:/home/user/.m2/repository/io/netty/netty-codec-http/4.1.48.Final/netty-codec-http-4.1.48.Final.jar:/home/user/.m2/repository/io/netty/netty-handler-proxy/4.1.48.Final/netty-handler-proxy-4.1.48.Final.jar:/home/user/.m2/repository/io/netty/netty-codec-socks/4.1.48.Final/netty-codec-socks-4.1.48.Final.jar:/home/user/.m2/repository/io/netty/netty-transport-native-epoll/4.1.48.Final/netty-transport-native-epoll-4.1.48.Final.jar:/home/user/.m2/repository/io/netty/netty-common/4.1.48.Final/netty-common-4.1.48.Final.jar:/home/user/.m2/repository/io/netty/netty-buffer/4.1.48.Final/netty-buffer-4.1.48.Final.jar:/home/user/.m2/repository/io/netty/netty-transport/4.1.48.Final/netty-transport-4.1.48.Final.jar:/home/user/.m2/repository/io/netty/netty-resolver/4.1.48.Final/netty-resolver-4.1.48.Final.jar:/home/user/.m2/repository/io/netty/netty-transport-native-unix-common/4.1.48.Final/netty-transport-native-unix-common-4.1.48.Final.jar:/home/user/.m2/repository/io/grpc/grpc-protobuf/1.29.0/grpc-protobuf-1.29.0.jar:/home/user/.m2/repository/io/grpc/grpc-api/1.29.0/grpc-api-1.29.0.jar:/home/user/.m2/repository/io/grpc/grpc-context/1.29.0/grpc-context-1.29.0.jar:/home/user/.m2/repository/org/codehaus/mojo/animal-sniffer-annotations/1.18/animal-sniffer-annotations-1.18.jar:/home/user/.m2/repository/com/google/api/grpc/proto-google-common-protos/1.17.0/proto-google-common-protos-1.17.0.jar:/home/user/.m2/repository/io/grpc/grpc-protobuf-lite/1.29.0/grpc-protobuf-lite-1.29.0.jar:/home/user/.m2/repository/io/grpc/grpc-stub/1.29.0/grpc-stub-1.29.0.jar:/home/user/.m2/repository/org/apache/hadoop/hadoop-ozone-recon/1.1.0-SNAPSHOT/hadoop-ozone-recon-1.1.0-SNAPSHOT.jar:/home/user/.m2/repository/org/apache/hadoop/hadoop-ozone-reconcodegen/1.1.0-SNAPSHOT/hadoop-ozone-reconcodegen-1.1.0-SNAPSHOT.jar:/home/user/.m2/repository/com/google/inject/extensions/guice-multibindings/4.0/guice-multibindings-4.0.jar:/home/user/.m2/repository/com/google/inject/guice/4.0/guice-4.0.jar:/home/user/.m2/repository/aopalliance/aopalliance/1.0/aopalliance-1.0.jar:/home/user/.m2/repository/com/google/inject/extensions/guice-assistedinject/4.0/guice-assistedinject-4.0.jar:/home/user/.m2/repository/com/google/inject/extensions/guice-servlet/4.0/guice-servlet-4.0.jar:/home/user/.m2/repository/org/glassfish/jersey/containers/jersey-container-servlet/2.27/jersey-container-servlet-2.27.jar:/home/user/.m2/repository/org/glassfish/hk2/guice-bridge/2.5.0/guice-bridge-2.5.0.jar:/home/user/.m2/repository/org/glassfish/jersey/core/jersey-server/2.27/jersey-server-2.27.jar:/home/user/.m2/repository/org/glassfish/jersey/core/jersey-client/2.27/jersey-client-2.27.jar:/home/user/.m2/repository/org/glassfish/jersey/media/jersey-media-jaxb/2.27/jersey-media-jaxb-2.27.jar:/home/user/.m2/repository/javax/validation/validation-api/1.1.0.Final/validation-api-1.1.0.Final.jar:/home/user/.m2/repository/org/glassfish/jersey/media/jersey-media-json-jackson/2.27/jersey-media-json-jackson-2.27.jar:/home/user/.m2/repository/org/glassfish/jersey/ext/jersey-entity-filtering/2.27/jersey-entity-filtering-2.27.jar:/home/user/.m2/repository/org/jooq/jooq/3.11.10/jooq-3.11.10.jar:/home/user/.m2/repository/org/jooq/jooq-meta/3.11.10/jooq-meta-3.11.10.jar:/home/user/.m2/repository/org/jooq/jooq-codegen/3.11.10/jooq-codegen-3.11.10.jar:/home/user/.m2/repository/com/jolbox/bonecp/0.8.0.RELEASE/bonecp-0.8.0.RELEASE.jar:/home/user/.m2/repository/org/apache/derby/derby/10.14.2.0/derby-10.14.2.0.jar:/home/user/.m2/repository/org/xerial/sqlite-jdbc/3.25.2/sqlite-jdbc-3.25.2.jar:/home/user/.m2/repository/org/springframework/spring-jdbc/5.2.5.RELEASE/spring-jdbc-5.2.5.RELEASE.jar:/home/user/.m2/repository/org/springframework/spring-beans/5.2.5.RELEASE/spring-beans-5.2.5.RELEASE.jar:/home/user/.m2/repository/org/springframework/spring-core/5.2.5.RELEASE/spring-core-5.2.5.RELEASE.jar:/home/user/.m2/repository/org/springframework/spring-jcl/5.2.5.RELEASE/spring-jcl-5.2.5.RELEASE.jar:/home/user/.m2/repository/org/springframework/spring-tx/5.2.5.RELEASE/spring-tx-5.2.5.RELEASE.jar:/home/user/.m2/repository/org/apache/hadoop/hadoop-ozone-client/1.1.0-SNAPSHOT/hadoop-ozone-client-1.1.0-SNAPSHOT.jar:/home/user/.m2/repository/org/apache/hadoop/hadoop-ozone-filesystem/1.1.0-SNAPSHOT/hadoop-ozone-filesystem-1.1.0-SNAPSHOT.jar:/home/user/.m2/repository/org/apache/hadoop/hadoop-ozone-filesystem-common/1.1.0-SNAPSHOT/hadoop-ozone-filesystem-common-1.1.0-SNAPSHOT.jar:/home/user/.m2/repository/org/apache/hadoop/hadoop-ozone-tools/1.1.0-SNAPSHOT/hadoop-ozone-tools-1.1.0-SNAPSHOT.jar:/home/user/.m2/repository/org/apache/hadoop/hadoop-hdfs/3.2.1/hadoop-hdfs-3.2.1.jar:/home/user/.m2/repository/org/apache/ratis/ratis-tools/1.1.0-ea949f1-SNAPSHOT/ratis-tools-1.1.0-ea949f1-SNAPSHOT.jar:/home/user/.m2/repository/org/apache/ratis/ratis-proto/1.1.0-ea949f1-SNAPSHOT/ratis-proto-1.1.0-ea949f1-SNAPSHOT.jar:/home/user/.m2/repository/org/apache/ratis/ratis-common/1.1.0-ea949f1-SNAPSHOT/ratis-common-1.1.0-ea949f1-SNAPSHOT.jar:/home/user/.m2/repository/com/amazonaws/aws-java-sdk-core/1.11.615/aws-java-sdk-core-1.11.615.jar:/home/user/.m2/repository/org/apache/httpcomponents/httpclient/4.5.2/httpclient-4.5.2.jar:/home/user/.m2/repository/org/apache/httpcomponents/httpcore/4.4.4/httpcore-4.4.4.jar:/home/user/.m2/repository/software/amazon/ion/ion-java/1.0.2/ion-java-1.0.2.jar:/home/user/.m2/repository/com/fasterxml/jackson/dataformat/jackson-dataformat-cbor/2.10.3/jackson-dataformat-cbor-2.10.3.jar:/home/user/.m2/repository/joda-time/joda-time/2.8.1/joda-time-2.8.1.jar:/home/user/.m2/repository/com/amazonaws/aws-java-sdk-s3/1.11.615/aws-java-sdk-s3-1.11.615.jar:/home/user/.m2/repository/com/amazonaws/aws-java-sdk-kms/1.11.615/aws-java-sdk-kms-1.11.615.jar:/home/user/.m2/repository/com/amazonaws/jmespath-java/1.11.615/jmespath-java-1.11.615.jar:/home/user/.m2/repository/org/kohsuke/metainf-services/metainf-services/1.8/metainf-services-1.8.jar:/home/user/.m2/repository/org/apache/hadoop/hadoop-hdds-tools/1.1.0-SNAPSHOT/hadoop-hdds-tools-1.1.0-SNAPSHOT.jar:/home/user/.m2/repository/commons-cli/commons-cli/1.2/commons-cli-1.2.jar:/home/user/.m2/repository/org/apache/commons/commons-lang3/3.7/commons-lang3-3.7.jar:/home/user/.m2/repository/org/apache/hadoop/hadoop-ozone-ozone-manager/1.1.0-SNAPSHOT/hadoop-ozone-ozone-manager-1.1.0-SNAPSHOT-tests.jar:/home/user/.m2/repository/junit/junit/4.11/junit-4.11.jar:/home/user/.m2/repository/org/hamcrest/hamcrest-core/1.3/hamcrest-core-1.3.jar:/home/user/.m2/repository/org/openjdk/jmh/jmh-core/1.19/jmh-core-1.19.jar:/home/user/.m2/repository/net/sf/jopt-simple/jopt-simple/4.6/jopt-simple-4.6.jar:/home/user/.m2/repository/org/apache/commons/commons-math3/3.1.1/commons-math3-3.1.1.jar:/home/user/.m2/repository/org/openjdk/jmh/jmh-generator-annprocess/1.19/jmh-generator-annprocess-1.19.jar:/home/user/.m2/repository/org/mockito/mockito-all/1.8.5/mockito-all-1.8.5.jar:/home/user/.m2/repository/org/apache/hadoop/hadoop-kms/3.2.1/hadoop-kms-3.2.1.jar:/home/user/.m2/repository/org/apache/hadoop/hadoop-auth/3.2.1/hadoop-auth-3.2.1.jar:/home/user/.m2/repository/com/nimbusds/nimbus-jose-jwt/7.9/nimbus-jose-jwt-7.9.jar:/home/user/.m2/repository/com/github/stephenc/jcip/jcip-annotations/1.0-1/jcip-annotations-1.0-1.jar:/home/user/.m2/repository/net/minidev/json-smart/2.3/json-smart-2.3.jar:/home/user/.m2/repository/net/minidev/accessors-smart/1.2/accessors-smart-1.2.jar:/home/user/.m2/repository/org/ow2/asm/asm/5.0.4/asm-5.0.4.jar:/home/user/.m2/repository/org/apache/zookeeper/zookeeper/3.4.13/zookeeper-3.4.13.jar:/home/user/.m2/repository/org/apache/yetus/audience-annotations/0.5.0/audience-annotations-0.5.0.jar:/home/user/.m2/repository/org/apache/curator/curator-framework/2.13.0/curator-framework-2.13.0.jar:/home/user/.m2/repository/com/sun/jersey/jersey-core/1.19/jersey-core-1.19.jar:/home/user/.m2/repository/javax/ws/rs/jsr311-api/1.1.1/jsr311-api-1.1.1.jar:/home/user/.m2/repository/com/sun/jersey/jersey-server/1.19/jersey-server-1.19.jar:/home/user/.m2/repository/javax/servlet/javax.servlet-api/3.1.0/javax.servlet-api-3.1.0.jar:/home/user/.m2/repository/org/eclipse/jetty/jetty-server/9.4.26.v20200117/jetty-server-9.4.26.v20200117.jar:/home/user/.m2/repository/org/eclipse/jetty/jetty-http/9.4.26.v20200117/jetty-http-9.4.26.v20200117.jar:/home/user/.m2/repository/org/eclipse/jetty/jetty-io/9.4.26.v20200117/jetty-io-9.4.26.v20200117.jar:/home/user/.m2/repository/org/eclipse/jetty/jetty-webapp/9.4.26.v20200117/jetty-webapp-9.4.26.v20200117.jar:/home/user/.m2/repository/org/eclipse/jetty/jetty-xml/9.4.26.v20200117/jetty-xml-9.4.26.v20200117.jar:/home/user/.m2/repository/org/eclipse/jetty/jetty-servlet/9.4.26.v20200117/jetty-servlet-9.4.26.v20200117.jar:/home/user/.m2/repository/org/eclipse/jetty/jetty-security/9.4.26.v20200117/jetty-security-9.4.26.v20200117.jar:/home/user/.m2/repository/org/apache/hadoop/hadoop-common/3.2.1/hadoop-common-3.2.1.jar:/home/user/.m2/repository/commons-net/commons-net/3.6/commons-net-3.6.jar:/home/user/.m2/repository/commons-collections/commons-collections/3.2.2/commons-collections-3.2.2.jar:/home/user/.m2/repository/com/sun/jersey/jersey-servlet/1.19/jersey-servlet-1.19.jar:/home/user/.m2/repository/com/sun/jersey/jersey-json/1.19/jersey-json-1.19.jar:/home/user/.m2/repository/org/codehaus/jettison/jettison/1.1/jettison-1.1.jar:/home/user/.m2/repository/org/codehaus/jackson/jackson-jaxrs/1.9.2/jackson-jaxrs-1.9.2.jar:/home/user/.m2/repository/org/codehaus/jackson/jackson-xc/1.9.2/jackson-xc-1.9.2.jar:/home/user/.m2/repository/commons-beanutils/commons-beanutils/1.9.4/commons-beanutils-1.9.4.jar:/home/user/.m2/repository/org/apache/commons/commons-configuration2/2.1.1/commons-configuration2-2.1.1.jar:/home/user/.m2/repository/org/apache/commons/commons-text/1.4/commons-text-1.4.jar:/home/user/.m2/repository/com/google/re2j/re2j/1.1/re2j-1.1.jar:/home/user/.m2/repository/com/jcraft/jsch/0.1.54/jsch-0.1.54.jar:/home/user/.m2/repository/org/apache/curator/curator-client/2.13.0/curator-client-2.13.0.jar:/home/user/.m2/repository/org/apache/curator/curator-recipes/2.13.0/curator-recipes-2.13.0.jar:/home/user/.m2/repository/dnsjava/dnsjava/2.1.7/dnsjava-2.1.7.jar:/home/user/.m2/repository/org/slf4j/jul-to-slf4j/1.7.25/jul-to-slf4j-1.7.25.jar:/home/user/.m2/repository/org/eclipse/jetty/jetty-util/9.4.26.v20200117/jetty-util-9.4.26.v20200117.jar:/home/user/.m2/repository/com/fasterxml/jackson/core/jackson-databind/2.10.3/jackson-databind-2.10.3.jar:/home/user/.m2/repository/org/apache/hadoop/hadoop-kms/3.2.1/hadoop-kms-3.2.1-tests.jar:/home/user/.m2/repository/org/apache/hadoop/hadoop-hdds-server-scm/1.1.0-SNAPSHOT/hadoop-hdds-server-scm-1.1.0-SNAPSHOT-tests.jar:/home/user/.m2/repository/org/apache/hadoop/hadoop-hdds-container-service/1.1.0-SNAPSHOT/hadoop-hdds-container-service-1.1.0-SNAPSHOT-tests.jar:/home/user/.m2/repository/org/apache/hadoop/hadoop-hdds-common/1.1.0-SNAPSHOT/hadoop-hdds-common-1.1.0-SNAPSHOT-tests.jar:/home/user/.m2/repository/org/yaml/snakeyaml/1.16/snakeyaml-1.16.jar:/home/user/.m2/repository/org/apache/hadoop/hadoop-hdds-hadoop-dependency-test/1.1.0-SNAPSHOT/hadoop-hdds-hadoop-dependency-test-1.1.0-SNAPSHOT.jar:/home/user/.m2/repository/org/apache/hadoop/hadoop-common/3.2.1/hadoop-common-3.2.1-tests.jar:/home/user/.m2/repository/javax/servlet/jsp/jsp-api/2.1/jsp-api-2.1.jar:/home/user/.m2/repository/org/apache/hadoop/hadoop-hdfs/3.2.1/hadoop-hdfs-3.2.1-tests.jar:/home/user/.m2/repository/org/eclipse/jetty/jetty-util-ajax/9.4.26.v20200117/jetty-util-ajax-9.4.26.v20200117.jar:/home/user/.m2/repository/commons-codec/commons-codec/1.11/commons-codec-1.11.jar:/home/user/.m2/repository/commons-daemon/commons-daemon/1.0.13/commons-daemon-1.0.13.jar:/home/user/.m2/repository/io/netty/netty/3.10.5.Final/netty-3.10.5.Final.jar:/home/user/.m2/repository/io/netty/netty-all/4.1.48.Final/netty-all-4.1.48.Final.jar:/home/user/.m2/repository/org/apache/htrace/htrace-core4/4.1.0-incubating/htrace-core4-4.1.0-incubating.jar:/home/user/.m2/repository/org/fusesource/leveldbjni/leveldbjni-all/1.8/leveldbjni-all-1.8.jar:/home/user/.m2/repository/org/apache/hadoop/hadoop-distcp/3.2.1/hadoop-distcp-3.2.1.jar:/home/user/.m2/repository/org/apache/hadoop/hadoop-mapreduce-client-jobclient/3.2.1/hadoop-mapreduce-client-jobclient-3.2.1.jar:/home/user/.m2/repository/org/apache/hadoop/hadoop-mapreduce-client-common/3.2.1/hadoop-mapreduce-client-common-3.2.1.jar:/home/user/.m2/repository/org/apache/hadoop/hadoop-yarn-common/3.2.1/hadoop-yarn-common-3.2.1.jar:/home/user/.m2/repository/org/apache/hadoop/hadoop-yarn-api/3.2.1/hadoop-yarn-api-3.2.1.jar:/home/user/.m2/repository/com/sun/jersey/jersey-client/1.19/jersey-client-1.19.jar:/home/user/.m2/repository/com/sun/jersey/contribs/jersey-guice/1.19/jersey-guice-1.19.jar:/home/user/.m2/repository/com/fasterxml/jackson/jaxrs/jackson-jaxrs-json-provider/2.10.3/jackson-jaxrs-json-provider-2.10.3.jar:/home/user/.m2/repository/com/fasterxml/jackson/jaxrs/jackson-jaxrs-base/2.10.3/jackson-jaxrs-base-2.10.3.jar:/home/user/.m2/repository/org/apache/hadoop/hadoop-yarn-client/3.2.1/hadoop-yarn-client-3.2.1.jar:/home/user/.m2/repository/org/apache/hadoop/hadoop-mapreduce-client-core/3.2.1/hadoop-mapreduce-client-core-3.2.1.jar:/home/user/.m2/repository/org/apache/avro/avro/1.7.7/avro-1.7.7.jar:/home/user/.m2/repository/org/codehaus/jackson/jackson-core-asl/1.9.13/jackson-core-asl-1.9.13.jar:/home/user/.m2/repository/org/codehaus/jackson/jackson-mapper-asl/1.9.13/jackson-mapper-asl-1.9.13.jar:/home/user/.m2/repository/com/thoughtworks/paranamer/paranamer/2.3/paranamer-2.3.jar:/home/user/.m2/repository/org/xerial/snappy/snappy-java/1.0.5/snappy-java-1.0.5.jar:/home/user/.m2/repository/org/apache/hadoop/hadoop-annotations/3.2.1/hadoop-annotations-3.2.1.jar:/usr/lib/jvm/java-1.8.0-openjdk-1.8.0.232.b09-0.el7_7.x86_64/jre/../lib/tools.jar:/home/user/.m2/repository/org/apache/hadoop/hadoop-distcp/3.2.1/hadoop-distcp-3.2.1-tests.jar:"/>
    <property name="sun.cpu.endian" value="little"/>
    <property name="user.home" value="/home/user"/>
    <property name="user.language" value="en"/>
    <property name="java.specification.vendor" value="Oracle Corporation"/>
    <property name="java.home" value="/usr/lib/jvm/java-1.8.0-openjdk-1.8.0.232.b09-0.el7_7.x86_64/jre"/>
    <property name="java.security.krb5.conf" value="/github/workspace/mnt/ozone/hadoop-ozone/integration-test/target/test-classes/krb5.conf"/>
    <property name="basedir" value="/github/workspace/mnt/ozone/hadoop-ozone/integration-test"/>
    <property name="file.separator" value="/"/>
    <property name="line.separator" value="&#10;"/>
    <property name="java.vm.specification.vendor" value="Oracle Corporation"/>
    <property name="java.specification.name" value="Java Platform API Specification"/>
    <property name="java.awt.graphicsenv" value="sun.awt.X11GraphicsEnvironment"/>
    <property name="skip.installnpx" value="true"/>
    <property name="surefire.real.class.path" value="/github/workspace/mnt/ozone/hadoop-ozone/integration-test/target/surefire/surefirebooter7271037149964303204.jar:/home/user/.m2/repository/org/jacoco/org.jacoco.agent/0.8.5/org.jacoco.agent-0.8.5-runtime.jar"/>
    <property name="hadoop.log.dir" value="/github/workspace/mnt/ozone/hadoop-ozone/integration-test/target/log"/>
    <property name="sun.boot.class.path" value="/usr/lib/jvm/java-1.8.0-openjdk-1.8.0.232.b09-0.el7_7.x86_64/jre/lib/resources.jar:/usr/lib/jvm/java-1.8.0-openjdk-1.8.0.232.b09-0.el7_7.x86_64/jre/lib/rt.jar:/usr/lib/jvm/java-1.8.0-openjdk-1.8.0.232.b09-0.el7_7.x86_64/jre/lib/sunrsasign.jar:/usr/lib/jvm/java-1.8.0-openjdk-1.8.0.232.b09-0.el7_7.x86_64/jre/lib/jsse.jar:/usr/lib/jvm/java-1.8.0-openjdk-1.8.0.232.b09-0.el7_7.x86_64/jre/lib/jce.jar:/usr/lib/jvm/java-1.8.0-openjdk-1.8.0.232.b09-0.el7_7.x86_64/jre/lib/charsets.jar:/usr/lib/jvm/java-1.8.0-openjdk-1.8.0.232.b09-0.el7_7.x86_64/jre/lib/jfr.jar:/usr/lib/jvm/java-1.8.0-openjdk-1.8.0.232.b09-0.el7_7.x86_64/jre/classes"/>
    <property name="sun.management.compiler" value="HotSpot 64-Bit Tiered Compilers"/>
    <property name="skip.npx" value="true"/>
    <property name="java.runtime.version" value="1.8.0_232-b09"/>
    <property name="java.net.preferIPv4Stack" value="true"/>
    <property name="user.name" value="jenkins1001"/>
    <property name="path.separator" value=":"/>
    <property name="java.security.egd" value="file:///dev/urandom"/>
    <property name="os.version" value="5.4.0-1025-azure"/>
    <property name="java.endorsed.dirs" value="/usr/lib/jvm/java-1.8.0-openjdk-1.8.0.232.b09-0.el7_7.x86_64/jre/lib/endorsed"/>
    <property name="java.runtime.name" value="OpenJDK Runtime Environment"/>
    <property name="file.encoding" value="ANSI_X3.4-1968"/>
    <property name="java.vm.name" value="OpenJDK 64-Bit Server VM"/>
    <property name="test.build.webapps" value=""/>
    <property name="localRepository" value="/home/user/.m2/repository"/>
    <property name="java.vendor.url.bug" value="http://bugreport.sun.com/bugreport/"/>
    <property name="java.io.tmpdir" value="/tmp"/>
    <property name="require.test.libhadoop" value=""/>
    <property name="java.version" value="1.8.0_232"/>
    <property name="user.dir" value="/github/workspace/mnt/ozone/hadoop-ozone/integration-test"/>
    <property name="os.arch" value="amd64"/>
    <property name="java.vm.specification.name" value="Java Virtual Machine Specification"/>
    <property name="test.build.classes" value="/github/workspace/mnt/ozone/hadoop-ozone/integration-test/target/test-classes"/>
    <property name="java.awt.printerjob" value="sun.print.PSPrinterJob"/>
    <property name="sun.os.patch.level" value="unknown"/>
    <property name="hadoop.tmp.dir" value="/github/workspace/mnt/ozone/hadoop-ozone/integration-test/target/tmp"/>
    <property name="java.library.path" value="/usr/lib:/usr/java/packages/lib/amd64:/usr/lib64:/lib64:/lib:/usr/lib"/>
    <property name="java.vm.info" value="mixed mode"/>
    <property name="java.vendor" value="Oracle Corporation"/>
    <property name="java.vm.version" value="25.232-b09"/>
    <property name="java.ext.dirs" value="/usr/lib/jvm/java-1.8.0-openjdk-1.8.0.232.b09-0.el7_7.x86_64/jre/lib/ext:/usr/java/packages/lib/ext"/>
    <property name="sun.io.unicode.encoding" value="UnicodeLittle"/>
    <property name="java.class.version" value="52.0"/>
  </properties>
  <testcase name="testApplyTransactionIdempotencyWithClosedContainer" classname="org.apache.hadoop.ozone.client.rpc.TestContainerStateMachineFailures" time="0.666">
    <failure type="java.lang.AssertionError">java.lang.AssertionError
	at org.junit.Assert.fail(Assert.java:86)
	at org.junit.Assert.assertTrue(Assert.java:41)
	at org.junit.Assert.assertFalse(Assert.java:64)
	at org.junit.Assert.assertFalse(Assert.java:74)
	at org.apache.hadoop.ozone.client.rpc.TestContainerStateMachineFailures.testApplyTransactionIdempotencyWithClosedContainer(TestContainerStateMachineFailures.java:463)
	at sun.reflect.NativeMethodAccessorImpl.invoke0(Native Method)
	at sun.reflect.NativeMethodAccessorImpl.invoke(NativeMethodAccessorImpl.java:62)
	at sun.reflect.DelegatingMethodAccessorImpl.invoke(DelegatingMethodAccessorImpl.java:43)
	at java.lang.reflect.Method.invoke(Method.java:498)
	at org.junit.runners.model.FrameworkMethod$1.runReflectiveCall(FrameworkMethod.java:47)
	at org.junit.internal.runners.model.ReflectiveCallable.run(ReflectiveCallable.java:12)
	at org.junit.runners.model.FrameworkMethod.invokeExplosively(FrameworkMethod.java:44)
	at org.junit.internal.runners.statements.InvokeMethod.evaluate(InvokeMethod.java:17)
	at org.junit.runners.ParentRunner.runLeaf(ParentRunner.java:271)
	at org.junit.runners.BlockJUnit4ClassRunner.runChild(BlockJUnit4ClassRunner.java:70)
	at org.junit.runners.BlockJUnit4ClassRunner.runChild(BlockJUnit4ClassRunner.java:50)
	at org.junit.runners.ParentRunner$3.run(ParentRunner.java:238)
	at org.junit.runners.ParentRunner$1.schedule(ParentRunner.java:63)
	at org.junit.runners.ParentRunner.runChildren(ParentRunner.java:236)
	at org.junit.runners.ParentRunner.access$000(ParentRunner.java:53)
	at org.junit.runners.ParentRunner$2.evaluate(ParentRunner.java:229)
	at org.junit.internal.runners.statements.RunBefores.evaluate(RunBefores.java:26)
	at org.junit.internal.runners.statements.RunAfters.evaluate(RunAfters.java:27)
	at org.junit.runners.ParentRunner.run(ParentRunner.java:309)
	at org.apache.maven.surefire.junit4.JUnit4Provider.execute(JUnit4Provider.java:365)
	at org.apache.maven.surefire.junit4.JUnit4Provider.executeWithRerun(JUnit4Provider.java:273)
	at org.apache.maven.surefire.junit4.JUnit4Provider.executeTestSet(JUnit4Provider.java:238)
	at org.apache.maven.surefire.junit4.JUnit4Provider.invoke(JUnit4Provider.java:159)
	at org.apache.maven.surefire.booter.ForkedBooter.invokeProviderInSameClassLoader(ForkedBooter.java:384)
	at org.apache.maven.surefire.booter.ForkedBooter.runSuitesInProcess(ForkedBooter.java:345)
	at org.apache.maven.surefire.booter.ForkedBooter.execute(ForkedBooter.java:126)
	at org.apache.maven.surefire.booter.ForkedBooter.main(ForkedBooter.java:418)
</failure>
    <system-out><![CDATA[2020-09-24 01:54:49,188 [main] WARN  server.ServerUtils (ServerUtils.java:getScmDbDir(148)) - ozone.scm.db.dirs is not configured. We recommend adding this setting. Falling back to ozone.metadata.dirs instead.
2020-09-24 01:54:49,269 [main] WARN  server.ServerUtils (ServerUtils.java:getScmDbDir(148)) - ozone.scm.db.dirs is not configured. We recommend adding this setting. Falling back to ozone.metadata.dirs instead.
2020-09-24 01:54:49,419 [main] WARN  db.DBStoreBuilder (DBStoreBuilder.java:createDBStoreBuilder(277)) - ozone.scm.db.dirs is not configured. We recommend adding this setting. Falling back to ozone.metadata.dirs instead.
2020-09-24 01:54:49,536 [main] INFO  net.NodeSchemaLoader (NodeSchemaLoader.java:loadSchemaFromFile(126)) - Loading file from sun.misc.CompoundEnumeration@649725e3
2020-09-24 01:54:49,537 [main] INFO  net.NodeSchemaLoader (NodeSchemaLoader.java:loadSchema(172)) - Loading network topology layer schema file
2020-09-24 01:54:49,606 [main] INFO  node.SCMNodeManager (SCMNodeManager.java:<init>(117)) - Entering startup safe mode.
2020-09-24 01:54:49,710 [main] INFO  algorithms.ContainerPlacementPolicyFactory (ContainerPlacementPolicyFactory.java:getPolicy(60)) - Create container placement policy of type org.apache.hadoop.hdds.scm.container.placement.algorithms.SCMContainerPlacementRandom
2020-09-24 01:54:49,735 [main] INFO  pipeline.SCMPipelineManager (SCMPipelineManager.java:initializePipelineState(161)) - No pipeline exists in current db
2020-09-24 01:54:49,760 [main] INFO  algorithms.PipelineChoosePolicyFactory (PipelineChoosePolicyFactory.java:createPipelineChoosePolicyFromClass(75)) - Create pipeline choose policy of type org.apache.hadoop.hdds.scm.pipeline.choose.algorithms.RandomPipelineChoosePolicy
2020-09-24 01:54:49,815 [main] INFO  safemode.HealthyPipelineSafeModeRule (HealthyPipelineSafeModeRule.java:<init>(89)) - Total pipeline count is 0, healthy pipeline threshold count is 0
2020-09-24 01:54:49,817 [main] INFO  safemode.OneReplicaPipelineSafeModeRule (OneReplicaPipelineSafeModeRule.java:<init>(79)) - Total pipeline count is 0, pipeline's with at least one datanode reported threshold count is 0
2020-09-24 01:54:50,268 [main] INFO  ipc.CallQueueManager (CallQueueManager.java:<init>(84)) - Using callQueue: class java.util.concurrent.LinkedBlockingQueue, queueCapacity: 2000, scheduler: class org.apache.hadoop.ipc.DefaultRpcScheduler, ipcBackoff: false.
2020-09-24 01:54:50,293 [Socket Reader #1 for port 0] INFO  ipc.Server (Server.java:run(1219)) - Starting Socket Reader #1 for port 0
2020-09-24 01:54:50,326 [Listener at 0.0.0.0/35493] INFO  ipc.CallQueueManager (CallQueueManager.java:<init>(84)) - Using callQueue: class java.util.concurrent.LinkedBlockingQueue, queueCapacity: 2000, scheduler: class org.apache.hadoop.ipc.DefaultRpcScheduler, ipcBackoff: false.
2020-09-24 01:54:50,327 [Socket Reader #1 for port 0] INFO  ipc.Server (Server.java:run(1219)) - Starting Socket Reader #1 for port 0
2020-09-24 01:54:50,342 [Listener at 0.0.0.0/43911] INFO  ipc.CallQueueManager (CallQueueManager.java:<init>(84)) - Using callQueue: class java.util.concurrent.LinkedBlockingQueue, queueCapacity: 2000, scheduler: class org.apache.hadoop.ipc.DefaultRpcScheduler, ipcBackoff: false.
2020-09-24 01:54:50,344 [Socket Reader #1 for port 0] INFO  ipc.Server (Server.java:run(1219)) - Starting Socket Reader #1 for port 0
2020-09-24 01:54:50,366 [Listener at 0.0.0.0/33879] INFO  http.BaseHttpServer (BaseHttpServer.java:newHttpServer2BuilderForOzone(207)) - Starting Web-server for scm at: http://0.0.0.0:0
2020-09-24 01:54:50,367 [Listener at 0.0.0.0/33879] INFO  http.BaseHttpServer (BaseHttpServer.java:<init>(106)) - Hadoop Security Enabled: false Ozone Security Enabled: false Ozone HTTP Security Enabled: false 
2020-09-24 01:54:50,393 [Listener at 0.0.0.0/33879] INFO  util.log (Log.java:initialized(169)) - Logging initialized @2261ms to org.eclipse.jetty.util.log.Slf4jLog
2020-09-24 01:54:50,524 [Listener at 0.0.0.0/33879] INFO  server.AuthenticationFilter (AuthenticationFilter.java:constructSecretProvider(240)) - Unable to initialize FileSignerSecretProvider, falling back to use random secrets.
2020-09-24 01:54:50,538 [Listener at 0.0.0.0/33879] WARN  http.HttpRequestLog (HttpRequestLog.java:getRequestLog(103)) - Jetty request log can only be enabled using Log4j
2020-09-24 01:54:50,546 [Listener at 0.0.0.0/33879] INFO  http.HttpServer2 (HttpServer2.java:addGlobalFilter(1019)) - Added global filter 'safety' (class=org.apache.hadoop.hdds.server.http.HttpServer2$QuotingInputFilter)
2020-09-24 01:54:50,550 [Listener at 0.0.0.0/33879] INFO  http.HttpServer2 (HttpServer2.java:addFilter(995)) - Added filter static_user_filter (class=org.apache.hadoop.http.lib.StaticUserWebFilter$StaticUserFilter) to context scm
2020-09-24 01:54:50,550 [Listener at 0.0.0.0/33879] INFO  http.HttpServer2 (HttpServer2.java:addFilter(1003)) - Added filter static_user_filter (class=org.apache.hadoop.http.lib.StaticUserWebFilter$StaticUserFilter) to context logs
2020-09-24 01:54:50,551 [Listener at 0.0.0.0/33879] INFO  http.HttpServer2 (HttpServer2.java:addFilter(1003)) - Added filter static_user_filter (class=org.apache.hadoop.http.lib.StaticUserWebFilter$StaticUserFilter) to context static
2020-09-24 01:54:50,605 [Listener at 0.0.0.0/33879] INFO  server.StorageContainerManager (StorageContainerManager.java:start(789)) - StorageContainerLocationProtocol RPC server is listening at /0.0.0.0:33879
2020-09-24 01:54:50,659 [Listener at 0.0.0.0/33879] WARN  impl.MetricsConfig (MetricsConfig.java:loadFirst(134)) - Cannot locate configuration: tried hadoop-metrics2-storagecontainermanager.properties,hadoop-metrics2.properties
2020-09-24 01:54:50,672 [Listener at 0.0.0.0/33879] INFO  impl.MetricsSystemImpl (MetricsSystemImpl.java:startTimer(374)) - Scheduled Metric snapshot period at 10 second(s).
2020-09-24 01:54:50,672 [Listener at 0.0.0.0/33879] INFO  impl.MetricsSystemImpl (MetricsSystemImpl.java:start(191)) - StorageContainerManager metrics system started
2020-09-24 01:54:50,894 [Listener at 0.0.0.0/33879] INFO  server.SCMClientProtocolServer (SCMClientProtocolServer.java:start(156)) - RPC server for Client  is listening at /0.0.0.0:33879
2020-09-24 01:54:50,899 [IPC Server Responder] INFO  ipc.Server (Server.java:run(1460)) - IPC Server Responder: starting
2020-09-24 01:54:50,900 [IPC Server listener on 0] INFO  ipc.Server (Server.java:run(1298)) - IPC Server listener on 0: starting
2020-09-24 01:54:50,907 [Listener at 0.0.0.0/33879] INFO  server.StorageContainerManager (StorageContainerManager.java:start(801)) - ScmBlockLocationProtocol RPC server is listening at /0.0.0.0:43911
2020-09-24 01:54:50,908 [Listener at 0.0.0.0/33879] INFO  server.SCMBlockProtocolServer (SCMBlockProtocolServer.java:start(149)) - RPC server for Block Protocol is listening at /0.0.0.0:43911
2020-09-24 01:54:50,908 [IPC Server Responder] INFO  ipc.Server (Server.java:run(1460)) - IPC Server Responder: starting
2020-09-24 01:54:50,908 [IPC Server listener on 0] INFO  ipc.Server (Server.java:run(1298)) - IPC Server listener on 0: starting
2020-09-24 01:54:50,912 [Listener at 0.0.0.0/33879] INFO  server.StorageContainerManager (StorageContainerManager.java:start(807)) - ScmDatanodeProtocl RPC server is listening at /0.0.0.0:35493
2020-09-24 01:54:50,912 [Listener at 0.0.0.0/33879] INFO  server.SCMDatanodeProtocolServer (SCMDatanodeProtocolServer.java:start(172)) - RPC server for DataNodes is listening at /0.0.0.0:35493
2020-09-24 01:54:50,912 [IPC Server Responder] INFO  ipc.Server (Server.java:run(1460)) - IPC Server Responder: starting
2020-09-24 01:54:50,913 [IPC Server listener on 0] INFO  ipc.Server (Server.java:run(1298)) - IPC Server listener on 0: starting
2020-09-24 01:54:50,917 [Listener at 0.0.0.0/33879] INFO  http.HttpServer2 (HttpServer2.java:bindListener(1237)) - Jetty bound to port 40821
2020-09-24 01:54:50,918 [Listener at 0.0.0.0/33879] INFO  server.Server (Server.java:doStart(359)) - jetty-9.4.26.v20200117; built: 2020-01-17T12:35:33.676Z; git: 7b38981d25d14afb4a12ff1f2596756144edf695; jvm 1.8.0_232-b09
2020-09-24 01:54:50,950 [Listener at 0.0.0.0/33879] INFO  server.session (DefaultSessionIdManager.java:doStart(333)) - DefaultSessionIdManager workerName=node0
2020-09-24 01:54:50,951 [Listener at 0.0.0.0/33879] INFO  server.session (DefaultSessionIdManager.java:doStart(338)) - No SessionScavenger set, using defaults
2020-09-24 01:54:50,952 [Listener at 0.0.0.0/33879] INFO  server.session (HouseKeeper.java:startScavenging(140)) - node0 Scavenging every 660000ms
2020-09-24 01:54:50,965 [Listener at 0.0.0.0/33879] INFO  handler.ContextHandler (ContextHandler.java:doStart(825)) - Started o.e.j.s.ServletContextHandler@3a00b15d{logs,/logs,file:///github/workspace/mnt/ozone/hadoop-ozone/integration-test/target/log,AVAILABLE}
2020-09-24 01:54:50,965 [Listener at 0.0.0.0/33879] INFO  handler.ContextHandler (ContextHandler.java:doStart(825)) - Started o.e.j.s.ServletContextHandler@60743cdb{static,/static,file:///github/workspace/mnt/ozone/hadoop-ozone/integration-test/target/test-classes/webapps/static,AVAILABLE}
2020-09-24 01:54:51,004 [Listener at 0.0.0.0/33879] INFO  handler.ContextHandler (ContextHandler.java:doStart(825)) - Started o.e.j.w.WebAppContext@320be73{scm,/,file:///github/workspace/mnt/ozone/hadoop-ozone/integration-test/target/test-classes/webapps/scm/,AVAILABLE}{file:/github/workspace/mnt/ozone/hadoop-ozone/integration-test/target/test-classes/webapps/scm}
2020-09-24 01:54:51,011 [Listener at 0.0.0.0/33879] INFO  server.AbstractConnector (AbstractConnector.java:doStart(330)) - Started ServerConnector@21de60a7{HTTP/1.1,[http/1.1]}{0.0.0.0:40821}
2020-09-24 01:54:51,011 [Listener at 0.0.0.0/33879] INFO  server.Server (Server.java:doStart(399)) - Started @2880ms
2020-09-24 01:54:51,013 [Listener at 0.0.0.0/33879] INFO  impl.MetricsSinkAdapter (MetricsSinkAdapter.java:start(204)) - Sink prometheus started
2020-09-24 01:54:51,013 [Listener at 0.0.0.0/33879] INFO  impl.MetricsSystemImpl (MetricsSystemImpl.java:registerSink(301)) - Registered sink prometheus
2020-09-24 01:54:51,018 [Listener at 0.0.0.0/33879] INFO  http.BaseHttpServer (BaseHttpServer.java:updateConnectorAddress(327)) - HTTP server of scm listening at http://0.0.0.0:40821
2020-09-24 01:54:51,027 [Listener at 0.0.0.0/33879] WARN  server.ServerUtils (ServerUtils.java:getDBPath(225)) - ozone.om.db.dirs is not configured. We recommend adding this setting. Falling back to ozone.metadata.dirs instead.
2020-09-24 01:54:51,035 [org.apache.hadoop.util.JvmPauseMonitor$Monitor@e62319f] INFO  util.JvmPauseMonitor (JvmPauseMonitor.java:run(188)) - Starting JVM pause monitor
2020-09-24 01:54:51,136 [Listener at 0.0.0.0/33879] INFO  ha.OMHANodeDetails (OMHANodeDetails.java:loadOMHAConfig(104)) - ozone.om.internal.service.id is not defined, falling back to ozone.om.service.ids to find serviceID for OzoneManager if it is HA enabled cluster
2020-09-24 01:54:51,140 [Listener at 0.0.0.0/33879] INFO  ha.OMHANodeDetails (OMHANodeDetails.java:loadOMHAConfig(213)) - Configuration either no ozone.om.address set. Falling back to the default OM address /127.0.0.1:0
2020-09-24 01:54:51,140 [Listener at 0.0.0.0/33879] INFO  ha.OMHANodeDetails (OMHANodeDetails.java:getOMNodeDetails(241)) - OM Service ID is not set. Setting it to the default ID: omServiceIdDefault
2020-09-24 01:54:51,142 [Listener at 0.0.0.0/33879] WARN  server.ServerUtils (ServerUtils.java:getDBPath(225)) - ozone.om.db.dirs is not configured. We recommend adding this setting. Falling back to ozone.metadata.dirs instead.
2020-09-24 01:54:51,143 [Listener at 0.0.0.0/33879] WARN  server.ServerUtils (ServerUtils.java:getDBPath(225)) - ozone.om.db.dirs is not configured. We recommend adding this setting. Falling back to ozone.metadata.dirs instead.
2020-09-24 01:54:51,835 [Listener at 0.0.0.0/33879] WARN  server.ServerUtils (ServerUtils.java:getDBPath(225)) - ozone.om.db.dirs is not configured. We recommend adding this setting. Falling back to ozone.metadata.dirs instead.
2020-09-24 01:54:51,841 [Listener at 0.0.0.0/33879] INFO  codec.OmKeyInfoCodec (OmKeyInfoCodec.java:<init>(41)) - OmKeyInfoCodec ignorePipeline = true
2020-09-24 01:54:51,842 [Listener at 0.0.0.0/33879] INFO  codec.RepeatedOmKeyInfoCodec (RepeatedOmKeyInfoCodec.java:<init>(40)) - RepeatedOmKeyInfoCodec ignorePipeline = true
2020-09-24 01:54:51,984 [Listener at 0.0.0.0/33879] INFO  om.OzoneManager (OzoneManager.java:addS3GVolumeToDB(3621)) - Created Volume s3v With Owner jenkins1001 required for S3Gateway operations.
2020-09-24 01:54:52,021 [Listener at 0.0.0.0/33879] INFO  ipc.CallQueueManager (CallQueueManager.java:<init>(84)) - Using callQueue: class java.util.concurrent.LinkedBlockingQueue, queueCapacity: 2000, scheduler: class org.apache.hadoop.ipc.DefaultRpcScheduler, ipcBackoff: false.
2020-09-24 01:54:52,023 [Socket Reader #1 for port 0] INFO  ipc.Server (Server.java:run(1219)) - Starting Socket Reader #1 for port 0
2020-09-24 01:54:52,061 [Listener at 127.0.0.1/33927] INFO  impl.MetricsSystemImpl (MetricsSystemImpl.java:init(158)) - OzoneManager metrics system started (again)
2020-09-24 01:54:52,063 [Listener at 127.0.0.1/33927] INFO  om.OzoneManager (OzoneManager.java:start(1133)) - OzoneManager RPC server is listening at localhost/127.0.0.1:33927
2020-09-24 01:54:52,089 [Listener at 127.0.0.1/33927] INFO  http.BaseHttpServer (BaseHttpServer.java:newHttpServer2BuilderForOzone(207)) - Starting Web-server for ozoneManager at: http://0.0.0.0:0
2020-09-24 01:54:52,089 [Listener at 127.0.0.1/33927] INFO  http.BaseHttpServer (BaseHttpServer.java:<init>(106)) - Hadoop Security Enabled: false Ozone Security Enabled: false Ozone HTTP Security Enabled: false 
2020-09-24 01:54:52,090 [Listener at 127.0.0.1/33927] INFO  server.AuthenticationFilter (AuthenticationFilter.java:constructSecretProvider(240)) - Unable to initialize FileSignerSecretProvider, falling back to use random secrets.
2020-09-24 01:54:52,091 [Listener at 127.0.0.1/33927] WARN  http.HttpRequestLog (HttpRequestLog.java:getRequestLog(103)) - Jetty request log can only be enabled using Log4j
2020-09-24 01:54:52,092 [Listener at 127.0.0.1/33927] INFO  http.HttpServer2 (HttpServer2.java:addGlobalFilter(1019)) - Added global filter 'safety' (class=org.apache.hadoop.hdds.server.http.HttpServer2$QuotingInputFilter)
2020-09-24 01:54:52,093 [Listener at 127.0.0.1/33927] INFO  http.HttpServer2 (HttpServer2.java:addFilter(995)) - Added filter static_user_filter (class=org.apache.hadoop.http.lib.StaticUserWebFilter$StaticUserFilter) to context ozoneManager
2020-09-24 01:54:52,093 [Listener at 127.0.0.1/33927] INFO  http.HttpServer2 (HttpServer2.java:addFilter(1003)) - Added filter static_user_filter (class=org.apache.hadoop.http.lib.StaticUserWebFilter$StaticUserFilter) to context logs
2020-09-24 01:54:52,093 [Listener at 127.0.0.1/33927] INFO  http.HttpServer2 (HttpServer2.java:addFilter(1003)) - Added filter static_user_filter (class=org.apache.hadoop.http.lib.StaticUserWebFilter$StaticUserFilter) to context static
2020-09-24 01:54:52,095 [Listener at 127.0.0.1/33927] INFO  http.HttpServer2 (HttpServer2.java:bindListener(1237)) - Jetty bound to port 38455
2020-09-24 01:54:52,095 [Listener at 127.0.0.1/33927] INFO  server.Server (Server.java:doStart(359)) - jetty-9.4.26.v20200117; built: 2020-01-17T12:35:33.676Z; git: 7b38981d25d14afb4a12ff1f2596756144edf695; jvm 1.8.0_232-b09
2020-09-24 01:54:52,098 [Listener at 127.0.0.1/33927] INFO  server.session (DefaultSessionIdManager.java:doStart(333)) - DefaultSessionIdManager workerName=node0
2020-09-24 01:54:52,099 [Listener at 127.0.0.1/33927] INFO  server.session (DefaultSessionIdManager.java:doStart(338)) - No SessionScavenger set, using defaults
2020-09-24 01:54:52,099 [Listener at 127.0.0.1/33927] INFO  server.session (HouseKeeper.java:startScavenging(140)) - node0 Scavenging every 600000ms
2020-09-24 01:54:52,100 [Listener at 127.0.0.1/33927] INFO  handler.ContextHandler (ContextHandler.java:doStart(825)) - Started o.e.j.s.ServletContextHandler@5b643d6e{logs,/logs,file:///github/workspace/mnt/ozone/hadoop-ozone/integration-test/target/log,AVAILABLE}
2020-09-24 01:54:52,101 [Listener at 127.0.0.1/33927] INFO  handler.ContextHandler (ContextHandler.java:doStart(825)) - Started o.e.j.s.ServletContextHandler@22ed2886{static,/static,file:///github/workspace/mnt/ozone/hadoop-ozone/integration-test/target/test-classes/webapps/static,AVAILABLE}
2020-09-24 01:54:52,105 [Listener at 127.0.0.1/33927] INFO  handler.ContextHandler (ContextHandler.java:doStart(825)) - Started o.e.j.w.WebAppContext@1701beb3{ozoneManager,/,file:///github/workspace/mnt/ozone/hadoop-ozone/integration-test/target/test-classes/webapps/ozoneManager/,AVAILABLE}{file:/github/workspace/mnt/ozone/hadoop-ozone/integration-test/target/test-classes/webapps/ozoneManager}
2020-09-24 01:54:52,107 [Listener at 127.0.0.1/33927] INFO  server.AbstractConnector (AbstractConnector.java:doStart(330)) - Started ServerConnector@27234b7c{HTTP/1.1,[http/1.1]}{0.0.0.0:38455}
2020-09-24 01:54:52,108 [Listener at 127.0.0.1/33927] INFO  server.Server (Server.java:doStart(399)) - Started @3977ms
2020-09-24 01:54:52,108 [Listener at 127.0.0.1/33927] WARN  impl.MetricsSystemImpl (MetricsSystemImpl.java:register(276)) - Sink prometheus already exists!
2020-09-24 01:54:52,112 [Listener at 127.0.0.1/33927] INFO  http.BaseHttpServer (BaseHttpServer.java:updateConnectorAddress(327)) - HTTP server of ozoneManager listening at http://0.0.0.0:38455
2020-09-24 01:54:52,113 [IPC Server Responder] INFO  ipc.Server (Server.java:run(1460)) - IPC Server Responder: starting
2020-09-24 01:54:52,113 [IPC Server listener on 0] INFO  ipc.Server (Server.java:run(1298)) - IPC Server listener on 0: starting
2020-09-24 01:54:52,128 [org.apache.hadoop.util.JvmPauseMonitor$Monitor@32f45e15] INFO  util.JvmPauseMonitor (JvmPauseMonitor.java:run(188)) - Starting JVM pause monitor
2020-09-24 01:54:52,325 [Listener at 127.0.0.1/33927] INFO  metrics.MetricRegistries (MetricRegistriesLoader.java:load(64)) - Loaded MetricRegistries class org.apache.ratis.metrics.impl.MetricRegistriesImpl
2020-09-24 01:54:52,328 [Listener at 127.0.0.1/33927] INFO  impl.MetricsSystemImpl (MetricsSystemImpl.java:init(158)) - HddsDatanode metrics system started (again)
2020-09-24 01:54:52,334 [Listener at 127.0.0.1/33927] INFO  ozone.HddsDatanodeService (HddsDatanodeService.java:start(217)) - HddsDatanodeService host:25c36af82c1d ip:172.17.0.2
2020-09-24 01:54:52,405 [Listener at 127.0.0.1/33927] INFO  volume.HddsVolume (HddsVolume.java:<init>(176)) - Creating Volume: /github/workspace/mnt/ozone/hadoop-ozone/integration-test/target/test-dir/MiniOzoneClusterImpl-cbb2177a-11db-4b99-8b47-fe15cf20b899/datanode-0/data-0/containers/hdds of storage type : DISK and capacity : 9223372036854775807
2020-09-24 01:54:52,408 [Listener at 127.0.0.1/33927] INFO  volume.MutableVolumeSet (MutableVolumeSet.java:initializeVolumeSet(179)) - Added Volume : /github/workspace/mnt/ozone/hadoop-ozone/integration-test/target/test-dir/MiniOzoneClusterImpl-cbb2177a-11db-4b99-8b47-fe15cf20b899/datanode-0/data-0/containers/hdds to VolumeSet
2020-09-24 01:54:52,408 [Listener at 127.0.0.1/33927] INFO  volume.ThrottledAsyncChecker (ThrottledAsyncChecker.java:schedule(141)) - Scheduling a check for /github/workspace/mnt/ozone/hadoop-ozone/integration-test/target/test-dir/MiniOzoneClusterImpl-cbb2177a-11db-4b99-8b47-fe15cf20b899/datanode-0/data-0/containers/hdds
2020-09-24 01:54:52,428 [Listener at 127.0.0.1/33927] INFO  volume.HddsVolumeChecker (HddsVolumeChecker.java:checkAllVolumes(200)) - Scheduled health check for volume /github/workspace/mnt/ozone/hadoop-ozone/integration-test/target/test-dir/MiniOzoneClusterImpl-cbb2177a-11db-4b99-8b47-fe15cf20b899/datanode-0/data-0/containers/hdds
2020-09-24 01:54:52,450 [Thread-130] INFO  ozoneimpl.ContainerReader (ContainerReader.java:readVolume(123)) - Start to verify containers on volume /github/workspace/mnt/ozone/hadoop-ozone/integration-test/target/test-dir/MiniOzoneClusterImpl-cbb2177a-11db-4b99-8b47-fe15cf20b899/datanode-0/data-0/containers/hdds
2020-09-24 01:54:52,450 [Thread-130] INFO  ozoneimpl.ContainerReader (ContainerReader.java:readVolume(148)) - Finish verifying containers on volume /github/workspace/mnt/ozone/hadoop-ozone/integration-test/target/test-dir/MiniOzoneClusterImpl-cbb2177a-11db-4b99-8b47-fe15cf20b899/datanode-0/data-0/containers/hdds
2020-09-24 01:54:52,451 [Listener at 127.0.0.1/33927] INFO  ozoneimpl.OzoneContainer (OzoneContainer.java:buildContainerSet(196)) - Build ContainerSet costs 0s
2020-09-24 01:54:52,558 [Listener at 127.0.0.1/33927] INFO  impl.RaftServerProxy (ConfUtils.java:logGet(44)) - raft.rpc.type = GRPC (default)
2020-09-24 01:54:52,643 [Listener at 127.0.0.1/33927] INFO  grpc.GrpcFactory (GrpcFactory.java:checkPooledByteBufAllocatorUseCacheForAllThreads(45)) - PERFORMANCE WARNING: useCacheForAllThreads is true that may cause Netty to create a lot garbage objects and, as a result, trigger GC.
	It is recommended to disable useCacheForAllThreads by setting -Dorg.apache.ratis.thirdparty.io.netty.allocator.useCacheForAllThreads=false in command line.
2020-09-24 01:54:52,649 [Listener at 127.0.0.1/33927] INFO  grpc.GrpcConfigKeys (ConfUtils.java:logGet(44)) - raft.grpc.server.port = 0 (default)
2020-09-24 01:54:52,650 [Listener at 127.0.0.1/33927] INFO  server.GrpcService (ConfUtils.java:logGet(44)) - raft.grpc.message.size.max = 32MB (=33554432) (custom)
2020-09-24 01:54:52,652 [Listener at 127.0.0.1/33927] INFO  server.RaftServerConfigKeys (ConfUtils.java:logGet(44)) - raft.server.log.appender.buffer.byte-limit = 33554432 (custom)
2020-09-24 01:54:52,652 [Listener at 127.0.0.1/33927] INFO  server.GrpcService (ConfUtils.java:logGet(44)) - raft.grpc.flow.control.window = 5MB (=5242880) (custom)
2020-09-24 01:54:52,653 [Listener at 127.0.0.1/33927] INFO  server.RaftServerConfigKeys (ConfUtils.java:logGet(44)) - raft.server.rpc.request.timeout = 3000ms (default)
2020-09-24 01:54:52,839 [Listener at 127.0.0.1/33927] INFO  server.RaftServerConfigKeys (ConfUtils.java:logGet(44)) - raft.server.storage.dir = [/github/workspace/mnt/ozone/hadoop-ozone/integration-test/target/test-dir/MiniOzoneClusterImpl-cbb2177a-11db-4b99-8b47-fe15cf20b899/datanode-0/data/ratis] (custom)
2020-09-24 01:54:52,930 [Listener at 127.0.0.1/33927] INFO  http.BaseHttpServer (BaseHttpServer.java:newHttpServer2BuilderForOzone(207)) - Starting Web-server for hddsDatanode at: http://0.0.0.0:0
2020-09-24 01:54:52,930 [Listener at 127.0.0.1/33927] INFO  http.BaseHttpServer (BaseHttpServer.java:<init>(106)) - Hadoop Security Enabled: false Ozone Security Enabled: false Ozone HTTP Security Enabled: false 
2020-09-24 01:54:52,932 [Listener at 127.0.0.1/33927] INFO  server.AuthenticationFilter (AuthenticationFilter.java:constructSecretProvider(240)) - Unable to initialize FileSignerSecretProvider, falling back to use random secrets.
2020-09-24 01:54:52,933 [Listener at 127.0.0.1/33927] WARN  http.HttpRequestLog (HttpRequestLog.java:getRequestLog(103)) - Jetty request log can only be enabled using Log4j
2020-09-24 01:54:52,934 [Listener at 127.0.0.1/33927] INFO  http.HttpServer2 (HttpServer2.java:addGlobalFilter(1019)) - Added global filter 'safety' (class=org.apache.hadoop.hdds.server.http.HttpServer2$QuotingInputFilter)
2020-09-24 01:54:52,936 [Listener at 127.0.0.1/33927] INFO  http.HttpServer2 (HttpServer2.java:addFilter(995)) - Added filter static_user_filter (class=org.apache.hadoop.http.lib.StaticUserWebFilter$StaticUserFilter) to context hddsDatanode
2020-09-24 01:54:52,936 [Listener at 127.0.0.1/33927] INFO  http.HttpServer2 (HttpServer2.java:addFilter(1003)) - Added filter static_user_filter (class=org.apache.hadoop.http.lib.StaticUserWebFilter$StaticUserFilter) to context static
2020-09-24 01:54:52,936 [Listener at 127.0.0.1/33927] INFO  http.HttpServer2 (HttpServer2.java:addFilter(1003)) - Added filter static_user_filter (class=org.apache.hadoop.http.lib.StaticUserWebFilter$StaticUserFilter) to context logs
2020-09-24 01:54:52,937 [Listener at 127.0.0.1/33927] INFO  http.HttpServer2 (HttpServer2.java:bindListener(1237)) - Jetty bound to port 43801
2020-09-24 01:54:52,937 [Listener at 127.0.0.1/33927] INFO  server.Server (Server.java:doStart(359)) - jetty-9.4.26.v20200117; built: 2020-01-17T12:35:33.676Z; git: 7b38981d25d14afb4a12ff1f2596756144edf695; jvm 1.8.0_232-b09
2020-09-24 01:54:52,939 [Listener at 127.0.0.1/33927] INFO  server.session (DefaultSessionIdManager.java:doStart(333)) - DefaultSessionIdManager workerName=node0
2020-09-24 01:54:52,940 [Listener at 127.0.0.1/33927] INFO  server.session (DefaultSessionIdManager.java:doStart(338)) - No SessionScavenger set, using defaults
2020-09-24 01:54:52,940 [Listener at 127.0.0.1/33927] INFO  server.session (HouseKeeper.java:startScavenging(140)) - node0 Scavenging every 660000ms
2020-09-24 01:54:52,943 [Listener at 127.0.0.1/33927] INFO  handler.ContextHandler (ContextHandler.java:doStart(825)) - Started o.e.j.s.ServletContextHandler@4ca50bb9{logs,/logs,file:///github/workspace/mnt/ozone/hadoop-ozone/integration-test/target/log,AVAILABLE}
2020-09-24 01:54:52,944 [Listener at 127.0.0.1/33927] INFO  handler.ContextHandler (ContextHandler.java:doStart(825)) - Started o.e.j.s.ServletContextHandler@301c0aae{static,/static,jar:file:/home/user/.m2/repository/org/apache/hadoop/hadoop-hdds-container-service/1.1.0-SNAPSHOT/hadoop-hdds-container-service-1.1.0-SNAPSHOT.jar!/webapps/static,AVAILABLE}
2020-09-24 01:54:53,116 [Listener at 127.0.0.1/33927] INFO  handler.ContextHandler (ContextHandler.java:doStart(825)) - Started o.e.j.w.WebAppContext@66464f27{hddsDatanode,/,file:///tmp/jetty-0_0_0_0-43801-hadoop-hdds-container-service-1_1_0-SNAPSHOT_jar-_-any-1599842022914268797.dir/webapp/,AVAILABLE}{jar:file:/home/user/.m2/repository/org/apache/hadoop/hadoop-hdds-container-service/1.1.0-SNAPSHOT/hadoop-hdds-container-service-1.1.0-SNAPSHOT.jar!/webapps/hddsDatanode}
2020-09-24 01:54:53,118 [Listener at 127.0.0.1/33927] INFO  server.AbstractConnector (AbstractConnector.java:doStart(330)) - Started ServerConnector@3c48bbf3{HTTP/1.1,[http/1.1]}{0.0.0.0:43801}
2020-09-24 01:54:53,118 [Listener at 127.0.0.1/33927] INFO  server.Server (Server.java:doStart(399)) - Started @4987ms
2020-09-24 01:54:53,118 [Listener at 127.0.0.1/33927] WARN  impl.MetricsSystemImpl (MetricsSystemImpl.java:register(276)) - Sink prometheus already exists!
2020-09-24 01:54:53,124 [Listener at 127.0.0.1/33927] INFO  http.BaseHttpServer (BaseHttpServer.java:updateConnectorAddress(327)) - HTTP server of hddsDatanode listening at http://0.0.0.0:43801
2020-09-24 01:54:53,126 [Listener at 127.0.0.1/33927] INFO  impl.MetricsSystemImpl (MetricsSystemImpl.java:init(158)) - HddsDatanode metrics system started (again)
2020-09-24 01:54:53,128 [Listener at 127.0.0.1/33927] INFO  ozone.HddsDatanodeService (HddsDatanodeService.java:start(217)) - HddsDatanodeService host:25c36af82c1d ip:172.17.0.2
2020-09-24 01:54:53,135 [Listener at 127.0.0.1/33927] INFO  volume.HddsVolume (HddsVolume.java:<init>(176)) - Creating Volume: /github/workspace/mnt/ozone/hadoop-ozone/integration-test/target/test-dir/MiniOzoneClusterImpl-cbb2177a-11db-4b99-8b47-fe15cf20b899/datanode-1/data-0/containers/hdds of storage type : DISK and capacity : 9223372036854775807
2020-09-24 01:54:53,135 [Listener at 127.0.0.1/33927] INFO  volume.MutableVolumeSet (MutableVolumeSet.java:initializeVolumeSet(179)) - Added Volume : /github/workspace/mnt/ozone/hadoop-ozone/integration-test/target/test-dir/MiniOzoneClusterImpl-cbb2177a-11db-4b99-8b47-fe15cf20b899/datanode-1/data-0/containers/hdds to VolumeSet
2020-09-24 01:54:53,136 [Listener at 127.0.0.1/33927] INFO  volume.ThrottledAsyncChecker (ThrottledAsyncChecker.java:schedule(141)) - Scheduling a check for /github/workspace/mnt/ozone/hadoop-ozone/integration-test/target/test-dir/MiniOzoneClusterImpl-cbb2177a-11db-4b99-8b47-fe15cf20b899/datanode-1/data-0/containers/hdds
2020-09-24 01:54:53,137 [Listener at 127.0.0.1/33927] INFO  volume.HddsVolumeChecker (HddsVolumeChecker.java:checkAllVolumes(200)) - Scheduled health check for volume /github/workspace/mnt/ozone/hadoop-ozone/integration-test/target/test-dir/MiniOzoneClusterImpl-cbb2177a-11db-4b99-8b47-fe15cf20b899/datanode-1/data-0/containers/hdds
2020-09-24 01:54:53,151 [org.apache.hadoop.util.JvmPauseMonitor$Monitor@6816b9d2] INFO  util.JvmPauseMonitor (JvmPauseMonitor.java:run(188)) - Starting JVM pause monitor
2020-09-24 01:54:53,174 [Thread-141] INFO  ozoneimpl.ContainerReader (ContainerReader.java:readVolume(123)) - Start to verify containers on volume /github/workspace/mnt/ozone/hadoop-ozone/integration-test/target/test-dir/MiniOzoneClusterImpl-cbb2177a-11db-4b99-8b47-fe15cf20b899/datanode-1/data-0/containers/hdds
2020-09-24 01:54:53,174 [Thread-141] INFO  ozoneimpl.ContainerReader (ContainerReader.java:readVolume(148)) - Finish verifying containers on volume /github/workspace/mnt/ozone/hadoop-ozone/integration-test/target/test-dir/MiniOzoneClusterImpl-cbb2177a-11db-4b99-8b47-fe15cf20b899/datanode-1/data-0/containers/hdds
2020-09-24 01:54:53,174 [Listener at 127.0.0.1/33927] INFO  ozoneimpl.OzoneContainer (OzoneContainer.java:buildContainerSet(196)) - Build ContainerSet costs 0s
2020-09-24 01:54:53,177 [Listener at 127.0.0.1/33927] INFO  impl.RaftServerProxy (ConfUtils.java:logGet(44)) - raft.rpc.type = GRPC (default)
2020-09-24 01:54:53,177 [Listener at 127.0.0.1/33927] INFO  grpc.GrpcFactory (GrpcFactory.java:checkPooledByteBufAllocatorUseCacheForAllThreads(45)) - PERFORMANCE WARNING: useCacheForAllThreads is true that may cause Netty to create a lot garbage objects and, as a result, trigger GC.
	It is recommended to disable useCacheForAllThreads by setting -Dorg.apache.ratis.thirdparty.io.netty.allocator.useCacheForAllThreads=false in command line.
2020-09-24 01:54:53,177 [Listener at 127.0.0.1/33927] INFO  grpc.GrpcConfigKeys (ConfUtils.java:logGet(44)) - raft.grpc.server.port = 0 (default)
2020-09-24 01:54:53,178 [Listener at 127.0.0.1/33927] INFO  server.GrpcService (ConfUtils.java:logGet(44)) - raft.grpc.message.size.max = 32MB (=33554432) (custom)
2020-09-24 01:54:53,178 [Listener at 127.0.0.1/33927] INFO  server.RaftServerConfigKeys (ConfUtils.java:logGet(44)) - raft.server.log.appender.buffer.byte-limit = 33554432 (custom)
2020-09-24 01:54:53,178 [Listener at 127.0.0.1/33927] INFO  server.GrpcService (ConfUtils.java:logGet(44)) - raft.grpc.flow.control.window = 5MB (=5242880) (custom)
2020-09-24 01:54:53,178 [Listener at 127.0.0.1/33927] INFO  server.RaftServerConfigKeys (ConfUtils.java:logGet(44)) - raft.server.rpc.request.timeout = 3000ms (default)
2020-09-24 01:54:53,180 [Listener at 127.0.0.1/33927] INFO  server.RaftServerConfigKeys (ConfUtils.java:logGet(44)) - raft.server.storage.dir = [/github/workspace/mnt/ozone/hadoop-ozone/integration-test/target/test-dir/MiniOzoneClusterImpl-cbb2177a-11db-4b99-8b47-fe15cf20b899/datanode-1/data/ratis] (custom)
2020-09-24 01:54:53,193 [Listener at 127.0.0.1/33927] INFO  http.BaseHttpServer (BaseHttpServer.java:newHttpServer2BuilderForOzone(207)) - Starting Web-server for hddsDatanode at: http://0.0.0.0:0
2020-09-24 01:54:53,193 [Listener at 127.0.0.1/33927] INFO  http.BaseHttpServer (BaseHttpServer.java:<init>(106)) - Hadoop Security Enabled: false Ozone Security Enabled: false Ozone HTTP Security Enabled: false 
2020-09-24 01:54:53,194 [Listener at 127.0.0.1/33927] INFO  server.AuthenticationFilter (AuthenticationFilter.java:constructSecretProvider(240)) - Unable to initialize FileSignerSecretProvider, falling back to use random secrets.
2020-09-24 01:54:53,199 [Listener at 127.0.0.1/33927] WARN  http.HttpRequestLog (HttpRequestLog.java:getRequestLog(103)) - Jetty request log can only be enabled using Log4j
2020-09-24 01:54:53,200 [Listener at 127.0.0.1/33927] INFO  http.HttpServer2 (HttpServer2.java:addGlobalFilter(1019)) - Added global filter 'safety' (class=org.apache.hadoop.hdds.server.http.HttpServer2$QuotingInputFilter)
2020-09-24 01:54:53,200 [Listener at 127.0.0.1/33927] INFO  http.HttpServer2 (HttpServer2.java:addFilter(995)) - Added filter static_user_filter (class=org.apache.hadoop.http.lib.StaticUserWebFilter$StaticUserFilter) to context hddsDatanode
2020-09-24 01:54:53,200 [Listener at 127.0.0.1/33927] INFO  http.HttpServer2 (HttpServer2.java:addFilter(1003)) - Added filter static_user_filter (class=org.apache.hadoop.http.lib.StaticUserWebFilter$StaticUserFilter) to context logs
2020-09-24 01:54:53,201 [Listener at 127.0.0.1/33927] INFO  http.HttpServer2 (HttpServer2.java:addFilter(1003)) - Added filter static_user_filter (class=org.apache.hadoop.http.lib.StaticUserWebFilter$StaticUserFilter) to context static
2020-09-24 01:54:53,201 [Listener at 127.0.0.1/33927] INFO  http.HttpServer2 (HttpServer2.java:bindListener(1237)) - Jetty bound to port 42129
2020-09-24 01:54:53,201 [Listener at 127.0.0.1/33927] INFO  server.Server (Server.java:doStart(359)) - jetty-9.4.26.v20200117; built: 2020-01-17T12:35:33.676Z; git: 7b38981d25d14afb4a12ff1f2596756144edf695; jvm 1.8.0_232-b09
2020-09-24 01:54:53,231 [Listener at 127.0.0.1/33927] INFO  server.session (DefaultSessionIdManager.java:doStart(333)) - DefaultSessionIdManager workerName=node0
2020-09-24 01:54:53,231 [Listener at 127.0.0.1/33927] INFO  server.session (DefaultSessionIdManager.java:doStart(338)) - No SessionScavenger set, using defaults
2020-09-24 01:54:53,231 [Listener at 127.0.0.1/33927] INFO  server.session (HouseKeeper.java:startScavenging(140)) - node0 Scavenging every 600000ms
2020-09-24 01:54:53,232 [Listener at 127.0.0.1/33927] INFO  handler.ContextHandler (ContextHandler.java:doStart(825)) - Started o.e.j.s.ServletContextHandler@8850865{logs,/logs,file:///github/workspace/mnt/ozone/hadoop-ozone/integration-test/target/log,AVAILABLE}
2020-09-24 01:54:53,232 [Listener at 127.0.0.1/33927] INFO  handler.ContextHandler (ContextHandler.java:doStart(825)) - Started o.e.j.s.ServletContextHandler@7dcc6679{static,/static,jar:file:/home/user/.m2/repository/org/apache/hadoop/hadoop-hdds-container-service/1.1.0-SNAPSHOT/hadoop-hdds-container-service-1.1.0-SNAPSHOT.jar!/webapps/static,AVAILABLE}
2020-09-24 01:54:53,315 [Datanode State Machine Task Thread - 0] INFO  datanode.InitDatanodeState (InitDatanodeState.java:persistContainerDatanodeDetails(145)) - DatanodeDetails is persisted to /github/workspace/mnt/ozone/hadoop-ozone/integration-test/target/test-dir/MiniOzoneClusterImpl-cbb2177a-11db-4b99-8b47-fe15cf20b899/datanode-0/meta/datanode.id
2020-09-24 01:54:53,411 [Listener at 127.0.0.1/33927] INFO  handler.ContextHandler (ContextHandler.java:doStart(825)) - Started o.e.j.w.WebAppContext@6fb514db{hddsDatanode,/,file:///tmp/jetty-0_0_0_0-42129-hadoop-hdds-container-service-1_1_0-SNAPSHOT_jar-_-any-5604570956785067670.dir/webapp/,AVAILABLE}{jar:file:/home/user/.m2/repository/org/apache/hadoop/hadoop-hdds-container-service/1.1.0-SNAPSHOT/hadoop-hdds-container-service-1.1.0-SNAPSHOT.jar!/webapps/hddsDatanode}
2020-09-24 01:54:53,417 [Listener at 127.0.0.1/33927] INFO  server.AbstractConnector (AbstractConnector.java:doStart(330)) - Started ServerConnector@5f455d91{HTTP/1.1,[http/1.1]}{0.0.0.0:42129}
2020-09-24 01:54:53,418 [Listener at 127.0.0.1/33927] INFO  server.Server (Server.java:doStart(399)) - Started @5286ms
2020-09-24 01:54:53,418 [Listener at 127.0.0.1/33927] WARN  impl.MetricsSystemImpl (MetricsSystemImpl.java:register(276)) - Sink prometheus already exists!
2020-09-24 01:54:53,423 [Listener at 127.0.0.1/33927] INFO  http.BaseHttpServer (BaseHttpServer.java:updateConnectorAddress(327)) - HTTP server of hddsDatanode listening at http://0.0.0.0:42129
2020-09-24 01:54:53,423 [Listener at 127.0.0.1/33927] INFO  impl.MetricsSystemImpl (MetricsSystemImpl.java:init(158)) - HddsDatanode metrics system started (again)
2020-09-24 01:54:53,425 [Listener at 127.0.0.1/33927] INFO  ozone.HddsDatanodeService (HddsDatanodeService.java:start(217)) - HddsDatanodeService host:25c36af82c1d ip:172.17.0.2
2020-09-24 01:54:53,427 [Listener at 127.0.0.1/33927] INFO  volume.HddsVolume (HddsVolume.java:<init>(176)) - Creating Volume: /github/workspace/mnt/ozone/hadoop-ozone/integration-test/target/test-dir/MiniOzoneClusterImpl-cbb2177a-11db-4b99-8b47-fe15cf20b899/datanode-2/data-0/containers/hdds of storage type : DISK and capacity : 9223372036854775807
2020-09-24 01:54:53,428 [Listener at 127.0.0.1/33927] INFO  volume.MutableVolumeSet (MutableVolumeSet.java:initializeVolumeSet(179)) - Added Volume : /github/workspace/mnt/ozone/hadoop-ozone/integration-test/target/test-dir/MiniOzoneClusterImpl-cbb2177a-11db-4b99-8b47-fe15cf20b899/datanode-2/data-0/containers/hdds to VolumeSet
2020-09-24 01:54:53,428 [Listener at 127.0.0.1/33927] INFO  volume.ThrottledAsyncChecker (ThrottledAsyncChecker.java:schedule(141)) - Scheduling a check for /github/workspace/mnt/ozone/hadoop-ozone/integration-test/target/test-dir/MiniOzoneClusterImpl-cbb2177a-11db-4b99-8b47-fe15cf20b899/datanode-2/data-0/containers/hdds
2020-09-24 01:54:53,429 [Listener at 127.0.0.1/33927] INFO  volume.HddsVolumeChecker (HddsVolumeChecker.java:checkAllVolumes(200)) - Scheduled health check for volume /github/workspace/mnt/ozone/hadoop-ozone/integration-test/target/test-dir/MiniOzoneClusterImpl-cbb2177a-11db-4b99-8b47-fe15cf20b899/datanode-2/data-0/containers/hdds
2020-09-24 01:54:53,459 [org.apache.hadoop.util.JvmPauseMonitor$Monitor@3a537f18] INFO  util.JvmPauseMonitor (JvmPauseMonitor.java:run(188)) - Starting JVM pause monitor
2020-09-24 01:54:53,468 [Datanode State Machine Task Thread - 0] INFO  datanode.InitDatanodeState (InitDatanodeState.java:persistContainerDatanodeDetails(145)) - DatanodeDetails is persisted to /github/workspace/mnt/ozone/hadoop-ozone/integration-test/target/test-dir/MiniOzoneClusterImpl-cbb2177a-11db-4b99-8b47-fe15cf20b899/datanode-1/meta/datanode.id
2020-09-24 01:54:53,470 [Thread-150] INFO  ozoneimpl.ContainerReader (ContainerReader.java:readVolume(123)) - Start to verify containers on volume /github/workspace/mnt/ozone/hadoop-ozone/integration-test/target/test-dir/MiniOzoneClusterImpl-cbb2177a-11db-4b99-8b47-fe15cf20b899/datanode-2/data-0/containers/hdds
2020-09-24 01:54:53,470 [Thread-150] INFO  ozoneimpl.ContainerReader (ContainerReader.java:readVolume(148)) - Finish verifying containers on volume /github/workspace/mnt/ozone/hadoop-ozone/integration-test/target/test-dir/MiniOzoneClusterImpl-cbb2177a-11db-4b99-8b47-fe15cf20b899/datanode-2/data-0/containers/hdds
2020-09-24 01:54:53,470 [Listener at 127.0.0.1/33927] INFO  ozoneimpl.OzoneContainer (OzoneContainer.java:buildContainerSet(196)) - Build ContainerSet costs 0s
2020-09-24 01:54:53,473 [Listener at 127.0.0.1/33927] INFO  impl.RaftServerProxy (ConfUtils.java:logGet(44)) - raft.rpc.type = GRPC (default)
2020-09-24 01:54:53,475 [Listener at 127.0.0.1/33927] INFO  grpc.GrpcFactory (GrpcFactory.java:checkPooledByteBufAllocatorUseCacheForAllThreads(45)) - PERFORMANCE WARNING: useCacheForAllThreads is true that may cause Netty to create a lot garbage objects and, as a result, trigger GC.
	It is recommended to disable useCacheForAllThreads by setting -Dorg.apache.ratis.thirdparty.io.netty.allocator.useCacheForAllThreads=false in command line.
2020-09-24 01:54:53,476 [Listener at 127.0.0.1/33927] INFO  grpc.GrpcConfigKeys (ConfUtils.java:logGet(44)) - raft.grpc.server.port = 0 (default)
2020-09-24 01:54:53,476 [Listener at 127.0.0.1/33927] INFO  server.GrpcService (ConfUtils.java:logGet(44)) - raft.grpc.message.size.max = 32MB (=33554432) (custom)
2020-09-24 01:54:53,476 [Listener at 127.0.0.1/33927] INFO  server.RaftServerConfigKeys (ConfUtils.java:logGet(44)) - raft.server.log.appender.buffer.byte-limit = 33554432 (custom)
2020-09-24 01:54:53,476 [Listener at 127.0.0.1/33927] INFO  server.GrpcService (ConfUtils.java:logGet(44)) - raft.grpc.flow.control.window = 5MB (=5242880) (custom)
2020-09-24 01:54:53,476 [Listener at 127.0.0.1/33927] INFO  server.RaftServerConfigKeys (ConfUtils.java:logGet(44)) - raft.server.rpc.request.timeout = 3000ms (default)
2020-09-24 01:54:53,478 [Listener at 127.0.0.1/33927] INFO  server.RaftServerConfigKeys (ConfUtils.java:logGet(44)) - raft.server.storage.dir = [/github/workspace/mnt/ozone/hadoop-ozone/integration-test/target/test-dir/MiniOzoneClusterImpl-cbb2177a-11db-4b99-8b47-fe15cf20b899/datanode-2/data/ratis] (custom)
2020-09-24 01:54:53,485 [Listener at 127.0.0.1/33927] INFO  http.BaseHttpServer (BaseHttpServer.java:newHttpServer2BuilderForOzone(207)) - Starting Web-server for hddsDatanode at: http://0.0.0.0:0
2020-09-24 01:54:53,485 [Listener at 127.0.0.1/33927] INFO  http.BaseHttpServer (BaseHttpServer.java:<init>(106)) - Hadoop Security Enabled: false Ozone Security Enabled: false Ozone HTTP Security Enabled: false 
2020-09-24 01:54:53,488 [Listener at 127.0.0.1/33927] INFO  server.AuthenticationFilter (AuthenticationFilter.java:constructSecretProvider(240)) - Unable to initialize FileSignerSecretProvider, falling back to use random secrets.
2020-09-24 01:54:53,488 [Listener at 127.0.0.1/33927] WARN  http.HttpRequestLog (HttpRequestLog.java:getRequestLog(103)) - Jetty request log can only be enabled using Log4j
2020-09-24 01:54:53,489 [Listener at 127.0.0.1/33927] INFO  http.HttpServer2 (HttpServer2.java:addGlobalFilter(1019)) - Added global filter 'safety' (class=org.apache.hadoop.hdds.server.http.HttpServer2$QuotingInputFilter)
2020-09-24 01:54:53,490 [Listener at 127.0.0.1/33927] INFO  http.HttpServer2 (HttpServer2.java:addFilter(995)) - Added filter static_user_filter (class=org.apache.hadoop.http.lib.StaticUserWebFilter$StaticUserFilter) to context hddsDatanode
2020-09-24 01:54:53,490 [Listener at 127.0.0.1/33927] INFO  http.HttpServer2 (HttpServer2.java:addFilter(1003)) - Added filter static_user_filter (class=org.apache.hadoop.http.lib.StaticUserWebFilter$StaticUserFilter) to context static
2020-09-24 01:54:53,490 [Listener at 127.0.0.1/33927] INFO  http.HttpServer2 (HttpServer2.java:addFilter(1003)) - Added filter static_user_filter (class=org.apache.hadoop.http.lib.StaticUserWebFilter$StaticUserFilter) to context logs
2020-09-24 01:54:53,491 [Listener at 127.0.0.1/33927] INFO  http.HttpServer2 (HttpServer2.java:bindListener(1237)) - Jetty bound to port 39189
2020-09-24 01:54:53,491 [Listener at 127.0.0.1/33927] INFO  server.Server (Server.java:doStart(359)) - jetty-9.4.26.v20200117; built: 2020-01-17T12:35:33.676Z; git: 7b38981d25d14afb4a12ff1f2596756144edf695; jvm 1.8.0_232-b09
2020-09-24 01:54:53,494 [Listener at 127.0.0.1/33927] INFO  server.session (DefaultSessionIdManager.java:doStart(333)) - DefaultSessionIdManager workerName=node0
2020-09-24 01:54:53,494 [Listener at 127.0.0.1/33927] INFO  server.session (DefaultSessionIdManager.java:doStart(338)) - No SessionScavenger set, using defaults
2020-09-24 01:54:53,495 [Listener at 127.0.0.1/33927] INFO  server.session (HouseKeeper.java:startScavenging(140)) - node0 Scavenging every 600000ms
2020-09-24 01:54:53,496 [Listener at 127.0.0.1/33927] INFO  handler.ContextHandler (ContextHandler.java:doStart(825)) - Started o.e.j.s.ServletContextHandler@50cb64d5{logs,/logs,file:///github/workspace/mnt/ozone/hadoop-ozone/integration-test/target/log,AVAILABLE}
2020-09-24 01:54:53,496 [Listener at 127.0.0.1/33927] INFO  handler.ContextHandler (ContextHandler.java:doStart(825)) - Started o.e.j.s.ServletContextHandler@3e1c566d{static,/static,jar:file:/home/user/.m2/repository/org/apache/hadoop/hadoop-hdds-container-service/1.1.0-SNAPSHOT/hadoop-hdds-container-service-1.1.0-SNAPSHOT.jar!/webapps/static,AVAILABLE}
2020-09-24 01:54:53,652 [Listener at 127.0.0.1/33927] INFO  handler.ContextHandler (ContextHandler.java:doStart(825)) - Started o.e.j.w.WebAppContext@5c088d72{hddsDatanode,/,file:///tmp/jetty-0_0_0_0-39189-hadoop-hdds-container-service-1_1_0-SNAPSHOT_jar-_-any-5902235561436751428.dir/webapp/,AVAILABLE}{jar:file:/home/user/.m2/repository/org/apache/hadoop/hadoop-hdds-container-service/1.1.0-SNAPSHOT/hadoop-hdds-container-service-1.1.0-SNAPSHOT.jar!/webapps/hddsDatanode}
2020-09-24 01:54:53,655 [Listener at 127.0.0.1/33927] INFO  server.AbstractConnector (AbstractConnector.java:doStart(330)) - Started ServerConnector@233bfc46{HTTP/1.1,[http/1.1]}{0.0.0.0:39189}
2020-09-24 01:54:53,656 [Listener at 127.0.0.1/33927] INFO  server.Server (Server.java:doStart(399)) - Started @5524ms
2020-09-24 01:54:53,656 [Listener at 127.0.0.1/33927] WARN  impl.MetricsSystemImpl (MetricsSystemImpl.java:register(276)) - Sink prometheus already exists!
2020-09-24 01:54:53,660 [Listener at 127.0.0.1/33927] INFO  http.BaseHttpServer (BaseHttpServer.java:updateConnectorAddress(327)) - HTTP server of hddsDatanode listening at http://0.0.0.0:39189
2020-09-24 01:54:53,661 [Listener at 127.0.0.1/33927] INFO  impl.MetricsSystemImpl (MetricsSystemImpl.java:init(158)) - HddsDatanode metrics system started (again)
2020-09-24 01:54:53,662 [Listener at 127.0.0.1/33927] INFO  ozone.HddsDatanodeService (HddsDatanodeService.java:start(217)) - HddsDatanodeService host:25c36af82c1d ip:172.17.0.2
2020-09-24 01:54:53,664 [Listener at 127.0.0.1/33927] INFO  volume.HddsVolume (HddsVolume.java:<init>(176)) - Creating Volume: /github/workspace/mnt/ozone/hadoop-ozone/integration-test/target/test-dir/MiniOzoneClusterImpl-cbb2177a-11db-4b99-8b47-fe15cf20b899/datanode-3/data-0/containers/hdds of storage type : DISK and capacity : 9223372036854775807
2020-09-24 01:54:53,664 [Listener at 127.0.0.1/33927] INFO  volume.MutableVolumeSet (MutableVolumeSet.java:initializeVolumeSet(179)) - Added Volume : /github/workspace/mnt/ozone/hadoop-ozone/integration-test/target/test-dir/MiniOzoneClusterImpl-cbb2177a-11db-4b99-8b47-fe15cf20b899/datanode-3/data-0/containers/hdds to VolumeSet
2020-09-24 01:54:53,664 [Listener at 127.0.0.1/33927] INFO  volume.ThrottledAsyncChecker (ThrottledAsyncChecker.java:schedule(141)) - Scheduling a check for /github/workspace/mnt/ozone/hadoop-ozone/integration-test/target/test-dir/MiniOzoneClusterImpl-cbb2177a-11db-4b99-8b47-fe15cf20b899/datanode-3/data-0/containers/hdds
2020-09-24 01:54:53,665 [Listener at 127.0.0.1/33927] INFO  volume.HddsVolumeChecker (HddsVolumeChecker.java:checkAllVolumes(200)) - Scheduled health check for volume /github/workspace/mnt/ozone/hadoop-ozone/integration-test/target/test-dir/MiniOzoneClusterImpl-cbb2177a-11db-4b99-8b47-fe15cf20b899/datanode-3/data-0/containers/hdds
2020-09-24 01:54:53,691 [org.apache.hadoop.util.JvmPauseMonitor$Monitor@223b4bba] INFO  util.JvmPauseMonitor (JvmPauseMonitor.java:run(188)) - Starting JVM pause monitor
2020-09-24 01:54:53,692 [Thread-161] INFO  ozoneimpl.ContainerReader (ContainerReader.java:readVolume(123)) - Start to verify containers on volume /github/workspace/mnt/ozone/hadoop-ozone/integration-test/target/test-dir/MiniOzoneClusterImpl-cbb2177a-11db-4b99-8b47-fe15cf20b899/datanode-3/data-0/containers/hdds
2020-09-24 01:54:53,692 [Thread-161] INFO  ozoneimpl.ContainerReader (ContainerReader.java:readVolume(148)) - Finish verifying containers on volume /github/workspace/mnt/ozone/hadoop-ozone/integration-test/target/test-dir/MiniOzoneClusterImpl-cbb2177a-11db-4b99-8b47-fe15cf20b899/datanode-3/data-0/containers/hdds
2020-09-24 01:54:53,692 [Listener at 127.0.0.1/33927] INFO  ozoneimpl.OzoneContainer (OzoneContainer.java:buildContainerSet(196)) - Build ContainerSet costs 0s
2020-09-24 01:54:53,696 [Listener at 127.0.0.1/33927] INFO  impl.RaftServerProxy (ConfUtils.java:logGet(44)) - raft.rpc.type = GRPC (default)
2020-09-24 01:54:53,697 [Listener at 127.0.0.1/33927] INFO  grpc.GrpcFactory (GrpcFactory.java:checkPooledByteBufAllocatorUseCacheForAllThreads(45)) - PERFORMANCE WARNING: useCacheForAllThreads is true that may cause Netty to create a lot garbage objects and, as a result, trigger GC.
	It is recommended to disable useCacheForAllThreads by setting -Dorg.apache.ratis.thirdparty.io.netty.allocator.useCacheForAllThreads=false in command line.
2020-09-24 01:54:53,697 [Listener at 127.0.0.1/33927] INFO  grpc.GrpcConfigKeys (ConfUtils.java:logGet(44)) - raft.grpc.server.port = 0 (default)
2020-09-24 01:54:53,697 [Listener at 127.0.0.1/33927] INFO  server.GrpcService (ConfUtils.java:logGet(44)) - raft.grpc.message.size.max = 32MB (=33554432) (custom)
2020-09-24 01:54:53,697 [Listener at 127.0.0.1/33927] INFO  server.RaftServerConfigKeys (ConfUtils.java:logGet(44)) - raft.server.log.appender.buffer.byte-limit = 33554432 (custom)
2020-09-24 01:54:53,697 [Listener at 127.0.0.1/33927] INFO  server.GrpcService (ConfUtils.java:logGet(44)) - raft.grpc.flow.control.window = 5MB (=5242880) (custom)
2020-09-24 01:54:53,698 [Listener at 127.0.0.1/33927] INFO  server.RaftServerConfigKeys (ConfUtils.java:logGet(44)) - raft.server.rpc.request.timeout = 3000ms (default)
2020-09-24 01:54:53,699 [Listener at 127.0.0.1/33927] INFO  server.RaftServerConfigKeys (ConfUtils.java:logGet(44)) - raft.server.storage.dir = [/github/workspace/mnt/ozone/hadoop-ozone/integration-test/target/test-dir/MiniOzoneClusterImpl-cbb2177a-11db-4b99-8b47-fe15cf20b899/datanode-3/data/ratis] (custom)
2020-09-24 01:54:53,700 [Datanode State Machine Task Thread - 0] INFO  datanode.InitDatanodeState (InitDatanodeState.java:persistContainerDatanodeDetails(145)) - DatanodeDetails is persisted to /github/workspace/mnt/ozone/hadoop-ozone/integration-test/target/test-dir/MiniOzoneClusterImpl-cbb2177a-11db-4b99-8b47-fe15cf20b899/datanode-2/meta/datanode.id
2020-09-24 01:54:53,708 [Listener at 127.0.0.1/33927] INFO  http.BaseHttpServer (BaseHttpServer.java:newHttpServer2BuilderForOzone(207)) - Starting Web-server for hddsDatanode at: http://0.0.0.0:0
2020-09-24 01:54:53,708 [Listener at 127.0.0.1/33927] INFO  http.BaseHttpServer (BaseHttpServer.java:<init>(106)) - Hadoop Security Enabled: false Ozone Security Enabled: false Ozone HTTP Security Enabled: false 
2020-09-24 01:54:53,710 [Listener at 127.0.0.1/33927] INFO  server.AuthenticationFilter (AuthenticationFilter.java:constructSecretProvider(240)) - Unable to initialize FileSignerSecretProvider, falling back to use random secrets.
2020-09-24 01:54:53,710 [Listener at 127.0.0.1/33927] WARN  http.HttpRequestLog (HttpRequestLog.java:getRequestLog(103)) - Jetty request log can only be enabled using Log4j
2020-09-24 01:54:53,711 [Listener at 127.0.0.1/33927] INFO  http.HttpServer2 (HttpServer2.java:addGlobalFilter(1019)) - Added global filter 'safety' (class=org.apache.hadoop.hdds.server.http.HttpServer2$QuotingInputFilter)
2020-09-24 01:54:53,712 [Listener at 127.0.0.1/33927] INFO  http.HttpServer2 (HttpServer2.java:addFilter(995)) - Added filter static_user_filter (class=org.apache.hadoop.http.lib.StaticUserWebFilter$StaticUserFilter) to context hddsDatanode
2020-09-24 01:54:53,712 [Listener at 127.0.0.1/33927] INFO  http.HttpServer2 (HttpServer2.java:addFilter(1003)) - Added filter static_user_filter (class=org.apache.hadoop.http.lib.StaticUserWebFilter$StaticUserFilter) to context static
2020-09-24 01:54:53,712 [Listener at 127.0.0.1/33927] INFO  http.HttpServer2 (HttpServer2.java:addFilter(1003)) - Added filter static_user_filter (class=org.apache.hadoop.http.lib.StaticUserWebFilter$StaticUserFilter) to context logs
2020-09-24 01:54:53,713 [Listener at 127.0.0.1/33927] INFO  http.HttpServer2 (HttpServer2.java:bindListener(1237)) - Jetty bound to port 34453
2020-09-24 01:54:53,713 [Listener at 127.0.0.1/33927] INFO  server.Server (Server.java:doStart(359)) - jetty-9.4.26.v20200117; built: 2020-01-17T12:35:33.676Z; git: 7b38981d25d14afb4a12ff1f2596756144edf695; jvm 1.8.0_232-b09
2020-09-24 01:54:53,716 [Listener at 127.0.0.1/33927] INFO  server.session (DefaultSessionIdManager.java:doStart(333)) - DefaultSessionIdManager workerName=node0
2020-09-24 01:54:53,717 [Listener at 127.0.0.1/33927] INFO  server.session (DefaultSessionIdManager.java:doStart(338)) - No SessionScavenger set, using defaults
2020-09-24 01:54:53,717 [Listener at 127.0.0.1/33927] INFO  server.session (HouseKeeper.java:startScavenging(140)) - node0 Scavenging every 600000ms
2020-09-24 01:54:53,718 [Listener at 127.0.0.1/33927] INFO  handler.ContextHandler (ContextHandler.java:doStart(825)) - Started o.e.j.s.ServletContextHandler@1b513ce8{logs,/logs,file:///github/workspace/mnt/ozone/hadoop-ozone/integration-test/target/log,AVAILABLE}
2020-09-24 01:54:53,718 [Listener at 127.0.0.1/33927] INFO  handler.ContextHandler (ContextHandler.java:doStart(825)) - Started o.e.j.s.ServletContextHandler@375f276e{static,/static,jar:file:/home/user/.m2/repository/org/apache/hadoop/hadoop-hdds-container-service/1.1.0-SNAPSHOT/hadoop-hdds-container-service-1.1.0-SNAPSHOT.jar!/webapps/static,AVAILABLE}
2020-09-24 01:54:53,866 [Listener at 127.0.0.1/33927] INFO  handler.ContextHandler (ContextHandler.java:doStart(825)) - Started o.e.j.w.WebAppContext@19070326{hddsDatanode,/,file:///tmp/jetty-0_0_0_0-34453-hadoop-hdds-container-service-1_1_0-SNAPSHOT_jar-_-any-2372107594289478842.dir/webapp/,AVAILABLE}{jar:file:/home/user/.m2/repository/org/apache/hadoop/hadoop-hdds-container-service/1.1.0-SNAPSHOT/hadoop-hdds-container-service-1.1.0-SNAPSHOT.jar!/webapps/hddsDatanode}
2020-09-24 01:54:53,871 [Listener at 127.0.0.1/33927] INFO  server.AbstractConnector (AbstractConnector.java:doStart(330)) - Started ServerConnector@1d0590bc{HTTP/1.1,[http/1.1]}{0.0.0.0:34453}
2020-09-24 01:54:53,872 [Listener at 127.0.0.1/33927] INFO  server.Server (Server.java:doStart(399)) - Started @5740ms
2020-09-24 01:54:53,872 [Listener at 127.0.0.1/33927] WARN  impl.MetricsSystemImpl (MetricsSystemImpl.java:register(276)) - Sink prometheus already exists!
2020-09-24 01:54:53,876 [Listener at 127.0.0.1/33927] INFO  http.BaseHttpServer (BaseHttpServer.java:updateConnectorAddress(327)) - HTTP server of hddsDatanode listening at http://0.0.0.0:34453
2020-09-24 01:54:53,877 [Listener at 127.0.0.1/33927] INFO  impl.MetricsSystemImpl (MetricsSystemImpl.java:init(158)) - HddsDatanode metrics system started (again)
2020-09-24 01:54:53,878 [Listener at 127.0.0.1/33927] INFO  ozone.HddsDatanodeService (HddsDatanodeService.java:start(217)) - HddsDatanodeService host:25c36af82c1d ip:172.17.0.2
2020-09-24 01:54:53,881 [Listener at 127.0.0.1/33927] INFO  volume.HddsVolume (HddsVolume.java:<init>(176)) - Creating Volume: /github/workspace/mnt/ozone/hadoop-ozone/integration-test/target/test-dir/MiniOzoneClusterImpl-cbb2177a-11db-4b99-8b47-fe15cf20b899/datanode-4/data-0/containers/hdds of storage type : DISK and capacity : 9223372036854775807
2020-09-24 01:54:53,881 [Listener at 127.0.0.1/33927] INFO  volume.MutableVolumeSet (MutableVolumeSet.java:initializeVolumeSet(179)) - Added Volume : /github/workspace/mnt/ozone/hadoop-ozone/integration-test/target/test-dir/MiniOzoneClusterImpl-cbb2177a-11db-4b99-8b47-fe15cf20b899/datanode-4/data-0/containers/hdds to VolumeSet
2020-09-24 01:54:53,881 [Listener at 127.0.0.1/33927] INFO  volume.ThrottledAsyncChecker (ThrottledAsyncChecker.java:schedule(141)) - Scheduling a check for /github/workspace/mnt/ozone/hadoop-ozone/integration-test/target/test-dir/MiniOzoneClusterImpl-cbb2177a-11db-4b99-8b47-fe15cf20b899/datanode-4/data-0/containers/hdds
2020-09-24 01:54:53,883 [Listener at 127.0.0.1/33927] INFO  volume.HddsVolumeChecker (HddsVolumeChecker.java:checkAllVolumes(200)) - Scheduled health check for volume /github/workspace/mnt/ozone/hadoop-ozone/integration-test/target/test-dir/MiniOzoneClusterImpl-cbb2177a-11db-4b99-8b47-fe15cf20b899/datanode-4/data-0/containers/hdds
2020-09-24 01:54:53,891 [org.apache.hadoop.util.JvmPauseMonitor$Monitor@695ea134] INFO  util.JvmPauseMonitor (JvmPauseMonitor.java:run(188)) - Starting JVM pause monitor
2020-09-24 01:54:53,897 [Datanode State Machine Task Thread - 0] INFO  datanode.InitDatanodeState (InitDatanodeState.java:persistContainerDatanodeDetails(145)) - DatanodeDetails is persisted to /github/workspace/mnt/ozone/hadoop-ozone/integration-test/target/test-dir/MiniOzoneClusterImpl-cbb2177a-11db-4b99-8b47-fe15cf20b899/datanode-3/meta/datanode.id
2020-09-24 01:54:53,903 [Thread-174] INFO  ozoneimpl.ContainerReader (ContainerReader.java:readVolume(123)) - Start to verify containers on volume /github/workspace/mnt/ozone/hadoop-ozone/integration-test/target/test-dir/MiniOzoneClusterImpl-cbb2177a-11db-4b99-8b47-fe15cf20b899/datanode-4/data-0/containers/hdds
2020-09-24 01:54:53,903 [Thread-174] INFO  ozoneimpl.ContainerReader (ContainerReader.java:readVolume(148)) - Finish verifying containers on volume /github/workspace/mnt/ozone/hadoop-ozone/integration-test/target/test-dir/MiniOzoneClusterImpl-cbb2177a-11db-4b99-8b47-fe15cf20b899/datanode-4/data-0/containers/hdds
2020-09-24 01:54:53,903 [Listener at 127.0.0.1/33927] INFO  ozoneimpl.OzoneContainer (OzoneContainer.java:buildContainerSet(196)) - Build ContainerSet costs 0s
2020-09-24 01:54:53,905 [Listener at 127.0.0.1/33927] INFO  impl.RaftServerProxy (ConfUtils.java:logGet(44)) - raft.rpc.type = GRPC (default)
2020-09-24 01:54:53,906 [Listener at 127.0.0.1/33927] INFO  grpc.GrpcFactory (GrpcFactory.java:checkPooledByteBufAllocatorUseCacheForAllThreads(45)) - PERFORMANCE WARNING: useCacheForAllThreads is true that may cause Netty to create a lot garbage objects and, as a result, trigger GC.
	It is recommended to disable useCacheForAllThreads by setting -Dorg.apache.ratis.thirdparty.io.netty.allocator.useCacheForAllThreads=false in command line.
2020-09-24 01:54:53,906 [Listener at 127.0.0.1/33927] INFO  grpc.GrpcConfigKeys (ConfUtils.java:logGet(44)) - raft.grpc.server.port = 0 (default)
2020-09-24 01:54:53,906 [Listener at 127.0.0.1/33927] INFO  server.GrpcService (ConfUtils.java:logGet(44)) - raft.grpc.message.size.max = 32MB (=33554432) (custom)
2020-09-24 01:54:53,906 [Listener at 127.0.0.1/33927] INFO  server.RaftServerConfigKeys (ConfUtils.java:logGet(44)) - raft.server.log.appender.buffer.byte-limit = 33554432 (custom)
2020-09-24 01:54:53,906 [Listener at 127.0.0.1/33927] INFO  server.GrpcService (ConfUtils.java:logGet(44)) - raft.grpc.flow.control.window = 5MB (=5242880) (custom)
2020-09-24 01:54:53,906 [Listener at 127.0.0.1/33927] INFO  server.RaftServerConfigKeys (ConfUtils.java:logGet(44)) - raft.server.rpc.request.timeout = 3000ms (default)
2020-09-24 01:54:53,910 [Listener at 127.0.0.1/33927] INFO  server.RaftServerConfigKeys (ConfUtils.java:logGet(44)) - raft.server.storage.dir = [/github/workspace/mnt/ozone/hadoop-ozone/integration-test/target/test-dir/MiniOzoneClusterImpl-cbb2177a-11db-4b99-8b47-fe15cf20b899/datanode-4/data/ratis] (custom)
2020-09-24 01:54:53,937 [Listener at 127.0.0.1/33927] INFO  http.BaseHttpServer (BaseHttpServer.java:newHttpServer2BuilderForOzone(207)) - Starting Web-server for hddsDatanode at: http://0.0.0.0:0
2020-09-24 01:54:53,937 [Listener at 127.0.0.1/33927] INFO  http.BaseHttpServer (BaseHttpServer.java:<init>(106)) - Hadoop Security Enabled: false Ozone Security Enabled: false Ozone HTTP Security Enabled: false 
2020-09-24 01:54:53,938 [Listener at 127.0.0.1/33927] INFO  server.AuthenticationFilter (AuthenticationFilter.java:constructSecretProvider(240)) - Unable to initialize FileSignerSecretProvider, falling back to use random secrets.
2020-09-24 01:54:53,941 [Listener at 127.0.0.1/33927] WARN  http.HttpRequestLog (HttpRequestLog.java:getRequestLog(103)) - Jetty request log can only be enabled using Log4j
2020-09-24 01:54:53,942 [Listener at 127.0.0.1/33927] INFO  http.HttpServer2 (HttpServer2.java:addGlobalFilter(1019)) - Added global filter 'safety' (class=org.apache.hadoop.hdds.server.http.HttpServer2$QuotingInputFilter)
2020-09-24 01:54:53,943 [Listener at 127.0.0.1/33927] INFO  http.HttpServer2 (HttpServer2.java:addFilter(995)) - Added filter static_user_filter (class=org.apache.hadoop.http.lib.StaticUserWebFilter$StaticUserFilter) to context hddsDatanode
2020-09-24 01:54:53,950 [Listener at 127.0.0.1/33927] INFO  http.HttpServer2 (HttpServer2.java:addFilter(1003)) - Added filter static_user_filter (class=org.apache.hadoop.http.lib.StaticUserWebFilter$StaticUserFilter) to context static
2020-09-24 01:54:53,952 [Listener at 127.0.0.1/33927] INFO  http.HttpServer2 (HttpServer2.java:addFilter(1003)) - Added filter static_user_filter (class=org.apache.hadoop.http.lib.StaticUserWebFilter$StaticUserFilter) to context logs
2020-09-24 01:54:53,952 [Listener at 127.0.0.1/33927] INFO  http.HttpServer2 (HttpServer2.java:bindListener(1237)) - Jetty bound to port 39911
2020-09-24 01:54:53,953 [Listener at 127.0.0.1/33927] INFO  server.Server (Server.java:doStart(359)) - jetty-9.4.26.v20200117; built: 2020-01-17T12:35:33.676Z; git: 7b38981d25d14afb4a12ff1f2596756144edf695; jvm 1.8.0_232-b09
2020-09-24 01:54:53,964 [Listener at 127.0.0.1/33927] INFO  server.session (DefaultSessionIdManager.java:doStart(333)) - DefaultSessionIdManager workerName=node0
2020-09-24 01:54:53,964 [Listener at 127.0.0.1/33927] INFO  server.session (DefaultSessionIdManager.java:doStart(338)) - No SessionScavenger set, using defaults
2020-09-24 01:54:53,964 [Listener at 127.0.0.1/33927] INFO  server.session (HouseKeeper.java:startScavenging(140)) - node0 Scavenging every 660000ms
2020-09-24 01:54:53,966 [Listener at 127.0.0.1/33927] INFO  handler.ContextHandler (ContextHandler.java:doStart(825)) - Started o.e.j.s.ServletContextHandler@2ea8f277{logs,/logs,file:///github/workspace/mnt/ozone/hadoop-ozone/integration-test/target/log,AVAILABLE}
2020-09-24 01:54:53,968 [Listener at 127.0.0.1/33927] INFO  handler.ContextHandler (ContextHandler.java:doStart(825)) - Started o.e.j.s.ServletContextHandler@5d8de4bd{static,/static,jar:file:/home/user/.m2/repository/org/apache/hadoop/hadoop-hdds-container-service/1.1.0-SNAPSHOT/hadoop-hdds-container-service-1.1.0-SNAPSHOT.jar!/webapps/static,AVAILABLE}
2020-09-24 01:54:54,107 [Listener at 127.0.0.1/33927] INFO  handler.ContextHandler (ContextHandler.java:doStart(825)) - Started o.e.j.w.WebAppContext@7cc966a9{hddsDatanode,/,file:///tmp/jetty-0_0_0_0-39911-hadoop-hdds-container-service-1_1_0-SNAPSHOT_jar-_-any-4913738525832426761.dir/webapp/,AVAILABLE}{jar:file:/home/user/.m2/repository/org/apache/hadoop/hadoop-hdds-container-service/1.1.0-SNAPSHOT/hadoop-hdds-container-service-1.1.0-SNAPSHOT.jar!/webapps/hddsDatanode}
2020-09-24 01:54:54,108 [Listener at 127.0.0.1/33927] INFO  server.AbstractConnector (AbstractConnector.java:doStart(330)) - Started ServerConnector@3647b274{HTTP/1.1,[http/1.1]}{0.0.0.0:39911}
2020-09-24 01:54:54,109 [Listener at 127.0.0.1/33927] INFO  server.Server (Server.java:doStart(399)) - Started @5978ms
2020-09-24 01:54:54,109 [Listener at 127.0.0.1/33927] WARN  impl.MetricsSystemImpl (MetricsSystemImpl.java:register(276)) - Sink prometheus already exists!
2020-09-24 01:54:54,115 [Listener at 127.0.0.1/33927] INFO  http.BaseHttpServer (BaseHttpServer.java:updateConnectorAddress(327)) - HTTP server of hddsDatanode listening at http://0.0.0.0:39911
2020-09-24 01:54:54,121 [Listener at 127.0.0.1/33927] INFO  impl.MetricsSystemImpl (MetricsSystemImpl.java:init(158)) - HddsDatanode metrics system started (again)
2020-09-24 01:54:54,122 [Listener at 127.0.0.1/33927] INFO  ozone.HddsDatanodeService (HddsDatanodeService.java:start(217)) - HddsDatanodeService host:25c36af82c1d ip:172.17.0.2
2020-09-24 01:54:54,135 [org.apache.hadoop.util.JvmPauseMonitor$Monitor@6591266a] INFO  util.JvmPauseMonitor (JvmPauseMonitor.java:run(188)) - Starting JVM pause monitor
2020-09-24 01:54:54,136 [Listener at 127.0.0.1/33927] INFO  volume.HddsVolume (HddsVolume.java:<init>(176)) - Creating Volume: /github/workspace/mnt/ozone/hadoop-ozone/integration-test/target/test-dir/MiniOzoneClusterImpl-cbb2177a-11db-4b99-8b47-fe15cf20b899/datanode-5/data-0/containers/hdds of storage type : DISK and capacity : 9223372036854775807
2020-09-24 01:54:54,136 [Listener at 127.0.0.1/33927] INFO  volume.MutableVolumeSet (MutableVolumeSet.java:initializeVolumeSet(179)) - Added Volume : /github/workspace/mnt/ozone/hadoop-ozone/integration-test/target/test-dir/MiniOzoneClusterImpl-cbb2177a-11db-4b99-8b47-fe15cf20b899/datanode-5/data-0/containers/hdds to VolumeSet
2020-09-24 01:54:54,137 [Listener at 127.0.0.1/33927] INFO  volume.ThrottledAsyncChecker (ThrottledAsyncChecker.java:schedule(141)) - Scheduling a check for /github/workspace/mnt/ozone/hadoop-ozone/integration-test/target/test-dir/MiniOzoneClusterImpl-cbb2177a-11db-4b99-8b47-fe15cf20b899/datanode-5/data-0/containers/hdds
2020-09-24 01:54:54,138 [Listener at 127.0.0.1/33927] INFO  volume.HddsVolumeChecker (HddsVolumeChecker.java:checkAllVolumes(200)) - Scheduled health check for volume /github/workspace/mnt/ozone/hadoop-ozone/integration-test/target/test-dir/MiniOzoneClusterImpl-cbb2177a-11db-4b99-8b47-fe15cf20b899/datanode-5/data-0/containers/hdds
2020-09-24 01:54:54,142 [Datanode State Machine Task Thread - 0] INFO  datanode.InitDatanodeState (InitDatanodeState.java:persistContainerDatanodeDetails(145)) - DatanodeDetails is persisted to /github/workspace/mnt/ozone/hadoop-ozone/integration-test/target/test-dir/MiniOzoneClusterImpl-cbb2177a-11db-4b99-8b47-fe15cf20b899/datanode-4/meta/datanode.id
2020-09-24 01:54:54,158 [Thread-185] INFO  ozoneimpl.ContainerReader (ContainerReader.java:readVolume(123)) - Start to verify containers on volume /github/workspace/mnt/ozone/hadoop-ozone/integration-test/target/test-dir/MiniOzoneClusterImpl-cbb2177a-11db-4b99-8b47-fe15cf20b899/datanode-5/data-0/containers/hdds
2020-09-24 01:54:54,158 [Thread-185] INFO  ozoneimpl.ContainerReader (ContainerReader.java:readVolume(148)) - Finish verifying containers on volume /github/workspace/mnt/ozone/hadoop-ozone/integration-test/target/test-dir/MiniOzoneClusterImpl-cbb2177a-11db-4b99-8b47-fe15cf20b899/datanode-5/data-0/containers/hdds
2020-09-24 01:54:54,158 [Listener at 127.0.0.1/33927] INFO  ozoneimpl.OzoneContainer (OzoneContainer.java:buildContainerSet(196)) - Build ContainerSet costs 0s
2020-09-24 01:54:54,161 [Listener at 127.0.0.1/33927] INFO  impl.RaftServerProxy (ConfUtils.java:logGet(44)) - raft.rpc.type = GRPC (default)
2020-09-24 01:54:54,162 [Listener at 127.0.0.1/33927] INFO  grpc.GrpcFactory (GrpcFactory.java:checkPooledByteBufAllocatorUseCacheForAllThreads(45)) - PERFORMANCE WARNING: useCacheForAllThreads is true that may cause Netty to create a lot garbage objects and, as a result, trigger GC.
	It is recommended to disable useCacheForAllThreads by setting -Dorg.apache.ratis.thirdparty.io.netty.allocator.useCacheForAllThreads=false in command line.
2020-09-24 01:54:54,162 [Listener at 127.0.0.1/33927] INFO  grpc.GrpcConfigKeys (ConfUtils.java:logGet(44)) - raft.grpc.server.port = 0 (default)
2020-09-24 01:54:54,163 [Listener at 127.0.0.1/33927] INFO  server.GrpcService (ConfUtils.java:logGet(44)) - raft.grpc.message.size.max = 32MB (=33554432) (custom)
2020-09-24 01:54:54,163 [Listener at 127.0.0.1/33927] INFO  server.RaftServerConfigKeys (ConfUtils.java:logGet(44)) - raft.server.log.appender.buffer.byte-limit = 33554432 (custom)
2020-09-24 01:54:54,163 [Listener at 127.0.0.1/33927] INFO  server.GrpcService (ConfUtils.java:logGet(44)) - raft.grpc.flow.control.window = 5MB (=5242880) (custom)
2020-09-24 01:54:54,163 [Listener at 127.0.0.1/33927] INFO  server.RaftServerConfigKeys (ConfUtils.java:logGet(44)) - raft.server.rpc.request.timeout = 3000ms (default)
2020-09-24 01:54:54,165 [Listener at 127.0.0.1/33927] INFO  server.RaftServerConfigKeys (ConfUtils.java:logGet(44)) - raft.server.storage.dir = [/github/workspace/mnt/ozone/hadoop-ozone/integration-test/target/test-dir/MiniOzoneClusterImpl-cbb2177a-11db-4b99-8b47-fe15cf20b899/datanode-5/data/ratis] (custom)
2020-09-24 01:54:54,171 [Listener at 127.0.0.1/33927] INFO  http.BaseHttpServer (BaseHttpServer.java:newHttpServer2BuilderForOzone(207)) - Starting Web-server for hddsDatanode at: http://0.0.0.0:0
2020-09-24 01:54:54,171 [Listener at 127.0.0.1/33927] INFO  http.BaseHttpServer (BaseHttpServer.java:<init>(106)) - Hadoop Security Enabled: false Ozone Security Enabled: false Ozone HTTP Security Enabled: false 
2020-09-24 01:54:54,173 [Listener at 127.0.0.1/33927] INFO  server.AuthenticationFilter (AuthenticationFilter.java:constructSecretProvider(240)) - Unable to initialize FileSignerSecretProvider, falling back to use random secrets.
2020-09-24 01:54:54,173 [Listener at 127.0.0.1/33927] WARN  http.HttpRequestLog (HttpRequestLog.java:getRequestLog(103)) - Jetty request log can only be enabled using Log4j
2020-09-24 01:54:54,174 [Listener at 127.0.0.1/33927] INFO  http.HttpServer2 (HttpServer2.java:addGlobalFilter(1019)) - Added global filter 'safety' (class=org.apache.hadoop.hdds.server.http.HttpServer2$QuotingInputFilter)
2020-09-24 01:54:54,175 [Listener at 127.0.0.1/33927] INFO  http.HttpServer2 (HttpServer2.java:addFilter(995)) - Added filter static_user_filter (class=org.apache.hadoop.http.lib.StaticUserWebFilter$StaticUserFilter) to context hddsDatanode
2020-09-24 01:54:54,175 [Listener at 127.0.0.1/33927] INFO  http.HttpServer2 (HttpServer2.java:addFilter(1003)) - Added filter static_user_filter (class=org.apache.hadoop.http.lib.StaticUserWebFilter$StaticUserFilter) to context static
2020-09-24 01:54:54,175 [Listener at 127.0.0.1/33927] INFO  http.HttpServer2 (HttpServer2.java:addFilter(1003)) - Added filter static_user_filter (class=org.apache.hadoop.http.lib.StaticUserWebFilter$StaticUserFilter) to context logs
2020-09-24 01:54:54,176 [Listener at 127.0.0.1/33927] INFO  http.HttpServer2 (HttpServer2.java:bindListener(1237)) - Jetty bound to port 36787
2020-09-24 01:54:54,176 [Listener at 127.0.0.1/33927] INFO  server.Server (Server.java:doStart(359)) - jetty-9.4.26.v20200117; built: 2020-01-17T12:35:33.676Z; git: 7b38981d25d14afb4a12ff1f2596756144edf695; jvm 1.8.0_232-b09
2020-09-24 01:54:54,178 [Listener at 127.0.0.1/33927] INFO  server.session (DefaultSessionIdManager.java:doStart(333)) - DefaultSessionIdManager workerName=node0
2020-09-24 01:54:54,178 [Listener at 127.0.0.1/33927] INFO  server.session (DefaultSessionIdManager.java:doStart(338)) - No SessionScavenger set, using defaults
2020-09-24 01:54:54,178 [Listener at 127.0.0.1/33927] INFO  server.session (HouseKeeper.java:startScavenging(140)) - node0 Scavenging every 660000ms
2020-09-24 01:54:54,179 [Listener at 127.0.0.1/33927] INFO  handler.ContextHandler (ContextHandler.java:doStart(825)) - Started o.e.j.s.ServletContextHandler@1227ea21{logs,/logs,file:///github/workspace/mnt/ozone/hadoop-ozone/integration-test/target/log,AVAILABLE}
2020-09-24 01:54:54,179 [Listener at 127.0.0.1/33927] INFO  handler.ContextHandler (ContextHandler.java:doStart(825)) - Started o.e.j.s.ServletContextHandler@3debeb5e{static,/static,jar:file:/home/user/.m2/repository/org/apache/hadoop/hadoop-hdds-container-service/1.1.0-SNAPSHOT/hadoop-hdds-container-service-1.1.0-SNAPSHOT.jar!/webapps/static,AVAILABLE}
2020-09-24 01:54:54,317 [Listener at 127.0.0.1/33927] INFO  handler.ContextHandler (ContextHandler.java:doStart(825)) - Started o.e.j.w.WebAppContext@2a1fce44{hddsDatanode,/,file:///tmp/jetty-0_0_0_0-36787-hadoop-hdds-container-service-1_1_0-SNAPSHOT_jar-_-any-8769851733577146310.dir/webapp/,AVAILABLE}{jar:file:/home/user/.m2/repository/org/apache/hadoop/hadoop-hdds-container-service/1.1.0-SNAPSHOT/hadoop-hdds-container-service-1.1.0-SNAPSHOT.jar!/webapps/hddsDatanode}
2020-09-24 01:54:54,319 [Listener at 127.0.0.1/33927] INFO  server.AbstractConnector (AbstractConnector.java:doStart(330)) - Started ServerConnector@6018a6a2{HTTP/1.1,[http/1.1]}{0.0.0.0:36787}
2020-09-24 01:54:54,319 [Listener at 127.0.0.1/33927] INFO  server.Server (Server.java:doStart(399)) - Started @6188ms
2020-09-24 01:54:54,319 [Listener at 127.0.0.1/33927] WARN  impl.MetricsSystemImpl (MetricsSystemImpl.java:register(276)) - Sink prometheus already exists!
2020-09-24 01:54:54,324 [Listener at 127.0.0.1/33927] INFO  http.BaseHttpServer (BaseHttpServer.java:updateConnectorAddress(327)) - HTTP server of hddsDatanode listening at http://0.0.0.0:36787
2020-09-24 01:54:54,325 [Listener at 127.0.0.1/33927] INFO  impl.MetricsSystemImpl (MetricsSystemImpl.java:init(158)) - HddsDatanode metrics system started (again)
2020-09-24 01:54:54,326 [Listener at 127.0.0.1/33927] INFO  ozone.HddsDatanodeService (HddsDatanodeService.java:start(217)) - HddsDatanodeService host:25c36af82c1d ip:172.17.0.2
2020-09-24 01:54:54,328 [Listener at 127.0.0.1/33927] INFO  volume.HddsVolume (HddsVolume.java:<init>(176)) - Creating Volume: /github/workspace/mnt/ozone/hadoop-ozone/integration-test/target/test-dir/MiniOzoneClusterImpl-cbb2177a-11db-4b99-8b47-fe15cf20b899/datanode-6/data-0/containers/hdds of storage type : DISK and capacity : 9223372036854775807
2020-09-24 01:54:54,328 [Listener at 127.0.0.1/33927] INFO  volume.MutableVolumeSet (MutableVolumeSet.java:initializeVolumeSet(179)) - Added Volume : /github/workspace/mnt/ozone/hadoop-ozone/integration-test/target/test-dir/MiniOzoneClusterImpl-cbb2177a-11db-4b99-8b47-fe15cf20b899/datanode-6/data-0/containers/hdds to VolumeSet
2020-09-24 01:54:54,329 [Listener at 127.0.0.1/33927] INFO  volume.ThrottledAsyncChecker (ThrottledAsyncChecker.java:schedule(141)) - Scheduling a check for /github/workspace/mnt/ozone/hadoop-ozone/integration-test/target/test-dir/MiniOzoneClusterImpl-cbb2177a-11db-4b99-8b47-fe15cf20b899/datanode-6/data-0/containers/hdds
2020-09-24 01:54:54,335 [Listener at 127.0.0.1/33927] INFO  volume.HddsVolumeChecker (HddsVolumeChecker.java:checkAllVolumes(200)) - Scheduled health check for volume /github/workspace/mnt/ozone/hadoop-ozone/integration-test/target/test-dir/MiniOzoneClusterImpl-cbb2177a-11db-4b99-8b47-fe15cf20b899/datanode-6/data-0/containers/hdds
2020-09-24 01:54:54,357 [org.apache.hadoop.util.JvmPauseMonitor$Monitor@4c9cfef6] INFO  util.JvmPauseMonitor (JvmPauseMonitor.java:run(188)) - Starting JVM pause monitor
2020-09-24 01:54:54,358 [Thread-196] INFO  ozoneimpl.ContainerReader (ContainerReader.java:readVolume(123)) - Start to verify containers on volume /github/workspace/mnt/ozone/hadoop-ozone/integration-test/target/test-dir/MiniOzoneClusterImpl-cbb2177a-11db-4b99-8b47-fe15cf20b899/datanode-6/data-0/containers/hdds
2020-09-24 01:54:54,358 [Thread-196] INFO  ozoneimpl.ContainerReader (ContainerReader.java:readVolume(148)) - Finish verifying containers on volume /github/workspace/mnt/ozone/hadoop-ozone/integration-test/target/test-dir/MiniOzoneClusterImpl-cbb2177a-11db-4b99-8b47-fe15cf20b899/datanode-6/data-0/containers/hdds
2020-09-24 01:54:54,358 [Listener at 127.0.0.1/33927] INFO  ozoneimpl.OzoneContainer (OzoneContainer.java:buildContainerSet(196)) - Build ContainerSet costs 0s
2020-09-24 01:54:54,361 [Listener at 127.0.0.1/33927] INFO  impl.RaftServerProxy (ConfUtils.java:logGet(44)) - raft.rpc.type = GRPC (default)
2020-09-24 01:54:54,361 [Listener at 127.0.0.1/33927] INFO  grpc.GrpcFactory (GrpcFactory.java:checkPooledByteBufAllocatorUseCacheForAllThreads(45)) - PERFORMANCE WARNING: useCacheForAllThreads is true that may cause Netty to create a lot garbage objects and, as a result, trigger GC.
	It is recommended to disable useCacheForAllThreads by setting -Dorg.apache.ratis.thirdparty.io.netty.allocator.useCacheForAllThreads=false in command line.
2020-09-24 01:54:54,361 [Listener at 127.0.0.1/33927] INFO  grpc.GrpcConfigKeys (ConfUtils.java:logGet(44)) - raft.grpc.server.port = 0 (default)
2020-09-24 01:54:54,361 [Listener at 127.0.0.1/33927] INFO  server.GrpcService (ConfUtils.java:logGet(44)) - raft.grpc.message.size.max = 32MB (=33554432) (custom)
2020-09-24 01:54:54,361 [Listener at 127.0.0.1/33927] INFO  server.RaftServerConfigKeys (ConfUtils.java:logGet(44)) - raft.server.log.appender.buffer.byte-limit = 33554432 (custom)
2020-09-24 01:54:54,362 [Listener at 127.0.0.1/33927] INFO  server.GrpcService (ConfUtils.java:logGet(44)) - raft.grpc.flow.control.window = 5MB (=5242880) (custom)
2020-09-24 01:54:54,362 [Listener at 127.0.0.1/33927] INFO  server.RaftServerConfigKeys (ConfUtils.java:logGet(44)) - raft.server.rpc.request.timeout = 3000ms (default)
2020-09-24 01:54:54,363 [Listener at 127.0.0.1/33927] INFO  server.RaftServerConfigKeys (ConfUtils.java:logGet(44)) - raft.server.storage.dir = [/github/workspace/mnt/ozone/hadoop-ozone/integration-test/target/test-dir/MiniOzoneClusterImpl-cbb2177a-11db-4b99-8b47-fe15cf20b899/datanode-6/data/ratis] (custom)
2020-09-24 01:54:54,365 [Datanode State Machine Task Thread - 0] INFO  datanode.InitDatanodeState (InitDatanodeState.java:persistContainerDatanodeDetails(145)) - DatanodeDetails is persisted to /github/workspace/mnt/ozone/hadoop-ozone/integration-test/target/test-dir/MiniOzoneClusterImpl-cbb2177a-11db-4b99-8b47-fe15cf20b899/datanode-5/meta/datanode.id
2020-09-24 01:54:54,369 [Listener at 127.0.0.1/33927] INFO  http.BaseHttpServer (BaseHttpServer.java:newHttpServer2BuilderForOzone(207)) - Starting Web-server for hddsDatanode at: http://0.0.0.0:0
2020-09-24 01:54:54,369 [Listener at 127.0.0.1/33927] INFO  http.BaseHttpServer (BaseHttpServer.java:<init>(106)) - Hadoop Security Enabled: false Ozone Security Enabled: false Ozone HTTP Security Enabled: false 
2020-09-24 01:54:54,370 [Listener at 127.0.0.1/33927] INFO  server.AuthenticationFilter (AuthenticationFilter.java:constructSecretProvider(240)) - Unable to initialize FileSignerSecretProvider, falling back to use random secrets.
2020-09-24 01:54:54,371 [Listener at 127.0.0.1/33927] WARN  http.HttpRequestLog (HttpRequestLog.java:getRequestLog(103)) - Jetty request log can only be enabled using Log4j
2020-09-24 01:54:54,372 [Listener at 127.0.0.1/33927] INFO  http.HttpServer2 (HttpServer2.java:addGlobalFilter(1019)) - Added global filter 'safety' (class=org.apache.hadoop.hdds.server.http.HttpServer2$QuotingInputFilter)
2020-09-24 01:54:54,373 [Listener at 127.0.0.1/33927] INFO  http.HttpServer2 (HttpServer2.java:addFilter(995)) - Added filter static_user_filter (class=org.apache.hadoop.http.lib.StaticUserWebFilter$StaticUserFilter) to context hddsDatanode
2020-09-24 01:54:54,375 [Listener at 127.0.0.1/33927] INFO  http.HttpServer2 (HttpServer2.java:addFilter(1003)) - Added filter static_user_filter (class=org.apache.hadoop.http.lib.StaticUserWebFilter$StaticUserFilter) to context logs
2020-09-24 01:54:54,375 [Listener at 127.0.0.1/33927] INFO  http.HttpServer2 (HttpServer2.java:addFilter(1003)) - Added filter static_user_filter (class=org.apache.hadoop.http.lib.StaticUserWebFilter$StaticUserFilter) to context static
2020-09-24 01:54:54,376 [Listener at 127.0.0.1/33927] INFO  http.HttpServer2 (HttpServer2.java:bindListener(1237)) - Jetty bound to port 38497
2020-09-24 01:54:54,378 [Listener at 127.0.0.1/33927] INFO  server.Server (Server.java:doStart(359)) - jetty-9.4.26.v20200117; built: 2020-01-17T12:35:33.676Z; git: 7b38981d25d14afb4a12ff1f2596756144edf695; jvm 1.8.0_232-b09
2020-09-24 01:54:54,380 [Listener at 127.0.0.1/33927] INFO  server.session (DefaultSessionIdManager.java:doStart(333)) - DefaultSessionIdManager workerName=node0
2020-09-24 01:54:54,380 [Listener at 127.0.0.1/33927] INFO  server.session (DefaultSessionIdManager.java:doStart(338)) - No SessionScavenger set, using defaults
2020-09-24 01:54:54,380 [Listener at 127.0.0.1/33927] INFO  server.session (HouseKeeper.java:startScavenging(140)) - node0 Scavenging every 660000ms
2020-09-24 01:54:54,381 [Listener at 127.0.0.1/33927] INFO  handler.ContextHandler (ContextHandler.java:doStart(825)) - Started o.e.j.s.ServletContextHandler@5e78dd7f{logs,/logs,file:///github/workspace/mnt/ozone/hadoop-ozone/integration-test/target/log,AVAILABLE}
2020-09-24 01:54:54,382 [Listener at 127.0.0.1/33927] INFO  handler.ContextHandler (ContextHandler.java:doStart(825)) - Started o.e.j.s.ServletContextHandler@7d440378{static,/static,jar:file:/home/user/.m2/repository/org/apache/hadoop/hadoop-hdds-container-service/1.1.0-SNAPSHOT/hadoop-hdds-container-service-1.1.0-SNAPSHOT.jar!/webapps/static,AVAILABLE}
2020-09-24 01:54:54,521 [Listener at 127.0.0.1/33927] INFO  handler.ContextHandler (ContextHandler.java:doStart(825)) - Started o.e.j.w.WebAppContext@3e5d10fc{hddsDatanode,/,file:///tmp/jetty-0_0_0_0-38497-hadoop-hdds-container-service-1_1_0-SNAPSHOT_jar-_-any-7665359781118755331.dir/webapp/,AVAILABLE}{jar:file:/home/user/.m2/repository/org/apache/hadoop/hadoop-hdds-container-service/1.1.0-SNAPSHOT/hadoop-hdds-container-service-1.1.0-SNAPSHOT.jar!/webapps/hddsDatanode}
2020-09-24 01:54:54,523 [Listener at 127.0.0.1/33927] INFO  server.AbstractConnector (AbstractConnector.java:doStart(330)) - Started ServerConnector@794cd751{HTTP/1.1,[http/1.1]}{0.0.0.0:38497}
2020-09-24 01:54:54,523 [Listener at 127.0.0.1/33927] INFO  server.Server (Server.java:doStart(399)) - Started @6391ms
2020-09-24 01:54:54,523 [Listener at 127.0.0.1/33927] WARN  impl.MetricsSystemImpl (MetricsSystemImpl.java:register(276)) - Sink prometheus already exists!
2020-09-24 01:54:54,528 [Listener at 127.0.0.1/33927] INFO  http.BaseHttpServer (BaseHttpServer.java:updateConnectorAddress(327)) - HTTP server of hddsDatanode listening at http://0.0.0.0:38497
2020-09-24 01:54:54,528 [Listener at 127.0.0.1/33927] INFO  impl.MetricsSystemImpl (MetricsSystemImpl.java:init(158)) - HddsDatanode metrics system started (again)
2020-09-24 01:54:54,530 [Listener at 127.0.0.1/33927] INFO  ozone.HddsDatanodeService (HddsDatanodeService.java:start(217)) - HddsDatanodeService host:25c36af82c1d ip:172.17.0.2
2020-09-24 01:54:54,531 [Listener at 127.0.0.1/33927] INFO  volume.HddsVolume (HddsVolume.java:<init>(176)) - Creating Volume: /github/workspace/mnt/ozone/hadoop-ozone/integration-test/target/test-dir/MiniOzoneClusterImpl-cbb2177a-11db-4b99-8b47-fe15cf20b899/datanode-7/data-0/containers/hdds of storage type : DISK and capacity : 9223372036854775807
2020-09-24 01:54:54,532 [Listener at 127.0.0.1/33927] INFO  volume.MutableVolumeSet (MutableVolumeSet.java:initializeVolumeSet(179)) - Added Volume : /github/workspace/mnt/ozone/hadoop-ozone/integration-test/target/test-dir/MiniOzoneClusterImpl-cbb2177a-11db-4b99-8b47-fe15cf20b899/datanode-7/data-0/containers/hdds to VolumeSet
2020-09-24 01:54:54,532 [Listener at 127.0.0.1/33927] INFO  volume.ThrottledAsyncChecker (ThrottledAsyncChecker.java:schedule(141)) - Scheduling a check for /github/workspace/mnt/ozone/hadoop-ozone/integration-test/target/test-dir/MiniOzoneClusterImpl-cbb2177a-11db-4b99-8b47-fe15cf20b899/datanode-7/data-0/containers/hdds
2020-09-24 01:54:54,532 [Listener at 127.0.0.1/33927] INFO  volume.HddsVolumeChecker (HddsVolumeChecker.java:checkAllVolumes(200)) - Scheduled health check for volume /github/workspace/mnt/ozone/hadoop-ozone/integration-test/target/test-dir/MiniOzoneClusterImpl-cbb2177a-11db-4b99-8b47-fe15cf20b899/datanode-7/data-0/containers/hdds
2020-09-24 01:54:54,545 [org.apache.hadoop.util.JvmPauseMonitor$Monitor@58e9c1b9] INFO  util.JvmPauseMonitor (JvmPauseMonitor.java:run(188)) - Starting JVM pause monitor
2020-09-24 01:54:54,553 [Datanode State Machine Task Thread - 0] INFO  datanode.InitDatanodeState (InitDatanodeState.java:persistContainerDatanodeDetails(145)) - DatanodeDetails is persisted to /github/workspace/mnt/ozone/hadoop-ozone/integration-test/target/test-dir/MiniOzoneClusterImpl-cbb2177a-11db-4b99-8b47-fe15cf20b899/datanode-6/meta/datanode.id
2020-09-24 01:54:54,556 [Thread-207] INFO  ozoneimpl.ContainerReader (ContainerReader.java:readVolume(123)) - Start to verify containers on volume /github/workspace/mnt/ozone/hadoop-ozone/integration-test/target/test-dir/MiniOzoneClusterImpl-cbb2177a-11db-4b99-8b47-fe15cf20b899/datanode-7/data-0/containers/hdds
2020-09-24 01:54:54,556 [Thread-207] INFO  ozoneimpl.ContainerReader (ContainerReader.java:readVolume(148)) - Finish verifying containers on volume /github/workspace/mnt/ozone/hadoop-ozone/integration-test/target/test-dir/MiniOzoneClusterImpl-cbb2177a-11db-4b99-8b47-fe15cf20b899/datanode-7/data-0/containers/hdds
2020-09-24 01:54:54,556 [Listener at 127.0.0.1/33927] INFO  ozoneimpl.OzoneContainer (OzoneContainer.java:buildContainerSet(196)) - Build ContainerSet costs 0s
2020-09-24 01:54:54,559 [Listener at 127.0.0.1/33927] INFO  impl.RaftServerProxy (ConfUtils.java:logGet(44)) - raft.rpc.type = GRPC (default)
2020-09-24 01:54:54,560 [Listener at 127.0.0.1/33927] INFO  grpc.GrpcFactory (GrpcFactory.java:checkPooledByteBufAllocatorUseCacheForAllThreads(45)) - PERFORMANCE WARNING: useCacheForAllThreads is true that may cause Netty to create a lot garbage objects and, as a result, trigger GC.
	It is recommended to disable useCacheForAllThreads by setting -Dorg.apache.ratis.thirdparty.io.netty.allocator.useCacheForAllThreads=false in command line.
2020-09-24 01:54:54,560 [Listener at 127.0.0.1/33927] INFO  grpc.GrpcConfigKeys (ConfUtils.java:logGet(44)) - raft.grpc.server.port = 0 (default)
2020-09-24 01:54:54,560 [Listener at 127.0.0.1/33927] INFO  server.GrpcService (ConfUtils.java:logGet(44)) - raft.grpc.message.size.max = 32MB (=33554432) (custom)
2020-09-24 01:54:54,560 [Listener at 127.0.0.1/33927] INFO  server.RaftServerConfigKeys (ConfUtils.java:logGet(44)) - raft.server.log.appender.buffer.byte-limit = 33554432 (custom)
2020-09-24 01:54:54,561 [Listener at 127.0.0.1/33927] INFO  server.GrpcService (ConfUtils.java:logGet(44)) - raft.grpc.flow.control.window = 5MB (=5242880) (custom)
2020-09-24 01:54:54,561 [Listener at 127.0.0.1/33927] INFO  server.RaftServerConfigKeys (ConfUtils.java:logGet(44)) - raft.server.rpc.request.timeout = 3000ms (default)
2020-09-24 01:54:54,562 [Listener at 127.0.0.1/33927] INFO  server.RaftServerConfigKeys (ConfUtils.java:logGet(44)) - raft.server.storage.dir = [/github/workspace/mnt/ozone/hadoop-ozone/integration-test/target/test-dir/MiniOzoneClusterImpl-cbb2177a-11db-4b99-8b47-fe15cf20b899/datanode-7/data/ratis] (custom)
2020-09-24 01:54:54,568 [Listener at 127.0.0.1/33927] INFO  http.BaseHttpServer (BaseHttpServer.java:newHttpServer2BuilderForOzone(207)) - Starting Web-server for hddsDatanode at: http://0.0.0.0:0
2020-09-24 01:54:54,573 [Listener at 127.0.0.1/33927] INFO  http.BaseHttpServer (BaseHttpServer.java:<init>(106)) - Hadoop Security Enabled: false Ozone Security Enabled: false Ozone HTTP Security Enabled: false 
2020-09-24 01:54:54,575 [Listener at 127.0.0.1/33927] INFO  server.AuthenticationFilter (AuthenticationFilter.java:constructSecretProvider(240)) - Unable to initialize FileSignerSecretProvider, falling back to use random secrets.
2020-09-24 01:54:54,575 [Listener at 127.0.0.1/33927] WARN  http.HttpRequestLog (HttpRequestLog.java:getRequestLog(103)) - Jetty request log can only be enabled using Log4j
2020-09-24 01:54:54,576 [Listener at 127.0.0.1/33927] INFO  http.HttpServer2 (HttpServer2.java:addGlobalFilter(1019)) - Added global filter 'safety' (class=org.apache.hadoop.hdds.server.http.HttpServer2$QuotingInputFilter)
2020-09-24 01:54:54,577 [Listener at 127.0.0.1/33927] INFO  http.HttpServer2 (HttpServer2.java:addFilter(995)) - Added filter static_user_filter (class=org.apache.hadoop.http.lib.StaticUserWebFilter$StaticUserFilter) to context hddsDatanode
2020-09-24 01:54:54,577 [Listener at 127.0.0.1/33927] INFO  http.HttpServer2 (HttpServer2.java:addFilter(1003)) - Added filter static_user_filter (class=org.apache.hadoop.http.lib.StaticUserWebFilter$StaticUserFilter) to context static
2020-09-24 01:54:54,577 [Listener at 127.0.0.1/33927] INFO  http.HttpServer2 (HttpServer2.java:addFilter(1003)) - Added filter static_user_filter (class=org.apache.hadoop.http.lib.StaticUserWebFilter$StaticUserFilter) to context logs
2020-09-24 01:54:54,578 [Listener at 127.0.0.1/33927] INFO  http.HttpServer2 (HttpServer2.java:bindListener(1237)) - Jetty bound to port 40327
2020-09-24 01:54:54,578 [Listener at 127.0.0.1/33927] INFO  server.Server (Server.java:doStart(359)) - jetty-9.4.26.v20200117; built: 2020-01-17T12:35:33.676Z; git: 7b38981d25d14afb4a12ff1f2596756144edf695; jvm 1.8.0_232-b09
2020-09-24 01:54:54,579 [Listener at 127.0.0.1/33927] INFO  server.session (DefaultSessionIdManager.java:doStart(333)) - DefaultSessionIdManager workerName=node0
2020-09-24 01:54:54,579 [Listener at 127.0.0.1/33927] INFO  server.session (DefaultSessionIdManager.java:doStart(338)) - No SessionScavenger set, using defaults
2020-09-24 01:54:54,580 [Listener at 127.0.0.1/33927] INFO  server.session (HouseKeeper.java:startScavenging(140)) - node0 Scavenging every 600000ms
2020-09-24 01:54:54,580 [Listener at 127.0.0.1/33927] INFO  handler.ContextHandler (ContextHandler.java:doStart(825)) - Started o.e.j.s.ServletContextHandler@4005e63a{logs,/logs,file:///github/workspace/mnt/ozone/hadoop-ozone/integration-test/target/log,AVAILABLE}
2020-09-24 01:54:54,581 [Listener at 127.0.0.1/33927] INFO  handler.ContextHandler (ContextHandler.java:doStart(825)) - Started o.e.j.s.ServletContextHandler@717b4de2{static,/static,jar:file:/home/user/.m2/repository/org/apache/hadoop/hadoop-hdds-container-service/1.1.0-SNAPSHOT/hadoop-hdds-container-service-1.1.0-SNAPSHOT.jar!/webapps/static,AVAILABLE}
2020-09-24 01:54:54,717 [Listener at 127.0.0.1/33927] INFO  handler.ContextHandler (ContextHandler.java:doStart(825)) - Started o.e.j.w.WebAppContext@17c0d43c{hddsDatanode,/,file:///tmp/jetty-0_0_0_0-40327-hadoop-hdds-container-service-1_1_0-SNAPSHOT_jar-_-any-7909494720152708586.dir/webapp/,AVAILABLE}{jar:file:/home/user/.m2/repository/org/apache/hadoop/hadoop-hdds-container-service/1.1.0-SNAPSHOT/hadoop-hdds-container-service-1.1.0-SNAPSHOT.jar!/webapps/hddsDatanode}
2020-09-24 01:54:54,720 [Listener at 127.0.0.1/33927] INFO  server.AbstractConnector (AbstractConnector.java:doStart(330)) - Started ServerConnector@3df473e8{HTTP/1.1,[http/1.1]}{0.0.0.0:40327}
2020-09-24 01:54:54,720 [Listener at 127.0.0.1/33927] INFO  server.Server (Server.java:doStart(399)) - Started @6589ms
2020-09-24 01:54:54,720 [Listener at 127.0.0.1/33927] WARN  impl.MetricsSystemImpl (MetricsSystemImpl.java:register(276)) - Sink prometheus already exists!
2020-09-24 01:54:54,725 [Listener at 127.0.0.1/33927] INFO  http.BaseHttpServer (BaseHttpServer.java:updateConnectorAddress(327)) - HTTP server of hddsDatanode listening at http://0.0.0.0:40327
2020-09-24 01:54:54,726 [Listener at 127.0.0.1/33927] INFO  impl.MetricsSystemImpl (MetricsSystemImpl.java:init(158)) - HddsDatanode metrics system started (again)
2020-09-24 01:54:54,728 [Listener at 127.0.0.1/33927] INFO  ozone.HddsDatanodeService (HddsDatanodeService.java:start(217)) - HddsDatanodeService host:25c36af82c1d ip:172.17.0.2
2020-09-24 01:54:54,730 [Listener at 127.0.0.1/33927] INFO  volume.HddsVolume (HddsVolume.java:<init>(176)) - Creating Volume: /github/workspace/mnt/ozone/hadoop-ozone/integration-test/target/test-dir/MiniOzoneClusterImpl-cbb2177a-11db-4b99-8b47-fe15cf20b899/datanode-8/data-0/containers/hdds of storage type : DISK and capacity : 9223372036854775807
2020-09-24 01:54:54,730 [Listener at 127.0.0.1/33927] INFO  volume.MutableVolumeSet (MutableVolumeSet.java:initializeVolumeSet(179)) - Added Volume : /github/workspace/mnt/ozone/hadoop-ozone/integration-test/target/test-dir/MiniOzoneClusterImpl-cbb2177a-11db-4b99-8b47-fe15cf20b899/datanode-8/data-0/containers/hdds to VolumeSet
2020-09-24 01:54:54,731 [Listener at 127.0.0.1/33927] INFO  volume.ThrottledAsyncChecker (ThrottledAsyncChecker.java:schedule(141)) - Scheduling a check for /github/workspace/mnt/ozone/hadoop-ozone/integration-test/target/test-dir/MiniOzoneClusterImpl-cbb2177a-11db-4b99-8b47-fe15cf20b899/datanode-8/data-0/containers/hdds
2020-09-24 01:54:54,739 [org.apache.hadoop.util.JvmPauseMonitor$Monitor@23f2b8d0] INFO  util.JvmPauseMonitor (JvmPauseMonitor.java:run(188)) - Starting JVM pause monitor
2020-09-24 01:54:54,739 [Listener at 127.0.0.1/33927] INFO  volume.HddsVolumeChecker (HddsVolumeChecker.java:checkAllVolumes(200)) - Scheduled health check for volume /github/workspace/mnt/ozone/hadoop-ozone/integration-test/target/test-dir/MiniOzoneClusterImpl-cbb2177a-11db-4b99-8b47-fe15cf20b899/datanode-8/data-0/containers/hdds
2020-09-24 01:54:54,745 [Datanode State Machine Task Thread - 0] INFO  datanode.InitDatanodeState (InitDatanodeState.java:persistContainerDatanodeDetails(145)) - DatanodeDetails is persisted to /github/workspace/mnt/ozone/hadoop-ozone/integration-test/target/test-dir/MiniOzoneClusterImpl-cbb2177a-11db-4b99-8b47-fe15cf20b899/datanode-7/meta/datanode.id
2020-09-24 01:54:54,754 [Thread-218] INFO  ozoneimpl.ContainerReader (ContainerReader.java:readVolume(123)) - Start to verify containers on volume /github/workspace/mnt/ozone/hadoop-ozone/integration-test/target/test-dir/MiniOzoneClusterImpl-cbb2177a-11db-4b99-8b47-fe15cf20b899/datanode-8/data-0/containers/hdds
2020-09-24 01:54:54,754 [Thread-218] INFO  ozoneimpl.ContainerReader (ContainerReader.java:readVolume(148)) - Finish verifying containers on volume /github/workspace/mnt/ozone/hadoop-ozone/integration-test/target/test-dir/MiniOzoneClusterImpl-cbb2177a-11db-4b99-8b47-fe15cf20b899/datanode-8/data-0/containers/hdds
2020-09-24 01:54:54,754 [Listener at 127.0.0.1/33927] INFO  ozoneimpl.OzoneContainer (OzoneContainer.java:buildContainerSet(196)) - Build ContainerSet costs 0s
2020-09-24 01:54:54,756 [Listener at 127.0.0.1/33927] INFO  impl.RaftServerProxy (ConfUtils.java:logGet(44)) - raft.rpc.type = GRPC (default)
2020-09-24 01:54:54,757 [Listener at 127.0.0.1/33927] INFO  grpc.GrpcFactory (GrpcFactory.java:checkPooledByteBufAllocatorUseCacheForAllThreads(45)) - PERFORMANCE WARNING: useCacheForAllThreads is true that may cause Netty to create a lot garbage objects and, as a result, trigger GC.
	It is recommended to disable useCacheForAllThreads by setting -Dorg.apache.ratis.thirdparty.io.netty.allocator.useCacheForAllThreads=false in command line.
2020-09-24 01:54:54,757 [Listener at 127.0.0.1/33927] INFO  grpc.GrpcConfigKeys (ConfUtils.java:logGet(44)) - raft.grpc.server.port = 0 (default)
2020-09-24 01:54:54,757 [Listener at 127.0.0.1/33927] INFO  server.GrpcService (ConfUtils.java:logGet(44)) - raft.grpc.message.size.max = 32MB (=33554432) (custom)
2020-09-24 01:54:54,757 [Listener at 127.0.0.1/33927] INFO  server.RaftServerConfigKeys (ConfUtils.java:logGet(44)) - raft.server.log.appender.buffer.byte-limit = 33554432 (custom)
2020-09-24 01:54:54,757 [Listener at 127.0.0.1/33927] INFO  server.GrpcService (ConfUtils.java:logGet(44)) - raft.grpc.flow.control.window = 5MB (=5242880) (custom)
2020-09-24 01:54:54,757 [Listener at 127.0.0.1/33927] INFO  server.RaftServerConfigKeys (ConfUtils.java:logGet(44)) - raft.server.rpc.request.timeout = 3000ms (default)
2020-09-24 01:54:54,758 [Listener at 127.0.0.1/33927] INFO  server.RaftServerConfigKeys (ConfUtils.java:logGet(44)) - raft.server.storage.dir = [/github/workspace/mnt/ozone/hadoop-ozone/integration-test/target/test-dir/MiniOzoneClusterImpl-cbb2177a-11db-4b99-8b47-fe15cf20b899/datanode-8/data/ratis] (custom)
2020-09-24 01:54:54,764 [Listener at 127.0.0.1/33927] INFO  http.BaseHttpServer (BaseHttpServer.java:newHttpServer2BuilderForOzone(207)) - Starting Web-server for hddsDatanode at: http://0.0.0.0:0
2020-09-24 01:54:54,765 [Listener at 127.0.0.1/33927] INFO  http.BaseHttpServer (BaseHttpServer.java:<init>(106)) - Hadoop Security Enabled: false Ozone Security Enabled: false Ozone HTTP Security Enabled: false 
2020-09-24 01:54:54,766 [Listener at 127.0.0.1/33927] INFO  server.AuthenticationFilter (AuthenticationFilter.java:constructSecretProvider(240)) - Unable to initialize FileSignerSecretProvider, falling back to use random secrets.
2020-09-24 01:54:54,766 [Listener at 127.0.0.1/33927] WARN  http.HttpRequestLog (HttpRequestLog.java:getRequestLog(103)) - Jetty request log can only be enabled using Log4j
2020-09-24 01:54:54,767 [Listener at 127.0.0.1/33927] INFO  http.HttpServer2 (HttpServer2.java:addGlobalFilter(1019)) - Added global filter 'safety' (class=org.apache.hadoop.hdds.server.http.HttpServer2$QuotingInputFilter)
2020-09-24 01:54:54,768 [Listener at 127.0.0.1/33927] INFO  http.HttpServer2 (HttpServer2.java:addFilter(995)) - Added filter static_user_filter (class=org.apache.hadoop.http.lib.StaticUserWebFilter$StaticUserFilter) to context hddsDatanode
2020-09-24 01:54:54,768 [Listener at 127.0.0.1/33927] INFO  http.HttpServer2 (HttpServer2.java:addFilter(1003)) - Added filter static_user_filter (class=org.apache.hadoop.http.lib.StaticUserWebFilter$StaticUserFilter) to context static
2020-09-24 01:54:54,768 [Listener at 127.0.0.1/33927] INFO  http.HttpServer2 (HttpServer2.java:addFilter(1003)) - Added filter static_user_filter (class=org.apache.hadoop.http.lib.StaticUserWebFilter$StaticUserFilter) to context logs
2020-09-24 01:54:54,768 [Listener at 127.0.0.1/33927] INFO  http.HttpServer2 (HttpServer2.java:bindListener(1237)) - Jetty bound to port 41627
2020-09-24 01:54:54,769 [Listener at 127.0.0.1/33927] INFO  server.Server (Server.java:doStart(359)) - jetty-9.4.26.v20200117; built: 2020-01-17T12:35:33.676Z; git: 7b38981d25d14afb4a12ff1f2596756144edf695; jvm 1.8.0_232-b09
2020-09-24 01:54:54,770 [Listener at 127.0.0.1/33927] INFO  server.session (DefaultSessionIdManager.java:doStart(333)) - DefaultSessionIdManager workerName=node0
2020-09-24 01:54:54,770 [Listener at 127.0.0.1/33927] INFO  server.session (DefaultSessionIdManager.java:doStart(338)) - No SessionScavenger set, using defaults
2020-09-24 01:54:54,770 [Listener at 127.0.0.1/33927] INFO  server.session (HouseKeeper.java:startScavenging(140)) - node0 Scavenging every 660000ms
2020-09-24 01:54:54,771 [Listener at 127.0.0.1/33927] INFO  handler.ContextHandler (ContextHandler.java:doStart(825)) - Started o.e.j.s.ServletContextHandler@57d6f569{logs,/logs,file:///github/workspace/mnt/ozone/hadoop-ozone/integration-test/target/log,AVAILABLE}
2020-09-24 01:54:54,771 [Listener at 127.0.0.1/33927] INFO  handler.ContextHandler (ContextHandler.java:doStart(825)) - Started o.e.j.s.ServletContextHandler@289fff3c{static,/static,jar:file:/home/user/.m2/repository/org/apache/hadoop/hadoop-hdds-container-service/1.1.0-SNAPSHOT/hadoop-hdds-container-service-1.1.0-SNAPSHOT.jar!/webapps/static,AVAILABLE}
2020-09-24 01:54:54,909 [Listener at 127.0.0.1/33927] INFO  handler.ContextHandler (ContextHandler.java:doStart(825)) - Started o.e.j.w.WebAppContext@2daf650b{hddsDatanode,/,file:///tmp/jetty-0_0_0_0-41627-hadoop-hdds-container-service-1_1_0-SNAPSHOT_jar-_-any-5686596433641104206.dir/webapp/,AVAILABLE}{jar:file:/home/user/.m2/repository/org/apache/hadoop/hadoop-hdds-container-service/1.1.0-SNAPSHOT/hadoop-hdds-container-service-1.1.0-SNAPSHOT.jar!/webapps/hddsDatanode}
2020-09-24 01:54:54,917 [Listener at 127.0.0.1/33927] INFO  server.AbstractConnector (AbstractConnector.java:doStart(330)) - Started ServerConnector@40bac624{HTTP/1.1,[http/1.1]}{0.0.0.0:41627}
2020-09-24 01:54:54,917 [Listener at 127.0.0.1/33927] INFO  server.Server (Server.java:doStart(399)) - Started @6786ms
2020-09-24 01:54:54,918 [Listener at 127.0.0.1/33927] WARN  impl.MetricsSystemImpl (MetricsSystemImpl.java:register(276)) - Sink prometheus already exists!
2020-09-24 01:54:54,922 [Listener at 127.0.0.1/33927] INFO  http.BaseHttpServer (BaseHttpServer.java:updateConnectorAddress(327)) - HTTP server of hddsDatanode listening at http://0.0.0.0:41627
2020-09-24 01:54:54,923 [Listener at 127.0.0.1/33927] INFO  impl.MetricsSystemImpl (MetricsSystemImpl.java:init(158)) - HddsDatanode metrics system started (again)
2020-09-24 01:54:54,929 [Listener at 127.0.0.1/33927] INFO  ozone.HddsDatanodeService (HddsDatanodeService.java:start(217)) - HddsDatanodeService host:25c36af82c1d ip:172.17.0.2
2020-09-24 01:54:54,930 [Datanode State Machine Task Thread - 0] INFO  datanode.InitDatanodeState (InitDatanodeState.java:persistContainerDatanodeDetails(145)) - DatanodeDetails is persisted to /github/workspace/mnt/ozone/hadoop-ozone/integration-test/target/test-dir/MiniOzoneClusterImpl-cbb2177a-11db-4b99-8b47-fe15cf20b899/datanode-8/meta/datanode.id
2020-09-24 01:54:54,930 [org.apache.hadoop.util.JvmPauseMonitor$Monitor@38ebdeba] INFO  util.JvmPauseMonitor (JvmPauseMonitor.java:run(188)) - Starting JVM pause monitor
2020-09-24 01:54:54,931 [Listener at 127.0.0.1/33927] INFO  volume.HddsVolume (HddsVolume.java:<init>(176)) - Creating Volume: /github/workspace/mnt/ozone/hadoop-ozone/integration-test/target/test-dir/MiniOzoneClusterImpl-cbb2177a-11db-4b99-8b47-fe15cf20b899/datanode-9/data-0/containers/hdds of storage type : DISK and capacity : 9223372036854775807
2020-09-24 01:54:54,931 [Listener at 127.0.0.1/33927] INFO  volume.MutableVolumeSet (MutableVolumeSet.java:initializeVolumeSet(179)) - Added Volume : /github/workspace/mnt/ozone/hadoop-ozone/integration-test/target/test-dir/MiniOzoneClusterImpl-cbb2177a-11db-4b99-8b47-fe15cf20b899/datanode-9/data-0/containers/hdds to VolumeSet
2020-09-24 01:54:54,931 [Listener at 127.0.0.1/33927] INFO  volume.ThrottledAsyncChecker (ThrottledAsyncChecker.java:schedule(141)) - Scheduling a check for /github/workspace/mnt/ozone/hadoop-ozone/integration-test/target/test-dir/MiniOzoneClusterImpl-cbb2177a-11db-4b99-8b47-fe15cf20b899/datanode-9/data-0/containers/hdds
2020-09-24 01:54:54,932 [Listener at 127.0.0.1/33927] INFO  volume.HddsVolumeChecker (HddsVolumeChecker.java:checkAllVolumes(200)) - Scheduled health check for volume /github/workspace/mnt/ozone/hadoop-ozone/integration-test/target/test-dir/MiniOzoneClusterImpl-cbb2177a-11db-4b99-8b47-fe15cf20b899/datanode-9/data-0/containers/hdds
2020-09-24 01:54:54,947 [Thread-229] INFO  ozoneimpl.ContainerReader (ContainerReader.java:readVolume(123)) - Start to verify containers on volume /github/workspace/mnt/ozone/hadoop-ozone/integration-test/target/test-dir/MiniOzoneClusterImpl-cbb2177a-11db-4b99-8b47-fe15cf20b899/datanode-9/data-0/containers/hdds
2020-09-24 01:54:54,947 [Thread-229] INFO  ozoneimpl.ContainerReader (ContainerReader.java:readVolume(148)) - Finish verifying containers on volume /github/workspace/mnt/ozone/hadoop-ozone/integration-test/target/test-dir/MiniOzoneClusterImpl-cbb2177a-11db-4b99-8b47-fe15cf20b899/datanode-9/data-0/containers/hdds
2020-09-24 01:54:54,947 [Listener at 127.0.0.1/33927] INFO  ozoneimpl.OzoneContainer (OzoneContainer.java:buildContainerSet(196)) - Build ContainerSet costs 0s
2020-09-24 01:54:54,949 [Listener at 127.0.0.1/33927] INFO  impl.RaftServerProxy (ConfUtils.java:logGet(44)) - raft.rpc.type = GRPC (default)
2020-09-24 01:54:54,949 [Listener at 127.0.0.1/33927] INFO  grpc.GrpcFactory (GrpcFactory.java:checkPooledByteBufAllocatorUseCacheForAllThreads(45)) - PERFORMANCE WARNING: useCacheForAllThreads is true that may cause Netty to create a lot garbage objects and, as a result, trigger GC.
	It is recommended to disable useCacheForAllThreads by setting -Dorg.apache.ratis.thirdparty.io.netty.allocator.useCacheForAllThreads=false in command line.
2020-09-24 01:54:54,949 [Listener at 127.0.0.1/33927] INFO  grpc.GrpcConfigKeys (ConfUtils.java:logGet(44)) - raft.grpc.server.port = 0 (default)
2020-09-24 01:54:54,950 [Listener at 127.0.0.1/33927] INFO  server.GrpcService (ConfUtils.java:logGet(44)) - raft.grpc.message.size.max = 32MB (=33554432) (custom)
2020-09-24 01:54:54,950 [Listener at 127.0.0.1/33927] INFO  server.RaftServerConfigKeys (ConfUtils.java:logGet(44)) - raft.server.log.appender.buffer.byte-limit = 33554432 (custom)
2020-09-24 01:54:54,950 [Listener at 127.0.0.1/33927] INFO  server.GrpcService (ConfUtils.java:logGet(44)) - raft.grpc.flow.control.window = 5MB (=5242880) (custom)
2020-09-24 01:54:54,950 [Listener at 127.0.0.1/33927] INFO  server.RaftServerConfigKeys (ConfUtils.java:logGet(44)) - raft.server.rpc.request.timeout = 3000ms (default)
2020-09-24 01:54:54,951 [Listener at 127.0.0.1/33927] INFO  server.RaftServerConfigKeys (ConfUtils.java:logGet(44)) - raft.server.storage.dir = [/github/workspace/mnt/ozone/hadoop-ozone/integration-test/target/test-dir/MiniOzoneClusterImpl-cbb2177a-11db-4b99-8b47-fe15cf20b899/datanode-9/data/ratis] (custom)
2020-09-24 01:54:54,956 [Listener at 127.0.0.1/33927] INFO  http.BaseHttpServer (BaseHttpServer.java:newHttpServer2BuilderForOzone(207)) - Starting Web-server for hddsDatanode at: http://0.0.0.0:0
2020-09-24 01:54:54,957 [Listener at 127.0.0.1/33927] INFO  http.BaseHttpServer (BaseHttpServer.java:<init>(106)) - Hadoop Security Enabled: false Ozone Security Enabled: false Ozone HTTP Security Enabled: false 
2020-09-24 01:54:54,958 [Listener at 127.0.0.1/33927] INFO  server.AuthenticationFilter (AuthenticationFilter.java:constructSecretProvider(240)) - Unable to initialize FileSignerSecretProvider, falling back to use random secrets.
2020-09-24 01:54:54,958 [Listener at 127.0.0.1/33927] WARN  http.HttpRequestLog (HttpRequestLog.java:getRequestLog(103)) - Jetty request log can only be enabled using Log4j
2020-09-24 01:54:54,959 [Listener at 127.0.0.1/33927] INFO  http.HttpServer2 (HttpServer2.java:addGlobalFilter(1019)) - Added global filter 'safety' (class=org.apache.hadoop.hdds.server.http.HttpServer2$QuotingInputFilter)
2020-09-24 01:54:54,960 [Listener at 127.0.0.1/33927] INFO  http.HttpServer2 (HttpServer2.java:addFilter(995)) - Added filter static_user_filter (class=org.apache.hadoop.http.lib.StaticUserWebFilter$StaticUserFilter) to context hddsDatanode
2020-09-24 01:54:54,960 [Listener at 127.0.0.1/33927] INFO  http.HttpServer2 (HttpServer2.java:addFilter(1003)) - Added filter static_user_filter (class=org.apache.hadoop.http.lib.StaticUserWebFilter$StaticUserFilter) to context static
2020-09-24 01:54:54,960 [Listener at 127.0.0.1/33927] INFO  http.HttpServer2 (HttpServer2.java:addFilter(1003)) - Added filter static_user_filter (class=org.apache.hadoop.http.lib.StaticUserWebFilter$StaticUserFilter) to context logs
2020-09-24 01:54:54,961 [Listener at 127.0.0.1/33927] INFO  http.HttpServer2 (HttpServer2.java:bindListener(1237)) - Jetty bound to port 34679
2020-09-24 01:54:54,961 [Listener at 127.0.0.1/33927] INFO  server.Server (Server.java:doStart(359)) - jetty-9.4.26.v20200117; built: 2020-01-17T12:35:33.676Z; git: 7b38981d25d14afb4a12ff1f2596756144edf695; jvm 1.8.0_232-b09
2020-09-24 01:54:54,962 [Listener at 127.0.0.1/33927] INFO  server.session (DefaultSessionIdManager.java:doStart(333)) - DefaultSessionIdManager workerName=node0
2020-09-24 01:54:54,962 [Listener at 127.0.0.1/33927] INFO  server.session (DefaultSessionIdManager.java:doStart(338)) - No SessionScavenger set, using defaults
2020-09-24 01:54:54,962 [Listener at 127.0.0.1/33927] INFO  server.session (HouseKeeper.java:startScavenging(140)) - node0 Scavenging every 660000ms
2020-09-24 01:54:54,963 [Listener at 127.0.0.1/33927] INFO  handler.ContextHandler (ContextHandler.java:doStart(825)) - Started o.e.j.s.ServletContextHandler@3ca43e5d{logs,/logs,file:///github/workspace/mnt/ozone/hadoop-ozone/integration-test/target/log,AVAILABLE}
2020-09-24 01:54:54,963 [Listener at 127.0.0.1/33927] INFO  handler.ContextHandler (ContextHandler.java:doStart(825)) - Started o.e.j.s.ServletContextHandler@33d75081{static,/static,jar:file:/home/user/.m2/repository/org/apache/hadoop/hadoop-hdds-container-service/1.1.0-SNAPSHOT/hadoop-hdds-container-service-1.1.0-SNAPSHOT.jar!/webapps/static,AVAILABLE}
2020-09-24 01:54:55,099 [Listener at 127.0.0.1/33927] INFO  handler.ContextHandler (ContextHandler.java:doStart(825)) - Started o.e.j.w.WebAppContext@17da6e45{hddsDatanode,/,file:///tmp/jetty-0_0_0_0-34679-hadoop-hdds-container-service-1_1_0-SNAPSHOT_jar-_-any-7343203986641450285.dir/webapp/,AVAILABLE}{jar:file:/home/user/.m2/repository/org/apache/hadoop/hadoop-hdds-container-service/1.1.0-SNAPSHOT/hadoop-hdds-container-service-1.1.0-SNAPSHOT.jar!/webapps/hddsDatanode}
2020-09-24 01:54:55,103 [Listener at 127.0.0.1/33927] INFO  server.AbstractConnector (AbstractConnector.java:doStart(330)) - Started ServerConnector@51c660c8{HTTP/1.1,[http/1.1]}{0.0.0.0:34679}
2020-09-24 01:54:55,103 [Listener at 127.0.0.1/33927] INFO  server.Server (Server.java:doStart(399)) - Started @6972ms
2020-09-24 01:54:55,103 [Listener at 127.0.0.1/33927] WARN  impl.MetricsSystemImpl (MetricsSystemImpl.java:register(276)) - Sink prometheus already exists!
2020-09-24 01:54:55,108 [Listener at 127.0.0.1/33927] INFO  http.BaseHttpServer (BaseHttpServer.java:updateConnectorAddress(327)) - HTTP server of hddsDatanode listening at http://0.0.0.0:34679
2020-09-24 01:54:55,112 [Listener at 127.0.0.1/33927] INFO  ozone.MiniOzoneClusterImpl (MiniOzoneClusterImpl.java:lambda$waitForClusterToBeReady$0(177)) - Waiting for nodes to be ready. Got 0 of 10 DN Heartbeats.
2020-09-24 01:54:55,115 [Listener at 127.0.0.1/33927] INFO  ozone.MiniOzoneClusterImpl (MiniOzoneClusterImpl.java:lambda$waitForClusterToBeReady$0(180)) - Waiting for cluster to exit safe mode
2020-09-24 01:54:55,117 [org.apache.hadoop.util.JvmPauseMonitor$Monitor@2b60fdd3] INFO  util.JvmPauseMonitor (JvmPauseMonitor.java:run(188)) - Starting JVM pause monitor
2020-09-24 01:54:55,118 [Datanode State Machine Task Thread - 0] INFO  datanode.InitDatanodeState (InitDatanodeState.java:persistContainerDatanodeDetails(145)) - DatanodeDetails is persisted to /github/workspace/mnt/ozone/hadoop-ozone/integration-test/target/test-dir/MiniOzoneClusterImpl-cbb2177a-11db-4b99-8b47-fe15cf20b899/datanode-9/meta/datanode.id
2020-09-24 01:54:55,209 [Datanode State Machine Task Thread - 1] INFO  ozoneimpl.OzoneContainer (OzoneContainer.java:start(245)) - Attempting to start container services.
2020-09-24 01:54:55,211 [Datanode State Machine Task Thread - 1] INFO  ozoneimpl.OzoneContainer (OzoneContainer.java:startContainerScrub(209)) - Background container scanner has been disabled.
2020-09-24 01:54:55,211 [Datanode State Machine Task Thread - 1] INFO  ratis.XceiverServerRatis (XceiverServerRatis.java:start(440)) - Starting XceiverServerRatis 80e000f3-57fe-409f-8b55-0def8c2cb3ea at port 0
2020-09-24 01:54:55,222 [Datanode State Machine Task Thread - 1] INFO  impl.RaftServerProxy (RaftServerProxy.java:lambda$start$3(304)) - 80e000f3-57fe-409f-8b55-0def8c2cb3ea: start RPC server
2020-09-24 01:54:55,294 [Datanode State Machine Task Thread - 1] INFO  server.GrpcService (GrpcService.java:startImpl(177)) - 80e000f3-57fe-409f-8b55-0def8c2cb3ea: GrpcService started, listening on 0.0.0.0/0.0.0.0:43361
2020-09-24 01:54:55,294 [Datanode State Machine Task Thread - 1] INFO  ratis.XceiverServerRatis (XceiverServerRatis.java:start(452)) - XceiverServerRatis 80e000f3-57fe-409f-8b55-0def8c2cb3ea is started using port 43361
2020-09-24 01:54:55,298 [Datanode State Machine Task Thread - 1] INFO  server.XceiverServerGrpc (XceiverServerGrpc.java:start(145)) - XceiverServerGrpc 80e000f3-57fe-409f-8b55-0def8c2cb3ea is started using port 45013
2020-09-24 01:54:55,462 [Datanode State Machine Task Thread - 1] INFO  ozoneimpl.OzoneContainer (OzoneContainer.java:start(245)) - Attempting to start container services.
2020-09-24 01:54:55,467 [Datanode State Machine Task Thread - 1] INFO  ozoneimpl.OzoneContainer (OzoneContainer.java:startContainerScrub(209)) - Background container scanner has been disabled.
2020-09-24 01:54:55,467 [Datanode State Machine Task Thread - 1] INFO  ratis.XceiverServerRatis (XceiverServerRatis.java:start(440)) - Starting XceiverServerRatis 56c3813c-334a-40eb-9390-9dfad9ae58fa at port 0
2020-09-24 01:54:55,469 [Datanode State Machine Task Thread - 1] INFO  impl.RaftServerProxy (RaftServerProxy.java:lambda$start$3(304)) - 56c3813c-334a-40eb-9390-9dfad9ae58fa: start RPC server
2020-09-24 01:54:55,474 [Datanode State Machine Task Thread - 1] INFO  server.GrpcService (GrpcService.java:startImpl(177)) - 56c3813c-334a-40eb-9390-9dfad9ae58fa: GrpcService started, listening on 0.0.0.0/0.0.0.0:39383
2020-09-24 01:54:55,474 [Datanode State Machine Task Thread - 1] INFO  ratis.XceiverServerRatis (XceiverServerRatis.java:start(452)) - XceiverServerRatis 56c3813c-334a-40eb-9390-9dfad9ae58fa is started using port 39383
2020-09-24 01:54:55,476 [Datanode State Machine Task Thread - 1] INFO  server.XceiverServerGrpc (XceiverServerGrpc.java:start(145)) - XceiverServerGrpc 56c3813c-334a-40eb-9390-9dfad9ae58fa is started using port 38629
2020-09-24 01:54:55,694 [Datanode State Machine Task Thread - 1] INFO  ozoneimpl.OzoneContainer (OzoneContainer.java:start(245)) - Attempting to start container services.
2020-09-24 01:54:55,695 [Datanode State Machine Task Thread - 1] INFO  ozoneimpl.OzoneContainer (OzoneContainer.java:startContainerScrub(209)) - Background container scanner has been disabled.
2020-09-24 01:54:55,695 [Datanode State Machine Task Thread - 1] INFO  ratis.XceiverServerRatis (XceiverServerRatis.java:start(440)) - Starting XceiverServerRatis 406dfbef-c5e7-4177-bf53-4490cddee952 at port 0
2020-09-24 01:54:55,696 [Datanode State Machine Task Thread - 1] INFO  impl.RaftServerProxy (RaftServerProxy.java:lambda$start$3(304)) - 406dfbef-c5e7-4177-bf53-4490cddee952: start RPC server
2020-09-24 01:54:55,710 [Datanode State Machine Task Thread - 1] INFO  server.GrpcService (GrpcService.java:startImpl(177)) - 406dfbef-c5e7-4177-bf53-4490cddee952: GrpcService started, listening on 0.0.0.0/0.0.0.0:43517
2020-09-24 01:54:55,710 [Datanode State Machine Task Thread - 1] INFO  ratis.XceiverServerRatis (XceiverServerRatis.java:start(452)) - XceiverServerRatis 406dfbef-c5e7-4177-bf53-4490cddee952 is started using port 43517
2020-09-24 01:54:55,712 [Datanode State Machine Task Thread - 1] INFO  server.XceiverServerGrpc (XceiverServerGrpc.java:start(145)) - XceiverServerGrpc 406dfbef-c5e7-4177-bf53-4490cddee952 is started using port 44799
2020-09-24 01:54:55,895 [Datanode State Machine Task Thread - 1] INFO  ozoneimpl.OzoneContainer (OzoneContainer.java:start(245)) - Attempting to start container services.
2020-09-24 01:54:55,895 [Datanode State Machine Task Thread - 1] INFO  ozoneimpl.OzoneContainer (OzoneContainer.java:startContainerScrub(209)) - Background container scanner has been disabled.
2020-09-24 01:54:55,895 [Datanode State Machine Task Thread - 1] INFO  ratis.XceiverServerRatis (XceiverServerRatis.java:start(440)) - Starting XceiverServerRatis 7748a852-53b3-4637-93dd-12b9afba0c46 at port 0
2020-09-24 01:54:55,896 [Datanode State Machine Task Thread - 1] INFO  impl.RaftServerProxy (RaftServerProxy.java:lambda$start$3(304)) - 7748a852-53b3-4637-93dd-12b9afba0c46: start RPC server
2020-09-24 01:54:55,898 [Datanode State Machine Task Thread - 1] INFO  server.GrpcService (GrpcService.java:startImpl(177)) - 7748a852-53b3-4637-93dd-12b9afba0c46: GrpcService started, listening on 0.0.0.0/0.0.0.0:34301
2020-09-24 01:54:55,898 [Datanode State Machine Task Thread - 1] INFO  ratis.XceiverServerRatis (XceiverServerRatis.java:start(452)) - XceiverServerRatis 7748a852-53b3-4637-93dd-12b9afba0c46 is started using port 34301
2020-09-24 01:54:55,902 [Datanode State Machine Task Thread - 1] INFO  server.XceiverServerGrpc (XceiverServerGrpc.java:start(145)) - XceiverServerGrpc 7748a852-53b3-4637-93dd-12b9afba0c46 is started using port 43867
2020-09-24 01:54:56,115 [Listener at 127.0.0.1/33927] INFO  ozone.MiniOzoneClusterImpl (MiniOzoneClusterImpl.java:lambda$waitForClusterToBeReady$0(177)) - Waiting for nodes to be ready. Got 0 of 10 DN Heartbeats.
2020-09-24 01:54:56,115 [Listener at 127.0.0.1/33927] INFO  ozone.MiniOzoneClusterImpl (MiniOzoneClusterImpl.java:lambda$waitForClusterToBeReady$0(180)) - Waiting for cluster to exit safe mode
2020-09-24 01:54:56,138 [Datanode State Machine Task Thread - 1] INFO  ozoneimpl.OzoneContainer (OzoneContainer.java:start(245)) - Attempting to start container services.
2020-09-24 01:54:56,139 [Datanode State Machine Task Thread - 1] INFO  ozoneimpl.OzoneContainer (OzoneContainer.java:startContainerScrub(209)) - Background container scanner has been disabled.
2020-09-24 01:54:56,139 [Datanode State Machine Task Thread - 1] INFO  ratis.XceiverServerRatis (XceiverServerRatis.java:start(440)) - Starting XceiverServerRatis d59a1db7-8b20-4fe0-ae87-b395a7f2c928 at port 0
2020-09-24 01:54:56,139 [Datanode State Machine Task Thread - 1] INFO  impl.RaftServerProxy (RaftServerProxy.java:lambda$start$3(304)) - d59a1db7-8b20-4fe0-ae87-b395a7f2c928: start RPC server
2020-09-24 01:54:56,144 [Datanode State Machine Task Thread - 1] INFO  server.GrpcService (GrpcService.java:startImpl(177)) - d59a1db7-8b20-4fe0-ae87-b395a7f2c928: GrpcService started, listening on 0.0.0.0/0.0.0.0:41915
2020-09-24 01:54:56,145 [Datanode State Machine Task Thread - 1] INFO  ratis.XceiverServerRatis (XceiverServerRatis.java:start(452)) - XceiverServerRatis d59a1db7-8b20-4fe0-ae87-b395a7f2c928 is started using port 41915
2020-09-24 01:54:56,146 [Datanode State Machine Task Thread - 1] INFO  server.XceiverServerGrpc (XceiverServerGrpc.java:start(145)) - XceiverServerGrpc d59a1db7-8b20-4fe0-ae87-b395a7f2c928 is started using port 35579
2020-09-24 01:54:56,357 [Datanode State Machine Task Thread - 1] INFO  ozoneimpl.OzoneContainer (OzoneContainer.java:start(245)) - Attempting to start container services.
2020-09-24 01:54:56,357 [Datanode State Machine Task Thread - 1] INFO  ozoneimpl.OzoneContainer (OzoneContainer.java:startContainerScrub(209)) - Background container scanner has been disabled.
2020-09-24 01:54:56,357 [Datanode State Machine Task Thread - 1] INFO  ratis.XceiverServerRatis (XceiverServerRatis.java:start(440)) - Starting XceiverServerRatis 5712f1a9-18f2-4cab-a185-faf0697ed33e at port 0
2020-09-24 01:54:56,361 [Datanode State Machine Task Thread - 1] INFO  impl.RaftServerProxy (RaftServerProxy.java:lambda$start$3(304)) - 5712f1a9-18f2-4cab-a185-faf0697ed33e: start RPC server
2020-09-24 01:54:56,363 [Datanode State Machine Task Thread - 1] INFO  server.GrpcService (GrpcService.java:startImpl(177)) - 5712f1a9-18f2-4cab-a185-faf0697ed33e: GrpcService started, listening on 0.0.0.0/0.0.0.0:42927
2020-09-24 01:54:56,364 [Datanode State Machine Task Thread - 1] INFO  ratis.XceiverServerRatis (XceiverServerRatis.java:start(452)) - XceiverServerRatis 5712f1a9-18f2-4cab-a185-faf0697ed33e is started using port 42927
2020-09-24 01:54:56,365 [Datanode State Machine Task Thread - 1] INFO  server.XceiverServerGrpc (XceiverServerGrpc.java:start(145)) - XceiverServerGrpc 5712f1a9-18f2-4cab-a185-faf0697ed33e is started using port 37551
2020-09-24 01:54:56,549 [Datanode State Machine Task Thread - 1] INFO  ozoneimpl.OzoneContainer (OzoneContainer.java:start(245)) - Attempting to start container services.
2020-09-24 01:54:56,549 [Datanode State Machine Task Thread - 1] INFO  ozoneimpl.OzoneContainer (OzoneContainer.java:startContainerScrub(209)) - Background container scanner has been disabled.
2020-09-24 01:54:56,549 [Datanode State Machine Task Thread - 1] INFO  ratis.XceiverServerRatis (XceiverServerRatis.java:start(440)) - Starting XceiverServerRatis 18c0de85-0867-48b2-8841-4fe3f9428ea9 at port 0
2020-09-24 01:54:56,553 [Datanode State Machine Task Thread - 1] INFO  impl.RaftServerProxy (RaftServerProxy.java:lambda$start$3(304)) - 18c0de85-0867-48b2-8841-4fe3f9428ea9: start RPC server
2020-09-24 01:54:56,554 [Datanode State Machine Task Thread - 1] INFO  server.GrpcService (GrpcService.java:startImpl(177)) - 18c0de85-0867-48b2-8841-4fe3f9428ea9: GrpcService started, listening on 0.0.0.0/0.0.0.0:33989
2020-09-24 01:54:56,555 [Datanode State Machine Task Thread - 1] INFO  ratis.XceiverServerRatis (XceiverServerRatis.java:start(452)) - XceiverServerRatis 18c0de85-0867-48b2-8841-4fe3f9428ea9 is started using port 33989
2020-09-24 01:54:56,556 [Datanode State Machine Task Thread - 1] INFO  server.XceiverServerGrpc (XceiverServerGrpc.java:start(145)) - XceiverServerGrpc 18c0de85-0867-48b2-8841-4fe3f9428ea9 is started using port 43611
2020-09-24 01:54:56,743 [Datanode State Machine Task Thread - 1] INFO  ozoneimpl.OzoneContainer (OzoneContainer.java:start(245)) - Attempting to start container services.
2020-09-24 01:54:56,743 [Datanode State Machine Task Thread - 1] INFO  ozoneimpl.OzoneContainer (OzoneContainer.java:startContainerScrub(209)) - Background container scanner has been disabled.
2020-09-24 01:54:56,743 [Datanode State Machine Task Thread - 1] INFO  ratis.XceiverServerRatis (XceiverServerRatis.java:start(440)) - Starting XceiverServerRatis c29e2c06-6c20-4bb4-83a6-e86bd9f7742c at port 0
2020-09-24 01:54:56,744 [Datanode State Machine Task Thread - 1] INFO  impl.RaftServerProxy (RaftServerProxy.java:lambda$start$3(304)) - c29e2c06-6c20-4bb4-83a6-e86bd9f7742c: start RPC server
2020-09-24 01:54:56,746 [Datanode State Machine Task Thread - 1] INFO  server.GrpcService (GrpcService.java:startImpl(177)) - c29e2c06-6c20-4bb4-83a6-e86bd9f7742c: GrpcService started, listening on 0.0.0.0/0.0.0.0:43823
2020-09-24 01:54:56,746 [Datanode State Machine Task Thread - 1] INFO  ratis.XceiverServerRatis (XceiverServerRatis.java:start(452)) - XceiverServerRatis c29e2c06-6c20-4bb4-83a6-e86bd9f7742c is started using port 43823
2020-09-24 01:54:56,749 [Datanode State Machine Task Thread - 1] INFO  server.XceiverServerGrpc (XceiverServerGrpc.java:start(145)) - XceiverServerGrpc c29e2c06-6c20-4bb4-83a6-e86bd9f7742c is started using port 45611
2020-09-24 01:54:56,932 [Datanode State Machine Task Thread - 1] INFO  ozoneimpl.OzoneContainer (OzoneContainer.java:start(245)) - Attempting to start container services.
2020-09-24 01:54:56,932 [Datanode State Machine Task Thread - 1] INFO  ozoneimpl.OzoneContainer (OzoneContainer.java:startContainerScrub(209)) - Background container scanner has been disabled.
2020-09-24 01:54:56,932 [Datanode State Machine Task Thread - 1] INFO  ratis.XceiverServerRatis (XceiverServerRatis.java:start(440)) - Starting XceiverServerRatis 78015d65-121d-4994-9669-78a2c4afb989 at port 0
2020-09-24 01:54:56,936 [Datanode State Machine Task Thread - 1] INFO  impl.RaftServerProxy (RaftServerProxy.java:lambda$start$3(304)) - 78015d65-121d-4994-9669-78a2c4afb989: start RPC server
2020-09-24 01:54:56,938 [Datanode State Machine Task Thread - 1] INFO  server.GrpcService (GrpcService.java:startImpl(177)) - 78015d65-121d-4994-9669-78a2c4afb989: GrpcService started, listening on 0.0.0.0/0.0.0.0:37781
2020-09-24 01:54:56,938 [Datanode State Machine Task Thread - 1] INFO  ratis.XceiverServerRatis (XceiverServerRatis.java:start(452)) - XceiverServerRatis 78015d65-121d-4994-9669-78a2c4afb989 is started using port 37781
2020-09-24 01:54:56,939 [Datanode State Machine Task Thread - 1] INFO  server.XceiverServerGrpc (XceiverServerGrpc.java:start(145)) - XceiverServerGrpc 78015d65-121d-4994-9669-78a2c4afb989 is started using port 45707
2020-09-24 01:54:57,116 [Listener at 127.0.0.1/33927] INFO  ozone.MiniOzoneClusterImpl (MiniOzoneClusterImpl.java:lambda$waitForClusterToBeReady$0(177)) - Waiting for nodes to be ready. Got 0 of 10 DN Heartbeats.
2020-09-24 01:54:57,116 [Listener at 127.0.0.1/33927] INFO  ozone.MiniOzoneClusterImpl (MiniOzoneClusterImpl.java:lambda$waitForClusterToBeReady$0(180)) - Waiting for cluster to exit safe mode
2020-09-24 01:54:57,120 [Datanode State Machine Task Thread - 1] INFO  ozoneimpl.OzoneContainer (OzoneContainer.java:start(245)) - Attempting to start container services.
2020-09-24 01:54:57,120 [Datanode State Machine Task Thread - 1] INFO  ozoneimpl.OzoneContainer (OzoneContainer.java:startContainerScrub(209)) - Background container scanner has been disabled.
2020-09-24 01:54:57,120 [Datanode State Machine Task Thread - 1] INFO  ratis.XceiverServerRatis (XceiverServerRatis.java:start(440)) - Starting XceiverServerRatis d28c77d4-67bc-44f6-bd29-5ab6913a6c40 at port 0
2020-09-24 01:54:57,120 [Datanode State Machine Task Thread - 1] INFO  impl.RaftServerProxy (RaftServerProxy.java:lambda$start$3(304)) - d28c77d4-67bc-44f6-bd29-5ab6913a6c40: start RPC server
2020-09-24 01:54:57,122 [Datanode State Machine Task Thread - 1] INFO  server.GrpcService (GrpcService.java:startImpl(177)) - d28c77d4-67bc-44f6-bd29-5ab6913a6c40: GrpcService started, listening on 0.0.0.0/0.0.0.0:40587
2020-09-24 01:54:57,122 [Datanode State Machine Task Thread - 1] INFO  ratis.XceiverServerRatis (XceiverServerRatis.java:start(452)) - XceiverServerRatis d28c77d4-67bc-44f6-bd29-5ab6913a6c40 is started using port 40587
2020-09-24 01:54:57,127 [Datanode State Machine Task Thread - 1] INFO  server.XceiverServerGrpc (XceiverServerGrpc.java:start(145)) - XceiverServerGrpc d28c77d4-67bc-44f6-bd29-5ab6913a6c40 is started using port 36223
2020-09-24 01:54:57,170 [IPC Server handler 18 on default port 35493] INFO  net.NetworkTopologyImpl (NetworkTopologyImpl.java:add(111)) - Added a new node: /default-rack/80e000f3-57fe-409f-8b55-0def8c2cb3ea
2020-09-24 01:54:57,171 [IPC Server handler 18 on default port 35493] INFO  node.SCMNodeManager (SCMNodeManager.java:register(274)) - Registered Data node : 80e000f3-57fe-409f-8b55-0def8c2cb3ea{ip: 172.17.0.2, host: 25c36af82c1d, networkLocation: /default-rack, certSerialId: null}
2020-09-24 01:54:57,176 [EventQueue-NodeRegistrationContainerReportForDataNodeSafeModeRule] INFO  safemode.SCMSafeModeManager (DataNodeSafeModeRule.java:process(71)) - SCM in safe mode. 1 DataNodes registered, 1 required.
2020-09-24 01:54:57,177 [EventQueue-NodeRegistrationContainerReportForDataNodeSafeModeRule] INFO  safemode.SCMSafeModeManager (SCMSafeModeManager.java:validateSafeModeExitRules(214)) - DataNodeSafeModeRule rule is successfully validated
2020-09-24 01:54:57,177 [EventQueue-NodeRegistrationContainerReportForDataNodeSafeModeRule] INFO  safemode.SCMSafeModeManager (SCMSafeModeManager.java:completePreCheck(242)) - All SCM safe mode pre check rules have passed
2020-09-24 01:54:57,184 [EventQueue-NodeRegistrationContainerReportForContainerSafeModeRule] INFO  safemode.SCMSafeModeManager (SCMSafeModeManager.java:validateSafeModeExitRules(214)) - ContainerSafeModeRule rule is successfully validated
2020-09-24 01:54:57,186 [RatisPipelineUtilsThread] INFO  pipeline.RatisPipelineProvider (RatisPipelineProvider.java:lambda$create$0(138)) - Sending CreatePipelineCommand for pipeline:PipelineID=ce6b31f2-925b-4f6d-b9d1-d03bd599471a to datanode:80e000f3-57fe-409f-8b55-0def8c2cb3ea
2020-09-24 01:54:57,199 [RatisPipelineUtilsThread] INFO  pipeline.PipelineStateManager (PipelineStateManager.java:addPipeline(54)) - Created pipeline Pipeline[ Id: ce6b31f2-925b-4f6d-b9d1-d03bd599471a, Nodes: 80e000f3-57fe-409f-8b55-0def8c2cb3ea{ip: 172.17.0.2, host: 25c36af82c1d, networkLocation: /default-rack, certSerialId: null}, Type:RATIS, Factor:ONE, State:ALLOCATED, leaderId:, CreationTimestamp2020-09-24T01:54:57.181Z]
2020-09-24 01:54:57,201 [RatisPipelineUtilsThread] WARN  pipeline.PipelinePlacementPolicy (PipelinePlacementPolicy.java:filterViableNodes(139)) - Pipeline creation failed due to no sufficient healthy datanodes. Required 3. Found 1.
2020-09-24 01:54:57,461 [IPC Server handler 17 on default port 35493] INFO  net.NetworkTopologyImpl (NetworkTopologyImpl.java:add(111)) - Added a new node: /default-rack/56c3813c-334a-40eb-9390-9dfad9ae58fa
2020-09-24 01:54:57,461 [IPC Server handler 17 on default port 35493] INFO  node.SCMNodeManager (SCMNodeManager.java:register(274)) - Registered Data node : 56c3813c-334a-40eb-9390-9dfad9ae58fa{ip: 172.17.0.2, host: 25c36af82c1d, networkLocation: /default-rack, certSerialId: null}
2020-09-24 01:54:57,462 [EventQueue-NodeRegistrationContainerReportForDataNodeSafeModeRule] INFO  safemode.SCMSafeModeManager (SCMSafeModeManager.java:validateSafeModeExitRules(214)) - DataNodeSafeModeRule rule is successfully validated
2020-09-24 01:54:57,462 [EventQueue-NodeRegistrationContainerReportForContainerSafeModeRule] INFO  safemode.SCMSafeModeManager (SCMSafeModeManager.java:validateSafeModeExitRules(214)) - ContainerSafeModeRule rule is successfully validated
2020-09-24 01:54:57,464 [RatisPipelineUtilsThread] INFO  pipeline.RatisPipelineProvider (RatisPipelineProvider.java:lambda$create$0(138)) - Sending CreatePipelineCommand for pipeline:PipelineID=00e68965-944a-4048-8bf7-15ce6f61ce9b to datanode:56c3813c-334a-40eb-9390-9dfad9ae58fa
2020-09-24 01:54:57,464 [RatisPipelineUtilsThread] INFO  pipeline.PipelineStateManager (PipelineStateManager.java:addPipeline(54)) - Created pipeline Pipeline[ Id: 00e68965-944a-4048-8bf7-15ce6f61ce9b, Nodes: 56c3813c-334a-40eb-9390-9dfad9ae58fa{ip: 172.17.0.2, host: 25c36af82c1d, networkLocation: /default-rack, certSerialId: null}, Type:RATIS, Factor:ONE, State:ALLOCATED, leaderId:, CreationTimestamp2020-09-24T01:54:57.464Z]
2020-09-24 01:54:57,464 [RatisPipelineUtilsThread] WARN  pipeline.PipelinePlacementPolicy (PipelinePlacementPolicy.java:filterViableNodes(139)) - Pipeline creation failed due to no sufficient healthy datanodes. Required 3. Found 2.
2020-09-24 01:54:57,694 [IPC Server handler 15 on default port 35493] INFO  net.NetworkTopologyImpl (NetworkTopologyImpl.java:add(111)) - Added a new node: /default-rack/406dfbef-c5e7-4177-bf53-4490cddee952
2020-09-24 01:54:57,694 [IPC Server handler 15 on default port 35493] INFO  node.SCMNodeManager (SCMNodeManager.java:register(274)) - Registered Data node : 406dfbef-c5e7-4177-bf53-4490cddee952{ip: 172.17.0.2, host: 25c36af82c1d, networkLocation: /default-rack, certSerialId: null}
2020-09-24 01:54:57,695 [RatisPipelineUtilsThread] INFO  pipeline.RatisPipelineProvider (RatisPipelineProvider.java:lambda$create$0(138)) - Sending CreatePipelineCommand for pipeline:PipelineID=ac433a11-dda1-4644-a6b9-2778cea97a70 to datanode:406dfbef-c5e7-4177-bf53-4490cddee952
2020-09-24 01:54:57,695 [EventQueue-NodeRegistrationContainerReportForDataNodeSafeModeRule] INFO  safemode.SCMSafeModeManager (SCMSafeModeManager.java:validateSafeModeExitRules(214)) - DataNodeSafeModeRule rule is successfully validated
2020-09-24 01:54:57,695 [EventQueue-NodeRegistrationContainerReportForContainerSafeModeRule] INFO  safemode.SCMSafeModeManager (SCMSafeModeManager.java:validateSafeModeExitRules(214)) - ContainerSafeModeRule rule is successfully validated
2020-09-24 01:54:57,695 [RatisPipelineUtilsThread] INFO  pipeline.PipelineStateManager (PipelineStateManager.java:addPipeline(54)) - Created pipeline Pipeline[ Id: ac433a11-dda1-4644-a6b9-2778cea97a70, Nodes: 406dfbef-c5e7-4177-bf53-4490cddee952{ip: 172.17.0.2, host: 25c36af82c1d, networkLocation: /default-rack, certSerialId: null}, Type:RATIS, Factor:ONE, State:ALLOCATED, leaderId:, CreationTimestamp2020-09-24T01:54:57.695Z]
2020-09-24 01:54:57,699 [RatisPipelineUtilsThread] INFO  pipeline.RatisPipelineProvider (RatisPipelineProvider.java:lambda$create$0(138)) - Sending CreatePipelineCommand for pipeline:PipelineID=dc9ecf6b-275b-4189-acb4-828fcac9cd85 to datanode:56c3813c-334a-40eb-9390-9dfad9ae58fa
2020-09-24 01:54:57,699 [RatisPipelineUtilsThread] INFO  pipeline.RatisPipelineProvider (RatisPipelineProvider.java:lambda$create$0(138)) - Sending CreatePipelineCommand for pipeline:PipelineID=dc9ecf6b-275b-4189-acb4-828fcac9cd85 to datanode:406dfbef-c5e7-4177-bf53-4490cddee952
2020-09-24 01:54:57,699 [RatisPipelineUtilsThread] INFO  pipeline.RatisPipelineProvider (RatisPipelineProvider.java:lambda$create$0(138)) - Sending CreatePipelineCommand for pipeline:PipelineID=dc9ecf6b-275b-4189-acb4-828fcac9cd85 to datanode:80e000f3-57fe-409f-8b55-0def8c2cb3ea
2020-09-24 01:54:57,703 [RatisPipelineUtilsThread] INFO  pipeline.PipelineStateManager (PipelineStateManager.java:addPipeline(54)) - Created pipeline Pipeline[ Id: dc9ecf6b-275b-4189-acb4-828fcac9cd85, Nodes: 56c3813c-334a-40eb-9390-9dfad9ae58fa{ip: 172.17.0.2, host: 25c36af82c1d, networkLocation: /default-rack, certSerialId: null}406dfbef-c5e7-4177-bf53-4490cddee952{ip: 172.17.0.2, host: 25c36af82c1d, networkLocation: /default-rack, certSerialId: null}80e000f3-57fe-409f-8b55-0def8c2cb3ea{ip: 172.17.0.2, host: 25c36af82c1d, networkLocation: /default-rack, certSerialId: null}, Type:RATIS, Factor:THREE, State:ALLOCATED, leaderId:, CreationTimestamp2020-09-24T01:54:57.699Z]
2020-09-24 01:54:57,892 [IPC Server handler 14 on default port 35493] INFO  net.NetworkTopologyImpl (NetworkTopologyImpl.java:add(111)) - Added a new node: /default-rack/7748a852-53b3-4637-93dd-12b9afba0c46
2020-09-24 01:54:57,893 [IPC Server handler 14 on default port 35493] INFO  node.SCMNodeManager (SCMNodeManager.java:register(274)) - Registered Data node : 7748a852-53b3-4637-93dd-12b9afba0c46{ip: 172.17.0.2, host: 25c36af82c1d, networkLocation: /default-rack, certSerialId: null}
2020-09-24 01:54:57,893 [EventQueue-NodeRegistrationContainerReportForDataNodeSafeModeRule] INFO  safemode.SCMSafeModeManager (SCMSafeModeManager.java:validateSafeModeExitRules(214)) - DataNodeSafeModeRule rule is successfully validated
2020-09-24 01:54:57,893 [RatisPipelineUtilsThread] INFO  pipeline.RatisPipelineProvider (RatisPipelineProvider.java:lambda$create$0(138)) - Sending CreatePipelineCommand for pipeline:PipelineID=6f79bd6c-df58-461c-ad28-6d9381bb9bfd to datanode:7748a852-53b3-4637-93dd-12b9afba0c46
2020-09-24 01:54:57,894 [EventQueue-NodeRegistrationContainerReportForContainerSafeModeRule] INFO  safemode.SCMSafeModeManager (SCMSafeModeManager.java:validateSafeModeExitRules(214)) - ContainerSafeModeRule rule is successfully validated
2020-09-24 01:54:57,895 [RatisPipelineUtilsThread] INFO  pipeline.PipelineStateManager (PipelineStateManager.java:addPipeline(54)) - Created pipeline Pipeline[ Id: 6f79bd6c-df58-461c-ad28-6d9381bb9bfd, Nodes: 7748a852-53b3-4637-93dd-12b9afba0c46{ip: 172.17.0.2, host: 25c36af82c1d, networkLocation: /default-rack, certSerialId: null}, Type:RATIS, Factor:ONE, State:ALLOCATED, leaderId:, CreationTimestamp2020-09-24T01:54:57.893Z]
2020-09-24 01:54:58,116 [Listener at 127.0.0.1/33927] INFO  ozone.MiniOzoneClusterImpl (MiniOzoneClusterImpl.java:lambda$waitForClusterToBeReady$0(177)) - Waiting for nodes to be ready. Got 4 of 10 DN Heartbeats.
2020-09-24 01:54:58,116 [Listener at 127.0.0.1/33927] INFO  ozone.MiniOzoneClusterImpl (MiniOzoneClusterImpl.java:lambda$waitForClusterToBeReady$0(180)) - Waiting for cluster to exit safe mode
2020-09-24 01:54:58,137 [IPC Server handler 18 on default port 35493] INFO  net.NetworkTopologyImpl (NetworkTopologyImpl.java:add(111)) - Added a new node: /default-rack/d59a1db7-8b20-4fe0-ae87-b395a7f2c928
2020-09-24 01:54:58,137 [IPC Server handler 18 on default port 35493] INFO  node.SCMNodeManager (SCMNodeManager.java:register(274)) - Registered Data node : d59a1db7-8b20-4fe0-ae87-b395a7f2c928{ip: 172.17.0.2, host: 25c36af82c1d, networkLocation: /default-rack, certSerialId: null}
2020-09-24 01:54:58,138 [EventQueue-NodeRegistrationContainerReportForDataNodeSafeModeRule] INFO  safemode.SCMSafeModeManager (SCMSafeModeManager.java:validateSafeModeExitRules(214)) - DataNodeSafeModeRule rule is successfully validated
2020-09-24 01:54:58,138 [EventQueue-NodeRegistrationContainerReportForContainerSafeModeRule] INFO  safemode.SCMSafeModeManager (SCMSafeModeManager.java:validateSafeModeExitRules(214)) - ContainerSafeModeRule rule is successfully validated
2020-09-24 01:54:58,139 [RatisPipelineUtilsThread] INFO  pipeline.RatisPipelineProvider (RatisPipelineProvider.java:lambda$create$0(138)) - Sending CreatePipelineCommand for pipeline:PipelineID=0ba8fe76-0f89-4057-9187-6b2baa296b60 to datanode:d59a1db7-8b20-4fe0-ae87-b395a7f2c928
2020-09-24 01:54:58,139 [RatisPipelineUtilsThread] INFO  pipeline.PipelineStateManager (PipelineStateManager.java:addPipeline(54)) - Created pipeline Pipeline[ Id: 0ba8fe76-0f89-4057-9187-6b2baa296b60, Nodes: d59a1db7-8b20-4fe0-ae87-b395a7f2c928{ip: 172.17.0.2, host: 25c36af82c1d, networkLocation: /default-rack, certSerialId: null}, Type:RATIS, Factor:ONE, State:ALLOCATED, leaderId:, CreationTimestamp2020-09-24T01:54:58.139Z]
2020-09-24 01:54:58,355 [IPC Server handler 17 on default port 35493] INFO  net.NetworkTopologyImpl (NetworkTopologyImpl.java:add(111)) - Added a new node: /default-rack/5712f1a9-18f2-4cab-a185-faf0697ed33e
2020-09-24 01:54:58,355 [IPC Server handler 17 on default port 35493] INFO  node.SCMNodeManager (SCMNodeManager.java:register(274)) - Registered Data node : 5712f1a9-18f2-4cab-a185-faf0697ed33e{ip: 172.17.0.2, host: 25c36af82c1d, networkLocation: /default-rack, certSerialId: null}
2020-09-24 01:54:58,355 [EventQueue-NodeRegistrationContainerReportForDataNodeSafeModeRule] INFO  safemode.SCMSafeModeManager (SCMSafeModeManager.java:validateSafeModeExitRules(214)) - DataNodeSafeModeRule rule is successfully validated
2020-09-24 01:54:58,356 [EventQueue-NodeRegistrationContainerReportForContainerSafeModeRule] INFO  safemode.SCMSafeModeManager (SCMSafeModeManager.java:validateSafeModeExitRules(214)) - ContainerSafeModeRule rule is successfully validated
2020-09-24 01:54:58,356 [RatisPipelineUtilsThread] INFO  pipeline.RatisPipelineProvider (RatisPipelineProvider.java:lambda$create$0(138)) - Sending CreatePipelineCommand for pipeline:PipelineID=b52c5565-7abe-4bfe-9b1c-2f8836e60d5c to datanode:5712f1a9-18f2-4cab-a185-faf0697ed33e
2020-09-24 01:54:58,357 [RatisPipelineUtilsThread] INFO  pipeline.PipelineStateManager (PipelineStateManager.java:addPipeline(54)) - Created pipeline Pipeline[ Id: b52c5565-7abe-4bfe-9b1c-2f8836e60d5c, Nodes: 5712f1a9-18f2-4cab-a185-faf0697ed33e{ip: 172.17.0.2, host: 25c36af82c1d, networkLocation: /default-rack, certSerialId: null}, Type:RATIS, Factor:ONE, State:ALLOCATED, leaderId:, CreationTimestamp2020-09-24T01:54:58.356Z]
2020-09-24 01:54:58,357 [RatisPipelineUtilsThread] INFO  pipeline.RatisPipelineProvider (RatisPipelineProvider.java:lambda$create$0(138)) - Sending CreatePipelineCommand for pipeline:PipelineID=6dbb3e4c-ab38-4a1d-ad64-f3b1b5f70853 to datanode:d59a1db7-8b20-4fe0-ae87-b395a7f2c928
2020-09-24 01:54:58,358 [RatisPipelineUtilsThread] INFO  pipeline.RatisPipelineProvider (RatisPipelineProvider.java:lambda$create$0(138)) - Sending CreatePipelineCommand for pipeline:PipelineID=6dbb3e4c-ab38-4a1d-ad64-f3b1b5f70853 to datanode:7748a852-53b3-4637-93dd-12b9afba0c46
2020-09-24 01:54:58,358 [RatisPipelineUtilsThread] INFO  pipeline.RatisPipelineProvider (RatisPipelineProvider.java:lambda$create$0(138)) - Sending CreatePipelineCommand for pipeline:PipelineID=6dbb3e4c-ab38-4a1d-ad64-f3b1b5f70853 to datanode:5712f1a9-18f2-4cab-a185-faf0697ed33e
2020-09-24 01:54:58,359 [RatisPipelineUtilsThread] INFO  pipeline.PipelineStateManager (PipelineStateManager.java:addPipeline(54)) - Created pipeline Pipeline[ Id: 6dbb3e4c-ab38-4a1d-ad64-f3b1b5f70853, Nodes: d59a1db7-8b20-4fe0-ae87-b395a7f2c928{ip: 172.17.0.2, host: 25c36af82c1d, networkLocation: /default-rack, certSerialId: null}7748a852-53b3-4637-93dd-12b9afba0c46{ip: 172.17.0.2, host: 25c36af82c1d, networkLocation: /default-rack, certSerialId: null}5712f1a9-18f2-4cab-a185-faf0697ed33e{ip: 172.17.0.2, host: 25c36af82c1d, networkLocation: /default-rack, certSerialId: null}, Type:RATIS, Factor:THREE, State:ALLOCATED, leaderId:, CreationTimestamp2020-09-24T01:54:58.357Z]
2020-09-24 01:54:58,547 [IPC Server handler 15 on default port 35493] INFO  net.NetworkTopologyImpl (NetworkTopologyImpl.java:add(111)) - Added a new node: /default-rack/18c0de85-0867-48b2-8841-4fe3f9428ea9
2020-09-24 01:54:58,548 [IPC Server handler 15 on default port 35493] INFO  node.SCMNodeManager (SCMNodeManager.java:register(274)) - Registered Data node : 18c0de85-0867-48b2-8841-4fe3f9428ea9{ip: 172.17.0.2, host: 25c36af82c1d, networkLocation: /default-rack, certSerialId: null}
2020-09-24 01:54:58,549 [EventQueue-NodeRegistrationContainerReportForDataNodeSafeModeRule] INFO  safemode.SCMSafeModeManager (SCMSafeModeManager.java:validateSafeModeExitRules(214)) - DataNodeSafeModeRule rule is successfully validated
2020-09-24 01:54:58,550 [EventQueue-NodeRegistrationContainerReportForContainerSafeModeRule] INFO  safemode.SCMSafeModeManager (SCMSafeModeManager.java:validateSafeModeExitRules(214)) - ContainerSafeModeRule rule is successfully validated
2020-09-24 01:54:58,549 [RatisPipelineUtilsThread] INFO  pipeline.RatisPipelineProvider (RatisPipelineProvider.java:lambda$create$0(138)) - Sending CreatePipelineCommand for pipeline:PipelineID=16f764bd-e9ec-4b86-9c5a-aebfdb85b136 to datanode:18c0de85-0867-48b2-8841-4fe3f9428ea9
2020-09-24 01:54:58,551 [RatisPipelineUtilsThread] INFO  pipeline.PipelineStateManager (PipelineStateManager.java:addPipeline(54)) - Created pipeline Pipeline[ Id: 16f764bd-e9ec-4b86-9c5a-aebfdb85b136, Nodes: 18c0de85-0867-48b2-8841-4fe3f9428ea9{ip: 172.17.0.2, host: 25c36af82c1d, networkLocation: /default-rack, certSerialId: null}, Type:RATIS, Factor:ONE, State:ALLOCATED, leaderId:, CreationTimestamp2020-09-24T01:54:58.549Z]
2020-09-24 01:54:58,742 [IPC Server handler 14 on default port 35493] INFO  net.NetworkTopologyImpl (NetworkTopologyImpl.java:add(111)) - Added a new node: /default-rack/c29e2c06-6c20-4bb4-83a6-e86bd9f7742c
2020-09-24 01:54:58,742 [IPC Server handler 14 on default port 35493] INFO  node.SCMNodeManager (SCMNodeManager.java:register(274)) - Registered Data node : c29e2c06-6c20-4bb4-83a6-e86bd9f7742c{ip: 172.17.0.2, host: 25c36af82c1d, networkLocation: /default-rack, certSerialId: null}
2020-09-24 01:54:58,743 [RatisPipelineUtilsThread] INFO  pipeline.RatisPipelineProvider (RatisPipelineProvider.java:lambda$create$0(138)) - Sending CreatePipelineCommand for pipeline:PipelineID=ddebc122-42b6-4992-bd34-3d8ce10a4a6c to datanode:c29e2c06-6c20-4bb4-83a6-e86bd9f7742c
2020-09-24 01:54:58,743 [EventQueue-NodeRegistrationContainerReportForDataNodeSafeModeRule] INFO  safemode.SCMSafeModeManager (SCMSafeModeManager.java:validateSafeModeExitRules(214)) - DataNodeSafeModeRule rule is successfully validated
2020-09-24 01:54:58,743 [EventQueue-NodeRegistrationContainerReportForContainerSafeModeRule] INFO  safemode.SCMSafeModeManager (SCMSafeModeManager.java:validateSafeModeExitRules(214)) - ContainerSafeModeRule rule is successfully validated
2020-09-24 01:54:58,744 [RatisPipelineUtilsThread] INFO  pipeline.PipelineStateManager (PipelineStateManager.java:addPipeline(54)) - Created pipeline Pipeline[ Id: ddebc122-42b6-4992-bd34-3d8ce10a4a6c, Nodes: c29e2c06-6c20-4bb4-83a6-e86bd9f7742c{ip: 172.17.0.2, host: 25c36af82c1d, networkLocation: /default-rack, certSerialId: null}, Type:RATIS, Factor:ONE, State:ALLOCATED, leaderId:, CreationTimestamp2020-09-24T01:54:58.743Z]
2020-09-24 01:54:58,931 [IPC Server handler 13 on default port 35493] INFO  net.NetworkTopologyImpl (NetworkTopologyImpl.java:add(111)) - Added a new node: /default-rack/78015d65-121d-4994-9669-78a2c4afb989
2020-09-24 01:54:58,932 [IPC Server handler 13 on default port 35493] INFO  node.SCMNodeManager (SCMNodeManager.java:register(274)) - Registered Data node : 78015d65-121d-4994-9669-78a2c4afb989{ip: 172.17.0.2, host: 25c36af82c1d, networkLocation: /default-rack, certSerialId: null}
2020-09-24 01:54:58,933 [EventQueue-NodeRegistrationContainerReportForDataNodeSafeModeRule] INFO  safemode.SCMSafeModeManager (SCMSafeModeManager.java:validateSafeModeExitRules(214)) - DataNodeSafeModeRule rule is successfully validated
2020-09-24 01:54:58,933 [EventQueue-NodeRegistrationContainerReportForContainerSafeModeRule] INFO  safemode.SCMSafeModeManager (SCMSafeModeManager.java:validateSafeModeExitRules(214)) - ContainerSafeModeRule rule is successfully validated
2020-09-24 01:54:58,933 [RatisPipelineUtilsThread] INFO  pipeline.RatisPipelineProvider (RatisPipelineProvider.java:lambda$create$0(138)) - Sending CreatePipelineCommand for pipeline:PipelineID=eefe7cf3-994c-42d6-94eb-6e46ec5002a6 to datanode:78015d65-121d-4994-9669-78a2c4afb989
2020-09-24 01:54:58,934 [RatisPipelineUtilsThread] INFO  pipeline.PipelineStateManager (PipelineStateManager.java:addPipeline(54)) - Created pipeline Pipeline[ Id: eefe7cf3-994c-42d6-94eb-6e46ec5002a6, Nodes: 78015d65-121d-4994-9669-78a2c4afb989{ip: 172.17.0.2, host: 25c36af82c1d, networkLocation: /default-rack, certSerialId: null}, Type:RATIS, Factor:ONE, State:ALLOCATED, leaderId:, CreationTimestamp2020-09-24T01:54:58.933Z]
2020-09-24 01:54:58,934 [RatisPipelineUtilsThread] INFO  pipeline.RatisPipelineProvider (RatisPipelineProvider.java:lambda$create$0(138)) - Sending CreatePipelineCommand for pipeline:PipelineID=2cfa25bd-e7db-4ab1-80d0-ea3fb01f24c4 to datanode:78015d65-121d-4994-9669-78a2c4afb989
2020-09-24 01:54:58,934 [RatisPipelineUtilsThread] INFO  pipeline.RatisPipelineProvider (RatisPipelineProvider.java:lambda$create$0(138)) - Sending CreatePipelineCommand for pipeline:PipelineID=2cfa25bd-e7db-4ab1-80d0-ea3fb01f24c4 to datanode:18c0de85-0867-48b2-8841-4fe3f9428ea9
2020-09-24 01:54:58,935 [RatisPipelineUtilsThread] INFO  pipeline.RatisPipelineProvider (RatisPipelineProvider.java:lambda$create$0(138)) - Sending CreatePipelineCommand for pipeline:PipelineID=2cfa25bd-e7db-4ab1-80d0-ea3fb01f24c4 to datanode:c29e2c06-6c20-4bb4-83a6-e86bd9f7742c
2020-09-24 01:54:58,935 [RatisPipelineUtilsThread] INFO  pipeline.PipelineStateManager (PipelineStateManager.java:addPipeline(54)) - Created pipeline Pipeline[ Id: 2cfa25bd-e7db-4ab1-80d0-ea3fb01f24c4, Nodes: 78015d65-121d-4994-9669-78a2c4afb989{ip: 172.17.0.2, host: 25c36af82c1d, networkLocation: /default-rack, certSerialId: null}18c0de85-0867-48b2-8841-4fe3f9428ea9{ip: 172.17.0.2, host: 25c36af82c1d, networkLocation: /default-rack, certSerialId: null}c29e2c06-6c20-4bb4-83a6-e86bd9f7742c{ip: 172.17.0.2, host: 25c36af82c1d, networkLocation: /default-rack, certSerialId: null}, Type:RATIS, Factor:THREE, State:ALLOCATED, leaderId:, CreationTimestamp2020-09-24T01:54:58.934Z]
2020-09-24 01:54:59,117 [Listener at 127.0.0.1/33927] INFO  ozone.MiniOzoneClusterImpl (MiniOzoneClusterImpl.java:lambda$waitForClusterToBeReady$0(177)) - Waiting for nodes to be ready. Got 9 of 10 DN Heartbeats.
2020-09-24 01:54:59,117 [Listener at 127.0.0.1/33927] INFO  ozone.MiniOzoneClusterImpl (MiniOzoneClusterImpl.java:lambda$waitForClusterToBeReady$0(180)) - Waiting for cluster to exit safe mode
2020-09-24 01:54:59,120 [IPC Server handler 18 on default port 35493] INFO  net.NetworkTopologyImpl (NetworkTopologyImpl.java:add(111)) - Added a new node: /default-rack/d28c77d4-67bc-44f6-bd29-5ab6913a6c40
2020-09-24 01:54:59,123 [IPC Server handler 18 on default port 35493] INFO  node.SCMNodeManager (SCMNodeManager.java:register(274)) - Registered Data node : d28c77d4-67bc-44f6-bd29-5ab6913a6c40{ip: 172.17.0.2, host: 25c36af82c1d, networkLocation: /default-rack, certSerialId: null}
2020-09-24 01:54:59,123 [EventQueue-NodeRegistrationContainerReportForDataNodeSafeModeRule] INFO  safemode.SCMSafeModeManager (SCMSafeModeManager.java:validateSafeModeExitRules(214)) - DataNodeSafeModeRule rule is successfully validated
2020-09-24 01:54:59,123 [EventQueue-NodeRegistrationContainerReportForContainerSafeModeRule] INFO  safemode.SCMSafeModeManager (SCMSafeModeManager.java:validateSafeModeExitRules(214)) - ContainerSafeModeRule rule is successfully validated
2020-09-24 01:54:59,123 [RatisPipelineUtilsThread] INFO  pipeline.RatisPipelineProvider (RatisPipelineProvider.java:lambda$create$0(138)) - Sending CreatePipelineCommand for pipeline:PipelineID=a5756d09-2d45-425e-b6a1-4dfc454edc10 to datanode:d28c77d4-67bc-44f6-bd29-5ab6913a6c40
2020-09-24 01:54:59,124 [RatisPipelineUtilsThread] INFO  pipeline.PipelineStateManager (PipelineStateManager.java:addPipeline(54)) - Created pipeline Pipeline[ Id: a5756d09-2d45-425e-b6a1-4dfc454edc10, Nodes: d28c77d4-67bc-44f6-bd29-5ab6913a6c40{ip: 172.17.0.2, host: 25c36af82c1d, networkLocation: /default-rack, certSerialId: null}, Type:RATIS, Factor:ONE, State:ALLOCATED, leaderId:, CreationTimestamp2020-09-24T01:54:59.123Z]
2020-09-24 01:55:00,117 [Listener at 127.0.0.1/33927] INFO  ozone.MiniOzoneClusterImpl (MiniOzoneClusterImpl.java:lambda$waitForClusterToBeReady$0(177)) - Nodes are ready. Got 10 of 10 DN Heartbeats.
2020-09-24 01:55:00,117 [Listener at 127.0.0.1/33927] INFO  ozone.MiniOzoneClusterImpl (MiniOzoneClusterImpl.java:lambda$waitForClusterToBeReady$0(180)) - Waiting for cluster to exit safe mode
2020-09-24 01:55:00,162 [Command processor thread] INFO  impl.RaftServerProxy (RaftServerProxy.java:addNew(89)) - 80e000f3-57fe-409f-8b55-0def8c2cb3ea: addNew group-D03BD599471A:[80e000f3-57fe-409f-8b55-0def8c2cb3ea:172.17.0.2:43361:0] returns group-D03BD599471A:java.util.concurrent.CompletableFuture@24f6f10e[Not completed]
2020-09-24 01:55:00,176 [pool-33-thread-1] INFO  impl.RaftServerImpl (RaftServerImpl.java:<init>(108)) - 80e000f3-57fe-409f-8b55-0def8c2cb3ea: new RaftServerImpl for group-D03BD599471A:[80e000f3-57fe-409f-8b55-0def8c2cb3ea:172.17.0.2:43361:0] with ContainerStateMachine:uninitialized
2020-09-24 01:55:00,177 [pool-33-thread-1] INFO  server.RaftServerConfigKeys (ConfUtils.java:logGet(44)) - raft.server.rpc.timeout.min = 5s (custom)
2020-09-24 01:55:00,177 [pool-33-thread-1] INFO  server.RaftServerConfigKeys (ConfUtils.java:logGet(44)) - raft.server.rpc.timeout.max = 5200ms (custom)
2020-09-24 01:55:00,177 [pool-33-thread-1] INFO  server.RaftServerConfigKeys (ConfUtils.java:logGet(44)) - raft.server.rpcslowness.timeout = 300000ms (custom)
2020-09-24 01:55:00,178 [pool-33-thread-1] INFO  server.RaftServerConfigKeys (ConfUtils.java:logGet(44)) - raft.server.sleep.deviation.threshold = 300 (default)
2020-09-24 01:55:00,178 [pool-33-thread-1] INFO  server.RaftServerConfigKeys (ConfUtils.java:logGet(44)) - raft.server.log.appender.install.snapshot.enabled = false (custom)
2020-09-24 01:55:00,184 [pool-33-thread-1] INFO  impl.RaftServerImpl (ServerState.java:<init>(103)) - 80e000f3-57fe-409f-8b55-0def8c2cb3ea@group-D03BD599471A: ConfigurationManager, init=-1: [80e000f3-57fe-409f-8b55-0def8c2cb3ea:172.17.0.2:43361:0], old=null, confs=<EMPTY_MAP>
2020-09-24 01:55:00,184 [pool-33-thread-1] INFO  server.RaftServerConfigKeys (ConfUtils.java:logGet(44)) - raft.server.storage.dir = [/github/workspace/mnt/ozone/hadoop-ozone/integration-test/target/test-dir/MiniOzoneClusterImpl-cbb2177a-11db-4b99-8b47-fe15cf20b899/datanode-0/data/ratis] (custom)
2020-09-24 01:55:00,189 [pool-33-thread-1] INFO  server.RaftServerConfigKeys (ConfUtils.java:logGet(44)) - raft.server.log.corruption.policy = EXCEPTION (default)
2020-09-24 01:55:00,190 [pool-33-thread-1] INFO  storage.RaftStorageDirectory (RaftStorageDirectory.java:analyzeStorage(261)) - The storage directory /github/workspace/mnt/ozone/hadoop-ozone/integration-test/target/test-dir/MiniOzoneClusterImpl-cbb2177a-11db-4b99-8b47-fe15cf20b899/datanode-0/data/ratis/ce6b31f2-925b-4f6d-b9d1-d03bd599471a does not exist. Creating ...
2020-09-24 01:55:00,194 [pool-33-thread-1] INFO  storage.RaftStorageDirectory (RaftStorageDirectory.java:tryLock(343)) - Lock on /github/workspace/mnt/ozone/hadoop-ozone/integration-test/target/test-dir/MiniOzoneClusterImpl-cbb2177a-11db-4b99-8b47-fe15cf20b899/datanode-0/data/ratis/ce6b31f2-925b-4f6d-b9d1-d03bd599471a/in_use.lock acquired by nodename 38446@25c36af82c1d
2020-09-24 01:55:00,196 [pool-33-thread-1] INFO  storage.RaftStorage (RaftStorage.java:format(84)) - Storage directory /github/workspace/mnt/ozone/hadoop-ozone/integration-test/target/test-dir/MiniOzoneClusterImpl-cbb2177a-11db-4b99-8b47-fe15cf20b899/datanode-0/data/ratis/ce6b31f2-925b-4f6d-b9d1-d03bd599471a has been successfully formatted.
2020-09-24 01:55:00,199 [pool-33-thread-1] INFO  ratis.ContainerStateMachine (ContainerStateMachine.java:loadSnapshot(225)) - group-D03BD599471A: The snapshot info is null. Setting the last applied indexto:(t:0, i:~)
2020-09-24 01:55:00,200 [pool-33-thread-1] INFO  server.RaftServerConfigKeys (ConfUtils.java:logGet(44)) - raft.server.notification.no-leader.timeout = 300000ms (custom)
2020-09-24 01:55:00,201 [EventQueue-PipelineReportForPipelineReportHandler] INFO  pipeline.PipelineStateManager (PipelineStateManager.java:openPipeline(131)) - Pipeline Pipeline[ Id: ce6b31f2-925b-4f6d-b9d1-d03bd599471a, Nodes: 80e000f3-57fe-409f-8b55-0def8c2cb3ea{ip: 172.17.0.2, host: 25c36af82c1d, networkLocation: /default-rack, certSerialId: null}, Type:RATIS, Factor:ONE, State:ALLOCATED, leaderId:80e000f3-57fe-409f-8b55-0def8c2cb3ea, CreationTimestamp2020-09-24T01:54:57.181Z] moved to OPEN state
2020-09-24 01:55:00,203 [pool-33-thread-1] INFO  server.RaftServerConfigKeys (ConfUtils.java:logGet(44)) - raft.server.log.use.memory = false (default)
2020-09-24 01:55:00,208 [EventQueue-OpenPipelineForOneReplicaPipelineSafeModeRule] INFO  safemode.SCMSafeModeManager (SCMSafeModeManager.java:validateSafeModeExitRules(214)) - AtleastOneDatanodeReportedRule rule is successfully validated
2020-09-24 01:55:00,211 [EventQueue-OpenPipelineForHealthyPipelineSafeModeRule] INFO  safemode.SCMSafeModeManager (HealthyPipelineSafeModeRule.java:process(129)) - SCM in safe mode. Healthy pipelines reported count is 0, required healthy pipeline reported count is 1
2020-09-24 01:55:00,213 [pool-33-thread-1] INFO  server.RaftServerConfigKeys (ConfUtils.java:logGet(44)) - raft.server.log.purge.gap = 1000000 (custom)
2020-09-24 01:55:00,216 [pool-33-thread-1] INFO  metrics.RatisMetrics (RatisMetrics.java:lambda$create$0(36)) - Creating Metrics Registry : ratis.log_worker.80e000f3-57fe-409f-8b55-0def8c2cb3ea@group-D03BD599471A
2020-09-24 01:55:00,223 [pool-33-thread-1] INFO  server.RaftServerConfigKeys (ConfUtils.java:logGet(44)) - raft.server.log.appender.buffer.byte-limit = 33554432 (custom)
2020-09-24 01:55:00,225 [pool-33-thread-1] INFO  server.RaftServerConfigKeys (ConfUtils.java:logGet(44)) - raft.server.log.segment.size.max = 1048576 (custom)
2020-09-24 01:55:00,232 [pool-33-thread-1] INFO  server.RaftServerConfigKeys (ConfUtils.java:logGet(44)) - raft.server.log.segment.cache.num.max = 2 (custom)
2020-09-24 01:55:00,237 [pool-33-thread-1] INFO  segmented.SegmentedRaftLogWorker (SegmentedRaftLogWorker.java:<init>(180)) - new 80e000f3-57fe-409f-8b55-0def8c2cb3ea@group-D03BD599471A-SegmentedRaftLogWorker for RaftStorage:Storage Directory /github/workspace/mnt/ozone/hadoop-ozone/integration-test/target/test-dir/MiniOzoneClusterImpl-cbb2177a-11db-4b99-8b47-fe15cf20b899/datanode-0/data/ratis/ce6b31f2-925b-4f6d-b9d1-d03bd599471a
2020-09-24 01:55:00,237 [pool-33-thread-1] INFO  server.RaftServerConfigKeys (ConfUtils.java:logGet(44)) - raft.server.log.queue.byte-limit = 2147483647 (custom)
2020-09-24 01:55:00,238 [pool-33-thread-1] INFO  server.RaftServerConfigKeys (ConfUtils.java:logGet(44)) - raft.server.log.queue.element-limit = 1024 (custom)
2020-09-24 01:55:00,239 [pool-33-thread-1] INFO  server.RaftServerConfigKeys (ConfUtils.java:logGet(44)) - raft.server.log.segment.size.max = 1048576 (custom)
2020-09-24 01:55:00,239 [pool-33-thread-1] INFO  server.RaftServerConfigKeys (ConfUtils.java:logGet(44)) - raft.server.log.preallocated.size = 16384 (custom)
2020-09-24 01:55:00,239 [pool-33-thread-1] INFO  server.RaftServerConfigKeys (ConfUtils.java:logGet(44)) - raft.server.log.write.buffer.size = 1048576 (custom)
2020-09-24 01:55:00,240 [pool-33-thread-1] INFO  server.RaftServerConfigKeys (ConfUtils.java:logGet(44)) - raft.server.log.force.sync.num = 128 (default)
2020-09-24 01:55:00,241 [pool-33-thread-1] INFO  server.RaftServerConfigKeys (ConfUtils.java:logGet(44)) - raft.server.log.statemachine.data.sync = true (default)
2020-09-24 01:55:00,241 [pool-33-thread-1] INFO  server.RaftServerConfigKeys (ConfUtils.java:logGet(44)) - raft.server.log.statemachine.data.sync.timeout = 10s (default)
2020-09-24 01:55:00,242 [pool-33-thread-1] INFO  server.RaftServerConfigKeys (ConfUtils.java:logGet(44)) - raft.server.log.statemachine.data.sync.timeout.retry = -1 (default)
2020-09-24 01:55:00,255 [pool-33-thread-1] INFO  server.RaftServerConfigKeys (ConfUtils.java:logGet(44)) - raft.server.log.statemachine.data.caching.enabled = true (custom)
2020-09-24 01:55:00,259 [pool-33-thread-1] INFO  segmented.SegmentedRaftLogWorker (SegmentedRaftLogWorker.java:lambda$new$0(129)) - 80e000f3-57fe-409f-8b55-0def8c2cb3ea@group-D03BD599471A-SegmentedRaftLogWorker: flushIndex: setUnconditionally 0 -> -1
2020-09-24 01:55:00,259 [pool-33-thread-1] INFO  segmented.SegmentedRaftLogWorker (SegmentedRaftLogWorker.java:lambda$new$0(129)) - 80e000f3-57fe-409f-8b55-0def8c2cb3ea@group-D03BD599471A-SegmentedRaftLogWorker: safeCacheEvictIndex: setUnconditionally 0 -> -1
2020-09-24 01:55:00,263 [pool-33-thread-1] INFO  server.RaftServerConfigKeys (ConfUtils.java:logGet(44)) - raft.server.snapshot.auto.trigger.enabled = true (custom)
2020-09-24 01:55:00,264 [pool-33-thread-1] INFO  server.RaftServerConfigKeys (ConfUtils.java:logGet(44)) - raft.server.snapshot.auto.trigger.threshold = 1 (custom)
2020-09-24 01:55:00,264 [pool-33-thread-1] INFO  server.RaftServerConfigKeys (ConfUtils.java:logGet(44)) - raft.server.snapshot.retention.file.num = 5 (custom)
2020-09-24 01:55:00,265 [pool-33-thread-1] INFO  server.RaftServerConfigKeys (ConfUtils.java:logGet(44)) - raft.server.log.purge.upto.snapshot.index = false (default)
2020-09-24 01:55:00,265 [pool-33-thread-1] INFO  server.RaftServerConfigKeys (ConfUtils.java:logGet(44)) - raft.server.retrycache.expirytime = 600000ms (custom)
2020-09-24 01:55:00,288 [pool-33-thread-1] INFO  metrics.RatisMetrics (RatisMetrics.java:lambda$create$0(36)) - Creating Metrics Registry : ratis.leader_election.80e000f3-57fe-409f-8b55-0def8c2cb3ea@group-D03BD599471A
2020-09-24 01:55:00,294 [pool-33-thread-1] INFO  metrics.RatisMetrics (RatisMetrics.java:lambda$create$0(36)) - Creating Metrics Registry : ratis.server.80e000f3-57fe-409f-8b55-0def8c2cb3ea@group-D03BD599471A
2020-09-24 01:55:00,301 [pool-33-thread-1] INFO  impl.RaftServerImpl (RaftServerImpl.java:start(197)) - 80e000f3-57fe-409f-8b55-0def8c2cb3ea@group-D03BD599471A: start as a follower, conf=-1: [80e000f3-57fe-409f-8b55-0def8c2cb3ea:172.17.0.2:43361:0], old=null
2020-09-24 01:55:00,302 [pool-33-thread-1] INFO  impl.RaftServerImpl (RaftServerImpl.java:setRole(186)) - 80e000f3-57fe-409f-8b55-0def8c2cb3ea@group-D03BD599471A: changes role from      null to FOLLOWER at term 0 for startAsFollower
2020-09-24 01:55:00,303 [pool-33-thread-1] INFO  impl.RoleInfo (RoleInfo.java:updateAndGet(143)) - 80e000f3-57fe-409f-8b55-0def8c2cb3ea: start FollowerState
2020-09-24 01:55:00,308 [pool-33-thread-1] INFO  util.JmxRegister (JmxRegister.java:tryRegister(44)) - Successfully registered JMX Bean with object name Ratis:service=RaftServer,group=group-D03BD599471A,id=80e000f3-57fe-409f-8b55-0def8c2cb3ea
2020-09-24 01:55:00,309 [pool-33-thread-1] INFO  metrics.RatisMetrics (RatisMetrics.java:lambda$create$0(36)) - Creating Metrics Registry : ratis.state_machine.80e000f3-57fe-409f-8b55-0def8c2cb3ea@group-D03BD599471A
2020-09-24 01:55:00,323 [Command processor thread] INFO  commandhandler.CreatePipelineCommandHandler (CreatePipelineCommandHandler.java:handle(110)) - Created Pipeline RATIS ONE #id: "ce6b31f2-925b-4f6d-b9d1-d03bd599471a"
uuid128 {
  mostSigBits: -3572706961481052307
  leastSigBits: -5057031951155116262
}
.
2020-09-24 01:55:00,323 [Command processor thread] INFO  impl.RaftServerProxy (RaftServerProxy.java:addNew(89)) - 80e000f3-57fe-409f-8b55-0def8c2cb3ea: addNew group-828FCAC9CD85:[80e000f3-57fe-409f-8b55-0def8c2cb3ea:172.17.0.2:43361:0, 406dfbef-c5e7-4177-bf53-4490cddee952:172.17.0.2:43517:0, 56c3813c-334a-40eb-9390-9dfad9ae58fa:172.17.0.2:39383:0] returns group-828FCAC9CD85:java.util.concurrent.CompletableFuture@77069191[Not completed]
2020-09-24 01:55:00,324 [pool-33-thread-1] INFO  impl.RaftServerImpl (RaftServerImpl.java:<init>(108)) - 80e000f3-57fe-409f-8b55-0def8c2cb3ea: new RaftServerImpl for group-828FCAC9CD85:[80e000f3-57fe-409f-8b55-0def8c2cb3ea:172.17.0.2:43361:0, 406dfbef-c5e7-4177-bf53-4490cddee952:172.17.0.2:43517:0, 56c3813c-334a-40eb-9390-9dfad9ae58fa:172.17.0.2:39383:0] with ContainerStateMachine:uninitialized
2020-09-24 01:55:00,325 [pool-33-thread-1] INFO  server.RaftServerConfigKeys (ConfUtils.java:logGet(44)) - raft.server.rpc.timeout.min = 5s (custom)
2020-09-24 01:55:00,325 [pool-33-thread-1] INFO  server.RaftServerConfigKeys (ConfUtils.java:logGet(44)) - raft.server.rpc.timeout.max = 5200ms (custom)
2020-09-24 01:55:00,325 [pool-33-thread-1] INFO  server.RaftServerConfigKeys (ConfUtils.java:logGet(44)) - raft.server.rpcslowness.timeout = 300000ms (custom)
2020-09-24 01:55:00,325 [pool-33-thread-1] INFO  server.RaftServerConfigKeys (ConfUtils.java:logGet(44)) - raft.server.sleep.deviation.threshold = 300 (default)
2020-09-24 01:55:00,325 [pool-33-thread-1] INFO  server.RaftServerConfigKeys (ConfUtils.java:logGet(44)) - raft.server.log.appender.install.snapshot.enabled = false (custom)
2020-09-24 01:55:00,325 [pool-33-thread-1] INFO  impl.RaftServerImpl (ServerState.java:<init>(103)) - 80e000f3-57fe-409f-8b55-0def8c2cb3ea@group-828FCAC9CD85: ConfigurationManager, init=-1: [80e000f3-57fe-409f-8b55-0def8c2cb3ea:172.17.0.2:43361:0, 406dfbef-c5e7-4177-bf53-4490cddee952:172.17.0.2:43517:0, 56c3813c-334a-40eb-9390-9dfad9ae58fa:172.17.0.2:39383:0], old=null, confs=<EMPTY_MAP>
2020-09-24 01:55:00,325 [pool-33-thread-1] INFO  server.RaftServerConfigKeys (ConfUtils.java:logGet(44)) - raft.server.storage.dir = [/github/workspace/mnt/ozone/hadoop-ozone/integration-test/target/test-dir/MiniOzoneClusterImpl-cbb2177a-11db-4b99-8b47-fe15cf20b899/datanode-0/data/ratis] (custom)
2020-09-24 01:55:00,325 [pool-33-thread-1] INFO  server.RaftServerConfigKeys (ConfUtils.java:logGet(44)) - raft.server.log.corruption.policy = EXCEPTION (default)
2020-09-24 01:55:00,325 [pool-33-thread-1] INFO  storage.RaftStorageDirectory (RaftStorageDirectory.java:analyzeStorage(261)) - The storage directory /github/workspace/mnt/ozone/hadoop-ozone/integration-test/target/test-dir/MiniOzoneClusterImpl-cbb2177a-11db-4b99-8b47-fe15cf20b899/datanode-0/data/ratis/dc9ecf6b-275b-4189-acb4-828fcac9cd85 does not exist. Creating ...
2020-09-24 01:55:00,330 [pool-33-thread-1] INFO  storage.RaftStorageDirectory (RaftStorageDirectory.java:tryLock(343)) - Lock on /github/workspace/mnt/ozone/hadoop-ozone/integration-test/target/test-dir/MiniOzoneClusterImpl-cbb2177a-11db-4b99-8b47-fe15cf20b899/datanode-0/data/ratis/dc9ecf6b-275b-4189-acb4-828fcac9cd85/in_use.lock acquired by nodename 38446@25c36af82c1d
2020-09-24 01:55:00,331 [pool-33-thread-1] INFO  storage.RaftStorage (RaftStorage.java:format(84)) - Storage directory /github/workspace/mnt/ozone/hadoop-ozone/integration-test/target/test-dir/MiniOzoneClusterImpl-cbb2177a-11db-4b99-8b47-fe15cf20b899/datanode-0/data/ratis/dc9ecf6b-275b-4189-acb4-828fcac9cd85 has been successfully formatted.
2020-09-24 01:55:00,332 [pool-33-thread-1] INFO  ratis.ContainerStateMachine (ContainerStateMachine.java:loadSnapshot(225)) - group-828FCAC9CD85: The snapshot info is null. Setting the last applied indexto:(t:0, i:~)
2020-09-24 01:55:00,332 [pool-33-thread-1] INFO  server.RaftServerConfigKeys (ConfUtils.java:logGet(44)) - raft.server.notification.no-leader.timeout = 300000ms (custom)
2020-09-24 01:55:00,332 [pool-33-thread-1] INFO  server.RaftServerConfigKeys (ConfUtils.java:logGet(44)) - raft.server.log.use.memory = false (default)
2020-09-24 01:55:00,332 [pool-33-thread-1] INFO  server.RaftServerConfigKeys (ConfUtils.java:logGet(44)) - raft.server.log.purge.gap = 1000000 (custom)
2020-09-24 01:55:00,332 [pool-33-thread-1] INFO  metrics.RatisMetrics (RatisMetrics.java:lambda$create$0(36)) - Creating Metrics Registry : ratis.log_worker.80e000f3-57fe-409f-8b55-0def8c2cb3ea@group-828FCAC9CD85
2020-09-24 01:55:00,333 [pool-33-thread-1] INFO  server.RaftServerConfigKeys (ConfUtils.java:logGet(44)) - raft.server.log.appender.buffer.byte-limit = 33554432 (custom)
2020-09-24 01:55:00,333 [pool-33-thread-1] INFO  server.RaftServerConfigKeys (ConfUtils.java:logGet(44)) - raft.server.log.segment.size.max = 1048576 (custom)
2020-09-24 01:55:00,334 [pool-33-thread-1] INFO  server.RaftServerConfigKeys (ConfUtils.java:logGet(44)) - raft.server.log.segment.cache.num.max = 2 (custom)
2020-09-24 01:55:00,334 [pool-33-thread-1] INFO  segmented.SegmentedRaftLogWorker (SegmentedRaftLogWorker.java:<init>(180)) - new 80e000f3-57fe-409f-8b55-0def8c2cb3ea@group-828FCAC9CD85-SegmentedRaftLogWorker for RaftStorage:Storage Directory /github/workspace/mnt/ozone/hadoop-ozone/integration-test/target/test-dir/MiniOzoneClusterImpl-cbb2177a-11db-4b99-8b47-fe15cf20b899/datanode-0/data/ratis/dc9ecf6b-275b-4189-acb4-828fcac9cd85
2020-09-24 01:55:00,334 [pool-33-thread-1] INFO  server.RaftServerConfigKeys (ConfUtils.java:logGet(44)) - raft.server.log.queue.byte-limit = 2147483647 (custom)
2020-09-24 01:55:00,334 [pool-33-thread-1] INFO  server.RaftServerConfigKeys (ConfUtils.java:logGet(44)) - raft.server.log.queue.element-limit = 1024 (custom)
2020-09-24 01:55:00,334 [pool-33-thread-1] INFO  server.RaftServerConfigKeys (ConfUtils.java:logGet(44)) - raft.server.log.segment.size.max = 1048576 (custom)
2020-09-24 01:55:00,334 [pool-33-thread-1] INFO  server.RaftServerConfigKeys (ConfUtils.java:logGet(44)) - raft.server.log.preallocated.size = 16384 (custom)
2020-09-24 01:55:00,336 [pool-33-thread-1] INFO  server.RaftServerConfigKeys (ConfUtils.java:logGet(44)) - raft.server.log.write.buffer.size = 1048576 (custom)
2020-09-24 01:55:00,336 [pool-33-thread-1] INFO  server.RaftServerConfigKeys (ConfUtils.java:logGet(44)) - raft.server.log.force.sync.num = 128 (default)
2020-09-24 01:55:00,336 [pool-33-thread-1] INFO  server.RaftServerConfigKeys (ConfUtils.java:logGet(44)) - raft.server.log.statemachine.data.sync = true (default)
2020-09-24 01:55:00,336 [pool-33-thread-1] INFO  server.RaftServerConfigKeys (ConfUtils.java:logGet(44)) - raft.server.log.statemachine.data.sync.timeout = 10s (default)
2020-09-24 01:55:00,336 [pool-33-thread-1] INFO  server.RaftServerConfigKeys (ConfUtils.java:logGet(44)) - raft.server.log.statemachine.data.sync.timeout.retry = -1 (default)
2020-09-24 01:55:00,340 [pool-33-thread-1] INFO  server.RaftServerConfigKeys (ConfUtils.java:logGet(44)) - raft.server.log.statemachine.data.caching.enabled = true (custom)
2020-09-24 01:55:00,342 [pool-33-thread-1] INFO  segmented.SegmentedRaftLogWorker (SegmentedRaftLogWorker.java:lambda$new$0(129)) - 80e000f3-57fe-409f-8b55-0def8c2cb3ea@group-828FCAC9CD85-SegmentedRaftLogWorker: flushIndex: setUnconditionally 0 -> -1
2020-09-24 01:55:00,343 [pool-33-thread-1] INFO  segmented.SegmentedRaftLogWorker (SegmentedRaftLogWorker.java:lambda$new$0(129)) - 80e000f3-57fe-409f-8b55-0def8c2cb3ea@group-828FCAC9CD85-SegmentedRaftLogWorker: safeCacheEvictIndex: setUnconditionally 0 -> -1
2020-09-24 01:55:00,343 [pool-33-thread-1] INFO  server.RaftServerConfigKeys (ConfUtils.java:logGet(44)) - raft.server.snapshot.auto.trigger.enabled = true (custom)
2020-09-24 01:55:00,343 [pool-33-thread-1] INFO  server.RaftServerConfigKeys (ConfUtils.java:logGet(44)) - raft.server.snapshot.auto.trigger.threshold = 1 (custom)
2020-09-24 01:55:00,343 [pool-33-thread-1] INFO  server.RaftServerConfigKeys (ConfUtils.java:logGet(44)) - raft.server.snapshot.retention.file.num = 5 (custom)
2020-09-24 01:55:00,343 [pool-33-thread-1] INFO  server.RaftServerConfigKeys (ConfUtils.java:logGet(44)) - raft.server.log.purge.upto.snapshot.index = false (default)
2020-09-24 01:55:00,343 [pool-33-thread-1] INFO  server.RaftServerConfigKeys (ConfUtils.java:logGet(44)) - raft.server.retrycache.expirytime = 600000ms (custom)
2020-09-24 01:55:00,343 [pool-33-thread-1] INFO  metrics.RatisMetrics (RatisMetrics.java:lambda$create$0(36)) - Creating Metrics Registry : ratis.leader_election.80e000f3-57fe-409f-8b55-0def8c2cb3ea@group-828FCAC9CD85
2020-09-24 01:55:00,344 [pool-33-thread-1] INFO  metrics.RatisMetrics (RatisMetrics.java:lambda$create$0(36)) - Creating Metrics Registry : ratis.server.80e000f3-57fe-409f-8b55-0def8c2cb3ea@group-828FCAC9CD85
2020-09-24 01:55:00,346 [pool-33-thread-1] INFO  impl.RaftServerImpl (RaftServerImpl.java:start(197)) - 80e000f3-57fe-409f-8b55-0def8c2cb3ea@group-828FCAC9CD85: start as a follower, conf=-1: [80e000f3-57fe-409f-8b55-0def8c2cb3ea:172.17.0.2:43361:0, 406dfbef-c5e7-4177-bf53-4490cddee952:172.17.0.2:43517:0, 56c3813c-334a-40eb-9390-9dfad9ae58fa:172.17.0.2:39383:0], old=null
2020-09-24 01:55:00,346 [pool-33-thread-1] INFO  impl.RaftServerImpl (RaftServerImpl.java:setRole(186)) - 80e000f3-57fe-409f-8b55-0def8c2cb3ea@group-828FCAC9CD85: changes role from      null to FOLLOWER at term 0 for startAsFollower
2020-09-24 01:55:00,346 [pool-33-thread-1] INFO  impl.RoleInfo (RoleInfo.java:updateAndGet(143)) - 80e000f3-57fe-409f-8b55-0def8c2cb3ea: start FollowerState
2020-09-24 01:55:00,350 [pool-33-thread-1] INFO  util.JmxRegister (JmxRegister.java:tryRegister(44)) - Successfully registered JMX Bean with object name Ratis:service=RaftServer,group=group-828FCAC9CD85,id=80e000f3-57fe-409f-8b55-0def8c2cb3ea
2020-09-24 01:55:00,350 [pool-33-thread-1] INFO  metrics.RatisMetrics (RatisMetrics.java:lambda$create$0(36)) - Creating Metrics Registry : ratis.state_machine.80e000f3-57fe-409f-8b55-0def8c2cb3ea@group-828FCAC9CD85
2020-09-24 01:55:00,397 [Command processor thread] INFO  metrics.RatisMetrics (RatisMetrics.java:lambda$create$0(36)) - Creating Metrics Registry : ratis.client_message_metrics.client-74D9D277F293->56c3813c-334a-40eb-9390-9dfad9ae58fa
2020-09-24 01:55:00,464 [Command processor thread] INFO  impl.RaftServerProxy (RaftServerProxy.java:addNew(89)) - 56c3813c-334a-40eb-9390-9dfad9ae58fa: addNew group-15CE6F61CE9B:[56c3813c-334a-40eb-9390-9dfad9ae58fa:172.17.0.2:39383:0] returns group-15CE6F61CE9B:java.util.concurrent.CompletableFuture@8795306[Not completed]
2020-09-24 01:55:00,486 [pool-48-thread-1] INFO  impl.RaftServerImpl (RaftServerImpl.java:<init>(108)) - 56c3813c-334a-40eb-9390-9dfad9ae58fa: new RaftServerImpl for group-15CE6F61CE9B:[56c3813c-334a-40eb-9390-9dfad9ae58fa:172.17.0.2:39383:0] with ContainerStateMachine:uninitialized
2020-09-24 01:55:00,487 [pool-48-thread-1] INFO  server.RaftServerConfigKeys (ConfUtils.java:logGet(44)) - raft.server.rpc.timeout.min = 5s (custom)
2020-09-24 01:55:00,487 [pool-48-thread-1] INFO  server.RaftServerConfigKeys (ConfUtils.java:logGet(44)) - raft.server.rpc.timeout.max = 5200ms (custom)
2020-09-24 01:55:00,487 [pool-48-thread-1] INFO  server.RaftServerConfigKeys (ConfUtils.java:logGet(44)) - raft.server.rpcslowness.timeout = 300000ms (custom)
2020-09-24 01:55:00,487 [pool-48-thread-1] INFO  server.RaftServerConfigKeys (ConfUtils.java:logGet(44)) - raft.server.sleep.deviation.threshold = 300 (default)
2020-09-24 01:55:00,488 [pool-48-thread-1] INFO  server.RaftServerConfigKeys (ConfUtils.java:logGet(44)) - raft.server.log.appender.install.snapshot.enabled = false (custom)
2020-09-24 01:55:00,488 [pool-48-thread-1] INFO  impl.RaftServerImpl (ServerState.java:<init>(103)) - 56c3813c-334a-40eb-9390-9dfad9ae58fa@group-15CE6F61CE9B: ConfigurationManager, init=-1: [56c3813c-334a-40eb-9390-9dfad9ae58fa:172.17.0.2:39383:0], old=null, confs=<EMPTY_MAP>
2020-09-24 01:55:00,488 [pool-48-thread-1] INFO  server.RaftServerConfigKeys (ConfUtils.java:logGet(44)) - raft.server.storage.dir = [/github/workspace/mnt/ozone/hadoop-ozone/integration-test/target/test-dir/MiniOzoneClusterImpl-cbb2177a-11db-4b99-8b47-fe15cf20b899/datanode-1/data/ratis] (custom)
2020-09-24 01:55:00,488 [pool-48-thread-1] INFO  server.RaftServerConfigKeys (ConfUtils.java:logGet(44)) - raft.server.log.corruption.policy = EXCEPTION (default)
2020-09-24 01:55:00,488 [pool-48-thread-1] INFO  storage.RaftStorageDirectory (RaftStorageDirectory.java:analyzeStorage(261)) - The storage directory /github/workspace/mnt/ozone/hadoop-ozone/integration-test/target/test-dir/MiniOzoneClusterImpl-cbb2177a-11db-4b99-8b47-fe15cf20b899/datanode-1/data/ratis/00e68965-944a-4048-8bf7-15ce6f61ce9b does not exist. Creating ...
2020-09-24 01:55:00,493 [pool-48-thread-1] INFO  storage.RaftStorageDirectory (RaftStorageDirectory.java:tryLock(343)) - Lock on /github/workspace/mnt/ozone/hadoop-ozone/integration-test/target/test-dir/MiniOzoneClusterImpl-cbb2177a-11db-4b99-8b47-fe15cf20b899/datanode-1/data/ratis/00e68965-944a-4048-8bf7-15ce6f61ce9b/in_use.lock acquired by nodename 38446@25c36af82c1d
2020-09-24 01:55:00,494 [pool-48-thread-1] INFO  storage.RaftStorage (RaftStorage.java:format(84)) - Storage directory /github/workspace/mnt/ozone/hadoop-ozone/integration-test/target/test-dir/MiniOzoneClusterImpl-cbb2177a-11db-4b99-8b47-fe15cf20b899/datanode-1/data/ratis/00e68965-944a-4048-8bf7-15ce6f61ce9b has been successfully formatted.
2020-09-24 01:55:00,495 [pool-48-thread-1] INFO  ratis.ContainerStateMachine (ContainerStateMachine.java:loadSnapshot(225)) - group-15CE6F61CE9B: The snapshot info is null. Setting the last applied indexto:(t:0, i:~)
2020-09-24 01:55:00,496 [pool-48-thread-1] INFO  server.RaftServerConfigKeys (ConfUtils.java:logGet(44)) - raft.server.notification.no-leader.timeout = 300000ms (custom)
2020-09-24 01:55:00,496 [pool-48-thread-1] INFO  server.RaftServerConfigKeys (ConfUtils.java:logGet(44)) - raft.server.log.use.memory = false (default)
2020-09-24 01:55:00,496 [pool-48-thread-1] INFO  server.RaftServerConfigKeys (ConfUtils.java:logGet(44)) - raft.server.log.purge.gap = 1000000 (custom)
2020-09-24 01:55:00,497 [pool-48-thread-1] INFO  metrics.RatisMetrics (RatisMetrics.java:lambda$create$0(36)) - Creating Metrics Registry : ratis.log_worker.56c3813c-334a-40eb-9390-9dfad9ae58fa@group-15CE6F61CE9B
2020-09-24 01:55:00,497 [pool-48-thread-1] INFO  server.RaftServerConfigKeys (ConfUtils.java:logGet(44)) - raft.server.log.appender.buffer.byte-limit = 33554432 (custom)
2020-09-24 01:55:00,497 [pool-48-thread-1] INFO  server.RaftServerConfigKeys (ConfUtils.java:logGet(44)) - raft.server.log.segment.size.max = 1048576 (custom)
2020-09-24 01:55:00,498 [pool-48-thread-1] INFO  server.RaftServerConfigKeys (ConfUtils.java:logGet(44)) - raft.server.log.segment.cache.num.max = 2 (custom)
2020-09-24 01:55:00,498 [pool-48-thread-1] INFO  segmented.SegmentedRaftLogWorker (SegmentedRaftLogWorker.java:<init>(180)) - new 56c3813c-334a-40eb-9390-9dfad9ae58fa@group-15CE6F61CE9B-SegmentedRaftLogWorker for RaftStorage:Storage Directory /github/workspace/mnt/ozone/hadoop-ozone/integration-test/target/test-dir/MiniOzoneClusterImpl-cbb2177a-11db-4b99-8b47-fe15cf20b899/datanode-1/data/ratis/00e68965-944a-4048-8bf7-15ce6f61ce9b
2020-09-24 01:55:00,499 [pool-48-thread-1] INFO  server.RaftServerConfigKeys (ConfUtils.java:logGet(44)) - raft.server.log.queue.byte-limit = 2147483647 (custom)
2020-09-24 01:55:00,499 [pool-48-thread-1] INFO  server.RaftServerConfigKeys (ConfUtils.java:logGet(44)) - raft.server.log.queue.element-limit = 1024 (custom)
2020-09-24 01:55:00,499 [EventQueue-PipelineReportForPipelineReportHandler] INFO  pipeline.PipelineStateManager (PipelineStateManager.java:openPipeline(131)) - Pipeline Pipeline[ Id: 00e68965-944a-4048-8bf7-15ce6f61ce9b, Nodes: 56c3813c-334a-40eb-9390-9dfad9ae58fa{ip: 172.17.0.2, host: 25c36af82c1d, networkLocation: /default-rack, certSerialId: null}, Type:RATIS, Factor:ONE, State:ALLOCATED, leaderId:56c3813c-334a-40eb-9390-9dfad9ae58fa, CreationTimestamp2020-09-24T01:54:57.464Z] moved to OPEN state
2020-09-24 01:55:00,500 [EventQueue-OpenPipelineForOneReplicaPipelineSafeModeRule] INFO  safemode.SCMSafeModeManager (SCMSafeModeManager.java:validateSafeModeExitRules(214)) - AtleastOneDatanodeReportedRule rule is successfully validated
2020-09-24 01:55:00,500 [EventQueue-OpenPipelineForHealthyPipelineSafeModeRule] INFO  safemode.SCMSafeModeManager (HealthyPipelineSafeModeRule.java:process(129)) - SCM in safe mode. Healthy pipelines reported count is 0, required healthy pipeline reported count is 1
2020-09-24 01:55:00,500 [pool-48-thread-1] INFO  server.RaftServerConfigKeys (ConfUtils.java:logGet(44)) - raft.server.log.segment.size.max = 1048576 (custom)
2020-09-24 01:55:00,500 [pool-48-thread-1] INFO  server.RaftServerConfigKeys (ConfUtils.java:logGet(44)) - raft.server.log.preallocated.size = 16384 (custom)
2020-09-24 01:55:00,500 [pool-48-thread-1] INFO  server.RaftServerConfigKeys (ConfUtils.java:logGet(44)) - raft.server.log.write.buffer.size = 1048576 (custom)
2020-09-24 01:55:00,500 [pool-48-thread-1] INFO  server.RaftServerConfigKeys (ConfUtils.java:logGet(44)) - raft.server.log.force.sync.num = 128 (default)
2020-09-24 01:55:00,500 [pool-48-thread-1] INFO  server.RaftServerConfigKeys (ConfUtils.java:logGet(44)) - raft.server.log.statemachine.data.sync = true (default)
2020-09-24 01:55:00,500 [pool-48-thread-1] INFO  server.RaftServerConfigKeys (ConfUtils.java:logGet(44)) - raft.server.log.statemachine.data.sync.timeout = 10s (default)
2020-09-24 01:55:00,500 [pool-48-thread-1] INFO  server.RaftServerConfigKeys (ConfUtils.java:logGet(44)) - raft.server.log.statemachine.data.sync.timeout.retry = -1 (default)
2020-09-24 01:55:00,503 [pool-48-thread-1] INFO  server.RaftServerConfigKeys (ConfUtils.java:logGet(44)) - raft.server.log.statemachine.data.caching.enabled = true (custom)
2020-09-24 01:55:00,503 [pool-48-thread-1] INFO  segmented.SegmentedRaftLogWorker (SegmentedRaftLogWorker.java:lambda$new$0(129)) - 56c3813c-334a-40eb-9390-9dfad9ae58fa@group-15CE6F61CE9B-SegmentedRaftLogWorker: flushIndex: setUnconditionally 0 -> -1
2020-09-24 01:55:00,503 [pool-48-thread-1] INFO  segmented.SegmentedRaftLogWorker (SegmentedRaftLogWorker.java:lambda$new$0(129)) - 56c3813c-334a-40eb-9390-9dfad9ae58fa@group-15CE6F61CE9B-SegmentedRaftLogWorker: safeCacheEvictIndex: setUnconditionally 0 -> -1
2020-09-24 01:55:00,503 [pool-48-thread-1] INFO  server.RaftServerConfigKeys (ConfUtils.java:logGet(44)) - raft.server.snapshot.auto.trigger.enabled = true (custom)
2020-09-24 01:55:00,503 [pool-48-thread-1] INFO  server.RaftServerConfigKeys (ConfUtils.java:logGet(44)) - raft.server.snapshot.auto.trigger.threshold = 1 (custom)
2020-09-24 01:55:00,504 [pool-48-thread-1] INFO  server.RaftServerConfigKeys (ConfUtils.java:logGet(44)) - raft.server.snapshot.retention.file.num = 5 (custom)
2020-09-24 01:55:00,504 [pool-48-thread-1] INFO  server.RaftServerConfigKeys (ConfUtils.java:logGet(44)) - raft.server.log.purge.upto.snapshot.index = false (default)
2020-09-24 01:55:00,504 [pool-48-thread-1] INFO  server.RaftServerConfigKeys (ConfUtils.java:logGet(44)) - raft.server.retrycache.expirytime = 600000ms (custom)
2020-09-24 01:55:00,504 [pool-48-thread-1] INFO  metrics.RatisMetrics (RatisMetrics.java:lambda$create$0(36)) - Creating Metrics Registry : ratis.leader_election.56c3813c-334a-40eb-9390-9dfad9ae58fa@group-15CE6F61CE9B
2020-09-24 01:55:00,505 [pool-48-thread-1] INFO  metrics.RatisMetrics (RatisMetrics.java:lambda$create$0(36)) - Creating Metrics Registry : ratis.server.56c3813c-334a-40eb-9390-9dfad9ae58fa@group-15CE6F61CE9B
2020-09-24 01:55:00,506 [pool-48-thread-1] INFO  impl.RaftServerImpl (RaftServerImpl.java:start(197)) - 56c3813c-334a-40eb-9390-9dfad9ae58fa@group-15CE6F61CE9B: start as a follower, conf=-1: [56c3813c-334a-40eb-9390-9dfad9ae58fa:172.17.0.2:39383:0], old=null
2020-09-24 01:55:00,506 [pool-48-thread-1] INFO  impl.RaftServerImpl (RaftServerImpl.java:setRole(186)) - 56c3813c-334a-40eb-9390-9dfad9ae58fa@group-15CE6F61CE9B: changes role from      null to FOLLOWER at term 0 for startAsFollower
2020-09-24 01:55:00,506 [pool-48-thread-1] INFO  impl.RoleInfo (RoleInfo.java:updateAndGet(143)) - 56c3813c-334a-40eb-9390-9dfad9ae58fa: start FollowerState
2020-09-24 01:55:00,525 [pool-48-thread-1] INFO  util.JmxRegister (JmxRegister.java:tryRegister(44)) - Successfully registered JMX Bean with object name Ratis:service=RaftServer,group=group-15CE6F61CE9B,id=56c3813c-334a-40eb-9390-9dfad9ae58fa
2020-09-24 01:55:00,527 [pool-48-thread-1] INFO  metrics.RatisMetrics (RatisMetrics.java:lambda$create$0(36)) - Creating Metrics Registry : ratis.state_machine.56c3813c-334a-40eb-9390-9dfad9ae58fa@group-15CE6F61CE9B
2020-09-24 01:55:00,542 [Command processor thread] INFO  commandhandler.CreatePipelineCommandHandler (CreatePipelineCommandHandler.java:handle(110)) - Created Pipeline RATIS ONE #id: "00e68965-944a-4048-8bf7-15ce6f61ce9b"
uuid128 {
  mostSigBits: 64890314016047176
  leastSigBits: -8361190206813909349
}
.
2020-09-24 01:55:00,543 [Command processor thread] INFO  impl.RaftServerProxy (RaftServerProxy.java:addNew(89)) - 56c3813c-334a-40eb-9390-9dfad9ae58fa: addNew group-828FCAC9CD85:[80e000f3-57fe-409f-8b55-0def8c2cb3ea:172.17.0.2:43361:0, 406dfbef-c5e7-4177-bf53-4490cddee952:172.17.0.2:43517:0, 56c3813c-334a-40eb-9390-9dfad9ae58fa:172.17.0.2:39383:0] returns group-828FCAC9CD85:java.util.concurrent.CompletableFuture@c46c6d1[Not completed]
2020-09-24 01:55:00,544 [pool-48-thread-1] INFO  impl.RaftServerImpl (RaftServerImpl.java:<init>(108)) - 56c3813c-334a-40eb-9390-9dfad9ae58fa: new RaftServerImpl for group-828FCAC9CD85:[80e000f3-57fe-409f-8b55-0def8c2cb3ea:172.17.0.2:43361:0, 406dfbef-c5e7-4177-bf53-4490cddee952:172.17.0.2:43517:0, 56c3813c-334a-40eb-9390-9dfad9ae58fa:172.17.0.2:39383:0] with ContainerStateMachine:uninitialized
2020-09-24 01:55:00,544 [pool-48-thread-1] INFO  server.RaftServerConfigKeys (ConfUtils.java:logGet(44)) - raft.server.rpc.timeout.min = 5s (custom)
2020-09-24 01:55:00,544 [pool-48-thread-1] INFO  server.RaftServerConfigKeys (ConfUtils.java:logGet(44)) - raft.server.rpc.timeout.max = 5200ms (custom)
2020-09-24 01:55:00,545 [pool-48-thread-1] INFO  server.RaftServerConfigKeys (ConfUtils.java:logGet(44)) - raft.server.rpcslowness.timeout = 300000ms (custom)
2020-09-24 01:55:00,545 [pool-48-thread-1] INFO  server.RaftServerConfigKeys (ConfUtils.java:logGet(44)) - raft.server.sleep.deviation.threshold = 300 (default)
2020-09-24 01:55:00,545 [pool-48-thread-1] INFO  server.RaftServerConfigKeys (ConfUtils.java:logGet(44)) - raft.server.log.appender.install.snapshot.enabled = false (custom)
2020-09-24 01:55:00,545 [pool-48-thread-1] INFO  impl.RaftServerImpl (ServerState.java:<init>(103)) - 56c3813c-334a-40eb-9390-9dfad9ae58fa@group-828FCAC9CD85: ConfigurationManager, init=-1: [80e000f3-57fe-409f-8b55-0def8c2cb3ea:172.17.0.2:43361:0, 406dfbef-c5e7-4177-bf53-4490cddee952:172.17.0.2:43517:0, 56c3813c-334a-40eb-9390-9dfad9ae58fa:172.17.0.2:39383:0], old=null, confs=<EMPTY_MAP>
2020-09-24 01:55:00,545 [pool-48-thread-1] INFO  server.RaftServerConfigKeys (ConfUtils.java:logGet(44)) - raft.server.storage.dir = [/github/workspace/mnt/ozone/hadoop-ozone/integration-test/target/test-dir/MiniOzoneClusterImpl-cbb2177a-11db-4b99-8b47-fe15cf20b899/datanode-1/data/ratis] (custom)
2020-09-24 01:55:00,545 [pool-48-thread-1] INFO  server.RaftServerConfigKeys (ConfUtils.java:logGet(44)) - raft.server.log.corruption.policy = EXCEPTION (default)
2020-09-24 01:55:00,545 [pool-48-thread-1] INFO  storage.RaftStorageDirectory (RaftStorageDirectory.java:analyzeStorage(261)) - The storage directory /github/workspace/mnt/ozone/hadoop-ozone/integration-test/target/test-dir/MiniOzoneClusterImpl-cbb2177a-11db-4b99-8b47-fe15cf20b899/datanode-1/data/ratis/dc9ecf6b-275b-4189-acb4-828fcac9cd85 does not exist. Creating ...
2020-09-24 01:55:00,547 [pool-48-thread-1] INFO  storage.RaftStorageDirectory (RaftStorageDirectory.java:tryLock(343)) - Lock on /github/workspace/mnt/ozone/hadoop-ozone/integration-test/target/test-dir/MiniOzoneClusterImpl-cbb2177a-11db-4b99-8b47-fe15cf20b899/datanode-1/data/ratis/dc9ecf6b-275b-4189-acb4-828fcac9cd85/in_use.lock acquired by nodename 38446@25c36af82c1d
2020-09-24 01:55:00,551 [pool-48-thread-1] INFO  storage.RaftStorage (RaftStorage.java:format(84)) - Storage directory /github/workspace/mnt/ozone/hadoop-ozone/integration-test/target/test-dir/MiniOzoneClusterImpl-cbb2177a-11db-4b99-8b47-fe15cf20b899/datanode-1/data/ratis/dc9ecf6b-275b-4189-acb4-828fcac9cd85 has been successfully formatted.
2020-09-24 01:55:00,552 [pool-48-thread-1] INFO  ratis.ContainerStateMachine (ContainerStateMachine.java:loadSnapshot(225)) - group-828FCAC9CD85: The snapshot info is null. Setting the last applied indexto:(t:0, i:~)
2020-09-24 01:55:00,552 [pool-48-thread-1] INFO  server.RaftServerConfigKeys (ConfUtils.java:logGet(44)) - raft.server.notification.no-leader.timeout = 300000ms (custom)
2020-09-24 01:55:00,552 [pool-48-thread-1] INFO  server.RaftServerConfigKeys (ConfUtils.java:logGet(44)) - raft.server.log.use.memory = false (default)
2020-09-24 01:55:00,552 [pool-48-thread-1] INFO  server.RaftServerConfigKeys (ConfUtils.java:logGet(44)) - raft.server.log.purge.gap = 1000000 (custom)
2020-09-24 01:55:00,553 [pool-48-thread-1] INFO  metrics.RatisMetrics (RatisMetrics.java:lambda$create$0(36)) - Creating Metrics Registry : ratis.log_worker.56c3813c-334a-40eb-9390-9dfad9ae58fa@group-828FCAC9CD85
2020-09-24 01:55:00,555 [pool-48-thread-1] INFO  server.RaftServerConfigKeys (ConfUtils.java:logGet(44)) - raft.server.log.appender.buffer.byte-limit = 33554432 (custom)
2020-09-24 01:55:00,556 [pool-48-thread-1] INFO  server.RaftServerConfigKeys (ConfUtils.java:logGet(44)) - raft.server.log.segment.size.max = 1048576 (custom)
2020-09-24 01:55:00,556 [pool-48-thread-1] INFO  server.RaftServerConfigKeys (ConfUtils.java:logGet(44)) - raft.server.log.segment.cache.num.max = 2 (custom)
2020-09-24 01:55:00,556 [pool-48-thread-1] INFO  segmented.SegmentedRaftLogWorker (SegmentedRaftLogWorker.java:<init>(180)) - new 56c3813c-334a-40eb-9390-9dfad9ae58fa@group-828FCAC9CD85-SegmentedRaftLogWorker for RaftStorage:Storage Directory /github/workspace/mnt/ozone/hadoop-ozone/integration-test/target/test-dir/MiniOzoneClusterImpl-cbb2177a-11db-4b99-8b47-fe15cf20b899/datanode-1/data/ratis/dc9ecf6b-275b-4189-acb4-828fcac9cd85
2020-09-24 01:55:00,557 [pool-48-thread-1] INFO  server.RaftServerConfigKeys (ConfUtils.java:logGet(44)) - raft.server.log.queue.byte-limit = 2147483647 (custom)
2020-09-24 01:55:00,557 [pool-48-thread-1] INFO  server.RaftServerConfigKeys (ConfUtils.java:logGet(44)) - raft.server.log.queue.element-limit = 1024 (custom)
2020-09-24 01:55:00,557 [pool-48-thread-1] INFO  server.RaftServerConfigKeys (ConfUtils.java:logGet(44)) - raft.server.log.segment.size.max = 1048576 (custom)
2020-09-24 01:55:00,557 [pool-48-thread-1] INFO  server.RaftServerConfigKeys (ConfUtils.java:logGet(44)) - raft.server.log.preallocated.size = 16384 (custom)
2020-09-24 01:55:00,557 [pool-48-thread-1] INFO  server.RaftServerConfigKeys (ConfUtils.java:logGet(44)) - raft.server.log.write.buffer.size = 1048576 (custom)
2020-09-24 01:55:00,557 [pool-48-thread-1] INFO  server.RaftServerConfigKeys (ConfUtils.java:logGet(44)) - raft.server.log.force.sync.num = 128 (default)
2020-09-24 01:55:00,557 [pool-48-thread-1] INFO  server.RaftServerConfigKeys (ConfUtils.java:logGet(44)) - raft.server.log.statemachine.data.sync = true (default)
2020-09-24 01:55:00,557 [pool-48-thread-1] INFO  server.RaftServerConfigKeys (ConfUtils.java:logGet(44)) - raft.server.log.statemachine.data.sync.timeout = 10s (default)
2020-09-24 01:55:00,557 [pool-48-thread-1] INFO  server.RaftServerConfigKeys (ConfUtils.java:logGet(44)) - raft.server.log.statemachine.data.sync.timeout.retry = -1 (default)
2020-09-24 01:55:00,560 [pool-48-thread-1] INFO  server.RaftServerConfigKeys (ConfUtils.java:logGet(44)) - raft.server.log.statemachine.data.caching.enabled = true (custom)
2020-09-24 01:55:00,568 [pool-48-thread-1] INFO  segmented.SegmentedRaftLogWorker (SegmentedRaftLogWorker.java:lambda$new$0(129)) - 56c3813c-334a-40eb-9390-9dfad9ae58fa@group-828FCAC9CD85-SegmentedRaftLogWorker: flushIndex: setUnconditionally 0 -> -1
2020-09-24 01:55:00,568 [pool-48-thread-1] INFO  segmented.SegmentedRaftLogWorker (SegmentedRaftLogWorker.java:lambda$new$0(129)) - 56c3813c-334a-40eb-9390-9dfad9ae58fa@group-828FCAC9CD85-SegmentedRaftLogWorker: safeCacheEvictIndex: setUnconditionally 0 -> -1
2020-09-24 01:55:00,573 [pool-48-thread-1] INFO  server.RaftServerConfigKeys (ConfUtils.java:logGet(44)) - raft.server.snapshot.auto.trigger.enabled = true (custom)
2020-09-24 01:55:00,573 [pool-48-thread-1] INFO  server.RaftServerConfigKeys (ConfUtils.java:logGet(44)) - raft.server.snapshot.auto.trigger.threshold = 1 (custom)
2020-09-24 01:55:00,573 [pool-48-thread-1] INFO  server.RaftServerConfigKeys (ConfUtils.java:logGet(44)) - raft.server.snapshot.retention.file.num = 5 (custom)
2020-09-24 01:55:00,573 [pool-48-thread-1] INFO  server.RaftServerConfigKeys (ConfUtils.java:logGet(44)) - raft.server.log.purge.upto.snapshot.index = false (default)
2020-09-24 01:55:00,573 [pool-48-thread-1] INFO  server.RaftServerConfigKeys (ConfUtils.java:logGet(44)) - raft.server.retrycache.expirytime = 600000ms (custom)
2020-09-24 01:55:00,573 [pool-48-thread-1] INFO  metrics.RatisMetrics (RatisMetrics.java:lambda$create$0(36)) - Creating Metrics Registry : ratis.leader_election.56c3813c-334a-40eb-9390-9dfad9ae58fa@group-828FCAC9CD85
2020-09-24 01:55:00,574 [pool-48-thread-1] INFO  metrics.RatisMetrics (RatisMetrics.java:lambda$create$0(36)) - Creating Metrics Registry : ratis.server.56c3813c-334a-40eb-9390-9dfad9ae58fa@group-828FCAC9CD85
2020-09-24 01:55:00,576 [pool-48-thread-1] INFO  impl.RaftServerImpl (RaftServerImpl.java:start(197)) - 56c3813c-334a-40eb-9390-9dfad9ae58fa@group-828FCAC9CD85: start as a follower, conf=-1: [80e000f3-57fe-409f-8b55-0def8c2cb3ea:172.17.0.2:43361:0, 406dfbef-c5e7-4177-bf53-4490cddee952:172.17.0.2:43517:0, 56c3813c-334a-40eb-9390-9dfad9ae58fa:172.17.0.2:39383:0], old=null
2020-09-24 01:55:00,576 [pool-48-thread-1] INFO  impl.RaftServerImpl (RaftServerImpl.java:setRole(186)) - 56c3813c-334a-40eb-9390-9dfad9ae58fa@group-828FCAC9CD85: changes role from      null to FOLLOWER at term 0 for startAsFollower
2020-09-24 01:55:00,576 [pool-48-thread-1] INFO  impl.RoleInfo (RoleInfo.java:updateAndGet(143)) - 56c3813c-334a-40eb-9390-9dfad9ae58fa: start FollowerState
2020-09-24 01:55:00,582 [pool-48-thread-1] INFO  util.JmxRegister (JmxRegister.java:tryRegister(44)) - Successfully registered JMX Bean with object name Ratis:service=RaftServer,group=group-828FCAC9CD85,id=56c3813c-334a-40eb-9390-9dfad9ae58fa
2020-09-24 01:55:00,583 [pool-48-thread-1] INFO  metrics.RatisMetrics (RatisMetrics.java:lambda$create$0(36)) - Creating Metrics Registry : ratis.state_machine.56c3813c-334a-40eb-9390-9dfad9ae58fa@group-828FCAC9CD85
2020-09-24 01:55:00,587 [Command processor thread] INFO  metrics.RatisMetrics (RatisMetrics.java:lambda$create$0(36)) - Creating Metrics Registry : ratis.client_message_metrics.client-319D392A1527->406dfbef-c5e7-4177-bf53-4490cddee952
2020-09-24 01:55:00,707 [Command processor thread] INFO  impl.RaftServerProxy (RaftServerProxy.java:addNew(89)) - 406dfbef-c5e7-4177-bf53-4490cddee952: addNew group-2778CEA97A70:[406dfbef-c5e7-4177-bf53-4490cddee952:172.17.0.2:43517:0] returns group-2778CEA97A70:java.util.concurrent.CompletableFuture@1798182e[Not completed]
2020-09-24 01:55:00,855 [pool-63-thread-1] INFO  impl.RaftServerImpl (RaftServerImpl.java:<init>(108)) - 406dfbef-c5e7-4177-bf53-4490cddee952: new RaftServerImpl for group-2778CEA97A70:[406dfbef-c5e7-4177-bf53-4490cddee952:172.17.0.2:43517:0] with ContainerStateMachine:uninitialized
2020-09-24 01:55:00,859 [pool-63-thread-1] INFO  server.RaftServerConfigKeys (ConfUtils.java:logGet(44)) - raft.server.rpc.timeout.min = 5s (custom)
2020-09-24 01:55:00,859 [pool-63-thread-1] INFO  server.RaftServerConfigKeys (ConfUtils.java:logGet(44)) - raft.server.rpc.timeout.max = 5200ms (custom)
2020-09-24 01:55:00,859 [pool-63-thread-1] INFO  server.RaftServerConfigKeys (ConfUtils.java:logGet(44)) - raft.server.rpcslowness.timeout = 300000ms (custom)
2020-09-24 01:55:00,859 [pool-63-thread-1] INFO  server.RaftServerConfigKeys (ConfUtils.java:logGet(44)) - raft.server.sleep.deviation.threshold = 300 (default)
2020-09-24 01:55:00,859 [pool-63-thread-1] INFO  server.RaftServerConfigKeys (ConfUtils.java:logGet(44)) - raft.server.log.appender.install.snapshot.enabled = false (custom)
2020-09-24 01:55:00,859 [pool-63-thread-1] INFO  impl.RaftServerImpl (ServerState.java:<init>(103)) - 406dfbef-c5e7-4177-bf53-4490cddee952@group-2778CEA97A70: ConfigurationManager, init=-1: [406dfbef-c5e7-4177-bf53-4490cddee952:172.17.0.2:43517:0], old=null, confs=<EMPTY_MAP>
2020-09-24 01:55:00,860 [pool-63-thread-1] INFO  server.RaftServerConfigKeys (ConfUtils.java:logGet(44)) - raft.server.storage.dir = [/github/workspace/mnt/ozone/hadoop-ozone/integration-test/target/test-dir/MiniOzoneClusterImpl-cbb2177a-11db-4b99-8b47-fe15cf20b899/datanode-2/data/ratis] (custom)
2020-09-24 01:55:00,860 [pool-63-thread-1] INFO  server.RaftServerConfigKeys (ConfUtils.java:logGet(44)) - raft.server.log.corruption.policy = EXCEPTION (default)
2020-09-24 01:55:00,860 [pool-63-thread-1] INFO  storage.RaftStorageDirectory (RaftStorageDirectory.java:analyzeStorage(261)) - The storage directory /github/workspace/mnt/ozone/hadoop-ozone/integration-test/target/test-dir/MiniOzoneClusterImpl-cbb2177a-11db-4b99-8b47-fe15cf20b899/datanode-2/data/ratis/ac433a11-dda1-4644-a6b9-2778cea97a70 does not exist. Creating ...
2020-09-24 01:55:00,861 [pool-63-thread-1] INFO  storage.RaftStorageDirectory (RaftStorageDirectory.java:tryLock(343)) - Lock on /github/workspace/mnt/ozone/hadoop-ozone/integration-test/target/test-dir/MiniOzoneClusterImpl-cbb2177a-11db-4b99-8b47-fe15cf20b899/datanode-2/data/ratis/ac433a11-dda1-4644-a6b9-2778cea97a70/in_use.lock acquired by nodename 38446@25c36af82c1d
2020-09-24 01:55:00,862 [pool-63-thread-1] INFO  storage.RaftStorage (RaftStorage.java:format(84)) - Storage directory /github/workspace/mnt/ozone/hadoop-ozone/integration-test/target/test-dir/MiniOzoneClusterImpl-cbb2177a-11db-4b99-8b47-fe15cf20b899/datanode-2/data/ratis/ac433a11-dda1-4644-a6b9-2778cea97a70 has been successfully formatted.
2020-09-24 01:55:00,863 [pool-63-thread-1] INFO  ratis.ContainerStateMachine (ContainerStateMachine.java:loadSnapshot(225)) - group-2778CEA97A70: The snapshot info is null. Setting the last applied indexto:(t:0, i:~)
2020-09-24 01:55:00,863 [pool-63-thread-1] INFO  server.RaftServerConfigKeys (ConfUtils.java:logGet(44)) - raft.server.notification.no-leader.timeout = 300000ms (custom)
2020-09-24 01:55:00,863 [pool-63-thread-1] INFO  server.RaftServerConfigKeys (ConfUtils.java:logGet(44)) - raft.server.log.use.memory = false (default)
2020-09-24 01:55:00,863 [pool-63-thread-1] INFO  server.RaftServerConfigKeys (ConfUtils.java:logGet(44)) - raft.server.log.purge.gap = 1000000 (custom)
2020-09-24 01:55:00,863 [pool-63-thread-1] INFO  metrics.RatisMetrics (RatisMetrics.java:lambda$create$0(36)) - Creating Metrics Registry : ratis.log_worker.406dfbef-c5e7-4177-bf53-4490cddee952@group-2778CEA97A70
2020-09-24 01:55:00,863 [pool-63-thread-1] INFO  server.RaftServerConfigKeys (ConfUtils.java:logGet(44)) - raft.server.log.appender.buffer.byte-limit = 33554432 (custom)
2020-09-24 01:55:00,863 [pool-63-thread-1] INFO  server.RaftServerConfigKeys (ConfUtils.java:logGet(44)) - raft.server.log.segment.size.max = 1048576 (custom)
2020-09-24 01:55:00,864 [pool-63-thread-1] INFO  server.RaftServerConfigKeys (ConfUtils.java:logGet(44)) - raft.server.log.segment.cache.num.max = 2 (custom)
2020-09-24 01:55:00,864 [pool-63-thread-1] INFO  segmented.SegmentedRaftLogWorker (SegmentedRaftLogWorker.java:<init>(180)) - new 406dfbef-c5e7-4177-bf53-4490cddee952@group-2778CEA97A70-SegmentedRaftLogWorker for RaftStorage:Storage Directory /github/workspace/mnt/ozone/hadoop-ozone/integration-test/target/test-dir/MiniOzoneClusterImpl-cbb2177a-11db-4b99-8b47-fe15cf20b899/datanode-2/data/ratis/ac433a11-dda1-4644-a6b9-2778cea97a70
2020-09-24 01:55:00,864 [pool-63-thread-1] INFO  server.RaftServerConfigKeys (ConfUtils.java:logGet(44)) - raft.server.log.queue.byte-limit = 2147483647 (custom)
2020-09-24 01:55:00,864 [pool-63-thread-1] INFO  server.RaftServerConfigKeys (ConfUtils.java:logGet(44)) - raft.server.log.queue.element-limit = 1024 (custom)
2020-09-24 01:55:00,864 [pool-63-thread-1] INFO  server.RaftServerConfigKeys (ConfUtils.java:logGet(44)) - raft.server.log.segment.size.max = 1048576 (custom)
2020-09-24 01:55:00,864 [pool-63-thread-1] INFO  server.RaftServerConfigKeys (ConfUtils.java:logGet(44)) - raft.server.log.preallocated.size = 16384 (custom)
2020-09-24 01:55:00,864 [pool-63-thread-1] INFO  server.RaftServerConfigKeys (ConfUtils.java:logGet(44)) - raft.server.log.write.buffer.size = 1048576 (custom)
2020-09-24 01:55:00,864 [pool-63-thread-1] INFO  server.RaftServerConfigKeys (ConfUtils.java:logGet(44)) - raft.server.log.force.sync.num = 128 (default)
2020-09-24 01:55:00,865 [pool-63-thread-1] INFO  server.RaftServerConfigKeys (ConfUtils.java:logGet(44)) - raft.server.log.statemachine.data.sync = true (default)
2020-09-24 01:55:00,865 [pool-63-thread-1] INFO  server.RaftServerConfigKeys (ConfUtils.java:logGet(44)) - raft.server.log.statemachine.data.sync.timeout = 10s (default)
2020-09-24 01:55:00,865 [pool-63-thread-1] INFO  server.RaftServerConfigKeys (ConfUtils.java:logGet(44)) - raft.server.log.statemachine.data.sync.timeout.retry = -1 (default)
2020-09-24 01:55:00,866 [pool-63-thread-1] INFO  server.RaftServerConfigKeys (ConfUtils.java:logGet(44)) - raft.server.log.statemachine.data.caching.enabled = true (custom)
2020-09-24 01:55:00,866 [pool-63-thread-1] INFO  segmented.SegmentedRaftLogWorker (SegmentedRaftLogWorker.java:lambda$new$0(129)) - 406dfbef-c5e7-4177-bf53-4490cddee952@group-2778CEA97A70-SegmentedRaftLogWorker: flushIndex: setUnconditionally 0 -> -1
2020-09-24 01:55:00,866 [pool-63-thread-1] INFO  segmented.SegmentedRaftLogWorker (SegmentedRaftLogWorker.java:lambda$new$0(129)) - 406dfbef-c5e7-4177-bf53-4490cddee952@group-2778CEA97A70-SegmentedRaftLogWorker: safeCacheEvictIndex: setUnconditionally 0 -> -1
2020-09-24 01:55:00,868 [EventQueue-PipelineReportForPipelineReportHandler] INFO  pipeline.PipelineStateManager (PipelineStateManager.java:openPipeline(131)) - Pipeline Pipeline[ Id: ac433a11-dda1-4644-a6b9-2778cea97a70, Nodes: 406dfbef-c5e7-4177-bf53-4490cddee952{ip: 172.17.0.2, host: 25c36af82c1d, networkLocation: /default-rack, certSerialId: null}, Type:RATIS, Factor:ONE, State:ALLOCATED, leaderId:406dfbef-c5e7-4177-bf53-4490cddee952, CreationTimestamp2020-09-24T01:54:57.695Z] moved to OPEN state
2020-09-24 01:55:00,868 [EventQueue-OpenPipelineForOneReplicaPipelineSafeModeRule] INFO  safemode.SCMSafeModeManager (SCMSafeModeManager.java:validateSafeModeExitRules(214)) - AtleastOneDatanodeReportedRule rule is successfully validated
2020-09-24 01:55:00,868 [EventQueue-OpenPipelineForHealthyPipelineSafeModeRule] INFO  safemode.SCMSafeModeManager (HealthyPipelineSafeModeRule.java:process(129)) - SCM in safe mode. Healthy pipelines reported count is 0, required healthy pipeline reported count is 1
2020-09-24 01:55:00,879 [pool-63-thread-1] INFO  server.RaftServerConfigKeys (ConfUtils.java:logGet(44)) - raft.server.snapshot.auto.trigger.enabled = true (custom)
2020-09-24 01:55:00,879 [pool-63-thread-1] INFO  server.RaftServerConfigKeys (ConfUtils.java:logGet(44)) - raft.server.snapshot.auto.trigger.threshold = 1 (custom)
2020-09-24 01:55:00,879 [pool-63-thread-1] INFO  server.RaftServerConfigKeys (ConfUtils.java:logGet(44)) - raft.server.snapshot.retention.file.num = 5 (custom)
2020-09-24 01:55:00,879 [pool-63-thread-1] INFO  server.RaftServerConfigKeys (ConfUtils.java:logGet(44)) - raft.server.log.purge.upto.snapshot.index = false (default)
2020-09-24 01:55:00,879 [pool-63-thread-1] INFO  server.RaftServerConfigKeys (ConfUtils.java:logGet(44)) - raft.server.retrycache.expirytime = 600000ms (custom)
2020-09-24 01:55:00,879 [pool-63-thread-1] INFO  metrics.RatisMetrics (RatisMetrics.java:lambda$create$0(36)) - Creating Metrics Registry : ratis.leader_election.406dfbef-c5e7-4177-bf53-4490cddee952@group-2778CEA97A70
2020-09-24 01:55:00,880 [pool-63-thread-1] INFO  metrics.RatisMetrics (RatisMetrics.java:lambda$create$0(36)) - Creating Metrics Registry : ratis.server.406dfbef-c5e7-4177-bf53-4490cddee952@group-2778CEA97A70
2020-09-24 01:55:00,881 [pool-63-thread-1] INFO  impl.RaftServerImpl (RaftServerImpl.java:start(197)) - 406dfbef-c5e7-4177-bf53-4490cddee952@group-2778CEA97A70: start as a follower, conf=-1: [406dfbef-c5e7-4177-bf53-4490cddee952:172.17.0.2:43517:0], old=null
2020-09-24 01:55:00,881 [pool-63-thread-1] INFO  impl.RaftServerImpl (RaftServerImpl.java:setRole(186)) - 406dfbef-c5e7-4177-bf53-4490cddee952@group-2778CEA97A70: changes role from      null to FOLLOWER at term 0 for startAsFollower
2020-09-24 01:55:00,881 [pool-63-thread-1] INFO  impl.RoleInfo (RoleInfo.java:updateAndGet(143)) - 406dfbef-c5e7-4177-bf53-4490cddee952: start FollowerState
2020-09-24 01:55:00,887 [pool-63-thread-1] INFO  util.JmxRegister (JmxRegister.java:tryRegister(44)) - Successfully registered JMX Bean with object name Ratis:service=RaftServer,group=group-2778CEA97A70,id=406dfbef-c5e7-4177-bf53-4490cddee952
2020-09-24 01:55:00,887 [pool-63-thread-1] INFO  metrics.RatisMetrics (RatisMetrics.java:lambda$create$0(36)) - Creating Metrics Registry : ratis.state_machine.406dfbef-c5e7-4177-bf53-4490cddee952@group-2778CEA97A70
2020-09-24 01:55:00,888 [Command processor thread] INFO  commandhandler.CreatePipelineCommandHandler (CreatePipelineCommandHandler.java:handle(110)) - Created Pipeline RATIS ONE #id: "ac433a11-dda1-4644-a6b9-2778cea97a70"
uuid128 {
  mostSigBits: -6033915227339143612
  leastSigBits: -6433067192905270672
}
.
2020-09-24 01:55:00,889 [Command processor thread] INFO  impl.RaftServerProxy (RaftServerProxy.java:addNew(89)) - 406dfbef-c5e7-4177-bf53-4490cddee952: addNew group-828FCAC9CD85:[80e000f3-57fe-409f-8b55-0def8c2cb3ea:172.17.0.2:43361:0, 406dfbef-c5e7-4177-bf53-4490cddee952:172.17.0.2:43517:0, 56c3813c-334a-40eb-9390-9dfad9ae58fa:172.17.0.2:39383:0] returns group-828FCAC9CD85:java.util.concurrent.CompletableFuture@13a78e05[Not completed]
2020-09-24 01:55:00,895 [pool-63-thread-1] INFO  impl.RaftServerImpl (RaftServerImpl.java:<init>(108)) - 406dfbef-c5e7-4177-bf53-4490cddee952: new RaftServerImpl for group-828FCAC9CD85:[80e000f3-57fe-409f-8b55-0def8c2cb3ea:172.17.0.2:43361:0, 406dfbef-c5e7-4177-bf53-4490cddee952:172.17.0.2:43517:0, 56c3813c-334a-40eb-9390-9dfad9ae58fa:172.17.0.2:39383:0] with ContainerStateMachine:uninitialized
2020-09-24 01:55:00,896 [pool-63-thread-1] INFO  server.RaftServerConfigKeys (ConfUtils.java:logGet(44)) - raft.server.rpc.timeout.min = 5s (custom)
2020-09-24 01:55:00,896 [pool-63-thread-1] INFO  server.RaftServerConfigKeys (ConfUtils.java:logGet(44)) - raft.server.rpc.timeout.max = 5200ms (custom)
2020-09-24 01:55:00,896 [pool-63-thread-1] INFO  server.RaftServerConfigKeys (ConfUtils.java:logGet(44)) - raft.server.rpcslowness.timeout = 300000ms (custom)
2020-09-24 01:55:00,896 [pool-63-thread-1] INFO  server.RaftServerConfigKeys (ConfUtils.java:logGet(44)) - raft.server.sleep.deviation.threshold = 300 (default)
2020-09-24 01:55:00,896 [pool-63-thread-1] INFO  server.RaftServerConfigKeys (ConfUtils.java:logGet(44)) - raft.server.log.appender.install.snapshot.enabled = false (custom)
2020-09-24 01:55:00,896 [pool-63-thread-1] INFO  impl.RaftServerImpl (ServerState.java:<init>(103)) - 406dfbef-c5e7-4177-bf53-4490cddee952@group-828FCAC9CD85: ConfigurationManager, init=-1: [80e000f3-57fe-409f-8b55-0def8c2cb3ea:172.17.0.2:43361:0, 406dfbef-c5e7-4177-bf53-4490cddee952:172.17.0.2:43517:0, 56c3813c-334a-40eb-9390-9dfad9ae58fa:172.17.0.2:39383:0], old=null, confs=<EMPTY_MAP>
2020-09-24 01:55:00,896 [pool-63-thread-1] INFO  server.RaftServerConfigKeys (ConfUtils.java:logGet(44)) - raft.server.storage.dir = [/github/workspace/mnt/ozone/hadoop-ozone/integration-test/target/test-dir/MiniOzoneClusterImpl-cbb2177a-11db-4b99-8b47-fe15cf20b899/datanode-2/data/ratis] (custom)
2020-09-24 01:55:00,896 [pool-63-thread-1] INFO  server.RaftServerConfigKeys (ConfUtils.java:logGet(44)) - raft.server.log.corruption.policy = EXCEPTION (default)
2020-09-24 01:55:00,896 [pool-63-thread-1] INFO  storage.RaftStorageDirectory (RaftStorageDirectory.java:analyzeStorage(261)) - The storage directory /github/workspace/mnt/ozone/hadoop-ozone/integration-test/target/test-dir/MiniOzoneClusterImpl-cbb2177a-11db-4b99-8b47-fe15cf20b899/datanode-2/data/ratis/dc9ecf6b-275b-4189-acb4-828fcac9cd85 does not exist. Creating ...
2020-09-24 01:55:00,897 [pool-63-thread-1] INFO  storage.RaftStorageDirectory (RaftStorageDirectory.java:tryLock(343)) - Lock on /github/workspace/mnt/ozone/hadoop-ozone/integration-test/target/test-dir/MiniOzoneClusterImpl-cbb2177a-11db-4b99-8b47-fe15cf20b899/datanode-2/data/ratis/dc9ecf6b-275b-4189-acb4-828fcac9cd85/in_use.lock acquired by nodename 38446@25c36af82c1d
2020-09-24 01:55:00,898 [pool-63-thread-1] INFO  storage.RaftStorage (RaftStorage.java:format(84)) - Storage directory /github/workspace/mnt/ozone/hadoop-ozone/integration-test/target/test-dir/MiniOzoneClusterImpl-cbb2177a-11db-4b99-8b47-fe15cf20b899/datanode-2/data/ratis/dc9ecf6b-275b-4189-acb4-828fcac9cd85 has been successfully formatted.
2020-09-24 01:55:00,900 [Command processor thread] INFO  impl.RaftServerProxy (RaftServerProxy.java:addNew(89)) - 7748a852-53b3-4637-93dd-12b9afba0c46: addNew group-6D9381BB9BFD:[7748a852-53b3-4637-93dd-12b9afba0c46:172.17.0.2:34301:0] returns group-6D9381BB9BFD:java.util.concurrent.CompletableFuture@62cd2e43[Not completed]
2020-09-24 01:55:00,901 [grpc-default-executor-0] INFO  metrics.RatisMetrics (RatisMetrics.java:lambda$create$0(36)) - Creating Metrics Registry : ratis.server_message_metrics.406dfbef-c5e7-4177-bf53-4490cddee952
2020-09-24 01:55:00,902 [grpc-default-executor-1] INFO  metrics.RatisMetrics (RatisMetrics.java:lambda$create$0(36)) - Creating Metrics Registry : ratis.server_message_metrics.56c3813c-334a-40eb-9390-9dfad9ae58fa
2020-09-24 01:55:00,902 [pool-63-thread-1] INFO  ratis.ContainerStateMachine (ContainerStateMachine.java:loadSnapshot(225)) - group-828FCAC9CD85: The snapshot info is null. Setting the last applied indexto:(t:0, i:~)
2020-09-24 01:55:00,902 [pool-63-thread-1] INFO  server.RaftServerConfigKeys (ConfUtils.java:logGet(44)) - raft.server.notification.no-leader.timeout = 300000ms (custom)
2020-09-24 01:55:00,902 [pool-63-thread-1] INFO  server.RaftServerConfigKeys (ConfUtils.java:logGet(44)) - raft.server.log.use.memory = false (default)
2020-09-24 01:55:00,903 [pool-63-thread-1] INFO  server.RaftServerConfigKeys (ConfUtils.java:logGet(44)) - raft.server.log.purge.gap = 1000000 (custom)
2020-09-24 01:55:00,903 [pool-63-thread-1] INFO  metrics.RatisMetrics (RatisMetrics.java:lambda$create$0(36)) - Creating Metrics Registry : ratis.log_worker.406dfbef-c5e7-4177-bf53-4490cddee952@group-828FCAC9CD85
2020-09-24 01:55:00,903 [pool-63-thread-1] INFO  server.RaftServerConfigKeys (ConfUtils.java:logGet(44)) - raft.server.log.appender.buffer.byte-limit = 33554432 (custom)
2020-09-24 01:55:00,903 [pool-63-thread-1] INFO  server.RaftServerConfigKeys (ConfUtils.java:logGet(44)) - raft.server.log.segment.size.max = 1048576 (custom)
2020-09-24 01:55:00,903 [pool-63-thread-1] INFO  server.RaftServerConfigKeys (ConfUtils.java:logGet(44)) - raft.server.log.segment.cache.num.max = 2 (custom)
2020-09-24 01:55:00,904 [pool-63-thread-1] INFO  segmented.SegmentedRaftLogWorker (SegmentedRaftLogWorker.java:<init>(180)) - new 406dfbef-c5e7-4177-bf53-4490cddee952@group-828FCAC9CD85-SegmentedRaftLogWorker for RaftStorage:Storage Directory /github/workspace/mnt/ozone/hadoop-ozone/integration-test/target/test-dir/MiniOzoneClusterImpl-cbb2177a-11db-4b99-8b47-fe15cf20b899/datanode-2/data/ratis/dc9ecf6b-275b-4189-acb4-828fcac9cd85
2020-09-24 01:55:00,904 [pool-63-thread-1] INFO  server.RaftServerConfigKeys (ConfUtils.java:logGet(44)) - raft.server.log.queue.byte-limit = 2147483647 (custom)
2020-09-24 01:55:00,904 [pool-63-thread-1] INFO  server.RaftServerConfigKeys (ConfUtils.java:logGet(44)) - raft.server.log.queue.element-limit = 1024 (custom)
2020-09-24 01:55:00,904 [pool-63-thread-1] INFO  server.RaftServerConfigKeys (ConfUtils.java:logGet(44)) - raft.server.log.segment.size.max = 1048576 (custom)
2020-09-24 01:55:00,904 [pool-63-thread-1] INFO  server.RaftServerConfigKeys (ConfUtils.java:logGet(44)) - raft.server.log.preallocated.size = 16384 (custom)
2020-09-24 01:55:00,904 [pool-63-thread-1] INFO  server.RaftServerConfigKeys (ConfUtils.java:logGet(44)) - raft.server.log.write.buffer.size = 1048576 (custom)
2020-09-24 01:55:00,904 [pool-63-thread-1] INFO  server.RaftServerConfigKeys (ConfUtils.java:logGet(44)) - raft.server.log.force.sync.num = 128 (default)
2020-09-24 01:55:00,904 [pool-63-thread-1] INFO  server.RaftServerConfigKeys (ConfUtils.java:logGet(44)) - raft.server.log.statemachine.data.sync = true (default)
2020-09-24 01:55:00,904 [pool-63-thread-1] INFO  server.RaftServerConfigKeys (ConfUtils.java:logGet(44)) - raft.server.log.statemachine.data.sync.timeout = 10s (default)
2020-09-24 01:55:00,904 [pool-63-thread-1] INFO  server.RaftServerConfigKeys (ConfUtils.java:logGet(44)) - raft.server.log.statemachine.data.sync.timeout.retry = -1 (default)
2020-09-24 01:55:00,915 [pool-63-thread-1] INFO  server.RaftServerConfigKeys (ConfUtils.java:logGet(44)) - raft.server.log.statemachine.data.caching.enabled = true (custom)
2020-09-24 01:55:00,915 [pool-63-thread-1] INFO  segmented.SegmentedRaftLogWorker (SegmentedRaftLogWorker.java:lambda$new$0(129)) - 406dfbef-c5e7-4177-bf53-4490cddee952@group-828FCAC9CD85-SegmentedRaftLogWorker: flushIndex: setUnconditionally 0 -> -1
2020-09-24 01:55:00,915 [pool-63-thread-1] INFO  segmented.SegmentedRaftLogWorker (SegmentedRaftLogWorker.java:lambda$new$0(129)) - 406dfbef-c5e7-4177-bf53-4490cddee952@group-828FCAC9CD85-SegmentedRaftLogWorker: safeCacheEvictIndex: setUnconditionally 0 -> -1
2020-09-24 01:55:00,916 [pool-78-thread-1] INFO  impl.RaftServerImpl (RaftServerImpl.java:<init>(108)) - 7748a852-53b3-4637-93dd-12b9afba0c46: new RaftServerImpl for group-6D9381BB9BFD:[7748a852-53b3-4637-93dd-12b9afba0c46:172.17.0.2:34301:0] with ContainerStateMachine:uninitialized
2020-09-24 01:55:00,919 [pool-63-thread-1] INFO  server.RaftServerConfigKeys (ConfUtils.java:logGet(44)) - raft.server.snapshot.auto.trigger.enabled = true (custom)
2020-09-24 01:55:00,920 [pool-63-thread-1] INFO  server.RaftServerConfigKeys (ConfUtils.java:logGet(44)) - raft.server.snapshot.auto.trigger.threshold = 1 (custom)
2020-09-24 01:55:00,920 [pool-63-thread-1] INFO  server.RaftServerConfigKeys (ConfUtils.java:logGet(44)) - raft.server.snapshot.retention.file.num = 5 (custom)
2020-09-24 01:55:00,920 [pool-63-thread-1] INFO  server.RaftServerConfigKeys (ConfUtils.java:logGet(44)) - raft.server.log.purge.upto.snapshot.index = false (default)
2020-09-24 01:55:00,939 [pool-78-thread-1] INFO  server.RaftServerConfigKeys (ConfUtils.java:logGet(44)) - raft.server.rpc.timeout.min = 5s (custom)
2020-09-24 01:55:00,939 [pool-78-thread-1] INFO  server.RaftServerConfigKeys (ConfUtils.java:logGet(44)) - raft.server.rpc.timeout.max = 5200ms (custom)
2020-09-24 01:55:00,939 [pool-78-thread-1] INFO  server.RaftServerConfigKeys (ConfUtils.java:logGet(44)) - raft.server.rpcslowness.timeout = 300000ms (custom)
2020-09-24 01:55:00,939 [pool-78-thread-1] INFO  server.RaftServerConfigKeys (ConfUtils.java:logGet(44)) - raft.server.sleep.deviation.threshold = 300 (default)
2020-09-24 01:55:00,939 [pool-78-thread-1] INFO  server.RaftServerConfigKeys (ConfUtils.java:logGet(44)) - raft.server.log.appender.install.snapshot.enabled = false (custom)
2020-09-24 01:55:00,940 [pool-78-thread-1] INFO  impl.RaftServerImpl (ServerState.java:<init>(103)) - 7748a852-53b3-4637-93dd-12b9afba0c46@group-6D9381BB9BFD: ConfigurationManager, init=-1: [7748a852-53b3-4637-93dd-12b9afba0c46:172.17.0.2:34301:0], old=null, confs=<EMPTY_MAP>
2020-09-24 01:55:00,940 [pool-78-thread-1] INFO  server.RaftServerConfigKeys (ConfUtils.java:logGet(44)) - raft.server.storage.dir = [/github/workspace/mnt/ozone/hadoop-ozone/integration-test/target/test-dir/MiniOzoneClusterImpl-cbb2177a-11db-4b99-8b47-fe15cf20b899/datanode-3/data/ratis] (custom)
2020-09-24 01:55:00,940 [pool-78-thread-1] INFO  server.RaftServerConfigKeys (ConfUtils.java:logGet(44)) - raft.server.log.corruption.policy = EXCEPTION (default)
2020-09-24 01:55:00,940 [pool-78-thread-1] INFO  storage.RaftStorageDirectory (RaftStorageDirectory.java:analyzeStorage(261)) - The storage directory /github/workspace/mnt/ozone/hadoop-ozone/integration-test/target/test-dir/MiniOzoneClusterImpl-cbb2177a-11db-4b99-8b47-fe15cf20b899/datanode-3/data/ratis/6f79bd6c-df58-461c-ad28-6d9381bb9bfd does not exist. Creating ...
2020-09-24 01:55:00,943 [pool-63-thread-1] INFO  server.RaftServerConfigKeys (ConfUtils.java:logGet(44)) - raft.server.retrycache.expirytime = 600000ms (custom)
2020-09-24 01:55:00,943 [pool-63-thread-1] INFO  metrics.RatisMetrics (RatisMetrics.java:lambda$create$0(36)) - Creating Metrics Registry : ratis.leader_election.406dfbef-c5e7-4177-bf53-4490cddee952@group-828FCAC9CD85
2020-09-24 01:55:00,944 [pool-78-thread-1] INFO  storage.RaftStorageDirectory (RaftStorageDirectory.java:tryLock(343)) - Lock on /github/workspace/mnt/ozone/hadoop-ozone/integration-test/target/test-dir/MiniOzoneClusterImpl-cbb2177a-11db-4b99-8b47-fe15cf20b899/datanode-3/data/ratis/6f79bd6c-df58-461c-ad28-6d9381bb9bfd/in_use.lock acquired by nodename 38446@25c36af82c1d
2020-09-24 01:55:00,947 [pool-63-thread-1] INFO  metrics.RatisMetrics (RatisMetrics.java:lambda$create$0(36)) - Creating Metrics Registry : ratis.server.406dfbef-c5e7-4177-bf53-4490cddee952@group-828FCAC9CD85
2020-09-24 01:55:00,948 [pool-63-thread-1] INFO  impl.RaftServerImpl (RaftServerImpl.java:start(197)) - 406dfbef-c5e7-4177-bf53-4490cddee952@group-828FCAC9CD85: start as a follower, conf=-1: [80e000f3-57fe-409f-8b55-0def8c2cb3ea:172.17.0.2:43361:0, 406dfbef-c5e7-4177-bf53-4490cddee952:172.17.0.2:43517:0, 56c3813c-334a-40eb-9390-9dfad9ae58fa:172.17.0.2:39383:0], old=null
2020-09-24 01:55:00,948 [pool-63-thread-1] INFO  impl.RaftServerImpl (RaftServerImpl.java:setRole(186)) - 406dfbef-c5e7-4177-bf53-4490cddee952@group-828FCAC9CD85: changes role from      null to FOLLOWER at term 0 for startAsFollower
2020-09-24 01:55:00,948 [pool-63-thread-1] INFO  impl.RoleInfo (RoleInfo.java:updateAndGet(143)) - 406dfbef-c5e7-4177-bf53-4490cddee952: start FollowerState
2020-09-24 01:55:00,951 [pool-63-thread-1] INFO  util.JmxRegister (JmxRegister.java:tryRegister(44)) - Successfully registered JMX Bean with object name Ratis:service=RaftServer,group=group-828FCAC9CD85,id=406dfbef-c5e7-4177-bf53-4490cddee952
2020-09-24 01:55:00,952 [pool-63-thread-1] INFO  metrics.RatisMetrics (RatisMetrics.java:lambda$create$0(36)) - Creating Metrics Registry : ratis.state_machine.406dfbef-c5e7-4177-bf53-4490cddee952@group-828FCAC9CD85
2020-09-24 01:55:00,952 [pool-78-thread-1] INFO  storage.RaftStorage (RaftStorage.java:format(84)) - Storage directory /github/workspace/mnt/ozone/hadoop-ozone/integration-test/target/test-dir/MiniOzoneClusterImpl-cbb2177a-11db-4b99-8b47-fe15cf20b899/datanode-3/data/ratis/6f79bd6c-df58-461c-ad28-6d9381bb9bfd has been successfully formatted.
2020-09-24 01:55:00,952 [pool-78-thread-1] INFO  ratis.ContainerStateMachine (ContainerStateMachine.java:loadSnapshot(225)) - group-6D9381BB9BFD: The snapshot info is null. Setting the last applied indexto:(t:0, i:~)
2020-09-24 01:55:00,952 [pool-78-thread-1] INFO  server.RaftServerConfigKeys (ConfUtils.java:logGet(44)) - raft.server.notification.no-leader.timeout = 300000ms (custom)
2020-09-24 01:55:00,952 [pool-78-thread-1] INFO  server.RaftServerConfigKeys (ConfUtils.java:logGet(44)) - raft.server.log.use.memory = false (default)
2020-09-24 01:55:00,953 [pool-78-thread-1] INFO  server.RaftServerConfigKeys (ConfUtils.java:logGet(44)) - raft.server.log.purge.gap = 1000000 (custom)
2020-09-24 01:55:00,953 [pool-78-thread-1] INFO  metrics.RatisMetrics (RatisMetrics.java:lambda$create$0(36)) - Creating Metrics Registry : ratis.log_worker.7748a852-53b3-4637-93dd-12b9afba0c46@group-6D9381BB9BFD
2020-09-24 01:55:00,953 [pool-78-thread-1] INFO  server.RaftServerConfigKeys (ConfUtils.java:logGet(44)) - raft.server.log.appender.buffer.byte-limit = 33554432 (custom)
2020-09-24 01:55:00,953 [pool-78-thread-1] INFO  server.RaftServerConfigKeys (ConfUtils.java:logGet(44)) - raft.server.log.segment.size.max = 1048576 (custom)
2020-09-24 01:55:00,953 [EventQueue-PipelineReportForPipelineReportHandler] INFO  pipeline.PipelineStateManager (PipelineStateManager.java:openPipeline(131)) - Pipeline Pipeline[ Id: 6f79bd6c-df58-461c-ad28-6d9381bb9bfd, Nodes: 7748a852-53b3-4637-93dd-12b9afba0c46{ip: 172.17.0.2, host: 25c36af82c1d, networkLocation: /default-rack, certSerialId: null}, Type:RATIS, Factor:ONE, State:ALLOCATED, leaderId:7748a852-53b3-4637-93dd-12b9afba0c46, CreationTimestamp2020-09-24T01:54:57.893Z] moved to OPEN state
2020-09-24 01:55:00,954 [EventQueue-OpenPipelineForOneReplicaPipelineSafeModeRule] INFO  safemode.SCMSafeModeManager (SCMSafeModeManager.java:validateSafeModeExitRules(214)) - AtleastOneDatanodeReportedRule rule is successfully validated
2020-09-24 01:55:00,954 [pool-78-thread-1] INFO  server.RaftServerConfigKeys (ConfUtils.java:logGet(44)) - raft.server.log.segment.cache.num.max = 2 (custom)
2020-09-24 01:55:00,954 [pool-78-thread-1] INFO  segmented.SegmentedRaftLogWorker (SegmentedRaftLogWorker.java:<init>(180)) - new 7748a852-53b3-4637-93dd-12b9afba0c46@group-6D9381BB9BFD-SegmentedRaftLogWorker for RaftStorage:Storage Directory /github/workspace/mnt/ozone/hadoop-ozone/integration-test/target/test-dir/MiniOzoneClusterImpl-cbb2177a-11db-4b99-8b47-fe15cf20b899/datanode-3/data/ratis/6f79bd6c-df58-461c-ad28-6d9381bb9bfd
2020-09-24 01:55:00,954 [EventQueue-OpenPipelineForHealthyPipelineSafeModeRule] INFO  safemode.SCMSafeModeManager (HealthyPipelineSafeModeRule.java:process(129)) - SCM in safe mode. Healthy pipelines reported count is 0, required healthy pipeline reported count is 1
2020-09-24 01:55:00,954 [pool-78-thread-1] INFO  server.RaftServerConfigKeys (ConfUtils.java:logGet(44)) - raft.server.log.queue.byte-limit = 2147483647 (custom)
2020-09-24 01:55:00,954 [pool-78-thread-1] INFO  server.RaftServerConfigKeys (ConfUtils.java:logGet(44)) - raft.server.log.queue.element-limit = 1024 (custom)
2020-09-24 01:55:00,954 [pool-78-thread-1] INFO  server.RaftServerConfigKeys (ConfUtils.java:logGet(44)) - raft.server.log.segment.size.max = 1048576 (custom)
2020-09-24 01:55:00,954 [pool-78-thread-1] INFO  server.RaftServerConfigKeys (ConfUtils.java:logGet(44)) - raft.server.log.preallocated.size = 16384 (custom)
2020-09-24 01:55:00,954 [pool-78-thread-1] INFO  server.RaftServerConfigKeys (ConfUtils.java:logGet(44)) - raft.server.log.write.buffer.size = 1048576 (custom)
2020-09-24 01:55:00,954 [pool-78-thread-1] INFO  server.RaftServerConfigKeys (ConfUtils.java:logGet(44)) - raft.server.log.force.sync.num = 128 (default)
2020-09-24 01:55:00,954 [pool-78-thread-1] INFO  server.RaftServerConfigKeys (ConfUtils.java:logGet(44)) - raft.server.log.statemachine.data.sync = true (default)
2020-09-24 01:55:00,954 [pool-78-thread-1] INFO  server.RaftServerConfigKeys (ConfUtils.java:logGet(44)) - raft.server.log.statemachine.data.sync.timeout = 10s (default)
2020-09-24 01:55:00,954 [pool-78-thread-1] INFO  server.RaftServerConfigKeys (ConfUtils.java:logGet(44)) - raft.server.log.statemachine.data.sync.timeout.retry = -1 (default)
2020-09-24 01:55:00,956 [Command processor thread] INFO  metrics.RatisMetrics (RatisMetrics.java:lambda$create$0(36)) - Creating Metrics Registry : ratis.client_message_metrics.client-02BFE1012C65->56c3813c-334a-40eb-9390-9dfad9ae58fa
2020-09-24 01:55:00,970 [pool-78-thread-1] INFO  server.RaftServerConfigKeys (ConfUtils.java:logGet(44)) - raft.server.log.statemachine.data.caching.enabled = true (custom)
2020-09-24 01:55:00,971 [pool-78-thread-1] INFO  segmented.SegmentedRaftLogWorker (SegmentedRaftLogWorker.java:lambda$new$0(129)) - 7748a852-53b3-4637-93dd-12b9afba0c46@group-6D9381BB9BFD-SegmentedRaftLogWorker: flushIndex: setUnconditionally 0 -> -1
2020-09-24 01:55:00,971 [pool-78-thread-1] INFO  segmented.SegmentedRaftLogWorker (SegmentedRaftLogWorker.java:lambda$new$0(129)) - 7748a852-53b3-4637-93dd-12b9afba0c46@group-6D9381BB9BFD-SegmentedRaftLogWorker: safeCacheEvictIndex: setUnconditionally 0 -> -1
2020-09-24 01:55:00,972 [pool-78-thread-1] INFO  server.RaftServerConfigKeys (ConfUtils.java:logGet(44)) - raft.server.snapshot.auto.trigger.enabled = true (custom)
2020-09-24 01:55:00,972 [pool-78-thread-1] INFO  server.RaftServerConfigKeys (ConfUtils.java:logGet(44)) - raft.server.snapshot.auto.trigger.threshold = 1 (custom)
2020-09-24 01:55:00,972 [pool-78-thread-1] INFO  server.RaftServerConfigKeys (ConfUtils.java:logGet(44)) - raft.server.snapshot.retention.file.num = 5 (custom)
2020-09-24 01:55:00,973 [pool-78-thread-1] INFO  server.RaftServerConfigKeys (ConfUtils.java:logGet(44)) - raft.server.log.purge.upto.snapshot.index = false (default)
2020-09-24 01:55:00,973 [pool-78-thread-1] INFO  server.RaftServerConfigKeys (ConfUtils.java:logGet(44)) - raft.server.retrycache.expirytime = 600000ms (custom)
2020-09-24 01:55:00,973 [pool-78-thread-1] INFO  metrics.RatisMetrics (RatisMetrics.java:lambda$create$0(36)) - Creating Metrics Registry : ratis.leader_election.7748a852-53b3-4637-93dd-12b9afba0c46@group-6D9381BB9BFD
2020-09-24 01:55:00,975 [pool-78-thread-1] INFO  metrics.RatisMetrics (RatisMetrics.java:lambda$create$0(36)) - Creating Metrics Registry : ratis.server.7748a852-53b3-4637-93dd-12b9afba0c46@group-6D9381BB9BFD
2020-09-24 01:55:00,976 [pool-78-thread-1] INFO  impl.RaftServerImpl (RaftServerImpl.java:start(197)) - 7748a852-53b3-4637-93dd-12b9afba0c46@group-6D9381BB9BFD: start as a follower, conf=-1: [7748a852-53b3-4637-93dd-12b9afba0c46:172.17.0.2:34301:0], old=null
2020-09-24 01:55:00,976 [pool-78-thread-1] INFO  impl.RaftServerImpl (RaftServerImpl.java:setRole(186)) - 7748a852-53b3-4637-93dd-12b9afba0c46@group-6D9381BB9BFD: changes role from      null to FOLLOWER at term 0 for startAsFollower
2020-09-24 01:55:00,976 [pool-78-thread-1] INFO  impl.RoleInfo (RoleInfo.java:updateAndGet(143)) - 7748a852-53b3-4637-93dd-12b9afba0c46: start FollowerState
2020-09-24 01:55:00,976 [pool-78-thread-1] INFO  util.JmxRegister (JmxRegister.java:tryRegister(44)) - Successfully registered JMX Bean with object name Ratis:service=RaftServer,group=group-6D9381BB9BFD,id=7748a852-53b3-4637-93dd-12b9afba0c46
2020-09-24 01:55:00,977 [pool-78-thread-1] INFO  metrics.RatisMetrics (RatisMetrics.java:lambda$create$0(36)) - Creating Metrics Registry : ratis.state_machine.7748a852-53b3-4637-93dd-12b9afba0c46@group-6D9381BB9BFD
2020-09-24 01:55:00,977 [Command processor thread] INFO  commandhandler.CreatePipelineCommandHandler (CreatePipelineCommandHandler.java:handle(110)) - Created Pipeline RATIS ONE #id: "6f79bd6c-df58-461c-ad28-6d9381bb9bfd"
uuid128 {
  mostSigBits: 8032659685693212188
  leastSigBits: -5969400825775416323
}
.
2020-09-24 01:55:00,978 [Command processor thread] INFO  impl.RaftServerProxy (RaftServerProxy.java:addNew(89)) - 7748a852-53b3-4637-93dd-12b9afba0c46: addNew group-F3B1B5F70853:[5712f1a9-18f2-4cab-a185-faf0697ed33e:172.17.0.2:42927:0, d59a1db7-8b20-4fe0-ae87-b395a7f2c928:172.17.0.2:41915:0, 7748a852-53b3-4637-93dd-12b9afba0c46:172.17.0.2:34301:0] returns group-F3B1B5F70853:java.util.concurrent.CompletableFuture@66f2b6c2[Not completed]
2020-09-24 01:55:00,979 [pool-78-thread-1] INFO  impl.RaftServerImpl (RaftServerImpl.java:<init>(108)) - 7748a852-53b3-4637-93dd-12b9afba0c46: new RaftServerImpl for group-F3B1B5F70853:[5712f1a9-18f2-4cab-a185-faf0697ed33e:172.17.0.2:42927:0, d59a1db7-8b20-4fe0-ae87-b395a7f2c928:172.17.0.2:41915:0, 7748a852-53b3-4637-93dd-12b9afba0c46:172.17.0.2:34301:0] with ContainerStateMachine:uninitialized
2020-09-24 01:55:00,979 [pool-78-thread-1] INFO  server.RaftServerConfigKeys (ConfUtils.java:logGet(44)) - raft.server.rpc.timeout.min = 5s (custom)
2020-09-24 01:55:00,979 [pool-78-thread-1] INFO  server.RaftServerConfigKeys (ConfUtils.java:logGet(44)) - raft.server.rpc.timeout.max = 5200ms (custom)
2020-09-24 01:55:00,979 [pool-78-thread-1] INFO  server.RaftServerConfigKeys (ConfUtils.java:logGet(44)) - raft.server.rpcslowness.timeout = 300000ms (custom)
2020-09-24 01:55:00,979 [pool-78-thread-1] INFO  server.RaftServerConfigKeys (ConfUtils.java:logGet(44)) - raft.server.sleep.deviation.threshold = 300 (default)
2020-09-24 01:55:00,979 [pool-78-thread-1] INFO  server.RaftServerConfigKeys (ConfUtils.java:logGet(44)) - raft.server.log.appender.install.snapshot.enabled = false (custom)
2020-09-24 01:55:00,979 [pool-78-thread-1] INFO  impl.RaftServerImpl (ServerState.java:<init>(103)) - 7748a852-53b3-4637-93dd-12b9afba0c46@group-F3B1B5F70853: ConfigurationManager, init=-1: [5712f1a9-18f2-4cab-a185-faf0697ed33e:172.17.0.2:42927:0, d59a1db7-8b20-4fe0-ae87-b395a7f2c928:172.17.0.2:41915:0, 7748a852-53b3-4637-93dd-12b9afba0c46:172.17.0.2:34301:0], old=null, confs=<EMPTY_MAP>
2020-09-24 01:55:00,979 [pool-78-thread-1] INFO  server.RaftServerConfigKeys (ConfUtils.java:logGet(44)) - raft.server.storage.dir = [/github/workspace/mnt/ozone/hadoop-ozone/integration-test/target/test-dir/MiniOzoneClusterImpl-cbb2177a-11db-4b99-8b47-fe15cf20b899/datanode-3/data/ratis] (custom)
2020-09-24 01:55:00,979 [pool-78-thread-1] INFO  server.RaftServerConfigKeys (ConfUtils.java:logGet(44)) - raft.server.log.corruption.policy = EXCEPTION (default)
2020-09-24 01:55:00,980 [pool-78-thread-1] INFO  storage.RaftStorageDirectory (RaftStorageDirectory.java:analyzeStorage(261)) - The storage directory /github/workspace/mnt/ozone/hadoop-ozone/integration-test/target/test-dir/MiniOzoneClusterImpl-cbb2177a-11db-4b99-8b47-fe15cf20b899/datanode-3/data/ratis/6dbb3e4c-ab38-4a1d-ad64-f3b1b5f70853 does not exist. Creating ...
2020-09-24 01:55:00,989 [pool-78-thread-1] INFO  storage.RaftStorageDirectory (RaftStorageDirectory.java:tryLock(343)) - Lock on /github/workspace/mnt/ozone/hadoop-ozone/integration-test/target/test-dir/MiniOzoneClusterImpl-cbb2177a-11db-4b99-8b47-fe15cf20b899/datanode-3/data/ratis/6dbb3e4c-ab38-4a1d-ad64-f3b1b5f70853/in_use.lock acquired by nodename 38446@25c36af82c1d
2020-09-24 01:55:00,990 [pool-78-thread-1] INFO  storage.RaftStorage (RaftStorage.java:format(84)) - Storage directory /github/workspace/mnt/ozone/hadoop-ozone/integration-test/target/test-dir/MiniOzoneClusterImpl-cbb2177a-11db-4b99-8b47-fe15cf20b899/datanode-3/data/ratis/6dbb3e4c-ab38-4a1d-ad64-f3b1b5f70853 has been successfully formatted.
2020-09-24 01:55:00,990 [pool-78-thread-1] INFO  ratis.ContainerStateMachine (ContainerStateMachine.java:loadSnapshot(225)) - group-F3B1B5F70853: The snapshot info is null. Setting the last applied indexto:(t:0, i:~)
2020-09-24 01:55:00,990 [pool-78-thread-1] INFO  server.RaftServerConfigKeys (ConfUtils.java:logGet(44)) - raft.server.notification.no-leader.timeout = 300000ms (custom)
2020-09-24 01:55:00,990 [pool-78-thread-1] INFO  server.RaftServerConfigKeys (ConfUtils.java:logGet(44)) - raft.server.log.use.memory = false (default)
2020-09-24 01:55:00,991 [pool-78-thread-1] INFO  server.RaftServerConfigKeys (ConfUtils.java:logGet(44)) - raft.server.log.purge.gap = 1000000 (custom)
2020-09-24 01:55:00,991 [pool-78-thread-1] INFO  metrics.RatisMetrics (RatisMetrics.java:lambda$create$0(36)) - Creating Metrics Registry : ratis.log_worker.7748a852-53b3-4637-93dd-12b9afba0c46@group-F3B1B5F70853
2020-09-24 01:55:00,992 [pool-78-thread-1] INFO  server.RaftServerConfigKeys (ConfUtils.java:logGet(44)) - raft.server.log.appender.buffer.byte-limit = 33554432 (custom)
2020-09-24 01:55:00,992 [pool-78-thread-1] INFO  server.RaftServerConfigKeys (ConfUtils.java:logGet(44)) - raft.server.log.segment.size.max = 1048576 (custom)
2020-09-24 01:55:00,992 [pool-78-thread-1] INFO  server.RaftServerConfigKeys (ConfUtils.java:logGet(44)) - raft.server.log.segment.cache.num.max = 2 (custom)
2020-09-24 01:55:00,992 [pool-78-thread-1] INFO  segmented.SegmentedRaftLogWorker (SegmentedRaftLogWorker.java:<init>(180)) - new 7748a852-53b3-4637-93dd-12b9afba0c46@group-F3B1B5F70853-SegmentedRaftLogWorker for RaftStorage:Storage Directory /github/workspace/mnt/ozone/hadoop-ozone/integration-test/target/test-dir/MiniOzoneClusterImpl-cbb2177a-11db-4b99-8b47-fe15cf20b899/datanode-3/data/ratis/6dbb3e4c-ab38-4a1d-ad64-f3b1b5f70853
2020-09-24 01:55:00,993 [pool-78-thread-1] INFO  server.RaftServerConfigKeys (ConfUtils.java:logGet(44)) - raft.server.log.queue.byte-limit = 2147483647 (custom)
2020-09-24 01:55:00,993 [pool-78-thread-1] INFO  server.RaftServerConfigKeys (ConfUtils.java:logGet(44)) - raft.server.log.queue.element-limit = 1024 (custom)
2020-09-24 01:55:00,993 [pool-78-thread-1] INFO  server.RaftServerConfigKeys (ConfUtils.java:logGet(44)) - raft.server.log.segment.size.max = 1048576 (custom)
2020-09-24 01:55:00,993 [pool-78-thread-1] INFO  server.RaftServerConfigKeys (ConfUtils.java:logGet(44)) - raft.server.log.preallocated.size = 16384 (custom)
2020-09-24 01:55:00,993 [pool-78-thread-1] INFO  server.RaftServerConfigKeys (ConfUtils.java:logGet(44)) - raft.server.log.write.buffer.size = 1048576 (custom)
2020-09-24 01:55:00,993 [pool-78-thread-1] INFO  server.RaftServerConfigKeys (ConfUtils.java:logGet(44)) - raft.server.log.force.sync.num = 128 (default)
2020-09-24 01:55:00,999 [pool-78-thread-1] INFO  server.RaftServerConfigKeys (ConfUtils.java:logGet(44)) - raft.server.log.statemachine.data.sync = true (default)
2020-09-24 01:55:00,999 [pool-78-thread-1] INFO  server.RaftServerConfigKeys (ConfUtils.java:logGet(44)) - raft.server.log.statemachine.data.sync.timeout = 10s (default)
2020-09-24 01:55:00,999 [pool-78-thread-1] INFO  server.RaftServerConfigKeys (ConfUtils.java:logGet(44)) - raft.server.log.statemachine.data.sync.timeout.retry = -1 (default)
2020-09-24 01:55:01,003 [pool-78-thread-1] INFO  server.RaftServerConfigKeys (ConfUtils.java:logGet(44)) - raft.server.log.statemachine.data.caching.enabled = true (custom)
2020-09-24 01:55:01,004 [pool-78-thread-1] INFO  segmented.SegmentedRaftLogWorker (SegmentedRaftLogWorker.java:lambda$new$0(129)) - 7748a852-53b3-4637-93dd-12b9afba0c46@group-F3B1B5F70853-SegmentedRaftLogWorker: flushIndex: setUnconditionally 0 -> -1
2020-09-24 01:55:01,004 [pool-78-thread-1] INFO  segmented.SegmentedRaftLogWorker (SegmentedRaftLogWorker.java:lambda$new$0(129)) - 7748a852-53b3-4637-93dd-12b9afba0c46@group-F3B1B5F70853-SegmentedRaftLogWorker: safeCacheEvictIndex: setUnconditionally 0 -> -1
2020-09-24 01:55:01,004 [pool-78-thread-1] INFO  server.RaftServerConfigKeys (ConfUtils.java:logGet(44)) - raft.server.snapshot.auto.trigger.enabled = true (custom)
2020-09-24 01:55:01,004 [pool-78-thread-1] INFO  server.RaftServerConfigKeys (ConfUtils.java:logGet(44)) - raft.server.snapshot.auto.trigger.threshold = 1 (custom)
2020-09-24 01:55:01,004 [pool-78-thread-1] INFO  server.RaftServerConfigKeys (ConfUtils.java:logGet(44)) - raft.server.snapshot.retention.file.num = 5 (custom)
2020-09-24 01:55:01,004 [pool-78-thread-1] INFO  server.RaftServerConfigKeys (ConfUtils.java:logGet(44)) - raft.server.log.purge.upto.snapshot.index = false (default)
2020-09-24 01:55:01,004 [pool-78-thread-1] INFO  server.RaftServerConfigKeys (ConfUtils.java:logGet(44)) - raft.server.retrycache.expirytime = 600000ms (custom)
2020-09-24 01:55:01,008 [pool-78-thread-1] INFO  metrics.RatisMetrics (RatisMetrics.java:lambda$create$0(36)) - Creating Metrics Registry : ratis.leader_election.7748a852-53b3-4637-93dd-12b9afba0c46@group-F3B1B5F70853
2020-09-24 01:55:01,016 [pool-78-thread-1] INFO  metrics.RatisMetrics (RatisMetrics.java:lambda$create$0(36)) - Creating Metrics Registry : ratis.server.7748a852-53b3-4637-93dd-12b9afba0c46@group-F3B1B5F70853
2020-09-24 01:55:01,018 [pool-78-thread-1] INFO  impl.RaftServerImpl (RaftServerImpl.java:start(197)) - 7748a852-53b3-4637-93dd-12b9afba0c46@group-F3B1B5F70853: start as a follower, conf=-1: [5712f1a9-18f2-4cab-a185-faf0697ed33e:172.17.0.2:42927:0, d59a1db7-8b20-4fe0-ae87-b395a7f2c928:172.17.0.2:41915:0, 7748a852-53b3-4637-93dd-12b9afba0c46:172.17.0.2:34301:0], old=null
2020-09-24 01:55:01,018 [pool-78-thread-1] INFO  impl.RaftServerImpl (RaftServerImpl.java:setRole(186)) - 7748a852-53b3-4637-93dd-12b9afba0c46@group-F3B1B5F70853: changes role from      null to FOLLOWER at term 0 for startAsFollower
2020-09-24 01:55:01,018 [pool-78-thread-1] INFO  impl.RoleInfo (RoleInfo.java:updateAndGet(143)) - 7748a852-53b3-4637-93dd-12b9afba0c46: start FollowerState
2020-09-24 01:55:01,035 [pool-78-thread-1] INFO  util.JmxRegister (JmxRegister.java:tryRegister(44)) - Successfully registered JMX Bean with object name Ratis:service=RaftServer,group=group-F3B1B5F70853,id=7748a852-53b3-4637-93dd-12b9afba0c46
2020-09-24 01:55:01,035 [pool-78-thread-1] INFO  metrics.RatisMetrics (RatisMetrics.java:lambda$create$0(36)) - Creating Metrics Registry : ratis.state_machine.7748a852-53b3-4637-93dd-12b9afba0c46@group-F3B1B5F70853
2020-09-24 01:55:01,040 [Command processor thread] INFO  metrics.RatisMetrics (RatisMetrics.java:lambda$create$0(36)) - Creating Metrics Registry : ratis.client_message_metrics.client-78E5218CA4E0->d59a1db7-8b20-4fe0-ae87-b395a7f2c928
2020-09-24 01:55:01,072 [grpc-default-executor-1] INFO  metrics.RatisMetrics (RatisMetrics.java:lambda$create$0(36)) - Creating Metrics Registry : ratis.server_message_metrics.d59a1db7-8b20-4fe0-ae87-b395a7f2c928
2020-09-24 01:55:01,081 [Command processor thread] INFO  metrics.RatisMetrics (RatisMetrics.java:lambda$create$0(36)) - Creating Metrics Registry : ratis.client_message_metrics.client-1A68A1FA87B9->80e000f3-57fe-409f-8b55-0def8c2cb3ea
2020-09-24 01:55:01,083 [grpc-default-executor-1] INFO  impl.RaftServerProxy (RaftServerProxy.java:addNew(89)) - d59a1db7-8b20-4fe0-ae87-b395a7f2c928: addNew group-F3B1B5F70853:[5712f1a9-18f2-4cab-a185-faf0697ed33e:172.17.0.2:42927:0, d59a1db7-8b20-4fe0-ae87-b395a7f2c928:172.17.0.2:41915:0, 7748a852-53b3-4637-93dd-12b9afba0c46:172.17.0.2:34301:0] returns group-F3B1B5F70853:java.util.concurrent.CompletableFuture@c71a154[Not completed]
2020-09-24 01:55:01,086 [Command processor thread] INFO  metrics.RatisMetrics (RatisMetrics.java:lambda$create$0(36)) - Creating Metrics Registry : ratis.client_message_metrics.client-869005773816->80e000f3-57fe-409f-8b55-0def8c2cb3ea
2020-09-24 01:55:01,091 [Command processor thread] INFO  metrics.RatisMetrics (RatisMetrics.java:lambda$create$0(36)) - Creating Metrics Registry : ratis.client_message_metrics.client-56157AC6258F->406dfbef-c5e7-4177-bf53-4490cddee952
2020-09-24 01:55:01,097 [pool-93-thread-1] INFO  impl.RaftServerImpl (RaftServerImpl.java:<init>(108)) - d59a1db7-8b20-4fe0-ae87-b395a7f2c928: new RaftServerImpl for group-F3B1B5F70853:[5712f1a9-18f2-4cab-a185-faf0697ed33e:172.17.0.2:42927:0, d59a1db7-8b20-4fe0-ae87-b395a7f2c928:172.17.0.2:41915:0, 7748a852-53b3-4637-93dd-12b9afba0c46:172.17.0.2:34301:0] with ContainerStateMachine:uninitialized
2020-09-24 01:55:01,100 [pool-93-thread-1] INFO  server.RaftServerConfigKeys (ConfUtils.java:logGet(44)) - raft.server.rpc.timeout.min = 5s (custom)
2020-09-24 01:55:01,100 [pool-93-thread-1] INFO  server.RaftServerConfigKeys (ConfUtils.java:logGet(44)) - raft.server.rpc.timeout.max = 5200ms (custom)
2020-09-24 01:55:01,104 [pool-93-thread-1] INFO  server.RaftServerConfigKeys (ConfUtils.java:logGet(44)) - raft.server.rpcslowness.timeout = 300000ms (custom)
2020-09-24 01:55:01,104 [pool-93-thread-1] INFO  server.RaftServerConfigKeys (ConfUtils.java:logGet(44)) - raft.server.sleep.deviation.threshold = 300 (default)
2020-09-24 01:55:01,105 [pool-93-thread-1] INFO  server.RaftServerConfigKeys (ConfUtils.java:logGet(44)) - raft.server.log.appender.install.snapshot.enabled = false (custom)
2020-09-24 01:55:01,105 [pool-93-thread-1] INFO  impl.RaftServerImpl (ServerState.java:<init>(103)) - d59a1db7-8b20-4fe0-ae87-b395a7f2c928@group-F3B1B5F70853: ConfigurationManager, init=-1: [5712f1a9-18f2-4cab-a185-faf0697ed33e:172.17.0.2:42927:0, d59a1db7-8b20-4fe0-ae87-b395a7f2c928:172.17.0.2:41915:0, 7748a852-53b3-4637-93dd-12b9afba0c46:172.17.0.2:34301:0], old=null, confs=<EMPTY_MAP>
2020-09-24 01:55:01,105 [pool-93-thread-1] INFO  server.RaftServerConfigKeys (ConfUtils.java:logGet(44)) - raft.server.storage.dir = [/github/workspace/mnt/ozone/hadoop-ozone/integration-test/target/test-dir/MiniOzoneClusterImpl-cbb2177a-11db-4b99-8b47-fe15cf20b899/datanode-4/data/ratis] (custom)
2020-09-24 01:55:01,106 [pool-93-thread-1] INFO  server.RaftServerConfigKeys (ConfUtils.java:logGet(44)) - raft.server.log.corruption.policy = EXCEPTION (default)
2020-09-24 01:55:01,107 [pool-93-thread-1] INFO  storage.RaftStorageDirectory (RaftStorageDirectory.java:analyzeStorage(261)) - The storage directory /github/workspace/mnt/ozone/hadoop-ozone/integration-test/target/test-dir/MiniOzoneClusterImpl-cbb2177a-11db-4b99-8b47-fe15cf20b899/datanode-4/data/ratis/6dbb3e4c-ab38-4a1d-ad64-f3b1b5f70853 does not exist. Creating ...
2020-09-24 01:55:01,107 [grpc-default-executor-0] INFO  metrics.RatisMetrics (RatisMetrics.java:lambda$create$0(36)) - Creating Metrics Registry : ratis.server_message_metrics.80e000f3-57fe-409f-8b55-0def8c2cb3ea
2020-09-24 01:55:01,112 [pool-93-thread-1] INFO  storage.RaftStorageDirectory (RaftStorageDirectory.java:tryLock(343)) - Lock on /github/workspace/mnt/ozone/hadoop-ozone/integration-test/target/test-dir/MiniOzoneClusterImpl-cbb2177a-11db-4b99-8b47-fe15cf20b899/datanode-4/data/ratis/6dbb3e4c-ab38-4a1d-ad64-f3b1b5f70853/in_use.lock acquired by nodename 38446@25c36af82c1d
2020-09-24 01:55:01,114 [pool-93-thread-1] INFO  storage.RaftStorage (RaftStorage.java:format(84)) - Storage directory /github/workspace/mnt/ozone/hadoop-ozone/integration-test/target/test-dir/MiniOzoneClusterImpl-cbb2177a-11db-4b99-8b47-fe15cf20b899/datanode-4/data/ratis/6dbb3e4c-ab38-4a1d-ad64-f3b1b5f70853 has been successfully formatted.
2020-09-24 01:55:01,114 [pool-93-thread-1] INFO  ratis.ContainerStateMachine (ContainerStateMachine.java:loadSnapshot(225)) - group-F3B1B5F70853: The snapshot info is null. Setting the last applied indexto:(t:0, i:~)
2020-09-24 01:55:01,114 [pool-93-thread-1] INFO  server.RaftServerConfigKeys (ConfUtils.java:logGet(44)) - raft.server.notification.no-leader.timeout = 300000ms (custom)
2020-09-24 01:55:01,114 [pool-93-thread-1] INFO  server.RaftServerConfigKeys (ConfUtils.java:logGet(44)) - raft.server.log.use.memory = false (default)
2020-09-24 01:55:01,114 [pool-93-thread-1] INFO  server.RaftServerConfigKeys (ConfUtils.java:logGet(44)) - raft.server.log.purge.gap = 1000000 (custom)
2020-09-24 01:55:01,114 [pool-93-thread-1] INFO  metrics.RatisMetrics (RatisMetrics.java:lambda$create$0(36)) - Creating Metrics Registry : ratis.log_worker.d59a1db7-8b20-4fe0-ae87-b395a7f2c928@group-F3B1B5F70853
2020-09-24 01:55:01,118 [Listener at 127.0.0.1/33927] INFO  ozone.MiniOzoneClusterImpl (MiniOzoneClusterImpl.java:lambda$waitForClusterToBeReady$0(177)) - Nodes are ready. Got 10 of 10 DN Heartbeats.
2020-09-24 01:55:01,118 [Listener at 127.0.0.1/33927] INFO  ozone.MiniOzoneClusterImpl (MiniOzoneClusterImpl.java:lambda$waitForClusterToBeReady$0(180)) - Waiting for cluster to exit safe mode
2020-09-24 01:55:01,123 [pool-93-thread-1] INFO  server.RaftServerConfigKeys (ConfUtils.java:logGet(44)) - raft.server.log.appender.buffer.byte-limit = 33554432 (custom)
2020-09-24 01:55:01,123 [pool-93-thread-1] INFO  server.RaftServerConfigKeys (ConfUtils.java:logGet(44)) - raft.server.log.segment.size.max = 1048576 (custom)
2020-09-24 01:55:01,128 [pool-93-thread-1] INFO  server.RaftServerConfigKeys (ConfUtils.java:logGet(44)) - raft.server.log.segment.cache.num.max = 2 (custom)
2020-09-24 01:55:01,129 [pool-93-thread-1] INFO  segmented.SegmentedRaftLogWorker (SegmentedRaftLogWorker.java:<init>(180)) - new d59a1db7-8b20-4fe0-ae87-b395a7f2c928@group-F3B1B5F70853-SegmentedRaftLogWorker for RaftStorage:Storage Directory /github/workspace/mnt/ozone/hadoop-ozone/integration-test/target/test-dir/MiniOzoneClusterImpl-cbb2177a-11db-4b99-8b47-fe15cf20b899/datanode-4/data/ratis/6dbb3e4c-ab38-4a1d-ad64-f3b1b5f70853
2020-09-24 01:55:01,130 [pool-93-thread-1] INFO  server.RaftServerConfigKeys (ConfUtils.java:logGet(44)) - raft.server.log.queue.byte-limit = 2147483647 (custom)
2020-09-24 01:55:01,136 [pool-93-thread-1] INFO  server.RaftServerConfigKeys (ConfUtils.java:logGet(44)) - raft.server.log.queue.element-limit = 1024 (custom)
2020-09-24 01:55:01,136 [pool-93-thread-1] INFO  server.RaftServerConfigKeys (ConfUtils.java:logGet(44)) - raft.server.log.segment.size.max = 1048576 (custom)
2020-09-24 01:55:01,136 [pool-93-thread-1] INFO  server.RaftServerConfigKeys (ConfUtils.java:logGet(44)) - raft.server.log.preallocated.size = 16384 (custom)
2020-09-24 01:55:01,135 [Command processor thread] INFO  impl.RaftServerProxy (RaftServerProxy.java:addNew(89)) - d59a1db7-8b20-4fe0-ae87-b395a7f2c928: addNew group-6B2BAA296B60:[d59a1db7-8b20-4fe0-ae87-b395a7f2c928:172.17.0.2:41915:0] returns group-6B2BAA296B60:java.util.concurrent.CompletableFuture@c15325e[Not completed]
2020-09-24 01:55:01,136 [pool-93-thread-1] INFO  server.RaftServerConfigKeys (ConfUtils.java:logGet(44)) - raft.server.log.write.buffer.size = 1048576 (custom)
2020-09-24 01:55:01,137 [pool-93-thread-1] INFO  server.RaftServerConfigKeys (ConfUtils.java:logGet(44)) - raft.server.log.force.sync.num = 128 (default)
2020-09-24 01:55:01,137 [pool-93-thread-1] INFO  server.RaftServerConfigKeys (ConfUtils.java:logGet(44)) - raft.server.log.statemachine.data.sync = true (default)
2020-09-24 01:55:01,138 [pool-93-thread-1] INFO  server.RaftServerConfigKeys (ConfUtils.java:logGet(44)) - raft.server.log.statemachine.data.sync.timeout = 10s (default)
2020-09-24 01:55:01,138 [pool-93-thread-1] INFO  server.RaftServerConfigKeys (ConfUtils.java:logGet(44)) - raft.server.log.statemachine.data.sync.timeout.retry = -1 (default)
2020-09-24 01:55:01,146 [Command processor thread] INFO  commandhandler.CreatePipelineCommandHandler (CreatePipelineCommandHandler.java:handle(110)) - Created Pipeline RATIS THREE #id: "dc9ecf6b-275b-4189-acb4-828fcac9cd85"
uuid128 {
  mostSigBits: -2549372279916379767
  leastSigBits: -6002028849283871355
}
.
2020-09-24 01:55:01,154 [pool-93-thread-1] INFO  server.RaftServerConfigKeys (ConfUtils.java:logGet(44)) - raft.server.log.statemachine.data.caching.enabled = true (custom)
2020-09-24 01:55:01,156 [pool-93-thread-1] INFO  segmented.SegmentedRaftLogWorker (SegmentedRaftLogWorker.java:lambda$new$0(129)) - d59a1db7-8b20-4fe0-ae87-b395a7f2c928@group-F3B1B5F70853-SegmentedRaftLogWorker: flushIndex: setUnconditionally 0 -> -1
2020-09-24 01:55:01,157 [pool-93-thread-1] INFO  segmented.SegmentedRaftLogWorker (SegmentedRaftLogWorker.java:lambda$new$0(129)) - d59a1db7-8b20-4fe0-ae87-b395a7f2c928@group-F3B1B5F70853-SegmentedRaftLogWorker: safeCacheEvictIndex: setUnconditionally 0 -> -1
2020-09-24 01:55:01,157 [pool-93-thread-1] INFO  server.RaftServerConfigKeys (ConfUtils.java:logGet(44)) - raft.server.snapshot.auto.trigger.enabled = true (custom)
2020-09-24 01:55:01,157 [pool-93-thread-1] INFO  server.RaftServerConfigKeys (ConfUtils.java:logGet(44)) - raft.server.snapshot.auto.trigger.threshold = 1 (custom)
2020-09-24 01:55:01,160 [pool-93-thread-1] INFO  server.RaftServerConfigKeys (ConfUtils.java:logGet(44)) - raft.server.snapshot.retention.file.num = 5 (custom)
2020-09-24 01:55:01,161 [pool-93-thread-1] INFO  server.RaftServerConfigKeys (ConfUtils.java:logGet(44)) - raft.server.log.purge.upto.snapshot.index = false (default)
2020-09-24 01:55:01,161 [pool-93-thread-1] INFO  server.RaftServerConfigKeys (ConfUtils.java:logGet(44)) - raft.server.retrycache.expirytime = 600000ms (custom)
2020-09-24 01:55:01,161 [pool-93-thread-1] INFO  metrics.RatisMetrics (RatisMetrics.java:lambda$create$0(36)) - Creating Metrics Registry : ratis.leader_election.d59a1db7-8b20-4fe0-ae87-b395a7f2c928@group-F3B1B5F70853
2020-09-24 01:55:01,161 [pool-93-thread-1] INFO  metrics.RatisMetrics (RatisMetrics.java:lambda$create$0(36)) - Creating Metrics Registry : ratis.server.d59a1db7-8b20-4fe0-ae87-b395a7f2c928@group-F3B1B5F70853
2020-09-24 01:55:01,163 [pool-93-thread-1] INFO  impl.RaftServerImpl (RaftServerImpl.java:<init>(108)) - d59a1db7-8b20-4fe0-ae87-b395a7f2c928: new RaftServerImpl for group-6B2BAA296B60:[d59a1db7-8b20-4fe0-ae87-b395a7f2c928:172.17.0.2:41915:0] with ContainerStateMachine:uninitialized
2020-09-24 01:55:01,163 [pool-93-thread-1] INFO  server.RaftServerConfigKeys (ConfUtils.java:logGet(44)) - raft.server.rpc.timeout.min = 5s (custom)
2020-09-24 01:55:01,163 [pool-93-thread-1] INFO  server.RaftServerConfigKeys (ConfUtils.java:logGet(44)) - raft.server.rpc.timeout.max = 5200ms (custom)
2020-09-24 01:55:01,163 [pool-93-thread-1] INFO  server.RaftServerConfigKeys (ConfUtils.java:logGet(44)) - raft.server.rpcslowness.timeout = 300000ms (custom)
2020-09-24 01:55:01,163 [pool-93-thread-1] INFO  server.RaftServerConfigKeys (ConfUtils.java:logGet(44)) - raft.server.sleep.deviation.threshold = 300 (default)
2020-09-24 01:55:01,163 [pool-93-thread-1] INFO  server.RaftServerConfigKeys (ConfUtils.java:logGet(44)) - raft.server.log.appender.install.snapshot.enabled = false (custom)
2020-09-24 01:55:01,164 [pool-93-thread-1] INFO  impl.RaftServerImpl (ServerState.java:<init>(103)) - d59a1db7-8b20-4fe0-ae87-b395a7f2c928@group-6B2BAA296B60: ConfigurationManager, init=-1: [d59a1db7-8b20-4fe0-ae87-b395a7f2c928:172.17.0.2:41915:0], old=null, confs=<EMPTY_MAP>
2020-09-24 01:55:01,164 [pool-93-thread-1] INFO  server.RaftServerConfigKeys (ConfUtils.java:logGet(44)) - raft.server.storage.dir = [/github/workspace/mnt/ozone/hadoop-ozone/integration-test/target/test-dir/MiniOzoneClusterImpl-cbb2177a-11db-4b99-8b47-fe15cf20b899/datanode-4/data/ratis] (custom)
2020-09-24 01:55:01,164 [pool-93-thread-1] INFO  server.RaftServerConfigKeys (ConfUtils.java:logGet(44)) - raft.server.log.corruption.policy = EXCEPTION (default)
2020-09-24 01:55:01,164 [pool-93-thread-1] INFO  storage.RaftStorageDirectory (RaftStorageDirectory.java:analyzeStorage(261)) - The storage directory /github/workspace/mnt/ozone/hadoop-ozone/integration-test/target/test-dir/MiniOzoneClusterImpl-cbb2177a-11db-4b99-8b47-fe15cf20b899/datanode-4/data/ratis/0ba8fe76-0f89-4057-9187-6b2baa296b60 does not exist. Creating ...
2020-09-24 01:55:01,158 [Command processor thread] INFO  commandhandler.CreatePipelineCommandHandler (CreatePipelineCommandHandler.java:handle(110)) - Created Pipeline RATIS THREE #id: "dc9ecf6b-275b-4189-acb4-828fcac9cd85"
uuid128 {
  mostSigBits: -2549372279916379767
  leastSigBits: -6002028849283871355
}
.
2020-09-24 01:55:01,157 [Command processor thread] INFO  commandhandler.CreatePipelineCommandHandler (CreatePipelineCommandHandler.java:handle(110)) - Created Pipeline RATIS THREE #id: "dc9ecf6b-275b-4189-acb4-828fcac9cd85"
uuid128 {
  mostSigBits: -2549372279916379767
  leastSigBits: -6002028849283871355
}
.
2020-09-24 01:55:01,165 [pool-93-thread-1] INFO  storage.RaftStorageDirectory (RaftStorageDirectory.java:tryLock(343)) - Lock on /github/workspace/mnt/ozone/hadoop-ozone/integration-test/target/test-dir/MiniOzoneClusterImpl-cbb2177a-11db-4b99-8b47-fe15cf20b899/datanode-4/data/ratis/0ba8fe76-0f89-4057-9187-6b2baa296b60/in_use.lock acquired by nodename 38446@25c36af82c1d
2020-09-24 01:55:01,166 [pool-93-thread-1] INFO  storage.RaftStorage (RaftStorage.java:format(84)) - Storage directory /github/workspace/mnt/ozone/hadoop-ozone/integration-test/target/test-dir/MiniOzoneClusterImpl-cbb2177a-11db-4b99-8b47-fe15cf20b899/datanode-4/data/ratis/0ba8fe76-0f89-4057-9187-6b2baa296b60 has been successfully formatted.
2020-09-24 01:55:01,166 [pool-93-thread-1] INFO  ratis.ContainerStateMachine (ContainerStateMachine.java:loadSnapshot(225)) - group-6B2BAA296B60: The snapshot info is null. Setting the last applied indexto:(t:0, i:~)
2020-09-24 01:55:01,167 [EventQueue-PipelineReportForPipelineReportHandler] INFO  pipeline.PipelineStateManager (PipelineStateManager.java:openPipeline(131)) - Pipeline Pipeline[ Id: 0ba8fe76-0f89-4057-9187-6b2baa296b60, Nodes: d59a1db7-8b20-4fe0-ae87-b395a7f2c928{ip: 172.17.0.2, host: 25c36af82c1d, networkLocation: /default-rack, certSerialId: null}, Type:RATIS, Factor:ONE, State:ALLOCATED, leaderId:d59a1db7-8b20-4fe0-ae87-b395a7f2c928, CreationTimestamp2020-09-24T01:54:58.139Z] moved to OPEN state
2020-09-24 01:55:01,167 [EventQueue-OpenPipelineForHealthyPipelineSafeModeRule] INFO  safemode.SCMSafeModeManager (HealthyPipelineSafeModeRule.java:process(129)) - SCM in safe mode. Healthy pipelines reported count is 0, required healthy pipeline reported count is 1
2020-09-24 01:55:01,167 [EventQueue-OpenPipelineForOneReplicaPipelineSafeModeRule] INFO  safemode.SCMSafeModeManager (SCMSafeModeManager.java:validateSafeModeExitRules(214)) - AtleastOneDatanodeReportedRule rule is successfully validated
2020-09-24 01:55:01,167 [pool-93-thread-1] INFO  server.RaftServerConfigKeys (ConfUtils.java:logGet(44)) - raft.server.notification.no-leader.timeout = 300000ms (custom)
2020-09-24 01:55:01,168 [pool-93-thread-1] INFO  server.RaftServerConfigKeys (ConfUtils.java:logGet(44)) - raft.server.log.use.memory = false (default)
2020-09-24 01:55:01,168 [pool-93-thread-1] INFO  server.RaftServerConfigKeys (ConfUtils.java:logGet(44)) - raft.server.log.purge.gap = 1000000 (custom)
2020-09-24 01:55:01,168 [pool-93-thread-1] INFO  metrics.RatisMetrics (RatisMetrics.java:lambda$create$0(36)) - Creating Metrics Registry : ratis.log_worker.d59a1db7-8b20-4fe0-ae87-b395a7f2c928@group-6B2BAA296B60
2020-09-24 01:55:01,168 [pool-93-thread-1] INFO  server.RaftServerConfigKeys (ConfUtils.java:logGet(44)) - raft.server.log.appender.buffer.byte-limit = 33554432 (custom)
2020-09-24 01:55:01,168 [pool-93-thread-1] INFO  server.RaftServerConfigKeys (ConfUtils.java:logGet(44)) - raft.server.log.segment.size.max = 1048576 (custom)
2020-09-24 01:55:01,169 [pool-93-thread-1] INFO  server.RaftServerConfigKeys (ConfUtils.java:logGet(44)) - raft.server.log.segment.cache.num.max = 2 (custom)
2020-09-24 01:55:01,169 [pool-93-thread-1] INFO  segmented.SegmentedRaftLogWorker (SegmentedRaftLogWorker.java:<init>(180)) - new d59a1db7-8b20-4fe0-ae87-b395a7f2c928@group-6B2BAA296B60-SegmentedRaftLogWorker for RaftStorage:Storage Directory /github/workspace/mnt/ozone/hadoop-ozone/integration-test/target/test-dir/MiniOzoneClusterImpl-cbb2177a-11db-4b99-8b47-fe15cf20b899/datanode-4/data/ratis/0ba8fe76-0f89-4057-9187-6b2baa296b60
2020-09-24 01:55:01,169 [pool-93-thread-1] INFO  server.RaftServerConfigKeys (ConfUtils.java:logGet(44)) - raft.server.log.queue.byte-limit = 2147483647 (custom)
2020-09-24 01:55:01,169 [pool-93-thread-1] INFO  server.RaftServerConfigKeys (ConfUtils.java:logGet(44)) - raft.server.log.queue.element-limit = 1024 (custom)
2020-09-24 01:55:01,169 [pool-93-thread-1] INFO  server.RaftServerConfigKeys (ConfUtils.java:logGet(44)) - raft.server.log.segment.size.max = 1048576 (custom)
2020-09-24 01:55:01,169 [pool-93-thread-1] INFO  server.RaftServerConfigKeys (ConfUtils.java:logGet(44)) - raft.server.log.preallocated.size = 16384 (custom)
2020-09-24 01:55:01,169 [pool-93-thread-1] INFO  server.RaftServerConfigKeys (ConfUtils.java:logGet(44)) - raft.server.log.write.buffer.size = 1048576 (custom)
2020-09-24 01:55:01,169 [pool-93-thread-1] INFO  server.RaftServerConfigKeys (ConfUtils.java:logGet(44)) - raft.server.log.force.sync.num = 128 (default)
2020-09-24 01:55:01,169 [pool-93-thread-1] INFO  server.RaftServerConfigKeys (ConfUtils.java:logGet(44)) - raft.server.log.statemachine.data.sync = true (default)
2020-09-24 01:55:01,169 [pool-93-thread-1] INFO  server.RaftServerConfigKeys (ConfUtils.java:logGet(44)) - raft.server.log.statemachine.data.sync.timeout = 10s (default)
2020-09-24 01:55:01,169 [pool-93-thread-1] INFO  server.RaftServerConfigKeys (ConfUtils.java:logGet(44)) - raft.server.log.statemachine.data.sync.timeout.retry = -1 (default)
2020-09-24 01:55:01,171 [pool-93-thread-1] INFO  server.RaftServerConfigKeys (ConfUtils.java:logGet(44)) - raft.server.log.statemachine.data.caching.enabled = true (custom)
2020-09-24 01:55:01,171 [pool-93-thread-1] INFO  segmented.SegmentedRaftLogWorker (SegmentedRaftLogWorker.java:lambda$new$0(129)) - d59a1db7-8b20-4fe0-ae87-b395a7f2c928@group-6B2BAA296B60-SegmentedRaftLogWorker: flushIndex: setUnconditionally 0 -> -1
2020-09-24 01:55:01,171 [pool-93-thread-1] INFO  segmented.SegmentedRaftLogWorker (SegmentedRaftLogWorker.java:lambda$new$0(129)) - d59a1db7-8b20-4fe0-ae87-b395a7f2c928@group-6B2BAA296B60-SegmentedRaftLogWorker: safeCacheEvictIndex: setUnconditionally 0 -> -1
2020-09-24 01:55:01,175 [pool-93-thread-1] INFO  server.RaftServerConfigKeys (ConfUtils.java:logGet(44)) - raft.server.snapshot.auto.trigger.enabled = true (custom)
2020-09-24 01:55:01,175 [pool-93-thread-1] INFO  server.RaftServerConfigKeys (ConfUtils.java:logGet(44)) - raft.server.snapshot.auto.trigger.threshold = 1 (custom)
2020-09-24 01:55:01,175 [pool-93-thread-1] INFO  server.RaftServerConfigKeys (ConfUtils.java:logGet(44)) - raft.server.snapshot.retention.file.num = 5 (custom)
2020-09-24 01:55:01,175 [pool-93-thread-1] INFO  server.RaftServerConfigKeys (ConfUtils.java:logGet(44)) - raft.server.log.purge.upto.snapshot.index = false (default)
2020-09-24 01:55:01,175 [pool-93-thread-1] INFO  server.RaftServerConfigKeys (ConfUtils.java:logGet(44)) - raft.server.retrycache.expirytime = 600000ms (custom)
2020-09-24 01:55:01,175 [pool-93-thread-1] INFO  metrics.RatisMetrics (RatisMetrics.java:lambda$create$0(36)) - Creating Metrics Registry : ratis.leader_election.d59a1db7-8b20-4fe0-ae87-b395a7f2c928@group-6B2BAA296B60
2020-09-24 01:55:01,176 [pool-93-thread-1] INFO  metrics.RatisMetrics (RatisMetrics.java:lambda$create$0(36)) - Creating Metrics Registry : ratis.server.d59a1db7-8b20-4fe0-ae87-b395a7f2c928@group-6B2BAA296B60
2020-09-24 01:55:01,177 [pool-93-thread-1] INFO  impl.RaftServerImpl (RaftServerImpl.java:start(197)) - d59a1db7-8b20-4fe0-ae87-b395a7f2c928@group-F3B1B5F70853: start as a follower, conf=-1: [5712f1a9-18f2-4cab-a185-faf0697ed33e:172.17.0.2:42927:0, d59a1db7-8b20-4fe0-ae87-b395a7f2c928:172.17.0.2:41915:0, 7748a852-53b3-4637-93dd-12b9afba0c46:172.17.0.2:34301:0], old=null
2020-09-24 01:55:01,177 [pool-93-thread-1] INFO  impl.RaftServerImpl (RaftServerImpl.java:setRole(186)) - d59a1db7-8b20-4fe0-ae87-b395a7f2c928@group-F3B1B5F70853: changes role from      null to FOLLOWER at term 0 for startAsFollower
2020-09-24 01:55:01,177 [pool-93-thread-1] INFO  impl.RoleInfo (RoleInfo.java:updateAndGet(143)) - d59a1db7-8b20-4fe0-ae87-b395a7f2c928: start FollowerState
2020-09-24 01:55:01,183 [pool-93-thread-1] INFO  util.JmxRegister (JmxRegister.java:tryRegister(44)) - Successfully registered JMX Bean with object name Ratis:service=RaftServer,group=group-F3B1B5F70853,id=d59a1db7-8b20-4fe0-ae87-b395a7f2c928
2020-09-24 01:55:01,183 [pool-93-thread-1] INFO  metrics.RatisMetrics (RatisMetrics.java:lambda$create$0(36)) - Creating Metrics Registry : ratis.state_machine.d59a1db7-8b20-4fe0-ae87-b395a7f2c928@group-F3B1B5F70853
2020-09-24 01:55:01,184 [pool-93-thread-1] INFO  impl.RaftServerImpl (RaftServerImpl.java:start(197)) - d59a1db7-8b20-4fe0-ae87-b395a7f2c928@group-6B2BAA296B60: start as a follower, conf=-1: [d59a1db7-8b20-4fe0-ae87-b395a7f2c928:172.17.0.2:41915:0], old=null
2020-09-24 01:55:01,184 [pool-93-thread-1] INFO  impl.RaftServerImpl (RaftServerImpl.java:setRole(186)) - d59a1db7-8b20-4fe0-ae87-b395a7f2c928@group-6B2BAA296B60: changes role from      null to FOLLOWER at term 0 for startAsFollower
2020-09-24 01:55:01,184 [pool-93-thread-1] INFO  impl.RoleInfo (RoleInfo.java:updateAndGet(143)) - d59a1db7-8b20-4fe0-ae87-b395a7f2c928: start FollowerState
2020-09-24 01:55:01,191 [pool-93-thread-1] INFO  util.JmxRegister (JmxRegister.java:tryRegister(44)) - Successfully registered JMX Bean with object name Ratis:service=RaftServer,group=group-6B2BAA296B60,id=d59a1db7-8b20-4fe0-ae87-b395a7f2c928
2020-09-24 01:55:01,191 [pool-93-thread-1] INFO  metrics.RatisMetrics (RatisMetrics.java:lambda$create$0(36)) - Creating Metrics Registry : ratis.state_machine.d59a1db7-8b20-4fe0-ae87-b395a7f2c928@group-6B2BAA296B60
2020-09-24 01:55:01,212 [Command processor thread] INFO  commandhandler.CreatePipelineCommandHandler (CreatePipelineCommandHandler.java:handle(110)) - Created Pipeline RATIS ONE #id: "0ba8fe76-0f89-4057-9187-6b2baa296b60"
uuid128 {
  mostSigBits: 840201113524846679
  leastSigBits: -7960275981071455392
}
.
2020-09-24 01:55:01,226 [Command processor thread] INFO  metrics.RatisMetrics (RatisMetrics.java:lambda$create$0(36)) - Creating Metrics Registry : ratis.client_message_metrics.client-778DD43E135B->5712f1a9-18f2-4cab-a185-faf0697ed33e
2020-09-24 01:55:01,235 [grpc-default-executor-0] INFO  metrics.RatisMetrics (RatisMetrics.java:lambda$create$0(36)) - Creating Metrics Registry : ratis.server_message_metrics.5712f1a9-18f2-4cab-a185-faf0697ed33e
2020-09-24 01:55:01,240 [grpc-default-executor-0] INFO  impl.RaftServerProxy (RaftServerProxy.java:addNew(89)) - 5712f1a9-18f2-4cab-a185-faf0697ed33e: addNew group-F3B1B5F70853:[5712f1a9-18f2-4cab-a185-faf0697ed33e:172.17.0.2:42927:0, d59a1db7-8b20-4fe0-ae87-b395a7f2c928:172.17.0.2:41915:0, 7748a852-53b3-4637-93dd-12b9afba0c46:172.17.0.2:34301:0] returns group-F3B1B5F70853:java.util.concurrent.CompletableFuture@68005664[Not completed]
2020-09-24 01:55:01,241 [pool-108-thread-1] INFO  impl.RaftServerImpl (RaftServerImpl.java:<init>(108)) - 5712f1a9-18f2-4cab-a185-faf0697ed33e: new RaftServerImpl for group-F3B1B5F70853:[5712f1a9-18f2-4cab-a185-faf0697ed33e:172.17.0.2:42927:0, d59a1db7-8b20-4fe0-ae87-b395a7f2c928:172.17.0.2:41915:0, 7748a852-53b3-4637-93dd-12b9afba0c46:172.17.0.2:34301:0] with ContainerStateMachine:uninitialized
2020-09-24 01:55:01,242 [pool-108-thread-1] INFO  server.RaftServerConfigKeys (ConfUtils.java:logGet(44)) - raft.server.rpc.timeout.min = 5s (custom)
2020-09-24 01:55:01,251 [pool-108-thread-1] INFO  server.RaftServerConfigKeys (ConfUtils.java:logGet(44)) - raft.server.rpc.timeout.max = 5200ms (custom)
2020-09-24 01:55:01,251 [pool-108-thread-1] INFO  server.RaftServerConfigKeys (ConfUtils.java:logGet(44)) - raft.server.rpcslowness.timeout = 300000ms (custom)
2020-09-24 01:55:01,251 [pool-108-thread-1] INFO  server.RaftServerConfigKeys (ConfUtils.java:logGet(44)) - raft.server.sleep.deviation.threshold = 300 (default)
2020-09-24 01:55:01,251 [pool-108-thread-1] INFO  server.RaftServerConfigKeys (ConfUtils.java:logGet(44)) - raft.server.log.appender.install.snapshot.enabled = false (custom)
2020-09-24 01:55:01,251 [pool-108-thread-1] INFO  impl.RaftServerImpl (ServerState.java:<init>(103)) - 5712f1a9-18f2-4cab-a185-faf0697ed33e@group-F3B1B5F70853: ConfigurationManager, init=-1: [5712f1a9-18f2-4cab-a185-faf0697ed33e:172.17.0.2:42927:0, d59a1db7-8b20-4fe0-ae87-b395a7f2c928:172.17.0.2:41915:0, 7748a852-53b3-4637-93dd-12b9afba0c46:172.17.0.2:34301:0], old=null, confs=<EMPTY_MAP>
2020-09-24 01:55:01,251 [pool-108-thread-1] INFO  server.RaftServerConfigKeys (ConfUtils.java:logGet(44)) - raft.server.storage.dir = [/github/workspace/mnt/ozone/hadoop-ozone/integration-test/target/test-dir/MiniOzoneClusterImpl-cbb2177a-11db-4b99-8b47-fe15cf20b899/datanode-5/data/ratis] (custom)
2020-09-24 01:55:01,251 [pool-108-thread-1] INFO  server.RaftServerConfigKeys (ConfUtils.java:logGet(44)) - raft.server.log.corruption.policy = EXCEPTION (default)
2020-09-24 01:55:01,252 [pool-108-thread-1] INFO  storage.RaftStorageDirectory (RaftStorageDirectory.java:analyzeStorage(261)) - The storage directory /github/workspace/mnt/ozone/hadoop-ozone/integration-test/target/test-dir/MiniOzoneClusterImpl-cbb2177a-11db-4b99-8b47-fe15cf20b899/datanode-5/data/ratis/6dbb3e4c-ab38-4a1d-ad64-f3b1b5f70853 does not exist. Creating ...
2020-09-24 01:55:01,252 [pool-108-thread-1] INFO  storage.RaftStorageDirectory (RaftStorageDirectory.java:tryLock(343)) - Lock on /github/workspace/mnt/ozone/hadoop-ozone/integration-test/target/test-dir/MiniOzoneClusterImpl-cbb2177a-11db-4b99-8b47-fe15cf20b899/datanode-5/data/ratis/6dbb3e4c-ab38-4a1d-ad64-f3b1b5f70853/in_use.lock acquired by nodename 38446@25c36af82c1d
2020-09-24 01:55:01,253 [pool-108-thread-1] INFO  storage.RaftStorage (RaftStorage.java:format(84)) - Storage directory /github/workspace/mnt/ozone/hadoop-ozone/integration-test/target/test-dir/MiniOzoneClusterImpl-cbb2177a-11db-4b99-8b47-fe15cf20b899/datanode-5/data/ratis/6dbb3e4c-ab38-4a1d-ad64-f3b1b5f70853 has been successfully formatted.
2020-09-24 01:55:01,254 [pool-108-thread-1] INFO  ratis.ContainerStateMachine (ContainerStateMachine.java:loadSnapshot(225)) - group-F3B1B5F70853: The snapshot info is null. Setting the last applied indexto:(t:0, i:~)
2020-09-24 01:55:01,254 [pool-108-thread-1] INFO  server.RaftServerConfigKeys (ConfUtils.java:logGet(44)) - raft.server.notification.no-leader.timeout = 300000ms (custom)
2020-09-24 01:55:01,254 [pool-108-thread-1] INFO  server.RaftServerConfigKeys (ConfUtils.java:logGet(44)) - raft.server.log.use.memory = false (default)
2020-09-24 01:55:01,254 [pool-108-thread-1] INFO  server.RaftServerConfigKeys (ConfUtils.java:logGet(44)) - raft.server.log.purge.gap = 1000000 (custom)
2020-09-24 01:55:01,254 [pool-108-thread-1] INFO  metrics.RatisMetrics (RatisMetrics.java:lambda$create$0(36)) - Creating Metrics Registry : ratis.log_worker.5712f1a9-18f2-4cab-a185-faf0697ed33e@group-F3B1B5F70853
2020-09-24 01:55:01,254 [pool-108-thread-1] INFO  server.RaftServerConfigKeys (ConfUtils.java:logGet(44)) - raft.server.log.appender.buffer.byte-limit = 33554432 (custom)
2020-09-24 01:55:01,254 [pool-108-thread-1] INFO  server.RaftServerConfigKeys (ConfUtils.java:logGet(44)) - raft.server.log.segment.size.max = 1048576 (custom)
2020-09-24 01:55:01,255 [pool-108-thread-1] INFO  server.RaftServerConfigKeys (ConfUtils.java:logGet(44)) - raft.server.log.segment.cache.num.max = 2 (custom)
2020-09-24 01:55:01,255 [pool-108-thread-1] INFO  segmented.SegmentedRaftLogWorker (SegmentedRaftLogWorker.java:<init>(180)) - new 5712f1a9-18f2-4cab-a185-faf0697ed33e@group-F3B1B5F70853-SegmentedRaftLogWorker for RaftStorage:Storage Directory /github/workspace/mnt/ozone/hadoop-ozone/integration-test/target/test-dir/MiniOzoneClusterImpl-cbb2177a-11db-4b99-8b47-fe15cf20b899/datanode-5/data/ratis/6dbb3e4c-ab38-4a1d-ad64-f3b1b5f70853
2020-09-24 01:55:01,256 [pool-108-thread-1] INFO  server.RaftServerConfigKeys (ConfUtils.java:logGet(44)) - raft.server.log.queue.byte-limit = 2147483647 (custom)
2020-09-24 01:55:01,256 [pool-108-thread-1] INFO  server.RaftServerConfigKeys (ConfUtils.java:logGet(44)) - raft.server.log.queue.element-limit = 1024 (custom)
2020-09-24 01:55:01,256 [pool-108-thread-1] INFO  server.RaftServerConfigKeys (ConfUtils.java:logGet(44)) - raft.server.log.segment.size.max = 1048576 (custom)
2020-09-24 01:55:01,256 [pool-108-thread-1] INFO  server.RaftServerConfigKeys (ConfUtils.java:logGet(44)) - raft.server.log.preallocated.size = 16384 (custom)
2020-09-24 01:55:01,256 [pool-108-thread-1] INFO  server.RaftServerConfigKeys (ConfUtils.java:logGet(44)) - raft.server.log.write.buffer.size = 1048576 (custom)
2020-09-24 01:55:01,256 [pool-108-thread-1] INFO  server.RaftServerConfigKeys (ConfUtils.java:logGet(44)) - raft.server.log.force.sync.num = 128 (default)
2020-09-24 01:55:01,256 [pool-108-thread-1] INFO  server.RaftServerConfigKeys (ConfUtils.java:logGet(44)) - raft.server.log.statemachine.data.sync = true (default)
2020-09-24 01:55:01,256 [pool-108-thread-1] INFO  server.RaftServerConfigKeys (ConfUtils.java:logGet(44)) - raft.server.log.statemachine.data.sync.timeout = 10s (default)
2020-09-24 01:55:01,256 [pool-108-thread-1] INFO  server.RaftServerConfigKeys (ConfUtils.java:logGet(44)) - raft.server.log.statemachine.data.sync.timeout.retry = -1 (default)
2020-09-24 01:55:01,258 [pool-108-thread-1] INFO  server.RaftServerConfigKeys (ConfUtils.java:logGet(44)) - raft.server.log.statemachine.data.caching.enabled = true (custom)
2020-09-24 01:55:01,258 [pool-108-thread-1] INFO  segmented.SegmentedRaftLogWorker (SegmentedRaftLogWorker.java:lambda$new$0(129)) - 5712f1a9-18f2-4cab-a185-faf0697ed33e@group-F3B1B5F70853-SegmentedRaftLogWorker: flushIndex: setUnconditionally 0 -> -1
2020-09-24 01:55:01,258 [pool-108-thread-1] INFO  segmented.SegmentedRaftLogWorker (SegmentedRaftLogWorker.java:lambda$new$0(129)) - 5712f1a9-18f2-4cab-a185-faf0697ed33e@group-F3B1B5F70853-SegmentedRaftLogWorker: safeCacheEvictIndex: setUnconditionally 0 -> -1
2020-09-24 01:55:01,263 [pool-108-thread-1] INFO  server.RaftServerConfigKeys (ConfUtils.java:logGet(44)) - raft.server.snapshot.auto.trigger.enabled = true (custom)
2020-09-24 01:55:01,263 [pool-108-thread-1] INFO  server.RaftServerConfigKeys (ConfUtils.java:logGet(44)) - raft.server.snapshot.auto.trigger.threshold = 1 (custom)
2020-09-24 01:55:01,263 [pool-108-thread-1] INFO  server.RaftServerConfigKeys (ConfUtils.java:logGet(44)) - raft.server.snapshot.retention.file.num = 5 (custom)
2020-09-24 01:55:01,263 [pool-108-thread-1] INFO  server.RaftServerConfigKeys (ConfUtils.java:logGet(44)) - raft.server.log.purge.upto.snapshot.index = false (default)
2020-09-24 01:55:01,263 [pool-108-thread-1] INFO  server.RaftServerConfigKeys (ConfUtils.java:logGet(44)) - raft.server.retrycache.expirytime = 600000ms (custom)
2020-09-24 01:55:01,263 [pool-108-thread-1] INFO  metrics.RatisMetrics (RatisMetrics.java:lambda$create$0(36)) - Creating Metrics Registry : ratis.leader_election.5712f1a9-18f2-4cab-a185-faf0697ed33e@group-F3B1B5F70853
2020-09-24 01:55:01,263 [pool-108-thread-1] INFO  metrics.RatisMetrics (RatisMetrics.java:lambda$create$0(36)) - Creating Metrics Registry : ratis.server.5712f1a9-18f2-4cab-a185-faf0697ed33e@group-F3B1B5F70853
2020-09-24 01:55:01,264 [pool-108-thread-1] INFO  impl.RaftServerImpl (RaftServerImpl.java:start(197)) - 5712f1a9-18f2-4cab-a185-faf0697ed33e@group-F3B1B5F70853: start as a follower, conf=-1: [5712f1a9-18f2-4cab-a185-faf0697ed33e:172.17.0.2:42927:0, d59a1db7-8b20-4fe0-ae87-b395a7f2c928:172.17.0.2:41915:0, 7748a852-53b3-4637-93dd-12b9afba0c46:172.17.0.2:34301:0], old=null
2020-09-24 01:55:01,264 [pool-108-thread-1] INFO  impl.RaftServerImpl (RaftServerImpl.java:setRole(186)) - 5712f1a9-18f2-4cab-a185-faf0697ed33e@group-F3B1B5F70853: changes role from      null to FOLLOWER at term 0 for startAsFollower
2020-09-24 01:55:01,264 [pool-108-thread-1] INFO  impl.RoleInfo (RoleInfo.java:updateAndGet(143)) - 5712f1a9-18f2-4cab-a185-faf0697ed33e: start FollowerState
2020-09-24 01:55:01,265 [pool-108-thread-1] INFO  util.JmxRegister (JmxRegister.java:tryRegister(44)) - Successfully registered JMX Bean with object name Ratis:service=RaftServer,group=group-F3B1B5F70853,id=5712f1a9-18f2-4cab-a185-faf0697ed33e
2020-09-24 01:55:01,265 [pool-108-thread-1] INFO  metrics.RatisMetrics (RatisMetrics.java:lambda$create$0(36)) - Creating Metrics Registry : ratis.state_machine.5712f1a9-18f2-4cab-a185-faf0697ed33e@group-F3B1B5F70853
2020-09-24 01:55:01,277 [Command processor thread] INFO  commandhandler.CreatePipelineCommandHandler (CreatePipelineCommandHandler.java:handle(110)) - Created Pipeline RATIS THREE #id: "6dbb3e4c-ab38-4a1d-ad64-f3b1b5f70853"
uuid128 {
  mostSigBits: 7906982069790067229
  leastSigBits: -5952364862889326509
}
.
2020-09-24 01:55:01,354 [Command processor thread] INFO  impl.RaftServerProxy (RaftServerProxy.java:addNew(89)) - 5712f1a9-18f2-4cab-a185-faf0697ed33e: addNew group-2F8836E60D5C:[5712f1a9-18f2-4cab-a185-faf0697ed33e:172.17.0.2:42927:0] returns group-2F8836E60D5C:java.util.concurrent.CompletableFuture@2d05d588[Not completed]
2020-09-24 01:55:01,355 [pool-108-thread-1] INFO  impl.RaftServerImpl (RaftServerImpl.java:<init>(108)) - 5712f1a9-18f2-4cab-a185-faf0697ed33e: new RaftServerImpl for group-2F8836E60D5C:[5712f1a9-18f2-4cab-a185-faf0697ed33e:172.17.0.2:42927:0] with ContainerStateMachine:uninitialized
2020-09-24 01:55:01,355 [pool-108-thread-1] INFO  server.RaftServerConfigKeys (ConfUtils.java:logGet(44)) - raft.server.rpc.timeout.min = 5s (custom)
2020-09-24 01:55:01,355 [pool-108-thread-1] INFO  server.RaftServerConfigKeys (ConfUtils.java:logGet(44)) - raft.server.rpc.timeout.max = 5200ms (custom)
2020-09-24 01:55:01,355 [pool-108-thread-1] INFO  server.RaftServerConfigKeys (ConfUtils.java:logGet(44)) - raft.server.rpcslowness.timeout = 300000ms (custom)
2020-09-24 01:55:01,355 [pool-108-thread-1] INFO  server.RaftServerConfigKeys (ConfUtils.java:logGet(44)) - raft.server.sleep.deviation.threshold = 300 (default)
2020-09-24 01:55:01,355 [pool-108-thread-1] INFO  server.RaftServerConfigKeys (ConfUtils.java:logGet(44)) - raft.server.log.appender.install.snapshot.enabled = false (custom)
2020-09-24 01:55:01,355 [pool-108-thread-1] INFO  impl.RaftServerImpl (ServerState.java:<init>(103)) - 5712f1a9-18f2-4cab-a185-faf0697ed33e@group-2F8836E60D5C: ConfigurationManager, init=-1: [5712f1a9-18f2-4cab-a185-faf0697ed33e:172.17.0.2:42927:0], old=null, confs=<EMPTY_MAP>
2020-09-24 01:55:01,355 [pool-108-thread-1] INFO  server.RaftServerConfigKeys (ConfUtils.java:logGet(44)) - raft.server.storage.dir = [/github/workspace/mnt/ozone/hadoop-ozone/integration-test/target/test-dir/MiniOzoneClusterImpl-cbb2177a-11db-4b99-8b47-fe15cf20b899/datanode-5/data/ratis] (custom)
2020-09-24 01:55:01,355 [pool-108-thread-1] INFO  server.RaftServerConfigKeys (ConfUtils.java:logGet(44)) - raft.server.log.corruption.policy = EXCEPTION (default)
2020-09-24 01:55:01,356 [pool-108-thread-1] INFO  storage.RaftStorageDirectory (RaftStorageDirectory.java:analyzeStorage(261)) - The storage directory /github/workspace/mnt/ozone/hadoop-ozone/integration-test/target/test-dir/MiniOzoneClusterImpl-cbb2177a-11db-4b99-8b47-fe15cf20b899/datanode-5/data/ratis/b52c5565-7abe-4bfe-9b1c-2f8836e60d5c does not exist. Creating ...
2020-09-24 01:55:01,357 [pool-108-thread-1] INFO  storage.RaftStorageDirectory (RaftStorageDirectory.java:tryLock(343)) - Lock on /github/workspace/mnt/ozone/hadoop-ozone/integration-test/target/test-dir/MiniOzoneClusterImpl-cbb2177a-11db-4b99-8b47-fe15cf20b899/datanode-5/data/ratis/b52c5565-7abe-4bfe-9b1c-2f8836e60d5c/in_use.lock acquired by nodename 38446@25c36af82c1d
2020-09-24 01:55:01,358 [pool-108-thread-1] INFO  storage.RaftStorage (RaftStorage.java:format(84)) - Storage directory /github/workspace/mnt/ozone/hadoop-ozone/integration-test/target/test-dir/MiniOzoneClusterImpl-cbb2177a-11db-4b99-8b47-fe15cf20b899/datanode-5/data/ratis/b52c5565-7abe-4bfe-9b1c-2f8836e60d5c has been successfully formatted.
2020-09-24 01:55:01,358 [pool-108-thread-1] INFO  ratis.ContainerStateMachine (ContainerStateMachine.java:loadSnapshot(225)) - group-2F8836E60D5C: The snapshot info is null. Setting the last applied indexto:(t:0, i:~)
2020-09-24 01:55:01,358 [pool-108-thread-1] INFO  server.RaftServerConfigKeys (ConfUtils.java:logGet(44)) - raft.server.notification.no-leader.timeout = 300000ms (custom)
2020-09-24 01:55:01,359 [EventQueue-PipelineReportForPipelineReportHandler] INFO  pipeline.PipelineStateManager (PipelineStateManager.java:openPipeline(131)) - Pipeline Pipeline[ Id: b52c5565-7abe-4bfe-9b1c-2f8836e60d5c, Nodes: 5712f1a9-18f2-4cab-a185-faf0697ed33e{ip: 172.17.0.2, host: 25c36af82c1d, networkLocation: /default-rack, certSerialId: null}, Type:RATIS, Factor:ONE, State:ALLOCATED, leaderId:5712f1a9-18f2-4cab-a185-faf0697ed33e, CreationTimestamp2020-09-24T01:54:58.356Z] moved to OPEN state
2020-09-24 01:55:01,359 [EventQueue-OpenPipelineForOneReplicaPipelineSafeModeRule] INFO  safemode.SCMSafeModeManager (SCMSafeModeManager.java:validateSafeModeExitRules(214)) - AtleastOneDatanodeReportedRule rule is successfully validated
2020-09-24 01:55:01,359 [EventQueue-OpenPipelineForHealthyPipelineSafeModeRule] INFO  safemode.SCMSafeModeManager (HealthyPipelineSafeModeRule.java:process(129)) - SCM in safe mode. Healthy pipelines reported count is 0, required healthy pipeline reported count is 1
2020-09-24 01:55:01,359 [pool-108-thread-1] INFO  server.RaftServerConfigKeys (ConfUtils.java:logGet(44)) - raft.server.log.use.memory = false (default)
2020-09-24 01:55:01,359 [pool-108-thread-1] INFO  server.RaftServerConfigKeys (ConfUtils.java:logGet(44)) - raft.server.log.purge.gap = 1000000 (custom)
2020-09-24 01:55:01,359 [pool-108-thread-1] INFO  metrics.RatisMetrics (RatisMetrics.java:lambda$create$0(36)) - Creating Metrics Registry : ratis.log_worker.5712f1a9-18f2-4cab-a185-faf0697ed33e@group-2F8836E60D5C
2020-09-24 01:55:01,360 [pool-108-thread-1] INFO  server.RaftServerConfigKeys (ConfUtils.java:logGet(44)) - raft.server.log.appender.buffer.byte-limit = 33554432 (custom)
2020-09-24 01:55:01,360 [pool-108-thread-1] INFO  server.RaftServerConfigKeys (ConfUtils.java:logGet(44)) - raft.server.log.segment.size.max = 1048576 (custom)
2020-09-24 01:55:01,360 [pool-108-thread-1] INFO  server.RaftServerConfigKeys (ConfUtils.java:logGet(44)) - raft.server.log.segment.cache.num.max = 2 (custom)
2020-09-24 01:55:01,360 [pool-108-thread-1] INFO  segmented.SegmentedRaftLogWorker (SegmentedRaftLogWorker.java:<init>(180)) - new 5712f1a9-18f2-4cab-a185-faf0697ed33e@group-2F8836E60D5C-SegmentedRaftLogWorker for RaftStorage:Storage Directory /github/workspace/mnt/ozone/hadoop-ozone/integration-test/target/test-dir/MiniOzoneClusterImpl-cbb2177a-11db-4b99-8b47-fe15cf20b899/datanode-5/data/ratis/b52c5565-7abe-4bfe-9b1c-2f8836e60d5c
2020-09-24 01:55:01,360 [pool-108-thread-1] INFO  server.RaftServerConfigKeys (ConfUtils.java:logGet(44)) - raft.server.log.queue.byte-limit = 2147483647 (custom)
2020-09-24 01:55:01,360 [pool-108-thread-1] INFO  server.RaftServerConfigKeys (ConfUtils.java:logGet(44)) - raft.server.log.queue.element-limit = 1024 (custom)
2020-09-24 01:55:01,361 [pool-108-thread-1] INFO  server.RaftServerConfigKeys (ConfUtils.java:logGet(44)) - raft.server.log.segment.size.max = 1048576 (custom)
2020-09-24 01:55:01,361 [pool-108-thread-1] INFO  server.RaftServerConfigKeys (ConfUtils.java:logGet(44)) - raft.server.log.preallocated.size = 16384 (custom)
2020-09-24 01:55:01,361 [pool-108-thread-1] INFO  server.RaftServerConfigKeys (ConfUtils.java:logGet(44)) - raft.server.log.write.buffer.size = 1048576 (custom)
2020-09-24 01:55:01,361 [pool-108-thread-1] INFO  server.RaftServerConfigKeys (ConfUtils.java:logGet(44)) - raft.server.log.force.sync.num = 128 (default)
2020-09-24 01:55:01,361 [pool-108-thread-1] INFO  server.RaftServerConfigKeys (ConfUtils.java:logGet(44)) - raft.server.log.statemachine.data.sync = true (default)
2020-09-24 01:55:01,361 [pool-108-thread-1] INFO  server.RaftServerConfigKeys (ConfUtils.java:logGet(44)) - raft.server.log.statemachine.data.sync.timeout = 10s (default)
2020-09-24 01:55:01,361 [pool-108-thread-1] INFO  server.RaftServerConfigKeys (ConfUtils.java:logGet(44)) - raft.server.log.statemachine.data.sync.timeout.retry = -1 (default)
2020-09-24 01:55:01,363 [pool-108-thread-1] INFO  server.RaftServerConfigKeys (ConfUtils.java:logGet(44)) - raft.server.log.statemachine.data.caching.enabled = true (custom)
2020-09-24 01:55:01,363 [pool-108-thread-1] INFO  segmented.SegmentedRaftLogWorker (SegmentedRaftLogWorker.java:lambda$new$0(129)) - 5712f1a9-18f2-4cab-a185-faf0697ed33e@group-2F8836E60D5C-SegmentedRaftLogWorker: flushIndex: setUnconditionally 0 -> -1
2020-09-24 01:55:01,363 [pool-108-thread-1] INFO  segmented.SegmentedRaftLogWorker (SegmentedRaftLogWorker.java:lambda$new$0(129)) - 5712f1a9-18f2-4cab-a185-faf0697ed33e@group-2F8836E60D5C-SegmentedRaftLogWorker: safeCacheEvictIndex: setUnconditionally 0 -> -1
2020-09-24 01:55:01,364 [pool-108-thread-1] INFO  server.RaftServerConfigKeys (ConfUtils.java:logGet(44)) - raft.server.snapshot.auto.trigger.enabled = true (custom)
2020-09-24 01:55:01,364 [pool-108-thread-1] INFO  server.RaftServerConfigKeys (ConfUtils.java:logGet(44)) - raft.server.snapshot.auto.trigger.threshold = 1 (custom)
2020-09-24 01:55:01,364 [pool-108-thread-1] INFO  server.RaftServerConfigKeys (ConfUtils.java:logGet(44)) - raft.server.snapshot.retention.file.num = 5 (custom)
2020-09-24 01:55:01,364 [pool-108-thread-1] INFO  server.RaftServerConfigKeys (ConfUtils.java:logGet(44)) - raft.server.log.purge.upto.snapshot.index = false (default)
2020-09-24 01:55:01,364 [pool-108-thread-1] INFO  server.RaftServerConfigKeys (ConfUtils.java:logGet(44)) - raft.server.retrycache.expirytime = 600000ms (custom)
2020-09-24 01:55:01,364 [pool-108-thread-1] INFO  metrics.RatisMetrics (RatisMetrics.java:lambda$create$0(36)) - Creating Metrics Registry : ratis.leader_election.5712f1a9-18f2-4cab-a185-faf0697ed33e@group-2F8836E60D5C
2020-09-24 01:55:01,365 [pool-108-thread-1] INFO  metrics.RatisMetrics (RatisMetrics.java:lambda$create$0(36)) - Creating Metrics Registry : ratis.server.5712f1a9-18f2-4cab-a185-faf0697ed33e@group-2F8836E60D5C
2020-09-24 01:55:01,365 [pool-108-thread-1] INFO  impl.RaftServerImpl (RaftServerImpl.java:start(197)) - 5712f1a9-18f2-4cab-a185-faf0697ed33e@group-2F8836E60D5C: start as a follower, conf=-1: [5712f1a9-18f2-4cab-a185-faf0697ed33e:172.17.0.2:42927:0], old=null
2020-09-24 01:55:01,366 [pool-108-thread-1] INFO  impl.RaftServerImpl (RaftServerImpl.java:setRole(186)) - 5712f1a9-18f2-4cab-a185-faf0697ed33e@group-2F8836E60D5C: changes role from      null to FOLLOWER at term 0 for startAsFollower
2020-09-24 01:55:01,366 [pool-108-thread-1] INFO  impl.RoleInfo (RoleInfo.java:updateAndGet(143)) - 5712f1a9-18f2-4cab-a185-faf0697ed33e: start FollowerState
2020-09-24 01:55:01,366 [pool-108-thread-1] INFO  util.JmxRegister (JmxRegister.java:tryRegister(44)) - Successfully registered JMX Bean with object name Ratis:service=RaftServer,group=group-2F8836E60D5C,id=5712f1a9-18f2-4cab-a185-faf0697ed33e
2020-09-24 01:55:01,366 [pool-108-thread-1] INFO  metrics.RatisMetrics (RatisMetrics.java:lambda$create$0(36)) - Creating Metrics Registry : ratis.state_machine.5712f1a9-18f2-4cab-a185-faf0697ed33e@group-2F8836E60D5C
2020-09-24 01:55:01,367 [Command processor thread] INFO  commandhandler.CreatePipelineCommandHandler (CreatePipelineCommandHandler.java:handle(110)) - Created Pipeline RATIS ONE #id: "b52c5565-7abe-4bfe-9b1c-2f8836e60d5c"
uuid128 {
  mostSigBits: -5391840759529976834
  leastSigBits: -7269883436399719076
}
.
2020-09-24 01:55:01,545 [Command processor thread] INFO  impl.RaftServerProxy (RaftServerProxy.java:addNew(89)) - 18c0de85-0867-48b2-8841-4fe3f9428ea9: addNew group-AEBFDB85B136:[18c0de85-0867-48b2-8841-4fe3f9428ea9:172.17.0.2:33989:0] returns group-AEBFDB85B136:java.util.concurrent.CompletableFuture@56c88105[Not completed]
2020-09-24 01:55:01,546 [pool-123-thread-1] INFO  impl.RaftServerImpl (RaftServerImpl.java:<init>(108)) - 18c0de85-0867-48b2-8841-4fe3f9428ea9: new RaftServerImpl for group-AEBFDB85B136:[18c0de85-0867-48b2-8841-4fe3f9428ea9:172.17.0.2:33989:0] with ContainerStateMachine:uninitialized
2020-09-24 01:55:01,547 [pool-123-thread-1] INFO  server.RaftServerConfigKeys (ConfUtils.java:logGet(44)) - raft.server.rpc.timeout.min = 5s (custom)
2020-09-24 01:55:01,547 [pool-123-thread-1] INFO  server.RaftServerConfigKeys (ConfUtils.java:logGet(44)) - raft.server.rpc.timeout.max = 5200ms (custom)
2020-09-24 01:55:01,547 [pool-123-thread-1] INFO  server.RaftServerConfigKeys (ConfUtils.java:logGet(44)) - raft.server.rpcslowness.timeout = 300000ms (custom)
2020-09-24 01:55:01,548 [pool-123-thread-1] INFO  server.RaftServerConfigKeys (ConfUtils.java:logGet(44)) - raft.server.sleep.deviation.threshold = 300 (default)
2020-09-24 01:55:01,548 [pool-123-thread-1] INFO  server.RaftServerConfigKeys (ConfUtils.java:logGet(44)) - raft.server.log.appender.install.snapshot.enabled = false (custom)
2020-09-24 01:55:01,548 [pool-123-thread-1] INFO  impl.RaftServerImpl (ServerState.java:<init>(103)) - 18c0de85-0867-48b2-8841-4fe3f9428ea9@group-AEBFDB85B136: ConfigurationManager, init=-1: [18c0de85-0867-48b2-8841-4fe3f9428ea9:172.17.0.2:33989:0], old=null, confs=<EMPTY_MAP>
2020-09-24 01:55:01,548 [pool-123-thread-1] INFO  server.RaftServerConfigKeys (ConfUtils.java:logGet(44)) - raft.server.storage.dir = [/github/workspace/mnt/ozone/hadoop-ozone/integration-test/target/test-dir/MiniOzoneClusterImpl-cbb2177a-11db-4b99-8b47-fe15cf20b899/datanode-6/data/ratis] (custom)
2020-09-24 01:55:01,548 [pool-123-thread-1] INFO  server.RaftServerConfigKeys (ConfUtils.java:logGet(44)) - raft.server.log.corruption.policy = EXCEPTION (default)
2020-09-24 01:55:01,548 [pool-123-thread-1] INFO  storage.RaftStorageDirectory (RaftStorageDirectory.java:analyzeStorage(261)) - The storage directory /github/workspace/mnt/ozone/hadoop-ozone/integration-test/target/test-dir/MiniOzoneClusterImpl-cbb2177a-11db-4b99-8b47-fe15cf20b899/datanode-6/data/ratis/16f764bd-e9ec-4b86-9c5a-aebfdb85b136 does not exist. Creating ...
2020-09-24 01:55:01,550 [pool-123-thread-1] INFO  storage.RaftStorageDirectory (RaftStorageDirectory.java:tryLock(343)) - Lock on /github/workspace/mnt/ozone/hadoop-ozone/integration-test/target/test-dir/MiniOzoneClusterImpl-cbb2177a-11db-4b99-8b47-fe15cf20b899/datanode-6/data/ratis/16f764bd-e9ec-4b86-9c5a-aebfdb85b136/in_use.lock acquired by nodename 38446@25c36af82c1d
2020-09-24 01:55:01,553 [pool-123-thread-1] INFO  storage.RaftStorage (RaftStorage.java:format(84)) - Storage directory /github/workspace/mnt/ozone/hadoop-ozone/integration-test/target/test-dir/MiniOzoneClusterImpl-cbb2177a-11db-4b99-8b47-fe15cf20b899/datanode-6/data/ratis/16f764bd-e9ec-4b86-9c5a-aebfdb85b136 has been successfully formatted.
2020-09-24 01:55:01,554 [pool-123-thread-1] INFO  ratis.ContainerStateMachine (ContainerStateMachine.java:loadSnapshot(225)) - group-AEBFDB85B136: The snapshot info is null. Setting the last applied indexto:(t:0, i:~)
2020-09-24 01:55:01,554 [pool-123-thread-1] INFO  server.RaftServerConfigKeys (ConfUtils.java:logGet(44)) - raft.server.notification.no-leader.timeout = 300000ms (custom)
2020-09-24 01:55:01,554 [pool-123-thread-1] INFO  server.RaftServerConfigKeys (ConfUtils.java:logGet(44)) - raft.server.log.use.memory = false (default)
2020-09-24 01:55:01,554 [pool-123-thread-1] INFO  server.RaftServerConfigKeys (ConfUtils.java:logGet(44)) - raft.server.log.purge.gap = 1000000 (custom)
2020-09-24 01:55:01,554 [pool-123-thread-1] INFO  metrics.RatisMetrics (RatisMetrics.java:lambda$create$0(36)) - Creating Metrics Registry : ratis.log_worker.18c0de85-0867-48b2-8841-4fe3f9428ea9@group-AEBFDB85B136
2020-09-24 01:55:01,554 [EventQueue-PipelineReportForPipelineReportHandler] INFO  pipeline.PipelineStateManager (PipelineStateManager.java:openPipeline(131)) - Pipeline Pipeline[ Id: 16f764bd-e9ec-4b86-9c5a-aebfdb85b136, Nodes: 18c0de85-0867-48b2-8841-4fe3f9428ea9{ip: 172.17.0.2, host: 25c36af82c1d, networkLocation: /default-rack, certSerialId: null}, Type:RATIS, Factor:ONE, State:ALLOCATED, leaderId:18c0de85-0867-48b2-8841-4fe3f9428ea9, CreationTimestamp2020-09-24T01:54:58.549Z] moved to OPEN state
2020-09-24 01:55:01,555 [pool-123-thread-1] INFO  server.RaftServerConfigKeys (ConfUtils.java:logGet(44)) - raft.server.log.appender.buffer.byte-limit = 33554432 (custom)
2020-09-24 01:55:01,555 [EventQueue-OpenPipelineForHealthyPipelineSafeModeRule] INFO  safemode.SCMSafeModeManager (HealthyPipelineSafeModeRule.java:process(129)) - SCM in safe mode. Healthy pipelines reported count is 0, required healthy pipeline reported count is 1
2020-09-24 01:55:01,555 [EventQueue-OpenPipelineForOneReplicaPipelineSafeModeRule] INFO  safemode.SCMSafeModeManager (SCMSafeModeManager.java:validateSafeModeExitRules(214)) - AtleastOneDatanodeReportedRule rule is successfully validated
2020-09-24 01:55:01,555 [pool-123-thread-1] INFO  server.RaftServerConfigKeys (ConfUtils.java:logGet(44)) - raft.server.log.segment.size.max = 1048576 (custom)
2020-09-24 01:55:01,556 [pool-123-thread-1] INFO  server.RaftServerConfigKeys (ConfUtils.java:logGet(44)) - raft.server.log.segment.cache.num.max = 2 (custom)
2020-09-24 01:55:01,556 [pool-123-thread-1] INFO  segmented.SegmentedRaftLogWorker (SegmentedRaftLogWorker.java:<init>(180)) - new 18c0de85-0867-48b2-8841-4fe3f9428ea9@group-AEBFDB85B136-SegmentedRaftLogWorker for RaftStorage:Storage Directory /github/workspace/mnt/ozone/hadoop-ozone/integration-test/target/test-dir/MiniOzoneClusterImpl-cbb2177a-11db-4b99-8b47-fe15cf20b899/datanode-6/data/ratis/16f764bd-e9ec-4b86-9c5a-aebfdb85b136
2020-09-24 01:55:01,556 [pool-123-thread-1] INFO  server.RaftServerConfigKeys (ConfUtils.java:logGet(44)) - raft.server.log.queue.byte-limit = 2147483647 (custom)
2020-09-24 01:55:01,556 [pool-123-thread-1] INFO  server.RaftServerConfigKeys (ConfUtils.java:logGet(44)) - raft.server.log.queue.element-limit = 1024 (custom)
2020-09-24 01:55:01,556 [pool-123-thread-1] INFO  server.RaftServerConfigKeys (ConfUtils.java:logGet(44)) - raft.server.log.segment.size.max = 1048576 (custom)
2020-09-24 01:55:01,556 [pool-123-thread-1] INFO  server.RaftServerConfigKeys (ConfUtils.java:logGet(44)) - raft.server.log.preallocated.size = 16384 (custom)
2020-09-24 01:55:01,556 [pool-123-thread-1] INFO  server.RaftServerConfigKeys (ConfUtils.java:logGet(44)) - raft.server.log.write.buffer.size = 1048576 (custom)
2020-09-24 01:55:01,556 [pool-123-thread-1] INFO  server.RaftServerConfigKeys (ConfUtils.java:logGet(44)) - raft.server.log.force.sync.num = 128 (default)
2020-09-24 01:55:01,556 [pool-123-thread-1] INFO  server.RaftServerConfigKeys (ConfUtils.java:logGet(44)) - raft.server.log.statemachine.data.sync = true (default)
2020-09-24 01:55:01,556 [pool-123-thread-1] INFO  server.RaftServerConfigKeys (ConfUtils.java:logGet(44)) - raft.server.log.statemachine.data.sync.timeout = 10s (default)
2020-09-24 01:55:01,557 [pool-123-thread-1] INFO  server.RaftServerConfigKeys (ConfUtils.java:logGet(44)) - raft.server.log.statemachine.data.sync.timeout.retry = -1 (default)
2020-09-24 01:55:01,560 [pool-123-thread-1] INFO  server.RaftServerConfigKeys (ConfUtils.java:logGet(44)) - raft.server.log.statemachine.data.caching.enabled = true (custom)
2020-09-24 01:55:01,560 [pool-123-thread-1] INFO  segmented.SegmentedRaftLogWorker (SegmentedRaftLogWorker.java:lambda$new$0(129)) - 18c0de85-0867-48b2-8841-4fe3f9428ea9@group-AEBFDB85B136-SegmentedRaftLogWorker: flushIndex: setUnconditionally 0 -> -1
2020-09-24 01:55:01,560 [pool-123-thread-1] INFO  segmented.SegmentedRaftLogWorker (SegmentedRaftLogWorker.java:lambda$new$0(129)) - 18c0de85-0867-48b2-8841-4fe3f9428ea9@group-AEBFDB85B136-SegmentedRaftLogWorker: safeCacheEvictIndex: setUnconditionally 0 -> -1
2020-09-24 01:55:01,560 [pool-123-thread-1] INFO  server.RaftServerConfigKeys (ConfUtils.java:logGet(44)) - raft.server.snapshot.auto.trigger.enabled = true (custom)
2020-09-24 01:55:01,560 [pool-123-thread-1] INFO  server.RaftServerConfigKeys (ConfUtils.java:logGet(44)) - raft.server.snapshot.auto.trigger.threshold = 1 (custom)
2020-09-24 01:55:01,560 [pool-123-thread-1] INFO  server.RaftServerConfigKeys (ConfUtils.java:logGet(44)) - raft.server.snapshot.retention.file.num = 5 (custom)
2020-09-24 01:55:01,561 [pool-123-thread-1] INFO  server.RaftServerConfigKeys (ConfUtils.java:logGet(44)) - raft.server.log.purge.upto.snapshot.index = false (default)
2020-09-24 01:55:01,561 [pool-123-thread-1] INFO  server.RaftServerConfigKeys (ConfUtils.java:logGet(44)) - raft.server.retrycache.expirytime = 600000ms (custom)
2020-09-24 01:55:01,561 [pool-123-thread-1] INFO  metrics.RatisMetrics (RatisMetrics.java:lambda$create$0(36)) - Creating Metrics Registry : ratis.leader_election.18c0de85-0867-48b2-8841-4fe3f9428ea9@group-AEBFDB85B136
2020-09-24 01:55:01,561 [pool-123-thread-1] INFO  metrics.RatisMetrics (RatisMetrics.java:lambda$create$0(36)) - Creating Metrics Registry : ratis.server.18c0de85-0867-48b2-8841-4fe3f9428ea9@group-AEBFDB85B136
2020-09-24 01:55:01,563 [pool-123-thread-1] INFO  impl.RaftServerImpl (RaftServerImpl.java:start(197)) - 18c0de85-0867-48b2-8841-4fe3f9428ea9@group-AEBFDB85B136: start as a follower, conf=-1: [18c0de85-0867-48b2-8841-4fe3f9428ea9:172.17.0.2:33989:0], old=null
2020-09-24 01:55:01,563 [pool-123-thread-1] INFO  impl.RaftServerImpl (RaftServerImpl.java:setRole(186)) - 18c0de85-0867-48b2-8841-4fe3f9428ea9@group-AEBFDB85B136: changes role from      null to FOLLOWER at term 0 for startAsFollower
2020-09-24 01:55:01,563 [pool-123-thread-1] INFO  impl.RoleInfo (RoleInfo.java:updateAndGet(143)) - 18c0de85-0867-48b2-8841-4fe3f9428ea9: start FollowerState
2020-09-24 01:55:01,566 [pool-123-thread-1] INFO  util.JmxRegister (JmxRegister.java:tryRegister(44)) - Successfully registered JMX Bean with object name Ratis:service=RaftServer,group=group-AEBFDB85B136,id=18c0de85-0867-48b2-8841-4fe3f9428ea9
2020-09-24 01:55:01,566 [pool-123-thread-1] INFO  metrics.RatisMetrics (RatisMetrics.java:lambda$create$0(36)) - Creating Metrics Registry : ratis.state_machine.18c0de85-0867-48b2-8841-4fe3f9428ea9@group-AEBFDB85B136
2020-09-24 01:55:01,569 [Command processor thread] INFO  commandhandler.CreatePipelineCommandHandler (CreatePipelineCommandHandler.java:handle(110)) - Created Pipeline RATIS ONE #id: "16f764bd-e9ec-4b86-9c5a-aebfdb85b136"
uuid128 {
  mostSigBits: 1654902154918120326
  leastSigBits: -7180234516843876042
}
.
2020-09-24 01:55:01,569 [Command processor thread] INFO  impl.RaftServerProxy (RaftServerProxy.java:addNew(89)) - 18c0de85-0867-48b2-8841-4fe3f9428ea9: addNew group-EA3FB01F24C4:[78015d65-121d-4994-9669-78a2c4afb989:172.17.0.2:37781:0, 18c0de85-0867-48b2-8841-4fe3f9428ea9:172.17.0.2:33989:0, c29e2c06-6c20-4bb4-83a6-e86bd9f7742c:172.17.0.2:43823:0] returns group-EA3FB01F24C4:java.util.concurrent.CompletableFuture@52f70f04[Not completed]
2020-09-24 01:55:01,570 [pool-123-thread-1] INFO  impl.RaftServerImpl (RaftServerImpl.java:<init>(108)) - 18c0de85-0867-48b2-8841-4fe3f9428ea9: new RaftServerImpl for group-EA3FB01F24C4:[78015d65-121d-4994-9669-78a2c4afb989:172.17.0.2:37781:0, 18c0de85-0867-48b2-8841-4fe3f9428ea9:172.17.0.2:33989:0, c29e2c06-6c20-4bb4-83a6-e86bd9f7742c:172.17.0.2:43823:0] with ContainerStateMachine:uninitialized
2020-09-24 01:55:01,570 [pool-123-thread-1] INFO  server.RaftServerConfigKeys (ConfUtils.java:logGet(44)) - raft.server.rpc.timeout.min = 5s (custom)
2020-09-24 01:55:01,571 [pool-123-thread-1] INFO  server.RaftServerConfigKeys (ConfUtils.java:logGet(44)) - raft.server.rpc.timeout.max = 5200ms (custom)
2020-09-24 01:55:01,571 [pool-123-thread-1] INFO  server.RaftServerConfigKeys (ConfUtils.java:logGet(44)) - raft.server.rpcslowness.timeout = 300000ms (custom)
2020-09-24 01:55:01,571 [pool-123-thread-1] INFO  server.RaftServerConfigKeys (ConfUtils.java:logGet(44)) - raft.server.sleep.deviation.threshold = 300 (default)
2020-09-24 01:55:01,571 [pool-123-thread-1] INFO  server.RaftServerConfigKeys (ConfUtils.java:logGet(44)) - raft.server.log.appender.install.snapshot.enabled = false (custom)
2020-09-24 01:55:01,571 [pool-123-thread-1] INFO  impl.RaftServerImpl (ServerState.java:<init>(103)) - 18c0de85-0867-48b2-8841-4fe3f9428ea9@group-EA3FB01F24C4: ConfigurationManager, init=-1: [78015d65-121d-4994-9669-78a2c4afb989:172.17.0.2:37781:0, 18c0de85-0867-48b2-8841-4fe3f9428ea9:172.17.0.2:33989:0, c29e2c06-6c20-4bb4-83a6-e86bd9f7742c:172.17.0.2:43823:0], old=null, confs=<EMPTY_MAP>
2020-09-24 01:55:01,571 [pool-123-thread-1] INFO  server.RaftServerConfigKeys (ConfUtils.java:logGet(44)) - raft.server.storage.dir = [/github/workspace/mnt/ozone/hadoop-ozone/integration-test/target/test-dir/MiniOzoneClusterImpl-cbb2177a-11db-4b99-8b47-fe15cf20b899/datanode-6/data/ratis] (custom)
2020-09-24 01:55:01,571 [pool-123-thread-1] INFO  server.RaftServerConfigKeys (ConfUtils.java:logGet(44)) - raft.server.log.corruption.policy = EXCEPTION (default)
2020-09-24 01:55:01,571 [pool-123-thread-1] INFO  storage.RaftStorageDirectory (RaftStorageDirectory.java:analyzeStorage(261)) - The storage directory /github/workspace/mnt/ozone/hadoop-ozone/integration-test/target/test-dir/MiniOzoneClusterImpl-cbb2177a-11db-4b99-8b47-fe15cf20b899/datanode-6/data/ratis/2cfa25bd-e7db-4ab1-80d0-ea3fb01f24c4 does not exist. Creating ...
2020-09-24 01:55:01,573 [pool-123-thread-1] INFO  storage.RaftStorageDirectory (RaftStorageDirectory.java:tryLock(343)) - Lock on /github/workspace/mnt/ozone/hadoop-ozone/integration-test/target/test-dir/MiniOzoneClusterImpl-cbb2177a-11db-4b99-8b47-fe15cf20b899/datanode-6/data/ratis/2cfa25bd-e7db-4ab1-80d0-ea3fb01f24c4/in_use.lock acquired by nodename 38446@25c36af82c1d
2020-09-24 01:55:01,574 [pool-123-thread-1] INFO  storage.RaftStorage (RaftStorage.java:format(84)) - Storage directory /github/workspace/mnt/ozone/hadoop-ozone/integration-test/target/test-dir/MiniOzoneClusterImpl-cbb2177a-11db-4b99-8b47-fe15cf20b899/datanode-6/data/ratis/2cfa25bd-e7db-4ab1-80d0-ea3fb01f24c4 has been successfully formatted.
2020-09-24 01:55:01,575 [pool-123-thread-1] INFO  ratis.ContainerStateMachine (ContainerStateMachine.java:loadSnapshot(225)) - group-EA3FB01F24C4: The snapshot info is null. Setting the last applied indexto:(t:0, i:~)
2020-09-24 01:55:01,576 [pool-123-thread-1] INFO  server.RaftServerConfigKeys (ConfUtils.java:logGet(44)) - raft.server.notification.no-leader.timeout = 300000ms (custom)
2020-09-24 01:55:01,576 [pool-123-thread-1] INFO  server.RaftServerConfigKeys (ConfUtils.java:logGet(44)) - raft.server.log.use.memory = false (default)
2020-09-24 01:55:01,576 [pool-123-thread-1] INFO  server.RaftServerConfigKeys (ConfUtils.java:logGet(44)) - raft.server.log.purge.gap = 1000000 (custom)
2020-09-24 01:55:01,576 [pool-123-thread-1] INFO  metrics.RatisMetrics (RatisMetrics.java:lambda$create$0(36)) - Creating Metrics Registry : ratis.log_worker.18c0de85-0867-48b2-8841-4fe3f9428ea9@group-EA3FB01F24C4
2020-09-24 01:55:01,577 [pool-123-thread-1] INFO  server.RaftServerConfigKeys (ConfUtils.java:logGet(44)) - raft.server.log.appender.buffer.byte-limit = 33554432 (custom)
2020-09-24 01:55:01,577 [pool-123-thread-1] INFO  server.RaftServerConfigKeys (ConfUtils.java:logGet(44)) - raft.server.log.segment.size.max = 1048576 (custom)
2020-09-24 01:55:01,577 [pool-123-thread-1] INFO  server.RaftServerConfigKeys (ConfUtils.java:logGet(44)) - raft.server.log.segment.cache.num.max = 2 (custom)
2020-09-24 01:55:01,577 [pool-123-thread-1] INFO  segmented.SegmentedRaftLogWorker (SegmentedRaftLogWorker.java:<init>(180)) - new 18c0de85-0867-48b2-8841-4fe3f9428ea9@group-EA3FB01F24C4-SegmentedRaftLogWorker for RaftStorage:Storage Directory /github/workspace/mnt/ozone/hadoop-ozone/integration-test/target/test-dir/MiniOzoneClusterImpl-cbb2177a-11db-4b99-8b47-fe15cf20b899/datanode-6/data/ratis/2cfa25bd-e7db-4ab1-80d0-ea3fb01f24c4
2020-09-24 01:55:01,577 [pool-123-thread-1] INFO  server.RaftServerConfigKeys (ConfUtils.java:logGet(44)) - raft.server.log.queue.byte-limit = 2147483647 (custom)
2020-09-24 01:55:01,577 [pool-123-thread-1] INFO  server.RaftServerConfigKeys (ConfUtils.java:logGet(44)) - raft.server.log.queue.element-limit = 1024 (custom)
2020-09-24 01:55:01,578 [pool-123-thread-1] INFO  server.RaftServerConfigKeys (ConfUtils.java:logGet(44)) - raft.server.log.segment.size.max = 1048576 (custom)
2020-09-24 01:55:01,578 [pool-123-thread-1] INFO  server.RaftServerConfigKeys (ConfUtils.java:logGet(44)) - raft.server.log.preallocated.size = 16384 (custom)
2020-09-24 01:55:01,578 [pool-123-thread-1] INFO  server.RaftServerConfigKeys (ConfUtils.java:logGet(44)) - raft.server.log.write.buffer.size = 1048576 (custom)
2020-09-24 01:55:01,578 [pool-123-thread-1] INFO  server.RaftServerConfigKeys (ConfUtils.java:logGet(44)) - raft.server.log.force.sync.num = 128 (default)
2020-09-24 01:55:01,578 [pool-123-thread-1] INFO  server.RaftServerConfigKeys (ConfUtils.java:logGet(44)) - raft.server.log.statemachine.data.sync = true (default)
2020-09-24 01:55:01,578 [pool-123-thread-1] INFO  server.RaftServerConfigKeys (ConfUtils.java:logGet(44)) - raft.server.log.statemachine.data.sync.timeout = 10s (default)
2020-09-24 01:55:01,578 [pool-123-thread-1] INFO  server.RaftServerConfigKeys (ConfUtils.java:logGet(44)) - raft.server.log.statemachine.data.sync.timeout.retry = -1 (default)
2020-09-24 01:55:01,580 [pool-123-thread-1] INFO  server.RaftServerConfigKeys (ConfUtils.java:logGet(44)) - raft.server.log.statemachine.data.caching.enabled = true (custom)
2020-09-24 01:55:01,581 [pool-123-thread-1] INFO  segmented.SegmentedRaftLogWorker (SegmentedRaftLogWorker.java:lambda$new$0(129)) - 18c0de85-0867-48b2-8841-4fe3f9428ea9@group-EA3FB01F24C4-SegmentedRaftLogWorker: flushIndex: setUnconditionally 0 -> -1
2020-09-24 01:55:01,581 [pool-123-thread-1] INFO  segmented.SegmentedRaftLogWorker (SegmentedRaftLogWorker.java:lambda$new$0(129)) - 18c0de85-0867-48b2-8841-4fe3f9428ea9@group-EA3FB01F24C4-SegmentedRaftLogWorker: safeCacheEvictIndex: setUnconditionally 0 -> -1
2020-09-24 01:55:01,582 [pool-123-thread-1] INFO  server.RaftServerConfigKeys (ConfUtils.java:logGet(44)) - raft.server.snapshot.auto.trigger.enabled = true (custom)
2020-09-24 01:55:01,582 [pool-123-thread-1] INFO  server.RaftServerConfigKeys (ConfUtils.java:logGet(44)) - raft.server.snapshot.auto.trigger.threshold = 1 (custom)
2020-09-24 01:55:01,582 [pool-123-thread-1] INFO  server.RaftServerConfigKeys (ConfUtils.java:logGet(44)) - raft.server.snapshot.retention.file.num = 5 (custom)
2020-09-24 01:55:01,582 [pool-123-thread-1] INFO  server.RaftServerConfigKeys (ConfUtils.java:logGet(44)) - raft.server.log.purge.upto.snapshot.index = false (default)
2020-09-24 01:55:01,582 [pool-123-thread-1] INFO  server.RaftServerConfigKeys (ConfUtils.java:logGet(44)) - raft.server.retrycache.expirytime = 600000ms (custom)
2020-09-24 01:55:01,582 [pool-123-thread-1] INFO  metrics.RatisMetrics (RatisMetrics.java:lambda$create$0(36)) - Creating Metrics Registry : ratis.leader_election.18c0de85-0867-48b2-8841-4fe3f9428ea9@group-EA3FB01F24C4
2020-09-24 01:55:01,582 [pool-123-thread-1] INFO  metrics.RatisMetrics (RatisMetrics.java:lambda$create$0(36)) - Creating Metrics Registry : ratis.server.18c0de85-0867-48b2-8841-4fe3f9428ea9@group-EA3FB01F24C4
2020-09-24 01:55:01,583 [pool-123-thread-1] INFO  impl.RaftServerImpl (RaftServerImpl.java:start(197)) - 18c0de85-0867-48b2-8841-4fe3f9428ea9@group-EA3FB01F24C4: start as a follower, conf=-1: [78015d65-121d-4994-9669-78a2c4afb989:172.17.0.2:37781:0, 18c0de85-0867-48b2-8841-4fe3f9428ea9:172.17.0.2:33989:0, c29e2c06-6c20-4bb4-83a6-e86bd9f7742c:172.17.0.2:43823:0], old=null
2020-09-24 01:55:01,583 [pool-123-thread-1] INFO  impl.RaftServerImpl (RaftServerImpl.java:setRole(186)) - 18c0de85-0867-48b2-8841-4fe3f9428ea9@group-EA3FB01F24C4: changes role from      null to FOLLOWER at term 0 for startAsFollower
2020-09-24 01:55:01,583 [pool-123-thread-1] INFO  impl.RoleInfo (RoleInfo.java:updateAndGet(143)) - 18c0de85-0867-48b2-8841-4fe3f9428ea9: start FollowerState
2020-09-24 01:55:01,585 [pool-123-thread-1] INFO  util.JmxRegister (JmxRegister.java:tryRegister(44)) - Successfully registered JMX Bean with object name Ratis:service=RaftServer,group=group-EA3FB01F24C4,id=18c0de85-0867-48b2-8841-4fe3f9428ea9
2020-09-24 01:55:01,585 [pool-123-thread-1] INFO  metrics.RatisMetrics (RatisMetrics.java:lambda$create$0(36)) - Creating Metrics Registry : ratis.state_machine.18c0de85-0867-48b2-8841-4fe3f9428ea9@group-EA3FB01F24C4
2020-09-24 01:55:01,588 [Command processor thread] INFO  metrics.RatisMetrics (RatisMetrics.java:lambda$create$0(36)) - Creating Metrics Registry : ratis.client_message_metrics.client-8E98229A4563->78015d65-121d-4994-9669-78a2c4afb989
2020-09-24 01:55:01,598 [grpc-default-executor-0] INFO  metrics.RatisMetrics (RatisMetrics.java:lambda$create$0(36)) - Creating Metrics Registry : ratis.server_message_metrics.78015d65-121d-4994-9669-78a2c4afb989
2020-09-24 01:55:01,600 [grpc-default-executor-0] INFO  impl.RaftServerProxy (RaftServerProxy.java:addNew(89)) - 78015d65-121d-4994-9669-78a2c4afb989: addNew group-EA3FB01F24C4:[78015d65-121d-4994-9669-78a2c4afb989:172.17.0.2:37781:0, 18c0de85-0867-48b2-8841-4fe3f9428ea9:172.17.0.2:33989:0, c29e2c06-6c20-4bb4-83a6-e86bd9f7742c:172.17.0.2:43823:0] returns group-EA3FB01F24C4:java.util.concurrent.CompletableFuture@587b90d8[Not completed]
2020-09-24 01:55:01,793 [pool-153-thread-1] INFO  impl.RaftServerImpl (RaftServerImpl.java:<init>(108)) - 78015d65-121d-4994-9669-78a2c4afb989: new RaftServerImpl for group-EA3FB01F24C4:[78015d65-121d-4994-9669-78a2c4afb989:172.17.0.2:37781:0, 18c0de85-0867-48b2-8841-4fe3f9428ea9:172.17.0.2:33989:0, c29e2c06-6c20-4bb4-83a6-e86bd9f7742c:172.17.0.2:43823:0] with ContainerStateMachine:uninitialized
2020-09-24 01:55:01,796 [Command processor thread] INFO  impl.RaftServerProxy (RaftServerProxy.java:addNew(89)) - c29e2c06-6c20-4bb4-83a6-e86bd9f7742c: addNew group-3D8CE10A4A6C:[c29e2c06-6c20-4bb4-83a6-e86bd9f7742c:172.17.0.2:43823:0] returns group-3D8CE10A4A6C:java.util.concurrent.CompletableFuture@cd3186a[Not completed]
2020-09-24 01:55:01,802 [pool-153-thread-1] INFO  server.RaftServerConfigKeys (ConfUtils.java:logGet(44)) - raft.server.rpc.timeout.min = 5s (custom)
2020-09-24 01:55:01,802 [pool-153-thread-1] INFO  server.RaftServerConfigKeys (ConfUtils.java:logGet(44)) - raft.server.rpc.timeout.max = 5200ms (custom)
2020-09-24 01:55:01,802 [pool-153-thread-1] INFO  server.RaftServerConfigKeys (ConfUtils.java:logGet(44)) - raft.server.rpcslowness.timeout = 300000ms (custom)
2020-09-24 01:55:01,802 [pool-153-thread-1] INFO  server.RaftServerConfigKeys (ConfUtils.java:logGet(44)) - raft.server.sleep.deviation.threshold = 300 (default)
2020-09-24 01:55:01,802 [pool-153-thread-1] INFO  server.RaftServerConfigKeys (ConfUtils.java:logGet(44)) - raft.server.log.appender.install.snapshot.enabled = false (custom)
2020-09-24 01:55:01,802 [pool-153-thread-1] INFO  impl.RaftServerImpl (ServerState.java:<init>(103)) - 78015d65-121d-4994-9669-78a2c4afb989@group-EA3FB01F24C4: ConfigurationManager, init=-1: [78015d65-121d-4994-9669-78a2c4afb989:172.17.0.2:37781:0, 18c0de85-0867-48b2-8841-4fe3f9428ea9:172.17.0.2:33989:0, c29e2c06-6c20-4bb4-83a6-e86bd9f7742c:172.17.0.2:43823:0], old=null, confs=<EMPTY_MAP>
2020-09-24 01:55:01,802 [pool-153-thread-1] INFO  server.RaftServerConfigKeys (ConfUtils.java:logGet(44)) - raft.server.storage.dir = [/github/workspace/mnt/ozone/hadoop-ozone/integration-test/target/test-dir/MiniOzoneClusterImpl-cbb2177a-11db-4b99-8b47-fe15cf20b899/datanode-8/data/ratis] (custom)
2020-09-24 01:55:01,803 [pool-153-thread-1] INFO  server.RaftServerConfigKeys (ConfUtils.java:logGet(44)) - raft.server.log.corruption.policy = EXCEPTION (default)
2020-09-24 01:55:01,803 [pool-153-thread-1] INFO  storage.RaftStorageDirectory (RaftStorageDirectory.java:analyzeStorage(261)) - The storage directory /github/workspace/mnt/ozone/hadoop-ozone/integration-test/target/test-dir/MiniOzoneClusterImpl-cbb2177a-11db-4b99-8b47-fe15cf20b899/datanode-8/data/ratis/2cfa25bd-e7db-4ab1-80d0-ea3fb01f24c4 does not exist. Creating ...
2020-09-24 01:55:01,804 [pool-153-thread-1] INFO  storage.RaftStorageDirectory (RaftStorageDirectory.java:tryLock(343)) - Lock on /github/workspace/mnt/ozone/hadoop-ozone/integration-test/target/test-dir/MiniOzoneClusterImpl-cbb2177a-11db-4b99-8b47-fe15cf20b899/datanode-8/data/ratis/2cfa25bd-e7db-4ab1-80d0-ea3fb01f24c4/in_use.lock acquired by nodename 38446@25c36af82c1d
2020-09-24 01:55:01,805 [pool-153-thread-1] INFO  storage.RaftStorage (RaftStorage.java:format(84)) - Storage directory /github/workspace/mnt/ozone/hadoop-ozone/integration-test/target/test-dir/MiniOzoneClusterImpl-cbb2177a-11db-4b99-8b47-fe15cf20b899/datanode-8/data/ratis/2cfa25bd-e7db-4ab1-80d0-ea3fb01f24c4 has been successfully formatted.
2020-09-24 01:55:01,805 [pool-153-thread-1] INFO  ratis.ContainerStateMachine (ContainerStateMachine.java:loadSnapshot(225)) - group-EA3FB01F24C4: The snapshot info is null. Setting the last applied indexto:(t:0, i:~)
2020-09-24 01:55:01,805 [pool-153-thread-1] INFO  server.RaftServerConfigKeys (ConfUtils.java:logGet(44)) - raft.server.notification.no-leader.timeout = 300000ms (custom)
2020-09-24 01:55:01,805 [pool-153-thread-1] INFO  server.RaftServerConfigKeys (ConfUtils.java:logGet(44)) - raft.server.log.use.memory = false (default)
2020-09-24 01:55:01,806 [pool-153-thread-1] INFO  server.RaftServerConfigKeys (ConfUtils.java:logGet(44)) - raft.server.log.purge.gap = 1000000 (custom)
2020-09-24 01:55:01,806 [pool-153-thread-1] INFO  metrics.RatisMetrics (RatisMetrics.java:lambda$create$0(36)) - Creating Metrics Registry : ratis.log_worker.78015d65-121d-4994-9669-78a2c4afb989@group-EA3FB01F24C4
2020-09-24 01:55:01,806 [pool-153-thread-1] INFO  server.RaftServerConfigKeys (ConfUtils.java:logGet(44)) - raft.server.log.appender.buffer.byte-limit = 33554432 (custom)
2020-09-24 01:55:01,806 [pool-153-thread-1] INFO  server.RaftServerConfigKeys (ConfUtils.java:logGet(44)) - raft.server.log.segment.size.max = 1048576 (custom)
2020-09-24 01:55:01,806 [pool-153-thread-1] INFO  server.RaftServerConfigKeys (ConfUtils.java:logGet(44)) - raft.server.log.segment.cache.num.max = 2 (custom)
2020-09-24 01:55:01,807 [pool-153-thread-1] INFO  segmented.SegmentedRaftLogWorker (SegmentedRaftLogWorker.java:<init>(180)) - new 78015d65-121d-4994-9669-78a2c4afb989@group-EA3FB01F24C4-SegmentedRaftLogWorker for RaftStorage:Storage Directory /github/workspace/mnt/ozone/hadoop-ozone/integration-test/target/test-dir/MiniOzoneClusterImpl-cbb2177a-11db-4b99-8b47-fe15cf20b899/datanode-8/data/ratis/2cfa25bd-e7db-4ab1-80d0-ea3fb01f24c4
2020-09-24 01:55:01,807 [pool-153-thread-1] INFO  server.RaftServerConfigKeys (ConfUtils.java:logGet(44)) - raft.server.log.queue.byte-limit = 2147483647 (custom)
2020-09-24 01:55:01,807 [pool-153-thread-1] INFO  server.RaftServerConfigKeys (ConfUtils.java:logGet(44)) - raft.server.log.queue.element-limit = 1024 (custom)
2020-09-24 01:55:01,807 [pool-153-thread-1] INFO  server.RaftServerConfigKeys (ConfUtils.java:logGet(44)) - raft.server.log.segment.size.max = 1048576 (custom)
2020-09-24 01:55:01,807 [pool-153-thread-1] INFO  server.RaftServerConfigKeys (ConfUtils.java:logGet(44)) - raft.server.log.preallocated.size = 16384 (custom)
2020-09-24 01:55:01,807 [pool-153-thread-1] INFO  server.RaftServerConfigKeys (ConfUtils.java:logGet(44)) - raft.server.log.write.buffer.size = 1048576 (custom)
2020-09-24 01:55:01,807 [pool-153-thread-1] INFO  server.RaftServerConfigKeys (ConfUtils.java:logGet(44)) - raft.server.log.force.sync.num = 128 (default)
2020-09-24 01:55:01,807 [pool-153-thread-1] INFO  server.RaftServerConfigKeys (ConfUtils.java:logGet(44)) - raft.server.log.statemachine.data.sync = true (default)
2020-09-24 01:55:01,807 [pool-153-thread-1] INFO  server.RaftServerConfigKeys (ConfUtils.java:logGet(44)) - raft.server.log.statemachine.data.sync.timeout = 10s (default)
2020-09-24 01:55:01,808 [pool-153-thread-1] INFO  server.RaftServerConfigKeys (ConfUtils.java:logGet(44)) - raft.server.log.statemachine.data.sync.timeout.retry = -1 (default)
2020-09-24 01:55:01,809 [pool-138-thread-1] INFO  impl.RaftServerImpl (RaftServerImpl.java:<init>(108)) - c29e2c06-6c20-4bb4-83a6-e86bd9f7742c: new RaftServerImpl for group-3D8CE10A4A6C:[c29e2c06-6c20-4bb4-83a6-e86bd9f7742c:172.17.0.2:43823:0] with ContainerStateMachine:uninitialized
2020-09-24 01:55:01,809 [pool-153-thread-1] INFO  server.RaftServerConfigKeys (ConfUtils.java:logGet(44)) - raft.server.log.statemachine.data.caching.enabled = true (custom)
2020-09-24 01:55:01,811 [pool-153-thread-1] INFO  segmented.SegmentedRaftLogWorker (SegmentedRaftLogWorker.java:lambda$new$0(129)) - 78015d65-121d-4994-9669-78a2c4afb989@group-EA3FB01F24C4-SegmentedRaftLogWorker: flushIndex: setUnconditionally 0 -> -1
2020-09-24 01:55:01,811 [pool-153-thread-1] INFO  segmented.SegmentedRaftLogWorker (SegmentedRaftLogWorker.java:lambda$new$0(129)) - 78015d65-121d-4994-9669-78a2c4afb989@group-EA3FB01F24C4-SegmentedRaftLogWorker: safeCacheEvictIndex: setUnconditionally 0 -> -1
2020-09-24 01:55:01,811 [pool-138-thread-1] INFO  server.RaftServerConfigKeys (ConfUtils.java:logGet(44)) - raft.server.rpc.timeout.min = 5s (custom)
2020-09-24 01:55:01,812 [pool-138-thread-1] INFO  server.RaftServerConfigKeys (ConfUtils.java:logGet(44)) - raft.server.rpc.timeout.max = 5200ms (custom)
2020-09-24 01:55:01,812 [pool-138-thread-1] INFO  server.RaftServerConfigKeys (ConfUtils.java:logGet(44)) - raft.server.rpcslowness.timeout = 300000ms (custom)
2020-09-24 01:55:01,812 [pool-138-thread-1] INFO  server.RaftServerConfigKeys (ConfUtils.java:logGet(44)) - raft.server.sleep.deviation.threshold = 300 (default)
2020-09-24 01:55:01,812 [pool-138-thread-1] INFO  server.RaftServerConfigKeys (ConfUtils.java:logGet(44)) - raft.server.log.appender.install.snapshot.enabled = false (custom)
2020-09-24 01:55:01,812 [pool-138-thread-1] INFO  impl.RaftServerImpl (ServerState.java:<init>(103)) - c29e2c06-6c20-4bb4-83a6-e86bd9f7742c@group-3D8CE10A4A6C: ConfigurationManager, init=-1: [c29e2c06-6c20-4bb4-83a6-e86bd9f7742c:172.17.0.2:43823:0], old=null, confs=<EMPTY_MAP>
2020-09-24 01:55:01,812 [pool-138-thread-1] INFO  server.RaftServerConfigKeys (ConfUtils.java:logGet(44)) - raft.server.storage.dir = [/github/workspace/mnt/ozone/hadoop-ozone/integration-test/target/test-dir/MiniOzoneClusterImpl-cbb2177a-11db-4b99-8b47-fe15cf20b899/datanode-7/data/ratis] (custom)
2020-09-24 01:55:01,812 [pool-138-thread-1] INFO  server.RaftServerConfigKeys (ConfUtils.java:logGet(44)) - raft.server.log.corruption.policy = EXCEPTION (default)
2020-09-24 01:55:01,813 [pool-138-thread-1] INFO  storage.RaftStorageDirectory (RaftStorageDirectory.java:analyzeStorage(261)) - The storage directory /github/workspace/mnt/ozone/hadoop-ozone/integration-test/target/test-dir/MiniOzoneClusterImpl-cbb2177a-11db-4b99-8b47-fe15cf20b899/datanode-7/data/ratis/ddebc122-42b6-4992-bd34-3d8ce10a4a6c does not exist. Creating ...
2020-09-24 01:55:01,813 [pool-138-thread-1] INFO  storage.RaftStorageDirectory (RaftStorageDirectory.java:tryLock(343)) - Lock on /github/workspace/mnt/ozone/hadoop-ozone/integration-test/target/test-dir/MiniOzoneClusterImpl-cbb2177a-11db-4b99-8b47-fe15cf20b899/datanode-7/data/ratis/ddebc122-42b6-4992-bd34-3d8ce10a4a6c/in_use.lock acquired by nodename 38446@25c36af82c1d
2020-09-24 01:55:01,814 [pool-138-thread-1] INFO  storage.RaftStorage (RaftStorage.java:format(84)) - Storage directory /github/workspace/mnt/ozone/hadoop-ozone/integration-test/target/test-dir/MiniOzoneClusterImpl-cbb2177a-11db-4b99-8b47-fe15cf20b899/datanode-7/data/ratis/ddebc122-42b6-4992-bd34-3d8ce10a4a6c has been successfully formatted.
2020-09-24 01:55:01,819 [pool-153-thread-1] INFO  server.RaftServerConfigKeys (ConfUtils.java:logGet(44)) - raft.server.snapshot.auto.trigger.enabled = true (custom)
2020-09-24 01:55:01,819 [pool-153-thread-1] INFO  server.RaftServerConfigKeys (ConfUtils.java:logGet(44)) - raft.server.snapshot.auto.trigger.threshold = 1 (custom)
2020-09-24 01:55:01,819 [pool-153-thread-1] INFO  server.RaftServerConfigKeys (ConfUtils.java:logGet(44)) - raft.server.snapshot.retention.file.num = 5 (custom)
2020-09-24 01:55:01,819 [pool-153-thread-1] INFO  server.RaftServerConfigKeys (ConfUtils.java:logGet(44)) - raft.server.log.purge.upto.snapshot.index = false (default)
2020-09-24 01:55:01,819 [pool-153-thread-1] INFO  server.RaftServerConfigKeys (ConfUtils.java:logGet(44)) - raft.server.retrycache.expirytime = 600000ms (custom)
2020-09-24 01:55:01,819 [pool-153-thread-1] INFO  metrics.RatisMetrics (RatisMetrics.java:lambda$create$0(36)) - Creating Metrics Registry : ratis.leader_election.78015d65-121d-4994-9669-78a2c4afb989@group-EA3FB01F24C4
2020-09-24 01:55:01,820 [pool-153-thread-1] INFO  metrics.RatisMetrics (RatisMetrics.java:lambda$create$0(36)) - Creating Metrics Registry : ratis.server.78015d65-121d-4994-9669-78a2c4afb989@group-EA3FB01F24C4
2020-09-24 01:55:01,820 [pool-153-thread-1] INFO  impl.RaftServerImpl (RaftServerImpl.java:start(197)) - 78015d65-121d-4994-9669-78a2c4afb989@group-EA3FB01F24C4: start as a follower, conf=-1: [78015d65-121d-4994-9669-78a2c4afb989:172.17.0.2:37781:0, 18c0de85-0867-48b2-8841-4fe3f9428ea9:172.17.0.2:33989:0, c29e2c06-6c20-4bb4-83a6-e86bd9f7742c:172.17.0.2:43823:0], old=null
2020-09-24 01:55:01,821 [pool-138-thread-1] INFO  ratis.ContainerStateMachine (ContainerStateMachine.java:loadSnapshot(225)) - group-3D8CE10A4A6C: The snapshot info is null. Setting the last applied indexto:(t:0, i:~)
2020-09-24 01:55:01,821 [pool-138-thread-1] INFO  server.RaftServerConfigKeys (ConfUtils.java:logGet(44)) - raft.server.notification.no-leader.timeout = 300000ms (custom)
2020-09-24 01:55:01,821 [pool-138-thread-1] INFO  server.RaftServerConfigKeys (ConfUtils.java:logGet(44)) - raft.server.log.use.memory = false (default)
2020-09-24 01:55:01,821 [pool-138-thread-1] INFO  server.RaftServerConfigKeys (ConfUtils.java:logGet(44)) - raft.server.log.purge.gap = 1000000 (custom)
2020-09-24 01:55:01,822 [pool-138-thread-1] INFO  metrics.RatisMetrics (RatisMetrics.java:lambda$create$0(36)) - Creating Metrics Registry : ratis.log_worker.c29e2c06-6c20-4bb4-83a6-e86bd9f7742c@group-3D8CE10A4A6C
2020-09-24 01:55:01,821 [pool-153-thread-1] INFO  impl.RaftServerImpl (RaftServerImpl.java:setRole(186)) - 78015d65-121d-4994-9669-78a2c4afb989@group-EA3FB01F24C4: changes role from      null to FOLLOWER at term 0 for startAsFollower
2020-09-24 01:55:01,822 [EventQueue-PipelineReportForPipelineReportHandler] INFO  pipeline.PipelineStateManager (PipelineStateManager.java:openPipeline(131)) - Pipeline Pipeline[ Id: ddebc122-42b6-4992-bd34-3d8ce10a4a6c, Nodes: c29e2c06-6c20-4bb4-83a6-e86bd9f7742c{ip: 172.17.0.2, host: 25c36af82c1d, networkLocation: /default-rack, certSerialId: null}, Type:RATIS, Factor:ONE, State:ALLOCATED, leaderId:c29e2c06-6c20-4bb4-83a6-e86bd9f7742c, CreationTimestamp2020-09-24T01:54:58.743Z] moved to OPEN state
2020-09-24 01:55:01,822 [EventQueue-OpenPipelineForOneReplicaPipelineSafeModeRule] INFO  safemode.SCMSafeModeManager (SCMSafeModeManager.java:validateSafeModeExitRules(214)) - AtleastOneDatanodeReportedRule rule is successfully validated
2020-09-24 01:55:01,822 [EventQueue-OpenPipelineForHealthyPipelineSafeModeRule] INFO  safemode.SCMSafeModeManager (HealthyPipelineSafeModeRule.java:process(129)) - SCM in safe mode. Healthy pipelines reported count is 0, required healthy pipeline reported count is 1
2020-09-24 01:55:01,822 [pool-138-thread-1] INFO  server.RaftServerConfigKeys (ConfUtils.java:logGet(44)) - raft.server.log.appender.buffer.byte-limit = 33554432 (custom)
2020-09-24 01:55:01,822 [pool-138-thread-1] INFO  server.RaftServerConfigKeys (ConfUtils.java:logGet(44)) - raft.server.log.segment.size.max = 1048576 (custom)
2020-09-24 01:55:01,822 [pool-153-thread-1] INFO  impl.RoleInfo (RoleInfo.java:updateAndGet(143)) - 78015d65-121d-4994-9669-78a2c4afb989: start FollowerState
2020-09-24 01:55:01,830 [pool-138-thread-1] INFO  server.RaftServerConfigKeys (ConfUtils.java:logGet(44)) - raft.server.log.segment.cache.num.max = 2 (custom)
2020-09-24 01:55:01,831 [pool-138-thread-1] INFO  segmented.SegmentedRaftLogWorker (SegmentedRaftLogWorker.java:<init>(180)) - new c29e2c06-6c20-4bb4-83a6-e86bd9f7742c@group-3D8CE10A4A6C-SegmentedRaftLogWorker for RaftStorage:Storage Directory /github/workspace/mnt/ozone/hadoop-ozone/integration-test/target/test-dir/MiniOzoneClusterImpl-cbb2177a-11db-4b99-8b47-fe15cf20b899/datanode-7/data/ratis/ddebc122-42b6-4992-bd34-3d8ce10a4a6c
2020-09-24 01:55:01,831 [pool-138-thread-1] INFO  server.RaftServerConfigKeys (ConfUtils.java:logGet(44)) - raft.server.log.queue.byte-limit = 2147483647 (custom)
2020-09-24 01:55:01,831 [pool-138-thread-1] INFO  server.RaftServerConfigKeys (ConfUtils.java:logGet(44)) - raft.server.log.queue.element-limit = 1024 (custom)
2020-09-24 01:55:01,831 [pool-138-thread-1] INFO  server.RaftServerConfigKeys (ConfUtils.java:logGet(44)) - raft.server.log.segment.size.max = 1048576 (custom)
2020-09-24 01:55:01,831 [pool-138-thread-1] INFO  server.RaftServerConfigKeys (ConfUtils.java:logGet(44)) - raft.server.log.preallocated.size = 16384 (custom)
2020-09-24 01:55:01,831 [pool-138-thread-1] INFO  server.RaftServerConfigKeys (ConfUtils.java:logGet(44)) - raft.server.log.write.buffer.size = 1048576 (custom)
2020-09-24 01:55:01,831 [pool-138-thread-1] INFO  server.RaftServerConfigKeys (ConfUtils.java:logGet(44)) - raft.server.log.force.sync.num = 128 (default)
2020-09-24 01:55:01,831 [pool-138-thread-1] INFO  server.RaftServerConfigKeys (ConfUtils.java:logGet(44)) - raft.server.log.statemachine.data.sync = true (default)
2020-09-24 01:55:01,831 [pool-138-thread-1] INFO  server.RaftServerConfigKeys (ConfUtils.java:logGet(44)) - raft.server.log.statemachine.data.sync.timeout = 10s (default)
2020-09-24 01:55:01,831 [pool-138-thread-1] INFO  server.RaftServerConfigKeys (ConfUtils.java:logGet(44)) - raft.server.log.statemachine.data.sync.timeout.retry = -1 (default)
2020-09-24 01:55:01,832 [pool-153-thread-1] INFO  util.JmxRegister (JmxRegister.java:tryRegister(44)) - Successfully registered JMX Bean with object name Ratis:service=RaftServer,group=group-EA3FB01F24C4,id=78015d65-121d-4994-9669-78a2c4afb989
2020-09-24 01:55:01,832 [pool-153-thread-1] INFO  metrics.RatisMetrics (RatisMetrics.java:lambda$create$0(36)) - Creating Metrics Registry : ratis.state_machine.78015d65-121d-4994-9669-78a2c4afb989@group-EA3FB01F24C4
2020-09-24 01:55:01,835 [pool-138-thread-1] INFO  server.RaftServerConfigKeys (ConfUtils.java:logGet(44)) - raft.server.log.statemachine.data.caching.enabled = true (custom)
2020-09-24 01:55:01,836 [pool-138-thread-1] INFO  segmented.SegmentedRaftLogWorker (SegmentedRaftLogWorker.java:lambda$new$0(129)) - c29e2c06-6c20-4bb4-83a6-e86bd9f7742c@group-3D8CE10A4A6C-SegmentedRaftLogWorker: flushIndex: setUnconditionally 0 -> -1
2020-09-24 01:55:01,836 [pool-138-thread-1] INFO  segmented.SegmentedRaftLogWorker (SegmentedRaftLogWorker.java:lambda$new$0(129)) - c29e2c06-6c20-4bb4-83a6-e86bd9f7742c@group-3D8CE10A4A6C-SegmentedRaftLogWorker: safeCacheEvictIndex: setUnconditionally 0 -> -1
2020-09-24 01:55:01,839 [pool-138-thread-1] INFO  server.RaftServerConfigKeys (ConfUtils.java:logGet(44)) - raft.server.snapshot.auto.trigger.enabled = true (custom)
2020-09-24 01:55:01,839 [pool-138-thread-1] INFO  server.RaftServerConfigKeys (ConfUtils.java:logGet(44)) - raft.server.snapshot.auto.trigger.threshold = 1 (custom)
2020-09-24 01:55:01,839 [pool-138-thread-1] INFO  server.RaftServerConfigKeys (ConfUtils.java:logGet(44)) - raft.server.snapshot.retention.file.num = 5 (custom)
2020-09-24 01:55:01,839 [pool-138-thread-1] INFO  server.RaftServerConfigKeys (ConfUtils.java:logGet(44)) - raft.server.log.purge.upto.snapshot.index = false (default)
2020-09-24 01:55:01,839 [pool-138-thread-1] INFO  server.RaftServerConfigKeys (ConfUtils.java:logGet(44)) - raft.server.retrycache.expirytime = 600000ms (custom)
2020-09-24 01:55:01,839 [pool-138-thread-1] INFO  metrics.RatisMetrics (RatisMetrics.java:lambda$create$0(36)) - Creating Metrics Registry : ratis.leader_election.c29e2c06-6c20-4bb4-83a6-e86bd9f7742c@group-3D8CE10A4A6C
2020-09-24 01:55:01,839 [pool-138-thread-1] INFO  metrics.RatisMetrics (RatisMetrics.java:lambda$create$0(36)) - Creating Metrics Registry : ratis.server.c29e2c06-6c20-4bb4-83a6-e86bd9f7742c@group-3D8CE10A4A6C
2020-09-24 01:55:01,840 [pool-138-thread-1] INFO  impl.RaftServerImpl (RaftServerImpl.java:start(197)) - c29e2c06-6c20-4bb4-83a6-e86bd9f7742c@group-3D8CE10A4A6C: start as a follower, conf=-1: [c29e2c06-6c20-4bb4-83a6-e86bd9f7742c:172.17.0.2:43823:0], old=null
2020-09-24 01:55:01,840 [pool-138-thread-1] INFO  impl.RaftServerImpl (RaftServerImpl.java:setRole(186)) - c29e2c06-6c20-4bb4-83a6-e86bd9f7742c@group-3D8CE10A4A6C: changes role from      null to FOLLOWER at term 0 for startAsFollower
2020-09-24 01:55:01,840 [pool-138-thread-1] INFO  impl.RoleInfo (RoleInfo.java:updateAndGet(143)) - c29e2c06-6c20-4bb4-83a6-e86bd9f7742c: start FollowerState
2020-09-24 01:55:01,846 [pool-138-thread-1] INFO  util.JmxRegister (JmxRegister.java:tryRegister(44)) - Successfully registered JMX Bean with object name Ratis:service=RaftServer,group=group-3D8CE10A4A6C,id=c29e2c06-6c20-4bb4-83a6-e86bd9f7742c
2020-09-24 01:55:01,846 [pool-138-thread-1] INFO  metrics.RatisMetrics (RatisMetrics.java:lambda$create$0(36)) - Creating Metrics Registry : ratis.state_machine.c29e2c06-6c20-4bb4-83a6-e86bd9f7742c@group-3D8CE10A4A6C
2020-09-24 01:55:01,848 [Command processor thread] INFO  commandhandler.CreatePipelineCommandHandler (CreatePipelineCommandHandler.java:handle(110)) - Created Pipeline RATIS ONE #id: "ddebc122-42b6-4992-bd34-3d8ce10a4a6c"
uuid128 {
  mostSigBits: -2455656818908182126
  leastSigBits: -4813154426471953812
}
.
2020-09-24 01:55:01,848 [Command processor thread] INFO  impl.RaftServerProxy (RaftServerProxy.java:addNew(89)) - c29e2c06-6c20-4bb4-83a6-e86bd9f7742c: addNew group-EA3FB01F24C4:[78015d65-121d-4994-9669-78a2c4afb989:172.17.0.2:37781:0, 18c0de85-0867-48b2-8841-4fe3f9428ea9:172.17.0.2:33989:0, c29e2c06-6c20-4bb4-83a6-e86bd9f7742c:172.17.0.2:43823:0] returns group-EA3FB01F24C4:java.util.concurrent.CompletableFuture@8ec8d28[Not completed]
2020-09-24 01:55:01,850 [Command processor thread] INFO  metrics.RatisMetrics (RatisMetrics.java:lambda$create$0(36)) - Creating Metrics Registry : ratis.client_message_metrics.client-C74EC1FA4DA1->c29e2c06-6c20-4bb4-83a6-e86bd9f7742c
2020-09-24 01:55:01,852 [pool-138-thread-1] INFO  impl.RaftServerImpl (RaftServerImpl.java:<init>(108)) - c29e2c06-6c20-4bb4-83a6-e86bd9f7742c: new RaftServerImpl for group-EA3FB01F24C4:[78015d65-121d-4994-9669-78a2c4afb989:172.17.0.2:37781:0, 18c0de85-0867-48b2-8841-4fe3f9428ea9:172.17.0.2:33989:0, c29e2c06-6c20-4bb4-83a6-e86bd9f7742c:172.17.0.2:43823:0] with ContainerStateMachine:uninitialized
2020-09-24 01:55:01,852 [pool-138-thread-1] INFO  server.RaftServerConfigKeys (ConfUtils.java:logGet(44)) - raft.server.rpc.timeout.min = 5s (custom)
2020-09-24 01:55:01,852 [pool-138-thread-1] INFO  server.RaftServerConfigKeys (ConfUtils.java:logGet(44)) - raft.server.rpc.timeout.max = 5200ms (custom)
2020-09-24 01:55:01,852 [pool-138-thread-1] INFO  server.RaftServerConfigKeys (ConfUtils.java:logGet(44)) - raft.server.rpcslowness.timeout = 300000ms (custom)
2020-09-24 01:55:01,852 [pool-138-thread-1] INFO  server.RaftServerConfigKeys (ConfUtils.java:logGet(44)) - raft.server.sleep.deviation.threshold = 300 (default)
2020-09-24 01:55:01,852 [pool-138-thread-1] INFO  server.RaftServerConfigKeys (ConfUtils.java:logGet(44)) - raft.server.log.appender.install.snapshot.enabled = false (custom)
2020-09-24 01:55:01,852 [pool-138-thread-1] INFO  impl.RaftServerImpl (ServerState.java:<init>(103)) - c29e2c06-6c20-4bb4-83a6-e86bd9f7742c@group-EA3FB01F24C4: ConfigurationManager, init=-1: [78015d65-121d-4994-9669-78a2c4afb989:172.17.0.2:37781:0, 18c0de85-0867-48b2-8841-4fe3f9428ea9:172.17.0.2:33989:0, c29e2c06-6c20-4bb4-83a6-e86bd9f7742c:172.17.0.2:43823:0], old=null, confs=<EMPTY_MAP>
2020-09-24 01:55:01,852 [pool-138-thread-1] INFO  server.RaftServerConfigKeys (ConfUtils.java:logGet(44)) - raft.server.storage.dir = [/github/workspace/mnt/ozone/hadoop-ozone/integration-test/target/test-dir/MiniOzoneClusterImpl-cbb2177a-11db-4b99-8b47-fe15cf20b899/datanode-7/data/ratis] (custom)
2020-09-24 01:55:01,853 [pool-138-thread-1] INFO  server.RaftServerConfigKeys (ConfUtils.java:logGet(44)) - raft.server.log.corruption.policy = EXCEPTION (default)
2020-09-24 01:55:01,853 [pool-138-thread-1] INFO  storage.RaftStorageDirectory (RaftStorageDirectory.java:analyzeStorage(261)) - The storage directory /github/workspace/mnt/ozone/hadoop-ozone/integration-test/target/test-dir/MiniOzoneClusterImpl-cbb2177a-11db-4b99-8b47-fe15cf20b899/datanode-7/data/ratis/2cfa25bd-e7db-4ab1-80d0-ea3fb01f24c4 does not exist. Creating ...
2020-09-24 01:55:01,854 [pool-138-thread-1] INFO  storage.RaftStorageDirectory (RaftStorageDirectory.java:tryLock(343)) - Lock on /github/workspace/mnt/ozone/hadoop-ozone/integration-test/target/test-dir/MiniOzoneClusterImpl-cbb2177a-11db-4b99-8b47-fe15cf20b899/datanode-7/data/ratis/2cfa25bd-e7db-4ab1-80d0-ea3fb01f24c4/in_use.lock acquired by nodename 38446@25c36af82c1d
2020-09-24 01:55:01,855 [pool-138-thread-1] INFO  storage.RaftStorage (RaftStorage.java:format(84)) - Storage directory /github/workspace/mnt/ozone/hadoop-ozone/integration-test/target/test-dir/MiniOzoneClusterImpl-cbb2177a-11db-4b99-8b47-fe15cf20b899/datanode-7/data/ratis/2cfa25bd-e7db-4ab1-80d0-ea3fb01f24c4 has been successfully formatted.
2020-09-24 01:55:01,855 [pool-138-thread-1] INFO  ratis.ContainerStateMachine (ContainerStateMachine.java:loadSnapshot(225)) - group-EA3FB01F24C4: The snapshot info is null. Setting the last applied indexto:(t:0, i:~)
2020-09-24 01:55:01,855 [pool-138-thread-1] INFO  server.RaftServerConfigKeys (ConfUtils.java:logGet(44)) - raft.server.notification.no-leader.timeout = 300000ms (custom)
2020-09-24 01:55:01,856 [pool-138-thread-1] INFO  server.RaftServerConfigKeys (ConfUtils.java:logGet(44)) - raft.server.log.use.memory = false (default)
2020-09-24 01:55:01,856 [pool-138-thread-1] INFO  server.RaftServerConfigKeys (ConfUtils.java:logGet(44)) - raft.server.log.purge.gap = 1000000 (custom)
2020-09-24 01:55:01,856 [pool-138-thread-1] INFO  metrics.RatisMetrics (RatisMetrics.java:lambda$create$0(36)) - Creating Metrics Registry : ratis.log_worker.c29e2c06-6c20-4bb4-83a6-e86bd9f7742c@group-EA3FB01F24C4
2020-09-24 01:55:01,856 [pool-138-thread-1] INFO  server.RaftServerConfigKeys (ConfUtils.java:logGet(44)) - raft.server.log.appender.buffer.byte-limit = 33554432 (custom)
2020-09-24 01:55:01,857 [pool-138-thread-1] INFO  server.RaftServerConfigKeys (ConfUtils.java:logGet(44)) - raft.server.log.segment.size.max = 1048576 (custom)
2020-09-24 01:55:01,857 [pool-138-thread-1] INFO  server.RaftServerConfigKeys (ConfUtils.java:logGet(44)) - raft.server.log.segment.cache.num.max = 2 (custom)
2020-09-24 01:55:01,857 [pool-138-thread-1] INFO  segmented.SegmentedRaftLogWorker (SegmentedRaftLogWorker.java:<init>(180)) - new c29e2c06-6c20-4bb4-83a6-e86bd9f7742c@group-EA3FB01F24C4-SegmentedRaftLogWorker for RaftStorage:Storage Directory /github/workspace/mnt/ozone/hadoop-ozone/integration-test/target/test-dir/MiniOzoneClusterImpl-cbb2177a-11db-4b99-8b47-fe15cf20b899/datanode-7/data/ratis/2cfa25bd-e7db-4ab1-80d0-ea3fb01f24c4
2020-09-24 01:55:01,857 [pool-138-thread-1] INFO  server.RaftServerConfigKeys (ConfUtils.java:logGet(44)) - raft.server.log.queue.byte-limit = 2147483647 (custom)
2020-09-24 01:55:01,860 [pool-138-thread-1] INFO  server.RaftServerConfigKeys (ConfUtils.java:logGet(44)) - raft.server.log.queue.element-limit = 1024 (custom)
2020-09-24 01:55:01,860 [pool-138-thread-1] INFO  server.RaftServerConfigKeys (ConfUtils.java:logGet(44)) - raft.server.log.segment.size.max = 1048576 (custom)
2020-09-24 01:55:01,863 [grpc-default-executor-0] INFO  metrics.RatisMetrics (RatisMetrics.java:lambda$create$0(36)) - Creating Metrics Registry : ratis.server_message_metrics.c29e2c06-6c20-4bb4-83a6-e86bd9f7742c
2020-09-24 01:55:01,863 [pool-138-thread-1] INFO  server.RaftServerConfigKeys (ConfUtils.java:logGet(44)) - raft.server.log.preallocated.size = 16384 (custom)
2020-09-24 01:55:01,863 [pool-138-thread-1] INFO  server.RaftServerConfigKeys (ConfUtils.java:logGet(44)) - raft.server.log.write.buffer.size = 1048576 (custom)
2020-09-24 01:55:01,863 [pool-138-thread-1] INFO  server.RaftServerConfigKeys (ConfUtils.java:logGet(44)) - raft.server.log.force.sync.num = 128 (default)
2020-09-24 01:55:01,864 [pool-138-thread-1] INFO  server.RaftServerConfigKeys (ConfUtils.java:logGet(44)) - raft.server.log.statemachine.data.sync = true (default)
2020-09-24 01:55:01,864 [pool-138-thread-1] INFO  server.RaftServerConfigKeys (ConfUtils.java:logGet(44)) - raft.server.log.statemachine.data.sync.timeout = 10s (default)
2020-09-24 01:55:01,864 [pool-138-thread-1] INFO  server.RaftServerConfigKeys (ConfUtils.java:logGet(44)) - raft.server.log.statemachine.data.sync.timeout.retry = -1 (default)
2020-09-24 01:55:01,868 [pool-138-thread-1] INFO  server.RaftServerConfigKeys (ConfUtils.java:logGet(44)) - raft.server.log.statemachine.data.caching.enabled = true (custom)
2020-09-24 01:55:01,869 [pool-138-thread-1] INFO  segmented.SegmentedRaftLogWorker (SegmentedRaftLogWorker.java:lambda$new$0(129)) - c29e2c06-6c20-4bb4-83a6-e86bd9f7742c@group-EA3FB01F24C4-SegmentedRaftLogWorker: flushIndex: setUnconditionally 0 -> -1
2020-09-24 01:55:01,869 [pool-138-thread-1] INFO  segmented.SegmentedRaftLogWorker (SegmentedRaftLogWorker.java:lambda$new$0(129)) - c29e2c06-6c20-4bb4-83a6-e86bd9f7742c@group-EA3FB01F24C4-SegmentedRaftLogWorker: safeCacheEvictIndex: setUnconditionally 0 -> -1
2020-09-24 01:55:01,869 [pool-138-thread-1] INFO  server.RaftServerConfigKeys (ConfUtils.java:logGet(44)) - raft.server.snapshot.auto.trigger.enabled = true (custom)
2020-09-24 01:55:01,869 [pool-138-thread-1] INFO  server.RaftServerConfigKeys (ConfUtils.java:logGet(44)) - raft.server.snapshot.auto.trigger.threshold = 1 (custom)
2020-09-24 01:55:01,869 [pool-138-thread-1] INFO  server.RaftServerConfigKeys (ConfUtils.java:logGet(44)) - raft.server.snapshot.retention.file.num = 5 (custom)
2020-09-24 01:55:01,869 [pool-138-thread-1] INFO  server.RaftServerConfigKeys (ConfUtils.java:logGet(44)) - raft.server.log.purge.upto.snapshot.index = false (default)
2020-09-24 01:55:01,869 [pool-138-thread-1] INFO  server.RaftServerConfigKeys (ConfUtils.java:logGet(44)) - raft.server.retrycache.expirytime = 600000ms (custom)
2020-09-24 01:55:01,869 [pool-138-thread-1] INFO  metrics.RatisMetrics (RatisMetrics.java:lambda$create$0(36)) - Creating Metrics Registry : ratis.leader_election.c29e2c06-6c20-4bb4-83a6-e86bd9f7742c@group-EA3FB01F24C4
2020-09-24 01:55:01,870 [pool-138-thread-1] INFO  metrics.RatisMetrics (RatisMetrics.java:lambda$create$0(36)) - Creating Metrics Registry : ratis.server.c29e2c06-6c20-4bb4-83a6-e86bd9f7742c@group-EA3FB01F24C4
2020-09-24 01:55:01,871 [pool-138-thread-1] INFO  impl.RaftServerImpl (RaftServerImpl.java:start(197)) - c29e2c06-6c20-4bb4-83a6-e86bd9f7742c@group-EA3FB01F24C4: start as a follower, conf=-1: [78015d65-121d-4994-9669-78a2c4afb989:172.17.0.2:37781:0, 18c0de85-0867-48b2-8841-4fe3f9428ea9:172.17.0.2:33989:0, c29e2c06-6c20-4bb4-83a6-e86bd9f7742c:172.17.0.2:43823:0], old=null
2020-09-24 01:55:01,871 [pool-138-thread-1] INFO  impl.RaftServerImpl (RaftServerImpl.java:setRole(186)) - c29e2c06-6c20-4bb4-83a6-e86bd9f7742c@group-EA3FB01F24C4: changes role from      null to FOLLOWER at term 0 for startAsFollower
2020-09-24 01:55:01,872 [pool-138-thread-1] INFO  impl.RoleInfo (RoleInfo.java:updateAndGet(143)) - c29e2c06-6c20-4bb4-83a6-e86bd9f7742c: start FollowerState
2020-09-24 01:55:01,874 [pool-138-thread-1] INFO  util.JmxRegister (JmxRegister.java:tryRegister(44)) - Successfully registered JMX Bean with object name Ratis:service=RaftServer,group=group-EA3FB01F24C4,id=c29e2c06-6c20-4bb4-83a6-e86bd9f7742c
2020-09-24 01:55:01,874 [pool-138-thread-1] INFO  metrics.RatisMetrics (RatisMetrics.java:lambda$create$0(36)) - Creating Metrics Registry : ratis.state_machine.c29e2c06-6c20-4bb4-83a6-e86bd9f7742c@group-EA3FB01F24C4
2020-09-24 01:55:01,883 [Command processor thread] INFO  commandhandler.CreatePipelineCommandHandler (CreatePipelineCommandHandler.java:handle(110)) - Created Pipeline RATIS THREE #id: "2cfa25bd-e7db-4ab1-80d0-ea3fb01f24c4"
uuid128 {
  mostSigBits: 3240944379415448241
  leastSigBits: -9164567682440289084
}
.
2020-09-24 01:55:01,885 [Command processor thread] INFO  metrics.RatisMetrics (RatisMetrics.java:lambda$create$0(36)) - Creating Metrics Registry : ratis.client_message_metrics.client-9495C996C76E->78015d65-121d-4994-9669-78a2c4afb989
2020-09-24 01:55:01,899 [Command processor thread] INFO  metrics.RatisMetrics (RatisMetrics.java:lambda$create$0(36)) - Creating Metrics Registry : ratis.client_message_metrics.client-DAA21225A0CA->18c0de85-0867-48b2-8841-4fe3f9428ea9
2020-09-24 01:55:01,905 [grpc-default-executor-0] INFO  metrics.RatisMetrics (RatisMetrics.java:lambda$create$0(36)) - Creating Metrics Registry : ratis.server_message_metrics.18c0de85-0867-48b2-8841-4fe3f9428ea9
2020-09-24 01:55:01,916 [Command processor thread] INFO  commandhandler.CreatePipelineCommandHandler (CreatePipelineCommandHandler.java:handle(110)) - Created Pipeline RATIS THREE #id: "2cfa25bd-e7db-4ab1-80d0-ea3fb01f24c4"
uuid128 {
  mostSigBits: 3240944379415448241
  leastSigBits: -9164567682440289084
}
.
2020-09-24 01:55:01,928 [Command processor thread] INFO  impl.RaftServerProxy (RaftServerProxy.java:addNew(89)) - 78015d65-121d-4994-9669-78a2c4afb989: addNew group-6E46EC5002A6:[78015d65-121d-4994-9669-78a2c4afb989:172.17.0.2:37781:0] returns group-6E46EC5002A6:java.util.concurrent.CompletableFuture@70988871[Not completed]
2020-09-24 01:55:01,929 [pool-153-thread-1] INFO  impl.RaftServerImpl (RaftServerImpl.java:<init>(108)) - 78015d65-121d-4994-9669-78a2c4afb989: new RaftServerImpl for group-6E46EC5002A6:[78015d65-121d-4994-9669-78a2c4afb989:172.17.0.2:37781:0] with ContainerStateMachine:uninitialized
2020-09-24 01:55:01,929 [pool-153-thread-1] INFO  server.RaftServerConfigKeys (ConfUtils.java:logGet(44)) - raft.server.rpc.timeout.min = 5s (custom)
2020-09-24 01:55:01,929 [pool-153-thread-1] INFO  server.RaftServerConfigKeys (ConfUtils.java:logGet(44)) - raft.server.rpc.timeout.max = 5200ms (custom)
2020-09-24 01:55:01,929 [pool-153-thread-1] INFO  server.RaftServerConfigKeys (ConfUtils.java:logGet(44)) - raft.server.rpcslowness.timeout = 300000ms (custom)
2020-09-24 01:55:01,929 [pool-153-thread-1] INFO  server.RaftServerConfigKeys (ConfUtils.java:logGet(44)) - raft.server.sleep.deviation.threshold = 300 (default)
2020-09-24 01:55:01,929 [pool-153-thread-1] INFO  server.RaftServerConfigKeys (ConfUtils.java:logGet(44)) - raft.server.log.appender.install.snapshot.enabled = false (custom)
2020-09-24 01:55:01,929 [pool-153-thread-1] INFO  impl.RaftServerImpl (ServerState.java:<init>(103)) - 78015d65-121d-4994-9669-78a2c4afb989@group-6E46EC5002A6: ConfigurationManager, init=-1: [78015d65-121d-4994-9669-78a2c4afb989:172.17.0.2:37781:0], old=null, confs=<EMPTY_MAP>
2020-09-24 01:55:01,930 [pool-153-thread-1] INFO  server.RaftServerConfigKeys (ConfUtils.java:logGet(44)) - raft.server.storage.dir = [/github/workspace/mnt/ozone/hadoop-ozone/integration-test/target/test-dir/MiniOzoneClusterImpl-cbb2177a-11db-4b99-8b47-fe15cf20b899/datanode-8/data/ratis] (custom)
2020-09-24 01:55:01,930 [pool-153-thread-1] INFO  server.RaftServerConfigKeys (ConfUtils.java:logGet(44)) - raft.server.log.corruption.policy = EXCEPTION (default)
2020-09-24 01:55:01,930 [pool-153-thread-1] INFO  storage.RaftStorageDirectory (RaftStorageDirectory.java:analyzeStorage(261)) - The storage directory /github/workspace/mnt/ozone/hadoop-ozone/integration-test/target/test-dir/MiniOzoneClusterImpl-cbb2177a-11db-4b99-8b47-fe15cf20b899/datanode-8/data/ratis/eefe7cf3-994c-42d6-94eb-6e46ec5002a6 does not exist. Creating ...
2020-09-24 01:55:01,931 [pool-153-thread-1] INFO  storage.RaftStorageDirectory (RaftStorageDirectory.java:tryLock(343)) - Lock on /github/workspace/mnt/ozone/hadoop-ozone/integration-test/target/test-dir/MiniOzoneClusterImpl-cbb2177a-11db-4b99-8b47-fe15cf20b899/datanode-8/data/ratis/eefe7cf3-994c-42d6-94eb-6e46ec5002a6/in_use.lock acquired by nodename 38446@25c36af82c1d
2020-09-24 01:55:01,932 [pool-153-thread-1] INFO  storage.RaftStorage (RaftStorage.java:format(84)) - Storage directory /github/workspace/mnt/ozone/hadoop-ozone/integration-test/target/test-dir/MiniOzoneClusterImpl-cbb2177a-11db-4b99-8b47-fe15cf20b899/datanode-8/data/ratis/eefe7cf3-994c-42d6-94eb-6e46ec5002a6 has been successfully formatted.
2020-09-24 01:55:01,932 [pool-153-thread-1] INFO  ratis.ContainerStateMachine (ContainerStateMachine.java:loadSnapshot(225)) - group-6E46EC5002A6: The snapshot info is null. Setting the last applied indexto:(t:0, i:~)
2020-09-24 01:55:01,932 [pool-153-thread-1] INFO  server.RaftServerConfigKeys (ConfUtils.java:logGet(44)) - raft.server.notification.no-leader.timeout = 300000ms (custom)
2020-09-24 01:55:01,933 [EventQueue-PipelineReportForPipelineReportHandler] INFO  pipeline.PipelineStateManager (PipelineStateManager.java:openPipeline(131)) - Pipeline Pipeline[ Id: eefe7cf3-994c-42d6-94eb-6e46ec5002a6, Nodes: 78015d65-121d-4994-9669-78a2c4afb989{ip: 172.17.0.2, host: 25c36af82c1d, networkLocation: /default-rack, certSerialId: null}, Type:RATIS, Factor:ONE, State:ALLOCATED, leaderId:78015d65-121d-4994-9669-78a2c4afb989, CreationTimestamp2020-09-24T01:54:58.933Z] moved to OPEN state
2020-09-24 01:55:01,933 [EventQueue-OpenPipelineForOneReplicaPipelineSafeModeRule] INFO  safemode.SCMSafeModeManager (SCMSafeModeManager.java:validateSafeModeExitRules(214)) - AtleastOneDatanodeReportedRule rule is successfully validated
2020-09-24 01:55:01,933 [EventQueue-OpenPipelineForHealthyPipelineSafeModeRule] INFO  safemode.SCMSafeModeManager (HealthyPipelineSafeModeRule.java:process(129)) - SCM in safe mode. Healthy pipelines reported count is 0, required healthy pipeline reported count is 1
2020-09-24 01:55:01,934 [pool-153-thread-1] INFO  server.RaftServerConfigKeys (ConfUtils.java:logGet(44)) - raft.server.log.use.memory = false (default)
2020-09-24 01:55:01,934 [pool-153-thread-1] INFO  server.RaftServerConfigKeys (ConfUtils.java:logGet(44)) - raft.server.log.purge.gap = 1000000 (custom)
2020-09-24 01:55:01,934 [pool-153-thread-1] INFO  metrics.RatisMetrics (RatisMetrics.java:lambda$create$0(36)) - Creating Metrics Registry : ratis.log_worker.78015d65-121d-4994-9669-78a2c4afb989@group-6E46EC5002A6
2020-09-24 01:55:01,934 [pool-153-thread-1] INFO  server.RaftServerConfigKeys (ConfUtils.java:logGet(44)) - raft.server.log.appender.buffer.byte-limit = 33554432 (custom)
2020-09-24 01:55:01,934 [pool-153-thread-1] INFO  server.RaftServerConfigKeys (ConfUtils.java:logGet(44)) - raft.server.log.segment.size.max = 1048576 (custom)
2020-09-24 01:55:01,934 [pool-153-thread-1] INFO  server.RaftServerConfigKeys (ConfUtils.java:logGet(44)) - raft.server.log.segment.cache.num.max = 2 (custom)
2020-09-24 01:55:01,935 [pool-153-thread-1] INFO  segmented.SegmentedRaftLogWorker (SegmentedRaftLogWorker.java:<init>(180)) - new 78015d65-121d-4994-9669-78a2c4afb989@group-6E46EC5002A6-SegmentedRaftLogWorker for RaftStorage:Storage Directory /github/workspace/mnt/ozone/hadoop-ozone/integration-test/target/test-dir/MiniOzoneClusterImpl-cbb2177a-11db-4b99-8b47-fe15cf20b899/datanode-8/data/ratis/eefe7cf3-994c-42d6-94eb-6e46ec5002a6
2020-09-24 01:55:01,935 [pool-153-thread-1] INFO  server.RaftServerConfigKeys (ConfUtils.java:logGet(44)) - raft.server.log.queue.byte-limit = 2147483647 (custom)
2020-09-24 01:55:01,935 [pool-153-thread-1] INFO  server.RaftServerConfigKeys (ConfUtils.java:logGet(44)) - raft.server.log.queue.element-limit = 1024 (custom)
2020-09-24 01:55:01,935 [pool-153-thread-1] INFO  server.RaftServerConfigKeys (ConfUtils.java:logGet(44)) - raft.server.log.segment.size.max = 1048576 (custom)
2020-09-24 01:55:01,935 [pool-153-thread-1] INFO  server.RaftServerConfigKeys (ConfUtils.java:logGet(44)) - raft.server.log.preallocated.size = 16384 (custom)
2020-09-24 01:55:01,935 [pool-153-thread-1] INFO  server.RaftServerConfigKeys (ConfUtils.java:logGet(44)) - raft.server.log.write.buffer.size = 1048576 (custom)
2020-09-24 01:55:01,935 [pool-153-thread-1] INFO  server.RaftServerConfigKeys (ConfUtils.java:logGet(44)) - raft.server.log.force.sync.num = 128 (default)
2020-09-24 01:55:01,935 [pool-153-thread-1] INFO  server.RaftServerConfigKeys (ConfUtils.java:logGet(44)) - raft.server.log.statemachine.data.sync = true (default)
2020-09-24 01:55:01,935 [pool-153-thread-1] INFO  server.RaftServerConfigKeys (ConfUtils.java:logGet(44)) - raft.server.log.statemachine.data.sync.timeout = 10s (default)
2020-09-24 01:55:01,935 [pool-153-thread-1] INFO  server.RaftServerConfigKeys (ConfUtils.java:logGet(44)) - raft.server.log.statemachine.data.sync.timeout.retry = -1 (default)
2020-09-24 01:55:01,937 [pool-153-thread-1] INFO  server.RaftServerConfigKeys (ConfUtils.java:logGet(44)) - raft.server.log.statemachine.data.caching.enabled = true (custom)
2020-09-24 01:55:01,937 [pool-153-thread-1] INFO  segmented.SegmentedRaftLogWorker (SegmentedRaftLogWorker.java:lambda$new$0(129)) - 78015d65-121d-4994-9669-78a2c4afb989@group-6E46EC5002A6-SegmentedRaftLogWorker: flushIndex: setUnconditionally 0 -> -1
2020-09-24 01:55:01,937 [pool-153-thread-1] INFO  segmented.SegmentedRaftLogWorker (SegmentedRaftLogWorker.java:lambda$new$0(129)) - 78015d65-121d-4994-9669-78a2c4afb989@group-6E46EC5002A6-SegmentedRaftLogWorker: safeCacheEvictIndex: setUnconditionally 0 -> -1
2020-09-24 01:55:01,944 [pool-153-thread-1] INFO  server.RaftServerConfigKeys (ConfUtils.java:logGet(44)) - raft.server.snapshot.auto.trigger.enabled = true (custom)
2020-09-24 01:55:01,944 [pool-153-thread-1] INFO  server.RaftServerConfigKeys (ConfUtils.java:logGet(44)) - raft.server.snapshot.auto.trigger.threshold = 1 (custom)
2020-09-24 01:55:01,944 [pool-153-thread-1] INFO  server.RaftServerConfigKeys (ConfUtils.java:logGet(44)) - raft.server.snapshot.retention.file.num = 5 (custom)
2020-09-24 01:55:01,944 [pool-153-thread-1] INFO  server.RaftServerConfigKeys (ConfUtils.java:logGet(44)) - raft.server.log.purge.upto.snapshot.index = false (default)
2020-09-24 01:55:01,944 [pool-153-thread-1] INFO  server.RaftServerConfigKeys (ConfUtils.java:logGet(44)) - raft.server.retrycache.expirytime = 600000ms (custom)
2020-09-24 01:55:01,944 [pool-153-thread-1] INFO  metrics.RatisMetrics (RatisMetrics.java:lambda$create$0(36)) - Creating Metrics Registry : ratis.leader_election.78015d65-121d-4994-9669-78a2c4afb989@group-6E46EC5002A6
2020-09-24 01:55:01,945 [pool-153-thread-1] INFO  metrics.RatisMetrics (RatisMetrics.java:lambda$create$0(36)) - Creating Metrics Registry : ratis.server.78015d65-121d-4994-9669-78a2c4afb989@group-6E46EC5002A6
2020-09-24 01:55:01,945 [pool-153-thread-1] INFO  impl.RaftServerImpl (RaftServerImpl.java:start(197)) - 78015d65-121d-4994-9669-78a2c4afb989@group-6E46EC5002A6: start as a follower, conf=-1: [78015d65-121d-4994-9669-78a2c4afb989:172.17.0.2:37781:0], old=null
2020-09-24 01:55:01,945 [pool-153-thread-1] INFO  impl.RaftServerImpl (RaftServerImpl.java:setRole(186)) - 78015d65-121d-4994-9669-78a2c4afb989@group-6E46EC5002A6: changes role from      null to FOLLOWER at term 0 for startAsFollower
2020-09-24 01:55:01,945 [pool-153-thread-1] INFO  impl.RoleInfo (RoleInfo.java:updateAndGet(143)) - 78015d65-121d-4994-9669-78a2c4afb989: start FollowerState
2020-09-24 01:55:01,947 [pool-153-thread-1] INFO  util.JmxRegister (JmxRegister.java:tryRegister(44)) - Successfully registered JMX Bean with object name Ratis:service=RaftServer,group=group-6E46EC5002A6,id=78015d65-121d-4994-9669-78a2c4afb989
2020-09-24 01:55:01,947 [pool-153-thread-1] INFO  metrics.RatisMetrics (RatisMetrics.java:lambda$create$0(36)) - Creating Metrics Registry : ratis.state_machine.78015d65-121d-4994-9669-78a2c4afb989@group-6E46EC5002A6
2020-09-24 01:55:01,948 [Command processor thread] INFO  commandhandler.CreatePipelineCommandHandler (CreatePipelineCommandHandler.java:handle(110)) - Created Pipeline RATIS ONE #id: "eefe7cf3-994c-42d6-94eb-6e46ec5002a6"
uuid128 {
  mostSigBits: -1225404662907387178
  leastSigBits: -7715952285677780314
}
.
2020-09-24 01:55:02,116 [Command processor thread] INFO  impl.RaftServerProxy (RaftServerProxy.java:addNew(89)) - d28c77d4-67bc-44f6-bd29-5ab6913a6c40: addNew group-4DFC454EDC10:[d28c77d4-67bc-44f6-bd29-5ab6913a6c40:172.17.0.2:40587:0] returns group-4DFC454EDC10:java.util.concurrent.CompletableFuture@78c1447f[Not completed]
2020-09-24 01:55:02,118 [pool-168-thread-1] INFO  impl.RaftServerImpl (RaftServerImpl.java:<init>(108)) - d28c77d4-67bc-44f6-bd29-5ab6913a6c40: new RaftServerImpl for group-4DFC454EDC10:[d28c77d4-67bc-44f6-bd29-5ab6913a6c40:172.17.0.2:40587:0] with ContainerStateMachine:uninitialized
2020-09-24 01:55:02,119 [Listener at 127.0.0.1/33927] INFO  ozone.MiniOzoneClusterImpl (MiniOzoneClusterImpl.java:lambda$waitForClusterToBeReady$0(177)) - Nodes are ready. Got 10 of 10 DN Heartbeats.
2020-09-24 01:55:02,119 [Listener at 127.0.0.1/33927] INFO  ozone.MiniOzoneClusterImpl (MiniOzoneClusterImpl.java:lambda$waitForClusterToBeReady$0(180)) - Waiting for cluster to exit safe mode
2020-09-24 01:55:02,119 [pool-168-thread-1] INFO  server.RaftServerConfigKeys (ConfUtils.java:logGet(44)) - raft.server.rpc.timeout.min = 5s (custom)
2020-09-24 01:55:02,119 [pool-168-thread-1] INFO  server.RaftServerConfigKeys (ConfUtils.java:logGet(44)) - raft.server.rpc.timeout.max = 5200ms (custom)
2020-09-24 01:55:02,119 [pool-168-thread-1] INFO  server.RaftServerConfigKeys (ConfUtils.java:logGet(44)) - raft.server.rpcslowness.timeout = 300000ms (custom)
2020-09-24 01:55:02,119 [pool-168-thread-1] INFO  server.RaftServerConfigKeys (ConfUtils.java:logGet(44)) - raft.server.sleep.deviation.threshold = 300 (default)
2020-09-24 01:55:02,119 [pool-168-thread-1] INFO  server.RaftServerConfigKeys (ConfUtils.java:logGet(44)) - raft.server.log.appender.install.snapshot.enabled = false (custom)
2020-09-24 01:55:02,119 [pool-168-thread-1] INFO  impl.RaftServerImpl (ServerState.java:<init>(103)) - d28c77d4-67bc-44f6-bd29-5ab6913a6c40@group-4DFC454EDC10: ConfigurationManager, init=-1: [d28c77d4-67bc-44f6-bd29-5ab6913a6c40:172.17.0.2:40587:0], old=null, confs=<EMPTY_MAP>
2020-09-24 01:55:02,119 [pool-168-thread-1] INFO  server.RaftServerConfigKeys (ConfUtils.java:logGet(44)) - raft.server.storage.dir = [/github/workspace/mnt/ozone/hadoop-ozone/integration-test/target/test-dir/MiniOzoneClusterImpl-cbb2177a-11db-4b99-8b47-fe15cf20b899/datanode-9/data/ratis] (custom)
2020-09-24 01:55:02,120 [pool-168-thread-1] INFO  server.RaftServerConfigKeys (ConfUtils.java:logGet(44)) - raft.server.log.corruption.policy = EXCEPTION (default)
2020-09-24 01:55:02,120 [pool-168-thread-1] INFO  storage.RaftStorageDirectory (RaftStorageDirectory.java:analyzeStorage(261)) - The storage directory /github/workspace/mnt/ozone/hadoop-ozone/integration-test/target/test-dir/MiniOzoneClusterImpl-cbb2177a-11db-4b99-8b47-fe15cf20b899/datanode-9/data/ratis/a5756d09-2d45-425e-b6a1-4dfc454edc10 does not exist. Creating ...
2020-09-24 01:55:02,121 [pool-168-thread-1] INFO  storage.RaftStorageDirectory (RaftStorageDirectory.java:tryLock(343)) - Lock on /github/workspace/mnt/ozone/hadoop-ozone/integration-test/target/test-dir/MiniOzoneClusterImpl-cbb2177a-11db-4b99-8b47-fe15cf20b899/datanode-9/data/ratis/a5756d09-2d45-425e-b6a1-4dfc454edc10/in_use.lock acquired by nodename 38446@25c36af82c1d
2020-09-24 01:55:02,122 [pool-168-thread-1] INFO  storage.RaftStorage (RaftStorage.java:format(84)) - Storage directory /github/workspace/mnt/ozone/hadoop-ozone/integration-test/target/test-dir/MiniOzoneClusterImpl-cbb2177a-11db-4b99-8b47-fe15cf20b899/datanode-9/data/ratis/a5756d09-2d45-425e-b6a1-4dfc454edc10 has been successfully formatted.
2020-09-24 01:55:02,123 [pool-168-thread-1] INFO  ratis.ContainerStateMachine (ContainerStateMachine.java:loadSnapshot(225)) - group-4DFC454EDC10: The snapshot info is null. Setting the last applied indexto:(t:0, i:~)
2020-09-24 01:55:02,123 [pool-168-thread-1] INFO  server.RaftServerConfigKeys (ConfUtils.java:logGet(44)) - raft.server.notification.no-leader.timeout = 300000ms (custom)
2020-09-24 01:55:02,123 [pool-168-thread-1] INFO  server.RaftServerConfigKeys (ConfUtils.java:logGet(44)) - raft.server.log.use.memory = false (default)
2020-09-24 01:55:02,123 [pool-168-thread-1] INFO  server.RaftServerConfigKeys (ConfUtils.java:logGet(44)) - raft.server.log.purge.gap = 1000000 (custom)
2020-09-24 01:55:02,123 [pool-168-thread-1] INFO  metrics.RatisMetrics (RatisMetrics.java:lambda$create$0(36)) - Creating Metrics Registry : ratis.log_worker.d28c77d4-67bc-44f6-bd29-5ab6913a6c40@group-4DFC454EDC10
2020-09-24 01:55:02,123 [pool-168-thread-1] INFO  server.RaftServerConfigKeys (ConfUtils.java:logGet(44)) - raft.server.log.appender.buffer.byte-limit = 33554432 (custom)
2020-09-24 01:55:02,123 [pool-168-thread-1] INFO  server.RaftServerConfigKeys (ConfUtils.java:logGet(44)) - raft.server.log.segment.size.max = 1048576 (custom)
2020-09-24 01:55:02,124 [EventQueue-PipelineReportForPipelineReportHandler] INFO  pipeline.PipelineStateManager (PipelineStateManager.java:openPipeline(131)) - Pipeline Pipeline[ Id: a5756d09-2d45-425e-b6a1-4dfc454edc10, Nodes: d28c77d4-67bc-44f6-bd29-5ab6913a6c40{ip: 172.17.0.2, host: 25c36af82c1d, networkLocation: /default-rack, certSerialId: null}, Type:RATIS, Factor:ONE, State:ALLOCATED, leaderId:d28c77d4-67bc-44f6-bd29-5ab6913a6c40, CreationTimestamp2020-09-24T01:54:59.123Z] moved to OPEN state
2020-09-24 01:55:02,124 [EventQueue-OpenPipelineForOneReplicaPipelineSafeModeRule] INFO  safemode.SCMSafeModeManager (SCMSafeModeManager.java:validateSafeModeExitRules(214)) - AtleastOneDatanodeReportedRule rule is successfully validated
2020-09-24 01:55:02,124 [pool-168-thread-1] INFO  server.RaftServerConfigKeys (ConfUtils.java:logGet(44)) - raft.server.log.segment.cache.num.max = 2 (custom)
2020-09-24 01:55:02,124 [pool-168-thread-1] INFO  segmented.SegmentedRaftLogWorker (SegmentedRaftLogWorker.java:<init>(180)) - new d28c77d4-67bc-44f6-bd29-5ab6913a6c40@group-4DFC454EDC10-SegmentedRaftLogWorker for RaftStorage:Storage Directory /github/workspace/mnt/ozone/hadoop-ozone/integration-test/target/test-dir/MiniOzoneClusterImpl-cbb2177a-11db-4b99-8b47-fe15cf20b899/datanode-9/data/ratis/a5756d09-2d45-425e-b6a1-4dfc454edc10
2020-09-24 01:55:02,124 [pool-168-thread-1] INFO  server.RaftServerConfigKeys (ConfUtils.java:logGet(44)) - raft.server.log.queue.byte-limit = 2147483647 (custom)
2020-09-24 01:55:02,124 [EventQueue-OpenPipelineForHealthyPipelineSafeModeRule] INFO  safemode.SCMSafeModeManager (HealthyPipelineSafeModeRule.java:process(129)) - SCM in safe mode. Healthy pipelines reported count is 0, required healthy pipeline reported count is 1
2020-09-24 01:55:02,124 [pool-168-thread-1] INFO  server.RaftServerConfigKeys (ConfUtils.java:logGet(44)) - raft.server.log.queue.element-limit = 1024 (custom)
2020-09-24 01:55:02,124 [pool-168-thread-1] INFO  server.RaftServerConfigKeys (ConfUtils.java:logGet(44)) - raft.server.log.segment.size.max = 1048576 (custom)
2020-09-24 01:55:02,124 [pool-168-thread-1] INFO  server.RaftServerConfigKeys (ConfUtils.java:logGet(44)) - raft.server.log.preallocated.size = 16384 (custom)
2020-09-24 01:55:02,124 [pool-168-thread-1] INFO  server.RaftServerConfigKeys (ConfUtils.java:logGet(44)) - raft.server.log.write.buffer.size = 1048576 (custom)
2020-09-24 01:55:02,125 [pool-168-thread-1] INFO  server.RaftServerConfigKeys (ConfUtils.java:logGet(44)) - raft.server.log.force.sync.num = 128 (default)
2020-09-24 01:55:02,125 [pool-168-thread-1] INFO  server.RaftServerConfigKeys (ConfUtils.java:logGet(44)) - raft.server.log.statemachine.data.sync = true (default)
2020-09-24 01:55:02,125 [pool-168-thread-1] INFO  server.RaftServerConfigKeys (ConfUtils.java:logGet(44)) - raft.server.log.statemachine.data.sync.timeout = 10s (default)
2020-09-24 01:55:02,125 [pool-168-thread-1] INFO  server.RaftServerConfigKeys (ConfUtils.java:logGet(44)) - raft.server.log.statemachine.data.sync.timeout.retry = -1 (default)
2020-09-24 01:55:02,126 [pool-168-thread-1] INFO  server.RaftServerConfigKeys (ConfUtils.java:logGet(44)) - raft.server.log.statemachine.data.caching.enabled = true (custom)
2020-09-24 01:55:02,127 [pool-168-thread-1] INFO  segmented.SegmentedRaftLogWorker (SegmentedRaftLogWorker.java:lambda$new$0(129)) - d28c77d4-67bc-44f6-bd29-5ab6913a6c40@group-4DFC454EDC10-SegmentedRaftLogWorker: flushIndex: setUnconditionally 0 -> -1
2020-09-24 01:55:02,127 [pool-168-thread-1] INFO  segmented.SegmentedRaftLogWorker (SegmentedRaftLogWorker.java:lambda$new$0(129)) - d28c77d4-67bc-44f6-bd29-5ab6913a6c40@group-4DFC454EDC10-SegmentedRaftLogWorker: safeCacheEvictIndex: setUnconditionally 0 -> -1
2020-09-24 01:55:02,127 [pool-168-thread-1] INFO  server.RaftServerConfigKeys (ConfUtils.java:logGet(44)) - raft.server.snapshot.auto.trigger.enabled = true (custom)
2020-09-24 01:55:02,127 [pool-168-thread-1] INFO  server.RaftServerConfigKeys (ConfUtils.java:logGet(44)) - raft.server.snapshot.auto.trigger.threshold = 1 (custom)
2020-09-24 01:55:02,127 [pool-168-thread-1] INFO  server.RaftServerConfigKeys (ConfUtils.java:logGet(44)) - raft.server.snapshot.retention.file.num = 5 (custom)
2020-09-24 01:55:02,127 [pool-168-thread-1] INFO  server.RaftServerConfigKeys (ConfUtils.java:logGet(44)) - raft.server.log.purge.upto.snapshot.index = false (default)
2020-09-24 01:55:02,127 [pool-168-thread-1] INFO  server.RaftServerConfigKeys (ConfUtils.java:logGet(44)) - raft.server.retrycache.expirytime = 600000ms (custom)
2020-09-24 01:55:02,127 [pool-168-thread-1] INFO  metrics.RatisMetrics (RatisMetrics.java:lambda$create$0(36)) - Creating Metrics Registry : ratis.leader_election.d28c77d4-67bc-44f6-bd29-5ab6913a6c40@group-4DFC454EDC10
2020-09-24 01:55:02,128 [pool-168-thread-1] INFO  metrics.RatisMetrics (RatisMetrics.java:lambda$create$0(36)) - Creating Metrics Registry : ratis.server.d28c77d4-67bc-44f6-bd29-5ab6913a6c40@group-4DFC454EDC10
2020-09-24 01:55:02,128 [pool-168-thread-1] INFO  impl.RaftServerImpl (RaftServerImpl.java:start(197)) - d28c77d4-67bc-44f6-bd29-5ab6913a6c40@group-4DFC454EDC10: start as a follower, conf=-1: [d28c77d4-67bc-44f6-bd29-5ab6913a6c40:172.17.0.2:40587:0], old=null
2020-09-24 01:55:02,128 [pool-168-thread-1] INFO  impl.RaftServerImpl (RaftServerImpl.java:setRole(186)) - d28c77d4-67bc-44f6-bd29-5ab6913a6c40@group-4DFC454EDC10: changes role from      null to FOLLOWER at term 0 for startAsFollower
2020-09-24 01:55:02,128 [pool-168-thread-1] INFO  impl.RoleInfo (RoleInfo.java:updateAndGet(143)) - d28c77d4-67bc-44f6-bd29-5ab6913a6c40: start FollowerState
2020-09-24 01:55:02,129 [pool-168-thread-1] INFO  util.JmxRegister (JmxRegister.java:tryRegister(44)) - Successfully registered JMX Bean with object name Ratis:service=RaftServer,group=group-4DFC454EDC10,id=d28c77d4-67bc-44f6-bd29-5ab6913a6c40
2020-09-24 01:55:02,129 [pool-168-thread-1] INFO  metrics.RatisMetrics (RatisMetrics.java:lambda$create$0(36)) - Creating Metrics Registry : ratis.state_machine.d28c77d4-67bc-44f6-bd29-5ab6913a6c40@group-4DFC454EDC10
2020-09-24 01:55:02,130 [Command processor thread] INFO  commandhandler.CreatePipelineCommandHandler (CreatePipelineCommandHandler.java:handle(110)) - Created Pipeline RATIS ONE #id: "a5756d09-2d45-425e-b6a1-4dfc454edc10"
uuid128 {
  mostSigBits: -6524188598994648482
  leastSigBits: -5286858741666358256
}
.
2020-09-24 01:55:03,119 [Listener at 127.0.0.1/33927] INFO  ozone.MiniOzoneClusterImpl (MiniOzoneClusterImpl.java:lambda$waitForClusterToBeReady$0(177)) - Nodes are ready. Got 10 of 10 DN Heartbeats.
2020-09-24 01:55:03,119 [Listener at 127.0.0.1/33927] INFO  ozone.MiniOzoneClusterImpl (MiniOzoneClusterImpl.java:lambda$waitForClusterToBeReady$0(180)) - Waiting for cluster to exit safe mode
2020-09-24 01:55:04,119 [Listener at 127.0.0.1/33927] INFO  ozone.MiniOzoneClusterImpl (MiniOzoneClusterImpl.java:lambda$waitForClusterToBeReady$0(177)) - Nodes are ready. Got 10 of 10 DN Heartbeats.
2020-09-24 01:55:04,120 [Listener at 127.0.0.1/33927] INFO  ozone.MiniOzoneClusterImpl (MiniOzoneClusterImpl.java:lambda$waitForClusterToBeReady$0(180)) - Waiting for cluster to exit safe mode
2020-09-24 01:55:05,120 [Listener at 127.0.0.1/33927] INFO  ozone.MiniOzoneClusterImpl (MiniOzoneClusterImpl.java:lambda$waitForClusterToBeReady$0(177)) - Nodes are ready. Got 10 of 10 DN Heartbeats.
2020-09-24 01:55:05,120 [Listener at 127.0.0.1/33927] INFO  ozone.MiniOzoneClusterImpl (MiniOzoneClusterImpl.java:lambda$waitForClusterToBeReady$0(180)) - Waiting for cluster to exit safe mode
2020-09-24 01:55:05,319 [Thread-270] INFO  impl.FollowerState (FollowerState.java:run(108)) - 80e000f3-57fe-409f-8b55-0def8c2cb3ea@group-D03BD599471A-FollowerState: change to CANDIDATE, lastRpcTime:5016ms, electionTimeout:5009ms
2020-09-24 01:55:05,319 [Thread-270] INFO  impl.RoleInfo (RoleInfo.java:shutdownFollowerState(121)) - 80e000f3-57fe-409f-8b55-0def8c2cb3ea: shutdown FollowerState
2020-09-24 01:55:05,319 [Thread-270] INFO  impl.RaftServerImpl (RaftServerImpl.java:setRole(186)) - 80e000f3-57fe-409f-8b55-0def8c2cb3ea@group-D03BD599471A: changes role from  FOLLOWER to CANDIDATE at term 0 for changeToCandidate
2020-09-24 01:55:05,322 [Thread-270] INFO  impl.RoleInfo (RoleInfo.java:updateAndGet(143)) - 80e000f3-57fe-409f-8b55-0def8c2cb3ea: start LeaderElection
2020-09-24 01:55:05,325 [80e000f3-57fe-409f-8b55-0def8c2cb3ea@group-D03BD599471A-LeaderElection1] INFO  impl.LeaderElection (LeaderElection.java:askForVotes(210)) - 80e000f3-57fe-409f-8b55-0def8c2cb3ea@group-D03BD599471A-LeaderElection1: begin an election at term 1 for -1: [80e000f3-57fe-409f-8b55-0def8c2cb3ea:172.17.0.2:43361:0], old=null
2020-09-24 01:55:05,326 [80e000f3-57fe-409f-8b55-0def8c2cb3ea@group-D03BD599471A-LeaderElection1] INFO  impl.RoleInfo (RoleInfo.java:shutdownLeaderElection(134)) - 80e000f3-57fe-409f-8b55-0def8c2cb3ea: shutdown LeaderElection
2020-09-24 01:55:05,327 [80e000f3-57fe-409f-8b55-0def8c2cb3ea@group-D03BD599471A-LeaderElection1] INFO  impl.RaftServerImpl (RaftServerImpl.java:setRole(186)) - 80e000f3-57fe-409f-8b55-0def8c2cb3ea@group-D03BD599471A: changes role from CANDIDATE to LEADER at term 1 for changeToLeader
2020-09-24 01:55:05,327 [80e000f3-57fe-409f-8b55-0def8c2cb3ea@group-D03BD599471A-LeaderElection1] INFO  ratis.XceiverServerRatis (XceiverServerRatis.java:handleLeaderChangedNotification(822)) - Leader change notification received for group: group-D03BD599471A with new leaderId: 80e000f3-57fe-409f-8b55-0def8c2cb3ea
2020-09-24 01:55:05,327 [80e000f3-57fe-409f-8b55-0def8c2cb3ea@group-D03BD599471A-LeaderElection1] INFO  impl.RaftServerImpl (ServerState.java:setLeader(255)) - 80e000f3-57fe-409f-8b55-0def8c2cb3ea@group-D03BD599471A: change Leader from null to 80e000f3-57fe-409f-8b55-0def8c2cb3ea at term 1 for becomeLeader, leader elected after 5127ms
2020-09-24 01:55:05,331 [80e000f3-57fe-409f-8b55-0def8c2cb3ea@group-D03BD599471A-LeaderElection1] INFO  server.RaftServerConfigKeys (ConfUtils.java:logGet(44)) - raft.server.staging.catchup.gap = 1000 (default)
2020-09-24 01:55:05,331 [80e000f3-57fe-409f-8b55-0def8c2cb3ea@group-D03BD599471A-LeaderElection1] INFO  server.RaftServerConfigKeys (ConfUtils.java:logGet(44)) - raft.server.rpc.sleep.time = 25ms (default)
2020-09-24 01:55:05,333 [80e000f3-57fe-409f-8b55-0def8c2cb3ea@group-D03BD599471A-LeaderElection1] INFO  metrics.RatisMetrics (RatisMetrics.java:lambda$create$0(36)) - Creating Metrics Registry : ratis.log_appender.80e000f3-57fe-409f-8b55-0def8c2cb3ea@group-D03BD599471A
2020-09-24 01:55:05,334 [80e000f3-57fe-409f-8b55-0def8c2cb3ea@group-D03BD599471A-LeaderElection1] INFO  server.RaftServerConfigKeys (ConfUtils.java:logGet(44)) - raft.server.write.element-limit = 1024 (custom)
2020-09-24 01:55:05,335 [80e000f3-57fe-409f-8b55-0def8c2cb3ea@group-D03BD599471A-LeaderElection1] INFO  server.RaftServerConfigKeys (ConfUtils.java:logGet(44)) - raft.server.write.byte-limit = 1073741824 (custom)
2020-09-24 01:55:05,340 [80e000f3-57fe-409f-8b55-0def8c2cb3ea@group-D03BD599471A-LeaderElection1] INFO  server.RaftServerConfigKeys (ConfUtils.java:logGet(44)) - raft.server.watch.timeout = 10000ms (default)
2020-09-24 01:55:05,340 [80e000f3-57fe-409f-8b55-0def8c2cb3ea@group-D03BD599471A-LeaderElection1] INFO  server.RaftServerConfigKeys (ConfUtils.java:logGet(44)) - raft.server.watch.timeout.denomination = 1s (default)
2020-09-24 01:55:05,341 [80e000f3-57fe-409f-8b55-0def8c2cb3ea@group-D03BD599471A-LeaderElection1] INFO  server.RaftServerConfigKeys (ConfUtils.java:logGet(44)) - raft.server.watch.element-limit = 65536 (default)
2020-09-24 01:55:05,346 [80e000f3-57fe-409f-8b55-0def8c2cb3ea@group-D03BD599471A-LeaderElection1] INFO  impl.RoleInfo (RoleInfo.java:updateAndGet(143)) - 80e000f3-57fe-409f-8b55-0def8c2cb3ea: start LeaderState
2020-09-24 01:55:05,364 [80e000f3-57fe-409f-8b55-0def8c2cb3ea@group-D03BD599471A-LeaderElection1] INFO  segmented.SegmentedRaftLogWorker (SegmentedRaftLogWorker.java:startLogSegment(397)) - 80e000f3-57fe-409f-8b55-0def8c2cb3ea@group-D03BD599471A-SegmentedRaftLogWorker: Starting segment from index:0
2020-09-24 01:55:05,377 [80e000f3-57fe-409f-8b55-0def8c2cb3ea@group-D03BD599471A-LeaderElection1] INFO  impl.RaftServerImpl (ServerState.java:setRaftConf(373)) - 80e000f3-57fe-409f-8b55-0def8c2cb3ea@group-D03BD599471A: set configuration 0: [80e000f3-57fe-409f-8b55-0def8c2cb3ea:172.17.0.2:43361:0], old=null at 0
2020-09-24 01:55:05,470 [80e000f3-57fe-409f-8b55-0def8c2cb3ea@group-D03BD599471A-SegmentedRaftLogWorker] INFO  segmented.SegmentedRaftLogWorker (SegmentedRaftLogWorker.java:execute(596)) - 80e000f3-57fe-409f-8b55-0def8c2cb3ea@group-D03BD599471A-SegmentedRaftLogWorker: created new log segment /github/workspace/mnt/ozone/hadoop-ozone/integration-test/target/test-dir/MiniOzoneClusterImpl-cbb2177a-11db-4b99-8b47-fe15cf20b899/datanode-0/data/ratis/ce6b31f2-925b-4f6d-b9d1-d03bd599471a/current/log_inprogress_0
2020-09-24 01:55:05,478 [80e000f3-57fe-409f-8b55-0def8c2cb3ea@group-D03BD599471A-StateMachineUpdater] INFO  ratis.ContainerStateMachine (ContainerStateMachine.java:takeSnapshot(293)) - group-D03BD599471A: Taking a snapshot at:(t:1, i:0) file /github/workspace/mnt/ozone/hadoop-ozone/integration-test/target/test-dir/MiniOzoneClusterImpl-cbb2177a-11db-4b99-8b47-fe15cf20b899/datanode-0/data/ratis/ce6b31f2-925b-4f6d-b9d1-d03bd599471a/sm/snapshot.1_0
2020-09-24 01:55:05,478 [Thread-272] INFO  impl.FollowerState (FollowerState.java:run(108)) - 80e000f3-57fe-409f-8b55-0def8c2cb3ea@group-828FCAC9CD85-FollowerState: change to CANDIDATE, lastRpcTime:5131ms, electionTimeout:5128ms
2020-09-24 01:55:05,479 [Thread-272] INFO  impl.RoleInfo (RoleInfo.java:shutdownFollowerState(121)) - 80e000f3-57fe-409f-8b55-0def8c2cb3ea: shutdown FollowerState
2020-09-24 01:55:05,479 [Thread-272] INFO  impl.RaftServerImpl (RaftServerImpl.java:setRole(186)) - 80e000f3-57fe-409f-8b55-0def8c2cb3ea@group-828FCAC9CD85: changes role from  FOLLOWER to CANDIDATE at term 0 for changeToCandidate
2020-09-24 01:55:05,479 [Thread-272] INFO  impl.RoleInfo (RoleInfo.java:updateAndGet(143)) - 80e000f3-57fe-409f-8b55-0def8c2cb3ea: start LeaderElection
2020-09-24 01:55:05,496 [80e000f3-57fe-409f-8b55-0def8c2cb3ea@group-828FCAC9CD85-LeaderElection2] INFO  impl.LeaderElection (LeaderElection.java:askForVotes(210)) - 80e000f3-57fe-409f-8b55-0def8c2cb3ea@group-828FCAC9CD85-LeaderElection2: begin an election at term 1 for -1: [80e000f3-57fe-409f-8b55-0def8c2cb3ea:172.17.0.2:43361:0, 406dfbef-c5e7-4177-bf53-4490cddee952:172.17.0.2:43517:0, 56c3813c-334a-40eb-9390-9dfad9ae58fa:172.17.0.2:39383:0], old=null
2020-09-24 01:55:05,519 [grpc-default-executor-0] INFO  impl.RaftServerImpl (RaftServerImpl.java:setRole(186)) - 406dfbef-c5e7-4177-bf53-4490cddee952@group-828FCAC9CD85: changes role from  FOLLOWER to FOLLOWER at term 1 for recognizeCandidate:80e000f3-57fe-409f-8b55-0def8c2cb3ea
2020-09-24 01:55:05,519 [grpc-default-executor-0] INFO  impl.RoleInfo (RoleInfo.java:shutdownFollowerState(121)) - 406dfbef-c5e7-4177-bf53-4490cddee952: shutdown FollowerState
2020-09-24 01:55:05,519 [grpc-default-executor-0] INFO  impl.RoleInfo (RoleInfo.java:updateAndGet(143)) - 406dfbef-c5e7-4177-bf53-4490cddee952: start FollowerState
2020-09-24 01:55:05,519 [Thread-282] INFO  impl.FollowerState (FollowerState.java:run(117)) - 406dfbef-c5e7-4177-bf53-4490cddee952@group-828FCAC9CD85-FollowerState was interrupted: java.lang.InterruptedException: sleep interrupted
2020-09-24 01:55:05,521 [grpc-default-executor-0] INFO  impl.RaftServerImpl (RaftServerImpl.java:requestVote(885)) -  FOLLOWER 406dfbef-c5e7-4177-bf53-4490cddee952@group-828FCAC9CD85:t1, leader=null, voted=null, raftlog=406dfbef-c5e7-4177-bf53-4490cddee952@group-828FCAC9CD85-SegmentedRaftLog:OPENED:c-1,f-1,i0, conf=-1: [80e000f3-57fe-409f-8b55-0def8c2cb3ea:172.17.0.2:43361:0, 406dfbef-c5e7-4177-bf53-4490cddee952:172.17.0.2:43517:0, 56c3813c-334a-40eb-9390-9dfad9ae58fa:172.17.0.2:39383:0], old=null RUNNING priority:0 candidate:80e000f3-57fe-409f-8b55-0def8c2cb3ea:172.17.0.2:43361:0 candidatePriority:0 compare:0
2020-09-24 01:55:05,542 [grpc-default-executor-0] INFO  impl.RaftServerImpl (RaftServerImpl.java:setRole(186)) - 56c3813c-334a-40eb-9390-9dfad9ae58fa@group-828FCAC9CD85: changes role from  FOLLOWER to FOLLOWER at term 1 for recognizeCandidate:80e000f3-57fe-409f-8b55-0def8c2cb3ea
2020-09-24 01:55:05,542 [grpc-default-executor-0] INFO  impl.RoleInfo (RoleInfo.java:shutdownFollowerState(121)) - 56c3813c-334a-40eb-9390-9dfad9ae58fa: shutdown FollowerState
2020-09-24 01:55:05,542 [grpc-default-executor-0] INFO  impl.RoleInfo (RoleInfo.java:updateAndGet(143)) - 56c3813c-334a-40eb-9390-9dfad9ae58fa: start FollowerState
2020-09-24 01:55:05,542 [Thread-276] INFO  impl.FollowerState (FollowerState.java:run(117)) - 56c3813c-334a-40eb-9390-9dfad9ae58fa@group-828FCAC9CD85-FollowerState was interrupted: java.lang.InterruptedException: sleep interrupted
2020-09-24 01:55:05,543 [grpc-default-executor-0] INFO  impl.RaftServerImpl (RaftServerImpl.java:requestVote(885)) -  FOLLOWER 56c3813c-334a-40eb-9390-9dfad9ae58fa@group-828FCAC9CD85:t1, leader=null, voted=null, raftlog=56c3813c-334a-40eb-9390-9dfad9ae58fa@group-828FCAC9CD85-SegmentedRaftLog:OPENED:c-1,f-1,i0, conf=-1: [80e000f3-57fe-409f-8b55-0def8c2cb3ea:172.17.0.2:43361:0, 406dfbef-c5e7-4177-bf53-4490cddee952:172.17.0.2:43517:0, 56c3813c-334a-40eb-9390-9dfad9ae58fa:172.17.0.2:39383:0], old=null RUNNING priority:0 candidate:80e000f3-57fe-409f-8b55-0def8c2cb3ea:172.17.0.2:43361:0 candidatePriority:0 compare:0
2020-09-24 01:55:05,545 [80e000f3-57fe-409f-8b55-0def8c2cb3ea@group-828FCAC9CD85-LeaderElection2] INFO  impl.LeaderElection (LeaderElection.java:logAndReturn(62)) - 80e000f3-57fe-409f-8b55-0def8c2cb3ea@group-828FCAC9CD85-LeaderElection2: Election PASSED; received 1 response(s) [80e000f3-57fe-409f-8b55-0def8c2cb3ea<-406dfbef-c5e7-4177-bf53-4490cddee952#0:OK-t1] and 0 exception(s); 80e000f3-57fe-409f-8b55-0def8c2cb3ea@group-828FCAC9CD85:t1, leader=null, voted=80e000f3-57fe-409f-8b55-0def8c2cb3ea, raftlog=80e000f3-57fe-409f-8b55-0def8c2cb3ea@group-828FCAC9CD85-SegmentedRaftLog:OPENED:c-1,f-1,i0, conf=-1: [80e000f3-57fe-409f-8b55-0def8c2cb3ea:172.17.0.2:43361:0, 406dfbef-c5e7-4177-bf53-4490cddee952:172.17.0.2:43517:0, 56c3813c-334a-40eb-9390-9dfad9ae58fa:172.17.0.2:39383:0], old=null
2020-09-24 01:55:05,545 [80e000f3-57fe-409f-8b55-0def8c2cb3ea@group-828FCAC9CD85-LeaderElection2] INFO  impl.RoleInfo (RoleInfo.java:shutdownLeaderElection(134)) - 80e000f3-57fe-409f-8b55-0def8c2cb3ea: shutdown LeaderElection
2020-09-24 01:55:05,545 [80e000f3-57fe-409f-8b55-0def8c2cb3ea@group-828FCAC9CD85-LeaderElection2] INFO  impl.RaftServerImpl (RaftServerImpl.java:setRole(186)) - 80e000f3-57fe-409f-8b55-0def8c2cb3ea@group-828FCAC9CD85: changes role from CANDIDATE to LEADER at term 1 for changeToLeader
2020-09-24 01:55:05,546 [80e000f3-57fe-409f-8b55-0def8c2cb3ea@group-828FCAC9CD85-LeaderElection2] INFO  ratis.XceiverServerRatis (XceiverServerRatis.java:handleLeaderChangedNotification(822)) - Leader change notification received for group: group-828FCAC9CD85 with new leaderId: 80e000f3-57fe-409f-8b55-0def8c2cb3ea
2020-09-24 01:55:05,546 [80e000f3-57fe-409f-8b55-0def8c2cb3ea@group-828FCAC9CD85-LeaderElection2] INFO  impl.RaftServerImpl (ServerState.java:setLeader(255)) - 80e000f3-57fe-409f-8b55-0def8c2cb3ea@group-828FCAC9CD85: change Leader from null to 80e000f3-57fe-409f-8b55-0def8c2cb3ea at term 1 for becomeLeader, leader elected after 5213ms
2020-09-24 01:55:05,546 [80e000f3-57fe-409f-8b55-0def8c2cb3ea@group-828FCAC9CD85-LeaderElection2] INFO  server.RaftServerConfigKeys (ConfUtils.java:logGet(44)) - raft.server.staging.catchup.gap = 1000 (default)
2020-09-24 01:55:05,546 [80e000f3-57fe-409f-8b55-0def8c2cb3ea@group-828FCAC9CD85-LeaderElection2] INFO  server.RaftServerConfigKeys (ConfUtils.java:logGet(44)) - raft.server.rpc.sleep.time = 25ms (default)
2020-09-24 01:55:05,546 [80e000f3-57fe-409f-8b55-0def8c2cb3ea@group-828FCAC9CD85-LeaderElection2] INFO  metrics.RatisMetrics (RatisMetrics.java:lambda$create$0(36)) - Creating Metrics Registry : ratis.log_appender.80e000f3-57fe-409f-8b55-0def8c2cb3ea@group-828FCAC9CD85
2020-09-24 01:55:05,546 [80e000f3-57fe-409f-8b55-0def8c2cb3ea@group-828FCAC9CD85-LeaderElection2] INFO  server.RaftServerConfigKeys (ConfUtils.java:logGet(44)) - raft.server.write.element-limit = 1024 (custom)
2020-09-24 01:55:05,546 [80e000f3-57fe-409f-8b55-0def8c2cb3ea@group-828FCAC9CD85-LeaderElection2] INFO  server.RaftServerConfigKeys (ConfUtils.java:logGet(44)) - raft.server.write.byte-limit = 1073741824 (custom)
2020-09-24 01:55:05,546 [80e000f3-57fe-409f-8b55-0def8c2cb3ea@group-828FCAC9CD85-LeaderElection2] INFO  server.RaftServerConfigKeys (ConfUtils.java:logGet(44)) - raft.server.watch.timeout = 10000ms (default)
2020-09-24 01:55:05,546 [80e000f3-57fe-409f-8b55-0def8c2cb3ea@group-828FCAC9CD85-LeaderElection2] INFO  server.RaftServerConfigKeys (ConfUtils.java:logGet(44)) - raft.server.watch.timeout.denomination = 1s (default)
2020-09-24 01:55:05,550 [80e000f3-57fe-409f-8b55-0def8c2cb3ea@group-828FCAC9CD85-LeaderElection2] INFO  server.RaftServerConfigKeys (ConfUtils.java:logGet(44)) - raft.server.watch.element-limit = 65536 (default)
2020-09-24 01:55:05,552 [80e000f3-57fe-409f-8b55-0def8c2cb3ea@group-828FCAC9CD85-LeaderElection2] INFO  server.RaftServerConfigKeys (ConfUtils.java:logGet(44)) - raft.server.log.appender.snapshot.chunk.size.max = 16MB (=16777216) (default)
2020-09-24 01:55:05,552 [EventQueue-PipelineReportForPipelineReportHandler] INFO  pipeline.PipelineStateManager (PipelineStateManager.java:openPipeline(131)) - Pipeline Pipeline[ Id: dc9ecf6b-275b-4189-acb4-828fcac9cd85, Nodes: 56c3813c-334a-40eb-9390-9dfad9ae58fa{ip: 172.17.0.2, host: 25c36af82c1d, networkLocation: /default-rack, certSerialId: null}406dfbef-c5e7-4177-bf53-4490cddee952{ip: 172.17.0.2, host: 25c36af82c1d, networkLocation: /default-rack, certSerialId: null}80e000f3-57fe-409f-8b55-0def8c2cb3ea{ip: 172.17.0.2, host: 25c36af82c1d, networkLocation: /default-rack, certSerialId: null}, Type:RATIS, Factor:THREE, State:ALLOCATED, leaderId:80e000f3-57fe-409f-8b55-0def8c2cb3ea, CreationTimestamp2020-09-24T01:54:57.699Z] moved to OPEN state
2020-09-24 01:55:05,554 [EventQueue-OpenPipelineForOneReplicaPipelineSafeModeRule] INFO  safemode.SCMSafeModeManager (SCMSafeModeManager.java:validateSafeModeExitRules(214)) - AtleastOneDatanodeReportedRule rule is successfully validated
2020-09-24 01:55:05,554 [EventQueue-OpenPipelineForHealthyPipelineSafeModeRule] INFO  safemode.SCMSafeModeManager (HealthyPipelineSafeModeRule.java:process(129)) - SCM in safe mode. Healthy pipelines reported count is 1, required healthy pipeline reported count is 1
2020-09-24 01:55:05,554 [EventQueue-OpenPipelineForHealthyPipelineSafeModeRule] INFO  safemode.SCMSafeModeManager (SCMSafeModeManager.java:validateSafeModeExitRules(214)) - HealthyPipelineSafeModeRule rule is successfully validated
2020-09-24 01:55:05,554 [EventQueue-OpenPipelineForHealthyPipelineSafeModeRule] INFO  safemode.SCMSafeModeManager (SCMSafeModeManager.java:validateSafeModeExitRules(228)) - ScmSafeModeManager, all rules are successfully validated
2020-09-24 01:55:05,554 [EventQueue-OpenPipelineForHealthyPipelineSafeModeRule] INFO  safemode.SCMSafeModeManager (SCMSafeModeManager.java:exitSafeMode(257)) - SCM exiting safe mode.
2020-09-24 01:55:05,553 [80e000f3-57fe-409f-8b55-0def8c2cb3ea@group-828FCAC9CD85-LeaderElection2] INFO  server.RaftServerConfigKeys (ConfUtils.java:logGet(44)) - raft.server.log.appender.buffer.byte-limit = 33554432 (custom)
2020-09-24 01:55:05,555 [80e000f3-57fe-409f-8b55-0def8c2cb3ea@group-828FCAC9CD85-LeaderElection2] INFO  server.RaftServerConfigKeys (ConfUtils.java:logGet(44)) - raft.server.log.appender.buffer.element-limit = 1 (custom)
2020-09-24 01:55:05,558 [80e000f3-57fe-409f-8b55-0def8c2cb3ea@group-828FCAC9CD85-LeaderElection2] INFO  grpc.GrpcConfigKeys (ConfUtils.java:logGet(44)) - raft.grpc.server.leader.outstanding.appends.max = 128 (default)
2020-09-24 01:55:05,559 [80e000f3-57fe-409f-8b55-0def8c2cb3ea@group-828FCAC9CD85-LeaderElection2] INFO  server.RaftServerConfigKeys (ConfUtils.java:logGet(44)) - raft.server.rpc.request.timeout = 3000ms (default)
2020-09-24 01:55:05,559 [80e000f3-57fe-409f-8b55-0def8c2cb3ea@group-828FCAC9CD85-LeaderElection2] INFO  server.RaftServerConfigKeys (ConfUtils.java:logGet(44)) - raft.server.log.appender.install.snapshot.enabled = false (custom)
2020-09-24 01:55:05,560 [80e000f3-57fe-409f-8b55-0def8c2cb3ea@group-828FCAC9CD85-LeaderElection2] INFO  metrics.RatisMetrics (RatisMetrics.java:lambda$create$0(36)) - Creating Metrics Registry : ratis_grpc.log_appender.80e000f3-57fe-409f-8b55-0def8c2cb3ea@group-828FCAC9CD85
2020-09-24 01:55:05,563 [80e000f3-57fe-409f-8b55-0def8c2cb3ea@group-828FCAC9CD85-LeaderElection2] INFO  server.RaftServerConfigKeys (ConfUtils.java:logGet(44)) - raft.server.log.appender.snapshot.chunk.size.max = 16MB (=16777216) (default)
2020-09-24 01:55:05,563 [80e000f3-57fe-409f-8b55-0def8c2cb3ea@group-828FCAC9CD85-LeaderElection2] INFO  server.RaftServerConfigKeys (ConfUtils.java:logGet(44)) - raft.server.log.appender.buffer.byte-limit = 33554432 (custom)
2020-09-24 01:55:05,564 [80e000f3-57fe-409f-8b55-0def8c2cb3ea@group-828FCAC9CD85-LeaderElection2] INFO  server.RaftServerConfigKeys (ConfUtils.java:logGet(44)) - raft.server.log.appender.buffer.element-limit = 1 (custom)
2020-09-24 01:55:05,564 [80e000f3-57fe-409f-8b55-0def8c2cb3ea@group-828FCAC9CD85-LeaderElection2] INFO  grpc.GrpcConfigKeys (ConfUtils.java:logGet(44)) - raft.grpc.server.leader.outstanding.appends.max = 128 (default)
2020-09-24 01:55:05,564 [80e000f3-57fe-409f-8b55-0def8c2cb3ea@group-828FCAC9CD85-LeaderElection2] INFO  server.RaftServerConfigKeys (ConfUtils.java:logGet(44)) - raft.server.rpc.request.timeout = 3000ms (default)
2020-09-24 01:55:05,564 [80e000f3-57fe-409f-8b55-0def8c2cb3ea@group-828FCAC9CD85-LeaderElection2] INFO  server.RaftServerConfigKeys (ConfUtils.java:logGet(44)) - raft.server.log.appender.install.snapshot.enabled = false (custom)
2020-09-24 01:55:05,565 [80e000f3-57fe-409f-8b55-0def8c2cb3ea@group-828FCAC9CD85-LeaderElection2] INFO  impl.RoleInfo (RoleInfo.java:updateAndGet(143)) - 80e000f3-57fe-409f-8b55-0def8c2cb3ea: start LeaderState
2020-09-24 01:55:05,566 [80e000f3-57fe-409f-8b55-0def8c2cb3ea@group-828FCAC9CD85-LeaderElection2] INFO  segmented.SegmentedRaftLogWorker (SegmentedRaftLogWorker.java:startLogSegment(397)) - 80e000f3-57fe-409f-8b55-0def8c2cb3ea@group-828FCAC9CD85-SegmentedRaftLogWorker: Starting segment from index:0
2020-09-24 01:55:05,575 [80e000f3-57fe-409f-8b55-0def8c2cb3ea@group-828FCAC9CD85-LeaderElection2] INFO  impl.RaftServerImpl (ServerState.java:setRaftConf(373)) - 80e000f3-57fe-409f-8b55-0def8c2cb3ea@group-828FCAC9CD85: set configuration 0: [80e000f3-57fe-409f-8b55-0def8c2cb3ea:172.17.0.2:43361:0, 406dfbef-c5e7-4177-bf53-4490cddee952:172.17.0.2:43517:0, 56c3813c-334a-40eb-9390-9dfad9ae58fa:172.17.0.2:39383:0], old=null at 0
2020-09-24 01:55:05,579 [80e000f3-57fe-409f-8b55-0def8c2cb3ea@group-828FCAC9CD85-SegmentedRaftLogWorker] INFO  segmented.SegmentedRaftLogWorker (SegmentedRaftLogWorker.java:execute(596)) - 80e000f3-57fe-409f-8b55-0def8c2cb3ea@group-828FCAC9CD85-SegmentedRaftLogWorker: created new log segment /github/workspace/mnt/ozone/hadoop-ozone/integration-test/target/test-dir/MiniOzoneClusterImpl-cbb2177a-11db-4b99-8b47-fe15cf20b899/datanode-0/data/ratis/dc9ecf6b-275b-4189-acb4-828fcac9cd85/current/log_inprogress_0
2020-09-24 01:55:05,589 [Thread-274] INFO  impl.FollowerState (FollowerState.java:run(108)) - 56c3813c-334a-40eb-9390-9dfad9ae58fa@group-15CE6F61CE9B-FollowerState: change to CANDIDATE, lastRpcTime:5082ms, electionTimeout:5055ms
2020-09-24 01:55:05,602 [Thread-274] INFO  impl.RoleInfo (RoleInfo.java:shutdownFollowerState(121)) - 56c3813c-334a-40eb-9390-9dfad9ae58fa: shutdown FollowerState
2020-09-24 01:55:05,602 [80e000f3-57fe-409f-8b55-0def8c2cb3ea@group-828FCAC9CD85-StateMachineUpdater] INFO  ratis.ContainerStateMachine (ContainerStateMachine.java:takeSnapshot(293)) - group-828FCAC9CD85: Taking a snapshot at:(t:1, i:0) file /github/workspace/mnt/ozone/hadoop-ozone/integration-test/target/test-dir/MiniOzoneClusterImpl-cbb2177a-11db-4b99-8b47-fe15cf20b899/datanode-0/data/ratis/dc9ecf6b-275b-4189-acb4-828fcac9cd85/sm/snapshot.1_0
2020-09-24 01:55:05,602 [Thread-274] INFO  impl.RaftServerImpl (RaftServerImpl.java:setRole(186)) - 56c3813c-334a-40eb-9390-9dfad9ae58fa@group-15CE6F61CE9B: changes role from  FOLLOWER to CANDIDATE at term 0 for changeToCandidate
2020-09-24 01:55:05,602 [Thread-274] INFO  impl.RoleInfo (RoleInfo.java:updateAndGet(143)) - 56c3813c-334a-40eb-9390-9dfad9ae58fa: start LeaderElection
2020-09-24 01:55:05,610 [grpc-default-executor-0] INFO  ratis.XceiverServerRatis (XceiverServerRatis.java:handleLeaderChangedNotification(822)) - Leader change notification received for group: group-828FCAC9CD85 with new leaderId: 80e000f3-57fe-409f-8b55-0def8c2cb3ea
2020-09-24 01:55:05,611 [grpc-default-executor-0] INFO  impl.RaftServerImpl (ServerState.java:setLeader(255)) - 406dfbef-c5e7-4177-bf53-4490cddee952@group-828FCAC9CD85: change Leader from null to 80e000f3-57fe-409f-8b55-0def8c2cb3ea at term 1 for appendEntries, leader elected after 4708ms
2020-09-24 01:55:05,631 [grpc-default-executor-1] INFO  ratis.XceiverServerRatis (XceiverServerRatis.java:handleLeaderChangedNotification(822)) - Leader change notification received for group: group-828FCAC9CD85 with new leaderId: 80e000f3-57fe-409f-8b55-0def8c2cb3ea
2020-09-24 01:55:05,631 [grpc-default-executor-1] INFO  impl.RaftServerImpl (ServerState.java:setLeader(255)) - 56c3813c-334a-40eb-9390-9dfad9ae58fa@group-828FCAC9CD85: change Leader from null to 80e000f3-57fe-409f-8b55-0def8c2cb3ea at term 1 for appendEntries, leader elected after 5079ms
2020-09-24 01:55:05,649 [56c3813c-334a-40eb-9390-9dfad9ae58fa@group-15CE6F61CE9B-LeaderElection3] INFO  impl.LeaderElection (LeaderElection.java:askForVotes(210)) - 56c3813c-334a-40eb-9390-9dfad9ae58fa@group-15CE6F61CE9B-LeaderElection3: begin an election at term 1 for -1: [56c3813c-334a-40eb-9390-9dfad9ae58fa:172.17.0.2:39383:0], old=null
2020-09-24 01:55:05,649 [56c3813c-334a-40eb-9390-9dfad9ae58fa@group-15CE6F61CE9B-LeaderElection3] INFO  impl.RoleInfo (RoleInfo.java:shutdownLeaderElection(134)) - 56c3813c-334a-40eb-9390-9dfad9ae58fa: shutdown LeaderElection
2020-09-24 01:55:05,649 [56c3813c-334a-40eb-9390-9dfad9ae58fa@group-15CE6F61CE9B-LeaderElection3] INFO  impl.RaftServerImpl (RaftServerImpl.java:setRole(186)) - 56c3813c-334a-40eb-9390-9dfad9ae58fa@group-15CE6F61CE9B: changes role from CANDIDATE to LEADER at term 1 for changeToLeader
2020-09-24 01:55:05,649 [56c3813c-334a-40eb-9390-9dfad9ae58fa@group-15CE6F61CE9B-LeaderElection3] INFO  ratis.XceiverServerRatis (XceiverServerRatis.java:handleLeaderChangedNotification(822)) - Leader change notification received for group: group-15CE6F61CE9B with new leaderId: 56c3813c-334a-40eb-9390-9dfad9ae58fa
2020-09-24 01:55:05,650 [56c3813c-334a-40eb-9390-9dfad9ae58fa@group-15CE6F61CE9B-LeaderElection3] INFO  impl.RaftServerImpl (ServerState.java:setLeader(255)) - 56c3813c-334a-40eb-9390-9dfad9ae58fa@group-15CE6F61CE9B: change Leader from null to 56c3813c-334a-40eb-9390-9dfad9ae58fa at term 1 for becomeLeader, leader elected after 5153ms
2020-09-24 01:55:05,650 [56c3813c-334a-40eb-9390-9dfad9ae58fa@group-15CE6F61CE9B-LeaderElection3] INFO  server.RaftServerConfigKeys (ConfUtils.java:logGet(44)) - raft.server.staging.catchup.gap = 1000 (default)
2020-09-24 01:55:05,650 [56c3813c-334a-40eb-9390-9dfad9ae58fa@group-15CE6F61CE9B-LeaderElection3] INFO  server.RaftServerConfigKeys (ConfUtils.java:logGet(44)) - raft.server.rpc.sleep.time = 25ms (default)
2020-09-24 01:55:05,650 [56c3813c-334a-40eb-9390-9dfad9ae58fa@group-15CE6F61CE9B-LeaderElection3] INFO  metrics.RatisMetrics (RatisMetrics.java:lambda$create$0(36)) - Creating Metrics Registry : ratis.log_appender.56c3813c-334a-40eb-9390-9dfad9ae58fa@group-15CE6F61CE9B
2020-09-24 01:55:05,650 [56c3813c-334a-40eb-9390-9dfad9ae58fa@group-15CE6F61CE9B-LeaderElection3] INFO  server.RaftServerConfigKeys (ConfUtils.java:logGet(44)) - raft.server.write.element-limit = 1024 (custom)
2020-09-24 01:55:05,650 [56c3813c-334a-40eb-9390-9dfad9ae58fa@group-15CE6F61CE9B-LeaderElection3] INFO  server.RaftServerConfigKeys (ConfUtils.java:logGet(44)) - raft.server.write.byte-limit = 1073741824 (custom)
2020-09-24 01:55:05,650 [56c3813c-334a-40eb-9390-9dfad9ae58fa@group-15CE6F61CE9B-LeaderElection3] INFO  server.RaftServerConfigKeys (ConfUtils.java:logGet(44)) - raft.server.watch.timeout = 10000ms (default)
2020-09-24 01:55:05,650 [56c3813c-334a-40eb-9390-9dfad9ae58fa@group-15CE6F61CE9B-LeaderElection3] INFO  server.RaftServerConfigKeys (ConfUtils.java:logGet(44)) - raft.server.watch.timeout.denomination = 1s (default)
2020-09-24 01:55:05,650 [56c3813c-334a-40eb-9390-9dfad9ae58fa@group-15CE6F61CE9B-LeaderElection3] INFO  server.RaftServerConfigKeys (ConfUtils.java:logGet(44)) - raft.server.watch.element-limit = 65536 (default)
2020-09-24 01:55:05,658 [56c3813c-334a-40eb-9390-9dfad9ae58fa@group-15CE6F61CE9B-LeaderElection3] INFO  impl.RoleInfo (RoleInfo.java:updateAndGet(143)) - 56c3813c-334a-40eb-9390-9dfad9ae58fa: start LeaderState
2020-09-24 01:55:05,659 [80e000f3-57fe-409f-8b55-0def8c2cb3ea@group-D03BD599471A-StateMachineUpdater] INFO  ratis.ContainerStateMachine (ContainerStateMachine.java:takeSnapshot(304)) - group-D03BD599471A: Finished taking a snapshot at:(t:1, i:0) file:/github/workspace/mnt/ozone/hadoop-ozone/integration-test/target/test-dir/MiniOzoneClusterImpl-cbb2177a-11db-4b99-8b47-fe15cf20b899/datanode-0/data/ratis/ce6b31f2-925b-4f6d-b9d1-d03bd599471a/sm/snapshot.1_0 time:181
2020-09-24 01:55:05,660 [80e000f3-57fe-409f-8b55-0def8c2cb3ea@group-828FCAC9CD85-StateMachineUpdater] INFO  ratis.ContainerStateMachine (ContainerStateMachine.java:takeSnapshot(304)) - group-828FCAC9CD85: Finished taking a snapshot at:(t:1, i:0) file:/github/workspace/mnt/ozone/hadoop-ozone/integration-test/target/test-dir/MiniOzoneClusterImpl-cbb2177a-11db-4b99-8b47-fe15cf20b899/datanode-0/data/ratis/dc9ecf6b-275b-4189-acb4-828fcac9cd85/sm/snapshot.1_0 time:58
2020-09-24 01:55:05,661 [80e000f3-57fe-409f-8b55-0def8c2cb3ea@group-828FCAC9CD85-StateMachineUpdater] INFO  impl.StateMachineUpdater (StateMachineUpdater.java:takeSnapshot(277)) - 80e000f3-57fe-409f-8b55-0def8c2cb3ea@group-828FCAC9CD85-StateMachineUpdater: Took a snapshot at index 0
2020-09-24 01:55:05,661 [80e000f3-57fe-409f-8b55-0def8c2cb3ea@group-828FCAC9CD85-StateMachineUpdater] INFO  impl.StateMachineUpdater (StateMachineUpdater.java:lambda$new$0(87)) - 80e000f3-57fe-409f-8b55-0def8c2cb3ea@group-828FCAC9CD85-StateMachineUpdater: snapshotIndex: updateIncreasingly -1 -> 0
2020-09-24 01:55:05,661 [80e000f3-57fe-409f-8b55-0def8c2cb3ea@group-D03BD599471A-StateMachineUpdater] INFO  impl.StateMachineUpdater (StateMachineUpdater.java:takeSnapshot(277)) - 80e000f3-57fe-409f-8b55-0def8c2cb3ea@group-D03BD599471A-StateMachineUpdater: Took a snapshot at index 0
2020-09-24 01:55:05,672 [56c3813c-334a-40eb-9390-9dfad9ae58fa@group-15CE6F61CE9B-LeaderElection3] INFO  segmented.SegmentedRaftLogWorker (SegmentedRaftLogWorker.java:startLogSegment(397)) - 56c3813c-334a-40eb-9390-9dfad9ae58fa@group-15CE6F61CE9B-SegmentedRaftLogWorker: Starting segment from index:0
2020-09-24 01:55:05,672 [80e000f3-57fe-409f-8b55-0def8c2cb3ea@group-D03BD599471A-StateMachineUpdater] INFO  impl.StateMachineUpdater (StateMachineUpdater.java:lambda$new$0(87)) - 80e000f3-57fe-409f-8b55-0def8c2cb3ea@group-D03BD599471A-StateMachineUpdater: snapshotIndex: updateIncreasingly -1 -> 0
2020-09-24 01:55:05,672 [56c3813c-334a-40eb-9390-9dfad9ae58fa@group-15CE6F61CE9B-LeaderElection3] INFO  impl.RaftServerImpl (ServerState.java:setRaftConf(373)) - 56c3813c-334a-40eb-9390-9dfad9ae58fa@group-15CE6F61CE9B: set configuration 0: [56c3813c-334a-40eb-9390-9dfad9ae58fa:172.17.0.2:39383:0], old=null at 0
2020-09-24 01:55:05,674 [grpc-default-executor-1] INFO  impl.RaftServerImpl (ServerState.java:setRaftConf(373)) - 56c3813c-334a-40eb-9390-9dfad9ae58fa@group-828FCAC9CD85: set configuration 0: [80e000f3-57fe-409f-8b55-0def8c2cb3ea:172.17.0.2:43361:0, 406dfbef-c5e7-4177-bf53-4490cddee952:172.17.0.2:43517:0, 56c3813c-334a-40eb-9390-9dfad9ae58fa:172.17.0.2:39383:0], old=null at 0
2020-09-24 01:55:05,675 [grpc-default-executor-1] INFO  segmented.SegmentedRaftLogWorker (SegmentedRaftLogWorker.java:startLogSegment(397)) - 56c3813c-334a-40eb-9390-9dfad9ae58fa@group-828FCAC9CD85-SegmentedRaftLogWorker: Starting segment from index:0
2020-09-24 01:55:05,678 [56c3813c-334a-40eb-9390-9dfad9ae58fa@group-828FCAC9CD85-SegmentedRaftLogWorker] INFO  segmented.SegmentedRaftLogWorker (SegmentedRaftLogWorker.java:execute(596)) - 56c3813c-334a-40eb-9390-9dfad9ae58fa@group-828FCAC9CD85-SegmentedRaftLogWorker: created new log segment /github/workspace/mnt/ozone/hadoop-ozone/integration-test/target/test-dir/MiniOzoneClusterImpl-cbb2177a-11db-4b99-8b47-fe15cf20b899/datanode-1/data/ratis/dc9ecf6b-275b-4189-acb4-828fcac9cd85/current/log_inprogress_0
2020-09-24 01:55:05,677 [56c3813c-334a-40eb-9390-9dfad9ae58fa@group-15CE6F61CE9B-SegmentedRaftLogWorker] INFO  segmented.SegmentedRaftLogWorker (SegmentedRaftLogWorker.java:execute(596)) - 56c3813c-334a-40eb-9390-9dfad9ae58fa@group-15CE6F61CE9B-SegmentedRaftLogWorker: created new log segment /github/workspace/mnt/ozone/hadoop-ozone/integration-test/target/test-dir/MiniOzoneClusterImpl-cbb2177a-11db-4b99-8b47-fe15cf20b899/datanode-1/data/ratis/00e68965-944a-4048-8bf7-15ce6f61ce9b/current/log_inprogress_0
2020-09-24 01:55:05,677 [grpc-default-executor-2] INFO  impl.RaftServerImpl (ServerState.java:setRaftConf(373)) - 406dfbef-c5e7-4177-bf53-4490cddee952@group-828FCAC9CD85: set configuration 0: [80e000f3-57fe-409f-8b55-0def8c2cb3ea:172.17.0.2:43361:0, 406dfbef-c5e7-4177-bf53-4490cddee952:172.17.0.2:43517:0, 56c3813c-334a-40eb-9390-9dfad9ae58fa:172.17.0.2:39383:0], old=null at 0
2020-09-24 01:55:05,680 [grpc-default-executor-2] INFO  segmented.SegmentedRaftLogWorker (SegmentedRaftLogWorker.java:startLogSegment(397)) - 406dfbef-c5e7-4177-bf53-4490cddee952@group-828FCAC9CD85-SegmentedRaftLogWorker: Starting segment from index:0
2020-09-24 01:55:05,681 [56c3813c-334a-40eb-9390-9dfad9ae58fa@group-15CE6F61CE9B-StateMachineUpdater] INFO  ratis.ContainerStateMachine (ContainerStateMachine.java:takeSnapshot(293)) - group-15CE6F61CE9B: Taking a snapshot at:(t:1, i:0) file /github/workspace/mnt/ozone/hadoop-ozone/integration-test/target/test-dir/MiniOzoneClusterImpl-cbb2177a-11db-4b99-8b47-fe15cf20b899/datanode-1/data/ratis/00e68965-944a-4048-8bf7-15ce6f61ce9b/sm/snapshot.1_0
2020-09-24 01:55:05,682 [56c3813c-334a-40eb-9390-9dfad9ae58fa@group-15CE6F61CE9B-StateMachineUpdater] INFO  ratis.ContainerStateMachine (ContainerStateMachine.java:takeSnapshot(304)) - group-15CE6F61CE9B: Finished taking a snapshot at:(t:1, i:0) file:/github/workspace/mnt/ozone/hadoop-ozone/integration-test/target/test-dir/MiniOzoneClusterImpl-cbb2177a-11db-4b99-8b47-fe15cf20b899/datanode-1/data/ratis/00e68965-944a-4048-8bf7-15ce6f61ce9b/sm/snapshot.1_0 time:1
2020-09-24 01:55:05,682 [56c3813c-334a-40eb-9390-9dfad9ae58fa@group-15CE6F61CE9B-StateMachineUpdater] INFO  impl.StateMachineUpdater (StateMachineUpdater.java:takeSnapshot(277)) - 56c3813c-334a-40eb-9390-9dfad9ae58fa@group-15CE6F61CE9B-StateMachineUpdater: Took a snapshot at index 0
2020-09-24 01:55:05,682 [56c3813c-334a-40eb-9390-9dfad9ae58fa@group-15CE6F61CE9B-StateMachineUpdater] INFO  impl.StateMachineUpdater (StateMachineUpdater.java:lambda$new$0(87)) - 56c3813c-334a-40eb-9390-9dfad9ae58fa@group-15CE6F61CE9B-StateMachineUpdater: snapshotIndex: updateIncreasingly -1 -> 0
2020-09-24 01:55:05,682 [406dfbef-c5e7-4177-bf53-4490cddee952@group-828FCAC9CD85-SegmentedRaftLogWorker] INFO  segmented.SegmentedRaftLogWorker (SegmentedRaftLogWorker.java:execute(596)) - 406dfbef-c5e7-4177-bf53-4490cddee952@group-828FCAC9CD85-SegmentedRaftLogWorker: created new log segment /github/workspace/mnt/ozone/hadoop-ozone/integration-test/target/test-dir/MiniOzoneClusterImpl-cbb2177a-11db-4b99-8b47-fe15cf20b899/datanode-2/data/ratis/dc9ecf6b-275b-4189-acb4-828fcac9cd85/current/log_inprogress_0
2020-09-24 01:55:05,684 [56c3813c-334a-40eb-9390-9dfad9ae58fa@group-828FCAC9CD85-StateMachineUpdater] INFO  ratis.ContainerStateMachine (ContainerStateMachine.java:takeSnapshot(293)) - group-828FCAC9CD85: Taking a snapshot at:(t:1, i:0) file /github/workspace/mnt/ozone/hadoop-ozone/integration-test/target/test-dir/MiniOzoneClusterImpl-cbb2177a-11db-4b99-8b47-fe15cf20b899/datanode-1/data/ratis/dc9ecf6b-275b-4189-acb4-828fcac9cd85/sm/snapshot.1_0
2020-09-24 01:55:05,685 [406dfbef-c5e7-4177-bf53-4490cddee952@group-828FCAC9CD85-StateMachineUpdater] INFO  ratis.ContainerStateMachine (ContainerStateMachine.java:takeSnapshot(293)) - group-828FCAC9CD85: Taking a snapshot at:(t:1, i:0) file /github/workspace/mnt/ozone/hadoop-ozone/integration-test/target/test-dir/MiniOzoneClusterImpl-cbb2177a-11db-4b99-8b47-fe15cf20b899/datanode-2/data/ratis/dc9ecf6b-275b-4189-acb4-828fcac9cd85/sm/snapshot.1_0
2020-09-24 01:55:05,686 [406dfbef-c5e7-4177-bf53-4490cddee952@group-828FCAC9CD85-StateMachineUpdater] INFO  ratis.ContainerStateMachine (ContainerStateMachine.java:takeSnapshot(304)) - group-828FCAC9CD85: Finished taking a snapshot at:(t:1, i:0) file:/github/workspace/mnt/ozone/hadoop-ozone/integration-test/target/test-dir/MiniOzoneClusterImpl-cbb2177a-11db-4b99-8b47-fe15cf20b899/datanode-2/data/ratis/dc9ecf6b-275b-4189-acb4-828fcac9cd85/sm/snapshot.1_0 time:1
2020-09-24 01:55:05,686 [406dfbef-c5e7-4177-bf53-4490cddee952@group-828FCAC9CD85-StateMachineUpdater] INFO  impl.StateMachineUpdater (StateMachineUpdater.java:takeSnapshot(277)) - 406dfbef-c5e7-4177-bf53-4490cddee952@group-828FCAC9CD85-StateMachineUpdater: Took a snapshot at index 0
2020-09-24 01:55:05,686 [406dfbef-c5e7-4177-bf53-4490cddee952@group-828FCAC9CD85-StateMachineUpdater] INFO  impl.StateMachineUpdater (StateMachineUpdater.java:lambda$new$0(87)) - 406dfbef-c5e7-4177-bf53-4490cddee952@group-828FCAC9CD85-StateMachineUpdater: snapshotIndex: updateIncreasingly -1 -> 0
2020-09-24 01:55:05,689 [56c3813c-334a-40eb-9390-9dfad9ae58fa@group-828FCAC9CD85-StateMachineUpdater] INFO  ratis.ContainerStateMachine (ContainerStateMachine.java:takeSnapshot(304)) - group-828FCAC9CD85: Finished taking a snapshot at:(t:1, i:0) file:/github/workspace/mnt/ozone/hadoop-ozone/integration-test/target/test-dir/MiniOzoneClusterImpl-cbb2177a-11db-4b99-8b47-fe15cf20b899/datanode-1/data/ratis/dc9ecf6b-275b-4189-acb4-828fcac9cd85/sm/snapshot.1_0 time:5
2020-09-24 01:55:05,689 [56c3813c-334a-40eb-9390-9dfad9ae58fa@group-828FCAC9CD85-StateMachineUpdater] INFO  impl.StateMachineUpdater (StateMachineUpdater.java:takeSnapshot(277)) - 56c3813c-334a-40eb-9390-9dfad9ae58fa@group-828FCAC9CD85-StateMachineUpdater: Took a snapshot at index 0
2020-09-24 01:55:05,689 [56c3813c-334a-40eb-9390-9dfad9ae58fa@group-828FCAC9CD85-StateMachineUpdater] INFO  impl.StateMachineUpdater (StateMachineUpdater.java:lambda$new$0(87)) - 56c3813c-334a-40eb-9390-9dfad9ae58fa@group-828FCAC9CD85-StateMachineUpdater: snapshotIndex: updateIncreasingly -1 -> 0
2020-09-24 01:55:05,957 [Thread-278] INFO  impl.FollowerState (FollowerState.java:run(108)) - 406dfbef-c5e7-4177-bf53-4490cddee952@group-2778CEA97A70-FollowerState: change to CANDIDATE, lastRpcTime:5075ms, electionTimeout:5062ms
2020-09-24 01:55:05,957 [Thread-278] INFO  impl.RoleInfo (RoleInfo.java:shutdownFollowerState(121)) - 406dfbef-c5e7-4177-bf53-4490cddee952: shutdown FollowerState
2020-09-24 01:55:05,957 [Thread-278] INFO  impl.RaftServerImpl (RaftServerImpl.java:setRole(186)) - 406dfbef-c5e7-4177-bf53-4490cddee952@group-2778CEA97A70: changes role from  FOLLOWER to CANDIDATE at term 0 for changeToCandidate
2020-09-24 01:55:05,957 [Thread-278] INFO  impl.RoleInfo (RoleInfo.java:updateAndGet(143)) - 406dfbef-c5e7-4177-bf53-4490cddee952: start LeaderElection
2020-09-24 01:55:05,961 [406dfbef-c5e7-4177-bf53-4490cddee952@group-2778CEA97A70-LeaderElection4] INFO  impl.LeaderElection (LeaderElection.java:askForVotes(210)) - 406dfbef-c5e7-4177-bf53-4490cddee952@group-2778CEA97A70-LeaderElection4: begin an election at term 1 for -1: [406dfbef-c5e7-4177-bf53-4490cddee952:172.17.0.2:43517:0], old=null
2020-09-24 01:55:05,961 [406dfbef-c5e7-4177-bf53-4490cddee952@group-2778CEA97A70-LeaderElection4] INFO  impl.RoleInfo (RoleInfo.java:shutdownLeaderElection(134)) - 406dfbef-c5e7-4177-bf53-4490cddee952: shutdown LeaderElection
2020-09-24 01:55:05,961 [406dfbef-c5e7-4177-bf53-4490cddee952@group-2778CEA97A70-LeaderElection4] INFO  impl.RaftServerImpl (RaftServerImpl.java:setRole(186)) - 406dfbef-c5e7-4177-bf53-4490cddee952@group-2778CEA97A70: changes role from CANDIDATE to LEADER at term 1 for changeToLeader
2020-09-24 01:55:05,961 [406dfbef-c5e7-4177-bf53-4490cddee952@group-2778CEA97A70-LeaderElection4] INFO  ratis.XceiverServerRatis (XceiverServerRatis.java:handleLeaderChangedNotification(822)) - Leader change notification received for group: group-2778CEA97A70 with new leaderId: 406dfbef-c5e7-4177-bf53-4490cddee952
2020-09-24 01:55:05,961 [406dfbef-c5e7-4177-bf53-4490cddee952@group-2778CEA97A70-LeaderElection4] INFO  impl.RaftServerImpl (ServerState.java:setLeader(255)) - 406dfbef-c5e7-4177-bf53-4490cddee952@group-2778CEA97A70: change Leader from null to 406dfbef-c5e7-4177-bf53-4490cddee952 at term 1 for becomeLeader, leader elected after 5098ms
2020-09-24 01:55:05,961 [406dfbef-c5e7-4177-bf53-4490cddee952@group-2778CEA97A70-LeaderElection4] INFO  server.RaftServerConfigKeys (ConfUtils.java:logGet(44)) - raft.server.staging.catchup.gap = 1000 (default)
2020-09-24 01:55:05,961 [406dfbef-c5e7-4177-bf53-4490cddee952@group-2778CEA97A70-LeaderElection4] INFO  server.RaftServerConfigKeys (ConfUtils.java:logGet(44)) - raft.server.rpc.sleep.time = 25ms (default)
2020-09-24 01:55:05,961 [406dfbef-c5e7-4177-bf53-4490cddee952@group-2778CEA97A70-LeaderElection4] INFO  metrics.RatisMetrics (RatisMetrics.java:lambda$create$0(36)) - Creating Metrics Registry : ratis.log_appender.406dfbef-c5e7-4177-bf53-4490cddee952@group-2778CEA97A70
2020-09-24 01:55:05,961 [406dfbef-c5e7-4177-bf53-4490cddee952@group-2778CEA97A70-LeaderElection4] INFO  server.RaftServerConfigKeys (ConfUtils.java:logGet(44)) - raft.server.write.element-limit = 1024 (custom)
2020-09-24 01:55:05,962 [406dfbef-c5e7-4177-bf53-4490cddee952@group-2778CEA97A70-LeaderElection4] INFO  server.RaftServerConfigKeys (ConfUtils.java:logGet(44)) - raft.server.write.byte-limit = 1073741824 (custom)
2020-09-24 01:55:05,962 [406dfbef-c5e7-4177-bf53-4490cddee952@group-2778CEA97A70-LeaderElection4] INFO  server.RaftServerConfigKeys (ConfUtils.java:logGet(44)) - raft.server.watch.timeout = 10000ms (default)
2020-09-24 01:55:05,963 [406dfbef-c5e7-4177-bf53-4490cddee952@group-2778CEA97A70-LeaderElection4] INFO  server.RaftServerConfigKeys (ConfUtils.java:logGet(44)) - raft.server.watch.timeout.denomination = 1s (default)
2020-09-24 01:55:05,963 [406dfbef-c5e7-4177-bf53-4490cddee952@group-2778CEA97A70-LeaderElection4] INFO  server.RaftServerConfigKeys (ConfUtils.java:logGet(44)) - raft.server.watch.element-limit = 65536 (default)
2020-09-24 01:55:05,963 [406dfbef-c5e7-4177-bf53-4490cddee952@group-2778CEA97A70-LeaderElection4] INFO  impl.RoleInfo (RoleInfo.java:updateAndGet(143)) - 406dfbef-c5e7-4177-bf53-4490cddee952: start LeaderState
2020-09-24 01:55:05,964 [406dfbef-c5e7-4177-bf53-4490cddee952@group-2778CEA97A70-LeaderElection4] INFO  segmented.SegmentedRaftLogWorker (SegmentedRaftLogWorker.java:startLogSegment(397)) - 406dfbef-c5e7-4177-bf53-4490cddee952@group-2778CEA97A70-SegmentedRaftLogWorker: Starting segment from index:0
2020-09-24 01:55:05,965 [406dfbef-c5e7-4177-bf53-4490cddee952@group-2778CEA97A70-SegmentedRaftLogWorker] INFO  segmented.SegmentedRaftLogWorker (SegmentedRaftLogWorker.java:execute(596)) - 406dfbef-c5e7-4177-bf53-4490cddee952@group-2778CEA97A70-SegmentedRaftLogWorker: created new log segment /github/workspace/mnt/ozone/hadoop-ozone/integration-test/target/test-dir/MiniOzoneClusterImpl-cbb2177a-11db-4b99-8b47-fe15cf20b899/datanode-2/data/ratis/ac433a11-dda1-4644-a6b9-2778cea97a70/current/log_inprogress_0
2020-09-24 01:55:05,967 [406dfbef-c5e7-4177-bf53-4490cddee952@group-2778CEA97A70-LeaderElection4] INFO  impl.RaftServerImpl (ServerState.java:setRaftConf(373)) - 406dfbef-c5e7-4177-bf53-4490cddee952@group-2778CEA97A70: set configuration 0: [406dfbef-c5e7-4177-bf53-4490cddee952:172.17.0.2:43517:0], old=null at 0
2020-09-24 01:55:05,969 [406dfbef-c5e7-4177-bf53-4490cddee952@group-2778CEA97A70-StateMachineUpdater] INFO  ratis.ContainerStateMachine (ContainerStateMachine.java:takeSnapshot(293)) - group-2778CEA97A70: Taking a snapshot at:(t:1, i:0) file /github/workspace/mnt/ozone/hadoop-ozone/integration-test/target/test-dir/MiniOzoneClusterImpl-cbb2177a-11db-4b99-8b47-fe15cf20b899/datanode-2/data/ratis/ac433a11-dda1-4644-a6b9-2778cea97a70/sm/snapshot.1_0
2020-09-24 01:55:05,969 [406dfbef-c5e7-4177-bf53-4490cddee952@group-2778CEA97A70-StateMachineUpdater] INFO  ratis.ContainerStateMachine (ContainerStateMachine.java:takeSnapshot(304)) - group-2778CEA97A70: Finished taking a snapshot at:(t:1, i:0) file:/github/workspace/mnt/ozone/hadoop-ozone/integration-test/target/test-dir/MiniOzoneClusterImpl-cbb2177a-11db-4b99-8b47-fe15cf20b899/datanode-2/data/ratis/ac433a11-dda1-4644-a6b9-2778cea97a70/sm/snapshot.1_0 time:1
2020-09-24 01:55:05,970 [406dfbef-c5e7-4177-bf53-4490cddee952@group-2778CEA97A70-StateMachineUpdater] INFO  impl.StateMachineUpdater (StateMachineUpdater.java:takeSnapshot(277)) - 406dfbef-c5e7-4177-bf53-4490cddee952@group-2778CEA97A70-StateMachineUpdater: Took a snapshot at index 0
2020-09-24 01:55:05,970 [406dfbef-c5e7-4177-bf53-4490cddee952@group-2778CEA97A70-StateMachineUpdater] INFO  impl.StateMachineUpdater (StateMachineUpdater.java:lambda$new$0(87)) - 406dfbef-c5e7-4177-bf53-4490cddee952@group-2778CEA97A70-StateMachineUpdater: snapshotIndex: updateIncreasingly -1 -> 0
2020-09-24 01:55:06,092 [Thread-284] INFO  impl.FollowerState (FollowerState.java:run(108)) - 7748a852-53b3-4637-93dd-12b9afba0c46@group-6D9381BB9BFD-FollowerState: change to CANDIDATE, lastRpcTime:5116ms, electionTimeout:5115ms
2020-09-24 01:55:06,093 [Thread-284] INFO  impl.RoleInfo (RoleInfo.java:shutdownFollowerState(121)) - 7748a852-53b3-4637-93dd-12b9afba0c46: shutdown FollowerState
2020-09-24 01:55:06,093 [Thread-284] INFO  impl.RaftServerImpl (RaftServerImpl.java:setRole(186)) - 7748a852-53b3-4637-93dd-12b9afba0c46@group-6D9381BB9BFD: changes role from  FOLLOWER to CANDIDATE at term 0 for changeToCandidate
2020-09-24 01:55:06,093 [Thread-284] INFO  impl.RoleInfo (RoleInfo.java:updateAndGet(143)) - 7748a852-53b3-4637-93dd-12b9afba0c46: start LeaderElection
2020-09-24 01:55:06,097 [7748a852-53b3-4637-93dd-12b9afba0c46@group-6D9381BB9BFD-LeaderElection5] INFO  impl.LeaderElection (LeaderElection.java:askForVotes(210)) - 7748a852-53b3-4637-93dd-12b9afba0c46@group-6D9381BB9BFD-LeaderElection5: begin an election at term 1 for -1: [7748a852-53b3-4637-93dd-12b9afba0c46:172.17.0.2:34301:0], old=null
2020-09-24 01:55:06,097 [7748a852-53b3-4637-93dd-12b9afba0c46@group-6D9381BB9BFD-LeaderElection5] INFO  impl.RoleInfo (RoleInfo.java:shutdownLeaderElection(134)) - 7748a852-53b3-4637-93dd-12b9afba0c46: shutdown LeaderElection
2020-09-24 01:55:06,097 [7748a852-53b3-4637-93dd-12b9afba0c46@group-6D9381BB9BFD-LeaderElection5] INFO  impl.RaftServerImpl (RaftServerImpl.java:setRole(186)) - 7748a852-53b3-4637-93dd-12b9afba0c46@group-6D9381BB9BFD: changes role from CANDIDATE to LEADER at term 1 for changeToLeader
2020-09-24 01:55:06,097 [7748a852-53b3-4637-93dd-12b9afba0c46@group-6D9381BB9BFD-LeaderElection5] INFO  ratis.XceiverServerRatis (XceiverServerRatis.java:handleLeaderChangedNotification(822)) - Leader change notification received for group: group-6D9381BB9BFD with new leaderId: 7748a852-53b3-4637-93dd-12b9afba0c46
2020-09-24 01:55:06,097 [7748a852-53b3-4637-93dd-12b9afba0c46@group-6D9381BB9BFD-LeaderElection5] INFO  impl.RaftServerImpl (ServerState.java:setLeader(255)) - 7748a852-53b3-4637-93dd-12b9afba0c46@group-6D9381BB9BFD: change Leader from null to 7748a852-53b3-4637-93dd-12b9afba0c46 at term 1 for becomeLeader, leader elected after 5144ms
2020-09-24 01:55:06,097 [7748a852-53b3-4637-93dd-12b9afba0c46@group-6D9381BB9BFD-LeaderElection5] INFO  server.RaftServerConfigKeys (ConfUtils.java:logGet(44)) - raft.server.staging.catchup.gap = 1000 (default)
2020-09-24 01:55:06,097 [7748a852-53b3-4637-93dd-12b9afba0c46@group-6D9381BB9BFD-LeaderElection5] INFO  server.RaftServerConfigKeys (ConfUtils.java:logGet(44)) - raft.server.rpc.sleep.time = 25ms (default)
2020-09-24 01:55:06,097 [7748a852-53b3-4637-93dd-12b9afba0c46@group-6D9381BB9BFD-LeaderElection5] INFO  metrics.RatisMetrics (RatisMetrics.java:lambda$create$0(36)) - Creating Metrics Registry : ratis.log_appender.7748a852-53b3-4637-93dd-12b9afba0c46@group-6D9381BB9BFD
2020-09-24 01:55:06,098 [7748a852-53b3-4637-93dd-12b9afba0c46@group-6D9381BB9BFD-LeaderElection5] INFO  server.RaftServerConfigKeys (ConfUtils.java:logGet(44)) - raft.server.write.element-limit = 1024 (custom)
2020-09-24 01:55:06,098 [7748a852-53b3-4637-93dd-12b9afba0c46@group-6D9381BB9BFD-LeaderElection5] INFO  server.RaftServerConfigKeys (ConfUtils.java:logGet(44)) - raft.server.write.byte-limit = 1073741824 (custom)
2020-09-24 01:55:06,099 [7748a852-53b3-4637-93dd-12b9afba0c46@group-6D9381BB9BFD-LeaderElection5] INFO  server.RaftServerConfigKeys (ConfUtils.java:logGet(44)) - raft.server.watch.timeout = 10000ms (default)
2020-09-24 01:55:06,099 [7748a852-53b3-4637-93dd-12b9afba0c46@group-6D9381BB9BFD-LeaderElection5] INFO  server.RaftServerConfigKeys (ConfUtils.java:logGet(44)) - raft.server.watch.timeout.denomination = 1s (default)
2020-09-24 01:55:06,099 [7748a852-53b3-4637-93dd-12b9afba0c46@group-6D9381BB9BFD-LeaderElection5] INFO  server.RaftServerConfigKeys (ConfUtils.java:logGet(44)) - raft.server.watch.element-limit = 65536 (default)
2020-09-24 01:55:06,099 [7748a852-53b3-4637-93dd-12b9afba0c46@group-6D9381BB9BFD-LeaderElection5] INFO  impl.RoleInfo (RoleInfo.java:updateAndGet(143)) - 7748a852-53b3-4637-93dd-12b9afba0c46: start LeaderState
2020-09-24 01:55:06,099 [7748a852-53b3-4637-93dd-12b9afba0c46@group-6D9381BB9BFD-LeaderElection5] INFO  segmented.SegmentedRaftLogWorker (SegmentedRaftLogWorker.java:startLogSegment(397)) - 7748a852-53b3-4637-93dd-12b9afba0c46@group-6D9381BB9BFD-SegmentedRaftLogWorker: Starting segment from index:0
2020-09-24 01:55:06,101 [7748a852-53b3-4637-93dd-12b9afba0c46@group-6D9381BB9BFD-SegmentedRaftLogWorker] INFO  segmented.SegmentedRaftLogWorker (SegmentedRaftLogWorker.java:execute(596)) - 7748a852-53b3-4637-93dd-12b9afba0c46@group-6D9381BB9BFD-SegmentedRaftLogWorker: created new log segment /github/workspace/mnt/ozone/hadoop-ozone/integration-test/target/test-dir/MiniOzoneClusterImpl-cbb2177a-11db-4b99-8b47-fe15cf20b899/datanode-3/data/ratis/6f79bd6c-df58-461c-ad28-6d9381bb9bfd/current/log_inprogress_0
2020-09-24 01:55:06,107 [7748a852-53b3-4637-93dd-12b9afba0c46@group-6D9381BB9BFD-LeaderElection5] INFO  impl.RaftServerImpl (ServerState.java:setRaftConf(373)) - 7748a852-53b3-4637-93dd-12b9afba0c46@group-6D9381BB9BFD: set configuration 0: [7748a852-53b3-4637-93dd-12b9afba0c46:172.17.0.2:34301:0], old=null at 0
2020-09-24 01:55:06,109 [7748a852-53b3-4637-93dd-12b9afba0c46@group-6D9381BB9BFD-StateMachineUpdater] INFO  ratis.ContainerStateMachine (ContainerStateMachine.java:takeSnapshot(293)) - group-6D9381BB9BFD: Taking a snapshot at:(t:1, i:0) file /github/workspace/mnt/ozone/hadoop-ozone/integration-test/target/test-dir/MiniOzoneClusterImpl-cbb2177a-11db-4b99-8b47-fe15cf20b899/datanode-3/data/ratis/6f79bd6c-df58-461c-ad28-6d9381bb9bfd/sm/snapshot.1_0
2020-09-24 01:55:06,109 [7748a852-53b3-4637-93dd-12b9afba0c46@group-6D9381BB9BFD-StateMachineUpdater] INFO  ratis.ContainerStateMachine (ContainerStateMachine.java:takeSnapshot(304)) - group-6D9381BB9BFD: Finished taking a snapshot at:(t:1, i:0) file:/github/workspace/mnt/ozone/hadoop-ozone/integration-test/target/test-dir/MiniOzoneClusterImpl-cbb2177a-11db-4b99-8b47-fe15cf20b899/datanode-3/data/ratis/6f79bd6c-df58-461c-ad28-6d9381bb9bfd/sm/snapshot.1_0 time:0
2020-09-24 01:55:06,109 [7748a852-53b3-4637-93dd-12b9afba0c46@group-6D9381BB9BFD-StateMachineUpdater] INFO  impl.StateMachineUpdater (StateMachineUpdater.java:takeSnapshot(277)) - 7748a852-53b3-4637-93dd-12b9afba0c46@group-6D9381BB9BFD-StateMachineUpdater: Took a snapshot at index 0
2020-09-24 01:55:06,109 [7748a852-53b3-4637-93dd-12b9afba0c46@group-6D9381BB9BFD-StateMachineUpdater] INFO  impl.StateMachineUpdater (StateMachineUpdater.java:lambda$new$0(87)) - 7748a852-53b3-4637-93dd-12b9afba0c46@group-6D9381BB9BFD-StateMachineUpdater: snapshotIndex: updateIncreasingly -1 -> 0
2020-09-24 01:55:06,120 [Listener at 127.0.0.1/33927] INFO  ozone.MiniOzoneClusterImpl (MiniOzoneClusterImpl.java:lambda$waitForClusterToBeReady$0(177)) - Nodes are ready. Got 10 of 10 DN Heartbeats.
2020-09-24 01:55:06,120 [Listener at 127.0.0.1/33927] INFO  ozone.MiniOzoneClusterImpl (MiniOzoneClusterImpl.java:lambda$waitForClusterToBeReady$0(180)) - Cluster exits safe mode
2020-09-24 01:55:06,235 [Thread-287] INFO  impl.FollowerState (FollowerState.java:run(108)) - 7748a852-53b3-4637-93dd-12b9afba0c46@group-F3B1B5F70853-FollowerState: change to CANDIDATE, lastRpcTime:5216ms, electionTimeout:5199ms
2020-09-24 01:55:06,235 [Thread-287] INFO  impl.RoleInfo (RoleInfo.java:shutdownFollowerState(121)) - 7748a852-53b3-4637-93dd-12b9afba0c46: shutdown FollowerState
2020-09-24 01:55:06,235 [Thread-287] INFO  impl.RaftServerImpl (RaftServerImpl.java:setRole(186)) - 7748a852-53b3-4637-93dd-12b9afba0c46@group-F3B1B5F70853: changes role from  FOLLOWER to CANDIDATE at term 0 for changeToCandidate
2020-09-24 01:55:06,236 [Thread-287] INFO  impl.RoleInfo (RoleInfo.java:updateAndGet(143)) - 7748a852-53b3-4637-93dd-12b9afba0c46: start LeaderElection
2020-09-24 01:55:06,257 [7748a852-53b3-4637-93dd-12b9afba0c46@group-F3B1B5F70853-LeaderElection6] INFO  impl.LeaderElection (LeaderElection.java:askForVotes(210)) - 7748a852-53b3-4637-93dd-12b9afba0c46@group-F3B1B5F70853-LeaderElection6: begin an election at term 1 for -1: [5712f1a9-18f2-4cab-a185-faf0697ed33e:172.17.0.2:42927:0, d59a1db7-8b20-4fe0-ae87-b395a7f2c928:172.17.0.2:41915:0, 7748a852-53b3-4637-93dd-12b9afba0c46:172.17.0.2:34301:0], old=null
2020-09-24 01:55:06,268 [Thread-293] INFO  impl.FollowerState (FollowerState.java:run(108)) - d59a1db7-8b20-4fe0-ae87-b395a7f2c928@group-F3B1B5F70853-FollowerState: change to CANDIDATE, lastRpcTime:5090ms, electionTimeout:5084ms
2020-09-24 01:55:06,268 [Thread-293] INFO  impl.RoleInfo (RoleInfo.java:shutdownFollowerState(121)) - d59a1db7-8b20-4fe0-ae87-b395a7f2c928: shutdown FollowerState
2020-09-24 01:55:06,268 [Thread-293] INFO  impl.RaftServerImpl (RaftServerImpl.java:setRole(186)) - d59a1db7-8b20-4fe0-ae87-b395a7f2c928@group-F3B1B5F70853: changes role from  FOLLOWER to CANDIDATE at term 0 for changeToCandidate
2020-09-24 01:55:06,268 [Thread-293] INFO  impl.RoleInfo (RoleInfo.java:updateAndGet(143)) - d59a1db7-8b20-4fe0-ae87-b395a7f2c928: start LeaderElection
2020-09-24 01:55:06,287 [grpc-default-executor-2] INFO  impl.RaftServerImpl (RaftServerImpl.java:setRole(186)) - 5712f1a9-18f2-4cab-a185-faf0697ed33e@group-F3B1B5F70853: changes role from  FOLLOWER to FOLLOWER at term 1 for recognizeCandidate:7748a852-53b3-4637-93dd-12b9afba0c46
2020-09-24 01:55:06,287 [grpc-default-executor-2] INFO  impl.RoleInfo (RoleInfo.java:shutdownFollowerState(121)) - 5712f1a9-18f2-4cab-a185-faf0697ed33e: shutdown FollowerState
2020-09-24 01:55:06,287 [grpc-default-executor-2] INFO  impl.RoleInfo (RoleInfo.java:updateAndGet(143)) - 5712f1a9-18f2-4cab-a185-faf0697ed33e: start FollowerState
2020-09-24 01:55:06,287 [Thread-297] INFO  impl.FollowerState (FollowerState.java:run(117)) - 5712f1a9-18f2-4cab-a185-faf0697ed33e@group-F3B1B5F70853-FollowerState was interrupted: java.lang.InterruptedException: sleep interrupted
2020-09-24 01:55:06,290 [grpc-default-executor-2] INFO  impl.RaftServerImpl (RaftServerImpl.java:requestVote(885)) -  FOLLOWER 5712f1a9-18f2-4cab-a185-faf0697ed33e@group-F3B1B5F70853:t1, leader=null, voted=null, raftlog=5712f1a9-18f2-4cab-a185-faf0697ed33e@group-F3B1B5F70853-SegmentedRaftLog:OPENED:c-1,f-1,i0, conf=-1: [5712f1a9-18f2-4cab-a185-faf0697ed33e:172.17.0.2:42927:0, d59a1db7-8b20-4fe0-ae87-b395a7f2c928:172.17.0.2:41915:0, 7748a852-53b3-4637-93dd-12b9afba0c46:172.17.0.2:34301:0], old=null RUNNING priority:0 candidate:7748a852-53b3-4637-93dd-12b9afba0c46:172.17.0.2:34301:0 candidatePriority:0 compare:0
2020-09-24 01:55:06,299 [d59a1db7-8b20-4fe0-ae87-b395a7f2c928@group-F3B1B5F70853-LeaderElection7] INFO  impl.LeaderElection (LeaderElection.java:askForVotes(210)) - d59a1db7-8b20-4fe0-ae87-b395a7f2c928@group-F3B1B5F70853-LeaderElection7: begin an election at term 1 for -1: [5712f1a9-18f2-4cab-a185-faf0697ed33e:172.17.0.2:42927:0, d59a1db7-8b20-4fe0-ae87-b395a7f2c928:172.17.0.2:41915:0, 7748a852-53b3-4637-93dd-12b9afba0c46:172.17.0.2:34301:0], old=null
2020-09-24 01:55:06,327 [7748a852-53b3-4637-93dd-12b9afba0c46@group-F3B1B5F70853-LeaderElection6] INFO  impl.LeaderElection (LeaderElection.java:logAndReturn(62)) - 7748a852-53b3-4637-93dd-12b9afba0c46@group-F3B1B5F70853-LeaderElection6: Election PASSED; received 1 response(s) [7748a852-53b3-4637-93dd-12b9afba0c46<-5712f1a9-18f2-4cab-a185-faf0697ed33e#0:OK-t1] and 0 exception(s); 7748a852-53b3-4637-93dd-12b9afba0c46@group-F3B1B5F70853:t1, leader=null, voted=7748a852-53b3-4637-93dd-12b9afba0c46, raftlog=7748a852-53b3-4637-93dd-12b9afba0c46@group-F3B1B5F70853-SegmentedRaftLog:OPENED:c-1,f-1,i0, conf=-1: [5712f1a9-18f2-4cab-a185-faf0697ed33e:172.17.0.2:42927:0, d59a1db7-8b20-4fe0-ae87-b395a7f2c928:172.17.0.2:41915:0, 7748a852-53b3-4637-93dd-12b9afba0c46:172.17.0.2:34301:0], old=null
2020-09-24 01:55:06,352 [7748a852-53b3-4637-93dd-12b9afba0c46@group-F3B1B5F70853-LeaderElection6] INFO  impl.RoleInfo (RoleInfo.java:shutdownLeaderElection(134)) - 7748a852-53b3-4637-93dd-12b9afba0c46: shutdown LeaderElection
2020-09-24 01:55:06,352 [7748a852-53b3-4637-93dd-12b9afba0c46@group-F3B1B5F70853-LeaderElection6] INFO  impl.RaftServerImpl (RaftServerImpl.java:setRole(186)) - 7748a852-53b3-4637-93dd-12b9afba0c46@group-F3B1B5F70853: changes role from CANDIDATE to LEADER at term 1 for changeToLeader
2020-09-24 01:55:06,352 [7748a852-53b3-4637-93dd-12b9afba0c46@group-F3B1B5F70853-LeaderElection6] INFO  ratis.XceiverServerRatis (XceiverServerRatis.java:handleLeaderChangedNotification(822)) - Leader change notification received for group: group-F3B1B5F70853 with new leaderId: 7748a852-53b3-4637-93dd-12b9afba0c46
2020-09-24 01:55:06,352 [7748a852-53b3-4637-93dd-12b9afba0c46@group-F3B1B5F70853-LeaderElection6] INFO  impl.RaftServerImpl (ServerState.java:setLeader(255)) - 7748a852-53b3-4637-93dd-12b9afba0c46@group-F3B1B5F70853: change Leader from null to 7748a852-53b3-4637-93dd-12b9afba0c46 at term 1 for becomeLeader, leader elected after 5361ms
2020-09-24 01:55:06,352 [7748a852-53b3-4637-93dd-12b9afba0c46@group-F3B1B5F70853-LeaderElection6] INFO  server.RaftServerConfigKeys (ConfUtils.java:logGet(44)) - raft.server.staging.catchup.gap = 1000 (default)
2020-09-24 01:55:06,352 [7748a852-53b3-4637-93dd-12b9afba0c46@group-F3B1B5F70853-LeaderElection6] INFO  server.RaftServerConfigKeys (ConfUtils.java:logGet(44)) - raft.server.rpc.sleep.time = 25ms (default)
2020-09-24 01:55:06,352 [7748a852-53b3-4637-93dd-12b9afba0c46@group-F3B1B5F70853-LeaderElection6] INFO  metrics.RatisMetrics (RatisMetrics.java:lambda$create$0(36)) - Creating Metrics Registry : ratis.log_appender.7748a852-53b3-4637-93dd-12b9afba0c46@group-F3B1B5F70853
2020-09-24 01:55:06,353 [7748a852-53b3-4637-93dd-12b9afba0c46@group-F3B1B5F70853-LeaderElection6] INFO  server.RaftServerConfigKeys (ConfUtils.java:logGet(44)) - raft.server.write.element-limit = 1024 (custom)
2020-09-24 01:55:06,353 [7748a852-53b3-4637-93dd-12b9afba0c46@group-F3B1B5F70853-LeaderElection6] INFO  server.RaftServerConfigKeys (ConfUtils.java:logGet(44)) - raft.server.write.byte-limit = 1073741824 (custom)
2020-09-24 01:55:06,353 [7748a852-53b3-4637-93dd-12b9afba0c46@group-F3B1B5F70853-LeaderElection6] INFO  server.RaftServerConfigKeys (ConfUtils.java:logGet(44)) - raft.server.watch.timeout = 10000ms (default)
2020-09-24 01:55:06,353 [7748a852-53b3-4637-93dd-12b9afba0c46@group-F3B1B5F70853-LeaderElection6] INFO  server.RaftServerConfigKeys (ConfUtils.java:logGet(44)) - raft.server.watch.timeout.denomination = 1s (default)
2020-09-24 01:55:06,353 [7748a852-53b3-4637-93dd-12b9afba0c46@group-F3B1B5F70853-LeaderElection6] INFO  server.RaftServerConfigKeys (ConfUtils.java:logGet(44)) - raft.server.watch.element-limit = 65536 (default)
2020-09-24 01:55:06,353 [7748a852-53b3-4637-93dd-12b9afba0c46@group-F3B1B5F70853-LeaderElection6] INFO  server.RaftServerConfigKeys (ConfUtils.java:logGet(44)) - raft.server.log.appender.snapshot.chunk.size.max = 16MB (=16777216) (default)
2020-09-24 01:55:06,353 [7748a852-53b3-4637-93dd-12b9afba0c46@group-F3B1B5F70853-LeaderElection6] INFO  server.RaftServerConfigKeys (ConfUtils.java:logGet(44)) - raft.server.log.appender.buffer.byte-limit = 33554432 (custom)
2020-09-24 01:55:06,353 [7748a852-53b3-4637-93dd-12b9afba0c46@group-F3B1B5F70853-LeaderElection6] INFO  server.RaftServerConfigKeys (ConfUtils.java:logGet(44)) - raft.server.log.appender.buffer.element-limit = 1 (custom)
2020-09-24 01:55:06,354 [7748a852-53b3-4637-93dd-12b9afba0c46@group-F3B1B5F70853-LeaderElection6] INFO  grpc.GrpcConfigKeys (ConfUtils.java:logGet(44)) - raft.grpc.server.leader.outstanding.appends.max = 128 (default)
2020-09-24 01:55:06,354 [7748a852-53b3-4637-93dd-12b9afba0c46@group-F3B1B5F70853-LeaderElection6] INFO  server.RaftServerConfigKeys (ConfUtils.java:logGet(44)) - raft.server.rpc.request.timeout = 3000ms (default)
2020-09-24 01:55:06,354 [7748a852-53b3-4637-93dd-12b9afba0c46@group-F3B1B5F70853-LeaderElection6] INFO  server.RaftServerConfigKeys (ConfUtils.java:logGet(44)) - raft.server.log.appender.install.snapshot.enabled = false (custom)
2020-09-24 01:55:06,354 [7748a852-53b3-4637-93dd-12b9afba0c46@group-F3B1B5F70853-LeaderElection6] INFO  metrics.RatisMetrics (RatisMetrics.java:lambda$create$0(36)) - Creating Metrics Registry : ratis_grpc.log_appender.7748a852-53b3-4637-93dd-12b9afba0c46@group-F3B1B5F70853
2020-09-24 01:55:06,346 [grpc-default-executor-2] INFO  metrics.RatisMetrics (RatisMetrics.java:lambda$create$0(36)) - Creating Metrics Registry : ratis.server_message_metrics.7748a852-53b3-4637-93dd-12b9afba0c46
2020-09-24 01:55:06,359 [Thread-295] INFO  impl.FollowerState (FollowerState.java:run(108)) - d59a1db7-8b20-4fe0-ae87-b395a7f2c928@group-6B2BAA296B60-FollowerState: change to CANDIDATE, lastRpcTime:5174ms, electionTimeout:5161ms
2020-09-24 01:55:06,359 [Thread-295] INFO  impl.RoleInfo (RoleInfo.java:shutdownFollowerState(121)) - d59a1db7-8b20-4fe0-ae87-b395a7f2c928: shutdown FollowerState
2020-09-24 01:55:06,359 [Thread-295] INFO  impl.RaftServerImpl (RaftServerImpl.java:setRole(186)) - d59a1db7-8b20-4fe0-ae87-b395a7f2c928@group-6B2BAA296B60: changes role from  FOLLOWER to CANDIDATE at term 0 for changeToCandidate
2020-09-24 01:55:06,359 [Thread-295] INFO  impl.RoleInfo (RoleInfo.java:updateAndGet(143)) - d59a1db7-8b20-4fe0-ae87-b395a7f2c928: start LeaderElection
2020-09-24 01:55:06,356 [7748a852-53b3-4637-93dd-12b9afba0c46@group-F3B1B5F70853-LeaderElection6] INFO  server.RaftServerConfigKeys (ConfUtils.java:logGet(44)) - raft.server.log.appender.snapshot.chunk.size.max = 16MB (=16777216) (default)
2020-09-24 01:55:06,356 [EventQueue-PipelineReportForPipelineReportHandler] INFO  pipeline.PipelineStateManager (PipelineStateManager.java:openPipeline(131)) - Pipeline Pipeline[ Id: 6dbb3e4c-ab38-4a1d-ad64-f3b1b5f70853, Nodes: d59a1db7-8b20-4fe0-ae87-b395a7f2c928{ip: 172.17.0.2, host: 25c36af82c1d, networkLocation: /default-rack, certSerialId: null}7748a852-53b3-4637-93dd-12b9afba0c46{ip: 172.17.0.2, host: 25c36af82c1d, networkLocation: /default-rack, certSerialId: null}5712f1a9-18f2-4cab-a185-faf0697ed33e{ip: 172.17.0.2, host: 25c36af82c1d, networkLocation: /default-rack, certSerialId: null}, Type:RATIS, Factor:THREE, State:ALLOCATED, leaderId:7748a852-53b3-4637-93dd-12b9afba0c46, CreationTimestamp2020-09-24T01:54:58.357Z] moved to OPEN state
2020-09-24 01:55:06,361 [7748a852-53b3-4637-93dd-12b9afba0c46@group-F3B1B5F70853-LeaderElection6] INFO  server.RaftServerConfigKeys (ConfUtils.java:logGet(44)) - raft.server.log.appender.buffer.byte-limit = 33554432 (custom)
2020-09-24 01:55:06,361 [7748a852-53b3-4637-93dd-12b9afba0c46@group-F3B1B5F70853-LeaderElection6] INFO  server.RaftServerConfigKeys (ConfUtils.java:logGet(44)) - raft.server.log.appender.buffer.element-limit = 1 (custom)
2020-09-24 01:55:06,361 [7748a852-53b3-4637-93dd-12b9afba0c46@group-F3B1B5F70853-LeaderElection6] INFO  grpc.GrpcConfigKeys (ConfUtils.java:logGet(44)) - raft.grpc.server.leader.outstanding.appends.max = 128 (default)
2020-09-24 01:55:06,361 [7748a852-53b3-4637-93dd-12b9afba0c46@group-F3B1B5F70853-LeaderElection6] INFO  server.RaftServerConfigKeys (ConfUtils.java:logGet(44)) - raft.server.rpc.request.timeout = 3000ms (default)
2020-09-24 01:55:06,361 [7748a852-53b3-4637-93dd-12b9afba0c46@group-F3B1B5F70853-LeaderElection6] INFO  server.RaftServerConfigKeys (ConfUtils.java:logGet(44)) - raft.server.log.appender.install.snapshot.enabled = false (custom)
2020-09-24 01:55:06,362 [7748a852-53b3-4637-93dd-12b9afba0c46@group-F3B1B5F70853-LeaderElection6] INFO  impl.RoleInfo (RoleInfo.java:updateAndGet(143)) - 7748a852-53b3-4637-93dd-12b9afba0c46: start LeaderState
2020-09-24 01:55:06,362 [7748a852-53b3-4637-93dd-12b9afba0c46@group-F3B1B5F70853-LeaderElection6] INFO  segmented.SegmentedRaftLogWorker (SegmentedRaftLogWorker.java:startLogSegment(397)) - 7748a852-53b3-4637-93dd-12b9afba0c46@group-F3B1B5F70853-SegmentedRaftLogWorker: Starting segment from index:0
2020-09-24 01:55:06,364 [7748a852-53b3-4637-93dd-12b9afba0c46@group-F3B1B5F70853-SegmentedRaftLogWorker] INFO  segmented.SegmentedRaftLogWorker (SegmentedRaftLogWorker.java:execute(596)) - 7748a852-53b3-4637-93dd-12b9afba0c46@group-F3B1B5F70853-SegmentedRaftLogWorker: created new log segment /github/workspace/mnt/ozone/hadoop-ozone/integration-test/target/test-dir/MiniOzoneClusterImpl-cbb2177a-11db-4b99-8b47-fe15cf20b899/datanode-3/data/ratis/6dbb3e4c-ab38-4a1d-ad64-f3b1b5f70853/current/log_inprogress_0
2020-09-24 01:55:06,368 [Thread-300] INFO  impl.FollowerState (FollowerState.java:run(108)) - 5712f1a9-18f2-4cab-a185-faf0697ed33e@group-2F8836E60D5C-FollowerState: change to CANDIDATE, lastRpcTime:5002ms, electionTimeout:5001ms
2020-09-24 01:55:06,364 [7748a852-53b3-4637-93dd-12b9afba0c46@group-F3B1B5F70853-LeaderElection6] INFO  impl.RaftServerImpl (ServerState.java:setRaftConf(373)) - 7748a852-53b3-4637-93dd-12b9afba0c46@group-F3B1B5F70853: set configuration 0: [5712f1a9-18f2-4cab-a185-faf0697ed33e:172.17.0.2:42927:0, d59a1db7-8b20-4fe0-ae87-b395a7f2c928:172.17.0.2:41915:0, 7748a852-53b3-4637-93dd-12b9afba0c46:172.17.0.2:34301:0], old=null at 0
2020-09-24 01:55:06,371 [Thread-300] INFO  impl.RoleInfo (RoleInfo.java:shutdownFollowerState(121)) - 5712f1a9-18f2-4cab-a185-faf0697ed33e: shutdown FollowerState
2020-09-24 01:55:06,371 [Thread-300] INFO  impl.RaftServerImpl (RaftServerImpl.java:setRole(186)) - 5712f1a9-18f2-4cab-a185-faf0697ed33e@group-2F8836E60D5C: changes role from  FOLLOWER to CANDIDATE at term 0 for changeToCandidate
2020-09-24 01:55:06,371 [Thread-300] INFO  impl.RoleInfo (RoleInfo.java:updateAndGet(143)) - 5712f1a9-18f2-4cab-a185-faf0697ed33e: start LeaderElection
2020-09-24 01:55:06,372 [grpc-default-executor-2] INFO  impl.RaftServerImpl (RaftServerImpl.java:requestVote(875)) - 7748a852-53b3-4637-93dd-12b9afba0c46@group-F3B1B5F70853-   LEADER: Withhold vote from candidate d59a1db7-8b20-4fe0-ae87-b395a7f2c928 with term 1. State: leader=7748a852-53b3-4637-93dd-12b9afba0c46, term=1, lastRpcElapsed=null
2020-09-24 01:55:06,388 [7748a852-53b3-4637-93dd-12b9afba0c46@group-F3B1B5F70853-StateMachineUpdater] INFO  ratis.ContainerStateMachine (ContainerStateMachine.java:takeSnapshot(293)) - group-F3B1B5F70853: Taking a snapshot at:(t:1, i:0) file /github/workspace/mnt/ozone/hadoop-ozone/integration-test/target/test-dir/MiniOzoneClusterImpl-cbb2177a-11db-4b99-8b47-fe15cf20b899/datanode-3/data/ratis/6dbb3e4c-ab38-4a1d-ad64-f3b1b5f70853/sm/snapshot.1_0
2020-09-24 01:55:06,389 [d59a1db7-8b20-4fe0-ae87-b395a7f2c928@group-6B2BAA296B60-LeaderElection8] INFO  impl.LeaderElection (LeaderElection.java:askForVotes(210)) - d59a1db7-8b20-4fe0-ae87-b395a7f2c928@group-6B2BAA296B60-LeaderElection8: begin an election at term 1 for -1: [d59a1db7-8b20-4fe0-ae87-b395a7f2c928:172.17.0.2:41915:0], old=null
2020-09-24 01:55:06,389 [d59a1db7-8b20-4fe0-ae87-b395a7f2c928@group-6B2BAA296B60-LeaderElection8] INFO  impl.RoleInfo (RoleInfo.java:shutdownLeaderElection(134)) - d59a1db7-8b20-4fe0-ae87-b395a7f2c928: shutdown LeaderElection
2020-09-24 01:55:06,389 [d59a1db7-8b20-4fe0-ae87-b395a7f2c928@group-6B2BAA296B60-LeaderElection8] INFO  impl.RaftServerImpl (RaftServerImpl.java:setRole(186)) - d59a1db7-8b20-4fe0-ae87-b395a7f2c928@group-6B2BAA296B60: changes role from CANDIDATE to LEADER at term 1 for changeToLeader
2020-09-24 01:55:06,389 [d59a1db7-8b20-4fe0-ae87-b395a7f2c928@group-6B2BAA296B60-LeaderElection8] INFO  ratis.XceiverServerRatis (XceiverServerRatis.java:handleLeaderChangedNotification(822)) - Leader change notification received for group: group-6B2BAA296B60 with new leaderId: d59a1db7-8b20-4fe0-ae87-b395a7f2c928
2020-09-24 01:55:06,389 [d59a1db7-8b20-4fe0-ae87-b395a7f2c928@group-6B2BAA296B60-LeaderElection8] INFO  impl.RaftServerImpl (ServerState.java:setLeader(255)) - d59a1db7-8b20-4fe0-ae87-b395a7f2c928@group-6B2BAA296B60: change Leader from null to d59a1db7-8b20-4fe0-ae87-b395a7f2c928 at term 1 for becomeLeader, leader elected after 5222ms
2020-09-24 01:55:06,389 [d59a1db7-8b20-4fe0-ae87-b395a7f2c928@group-6B2BAA296B60-LeaderElection8] INFO  server.RaftServerConfigKeys (ConfUtils.java:logGet(44)) - raft.server.staging.catchup.gap = 1000 (default)
2020-09-24 01:55:06,389 [d59a1db7-8b20-4fe0-ae87-b395a7f2c928@group-6B2BAA296B60-LeaderElection8] INFO  server.RaftServerConfigKeys (ConfUtils.java:logGet(44)) - raft.server.rpc.sleep.time = 25ms (default)
2020-09-24 01:55:06,389 [d59a1db7-8b20-4fe0-ae87-b395a7f2c928@group-6B2BAA296B60-LeaderElection8] INFO  metrics.RatisMetrics (RatisMetrics.java:lambda$create$0(36)) - Creating Metrics Registry : ratis.log_appender.d59a1db7-8b20-4fe0-ae87-b395a7f2c928@group-6B2BAA296B60
2020-09-24 01:55:06,389 [d59a1db7-8b20-4fe0-ae87-b395a7f2c928@group-6B2BAA296B60-LeaderElection8] INFO  server.RaftServerConfigKeys (ConfUtils.java:logGet(44)) - raft.server.write.element-limit = 1024 (custom)
2020-09-24 01:55:06,389 [d59a1db7-8b20-4fe0-ae87-b395a7f2c928@group-6B2BAA296B60-LeaderElection8] INFO  server.RaftServerConfigKeys (ConfUtils.java:logGet(44)) - raft.server.write.byte-limit = 1073741824 (custom)
2020-09-24 01:55:06,390 [d59a1db7-8b20-4fe0-ae87-b395a7f2c928@group-6B2BAA296B60-LeaderElection8] INFO  server.RaftServerConfigKeys (ConfUtils.java:logGet(44)) - raft.server.watch.timeout = 10000ms (default)
2020-09-24 01:55:06,390 [d59a1db7-8b20-4fe0-ae87-b395a7f2c928@group-6B2BAA296B60-LeaderElection8] INFO  server.RaftServerConfigKeys (ConfUtils.java:logGet(44)) - raft.server.watch.timeout.denomination = 1s (default)
2020-09-24 01:55:06,390 [d59a1db7-8b20-4fe0-ae87-b395a7f2c928@group-6B2BAA296B60-LeaderElection8] INFO  server.RaftServerConfigKeys (ConfUtils.java:logGet(44)) - raft.server.watch.element-limit = 65536 (default)
2020-09-24 01:55:06,390 [d59a1db7-8b20-4fe0-ae87-b395a7f2c928@group-6B2BAA296B60-LeaderElection8] INFO  impl.RoleInfo (RoleInfo.java:updateAndGet(143)) - d59a1db7-8b20-4fe0-ae87-b395a7f2c928: start LeaderState
2020-09-24 01:55:06,390 [d59a1db7-8b20-4fe0-ae87-b395a7f2c928@group-6B2BAA296B60-LeaderElection8] INFO  segmented.SegmentedRaftLogWorker (SegmentedRaftLogWorker.java:startLogSegment(397)) - d59a1db7-8b20-4fe0-ae87-b395a7f2c928@group-6B2BAA296B60-SegmentedRaftLogWorker: Starting segment from index:0
2020-09-24 01:55:06,392 [7748a852-53b3-4637-93dd-12b9afba0c46@group-F3B1B5F70853-StateMachineUpdater] INFO  ratis.ContainerStateMachine (ContainerStateMachine.java:takeSnapshot(304)) - group-F3B1B5F70853: Finished taking a snapshot at:(t:1, i:0) file:/github/workspace/mnt/ozone/hadoop-ozone/integration-test/target/test-dir/MiniOzoneClusterImpl-cbb2177a-11db-4b99-8b47-fe15cf20b899/datanode-3/data/ratis/6dbb3e4c-ab38-4a1d-ad64-f3b1b5f70853/sm/snapshot.1_0 time:4
2020-09-24 01:55:06,392 [d59a1db7-8b20-4fe0-ae87-b395a7f2c928@group-6B2BAA296B60-SegmentedRaftLogWorker] INFO  segmented.SegmentedRaftLogWorker (SegmentedRaftLogWorker.java:execute(596)) - d59a1db7-8b20-4fe0-ae87-b395a7f2c928@group-6B2BAA296B60-SegmentedRaftLogWorker: created new log segment /github/workspace/mnt/ozone/hadoop-ozone/integration-test/target/test-dir/MiniOzoneClusterImpl-cbb2177a-11db-4b99-8b47-fe15cf20b899/datanode-4/data/ratis/0ba8fe76-0f89-4057-9187-6b2baa296b60/current/log_inprogress_0
2020-09-24 01:55:06,393 [7748a852-53b3-4637-93dd-12b9afba0c46@group-F3B1B5F70853-StateMachineUpdater] INFO  impl.StateMachineUpdater (StateMachineUpdater.java:takeSnapshot(277)) - 7748a852-53b3-4637-93dd-12b9afba0c46@group-F3B1B5F70853-StateMachineUpdater: Took a snapshot at index 0
2020-09-24 01:55:06,393 [7748a852-53b3-4637-93dd-12b9afba0c46@group-F3B1B5F70853-StateMachineUpdater] INFO  impl.StateMachineUpdater (StateMachineUpdater.java:lambda$new$0(87)) - 7748a852-53b3-4637-93dd-12b9afba0c46@group-F3B1B5F70853-StateMachineUpdater: snapshotIndex: updateIncreasingly -1 -> 0
2020-09-24 01:55:06,398 [d59a1db7-8b20-4fe0-ae87-b395a7f2c928@group-6B2BAA296B60-LeaderElection8] INFO  impl.RaftServerImpl (ServerState.java:setRaftConf(373)) - d59a1db7-8b20-4fe0-ae87-b395a7f2c928@group-6B2BAA296B60: set configuration 0: [d59a1db7-8b20-4fe0-ae87-b395a7f2c928:172.17.0.2:41915:0], old=null at 0
2020-09-24 01:55:06,410 [d59a1db7-8b20-4fe0-ae87-b395a7f2c928@group-6B2BAA296B60-StateMachineUpdater] INFO  ratis.ContainerStateMachine (ContainerStateMachine.java:takeSnapshot(293)) - group-6B2BAA296B60: Taking a snapshot at:(t:1, i:0) file /github/workspace/mnt/ozone/hadoop-ozone/integration-test/target/test-dir/MiniOzoneClusterImpl-cbb2177a-11db-4b99-8b47-fe15cf20b899/datanode-4/data/ratis/0ba8fe76-0f89-4057-9187-6b2baa296b60/sm/snapshot.1_0
2020-09-24 01:55:06,411 [d59a1db7-8b20-4fe0-ae87-b395a7f2c928@group-6B2BAA296B60-StateMachineUpdater] INFO  ratis.ContainerStateMachine (ContainerStateMachine.java:takeSnapshot(304)) - group-6B2BAA296B60: Finished taking a snapshot at:(t:1, i:0) file:/github/workspace/mnt/ozone/hadoop-ozone/integration-test/target/test-dir/MiniOzoneClusterImpl-cbb2177a-11db-4b99-8b47-fe15cf20b899/datanode-4/data/ratis/0ba8fe76-0f89-4057-9187-6b2baa296b60/sm/snapshot.1_0 time:2
2020-09-24 01:55:06,412 [d59a1db7-8b20-4fe0-ae87-b395a7f2c928@group-6B2BAA296B60-StateMachineUpdater] INFO  impl.StateMachineUpdater (StateMachineUpdater.java:takeSnapshot(277)) - d59a1db7-8b20-4fe0-ae87-b395a7f2c928@group-6B2BAA296B60-StateMachineUpdater: Took a snapshot at index 0
2020-09-24 01:55:06,412 [d59a1db7-8b20-4fe0-ae87-b395a7f2c928@group-6B2BAA296B60-StateMachineUpdater] INFO  impl.StateMachineUpdater (StateMachineUpdater.java:lambda$new$0(87)) - d59a1db7-8b20-4fe0-ae87-b395a7f2c928@group-6B2BAA296B60-StateMachineUpdater: snapshotIndex: updateIncreasingly -1 -> 0
2020-09-24 01:55:06,412 [grpc-default-executor-1] INFO  impl.RaftServerImpl (RaftServerImpl.java:setRole(186)) - d59a1db7-8b20-4fe0-ae87-b395a7f2c928@group-F3B1B5F70853: changes role from CANDIDATE to FOLLOWER at term 1 for appendEntries
2020-09-24 01:55:06,412 [grpc-default-executor-1] INFO  impl.RoleInfo (RoleInfo.java:shutdownLeaderElection(134)) - d59a1db7-8b20-4fe0-ae87-b395a7f2c928: shutdown LeaderElection
2020-09-24 01:55:06,412 [grpc-default-executor-1] INFO  impl.RoleInfo (RoleInfo.java:updateAndGet(143)) - d59a1db7-8b20-4fe0-ae87-b395a7f2c928: start FollowerState
2020-09-24 01:55:06,413 [grpc-default-executor-1] INFO  ratis.XceiverServerRatis (XceiverServerRatis.java:handleLeaderChangedNotification(822)) - Leader change notification received for group: group-F3B1B5F70853 with new leaderId: 7748a852-53b3-4637-93dd-12b9afba0c46
2020-09-24 01:55:06,413 [grpc-default-executor-1] INFO  impl.RaftServerImpl (ServerState.java:setLeader(255)) - d59a1db7-8b20-4fe0-ae87-b395a7f2c928@group-F3B1B5F70853: change Leader from null to 7748a852-53b3-4637-93dd-12b9afba0c46 at term 1 for appendEntries, leader elected after 5298ms
2020-09-24 01:55:06,426 [d59a1db7-8b20-4fe0-ae87-b395a7f2c928@group-F3B1B5F70853-LeaderElection7] INFO  impl.LeaderElection (LeaderElection.java:logAndReturn(62)) - d59a1db7-8b20-4fe0-ae87-b395a7f2c928@group-F3B1B5F70853-LeaderElection7: Election REJECTED; received 2 response(s) [d59a1db7-8b20-4fe0-ae87-b395a7f2c928<-5712f1a9-18f2-4cab-a185-faf0697ed33e#0:FAIL-t1, d59a1db7-8b20-4fe0-ae87-b395a7f2c928<-7748a852-53b3-4637-93dd-12b9afba0c46#0:FAIL-t1] and 0 exception(s); d59a1db7-8b20-4fe0-ae87-b395a7f2c928@group-F3B1B5F70853:t1, leader=7748a852-53b3-4637-93dd-12b9afba0c46, voted=d59a1db7-8b20-4fe0-ae87-b395a7f2c928, raftlog=d59a1db7-8b20-4fe0-ae87-b395a7f2c928@group-F3B1B5F70853-SegmentedRaftLog:OPENED:c-1,f-1,i0, conf=-1: [5712f1a9-18f2-4cab-a185-faf0697ed33e:172.17.0.2:42927:0, d59a1db7-8b20-4fe0-ae87-b395a7f2c928:172.17.0.2:41915:0, 7748a852-53b3-4637-93dd-12b9afba0c46:172.17.0.2:34301:0], old=null
2020-09-24 01:55:06,426 [grpc-default-executor-1] INFO  ratis.XceiverServerRatis (XceiverServerRatis.java:handleLeaderChangedNotification(822)) - Leader change notification received for group: group-F3B1B5F70853 with new leaderId: 7748a852-53b3-4637-93dd-12b9afba0c46
2020-09-24 01:55:06,426 [grpc-default-executor-1] INFO  impl.RaftServerImpl (ServerState.java:setLeader(255)) - 5712f1a9-18f2-4cab-a185-faf0697ed33e@group-F3B1B5F70853: change Leader from null to 7748a852-53b3-4637-93dd-12b9afba0c46 at term 1 for appendEntries, leader elected after 5172ms
2020-09-24 01:55:06,427 [grpc-default-executor-1] INFO  impl.RaftServerImpl (ServerState.java:setRaftConf(373)) - 5712f1a9-18f2-4cab-a185-faf0697ed33e@group-F3B1B5F70853: set configuration 0: [5712f1a9-18f2-4cab-a185-faf0697ed33e:172.17.0.2:42927:0, d59a1db7-8b20-4fe0-ae87-b395a7f2c928:172.17.0.2:41915:0, 7748a852-53b3-4637-93dd-12b9afba0c46:172.17.0.2:34301:0], old=null at 0
2020-09-24 01:55:06,428 [grpc-default-executor-1] INFO  segmented.SegmentedRaftLogWorker (SegmentedRaftLogWorker.java:startLogSegment(397)) - 5712f1a9-18f2-4cab-a185-faf0697ed33e@group-F3B1B5F70853-SegmentedRaftLogWorker: Starting segment from index:0
2020-09-24 01:55:06,428 [5712f1a9-18f2-4cab-a185-faf0697ed33e@group-2F8836E60D5C-LeaderElection9] INFO  impl.LeaderElection (LeaderElection.java:askForVotes(210)) - 5712f1a9-18f2-4cab-a185-faf0697ed33e@group-2F8836E60D5C-LeaderElection9: begin an election at term 1 for -1: [5712f1a9-18f2-4cab-a185-faf0697ed33e:172.17.0.2:42927:0], old=null
2020-09-24 01:55:06,435 [grpc-default-executor-1] INFO  impl.RaftServerImpl (ServerState.java:setRaftConf(373)) - d59a1db7-8b20-4fe0-ae87-b395a7f2c928@group-F3B1B5F70853: set configuration 0: [5712f1a9-18f2-4cab-a185-faf0697ed33e:172.17.0.2:42927:0, d59a1db7-8b20-4fe0-ae87-b395a7f2c928:172.17.0.2:41915:0, 7748a852-53b3-4637-93dd-12b9afba0c46:172.17.0.2:34301:0], old=null at 0
2020-09-24 01:55:06,437 [grpc-default-executor-1] INFO  segmented.SegmentedRaftLogWorker (SegmentedRaftLogWorker.java:startLogSegment(397)) - d59a1db7-8b20-4fe0-ae87-b395a7f2c928@group-F3B1B5F70853-SegmentedRaftLogWorker: Starting segment from index:0
2020-09-24 01:55:06,430 [5712f1a9-18f2-4cab-a185-faf0697ed33e@group-F3B1B5F70853-SegmentedRaftLogWorker] INFO  segmented.SegmentedRaftLogWorker (SegmentedRaftLogWorker.java:execute(596)) - 5712f1a9-18f2-4cab-a185-faf0697ed33e@group-F3B1B5F70853-SegmentedRaftLogWorker: created new log segment /github/workspace/mnt/ozone/hadoop-ozone/integration-test/target/test-dir/MiniOzoneClusterImpl-cbb2177a-11db-4b99-8b47-fe15cf20b899/datanode-5/data/ratis/6dbb3e4c-ab38-4a1d-ad64-f3b1b5f70853/current/log_inprogress_0
2020-09-24 01:55:06,436 [5712f1a9-18f2-4cab-a185-faf0697ed33e@group-2F8836E60D5C-LeaderElection9] INFO  impl.RoleInfo (RoleInfo.java:shutdownLeaderElection(134)) - 5712f1a9-18f2-4cab-a185-faf0697ed33e: shutdown LeaderElection
2020-09-24 01:55:06,437 [5712f1a9-18f2-4cab-a185-faf0697ed33e@group-2F8836E60D5C-LeaderElection9] INFO  impl.RaftServerImpl (RaftServerImpl.java:setRole(186)) - 5712f1a9-18f2-4cab-a185-faf0697ed33e@group-2F8836E60D5C: changes role from CANDIDATE to LEADER at term 1 for changeToLeader
2020-09-24 01:55:06,437 [5712f1a9-18f2-4cab-a185-faf0697ed33e@group-2F8836E60D5C-LeaderElection9] INFO  ratis.XceiverServerRatis (XceiverServerRatis.java:handleLeaderChangedNotification(822)) - Leader change notification received for group: group-2F8836E60D5C with new leaderId: 5712f1a9-18f2-4cab-a185-faf0697ed33e
2020-09-24 01:55:06,437 [5712f1a9-18f2-4cab-a185-faf0697ed33e@group-2F8836E60D5C-LeaderElection9] INFO  impl.RaftServerImpl (ServerState.java:setLeader(255)) - 5712f1a9-18f2-4cab-a185-faf0697ed33e@group-2F8836E60D5C: change Leader from null to 5712f1a9-18f2-4cab-a185-faf0697ed33e at term 1 for becomeLeader, leader elected after 5078ms
2020-09-24 01:55:06,437 [5712f1a9-18f2-4cab-a185-faf0697ed33e@group-2F8836E60D5C-LeaderElection9] INFO  server.RaftServerConfigKeys (ConfUtils.java:logGet(44)) - raft.server.staging.catchup.gap = 1000 (default)
2020-09-24 01:55:06,437 [5712f1a9-18f2-4cab-a185-faf0697ed33e@group-2F8836E60D5C-LeaderElection9] INFO  server.RaftServerConfigKeys (ConfUtils.java:logGet(44)) - raft.server.rpc.sleep.time = 25ms (default)
2020-09-24 01:55:06,437 [5712f1a9-18f2-4cab-a185-faf0697ed33e@group-2F8836E60D5C-LeaderElection9] INFO  metrics.RatisMetrics (RatisMetrics.java:lambda$create$0(36)) - Creating Metrics Registry : ratis.log_appender.5712f1a9-18f2-4cab-a185-faf0697ed33e@group-2F8836E60D5C
2020-09-24 01:55:06,438 [5712f1a9-18f2-4cab-a185-faf0697ed33e@group-2F8836E60D5C-LeaderElection9] INFO  server.RaftServerConfigKeys (ConfUtils.java:logGet(44)) - raft.server.write.element-limit = 1024 (custom)
2020-09-24 01:55:06,438 [5712f1a9-18f2-4cab-a185-faf0697ed33e@group-2F8836E60D5C-LeaderElection9] INFO  server.RaftServerConfigKeys (ConfUtils.java:logGet(44)) - raft.server.write.byte-limit = 1073741824 (custom)
2020-09-24 01:55:06,438 [5712f1a9-18f2-4cab-a185-faf0697ed33e@group-2F8836E60D5C-LeaderElection9] INFO  server.RaftServerConfigKeys (ConfUtils.java:logGet(44)) - raft.server.watch.timeout = 10000ms (default)
2020-09-24 01:55:06,438 [5712f1a9-18f2-4cab-a185-faf0697ed33e@group-2F8836E60D5C-LeaderElection9] INFO  server.RaftServerConfigKeys (ConfUtils.java:logGet(44)) - raft.server.watch.timeout.denomination = 1s (default)
2020-09-24 01:55:06,438 [5712f1a9-18f2-4cab-a185-faf0697ed33e@group-2F8836E60D5C-LeaderElection9] INFO  server.RaftServerConfigKeys (ConfUtils.java:logGet(44)) - raft.server.watch.element-limit = 65536 (default)
2020-09-24 01:55:06,438 [5712f1a9-18f2-4cab-a185-faf0697ed33e@group-2F8836E60D5C-LeaderElection9] INFO  impl.RoleInfo (RoleInfo.java:updateAndGet(143)) - 5712f1a9-18f2-4cab-a185-faf0697ed33e: start LeaderState
2020-09-24 01:55:06,439 [d59a1db7-8b20-4fe0-ae87-b395a7f2c928@group-F3B1B5F70853-SegmentedRaftLogWorker] INFO  segmented.SegmentedRaftLogWorker (SegmentedRaftLogWorker.java:execute(596)) - d59a1db7-8b20-4fe0-ae87-b395a7f2c928@group-F3B1B5F70853-SegmentedRaftLogWorker: created new log segment /github/workspace/mnt/ozone/hadoop-ozone/integration-test/target/test-dir/MiniOzoneClusterImpl-cbb2177a-11db-4b99-8b47-fe15cf20b899/datanode-4/data/ratis/6dbb3e4c-ab38-4a1d-ad64-f3b1b5f70853/current/log_inprogress_0
2020-09-24 01:55:06,439 [5712f1a9-18f2-4cab-a185-faf0697ed33e@group-2F8836E60D5C-LeaderElection9] INFO  segmented.SegmentedRaftLogWorker (SegmentedRaftLogWorker.java:startLogSegment(397)) - 5712f1a9-18f2-4cab-a185-faf0697ed33e@group-2F8836E60D5C-SegmentedRaftLogWorker: Starting segment from index:0
2020-09-24 01:55:06,440 [5712f1a9-18f2-4cab-a185-faf0697ed33e@group-2F8836E60D5C-SegmentedRaftLogWorker] INFO  segmented.SegmentedRaftLogWorker (SegmentedRaftLogWorker.java:execute(596)) - 5712f1a9-18f2-4cab-a185-faf0697ed33e@group-2F8836E60D5C-SegmentedRaftLogWorker: created new log segment /github/workspace/mnt/ozone/hadoop-ozone/integration-test/target/test-dir/MiniOzoneClusterImpl-cbb2177a-11db-4b99-8b47-fe15cf20b899/datanode-5/data/ratis/b52c5565-7abe-4bfe-9b1c-2f8836e60d5c/current/log_inprogress_0
2020-09-24 01:55:06,447 [5712f1a9-18f2-4cab-a185-faf0697ed33e@group-2F8836E60D5C-LeaderElection9] INFO  impl.RaftServerImpl (ServerState.java:setRaftConf(373)) - 5712f1a9-18f2-4cab-a185-faf0697ed33e@group-2F8836E60D5C: set configuration 0: [5712f1a9-18f2-4cab-a185-faf0697ed33e:172.17.0.2:42927:0], old=null at 0
2020-09-24 01:55:06,475 [5712f1a9-18f2-4cab-a185-faf0697ed33e@group-2F8836E60D5C-StateMachineUpdater] INFO  ratis.ContainerStateMachine (ContainerStateMachine.java:takeSnapshot(293)) - group-2F8836E60D5C: Taking a snapshot at:(t:1, i:0) file /github/workspace/mnt/ozone/hadoop-ozone/integration-test/target/test-dir/MiniOzoneClusterImpl-cbb2177a-11db-4b99-8b47-fe15cf20b899/datanode-5/data/ratis/b52c5565-7abe-4bfe-9b1c-2f8836e60d5c/sm/snapshot.1_0
2020-09-24 01:55:06,476 [d59a1db7-8b20-4fe0-ae87-b395a7f2c928@group-F3B1B5F70853-StateMachineUpdater] INFO  ratis.ContainerStateMachine (ContainerStateMachine.java:takeSnapshot(293)) - group-F3B1B5F70853: Taking a snapshot at:(t:1, i:0) file /github/workspace/mnt/ozone/hadoop-ozone/integration-test/target/test-dir/MiniOzoneClusterImpl-cbb2177a-11db-4b99-8b47-fe15cf20b899/datanode-4/data/ratis/6dbb3e4c-ab38-4a1d-ad64-f3b1b5f70853/sm/snapshot.1_0
2020-09-24 01:55:06,477 [5712f1a9-18f2-4cab-a185-faf0697ed33e@group-2F8836E60D5C-StateMachineUpdater] INFO  ratis.ContainerStateMachine (ContainerStateMachine.java:takeSnapshot(304)) - group-2F8836E60D5C: Finished taking a snapshot at:(t:1, i:0) file:/github/workspace/mnt/ozone/hadoop-ozone/integration-test/target/test-dir/MiniOzoneClusterImpl-cbb2177a-11db-4b99-8b47-fe15cf20b899/datanode-5/data/ratis/b52c5565-7abe-4bfe-9b1c-2f8836e60d5c/sm/snapshot.1_0 time:2
2020-09-24 01:55:06,477 [d59a1db7-8b20-4fe0-ae87-b395a7f2c928@group-F3B1B5F70853-StateMachineUpdater] INFO  ratis.ContainerStateMachine (ContainerStateMachine.java:takeSnapshot(304)) - group-F3B1B5F70853: Finished taking a snapshot at:(t:1, i:0) file:/github/workspace/mnt/ozone/hadoop-ozone/integration-test/target/test-dir/MiniOzoneClusterImpl-cbb2177a-11db-4b99-8b47-fe15cf20b899/datanode-4/data/ratis/6dbb3e4c-ab38-4a1d-ad64-f3b1b5f70853/sm/snapshot.1_0 time:1
2020-09-24 01:55:06,477 [d59a1db7-8b20-4fe0-ae87-b395a7f2c928@group-F3B1B5F70853-StateMachineUpdater] INFO  impl.StateMachineUpdater (StateMachineUpdater.java:takeSnapshot(277)) - d59a1db7-8b20-4fe0-ae87-b395a7f2c928@group-F3B1B5F70853-StateMachineUpdater: Took a snapshot at index 0
2020-09-24 01:55:06,477 [d59a1db7-8b20-4fe0-ae87-b395a7f2c928@group-F3B1B5F70853-StateMachineUpdater] INFO  impl.StateMachineUpdater (StateMachineUpdater.java:lambda$new$0(87)) - d59a1db7-8b20-4fe0-ae87-b395a7f2c928@group-F3B1B5F70853-StateMachineUpdater: snapshotIndex: updateIncreasingly -1 -> 0
2020-09-24 01:55:06,477 [5712f1a9-18f2-4cab-a185-faf0697ed33e@group-2F8836E60D5C-StateMachineUpdater] INFO  impl.StateMachineUpdater (StateMachineUpdater.java:takeSnapshot(277)) - 5712f1a9-18f2-4cab-a185-faf0697ed33e@group-2F8836E60D5C-StateMachineUpdater: Took a snapshot at index 0
2020-09-24 01:55:06,477 [5712f1a9-18f2-4cab-a185-faf0697ed33e@group-2F8836E60D5C-StateMachineUpdater] INFO  impl.StateMachineUpdater (StateMachineUpdater.java:lambda$new$0(87)) - 5712f1a9-18f2-4cab-a185-faf0697ed33e@group-2F8836E60D5C-StateMachineUpdater: snapshotIndex: updateIncreasingly -1 -> 0
2020-09-24 01:55:06,624 [Thread-304] INFO  impl.FollowerState (FollowerState.java:run(108)) - 18c0de85-0867-48b2-8841-4fe3f9428ea9@group-EA3FB01F24C4-FollowerState: change to CANDIDATE, lastRpcTime:5040ms, electionTimeout:5037ms
2020-09-24 01:55:06,624 [Thread-304] INFO  impl.RoleInfo (RoleInfo.java:shutdownFollowerState(121)) - 18c0de85-0867-48b2-8841-4fe3f9428ea9: shutdown FollowerState
2020-09-24 01:55:06,624 [Thread-304] INFO  impl.RaftServerImpl (RaftServerImpl.java:setRole(186)) - 18c0de85-0867-48b2-8841-4fe3f9428ea9@group-EA3FB01F24C4: changes role from  FOLLOWER to CANDIDATE at term 0 for changeToCandidate
2020-09-24 01:55:06,624 [Thread-304] INFO  impl.RoleInfo (RoleInfo.java:updateAndGet(143)) - 18c0de85-0867-48b2-8841-4fe3f9428ea9: start LeaderElection
2020-09-24 01:55:06,637 [18c0de85-0867-48b2-8841-4fe3f9428ea9@group-EA3FB01F24C4-LeaderElection10] INFO  impl.LeaderElection (LeaderElection.java:askForVotes(210)) - 18c0de85-0867-48b2-8841-4fe3f9428ea9@group-EA3FB01F24C4-LeaderElection10: begin an election at term 1 for -1: [78015d65-121d-4994-9669-78a2c4afb989:172.17.0.2:37781:0, 18c0de85-0867-48b2-8841-4fe3f9428ea9:172.17.0.2:33989:0, c29e2c06-6c20-4bb4-83a6-e86bd9f7742c:172.17.0.2:43823:0], old=null
2020-09-24 01:55:06,691 [grpc-default-executor-1] INFO  impl.RaftServerImpl (RaftServerImpl.java:setRole(186)) - c29e2c06-6c20-4bb4-83a6-e86bd9f7742c@group-EA3FB01F24C4: changes role from  FOLLOWER to FOLLOWER at term 1 for recognizeCandidate:18c0de85-0867-48b2-8841-4fe3f9428ea9
2020-09-24 01:55:06,691 [grpc-default-executor-1] INFO  impl.RoleInfo (RoleInfo.java:shutdownFollowerState(121)) - c29e2c06-6c20-4bb4-83a6-e86bd9f7742c: shutdown FollowerState
2020-09-24 01:55:06,692 [grpc-default-executor-1] INFO  impl.RoleInfo (RoleInfo.java:updateAndGet(143)) - c29e2c06-6c20-4bb4-83a6-e86bd9f7742c: start FollowerState
2020-09-24 01:55:06,692 [Thread-312] INFO  impl.FollowerState (FollowerState.java:run(117)) - c29e2c06-6c20-4bb4-83a6-e86bd9f7742c@group-EA3FB01F24C4-FollowerState was interrupted: java.lang.InterruptedException: sleep interrupted
2020-09-24 01:55:06,692 [grpc-default-executor-2] INFO  impl.RaftServerImpl (RaftServerImpl.java:setRole(186)) - 78015d65-121d-4994-9669-78a2c4afb989@group-EA3FB01F24C4: changes role from  FOLLOWER to FOLLOWER at term 1 for recognizeCandidate:18c0de85-0867-48b2-8841-4fe3f9428ea9
2020-09-24 01:55:06,692 [grpc-default-executor-2] INFO  impl.RoleInfo (RoleInfo.java:shutdownFollowerState(121)) - 78015d65-121d-4994-9669-78a2c4afb989: shutdown FollowerState
2020-09-24 01:55:06,692 [grpc-default-executor-1] INFO  impl.RaftServerImpl (RaftServerImpl.java:requestVote(885)) -  FOLLOWER c29e2c06-6c20-4bb4-83a6-e86bd9f7742c@group-EA3FB01F24C4:t1, leader=null, voted=null, raftlog=c29e2c06-6c20-4bb4-83a6-e86bd9f7742c@group-EA3FB01F24C4-SegmentedRaftLog:OPENED:c-1,f-1,i0, conf=-1: [78015d65-121d-4994-9669-78a2c4afb989:172.17.0.2:37781:0, 18c0de85-0867-48b2-8841-4fe3f9428ea9:172.17.0.2:33989:0, c29e2c06-6c20-4bb4-83a6-e86bd9f7742c:172.17.0.2:43823:0], old=null RUNNING priority:0 candidate:18c0de85-0867-48b2-8841-4fe3f9428ea9:172.17.0.2:33989:0 candidatePriority:0 compare:0
2020-09-24 01:55:06,695 [Thread-306] INFO  impl.FollowerState (FollowerState.java:run(117)) - 78015d65-121d-4994-9669-78a2c4afb989@group-EA3FB01F24C4-FollowerState was interrupted: java.lang.InterruptedException: sleep interrupted
2020-09-24 01:55:06,700 [18c0de85-0867-48b2-8841-4fe3f9428ea9@group-EA3FB01F24C4-LeaderElection10] INFO  impl.LeaderElection (LeaderElection.java:logAndReturn(62)) - 18c0de85-0867-48b2-8841-4fe3f9428ea9@group-EA3FB01F24C4-LeaderElection10: Election PASSED; received 1 response(s) [18c0de85-0867-48b2-8841-4fe3f9428ea9<-c29e2c06-6c20-4bb4-83a6-e86bd9f7742c#0:OK-t1] and 0 exception(s); 18c0de85-0867-48b2-8841-4fe3f9428ea9@group-EA3FB01F24C4:t1, leader=null, voted=18c0de85-0867-48b2-8841-4fe3f9428ea9, raftlog=18c0de85-0867-48b2-8841-4fe3f9428ea9@group-EA3FB01F24C4-SegmentedRaftLog:OPENED:c-1,f-1,i0, conf=-1: [78015d65-121d-4994-9669-78a2c4afb989:172.17.0.2:37781:0, 18c0de85-0867-48b2-8841-4fe3f9428ea9:172.17.0.2:33989:0, c29e2c06-6c20-4bb4-83a6-e86bd9f7742c:172.17.0.2:43823:0], old=null
2020-09-24 01:55:06,700 [18c0de85-0867-48b2-8841-4fe3f9428ea9@group-EA3FB01F24C4-LeaderElection10] INFO  impl.RoleInfo (RoleInfo.java:shutdownLeaderElection(134)) - 18c0de85-0867-48b2-8841-4fe3f9428ea9: shutdown LeaderElection
2020-09-24 01:55:06,700 [18c0de85-0867-48b2-8841-4fe3f9428ea9@group-EA3FB01F24C4-LeaderElection10] INFO  impl.RaftServerImpl (RaftServerImpl.java:setRole(186)) - 18c0de85-0867-48b2-8841-4fe3f9428ea9@group-EA3FB01F24C4: changes role from CANDIDATE to LEADER at term 1 for changeToLeader
2020-09-24 01:55:06,700 [18c0de85-0867-48b2-8841-4fe3f9428ea9@group-EA3FB01F24C4-LeaderElection10] INFO  ratis.XceiverServerRatis (XceiverServerRatis.java:handleLeaderChangedNotification(822)) - Leader change notification received for group: group-EA3FB01F24C4 with new leaderId: 18c0de85-0867-48b2-8841-4fe3f9428ea9
2020-09-24 01:55:06,700 [18c0de85-0867-48b2-8841-4fe3f9428ea9@group-EA3FB01F24C4-LeaderElection10] INFO  impl.RaftServerImpl (ServerState.java:setLeader(255)) - 18c0de85-0867-48b2-8841-4fe3f9428ea9@group-EA3FB01F24C4: change Leader from null to 18c0de85-0867-48b2-8841-4fe3f9428ea9 at term 1 for becomeLeader, leader elected after 5125ms
2020-09-24 01:55:06,701 [18c0de85-0867-48b2-8841-4fe3f9428ea9@group-EA3FB01F24C4-LeaderElection10] INFO  server.RaftServerConfigKeys (ConfUtils.java:logGet(44)) - raft.server.staging.catchup.gap = 1000 (default)
2020-09-24 01:55:06,701 [18c0de85-0867-48b2-8841-4fe3f9428ea9@group-EA3FB01F24C4-LeaderElection10] INFO  server.RaftServerConfigKeys (ConfUtils.java:logGet(44)) - raft.server.rpc.sleep.time = 25ms (default)
2020-09-24 01:55:06,701 [18c0de85-0867-48b2-8841-4fe3f9428ea9@group-EA3FB01F24C4-LeaderElection10] INFO  metrics.RatisMetrics (RatisMetrics.java:lambda$create$0(36)) - Creating Metrics Registry : ratis.log_appender.18c0de85-0867-48b2-8841-4fe3f9428ea9@group-EA3FB01F24C4
2020-09-24 01:55:06,701 [18c0de85-0867-48b2-8841-4fe3f9428ea9@group-EA3FB01F24C4-LeaderElection10] INFO  server.RaftServerConfigKeys (ConfUtils.java:logGet(44)) - raft.server.write.element-limit = 1024 (custom)
2020-09-24 01:55:06,701 [18c0de85-0867-48b2-8841-4fe3f9428ea9@group-EA3FB01F24C4-LeaderElection10] INFO  server.RaftServerConfigKeys (ConfUtils.java:logGet(44)) - raft.server.write.byte-limit = 1073741824 (custom)
2020-09-24 01:55:06,701 [18c0de85-0867-48b2-8841-4fe3f9428ea9@group-EA3FB01F24C4-LeaderElection10] INFO  server.RaftServerConfigKeys (ConfUtils.java:logGet(44)) - raft.server.watch.timeout = 10000ms (default)
2020-09-24 01:55:06,701 [18c0de85-0867-48b2-8841-4fe3f9428ea9@group-EA3FB01F24C4-LeaderElection10] INFO  server.RaftServerConfigKeys (ConfUtils.java:logGet(44)) - raft.server.watch.timeout.denomination = 1s (default)
2020-09-24 01:55:06,701 [18c0de85-0867-48b2-8841-4fe3f9428ea9@group-EA3FB01F24C4-LeaderElection10] INFO  server.RaftServerConfigKeys (ConfUtils.java:logGet(44)) - raft.server.watch.element-limit = 65536 (default)
2020-09-24 01:55:06,701 [18c0de85-0867-48b2-8841-4fe3f9428ea9@group-EA3FB01F24C4-LeaderElection10] INFO  server.RaftServerConfigKeys (ConfUtils.java:logGet(44)) - raft.server.log.appender.snapshot.chunk.size.max = 16MB (=16777216) (default)
2020-09-24 01:55:06,702 [18c0de85-0867-48b2-8841-4fe3f9428ea9@group-EA3FB01F24C4-LeaderElection10] INFO  server.RaftServerConfigKeys (ConfUtils.java:logGet(44)) - raft.server.log.appender.buffer.byte-limit = 33554432 (custom)
2020-09-24 01:55:06,702 [18c0de85-0867-48b2-8841-4fe3f9428ea9@group-EA3FB01F24C4-LeaderElection10] INFO  server.RaftServerConfigKeys (ConfUtils.java:logGet(44)) - raft.server.log.appender.buffer.element-limit = 1 (custom)
2020-09-24 01:55:06,702 [18c0de85-0867-48b2-8841-4fe3f9428ea9@group-EA3FB01F24C4-LeaderElection10] INFO  grpc.GrpcConfigKeys (ConfUtils.java:logGet(44)) - raft.grpc.server.leader.outstanding.appends.max = 128 (default)
2020-09-24 01:55:06,702 [18c0de85-0867-48b2-8841-4fe3f9428ea9@group-EA3FB01F24C4-LeaderElection10] INFO  server.RaftServerConfigKeys (ConfUtils.java:logGet(44)) - raft.server.rpc.request.timeout = 3000ms (default)
2020-09-24 01:55:06,702 [18c0de85-0867-48b2-8841-4fe3f9428ea9@group-EA3FB01F24C4-LeaderElection10] INFO  server.RaftServerConfigKeys (ConfUtils.java:logGet(44)) - raft.server.log.appender.install.snapshot.enabled = false (custom)
2020-09-24 01:55:06,702 [18c0de85-0867-48b2-8841-4fe3f9428ea9@group-EA3FB01F24C4-LeaderElection10] INFO  metrics.RatisMetrics (RatisMetrics.java:lambda$create$0(36)) - Creating Metrics Registry : ratis_grpc.log_appender.18c0de85-0867-48b2-8841-4fe3f9428ea9@group-EA3FB01F24C4
2020-09-24 01:55:06,703 [EventQueue-PipelineReportForPipelineReportHandler] INFO  pipeline.PipelineStateManager (PipelineStateManager.java:openPipeline(131)) - Pipeline Pipeline[ Id: 2cfa25bd-e7db-4ab1-80d0-ea3fb01f24c4, Nodes: 78015d65-121d-4994-9669-78a2c4afb989{ip: 172.17.0.2, host: 25c36af82c1d, networkLocation: /default-rack, certSerialId: null}18c0de85-0867-48b2-8841-4fe3f9428ea9{ip: 172.17.0.2, host: 25c36af82c1d, networkLocation: /default-rack, certSerialId: null}c29e2c06-6c20-4bb4-83a6-e86bd9f7742c{ip: 172.17.0.2, host: 25c36af82c1d, networkLocation: /default-rack, certSerialId: null}, Type:RATIS, Factor:THREE, State:ALLOCATED, leaderId:18c0de85-0867-48b2-8841-4fe3f9428ea9, CreationTimestamp2020-09-24T01:54:58.934Z] moved to OPEN state
2020-09-24 01:55:06,703 [18c0de85-0867-48b2-8841-4fe3f9428ea9@group-EA3FB01F24C4-LeaderElection10] INFO  server.RaftServerConfigKeys (ConfUtils.java:logGet(44)) - raft.server.log.appender.snapshot.chunk.size.max = 16MB (=16777216) (default)
2020-09-24 01:55:06,704 [grpc-default-executor-2] INFO  impl.RoleInfo (RoleInfo.java:updateAndGet(143)) - 78015d65-121d-4994-9669-78a2c4afb989: start FollowerState
2020-09-24 01:55:06,704 [18c0de85-0867-48b2-8841-4fe3f9428ea9@group-EA3FB01F24C4-LeaderElection10] INFO  server.RaftServerConfigKeys (ConfUtils.java:logGet(44)) - raft.server.log.appender.buffer.byte-limit = 33554432 (custom)
2020-09-24 01:55:06,705 [18c0de85-0867-48b2-8841-4fe3f9428ea9@group-EA3FB01F24C4-LeaderElection10] INFO  server.RaftServerConfigKeys (ConfUtils.java:logGet(44)) - raft.server.log.appender.buffer.element-limit = 1 (custom)
2020-09-24 01:55:06,707 [grpc-default-executor-2] INFO  impl.RaftServerImpl (RaftServerImpl.java:requestVote(885)) -  FOLLOWER 78015d65-121d-4994-9669-78a2c4afb989@group-EA3FB01F24C4:t1, leader=null, voted=null, raftlog=78015d65-121d-4994-9669-78a2c4afb989@group-EA3FB01F24C4-SegmentedRaftLog:OPENED:c-1,f-1,i0, conf=-1: [78015d65-121d-4994-9669-78a2c4afb989:172.17.0.2:37781:0, 18c0de85-0867-48b2-8841-4fe3f9428ea9:172.17.0.2:33989:0, c29e2c06-6c20-4bb4-83a6-e86bd9f7742c:172.17.0.2:43823:0], old=null RUNNING priority:0 candidate:18c0de85-0867-48b2-8841-4fe3f9428ea9:172.17.0.2:33989:0 candidatePriority:0 compare:0
2020-09-24 01:55:06,708 [18c0de85-0867-48b2-8841-4fe3f9428ea9@group-EA3FB01F24C4-LeaderElection10] INFO  grpc.GrpcConfigKeys (ConfUtils.java:logGet(44)) - raft.grpc.server.leader.outstanding.appends.max = 128 (default)
2020-09-24 01:55:06,708 [18c0de85-0867-48b2-8841-4fe3f9428ea9@group-EA3FB01F24C4-LeaderElection10] INFO  server.RaftServerConfigKeys (ConfUtils.java:logGet(44)) - raft.server.rpc.request.timeout = 3000ms (default)
2020-09-24 01:55:06,708 [18c0de85-0867-48b2-8841-4fe3f9428ea9@group-EA3FB01F24C4-LeaderElection10] INFO  server.RaftServerConfigKeys (ConfUtils.java:logGet(44)) - raft.server.log.appender.install.snapshot.enabled = false (custom)
2020-09-24 01:55:06,712 [18c0de85-0867-48b2-8841-4fe3f9428ea9@group-EA3FB01F24C4-LeaderElection10] INFO  impl.RoleInfo (RoleInfo.java:updateAndGet(143)) - 18c0de85-0867-48b2-8841-4fe3f9428ea9: start LeaderState
2020-09-24 01:55:06,712 [18c0de85-0867-48b2-8841-4fe3f9428ea9@group-EA3FB01F24C4-LeaderElection10] INFO  segmented.SegmentedRaftLogWorker (SegmentedRaftLogWorker.java:startLogSegment(397)) - 18c0de85-0867-48b2-8841-4fe3f9428ea9@group-EA3FB01F24C4-SegmentedRaftLogWorker: Starting segment from index:0
2020-09-24 01:55:06,713 [18c0de85-0867-48b2-8841-4fe3f9428ea9@group-EA3FB01F24C4-SegmentedRaftLogWorker] INFO  segmented.SegmentedRaftLogWorker (SegmentedRaftLogWorker.java:execute(596)) - 18c0de85-0867-48b2-8841-4fe3f9428ea9@group-EA3FB01F24C4-SegmentedRaftLogWorker: created new log segment /github/workspace/mnt/ozone/hadoop-ozone/integration-test/target/test-dir/MiniOzoneClusterImpl-cbb2177a-11db-4b99-8b47-fe15cf20b899/datanode-6/data/ratis/2cfa25bd-e7db-4ab1-80d0-ea3fb01f24c4/current/log_inprogress_0
2020-09-24 01:55:06,719 [Thread-302] INFO  impl.FollowerState (FollowerState.java:run(108)) - 18c0de85-0867-48b2-8841-4fe3f9428ea9@group-AEBFDB85B136-FollowerState: change to CANDIDATE, lastRpcTime:5155ms, electionTimeout:5151ms
2020-09-24 01:55:06,719 [Thread-302] INFO  impl.RoleInfo (RoleInfo.java:shutdownFollowerState(121)) - 18c0de85-0867-48b2-8841-4fe3f9428ea9: shutdown FollowerState
2020-09-24 01:55:06,719 [Thread-302] INFO  impl.RaftServerImpl (RaftServerImpl.java:setRole(186)) - 18c0de85-0867-48b2-8841-4fe3f9428ea9@group-AEBFDB85B136: changes role from  FOLLOWER to CANDIDATE at term 0 for changeToCandidate
2020-09-24 01:55:06,724 [18c0de85-0867-48b2-8841-4fe3f9428ea9@group-EA3FB01F24C4-LeaderElection10] INFO  impl.RaftServerImpl (ServerState.java:setRaftConf(373)) - 18c0de85-0867-48b2-8841-4fe3f9428ea9@group-EA3FB01F24C4: set configuration 0: [78015d65-121d-4994-9669-78a2c4afb989:172.17.0.2:37781:0, 18c0de85-0867-48b2-8841-4fe3f9428ea9:172.17.0.2:33989:0, c29e2c06-6c20-4bb4-83a6-e86bd9f7742c:172.17.0.2:43823:0], old=null at 0
2020-09-24 01:55:06,724 [Thread-302] INFO  impl.RoleInfo (RoleInfo.java:updateAndGet(143)) - 18c0de85-0867-48b2-8841-4fe3f9428ea9: start LeaderElection
2020-09-24 01:55:06,735 [18c0de85-0867-48b2-8841-4fe3f9428ea9@group-EA3FB01F24C4-StateMachineUpdater] INFO  ratis.ContainerStateMachine (ContainerStateMachine.java:takeSnapshot(293)) - group-EA3FB01F24C4: Taking a snapshot at:(t:1, i:0) file /github/workspace/mnt/ozone/hadoop-ozone/integration-test/target/test-dir/MiniOzoneClusterImpl-cbb2177a-11db-4b99-8b47-fe15cf20b899/datanode-6/data/ratis/2cfa25bd-e7db-4ab1-80d0-ea3fb01f24c4/sm/snapshot.1_0
2020-09-24 01:55:06,735 [18c0de85-0867-48b2-8841-4fe3f9428ea9@group-EA3FB01F24C4-StateMachineUpdater] INFO  ratis.ContainerStateMachine (ContainerStateMachine.java:takeSnapshot(304)) - group-EA3FB01F24C4: Finished taking a snapshot at:(t:1, i:0) file:/github/workspace/mnt/ozone/hadoop-ozone/integration-test/target/test-dir/MiniOzoneClusterImpl-cbb2177a-11db-4b99-8b47-fe15cf20b899/datanode-6/data/ratis/2cfa25bd-e7db-4ab1-80d0-ea3fb01f24c4/sm/snapshot.1_0 time:0
2020-09-24 01:55:06,735 [18c0de85-0867-48b2-8841-4fe3f9428ea9@group-EA3FB01F24C4-StateMachineUpdater] INFO  impl.StateMachineUpdater (StateMachineUpdater.java:takeSnapshot(277)) - 18c0de85-0867-48b2-8841-4fe3f9428ea9@group-EA3FB01F24C4-StateMachineUpdater: Took a snapshot at index 0
2020-09-24 01:55:06,735 [18c0de85-0867-48b2-8841-4fe3f9428ea9@group-EA3FB01F24C4-StateMachineUpdater] INFO  impl.StateMachineUpdater (StateMachineUpdater.java:lambda$new$0(87)) - 18c0de85-0867-48b2-8841-4fe3f9428ea9@group-EA3FB01F24C4-StateMachineUpdater: snapshotIndex: updateIncreasingly -1 -> 0
2020-09-24 01:55:06,737 [18c0de85-0867-48b2-8841-4fe3f9428ea9@group-AEBFDB85B136-LeaderElection11] INFO  impl.LeaderElection (LeaderElection.java:askForVotes(210)) - 18c0de85-0867-48b2-8841-4fe3f9428ea9@group-AEBFDB85B136-LeaderElection11: begin an election at term 1 for -1: [18c0de85-0867-48b2-8841-4fe3f9428ea9:172.17.0.2:33989:0], old=null
2020-09-24 01:55:06,738 [18c0de85-0867-48b2-8841-4fe3f9428ea9@group-AEBFDB85B136-LeaderElection11] INFO  impl.RoleInfo (RoleInfo.java:shutdownLeaderElection(134)) - 18c0de85-0867-48b2-8841-4fe3f9428ea9: shutdown LeaderElection
2020-09-24 01:55:06,738 [18c0de85-0867-48b2-8841-4fe3f9428ea9@group-AEBFDB85B136-LeaderElection11] INFO  impl.RaftServerImpl (RaftServerImpl.java:setRole(186)) - 18c0de85-0867-48b2-8841-4fe3f9428ea9@group-AEBFDB85B136: changes role from CANDIDATE to LEADER at term 1 for changeToLeader
2020-09-24 01:55:06,738 [18c0de85-0867-48b2-8841-4fe3f9428ea9@group-AEBFDB85B136-LeaderElection11] INFO  ratis.XceiverServerRatis (XceiverServerRatis.java:handleLeaderChangedNotification(822)) - Leader change notification received for group: group-AEBFDB85B136 with new leaderId: 18c0de85-0867-48b2-8841-4fe3f9428ea9
2020-09-24 01:55:06,738 [grpc-default-executor-1] INFO  ratis.XceiverServerRatis (XceiverServerRatis.java:handleLeaderChangedNotification(822)) - Leader change notification received for group: group-EA3FB01F24C4 with new leaderId: 18c0de85-0867-48b2-8841-4fe3f9428ea9
2020-09-24 01:55:06,738 [grpc-default-executor-1] INFO  impl.RaftServerImpl (ServerState.java:setLeader(255)) - c29e2c06-6c20-4bb4-83a6-e86bd9f7742c@group-EA3FB01F24C4: change Leader from null to 18c0de85-0867-48b2-8841-4fe3f9428ea9 at term 1 for appendEntries, leader elected after 4882ms
2020-09-24 01:55:06,740 [grpc-default-executor-2] INFO  ratis.XceiverServerRatis (XceiverServerRatis.java:handleLeaderChangedNotification(822)) - Leader change notification received for group: group-EA3FB01F24C4 with new leaderId: 18c0de85-0867-48b2-8841-4fe3f9428ea9
2020-09-24 01:55:06,741 [grpc-default-executor-2] INFO  impl.RaftServerImpl (ServerState.java:setLeader(255)) - 78015d65-121d-4994-9669-78a2c4afb989@group-EA3FB01F24C4: change Leader from null to 18c0de85-0867-48b2-8841-4fe3f9428ea9 at term 1 for appendEntries, leader elected after 4935ms
2020-09-24 01:55:06,744 [18c0de85-0867-48b2-8841-4fe3f9428ea9@group-AEBFDB85B136-LeaderElection11] INFO  impl.RaftServerImpl (ServerState.java:setLeader(255)) - 18c0de85-0867-48b2-8841-4fe3f9428ea9@group-AEBFDB85B136: change Leader from null to 18c0de85-0867-48b2-8841-4fe3f9428ea9 at term 1 for becomeLeader, leader elected after 5184ms
2020-09-24 01:55:06,744 [18c0de85-0867-48b2-8841-4fe3f9428ea9@group-AEBFDB85B136-LeaderElection11] INFO  server.RaftServerConfigKeys (ConfUtils.java:logGet(44)) - raft.server.staging.catchup.gap = 1000 (default)
2020-09-24 01:55:06,744 [18c0de85-0867-48b2-8841-4fe3f9428ea9@group-AEBFDB85B136-LeaderElection11] INFO  server.RaftServerConfigKeys (ConfUtils.java:logGet(44)) - raft.server.rpc.sleep.time = 25ms (default)
2020-09-24 01:55:06,745 [grpc-default-executor-2] INFO  impl.RaftServerImpl (ServerState.java:setRaftConf(373)) - 78015d65-121d-4994-9669-78a2c4afb989@group-EA3FB01F24C4: set configuration 0: [78015d65-121d-4994-9669-78a2c4afb989:172.17.0.2:37781:0, 18c0de85-0867-48b2-8841-4fe3f9428ea9:172.17.0.2:33989:0, c29e2c06-6c20-4bb4-83a6-e86bd9f7742c:172.17.0.2:43823:0], old=null at 0
2020-09-24 01:55:06,745 [grpc-default-executor-2] INFO  segmented.SegmentedRaftLogWorker (SegmentedRaftLogWorker.java:startLogSegment(397)) - 78015d65-121d-4994-9669-78a2c4afb989@group-EA3FB01F24C4-SegmentedRaftLogWorker: Starting segment from index:0
2020-09-24 01:55:06,751 [18c0de85-0867-48b2-8841-4fe3f9428ea9@group-AEBFDB85B136-LeaderElection11] INFO  metrics.RatisMetrics (RatisMetrics.java:lambda$create$0(36)) - Creating Metrics Registry : ratis.log_appender.18c0de85-0867-48b2-8841-4fe3f9428ea9@group-AEBFDB85B136
2020-09-24 01:55:06,757 [18c0de85-0867-48b2-8841-4fe3f9428ea9@group-AEBFDB85B136-LeaderElection11] INFO  server.RaftServerConfigKeys (ConfUtils.java:logGet(44)) - raft.server.write.element-limit = 1024 (custom)
2020-09-24 01:55:06,757 [18c0de85-0867-48b2-8841-4fe3f9428ea9@group-AEBFDB85B136-LeaderElection11] INFO  server.RaftServerConfigKeys (ConfUtils.java:logGet(44)) - raft.server.write.byte-limit = 1073741824 (custom)
2020-09-24 01:55:06,760 [78015d65-121d-4994-9669-78a2c4afb989@group-EA3FB01F24C4-SegmentedRaftLogWorker] INFO  segmented.SegmentedRaftLogWorker (SegmentedRaftLogWorker.java:execute(596)) - 78015d65-121d-4994-9669-78a2c4afb989@group-EA3FB01F24C4-SegmentedRaftLogWorker: created new log segment /github/workspace/mnt/ozone/hadoop-ozone/integration-test/target/test-dir/MiniOzoneClusterImpl-cbb2177a-11db-4b99-8b47-fe15cf20b899/datanode-8/data/ratis/2cfa25bd-e7db-4ab1-80d0-ea3fb01f24c4/current/log_inprogress_0
2020-09-24 01:55:06,761 [grpc-default-executor-1] INFO  impl.RaftServerImpl (ServerState.java:setRaftConf(373)) - c29e2c06-6c20-4bb4-83a6-e86bd9f7742c@group-EA3FB01F24C4: set configuration 0: [78015d65-121d-4994-9669-78a2c4afb989:172.17.0.2:37781:0, 18c0de85-0867-48b2-8841-4fe3f9428ea9:172.17.0.2:33989:0, c29e2c06-6c20-4bb4-83a6-e86bd9f7742c:172.17.0.2:43823:0], old=null at 0
2020-09-24 01:55:06,762 [grpc-default-executor-1] INFO  segmented.SegmentedRaftLogWorker (SegmentedRaftLogWorker.java:startLogSegment(397)) - c29e2c06-6c20-4bb4-83a6-e86bd9f7742c@group-EA3FB01F24C4-SegmentedRaftLogWorker: Starting segment from index:0
2020-09-24 01:55:06,767 [18c0de85-0867-48b2-8841-4fe3f9428ea9@group-AEBFDB85B136-LeaderElection11] INFO  server.RaftServerConfigKeys (ConfUtils.java:logGet(44)) - raft.server.watch.timeout = 10000ms (default)
2020-09-24 01:55:06,767 [18c0de85-0867-48b2-8841-4fe3f9428ea9@group-AEBFDB85B136-LeaderElection11] INFO  server.RaftServerConfigKeys (ConfUtils.java:logGet(44)) - raft.server.watch.timeout.denomination = 1s (default)
2020-09-24 01:55:06,767 [18c0de85-0867-48b2-8841-4fe3f9428ea9@group-AEBFDB85B136-LeaderElection11] INFO  server.RaftServerConfigKeys (ConfUtils.java:logGet(44)) - raft.server.watch.element-limit = 65536 (default)
2020-09-24 01:55:06,767 [c29e2c06-6c20-4bb4-83a6-e86bd9f7742c@group-EA3FB01F24C4-SegmentedRaftLogWorker] INFO  segmented.SegmentedRaftLogWorker (SegmentedRaftLogWorker.java:execute(596)) - c29e2c06-6c20-4bb4-83a6-e86bd9f7742c@group-EA3FB01F24C4-SegmentedRaftLogWorker: created new log segment /github/workspace/mnt/ozone/hadoop-ozone/integration-test/target/test-dir/MiniOzoneClusterImpl-cbb2177a-11db-4b99-8b47-fe15cf20b899/datanode-7/data/ratis/2cfa25bd-e7db-4ab1-80d0-ea3fb01f24c4/current/log_inprogress_0
2020-09-24 01:55:06,767 [18c0de85-0867-48b2-8841-4fe3f9428ea9@group-AEBFDB85B136-LeaderElection11] INFO  impl.RoleInfo (RoleInfo.java:updateAndGet(143)) - 18c0de85-0867-48b2-8841-4fe3f9428ea9: start LeaderState
2020-09-24 01:55:06,768 [18c0de85-0867-48b2-8841-4fe3f9428ea9@group-AEBFDB85B136-LeaderElection11] INFO  segmented.SegmentedRaftLogWorker (SegmentedRaftLogWorker.java:startLogSegment(397)) - 18c0de85-0867-48b2-8841-4fe3f9428ea9@group-AEBFDB85B136-SegmentedRaftLogWorker: Starting segment from index:0
2020-09-24 01:55:06,776 [18c0de85-0867-48b2-8841-4fe3f9428ea9@group-AEBFDB85B136-SegmentedRaftLogWorker] INFO  segmented.SegmentedRaftLogWorker (SegmentedRaftLogWorker.java:execute(596)) - 18c0de85-0867-48b2-8841-4fe3f9428ea9@group-AEBFDB85B136-SegmentedRaftLogWorker: created new log segment /github/workspace/mnt/ozone/hadoop-ozone/integration-test/target/test-dir/MiniOzoneClusterImpl-cbb2177a-11db-4b99-8b47-fe15cf20b899/datanode-6/data/ratis/16f764bd-e9ec-4b86-9c5a-aebfdb85b136/current/log_inprogress_0
2020-09-24 01:55:06,777 [78015d65-121d-4994-9669-78a2c4afb989@group-EA3FB01F24C4-StateMachineUpdater] INFO  ratis.ContainerStateMachine (ContainerStateMachine.java:takeSnapshot(293)) - group-EA3FB01F24C4: Taking a snapshot at:(t:1, i:0) file /github/workspace/mnt/ozone/hadoop-ozone/integration-test/target/test-dir/MiniOzoneClusterImpl-cbb2177a-11db-4b99-8b47-fe15cf20b899/datanode-8/data/ratis/2cfa25bd-e7db-4ab1-80d0-ea3fb01f24c4/sm/snapshot.1_0
2020-09-24 01:55:06,778 [78015d65-121d-4994-9669-78a2c4afb989@group-EA3FB01F24C4-StateMachineUpdater] INFO  ratis.ContainerStateMachine (ContainerStateMachine.java:takeSnapshot(304)) - group-EA3FB01F24C4: Finished taking a snapshot at:(t:1, i:0) file:/github/workspace/mnt/ozone/hadoop-ozone/integration-test/target/test-dir/MiniOzoneClusterImpl-cbb2177a-11db-4b99-8b47-fe15cf20b899/datanode-8/data/ratis/2cfa25bd-e7db-4ab1-80d0-ea3fb01f24c4/sm/snapshot.1_0 time:1
2020-09-24 01:55:06,778 [78015d65-121d-4994-9669-78a2c4afb989@group-EA3FB01F24C4-StateMachineUpdater] INFO  impl.StateMachineUpdater (StateMachineUpdater.java:takeSnapshot(277)) - 78015d65-121d-4994-9669-78a2c4afb989@group-EA3FB01F24C4-StateMachineUpdater: Took a snapshot at index 0
2020-09-24 01:55:06,778 [78015d65-121d-4994-9669-78a2c4afb989@group-EA3FB01F24C4-StateMachineUpdater] INFO  impl.StateMachineUpdater (StateMachineUpdater.java:lambda$new$0(87)) - 78015d65-121d-4994-9669-78a2c4afb989@group-EA3FB01F24C4-StateMachineUpdater: snapshotIndex: updateIncreasingly -1 -> 0
2020-09-24 01:55:06,780 [c29e2c06-6c20-4bb4-83a6-e86bd9f7742c@group-EA3FB01F24C4-StateMachineUpdater] INFO  ratis.ContainerStateMachine (ContainerStateMachine.java:takeSnapshot(293)) - group-EA3FB01F24C4: Taking a snapshot at:(t:1, i:0) file /github/workspace/mnt/ozone/hadoop-ozone/integration-test/target/test-dir/MiniOzoneClusterImpl-cbb2177a-11db-4b99-8b47-fe15cf20b899/datanode-7/data/ratis/2cfa25bd-e7db-4ab1-80d0-ea3fb01f24c4/sm/snapshot.1_0
2020-09-24 01:55:06,781 [c29e2c06-6c20-4bb4-83a6-e86bd9f7742c@group-EA3FB01F24C4-StateMachineUpdater] INFO  ratis.ContainerStateMachine (ContainerStateMachine.java:takeSnapshot(304)) - group-EA3FB01F24C4: Finished taking a snapshot at:(t:1, i:0) file:/github/workspace/mnt/ozone/hadoop-ozone/integration-test/target/test-dir/MiniOzoneClusterImpl-cbb2177a-11db-4b99-8b47-fe15cf20b899/datanode-7/data/ratis/2cfa25bd-e7db-4ab1-80d0-ea3fb01f24c4/sm/snapshot.1_0 time:1
2020-09-24 01:55:06,781 [c29e2c06-6c20-4bb4-83a6-e86bd9f7742c@group-EA3FB01F24C4-StateMachineUpdater] INFO  impl.StateMachineUpdater (StateMachineUpdater.java:takeSnapshot(277)) - c29e2c06-6c20-4bb4-83a6-e86bd9f7742c@group-EA3FB01F24C4-StateMachineUpdater: Took a snapshot at index 0
2020-09-24 01:55:06,781 [c29e2c06-6c20-4bb4-83a6-e86bd9f7742c@group-EA3FB01F24C4-StateMachineUpdater] INFO  impl.StateMachineUpdater (StateMachineUpdater.java:lambda$new$0(87)) - c29e2c06-6c20-4bb4-83a6-e86bd9f7742c@group-EA3FB01F24C4-StateMachineUpdater: snapshotIndex: updateIncreasingly -1 -> 0
2020-09-24 01:55:06,789 [18c0de85-0867-48b2-8841-4fe3f9428ea9@group-AEBFDB85B136-LeaderElection11] INFO  impl.RaftServerImpl (ServerState.java:setRaftConf(373)) - 18c0de85-0867-48b2-8841-4fe3f9428ea9@group-AEBFDB85B136: set configuration 0: [18c0de85-0867-48b2-8841-4fe3f9428ea9:172.17.0.2:33989:0], old=null at 0
2020-09-24 01:55:06,802 [18c0de85-0867-48b2-8841-4fe3f9428ea9@group-AEBFDB85B136-StateMachineUpdater] INFO  ratis.ContainerStateMachine (ContainerStateMachine.java:takeSnapshot(293)) - group-AEBFDB85B136: Taking a snapshot at:(t:1, i:0) file /github/workspace/mnt/ozone/hadoop-ozone/integration-test/target/test-dir/MiniOzoneClusterImpl-cbb2177a-11db-4b99-8b47-fe15cf20b899/datanode-6/data/ratis/16f764bd-e9ec-4b86-9c5a-aebfdb85b136/sm/snapshot.1_0
2020-09-24 01:55:06,802 [18c0de85-0867-48b2-8841-4fe3f9428ea9@group-AEBFDB85B136-StateMachineUpdater] INFO  ratis.ContainerStateMachine (ContainerStateMachine.java:takeSnapshot(304)) - group-AEBFDB85B136: Finished taking a snapshot at:(t:1, i:0) file:/github/workspace/mnt/ozone/hadoop-ozone/integration-test/target/test-dir/MiniOzoneClusterImpl-cbb2177a-11db-4b99-8b47-fe15cf20b899/datanode-6/data/ratis/16f764bd-e9ec-4b86-9c5a-aebfdb85b136/sm/snapshot.1_0 time:1
2020-09-24 01:55:06,803 [18c0de85-0867-48b2-8841-4fe3f9428ea9@group-AEBFDB85B136-StateMachineUpdater] INFO  impl.StateMachineUpdater (StateMachineUpdater.java:takeSnapshot(277)) - 18c0de85-0867-48b2-8841-4fe3f9428ea9@group-AEBFDB85B136-StateMachineUpdater: Took a snapshot at index 0
2020-09-24 01:55:06,803 [18c0de85-0867-48b2-8841-4fe3f9428ea9@group-AEBFDB85B136-StateMachineUpdater] INFO  impl.StateMachineUpdater (StateMachineUpdater.java:lambda$new$0(87)) - 18c0de85-0867-48b2-8841-4fe3f9428ea9@group-AEBFDB85B136-StateMachineUpdater: snapshotIndex: updateIncreasingly -1 -> 0
2020-09-24 01:55:06,845 [Listener at 127.0.0.1/33927] INFO  rpc.RpcClient (RpcClient.java:createVolume(319)) - Creating Volume: testcontainerstatemachinefailures, with jenkins1001 as owner.
2020-09-24 01:55:06,921 [IPC Server handler 1 on default port 33927] INFO  volume.OMVolumeCreateRequest (OMVolumeCreateRequest.java:validateAndUpdateCache(195)) - created volume:testcontainerstatemachinefailures for user:jenkins1001
2020-09-24 01:55:06,926 [Thread-309] INFO  impl.FollowerState (FollowerState.java:run(108)) - c29e2c06-6c20-4bb4-83a6-e86bd9f7742c@group-3D8CE10A4A6C-FollowerState: change to CANDIDATE, lastRpcTime:5085ms, electionTimeout:5075ms
2020-09-24 01:55:06,926 [Thread-309] INFO  impl.RoleInfo (RoleInfo.java:shutdownFollowerState(121)) - c29e2c06-6c20-4bb4-83a6-e86bd9f7742c: shutdown FollowerState
2020-09-24 01:55:06,926 [Thread-309] INFO  impl.RaftServerImpl (RaftServerImpl.java:setRole(186)) - c29e2c06-6c20-4bb4-83a6-e86bd9f7742c@group-3D8CE10A4A6C: changes role from  FOLLOWER to CANDIDATE at term 0 for changeToCandidate
2020-09-24 01:55:06,926 [Thread-309] INFO  impl.RoleInfo (RoleInfo.java:updateAndGet(143)) - c29e2c06-6c20-4bb4-83a6-e86bd9f7742c: start LeaderElection
2020-09-24 01:55:06,937 [c29e2c06-6c20-4bb4-83a6-e86bd9f7742c@group-3D8CE10A4A6C-LeaderElection12] INFO  impl.LeaderElection (LeaderElection.java:askForVotes(210)) - c29e2c06-6c20-4bb4-83a6-e86bd9f7742c@group-3D8CE10A4A6C-LeaderElection12: begin an election at term 1 for -1: [c29e2c06-6c20-4bb4-83a6-e86bd9f7742c:172.17.0.2:43823:0], old=null
2020-09-24 01:55:06,937 [c29e2c06-6c20-4bb4-83a6-e86bd9f7742c@group-3D8CE10A4A6C-LeaderElection12] INFO  impl.RoleInfo (RoleInfo.java:shutdownLeaderElection(134)) - c29e2c06-6c20-4bb4-83a6-e86bd9f7742c: shutdown LeaderElection
2020-09-24 01:55:06,937 [c29e2c06-6c20-4bb4-83a6-e86bd9f7742c@group-3D8CE10A4A6C-LeaderElection12] INFO  impl.RaftServerImpl (RaftServerImpl.java:setRole(186)) - c29e2c06-6c20-4bb4-83a6-e86bd9f7742c@group-3D8CE10A4A6C: changes role from CANDIDATE to LEADER at term 1 for changeToLeader
2020-09-24 01:55:06,937 [c29e2c06-6c20-4bb4-83a6-e86bd9f7742c@group-3D8CE10A4A6C-LeaderElection12] INFO  ratis.XceiverServerRatis (XceiverServerRatis.java:handleLeaderChangedNotification(822)) - Leader change notification received for group: group-3D8CE10A4A6C with new leaderId: c29e2c06-6c20-4bb4-83a6-e86bd9f7742c
2020-09-24 01:55:06,937 [c29e2c06-6c20-4bb4-83a6-e86bd9f7742c@group-3D8CE10A4A6C-LeaderElection12] INFO  impl.RaftServerImpl (ServerState.java:setLeader(255)) - c29e2c06-6c20-4bb4-83a6-e86bd9f7742c@group-3D8CE10A4A6C: change Leader from null to c29e2c06-6c20-4bb4-83a6-e86bd9f7742c at term 1 for becomeLeader, leader elected after 5116ms
2020-09-24 01:55:06,938 [c29e2c06-6c20-4bb4-83a6-e86bd9f7742c@group-3D8CE10A4A6C-LeaderElection12] INFO  server.RaftServerConfigKeys (ConfUtils.java:logGet(44)) - raft.server.staging.catchup.gap = 1000 (default)
2020-09-24 01:55:06,938 [c29e2c06-6c20-4bb4-83a6-e86bd9f7742c@group-3D8CE10A4A6C-LeaderElection12] INFO  server.RaftServerConfigKeys (ConfUtils.java:logGet(44)) - raft.server.rpc.sleep.time = 25ms (default)
2020-09-24 01:55:06,944 [Listener at 127.0.0.1/33927] INFO  rpc.RpcClient (RpcClient.java:createBucket(475)) - Creating Bucket: testcontainerstatemachinefailures/testcontainerstatemachinefailures, with Versioning false and Storage Type set to DISK and Encryption set to false 
2020-09-24 01:55:06,944 [c29e2c06-6c20-4bb4-83a6-e86bd9f7742c@group-3D8CE10A4A6C-LeaderElection12] INFO  metrics.RatisMetrics (RatisMetrics.java:lambda$create$0(36)) - Creating Metrics Registry : ratis.log_appender.c29e2c06-6c20-4bb4-83a6-e86bd9f7742c@group-3D8CE10A4A6C
2020-09-24 01:55:06,945 [c29e2c06-6c20-4bb4-83a6-e86bd9f7742c@group-3D8CE10A4A6C-LeaderElection12] INFO  server.RaftServerConfigKeys (ConfUtils.java:logGet(44)) - raft.server.write.element-limit = 1024 (custom)
2020-09-24 01:55:06,945 [c29e2c06-6c20-4bb4-83a6-e86bd9f7742c@group-3D8CE10A4A6C-LeaderElection12] INFO  server.RaftServerConfigKeys (ConfUtils.java:logGet(44)) - raft.server.write.byte-limit = 1073741824 (custom)
2020-09-24 01:55:06,945 [c29e2c06-6c20-4bb4-83a6-e86bd9f7742c@group-3D8CE10A4A6C-LeaderElection12] INFO  server.RaftServerConfigKeys (ConfUtils.java:logGet(44)) - raft.server.watch.timeout = 10000ms (default)
2020-09-24 01:55:06,946 [c29e2c06-6c20-4bb4-83a6-e86bd9f7742c@group-3D8CE10A4A6C-LeaderElection12] INFO  server.RaftServerConfigKeys (ConfUtils.java:logGet(44)) - raft.server.watch.timeout.denomination = 1s (default)
2020-09-24 01:55:06,946 [c29e2c06-6c20-4bb4-83a6-e86bd9f7742c@group-3D8CE10A4A6C-LeaderElection12] INFO  server.RaftServerConfigKeys (ConfUtils.java:logGet(44)) - raft.server.watch.element-limit = 65536 (default)
2020-09-24 01:55:06,946 [c29e2c06-6c20-4bb4-83a6-e86bd9f7742c@group-3D8CE10A4A6C-LeaderElection12] INFO  impl.RoleInfo (RoleInfo.java:updateAndGet(143)) - c29e2c06-6c20-4bb4-83a6-e86bd9f7742c: start LeaderState
2020-09-24 01:55:06,974 [c29e2c06-6c20-4bb4-83a6-e86bd9f7742c@group-3D8CE10A4A6C-LeaderElection12] INFO  segmented.SegmentedRaftLogWorker (SegmentedRaftLogWorker.java:startLogSegment(397)) - c29e2c06-6c20-4bb4-83a6-e86bd9f7742c@group-3D8CE10A4A6C-SegmentedRaftLogWorker: Starting segment from index:0
2020-09-24 01:55:06,976 [c29e2c06-6c20-4bb4-83a6-e86bd9f7742c@group-3D8CE10A4A6C-SegmentedRaftLogWorker] INFO  segmented.SegmentedRaftLogWorker (SegmentedRaftLogWorker.java:execute(596)) - c29e2c06-6c20-4bb4-83a6-e86bd9f7742c@group-3D8CE10A4A6C-SegmentedRaftLogWorker: created new log segment /github/workspace/mnt/ozone/hadoop-ozone/integration-test/target/test-dir/MiniOzoneClusterImpl-cbb2177a-11db-4b99-8b47-fe15cf20b899/datanode-7/data/ratis/ddebc122-42b6-4992-bd34-3d8ce10a4a6c/current/log_inprogress_0
2020-09-24 01:55:06,977 [c29e2c06-6c20-4bb4-83a6-e86bd9f7742c@group-3D8CE10A4A6C-LeaderElection12] INFO  impl.RaftServerImpl (ServerState.java:setRaftConf(373)) - c29e2c06-6c20-4bb4-83a6-e86bd9f7742c@group-3D8CE10A4A6C: set configuration 0: [c29e2c06-6c20-4bb4-83a6-e86bd9f7742c:172.17.0.2:43823:0], old=null at 0
2020-09-24 01:55:06,986 [c29e2c06-6c20-4bb4-83a6-e86bd9f7742c@group-3D8CE10A4A6C-StateMachineUpdater] INFO  ratis.ContainerStateMachine (ContainerStateMachine.java:takeSnapshot(293)) - group-3D8CE10A4A6C: Taking a snapshot at:(t:1, i:0) file /github/workspace/mnt/ozone/hadoop-ozone/integration-test/target/test-dir/MiniOzoneClusterImpl-cbb2177a-11db-4b99-8b47-fe15cf20b899/datanode-7/data/ratis/ddebc122-42b6-4992-bd34-3d8ce10a4a6c/sm/snapshot.1_0
2020-09-24 01:55:06,986 [c29e2c06-6c20-4bb4-83a6-e86bd9f7742c@group-3D8CE10A4A6C-StateMachineUpdater] INFO  ratis.ContainerStateMachine (ContainerStateMachine.java:takeSnapshot(304)) - group-3D8CE10A4A6C: Finished taking a snapshot at:(t:1, i:0) file:/github/workspace/mnt/ozone/hadoop-ozone/integration-test/target/test-dir/MiniOzoneClusterImpl-cbb2177a-11db-4b99-8b47-fe15cf20b899/datanode-7/data/ratis/ddebc122-42b6-4992-bd34-3d8ce10a4a6c/sm/snapshot.1_0 time:0
2020-09-24 01:55:06,987 [c29e2c06-6c20-4bb4-83a6-e86bd9f7742c@group-3D8CE10A4A6C-StateMachineUpdater] INFO  impl.StateMachineUpdater (StateMachineUpdater.java:takeSnapshot(277)) - c29e2c06-6c20-4bb4-83a6-e86bd9f7742c@group-3D8CE10A4A6C-StateMachineUpdater: Took a snapshot at index 0
2020-09-24 01:55:06,987 [c29e2c06-6c20-4bb4-83a6-e86bd9f7742c@group-3D8CE10A4A6C-StateMachineUpdater] INFO  impl.StateMachineUpdater (StateMachineUpdater.java:lambda$new$0(87)) - c29e2c06-6c20-4bb4-83a6-e86bd9f7742c@group-3D8CE10A4A6C-StateMachineUpdater: snapshotIndex: updateIncreasingly -1 -> 0
2020-09-24 01:55:07,124 [Thread-316] INFO  impl.FollowerState (FollowerState.java:run(108)) - 78015d65-121d-4994-9669-78a2c4afb989@group-6E46EC5002A6-FollowerState: change to CANDIDATE, lastRpcTime:5178ms, electionTimeout:5177ms
2020-09-24 01:55:07,124 [Thread-316] INFO  impl.RoleInfo (RoleInfo.java:shutdownFollowerState(121)) - 78015d65-121d-4994-9669-78a2c4afb989: shutdown FollowerState
2020-09-24 01:55:07,124 [Thread-316] INFO  impl.RaftServerImpl (RaftServerImpl.java:setRole(186)) - 78015d65-121d-4994-9669-78a2c4afb989@group-6E46EC5002A6: changes role from  FOLLOWER to CANDIDATE at term 0 for changeToCandidate
2020-09-24 01:55:07,124 [Thread-316] INFO  impl.RoleInfo (RoleInfo.java:updateAndGet(143)) - 78015d65-121d-4994-9669-78a2c4afb989: start LeaderElection
2020-09-24 01:55:07,134 [78015d65-121d-4994-9669-78a2c4afb989@group-6E46EC5002A6-LeaderElection13] INFO  impl.LeaderElection (LeaderElection.java:askForVotes(210)) - 78015d65-121d-4994-9669-78a2c4afb989@group-6E46EC5002A6-LeaderElection13: begin an election at term 1 for -1: [78015d65-121d-4994-9669-78a2c4afb989:172.17.0.2:37781:0], old=null
2020-09-24 01:55:07,134 [78015d65-121d-4994-9669-78a2c4afb989@group-6E46EC5002A6-LeaderElection13] INFO  impl.RoleInfo (RoleInfo.java:shutdownLeaderElection(134)) - 78015d65-121d-4994-9669-78a2c4afb989: shutdown LeaderElection
2020-09-24 01:55:07,134 [78015d65-121d-4994-9669-78a2c4afb989@group-6E46EC5002A6-LeaderElection13] INFO  impl.RaftServerImpl (RaftServerImpl.java:setRole(186)) - 78015d65-121d-4994-9669-78a2c4afb989@group-6E46EC5002A6: changes role from CANDIDATE to LEADER at term 1 for changeToLeader
2020-09-24 01:55:07,134 [78015d65-121d-4994-9669-78a2c4afb989@group-6E46EC5002A6-LeaderElection13] INFO  ratis.XceiverServerRatis (XceiverServerRatis.java:handleLeaderChangedNotification(822)) - Leader change notification received for group: group-6E46EC5002A6 with new leaderId: 78015d65-121d-4994-9669-78a2c4afb989
2020-09-24 01:55:07,134 [78015d65-121d-4994-9669-78a2c4afb989@group-6E46EC5002A6-LeaderElection13] INFO  impl.RaftServerImpl (ServerState.java:setLeader(255)) - 78015d65-121d-4994-9669-78a2c4afb989@group-6E46EC5002A6: change Leader from null to 78015d65-121d-4994-9669-78a2c4afb989 at term 1 for becomeLeader, leader elected after 5201ms
2020-09-24 01:55:07,134 [78015d65-121d-4994-9669-78a2c4afb989@group-6E46EC5002A6-LeaderElection13] INFO  server.RaftServerConfigKeys (ConfUtils.java:logGet(44)) - raft.server.staging.catchup.gap = 1000 (default)
2020-09-24 01:55:07,134 [78015d65-121d-4994-9669-78a2c4afb989@group-6E46EC5002A6-LeaderElection13] INFO  server.RaftServerConfigKeys (ConfUtils.java:logGet(44)) - raft.server.rpc.sleep.time = 25ms (default)
2020-09-24 01:55:07,134 [78015d65-121d-4994-9669-78a2c4afb989@group-6E46EC5002A6-LeaderElection13] INFO  metrics.RatisMetrics (RatisMetrics.java:lambda$create$0(36)) - Creating Metrics Registry : ratis.log_appender.78015d65-121d-4994-9669-78a2c4afb989@group-6E46EC5002A6
2020-09-24 01:55:07,135 [78015d65-121d-4994-9669-78a2c4afb989@group-6E46EC5002A6-LeaderElection13] INFO  server.RaftServerConfigKeys (ConfUtils.java:logGet(44)) - raft.server.write.element-limit = 1024 (custom)
2020-09-24 01:55:07,135 [78015d65-121d-4994-9669-78a2c4afb989@group-6E46EC5002A6-LeaderElection13] INFO  server.RaftServerConfigKeys (ConfUtils.java:logGet(44)) - raft.server.write.byte-limit = 1073741824 (custom)
2020-09-24 01:55:07,135 [78015d65-121d-4994-9669-78a2c4afb989@group-6E46EC5002A6-LeaderElection13] INFO  server.RaftServerConfigKeys (ConfUtils.java:logGet(44)) - raft.server.watch.timeout = 10000ms (default)
2020-09-24 01:55:07,135 [78015d65-121d-4994-9669-78a2c4afb989@group-6E46EC5002A6-LeaderElection13] INFO  server.RaftServerConfigKeys (ConfUtils.java:logGet(44)) - raft.server.watch.timeout.denomination = 1s (default)
2020-09-24 01:55:07,135 [78015d65-121d-4994-9669-78a2c4afb989@group-6E46EC5002A6-LeaderElection13] INFO  server.RaftServerConfigKeys (ConfUtils.java:logGet(44)) - raft.server.watch.element-limit = 65536 (default)
2020-09-24 01:55:07,135 [78015d65-121d-4994-9669-78a2c4afb989@group-6E46EC5002A6-LeaderElection13] INFO  impl.RoleInfo (RoleInfo.java:updateAndGet(143)) - 78015d65-121d-4994-9669-78a2c4afb989: start LeaderState
2020-09-24 01:55:07,136 [78015d65-121d-4994-9669-78a2c4afb989@group-6E46EC5002A6-LeaderElection13] INFO  segmented.SegmentedRaftLogWorker (SegmentedRaftLogWorker.java:startLogSegment(397)) - 78015d65-121d-4994-9669-78a2c4afb989@group-6E46EC5002A6-SegmentedRaftLogWorker: Starting segment from index:0
2020-09-24 01:55:07,137 [78015d65-121d-4994-9669-78a2c4afb989@group-6E46EC5002A6-SegmentedRaftLogWorker] INFO  segmented.SegmentedRaftLogWorker (SegmentedRaftLogWorker.java:execute(596)) - 78015d65-121d-4994-9669-78a2c4afb989@group-6E46EC5002A6-SegmentedRaftLogWorker: created new log segment /github/workspace/mnt/ozone/hadoop-ozone/integration-test/target/test-dir/MiniOzoneClusterImpl-cbb2177a-11db-4b99-8b47-fe15cf20b899/datanode-8/data/ratis/eefe7cf3-994c-42d6-94eb-6e46ec5002a6/current/log_inprogress_0
2020-09-24 01:55:07,144 [Listener at 127.0.0.1/33927] INFO  impl.MetricsSystemImpl (MetricsSystemImpl.java:init(158)) - XceiverClientMetrics metrics system started (again)
2020-09-24 01:55:07,145 [78015d65-121d-4994-9669-78a2c4afb989@group-6E46EC5002A6-LeaderElection13] INFO  impl.RaftServerImpl (ServerState.java:setRaftConf(373)) - 78015d65-121d-4994-9669-78a2c4afb989@group-6E46EC5002A6: set configuration 0: [78015d65-121d-4994-9669-78a2c4afb989:172.17.0.2:37781:0], old=null at 0
2020-09-24 01:55:07,146 [78015d65-121d-4994-9669-78a2c4afb989@group-6E46EC5002A6-StateMachineUpdater] INFO  ratis.ContainerStateMachine (ContainerStateMachine.java:takeSnapshot(293)) - group-6E46EC5002A6: Taking a snapshot at:(t:1, i:0) file /github/workspace/mnt/ozone/hadoop-ozone/integration-test/target/test-dir/MiniOzoneClusterImpl-cbb2177a-11db-4b99-8b47-fe15cf20b899/datanode-8/data/ratis/eefe7cf3-994c-42d6-94eb-6e46ec5002a6/sm/snapshot.1_0
2020-09-24 01:55:07,147 [78015d65-121d-4994-9669-78a2c4afb989@group-6E46EC5002A6-StateMachineUpdater] INFO  ratis.ContainerStateMachine (ContainerStateMachine.java:takeSnapshot(304)) - group-6E46EC5002A6: Finished taking a snapshot at:(t:1, i:0) file:/github/workspace/mnt/ozone/hadoop-ozone/integration-test/target/test-dir/MiniOzoneClusterImpl-cbb2177a-11db-4b99-8b47-fe15cf20b899/datanode-8/data/ratis/eefe7cf3-994c-42d6-94eb-6e46ec5002a6/sm/snapshot.1_0 time:1
2020-09-24 01:55:07,147 [78015d65-121d-4994-9669-78a2c4afb989@group-6E46EC5002A6-StateMachineUpdater] INFO  impl.StateMachineUpdater (StateMachineUpdater.java:takeSnapshot(277)) - 78015d65-121d-4994-9669-78a2c4afb989@group-6E46EC5002A6-StateMachineUpdater: Took a snapshot at index 0
2020-09-24 01:55:07,147 [78015d65-121d-4994-9669-78a2c4afb989@group-6E46EC5002A6-StateMachineUpdater] INFO  impl.StateMachineUpdater (StateMachineUpdater.java:lambda$new$0(87)) - 78015d65-121d-4994-9669-78a2c4afb989@group-6E46EC5002A6-StateMachineUpdater: snapshotIndex: updateIncreasingly -1 -> 0
2020-09-24 01:55:07,210 [Thread-318] INFO  impl.FollowerState (FollowerState.java:run(108)) - d28c77d4-67bc-44f6-bd29-5ab6913a6c40@group-4DFC454EDC10-FollowerState: change to CANDIDATE, lastRpcTime:5081ms, electionTimeout:5080ms
2020-09-24 01:55:07,210 [Thread-318] INFO  impl.RoleInfo (RoleInfo.java:shutdownFollowerState(121)) - d28c77d4-67bc-44f6-bd29-5ab6913a6c40: shutdown FollowerState
2020-09-24 01:55:07,210 [Thread-318] INFO  impl.RaftServerImpl (RaftServerImpl.java:setRole(186)) - d28c77d4-67bc-44f6-bd29-5ab6913a6c40@group-4DFC454EDC10: changes role from  FOLLOWER to CANDIDATE at term 0 for changeToCandidate
2020-09-24 01:55:07,210 [Thread-318] INFO  impl.RoleInfo (RoleInfo.java:updateAndGet(143)) - d28c77d4-67bc-44f6-bd29-5ab6913a6c40: start LeaderElection
2020-09-24 01:55:07,221 [d28c77d4-67bc-44f6-bd29-5ab6913a6c40@group-4DFC454EDC10-LeaderElection14] INFO  impl.LeaderElection (LeaderElection.java:askForVotes(210)) - d28c77d4-67bc-44f6-bd29-5ab6913a6c40@group-4DFC454EDC10-LeaderElection14: begin an election at term 1 for -1: [d28c77d4-67bc-44f6-bd29-5ab6913a6c40:172.17.0.2:40587:0], old=null
2020-09-24 01:55:07,221 [d28c77d4-67bc-44f6-bd29-5ab6913a6c40@group-4DFC454EDC10-LeaderElection14] INFO  impl.RoleInfo (RoleInfo.java:shutdownLeaderElection(134)) - d28c77d4-67bc-44f6-bd29-5ab6913a6c40: shutdown LeaderElection
2020-09-24 01:55:07,221 [d28c77d4-67bc-44f6-bd29-5ab6913a6c40@group-4DFC454EDC10-LeaderElection14] INFO  impl.RaftServerImpl (RaftServerImpl.java:setRole(186)) - d28c77d4-67bc-44f6-bd29-5ab6913a6c40@group-4DFC454EDC10: changes role from CANDIDATE to LEADER at term 1 for changeToLeader
2020-09-24 01:55:07,222 [d28c77d4-67bc-44f6-bd29-5ab6913a6c40@group-4DFC454EDC10-LeaderElection14] INFO  ratis.XceiverServerRatis (XceiverServerRatis.java:handleLeaderChangedNotification(822)) - Leader change notification received for group: group-4DFC454EDC10 with new leaderId: d28c77d4-67bc-44f6-bd29-5ab6913a6c40
2020-09-24 01:55:07,222 [d28c77d4-67bc-44f6-bd29-5ab6913a6c40@group-4DFC454EDC10-LeaderElection14] INFO  impl.RaftServerImpl (ServerState.java:setLeader(255)) - d28c77d4-67bc-44f6-bd29-5ab6913a6c40@group-4DFC454EDC10: change Leader from null to d28c77d4-67bc-44f6-bd29-5ab6913a6c40 at term 1 for becomeLeader, leader elected after 5098ms
2020-09-24 01:55:07,222 [d28c77d4-67bc-44f6-bd29-5ab6913a6c40@group-4DFC454EDC10-LeaderElection14] INFO  server.RaftServerConfigKeys (ConfUtils.java:logGet(44)) - raft.server.staging.catchup.gap = 1000 (default)
2020-09-24 01:55:07,222 [d28c77d4-67bc-44f6-bd29-5ab6913a6c40@group-4DFC454EDC10-LeaderElection14] INFO  server.RaftServerConfigKeys (ConfUtils.java:logGet(44)) - raft.server.rpc.sleep.time = 25ms (default)
2020-09-24 01:55:07,222 [d28c77d4-67bc-44f6-bd29-5ab6913a6c40@group-4DFC454EDC10-LeaderElection14] INFO  metrics.RatisMetrics (RatisMetrics.java:lambda$create$0(36)) - Creating Metrics Registry : ratis.log_appender.d28c77d4-67bc-44f6-bd29-5ab6913a6c40@group-4DFC454EDC10
2020-09-24 01:55:07,222 [d28c77d4-67bc-44f6-bd29-5ab6913a6c40@group-4DFC454EDC10-LeaderElection14] INFO  server.RaftServerConfigKeys (ConfUtils.java:logGet(44)) - raft.server.write.element-limit = 1024 (custom)
2020-09-24 01:55:07,222 [d28c77d4-67bc-44f6-bd29-5ab6913a6c40@group-4DFC454EDC10-LeaderElection14] INFO  server.RaftServerConfigKeys (ConfUtils.java:logGet(44)) - raft.server.write.byte-limit = 1073741824 (custom)
2020-09-24 01:55:07,222 [d28c77d4-67bc-44f6-bd29-5ab6913a6c40@group-4DFC454EDC10-LeaderElection14] INFO  server.RaftServerConfigKeys (ConfUtils.java:logGet(44)) - raft.server.watch.timeout = 10000ms (default)
2020-09-24 01:55:07,222 [d28c77d4-67bc-44f6-bd29-5ab6913a6c40@group-4DFC454EDC10-LeaderElection14] INFO  server.RaftServerConfigKeys (ConfUtils.java:logGet(44)) - raft.server.watch.timeout.denomination = 1s (default)
2020-09-24 01:55:07,223 [d28c77d4-67bc-44f6-bd29-5ab6913a6c40@group-4DFC454EDC10-LeaderElection14] INFO  server.RaftServerConfigKeys (ConfUtils.java:logGet(44)) - raft.server.watch.element-limit = 65536 (default)
2020-09-24 01:55:07,223 [d28c77d4-67bc-44f6-bd29-5ab6913a6c40@group-4DFC454EDC10-LeaderElection14] INFO  impl.RoleInfo (RoleInfo.java:updateAndGet(143)) - d28c77d4-67bc-44f6-bd29-5ab6913a6c40: start LeaderState
2020-09-24 01:55:07,224 [d28c77d4-67bc-44f6-bd29-5ab6913a6c40@group-4DFC454EDC10-LeaderElection14] INFO  segmented.SegmentedRaftLogWorker (SegmentedRaftLogWorker.java:startLogSegment(397)) - d28c77d4-67bc-44f6-bd29-5ab6913a6c40@group-4DFC454EDC10-SegmentedRaftLogWorker: Starting segment from index:0
2020-09-24 01:55:07,225 [d28c77d4-67bc-44f6-bd29-5ab6913a6c40@group-4DFC454EDC10-SegmentedRaftLogWorker] INFO  segmented.SegmentedRaftLogWorker (SegmentedRaftLogWorker.java:execute(596)) - d28c77d4-67bc-44f6-bd29-5ab6913a6c40@group-4DFC454EDC10-SegmentedRaftLogWorker: created new log segment /github/workspace/mnt/ozone/hadoop-ozone/integration-test/target/test-dir/MiniOzoneClusterImpl-cbb2177a-11db-4b99-8b47-fe15cf20b899/datanode-9/data/ratis/a5756d09-2d45-425e-b6a1-4dfc454edc10/current/log_inprogress_0
2020-09-24 01:55:07,231 [d28c77d4-67bc-44f6-bd29-5ab6913a6c40@group-4DFC454EDC10-LeaderElection14] INFO  impl.RaftServerImpl (ServerState.java:setRaftConf(373)) - d28c77d4-67bc-44f6-bd29-5ab6913a6c40@group-4DFC454EDC10: set configuration 0: [d28c77d4-67bc-44f6-bd29-5ab6913a6c40:172.17.0.2:40587:0], old=null at 0
2020-09-24 01:55:07,232 [d28c77d4-67bc-44f6-bd29-5ab6913a6c40@group-4DFC454EDC10-StateMachineUpdater] INFO  ratis.ContainerStateMachine (ContainerStateMachine.java:takeSnapshot(293)) - group-4DFC454EDC10: Taking a snapshot at:(t:1, i:0) file /github/workspace/mnt/ozone/hadoop-ozone/integration-test/target/test-dir/MiniOzoneClusterImpl-cbb2177a-11db-4b99-8b47-fe15cf20b899/datanode-9/data/ratis/a5756d09-2d45-425e-b6a1-4dfc454edc10/sm/snapshot.1_0
2020-09-24 01:55:07,233 [d28c77d4-67bc-44f6-bd29-5ab6913a6c40@group-4DFC454EDC10-StateMachineUpdater] INFO  ratis.ContainerStateMachine (ContainerStateMachine.java:takeSnapshot(304)) - group-4DFC454EDC10: Finished taking a snapshot at:(t:1, i:0) file:/github/workspace/mnt/ozone/hadoop-ozone/integration-test/target/test-dir/MiniOzoneClusterImpl-cbb2177a-11db-4b99-8b47-fe15cf20b899/datanode-9/data/ratis/a5756d09-2d45-425e-b6a1-4dfc454edc10/sm/snapshot.1_0 time:1
2020-09-24 01:55:07,233 [d28c77d4-67bc-44f6-bd29-5ab6913a6c40@group-4DFC454EDC10-StateMachineUpdater] INFO  impl.StateMachineUpdater (StateMachineUpdater.java:takeSnapshot(277)) - d28c77d4-67bc-44f6-bd29-5ab6913a6c40@group-4DFC454EDC10-StateMachineUpdater: Took a snapshot at index 0
2020-09-24 01:55:07,234 [d28c77d4-67bc-44f6-bd29-5ab6913a6c40@group-4DFC454EDC10-StateMachineUpdater] INFO  impl.StateMachineUpdater (StateMachineUpdater.java:lambda$new$0(87)) - d28c77d4-67bc-44f6-bd29-5ab6913a6c40@group-4DFC454EDC10-StateMachineUpdater: snapshotIndex: updateIncreasingly -1 -> 0
2020-09-24 01:55:07,234 [Listener at 127.0.0.1/33927] INFO  metrics.RatisMetrics (RatisMetrics.java:lambda$create$0(36)) - Creating Metrics Registry : ratis.client_message_metrics.client-C02764053061->406dfbef-c5e7-4177-bf53-4490cddee952
2020-09-24 01:55:07,480 [406dfbef-c5e7-4177-bf53-4490cddee952@group-2778CEA97A70-StateMachineUpdater] INFO  ratis.ContainerStateMachine (ContainerStateMachine.java:takeSnapshot(293)) - group-2778CEA97A70: Taking a snapshot at:(t:1, i:1) file /github/workspace/mnt/ozone/hadoop-ozone/integration-test/target/test-dir/MiniOzoneClusterImpl-cbb2177a-11db-4b99-8b47-fe15cf20b899/datanode-2/data/ratis/ac433a11-dda1-4644-a6b9-2778cea97a70/sm/snapshot.1_1
2020-09-24 01:55:07,488 [406dfbef-c5e7-4177-bf53-4490cddee952@group-2778CEA97A70-StateMachineUpdater] INFO  ratis.ContainerStateMachine (ContainerStateMachine.java:takeSnapshot(304)) - group-2778CEA97A70: Finished taking a snapshot at:(t:1, i:1) file:/github/workspace/mnt/ozone/hadoop-ozone/integration-test/target/test-dir/MiniOzoneClusterImpl-cbb2177a-11db-4b99-8b47-fe15cf20b899/datanode-2/data/ratis/ac433a11-dda1-4644-a6b9-2778cea97a70/sm/snapshot.1_1 time:9
2020-09-24 01:55:07,489 [406dfbef-c5e7-4177-bf53-4490cddee952@group-2778CEA97A70-StateMachineUpdater] INFO  impl.StateMachineUpdater (StateMachineUpdater.java:takeSnapshot(277)) - 406dfbef-c5e7-4177-bf53-4490cddee952@group-2778CEA97A70-StateMachineUpdater: Took a snapshot at index 1
2020-09-24 01:55:07,489 [406dfbef-c5e7-4177-bf53-4490cddee952@group-2778CEA97A70-StateMachineUpdater] INFO  impl.StateMachineUpdater (StateMachineUpdater.java:lambda$new$0(87)) - 406dfbef-c5e7-4177-bf53-4490cddee952@group-2778CEA97A70-StateMachineUpdater: snapshotIndex: updateIncreasingly 0 -> 1
2020-09-24 01:55:07,489 [406dfbef-c5e7-4177-bf53-4490cddee952@group-2778CEA97A70-StateMachineUpdater] INFO  ratis.ContainerStateMachine (ContainerStateMachine.java:takeSnapshot(293)) - group-2778CEA97A70: Taking a snapshot at:(t:1, i:3) file /github/workspace/mnt/ozone/hadoop-ozone/integration-test/target/test-dir/MiniOzoneClusterImpl-cbb2177a-11db-4b99-8b47-fe15cf20b899/datanode-2/data/ratis/ac433a11-dda1-4644-a6b9-2778cea97a70/sm/snapshot.1_3
2020-09-24 01:55:07,490 [406dfbef-c5e7-4177-bf53-4490cddee952@group-2778CEA97A70-StateMachineUpdater] INFO  ratis.ContainerStateMachine (ContainerStateMachine.java:takeSnapshot(304)) - group-2778CEA97A70: Finished taking a snapshot at:(t:1, i:3) file:/github/workspace/mnt/ozone/hadoop-ozone/integration-test/target/test-dir/MiniOzoneClusterImpl-cbb2177a-11db-4b99-8b47-fe15cf20b899/datanode-2/data/ratis/ac433a11-dda1-4644-a6b9-2778cea97a70/sm/snapshot.1_3 time:1
2020-09-24 01:55:07,490 [406dfbef-c5e7-4177-bf53-4490cddee952@group-2778CEA97A70-StateMachineUpdater] INFO  impl.StateMachineUpdater (StateMachineUpdater.java:takeSnapshot(277)) - 406dfbef-c5e7-4177-bf53-4490cddee952@group-2778CEA97A70-StateMachineUpdater: Took a snapshot at index 3
2020-09-24 01:55:07,490 [406dfbef-c5e7-4177-bf53-4490cddee952@group-2778CEA97A70-StateMachineUpdater] INFO  impl.StateMachineUpdater (StateMachineUpdater.java:lambda$new$0(87)) - 406dfbef-c5e7-4177-bf53-4490cddee952@group-2778CEA97A70-StateMachineUpdater: snapshotIndex: updateIncreasingly 1 -> 3
2020-09-24 01:55:07,503 [406dfbef-c5e7-4177-bf53-4490cddee952@group-2778CEA97A70-StateMachineUpdater] INFO  ratis.ContainerStateMachine (ContainerStateMachine.java:takeSnapshot(293)) - group-2778CEA97A70: Taking a snapshot at:(t:1, i:5) file /github/workspace/mnt/ozone/hadoop-ozone/integration-test/target/test-dir/MiniOzoneClusterImpl-cbb2177a-11db-4b99-8b47-fe15cf20b899/datanode-2/data/ratis/ac433a11-dda1-4644-a6b9-2778cea97a70/sm/snapshot.1_5
2020-09-24 01:55:07,509 [406dfbef-c5e7-4177-bf53-4490cddee952@group-2778CEA97A70-StateMachineUpdater] INFO  ratis.ContainerStateMachine (ContainerStateMachine.java:takeSnapshot(304)) - group-2778CEA97A70: Finished taking a snapshot at:(t:1, i:5) file:/github/workspace/mnt/ozone/hadoop-ozone/integration-test/target/test-dir/MiniOzoneClusterImpl-cbb2177a-11db-4b99-8b47-fe15cf20b899/datanode-2/data/ratis/ac433a11-dda1-4644-a6b9-2778cea97a70/sm/snapshot.1_5 time:5
2020-09-24 01:55:07,509 [406dfbef-c5e7-4177-bf53-4490cddee952@group-2778CEA97A70-StateMachineUpdater] INFO  impl.StateMachineUpdater (StateMachineUpdater.java:takeSnapshot(277)) - 406dfbef-c5e7-4177-bf53-4490cddee952@group-2778CEA97A70-StateMachineUpdater: Took a snapshot at index 5
2020-09-24 01:55:07,509 [406dfbef-c5e7-4177-bf53-4490cddee952@group-2778CEA97A70-StateMachineUpdater] INFO  impl.StateMachineUpdater (StateMachineUpdater.java:lambda$new$0(87)) - 406dfbef-c5e7-4177-bf53-4490cddee952@group-2778CEA97A70-StateMachineUpdater: snapshotIndex: updateIncreasingly 3 -> 5
2020-09-24 01:55:07,509 [406dfbef-c5e7-4177-bf53-4490cddee952@group-2778CEA97A70-StateMachineUpdater] INFO  ratis.ContainerStateMachine (ContainerStateMachine.java:takeSnapshot(293)) - group-2778CEA97A70: Taking a snapshot at:(t:1, i:6) file /github/workspace/mnt/ozone/hadoop-ozone/integration-test/target/test-dir/MiniOzoneClusterImpl-cbb2177a-11db-4b99-8b47-fe15cf20b899/datanode-2/data/ratis/ac433a11-dda1-4644-a6b9-2778cea97a70/sm/snapshot.1_6
2020-09-24 01:55:07,511 [406dfbef-c5e7-4177-bf53-4490cddee952@group-2778CEA97A70-StateMachineUpdater] INFO  ratis.ContainerStateMachine (ContainerStateMachine.java:takeSnapshot(304)) - group-2778CEA97A70: Finished taking a snapshot at:(t:1, i:6) file:/github/workspace/mnt/ozone/hadoop-ozone/integration-test/target/test-dir/MiniOzoneClusterImpl-cbb2177a-11db-4b99-8b47-fe15cf20b899/datanode-2/data/ratis/ac433a11-dda1-4644-a6b9-2778cea97a70/sm/snapshot.1_6 time:2
2020-09-24 01:55:07,511 [406dfbef-c5e7-4177-bf53-4490cddee952@group-2778CEA97A70-StateMachineUpdater] INFO  impl.StateMachineUpdater (StateMachineUpdater.java:takeSnapshot(277)) - 406dfbef-c5e7-4177-bf53-4490cddee952@group-2778CEA97A70-StateMachineUpdater: Took a snapshot at index 6
2020-09-24 01:55:07,511 [406dfbef-c5e7-4177-bf53-4490cddee952@group-2778CEA97A70-StateMachineUpdater] INFO  impl.StateMachineUpdater (StateMachineUpdater.java:lambda$new$0(87)) - 406dfbef-c5e7-4177-bf53-4490cddee952@group-2778CEA97A70-StateMachineUpdater: snapshotIndex: updateIncreasingly 5 -> 6
2020-09-24 01:55:07,514 [Listener at 127.0.0.1/33927] INFO  ratis.ContainerStateMachine (ContainerStateMachine.java:takeSnapshot(293)) - group-2778CEA97A70: Taking a snapshot at:(t:1, i:6) file /github/workspace/mnt/ozone/hadoop-ozone/integration-test/target/test-dir/MiniOzoneClusterImpl-cbb2177a-11db-4b99-8b47-fe15cf20b899/datanode-2/data/ratis/ac433a11-dda1-4644-a6b9-2778cea97a70/sm/snapshot.1_6
2020-09-24 01:55:07,515 [Listener at 127.0.0.1/33927] INFO  ratis.ContainerStateMachine (ContainerStateMachine.java:takeSnapshot(304)) - group-2778CEA97A70: Finished taking a snapshot at:(t:1, i:6) file:/github/workspace/mnt/ozone/hadoop-ozone/integration-test/target/test-dir/MiniOzoneClusterImpl-cbb2177a-11db-4b99-8b47-fe15cf20b899/datanode-2/data/ratis/ac433a11-dda1-4644-a6b9-2778cea97a70/sm/snapshot.1_6 time:0
2020-09-24 01:55:07,516 [Listener at 127.0.0.1/33927] INFO  ozone.MiniOzoneClusterImpl (MiniOzoneClusterImpl.java:getStorageContainerLocationClient(289)) - Creating StorageContainerLocationProtocol RPC client with address /0.0.0.0:33879
2020-09-24 01:55:07,608 [Listener at 127.0.0.1/33927] INFO  metrics.RatisMetrics (RatisMetrics.java:lambda$create$0(36)) - Creating Metrics Registry : ratis.client_message_metrics.client-523C40DBAAF6->406dfbef-c5e7-4177-bf53-4490cddee952
2020-09-24 01:55:07,633 [EventQueue-IncrementalContainerReportForIncrementalContainerReportHandler] WARN  container.IncrementalContainerReportHandler (AbstractContainerReportHandler.java:updateContainerState(174)) - Container #1 is in OPEN state, but the datanode 406dfbef-c5e7-4177-bf53-4490cddee952{ip: 172.17.0.2, host: 25c36af82c1d, networkLocation: /default-rack, certSerialId: null} reports an CLOSING replica.
2020-09-24 01:55:07,633 [RatisApplyTransactionExecutor 1] INFO  keyvalue.KeyValueContainer (KeyValueContainer.java:flushAndSyncDB(383)) - Container 1 is synced with bcsId 5.
2020-09-24 01:55:07,633 [EventQueue-ContainerReportForContainerReportHandler] WARN  container.ContainerReportHandler (AbstractContainerReportHandler.java:updateContainerState(174)) - Container #1 is in OPEN state, but the datanode 406dfbef-c5e7-4177-bf53-4490cddee952{ip: 172.17.0.2, host: 25c36af82c1d, networkLocation: /default-rack, certSerialId: null} reports an CLOSING replica.
2020-09-24 01:55:07,634 [RatisApplyTransactionExecutor 1] INFO  keyvalue.KeyValueContainer (KeyValueContainer.java:flushAndSyncDB(383)) - Container 1 is synced with bcsId 5.
2020-09-24 01:55:07,637 [RatisApplyTransactionExecutor 1] INFO  keyvalue.KeyValueContainer (KeyValueContainer.java:close(321)) - Container 1 is closed with bcsId 5.
2020-09-24 01:55:07,638 [EventQueue-IncrementalContainerReportForIncrementalContainerReportHandler] WARN  container.IncrementalContainerReportHandler (AbstractContainerReportHandler.java:updateContainerState(174)) - Container #1 is in OPEN state, but the datanode 406dfbef-c5e7-4177-bf53-4490cddee952{ip: 172.17.0.2, host: 25c36af82c1d, networkLocation: /default-rack, certSerialId: null} reports an CLOSED replica.
2020-09-24 01:55:07,645 [406dfbef-c5e7-4177-bf53-4490cddee952@group-2778CEA97A70-StateMachineUpdater] INFO  ratis.ContainerStateMachine (ContainerStateMachine.java:takeSnapshot(293)) - group-2778CEA97A70: Taking a snapshot at:(t:1, i:6) file /github/workspace/mnt/ozone/hadoop-ozone/integration-test/target/test-dir/MiniOzoneClusterImpl-cbb2177a-11db-4b99-8b47-fe15cf20b899/datanode-2/data/ratis/ac433a11-dda1-4644-a6b9-2778cea97a70/sm/snapshot.1_6
2020-09-24 01:55:07,645 [406dfbef-c5e7-4177-bf53-4490cddee952@group-2778CEA97A70-StateMachineUpdater] INFO  ratis.ContainerStateMachine (ContainerStateMachine.java:takeSnapshot(304)) - group-2778CEA97A70: Finished taking a snapshot at:(t:1, i:6) file:/github/workspace/mnt/ozone/hadoop-ozone/integration-test/target/test-dir/MiniOzoneClusterImpl-cbb2177a-11db-4b99-8b47-fe15cf20b899/datanode-2/data/ratis/ac433a11-dda1-4644-a6b9-2778cea97a70/sm/snapshot.1_6 time:1
2020-09-24 01:55:07,646 [406dfbef-c5e7-4177-bf53-4490cddee952@group-2778CEA97A70-StateMachineUpdater] INFO  impl.StateMachineUpdater (StateMachineUpdater.java:takeSnapshot(277)) - 406dfbef-c5e7-4177-bf53-4490cddee952@group-2778CEA97A70-StateMachineUpdater: Took a snapshot at index 6
2020-09-24 01:55:07,646 [406dfbef-c5e7-4177-bf53-4490cddee952@group-2778CEA97A70-StateMachineUpdater] INFO  impl.StateMachineUpdater (StateMachineUpdater.java:lambda$new$0(87)) - 406dfbef-c5e7-4177-bf53-4490cddee952@group-2778CEA97A70-StateMachineUpdater: snapshotIndex: updateIncreasingly 6 -> 6
2020-09-24 01:55:07,646 [406dfbef-c5e7-4177-bf53-4490cddee952@group-2778CEA97A70-StateMachineUpdater] INFO  ratis.ContainerStateMachine (ContainerStateMachine.java:takeSnapshot(293)) - group-2778CEA97A70: Taking a snapshot at:(t:1, i:6) file /github/workspace/mnt/ozone/hadoop-ozone/integration-test/target/test-dir/MiniOzoneClusterImpl-cbb2177a-11db-4b99-8b47-fe15cf20b899/datanode-2/data/ratis/ac433a11-dda1-4644-a6b9-2778cea97a70/sm/snapshot.1_6
2020-09-24 01:55:07,647 [406dfbef-c5e7-4177-bf53-4490cddee952@group-2778CEA97A70-StateMachineUpdater] INFO  ratis.ContainerStateMachine (ContainerStateMachine.java:takeSnapshot(304)) - group-2778CEA97A70: Finished taking a snapshot at:(t:1, i:6) file:/github/workspace/mnt/ozone/hadoop-ozone/integration-test/target/test-dir/MiniOzoneClusterImpl-cbb2177a-11db-4b99-8b47-fe15cf20b899/datanode-2/data/ratis/ac433a11-dda1-4644-a6b9-2778cea97a70/sm/snapshot.1_6 time:1
2020-09-24 01:55:07,647 [Listener at 127.0.0.1/33927] INFO  ratis.ContainerStateMachine (ContainerStateMachine.java:takeSnapshot(293)) - group-2778CEA97A70: Taking a snapshot at:(t:1, i:6) file /github/workspace/mnt/ozone/hadoop-ozone/integration-test/target/test-dir/MiniOzoneClusterImpl-cbb2177a-11db-4b99-8b47-fe15cf20b899/datanode-2/data/ratis/ac433a11-dda1-4644-a6b9-2778cea97a70/sm/snapshot.1_6
2020-09-24 01:55:07,647 [406dfbef-c5e7-4177-bf53-4490cddee952@group-2778CEA97A70-StateMachineUpdater] INFO  impl.StateMachineUpdater (StateMachineUpdater.java:takeSnapshot(277)) - 406dfbef-c5e7-4177-bf53-4490cddee952@group-2778CEA97A70-StateMachineUpdater: Took a snapshot at index 6
2020-09-24 01:55:07,647 [406dfbef-c5e7-4177-bf53-4490cddee952@group-2778CEA97A70-StateMachineUpdater] INFO  impl.StateMachineUpdater (StateMachineUpdater.java:lambda$new$0(87)) - 406dfbef-c5e7-4177-bf53-4490cddee952@group-2778CEA97A70-StateMachineUpdater: snapshotIndex: updateIncreasingly 6 -> 6
2020-09-24 01:55:07,648 [Listener at 127.0.0.1/33927] INFO  ratis.ContainerStateMachine (ContainerStateMachine.java:takeSnapshot(304)) - group-2778CEA97A70: Finished taking a snapshot at:(t:1, i:6) file:/github/workspace/mnt/ozone/hadoop-ozone/integration-test/target/test-dir/MiniOzoneClusterImpl-cbb2177a-11db-4b99-8b47-fe15cf20b899/datanode-2/data/ratis/ac433a11-dda1-4644-a6b9-2778cea97a70/sm/snapshot.1_6 time:1
]]></system-out>
  </testcase>
  <testcase name="testWriteStateMachineDataIdempotencyWithClosedContainer" classname="org.apache.hadoop.ozone.client.rpc.TestContainerStateMachineFailures" time="0.598"/>
  <testcase name="testContainerStateMachineFailures" classname="org.apache.hadoop.ozone.client.rpc.TestContainerStateMachineFailures" time="12.609"/>
  <testcase name="testUnhealthyContainer" classname="org.apache.hadoop.ozone.client.rpc.TestContainerStateMachineFailures" time="10.852"/>
  <testcase name="testApplyTransactionFailure" classname="org.apache.hadoop.ozone.client.rpc.TestContainerStateMachineFailures" time="10.296"/>
</testsuite>