<?xml version="1.0" encoding="UTF-8"?>
<testsuite xmlns:xsi="http://www.w3.org/2001/XMLSchema-instance" xsi:noNamespaceSchemaLocation="https://maven.apache.org/surefire/maven-surefire-plugin/xsd/surefire-test-report-3.0.xsd" version="3.0" name="org.apache.hadoop.ozone.om.TestOzoneManagerHAKeyDeletion" time="38.358" tests="2" errors="1" skipped="0" failures="0">
  <properties>
    <property name="awt.toolkit" value="sun.awt.X11.XToolkit"/>
    <property name="file.encoding.pkg" value="sun.io"/>
    <property name="java.specification.version" value="1.8"/>
    <property name="sun.cpu.isalist" value=""/>
    <property name="sun.jnu.encoding" value="UTF-8"/>
    <property name="java.class.path" value="/home/runner/work/ozone/ozone/hadoop-ozone/integration-test/target/test-classes:/home/runner/work/ozone/ozone/hadoop-ozone/integration-test/target/classes:/home/runner/.m2/repository/org/apache/ozone/ozone-common/1.4.0-SNAPSHOT/ozone-common-1.4.0-SNAPSHOT.jar:/home/runner/.m2/repository/io/grpc/grpc-netty/1.51.1/grpc-netty-1.51.1.jar:/home/runner/.m2/repository/io/grpc/grpc-core/1.51.1/grpc-core-1.51.1.jar:/home/runner/.m2/repository/com/google/android/annotations/4.1.1.4/annotations-4.1.1.4.jar:/home/runner/.m2/repository/org/codehaus/mojo/animal-sniffer-annotations/1.21/animal-sniffer-annotations-1.21.jar:/home/runner/.m2/repository/com/google/errorprone/error_prone_annotations/2.2.0/error_prone_annotations-2.2.0.jar:/home/runner/.m2/repository/io/perfmark/perfmark-api/0.25.0/perfmark-api-0.25.0.jar:/home/runner/.m2/repository/io/netty/netty-codec-http2/4.1.94.Final/netty-codec-http2-4.1.94.Final.jar:/home/runner/.m2/repository/io/netty/netty-common/4.1.94.Final/netty-common-4.1.94.Final.jar:/home/runner/.m2/repository/io/netty/netty-buffer/4.1.94.Final/netty-buffer-4.1.94.Final.jar:/home/runner/.m2/repository/io/netty/netty-codec-http/4.1.94.Final/netty-codec-http-4.1.94.Final.jar:/home/runner/.m2/repository/io/netty/netty-handler-proxy/4.1.94.Final/netty-handler-proxy-4.1.94.Final.jar:/home/runner/.m2/repository/io/netty/netty-codec-socks/4.1.94.Final/netty-codec-socks-4.1.94.Final.jar:/home/runner/.m2/repository/io/netty/netty-tcnative-boringssl-static/2.0.61.Final/netty-tcnative-boringssl-static-2.0.61.Final.jar:/home/runner/.m2/repository/io/netty/netty-tcnative-classes/2.0.61.Final/netty-tcnative-classes-2.0.61.Final.jar:/home/runner/.m2/repository/io/netty/netty-tcnative-boringssl-static/2.0.61.Final/netty-tcnative-boringssl-static-2.0.61.Final-linux-x86_64.jar:/home/runner/.m2/repository/io/netty/netty-tcnative-boringssl-static/2.0.61.Final/netty-tcnative-boringssl-static-2.0.61.Final-linux-aarch_64.jar:/home/runner/.m2/repository/io/netty/netty-tcnative-boringssl-static/2.0.61.Final/netty-tcnative-boringssl-static-2.0.61.Final-osx-x86_64.jar:/home/runner/.m2/repository/io/netty/netty-tcnative-boringssl-static/2.0.61.Final/netty-tcnative-boringssl-static-2.0.61.Final-osx-aarch_64.jar:/home/runner/.m2/repository/io/netty/netty-tcnative-boringssl-static/2.0.61.Final/netty-tcnative-boringssl-static-2.0.61.Final-windows-x86_64.jar:/home/runner/.m2/repository/org/apache/commons/commons-compress/1.21/commons-compress-1.21.jar:/home/runner/.m2/repository/org/apache/ozone/hdds-common/1.4.0-SNAPSHOT/hdds-common-1.4.0-SNAPSHOT.jar:/home/runner/.m2/repository/org/apache/ozone/hdds-client/1.4.0-SNAPSHOT/hdds-client-1.4.0-SNAPSHOT.jar:/home/runner/.m2/repository/org/apache/ozone/ozone-interface-client/1.4.0-SNAPSHOT/ozone-interface-client-1.4.0-SNAPSHOT.jar:/home/runner/.m2/repository/org/apache/hadoop/hadoop-hdfs-client/3.3.6/hadoop-hdfs-client-3.3.6.jar:/home/runner/.m2/repository/com/squareup/okhttp3/okhttp/4.9.3/okhttp-4.9.3.jar:/home/runner/.m2/repository/com/squareup/okio/okio/3.4.0/okio-3.4.0.jar:/home/runner/.m2/repository/com/squareup/okio/okio-jvm/3.4.0/okio-jvm-3.4.0.jar:/home/runner/.m2/repository/org/jetbrains/kotlin/kotlin-stdlib-jdk8/1.8.0/kotlin-stdlib-jdk8-1.8.0.jar:/home/runner/.m2/repository/org/jetbrains/kotlin/kotlin-stdlib-jdk7/1.8.0/kotlin-stdlib-jdk7-1.8.0.jar:/home/runner/.m2/repository/org/jetbrains/kotlin/kotlin-stdlib-common/1.6.21/kotlin-stdlib-common-1.6.21.jar:/home/runner/.m2/repository/org/apache/ozone/hdds-test-utils/1.4.0-SNAPSHOT/hdds-test-utils-1.4.0-SNAPSHOT.jar:/home/runner/.m2/repository/com/google/guava/guava/32.0.0-jre/guava-32.0.0-jre.jar:/home/runner/.m2/repository/com/google/guava/failureaccess/1.0.1/failureaccess-1.0.1.jar:/home/runner/.m2/repository/com/google/guava/listenablefuture/9999.0-empty-to-avoid-conflict-with-guava/listenablefuture-9999.0-empty-to-avoid-conflict-with-guava.jar:/home/runner/.m2/repository/com/google/code/findbugs/jsr305/3.0.0/jsr305-3.0.0.jar:/home/runner/.m2/repository/org/checkerframework/checker-qual/3.33.0/checker-qual-3.33.0.jar:/home/runner/.m2/repository/com/google/j2objc/j2objc-annotations/2.8/j2objc-annotations-2.8.jar:/home/runner/.m2/repository/commons-io/commons-io/2.11.0/commons-io-2.11.0.jar:/home/runner/.m2/repository/commons-logging/commons-logging/1.2/commons-logging-1.2.jar:/home/runner/.m2/repository/ch/qos/reload4j/reload4j/1.2.22/reload4j-1.2.22.jar:/home/runner/.m2/repository/org/slf4j/slf4j-api/1.7.36/slf4j-api-1.7.36.jar:/home/runner/.m2/repository/org/apache/logging/log4j/log4j-api/2.17.1/log4j-api-2.17.1.jar:/home/runner/.m2/repository/org/apache/ozone/hdds-server-scm/1.4.0-SNAPSHOT/hdds-server-scm-1.4.0-SNAPSHOT.jar:/home/runner/.m2/repository/org/apache/ozone/hdds-container-service/1.4.0-SNAPSHOT/hdds-container-service-1.4.0-SNAPSHOT.jar:/home/runner/.m2/repository/org/apache/ozone/hdds-hadoop-dependency-server/1.4.0-SNAPSHOT/hdds-hadoop-dependency-server-1.4.0-SNAPSHOT.jar:/home/runner/.m2/repository/org/apache/hadoop/hadoop-hdfs/3.3.6/hadoop-hdfs-3.3.6.jar:/home/runner/.m2/repository/commons-daemon/commons-daemon/1.0.13/commons-daemon-1.0.13.jar:/home/runner/.m2/repository/org/apache/ozone/hdds-server-framework/1.4.0-SNAPSHOT/hdds-server-framework-1.4.0-SNAPSHOT.jar:/home/runner/.m2/repository/io/dropwizard/metrics/metrics-core/3.2.4/metrics-core-3.2.4.jar:/home/runner/.m2/repository/org/apache/commons/commons-text/1.10.0/commons-text-1.10.0.jar:/home/runner/.m2/repository/org/bouncycastle/bcprov-jdk15on/1.67/bcprov-jdk15on-1.67.jar:/home/runner/.m2/repository/com/google/protobuf/protobuf-java/2.5.0/protobuf-java-2.5.0.jar:/home/runner/.m2/repository/org/apache/ozone/hdds-server-framework/1.4.0-SNAPSHOT/hdds-server-framework-1.4.0-SNAPSHOT-tests.jar:/home/runner/.m2/repository/org/apache/ozone/hdds-interface-server/1.4.0-SNAPSHOT/hdds-interface-server-1.4.0-SNAPSHOT.jar:/home/runner/.m2/repository/org/apache/ozone/hdds-interface-admin/1.4.0-SNAPSHOT/hdds-interface-admin-1.4.0-SNAPSHOT.jar:/home/runner/.m2/repository/org/apache/ozone/hdds-managed-rocksdb/1.4.0-SNAPSHOT/hdds-managed-rocksdb-1.4.0-SNAPSHOT.jar:/home/runner/.m2/repository/org/rocksdb/rocksdbjni/7.7.3/rocksdbjni-7.7.3.jar:/home/runner/.m2/repository/org/slf4j/slf4j-reload4j/1.7.36/slf4j-reload4j-1.7.36.jar:/home/runner/.m2/repository/org/apache/commons/commons-configuration2/2.1.1/commons-configuration2-2.1.1.jar:/home/runner/.m2/repository/commons-fileupload/commons-fileupload/1.5/commons-fileupload-1.5.jar:/home/runner/.m2/repository/org/apache/logging/log4j/log4j-core/2.17.1/log4j-core-2.17.1.jar:/home/runner/.m2/repository/com/lmax/disruptor/3.4.2/disruptor-3.4.2.jar:/home/runner/.m2/repository/org/eclipse/jetty/jetty-util/9.4.52.v20230823/jetty-util-9.4.52.v20230823.jar:/home/runner/.m2/repository/org/eclipse/jetty/jetty-server/9.4.52.v20230823/jetty-server-9.4.52.v20230823.jar:/home/runner/.m2/repository/org/eclipse/jetty/jetty-http/9.4.52.v20230823/jetty-http-9.4.52.v20230823.jar:/home/runner/.m2/repository/org/eclipse/jetty/jetty-io/9.4.52.v20230823/jetty-io-9.4.52.v20230823.jar:/home/runner/.m2/repository/org/eclipse/jetty/jetty-servlet/9.4.52.v20230823/jetty-servlet-9.4.52.v20230823.jar:/home/runner/.m2/repository/org/eclipse/jetty/jetty-security/9.4.52.v20230823/jetty-security-9.4.52.v20230823.jar:/home/runner/.m2/repository/org/eclipse/jetty/jetty-util-ajax/9.4.52.v20230823/jetty-util-ajax-9.4.52.v20230823.jar:/home/runner/.m2/repository/org/eclipse/jetty/jetty-webapp/9.4.52.v20230823/jetty-webapp-9.4.52.v20230823.jar:/home/runner/.m2/repository/org/eclipse/jetty/jetty-xml/9.4.52.v20230823/jetty-xml-9.4.52.v20230823.jar:/home/runner/.m2/repository/org/apache/ratis/ratis-server/2.5.1/ratis-server-2.5.1.jar:/home/runner/.m2/repository/org/apache/ratis/ratis-thirdparty-misc/1.0.4/ratis-thirdparty-misc-1.0.4.jar:/home/runner/.m2/repository/org/apache/ratis/ratis-proto/2.5.1/ratis-proto-2.5.1.jar:/home/runner/.m2/repository/org/apache/ratis/ratis-common/2.5.1/ratis-common-2.5.1.jar:/home/runner/.m2/repository/org/apache/ratis/ratis-client/2.5.1/ratis-client-2.5.1.jar:/home/runner/.m2/repository/org/apache/ratis/ratis-server-api/2.5.1/ratis-server-api-2.5.1.jar:/home/runner/.m2/repository/org/apache/ratis/ratis-metrics/2.5.1/ratis-metrics-2.5.1.jar:/home/runner/.m2/repository/io/prometheus/simpleclient_dropwizard/0.7.0/simpleclient_dropwizard-0.7.0.jar:/home/runner/.m2/repository/io/prometheus/simpleclient/0.7.0/simpleclient-0.7.0.jar:/home/runner/.m2/repository/io/prometheus/simpleclient_common/0.7.0/simpleclient_common-0.7.0.jar:/home/runner/.m2/repository/com/fasterxml/jackson/datatype/jackson-datatype-jsr310/2.13.4/jackson-datatype-jsr310-2.13.4.jar:/home/runner/.m2/repository/com/fasterxml/jackson/core/jackson-core/2.13.4/jackson-core-2.13.4.jar:/home/runner/.m2/repository/com/github/spotbugs/spotbugs-annotations/3.1.12/spotbugs-annotations-3.1.12.jar:/home/runner/.m2/repository/org/apache/ozone/rocksdb-checkpoint-differ/1.4.0-SNAPSHOT/rocksdb-checkpoint-differ-1.4.0-SNAPSHOT.jar:/home/runner/.m2/repository/org/jgrapht/jgrapht-core/1.0.1/jgrapht-core-1.0.1.jar:/home/runner/.m2/repository/org/jgrapht/jgrapht-ext/1.0.1/jgrapht-ext-1.0.1.jar:/home/runner/.m2/repository/org/tinyjee/jgraphx/jgraphx/2.0.0.1/jgraphx-2.0.0.1.jar:/home/runner/.m2/repository/jgraph/jgraph/5.13.0.0/jgraph-5.13.0.0.jar:/home/runner/.m2/repository/org/antlr/antlr4-runtime/4.5.3/antlr4-runtime-4.5.3.jar:/home/runner/.m2/repository/org/awaitility/awaitility/4.2.0/awaitility-4.2.0.jar:/home/runner/.m2/repository/org/hamcrest/hamcrest/2.1/hamcrest-2.1.jar:/home/runner/.m2/repository/org/apache/ozone/ozone-manager/1.4.0-SNAPSHOT/ozone-manager-1.4.0-SNAPSHOT.jar:/home/runner/.m2/repository/org/aspectj/aspectjrt/1.9.7/aspectjrt-1.9.7.jar:/home/runner/.m2/repository/org/aspectj/aspectjweaver/1.9.7/aspectjweaver-1.9.7.jar:/home/runner/.m2/repository/org/apache/ozone/hdds-interface-client/1.4.0-SNAPSHOT/hdds-interface-client-1.4.0-SNAPSHOT.jar:/home/runner/.m2/repository/org/apache/hadoop/thirdparty/hadoop-shaded-protobuf_3_7/1.1.1/hadoop-shaded-protobuf_3_7-1.1.1.jar:/home/runner/.m2/repository/org/apache/ozone/ozone-interface-storage/1.4.0-SNAPSHOT/ozone-interface-storage-1.4.0-SNAPSHOT.jar:/home/runner/.m2/repository/org/reflections/reflections/0.9.11/reflections-0.9.11.jar:/home/runner/.m2/repository/com/sun/jersey/jersey-client/1.19/jersey-client-1.19.jar:/home/runner/.m2/repository/org/codehaus/jackson/jackson-core-asl/1.9.13/jackson-core-asl-1.9.13.jar:/home/runner/.m2/repository/org/codehaus/jackson/jackson-mapper-asl/1.9.13/jackson-mapper-asl-1.9.13.jar:/home/runner/.m2/repository/org/codehaus/jackson/jackson-jaxrs/1.9.13/jackson-jaxrs-1.9.13.jar:/home/runner/.m2/repository/org/apache/ranger/ranger-intg/2.3.0/ranger-intg-2.3.0.jar:/home/runner/.m2/repository/org/apache/ranger/ranger-plugins-common/2.3.0/ranger-plugins-common-2.3.0.jar:/home/runner/.m2/repository/commons-lang/commons-lang/2.6/commons-lang-2.6.jar:/home/runner/.m2/repository/org/apache/ranger/ranger-plugins-cred/2.3.0/ranger-plugins-cred-2.3.0.jar:/home/runner/.m2/repository/org/apache/ranger/ranger-plugins-audit/2.3.0/ranger-plugins-audit-2.3.0.jar:/home/runner/.m2/repository/org/eclipse/jetty/jetty-client/9.4.52.v20230823/jetty-client-9.4.52.v20230823.jar:/home/runner/.m2/repository/org/apache/httpcomponents/httpmime/4.5.6/httpmime-4.5.6.jar:/home/runner/.m2/repository/org/apache/httpcomponents/httpcore-nio/4.4.13/httpcore-nio-4.4.13.jar:/home/runner/.m2/repository/org/apache/httpcomponents/httpasyncclient/4.1.3/httpasyncclient-4.1.3.jar:/home/runner/.m2/repository/com/carrotsearch/hppc/0.8.0/hppc-0.8.0.jar:/home/runner/.m2/repository/org/apache/orc/orc-core/1.5.8/orc-core-1.5.8.jar:/home/runner/.m2/repository/net/java/dev/jna/jna/5.2.0/jna-5.2.0.jar:/home/runner/.m2/repository/net/java/dev/jna/jna-platform/5.2.0/jna-platform-5.2.0.jar:/home/runner/.m2/repository/com/kstruct/gethostname4j/0.0.2/gethostname4j-0.0.2.jar:/home/runner/.m2/repository/org/apache/ranger/ranger-plugin-classloader/2.3.0/ranger-plugin-classloader-2.3.0.jar:/home/runner/.m2/repository/org/apache/ozone/hdds-rocks-native/1.4.0-SNAPSHOT/hdds-rocks-native-1.4.0-SNAPSHOT.jar:/home/runner/.m2/repository/org/apache/hadoop/hadoop-minikdc/3.3.6/hadoop-minikdc-3.3.6.jar:/home/runner/.m2/repository/org/apache/kerby/kerb-simplekdc/1.0.1/kerb-simplekdc-1.0.1.jar:/home/runner/.m2/repository/org/apache/kerby/kerb-client/1.0.1/kerb-client-1.0.1.jar:/home/runner/.m2/repository/org/apache/kerby/kerby-config/1.0.1/kerby-config-1.0.1.jar:/home/runner/.m2/repository/org/apache/kerby/kerb-common/1.0.1/kerb-common-1.0.1.jar:/home/runner/.m2/repository/org/apache/kerby/kerb-crypto/1.0.1/kerb-crypto-1.0.1.jar:/home/runner/.m2/repository/org/apache/kerby/kerb-util/1.0.1/kerb-util-1.0.1.jar:/home/runner/.m2/repository/org/apache/kerby/token-provider/1.0.1/token-provider-1.0.1.jar:/home/runner/.m2/repository/org/apache/kerby/kerb-admin/1.0.1/kerb-admin-1.0.1.jar:/home/runner/.m2/repository/org/apache/kerby/kerb-server/1.0.1/kerb-server-1.0.1.jar:/home/runner/.m2/repository/org/apache/kerby/kerb-identity/1.0.1/kerb-identity-1.0.1.jar:/home/runner/.m2/repository/org/apache/kerby/kerby-xdr/1.0.1/kerby-xdr-1.0.1.jar:/home/runner/.m2/repository/org/apache/ozone/ozone-s3gateway/1.4.0-SNAPSHOT/ozone-s3gateway-1.4.0-SNAPSHOT.jar:/home/runner/.m2/repository/org/javassist/javassist/3.21.0-GA/javassist-3.21.0-GA.jar:/home/runner/.m2/repository/org/jboss/weld/servlet/weld-servlet-shaded/3.1.9.Final/weld-servlet-shaded-3.1.9.Final.jar:/home/runner/.m2/repository/org/glassfish/jersey/containers/jersey-container-servlet-core/2.34/jersey-container-servlet-core-2.34.jar:/home/runner/.m2/repository/org/glassfish/hk2/external/jakarta.inject/2.6.1/jakarta.inject-2.6.1.jar:/home/runner/.m2/repository/org/glassfish/jersey/core/jersey-common/2.34/jersey-common-2.34.jar:/home/runner/.m2/repository/jakarta/ws/rs/jakarta.ws.rs-api/2.1.6/jakarta.ws.rs-api-2.1.6.jar:/home/runner/.m2/repository/org/glassfish/jersey/ext/cdi/jersey-cdi1x/2.34/jersey-cdi1x-2.34.jar:/home/runner/.m2/repository/org/glassfish/jersey/inject/jersey-hk2/2.34/jersey-hk2-2.34.jar:/home/runner/.m2/repository/org/glassfish/hk2/hk2-locator/2.6.1/hk2-locator-2.6.1.jar:/home/runner/.m2/repository/org/glassfish/jersey/media/jersey-media-jaxb/2.34/jersey-media-jaxb-2.34.jar:/home/runner/.m2/repository/org/glassfish/hk2/osgi-resource-locator/1.0.3/osgi-resource-locator-1.0.3.jar:/home/runner/.m2/repository/org/glassfish/hk2/hk2-api/2.5.0/hk2-api-2.5.0.jar:/home/runner/.m2/repository/org/glassfish/hk2/hk2-utils/2.5.0/hk2-utils-2.5.0.jar:/home/runner/.m2/repository/org/glassfish/hk2/external/aopalliance-repackaged/2.5.0/aopalliance-repackaged-2.5.0.jar:/home/runner/.m2/repository/com/fasterxml/jackson/dataformat/jackson-dataformat-xml/2.13.4/jackson-dataformat-xml-2.13.4.jar:/home/runner/.m2/repository/org/codehaus/woodstox/stax2-api/4.2.1/stax2-api-4.2.1.jar:/home/runner/.m2/repository/com/fasterxml/woodstox/woodstox-core/5.4.0/woodstox-core-5.4.0.jar:/home/runner/.m2/repository/com/fasterxml/jackson/module/jackson-module-jaxb-annotations/2.13.4/jackson-module-jaxb-annotations-2.13.4.jar:/home/runner/.m2/repository/jakarta/xml/bind/jakarta.xml.bind-api/2.3.3/jakarta.xml.bind-api-2.3.3.jar:/home/runner/.m2/repository/jakarta/activation/jakarta.activation-api/1.2.2/jakarta.activation-api-1.2.2.jar:/home/runner/.m2/repository/javax/enterprise/cdi-api/2.0/cdi-api-2.0.jar:/home/runner/.m2/repository/javax/el/javax.el-api/3.0.0/javax.el-api-3.0.0.jar:/home/runner/.m2/repository/javax/interceptor/javax.interceptor-api/1.2/javax.interceptor-api-1.2.jar:/home/runner/.m2/repository/javax/inject/javax.inject/1/javax.inject-1.jar:/home/runner/.m2/repository/javax/xml/bind/jaxb-api/2.3.0/jaxb-api-2.3.0.jar:/home/runner/.m2/repository/org/glassfish/jaxb/jaxb-runtime/2.3.0.1/jaxb-runtime-2.3.0.1.jar:/home/runner/.m2/repository/org/glassfish/jaxb/jaxb-core/2.3.0.1/jaxb-core-2.3.0.1.jar:/home/runner/.m2/repository/org/glassfish/jaxb/txw2/2.3.0.1/txw2-2.3.0.1.jar:/home/runner/.m2/repository/com/sun/istack/istack-commons-runtime/3.0.5/istack-commons-runtime-3.0.5.jar:/home/runner/.m2/repository/org/jvnet/staxex/stax-ex/1.7.8/stax-ex-1.7.8.jar:/home/runner/.m2/repository/com/sun/xml/fastinfoset/FastInfoset/1.2.13/FastInfoset-1.2.13.jar:/home/runner/.m2/repository/javax/activation/activation/1.1.1/activation-1.1.1.jar:/home/runner/.m2/repository/io/grpc/grpc-protobuf/1.51.1/grpc-protobuf-1.51.1.jar:/home/runner/.m2/repository/com/google/api/grpc/proto-google-common-protos/2.9.0/proto-google-common-protos-2.9.0.jar:/home/runner/.m2/repository/io/grpc/grpc-protobuf-lite/1.51.1/grpc-protobuf-lite-1.51.1.jar:/home/runner/.m2/repository/io/grpc/grpc-stub/1.51.1/grpc-stub-1.51.1.jar:/home/runner/.m2/repository/io/netty/netty-transport/4.1.94.Final/netty-transport-4.1.94.Final.jar:/home/runner/.m2/repository/io/netty/netty-resolver/4.1.94.Final/netty-resolver-4.1.94.Final.jar:/home/runner/.m2/repository/org/apache/ozone/ozone-csi/1.4.0-SNAPSHOT/ozone-csi-1.4.0-SNAPSHOT.jar:/home/runner/.m2/repository/com/google/protobuf/protobuf-java-util/3.19.6/protobuf-java-util-3.19.6.jar:/home/runner/.m2/repository/com/google/code/gson/gson/2.9.0/gson-2.9.0.jar:/home/runner/.m2/repository/org/apache/ozone/hdds-config/1.4.0-SNAPSHOT/hdds-config-1.4.0-SNAPSHOT.jar:/home/runner/.m2/repository/io/netty/netty-transport-native-epoll/4.1.94.Final/netty-transport-native-epoll-4.1.94.Final-linux-x86_64.jar:/home/runner/.m2/repository/io/netty/netty-transport-classes-epoll/4.1.94.Final/netty-transport-classes-epoll-4.1.94.Final.jar:/home/runner/.m2/repository/io/netty/netty-transport-native-unix-common/4.1.94.Final/netty-transport-native-unix-common-4.1.94.Final.jar:/home/runner/.m2/repository/org/apache/ozone/ozone-recon/1.4.0-SNAPSHOT/ozone-recon-1.4.0-SNAPSHOT.jar:/home/runner/.m2/repository/org/apache/ozone/ozone-reconcodegen/1.4.0-SNAPSHOT/ozone-reconcodegen-1.4.0-SNAPSHOT.jar:/home/runner/.m2/repository/com/google/inject/guice/5.1.0/guice-5.1.0.jar:/home/runner/.m2/repository/aopalliance/aopalliance/1.0/aopalliance-1.0.jar:/home/runner/.m2/repository/com/google/inject/extensions/guice-assistedinject/5.1.0/guice-assistedinject-5.1.0.jar:/home/runner/.m2/repository/com/google/inject/extensions/guice-servlet/5.1.0/guice-servlet-5.1.0.jar:/home/runner/.m2/repository/org/glassfish/jersey/containers/jersey-container-servlet/2.34/jersey-container-servlet-2.34.jar:/home/runner/.m2/repository/org/glassfish/hk2/guice-bridge/2.5.0/guice-bridge-2.5.0.jar:/home/runner/.m2/repository/org/glassfish/jersey/core/jersey-server/2.34/jersey-server-2.34.jar:/home/runner/.m2/repository/org/glassfish/jersey/core/jersey-client/2.34/jersey-client-2.34.jar:/home/runner/.m2/repository/jakarta/annotation/jakarta.annotation-api/1.3.5/jakarta.annotation-api-1.3.5.jar:/home/runner/.m2/repository/jakarta/validation/jakarta.validation-api/2.0.2/jakarta.validation-api-2.0.2.jar:/home/runner/.m2/repository/org/glassfish/jersey/media/jersey-media-json-jackson/2.34/jersey-media-json-jackson-2.34.jar:/home/runner/.m2/repository/org/glassfish/jersey/ext/jersey-entity-filtering/2.34/jersey-entity-filtering-2.34.jar:/home/runner/.m2/repository/org/jooq/jooq/3.11.10/jooq-3.11.10.jar:/home/runner/.m2/repository/org/jooq/jooq-meta/3.11.10/jooq-meta-3.11.10.jar:/home/runner/.m2/repository/org/jooq/jooq-codegen/3.11.10/jooq-codegen-3.11.10.jar:/home/runner/.m2/repository/com/jolbox/bonecp/0.8.0.RELEASE/bonecp-0.8.0.RELEASE.jar:/home/runner/.m2/repository/org/apache/derby/derby/10.14.2.0/derby-10.14.2.0.jar:/home/runner/.m2/repository/org/xerial/sqlite-jdbc/3.41.2.2/sqlite-jdbc-3.41.2.2.jar:/home/runner/.m2/repository/org/springframework/spring-jdbc/5.3.27/spring-jdbc-5.3.27.jar:/home/runner/.m2/repository/org/springframework/spring-beans/5.3.27/spring-beans-5.3.27.jar:/home/runner/.m2/repository/org/springframework/spring-core/5.3.27/spring-core-5.3.27.jar:/home/runner/.m2/repository/org/springframework/spring-tx/5.3.27/spring-tx-5.3.27.jar:/home/runner/.m2/repository/org/apache/ozone/ozone-client/1.4.0-SNAPSHOT/ozone-client-1.4.0-SNAPSHOT.jar:/home/runner/.m2/repository/org/apache/ozone/hdds-erasurecode/1.4.0-SNAPSHOT/hdds-erasurecode-1.4.0-SNAPSHOT.jar:/home/runner/.m2/repository/org/apache/ozone/ozone-filesystem/1.4.0-SNAPSHOT/ozone-filesystem-1.4.0-SNAPSHOT.jar:/home/runner/.m2/repository/org/apache/ozone/ozone-filesystem-common/1.4.0-SNAPSHOT/ozone-filesystem-common-1.4.0-SNAPSHOT.jar:/home/runner/.m2/repository/org/apache/ozone/ozone-tools/1.4.0-SNAPSHOT/ozone-tools-1.4.0-SNAPSHOT.jar:/home/runner/.m2/repository/com/amazonaws/aws-java-sdk-core/1.12.261/aws-java-sdk-core-1.12.261.jar:/home/runner/.m2/repository/org/apache/httpcomponents/httpclient/4.5.13/httpclient-4.5.13.jar:/home/runner/.m2/repository/org/apache/httpcomponents/httpcore/4.4.13/httpcore-4.4.13.jar:/home/runner/.m2/repository/software/amazon/ion/ion-java/1.0.2/ion-java-1.0.2.jar:/home/runner/.m2/repository/com/fasterxml/jackson/dataformat/jackson-dataformat-cbor/2.13.4/jackson-dataformat-cbor-2.13.4.jar:/home/runner/.m2/repository/joda-time/joda-time/2.10.6/joda-time-2.10.6.jar:/home/runner/.m2/repository/com/amazonaws/aws-java-sdk-s3/1.12.261/aws-java-sdk-s3-1.12.261.jar:/home/runner/.m2/repository/com/amazonaws/aws-java-sdk-kms/1.12.261/aws-java-sdk-kms-1.12.261.jar:/home/runner/.m2/repository/com/amazonaws/jmespath-java/1.12.261/jmespath-java-1.12.261.jar:/home/runner/.m2/repository/org/kohsuke/metainf-services/metainf-services/1.8/metainf-services-1.8.jar:/home/runner/.m2/repository/org/apache/ozone/hdds-tools/1.4.0-SNAPSHOT/hdds-tools-1.4.0-SNAPSHOT.jar:/home/runner/.m2/repository/org/apache/ratis/ratis-tools/2.5.1/ratis-tools-2.5.1.jar:/home/runner/.m2/repository/commons-cli/commons-cli/1.2/commons-cli-1.2.jar:/home/runner/.m2/repository/org/apache/commons/commons-lang3/3.7/commons-lang3-3.7.jar:/home/runner/.m2/repository/org/apache/ozone/ozone-manager/1.4.0-SNAPSHOT/ozone-manager-1.4.0-SNAPSHOT-tests.jar:/home/runner/.m2/repository/org/apache/ozone/hdds-common/1.4.0-SNAPSHOT/hdds-common-1.4.0-SNAPSHOT-tests.jar:/home/runner/.m2/repository/org/apache/ozone/hdds-hadoop-dependency-client/1.4.0-SNAPSHOT/hdds-hadoop-dependency-client-1.4.0-SNAPSHOT.jar:/home/runner/.m2/repository/info/picocli/picocli/4.6.1/picocli-4.6.1.jar:/home/runner/.m2/repository/com/fasterxml/jackson/core/jackson-annotations/2.13.4/jackson-annotations-2.13.4.jar:/home/runner/.m2/repository/org/apache/ozone/hdds-annotation-processing/1.4.0-SNAPSHOT/hdds-annotation-processing-1.4.0-SNAPSHOT.jar:/home/runner/.m2/repository/javax/annotation/javax.annotation-api/1.2/javax.annotation-api-1.2.jar:/home/runner/.m2/repository/org/apache/ratis/ratis-netty/2.5.1/ratis-netty-2.5.1.jar:/home/runner/.m2/repository/org/apache/ratis/ratis-grpc/2.5.1/ratis-grpc-2.5.1.jar:/home/runner/.m2/repository/org/apache/commons/commons-pool2/2.6.0/commons-pool2-2.6.0.jar:/home/runner/.m2/repository/org/bouncycastle/bcpkix-jdk15on/1.67/bcpkix-jdk15on-1.67.jar:/home/runner/.m2/repository/commons-validator/commons-validator/1.6/commons-validator-1.6.jar:/home/runner/.m2/repository/commons-beanutils/commons-beanutils/1.9.4/commons-beanutils-1.9.4.jar:/home/runner/.m2/repository/commons-digester/commons-digester/1.8.1/commons-digester-1.8.1.jar:/home/runner/.m2/repository/commons-collections/commons-collections/3.2.2/commons-collections-3.2.2.jar:/home/runner/.m2/repository/io/jaegertracing/jaeger-client/1.6.0/jaeger-client-1.6.0.jar:/home/runner/.m2/repository/io/jaegertracing/jaeger-thrift/1.6.0/jaeger-thrift-1.6.0.jar:/home/runner/.m2/repository/org/apache/thrift/libthrift/0.14.1/libthrift-0.14.1.jar:/home/runner/.m2/repository/io/jaegertracing/jaeger-core/1.6.0/jaeger-core-1.6.0.jar:/home/runner/.m2/repository/io/jaegertracing/jaeger-tracerresolver/1.6.0/jaeger-tracerresolver-1.6.0.jar:/home/runner/.m2/repository/io/opentracing/contrib/opentracing-tracerresolver/0.1.8/opentracing-tracerresolver-0.1.8.jar:/home/runner/.m2/repository/org/jetbrains/kotlin/kotlin-stdlib/1.6.21/kotlin-stdlib-1.6.21.jar:/home/runner/.m2/repository/org/jetbrains/annotations/13.0/annotations-13.0.jar:/home/runner/.m2/repository/io/opentracing/opentracing-util/0.33.0/opentracing-util-0.33.0.jar:/home/runner/.m2/repository/io/opentracing/opentracing-api/0.33.0/opentracing-api-0.33.0.jar:/home/runner/.m2/repository/io/opentracing/opentracing-noop/0.33.0/opentracing-noop-0.33.0.jar:/home/runner/.m2/repository/org/yaml/snakeyaml/2.0/snakeyaml-2.0.jar:/home/runner/.m2/repository/io/grpc/grpc-api/1.51.1/grpc-api-1.51.1.jar:/home/runner/.m2/repository/io/grpc/grpc-context/1.51.1/grpc-context-1.51.1.jar:/home/runner/.m2/repository/junit/junit/4.13.1/junit-4.13.1.jar:/home/runner/.m2/repository/org/hamcrest/hamcrest-core/1.3/hamcrest-core-1.3.jar:/home/runner/.m2/repository/org/junit/jupiter/junit-jupiter-api/5.8.2/junit-jupiter-api-5.8.2.jar:/home/runner/.m2/repository/org/opentest4j/opentest4j/1.2.0/opentest4j-1.2.0.jar:/home/runner/.m2/repository/org/junit/platform/junit-platform-commons/1.8.2/junit-platform-commons-1.8.2.jar:/home/runner/.m2/repository/org/apiguardian/apiguardian-api/1.1.2/apiguardian-api-1.1.2.jar:/home/runner/.m2/repository/org/junit/jupiter/junit-jupiter-params/5.8.2/junit-jupiter-params-5.8.2.jar:/home/runner/.m2/repository/org/junit/jupiter/junit-jupiter-migrationsupport/5.8.2/junit-jupiter-migrationsupport-5.8.2.jar:/home/runner/.m2/repository/org/junit/jupiter/junit-jupiter-engine/5.8.2/junit-jupiter-engine-5.8.2.jar:/home/runner/.m2/repository/org/junit/platform/junit-platform-engine/1.8.2/junit-platform-engine-1.8.2.jar:/home/runner/.m2/repository/org/junit/vintage/junit-vintage-engine/5.8.2/junit-vintage-engine-5.8.2.jar:/home/runner/.m2/repository/org/junit/platform/junit-platform-launcher/1.8.2/junit-platform-launcher-1.8.2.jar:/home/runner/.m2/repository/org/mockito/mockito-core/3.5.9/mockito-core-3.5.9.jar:/home/runner/.m2/repository/net/bytebuddy/byte-buddy/1.10.13/byte-buddy-1.10.13.jar:/home/runner/.m2/repository/net/bytebuddy/byte-buddy-agent/1.10.13/byte-buddy-agent-1.10.13.jar:/home/runner/.m2/repository/org/objenesis/objenesis/1.0/objenesis-1.0.jar:/home/runner/.m2/repository/org/apache/hadoop/hadoop-kms/3.3.6/hadoop-kms-3.3.6.jar:/home/runner/.m2/repository/org/apache/hadoop/hadoop-auth/3.3.6/hadoop-auth-3.3.6.jar:/home/runner/.m2/repository/com/nimbusds/nimbus-jose-jwt/9.8.1/nimbus-jose-jwt-9.8.1.jar:/home/runner/.m2/repository/com/github/stephenc/jcip/jcip-annotations/1.0-1/jcip-annotations-1.0-1.jar:/home/runner/.m2/repository/org/apache/zookeeper/zookeeper/3.5.6/zookeeper-3.5.6.jar:/home/runner/.m2/repository/org/apache/zookeeper/zookeeper-jute/3.5.6/zookeeper-jute-3.5.6.jar:/home/runner/.m2/repository/org/apache/yetus/audience-annotations/0.5.0/audience-annotations-0.5.0.jar:/home/runner/.m2/repository/org/apache/curator/curator-framework/4.2.0/curator-framework-4.2.0.jar:/home/runner/.m2/repository/org/apache/hadoop/thirdparty/hadoop-shaded-guava/1.1.1/hadoop-shaded-guava-1.1.1.jar:/home/runner/.m2/repository/com/sun/jersey/jersey-core/1.19/jersey-core-1.19.jar:/home/runner/.m2/repository/javax/ws/rs/jsr311-api/1.1.1/jsr311-api-1.1.1.jar:/home/runner/.m2/repository/com/sun/jersey/jersey-server/1.19/jersey-server-1.19.jar:/home/runner/.m2/repository/javax/servlet/javax.servlet-api/3.1.0/javax.servlet-api-3.1.0.jar:/home/runner/.m2/repository/org/apache/hadoop/hadoop-common/3.3.6/hadoop-common-3.3.6.jar:/home/runner/.m2/repository/org/apache/commons/commons-math3/3.1.1/commons-math3-3.1.1.jar:/home/runner/.m2/repository/commons-net/commons-net/3.9.0/commons-net-3.9.0.jar:/home/runner/.m2/repository/com/sun/jersey/jersey-servlet/1.19/jersey-servlet-1.19.jar:/home/runner/.m2/repository/com/github/pjfanning/jersey-json/1.20/jersey-json-1.20.jar:/home/runner/.m2/repository/org/codehaus/jettison/jettison/1.1/jettison-1.1.jar:/home/runner/.m2/repository/com/sun/xml/bind/jaxb-impl/2.2.3-1/jaxb-impl-2.2.3-1.jar:/home/runner/.m2/repository/com/google/re2j/re2j/1.1/re2j-1.1.jar:/home/runner/.m2/repository/com/jcraft/jsch/0.1.54/jsch-0.1.54.jar:/home/runner/.m2/repository/org/apache/curator/curator-client/4.2.0/curator-client-4.2.0.jar:/home/runner/.m2/repository/org/apache/curator/curator-recipes/5.2.0/curator-recipes-5.2.0.jar:/home/runner/.m2/repository/org/apache/kerby/kerb-core/1.0.1/kerb-core-1.0.1.jar:/home/runner/.m2/repository/org/apache/kerby/kerby-pkix/1.0.1/kerby-pkix-1.0.1.jar:/home/runner/.m2/repository/org/apache/kerby/kerby-asn1/1.0.1/kerby-asn1-1.0.1.jar:/home/runner/.m2/repository/org/apache/kerby/kerby-util/1.0.1/kerby-util-1.0.1.jar:/home/runner/.m2/repository/dnsjava/dnsjava/2.1.7/dnsjava-2.1.7.jar:/home/runner/.m2/repository/org/xerial/snappy/snappy-java/1.1.8.2/snappy-java-1.1.8.2.jar:/home/runner/.m2/repository/com/fasterxml/jackson/core/jackson-databind/2.13.4.2/jackson-databind-2.13.4.2.jar:/home/runner/.m2/repository/org/apache/hadoop/hadoop-kms/3.3.6/hadoop-kms-3.3.6-tests.jar:/home/runner/.m2/repository/org/apache/ozone/hdds-server-scm/1.4.0-SNAPSHOT/hdds-server-scm-1.4.0-SNAPSHOT-tests.jar:/home/runner/.m2/repository/org/apache/ozone/hdds-container-service/1.4.0-SNAPSHOT/hdds-container-service-1.4.0-SNAPSHOT-tests.jar:/home/runner/.m2/repository/com/github/luben/zstd-jni/1.5.2-5/zstd-jni-1.5.2-5.jar:/home/runner/.m2/repository/commons-codec/commons-codec/1.15/commons-codec-1.15.jar:/home/runner/.m2/repository/io/netty/netty-codec/4.1.94.Final/netty-codec-4.1.94.Final.jar:/home/runner/.m2/repository/io/netty/netty-handler/4.1.94.Final/netty-handler-4.1.94.Final.jar:/home/runner/.m2/repository/org/apache/ozone/hdds-hadoop-dependency-test/1.4.0-SNAPSHOT/hdds-hadoop-dependency-test-1.4.0-SNAPSHOT.jar:/home/runner/.m2/repository/org/apache/hadoop/hadoop-common/3.3.6/hadoop-common-3.3.6-tests.jar:/home/runner/.m2/repository/org/apache/hadoop/hadoop-hdfs/3.3.6/hadoop-hdfs-3.3.6-tests.jar:/home/runner/.m2/repository/org/assertj/assertj-core/3.12.2/assertj-core-3.12.2.jar:/home/runner/.m2/repository/org/apache/hadoop/hadoop-distcp/3.3.6/hadoop-distcp-3.3.6.jar:/home/runner/.m2/repository/org/apache/hadoop/hadoop-mapreduce-client-jobclient/3.3.6/hadoop-mapreduce-client-jobclient-3.3.6.jar:/home/runner/.m2/repository/org/apache/hadoop/hadoop-mapreduce-client-common/3.3.6/hadoop-mapreduce-client-common-3.3.6.jar:/home/runner/.m2/repository/org/apache/hadoop/hadoop-yarn-common/3.3.6/hadoop-yarn-common-3.3.6.jar:/home/runner/.m2/repository/org/apache/hadoop/hadoop-yarn-api/3.3.6/hadoop-yarn-api-3.3.6.jar:/home/runner/.m2/repository/com/sun/jersey/contribs/jersey-guice/1.19/jersey-guice-1.19.jar:/home/runner/.m2/repository/com/fasterxml/jackson/jaxrs/jackson-jaxrs-json-provider/2.13.4/jackson-jaxrs-json-provider-2.13.4.jar:/home/runner/.m2/repository/com/fasterxml/jackson/jaxrs/jackson-jaxrs-base/2.13.4/jackson-jaxrs-base-2.13.4.jar:/home/runner/.m2/repository/org/apache/hadoop/hadoop-yarn-client/3.3.6/hadoop-yarn-client-3.3.6.jar:/home/runner/.m2/repository/org/eclipse/jetty/websocket/websocket-client/9.4.51.v20230217/websocket-client-9.4.51.v20230217.jar:/home/runner/.m2/repository/org/eclipse/jetty/websocket/websocket-common/9.4.51.v20230217/websocket-common-9.4.51.v20230217.jar:/home/runner/.m2/repository/org/eclipse/jetty/websocket/websocket-api/9.4.51.v20230217/websocket-api-9.4.51.v20230217.jar:/home/runner/.m2/repository/org/jline/jline/3.9.0/jline-3.9.0.jar:/home/runner/.m2/repository/org/apache/hadoop/hadoop-mapreduce-client-core/3.3.6/hadoop-mapreduce-client-core-3.3.6.jar:/home/runner/.m2/repository/org/apache/avro/avro/1.7.7/avro-1.7.7.jar:/home/runner/.m2/repository/com/thoughtworks/paranamer/paranamer/2.3/paranamer-2.3.jar:/home/runner/.m2/repository/org/apache/hadoop/hadoop-annotations/3.3.6/hadoop-annotations-3.3.6.jar:/usr/lib/jvm/temurin-8-jdk-amd64/jre/../lib/tools.jar:/home/runner/.m2/repository/io/netty/netty/3.10.6.Final/netty-3.10.6.Final.jar:/home/runner/.m2/repository/org/apache/hadoop/hadoop-distcp/3.3.6/hadoop-distcp-3.3.6-tests.jar:/home/runner/.m2/repository/org/slf4j/jul-to-slf4j/1.7.36/jul-to-slf4j-1.7.36.jar:"/>
    <property name="java.vm.vendor" value="Temurin"/>
    <property name="sun.arch.data.model" value="64"/>
    <property name="test.build.dir" value="/home/runner/work/ozone/ozone/hadoop-ozone/integration-test/target/test-dir"/>
    <property name="test.cache.data" value=""/>
    <property name="java.vendor.url" value="https://adoptium.net/"/>
    <property name="user.timezone" value="Etc/UTC"/>
    <property name="java.vm.specification.version" value="1.8"/>
    <property name="os.name" value="Linux"/>
    <property name="test.build.data" value="/home/runner/work/ozone/ozone/hadoop-ozone/integration-test/target/test-dir"/>
    <property name="sun.java.launcher" value="SUN_STANDARD"/>
    <property name="sun.boot.library.path" value="/usr/lib/jvm/temurin-8-jdk-amd64/jre/lib/amd64"/>
    <property name="sun.java.command" value="/home/runner/work/ozone/ozone/hadoop-ozone/integration-test/target/surefire/surefirebooter5246893984594785548.jar /home/runner/work/ozone/ozone/hadoop-ozone/integration-test/target/surefire 2023-10-08T16-19-27_476-jvmRun1 surefire2814699580105083108tmp surefire_83316824696470376751tmp"/>
    <property name="native.lib.tmp.dir" value="/tmp"/>
    <property name="surefire.test.class.path" value="/home/runner/work/ozone/ozone/hadoop-ozone/integration-test/target/test-classes:/home/runner/work/ozone/ozone/hadoop-ozone/integration-test/target/classes:/home/runner/.m2/repository/org/apache/ozone/ozone-common/1.4.0-SNAPSHOT/ozone-common-1.4.0-SNAPSHOT.jar:/home/runner/.m2/repository/io/grpc/grpc-netty/1.51.1/grpc-netty-1.51.1.jar:/home/runner/.m2/repository/io/grpc/grpc-core/1.51.1/grpc-core-1.51.1.jar:/home/runner/.m2/repository/com/google/android/annotations/4.1.1.4/annotations-4.1.1.4.jar:/home/runner/.m2/repository/org/codehaus/mojo/animal-sniffer-annotations/1.21/animal-sniffer-annotations-1.21.jar:/home/runner/.m2/repository/com/google/errorprone/error_prone_annotations/2.2.0/error_prone_annotations-2.2.0.jar:/home/runner/.m2/repository/io/perfmark/perfmark-api/0.25.0/perfmark-api-0.25.0.jar:/home/runner/.m2/repository/io/netty/netty-codec-http2/4.1.94.Final/netty-codec-http2-4.1.94.Final.jar:/home/runner/.m2/repository/io/netty/netty-common/4.1.94.Final/netty-common-4.1.94.Final.jar:/home/runner/.m2/repository/io/netty/netty-buffer/4.1.94.Final/netty-buffer-4.1.94.Final.jar:/home/runner/.m2/repository/io/netty/netty-codec-http/4.1.94.Final/netty-codec-http-4.1.94.Final.jar:/home/runner/.m2/repository/io/netty/netty-handler-proxy/4.1.94.Final/netty-handler-proxy-4.1.94.Final.jar:/home/runner/.m2/repository/io/netty/netty-codec-socks/4.1.94.Final/netty-codec-socks-4.1.94.Final.jar:/home/runner/.m2/repository/io/netty/netty-tcnative-boringssl-static/2.0.61.Final/netty-tcnative-boringssl-static-2.0.61.Final.jar:/home/runner/.m2/repository/io/netty/netty-tcnative-classes/2.0.61.Final/netty-tcnative-classes-2.0.61.Final.jar:/home/runner/.m2/repository/io/netty/netty-tcnative-boringssl-static/2.0.61.Final/netty-tcnative-boringssl-static-2.0.61.Final-linux-x86_64.jar:/home/runner/.m2/repository/io/netty/netty-tcnative-boringssl-static/2.0.61.Final/netty-tcnative-boringssl-static-2.0.61.Final-linux-aarch_64.jar:/home/runner/.m2/repository/io/netty/netty-tcnative-boringssl-static/2.0.61.Final/netty-tcnative-boringssl-static-2.0.61.Final-osx-x86_64.jar:/home/runner/.m2/repository/io/netty/netty-tcnative-boringssl-static/2.0.61.Final/netty-tcnative-boringssl-static-2.0.61.Final-osx-aarch_64.jar:/home/runner/.m2/repository/io/netty/netty-tcnative-boringssl-static/2.0.61.Final/netty-tcnative-boringssl-static-2.0.61.Final-windows-x86_64.jar:/home/runner/.m2/repository/org/apache/commons/commons-compress/1.21/commons-compress-1.21.jar:/home/runner/.m2/repository/org/apache/ozone/hdds-common/1.4.0-SNAPSHOT/hdds-common-1.4.0-SNAPSHOT.jar:/home/runner/.m2/repository/org/apache/ozone/hdds-client/1.4.0-SNAPSHOT/hdds-client-1.4.0-SNAPSHOT.jar:/home/runner/.m2/repository/org/apache/ozone/ozone-interface-client/1.4.0-SNAPSHOT/ozone-interface-client-1.4.0-SNAPSHOT.jar:/home/runner/.m2/repository/org/apache/hadoop/hadoop-hdfs-client/3.3.6/hadoop-hdfs-client-3.3.6.jar:/home/runner/.m2/repository/com/squareup/okhttp3/okhttp/4.9.3/okhttp-4.9.3.jar:/home/runner/.m2/repository/com/squareup/okio/okio/3.4.0/okio-3.4.0.jar:/home/runner/.m2/repository/com/squareup/okio/okio-jvm/3.4.0/okio-jvm-3.4.0.jar:/home/runner/.m2/repository/org/jetbrains/kotlin/kotlin-stdlib-jdk8/1.8.0/kotlin-stdlib-jdk8-1.8.0.jar:/home/runner/.m2/repository/org/jetbrains/kotlin/kotlin-stdlib-jdk7/1.8.0/kotlin-stdlib-jdk7-1.8.0.jar:/home/runner/.m2/repository/org/jetbrains/kotlin/kotlin-stdlib-common/1.6.21/kotlin-stdlib-common-1.6.21.jar:/home/runner/.m2/repository/org/apache/ozone/hdds-test-utils/1.4.0-SNAPSHOT/hdds-test-utils-1.4.0-SNAPSHOT.jar:/home/runner/.m2/repository/com/google/guava/guava/32.0.0-jre/guava-32.0.0-jre.jar:/home/runner/.m2/repository/com/google/guava/failureaccess/1.0.1/failureaccess-1.0.1.jar:/home/runner/.m2/repository/com/google/guava/listenablefuture/9999.0-empty-to-avoid-conflict-with-guava/listenablefuture-9999.0-empty-to-avoid-conflict-with-guava.jar:/home/runner/.m2/repository/com/google/code/findbugs/jsr305/3.0.0/jsr305-3.0.0.jar:/home/runner/.m2/repository/org/checkerframework/checker-qual/3.33.0/checker-qual-3.33.0.jar:/home/runner/.m2/repository/com/google/j2objc/j2objc-annotations/2.8/j2objc-annotations-2.8.jar:/home/runner/.m2/repository/commons-io/commons-io/2.11.0/commons-io-2.11.0.jar:/home/runner/.m2/repository/commons-logging/commons-logging/1.2/commons-logging-1.2.jar:/home/runner/.m2/repository/ch/qos/reload4j/reload4j/1.2.22/reload4j-1.2.22.jar:/home/runner/.m2/repository/org/slf4j/slf4j-api/1.7.36/slf4j-api-1.7.36.jar:/home/runner/.m2/repository/org/apache/logging/log4j/log4j-api/2.17.1/log4j-api-2.17.1.jar:/home/runner/.m2/repository/org/apache/ozone/hdds-server-scm/1.4.0-SNAPSHOT/hdds-server-scm-1.4.0-SNAPSHOT.jar:/home/runner/.m2/repository/org/apache/ozone/hdds-container-service/1.4.0-SNAPSHOT/hdds-container-service-1.4.0-SNAPSHOT.jar:/home/runner/.m2/repository/org/apache/ozone/hdds-hadoop-dependency-server/1.4.0-SNAPSHOT/hdds-hadoop-dependency-server-1.4.0-SNAPSHOT.jar:/home/runner/.m2/repository/org/apache/hadoop/hadoop-hdfs/3.3.6/hadoop-hdfs-3.3.6.jar:/home/runner/.m2/repository/commons-daemon/commons-daemon/1.0.13/commons-daemon-1.0.13.jar:/home/runner/.m2/repository/org/apache/ozone/hdds-server-framework/1.4.0-SNAPSHOT/hdds-server-framework-1.4.0-SNAPSHOT.jar:/home/runner/.m2/repository/io/dropwizard/metrics/metrics-core/3.2.4/metrics-core-3.2.4.jar:/home/runner/.m2/repository/org/apache/commons/commons-text/1.10.0/commons-text-1.10.0.jar:/home/runner/.m2/repository/org/bouncycastle/bcprov-jdk15on/1.67/bcprov-jdk15on-1.67.jar:/home/runner/.m2/repository/com/google/protobuf/protobuf-java/2.5.0/protobuf-java-2.5.0.jar:/home/runner/.m2/repository/org/apache/ozone/hdds-server-framework/1.4.0-SNAPSHOT/hdds-server-framework-1.4.0-SNAPSHOT-tests.jar:/home/runner/.m2/repository/org/apache/ozone/hdds-interface-server/1.4.0-SNAPSHOT/hdds-interface-server-1.4.0-SNAPSHOT.jar:/home/runner/.m2/repository/org/apache/ozone/hdds-interface-admin/1.4.0-SNAPSHOT/hdds-interface-admin-1.4.0-SNAPSHOT.jar:/home/runner/.m2/repository/org/apache/ozone/hdds-managed-rocksdb/1.4.0-SNAPSHOT/hdds-managed-rocksdb-1.4.0-SNAPSHOT.jar:/home/runner/.m2/repository/org/rocksdb/rocksdbjni/7.7.3/rocksdbjni-7.7.3.jar:/home/runner/.m2/repository/org/slf4j/slf4j-reload4j/1.7.36/slf4j-reload4j-1.7.36.jar:/home/runner/.m2/repository/org/apache/commons/commons-configuration2/2.1.1/commons-configuration2-2.1.1.jar:/home/runner/.m2/repository/commons-fileupload/commons-fileupload/1.5/commons-fileupload-1.5.jar:/home/runner/.m2/repository/org/apache/logging/log4j/log4j-core/2.17.1/log4j-core-2.17.1.jar:/home/runner/.m2/repository/com/lmax/disruptor/3.4.2/disruptor-3.4.2.jar:/home/runner/.m2/repository/org/eclipse/jetty/jetty-util/9.4.52.v20230823/jetty-util-9.4.52.v20230823.jar:/home/runner/.m2/repository/org/eclipse/jetty/jetty-server/9.4.52.v20230823/jetty-server-9.4.52.v20230823.jar:/home/runner/.m2/repository/org/eclipse/jetty/jetty-http/9.4.52.v20230823/jetty-http-9.4.52.v20230823.jar:/home/runner/.m2/repository/org/eclipse/jetty/jetty-io/9.4.52.v20230823/jetty-io-9.4.52.v20230823.jar:/home/runner/.m2/repository/org/eclipse/jetty/jetty-servlet/9.4.52.v20230823/jetty-servlet-9.4.52.v20230823.jar:/home/runner/.m2/repository/org/eclipse/jetty/jetty-security/9.4.52.v20230823/jetty-security-9.4.52.v20230823.jar:/home/runner/.m2/repository/org/eclipse/jetty/jetty-util-ajax/9.4.52.v20230823/jetty-util-ajax-9.4.52.v20230823.jar:/home/runner/.m2/repository/org/eclipse/jetty/jetty-webapp/9.4.52.v20230823/jetty-webapp-9.4.52.v20230823.jar:/home/runner/.m2/repository/org/eclipse/jetty/jetty-xml/9.4.52.v20230823/jetty-xml-9.4.52.v20230823.jar:/home/runner/.m2/repository/org/apache/ratis/ratis-server/2.5.1/ratis-server-2.5.1.jar:/home/runner/.m2/repository/org/apache/ratis/ratis-thirdparty-misc/1.0.4/ratis-thirdparty-misc-1.0.4.jar:/home/runner/.m2/repository/org/apache/ratis/ratis-proto/2.5.1/ratis-proto-2.5.1.jar:/home/runner/.m2/repository/org/apache/ratis/ratis-common/2.5.1/ratis-common-2.5.1.jar:/home/runner/.m2/repository/org/apache/ratis/ratis-client/2.5.1/ratis-client-2.5.1.jar:/home/runner/.m2/repository/org/apache/ratis/ratis-server-api/2.5.1/ratis-server-api-2.5.1.jar:/home/runner/.m2/repository/org/apache/ratis/ratis-metrics/2.5.1/ratis-metrics-2.5.1.jar:/home/runner/.m2/repository/io/prometheus/simpleclient_dropwizard/0.7.0/simpleclient_dropwizard-0.7.0.jar:/home/runner/.m2/repository/io/prometheus/simpleclient/0.7.0/simpleclient-0.7.0.jar:/home/runner/.m2/repository/io/prometheus/simpleclient_common/0.7.0/simpleclient_common-0.7.0.jar:/home/runner/.m2/repository/com/fasterxml/jackson/datatype/jackson-datatype-jsr310/2.13.4/jackson-datatype-jsr310-2.13.4.jar:/home/runner/.m2/repository/com/fasterxml/jackson/core/jackson-core/2.13.4/jackson-core-2.13.4.jar:/home/runner/.m2/repository/com/github/spotbugs/spotbugs-annotations/3.1.12/spotbugs-annotations-3.1.12.jar:/home/runner/.m2/repository/org/apache/ozone/rocksdb-checkpoint-differ/1.4.0-SNAPSHOT/rocksdb-checkpoint-differ-1.4.0-SNAPSHOT.jar:/home/runner/.m2/repository/org/jgrapht/jgrapht-core/1.0.1/jgrapht-core-1.0.1.jar:/home/runner/.m2/repository/org/jgrapht/jgrapht-ext/1.0.1/jgrapht-ext-1.0.1.jar:/home/runner/.m2/repository/org/tinyjee/jgraphx/jgraphx/2.0.0.1/jgraphx-2.0.0.1.jar:/home/runner/.m2/repository/jgraph/jgraph/5.13.0.0/jgraph-5.13.0.0.jar:/home/runner/.m2/repository/org/antlr/antlr4-runtime/4.5.3/antlr4-runtime-4.5.3.jar:/home/runner/.m2/repository/org/awaitility/awaitility/4.2.0/awaitility-4.2.0.jar:/home/runner/.m2/repository/org/hamcrest/hamcrest/2.1/hamcrest-2.1.jar:/home/runner/.m2/repository/org/apache/ozone/ozone-manager/1.4.0-SNAPSHOT/ozone-manager-1.4.0-SNAPSHOT.jar:/home/runner/.m2/repository/org/aspectj/aspectjrt/1.9.7/aspectjrt-1.9.7.jar:/home/runner/.m2/repository/org/aspectj/aspectjweaver/1.9.7/aspectjweaver-1.9.7.jar:/home/runner/.m2/repository/org/apache/ozone/hdds-interface-client/1.4.0-SNAPSHOT/hdds-interface-client-1.4.0-SNAPSHOT.jar:/home/runner/.m2/repository/org/apache/hadoop/thirdparty/hadoop-shaded-protobuf_3_7/1.1.1/hadoop-shaded-protobuf_3_7-1.1.1.jar:/home/runner/.m2/repository/org/apache/ozone/ozone-interface-storage/1.4.0-SNAPSHOT/ozone-interface-storage-1.4.0-SNAPSHOT.jar:/home/runner/.m2/repository/org/reflections/reflections/0.9.11/reflections-0.9.11.jar:/home/runner/.m2/repository/com/sun/jersey/jersey-client/1.19/jersey-client-1.19.jar:/home/runner/.m2/repository/org/codehaus/jackson/jackson-core-asl/1.9.13/jackson-core-asl-1.9.13.jar:/home/runner/.m2/repository/org/codehaus/jackson/jackson-mapper-asl/1.9.13/jackson-mapper-asl-1.9.13.jar:/home/runner/.m2/repository/org/codehaus/jackson/jackson-jaxrs/1.9.13/jackson-jaxrs-1.9.13.jar:/home/runner/.m2/repository/org/apache/ranger/ranger-intg/2.3.0/ranger-intg-2.3.0.jar:/home/runner/.m2/repository/org/apache/ranger/ranger-plugins-common/2.3.0/ranger-plugins-common-2.3.0.jar:/home/runner/.m2/repository/commons-lang/commons-lang/2.6/commons-lang-2.6.jar:/home/runner/.m2/repository/org/apache/ranger/ranger-plugins-cred/2.3.0/ranger-plugins-cred-2.3.0.jar:/home/runner/.m2/repository/org/apache/ranger/ranger-plugins-audit/2.3.0/ranger-plugins-audit-2.3.0.jar:/home/runner/.m2/repository/org/eclipse/jetty/jetty-client/9.4.52.v20230823/jetty-client-9.4.52.v20230823.jar:/home/runner/.m2/repository/org/apache/httpcomponents/httpmime/4.5.6/httpmime-4.5.6.jar:/home/runner/.m2/repository/org/apache/httpcomponents/httpcore-nio/4.4.13/httpcore-nio-4.4.13.jar:/home/runner/.m2/repository/org/apache/httpcomponents/httpasyncclient/4.1.3/httpasyncclient-4.1.3.jar:/home/runner/.m2/repository/com/carrotsearch/hppc/0.8.0/hppc-0.8.0.jar:/home/runner/.m2/repository/org/apache/orc/orc-core/1.5.8/orc-core-1.5.8.jar:/home/runner/.m2/repository/net/java/dev/jna/jna/5.2.0/jna-5.2.0.jar:/home/runner/.m2/repository/net/java/dev/jna/jna-platform/5.2.0/jna-platform-5.2.0.jar:/home/runner/.m2/repository/com/kstruct/gethostname4j/0.0.2/gethostname4j-0.0.2.jar:/home/runner/.m2/repository/org/apache/ranger/ranger-plugin-classloader/2.3.0/ranger-plugin-classloader-2.3.0.jar:/home/runner/.m2/repository/org/apache/ozone/hdds-rocks-native/1.4.0-SNAPSHOT/hdds-rocks-native-1.4.0-SNAPSHOT.jar:/home/runner/.m2/repository/org/apache/hadoop/hadoop-minikdc/3.3.6/hadoop-minikdc-3.3.6.jar:/home/runner/.m2/repository/org/apache/kerby/kerb-simplekdc/1.0.1/kerb-simplekdc-1.0.1.jar:/home/runner/.m2/repository/org/apache/kerby/kerb-client/1.0.1/kerb-client-1.0.1.jar:/home/runner/.m2/repository/org/apache/kerby/kerby-config/1.0.1/kerby-config-1.0.1.jar:/home/runner/.m2/repository/org/apache/kerby/kerb-common/1.0.1/kerb-common-1.0.1.jar:/home/runner/.m2/repository/org/apache/kerby/kerb-crypto/1.0.1/kerb-crypto-1.0.1.jar:/home/runner/.m2/repository/org/apache/kerby/kerb-util/1.0.1/kerb-util-1.0.1.jar:/home/runner/.m2/repository/org/apache/kerby/token-provider/1.0.1/token-provider-1.0.1.jar:/home/runner/.m2/repository/org/apache/kerby/kerb-admin/1.0.1/kerb-admin-1.0.1.jar:/home/runner/.m2/repository/org/apache/kerby/kerb-server/1.0.1/kerb-server-1.0.1.jar:/home/runner/.m2/repository/org/apache/kerby/kerb-identity/1.0.1/kerb-identity-1.0.1.jar:/home/runner/.m2/repository/org/apache/kerby/kerby-xdr/1.0.1/kerby-xdr-1.0.1.jar:/home/runner/.m2/repository/org/apache/ozone/ozone-s3gateway/1.4.0-SNAPSHOT/ozone-s3gateway-1.4.0-SNAPSHOT.jar:/home/runner/.m2/repository/org/javassist/javassist/3.21.0-GA/javassist-3.21.0-GA.jar:/home/runner/.m2/repository/org/jboss/weld/servlet/weld-servlet-shaded/3.1.9.Final/weld-servlet-shaded-3.1.9.Final.jar:/home/runner/.m2/repository/org/glassfish/jersey/containers/jersey-container-servlet-core/2.34/jersey-container-servlet-core-2.34.jar:/home/runner/.m2/repository/org/glassfish/hk2/external/jakarta.inject/2.6.1/jakarta.inject-2.6.1.jar:/home/runner/.m2/repository/org/glassfish/jersey/core/jersey-common/2.34/jersey-common-2.34.jar:/home/runner/.m2/repository/jakarta/ws/rs/jakarta.ws.rs-api/2.1.6/jakarta.ws.rs-api-2.1.6.jar:/home/runner/.m2/repository/org/glassfish/jersey/ext/cdi/jersey-cdi1x/2.34/jersey-cdi1x-2.34.jar:/home/runner/.m2/repository/org/glassfish/jersey/inject/jersey-hk2/2.34/jersey-hk2-2.34.jar:/home/runner/.m2/repository/org/glassfish/hk2/hk2-locator/2.6.1/hk2-locator-2.6.1.jar:/home/runner/.m2/repository/org/glassfish/jersey/media/jersey-media-jaxb/2.34/jersey-media-jaxb-2.34.jar:/home/runner/.m2/repository/org/glassfish/hk2/osgi-resource-locator/1.0.3/osgi-resource-locator-1.0.3.jar:/home/runner/.m2/repository/org/glassfish/hk2/hk2-api/2.5.0/hk2-api-2.5.0.jar:/home/runner/.m2/repository/org/glassfish/hk2/hk2-utils/2.5.0/hk2-utils-2.5.0.jar:/home/runner/.m2/repository/org/glassfish/hk2/external/aopalliance-repackaged/2.5.0/aopalliance-repackaged-2.5.0.jar:/home/runner/.m2/repository/com/fasterxml/jackson/dataformat/jackson-dataformat-xml/2.13.4/jackson-dataformat-xml-2.13.4.jar:/home/runner/.m2/repository/org/codehaus/woodstox/stax2-api/4.2.1/stax2-api-4.2.1.jar:/home/runner/.m2/repository/com/fasterxml/woodstox/woodstox-core/5.4.0/woodstox-core-5.4.0.jar:/home/runner/.m2/repository/com/fasterxml/jackson/module/jackson-module-jaxb-annotations/2.13.4/jackson-module-jaxb-annotations-2.13.4.jar:/home/runner/.m2/repository/jakarta/xml/bind/jakarta.xml.bind-api/2.3.3/jakarta.xml.bind-api-2.3.3.jar:/home/runner/.m2/repository/jakarta/activation/jakarta.activation-api/1.2.2/jakarta.activation-api-1.2.2.jar:/home/runner/.m2/repository/javax/enterprise/cdi-api/2.0/cdi-api-2.0.jar:/home/runner/.m2/repository/javax/el/javax.el-api/3.0.0/javax.el-api-3.0.0.jar:/home/runner/.m2/repository/javax/interceptor/javax.interceptor-api/1.2/javax.interceptor-api-1.2.jar:/home/runner/.m2/repository/javax/inject/javax.inject/1/javax.inject-1.jar:/home/runner/.m2/repository/javax/xml/bind/jaxb-api/2.3.0/jaxb-api-2.3.0.jar:/home/runner/.m2/repository/org/glassfish/jaxb/jaxb-runtime/2.3.0.1/jaxb-runtime-2.3.0.1.jar:/home/runner/.m2/repository/org/glassfish/jaxb/jaxb-core/2.3.0.1/jaxb-core-2.3.0.1.jar:/home/runner/.m2/repository/org/glassfish/jaxb/txw2/2.3.0.1/txw2-2.3.0.1.jar:/home/runner/.m2/repository/com/sun/istack/istack-commons-runtime/3.0.5/istack-commons-runtime-3.0.5.jar:/home/runner/.m2/repository/org/jvnet/staxex/stax-ex/1.7.8/stax-ex-1.7.8.jar:/home/runner/.m2/repository/com/sun/xml/fastinfoset/FastInfoset/1.2.13/FastInfoset-1.2.13.jar:/home/runner/.m2/repository/javax/activation/activation/1.1.1/activation-1.1.1.jar:/home/runner/.m2/repository/io/grpc/grpc-protobuf/1.51.1/grpc-protobuf-1.51.1.jar:/home/runner/.m2/repository/com/google/api/grpc/proto-google-common-protos/2.9.0/proto-google-common-protos-2.9.0.jar:/home/runner/.m2/repository/io/grpc/grpc-protobuf-lite/1.51.1/grpc-protobuf-lite-1.51.1.jar:/home/runner/.m2/repository/io/grpc/grpc-stub/1.51.1/grpc-stub-1.51.1.jar:/home/runner/.m2/repository/io/netty/netty-transport/4.1.94.Final/netty-transport-4.1.94.Final.jar:/home/runner/.m2/repository/io/netty/netty-resolver/4.1.94.Final/netty-resolver-4.1.94.Final.jar:/home/runner/.m2/repository/org/apache/ozone/ozone-csi/1.4.0-SNAPSHOT/ozone-csi-1.4.0-SNAPSHOT.jar:/home/runner/.m2/repository/com/google/protobuf/protobuf-java-util/3.19.6/protobuf-java-util-3.19.6.jar:/home/runner/.m2/repository/com/google/code/gson/gson/2.9.0/gson-2.9.0.jar:/home/runner/.m2/repository/org/apache/ozone/hdds-config/1.4.0-SNAPSHOT/hdds-config-1.4.0-SNAPSHOT.jar:/home/runner/.m2/repository/io/netty/netty-transport-native-epoll/4.1.94.Final/netty-transport-native-epoll-4.1.94.Final-linux-x86_64.jar:/home/runner/.m2/repository/io/netty/netty-transport-classes-epoll/4.1.94.Final/netty-transport-classes-epoll-4.1.94.Final.jar:/home/runner/.m2/repository/io/netty/netty-transport-native-unix-common/4.1.94.Final/netty-transport-native-unix-common-4.1.94.Final.jar:/home/runner/.m2/repository/org/apache/ozone/ozone-recon/1.4.0-SNAPSHOT/ozone-recon-1.4.0-SNAPSHOT.jar:/home/runner/.m2/repository/org/apache/ozone/ozone-reconcodegen/1.4.0-SNAPSHOT/ozone-reconcodegen-1.4.0-SNAPSHOT.jar:/home/runner/.m2/repository/com/google/inject/guice/5.1.0/guice-5.1.0.jar:/home/runner/.m2/repository/aopalliance/aopalliance/1.0/aopalliance-1.0.jar:/home/runner/.m2/repository/com/google/inject/extensions/guice-assistedinject/5.1.0/guice-assistedinject-5.1.0.jar:/home/runner/.m2/repository/com/google/inject/extensions/guice-servlet/5.1.0/guice-servlet-5.1.0.jar:/home/runner/.m2/repository/org/glassfish/jersey/containers/jersey-container-servlet/2.34/jersey-container-servlet-2.34.jar:/home/runner/.m2/repository/org/glassfish/hk2/guice-bridge/2.5.0/guice-bridge-2.5.0.jar:/home/runner/.m2/repository/org/glassfish/jersey/core/jersey-server/2.34/jersey-server-2.34.jar:/home/runner/.m2/repository/org/glassfish/jersey/core/jersey-client/2.34/jersey-client-2.34.jar:/home/runner/.m2/repository/jakarta/annotation/jakarta.annotation-api/1.3.5/jakarta.annotation-api-1.3.5.jar:/home/runner/.m2/repository/jakarta/validation/jakarta.validation-api/2.0.2/jakarta.validation-api-2.0.2.jar:/home/runner/.m2/repository/org/glassfish/jersey/media/jersey-media-json-jackson/2.34/jersey-media-json-jackson-2.34.jar:/home/runner/.m2/repository/org/glassfish/jersey/ext/jersey-entity-filtering/2.34/jersey-entity-filtering-2.34.jar:/home/runner/.m2/repository/org/jooq/jooq/3.11.10/jooq-3.11.10.jar:/home/runner/.m2/repository/org/jooq/jooq-meta/3.11.10/jooq-meta-3.11.10.jar:/home/runner/.m2/repository/org/jooq/jooq-codegen/3.11.10/jooq-codegen-3.11.10.jar:/home/runner/.m2/repository/com/jolbox/bonecp/0.8.0.RELEASE/bonecp-0.8.0.RELEASE.jar:/home/runner/.m2/repository/org/apache/derby/derby/10.14.2.0/derby-10.14.2.0.jar:/home/runner/.m2/repository/org/xerial/sqlite-jdbc/3.41.2.2/sqlite-jdbc-3.41.2.2.jar:/home/runner/.m2/repository/org/springframework/spring-jdbc/5.3.27/spring-jdbc-5.3.27.jar:/home/runner/.m2/repository/org/springframework/spring-beans/5.3.27/spring-beans-5.3.27.jar:/home/runner/.m2/repository/org/springframework/spring-core/5.3.27/spring-core-5.3.27.jar:/home/runner/.m2/repository/org/springframework/spring-tx/5.3.27/spring-tx-5.3.27.jar:/home/runner/.m2/repository/org/apache/ozone/ozone-client/1.4.0-SNAPSHOT/ozone-client-1.4.0-SNAPSHOT.jar:/home/runner/.m2/repository/org/apache/ozone/hdds-erasurecode/1.4.0-SNAPSHOT/hdds-erasurecode-1.4.0-SNAPSHOT.jar:/home/runner/.m2/repository/org/apache/ozone/ozone-filesystem/1.4.0-SNAPSHOT/ozone-filesystem-1.4.0-SNAPSHOT.jar:/home/runner/.m2/repository/org/apache/ozone/ozone-filesystem-common/1.4.0-SNAPSHOT/ozone-filesystem-common-1.4.0-SNAPSHOT.jar:/home/runner/.m2/repository/org/apache/ozone/ozone-tools/1.4.0-SNAPSHOT/ozone-tools-1.4.0-SNAPSHOT.jar:/home/runner/.m2/repository/com/amazonaws/aws-java-sdk-core/1.12.261/aws-java-sdk-core-1.12.261.jar:/home/runner/.m2/repository/org/apache/httpcomponents/httpclient/4.5.13/httpclient-4.5.13.jar:/home/runner/.m2/repository/org/apache/httpcomponents/httpcore/4.4.13/httpcore-4.4.13.jar:/home/runner/.m2/repository/software/amazon/ion/ion-java/1.0.2/ion-java-1.0.2.jar:/home/runner/.m2/repository/com/fasterxml/jackson/dataformat/jackson-dataformat-cbor/2.13.4/jackson-dataformat-cbor-2.13.4.jar:/home/runner/.m2/repository/joda-time/joda-time/2.10.6/joda-time-2.10.6.jar:/home/runner/.m2/repository/com/amazonaws/aws-java-sdk-s3/1.12.261/aws-java-sdk-s3-1.12.261.jar:/home/runner/.m2/repository/com/amazonaws/aws-java-sdk-kms/1.12.261/aws-java-sdk-kms-1.12.261.jar:/home/runner/.m2/repository/com/amazonaws/jmespath-java/1.12.261/jmespath-java-1.12.261.jar:/home/runner/.m2/repository/org/kohsuke/metainf-services/metainf-services/1.8/metainf-services-1.8.jar:/home/runner/.m2/repository/org/apache/ozone/hdds-tools/1.4.0-SNAPSHOT/hdds-tools-1.4.0-SNAPSHOT.jar:/home/runner/.m2/repository/org/apache/ratis/ratis-tools/2.5.1/ratis-tools-2.5.1.jar:/home/runner/.m2/repository/commons-cli/commons-cli/1.2/commons-cli-1.2.jar:/home/runner/.m2/repository/org/apache/commons/commons-lang3/3.7/commons-lang3-3.7.jar:/home/runner/.m2/repository/org/apache/ozone/ozone-manager/1.4.0-SNAPSHOT/ozone-manager-1.4.0-SNAPSHOT-tests.jar:/home/runner/.m2/repository/org/apache/ozone/hdds-common/1.4.0-SNAPSHOT/hdds-common-1.4.0-SNAPSHOT-tests.jar:/home/runner/.m2/repository/org/apache/ozone/hdds-hadoop-dependency-client/1.4.0-SNAPSHOT/hdds-hadoop-dependency-client-1.4.0-SNAPSHOT.jar:/home/runner/.m2/repository/info/picocli/picocli/4.6.1/picocli-4.6.1.jar:/home/runner/.m2/repository/com/fasterxml/jackson/core/jackson-annotations/2.13.4/jackson-annotations-2.13.4.jar:/home/runner/.m2/repository/org/apache/ozone/hdds-annotation-processing/1.4.0-SNAPSHOT/hdds-annotation-processing-1.4.0-SNAPSHOT.jar:/home/runner/.m2/repository/javax/annotation/javax.annotation-api/1.2/javax.annotation-api-1.2.jar:/home/runner/.m2/repository/org/apache/ratis/ratis-netty/2.5.1/ratis-netty-2.5.1.jar:/home/runner/.m2/repository/org/apache/ratis/ratis-grpc/2.5.1/ratis-grpc-2.5.1.jar:/home/runner/.m2/repository/org/apache/commons/commons-pool2/2.6.0/commons-pool2-2.6.0.jar:/home/runner/.m2/repository/org/bouncycastle/bcpkix-jdk15on/1.67/bcpkix-jdk15on-1.67.jar:/home/runner/.m2/repository/commons-validator/commons-validator/1.6/commons-validator-1.6.jar:/home/runner/.m2/repository/commons-beanutils/commons-beanutils/1.9.4/commons-beanutils-1.9.4.jar:/home/runner/.m2/repository/commons-digester/commons-digester/1.8.1/commons-digester-1.8.1.jar:/home/runner/.m2/repository/commons-collections/commons-collections/3.2.2/commons-collections-3.2.2.jar:/home/runner/.m2/repository/io/jaegertracing/jaeger-client/1.6.0/jaeger-client-1.6.0.jar:/home/runner/.m2/repository/io/jaegertracing/jaeger-thrift/1.6.0/jaeger-thrift-1.6.0.jar:/home/runner/.m2/repository/org/apache/thrift/libthrift/0.14.1/libthrift-0.14.1.jar:/home/runner/.m2/repository/io/jaegertracing/jaeger-core/1.6.0/jaeger-core-1.6.0.jar:/home/runner/.m2/repository/io/jaegertracing/jaeger-tracerresolver/1.6.0/jaeger-tracerresolver-1.6.0.jar:/home/runner/.m2/repository/io/opentracing/contrib/opentracing-tracerresolver/0.1.8/opentracing-tracerresolver-0.1.8.jar:/home/runner/.m2/repository/org/jetbrains/kotlin/kotlin-stdlib/1.6.21/kotlin-stdlib-1.6.21.jar:/home/runner/.m2/repository/org/jetbrains/annotations/13.0/annotations-13.0.jar:/home/runner/.m2/repository/io/opentracing/opentracing-util/0.33.0/opentracing-util-0.33.0.jar:/home/runner/.m2/repository/io/opentracing/opentracing-api/0.33.0/opentracing-api-0.33.0.jar:/home/runner/.m2/repository/io/opentracing/opentracing-noop/0.33.0/opentracing-noop-0.33.0.jar:/home/runner/.m2/repository/org/yaml/snakeyaml/2.0/snakeyaml-2.0.jar:/home/runner/.m2/repository/io/grpc/grpc-api/1.51.1/grpc-api-1.51.1.jar:/home/runner/.m2/repository/io/grpc/grpc-context/1.51.1/grpc-context-1.51.1.jar:/home/runner/.m2/repository/junit/junit/4.13.1/junit-4.13.1.jar:/home/runner/.m2/repository/org/hamcrest/hamcrest-core/1.3/hamcrest-core-1.3.jar:/home/runner/.m2/repository/org/junit/jupiter/junit-jupiter-api/5.8.2/junit-jupiter-api-5.8.2.jar:/home/runner/.m2/repository/org/opentest4j/opentest4j/1.2.0/opentest4j-1.2.0.jar:/home/runner/.m2/repository/org/junit/platform/junit-platform-commons/1.8.2/junit-platform-commons-1.8.2.jar:/home/runner/.m2/repository/org/apiguardian/apiguardian-api/1.1.2/apiguardian-api-1.1.2.jar:/home/runner/.m2/repository/org/junit/jupiter/junit-jupiter-params/5.8.2/junit-jupiter-params-5.8.2.jar:/home/runner/.m2/repository/org/junit/jupiter/junit-jupiter-migrationsupport/5.8.2/junit-jupiter-migrationsupport-5.8.2.jar:/home/runner/.m2/repository/org/junit/jupiter/junit-jupiter-engine/5.8.2/junit-jupiter-engine-5.8.2.jar:/home/runner/.m2/repository/org/junit/platform/junit-platform-engine/1.8.2/junit-platform-engine-1.8.2.jar:/home/runner/.m2/repository/org/junit/vintage/junit-vintage-engine/5.8.2/junit-vintage-engine-5.8.2.jar:/home/runner/.m2/repository/org/junit/platform/junit-platform-launcher/1.8.2/junit-platform-launcher-1.8.2.jar:/home/runner/.m2/repository/org/mockito/mockito-core/3.5.9/mockito-core-3.5.9.jar:/home/runner/.m2/repository/net/bytebuddy/byte-buddy/1.10.13/byte-buddy-1.10.13.jar:/home/runner/.m2/repository/net/bytebuddy/byte-buddy-agent/1.10.13/byte-buddy-agent-1.10.13.jar:/home/runner/.m2/repository/org/objenesis/objenesis/1.0/objenesis-1.0.jar:/home/runner/.m2/repository/org/apache/hadoop/hadoop-kms/3.3.6/hadoop-kms-3.3.6.jar:/home/runner/.m2/repository/org/apache/hadoop/hadoop-auth/3.3.6/hadoop-auth-3.3.6.jar:/home/runner/.m2/repository/com/nimbusds/nimbus-jose-jwt/9.8.1/nimbus-jose-jwt-9.8.1.jar:/home/runner/.m2/repository/com/github/stephenc/jcip/jcip-annotations/1.0-1/jcip-annotations-1.0-1.jar:/home/runner/.m2/repository/org/apache/zookeeper/zookeeper/3.5.6/zookeeper-3.5.6.jar:/home/runner/.m2/repository/org/apache/zookeeper/zookeeper-jute/3.5.6/zookeeper-jute-3.5.6.jar:/home/runner/.m2/repository/org/apache/yetus/audience-annotations/0.5.0/audience-annotations-0.5.0.jar:/home/runner/.m2/repository/org/apache/curator/curator-framework/4.2.0/curator-framework-4.2.0.jar:/home/runner/.m2/repository/org/apache/hadoop/thirdparty/hadoop-shaded-guava/1.1.1/hadoop-shaded-guava-1.1.1.jar:/home/runner/.m2/repository/com/sun/jersey/jersey-core/1.19/jersey-core-1.19.jar:/home/runner/.m2/repository/javax/ws/rs/jsr311-api/1.1.1/jsr311-api-1.1.1.jar:/home/runner/.m2/repository/com/sun/jersey/jersey-server/1.19/jersey-server-1.19.jar:/home/runner/.m2/repository/javax/servlet/javax.servlet-api/3.1.0/javax.servlet-api-3.1.0.jar:/home/runner/.m2/repository/org/apache/hadoop/hadoop-common/3.3.6/hadoop-common-3.3.6.jar:/home/runner/.m2/repository/org/apache/commons/commons-math3/3.1.1/commons-math3-3.1.1.jar:/home/runner/.m2/repository/commons-net/commons-net/3.9.0/commons-net-3.9.0.jar:/home/runner/.m2/repository/com/sun/jersey/jersey-servlet/1.19/jersey-servlet-1.19.jar:/home/runner/.m2/repository/com/github/pjfanning/jersey-json/1.20/jersey-json-1.20.jar:/home/runner/.m2/repository/org/codehaus/jettison/jettison/1.1/jettison-1.1.jar:/home/runner/.m2/repository/com/sun/xml/bind/jaxb-impl/2.2.3-1/jaxb-impl-2.2.3-1.jar:/home/runner/.m2/repository/com/google/re2j/re2j/1.1/re2j-1.1.jar:/home/runner/.m2/repository/com/jcraft/jsch/0.1.54/jsch-0.1.54.jar:/home/runner/.m2/repository/org/apache/curator/curator-client/4.2.0/curator-client-4.2.0.jar:/home/runner/.m2/repository/org/apache/curator/curator-recipes/5.2.0/curator-recipes-5.2.0.jar:/home/runner/.m2/repository/org/apache/kerby/kerb-core/1.0.1/kerb-core-1.0.1.jar:/home/runner/.m2/repository/org/apache/kerby/kerby-pkix/1.0.1/kerby-pkix-1.0.1.jar:/home/runner/.m2/repository/org/apache/kerby/kerby-asn1/1.0.1/kerby-asn1-1.0.1.jar:/home/runner/.m2/repository/org/apache/kerby/kerby-util/1.0.1/kerby-util-1.0.1.jar:/home/runner/.m2/repository/dnsjava/dnsjava/2.1.7/dnsjava-2.1.7.jar:/home/runner/.m2/repository/org/xerial/snappy/snappy-java/1.1.8.2/snappy-java-1.1.8.2.jar:/home/runner/.m2/repository/com/fasterxml/jackson/core/jackson-databind/2.13.4.2/jackson-databind-2.13.4.2.jar:/home/runner/.m2/repository/org/apache/hadoop/hadoop-kms/3.3.6/hadoop-kms-3.3.6-tests.jar:/home/runner/.m2/repository/org/apache/ozone/hdds-server-scm/1.4.0-SNAPSHOT/hdds-server-scm-1.4.0-SNAPSHOT-tests.jar:/home/runner/.m2/repository/org/apache/ozone/hdds-container-service/1.4.0-SNAPSHOT/hdds-container-service-1.4.0-SNAPSHOT-tests.jar:/home/runner/.m2/repository/com/github/luben/zstd-jni/1.5.2-5/zstd-jni-1.5.2-5.jar:/home/runner/.m2/repository/commons-codec/commons-codec/1.15/commons-codec-1.15.jar:/home/runner/.m2/repository/io/netty/netty-codec/4.1.94.Final/netty-codec-4.1.94.Final.jar:/home/runner/.m2/repository/io/netty/netty-handler/4.1.94.Final/netty-handler-4.1.94.Final.jar:/home/runner/.m2/repository/org/apache/ozone/hdds-hadoop-dependency-test/1.4.0-SNAPSHOT/hdds-hadoop-dependency-test-1.4.0-SNAPSHOT.jar:/home/runner/.m2/repository/org/apache/hadoop/hadoop-common/3.3.6/hadoop-common-3.3.6-tests.jar:/home/runner/.m2/repository/org/apache/hadoop/hadoop-hdfs/3.3.6/hadoop-hdfs-3.3.6-tests.jar:/home/runner/.m2/repository/org/assertj/assertj-core/3.12.2/assertj-core-3.12.2.jar:/home/runner/.m2/repository/org/apache/hadoop/hadoop-distcp/3.3.6/hadoop-distcp-3.3.6.jar:/home/runner/.m2/repository/org/apache/hadoop/hadoop-mapreduce-client-jobclient/3.3.6/hadoop-mapreduce-client-jobclient-3.3.6.jar:/home/runner/.m2/repository/org/apache/hadoop/hadoop-mapreduce-client-common/3.3.6/hadoop-mapreduce-client-common-3.3.6.jar:/home/runner/.m2/repository/org/apache/hadoop/hadoop-yarn-common/3.3.6/hadoop-yarn-common-3.3.6.jar:/home/runner/.m2/repository/org/apache/hadoop/hadoop-yarn-api/3.3.6/hadoop-yarn-api-3.3.6.jar:/home/runner/.m2/repository/com/sun/jersey/contribs/jersey-guice/1.19/jersey-guice-1.19.jar:/home/runner/.m2/repository/com/fasterxml/jackson/jaxrs/jackson-jaxrs-json-provider/2.13.4/jackson-jaxrs-json-provider-2.13.4.jar:/home/runner/.m2/repository/com/fasterxml/jackson/jaxrs/jackson-jaxrs-base/2.13.4/jackson-jaxrs-base-2.13.4.jar:/home/runner/.m2/repository/org/apache/hadoop/hadoop-yarn-client/3.3.6/hadoop-yarn-client-3.3.6.jar:/home/runner/.m2/repository/org/eclipse/jetty/websocket/websocket-client/9.4.51.v20230217/websocket-client-9.4.51.v20230217.jar:/home/runner/.m2/repository/org/eclipse/jetty/websocket/websocket-common/9.4.51.v20230217/websocket-common-9.4.51.v20230217.jar:/home/runner/.m2/repository/org/eclipse/jetty/websocket/websocket-api/9.4.51.v20230217/websocket-api-9.4.51.v20230217.jar:/home/runner/.m2/repository/org/jline/jline/3.9.0/jline-3.9.0.jar:/home/runner/.m2/repository/org/apache/hadoop/hadoop-mapreduce-client-core/3.3.6/hadoop-mapreduce-client-core-3.3.6.jar:/home/runner/.m2/repository/org/apache/avro/avro/1.7.7/avro-1.7.7.jar:/home/runner/.m2/repository/com/thoughtworks/paranamer/paranamer/2.3/paranamer-2.3.jar:/home/runner/.m2/repository/org/apache/hadoop/hadoop-annotations/3.3.6/hadoop-annotations-3.3.6.jar:/usr/lib/jvm/temurin-8-jdk-amd64/jre/../lib/tools.jar:/home/runner/.m2/repository/io/netty/netty/3.10.6.Final/netty-3.10.6.Final.jar:/home/runner/.m2/repository/org/apache/hadoop/hadoop-distcp/3.3.6/hadoop-distcp-3.3.6-tests.jar:/home/runner/.m2/repository/org/slf4j/jul-to-slf4j/1.7.36/jul-to-slf4j-1.7.36.jar:"/>
    <property name="sun.cpu.endian" value="little"/>
    <property name="user.home" value="/home/runner"/>
    <property name="user.language" value="en"/>
    <property name="java.specification.vendor" value="Oracle Corporation"/>
    <property name="java.home" value="/usr/lib/jvm/temurin-8-jdk-amd64/jre"/>
    <property name="java.security.krb5.conf" value="/home/runner/work/ozone/ozone/hadoop-ozone/integration-test/target/test-classes/krb5.conf"/>
    <property name="basedir" value="/home/runner/work/ozone/ozone/hadoop-ozone/integration-test"/>
    <property name="file.separator" value="/"/>
    <property name="line.separator" value="&#10;"/>
    <property name="java.vm.specification.vendor" value="Oracle Corporation"/>
    <property name="java.specification.name" value="Java Platform API Specification"/>
    <property name="java.awt.graphicsenv" value="sun.awt.X11GraphicsEnvironment"/>
    <property name="skip.installnpx" value="true"/>
    <property name="surefire.real.class.path" value="/home/runner/work/ozone/ozone/hadoop-ozone/integration-test/target/surefire/surefirebooter5246893984594785548.jar:/home/runner/.m2/repository/org/jacoco/org.jacoco.agent/0.8.5/org.jacoco.agent-0.8.5-runtime.jar"/>
    <property name="hadoop.log.dir" value="/home/runner/work/ozone/ozone/hadoop-ozone/integration-test/target/log"/>
    <property name="sun.boot.class.path" value="/usr/lib/jvm/temurin-8-jdk-amd64/jre/lib/resources.jar:/usr/lib/jvm/temurin-8-jdk-amd64/jre/lib/rt.jar:/usr/lib/jvm/temurin-8-jdk-amd64/jre/lib/sunrsasign.jar:/usr/lib/jvm/temurin-8-jdk-amd64/jre/lib/jsse.jar:/usr/lib/jvm/temurin-8-jdk-amd64/jre/lib/jce.jar:/usr/lib/jvm/temurin-8-jdk-amd64/jre/lib/charsets.jar:/usr/lib/jvm/temurin-8-jdk-amd64/jre/lib/jfr.jar:/usr/lib/jvm/temurin-8-jdk-amd64/jre/classes"/>
    <property name="sun.management.compiler" value="HotSpot 64-Bit Tiered Compilers"/>
    <property name="skip.npx" value="true"/>
    <property name="java.runtime.version" value="1.8.0_382-b05"/>
    <property name="java.net.preferIPv4Stack" value="true"/>
    <property name="user.name" value="runner"/>
    <property name="path.separator" value=":"/>
    <property name="java.security.egd" value="file:///dev/urandom"/>
    <property name="os.version" value="5.15.0-1047-azure"/>
    <property name="java.endorsed.dirs" value="/usr/lib/jvm/temurin-8-jdk-amd64/jre/lib/endorsed"/>
    <property name="java.runtime.name" value="OpenJDK Runtime Environment"/>
    <property name="file.encoding" value="UTF-8"/>
    <property name="java.vm.name" value="OpenJDK 64-Bit Server VM"/>
    <property name="test.build.webapps" value=""/>
    <property name="localRepository" value="/home/runner/.m2/repository"/>
    <property name="jetty.git.hash" value="abdcda73818a1a2c705da276edb0bf6581e7997e"/>
    <property name="java.vendor.url.bug" value="https://github.com/adoptium/adoptium-support/issues"/>
    <property name="java.io.tmpdir" value="/tmp"/>
    <property name="require.test.libhadoop" value=""/>
    <property name="java.version" value="1.8.0_382"/>
    <property name="user.dir" value="/home/runner/work/ozone/ozone/hadoop-ozone/integration-test"/>
    <property name="os.arch" value="amd64"/>
    <property name="java.vm.specification.name" value="Java Virtual Machine Specification"/>
    <property name="test.build.classes" value="/home/runner/work/ozone/ozone/hadoop-ozone/integration-test/target/test-classes"/>
    <property name="java.awt.printerjob" value="sun.print.PSPrinterJob"/>
    <property name="sun.os.patch.level" value="unknown"/>
    <property name="org.apache.ratis.thirdparty.io.netty.allocator.useCacheForAllThreads" value="false"/>
    <property name="hadoop.tmp.dir" value="/home/runner/work/ozone/ozone/hadoop-ozone/integration-test/target/tmp"/>
    <property name="java.library.path" value="/usr/java/packages/lib/amd64:/usr/lib64:/lib64:/lib:/usr/lib"/>
    <property name="java.vm.info" value="mixed mode"/>
    <property name="java.vendor" value="Temurin"/>
    <property name="java.vm.version" value="25.382-b05"/>
    <property name="java.specification.maintenance.version" value="5"/>
    <property name="java.ext.dirs" value="/usr/lib/jvm/temurin-8-jdk-amd64/jre/lib/ext:/usr/java/packages/lib/ext"/>
    <property name="sun.io.unicode.encoding" value="UnicodeLittle"/>
    <property name="java.class.version" value="52.0"/>
  </properties>
  <testcase name="testConf" classname="org.apache.hadoop.ozone.om.TestOzoneManagerHAKeyDeletion" time="4.777">
    <system-out><![CDATA[2023-10-08 16:26:52,926 [main] WARN  server.ServerUtils (ServerUtils.java:getScmDbDir(155)) - ozone.scm.db.dirs is not configured. We recommend adding this setting. Falling back to ozone.metadata.dirs instead.
2023-10-08 16:26:53,084 [main] INFO  reflections.Reflections (Reflections.java:scan(232)) - Reflections took 124 ms to scan 7 urls, producing 164 keys and 384 values 
2023-10-08 16:26:53,235 [main] WARN  server.ServerUtils (ServerUtils.java:getScmDbDir(155)) - ozone.scm.db.dirs is not configured. We recommend adding this setting. Falling back to ozone.metadata.dirs instead.
2023-10-08 16:26:53,238 [main] INFO  ha.SCMHANodeDetails (SCMHANodeDetails.java:loadSCMHAConfig(210)) - ServiceID for StorageContainerManager is null
2023-10-08 16:26:53,246 [main] WARN  ha.SCMHANodeDetails (SCMHANodeDetails.java:validateSCMHAConfig(183)) - Invalid config ozone.scm.ratis.enable. The config was not specified, but the default value true conflicts with the expected config value false. Falling back to the expected value. Current State of SCM: SCM is running in Non-HA without Ratis Ratis SCM -> Non Ratis SCM or Non HA SCM -> HA SCM is not supported
2023-10-08 16:26:53,246 [main] INFO  ha.SCMHANodeDetails (SCMHANodeDetails.java:loadSCMHAConfig(215)) - ozone.scm.default.service.id is not defined, falling back to ozone.scm.service.ids to find serviceID for StorageContainerManager if it is HA enabled cluster
2023-10-08 16:26:54,021 [main] WARN  utils.HAUtils (HAUtils.java:getMetaDir(339)) - ozone.scm.db.dirs is not configured. We recommend adding this setting. Falling back to ozone.metadata.dirs instead.
2023-10-08 16:26:54,160 [main] WARN  db.DBStoreBuilder (DBStoreBuilder.java:applyDBDefinition(166)) - ozone.scm.db.dirs is not configured. We recommend adding this setting. Falling back to ozone.metadata.dirs instead.
2023-10-08 16:26:54,373 [main] INFO  net.NodeSchemaLoader (NodeSchemaLoader.java:loadSchemaFromFile(129)) - Loading schema from [jar:file:/home/runner/.m2/repository/org/apache/ozone/hdds-common/1.4.0-SNAPSHOT/hdds-common-1.4.0-SNAPSHOT.jar!/network-topology-default.xml]
2023-10-08 16:26:54,375 [main] INFO  net.NodeSchemaLoader (NodeSchemaLoader.java:loadSchema(176)) - Loading network topology layer schema file
2023-10-08 16:26:54,415 [main] INFO  metrics.MetricRegistries (MetricRegistriesLoader.java:load(64)) - Loaded MetricRegistries class org.apache.ratis.metrics.impl.MetricRegistriesImpl
2023-10-08 16:26:54,427 [main] INFO  upgrade.AbstractLayoutVersionManager (AbstractLayoutVersionManager.java:init(83)) - Initializing Layout version manager with metadata layout = HADOOP_PRC_PORTS_IN_DATANODEDETAILS (version = 7), software layout = HADOOP_PRC_PORTS_IN_DATANODEDETAILS (version = 7)
2023-10-08 16:26:54,623 [main] INFO  ha.SequenceIdGenerator (SequenceIdGenerator.java:upgradeToSequenceId(365)) - upgrade localId to 111677748019200000
2023-10-08 16:26:54,624 [main] INFO  ha.SequenceIdGenerator (SequenceIdGenerator.java:upgradeToSequenceId(375)) - upgrade delTxnId to 0
2023-10-08 16:26:54,631 [main] INFO  ha.SequenceIdGenerator (SequenceIdGenerator.java:upgradeToSequenceId(392)) - upgrade containerId to 0
2023-10-08 16:26:54,635 [main] INFO  ha.SequenceIdGenerator (SequenceIdGenerator.java:upgradeToSequenceId(428)) - upgrade rootCertificateId to 1
2023-10-08 16:26:54,637 [main] INFO  ha.SequenceIdGenerator (SequenceIdGenerator.java:<init>(236)) - Init the HA SequenceIdGenerator.
2023-10-08 16:26:54,690 [main] WARN  server.ServerUtils (ServerUtils.java:sanitizeUserArgs(80)) - ozone.scm.stale.node.interval value = 300000 is larger than max = 100000 based on the key value of ozone.scm.heartbeat.thread.interval, reset to the max value 100000.
2023-10-08 16:26:54,691 [main] WARN  server.ServerUtils (ServerUtils.java:sanitizeUserArgs(80)) - ozone.scm.stale.node.interval value = 300000 is larger than max = 100000 based on the key value of ozone.scm.heartbeat.thread.interval, reset to the max value 100000.
2023-10-08 16:26:54,700 [main] INFO  node.SCMNodeManager (SCMNodeManager.java:<init>(157)) - Entering startup safe mode.
2023-10-08 16:26:54,719 [main] INFO  algorithms.ContainerPlacementPolicyFactory (ContainerPlacementPolicyFactory.java:getPolicyInternal(86)) - Create container placement policy of type org.apache.hadoop.hdds.scm.container.placement.algorithms.SCMContainerPlacementRackAware
2023-10-08 16:26:54,723 [main] INFO  algorithms.ContainerPlacementPolicyFactory (ContainerPlacementPolicyFactory.java:getPolicyInternal(86)) - Create container placement policy of type org.apache.hadoop.hdds.scm.container.placement.algorithms.SCMContainerPlacementRackScatter
2023-10-08 16:26:54,732 [main] INFO  pipeline.PipelineStateManagerImpl (PipelineStateManagerImpl.java:initialize(78)) - No pipeline exists in current db
2023-10-08 16:26:54,749 [main] INFO  algorithms.LeaderChoosePolicyFactory (LeaderChoosePolicyFactory.java:getPolicy(57)) - Create leader choose policy of type org.apache.hadoop.hdds.scm.pipeline.leader.choose.algorithms.MinLeaderCountChoosePolicy
2023-10-08 16:26:54,749 [main] INFO  algorithms.ContainerPlacementPolicyFactory (ContainerPlacementPolicyFactory.java:getPolicyInternal(86)) - Create container placement policy of type org.apache.hadoop.hdds.scm.container.placement.algorithms.SCMContainerPlacementRackScatter
2023-10-08 16:26:54,756 [main] INFO  ha.SCMServiceManager (SCMServiceManager.java:register(42)) - Registering service BackgroundPipelineCreator.
2023-10-08 16:26:54,756 [main] INFO  pipeline.BackgroundPipelineCreator (BackgroundPipelineCreator.java:start(124)) - Starting RatisPipelineUtilsThread.
2023-10-08 16:26:54,759 [main] INFO  BackgroundPipelineScrubber (BackgroundSCMService.java:start(68)) - Starting BackgroundPipelineScrubber Service.
2023-10-08 16:26:54,760 [main] INFO  ha.SCMServiceManager (SCMServiceManager.java:register(42)) - Registering service BackgroundPipelineScrubber.
2023-10-08 16:26:54,766 [main] INFO  ExpiredContainerReplicaOpScrubber (BackgroundSCMService.java:start(68)) - Starting ExpiredContainerReplicaOpScrubber Service.
2023-10-08 16:26:54,767 [main] INFO  ha.SCMServiceManager (SCMServiceManager.java:register(42)) - Registering service ExpiredContainerReplicaOpScrubber.
2023-10-08 16:26:54,793 [main] INFO  algorithms.PipelineChoosePolicyFactory (PipelineChoosePolicyFactory.java:createPipelineChoosePolicyFromClass(78)) - Create pipeline choose policy of type org.apache.hadoop.hdds.scm.pipeline.choose.algorithms.RandomPipelineChoosePolicy
2023-10-08 16:26:54,794 [main] INFO  algorithms.PipelineChoosePolicyFactory (PipelineChoosePolicyFactory.java:createPipelineChoosePolicyFromClass(78)) - Create pipeline choose policy of type org.apache.hadoop.hdds.scm.pipeline.choose.algorithms.RandomPipelineChoosePolicy
2023-10-08 16:26:54,821 [main] INFO  ha.SCMServiceManager (SCMServiceManager.java:register(42)) - Registering service SCMBlockDeletingService.
2023-10-08 16:26:54,887 [main] INFO  replication.ReplicationManager (ReplicationManager.java:start(291)) - Starting Replication Monitor Thread.
2023-10-08 16:26:54,892 [main] INFO  ha.SCMServiceManager (SCMServiceManager.java:register(42)) - Registering service ReplicationManager.
2023-10-08 16:26:54,895 [ReplicationMonitor] INFO  replication.ReplicationManager (ReplicationManager.java:processAll(365)) - Replication Manager is not ready to run until 3000ms after safemode exit
2023-10-08 16:26:54,904 [main] INFO  safemode.ContainerSafeModeRule (ContainerSafeModeRule.java:<init>(90)) - containers with one replica threshold count 0
2023-10-08 16:26:54,907 [main] INFO  safemode.HealthyPipelineSafeModeRule (HealthyPipelineSafeModeRule.java:initializeRule(169)) - Total pipeline count is 0, healthy pipeline threshold count is 1
2023-10-08 16:26:54,912 [main] INFO  safemode.OneReplicaPipelineSafeModeRule (OneReplicaPipelineSafeModeRule.java:initializeRule(180)) - Total pipeline count is 0, pipeline's with at least one datanode reported threshold count is 0
2023-10-08 16:26:54,968 [main] INFO  server.StorageContainerManager (StorageContainerManager.java:<init>(425)) - SCM start with adminUsers: [*, runner]
2023-10-08 16:26:55,315 [main] INFO  audit.AuditLogger (AuditLogger.java:refreshDebugCmdSet(126)) - Refresh DebugCmdSet for SCMAudit to [].
2023-10-08 16:26:55,347 [main] INFO  ipc.CallQueueManager (CallQueueManager.java:<init>(90)) - Using callQueue: class java.util.concurrent.LinkedBlockingQueue, queueCapacity: 2000, scheduler: class org.apache.hadoop.ipc.DefaultRpcScheduler, ipcBackoff: false.
2023-10-08 16:26:55,382 [main] INFO  ipc.Server (Server.java:<init>(1287)) - Listener at 0.0.0.0:15002
2023-10-08 16:26:55,389 [Socket Reader #1 for port 15002] INFO  ipc.Server (Server.java:run(1323)) - Starting Socket Reader #1 for port 15002
2023-10-08 16:26:55,448 [main] INFO  audit.AuditLogger (AuditLogger.java:refreshDebugCmdSet(126)) - Refresh DebugCmdSet for SCMAudit to [].
2023-10-08 16:26:55,454 [main] INFO  ipc.CallQueueManager (CallQueueManager.java:<init>(90)) - Using callQueue: class java.util.concurrent.LinkedBlockingQueue, queueCapacity: 2000, scheduler: class org.apache.hadoop.ipc.DefaultRpcScheduler, ipcBackoff: false.
2023-10-08 16:26:55,454 [main] INFO  ipc.Server (Server.java:<init>(1287)) - Listener at 0.0.0.0:15001
2023-10-08 16:26:55,455 [Socket Reader #1 for port 15001] INFO  ipc.Server (Server.java:run(1323)) - Starting Socket Reader #1 for port 15001
2023-10-08 16:26:55,484 [main] INFO  audit.AuditLogger (AuditLogger.java:refreshDebugCmdSet(126)) - Refresh DebugCmdSet for SCMAudit to [].
2023-10-08 16:26:55,494 [main] INFO  ipc.CallQueueManager (CallQueueManager.java:<init>(90)) - Using callQueue: class java.util.concurrent.LinkedBlockingQueue, queueCapacity: 2000, scheduler: class org.apache.hadoop.ipc.DefaultRpcScheduler, ipcBackoff: false.
2023-10-08 16:26:55,495 [main] INFO  ipc.Server (Server.java:<init>(1287)) - Listener at 0.0.0.0:15000
2023-10-08 16:26:55,496 [Socket Reader #1 for port 15000] INFO  ipc.Server (Server.java:run(1323)) - Starting Socket Reader #1 for port 15000
2023-10-08 16:26:55,539 [main] INFO  ha.SCMServiceManager (SCMServiceManager.java:register(42)) - Registering service ContainerBalancer.
2023-10-08 16:26:55,540 [main] INFO  server.StorageContainerManager (StorageContainerManager.java:<init>(438)) - 
Container Balancer status:
Key                            Value
Running                        false
Container Balancer Configuration values:
Key                                                Value
Threshold                                          10
Max Datanodes to Involve per Iteration(percent)    20
Max Size to Move per Iteration                     500GB
Max Size Entering Target per Iteration             26GB
Max Size Leaving Source per Iteration              26GB
Number of Iterations                               10
Time Limit for Single Container's Movement         65min
Time Limit for Single Container's Replication      50min
Interval between each Iteration                    70min
Whether to Enable Network Topology                 false
Whether to Trigger Refresh Datanode Usage Info     false
Container IDs to Exclude from Balancing            None
Datanodes Specified to be Balanced                 None
Datanodes Excluded from Balancing                  None

2023-10-08 16:26:55,541 [main] INFO  ha.SCMContext (SCMContext.java:updateSafeModeStatus(228)) - Update SafeModeStatus from SafeModeStatus{safeModeStatus=true, preCheckPassed=false} to SafeModeStatus{safeModeStatus=true, preCheckPassed=false}.
2023-10-08 16:26:55,544 [main] INFO  server.StorageContainerManager (StorageContainerManager.java:start(1483)) - StorageContainerLocationProtocol RPC server is listening at /0.0.0.0:15000
2023-10-08 16:26:55,611 [main] WARN  impl.MetricsConfig (MetricsConfig.java:loadFirst(136)) - Cannot locate configuration: tried hadoop-metrics2-storagecontainermanager.properties,hadoop-metrics2.properties
2023-10-08 16:26:55,624 [main] INFO  impl.MetricsSystemImpl (MetricsSystemImpl.java:startTimer(378)) - Scheduled Metric snapshot period at 10 second(s).
2023-10-08 16:26:55,624 [main] INFO  impl.MetricsSystemImpl (MetricsSystemImpl.java:start(191)) - StorageContainerManager metrics system started
2023-10-08 16:26:55,889 [main] INFO  server.SCMClientProtocolServer (SCMClientProtocolServer.java:start(201)) - RPC server for Client  is listening at /0.0.0.0:15000
2023-10-08 16:26:55,890 [IPC Server Responder] INFO  ipc.Server (Server.java:run(1562)) - IPC Server Responder: starting
2023-10-08 16:26:55,894 [IPC Server listener on 15000] INFO  ipc.Server (Server.java:run(1402)) - IPC Server listener on 15000: starting
2023-10-08 16:26:55,897 [main] INFO  server.StorageContainerManager (StorageContainerManager.java:start(1496)) - ScmBlockLocationProtocol RPC server is listening at /0.0.0.0:15001
2023-10-08 16:26:55,897 [main] INFO  server.SCMBlockProtocolServer (SCMBlockProtocolServer.java:start(154)) - RPC server for Block Protocol is listening at /0.0.0.0:15001
2023-10-08 16:26:55,898 [IPC Server Responder] INFO  ipc.Server (Server.java:run(1562)) - IPC Server Responder: starting
2023-10-08 16:26:55,898 [IPC Server listener on 15001] INFO  ipc.Server (Server.java:run(1402)) - IPC Server listener on 15001: starting
2023-10-08 16:26:55,900 [main] INFO  server.SCMDatanodeProtocolServer (SCMDatanodeProtocolServer.java:start(193)) - ScmDatanodeProtocol RPC server for DataNodes is listening at /0.0.0.0:15002
2023-10-08 16:26:55,901 [IPC Server Responder] INFO  ipc.Server (Server.java:run(1562)) - IPC Server Responder: starting
2023-10-08 16:26:55,901 [IPC Server listener on 15002] INFO  ipc.Server (Server.java:run(1402)) - IPC Server listener on 15002: starting
2023-10-08 16:26:55,916 [JvmPauseMonitor0] INFO  util.JvmPauseMonitor (JvmPauseMonitor.java:run(103)) - JvmPauseMonitor-b2ee0446-37bf-442b-9706-146178bd1646: Started
2023-10-08 16:26:55,926 [main] INFO  http.BaseHttpServer (BaseHttpServer.java:newHttpServer2BuilderForOzone(223)) - Starting Web-server for scm at: http://0.0.0.0:15003
2023-10-08 16:26:55,926 [main] INFO  http.BaseHttpServer (BaseHttpServer.java:<init>(110)) - Hadoop Security Enabled: false Ozone Security Enabled: false Ozone HTTP Security Enabled: false 
2023-10-08 16:26:55,954 [main] INFO  util.log (Log.java:initialized(170)) - Logging initialized @4447ms to org.eclipse.jetty.util.log.Slf4jLog
2023-10-08 16:26:56,043 [main] WARN  server.AuthenticationFilter (AuthenticationFilter.java:constructSecretProvider(240)) - Unable to initialize FileSignerSecretProvider, falling back to use random secrets. Reason: Could not read signature secret file: /home/runner/hadoop-http-auth-signature-secret
2023-10-08 16:26:56,049 [main] INFO  http.HttpRequestLog (HttpRequestLog.java:getRequestLog(86)) - Http request log for http.requests.scm is not defined
2023-10-08 16:26:56,055 [main] INFO  http.HttpServer2 (HttpServer2.java:addGlobalFilter(1031)) - Added global filter 'safety' (class=org.apache.hadoop.hdds.server.http.HttpServer2$QuotingInputFilter)
2023-10-08 16:26:56,057 [main] INFO  http.HttpServer2 (HttpServer2.java:addFilter(1007)) - Added filter static_user_filter (class=org.apache.hadoop.http.lib.StaticUserWebFilter$StaticUserFilter) to context scm
2023-10-08 16:26:56,058 [main] INFO  http.HttpServer2 (HttpServer2.java:addFilter(1015)) - Added filter static_user_filter (class=org.apache.hadoop.http.lib.StaticUserWebFilter$StaticUserFilter) to context logs
2023-10-08 16:26:56,058 [main] INFO  http.HttpServer2 (HttpServer2.java:addFilter(1015)) - Added filter static_user_filter (class=org.apache.hadoop.http.lib.StaticUserWebFilter$StaticUserFilter) to context static
2023-10-08 16:26:56,094 [main] INFO  http.BaseHttpServer (BaseHttpServer.java:<init>(189)) - HTTP server of scm uses base directory /home/runner/work/ozone/ozone/hadoop-ozone/integration-test/target/test-dir/MiniOzoneClusterImpl-c8a21aad-f255-4385-b304-f7d4bfe38451/ozone-meta/webserver
2023-10-08 16:26:56,095 [main] INFO  http.HttpServer2 (HttpServer2.java:bindListener(1231)) - Jetty bound to port 15003
2023-10-08 16:26:56,096 [main] INFO  server.Server (Server.java:doStart(375)) - jetty-9.4.52.v20230823; built: 2023-08-23T19:29:37.669Z; git: abdcda73818a1a2c705da276edb0bf6581e7997e; jvm 1.8.0_382-b05
2023-10-08 16:26:56,129 [main] INFO  server.session (DefaultSessionIdManager.java:doStart(334)) - DefaultSessionIdManager workerName=node0
2023-10-08 16:26:56,129 [main] INFO  server.session (DefaultSessionIdManager.java:doStart(339)) - No SessionScavenger set, using defaults
2023-10-08 16:26:56,131 [main] INFO  server.session (HouseKeeper.java:startScavenging(132)) - node0 Scavenging every 660000ms
2023-10-08 16:26:56,144 [main] INFO  handler.ContextHandler (ContextHandler.java:doStart(921)) - Started o.e.j.s.ServletContextHandler@3670af2b{logs,/logs,file:///home/runner/work/ozone/ozone/hadoop-ozone/integration-test/target/log,AVAILABLE}
2023-10-08 16:26:56,145 [main] INFO  handler.ContextHandler (ContextHandler.java:doStart(921)) - Started o.e.j.s.ServletContextHandler@2e5dea22{static,/static,file:///home/runner/work/ozone/ozone/hadoop-ozone/integration-test/target/test-classes/webapps/static,AVAILABLE}
2023-10-08 16:26:56,184 [main] INFO  handler.ContextHandler (ContextHandler.java:doStart(921)) - Started o.e.j.w.WebAppContext@7fcc8d9f{scm,/,file:///home/runner/work/ozone/ozone/hadoop-ozone/integration-test/target/test-classes/webapps/scm/,AVAILABLE}{file:/home/runner/work/ozone/ozone/hadoop-ozone/integration-test/target/test-classes/webapps/scm}
2023-10-08 16:26:56,192 [main] INFO  server.AbstractConnector (AbstractConnector.java:doStart(333)) - Started ServerConnector@1fcb01f8{HTTP/1.1, (http/1.1)}{0.0.0.0:15003}
2023-10-08 16:26:56,193 [main] INFO  server.Server (Server.java:doStart(415)) - Started @4686ms
2023-10-08 16:26:56,195 [main] INFO  impl.MetricsSinkAdapter (MetricsSinkAdapter.java:start(204)) - Sink prometheus started
2023-10-08 16:26:56,195 [main] INFO  impl.MetricsSystemImpl (MetricsSystemImpl.java:registerSink(305)) - Registered sink prometheus
2023-10-08 16:26:56,196 [main] INFO  http.BaseHttpServer (BaseHttpServer.java:updateConnectorAddress(354)) - HTTP server of scm listening at http://0.0.0.0:15003
2023-10-08 16:26:56,204 [main] INFO  db.CodecBuffer (CodecBuffer.java:set(62)) - Successfully set constructor to org.apache.hadoop.hdds.utils.db.CodecBuffer$$Lambda$508/1885782026@2914f916
2023-10-08 16:26:56,246 [main] INFO  audit.AuditLogger (AuditLogger.java:refreshDebugCmdSet(126)) - Refresh DebugCmdSet for OMAudit to [].
2023-10-08 16:26:56,323 [main] INFO  ha.OMHANodeDetails (OMHANodeDetails.java:loadOMHAConfig(121)) - ServiceID for OzoneManager is om-service-test1
2023-10-08 16:26:56,330 [main] INFO  ha.OMHANodeDetails (OMHANodeDetails.java:loadOMHAConfig(201)) - Found matching OM address with OMServiceId: om-service-test1, OMNodeId: omNode-1, RPC Address: localhost:15004 and Ratis port: 15007
2023-10-08 16:26:56,330 [main] INFO  ha.OMHANodeDetails (ConfUtils.java:setNodeSpecificConfigs(97)) - Setting configuration key ozone.om.http-address with value of key ozone.om.http-address.om-service-test1.omNode-1: 127.0.0.1:15005
2023-10-08 16:26:56,330 [main] INFO  ha.OMHANodeDetails (ConfUtils.java:setNodeSpecificConfigs(97)) - Setting configuration key ozone.om.https-address with value of key ozone.om.https-address.om-service-test1.omNode-1: 127.0.0.1:15006
2023-10-08 16:26:56,331 [main] INFO  ha.OMHANodeDetails (ConfUtils.java:setNodeSpecificConfigs(97)) - Setting configuration key ozone.om.address with value of key ozone.om.address.om-service-test1.omNode-1: 127.0.0.1:15004
2023-10-08 16:26:56,331 [main] WARN  server.ServerUtils (ServerUtils.java:getDBPath(311)) - ozone.om.db.dirs is not configured. We recommend adding this setting. Falling back to ozone.metadata.dirs instead.
2023-10-08 16:26:56,341 [main] INFO  proxy.SCMBlockLocationFailoverProxyProvider (SCMBlockLocationFailoverProxyProvider.java:<init>(114)) - Created block location fail-over proxy with 1 nodes: [nodeId=scmNodeId,nodeAddress=/0.0.0.0:15001]
OM initialization succeeded.Current cluster id for sd=/home/runner/work/ozone/ozone/hadoop-ozone/integration-test/target/test-dir/MiniOzoneClusterImpl-c8a21aad-f255-4385-b304-f7d4bfe38451/omNode-1/om;cid=c8a21aad-f255-4385-b304-f7d4bfe38451;layoutVersion=6
2023-10-08 16:26:56,596 [main] INFO  ha.OMHANodeDetails (OMHANodeDetails.java:loadOMHAConfig(121)) - ServiceID for OzoneManager is om-service-test1
2023-10-08 16:26:56,597 [main] INFO  ha.OMHANodeDetails (OMHANodeDetails.java:loadOMHAConfig(201)) - Found matching OM address with OMServiceId: om-service-test1, OMNodeId: omNode-1, RPC Address: localhost:15004 and Ratis port: 15007
2023-10-08 16:26:56,597 [main] INFO  ha.OMHANodeDetails (ConfUtils.java:setNodeSpecificConfigs(97)) - Setting configuration key ozone.om.http-address with value of key ozone.om.http-address.om-service-test1.omNode-1: 127.0.0.1:15005
2023-10-08 16:26:56,597 [main] INFO  ha.OMHANodeDetails (ConfUtils.java:setNodeSpecificConfigs(97)) - Setting configuration key ozone.om.https-address with value of key ozone.om.https-address.om-service-test1.omNode-1: 127.0.0.1:15006
2023-10-08 16:26:56,598 [main] INFO  ha.OMHANodeDetails (ConfUtils.java:setNodeSpecificConfigs(97)) - Setting configuration key ozone.om.address with value of key ozone.om.address.om-service-test1.omNode-1: 127.0.0.1:15004
2023-10-08 16:26:56,598 [main] WARN  server.ServerUtils (ServerUtils.java:getDBPath(311)) - ozone.om.db.dirs is not configured. We recommend adding this setting. Falling back to ozone.metadata.dirs instead.
2023-10-08 16:26:56,602 [main] INFO  upgrade.AbstractLayoutVersionManager (AbstractLayoutVersionManager.java:init(83)) - Initializing Layout version manager with metadata layout = QUOTA (version = 6), software layout = QUOTA (version = 6)
2023-10-08 16:26:56,754 [main] INFO  reflections.Reflections (Reflections.java:scan(232)) - Reflections took 147 ms to scan 2 urls, producing 190 keys and 530 values [using 2 cores]
2023-10-08 16:26:56,759 [main] INFO  upgrade.OMLayoutVersionManager (OMLayoutVersionManager.java:lambda$0(115)) - Skipping Upgrade Action MockOmUpgradeAction since it has been finalized.
2023-10-08 16:26:56,760 [main] INFO  upgrade.OMLayoutVersionManager (OMLayoutVersionManager.java:lambda$0(115)) - Skipping Upgrade Action QuotaRepairUpgradeAction since it has been finalized.
2023-10-08 16:26:56,761 [main] WARN  server.ServerUtils (ServerUtils.java:getDBPath(311)) - ozone.om.db.dirs is not configured. We recommend adding this setting. Falling back to ozone.metadata.dirs instead.
2023-10-08 16:26:56,883 [main] INFO  proxy.SCMBlockLocationFailoverProxyProvider (SCMBlockLocationFailoverProxyProvider.java:<init>(114)) - Created block location fail-over proxy with 1 nodes: [nodeId=scmNodeId,nodeAddress=/0.0.0.0:15001]
2023-10-08 16:26:56,892 [main] INFO  proxy.SCMBlockLocationFailoverProxyProvider (SCMBlockLocationFailoverProxyProvider.java:<init>(114)) - Created block location fail-over proxy with 1 nodes: [nodeId=scmNodeId,nodeAddress=/0.0.0.0:15001]
2023-10-08 16:26:56,913 [main] INFO  om.OzoneManager (OzoneManager.java:<init>(671)) - OM start with adminUsers: [*, runner]
2023-10-08 16:26:56,929 [main] WARN  server.ServerUtils (ServerUtils.java:getDBPath(311)) - ozone.om.db.dirs is not configured. We recommend adding this setting. Falling back to ozone.metadata.dirs instead.
2023-10-08 16:26:56,959 [main] INFO  helpers.OmKeyInfo (OmKeyInfo.java:getCodec(71)) - OmKeyInfo.getCodec ignorePipeline = true
2023-10-08 16:26:57,248 [main] INFO  om.OzoneManager (OzoneManager.java:instantiateServices(800)) - S3 Multi-Tenancy is disabled
2023-10-08 16:26:57,277 [main] INFO  om.OmSnapshotManager (OmSnapshotManager.java:<init>(174)) - Ozone filesystem snapshot feature is enabled.
2023-10-08 16:26:57,285 [main] WARN  server.ServerUtils (ServerUtils.java:getDBPath(311)) - ozone.om.snapshot.diff.db.dir is not configured. We recommend adding this setting. Falling back to ozone.metadata.dirs instead.
2023-10-08 16:26:57,325 [main] INFO  utils.NativeLibraryLoader (NativeLibraryLoader.java:loadLibrary(108)) - Loading Library: ozone_rocksdb_tools
2023-10-08 16:26:57,326 [main] INFO  snapshot.SnapshotDiffManager (SnapshotDiffManager.java:closeExecutorService(1720)) - Shutting down executorService: 'SstDumpToolExecutor'
2023-10-08 16:26:57,398 [main] INFO  om.OzoneManager (OzoneManager.java:addS3GVolumeToDB(4378)) - Created Volume s3v With Owner runner required for S3Gateway operations.
2023-10-08 16:26:57,462 [main] WARN  server.ServerUtils (ServerUtils.java:getDefaultRatisDirectory(323)) - Storage directory for Ratis is not configured. It is a good idea to map this to an SSD disk. Falling back to ozone.metadata.dirs
2023-10-08 16:26:57,463 [main] WARN  utils.OzoneManagerRatisUtils (OzoneManagerRatisUtils.java:getOMRatisSnapshotDirectory(470)) - ozone.om.ratis.snapshot.dir is not configured. Falling back to ozone.metadata.dirs config
2023-10-08 16:26:57,470 [main] INFO  utils.RDBSnapshotProvider (RDBSnapshotProvider.java:init(87)) - Cleaning up the candidate dir: /home/runner/work/ozone/ozone/hadoop-ozone/integration-test/target/test-dir/MiniOzoneClusterImpl-c8a21aad-f255-4385-b304-f7d4bfe38451/omNode-1/snapshot/om.db.candidate
2023-10-08 16:26:57,470 [main] INFO  ratis_snapshot.OmRatisSnapshotProvider (OmRatisSnapshotProvider.java:<init>(99)) - Initializing OM Snapshot Provider
2023-10-08 16:26:57,634 [main] WARN  server.ServerUtils (ServerUtils.java:getDefaultRatisDirectory(323)) - Storage directory for Ratis is not configured. It is a good idea to map this to an SSD disk. Falling back to ozone.metadata.dirs
2023-10-08 16:26:57,660 [main] INFO  ratis.OzoneManagerRatisServer (OzoneManagerRatisServer.java:<init>(164)) - Instantiating OM Ratis server with groupID: om-service-test1 and peers: localhost:15007, localhost:15015, localhost:15011
2023-10-08 16:26:57,671 [main] INFO  ratis.OzoneManagerStateMachine (OzoneManagerStateMachine.java:loadSnapshotInfoFromDB(691)) - LastAppliedIndex is set from TransactionInfo from OM DB as (t:0, i:~)
2023-10-08 16:26:57,733 [main] INFO  server.RaftServer (ConfUtils.java:logGet(46)) - raft.rpc.type = GRPC (default)
2023-10-08 16:26:57,743 [main] INFO  grpc.GrpcConfigKeys (ConfUtils.java:logFallback(53)) - raft.grpc.admin.host = null (fallback to raft.grpc.server.host)
2023-10-08 16:26:57,744 [main] INFO  grpc.GrpcConfigKeys (ConfUtils.java:logFallback(53)) - raft.grpc.admin.port = 15007 (fallback to raft.grpc.server.port)
2023-10-08 16:26:57,745 [main] INFO  grpc.GrpcConfigKeys (ConfUtils.java:logFallback(53)) - raft.grpc.client.host = null (fallback to raft.grpc.server.host)
2023-10-08 16:26:57,745 [main] INFO  grpc.GrpcConfigKeys (ConfUtils.java:logFallback(53)) - raft.grpc.client.port = 15007 (fallback to raft.grpc.server.port)
2023-10-08 16:26:57,746 [main] INFO  grpc.GrpcConfigKeys (ConfUtils.java:logGet(46)) - raft.grpc.server.host = null (default)
2023-10-08 16:26:57,746 [main] INFO  grpc.GrpcConfigKeys (ConfUtils.java:logGet(46)) - raft.grpc.server.port = 15007 (custom)
2023-10-08 16:26:57,747 [main] INFO  server.GrpcService (ConfUtils.java:logGet(46)) - raft.grpc.message.size.max = 33554432 (custom)
2023-10-08 16:26:57,750 [main] INFO  server.RaftServerConfigKeys (ConfUtils.java:logGet(46)) - raft.server.log.appender.buffer.byte-limit = 33554432 (custom)
2023-10-08 16:26:57,750 [main] INFO  server.GrpcService (ConfUtils.java:logGet(46)) - raft.grpc.flow.control.window = 1MB (=1048576) (default)
2023-10-08 16:26:57,751 [main] INFO  server.RaftServerConfigKeys (ConfUtils.java:logGet(46)) - raft.server.rpc.request.timeout = 3000ms (default)
2023-10-08 16:26:57,764 [main] INFO  grpc.GrpcConfigKeys (ConfUtils.java:logGet(46)) - raft.grpc.server.heartbeat.channel = true (default)
2023-10-08 16:26:57,767 [main] INFO  grpc.GrpcConfigKeys (ConfUtils.java:logGet(46)) - raft.grpc.server.async.request.thread.pool.cached = true (default)
2023-10-08 16:26:57,768 [main] INFO  grpc.GrpcConfigKeys (ConfUtils.java:logGet(46)) - raft.grpc.server.async.request.thread.pool.size = 32 (default)
2023-10-08 16:26:58,110 [main] INFO  impl.DataStreamServerImpl (ConfUtils.java:logGet(46)) - raft.datastream.type = DISABLED (default)
2023-10-08 16:26:58,113 [main] INFO  server.RaftServerConfigKeys (ConfUtils.java:logGet(46)) - raft.server.threadpool.proxy.cached = true (default)
2023-10-08 16:26:58,114 [main] INFO  server.RaftServerConfigKeys (ConfUtils.java:logGet(46)) - raft.server.threadpool.proxy.size = 0 (default)
2023-10-08 16:26:58,114 [main] INFO  server.RaftServerConfigKeys (ConfUtils.java:logGet(46)) - raft.server.rpc.slowness.timeout = 2s (custom)
2023-10-08 16:26:58,114 [main] INFO  server.RaftServerConfigKeys (ConfUtils.java:logGet(46)) - raft.server.leaderelection.leader.step-down.wait-time = 10s (default)
2023-10-08 16:26:58,116 [main] INFO  server.RaftServerConfigKeys (ConfUtils.java:logGet(46)) - raft.server.storage.dir = [/home/runner/work/ozone/ozone/hadoop-ozone/integration-test/target/test-dir/MiniOzoneClusterImpl-c8a21aad-f255-4385-b304-f7d4bfe38451/omNode-1/ratis] (custom)
2023-10-08 16:26:58,124 [main] INFO  server.RaftServer (RaftServerProxy.java:addNew(98)) - omNode-1: addNew group-523986131536:[omNode-3|rpc:localhost:15015|priority:0|startupRole:FOLLOWER, omNode-1|rpc:localhost:15007|priority:0|startupRole:FOLLOWER, omNode-2|rpc:localhost:15011|priority:0|startupRole:FOLLOWER] returns group-523986131536:java.util.concurrent.CompletableFuture@a9ded91[Not completed]
2023-10-08 16:26:58,124 [main] INFO  om.OzoneManager (OzoneManager.java:initializeRatisServer(2149)) - OzoneManager Ratis server initialized at port 15007
2023-10-08 16:26:58,127 [main] INFO  om.OzoneManager (OzoneManager.java:getRpcServer(1202)) - Creating RPC Server
2023-10-08 16:26:58,147 [omNode-1-groupManagement] INFO  server.RaftServer$Division (RaftServerImpl.java:<init>(198)) - omNode-1: new RaftServerImpl for group-523986131536:[omNode-3|rpc:localhost:15015|priority:0|startupRole:FOLLOWER, omNode-1|rpc:localhost:15007|priority:0|startupRole:FOLLOWER, omNode-2|rpc:localhost:15011|priority:0|startupRole:FOLLOWER] with OzoneManagerStateMachine:uninitialized
2023-10-08 16:26:58,149 [omNode-1-groupManagement] INFO  server.RaftServerConfigKeys (ConfUtils.java:logGet(46)) - raft.server.rpc.timeout.min = 1s (custom)
2023-10-08 16:26:58,150 [omNode-1-groupManagement] INFO  server.RaftServerConfigKeys (ConfUtils.java:logGet(46)) - raft.server.rpc.timeout.max = 1200ms (custom)
2023-10-08 16:26:58,150 [omNode-1-groupManagement] INFO  server.RaftServerConfigKeys (ConfUtils.java:logGet(46)) - raft.server.rpc.sleep.time = 25ms (default)
2023-10-08 16:26:58,151 [omNode-1-groupManagement] INFO  server.RaftServerConfigKeys (ConfUtils.java:logGet(46)) - raft.server.rpc.slowness.timeout = 2s (custom)
2023-10-08 16:26:58,151 [omNode-1-groupManagement] INFO  server.RaftServerConfigKeys (ConfUtils.java:logGet(46)) - raft.server.leaderelection.leader.step-down.wait-time = 10s (default)
2023-10-08 16:26:58,151 [omNode-1-groupManagement] INFO  server.RaftServerConfigKeys (ConfUtils.java:logGet(46)) - raft.server.sleep.deviation.threshold = 300ms (default)
2023-10-08 16:26:58,158 [omNode-1-groupManagement] INFO  server.RaftServer$Division (ServerState.java:<init>(120)) - omNode-1@group-523986131536: ConfigurationManager, init=-1: peers:[omNode-3|rpc:localhost:15015|priority:0|startupRole:FOLLOWER, omNode-1|rpc:localhost:15007|priority:0|startupRole:FOLLOWER, omNode-2|rpc:localhost:15011|priority:0|startupRole:FOLLOWER]|listeners:[], old=null, confs=<EMPTY_MAP>
2023-10-08 16:26:58,158 [omNode-1-groupManagement] INFO  server.RaftServerConfigKeys (ConfUtils.java:logGet(46)) - raft.server.storage.dir = [/home/runner/work/ozone/ozone/hadoop-ozone/integration-test/target/test-dir/MiniOzoneClusterImpl-c8a21aad-f255-4385-b304-f7d4bfe38451/omNode-1/ratis] (custom)
2023-10-08 16:26:58,164 [omNode-1-groupManagement] INFO  server.RaftServerConfigKeys (ConfUtils.java:logGet(46)) - raft.server.log.corruption.policy = EXCEPTION (default)
2023-10-08 16:26:58,164 [omNode-1-groupManagement] INFO  server.RaftServerConfigKeys (ConfUtils.java:logGet(46)) - raft.server.storage.free-space.min = 0MB (=0) (default)
2023-10-08 16:26:58,172 [omNode-1-groupManagement] INFO  server.RaftServerConfigKeys (ConfUtils.java:logGet(46)) - raft.server.notification.no-leader.timeout = 2s (custom)
2023-10-08 16:26:58,176 [omNode-1-groupManagement] INFO  server.RaftServerConfigKeys (ConfUtils.java:logGet(46)) - raft.server.read.timeout = 10s (default)
2023-10-08 16:26:58,180 [omNode-1-groupManagement] INFO  server.RaftServerConfigKeys (ConfUtils.java:logGet(46)) - raft.server.retrycache.expirytime = 30000ms (custom)
2023-10-08 16:26:58,180 [omNode-1-groupManagement] INFO  server.RaftServerConfigKeys (ConfUtils.java:logGet(46)) - raft.server.retrycache.statistics.expirytime = 100μs (default)
2023-10-08 16:26:58,234 [omNode-1-groupManagement] INFO  server.RaftServerConfigKeys (ConfUtils.java:logGet(46)) - raft.server.read.option = DEFAULT (default)
2023-10-08 16:26:58,311 [omNode-1-groupManagement] INFO  server.RaftServerConfigKeys (ConfUtils.java:logGet(46)) - raft.server.rpc.request.timeout = 3000ms (default)
2023-10-08 16:26:58,314 [omNode-1-groupManagement] INFO  server.RaftServerConfigKeys (ConfUtils.java:logGet(46)) - raft.server.log.appender.install.snapshot.enabled = false (custom)
2023-10-08 16:26:58,314 [omNode-1-groupManagement] INFO  server.RaftServerConfigKeys (ConfUtils.java:logGet(46)) - raft.server.threadpool.server.cached = true (default)
2023-10-08 16:26:58,315 [omNode-1-groupManagement] INFO  server.RaftServerConfigKeys (ConfUtils.java:logGet(46)) - raft.server.threadpool.server.size = 0 (default)
2023-10-08 16:26:58,315 [omNode-1-groupManagement] INFO  server.RaftServerConfigKeys (ConfUtils.java:logGet(46)) - raft.server.threadpool.client.cached = true (default)
2023-10-08 16:26:58,331 [omNode-1-groupManagement] INFO  server.RaftServerConfigKeys (ConfUtils.java:logGet(46)) - raft.server.threadpool.client.size = 0 (default)
2023-10-08 16:26:58,962 [main] INFO  reflections.Reflections (Reflections.java:scan(232)) - Reflections took 736 ms to scan 20 urls, producing 71 keys and 6072 values [using 2 cores]
2023-10-08 16:26:59,173 [main] INFO  ipc.CallQueueManager (CallQueueManager.java:<init>(90)) - Using callQueue: class java.util.concurrent.LinkedBlockingQueue, queueCapacity: 2000, scheduler: class org.apache.hadoop.ipc.DefaultRpcScheduler, ipcBackoff: false.
2023-10-08 16:26:59,173 [main] INFO  ipc.Server (Server.java:<init>(1287)) - Listener at 127.0.0.1:15004
2023-10-08 16:26:59,174 [Socket Reader #1 for port 15004] INFO  ipc.Server (Server.java:run(1323)) - Starting Socket Reader #1 for port 15004
2023-10-08 16:26:59,203 [main] INFO  impl.MetricsSystemImpl (MetricsSystemImpl.java:init(158)) - OzoneManager metrics system started (again)
2023-10-08 16:26:59,216 [main] INFO  om.OzoneManager (OzoneManager.java:start(1639)) - OzoneManager RPC server is listening at localhost/127.0.0.1:15004
2023-10-08 16:26:59,217 [main] INFO  ratis.OzoneManagerRatisServer (OzoneManagerRatisServer.java:start(559)) - Starting OzoneManagerRatisServer omNode-1 at port 15007
2023-10-08 16:26:59,219 [omNode-1-impl-thread1] INFO  storage.RaftStorageDirectory (RaftStorageDirectoryImpl.java:analyzeStorage(137)) - The storage directory /home/runner/work/ozone/ozone/hadoop-ozone/integration-test/target/test-dir/MiniOzoneClusterImpl-c8a21aad-f255-4385-b304-f7d4bfe38451/omNode-1/ratis/c9bc4cf4-3bc3-3c60-a66b-523986131536 does not exist. Creating ...
2023-10-08 16:26:59,224 [omNode-1-impl-thread1] INFO  storage.RaftStorageDirectory (RaftStorageDirectoryImpl.java:tryLock(231)) - Lock on /home/runner/work/ozone/ozone/hadoop-ozone/integration-test/target/test-dir/MiniOzoneClusterImpl-c8a21aad-f255-4385-b304-f7d4bfe38451/omNode-1/ratis/c9bc4cf4-3bc3-3c60-a66b-523986131536/in_use.lock acquired by nodename 29017@fv-az550-77
2023-10-08 16:26:59,229 [omNode-1-impl-thread1] INFO  storage.RaftStorage (RaftStorageImpl.java:format(96)) - Storage directory /home/runner/work/ozone/ozone/hadoop-ozone/integration-test/target/test-dir/MiniOzoneClusterImpl-c8a21aad-f255-4385-b304-f7d4bfe38451/omNode-1/ratis/c9bc4cf4-3bc3-3c60-a66b-523986131536 has been successfully formatted.
2023-10-08 16:26:59,232 [omNode-1-impl-thread1] INFO  server.RaftServerConfigKeys (ConfUtils.java:logGet(46)) - raft.server.log.use.memory = false (default)
2023-10-08 16:26:59,239 [omNode-1-impl-thread1] INFO  server.RaftServerConfigKeys (ConfUtils.java:logGet(46)) - raft.server.log.purge.gap = 50 (custom)
2023-10-08 16:26:59,239 [omNode-1-impl-thread1] INFO  server.RaftServerConfigKeys (ConfUtils.java:logGet(46)) - raft.server.log.appender.buffer.byte-limit = 33554432 (custom)
2023-10-08 16:26:59,241 [omNode-1-impl-thread1] INFO  server.RaftServerConfigKeys (ConfUtils.java:logGet(46)) - raft.server.log.statemachine.data.read.timeout = 1000ms (default)
2023-10-08 16:26:59,242 [omNode-1-impl-thread1] INFO  server.RaftServerConfigKeys (ConfUtils.java:logGet(46)) - raft.server.log.purge.preservation.log.num = 0 (default)
2023-10-08 16:26:59,245 [omNode-1-impl-thread1] INFO  server.RaftServerConfigKeys (ConfUtils.java:logGet(46)) - raft.server.log.segment.size.max = 4194304 (custom)
2023-10-08 16:26:59,250 [omNode-1-impl-thread1] INFO  server.RaftServerConfigKeys (ConfUtils.java:logGet(46)) - raft.server.log.segment.cache.num.max = 2 (custom)
2023-10-08 16:26:59,251 [omNode-1-impl-thread1] INFO  server.RaftServerConfigKeys (ConfUtils.java:logGet(46)) - raft.server.log.segment.cache.size.max = 200MB (=209715200) (default)
2023-10-08 16:26:59,252 [omNode-1-impl-thread1] INFO  server.RaftServerConfigKeys (ConfUtils.java:logGet(46)) - raft.server.log.appender.buffer.byte-limit = 33554432 (custom)
2023-10-08 16:26:59,257 [omNode-1-impl-thread1] INFO  segmented.SegmentedRaftLogWorker (SegmentedRaftLogWorker.java:<init>(188)) - new omNode-1@group-523986131536-SegmentedRaftLogWorker for RaftStorageImpl:Storage Directory /home/runner/work/ozone/ozone/hadoop-ozone/integration-test/target/test-dir/MiniOzoneClusterImpl-c8a21aad-f255-4385-b304-f7d4bfe38451/omNode-1/ratis/c9bc4cf4-3bc3-3c60-a66b-523986131536
2023-10-08 16:26:59,257 [omNode-1-impl-thread1] INFO  server.RaftServerConfigKeys (ConfUtils.java:logGet(46)) - raft.server.log.queue.byte-limit = 64MB (=67108864) (default)
2023-10-08 16:26:59,258 [omNode-1-impl-thread1] INFO  server.RaftServerConfigKeys (ConfUtils.java:logGet(46)) - raft.server.log.queue.element-limit = 4096 (default)
2023-10-08 16:26:59,259 [omNode-1-impl-thread1] INFO  server.RaftServerConfigKeys (ConfUtils.java:logGet(46)) - raft.server.log.segment.size.max = 4194304 (custom)
2023-10-08 16:26:59,259 [omNode-1-impl-thread1] INFO  server.RaftServerConfigKeys (ConfUtils.java:logGet(46)) - raft.server.log.preallocated.size = 4194304 (custom)
2023-10-08 16:26:59,259 [omNode-1-impl-thread1] INFO  server.RaftServerConfigKeys (ConfUtils.java:logGet(46)) - raft.server.log.force.sync.num = 128 (default)
2023-10-08 16:26:59,260 [omNode-1-impl-thread1] INFO  server.RaftServerConfigKeys (ConfUtils.java:logGet(46)) - raft.server.log.statemachine.data.sync = true (default)
2023-10-08 16:26:59,260 [omNode-1-impl-thread1] INFO  server.RaftServerConfigKeys (ConfUtils.java:logGet(46)) - raft.server.log.statemachine.data.sync.timeout = 10s (default)
2023-10-08 16:26:59,260 [omNode-1-impl-thread1] INFO  server.RaftServerConfigKeys (ConfUtils.java:logGet(46)) - raft.server.log.statemachine.data.sync.timeout.retry = -1 (default)
2023-10-08 16:26:59,269 [omNode-1-impl-thread1] INFO  server.RaftServerConfigKeys (ConfUtils.java:logGet(46)) - raft.server.log.write.buffer.size = 64KB (=65536) (default)
2023-10-08 16:26:59,269 [omNode-1-impl-thread1] INFO  server.RaftServerConfigKeys (ConfUtils.java:logGet(46)) - raft.server.log.appender.buffer.byte-limit = 33554432 (custom)
2023-10-08 16:26:59,275 [omNode-1-impl-thread1] INFO  server.RaftServerConfigKeys (ConfUtils.java:logGet(46)) - raft.server.log.unsafe-flush.enabled = false (default)
2023-10-08 16:26:59,276 [omNode-1-impl-thread1] INFO  server.RaftServerConfigKeys (ConfUtils.java:logGet(46)) - raft.server.log.async-flush.enabled = false (default)
2023-10-08 16:26:59,276 [omNode-1-impl-thread1] INFO  server.RaftServerConfigKeys (ConfUtils.java:logGet(46)) - raft.server.log.statemachine.data.caching.enabled = false (default)
2023-10-08 16:26:59,281 [omNode-1-impl-thread1] INFO  segmented.SegmentedRaftLogWorker (SegmentedRaftLogWorker.java:lambda$new$0(135)) - omNode-1@group-523986131536-SegmentedRaftLogWorker: flushIndex: setUnconditionally 0 -> -1
2023-10-08 16:26:59,281 [omNode-1-impl-thread1] INFO  segmented.SegmentedRaftLogWorker (SegmentedRaftLogWorker.java:lambda$new$0(135)) - omNode-1@group-523986131536-SegmentedRaftLogWorker: safeCacheEvictIndex: setUnconditionally 0 -> -1
2023-10-08 16:26:59,282 [omNode-1-impl-thread1] INFO  server.RaftServer$Division (RaftServerImpl.java:start(342)) - omNode-1@group-523986131536: start as a follower, conf=-1: peers:[omNode-3|rpc:localhost:15015|priority:0|startupRole:FOLLOWER, omNode-1|rpc:localhost:15007|priority:0|startupRole:FOLLOWER, omNode-2|rpc:localhost:15011|priority:0|startupRole:FOLLOWER]|listeners:[], old=null
2023-10-08 16:26:59,286 [omNode-1-impl-thread1] INFO  server.RaftServer$Division (RaftServerImpl.java:setRole(329)) - omNode-1@group-523986131536: changes role from      null to FOLLOWER at term 0 for startAsFollower
2023-10-08 16:26:59,288 [omNode-1-impl-thread1] INFO  impl.RoleInfo (RoleInfo.java:updateAndGet(139)) - omNode-1: start omNode-1@group-523986131536-FollowerState
2023-10-08 16:26:59,289 [omNode-1-impl-thread1] INFO  util.JmxRegister (JmxRegister.java:tryRegister(44)) - Successfully registered JMX Bean with object name Ratis:service=RaftServer,group=group-523986131536,id=omNode-1
2023-10-08 16:26:59,289 [omNode-1@group-523986131536-FollowerState] INFO  server.RaftServerConfigKeys (ConfUtils.java:logFallback(53)) - raft.server.rpc.first-election.timeout.min = 1s (fallback to raft.server.rpc.timeout.min)
2023-10-08 16:26:59,290 [omNode-1@group-523986131536-FollowerState] INFO  server.RaftServerConfigKeys (ConfUtils.java:logFallback(53)) - raft.server.rpc.first-election.timeout.max = 1200ms (fallback to raft.server.rpc.timeout.max)
2023-10-08 16:26:59,292 [omNode-1-impl-thread1] INFO  server.RaftServerConfigKeys (ConfUtils.java:logGet(46)) - raft.server.snapshot.auto.trigger.enabled = true (custom)
2023-10-08 16:26:59,292 [omNode-1-impl-thread1] INFO  server.RaftServerConfigKeys (ConfUtils.java:logGet(46)) - raft.server.snapshot.auto.trigger.threshold = 50 (custom)
2023-10-08 16:26:59,292 [omNode-1-impl-thread1] INFO  server.RaftServerConfigKeys (ConfUtils.java:logGet(46)) - raft.server.snapshot.retention.file.num = -1 (default)
2023-10-08 16:26:59,293 [omNode-1-impl-thread1] INFO  server.RaftServerConfigKeys (ConfUtils.java:logGet(46)) - raft.server.log.purge.upto.snapshot.index = true (custom)
2023-10-08 16:26:59,296 [main] INFO  server.RaftServer (RaftServerProxy.java:startImpl(400)) - omNode-1: start RPC server
2023-10-08 16:26:59,338 [main] INFO  server.GrpcService (GrpcService.java:startImpl(302)) - omNode-1: GrpcService started, listening on 15007
2023-10-08 16:26:59,340 [main] INFO  om.OzoneManager (OzoneManager.java:start(1655)) - Version File has different layout version (6) than OM DB (null). That is expected if this OM has never been finalized to a newer layout version.
2023-10-08 16:26:59,345 [JvmPauseMonitor1] INFO  util.JvmPauseMonitor (JvmPauseMonitor.java:run(103)) - JvmPauseMonitor-omNode-1: Started
2023-10-08 16:26:59,374 [main] INFO  http.BaseHttpServer (BaseHttpServer.java:newHttpServer2BuilderForOzone(223)) - Starting Web-server for ozoneManager at: http://0.0.0.0:15005
2023-10-08 16:26:59,375 [main] INFO  http.BaseHttpServer (BaseHttpServer.java:<init>(110)) - Hadoop Security Enabled: false Ozone Security Enabled: false Ozone HTTP Security Enabled: false 
2023-10-08 16:26:59,376 [main] WARN  server.AuthenticationFilter (AuthenticationFilter.java:constructSecretProvider(240)) - Unable to initialize FileSignerSecretProvider, falling back to use random secrets. Reason: Could not read signature secret file: /home/runner/hadoop-http-auth-signature-secret
2023-10-08 16:26:59,377 [main] INFO  http.HttpRequestLog (HttpRequestLog.java:getRequestLog(86)) - Http request log for http.requests.ozoneManager is not defined
2023-10-08 16:26:59,380 [main] INFO  http.HttpServer2 (HttpServer2.java:addGlobalFilter(1031)) - Added global filter 'safety' (class=org.apache.hadoop.hdds.server.http.HttpServer2$QuotingInputFilter)
2023-10-08 16:26:59,381 [main] INFO  http.HttpServer2 (HttpServer2.java:addFilter(1007)) - Added filter static_user_filter (class=org.apache.hadoop.http.lib.StaticUserWebFilter$StaticUserFilter) to context ozoneManager
2023-10-08 16:26:59,382 [main] INFO  http.HttpServer2 (HttpServer2.java:addFilter(1015)) - Added filter static_user_filter (class=org.apache.hadoop.http.lib.StaticUserWebFilter$StaticUserFilter) to context static
2023-10-08 16:26:59,382 [main] INFO  http.HttpServer2 (HttpServer2.java:addFilter(1015)) - Added filter static_user_filter (class=org.apache.hadoop.http.lib.StaticUserWebFilter$StaticUserFilter) to context logs
2023-10-08 16:26:59,383 [main] INFO  http.BaseHttpServer (BaseHttpServer.java:<init>(189)) - HTTP server of ozoneManager uses base directory /home/runner/work/ozone/ozone/hadoop-ozone/integration-test/target/test-dir/MiniOzoneClusterImpl-c8a21aad-f255-4385-b304-f7d4bfe38451/omNode-1/webserver
2023-10-08 16:26:59,388 [main] INFO  http.HttpServer2 (HttpServer2.java:bindListener(1231)) - Jetty bound to port 15005
2023-10-08 16:26:59,388 [main] INFO  server.Server (Server.java:doStart(375)) - jetty-9.4.52.v20230823; built: 2023-08-23T19:29:37.669Z; git: abdcda73818a1a2c705da276edb0bf6581e7997e; jvm 1.8.0_382-b05
2023-10-08 16:26:59,399 [main] INFO  server.session (DefaultSessionIdManager.java:doStart(334)) - DefaultSessionIdManager workerName=node0
2023-10-08 16:26:59,399 [main] INFO  server.session (DefaultSessionIdManager.java:doStart(339)) - No SessionScavenger set, using defaults
2023-10-08 16:26:59,399 [main] INFO  server.session (HouseKeeper.java:startScavenging(132)) - node0 Scavenging every 600000ms
2023-10-08 16:26:59,400 [main] INFO  handler.ContextHandler (ContextHandler.java:doStart(921)) - Started o.e.j.s.ServletContextHandler@574e3953{logs,/logs,file:///home/runner/work/ozone/ozone/hadoop-ozone/integration-test/target/log,AVAILABLE}
2023-10-08 16:26:59,401 [main] INFO  handler.ContextHandler (ContextHandler.java:doStart(921)) - Started o.e.j.s.ServletContextHandler@b84163{static,/static,file:///home/runner/work/ozone/ozone/hadoop-ozone/integration-test/target/test-classes/webapps/static,AVAILABLE}
2023-10-08 16:26:59,406 [main] INFO  handler.ContextHandler (ContextHandler.java:doStart(921)) - Started o.e.j.w.WebAppContext@1f0526fc{ozoneManager,/,file:///home/runner/work/ozone/ozone/hadoop-ozone/integration-test/target/test-classes/webapps/ozoneManager/,AVAILABLE}{file:/home/runner/work/ozone/ozone/hadoop-ozone/integration-test/target/test-classes/webapps/ozoneManager}
2023-10-08 16:26:59,409 [main] INFO  server.AbstractConnector (AbstractConnector.java:doStart(333)) - Started ServerConnector@3c7b3bf6{HTTP/1.1, (http/1.1)}{0.0.0.0:15005}
2023-10-08 16:26:59,409 [main] INFO  server.Server (Server.java:doStart(415)) - Started @7903ms
2023-10-08 16:26:59,409 [main] WARN  impl.MetricsSystemImpl (MetricsSystemImpl.java:register(279)) - Sink prometheus already exists!
2023-10-08 16:26:59,411 [main] INFO  http.BaseHttpServer (BaseHttpServer.java:updateConnectorAddress(354)) - HTTP server of ozoneManager listening at http://0.0.0.0:15005
2023-10-08 16:26:59,411 [IPC Server Responder] INFO  ipc.Server (Server.java:run(1562)) - IPC Server Responder: starting
2023-10-08 16:26:59,413 [IPC Server listener on 15004] INFO  ipc.Server (Server.java:run(1402)) - IPC Server listener on 15004: starting
2023-10-08 16:26:59,417 [main] INFO  om.OzoneManager (OzoneManager.java:startTrashEmptier(2102)) - Trash Interval set to 0. Files deleted won't move to trash
2023-10-08 16:26:59,418 [main] INFO  ozone.MiniOzoneHAClusterImpl (MiniOzoneHAClusterImpl.java:createOMService(505)) - Started OzoneManager omNode-1 RPC server at localhost/127.0.0.1:15004
2023-10-08 16:26:59,419 [main] INFO  ha.OMHANodeDetails (OMHANodeDetails.java:loadOMHAConfig(121)) - ServiceID for OzoneManager is om-service-test1
2023-10-08 16:26:59,420 [main] INFO  ha.OMHANodeDetails (OMHANodeDetails.java:loadOMHAConfig(201)) - Found matching OM address with OMServiceId: om-service-test1, OMNodeId: omNode-2, RPC Address: localhost:15008 and Ratis port: 15011
2023-10-08 16:26:59,420 [main] INFO  ha.OMHANodeDetails (ConfUtils.java:setNodeSpecificConfigs(97)) - Setting configuration key ozone.om.http-address with value of key ozone.om.http-address.om-service-test1.omNode-2: 127.0.0.1:15009
2023-10-08 16:26:59,421 [main] INFO  ha.OMHANodeDetails (ConfUtils.java:setNodeSpecificConfigs(97)) - Setting configuration key ozone.om.https-address with value of key ozone.om.https-address.om-service-test1.omNode-2: 127.0.0.1:15010
2023-10-08 16:26:59,421 [main] INFO  ha.OMHANodeDetails (ConfUtils.java:setNodeSpecificConfigs(97)) - Setting configuration key ozone.om.address with value of key ozone.om.address.om-service-test1.omNode-2: 127.0.0.1:15008
2023-10-08 16:26:59,421 [main] WARN  server.ServerUtils (ServerUtils.java:getDBPath(311)) - ozone.om.db.dirs is not configured. We recommend adding this setting. Falling back to ozone.metadata.dirs instead.
2023-10-08 16:26:59,425 [main] INFO  proxy.SCMBlockLocationFailoverProxyProvider (SCMBlockLocationFailoverProxyProvider.java:<init>(114)) - Created block location fail-over proxy with 1 nodes: [nodeId=scmNodeId,nodeAddress=/0.0.0.0:15001]
OM initialization succeeded.Current cluster id for sd=/home/runner/work/ozone/ozone/hadoop-ozone/integration-test/target/test-dir/MiniOzoneClusterImpl-c8a21aad-f255-4385-b304-f7d4bfe38451/omNode-2/om;cid=c8a21aad-f255-4385-b304-f7d4bfe38451;layoutVersion=6
2023-10-08 16:26:59,432 [main] INFO  ha.OMHANodeDetails (OMHANodeDetails.java:loadOMHAConfig(121)) - ServiceID for OzoneManager is om-service-test1
2023-10-08 16:26:59,433 [main] INFO  ha.OMHANodeDetails (OMHANodeDetails.java:loadOMHAConfig(201)) - Found matching OM address with OMServiceId: om-service-test1, OMNodeId: omNode-2, RPC Address: localhost:15008 and Ratis port: 15011
2023-10-08 16:26:59,433 [main] INFO  ha.OMHANodeDetails (ConfUtils.java:setNodeSpecificConfigs(97)) - Setting configuration key ozone.om.http-address with value of key ozone.om.http-address.om-service-test1.omNode-2: 127.0.0.1:15009
2023-10-08 16:26:59,433 [main] INFO  ha.OMHANodeDetails (ConfUtils.java:setNodeSpecificConfigs(97)) - Setting configuration key ozone.om.https-address with value of key ozone.om.https-address.om-service-test1.omNode-2: 127.0.0.1:15010
2023-10-08 16:26:59,433 [main] INFO  ha.OMHANodeDetails (ConfUtils.java:setNodeSpecificConfigs(97)) - Setting configuration key ozone.om.address with value of key ozone.om.address.om-service-test1.omNode-2: 127.0.0.1:15008
2023-10-08 16:26:59,434 [main] WARN  server.ServerUtils (ServerUtils.java:getDBPath(311)) - ozone.om.db.dirs is not configured. We recommend adding this setting. Falling back to ozone.metadata.dirs instead.
2023-10-08 16:26:59,435 [main] INFO  upgrade.AbstractLayoutVersionManager (AbstractLayoutVersionManager.java:init(83)) - Initializing Layout version manager with metadata layout = QUOTA (version = 6), software layout = QUOTA (version = 6)
2023-10-08 16:26:59,530 [main] INFO  reflections.Reflections (Reflections.java:scan(232)) - Reflections took 93 ms to scan 2 urls, producing 190 keys and 530 values [using 2 cores]
2023-10-08 16:26:59,530 [main] INFO  upgrade.OMLayoutVersionManager (OMLayoutVersionManager.java:lambda$0(115)) - Skipping Upgrade Action MockOmUpgradeAction since it has been finalized.
2023-10-08 16:26:59,530 [main] INFO  upgrade.OMLayoutVersionManager (OMLayoutVersionManager.java:lambda$0(115)) - Skipping Upgrade Action QuotaRepairUpgradeAction since it has been finalized.
2023-10-08 16:26:59,531 [main] WARN  server.ServerUtils (ServerUtils.java:getDBPath(311)) - ozone.om.db.dirs is not configured. We recommend adding this setting. Falling back to ozone.metadata.dirs instead.
2023-10-08 16:26:59,532 [main] INFO  proxy.SCMBlockLocationFailoverProxyProvider (SCMBlockLocationFailoverProxyProvider.java:<init>(114)) - Created block location fail-over proxy with 1 nodes: [nodeId=scmNodeId,nodeAddress=/0.0.0.0:15001]
2023-10-08 16:26:59,534 [main] INFO  proxy.SCMBlockLocationFailoverProxyProvider (SCMBlockLocationFailoverProxyProvider.java:<init>(114)) - Created block location fail-over proxy with 1 nodes: [nodeId=scmNodeId,nodeAddress=/0.0.0.0:15001]
2023-10-08 16:26:59,545 [main] INFO  om.OzoneManager (OzoneManager.java:<init>(671)) - OM start with adminUsers: [*, runner]
2023-10-08 16:26:59,547 [main] WARN  server.ServerUtils (ServerUtils.java:getDBPath(311)) - ozone.om.db.dirs is not configured. We recommend adding this setting. Falling back to ozone.metadata.dirs instead.
2023-10-08 16:26:59,547 [main] INFO  helpers.OmKeyInfo (OmKeyInfo.java:getCodec(71)) - OmKeyInfo.getCodec ignorePipeline = true
2023-10-08 16:26:59,767 [main] INFO  om.OzoneManager (OzoneManager.java:instantiateServices(800)) - S3 Multi-Tenancy is disabled
2023-10-08 16:26:59,767 [main] INFO  om.OmSnapshotManager (OmSnapshotManager.java:<init>(174)) - Ozone filesystem snapshot feature is enabled.
2023-10-08 16:26:59,768 [main] WARN  server.ServerUtils (ServerUtils.java:getDBPath(311)) - ozone.om.snapshot.diff.db.dir is not configured. We recommend adding this setting. Falling back to ozone.metadata.dirs instead.
2023-10-08 16:26:59,790 [main] INFO  snapshot.SnapshotDiffManager (SnapshotDiffManager.java:closeExecutorService(1720)) - Shutting down executorService: 'SstDumpToolExecutor'
2023-10-08 16:26:59,793 [main] INFO  om.OzoneManager (OzoneManager.java:addS3GVolumeToDB(4378)) - Created Volume s3v With Owner runner required for S3Gateway operations.
2023-10-08 16:26:59,793 [main] WARN  server.ServerUtils (ServerUtils.java:getDefaultRatisDirectory(323)) - Storage directory for Ratis is not configured. It is a good idea to map this to an SSD disk. Falling back to ozone.metadata.dirs
2023-10-08 16:26:59,793 [main] WARN  utils.OzoneManagerRatisUtils (OzoneManagerRatisUtils.java:getOMRatisSnapshotDirectory(470)) - ozone.om.ratis.snapshot.dir is not configured. Falling back to ozone.metadata.dirs config
2023-10-08 16:26:59,794 [main] INFO  utils.RDBSnapshotProvider (RDBSnapshotProvider.java:init(87)) - Cleaning up the candidate dir: /home/runner/work/ozone/ozone/hadoop-ozone/integration-test/target/test-dir/MiniOzoneClusterImpl-c8a21aad-f255-4385-b304-f7d4bfe38451/omNode-2/snapshot/om.db.candidate
2023-10-08 16:26:59,794 [main] INFO  ratis_snapshot.OmRatisSnapshotProvider (OmRatisSnapshotProvider.java:<init>(99)) - Initializing OM Snapshot Provider
2023-10-08 16:26:59,795 [main] WARN  impl.MetricRegistriesImpl (MetricRegistriesImpl.java:addReporterRegistration(111)) - New reporters are added after registries were created. Some metrics will be missing from the reporter. Please add reporter before adding any new registry.
2023-10-08 16:26:59,796 [main] WARN  impl.MetricRegistriesImpl (MetricRegistriesImpl.java:addReporterRegistration(111)) - New reporters are added after registries were created. Some metrics will be missing from the reporter. Please add reporter before adding any new registry.
2023-10-08 16:26:59,796 [main] WARN  server.ServerUtils (ServerUtils.java:getDefaultRatisDirectory(323)) - Storage directory for Ratis is not configured. It is a good idea to map this to an SSD disk. Falling back to ozone.metadata.dirs
2023-10-08 16:26:59,797 [main] INFO  ratis.OzoneManagerRatisServer (OzoneManagerRatisServer.java:<init>(164)) - Instantiating OM Ratis server with groupID: om-service-test1 and peers: localhost:15011, localhost:15015, localhost:15007
2023-10-08 16:26:59,808 [main] INFO  ratis.OzoneManagerStateMachine (OzoneManagerStateMachine.java:loadSnapshotInfoFromDB(691)) - LastAppliedIndex is set from TransactionInfo from OM DB as (t:0, i:~)
2023-10-08 16:26:59,810 [main] INFO  server.RaftServer (ConfUtils.java:logGet(46)) - raft.rpc.type = GRPC (default)
2023-10-08 16:26:59,811 [main] INFO  grpc.GrpcConfigKeys (ConfUtils.java:logFallback(53)) - raft.grpc.admin.host = null (fallback to raft.grpc.server.host)
2023-10-08 16:26:59,811 [main] INFO  grpc.GrpcConfigKeys (ConfUtils.java:logFallback(53)) - raft.grpc.admin.port = 15011 (fallback to raft.grpc.server.port)
2023-10-08 16:26:59,811 [main] INFO  grpc.GrpcConfigKeys (ConfUtils.java:logFallback(53)) - raft.grpc.client.host = null (fallback to raft.grpc.server.host)
2023-10-08 16:26:59,811 [main] INFO  grpc.GrpcConfigKeys (ConfUtils.java:logFallback(53)) - raft.grpc.client.port = 15011 (fallback to raft.grpc.server.port)
2023-10-08 16:26:59,812 [main] INFO  grpc.GrpcConfigKeys (ConfUtils.java:logGet(46)) - raft.grpc.server.host = null (default)
2023-10-08 16:26:59,812 [main] INFO  grpc.GrpcConfigKeys (ConfUtils.java:logGet(46)) - raft.grpc.server.port = 15011 (custom)
2023-10-08 16:26:59,812 [main] INFO  server.GrpcService (ConfUtils.java:logGet(46)) - raft.grpc.message.size.max = 33554432 (custom)
2023-10-08 16:26:59,812 [main] INFO  server.RaftServerConfigKeys (ConfUtils.java:logGet(46)) - raft.server.log.appender.buffer.byte-limit = 33554432 (custom)
2023-10-08 16:26:59,812 [main] INFO  server.GrpcService (ConfUtils.java:logGet(46)) - raft.grpc.flow.control.window = 1MB (=1048576) (default)
2023-10-08 16:26:59,812 [main] INFO  server.RaftServerConfigKeys (ConfUtils.java:logGet(46)) - raft.server.rpc.request.timeout = 3000ms (default)
2023-10-08 16:26:59,813 [main] INFO  grpc.GrpcConfigKeys (ConfUtils.java:logGet(46)) - raft.grpc.server.heartbeat.channel = true (default)
2023-10-08 16:26:59,813 [main] INFO  grpc.GrpcConfigKeys (ConfUtils.java:logGet(46)) - raft.grpc.server.async.request.thread.pool.cached = true (default)
2023-10-08 16:26:59,813 [main] INFO  grpc.GrpcConfigKeys (ConfUtils.java:logGet(46)) - raft.grpc.server.async.request.thread.pool.size = 32 (default)
2023-10-08 16:26:59,816 [main] INFO  impl.DataStreamServerImpl (ConfUtils.java:logGet(46)) - raft.datastream.type = DISABLED (default)
2023-10-08 16:26:59,816 [main] INFO  server.RaftServerConfigKeys (ConfUtils.java:logGet(46)) - raft.server.threadpool.proxy.cached = true (default)
2023-10-08 16:26:59,816 [main] INFO  server.RaftServerConfigKeys (ConfUtils.java:logGet(46)) - raft.server.threadpool.proxy.size = 0 (default)
2023-10-08 16:26:59,817 [main] INFO  server.RaftServerConfigKeys (ConfUtils.java:logGet(46)) - raft.server.rpc.slowness.timeout = 2s (custom)
2023-10-08 16:26:59,817 [main] INFO  server.RaftServerConfigKeys (ConfUtils.java:logGet(46)) - raft.server.leaderelection.leader.step-down.wait-time = 10s (default)
2023-10-08 16:26:59,818 [main] INFO  server.RaftServerConfigKeys (ConfUtils.java:logGet(46)) - raft.server.storage.dir = [/home/runner/work/ozone/ozone/hadoop-ozone/integration-test/target/test-dir/MiniOzoneClusterImpl-c8a21aad-f255-4385-b304-f7d4bfe38451/omNode-2/ratis] (custom)
2023-10-08 16:26:59,819 [main] INFO  server.RaftServer (RaftServerProxy.java:addNew(98)) - omNode-2: addNew group-523986131536:[omNode-3|rpc:localhost:15015|priority:0|startupRole:FOLLOWER, omNode-1|rpc:localhost:15007|priority:0|startupRole:FOLLOWER, omNode-2|rpc:localhost:15011|priority:0|startupRole:FOLLOWER] returns group-523986131536:java.util.concurrent.CompletableFuture@57361968[Not completed]
2023-10-08 16:26:59,819 [main] INFO  om.OzoneManager (OzoneManager.java:initializeRatisServer(2149)) - OzoneManager Ratis server initialized at port 15011
2023-10-08 16:26:59,819 [main] INFO  om.OzoneManager (OzoneManager.java:getRpcServer(1202)) - Creating RPC Server
2023-10-08 16:26:59,825 [omNode-2-groupManagement] INFO  server.RaftServer$Division (RaftServerImpl.java:<init>(198)) - omNode-2: new RaftServerImpl for group-523986131536:[omNode-3|rpc:localhost:15015|priority:0|startupRole:FOLLOWER, omNode-1|rpc:localhost:15007|priority:0|startupRole:FOLLOWER, omNode-2|rpc:localhost:15011|priority:0|startupRole:FOLLOWER] with OzoneManagerStateMachine:uninitialized
2023-10-08 16:26:59,825 [omNode-2-groupManagement] INFO  server.RaftServerConfigKeys (ConfUtils.java:logGet(46)) - raft.server.rpc.timeout.min = 1s (custom)
2023-10-08 16:26:59,825 [omNode-2-groupManagement] INFO  server.RaftServerConfigKeys (ConfUtils.java:logGet(46)) - raft.server.rpc.timeout.max = 1200ms (custom)
2023-10-08 16:26:59,825 [omNode-2-groupManagement] INFO  server.RaftServerConfigKeys (ConfUtils.java:logGet(46)) - raft.server.rpc.sleep.time = 25ms (default)
2023-10-08 16:26:59,826 [omNode-2-groupManagement] INFO  server.RaftServerConfigKeys (ConfUtils.java:logGet(46)) - raft.server.rpc.slowness.timeout = 2s (custom)
2023-10-08 16:26:59,831 [omNode-2-groupManagement] INFO  server.RaftServerConfigKeys (ConfUtils.java:logGet(46)) - raft.server.leaderelection.leader.step-down.wait-time = 10s (default)
2023-10-08 16:26:59,831 [omNode-2-groupManagement] INFO  server.RaftServerConfigKeys (ConfUtils.java:logGet(46)) - raft.server.sleep.deviation.threshold = 300ms (default)
2023-10-08 16:26:59,831 [omNode-2-groupManagement] INFO  server.RaftServer$Division (ServerState.java:<init>(120)) - omNode-2@group-523986131536: ConfigurationManager, init=-1: peers:[omNode-3|rpc:localhost:15015|priority:0|startupRole:FOLLOWER, omNode-1|rpc:localhost:15007|priority:0|startupRole:FOLLOWER, omNode-2|rpc:localhost:15011|priority:0|startupRole:FOLLOWER]|listeners:[], old=null, confs=<EMPTY_MAP>
2023-10-08 16:26:59,833 [omNode-2-groupManagement] INFO  server.RaftServerConfigKeys (ConfUtils.java:logGet(46)) - raft.server.storage.dir = [/home/runner/work/ozone/ozone/hadoop-ozone/integration-test/target/test-dir/MiniOzoneClusterImpl-c8a21aad-f255-4385-b304-f7d4bfe38451/omNode-2/ratis] (custom)
2023-10-08 16:26:59,834 [omNode-2-groupManagement] INFO  server.RaftServerConfigKeys (ConfUtils.java:logGet(46)) - raft.server.log.corruption.policy = EXCEPTION (default)
2023-10-08 16:26:59,834 [omNode-2-groupManagement] INFO  server.RaftServerConfigKeys (ConfUtils.java:logGet(46)) - raft.server.storage.free-space.min = 0MB (=0) (default)
2023-10-08 16:26:59,835 [omNode-2-groupManagement] INFO  server.RaftServerConfigKeys (ConfUtils.java:logGet(46)) - raft.server.notification.no-leader.timeout = 2s (custom)
2023-10-08 16:26:59,835 [omNode-2-groupManagement] INFO  server.RaftServerConfigKeys (ConfUtils.java:logGet(46)) - raft.server.read.timeout = 10s (default)
2023-10-08 16:26:59,835 [omNode-2-groupManagement] INFO  server.RaftServerConfigKeys (ConfUtils.java:logGet(46)) - raft.server.retrycache.expirytime = 30000ms (custom)
2023-10-08 16:26:59,835 [omNode-2-groupManagement] INFO  server.RaftServerConfigKeys (ConfUtils.java:logGet(46)) - raft.server.retrycache.statistics.expirytime = 100μs (default)
2023-10-08 16:26:59,835 [omNode-2-groupManagement] INFO  server.RaftServerConfigKeys (ConfUtils.java:logGet(46)) - raft.server.read.option = DEFAULT (default)
2023-10-08 16:26:59,850 [omNode-2-groupManagement] INFO  server.RaftServerConfigKeys (ConfUtils.java:logGet(46)) - raft.server.rpc.request.timeout = 3000ms (default)
2023-10-08 16:26:59,850 [omNode-2-groupManagement] INFO  server.RaftServerConfigKeys (ConfUtils.java:logGet(46)) - raft.server.log.appender.install.snapshot.enabled = false (custom)
2023-10-08 16:26:59,853 [omNode-2-groupManagement] INFO  server.RaftServerConfigKeys (ConfUtils.java:logGet(46)) - raft.server.threadpool.server.cached = true (default)
2023-10-08 16:26:59,853 [omNode-2-groupManagement] INFO  server.RaftServerConfigKeys (ConfUtils.java:logGet(46)) - raft.server.threadpool.server.size = 0 (default)
2023-10-08 16:26:59,853 [omNode-2-groupManagement] INFO  server.RaftServerConfigKeys (ConfUtils.java:logGet(46)) - raft.server.threadpool.client.cached = true (default)
2023-10-08 16:26:59,854 [omNode-2-groupManagement] INFO  server.RaftServerConfigKeys (ConfUtils.java:logGet(46)) - raft.server.threadpool.client.size = 0 (default)
2023-10-08 16:27:00,360 [main] INFO  reflections.Reflections (Reflections.java:scan(232)) - Reflections took 536 ms to scan 20 urls, producing 71 keys and 6072 values [using 2 cores]
2023-10-08 16:27:00,362 [main] INFO  ipc.CallQueueManager (CallQueueManager.java:<init>(90)) - Using callQueue: class java.util.concurrent.LinkedBlockingQueue, queueCapacity: 2000, scheduler: class org.apache.hadoop.ipc.DefaultRpcScheduler, ipcBackoff: false.
2023-10-08 16:27:00,363 [main] INFO  ipc.Server (Server.java:<init>(1287)) - Listener at 127.0.0.1:15008
2023-10-08 16:27:00,363 [Socket Reader #1 for port 15008] INFO  ipc.Server (Server.java:run(1323)) - Starting Socket Reader #1 for port 15008
2023-10-08 16:27:00,394 [main] INFO  impl.MetricsSystemImpl (MetricsSystemImpl.java:init(158)) - OzoneManager metrics system started (again)
2023-10-08 16:27:00,408 [main] INFO  om.OzoneManager (OzoneManager.java:start(1639)) - OzoneManager RPC server is listening at localhost/127.0.0.1:15008
2023-10-08 16:27:00,409 [main] INFO  ratis.OzoneManagerRatisServer (OzoneManagerRatisServer.java:start(559)) - Starting OzoneManagerRatisServer omNode-2 at port 15011
2023-10-08 16:27:00,410 [omNode-2-impl-thread1] INFO  storage.RaftStorageDirectory (RaftStorageDirectoryImpl.java:analyzeStorage(137)) - The storage directory /home/runner/work/ozone/ozone/hadoop-ozone/integration-test/target/test-dir/MiniOzoneClusterImpl-c8a21aad-f255-4385-b304-f7d4bfe38451/omNode-2/ratis/c9bc4cf4-3bc3-3c60-a66b-523986131536 does not exist. Creating ...
2023-10-08 16:27:00,412 [omNode-2-impl-thread1] INFO  storage.RaftStorageDirectory (RaftStorageDirectoryImpl.java:tryLock(231)) - Lock on /home/runner/work/ozone/ozone/hadoop-ozone/integration-test/target/test-dir/MiniOzoneClusterImpl-c8a21aad-f255-4385-b304-f7d4bfe38451/omNode-2/ratis/c9bc4cf4-3bc3-3c60-a66b-523986131536/in_use.lock acquired by nodename 29017@fv-az550-77
2023-10-08 16:27:00,414 [omNode-2-impl-thread1] INFO  storage.RaftStorage (RaftStorageImpl.java:format(96)) - Storage directory /home/runner/work/ozone/ozone/hadoop-ozone/integration-test/target/test-dir/MiniOzoneClusterImpl-c8a21aad-f255-4385-b304-f7d4bfe38451/omNode-2/ratis/c9bc4cf4-3bc3-3c60-a66b-523986131536 has been successfully formatted.
2023-10-08 16:27:00,415 [omNode-2-impl-thread1] INFO  server.RaftServerConfigKeys (ConfUtils.java:logGet(46)) - raft.server.log.use.memory = false (default)
2023-10-08 16:27:00,415 [omNode-2-impl-thread1] INFO  server.RaftServerConfigKeys (ConfUtils.java:logGet(46)) - raft.server.log.purge.gap = 50 (custom)
2023-10-08 16:27:00,415 [omNode-2-impl-thread1] INFO  server.RaftServerConfigKeys (ConfUtils.java:logGet(46)) - raft.server.log.appender.buffer.byte-limit = 33554432 (custom)
2023-10-08 16:27:00,416 [omNode-2-impl-thread1] INFO  server.RaftServerConfigKeys (ConfUtils.java:logGet(46)) - raft.server.log.statemachine.data.read.timeout = 1000ms (default)
2023-10-08 16:27:00,416 [omNode-2-impl-thread1] INFO  server.RaftServerConfigKeys (ConfUtils.java:logGet(46)) - raft.server.log.purge.preservation.log.num = 0 (default)
2023-10-08 16:27:00,416 [omNode-2-impl-thread1] INFO  server.RaftServerConfigKeys (ConfUtils.java:logGet(46)) - raft.server.log.segment.size.max = 4194304 (custom)
2023-10-08 16:27:00,416 [omNode-2-impl-thread1] INFO  server.RaftServerConfigKeys (ConfUtils.java:logGet(46)) - raft.server.log.segment.cache.num.max = 2 (custom)
2023-10-08 16:27:00,416 [omNode-2-impl-thread1] INFO  server.RaftServerConfigKeys (ConfUtils.java:logGet(46)) - raft.server.log.segment.cache.size.max = 200MB (=209715200) (default)
2023-10-08 16:27:00,417 [omNode-2-impl-thread1] INFO  server.RaftServerConfigKeys (ConfUtils.java:logGet(46)) - raft.server.log.appender.buffer.byte-limit = 33554432 (custom)
2023-10-08 16:27:00,417 [omNode-2-impl-thread1] INFO  segmented.SegmentedRaftLogWorker (SegmentedRaftLogWorker.java:<init>(188)) - new omNode-2@group-523986131536-SegmentedRaftLogWorker for RaftStorageImpl:Storage Directory /home/runner/work/ozone/ozone/hadoop-ozone/integration-test/target/test-dir/MiniOzoneClusterImpl-c8a21aad-f255-4385-b304-f7d4bfe38451/omNode-2/ratis/c9bc4cf4-3bc3-3c60-a66b-523986131536
2023-10-08 16:27:00,417 [omNode-2-impl-thread1] INFO  server.RaftServerConfigKeys (ConfUtils.java:logGet(46)) - raft.server.log.queue.byte-limit = 64MB (=67108864) (default)
2023-10-08 16:27:00,417 [omNode-2-impl-thread1] INFO  server.RaftServerConfigKeys (ConfUtils.java:logGet(46)) - raft.server.log.queue.element-limit = 4096 (default)
2023-10-08 16:27:00,417 [omNode-2-impl-thread1] INFO  server.RaftServerConfigKeys (ConfUtils.java:logGet(46)) - raft.server.log.segment.size.max = 4194304 (custom)
2023-10-08 16:27:00,417 [omNode-2-impl-thread1] INFO  server.RaftServerConfigKeys (ConfUtils.java:logGet(46)) - raft.server.log.preallocated.size = 4194304 (custom)
2023-10-08 16:27:00,417 [omNode-2-impl-thread1] INFO  server.RaftServerConfigKeys (ConfUtils.java:logGet(46)) - raft.server.log.force.sync.num = 128 (default)
2023-10-08 16:27:00,417 [omNode-2-impl-thread1] INFO  server.RaftServerConfigKeys (ConfUtils.java:logGet(46)) - raft.server.log.statemachine.data.sync = true (default)
2023-10-08 16:27:00,417 [omNode-2-impl-thread1] INFO  server.RaftServerConfigKeys (ConfUtils.java:logGet(46)) - raft.server.log.statemachine.data.sync.timeout = 10s (default)
2023-10-08 16:27:00,418 [omNode-2-impl-thread1] INFO  server.RaftServerConfigKeys (ConfUtils.java:logGet(46)) - raft.server.log.statemachine.data.sync.timeout.retry = -1 (default)
2023-10-08 16:27:00,418 [omNode-2-impl-thread1] INFO  server.RaftServerConfigKeys (ConfUtils.java:logGet(46)) - raft.server.log.write.buffer.size = 64KB (=65536) (default)
2023-10-08 16:27:00,419 [omNode-2-impl-thread1] INFO  server.RaftServerConfigKeys (ConfUtils.java:logGet(46)) - raft.server.log.appender.buffer.byte-limit = 33554432 (custom)
2023-10-08 16:27:00,423 [omNode-2-impl-thread1] INFO  server.RaftServerConfigKeys (ConfUtils.java:logGet(46)) - raft.server.log.unsafe-flush.enabled = false (default)
2023-10-08 16:27:00,424 [omNode-2-impl-thread1] INFO  server.RaftServerConfigKeys (ConfUtils.java:logGet(46)) - raft.server.log.async-flush.enabled = false (default)
2023-10-08 16:27:00,424 [omNode-2-impl-thread1] INFO  server.RaftServerConfigKeys (ConfUtils.java:logGet(46)) - raft.server.log.statemachine.data.caching.enabled = false (default)
2023-10-08 16:27:00,424 [omNode-2-impl-thread1] INFO  segmented.SegmentedRaftLogWorker (SegmentedRaftLogWorker.java:lambda$new$0(135)) - omNode-2@group-523986131536-SegmentedRaftLogWorker: flushIndex: setUnconditionally 0 -> -1
2023-10-08 16:27:00,424 [omNode-2-impl-thread1] INFO  segmented.SegmentedRaftLogWorker (SegmentedRaftLogWorker.java:lambda$new$0(135)) - omNode-2@group-523986131536-SegmentedRaftLogWorker: safeCacheEvictIndex: setUnconditionally 0 -> -1
2023-10-08 16:27:00,424 [omNode-2-impl-thread1] INFO  server.RaftServer$Division (RaftServerImpl.java:start(342)) - omNode-2@group-523986131536: start as a follower, conf=-1: peers:[omNode-3|rpc:localhost:15015|priority:0|startupRole:FOLLOWER, omNode-1|rpc:localhost:15007|priority:0|startupRole:FOLLOWER, omNode-2|rpc:localhost:15011|priority:0|startupRole:FOLLOWER]|listeners:[], old=null
2023-10-08 16:27:00,424 [omNode-2-impl-thread1] INFO  server.RaftServer$Division (RaftServerImpl.java:setRole(329)) - omNode-2@group-523986131536: changes role from      null to FOLLOWER at term 0 for startAsFollower
2023-10-08 16:27:00,425 [omNode-2-impl-thread1] INFO  impl.RoleInfo (RoleInfo.java:updateAndGet(139)) - omNode-2: start omNode-2@group-523986131536-FollowerState
2023-10-08 16:27:00,425 [omNode-2-impl-thread1] INFO  util.JmxRegister (JmxRegister.java:tryRegister(44)) - Successfully registered JMX Bean with object name Ratis:service=RaftServer,group=group-523986131536,id=omNode-2
2023-10-08 16:27:00,426 [omNode-2-impl-thread1] INFO  server.RaftServerConfigKeys (ConfUtils.java:logGet(46)) - raft.server.snapshot.auto.trigger.enabled = true (custom)
2023-10-08 16:27:00,426 [omNode-2-impl-thread1] INFO  server.RaftServerConfigKeys (ConfUtils.java:logGet(46)) - raft.server.snapshot.auto.trigger.threshold = 50 (custom)
2023-10-08 16:27:00,426 [omNode-2-impl-thread1] INFO  server.RaftServerConfigKeys (ConfUtils.java:logGet(46)) - raft.server.snapshot.retention.file.num = -1 (default)
2023-10-08 16:27:00,426 [omNode-2-impl-thread1] INFO  server.RaftServerConfigKeys (ConfUtils.java:logGet(46)) - raft.server.log.purge.upto.snapshot.index = true (custom)
2023-10-08 16:27:00,427 [main] INFO  server.RaftServer (RaftServerProxy.java:startImpl(400)) - omNode-2: start RPC server
2023-10-08 16:27:00,429 [omNode-2@group-523986131536-FollowerState] INFO  server.RaftServerConfigKeys (ConfUtils.java:logFallback(53)) - raft.server.rpc.first-election.timeout.min = 1s (fallback to raft.server.rpc.timeout.min)
2023-10-08 16:27:00,429 [omNode-2@group-523986131536-FollowerState] INFO  server.RaftServerConfigKeys (ConfUtils.java:logFallback(53)) - raft.server.rpc.first-election.timeout.max = 1200ms (fallback to raft.server.rpc.timeout.max)
2023-10-08 16:27:00,429 [main] INFO  server.GrpcService (GrpcService.java:startImpl(302)) - omNode-2: GrpcService started, listening on 15011
2023-10-08 16:27:00,430 [main] INFO  om.OzoneManager (OzoneManager.java:start(1655)) - Version File has different layout version (6) than OM DB (null). That is expected if this OM has never been finalized to a newer layout version.
2023-10-08 16:27:00,431 [JvmPauseMonitor2] INFO  util.JvmPauseMonitor (JvmPauseMonitor.java:run(103)) - JvmPauseMonitor-omNode-2: Started
2023-10-08 16:27:00,442 [main] INFO  http.BaseHttpServer (BaseHttpServer.java:newHttpServer2BuilderForOzone(223)) - Starting Web-server for ozoneManager at: http://0.0.0.0:15009
2023-10-08 16:27:00,442 [main] INFO  http.BaseHttpServer (BaseHttpServer.java:<init>(110)) - Hadoop Security Enabled: false Ozone Security Enabled: false Ozone HTTP Security Enabled: false 
2023-10-08 16:27:00,444 [main] WARN  server.AuthenticationFilter (AuthenticationFilter.java:constructSecretProvider(240)) - Unable to initialize FileSignerSecretProvider, falling back to use random secrets. Reason: Could not read signature secret file: /home/runner/hadoop-http-auth-signature-secret
2023-10-08 16:27:00,445 [main] INFO  http.HttpRequestLog (HttpRequestLog.java:getRequestLog(86)) - Http request log for http.requests.ozoneManager is not defined
2023-10-08 16:27:00,446 [main] INFO  http.HttpServer2 (HttpServer2.java:addGlobalFilter(1031)) - Added global filter 'safety' (class=org.apache.hadoop.hdds.server.http.HttpServer2$QuotingInputFilter)
2023-10-08 16:27:00,447 [main] INFO  http.HttpServer2 (HttpServer2.java:addFilter(1007)) - Added filter static_user_filter (class=org.apache.hadoop.http.lib.StaticUserWebFilter$StaticUserFilter) to context ozoneManager
2023-10-08 16:27:00,447 [main] INFO  http.HttpServer2 (HttpServer2.java:addFilter(1015)) - Added filter static_user_filter (class=org.apache.hadoop.http.lib.StaticUserWebFilter$StaticUserFilter) to context static
2023-10-08 16:27:00,447 [main] INFO  http.HttpServer2 (HttpServer2.java:addFilter(1015)) - Added filter static_user_filter (class=org.apache.hadoop.http.lib.StaticUserWebFilter$StaticUserFilter) to context logs
2023-10-08 16:27:00,448 [main] INFO  http.BaseHttpServer (BaseHttpServer.java:<init>(189)) - HTTP server of ozoneManager uses base directory /home/runner/work/ozone/ozone/hadoop-ozone/integration-test/target/test-dir/MiniOzoneClusterImpl-c8a21aad-f255-4385-b304-f7d4bfe38451/omNode-2/webserver
2023-10-08 16:27:00,449 [main] INFO  http.HttpServer2 (HttpServer2.java:bindListener(1231)) - Jetty bound to port 15009
2023-10-08 16:27:00,449 [main] INFO  server.Server (Server.java:doStart(375)) - jetty-9.4.52.v20230823; built: 2023-08-23T19:29:37.669Z; git: abdcda73818a1a2c705da276edb0bf6581e7997e; jvm 1.8.0_382-b05
2023-10-08 16:27:00,454 [omNode-1@group-523986131536-FollowerState] INFO  impl.FollowerState (FollowerState.java:run(143)) - omNode-1@group-523986131536-FollowerState: change to CANDIDATE, lastRpcElapsedTime:1167031824ns, electionTimeout:1163ms
2023-10-08 16:27:00,455 [omNode-1@group-523986131536-FollowerState] INFO  impl.RoleInfo (RoleInfo.java:shutdownFollowerState(110)) - omNode-1: shutdown omNode-1@group-523986131536-FollowerState
2023-10-08 16:27:00,455 [omNode-1@group-523986131536-FollowerState] INFO  server.RaftServer$Division (RaftServerImpl.java:setRole(329)) - omNode-1@group-523986131536: changes role from  FOLLOWER to CANDIDATE at term 0 for changeToCandidate
2023-10-08 16:27:00,460 [main] INFO  server.session (DefaultSessionIdManager.java:doStart(334)) - DefaultSessionIdManager workerName=node0
2023-10-08 16:27:00,460 [main] INFO  server.session (DefaultSessionIdManager.java:doStart(339)) - No SessionScavenger set, using defaults
2023-10-08 16:27:00,460 [main] INFO  server.session (HouseKeeper.java:startScavenging(132)) - node0 Scavenging every 660000ms
2023-10-08 16:27:00,464 [main] INFO  handler.ContextHandler (ContextHandler.java:doStart(921)) - Started o.e.j.s.ServletContextHandler@4a3b95b{logs,/logs,file:///home/runner/work/ozone/ozone/hadoop-ozone/integration-test/target/log,AVAILABLE}
2023-10-08 16:27:00,464 [main] INFO  handler.ContextHandler (ContextHandler.java:doStart(921)) - Started o.e.j.s.ServletContextHandler@45a98c98{static,/static,file:///home/runner/work/ozone/ozone/hadoop-ozone/integration-test/target/test-classes/webapps/static,AVAILABLE}
2023-10-08 16:27:00,470 [main] INFO  handler.ContextHandler (ContextHandler.java:doStart(921)) - Started o.e.j.w.WebAppContext@4405a00e{ozoneManager,/,file:///home/runner/work/ozone/ozone/hadoop-ozone/integration-test/target/test-classes/webapps/ozoneManager/,AVAILABLE}{file:/home/runner/work/ozone/ozone/hadoop-ozone/integration-test/target/test-classes/webapps/ozoneManager}
2023-10-08 16:27:00,472 [main] INFO  server.AbstractConnector (AbstractConnector.java:doStart(333)) - Started ServerConnector@142fe961{HTTP/1.1, (http/1.1)}{0.0.0.0:15009}
2023-10-08 16:27:00,472 [main] INFO  server.Server (Server.java:doStart(415)) - Started @8965ms
2023-10-08 16:27:00,472 [main] WARN  impl.MetricsSystemImpl (MetricsSystemImpl.java:register(279)) - Sink prometheus already exists!
2023-10-08 16:27:00,473 [main] INFO  http.BaseHttpServer (BaseHttpServer.java:updateConnectorAddress(354)) - HTTP server of ozoneManager listening at http://0.0.0.0:15009
2023-10-08 16:27:00,473 [IPC Server Responder] INFO  ipc.Server (Server.java:run(1562)) - IPC Server Responder: starting
2023-10-08 16:27:00,475 [IPC Server listener on 15008] INFO  ipc.Server (Server.java:run(1402)) - IPC Server listener on 15008: starting
2023-10-08 16:27:00,481 [omNode-1@group-523986131536-FollowerState] INFO  server.RaftServerConfigKeys (ConfUtils.java:logGet(46)) - raft.server.leaderelection.pre-vote = true (default)
2023-10-08 16:27:00,481 [omNode-1@group-523986131536-FollowerState] INFO  impl.RoleInfo (RoleInfo.java:updateAndGet(139)) - omNode-1: start omNode-1@group-523986131536-LeaderElection1
2023-10-08 16:27:00,487 [main] INFO  om.OzoneManager (OzoneManager.java:startTrashEmptier(2102)) - Trash Interval set to 0. Files deleted won't move to trash
2023-10-08 16:27:00,488 [main] INFO  ozone.MiniOzoneHAClusterImpl (MiniOzoneHAClusterImpl.java:createOMService(505)) - Started OzoneManager omNode-2 RPC server at localhost/127.0.0.1:15008
2023-10-08 16:27:00,489 [main] INFO  ha.OMHANodeDetails (OMHANodeDetails.java:loadOMHAConfig(121)) - ServiceID for OzoneManager is om-service-test1
2023-10-08 16:27:00,489 [main] INFO  ha.OMHANodeDetails (OMHANodeDetails.java:loadOMHAConfig(201)) - Found matching OM address with OMServiceId: om-service-test1, OMNodeId: omNode-3, RPC Address: localhost:15012 and Ratis port: 15015
2023-10-08 16:27:00,490 [main] INFO  ha.OMHANodeDetails (ConfUtils.java:setNodeSpecificConfigs(97)) - Setting configuration key ozone.om.http-address with value of key ozone.om.http-address.om-service-test1.omNode-3: 127.0.0.1:15013
2023-10-08 16:27:00,490 [main] INFO  ha.OMHANodeDetails (ConfUtils.java:setNodeSpecificConfigs(97)) - Setting configuration key ozone.om.https-address with value of key ozone.om.https-address.om-service-test1.omNode-3: 127.0.0.1:15014
2023-10-08 16:27:00,490 [main] INFO  ha.OMHANodeDetails (ConfUtils.java:setNodeSpecificConfigs(97)) - Setting configuration key ozone.om.address with value of key ozone.om.address.om-service-test1.omNode-3: 127.0.0.1:15012
2023-10-08 16:27:00,490 [main] WARN  server.ServerUtils (ServerUtils.java:getDBPath(311)) - ozone.om.db.dirs is not configured. We recommend adding this setting. Falling back to ozone.metadata.dirs instead.
2023-10-08 16:27:00,494 [omNode-1@group-523986131536-LeaderElection1] INFO  impl.LeaderElection (LeaderElection.java:askForVotes(321)) - omNode-1@group-523986131536-LeaderElection1 PRE_VOTE round 0: submit vote requests at term 0 for -1: peers:[omNode-3|rpc:localhost:15015|priority:0|startupRole:FOLLOWER, omNode-1|rpc:localhost:15007|priority:0|startupRole:FOLLOWER, omNode-2|rpc:localhost:15011|priority:0|startupRole:FOLLOWER]|listeners:[], old=null
2023-10-08 16:27:00,500 [main] INFO  proxy.SCMBlockLocationFailoverProxyProvider (SCMBlockLocationFailoverProxyProvider.java:<init>(114)) - Created block location fail-over proxy with 1 nodes: [nodeId=scmNodeId,nodeAddress=/0.0.0.0:15001]
OM initialization succeeded.Current cluster id for sd=/home/runner/work/ozone/ozone/hadoop-ozone/integration-test/target/test-dir/MiniOzoneClusterImpl-c8a21aad-f255-4385-b304-f7d4bfe38451/omNode-3/om;cid=c8a21aad-f255-4385-b304-f7d4bfe38451;layoutVersion=6
2023-10-08 16:27:00,520 [main] INFO  ha.OMHANodeDetails (OMHANodeDetails.java:loadOMHAConfig(121)) - ServiceID for OzoneManager is om-service-test1
2023-10-08 16:27:00,520 [main] INFO  ha.OMHANodeDetails (OMHANodeDetails.java:loadOMHAConfig(201)) - Found matching OM address with OMServiceId: om-service-test1, OMNodeId: omNode-3, RPC Address: localhost:15012 and Ratis port: 15015
2023-10-08 16:27:00,520 [main] INFO  ha.OMHANodeDetails (ConfUtils.java:setNodeSpecificConfigs(97)) - Setting configuration key ozone.om.http-address with value of key ozone.om.http-address.om-service-test1.omNode-3: 127.0.0.1:15013
2023-10-08 16:27:00,521 [main] INFO  ha.OMHANodeDetails (ConfUtils.java:setNodeSpecificConfigs(97)) - Setting configuration key ozone.om.https-address with value of key ozone.om.https-address.om-service-test1.omNode-3: 127.0.0.1:15014
2023-10-08 16:27:00,521 [main] INFO  ha.OMHANodeDetails (ConfUtils.java:setNodeSpecificConfigs(97)) - Setting configuration key ozone.om.address with value of key ozone.om.address.om-service-test1.omNode-3: 127.0.0.1:15012
2023-10-08 16:27:00,521 [main] WARN  server.ServerUtils (ServerUtils.java:getDBPath(311)) - ozone.om.db.dirs is not configured. We recommend adding this setting. Falling back to ozone.metadata.dirs instead.
2023-10-08 16:27:00,522 [main] INFO  upgrade.AbstractLayoutVersionManager (AbstractLayoutVersionManager.java:init(83)) - Initializing Layout version manager with metadata layout = QUOTA (version = 6), software layout = QUOTA (version = 6)
2023-10-08 16:27:00,556 [omNode-1@group-523986131536-LeaderElection1-1] INFO  server.GrpcServerProtocolClient (GrpcServerProtocolClient.java:<init>(65)) - Build channel for omNode-3
2023-10-08 16:27:00,557 [omNode-1@group-523986131536-LeaderElection1] INFO  server.RaftServerConfigKeys (ConfUtils.java:logFallback(53)) - raft.server.rpc.first-election.timeout.min = 1s (fallback to raft.server.rpc.timeout.min)
2023-10-08 16:27:00,558 [omNode-1@group-523986131536-LeaderElection1] INFO  server.RaftServerConfigKeys (ConfUtils.java:logFallback(53)) - raft.server.rpc.first-election.timeout.max = 1200ms (fallback to raft.server.rpc.timeout.max)
2023-10-08 16:27:00,557 [omNode-1@group-523986131536-LeaderElection1-2] INFO  server.GrpcServerProtocolClient (GrpcServerProtocolClient.java:<init>(65)) - Build channel for omNode-2
2023-10-08 16:27:00,620 [main] INFO  reflections.Reflections (Reflections.java:scan(232)) - Reflections took 97 ms to scan 2 urls, producing 190 keys and 530 values [using 2 cores]
2023-10-08 16:27:00,621 [main] INFO  upgrade.OMLayoutVersionManager (OMLayoutVersionManager.java:lambda$0(115)) - Skipping Upgrade Action MockOmUpgradeAction since it has been finalized.
2023-10-08 16:27:00,621 [main] INFO  upgrade.OMLayoutVersionManager (OMLayoutVersionManager.java:lambda$0(115)) - Skipping Upgrade Action QuotaRepairUpgradeAction since it has been finalized.
2023-10-08 16:27:00,621 [main] WARN  server.ServerUtils (ServerUtils.java:getDBPath(311)) - ozone.om.db.dirs is not configured. We recommend adding this setting. Falling back to ozone.metadata.dirs instead.
2023-10-08 16:27:00,622 [main] INFO  proxy.SCMBlockLocationFailoverProxyProvider (SCMBlockLocationFailoverProxyProvider.java:<init>(114)) - Created block location fail-over proxy with 1 nodes: [nodeId=scmNodeId,nodeAddress=/0.0.0.0:15001]
2023-10-08 16:27:00,629 [main] INFO  proxy.SCMBlockLocationFailoverProxyProvider (SCMBlockLocationFailoverProxyProvider.java:<init>(114)) - Created block location fail-over proxy with 1 nodes: [nodeId=scmNodeId,nodeAddress=/0.0.0.0:15001]
2023-10-08 16:27:00,806 [main] INFO  om.OzoneManager (OzoneManager.java:<init>(671)) - OM start with adminUsers: [*, runner]
2023-10-08 16:27:00,807 [main] WARN  server.ServerUtils (ServerUtils.java:getDBPath(311)) - ozone.om.db.dirs is not configured. We recommend adding this setting. Falling back to ozone.metadata.dirs instead.
2023-10-08 16:27:00,808 [main] INFO  helpers.OmKeyInfo (OmKeyInfo.java:getCodec(71)) - OmKeyInfo.getCodec ignorePipeline = true
2023-10-08 16:27:01,102 [omNode-1@group-523986131536-LeaderElection1] INFO  impl.LeaderElection (LogUtils.java:infoOrTrace(137)) - omNode-1@group-523986131536-LeaderElection1 got exception when requesting votes: java.util.concurrent.ExecutionException: org.apache.ratis.thirdparty.io.grpc.StatusRuntimeException: UNAVAILABLE: io exception
2023-10-08 16:27:01,168 [main] INFO  om.OzoneManager (OzoneManager.java:instantiateServices(800)) - S3 Multi-Tenancy is disabled
2023-10-08 16:27:01,168 [main] INFO  om.OmSnapshotManager (OmSnapshotManager.java:<init>(174)) - Ozone filesystem snapshot feature is enabled.
2023-10-08 16:27:01,168 [main] WARN  server.ServerUtils (ServerUtils.java:getDBPath(311)) - ozone.om.snapshot.diff.db.dir is not configured. We recommend adding this setting. Falling back to ozone.metadata.dirs instead.
2023-10-08 16:27:01,199 [main] INFO  snapshot.SnapshotDiffManager (SnapshotDiffManager.java:closeExecutorService(1720)) - Shutting down executorService: 'SstDumpToolExecutor'
2023-10-08 16:27:01,202 [main] INFO  om.OzoneManager (OzoneManager.java:addS3GVolumeToDB(4378)) - Created Volume s3v With Owner runner required for S3Gateway operations.
2023-10-08 16:27:01,202 [main] WARN  server.ServerUtils (ServerUtils.java:getDefaultRatisDirectory(323)) - Storage directory for Ratis is not configured. It is a good idea to map this to an SSD disk. Falling back to ozone.metadata.dirs
2023-10-08 16:27:01,202 [main] WARN  utils.OzoneManagerRatisUtils (OzoneManagerRatisUtils.java:getOMRatisSnapshotDirectory(470)) - ozone.om.ratis.snapshot.dir is not configured. Falling back to ozone.metadata.dirs config
2023-10-08 16:27:01,203 [main] INFO  utils.RDBSnapshotProvider (RDBSnapshotProvider.java:init(87)) - Cleaning up the candidate dir: /home/runner/work/ozone/ozone/hadoop-ozone/integration-test/target/test-dir/MiniOzoneClusterImpl-c8a21aad-f255-4385-b304-f7d4bfe38451/omNode-3/snapshot/om.db.candidate
2023-10-08 16:27:01,204 [main] INFO  ratis_snapshot.OmRatisSnapshotProvider (OmRatisSnapshotProvider.java:<init>(99)) - Initializing OM Snapshot Provider
2023-10-08 16:27:01,206 [main] WARN  impl.MetricRegistriesImpl (MetricRegistriesImpl.java:addReporterRegistration(111)) - New reporters are added after registries were created. Some metrics will be missing from the reporter. Please add reporter before adding any new registry.
2023-10-08 16:27:01,206 [main] WARN  impl.MetricRegistriesImpl (MetricRegistriesImpl.java:addReporterRegistration(111)) - New reporters are added after registries were created. Some metrics will be missing from the reporter. Please add reporter before adding any new registry.
2023-10-08 16:27:01,206 [main] WARN  server.ServerUtils (ServerUtils.java:getDefaultRatisDirectory(323)) - Storage directory for Ratis is not configured. It is a good idea to map this to an SSD disk. Falling back to ozone.metadata.dirs
2023-10-08 16:27:01,209 [main] INFO  ratis.OzoneManagerRatisServer (OzoneManagerRatisServer.java:<init>(164)) - Instantiating OM Ratis server with groupID: om-service-test1 and peers: localhost:15015, localhost:15007, localhost:15011
2023-10-08 16:27:01,209 [main] INFO  ratis.OzoneManagerStateMachine (OzoneManagerStateMachine.java:loadSnapshotInfoFromDB(691)) - LastAppliedIndex is set from TransactionInfo from OM DB as (t:0, i:~)
2023-10-08 16:27:01,214 [grpc-default-executor-1] INFO  server.RaftServer$Division (RaftServerImpl.java:requestVote(1302)) - omNode-2@group-523986131536: receive requestVote(PRE_VOTE, omNode-1, group-523986131536, 0, (t:0, i:~))
2023-10-08 16:27:01,214 [main] INFO  server.RaftServer (ConfUtils.java:logGet(46)) - raft.rpc.type = GRPC (default)
2023-10-08 16:27:01,214 [main] INFO  grpc.GrpcConfigKeys (ConfUtils.java:logFallback(53)) - raft.grpc.admin.host = null (fallback to raft.grpc.server.host)
2023-10-08 16:27:01,214 [main] INFO  grpc.GrpcConfigKeys (ConfUtils.java:logFallback(53)) - raft.grpc.admin.port = 15015 (fallback to raft.grpc.server.port)
2023-10-08 16:27:01,214 [main] INFO  grpc.GrpcConfigKeys (ConfUtils.java:logFallback(53)) - raft.grpc.client.host = null (fallback to raft.grpc.server.host)
2023-10-08 16:27:01,215 [main] INFO  grpc.GrpcConfigKeys (ConfUtils.java:logFallback(53)) - raft.grpc.client.port = 15015 (fallback to raft.grpc.server.port)
2023-10-08 16:27:01,215 [main] INFO  grpc.GrpcConfigKeys (ConfUtils.java:logGet(46)) - raft.grpc.server.host = null (default)
2023-10-08 16:27:01,215 [main] INFO  grpc.GrpcConfigKeys (ConfUtils.java:logGet(46)) - raft.grpc.server.port = 15015 (custom)
2023-10-08 16:27:01,215 [main] INFO  server.GrpcService (ConfUtils.java:logGet(46)) - raft.grpc.message.size.max = 33554432 (custom)
2023-10-08 16:27:01,215 [main] INFO  server.RaftServerConfigKeys (ConfUtils.java:logGet(46)) - raft.server.log.appender.buffer.byte-limit = 33554432 (custom)
2023-10-08 16:27:01,215 [main] INFO  server.GrpcService (ConfUtils.java:logGet(46)) - raft.grpc.flow.control.window = 1MB (=1048576) (default)
2023-10-08 16:27:01,215 [main] INFO  server.RaftServerConfigKeys (ConfUtils.java:logGet(46)) - raft.server.rpc.request.timeout = 3000ms (default)
2023-10-08 16:27:01,216 [main] INFO  grpc.GrpcConfigKeys (ConfUtils.java:logGet(46)) - raft.grpc.server.heartbeat.channel = true (default)
2023-10-08 16:27:01,216 [grpc-default-executor-1] INFO  impl.VoteContext (VoteContext.java:log(49)) - omNode-2@group-523986131536-FOLLOWER: accept PRE_VOTE from omNode-1: our priority 0 <= candidate's priority 0
2023-10-08 16:27:01,216 [main] INFO  grpc.GrpcConfigKeys (ConfUtils.java:logGet(46)) - raft.grpc.server.async.request.thread.pool.cached = true (default)
2023-10-08 16:27:01,217 [main] INFO  grpc.GrpcConfigKeys (ConfUtils.java:logGet(46)) - raft.grpc.server.async.request.thread.pool.size = 32 (default)
2023-10-08 16:27:01,219 [main] INFO  impl.DataStreamServerImpl (ConfUtils.java:logGet(46)) - raft.datastream.type = DISABLED (default)
2023-10-08 16:27:01,219 [main] INFO  server.RaftServerConfigKeys (ConfUtils.java:logGet(46)) - raft.server.threadpool.proxy.cached = true (default)
2023-10-08 16:27:01,219 [main] INFO  server.RaftServerConfigKeys (ConfUtils.java:logGet(46)) - raft.server.threadpool.proxy.size = 0 (default)
2023-10-08 16:27:01,219 [main] INFO  server.RaftServerConfigKeys (ConfUtils.java:logGet(46)) - raft.server.rpc.slowness.timeout = 2s (custom)
2023-10-08 16:27:01,220 [main] INFO  server.RaftServerConfigKeys (ConfUtils.java:logGet(46)) - raft.server.leaderelection.leader.step-down.wait-time = 10s (default)
2023-10-08 16:27:01,220 [main] INFO  server.RaftServerConfigKeys (ConfUtils.java:logGet(46)) - raft.server.storage.dir = [/home/runner/work/ozone/ozone/hadoop-ozone/integration-test/target/test-dir/MiniOzoneClusterImpl-c8a21aad-f255-4385-b304-f7d4bfe38451/omNode-3/ratis] (custom)
2023-10-08 16:27:01,226 [grpc-default-executor-1] INFO  server.RaftServer$Division (RaftServerImpl.java:requestVote(1335)) - omNode-2@group-523986131536 replies to PRE_VOTE vote request: omNode-1<-omNode-2#0:OK-t0. Peer's state: omNode-2@group-523986131536:t0, leader=null, voted=, raftlog=Memoized:omNode-2@group-523986131536-SegmentedRaftLog:OPENED:c-1, conf=-1: peers:[omNode-3|rpc:localhost:15015|priority:0|startupRole:FOLLOWER, omNode-1|rpc:localhost:15007|priority:0|startupRole:FOLLOWER, omNode-2|rpc:localhost:15011|priority:0|startupRole:FOLLOWER]|listeners:[], old=null
2023-10-08 16:27:01,233 [main] INFO  server.RaftServer (RaftServerProxy.java:addNew(98)) - omNode-3: addNew group-523986131536:[omNode-3|rpc:localhost:15015|priority:0|startupRole:FOLLOWER, omNode-1|rpc:localhost:15007|priority:0|startupRole:FOLLOWER, omNode-2|rpc:localhost:15011|priority:0|startupRole:FOLLOWER] returns group-523986131536:java.util.concurrent.CompletableFuture@6a8a20c1[Not completed]
2023-10-08 16:27:01,233 [main] INFO  om.OzoneManager (OzoneManager.java:initializeRatisServer(2149)) - OzoneManager Ratis server initialized at port 15015
2023-10-08 16:27:01,233 [main] INFO  om.OzoneManager (OzoneManager.java:getRpcServer(1202)) - Creating RPC Server
2023-10-08 16:27:01,236 [omNode-3-groupManagement] INFO  server.RaftServer$Division (RaftServerImpl.java:<init>(198)) - omNode-3: new RaftServerImpl for group-523986131536:[omNode-3|rpc:localhost:15015|priority:0|startupRole:FOLLOWER, omNode-1|rpc:localhost:15007|priority:0|startupRole:FOLLOWER, omNode-2|rpc:localhost:15011|priority:0|startupRole:FOLLOWER] with OzoneManagerStateMachine:uninitialized
2023-10-08 16:27:01,238 [omNode-3-groupManagement] INFO  server.RaftServerConfigKeys (ConfUtils.java:logGet(46)) - raft.server.rpc.timeout.min = 1s (custom)
2023-10-08 16:27:01,238 [omNode-3-groupManagement] INFO  server.RaftServerConfigKeys (ConfUtils.java:logGet(46)) - raft.server.rpc.timeout.max = 1200ms (custom)
2023-10-08 16:27:01,238 [omNode-3-groupManagement] INFO  server.RaftServerConfigKeys (ConfUtils.java:logGet(46)) - raft.server.rpc.sleep.time = 25ms (default)
2023-10-08 16:27:01,238 [omNode-3-groupManagement] INFO  server.RaftServerConfigKeys (ConfUtils.java:logGet(46)) - raft.server.rpc.slowness.timeout = 2s (custom)
2023-10-08 16:27:01,238 [omNode-3-groupManagement] INFO  server.RaftServerConfigKeys (ConfUtils.java:logGet(46)) - raft.server.leaderelection.leader.step-down.wait-time = 10s (default)
2023-10-08 16:27:01,238 [omNode-3-groupManagement] INFO  server.RaftServerConfigKeys (ConfUtils.java:logGet(46)) - raft.server.sleep.deviation.threshold = 300ms (default)
2023-10-08 16:27:01,238 [omNode-3-groupManagement] INFO  server.RaftServer$Division (ServerState.java:<init>(120)) - omNode-3@group-523986131536: ConfigurationManager, init=-1: peers:[omNode-3|rpc:localhost:15015|priority:0|startupRole:FOLLOWER, omNode-1|rpc:localhost:15007|priority:0|startupRole:FOLLOWER, omNode-2|rpc:localhost:15011|priority:0|startupRole:FOLLOWER]|listeners:[], old=null, confs=<EMPTY_MAP>
2023-10-08 16:27:01,238 [omNode-3-groupManagement] INFO  server.RaftServerConfigKeys (ConfUtils.java:logGet(46)) - raft.server.storage.dir = [/home/runner/work/ozone/ozone/hadoop-ozone/integration-test/target/test-dir/MiniOzoneClusterImpl-c8a21aad-f255-4385-b304-f7d4bfe38451/omNode-3/ratis] (custom)
2023-10-08 16:27:01,238 [omNode-3-groupManagement] INFO  server.RaftServerConfigKeys (ConfUtils.java:logGet(46)) - raft.server.log.corruption.policy = EXCEPTION (default)
2023-10-08 16:27:01,239 [omNode-3-groupManagement] INFO  server.RaftServerConfigKeys (ConfUtils.java:logGet(46)) - raft.server.storage.free-space.min = 0MB (=0) (default)
2023-10-08 16:27:01,239 [omNode-3-groupManagement] INFO  server.RaftServerConfigKeys (ConfUtils.java:logGet(46)) - raft.server.notification.no-leader.timeout = 2s (custom)
2023-10-08 16:27:01,239 [omNode-3-groupManagement] INFO  server.RaftServerConfigKeys (ConfUtils.java:logGet(46)) - raft.server.read.timeout = 10s (default)
2023-10-08 16:27:01,239 [omNode-3-groupManagement] INFO  server.RaftServerConfigKeys (ConfUtils.java:logGet(46)) - raft.server.retrycache.expirytime = 30000ms (custom)
2023-10-08 16:27:01,239 [omNode-3-groupManagement] INFO  server.RaftServerConfigKeys (ConfUtils.java:logGet(46)) - raft.server.retrycache.statistics.expirytime = 100μs (default)
2023-10-08 16:27:01,239 [omNode-3-groupManagement] INFO  server.RaftServerConfigKeys (ConfUtils.java:logGet(46)) - raft.server.read.option = DEFAULT (default)
2023-10-08 16:27:01,240 [omNode-1@group-523986131536-LeaderElection1] INFO  impl.LeaderElection (LeaderElection.java:logAndReturn(90)) - omNode-1@group-523986131536-LeaderElection1: PRE_VOTE PASSED received 1 response(s) and 1 exception(s):
2023-10-08 16:27:01,240 [omNode-1@group-523986131536-LeaderElection1] INFO  impl.LeaderElection (LeaderElection.java:logAndReturn(94)) -   Response 0: omNode-1<-omNode-2#0:OK-t0
2023-10-08 16:27:01,241 [omNode-1@group-523986131536-LeaderElection1] INFO  impl.LeaderElection (LogUtils.java:infoOrTrace(137)) -   Exception 1: java.util.concurrent.ExecutionException: org.apache.ratis.thirdparty.io.grpc.StatusRuntimeException: UNAVAILABLE: io exception
2023-10-08 16:27:01,241 [omNode-1@group-523986131536-LeaderElection1] INFO  impl.LeaderElection (LeaderElection.java:askForVotes(323)) - omNode-1@group-523986131536-LeaderElection1 PRE_VOTE round 0: result PASSED
2023-10-08 16:27:01,240 [omNode-3-groupManagement] INFO  server.RaftServerConfigKeys (ConfUtils.java:logGet(46)) - raft.server.rpc.request.timeout = 3000ms (default)
2023-10-08 16:27:01,241 [omNode-3-groupManagement] INFO  server.RaftServerConfigKeys (ConfUtils.java:logGet(46)) - raft.server.log.appender.install.snapshot.enabled = false (custom)
2023-10-08 16:27:01,241 [omNode-3-groupManagement] INFO  server.RaftServerConfigKeys (ConfUtils.java:logGet(46)) - raft.server.threadpool.server.cached = true (default)
2023-10-08 16:27:01,241 [omNode-3-groupManagement] INFO  server.RaftServerConfigKeys (ConfUtils.java:logGet(46)) - raft.server.threadpool.server.size = 0 (default)
2023-10-08 16:27:01,242 [omNode-3-groupManagement] INFO  server.RaftServerConfigKeys (ConfUtils.java:logGet(46)) - raft.server.threadpool.client.cached = true (default)
2023-10-08 16:27:01,242 [omNode-3-groupManagement] INFO  server.RaftServerConfigKeys (ConfUtils.java:logGet(46)) - raft.server.threadpool.client.size = 0 (default)
2023-10-08 16:27:01,244 [omNode-1@group-523986131536-LeaderElection1] INFO  impl.LeaderElection (LeaderElection.java:askForVotes(321)) - omNode-1@group-523986131536-LeaderElection1 ELECTION round 0: submit vote requests at term 1 for -1: peers:[omNode-3|rpc:localhost:15015|priority:0|startupRole:FOLLOWER, omNode-1|rpc:localhost:15007|priority:0|startupRole:FOLLOWER, omNode-2|rpc:localhost:15011|priority:0|startupRole:FOLLOWER]|listeners:[], old=null
2023-10-08 16:27:01,248 [omNode-1@group-523986131536-LeaderElection1] INFO  server.RaftServerConfigKeys (ConfUtils.java:logFallback(53)) - raft.server.rpc.first-election.timeout.min = 1s (fallback to raft.server.rpc.timeout.min)
2023-10-08 16:27:01,248 [omNode-1@group-523986131536-LeaderElection1] INFO  server.RaftServerConfigKeys (ConfUtils.java:logFallback(53)) - raft.server.rpc.first-election.timeout.max = 1200ms (fallback to raft.server.rpc.timeout.max)
2023-10-08 16:27:01,248 [omNode-1@group-523986131536-LeaderElection1] INFO  impl.LeaderElection (LogUtils.java:infoOrTrace(137)) - omNode-1@group-523986131536-LeaderElection1 got exception when requesting votes: java.util.concurrent.ExecutionException: org.apache.ratis.thirdparty.io.grpc.StatusRuntimeException: UNAVAILABLE: io exception
2023-10-08 16:27:01,264 [grpc-default-executor-1] INFO  server.RaftServer$Division (RaftServerImpl.java:requestVote(1302)) - omNode-2@group-523986131536: receive requestVote(ELECTION, omNode-1, group-523986131536, 1, (t:0, i:~))
2023-10-08 16:27:01,264 [grpc-default-executor-1] INFO  impl.VoteContext (VoteContext.java:log(49)) - omNode-2@group-523986131536-FOLLOWER: accept ELECTION from omNode-1: our priority 0 <= candidate's priority 0
2023-10-08 16:27:01,265 [grpc-default-executor-1] INFO  server.RaftServer$Division (RaftServerImpl.java:setRole(329)) - omNode-2@group-523986131536: changes role from  FOLLOWER to FOLLOWER at term 1 for candidate:omNode-1
2023-10-08 16:27:01,265 [grpc-default-executor-1] INFO  impl.RoleInfo (RoleInfo.java:shutdownFollowerState(110)) - omNode-2: shutdown omNode-2@group-523986131536-FollowerState
2023-10-08 16:27:01,265 [grpc-default-executor-1] INFO  impl.RoleInfo (RoleInfo.java:updateAndGet(139)) - omNode-2: start omNode-2@group-523986131536-FollowerState
2023-10-08 16:27:01,265 [omNode-2@group-523986131536-FollowerState] INFO  impl.FollowerState (FollowerState.java:run(152)) - omNode-2@group-523986131536-FollowerState was interrupted
2023-10-08 16:27:01,275 [grpc-default-executor-1] INFO  server.RaftServer$Division (RaftServerImpl.java:requestVote(1335)) - omNode-2@group-523986131536 replies to ELECTION vote request: omNode-1<-omNode-2#0:OK-t1. Peer's state: omNode-2@group-523986131536:t1, leader=null, voted=omNode-1, raftlog=Memoized:omNode-2@group-523986131536-SegmentedRaftLog:OPENED:c-1, conf=-1: peers:[omNode-3|rpc:localhost:15015|priority:0|startupRole:FOLLOWER, omNode-1|rpc:localhost:15007|priority:0|startupRole:FOLLOWER, omNode-2|rpc:localhost:15011|priority:0|startupRole:FOLLOWER]|listeners:[], old=null
2023-10-08 16:27:01,277 [omNode-1@group-523986131536-LeaderElection1] INFO  impl.LeaderElection (LeaderElection.java:logAndReturn(90)) - omNode-1@group-523986131536-LeaderElection1: ELECTION PASSED received 1 response(s) and 1 exception(s):
2023-10-08 16:27:01,277 [omNode-1@group-523986131536-LeaderElection1] INFO  impl.LeaderElection (LeaderElection.java:logAndReturn(94)) -   Response 0: omNode-1<-omNode-2#0:OK-t1
2023-10-08 16:27:01,277 [omNode-1@group-523986131536-LeaderElection1] INFO  impl.LeaderElection (LogUtils.java:infoOrTrace(137)) -   Exception 1: java.util.concurrent.ExecutionException: org.apache.ratis.thirdparty.io.grpc.StatusRuntimeException: UNAVAILABLE: io exception
2023-10-08 16:27:01,277 [omNode-1@group-523986131536-LeaderElection1] INFO  impl.LeaderElection (LeaderElection.java:askForVotes(323)) - omNode-1@group-523986131536-LeaderElection1 ELECTION round 0: result PASSED
2023-10-08 16:27:01,278 [omNode-1@group-523986131536-LeaderElection1] INFO  impl.RoleInfo (RoleInfo.java:shutdownLeaderElection(130)) - omNode-1: shutdown omNode-1@group-523986131536-LeaderElection1
2023-10-08 16:27:01,278 [omNode-1@group-523986131536-LeaderElection1] INFO  server.RaftServer$Division (RaftServerImpl.java:setRole(329)) - omNode-1@group-523986131536: changes role from CANDIDATE to LEADER at term 1 for changeToLeader
2023-10-08 16:27:01,280 [omNode-1@group-523986131536-LeaderElection1] INFO  server.RaftServer$Division (ServerState.java:setLeader(317)) - omNode-1@group-523986131536: change Leader from null to omNode-1 at term 1 for becomeLeader, leader elected after 3105ms
2023-10-08 16:27:01,289 [omNode-1@group-523986131536-LeaderElection1] INFO  server.RaftServerConfigKeys (ConfUtils.java:logGet(46)) - raft.server.staging.catchup.gap = 1000 (default)
2023-10-08 16:27:01,297 [omNode-1@group-523986131536-LeaderElection1] INFO  server.RaftServerConfigKeys (ConfUtils.java:logGet(46)) - raft.server.write.element-limit = 4096 (default)
2023-10-08 16:27:01,298 [omNode-1@group-523986131536-LeaderElection1] INFO  server.RaftServerConfigKeys (ConfUtils.java:logGet(46)) - raft.server.write.byte-limit = 64MB (=67108864) (default)
2023-10-08 16:27:01,307 [omNode-1@group-523986131536-LeaderElection1] INFO  server.RaftServerConfigKeys (ConfUtils.java:logGet(46)) - raft.server.watch.timeout = 10s (default)
2023-10-08 16:27:01,307 [omNode-1@group-523986131536-LeaderElection1] INFO  server.RaftServerConfigKeys (ConfUtils.java:logGet(46)) - raft.server.watch.timeout.denomination = 1s (default)
2023-10-08 16:27:01,308 [omNode-1@group-523986131536-LeaderElection1] INFO  server.RaftServerConfigKeys (ConfUtils.java:logGet(46)) - raft.server.watch.element-limit = 65536 (default)
2023-10-08 16:27:01,313 [omNode-1@group-523986131536-LeaderElection1] INFO  server.RaftServerConfigKeys (ConfUtils.java:logGet(46)) - raft.server.write.element-limit = 4096 (default)
2023-10-08 16:27:01,315 [omNode-1@group-523986131536-LeaderElection1] INFO  server.RaftServerConfigKeys (ConfUtils.java:logGet(46)) - raft.server.write.follower.gap.ratio.max = -1.0 (default)
2023-10-08 16:27:01,329 [omNode-1@group-523986131536-LeaderElection1] INFO  server.RaftServerConfigKeys (ConfUtils.java:logGet(46)) - raft.server.log.appender.snapshot.chunk.size.max = 16MB (=16777216) (default)
2023-10-08 16:27:01,329 [omNode-1@group-523986131536-LeaderElection1] INFO  server.RaftServerConfigKeys (ConfUtils.java:logGet(46)) - raft.server.log.appender.buffer.byte-limit = 33554432 (custom)
2023-10-08 16:27:01,330 [omNode-1@group-523986131536-LeaderElection1] INFO  server.RaftServerConfigKeys (ConfUtils.java:logGet(46)) - raft.server.log.appender.buffer.element-limit = 1024 (custom)
2023-10-08 16:27:01,331 [omNode-1@group-523986131536-LeaderElection1] INFO  server.RaftServerConfigKeys (ConfUtils.java:logGet(46)) - raft.server.log.appender.wait-time.min = 0ms (custom)
2023-10-08 16:27:01,332 [omNode-1@group-523986131536-LeaderElection1] INFO  grpc.GrpcConfigKeys (ConfUtils.java:logGet(46)) - raft.grpc.server.leader.outstanding.appends.max = 128 (default)
2023-10-08 16:27:01,338 [omNode-1@group-523986131536-LeaderElection1] INFO  server.RaftServerConfigKeys (ConfUtils.java:logGet(46)) - raft.server.rpc.request.timeout = 3000ms (default)
2023-10-08 16:27:01,338 [omNode-1@group-523986131536-LeaderElection1] INFO  grpc.GrpcConfigKeys (ConfUtils.java:logGet(46)) - raft.grpc.server.install_snapshot.request.element-limit = 8 (default)
2023-10-08 16:27:01,338 [omNode-1@group-523986131536-LeaderElection1] INFO  grpc.GrpcConfigKeys (ConfUtils.java:logGet(46)) - raft.grpc.server.install_snapshot.request.timeout = 3000ms (default)
2023-10-08 16:27:01,338 [omNode-1@group-523986131536-LeaderElection1] INFO  server.RaftServerConfigKeys (ConfUtils.java:logGet(46)) - raft.server.log.appender.install.snapshot.enabled = false (custom)
2023-10-08 16:27:01,338 [omNode-1@group-523986131536-LeaderElection1] INFO  grpc.GrpcConfigKeys (ConfUtils.java:logGet(46)) - raft.grpc.server.heartbeat.channel = true (default)
2023-10-08 16:27:01,347 [omNode-1@group-523986131536-LeaderElection1] INFO  server.RaftServerConfigKeys (ConfUtils.java:logGet(46)) - raft.server.log.appender.snapshot.chunk.size.max = 16MB (=16777216) (default)
2023-10-08 16:27:01,347 [omNode-1@group-523986131536-LeaderElection1] INFO  server.RaftServerConfigKeys (ConfUtils.java:logGet(46)) - raft.server.log.appender.buffer.byte-limit = 33554432 (custom)
2023-10-08 16:27:01,347 [omNode-1@group-523986131536-LeaderElection1] INFO  server.RaftServerConfigKeys (ConfUtils.java:logGet(46)) - raft.server.log.appender.buffer.element-limit = 1024 (custom)
2023-10-08 16:27:01,347 [omNode-1@group-523986131536-LeaderElection1] INFO  server.RaftServerConfigKeys (ConfUtils.java:logGet(46)) - raft.server.log.appender.wait-time.min = 0ms (custom)
2023-10-08 16:27:01,348 [omNode-1@group-523986131536-LeaderElection1] INFO  grpc.GrpcConfigKeys (ConfUtils.java:logGet(46)) - raft.grpc.server.leader.outstanding.appends.max = 128 (default)
2023-10-08 16:27:01,349 [omNode-1@group-523986131536-LeaderElection1] INFO  server.RaftServerConfigKeys (ConfUtils.java:logGet(46)) - raft.server.rpc.request.timeout = 3000ms (default)
2023-10-08 16:27:01,349 [omNode-1@group-523986131536-LeaderElection1] INFO  grpc.GrpcConfigKeys (ConfUtils.java:logGet(46)) - raft.grpc.server.install_snapshot.request.element-limit = 8 (default)
2023-10-08 16:27:01,349 [omNode-1@group-523986131536-LeaderElection1] INFO  grpc.GrpcConfigKeys (ConfUtils.java:logGet(46)) - raft.grpc.server.install_snapshot.request.timeout = 3000ms (default)
2023-10-08 16:27:01,349 [omNode-1@group-523986131536-LeaderElection1] INFO  server.RaftServerConfigKeys (ConfUtils.java:logGet(46)) - raft.server.log.appender.install.snapshot.enabled = false (custom)
2023-10-08 16:27:01,350 [omNode-1@group-523986131536-LeaderElection1] INFO  grpc.GrpcConfigKeys (ConfUtils.java:logGet(46)) - raft.grpc.server.heartbeat.channel = true (default)
2023-10-08 16:27:01,354 [omNode-1@group-523986131536-LeaderElection1] INFO  impl.RoleInfo (RoleInfo.java:updateAndGet(139)) - omNode-1: start omNode-1@group-523986131536-LeaderStateImpl
2023-10-08 16:27:01,404 [omNode-1@group-523986131536-LeaderElection1] INFO  segmented.SegmentedRaftLogWorker (SegmentedRaftLogWorker.java:startLogSegment(447)) - omNode-1@group-523986131536-SegmentedRaftLogWorker: Starting segment from index:0
2023-10-08 16:27:01,459 [omNode-1@group-523986131536-LeaderElection1] INFO  server.RaftServer$Division (ServerState.java:setRaftConf(434)) - omNode-1@group-523986131536: set configuration 0: peers:[omNode-3|rpc:localhost:15015|admin:|client:|dataStream:|priority:0|startupRole:FOLLOWER, omNode-1|rpc:localhost:15007|admin:|client:|dataStream:|priority:0|startupRole:FOLLOWER, omNode-2|rpc:localhost:15011|admin:|client:|dataStream:|priority:0|startupRole:FOLLOWER]|listeners:[], old=null
2023-10-08 16:27:01,478 [grpc-default-executor-1] WARN  server.GrpcLogAppender (LogUtils.java:warn(122)) - omNode-1@group-523986131536->omNode-3-AppendLogResponseHandler: Failed appendEntries: org.apache.ratis.thirdparty.io.grpc.StatusRuntimeException: UNAVAILABLE: io exception
2023-10-08 16:27:01,491 [grpc-default-executor-0] WARN  server.GrpcLogAppender (LogUtils.java:warn(122)) - omNode-1@group-523986131536->omNode-3-AppendLogResponseHandler: Failed appendEntries: org.apache.ratis.thirdparty.io.grpc.StatusRuntimeException: UNAVAILABLE: io exception
2023-10-08 16:27:01,506 [grpc-default-executor-0] WARN  server.GrpcLogAppender (LogUtils.java:warn(122)) - omNode-1@group-523986131536->omNode-3-AppendLogResponseHandler: Failed appendEntries: org.apache.ratis.thirdparty.io.grpc.StatusRuntimeException: UNAVAILABLE: io exception
2023-10-08 16:27:01,506 [grpc-default-executor-1] WARN  server.GrpcLogAppender (LogUtils.java:warn(122)) - omNode-1@group-523986131536->omNode-3-AppendLogResponseHandler: Failed appendEntries: org.apache.ratis.thirdparty.io.grpc.StatusRuntimeException: UNAVAILABLE: io exception
2023-10-08 16:27:01,541 [grpc-default-executor-1] WARN  server.GrpcLogAppender (LogUtils.java:warn(122)) - omNode-1@group-523986131536->omNode-3-AppendLogResponseHandler: Failed appendEntries: org.apache.ratis.thirdparty.io.grpc.StatusRuntimeException: UNAVAILABLE: io exception
2023-10-08 16:27:01,542 [grpc-default-executor-1] INFO  leader.FollowerInfo (FollowerInfoImpl.java:lambda$new$0(52)) - omNode-1@group-523986131536->omNode-3: decreaseNextIndex nextIndex: updateUnconditionally 1 -> 0
2023-10-08 16:27:01,573 [grpc-default-executor-3] WARN  server.GrpcLogAppender (LogUtils.java:warn(122)) - omNode-1@group-523986131536->omNode-3-AppendLogResponseHandler: Failed appendEntries: org.apache.ratis.thirdparty.io.grpc.StatusRuntimeException: UNAVAILABLE: io exception
2023-10-08 16:27:01,608 [omNode-2-server-thread1] INFO  server.RaftServer$Division (ServerState.java:setLeader(317)) - omNode-2@group-523986131536: change Leader from null to omNode-1 at term 1 for appendEntries, leader elected after 1772ms
2023-10-08 16:27:01,610 [omNode-2-server-thread1] INFO  server.RaftServer$Division (ServerState.java:setRaftConf(434)) - omNode-2@group-523986131536: set configuration 0: peers:[omNode-3|rpc:localhost:15015|admin:|client:|dataStream:|priority:0|startupRole:FOLLOWER, omNode-1|rpc:localhost:15007|admin:|client:|dataStream:|priority:0|startupRole:FOLLOWER, omNode-2|rpc:localhost:15011|admin:|client:|dataStream:|priority:0|startupRole:FOLLOWER]|listeners:[], old=null
2023-10-08 16:27:01,611 [omNode-2-server-thread1] INFO  segmented.SegmentedRaftLogWorker (SegmentedRaftLogWorker.java:startLogSegment(447)) - omNode-2@group-523986131536-SegmentedRaftLogWorker: Starting segment from index:0
2023-10-08 16:27:01,682 [omNode-2@group-523986131536-SegmentedRaftLogWorker] INFO  segmented.SegmentedRaftLogWorker (SegmentedRaftLogWorker.java:execute(651)) - omNode-2@group-523986131536-SegmentedRaftLogWorker: created new log segment /home/runner/work/ozone/ozone/hadoop-ozone/integration-test/target/test-dir/MiniOzoneClusterImpl-c8a21aad-f255-4385-b304-f7d4bfe38451/omNode-2/ratis/c9bc4cf4-3bc3-3c60-a66b-523986131536/current/log_inprogress_0
2023-10-08 16:27:01,688 [omNode-1@group-523986131536-SegmentedRaftLogWorker] INFO  segmented.SegmentedRaftLogWorker (SegmentedRaftLogWorker.java:execute(651)) - omNode-1@group-523986131536-SegmentedRaftLogWorker: created new log segment /home/runner/work/ozone/ozone/hadoop-ozone/integration-test/target/test-dir/MiniOzoneClusterImpl-c8a21aad-f255-4385-b304-f7d4bfe38451/omNode-1/ratis/c9bc4cf4-3bc3-3c60-a66b-523986131536/current/log_inprogress_0
2023-10-08 16:27:01,712 [grpc-default-executor-1] WARN  server.GrpcLogAppender (LogUtils.java:warn(122)) - omNode-1@group-523986131536->omNode-3-AppendLogResponseHandler: Failed appendEntries: org.apache.ratis.thirdparty.io.grpc.StatusRuntimeException: UNAVAILABLE: io exception
2023-10-08 16:27:01,713 [grpc-default-executor-1] INFO  leader.FollowerInfo (FollowerInfoImpl.java:lambda$new$0(52)) - omNode-1@group-523986131536->omNode-3: decreaseNextIndex nextIndex: updateUnconditionally 1 -> 0
2023-10-08 16:27:01,715 [grpc-default-executor-3] WARN  server.GrpcLogAppender (LogUtils.java:warn(122)) - omNode-1@group-523986131536->omNode-3-AppendLogResponseHandler: Failed appendEntries: org.apache.ratis.thirdparty.io.grpc.StatusRuntimeException: UNAVAILABLE: io exception
2023-10-08 16:27:01,779 [grpc-default-executor-2] WARN  server.GrpcLogAppender (LogUtils.java:warn(122)) - omNode-1@group-523986131536->omNode-3-AppendLogResponseHandler: Failed appendEntries: org.apache.ratis.thirdparty.io.grpc.StatusRuntimeException: UNAVAILABLE: io exception
2023-10-08 16:27:01,782 [grpc-default-executor-3] WARN  server.GrpcLogAppender (LogUtils.java:warn(122)) - omNode-1@group-523986131536->omNode-3-AppendLogResponseHandler: Failed appendEntries: org.apache.ratis.thirdparty.io.grpc.StatusRuntimeException: UNAVAILABLE: io exception
2023-10-08 16:27:01,781 [grpc-default-executor-2] INFO  leader.FollowerInfo (FollowerInfoImpl.java:lambda$new$0(52)) - omNode-1@group-523986131536->omNode-3: decreaseNextIndex nextIndex: updateUnconditionally 1 -> 0
2023-10-08 16:27:01,926 [omNode-1@group-523986131536-StateMachineUpdater] INFO  ratis.OzoneManagerStateMachine (OzoneManagerStateMachine.java:notifyConfigurationChanged(202)) - Received Configuration change notification from Ratis. New Peer list:
[id: "omNode-3"
address: "localhost:15015"
startupRole: FOLLOWER
, id: "omNode-1"
address: "localhost:15007"
startupRole: FOLLOWER
, id: "omNode-2"
address: "localhost:15011"
startupRole: FOLLOWER
]
2023-10-08 16:27:02,008 [grpc-default-executor-3] WARN  server.GrpcLogAppender (LogUtils.java:warn(122)) - omNode-1@group-523986131536->omNode-3-AppendLogResponseHandler: Failed appendEntries: org.apache.ratis.thirdparty.io.grpc.StatusRuntimeException: UNAVAILABLE: io exception
2023-10-08 16:27:02,010 [grpc-default-executor-2] WARN  server.GrpcLogAppender (LogUtils.java:warn(122)) - omNode-1@group-523986131536->omNode-3-AppendLogResponseHandler: Failed appendEntries: org.apache.ratis.thirdparty.io.grpc.StatusRuntimeException: UNAVAILABLE: io exception
2023-10-08 16:27:02,017 [grpc-default-executor-3] WARN  server.GrpcLogAppender (LogUtils.java:warn(122)) - omNode-1@group-523986131536->omNode-3-AppendLogResponseHandler: Failed appendEntries: org.apache.ratis.thirdparty.io.grpc.StatusRuntimeException: UNAVAILABLE: io exception
2023-10-08 16:27:02,018 [grpc-default-executor-1] WARN  server.GrpcLogAppender (LogUtils.java:warn(122)) - omNode-1@group-523986131536->omNode-3-AppendLogResponseHandler: Failed appendEntries: org.apache.ratis.thirdparty.io.grpc.StatusRuntimeException: UNAVAILABLE: io exception
2023-10-08 16:27:02,020 [grpc-default-executor-3] INFO  leader.FollowerInfo (FollowerInfoImpl.java:lambda$new$0(52)) - omNode-1@group-523986131536->omNode-3: decreaseNextIndex nextIndex: updateUnconditionally 1 -> 0
2023-10-08 16:27:02,032 [main] INFO  reflections.Reflections (Reflections.java:scan(232)) - Reflections took 797 ms to scan 20 urls, producing 71 keys and 6072 values [using 2 cores]
2023-10-08 16:27:02,034 [main] INFO  ipc.CallQueueManager (CallQueueManager.java:<init>(90)) - Using callQueue: class java.util.concurrent.LinkedBlockingQueue, queueCapacity: 2000, scheduler: class org.apache.hadoop.ipc.DefaultRpcScheduler, ipcBackoff: false.
2023-10-08 16:27:02,034 [main] INFO  ipc.Server (Server.java:<init>(1287)) - Listener at 127.0.0.1:15012
2023-10-08 16:27:02,035 [Socket Reader #1 for port 15012] INFO  ipc.Server (Server.java:run(1323)) - Starting Socket Reader #1 for port 15012
2023-10-08 16:27:02,061 [main] INFO  impl.MetricsSystemImpl (MetricsSystemImpl.java:init(158)) - OzoneManager metrics system started (again)
2023-10-08 16:27:02,073 [main] INFO  om.OzoneManager (OzoneManager.java:start(1639)) - OzoneManager RPC server is listening at localhost/127.0.0.1:15012
2023-10-08 16:27:02,073 [main] INFO  ratis.OzoneManagerRatisServer (OzoneManagerRatisServer.java:start(559)) - Starting OzoneManagerRatisServer omNode-3 at port 15015
2023-10-08 16:27:02,074 [omNode-3-impl-thread1] INFO  storage.RaftStorageDirectory (RaftStorageDirectoryImpl.java:analyzeStorage(137)) - The storage directory /home/runner/work/ozone/ozone/hadoop-ozone/integration-test/target/test-dir/MiniOzoneClusterImpl-c8a21aad-f255-4385-b304-f7d4bfe38451/omNode-3/ratis/c9bc4cf4-3bc3-3c60-a66b-523986131536 does not exist. Creating ...
2023-10-08 16:27:02,075 [omNode-3-impl-thread1] INFO  storage.RaftStorageDirectory (RaftStorageDirectoryImpl.java:tryLock(231)) - Lock on /home/runner/work/ozone/ozone/hadoop-ozone/integration-test/target/test-dir/MiniOzoneClusterImpl-c8a21aad-f255-4385-b304-f7d4bfe38451/omNode-3/ratis/c9bc4cf4-3bc3-3c60-a66b-523986131536/in_use.lock acquired by nodename 29017@fv-az550-77
2023-10-08 16:27:02,077 [omNode-3-impl-thread1] INFO  storage.RaftStorage (RaftStorageImpl.java:format(96)) - Storage directory /home/runner/work/ozone/ozone/hadoop-ozone/integration-test/target/test-dir/MiniOzoneClusterImpl-c8a21aad-f255-4385-b304-f7d4bfe38451/omNode-3/ratis/c9bc4cf4-3bc3-3c60-a66b-523986131536 has been successfully formatted.
2023-10-08 16:27:02,077 [omNode-3-impl-thread1] INFO  server.RaftServerConfigKeys (ConfUtils.java:logGet(46)) - raft.server.log.use.memory = false (default)
2023-10-08 16:27:02,077 [omNode-3-impl-thread1] INFO  server.RaftServerConfigKeys (ConfUtils.java:logGet(46)) - raft.server.log.purge.gap = 50 (custom)
2023-10-08 16:27:02,077 [omNode-3-impl-thread1] INFO  server.RaftServerConfigKeys (ConfUtils.java:logGet(46)) - raft.server.log.appender.buffer.byte-limit = 33554432 (custom)
2023-10-08 16:27:02,077 [omNode-3-impl-thread1] INFO  server.RaftServerConfigKeys (ConfUtils.java:logGet(46)) - raft.server.log.statemachine.data.read.timeout = 1000ms (default)
2023-10-08 16:27:02,077 [omNode-3-impl-thread1] INFO  server.RaftServerConfigKeys (ConfUtils.java:logGet(46)) - raft.server.log.purge.preservation.log.num = 0 (default)
2023-10-08 16:27:02,077 [omNode-3-impl-thread1] INFO  server.RaftServerConfigKeys (ConfUtils.java:logGet(46)) - raft.server.log.segment.size.max = 4194304 (custom)
2023-10-08 16:27:02,078 [omNode-3-impl-thread1] INFO  server.RaftServerConfigKeys (ConfUtils.java:logGet(46)) - raft.server.log.segment.cache.num.max = 2 (custom)
2023-10-08 16:27:02,078 [omNode-3-impl-thread1] INFO  server.RaftServerConfigKeys (ConfUtils.java:logGet(46)) - raft.server.log.segment.cache.size.max = 200MB (=209715200) (default)
2023-10-08 16:27:02,078 [omNode-3-impl-thread1] INFO  server.RaftServerConfigKeys (ConfUtils.java:logGet(46)) - raft.server.log.appender.buffer.byte-limit = 33554432 (custom)
2023-10-08 16:27:02,078 [omNode-3-impl-thread1] INFO  segmented.SegmentedRaftLogWorker (SegmentedRaftLogWorker.java:<init>(188)) - new omNode-3@group-523986131536-SegmentedRaftLogWorker for RaftStorageImpl:Storage Directory /home/runner/work/ozone/ozone/hadoop-ozone/integration-test/target/test-dir/MiniOzoneClusterImpl-c8a21aad-f255-4385-b304-f7d4bfe38451/omNode-3/ratis/c9bc4cf4-3bc3-3c60-a66b-523986131536
2023-10-08 16:27:02,078 [omNode-3-impl-thread1] INFO  server.RaftServerConfigKeys (ConfUtils.java:logGet(46)) - raft.server.log.queue.byte-limit = 64MB (=67108864) (default)
2023-10-08 16:27:02,078 [omNode-3-impl-thread1] INFO  server.RaftServerConfigKeys (ConfUtils.java:logGet(46)) - raft.server.log.queue.element-limit = 4096 (default)
2023-10-08 16:27:02,078 [omNode-3-impl-thread1] INFO  server.RaftServerConfigKeys (ConfUtils.java:logGet(46)) - raft.server.log.segment.size.max = 4194304 (custom)
2023-10-08 16:27:02,078 [omNode-3-impl-thread1] INFO  server.RaftServerConfigKeys (ConfUtils.java:logGet(46)) - raft.server.log.preallocated.size = 4194304 (custom)
2023-10-08 16:27:02,078 [omNode-3-impl-thread1] INFO  server.RaftServerConfigKeys (ConfUtils.java:logGet(46)) - raft.server.log.force.sync.num = 128 (default)
2023-10-08 16:27:02,078 [omNode-3-impl-thread1] INFO  server.RaftServerConfigKeys (ConfUtils.java:logGet(46)) - raft.server.log.statemachine.data.sync = true (default)
2023-10-08 16:27:02,078 [omNode-3-impl-thread1] INFO  server.RaftServerConfigKeys (ConfUtils.java:logGet(46)) - raft.server.log.statemachine.data.sync.timeout = 10s (default)
2023-10-08 16:27:02,078 [omNode-3-impl-thread1] INFO  server.RaftServerConfigKeys (ConfUtils.java:logGet(46)) - raft.server.log.statemachine.data.sync.timeout.retry = -1 (default)
2023-10-08 16:27:02,079 [omNode-3-impl-thread1] INFO  server.RaftServerConfigKeys (ConfUtils.java:logGet(46)) - raft.server.log.write.buffer.size = 64KB (=65536) (default)
2023-10-08 16:27:02,079 [omNode-3-impl-thread1] INFO  server.RaftServerConfigKeys (ConfUtils.java:logGet(46)) - raft.server.log.appender.buffer.byte-limit = 33554432 (custom)
2023-10-08 16:27:02,084 [omNode-3-impl-thread1] INFO  server.RaftServerConfigKeys (ConfUtils.java:logGet(46)) - raft.server.log.unsafe-flush.enabled = false (default)
2023-10-08 16:27:02,084 [omNode-3-impl-thread1] INFO  server.RaftServerConfigKeys (ConfUtils.java:logGet(46)) - raft.server.log.async-flush.enabled = false (default)
2023-10-08 16:27:02,084 [omNode-3-impl-thread1] INFO  server.RaftServerConfigKeys (ConfUtils.java:logGet(46)) - raft.server.log.statemachine.data.caching.enabled = false (default)
2023-10-08 16:27:02,085 [omNode-3-impl-thread1] INFO  segmented.SegmentedRaftLogWorker (SegmentedRaftLogWorker.java:lambda$new$0(135)) - omNode-3@group-523986131536-SegmentedRaftLogWorker: flushIndex: setUnconditionally 0 -> -1
2023-10-08 16:27:02,085 [omNode-3-impl-thread1] INFO  segmented.SegmentedRaftLogWorker (SegmentedRaftLogWorker.java:lambda$new$0(135)) - omNode-3@group-523986131536-SegmentedRaftLogWorker: safeCacheEvictIndex: setUnconditionally 0 -> -1
2023-10-08 16:27:02,085 [omNode-3-impl-thread1] INFO  server.RaftServer$Division (RaftServerImpl.java:start(342)) - omNode-3@group-523986131536: start as a follower, conf=-1: peers:[omNode-3|rpc:localhost:15015|priority:0|startupRole:FOLLOWER, omNode-1|rpc:localhost:15007|priority:0|startupRole:FOLLOWER, omNode-2|rpc:localhost:15011|priority:0|startupRole:FOLLOWER]|listeners:[], old=null
2023-10-08 16:27:02,085 [omNode-3-impl-thread1] INFO  server.RaftServer$Division (RaftServerImpl.java:setRole(329)) - omNode-3@group-523986131536: changes role from      null to FOLLOWER at term 0 for startAsFollower
2023-10-08 16:27:02,086 [omNode-3-impl-thread1] INFO  impl.RoleInfo (RoleInfo.java:updateAndGet(139)) - omNode-3: start omNode-3@group-523986131536-FollowerState
2023-10-08 16:27:02,086 [omNode-3@group-523986131536-FollowerState] INFO  server.RaftServerConfigKeys (ConfUtils.java:logFallback(53)) - raft.server.rpc.first-election.timeout.min = 1s (fallback to raft.server.rpc.timeout.min)
2023-10-08 16:27:02,086 [omNode-3-impl-thread1] INFO  util.JmxRegister (JmxRegister.java:tryRegister(44)) - Successfully registered JMX Bean with object name Ratis:service=RaftServer,group=group-523986131536,id=omNode-3
2023-10-08 16:27:02,086 [omNode-3-impl-thread1] INFO  server.RaftServerConfigKeys (ConfUtils.java:logGet(46)) - raft.server.snapshot.auto.trigger.enabled = true (custom)
2023-10-08 16:27:02,086 [omNode-3-impl-thread1] INFO  server.RaftServerConfigKeys (ConfUtils.java:logGet(46)) - raft.server.snapshot.auto.trigger.threshold = 50 (custom)
2023-10-08 16:27:02,086 [omNode-3-impl-thread1] INFO  server.RaftServerConfigKeys (ConfUtils.java:logGet(46)) - raft.server.snapshot.retention.file.num = -1 (default)
2023-10-08 16:27:02,087 [omNode-3-impl-thread1] INFO  server.RaftServerConfigKeys (ConfUtils.java:logGet(46)) - raft.server.log.purge.upto.snapshot.index = true (custom)
2023-10-08 16:27:02,087 [omNode-3@group-523986131536-FollowerState] INFO  server.RaftServerConfigKeys (ConfUtils.java:logFallback(53)) - raft.server.rpc.first-election.timeout.max = 1200ms (fallback to raft.server.rpc.timeout.max)
2023-10-08 16:27:02,090 [main] INFO  server.RaftServer (RaftServerProxy.java:startImpl(400)) - omNode-3: start RPC server
2023-10-08 16:27:02,092 [main] INFO  server.GrpcService (GrpcService.java:startImpl(302)) - omNode-3: GrpcService started, listening on 15015
2023-10-08 16:27:02,093 [JvmPauseMonitor3] INFO  util.JvmPauseMonitor (JvmPauseMonitor.java:run(103)) - JvmPauseMonitor-omNode-3: Started
2023-10-08 16:27:02,093 [main] INFO  om.OzoneManager (OzoneManager.java:start(1655)) - Version File has different layout version (6) than OM DB (null). That is expected if this OM has never been finalized to a newer layout version.
2023-10-08 16:27:02,096 [main] INFO  http.BaseHttpServer (BaseHttpServer.java:newHttpServer2BuilderForOzone(223)) - Starting Web-server for ozoneManager at: http://0.0.0.0:15013
2023-10-08 16:27:02,096 [main] INFO  http.BaseHttpServer (BaseHttpServer.java:<init>(110)) - Hadoop Security Enabled: false Ozone Security Enabled: false Ozone HTTP Security Enabled: false 
2023-10-08 16:27:02,099 [main] WARN  server.AuthenticationFilter (AuthenticationFilter.java:constructSecretProvider(240)) - Unable to initialize FileSignerSecretProvider, falling back to use random secrets. Reason: Could not read signature secret file: /home/runner/hadoop-http-auth-signature-secret
2023-10-08 16:27:02,100 [main] INFO  http.HttpRequestLog (HttpRequestLog.java:getRequestLog(86)) - Http request log for http.requests.ozoneManager is not defined
2023-10-08 16:27:02,103 [main] INFO  http.HttpServer2 (HttpServer2.java:addGlobalFilter(1031)) - Added global filter 'safety' (class=org.apache.hadoop.hdds.server.http.HttpServer2$QuotingInputFilter)
2023-10-08 16:27:02,104 [main] INFO  http.HttpServer2 (HttpServer2.java:addFilter(1007)) - Added filter static_user_filter (class=org.apache.hadoop.http.lib.StaticUserWebFilter$StaticUserFilter) to context ozoneManager
2023-10-08 16:27:02,105 [main] INFO  http.HttpServer2 (HttpServer2.java:addFilter(1015)) - Added filter static_user_filter (class=org.apache.hadoop.http.lib.StaticUserWebFilter$StaticUserFilter) to context logs
2023-10-08 16:27:02,105 [main] INFO  http.HttpServer2 (HttpServer2.java:addFilter(1015)) - Added filter static_user_filter (class=org.apache.hadoop.http.lib.StaticUserWebFilter$StaticUserFilter) to context static
2023-10-08 16:27:02,107 [main] INFO  http.BaseHttpServer (BaseHttpServer.java:<init>(189)) - HTTP server of ozoneManager uses base directory /home/runner/work/ozone/ozone/hadoop-ozone/integration-test/target/test-dir/MiniOzoneClusterImpl-c8a21aad-f255-4385-b304-f7d4bfe38451/omNode-3/webserver
2023-10-08 16:27:02,108 [main] INFO  http.HttpServer2 (HttpServer2.java:bindListener(1231)) - Jetty bound to port 15013
2023-10-08 16:27:02,108 [main] INFO  server.Server (Server.java:doStart(375)) - jetty-9.4.52.v20230823; built: 2023-08-23T19:29:37.669Z; git: abdcda73818a1a2c705da276edb0bf6581e7997e; jvm 1.8.0_382-b05
2023-10-08 16:27:02,113 [main] INFO  server.session (DefaultSessionIdManager.java:doStart(334)) - DefaultSessionIdManager workerName=node0
2023-10-08 16:27:02,113 [main] INFO  server.session (DefaultSessionIdManager.java:doStart(339)) - No SessionScavenger set, using defaults
2023-10-08 16:27:02,113 [main] INFO  server.session (HouseKeeper.java:startScavenging(132)) - node0 Scavenging every 600000ms
2023-10-08 16:27:02,115 [main] INFO  handler.ContextHandler (ContextHandler.java:doStart(921)) - Started o.e.j.s.ServletContextHandler@2a6b4d{logs,/logs,file:///home/runner/work/ozone/ozone/hadoop-ozone/integration-test/target/log,AVAILABLE}
2023-10-08 16:27:02,115 [main] INFO  handler.ContextHandler (ContextHandler.java:doStart(921)) - Started o.e.j.s.ServletContextHandler@68a83d76{static,/static,file:///home/runner/work/ozone/ozone/hadoop-ozone/integration-test/target/test-classes/webapps/static,AVAILABLE}
2023-10-08 16:27:02,120 [main] INFO  handler.ContextHandler (ContextHandler.java:doStart(921)) - Started o.e.j.w.WebAppContext@accf371{ozoneManager,/,file:///home/runner/work/ozone/ozone/hadoop-ozone/integration-test/target/test-classes/webapps/ozoneManager/,AVAILABLE}{file:/home/runner/work/ozone/ozone/hadoop-ozone/integration-test/target/test-classes/webapps/ozoneManager}
2023-10-08 16:27:02,121 [main] INFO  server.AbstractConnector (AbstractConnector.java:doStart(333)) - Started ServerConnector@426218fc{HTTP/1.1, (http/1.1)}{0.0.0.0:15013}
2023-10-08 16:27:02,122 [main] INFO  server.Server (Server.java:doStart(415)) - Started @10616ms
2023-10-08 16:27:02,122 [main] WARN  impl.MetricsSystemImpl (MetricsSystemImpl.java:register(279)) - Sink prometheus already exists!
2023-10-08 16:27:02,123 [main] INFO  http.BaseHttpServer (BaseHttpServer.java:updateConnectorAddress(354)) - HTTP server of ozoneManager listening at http://0.0.0.0:15013
2023-10-08 16:27:02,123 [IPC Server Responder] INFO  ipc.Server (Server.java:run(1562)) - IPC Server Responder: starting
2023-10-08 16:27:02,123 [IPC Server listener on 15012] INFO  ipc.Server (Server.java:run(1402)) - IPC Server listener on 15012: starting
2023-10-08 16:27:02,126 [main] INFO  om.OzoneManager (OzoneManager.java:startTrashEmptier(2102)) - Trash Interval set to 0. Files deleted won't move to trash
2023-10-08 16:27:02,126 [main] INFO  ozone.MiniOzoneHAClusterImpl (MiniOzoneHAClusterImpl.java:createOMService(505)) - Started OzoneManager omNode-3 RPC server at localhost/127.0.0.1:15012
2023-10-08 16:27:02,199 [omNode-2@group-523986131536-StateMachineUpdater] INFO  ratis.OzoneManagerStateMachine (OzoneManagerStateMachine.java:notifyConfigurationChanged(202)) - Received Configuration change notification from Ratis. New Peer list:
[id: "omNode-3"
address: "localhost:15015"
startupRole: FOLLOWER
, id: "omNode-1"
address: "localhost:15007"
startupRole: FOLLOWER
, id: "omNode-2"
address: "localhost:15011"
startupRole: FOLLOWER
]
2023-10-08 16:27:02,211 [grpc-default-executor-1] WARN  server.GrpcLogAppender (LogUtils.java:warn(122)) - omNode-1@group-523986131536->omNode-3-AppendLogResponseHandler: Failed appendEntries: org.apache.ratis.thirdparty.io.grpc.StatusRuntimeException: UNAVAILABLE: io exception
2023-10-08 16:27:02,212 [grpc-default-executor-1] INFO  leader.FollowerInfo (FollowerInfoImpl.java:lambda$new$0(52)) - omNode-1@group-523986131536->omNode-3: decreaseNextIndex nextIndex: updateUnconditionally 1 -> 0
2023-10-08 16:27:02,217 [grpc-default-executor-3] WARN  server.GrpcLogAppender (LogUtils.java:warn(122)) - omNode-1@group-523986131536->omNode-3-AppendLogResponseHandler: Failed appendEntries: org.apache.ratis.thirdparty.io.grpc.StatusRuntimeException: UNAVAILABLE: io exception
2023-10-08 16:27:02,267 [omNode-3-server-thread1] INFO  server.RaftServer$Division (ServerState.java:setLeader(317)) - omNode-3@group-523986131536: change Leader from null to omNode-1 at term 1 for appendEntries, leader elected after 1027ms
2023-10-08 16:27:02,280 [omNode-3-server-thread1] INFO  server.RaftServer$Division (ServerState.java:setRaftConf(434)) - omNode-3@group-523986131536: set configuration 0: peers:[omNode-3|rpc:localhost:15015|admin:|client:|dataStream:|priority:0|startupRole:FOLLOWER, omNode-1|rpc:localhost:15007|admin:|client:|dataStream:|priority:0|startupRole:FOLLOWER, omNode-2|rpc:localhost:15011|admin:|client:|dataStream:|priority:0|startupRole:FOLLOWER]|listeners:[], old=null
2023-10-08 16:27:02,280 [omNode-3-server-thread1] INFO  segmented.SegmentedRaftLogWorker (SegmentedRaftLogWorker.java:startLogSegment(447)) - omNode-3@group-523986131536-SegmentedRaftLogWorker: Starting segment from index:0
2023-10-08 16:27:02,291 [omNode-3@group-523986131536-SegmentedRaftLogWorker] INFO  segmented.SegmentedRaftLogWorker (SegmentedRaftLogWorker.java:execute(651)) - omNode-3@group-523986131536-SegmentedRaftLogWorker: created new log segment /home/runner/work/ozone/ozone/hadoop-ozone/integration-test/target/test-dir/MiniOzoneClusterImpl-c8a21aad-f255-4385-b304-f7d4bfe38451/omNode-3/ratis/c9bc4cf4-3bc3-3c60-a66b-523986131536/current/log_inprogress_0
2023-10-08 16:27:02,293 [omNode-3@group-523986131536-StateMachineUpdater] INFO  ratis.OzoneManagerStateMachine (OzoneManagerStateMachine.java:notifyConfigurationChanged(202)) - Received Configuration change notification from Ratis. New Peer list:
[id: "omNode-3"
address: "localhost:15015"
startupRole: FOLLOWER
, id: "omNode-1"
address: "localhost:15007"
startupRole: FOLLOWER
, id: "omNode-2"
address: "localhost:15011"
startupRole: FOLLOWER
]
2023-10-08 16:27:02,297 [main] WARN  impl.MetricRegistriesImpl (MetricRegistriesImpl.java:addReporterRegistration(111)) - New reporters are added after registries were created. Some metrics will be missing from the reporter. Please add reporter before adding any new registry.
2023-10-08 16:27:02,297 [main] WARN  impl.MetricRegistriesImpl (MetricRegistriesImpl.java:addReporterRegistration(111)) - New reporters are added after registries were created. Some metrics will be missing from the reporter. Please add reporter before adding any new registry.
2023-10-08 16:27:02,297 [main] INFO  impl.MetricsSystemImpl (MetricsSystemImpl.java:init(158)) - HddsDatanode metrics system started (again)
2023-10-08 16:27:02,317 [main] INFO  ozone.HddsDatanodeService (HddsDatanodeService.java:start(240)) - HddsDatanodeService host:fv-az550-77.qithejtrr10ubpvvucuf4evp0f.bx.internal.cloudapp.net ip:10.1.0.4
2023-10-08 16:27:02,353 [main] INFO  upgrade.AbstractLayoutVersionManager (AbstractLayoutVersionManager.java:init(83)) - Initializing Layout version manager with metadata layout = HADOOP_PRC_PORTS_IN_DATANODEDETAILS (version = 7), software layout = HADOOP_PRC_PORTS_IN_DATANODEDETAILS (version = 7)
2023-10-08 16:27:02,356 [main] INFO  statemachine.DatanodeStateMachine (DatanodeStateMachine.java:getEndPointTaskThreadPoolSize(290)) - Datanode State Machine Task Thread Pool size 2
2023-10-08 16:27:02,437 [main] INFO  volume.HddsVolume (HddsVolume.java:<init>(126)) - Creating HddsVolume: /home/runner/work/ozone/ozone/hadoop-ozone/integration-test/target/test-dir/MiniOzoneClusterImpl-c8a21aad-f255-4385-b304-f7d4bfe38451/datanode-0/data-0/containers/hdds of storage type : DISK capacity : 9223372036854775807
2023-10-08 16:27:02,439 [main] INFO  volume.MutableVolumeSet (MutableVolumeSet.java:initializeVolumeSet(173)) - Added Volume : /home/runner/work/ozone/ozone/hadoop-ozone/integration-test/target/test-dir/MiniOzoneClusterImpl-c8a21aad-f255-4385-b304-f7d4bfe38451/datanode-0/data-0/containers/hdds to VolumeSet
2023-10-08 16:27:02,444 [main] INFO  volume.MutableVolumeSet (MutableVolumeSet.java:initializeVolumeSet(173)) - Added Volume : /home/runner/work/ozone/ozone/hadoop-ozone/integration-test/target/test-dir/MiniOzoneClusterImpl-c8a21aad-f255-4385-b304-f7d4bfe38451/datanode-0/data/ratis to VolumeSet
2023-10-08 16:27:02,460 [Thread-265] INFO  ozoneimpl.ContainerReader (ContainerReader.java:readVolume(177)) - Finish verifying containers on volume /home/runner/work/ozone/ozone/hadoop-ozone/integration-test/target/test-dir/MiniOzoneClusterImpl-c8a21aad-f255-4385-b304-f7d4bfe38451/datanode-0/data-0/containers/hdds
2023-10-08 16:27:02,460 [main] INFO  ozoneimpl.OzoneContainer (OzoneContainer.java:buildContainerSet(315)) - Build ContainerSet costs 0s
2023-10-08 16:27:02,517 [main] INFO  audit.AuditLogger (AuditLogger.java:refreshDebugCmdSet(126)) - Refresh DebugCmdSet for DNAudit to [].
2023-10-08 16:27:02,543 [main] INFO  server.RaftServer (ConfUtils.java:logGet(46)) - raft.rpc.type = GRPC (default)
2023-10-08 16:27:02,543 [main] INFO  grpc.GrpcConfigKeys (ConfUtils.java:logFallback(53)) - raft.grpc.admin.host = null (fallback to raft.grpc.server.host)
2023-10-08 16:27:02,544 [main] INFO  grpc.GrpcConfigKeys (ConfUtils.java:logGet(46)) - raft.grpc.admin.port = 15021 (custom)
2023-10-08 16:27:02,544 [main] INFO  grpc.GrpcConfigKeys (ConfUtils.java:logFallback(53)) - raft.grpc.client.host = null (fallback to raft.grpc.server.host)
2023-10-08 16:27:02,544 [main] INFO  grpc.GrpcConfigKeys (ConfUtils.java:logGet(46)) - raft.grpc.client.port = 15020 (custom)
2023-10-08 16:27:02,544 [main] INFO  grpc.GrpcConfigKeys (ConfUtils.java:logGet(46)) - raft.grpc.server.host = null (default)
2023-10-08 16:27:02,544 [main] INFO  grpc.GrpcConfigKeys (ConfUtils.java:logGet(46)) - raft.grpc.server.port = 15022 (custom)
2023-10-08 16:27:02,544 [main] INFO  server.GrpcService (ConfUtils.java:logGet(46)) - raft.grpc.message.size.max = 32MB (=33554432) (custom)
2023-10-08 16:27:02,544 [main] INFO  server.RaftServerConfigKeys (ConfUtils.java:logGet(46)) - raft.server.log.appender.buffer.byte-limit = 33554432 (custom)
2023-10-08 16:27:02,544 [main] INFO  server.GrpcService (ConfUtils.java:logGet(46)) - raft.grpc.flow.control.window = 5MB (=5242880) (custom)
2023-10-08 16:27:02,545 [main] INFO  server.RaftServerConfigKeys (ConfUtils.java:logGet(46)) - raft.server.rpc.request.timeout = 60s (custom)
2023-10-08 16:27:02,545 [main] INFO  grpc.GrpcConfigKeys (ConfUtils.java:logGet(46)) - raft.grpc.server.heartbeat.channel = true (default)
2023-10-08 16:27:02,545 [main] INFO  grpc.GrpcConfigKeys (ConfUtils.java:logGet(46)) - raft.grpc.server.async.request.thread.pool.cached = true (default)
2023-10-08 16:27:02,545 [main] INFO  grpc.GrpcConfigKeys (ConfUtils.java:logGet(46)) - raft.grpc.server.async.request.thread.pool.size = 32 (default)
2023-10-08 16:27:02,547 [main] INFO  impl.DataStreamServerImpl (ConfUtils.java:logGet(46)) - raft.datastream.type = NETTY (custom)
2023-10-08 16:27:02,555 [main] INFO  server.RaftServerConfigKeys (ConfUtils.java:logGet(46)) - raft.server.data-stream.async.request.thread.pool.cached = false (default)
2023-10-08 16:27:02,555 [main] INFO  server.RaftServerConfigKeys (ConfUtils.java:logGet(46)) - raft.server.data-stream.async.request.thread.pool.size = 20 (custom)
2023-10-08 16:27:02,556 [main] INFO  server.RaftServerConfigKeys (ConfUtils.java:logGet(46)) - raft.server.data-stream.async.write.thread.pool.size = 16 (default)
2023-10-08 16:27:02,557 [main] INFO  server.RaftServerConfigKeys (ConfUtils.java:logGet(46)) - raft.server.data-stream.client.pool.size = 10 (default)
2023-10-08 16:27:02,559 [main] INFO  netty.NettyConfigKeys$DataStream (ConfUtils.java:logGet(46)) - raft.netty.dataStream.server.use-epoll = false (default)
2023-10-08 16:27:02,559 [main] INFO  netty.NettyConfigKeys$DataStream (ConfUtils.java:logGet(46)) - raft.netty.dataStream.server.boss-group.size = 0 (default)
2023-10-08 16:27:02,565 [main] INFO  netty.NettyConfigKeys$DataStream (ConfUtils.java:logGet(46)) - raft.netty.dataStream.server.worker-group.size = 0 (default)
2023-10-08 16:27:02,566 [main] INFO  netty.NettyConfigKeys$DataStream (ConfUtils.java:logGet(46)) - raft.netty.dataStream.server.tls.conf = null (default)
2023-10-08 16:27:02,567 [main] INFO  netty.NettyConfigKeys$DataStream (ConfUtils.java:logGet(46)) - raft.netty.dataStream.host = null (default)
2023-10-08 16:27:02,568 [main] INFO  netty.NettyConfigKeys$DataStream (ConfUtils.java:logGet(46)) - raft.netty.dataStream.port = 15023 (custom)
2023-10-08 16:27:02,576 [main] INFO  server.RaftServerConfigKeys (ConfUtils.java:logGet(46)) - raft.server.threadpool.proxy.cached = true (default)
2023-10-08 16:27:02,576 [main] INFO  server.RaftServerConfigKeys (ConfUtils.java:logGet(46)) - raft.server.threadpool.proxy.size = 0 (default)
2023-10-08 16:27:02,576 [main] INFO  server.RaftServerConfigKeys (ConfUtils.java:logGet(46)) - raft.server.rpc.slowness.timeout = 300s (custom)
2023-10-08 16:27:02,576 [main] INFO  server.RaftServerConfigKeys (ConfUtils.java:logGet(46)) - raft.server.leaderelection.leader.step-down.wait-time = 10s (default)
2023-10-08 16:27:02,577 [main] INFO  server.RaftServerConfigKeys (ConfUtils.java:logGet(46)) - raft.server.storage.dir = [/home/runner/work/ozone/ozone/hadoop-ozone/integration-test/target/test-dir/MiniOzoneClusterImpl-c8a21aad-f255-4385-b304-f7d4bfe38451/datanode-0/data/ratis] (custom)
2023-10-08 16:27:02,585 [a831d948-6e5a-44aa-8e9b-507a09ef5801-NettyServerStreamRpc-bossGroup--thread1] INFO  logging.LoggingHandler (AbstractInternalLogger.java:log(148)) - [id: 0x125dda73] REGISTERED
2023-10-08 16:27:02,586 [a831d948-6e5a-44aa-8e9b-507a09ef5801-NettyServerStreamRpc-bossGroup--thread1] INFO  logging.LoggingHandler (AbstractInternalLogger.java:log(148)) - [id: 0x125dda73] BIND: 0.0.0.0/0.0.0.0:15023
2023-10-08 16:27:02,586 [a831d948-6e5a-44aa-8e9b-507a09ef5801-NettyServerStreamRpc-bossGroup--thread1] INFO  logging.LoggingHandler (AbstractInternalLogger.java:log(148)) - [id: 0x125dda73, L:/0:0:0:0:0:0:0:0:15023] ACTIVE
2023-10-08 16:27:02,586 [a831d948-6e5a-44aa-8e9b-507a09ef5801-impl-thread1] INFO  server.RaftServer (RaftServerProxy.java:initGroupDir(258)) - a831d948-6e5a-44aa-8e9b-507a09ef5801: found a subdirectory /home/runner/work/ozone/ozone/hadoop-ozone/integration-test/target/test-dir/MiniOzoneClusterImpl-c8a21aad-f255-4385-b304-f7d4bfe38451/datanode-0/data/ratis/tmp
2023-10-08 16:27:02,587 [a831d948-6e5a-44aa-8e9b-507a09ef5801-impl-thread1] INFO  server.RaftServer (RaftServerProxy.java:initGroupDir(263)) - a831d948-6e5a-44aa-8e9b-507a09ef5801: The directory /home/runner/work/ozone/ozone/hadoop-ozone/integration-test/target/test-dir/MiniOzoneClusterImpl-c8a21aad-f255-4385-b304-f7d4bfe38451/datanode-0/data/ratis/tmp is not a group directory; ignoring it. 
2023-10-08 16:27:02,589 [main] INFO  replication.ReplicationServer (ReplicationServer.java:<init>(83)) - Initializing replication server with thread count = 10 queue length = 4096
2023-10-08 16:27:02,608 [main] INFO  server.XceiverServerGrpc (XceiverServerGrpc.java:<init>(132)) - GrpcServer channel type EpollServerSocketChannel
2023-10-08 16:27:02,640 [main] INFO  replication.ReplicationSupervisor (ReplicationSupervisor.java:build(155)) - Initializing replication supervisor with thread count = 10
2023-10-08 16:27:02,641 [main] INFO  replication.ReplicationSupervisor (ReplicationSupervisor.java:nodeStateUpdated(307)) - Node state updated to IN_SERVICE, scaling executor pool size to 10
2023-10-08 16:27:02,692 [main] INFO  http.BaseHttpServer (BaseHttpServer.java:newHttpServer2BuilderForOzone(223)) - Starting Web-server for hddsDatanode at: http://0.0.0.0:15017
2023-10-08 16:27:02,692 [main] INFO  http.BaseHttpServer (BaseHttpServer.java:<init>(110)) - Hadoop Security Enabled: false Ozone Security Enabled: false Ozone HTTP Security Enabled: false 
2023-10-08 16:27:02,693 [main] WARN  server.AuthenticationFilter (AuthenticationFilter.java:constructSecretProvider(240)) - Unable to initialize FileSignerSecretProvider, falling back to use random secrets. Reason: Could not read signature secret file: /home/runner/hadoop-http-auth-signature-secret
2023-10-08 16:27:02,694 [main] INFO  http.HttpRequestLog (HttpRequestLog.java:getRequestLog(86)) - Http request log for http.requests.hddsDatanode is not defined
2023-10-08 16:27:02,696 [main] INFO  http.HttpServer2 (HttpServer2.java:addGlobalFilter(1031)) - Added global filter 'safety' (class=org.apache.hadoop.hdds.server.http.HttpServer2$QuotingInputFilter)
2023-10-08 16:27:02,696 [main] INFO  http.HttpServer2 (HttpServer2.java:addFilter(1007)) - Added filter static_user_filter (class=org.apache.hadoop.http.lib.StaticUserWebFilter$StaticUserFilter) to context hddsDatanode
2023-10-08 16:27:02,697 [main] INFO  http.HttpServer2 (HttpServer2.java:addFilter(1015)) - Added filter static_user_filter (class=org.apache.hadoop.http.lib.StaticUserWebFilter$StaticUserFilter) to context logs
2023-10-08 16:27:02,697 [main] INFO  http.HttpServer2 (HttpServer2.java:addFilter(1015)) - Added filter static_user_filter (class=org.apache.hadoop.http.lib.StaticUserWebFilter$StaticUserFilter) to context static
2023-10-08 16:27:02,697 [main] INFO  http.BaseHttpServer (BaseHttpServer.java:<init>(189)) - HTTP server of hddsDatanode uses base directory /home/runner/work/ozone/ozone/hadoop-ozone/integration-test/target/test-dir/MiniOzoneClusterImpl-c8a21aad-f255-4385-b304-f7d4bfe38451/datanode-0/meta/webserver
2023-10-08 16:27:02,698 [main] INFO  http.HttpServer2 (HttpServer2.java:bindListener(1231)) - Jetty bound to port 15017
2023-10-08 16:27:02,698 [main] INFO  server.Server (Server.java:doStart(375)) - jetty-9.4.52.v20230823; built: 2023-08-23T19:29:37.669Z; git: abdcda73818a1a2c705da276edb0bf6581e7997e; jvm 1.8.0_382-b05
2023-10-08 16:27:02,700 [main] INFO  server.session (DefaultSessionIdManager.java:doStart(334)) - DefaultSessionIdManager workerName=node0
2023-10-08 16:27:02,700 [main] INFO  server.session (DefaultSessionIdManager.java:doStart(339)) - No SessionScavenger set, using defaults
2023-10-08 16:27:02,701 [main] INFO  server.session (HouseKeeper.java:startScavenging(132)) - node0 Scavenging every 660000ms
2023-10-08 16:27:02,703 [main] INFO  handler.ContextHandler (ContextHandler.java:doStart(921)) - Started o.e.j.s.ServletContextHandler@3bae5f78{logs,/logs,file:///home/runner/work/ozone/ozone/hadoop-ozone/integration-test/target/log,AVAILABLE}
2023-10-08 16:27:02,703 [main] INFO  handler.ContextHandler (ContextHandler.java:doStart(921)) - Started o.e.j.s.ServletContextHandler@4b526e15{static,/static,jar:file:/home/runner/.m2/repository/org/apache/ozone/hdds-container-service/1.4.0-SNAPSHOT/hdds-container-service-1.4.0-SNAPSHOT.jar!/webapps/static,AVAILABLE}
2023-10-08 16:27:02,935 [main] INFO  handler.ContextHandler (ContextHandler.java:doStart(921)) - Started o.e.j.w.WebAppContext@31be1586{hddsDatanode,/,file:///home/runner/work/ozone/ozone/hadoop-ozone/integration-test/target/test-dir/MiniOzoneClusterImpl-c8a21aad-f255-4385-b304-f7d4bfe38451/datanode-0/meta/webserver/jetty-0_0_0_0-15017-hdds-container-service-1_4_0-SNAPSHOT_jar-_-any-95093857839048099/webapp/,AVAILABLE}{jar:file:/home/runner/.m2/repository/org/apache/ozone/hdds-container-service/1.4.0-SNAPSHOT/hdds-container-service-1.4.0-SNAPSHOT.jar!/webapps/hddsDatanode}
2023-10-08 16:27:02,937 [main] INFO  server.AbstractConnector (AbstractConnector.java:doStart(333)) - Started ServerConnector@21160db7{HTTP/1.1, (http/1.1)}{0.0.0.0:15017}
2023-10-08 16:27:02,938 [main] INFO  server.Server (Server.java:doStart(415)) - Started @11431ms
2023-10-08 16:27:02,938 [main] WARN  impl.MetricsSystemImpl (MetricsSystemImpl.java:register(279)) - Sink prometheus already exists!
2023-10-08 16:27:02,938 [main] INFO  http.BaseHttpServer (BaseHttpServer.java:updateConnectorAddress(354)) - HTTP server of hddsDatanode listening at http://0.0.0.0:15017
2023-10-08 16:27:02,942 [main] INFO  ipc.CallQueueManager (CallQueueManager.java:<init>(90)) - Using callQueue: class java.util.concurrent.LinkedBlockingQueue, queueCapacity: 100, scheduler: class org.apache.hadoop.ipc.DefaultRpcScheduler, ipcBackoff: false.
2023-10-08 16:27:02,942 [main] INFO  ipc.Server (Server.java:<init>(1287)) - Listener at 0.0.0.0:15018
2023-10-08 16:27:02,943 [Socket Reader #1 for port 15018] INFO  ipc.Server (Server.java:run(1323)) - Starting Socket Reader #1 for port 15018
2023-10-08 16:27:02,946 [main] INFO  ozone.HddsDatanodeService (HddsDatanodeService.java:start(325)) - Datanode start with admins: [*, runner]
2023-10-08 16:27:02,946 [main] INFO  ozone.HddsDatanodeClientProtocolServer (HddsDatanodeClientProtocolServer.java:start(72)) - RPC server for Client /0.0.0.0:15018
2023-10-08 16:27:02,947 [IPC Server listener on 15018] INFO  ipc.Server (Server.java:run(1402)) - IPC Server listener on 15018: starting
2023-10-08 16:27:02,947 [IPC Server Responder] INFO  ipc.Server (Server.java:run(1562)) - IPC Server Responder: starting
2023-10-08 16:27:02,948 [Datanode State Machine Daemon Thread] INFO  statemachine.DatanodeStateMachine (DatanodeStateMachine.java:lambda$startDaemon$1(546)) - Ozone container server started.
2023-10-08 16:27:02,950 [main] WARN  impl.MetricRegistriesImpl (MetricRegistriesImpl.java:addReporterRegistration(111)) - New reporters are added after registries were created. Some metrics will be missing from the reporter. Please add reporter before adding any new registry.
2023-10-08 16:27:02,950 [main] WARN  impl.MetricRegistriesImpl (MetricRegistriesImpl.java:addReporterRegistration(111)) - New reporters are added after registries were created. Some metrics will be missing from the reporter. Please add reporter before adding any new registry.
2023-10-08 16:27:02,950 [main] INFO  impl.MetricsSystemImpl (MetricsSystemImpl.java:init(158)) - HddsDatanode metrics system started (again)
2023-10-08 16:27:02,963 [main] INFO  ozone.HddsDatanodeService (HddsDatanodeService.java:start(240)) - HddsDatanodeService host:fv-az550-77.qithejtrr10ubpvvucuf4evp0f.bx.internal.cloudapp.net ip:10.1.0.4
2023-10-08 16:27:02,995 [main] INFO  upgrade.AbstractLayoutVersionManager (AbstractLayoutVersionManager.java:init(83)) - Initializing Layout version manager with metadata layout = HADOOP_PRC_PORTS_IN_DATANODEDETAILS (version = 7), software layout = HADOOP_PRC_PORTS_IN_DATANODEDETAILS (version = 7)
2023-10-08 16:27:02,996 [main] INFO  statemachine.DatanodeStateMachine (DatanodeStateMachine.java:getEndPointTaskThreadPoolSize(290)) - Datanode State Machine Task Thread Pool size 2
2023-10-08 16:27:03,023 [main] INFO  volume.HddsVolume (HddsVolume.java:<init>(126)) - Creating HddsVolume: /home/runner/work/ozone/ozone/hadoop-ozone/integration-test/target/test-dir/MiniOzoneClusterImpl-c8a21aad-f255-4385-b304-f7d4bfe38451/datanode-1/data-0/containers/hdds of storage type : DISK capacity : 9223372036854775807
2023-10-08 16:27:03,025 [main] INFO  volume.MutableVolumeSet (MutableVolumeSet.java:initializeVolumeSet(173)) - Added Volume : /home/runner/work/ozone/ozone/hadoop-ozone/integration-test/target/test-dir/MiniOzoneClusterImpl-c8a21aad-f255-4385-b304-f7d4bfe38451/datanode-1/data-0/containers/hdds to VolumeSet
2023-10-08 16:27:03,026 [main] INFO  volume.MutableVolumeSet (MutableVolumeSet.java:initializeVolumeSet(173)) - Added Volume : /home/runner/work/ozone/ozone/hadoop-ozone/integration-test/target/test-dir/MiniOzoneClusterImpl-c8a21aad-f255-4385-b304-f7d4bfe38451/datanode-1/data/ratis to VolumeSet
2023-10-08 16:27:03,029 [Thread-282] INFO  ozoneimpl.ContainerReader (ContainerReader.java:readVolume(177)) - Finish verifying containers on volume /home/runner/work/ozone/ozone/hadoop-ozone/integration-test/target/test-dir/MiniOzoneClusterImpl-c8a21aad-f255-4385-b304-f7d4bfe38451/datanode-1/data-0/containers/hdds
2023-10-08 16:27:03,030 [main] INFO  ozoneimpl.OzoneContainer (OzoneContainer.java:buildContainerSet(315)) - Build ContainerSet costs 0s
2023-10-08 16:27:03,037 [main] INFO  server.RaftServer (ConfUtils.java:logGet(46)) - raft.rpc.type = GRPC (default)
2023-10-08 16:27:03,037 [main] INFO  grpc.GrpcConfigKeys (ConfUtils.java:logFallback(53)) - raft.grpc.admin.host = null (fallback to raft.grpc.server.host)
2023-10-08 16:27:03,038 [main] INFO  grpc.GrpcConfigKeys (ConfUtils.java:logGet(46)) - raft.grpc.admin.port = 15030 (custom)
2023-10-08 16:27:03,038 [main] INFO  grpc.GrpcConfigKeys (ConfUtils.java:logFallback(53)) - raft.grpc.client.host = null (fallback to raft.grpc.server.host)
2023-10-08 16:27:03,038 [main] INFO  grpc.GrpcConfigKeys (ConfUtils.java:logGet(46)) - raft.grpc.client.port = 15029 (custom)
2023-10-08 16:27:03,040 [main] INFO  grpc.GrpcConfigKeys (ConfUtils.java:logGet(46)) - raft.grpc.server.host = null (default)
2023-10-08 16:27:03,040 [main] INFO  grpc.GrpcConfigKeys (ConfUtils.java:logGet(46)) - raft.grpc.server.port = 15031 (custom)
2023-10-08 16:27:03,041 [main] INFO  server.GrpcService (ConfUtils.java:logGet(46)) - raft.grpc.message.size.max = 32MB (=33554432) (custom)
2023-10-08 16:27:03,041 [main] INFO  server.RaftServerConfigKeys (ConfUtils.java:logGet(46)) - raft.server.log.appender.buffer.byte-limit = 33554432 (custom)
2023-10-08 16:27:03,041 [main] INFO  server.GrpcService (ConfUtils.java:logGet(46)) - raft.grpc.flow.control.window = 5MB (=5242880) (custom)
2023-10-08 16:27:03,041 [main] INFO  server.RaftServerConfigKeys (ConfUtils.java:logGet(46)) - raft.server.rpc.request.timeout = 60s (custom)
2023-10-08 16:27:03,041 [main] INFO  grpc.GrpcConfigKeys (ConfUtils.java:logGet(46)) - raft.grpc.server.heartbeat.channel = true (default)
2023-10-08 16:27:03,044 [main] INFO  grpc.GrpcConfigKeys (ConfUtils.java:logGet(46)) - raft.grpc.server.async.request.thread.pool.cached = true (default)
2023-10-08 16:27:03,045 [main] INFO  grpc.GrpcConfigKeys (ConfUtils.java:logGet(46)) - raft.grpc.server.async.request.thread.pool.size = 32 (default)
2023-10-08 16:27:03,048 [main] INFO  impl.DataStreamServerImpl (ConfUtils.java:logGet(46)) - raft.datastream.type = NETTY (custom)
2023-10-08 16:27:03,048 [main] INFO  server.RaftServerConfigKeys (ConfUtils.java:logGet(46)) - raft.server.data-stream.async.request.thread.pool.cached = false (default)
2023-10-08 16:27:03,049 [main] INFO  server.RaftServerConfigKeys (ConfUtils.java:logGet(46)) - raft.server.data-stream.async.request.thread.pool.size = 20 (custom)
2023-10-08 16:27:03,049 [main] INFO  server.RaftServerConfigKeys (ConfUtils.java:logGet(46)) - raft.server.data-stream.async.write.thread.pool.size = 16 (default)
2023-10-08 16:27:03,051 [main] INFO  server.RaftServerConfigKeys (ConfUtils.java:logGet(46)) - raft.server.data-stream.client.pool.size = 10 (default)
2023-10-08 16:27:03,051 [main] INFO  netty.NettyConfigKeys$DataStream (ConfUtils.java:logGet(46)) - raft.netty.dataStream.server.use-epoll = false (default)
2023-10-08 16:27:03,051 [main] INFO  netty.NettyConfigKeys$DataStream (ConfUtils.java:logGet(46)) - raft.netty.dataStream.server.boss-group.size = 0 (default)
2023-10-08 16:27:03,052 [main] INFO  netty.NettyConfigKeys$DataStream (ConfUtils.java:logGet(46)) - raft.netty.dataStream.server.worker-group.size = 0 (default)
2023-10-08 16:27:03,052 [main] INFO  netty.NettyConfigKeys$DataStream (ConfUtils.java:logGet(46)) - raft.netty.dataStream.server.tls.conf = null (default)
2023-10-08 16:27:03,052 [main] INFO  netty.NettyConfigKeys$DataStream (ConfUtils.java:logGet(46)) - raft.netty.dataStream.host = null (default)
2023-10-08 16:27:03,052 [main] INFO  netty.NettyConfigKeys$DataStream (ConfUtils.java:logGet(46)) - raft.netty.dataStream.port = 15032 (custom)
2023-10-08 16:27:03,053 [main] INFO  server.RaftServerConfigKeys (ConfUtils.java:logGet(46)) - raft.server.threadpool.proxy.cached = true (default)
2023-10-08 16:27:03,053 [main] INFO  server.RaftServerConfigKeys (ConfUtils.java:logGet(46)) - raft.server.threadpool.proxy.size = 0 (default)
2023-10-08 16:27:03,053 [main] INFO  server.RaftServerConfigKeys (ConfUtils.java:logGet(46)) - raft.server.rpc.slowness.timeout = 300s (custom)
2023-10-08 16:27:03,053 [main] INFO  server.RaftServerConfigKeys (ConfUtils.java:logGet(46)) - raft.server.leaderelection.leader.step-down.wait-time = 10s (default)
2023-10-08 16:27:03,054 [main] INFO  server.RaftServerConfigKeys (ConfUtils.java:logGet(46)) - raft.server.storage.dir = [/home/runner/work/ozone/ozone/hadoop-ozone/integration-test/target/test-dir/MiniOzoneClusterImpl-c8a21aad-f255-4385-b304-f7d4bfe38451/datanode-1/data/ratis] (custom)
2023-10-08 16:27:03,061 [0847a53b-a5e1-4a6e-9c94-ed2bc3fb4d81-NettyServerStreamRpc-bossGroup--thread1] INFO  logging.LoggingHandler (AbstractInternalLogger.java:log(148)) - [id: 0x6f77ba6b] REGISTERED
2023-10-08 16:27:03,064 [0847a53b-a5e1-4a6e-9c94-ed2bc3fb4d81-NettyServerStreamRpc-bossGroup--thread1] INFO  logging.LoggingHandler (AbstractInternalLogger.java:log(148)) - [id: 0x6f77ba6b] BIND: 0.0.0.0/0.0.0.0:15032
2023-10-08 16:27:03,064 [0847a53b-a5e1-4a6e-9c94-ed2bc3fb4d81-NettyServerStreamRpc-bossGroup--thread1] INFO  logging.LoggingHandler (AbstractInternalLogger.java:log(148)) - [id: 0x6f77ba6b, L:/0:0:0:0:0:0:0:0:15032] ACTIVE
2023-10-08 16:27:03,066 [0847a53b-a5e1-4a6e-9c94-ed2bc3fb4d81-impl-thread1] INFO  server.RaftServer (RaftServerProxy.java:initGroupDir(258)) - 0847a53b-a5e1-4a6e-9c94-ed2bc3fb4d81: found a subdirectory /home/runner/work/ozone/ozone/hadoop-ozone/integration-test/target/test-dir/MiniOzoneClusterImpl-c8a21aad-f255-4385-b304-f7d4bfe38451/datanode-1/data/ratis/tmp
2023-10-08 16:27:03,067 [0847a53b-a5e1-4a6e-9c94-ed2bc3fb4d81-impl-thread1] INFO  server.RaftServer (RaftServerProxy.java:initGroupDir(263)) - 0847a53b-a5e1-4a6e-9c94-ed2bc3fb4d81: The directory /home/runner/work/ozone/ozone/hadoop-ozone/integration-test/target/test-dir/MiniOzoneClusterImpl-c8a21aad-f255-4385-b304-f7d4bfe38451/datanode-1/data/ratis/tmp is not a group directory; ignoring it. 
2023-10-08 16:27:03,067 [main] INFO  replication.ReplicationServer (ReplicationServer.java:<init>(83)) - Initializing replication server with thread count = 10 queue length = 4096
2023-10-08 16:27:03,068 [main] INFO  server.XceiverServerGrpc (XceiverServerGrpc.java:<init>(132)) - GrpcServer channel type EpollServerSocketChannel
2023-10-08 16:27:03,071 [main] INFO  replication.ReplicationSupervisor (ReplicationSupervisor.java:build(155)) - Initializing replication supervisor with thread count = 10
2023-10-08 16:27:03,071 [main] INFO  replication.ReplicationSupervisor (ReplicationSupervisor.java:nodeStateUpdated(307)) - Node state updated to IN_SERVICE, scaling executor pool size to 10
2023-10-08 16:27:03,078 [main] INFO  http.BaseHttpServer (BaseHttpServer.java:newHttpServer2BuilderForOzone(223)) - Starting Web-server for hddsDatanode at: http://0.0.0.0:15026
2023-10-08 16:27:03,078 [main] INFO  http.BaseHttpServer (BaseHttpServer.java:<init>(110)) - Hadoop Security Enabled: false Ozone Security Enabled: false Ozone HTTP Security Enabled: false 
2023-10-08 16:27:03,080 [main] WARN  server.AuthenticationFilter (AuthenticationFilter.java:constructSecretProvider(240)) - Unable to initialize FileSignerSecretProvider, falling back to use random secrets. Reason: Could not read signature secret file: /home/runner/hadoop-http-auth-signature-secret
2023-10-08 16:27:03,080 [main] INFO  http.HttpRequestLog (HttpRequestLog.java:getRequestLog(86)) - Http request log for http.requests.hddsDatanode is not defined
2023-10-08 16:27:03,082 [main] INFO  http.HttpServer2 (HttpServer2.java:addGlobalFilter(1031)) - Added global filter 'safety' (class=org.apache.hadoop.hdds.server.http.HttpServer2$QuotingInputFilter)
2023-10-08 16:27:03,082 [main] INFO  http.HttpServer2 (HttpServer2.java:addFilter(1007)) - Added filter static_user_filter (class=org.apache.hadoop.http.lib.StaticUserWebFilter$StaticUserFilter) to context hddsDatanode
2023-10-08 16:27:03,083 [main] INFO  http.HttpServer2 (HttpServer2.java:addFilter(1015)) - Added filter static_user_filter (class=org.apache.hadoop.http.lib.StaticUserWebFilter$StaticUserFilter) to context static
2023-10-08 16:27:03,083 [main] INFO  http.HttpServer2 (HttpServer2.java:addFilter(1015)) - Added filter static_user_filter (class=org.apache.hadoop.http.lib.StaticUserWebFilter$StaticUserFilter) to context logs
2023-10-08 16:27:03,083 [main] INFO  http.BaseHttpServer (BaseHttpServer.java:<init>(189)) - HTTP server of hddsDatanode uses base directory /home/runner/work/ozone/ozone/hadoop-ozone/integration-test/target/test-dir/MiniOzoneClusterImpl-c8a21aad-f255-4385-b304-f7d4bfe38451/datanode-1/meta/webserver
2023-10-08 16:27:03,084 [main] INFO  http.HttpServer2 (HttpServer2.java:bindListener(1231)) - Jetty bound to port 15026
2023-10-08 16:27:03,084 [main] INFO  server.Server (Server.java:doStart(375)) - jetty-9.4.52.v20230823; built: 2023-08-23T19:29:37.669Z; git: abdcda73818a1a2c705da276edb0bf6581e7997e; jvm 1.8.0_382-b05
2023-10-08 16:27:03,093 [main] INFO  server.session (DefaultSessionIdManager.java:doStart(334)) - DefaultSessionIdManager workerName=node0
2023-10-08 16:27:03,093 [main] INFO  server.session (DefaultSessionIdManager.java:doStart(339)) - No SessionScavenger set, using defaults
2023-10-08 16:27:03,094 [main] INFO  server.session (HouseKeeper.java:startScavenging(132)) - node0 Scavenging every 600000ms
2023-10-08 16:27:03,094 [main] INFO  handler.ContextHandler (ContextHandler.java:doStart(921)) - Started o.e.j.s.ServletContextHandler@7b50d62{logs,/logs,file:///home/runner/work/ozone/ozone/hadoop-ozone/integration-test/target/log,AVAILABLE}
2023-10-08 16:27:03,095 [main] INFO  handler.ContextHandler (ContextHandler.java:doStart(921)) - Started o.e.j.s.ServletContextHandler@10faca5b{static,/static,jar:file:/home/runner/.m2/repository/org/apache/ozone/hdds-container-service/1.4.0-SNAPSHOT/hdds-container-service-1.4.0-SNAPSHOT.jar!/webapps/static,AVAILABLE}
2023-10-08 16:27:03,101 [Datanode State Machine Task Thread - 0] INFO  datanode.InitDatanodeState (InitDatanodeState.java:persistContainerDatanodeDetails(138)) - DatanodeDetails is persisted to /home/runner/work/ozone/ozone/hadoop-ozone/integration-test/target/test-dir/MiniOzoneClusterImpl-c8a21aad-f255-4385-b304-f7d4bfe38451/datanode-0/meta/datanode.id
2023-10-08 16:27:03,256 [omNode-3@group-523986131536-FollowerState] INFO  server.RaftServerConfigKeys (ConfUtils.java:logFallback(53)) - raft.server.rpc.first-election.timeout.min = 1s (fallback to raft.server.rpc.timeout.min)
2023-10-08 16:27:03,256 [omNode-3@group-523986131536-FollowerState] INFO  server.RaftServerConfigKeys (ConfUtils.java:logFallback(53)) - raft.server.rpc.first-election.timeout.max = 1200ms (fallback to raft.server.rpc.timeout.max)
2023-10-08 16:27:03,297 [main] INFO  handler.ContextHandler (ContextHandler.java:doStart(921)) - Started o.e.j.w.WebAppContext@7e128b54{hddsDatanode,/,file:///home/runner/work/ozone/ozone/hadoop-ozone/integration-test/target/test-dir/MiniOzoneClusterImpl-c8a21aad-f255-4385-b304-f7d4bfe38451/datanode-1/meta/webserver/jetty-0_0_0_0-15026-hdds-container-service-1_4_0-SNAPSHOT_jar-_-any-2433362619590316800/webapp/,AVAILABLE}{jar:file:/home/runner/.m2/repository/org/apache/ozone/hdds-container-service/1.4.0-SNAPSHOT/hdds-container-service-1.4.0-SNAPSHOT.jar!/webapps/hddsDatanode}
2023-10-08 16:27:03,299 [main] INFO  server.AbstractConnector (AbstractConnector.java:doStart(333)) - Started ServerConnector@1f63fdf4{HTTP/1.1, (http/1.1)}{0.0.0.0:15026}
2023-10-08 16:27:03,299 [main] INFO  server.Server (Server.java:doStart(415)) - Started @11793ms
2023-10-08 16:27:03,299 [main] WARN  impl.MetricsSystemImpl (MetricsSystemImpl.java:register(279)) - Sink prometheus already exists!
2023-10-08 16:27:03,300 [main] INFO  http.BaseHttpServer (BaseHttpServer.java:updateConnectorAddress(354)) - HTTP server of hddsDatanode listening at http://0.0.0.0:15026
2023-10-08 16:27:03,300 [main] INFO  ipc.CallQueueManager (CallQueueManager.java:<init>(90)) - Using callQueue: class java.util.concurrent.LinkedBlockingQueue, queueCapacity: 100, scheduler: class org.apache.hadoop.ipc.DefaultRpcScheduler, ipcBackoff: false.
2023-10-08 16:27:03,300 [main] INFO  ipc.Server (Server.java:<init>(1287)) - Listener at 0.0.0.0:15027
2023-10-08 16:27:03,304 [Socket Reader #1 for port 15027] INFO  ipc.Server (Server.java:run(1323)) - Starting Socket Reader #1 for port 15027
2023-10-08 16:27:03,320 [main] INFO  ozone.HddsDatanodeService (HddsDatanodeService.java:start(325)) - Datanode start with admins: [*, runner]
2023-10-08 16:27:03,320 [main] INFO  ozone.HddsDatanodeClientProtocolServer (HddsDatanodeClientProtocolServer.java:start(72)) - RPC server for Client /0.0.0.0:15027
2023-10-08 16:27:03,321 [IPC Server Responder] INFO  ipc.Server (Server.java:run(1562)) - IPC Server Responder: starting
2023-10-08 16:27:03,321 [IPC Server listener on 15027] INFO  ipc.Server (Server.java:run(1402)) - IPC Server listener on 15027: starting
2023-10-08 16:27:03,323 [Datanode State Machine Daemon Thread] INFO  statemachine.DatanodeStateMachine (DatanodeStateMachine.java:lambda$startDaemon$1(546)) - Ozone container server started.
2023-10-08 16:27:03,323 [main] WARN  impl.MetricRegistriesImpl (MetricRegistriesImpl.java:addReporterRegistration(111)) - New reporters are added after registries were created. Some metrics will be missing from the reporter. Please add reporter before adding any new registry.
2023-10-08 16:27:03,323 [main] WARN  impl.MetricRegistriesImpl (MetricRegistriesImpl.java:addReporterRegistration(111)) - New reporters are added after registries were created. Some metrics will be missing from the reporter. Please add reporter before adding any new registry.
2023-10-08 16:27:03,323 [main] INFO  impl.MetricsSystemImpl (MetricsSystemImpl.java:init(158)) - HddsDatanode metrics system started (again)
2023-10-08 16:27:03,349 [main] INFO  ozone.HddsDatanodeService (HddsDatanodeService.java:start(240)) - HddsDatanodeService host:fv-az550-77.qithejtrr10ubpvvucuf4evp0f.bx.internal.cloudapp.net ip:10.1.0.4
2023-10-08 16:27:03,353 [Datanode State Machine Task Thread - 0] INFO  datanode.InitDatanodeState (InitDatanodeState.java:persistContainerDatanodeDetails(138)) - DatanodeDetails is persisted to /home/runner/work/ozone/ozone/hadoop-ozone/integration-test/target/test-dir/MiniOzoneClusterImpl-c8a21aad-f255-4385-b304-f7d4bfe38451/datanode-1/meta/datanode.id
2023-10-08 16:27:03,373 [main] INFO  upgrade.AbstractLayoutVersionManager (AbstractLayoutVersionManager.java:init(83)) - Initializing Layout version manager with metadata layout = HADOOP_PRC_PORTS_IN_DATANODEDETAILS (version = 7), software layout = HADOOP_PRC_PORTS_IN_DATANODEDETAILS (version = 7)
2023-10-08 16:27:03,376 [main] INFO  statemachine.DatanodeStateMachine (DatanodeStateMachine.java:getEndPointTaskThreadPoolSize(290)) - Datanode State Machine Task Thread Pool size 2
2023-10-08 16:27:03,386 [main] INFO  volume.HddsVolume (HddsVolume.java:<init>(126)) - Creating HddsVolume: /home/runner/work/ozone/ozone/hadoop-ozone/integration-test/target/test-dir/MiniOzoneClusterImpl-c8a21aad-f255-4385-b304-f7d4bfe38451/datanode-2/data-0/containers/hdds of storage type : DISK capacity : 9223372036854775807
2023-10-08 16:27:03,386 [main] INFO  volume.MutableVolumeSet (MutableVolumeSet.java:initializeVolumeSet(173)) - Added Volume : /home/runner/work/ozone/ozone/hadoop-ozone/integration-test/target/test-dir/MiniOzoneClusterImpl-c8a21aad-f255-4385-b304-f7d4bfe38451/datanode-2/data-0/containers/hdds to VolumeSet
2023-10-08 16:27:03,389 [main] INFO  volume.MutableVolumeSet (MutableVolumeSet.java:initializeVolumeSet(173)) - Added Volume : /home/runner/work/ozone/ozone/hadoop-ozone/integration-test/target/test-dir/MiniOzoneClusterImpl-c8a21aad-f255-4385-b304-f7d4bfe38451/datanode-2/data/ratis to VolumeSet
2023-10-08 16:27:03,391 [Thread-299] INFO  ozoneimpl.ContainerReader (ContainerReader.java:readVolume(177)) - Finish verifying containers on volume /home/runner/work/ozone/ozone/hadoop-ozone/integration-test/target/test-dir/MiniOzoneClusterImpl-c8a21aad-f255-4385-b304-f7d4bfe38451/datanode-2/data-0/containers/hdds
2023-10-08 16:27:03,392 [main] INFO  ozoneimpl.OzoneContainer (OzoneContainer.java:buildContainerSet(315)) - Build ContainerSet costs 0s
2023-10-08 16:27:03,395 [main] INFO  server.RaftServer (ConfUtils.java:logGet(46)) - raft.rpc.type = GRPC (default)
2023-10-08 16:27:03,395 [main] INFO  grpc.GrpcConfigKeys (ConfUtils.java:logFallback(53)) - raft.grpc.admin.host = null (fallback to raft.grpc.server.host)
2023-10-08 16:27:03,395 [main] INFO  grpc.GrpcConfigKeys (ConfUtils.java:logGet(46)) - raft.grpc.admin.port = 15039 (custom)
2023-10-08 16:27:03,395 [main] INFO  grpc.GrpcConfigKeys (ConfUtils.java:logFallback(53)) - raft.grpc.client.host = null (fallback to raft.grpc.server.host)
2023-10-08 16:27:03,396 [main] INFO  grpc.GrpcConfigKeys (ConfUtils.java:logGet(46)) - raft.grpc.client.port = 15038 (custom)
2023-10-08 16:27:03,396 [main] INFO  grpc.GrpcConfigKeys (ConfUtils.java:logGet(46)) - raft.grpc.server.host = null (default)
2023-10-08 16:27:03,396 [main] INFO  grpc.GrpcConfigKeys (ConfUtils.java:logGet(46)) - raft.grpc.server.port = 15040 (custom)
2023-10-08 16:27:03,396 [main] INFO  server.GrpcService (ConfUtils.java:logGet(46)) - raft.grpc.message.size.max = 32MB (=33554432) (custom)
2023-10-08 16:27:03,396 [main] INFO  server.RaftServerConfigKeys (ConfUtils.java:logGet(46)) - raft.server.log.appender.buffer.byte-limit = 33554432 (custom)
2023-10-08 16:27:03,396 [main] INFO  server.GrpcService (ConfUtils.java:logGet(46)) - raft.grpc.flow.control.window = 5MB (=5242880) (custom)
2023-10-08 16:27:03,396 [main] INFO  server.RaftServerConfigKeys (ConfUtils.java:logGet(46)) - raft.server.rpc.request.timeout = 60s (custom)
2023-10-08 16:27:03,396 [main] INFO  grpc.GrpcConfigKeys (ConfUtils.java:logGet(46)) - raft.grpc.server.heartbeat.channel = true (default)
2023-10-08 16:27:03,397 [main] INFO  grpc.GrpcConfigKeys (ConfUtils.java:logGet(46)) - raft.grpc.server.async.request.thread.pool.cached = true (default)
2023-10-08 16:27:03,397 [main] INFO  grpc.GrpcConfigKeys (ConfUtils.java:logGet(46)) - raft.grpc.server.async.request.thread.pool.size = 32 (default)
2023-10-08 16:27:03,400 [main] INFO  impl.DataStreamServerImpl (ConfUtils.java:logGet(46)) - raft.datastream.type = NETTY (custom)
2023-10-08 16:27:03,400 [main] INFO  server.RaftServerConfigKeys (ConfUtils.java:logGet(46)) - raft.server.data-stream.async.request.thread.pool.cached = false (default)
2023-10-08 16:27:03,400 [main] INFO  server.RaftServerConfigKeys (ConfUtils.java:logGet(46)) - raft.server.data-stream.async.request.thread.pool.size = 20 (custom)
2023-10-08 16:27:03,401 [main] INFO  server.RaftServerConfigKeys (ConfUtils.java:logGet(46)) - raft.server.data-stream.async.write.thread.pool.size = 16 (default)
2023-10-08 16:27:03,401 [main] INFO  server.RaftServerConfigKeys (ConfUtils.java:logGet(46)) - raft.server.data-stream.client.pool.size = 10 (default)
2023-10-08 16:27:03,402 [main] INFO  netty.NettyConfigKeys$DataStream (ConfUtils.java:logGet(46)) - raft.netty.dataStream.server.use-epoll = false (default)
2023-10-08 16:27:03,402 [main] INFO  netty.NettyConfigKeys$DataStream (ConfUtils.java:logGet(46)) - raft.netty.dataStream.server.boss-group.size = 0 (default)
2023-10-08 16:27:03,402 [main] INFO  netty.NettyConfigKeys$DataStream (ConfUtils.java:logGet(46)) - raft.netty.dataStream.server.worker-group.size = 0 (default)
2023-10-08 16:27:03,403 [main] INFO  netty.NettyConfigKeys$DataStream (ConfUtils.java:logGet(46)) - raft.netty.dataStream.server.tls.conf = null (default)
2023-10-08 16:27:03,403 [main] INFO  netty.NettyConfigKeys$DataStream (ConfUtils.java:logGet(46)) - raft.netty.dataStream.host = null (default)
2023-10-08 16:27:03,403 [main] INFO  netty.NettyConfigKeys$DataStream (ConfUtils.java:logGet(46)) - raft.netty.dataStream.port = 15041 (custom)
2023-10-08 16:27:03,406 [main] INFO  server.RaftServerConfigKeys (ConfUtils.java:logGet(46)) - raft.server.threadpool.proxy.cached = true (default)
2023-10-08 16:27:03,406 [main] INFO  server.RaftServerConfigKeys (ConfUtils.java:logGet(46)) - raft.server.threadpool.proxy.size = 0 (default)
2023-10-08 16:27:03,406 [main] INFO  server.RaftServerConfigKeys (ConfUtils.java:logGet(46)) - raft.server.rpc.slowness.timeout = 300s (custom)
2023-10-08 16:27:03,407 [main] INFO  server.RaftServerConfigKeys (ConfUtils.java:logGet(46)) - raft.server.leaderelection.leader.step-down.wait-time = 10s (default)
2023-10-08 16:27:03,407 [main] INFO  server.RaftServerConfigKeys (ConfUtils.java:logGet(46)) - raft.server.storage.dir = [/home/runner/work/ozone/ozone/hadoop-ozone/integration-test/target/test-dir/MiniOzoneClusterImpl-c8a21aad-f255-4385-b304-f7d4bfe38451/datanode-2/data/ratis] (custom)
2023-10-08 16:27:03,407 [428a18af-32d9-48f2-b55a-04ca97c8809a-impl-thread1] INFO  server.RaftServer (RaftServerProxy.java:initGroupDir(258)) - 428a18af-32d9-48f2-b55a-04ca97c8809a: found a subdirectory /home/runner/work/ozone/ozone/hadoop-ozone/integration-test/target/test-dir/MiniOzoneClusterImpl-c8a21aad-f255-4385-b304-f7d4bfe38451/datanode-2/data/ratis/tmp
2023-10-08 16:27:03,407 [428a18af-32d9-48f2-b55a-04ca97c8809a-impl-thread1] INFO  server.RaftServer (RaftServerProxy.java:initGroupDir(263)) - 428a18af-32d9-48f2-b55a-04ca97c8809a: The directory /home/runner/work/ozone/ozone/hadoop-ozone/integration-test/target/test-dir/MiniOzoneClusterImpl-c8a21aad-f255-4385-b304-f7d4bfe38451/datanode-2/data/ratis/tmp is not a group directory; ignoring it. 
2023-10-08 16:27:03,408 [main] INFO  replication.ReplicationServer (ReplicationServer.java:<init>(83)) - Initializing replication server with thread count = 10 queue length = 4096
2023-10-08 16:27:03,409 [main] INFO  server.XceiverServerGrpc (XceiverServerGrpc.java:<init>(132)) - GrpcServer channel type EpollServerSocketChannel
2023-10-08 16:27:03,411 [428a18af-32d9-48f2-b55a-04ca97c8809a-NettyServerStreamRpc-bossGroup--thread1] INFO  logging.LoggingHandler (AbstractInternalLogger.java:log(148)) - [id: 0xa8ae1a48] REGISTERED
2023-10-08 16:27:03,412 [428a18af-32d9-48f2-b55a-04ca97c8809a-NettyServerStreamRpc-bossGroup--thread1] INFO  logging.LoggingHandler (AbstractInternalLogger.java:log(148)) - [id: 0xa8ae1a48] BIND: 0.0.0.0/0.0.0.0:15041
2023-10-08 16:27:03,412 [428a18af-32d9-48f2-b55a-04ca97c8809a-NettyServerStreamRpc-bossGroup--thread1] INFO  logging.LoggingHandler (AbstractInternalLogger.java:log(148)) - [id: 0xa8ae1a48, L:/0:0:0:0:0:0:0:0:15041] ACTIVE
2023-10-08 16:27:03,413 [main] INFO  replication.ReplicationSupervisor (ReplicationSupervisor.java:build(155)) - Initializing replication supervisor with thread count = 10
2023-10-08 16:27:03,413 [main] INFO  replication.ReplicationSupervisor (ReplicationSupervisor.java:nodeStateUpdated(307)) - Node state updated to IN_SERVICE, scaling executor pool size to 10
2023-10-08 16:27:03,416 [main] INFO  http.BaseHttpServer (BaseHttpServer.java:newHttpServer2BuilderForOzone(223)) - Starting Web-server for hddsDatanode at: http://0.0.0.0:15035
2023-10-08 16:27:03,416 [main] INFO  http.BaseHttpServer (BaseHttpServer.java:<init>(110)) - Hadoop Security Enabled: false Ozone Security Enabled: false Ozone HTTP Security Enabled: false 
2023-10-08 16:27:03,418 [main] WARN  server.AuthenticationFilter (AuthenticationFilter.java:constructSecretProvider(240)) - Unable to initialize FileSignerSecretProvider, falling back to use random secrets. Reason: Could not read signature secret file: /home/runner/hadoop-http-auth-signature-secret
2023-10-08 16:27:03,419 [main] INFO  http.HttpRequestLog (HttpRequestLog.java:getRequestLog(86)) - Http request log for http.requests.hddsDatanode is not defined
2023-10-08 16:27:03,420 [main] INFO  http.HttpServer2 (HttpServer2.java:addGlobalFilter(1031)) - Added global filter 'safety' (class=org.apache.hadoop.hdds.server.http.HttpServer2$QuotingInputFilter)
2023-10-08 16:27:03,422 [main] INFO  http.HttpServer2 (HttpServer2.java:addFilter(1007)) - Added filter static_user_filter (class=org.apache.hadoop.http.lib.StaticUserWebFilter$StaticUserFilter) to context hddsDatanode
2023-10-08 16:27:03,422 [main] INFO  http.HttpServer2 (HttpServer2.java:addFilter(1015)) - Added filter static_user_filter (class=org.apache.hadoop.http.lib.StaticUserWebFilter$StaticUserFilter) to context static
2023-10-08 16:27:03,422 [main] INFO  http.HttpServer2 (HttpServer2.java:addFilter(1015)) - Added filter static_user_filter (class=org.apache.hadoop.http.lib.StaticUserWebFilter$StaticUserFilter) to context logs
2023-10-08 16:27:03,423 [main] INFO  http.BaseHttpServer (BaseHttpServer.java:<init>(189)) - HTTP server of hddsDatanode uses base directory /home/runner/work/ozone/ozone/hadoop-ozone/integration-test/target/test-dir/MiniOzoneClusterImpl-c8a21aad-f255-4385-b304-f7d4bfe38451/datanode-2/meta/webserver
2023-10-08 16:27:03,423 [main] INFO  http.HttpServer2 (HttpServer2.java:bindListener(1231)) - Jetty bound to port 15035
2023-10-08 16:27:03,423 [main] INFO  server.Server (Server.java:doStart(375)) - jetty-9.4.52.v20230823; built: 2023-08-23T19:29:37.669Z; git: abdcda73818a1a2c705da276edb0bf6581e7997e; jvm 1.8.0_382-b05
2023-10-08 16:27:03,424 [main] INFO  server.session (DefaultSessionIdManager.java:doStart(334)) - DefaultSessionIdManager workerName=node0
2023-10-08 16:27:03,424 [main] INFO  server.session (DefaultSessionIdManager.java:doStart(339)) - No SessionScavenger set, using defaults
2023-10-08 16:27:03,425 [main] INFO  server.session (HouseKeeper.java:startScavenging(132)) - node0 Scavenging every 600000ms
2023-10-08 16:27:03,426 [main] INFO  handler.ContextHandler (ContextHandler.java:doStart(921)) - Started o.e.j.s.ServletContextHandler@1777a76a{logs,/logs,file:///home/runner/work/ozone/ozone/hadoop-ozone/integration-test/target/log,AVAILABLE}
2023-10-08 16:27:03,427 [main] INFO  handler.ContextHandler (ContextHandler.java:doStart(921)) - Started o.e.j.s.ServletContextHandler@41850d76{static,/static,jar:file:/home/runner/.m2/repository/org/apache/ozone/hdds-container-service/1.4.0-SNAPSHOT/hdds-container-service-1.4.0-SNAPSHOT.jar!/webapps/static,AVAILABLE}
2023-10-08 16:27:03,621 [main] INFO  handler.ContextHandler (ContextHandler.java:doStart(921)) - Started o.e.j.w.WebAppContext@53b6d9{hddsDatanode,/,file:///home/runner/work/ozone/ozone/hadoop-ozone/integration-test/target/test-dir/MiniOzoneClusterImpl-c8a21aad-f255-4385-b304-f7d4bfe38451/datanode-2/meta/webserver/jetty-0_0_0_0-15035-hdds-container-service-1_4_0-SNAPSHOT_jar-_-any-3344033069869588579/webapp/,AVAILABLE}{jar:file:/home/runner/.m2/repository/org/apache/ozone/hdds-container-service/1.4.0-SNAPSHOT/hdds-container-service-1.4.0-SNAPSHOT.jar!/webapps/hddsDatanode}
2023-10-08 16:27:03,622 [main] INFO  server.AbstractConnector (AbstractConnector.java:doStart(333)) - Started ServerConnector@2adb2ef4{HTTP/1.1, (http/1.1)}{0.0.0.0:15035}
2023-10-08 16:27:03,623 [main] INFO  server.Server (Server.java:doStart(415)) - Started @12116ms
2023-10-08 16:27:03,623 [main] WARN  impl.MetricsSystemImpl (MetricsSystemImpl.java:register(279)) - Sink prometheus already exists!
2023-10-08 16:27:03,623 [main] INFO  http.BaseHttpServer (BaseHttpServer.java:updateConnectorAddress(354)) - HTTP server of hddsDatanode listening at http://0.0.0.0:15035
2023-10-08 16:27:03,624 [main] INFO  ipc.CallQueueManager (CallQueueManager.java:<init>(90)) - Using callQueue: class java.util.concurrent.LinkedBlockingQueue, queueCapacity: 100, scheduler: class org.apache.hadoop.ipc.DefaultRpcScheduler, ipcBackoff: false.
2023-10-08 16:27:03,624 [main] INFO  ipc.Server (Server.java:<init>(1287)) - Listener at 0.0.0.0:15036
2023-10-08 16:27:03,625 [Socket Reader #1 for port 15036] INFO  ipc.Server (Server.java:run(1323)) - Starting Socket Reader #1 for port 15036
2023-10-08 16:27:03,627 [main] INFO  ozone.HddsDatanodeService (HddsDatanodeService.java:start(325)) - Datanode start with admins: [*, runner]
2023-10-08 16:27:03,627 [main] INFO  ozone.HddsDatanodeClientProtocolServer (HddsDatanodeClientProtocolServer.java:start(72)) - RPC server for Client /0.0.0.0:15036
2023-10-08 16:27:03,628 [IPC Server Responder] INFO  ipc.Server (Server.java:run(1562)) - IPC Server Responder: starting
2023-10-08 16:27:03,628 [IPC Server listener on 15036] INFO  ipc.Server (Server.java:run(1402)) - IPC Server listener on 15036: starting
2023-10-08 16:27:03,630 [main] INFO  ozone.MiniOzoneClusterImpl (MiniOzoneClusterImpl.java:lambda$waitForClusterToBeReady$0(229)) - Waiting for nodes to be ready. Got 0 of 3 DN Heartbeats.
2023-10-08 16:27:03,629 [Datanode State Machine Daemon Thread] INFO  statemachine.DatanodeStateMachine (DatanodeStateMachine.java:lambda$startDaemon$1(546)) - Ozone container server started.
2023-10-08 16:27:03,630 [main] INFO  ozone.MiniOzoneClusterImpl (MiniOzoneClusterImpl.java:lambda$waitForClusterToBeReady$0(232)) - Waiting for cluster to exit safe mode
2023-10-08 16:27:03,632 [main] INFO  ozone.MiniOzoneClusterImpl (MiniOzoneClusterImpl.java:lambda$waitForClusterToBeReady$0(234)) - SCM became leader
2023-10-08 16:27:03,636 [Datanode State Machine Task Thread - 0] INFO  datanode.InitDatanodeState (InitDatanodeState.java:persistContainerDatanodeDetails(138)) - DatanodeDetails is persisted to /home/runner/work/ozone/ozone/hadoop-ozone/integration-test/target/test-dir/MiniOzoneClusterImpl-c8a21aad-f255-4385-b304-f7d4bfe38451/datanode-2/meta/datanode.id
2023-10-08 16:27:04,385 [omNode-3@group-523986131536-FollowerState] INFO  server.RaftServerConfigKeys (ConfUtils.java:logFallback(53)) - raft.server.rpc.first-election.timeout.min = 1s (fallback to raft.server.rpc.timeout.min)
2023-10-08 16:27:04,385 [omNode-3@group-523986131536-FollowerState] INFO  server.RaftServerConfigKeys (ConfUtils.java:logFallback(53)) - raft.server.rpc.first-election.timeout.max = 1200ms (fallback to raft.server.rpc.timeout.max)
2023-10-08 16:27:04,632 [main] INFO  ozone.MiniOzoneClusterImpl (MiniOzoneClusterImpl.java:lambda$waitForClusterToBeReady$0(229)) - Waiting for nodes to be ready. Got 0 of 3 DN Heartbeats.
2023-10-08 16:27:04,632 [main] INFO  ozone.MiniOzoneClusterImpl (MiniOzoneClusterImpl.java:lambda$waitForClusterToBeReady$0(232)) - Waiting for cluster to exit safe mode
2023-10-08 16:27:04,632 [main] INFO  ozone.MiniOzoneClusterImpl (MiniOzoneClusterImpl.java:lambda$waitForClusterToBeReady$0(234)) - SCM became leader
2023-10-08 16:27:05,127 [EndpointStateMachine task thread for /0.0.0.0:15002 - 0 ] INFO  utils.DatanodeStoreCache (DatanodeStoreCache.java:addDB(66)) - Added db /home/runner/work/ozone/ozone/hadoop-ozone/integration-test/target/test-dir/MiniOzoneClusterImpl-c8a21aad-f255-4385-b304-f7d4bfe38451/datanode-0/data-0/containers/hdds/c8a21aad-f255-4385-b304-f7d4bfe38451/DS-e5ab635b-0b73-4d12-8236-2d8b18eba055/container.db to cache
2023-10-08 16:27:05,127 [EndpointStateMachine task thread for /0.0.0.0:15002 - 0 ] INFO  volume.HddsVolume (HddsVolume.java:createDbStore(422)) - SchemaV3 db is created and loaded at /home/runner/work/ozone/ozone/hadoop-ozone/integration-test/target/test-dir/MiniOzoneClusterImpl-c8a21aad-f255-4385-b304-f7d4bfe38451/datanode-0/data-0/containers/hdds/c8a21aad-f255-4385-b304-f7d4bfe38451/DS-e5ab635b-0b73-4d12-8236-2d8b18eba055/container.db for volume DS-e5ab635b-0b73-4d12-8236-2d8b18eba055
2023-10-08 16:27:05,131 [EndpointStateMachine task thread for /0.0.0.0:15002 - 0 ] INFO  volume.ThrottledAsyncChecker (ThrottledAsyncChecker.java:schedule(141)) - Scheduling a check for /home/runner/work/ozone/ozone/hadoop-ozone/integration-test/target/test-dir/MiniOzoneClusterImpl-c8a21aad-f255-4385-b304-f7d4bfe38451/datanode-0/data-0/containers/hdds
2023-10-08 16:27:05,149 [EndpointStateMachine task thread for /0.0.0.0:15002 - 0 ] INFO  volume.StorageVolumeChecker (StorageVolumeChecker.java:checkAllVolumes(213)) - Scheduled health check for volume /home/runner/work/ozone/ozone/hadoop-ozone/integration-test/target/test-dir/MiniOzoneClusterImpl-c8a21aad-f255-4385-b304-f7d4bfe38451/datanode-0/data-0/containers/hdds
2023-10-08 16:27:05,153 [EndpointStateMachine task thread for /0.0.0.0:15002 - 0 ] INFO  volume.ThrottledAsyncChecker (ThrottledAsyncChecker.java:schedule(141)) - Scheduling a check for /home/runner/work/ozone/ozone/hadoop-ozone/integration-test/target/test-dir/MiniOzoneClusterImpl-c8a21aad-f255-4385-b304-f7d4bfe38451/datanode-0/data/ratis
2023-10-08 16:27:05,153 [EndpointStateMachine task thread for /0.0.0.0:15002 - 0 ] INFO  volume.StorageVolumeChecker (StorageVolumeChecker.java:checkAllVolumes(213)) - Scheduled health check for volume /home/runner/work/ozone/ozone/hadoop-ozone/integration-test/target/test-dir/MiniOzoneClusterImpl-c8a21aad-f255-4385-b304-f7d4bfe38451/datanode-0/data/ratis
2023-10-08 16:27:05,155 [EndpointStateMachine task thread for /0.0.0.0:15002 - 0 ] INFO  ozoneimpl.OzoneContainer (OzoneContainer.java:start(430)) - Attempting to start container services.
2023-10-08 16:27:05,158 [EndpointStateMachine task thread for /0.0.0.0:15002 - 0 ] INFO  ozoneimpl.OzoneContainer (OzoneContainer.java:startContainerScrub(326)) - Scheduled background container scanners and the on-demand container scanner have been disabled.
2023-10-08 16:27:05,160 [EndpointStateMachine task thread for /0.0.0.0:15002 - 0 ] INFO  replication.ReplicationServer (ReplicationServer.java:start(134)) - ReplicationServer is started using port 15024
2023-10-08 16:27:05,160 [EndpointStateMachine task thread for /0.0.0.0:15002 - 0 ] INFO  ratis.XceiverServerRatis (XceiverServerRatis.java:start(517)) - Starting XceiverServerRatis a831d948-6e5a-44aa-8e9b-507a09ef5801
2023-10-08 16:27:05,161 [EndpointStateMachine task thread for /0.0.0.0:15002 - 0 ] INFO  server.RaftServer (RaftServerProxy.java:startImpl(400)) - a831d948-6e5a-44aa-8e9b-507a09ef5801: start RPC server
2023-10-08 16:27:05,162 [EndpointStateMachine task thread for /0.0.0.0:15002 - 0 ] INFO  server.GrpcService (GrpcService.java:startImpl(302)) - a831d948-6e5a-44aa-8e9b-507a09ef5801: GrpcService started, listening on 15020
2023-10-08 16:27:05,164 [EndpointStateMachine task thread for /0.0.0.0:15002 - 0 ] INFO  server.GrpcService (GrpcService.java:startImpl(302)) - a831d948-6e5a-44aa-8e9b-507a09ef5801: GrpcService started, listening on 15022
2023-10-08 16:27:05,166 [EndpointStateMachine task thread for /0.0.0.0:15002 - 0 ] INFO  server.GrpcService (GrpcService.java:startImpl(302)) - a831d948-6e5a-44aa-8e9b-507a09ef5801: GrpcService started, listening on 15021
2023-10-08 16:27:05,166 [EndpointStateMachine task thread for /0.0.0.0:15002 - 0 ] INFO  ratis.XceiverServerRatis (XceiverServerRatis.java:getRealPort(543)) - XceiverServerRatis a831d948-6e5a-44aa-8e9b-507a09ef5801 is started using port 15020 for RATIS
2023-10-08 16:27:05,166 [EndpointStateMachine task thread for /0.0.0.0:15002 - 0 ] INFO  ratis.XceiverServerRatis (XceiverServerRatis.java:getRealPort(543)) - XceiverServerRatis a831d948-6e5a-44aa-8e9b-507a09ef5801 is started using port 15021 for RATIS_ADMIN
2023-10-08 16:27:05,166 [EndpointStateMachine task thread for /0.0.0.0:15002 - 0 ] INFO  ratis.XceiverServerRatis (XceiverServerRatis.java:getRealPort(543)) - XceiverServerRatis a831d948-6e5a-44aa-8e9b-507a09ef5801 is started using port 15022 for RATIS_SERVER
2023-10-08 16:27:05,166 [EndpointStateMachine task thread for /0.0.0.0:15002 - 0 ] INFO  ratis.XceiverServerRatis (XceiverServerRatis.java:getRealPort(543)) - XceiverServerRatis a831d948-6e5a-44aa-8e9b-507a09ef5801 is started using port 15023 for RATIS_DATASTREAM
2023-10-08 16:27:05,167 [JvmPauseMonitor4] INFO  util.JvmPauseMonitor (JvmPauseMonitor.java:run(103)) - JvmPauseMonitor-a831d948-6e5a-44aa-8e9b-507a09ef5801: Started
2023-10-08 16:27:05,182 [BlockDeletingService#0] INFO  interfaces.ContainerDeletionChoosingPolicyTemplate (ContainerDeletionChoosingPolicyTemplate.java:chooseContainerForBlockDeletion(85)) - Chosen 0/5000 blocks from 0 candidate containers.
2023-10-08 16:27:05,373 [EndpointStateMachine task thread for /0.0.0.0:15002 - 0 ] INFO  utils.DatanodeStoreCache (DatanodeStoreCache.java:addDB(66)) - Added db /home/runner/work/ozone/ozone/hadoop-ozone/integration-test/target/test-dir/MiniOzoneClusterImpl-c8a21aad-f255-4385-b304-f7d4bfe38451/datanode-1/data-0/containers/hdds/c8a21aad-f255-4385-b304-f7d4bfe38451/DS-13e28a02-b1d9-4ba2-afd9-a0f09e410249/container.db to cache
2023-10-08 16:27:05,373 [EndpointStateMachine task thread for /0.0.0.0:15002 - 0 ] INFO  volume.HddsVolume (HddsVolume.java:createDbStore(422)) - SchemaV3 db is created and loaded at /home/runner/work/ozone/ozone/hadoop-ozone/integration-test/target/test-dir/MiniOzoneClusterImpl-c8a21aad-f255-4385-b304-f7d4bfe38451/datanode-1/data-0/containers/hdds/c8a21aad-f255-4385-b304-f7d4bfe38451/DS-13e28a02-b1d9-4ba2-afd9-a0f09e410249/container.db for volume DS-13e28a02-b1d9-4ba2-afd9-a0f09e410249
2023-10-08 16:27:05,375 [EndpointStateMachine task thread for /0.0.0.0:15002 - 0 ] INFO  volume.ThrottledAsyncChecker (ThrottledAsyncChecker.java:schedule(141)) - Scheduling a check for /home/runner/work/ozone/ozone/hadoop-ozone/integration-test/target/test-dir/MiniOzoneClusterImpl-c8a21aad-f255-4385-b304-f7d4bfe38451/datanode-1/data-0/containers/hdds
2023-10-08 16:27:05,378 [EndpointStateMachine task thread for /0.0.0.0:15002 - 0 ] INFO  volume.StorageVolumeChecker (StorageVolumeChecker.java:checkAllVolumes(213)) - Scheduled health check for volume /home/runner/work/ozone/ozone/hadoop-ozone/integration-test/target/test-dir/MiniOzoneClusterImpl-c8a21aad-f255-4385-b304-f7d4bfe38451/datanode-1/data-0/containers/hdds
2023-10-08 16:27:05,380 [EndpointStateMachine task thread for /0.0.0.0:15002 - 0 ] INFO  volume.ThrottledAsyncChecker (ThrottledAsyncChecker.java:schedule(141)) - Scheduling a check for /home/runner/work/ozone/ozone/hadoop-ozone/integration-test/target/test-dir/MiniOzoneClusterImpl-c8a21aad-f255-4385-b304-f7d4bfe38451/datanode-1/data/ratis
2023-10-08 16:27:05,380 [EndpointStateMachine task thread for /0.0.0.0:15002 - 0 ] INFO  volume.StorageVolumeChecker (StorageVolumeChecker.java:checkAllVolumes(213)) - Scheduled health check for volume /home/runner/work/ozone/ozone/hadoop-ozone/integration-test/target/test-dir/MiniOzoneClusterImpl-c8a21aad-f255-4385-b304-f7d4bfe38451/datanode-1/data/ratis
2023-10-08 16:27:05,381 [EndpointStateMachine task thread for /0.0.0.0:15002 - 0 ] INFO  ozoneimpl.OzoneContainer (OzoneContainer.java:start(430)) - Attempting to start container services.
2023-10-08 16:27:05,382 [EndpointStateMachine task thread for /0.0.0.0:15002 - 0 ] INFO  ozoneimpl.OzoneContainer (OzoneContainer.java:startContainerScrub(326)) - Scheduled background container scanners and the on-demand container scanner have been disabled.
2023-10-08 16:27:05,384 [EndpointStateMachine task thread for /0.0.0.0:15002 - 0 ] INFO  replication.ReplicationServer (ReplicationServer.java:start(134)) - ReplicationServer is started using port 15033
2023-10-08 16:27:05,384 [EndpointStateMachine task thread for /0.0.0.0:15002 - 0 ] INFO  ratis.XceiverServerRatis (XceiverServerRatis.java:start(517)) - Starting XceiverServerRatis 0847a53b-a5e1-4a6e-9c94-ed2bc3fb4d81
2023-10-08 16:27:05,385 [EndpointStateMachine task thread for /0.0.0.0:15002 - 0 ] INFO  server.RaftServer (RaftServerProxy.java:startImpl(400)) - 0847a53b-a5e1-4a6e-9c94-ed2bc3fb4d81: start RPC server
2023-10-08 16:27:05,391 [EndpointStateMachine task thread for /0.0.0.0:15002 - 0 ] INFO  server.GrpcService (GrpcService.java:startImpl(302)) - 0847a53b-a5e1-4a6e-9c94-ed2bc3fb4d81: GrpcService started, listening on 15029
2023-10-08 16:27:05,392 [EndpointStateMachine task thread for /0.0.0.0:15002 - 0 ] INFO  server.GrpcService (GrpcService.java:startImpl(302)) - 0847a53b-a5e1-4a6e-9c94-ed2bc3fb4d81: GrpcService started, listening on 15031
2023-10-08 16:27:05,396 [EndpointStateMachine task thread for /0.0.0.0:15002 - 0 ] INFO  server.GrpcService (GrpcService.java:startImpl(302)) - 0847a53b-a5e1-4a6e-9c94-ed2bc3fb4d81: GrpcService started, listening on 15030
2023-10-08 16:27:05,397 [EndpointStateMachine task thread for /0.0.0.0:15002 - 0 ] INFO  ratis.XceiverServerRatis (XceiverServerRatis.java:getRealPort(543)) - XceiverServerRatis 0847a53b-a5e1-4a6e-9c94-ed2bc3fb4d81 is started using port 15029 for RATIS
2023-10-08 16:27:05,397 [JvmPauseMonitor5] INFO  util.JvmPauseMonitor (JvmPauseMonitor.java:run(103)) - JvmPauseMonitor-0847a53b-a5e1-4a6e-9c94-ed2bc3fb4d81: Started
2023-10-08 16:27:05,397 [EndpointStateMachine task thread for /0.0.0.0:15002 - 0 ] INFO  ratis.XceiverServerRatis (XceiverServerRatis.java:getRealPort(543)) - XceiverServerRatis 0847a53b-a5e1-4a6e-9c94-ed2bc3fb4d81 is started using port 15030 for RATIS_ADMIN
2023-10-08 16:27:05,398 [EndpointStateMachine task thread for /0.0.0.0:15002 - 0 ] INFO  ratis.XceiverServerRatis (XceiverServerRatis.java:getRealPort(543)) - XceiverServerRatis 0847a53b-a5e1-4a6e-9c94-ed2bc3fb4d81 is started using port 15031 for RATIS_SERVER
2023-10-08 16:27:05,398 [EndpointStateMachine task thread for /0.0.0.0:15002 - 0 ] INFO  ratis.XceiverServerRatis (XceiverServerRatis.java:getRealPort(543)) - XceiverServerRatis 0847a53b-a5e1-4a6e-9c94-ed2bc3fb4d81 is started using port 15032 for RATIS_DATASTREAM
2023-10-08 16:27:05,404 [BlockDeletingService#0] INFO  interfaces.ContainerDeletionChoosingPolicyTemplate (ContainerDeletionChoosingPolicyTemplate.java:chooseContainerForBlockDeletion(85)) - Chosen 0/5000 blocks from 0 candidate containers.
2023-10-08 16:27:05,540 [omNode-3@group-523986131536-FollowerState] INFO  server.RaftServerConfigKeys (ConfUtils.java:logFallback(53)) - raft.server.rpc.first-election.timeout.min = 1s (fallback to raft.server.rpc.timeout.min)
2023-10-08 16:27:05,540 [omNode-3@group-523986131536-FollowerState] INFO  server.RaftServerConfigKeys (ConfUtils.java:logFallback(53)) - raft.server.rpc.first-election.timeout.max = 1200ms (fallback to raft.server.rpc.timeout.max)
2023-10-08 16:27:05,633 [main] INFO  ozone.MiniOzoneClusterImpl (MiniOzoneClusterImpl.java:lambda$waitForClusterToBeReady$0(229)) - Waiting for nodes to be ready. Got 0 of 3 DN Heartbeats.
2023-10-08 16:27:05,633 [main] INFO  ozone.MiniOzoneClusterImpl (MiniOzoneClusterImpl.java:lambda$waitForClusterToBeReady$0(232)) - Waiting for cluster to exit safe mode
2023-10-08 16:27:05,633 [main] INFO  ozone.MiniOzoneClusterImpl (MiniOzoneClusterImpl.java:lambda$waitForClusterToBeReady$0(234)) - SCM became leader
2023-10-08 16:27:05,717 [EndpointStateMachine task thread for /0.0.0.0:15002 - 0 ] INFO  utils.DatanodeStoreCache (DatanodeStoreCache.java:addDB(66)) - Added db /home/runner/work/ozone/ozone/hadoop-ozone/integration-test/target/test-dir/MiniOzoneClusterImpl-c8a21aad-f255-4385-b304-f7d4bfe38451/datanode-2/data-0/containers/hdds/c8a21aad-f255-4385-b304-f7d4bfe38451/DS-c11b93d8-715f-4e70-a351-eb196ddc4cef/container.db to cache
2023-10-08 16:27:05,717 [EndpointStateMachine task thread for /0.0.0.0:15002 - 0 ] INFO  volume.HddsVolume (HddsVolume.java:createDbStore(422)) - SchemaV3 db is created and loaded at /home/runner/work/ozone/ozone/hadoop-ozone/integration-test/target/test-dir/MiniOzoneClusterImpl-c8a21aad-f255-4385-b304-f7d4bfe38451/datanode-2/data-0/containers/hdds/c8a21aad-f255-4385-b304-f7d4bfe38451/DS-c11b93d8-715f-4e70-a351-eb196ddc4cef/container.db for volume DS-c11b93d8-715f-4e70-a351-eb196ddc4cef
2023-10-08 16:27:05,717 [EndpointStateMachine task thread for /0.0.0.0:15002 - 0 ] INFO  volume.ThrottledAsyncChecker (ThrottledAsyncChecker.java:schedule(141)) - Scheduling a check for /home/runner/work/ozone/ozone/hadoop-ozone/integration-test/target/test-dir/MiniOzoneClusterImpl-c8a21aad-f255-4385-b304-f7d4bfe38451/datanode-2/data-0/containers/hdds
2023-10-08 16:27:05,748 [EndpointStateMachine task thread for /0.0.0.0:15002 - 0 ] INFO  volume.StorageVolumeChecker (StorageVolumeChecker.java:checkAllVolumes(213)) - Scheduled health check for volume /home/runner/work/ozone/ozone/hadoop-ozone/integration-test/target/test-dir/MiniOzoneClusterImpl-c8a21aad-f255-4385-b304-f7d4bfe38451/datanode-2/data-0/containers/hdds
2023-10-08 16:27:05,753 [EndpointStateMachine task thread for /0.0.0.0:15002 - 0 ] INFO  volume.ThrottledAsyncChecker (ThrottledAsyncChecker.java:schedule(141)) - Scheduling a check for /home/runner/work/ozone/ozone/hadoop-ozone/integration-test/target/test-dir/MiniOzoneClusterImpl-c8a21aad-f255-4385-b304-f7d4bfe38451/datanode-2/data/ratis
2023-10-08 16:27:05,753 [EndpointStateMachine task thread for /0.0.0.0:15002 - 0 ] INFO  volume.StorageVolumeChecker (StorageVolumeChecker.java:checkAllVolumes(213)) - Scheduled health check for volume /home/runner/work/ozone/ozone/hadoop-ozone/integration-test/target/test-dir/MiniOzoneClusterImpl-c8a21aad-f255-4385-b304-f7d4bfe38451/datanode-2/data/ratis
2023-10-08 16:27:05,755 [EndpointStateMachine task thread for /0.0.0.0:15002 - 0 ] INFO  ozoneimpl.OzoneContainer (OzoneContainer.java:start(430)) - Attempting to start container services.
2023-10-08 16:27:05,755 [EndpointStateMachine task thread for /0.0.0.0:15002 - 0 ] INFO  ozoneimpl.OzoneContainer (OzoneContainer.java:startContainerScrub(326)) - Scheduled background container scanners and the on-demand container scanner have been disabled.
2023-10-08 16:27:05,757 [EndpointStateMachine task thread for /0.0.0.0:15002 - 0 ] INFO  replication.ReplicationServer (ReplicationServer.java:start(134)) - ReplicationServer is started using port 15042
2023-10-08 16:27:05,757 [EndpointStateMachine task thread for /0.0.0.0:15002 - 0 ] INFO  ratis.XceiverServerRatis (XceiverServerRatis.java:start(517)) - Starting XceiverServerRatis 428a18af-32d9-48f2-b55a-04ca97c8809a
2023-10-08 16:27:05,760 [EndpointStateMachine task thread for /0.0.0.0:15002 - 0 ] INFO  server.RaftServer (RaftServerProxy.java:startImpl(400)) - 428a18af-32d9-48f2-b55a-04ca97c8809a: start RPC server
2023-10-08 16:27:05,766 [EndpointStateMachine task thread for /0.0.0.0:15002 - 0 ] INFO  server.GrpcService (GrpcService.java:startImpl(302)) - 428a18af-32d9-48f2-b55a-04ca97c8809a: GrpcService started, listening on 15038
2023-10-08 16:27:05,769 [EndpointStateMachine task thread for /0.0.0.0:15002 - 0 ] INFO  server.GrpcService (GrpcService.java:startImpl(302)) - 428a18af-32d9-48f2-b55a-04ca97c8809a: GrpcService started, listening on 15040
2023-10-08 16:27:05,771 [EndpointStateMachine task thread for /0.0.0.0:15002 - 0 ] INFO  server.GrpcService (GrpcService.java:startImpl(302)) - 428a18af-32d9-48f2-b55a-04ca97c8809a: GrpcService started, listening on 15039
2023-10-08 16:27:05,775 [EndpointStateMachine task thread for /0.0.0.0:15002 - 0 ] INFO  ratis.XceiverServerRatis (XceiverServerRatis.java:getRealPort(543)) - XceiverServerRatis 428a18af-32d9-48f2-b55a-04ca97c8809a is started using port 15038 for RATIS
2023-10-08 16:27:05,775 [EndpointStateMachine task thread for /0.0.0.0:15002 - 0 ] INFO  ratis.XceiverServerRatis (XceiverServerRatis.java:getRealPort(543)) - XceiverServerRatis 428a18af-32d9-48f2-b55a-04ca97c8809a is started using port 15039 for RATIS_ADMIN
2023-10-08 16:27:05,775 [EndpointStateMachine task thread for /0.0.0.0:15002 - 0 ] INFO  ratis.XceiverServerRatis (XceiverServerRatis.java:getRealPort(543)) - XceiverServerRatis 428a18af-32d9-48f2-b55a-04ca97c8809a is started using port 15040 for RATIS_SERVER
2023-10-08 16:27:05,775 [EndpointStateMachine task thread for /0.0.0.0:15002 - 0 ] INFO  ratis.XceiverServerRatis (XceiverServerRatis.java:getRealPort(543)) - XceiverServerRatis 428a18af-32d9-48f2-b55a-04ca97c8809a is started using port 15041 for RATIS_DATASTREAM
2023-10-08 16:27:05,775 [JvmPauseMonitor6] INFO  util.JvmPauseMonitor (JvmPauseMonitor.java:run(103)) - JvmPauseMonitor-428a18af-32d9-48f2-b55a-04ca97c8809a: Started
2023-10-08 16:27:05,798 [BlockDeletingService#0] INFO  interfaces.ContainerDeletionChoosingPolicyTemplate (ContainerDeletionChoosingPolicyTemplate.java:chooseContainerForBlockDeletion(85)) - Chosen 0/5000 blocks from 0 candidate containers.
2023-10-08 16:27:06,582 [omNode-3@group-523986131536-FollowerState] INFO  server.RaftServerConfigKeys (ConfUtils.java:logFallback(53)) - raft.server.rpc.first-election.timeout.min = 1s (fallback to raft.server.rpc.timeout.min)
2023-10-08 16:27:06,582 [omNode-3@group-523986131536-FollowerState] INFO  server.RaftServerConfigKeys (ConfUtils.java:logFallback(53)) - raft.server.rpc.first-election.timeout.max = 1200ms (fallback to raft.server.rpc.timeout.max)
2023-10-08 16:27:06,633 [main] INFO  ozone.MiniOzoneClusterImpl (MiniOzoneClusterImpl.java:lambda$waitForClusterToBeReady$0(229)) - Waiting for nodes to be ready. Got 0 of 3 DN Heartbeats.
2023-10-08 16:27:06,634 [main] INFO  ozone.MiniOzoneClusterImpl (MiniOzoneClusterImpl.java:lambda$waitForClusterToBeReady$0(232)) - Waiting for cluster to exit safe mode
2023-10-08 16:27:06,634 [main] INFO  ozone.MiniOzoneClusterImpl (MiniOzoneClusterImpl.java:lambda$waitForClusterToBeReady$0(234)) - SCM became leader
2023-10-08 16:27:06,992 [IPC Server handler 16 on default port 15002] INFO  net.NetworkTopologyImpl (NetworkTopologyImpl.java:add(112)) - Added a new node: /default-rack/a831d948-6e5a-44aa-8e9b-507a09ef5801
2023-10-08 16:27:06,994 [IPC Server handler 16 on default port 15002] INFO  node.SCMNodeManager (SCMNodeManager.java:register(405)) - Registered Data node : a831d948-6e5a-44aa-8e9b-507a09ef5801{ip: 10.1.0.4, host: fv-az550-77.qithejtrr10ubpvvucuf4evp0f.bx.internal.cloudapp.net, ports: [HTTP=15017, CLIENT_RPC=15018, REPLICATION=15024, RATIS=15020, RATIS_ADMIN=15021, RATIS_SERVER=15022, RATIS_DATASTREAM=15023, STANDALONE=15019], networkLocation: /default-rack, certSerialId: null, persistedOpState: null, persistedOpStateExpiryEpochSec: 0}
2023-10-08 16:27:06,999 [EventQueue-NewNodeForNewNodeHandler] INFO  pipeline.BackgroundPipelineCreator (BackgroundPipelineCreator.java:notifyEventTriggered(277)) - trigger a one-shot run on RatisPipelineUtilsThread.
2023-10-08 16:27:07,004 [EventQueue-NodeRegistrationContainerReportForDataNodeSafeModeRule] INFO  safemode.SCMSafeModeManager (DataNodeSafeModeRule.java:process(71)) - SCM in safe mode. 1 DataNodes registered, 3 required.
2023-10-08 16:27:07,004 [EventQueue-NodeRegistrationContainerReportForContainerSafeModeRule] INFO  safemode.SCMSafeModeManager (SCMSafeModeManager.java:validateSafeModeExitRules(200)) - ContainerSafeModeRule rule is successfully validated
2023-10-08 16:27:07,011 [RatisPipelineUtilsThread - 0] INFO  pipeline.RatisPipelineProvider (RatisPipelineProvider.java:lambda$create$0(206)) - Sending CreatePipelineCommand for pipeline:PipelineID=cb0b3c8e-01c5-40e8-b8e0-3bdd1a690ac2 to datanode:a831d948-6e5a-44aa-8e9b-507a09ef5801
2023-10-08 16:27:07,015 [EventQueue-PipelineReportForOneReplicaPipelineSafeModeRule] INFO  safemode.SCMSafeModeManager (SCMSafeModeManager.java:validateSafeModeExitRules(200)) - AtleastOneDatanodeReportedRule rule is successfully validated
2023-10-08 16:27:07,027 [RatisPipelineUtilsThread - 0] INFO  pipeline.BackgroundPipelineCreator (BackgroundPipelineCreator.java:createPipelines(233)) - Created new pipeline Pipeline[ Id: cb0b3c8e-01c5-40e8-b8e0-3bdd1a690ac2, Nodes: a831d948-6e5a-44aa-8e9b-507a09ef5801(fv-az550-77.qithejtrr10ubpvvucuf4evp0f.bx.internal.cloudapp.net/10.1.0.4), ReplicationConfig: RATIS/ONE, State:ALLOCATED, leaderId:, CreationTimestamp2023-10-08T16:27:07.010Z[Etc/UTC]]
2023-10-08 16:27:07,339 [IPC Server handler 19 on default port 15002] INFO  net.NetworkTopologyImpl (NetworkTopologyImpl.java:add(112)) - Added a new node: /default-rack/0847a53b-a5e1-4a6e-9c94-ed2bc3fb4d81
2023-10-08 16:27:07,340 [IPC Server handler 19 on default port 15002] INFO  node.SCMNodeManager (SCMNodeManager.java:register(405)) - Registered Data node : 0847a53b-a5e1-4a6e-9c94-ed2bc3fb4d81{ip: 10.1.0.4, host: fv-az550-77.qithejtrr10ubpvvucuf4evp0f.bx.internal.cloudapp.net, ports: [HTTP=15026, CLIENT_RPC=15027, REPLICATION=15033, RATIS=15029, RATIS_ADMIN=15030, RATIS_SERVER=15031, RATIS_DATASTREAM=15032, STANDALONE=15028], networkLocation: /default-rack, certSerialId: null, persistedOpState: null, persistedOpStateExpiryEpochSec: 0}
2023-10-08 16:27:07,340 [EventQueue-NodeRegistrationContainerReportForDataNodeSafeModeRule] INFO  safemode.SCMSafeModeManager (DataNodeSafeModeRule.java:process(71)) - SCM in safe mode. 2 DataNodes registered, 3 required.
2023-10-08 16:27:07,340 [EventQueue-NewNodeForNewNodeHandler] INFO  pipeline.BackgroundPipelineCreator (BackgroundPipelineCreator.java:notifyEventTriggered(277)) - trigger a one-shot run on RatisPipelineUtilsThread.
2023-10-08 16:27:07,342 [RatisPipelineUtilsThread - 0] INFO  pipeline.RatisPipelineProvider (RatisPipelineProvider.java:lambda$create$0(206)) - Sending CreatePipelineCommand for pipeline:PipelineID=1d55becc-6070-4a0b-9826-8d04e8578708 to datanode:0847a53b-a5e1-4a6e-9c94-ed2bc3fb4d81
2023-10-08 16:27:07,344 [RatisPipelineUtilsThread - 0] INFO  pipeline.BackgroundPipelineCreator (BackgroundPipelineCreator.java:createPipelines(233)) - Created new pipeline Pipeline[ Id: 1d55becc-6070-4a0b-9826-8d04e8578708, Nodes: 0847a53b-a5e1-4a6e-9c94-ed2bc3fb4d81(fv-az550-77.qithejtrr10ubpvvucuf4evp0f.bx.internal.cloudapp.net/10.1.0.4), ReplicationConfig: RATIS/ONE, State:ALLOCATED, leaderId:, CreationTimestamp2023-10-08T16:27:07.342Z[Etc/UTC]]
2023-10-08 16:27:07,619 [omNode-3@group-523986131536-FollowerState] INFO  server.RaftServerConfigKeys (ConfUtils.java:logFallback(53)) - raft.server.rpc.first-election.timeout.min = 1s (fallback to raft.server.rpc.timeout.min)
2023-10-08 16:27:07,620 [omNode-3@group-523986131536-FollowerState] INFO  server.RaftServerConfigKeys (ConfUtils.java:logFallback(53)) - raft.server.rpc.first-election.timeout.max = 1200ms (fallback to raft.server.rpc.timeout.max)
2023-10-08 16:27:07,634 [main] INFO  ozone.MiniOzoneClusterImpl (MiniOzoneClusterImpl.java:lambda$waitForClusterToBeReady$0(229)) - Waiting for nodes to be ready. Got 2 of 3 DN Heartbeats.
2023-10-08 16:27:07,634 [main] INFO  ozone.MiniOzoneClusterImpl (MiniOzoneClusterImpl.java:lambda$waitForClusterToBeReady$0(232)) - Waiting for cluster to exit safe mode
2023-10-08 16:27:07,634 [main] INFO  ozone.MiniOzoneClusterImpl (MiniOzoneClusterImpl.java:lambda$waitForClusterToBeReady$0(234)) - SCM became leader
2023-10-08 16:27:07,638 [IPC Server handler 17 on default port 15002] INFO  net.NetworkTopologyImpl (NetworkTopologyImpl.java:add(112)) - Added a new node: /default-rack/428a18af-32d9-48f2-b55a-04ca97c8809a
2023-10-08 16:27:07,638 [IPC Server handler 17 on default port 15002] INFO  node.SCMNodeManager (SCMNodeManager.java:register(405)) - Registered Data node : 428a18af-32d9-48f2-b55a-04ca97c8809a{ip: 10.1.0.4, host: fv-az550-77.qithejtrr10ubpvvucuf4evp0f.bx.internal.cloudapp.net, ports: [HTTP=15035, CLIENT_RPC=15036, REPLICATION=15042, RATIS=15038, RATIS_ADMIN=15039, RATIS_SERVER=15040, RATIS_DATASTREAM=15041, STANDALONE=15037], networkLocation: /default-rack, certSerialId: null, persistedOpState: null, persistedOpStateExpiryEpochSec: 0}
2023-10-08 16:27:07,638 [EventQueue-NewNodeForNewNodeHandler] INFO  pipeline.BackgroundPipelineCreator (BackgroundPipelineCreator.java:notifyEventTriggered(277)) - trigger a one-shot run on RatisPipelineUtilsThread.
2023-10-08 16:27:07,638 [EventQueue-NodeRegistrationContainerReportForDataNodeSafeModeRule] INFO  safemode.SCMSafeModeManager (DataNodeSafeModeRule.java:process(71)) - SCM in safe mode. 3 DataNodes registered, 3 required.
2023-10-08 16:27:07,639 [EventQueue-NodeRegistrationContainerReportForDataNodeSafeModeRule] INFO  safemode.SCMSafeModeManager (SCMSafeModeManager.java:validateSafeModeExitRules(200)) - DataNodeSafeModeRule rule is successfully validated
2023-10-08 16:27:07,639 [EventQueue-NodeRegistrationContainerReportForDataNodeSafeModeRule] INFO  safemode.SCMSafeModeManager (SCMSafeModeManager.java:completePreCheck(229)) - All SCM safe mode pre check rules have passed
2023-10-08 16:27:07,640 [EventQueue-NodeRegistrationContainerReportForDataNodeSafeModeRule] INFO  ha.SCMContext (SCMContext.java:updateSafeModeStatus(228)) - Update SafeModeStatus from SafeModeStatus{safeModeStatus=true, preCheckPassed=false} to SafeModeStatus{safeModeStatus=true, preCheckPassed=true}.
2023-10-08 16:27:07,640 [EventQueue-NodeRegistrationContainerReportForDataNodeSafeModeRule] INFO  pipeline.BackgroundPipelineCreator (BackgroundPipelineCreator.java:notifyEventTriggered(277)) - trigger a one-shot run on RatisPipelineUtilsThread.
2023-10-08 16:27:07,639 [RatisPipelineUtilsThread - 0] INFO  pipeline.RatisPipelineProvider (RatisPipelineProvider.java:lambda$create$0(206)) - Sending CreatePipelineCommand for pipeline:PipelineID=6e238e44-484d-4187-b04b-320c2c393b24 to datanode:428a18af-32d9-48f2-b55a-04ca97c8809a
2023-10-08 16:27:07,645 [RatisPipelineUtilsThread - 0] INFO  pipeline.BackgroundPipelineCreator (BackgroundPipelineCreator.java:createPipelines(233)) - Created new pipeline Pipeline[ Id: 6e238e44-484d-4187-b04b-320c2c393b24, Nodes: 428a18af-32d9-48f2-b55a-04ca97c8809a(fv-az550-77.qithejtrr10ubpvvucuf4evp0f.bx.internal.cloudapp.net/10.1.0.4), ReplicationConfig: RATIS/ONE, State:ALLOCATED, leaderId:, CreationTimestamp2023-10-08T16:27:07.639Z[Etc/UTC]]
2023-10-08 16:27:07,648 [RatisPipelineUtilsThread - 0] INFO  pipeline.RatisPipelineProvider (RatisPipelineProvider.java:lambda$create$0(206)) - Sending CreatePipelineCommand for pipeline:PipelineID=d8c9c998-7749-44ea-9b67-5e51bb36fb23 to datanode:a831d948-6e5a-44aa-8e9b-507a09ef5801
2023-10-08 16:27:07,649 [RatisPipelineUtilsThread - 0] INFO  pipeline.RatisPipelineProvider (RatisPipelineProvider.java:lambda$create$0(206)) - Sending CreatePipelineCommand for pipeline:PipelineID=d8c9c998-7749-44ea-9b67-5e51bb36fb23 to datanode:428a18af-32d9-48f2-b55a-04ca97c8809a
2023-10-08 16:27:07,649 [RatisPipelineUtilsThread - 0] INFO  pipeline.RatisPipelineProvider (RatisPipelineProvider.java:lambda$create$0(206)) - Sending CreatePipelineCommand for pipeline:PipelineID=d8c9c998-7749-44ea-9b67-5e51bb36fb23 to datanode:0847a53b-a5e1-4a6e-9c94-ed2bc3fb4d81
2023-10-08 16:27:07,650 [RatisPipelineUtilsThread - 0] INFO  pipeline.BackgroundPipelineCreator (BackgroundPipelineCreator.java:createPipelines(233)) - Created new pipeline Pipeline[ Id: d8c9c998-7749-44ea-9b67-5e51bb36fb23, Nodes: a831d948-6e5a-44aa-8e9b-507a09ef5801(fv-az550-77.qithejtrr10ubpvvucuf4evp0f.bx.internal.cloudapp.net/10.1.0.4)428a18af-32d9-48f2-b55a-04ca97c8809a(fv-az550-77.qithejtrr10ubpvvucuf4evp0f.bx.internal.cloudapp.net/10.1.0.4)0847a53b-a5e1-4a6e-9c94-ed2bc3fb4d81(fv-az550-77.qithejtrr10ubpvvucuf4evp0f.bx.internal.cloudapp.net/10.1.0.4), ReplicationConfig: RATIS/THREE, State:ALLOCATED, leaderId:, CreationTimestamp2023-10-08T16:27:07.648Z[Etc/UTC]]
2023-10-08 16:27:07,651 [RatisPipelineUtilsThread - 0] INFO  pipeline.RatisPipelineProvider (RatisPipelineProvider.java:lambda$create$0(206)) - Sending CreatePipelineCommand for pipeline:PipelineID=26c4aaf3-173d-4a04-bbc9-471ec6c71867 to datanode:a831d948-6e5a-44aa-8e9b-507a09ef5801
2023-10-08 16:27:07,651 [RatisPipelineUtilsThread - 0] INFO  pipeline.RatisPipelineProvider (RatisPipelineProvider.java:lambda$create$0(206)) - Sending CreatePipelineCommand for pipeline:PipelineID=26c4aaf3-173d-4a04-bbc9-471ec6c71867 to datanode:428a18af-32d9-48f2-b55a-04ca97c8809a
2023-10-08 16:27:07,652 [RatisPipelineUtilsThread - 0] INFO  pipeline.RatisPipelineProvider (RatisPipelineProvider.java:lambda$create$0(206)) - Sending CreatePipelineCommand for pipeline:PipelineID=26c4aaf3-173d-4a04-bbc9-471ec6c71867 to datanode:0847a53b-a5e1-4a6e-9c94-ed2bc3fb4d81
2023-10-08 16:27:07,653 [RatisPipelineUtilsThread - 0] INFO  pipeline.PipelineManagerImpl (PipelineManagerImpl.java:recordMetricsForPipeline(895)) - Pipeline: PipelineID=26c4aaf3-173d-4a04-bbc9-471ec6c71867 contains same datanodes as previous pipelines: PipelineID=d8c9c998-7749-44ea-9b67-5e51bb36fb23 nodeIds: a831d948-6e5a-44aa-8e9b-507a09ef5801, 428a18af-32d9-48f2-b55a-04ca97c8809a, 0847a53b-a5e1-4a6e-9c94-ed2bc3fb4d81
2023-10-08 16:27:07,653 [RatisPipelineUtilsThread - 0] INFO  pipeline.BackgroundPipelineCreator (BackgroundPipelineCreator.java:createPipelines(233)) - Created new pipeline Pipeline[ Id: 26c4aaf3-173d-4a04-bbc9-471ec6c71867, Nodes: a831d948-6e5a-44aa-8e9b-507a09ef5801(fv-az550-77.qithejtrr10ubpvvucuf4evp0f.bx.internal.cloudapp.net/10.1.0.4)428a18af-32d9-48f2-b55a-04ca97c8809a(fv-az550-77.qithejtrr10ubpvvucuf4evp0f.bx.internal.cloudapp.net/10.1.0.4)0847a53b-a5e1-4a6e-9c94-ed2bc3fb4d81(fv-az550-77.qithejtrr10ubpvvucuf4evp0f.bx.internal.cloudapp.net/10.1.0.4), ReplicationConfig: RATIS/THREE, State:ALLOCATED, leaderId:, CreationTimestamp2023-10-08T16:27:07.651Z[Etc/UTC]]
2023-10-08 16:27:08,635 [main] INFO  ozone.MiniOzoneClusterImpl (MiniOzoneClusterImpl.java:lambda$waitForClusterToBeReady$0(229)) - Nodes are ready. Got 3 of 3 DN Heartbeats.
2023-10-08 16:27:08,636 [main] INFO  ozone.MiniOzoneClusterImpl (MiniOzoneClusterImpl.java:lambda$waitForClusterToBeReady$0(232)) - Waiting for cluster to exit safe mode
2023-10-08 16:27:08,636 [main] INFO  ozone.MiniOzoneClusterImpl (MiniOzoneClusterImpl.java:lambda$waitForClusterToBeReady$0(234)) - SCM became leader
2023-10-08 16:27:08,672 [omNode-3@group-523986131536-FollowerState] INFO  server.RaftServerConfigKeys (ConfUtils.java:logFallback(53)) - raft.server.rpc.first-election.timeout.min = 1s (fallback to raft.server.rpc.timeout.min)
2023-10-08 16:27:08,673 [omNode-3@group-523986131536-FollowerState] INFO  server.RaftServerConfigKeys (ConfUtils.java:logFallback(53)) - raft.server.rpc.first-election.timeout.max = 1200ms (fallback to raft.server.rpc.timeout.max)
2023-10-08 16:27:09,636 [main] INFO  ozone.MiniOzoneClusterImpl (MiniOzoneClusterImpl.java:lambda$waitForClusterToBeReady$0(229)) - Nodes are ready. Got 3 of 3 DN Heartbeats.
2023-10-08 16:27:09,637 [main] INFO  ozone.MiniOzoneClusterImpl (MiniOzoneClusterImpl.java:lambda$waitForClusterToBeReady$0(232)) - Waiting for cluster to exit safe mode
2023-10-08 16:27:09,637 [main] INFO  ozone.MiniOzoneClusterImpl (MiniOzoneClusterImpl.java:lambda$waitForClusterToBeReady$0(234)) - SCM became leader
2023-10-08 16:27:09,799 [omNode-3@group-523986131536-FollowerState] INFO  server.RaftServerConfigKeys (ConfUtils.java:logFallback(53)) - raft.server.rpc.first-election.timeout.min = 1s (fallback to raft.server.rpc.timeout.min)
2023-10-08 16:27:09,799 [omNode-3@group-523986131536-FollowerState] INFO  server.RaftServerConfigKeys (ConfUtils.java:logFallback(53)) - raft.server.rpc.first-election.timeout.max = 1200ms (fallback to raft.server.rpc.timeout.max)
2023-10-08 16:27:09,990 [PipelineCommandHandlerThread-0] INFO  server.RaftServer (RaftServerProxy.java:addNew(98)) - a831d948-6e5a-44aa-8e9b-507a09ef5801: addNew group-3BDD1A690AC2:[a831d948-6e5a-44aa-8e9b-507a09ef5801|rpc:10.1.0.4:15022|admin:10.1.0.4:15021|client:10.1.0.4:15020|dataStream:10.1.0.4:15023|priority:1|startupRole:FOLLOWER] returns group-3BDD1A690AC2:java.util.concurrent.CompletableFuture@4731fc6c[Not completed]
2023-10-08 16:27:10,002 [a831d948-6e5a-44aa-8e9b-507a09ef5801-groupManagement] INFO  server.RaftServer$Division (RaftServerImpl.java:<init>(198)) - a831d948-6e5a-44aa-8e9b-507a09ef5801: new RaftServerImpl for group-3BDD1A690AC2:[a831d948-6e5a-44aa-8e9b-507a09ef5801|rpc:10.1.0.4:15022|admin:10.1.0.4:15021|client:10.1.0.4:15020|dataStream:10.1.0.4:15023|priority:1|startupRole:FOLLOWER] with ContainerStateMachine:uninitialized
2023-10-08 16:27:10,002 [a831d948-6e5a-44aa-8e9b-507a09ef5801-groupManagement] INFO  server.RaftServerConfigKeys (ConfUtils.java:logGet(46)) - raft.server.rpc.timeout.min = 5s (custom)
2023-10-08 16:27:10,002 [a831d948-6e5a-44aa-8e9b-507a09ef5801-groupManagement] INFO  server.RaftServerConfigKeys (ConfUtils.java:logGet(46)) - raft.server.rpc.timeout.max = 5200ms (custom)
2023-10-08 16:27:10,002 [a831d948-6e5a-44aa-8e9b-507a09ef5801-groupManagement] INFO  server.RaftServerConfigKeys (ConfUtils.java:logGet(46)) - raft.server.rpc.sleep.time = 25ms (default)
2023-10-08 16:27:10,002 [a831d948-6e5a-44aa-8e9b-507a09ef5801-groupManagement] INFO  server.RaftServerConfigKeys (ConfUtils.java:logGet(46)) - raft.server.rpc.slowness.timeout = 300s (custom)
2023-10-08 16:27:10,002 [a831d948-6e5a-44aa-8e9b-507a09ef5801-groupManagement] INFO  server.RaftServerConfigKeys (ConfUtils.java:logGet(46)) - raft.server.leaderelection.leader.step-down.wait-time = 10s (default)
2023-10-08 16:27:10,002 [a831d948-6e5a-44aa-8e9b-507a09ef5801-groupManagement] INFO  server.RaftServerConfigKeys (ConfUtils.java:logGet(46)) - raft.server.sleep.deviation.threshold = 300ms (default)
2023-10-08 16:27:10,002 [a831d948-6e5a-44aa-8e9b-507a09ef5801-groupManagement] INFO  server.RaftServer$Division (ServerState.java:<init>(120)) - a831d948-6e5a-44aa-8e9b-507a09ef5801@group-3BDD1A690AC2: ConfigurationManager, init=-1: peers:[a831d948-6e5a-44aa-8e9b-507a09ef5801|rpc:10.1.0.4:15022|admin:10.1.0.4:15021|client:10.1.0.4:15020|dataStream:10.1.0.4:15023|priority:1|startupRole:FOLLOWER]|listeners:[], old=null, confs=<EMPTY_MAP>
2023-10-08 16:27:10,002 [a831d948-6e5a-44aa-8e9b-507a09ef5801-groupManagement] INFO  server.RaftServerConfigKeys (ConfUtils.java:logGet(46)) - raft.server.storage.dir = [/home/runner/work/ozone/ozone/hadoop-ozone/integration-test/target/test-dir/MiniOzoneClusterImpl-c8a21aad-f255-4385-b304-f7d4bfe38451/datanode-0/data/ratis] (custom)
2023-10-08 16:27:10,003 [a831d948-6e5a-44aa-8e9b-507a09ef5801-groupManagement] INFO  server.RaftServerConfigKeys (ConfUtils.java:logGet(46)) - raft.server.log.corruption.policy = EXCEPTION (default)
2023-10-08 16:27:10,003 [a831d948-6e5a-44aa-8e9b-507a09ef5801-groupManagement] INFO  server.RaftServerConfigKeys (ConfUtils.java:logGet(46)) - raft.server.storage.free-space.min = 0MB (=0) (default)
2023-10-08 16:27:10,003 [a831d948-6e5a-44aa-8e9b-507a09ef5801-groupManagement] INFO  server.RaftServerConfigKeys (ConfUtils.java:logGet(46)) - raft.server.notification.no-leader.timeout = 300s (custom)
2023-10-08 16:27:10,003 [a831d948-6e5a-44aa-8e9b-507a09ef5801-groupManagement] INFO  server.RaftServerConfigKeys (ConfUtils.java:logGet(46)) - raft.server.read.timeout = 10s (default)
2023-10-08 16:27:10,003 [a831d948-6e5a-44aa-8e9b-507a09ef5801-groupManagement] INFO  server.RaftServerConfigKeys (ConfUtils.java:logGet(46)) - raft.server.retrycache.expirytime = 600000ms (custom)
2023-10-08 16:27:10,003 [a831d948-6e5a-44aa-8e9b-507a09ef5801-groupManagement] INFO  server.RaftServerConfigKeys (ConfUtils.java:logGet(46)) - raft.server.retrycache.statistics.expirytime = 100μs (default)
2023-10-08 16:27:10,003 [a831d948-6e5a-44aa-8e9b-507a09ef5801-groupManagement] INFO  server.RaftServerConfigKeys (ConfUtils.java:logGet(46)) - raft.server.read.option = DEFAULT (default)
2023-10-08 16:27:10,010 [a831d948-6e5a-44aa-8e9b-507a09ef5801-groupManagement] INFO  server.RaftServerConfigKeys (ConfUtils.java:logGet(46)) - raft.server.rpc.request.timeout = 60s (custom)
2023-10-08 16:27:10,010 [a831d948-6e5a-44aa-8e9b-507a09ef5801-groupManagement] INFO  server.RaftServerConfigKeys (ConfUtils.java:logGet(46)) - raft.server.log.appender.install.snapshot.enabled = false (custom)
2023-10-08 16:27:10,011 [a831d948-6e5a-44aa-8e9b-507a09ef5801-groupManagement] INFO  server.RaftServerConfigKeys (ConfUtils.java:logGet(46)) - raft.server.threadpool.server.cached = true (default)
2023-10-08 16:27:10,011 [a831d948-6e5a-44aa-8e9b-507a09ef5801-groupManagement] INFO  server.RaftServerConfigKeys (ConfUtils.java:logGet(46)) - raft.server.threadpool.server.size = 0 (default)
2023-10-08 16:27:10,011 [a831d948-6e5a-44aa-8e9b-507a09ef5801-groupManagement] INFO  server.RaftServerConfigKeys (ConfUtils.java:logGet(46)) - raft.server.threadpool.client.cached = true (default)
2023-10-08 16:27:10,011 [a831d948-6e5a-44aa-8e9b-507a09ef5801-groupManagement] INFO  server.RaftServerConfigKeys (ConfUtils.java:logGet(46)) - raft.server.threadpool.client.size = 0 (default)
2023-10-08 16:27:10,011 [a831d948-6e5a-44aa-8e9b-507a09ef5801-groupManagement] INFO  storage.RaftStorageDirectory (RaftStorageDirectoryImpl.java:analyzeStorage(137)) - The storage directory /home/runner/work/ozone/ozone/hadoop-ozone/integration-test/target/test-dir/MiniOzoneClusterImpl-c8a21aad-f255-4385-b304-f7d4bfe38451/datanode-0/data/ratis/cb0b3c8e-01c5-40e8-b8e0-3bdd1a690ac2 does not exist. Creating ...
2023-10-08 16:27:10,013 [a831d948-6e5a-44aa-8e9b-507a09ef5801-groupManagement] INFO  storage.RaftStorageDirectory (RaftStorageDirectoryImpl.java:tryLock(231)) - Lock on /home/runner/work/ozone/ozone/hadoop-ozone/integration-test/target/test-dir/MiniOzoneClusterImpl-c8a21aad-f255-4385-b304-f7d4bfe38451/datanode-0/data/ratis/cb0b3c8e-01c5-40e8-b8e0-3bdd1a690ac2/in_use.lock acquired by nodename 29017@fv-az550-77
2023-10-08 16:27:10,015 [a831d948-6e5a-44aa-8e9b-507a09ef5801-groupManagement] INFO  storage.RaftStorage (RaftStorageImpl.java:format(96)) - Storage directory /home/runner/work/ozone/ozone/hadoop-ozone/integration-test/target/test-dir/MiniOzoneClusterImpl-c8a21aad-f255-4385-b304-f7d4bfe38451/datanode-0/data/ratis/cb0b3c8e-01c5-40e8-b8e0-3bdd1a690ac2 has been successfully formatted.
2023-10-08 16:27:10,020 [a831d948-6e5a-44aa-8e9b-507a09ef5801-groupManagement] INFO  ratis.ContainerStateMachine (ContainerStateMachine.java:loadSnapshot(262)) - group-3BDD1A690AC2: The snapshot info is null. Setting the last applied indexto:(t:0, i:~)
2023-10-08 16:27:10,020 [a831d948-6e5a-44aa-8e9b-507a09ef5801-groupManagement] INFO  server.RaftServerConfigKeys (ConfUtils.java:logGet(46)) - raft.server.log.use.memory = false (default)
2023-10-08 16:27:10,020 [a831d948-6e5a-44aa-8e9b-507a09ef5801-groupManagement] INFO  server.RaftServerConfigKeys (ConfUtils.java:logGet(46)) - raft.server.log.purge.gap = 1000000 (custom)
2023-10-08 16:27:10,020 [a831d948-6e5a-44aa-8e9b-507a09ef5801-groupManagement] INFO  server.RaftServerConfigKeys (ConfUtils.java:logGet(46)) - raft.server.log.appender.buffer.byte-limit = 33554432 (custom)
2023-10-08 16:27:10,020 [a831d948-6e5a-44aa-8e9b-507a09ef5801-groupManagement] INFO  server.RaftServerConfigKeys (ConfUtils.java:logGet(46)) - raft.server.log.statemachine.data.read.timeout = 1000ms (default)
2023-10-08 16:27:10,020 [a831d948-6e5a-44aa-8e9b-507a09ef5801-groupManagement] INFO  server.RaftServerConfigKeys (ConfUtils.java:logGet(46)) - raft.server.log.purge.preservation.log.num = 0 (default)
2023-10-08 16:27:10,020 [a831d948-6e5a-44aa-8e9b-507a09ef5801-groupManagement] INFO  server.RaftServerConfigKeys (ConfUtils.java:logGet(46)) - raft.server.log.segment.size.max = 1048576 (custom)
2023-10-08 16:27:10,021 [a831d948-6e5a-44aa-8e9b-507a09ef5801-groupManagement] INFO  server.RaftServerConfigKeys (ConfUtils.java:logGet(46)) - raft.server.log.segment.cache.num.max = 2 (custom)
2023-10-08 16:27:10,021 [a831d948-6e5a-44aa-8e9b-507a09ef5801-groupManagement] INFO  server.RaftServerConfigKeys (ConfUtils.java:logGet(46)) - raft.server.log.segment.cache.size.max = 200MB (=209715200) (default)
2023-10-08 16:27:10,021 [a831d948-6e5a-44aa-8e9b-507a09ef5801-groupManagement] INFO  server.RaftServerConfigKeys (ConfUtils.java:logGet(46)) - raft.server.log.appender.buffer.byte-limit = 33554432 (custom)
2023-10-08 16:27:10,021 [a831d948-6e5a-44aa-8e9b-507a09ef5801-groupManagement] INFO  segmented.SegmentedRaftLogWorker (SegmentedRaftLogWorker.java:<init>(188)) - new a831d948-6e5a-44aa-8e9b-507a09ef5801@group-3BDD1A690AC2-SegmentedRaftLogWorker for RaftStorageImpl:Storage Directory /home/runner/work/ozone/ozone/hadoop-ozone/integration-test/target/test-dir/MiniOzoneClusterImpl-c8a21aad-f255-4385-b304-f7d4bfe38451/datanode-0/data/ratis/cb0b3c8e-01c5-40e8-b8e0-3bdd1a690ac2
2023-10-08 16:27:10,021 [a831d948-6e5a-44aa-8e9b-507a09ef5801-groupManagement] INFO  server.RaftServerConfigKeys (ConfUtils.java:logGet(46)) - raft.server.log.queue.byte-limit = 4294967296 (custom)
2023-10-08 16:27:10,021 [a831d948-6e5a-44aa-8e9b-507a09ef5801-groupManagement] INFO  server.RaftServerConfigKeys (ConfUtils.java:logGet(46)) - raft.server.log.queue.element-limit = 1024 (custom)
2023-10-08 16:27:10,021 [a831d948-6e5a-44aa-8e9b-507a09ef5801-groupManagement] INFO  server.RaftServerConfigKeys (ConfUtils.java:logGet(46)) - raft.server.log.segment.size.max = 1048576 (custom)
2023-10-08 16:27:10,021 [a831d948-6e5a-44aa-8e9b-507a09ef5801-groupManagement] INFO  server.RaftServerConfigKeys (ConfUtils.java:logGet(46)) - raft.server.log.preallocated.size = 16384 (custom)
2023-10-08 16:27:10,021 [a831d948-6e5a-44aa-8e9b-507a09ef5801-groupManagement] INFO  server.RaftServerConfigKeys (ConfUtils.java:logGet(46)) - raft.server.log.force.sync.num = 128 (default)
2023-10-08 16:27:10,022 [a831d948-6e5a-44aa-8e9b-507a09ef5801-groupManagement] INFO  server.RaftServerConfigKeys (ConfUtils.java:logGet(46)) - raft.server.log.statemachine.data.sync = true (default)
2023-10-08 16:27:10,022 [a831d948-6e5a-44aa-8e9b-507a09ef5801-groupManagement] INFO  server.RaftServerConfigKeys (ConfUtils.java:logGet(46)) - raft.server.log.statemachine.data.sync.timeout = 10s (default)
2023-10-08 16:27:10,022 [a831d948-6e5a-44aa-8e9b-507a09ef5801-groupManagement] INFO  server.RaftServerConfigKeys (ConfUtils.java:logGet(46)) - raft.server.log.statemachine.data.sync.timeout.retry = -1 (default)
2023-10-08 16:27:10,023 [a831d948-6e5a-44aa-8e9b-507a09ef5801-groupManagement] INFO  server.RaftServerConfigKeys (ConfUtils.java:logGet(46)) - raft.server.log.write.buffer.size = 1048576 (custom)
2023-10-08 16:27:10,023 [a831d948-6e5a-44aa-8e9b-507a09ef5801-groupManagement] INFO  server.RaftServerConfigKeys (ConfUtils.java:logGet(46)) - raft.server.log.appender.buffer.byte-limit = 33554432 (custom)
2023-10-08 16:27:10,028 [a831d948-6e5a-44aa-8e9b-507a09ef5801-groupManagement] INFO  server.RaftServerConfigKeys (ConfUtils.java:logGet(46)) - raft.server.log.unsafe-flush.enabled = false (default)
2023-10-08 16:27:10,028 [a831d948-6e5a-44aa-8e9b-507a09ef5801-groupManagement] INFO  server.RaftServerConfigKeys (ConfUtils.java:logGet(46)) - raft.server.log.async-flush.enabled = false (default)
2023-10-08 16:27:10,028 [a831d948-6e5a-44aa-8e9b-507a09ef5801-groupManagement] INFO  server.RaftServerConfigKeys (ConfUtils.java:logGet(46)) - raft.server.log.statemachine.data.caching.enabled = true (custom)
2023-10-08 16:27:10,028 [a831d948-6e5a-44aa-8e9b-507a09ef5801-groupManagement] INFO  segmented.SegmentedRaftLogWorker (SegmentedRaftLogWorker.java:lambda$new$0(135)) - a831d948-6e5a-44aa-8e9b-507a09ef5801@group-3BDD1A690AC2-SegmentedRaftLogWorker: flushIndex: setUnconditionally 0 -> -1
2023-10-08 16:27:10,028 [a831d948-6e5a-44aa-8e9b-507a09ef5801-groupManagement] INFO  segmented.SegmentedRaftLogWorker (SegmentedRaftLogWorker.java:lambda$new$0(135)) - a831d948-6e5a-44aa-8e9b-507a09ef5801@group-3BDD1A690AC2-SegmentedRaftLogWorker: safeCacheEvictIndex: setUnconditionally 0 -> -1
2023-10-08 16:27:10,029 [a831d948-6e5a-44aa-8e9b-507a09ef5801-groupManagement] INFO  server.RaftServer$Division (RaftServerImpl.java:start(342)) - a831d948-6e5a-44aa-8e9b-507a09ef5801@group-3BDD1A690AC2: start as a follower, conf=-1: peers:[a831d948-6e5a-44aa-8e9b-507a09ef5801|rpc:10.1.0.4:15022|admin:10.1.0.4:15021|client:10.1.0.4:15020|dataStream:10.1.0.4:15023|priority:1|startupRole:FOLLOWER]|listeners:[], old=null
2023-10-08 16:27:10,029 [a831d948-6e5a-44aa-8e9b-507a09ef5801-groupManagement] INFO  server.RaftServer$Division (RaftServerImpl.java:setRole(329)) - a831d948-6e5a-44aa-8e9b-507a09ef5801@group-3BDD1A690AC2: changes role from      null to FOLLOWER at term 0 for startAsFollower
2023-10-08 16:27:10,029 [a831d948-6e5a-44aa-8e9b-507a09ef5801-groupManagement] INFO  impl.RoleInfo (RoleInfo.java:updateAndGet(139)) - a831d948-6e5a-44aa-8e9b-507a09ef5801: start a831d948-6e5a-44aa-8e9b-507a09ef5801@group-3BDD1A690AC2-FollowerState
2023-10-08 16:27:10,034 [a831d948-6e5a-44aa-8e9b-507a09ef5801-groupManagement] INFO  util.JmxRegister (JmxRegister.java:tryRegister(44)) - Successfully registered JMX Bean with object name Ratis:service=RaftServer,group=group-3BDD1A690AC2,id=a831d948-6e5a-44aa-8e9b-507a09ef5801
2023-10-08 16:27:10,034 [a831d948-6e5a-44aa-8e9b-507a09ef5801-groupManagement] INFO  server.RaftServerConfigKeys (ConfUtils.java:logGet(46)) - raft.server.snapshot.auto.trigger.enabled = true (custom)
2023-10-08 16:27:10,035 [a831d948-6e5a-44aa-8e9b-507a09ef5801-groupManagement] INFO  server.RaftServerConfigKeys (ConfUtils.java:logGet(46)) - raft.server.snapshot.auto.trigger.threshold = 10000 (custom)
2023-10-08 16:27:10,035 [a831d948-6e5a-44aa-8e9b-507a09ef5801-groupManagement] INFO  server.RaftServerConfigKeys (ConfUtils.java:logGet(46)) - raft.server.snapshot.retention.file.num = 5 (custom)
2023-10-08 16:27:10,035 [a831d948-6e5a-44aa-8e9b-507a09ef5801-groupManagement] INFO  server.RaftServerConfigKeys (ConfUtils.java:logGet(46)) - raft.server.log.purge.upto.snapshot.index = false (default)
2023-10-08 16:27:10,038 [a831d948-6e5a-44aa-8e9b-507a09ef5801@group-3BDD1A690AC2-FollowerState] INFO  server.RaftServerConfigKeys (ConfUtils.java:logFallback(53)) - raft.server.rpc.first-election.timeout.min = 5s (fallback to raft.server.rpc.timeout.min)
2023-10-08 16:27:10,038 [a831d948-6e5a-44aa-8e9b-507a09ef5801@group-3BDD1A690AC2-FollowerState] INFO  server.RaftServerConfigKeys (ConfUtils.java:logFallback(53)) - raft.server.rpc.first-election.timeout.max = 5200ms (fallback to raft.server.rpc.timeout.max)
2023-10-08 16:27:10,047 [EventQueue-PipelineReportForPipelineReportHandler] INFO  pipeline.PipelineReportHandler (PipelineReportHandler.java:processPipelineReport(136)) - Opened pipeline PipelineID=cb0b3c8e-01c5-40e8-b8e0-3bdd1a690ac2
2023-10-08 16:27:10,048 [EventQueue-OpenPipelineForHealthyPipelineSafeModeRule] INFO  safemode.SCMSafeModeManager (HealthyPipelineSafeModeRule.java:process(137)) - SCM in safe mode. Healthy pipelines reported count is 0, required healthy pipeline reported count is 1
2023-10-08 16:27:10,050 [PipelineCommandHandlerThread-0] INFO  ratis.XceiverServerRatis (XceiverServerRatis.java:addGroup(804)) - Created group PipelineID=cb0b3c8e-01c5-40e8-b8e0-3bdd1a690ac2
2023-10-08 16:27:10,051 [PipelineCommandHandlerThread-0] INFO  commandhandler.CreatePipelineCommandHandler (CreatePipelineCommandHandler.java:lambda$handle$2(124)) - Created Pipeline RATIS ONE PipelineID=cb0b3c8e-01c5-40e8-b8e0-3bdd1a690ac2.
2023-10-08 16:27:10,051 [PipelineCommandHandlerThread-0] INFO  server.RaftServer (RaftServerProxy.java:addNew(98)) - a831d948-6e5a-44aa-8e9b-507a09ef5801: addNew group-5E51BB36FB23:[0847a53b-a5e1-4a6e-9c94-ed2bc3fb4d81|rpc:10.1.0.4:15031|admin:10.1.0.4:15030|client:10.1.0.4:15029|dataStream:10.1.0.4:15032|priority:0|startupRole:FOLLOWER, a831d948-6e5a-44aa-8e9b-507a09ef5801|rpc:10.1.0.4:15022|admin:10.1.0.4:15021|client:10.1.0.4:15020|dataStream:10.1.0.4:15023|priority:1|startupRole:FOLLOWER, 428a18af-32d9-48f2-b55a-04ca97c8809a|rpc:10.1.0.4:15040|admin:10.1.0.4:15039|client:10.1.0.4:15038|dataStream:10.1.0.4:15041|priority:0|startupRole:FOLLOWER] returns group-5E51BB36FB23:java.util.concurrent.CompletableFuture@9198e43[Not completed]
2023-10-08 16:27:10,055 [a831d948-6e5a-44aa-8e9b-507a09ef5801-groupManagement] INFO  server.RaftServer$Division (RaftServerImpl.java:<init>(198)) - a831d948-6e5a-44aa-8e9b-507a09ef5801: new RaftServerImpl for group-5E51BB36FB23:[0847a53b-a5e1-4a6e-9c94-ed2bc3fb4d81|rpc:10.1.0.4:15031|admin:10.1.0.4:15030|client:10.1.0.4:15029|dataStream:10.1.0.4:15032|priority:0|startupRole:FOLLOWER, a831d948-6e5a-44aa-8e9b-507a09ef5801|rpc:10.1.0.4:15022|admin:10.1.0.4:15021|client:10.1.0.4:15020|dataStream:10.1.0.4:15023|priority:1|startupRole:FOLLOWER, 428a18af-32d9-48f2-b55a-04ca97c8809a|rpc:10.1.0.4:15040|admin:10.1.0.4:15039|client:10.1.0.4:15038|dataStream:10.1.0.4:15041|priority:0|startupRole:FOLLOWER] with ContainerStateMachine:uninitialized
2023-10-08 16:27:10,055 [a831d948-6e5a-44aa-8e9b-507a09ef5801-groupManagement] INFO  server.RaftServerConfigKeys (ConfUtils.java:logGet(46)) - raft.server.rpc.timeout.min = 5s (custom)
2023-10-08 16:27:10,055 [a831d948-6e5a-44aa-8e9b-507a09ef5801-groupManagement] INFO  server.RaftServerConfigKeys (ConfUtils.java:logGet(46)) - raft.server.rpc.timeout.max = 5200ms (custom)
2023-10-08 16:27:10,055 [a831d948-6e5a-44aa-8e9b-507a09ef5801-groupManagement] INFO  server.RaftServerConfigKeys (ConfUtils.java:logGet(46)) - raft.server.rpc.sleep.time = 25ms (default)
2023-10-08 16:27:10,056 [a831d948-6e5a-44aa-8e9b-507a09ef5801-groupManagement] INFO  server.RaftServerConfigKeys (ConfUtils.java:logGet(46)) - raft.server.rpc.slowness.timeout = 300s (custom)
2023-10-08 16:27:10,056 [a831d948-6e5a-44aa-8e9b-507a09ef5801-groupManagement] INFO  server.RaftServerConfigKeys (ConfUtils.java:logGet(46)) - raft.server.leaderelection.leader.step-down.wait-time = 10s (default)
2023-10-08 16:27:10,056 [a831d948-6e5a-44aa-8e9b-507a09ef5801-groupManagement] INFO  server.RaftServerConfigKeys (ConfUtils.java:logGet(46)) - raft.server.sleep.deviation.threshold = 300ms (default)
2023-10-08 16:27:10,056 [a831d948-6e5a-44aa-8e9b-507a09ef5801-groupManagement] INFO  server.RaftServer$Division (ServerState.java:<init>(120)) - a831d948-6e5a-44aa-8e9b-507a09ef5801@group-5E51BB36FB23: ConfigurationManager, init=-1: peers:[0847a53b-a5e1-4a6e-9c94-ed2bc3fb4d81|rpc:10.1.0.4:15031|admin:10.1.0.4:15030|client:10.1.0.4:15029|dataStream:10.1.0.4:15032|priority:0|startupRole:FOLLOWER, a831d948-6e5a-44aa-8e9b-507a09ef5801|rpc:10.1.0.4:15022|admin:10.1.0.4:15021|client:10.1.0.4:15020|dataStream:10.1.0.4:15023|priority:1|startupRole:FOLLOWER, 428a18af-32d9-48f2-b55a-04ca97c8809a|rpc:10.1.0.4:15040|admin:10.1.0.4:15039|client:10.1.0.4:15038|dataStream:10.1.0.4:15041|priority:0|startupRole:FOLLOWER]|listeners:[], old=null, confs=<EMPTY_MAP>
2023-10-08 16:27:10,056 [a831d948-6e5a-44aa-8e9b-507a09ef5801-groupManagement] INFO  server.RaftServerConfigKeys (ConfUtils.java:logGet(46)) - raft.server.storage.dir = [/home/runner/work/ozone/ozone/hadoop-ozone/integration-test/target/test-dir/MiniOzoneClusterImpl-c8a21aad-f255-4385-b304-f7d4bfe38451/datanode-0/data/ratis] (custom)
2023-10-08 16:27:10,056 [a831d948-6e5a-44aa-8e9b-507a09ef5801-groupManagement] INFO  server.RaftServerConfigKeys (ConfUtils.java:logGet(46)) - raft.server.log.corruption.policy = EXCEPTION (default)
2023-10-08 16:27:10,056 [a831d948-6e5a-44aa-8e9b-507a09ef5801-groupManagement] INFO  server.RaftServerConfigKeys (ConfUtils.java:logGet(46)) - raft.server.storage.free-space.min = 0MB (=0) (default)
2023-10-08 16:27:10,056 [a831d948-6e5a-44aa-8e9b-507a09ef5801-groupManagement] INFO  server.RaftServerConfigKeys (ConfUtils.java:logGet(46)) - raft.server.notification.no-leader.timeout = 300s (custom)
2023-10-08 16:27:10,056 [a831d948-6e5a-44aa-8e9b-507a09ef5801-groupManagement] INFO  server.RaftServerConfigKeys (ConfUtils.java:logGet(46)) - raft.server.read.timeout = 10s (default)
2023-10-08 16:27:10,056 [a831d948-6e5a-44aa-8e9b-507a09ef5801-groupManagement] INFO  server.RaftServerConfigKeys (ConfUtils.java:logGet(46)) - raft.server.retrycache.expirytime = 600000ms (custom)
2023-10-08 16:27:10,056 [a831d948-6e5a-44aa-8e9b-507a09ef5801-groupManagement] INFO  server.RaftServerConfigKeys (ConfUtils.java:logGet(46)) - raft.server.retrycache.statistics.expirytime = 100μs (default)
2023-10-08 16:27:10,057 [a831d948-6e5a-44aa-8e9b-507a09ef5801-groupManagement] INFO  server.RaftServerConfigKeys (ConfUtils.java:logGet(46)) - raft.server.read.option = DEFAULT (default)
2023-10-08 16:27:10,060 [a831d948-6e5a-44aa-8e9b-507a09ef5801-groupManagement] INFO  server.RaftServerConfigKeys (ConfUtils.java:logGet(46)) - raft.server.rpc.request.timeout = 60s (custom)
2023-10-08 16:27:10,060 [a831d948-6e5a-44aa-8e9b-507a09ef5801-groupManagement] INFO  server.RaftServerConfigKeys (ConfUtils.java:logGet(46)) - raft.server.log.appender.install.snapshot.enabled = false (custom)
2023-10-08 16:27:10,060 [a831d948-6e5a-44aa-8e9b-507a09ef5801-groupManagement] INFO  server.RaftServerConfigKeys (ConfUtils.java:logGet(46)) - raft.server.threadpool.server.cached = true (default)
2023-10-08 16:27:10,060 [a831d948-6e5a-44aa-8e9b-507a09ef5801-groupManagement] INFO  server.RaftServerConfigKeys (ConfUtils.java:logGet(46)) - raft.server.threadpool.server.size = 0 (default)
2023-10-08 16:27:10,060 [a831d948-6e5a-44aa-8e9b-507a09ef5801-groupManagement] INFO  server.RaftServerConfigKeys (ConfUtils.java:logGet(46)) - raft.server.threadpool.client.cached = true (default)
2023-10-08 16:27:10,060 [a831d948-6e5a-44aa-8e9b-507a09ef5801-groupManagement] INFO  server.RaftServerConfigKeys (ConfUtils.java:logGet(46)) - raft.server.threadpool.client.size = 0 (default)
2023-10-08 16:27:10,060 [a831d948-6e5a-44aa-8e9b-507a09ef5801-groupManagement] INFO  storage.RaftStorageDirectory (RaftStorageDirectoryImpl.java:analyzeStorage(137)) - The storage directory /home/runner/work/ozone/ozone/hadoop-ozone/integration-test/target/test-dir/MiniOzoneClusterImpl-c8a21aad-f255-4385-b304-f7d4bfe38451/datanode-0/data/ratis/d8c9c998-7749-44ea-9b67-5e51bb36fb23 does not exist. Creating ...
2023-10-08 16:27:10,061 [a831d948-6e5a-44aa-8e9b-507a09ef5801-groupManagement] INFO  storage.RaftStorageDirectory (RaftStorageDirectoryImpl.java:tryLock(231)) - Lock on /home/runner/work/ozone/ozone/hadoop-ozone/integration-test/target/test-dir/MiniOzoneClusterImpl-c8a21aad-f255-4385-b304-f7d4bfe38451/datanode-0/data/ratis/d8c9c998-7749-44ea-9b67-5e51bb36fb23/in_use.lock acquired by nodename 29017@fv-az550-77
2023-10-08 16:27:10,062 [a831d948-6e5a-44aa-8e9b-507a09ef5801-groupManagement] INFO  storage.RaftStorage (RaftStorageImpl.java:format(96)) - Storage directory /home/runner/work/ozone/ozone/hadoop-ozone/integration-test/target/test-dir/MiniOzoneClusterImpl-c8a21aad-f255-4385-b304-f7d4bfe38451/datanode-0/data/ratis/d8c9c998-7749-44ea-9b67-5e51bb36fb23 has been successfully formatted.
2023-10-08 16:27:10,063 [a831d948-6e5a-44aa-8e9b-507a09ef5801-groupManagement] INFO  ratis.ContainerStateMachine (ContainerStateMachine.java:loadSnapshot(262)) - group-5E51BB36FB23: The snapshot info is null. Setting the last applied indexto:(t:0, i:~)
2023-10-08 16:27:10,063 [a831d948-6e5a-44aa-8e9b-507a09ef5801-groupManagement] INFO  server.RaftServerConfigKeys (ConfUtils.java:logGet(46)) - raft.server.log.use.memory = false (default)
2023-10-08 16:27:10,063 [a831d948-6e5a-44aa-8e9b-507a09ef5801-groupManagement] INFO  server.RaftServerConfigKeys (ConfUtils.java:logGet(46)) - raft.server.log.purge.gap = 1000000 (custom)
2023-10-08 16:27:10,063 [a831d948-6e5a-44aa-8e9b-507a09ef5801-groupManagement] INFO  server.RaftServerConfigKeys (ConfUtils.java:logGet(46)) - raft.server.log.appender.buffer.byte-limit = 33554432 (custom)
2023-10-08 16:27:10,063 [a831d948-6e5a-44aa-8e9b-507a09ef5801-groupManagement] INFO  server.RaftServerConfigKeys (ConfUtils.java:logGet(46)) - raft.server.log.statemachine.data.read.timeout = 1000ms (default)
2023-10-08 16:27:10,063 [a831d948-6e5a-44aa-8e9b-507a09ef5801-groupManagement] INFO  server.RaftServerConfigKeys (ConfUtils.java:logGet(46)) - raft.server.log.purge.preservation.log.num = 0 (default)
2023-10-08 16:27:10,065 [a831d948-6e5a-44aa-8e9b-507a09ef5801-groupManagement] INFO  server.RaftServerConfigKeys (ConfUtils.java:logGet(46)) - raft.server.log.segment.size.max = 1048576 (custom)
2023-10-08 16:27:10,065 [a831d948-6e5a-44aa-8e9b-507a09ef5801-groupManagement] INFO  server.RaftServerConfigKeys (ConfUtils.java:logGet(46)) - raft.server.log.segment.cache.num.max = 2 (custom)
2023-10-08 16:27:10,065 [a831d948-6e5a-44aa-8e9b-507a09ef5801-groupManagement] INFO  server.RaftServerConfigKeys (ConfUtils.java:logGet(46)) - raft.server.log.segment.cache.size.max = 200MB (=209715200) (default)
2023-10-08 16:27:10,065 [EventQueue-OpenPipelineForHealthyPipelineSafeModeRule] INFO  safemode.SCMSafeModeManager (HealthyPipelineSafeModeRule.java:process(137)) - SCM in safe mode. Healthy pipelines reported count is 0, required healthy pipeline reported count is 1
2023-10-08 16:27:10,065 [a831d948-6e5a-44aa-8e9b-507a09ef5801-groupManagement] INFO  server.RaftServerConfigKeys (ConfUtils.java:logGet(46)) - raft.server.log.appender.buffer.byte-limit = 33554432 (custom)
2023-10-08 16:27:10,066 [a831d948-6e5a-44aa-8e9b-507a09ef5801-groupManagement] INFO  segmented.SegmentedRaftLogWorker (SegmentedRaftLogWorker.java:<init>(188)) - new a831d948-6e5a-44aa-8e9b-507a09ef5801@group-5E51BB36FB23-SegmentedRaftLogWorker for RaftStorageImpl:Storage Directory /home/runner/work/ozone/ozone/hadoop-ozone/integration-test/target/test-dir/MiniOzoneClusterImpl-c8a21aad-f255-4385-b304-f7d4bfe38451/datanode-0/data/ratis/d8c9c998-7749-44ea-9b67-5e51bb36fb23
2023-10-08 16:27:10,067 [a831d948-6e5a-44aa-8e9b-507a09ef5801-groupManagement] INFO  server.RaftServerConfigKeys (ConfUtils.java:logGet(46)) - raft.server.log.queue.byte-limit = 4294967296 (custom)
2023-10-08 16:27:10,067 [a831d948-6e5a-44aa-8e9b-507a09ef5801-groupManagement] INFO  server.RaftServerConfigKeys (ConfUtils.java:logGet(46)) - raft.server.log.queue.element-limit = 1024 (custom)
2023-10-08 16:27:10,067 [a831d948-6e5a-44aa-8e9b-507a09ef5801-groupManagement] INFO  server.RaftServerConfigKeys (ConfUtils.java:logGet(46)) - raft.server.log.segment.size.max = 1048576 (custom)
2023-10-08 16:27:10,067 [a831d948-6e5a-44aa-8e9b-507a09ef5801-groupManagement] INFO  server.RaftServerConfigKeys (ConfUtils.java:logGet(46)) - raft.server.log.preallocated.size = 16384 (custom)
2023-10-08 16:27:10,067 [a831d948-6e5a-44aa-8e9b-507a09ef5801-groupManagement] INFO  server.RaftServerConfigKeys (ConfUtils.java:logGet(46)) - raft.server.log.force.sync.num = 128 (default)
2023-10-08 16:27:10,067 [a831d948-6e5a-44aa-8e9b-507a09ef5801-groupManagement] INFO  server.RaftServerConfigKeys (ConfUtils.java:logGet(46)) - raft.server.log.statemachine.data.sync = true (default)
2023-10-08 16:27:10,067 [a831d948-6e5a-44aa-8e9b-507a09ef5801-groupManagement] INFO  server.RaftServerConfigKeys (ConfUtils.java:logGet(46)) - raft.server.log.statemachine.data.sync.timeout = 10s (default)
2023-10-08 16:27:10,067 [a831d948-6e5a-44aa-8e9b-507a09ef5801-groupManagement] INFO  server.RaftServerConfigKeys (ConfUtils.java:logGet(46)) - raft.server.log.statemachine.data.sync.timeout.retry = -1 (default)
2023-10-08 16:27:10,068 [a831d948-6e5a-44aa-8e9b-507a09ef5801-groupManagement] INFO  server.RaftServerConfigKeys (ConfUtils.java:logGet(46)) - raft.server.log.write.buffer.size = 1048576 (custom)
2023-10-08 16:27:10,068 [a831d948-6e5a-44aa-8e9b-507a09ef5801-groupManagement] INFO  server.RaftServerConfigKeys (ConfUtils.java:logGet(46)) - raft.server.log.appender.buffer.byte-limit = 33554432 (custom)
2023-10-08 16:27:10,073 [a831d948-6e5a-44aa-8e9b-507a09ef5801-groupManagement] INFO  server.RaftServerConfigKeys (ConfUtils.java:logGet(46)) - raft.server.log.unsafe-flush.enabled = false (default)
2023-10-08 16:27:10,073 [a831d948-6e5a-44aa-8e9b-507a09ef5801-groupManagement] INFO  server.RaftServerConfigKeys (ConfUtils.java:logGet(46)) - raft.server.log.async-flush.enabled = false (default)
2023-10-08 16:27:10,073 [a831d948-6e5a-44aa-8e9b-507a09ef5801-groupManagement] INFO  server.RaftServerConfigKeys (ConfUtils.java:logGet(46)) - raft.server.log.statemachine.data.caching.enabled = true (custom)
2023-10-08 16:27:10,074 [a831d948-6e5a-44aa-8e9b-507a09ef5801-groupManagement] INFO  segmented.SegmentedRaftLogWorker (SegmentedRaftLogWorker.java:lambda$new$0(135)) - a831d948-6e5a-44aa-8e9b-507a09ef5801@group-5E51BB36FB23-SegmentedRaftLogWorker: flushIndex: setUnconditionally 0 -> -1
2023-10-08 16:27:10,074 [a831d948-6e5a-44aa-8e9b-507a09ef5801-groupManagement] INFO  segmented.SegmentedRaftLogWorker (SegmentedRaftLogWorker.java:lambda$new$0(135)) - a831d948-6e5a-44aa-8e9b-507a09ef5801@group-5E51BB36FB23-SegmentedRaftLogWorker: safeCacheEvictIndex: setUnconditionally 0 -> -1
2023-10-08 16:27:10,074 [a831d948-6e5a-44aa-8e9b-507a09ef5801-groupManagement] INFO  server.RaftServer$Division (RaftServerImpl.java:start(342)) - a831d948-6e5a-44aa-8e9b-507a09ef5801@group-5E51BB36FB23: start as a follower, conf=-1: peers:[0847a53b-a5e1-4a6e-9c94-ed2bc3fb4d81|rpc:10.1.0.4:15031|admin:10.1.0.4:15030|client:10.1.0.4:15029|dataStream:10.1.0.4:15032|priority:0|startupRole:FOLLOWER, a831d948-6e5a-44aa-8e9b-507a09ef5801|rpc:10.1.0.4:15022|admin:10.1.0.4:15021|client:10.1.0.4:15020|dataStream:10.1.0.4:15023|priority:1|startupRole:FOLLOWER, 428a18af-32d9-48f2-b55a-04ca97c8809a|rpc:10.1.0.4:15040|admin:10.1.0.4:15039|client:10.1.0.4:15038|dataStream:10.1.0.4:15041|priority:0|startupRole:FOLLOWER]|listeners:[], old=null
2023-10-08 16:27:10,074 [a831d948-6e5a-44aa-8e9b-507a09ef5801-groupManagement] INFO  server.RaftServer$Division (RaftServerImpl.java:setRole(329)) - a831d948-6e5a-44aa-8e9b-507a09ef5801@group-5E51BB36FB23: changes role from      null to FOLLOWER at term 0 for startAsFollower
2023-10-08 16:27:10,074 [a831d948-6e5a-44aa-8e9b-507a09ef5801-groupManagement] INFO  impl.RoleInfo (RoleInfo.java:updateAndGet(139)) - a831d948-6e5a-44aa-8e9b-507a09ef5801: start a831d948-6e5a-44aa-8e9b-507a09ef5801@group-5E51BB36FB23-FollowerState
2023-10-08 16:27:10,075 [a831d948-6e5a-44aa-8e9b-507a09ef5801-groupManagement] INFO  util.JmxRegister (JmxRegister.java:tryRegister(44)) - Successfully registered JMX Bean with object name Ratis:service=RaftServer,group=group-5E51BB36FB23,id=a831d948-6e5a-44aa-8e9b-507a09ef5801
2023-10-08 16:27:10,075 [a831d948-6e5a-44aa-8e9b-507a09ef5801-groupManagement] INFO  server.RaftServerConfigKeys (ConfUtils.java:logGet(46)) - raft.server.snapshot.auto.trigger.enabled = true (custom)
2023-10-08 16:27:10,075 [a831d948-6e5a-44aa-8e9b-507a09ef5801-groupManagement] INFO  server.RaftServerConfigKeys (ConfUtils.java:logGet(46)) - raft.server.snapshot.auto.trigger.threshold = 10000 (custom)
2023-10-08 16:27:10,075 [a831d948-6e5a-44aa-8e9b-507a09ef5801-groupManagement] INFO  server.RaftServerConfigKeys (ConfUtils.java:logGet(46)) - raft.server.snapshot.retention.file.num = 5 (custom)
2023-10-08 16:27:10,075 [a831d948-6e5a-44aa-8e9b-507a09ef5801-groupManagement] INFO  server.RaftServerConfigKeys (ConfUtils.java:logGet(46)) - raft.server.log.purge.upto.snapshot.index = false (default)
2023-10-08 16:27:10,076 [a831d948-6e5a-44aa-8e9b-507a09ef5801@group-5E51BB36FB23-FollowerState] INFO  server.RaftServerConfigKeys (ConfUtils.java:logFallback(53)) - raft.server.rpc.first-election.timeout.min = 5s (fallback to raft.server.rpc.timeout.min)
2023-10-08 16:27:10,077 [a831d948-6e5a-44aa-8e9b-507a09ef5801@group-5E51BB36FB23-FollowerState] INFO  server.RaftServerConfigKeys (ConfUtils.java:logFallback(53)) - raft.server.rpc.first-election.timeout.max = 5200ms (fallback to raft.server.rpc.timeout.max)
2023-10-08 16:27:10,077 [PipelineCommandHandlerThread-0] INFO  ratis.XceiverServerRatis (XceiverServerRatis.java:addGroup(804)) - Created group PipelineID=d8c9c998-7749-44ea-9b67-5e51bb36fb23
2023-10-08 16:27:10,179 [grpc-default-executor-1] INFO  server.RaftServer (RaftServerProxy.java:addNew(98)) - 428a18af-32d9-48f2-b55a-04ca97c8809a: addNew group-5E51BB36FB23:[0847a53b-a5e1-4a6e-9c94-ed2bc3fb4d81|rpc:10.1.0.4:15031|admin:10.1.0.4:15030|client:10.1.0.4:15029|dataStream:10.1.0.4:15032|priority:0|startupRole:FOLLOWER, a831d948-6e5a-44aa-8e9b-507a09ef5801|rpc:10.1.0.4:15022|admin:10.1.0.4:15021|client:10.1.0.4:15020|dataStream:10.1.0.4:15023|priority:1|startupRole:FOLLOWER, 428a18af-32d9-48f2-b55a-04ca97c8809a|rpc:10.1.0.4:15040|admin:10.1.0.4:15039|client:10.1.0.4:15038|dataStream:10.1.0.4:15041|priority:0|startupRole:FOLLOWER] returns group-5E51BB36FB23:java.util.concurrent.CompletableFuture@3e3f7d90[Not completed]
2023-10-08 16:27:10,181 [428a18af-32d9-48f2-b55a-04ca97c8809a-groupManagement] INFO  server.RaftServer$Division (RaftServerImpl.java:<init>(198)) - 428a18af-32d9-48f2-b55a-04ca97c8809a: new RaftServerImpl for group-5E51BB36FB23:[0847a53b-a5e1-4a6e-9c94-ed2bc3fb4d81|rpc:10.1.0.4:15031|admin:10.1.0.4:15030|client:10.1.0.4:15029|dataStream:10.1.0.4:15032|priority:0|startupRole:FOLLOWER, a831d948-6e5a-44aa-8e9b-507a09ef5801|rpc:10.1.0.4:15022|admin:10.1.0.4:15021|client:10.1.0.4:15020|dataStream:10.1.0.4:15023|priority:1|startupRole:FOLLOWER, 428a18af-32d9-48f2-b55a-04ca97c8809a|rpc:10.1.0.4:15040|admin:10.1.0.4:15039|client:10.1.0.4:15038|dataStream:10.1.0.4:15041|priority:0|startupRole:FOLLOWER] with ContainerStateMachine:uninitialized
2023-10-08 16:27:10,181 [428a18af-32d9-48f2-b55a-04ca97c8809a-groupManagement] INFO  server.RaftServerConfigKeys (ConfUtils.java:logGet(46)) - raft.server.rpc.timeout.min = 5s (custom)
2023-10-08 16:27:10,181 [428a18af-32d9-48f2-b55a-04ca97c8809a-groupManagement] INFO  server.RaftServerConfigKeys (ConfUtils.java:logGet(46)) - raft.server.rpc.timeout.max = 5200ms (custom)
2023-10-08 16:27:10,181 [428a18af-32d9-48f2-b55a-04ca97c8809a-groupManagement] INFO  server.RaftServerConfigKeys (ConfUtils.java:logGet(46)) - raft.server.rpc.sleep.time = 25ms (default)
2023-10-08 16:27:10,182 [428a18af-32d9-48f2-b55a-04ca97c8809a-groupManagement] INFO  server.RaftServerConfigKeys (ConfUtils.java:logGet(46)) - raft.server.rpc.slowness.timeout = 300s (custom)
2023-10-08 16:27:10,182 [428a18af-32d9-48f2-b55a-04ca97c8809a-groupManagement] INFO  server.RaftServerConfigKeys (ConfUtils.java:logGet(46)) - raft.server.leaderelection.leader.step-down.wait-time = 10s (default)
2023-10-08 16:27:10,182 [428a18af-32d9-48f2-b55a-04ca97c8809a-groupManagement] INFO  server.RaftServerConfigKeys (ConfUtils.java:logGet(46)) - raft.server.sleep.deviation.threshold = 300ms (default)
2023-10-08 16:27:10,182 [428a18af-32d9-48f2-b55a-04ca97c8809a-groupManagement] INFO  server.RaftServer$Division (ServerState.java:<init>(120)) - 428a18af-32d9-48f2-b55a-04ca97c8809a@group-5E51BB36FB23: ConfigurationManager, init=-1: peers:[0847a53b-a5e1-4a6e-9c94-ed2bc3fb4d81|rpc:10.1.0.4:15031|admin:10.1.0.4:15030|client:10.1.0.4:15029|dataStream:10.1.0.4:15032|priority:0|startupRole:FOLLOWER, a831d948-6e5a-44aa-8e9b-507a09ef5801|rpc:10.1.0.4:15022|admin:10.1.0.4:15021|client:10.1.0.4:15020|dataStream:10.1.0.4:15023|priority:1|startupRole:FOLLOWER, 428a18af-32d9-48f2-b55a-04ca97c8809a|rpc:10.1.0.4:15040|admin:10.1.0.4:15039|client:10.1.0.4:15038|dataStream:10.1.0.4:15041|priority:0|startupRole:FOLLOWER]|listeners:[], old=null, confs=<EMPTY_MAP>
2023-10-08 16:27:10,182 [428a18af-32d9-48f2-b55a-04ca97c8809a-groupManagement] INFO  server.RaftServerConfigKeys (ConfUtils.java:logGet(46)) - raft.server.storage.dir = [/home/runner/work/ozone/ozone/hadoop-ozone/integration-test/target/test-dir/MiniOzoneClusterImpl-c8a21aad-f255-4385-b304-f7d4bfe38451/datanode-2/data/ratis] (custom)
2023-10-08 16:27:10,182 [428a18af-32d9-48f2-b55a-04ca97c8809a-groupManagement] INFO  server.RaftServerConfigKeys (ConfUtils.java:logGet(46)) - raft.server.log.corruption.policy = EXCEPTION (default)
2023-10-08 16:27:10,182 [428a18af-32d9-48f2-b55a-04ca97c8809a-groupManagement] INFO  server.RaftServerConfigKeys (ConfUtils.java:logGet(46)) - raft.server.storage.free-space.min = 0MB (=0) (default)
2023-10-08 16:27:10,182 [428a18af-32d9-48f2-b55a-04ca97c8809a-groupManagement] INFO  server.RaftServerConfigKeys (ConfUtils.java:logGet(46)) - raft.server.notification.no-leader.timeout = 300s (custom)
2023-10-08 16:27:10,182 [428a18af-32d9-48f2-b55a-04ca97c8809a-groupManagement] INFO  server.RaftServerConfigKeys (ConfUtils.java:logGet(46)) - raft.server.read.timeout = 10s (default)
2023-10-08 16:27:10,182 [428a18af-32d9-48f2-b55a-04ca97c8809a-groupManagement] INFO  server.RaftServerConfigKeys (ConfUtils.java:logGet(46)) - raft.server.retrycache.expirytime = 600000ms (custom)
2023-10-08 16:27:10,182 [428a18af-32d9-48f2-b55a-04ca97c8809a-groupManagement] INFO  server.RaftServerConfigKeys (ConfUtils.java:logGet(46)) - raft.server.retrycache.statistics.expirytime = 100μs (default)
2023-10-08 16:27:10,182 [428a18af-32d9-48f2-b55a-04ca97c8809a-groupManagement] INFO  server.RaftServerConfigKeys (ConfUtils.java:logGet(46)) - raft.server.read.option = DEFAULT (default)
2023-10-08 16:27:10,194 [428a18af-32d9-48f2-b55a-04ca97c8809a-groupManagement] INFO  server.RaftServerConfigKeys (ConfUtils.java:logGet(46)) - raft.server.rpc.request.timeout = 60s (custom)
2023-10-08 16:27:10,195 [428a18af-32d9-48f2-b55a-04ca97c8809a-groupManagement] INFO  server.RaftServerConfigKeys (ConfUtils.java:logGet(46)) - raft.server.log.appender.install.snapshot.enabled = false (custom)
2023-10-08 16:27:10,195 [428a18af-32d9-48f2-b55a-04ca97c8809a-groupManagement] INFO  server.RaftServerConfigKeys (ConfUtils.java:logGet(46)) - raft.server.threadpool.server.cached = true (default)
2023-10-08 16:27:10,195 [428a18af-32d9-48f2-b55a-04ca97c8809a-groupManagement] INFO  server.RaftServerConfigKeys (ConfUtils.java:logGet(46)) - raft.server.threadpool.server.size = 0 (default)
2023-10-08 16:27:10,195 [428a18af-32d9-48f2-b55a-04ca97c8809a-groupManagement] INFO  server.RaftServerConfigKeys (ConfUtils.java:logGet(46)) - raft.server.threadpool.client.cached = true (default)
2023-10-08 16:27:10,195 [428a18af-32d9-48f2-b55a-04ca97c8809a-groupManagement] INFO  server.RaftServerConfigKeys (ConfUtils.java:logGet(46)) - raft.server.threadpool.client.size = 0 (default)
2023-10-08 16:27:10,195 [428a18af-32d9-48f2-b55a-04ca97c8809a-groupManagement] INFO  storage.RaftStorageDirectory (RaftStorageDirectoryImpl.java:analyzeStorage(137)) - The storage directory /home/runner/work/ozone/ozone/hadoop-ozone/integration-test/target/test-dir/MiniOzoneClusterImpl-c8a21aad-f255-4385-b304-f7d4bfe38451/datanode-2/data/ratis/d8c9c998-7749-44ea-9b67-5e51bb36fb23 does not exist. Creating ...
2023-10-08 16:27:10,198 [428a18af-32d9-48f2-b55a-04ca97c8809a-groupManagement] INFO  storage.RaftStorageDirectory (RaftStorageDirectoryImpl.java:tryLock(231)) - Lock on /home/runner/work/ozone/ozone/hadoop-ozone/integration-test/target/test-dir/MiniOzoneClusterImpl-c8a21aad-f255-4385-b304-f7d4bfe38451/datanode-2/data/ratis/d8c9c998-7749-44ea-9b67-5e51bb36fb23/in_use.lock acquired by nodename 29017@fv-az550-77
2023-10-08 16:27:10,200 [428a18af-32d9-48f2-b55a-04ca97c8809a-groupManagement] INFO  storage.RaftStorage (RaftStorageImpl.java:format(96)) - Storage directory /home/runner/work/ozone/ozone/hadoop-ozone/integration-test/target/test-dir/MiniOzoneClusterImpl-c8a21aad-f255-4385-b304-f7d4bfe38451/datanode-2/data/ratis/d8c9c998-7749-44ea-9b67-5e51bb36fb23 has been successfully formatted.
2023-10-08 16:27:10,202 [428a18af-32d9-48f2-b55a-04ca97c8809a-groupManagement] INFO  ratis.ContainerStateMachine (ContainerStateMachine.java:loadSnapshot(262)) - group-5E51BB36FB23: The snapshot info is null. Setting the last applied indexto:(t:0, i:~)
2023-10-08 16:27:10,203 [428a18af-32d9-48f2-b55a-04ca97c8809a-groupManagement] INFO  server.RaftServerConfigKeys (ConfUtils.java:logGet(46)) - raft.server.log.use.memory = false (default)
2023-10-08 16:27:10,204 [428a18af-32d9-48f2-b55a-04ca97c8809a-groupManagement] INFO  server.RaftServerConfigKeys (ConfUtils.java:logGet(46)) - raft.server.log.purge.gap = 1000000 (custom)
2023-10-08 16:27:10,204 [428a18af-32d9-48f2-b55a-04ca97c8809a-groupManagement] INFO  server.RaftServerConfigKeys (ConfUtils.java:logGet(46)) - raft.server.log.appender.buffer.byte-limit = 33554432 (custom)
2023-10-08 16:27:10,204 [428a18af-32d9-48f2-b55a-04ca97c8809a-groupManagement] INFO  server.RaftServerConfigKeys (ConfUtils.java:logGet(46)) - raft.server.log.statemachine.data.read.timeout = 1000ms (default)
2023-10-08 16:27:10,204 [428a18af-32d9-48f2-b55a-04ca97c8809a-groupManagement] INFO  server.RaftServerConfigKeys (ConfUtils.java:logGet(46)) - raft.server.log.purge.preservation.log.num = 0 (default)
2023-10-08 16:27:10,204 [428a18af-32d9-48f2-b55a-04ca97c8809a-groupManagement] INFO  server.RaftServerConfigKeys (ConfUtils.java:logGet(46)) - raft.server.log.segment.size.max = 1048576 (custom)
2023-10-08 16:27:10,204 [428a18af-32d9-48f2-b55a-04ca97c8809a-groupManagement] INFO  server.RaftServerConfigKeys (ConfUtils.java:logGet(46)) - raft.server.log.segment.cache.num.max = 2 (custom)
2023-10-08 16:27:10,204 [428a18af-32d9-48f2-b55a-04ca97c8809a-groupManagement] INFO  server.RaftServerConfigKeys (ConfUtils.java:logGet(46)) - raft.server.log.segment.cache.size.max = 200MB (=209715200) (default)
2023-10-08 16:27:10,205 [428a18af-32d9-48f2-b55a-04ca97c8809a-groupManagement] INFO  server.RaftServerConfigKeys (ConfUtils.java:logGet(46)) - raft.server.log.appender.buffer.byte-limit = 33554432 (custom)
2023-10-08 16:27:10,205 [428a18af-32d9-48f2-b55a-04ca97c8809a-groupManagement] INFO  segmented.SegmentedRaftLogWorker (SegmentedRaftLogWorker.java:<init>(188)) - new 428a18af-32d9-48f2-b55a-04ca97c8809a@group-5E51BB36FB23-SegmentedRaftLogWorker for RaftStorageImpl:Storage Directory /home/runner/work/ozone/ozone/hadoop-ozone/integration-test/target/test-dir/MiniOzoneClusterImpl-c8a21aad-f255-4385-b304-f7d4bfe38451/datanode-2/data/ratis/d8c9c998-7749-44ea-9b67-5e51bb36fb23
2023-10-08 16:27:10,205 [428a18af-32d9-48f2-b55a-04ca97c8809a-groupManagement] INFO  server.RaftServerConfigKeys (ConfUtils.java:logGet(46)) - raft.server.log.queue.byte-limit = 4294967296 (custom)
2023-10-08 16:27:10,205 [428a18af-32d9-48f2-b55a-04ca97c8809a-groupManagement] INFO  server.RaftServerConfigKeys (ConfUtils.java:logGet(46)) - raft.server.log.queue.element-limit = 1024 (custom)
2023-10-08 16:27:10,205 [428a18af-32d9-48f2-b55a-04ca97c8809a-groupManagement] INFO  server.RaftServerConfigKeys (ConfUtils.java:logGet(46)) - raft.server.log.segment.size.max = 1048576 (custom)
2023-10-08 16:27:10,205 [428a18af-32d9-48f2-b55a-04ca97c8809a-groupManagement] INFO  server.RaftServerConfigKeys (ConfUtils.java:logGet(46)) - raft.server.log.preallocated.size = 16384 (custom)
2023-10-08 16:27:10,205 [428a18af-32d9-48f2-b55a-04ca97c8809a-groupManagement] INFO  server.RaftServerConfigKeys (ConfUtils.java:logGet(46)) - raft.server.log.force.sync.num = 128 (default)
2023-10-08 16:27:10,206 [428a18af-32d9-48f2-b55a-04ca97c8809a-groupManagement] INFO  server.RaftServerConfigKeys (ConfUtils.java:logGet(46)) - raft.server.log.statemachine.data.sync = true (default)
2023-10-08 16:27:10,207 [428a18af-32d9-48f2-b55a-04ca97c8809a-groupManagement] INFO  server.RaftServerConfigKeys (ConfUtils.java:logGet(46)) - raft.server.log.statemachine.data.sync.timeout = 10s (default)
2023-10-08 16:27:10,207 [428a18af-32d9-48f2-b55a-04ca97c8809a-groupManagement] INFO  server.RaftServerConfigKeys (ConfUtils.java:logGet(46)) - raft.server.log.statemachine.data.sync.timeout.retry = -1 (default)
2023-10-08 16:27:10,207 [428a18af-32d9-48f2-b55a-04ca97c8809a-groupManagement] INFO  server.RaftServerConfigKeys (ConfUtils.java:logGet(46)) - raft.server.log.write.buffer.size = 1048576 (custom)
2023-10-08 16:27:10,208 [428a18af-32d9-48f2-b55a-04ca97c8809a-groupManagement] INFO  server.RaftServerConfigKeys (ConfUtils.java:logGet(46)) - raft.server.log.appender.buffer.byte-limit = 33554432 (custom)
2023-10-08 16:27:10,213 [428a18af-32d9-48f2-b55a-04ca97c8809a-groupManagement] INFO  server.RaftServerConfigKeys (ConfUtils.java:logGet(46)) - raft.server.log.unsafe-flush.enabled = false (default)
2023-10-08 16:27:10,213 [428a18af-32d9-48f2-b55a-04ca97c8809a-groupManagement] INFO  server.RaftServerConfigKeys (ConfUtils.java:logGet(46)) - raft.server.log.async-flush.enabled = false (default)
2023-10-08 16:27:10,213 [428a18af-32d9-48f2-b55a-04ca97c8809a-groupManagement] INFO  server.RaftServerConfigKeys (ConfUtils.java:logGet(46)) - raft.server.log.statemachine.data.caching.enabled = true (custom)
2023-10-08 16:27:10,214 [428a18af-32d9-48f2-b55a-04ca97c8809a-groupManagement] INFO  segmented.SegmentedRaftLogWorker (SegmentedRaftLogWorker.java:lambda$new$0(135)) - 428a18af-32d9-48f2-b55a-04ca97c8809a@group-5E51BB36FB23-SegmentedRaftLogWorker: flushIndex: setUnconditionally 0 -> -1
2023-10-08 16:27:10,214 [428a18af-32d9-48f2-b55a-04ca97c8809a-groupManagement] INFO  segmented.SegmentedRaftLogWorker (SegmentedRaftLogWorker.java:lambda$new$0(135)) - 428a18af-32d9-48f2-b55a-04ca97c8809a@group-5E51BB36FB23-SegmentedRaftLogWorker: safeCacheEvictIndex: setUnconditionally 0 -> -1
2023-10-08 16:27:10,214 [428a18af-32d9-48f2-b55a-04ca97c8809a-groupManagement] INFO  server.RaftServer$Division (RaftServerImpl.java:start(342)) - 428a18af-32d9-48f2-b55a-04ca97c8809a@group-5E51BB36FB23: start as a follower, conf=-1: peers:[0847a53b-a5e1-4a6e-9c94-ed2bc3fb4d81|rpc:10.1.0.4:15031|admin:10.1.0.4:15030|client:10.1.0.4:15029|dataStream:10.1.0.4:15032|priority:0|startupRole:FOLLOWER, a831d948-6e5a-44aa-8e9b-507a09ef5801|rpc:10.1.0.4:15022|admin:10.1.0.4:15021|client:10.1.0.4:15020|dataStream:10.1.0.4:15023|priority:1|startupRole:FOLLOWER, 428a18af-32d9-48f2-b55a-04ca97c8809a|rpc:10.1.0.4:15040|admin:10.1.0.4:15039|client:10.1.0.4:15038|dataStream:10.1.0.4:15041|priority:0|startupRole:FOLLOWER]|listeners:[], old=null
2023-10-08 16:27:10,214 [428a18af-32d9-48f2-b55a-04ca97c8809a-groupManagement] INFO  server.RaftServer$Division (RaftServerImpl.java:setRole(329)) - 428a18af-32d9-48f2-b55a-04ca97c8809a@group-5E51BB36FB23: changes role from      null to FOLLOWER at term 0 for startAsFollower
2023-10-08 16:27:10,214 [428a18af-32d9-48f2-b55a-04ca97c8809a-groupManagement] INFO  impl.RoleInfo (RoleInfo.java:updateAndGet(139)) - 428a18af-32d9-48f2-b55a-04ca97c8809a: start 428a18af-32d9-48f2-b55a-04ca97c8809a@group-5E51BB36FB23-FollowerState
2023-10-08 16:27:10,214 [428a18af-32d9-48f2-b55a-04ca97c8809a-groupManagement] INFO  util.JmxRegister (JmxRegister.java:tryRegister(44)) - Successfully registered JMX Bean with object name Ratis:service=RaftServer,group=group-5E51BB36FB23,id=428a18af-32d9-48f2-b55a-04ca97c8809a
2023-10-08 16:27:10,214 [428a18af-32d9-48f2-b55a-04ca97c8809a@group-5E51BB36FB23-FollowerState] INFO  server.RaftServerConfigKeys (ConfUtils.java:logFallback(53)) - raft.server.rpc.first-election.timeout.min = 5s (fallback to raft.server.rpc.timeout.min)
2023-10-08 16:27:10,216 [428a18af-32d9-48f2-b55a-04ca97c8809a@group-5E51BB36FB23-FollowerState] INFO  server.RaftServerConfigKeys (ConfUtils.java:logFallback(53)) - raft.server.rpc.first-election.timeout.max = 5200ms (fallback to raft.server.rpc.timeout.max)
2023-10-08 16:27:10,216 [428a18af-32d9-48f2-b55a-04ca97c8809a-groupManagement] INFO  server.RaftServerConfigKeys (ConfUtils.java:logGet(46)) - raft.server.snapshot.auto.trigger.enabled = true (custom)
2023-10-08 16:27:10,216 [428a18af-32d9-48f2-b55a-04ca97c8809a-groupManagement] INFO  server.RaftServerConfigKeys (ConfUtils.java:logGet(46)) - raft.server.snapshot.auto.trigger.threshold = 10000 (custom)
2023-10-08 16:27:10,217 [428a18af-32d9-48f2-b55a-04ca97c8809a-groupManagement] INFO  server.RaftServerConfigKeys (ConfUtils.java:logGet(46)) - raft.server.snapshot.retention.file.num = 5 (custom)
2023-10-08 16:27:10,217 [428a18af-32d9-48f2-b55a-04ca97c8809a-groupManagement] INFO  server.RaftServerConfigKeys (ConfUtils.java:logGet(46)) - raft.server.log.purge.upto.snapshot.index = false (default)
2023-10-08 16:27:10,267 [grpc-default-executor-1] INFO  server.RaftServer (RaftServerProxy.java:addNew(98)) - 0847a53b-a5e1-4a6e-9c94-ed2bc3fb4d81: addNew group-5E51BB36FB23:[0847a53b-a5e1-4a6e-9c94-ed2bc3fb4d81|rpc:10.1.0.4:15031|admin:10.1.0.4:15030|client:10.1.0.4:15029|dataStream:10.1.0.4:15032|priority:0|startupRole:FOLLOWER, a831d948-6e5a-44aa-8e9b-507a09ef5801|rpc:10.1.0.4:15022|admin:10.1.0.4:15021|client:10.1.0.4:15020|dataStream:10.1.0.4:15023|priority:1|startupRole:FOLLOWER, 428a18af-32d9-48f2-b55a-04ca97c8809a|rpc:10.1.0.4:15040|admin:10.1.0.4:15039|client:10.1.0.4:15038|dataStream:10.1.0.4:15041|priority:0|startupRole:FOLLOWER] returns group-5E51BB36FB23:java.util.concurrent.CompletableFuture@56413658[Not completed]
2023-10-08 16:27:10,275 [0847a53b-a5e1-4a6e-9c94-ed2bc3fb4d81-groupManagement] INFO  server.RaftServer$Division (RaftServerImpl.java:<init>(198)) - 0847a53b-a5e1-4a6e-9c94-ed2bc3fb4d81: new RaftServerImpl for group-5E51BB36FB23:[0847a53b-a5e1-4a6e-9c94-ed2bc3fb4d81|rpc:10.1.0.4:15031|admin:10.1.0.4:15030|client:10.1.0.4:15029|dataStream:10.1.0.4:15032|priority:0|startupRole:FOLLOWER, a831d948-6e5a-44aa-8e9b-507a09ef5801|rpc:10.1.0.4:15022|admin:10.1.0.4:15021|client:10.1.0.4:15020|dataStream:10.1.0.4:15023|priority:1|startupRole:FOLLOWER, 428a18af-32d9-48f2-b55a-04ca97c8809a|rpc:10.1.0.4:15040|admin:10.1.0.4:15039|client:10.1.0.4:15038|dataStream:10.1.0.4:15041|priority:0|startupRole:FOLLOWER] with ContainerStateMachine:uninitialized
2023-10-08 16:27:10,275 [0847a53b-a5e1-4a6e-9c94-ed2bc3fb4d81-groupManagement] INFO  server.RaftServerConfigKeys (ConfUtils.java:logGet(46)) - raft.server.rpc.timeout.min = 5s (custom)
2023-10-08 16:27:10,275 [0847a53b-a5e1-4a6e-9c94-ed2bc3fb4d81-groupManagement] INFO  server.RaftServerConfigKeys (ConfUtils.java:logGet(46)) - raft.server.rpc.timeout.max = 5200ms (custom)
2023-10-08 16:27:10,275 [0847a53b-a5e1-4a6e-9c94-ed2bc3fb4d81-groupManagement] INFO  server.RaftServerConfigKeys (ConfUtils.java:logGet(46)) - raft.server.rpc.sleep.time = 25ms (default)
2023-10-08 16:27:10,275 [0847a53b-a5e1-4a6e-9c94-ed2bc3fb4d81-groupManagement] INFO  server.RaftServerConfigKeys (ConfUtils.java:logGet(46)) - raft.server.rpc.slowness.timeout = 300s (custom)
2023-10-08 16:27:10,275 [0847a53b-a5e1-4a6e-9c94-ed2bc3fb4d81-groupManagement] INFO  server.RaftServerConfigKeys (ConfUtils.java:logGet(46)) - raft.server.leaderelection.leader.step-down.wait-time = 10s (default)
2023-10-08 16:27:10,275 [0847a53b-a5e1-4a6e-9c94-ed2bc3fb4d81-groupManagement] INFO  server.RaftServerConfigKeys (ConfUtils.java:logGet(46)) - raft.server.sleep.deviation.threshold = 300ms (default)
2023-10-08 16:27:10,275 [0847a53b-a5e1-4a6e-9c94-ed2bc3fb4d81-groupManagement] INFO  server.RaftServer$Division (ServerState.java:<init>(120)) - 0847a53b-a5e1-4a6e-9c94-ed2bc3fb4d81@group-5E51BB36FB23: ConfigurationManager, init=-1: peers:[0847a53b-a5e1-4a6e-9c94-ed2bc3fb4d81|rpc:10.1.0.4:15031|admin:10.1.0.4:15030|client:10.1.0.4:15029|dataStream:10.1.0.4:15032|priority:0|startupRole:FOLLOWER, a831d948-6e5a-44aa-8e9b-507a09ef5801|rpc:10.1.0.4:15022|admin:10.1.0.4:15021|client:10.1.0.4:15020|dataStream:10.1.0.4:15023|priority:1|startupRole:FOLLOWER, 428a18af-32d9-48f2-b55a-04ca97c8809a|rpc:10.1.0.4:15040|admin:10.1.0.4:15039|client:10.1.0.4:15038|dataStream:10.1.0.4:15041|priority:0|startupRole:FOLLOWER]|listeners:[], old=null, confs=<EMPTY_MAP>
2023-10-08 16:27:10,275 [0847a53b-a5e1-4a6e-9c94-ed2bc3fb4d81-groupManagement] INFO  server.RaftServerConfigKeys (ConfUtils.java:logGet(46)) - raft.server.storage.dir = [/home/runner/work/ozone/ozone/hadoop-ozone/integration-test/target/test-dir/MiniOzoneClusterImpl-c8a21aad-f255-4385-b304-f7d4bfe38451/datanode-1/data/ratis] (custom)
2023-10-08 16:27:10,276 [0847a53b-a5e1-4a6e-9c94-ed2bc3fb4d81-groupManagement] INFO  server.RaftServerConfigKeys (ConfUtils.java:logGet(46)) - raft.server.log.corruption.policy = EXCEPTION (default)
2023-10-08 16:27:10,276 [0847a53b-a5e1-4a6e-9c94-ed2bc3fb4d81-groupManagement] INFO  server.RaftServerConfigKeys (ConfUtils.java:logGet(46)) - raft.server.storage.free-space.min = 0MB (=0) (default)
2023-10-08 16:27:10,276 [0847a53b-a5e1-4a6e-9c94-ed2bc3fb4d81-groupManagement] INFO  server.RaftServerConfigKeys (ConfUtils.java:logGet(46)) - raft.server.notification.no-leader.timeout = 300s (custom)
2023-10-08 16:27:10,276 [0847a53b-a5e1-4a6e-9c94-ed2bc3fb4d81-groupManagement] INFO  server.RaftServerConfigKeys (ConfUtils.java:logGet(46)) - raft.server.read.timeout = 10s (default)
2023-10-08 16:27:10,276 [0847a53b-a5e1-4a6e-9c94-ed2bc3fb4d81-groupManagement] INFO  server.RaftServerConfigKeys (ConfUtils.java:logGet(46)) - raft.server.retrycache.expirytime = 600000ms (custom)
2023-10-08 16:27:10,276 [0847a53b-a5e1-4a6e-9c94-ed2bc3fb4d81-groupManagement] INFO  server.RaftServerConfigKeys (ConfUtils.java:logGet(46)) - raft.server.retrycache.statistics.expirytime = 100μs (default)
2023-10-08 16:27:10,276 [0847a53b-a5e1-4a6e-9c94-ed2bc3fb4d81-groupManagement] INFO  server.RaftServerConfigKeys (ConfUtils.java:logGet(46)) - raft.server.read.option = DEFAULT (default)
2023-10-08 16:27:10,279 [0847a53b-a5e1-4a6e-9c94-ed2bc3fb4d81-groupManagement] INFO  server.RaftServerConfigKeys (ConfUtils.java:logGet(46)) - raft.server.rpc.request.timeout = 60s (custom)
2023-10-08 16:27:10,279 [0847a53b-a5e1-4a6e-9c94-ed2bc3fb4d81-groupManagement] INFO  server.RaftServerConfigKeys (ConfUtils.java:logGet(46)) - raft.server.log.appender.install.snapshot.enabled = false (custom)
2023-10-08 16:27:10,279 [0847a53b-a5e1-4a6e-9c94-ed2bc3fb4d81-groupManagement] INFO  server.RaftServerConfigKeys (ConfUtils.java:logGet(46)) - raft.server.threadpool.server.cached = true (default)
2023-10-08 16:27:10,280 [0847a53b-a5e1-4a6e-9c94-ed2bc3fb4d81-groupManagement] INFO  server.RaftServerConfigKeys (ConfUtils.java:logGet(46)) - raft.server.threadpool.server.size = 0 (default)
2023-10-08 16:27:10,280 [0847a53b-a5e1-4a6e-9c94-ed2bc3fb4d81-groupManagement] INFO  server.RaftServerConfigKeys (ConfUtils.java:logGet(46)) - raft.server.threadpool.client.cached = true (default)
2023-10-08 16:27:10,280 [0847a53b-a5e1-4a6e-9c94-ed2bc3fb4d81-groupManagement] INFO  server.RaftServerConfigKeys (ConfUtils.java:logGet(46)) - raft.server.threadpool.client.size = 0 (default)
2023-10-08 16:27:10,280 [0847a53b-a5e1-4a6e-9c94-ed2bc3fb4d81-groupManagement] INFO  storage.RaftStorageDirectory (RaftStorageDirectoryImpl.java:analyzeStorage(137)) - The storage directory /home/runner/work/ozone/ozone/hadoop-ozone/integration-test/target/test-dir/MiniOzoneClusterImpl-c8a21aad-f255-4385-b304-f7d4bfe38451/datanode-1/data/ratis/d8c9c998-7749-44ea-9b67-5e51bb36fb23 does not exist. Creating ...
2023-10-08 16:27:10,281 [0847a53b-a5e1-4a6e-9c94-ed2bc3fb4d81-groupManagement] INFO  storage.RaftStorageDirectory (RaftStorageDirectoryImpl.java:tryLock(231)) - Lock on /home/runner/work/ozone/ozone/hadoop-ozone/integration-test/target/test-dir/MiniOzoneClusterImpl-c8a21aad-f255-4385-b304-f7d4bfe38451/datanode-1/data/ratis/d8c9c998-7749-44ea-9b67-5e51bb36fb23/in_use.lock acquired by nodename 29017@fv-az550-77
2023-10-08 16:27:10,282 [0847a53b-a5e1-4a6e-9c94-ed2bc3fb4d81-groupManagement] INFO  storage.RaftStorage (RaftStorageImpl.java:format(96)) - Storage directory /home/runner/work/ozone/ozone/hadoop-ozone/integration-test/target/test-dir/MiniOzoneClusterImpl-c8a21aad-f255-4385-b304-f7d4bfe38451/datanode-1/data/ratis/d8c9c998-7749-44ea-9b67-5e51bb36fb23 has been successfully formatted.
2023-10-08 16:27:10,283 [0847a53b-a5e1-4a6e-9c94-ed2bc3fb4d81-groupManagement] INFO  ratis.ContainerStateMachine (ContainerStateMachine.java:loadSnapshot(262)) - group-5E51BB36FB23: The snapshot info is null. Setting the last applied indexto:(t:0, i:~)
2023-10-08 16:27:10,283 [0847a53b-a5e1-4a6e-9c94-ed2bc3fb4d81-groupManagement] INFO  server.RaftServerConfigKeys (ConfUtils.java:logGet(46)) - raft.server.log.use.memory = false (default)
2023-10-08 16:27:10,284 [0847a53b-a5e1-4a6e-9c94-ed2bc3fb4d81-groupManagement] INFO  server.RaftServerConfigKeys (ConfUtils.java:logGet(46)) - raft.server.log.purge.gap = 1000000 (custom)
2023-10-08 16:27:10,284 [0847a53b-a5e1-4a6e-9c94-ed2bc3fb4d81-groupManagement] INFO  server.RaftServerConfigKeys (ConfUtils.java:logGet(46)) - raft.server.log.appender.buffer.byte-limit = 33554432 (custom)
2023-10-08 16:27:10,287 [0847a53b-a5e1-4a6e-9c94-ed2bc3fb4d81-groupManagement] INFO  server.RaftServerConfigKeys (ConfUtils.java:logGet(46)) - raft.server.log.statemachine.data.read.timeout = 1000ms (default)
2023-10-08 16:27:10,287 [0847a53b-a5e1-4a6e-9c94-ed2bc3fb4d81-groupManagement] INFO  server.RaftServerConfigKeys (ConfUtils.java:logGet(46)) - raft.server.log.purge.preservation.log.num = 0 (default)
2023-10-08 16:27:10,289 [0847a53b-a5e1-4a6e-9c94-ed2bc3fb4d81-groupManagement] INFO  server.RaftServerConfigKeys (ConfUtils.java:logGet(46)) - raft.server.log.segment.size.max = 1048576 (custom)
2023-10-08 16:27:10,290 [0847a53b-a5e1-4a6e-9c94-ed2bc3fb4d81-groupManagement] INFO  server.RaftServerConfigKeys (ConfUtils.java:logGet(46)) - raft.server.log.segment.cache.num.max = 2 (custom)
2023-10-08 16:27:10,290 [0847a53b-a5e1-4a6e-9c94-ed2bc3fb4d81-groupManagement] INFO  server.RaftServerConfigKeys (ConfUtils.java:logGet(46)) - raft.server.log.segment.cache.size.max = 200MB (=209715200) (default)
2023-10-08 16:27:10,290 [0847a53b-a5e1-4a6e-9c94-ed2bc3fb4d81-groupManagement] INFO  server.RaftServerConfigKeys (ConfUtils.java:logGet(46)) - raft.server.log.appender.buffer.byte-limit = 33554432 (custom)
2023-10-08 16:27:10,290 [0847a53b-a5e1-4a6e-9c94-ed2bc3fb4d81-groupManagement] INFO  segmented.SegmentedRaftLogWorker (SegmentedRaftLogWorker.java:<init>(188)) - new 0847a53b-a5e1-4a6e-9c94-ed2bc3fb4d81@group-5E51BB36FB23-SegmentedRaftLogWorker for RaftStorageImpl:Storage Directory /home/runner/work/ozone/ozone/hadoop-ozone/integration-test/target/test-dir/MiniOzoneClusterImpl-c8a21aad-f255-4385-b304-f7d4bfe38451/datanode-1/data/ratis/d8c9c998-7749-44ea-9b67-5e51bb36fb23
2023-10-08 16:27:10,290 [0847a53b-a5e1-4a6e-9c94-ed2bc3fb4d81-groupManagement] INFO  server.RaftServerConfigKeys (ConfUtils.java:logGet(46)) - raft.server.log.queue.byte-limit = 4294967296 (custom)
2023-10-08 16:27:10,290 [0847a53b-a5e1-4a6e-9c94-ed2bc3fb4d81-groupManagement] INFO  server.RaftServerConfigKeys (ConfUtils.java:logGet(46)) - raft.server.log.queue.element-limit = 1024 (custom)
2023-10-08 16:27:10,290 [0847a53b-a5e1-4a6e-9c94-ed2bc3fb4d81-groupManagement] INFO  server.RaftServerConfigKeys (ConfUtils.java:logGet(46)) - raft.server.log.segment.size.max = 1048576 (custom)
2023-10-08 16:27:10,290 [0847a53b-a5e1-4a6e-9c94-ed2bc3fb4d81-groupManagement] INFO  server.RaftServerConfigKeys (ConfUtils.java:logGet(46)) - raft.server.log.preallocated.size = 16384 (custom)
2023-10-08 16:27:10,290 [0847a53b-a5e1-4a6e-9c94-ed2bc3fb4d81-groupManagement] INFO  server.RaftServerConfigKeys (ConfUtils.java:logGet(46)) - raft.server.log.force.sync.num = 128 (default)
2023-10-08 16:27:10,290 [0847a53b-a5e1-4a6e-9c94-ed2bc3fb4d81-groupManagement] INFO  server.RaftServerConfigKeys (ConfUtils.java:logGet(46)) - raft.server.log.statemachine.data.sync = true (default)
2023-10-08 16:27:10,290 [0847a53b-a5e1-4a6e-9c94-ed2bc3fb4d81-groupManagement] INFO  server.RaftServerConfigKeys (ConfUtils.java:logGet(46)) - raft.server.log.statemachine.data.sync.timeout = 10s (default)
2023-10-08 16:27:10,290 [0847a53b-a5e1-4a6e-9c94-ed2bc3fb4d81-groupManagement] INFO  server.RaftServerConfigKeys (ConfUtils.java:logGet(46)) - raft.server.log.statemachine.data.sync.timeout.retry = -1 (default)
2023-10-08 16:27:10,292 [0847a53b-a5e1-4a6e-9c94-ed2bc3fb4d81-groupManagement] INFO  server.RaftServerConfigKeys (ConfUtils.java:logGet(46)) - raft.server.log.write.buffer.size = 1048576 (custom)
2023-10-08 16:27:10,292 [0847a53b-a5e1-4a6e-9c94-ed2bc3fb4d81-groupManagement] INFO  server.RaftServerConfigKeys (ConfUtils.java:logGet(46)) - raft.server.log.appender.buffer.byte-limit = 33554432 (custom)
2023-10-08 16:27:10,297 [0847a53b-a5e1-4a6e-9c94-ed2bc3fb4d81-groupManagement] INFO  server.RaftServerConfigKeys (ConfUtils.java:logGet(46)) - raft.server.log.unsafe-flush.enabled = false (default)
2023-10-08 16:27:10,297 [0847a53b-a5e1-4a6e-9c94-ed2bc3fb4d81-groupManagement] INFO  server.RaftServerConfigKeys (ConfUtils.java:logGet(46)) - raft.server.log.async-flush.enabled = false (default)
2023-10-08 16:27:10,297 [0847a53b-a5e1-4a6e-9c94-ed2bc3fb4d81-groupManagement] INFO  server.RaftServerConfigKeys (ConfUtils.java:logGet(46)) - raft.server.log.statemachine.data.caching.enabled = true (custom)
2023-10-08 16:27:10,297 [0847a53b-a5e1-4a6e-9c94-ed2bc3fb4d81-groupManagement] INFO  segmented.SegmentedRaftLogWorker (SegmentedRaftLogWorker.java:lambda$new$0(135)) - 0847a53b-a5e1-4a6e-9c94-ed2bc3fb4d81@group-5E51BB36FB23-SegmentedRaftLogWorker: flushIndex: setUnconditionally 0 -> -1
2023-10-08 16:27:10,298 [0847a53b-a5e1-4a6e-9c94-ed2bc3fb4d81-groupManagement] INFO  segmented.SegmentedRaftLogWorker (SegmentedRaftLogWorker.java:lambda$new$0(135)) - 0847a53b-a5e1-4a6e-9c94-ed2bc3fb4d81@group-5E51BB36FB23-SegmentedRaftLogWorker: safeCacheEvictIndex: setUnconditionally 0 -> -1
2023-10-08 16:27:10,298 [0847a53b-a5e1-4a6e-9c94-ed2bc3fb4d81-groupManagement] INFO  server.RaftServer$Division (RaftServerImpl.java:start(342)) - 0847a53b-a5e1-4a6e-9c94-ed2bc3fb4d81@group-5E51BB36FB23: start as a follower, conf=-1: peers:[0847a53b-a5e1-4a6e-9c94-ed2bc3fb4d81|rpc:10.1.0.4:15031|admin:10.1.0.4:15030|client:10.1.0.4:15029|dataStream:10.1.0.4:15032|priority:0|startupRole:FOLLOWER, a831d948-6e5a-44aa-8e9b-507a09ef5801|rpc:10.1.0.4:15022|admin:10.1.0.4:15021|client:10.1.0.4:15020|dataStream:10.1.0.4:15023|priority:1|startupRole:FOLLOWER, 428a18af-32d9-48f2-b55a-04ca97c8809a|rpc:10.1.0.4:15040|admin:10.1.0.4:15039|client:10.1.0.4:15038|dataStream:10.1.0.4:15041|priority:0|startupRole:FOLLOWER]|listeners:[], old=null
2023-10-08 16:27:10,298 [0847a53b-a5e1-4a6e-9c94-ed2bc3fb4d81-groupManagement] INFO  server.RaftServer$Division (RaftServerImpl.java:setRole(329)) - 0847a53b-a5e1-4a6e-9c94-ed2bc3fb4d81@group-5E51BB36FB23: changes role from      null to FOLLOWER at term 0 for startAsFollower
2023-10-08 16:27:10,298 [0847a53b-a5e1-4a6e-9c94-ed2bc3fb4d81-groupManagement] INFO  impl.RoleInfo (RoleInfo.java:updateAndGet(139)) - 0847a53b-a5e1-4a6e-9c94-ed2bc3fb4d81: start 0847a53b-a5e1-4a6e-9c94-ed2bc3fb4d81@group-5E51BB36FB23-FollowerState
2023-10-08 16:27:10,299 [0847a53b-a5e1-4a6e-9c94-ed2bc3fb4d81-groupManagement] INFO  util.JmxRegister (JmxRegister.java:tryRegister(44)) - Successfully registered JMX Bean with object name Ratis:service=RaftServer,group=group-5E51BB36FB23,id=0847a53b-a5e1-4a6e-9c94-ed2bc3fb4d81
2023-10-08 16:27:10,299 [0847a53b-a5e1-4a6e-9c94-ed2bc3fb4d81-groupManagement] INFO  server.RaftServerConfigKeys (ConfUtils.java:logGet(46)) - raft.server.snapshot.auto.trigger.enabled = true (custom)
2023-10-08 16:27:10,299 [0847a53b-a5e1-4a6e-9c94-ed2bc3fb4d81-groupManagement] INFO  server.RaftServerConfigKeys (ConfUtils.java:logGet(46)) - raft.server.snapshot.auto.trigger.threshold = 10000 (custom)
2023-10-08 16:27:10,299 [0847a53b-a5e1-4a6e-9c94-ed2bc3fb4d81-groupManagement] INFO  server.RaftServerConfigKeys (ConfUtils.java:logGet(46)) - raft.server.snapshot.retention.file.num = 5 (custom)
2023-10-08 16:27:10,299 [0847a53b-a5e1-4a6e-9c94-ed2bc3fb4d81-groupManagement] INFO  server.RaftServerConfigKeys (ConfUtils.java:logGet(46)) - raft.server.log.purge.upto.snapshot.index = false (default)
2023-10-08 16:27:10,300 [0847a53b-a5e1-4a6e-9c94-ed2bc3fb4d81@group-5E51BB36FB23-FollowerState] INFO  server.RaftServerConfigKeys (ConfUtils.java:logFallback(53)) - raft.server.rpc.first-election.timeout.min = 5s (fallback to raft.server.rpc.timeout.min)
2023-10-08 16:27:10,314 [0847a53b-a5e1-4a6e-9c94-ed2bc3fb4d81@group-5E51BB36FB23-FollowerState] INFO  server.RaftServerConfigKeys (ConfUtils.java:logFallback(53)) - raft.server.rpc.first-election.timeout.max = 5200ms (fallback to raft.server.rpc.timeout.max)
2023-10-08 16:27:10,320 [PipelineCommandHandlerThread-0] INFO  commandhandler.CreatePipelineCommandHandler (CreatePipelineCommandHandler.java:lambda$handle$2(124)) - Created Pipeline RATIS THREE PipelineID=d8c9c998-7749-44ea-9b67-5e51bb36fb23.
2023-10-08 16:27:10,320 [PipelineCommandHandlerThread-0] INFO  server.RaftServer (RaftServerProxy.java:addNew(98)) - a831d948-6e5a-44aa-8e9b-507a09ef5801: addNew group-471EC6C71867:[0847a53b-a5e1-4a6e-9c94-ed2bc3fb4d81|rpc:10.1.0.4:15031|admin:10.1.0.4:15030|client:10.1.0.4:15029|dataStream:10.1.0.4:15032|priority:1|startupRole:FOLLOWER, a831d948-6e5a-44aa-8e9b-507a09ef5801|rpc:10.1.0.4:15022|admin:10.1.0.4:15021|client:10.1.0.4:15020|dataStream:10.1.0.4:15023|priority:0|startupRole:FOLLOWER, 428a18af-32d9-48f2-b55a-04ca97c8809a|rpc:10.1.0.4:15040|admin:10.1.0.4:15039|client:10.1.0.4:15038|dataStream:10.1.0.4:15041|priority:0|startupRole:FOLLOWER] returns group-471EC6C71867:java.util.concurrent.CompletableFuture@6b7d6c8d[Not completed]
2023-10-08 16:27:10,321 [a831d948-6e5a-44aa-8e9b-507a09ef5801-groupManagement] INFO  server.RaftServer$Division (RaftServerImpl.java:<init>(198)) - a831d948-6e5a-44aa-8e9b-507a09ef5801: new RaftServerImpl for group-471EC6C71867:[0847a53b-a5e1-4a6e-9c94-ed2bc3fb4d81|rpc:10.1.0.4:15031|admin:10.1.0.4:15030|client:10.1.0.4:15029|dataStream:10.1.0.4:15032|priority:1|startupRole:FOLLOWER, a831d948-6e5a-44aa-8e9b-507a09ef5801|rpc:10.1.0.4:15022|admin:10.1.0.4:15021|client:10.1.0.4:15020|dataStream:10.1.0.4:15023|priority:0|startupRole:FOLLOWER, 428a18af-32d9-48f2-b55a-04ca97c8809a|rpc:10.1.0.4:15040|admin:10.1.0.4:15039|client:10.1.0.4:15038|dataStream:10.1.0.4:15041|priority:0|startupRole:FOLLOWER] with ContainerStateMachine:uninitialized
2023-10-08 16:27:10,322 [a831d948-6e5a-44aa-8e9b-507a09ef5801-groupManagement] INFO  server.RaftServerConfigKeys (ConfUtils.java:logGet(46)) - raft.server.rpc.timeout.min = 5s (custom)
2023-10-08 16:27:10,322 [a831d948-6e5a-44aa-8e9b-507a09ef5801-groupManagement] INFO  server.RaftServerConfigKeys (ConfUtils.java:logGet(46)) - raft.server.rpc.timeout.max = 5200ms (custom)
2023-10-08 16:27:10,322 [a831d948-6e5a-44aa-8e9b-507a09ef5801-groupManagement] INFO  server.RaftServerConfigKeys (ConfUtils.java:logGet(46)) - raft.server.rpc.sleep.time = 25ms (default)
2023-10-08 16:27:10,322 [a831d948-6e5a-44aa-8e9b-507a09ef5801-groupManagement] INFO  server.RaftServerConfigKeys (ConfUtils.java:logGet(46)) - raft.server.rpc.slowness.timeout = 300s (custom)
2023-10-08 16:27:10,322 [a831d948-6e5a-44aa-8e9b-507a09ef5801-groupManagement] INFO  server.RaftServerConfigKeys (ConfUtils.java:logGet(46)) - raft.server.leaderelection.leader.step-down.wait-time = 10s (default)
2023-10-08 16:27:10,322 [a831d948-6e5a-44aa-8e9b-507a09ef5801-groupManagement] INFO  server.RaftServerConfigKeys (ConfUtils.java:logGet(46)) - raft.server.sleep.deviation.threshold = 300ms (default)
2023-10-08 16:27:10,322 [a831d948-6e5a-44aa-8e9b-507a09ef5801-groupManagement] INFO  server.RaftServer$Division (ServerState.java:<init>(120)) - a831d948-6e5a-44aa-8e9b-507a09ef5801@group-471EC6C71867: ConfigurationManager, init=-1: peers:[0847a53b-a5e1-4a6e-9c94-ed2bc3fb4d81|rpc:10.1.0.4:15031|admin:10.1.0.4:15030|client:10.1.0.4:15029|dataStream:10.1.0.4:15032|priority:1|startupRole:FOLLOWER, a831d948-6e5a-44aa-8e9b-507a09ef5801|rpc:10.1.0.4:15022|admin:10.1.0.4:15021|client:10.1.0.4:15020|dataStream:10.1.0.4:15023|priority:0|startupRole:FOLLOWER, 428a18af-32d9-48f2-b55a-04ca97c8809a|rpc:10.1.0.4:15040|admin:10.1.0.4:15039|client:10.1.0.4:15038|dataStream:10.1.0.4:15041|priority:0|startupRole:FOLLOWER]|listeners:[], old=null, confs=<EMPTY_MAP>
2023-10-08 16:27:10,322 [a831d948-6e5a-44aa-8e9b-507a09ef5801-groupManagement] INFO  server.RaftServerConfigKeys (ConfUtils.java:logGet(46)) - raft.server.storage.dir = [/home/runner/work/ozone/ozone/hadoop-ozone/integration-test/target/test-dir/MiniOzoneClusterImpl-c8a21aad-f255-4385-b304-f7d4bfe38451/datanode-0/data/ratis] (custom)
2023-10-08 16:27:10,322 [a831d948-6e5a-44aa-8e9b-507a09ef5801-groupManagement] INFO  server.RaftServerConfigKeys (ConfUtils.java:logGet(46)) - raft.server.log.corruption.policy = EXCEPTION (default)
2023-10-08 16:27:10,322 [a831d948-6e5a-44aa-8e9b-507a09ef5801-groupManagement] INFO  server.RaftServerConfigKeys (ConfUtils.java:logGet(46)) - raft.server.storage.free-space.min = 0MB (=0) (default)
2023-10-08 16:27:10,322 [a831d948-6e5a-44aa-8e9b-507a09ef5801-groupManagement] INFO  server.RaftServerConfigKeys (ConfUtils.java:logGet(46)) - raft.server.notification.no-leader.timeout = 300s (custom)
2023-10-08 16:27:10,322 [a831d948-6e5a-44aa-8e9b-507a09ef5801-groupManagement] INFO  server.RaftServerConfigKeys (ConfUtils.java:logGet(46)) - raft.server.read.timeout = 10s (default)
2023-10-08 16:27:10,322 [a831d948-6e5a-44aa-8e9b-507a09ef5801-groupManagement] INFO  server.RaftServerConfigKeys (ConfUtils.java:logGet(46)) - raft.server.retrycache.expirytime = 600000ms (custom)
2023-10-08 16:27:10,322 [a831d948-6e5a-44aa-8e9b-507a09ef5801-groupManagement] INFO  server.RaftServerConfigKeys (ConfUtils.java:logGet(46)) - raft.server.retrycache.statistics.expirytime = 100μs (default)
2023-10-08 16:27:10,323 [a831d948-6e5a-44aa-8e9b-507a09ef5801-groupManagement] INFO  server.RaftServerConfigKeys (ConfUtils.java:logGet(46)) - raft.server.read.option = DEFAULT (default)
2023-10-08 16:27:10,324 [a831d948-6e5a-44aa-8e9b-507a09ef5801-groupManagement] INFO  server.RaftServerConfigKeys (ConfUtils.java:logGet(46)) - raft.server.rpc.request.timeout = 60s (custom)
2023-10-08 16:27:10,324 [a831d948-6e5a-44aa-8e9b-507a09ef5801-groupManagement] INFO  server.RaftServerConfigKeys (ConfUtils.java:logGet(46)) - raft.server.log.appender.install.snapshot.enabled = false (custom)
2023-10-08 16:27:10,324 [a831d948-6e5a-44aa-8e9b-507a09ef5801-groupManagement] INFO  server.RaftServerConfigKeys (ConfUtils.java:logGet(46)) - raft.server.threadpool.server.cached = true (default)
2023-10-08 16:27:10,324 [a831d948-6e5a-44aa-8e9b-507a09ef5801-groupManagement] INFO  server.RaftServerConfigKeys (ConfUtils.java:logGet(46)) - raft.server.threadpool.server.size = 0 (default)
2023-10-08 16:27:10,324 [a831d948-6e5a-44aa-8e9b-507a09ef5801-groupManagement] INFO  server.RaftServerConfigKeys (ConfUtils.java:logGet(46)) - raft.server.threadpool.client.cached = true (default)
2023-10-08 16:27:10,324 [a831d948-6e5a-44aa-8e9b-507a09ef5801-groupManagement] INFO  server.RaftServerConfigKeys (ConfUtils.java:logGet(46)) - raft.server.threadpool.client.size = 0 (default)
2023-10-08 16:27:10,324 [a831d948-6e5a-44aa-8e9b-507a09ef5801-groupManagement] INFO  storage.RaftStorageDirectory (RaftStorageDirectoryImpl.java:analyzeStorage(137)) - The storage directory /home/runner/work/ozone/ozone/hadoop-ozone/integration-test/target/test-dir/MiniOzoneClusterImpl-c8a21aad-f255-4385-b304-f7d4bfe38451/datanode-0/data/ratis/26c4aaf3-173d-4a04-bbc9-471ec6c71867 does not exist. Creating ...
2023-10-08 16:27:10,325 [a831d948-6e5a-44aa-8e9b-507a09ef5801-groupManagement] INFO  storage.RaftStorageDirectory (RaftStorageDirectoryImpl.java:tryLock(231)) - Lock on /home/runner/work/ozone/ozone/hadoop-ozone/integration-test/target/test-dir/MiniOzoneClusterImpl-c8a21aad-f255-4385-b304-f7d4bfe38451/datanode-0/data/ratis/26c4aaf3-173d-4a04-bbc9-471ec6c71867/in_use.lock acquired by nodename 29017@fv-az550-77
2023-10-08 16:27:10,326 [a831d948-6e5a-44aa-8e9b-507a09ef5801-groupManagement] INFO  storage.RaftStorage (RaftStorageImpl.java:format(96)) - Storage directory /home/runner/work/ozone/ozone/hadoop-ozone/integration-test/target/test-dir/MiniOzoneClusterImpl-c8a21aad-f255-4385-b304-f7d4bfe38451/datanode-0/data/ratis/26c4aaf3-173d-4a04-bbc9-471ec6c71867 has been successfully formatted.
2023-10-08 16:27:10,330 [EventQueue-OpenPipelineForHealthyPipelineSafeModeRule] INFO  safemode.SCMSafeModeManager (HealthyPipelineSafeModeRule.java:process(137)) - SCM in safe mode. Healthy pipelines reported count is 0, required healthy pipeline reported count is 1
2023-10-08 16:27:10,332 [a831d948-6e5a-44aa-8e9b-507a09ef5801-groupManagement] INFO  ratis.ContainerStateMachine (ContainerStateMachine.java:loadSnapshot(262)) - group-471EC6C71867: The snapshot info is null. Setting the last applied indexto:(t:0, i:~)
2023-10-08 16:27:10,332 [a831d948-6e5a-44aa-8e9b-507a09ef5801-groupManagement] INFO  server.RaftServerConfigKeys (ConfUtils.java:logGet(46)) - raft.server.log.use.memory = false (default)
2023-10-08 16:27:10,332 [a831d948-6e5a-44aa-8e9b-507a09ef5801-groupManagement] INFO  server.RaftServerConfigKeys (ConfUtils.java:logGet(46)) - raft.server.log.purge.gap = 1000000 (custom)
2023-10-08 16:27:10,332 [a831d948-6e5a-44aa-8e9b-507a09ef5801-groupManagement] INFO  server.RaftServerConfigKeys (ConfUtils.java:logGet(46)) - raft.server.log.appender.buffer.byte-limit = 33554432 (custom)
2023-10-08 16:27:10,333 [a831d948-6e5a-44aa-8e9b-507a09ef5801-groupManagement] INFO  server.RaftServerConfigKeys (ConfUtils.java:logGet(46)) - raft.server.log.statemachine.data.read.timeout = 1000ms (default)
2023-10-08 16:27:10,333 [a831d948-6e5a-44aa-8e9b-507a09ef5801-groupManagement] INFO  server.RaftServerConfigKeys (ConfUtils.java:logGet(46)) - raft.server.log.purge.preservation.log.num = 0 (default)
2023-10-08 16:27:10,333 [a831d948-6e5a-44aa-8e9b-507a09ef5801-groupManagement] INFO  server.RaftServerConfigKeys (ConfUtils.java:logGet(46)) - raft.server.log.segment.size.max = 1048576 (custom)
2023-10-08 16:27:10,334 [a831d948-6e5a-44aa-8e9b-507a09ef5801-groupManagement] INFO  server.RaftServerConfigKeys (ConfUtils.java:logGet(46)) - raft.server.log.segment.cache.num.max = 2 (custom)
2023-10-08 16:27:10,334 [a831d948-6e5a-44aa-8e9b-507a09ef5801-groupManagement] INFO  server.RaftServerConfigKeys (ConfUtils.java:logGet(46)) - raft.server.log.segment.cache.size.max = 200MB (=209715200) (default)
2023-10-08 16:27:10,334 [a831d948-6e5a-44aa-8e9b-507a09ef5801-groupManagement] INFO  server.RaftServerConfigKeys (ConfUtils.java:logGet(46)) - raft.server.log.appender.buffer.byte-limit = 33554432 (custom)
2023-10-08 16:27:10,335 [a831d948-6e5a-44aa-8e9b-507a09ef5801-groupManagement] INFO  segmented.SegmentedRaftLogWorker (SegmentedRaftLogWorker.java:<init>(188)) - new a831d948-6e5a-44aa-8e9b-507a09ef5801@group-471EC6C71867-SegmentedRaftLogWorker for RaftStorageImpl:Storage Directory /home/runner/work/ozone/ozone/hadoop-ozone/integration-test/target/test-dir/MiniOzoneClusterImpl-c8a21aad-f255-4385-b304-f7d4bfe38451/datanode-0/data/ratis/26c4aaf3-173d-4a04-bbc9-471ec6c71867
2023-10-08 16:27:10,335 [a831d948-6e5a-44aa-8e9b-507a09ef5801-groupManagement] INFO  server.RaftServerConfigKeys (ConfUtils.java:logGet(46)) - raft.server.log.queue.byte-limit = 4294967296 (custom)
2023-10-08 16:27:10,335 [a831d948-6e5a-44aa-8e9b-507a09ef5801-groupManagement] INFO  server.RaftServerConfigKeys (ConfUtils.java:logGet(46)) - raft.server.log.queue.element-limit = 1024 (custom)
2023-10-08 16:27:10,335 [a831d948-6e5a-44aa-8e9b-507a09ef5801-groupManagement] INFO  server.RaftServerConfigKeys (ConfUtils.java:logGet(46)) - raft.server.log.segment.size.max = 1048576 (custom)
2023-10-08 16:27:10,335 [a831d948-6e5a-44aa-8e9b-507a09ef5801-groupManagement] INFO  server.RaftServerConfigKeys (ConfUtils.java:logGet(46)) - raft.server.log.preallocated.size = 16384 (custom)
2023-10-08 16:27:10,335 [a831d948-6e5a-44aa-8e9b-507a09ef5801-groupManagement] INFO  server.RaftServerConfigKeys (ConfUtils.java:logGet(46)) - raft.server.log.force.sync.num = 128 (default)
2023-10-08 16:27:10,335 [a831d948-6e5a-44aa-8e9b-507a09ef5801-groupManagement] INFO  server.RaftServerConfigKeys (ConfUtils.java:logGet(46)) - raft.server.log.statemachine.data.sync = true (default)
2023-10-08 16:27:10,335 [a831d948-6e5a-44aa-8e9b-507a09ef5801-groupManagement] INFO  server.RaftServerConfigKeys (ConfUtils.java:logGet(46)) - raft.server.log.statemachine.data.sync.timeout = 10s (default)
2023-10-08 16:27:10,335 [a831d948-6e5a-44aa-8e9b-507a09ef5801-groupManagement] INFO  server.RaftServerConfigKeys (ConfUtils.java:logGet(46)) - raft.server.log.statemachine.data.sync.timeout.retry = -1 (default)
2023-10-08 16:27:10,336 [a831d948-6e5a-44aa-8e9b-507a09ef5801-groupManagement] INFO  server.RaftServerConfigKeys (ConfUtils.java:logGet(46)) - raft.server.log.write.buffer.size = 1048576 (custom)
2023-10-08 16:27:10,336 [a831d948-6e5a-44aa-8e9b-507a09ef5801-groupManagement] INFO  server.RaftServerConfigKeys (ConfUtils.java:logGet(46)) - raft.server.log.appender.buffer.byte-limit = 33554432 (custom)
2023-10-08 16:27:10,346 [a831d948-6e5a-44aa-8e9b-507a09ef5801-groupManagement] INFO  server.RaftServerConfigKeys (ConfUtils.java:logGet(46)) - raft.server.log.unsafe-flush.enabled = false (default)
2023-10-08 16:27:10,346 [a831d948-6e5a-44aa-8e9b-507a09ef5801-groupManagement] INFO  server.RaftServerConfigKeys (ConfUtils.java:logGet(46)) - raft.server.log.async-flush.enabled = false (default)
2023-10-08 16:27:10,346 [a831d948-6e5a-44aa-8e9b-507a09ef5801-groupManagement] INFO  server.RaftServerConfigKeys (ConfUtils.java:logGet(46)) - raft.server.log.statemachine.data.caching.enabled = true (custom)
2023-10-08 16:27:10,347 [a831d948-6e5a-44aa-8e9b-507a09ef5801-groupManagement] INFO  segmented.SegmentedRaftLogWorker (SegmentedRaftLogWorker.java:lambda$new$0(135)) - a831d948-6e5a-44aa-8e9b-507a09ef5801@group-471EC6C71867-SegmentedRaftLogWorker: flushIndex: setUnconditionally 0 -> -1
2023-10-08 16:27:10,347 [a831d948-6e5a-44aa-8e9b-507a09ef5801-groupManagement] INFO  segmented.SegmentedRaftLogWorker (SegmentedRaftLogWorker.java:lambda$new$0(135)) - a831d948-6e5a-44aa-8e9b-507a09ef5801@group-471EC6C71867-SegmentedRaftLogWorker: safeCacheEvictIndex: setUnconditionally 0 -> -1
2023-10-08 16:27:10,363 [a831d948-6e5a-44aa-8e9b-507a09ef5801-groupManagement] INFO  server.RaftServer$Division (RaftServerImpl.java:start(342)) - a831d948-6e5a-44aa-8e9b-507a09ef5801@group-471EC6C71867: start as a follower, conf=-1: peers:[0847a53b-a5e1-4a6e-9c94-ed2bc3fb4d81|rpc:10.1.0.4:15031|admin:10.1.0.4:15030|client:10.1.0.4:15029|dataStream:10.1.0.4:15032|priority:1|startupRole:FOLLOWER, a831d948-6e5a-44aa-8e9b-507a09ef5801|rpc:10.1.0.4:15022|admin:10.1.0.4:15021|client:10.1.0.4:15020|dataStream:10.1.0.4:15023|priority:0|startupRole:FOLLOWER, 428a18af-32d9-48f2-b55a-04ca97c8809a|rpc:10.1.0.4:15040|admin:10.1.0.4:15039|client:10.1.0.4:15038|dataStream:10.1.0.4:15041|priority:0|startupRole:FOLLOWER]|listeners:[], old=null
2023-10-08 16:27:10,363 [a831d948-6e5a-44aa-8e9b-507a09ef5801-groupManagement] INFO  server.RaftServer$Division (RaftServerImpl.java:setRole(329)) - a831d948-6e5a-44aa-8e9b-507a09ef5801@group-471EC6C71867: changes role from      null to FOLLOWER at term 0 for startAsFollower
2023-10-08 16:27:10,363 [a831d948-6e5a-44aa-8e9b-507a09ef5801-groupManagement] INFO  impl.RoleInfo (RoleInfo.java:updateAndGet(139)) - a831d948-6e5a-44aa-8e9b-507a09ef5801: start a831d948-6e5a-44aa-8e9b-507a09ef5801@group-471EC6C71867-FollowerState
2023-10-08 16:27:10,366 [a831d948-6e5a-44aa-8e9b-507a09ef5801-groupManagement] INFO  util.JmxRegister (JmxRegister.java:tryRegister(44)) - Successfully registered JMX Bean with object name Ratis:service=RaftServer,group=group-471EC6C71867,id=a831d948-6e5a-44aa-8e9b-507a09ef5801
2023-10-08 16:27:10,366 [a831d948-6e5a-44aa-8e9b-507a09ef5801-groupManagement] INFO  server.RaftServerConfigKeys (ConfUtils.java:logGet(46)) - raft.server.snapshot.auto.trigger.enabled = true (custom)
2023-10-08 16:27:10,366 [a831d948-6e5a-44aa-8e9b-507a09ef5801-groupManagement] INFO  server.RaftServerConfigKeys (ConfUtils.java:logGet(46)) - raft.server.snapshot.auto.trigger.threshold = 10000 (custom)
2023-10-08 16:27:10,366 [a831d948-6e5a-44aa-8e9b-507a09ef5801-groupManagement] INFO  server.RaftServerConfigKeys (ConfUtils.java:logGet(46)) - raft.server.snapshot.retention.file.num = 5 (custom)
2023-10-08 16:27:10,366 [a831d948-6e5a-44aa-8e9b-507a09ef5801-groupManagement] INFO  server.RaftServerConfigKeys (ConfUtils.java:logGet(46)) - raft.server.log.purge.upto.snapshot.index = false (default)
2023-10-08 16:27:10,367 [a831d948-6e5a-44aa-8e9b-507a09ef5801@group-471EC6C71867-FollowerState] INFO  server.RaftServerConfigKeys (ConfUtils.java:logFallback(53)) - raft.server.rpc.first-election.timeout.min = 5s (fallback to raft.server.rpc.timeout.min)
2023-10-08 16:27:10,374 [a831d948-6e5a-44aa-8e9b-507a09ef5801@group-471EC6C71867-FollowerState] INFO  server.RaftServerConfigKeys (ConfUtils.java:logFallback(53)) - raft.server.rpc.first-election.timeout.max = 5200ms (fallback to raft.server.rpc.timeout.max)
2023-10-08 16:27:10,373 [PipelineCommandHandlerThread-0] INFO  server.RaftServer (RaftServerProxy.java:addNew(98)) - 0847a53b-a5e1-4a6e-9c94-ed2bc3fb4d81: addNew group-8D04E8578708:[0847a53b-a5e1-4a6e-9c94-ed2bc3fb4d81|rpc:10.1.0.4:15031|admin:10.1.0.4:15030|client:10.1.0.4:15029|dataStream:10.1.0.4:15032|priority:1|startupRole:FOLLOWER] returns group-8D04E8578708:java.util.concurrent.CompletableFuture@5ee79fc5[Not completed]
2023-10-08 16:27:10,367 [PipelineCommandHandlerThread-0] INFO  ratis.XceiverServerRatis (XceiverServerRatis.java:addGroup(804)) - Created group PipelineID=26c4aaf3-173d-4a04-bbc9-471ec6c71867
2023-10-08 16:27:10,375 [0847a53b-a5e1-4a6e-9c94-ed2bc3fb4d81-groupManagement] INFO  server.RaftServer$Division (RaftServerImpl.java:<init>(198)) - 0847a53b-a5e1-4a6e-9c94-ed2bc3fb4d81: new RaftServerImpl for group-8D04E8578708:[0847a53b-a5e1-4a6e-9c94-ed2bc3fb4d81|rpc:10.1.0.4:15031|admin:10.1.0.4:15030|client:10.1.0.4:15029|dataStream:10.1.0.4:15032|priority:1|startupRole:FOLLOWER] with ContainerStateMachine:uninitialized
2023-10-08 16:27:10,375 [0847a53b-a5e1-4a6e-9c94-ed2bc3fb4d81-groupManagement] INFO  server.RaftServerConfigKeys (ConfUtils.java:logGet(46)) - raft.server.rpc.timeout.min = 5s (custom)
2023-10-08 16:27:10,375 [0847a53b-a5e1-4a6e-9c94-ed2bc3fb4d81-groupManagement] INFO  server.RaftServerConfigKeys (ConfUtils.java:logGet(46)) - raft.server.rpc.timeout.max = 5200ms (custom)
2023-10-08 16:27:10,375 [0847a53b-a5e1-4a6e-9c94-ed2bc3fb4d81-groupManagement] INFO  server.RaftServerConfigKeys (ConfUtils.java:logGet(46)) - raft.server.rpc.sleep.time = 25ms (default)
2023-10-08 16:27:10,375 [0847a53b-a5e1-4a6e-9c94-ed2bc3fb4d81-groupManagement] INFO  server.RaftServerConfigKeys (ConfUtils.java:logGet(46)) - raft.server.rpc.slowness.timeout = 300s (custom)
2023-10-08 16:27:10,375 [0847a53b-a5e1-4a6e-9c94-ed2bc3fb4d81-groupManagement] INFO  server.RaftServerConfigKeys (ConfUtils.java:logGet(46)) - raft.server.leaderelection.leader.step-down.wait-time = 10s (default)
2023-10-08 16:27:10,375 [0847a53b-a5e1-4a6e-9c94-ed2bc3fb4d81-groupManagement] INFO  server.RaftServerConfigKeys (ConfUtils.java:logGet(46)) - raft.server.sleep.deviation.threshold = 300ms (default)
2023-10-08 16:27:10,375 [0847a53b-a5e1-4a6e-9c94-ed2bc3fb4d81-groupManagement] INFO  server.RaftServer$Division (ServerState.java:<init>(120)) - 0847a53b-a5e1-4a6e-9c94-ed2bc3fb4d81@group-8D04E8578708: ConfigurationManager, init=-1: peers:[0847a53b-a5e1-4a6e-9c94-ed2bc3fb4d81|rpc:10.1.0.4:15031|admin:10.1.0.4:15030|client:10.1.0.4:15029|dataStream:10.1.0.4:15032|priority:1|startupRole:FOLLOWER]|listeners:[], old=null, confs=<EMPTY_MAP>
2023-10-08 16:27:10,375 [0847a53b-a5e1-4a6e-9c94-ed2bc3fb4d81-groupManagement] INFO  server.RaftServerConfigKeys (ConfUtils.java:logGet(46)) - raft.server.storage.dir = [/home/runner/work/ozone/ozone/hadoop-ozone/integration-test/target/test-dir/MiniOzoneClusterImpl-c8a21aad-f255-4385-b304-f7d4bfe38451/datanode-1/data/ratis] (custom)
2023-10-08 16:27:10,375 [0847a53b-a5e1-4a6e-9c94-ed2bc3fb4d81-groupManagement] INFO  server.RaftServerConfigKeys (ConfUtils.java:logGet(46)) - raft.server.log.corruption.policy = EXCEPTION (default)
2023-10-08 16:27:10,375 [0847a53b-a5e1-4a6e-9c94-ed2bc3fb4d81-groupManagement] INFO  server.RaftServerConfigKeys (ConfUtils.java:logGet(46)) - raft.server.storage.free-space.min = 0MB (=0) (default)
2023-10-08 16:27:10,375 [0847a53b-a5e1-4a6e-9c94-ed2bc3fb4d81-groupManagement] INFO  server.RaftServerConfigKeys (ConfUtils.java:logGet(46)) - raft.server.notification.no-leader.timeout = 300s (custom)
2023-10-08 16:27:10,376 [0847a53b-a5e1-4a6e-9c94-ed2bc3fb4d81-groupManagement] INFO  server.RaftServerConfigKeys (ConfUtils.java:logGet(46)) - raft.server.read.timeout = 10s (default)
2023-10-08 16:27:10,376 [0847a53b-a5e1-4a6e-9c94-ed2bc3fb4d81-groupManagement] INFO  server.RaftServerConfigKeys (ConfUtils.java:logGet(46)) - raft.server.retrycache.expirytime = 600000ms (custom)
2023-10-08 16:27:10,376 [0847a53b-a5e1-4a6e-9c94-ed2bc3fb4d81-groupManagement] INFO  server.RaftServerConfigKeys (ConfUtils.java:logGet(46)) - raft.server.retrycache.statistics.expirytime = 100μs (default)
2023-10-08 16:27:10,376 [0847a53b-a5e1-4a6e-9c94-ed2bc3fb4d81-groupManagement] INFO  server.RaftServerConfigKeys (ConfUtils.java:logGet(46)) - raft.server.read.option = DEFAULT (default)
2023-10-08 16:27:10,377 [0847a53b-a5e1-4a6e-9c94-ed2bc3fb4d81-groupManagement] INFO  server.RaftServerConfigKeys (ConfUtils.java:logGet(46)) - raft.server.rpc.request.timeout = 60s (custom)
2023-10-08 16:27:10,377 [0847a53b-a5e1-4a6e-9c94-ed2bc3fb4d81-groupManagement] INFO  server.RaftServerConfigKeys (ConfUtils.java:logGet(46)) - raft.server.log.appender.install.snapshot.enabled = false (custom)
2023-10-08 16:27:10,377 [0847a53b-a5e1-4a6e-9c94-ed2bc3fb4d81-groupManagement] INFO  server.RaftServerConfigKeys (ConfUtils.java:logGet(46)) - raft.server.threadpool.server.cached = true (default)
2023-10-08 16:27:10,377 [0847a53b-a5e1-4a6e-9c94-ed2bc3fb4d81-groupManagement] INFO  server.RaftServerConfigKeys (ConfUtils.java:logGet(46)) - raft.server.threadpool.server.size = 0 (default)
2023-10-08 16:27:10,377 [0847a53b-a5e1-4a6e-9c94-ed2bc3fb4d81-groupManagement] INFO  server.RaftServerConfigKeys (ConfUtils.java:logGet(46)) - raft.server.threadpool.client.cached = true (default)
2023-10-08 16:27:10,377 [0847a53b-a5e1-4a6e-9c94-ed2bc3fb4d81-groupManagement] INFO  server.RaftServerConfigKeys (ConfUtils.java:logGet(46)) - raft.server.threadpool.client.size = 0 (default)
2023-10-08 16:27:10,377 [0847a53b-a5e1-4a6e-9c94-ed2bc3fb4d81-groupManagement] INFO  storage.RaftStorageDirectory (RaftStorageDirectoryImpl.java:analyzeStorage(137)) - The storage directory /home/runner/work/ozone/ozone/hadoop-ozone/integration-test/target/test-dir/MiniOzoneClusterImpl-c8a21aad-f255-4385-b304-f7d4bfe38451/datanode-1/data/ratis/1d55becc-6070-4a0b-9826-8d04e8578708 does not exist. Creating ...
2023-10-08 16:27:10,378 [0847a53b-a5e1-4a6e-9c94-ed2bc3fb4d81-groupManagement] INFO  storage.RaftStorageDirectory (RaftStorageDirectoryImpl.java:tryLock(231)) - Lock on /home/runner/work/ozone/ozone/hadoop-ozone/integration-test/target/test-dir/MiniOzoneClusterImpl-c8a21aad-f255-4385-b304-f7d4bfe38451/datanode-1/data/ratis/1d55becc-6070-4a0b-9826-8d04e8578708/in_use.lock acquired by nodename 29017@fv-az550-77
2023-10-08 16:27:10,379 [0847a53b-a5e1-4a6e-9c94-ed2bc3fb4d81-groupManagement] INFO  storage.RaftStorage (RaftStorageImpl.java:format(96)) - Storage directory /home/runner/work/ozone/ozone/hadoop-ozone/integration-test/target/test-dir/MiniOzoneClusterImpl-c8a21aad-f255-4385-b304-f7d4bfe38451/datanode-1/data/ratis/1d55becc-6070-4a0b-9826-8d04e8578708 has been successfully formatted.
2023-10-08 16:27:10,380 [0847a53b-a5e1-4a6e-9c94-ed2bc3fb4d81-groupManagement] INFO  ratis.ContainerStateMachine (ContainerStateMachine.java:loadSnapshot(262)) - group-8D04E8578708: The snapshot info is null. Setting the last applied indexto:(t:0, i:~)
2023-10-08 16:27:10,380 [0847a53b-a5e1-4a6e-9c94-ed2bc3fb4d81-groupManagement] INFO  server.RaftServerConfigKeys (ConfUtils.java:logGet(46)) - raft.server.log.use.memory = false (default)
2023-10-08 16:27:10,380 [0847a53b-a5e1-4a6e-9c94-ed2bc3fb4d81-groupManagement] INFO  server.RaftServerConfigKeys (ConfUtils.java:logGet(46)) - raft.server.log.purge.gap = 1000000 (custom)
2023-10-08 16:27:10,380 [0847a53b-a5e1-4a6e-9c94-ed2bc3fb4d81-groupManagement] INFO  server.RaftServerConfigKeys (ConfUtils.java:logGet(46)) - raft.server.log.appender.buffer.byte-limit = 33554432 (custom)
2023-10-08 16:27:10,380 [0847a53b-a5e1-4a6e-9c94-ed2bc3fb4d81-groupManagement] INFO  server.RaftServerConfigKeys (ConfUtils.java:logGet(46)) - raft.server.log.statemachine.data.read.timeout = 1000ms (default)
2023-10-08 16:27:10,380 [0847a53b-a5e1-4a6e-9c94-ed2bc3fb4d81-groupManagement] INFO  server.RaftServerConfigKeys (ConfUtils.java:logGet(46)) - raft.server.log.purge.preservation.log.num = 0 (default)
2023-10-08 16:27:10,381 [0847a53b-a5e1-4a6e-9c94-ed2bc3fb4d81-groupManagement] INFO  server.RaftServerConfigKeys (ConfUtils.java:logGet(46)) - raft.server.log.segment.size.max = 1048576 (custom)
2023-10-08 16:27:10,382 [0847a53b-a5e1-4a6e-9c94-ed2bc3fb4d81-groupManagement] INFO  server.RaftServerConfigKeys (ConfUtils.java:logGet(46)) - raft.server.log.segment.cache.num.max = 2 (custom)
2023-10-08 16:27:10,384 [0847a53b-a5e1-4a6e-9c94-ed2bc3fb4d81-groupManagement] INFO  server.RaftServerConfigKeys (ConfUtils.java:logGet(46)) - raft.server.log.segment.cache.size.max = 200MB (=209715200) (default)
2023-10-08 16:27:10,384 [0847a53b-a5e1-4a6e-9c94-ed2bc3fb4d81-groupManagement] INFO  server.RaftServerConfigKeys (ConfUtils.java:logGet(46)) - raft.server.log.appender.buffer.byte-limit = 33554432 (custom)
2023-10-08 16:27:10,384 [0847a53b-a5e1-4a6e-9c94-ed2bc3fb4d81-groupManagement] INFO  segmented.SegmentedRaftLogWorker (SegmentedRaftLogWorker.java:<init>(188)) - new 0847a53b-a5e1-4a6e-9c94-ed2bc3fb4d81@group-8D04E8578708-SegmentedRaftLogWorker for RaftStorageImpl:Storage Directory /home/runner/work/ozone/ozone/hadoop-ozone/integration-test/target/test-dir/MiniOzoneClusterImpl-c8a21aad-f255-4385-b304-f7d4bfe38451/datanode-1/data/ratis/1d55becc-6070-4a0b-9826-8d04e8578708
2023-10-08 16:27:10,384 [0847a53b-a5e1-4a6e-9c94-ed2bc3fb4d81-groupManagement] INFO  server.RaftServerConfigKeys (ConfUtils.java:logGet(46)) - raft.server.log.queue.byte-limit = 4294967296 (custom)
2023-10-08 16:27:10,384 [0847a53b-a5e1-4a6e-9c94-ed2bc3fb4d81-groupManagement] INFO  server.RaftServerConfigKeys (ConfUtils.java:logGet(46)) - raft.server.log.queue.element-limit = 1024 (custom)
2023-10-08 16:27:10,384 [0847a53b-a5e1-4a6e-9c94-ed2bc3fb4d81-groupManagement] INFO  server.RaftServerConfigKeys (ConfUtils.java:logGet(46)) - raft.server.log.segment.size.max = 1048576 (custom)
2023-10-08 16:27:10,384 [0847a53b-a5e1-4a6e-9c94-ed2bc3fb4d81-groupManagement] INFO  server.RaftServerConfigKeys (ConfUtils.java:logGet(46)) - raft.server.log.preallocated.size = 16384 (custom)
2023-10-08 16:27:10,384 [0847a53b-a5e1-4a6e-9c94-ed2bc3fb4d81-groupManagement] INFO  server.RaftServerConfigKeys (ConfUtils.java:logGet(46)) - raft.server.log.force.sync.num = 128 (default)
2023-10-08 16:27:10,384 [0847a53b-a5e1-4a6e-9c94-ed2bc3fb4d81-groupManagement] INFO  server.RaftServerConfigKeys (ConfUtils.java:logGet(46)) - raft.server.log.statemachine.data.sync = true (default)
2023-10-08 16:27:10,384 [0847a53b-a5e1-4a6e-9c94-ed2bc3fb4d81-groupManagement] INFO  server.RaftServerConfigKeys (ConfUtils.java:logGet(46)) - raft.server.log.statemachine.data.sync.timeout = 10s (default)
2023-10-08 16:27:10,384 [0847a53b-a5e1-4a6e-9c94-ed2bc3fb4d81-groupManagement] INFO  server.RaftServerConfigKeys (ConfUtils.java:logGet(46)) - raft.server.log.statemachine.data.sync.timeout.retry = -1 (default)
2023-10-08 16:27:10,386 [0847a53b-a5e1-4a6e-9c94-ed2bc3fb4d81-groupManagement] INFO  server.RaftServerConfigKeys (ConfUtils.java:logGet(46)) - raft.server.log.write.buffer.size = 1048576 (custom)
2023-10-08 16:27:10,394 [0847a53b-a5e1-4a6e-9c94-ed2bc3fb4d81-groupManagement] INFO  server.RaftServerConfigKeys (ConfUtils.java:logGet(46)) - raft.server.log.appender.buffer.byte-limit = 33554432 (custom)
2023-10-08 16:27:10,399 [EventQueue-PipelineReportForPipelineReportHandler] INFO  pipeline.PipelineReportHandler (PipelineReportHandler.java:processPipelineReport(136)) - Opened pipeline PipelineID=1d55becc-6070-4a0b-9826-8d04e8578708
2023-10-08 16:27:10,399 [EventQueue-OpenPipelineForHealthyPipelineSafeModeRule] INFO  safemode.SCMSafeModeManager (HealthyPipelineSafeModeRule.java:process(137)) - SCM in safe mode. Healthy pipelines reported count is 0, required healthy pipeline reported count is 1
2023-10-08 16:27:10,401 [0847a53b-a5e1-4a6e-9c94-ed2bc3fb4d81-groupManagement] INFO  server.RaftServerConfigKeys (ConfUtils.java:logGet(46)) - raft.server.log.unsafe-flush.enabled = false (default)
2023-10-08 16:27:10,401 [0847a53b-a5e1-4a6e-9c94-ed2bc3fb4d81-groupManagement] INFO  server.RaftServerConfigKeys (ConfUtils.java:logGet(46)) - raft.server.log.async-flush.enabled = false (default)
2023-10-08 16:27:10,402 [0847a53b-a5e1-4a6e-9c94-ed2bc3fb4d81-groupManagement] INFO  server.RaftServerConfigKeys (ConfUtils.java:logGet(46)) - raft.server.log.statemachine.data.caching.enabled = true (custom)
2023-10-08 16:27:10,402 [0847a53b-a5e1-4a6e-9c94-ed2bc3fb4d81-groupManagement] INFO  segmented.SegmentedRaftLogWorker (SegmentedRaftLogWorker.java:lambda$new$0(135)) - 0847a53b-a5e1-4a6e-9c94-ed2bc3fb4d81@group-8D04E8578708-SegmentedRaftLogWorker: flushIndex: setUnconditionally 0 -> -1
2023-10-08 16:27:10,403 [0847a53b-a5e1-4a6e-9c94-ed2bc3fb4d81-groupManagement] INFO  segmented.SegmentedRaftLogWorker (SegmentedRaftLogWorker.java:lambda$new$0(135)) - 0847a53b-a5e1-4a6e-9c94-ed2bc3fb4d81@group-8D04E8578708-SegmentedRaftLogWorker: safeCacheEvictIndex: setUnconditionally 0 -> -1
2023-10-08 16:27:10,408 [grpc-default-executor-1] INFO  server.RaftServer (RaftServerProxy.java:addNew(98)) - 428a18af-32d9-48f2-b55a-04ca97c8809a: addNew group-471EC6C71867:[0847a53b-a5e1-4a6e-9c94-ed2bc3fb4d81|rpc:10.1.0.4:15031|admin:10.1.0.4:15030|client:10.1.0.4:15029|dataStream:10.1.0.4:15032|priority:1|startupRole:FOLLOWER, a831d948-6e5a-44aa-8e9b-507a09ef5801|rpc:10.1.0.4:15022|admin:10.1.0.4:15021|client:10.1.0.4:15020|dataStream:10.1.0.4:15023|priority:0|startupRole:FOLLOWER, 428a18af-32d9-48f2-b55a-04ca97c8809a|rpc:10.1.0.4:15040|admin:10.1.0.4:15039|client:10.1.0.4:15038|dataStream:10.1.0.4:15041|priority:0|startupRole:FOLLOWER] returns group-471EC6C71867:java.util.concurrent.CompletableFuture@6b077841[Not completed]
2023-10-08 16:27:10,409 [0847a53b-a5e1-4a6e-9c94-ed2bc3fb4d81-groupManagement] INFO  server.RaftServer$Division (RaftServerImpl.java:start(342)) - 0847a53b-a5e1-4a6e-9c94-ed2bc3fb4d81@group-8D04E8578708: start as a follower, conf=-1: peers:[0847a53b-a5e1-4a6e-9c94-ed2bc3fb4d81|rpc:10.1.0.4:15031|admin:10.1.0.4:15030|client:10.1.0.4:15029|dataStream:10.1.0.4:15032|priority:1|startupRole:FOLLOWER]|listeners:[], old=null
2023-10-08 16:27:10,409 [0847a53b-a5e1-4a6e-9c94-ed2bc3fb4d81-groupManagement] INFO  server.RaftServer$Division (RaftServerImpl.java:setRole(329)) - 0847a53b-a5e1-4a6e-9c94-ed2bc3fb4d81@group-8D04E8578708: changes role from      null to FOLLOWER at term 0 for startAsFollower
2023-10-08 16:27:10,409 [0847a53b-a5e1-4a6e-9c94-ed2bc3fb4d81-groupManagement] INFO  impl.RoleInfo (RoleInfo.java:updateAndGet(139)) - 0847a53b-a5e1-4a6e-9c94-ed2bc3fb4d81: start 0847a53b-a5e1-4a6e-9c94-ed2bc3fb4d81@group-8D04E8578708-FollowerState
2023-10-08 16:27:10,409 [0847a53b-a5e1-4a6e-9c94-ed2bc3fb4d81-groupManagement] INFO  util.JmxRegister (JmxRegister.java:tryRegister(44)) - Successfully registered JMX Bean with object name Ratis:service=RaftServer,group=group-8D04E8578708,id=0847a53b-a5e1-4a6e-9c94-ed2bc3fb4d81
2023-10-08 16:27:10,409 [0847a53b-a5e1-4a6e-9c94-ed2bc3fb4d81-groupManagement] INFO  server.RaftServerConfigKeys (ConfUtils.java:logGet(46)) - raft.server.snapshot.auto.trigger.enabled = true (custom)
2023-10-08 16:27:10,409 [0847a53b-a5e1-4a6e-9c94-ed2bc3fb4d81-groupManagement] INFO  server.RaftServerConfigKeys (ConfUtils.java:logGet(46)) - raft.server.snapshot.auto.trigger.threshold = 10000 (custom)
2023-10-08 16:27:10,409 [0847a53b-a5e1-4a6e-9c94-ed2bc3fb4d81-groupManagement] INFO  server.RaftServerConfigKeys (ConfUtils.java:logGet(46)) - raft.server.snapshot.retention.file.num = 5 (custom)
2023-10-08 16:27:10,409 [0847a53b-a5e1-4a6e-9c94-ed2bc3fb4d81-groupManagement] INFO  server.RaftServerConfigKeys (ConfUtils.java:logGet(46)) - raft.server.log.purge.upto.snapshot.index = false (default)
2023-10-08 16:27:10,410 [428a18af-32d9-48f2-b55a-04ca97c8809a-groupManagement] INFO  server.RaftServer$Division (RaftServerImpl.java:<init>(198)) - 428a18af-32d9-48f2-b55a-04ca97c8809a: new RaftServerImpl for group-471EC6C71867:[0847a53b-a5e1-4a6e-9c94-ed2bc3fb4d81|rpc:10.1.0.4:15031|admin:10.1.0.4:15030|client:10.1.0.4:15029|dataStream:10.1.0.4:15032|priority:1|startupRole:FOLLOWER, a831d948-6e5a-44aa-8e9b-507a09ef5801|rpc:10.1.0.4:15022|admin:10.1.0.4:15021|client:10.1.0.4:15020|dataStream:10.1.0.4:15023|priority:0|startupRole:FOLLOWER, 428a18af-32d9-48f2-b55a-04ca97c8809a|rpc:10.1.0.4:15040|admin:10.1.0.4:15039|client:10.1.0.4:15038|dataStream:10.1.0.4:15041|priority:0|startupRole:FOLLOWER] with ContainerStateMachine:uninitialized
2023-10-08 16:27:10,410 [428a18af-32d9-48f2-b55a-04ca97c8809a-groupManagement] INFO  server.RaftServerConfigKeys (ConfUtils.java:logGet(46)) - raft.server.rpc.timeout.min = 5s (custom)
2023-10-08 16:27:10,411 [428a18af-32d9-48f2-b55a-04ca97c8809a-groupManagement] INFO  server.RaftServerConfigKeys (ConfUtils.java:logGet(46)) - raft.server.rpc.timeout.max = 5200ms (custom)
2023-10-08 16:27:10,411 [428a18af-32d9-48f2-b55a-04ca97c8809a-groupManagement] INFO  server.RaftServerConfigKeys (ConfUtils.java:logGet(46)) - raft.server.rpc.sleep.time = 25ms (default)
2023-10-08 16:27:10,411 [428a18af-32d9-48f2-b55a-04ca97c8809a-groupManagement] INFO  server.RaftServerConfigKeys (ConfUtils.java:logGet(46)) - raft.server.rpc.slowness.timeout = 300s (custom)
2023-10-08 16:27:10,411 [0847a53b-a5e1-4a6e-9c94-ed2bc3fb4d81@group-8D04E8578708-FollowerState] INFO  server.RaftServerConfigKeys (ConfUtils.java:logFallback(53)) - raft.server.rpc.first-election.timeout.min = 5s (fallback to raft.server.rpc.timeout.min)
2023-10-08 16:27:10,412 [PipelineCommandHandlerThread-0] INFO  ratis.XceiverServerRatis (XceiverServerRatis.java:addGroup(804)) - Created group PipelineID=1d55becc-6070-4a0b-9826-8d04e8578708
2023-10-08 16:27:10,411 [428a18af-32d9-48f2-b55a-04ca97c8809a-groupManagement] INFO  server.RaftServerConfigKeys (ConfUtils.java:logGet(46)) - raft.server.leaderelection.leader.step-down.wait-time = 10s (default)
2023-10-08 16:27:10,412 [0847a53b-a5e1-4a6e-9c94-ed2bc3fb4d81@group-8D04E8578708-FollowerState] INFO  server.RaftServerConfigKeys (ConfUtils.java:logFallback(53)) - raft.server.rpc.first-election.timeout.max = 5200ms (fallback to raft.server.rpc.timeout.max)
2023-10-08 16:27:10,412 [PipelineCommandHandlerThread-0] INFO  commandhandler.CreatePipelineCommandHandler (CreatePipelineCommandHandler.java:lambda$handle$2(124)) - Created Pipeline RATIS ONE PipelineID=1d55becc-6070-4a0b-9826-8d04e8578708.
2023-10-08 16:27:10,413 [PipelineCommandHandlerThread-0] INFO  server.RaftServer (RaftServerProxy.java:addNew(98)) - 0847a53b-a5e1-4a6e-9c94-ed2bc3fb4d81: addNew group-471EC6C71867:[0847a53b-a5e1-4a6e-9c94-ed2bc3fb4d81|rpc:10.1.0.4:15031|admin:10.1.0.4:15030|client:10.1.0.4:15029|dataStream:10.1.0.4:15032|priority:1|startupRole:FOLLOWER, a831d948-6e5a-44aa-8e9b-507a09ef5801|rpc:10.1.0.4:15022|admin:10.1.0.4:15021|client:10.1.0.4:15020|dataStream:10.1.0.4:15023|priority:0|startupRole:FOLLOWER, 428a18af-32d9-48f2-b55a-04ca97c8809a|rpc:10.1.0.4:15040|admin:10.1.0.4:15039|client:10.1.0.4:15038|dataStream:10.1.0.4:15041|priority:0|startupRole:FOLLOWER] returns group-471EC6C71867:java.util.concurrent.CompletableFuture@50207a69[Not completed]
2023-10-08 16:27:10,412 [428a18af-32d9-48f2-b55a-04ca97c8809a-groupManagement] INFO  server.RaftServerConfigKeys (ConfUtils.java:logGet(46)) - raft.server.sleep.deviation.threshold = 300ms (default)
2023-10-08 16:27:10,413 [428a18af-32d9-48f2-b55a-04ca97c8809a-groupManagement] INFO  server.RaftServer$Division (ServerState.java:<init>(120)) - 428a18af-32d9-48f2-b55a-04ca97c8809a@group-471EC6C71867: ConfigurationManager, init=-1: peers:[0847a53b-a5e1-4a6e-9c94-ed2bc3fb4d81|rpc:10.1.0.4:15031|admin:10.1.0.4:15030|client:10.1.0.4:15029|dataStream:10.1.0.4:15032|priority:1|startupRole:FOLLOWER, a831d948-6e5a-44aa-8e9b-507a09ef5801|rpc:10.1.0.4:15022|admin:10.1.0.4:15021|client:10.1.0.4:15020|dataStream:10.1.0.4:15023|priority:0|startupRole:FOLLOWER, 428a18af-32d9-48f2-b55a-04ca97c8809a|rpc:10.1.0.4:15040|admin:10.1.0.4:15039|client:10.1.0.4:15038|dataStream:10.1.0.4:15041|priority:0|startupRole:FOLLOWER]|listeners:[], old=null, confs=<EMPTY_MAP>
2023-10-08 16:27:10,413 [428a18af-32d9-48f2-b55a-04ca97c8809a-groupManagement] INFO  server.RaftServerConfigKeys (ConfUtils.java:logGet(46)) - raft.server.storage.dir = [/home/runner/work/ozone/ozone/hadoop-ozone/integration-test/target/test-dir/MiniOzoneClusterImpl-c8a21aad-f255-4385-b304-f7d4bfe38451/datanode-2/data/ratis] (custom)
2023-10-08 16:27:10,413 [428a18af-32d9-48f2-b55a-04ca97c8809a-groupManagement] INFO  server.RaftServerConfigKeys (ConfUtils.java:logGet(46)) - raft.server.log.corruption.policy = EXCEPTION (default)
2023-10-08 16:27:10,413 [428a18af-32d9-48f2-b55a-04ca97c8809a-groupManagement] INFO  server.RaftServerConfigKeys (ConfUtils.java:logGet(46)) - raft.server.storage.free-space.min = 0MB (=0) (default)
2023-10-08 16:27:10,414 [428a18af-32d9-48f2-b55a-04ca97c8809a-groupManagement] INFO  server.RaftServerConfigKeys (ConfUtils.java:logGet(46)) - raft.server.notification.no-leader.timeout = 300s (custom)
2023-10-08 16:27:10,414 [428a18af-32d9-48f2-b55a-04ca97c8809a-groupManagement] INFO  server.RaftServerConfigKeys (ConfUtils.java:logGet(46)) - raft.server.read.timeout = 10s (default)
2023-10-08 16:27:10,414 [428a18af-32d9-48f2-b55a-04ca97c8809a-groupManagement] INFO  server.RaftServerConfigKeys (ConfUtils.java:logGet(46)) - raft.server.retrycache.expirytime = 600000ms (custom)
2023-10-08 16:27:10,414 [428a18af-32d9-48f2-b55a-04ca97c8809a-groupManagement] INFO  server.RaftServerConfigKeys (ConfUtils.java:logGet(46)) - raft.server.retrycache.statistics.expirytime = 100μs (default)
2023-10-08 16:27:10,414 [0847a53b-a5e1-4a6e-9c94-ed2bc3fb4d81-groupManagement] INFO  server.RaftServer$Division (RaftServerImpl.java:<init>(198)) - 0847a53b-a5e1-4a6e-9c94-ed2bc3fb4d81: new RaftServerImpl for group-471EC6C71867:[0847a53b-a5e1-4a6e-9c94-ed2bc3fb4d81|rpc:10.1.0.4:15031|admin:10.1.0.4:15030|client:10.1.0.4:15029|dataStream:10.1.0.4:15032|priority:1|startupRole:FOLLOWER, a831d948-6e5a-44aa-8e9b-507a09ef5801|rpc:10.1.0.4:15022|admin:10.1.0.4:15021|client:10.1.0.4:15020|dataStream:10.1.0.4:15023|priority:0|startupRole:FOLLOWER, 428a18af-32d9-48f2-b55a-04ca97c8809a|rpc:10.1.0.4:15040|admin:10.1.0.4:15039|client:10.1.0.4:15038|dataStream:10.1.0.4:15041|priority:0|startupRole:FOLLOWER] with ContainerStateMachine:uninitialized
2023-10-08 16:27:10,415 [0847a53b-a5e1-4a6e-9c94-ed2bc3fb4d81-groupManagement] INFO  server.RaftServerConfigKeys (ConfUtils.java:logGet(46)) - raft.server.rpc.timeout.min = 5s (custom)
2023-10-08 16:27:10,415 [0847a53b-a5e1-4a6e-9c94-ed2bc3fb4d81-groupManagement] INFO  server.RaftServerConfigKeys (ConfUtils.java:logGet(46)) - raft.server.rpc.timeout.max = 5200ms (custom)
2023-10-08 16:27:10,415 [0847a53b-a5e1-4a6e-9c94-ed2bc3fb4d81-groupManagement] INFO  server.RaftServerConfigKeys (ConfUtils.java:logGet(46)) - raft.server.rpc.sleep.time = 25ms (default)
2023-10-08 16:27:10,415 [0847a53b-a5e1-4a6e-9c94-ed2bc3fb4d81-groupManagement] INFO  server.RaftServerConfigKeys (ConfUtils.java:logGet(46)) - raft.server.rpc.slowness.timeout = 300s (custom)
2023-10-08 16:27:10,415 [0847a53b-a5e1-4a6e-9c94-ed2bc3fb4d81-groupManagement] INFO  server.RaftServerConfigKeys (ConfUtils.java:logGet(46)) - raft.server.leaderelection.leader.step-down.wait-time = 10s (default)
2023-10-08 16:27:10,415 [0847a53b-a5e1-4a6e-9c94-ed2bc3fb4d81-groupManagement] INFO  server.RaftServerConfigKeys (ConfUtils.java:logGet(46)) - raft.server.sleep.deviation.threshold = 300ms (default)
2023-10-08 16:27:10,415 [0847a53b-a5e1-4a6e-9c94-ed2bc3fb4d81-groupManagement] INFO  server.RaftServer$Division (ServerState.java:<init>(120)) - 0847a53b-a5e1-4a6e-9c94-ed2bc3fb4d81@group-471EC6C71867: ConfigurationManager, init=-1: peers:[0847a53b-a5e1-4a6e-9c94-ed2bc3fb4d81|rpc:10.1.0.4:15031|admin:10.1.0.4:15030|client:10.1.0.4:15029|dataStream:10.1.0.4:15032|priority:1|startupRole:FOLLOWER, a831d948-6e5a-44aa-8e9b-507a09ef5801|rpc:10.1.0.4:15022|admin:10.1.0.4:15021|client:10.1.0.4:15020|dataStream:10.1.0.4:15023|priority:0|startupRole:FOLLOWER, 428a18af-32d9-48f2-b55a-04ca97c8809a|rpc:10.1.0.4:15040|admin:10.1.0.4:15039|client:10.1.0.4:15038|dataStream:10.1.0.4:15041|priority:0|startupRole:FOLLOWER]|listeners:[], old=null, confs=<EMPTY_MAP>
2023-10-08 16:27:10,415 [0847a53b-a5e1-4a6e-9c94-ed2bc3fb4d81-groupManagement] INFO  server.RaftServerConfigKeys (ConfUtils.java:logGet(46)) - raft.server.storage.dir = [/home/runner/work/ozone/ozone/hadoop-ozone/integration-test/target/test-dir/MiniOzoneClusterImpl-c8a21aad-f255-4385-b304-f7d4bfe38451/datanode-1/data/ratis] (custom)
2023-10-08 16:27:10,415 [0847a53b-a5e1-4a6e-9c94-ed2bc3fb4d81-groupManagement] INFO  server.RaftServerConfigKeys (ConfUtils.java:logGet(46)) - raft.server.log.corruption.policy = EXCEPTION (default)
2023-10-08 16:27:10,415 [0847a53b-a5e1-4a6e-9c94-ed2bc3fb4d81-groupManagement] INFO  server.RaftServerConfigKeys (ConfUtils.java:logGet(46)) - raft.server.storage.free-space.min = 0MB (=0) (default)
2023-10-08 16:27:10,415 [0847a53b-a5e1-4a6e-9c94-ed2bc3fb4d81-groupManagement] INFO  server.RaftServerConfigKeys (ConfUtils.java:logGet(46)) - raft.server.notification.no-leader.timeout = 300s (custom)
2023-10-08 16:27:10,415 [0847a53b-a5e1-4a6e-9c94-ed2bc3fb4d81-groupManagement] INFO  server.RaftServerConfigKeys (ConfUtils.java:logGet(46)) - raft.server.read.timeout = 10s (default)
2023-10-08 16:27:10,415 [0847a53b-a5e1-4a6e-9c94-ed2bc3fb4d81-groupManagement] INFO  server.RaftServerConfigKeys (ConfUtils.java:logGet(46)) - raft.server.retrycache.expirytime = 600000ms (custom)
2023-10-08 16:27:10,416 [0847a53b-a5e1-4a6e-9c94-ed2bc3fb4d81-groupManagement] INFO  server.RaftServerConfigKeys (ConfUtils.java:logGet(46)) - raft.server.retrycache.statistics.expirytime = 100μs (default)
2023-10-08 16:27:10,416 [0847a53b-a5e1-4a6e-9c94-ed2bc3fb4d81-groupManagement] INFO  server.RaftServerConfigKeys (ConfUtils.java:logGet(46)) - raft.server.read.option = DEFAULT (default)
2023-10-08 16:27:10,414 [428a18af-32d9-48f2-b55a-04ca97c8809a-groupManagement] INFO  server.RaftServerConfigKeys (ConfUtils.java:logGet(46)) - raft.server.read.option = DEFAULT (default)
2023-10-08 16:27:10,421 [428a18af-32d9-48f2-b55a-04ca97c8809a-groupManagement] INFO  server.RaftServerConfigKeys (ConfUtils.java:logGet(46)) - raft.server.rpc.request.timeout = 60s (custom)
2023-10-08 16:27:10,421 [428a18af-32d9-48f2-b55a-04ca97c8809a-groupManagement] INFO  server.RaftServerConfigKeys (ConfUtils.java:logGet(46)) - raft.server.log.appender.install.snapshot.enabled = false (custom)
2023-10-08 16:27:10,421 [428a18af-32d9-48f2-b55a-04ca97c8809a-groupManagement] INFO  server.RaftServerConfigKeys (ConfUtils.java:logGet(46)) - raft.server.threadpool.server.cached = true (default)
2023-10-08 16:27:10,421 [428a18af-32d9-48f2-b55a-04ca97c8809a-groupManagement] INFO  server.RaftServerConfigKeys (ConfUtils.java:logGet(46)) - raft.server.threadpool.server.size = 0 (default)
2023-10-08 16:27:10,421 [428a18af-32d9-48f2-b55a-04ca97c8809a-groupManagement] INFO  server.RaftServerConfigKeys (ConfUtils.java:logGet(46)) - raft.server.threadpool.client.cached = true (default)
2023-10-08 16:27:10,421 [428a18af-32d9-48f2-b55a-04ca97c8809a-groupManagement] INFO  server.RaftServerConfigKeys (ConfUtils.java:logGet(46)) - raft.server.threadpool.client.size = 0 (default)
2023-10-08 16:27:10,421 [428a18af-32d9-48f2-b55a-04ca97c8809a-groupManagement] INFO  storage.RaftStorageDirectory (RaftStorageDirectoryImpl.java:analyzeStorage(137)) - The storage directory /home/runner/work/ozone/ozone/hadoop-ozone/integration-test/target/test-dir/MiniOzoneClusterImpl-c8a21aad-f255-4385-b304-f7d4bfe38451/datanode-2/data/ratis/26c4aaf3-173d-4a04-bbc9-471ec6c71867 does not exist. Creating ...
2023-10-08 16:27:10,422 [0847a53b-a5e1-4a6e-9c94-ed2bc3fb4d81-groupManagement] INFO  server.RaftServerConfigKeys (ConfUtils.java:logGet(46)) - raft.server.rpc.request.timeout = 60s (custom)
2023-10-08 16:27:10,423 [0847a53b-a5e1-4a6e-9c94-ed2bc3fb4d81-groupManagement] INFO  server.RaftServerConfigKeys (ConfUtils.java:logGet(46)) - raft.server.log.appender.install.snapshot.enabled = false (custom)
2023-10-08 16:27:10,423 [0847a53b-a5e1-4a6e-9c94-ed2bc3fb4d81-groupManagement] INFO  server.RaftServerConfigKeys (ConfUtils.java:logGet(46)) - raft.server.threadpool.server.cached = true (default)
2023-10-08 16:27:10,423 [0847a53b-a5e1-4a6e-9c94-ed2bc3fb4d81-groupManagement] INFO  server.RaftServerConfigKeys (ConfUtils.java:logGet(46)) - raft.server.threadpool.server.size = 0 (default)
2023-10-08 16:27:10,423 [428a18af-32d9-48f2-b55a-04ca97c8809a-groupManagement] INFO  storage.RaftStorageDirectory (RaftStorageDirectoryImpl.java:tryLock(231)) - Lock on /home/runner/work/ozone/ozone/hadoop-ozone/integration-test/target/test-dir/MiniOzoneClusterImpl-c8a21aad-f255-4385-b304-f7d4bfe38451/datanode-2/data/ratis/26c4aaf3-173d-4a04-bbc9-471ec6c71867/in_use.lock acquired by nodename 29017@fv-az550-77
2023-10-08 16:27:10,423 [0847a53b-a5e1-4a6e-9c94-ed2bc3fb4d81-groupManagement] INFO  server.RaftServerConfigKeys (ConfUtils.java:logGet(46)) - raft.server.threadpool.client.cached = true (default)
2023-10-08 16:27:10,423 [0847a53b-a5e1-4a6e-9c94-ed2bc3fb4d81-groupManagement] INFO  server.RaftServerConfigKeys (ConfUtils.java:logGet(46)) - raft.server.threadpool.client.size = 0 (default)
2023-10-08 16:27:10,424 [0847a53b-a5e1-4a6e-9c94-ed2bc3fb4d81-groupManagement] INFO  storage.RaftStorageDirectory (RaftStorageDirectoryImpl.java:analyzeStorage(137)) - The storage directory /home/runner/work/ozone/ozone/hadoop-ozone/integration-test/target/test-dir/MiniOzoneClusterImpl-c8a21aad-f255-4385-b304-f7d4bfe38451/datanode-1/data/ratis/26c4aaf3-173d-4a04-bbc9-471ec6c71867 does not exist. Creating ...
2023-10-08 16:27:10,424 [428a18af-32d9-48f2-b55a-04ca97c8809a-groupManagement] INFO  storage.RaftStorage (RaftStorageImpl.java:format(96)) - Storage directory /home/runner/work/ozone/ozone/hadoop-ozone/integration-test/target/test-dir/MiniOzoneClusterImpl-c8a21aad-f255-4385-b304-f7d4bfe38451/datanode-2/data/ratis/26c4aaf3-173d-4a04-bbc9-471ec6c71867 has been successfully formatted.
2023-10-08 16:27:10,425 [0847a53b-a5e1-4a6e-9c94-ed2bc3fb4d81-groupManagement] INFO  storage.RaftStorageDirectory (RaftStorageDirectoryImpl.java:tryLock(231)) - Lock on /home/runner/work/ozone/ozone/hadoop-ozone/integration-test/target/test-dir/MiniOzoneClusterImpl-c8a21aad-f255-4385-b304-f7d4bfe38451/datanode-1/data/ratis/26c4aaf3-173d-4a04-bbc9-471ec6c71867/in_use.lock acquired by nodename 29017@fv-az550-77
2023-10-08 16:27:10,425 [428a18af-32d9-48f2-b55a-04ca97c8809a-groupManagement] INFO  ratis.ContainerStateMachine (ContainerStateMachine.java:loadSnapshot(262)) - group-471EC6C71867: The snapshot info is null. Setting the last applied indexto:(t:0, i:~)
2023-10-08 16:27:10,426 [428a18af-32d9-48f2-b55a-04ca97c8809a-groupManagement] INFO  server.RaftServerConfigKeys (ConfUtils.java:logGet(46)) - raft.server.log.use.memory = false (default)
2023-10-08 16:27:10,427 [0847a53b-a5e1-4a6e-9c94-ed2bc3fb4d81-groupManagement] INFO  storage.RaftStorage (RaftStorageImpl.java:format(96)) - Storage directory /home/runner/work/ozone/ozone/hadoop-ozone/integration-test/target/test-dir/MiniOzoneClusterImpl-c8a21aad-f255-4385-b304-f7d4bfe38451/datanode-1/data/ratis/26c4aaf3-173d-4a04-bbc9-471ec6c71867 has been successfully formatted.
2023-10-08 16:27:10,429 [0847a53b-a5e1-4a6e-9c94-ed2bc3fb4d81-groupManagement] INFO  ratis.ContainerStateMachine (ContainerStateMachine.java:loadSnapshot(262)) - group-471EC6C71867: The snapshot info is null. Setting the last applied indexto:(t:0, i:~)
2023-10-08 16:27:10,429 [0847a53b-a5e1-4a6e-9c94-ed2bc3fb4d81-groupManagement] INFO  server.RaftServerConfigKeys (ConfUtils.java:logGet(46)) - raft.server.log.use.memory = false (default)
2023-10-08 16:27:10,429 [0847a53b-a5e1-4a6e-9c94-ed2bc3fb4d81-groupManagement] INFO  server.RaftServerConfigKeys (ConfUtils.java:logGet(46)) - raft.server.log.purge.gap = 1000000 (custom)
2023-10-08 16:27:10,429 [0847a53b-a5e1-4a6e-9c94-ed2bc3fb4d81-groupManagement] INFO  server.RaftServerConfigKeys (ConfUtils.java:logGet(46)) - raft.server.log.appender.buffer.byte-limit = 33554432 (custom)
2023-10-08 16:27:10,429 [0847a53b-a5e1-4a6e-9c94-ed2bc3fb4d81-groupManagement] INFO  server.RaftServerConfigKeys (ConfUtils.java:logGet(46)) - raft.server.log.statemachine.data.read.timeout = 1000ms (default)
2023-10-08 16:27:10,429 [0847a53b-a5e1-4a6e-9c94-ed2bc3fb4d81-groupManagement] INFO  server.RaftServerConfigKeys (ConfUtils.java:logGet(46)) - raft.server.log.purge.preservation.log.num = 0 (default)
2023-10-08 16:27:10,429 [0847a53b-a5e1-4a6e-9c94-ed2bc3fb4d81-groupManagement] INFO  server.RaftServerConfigKeys (ConfUtils.java:logGet(46)) - raft.server.log.segment.size.max = 1048576 (custom)
2023-10-08 16:27:10,431 [0847a53b-a5e1-4a6e-9c94-ed2bc3fb4d81-groupManagement] INFO  server.RaftServerConfigKeys (ConfUtils.java:logGet(46)) - raft.server.log.segment.cache.num.max = 2 (custom)
2023-10-08 16:27:10,431 [0847a53b-a5e1-4a6e-9c94-ed2bc3fb4d81-groupManagement] INFO  server.RaftServerConfigKeys (ConfUtils.java:logGet(46)) - raft.server.log.segment.cache.size.max = 200MB (=209715200) (default)
2023-10-08 16:27:10,432 [0847a53b-a5e1-4a6e-9c94-ed2bc3fb4d81-groupManagement] INFO  server.RaftServerConfigKeys (ConfUtils.java:logGet(46)) - raft.server.log.appender.buffer.byte-limit = 33554432 (custom)
2023-10-08 16:27:10,432 [0847a53b-a5e1-4a6e-9c94-ed2bc3fb4d81-groupManagement] INFO  segmented.SegmentedRaftLogWorker (SegmentedRaftLogWorker.java:<init>(188)) - new 0847a53b-a5e1-4a6e-9c94-ed2bc3fb4d81@group-471EC6C71867-SegmentedRaftLogWorker for RaftStorageImpl:Storage Directory /home/runner/work/ozone/ozone/hadoop-ozone/integration-test/target/test-dir/MiniOzoneClusterImpl-c8a21aad-f255-4385-b304-f7d4bfe38451/datanode-1/data/ratis/26c4aaf3-173d-4a04-bbc9-471ec6c71867
2023-10-08 16:27:10,432 [0847a53b-a5e1-4a6e-9c94-ed2bc3fb4d81-groupManagement] INFO  server.RaftServerConfigKeys (ConfUtils.java:logGet(46)) - raft.server.log.queue.byte-limit = 4294967296 (custom)
2023-10-08 16:27:10,432 [0847a53b-a5e1-4a6e-9c94-ed2bc3fb4d81-groupManagement] INFO  server.RaftServerConfigKeys (ConfUtils.java:logGet(46)) - raft.server.log.queue.element-limit = 1024 (custom)
2023-10-08 16:27:10,432 [0847a53b-a5e1-4a6e-9c94-ed2bc3fb4d81-groupManagement] INFO  server.RaftServerConfigKeys (ConfUtils.java:logGet(46)) - raft.server.log.segment.size.max = 1048576 (custom)
2023-10-08 16:27:10,432 [428a18af-32d9-48f2-b55a-04ca97c8809a-groupManagement] INFO  server.RaftServerConfigKeys (ConfUtils.java:logGet(46)) - raft.server.log.purge.gap = 1000000 (custom)
2023-10-08 16:27:10,432 [428a18af-32d9-48f2-b55a-04ca97c8809a-groupManagement] INFO  server.RaftServerConfigKeys (ConfUtils.java:logGet(46)) - raft.server.log.appender.buffer.byte-limit = 33554432 (custom)
2023-10-08 16:27:10,432 [428a18af-32d9-48f2-b55a-04ca97c8809a-groupManagement] INFO  server.RaftServerConfigKeys (ConfUtils.java:logGet(46)) - raft.server.log.statemachine.data.read.timeout = 1000ms (default)
2023-10-08 16:27:10,432 [428a18af-32d9-48f2-b55a-04ca97c8809a-groupManagement] INFO  server.RaftServerConfigKeys (ConfUtils.java:logGet(46)) - raft.server.log.purge.preservation.log.num = 0 (default)
2023-10-08 16:27:10,432 [428a18af-32d9-48f2-b55a-04ca97c8809a-groupManagement] INFO  server.RaftServerConfigKeys (ConfUtils.java:logGet(46)) - raft.server.log.segment.size.max = 1048576 (custom)
2023-10-08 16:27:10,433 [428a18af-32d9-48f2-b55a-04ca97c8809a-groupManagement] INFO  server.RaftServerConfigKeys (ConfUtils.java:logGet(46)) - raft.server.log.segment.cache.num.max = 2 (custom)
2023-10-08 16:27:10,433 [428a18af-32d9-48f2-b55a-04ca97c8809a-groupManagement] INFO  server.RaftServerConfigKeys (ConfUtils.java:logGet(46)) - raft.server.log.segment.cache.size.max = 200MB (=209715200) (default)
2023-10-08 16:27:10,433 [428a18af-32d9-48f2-b55a-04ca97c8809a-groupManagement] INFO  server.RaftServerConfigKeys (ConfUtils.java:logGet(46)) - raft.server.log.appender.buffer.byte-limit = 33554432 (custom)
2023-10-08 16:27:10,433 [428a18af-32d9-48f2-b55a-04ca97c8809a-groupManagement] INFO  segmented.SegmentedRaftLogWorker (SegmentedRaftLogWorker.java:<init>(188)) - new 428a18af-32d9-48f2-b55a-04ca97c8809a@group-471EC6C71867-SegmentedRaftLogWorker for RaftStorageImpl:Storage Directory /home/runner/work/ozone/ozone/hadoop-ozone/integration-test/target/test-dir/MiniOzoneClusterImpl-c8a21aad-f255-4385-b304-f7d4bfe38451/datanode-2/data/ratis/26c4aaf3-173d-4a04-bbc9-471ec6c71867
2023-10-08 16:27:10,433 [428a18af-32d9-48f2-b55a-04ca97c8809a-groupManagement] INFO  server.RaftServerConfigKeys (ConfUtils.java:logGet(46)) - raft.server.log.queue.byte-limit = 4294967296 (custom)
2023-10-08 16:27:10,433 [428a18af-32d9-48f2-b55a-04ca97c8809a-groupManagement] INFO  server.RaftServerConfigKeys (ConfUtils.java:logGet(46)) - raft.server.log.queue.element-limit = 1024 (custom)
2023-10-08 16:27:10,433 [428a18af-32d9-48f2-b55a-04ca97c8809a-groupManagement] INFO  server.RaftServerConfigKeys (ConfUtils.java:logGet(46)) - raft.server.log.segment.size.max = 1048576 (custom)
2023-10-08 16:27:10,433 [0847a53b-a5e1-4a6e-9c94-ed2bc3fb4d81-groupManagement] INFO  server.RaftServerConfigKeys (ConfUtils.java:logGet(46)) - raft.server.log.preallocated.size = 16384 (custom)
2023-10-08 16:27:10,433 [0847a53b-a5e1-4a6e-9c94-ed2bc3fb4d81-groupManagement] INFO  server.RaftServerConfigKeys (ConfUtils.java:logGet(46)) - raft.server.log.force.sync.num = 128 (default)
2023-10-08 16:27:10,433 [0847a53b-a5e1-4a6e-9c94-ed2bc3fb4d81-groupManagement] INFO  server.RaftServerConfigKeys (ConfUtils.java:logGet(46)) - raft.server.log.statemachine.data.sync = true (default)
2023-10-08 16:27:10,433 [0847a53b-a5e1-4a6e-9c94-ed2bc3fb4d81-groupManagement] INFO  server.RaftServerConfigKeys (ConfUtils.java:logGet(46)) - raft.server.log.statemachine.data.sync.timeout = 10s (default)
2023-10-08 16:27:10,433 [0847a53b-a5e1-4a6e-9c94-ed2bc3fb4d81-groupManagement] INFO  server.RaftServerConfigKeys (ConfUtils.java:logGet(46)) - raft.server.log.statemachine.data.sync.timeout.retry = -1 (default)
2023-10-08 16:27:10,434 [EventQueue-OpenPipelineForHealthyPipelineSafeModeRule] INFO  safemode.SCMSafeModeManager (HealthyPipelineSafeModeRule.java:process(137)) - SCM in safe mode. Healthy pipelines reported count is 0, required healthy pipeline reported count is 1
2023-10-08 16:27:10,434 [428a18af-32d9-48f2-b55a-04ca97c8809a-groupManagement] INFO  server.RaftServerConfigKeys (ConfUtils.java:logGet(46)) - raft.server.log.preallocated.size = 16384 (custom)
2023-10-08 16:27:10,434 [428a18af-32d9-48f2-b55a-04ca97c8809a-groupManagement] INFO  server.RaftServerConfigKeys (ConfUtils.java:logGet(46)) - raft.server.log.force.sync.num = 128 (default)
2023-10-08 16:27:10,434 [428a18af-32d9-48f2-b55a-04ca97c8809a-groupManagement] INFO  server.RaftServerConfigKeys (ConfUtils.java:logGet(46)) - raft.server.log.statemachine.data.sync = true (default)
2023-10-08 16:27:10,434 [428a18af-32d9-48f2-b55a-04ca97c8809a-groupManagement] INFO  server.RaftServerConfigKeys (ConfUtils.java:logGet(46)) - raft.server.log.statemachine.data.sync.timeout = 10s (default)
2023-10-08 16:27:10,435 [428a18af-32d9-48f2-b55a-04ca97c8809a-groupManagement] INFO  server.RaftServerConfigKeys (ConfUtils.java:logGet(46)) - raft.server.log.statemachine.data.sync.timeout.retry = -1 (default)
2023-10-08 16:27:10,435 [0847a53b-a5e1-4a6e-9c94-ed2bc3fb4d81-groupManagement] INFO  server.RaftServerConfigKeys (ConfUtils.java:logGet(46)) - raft.server.log.write.buffer.size = 1048576 (custom)
2023-10-08 16:27:10,436 [0847a53b-a5e1-4a6e-9c94-ed2bc3fb4d81-groupManagement] INFO  server.RaftServerConfigKeys (ConfUtils.java:logGet(46)) - raft.server.log.appender.buffer.byte-limit = 33554432 (custom)
2023-10-08 16:27:10,436 [428a18af-32d9-48f2-b55a-04ca97c8809a-groupManagement] INFO  server.RaftServerConfigKeys (ConfUtils.java:logGet(46)) - raft.server.log.write.buffer.size = 1048576 (custom)
2023-10-08 16:27:10,437 [428a18af-32d9-48f2-b55a-04ca97c8809a-groupManagement] INFO  server.RaftServerConfigKeys (ConfUtils.java:logGet(46)) - raft.server.log.appender.buffer.byte-limit = 33554432 (custom)
2023-10-08 16:27:10,825 [omNode-3@group-523986131536-FollowerState] INFO  server.RaftServerConfigKeys (ConfUtils.java:logFallback(53)) - raft.server.rpc.first-election.timeout.min = 1s (fallback to raft.server.rpc.timeout.min)
2023-10-08 16:27:10,825 [omNode-3@group-523986131536-FollowerState] INFO  server.RaftServerConfigKeys (ConfUtils.java:logFallback(53)) - raft.server.rpc.first-election.timeout.max = 1200ms (fallback to raft.server.rpc.timeout.max)
2023-10-08 16:27:10,828 [JvmPauseMonitor4] WARN  util.JvmPauseMonitor (JvmPauseMonitor.java:detectPause(124)) - JvmPauseMonitor-a831d948-6e5a-44aa-8e9b-507a09ef5801: Detected pause in JVM or host machine approximately 0.156s with 0.382s GC time.
GC pool 'PS MarkSweep' had collection(s): count=1 time=246ms
GC pool 'PS Scavenge' had collection(s): count=1 time=136ms
2023-10-08 16:27:10,828 [main] INFO  ozone.MiniOzoneClusterImpl (MiniOzoneClusterImpl.java:lambda$waitForClusterToBeReady$0(229)) - Nodes are ready. Got 3 of 3 DN Heartbeats.
2023-10-08 16:27:10,829 [main] INFO  ozone.MiniOzoneClusterImpl (MiniOzoneClusterImpl.java:lambda$waitForClusterToBeReady$0(232)) - Waiting for cluster to exit safe mode
2023-10-08 16:27:10,829 [main] INFO  ozone.MiniOzoneClusterImpl (MiniOzoneClusterImpl.java:lambda$waitForClusterToBeReady$0(234)) - SCM became leader
2023-10-08 16:27:10,830 [PipelineCommandHandlerThread-0] INFO  server.RaftServer (RaftServerProxy.java:addNew(98)) - 428a18af-32d9-48f2-b55a-04ca97c8809a: addNew group-320C2C393B24:[428a18af-32d9-48f2-b55a-04ca97c8809a|rpc:10.1.0.4:15040|admin:10.1.0.4:15039|client:10.1.0.4:15038|dataStream:10.1.0.4:15041|priority:1|startupRole:FOLLOWER] returns group-320C2C393B24:java.util.concurrent.CompletableFuture@7dc1ef29[Not completed]
2023-10-08 16:27:10,831 [JvmPauseMonitor3] WARN  util.JvmPauseMonitor (JvmPauseMonitor.java:detectPause(124)) - JvmPauseMonitor-omNode-3: Detected pause in JVM or host machine approximately 0.235s with 0.382s GC time.
GC pool 'PS MarkSweep' had collection(s): count=1 time=246ms
GC pool 'PS Scavenge' had collection(s): count=1 time=136ms
2023-10-08 16:27:10,831 [JvmPauseMonitor0] WARN  util.JvmPauseMonitor (JvmPauseMonitor.java:detectPause(124)) - JvmPauseMonitor-b2ee0446-37bf-442b-9706-146178bd1646: Detected pause in JVM or host machine approximately 0.282s with 0.382s GC time.
GC pool 'PS MarkSweep' had collection(s): count=1 time=246ms
GC pool 'PS Scavenge' had collection(s): count=1 time=136ms
2023-10-08 16:27:10,833 [0847a53b-a5e1-4a6e-9c94-ed2bc3fb4d81-groupManagement] INFO  server.RaftServerConfigKeys (ConfUtils.java:logGet(46)) - raft.server.log.unsafe-flush.enabled = false (default)
2023-10-08 16:27:10,833 [0847a53b-a5e1-4a6e-9c94-ed2bc3fb4d81-groupManagement] INFO  server.RaftServerConfigKeys (ConfUtils.java:logGet(46)) - raft.server.log.async-flush.enabled = false (default)
2023-10-08 16:27:10,833 [0847a53b-a5e1-4a6e-9c94-ed2bc3fb4d81-groupManagement] INFO  server.RaftServerConfigKeys (ConfUtils.java:logGet(46)) - raft.server.log.statemachine.data.caching.enabled = true (custom)
2023-10-08 16:27:10,833 [0847a53b-a5e1-4a6e-9c94-ed2bc3fb4d81-groupManagement] INFO  segmented.SegmentedRaftLogWorker (SegmentedRaftLogWorker.java:lambda$new$0(135)) - 0847a53b-a5e1-4a6e-9c94-ed2bc3fb4d81@group-471EC6C71867-SegmentedRaftLogWorker: flushIndex: setUnconditionally 0 -> -1
2023-10-08 16:27:10,833 [0847a53b-a5e1-4a6e-9c94-ed2bc3fb4d81-groupManagement] INFO  segmented.SegmentedRaftLogWorker (SegmentedRaftLogWorker.java:lambda$new$0(135)) - 0847a53b-a5e1-4a6e-9c94-ed2bc3fb4d81@group-471EC6C71867-SegmentedRaftLogWorker: safeCacheEvictIndex: setUnconditionally 0 -> -1
2023-10-08 16:27:10,838 [428a18af-32d9-48f2-b55a-04ca97c8809a-groupManagement] INFO  server.RaftServerConfigKeys (ConfUtils.java:logGet(46)) - raft.server.log.unsafe-flush.enabled = false (default)
2023-10-08 16:27:10,838 [428a18af-32d9-48f2-b55a-04ca97c8809a-groupManagement] INFO  server.RaftServerConfigKeys (ConfUtils.java:logGet(46)) - raft.server.log.async-flush.enabled = false (default)
2023-10-08 16:27:10,838 [428a18af-32d9-48f2-b55a-04ca97c8809a-groupManagement] INFO  server.RaftServerConfigKeys (ConfUtils.java:logGet(46)) - raft.server.log.statemachine.data.caching.enabled = true (custom)
2023-10-08 16:27:10,839 [428a18af-32d9-48f2-b55a-04ca97c8809a-groupManagement] INFO  segmented.SegmentedRaftLogWorker (SegmentedRaftLogWorker.java:lambda$new$0(135)) - 428a18af-32d9-48f2-b55a-04ca97c8809a@group-471EC6C71867-SegmentedRaftLogWorker: flushIndex: setUnconditionally 0 -> -1
2023-10-08 16:27:10,839 [428a18af-32d9-48f2-b55a-04ca97c8809a-groupManagement] INFO  segmented.SegmentedRaftLogWorker (SegmentedRaftLogWorker.java:lambda$new$0(135)) - 428a18af-32d9-48f2-b55a-04ca97c8809a@group-471EC6C71867-SegmentedRaftLogWorker: safeCacheEvictIndex: setUnconditionally 0 -> -1
2023-10-08 16:27:10,840 [0847a53b-a5e1-4a6e-9c94-ed2bc3fb4d81-groupManagement] INFO  server.RaftServer$Division (RaftServerImpl.java:start(342)) - 0847a53b-a5e1-4a6e-9c94-ed2bc3fb4d81@group-471EC6C71867: start as a follower, conf=-1: peers:[0847a53b-a5e1-4a6e-9c94-ed2bc3fb4d81|rpc:10.1.0.4:15031|admin:10.1.0.4:15030|client:10.1.0.4:15029|dataStream:10.1.0.4:15032|priority:1|startupRole:FOLLOWER, a831d948-6e5a-44aa-8e9b-507a09ef5801|rpc:10.1.0.4:15022|admin:10.1.0.4:15021|client:10.1.0.4:15020|dataStream:10.1.0.4:15023|priority:0|startupRole:FOLLOWER, 428a18af-32d9-48f2-b55a-04ca97c8809a|rpc:10.1.0.4:15040|admin:10.1.0.4:15039|client:10.1.0.4:15038|dataStream:10.1.0.4:15041|priority:0|startupRole:FOLLOWER]|listeners:[], old=null
2023-10-08 16:27:10,841 [0847a53b-a5e1-4a6e-9c94-ed2bc3fb4d81-groupManagement] INFO  server.RaftServer$Division (RaftServerImpl.java:setRole(329)) - 0847a53b-a5e1-4a6e-9c94-ed2bc3fb4d81@group-471EC6C71867: changes role from      null to FOLLOWER at term 0 for startAsFollower
2023-10-08 16:27:10,841 [0847a53b-a5e1-4a6e-9c94-ed2bc3fb4d81-groupManagement] INFO  impl.RoleInfo (RoleInfo.java:updateAndGet(139)) - 0847a53b-a5e1-4a6e-9c94-ed2bc3fb4d81: start 0847a53b-a5e1-4a6e-9c94-ed2bc3fb4d81@group-471EC6C71867-FollowerState
2023-10-08 16:27:10,841 [0847a53b-a5e1-4a6e-9c94-ed2bc3fb4d81-groupManagement] INFO  util.JmxRegister (JmxRegister.java:tryRegister(44)) - Successfully registered JMX Bean with object name Ratis:service=RaftServer,group=group-471EC6C71867,id=0847a53b-a5e1-4a6e-9c94-ed2bc3fb4d81
2023-10-08 16:27:10,841 [0847a53b-a5e1-4a6e-9c94-ed2bc3fb4d81-groupManagement] INFO  server.RaftServerConfigKeys (ConfUtils.java:logGet(46)) - raft.server.snapshot.auto.trigger.enabled = true (custom)
2023-10-08 16:27:10,841 [0847a53b-a5e1-4a6e-9c94-ed2bc3fb4d81-groupManagement] INFO  server.RaftServerConfigKeys (ConfUtils.java:logGet(46)) - raft.server.snapshot.auto.trigger.threshold = 10000 (custom)
2023-10-08 16:27:10,841 [0847a53b-a5e1-4a6e-9c94-ed2bc3fb4d81-groupManagement] INFO  server.RaftServerConfigKeys (ConfUtils.java:logGet(46)) - raft.server.snapshot.retention.file.num = 5 (custom)
2023-10-08 16:27:10,841 [0847a53b-a5e1-4a6e-9c94-ed2bc3fb4d81-groupManagement] INFO  server.RaftServerConfigKeys (ConfUtils.java:logGet(46)) - raft.server.log.purge.upto.snapshot.index = false (default)
2023-10-08 16:27:10,842 [0847a53b-a5e1-4a6e-9c94-ed2bc3fb4d81@group-471EC6C71867-FollowerState] INFO  server.RaftServerConfigKeys (ConfUtils.java:logFallback(53)) - raft.server.rpc.first-election.timeout.min = 5s (fallback to raft.server.rpc.timeout.min)
2023-10-08 16:27:10,854 [0847a53b-a5e1-4a6e-9c94-ed2bc3fb4d81@group-471EC6C71867-FollowerState] INFO  server.RaftServerConfigKeys (ConfUtils.java:logFallback(53)) - raft.server.rpc.first-election.timeout.max = 5200ms (fallback to raft.server.rpc.timeout.max)
2023-10-08 16:27:10,848 [428a18af-32d9-48f2-b55a-04ca97c8809a-groupManagement] INFO  server.RaftServer$Division (RaftServerImpl.java:start(342)) - 428a18af-32d9-48f2-b55a-04ca97c8809a@group-471EC6C71867: start as a follower, conf=-1: peers:[0847a53b-a5e1-4a6e-9c94-ed2bc3fb4d81|rpc:10.1.0.4:15031|admin:10.1.0.4:15030|client:10.1.0.4:15029|dataStream:10.1.0.4:15032|priority:1|startupRole:FOLLOWER, a831d948-6e5a-44aa-8e9b-507a09ef5801|rpc:10.1.0.4:15022|admin:10.1.0.4:15021|client:10.1.0.4:15020|dataStream:10.1.0.4:15023|priority:0|startupRole:FOLLOWER, 428a18af-32d9-48f2-b55a-04ca97c8809a|rpc:10.1.0.4:15040|admin:10.1.0.4:15039|client:10.1.0.4:15038|dataStream:10.1.0.4:15041|priority:0|startupRole:FOLLOWER]|listeners:[], old=null
2023-10-08 16:27:10,844 [PipelineCommandHandlerThread-0] INFO  ratis.XceiverServerRatis (XceiverServerRatis.java:addGroup(804)) - Created group PipelineID=26c4aaf3-173d-4a04-bbc9-471ec6c71867
2023-10-08 16:27:10,854 [428a18af-32d9-48f2-b55a-04ca97c8809a-groupManagement] INFO  server.RaftServer$Division (RaftServerImpl.java:setRole(329)) - 428a18af-32d9-48f2-b55a-04ca97c8809a@group-471EC6C71867: changes role from      null to FOLLOWER at term 0 for startAsFollower
2023-10-08 16:27:10,858 [428a18af-32d9-48f2-b55a-04ca97c8809a-groupManagement] INFO  impl.RoleInfo (RoleInfo.java:updateAndGet(139)) - 428a18af-32d9-48f2-b55a-04ca97c8809a: start 428a18af-32d9-48f2-b55a-04ca97c8809a@group-471EC6C71867-FollowerState
2023-10-08 16:27:10,862 [428a18af-32d9-48f2-b55a-04ca97c8809a-groupManagement] INFO  util.JmxRegister (JmxRegister.java:tryRegister(44)) - Successfully registered JMX Bean with object name Ratis:service=RaftServer,group=group-471EC6C71867,id=428a18af-32d9-48f2-b55a-04ca97c8809a
2023-10-08 16:27:10,862 [428a18af-32d9-48f2-b55a-04ca97c8809a-groupManagement] INFO  server.RaftServerConfigKeys (ConfUtils.java:logGet(46)) - raft.server.snapshot.auto.trigger.enabled = true (custom)
2023-10-08 16:27:10,862 [428a18af-32d9-48f2-b55a-04ca97c8809a-groupManagement] INFO  server.RaftServerConfigKeys (ConfUtils.java:logGet(46)) - raft.server.snapshot.auto.trigger.threshold = 10000 (custom)
2023-10-08 16:27:10,862 [428a18af-32d9-48f2-b55a-04ca97c8809a-groupManagement] INFO  server.RaftServerConfigKeys (ConfUtils.java:logGet(46)) - raft.server.snapshot.retention.file.num = 5 (custom)
2023-10-08 16:27:10,862 [428a18af-32d9-48f2-b55a-04ca97c8809a-groupManagement] INFO  server.RaftServerConfigKeys (ConfUtils.java:logGet(46)) - raft.server.log.purge.upto.snapshot.index = false (default)
2023-10-08 16:27:10,870 [428a18af-32d9-48f2-b55a-04ca97c8809a@group-471EC6C71867-FollowerState] INFO  server.RaftServerConfigKeys (ConfUtils.java:logFallback(53)) - raft.server.rpc.first-election.timeout.min = 5s (fallback to raft.server.rpc.timeout.min)
2023-10-08 16:27:10,870 [428a18af-32d9-48f2-b55a-04ca97c8809a@group-471EC6C71867-FollowerState] INFO  server.RaftServerConfigKeys (ConfUtils.java:logFallback(53)) - raft.server.rpc.first-election.timeout.max = 5200ms (fallback to raft.server.rpc.timeout.max)
2023-10-08 16:27:10,874 [428a18af-32d9-48f2-b55a-04ca97c8809a-groupManagement] INFO  server.RaftServer$Division (RaftServerImpl.java:<init>(198)) - 428a18af-32d9-48f2-b55a-04ca97c8809a: new RaftServerImpl for group-320C2C393B24:[428a18af-32d9-48f2-b55a-04ca97c8809a|rpc:10.1.0.4:15040|admin:10.1.0.4:15039|client:10.1.0.4:15038|dataStream:10.1.0.4:15041|priority:1|startupRole:FOLLOWER] with ContainerStateMachine:uninitialized
2023-10-08 16:27:10,874 [428a18af-32d9-48f2-b55a-04ca97c8809a-groupManagement] INFO  server.RaftServerConfigKeys (ConfUtils.java:logGet(46)) - raft.server.rpc.timeout.min = 5s (custom)
2023-10-08 16:27:10,874 [428a18af-32d9-48f2-b55a-04ca97c8809a-groupManagement] INFO  server.RaftServerConfigKeys (ConfUtils.java:logGet(46)) - raft.server.rpc.timeout.max = 5200ms (custom)
2023-10-08 16:27:10,874 [428a18af-32d9-48f2-b55a-04ca97c8809a-groupManagement] INFO  server.RaftServerConfigKeys (ConfUtils.java:logGet(46)) - raft.server.rpc.sleep.time = 25ms (default)
2023-10-08 16:27:10,874 [428a18af-32d9-48f2-b55a-04ca97c8809a-groupManagement] INFO  server.RaftServerConfigKeys (ConfUtils.java:logGet(46)) - raft.server.rpc.slowness.timeout = 300s (custom)
2023-10-08 16:27:10,874 [428a18af-32d9-48f2-b55a-04ca97c8809a-groupManagement] INFO  server.RaftServerConfigKeys (ConfUtils.java:logGet(46)) - raft.server.leaderelection.leader.step-down.wait-time = 10s (default)
2023-10-08 16:27:10,874 [428a18af-32d9-48f2-b55a-04ca97c8809a-groupManagement] INFO  server.RaftServerConfigKeys (ConfUtils.java:logGet(46)) - raft.server.sleep.deviation.threshold = 300ms (default)
2023-10-08 16:27:10,874 [428a18af-32d9-48f2-b55a-04ca97c8809a-groupManagement] INFO  server.RaftServer$Division (ServerState.java:<init>(120)) - 428a18af-32d9-48f2-b55a-04ca97c8809a@group-320C2C393B24: ConfigurationManager, init=-1: peers:[428a18af-32d9-48f2-b55a-04ca97c8809a|rpc:10.1.0.4:15040|admin:10.1.0.4:15039|client:10.1.0.4:15038|dataStream:10.1.0.4:15041|priority:1|startupRole:FOLLOWER]|listeners:[], old=null, confs=<EMPTY_MAP>
2023-10-08 16:27:10,874 [428a18af-32d9-48f2-b55a-04ca97c8809a-groupManagement] INFO  server.RaftServerConfigKeys (ConfUtils.java:logGet(46)) - raft.server.storage.dir = [/home/runner/work/ozone/ozone/hadoop-ozone/integration-test/target/test-dir/MiniOzoneClusterImpl-c8a21aad-f255-4385-b304-f7d4bfe38451/datanode-2/data/ratis] (custom)
2023-10-08 16:27:10,874 [428a18af-32d9-48f2-b55a-04ca97c8809a-groupManagement] INFO  server.RaftServerConfigKeys (ConfUtils.java:logGet(46)) - raft.server.log.corruption.policy = EXCEPTION (default)
2023-10-08 16:27:10,875 [428a18af-32d9-48f2-b55a-04ca97c8809a-groupManagement] INFO  server.RaftServerConfigKeys (ConfUtils.java:logGet(46)) - raft.server.storage.free-space.min = 0MB (=0) (default)
2023-10-08 16:27:10,875 [428a18af-32d9-48f2-b55a-04ca97c8809a-groupManagement] INFO  server.RaftServerConfigKeys (ConfUtils.java:logGet(46)) - raft.server.notification.no-leader.timeout = 300s (custom)
2023-10-08 16:27:10,875 [428a18af-32d9-48f2-b55a-04ca97c8809a-groupManagement] INFO  server.RaftServerConfigKeys (ConfUtils.java:logGet(46)) - raft.server.read.timeout = 10s (default)
2023-10-08 16:27:10,875 [428a18af-32d9-48f2-b55a-04ca97c8809a-groupManagement] INFO  server.RaftServerConfigKeys (ConfUtils.java:logGet(46)) - raft.server.retrycache.expirytime = 600000ms (custom)
2023-10-08 16:27:10,875 [428a18af-32d9-48f2-b55a-04ca97c8809a-groupManagement] INFO  server.RaftServerConfigKeys (ConfUtils.java:logGet(46)) - raft.server.retrycache.statistics.expirytime = 100μs (default)
2023-10-08 16:27:10,875 [428a18af-32d9-48f2-b55a-04ca97c8809a-groupManagement] INFO  server.RaftServerConfigKeys (ConfUtils.java:logGet(46)) - raft.server.read.option = DEFAULT (default)
2023-10-08 16:27:10,878 [428a18af-32d9-48f2-b55a-04ca97c8809a-groupManagement] INFO  server.RaftServerConfigKeys (ConfUtils.java:logGet(46)) - raft.server.rpc.request.timeout = 60s (custom)
2023-10-08 16:27:10,879 [428a18af-32d9-48f2-b55a-04ca97c8809a-groupManagement] INFO  server.RaftServerConfigKeys (ConfUtils.java:logGet(46)) - raft.server.log.appender.install.snapshot.enabled = false (custom)
2023-10-08 16:27:10,879 [428a18af-32d9-48f2-b55a-04ca97c8809a-groupManagement] INFO  server.RaftServerConfigKeys (ConfUtils.java:logGet(46)) - raft.server.threadpool.server.cached = true (default)
2023-10-08 16:27:10,879 [428a18af-32d9-48f2-b55a-04ca97c8809a-groupManagement] INFO  server.RaftServerConfigKeys (ConfUtils.java:logGet(46)) - raft.server.threadpool.server.size = 0 (default)
2023-10-08 16:27:10,879 [428a18af-32d9-48f2-b55a-04ca97c8809a-groupManagement] INFO  server.RaftServerConfigKeys (ConfUtils.java:logGet(46)) - raft.server.threadpool.client.cached = true (default)
2023-10-08 16:27:10,879 [428a18af-32d9-48f2-b55a-04ca97c8809a-groupManagement] INFO  server.RaftServerConfigKeys (ConfUtils.java:logGet(46)) - raft.server.threadpool.client.size = 0 (default)
2023-10-08 16:27:10,879 [428a18af-32d9-48f2-b55a-04ca97c8809a-groupManagement] INFO  storage.RaftStorageDirectory (RaftStorageDirectoryImpl.java:analyzeStorage(137)) - The storage directory /home/runner/work/ozone/ozone/hadoop-ozone/integration-test/target/test-dir/MiniOzoneClusterImpl-c8a21aad-f255-4385-b304-f7d4bfe38451/datanode-2/data/ratis/6e238e44-484d-4187-b04b-320c2c393b24 does not exist. Creating ...
2023-10-08 16:27:10,880 [428a18af-32d9-48f2-b55a-04ca97c8809a-groupManagement] INFO  storage.RaftStorageDirectory (RaftStorageDirectoryImpl.java:tryLock(231)) - Lock on /home/runner/work/ozone/ozone/hadoop-ozone/integration-test/target/test-dir/MiniOzoneClusterImpl-c8a21aad-f255-4385-b304-f7d4bfe38451/datanode-2/data/ratis/6e238e44-484d-4187-b04b-320c2c393b24/in_use.lock acquired by nodename 29017@fv-az550-77
2023-10-08 16:27:10,888 [428a18af-32d9-48f2-b55a-04ca97c8809a-groupManagement] INFO  storage.RaftStorage (RaftStorageImpl.java:format(96)) - Storage directory /home/runner/work/ozone/ozone/hadoop-ozone/integration-test/target/test-dir/MiniOzoneClusterImpl-c8a21aad-f255-4385-b304-f7d4bfe38451/datanode-2/data/ratis/6e238e44-484d-4187-b04b-320c2c393b24 has been successfully formatted.
2023-10-08 16:27:10,891 [428a18af-32d9-48f2-b55a-04ca97c8809a-groupManagement] INFO  ratis.ContainerStateMachine (ContainerStateMachine.java:loadSnapshot(262)) - group-320C2C393B24: The snapshot info is null. Setting the last applied indexto:(t:0, i:~)
2023-10-08 16:27:10,891 [428a18af-32d9-48f2-b55a-04ca97c8809a-groupManagement] INFO  server.RaftServerConfigKeys (ConfUtils.java:logGet(46)) - raft.server.log.use.memory = false (default)
2023-10-08 16:27:10,891 [428a18af-32d9-48f2-b55a-04ca97c8809a-groupManagement] INFO  server.RaftServerConfigKeys (ConfUtils.java:logGet(46)) - raft.server.log.purge.gap = 1000000 (custom)
2023-10-08 16:27:10,891 [428a18af-32d9-48f2-b55a-04ca97c8809a-groupManagement] INFO  server.RaftServerConfigKeys (ConfUtils.java:logGet(46)) - raft.server.log.appender.buffer.byte-limit = 33554432 (custom)
2023-10-08 16:27:10,891 [428a18af-32d9-48f2-b55a-04ca97c8809a-groupManagement] INFO  server.RaftServerConfigKeys (ConfUtils.java:logGet(46)) - raft.server.log.statemachine.data.read.timeout = 1000ms (default)
2023-10-08 16:27:10,891 [428a18af-32d9-48f2-b55a-04ca97c8809a-groupManagement] INFO  server.RaftServerConfigKeys (ConfUtils.java:logGet(46)) - raft.server.log.purge.preservation.log.num = 0 (default)
2023-10-08 16:27:10,891 [428a18af-32d9-48f2-b55a-04ca97c8809a-groupManagement] INFO  server.RaftServerConfigKeys (ConfUtils.java:logGet(46)) - raft.server.log.segment.size.max = 1048576 (custom)
2023-10-08 16:27:10,892 [428a18af-32d9-48f2-b55a-04ca97c8809a-groupManagement] INFO  server.RaftServerConfigKeys (ConfUtils.java:logGet(46)) - raft.server.log.segment.cache.num.max = 2 (custom)
2023-10-08 16:27:10,892 [428a18af-32d9-48f2-b55a-04ca97c8809a-groupManagement] INFO  server.RaftServerConfigKeys (ConfUtils.java:logGet(46)) - raft.server.log.segment.cache.size.max = 200MB (=209715200) (default)
2023-10-08 16:27:10,892 [428a18af-32d9-48f2-b55a-04ca97c8809a-groupManagement] INFO  server.RaftServerConfigKeys (ConfUtils.java:logGet(46)) - raft.server.log.appender.buffer.byte-limit = 33554432 (custom)
2023-10-08 16:27:10,892 [428a18af-32d9-48f2-b55a-04ca97c8809a-groupManagement] INFO  segmented.SegmentedRaftLogWorker (SegmentedRaftLogWorker.java:<init>(188)) - new 428a18af-32d9-48f2-b55a-04ca97c8809a@group-320C2C393B24-SegmentedRaftLogWorker for RaftStorageImpl:Storage Directory /home/runner/work/ozone/ozone/hadoop-ozone/integration-test/target/test-dir/MiniOzoneClusterImpl-c8a21aad-f255-4385-b304-f7d4bfe38451/datanode-2/data/ratis/6e238e44-484d-4187-b04b-320c2c393b24
2023-10-08 16:27:10,892 [428a18af-32d9-48f2-b55a-04ca97c8809a-groupManagement] INFO  server.RaftServerConfigKeys (ConfUtils.java:logGet(46)) - raft.server.log.queue.byte-limit = 4294967296 (custom)
2023-10-08 16:27:10,892 [428a18af-32d9-48f2-b55a-04ca97c8809a-groupManagement] INFO  server.RaftServerConfigKeys (ConfUtils.java:logGet(46)) - raft.server.log.queue.element-limit = 1024 (custom)
2023-10-08 16:27:10,892 [428a18af-32d9-48f2-b55a-04ca97c8809a-groupManagement] INFO  server.RaftServerConfigKeys (ConfUtils.java:logGet(46)) - raft.server.log.segment.size.max = 1048576 (custom)
2023-10-08 16:27:10,892 [428a18af-32d9-48f2-b55a-04ca97c8809a-groupManagement] INFO  server.RaftServerConfigKeys (ConfUtils.java:logGet(46)) - raft.server.log.preallocated.size = 16384 (custom)
2023-10-08 16:27:10,892 [428a18af-32d9-48f2-b55a-04ca97c8809a-groupManagement] INFO  server.RaftServerConfigKeys (ConfUtils.java:logGet(46)) - raft.server.log.force.sync.num = 128 (default)
2023-10-08 16:27:10,892 [428a18af-32d9-48f2-b55a-04ca97c8809a-groupManagement] INFO  server.RaftServerConfigKeys (ConfUtils.java:logGet(46)) - raft.server.log.statemachine.data.sync = true (default)
2023-10-08 16:27:10,892 [428a18af-32d9-48f2-b55a-04ca97c8809a-groupManagement] INFO  server.RaftServerConfigKeys (ConfUtils.java:logGet(46)) - raft.server.log.statemachine.data.sync.timeout = 10s (default)
2023-10-08 16:27:10,892 [428a18af-32d9-48f2-b55a-04ca97c8809a-groupManagement] INFO  server.RaftServerConfigKeys (ConfUtils.java:logGet(46)) - raft.server.log.statemachine.data.sync.timeout.retry = -1 (default)
2023-10-08 16:27:10,893 [428a18af-32d9-48f2-b55a-04ca97c8809a-groupManagement] INFO  server.RaftServerConfigKeys (ConfUtils.java:logGet(46)) - raft.server.log.write.buffer.size = 1048576 (custom)
2023-10-08 16:27:10,893 [428a18af-32d9-48f2-b55a-04ca97c8809a-groupManagement] INFO  server.RaftServerConfigKeys (ConfUtils.java:logGet(46)) - raft.server.log.appender.buffer.byte-limit = 33554432 (custom)
2023-10-08 16:27:10,905 [428a18af-32d9-48f2-b55a-04ca97c8809a-groupManagement] INFO  server.RaftServerConfigKeys (ConfUtils.java:logGet(46)) - raft.server.log.unsafe-flush.enabled = false (default)
2023-10-08 16:27:10,905 [428a18af-32d9-48f2-b55a-04ca97c8809a-groupManagement] INFO  server.RaftServerConfigKeys (ConfUtils.java:logGet(46)) - raft.server.log.async-flush.enabled = false (default)
2023-10-08 16:27:10,906 [428a18af-32d9-48f2-b55a-04ca97c8809a-groupManagement] INFO  server.RaftServerConfigKeys (ConfUtils.java:logGet(46)) - raft.server.log.statemachine.data.caching.enabled = true (custom)
2023-10-08 16:27:10,906 [428a18af-32d9-48f2-b55a-04ca97c8809a-groupManagement] INFO  segmented.SegmentedRaftLogWorker (SegmentedRaftLogWorker.java:lambda$new$0(135)) - 428a18af-32d9-48f2-b55a-04ca97c8809a@group-320C2C393B24-SegmentedRaftLogWorker: flushIndex: setUnconditionally 0 -> -1
2023-10-08 16:27:10,906 [428a18af-32d9-48f2-b55a-04ca97c8809a-groupManagement] INFO  segmented.SegmentedRaftLogWorker (SegmentedRaftLogWorker.java:lambda$new$0(135)) - 428a18af-32d9-48f2-b55a-04ca97c8809a@group-320C2C393B24-SegmentedRaftLogWorker: safeCacheEvictIndex: setUnconditionally 0 -> -1
2023-10-08 16:27:10,906 [428a18af-32d9-48f2-b55a-04ca97c8809a-groupManagement] INFO  server.RaftServer$Division (RaftServerImpl.java:start(342)) - 428a18af-32d9-48f2-b55a-04ca97c8809a@group-320C2C393B24: start as a follower, conf=-1: peers:[428a18af-32d9-48f2-b55a-04ca97c8809a|rpc:10.1.0.4:15040|admin:10.1.0.4:15039|client:10.1.0.4:15038|dataStream:10.1.0.4:15041|priority:1|startupRole:FOLLOWER]|listeners:[], old=null
2023-10-08 16:27:10,906 [428a18af-32d9-48f2-b55a-04ca97c8809a-groupManagement] INFO  server.RaftServer$Division (RaftServerImpl.java:setRole(329)) - 428a18af-32d9-48f2-b55a-04ca97c8809a@group-320C2C393B24: changes role from      null to FOLLOWER at term 0 for startAsFollower
2023-10-08 16:27:10,907 [428a18af-32d9-48f2-b55a-04ca97c8809a-groupManagement] INFO  impl.RoleInfo (RoleInfo.java:updateAndGet(139)) - 428a18af-32d9-48f2-b55a-04ca97c8809a: start 428a18af-32d9-48f2-b55a-04ca97c8809a@group-320C2C393B24-FollowerState
2023-10-08 16:27:10,908 [EventQueue-PipelineReportForPipelineReportHandler] INFO  pipeline.PipelineReportHandler (PipelineReportHandler.java:processPipelineReport(136)) - Opened pipeline PipelineID=6e238e44-484d-4187-b04b-320c2c393b24
2023-10-08 16:27:10,908 [EventQueue-OpenPipelineForHealthyPipelineSafeModeRule] INFO  safemode.SCMSafeModeManager (HealthyPipelineSafeModeRule.java:process(137)) - SCM in safe mode. Healthy pipelines reported count is 0, required healthy pipeline reported count is 1
2023-10-08 16:27:10,909 [428a18af-32d9-48f2-b55a-04ca97c8809a-groupManagement] INFO  util.JmxRegister (JmxRegister.java:tryRegister(44)) - Successfully registered JMX Bean with object name Ratis:service=RaftServer,group=group-320C2C393B24,id=428a18af-32d9-48f2-b55a-04ca97c8809a
2023-10-08 16:27:10,909 [428a18af-32d9-48f2-b55a-04ca97c8809a-groupManagement] INFO  server.RaftServerConfigKeys (ConfUtils.java:logGet(46)) - raft.server.snapshot.auto.trigger.enabled = true (custom)
2023-10-08 16:27:10,909 [428a18af-32d9-48f2-b55a-04ca97c8809a-groupManagement] INFO  server.RaftServerConfigKeys (ConfUtils.java:logGet(46)) - raft.server.snapshot.auto.trigger.threshold = 10000 (custom)
2023-10-08 16:27:10,909 [428a18af-32d9-48f2-b55a-04ca97c8809a-groupManagement] INFO  server.RaftServerConfigKeys (ConfUtils.java:logGet(46)) - raft.server.snapshot.retention.file.num = 5 (custom)
2023-10-08 16:27:10,909 [428a18af-32d9-48f2-b55a-04ca97c8809a-groupManagement] INFO  server.RaftServerConfigKeys (ConfUtils.java:logGet(46)) - raft.server.log.purge.upto.snapshot.index = false (default)
2023-10-08 16:27:10,909 [PipelineCommandHandlerThread-0] INFO  ratis.XceiverServerRatis (XceiverServerRatis.java:addGroup(804)) - Created group PipelineID=6e238e44-484d-4187-b04b-320c2c393b24
2023-10-08 16:27:10,910 [PipelineCommandHandlerThread-0] INFO  commandhandler.CreatePipelineCommandHandler (CreatePipelineCommandHandler.java:lambda$handle$2(124)) - Created Pipeline RATIS ONE PipelineID=6e238e44-484d-4187-b04b-320c2c393b24.
2023-10-08 16:27:10,910 [428a18af-32d9-48f2-b55a-04ca97c8809a@group-320C2C393B24-FollowerState] INFO  server.RaftServerConfigKeys (ConfUtils.java:logFallback(53)) - raft.server.rpc.first-election.timeout.min = 5s (fallback to raft.server.rpc.timeout.min)
2023-10-08 16:27:10,910 [428a18af-32d9-48f2-b55a-04ca97c8809a@group-320C2C393B24-FollowerState] INFO  server.RaftServerConfigKeys (ConfUtils.java:logFallback(53)) - raft.server.rpc.first-election.timeout.max = 5200ms (fallback to raft.server.rpc.timeout.max)
2023-10-08 16:27:10,972 [PipelineCommandHandlerThread-0] INFO  commandhandler.CreatePipelineCommandHandler (CreatePipelineCommandHandler.java:lambda$handle$2(124)) - Created Pipeline RATIS THREE PipelineID=26c4aaf3-173d-4a04-bbc9-471ec6c71867.
2023-10-08 16:27:10,982 [PipelineCommandHandlerThread-0] INFO  commandhandler.CreatePipelineCommandHandler (CreatePipelineCommandHandler.java:lambda$handle$2(124)) - Created Pipeline RATIS THREE PipelineID=26c4aaf3-173d-4a04-bbc9-471ec6c71867.
2023-10-08 16:27:11,829 [main] INFO  ozone.MiniOzoneClusterImpl (MiniOzoneClusterImpl.java:lambda$waitForClusterToBeReady$0(229)) - Nodes are ready. Got 3 of 3 DN Heartbeats.
2023-10-08 16:27:11,829 [main] INFO  ozone.MiniOzoneClusterImpl (MiniOzoneClusterImpl.java:lambda$waitForClusterToBeReady$0(232)) - Waiting for cluster to exit safe mode
2023-10-08 16:27:11,829 [main] INFO  ozone.MiniOzoneClusterImpl (MiniOzoneClusterImpl.java:lambda$waitForClusterToBeReady$0(234)) - SCM became leader
2023-10-08 16:27:11,919 [omNode-3@group-523986131536-FollowerState] INFO  server.RaftServerConfigKeys (ConfUtils.java:logFallback(53)) - raft.server.rpc.first-election.timeout.min = 1s (fallback to raft.server.rpc.timeout.min)
2023-10-08 16:27:11,920 [omNode-3@group-523986131536-FollowerState] INFO  server.RaftServerConfigKeys (ConfUtils.java:logFallback(53)) - raft.server.rpc.first-election.timeout.max = 1200ms (fallback to raft.server.rpc.timeout.max)
2023-10-08 16:27:12,830 [main] INFO  ozone.MiniOzoneClusterImpl (MiniOzoneClusterImpl.java:lambda$waitForClusterToBeReady$0(229)) - Nodes are ready. Got 3 of 3 DN Heartbeats.
2023-10-08 16:27:12,830 [main] INFO  ozone.MiniOzoneClusterImpl (MiniOzoneClusterImpl.java:lambda$waitForClusterToBeReady$0(232)) - Waiting for cluster to exit safe mode
2023-10-08 16:27:12,830 [main] INFO  ozone.MiniOzoneClusterImpl (MiniOzoneClusterImpl.java:lambda$waitForClusterToBeReady$0(234)) - SCM became leader
2023-10-08 16:27:12,948 [omNode-3@group-523986131536-FollowerState] INFO  server.RaftServerConfigKeys (ConfUtils.java:logFallback(53)) - raft.server.rpc.first-election.timeout.min = 1s (fallback to raft.server.rpc.timeout.min)
2023-10-08 16:27:12,948 [omNode-3@group-523986131536-FollowerState] INFO  server.RaftServerConfigKeys (ConfUtils.java:logFallback(53)) - raft.server.rpc.first-election.timeout.max = 1200ms (fallback to raft.server.rpc.timeout.max)
2023-10-08 16:27:13,830 [main] INFO  ozone.MiniOzoneClusterImpl (MiniOzoneClusterImpl.java:lambda$waitForClusterToBeReady$0(229)) - Nodes are ready. Got 3 of 3 DN Heartbeats.
2023-10-08 16:27:13,831 [main] INFO  ozone.MiniOzoneClusterImpl (MiniOzoneClusterImpl.java:lambda$waitForClusterToBeReady$0(232)) - Waiting for cluster to exit safe mode
2023-10-08 16:27:13,831 [main] INFO  ozone.MiniOzoneClusterImpl (MiniOzoneClusterImpl.java:lambda$waitForClusterToBeReady$0(234)) - SCM became leader
2023-10-08 16:27:13,961 [omNode-3@group-523986131536-FollowerState] INFO  server.RaftServerConfigKeys (ConfUtils.java:logFallback(53)) - raft.server.rpc.first-election.timeout.min = 1s (fallback to raft.server.rpc.timeout.min)
2023-10-08 16:27:13,961 [omNode-3@group-523986131536-FollowerState] INFO  server.RaftServerConfigKeys (ConfUtils.java:logFallback(53)) - raft.server.rpc.first-election.timeout.max = 1200ms (fallback to raft.server.rpc.timeout.max)
2023-10-08 16:27:14,831 [main] INFO  ozone.MiniOzoneClusterImpl (MiniOzoneClusterImpl.java:lambda$waitForClusterToBeReady$0(229)) - Nodes are ready. Got 3 of 3 DN Heartbeats.
2023-10-08 16:27:14,831 [main] INFO  ozone.MiniOzoneClusterImpl (MiniOzoneClusterImpl.java:lambda$waitForClusterToBeReady$0(232)) - Waiting for cluster to exit safe mode
2023-10-08 16:27:14,831 [main] INFO  ozone.MiniOzoneClusterImpl (MiniOzoneClusterImpl.java:lambda$waitForClusterToBeReady$0(234)) - SCM became leader
2023-10-08 16:27:15,152 [omNode-3@group-523986131536-FollowerState] INFO  server.RaftServerConfigKeys (ConfUtils.java:logFallback(53)) - raft.server.rpc.first-election.timeout.min = 1s (fallback to raft.server.rpc.timeout.min)
2023-10-08 16:27:15,152 [omNode-3@group-523986131536-FollowerState] INFO  server.RaftServerConfigKeys (ConfUtils.java:logFallback(53)) - raft.server.rpc.first-election.timeout.max = 1200ms (fallback to raft.server.rpc.timeout.max)
2023-10-08 16:27:15,177 [a831d948-6e5a-44aa-8e9b-507a09ef5801@group-5E51BB36FB23-FollowerState] INFO  impl.FollowerState (FollowerState.java:run(143)) - a831d948-6e5a-44aa-8e9b-507a09ef5801@group-5E51BB36FB23-FollowerState: change to CANDIDATE, lastRpcElapsedTime:5102871146ns, electionTimeout:5100ms
2023-10-08 16:27:15,178 [a831d948-6e5a-44aa-8e9b-507a09ef5801@group-5E51BB36FB23-FollowerState] INFO  impl.RoleInfo (RoleInfo.java:shutdownFollowerState(110)) - a831d948-6e5a-44aa-8e9b-507a09ef5801: shutdown a831d948-6e5a-44aa-8e9b-507a09ef5801@group-5E51BB36FB23-FollowerState
2023-10-08 16:27:15,178 [a831d948-6e5a-44aa-8e9b-507a09ef5801@group-5E51BB36FB23-FollowerState] INFO  server.RaftServer$Division (RaftServerImpl.java:setRole(329)) - a831d948-6e5a-44aa-8e9b-507a09ef5801@group-5E51BB36FB23: changes role from  FOLLOWER to CANDIDATE at term 0 for changeToCandidate
2023-10-08 16:27:15,179 [a831d948-6e5a-44aa-8e9b-507a09ef5801@group-5E51BB36FB23-FollowerState] INFO  server.RaftServerConfigKeys (ConfUtils.java:logGet(46)) - raft.server.leaderelection.pre-vote = true (default)
2023-10-08 16:27:15,179 [a831d948-6e5a-44aa-8e9b-507a09ef5801@group-5E51BB36FB23-FollowerState] INFO  impl.RoleInfo (RoleInfo.java:updateAndGet(139)) - a831d948-6e5a-44aa-8e9b-507a09ef5801: start a831d948-6e5a-44aa-8e9b-507a09ef5801@group-5E51BB36FB23-LeaderElection2
2023-10-08 16:27:15,185 [a831d948-6e5a-44aa-8e9b-507a09ef5801@group-5E51BB36FB23-LeaderElection2] INFO  impl.LeaderElection (LeaderElection.java:askForVotes(321)) - a831d948-6e5a-44aa-8e9b-507a09ef5801@group-5E51BB36FB23-LeaderElection2 PRE_VOTE round 0: submit vote requests at term 0 for -1: peers:[0847a53b-a5e1-4a6e-9c94-ed2bc3fb4d81|rpc:10.1.0.4:15031|admin:10.1.0.4:15030|client:10.1.0.4:15029|dataStream:10.1.0.4:15032|priority:0|startupRole:FOLLOWER, a831d948-6e5a-44aa-8e9b-507a09ef5801|rpc:10.1.0.4:15022|admin:10.1.0.4:15021|client:10.1.0.4:15020|dataStream:10.1.0.4:15023|priority:1|startupRole:FOLLOWER, 428a18af-32d9-48f2-b55a-04ca97c8809a|rpc:10.1.0.4:15040|admin:10.1.0.4:15039|client:10.1.0.4:15038|dataStream:10.1.0.4:15041|priority:0|startupRole:FOLLOWER]|listeners:[], old=null
2023-10-08 16:27:15,185 [a831d948-6e5a-44aa-8e9b-507a09ef5801@group-5E51BB36FB23-LeaderElection2] INFO  server.RaftServerConfigKeys (ConfUtils.java:logFallback(53)) - raft.server.rpc.first-election.timeout.min = 5s (fallback to raft.server.rpc.timeout.min)
2023-10-08 16:27:15,185 [a831d948-6e5a-44aa-8e9b-507a09ef5801@group-5E51BB36FB23-LeaderElection2-1] INFO  server.GrpcServerProtocolClient (GrpcServerProtocolClient.java:<init>(65)) - Build channel for 0847a53b-a5e1-4a6e-9c94-ed2bc3fb4d81
2023-10-08 16:27:15,186 [a831d948-6e5a-44aa-8e9b-507a09ef5801@group-5E51BB36FB23-LeaderElection2-2] INFO  server.GrpcServerProtocolClient (GrpcServerProtocolClient.java:<init>(65)) - Build channel for 428a18af-32d9-48f2-b55a-04ca97c8809a
2023-10-08 16:27:15,186 [a831d948-6e5a-44aa-8e9b-507a09ef5801@group-5E51BB36FB23-LeaderElection2] INFO  server.RaftServerConfigKeys (ConfUtils.java:logFallback(53)) - raft.server.rpc.first-election.timeout.max = 5200ms (fallback to raft.server.rpc.timeout.max)
2023-10-08 16:27:15,191 [a831d948-6e5a-44aa-8e9b-507a09ef5801@group-3BDD1A690AC2-FollowerState] INFO  impl.FollowerState (FollowerState.java:run(143)) - a831d948-6e5a-44aa-8e9b-507a09ef5801@group-3BDD1A690AC2-FollowerState: change to CANDIDATE, lastRpcElapsedTime:5161862462ns, electionTimeout:5152ms
2023-10-08 16:27:15,191 [a831d948-6e5a-44aa-8e9b-507a09ef5801@group-3BDD1A690AC2-FollowerState] INFO  impl.RoleInfo (RoleInfo.java:shutdownFollowerState(110)) - a831d948-6e5a-44aa-8e9b-507a09ef5801: shutdown a831d948-6e5a-44aa-8e9b-507a09ef5801@group-3BDD1A690AC2-FollowerState
2023-10-08 16:27:15,191 [a831d948-6e5a-44aa-8e9b-507a09ef5801@group-3BDD1A690AC2-FollowerState] INFO  server.RaftServer$Division (RaftServerImpl.java:setRole(329)) - a831d948-6e5a-44aa-8e9b-507a09ef5801@group-3BDD1A690AC2: changes role from  FOLLOWER to CANDIDATE at term 0 for changeToCandidate
2023-10-08 16:27:15,196 [a831d948-6e5a-44aa-8e9b-507a09ef5801@group-3BDD1A690AC2-FollowerState] INFO  server.RaftServerConfigKeys (ConfUtils.java:logGet(46)) - raft.server.leaderelection.pre-vote = true (default)
2023-10-08 16:27:15,196 [a831d948-6e5a-44aa-8e9b-507a09ef5801@group-3BDD1A690AC2-FollowerState] INFO  impl.RoleInfo (RoleInfo.java:updateAndGet(139)) - a831d948-6e5a-44aa-8e9b-507a09ef5801: start a831d948-6e5a-44aa-8e9b-507a09ef5801@group-3BDD1A690AC2-LeaderElection3
2023-10-08 16:27:15,207 [grpc-default-executor-1] INFO  server.RaftServer$Division (RaftServerImpl.java:requestVote(1302)) - 428a18af-32d9-48f2-b55a-04ca97c8809a@group-5E51BB36FB23: receive requestVote(PRE_VOTE, a831d948-6e5a-44aa-8e9b-507a09ef5801, group-5E51BB36FB23, 0, (t:0, i:0))
2023-10-08 16:27:15,207 [grpc-default-executor-1] INFO  impl.VoteContext (VoteContext.java:log(49)) - 428a18af-32d9-48f2-b55a-04ca97c8809a@group-5E51BB36FB23-FOLLOWER: accept PRE_VOTE from a831d948-6e5a-44aa-8e9b-507a09ef5801: our priority 0 <= candidate's priority 1
2023-10-08 16:27:15,208 [grpc-default-executor-1] INFO  server.RaftServer$Division (RaftServerImpl.java:requestVote(1335)) - 428a18af-32d9-48f2-b55a-04ca97c8809a@group-5E51BB36FB23 replies to PRE_VOTE vote request: a831d948-6e5a-44aa-8e9b-507a09ef5801<-428a18af-32d9-48f2-b55a-04ca97c8809a#0:OK-t0. Peer's state: 428a18af-32d9-48f2-b55a-04ca97c8809a@group-5E51BB36FB23:t0, leader=null, voted=, raftlog=Memoized:428a18af-32d9-48f2-b55a-04ca97c8809a@group-5E51BB36FB23-SegmentedRaftLog:OPENED:c-1, conf=-1: peers:[0847a53b-a5e1-4a6e-9c94-ed2bc3fb4d81|rpc:10.1.0.4:15031|admin:10.1.0.4:15030|client:10.1.0.4:15029|dataStream:10.1.0.4:15032|priority:0|startupRole:FOLLOWER, a831d948-6e5a-44aa-8e9b-507a09ef5801|rpc:10.1.0.4:15022|admin:10.1.0.4:15021|client:10.1.0.4:15020|dataStream:10.1.0.4:15023|priority:1|startupRole:FOLLOWER, 428a18af-32d9-48f2-b55a-04ca97c8809a|rpc:10.1.0.4:15040|admin:10.1.0.4:15039|client:10.1.0.4:15038|dataStream:10.1.0.4:15041|priority:0|startupRole:FOLLOWER]|listeners:[], old=null
2023-10-08 16:27:15,210 [a831d948-6e5a-44aa-8e9b-507a09ef5801@group-5E51BB36FB23-LeaderElection2] INFO  impl.LeaderElection (LeaderElection.java:logAndReturn(90)) - a831d948-6e5a-44aa-8e9b-507a09ef5801@group-5E51BB36FB23-LeaderElection2: PRE_VOTE PASSED received 1 response(s) and 0 exception(s):
2023-10-08 16:27:15,210 [a831d948-6e5a-44aa-8e9b-507a09ef5801@group-5E51BB36FB23-LeaderElection2] INFO  impl.LeaderElection (LeaderElection.java:logAndReturn(94)) -   Response 0: a831d948-6e5a-44aa-8e9b-507a09ef5801<-428a18af-32d9-48f2-b55a-04ca97c8809a#0:OK-t0
2023-10-08 16:27:15,210 [a831d948-6e5a-44aa-8e9b-507a09ef5801@group-5E51BB36FB23-LeaderElection2] INFO  impl.LeaderElection (LeaderElection.java:askForVotes(323)) - a831d948-6e5a-44aa-8e9b-507a09ef5801@group-5E51BB36FB23-LeaderElection2 PRE_VOTE round 0: result PASSED
2023-10-08 16:27:15,211 [grpc-default-executor-2] INFO  server.RaftServer$Division (RaftServerImpl.java:requestVote(1302)) - 0847a53b-a5e1-4a6e-9c94-ed2bc3fb4d81@group-5E51BB36FB23: receive requestVote(PRE_VOTE, a831d948-6e5a-44aa-8e9b-507a09ef5801, group-5E51BB36FB23, 0, (t:0, i:0))
2023-10-08 16:27:15,213 [a831d948-6e5a-44aa-8e9b-507a09ef5801@group-5E51BB36FB23-LeaderElection2] INFO  impl.LeaderElection (LeaderElection.java:askForVotes(321)) - a831d948-6e5a-44aa-8e9b-507a09ef5801@group-5E51BB36FB23-LeaderElection2 ELECTION round 0: submit vote requests at term 1 for -1: peers:[0847a53b-a5e1-4a6e-9c94-ed2bc3fb4d81|rpc:10.1.0.4:15031|admin:10.1.0.4:15030|client:10.1.0.4:15029|dataStream:10.1.0.4:15032|priority:0|startupRole:FOLLOWER, a831d948-6e5a-44aa-8e9b-507a09ef5801|rpc:10.1.0.4:15022|admin:10.1.0.4:15021|client:10.1.0.4:15020|dataStream:10.1.0.4:15023|priority:1|startupRole:FOLLOWER, 428a18af-32d9-48f2-b55a-04ca97c8809a|rpc:10.1.0.4:15040|admin:10.1.0.4:15039|client:10.1.0.4:15038|dataStream:10.1.0.4:15041|priority:0|startupRole:FOLLOWER]|listeners:[], old=null
2023-10-08 16:27:15,210 [a831d948-6e5a-44aa-8e9b-507a09ef5801@group-3BDD1A690AC2-LeaderElection3] INFO  impl.LeaderElection (LeaderElection.java:askForVotes(321)) - a831d948-6e5a-44aa-8e9b-507a09ef5801@group-3BDD1A690AC2-LeaderElection3 PRE_VOTE round 0: submit vote requests at term 0 for -1: peers:[a831d948-6e5a-44aa-8e9b-507a09ef5801|rpc:10.1.0.4:15022|admin:10.1.0.4:15021|client:10.1.0.4:15020|dataStream:10.1.0.4:15023|priority:1|startupRole:FOLLOWER]|listeners:[], old=null
2023-10-08 16:27:15,216 [a831d948-6e5a-44aa-8e9b-507a09ef5801@group-3BDD1A690AC2-LeaderElection3] INFO  impl.LeaderElection (LeaderElection.java:askForVotes(323)) - a831d948-6e5a-44aa-8e9b-507a09ef5801@group-3BDD1A690AC2-LeaderElection3 PRE_VOTE round 0: result PASSED (term=0)
2023-10-08 16:27:15,215 [a831d948-6e5a-44aa-8e9b-507a09ef5801@group-5E51BB36FB23-LeaderElection2] INFO  server.RaftServerConfigKeys (ConfUtils.java:logFallback(53)) - raft.server.rpc.first-election.timeout.min = 5s (fallback to raft.server.rpc.timeout.min)
2023-10-08 16:27:15,224 [a831d948-6e5a-44aa-8e9b-507a09ef5801@group-5E51BB36FB23-LeaderElection2] INFO  server.RaftServerConfigKeys (ConfUtils.java:logFallback(53)) - raft.server.rpc.first-election.timeout.max = 5200ms (fallback to raft.server.rpc.timeout.max)
2023-10-08 16:27:15,213 [grpc-default-executor-2] INFO  impl.VoteContext (VoteContext.java:log(49)) - 0847a53b-a5e1-4a6e-9c94-ed2bc3fb4d81@group-5E51BB36FB23-FOLLOWER: accept PRE_VOTE from a831d948-6e5a-44aa-8e9b-507a09ef5801: our priority 0 <= candidate's priority 1
2023-10-08 16:27:15,224 [a831d948-6e5a-44aa-8e9b-507a09ef5801@group-3BDD1A690AC2-LeaderElection3] INFO  impl.LeaderElection (LeaderElection.java:askForVotes(321)) - a831d948-6e5a-44aa-8e9b-507a09ef5801@group-3BDD1A690AC2-LeaderElection3 ELECTION round 0: submit vote requests at term 1 for -1: peers:[a831d948-6e5a-44aa-8e9b-507a09ef5801|rpc:10.1.0.4:15022|admin:10.1.0.4:15021|client:10.1.0.4:15020|dataStream:10.1.0.4:15023|priority:1|startupRole:FOLLOWER]|listeners:[], old=null
2023-10-08 16:27:15,224 [grpc-default-executor-2] INFO  server.RaftServer$Division (RaftServerImpl.java:requestVote(1335)) - 0847a53b-a5e1-4a6e-9c94-ed2bc3fb4d81@group-5E51BB36FB23 replies to PRE_VOTE vote request: a831d948-6e5a-44aa-8e9b-507a09ef5801<-0847a53b-a5e1-4a6e-9c94-ed2bc3fb4d81#0:OK-t0. Peer's state: 0847a53b-a5e1-4a6e-9c94-ed2bc3fb4d81@group-5E51BB36FB23:t0, leader=null, voted=, raftlog=Memoized:0847a53b-a5e1-4a6e-9c94-ed2bc3fb4d81@group-5E51BB36FB23-SegmentedRaftLog:OPENED:c-1, conf=-1: peers:[0847a53b-a5e1-4a6e-9c94-ed2bc3fb4d81|rpc:10.1.0.4:15031|admin:10.1.0.4:15030|client:10.1.0.4:15029|dataStream:10.1.0.4:15032|priority:0|startupRole:FOLLOWER, a831d948-6e5a-44aa-8e9b-507a09ef5801|rpc:10.1.0.4:15022|admin:10.1.0.4:15021|client:10.1.0.4:15020|dataStream:10.1.0.4:15023|priority:1|startupRole:FOLLOWER, 428a18af-32d9-48f2-b55a-04ca97c8809a|rpc:10.1.0.4:15040|admin:10.1.0.4:15039|client:10.1.0.4:15038|dataStream:10.1.0.4:15041|priority:0|startupRole:FOLLOWER]|listeners:[], old=null
2023-10-08 16:27:15,224 [a831d948-6e5a-44aa-8e9b-507a09ef5801@group-3BDD1A690AC2-LeaderElection3] INFO  impl.LeaderElection (LeaderElection.java:askForVotes(323)) - a831d948-6e5a-44aa-8e9b-507a09ef5801@group-3BDD1A690AC2-LeaderElection3 ELECTION round 0: result PASSED (term=1)
2023-10-08 16:27:15,224 [a831d948-6e5a-44aa-8e9b-507a09ef5801@group-3BDD1A690AC2-LeaderElection3] INFO  impl.RoleInfo (RoleInfo.java:shutdownLeaderElection(130)) - a831d948-6e5a-44aa-8e9b-507a09ef5801: shutdown a831d948-6e5a-44aa-8e9b-507a09ef5801@group-3BDD1A690AC2-LeaderElection3
2023-10-08 16:27:15,225 [a831d948-6e5a-44aa-8e9b-507a09ef5801@group-3BDD1A690AC2-LeaderElection3] INFO  server.RaftServer$Division (RaftServerImpl.java:setRole(329)) - a831d948-6e5a-44aa-8e9b-507a09ef5801@group-3BDD1A690AC2: changes role from CANDIDATE to LEADER at term 1 for changeToLeader
2023-10-08 16:27:15,225 [a831d948-6e5a-44aa-8e9b-507a09ef5801@group-3BDD1A690AC2-LeaderElection3] INFO  ratis.XceiverServerRatis (XceiverServerRatis.java:handleLeaderChangedNotification(902)) - Leader change notification received for group: group-3BDD1A690AC2 with new leaderId: a831d948-6e5a-44aa-8e9b-507a09ef5801
2023-10-08 16:27:15,225 [grpc-default-executor-1] INFO  server.RaftServer$Division (RaftServerImpl.java:requestVote(1302)) - 0847a53b-a5e1-4a6e-9c94-ed2bc3fb4d81@group-5E51BB36FB23: receive requestVote(ELECTION, a831d948-6e5a-44aa-8e9b-507a09ef5801, group-5E51BB36FB23, 1, (t:0, i:0))
2023-10-08 16:27:15,226 [a831d948-6e5a-44aa-8e9b-507a09ef5801@group-3BDD1A690AC2-LeaderElection3] INFO  server.RaftServer$Division (ServerState.java:setLeader(317)) - a831d948-6e5a-44aa-8e9b-507a09ef5801@group-3BDD1A690AC2: change Leader from null to a831d948-6e5a-44aa-8e9b-507a09ef5801 at term 1 for becomeLeader, leader elected after 5221ms
2023-10-08 16:27:15,226 [grpc-default-executor-1] INFO  impl.VoteContext (VoteContext.java:log(49)) - 0847a53b-a5e1-4a6e-9c94-ed2bc3fb4d81@group-5E51BB36FB23-FOLLOWER: accept ELECTION from a831d948-6e5a-44aa-8e9b-507a09ef5801: our priority 0 <= candidate's priority 1
2023-10-08 16:27:15,226 [a831d948-6e5a-44aa-8e9b-507a09ef5801@group-3BDD1A690AC2-LeaderElection3] INFO  server.RaftServerConfigKeys (ConfUtils.java:logGet(46)) - raft.server.staging.catchup.gap = 1000 (default)
2023-10-08 16:27:15,226 [grpc-default-executor-1] INFO  server.RaftServer$Division (RaftServerImpl.java:setRole(329)) - 0847a53b-a5e1-4a6e-9c94-ed2bc3fb4d81@group-5E51BB36FB23: changes role from  FOLLOWER to FOLLOWER at term 1 for candidate:a831d948-6e5a-44aa-8e9b-507a09ef5801
2023-10-08 16:27:15,226 [grpc-default-executor-1] INFO  impl.RoleInfo (RoleInfo.java:shutdownFollowerState(110)) - 0847a53b-a5e1-4a6e-9c94-ed2bc3fb4d81: shutdown 0847a53b-a5e1-4a6e-9c94-ed2bc3fb4d81@group-5E51BB36FB23-FollowerState
2023-10-08 16:27:15,226 [a831d948-6e5a-44aa-8e9b-507a09ef5801@group-3BDD1A690AC2-LeaderElection3] INFO  server.RaftServerConfigKeys (ConfUtils.java:logGet(46)) - raft.server.write.element-limit = 1024 (custom)
2023-10-08 16:27:15,227 [a831d948-6e5a-44aa-8e9b-507a09ef5801@group-3BDD1A690AC2-LeaderElection3] INFO  server.RaftServerConfigKeys (ConfUtils.java:logGet(46)) - raft.server.write.byte-limit = 1024 M (=1073741824) (custom)
2023-10-08 16:27:15,227 [a831d948-6e5a-44aa-8e9b-507a09ef5801@group-3BDD1A690AC2-LeaderElection3] INFO  server.RaftServerConfigKeys (ConfUtils.java:logGet(46)) - raft.server.watch.timeout = 180s (custom)
2023-10-08 16:27:15,227 [a831d948-6e5a-44aa-8e9b-507a09ef5801@group-3BDD1A690AC2-LeaderElection3] INFO  server.RaftServerConfigKeys (ConfUtils.java:logGet(46)) - raft.server.watch.timeout.denomination = 1s (default)
2023-10-08 16:27:15,227 [a831d948-6e5a-44aa-8e9b-507a09ef5801@group-3BDD1A690AC2-LeaderElection3] INFO  server.RaftServerConfigKeys (ConfUtils.java:logGet(46)) - raft.server.watch.element-limit = 65536 (default)
2023-10-08 16:27:15,227 [a831d948-6e5a-44aa-8e9b-507a09ef5801@group-3BDD1A690AC2-LeaderElection3] INFO  server.RaftServerConfigKeys (ConfUtils.java:logGet(46)) - raft.server.write.element-limit = 1024 (custom)
2023-10-08 16:27:15,227 [a831d948-6e5a-44aa-8e9b-507a09ef5801@group-3BDD1A690AC2-LeaderElection3] INFO  server.RaftServerConfigKeys (ConfUtils.java:logGet(46)) - raft.server.write.follower.gap.ratio.max = -1.0 (default)
2023-10-08 16:27:15,227 [a831d948-6e5a-44aa-8e9b-507a09ef5801@group-3BDD1A690AC2-LeaderElection3] INFO  impl.RoleInfo (RoleInfo.java:updateAndGet(139)) - a831d948-6e5a-44aa-8e9b-507a09ef5801: start a831d948-6e5a-44aa-8e9b-507a09ef5801@group-3BDD1A690AC2-LeaderStateImpl
2023-10-08 16:27:15,227 [0847a53b-a5e1-4a6e-9c94-ed2bc3fb4d81@group-5E51BB36FB23-FollowerState] INFO  impl.FollowerState (FollowerState.java:run(152)) - 0847a53b-a5e1-4a6e-9c94-ed2bc3fb4d81@group-5E51BB36FB23-FollowerState was interrupted
2023-10-08 16:27:15,228 [grpc-default-executor-1] INFO  impl.RoleInfo (RoleInfo.java:updateAndGet(139)) - 0847a53b-a5e1-4a6e-9c94-ed2bc3fb4d81: start 0847a53b-a5e1-4a6e-9c94-ed2bc3fb4d81@group-5E51BB36FB23-FollowerState
2023-10-08 16:27:15,229 [a831d948-6e5a-44aa-8e9b-507a09ef5801@group-3BDD1A690AC2-LeaderElection3] INFO  segmented.SegmentedRaftLogWorker (SegmentedRaftLogWorker.java:startLogSegment(447)) - a831d948-6e5a-44aa-8e9b-507a09ef5801@group-3BDD1A690AC2-SegmentedRaftLogWorker: Starting segment from index:0
2023-10-08 16:27:15,230 [grpc-default-executor-1] INFO  server.RaftServer$Division (RaftServerImpl.java:requestVote(1335)) - 0847a53b-a5e1-4a6e-9c94-ed2bc3fb4d81@group-5E51BB36FB23 replies to ELECTION vote request: a831d948-6e5a-44aa-8e9b-507a09ef5801<-0847a53b-a5e1-4a6e-9c94-ed2bc3fb4d81#0:OK-t1. Peer's state: 0847a53b-a5e1-4a6e-9c94-ed2bc3fb4d81@group-5E51BB36FB23:t1, leader=null, voted=a831d948-6e5a-44aa-8e9b-507a09ef5801, raftlog=Memoized:0847a53b-a5e1-4a6e-9c94-ed2bc3fb4d81@group-5E51BB36FB23-SegmentedRaftLog:OPENED:c-1, conf=-1: peers:[0847a53b-a5e1-4a6e-9c94-ed2bc3fb4d81|rpc:10.1.0.4:15031|admin:10.1.0.4:15030|client:10.1.0.4:15029|dataStream:10.1.0.4:15032|priority:0|startupRole:FOLLOWER, a831d948-6e5a-44aa-8e9b-507a09ef5801|rpc:10.1.0.4:15022|admin:10.1.0.4:15021|client:10.1.0.4:15020|dataStream:10.1.0.4:15023|priority:1|startupRole:FOLLOWER, 428a18af-32d9-48f2-b55a-04ca97c8809a|rpc:10.1.0.4:15040|admin:10.1.0.4:15039|client:10.1.0.4:15038|dataStream:10.1.0.4:15041|priority:0|startupRole:FOLLOWER]|listeners:[], old=null
2023-10-08 16:27:15,230 [a831d948-6e5a-44aa-8e9b-507a09ef5801@group-3BDD1A690AC2-SegmentedRaftLogWorker] INFO  segmented.SegmentedRaftLogWorker (SegmentedRaftLogWorker.java:execute(651)) - a831d948-6e5a-44aa-8e9b-507a09ef5801@group-3BDD1A690AC2-SegmentedRaftLogWorker: created new log segment /home/runner/work/ozone/ozone/hadoop-ozone/integration-test/target/test-dir/MiniOzoneClusterImpl-c8a21aad-f255-4385-b304-f7d4bfe38451/datanode-0/data/ratis/cb0b3c8e-01c5-40e8-b8e0-3bdd1a690ac2/current/log_inprogress_0
2023-10-08 16:27:15,232 [a831d948-6e5a-44aa-8e9b-507a09ef5801@group-5E51BB36FB23-LeaderElection2] INFO  impl.LeaderElection (LeaderElection.java:logAndReturn(90)) - a831d948-6e5a-44aa-8e9b-507a09ef5801@group-5E51BB36FB23-LeaderElection2: ELECTION PASSED received 1 response(s) and 0 exception(s):
2023-10-08 16:27:15,237 [a831d948-6e5a-44aa-8e9b-507a09ef5801@group-5E51BB36FB23-LeaderElection2] INFO  impl.LeaderElection (LeaderElection.java:logAndReturn(94)) -   Response 0: a831d948-6e5a-44aa-8e9b-507a09ef5801<-0847a53b-a5e1-4a6e-9c94-ed2bc3fb4d81#0:OK-t1
2023-10-08 16:27:15,237 [a831d948-6e5a-44aa-8e9b-507a09ef5801@group-5E51BB36FB23-LeaderElection2] INFO  impl.LeaderElection (LeaderElection.java:askForVotes(323)) - a831d948-6e5a-44aa-8e9b-507a09ef5801@group-5E51BB36FB23-LeaderElection2 ELECTION round 0: result PASSED
2023-10-08 16:27:15,237 [grpc-default-executor-1] INFO  server.RaftServer$Division (RaftServerImpl.java:requestVote(1302)) - 428a18af-32d9-48f2-b55a-04ca97c8809a@group-5E51BB36FB23: receive requestVote(ELECTION, a831d948-6e5a-44aa-8e9b-507a09ef5801, group-5E51BB36FB23, 1, (t:0, i:0))
2023-10-08 16:27:15,237 [EventQueue-OpenPipelineForHealthyPipelineSafeModeRule] INFO  safemode.SCMSafeModeManager (HealthyPipelineSafeModeRule.java:process(137)) - SCM in safe mode. Healthy pipelines reported count is 0, required healthy pipeline reported count is 1
2023-10-08 16:27:15,239 [grpc-default-executor-1] INFO  impl.VoteContext (VoteContext.java:log(49)) - 428a18af-32d9-48f2-b55a-04ca97c8809a@group-5E51BB36FB23-FOLLOWER: accept ELECTION from a831d948-6e5a-44aa-8e9b-507a09ef5801: our priority 0 <= candidate's priority 1
2023-10-08 16:27:15,240 [grpc-default-executor-1] INFO  server.RaftServer$Division (RaftServerImpl.java:setRole(329)) - 428a18af-32d9-48f2-b55a-04ca97c8809a@group-5E51BB36FB23: changes role from  FOLLOWER to FOLLOWER at term 1 for candidate:a831d948-6e5a-44aa-8e9b-507a09ef5801
2023-10-08 16:27:15,240 [grpc-default-executor-1] INFO  impl.RoleInfo (RoleInfo.java:shutdownFollowerState(110)) - 428a18af-32d9-48f2-b55a-04ca97c8809a: shutdown 428a18af-32d9-48f2-b55a-04ca97c8809a@group-5E51BB36FB23-FollowerState
2023-10-08 16:27:15,236 [a831d948-6e5a-44aa-8e9b-507a09ef5801@group-3BDD1A690AC2-LeaderElection3] INFO  server.RaftServer$Division (ServerState.java:setRaftConf(434)) - a831d948-6e5a-44aa-8e9b-507a09ef5801@group-3BDD1A690AC2: set configuration 0: peers:[a831d948-6e5a-44aa-8e9b-507a09ef5801|rpc:10.1.0.4:15022|admin:10.1.0.4:15021|client:10.1.0.4:15020|dataStream:10.1.0.4:15023|priority:1|startupRole:FOLLOWER]|listeners:[], old=null
2023-10-08 16:27:15,240 [428a18af-32d9-48f2-b55a-04ca97c8809a@group-5E51BB36FB23-FollowerState] INFO  impl.FollowerState (FollowerState.java:run(152)) - 428a18af-32d9-48f2-b55a-04ca97c8809a@group-5E51BB36FB23-FollowerState was interrupted
2023-10-08 16:27:15,237 [a831d948-6e5a-44aa-8e9b-507a09ef5801@group-5E51BB36FB23-LeaderElection2] INFO  impl.RoleInfo (RoleInfo.java:shutdownLeaderElection(130)) - a831d948-6e5a-44aa-8e9b-507a09ef5801: shutdown a831d948-6e5a-44aa-8e9b-507a09ef5801@group-5E51BB36FB23-LeaderElection2
2023-10-08 16:27:15,240 [a831d948-6e5a-44aa-8e9b-507a09ef5801@group-5E51BB36FB23-LeaderElection2] INFO  server.RaftServer$Division (RaftServerImpl.java:setRole(329)) - a831d948-6e5a-44aa-8e9b-507a09ef5801@group-5E51BB36FB23: changes role from CANDIDATE to LEADER at term 1 for changeToLeader
2023-10-08 16:27:15,240 [a831d948-6e5a-44aa-8e9b-507a09ef5801@group-5E51BB36FB23-LeaderElection2] INFO  ratis.XceiverServerRatis (XceiverServerRatis.java:handleLeaderChangedNotification(902)) - Leader change notification received for group: group-5E51BB36FB23 with new leaderId: a831d948-6e5a-44aa-8e9b-507a09ef5801
2023-10-08 16:27:15,241 [a831d948-6e5a-44aa-8e9b-507a09ef5801@group-5E51BB36FB23-LeaderElection2] INFO  server.RaftServer$Division (ServerState.java:setLeader(317)) - a831d948-6e5a-44aa-8e9b-507a09ef5801@group-5E51BB36FB23: change Leader from null to a831d948-6e5a-44aa-8e9b-507a09ef5801 at term 1 for becomeLeader, leader elected after 5184ms
2023-10-08 16:27:15,241 [a831d948-6e5a-44aa-8e9b-507a09ef5801@group-5E51BB36FB23-LeaderElection2] INFO  server.RaftServerConfigKeys (ConfUtils.java:logGet(46)) - raft.server.staging.catchup.gap = 1000 (default)
2023-10-08 16:27:15,241 [a831d948-6e5a-44aa-8e9b-507a09ef5801@group-5E51BB36FB23-LeaderElection2] INFO  server.RaftServerConfigKeys (ConfUtils.java:logGet(46)) - raft.server.write.element-limit = 1024 (custom)
2023-10-08 16:27:15,241 [a831d948-6e5a-44aa-8e9b-507a09ef5801@group-5E51BB36FB23-LeaderElection2] INFO  server.RaftServerConfigKeys (ConfUtils.java:logGet(46)) - raft.server.write.byte-limit = 1024 M (=1073741824) (custom)
2023-10-08 16:27:15,241 [a831d948-6e5a-44aa-8e9b-507a09ef5801@group-5E51BB36FB23-LeaderElection2] INFO  server.RaftServerConfigKeys (ConfUtils.java:logGet(46)) - raft.server.watch.timeout = 180s (custom)
2023-10-08 16:27:15,241 [a831d948-6e5a-44aa-8e9b-507a09ef5801@group-5E51BB36FB23-LeaderElection2] INFO  server.RaftServerConfigKeys (ConfUtils.java:logGet(46)) - raft.server.watch.timeout.denomination = 1s (default)
2023-10-08 16:27:15,241 [a831d948-6e5a-44aa-8e9b-507a09ef5801@group-5E51BB36FB23-LeaderElection2] INFO  server.RaftServerConfigKeys (ConfUtils.java:logGet(46)) - raft.server.watch.element-limit = 65536 (default)
2023-10-08 16:27:15,241 [a831d948-6e5a-44aa-8e9b-507a09ef5801@group-5E51BB36FB23-LeaderElection2] INFO  server.RaftServerConfigKeys (ConfUtils.java:logGet(46)) - raft.server.write.element-limit = 1024 (custom)
2023-10-08 16:27:15,241 [a831d948-6e5a-44aa-8e9b-507a09ef5801@group-5E51BB36FB23-LeaderElection2] INFO  server.RaftServerConfigKeys (ConfUtils.java:logGet(46)) - raft.server.write.follower.gap.ratio.max = -1.0 (default)
2023-10-08 16:27:15,242 [a831d948-6e5a-44aa-8e9b-507a09ef5801@group-5E51BB36FB23-LeaderElection2] INFO  server.RaftServerConfigKeys (ConfUtils.java:logGet(46)) - raft.server.log.appender.snapshot.chunk.size.max = 16MB (=16777216) (default)
2023-10-08 16:27:15,242 [a831d948-6e5a-44aa-8e9b-507a09ef5801@group-5E51BB36FB23-LeaderElection2] INFO  server.RaftServerConfigKeys (ConfUtils.java:logGet(46)) - raft.server.log.appender.buffer.byte-limit = 33554432 (custom)
2023-10-08 16:27:15,242 [a831d948-6e5a-44aa-8e9b-507a09ef5801@group-5E51BB36FB23-LeaderElection2] INFO  server.RaftServerConfigKeys (ConfUtils.java:logGet(46)) - raft.server.log.appender.buffer.element-limit = 1 (custom)
2023-10-08 16:27:15,242 [a831d948-6e5a-44aa-8e9b-507a09ef5801@group-5E51BB36FB23-LeaderElection2] INFO  server.RaftServerConfigKeys (ConfUtils.java:logGet(46)) - raft.server.log.appender.wait-time.min = 1ms (custom)
2023-10-08 16:27:15,242 [a831d948-6e5a-44aa-8e9b-507a09ef5801@group-5E51BB36FB23-LeaderElection2] INFO  grpc.GrpcConfigKeys (ConfUtils.java:logGet(46)) - raft.grpc.server.leader.outstanding.appends.max = 128 (default)
2023-10-08 16:27:15,242 [a831d948-6e5a-44aa-8e9b-507a09ef5801@group-5E51BB36FB23-LeaderElection2] INFO  server.RaftServerConfigKeys (ConfUtils.java:logGet(46)) - raft.server.rpc.request.timeout = 60s (custom)
2023-10-08 16:27:15,242 [a831d948-6e5a-44aa-8e9b-507a09ef5801@group-5E51BB36FB23-LeaderElection2] INFO  grpc.GrpcConfigKeys (ConfUtils.java:logGet(46)) - raft.grpc.server.install_snapshot.request.element-limit = 8 (default)
2023-10-08 16:27:15,242 [a831d948-6e5a-44aa-8e9b-507a09ef5801@group-5E51BB36FB23-LeaderElection2] INFO  grpc.GrpcConfigKeys (ConfUtils.java:logGet(46)) - raft.grpc.server.install_snapshot.request.timeout = 3000ms (default)
2023-10-08 16:27:15,242 [a831d948-6e5a-44aa-8e9b-507a09ef5801@group-5E51BB36FB23-LeaderElection2] INFO  server.RaftServerConfigKeys (ConfUtils.java:logGet(46)) - raft.server.log.appender.install.snapshot.enabled = false (custom)
2023-10-08 16:27:15,242 [a831d948-6e5a-44aa-8e9b-507a09ef5801@group-5E51BB36FB23-LeaderElection2] INFO  grpc.GrpcConfigKeys (ConfUtils.java:logGet(46)) - raft.grpc.server.heartbeat.channel = true (default)
2023-10-08 16:27:15,243 [a831d948-6e5a-44aa-8e9b-507a09ef5801@group-5E51BB36FB23-LeaderElection2] INFO  server.RaftServerConfigKeys (ConfUtils.java:logGet(46)) - raft.server.log.appender.snapshot.chunk.size.max = 16MB (=16777216) (default)
2023-10-08 16:27:15,243 [a831d948-6e5a-44aa-8e9b-507a09ef5801@group-5E51BB36FB23-LeaderElection2] INFO  server.RaftServerConfigKeys (ConfUtils.java:logGet(46)) - raft.server.log.appender.buffer.byte-limit = 33554432 (custom)
2023-10-08 16:27:15,243 [a831d948-6e5a-44aa-8e9b-507a09ef5801@group-5E51BB36FB23-LeaderElection2] INFO  server.RaftServerConfigKeys (ConfUtils.java:logGet(46)) - raft.server.log.appender.buffer.element-limit = 1 (custom)
2023-10-08 16:27:15,244 [a831d948-6e5a-44aa-8e9b-507a09ef5801@group-5E51BB36FB23-LeaderElection2] INFO  server.RaftServerConfigKeys (ConfUtils.java:logGet(46)) - raft.server.log.appender.wait-time.min = 1ms (custom)
2023-10-08 16:27:15,244 [a831d948-6e5a-44aa-8e9b-507a09ef5801@group-5E51BB36FB23-LeaderElection2] INFO  grpc.GrpcConfigKeys (ConfUtils.java:logGet(46)) - raft.grpc.server.leader.outstanding.appends.max = 128 (default)
2023-10-08 16:27:15,244 [a831d948-6e5a-44aa-8e9b-507a09ef5801@group-5E51BB36FB23-LeaderElection2] INFO  server.RaftServerConfigKeys (ConfUtils.java:logGet(46)) - raft.server.rpc.request.timeout = 60s (custom)
2023-10-08 16:27:15,244 [a831d948-6e5a-44aa-8e9b-507a09ef5801@group-5E51BB36FB23-LeaderElection2] INFO  grpc.GrpcConfigKeys (ConfUtils.java:logGet(46)) - raft.grpc.server.install_snapshot.request.element-limit = 8 (default)
2023-10-08 16:27:15,244 [a831d948-6e5a-44aa-8e9b-507a09ef5801@group-5E51BB36FB23-LeaderElection2] INFO  grpc.GrpcConfigKeys (ConfUtils.java:logGet(46)) - raft.grpc.server.install_snapshot.request.timeout = 3000ms (default)
2023-10-08 16:27:15,244 [a831d948-6e5a-44aa-8e9b-507a09ef5801@group-5E51BB36FB23-LeaderElection2] INFO  server.RaftServerConfigKeys (ConfUtils.java:logGet(46)) - raft.server.log.appender.install.snapshot.enabled = false (custom)
2023-10-08 16:27:15,244 [a831d948-6e5a-44aa-8e9b-507a09ef5801@group-5E51BB36FB23-LeaderElection2] INFO  grpc.GrpcConfigKeys (ConfUtils.java:logGet(46)) - raft.grpc.server.heartbeat.channel = true (default)
2023-10-08 16:27:15,245 [a831d948-6e5a-44aa-8e9b-507a09ef5801@group-5E51BB36FB23-LeaderElection2] INFO  impl.RoleInfo (RoleInfo.java:updateAndGet(139)) - a831d948-6e5a-44aa-8e9b-507a09ef5801: start a831d948-6e5a-44aa-8e9b-507a09ef5801@group-5E51BB36FB23-LeaderStateImpl
2023-10-08 16:27:15,245 [a831d948-6e5a-44aa-8e9b-507a09ef5801@group-5E51BB36FB23-LeaderElection2] INFO  segmented.SegmentedRaftLogWorker (SegmentedRaftLogWorker.java:startLogSegment(447)) - a831d948-6e5a-44aa-8e9b-507a09ef5801@group-5E51BB36FB23-SegmentedRaftLogWorker: Starting segment from index:0
2023-10-08 16:27:15,246 [a831d948-6e5a-44aa-8e9b-507a09ef5801@group-5E51BB36FB23-SegmentedRaftLogWorker] INFO  segmented.SegmentedRaftLogWorker (SegmentedRaftLogWorker.java:execute(651)) - a831d948-6e5a-44aa-8e9b-507a09ef5801@group-5E51BB36FB23-SegmentedRaftLogWorker: created new log segment /home/runner/work/ozone/ozone/hadoop-ozone/integration-test/target/test-dir/MiniOzoneClusterImpl-c8a21aad-f255-4385-b304-f7d4bfe38451/datanode-0/data/ratis/d8c9c998-7749-44ea-9b67-5e51bb36fb23/current/log_inprogress_0
2023-10-08 16:27:15,251 [grpc-default-executor-1] INFO  impl.RoleInfo (RoleInfo.java:updateAndGet(139)) - 428a18af-32d9-48f2-b55a-04ca97c8809a: start 428a18af-32d9-48f2-b55a-04ca97c8809a@group-5E51BB36FB23-FollowerState
2023-10-08 16:27:15,260 [a831d948-6e5a-44aa-8e9b-507a09ef5801@group-5E51BB36FB23-LeaderElection2] INFO  server.RaftServer$Division (ServerState.java:setRaftConf(434)) - a831d948-6e5a-44aa-8e9b-507a09ef5801@group-5E51BB36FB23: set configuration 0: peers:[0847a53b-a5e1-4a6e-9c94-ed2bc3fb4d81|rpc:10.1.0.4:15031|admin:10.1.0.4:15030|client:10.1.0.4:15029|dataStream:10.1.0.4:15032|priority:0|startupRole:FOLLOWER, a831d948-6e5a-44aa-8e9b-507a09ef5801|rpc:10.1.0.4:15022|admin:10.1.0.4:15021|client:10.1.0.4:15020|dataStream:10.1.0.4:15023|priority:1|startupRole:FOLLOWER, 428a18af-32d9-48f2-b55a-04ca97c8809a|rpc:10.1.0.4:15040|admin:10.1.0.4:15039|client:10.1.0.4:15038|dataStream:10.1.0.4:15041|priority:0|startupRole:FOLLOWER]|listeners:[], old=null
2023-10-08 16:27:15,264 [EventQueue-PipelineReportForPipelineReportHandler] INFO  pipeline.PipelineReportHandler (PipelineReportHandler.java:processPipelineReport(136)) - Opened pipeline PipelineID=d8c9c998-7749-44ea-9b67-5e51bb36fb23
2023-10-08 16:27:15,265 [EventQueue-OpenPipelineForHealthyPipelineSafeModeRule] INFO  safemode.SCMSafeModeManager (HealthyPipelineSafeModeRule.java:process(137)) - SCM in safe mode. Healthy pipelines reported count is 1, required healthy pipeline reported count is 1
2023-10-08 16:27:15,265 [EventQueue-OpenPipelineForHealthyPipelineSafeModeRule] INFO  safemode.SCMSafeModeManager (SCMSafeModeManager.java:validateSafeModeExitRules(200)) - HealthyPipelineSafeModeRule rule is successfully validated
2023-10-08 16:27:15,265 [EventQueue-OpenPipelineForHealthyPipelineSafeModeRule] INFO  safemode.SCMSafeModeManager (SCMSafeModeManager.java:validateSafeModeExitRules(215)) - ScmSafeModeManager, all rules are successfully validated
2023-10-08 16:27:15,265 [EventQueue-OpenPipelineForHealthyPipelineSafeModeRule] INFO  safemode.SCMSafeModeManager (SCMSafeModeManager.java:exitSafeMode(244)) - SCM exiting safe mode.
2023-10-08 16:27:15,266 [EventQueue-OpenPipelineForHealthyPipelineSafeModeRule] INFO  ha.SCMContext (SCMContext.java:updateSafeModeStatus(228)) - Update SafeModeStatus from SafeModeStatus{safeModeStatus=true, preCheckPassed=true} to SafeModeStatus{safeModeStatus=false, preCheckPassed=true}.
2023-10-08 16:27:15,266 [EventQueue-OpenPipelineForHealthyPipelineSafeModeRule] INFO  pipeline.BackgroundPipelineCreator (BackgroundPipelineCreator.java:notifyStatusChanged(255)) - Service BackgroundPipelineCreator transitions to RUNNING.
2023-10-08 16:27:15,266 [EventQueue-OpenPipelineForHealthyPipelineSafeModeRule] INFO  BackgroundPipelineScrubber (BackgroundSCMService.java:notifyStatusChanged(82)) - Service BackgroundPipelineScrubber transitions to RUNNING.
2023-10-08 16:27:15,266 [EventQueue-OpenPipelineForHealthyPipelineSafeModeRule] INFO  ExpiredContainerReplicaOpScrubber (BackgroundSCMService.java:notifyStatusChanged(82)) - Service ExpiredContainerReplicaOpScrubber transitions to RUNNING.
2023-10-08 16:27:15,266 [EventQueue-OpenPipelineForHealthyPipelineSafeModeRule] INFO  replication.ReplicationManager (ReplicationManager.java:notifyStatusChanged(1370)) - Service ReplicationManager transitions to RUNNING.
2023-10-08 16:27:15,271 [grpc-default-executor-1] INFO  server.RaftServer$Division (RaftServerImpl.java:requestVote(1335)) - 428a18af-32d9-48f2-b55a-04ca97c8809a@group-5E51BB36FB23 replies to ELECTION vote request: a831d948-6e5a-44aa-8e9b-507a09ef5801<-428a18af-32d9-48f2-b55a-04ca97c8809a#0:OK-t1. Peer's state: 428a18af-32d9-48f2-b55a-04ca97c8809a@group-5E51BB36FB23:t1, leader=null, voted=a831d948-6e5a-44aa-8e9b-507a09ef5801, raftlog=Memoized:428a18af-32d9-48f2-b55a-04ca97c8809a@group-5E51BB36FB23-SegmentedRaftLog:OPENED:c-1, conf=-1: peers:[0847a53b-a5e1-4a6e-9c94-ed2bc3fb4d81|rpc:10.1.0.4:15031|admin:10.1.0.4:15030|client:10.1.0.4:15029|dataStream:10.1.0.4:15032|priority:0|startupRole:FOLLOWER, a831d948-6e5a-44aa-8e9b-507a09ef5801|rpc:10.1.0.4:15022|admin:10.1.0.4:15021|client:10.1.0.4:15020|dataStream:10.1.0.4:15023|priority:1|startupRole:FOLLOWER, 428a18af-32d9-48f2-b55a-04ca97c8809a|rpc:10.1.0.4:15040|admin:10.1.0.4:15039|client:10.1.0.4:15038|dataStream:10.1.0.4:15041|priority:0|startupRole:FOLLOWER]|listeners:[], old=null
2023-10-08 16:27:15,276 [0847a53b-a5e1-4a6e-9c94-ed2bc3fb4d81-server-thread1] INFO  ratis.XceiverServerRatis (XceiverServerRatis.java:handleLeaderChangedNotification(902)) - Leader change notification received for group: group-5E51BB36FB23 with new leaderId: a831d948-6e5a-44aa-8e9b-507a09ef5801
2023-10-08 16:27:15,276 [0847a53b-a5e1-4a6e-9c94-ed2bc3fb4d81-server-thread1] INFO  server.RaftServer$Division (ServerState.java:setLeader(317)) - 0847a53b-a5e1-4a6e-9c94-ed2bc3fb4d81@group-5E51BB36FB23: change Leader from null to a831d948-6e5a-44aa-8e9b-507a09ef5801 at term 1 for appendEntries, leader elected after 5000ms
2023-10-08 16:27:15,278 [EventQueue-OpenPipelineForHealthyPipelineSafeModeRule] WARN  balancer.ContainerBalancer (ContainerBalancer.java:shouldRun(134)) - Could not find persisted configuration for ContainerBalancer when checking if ContainerBalancer should run. ContainerBalancer should not run now.
2023-10-08 16:27:15,281 [428a18af-32d9-48f2-b55a-04ca97c8809a-server-thread1] INFO  ratis.XceiverServerRatis (XceiverServerRatis.java:handleLeaderChangedNotification(902)) - Leader change notification received for group: group-5E51BB36FB23 with new leaderId: a831d948-6e5a-44aa-8e9b-507a09ef5801
2023-10-08 16:27:15,286 [428a18af-32d9-48f2-b55a-04ca97c8809a-server-thread1] INFO  server.RaftServer$Division (ServerState.java:setLeader(317)) - 428a18af-32d9-48f2-b55a-04ca97c8809a@group-5E51BB36FB23: change Leader from null to a831d948-6e5a-44aa-8e9b-507a09ef5801 at term 1 for appendEntries, leader elected after 5098ms
2023-10-08 16:27:15,292 [428a18af-32d9-48f2-b55a-04ca97c8809a-server-thread1] INFO  server.RaftServer$Division (ServerState.java:setRaftConf(434)) - 428a18af-32d9-48f2-b55a-04ca97c8809a@group-5E51BB36FB23: set configuration 0: peers:[0847a53b-a5e1-4a6e-9c94-ed2bc3fb4d81|rpc:10.1.0.4:15031|admin:10.1.0.4:15030|client:10.1.0.4:15029|dataStream:10.1.0.4:15032|priority:0|startupRole:FOLLOWER, a831d948-6e5a-44aa-8e9b-507a09ef5801|rpc:10.1.0.4:15022|admin:10.1.0.4:15021|client:10.1.0.4:15020|dataStream:10.1.0.4:15023|priority:1|startupRole:FOLLOWER, 428a18af-32d9-48f2-b55a-04ca97c8809a|rpc:10.1.0.4:15040|admin:10.1.0.4:15039|client:10.1.0.4:15038|dataStream:10.1.0.4:15041|priority:0|startupRole:FOLLOWER]|listeners:[], old=null
2023-10-08 16:27:15,292 [428a18af-32d9-48f2-b55a-04ca97c8809a-server-thread1] INFO  segmented.SegmentedRaftLogWorker (SegmentedRaftLogWorker.java:startLogSegment(447)) - 428a18af-32d9-48f2-b55a-04ca97c8809a@group-5E51BB36FB23-SegmentedRaftLogWorker: Starting segment from index:0
2023-10-08 16:27:15,292 [0847a53b-a5e1-4a6e-9c94-ed2bc3fb4d81-server-thread2] INFO  server.RaftServer$Division (ServerState.java:setRaftConf(434)) - 0847a53b-a5e1-4a6e-9c94-ed2bc3fb4d81@group-5E51BB36FB23: set configuration 0: peers:[0847a53b-a5e1-4a6e-9c94-ed2bc3fb4d81|rpc:10.1.0.4:15031|admin:10.1.0.4:15030|client:10.1.0.4:15029|dataStream:10.1.0.4:15032|priority:0|startupRole:FOLLOWER, a831d948-6e5a-44aa-8e9b-507a09ef5801|rpc:10.1.0.4:15022|admin:10.1.0.4:15021|client:10.1.0.4:15020|dataStream:10.1.0.4:15023|priority:1|startupRole:FOLLOWER, 428a18af-32d9-48f2-b55a-04ca97c8809a|rpc:10.1.0.4:15040|admin:10.1.0.4:15039|client:10.1.0.4:15038|dataStream:10.1.0.4:15041|priority:0|startupRole:FOLLOWER]|listeners:[], old=null
2023-10-08 16:27:15,294 [0847a53b-a5e1-4a6e-9c94-ed2bc3fb4d81-server-thread2] INFO  segmented.SegmentedRaftLogWorker (SegmentedRaftLogWorker.java:startLogSegment(447)) - 0847a53b-a5e1-4a6e-9c94-ed2bc3fb4d81@group-5E51BB36FB23-SegmentedRaftLogWorker: Starting segment from index:0
2023-10-08 16:27:15,296 [0847a53b-a5e1-4a6e-9c94-ed2bc3fb4d81@group-5E51BB36FB23-SegmentedRaftLogWorker] INFO  segmented.SegmentedRaftLogWorker (SegmentedRaftLogWorker.java:execute(651)) - 0847a53b-a5e1-4a6e-9c94-ed2bc3fb4d81@group-5E51BB36FB23-SegmentedRaftLogWorker: created new log segment /home/runner/work/ozone/ozone/hadoop-ozone/integration-test/target/test-dir/MiniOzoneClusterImpl-c8a21aad-f255-4385-b304-f7d4bfe38451/datanode-1/data/ratis/d8c9c998-7749-44ea-9b67-5e51bb36fb23/current/log_inprogress_0
2023-10-08 16:27:15,296 [428a18af-32d9-48f2-b55a-04ca97c8809a@group-5E51BB36FB23-SegmentedRaftLogWorker] INFO  segmented.SegmentedRaftLogWorker (SegmentedRaftLogWorker.java:execute(651)) - 428a18af-32d9-48f2-b55a-04ca97c8809a@group-5E51BB36FB23-SegmentedRaftLogWorker: created new log segment /home/runner/work/ozone/ozone/hadoop-ozone/integration-test/target/test-dir/MiniOzoneClusterImpl-c8a21aad-f255-4385-b304-f7d4bfe38451/datanode-2/data/ratis/d8c9c998-7749-44ea-9b67-5e51bb36fb23/current/log_inprogress_0
2023-10-08 16:27:15,555 [a831d948-6e5a-44aa-8e9b-507a09ef5801@group-471EC6C71867-FollowerState] INFO  impl.FollowerState (FollowerState.java:run(143)) - a831d948-6e5a-44aa-8e9b-507a09ef5801@group-471EC6C71867-FollowerState: change to CANDIDATE, lastRpcElapsedTime:5191458140ns, electionTimeout:5181ms
2023-10-08 16:27:15,555 [a831d948-6e5a-44aa-8e9b-507a09ef5801@group-471EC6C71867-FollowerState] INFO  impl.RoleInfo (RoleInfo.java:shutdownFollowerState(110)) - a831d948-6e5a-44aa-8e9b-507a09ef5801: shutdown a831d948-6e5a-44aa-8e9b-507a09ef5801@group-471EC6C71867-FollowerState
2023-10-08 16:27:15,555 [a831d948-6e5a-44aa-8e9b-507a09ef5801@group-471EC6C71867-FollowerState] INFO  server.RaftServer$Division (RaftServerImpl.java:setRole(329)) - a831d948-6e5a-44aa-8e9b-507a09ef5801@group-471EC6C71867: changes role from  FOLLOWER to CANDIDATE at term 0 for changeToCandidate
2023-10-08 16:27:15,557 [a831d948-6e5a-44aa-8e9b-507a09ef5801@group-471EC6C71867-FollowerState] INFO  server.RaftServerConfigKeys (ConfUtils.java:logGet(46)) - raft.server.leaderelection.pre-vote = true (default)
2023-10-08 16:27:15,557 [0847a53b-a5e1-4a6e-9c94-ed2bc3fb4d81@group-8D04E8578708-FollowerState] INFO  impl.FollowerState (FollowerState.java:run(143)) - 0847a53b-a5e1-4a6e-9c94-ed2bc3fb4d81@group-8D04E8578708-FollowerState: change to CANDIDATE, lastRpcElapsedTime:5147758982ns, electionTimeout:5143ms
2023-10-08 16:27:15,557 [a831d948-6e5a-44aa-8e9b-507a09ef5801@group-471EC6C71867-FollowerState] INFO  impl.RoleInfo (RoleInfo.java:updateAndGet(139)) - a831d948-6e5a-44aa-8e9b-507a09ef5801: start a831d948-6e5a-44aa-8e9b-507a09ef5801@group-471EC6C71867-LeaderElection4
2023-10-08 16:27:15,557 [0847a53b-a5e1-4a6e-9c94-ed2bc3fb4d81@group-8D04E8578708-FollowerState] INFO  impl.RoleInfo (RoleInfo.java:shutdownFollowerState(110)) - 0847a53b-a5e1-4a6e-9c94-ed2bc3fb4d81: shutdown 0847a53b-a5e1-4a6e-9c94-ed2bc3fb4d81@group-8D04E8578708-FollowerState
2023-10-08 16:27:15,557 [0847a53b-a5e1-4a6e-9c94-ed2bc3fb4d81@group-8D04E8578708-FollowerState] INFO  server.RaftServer$Division (RaftServerImpl.java:setRole(329)) - 0847a53b-a5e1-4a6e-9c94-ed2bc3fb4d81@group-8D04E8578708: changes role from  FOLLOWER to CANDIDATE at term 0 for changeToCandidate
2023-10-08 16:27:15,559 [0847a53b-a5e1-4a6e-9c94-ed2bc3fb4d81@group-8D04E8578708-FollowerState] INFO  server.RaftServerConfigKeys (ConfUtils.java:logGet(46)) - raft.server.leaderelection.pre-vote = true (default)
2023-10-08 16:27:15,559 [0847a53b-a5e1-4a6e-9c94-ed2bc3fb4d81@group-8D04E8578708-FollowerState] INFO  impl.RoleInfo (RoleInfo.java:updateAndGet(139)) - 0847a53b-a5e1-4a6e-9c94-ed2bc3fb4d81: start 0847a53b-a5e1-4a6e-9c94-ed2bc3fb4d81@group-8D04E8578708-LeaderElection5
2023-10-08 16:27:15,563 [a831d948-6e5a-44aa-8e9b-507a09ef5801@group-471EC6C71867-LeaderElection4] INFO  impl.LeaderElection (LeaderElection.java:askForVotes(321)) - a831d948-6e5a-44aa-8e9b-507a09ef5801@group-471EC6C71867-LeaderElection4 PRE_VOTE round 0: submit vote requests at term 0 for -1: peers:[0847a53b-a5e1-4a6e-9c94-ed2bc3fb4d81|rpc:10.1.0.4:15031|admin:10.1.0.4:15030|client:10.1.0.4:15029|dataStream:10.1.0.4:15032|priority:1|startupRole:FOLLOWER, a831d948-6e5a-44aa-8e9b-507a09ef5801|rpc:10.1.0.4:15022|admin:10.1.0.4:15021|client:10.1.0.4:15020|dataStream:10.1.0.4:15023|priority:0|startupRole:FOLLOWER, 428a18af-32d9-48f2-b55a-04ca97c8809a|rpc:10.1.0.4:15040|admin:10.1.0.4:15039|client:10.1.0.4:15038|dataStream:10.1.0.4:15041|priority:0|startupRole:FOLLOWER]|listeners:[], old=null
2023-10-08 16:27:15,563 [a831d948-6e5a-44aa-8e9b-507a09ef5801@group-471EC6C71867-LeaderElection4] INFO  server.RaftServerConfigKeys (ConfUtils.java:logFallback(53)) - raft.server.rpc.first-election.timeout.min = 5s (fallback to raft.server.rpc.timeout.min)
2023-10-08 16:27:15,564 [a831d948-6e5a-44aa-8e9b-507a09ef5801@group-471EC6C71867-LeaderElection4] INFO  server.RaftServerConfigKeys (ConfUtils.java:logFallback(53)) - raft.server.rpc.first-election.timeout.max = 5200ms (fallback to raft.server.rpc.timeout.max)
2023-10-08 16:27:15,565 [0847a53b-a5e1-4a6e-9c94-ed2bc3fb4d81@group-8D04E8578708-LeaderElection5] INFO  impl.LeaderElection (LeaderElection.java:askForVotes(321)) - 0847a53b-a5e1-4a6e-9c94-ed2bc3fb4d81@group-8D04E8578708-LeaderElection5 PRE_VOTE round 0: submit vote requests at term 0 for -1: peers:[0847a53b-a5e1-4a6e-9c94-ed2bc3fb4d81|rpc:10.1.0.4:15031|admin:10.1.0.4:15030|client:10.1.0.4:15029|dataStream:10.1.0.4:15032|priority:1|startupRole:FOLLOWER]|listeners:[], old=null
2023-10-08 16:27:15,566 [0847a53b-a5e1-4a6e-9c94-ed2bc3fb4d81@group-8D04E8578708-LeaderElection5] INFO  impl.LeaderElection (LeaderElection.java:askForVotes(323)) - 0847a53b-a5e1-4a6e-9c94-ed2bc3fb4d81@group-8D04E8578708-LeaderElection5 PRE_VOTE round 0: result PASSED (term=0)
2023-10-08 16:27:15,570 [grpc-default-executor-2] INFO  server.RaftServer$Division (RaftServerImpl.java:requestVote(1302)) - 428a18af-32d9-48f2-b55a-04ca97c8809a@group-471EC6C71867: receive requestVote(PRE_VOTE, a831d948-6e5a-44aa-8e9b-507a09ef5801, group-471EC6C71867, 0, (t:0, i:0))
2023-10-08 16:27:15,570 [grpc-default-executor-2] INFO  impl.VoteContext (VoteContext.java:log(49)) - 428a18af-32d9-48f2-b55a-04ca97c8809a@group-471EC6C71867-FOLLOWER: accept PRE_VOTE from a831d948-6e5a-44aa-8e9b-507a09ef5801: our priority 0 <= candidate's priority 0
2023-10-08 16:27:15,570 [grpc-default-executor-2] INFO  server.RaftServer$Division (RaftServerImpl.java:requestVote(1335)) - 428a18af-32d9-48f2-b55a-04ca97c8809a@group-471EC6C71867 replies to PRE_VOTE vote request: a831d948-6e5a-44aa-8e9b-507a09ef5801<-428a18af-32d9-48f2-b55a-04ca97c8809a#0:OK-t0. Peer's state: 428a18af-32d9-48f2-b55a-04ca97c8809a@group-471EC6C71867:t0, leader=null, voted=, raftlog=Memoized:428a18af-32d9-48f2-b55a-04ca97c8809a@group-471EC6C71867-SegmentedRaftLog:OPENED:c-1, conf=-1: peers:[0847a53b-a5e1-4a6e-9c94-ed2bc3fb4d81|rpc:10.1.0.4:15031|admin:10.1.0.4:15030|client:10.1.0.4:15029|dataStream:10.1.0.4:15032|priority:1|startupRole:FOLLOWER, a831d948-6e5a-44aa-8e9b-507a09ef5801|rpc:10.1.0.4:15022|admin:10.1.0.4:15021|client:10.1.0.4:15020|dataStream:10.1.0.4:15023|priority:0|startupRole:FOLLOWER, 428a18af-32d9-48f2-b55a-04ca97c8809a|rpc:10.1.0.4:15040|admin:10.1.0.4:15039|client:10.1.0.4:15038|dataStream:10.1.0.4:15041|priority:0|startupRole:FOLLOWER]|listeners:[], old=null
2023-10-08 16:27:15,571 [grpc-default-executor-0] INFO  server.RaftServer$Division (RaftServerImpl.java:requestVote(1302)) - 0847a53b-a5e1-4a6e-9c94-ed2bc3fb4d81@group-471EC6C71867: receive requestVote(PRE_VOTE, a831d948-6e5a-44aa-8e9b-507a09ef5801, group-471EC6C71867, 0, (t:0, i:0))
2023-10-08 16:27:15,571 [grpc-default-executor-0] INFO  impl.VoteContext (VoteContext.java:log(49)) - 0847a53b-a5e1-4a6e-9c94-ed2bc3fb4d81@group-471EC6C71867-FOLLOWER: reject PRE_VOTE from a831d948-6e5a-44aa-8e9b-507a09ef5801: our priority 1 > candidate's priority 0
2023-10-08 16:27:15,572 [grpc-default-executor-0] INFO  server.RaftServer$Division (RaftServerImpl.java:requestVote(1335)) - 0847a53b-a5e1-4a6e-9c94-ed2bc3fb4d81@group-471EC6C71867 replies to PRE_VOTE vote request: a831d948-6e5a-44aa-8e9b-507a09ef5801<-0847a53b-a5e1-4a6e-9c94-ed2bc3fb4d81#0:FAIL-t0. Peer's state: 0847a53b-a5e1-4a6e-9c94-ed2bc3fb4d81@group-471EC6C71867:t0, leader=null, voted=, raftlog=Memoized:0847a53b-a5e1-4a6e-9c94-ed2bc3fb4d81@group-471EC6C71867-SegmentedRaftLog:OPENED:c-1, conf=-1: peers:[0847a53b-a5e1-4a6e-9c94-ed2bc3fb4d81|rpc:10.1.0.4:15031|admin:10.1.0.4:15030|client:10.1.0.4:15029|dataStream:10.1.0.4:15032|priority:1|startupRole:FOLLOWER, a831d948-6e5a-44aa-8e9b-507a09ef5801|rpc:10.1.0.4:15022|admin:10.1.0.4:15021|client:10.1.0.4:15020|dataStream:10.1.0.4:15023|priority:0|startupRole:FOLLOWER, 428a18af-32d9-48f2-b55a-04ca97c8809a|rpc:10.1.0.4:15040|admin:10.1.0.4:15039|client:10.1.0.4:15038|dataStream:10.1.0.4:15041|priority:0|startupRole:FOLLOWER]|listeners:[], old=null
2023-10-08 16:27:15,573 [0847a53b-a5e1-4a6e-9c94-ed2bc3fb4d81@group-8D04E8578708-LeaderElection5] INFO  impl.LeaderElection (LeaderElection.java:askForVotes(321)) - 0847a53b-a5e1-4a6e-9c94-ed2bc3fb4d81@group-8D04E8578708-LeaderElection5 ELECTION round 0: submit vote requests at term 1 for -1: peers:[0847a53b-a5e1-4a6e-9c94-ed2bc3fb4d81|rpc:10.1.0.4:15031|admin:10.1.0.4:15030|client:10.1.0.4:15029|dataStream:10.1.0.4:15032|priority:1|startupRole:FOLLOWER]|listeners:[], old=null
2023-10-08 16:27:15,574 [0847a53b-a5e1-4a6e-9c94-ed2bc3fb4d81@group-8D04E8578708-LeaderElection5] INFO  impl.LeaderElection (LeaderElection.java:askForVotes(323)) - 0847a53b-a5e1-4a6e-9c94-ed2bc3fb4d81@group-8D04E8578708-LeaderElection5 ELECTION round 0: result PASSED (term=1)
2023-10-08 16:27:15,576 [0847a53b-a5e1-4a6e-9c94-ed2bc3fb4d81@group-8D04E8578708-LeaderElection5] INFO  impl.RoleInfo (RoleInfo.java:shutdownLeaderElection(130)) - 0847a53b-a5e1-4a6e-9c94-ed2bc3fb4d81: shutdown 0847a53b-a5e1-4a6e-9c94-ed2bc3fb4d81@group-8D04E8578708-LeaderElection5
2023-10-08 16:27:15,576 [0847a53b-a5e1-4a6e-9c94-ed2bc3fb4d81@group-8D04E8578708-LeaderElection5] INFO  server.RaftServer$Division (RaftServerImpl.java:setRole(329)) - 0847a53b-a5e1-4a6e-9c94-ed2bc3fb4d81@group-8D04E8578708: changes role from CANDIDATE to LEADER at term 1 for changeToLeader
2023-10-08 16:27:15,576 [0847a53b-a5e1-4a6e-9c94-ed2bc3fb4d81@group-8D04E8578708-LeaderElection5] INFO  ratis.XceiverServerRatis (XceiverServerRatis.java:handleLeaderChangedNotification(902)) - Leader change notification received for group: group-8D04E8578708 with new leaderId: 0847a53b-a5e1-4a6e-9c94-ed2bc3fb4d81
2023-10-08 16:27:15,576 [0847a53b-a5e1-4a6e-9c94-ed2bc3fb4d81@group-8D04E8578708-LeaderElection5] INFO  server.RaftServer$Division (ServerState.java:setLeader(317)) - 0847a53b-a5e1-4a6e-9c94-ed2bc3fb4d81@group-8D04E8578708: change Leader from null to 0847a53b-a5e1-4a6e-9c94-ed2bc3fb4d81 at term 1 for becomeLeader, leader elected after 5200ms
2023-10-08 16:27:15,576 [0847a53b-a5e1-4a6e-9c94-ed2bc3fb4d81@group-8D04E8578708-LeaderElection5] INFO  server.RaftServerConfigKeys (ConfUtils.java:logGet(46)) - raft.server.staging.catchup.gap = 1000 (default)
2023-10-08 16:27:15,576 [0847a53b-a5e1-4a6e-9c94-ed2bc3fb4d81@group-8D04E8578708-LeaderElection5] INFO  server.RaftServerConfigKeys (ConfUtils.java:logGet(46)) - raft.server.write.element-limit = 1024 (custom)
2023-10-08 16:27:15,576 [0847a53b-a5e1-4a6e-9c94-ed2bc3fb4d81@group-8D04E8578708-LeaderElection5] INFO  server.RaftServerConfigKeys (ConfUtils.java:logGet(46)) - raft.server.write.byte-limit = 1024 M (=1073741824) (custom)
2023-10-08 16:27:15,577 [0847a53b-a5e1-4a6e-9c94-ed2bc3fb4d81@group-8D04E8578708-LeaderElection5] INFO  server.RaftServerConfigKeys (ConfUtils.java:logGet(46)) - raft.server.watch.timeout = 180s (custom)
2023-10-08 16:27:15,578 [a831d948-6e5a-44aa-8e9b-507a09ef5801@group-471EC6C71867-LeaderElection4] INFO  impl.LeaderElection (LeaderElection.java:logAndReturn(90)) - a831d948-6e5a-44aa-8e9b-507a09ef5801@group-471EC6C71867-LeaderElection4: PRE_VOTE REJECTED received 1 response(s) and 0 exception(s):
2023-10-08 16:27:15,580 [a831d948-6e5a-44aa-8e9b-507a09ef5801@group-471EC6C71867-LeaderElection4] INFO  impl.LeaderElection (LeaderElection.java:logAndReturn(94)) -   Response 0: a831d948-6e5a-44aa-8e9b-507a09ef5801<-0847a53b-a5e1-4a6e-9c94-ed2bc3fb4d81#0:FAIL-t0
2023-10-08 16:27:15,580 [a831d948-6e5a-44aa-8e9b-507a09ef5801@group-471EC6C71867-LeaderElection4] INFO  impl.LeaderElection (LeaderElection.java:askForVotes(323)) - a831d948-6e5a-44aa-8e9b-507a09ef5801@group-471EC6C71867-LeaderElection4 PRE_VOTE round 0: result REJECTED
2023-10-08 16:27:15,580 [a831d948-6e5a-44aa-8e9b-507a09ef5801@group-471EC6C71867-LeaderElection4] INFO  server.RaftServer$Division (RaftServerImpl.java:setRole(329)) - a831d948-6e5a-44aa-8e9b-507a09ef5801@group-471EC6C71867: changes role from CANDIDATE to FOLLOWER at term 0 for REJECTED
2023-10-08 16:27:15,580 [a831d948-6e5a-44aa-8e9b-507a09ef5801@group-471EC6C71867-LeaderElection4] INFO  impl.RoleInfo (RoleInfo.java:shutdownLeaderElection(130)) - a831d948-6e5a-44aa-8e9b-507a09ef5801: shutdown a831d948-6e5a-44aa-8e9b-507a09ef5801@group-471EC6C71867-LeaderElection4
2023-10-08 16:27:15,580 [a831d948-6e5a-44aa-8e9b-507a09ef5801@group-471EC6C71867-LeaderElection4] INFO  impl.RoleInfo (RoleInfo.java:updateAndGet(139)) - a831d948-6e5a-44aa-8e9b-507a09ef5801: start a831d948-6e5a-44aa-8e9b-507a09ef5801@group-471EC6C71867-FollowerState
2023-10-08 16:27:15,584 [0847a53b-a5e1-4a6e-9c94-ed2bc3fb4d81@group-8D04E8578708-LeaderElection5] INFO  server.RaftServerConfigKeys (ConfUtils.java:logGet(46)) - raft.server.watch.timeout.denomination = 1s (default)
2023-10-08 16:27:15,584 [0847a53b-a5e1-4a6e-9c94-ed2bc3fb4d81@group-8D04E8578708-LeaderElection5] INFO  server.RaftServerConfigKeys (ConfUtils.java:logGet(46)) - raft.server.watch.element-limit = 65536 (default)
2023-10-08 16:27:15,584 [0847a53b-a5e1-4a6e-9c94-ed2bc3fb4d81@group-8D04E8578708-LeaderElection5] INFO  server.RaftServerConfigKeys (ConfUtils.java:logGet(46)) - raft.server.write.element-limit = 1024 (custom)
2023-10-08 16:27:15,584 [0847a53b-a5e1-4a6e-9c94-ed2bc3fb4d81@group-8D04E8578708-LeaderElection5] INFO  server.RaftServerConfigKeys (ConfUtils.java:logGet(46)) - raft.server.write.follower.gap.ratio.max = -1.0 (default)
2023-10-08 16:27:15,584 [0847a53b-a5e1-4a6e-9c94-ed2bc3fb4d81@group-8D04E8578708-LeaderElection5] INFO  impl.RoleInfo (RoleInfo.java:updateAndGet(139)) - 0847a53b-a5e1-4a6e-9c94-ed2bc3fb4d81: start 0847a53b-a5e1-4a6e-9c94-ed2bc3fb4d81@group-8D04E8578708-LeaderStateImpl
2023-10-08 16:27:15,585 [0847a53b-a5e1-4a6e-9c94-ed2bc3fb4d81@group-8D04E8578708-LeaderElection5] INFO  segmented.SegmentedRaftLogWorker (SegmentedRaftLogWorker.java:startLogSegment(447)) - 0847a53b-a5e1-4a6e-9c94-ed2bc3fb4d81@group-8D04E8578708-SegmentedRaftLogWorker: Starting segment from index:0
2023-10-08 16:27:15,586 [0847a53b-a5e1-4a6e-9c94-ed2bc3fb4d81@group-8D04E8578708-SegmentedRaftLogWorker] INFO  segmented.SegmentedRaftLogWorker (SegmentedRaftLogWorker.java:execute(651)) - 0847a53b-a5e1-4a6e-9c94-ed2bc3fb4d81@group-8D04E8578708-SegmentedRaftLogWorker: created new log segment /home/runner/work/ozone/ozone/hadoop-ozone/integration-test/target/test-dir/MiniOzoneClusterImpl-c8a21aad-f255-4385-b304-f7d4bfe38451/datanode-1/data/ratis/1d55becc-6070-4a0b-9826-8d04e8578708/current/log_inprogress_0
2023-10-08 16:27:15,590 [0847a53b-a5e1-4a6e-9c94-ed2bc3fb4d81@group-8D04E8578708-LeaderElection5] INFO  server.RaftServer$Division (ServerState.java:setRaftConf(434)) - 0847a53b-a5e1-4a6e-9c94-ed2bc3fb4d81@group-8D04E8578708: set configuration 0: peers:[0847a53b-a5e1-4a6e-9c94-ed2bc3fb4d81|rpc:10.1.0.4:15031|admin:10.1.0.4:15030|client:10.1.0.4:15029|dataStream:10.1.0.4:15032|priority:1|startupRole:FOLLOWER]|listeners:[], old=null
2023-10-08 16:27:15,832 [main] INFO  ozone.MiniOzoneClusterImpl (MiniOzoneClusterImpl.java:lambda$waitForClusterToBeReady$0(229)) - Nodes are ready. Got 3 of 3 DN Heartbeats.
2023-10-08 16:27:15,832 [main] INFO  ozone.MiniOzoneClusterImpl (MiniOzoneClusterImpl.java:lambda$waitForClusterToBeReady$0(232)) - Cluster exits safe mode
2023-10-08 16:27:15,832 [main] INFO  ozone.MiniOzoneClusterImpl (MiniOzoneClusterImpl.java:lambda$waitForClusterToBeReady$0(234)) - SCM became leader
2023-10-08 16:27:15,900 [0847a53b-a5e1-4a6e-9c94-ed2bc3fb4d81@group-471EC6C71867-FollowerState] INFO  impl.FollowerState (FollowerState.java:run(143)) - 0847a53b-a5e1-4a6e-9c94-ed2bc3fb4d81@group-471EC6C71867-FollowerState: change to CANDIDATE, lastRpcElapsedTime:5059795030ns, electionTimeout:5040ms
2023-10-08 16:27:15,901 [0847a53b-a5e1-4a6e-9c94-ed2bc3fb4d81@group-471EC6C71867-FollowerState] INFO  impl.RoleInfo (RoleInfo.java:shutdownFollowerState(110)) - 0847a53b-a5e1-4a6e-9c94-ed2bc3fb4d81: shutdown 0847a53b-a5e1-4a6e-9c94-ed2bc3fb4d81@group-471EC6C71867-FollowerState
2023-10-08 16:27:15,901 [0847a53b-a5e1-4a6e-9c94-ed2bc3fb4d81@group-471EC6C71867-FollowerState] INFO  server.RaftServer$Division (RaftServerImpl.java:setRole(329)) - 0847a53b-a5e1-4a6e-9c94-ed2bc3fb4d81@group-471EC6C71867: changes role from  FOLLOWER to CANDIDATE at term 0 for changeToCandidate
2023-10-08 16:27:15,901 [0847a53b-a5e1-4a6e-9c94-ed2bc3fb4d81@group-471EC6C71867-FollowerState] INFO  server.RaftServerConfigKeys (ConfUtils.java:logGet(46)) - raft.server.leaderelection.pre-vote = true (default)
2023-10-08 16:27:15,901 [0847a53b-a5e1-4a6e-9c94-ed2bc3fb4d81@group-471EC6C71867-FollowerState] INFO  impl.RoleInfo (RoleInfo.java:updateAndGet(139)) - 0847a53b-a5e1-4a6e-9c94-ed2bc3fb4d81: start 0847a53b-a5e1-4a6e-9c94-ed2bc3fb4d81@group-471EC6C71867-LeaderElection6
2023-10-08 16:27:15,911 [0847a53b-a5e1-4a6e-9c94-ed2bc3fb4d81@group-471EC6C71867-LeaderElection6] INFO  impl.LeaderElection (LeaderElection.java:askForVotes(321)) - 0847a53b-a5e1-4a6e-9c94-ed2bc3fb4d81@group-471EC6C71867-LeaderElection6 PRE_VOTE round 0: submit vote requests at term 0 for -1: peers:[0847a53b-a5e1-4a6e-9c94-ed2bc3fb4d81|rpc:10.1.0.4:15031|admin:10.1.0.4:15030|client:10.1.0.4:15029|dataStream:10.1.0.4:15032|priority:1|startupRole:FOLLOWER, a831d948-6e5a-44aa-8e9b-507a09ef5801|rpc:10.1.0.4:15022|admin:10.1.0.4:15021|client:10.1.0.4:15020|dataStream:10.1.0.4:15023|priority:0|startupRole:FOLLOWER, 428a18af-32d9-48f2-b55a-04ca97c8809a|rpc:10.1.0.4:15040|admin:10.1.0.4:15039|client:10.1.0.4:15038|dataStream:10.1.0.4:15041|priority:0|startupRole:FOLLOWER]|listeners:[], old=null
2023-10-08 16:27:15,911 [0847a53b-a5e1-4a6e-9c94-ed2bc3fb4d81@group-471EC6C71867-LeaderElection6-1] INFO  server.GrpcServerProtocolClient (GrpcServerProtocolClient.java:<init>(65)) - Build channel for a831d948-6e5a-44aa-8e9b-507a09ef5801
2023-10-08 16:27:15,916 [0847a53b-a5e1-4a6e-9c94-ed2bc3fb4d81@group-471EC6C71867-LeaderElection6] INFO  server.RaftServerConfigKeys (ConfUtils.java:logFallback(53)) - raft.server.rpc.first-election.timeout.min = 5s (fallback to raft.server.rpc.timeout.min)
2023-10-08 16:27:15,918 [0847a53b-a5e1-4a6e-9c94-ed2bc3fb4d81@group-471EC6C71867-LeaderElection6] INFO  server.RaftServerConfigKeys (ConfUtils.java:logFallback(53)) - raft.server.rpc.first-election.timeout.max = 5200ms (fallback to raft.server.rpc.timeout.max)
2023-10-08 16:27:15,918 [0847a53b-a5e1-4a6e-9c94-ed2bc3fb4d81@group-471EC6C71867-LeaderElection6-2] INFO  server.GrpcServerProtocolClient (GrpcServerProtocolClient.java:<init>(65)) - Build channel for 428a18af-32d9-48f2-b55a-04ca97c8809a
2023-10-08 16:27:15,927 [grpc-default-executor-0] INFO  server.RaftServer$Division (RaftServerImpl.java:requestVote(1302)) - a831d948-6e5a-44aa-8e9b-507a09ef5801@group-471EC6C71867: receive requestVote(PRE_VOTE, 0847a53b-a5e1-4a6e-9c94-ed2bc3fb4d81, group-471EC6C71867, 0, (t:0, i:0))
2023-10-08 16:27:15,927 [grpc-default-executor-0] INFO  impl.VoteContext (VoteContext.java:log(49)) - a831d948-6e5a-44aa-8e9b-507a09ef5801@group-471EC6C71867-FOLLOWER: accept PRE_VOTE from 0847a53b-a5e1-4a6e-9c94-ed2bc3fb4d81: our priority 0 <= candidate's priority 1
2023-10-08 16:27:15,928 [grpc-default-executor-0] INFO  server.RaftServer$Division (RaftServerImpl.java:requestVote(1335)) - a831d948-6e5a-44aa-8e9b-507a09ef5801@group-471EC6C71867 replies to PRE_VOTE vote request: 0847a53b-a5e1-4a6e-9c94-ed2bc3fb4d81<-a831d948-6e5a-44aa-8e9b-507a09ef5801#0:OK-t0. Peer's state: a831d948-6e5a-44aa-8e9b-507a09ef5801@group-471EC6C71867:t0, leader=null, voted=, raftlog=Memoized:a831d948-6e5a-44aa-8e9b-507a09ef5801@group-471EC6C71867-SegmentedRaftLog:OPENED:c-1, conf=-1: peers:[0847a53b-a5e1-4a6e-9c94-ed2bc3fb4d81|rpc:10.1.0.4:15031|admin:10.1.0.4:15030|client:10.1.0.4:15029|dataStream:10.1.0.4:15032|priority:1|startupRole:FOLLOWER, a831d948-6e5a-44aa-8e9b-507a09ef5801|rpc:10.1.0.4:15022|admin:10.1.0.4:15021|client:10.1.0.4:15020|dataStream:10.1.0.4:15023|priority:0|startupRole:FOLLOWER, 428a18af-32d9-48f2-b55a-04ca97c8809a|rpc:10.1.0.4:15040|admin:10.1.0.4:15039|client:10.1.0.4:15038|dataStream:10.1.0.4:15041|priority:0|startupRole:FOLLOWER]|listeners:[], old=null
2023-10-08 16:27:15,933 [0847a53b-a5e1-4a6e-9c94-ed2bc3fb4d81@group-471EC6C71867-LeaderElection6] INFO  impl.LeaderElection (LeaderElection.java:logAndReturn(90)) - 0847a53b-a5e1-4a6e-9c94-ed2bc3fb4d81@group-471EC6C71867-LeaderElection6: PRE_VOTE PASSED received 1 response(s) and 0 exception(s):
2023-10-08 16:27:15,933 [0847a53b-a5e1-4a6e-9c94-ed2bc3fb4d81@group-471EC6C71867-LeaderElection6] INFO  impl.LeaderElection (LeaderElection.java:logAndReturn(94)) -   Response 0: 0847a53b-a5e1-4a6e-9c94-ed2bc3fb4d81<-a831d948-6e5a-44aa-8e9b-507a09ef5801#0:OK-t0
2023-10-08 16:27:15,933 [0847a53b-a5e1-4a6e-9c94-ed2bc3fb4d81@group-471EC6C71867-LeaderElection6] INFO  impl.LeaderElection (LeaderElection.java:askForVotes(323)) - 0847a53b-a5e1-4a6e-9c94-ed2bc3fb4d81@group-471EC6C71867-LeaderElection6 PRE_VOTE round 0: result PASSED
2023-10-08 16:27:15,934 [grpc-default-executor-2] INFO  server.RaftServer$Division (RaftServerImpl.java:requestVote(1302)) - 428a18af-32d9-48f2-b55a-04ca97c8809a@group-471EC6C71867: receive requestVote(PRE_VOTE, 0847a53b-a5e1-4a6e-9c94-ed2bc3fb4d81, group-471EC6C71867, 0, (t:0, i:0))
2023-10-08 16:27:15,934 [grpc-default-executor-2] INFO  impl.VoteContext (VoteContext.java:log(49)) - 428a18af-32d9-48f2-b55a-04ca97c8809a@group-471EC6C71867-FOLLOWER: accept PRE_VOTE from 0847a53b-a5e1-4a6e-9c94-ed2bc3fb4d81: our priority 0 <= candidate's priority 1
2023-10-08 16:27:15,934 [grpc-default-executor-2] INFO  server.RaftServer$Division (RaftServerImpl.java:requestVote(1335)) - 428a18af-32d9-48f2-b55a-04ca97c8809a@group-471EC6C71867 replies to PRE_VOTE vote request: 0847a53b-a5e1-4a6e-9c94-ed2bc3fb4d81<-428a18af-32d9-48f2-b55a-04ca97c8809a#0:OK-t0. Peer's state: 428a18af-32d9-48f2-b55a-04ca97c8809a@group-471EC6C71867:t0, leader=null, voted=, raftlog=Memoized:428a18af-32d9-48f2-b55a-04ca97c8809a@group-471EC6C71867-SegmentedRaftLog:OPENED:c-1, conf=-1: peers:[0847a53b-a5e1-4a6e-9c94-ed2bc3fb4d81|rpc:10.1.0.4:15031|admin:10.1.0.4:15030|client:10.1.0.4:15029|dataStream:10.1.0.4:15032|priority:1|startupRole:FOLLOWER, a831d948-6e5a-44aa-8e9b-507a09ef5801|rpc:10.1.0.4:15022|admin:10.1.0.4:15021|client:10.1.0.4:15020|dataStream:10.1.0.4:15023|priority:0|startupRole:FOLLOWER, 428a18af-32d9-48f2-b55a-04ca97c8809a|rpc:10.1.0.4:15040|admin:10.1.0.4:15039|client:10.1.0.4:15038|dataStream:10.1.0.4:15041|priority:0|startupRole:FOLLOWER]|listeners:[], old=null
2023-10-08 16:27:15,938 [0847a53b-a5e1-4a6e-9c94-ed2bc3fb4d81@group-471EC6C71867-LeaderElection6] INFO  impl.LeaderElection (LeaderElection.java:askForVotes(321)) - 0847a53b-a5e1-4a6e-9c94-ed2bc3fb4d81@group-471EC6C71867-LeaderElection6 ELECTION round 0: submit vote requests at term 1 for -1: peers:[0847a53b-a5e1-4a6e-9c94-ed2bc3fb4d81|rpc:10.1.0.4:15031|admin:10.1.0.4:15030|client:10.1.0.4:15029|dataStream:10.1.0.4:15032|priority:1|startupRole:FOLLOWER, a831d948-6e5a-44aa-8e9b-507a09ef5801|rpc:10.1.0.4:15022|admin:10.1.0.4:15021|client:10.1.0.4:15020|dataStream:10.1.0.4:15023|priority:0|startupRole:FOLLOWER, 428a18af-32d9-48f2-b55a-04ca97c8809a|rpc:10.1.0.4:15040|admin:10.1.0.4:15039|client:10.1.0.4:15038|dataStream:10.1.0.4:15041|priority:0|startupRole:FOLLOWER]|listeners:[], old=null
2023-10-08 16:27:15,939 [0847a53b-a5e1-4a6e-9c94-ed2bc3fb4d81@group-471EC6C71867-LeaderElection6] INFO  server.RaftServerConfigKeys (ConfUtils.java:logFallback(53)) - raft.server.rpc.first-election.timeout.min = 5s (fallback to raft.server.rpc.timeout.min)
2023-10-08 16:27:15,939 [0847a53b-a5e1-4a6e-9c94-ed2bc3fb4d81@group-471EC6C71867-LeaderElection6] INFO  server.RaftServerConfigKeys (ConfUtils.java:logFallback(53)) - raft.server.rpc.first-election.timeout.max = 5200ms (fallback to raft.server.rpc.timeout.max)
2023-10-08 16:27:15,948 [grpc-default-executor-2] INFO  server.RaftServer$Division (RaftServerImpl.java:requestVote(1302)) - a831d948-6e5a-44aa-8e9b-507a09ef5801@group-471EC6C71867: receive requestVote(ELECTION, 0847a53b-a5e1-4a6e-9c94-ed2bc3fb4d81, group-471EC6C71867, 1, (t:0, i:0))
2023-10-08 16:27:15,949 [grpc-default-executor-2] INFO  impl.VoteContext (VoteContext.java:log(49)) - a831d948-6e5a-44aa-8e9b-507a09ef5801@group-471EC6C71867-FOLLOWER: accept ELECTION from 0847a53b-a5e1-4a6e-9c94-ed2bc3fb4d81: our priority 0 <= candidate's priority 1
2023-10-08 16:27:15,949 [grpc-default-executor-2] INFO  server.RaftServer$Division (RaftServerImpl.java:setRole(329)) - a831d948-6e5a-44aa-8e9b-507a09ef5801@group-471EC6C71867: changes role from  FOLLOWER to FOLLOWER at term 1 for candidate:0847a53b-a5e1-4a6e-9c94-ed2bc3fb4d81
2023-10-08 16:27:15,949 [grpc-default-executor-2] INFO  impl.RoleInfo (RoleInfo.java:shutdownFollowerState(110)) - a831d948-6e5a-44aa-8e9b-507a09ef5801: shutdown a831d948-6e5a-44aa-8e9b-507a09ef5801@group-471EC6C71867-FollowerState
2023-10-08 16:27:15,949 [grpc-default-executor-2] INFO  impl.RoleInfo (RoleInfo.java:updateAndGet(139)) - a831d948-6e5a-44aa-8e9b-507a09ef5801: start a831d948-6e5a-44aa-8e9b-507a09ef5801@group-471EC6C71867-FollowerState
2023-10-08 16:27:15,949 [a831d948-6e5a-44aa-8e9b-507a09ef5801@group-471EC6C71867-FollowerState] INFO  impl.FollowerState (FollowerState.java:run(152)) - a831d948-6e5a-44aa-8e9b-507a09ef5801@group-471EC6C71867-FollowerState was interrupted
2023-10-08 16:27:15,951 [grpc-default-executor-2] INFO  server.RaftServer$Division (RaftServerImpl.java:requestVote(1335)) - a831d948-6e5a-44aa-8e9b-507a09ef5801@group-471EC6C71867 replies to ELECTION vote request: 0847a53b-a5e1-4a6e-9c94-ed2bc3fb4d81<-a831d948-6e5a-44aa-8e9b-507a09ef5801#0:OK-t1. Peer's state: a831d948-6e5a-44aa-8e9b-507a09ef5801@group-471EC6C71867:t1, leader=null, voted=0847a53b-a5e1-4a6e-9c94-ed2bc3fb4d81, raftlog=Memoized:a831d948-6e5a-44aa-8e9b-507a09ef5801@group-471EC6C71867-SegmentedRaftLog:OPENED:c-1, conf=-1: peers:[0847a53b-a5e1-4a6e-9c94-ed2bc3fb4d81|rpc:10.1.0.4:15031|admin:10.1.0.4:15030|client:10.1.0.4:15029|dataStream:10.1.0.4:15032|priority:1|startupRole:FOLLOWER, a831d948-6e5a-44aa-8e9b-507a09ef5801|rpc:10.1.0.4:15022|admin:10.1.0.4:15021|client:10.1.0.4:15020|dataStream:10.1.0.4:15023|priority:0|startupRole:FOLLOWER, 428a18af-32d9-48f2-b55a-04ca97c8809a|rpc:10.1.0.4:15040|admin:10.1.0.4:15039|client:10.1.0.4:15038|dataStream:10.1.0.4:15041|priority:0|startupRole:FOLLOWER]|listeners:[], old=null
2023-10-08 16:27:15,953 [0847a53b-a5e1-4a6e-9c94-ed2bc3fb4d81@group-471EC6C71867-LeaderElection6] INFO  impl.LeaderElection (LeaderElection.java:logAndReturn(90)) - 0847a53b-a5e1-4a6e-9c94-ed2bc3fb4d81@group-471EC6C71867-LeaderElection6: ELECTION PASSED received 1 response(s) and 0 exception(s):
2023-10-08 16:27:15,953 [0847a53b-a5e1-4a6e-9c94-ed2bc3fb4d81@group-471EC6C71867-LeaderElection6] INFO  impl.LeaderElection (LeaderElection.java:logAndReturn(94)) -   Response 0: 0847a53b-a5e1-4a6e-9c94-ed2bc3fb4d81<-a831d948-6e5a-44aa-8e9b-507a09ef5801#0:OK-t1
2023-10-08 16:27:15,953 [0847a53b-a5e1-4a6e-9c94-ed2bc3fb4d81@group-471EC6C71867-LeaderElection6] INFO  impl.LeaderElection (LeaderElection.java:askForVotes(323)) - 0847a53b-a5e1-4a6e-9c94-ed2bc3fb4d81@group-471EC6C71867-LeaderElection6 ELECTION round 0: result PASSED
2023-10-08 16:27:15,953 [0847a53b-a5e1-4a6e-9c94-ed2bc3fb4d81@group-471EC6C71867-LeaderElection6] INFO  impl.RoleInfo (RoleInfo.java:shutdownLeaderElection(130)) - 0847a53b-a5e1-4a6e-9c94-ed2bc3fb4d81: shutdown 0847a53b-a5e1-4a6e-9c94-ed2bc3fb4d81@group-471EC6C71867-LeaderElection6
2023-10-08 16:27:15,953 [0847a53b-a5e1-4a6e-9c94-ed2bc3fb4d81@group-471EC6C71867-LeaderElection6] INFO  server.RaftServer$Division (RaftServerImpl.java:setRole(329)) - 0847a53b-a5e1-4a6e-9c94-ed2bc3fb4d81@group-471EC6C71867: changes role from CANDIDATE to LEADER at term 1 for changeToLeader
2023-10-08 16:27:15,953 [0847a53b-a5e1-4a6e-9c94-ed2bc3fb4d81@group-471EC6C71867-LeaderElection6] INFO  ratis.XceiverServerRatis (XceiverServerRatis.java:handleLeaderChangedNotification(902)) - Leader change notification received for group: group-471EC6C71867 with new leaderId: 0847a53b-a5e1-4a6e-9c94-ed2bc3fb4d81
2023-10-08 16:27:15,953 [0847a53b-a5e1-4a6e-9c94-ed2bc3fb4d81@group-471EC6C71867-LeaderElection6] INFO  server.RaftServer$Division (ServerState.java:setLeader(317)) - 0847a53b-a5e1-4a6e-9c94-ed2bc3fb4d81@group-471EC6C71867: change Leader from null to 0847a53b-a5e1-4a6e-9c94-ed2bc3fb4d81 at term 1 for becomeLeader, leader elected after 5537ms
2023-10-08 16:27:15,953 [0847a53b-a5e1-4a6e-9c94-ed2bc3fb4d81@group-471EC6C71867-LeaderElection6] INFO  server.RaftServerConfigKeys (ConfUtils.java:logGet(46)) - raft.server.staging.catchup.gap = 1000 (default)
2023-10-08 16:27:15,954 [0847a53b-a5e1-4a6e-9c94-ed2bc3fb4d81@group-471EC6C71867-LeaderElection6] INFO  server.RaftServerConfigKeys (ConfUtils.java:logGet(46)) - raft.server.write.element-limit = 1024 (custom)
2023-10-08 16:27:15,954 [0847a53b-a5e1-4a6e-9c94-ed2bc3fb4d81@group-471EC6C71867-LeaderElection6] INFO  server.RaftServerConfigKeys (ConfUtils.java:logGet(46)) - raft.server.write.byte-limit = 1024 M (=1073741824) (custom)
2023-10-08 16:27:15,954 [0847a53b-a5e1-4a6e-9c94-ed2bc3fb4d81@group-471EC6C71867-LeaderElection6] INFO  server.RaftServerConfigKeys (ConfUtils.java:logGet(46)) - raft.server.watch.timeout = 180s (custom)
2023-10-08 16:27:15,954 [0847a53b-a5e1-4a6e-9c94-ed2bc3fb4d81@group-471EC6C71867-LeaderElection6] INFO  server.RaftServerConfigKeys (ConfUtils.java:logGet(46)) - raft.server.watch.timeout.denomination = 1s (default)
2023-10-08 16:27:15,954 [0847a53b-a5e1-4a6e-9c94-ed2bc3fb4d81@group-471EC6C71867-LeaderElection6] INFO  server.RaftServerConfigKeys (ConfUtils.java:logGet(46)) - raft.server.watch.element-limit = 65536 (default)
2023-10-08 16:27:15,954 [0847a53b-a5e1-4a6e-9c94-ed2bc3fb4d81@group-471EC6C71867-LeaderElection6] INFO  server.RaftServerConfigKeys (ConfUtils.java:logGet(46)) - raft.server.write.element-limit = 1024 (custom)
2023-10-08 16:27:15,954 [0847a53b-a5e1-4a6e-9c94-ed2bc3fb4d81@group-471EC6C71867-LeaderElection6] INFO  server.RaftServerConfigKeys (ConfUtils.java:logGet(46)) - raft.server.write.follower.gap.ratio.max = -1.0 (default)
2023-10-08 16:27:15,955 [0847a53b-a5e1-4a6e-9c94-ed2bc3fb4d81@group-471EC6C71867-LeaderElection6] INFO  server.RaftServerConfigKeys (ConfUtils.java:logGet(46)) - raft.server.log.appender.snapshot.chunk.size.max = 16MB (=16777216) (default)
2023-10-08 16:27:15,955 [0847a53b-a5e1-4a6e-9c94-ed2bc3fb4d81@group-471EC6C71867-LeaderElection6] INFO  server.RaftServerConfigKeys (ConfUtils.java:logGet(46)) - raft.server.log.appender.buffer.byte-limit = 33554432 (custom)
2023-10-08 16:27:15,955 [0847a53b-a5e1-4a6e-9c94-ed2bc3fb4d81@group-471EC6C71867-LeaderElection6] INFO  server.RaftServerConfigKeys (ConfUtils.java:logGet(46)) - raft.server.log.appender.buffer.element-limit = 1 (custom)
2023-10-08 16:27:15,955 [0847a53b-a5e1-4a6e-9c94-ed2bc3fb4d81@group-471EC6C71867-LeaderElection6] INFO  server.RaftServerConfigKeys (ConfUtils.java:logGet(46)) - raft.server.log.appender.wait-time.min = 1ms (custom)
2023-10-08 16:27:15,955 [0847a53b-a5e1-4a6e-9c94-ed2bc3fb4d81@group-471EC6C71867-LeaderElection6] INFO  grpc.GrpcConfigKeys (ConfUtils.java:logGet(46)) - raft.grpc.server.leader.outstanding.appends.max = 128 (default)
2023-10-08 16:27:15,955 [0847a53b-a5e1-4a6e-9c94-ed2bc3fb4d81@group-471EC6C71867-LeaderElection6] INFO  server.RaftServerConfigKeys (ConfUtils.java:logGet(46)) - raft.server.rpc.request.timeout = 60s (custom)
2023-10-08 16:27:15,955 [0847a53b-a5e1-4a6e-9c94-ed2bc3fb4d81@group-471EC6C71867-LeaderElection6] INFO  grpc.GrpcConfigKeys (ConfUtils.java:logGet(46)) - raft.grpc.server.install_snapshot.request.element-limit = 8 (default)
2023-10-08 16:27:15,956 [0847a53b-a5e1-4a6e-9c94-ed2bc3fb4d81@group-471EC6C71867-LeaderElection6] INFO  grpc.GrpcConfigKeys (ConfUtils.java:logGet(46)) - raft.grpc.server.install_snapshot.request.timeout = 3000ms (default)
2023-10-08 16:27:15,956 [EventQueue-PipelineReportForPipelineReportHandler] INFO  pipeline.PipelineReportHandler (PipelineReportHandler.java:processPipelineReport(136)) - Opened pipeline PipelineID=26c4aaf3-173d-4a04-bbc9-471ec6c71867
2023-10-08 16:27:15,959 [grpc-default-executor-0] INFO  server.RaftServer$Division (RaftServerImpl.java:requestVote(1302)) - 428a18af-32d9-48f2-b55a-04ca97c8809a@group-471EC6C71867: receive requestVote(ELECTION, 0847a53b-a5e1-4a6e-9c94-ed2bc3fb4d81, group-471EC6C71867, 1, (t:0, i:0))
2023-10-08 16:27:15,959 [0847a53b-a5e1-4a6e-9c94-ed2bc3fb4d81@group-471EC6C71867-LeaderElection6] INFO  server.RaftServerConfigKeys (ConfUtils.java:logGet(46)) - raft.server.log.appender.install.snapshot.enabled = false (custom)
2023-10-08 16:27:15,961 [grpc-default-executor-0] INFO  impl.VoteContext (VoteContext.java:log(49)) - 428a18af-32d9-48f2-b55a-04ca97c8809a@group-471EC6C71867-FOLLOWER: accept ELECTION from 0847a53b-a5e1-4a6e-9c94-ed2bc3fb4d81: our priority 0 <= candidate's priority 1
2023-10-08 16:27:15,961 [0847a53b-a5e1-4a6e-9c94-ed2bc3fb4d81@group-471EC6C71867-LeaderElection6] INFO  grpc.GrpcConfigKeys (ConfUtils.java:logGet(46)) - raft.grpc.server.heartbeat.channel = true (default)
2023-10-08 16:27:15,961 [grpc-default-executor-0] INFO  server.RaftServer$Division (RaftServerImpl.java:setRole(329)) - 428a18af-32d9-48f2-b55a-04ca97c8809a@group-471EC6C71867: changes role from  FOLLOWER to FOLLOWER at term 1 for candidate:0847a53b-a5e1-4a6e-9c94-ed2bc3fb4d81
2023-10-08 16:27:15,961 [grpc-default-executor-0] INFO  impl.RoleInfo (RoleInfo.java:shutdownFollowerState(110)) - 428a18af-32d9-48f2-b55a-04ca97c8809a: shutdown 428a18af-32d9-48f2-b55a-04ca97c8809a@group-471EC6C71867-FollowerState
2023-10-08 16:27:15,961 [grpc-default-executor-0] INFO  impl.RoleInfo (RoleInfo.java:updateAndGet(139)) - 428a18af-32d9-48f2-b55a-04ca97c8809a: start 428a18af-32d9-48f2-b55a-04ca97c8809a@group-471EC6C71867-FollowerState
2023-10-08 16:27:15,961 [428a18af-32d9-48f2-b55a-04ca97c8809a@group-471EC6C71867-FollowerState] INFO  impl.FollowerState (FollowerState.java:run(152)) - 428a18af-32d9-48f2-b55a-04ca97c8809a@group-471EC6C71867-FollowerState was interrupted
2023-10-08 16:27:15,961 [0847a53b-a5e1-4a6e-9c94-ed2bc3fb4d81@group-471EC6C71867-LeaderElection6] INFO  server.RaftServerConfigKeys (ConfUtils.java:logGet(46)) - raft.server.log.appender.snapshot.chunk.size.max = 16MB (=16777216) (default)
2023-10-08 16:27:15,962 [0847a53b-a5e1-4a6e-9c94-ed2bc3fb4d81@group-471EC6C71867-LeaderElection6] INFO  server.RaftServerConfigKeys (ConfUtils.java:logGet(46)) - raft.server.log.appender.buffer.byte-limit = 33554432 (custom)
2023-10-08 16:27:15,962 [0847a53b-a5e1-4a6e-9c94-ed2bc3fb4d81@group-471EC6C71867-LeaderElection6] INFO  server.RaftServerConfigKeys (ConfUtils.java:logGet(46)) - raft.server.log.appender.buffer.element-limit = 1 (custom)
2023-10-08 16:27:15,962 [0847a53b-a5e1-4a6e-9c94-ed2bc3fb4d81@group-471EC6C71867-LeaderElection6] INFO  server.RaftServerConfigKeys (ConfUtils.java:logGet(46)) - raft.server.log.appender.wait-time.min = 1ms (custom)
2023-10-08 16:27:15,964 [0847a53b-a5e1-4a6e-9c94-ed2bc3fb4d81@group-471EC6C71867-LeaderElection6] INFO  grpc.GrpcConfigKeys (ConfUtils.java:logGet(46)) - raft.grpc.server.leader.outstanding.appends.max = 128 (default)
2023-10-08 16:27:15,964 [0847a53b-a5e1-4a6e-9c94-ed2bc3fb4d81@group-471EC6C71867-LeaderElection6] INFO  server.RaftServerConfigKeys (ConfUtils.java:logGet(46)) - raft.server.rpc.request.timeout = 60s (custom)
2023-10-08 16:27:15,964 [0847a53b-a5e1-4a6e-9c94-ed2bc3fb4d81@group-471EC6C71867-LeaderElection6] INFO  grpc.GrpcConfigKeys (ConfUtils.java:logGet(46)) - raft.grpc.server.install_snapshot.request.element-limit = 8 (default)
2023-10-08 16:27:15,964 [0847a53b-a5e1-4a6e-9c94-ed2bc3fb4d81@group-471EC6C71867-LeaderElection6] INFO  grpc.GrpcConfigKeys (ConfUtils.java:logGet(46)) - raft.grpc.server.install_snapshot.request.timeout = 3000ms (default)
2023-10-08 16:27:15,964 [0847a53b-a5e1-4a6e-9c94-ed2bc3fb4d81@group-471EC6C71867-LeaderElection6] INFO  server.RaftServerConfigKeys (ConfUtils.java:logGet(46)) - raft.server.log.appender.install.snapshot.enabled = false (custom)
2023-10-08 16:27:15,964 [0847a53b-a5e1-4a6e-9c94-ed2bc3fb4d81@group-471EC6C71867-LeaderElection6] INFO  grpc.GrpcConfigKeys (ConfUtils.java:logGet(46)) - raft.grpc.server.heartbeat.channel = true (default)
2023-10-08 16:27:15,965 [grpc-default-executor-0] INFO  server.RaftServer$Division (RaftServerImpl.java:requestVote(1335)) - 428a18af-32d9-48f2-b55a-04ca97c8809a@group-471EC6C71867 replies to ELECTION vote request: 0847a53b-a5e1-4a6e-9c94-ed2bc3fb4d81<-428a18af-32d9-48f2-b55a-04ca97c8809a#0:OK-t1. Peer's state: 428a18af-32d9-48f2-b55a-04ca97c8809a@group-471EC6C71867:t1, leader=null, voted=0847a53b-a5e1-4a6e-9c94-ed2bc3fb4d81, raftlog=Memoized:428a18af-32d9-48f2-b55a-04ca97c8809a@group-471EC6C71867-SegmentedRaftLog:OPENED:c-1, conf=-1: peers:[0847a53b-a5e1-4a6e-9c94-ed2bc3fb4d81|rpc:10.1.0.4:15031|admin:10.1.0.4:15030|client:10.1.0.4:15029|dataStream:10.1.0.4:15032|priority:1|startupRole:FOLLOWER, a831d948-6e5a-44aa-8e9b-507a09ef5801|rpc:10.1.0.4:15022|admin:10.1.0.4:15021|client:10.1.0.4:15020|dataStream:10.1.0.4:15023|priority:0|startupRole:FOLLOWER, 428a18af-32d9-48f2-b55a-04ca97c8809a|rpc:10.1.0.4:15040|admin:10.1.0.4:15039|client:10.1.0.4:15038|dataStream:10.1.0.4:15041|priority:0|startupRole:FOLLOWER]|listeners:[], old=null
2023-10-08 16:27:15,965 [0847a53b-a5e1-4a6e-9c94-ed2bc3fb4d81@group-471EC6C71867-LeaderElection6] INFO  impl.RoleInfo (RoleInfo.java:updateAndGet(139)) - 0847a53b-a5e1-4a6e-9c94-ed2bc3fb4d81: start 0847a53b-a5e1-4a6e-9c94-ed2bc3fb4d81@group-471EC6C71867-LeaderStateImpl
2023-10-08 16:27:15,965 [0847a53b-a5e1-4a6e-9c94-ed2bc3fb4d81@group-471EC6C71867-LeaderElection6] INFO  segmented.SegmentedRaftLogWorker (SegmentedRaftLogWorker.java:startLogSegment(447)) - 0847a53b-a5e1-4a6e-9c94-ed2bc3fb4d81@group-471EC6C71867-SegmentedRaftLogWorker: Starting segment from index:0
2023-10-08 16:27:15,987 [0847a53b-a5e1-4a6e-9c94-ed2bc3fb4d81@group-471EC6C71867-SegmentedRaftLogWorker] INFO  segmented.SegmentedRaftLogWorker (SegmentedRaftLogWorker.java:execute(651)) - 0847a53b-a5e1-4a6e-9c94-ed2bc3fb4d81@group-471EC6C71867-SegmentedRaftLogWorker: created new log segment /home/runner/work/ozone/ozone/hadoop-ozone/integration-test/target/test-dir/MiniOzoneClusterImpl-c8a21aad-f255-4385-b304-f7d4bfe38451/datanode-1/data/ratis/26c4aaf3-173d-4a04-bbc9-471ec6c71867/current/log_inprogress_0
2023-10-08 16:27:15,987 [0847a53b-a5e1-4a6e-9c94-ed2bc3fb4d81@group-471EC6C71867-LeaderElection6] INFO  server.RaftServer$Division (ServerState.java:setRaftConf(434)) - 0847a53b-a5e1-4a6e-9c94-ed2bc3fb4d81@group-471EC6C71867: set configuration 0: peers:[0847a53b-a5e1-4a6e-9c94-ed2bc3fb4d81|rpc:10.1.0.4:15031|admin:10.1.0.4:15030|client:10.1.0.4:15029|dataStream:10.1.0.4:15032|priority:1|startupRole:FOLLOWER, a831d948-6e5a-44aa-8e9b-507a09ef5801|rpc:10.1.0.4:15022|admin:10.1.0.4:15021|client:10.1.0.4:15020|dataStream:10.1.0.4:15023|priority:0|startupRole:FOLLOWER, 428a18af-32d9-48f2-b55a-04ca97c8809a|rpc:10.1.0.4:15040|admin:10.1.0.4:15039|client:10.1.0.4:15038|dataStream:10.1.0.4:15041|priority:0|startupRole:FOLLOWER]|listeners:[], old=null
2023-10-08 16:27:16,002 [428a18af-32d9-48f2-b55a-04ca97c8809a-server-thread1] INFO  ratis.XceiverServerRatis (XceiverServerRatis.java:handleLeaderChangedNotification(902)) - Leader change notification received for group: group-471EC6C71867 with new leaderId: 0847a53b-a5e1-4a6e-9c94-ed2bc3fb4d81
2023-10-08 16:27:16,002 [428a18af-32d9-48f2-b55a-04ca97c8809a-server-thread1] INFO  server.RaftServer$Division (ServerState.java:setLeader(317)) - 428a18af-32d9-48f2-b55a-04ca97c8809a@group-471EC6C71867: change Leader from null to 0847a53b-a5e1-4a6e-9c94-ed2bc3fb4d81 at term 1 for appendEntries, leader elected after 5588ms
2023-10-08 16:27:16,004 [a831d948-6e5a-44aa-8e9b-507a09ef5801-server-thread2] INFO  ratis.XceiverServerRatis (XceiverServerRatis.java:handleLeaderChangedNotification(902)) - Leader change notification received for group: group-471EC6C71867 with new leaderId: 0847a53b-a5e1-4a6e-9c94-ed2bc3fb4d81
2023-10-08 16:27:16,004 [a831d948-6e5a-44aa-8e9b-507a09ef5801-server-thread2] INFO  server.RaftServer$Division (ServerState.java:setLeader(317)) - a831d948-6e5a-44aa-8e9b-507a09ef5801@group-471EC6C71867: change Leader from null to 0847a53b-a5e1-4a6e-9c94-ed2bc3fb4d81 at term 1 for appendEntries, leader elected after 5681ms
2023-10-08 16:27:16,008 [428a18af-32d9-48f2-b55a-04ca97c8809a-server-thread1] INFO  server.RaftServer$Division (ServerState.java:setRaftConf(434)) - 428a18af-32d9-48f2-b55a-04ca97c8809a@group-471EC6C71867: set configuration 0: peers:[0847a53b-a5e1-4a6e-9c94-ed2bc3fb4d81|rpc:10.1.0.4:15031|admin:10.1.0.4:15030|client:10.1.0.4:15029|dataStream:10.1.0.4:15032|priority:1|startupRole:FOLLOWER, a831d948-6e5a-44aa-8e9b-507a09ef5801|rpc:10.1.0.4:15022|admin:10.1.0.4:15021|client:10.1.0.4:15020|dataStream:10.1.0.4:15023|priority:0|startupRole:FOLLOWER, 428a18af-32d9-48f2-b55a-04ca97c8809a|rpc:10.1.0.4:15040|admin:10.1.0.4:15039|client:10.1.0.4:15038|dataStream:10.1.0.4:15041|priority:0|startupRole:FOLLOWER]|listeners:[], old=null
2023-10-08 16:27:16,008 [428a18af-32d9-48f2-b55a-04ca97c8809a-server-thread1] INFO  segmented.SegmentedRaftLogWorker (SegmentedRaftLogWorker.java:startLogSegment(447)) - 428a18af-32d9-48f2-b55a-04ca97c8809a@group-471EC6C71867-SegmentedRaftLogWorker: Starting segment from index:0
2023-10-08 16:27:16,008 [a831d948-6e5a-44aa-8e9b-507a09ef5801-server-thread2] INFO  server.RaftServer$Division (ServerState.java:setRaftConf(434)) - a831d948-6e5a-44aa-8e9b-507a09ef5801@group-471EC6C71867: set configuration 0: peers:[0847a53b-a5e1-4a6e-9c94-ed2bc3fb4d81|rpc:10.1.0.4:15031|admin:10.1.0.4:15030|client:10.1.0.4:15029|dataStream:10.1.0.4:15032|priority:1|startupRole:FOLLOWER, a831d948-6e5a-44aa-8e9b-507a09ef5801|rpc:10.1.0.4:15022|admin:10.1.0.4:15021|client:10.1.0.4:15020|dataStream:10.1.0.4:15023|priority:0|startupRole:FOLLOWER, 428a18af-32d9-48f2-b55a-04ca97c8809a|rpc:10.1.0.4:15040|admin:10.1.0.4:15039|client:10.1.0.4:15038|dataStream:10.1.0.4:15041|priority:0|startupRole:FOLLOWER]|listeners:[], old=null
2023-10-08 16:27:16,009 [a831d948-6e5a-44aa-8e9b-507a09ef5801-server-thread2] INFO  segmented.SegmentedRaftLogWorker (SegmentedRaftLogWorker.java:startLogSegment(447)) - a831d948-6e5a-44aa-8e9b-507a09ef5801@group-471EC6C71867-SegmentedRaftLogWorker: Starting segment from index:0
2023-10-08 16:27:16,012 [a831d948-6e5a-44aa-8e9b-507a09ef5801@group-471EC6C71867-SegmentedRaftLogWorker] INFO  segmented.SegmentedRaftLogWorker (SegmentedRaftLogWorker.java:execute(651)) - a831d948-6e5a-44aa-8e9b-507a09ef5801@group-471EC6C71867-SegmentedRaftLogWorker: created new log segment /home/runner/work/ozone/ozone/hadoop-ozone/integration-test/target/test-dir/MiniOzoneClusterImpl-c8a21aad-f255-4385-b304-f7d4bfe38451/datanode-0/data/ratis/26c4aaf3-173d-4a04-bbc9-471ec6c71867/current/log_inprogress_0
2023-10-08 16:27:16,014 [428a18af-32d9-48f2-b55a-04ca97c8809a@group-471EC6C71867-SegmentedRaftLogWorker] INFO  segmented.SegmentedRaftLogWorker (SegmentedRaftLogWorker.java:execute(651)) - 428a18af-32d9-48f2-b55a-04ca97c8809a@group-471EC6C71867-SegmentedRaftLogWorker: created new log segment /home/runner/work/ozone/ozone/hadoop-ozone/integration-test/target/test-dir/MiniOzoneClusterImpl-c8a21aad-f255-4385-b304-f7d4bfe38451/datanode-2/data/ratis/26c4aaf3-173d-4a04-bbc9-471ec6c71867/current/log_inprogress_0
2023-10-08 16:27:16,063 [428a18af-32d9-48f2-b55a-04ca97c8809a@group-320C2C393B24-FollowerState] INFO  impl.FollowerState (FollowerState.java:run(143)) - 428a18af-32d9-48f2-b55a-04ca97c8809a@group-320C2C393B24-FollowerState: change to CANDIDATE, lastRpcElapsedTime:5156493628ns, electionTimeout:5153ms
2023-10-08 16:27:16,064 [428a18af-32d9-48f2-b55a-04ca97c8809a@group-320C2C393B24-FollowerState] INFO  impl.RoleInfo (RoleInfo.java:shutdownFollowerState(110)) - 428a18af-32d9-48f2-b55a-04ca97c8809a: shutdown 428a18af-32d9-48f2-b55a-04ca97c8809a@group-320C2C393B24-FollowerState
2023-10-08 16:27:16,064 [428a18af-32d9-48f2-b55a-04ca97c8809a@group-320C2C393B24-FollowerState] INFO  server.RaftServer$Division (RaftServerImpl.java:setRole(329)) - 428a18af-32d9-48f2-b55a-04ca97c8809a@group-320C2C393B24: changes role from  FOLLOWER to CANDIDATE at term 0 for changeToCandidate
2023-10-08 16:27:16,064 [428a18af-32d9-48f2-b55a-04ca97c8809a@group-320C2C393B24-FollowerState] INFO  server.RaftServerConfigKeys (ConfUtils.java:logGet(46)) - raft.server.leaderelection.pre-vote = true (default)
2023-10-08 16:27:16,064 [428a18af-32d9-48f2-b55a-04ca97c8809a@group-320C2C393B24-FollowerState] INFO  impl.RoleInfo (RoleInfo.java:updateAndGet(139)) - 428a18af-32d9-48f2-b55a-04ca97c8809a: start 428a18af-32d9-48f2-b55a-04ca97c8809a@group-320C2C393B24-LeaderElection7
2023-10-08 16:27:16,069 [428a18af-32d9-48f2-b55a-04ca97c8809a@group-320C2C393B24-LeaderElection7] INFO  impl.LeaderElection (LeaderElection.java:askForVotes(321)) - 428a18af-32d9-48f2-b55a-04ca97c8809a@group-320C2C393B24-LeaderElection7 PRE_VOTE round 0: submit vote requests at term 0 for -1: peers:[428a18af-32d9-48f2-b55a-04ca97c8809a|rpc:10.1.0.4:15040|admin:10.1.0.4:15039|client:10.1.0.4:15038|dataStream:10.1.0.4:15041|priority:1|startupRole:FOLLOWER]|listeners:[], old=null
2023-10-08 16:27:16,069 [428a18af-32d9-48f2-b55a-04ca97c8809a@group-320C2C393B24-LeaderElection7] INFO  impl.LeaderElection (LeaderElection.java:askForVotes(323)) - 428a18af-32d9-48f2-b55a-04ca97c8809a@group-320C2C393B24-LeaderElection7 PRE_VOTE round 0: result PASSED (term=0)
2023-10-08 16:27:16,071 [428a18af-32d9-48f2-b55a-04ca97c8809a@group-320C2C393B24-LeaderElection7] INFO  impl.LeaderElection (LeaderElection.java:askForVotes(321)) - 428a18af-32d9-48f2-b55a-04ca97c8809a@group-320C2C393B24-LeaderElection7 ELECTION round 0: submit vote requests at term 1 for -1: peers:[428a18af-32d9-48f2-b55a-04ca97c8809a|rpc:10.1.0.4:15040|admin:10.1.0.4:15039|client:10.1.0.4:15038|dataStream:10.1.0.4:15041|priority:1|startupRole:FOLLOWER]|listeners:[], old=null
2023-10-08 16:27:16,071 [428a18af-32d9-48f2-b55a-04ca97c8809a@group-320C2C393B24-LeaderElection7] INFO  impl.LeaderElection (LeaderElection.java:askForVotes(323)) - 428a18af-32d9-48f2-b55a-04ca97c8809a@group-320C2C393B24-LeaderElection7 ELECTION round 0: result PASSED (term=1)
2023-10-08 16:27:16,071 [428a18af-32d9-48f2-b55a-04ca97c8809a@group-320C2C393B24-LeaderElection7] INFO  impl.RoleInfo (RoleInfo.java:shutdownLeaderElection(130)) - 428a18af-32d9-48f2-b55a-04ca97c8809a: shutdown 428a18af-32d9-48f2-b55a-04ca97c8809a@group-320C2C393B24-LeaderElection7
2023-10-08 16:27:16,071 [428a18af-32d9-48f2-b55a-04ca97c8809a@group-320C2C393B24-LeaderElection7] INFO  server.RaftServer$Division (RaftServerImpl.java:setRole(329)) - 428a18af-32d9-48f2-b55a-04ca97c8809a@group-320C2C393B24: changes role from CANDIDATE to LEADER at term 1 for changeToLeader
2023-10-08 16:27:16,071 [428a18af-32d9-48f2-b55a-04ca97c8809a@group-320C2C393B24-LeaderElection7] INFO  ratis.XceiverServerRatis (XceiverServerRatis.java:handleLeaderChangedNotification(902)) - Leader change notification received for group: group-320C2C393B24 with new leaderId: 428a18af-32d9-48f2-b55a-04ca97c8809a
2023-10-08 16:27:16,071 [428a18af-32d9-48f2-b55a-04ca97c8809a@group-320C2C393B24-LeaderElection7] INFO  server.RaftServer$Division (ServerState.java:setLeader(317)) - 428a18af-32d9-48f2-b55a-04ca97c8809a@group-320C2C393B24: change Leader from null to 428a18af-32d9-48f2-b55a-04ca97c8809a at term 1 for becomeLeader, leader elected after 5196ms
2023-10-08 16:27:16,071 [428a18af-32d9-48f2-b55a-04ca97c8809a@group-320C2C393B24-LeaderElection7] INFO  server.RaftServerConfigKeys (ConfUtils.java:logGet(46)) - raft.server.staging.catchup.gap = 1000 (default)
2023-10-08 16:27:16,072 [428a18af-32d9-48f2-b55a-04ca97c8809a@group-320C2C393B24-LeaderElection7] INFO  server.RaftServerConfigKeys (ConfUtils.java:logGet(46)) - raft.server.write.element-limit = 1024 (custom)
2023-10-08 16:27:16,072 [428a18af-32d9-48f2-b55a-04ca97c8809a@group-320C2C393B24-LeaderElection7] INFO  server.RaftServerConfigKeys (ConfUtils.java:logGet(46)) - raft.server.write.byte-limit = 1024 M (=1073741824) (custom)
2023-10-08 16:27:16,072 [428a18af-32d9-48f2-b55a-04ca97c8809a@group-320C2C393B24-LeaderElection7] INFO  server.RaftServerConfigKeys (ConfUtils.java:logGet(46)) - raft.server.watch.timeout = 180s (custom)
2023-10-08 16:27:16,072 [428a18af-32d9-48f2-b55a-04ca97c8809a@group-320C2C393B24-LeaderElection7] INFO  server.RaftServerConfigKeys (ConfUtils.java:logGet(46)) - raft.server.watch.timeout.denomination = 1s (default)
2023-10-08 16:27:16,072 [428a18af-32d9-48f2-b55a-04ca97c8809a@group-320C2C393B24-LeaderElection7] INFO  server.RaftServerConfigKeys (ConfUtils.java:logGet(46)) - raft.server.watch.element-limit = 65536 (default)
2023-10-08 16:27:16,072 [428a18af-32d9-48f2-b55a-04ca97c8809a@group-320C2C393B24-LeaderElection7] INFO  server.RaftServerConfigKeys (ConfUtils.java:logGet(46)) - raft.server.write.element-limit = 1024 (custom)
2023-10-08 16:27:16,072 [428a18af-32d9-48f2-b55a-04ca97c8809a@group-320C2C393B24-LeaderElection7] INFO  server.RaftServerConfigKeys (ConfUtils.java:logGet(46)) - raft.server.write.follower.gap.ratio.max = -1.0 (default)
2023-10-08 16:27:16,072 [428a18af-32d9-48f2-b55a-04ca97c8809a@group-320C2C393B24-LeaderElection7] INFO  impl.RoleInfo (RoleInfo.java:updateAndGet(139)) - 428a18af-32d9-48f2-b55a-04ca97c8809a: start 428a18af-32d9-48f2-b55a-04ca97c8809a@group-320C2C393B24-LeaderStateImpl
2023-10-08 16:27:16,078 [428a18af-32d9-48f2-b55a-04ca97c8809a@group-320C2C393B24-LeaderElection7] INFO  segmented.SegmentedRaftLogWorker (SegmentedRaftLogWorker.java:startLogSegment(447)) - 428a18af-32d9-48f2-b55a-04ca97c8809a@group-320C2C393B24-SegmentedRaftLogWorker: Starting segment from index:0
2023-10-08 16:27:16,080 [428a18af-32d9-48f2-b55a-04ca97c8809a@group-320C2C393B24-SegmentedRaftLogWorker] INFO  segmented.SegmentedRaftLogWorker (SegmentedRaftLogWorker.java:execute(651)) - 428a18af-32d9-48f2-b55a-04ca97c8809a@group-320C2C393B24-SegmentedRaftLogWorker: created new log segment /home/runner/work/ozone/ozone/hadoop-ozone/integration-test/target/test-dir/MiniOzoneClusterImpl-c8a21aad-f255-4385-b304-f7d4bfe38451/datanode-2/data/ratis/6e238e44-484d-4187-b04b-320c2c393b24/current/log_inprogress_0
2023-10-08 16:27:16,080 [428a18af-32d9-48f2-b55a-04ca97c8809a@group-320C2C393B24-LeaderElection7] INFO  server.RaftServer$Division (ServerState.java:setRaftConf(434)) - 428a18af-32d9-48f2-b55a-04ca97c8809a@group-320C2C393B24: set configuration 0: peers:[428a18af-32d9-48f2-b55a-04ca97c8809a|rpc:10.1.0.4:15040|admin:10.1.0.4:15039|client:10.1.0.4:15038|dataStream:10.1.0.4:15041|priority:1|startupRole:FOLLOWER]|listeners:[], old=null
2023-10-08 16:27:16,238 [omNode-3@group-523986131536-FollowerState] INFO  server.RaftServerConfigKeys (ConfUtils.java:logFallback(53)) - raft.server.rpc.first-election.timeout.min = 1s (fallback to raft.server.rpc.timeout.min)
2023-10-08 16:27:16,238 [omNode-3@group-523986131536-FollowerState] INFO  server.RaftServerConfigKeys (ConfUtils.java:logFallback(53)) - raft.server.rpc.first-election.timeout.max = 1200ms (fallback to raft.server.rpc.timeout.max)
2023-10-08 16:27:16,427 [main] INFO  server.RaftServerConfigKeys (ConfUtils.java:logGet(46)) - raft.server.log.appender.wait-time.min = 0ms (custom)
2023-10-08 16:27:16,434 [main] INFO  om.OzoneManager (OzoneManager.java:stop(2208)) - omNode-3[localhost:15012]: Stopping Ozone Manager
2023-10-08 16:27:16,435 [main] INFO  ipc.Server (Server.java:stop(3523)) - Stopping server on 15012
2023-10-08 16:27:16,437 [IPC Server listener on 15012] INFO  ipc.Server (Server.java:run(1434)) - Stopping IPC Server listener on 15012
2023-10-08 16:27:16,442 [IPC Server Responder] INFO  ipc.Server (Server.java:run(1567)) - Stopping IPC Server Responder
2023-10-08 16:27:16,443 [main] INFO  server.RaftServer (RaftServerProxy.java:lambda$close$6(416)) - omNode-3: close
2023-10-08 16:27:16,444 [omNode-3-impl-thread1] INFO  server.RaftServer$Division (RaftServerImpl.java:lambda$close$4(466)) - omNode-3@group-523986131536: shutdown
2023-10-08 16:27:16,444 [omNode-3-impl-thread1] INFO  util.JmxRegister (JmxRegister.java:unregister(73)) - Successfully un-registered JMX Bean with object name Ratis:service=RaftServer,group=group-523986131536,id=omNode-3
2023-10-08 16:27:16,444 [omNode-3-impl-thread1] INFO  impl.RoleInfo (RoleInfo.java:shutdownFollowerState(110)) - omNode-3: shutdown omNode-3@group-523986131536-FollowerState
2023-10-08 16:27:16,444 [omNode-3-impl-thread1] INFO  impl.StateMachineUpdater (StateMachineUpdater.java:stopAndJoin(155)) - omNode-3@group-523986131536-StateMachineUpdater: set stopIndex = 0
2023-10-08 16:27:16,444 [omNode-3@group-523986131536-FollowerState] INFO  impl.FollowerState (FollowerState.java:run(152)) - omNode-3@group-523986131536-FollowerState was interrupted
2023-10-08 16:27:16,444 [omNode-3@group-523986131536-StateMachineUpdater] INFO  ratis.OzoneManagerStateMachine (OzoneManagerStateMachine.java:takeSnapshot(483)) - Current Snapshot Index (t:1, i:0)
2023-10-08 16:27:16,445 [main] INFO  server.GrpcService (GrpcService.java:closeImpl(311)) - omNode-3: shutdown server GrpcServerProtocolService now
2023-10-08 16:27:16,463 [grpc-default-executor-2] WARN  server.GrpcLogAppender (LogUtils.java:warn(122)) - omNode-1@group-523986131536->omNode-3-AppendLogResponseHandler: Failed appendEntries: org.apache.ratis.thirdparty.io.grpc.StatusRuntimeException: CANCELLED: RST_STREAM closed stream. HTTP/2 error code: CANCEL
2023-10-08 16:27:16,463 [grpc-default-executor-2] WARN  server.GrpcLogAppender (GrpcLogAppender.java:resetClient(128)) - omNode-1@group-523986131536->omNode-3-GrpcLogAppender: Follower failed when matchIndex == 0,  keep nextIndex (1) unchanged and retry.
2023-10-08 16:27:16,464 [grpc-default-executor-3] WARN  server.GrpcServerProtocolService (LogUtils.java:warn(122)) - omNode-3: APPEND_ENTRIES onError, lastRequest: null: org.apache.ratis.thirdparty.io.grpc.StatusRuntimeException: CANCELLED: client cancelled
2023-10-08 16:27:16,465 [grpc-default-executor-1] WARN  server.GrpcLogAppender (LogUtils.java:warn(122)) - omNode-1@group-523986131536->omNode-3-AppendLogResponseHandler: Failed appendEntries: org.apache.ratis.thirdparty.io.grpc.StatusRuntimeException: CANCELLED: RST_STREAM closed stream. HTTP/2 error code: CANCEL
2023-10-08 16:27:16,465 [grpc-default-executor-1] WARN  server.GrpcLogAppender (GrpcLogAppender.java:resetClient(128)) - omNode-1@group-523986131536->omNode-3-GrpcLogAppender: Follower failed when matchIndex == 0,  keep nextIndex (1) unchanged and retry.
2023-10-08 16:27:16,465 [grpc-default-executor-4] WARN  server.GrpcServerProtocolService (LogUtils.java:warn(122)) - omNode-3: APPEND_ENTRIES onError, lastRequest: omNode-1->omNode-3#10-t1,previous=(t:0, i:0),leaderCommit=0,initializing? true,entries: size=1, first=(t:1, i:0), CONFIGURATIONENTRY(current:id: "omNode-3"
address: "localhost:15015"
startupRole: FOLLOWER
,id: "omNode-1"
address: "localhost:15007"
startupRole: FOLLOWER
,id: "omNode-2"
address: "localhost:15011"
startupRole: FOLLOWER
, old:): org.apache.ratis.thirdparty.io.grpc.StatusRuntimeException: CANCELLED: client cancelled
2023-10-08 16:27:16,472 [main] INFO  server.GrpcService (GrpcService.java:closeImpl(320)) - omNode-3: shutdown server GrpcServerProtocolService successfully
2023-10-08 16:27:16,474 [omNode-3@group-523986131536-StateMachineUpdater] INFO  impl.StateMachineUpdater (StateMachineUpdater.java:takeSnapshot(291)) - omNode-3@group-523986131536-StateMachineUpdater: Took a snapshot at index 0
2023-10-08 16:27:16,475 [omNode-3@group-523986131536-StateMachineUpdater] INFO  impl.StateMachineUpdater (StateMachineUpdater.java:lambda$new$0(97)) - omNode-3@group-523986131536-StateMachineUpdater: snapshotIndex: updateIncreasingly -1 -> 0
2023-10-08 16:27:16,475 [omNode-3@group-523986131536-StateMachineUpdater] INFO  ratis.OzoneManagerStateMachine (OzoneManagerStateMachine.java:close(537)) - StateMachine has shutdown. Shutdown OzoneManager if not already shutdown.
2023-10-08 16:27:16,475 [omNode-3@group-523986131536-StateMachineUpdater] INFO  ratis.OzoneManagerDoubleBuffer (OzoneManagerDoubleBuffer.java:stopDaemon(551)) - Stopping OMDoubleBuffer flush thread
2023-10-08 16:27:16,475 [OMDoubleBufferFlushThread] INFO  ratis.OzoneManagerDoubleBuffer (OzoneManagerDoubleBuffer.java:canFlush(638)) - OMDoubleBuffer flush thread OMDoubleBufferFlushThread is interrupted and will exit.
2023-10-08 16:27:16,476 [omNode-3-impl-thread1] INFO  server.RaftServer$Division (ServerState.java:close(472)) - omNode-3@group-523986131536: closes. applyIndex: 0
2023-10-08 16:27:16,879 [grpc-default-executor-2] WARN  server.GrpcLogAppender (LogUtils.java:warn(122)) - omNode-1@group-523986131536->omNode-3-AppendLogResponseHandler: Failed appendEntries: org.apache.ratis.thirdparty.io.grpc.StatusRuntimeException: UNAVAILABLE: io exception
2023-10-08 16:27:16,879 [grpc-default-executor-2] WARN  server.GrpcLogAppender (GrpcLogAppender.java:resetClient(128)) - omNode-1@group-523986131536->omNode-3-GrpcLogAppender: Follower failed when matchIndex == 0,  keep nextIndex (1) unchanged and retry.
2023-10-08 16:27:16,884 [grpc-default-executor-4] WARN  server.GrpcLogAppender (LogUtils.java:warn(122)) - omNode-1@group-523986131536->omNode-3-AppendLogResponseHandler: Failed appendEntries: org.apache.ratis.thirdparty.io.grpc.StatusRuntimeException: UNAVAILABLE: io exception
2023-10-08 16:27:16,885 [grpc-default-executor-4] WARN  server.GrpcLogAppender (GrpcLogAppender.java:resetClient(128)) - omNode-1@group-523986131536->omNode-3-GrpcLogAppender: Follower failed when matchIndex == 0,  keep nextIndex (1) unchanged and retry.
2023-10-08 16:27:17,125 [grpc-default-executor-2] WARN  server.GrpcLogAppender (LogUtils.java:warn(122)) - omNode-1@group-523986131536->omNode-3-AppendLogResponseHandler: Failed appendEntries: org.apache.ratis.thirdparty.io.grpc.StatusRuntimeException: UNAVAILABLE: io exception
2023-10-08 16:27:17,125 [grpc-default-executor-4] WARN  server.GrpcLogAppender (LogUtils.java:warn(122)) - omNode-1@group-523986131536->omNode-3-AppendLogResponseHandler: Failed appendEntries: org.apache.ratis.thirdparty.io.grpc.StatusRuntimeException: UNAVAILABLE: io exception
2023-10-08 16:27:17,127 [grpc-default-executor-2] WARN  server.GrpcLogAppender (GrpcLogAppender.java:resetClient(128)) - omNode-1@group-523986131536->omNode-3-GrpcLogAppender: Follower failed when matchIndex == 0,  keep nextIndex (1) unchanged and retry.
2023-10-08 16:27:17,127 [grpc-default-executor-4] WARN  server.GrpcLogAppender (GrpcLogAppender.java:resetClient(128)) - omNode-1@group-523986131536->omNode-3-GrpcLogAppender: Follower failed when matchIndex == 0,  keep nextIndex (1) unchanged and retry.
2023-10-08 16:27:17,297 [omNode-3-impl-thread1] INFO  segmented.SegmentedRaftLogWorker (SegmentedRaftLogWorker.java:close(252)) - omNode-3@group-523986131536-SegmentedRaftLogWorker close()
2023-10-08 16:27:17,298 [JvmPauseMonitor3] INFO  util.JvmPauseMonitor (JvmPauseMonitor.java:run(109)) - JvmPauseMonitor-omNode-3: Stopped
2023-10-08 16:27:17,299 [main] INFO  ratis.OzoneManagerStateMachine (OzoneManagerStateMachine.java:close(537)) - StateMachine has shutdown. Shutdown OzoneManager if not already shutdown.
2023-10-08 16:27:17,299 [main] INFO  ratis.OzoneManagerDoubleBuffer (OzoneManagerDoubleBuffer.java:stopDaemon(560)) - OMDoubleBuffer flush thread is not running.
2023-10-08 16:27:17,300 [main] INFO  utils.BackgroundService (BackgroundService.java:shutdown(154)) - Shutting down service KeyDeletingService
2023-10-08 16:27:17,301 [main] INFO  utils.BackgroundService (BackgroundService.java:shutdown(154)) - Shutting down service KeyDeletingService
2023-10-08 16:27:17,301 [main] INFO  utils.BackgroundService (BackgroundService.java:shutdown(154)) - Shutting down service OpenKeyCleanupService
2023-10-08 16:27:17,303 [main] INFO  utils.BackgroundService (BackgroundService.java:shutdown(154)) - Shutting down service SstFilteringService
2023-10-08 16:27:17,304 [main] INFO  utils.BackgroundService (BackgroundService.java:shutdown(154)) - Shutting down service SnapshotDeletingService
2023-10-08 16:27:17,304 [main] INFO  utils.BackgroundService (BackgroundService.java:shutdown(154)) - Shutting down service MultipartUploadCleanupService
2023-10-08 16:27:17,306 [main] INFO  handler.ContextHandler (ContextHandler.java:doStop(1159)) - Stopped o.e.j.w.WebAppContext@accf371{ozoneManager,/,null,STOPPED}{file:/home/runner/work/ozone/ozone/hadoop-ozone/integration-test/target/test-classes/webapps/ozoneManager}
2023-10-08 16:27:17,309 [main] INFO  server.AbstractConnector (AbstractConnector.java:doStop(383)) - Stopped ServerConnector@426218fc{HTTP/1.1, (http/1.1)}{0.0.0.0:15013}
2023-10-08 16:27:17,309 [main] INFO  server.session (HouseKeeper.java:stopScavenging(149)) - node0 Stopped scavenging
2023-10-08 16:27:17,310 [main] INFO  handler.ContextHandler (ContextHandler.java:doStop(1159)) - Stopped o.e.j.s.ServletContextHandler@68a83d76{static,/static,file:///home/runner/work/ozone/ozone/hadoop-ozone/integration-test/target/test-classes/webapps/static,STOPPED}
2023-10-08 16:27:17,310 [main] INFO  handler.ContextHandler (ContextHandler.java:doStop(1159)) - Stopped o.e.j.s.ServletContextHandler@2a6b4d{logs,/logs,file:///home/runner/work/ozone/ozone/hadoop-ozone/integration-test/target/log,STOPPED}
2023-10-08 16:27:17,313 [main] INFO  rocksdiff.RocksDBCheckpointDiffer (RocksDBCheckpointDiffer.java:close(312)) - Shutting down CompactionDagPruningService.
2023-10-08 16:27:17,317 [main] INFO  snapshot.SnapshotDiffManager (SnapshotDiffManager.java:closeExecutorService(1720)) - Shutting down executorService: 'SnapDiffExecutor'
2023-10-08 16:27:17,318 [main] INFO  snapshot.SnapshotDiffManager (SnapshotDiffManager.java:closeExecutorService(1720)) - Shutting down executorService: 'SstDumpToolExecutor'
2023-10-08 16:27:17,318 [main] INFO  utils.BackgroundService (BackgroundService.java:shutdown(154)) - Shutting down service SnapshotDiffCleanupService
2023-10-08 16:27:17,319 [main] INFO  om.OzoneManager (OzoneManager.java:restart(1721)) - OzoneManager RPC server is listening at localhost/127.0.0.1:15012
2023-10-08 16:27:17,320 [main] INFO  impl.MetricsSystemImpl (MetricsSystemImpl.java:init(158)) - OzoneManager metrics system started (again)
2023-10-08 16:27:17,333 [main] WARN  server.ServerUtils (ServerUtils.java:getDBPath(311)) - ozone.om.db.dirs is not configured. We recommend adding this setting. Falling back to ozone.metadata.dirs instead.
2023-10-08 16:27:17,334 [main] INFO  helpers.OmKeyInfo (OmKeyInfo.java:getCodec(71)) - OmKeyInfo.getCodec ignorePipeline = true
2023-10-08 16:27:17,376 [grpc-default-executor-2] WARN  server.GrpcLogAppender (LogUtils.java:warn(122)) - omNode-1@group-523986131536->omNode-3-AppendLogResponseHandler: Failed appendEntries: org.apache.ratis.thirdparty.io.grpc.StatusRuntimeException: UNAVAILABLE: io exception
2023-10-08 16:27:17,377 [grpc-default-executor-2] WARN  server.GrpcLogAppender (GrpcLogAppender.java:resetClient(128)) - omNode-1@group-523986131536->omNode-3-GrpcLogAppender: Follower failed when matchIndex == 0,  keep nextIndex (1) unchanged and retry.
2023-10-08 16:27:17,379 [grpc-default-executor-4] WARN  server.GrpcLogAppender (LogUtils.java:warn(122)) - omNode-1@group-523986131536->omNode-3-AppendLogResponseHandler: Failed appendEntries: org.apache.ratis.thirdparty.io.grpc.StatusRuntimeException: UNAVAILABLE: io exception
2023-10-08 16:27:17,379 [grpc-default-executor-4] WARN  server.GrpcLogAppender (GrpcLogAppender.java:resetClient(128)) - omNode-1@group-523986131536->omNode-3-GrpcLogAppender: Follower failed when matchIndex == 0,  keep nextIndex (1) unchanged and retry.
2023-10-08 16:27:17,383 [main] INFO  om.OzoneManager (OzoneManager.java:instantiateServices(800)) - S3 Multi-Tenancy is disabled
2023-10-08 16:27:17,384 [main] INFO  om.OmSnapshotManager (OmSnapshotManager.java:<init>(174)) - Ozone filesystem snapshot feature is enabled.
2023-10-08 16:27:17,384 [main] WARN  server.ServerUtils (ServerUtils.java:getDBPath(311)) - ozone.om.snapshot.diff.db.dir is not configured. We recommend adding this setting. Falling back to ozone.metadata.dirs instead.
2023-10-08 16:27:17,413 [main] INFO  snapshot.SnapshotDiffManager (SnapshotDiffManager.java:closeExecutorService(1720)) - Shutting down executorService: 'SstDumpToolExecutor'
2023-10-08 16:27:17,427 [main] WARN  server.ServerUtils (ServerUtils.java:getDefaultRatisDirectory(323)) - Storage directory for Ratis is not configured. It is a good idea to map this to an SSD disk. Falling back to ozone.metadata.dirs
2023-10-08 16:27:17,428 [main] INFO  ratis.OzoneManagerRatisServer (OzoneManagerRatisServer.java:<init>(164)) - Instantiating OM Ratis server with groupID: om-service-test1 and peers: localhost:15015, localhost:15007, localhost:15011
2023-10-08 16:27:17,429 [main] INFO  ratis.OzoneManagerStateMachine (OzoneManagerStateMachine.java:loadSnapshotInfoFromDB(691)) - LastAppliedIndex is set from TransactionInfo from OM DB as (t:1, i:0)
2023-10-08 16:27:17,429 [main] INFO  server.RaftServer (ConfUtils.java:logGet(46)) - raft.rpc.type = GRPC (default)
2023-10-08 16:27:17,430 [main] INFO  grpc.GrpcConfigKeys (ConfUtils.java:logFallback(53)) - raft.grpc.admin.host = null (fallback to raft.grpc.server.host)
2023-10-08 16:27:17,430 [main] INFO  grpc.GrpcConfigKeys (ConfUtils.java:logFallback(53)) - raft.grpc.admin.port = 15015 (fallback to raft.grpc.server.port)
2023-10-08 16:27:17,430 [main] INFO  grpc.GrpcConfigKeys (ConfUtils.java:logFallback(53)) - raft.grpc.client.host = null (fallback to raft.grpc.server.host)
2023-10-08 16:27:17,430 [main] INFO  grpc.GrpcConfigKeys (ConfUtils.java:logFallback(53)) - raft.grpc.client.port = 15015 (fallback to raft.grpc.server.port)
2023-10-08 16:27:17,430 [main] INFO  grpc.GrpcConfigKeys (ConfUtils.java:logGet(46)) - raft.grpc.server.host = null (default)
2023-10-08 16:27:17,430 [main] INFO  grpc.GrpcConfigKeys (ConfUtils.java:logGet(46)) - raft.grpc.server.port = 15015 (custom)
2023-10-08 16:27:17,430 [main] INFO  server.GrpcService (ConfUtils.java:logGet(46)) - raft.grpc.message.size.max = 33554432 (custom)
2023-10-08 16:27:17,430 [main] INFO  server.RaftServerConfigKeys (ConfUtils.java:logGet(46)) - raft.server.log.appender.buffer.byte-limit = 33554432 (custom)
2023-10-08 16:27:17,431 [main] INFO  server.GrpcService (ConfUtils.java:logGet(46)) - raft.grpc.flow.control.window = 1MB (=1048576) (default)
2023-10-08 16:27:17,431 [main] INFO  server.RaftServerConfigKeys (ConfUtils.java:logGet(46)) - raft.server.rpc.request.timeout = 3000ms (default)
2023-10-08 16:27:17,431 [main] INFO  grpc.GrpcConfigKeys (ConfUtils.java:logGet(46)) - raft.grpc.server.heartbeat.channel = true (default)
2023-10-08 16:27:17,431 [main] INFO  grpc.GrpcConfigKeys (ConfUtils.java:logGet(46)) - raft.grpc.server.async.request.thread.pool.cached = true (default)
2023-10-08 16:27:17,431 [main] INFO  grpc.GrpcConfigKeys (ConfUtils.java:logGet(46)) - raft.grpc.server.async.request.thread.pool.size = 32 (default)
2023-10-08 16:27:17,432 [main] INFO  impl.DataStreamServerImpl (ConfUtils.java:logGet(46)) - raft.datastream.type = DISABLED (default)
2023-10-08 16:27:17,433 [main] INFO  server.RaftServerConfigKeys (ConfUtils.java:logGet(46)) - raft.server.threadpool.proxy.cached = true (default)
2023-10-08 16:27:17,433 [main] INFO  server.RaftServerConfigKeys (ConfUtils.java:logGet(46)) - raft.server.threadpool.proxy.size = 0 (default)
2023-10-08 16:27:17,433 [main] INFO  server.RaftServerConfigKeys (ConfUtils.java:logGet(46)) - raft.server.rpc.slowness.timeout = 2s (custom)
2023-10-08 16:27:17,433 [main] INFO  server.RaftServerConfigKeys (ConfUtils.java:logGet(46)) - raft.server.leaderelection.leader.step-down.wait-time = 10s (default)
2023-10-08 16:27:17,433 [main] INFO  server.RaftServerConfigKeys (ConfUtils.java:logGet(46)) - raft.server.storage.dir = [/home/runner/work/ozone/ozone/hadoop-ozone/integration-test/target/test-dir/MiniOzoneClusterImpl-c8a21aad-f255-4385-b304-f7d4bfe38451/omNode-3/ratis] (custom)
2023-10-08 16:27:17,434 [omNode-3-impl-thread1] INFO  server.RaftServer (RaftServerProxy.java:initGroupDir(258)) - omNode-3: found a subdirectory /home/runner/work/ozone/ozone/hadoop-ozone/integration-test/target/test-dir/MiniOzoneClusterImpl-c8a21aad-f255-4385-b304-f7d4bfe38451/omNode-3/ratis/c9bc4cf4-3bc3-3c60-a66b-523986131536
2023-10-08 16:27:17,434 [main] INFO  server.RaftServer (RaftServerProxy.java:addNew(98)) - omNode-3: addNew group-523986131536:[omNode-3|rpc:localhost:15015|priority:0|startupRole:FOLLOWER, omNode-1|rpc:localhost:15007|priority:0|startupRole:FOLLOWER, omNode-2|rpc:localhost:15011|priority:0|startupRole:FOLLOWER] returns group-523986131536:java.util.concurrent.CompletableFuture@3105e19b[Not completed]
2023-10-08 16:27:17,434 [main] INFO  om.OzoneManager (OzoneManager.java:initializeRatisServer(2149)) - OzoneManager Ratis server initialized at port 15015
2023-10-08 16:27:17,434 [main] INFO  ratis.OzoneManagerRatisServer (OzoneManagerRatisServer.java:start(559)) - Starting OzoneManagerRatisServer omNode-3 at port 15015
2023-10-08 16:27:17,435 [omNode-3-groupManagement] INFO  server.RaftServer$Division (RaftServerImpl.java:<init>(198)) - omNode-3: new RaftServerImpl for group-523986131536:[omNode-3|rpc:localhost:15015|priority:0|startupRole:FOLLOWER, omNode-1|rpc:localhost:15007|priority:0|startupRole:FOLLOWER, omNode-2|rpc:localhost:15011|priority:0|startupRole:FOLLOWER] with OzoneManagerStateMachine:uninitialized
2023-10-08 16:27:17,435 [omNode-3-groupManagement] INFO  server.RaftServerConfigKeys (ConfUtils.java:logGet(46)) - raft.server.rpc.timeout.min = 1s (custom)
2023-10-08 16:27:17,435 [omNode-3-groupManagement] INFO  server.RaftServerConfigKeys (ConfUtils.java:logGet(46)) - raft.server.rpc.timeout.max = 1200ms (custom)
2023-10-08 16:27:17,435 [omNode-3-groupManagement] INFO  server.RaftServerConfigKeys (ConfUtils.java:logGet(46)) - raft.server.rpc.sleep.time = 25ms (default)
2023-10-08 16:27:17,435 [omNode-3-groupManagement] INFO  server.RaftServerConfigKeys (ConfUtils.java:logGet(46)) - raft.server.rpc.slowness.timeout = 2s (custom)
2023-10-08 16:27:17,435 [omNode-3-groupManagement] INFO  server.RaftServerConfigKeys (ConfUtils.java:logGet(46)) - raft.server.leaderelection.leader.step-down.wait-time = 10s (default)
2023-10-08 16:27:17,435 [omNode-3-groupManagement] INFO  server.RaftServerConfigKeys (ConfUtils.java:logGet(46)) - raft.server.sleep.deviation.threshold = 300ms (default)
2023-10-08 16:27:17,435 [omNode-3-groupManagement] INFO  server.RaftServer$Division (ServerState.java:<init>(120)) - omNode-3@group-523986131536: ConfigurationManager, init=-1: peers:[omNode-3|rpc:localhost:15015|priority:0|startupRole:FOLLOWER, omNode-1|rpc:localhost:15007|priority:0|startupRole:FOLLOWER, omNode-2|rpc:localhost:15011|priority:0|startupRole:FOLLOWER]|listeners:[], old=null, confs=<EMPTY_MAP>
2023-10-08 16:27:17,435 [omNode-3-groupManagement] INFO  server.RaftServerConfigKeys (ConfUtils.java:logGet(46)) - raft.server.storage.dir = [/home/runner/work/ozone/ozone/hadoop-ozone/integration-test/target/test-dir/MiniOzoneClusterImpl-c8a21aad-f255-4385-b304-f7d4bfe38451/omNode-3/ratis] (custom)
2023-10-08 16:27:17,435 [omNode-3-groupManagement] INFO  server.RaftServerConfigKeys (ConfUtils.java:logGet(46)) - raft.server.log.corruption.policy = EXCEPTION (default)
2023-10-08 16:27:17,435 [omNode-3-groupManagement] INFO  server.RaftServerConfigKeys (ConfUtils.java:logGet(46)) - raft.server.storage.free-space.min = 0MB (=0) (default)
2023-10-08 16:27:17,436 [omNode-3-groupManagement] INFO  server.RaftServerConfigKeys (ConfUtils.java:logGet(46)) - raft.server.notification.no-leader.timeout = 2s (custom)
2023-10-08 16:27:17,436 [omNode-3-groupManagement] INFO  server.RaftServerConfigKeys (ConfUtils.java:logGet(46)) - raft.server.read.timeout = 10s (default)
2023-10-08 16:27:17,436 [omNode-3-groupManagement] INFO  server.RaftServerConfigKeys (ConfUtils.java:logGet(46)) - raft.server.retrycache.expirytime = 30000ms (custom)
2023-10-08 16:27:17,436 [omNode-3-groupManagement] INFO  server.RaftServerConfigKeys (ConfUtils.java:logGet(46)) - raft.server.retrycache.statistics.expirytime = 100μs (default)
2023-10-08 16:27:17,436 [omNode-3-groupManagement] INFO  server.RaftServerConfigKeys (ConfUtils.java:logGet(46)) - raft.server.read.option = DEFAULT (default)
2023-10-08 16:27:17,437 [omNode-3-groupManagement] INFO  server.RaftServerConfigKeys (ConfUtils.java:logGet(46)) - raft.server.rpc.request.timeout = 3000ms (default)
2023-10-08 16:27:17,437 [omNode-3-groupManagement] INFO  server.RaftServerConfigKeys (ConfUtils.java:logGet(46)) - raft.server.log.appender.install.snapshot.enabled = false (custom)
2023-10-08 16:27:17,437 [omNode-3-groupManagement] INFO  server.RaftServerConfigKeys (ConfUtils.java:logGet(46)) - raft.server.threadpool.server.cached = true (default)
2023-10-08 16:27:17,437 [omNode-3-groupManagement] INFO  server.RaftServerConfigKeys (ConfUtils.java:logGet(46)) - raft.server.threadpool.server.size = 0 (default)
2023-10-08 16:27:17,437 [omNode-3-groupManagement] INFO  server.RaftServerConfigKeys (ConfUtils.java:logGet(46)) - raft.server.threadpool.client.cached = true (default)
2023-10-08 16:27:17,437 [omNode-3-groupManagement] INFO  server.RaftServerConfigKeys (ConfUtils.java:logGet(46)) - raft.server.threadpool.client.size = 0 (default)
2023-10-08 16:27:17,438 [omNode-3-impl-thread1] INFO  storage.RaftStorageDirectory (RaftStorageDirectoryImpl.java:tryLock(231)) - Lock on /home/runner/work/ozone/ozone/hadoop-ozone/integration-test/target/test-dir/MiniOzoneClusterImpl-c8a21aad-f255-4385-b304-f7d4bfe38451/omNode-3/ratis/c9bc4cf4-3bc3-3c60-a66b-523986131536/in_use.lock acquired by nodename 29017@fv-az550-77
2023-10-08 16:27:17,439 [omNode-3-impl-thread1] INFO  storage.RaftStorage (RaftStorageImpl.java:analyzeAndRecoverStorage(117)) - Read RaftStorageMetadata{term=1, votedFor=} from /home/runner/work/ozone/ozone/hadoop-ozone/integration-test/target/test-dir/MiniOzoneClusterImpl-c8a21aad-f255-4385-b304-f7d4bfe38451/omNode-3/ratis/c9bc4cf4-3bc3-3c60-a66b-523986131536/current/raft-meta
2023-10-08 16:27:17,441 [omNode-3-impl-thread1] INFO  server.RaftServer$Division (ServerState.java:setRaftConf(434)) - omNode-3@group-523986131536: set configuration 0: peers:[omNode-3|rpc:localhost:15015|admin:|client:|dataStream:|priority:0|startupRole:FOLLOWER, omNode-1|rpc:localhost:15007|admin:|client:|dataStream:|priority:0|startupRole:FOLLOWER, omNode-2|rpc:localhost:15011|admin:|client:|dataStream:|priority:0|startupRole:FOLLOWER]|listeners:[], old=null
2023-10-08 16:27:17,441 [omNode-3-impl-thread1] INFO  server.RaftServerConfigKeys (ConfUtils.java:logGet(46)) - raft.server.log.use.memory = false (default)
2023-10-08 16:27:17,441 [omNode-3-impl-thread1] INFO  server.RaftServerConfigKeys (ConfUtils.java:logGet(46)) - raft.server.log.purge.gap = 50 (custom)
2023-10-08 16:27:17,441 [omNode-3-impl-thread1] INFO  server.RaftServerConfigKeys (ConfUtils.java:logGet(46)) - raft.server.log.appender.buffer.byte-limit = 33554432 (custom)
2023-10-08 16:27:17,441 [omNode-3-impl-thread1] INFO  server.RaftServerConfigKeys (ConfUtils.java:logGet(46)) - raft.server.log.statemachine.data.read.timeout = 1000ms (default)
2023-10-08 16:27:17,441 [omNode-3-impl-thread1] INFO  server.RaftServerConfigKeys (ConfUtils.java:logGet(46)) - raft.server.log.purge.preservation.log.num = 0 (default)
2023-10-08 16:27:17,441 [omNode-3-impl-thread1] INFO  server.RaftServerConfigKeys (ConfUtils.java:logGet(46)) - raft.server.log.segment.size.max = 4194304 (custom)
2023-10-08 16:27:17,442 [omNode-3-impl-thread1] INFO  server.RaftServerConfigKeys (ConfUtils.java:logGet(46)) - raft.server.log.segment.cache.num.max = 2 (custom)
2023-10-08 16:27:17,442 [omNode-3-impl-thread1] INFO  server.RaftServerConfigKeys (ConfUtils.java:logGet(46)) - raft.server.log.segment.cache.size.max = 200MB (=209715200) (default)
2023-10-08 16:27:17,442 [omNode-3-impl-thread1] INFO  server.RaftServerConfigKeys (ConfUtils.java:logGet(46)) - raft.server.log.appender.buffer.byte-limit = 33554432 (custom)
2023-10-08 16:27:17,442 [omNode-3-impl-thread1] INFO  segmented.SegmentedRaftLogWorker (SegmentedRaftLogWorker.java:<init>(188)) - new omNode-3@group-523986131536-SegmentedRaftLogWorker for RaftStorageImpl:Storage Directory /home/runner/work/ozone/ozone/hadoop-ozone/integration-test/target/test-dir/MiniOzoneClusterImpl-c8a21aad-f255-4385-b304-f7d4bfe38451/omNode-3/ratis/c9bc4cf4-3bc3-3c60-a66b-523986131536
2023-10-08 16:27:17,442 [omNode-3-impl-thread1] INFO  server.RaftServerConfigKeys (ConfUtils.java:logGet(46)) - raft.server.log.queue.byte-limit = 64MB (=67108864) (default)
2023-10-08 16:27:17,442 [omNode-3-impl-thread1] INFO  server.RaftServerConfigKeys (ConfUtils.java:logGet(46)) - raft.server.log.queue.element-limit = 4096 (default)
2023-10-08 16:27:17,442 [omNode-3-impl-thread1] INFO  server.RaftServerConfigKeys (ConfUtils.java:logGet(46)) - raft.server.log.segment.size.max = 4194304 (custom)
2023-10-08 16:27:17,442 [omNode-3-impl-thread1] INFO  server.RaftServerConfigKeys (ConfUtils.java:logGet(46)) - raft.server.log.preallocated.size = 4194304 (custom)
2023-10-08 16:27:17,442 [omNode-3-impl-thread1] INFO  server.RaftServerConfigKeys (ConfUtils.java:logGet(46)) - raft.server.log.force.sync.num = 128 (default)
2023-10-08 16:27:17,442 [omNode-3-impl-thread1] INFO  server.RaftServerConfigKeys (ConfUtils.java:logGet(46)) - raft.server.log.statemachine.data.sync = true (default)
2023-10-08 16:27:17,442 [omNode-3-impl-thread1] INFO  server.RaftServerConfigKeys (ConfUtils.java:logGet(46)) - raft.server.log.statemachine.data.sync.timeout = 10s (default)
2023-10-08 16:27:17,442 [omNode-3-impl-thread1] INFO  server.RaftServerConfigKeys (ConfUtils.java:logGet(46)) - raft.server.log.statemachine.data.sync.timeout.retry = -1 (default)
2023-10-08 16:27:17,443 [omNode-3-impl-thread1] INFO  server.RaftServerConfigKeys (ConfUtils.java:logGet(46)) - raft.server.log.write.buffer.size = 64KB (=65536) (default)
2023-10-08 16:27:17,443 [omNode-3-impl-thread1] INFO  server.RaftServerConfigKeys (ConfUtils.java:logGet(46)) - raft.server.log.appender.buffer.byte-limit = 33554432 (custom)
2023-10-08 16:27:17,448 [omNode-3-impl-thread1] INFO  server.RaftServerConfigKeys (ConfUtils.java:logGet(46)) - raft.server.log.unsafe-flush.enabled = false (default)
2023-10-08 16:27:17,448 [omNode-3-impl-thread1] INFO  server.RaftServerConfigKeys (ConfUtils.java:logGet(46)) - raft.server.log.async-flush.enabled = false (default)
2023-10-08 16:27:17,448 [omNode-3-impl-thread1] INFO  server.RaftServerConfigKeys (ConfUtils.java:logGet(46)) - raft.server.log.statemachine.data.caching.enabled = false (default)
2023-10-08 16:27:17,453 [omNode-3-impl-thread1] INFO  server.RaftServer$Division (ServerState.java:setRaftConf(434)) - omNode-3@group-523986131536: set configuration 0: peers:[omNode-3|rpc:localhost:15015|admin:|client:|dataStream:|priority:0|startupRole:FOLLOWER, omNode-1|rpc:localhost:15007|admin:|client:|dataStream:|priority:0|startupRole:FOLLOWER, omNode-2|rpc:localhost:15011|admin:|client:|dataStream:|priority:0|startupRole:FOLLOWER]|listeners:[], old=null
2023-10-08 16:27:17,454 [omNode-3-impl-thread1] INFO  segmented.LogSegment (LogSegment.java:loadSegment(170)) - Successfully read 1 entries from segment file /home/runner/work/ozone/ozone/hadoop-ozone/integration-test/target/test-dir/MiniOzoneClusterImpl-c8a21aad-f255-4385-b304-f7d4bfe38451/omNode-3/ratis/c9bc4cf4-3bc3-3c60-a66b-523986131536/current/log_inprogress_0
2023-10-08 16:27:17,454 [omNode-3-impl-thread1] INFO  segmented.SegmentedRaftLogWorker (SegmentedRaftLogWorker.java:lambda$new$0(135)) - omNode-3@group-523986131536-SegmentedRaftLogWorker: safeCacheEvictIndex: setUnconditionally 0 -> -1
2023-10-08 16:27:17,454 [omNode-3-impl-thread1] INFO  server.RaftServer$Division (RaftServerImpl.java:start(342)) - omNode-3@group-523986131536: start as a follower, conf=0: peers:[omNode-3|rpc:localhost:15015|admin:|client:|dataStream:|priority:0|startupRole:FOLLOWER, omNode-1|rpc:localhost:15007|admin:|client:|dataStream:|priority:0|startupRole:FOLLOWER, omNode-2|rpc:localhost:15011|admin:|client:|dataStream:|priority:0|startupRole:FOLLOWER]|listeners:[], old=null
2023-10-08 16:27:17,454 [omNode-3-impl-thread1] INFO  server.RaftServer$Division (RaftServerImpl.java:setRole(329)) - omNode-3@group-523986131536: changes role from      null to FOLLOWER at term 1 for startAsFollower
2023-10-08 16:27:17,454 [omNode-3-impl-thread1] INFO  impl.RoleInfo (RoleInfo.java:updateAndGet(139)) - omNode-3: start omNode-3@group-523986131536-FollowerState
2023-10-08 16:27:17,455 [omNode-3-impl-thread1] INFO  util.JmxRegister (JmxRegister.java:tryRegister(44)) - Successfully registered JMX Bean with object name Ratis:service=RaftServer,group=group-523986131536,id=omNode-3
2023-10-08 16:27:17,455 [omNode-3-impl-thread1] INFO  server.RaftServerConfigKeys (ConfUtils.java:logGet(46)) - raft.server.snapshot.auto.trigger.enabled = true (custom)
2023-10-08 16:27:17,455 [omNode-3-impl-thread1] INFO  server.RaftServerConfigKeys (ConfUtils.java:logGet(46)) - raft.server.snapshot.auto.trigger.threshold = 50 (custom)
2023-10-08 16:27:17,455 [omNode-3-impl-thread1] INFO  server.RaftServerConfigKeys (ConfUtils.java:logGet(46)) - raft.server.snapshot.retention.file.num = -1 (default)
2023-10-08 16:27:17,455 [omNode-3-impl-thread1] INFO  server.RaftServerConfigKeys (ConfUtils.java:logGet(46)) - raft.server.log.purge.upto.snapshot.index = true (custom)
2023-10-08 16:27:17,455 [omNode-3@group-523986131536-FollowerState] INFO  server.RaftServerConfigKeys (ConfUtils.java:logFallback(53)) - raft.server.rpc.first-election.timeout.min = 1s (fallback to raft.server.rpc.timeout.min)
2023-10-08 16:27:17,456 [omNode-3@group-523986131536-FollowerState] INFO  server.RaftServerConfigKeys (ConfUtils.java:logFallback(53)) - raft.server.rpc.first-election.timeout.max = 1200ms (fallback to raft.server.rpc.timeout.max)
2023-10-08 16:27:17,460 [main] INFO  server.RaftServer (RaftServerProxy.java:startImpl(400)) - omNode-3: start RPC server
2023-10-08 16:27:17,464 [main] INFO  server.GrpcService (GrpcService.java:startImpl(302)) - omNode-3: GrpcService started, listening on 15015
2023-10-08 16:27:17,464 [main] INFO  om.OzoneManager (OzoneManager.java:getRpcServer(1202)) - Creating RPC Server
2023-10-08 16:27:17,466 [JvmPauseMonitor7] INFO  util.JvmPauseMonitor (JvmPauseMonitor.java:run(103)) - JvmPauseMonitor-omNode-3: Started
2023-10-08 16:27:17,664 [grpc-default-executor-4] WARN  server.GrpcLogAppender (LogUtils.java:warn(122)) - omNode-1@group-523986131536->omNode-3-AppendLogResponseHandler: Failed appendEntries: org.apache.ratis.thirdparty.io.grpc.StatusRuntimeException: UNAVAILABLE: io exception
2023-10-08 16:27:17,664 [grpc-default-executor-2] WARN  server.GrpcLogAppender (LogUtils.java:warn(122)) - omNode-1@group-523986131536->omNode-3-AppendLogResponseHandler: Failed appendEntries: org.apache.ratis.thirdparty.io.grpc.StatusRuntimeException: UNAVAILABLE: io exception
2023-10-08 16:27:17,665 [grpc-default-executor-4] WARN  server.GrpcLogAppender (GrpcLogAppender.java:resetClient(128)) - omNode-1@group-523986131536->omNode-3-GrpcLogAppender: Follower failed when matchIndex == 0,  keep nextIndex (1) unchanged and retry.
2023-10-08 16:27:17,665 [grpc-default-executor-2] WARN  server.GrpcLogAppender (GrpcLogAppender.java:resetClient(128)) - omNode-1@group-523986131536->omNode-3-GrpcLogAppender: Follower failed when matchIndex == 0,  keep nextIndex (1) unchanged and retry.
2023-10-08 16:27:17,928 [omNode-3-server-thread1] INFO  server.RaftServer$Division (ServerState.java:setLeader(317)) - omNode-3@group-523986131536: change Leader from null to omNode-1 at term 1 for appendEntries, leader elected after 492ms
2023-10-08 16:27:17,976 [main] INFO  reflections.Reflections (Reflections.java:scan(232)) - Reflections took 511 ms to scan 20 urls, producing 71 keys and 6072 values [using 2 cores]
2023-10-08 16:27:17,978 [main] INFO  ipc.CallQueueManager (CallQueueManager.java:<init>(90)) - Using callQueue: class java.util.concurrent.LinkedBlockingQueue, queueCapacity: 2000, scheduler: class org.apache.hadoop.ipc.DefaultRpcScheduler, ipcBackoff: false.
2023-10-08 16:27:17,978 [main] INFO  ipc.Server (Server.java:<init>(1287)) - Listener at localhost:15012
2023-10-08 16:27:17,978 [Socket Reader #1 for port 15012] INFO  ipc.Server (Server.java:run(1323)) - Starting Socket Reader #1 for port 15012
2023-10-08 16:27:17,982 [main] INFO  http.BaseHttpServer (BaseHttpServer.java:newHttpServer2BuilderForOzone(223)) - Starting Web-server for ozoneManager at: http://0.0.0.0:15013
2023-10-08 16:27:17,982 [main] INFO  http.BaseHttpServer (BaseHttpServer.java:<init>(110)) - Hadoop Security Enabled: false Ozone Security Enabled: false Ozone HTTP Security Enabled: false 
2023-10-08 16:27:17,984 [main] WARN  server.AuthenticationFilter (AuthenticationFilter.java:constructSecretProvider(240)) - Unable to initialize FileSignerSecretProvider, falling back to use random secrets. Reason: Could not read signature secret file: /home/runner/hadoop-http-auth-signature-secret
2023-10-08 16:27:17,985 [main] INFO  http.HttpRequestLog (HttpRequestLog.java:getRequestLog(86)) - Http request log for http.requests.ozoneManager is not defined
2023-10-08 16:27:17,986 [main] INFO  http.HttpServer2 (HttpServer2.java:addGlobalFilter(1031)) - Added global filter 'safety' (class=org.apache.hadoop.hdds.server.http.HttpServer2$QuotingInputFilter)
2023-10-08 16:27:17,987 [main] INFO  http.HttpServer2 (HttpServer2.java:addFilter(1007)) - Added filter static_user_filter (class=org.apache.hadoop.http.lib.StaticUserWebFilter$StaticUserFilter) to context ozoneManager
2023-10-08 16:27:17,987 [main] INFO  http.HttpServer2 (HttpServer2.java:addFilter(1015)) - Added filter static_user_filter (class=org.apache.hadoop.http.lib.StaticUserWebFilter$StaticUserFilter) to context static
2023-10-08 16:27:17,988 [main] INFO  http.HttpServer2 (HttpServer2.java:addFilter(1015)) - Added filter static_user_filter (class=org.apache.hadoop.http.lib.StaticUserWebFilter$StaticUserFilter) to context logs
2023-10-08 16:27:17,988 [main] INFO  http.BaseHttpServer (BaseHttpServer.java:<init>(189)) - HTTP server of ozoneManager uses base directory /home/runner/work/ozone/ozone/hadoop-ozone/integration-test/target/test-dir/MiniOzoneClusterImpl-c8a21aad-f255-4385-b304-f7d4bfe38451/omNode-3/webserver
2023-10-08 16:27:17,989 [main] INFO  http.HttpServer2 (HttpServer2.java:bindListener(1231)) - Jetty bound to port 15013
2023-10-08 16:27:17,989 [main] INFO  server.Server (Server.java:doStart(375)) - jetty-9.4.52.v20230823; built: 2023-08-23T19:29:37.669Z; git: abdcda73818a1a2c705da276edb0bf6581e7997e; jvm 1.8.0_382-b05
2023-10-08 16:27:17,993 [main] INFO  server.session (DefaultSessionIdManager.java:doStart(334)) - DefaultSessionIdManager workerName=node0
2023-10-08 16:27:17,993 [main] INFO  server.session (DefaultSessionIdManager.java:doStart(339)) - No SessionScavenger set, using defaults
2023-10-08 16:27:17,993 [main] INFO  server.session (HouseKeeper.java:startScavenging(132)) - node0 Scavenging every 600000ms
2023-10-08 16:27:17,995 [main] INFO  handler.ContextHandler (ContextHandler.java:doStart(921)) - Started o.e.j.s.ServletContextHandler@46390392{logs,/logs,file:///home/runner/work/ozone/ozone/hadoop-ozone/integration-test/target/log,AVAILABLE}
2023-10-08 16:27:17,996 [main] INFO  handler.ContextHandler (ContextHandler.java:doStart(921)) - Started o.e.j.s.ServletContextHandler@4318cdec{static,/static,file:///home/runner/work/ozone/ozone/hadoop-ozone/integration-test/target/test-classes/webapps/static,AVAILABLE}
2023-10-08 16:27:18,003 [main] INFO  handler.ContextHandler (ContextHandler.java:doStart(921)) - Started o.e.j.w.WebAppContext@71ed0b5e{ozoneManager,/,file:///home/runner/work/ozone/ozone/hadoop-ozone/integration-test/target/test-classes/webapps/ozoneManager/,AVAILABLE}{file:/home/runner/work/ozone/ozone/hadoop-ozone/integration-test/target/test-classes/webapps/ozoneManager}
2023-10-08 16:27:18,006 [main] INFO  server.AbstractConnector (AbstractConnector.java:doStart(333)) - Started ServerConnector@7d287140{HTTP/1.1, (http/1.1)}{0.0.0.0:15013}
2023-10-08 16:27:18,006 [main] INFO  server.Server (Server.java:doStart(415)) - Started @26500ms
2023-10-08 16:27:18,006 [main] WARN  impl.MetricsSystemImpl (MetricsSystemImpl.java:register(279)) - Sink prometheus already exists!
2023-10-08 16:27:18,008 [main] INFO  http.BaseHttpServer (BaseHttpServer.java:updateConnectorAddress(354)) - HTTP server of ozoneManager listening at http://0.0.0.0:15013
2023-10-08 16:27:18,009 [IPC Server Responder] INFO  ipc.Server (Server.java:run(1562)) - IPC Server Responder: starting
2023-10-08 16:27:18,011 [IPC Server listener on 15012] INFO  ipc.Server (Server.java:run(1402)) - IPC Server listener on 15012: starting
2023-10-08 16:27:18,018 [main] INFO  om.OzoneManager (OzoneManager.java:startTrashEmptier(2102)) - Trash Interval set to 0. Files deleted won't move to trash
2023-10-08 16:27:18,019 [main] INFO  om.OzoneManager (OzoneManager.java:stop(2208)) - omNode-1[localhost:15004]: Stopping Ozone Manager
2023-10-08 16:27:18,019 [main] INFO  ipc.Server (Server.java:stop(3523)) - Stopping server on 15004
2023-10-08 16:27:18,028 [IPC Server listener on 15004] INFO  ipc.Server (Server.java:run(1434)) - Stopping IPC Server listener on 15004
2023-10-08 16:27:18,030 [IPC Server Responder] INFO  ipc.Server (Server.java:run(1567)) - Stopping IPC Server Responder
2023-10-08 16:27:18,030 [main] INFO  server.RaftServer (RaftServerProxy.java:lambda$close$6(416)) - omNode-1: close
2023-10-08 16:27:18,031 [main] INFO  server.GrpcService (GrpcService.java:closeImpl(311)) - omNode-1: shutdown server GrpcServerProtocolService now
2023-10-08 16:27:18,037 [omNode-1-impl-thread1] INFO  server.RaftServer$Division (RaftServerImpl.java:lambda$close$4(466)) - omNode-1@group-523986131536: shutdown
2023-10-08 16:27:18,037 [omNode-1-impl-thread1] INFO  util.JmxRegister (JmxRegister.java:unregister(73)) - Successfully un-registered JMX Bean with object name Ratis:service=RaftServer,group=group-523986131536,id=omNode-1
2023-10-08 16:27:18,037 [omNode-1-impl-thread1] INFO  impl.RoleInfo (RoleInfo.java:shutdownLeaderState(93)) - omNode-1: shutdown omNode-1@group-523986131536-LeaderStateImpl
2023-10-08 16:27:18,039 [Thread-523] INFO  server.GrpcServerProtocolClient (GrpcServerProtocolClient.java:close(103)) - omNode-3 Close channels
2023-10-08 16:27:18,039 [omNode-1@group-523986131536->omNode-2-GrpcLogAppender-LogAppenderDaemon] WARN  server.GrpcLogAppender (GrpcLogAppender.java:mayWait(199)) - omNode-1@group-523986131536->omNode-2-GrpcLogAppender: Wait interrupted by java.lang.InterruptedException
2023-10-08 16:27:18,039 [omNode-1-impl-thread1] INFO  impl.PendingRequests (PendingRequests.java:sendNotLeaderResponses(289)) - omNode-1@group-523986131536-PendingRequests: sendNotLeaderResponses
2023-10-08 16:27:18,041 [omNode-1-impl-thread1] INFO  impl.StateMachineUpdater (StateMachineUpdater.java:stopAndJoin(155)) - omNode-1@group-523986131536-StateMachineUpdater: set stopIndex = 0
2023-10-08 16:27:18,041 [omNode-1@group-523986131536->omNode-3-GrpcLogAppender-LogAppenderDaemon] WARN  server.GrpcLogAppender (GrpcLogAppender.java:mayWait(199)) - omNode-1@group-523986131536->omNode-3-GrpcLogAppender: Wait interrupted by java.lang.InterruptedException
2023-10-08 16:27:18,041 [grpc-default-executor-0] INFO  server.GrpcServerProtocolService (GrpcServerProtocolService.java:onCompleted(155)) - omNode-2: Completed APPEND_ENTRIES, lastRequest: omNode-1->omNode-2#1-t1,previous=(t:0, i:0),leaderCommit=-1,initializing? true,entries: size=1, first=(t:1, i:0), CONFIGURATIONENTRY(current:id: "omNode-3"
address: "localhost:15015"
startupRole: FOLLOWER
,id: "omNode-1"
address: "localhost:15007"
startupRole: FOLLOWER
,id: "omNode-2"
address: "localhost:15011"
startupRole: FOLLOWER
, old:)
2023-10-08 16:27:18,042 [grpc-default-executor-0] INFO  server.GrpcServerProtocolService (GrpcServerProtocolService.java:lambda$onCompleted$5(157)) - omNode-2: Completed APPEND_ENTRIES, lastReply: null
2023-10-08 16:27:18,042 [omNode-1@group-523986131536-StateMachineUpdater] INFO  ratis.OzoneManagerStateMachine (OzoneManagerStateMachine.java:takeSnapshot(483)) - Current Snapshot Index (t:1, i:0)
2023-10-08 16:27:18,042 [grpc-default-executor-3] INFO  server.GrpcServerProtocolService (GrpcServerProtocolService.java:onCompleted(155)) - omNode-2: Completed APPEND_ENTRIES, lastRequest: null
2023-10-08 16:27:18,044 [grpc-default-executor-3] INFO  server.GrpcServerProtocolService (GrpcServerProtocolService.java:lambda$onCompleted$5(157)) - omNode-2: Completed APPEND_ENTRIES, lastReply: serverReply {
  requestorId: "omNode-1"
  replyId: "omNode-2"
  raftGroupId {
    id: "\311\274L\364;\303<`\246kR9\206\023\0256"
  }
  callId: 35
  success: true
}
term: 1
nextIndex: 1
matchIndex: 18446744073709551615
isHearbeat: true

2023-10-08 16:27:18,045 [grpc-default-executor-1] INFO  server.GrpcServerProtocolService (GrpcServerProtocolService.java:onCompleted(155)) - omNode-3: Completed APPEND_ENTRIES, lastRequest: null
2023-10-08 16:27:18,045 [grpc-default-executor-1] INFO  server.GrpcServerProtocolService (GrpcServerProtocolService.java:lambda$onCompleted$5(157)) - omNode-3: Completed APPEND_ENTRIES, lastReply: serverReply {
  requestorId: "omNode-1"
  replyId: "omNode-3"
  raftGroupId {
    id: "\311\274L\364;\303<`\246kR9\206\023\0256"
  }
  callId: 43
  success: true
}
term: 1
nextIndex: 1
matchIndex: 18446744073709551615
isHearbeat: true

2023-10-08 16:27:18,046 [grpc-default-executor-0] INFO  server.GrpcServerProtocolService (GrpcServerProtocolService.java:onCompleted(155)) - omNode-3: Completed APPEND_ENTRIES, lastRequest: null
2023-10-08 16:27:18,046 [grpc-default-executor-0] INFO  server.GrpcServerProtocolService (GrpcServerProtocolService.java:lambda$onCompleted$5(157)) - omNode-3: Completed APPEND_ENTRIES, lastReply: null
2023-10-08 16:27:18,047 [grpc-default-executor-0] INFO  server.GrpcLogAppender (GrpcLogAppender.java:onCompleted(428)) - omNode-1@group-523986131536->omNode-3-AppendLogResponseHandler: follower responses appendEntries COMPLETED
2023-10-08 16:27:18,048 [grpc-default-executor-0] WARN  server.GrpcLogAppender (GrpcLogAppender.java:resetClient(137)) - omNode-1@group-523986131536->omNode-3-GrpcLogAppender: Failed to getClient for omNode-3
org.apache.ratis.protocol.exceptions.AlreadyClosedException: omNode-1 is already CLOSED
	at org.apache.ratis.util.PeerProxyMap$PeerAndProxy.getProxy(PeerProxyMap.java:61)
	at org.apache.ratis.util.PeerProxyMap.getProxy(PeerProxyMap.java:115)
	at org.apache.ratis.grpc.server.GrpcLogAppender.getClient(GrpcLogAppender.java:112)
	at org.apache.ratis.grpc.server.GrpcLogAppender.resetClient(GrpcLogAppender.java:117)
	at org.apache.ratis.grpc.server.GrpcLogAppender.access$500(GrpcLogAppender.java:56)
	at org.apache.ratis.grpc.server.GrpcLogAppender$AppendLogResponseHandler.onCompleted(GrpcLogAppender.java:429)
	at org.apache.ratis.thirdparty.io.grpc.stub.ClientCalls$StreamObserverToCallListenerAdapter.onClose(ClientCalls.java:485)
	at org.apache.ratis.thirdparty.io.grpc.internal.ClientCallImpl.closeObserver(ClientCallImpl.java:563)
	at org.apache.ratis.thirdparty.io.grpc.internal.ClientCallImpl.access$300(ClientCallImpl.java:70)
	at org.apache.ratis.thirdparty.io.grpc.internal.ClientCallImpl$ClientStreamListenerImpl$1StreamClosed.runInternal(ClientCallImpl.java:744)
	at org.apache.ratis.thirdparty.io.grpc.internal.ClientCallImpl$ClientStreamListenerImpl$1StreamClosed.runInContext(ClientCallImpl.java:723)
	at org.apache.ratis.thirdparty.io.grpc.internal.ContextRunnable.run(ContextRunnable.java:37)
	at org.apache.ratis.thirdparty.io.grpc.internal.SerializingExecutor.run(SerializingExecutor.java:133)
	at java.util.concurrent.ThreadPoolExecutor.runWorker(ThreadPoolExecutor.java:1149)
	at java.util.concurrent.ThreadPoolExecutor$Worker.run(ThreadPoolExecutor.java:624)
	at java.lang.Thread.run(Thread.java:750)
2023-10-08 16:27:18,051 [grpc-default-executor-2] INFO  server.GrpcLogAppender (GrpcLogAppender.java:onCompleted(428)) - omNode-1@group-523986131536->omNode-2-AppendLogResponseHandler: follower responses appendEntries COMPLETED
2023-10-08 16:27:18,052 [grpc-default-executor-2] INFO  leader.FollowerInfo (FollowerInfoImpl.java:lambda$new$0(52)) - omNode-1@group-523986131536->omNode-2: decreaseNextIndex nextIndex: updateUnconditionally 1 -> 0
2023-10-08 16:27:18,050 [grpc-default-executor-4] INFO  server.GrpcLogAppender (GrpcLogAppender.java:onCompleted(428)) - omNode-1@group-523986131536->omNode-3-AppendLogResponseHandler: follower responses appendEntries COMPLETED
2023-10-08 16:27:18,052 [grpc-default-executor-4] WARN  server.GrpcLogAppender (GrpcLogAppender.java:resetClient(137)) - omNode-1@group-523986131536->omNode-3-GrpcLogAppender: Failed to getClient for omNode-3
org.apache.ratis.protocol.exceptions.AlreadyClosedException: omNode-1 is already CLOSED
	at org.apache.ratis.util.PeerProxyMap$PeerAndProxy.getProxy(PeerProxyMap.java:61)
	at org.apache.ratis.util.PeerProxyMap.getProxy(PeerProxyMap.java:115)
	at org.apache.ratis.grpc.server.GrpcLogAppender.getClient(GrpcLogAppender.java:112)
	at org.apache.ratis.grpc.server.GrpcLogAppender.resetClient(GrpcLogAppender.java:117)
	at org.apache.ratis.grpc.server.GrpcLogAppender.access$500(GrpcLogAppender.java:56)
	at org.apache.ratis.grpc.server.GrpcLogAppender$AppendLogResponseHandler.onCompleted(GrpcLogAppender.java:429)
	at org.apache.ratis.thirdparty.io.grpc.stub.ClientCalls$StreamObserverToCallListenerAdapter.onClose(ClientCalls.java:485)
	at org.apache.ratis.thirdparty.io.grpc.internal.ClientCallImpl.closeObserver(ClientCallImpl.java:563)
	at org.apache.ratis.thirdparty.io.grpc.internal.ClientCallImpl.access$300(ClientCallImpl.java:70)
	at org.apache.ratis.thirdparty.io.grpc.internal.ClientCallImpl$ClientStreamListenerImpl$1StreamClosed.runInternal(ClientCallImpl.java:744)
	at org.apache.ratis.thirdparty.io.grpc.internal.ClientCallImpl$ClientStreamListenerImpl$1StreamClosed.runInContext(ClientCallImpl.java:723)
	at org.apache.ratis.thirdparty.io.grpc.internal.ContextRunnable.run(ContextRunnable.java:37)
	at org.apache.ratis.thirdparty.io.grpc.internal.SerializingExecutor.run(SerializingExecutor.java:133)
	at java.util.concurrent.ThreadPoolExecutor.runWorker(ThreadPoolExecutor.java:1149)
	at java.util.concurrent.ThreadPoolExecutor$Worker.run(ThreadPoolExecutor.java:624)
	at java.lang.Thread.run(Thread.java:750)
2023-10-08 16:27:18,053 [Thread-525] INFO  server.GrpcServerProtocolClient (GrpcServerProtocolClient.java:close(103)) - omNode-2 Close channels
2023-10-08 16:27:18,053 [grpc-default-executor-5] INFO  server.GrpcLogAppender (GrpcLogAppender.java:onCompleted(428)) - omNode-1@group-523986131536->omNode-2-AppendLogResponseHandler: follower responses appendEntries COMPLETED
2023-10-08 16:27:18,053 [grpc-default-executor-5] WARN  server.GrpcLogAppender (GrpcLogAppender.java:resetClient(137)) - omNode-1@group-523986131536->omNode-2-GrpcLogAppender: Failed to getClient for omNode-2
org.apache.ratis.protocol.exceptions.AlreadyClosedException: omNode-1 is already CLOSED
	at org.apache.ratis.util.PeerProxyMap$PeerAndProxy.getProxy(PeerProxyMap.java:61)
	at org.apache.ratis.util.PeerProxyMap.getProxy(PeerProxyMap.java:115)
	at org.apache.ratis.grpc.server.GrpcLogAppender.getClient(GrpcLogAppender.java:112)
	at org.apache.ratis.grpc.server.GrpcLogAppender.resetClient(GrpcLogAppender.java:117)
	at org.apache.ratis.grpc.server.GrpcLogAppender.access$500(GrpcLogAppender.java:56)
	at org.apache.ratis.grpc.server.GrpcLogAppender$AppendLogResponseHandler.onCompleted(GrpcLogAppender.java:429)
	at org.apache.ratis.thirdparty.io.grpc.stub.ClientCalls$StreamObserverToCallListenerAdapter.onClose(ClientCalls.java:485)
	at org.apache.ratis.thirdparty.io.grpc.internal.ClientCallImpl.closeObserver(ClientCallImpl.java:563)
	at org.apache.ratis.thirdparty.io.grpc.internal.ClientCallImpl.access$300(ClientCallImpl.java:70)
	at org.apache.ratis.thirdparty.io.grpc.internal.ClientCallImpl$ClientStreamListenerImpl$1StreamClosed.runInternal(ClientCallImpl.java:744)
	at org.apache.ratis.thirdparty.io.grpc.internal.ClientCallImpl$ClientStreamListenerImpl$1StreamClosed.runInContext(ClientCallImpl.java:723)
	at org.apache.ratis.thirdparty.io.grpc.internal.ContextRunnable.run(ContextRunnable.java:37)
	at org.apache.ratis.thirdparty.io.grpc.internal.SerializingExecutor.run(SerializingExecutor.java:133)
	at java.util.concurrent.ThreadPoolExecutor.runWorker(ThreadPoolExecutor.java:1149)
	at java.util.concurrent.ThreadPoolExecutor$Worker.run(ThreadPoolExecutor.java:624)
	at java.lang.Thread.run(Thread.java:750)
2023-10-08 16:27:18,059 [omNode-1@group-523986131536-StateMachineUpdater] INFO  impl.StateMachineUpdater (StateMachineUpdater.java:takeSnapshot(291)) - omNode-1@group-523986131536-StateMachineUpdater: Took a snapshot at index 0
2023-10-08 16:27:18,059 [omNode-1@group-523986131536-StateMachineUpdater] INFO  impl.StateMachineUpdater (StateMachineUpdater.java:lambda$new$0(97)) - omNode-1@group-523986131536-StateMachineUpdater: snapshotIndex: updateIncreasingly -1 -> 0
2023-10-08 16:27:18,059 [omNode-1@group-523986131536-StateMachineUpdater] INFO  ratis.OzoneManagerStateMachine (OzoneManagerStateMachine.java:close(537)) - StateMachine has shutdown. Shutdown OzoneManager if not already shutdown.
2023-10-08 16:27:18,060 [omNode-1@group-523986131536-StateMachineUpdater] INFO  ratis.OzoneManagerDoubleBuffer (OzoneManagerDoubleBuffer.java:stopDaemon(551)) - Stopping OMDoubleBuffer flush thread
2023-10-08 16:27:18,060 [OMDoubleBufferFlushThread] INFO  ratis.OzoneManagerDoubleBuffer (OzoneManagerDoubleBuffer.java:canFlush(638)) - OMDoubleBuffer flush thread OMDoubleBufferFlushThread is interrupted and will exit.
2023-10-08 16:27:18,062 [omNode-1-impl-thread1] INFO  server.RaftServer$Division (ServerState.java:close(472)) - omNode-1@group-523986131536: closes. applyIndex: 0
2023-10-08 16:27:18,064 [main] INFO  server.GrpcService (GrpcService.java:closeImpl(320)) - omNode-1: shutdown server GrpcServerProtocolService successfully
2023-10-08 16:27:18,467 [omNode-3@group-523986131536-FollowerState] INFO  server.RaftServerConfigKeys (ConfUtils.java:logFallback(53)) - raft.server.rpc.first-election.timeout.min = 1s (fallback to raft.server.rpc.timeout.min)
2023-10-08 16:27:18,467 [omNode-3@group-523986131536-FollowerState] INFO  server.RaftServerConfigKeys (ConfUtils.java:logFallback(53)) - raft.server.rpc.first-election.timeout.max = 1200ms (fallback to raft.server.rpc.timeout.max)
2023-10-08 16:27:18,829 [omNode-1-impl-thread1] INFO  segmented.SegmentedRaftLogWorker (SegmentedRaftLogWorker.java:close(252)) - omNode-1@group-523986131536-SegmentedRaftLogWorker close()
2023-10-08 16:27:18,830 [JvmPauseMonitor1] INFO  util.JvmPauseMonitor (JvmPauseMonitor.java:run(109)) - JvmPauseMonitor-omNode-1: Stopped
2023-10-08 16:27:18,830 [main] INFO  ratis.OzoneManagerStateMachine (OzoneManagerStateMachine.java:close(537)) - StateMachine has shutdown. Shutdown OzoneManager if not already shutdown.
2023-10-08 16:27:18,830 [main] INFO  ratis.OzoneManagerDoubleBuffer (OzoneManagerDoubleBuffer.java:stopDaemon(560)) - OMDoubleBuffer flush thread is not running.
2023-10-08 16:27:18,831 [main] INFO  utils.BackgroundService (BackgroundService.java:shutdown(154)) - Shutting down service KeyDeletingService
2023-10-08 16:27:18,831 [main] INFO  utils.BackgroundService (BackgroundService.java:shutdown(154)) - Shutting down service KeyDeletingService
2023-10-08 16:27:18,831 [main] INFO  utils.BackgroundService (BackgroundService.java:shutdown(154)) - Shutting down service OpenKeyCleanupService
2023-10-08 16:27:18,832 [main] INFO  utils.BackgroundService (BackgroundService.java:shutdown(154)) - Shutting down service SstFilteringService
2023-10-08 16:27:18,832 [main] INFO  utils.BackgroundService (BackgroundService.java:shutdown(154)) - Shutting down service SnapshotDeletingService
2023-10-08 16:27:18,832 [main] INFO  utils.BackgroundService (BackgroundService.java:shutdown(154)) - Shutting down service MultipartUploadCleanupService
2023-10-08 16:27:18,833 [main] INFO  handler.ContextHandler (ContextHandler.java:doStop(1159)) - Stopped o.e.j.w.WebAppContext@1f0526fc{ozoneManager,/,null,STOPPED}{file:/home/runner/work/ozone/ozone/hadoop-ozone/integration-test/target/test-classes/webapps/ozoneManager}
2023-10-08 16:27:18,834 [main] INFO  server.AbstractConnector (AbstractConnector.java:doStop(383)) - Stopped ServerConnector@3c7b3bf6{HTTP/1.1, (http/1.1)}{0.0.0.0:15005}
2023-10-08 16:27:18,834 [main] INFO  server.session (HouseKeeper.java:stopScavenging(149)) - node0 Stopped scavenging
2023-10-08 16:27:18,834 [main] INFO  handler.ContextHandler (ContextHandler.java:doStop(1159)) - Stopped o.e.j.s.ServletContextHandler@b84163{static,/static,file:///home/runner/work/ozone/ozone/hadoop-ozone/integration-test/target/test-classes/webapps/static,STOPPED}
2023-10-08 16:27:18,834 [main] INFO  handler.ContextHandler (ContextHandler.java:doStop(1159)) - Stopped o.e.j.s.ServletContextHandler@574e3953{logs,/logs,file:///home/runner/work/ozone/ozone/hadoop-ozone/integration-test/target/log,STOPPED}
2023-10-08 16:27:18,837 [main] INFO  rocksdiff.RocksDBCheckpointDiffer (RocksDBCheckpointDiffer.java:close(312)) - Shutting down CompactionDagPruningService.
2023-10-08 16:27:18,838 [main] INFO  snapshot.SnapshotDiffManager (SnapshotDiffManager.java:closeExecutorService(1720)) - Shutting down executorService: 'SnapDiffExecutor'
2023-10-08 16:27:18,838 [main] INFO  snapshot.SnapshotDiffManager (SnapshotDiffManager.java:closeExecutorService(1720)) - Shutting down executorService: 'SstDumpToolExecutor'
2023-10-08 16:27:18,839 [main] INFO  utils.BackgroundService (BackgroundService.java:shutdown(154)) - Shutting down service SnapshotDiffCleanupService
2023-10-08 16:27:18,844 [main] INFO  om.OzoneManager (OzoneManager.java:restart(1721)) - OzoneManager RPC server is listening at localhost/127.0.0.1:15004
2023-10-08 16:27:18,844 [main] INFO  impl.MetricsSystemImpl (MetricsSystemImpl.java:init(158)) - OzoneManager metrics system started (again)
2023-10-08 16:27:18,856 [main] WARN  server.ServerUtils (ServerUtils.java:getDBPath(311)) - ozone.om.db.dirs is not configured. We recommend adding this setting. Falling back to ozone.metadata.dirs instead.
2023-10-08 16:27:18,857 [main] INFO  helpers.OmKeyInfo (OmKeyInfo.java:getCodec(71)) - OmKeyInfo.getCodec ignorePipeline = true
2023-10-08 16:27:18,936 [main] INFO  om.OzoneManager (OzoneManager.java:instantiateServices(800)) - S3 Multi-Tenancy is disabled
2023-10-08 16:27:18,937 [main] INFO  om.OmSnapshotManager (OmSnapshotManager.java:<init>(174)) - Ozone filesystem snapshot feature is enabled.
2023-10-08 16:27:18,937 [main] WARN  server.ServerUtils (ServerUtils.java:getDBPath(311)) - ozone.om.snapshot.diff.db.dir is not configured. We recommend adding this setting. Falling back to ozone.metadata.dirs instead.
2023-10-08 16:27:18,948 [main] INFO  snapshot.SnapshotDiffManager (SnapshotDiffManager.java:closeExecutorService(1720)) - Shutting down executorService: 'SstDumpToolExecutor'
2023-10-08 16:27:18,953 [main] WARN  server.ServerUtils (ServerUtils.java:getDefaultRatisDirectory(323)) - Storage directory for Ratis is not configured. It is a good idea to map this to an SSD disk. Falling back to ozone.metadata.dirs
2023-10-08 16:27:18,957 [main] INFO  ratis.OzoneManagerRatisServer (OzoneManagerRatisServer.java:<init>(164)) - Instantiating OM Ratis server with groupID: om-service-test1 and peers: localhost:15007, localhost:15015, localhost:15011
2023-10-08 16:27:18,958 [main] INFO  ratis.OzoneManagerStateMachine (OzoneManagerStateMachine.java:loadSnapshotInfoFromDB(691)) - LastAppliedIndex is set from TransactionInfo from OM DB as (t:1, i:0)
2023-10-08 16:27:18,958 [main] INFO  server.RaftServer (ConfUtils.java:logGet(46)) - raft.rpc.type = GRPC (default)
2023-10-08 16:27:18,959 [main] INFO  grpc.GrpcConfigKeys (ConfUtils.java:logFallback(53)) - raft.grpc.admin.host = null (fallback to raft.grpc.server.host)
2023-10-08 16:27:18,959 [main] INFO  grpc.GrpcConfigKeys (ConfUtils.java:logFallback(53)) - raft.grpc.admin.port = 15007 (fallback to raft.grpc.server.port)
2023-10-08 16:27:18,959 [main] INFO  grpc.GrpcConfigKeys (ConfUtils.java:logFallback(53)) - raft.grpc.client.host = null (fallback to raft.grpc.server.host)
2023-10-08 16:27:18,959 [main] INFO  grpc.GrpcConfigKeys (ConfUtils.java:logFallback(53)) - raft.grpc.client.port = 15007 (fallback to raft.grpc.server.port)
2023-10-08 16:27:18,959 [main] INFO  grpc.GrpcConfigKeys (ConfUtils.java:logGet(46)) - raft.grpc.server.host = null (default)
2023-10-08 16:27:18,959 [main] INFO  grpc.GrpcConfigKeys (ConfUtils.java:logGet(46)) - raft.grpc.server.port = 15007 (custom)
2023-10-08 16:27:18,959 [main] INFO  server.GrpcService (ConfUtils.java:logGet(46)) - raft.grpc.message.size.max = 33554432 (custom)
2023-10-08 16:27:18,960 [main] INFO  server.RaftServerConfigKeys (ConfUtils.java:logGet(46)) - raft.server.log.appender.buffer.byte-limit = 33554432 (custom)
2023-10-08 16:27:18,960 [main] INFO  server.GrpcService (ConfUtils.java:logGet(46)) - raft.grpc.flow.control.window = 1MB (=1048576) (default)
2023-10-08 16:27:18,960 [main] INFO  server.RaftServerConfigKeys (ConfUtils.java:logGet(46)) - raft.server.rpc.request.timeout = 3000ms (default)
2023-10-08 16:27:18,960 [main] INFO  grpc.GrpcConfigKeys (ConfUtils.java:logGet(46)) - raft.grpc.server.heartbeat.channel = true (default)
2023-10-08 16:27:18,960 [main] INFO  grpc.GrpcConfigKeys (ConfUtils.java:logGet(46)) - raft.grpc.server.async.request.thread.pool.cached = true (default)
2023-10-08 16:27:18,960 [main] INFO  grpc.GrpcConfigKeys (ConfUtils.java:logGet(46)) - raft.grpc.server.async.request.thread.pool.size = 32 (default)
2023-10-08 16:27:18,962 [main] INFO  impl.DataStreamServerImpl (ConfUtils.java:logGet(46)) - raft.datastream.type = DISABLED (default)
2023-10-08 16:27:18,962 [main] INFO  server.RaftServerConfigKeys (ConfUtils.java:logGet(46)) - raft.server.threadpool.proxy.cached = true (default)
2023-10-08 16:27:18,962 [main] INFO  server.RaftServerConfigKeys (ConfUtils.java:logGet(46)) - raft.server.threadpool.proxy.size = 0 (default)
2023-10-08 16:27:18,962 [main] INFO  server.RaftServerConfigKeys (ConfUtils.java:logGet(46)) - raft.server.rpc.slowness.timeout = 2s (custom)
2023-10-08 16:27:18,962 [main] INFO  server.RaftServerConfigKeys (ConfUtils.java:logGet(46)) - raft.server.leaderelection.leader.step-down.wait-time = 10s (default)
2023-10-08 16:27:18,962 [main] INFO  server.RaftServerConfigKeys (ConfUtils.java:logGet(46)) - raft.server.storage.dir = [/home/runner/work/ozone/ozone/hadoop-ozone/integration-test/target/test-dir/MiniOzoneClusterImpl-c8a21aad-f255-4385-b304-f7d4bfe38451/omNode-1/ratis] (custom)
2023-10-08 16:27:18,963 [omNode-1-impl-thread1] INFO  server.RaftServer (RaftServerProxy.java:initGroupDir(258)) - omNode-1: found a subdirectory /home/runner/work/ozone/ozone/hadoop-ozone/integration-test/target/test-dir/MiniOzoneClusterImpl-c8a21aad-f255-4385-b304-f7d4bfe38451/omNode-1/ratis/c9bc4cf4-3bc3-3c60-a66b-523986131536
2023-10-08 16:27:18,964 [main] INFO  server.RaftServer (RaftServerProxy.java:addNew(98)) - omNode-1: addNew group-523986131536:[omNode-3|rpc:localhost:15015|priority:0|startupRole:FOLLOWER, omNode-1|rpc:localhost:15007|priority:0|startupRole:FOLLOWER, omNode-2|rpc:localhost:15011|priority:0|startupRole:FOLLOWER] returns group-523986131536:java.util.concurrent.CompletableFuture@20a9bd6d[Not completed]
2023-10-08 16:27:18,964 [omNode-1-groupManagement] INFO  server.RaftServer$Division (RaftServerImpl.java:<init>(198)) - omNode-1: new RaftServerImpl for group-523986131536:[omNode-3|rpc:localhost:15015|priority:0|startupRole:FOLLOWER, omNode-1|rpc:localhost:15007|priority:0|startupRole:FOLLOWER, omNode-2|rpc:localhost:15011|priority:0|startupRole:FOLLOWER] with OzoneManagerStateMachine:uninitialized
2023-10-08 16:27:18,964 [main] INFO  om.OzoneManager (OzoneManager.java:initializeRatisServer(2149)) - OzoneManager Ratis server initialized at port 15007
2023-10-08 16:27:18,965 [main] INFO  ratis.OzoneManagerRatisServer (OzoneManagerRatisServer.java:start(559)) - Starting OzoneManagerRatisServer omNode-1 at port 15007
2023-10-08 16:27:18,965 [omNode-1-groupManagement] INFO  server.RaftServerConfigKeys (ConfUtils.java:logGet(46)) - raft.server.rpc.timeout.min = 1s (custom)
2023-10-08 16:27:18,965 [omNode-1-groupManagement] INFO  server.RaftServerConfigKeys (ConfUtils.java:logGet(46)) - raft.server.rpc.timeout.max = 1200ms (custom)
2023-10-08 16:27:18,965 [omNode-1-groupManagement] INFO  server.RaftServerConfigKeys (ConfUtils.java:logGet(46)) - raft.server.rpc.sleep.time = 25ms (default)
2023-10-08 16:27:18,965 [omNode-1-groupManagement] INFO  server.RaftServerConfigKeys (ConfUtils.java:logGet(46)) - raft.server.rpc.slowness.timeout = 2s (custom)
2023-10-08 16:27:18,965 [omNode-1-groupManagement] INFO  server.RaftServerConfigKeys (ConfUtils.java:logGet(46)) - raft.server.leaderelection.leader.step-down.wait-time = 10s (default)
2023-10-08 16:27:18,965 [omNode-1-groupManagement] INFO  server.RaftServerConfigKeys (ConfUtils.java:logGet(46)) - raft.server.sleep.deviation.threshold = 300ms (default)
2023-10-08 16:27:18,965 [omNode-1-groupManagement] INFO  server.RaftServer$Division (ServerState.java:<init>(120)) - omNode-1@group-523986131536: ConfigurationManager, init=-1: peers:[omNode-3|rpc:localhost:15015|priority:0|startupRole:FOLLOWER, omNode-1|rpc:localhost:15007|priority:0|startupRole:FOLLOWER, omNode-2|rpc:localhost:15011|priority:0|startupRole:FOLLOWER]|listeners:[], old=null, confs=<EMPTY_MAP>
2023-10-08 16:27:18,965 [omNode-1-groupManagement] INFO  server.RaftServerConfigKeys (ConfUtils.java:logGet(46)) - raft.server.storage.dir = [/home/runner/work/ozone/ozone/hadoop-ozone/integration-test/target/test-dir/MiniOzoneClusterImpl-c8a21aad-f255-4385-b304-f7d4bfe38451/omNode-1/ratis] (custom)
2023-10-08 16:27:18,965 [omNode-1-groupManagement] INFO  server.RaftServerConfigKeys (ConfUtils.java:logGet(46)) - raft.server.log.corruption.policy = EXCEPTION (default)
2023-10-08 16:27:18,965 [omNode-1-groupManagement] INFO  server.RaftServerConfigKeys (ConfUtils.java:logGet(46)) - raft.server.storage.free-space.min = 0MB (=0) (default)
2023-10-08 16:27:18,966 [omNode-1-groupManagement] INFO  server.RaftServerConfigKeys (ConfUtils.java:logGet(46)) - raft.server.notification.no-leader.timeout = 2s (custom)
2023-10-08 16:27:18,966 [omNode-1-groupManagement] INFO  server.RaftServerConfigKeys (ConfUtils.java:logGet(46)) - raft.server.read.timeout = 10s (default)
2023-10-08 16:27:18,966 [omNode-1-groupManagement] INFO  server.RaftServerConfigKeys (ConfUtils.java:logGet(46)) - raft.server.retrycache.expirytime = 30000ms (custom)
2023-10-08 16:27:18,966 [omNode-1-groupManagement] INFO  server.RaftServerConfigKeys (ConfUtils.java:logGet(46)) - raft.server.retrycache.statistics.expirytime = 100μs (default)
2023-10-08 16:27:18,966 [omNode-1-groupManagement] INFO  server.RaftServerConfigKeys (ConfUtils.java:logGet(46)) - raft.server.read.option = DEFAULT (default)
2023-10-08 16:27:18,967 [omNode-1-groupManagement] INFO  server.RaftServerConfigKeys (ConfUtils.java:logGet(46)) - raft.server.rpc.request.timeout = 3000ms (default)
2023-10-08 16:27:18,967 [omNode-1-groupManagement] INFO  server.RaftServerConfigKeys (ConfUtils.java:logGet(46)) - raft.server.log.appender.install.snapshot.enabled = false (custom)
2023-10-08 16:27:18,967 [omNode-1-groupManagement] INFO  server.RaftServerConfigKeys (ConfUtils.java:logGet(46)) - raft.server.threadpool.server.cached = true (default)
2023-10-08 16:27:18,967 [omNode-1-groupManagement] INFO  server.RaftServerConfigKeys (ConfUtils.java:logGet(46)) - raft.server.threadpool.server.size = 0 (default)
2023-10-08 16:27:18,967 [omNode-1-groupManagement] INFO  server.RaftServerConfigKeys (ConfUtils.java:logGet(46)) - raft.server.threadpool.client.cached = true (default)
2023-10-08 16:27:18,967 [omNode-1-groupManagement] INFO  server.RaftServerConfigKeys (ConfUtils.java:logGet(46)) - raft.server.threadpool.client.size = 0 (default)
2023-10-08 16:27:18,975 [omNode-1-impl-thread1] INFO  storage.RaftStorageDirectory (RaftStorageDirectoryImpl.java:tryLock(231)) - Lock on /home/runner/work/ozone/ozone/hadoop-ozone/integration-test/target/test-dir/MiniOzoneClusterImpl-c8a21aad-f255-4385-b304-f7d4bfe38451/omNode-1/ratis/c9bc4cf4-3bc3-3c60-a66b-523986131536/in_use.lock acquired by nodename 29017@fv-az550-77
2023-10-08 16:27:18,976 [omNode-1-impl-thread1] INFO  storage.RaftStorage (RaftStorageImpl.java:analyzeAndRecoverStorage(117)) - Read RaftStorageMetadata{term=1, votedFor=omNode-1} from /home/runner/work/ozone/ozone/hadoop-ozone/integration-test/target/test-dir/MiniOzoneClusterImpl-c8a21aad-f255-4385-b304-f7d4bfe38451/omNode-1/ratis/c9bc4cf4-3bc3-3c60-a66b-523986131536/current/raft-meta
2023-10-08 16:27:18,977 [omNode-1-impl-thread1] INFO  server.RaftServer$Division (ServerState.java:setRaftConf(434)) - omNode-1@group-523986131536: set configuration 0: peers:[omNode-3|rpc:localhost:15015|admin:|client:|dataStream:|priority:0|startupRole:FOLLOWER, omNode-1|rpc:localhost:15007|admin:|client:|dataStream:|priority:0|startupRole:FOLLOWER, omNode-2|rpc:localhost:15011|admin:|client:|dataStream:|priority:0|startupRole:FOLLOWER]|listeners:[], old=null
2023-10-08 16:27:18,977 [omNode-1-impl-thread1] INFO  server.RaftServerConfigKeys (ConfUtils.java:logGet(46)) - raft.server.log.use.memory = false (default)
2023-10-08 16:27:18,978 [omNode-1-impl-thread1] INFO  server.RaftServerConfigKeys (ConfUtils.java:logGet(46)) - raft.server.log.purge.gap = 50 (custom)
2023-10-08 16:27:18,978 [omNode-1-impl-thread1] INFO  server.RaftServerConfigKeys (ConfUtils.java:logGet(46)) - raft.server.log.appender.buffer.byte-limit = 33554432 (custom)
2023-10-08 16:27:18,978 [omNode-1-impl-thread1] INFO  server.RaftServerConfigKeys (ConfUtils.java:logGet(46)) - raft.server.log.statemachine.data.read.timeout = 1000ms (default)
2023-10-08 16:27:18,978 [omNode-1-impl-thread1] INFO  server.RaftServerConfigKeys (ConfUtils.java:logGet(46)) - raft.server.log.purge.preservation.log.num = 0 (default)
2023-10-08 16:27:18,978 [omNode-1-impl-thread1] INFO  server.RaftServerConfigKeys (ConfUtils.java:logGet(46)) - raft.server.log.segment.size.max = 4194304 (custom)
2023-10-08 16:27:18,978 [omNode-1-impl-thread1] INFO  server.RaftServerConfigKeys (ConfUtils.java:logGet(46)) - raft.server.log.segment.cache.num.max = 2 (custom)
2023-10-08 16:27:18,978 [omNode-1-impl-thread1] INFO  server.RaftServerConfigKeys (ConfUtils.java:logGet(46)) - raft.server.log.segment.cache.size.max = 200MB (=209715200) (default)
2023-10-08 16:27:18,978 [omNode-1-impl-thread1] INFO  server.RaftServerConfigKeys (ConfUtils.java:logGet(46)) - raft.server.log.appender.buffer.byte-limit = 33554432 (custom)
2023-10-08 16:27:18,979 [omNode-1-impl-thread1] INFO  segmented.SegmentedRaftLogWorker (SegmentedRaftLogWorker.java:<init>(188)) - new omNode-1@group-523986131536-SegmentedRaftLogWorker for RaftStorageImpl:Storage Directory /home/runner/work/ozone/ozone/hadoop-ozone/integration-test/target/test-dir/MiniOzoneClusterImpl-c8a21aad-f255-4385-b304-f7d4bfe38451/omNode-1/ratis/c9bc4cf4-3bc3-3c60-a66b-523986131536
2023-10-08 16:27:18,979 [omNode-1-impl-thread1] INFO  server.RaftServerConfigKeys (ConfUtils.java:logGet(46)) - raft.server.log.queue.byte-limit = 64MB (=67108864) (default)
2023-10-08 16:27:18,979 [omNode-1-impl-thread1] INFO  server.RaftServerConfigKeys (ConfUtils.java:logGet(46)) - raft.server.log.queue.element-limit = 4096 (default)
2023-10-08 16:27:18,979 [omNode-1-impl-thread1] INFO  server.RaftServerConfigKeys (ConfUtils.java:logGet(46)) - raft.server.log.segment.size.max = 4194304 (custom)
2023-10-08 16:27:18,979 [omNode-1-impl-thread1] INFO  server.RaftServerConfigKeys (ConfUtils.java:logGet(46)) - raft.server.log.preallocated.size = 4194304 (custom)
2023-10-08 16:27:18,979 [omNode-1-impl-thread1] INFO  server.RaftServerConfigKeys (ConfUtils.java:logGet(46)) - raft.server.log.force.sync.num = 128 (default)
2023-10-08 16:27:18,979 [omNode-1-impl-thread1] INFO  server.RaftServerConfigKeys (ConfUtils.java:logGet(46)) - raft.server.log.statemachine.data.sync = true (default)
2023-10-08 16:27:18,979 [omNode-1-impl-thread1] INFO  server.RaftServerConfigKeys (ConfUtils.java:logGet(46)) - raft.server.log.statemachine.data.sync.timeout = 10s (default)
2023-10-08 16:27:18,979 [omNode-1-impl-thread1] INFO  server.RaftServerConfigKeys (ConfUtils.java:logGet(46)) - raft.server.log.statemachine.data.sync.timeout.retry = -1 (default)
2023-10-08 16:27:18,979 [omNode-1-impl-thread1] INFO  server.RaftServerConfigKeys (ConfUtils.java:logGet(46)) - raft.server.log.write.buffer.size = 64KB (=65536) (default)
2023-10-08 16:27:18,980 [omNode-1-impl-thread1] INFO  server.RaftServerConfigKeys (ConfUtils.java:logGet(46)) - raft.server.log.appender.buffer.byte-limit = 33554432 (custom)
2023-10-08 16:27:18,984 [omNode-1-impl-thread1] INFO  server.RaftServerConfigKeys (ConfUtils.java:logGet(46)) - raft.server.log.unsafe-flush.enabled = false (default)
2023-10-08 16:27:18,984 [omNode-1-impl-thread1] INFO  server.RaftServerConfigKeys (ConfUtils.java:logGet(46)) - raft.server.log.async-flush.enabled = false (default)
2023-10-08 16:27:18,984 [omNode-1-impl-thread1] INFO  server.RaftServerConfigKeys (ConfUtils.java:logGet(46)) - raft.server.log.statemachine.data.caching.enabled = false (default)
2023-10-08 16:27:18,985 [omNode-1-impl-thread1] INFO  server.RaftServer$Division (ServerState.java:setRaftConf(434)) - omNode-1@group-523986131536: set configuration 0: peers:[omNode-3|rpc:localhost:15015|admin:|client:|dataStream:|priority:0|startupRole:FOLLOWER, omNode-1|rpc:localhost:15007|admin:|client:|dataStream:|priority:0|startupRole:FOLLOWER, omNode-2|rpc:localhost:15011|admin:|client:|dataStream:|priority:0|startupRole:FOLLOWER]|listeners:[], old=null
2023-10-08 16:27:18,986 [omNode-1-impl-thread1] INFO  segmented.LogSegment (LogSegment.java:loadSegment(170)) - Successfully read 1 entries from segment file /home/runner/work/ozone/ozone/hadoop-ozone/integration-test/target/test-dir/MiniOzoneClusterImpl-c8a21aad-f255-4385-b304-f7d4bfe38451/omNode-1/ratis/c9bc4cf4-3bc3-3c60-a66b-523986131536/current/log_inprogress_0
2023-10-08 16:27:18,987 [omNode-1-impl-thread1] INFO  segmented.SegmentedRaftLogWorker (SegmentedRaftLogWorker.java:lambda$new$0(135)) - omNode-1@group-523986131536-SegmentedRaftLogWorker: safeCacheEvictIndex: setUnconditionally 0 -> -1
2023-10-08 16:27:18,987 [omNode-1-impl-thread1] INFO  server.RaftServer$Division (RaftServerImpl.java:start(342)) - omNode-1@group-523986131536: start as a follower, conf=0: peers:[omNode-3|rpc:localhost:15015|admin:|client:|dataStream:|priority:0|startupRole:FOLLOWER, omNode-1|rpc:localhost:15007|admin:|client:|dataStream:|priority:0|startupRole:FOLLOWER, omNode-2|rpc:localhost:15011|admin:|client:|dataStream:|priority:0|startupRole:FOLLOWER]|listeners:[], old=null
2023-10-08 16:27:18,987 [omNode-1-impl-thread1] INFO  server.RaftServer$Division (RaftServerImpl.java:setRole(329)) - omNode-1@group-523986131536: changes role from      null to FOLLOWER at term 1 for startAsFollower
2023-10-08 16:27:18,987 [omNode-1-impl-thread1] INFO  impl.RoleInfo (RoleInfo.java:updateAndGet(139)) - omNode-1: start omNode-1@group-523986131536-FollowerState
2023-10-08 16:27:18,987 [omNode-1-impl-thread1] INFO  util.JmxRegister (JmxRegister.java:tryRegister(44)) - Successfully registered JMX Bean with object name Ratis:service=RaftServer,group=group-523986131536,id=omNode-1
2023-10-08 16:27:18,987 [omNode-1@group-523986131536-FollowerState] INFO  server.RaftServerConfigKeys (ConfUtils.java:logFallback(53)) - raft.server.rpc.first-election.timeout.min = 1s (fallback to raft.server.rpc.timeout.min)
2023-10-08 16:27:18,987 [omNode-1-impl-thread1] INFO  server.RaftServerConfigKeys (ConfUtils.java:logGet(46)) - raft.server.snapshot.auto.trigger.enabled = true (custom)
2023-10-08 16:27:18,988 [omNode-1@group-523986131536-FollowerState] INFO  server.RaftServerConfigKeys (ConfUtils.java:logFallback(53)) - raft.server.rpc.first-election.timeout.max = 1200ms (fallback to raft.server.rpc.timeout.max)
2023-10-08 16:27:18,988 [omNode-1-impl-thread1] INFO  server.RaftServerConfigKeys (ConfUtils.java:logGet(46)) - raft.server.snapshot.auto.trigger.threshold = 50 (custom)
2023-10-08 16:27:18,988 [omNode-1-impl-thread1] INFO  server.RaftServerConfigKeys (ConfUtils.java:logGet(46)) - raft.server.snapshot.retention.file.num = -1 (default)
2023-10-08 16:27:18,988 [omNode-1-impl-thread1] INFO  server.RaftServerConfigKeys (ConfUtils.java:logGet(46)) - raft.server.log.purge.upto.snapshot.index = true (custom)
2023-10-08 16:27:18,990 [main] INFO  server.RaftServer (RaftServerProxy.java:startImpl(400)) - omNode-1: start RPC server
2023-10-08 16:27:18,997 [main] INFO  server.GrpcService (GrpcService.java:startImpl(302)) - omNode-1: GrpcService started, listening on 15007
2023-10-08 16:27:18,997 [main] INFO  om.OzoneManager (OzoneManager.java:getRpcServer(1202)) - Creating RPC Server
2023-10-08 16:27:18,997 [JvmPauseMonitor8] INFO  util.JvmPauseMonitor (JvmPauseMonitor.java:run(103)) - JvmPauseMonitor-omNode-1: Started
2023-10-08 16:27:19,041 [omNode-2@group-523986131536-FollowerState] INFO  impl.FollowerState (FollowerState.java:run(143)) - omNode-2@group-523986131536-FollowerState: change to CANDIDATE, lastRpcElapsedTime:1173811888ns, electionTimeout:1153ms
2023-10-08 16:27:19,042 [omNode-2@group-523986131536-FollowerState] INFO  impl.RoleInfo (RoleInfo.java:shutdownFollowerState(110)) - omNode-2: shutdown omNode-2@group-523986131536-FollowerState
2023-10-08 16:27:19,042 [omNode-2@group-523986131536-FollowerState] INFO  server.RaftServer$Division (RaftServerImpl.java:setRole(329)) - omNode-2@group-523986131536: changes role from  FOLLOWER to CANDIDATE at term 1 for changeToCandidate
2023-10-08 16:27:19,042 [omNode-2@group-523986131536-FollowerState] INFO  server.RaftServerConfigKeys (ConfUtils.java:logGet(46)) - raft.server.leaderelection.pre-vote = true (default)
2023-10-08 16:27:19,042 [omNode-2@group-523986131536-FollowerState] INFO  impl.RoleInfo (RoleInfo.java:updateAndGet(139)) - omNode-2: start omNode-2@group-523986131536-LeaderElection8
2023-10-08 16:27:19,050 [omNode-2@group-523986131536-LeaderElection8] INFO  server.RaftServer$Division (ServerState.java:setLeader(317)) - omNode-2@group-523986131536: change Leader from omNode-1 to null at term 1 for PRE_VOTE
2023-10-08 16:27:19,050 [omNode-2@group-523986131536-LeaderElection8] INFO  impl.LeaderElection (LeaderElection.java:askForVotes(321)) - omNode-2@group-523986131536-LeaderElection8 PRE_VOTE round 0: submit vote requests at term 1 for 0: peers:[omNode-3|rpc:localhost:15015|admin:|client:|dataStream:|priority:0|startupRole:FOLLOWER, omNode-1|rpc:localhost:15007|admin:|client:|dataStream:|priority:0|startupRole:FOLLOWER, omNode-2|rpc:localhost:15011|admin:|client:|dataStream:|priority:0|startupRole:FOLLOWER]|listeners:[], old=null
2023-10-08 16:27:19,056 [omNode-2@group-523986131536-LeaderElection8-1] INFO  server.GrpcServerProtocolClient (GrpcServerProtocolClient.java:<init>(65)) - Build channel for omNode-3
2023-10-08 16:27:19,064 [omNode-2@group-523986131536-LeaderElection8-2] INFO  server.GrpcServerProtocolClient (GrpcServerProtocolClient.java:<init>(65)) - Build channel for omNode-1
2023-10-08 16:27:19,076 [grpc-default-executor-5] INFO  server.RaftServer$Division (RaftServerImpl.java:requestVote(1302)) - omNode-3@group-523986131536: receive requestVote(PRE_VOTE, omNode-2, group-523986131536, 1, (t:1, i:0))
2023-10-08 16:27:19,077 [grpc-default-executor-5] INFO  impl.VoteContext (VoteContext.java:log(49)) - omNode-3@group-523986131536-FOLLOWER: accept PRE_VOTE from omNode-2: our priority 0 <= candidate's priority 0
2023-10-08 16:27:19,077 [grpc-default-executor-5] INFO  server.RaftServer$Division (RaftServerImpl.java:requestVote(1335)) - omNode-3@group-523986131536 replies to PRE_VOTE vote request: omNode-2<-omNode-3#0:OK-t1. Peer's state: omNode-3@group-523986131536:t1, leader=omNode-1, voted=, raftlog=Memoized:omNode-3@group-523986131536-SegmentedRaftLog:OPENED:c0, conf=0: peers:[omNode-3|rpc:localhost:15015|admin:|client:|dataStream:|priority:0|startupRole:FOLLOWER, omNode-1|rpc:localhost:15007|admin:|client:|dataStream:|priority:0|startupRole:FOLLOWER, omNode-2|rpc:localhost:15011|admin:|client:|dataStream:|priority:0|startupRole:FOLLOWER]|listeners:[], old=null
2023-10-08 16:27:19,085 [omNode-2@group-523986131536-LeaderElection8] INFO  impl.LeaderElection (LeaderElection.java:logAndReturn(90)) - omNode-2@group-523986131536-LeaderElection8: PRE_VOTE PASSED received 1 response(s) and 0 exception(s):
2023-10-08 16:27:19,085 [omNode-2@group-523986131536-LeaderElection8] INFO  impl.LeaderElection (LeaderElection.java:logAndReturn(94)) -   Response 0: omNode-2<-omNode-3#0:OK-t1
2023-10-08 16:27:19,085 [omNode-2@group-523986131536-LeaderElection8] INFO  impl.LeaderElection (LeaderElection.java:askForVotes(323)) - omNode-2@group-523986131536-LeaderElection8 PRE_VOTE round 0: result PASSED
2023-10-08 16:27:19,087 [omNode-2@group-523986131536-LeaderElection8] INFO  impl.LeaderElection (LeaderElection.java:askForVotes(321)) - omNode-2@group-523986131536-LeaderElection8 ELECTION round 0: submit vote requests at term 2 for 0: peers:[omNode-3|rpc:localhost:15015|admin:|client:|dataStream:|priority:0|startupRole:FOLLOWER, omNode-1|rpc:localhost:15007|admin:|client:|dataStream:|priority:0|startupRole:FOLLOWER, omNode-2|rpc:localhost:15011|admin:|client:|dataStream:|priority:0|startupRole:FOLLOWER]|listeners:[], old=null
2023-10-08 16:27:19,092 [grpc-default-executor-5] INFO  server.RaftServer$Division (RaftServerImpl.java:requestVote(1302)) - omNode-1@group-523986131536: receive requestVote(PRE_VOTE, omNode-2, group-523986131536, 1, (t:1, i:0))
2023-10-08 16:27:19,092 [grpc-default-executor-5] INFO  impl.VoteContext (VoteContext.java:log(49)) - omNode-1@group-523986131536-FOLLOWER: accept PRE_VOTE from omNode-2: our priority 0 <= candidate's priority 0
2023-10-08 16:27:19,092 [grpc-default-executor-5] INFO  server.RaftServer$Division (RaftServerImpl.java:requestVote(1335)) - omNode-1@group-523986131536 replies to PRE_VOTE vote request: omNode-2<-omNode-1#0:OK-t1. Peer's state: omNode-1@group-523986131536:t1, leader=null, voted=omNode-1, raftlog=Memoized:omNode-1@group-523986131536-SegmentedRaftLog:OPENED:c0, conf=0: peers:[omNode-3|rpc:localhost:15015|admin:|client:|dataStream:|priority:0|startupRole:FOLLOWER, omNode-1|rpc:localhost:15007|admin:|client:|dataStream:|priority:0|startupRole:FOLLOWER, omNode-2|rpc:localhost:15011|admin:|client:|dataStream:|priority:0|startupRole:FOLLOWER]|listeners:[], old=null
2023-10-08 16:27:19,092 [grpc-default-executor-1] INFO  server.RaftServer$Division (RaftServerImpl.java:requestVote(1302)) - omNode-3@group-523986131536: receive requestVote(ELECTION, omNode-2, group-523986131536, 2, (t:1, i:0))
2023-10-08 16:27:19,094 [grpc-default-executor-1] INFO  impl.VoteContext (VoteContext.java:log(49)) - omNode-3@group-523986131536-FOLLOWER: accept ELECTION from omNode-2: our priority 0 <= candidate's priority 0
2023-10-08 16:27:19,094 [grpc-default-executor-1] INFO  server.RaftServer$Division (ServerState.java:setLeader(317)) - omNode-3@group-523986131536: change Leader from omNode-1 to null at term 2 for updateCurrentTerm
2023-10-08 16:27:19,094 [grpc-default-executor-1] INFO  server.RaftServer$Division (RaftServerImpl.java:setRole(329)) - omNode-3@group-523986131536: changes role from  FOLLOWER to FOLLOWER at term 2 for candidate:omNode-2
2023-10-08 16:27:19,094 [grpc-default-executor-1] INFO  impl.RoleInfo (RoleInfo.java:shutdownFollowerState(110)) - omNode-3: shutdown omNode-3@group-523986131536-FollowerState
2023-10-08 16:27:19,094 [grpc-default-executor-1] INFO  impl.RoleInfo (RoleInfo.java:updateAndGet(139)) - omNode-3: start omNode-3@group-523986131536-FollowerState
2023-10-08 16:27:19,094 [omNode-3@group-523986131536-FollowerState] INFO  impl.FollowerState (FollowerState.java:run(152)) - omNode-3@group-523986131536-FollowerState was interrupted
2023-10-08 16:27:19,096 [grpc-default-executor-1] INFO  server.RaftServer$Division (RaftServerImpl.java:requestVote(1335)) - omNode-3@group-523986131536 replies to ELECTION vote request: omNode-2<-omNode-3#0:OK-t2. Peer's state: omNode-3@group-523986131536:t2, leader=null, voted=omNode-2, raftlog=Memoized:omNode-3@group-523986131536-SegmentedRaftLog:OPENED:c0, conf=0: peers:[omNode-3|rpc:localhost:15015|admin:|client:|dataStream:|priority:0|startupRole:FOLLOWER, omNode-1|rpc:localhost:15007|admin:|client:|dataStream:|priority:0|startupRole:FOLLOWER, omNode-2|rpc:localhost:15011|admin:|client:|dataStream:|priority:0|startupRole:FOLLOWER]|listeners:[], old=null
2023-10-08 16:27:19,097 [grpc-default-executor-5] INFO  server.RaftServer$Division (RaftServerImpl.java:requestVote(1302)) - omNode-1@group-523986131536: receive requestVote(ELECTION, omNode-2, group-523986131536, 2, (t:1, i:0))
2023-10-08 16:27:19,097 [grpc-default-executor-5] INFO  impl.VoteContext (VoteContext.java:log(49)) - omNode-1@group-523986131536-FOLLOWER: accept ELECTION from omNode-2: our priority 0 <= candidate's priority 0
2023-10-08 16:27:19,097 [grpc-default-executor-5] INFO  server.RaftServer$Division (RaftServerImpl.java:setRole(329)) - omNode-1@group-523986131536: changes role from  FOLLOWER to FOLLOWER at term 2 for candidate:omNode-2
2023-10-08 16:27:19,097 [grpc-default-executor-5] INFO  impl.RoleInfo (RoleInfo.java:shutdownFollowerState(110)) - omNode-1: shutdown omNode-1@group-523986131536-FollowerState
2023-10-08 16:27:19,097 [grpc-default-executor-5] INFO  impl.RoleInfo (RoleInfo.java:updateAndGet(139)) - omNode-1: start omNode-1@group-523986131536-FollowerState
2023-10-08 16:27:19,099 [omNode-1@group-523986131536-FollowerState] INFO  impl.FollowerState (FollowerState.java:run(152)) - omNode-1@group-523986131536-FollowerState was interrupted
2023-10-08 16:27:19,108 [omNode-2@group-523986131536-LeaderElection8] INFO  impl.LeaderElection (LeaderElection.java:logAndReturn(90)) - omNode-2@group-523986131536-LeaderElection8: ELECTION PASSED received 1 response(s) and 0 exception(s):
2023-10-08 16:27:19,109 [omNode-2@group-523986131536-LeaderElection8] INFO  impl.LeaderElection (LeaderElection.java:logAndReturn(94)) -   Response 0: omNode-2<-omNode-3#0:OK-t2
2023-10-08 16:27:19,109 [omNode-2@group-523986131536-LeaderElection8] INFO  impl.LeaderElection (LeaderElection.java:askForVotes(323)) - omNode-2@group-523986131536-LeaderElection8 ELECTION round 0: result PASSED
2023-10-08 16:27:19,109 [omNode-2@group-523986131536-LeaderElection8] INFO  impl.RoleInfo (RoleInfo.java:shutdownLeaderElection(130)) - omNode-2: shutdown omNode-2@group-523986131536-LeaderElection8
2023-10-08 16:27:19,109 [omNode-2@group-523986131536-LeaderElection8] INFO  server.RaftServer$Division (RaftServerImpl.java:setRole(329)) - omNode-2@group-523986131536: changes role from CANDIDATE to LEADER at term 2 for changeToLeader
2023-10-08 16:27:19,109 [omNode-2@group-523986131536-LeaderElection8] INFO  server.RaftServer$Division (ServerState.java:setLeader(317)) - omNode-2@group-523986131536: change Leader from null to omNode-2 at term 2 for becomeLeader, leader elected after 59ms
2023-10-08 16:27:19,109 [omNode-2@group-523986131536-LeaderElection8] INFO  server.RaftServerConfigKeys (ConfUtils.java:logGet(46)) - raft.server.staging.catchup.gap = 1000 (default)
2023-10-08 16:27:19,109 [omNode-2@group-523986131536-LeaderElection8] INFO  server.RaftServerConfigKeys (ConfUtils.java:logGet(46)) - raft.server.write.element-limit = 4096 (default)
2023-10-08 16:27:19,109 [omNode-2@group-523986131536-LeaderElection8] INFO  server.RaftServerConfigKeys (ConfUtils.java:logGet(46)) - raft.server.write.byte-limit = 64MB (=67108864) (default)
2023-10-08 16:27:19,110 [omNode-2@group-523986131536-LeaderElection8] INFO  server.RaftServerConfigKeys (ConfUtils.java:logGet(46)) - raft.server.watch.timeout = 10s (default)
2023-10-08 16:27:19,110 [omNode-2@group-523986131536-LeaderElection8] INFO  server.RaftServerConfigKeys (ConfUtils.java:logGet(46)) - raft.server.watch.timeout.denomination = 1s (default)
2023-10-08 16:27:19,110 [omNode-2@group-523986131536-LeaderElection8] INFO  server.RaftServerConfigKeys (ConfUtils.java:logGet(46)) - raft.server.watch.element-limit = 65536 (default)
2023-10-08 16:27:19,110 [omNode-2@group-523986131536-LeaderElection8] INFO  server.RaftServerConfigKeys (ConfUtils.java:logGet(46)) - raft.server.write.element-limit = 4096 (default)
2023-10-08 16:27:19,110 [omNode-2@group-523986131536-LeaderElection8] INFO  server.RaftServerConfigKeys (ConfUtils.java:logGet(46)) - raft.server.write.follower.gap.ratio.max = -1.0 (default)
2023-10-08 16:27:19,110 [omNode-2@group-523986131536-LeaderElection8] INFO  server.RaftServerConfigKeys (ConfUtils.java:logGet(46)) - raft.server.log.appender.snapshot.chunk.size.max = 16MB (=16777216) (default)
2023-10-08 16:27:19,110 [omNode-2@group-523986131536-LeaderElection8] INFO  server.RaftServerConfigKeys (ConfUtils.java:logGet(46)) - raft.server.log.appender.buffer.byte-limit = 33554432 (custom)
2023-10-08 16:27:19,110 [omNode-2@group-523986131536-LeaderElection8] INFO  server.RaftServerConfigKeys (ConfUtils.java:logGet(46)) - raft.server.log.appender.buffer.element-limit = 1024 (custom)
2023-10-08 16:27:19,111 [omNode-2@group-523986131536-LeaderElection8] INFO  server.RaftServerConfigKeys (ConfUtils.java:logGet(46)) - raft.server.log.appender.wait-time.min = 0ms (custom)
2023-10-08 16:27:19,195 [omNode-2@group-523986131536-LeaderElection8] INFO  grpc.GrpcConfigKeys (ConfUtils.java:logGet(46)) - raft.grpc.server.leader.outstanding.appends.max = 128 (default)
2023-10-08 16:27:19,196 [omNode-2@group-523986131536-LeaderElection8] INFO  server.RaftServerConfigKeys (ConfUtils.java:logGet(46)) - raft.server.rpc.request.timeout = 3000ms (default)
2023-10-08 16:27:19,196 [omNode-2@group-523986131536-LeaderElection8] INFO  grpc.GrpcConfigKeys (ConfUtils.java:logGet(46)) - raft.grpc.server.install_snapshot.request.element-limit = 8 (default)
2023-10-08 16:27:19,196 [omNode-2@group-523986131536-LeaderElection8] INFO  grpc.GrpcConfigKeys (ConfUtils.java:logGet(46)) - raft.grpc.server.install_snapshot.request.timeout = 3000ms (default)
2023-10-08 16:27:19,196 [omNode-2@group-523986131536-LeaderElection8] INFO  server.RaftServerConfigKeys (ConfUtils.java:logGet(46)) - raft.server.log.appender.install.snapshot.enabled = false (custom)
2023-10-08 16:27:19,196 [omNode-2@group-523986131536-LeaderElection8] INFO  grpc.GrpcConfigKeys (ConfUtils.java:logGet(46)) - raft.grpc.server.heartbeat.channel = true (default)
2023-10-08 16:27:19,197 [omNode-2@group-523986131536-LeaderElection8] INFO  server.RaftServerConfigKeys (ConfUtils.java:logGet(46)) - raft.server.log.appender.snapshot.chunk.size.max = 16MB (=16777216) (default)
2023-10-08 16:27:19,197 [omNode-2@group-523986131536-LeaderElection8] INFO  server.RaftServerConfigKeys (ConfUtils.java:logGet(46)) - raft.server.log.appender.buffer.byte-limit = 33554432 (custom)
2023-10-08 16:27:19,197 [omNode-2@group-523986131536-LeaderElection8] INFO  server.RaftServerConfigKeys (ConfUtils.java:logGet(46)) - raft.server.log.appender.buffer.element-limit = 1024 (custom)
2023-10-08 16:27:19,197 [omNode-2@group-523986131536-LeaderElection8] INFO  server.RaftServerConfigKeys (ConfUtils.java:logGet(46)) - raft.server.log.appender.wait-time.min = 0ms (custom)
2023-10-08 16:27:19,197 [omNode-2@group-523986131536-LeaderElection8] INFO  grpc.GrpcConfigKeys (ConfUtils.java:logGet(46)) - raft.grpc.server.leader.outstanding.appends.max = 128 (default)
2023-10-08 16:27:19,197 [omNode-2@group-523986131536-LeaderElection8] INFO  server.RaftServerConfigKeys (ConfUtils.java:logGet(46)) - raft.server.rpc.request.timeout = 3000ms (default)
2023-10-08 16:27:19,197 [omNode-2@group-523986131536-LeaderElection8] INFO  grpc.GrpcConfigKeys (ConfUtils.java:logGet(46)) - raft.grpc.server.install_snapshot.request.element-limit = 8 (default)
2023-10-08 16:27:19,197 [omNode-2@group-523986131536-LeaderElection8] INFO  grpc.GrpcConfigKeys (ConfUtils.java:logGet(46)) - raft.grpc.server.install_snapshot.request.timeout = 3000ms (default)
2023-10-08 16:27:19,197 [omNode-2@group-523986131536-LeaderElection8] INFO  server.RaftServerConfigKeys (ConfUtils.java:logGet(46)) - raft.server.log.appender.install.snapshot.enabled = false (custom)
2023-10-08 16:27:19,197 [omNode-2@group-523986131536-LeaderElection8] INFO  grpc.GrpcConfigKeys (ConfUtils.java:logGet(46)) - raft.grpc.server.heartbeat.channel = true (default)
2023-10-08 16:27:19,197 [omNode-2@group-523986131536-LeaderElection8] INFO  impl.RoleInfo (RoleInfo.java:updateAndGet(139)) - omNode-2: start omNode-2@group-523986131536-LeaderStateImpl
2023-10-08 16:27:19,198 [omNode-2@group-523986131536-LeaderElection8] INFO  segmented.SegmentedRaftLogWorker (SegmentedRaftLogWorker.java:rollLogSegment(452)) - omNode-2@group-523986131536-SegmentedRaftLogWorker: Rolling segment log-0_0 to index:0
2023-10-08 16:27:19,189 [grpc-default-executor-5] INFO  server.RaftServer$Division (RaftServerImpl.java:requestVote(1335)) - omNode-1@group-523986131536 replies to ELECTION vote request: omNode-2<-omNode-1#0:OK-t2. Peer's state: omNode-1@group-523986131536:t2, leader=null, voted=omNode-2, raftlog=Memoized:omNode-1@group-523986131536-SegmentedRaftLog:OPENED:c0, conf=0: peers:[omNode-3|rpc:localhost:15015|admin:|client:|dataStream:|priority:0|startupRole:FOLLOWER, omNode-1|rpc:localhost:15007|admin:|client:|dataStream:|priority:0|startupRole:FOLLOWER, omNode-2|rpc:localhost:15011|admin:|client:|dataStream:|priority:0|startupRole:FOLLOWER]|listeners:[], old=null
2023-10-08 16:27:19,201 [omNode-2@group-523986131536-SegmentedRaftLogWorker] INFO  segmented.SegmentedRaftLogWorker (SegmentedRaftLogWorker.java:execute(608)) - omNode-2@group-523986131536-SegmentedRaftLogWorker: Rolled log segment from /home/runner/work/ozone/ozone/hadoop-ozone/integration-test/target/test-dir/MiniOzoneClusterImpl-c8a21aad-f255-4385-b304-f7d4bfe38451/omNode-2/ratis/c9bc4cf4-3bc3-3c60-a66b-523986131536/current/log_inprogress_0 to /home/runner/work/ozone/ozone/hadoop-ozone/integration-test/target/test-dir/MiniOzoneClusterImpl-c8a21aad-f255-4385-b304-f7d4bfe38451/omNode-2/ratis/c9bc4cf4-3bc3-3c60-a66b-523986131536/current/log_0-0
2023-10-08 16:27:19,216 [omNode-2@group-523986131536-SegmentedRaftLogWorker] INFO  segmented.SegmentedRaftLogWorker (SegmentedRaftLogWorker.java:execute(651)) - omNode-2@group-523986131536-SegmentedRaftLogWorker: created new log segment /home/runner/work/ozone/ozone/hadoop-ozone/integration-test/target/test-dir/MiniOzoneClusterImpl-c8a21aad-f255-4385-b304-f7d4bfe38451/omNode-2/ratis/c9bc4cf4-3bc3-3c60-a66b-523986131536/current/log_inprogress_1
2023-10-08 16:27:19,224 [omNode-2@group-523986131536-LeaderElection8] INFO  server.RaftServer$Division (ServerState.java:setRaftConf(434)) - omNode-2@group-523986131536: set configuration 1: peers:[omNode-3|rpc:localhost:15015|admin:|client:|dataStream:|priority:0|startupRole:FOLLOWER, omNode-1|rpc:localhost:15007|admin:|client:|dataStream:|priority:0|startupRole:FOLLOWER, omNode-2|rpc:localhost:15011|admin:|client:|dataStream:|priority:0|startupRole:FOLLOWER]|listeners:[], old=null
2023-10-08 16:27:19,244 [omNode-3-server-thread2] INFO  server.RaftServer$Division (ServerState.java:setLeader(317)) - omNode-3@group-523986131536: change Leader from null to omNode-2 at term 2 for appendEntries, leader elected after 145ms
2023-10-08 16:27:19,244 [omNode-3-server-thread2] INFO  server.RaftServer$Division (ServerState.java:setRaftConf(434)) - omNode-3@group-523986131536: set configuration 1: peers:[omNode-3|rpc:localhost:15015|admin:|client:|dataStream:|priority:0|startupRole:FOLLOWER, omNode-1|rpc:localhost:15007|admin:|client:|dataStream:|priority:0|startupRole:FOLLOWER, omNode-2|rpc:localhost:15011|admin:|client:|dataStream:|priority:0|startupRole:FOLLOWER]|listeners:[], old=null
2023-10-08 16:27:19,245 [omNode-3-server-thread2] INFO  segmented.SegmentedRaftLogWorker (SegmentedRaftLogWorker.java:rollLogSegment(452)) - omNode-3@group-523986131536-SegmentedRaftLogWorker: Rolling segment log-0_0 to index:0
2023-10-08 16:27:19,249 [omNode-3@group-523986131536-SegmentedRaftLogWorker] INFO  segmented.SegmentedRaftLogWorker (SegmentedRaftLogWorker.java:execute(608)) - omNode-3@group-523986131536-SegmentedRaftLogWorker: Rolled log segment from /home/runner/work/ozone/ozone/hadoop-ozone/integration-test/target/test-dir/MiniOzoneClusterImpl-c8a21aad-f255-4385-b304-f7d4bfe38451/omNode-3/ratis/c9bc4cf4-3bc3-3c60-a66b-523986131536/current/log_inprogress_0 to /home/runner/work/ozone/ozone/hadoop-ozone/integration-test/target/test-dir/MiniOzoneClusterImpl-c8a21aad-f255-4385-b304-f7d4bfe38451/omNode-3/ratis/c9bc4cf4-3bc3-3c60-a66b-523986131536/current/log_0-0
2023-10-08 16:27:19,264 [omNode-3@group-523986131536-SegmentedRaftLogWorker] INFO  segmented.SegmentedRaftLogWorker (SegmentedRaftLogWorker.java:execute(651)) - omNode-3@group-523986131536-SegmentedRaftLogWorker: created new log segment /home/runner/work/ozone/ozone/hadoop-ozone/integration-test/target/test-dir/MiniOzoneClusterImpl-c8a21aad-f255-4385-b304-f7d4bfe38451/omNode-3/ratis/c9bc4cf4-3bc3-3c60-a66b-523986131536/current/log_inprogress_1
2023-10-08 16:27:19,277 [omNode-2@group-523986131536-StateMachineUpdater] INFO  ratis.OzoneManagerStateMachine (OzoneManagerStateMachine.java:notifyConfigurationChanged(202)) - Received Configuration change notification from Ratis. New Peer list:
[id: "omNode-3"
address: "localhost:15015"
startupRole: FOLLOWER
, id: "omNode-1"
address: "localhost:15007"
startupRole: FOLLOWER
, id: "omNode-2"
address: "localhost:15011"
startupRole: FOLLOWER
]
2023-10-08 16:27:19,280 [omNode-1-server-thread1] INFO  server.RaftServer$Division (ServerState.java:setLeader(317)) - omNode-1@group-523986131536: change Leader from null to omNode-2 at term 2 for appendEntries, leader elected after 313ms
2023-10-08 16:27:19,280 [omNode-1-server-thread1] INFO  server.RaftServer$Division (ServerState.java:setRaftConf(434)) - omNode-1@group-523986131536: set configuration 1: peers:[omNode-3|rpc:localhost:15015|admin:|client:|dataStream:|priority:0|startupRole:FOLLOWER, omNode-1|rpc:localhost:15007|admin:|client:|dataStream:|priority:0|startupRole:FOLLOWER, omNode-2|rpc:localhost:15011|admin:|client:|dataStream:|priority:0|startupRole:FOLLOWER]|listeners:[], old=null
2023-10-08 16:27:19,281 [omNode-1-server-thread1] INFO  segmented.SegmentedRaftLogWorker (SegmentedRaftLogWorker.java:rollLogSegment(452)) - omNode-1@group-523986131536-SegmentedRaftLogWorker: Rolling segment log-0_0 to index:0
2023-10-08 16:27:19,282 [omNode-1@group-523986131536-SegmentedRaftLogWorker] INFO  segmented.SegmentedRaftLogWorker (SegmentedRaftLogWorker.java:execute(608)) - omNode-1@group-523986131536-SegmentedRaftLogWorker: Rolled log segment from /home/runner/work/ozone/ozone/hadoop-ozone/integration-test/target/test-dir/MiniOzoneClusterImpl-c8a21aad-f255-4385-b304-f7d4bfe38451/omNode-1/ratis/c9bc4cf4-3bc3-3c60-a66b-523986131536/current/log_inprogress_0 to /home/runner/work/ozone/ozone/hadoop-ozone/integration-test/target/test-dir/MiniOzoneClusterImpl-c8a21aad-f255-4385-b304-f7d4bfe38451/omNode-1/ratis/c9bc4cf4-3bc3-3c60-a66b-523986131536/current/log_0-0
2023-10-08 16:27:19,294 [omNode-3@group-523986131536-StateMachineUpdater] INFO  ratis.OzoneManagerStateMachine (OzoneManagerStateMachine.java:notifyConfigurationChanged(202)) - Received Configuration change notification from Ratis. New Peer list:
[id: "omNode-3"
address: "localhost:15015"
startupRole: FOLLOWER
, id: "omNode-1"
address: "localhost:15007"
startupRole: FOLLOWER
, id: "omNode-2"
address: "localhost:15011"
startupRole: FOLLOWER
]
2023-10-08 16:27:19,297 [omNode-1@group-523986131536-SegmentedRaftLogWorker] INFO  segmented.SegmentedRaftLogWorker (SegmentedRaftLogWorker.java:execute(651)) - omNode-1@group-523986131536-SegmentedRaftLogWorker: created new log segment /home/runner/work/ozone/ozone/hadoop-ozone/integration-test/target/test-dir/MiniOzoneClusterImpl-c8a21aad-f255-4385-b304-f7d4bfe38451/omNode-1/ratis/c9bc4cf4-3bc3-3c60-a66b-523986131536/current/log_inprogress_1
2023-10-08 16:27:19,298 [omNode-1@group-523986131536-StateMachineUpdater] INFO  ratis.OzoneManagerStateMachine (OzoneManagerStateMachine.java:notifyConfigurationChanged(202)) - Received Configuration change notification from Ratis. New Peer list:
[id: "omNode-3"
address: "localhost:15015"
startupRole: FOLLOWER
, id: "omNode-1"
address: "localhost:15007"
startupRole: FOLLOWER
, id: "omNode-2"
address: "localhost:15011"
startupRole: FOLLOWER
]
2023-10-08 16:27:19,581 [main] INFO  reflections.Reflections (Reflections.java:scan(232)) - Reflections took 582 ms to scan 20 urls, producing 71 keys and 6072 values [using 2 cores]
2023-10-08 16:27:19,583 [main] INFO  ipc.CallQueueManager (CallQueueManager.java:<init>(90)) - Using callQueue: class java.util.concurrent.LinkedBlockingQueue, queueCapacity: 2000, scheduler: class org.apache.hadoop.ipc.DefaultRpcScheduler, ipcBackoff: false.
2023-10-08 16:27:19,583 [main] INFO  ipc.Server (Server.java:<init>(1287)) - Listener at localhost:15004
2023-10-08 16:27:19,584 [Socket Reader #1 for port 15004] INFO  ipc.Server (Server.java:run(1323)) - Starting Socket Reader #1 for port 15004
2023-10-08 16:27:19,589 [main] INFO  http.BaseHttpServer (BaseHttpServer.java:newHttpServer2BuilderForOzone(223)) - Starting Web-server for ozoneManager at: http://0.0.0.0:15005
2023-10-08 16:27:19,589 [main] INFO  http.BaseHttpServer (BaseHttpServer.java:<init>(110)) - Hadoop Security Enabled: false Ozone Security Enabled: false Ozone HTTP Security Enabled: false 
2023-10-08 16:27:19,591 [main] WARN  server.AuthenticationFilter (AuthenticationFilter.java:constructSecretProvider(240)) - Unable to initialize FileSignerSecretProvider, falling back to use random secrets. Reason: Could not read signature secret file: /home/runner/hadoop-http-auth-signature-secret
2023-10-08 16:27:19,591 [main] INFO  http.HttpRequestLog (HttpRequestLog.java:getRequestLog(86)) - Http request log for http.requests.ozoneManager is not defined
2023-10-08 16:27:19,593 [main] INFO  http.HttpServer2 (HttpServer2.java:addGlobalFilter(1031)) - Added global filter 'safety' (class=org.apache.hadoop.hdds.server.http.HttpServer2$QuotingInputFilter)
2023-10-08 16:27:19,594 [main] INFO  http.HttpServer2 (HttpServer2.java:addFilter(1007)) - Added filter static_user_filter (class=org.apache.hadoop.http.lib.StaticUserWebFilter$StaticUserFilter) to context ozoneManager
2023-10-08 16:27:19,594 [main] INFO  http.HttpServer2 (HttpServer2.java:addFilter(1015)) - Added filter static_user_filter (class=org.apache.hadoop.http.lib.StaticUserWebFilter$StaticUserFilter) to context static
2023-10-08 16:27:19,594 [main] INFO  http.HttpServer2 (HttpServer2.java:addFilter(1015)) - Added filter static_user_filter (class=org.apache.hadoop.http.lib.StaticUserWebFilter$StaticUserFilter) to context logs
2023-10-08 16:27:19,595 [main] INFO  http.BaseHttpServer (BaseHttpServer.java:<init>(189)) - HTTP server of ozoneManager uses base directory /home/runner/work/ozone/ozone/hadoop-ozone/integration-test/target/test-dir/MiniOzoneClusterImpl-c8a21aad-f255-4385-b304-f7d4bfe38451/omNode-1/webserver
2023-10-08 16:27:19,595 [main] INFO  http.HttpServer2 (HttpServer2.java:bindListener(1231)) - Jetty bound to port 15005
2023-10-08 16:27:19,595 [main] INFO  server.Server (Server.java:doStart(375)) - jetty-9.4.52.v20230823; built: 2023-08-23T19:29:37.669Z; git: abdcda73818a1a2c705da276edb0bf6581e7997e; jvm 1.8.0_382-b05
2023-10-08 16:27:19,597 [main] INFO  server.session (DefaultSessionIdManager.java:doStart(334)) - DefaultSessionIdManager workerName=node0
2023-10-08 16:27:19,597 [main] INFO  server.session (DefaultSessionIdManager.java:doStart(339)) - No SessionScavenger set, using defaults
2023-10-08 16:27:19,597 [main] INFO  server.session (HouseKeeper.java:startScavenging(132)) - node0 Scavenging every 600000ms
2023-10-08 16:27:19,598 [main] INFO  handler.ContextHandler (ContextHandler.java:doStart(921)) - Started o.e.j.s.ServletContextHandler@407b97c4{logs,/logs,file:///home/runner/work/ozone/ozone/hadoop-ozone/integration-test/target/log,AVAILABLE}
2023-10-08 16:27:19,598 [main] INFO  handler.ContextHandler (ContextHandler.java:doStart(921)) - Started o.e.j.s.ServletContextHandler@47fb1b38{static,/static,file:///home/runner/work/ozone/ozone/hadoop-ozone/integration-test/target/test-classes/webapps/static,AVAILABLE}
2023-10-08 16:27:19,608 [main] INFO  handler.ContextHandler (ContextHandler.java:doStart(921)) - Started o.e.j.w.WebAppContext@62d85699{ozoneManager,/,file:///home/runner/work/ozone/ozone/hadoop-ozone/integration-test/target/test-classes/webapps/ozoneManager/,AVAILABLE}{file:/home/runner/work/ozone/ozone/hadoop-ozone/integration-test/target/test-classes/webapps/ozoneManager}
2023-10-08 16:27:19,610 [main] INFO  server.AbstractConnector (AbstractConnector.java:doStart(333)) - Started ServerConnector@5bb184a9{HTTP/1.1, (http/1.1)}{0.0.0.0:15005}
2023-10-08 16:27:19,611 [main] INFO  server.Server (Server.java:doStart(415)) - Started @28104ms
2023-10-08 16:27:19,611 [main] WARN  impl.MetricsSystemImpl (MetricsSystemImpl.java:register(279)) - Sink prometheus already exists!
2023-10-08 16:27:19,613 [main] INFO  http.BaseHttpServer (BaseHttpServer.java:updateConnectorAddress(354)) - HTTP server of ozoneManager listening at http://0.0.0.0:15005
2023-10-08 16:27:19,615 [IPC Server Responder] INFO  ipc.Server (Server.java:run(1562)) - IPC Server Responder: starting
2023-10-08 16:27:19,618 [IPC Server listener on 15004] INFO  ipc.Server (Server.java:run(1402)) - IPC Server listener on 15004: starting
2023-10-08 16:27:19,621 [main] INFO  om.OzoneManager (OzoneManager.java:startTrashEmptier(2102)) - Trash Interval set to 0. Files deleted won't move to trash
2023-10-08 16:27:19,621 [main] INFO  om.OzoneManager (OzoneManager.java:stop(2208)) - omNode-2[localhost:15008]: Stopping Ozone Manager
2023-10-08 16:27:19,621 [main] INFO  ipc.Server (Server.java:stop(3523)) - Stopping server on 15008
2023-10-08 16:27:19,625 [IPC Server listener on 15008] INFO  ipc.Server (Server.java:run(1434)) - Stopping IPC Server listener on 15008
2023-10-08 16:27:19,625 [IPC Server Responder] INFO  ipc.Server (Server.java:run(1567)) - Stopping IPC Server Responder
2023-10-08 16:27:19,626 [main] INFO  server.RaftServer (RaftServerProxy.java:lambda$close$6(416)) - omNode-2: close
2023-10-08 16:27:19,626 [main] INFO  server.GrpcService (GrpcService.java:closeImpl(311)) - omNode-2: shutdown server GrpcServerProtocolService now
2023-10-08 16:27:19,626 [omNode-2-impl-thread1] INFO  server.RaftServer$Division (RaftServerImpl.java:lambda$close$4(466)) - omNode-2@group-523986131536: shutdown
2023-10-08 16:27:19,627 [omNode-2-impl-thread1] INFO  util.JmxRegister (JmxRegister.java:unregister(73)) - Successfully un-registered JMX Bean with object name Ratis:service=RaftServer,group=group-523986131536,id=omNode-2
2023-10-08 16:27:19,627 [omNode-2-impl-thread1] INFO  impl.RoleInfo (RoleInfo.java:shutdownLeaderState(93)) - omNode-2: shutdown omNode-2@group-523986131536-LeaderStateImpl
2023-10-08 16:27:19,627 [omNode-2@group-523986131536->omNode-1-GrpcLogAppender-LogAppenderDaemon] WARN  server.GrpcLogAppender (GrpcLogAppender.java:mayWait(199)) - omNode-2@group-523986131536->omNode-1-GrpcLogAppender: Wait interrupted by java.lang.InterruptedException
2023-10-08 16:27:19,628 [grpc-default-executor-5] INFO  server.GrpcServerProtocolService (GrpcServerProtocolService.java:onCompleted(155)) - omNode-1: Completed APPEND_ENTRIES, lastRequest: null
2023-10-08 16:27:19,629 [grpc-default-executor-5] INFO  server.GrpcServerProtocolService (GrpcServerProtocolService.java:lambda$onCompleted$5(157)) - omNode-1: Completed APPEND_ENTRIES, lastReply: serverReply {
  requestorId: "omNode-2"
  replyId: "omNode-1"
  raftGroupId {
    id: "\311\274L\364;\303<`\246kR9\206\023\0256"
  }
  callId: 2
  success: true
}
term: 2
nextIndex: 2
matchIndex: 18446744073709551615
isHearbeat: true

2023-10-08 16:27:19,629 [grpc-default-executor-1] INFO  server.GrpcServerProtocolService (GrpcServerProtocolService.java:onCompleted(155)) - omNode-1: Completed APPEND_ENTRIES, lastRequest: omNode-2->omNode-1#3-t2,previous=(t:2, i:1),leaderCommit=1,initializing? true,entries: size=1, first=(t:2, i:2), METADATAENTRY(c:1)
2023-10-08 16:27:19,629 [grpc-default-executor-1] INFO  server.GrpcServerProtocolService (GrpcServerProtocolService.java:lambda$onCompleted$5(157)) - omNode-1: Completed APPEND_ENTRIES, lastReply: null
2023-10-08 16:27:19,630 [grpc-default-executor-5] INFO  server.GrpcLogAppender (GrpcLogAppender.java:onCompleted(428)) - omNode-2@group-523986131536->omNode-1-AppendLogResponseHandler: follower responses appendEntries COMPLETED
2023-10-08 16:27:19,630 [grpc-default-executor-5] INFO  leader.FollowerInfo (FollowerInfoImpl.java:lambda$new$0(52)) - omNode-2@group-523986131536->omNode-1: decreaseNextIndex nextIndex: updateUnconditionally 3 -> 2
2023-10-08 16:27:19,631 [omNode-2@group-523986131536->omNode-3-GrpcLogAppender-LogAppenderDaemon] WARN  server.GrpcLogAppender (GrpcLogAppender.java:mayWait(199)) - omNode-2@group-523986131536->omNode-3-GrpcLogAppender: Wait interrupted by java.lang.InterruptedException
2023-10-08 16:27:19,631 [grpc-default-executor-5] INFO  server.GrpcServerProtocolService (GrpcServerProtocolService.java:onCompleted(155)) - omNode-3: Completed APPEND_ENTRIES, lastRequest: omNode-2->omNode-3#2-t2,previous=(t:2, i:1),leaderCommit=1,initializing? true,entries: size=1, first=(t:2, i:2), METADATAENTRY(c:1)
2023-10-08 16:27:19,631 [grpc-default-executor-5] INFO  server.GrpcServerProtocolService (GrpcServerProtocolService.java:lambda$onCompleted$5(157)) - omNode-3: Completed APPEND_ENTRIES, lastReply: null
2023-10-08 16:27:19,627 [omNode-2-impl-thread1] INFO  impl.PendingRequests (PendingRequests.java:sendNotLeaderResponses(289)) - omNode-2@group-523986131536-PendingRequests: sendNotLeaderResponses
2023-10-08 16:27:19,632 [grpc-default-executor-4] INFO  server.GrpcLogAppender (GrpcLogAppender.java:onCompleted(428)) - omNode-2@group-523986131536->omNode-3-AppendLogResponseHandler: follower responses appendEntries COMPLETED
2023-10-08 16:27:19,632 [grpc-default-executor-4] INFO  leader.FollowerInfo (FollowerInfoImpl.java:lambda$new$0(52)) - omNode-2@group-523986131536->omNode-3: decreaseNextIndex nextIndex: updateUnconditionally 3 -> 2
2023-10-08 16:27:19,633 [grpc-default-executor-4] INFO  server.GrpcServerProtocolService (GrpcServerProtocolService.java:onCompleted(155)) - omNode-3: Completed APPEND_ENTRIES, lastRequest: null
2023-10-08 16:27:19,633 [grpc-default-executor-4] INFO  server.GrpcServerProtocolService (GrpcServerProtocolService.java:lambda$onCompleted$5(157)) - omNode-3: Completed APPEND_ENTRIES, lastReply: serverReply {
  requestorId: "omNode-2"
  replyId: "omNode-3"
  raftGroupId {
    id: "\311\274L\364;\303<`\246kR9\206\023\0256"
  }
  success: true
}
term: 2
nextIndex: 2
matchIndex: 18446744073709551615
isHearbeat: true

2023-10-08 16:27:19,636 [grpc-default-executor-2] INFO  server.GrpcLogAppender (GrpcLogAppender.java:onCompleted(428)) - omNode-2@group-523986131536->omNode-1-AppendLogResponseHandler: follower responses appendEntries COMPLETED
2023-10-08 16:27:19,636 [grpc-default-executor-2] INFO  leader.FollowerInfo (FollowerInfoImpl.java:lambda$new$0(52)) - omNode-2@group-523986131536->omNode-1: decreaseNextIndex nextIndex: updateUnconditionally 2 -> 1
2023-10-08 16:27:19,636 [grpc-default-executor-0] INFO  server.GrpcLogAppender (GrpcLogAppender.java:onCompleted(428)) - omNode-2@group-523986131536->omNode-3-AppendLogResponseHandler: follower responses appendEntries COMPLETED
2023-10-08 16:27:19,636 [grpc-default-executor-0] INFO  leader.FollowerInfo (FollowerInfoImpl.java:lambda$new$0(52)) - omNode-2@group-523986131536->omNode-3: decreaseNextIndex nextIndex: updateUnconditionally 2 -> 1
2023-10-08 16:27:19,637 [Thread-622] INFO  server.GrpcServerProtocolClient (GrpcServerProtocolClient.java:close(103)) - omNode-1 Close channels
2023-10-08 16:27:19,637 [Thread-621] INFO  server.GrpcServerProtocolClient (GrpcServerProtocolClient.java:close(103)) - omNode-3 Close channels
2023-10-08 16:27:19,639 [omNode-2-impl-thread1] INFO  impl.StateMachineUpdater (StateMachineUpdater.java:stopAndJoin(155)) - omNode-2@group-523986131536-StateMachineUpdater: set stopIndex = 2
2023-10-08 16:27:19,639 [omNode-2@group-523986131536-StateMachineUpdater] INFO  ratis.OzoneManagerStateMachine (OzoneManagerStateMachine.java:takeSnapshot(483)) - Current Snapshot Index (t:2, i:2)
2023-10-08 16:27:19,641 [main] INFO  server.GrpcService (GrpcService.java:closeImpl(320)) - omNode-2: shutdown server GrpcServerProtocolService successfully
2023-10-08 16:27:19,649 [omNode-2@group-523986131536-StateMachineUpdater] INFO  impl.StateMachineUpdater (StateMachineUpdater.java:takeSnapshot(291)) - omNode-2@group-523986131536-StateMachineUpdater: Took a snapshot at index 2
2023-10-08 16:27:19,649 [omNode-2@group-523986131536-StateMachineUpdater] INFO  impl.StateMachineUpdater (StateMachineUpdater.java:lambda$new$0(97)) - omNode-2@group-523986131536-StateMachineUpdater: snapshotIndex: updateIncreasingly -1 -> 2
2023-10-08 16:27:19,649 [omNode-2@group-523986131536-StateMachineUpdater] INFO  ratis.OzoneManagerStateMachine (OzoneManagerStateMachine.java:close(537)) - StateMachine has shutdown. Shutdown OzoneManager if not already shutdown.
2023-10-08 16:27:19,649 [omNode-2@group-523986131536-StateMachineUpdater] INFO  ratis.OzoneManagerDoubleBuffer (OzoneManagerDoubleBuffer.java:stopDaemon(551)) - Stopping OMDoubleBuffer flush thread
2023-10-08 16:27:19,649 [OMDoubleBufferFlushThread] INFO  ratis.OzoneManagerDoubleBuffer (OzoneManagerDoubleBuffer.java:canFlush(638)) - OMDoubleBuffer flush thread OMDoubleBufferFlushThread is interrupted and will exit.
2023-10-08 16:27:19,650 [omNode-2-impl-thread1] INFO  server.RaftServer$Division (ServerState.java:close(472)) - omNode-2@group-523986131536: closes. applyIndex: 2
2023-10-08 16:27:20,290 [omNode-2-impl-thread1] INFO  segmented.SegmentedRaftLogWorker (SegmentedRaftLogWorker.java:close(252)) - omNode-2@group-523986131536-SegmentedRaftLogWorker close()
2023-10-08 16:27:20,291 [JvmPauseMonitor2] INFO  util.JvmPauseMonitor (JvmPauseMonitor.java:run(109)) - JvmPauseMonitor-omNode-2: Stopped
2023-10-08 16:27:20,291 [main] INFO  ratis.OzoneManagerStateMachine (OzoneManagerStateMachine.java:close(537)) - StateMachine has shutdown. Shutdown OzoneManager if not already shutdown.
2023-10-08 16:27:20,291 [main] INFO  ratis.OzoneManagerDoubleBuffer (OzoneManagerDoubleBuffer.java:stopDaemon(560)) - OMDoubleBuffer flush thread is not running.
2023-10-08 16:27:20,292 [main] INFO  utils.BackgroundService (BackgroundService.java:shutdown(154)) - Shutting down service KeyDeletingService
2023-10-08 16:27:20,292 [main] INFO  utils.BackgroundService (BackgroundService.java:shutdown(154)) - Shutting down service KeyDeletingService
2023-10-08 16:27:20,292 [main] INFO  utils.BackgroundService (BackgroundService.java:shutdown(154)) - Shutting down service OpenKeyCleanupService
2023-10-08 16:27:20,293 [main] INFO  utils.BackgroundService (BackgroundService.java:shutdown(154)) - Shutting down service SstFilteringService
2023-10-08 16:27:20,293 [main] INFO  utils.BackgroundService (BackgroundService.java:shutdown(154)) - Shutting down service SnapshotDeletingService
2023-10-08 16:27:20,293 [main] INFO  utils.BackgroundService (BackgroundService.java:shutdown(154)) - Shutting down service MultipartUploadCleanupService
2023-10-08 16:27:20,294 [main] INFO  handler.ContextHandler (ContextHandler.java:doStop(1159)) - Stopped o.e.j.w.WebAppContext@4405a00e{ozoneManager,/,null,STOPPED}{file:/home/runner/work/ozone/ozone/hadoop-ozone/integration-test/target/test-classes/webapps/ozoneManager}
2023-10-08 16:27:20,294 [main] INFO  server.AbstractConnector (AbstractConnector.java:doStop(383)) - Stopped ServerConnector@142fe961{HTTP/1.1, (http/1.1)}{0.0.0.0:15009}
2023-10-08 16:27:20,295 [main] INFO  server.session (HouseKeeper.java:stopScavenging(149)) - node0 Stopped scavenging
2023-10-08 16:27:20,295 [main] INFO  handler.ContextHandler (ContextHandler.java:doStop(1159)) - Stopped o.e.j.s.ServletContextHandler@45a98c98{static,/static,file:///home/runner/work/ozone/ozone/hadoop-ozone/integration-test/target/test-classes/webapps/static,STOPPED}
2023-10-08 16:27:20,295 [main] INFO  handler.ContextHandler (ContextHandler.java:doStop(1159)) - Stopped o.e.j.s.ServletContextHandler@4a3b95b{logs,/logs,file:///home/runner/work/ozone/ozone/hadoop-ozone/integration-test/target/log,STOPPED}
2023-10-08 16:27:20,296 [main] INFO  rocksdiff.RocksDBCheckpointDiffer (RocksDBCheckpointDiffer.java:close(312)) - Shutting down CompactionDagPruningService.
2023-10-08 16:27:20,298 [main] INFO  snapshot.SnapshotDiffManager (SnapshotDiffManager.java:closeExecutorService(1720)) - Shutting down executorService: 'SnapDiffExecutor'
2023-10-08 16:27:20,298 [main] INFO  snapshot.SnapshotDiffManager (SnapshotDiffManager.java:closeExecutorService(1720)) - Shutting down executorService: 'SstDumpToolExecutor'
2023-10-08 16:27:20,298 [main] INFO  utils.BackgroundService (BackgroundService.java:shutdown(154)) - Shutting down service SnapshotDiffCleanupService
2023-10-08 16:27:20,299 [main] INFO  om.OzoneManager (OzoneManager.java:restart(1721)) - OzoneManager RPC server is listening at localhost/127.0.0.1:15008
2023-10-08 16:27:20,299 [main] INFO  impl.MetricsSystemImpl (MetricsSystemImpl.java:init(158)) - OzoneManager metrics system started (again)
2023-10-08 16:27:20,313 [main] WARN  server.ServerUtils (ServerUtils.java:getDBPath(311)) - ozone.om.db.dirs is not configured. We recommend adding this setting. Falling back to ozone.metadata.dirs instead.
2023-10-08 16:27:20,314 [main] INFO  helpers.OmKeyInfo (OmKeyInfo.java:getCodec(71)) - OmKeyInfo.getCodec ignorePipeline = true
2023-10-08 16:27:20,366 [main] INFO  om.OzoneManager (OzoneManager.java:instantiateServices(800)) - S3 Multi-Tenancy is disabled
2023-10-08 16:27:20,366 [main] INFO  om.OmSnapshotManager (OmSnapshotManager.java:<init>(174)) - Ozone filesystem snapshot feature is enabled.
2023-10-08 16:27:20,367 [main] WARN  server.ServerUtils (ServerUtils.java:getDBPath(311)) - ozone.om.snapshot.diff.db.dir is not configured. We recommend adding this setting. Falling back to ozone.metadata.dirs instead.
2023-10-08 16:27:20,382 [main] INFO  snapshot.SnapshotDiffManager (SnapshotDiffManager.java:closeExecutorService(1720)) - Shutting down executorService: 'SstDumpToolExecutor'
2023-10-08 16:27:20,387 [main] WARN  server.ServerUtils (ServerUtils.java:getDefaultRatisDirectory(323)) - Storage directory for Ratis is not configured. It is a good idea to map this to an SSD disk. Falling back to ozone.metadata.dirs
2023-10-08 16:27:20,389 [main] INFO  ratis.OzoneManagerRatisServer (OzoneManagerRatisServer.java:<init>(164)) - Instantiating OM Ratis server with groupID: om-service-test1 and peers: localhost:15011, localhost:15015, localhost:15007
2023-10-08 16:27:20,389 [main] INFO  ratis.OzoneManagerStateMachine (OzoneManagerStateMachine.java:loadSnapshotInfoFromDB(691)) - LastAppliedIndex is set from TransactionInfo from OM DB as (t:2, i:2)
2023-10-08 16:27:20,391 [main] INFO  server.RaftServer (ConfUtils.java:logGet(46)) - raft.rpc.type = GRPC (default)
2023-10-08 16:27:20,392 [main] INFO  grpc.GrpcConfigKeys (ConfUtils.java:logFallback(53)) - raft.grpc.admin.host = null (fallback to raft.grpc.server.host)
2023-10-08 16:27:20,392 [main] INFO  grpc.GrpcConfigKeys (ConfUtils.java:logFallback(53)) - raft.grpc.admin.port = 15011 (fallback to raft.grpc.server.port)
2023-10-08 16:27:20,392 [main] INFO  grpc.GrpcConfigKeys (ConfUtils.java:logFallback(53)) - raft.grpc.client.host = null (fallback to raft.grpc.server.host)
2023-10-08 16:27:20,392 [main] INFO  grpc.GrpcConfigKeys (ConfUtils.java:logFallback(53)) - raft.grpc.client.port = 15011 (fallback to raft.grpc.server.port)
2023-10-08 16:27:20,392 [main] INFO  grpc.GrpcConfigKeys (ConfUtils.java:logGet(46)) - raft.grpc.server.host = null (default)
2023-10-08 16:27:20,392 [main] INFO  grpc.GrpcConfigKeys (ConfUtils.java:logGet(46)) - raft.grpc.server.port = 15011 (custom)
2023-10-08 16:27:20,392 [main] INFO  server.GrpcService (ConfUtils.java:logGet(46)) - raft.grpc.message.size.max = 33554432 (custom)
2023-10-08 16:27:20,393 [main] INFO  server.RaftServerConfigKeys (ConfUtils.java:logGet(46)) - raft.server.log.appender.buffer.byte-limit = 33554432 (custom)
2023-10-08 16:27:20,393 [main] INFO  server.GrpcService (ConfUtils.java:logGet(46)) - raft.grpc.flow.control.window = 1MB (=1048576) (default)
2023-10-08 16:27:20,393 [main] INFO  server.RaftServerConfigKeys (ConfUtils.java:logGet(46)) - raft.server.rpc.request.timeout = 3000ms (default)
2023-10-08 16:27:20,393 [main] INFO  grpc.GrpcConfigKeys (ConfUtils.java:logGet(46)) - raft.grpc.server.heartbeat.channel = true (default)
2023-10-08 16:27:20,393 [main] INFO  grpc.GrpcConfigKeys (ConfUtils.java:logGet(46)) - raft.grpc.server.async.request.thread.pool.cached = true (default)
2023-10-08 16:27:20,393 [main] INFO  grpc.GrpcConfigKeys (ConfUtils.java:logGet(46)) - raft.grpc.server.async.request.thread.pool.size = 32 (default)
2023-10-08 16:27:20,394 [main] INFO  impl.DataStreamServerImpl (ConfUtils.java:logGet(46)) - raft.datastream.type = DISABLED (default)
2023-10-08 16:27:20,395 [main] INFO  server.RaftServerConfigKeys (ConfUtils.java:logGet(46)) - raft.server.threadpool.proxy.cached = true (default)
2023-10-08 16:27:20,395 [main] INFO  server.RaftServerConfigKeys (ConfUtils.java:logGet(46)) - raft.server.threadpool.proxy.size = 0 (default)
2023-10-08 16:27:20,395 [main] INFO  server.RaftServerConfigKeys (ConfUtils.java:logGet(46)) - raft.server.rpc.slowness.timeout = 2s (custom)
2023-10-08 16:27:20,395 [main] INFO  server.RaftServerConfigKeys (ConfUtils.java:logGet(46)) - raft.server.leaderelection.leader.step-down.wait-time = 10s (default)
2023-10-08 16:27:20,396 [main] INFO  server.RaftServerConfigKeys (ConfUtils.java:logGet(46)) - raft.server.storage.dir = [/home/runner/work/ozone/ozone/hadoop-ozone/integration-test/target/test-dir/MiniOzoneClusterImpl-c8a21aad-f255-4385-b304-f7d4bfe38451/omNode-2/ratis] (custom)
2023-10-08 16:27:20,398 [omNode-2-impl-thread1] INFO  server.RaftServer (RaftServerProxy.java:initGroupDir(258)) - omNode-2: found a subdirectory /home/runner/work/ozone/ozone/hadoop-ozone/integration-test/target/test-dir/MiniOzoneClusterImpl-c8a21aad-f255-4385-b304-f7d4bfe38451/omNode-2/ratis/c9bc4cf4-3bc3-3c60-a66b-523986131536
2023-10-08 16:27:20,398 [main] INFO  server.RaftServer (RaftServerProxy.java:addNew(98)) - omNode-2: addNew group-523986131536:[omNode-3|rpc:localhost:15015|priority:0|startupRole:FOLLOWER, omNode-1|rpc:localhost:15007|priority:0|startupRole:FOLLOWER, omNode-2|rpc:localhost:15011|priority:0|startupRole:FOLLOWER] returns group-523986131536:java.util.concurrent.CompletableFuture@601e9c19[Not completed]
2023-10-08 16:27:20,398 [omNode-2-groupManagement] INFO  server.RaftServer$Division (RaftServerImpl.java:<init>(198)) - omNode-2: new RaftServerImpl for group-523986131536:[omNode-3|rpc:localhost:15015|priority:0|startupRole:FOLLOWER, omNode-1|rpc:localhost:15007|priority:0|startupRole:FOLLOWER, omNode-2|rpc:localhost:15011|priority:0|startupRole:FOLLOWER] with OzoneManagerStateMachine:uninitialized
2023-10-08 16:27:20,398 [main] INFO  om.OzoneManager (OzoneManager.java:initializeRatisServer(2149)) - OzoneManager Ratis server initialized at port 15011
2023-10-08 16:27:20,399 [omNode-2-groupManagement] INFO  server.RaftServerConfigKeys (ConfUtils.java:logGet(46)) - raft.server.rpc.timeout.min = 1s (custom)
2023-10-08 16:27:20,399 [main] INFO  ratis.OzoneManagerRatisServer (OzoneManagerRatisServer.java:start(559)) - Starting OzoneManagerRatisServer omNode-2 at port 15011
2023-10-08 16:27:20,399 [omNode-2-groupManagement] INFO  server.RaftServerConfigKeys (ConfUtils.java:logGet(46)) - raft.server.rpc.timeout.max = 1200ms (custom)
2023-10-08 16:27:20,399 [omNode-2-groupManagement] INFO  server.RaftServerConfigKeys (ConfUtils.java:logGet(46)) - raft.server.rpc.sleep.time = 25ms (default)
2023-10-08 16:27:20,399 [omNode-2-groupManagement] INFO  server.RaftServerConfigKeys (ConfUtils.java:logGet(46)) - raft.server.rpc.slowness.timeout = 2s (custom)
2023-10-08 16:27:20,399 [omNode-2-groupManagement] INFO  server.RaftServerConfigKeys (ConfUtils.java:logGet(46)) - raft.server.leaderelection.leader.step-down.wait-time = 10s (default)
2023-10-08 16:27:20,399 [omNode-2-groupManagement] INFO  server.RaftServerConfigKeys (ConfUtils.java:logGet(46)) - raft.server.sleep.deviation.threshold = 300ms (default)
2023-10-08 16:27:20,399 [omNode-2-groupManagement] INFO  server.RaftServer$Division (ServerState.java:<init>(120)) - omNode-2@group-523986131536: ConfigurationManager, init=-1: peers:[omNode-3|rpc:localhost:15015|priority:0|startupRole:FOLLOWER, omNode-1|rpc:localhost:15007|priority:0|startupRole:FOLLOWER, omNode-2|rpc:localhost:15011|priority:0|startupRole:FOLLOWER]|listeners:[], old=null, confs=<EMPTY_MAP>
2023-10-08 16:27:20,399 [omNode-2-groupManagement] INFO  server.RaftServerConfigKeys (ConfUtils.java:logGet(46)) - raft.server.storage.dir = [/home/runner/work/ozone/ozone/hadoop-ozone/integration-test/target/test-dir/MiniOzoneClusterImpl-c8a21aad-f255-4385-b304-f7d4bfe38451/omNode-2/ratis] (custom)
2023-10-08 16:27:20,399 [omNode-2-groupManagement] INFO  server.RaftServerConfigKeys (ConfUtils.java:logGet(46)) - raft.server.log.corruption.policy = EXCEPTION (default)
2023-10-08 16:27:20,400 [omNode-2-groupManagement] INFO  server.RaftServerConfigKeys (ConfUtils.java:logGet(46)) - raft.server.storage.free-space.min = 0MB (=0) (default)
2023-10-08 16:27:20,400 [omNode-2-groupManagement] INFO  server.RaftServerConfigKeys (ConfUtils.java:logGet(46)) - raft.server.notification.no-leader.timeout = 2s (custom)
2023-10-08 16:27:20,400 [omNode-2-groupManagement] INFO  server.RaftServerConfigKeys (ConfUtils.java:logGet(46)) - raft.server.read.timeout = 10s (default)
2023-10-08 16:27:20,400 [omNode-2-groupManagement] INFO  server.RaftServerConfigKeys (ConfUtils.java:logGet(46)) - raft.server.retrycache.expirytime = 30000ms (custom)
2023-10-08 16:27:20,400 [omNode-2-groupManagement] INFO  server.RaftServerConfigKeys (ConfUtils.java:logGet(46)) - raft.server.retrycache.statistics.expirytime = 100μs (default)
2023-10-08 16:27:20,400 [omNode-2-groupManagement] INFO  server.RaftServerConfigKeys (ConfUtils.java:logGet(46)) - raft.server.read.option = DEFAULT (default)
2023-10-08 16:27:20,401 [omNode-2-groupManagement] INFO  server.RaftServerConfigKeys (ConfUtils.java:logGet(46)) - raft.server.rpc.request.timeout = 3000ms (default)
2023-10-08 16:27:20,401 [omNode-2-groupManagement] INFO  server.RaftServerConfigKeys (ConfUtils.java:logGet(46)) - raft.server.log.appender.install.snapshot.enabled = false (custom)
2023-10-08 16:27:20,401 [omNode-2-groupManagement] INFO  server.RaftServerConfigKeys (ConfUtils.java:logGet(46)) - raft.server.threadpool.server.cached = true (default)
2023-10-08 16:27:20,401 [omNode-2-groupManagement] INFO  server.RaftServerConfigKeys (ConfUtils.java:logGet(46)) - raft.server.threadpool.server.size = 0 (default)
2023-10-08 16:27:20,401 [omNode-2-groupManagement] INFO  server.RaftServerConfigKeys (ConfUtils.java:logGet(46)) - raft.server.threadpool.client.cached = true (default)
2023-10-08 16:27:20,401 [omNode-2-groupManagement] INFO  server.RaftServerConfigKeys (ConfUtils.java:logGet(46)) - raft.server.threadpool.client.size = 0 (default)
2023-10-08 16:27:20,403 [omNode-2-impl-thread1] INFO  storage.RaftStorageDirectory (RaftStorageDirectoryImpl.java:tryLock(231)) - Lock on /home/runner/work/ozone/ozone/hadoop-ozone/integration-test/target/test-dir/MiniOzoneClusterImpl-c8a21aad-f255-4385-b304-f7d4bfe38451/omNode-2/ratis/c9bc4cf4-3bc3-3c60-a66b-523986131536/in_use.lock acquired by nodename 29017@fv-az550-77
2023-10-08 16:27:20,403 [omNode-2-impl-thread1] INFO  storage.RaftStorage (RaftStorageImpl.java:analyzeAndRecoverStorage(117)) - Read RaftStorageMetadata{term=2, votedFor=omNode-2} from /home/runner/work/ozone/ozone/hadoop-ozone/integration-test/target/test-dir/MiniOzoneClusterImpl-c8a21aad-f255-4385-b304-f7d4bfe38451/omNode-2/ratis/c9bc4cf4-3bc3-3c60-a66b-523986131536/current/raft-meta
2023-10-08 16:27:20,404 [omNode-2-impl-thread1] INFO  server.RaftServer$Division (ServerState.java:setRaftConf(434)) - omNode-2@group-523986131536: set configuration 1: peers:[omNode-3|rpc:localhost:15015|admin:|client:|dataStream:|priority:0|startupRole:FOLLOWER, omNode-1|rpc:localhost:15007|admin:|client:|dataStream:|priority:0|startupRole:FOLLOWER, omNode-2|rpc:localhost:15011|admin:|client:|dataStream:|priority:0|startupRole:FOLLOWER]|listeners:[], old=null
2023-10-08 16:27:20,405 [omNode-2-impl-thread1] INFO  server.RaftServerConfigKeys (ConfUtils.java:logGet(46)) - raft.server.log.use.memory = false (default)
2023-10-08 16:27:20,405 [omNode-2-impl-thread1] INFO  server.RaftServerConfigKeys (ConfUtils.java:logGet(46)) - raft.server.log.purge.gap = 50 (custom)
2023-10-08 16:27:20,405 [omNode-2-impl-thread1] INFO  server.RaftServerConfigKeys (ConfUtils.java:logGet(46)) - raft.server.log.appender.buffer.byte-limit = 33554432 (custom)
2023-10-08 16:27:20,405 [omNode-2-impl-thread1] INFO  server.RaftServerConfigKeys (ConfUtils.java:logGet(46)) - raft.server.log.statemachine.data.read.timeout = 1000ms (default)
2023-10-08 16:27:20,405 [omNode-2-impl-thread1] INFO  server.RaftServerConfigKeys (ConfUtils.java:logGet(46)) - raft.server.log.purge.preservation.log.num = 0 (default)
2023-10-08 16:27:20,405 [omNode-2-impl-thread1] INFO  server.RaftServerConfigKeys (ConfUtils.java:logGet(46)) - raft.server.log.segment.size.max = 4194304 (custom)
2023-10-08 16:27:20,405 [omNode-2-impl-thread1] INFO  server.RaftServerConfigKeys (ConfUtils.java:logGet(46)) - raft.server.log.segment.cache.num.max = 2 (custom)
2023-10-08 16:27:20,405 [omNode-2-impl-thread1] INFO  server.RaftServerConfigKeys (ConfUtils.java:logGet(46)) - raft.server.log.segment.cache.size.max = 200MB (=209715200) (default)
2023-10-08 16:27:20,405 [omNode-2-impl-thread1] INFO  server.RaftServerConfigKeys (ConfUtils.java:logGet(46)) - raft.server.log.appender.buffer.byte-limit = 33554432 (custom)
2023-10-08 16:27:20,405 [omNode-2-impl-thread1] INFO  segmented.SegmentedRaftLogWorker (SegmentedRaftLogWorker.java:<init>(188)) - new omNode-2@group-523986131536-SegmentedRaftLogWorker for RaftStorageImpl:Storage Directory /home/runner/work/ozone/ozone/hadoop-ozone/integration-test/target/test-dir/MiniOzoneClusterImpl-c8a21aad-f255-4385-b304-f7d4bfe38451/omNode-2/ratis/c9bc4cf4-3bc3-3c60-a66b-523986131536
2023-10-08 16:27:20,405 [omNode-2-impl-thread1] INFO  server.RaftServerConfigKeys (ConfUtils.java:logGet(46)) - raft.server.log.queue.byte-limit = 64MB (=67108864) (default)
2023-10-08 16:27:20,406 [omNode-2-impl-thread1] INFO  server.RaftServerConfigKeys (ConfUtils.java:logGet(46)) - raft.server.log.queue.element-limit = 4096 (default)
2023-10-08 16:27:20,406 [omNode-2-impl-thread1] INFO  server.RaftServerConfigKeys (ConfUtils.java:logGet(46)) - raft.server.log.segment.size.max = 4194304 (custom)
2023-10-08 16:27:20,406 [omNode-2-impl-thread1] INFO  server.RaftServerConfigKeys (ConfUtils.java:logGet(46)) - raft.server.log.preallocated.size = 4194304 (custom)
2023-10-08 16:27:20,406 [omNode-2-impl-thread1] INFO  server.RaftServerConfigKeys (ConfUtils.java:logGet(46)) - raft.server.log.force.sync.num = 128 (default)
2023-10-08 16:27:20,406 [omNode-2-impl-thread1] INFO  server.RaftServerConfigKeys (ConfUtils.java:logGet(46)) - raft.server.log.statemachine.data.sync = true (default)
2023-10-08 16:27:20,406 [omNode-2-impl-thread1] INFO  server.RaftServerConfigKeys (ConfUtils.java:logGet(46)) - raft.server.log.statemachine.data.sync.timeout = 10s (default)
2023-10-08 16:27:20,406 [omNode-2-impl-thread1] INFO  server.RaftServerConfigKeys (ConfUtils.java:logGet(46)) - raft.server.log.statemachine.data.sync.timeout.retry = -1 (default)
2023-10-08 16:27:20,406 [omNode-2-impl-thread1] INFO  server.RaftServerConfigKeys (ConfUtils.java:logGet(46)) - raft.server.log.write.buffer.size = 64KB (=65536) (default)
2023-10-08 16:27:20,406 [omNode-2-impl-thread1] INFO  server.RaftServerConfigKeys (ConfUtils.java:logGet(46)) - raft.server.log.appender.buffer.byte-limit = 33554432 (custom)
2023-10-08 16:27:20,411 [omNode-2-impl-thread1] INFO  server.RaftServerConfigKeys (ConfUtils.java:logGet(46)) - raft.server.log.unsafe-flush.enabled = false (default)
2023-10-08 16:27:20,411 [omNode-2-impl-thread1] INFO  server.RaftServerConfigKeys (ConfUtils.java:logGet(46)) - raft.server.log.async-flush.enabled = false (default)
2023-10-08 16:27:20,411 [omNode-2-impl-thread1] INFO  server.RaftServerConfigKeys (ConfUtils.java:logGet(46)) - raft.server.log.statemachine.data.caching.enabled = false (default)
2023-10-08 16:27:20,413 [omNode-2-impl-thread1] INFO  server.RaftServer$Division (ServerState.java:setRaftConf(434)) - omNode-2@group-523986131536: set configuration 0: peers:[omNode-3|rpc:localhost:15015|admin:|client:|dataStream:|priority:0|startupRole:FOLLOWER, omNode-1|rpc:localhost:15007|admin:|client:|dataStream:|priority:0|startupRole:FOLLOWER, omNode-2|rpc:localhost:15011|admin:|client:|dataStream:|priority:0|startupRole:FOLLOWER]|listeners:[], old=null
2023-10-08 16:27:20,413 [omNode-2-impl-thread1] INFO  segmented.LogSegment (LogSegment.java:loadSegment(170)) - Successfully read 1 entries from segment file /home/runner/work/ozone/ozone/hadoop-ozone/integration-test/target/test-dir/MiniOzoneClusterImpl-c8a21aad-f255-4385-b304-f7d4bfe38451/omNode-2/ratis/c9bc4cf4-3bc3-3c60-a66b-523986131536/current/log_0-0
2023-10-08 16:27:20,414 [omNode-2-impl-thread1] INFO  server.RaftServer$Division (ServerState.java:setRaftConf(434)) - omNode-2@group-523986131536: set configuration 1: peers:[omNode-3|rpc:localhost:15015|admin:|client:|dataStream:|priority:0|startupRole:FOLLOWER, omNode-1|rpc:localhost:15007|admin:|client:|dataStream:|priority:0|startupRole:FOLLOWER, omNode-2|rpc:localhost:15011|admin:|client:|dataStream:|priority:0|startupRole:FOLLOWER]|listeners:[], old=null
2023-10-08 16:27:20,414 [omNode-2-impl-thread1] INFO  segmented.LogSegment (LogSegment.java:loadSegment(170)) - Successfully read 2 entries from segment file /home/runner/work/ozone/ozone/hadoop-ozone/integration-test/target/test-dir/MiniOzoneClusterImpl-c8a21aad-f255-4385-b304-f7d4bfe38451/omNode-2/ratis/c9bc4cf4-3bc3-3c60-a66b-523986131536/current/log_inprogress_1
2023-10-08 16:27:20,414 [omNode-2-impl-thread1] INFO  segmented.SegmentedRaftLogWorker (SegmentedRaftLogWorker.java:lambda$new$0(135)) - omNode-2@group-523986131536-SegmentedRaftLogWorker: flushIndex: setUnconditionally 0 -> 2
2023-10-08 16:27:20,415 [omNode-2-impl-thread1] INFO  server.RaftServer$Division (RaftServerImpl.java:start(342)) - omNode-2@group-523986131536: start as a follower, conf=1: peers:[omNode-3|rpc:localhost:15015|admin:|client:|dataStream:|priority:0|startupRole:FOLLOWER, omNode-1|rpc:localhost:15007|admin:|client:|dataStream:|priority:0|startupRole:FOLLOWER, omNode-2|rpc:localhost:15011|admin:|client:|dataStream:|priority:0|startupRole:FOLLOWER]|listeners:[], old=null
2023-10-08 16:27:20,415 [omNode-2-impl-thread1] INFO  server.RaftServer$Division (RaftServerImpl.java:setRole(329)) - omNode-2@group-523986131536: changes role from      null to FOLLOWER at term 2 for startAsFollower
2023-10-08 16:27:20,415 [omNode-2-impl-thread1] INFO  impl.RoleInfo (RoleInfo.java:updateAndGet(139)) - omNode-2: start omNode-2@group-523986131536-FollowerState
2023-10-08 16:27:20,415 [omNode-2-impl-thread1] INFO  util.JmxRegister (JmxRegister.java:tryRegister(44)) - Successfully registered JMX Bean with object name Ratis:service=RaftServer,group=group-523986131536,id=omNode-2
2023-10-08 16:27:20,416 [omNode-2@group-523986131536-FollowerState] INFO  server.RaftServerConfigKeys (ConfUtils.java:logFallback(53)) - raft.server.rpc.first-election.timeout.min = 1s (fallback to raft.server.rpc.timeout.min)
2023-10-08 16:27:20,416 [omNode-2-impl-thread1] INFO  server.RaftServerConfigKeys (ConfUtils.java:logGet(46)) - raft.server.snapshot.auto.trigger.enabled = true (custom)
2023-10-08 16:27:20,416 [omNode-2@group-523986131536-FollowerState] INFO  server.RaftServerConfigKeys (ConfUtils.java:logFallback(53)) - raft.server.rpc.first-election.timeout.max = 1200ms (fallback to raft.server.rpc.timeout.max)
2023-10-08 16:27:20,416 [omNode-2-impl-thread1] INFO  server.RaftServerConfigKeys (ConfUtils.java:logGet(46)) - raft.server.snapshot.auto.trigger.threshold = 50 (custom)
2023-10-08 16:27:20,416 [omNode-2-impl-thread1] INFO  server.RaftServerConfigKeys (ConfUtils.java:logGet(46)) - raft.server.snapshot.retention.file.num = -1 (default)
2023-10-08 16:27:20,416 [omNode-2-impl-thread1] INFO  server.RaftServerConfigKeys (ConfUtils.java:logGet(46)) - raft.server.log.purge.upto.snapshot.index = true (custom)
2023-10-08 16:27:20,417 [main] INFO  server.RaftServer (RaftServerProxy.java:startImpl(400)) - omNode-2: start RPC server
2023-10-08 16:27:20,419 [main] INFO  server.GrpcService (GrpcService.java:startImpl(302)) - omNode-2: GrpcService started, listening on 15011
2023-10-08 16:27:20,420 [main] INFO  om.OzoneManager (OzoneManager.java:getRpcServer(1202)) - Creating RPC Server
2023-10-08 16:27:20,420 [JvmPauseMonitor9] INFO  util.JvmPauseMonitor (JvmPauseMonitor.java:run(103)) - JvmPauseMonitor-omNode-2: Started
2023-10-08 16:27:21,140 [main] INFO  reflections.Reflections (Reflections.java:scan(232)) - Reflections took 719 ms to scan 20 urls, producing 71 keys and 6072 values [using 2 cores]
2023-10-08 16:27:21,141 [main] INFO  ipc.CallQueueManager (CallQueueManager.java:<init>(90)) - Using callQueue: class java.util.concurrent.LinkedBlockingQueue, queueCapacity: 2000, scheduler: class org.apache.hadoop.ipc.DefaultRpcScheduler, ipcBackoff: false.
2023-10-08 16:27:21,142 [main] INFO  ipc.Server (Server.java:<init>(1287)) - Listener at localhost:15008
2023-10-08 16:27:21,143 [Socket Reader #1 for port 15008] INFO  ipc.Server (Server.java:run(1323)) - Starting Socket Reader #1 for port 15008
2023-10-08 16:27:21,151 [main] INFO  http.BaseHttpServer (BaseHttpServer.java:newHttpServer2BuilderForOzone(223)) - Starting Web-server for ozoneManager at: http://0.0.0.0:15009
2023-10-08 16:27:21,151 [main] INFO  http.BaseHttpServer (BaseHttpServer.java:<init>(110)) - Hadoop Security Enabled: false Ozone Security Enabled: false Ozone HTTP Security Enabled: false 
2023-10-08 16:27:21,153 [main] WARN  server.AuthenticationFilter (AuthenticationFilter.java:constructSecretProvider(240)) - Unable to initialize FileSignerSecretProvider, falling back to use random secrets. Reason: Could not read signature secret file: /home/runner/hadoop-http-auth-signature-secret
2023-10-08 16:27:21,153 [main] INFO  http.HttpRequestLog (HttpRequestLog.java:getRequestLog(86)) - Http request log for http.requests.ozoneManager is not defined
2023-10-08 16:27:21,155 [main] INFO  http.HttpServer2 (HttpServer2.java:addGlobalFilter(1031)) - Added global filter 'safety' (class=org.apache.hadoop.hdds.server.http.HttpServer2$QuotingInputFilter)
2023-10-08 16:27:21,159 [main] INFO  http.HttpServer2 (HttpServer2.java:addFilter(1007)) - Added filter static_user_filter (class=org.apache.hadoop.http.lib.StaticUserWebFilter$StaticUserFilter) to context ozoneManager
2023-10-08 16:27:21,159 [main] INFO  http.HttpServer2 (HttpServer2.java:addFilter(1015)) - Added filter static_user_filter (class=org.apache.hadoop.http.lib.StaticUserWebFilter$StaticUserFilter) to context logs
2023-10-08 16:27:21,159 [main] INFO  http.HttpServer2 (HttpServer2.java:addFilter(1015)) - Added filter static_user_filter (class=org.apache.hadoop.http.lib.StaticUserWebFilter$StaticUserFilter) to context static
2023-10-08 16:27:21,160 [main] INFO  http.BaseHttpServer (BaseHttpServer.java:<init>(189)) - HTTP server of ozoneManager uses base directory /home/runner/work/ozone/ozone/hadoop-ozone/integration-test/target/test-dir/MiniOzoneClusterImpl-c8a21aad-f255-4385-b304-f7d4bfe38451/omNode-2/webserver
2023-10-08 16:27:21,160 [main] INFO  http.HttpServer2 (HttpServer2.java:bindListener(1231)) - Jetty bound to port 15009
2023-10-08 16:27:21,160 [main] INFO  server.Server (Server.java:doStart(375)) - jetty-9.4.52.v20230823; built: 2023-08-23T19:29:37.669Z; git: abdcda73818a1a2c705da276edb0bf6581e7997e; jvm 1.8.0_382-b05
2023-10-08 16:27:21,162 [main] INFO  server.session (DefaultSessionIdManager.java:doStart(334)) - DefaultSessionIdManager workerName=node0
2023-10-08 16:27:21,162 [main] INFO  server.session (DefaultSessionIdManager.java:doStart(339)) - No SessionScavenger set, using defaults
2023-10-08 16:27:21,162 [main] INFO  server.session (HouseKeeper.java:startScavenging(132)) - node0 Scavenging every 660000ms
2023-10-08 16:27:21,163 [main] INFO  handler.ContextHandler (ContextHandler.java:doStart(921)) - Started o.e.j.s.ServletContextHandler@1385e9e3{logs,/logs,file:///home/runner/work/ozone/ozone/hadoop-ozone/integration-test/target/log,AVAILABLE}
2023-10-08 16:27:21,164 [main] INFO  handler.ContextHandler (ContextHandler.java:doStart(921)) - Started o.e.j.s.ServletContextHandler@4e296a27{static,/static,file:///home/runner/work/ozone/ozone/hadoop-ozone/integration-test/target/test-classes/webapps/static,AVAILABLE}
2023-10-08 16:27:21,167 [main] INFO  handler.ContextHandler (ContextHandler.java:doStart(921)) - Started o.e.j.w.WebAppContext@12c27788{ozoneManager,/,file:///home/runner/work/ozone/ozone/hadoop-ozone/integration-test/target/test-classes/webapps/ozoneManager/,AVAILABLE}{file:/home/runner/work/ozone/ozone/hadoop-ozone/integration-test/target/test-classes/webapps/ozoneManager}
2023-10-08 16:27:21,176 [main] INFO  server.AbstractConnector (AbstractConnector.java:doStart(333)) - Started ServerConnector@1693c96e{HTTP/1.1, (http/1.1)}{0.0.0.0:15009}
2023-10-08 16:27:21,176 [main] INFO  server.Server (Server.java:doStart(415)) - Started @29670ms
2023-10-08 16:27:21,176 [main] WARN  impl.MetricsSystemImpl (MetricsSystemImpl.java:register(279)) - Sink prometheus already exists!
2023-10-08 16:27:21,177 [main] INFO  http.BaseHttpServer (BaseHttpServer.java:updateConnectorAddress(354)) - HTTP server of ozoneManager listening at http://0.0.0.0:15009
2023-10-08 16:27:21,177 [IPC Server Responder] INFO  ipc.Server (Server.java:run(1562)) - IPC Server Responder: starting
2023-10-08 16:27:21,178 [IPC Server listener on 15008] INFO  ipc.Server (Server.java:run(1402)) - IPC Server listener on 15008: starting
2023-10-08 16:27:21,180 [main] INFO  om.OzoneManager (OzoneManager.java:startTrashEmptier(2102)) - Trash Interval set to 0. Files deleted won't move to trash
]]></system-out>
  </testcase>
  <testcase name="testKeyDeletion" classname="org.apache.hadoop.ozone.om.TestOzoneManagerHAKeyDeletion" time="5.197">
    <error type="java.lang.NullPointerException"><![CDATA[java.lang.NullPointerException
	at org.apache.hadoop.ozone.om.TestOzoneManagerHAKeyDeletion.lambda$testKeyDeletion$0(TestOzoneManagerHAKeyDeletion.java:84)
	at org.apache.ozone.test.GenericTestUtils.waitFor(GenericTestUtils.java:221)
	at org.apache.hadoop.ozone.om.TestOzoneManagerHAKeyDeletion.testKeyDeletion(TestOzoneManagerHAKeyDeletion.java:83)
	at sun.reflect.NativeMethodAccessorImpl.invoke0(Native Method)
	at sun.reflect.NativeMethodAccessorImpl.invoke(NativeMethodAccessorImpl.java:62)
	at sun.reflect.DelegatingMethodAccessorImpl.invoke(DelegatingMethodAccessorImpl.java:43)
	at java.lang.reflect.Method.invoke(Method.java:498)
	at org.junit.platform.commons.util.ReflectionUtils.invokeMethod(ReflectionUtils.java:725)
	at org.junit.jupiter.engine.execution.MethodInvocation.proceed(MethodInvocation.java:60)
	at org.junit.jupiter.engine.execution.InvocationInterceptorChain$ValidatingInvocation.proceed(InvocationInterceptorChain.java:131)
	at org.junit.jupiter.engine.extension.TimeoutInvocation.proceed(TimeoutInvocation.java:46)
	at org.junit.jupiter.engine.extension.TimeoutExtension.intercept(TimeoutExtension.java:149)
	at org.junit.jupiter.engine.extension.TimeoutExtension.interceptTestableMethod(TimeoutExtension.java:140)
	at org.junit.jupiter.engine.extension.TimeoutExtension.interceptTestMethod(TimeoutExtension.java:84)
	at org.junit.jupiter.engine.execution.ExecutableInvoker$ReflectiveInterceptorCall.lambda$ofVoidMethod$0(ExecutableInvoker.java:115)
	at org.junit.jupiter.engine.execution.ExecutableInvoker.lambda$invoke$0(ExecutableInvoker.java:105)
	at org.junit.jupiter.engine.execution.InvocationInterceptorChain$InterceptedInvocation.proceed(InvocationInterceptorChain.java:106)
	at org.junit.jupiter.engine.execution.InvocationInterceptorChain.proceed(InvocationInterceptorChain.java:64)
	at org.junit.jupiter.engine.execution.InvocationInterceptorChain.chainAndInvoke(InvocationInterceptorChain.java:45)
	at org.junit.jupiter.engine.execution.InvocationInterceptorChain.invoke(InvocationInterceptorChain.java:37)
	at org.junit.jupiter.engine.execution.ExecutableInvoker.invoke(ExecutableInvoker.java:104)
	at org.junit.jupiter.engine.execution.ExecutableInvoker.invoke(ExecutableInvoker.java:98)
	at org.junit.jupiter.engine.descriptor.TestMethodTestDescriptor.lambda$invokeTestMethod$7(TestMethodTestDescriptor.java:214)
	at org.junit.platform.engine.support.hierarchical.ThrowableCollector.execute(ThrowableCollector.java:73)
	at org.junit.jupiter.engine.descriptor.TestMethodTestDescriptor.invokeTestMethod(TestMethodTestDescriptor.java:210)
	at org.junit.jupiter.engine.descriptor.TestMethodTestDescriptor.execute(TestMethodTestDescriptor.java:135)
	at org.junit.jupiter.engine.descriptor.TestMethodTestDescriptor.execute(TestMethodTestDescriptor.java:66)
	at org.junit.platform.engine.support.hierarchical.NodeTestTask.lambda$executeRecursively$6(NodeTestTask.java:151)
	at org.junit.platform.engine.support.hierarchical.ThrowableCollector.execute(ThrowableCollector.java:73)
	at org.junit.platform.engine.support.hierarchical.NodeTestTask.lambda$executeRecursively$8(NodeTestTask.java:141)
	at org.junit.platform.engine.support.hierarchical.Node.around(Node.java:137)
	at org.junit.platform.engine.support.hierarchical.NodeTestTask.lambda$executeRecursively$9(NodeTestTask.java:139)
	at org.junit.platform.engine.support.hierarchical.ThrowableCollector.execute(ThrowableCollector.java:73)
	at org.junit.platform.engine.support.hierarchical.NodeTestTask.executeRecursively(NodeTestTask.java:138)
	at org.junit.platform.engine.support.hierarchical.NodeTestTask.execute(NodeTestTask.java:95)
	at java.util.ArrayList.forEach(ArrayList.java:1259)
	at org.junit.platform.engine.support.hierarchical.SameThreadHierarchicalTestExecutorService.invokeAll(SameThreadHierarchicalTestExecutorService.java:41)
	at org.junit.platform.engine.support.hierarchical.NodeTestTask.lambda$executeRecursively$6(NodeTestTask.java:155)
	at org.junit.platform.engine.support.hierarchical.ThrowableCollector.execute(ThrowableCollector.java:73)
	at org.junit.platform.engine.support.hierarchical.NodeTestTask.lambda$executeRecursively$8(NodeTestTask.java:141)
	at org.junit.platform.engine.support.hierarchical.Node.around(Node.java:137)
	at org.junit.platform.engine.support.hierarchical.NodeTestTask.lambda$executeRecursively$9(NodeTestTask.java:139)
	at org.junit.platform.engine.support.hierarchical.ThrowableCollector.execute(ThrowableCollector.java:73)
	at org.junit.platform.engine.support.hierarchical.NodeTestTask.executeRecursively(NodeTestTask.java:138)
	at org.junit.platform.engine.support.hierarchical.NodeTestTask.execute(NodeTestTask.java:95)
	at java.util.ArrayList.forEach(ArrayList.java:1259)
	at org.junit.platform.engine.support.hierarchical.SameThreadHierarchicalTestExecutorService.invokeAll(SameThreadHierarchicalTestExecutorService.java:41)
	at org.junit.platform.engine.support.hierarchical.NodeTestTask.lambda$executeRecursively$6(NodeTestTask.java:155)
	at org.junit.platform.engine.support.hierarchical.ThrowableCollector.execute(ThrowableCollector.java:73)
	at org.junit.platform.engine.support.hierarchical.NodeTestTask.lambda$executeRecursively$8(NodeTestTask.java:141)
	at org.junit.platform.engine.support.hierarchical.Node.around(Node.java:137)
	at org.junit.platform.engine.support.hierarchical.NodeTestTask.lambda$executeRecursively$9(NodeTestTask.java:139)
	at org.junit.platform.engine.support.hierarchical.ThrowableCollector.execute(ThrowableCollector.java:73)
	at org.junit.platform.engine.support.hierarchical.NodeTestTask.executeRecursively(NodeTestTask.java:138)
	at org.junit.platform.engine.support.hierarchical.NodeTestTask.execute(NodeTestTask.java:95)
	at org.junit.platform.engine.support.hierarchical.SameThreadHierarchicalTestExecutorService.submit(SameThreadHierarchicalTestExecutorService.java:35)
	at org.junit.platform.engine.support.hierarchical.HierarchicalTestExecutor.execute(HierarchicalTestExecutor.java:57)
	at org.junit.platform.engine.support.hierarchical.HierarchicalTestEngine.execute(HierarchicalTestEngine.java:54)
	at org.junit.platform.launcher.core.EngineExecutionOrchestrator.execute(EngineExecutionOrchestrator.java:107)
	at org.junit.platform.launcher.core.EngineExecutionOrchestrator.execute(EngineExecutionOrchestrator.java:88)
	at org.junit.platform.launcher.core.EngineExecutionOrchestrator.lambda$execute$0(EngineExecutionOrchestrator.java:54)
	at org.junit.platform.launcher.core.EngineExecutionOrchestrator.withInterceptedStreams(EngineExecutionOrchestrator.java:67)
	at org.junit.platform.launcher.core.EngineExecutionOrchestrator.execute(EngineExecutionOrchestrator.java:52)
	at org.junit.platform.launcher.core.DefaultLauncher.execute(DefaultLauncher.java:114)
	at org.junit.platform.launcher.core.DefaultLauncher.execute(DefaultLauncher.java:86)
	at org.junit.platform.launcher.core.DefaultLauncherSession$DelegatingLauncher.execute(DefaultLauncherSession.java:86)
	at org.junit.platform.launcher.core.SessionPerRequestLauncher.execute(SessionPerRequestLauncher.java:53)
	at org.apache.maven.surefire.junitplatform.JUnitPlatformProvider.execute(JUnitPlatformProvider.java:188)
	at org.apache.maven.surefire.junitplatform.JUnitPlatformProvider.invokeAllTests(JUnitPlatformProvider.java:154)
	at org.apache.maven.surefire.junitplatform.JUnitPlatformProvider.invoke(JUnitPlatformProvider.java:124)
	at org.apache.maven.surefire.booter.ForkedBooter.runSuitesInProcess(ForkedBooter.java:428)
	at org.apache.maven.surefire.booter.ForkedBooter.execute(ForkedBooter.java:162)
	at org.apache.maven.surefire.booter.ForkedBooter.run(ForkedBooter.java:562)
	at org.apache.maven.surefire.booter.ForkedBooter.main(ForkedBooter.java:548)
]]></error>
    <system-out><![CDATA[2023-10-08 16:27:21,204 [omNode-3@group-523986131536-FollowerState] INFO  impl.FollowerState (FollowerState.java:run(143)) - omNode-3@group-523986131536-FollowerState: change to CANDIDATE, lastRpcElapsedTime:1910096390ns, electionTimeout:1047ms
2023-10-08 16:27:21,206 [omNode-3@group-523986131536-FollowerState] INFO  impl.RoleInfo (RoleInfo.java:shutdownFollowerState(110)) - omNode-3: shutdown omNode-3@group-523986131536-FollowerState
2023-10-08 16:27:21,206 [omNode-3@group-523986131536-FollowerState] INFO  server.RaftServer$Division (RaftServerImpl.java:setRole(329)) - omNode-3@group-523986131536: changes role from  FOLLOWER to CANDIDATE at term 2 for changeToCandidate
2023-10-08 16:27:21,206 [omNode-3@group-523986131536-FollowerState] INFO  server.RaftServerConfigKeys (ConfUtils.java:logGet(46)) - raft.server.leaderelection.pre-vote = true (default)
2023-10-08 16:27:21,206 [omNode-3@group-523986131536-FollowerState] INFO  impl.RoleInfo (RoleInfo.java:updateAndGet(139)) - omNode-3: start omNode-3@group-523986131536-LeaderElection9
2023-10-08 16:27:21,210 [omNode-3@group-523986131536-LeaderElection9] INFO  server.RaftServer$Division (ServerState.java:setLeader(317)) - omNode-3@group-523986131536: change Leader from omNode-2 to null at term 2 for PRE_VOTE
2023-10-08 16:27:21,210 [omNode-3@group-523986131536-LeaderElection9] INFO  impl.LeaderElection (LeaderElection.java:askForVotes(321)) - omNode-3@group-523986131536-LeaderElection9 PRE_VOTE round 0: submit vote requests at term 2 for 1: peers:[omNode-3|rpc:localhost:15015|admin:|client:|dataStream:|priority:0|startupRole:FOLLOWER, omNode-1|rpc:localhost:15007|admin:|client:|dataStream:|priority:0|startupRole:FOLLOWER, omNode-2|rpc:localhost:15011|admin:|client:|dataStream:|priority:0|startupRole:FOLLOWER]|listeners:[], old=null
2023-10-08 16:27:21,218 [main] INFO  rpc.RpcClient (RpcClient.java:createVolume(462)) - Creating Volume: volumec0fd478e-6485-4c54-9c4c-3366875b7ca0, with user03688 as owner and space quota set to -1 bytes, counts quota set to -1
2023-10-08 16:27:21,220 [omNode-3@group-523986131536-LeaderElection9-1] INFO  server.GrpcServerProtocolClient (GrpcServerProtocolClient.java:<init>(65)) - Build channel for omNode-1
2023-10-08 16:27:21,226 [omNode-3@group-523986131536-LeaderElection9-2] INFO  server.GrpcServerProtocolClient (GrpcServerProtocolClient.java:<init>(65)) - Build channel for omNode-2
2023-10-08 16:27:21,242 [main] INFO  retry.RetryInvocationHandler (RetryInvocationHandler.java:log(422)) - com.google.protobuf.ServiceException: java.io.EOFException: End of File Exception between local host is: "fv-az550-77/10.1.0.4"; destination host is: "localhost":15004; : java.io.EOFException; For more details see:  http://wiki.apache.org/hadoop/EOFException, while invoking $Proxy54.submitRequest over nodeId=omNode-1,nodeAddress=127.0.0.1:15004. Trying to failover immediately. Current retry count: 0.
2023-10-08 16:27:21,253 [grpc-default-executor-4] INFO  server.RaftServer$Division (RaftServerImpl.java:requestVote(1302)) - omNode-2@group-523986131536: receive requestVote(PRE_VOTE, omNode-3, group-523986131536, 2, (t:2, i:2))
2023-10-08 16:27:21,254 [grpc-default-executor-4] INFO  impl.VoteContext (VoteContext.java:log(49)) - omNode-2@group-523986131536-FOLLOWER: accept PRE_VOTE from omNode-3: our priority 0 <= candidate's priority 0
2023-10-08 16:27:21,254 [grpc-default-executor-4] INFO  server.RaftServer$Division (RaftServerImpl.java:requestVote(1335)) - omNode-2@group-523986131536 replies to PRE_VOTE vote request: omNode-3<-omNode-2#0:OK-t2. Peer's state: omNode-2@group-523986131536:t2, leader=null, voted=omNode-2, raftlog=Memoized:omNode-2@group-523986131536-SegmentedRaftLog:OPENED:c2, conf=1: peers:[omNode-3|rpc:localhost:15015|admin:|client:|dataStream:|priority:0|startupRole:FOLLOWER, omNode-1|rpc:localhost:15007|admin:|client:|dataStream:|priority:0|startupRole:FOLLOWER, omNode-2|rpc:localhost:15011|admin:|client:|dataStream:|priority:0|startupRole:FOLLOWER]|listeners:[], old=null
2023-10-08 16:27:21,256 [omNode-3@group-523986131536-LeaderElection9] INFO  impl.LeaderElection (LeaderElection.java:logAndReturn(90)) - omNode-3@group-523986131536-LeaderElection9: PRE_VOTE PASSED received 1 response(s) and 0 exception(s):
2023-10-08 16:27:21,256 [omNode-3@group-523986131536-LeaderElection9] INFO  impl.LeaderElection (LeaderElection.java:logAndReturn(94)) -   Response 0: omNode-3<-omNode-2#0:OK-t2
2023-10-08 16:27:21,257 [omNode-3@group-523986131536-LeaderElection9] INFO  impl.LeaderElection (LeaderElection.java:askForVotes(323)) - omNode-3@group-523986131536-LeaderElection9 PRE_VOTE round 0: result PASSED
2023-10-08 16:27:21,246 [grpc-default-executor-0] INFO  server.RaftServer$Division (RaftServerImpl.java:requestVote(1302)) - omNode-1@group-523986131536: receive requestVote(PRE_VOTE, omNode-3, group-523986131536, 2, (t:2, i:2))
2023-10-08 16:27:21,259 [grpc-default-executor-0] INFO  impl.VoteContext (VoteContext.java:log(49)) - omNode-1@group-523986131536-FOLLOWER: accept PRE_VOTE from omNode-3: our priority 0 <= candidate's priority 0
2023-10-08 16:27:21,259 [grpc-default-executor-0] INFO  server.RaftServer$Division (RaftServerImpl.java:requestVote(1335)) - omNode-1@group-523986131536 replies to PRE_VOTE vote request: omNode-3<-omNode-1#0:OK-t2. Peer's state: omNode-1@group-523986131536:t2, leader=omNode-2, voted=omNode-2, raftlog=Memoized:omNode-1@group-523986131536-SegmentedRaftLog:OPENED:c1, conf=1: peers:[omNode-3|rpc:localhost:15015|admin:|client:|dataStream:|priority:0|startupRole:FOLLOWER, omNode-1|rpc:localhost:15007|admin:|client:|dataStream:|priority:0|startupRole:FOLLOWER, omNode-2|rpc:localhost:15011|admin:|client:|dataStream:|priority:0|startupRole:FOLLOWER]|listeners:[], old=null
2023-10-08 16:27:21,258 [omNode-3@group-523986131536-LeaderElection9] INFO  impl.LeaderElection (LeaderElection.java:askForVotes(321)) - omNode-3@group-523986131536-LeaderElection9 ELECTION round 0: submit vote requests at term 3 for 1: peers:[omNode-3|rpc:localhost:15015|admin:|client:|dataStream:|priority:0|startupRole:FOLLOWER, omNode-1|rpc:localhost:15007|admin:|client:|dataStream:|priority:0|startupRole:FOLLOWER, omNode-2|rpc:localhost:15011|admin:|client:|dataStream:|priority:0|startupRole:FOLLOWER]|listeners:[], old=null
2023-10-08 16:27:21,270 [grpc-default-executor-0] INFO  server.RaftServer$Division (RaftServerImpl.java:requestVote(1302)) - omNode-1@group-523986131536: receive requestVote(ELECTION, omNode-3, group-523986131536, 3, (t:2, i:2))
2023-10-08 16:27:21,270 [grpc-default-executor-0] INFO  impl.VoteContext (VoteContext.java:log(49)) - omNode-1@group-523986131536-FOLLOWER: accept ELECTION from omNode-3: our priority 0 <= candidate's priority 0
2023-10-08 16:27:21,270 [grpc-default-executor-0] INFO  server.RaftServer$Division (ServerState.java:setLeader(317)) - omNode-1@group-523986131536: change Leader from omNode-2 to null at term 3 for updateCurrentTerm
2023-10-08 16:27:21,271 [grpc-default-executor-0] INFO  server.RaftServer$Division (RaftServerImpl.java:setRole(329)) - omNode-1@group-523986131536: changes role from  FOLLOWER to FOLLOWER at term 3 for candidate:omNode-3
2023-10-08 16:27:21,271 [grpc-default-executor-0] INFO  impl.RoleInfo (RoleInfo.java:shutdownFollowerState(110)) - omNode-1: shutdown omNode-1@group-523986131536-FollowerState
2023-10-08 16:27:21,271 [grpc-default-executor-0] INFO  impl.RoleInfo (RoleInfo.java:updateAndGet(139)) - omNode-1: start omNode-1@group-523986131536-FollowerState
2023-10-08 16:27:21,271 [omNode-1@group-523986131536-FollowerState] INFO  impl.FollowerState (FollowerState.java:run(152)) - omNode-1@group-523986131536-FollowerState was interrupted
2023-10-08 16:27:21,273 [grpc-default-executor-4] INFO  server.RaftServer$Division (RaftServerImpl.java:requestVote(1302)) - omNode-2@group-523986131536: receive requestVote(ELECTION, omNode-3, group-523986131536, 3, (t:2, i:2))
2023-10-08 16:27:21,274 [grpc-default-executor-4] INFO  impl.VoteContext (VoteContext.java:log(49)) - omNode-2@group-523986131536-FOLLOWER: accept ELECTION from omNode-3: our priority 0 <= candidate's priority 0
2023-10-08 16:27:21,274 [grpc-default-executor-4] INFO  server.RaftServer$Division (RaftServerImpl.java:setRole(329)) - omNode-2@group-523986131536: changes role from  FOLLOWER to FOLLOWER at term 3 for candidate:omNode-3
2023-10-08 16:27:21,274 [grpc-default-executor-4] INFO  impl.RoleInfo (RoleInfo.java:shutdownFollowerState(110)) - omNode-2: shutdown omNode-2@group-523986131536-FollowerState
2023-10-08 16:27:21,274 [grpc-default-executor-4] INFO  impl.RoleInfo (RoleInfo.java:updateAndGet(139)) - omNode-2: start omNode-2@group-523986131536-FollowerState
2023-10-08 16:27:21,274 [omNode-2@group-523986131536-FollowerState] INFO  impl.FollowerState (FollowerState.java:run(152)) - omNode-2@group-523986131536-FollowerState was interrupted
2023-10-08 16:27:21,274 [grpc-default-executor-0] INFO  server.RaftServer$Division (RaftServerImpl.java:requestVote(1335)) - omNode-1@group-523986131536 replies to ELECTION vote request: omNode-3<-omNode-1#0:OK-t3. Peer's state: omNode-1@group-523986131536:t3, leader=null, voted=omNode-3, raftlog=Memoized:omNode-1@group-523986131536-SegmentedRaftLog:OPENED:c1, conf=1: peers:[omNode-3|rpc:localhost:15015|admin:|client:|dataStream:|priority:0|startupRole:FOLLOWER, omNode-1|rpc:localhost:15007|admin:|client:|dataStream:|priority:0|startupRole:FOLLOWER, omNode-2|rpc:localhost:15011|admin:|client:|dataStream:|priority:0|startupRole:FOLLOWER]|listeners:[], old=null
2023-10-08 16:27:21,280 [grpc-default-executor-4] INFO  server.RaftServer$Division (RaftServerImpl.java:requestVote(1335)) - omNode-2@group-523986131536 replies to ELECTION vote request: omNode-3<-omNode-2#0:OK-t3. Peer's state: omNode-2@group-523986131536:t3, leader=null, voted=omNode-3, raftlog=Memoized:omNode-2@group-523986131536-SegmentedRaftLog:OPENED:c2, conf=1: peers:[omNode-3|rpc:localhost:15015|admin:|client:|dataStream:|priority:0|startupRole:FOLLOWER, omNode-1|rpc:localhost:15007|admin:|client:|dataStream:|priority:0|startupRole:FOLLOWER, omNode-2|rpc:localhost:15011|admin:|client:|dataStream:|priority:0|startupRole:FOLLOWER]|listeners:[], old=null
2023-10-08 16:27:21,282 [omNode-3@group-523986131536-LeaderElection9] INFO  impl.LeaderElection (LeaderElection.java:logAndReturn(90)) - omNode-3@group-523986131536-LeaderElection9: ELECTION PASSED received 1 response(s) and 0 exception(s):
2023-10-08 16:27:21,282 [omNode-3@group-523986131536-LeaderElection9] INFO  impl.LeaderElection (LeaderElection.java:logAndReturn(94)) -   Response 0: omNode-3<-omNode-1#0:OK-t3
2023-10-08 16:27:21,282 [omNode-3@group-523986131536-LeaderElection9] INFO  impl.LeaderElection (LeaderElection.java:askForVotes(323)) - omNode-3@group-523986131536-LeaderElection9 ELECTION round 0: result PASSED
2023-10-08 16:27:21,282 [omNode-3@group-523986131536-LeaderElection9] INFO  impl.RoleInfo (RoleInfo.java:shutdownLeaderElection(130)) - omNode-3: shutdown omNode-3@group-523986131536-LeaderElection9
2023-10-08 16:27:21,282 [omNode-3@group-523986131536-LeaderElection9] INFO  server.RaftServer$Division (RaftServerImpl.java:setRole(329)) - omNode-3@group-523986131536: changes role from CANDIDATE to LEADER at term 3 for changeToLeader
2023-10-08 16:27:21,282 [omNode-3@group-523986131536-LeaderElection9] INFO  server.RaftServer$Division (ServerState.java:setLeader(317)) - omNode-3@group-523986131536: change Leader from null to omNode-3 at term 3 for becomeLeader, leader elected after 71ms
2023-10-08 16:27:21,282 [omNode-3@group-523986131536-LeaderElection9] INFO  server.RaftServerConfigKeys (ConfUtils.java:logGet(46)) - raft.server.staging.catchup.gap = 1000 (default)
2023-10-08 16:27:21,283 [omNode-3@group-523986131536-LeaderElection9] INFO  server.RaftServerConfigKeys (ConfUtils.java:logGet(46)) - raft.server.write.element-limit = 4096 (default)
2023-10-08 16:27:21,283 [omNode-3@group-523986131536-LeaderElection9] INFO  server.RaftServerConfigKeys (ConfUtils.java:logGet(46)) - raft.server.write.byte-limit = 64MB (=67108864) (default)
2023-10-08 16:27:21,283 [omNode-3@group-523986131536-LeaderElection9] INFO  server.RaftServerConfigKeys (ConfUtils.java:logGet(46)) - raft.server.watch.timeout = 10s (default)
2023-10-08 16:27:21,283 [omNode-3@group-523986131536-LeaderElection9] INFO  server.RaftServerConfigKeys (ConfUtils.java:logGet(46)) - raft.server.watch.timeout.denomination = 1s (default)
2023-10-08 16:27:21,283 [omNode-3@group-523986131536-LeaderElection9] INFO  server.RaftServerConfigKeys (ConfUtils.java:logGet(46)) - raft.server.watch.element-limit = 65536 (default)
2023-10-08 16:27:21,283 [omNode-3@group-523986131536-LeaderElection9] INFO  server.RaftServerConfigKeys (ConfUtils.java:logGet(46)) - raft.server.write.element-limit = 4096 (default)
2023-10-08 16:27:21,283 [omNode-3@group-523986131536-LeaderElection9] INFO  server.RaftServerConfigKeys (ConfUtils.java:logGet(46)) - raft.server.write.follower.gap.ratio.max = -1.0 (default)
2023-10-08 16:27:21,284 [omNode-3@group-523986131536-LeaderElection9] INFO  server.RaftServerConfigKeys (ConfUtils.java:logGet(46)) - raft.server.log.appender.snapshot.chunk.size.max = 16MB (=16777216) (default)
2023-10-08 16:27:21,284 [omNode-3@group-523986131536-LeaderElection9] INFO  server.RaftServerConfigKeys (ConfUtils.java:logGet(46)) - raft.server.log.appender.buffer.byte-limit = 33554432 (custom)
2023-10-08 16:27:21,284 [omNode-3@group-523986131536-LeaderElection9] INFO  server.RaftServerConfigKeys (ConfUtils.java:logGet(46)) - raft.server.log.appender.buffer.element-limit = 1024 (custom)
2023-10-08 16:27:21,284 [omNode-3@group-523986131536-LeaderElection9] INFO  server.RaftServerConfigKeys (ConfUtils.java:logGet(46)) - raft.server.log.appender.wait-time.min = 0ms (custom)
2023-10-08 16:27:21,284 [omNode-3@group-523986131536-LeaderElection9] INFO  grpc.GrpcConfigKeys (ConfUtils.java:logGet(46)) - raft.grpc.server.leader.outstanding.appends.max = 128 (default)
2023-10-08 16:27:21,284 [omNode-3@group-523986131536-LeaderElection9] INFO  server.RaftServerConfigKeys (ConfUtils.java:logGet(46)) - raft.server.rpc.request.timeout = 3000ms (default)
2023-10-08 16:27:21,284 [omNode-3@group-523986131536-LeaderElection9] INFO  grpc.GrpcConfigKeys (ConfUtils.java:logGet(46)) - raft.grpc.server.install_snapshot.request.element-limit = 8 (default)
2023-10-08 16:27:21,284 [omNode-3@group-523986131536-LeaderElection9] INFO  grpc.GrpcConfigKeys (ConfUtils.java:logGet(46)) - raft.grpc.server.install_snapshot.request.timeout = 3000ms (default)
2023-10-08 16:27:21,284 [omNode-3@group-523986131536-LeaderElection9] INFO  server.RaftServerConfigKeys (ConfUtils.java:logGet(46)) - raft.server.log.appender.install.snapshot.enabled = false (custom)
2023-10-08 16:27:21,284 [omNode-3@group-523986131536-LeaderElection9] INFO  grpc.GrpcConfigKeys (ConfUtils.java:logGet(46)) - raft.grpc.server.heartbeat.channel = true (default)
2023-10-08 16:27:21,285 [omNode-3@group-523986131536-LeaderElection9] INFO  server.RaftServerConfigKeys (ConfUtils.java:logGet(46)) - raft.server.log.appender.snapshot.chunk.size.max = 16MB (=16777216) (default)
2023-10-08 16:27:21,285 [omNode-3@group-523986131536-LeaderElection9] INFO  server.RaftServerConfigKeys (ConfUtils.java:logGet(46)) - raft.server.log.appender.buffer.byte-limit = 33554432 (custom)
2023-10-08 16:27:21,285 [omNode-3@group-523986131536-LeaderElection9] INFO  server.RaftServerConfigKeys (ConfUtils.java:logGet(46)) - raft.server.log.appender.buffer.element-limit = 1024 (custom)
2023-10-08 16:27:21,285 [omNode-3@group-523986131536-LeaderElection9] INFO  server.RaftServerConfigKeys (ConfUtils.java:logGet(46)) - raft.server.log.appender.wait-time.min = 0ms (custom)
2023-10-08 16:27:21,285 [omNode-3@group-523986131536-LeaderElection9] INFO  grpc.GrpcConfigKeys (ConfUtils.java:logGet(46)) - raft.grpc.server.leader.outstanding.appends.max = 128 (default)
2023-10-08 16:27:21,285 [omNode-3@group-523986131536-LeaderElection9] INFO  server.RaftServerConfigKeys (ConfUtils.java:logGet(46)) - raft.server.rpc.request.timeout = 3000ms (default)
2023-10-08 16:27:21,285 [omNode-3@group-523986131536-LeaderElection9] INFO  grpc.GrpcConfigKeys (ConfUtils.java:logGet(46)) - raft.grpc.server.install_snapshot.request.element-limit = 8 (default)
2023-10-08 16:27:21,285 [omNode-3@group-523986131536-LeaderElection9] INFO  grpc.GrpcConfigKeys (ConfUtils.java:logGet(46)) - raft.grpc.server.install_snapshot.request.timeout = 3000ms (default)
2023-10-08 16:27:21,285 [omNode-3@group-523986131536-LeaderElection9] INFO  server.RaftServerConfigKeys (ConfUtils.java:logGet(46)) - raft.server.log.appender.install.snapshot.enabled = false (custom)
2023-10-08 16:27:21,285 [omNode-3@group-523986131536-LeaderElection9] INFO  grpc.GrpcConfigKeys (ConfUtils.java:logGet(46)) - raft.grpc.server.heartbeat.channel = true (default)
2023-10-08 16:27:21,286 [omNode-3@group-523986131536-LeaderElection9] INFO  impl.RoleInfo (RoleInfo.java:updateAndGet(139)) - omNode-3: start omNode-3@group-523986131536-LeaderStateImpl
2023-10-08 16:27:21,286 [omNode-3@group-523986131536-LeaderElection9] INFO  segmented.SegmentedRaftLogWorker (SegmentedRaftLogWorker.java:rollLogSegment(452)) - omNode-3@group-523986131536-SegmentedRaftLogWorker: Rolling segment log-1_2 to index:2
2023-10-08 16:27:21,287 [omNode-3@group-523986131536-SegmentedRaftLogWorker] INFO  segmented.SegmentedRaftLogWorker (SegmentedRaftLogWorker.java:execute(608)) - omNode-3@group-523986131536-SegmentedRaftLogWorker: Rolled log segment from /home/runner/work/ozone/ozone/hadoop-ozone/integration-test/target/test-dir/MiniOzoneClusterImpl-c8a21aad-f255-4385-b304-f7d4bfe38451/omNode-3/ratis/c9bc4cf4-3bc3-3c60-a66b-523986131536/current/log_inprogress_1 to /home/runner/work/ozone/ozone/hadoop-ozone/integration-test/target/test-dir/MiniOzoneClusterImpl-c8a21aad-f255-4385-b304-f7d4bfe38451/omNode-3/ratis/c9bc4cf4-3bc3-3c60-a66b-523986131536/current/log_1-2
2023-10-08 16:27:21,301 [omNode-3@group-523986131536-LeaderElection9] INFO  server.RaftServer$Division (ServerState.java:setRaftConf(434)) - omNode-3@group-523986131536: set configuration 3: peers:[omNode-3|rpc:localhost:15015|admin:|client:|dataStream:|priority:0|startupRole:FOLLOWER, omNode-1|rpc:localhost:15007|admin:|client:|dataStream:|priority:0|startupRole:FOLLOWER, omNode-2|rpc:localhost:15011|admin:|client:|dataStream:|priority:0|startupRole:FOLLOWER]|listeners:[], old=null
2023-10-08 16:27:21,302 [omNode-1-server-thread2] INFO  server.RaftServer$Division (ServerState.java:setLeader(317)) - omNode-1@group-523986131536: change Leader from null to omNode-3 at term 3 for appendEntries, leader elected after 28ms
2023-10-08 16:27:21,302 [omNode-3@group-523986131536-SegmentedRaftLogWorker] INFO  segmented.SegmentedRaftLogWorker (SegmentedRaftLogWorker.java:execute(651)) - omNode-3@group-523986131536-SegmentedRaftLogWorker: created new log segment /home/runner/work/ozone/ozone/hadoop-ozone/integration-test/target/test-dir/MiniOzoneClusterImpl-c8a21aad-f255-4385-b304-f7d4bfe38451/omNode-3/ratis/c9bc4cf4-3bc3-3c60-a66b-523986131536/current/log_inprogress_3
2023-10-08 16:27:21,303 [omNode-1-server-thread2] INFO  server.RaftServer$Division (ServerState.java:setRaftConf(434)) - omNode-1@group-523986131536: set configuration 3: peers:[omNode-3|rpc:localhost:15015|admin:|client:|dataStream:|priority:0|startupRole:FOLLOWER, omNode-1|rpc:localhost:15007|admin:|client:|dataStream:|priority:0|startupRole:FOLLOWER, omNode-2|rpc:localhost:15011|admin:|client:|dataStream:|priority:0|startupRole:FOLLOWER]|listeners:[], old=null
2023-10-08 16:27:21,303 [omNode-1-server-thread2] INFO  segmented.SegmentedRaftLogWorker (SegmentedRaftLogWorker.java:rollLogSegment(452)) - omNode-1@group-523986131536-SegmentedRaftLogWorker: Rolling segment log-1_2 to index:2
2023-10-08 16:27:21,305 [omNode-1@group-523986131536-SegmentedRaftLogWorker] INFO  segmented.SegmentedRaftLogWorker (SegmentedRaftLogWorker.java:execute(608)) - omNode-1@group-523986131536-SegmentedRaftLogWorker: Rolled log segment from /home/runner/work/ozone/ozone/hadoop-ozone/integration-test/target/test-dir/MiniOzoneClusterImpl-c8a21aad-f255-4385-b304-f7d4bfe38451/omNode-1/ratis/c9bc4cf4-3bc3-3c60-a66b-523986131536/current/log_inprogress_1 to /home/runner/work/ozone/ozone/hadoop-ozone/integration-test/target/test-dir/MiniOzoneClusterImpl-c8a21aad-f255-4385-b304-f7d4bfe38451/omNode-1/ratis/c9bc4cf4-3bc3-3c60-a66b-523986131536/current/log_1-2
2023-10-08 16:27:21,316 [main] INFO  retry.RetryInvocationHandler (RetryInvocationHandler.java:log(422)) - com.google.protobuf.ServiceException: org.apache.hadoop.ipc.RemoteException(org.apache.hadoop.ozone.om.exceptions.OMNotLeaderException): OM:omNode-2 is not the leader. Could not determine the leader node.
	at org.apache.hadoop.ozone.om.OzoneManager.checkLeaderStatus(OzoneManager.java:4071)
	at org.apache.hadoop.ozone.om.ratis.utils.OzoneManagerRatisUtils.checkLeaderStatus(OzoneManagerRatisUtils.java:482)
	at org.apache.hadoop.ozone.protocolPB.OzoneManagerProtocolServerSideTranslatorPB.processRequest(OzoneManagerProtocolServerSideTranslatorPB.java:185)
	at org.apache.hadoop.hdds.server.OzoneProtocolMessageDispatcher.processRequest(OzoneProtocolMessageDispatcher.java:87)
	at org.apache.hadoop.ozone.protocolPB.OzoneManagerProtocolServerSideTranslatorPB.submitRequest(OzoneManagerProtocolServerSideTranslatorPB.java:148)
	at org.apache.hadoop.ozone.protocol.proto.OzoneManagerProtocolProtos$OzoneManagerService$2.callBlockingMethod(OzoneManagerProtocolProtos.java)
	at org.apache.hadoop.ipc.ProtobufRpcEngine$Server.processCall(ProtobufRpcEngine.java:484)
	at org.apache.hadoop.ipc.ProtobufRpcEngine2$Server$ProtoBufRpcInvoker.call(ProtobufRpcEngine2.java:595)
	at org.apache.hadoop.ipc.ProtobufRpcEngine2$Server$ProtoBufRpcInvoker.call(ProtobufRpcEngine2.java:573)
	at org.apache.hadoop.ipc.RPC$Server.call(RPC.java:1227)
	at org.apache.hadoop.ipc.Server$RpcCall.run(Server.java:1094)
	at org.apache.hadoop.ipc.Server$RpcCall.run(Server.java:1017)
	at java.security.AccessController.doPrivileged(Native Method)
	at javax.security.auth.Subject.doAs(Subject.java:422)
	at org.apache.hadoop.security.UserGroupInformation.doAs(UserGroupInformation.java:1899)
	at org.apache.hadoop.ipc.Server$Handler.run(Server.java:3048)
, while invoking $Proxy54.submitRequest over nodeId=omNode-2,nodeAddress=127.0.0.1:15008 after 1 failover attempts. Trying to failover immediately. Current retry count: 1.
2023-10-08 16:27:21,322 [omNode-1@group-523986131536-SegmentedRaftLogWorker] INFO  segmented.SegmentedRaftLogWorker (SegmentedRaftLogWorker.java:execute(651)) - omNode-1@group-523986131536-SegmentedRaftLogWorker: created new log segment /home/runner/work/ozone/ozone/hadoop-ozone/integration-test/target/test-dir/MiniOzoneClusterImpl-c8a21aad-f255-4385-b304-f7d4bfe38451/omNode-1/ratis/c9bc4cf4-3bc3-3c60-a66b-523986131536/current/log_inprogress_3
2023-10-08 16:27:21,330 [omNode-3@group-523986131536-StateMachineUpdater] INFO  ratis.OzoneManagerStateMachine (OzoneManagerStateMachine.java:notifyConfigurationChanged(202)) - Received Configuration change notification from Ratis. New Peer list:
[id: "omNode-3"
address: "localhost:15015"
startupRole: FOLLOWER
, id: "omNode-1"
address: "localhost:15007"
startupRole: FOLLOWER
, id: "omNode-2"
address: "localhost:15011"
startupRole: FOLLOWER
]
2023-10-08 16:27:21,333 [omNode-1@group-523986131536-StateMachineUpdater] INFO  ratis.OzoneManagerStateMachine (OzoneManagerStateMachine.java:notifyConfigurationChanged(202)) - Received Configuration change notification from Ratis. New Peer list:
[id: "omNode-3"
address: "localhost:15015"
startupRole: FOLLOWER
, id: "omNode-1"
address: "localhost:15007"
startupRole: FOLLOWER
, id: "omNode-2"
address: "localhost:15011"
startupRole: FOLLOWER
]
2023-10-08 16:27:21,333 [omNode-2-server-thread2] INFO  server.RaftServer$Division (ServerState.java:setLeader(317)) - omNode-2@group-523986131536: change Leader from null to omNode-3 at term 3 for appendEntries, leader elected after 928ms
2023-10-08 16:27:21,334 [omNode-2-server-thread1] INFO  server.RaftServer$Division (ServerState.java:setRaftConf(434)) - omNode-2@group-523986131536: set configuration 3: peers:[omNode-3|rpc:localhost:15015|admin:|client:|dataStream:|priority:0|startupRole:FOLLOWER, omNode-1|rpc:localhost:15007|admin:|client:|dataStream:|priority:0|startupRole:FOLLOWER, omNode-2|rpc:localhost:15011|admin:|client:|dataStream:|priority:0|startupRole:FOLLOWER]|listeners:[], old=null
2023-10-08 16:27:21,334 [omNode-2-server-thread1] INFO  segmented.SegmentedRaftLogWorker (SegmentedRaftLogWorker.java:rollLogSegment(452)) - omNode-2@group-523986131536-SegmentedRaftLogWorker: Rolling segment log-1_2 to index:2
2023-10-08 16:27:21,339 [omNode-2@group-523986131536-SegmentedRaftLogWorker] INFO  segmented.SegmentedRaftLogWorker (SegmentedRaftLogWorker.java:execute(608)) - omNode-2@group-523986131536-SegmentedRaftLogWorker: Rolled log segment from /home/runner/work/ozone/ozone/hadoop-ozone/integration-test/target/test-dir/MiniOzoneClusterImpl-c8a21aad-f255-4385-b304-f7d4bfe38451/omNode-2/ratis/c9bc4cf4-3bc3-3c60-a66b-523986131536/current/log_inprogress_1 to /home/runner/work/ozone/ozone/hadoop-ozone/integration-test/target/test-dir/MiniOzoneClusterImpl-c8a21aad-f255-4385-b304-f7d4bfe38451/omNode-2/ratis/c9bc4cf4-3bc3-3c60-a66b-523986131536/current/log_1-2
2023-10-08 16:27:21,357 [omNode-2@group-523986131536-SegmentedRaftLogWorker] INFO  segmented.SegmentedRaftLogWorker (SegmentedRaftLogWorker.java:execute(651)) - omNode-2@group-523986131536-SegmentedRaftLogWorker: created new log segment /home/runner/work/ozone/ozone/hadoop-ozone/integration-test/target/test-dir/MiniOzoneClusterImpl-c8a21aad-f255-4385-b304-f7d4bfe38451/omNode-2/ratis/c9bc4cf4-3bc3-3c60-a66b-523986131536/current/log_inprogress_3
2023-10-08 16:27:21,361 [omNode-2@group-523986131536-StateMachineUpdater] INFO  ratis.OzoneManagerStateMachine (OzoneManagerStateMachine.java:notifyConfigurationChanged(202)) - Received Configuration change notification from Ratis. New Peer list:
[id: "omNode-3"
address: "localhost:15015"
startupRole: FOLLOWER
, id: "omNode-1"
address: "localhost:15007"
startupRole: FOLLOWER
, id: "omNode-2"
address: "localhost:15011"
startupRole: FOLLOWER
]
2023-10-08 16:27:21,405 [OM StateMachine ApplyTransaction Thread - 0] INFO  volume.OMVolumeCreateRequest (OMVolumeCreateRequest.java:validateAndUpdateCache(196)) - created volume:volumec0fd478e-6485-4c54-9c4c-3366875b7ca0 for user:user03688
2023-10-08 16:27:21,412 [OM StateMachine ApplyTransaction Thread - 0] INFO  volume.OMVolumeCreateRequest (OMVolumeCreateRequest.java:validateAndUpdateCache(196)) - created volume:volumec0fd478e-6485-4c54-9c4c-3366875b7ca0 for user:user03688
2023-10-08 16:27:21,415 [OM StateMachine ApplyTransaction Thread - 0] INFO  volume.OMVolumeCreateRequest (OMVolumeCreateRequest.java:validateAndUpdateCache(196)) - created volume:volumec0fd478e-6485-4c54-9c4c-3366875b7ca0 for user:user03688
2023-10-08 16:27:21,436 [main] INFO  rpc.RpcClient (RpcClient.java:createBucket(689)) - Creating Bucket: volumec0fd478e-6485-4c54-9c4c-3366875b7ca0/19f255b3-5442-4aba-8b22-5ad499934258, with server-side default bucket layout, runner as owner, Versioning false, Storage Type set to DISK and Encryption set to false, Replication Type set to server-side default replication type, Namespace Quota set to -1, Space Quota set to -1 
2023-10-08 16:27:21,461 [OM StateMachine ApplyTransaction Thread - 0] INFO  bucket.OMBucketCreateRequest (OMBucketCreateRequest.java:validateAndUpdateCache(270)) - created bucket: 19f255b3-5442-4aba-8b22-5ad499934258 of layout OBJECT_STORE in volume: volumec0fd478e-6485-4c54-9c4c-3366875b7ca0
2023-10-08 16:27:21,462 [OM StateMachine ApplyTransaction Thread - 0] INFO  bucket.OMBucketCreateRequest (OMBucketCreateRequest.java:validateAndUpdateCache(270)) - created bucket: 19f255b3-5442-4aba-8b22-5ad499934258 of layout OBJECT_STORE in volume: volumec0fd478e-6485-4c54-9c4c-3366875b7ca0
2023-10-08 16:27:21,465 [OM StateMachine ApplyTransaction Thread - 0] INFO  bucket.OMBucketCreateRequest (OMBucketCreateRequest.java:validateAndUpdateCache(270)) - created bucket: 19f255b3-5442-4aba-8b22-5ad499934258 of layout OBJECT_STORE in volume: volumec0fd478e-6485-4c54-9c4c-3366875b7ca0
2023-10-08 16:27:21,529 [IPC Server handler 11 on default port 15001] INFO  ha.SequenceIdGenerator (SequenceIdGenerator.java:getNextId(140)) - Allocate a batch for containerId, change lastId from 0 to 1000.
2023-10-08 16:27:21,538 [IPC Server handler 11 on default port 15001] WARN  ha.SequenceIdGenerator (SequenceIdGenerator.java:allocateBatch(253)) - Failed to allocate a batch for localId, expected lastId is 0, actual lastId is 111677748019200000.
2023-10-08 16:27:21,539 [IPC Server handler 11 on default port 15001] INFO  ha.SequenceIdGenerator (SequenceIdGenerator.java:getNextId(140)) - Allocate a batch for localId, change lastId from 111677748019200000 to 111677748019201000.
2023-10-08 16:27:21,638 [main] INFO  impl.MetricsSystemImpl (MetricsSystemImpl.java:init(158)) - XceiverClientMetrics metrics system started (again)
2023-10-08 16:27:21,638 [main] INFO  lib.Interns (Interns.java:removeEldestEntry(50)) - Metrics intern cache overflow at 2011 for MetricsSystem={MetricsSystem=MetricsInfoImpl{name=MetricsSystem, description=MetricsSystem}, MetricsSystem record=MetricsInfoImpl{name=MetricsSystem, description=MetricsSystem record}}
2023-10-08 16:27:22,097 [IPC Server handler 0 on default port 15001] WARN  node.SCMNodeManager (SCMNodeManager.java:getNodesByAddress(1373)) - Cannot find node for address 127.0.0.1
2023-10-08 16:27:22,113 [IPC Server handler 11 on default port 15001] WARN  node.SCMNodeManager (SCMNodeManager.java:getNodesByAddress(1373)) - Cannot find node for address 127.0.0.1
2023-10-08 16:27:22,324 [IPC Server handler 4 on default port 15001] WARN  node.SCMNodeManager (SCMNodeManager.java:getNodesByAddress(1373)) - Cannot find node for address 127.0.0.1
2023-10-08 16:27:22,328 [IPC Server handler 2 on default port 15001] WARN  node.SCMNodeManager (SCMNodeManager.java:getNodesByAddress(1373)) - Cannot find node for address 127.0.0.1
2023-10-08 16:27:22,435 [IPC Server handler 6 on default port 15001] WARN  node.SCMNodeManager (SCMNodeManager.java:getNodesByAddress(1373)) - Cannot find node for address 127.0.0.1
2023-10-08 16:27:22,439 [IPC Server handler 1 on default port 15001] WARN  node.SCMNodeManager (SCMNodeManager.java:getNodesByAddress(1373)) - Cannot find node for address 127.0.0.1
2023-10-08 16:27:22,532 [IPC Server handler 19 on default port 15001] WARN  node.SCMNodeManager (SCMNodeManager.java:getNodesByAddress(1373)) - Cannot find node for address 127.0.0.1
2023-10-08 16:27:22,536 [IPC Server handler 3 on default port 15001] WARN  node.SCMNodeManager (SCMNodeManager.java:getNodesByAddress(1373)) - Cannot find node for address 127.0.0.1
2023-10-08 16:27:22,606 [main] INFO  om.OzoneManager (OzoneManager.java:stop(2208)) - omNode-3[localhost:15012]: Stopping Ozone Manager
2023-10-08 16:27:22,607 [main] INFO  ipc.Server (Server.java:stop(3523)) - Stopping server on 15012
2023-10-08 16:27:22,623 [IPC Server listener on 15012] INFO  ipc.Server (Server.java:run(1434)) - Stopping IPC Server listener on 15012
2023-10-08 16:27:22,623 [IPC Server Responder] INFO  ipc.Server (Server.java:run(1567)) - Stopping IPC Server Responder
2023-10-08 16:27:22,624 [main] INFO  server.RaftServer (RaftServerProxy.java:lambda$close$6(416)) - omNode-3: close
2023-10-08 16:27:22,625 [main] INFO  server.GrpcService (GrpcService.java:closeImpl(311)) - omNode-3: shutdown server GrpcServerProtocolService now
2023-10-08 16:27:22,625 [omNode-3-impl-thread1] INFO  server.RaftServer$Division (RaftServerImpl.java:lambda$close$4(466)) - omNode-3@group-523986131536: shutdown
2023-10-08 16:27:22,625 [omNode-3-impl-thread1] INFO  util.JmxRegister (JmxRegister.java:unregister(73)) - Successfully un-registered JMX Bean with object name Ratis:service=RaftServer,group=group-523986131536,id=omNode-3
2023-10-08 16:27:22,625 [omNode-3-impl-thread1] INFO  impl.RoleInfo (RoleInfo.java:shutdownLeaderState(93)) - omNode-3: shutdown omNode-3@group-523986131536-LeaderStateImpl
2023-10-08 16:27:22,626 [omNode-3-impl-thread1] INFO  impl.PendingRequests (PendingRequests.java:sendNotLeaderResponses(289)) - omNode-3@group-523986131536-PendingRequests: sendNotLeaderResponses
2023-10-08 16:27:22,626 [omNode-3@group-523986131536->omNode-1-GrpcLogAppender-LogAppenderDaemon] WARN  server.GrpcLogAppender (GrpcLogAppender.java:mayWait(199)) - omNode-3@group-523986131536->omNode-1-GrpcLogAppender: Wait interrupted by java.lang.InterruptedException
2023-10-08 16:27:22,626 [omNode-3@group-523986131536->omNode-2-GrpcLogAppender-LogAppenderDaemon] WARN  server.GrpcLogAppender (GrpcLogAppender.java:mayWait(199)) - omNode-3@group-523986131536->omNode-2-GrpcLogAppender: Wait interrupted by java.lang.InterruptedException
2023-10-08 16:27:22,626 [grpc-default-executor-4] INFO  server.GrpcServerProtocolService (GrpcServerProtocolService.java:onCompleted(155)) - omNode-2: Completed APPEND_ENTRIES, lastRequest: null
2023-10-08 16:27:22,627 [grpc-default-executor-4] INFO  server.GrpcServerProtocolService (GrpcServerProtocolService.java:lambda$onCompleted$5(157)) - omNode-2: Completed APPEND_ENTRIES, lastReply: serverReply {
  requestorId: "omNode-3"
  replyId: "omNode-2"
  raftGroupId {
    id: "\311\274L\364;\303<`\246kR9\206\023\0256"
  }
  callId: 5
  success: true
}
term: 3
nextIndex: 5
followerCommit: 4
matchIndex: 18446744073709551615
isHearbeat: true

2023-10-08 16:27:22,627 [grpc-default-executor-4] INFO  server.GrpcServerProtocolService (GrpcServerProtocolService.java:onCompleted(155)) - omNode-1: Completed APPEND_ENTRIES, lastRequest: null
2023-10-08 16:27:22,627 [grpc-default-executor-4] INFO  server.GrpcServerProtocolService (GrpcServerProtocolService.java:lambda$onCompleted$5(157)) - omNode-1: Completed APPEND_ENTRIES, lastReply: serverReply {
  requestorId: "omNode-3"
  replyId: "omNode-1"
  raftGroupId {
    id: "\311\274L\364;\303<`\246kR9\206\023\0256"
  }
  success: true
}
term: 3
nextIndex: 4
followerCommit: 1
matchIndex: 18446744073709551615
isHearbeat: true

2023-10-08 16:27:22,628 [grpc-default-executor-4] INFO  server.GrpcServerProtocolService (GrpcServerProtocolService.java:onCompleted(155)) - omNode-2: Completed APPEND_ENTRIES, lastRequest: omNode-3->omNode-2#71-t3,previous=(t:3, i:31),leaderCommit=31,initializing? true,entries: size=1, first=(t:3, i:32), METADATAENTRY(c:31)
2023-10-08 16:27:22,628 [grpc-default-executor-4] INFO  server.GrpcServerProtocolService (GrpcServerProtocolService.java:lambda$onCompleted$5(157)) - omNode-2: Completed APPEND_ENTRIES, lastReply: null
2023-10-08 16:27:22,629 [grpc-default-executor-2] INFO  server.GrpcLogAppender (GrpcLogAppender.java:onCompleted(428)) - omNode-3@group-523986131536->omNode-2-AppendLogResponseHandler: follower responses appendEntries COMPLETED
2023-10-08 16:27:22,629 [grpc-default-executor-2] INFO  leader.FollowerInfo (FollowerInfoImpl.java:lambda$new$0(52)) - omNode-3@group-523986131536->omNode-2: decreaseNextIndex nextIndex: updateUnconditionally 33 -> 32
2023-10-08 16:27:22,629 [grpc-default-executor-0] INFO  server.GrpcServerProtocolService (GrpcServerProtocolService.java:onCompleted(155)) - omNode-1: Completed APPEND_ENTRIES, lastRequest: omNode-3->omNode-1#61-t3,previous=(t:3, i:31),leaderCommit=31,initializing? true,entries: size=1, first=(t:3, i:32), METADATAENTRY(c:31)
2023-10-08 16:27:22,629 [grpc-default-executor-0] INFO  server.GrpcServerProtocolService (GrpcServerProtocolService.java:lambda$onCompleted$5(157)) - omNode-1: Completed APPEND_ENTRIES, lastReply: null
2023-10-08 16:27:22,629 [grpc-default-executor-4] INFO  server.GrpcLogAppender (GrpcLogAppender.java:onCompleted(428)) - omNode-3@group-523986131536->omNode-2-AppendLogResponseHandler: follower responses appendEntries COMPLETED
2023-10-08 16:27:22,629 [grpc-default-executor-4] INFO  leader.FollowerInfo (FollowerInfoImpl.java:lambda$new$0(52)) - omNode-3@group-523986131536->omNode-2: decreaseNextIndex nextIndex: updateUnconditionally 32 -> 31
2023-10-08 16:27:22,630 [grpc-default-executor-2] INFO  server.GrpcLogAppender (GrpcLogAppender.java:onCompleted(428)) - omNode-3@group-523986131536->omNode-1-AppendLogResponseHandler: follower responses appendEntries COMPLETED
2023-10-08 16:27:22,630 [grpc-default-executor-2] INFO  leader.FollowerInfo (FollowerInfoImpl.java:lambda$new$0(52)) - omNode-3@group-523986131536->omNode-1: decreaseNextIndex nextIndex: updateUnconditionally 33 -> 32
2023-10-08 16:27:22,636 [grpc-default-executor-0] INFO  server.GrpcLogAppender (GrpcLogAppender.java:onCompleted(428)) - omNode-3@group-523986131536->omNode-1-AppendLogResponseHandler: follower responses appendEntries COMPLETED
2023-10-08 16:27:22,637 [grpc-default-executor-0] INFO  leader.FollowerInfo (FollowerInfoImpl.java:lambda$new$0(52)) - omNode-3@group-523986131536->omNode-1: decreaseNextIndex nextIndex: updateUnconditionally 32 -> 31
2023-10-08 16:27:22,638 [omNode-3-impl-thread1] INFO  impl.StateMachineUpdater (StateMachineUpdater.java:stopAndJoin(155)) - omNode-3@group-523986131536-StateMachineUpdater: set stopIndex = 32
2023-10-08 16:27:22,638 [omNode-3@group-523986131536-StateMachineUpdater] INFO  ratis.OzoneManagerStateMachine (OzoneManagerStateMachine.java:takeSnapshot(483)) - Current Snapshot Index (t:3, i:32)
2023-10-08 16:27:22,638 [Thread-736] INFO  server.GrpcServerProtocolClient (GrpcServerProtocolClient.java:close(103)) - omNode-1 Close channels
2023-10-08 16:27:22,641 [Thread-737] INFO  server.GrpcServerProtocolClient (GrpcServerProtocolClient.java:close(103)) - omNode-2 Close channels
2023-10-08 16:27:22,645 [main] INFO  server.GrpcService (GrpcService.java:closeImpl(320)) - omNode-3: shutdown server GrpcServerProtocolService successfully
2023-10-08 16:27:22,657 [omNode-3@group-523986131536-StateMachineUpdater] INFO  impl.StateMachineUpdater (StateMachineUpdater.java:takeSnapshot(291)) - omNode-3@group-523986131536-StateMachineUpdater: Took a snapshot at index 32
2023-10-08 16:27:22,657 [omNode-3@group-523986131536-StateMachineUpdater] INFO  impl.StateMachineUpdater (StateMachineUpdater.java:lambda$new$0(97)) - omNode-3@group-523986131536-StateMachineUpdater: snapshotIndex: updateIncreasingly 0 -> 32
2023-10-08 16:27:22,657 [omNode-3@group-523986131536-StateMachineUpdater] INFO  ratis.OzoneManagerStateMachine (OzoneManagerStateMachine.java:close(537)) - StateMachine has shutdown. Shutdown OzoneManager if not already shutdown.
2023-10-08 16:27:22,657 [omNode-3@group-523986131536-StateMachineUpdater] INFO  ratis.OzoneManagerDoubleBuffer (OzoneManagerDoubleBuffer.java:stopDaemon(551)) - Stopping OMDoubleBuffer flush thread
2023-10-08 16:27:22,657 [OMDoubleBufferFlushThread] INFO  ratis.OzoneManagerDoubleBuffer (OzoneManagerDoubleBuffer.java:canFlush(638)) - OMDoubleBuffer flush thread OMDoubleBufferFlushThread is interrupted and will exit.
2023-10-08 16:27:22,658 [omNode-3-impl-thread1] INFO  server.RaftServer$Division (ServerState.java:close(472)) - omNode-3@group-523986131536: closes. applyIndex: 32
2023-10-08 16:27:23,604 [omNode-3-impl-thread1] INFO  segmented.SegmentedRaftLogWorker (SegmentedRaftLogWorker.java:close(252)) - omNode-3@group-523986131536-SegmentedRaftLogWorker close()
2023-10-08 16:27:23,604 [JvmPauseMonitor7] INFO  util.JvmPauseMonitor (JvmPauseMonitor.java:run(109)) - JvmPauseMonitor-omNode-3: Stopped
2023-10-08 16:27:23,605 [main] INFO  ratis.OzoneManagerStateMachine (OzoneManagerStateMachine.java:close(537)) - StateMachine has shutdown. Shutdown OzoneManager if not already shutdown.
2023-10-08 16:27:23,605 [main] INFO  ratis.OzoneManagerDoubleBuffer (OzoneManagerDoubleBuffer.java:stopDaemon(560)) - OMDoubleBuffer flush thread is not running.
2023-10-08 16:27:23,606 [main] INFO  handler.ContextHandler (ContextHandler.java:doStop(1159)) - Stopped o.e.j.w.WebAppContext@71ed0b5e{ozoneManager,/,null,STOPPED}{file:/home/runner/work/ozone/ozone/hadoop-ozone/integration-test/target/test-classes/webapps/ozoneManager}
2023-10-08 16:27:23,607 [main] INFO  server.AbstractConnector (AbstractConnector.java:doStop(383)) - Stopped ServerConnector@7d287140{HTTP/1.1, (http/1.1)}{0.0.0.0:15013}
2023-10-08 16:27:23,607 [main] INFO  server.session (HouseKeeper.java:stopScavenging(149)) - node0 Stopped scavenging
2023-10-08 16:27:23,607 [main] INFO  handler.ContextHandler (ContextHandler.java:doStop(1159)) - Stopped o.e.j.s.ServletContextHandler@4318cdec{static,/static,file:///home/runner/work/ozone/ozone/hadoop-ozone/integration-test/target/test-classes/webapps/static,STOPPED}
2023-10-08 16:27:23,608 [main] INFO  handler.ContextHandler (ContextHandler.java:doStop(1159)) - Stopped o.e.j.s.ServletContextHandler@46390392{logs,/logs,file:///home/runner/work/ozone/ozone/hadoop-ozone/integration-test/target/log,STOPPED}
2023-10-08 16:27:23,609 [main] INFO  rocksdiff.RocksDBCheckpointDiffer (RocksDBCheckpointDiffer.java:close(312)) - Shutting down CompactionDagPruningService.
2023-10-08 16:27:23,611 [main] INFO  snapshot.SnapshotDiffManager (SnapshotDiffManager.java:closeExecutorService(1720)) - Shutting down executorService: 'SnapDiffExecutor'
2023-10-08 16:27:23,611 [main] INFO  snapshot.SnapshotDiffManager (SnapshotDiffManager.java:closeExecutorService(1720)) - Shutting down executorService: 'SstDumpToolExecutor'
2023-10-08 16:27:23,611 [main] INFO  utils.BackgroundService (BackgroundService.java:shutdown(154)) - Shutting down service SnapshotDiffCleanupService
2023-10-08 16:27:23,612 [main] INFO  om.OzoneManager (OzoneManager.java:restart(1721)) - OzoneManager RPC server is listening at localhost/127.0.0.1:15012
2023-10-08 16:27:23,612 [main] INFO  impl.MetricsSystemImpl (MetricsSystemImpl.java:init(158)) - OzoneManager metrics system started (again)
2023-10-08 16:27:23,625 [main] WARN  server.ServerUtils (ServerUtils.java:getDBPath(311)) - ozone.om.db.dirs is not configured. We recommend adding this setting. Falling back to ozone.metadata.dirs instead.
2023-10-08 16:27:23,625 [main] INFO  helpers.OmKeyInfo (OmKeyInfo.java:getCodec(71)) - OmKeyInfo.getCodec ignorePipeline = true
2023-10-08 16:27:23,678 [main] INFO  om.OzoneManager (OzoneManager.java:instantiateServices(800)) - S3 Multi-Tenancy is disabled
2023-10-08 16:27:23,678 [main] INFO  om.OmSnapshotManager (OmSnapshotManager.java:<init>(174)) - Ozone filesystem snapshot feature is enabled.
2023-10-08 16:27:23,679 [main] WARN  server.ServerUtils (ServerUtils.java:getDBPath(311)) - ozone.om.snapshot.diff.db.dir is not configured. We recommend adding this setting. Falling back to ozone.metadata.dirs instead.
2023-10-08 16:27:23,690 [main] INFO  snapshot.SnapshotDiffManager (SnapshotDiffManager.java:closeExecutorService(1720)) - Shutting down executorService: 'SstDumpToolExecutor'
2023-10-08 16:27:23,694 [main] WARN  server.ServerUtils (ServerUtils.java:getDefaultRatisDirectory(323)) - Storage directory for Ratis is not configured. It is a good idea to map this to an SSD disk. Falling back to ozone.metadata.dirs
2023-10-08 16:27:23,695 [main] INFO  ratis.OzoneManagerRatisServer (OzoneManagerRatisServer.java:<init>(164)) - Instantiating OM Ratis server with groupID: om-service-test1 and peers: localhost:15015, localhost:15007, localhost:15011
2023-10-08 16:27:23,696 [main] INFO  ratis.OzoneManagerStateMachine (OzoneManagerStateMachine.java:loadSnapshotInfoFromDB(691)) - LastAppliedIndex is set from TransactionInfo from OM DB as (t:3, i:32)
2023-10-08 16:27:23,696 [main] INFO  server.RaftServer (ConfUtils.java:logGet(46)) - raft.rpc.type = GRPC (default)
2023-10-08 16:27:23,696 [main] INFO  grpc.GrpcConfigKeys (ConfUtils.java:logFallback(53)) - raft.grpc.admin.host = null (fallback to raft.grpc.server.host)
2023-10-08 16:27:23,697 [main] INFO  grpc.GrpcConfigKeys (ConfUtils.java:logFallback(53)) - raft.grpc.admin.port = 15015 (fallback to raft.grpc.server.port)
2023-10-08 16:27:23,697 [main] INFO  grpc.GrpcConfigKeys (ConfUtils.java:logFallback(53)) - raft.grpc.client.host = null (fallback to raft.grpc.server.host)
2023-10-08 16:27:23,697 [main] INFO  grpc.GrpcConfigKeys (ConfUtils.java:logFallback(53)) - raft.grpc.client.port = 15015 (fallback to raft.grpc.server.port)
2023-10-08 16:27:23,697 [main] INFO  grpc.GrpcConfigKeys (ConfUtils.java:logGet(46)) - raft.grpc.server.host = null (default)
2023-10-08 16:27:23,697 [main] INFO  grpc.GrpcConfigKeys (ConfUtils.java:logGet(46)) - raft.grpc.server.port = 15015 (custom)
2023-10-08 16:27:23,697 [main] INFO  server.GrpcService (ConfUtils.java:logGet(46)) - raft.grpc.message.size.max = 33554432 (custom)
2023-10-08 16:27:23,697 [main] INFO  server.RaftServerConfigKeys (ConfUtils.java:logGet(46)) - raft.server.log.appender.buffer.byte-limit = 33554432 (custom)
2023-10-08 16:27:23,697 [main] INFO  server.GrpcService (ConfUtils.java:logGet(46)) - raft.grpc.flow.control.window = 1MB (=1048576) (default)
2023-10-08 16:27:23,698 [main] INFO  server.RaftServerConfigKeys (ConfUtils.java:logGet(46)) - raft.server.rpc.request.timeout = 3000ms (default)
2023-10-08 16:27:23,698 [main] INFO  grpc.GrpcConfigKeys (ConfUtils.java:logGet(46)) - raft.grpc.server.heartbeat.channel = true (default)
2023-10-08 16:27:23,698 [main] INFO  grpc.GrpcConfigKeys (ConfUtils.java:logGet(46)) - raft.grpc.server.async.request.thread.pool.cached = true (default)
2023-10-08 16:27:23,698 [main] INFO  grpc.GrpcConfigKeys (ConfUtils.java:logGet(46)) - raft.grpc.server.async.request.thread.pool.size = 32 (default)
2023-10-08 16:27:23,699 [main] INFO  impl.DataStreamServerImpl (ConfUtils.java:logGet(46)) - raft.datastream.type = DISABLED (default)
2023-10-08 16:27:23,700 [main] INFO  server.RaftServerConfigKeys (ConfUtils.java:logGet(46)) - raft.server.threadpool.proxy.cached = true (default)
2023-10-08 16:27:23,700 [main] INFO  server.RaftServerConfigKeys (ConfUtils.java:logGet(46)) - raft.server.threadpool.proxy.size = 0 (default)
2023-10-08 16:27:23,700 [main] INFO  server.RaftServerConfigKeys (ConfUtils.java:logGet(46)) - raft.server.rpc.slowness.timeout = 2s (custom)
2023-10-08 16:27:23,700 [main] INFO  server.RaftServerConfigKeys (ConfUtils.java:logGet(46)) - raft.server.leaderelection.leader.step-down.wait-time = 10s (default)
2023-10-08 16:27:23,700 [main] INFO  server.RaftServerConfigKeys (ConfUtils.java:logGet(46)) - raft.server.storage.dir = [/home/runner/work/ozone/ozone/hadoop-ozone/integration-test/target/test-dir/MiniOzoneClusterImpl-c8a21aad-f255-4385-b304-f7d4bfe38451/omNode-3/ratis] (custom)
2023-10-08 16:27:23,701 [omNode-3-impl-thread1] INFO  server.RaftServer (RaftServerProxy.java:initGroupDir(258)) - omNode-3: found a subdirectory /home/runner/work/ozone/ozone/hadoop-ozone/integration-test/target/test-dir/MiniOzoneClusterImpl-c8a21aad-f255-4385-b304-f7d4bfe38451/omNode-3/ratis/c9bc4cf4-3bc3-3c60-a66b-523986131536
2023-10-08 16:27:23,701 [main] INFO  server.RaftServer (RaftServerProxy.java:addNew(98)) - omNode-3: addNew group-523986131536:[omNode-3|rpc:localhost:15015|priority:0|startupRole:FOLLOWER, omNode-1|rpc:localhost:15007|priority:0|startupRole:FOLLOWER, omNode-2|rpc:localhost:15011|priority:0|startupRole:FOLLOWER] returns group-523986131536:java.util.concurrent.CompletableFuture@524a23e8[Not completed]
2023-10-08 16:27:23,701 [omNode-3-groupManagement] INFO  server.RaftServer$Division (RaftServerImpl.java:<init>(198)) - omNode-3: new RaftServerImpl for group-523986131536:[omNode-3|rpc:localhost:15015|priority:0|startupRole:FOLLOWER, omNode-1|rpc:localhost:15007|priority:0|startupRole:FOLLOWER, omNode-2|rpc:localhost:15011|priority:0|startupRole:FOLLOWER] with OzoneManagerStateMachine:uninitialized
2023-10-08 16:27:23,701 [main] INFO  om.OzoneManager (OzoneManager.java:initializeRatisServer(2149)) - OzoneManager Ratis server initialized at port 15015
2023-10-08 16:27:23,701 [omNode-3-groupManagement] INFO  server.RaftServerConfigKeys (ConfUtils.java:logGet(46)) - raft.server.rpc.timeout.min = 1s (custom)
2023-10-08 16:27:23,701 [main] INFO  ratis.OzoneManagerRatisServer (OzoneManagerRatisServer.java:start(559)) - Starting OzoneManagerRatisServer omNode-3 at port 15015
2023-10-08 16:27:23,701 [omNode-3-groupManagement] INFO  server.RaftServerConfigKeys (ConfUtils.java:logGet(46)) - raft.server.rpc.timeout.max = 1200ms (custom)
2023-10-08 16:27:23,702 [omNode-3-groupManagement] INFO  server.RaftServerConfigKeys (ConfUtils.java:logGet(46)) - raft.server.rpc.sleep.time = 25ms (default)
2023-10-08 16:27:23,702 [omNode-3-groupManagement] INFO  server.RaftServerConfigKeys (ConfUtils.java:logGet(46)) - raft.server.rpc.slowness.timeout = 2s (custom)
2023-10-08 16:27:23,702 [omNode-3-groupManagement] INFO  server.RaftServerConfigKeys (ConfUtils.java:logGet(46)) - raft.server.leaderelection.leader.step-down.wait-time = 10s (default)
2023-10-08 16:27:23,702 [omNode-3-groupManagement] INFO  server.RaftServerConfigKeys (ConfUtils.java:logGet(46)) - raft.server.sleep.deviation.threshold = 300ms (default)
2023-10-08 16:27:23,702 [omNode-3-groupManagement] INFO  server.RaftServer$Division (ServerState.java:<init>(120)) - omNode-3@group-523986131536: ConfigurationManager, init=-1: peers:[omNode-3|rpc:localhost:15015|priority:0|startupRole:FOLLOWER, omNode-1|rpc:localhost:15007|priority:0|startupRole:FOLLOWER, omNode-2|rpc:localhost:15011|priority:0|startupRole:FOLLOWER]|listeners:[], old=null, confs=<EMPTY_MAP>
2023-10-08 16:27:23,702 [omNode-3-groupManagement] INFO  server.RaftServerConfigKeys (ConfUtils.java:logGet(46)) - raft.server.storage.dir = [/home/runner/work/ozone/ozone/hadoop-ozone/integration-test/target/test-dir/MiniOzoneClusterImpl-c8a21aad-f255-4385-b304-f7d4bfe38451/omNode-3/ratis] (custom)
2023-10-08 16:27:23,702 [omNode-3-groupManagement] INFO  server.RaftServerConfigKeys (ConfUtils.java:logGet(46)) - raft.server.log.corruption.policy = EXCEPTION (default)
2023-10-08 16:27:23,702 [omNode-3-groupManagement] INFO  server.RaftServerConfigKeys (ConfUtils.java:logGet(46)) - raft.server.storage.free-space.min = 0MB (=0) (default)
2023-10-08 16:27:23,703 [omNode-3-groupManagement] INFO  server.RaftServerConfigKeys (ConfUtils.java:logGet(46)) - raft.server.notification.no-leader.timeout = 2s (custom)
2023-10-08 16:27:23,703 [omNode-3-groupManagement] INFO  server.RaftServerConfigKeys (ConfUtils.java:logGet(46)) - raft.server.read.timeout = 10s (default)
2023-10-08 16:27:23,703 [omNode-3-groupManagement] INFO  server.RaftServerConfigKeys (ConfUtils.java:logGet(46)) - raft.server.retrycache.expirytime = 30000ms (custom)
2023-10-08 16:27:23,703 [omNode-3-groupManagement] INFO  server.RaftServerConfigKeys (ConfUtils.java:logGet(46)) - raft.server.retrycache.statistics.expirytime = 100μs (default)
2023-10-08 16:27:23,703 [omNode-3-groupManagement] INFO  server.RaftServerConfigKeys (ConfUtils.java:logGet(46)) - raft.server.read.option = DEFAULT (default)
2023-10-08 16:27:23,704 [omNode-3-groupManagement] INFO  server.RaftServerConfigKeys (ConfUtils.java:logGet(46)) - raft.server.rpc.request.timeout = 3000ms (default)
2023-10-08 16:27:23,704 [omNode-3-groupManagement] INFO  server.RaftServerConfigKeys (ConfUtils.java:logGet(46)) - raft.server.log.appender.install.snapshot.enabled = false (custom)
2023-10-08 16:27:23,704 [omNode-3-groupManagement] INFO  server.RaftServerConfigKeys (ConfUtils.java:logGet(46)) - raft.server.threadpool.server.cached = true (default)
2023-10-08 16:27:23,704 [omNode-3-groupManagement] INFO  server.RaftServerConfigKeys (ConfUtils.java:logGet(46)) - raft.server.threadpool.server.size = 0 (default)
2023-10-08 16:27:23,704 [omNode-3-groupManagement] INFO  server.RaftServerConfigKeys (ConfUtils.java:logGet(46)) - raft.server.threadpool.client.cached = true (default)
2023-10-08 16:27:23,704 [omNode-3-groupManagement] INFO  server.RaftServerConfigKeys (ConfUtils.java:logGet(46)) - raft.server.threadpool.client.size = 0 (default)
2023-10-08 16:27:23,705 [omNode-3-impl-thread1] INFO  storage.RaftStorageDirectory (RaftStorageDirectoryImpl.java:tryLock(231)) - Lock on /home/runner/work/ozone/ozone/hadoop-ozone/integration-test/target/test-dir/MiniOzoneClusterImpl-c8a21aad-f255-4385-b304-f7d4bfe38451/omNode-3/ratis/c9bc4cf4-3bc3-3c60-a66b-523986131536/in_use.lock acquired by nodename 29017@fv-az550-77
2023-10-08 16:27:23,706 [omNode-3-impl-thread1] INFO  storage.RaftStorage (RaftStorageImpl.java:analyzeAndRecoverStorage(117)) - Read RaftStorageMetadata{term=3, votedFor=omNode-3} from /home/runner/work/ozone/ozone/hadoop-ozone/integration-test/target/test-dir/MiniOzoneClusterImpl-c8a21aad-f255-4385-b304-f7d4bfe38451/omNode-3/ratis/c9bc4cf4-3bc3-3c60-a66b-523986131536/current/raft-meta
2023-10-08 16:27:23,707 [omNode-3-impl-thread1] INFO  server.RaftServer$Division (ServerState.java:setRaftConf(434)) - omNode-3@group-523986131536: set configuration 3: peers:[omNode-3|rpc:localhost:15015|admin:|client:|dataStream:|priority:0|startupRole:FOLLOWER, omNode-1|rpc:localhost:15007|admin:|client:|dataStream:|priority:0|startupRole:FOLLOWER, omNode-2|rpc:localhost:15011|admin:|client:|dataStream:|priority:0|startupRole:FOLLOWER]|listeners:[], old=null
2023-10-08 16:27:23,708 [omNode-3-impl-thread1] INFO  server.RaftServerConfigKeys (ConfUtils.java:logGet(46)) - raft.server.log.use.memory = false (default)
2023-10-08 16:27:23,708 [omNode-3-impl-thread1] INFO  server.RaftServerConfigKeys (ConfUtils.java:logGet(46)) - raft.server.log.purge.gap = 50 (custom)
2023-10-08 16:27:23,708 [omNode-3-impl-thread1] INFO  server.RaftServerConfigKeys (ConfUtils.java:logGet(46)) - raft.server.log.appender.buffer.byte-limit = 33554432 (custom)
2023-10-08 16:27:23,708 [omNode-3-impl-thread1] INFO  server.RaftServerConfigKeys (ConfUtils.java:logGet(46)) - raft.server.log.statemachine.data.read.timeout = 1000ms (default)
2023-10-08 16:27:23,708 [omNode-3-impl-thread1] INFO  server.RaftServerConfigKeys (ConfUtils.java:logGet(46)) - raft.server.log.purge.preservation.log.num = 0 (default)
2023-10-08 16:27:23,708 [omNode-3-impl-thread1] INFO  server.RaftServerConfigKeys (ConfUtils.java:logGet(46)) - raft.server.log.segment.size.max = 4194304 (custom)
2023-10-08 16:27:23,709 [omNode-3-impl-thread1] INFO  server.RaftServerConfigKeys (ConfUtils.java:logGet(46)) - raft.server.log.segment.cache.num.max = 2 (custom)
2023-10-08 16:27:23,709 [omNode-3-impl-thread1] INFO  server.RaftServerConfigKeys (ConfUtils.java:logGet(46)) - raft.server.log.segment.cache.size.max = 200MB (=209715200) (default)
2023-10-08 16:27:23,709 [omNode-3-impl-thread1] INFO  server.RaftServerConfigKeys (ConfUtils.java:logGet(46)) - raft.server.log.appender.buffer.byte-limit = 33554432 (custom)
2023-10-08 16:27:23,709 [omNode-3-impl-thread1] INFO  segmented.SegmentedRaftLogWorker (SegmentedRaftLogWorker.java:<init>(188)) - new omNode-3@group-523986131536-SegmentedRaftLogWorker for RaftStorageImpl:Storage Directory /home/runner/work/ozone/ozone/hadoop-ozone/integration-test/target/test-dir/MiniOzoneClusterImpl-c8a21aad-f255-4385-b304-f7d4bfe38451/omNode-3/ratis/c9bc4cf4-3bc3-3c60-a66b-523986131536
2023-10-08 16:27:23,709 [omNode-3-impl-thread1] INFO  server.RaftServerConfigKeys (ConfUtils.java:logGet(46)) - raft.server.log.queue.byte-limit = 64MB (=67108864) (default)
2023-10-08 16:27:23,709 [omNode-3-impl-thread1] INFO  server.RaftServerConfigKeys (ConfUtils.java:logGet(46)) - raft.server.log.queue.element-limit = 4096 (default)
2023-10-08 16:27:23,709 [omNode-3-impl-thread1] INFO  server.RaftServerConfigKeys (ConfUtils.java:logGet(46)) - raft.server.log.segment.size.max = 4194304 (custom)
2023-10-08 16:27:23,709 [omNode-3-impl-thread1] INFO  server.RaftServerConfigKeys (ConfUtils.java:logGet(46)) - raft.server.log.preallocated.size = 4194304 (custom)
2023-10-08 16:27:23,709 [omNode-3-impl-thread1] INFO  server.RaftServerConfigKeys (ConfUtils.java:logGet(46)) - raft.server.log.force.sync.num = 128 (default)
2023-10-08 16:27:23,709 [omNode-3-impl-thread1] INFO  server.RaftServerConfigKeys (ConfUtils.java:logGet(46)) - raft.server.log.statemachine.data.sync = true (default)
2023-10-08 16:27:23,709 [omNode-3-impl-thread1] INFO  server.RaftServerConfigKeys (ConfUtils.java:logGet(46)) - raft.server.log.statemachine.data.sync.timeout = 10s (default)
2023-10-08 16:27:23,709 [omNode-3-impl-thread1] INFO  server.RaftServerConfigKeys (ConfUtils.java:logGet(46)) - raft.server.log.statemachine.data.sync.timeout.retry = -1 (default)
2023-10-08 16:27:23,710 [omNode-3-impl-thread1] INFO  server.RaftServerConfigKeys (ConfUtils.java:logGet(46)) - raft.server.log.write.buffer.size = 64KB (=65536) (default)
2023-10-08 16:27:23,710 [omNode-3-impl-thread1] INFO  server.RaftServerConfigKeys (ConfUtils.java:logGet(46)) - raft.server.log.appender.buffer.byte-limit = 33554432 (custom)
2023-10-08 16:27:23,714 [omNode-3-impl-thread1] INFO  server.RaftServerConfigKeys (ConfUtils.java:logGet(46)) - raft.server.log.unsafe-flush.enabled = false (default)
2023-10-08 16:27:23,715 [omNode-3-impl-thread1] INFO  server.RaftServerConfigKeys (ConfUtils.java:logGet(46)) - raft.server.log.async-flush.enabled = false (default)
2023-10-08 16:27:23,715 [omNode-3-impl-thread1] INFO  server.RaftServerConfigKeys (ConfUtils.java:logGet(46)) - raft.server.log.statemachine.data.caching.enabled = false (default)
2023-10-08 16:27:23,716 [omNode-3-impl-thread1] INFO  server.RaftServer$Division (ServerState.java:setRaftConf(434)) - omNode-3@group-523986131536: set configuration 0: peers:[omNode-3|rpc:localhost:15015|admin:|client:|dataStream:|priority:0|startupRole:FOLLOWER, omNode-1|rpc:localhost:15007|admin:|client:|dataStream:|priority:0|startupRole:FOLLOWER, omNode-2|rpc:localhost:15011|admin:|client:|dataStream:|priority:0|startupRole:FOLLOWER]|listeners:[], old=null
2023-10-08 16:27:23,716 [omNode-3-impl-thread1] INFO  segmented.LogSegment (LogSegment.java:loadSegment(170)) - Successfully read 1 entries from segment file /home/runner/work/ozone/ozone/hadoop-ozone/integration-test/target/test-dir/MiniOzoneClusterImpl-c8a21aad-f255-4385-b304-f7d4bfe38451/omNode-3/ratis/c9bc4cf4-3bc3-3c60-a66b-523986131536/current/log_0-0
2023-10-08 16:27:23,717 [omNode-3-impl-thread1] INFO  server.RaftServer$Division (ServerState.java:setRaftConf(434)) - omNode-3@group-523986131536: set configuration 1: peers:[omNode-3|rpc:localhost:15015|admin:|client:|dataStream:|priority:0|startupRole:FOLLOWER, omNode-1|rpc:localhost:15007|admin:|client:|dataStream:|priority:0|startupRole:FOLLOWER, omNode-2|rpc:localhost:15011|admin:|client:|dataStream:|priority:0|startupRole:FOLLOWER]|listeners:[], old=null
2023-10-08 16:27:23,718 [omNode-3-impl-thread1] INFO  segmented.LogSegment (LogSegment.java:loadSegment(170)) - Successfully read 2 entries from segment file /home/runner/work/ozone/ozone/hadoop-ozone/integration-test/target/test-dir/MiniOzoneClusterImpl-c8a21aad-f255-4385-b304-f7d4bfe38451/omNode-3/ratis/c9bc4cf4-3bc3-3c60-a66b-523986131536/current/log_1-2
2023-10-08 16:27:23,718 [omNode-3-impl-thread1] INFO  server.RaftServer$Division (ServerState.java:setRaftConf(434)) - omNode-3@group-523986131536: set configuration 3: peers:[omNode-3|rpc:localhost:15015|admin:|client:|dataStream:|priority:0|startupRole:FOLLOWER, omNode-1|rpc:localhost:15007|admin:|client:|dataStream:|priority:0|startupRole:FOLLOWER, omNode-2|rpc:localhost:15011|admin:|client:|dataStream:|priority:0|startupRole:FOLLOWER]|listeners:[], old=null
2023-10-08 16:27:23,720 [omNode-3-impl-thread1] INFO  segmented.LogSegment (LogSegment.java:loadSegment(170)) - Successfully read 30 entries from segment file /home/runner/work/ozone/ozone/hadoop-ozone/integration-test/target/test-dir/MiniOzoneClusterImpl-c8a21aad-f255-4385-b304-f7d4bfe38451/omNode-3/ratis/c9bc4cf4-3bc3-3c60-a66b-523986131536/current/log_inprogress_3
2023-10-08 16:27:23,720 [omNode-3-impl-thread1] INFO  segmented.SegmentedRaftLogWorker (SegmentedRaftLogWorker.java:lambda$new$0(135)) - omNode-3@group-523986131536-SegmentedRaftLogWorker: flushIndex: setUnconditionally 0 -> 32
2023-10-08 16:27:23,720 [omNode-3-impl-thread1] INFO  segmented.SegmentedRaftLogWorker (SegmentedRaftLogWorker.java:lambda$new$0(135)) - omNode-3@group-523986131536-SegmentedRaftLogWorker: safeCacheEvictIndex: setUnconditionally 0 -> 2
2023-10-08 16:27:23,720 [omNode-3-impl-thread1] INFO  server.RaftServer$Division (RaftServerImpl.java:start(342)) - omNode-3@group-523986131536: start as a follower, conf=3: peers:[omNode-3|rpc:localhost:15015|admin:|client:|dataStream:|priority:0|startupRole:FOLLOWER, omNode-1|rpc:localhost:15007|admin:|client:|dataStream:|priority:0|startupRole:FOLLOWER, omNode-2|rpc:localhost:15011|admin:|client:|dataStream:|priority:0|startupRole:FOLLOWER]|listeners:[], old=null
2023-10-08 16:27:23,720 [omNode-3-impl-thread1] INFO  server.RaftServer$Division (RaftServerImpl.java:setRole(329)) - omNode-3@group-523986131536: changes role from      null to FOLLOWER at term 3 for startAsFollower
2023-10-08 16:27:23,721 [omNode-3-impl-thread1] INFO  impl.RoleInfo (RoleInfo.java:updateAndGet(139)) - omNode-3: start omNode-3@group-523986131536-FollowerState
2023-10-08 16:27:23,721 [omNode-3@group-523986131536-FollowerState] INFO  server.RaftServerConfigKeys (ConfUtils.java:logFallback(53)) - raft.server.rpc.first-election.timeout.min = 1s (fallback to raft.server.rpc.timeout.min)
2023-10-08 16:27:23,721 [omNode-3-impl-thread1] INFO  util.JmxRegister (JmxRegister.java:tryRegister(44)) - Successfully registered JMX Bean with object name Ratis:service=RaftServer,group=group-523986131536,id=omNode-3
2023-10-08 16:27:23,721 [omNode-3@group-523986131536-FollowerState] INFO  server.RaftServerConfigKeys (ConfUtils.java:logFallback(53)) - raft.server.rpc.first-election.timeout.max = 1200ms (fallback to raft.server.rpc.timeout.max)
2023-10-08 16:27:23,721 [omNode-3-impl-thread1] INFO  server.RaftServerConfigKeys (ConfUtils.java:logGet(46)) - raft.server.snapshot.auto.trigger.enabled = true (custom)
2023-10-08 16:27:23,721 [omNode-3-impl-thread1] INFO  server.RaftServerConfigKeys (ConfUtils.java:logGet(46)) - raft.server.snapshot.auto.trigger.threshold = 50 (custom)
2023-10-08 16:27:23,721 [omNode-3-impl-thread1] INFO  server.RaftServerConfigKeys (ConfUtils.java:logGet(46)) - raft.server.snapshot.retention.file.num = -1 (default)
2023-10-08 16:27:23,721 [omNode-3-impl-thread1] INFO  server.RaftServerConfigKeys (ConfUtils.java:logGet(46)) - raft.server.log.purge.upto.snapshot.index = true (custom)
2023-10-08 16:27:23,722 [main] INFO  server.RaftServer (RaftServerProxy.java:startImpl(400)) - omNode-3: start RPC server
2023-10-08 16:27:23,728 [main] INFO  server.GrpcService (GrpcService.java:startImpl(302)) - omNode-3: GrpcService started, listening on 15015
2023-10-08 16:27:23,729 [main] INFO  om.OzoneManager (OzoneManager.java:getRpcServer(1202)) - Creating RPC Server
2023-10-08 16:27:23,729 [JvmPauseMonitor10] INFO  util.JvmPauseMonitor (JvmPauseMonitor.java:run(103)) - JvmPauseMonitor-omNode-3: Started
2023-10-08 16:27:24,131 [main] INFO  reflections.Reflections (Reflections.java:scan(232)) - Reflections took 400 ms to scan 20 urls, producing 71 keys and 6072 values [using 2 cores]
2023-10-08 16:27:24,133 [main] INFO  ipc.CallQueueManager (CallQueueManager.java:<init>(90)) - Using callQueue: class java.util.concurrent.LinkedBlockingQueue, queueCapacity: 2000, scheduler: class org.apache.hadoop.ipc.DefaultRpcScheduler, ipcBackoff: false.
2023-10-08 16:27:24,133 [main] INFO  ipc.Server (Server.java:<init>(1287)) - Listener at localhost:15012
2023-10-08 16:27:24,136 [Socket Reader #1 for port 15012] INFO  ipc.Server (Server.java:run(1323)) - Starting Socket Reader #1 for port 15012
2023-10-08 16:27:24,141 [main] INFO  http.BaseHttpServer (BaseHttpServer.java:newHttpServer2BuilderForOzone(223)) - Starting Web-server for ozoneManager at: http://0.0.0.0:15013
2023-10-08 16:27:24,142 [main] INFO  http.BaseHttpServer (BaseHttpServer.java:<init>(110)) - Hadoop Security Enabled: false Ozone Security Enabled: false Ozone HTTP Security Enabled: false 
2023-10-08 16:27:24,143 [main] WARN  server.AuthenticationFilter (AuthenticationFilter.java:constructSecretProvider(240)) - Unable to initialize FileSignerSecretProvider, falling back to use random secrets. Reason: Could not read signature secret file: /home/runner/hadoop-http-auth-signature-secret
2023-10-08 16:27:24,146 [main] INFO  http.HttpRequestLog (HttpRequestLog.java:getRequestLog(86)) - Http request log for http.requests.ozoneManager is not defined
2023-10-08 16:27:24,148 [main] INFO  http.HttpServer2 (HttpServer2.java:addGlobalFilter(1031)) - Added global filter 'safety' (class=org.apache.hadoop.hdds.server.http.HttpServer2$QuotingInputFilter)
2023-10-08 16:27:24,149 [main] INFO  http.HttpServer2 (HttpServer2.java:addFilter(1007)) - Added filter static_user_filter (class=org.apache.hadoop.http.lib.StaticUserWebFilter$StaticUserFilter) to context ozoneManager
2023-10-08 16:27:24,149 [main] INFO  http.HttpServer2 (HttpServer2.java:addFilter(1015)) - Added filter static_user_filter (class=org.apache.hadoop.http.lib.StaticUserWebFilter$StaticUserFilter) to context logs
2023-10-08 16:27:24,149 [main] INFO  http.HttpServer2 (HttpServer2.java:addFilter(1015)) - Added filter static_user_filter (class=org.apache.hadoop.http.lib.StaticUserWebFilter$StaticUserFilter) to context static
2023-10-08 16:27:24,150 [main] INFO  http.BaseHttpServer (BaseHttpServer.java:<init>(189)) - HTTP server of ozoneManager uses base directory /home/runner/work/ozone/ozone/hadoop-ozone/integration-test/target/test-dir/MiniOzoneClusterImpl-c8a21aad-f255-4385-b304-f7d4bfe38451/omNode-3/webserver
2023-10-08 16:27:24,150 [main] INFO  http.HttpServer2 (HttpServer2.java:bindListener(1231)) - Jetty bound to port 15013
2023-10-08 16:27:24,151 [main] INFO  server.Server (Server.java:doStart(375)) - jetty-9.4.52.v20230823; built: 2023-08-23T19:29:37.669Z; git: abdcda73818a1a2c705da276edb0bf6581e7997e; jvm 1.8.0_382-b05
2023-10-08 16:27:24,152 [main] INFO  server.session (DefaultSessionIdManager.java:doStart(334)) - DefaultSessionIdManager workerName=node0
2023-10-08 16:27:24,152 [main] INFO  server.session (DefaultSessionIdManager.java:doStart(339)) - No SessionScavenger set, using defaults
2023-10-08 16:27:24,153 [main] INFO  server.session (HouseKeeper.java:startScavenging(132)) - node0 Scavenging every 660000ms
2023-10-08 16:27:24,153 [main] INFO  handler.ContextHandler (ContextHandler.java:doStart(921)) - Started o.e.j.s.ServletContextHandler@5e12d5d0{logs,/logs,file:///home/runner/work/ozone/ozone/hadoop-ozone/integration-test/target/log,AVAILABLE}
2023-10-08 16:27:24,154 [main] INFO  handler.ContextHandler (ContextHandler.java:doStart(921)) - Started o.e.j.s.ServletContextHandler@34354e33{static,/static,file:///home/runner/work/ozone/ozone/hadoop-ozone/integration-test/target/test-classes/webapps/static,AVAILABLE}
2023-10-08 16:27:24,160 [main] INFO  handler.ContextHandler (ContextHandler.java:doStart(921)) - Started o.e.j.w.WebAppContext@62baa21d{ozoneManager,/,file:///home/runner/work/ozone/ozone/hadoop-ozone/integration-test/target/test-classes/webapps/ozoneManager/,AVAILABLE}{file:/home/runner/work/ozone/ozone/hadoop-ozone/integration-test/target/test-classes/webapps/ozoneManager}
2023-10-08 16:27:24,163 [main] INFO  server.AbstractConnector (AbstractConnector.java:doStart(333)) - Started ServerConnector@788f29cd{HTTP/1.1, (http/1.1)}{0.0.0.0:15013}
2023-10-08 16:27:24,163 [main] INFO  server.Server (Server.java:doStart(415)) - Started @32657ms
2023-10-08 16:27:24,163 [main] WARN  impl.MetricsSystemImpl (MetricsSystemImpl.java:register(279)) - Sink prometheus already exists!
2023-10-08 16:27:24,164 [main] INFO  http.BaseHttpServer (BaseHttpServer.java:updateConnectorAddress(354)) - HTTP server of ozoneManager listening at http://0.0.0.0:15013
2023-10-08 16:27:24,167 [IPC Server Responder] INFO  ipc.Server (Server.java:run(1562)) - IPC Server Responder: starting
2023-10-08 16:27:24,168 [IPC Server listener on 15012] INFO  ipc.Server (Server.java:run(1402)) - IPC Server listener on 15012: starting
2023-10-08 16:27:24,171 [main] INFO  om.OzoneManager (OzoneManager.java:startTrashEmptier(2102)) - Trash Interval set to 0. Files deleted won't move to trash
2023-10-08 16:27:24,172 [main] INFO  om.OzoneManager (OzoneManager.java:stop(2208)) - omNode-1[localhost:15004]: Stopping Ozone Manager
2023-10-08 16:27:24,172 [main] INFO  ipc.Server (Server.java:stop(3523)) - Stopping server on 15004
2023-10-08 16:27:24,183 [IPC Server listener on 15004] INFO  ipc.Server (Server.java:run(1434)) - Stopping IPC Server listener on 15004
2023-10-08 16:27:24,183 [IPC Server Responder] INFO  ipc.Server (Server.java:run(1567)) - Stopping IPC Server Responder
2023-10-08 16:27:24,184 [main] INFO  server.RaftServer (RaftServerProxy.java:lambda$close$6(416)) - omNode-1: close
2023-10-08 16:27:24,184 [main] INFO  server.GrpcService (GrpcService.java:closeImpl(311)) - omNode-1: shutdown server GrpcServerProtocolService now
2023-10-08 16:27:24,184 [omNode-1-impl-thread1] INFO  server.RaftServer$Division (RaftServerImpl.java:lambda$close$4(466)) - omNode-1@group-523986131536: shutdown
2023-10-08 16:27:24,184 [omNode-1-impl-thread1] INFO  util.JmxRegister (JmxRegister.java:unregister(73)) - Successfully un-registered JMX Bean with object name Ratis:service=RaftServer,group=group-523986131536,id=omNode-1
2023-10-08 16:27:24,184 [omNode-1-impl-thread1] INFO  impl.RoleInfo (RoleInfo.java:shutdownFollowerState(110)) - omNode-1: shutdown omNode-1@group-523986131536-FollowerState
2023-10-08 16:27:24,185 [omNode-1-impl-thread1] INFO  impl.StateMachineUpdater (StateMachineUpdater.java:stopAndJoin(155)) - omNode-1@group-523986131536-StateMachineUpdater: set stopIndex = 31
2023-10-08 16:27:24,185 [omNode-1@group-523986131536-FollowerState] INFO  impl.FollowerState (FollowerState.java:run(152)) - omNode-1@group-523986131536-FollowerState was interrupted
2023-10-08 16:27:24,185 [omNode-1@group-523986131536-StateMachineUpdater] INFO  ratis.OzoneManagerStateMachine (OzoneManagerStateMachine.java:takeSnapshot(483)) - Current Snapshot Index (t:3, i:31)
2023-10-08 16:27:24,194 [main] INFO  server.GrpcService (GrpcService.java:closeImpl(320)) - omNode-1: shutdown server GrpcServerProtocolService successfully
2023-10-08 16:27:24,213 [omNode-1@group-523986131536-StateMachineUpdater] INFO  impl.StateMachineUpdater (StateMachineUpdater.java:takeSnapshot(291)) - omNode-1@group-523986131536-StateMachineUpdater: Took a snapshot at index 31
2023-10-08 16:27:24,213 [omNode-1@group-523986131536-StateMachineUpdater] INFO  impl.StateMachineUpdater (StateMachineUpdater.java:lambda$new$0(97)) - omNode-1@group-523986131536-StateMachineUpdater: snapshotIndex: updateIncreasingly 0 -> 31
2023-10-08 16:27:24,213 [omNode-1@group-523986131536-StateMachineUpdater] INFO  ratis.OzoneManagerStateMachine (OzoneManagerStateMachine.java:close(537)) - StateMachine has shutdown. Shutdown OzoneManager if not already shutdown.
2023-10-08 16:27:24,213 [omNode-1@group-523986131536-StateMachineUpdater] INFO  ratis.OzoneManagerDoubleBuffer (OzoneManagerDoubleBuffer.java:stopDaemon(551)) - Stopping OMDoubleBuffer flush thread
2023-10-08 16:27:24,214 [OMDoubleBufferFlushThread] INFO  ratis.OzoneManagerDoubleBuffer (OzoneManagerDoubleBuffer.java:canFlush(638)) - OMDoubleBuffer flush thread OMDoubleBufferFlushThread is interrupted and will exit.
2023-10-08 16:27:24,215 [omNode-1-impl-thread1] INFO  server.RaftServer$Division (ServerState.java:close(472)) - omNode-1@group-523986131536: closes. applyIndex: 31
2023-10-08 16:27:24,618 [omNode-1-impl-thread1] INFO  segmented.SegmentedRaftLogWorker (SegmentedRaftLogWorker.java:close(252)) - omNode-1@group-523986131536-SegmentedRaftLogWorker close()
2023-10-08 16:27:24,618 [JvmPauseMonitor8] INFO  util.JvmPauseMonitor (JvmPauseMonitor.java:run(109)) - JvmPauseMonitor-omNode-1: Stopped
2023-10-08 16:27:24,619 [main] INFO  ratis.OzoneManagerStateMachine (OzoneManagerStateMachine.java:close(537)) - StateMachine has shutdown. Shutdown OzoneManager if not already shutdown.
2023-10-08 16:27:24,619 [main] INFO  ratis.OzoneManagerDoubleBuffer (OzoneManagerDoubleBuffer.java:stopDaemon(560)) - OMDoubleBuffer flush thread is not running.
2023-10-08 16:27:24,619 [main] INFO  handler.ContextHandler (ContextHandler.java:doStop(1159)) - Stopped o.e.j.w.WebAppContext@62d85699{ozoneManager,/,null,STOPPED}{file:/home/runner/work/ozone/ozone/hadoop-ozone/integration-test/target/test-classes/webapps/ozoneManager}
2023-10-08 16:27:24,620 [main] INFO  server.AbstractConnector (AbstractConnector.java:doStop(383)) - Stopped ServerConnector@5bb184a9{HTTP/1.1, (http/1.1)}{0.0.0.0:15005}
2023-10-08 16:27:24,620 [main] INFO  server.session (HouseKeeper.java:stopScavenging(149)) - node0 Stopped scavenging
2023-10-08 16:27:24,621 [main] INFO  handler.ContextHandler (ContextHandler.java:doStop(1159)) - Stopped o.e.j.s.ServletContextHandler@47fb1b38{static,/static,file:///home/runner/work/ozone/ozone/hadoop-ozone/integration-test/target/test-classes/webapps/static,STOPPED}
2023-10-08 16:27:24,621 [main] INFO  handler.ContextHandler (ContextHandler.java:doStop(1159)) - Stopped o.e.j.s.ServletContextHandler@407b97c4{logs,/logs,file:///home/runner/work/ozone/ozone/hadoop-ozone/integration-test/target/log,STOPPED}
2023-10-08 16:27:24,622 [main] INFO  rocksdiff.RocksDBCheckpointDiffer (RocksDBCheckpointDiffer.java:close(312)) - Shutting down CompactionDagPruningService.
2023-10-08 16:27:24,624 [main] INFO  snapshot.SnapshotDiffManager (SnapshotDiffManager.java:closeExecutorService(1720)) - Shutting down executorService: 'SnapDiffExecutor'
2023-10-08 16:27:24,624 [main] INFO  snapshot.SnapshotDiffManager (SnapshotDiffManager.java:closeExecutorService(1720)) - Shutting down executorService: 'SstDumpToolExecutor'
2023-10-08 16:27:24,624 [main] INFO  utils.BackgroundService (BackgroundService.java:shutdown(154)) - Shutting down service SnapshotDiffCleanupService
2023-10-08 16:27:24,625 [main] INFO  om.OzoneManager (OzoneManager.java:restart(1721)) - OzoneManager RPC server is listening at localhost/127.0.0.1:15004
2023-10-08 16:27:24,625 [main] INFO  impl.MetricsSystemImpl (MetricsSystemImpl.java:init(158)) - OzoneManager metrics system started (again)
2023-10-08 16:27:24,637 [main] WARN  server.ServerUtils (ServerUtils.java:getDBPath(311)) - ozone.om.db.dirs is not configured. We recommend adding this setting. Falling back to ozone.metadata.dirs instead.
2023-10-08 16:27:24,638 [main] INFO  helpers.OmKeyInfo (OmKeyInfo.java:getCodec(71)) - OmKeyInfo.getCodec ignorePipeline = true
2023-10-08 16:27:24,638 [omNode-2@group-523986131536-FollowerState] INFO  impl.FollowerState (FollowerState.java:run(143)) - omNode-2@group-523986131536-FollowerState: change to CANDIDATE, lastRpcElapsedTime:2033533348ns, electionTimeout:1107ms
2023-10-08 16:27:24,639 [omNode-2@group-523986131536-FollowerState] INFO  impl.RoleInfo (RoleInfo.java:shutdownFollowerState(110)) - omNode-2: shutdown omNode-2@group-523986131536-FollowerState
2023-10-08 16:27:24,639 [omNode-2@group-523986131536-FollowerState] INFO  server.RaftServer$Division (RaftServerImpl.java:setRole(329)) - omNode-2@group-523986131536: changes role from  FOLLOWER to CANDIDATE at term 3 for changeToCandidate
2023-10-08 16:27:24,639 [omNode-2@group-523986131536-FollowerState] INFO  server.RaftServerConfigKeys (ConfUtils.java:logGet(46)) - raft.server.leaderelection.pre-vote = true (default)
2023-10-08 16:27:24,639 [omNode-2@group-523986131536-FollowerState] INFO  impl.RoleInfo (RoleInfo.java:updateAndGet(139)) - omNode-2: start omNode-2@group-523986131536-LeaderElection10
2023-10-08 16:27:24,641 [omNode-2@group-523986131536-LeaderElection10] INFO  server.RaftServer$Division (ServerState.java:setLeader(317)) - omNode-2@group-523986131536: change Leader from omNode-3 to null at term 3 for PRE_VOTE
2023-10-08 16:27:24,641 [omNode-2@group-523986131536-LeaderElection10] INFO  impl.LeaderElection (LeaderElection.java:askForVotes(321)) - omNode-2@group-523986131536-LeaderElection10 PRE_VOTE round 0: submit vote requests at term 3 for 3: peers:[omNode-3|rpc:localhost:15015|admin:|client:|dataStream:|priority:0|startupRole:FOLLOWER, omNode-1|rpc:localhost:15007|admin:|client:|dataStream:|priority:0|startupRole:FOLLOWER, omNode-2|rpc:localhost:15011|admin:|client:|dataStream:|priority:0|startupRole:FOLLOWER]|listeners:[], old=null
2023-10-08 16:27:24,645 [omNode-2@group-523986131536-LeaderElection10-1] INFO  server.GrpcServerProtocolClient (GrpcServerProtocolClient.java:<init>(65)) - Build channel for omNode-3
2023-10-08 16:27:24,648 [omNode-2@group-523986131536-LeaderElection10-2] INFO  server.GrpcServerProtocolClient (GrpcServerProtocolClient.java:<init>(65)) - Build channel for omNode-1
2023-10-08 16:27:24,653 [grpc-default-executor-0] INFO  server.RaftServer$Division (RaftServerImpl.java:requestVote(1302)) - omNode-3@group-523986131536: receive requestVote(PRE_VOTE, omNode-2, group-523986131536, 3, (t:3, i:32))
2023-10-08 16:27:24,653 [grpc-default-executor-0] INFO  impl.VoteContext (VoteContext.java:log(49)) - omNode-3@group-523986131536-FOLLOWER: accept PRE_VOTE from omNode-2: our priority 0 <= candidate's priority 0
2023-10-08 16:27:24,653 [grpc-default-executor-0] INFO  server.RaftServer$Division (RaftServerImpl.java:requestVote(1335)) - omNode-3@group-523986131536 replies to PRE_VOTE vote request: omNode-2<-omNode-3#0:OK-t3. Peer's state: omNode-3@group-523986131536:t3, leader=null, voted=omNode-3, raftlog=Memoized:omNode-3@group-523986131536-SegmentedRaftLog:OPENED:c32, conf=3: peers:[omNode-3|rpc:localhost:15015|admin:|client:|dataStream:|priority:0|startupRole:FOLLOWER, omNode-1|rpc:localhost:15007|admin:|client:|dataStream:|priority:0|startupRole:FOLLOWER, omNode-2|rpc:localhost:15011|admin:|client:|dataStream:|priority:0|startupRole:FOLLOWER]|listeners:[], old=null
2023-10-08 16:27:24,656 [omNode-2@group-523986131536-LeaderElection10] INFO  impl.LeaderElection (LogUtils.java:infoOrTrace(137)) - omNode-2@group-523986131536-LeaderElection10 got exception when requesting votes: java.util.concurrent.ExecutionException: org.apache.ratis.thirdparty.io.grpc.StatusRuntimeException: UNAVAILABLE: io exception
2023-10-08 16:27:24,659 [omNode-2@group-523986131536-LeaderElection10] INFO  impl.LeaderElection (LeaderElection.java:logAndReturn(90)) - omNode-2@group-523986131536-LeaderElection10: PRE_VOTE PASSED received 1 response(s) and 1 exception(s):
2023-10-08 16:27:24,659 [omNode-2@group-523986131536-LeaderElection10] INFO  impl.LeaderElection (LeaderElection.java:logAndReturn(94)) -   Response 0: omNode-2<-omNode-3#0:OK-t3
2023-10-08 16:27:24,659 [omNode-2@group-523986131536-LeaderElection10] INFO  impl.LeaderElection (LogUtils.java:infoOrTrace(137)) -   Exception 1: java.util.concurrent.ExecutionException: org.apache.ratis.thirdparty.io.grpc.StatusRuntimeException: UNAVAILABLE: io exception
2023-10-08 16:27:24,659 [omNode-2@group-523986131536-LeaderElection10] INFO  impl.LeaderElection (LeaderElection.java:askForVotes(323)) - omNode-2@group-523986131536-LeaderElection10 PRE_VOTE round 0: result PASSED
2023-10-08 16:27:24,661 [omNode-2@group-523986131536-LeaderElection10] INFO  impl.LeaderElection (LeaderElection.java:askForVotes(321)) - omNode-2@group-523986131536-LeaderElection10 ELECTION round 0: submit vote requests at term 4 for 3: peers:[omNode-3|rpc:localhost:15015|admin:|client:|dataStream:|priority:0|startupRole:FOLLOWER, omNode-1|rpc:localhost:15007|admin:|client:|dataStream:|priority:0|startupRole:FOLLOWER, omNode-2|rpc:localhost:15011|admin:|client:|dataStream:|priority:0|startupRole:FOLLOWER]|listeners:[], old=null
2023-10-08 16:27:24,665 [grpc-default-executor-0] INFO  server.RaftServer$Division (RaftServerImpl.java:requestVote(1302)) - omNode-3@group-523986131536: receive requestVote(ELECTION, omNode-2, group-523986131536, 4, (t:3, i:32))
2023-10-08 16:27:24,665 [grpc-default-executor-0] INFO  impl.VoteContext (VoteContext.java:log(49)) - omNode-3@group-523986131536-FOLLOWER: accept ELECTION from omNode-2: our priority 0 <= candidate's priority 0
2023-10-08 16:27:24,665 [grpc-default-executor-0] INFO  server.RaftServer$Division (RaftServerImpl.java:setRole(329)) - omNode-3@group-523986131536: changes role from  FOLLOWER to FOLLOWER at term 4 for candidate:omNode-2
2023-10-08 16:27:24,665 [grpc-default-executor-0] INFO  impl.RoleInfo (RoleInfo.java:shutdownFollowerState(110)) - omNode-3: shutdown omNode-3@group-523986131536-FollowerState
2023-10-08 16:27:24,665 [grpc-default-executor-0] INFO  impl.RoleInfo (RoleInfo.java:updateAndGet(139)) - omNode-3: start omNode-3@group-523986131536-FollowerState
2023-10-08 16:27:24,665 [omNode-3@group-523986131536-FollowerState] INFO  impl.FollowerState (FollowerState.java:run(152)) - omNode-3@group-523986131536-FollowerState was interrupted
2023-10-08 16:27:24,668 [omNode-2@group-523986131536-LeaderElection10] INFO  impl.LeaderElection (LogUtils.java:infoOrTrace(137)) - omNode-2@group-523986131536-LeaderElection10 got exception when requesting votes: java.util.concurrent.ExecutionException: org.apache.ratis.thirdparty.io.grpc.StatusRuntimeException: UNAVAILABLE: io exception
2023-10-08 16:27:24,670 [grpc-default-executor-0] INFO  server.RaftServer$Division (RaftServerImpl.java:requestVote(1335)) - omNode-3@group-523986131536 replies to ELECTION vote request: omNode-2<-omNode-3#0:OK-t4. Peer's state: omNode-3@group-523986131536:t4, leader=null, voted=omNode-2, raftlog=Memoized:omNode-3@group-523986131536-SegmentedRaftLog:OPENED:c32, conf=3: peers:[omNode-3|rpc:localhost:15015|admin:|client:|dataStream:|priority:0|startupRole:FOLLOWER, omNode-1|rpc:localhost:15007|admin:|client:|dataStream:|priority:0|startupRole:FOLLOWER, omNode-2|rpc:localhost:15011|admin:|client:|dataStream:|priority:0|startupRole:FOLLOWER]|listeners:[], old=null
2023-10-08 16:27:24,671 [omNode-2@group-523986131536-LeaderElection10] INFO  impl.LeaderElection (LeaderElection.java:logAndReturn(90)) - omNode-2@group-523986131536-LeaderElection10: ELECTION PASSED received 1 response(s) and 1 exception(s):
2023-10-08 16:27:24,671 [omNode-2@group-523986131536-LeaderElection10] INFO  impl.LeaderElection (LeaderElection.java:logAndReturn(94)) -   Response 0: omNode-2<-omNode-3#0:OK-t4
2023-10-08 16:27:24,671 [omNode-2@group-523986131536-LeaderElection10] INFO  impl.LeaderElection (LogUtils.java:infoOrTrace(137)) -   Exception 1: java.util.concurrent.ExecutionException: org.apache.ratis.thirdparty.io.grpc.StatusRuntimeException: UNAVAILABLE: io exception
2023-10-08 16:27:24,671 [omNode-2@group-523986131536-LeaderElection10] INFO  impl.LeaderElection (LeaderElection.java:askForVotes(323)) - omNode-2@group-523986131536-LeaderElection10 ELECTION round 0: result PASSED
2023-10-08 16:27:24,671 [omNode-2@group-523986131536-LeaderElection10] INFO  impl.RoleInfo (RoleInfo.java:shutdownLeaderElection(130)) - omNode-2: shutdown omNode-2@group-523986131536-LeaderElection10
2023-10-08 16:27:24,671 [omNode-2@group-523986131536-LeaderElection10] INFO  server.RaftServer$Division (RaftServerImpl.java:setRole(329)) - omNode-2@group-523986131536: changes role from CANDIDATE to LEADER at term 4 for changeToLeader
2023-10-08 16:27:24,673 [omNode-2@group-523986131536-LeaderElection10] INFO  server.RaftServer$Division (ServerState.java:setLeader(317)) - omNode-2@group-523986131536: change Leader from null to omNode-2 at term 4 for becomeLeader, leader elected after 29ms
2023-10-08 16:27:24,674 [omNode-2@group-523986131536-LeaderElection10] INFO  server.RaftServerConfigKeys (ConfUtils.java:logGet(46)) - raft.server.staging.catchup.gap = 1000 (default)
2023-10-08 16:27:24,674 [omNode-2@group-523986131536-LeaderElection10] INFO  server.RaftServerConfigKeys (ConfUtils.java:logGet(46)) - raft.server.write.element-limit = 4096 (default)
2023-10-08 16:27:24,674 [omNode-2@group-523986131536-LeaderElection10] INFO  server.RaftServerConfigKeys (ConfUtils.java:logGet(46)) - raft.server.write.byte-limit = 64MB (=67108864) (default)
2023-10-08 16:27:24,674 [omNode-2@group-523986131536-LeaderElection10] INFO  server.RaftServerConfigKeys (ConfUtils.java:logGet(46)) - raft.server.watch.timeout = 10s (default)
2023-10-08 16:27:24,674 [omNode-2@group-523986131536-LeaderElection10] INFO  server.RaftServerConfigKeys (ConfUtils.java:logGet(46)) - raft.server.watch.timeout.denomination = 1s (default)
2023-10-08 16:27:24,674 [omNode-2@group-523986131536-LeaderElection10] INFO  server.RaftServerConfigKeys (ConfUtils.java:logGet(46)) - raft.server.watch.element-limit = 65536 (default)
2023-10-08 16:27:24,674 [omNode-2@group-523986131536-LeaderElection10] INFO  server.RaftServerConfigKeys (ConfUtils.java:logGet(46)) - raft.server.write.element-limit = 4096 (default)
2023-10-08 16:27:24,674 [omNode-2@group-523986131536-LeaderElection10] INFO  server.RaftServerConfigKeys (ConfUtils.java:logGet(46)) - raft.server.write.follower.gap.ratio.max = -1.0 (default)
2023-10-08 16:27:24,675 [omNode-2@group-523986131536-LeaderElection10] INFO  server.RaftServerConfigKeys (ConfUtils.java:logGet(46)) - raft.server.log.appender.snapshot.chunk.size.max = 16MB (=16777216) (default)
2023-10-08 16:27:24,675 [omNode-2@group-523986131536-LeaderElection10] INFO  server.RaftServerConfigKeys (ConfUtils.java:logGet(46)) - raft.server.log.appender.buffer.byte-limit = 33554432 (custom)
2023-10-08 16:27:24,675 [omNode-2@group-523986131536-LeaderElection10] INFO  server.RaftServerConfigKeys (ConfUtils.java:logGet(46)) - raft.server.log.appender.buffer.element-limit = 1024 (custom)
2023-10-08 16:27:24,675 [omNode-2@group-523986131536-LeaderElection10] INFO  server.RaftServerConfigKeys (ConfUtils.java:logGet(46)) - raft.server.log.appender.wait-time.min = 0ms (custom)
2023-10-08 16:27:24,675 [omNode-2@group-523986131536-LeaderElection10] INFO  grpc.GrpcConfigKeys (ConfUtils.java:logGet(46)) - raft.grpc.server.leader.outstanding.appends.max = 128 (default)
2023-10-08 16:27:24,675 [omNode-2@group-523986131536-LeaderElection10] INFO  server.RaftServerConfigKeys (ConfUtils.java:logGet(46)) - raft.server.rpc.request.timeout = 3000ms (default)
2023-10-08 16:27:24,675 [omNode-2@group-523986131536-LeaderElection10] INFO  grpc.GrpcConfigKeys (ConfUtils.java:logGet(46)) - raft.grpc.server.install_snapshot.request.element-limit = 8 (default)
2023-10-08 16:27:24,675 [omNode-2@group-523986131536-LeaderElection10] INFO  grpc.GrpcConfigKeys (ConfUtils.java:logGet(46)) - raft.grpc.server.install_snapshot.request.timeout = 3000ms (default)
2023-10-08 16:27:24,675 [omNode-2@group-523986131536-LeaderElection10] INFO  server.RaftServerConfigKeys (ConfUtils.java:logGet(46)) - raft.server.log.appender.install.snapshot.enabled = false (custom)
2023-10-08 16:27:24,676 [omNode-2@group-523986131536-LeaderElection10] INFO  grpc.GrpcConfigKeys (ConfUtils.java:logGet(46)) - raft.grpc.server.heartbeat.channel = true (default)
2023-10-08 16:27:24,676 [omNode-2@group-523986131536-LeaderElection10] INFO  server.RaftServerConfigKeys (ConfUtils.java:logGet(46)) - raft.server.log.appender.snapshot.chunk.size.max = 16MB (=16777216) (default)
2023-10-08 16:27:24,676 [omNode-2@group-523986131536-LeaderElection10] INFO  server.RaftServerConfigKeys (ConfUtils.java:logGet(46)) - raft.server.log.appender.buffer.byte-limit = 33554432 (custom)
2023-10-08 16:27:24,676 [omNode-2@group-523986131536-LeaderElection10] INFO  server.RaftServerConfigKeys (ConfUtils.java:logGet(46)) - raft.server.log.appender.buffer.element-limit = 1024 (custom)
2023-10-08 16:27:24,676 [omNode-2@group-523986131536-LeaderElection10] INFO  server.RaftServerConfigKeys (ConfUtils.java:logGet(46)) - raft.server.log.appender.wait-time.min = 0ms (custom)
2023-10-08 16:27:24,676 [omNode-2@group-523986131536-LeaderElection10] INFO  grpc.GrpcConfigKeys (ConfUtils.java:logGet(46)) - raft.grpc.server.leader.outstanding.appends.max = 128 (default)
2023-10-08 16:27:24,676 [omNode-2@group-523986131536-LeaderElection10] INFO  server.RaftServerConfigKeys (ConfUtils.java:logGet(46)) - raft.server.rpc.request.timeout = 3000ms (default)
2023-10-08 16:27:24,676 [omNode-2@group-523986131536-LeaderElection10] INFO  grpc.GrpcConfigKeys (ConfUtils.java:logGet(46)) - raft.grpc.server.install_snapshot.request.element-limit = 8 (default)
2023-10-08 16:27:24,677 [omNode-2@group-523986131536-LeaderElection10] INFO  grpc.GrpcConfigKeys (ConfUtils.java:logGet(46)) - raft.grpc.server.install_snapshot.request.timeout = 3000ms (default)
2023-10-08 16:27:24,677 [omNode-2@group-523986131536-LeaderElection10] INFO  server.RaftServerConfigKeys (ConfUtils.java:logGet(46)) - raft.server.log.appender.install.snapshot.enabled = false (custom)
2023-10-08 16:27:24,677 [omNode-2@group-523986131536-LeaderElection10] INFO  grpc.GrpcConfigKeys (ConfUtils.java:logGet(46)) - raft.grpc.server.heartbeat.channel = true (default)
2023-10-08 16:27:24,677 [omNode-2@group-523986131536-LeaderElection10] INFO  impl.RoleInfo (RoleInfo.java:updateAndGet(139)) - omNode-2: start omNode-2@group-523986131536-LeaderStateImpl
2023-10-08 16:27:24,677 [omNode-2@group-523986131536-LeaderElection10] INFO  segmented.SegmentedRaftLogWorker (SegmentedRaftLogWorker.java:rollLogSegment(452)) - omNode-2@group-523986131536-SegmentedRaftLogWorker: Rolling segment log-3_32 to index:32
2023-10-08 16:27:24,678 [omNode-2@group-523986131536-SegmentedRaftLogWorker] INFO  segmented.SegmentedRaftLogWorker (SegmentedRaftLogWorker.java:execute(608)) - omNode-2@group-523986131536-SegmentedRaftLogWorker: Rolled log segment from /home/runner/work/ozone/ozone/hadoop-ozone/integration-test/target/test-dir/MiniOzoneClusterImpl-c8a21aad-f255-4385-b304-f7d4bfe38451/omNode-2/ratis/c9bc4cf4-3bc3-3c60-a66b-523986131536/current/log_inprogress_3 to /home/runner/work/ozone/ozone/hadoop-ozone/integration-test/target/test-dir/MiniOzoneClusterImpl-c8a21aad-f255-4385-b304-f7d4bfe38451/omNode-2/ratis/c9bc4cf4-3bc3-3c60-a66b-523986131536/current/log_3-32
2023-10-08 16:27:24,690 [omNode-2@group-523986131536-SegmentedRaftLogWorker] INFO  segmented.SegmentedRaftLogWorker (SegmentedRaftLogWorker.java:execute(651)) - omNode-2@group-523986131536-SegmentedRaftLogWorker: created new log segment /home/runner/work/ozone/ozone/hadoop-ozone/integration-test/target/test-dir/MiniOzoneClusterImpl-c8a21aad-f255-4385-b304-f7d4bfe38451/omNode-2/ratis/c9bc4cf4-3bc3-3c60-a66b-523986131536/current/log_inprogress_33
2023-10-08 16:27:24,691 [omNode-2@group-523986131536-LeaderElection10] INFO  server.RaftServer$Division (ServerState.java:setRaftConf(434)) - omNode-2@group-523986131536: set configuration 33: peers:[omNode-3|rpc:localhost:15015|admin:|client:|dataStream:|priority:0|startupRole:FOLLOWER, omNode-1|rpc:localhost:15007|admin:|client:|dataStream:|priority:0|startupRole:FOLLOWER, omNode-2|rpc:localhost:15011|admin:|client:|dataStream:|priority:0|startupRole:FOLLOWER]|listeners:[], old=null
2023-10-08 16:27:24,692 [grpc-default-executor-4] WARN  server.GrpcLogAppender (LogUtils.java:warn(122)) - omNode-2@group-523986131536->omNode-1-AppendLogResponseHandler: Failed appendEntries: org.apache.ratis.thirdparty.io.grpc.StatusRuntimeException: UNAVAILABLE: io exception
2023-10-08 16:27:24,705 [grpc-default-executor-5] WARN  server.GrpcLogAppender (LogUtils.java:warn(122)) - omNode-2@group-523986131536->omNode-1-AppendLogResponseHandler: Failed appendEntries: org.apache.ratis.thirdparty.io.grpc.StatusRuntimeException: UNAVAILABLE: io exception
2023-10-08 16:27:24,706 [grpc-default-executor-4] INFO  leader.FollowerInfo (FollowerInfoImpl.java:lambda$new$0(52)) - omNode-2@group-523986131536->omNode-1: decreaseNextIndex nextIndex: updateUnconditionally 33 -> 0
2023-10-08 16:27:24,709 [omNode-3-server-thread2] INFO  server.RaftServer$Division (ServerState.java:setLeader(317)) - omNode-3@group-523986131536: change Leader from null to omNode-2 at term 4 for appendEntries, leader elected after 995ms
2023-10-08 16:27:24,709 [omNode-3-server-thread2] INFO  server.RaftServer$Division (ServerState.java:setRaftConf(434)) - omNode-3@group-523986131536: set configuration 33: peers:[omNode-3|rpc:localhost:15015|admin:|client:|dataStream:|priority:0|startupRole:FOLLOWER, omNode-1|rpc:localhost:15007|admin:|client:|dataStream:|priority:0|startupRole:FOLLOWER, omNode-2|rpc:localhost:15011|admin:|client:|dataStream:|priority:0|startupRole:FOLLOWER]|listeners:[], old=null
2023-10-08 16:27:24,709 [omNode-3-server-thread2] INFO  segmented.SegmentedRaftLogWorker (SegmentedRaftLogWorker.java:rollLogSegment(452)) - omNode-3@group-523986131536-SegmentedRaftLogWorker: Rolling segment log-3_32 to index:32
2023-10-08 16:27:24,711 [grpc-default-executor-4] WARN  server.GrpcLogAppender (LogUtils.java:warn(122)) - omNode-2@group-523986131536->omNode-1-AppendLogResponseHandler: Failed appendEntries: org.apache.ratis.thirdparty.io.grpc.StatusRuntimeException: UNAVAILABLE: io exception
2023-10-08 16:27:24,713 [grpc-default-executor-2] WARN  server.GrpcLogAppender (LogUtils.java:warn(122)) - omNode-2@group-523986131536->omNode-1-AppendLogResponseHandler: Failed appendEntries: org.apache.ratis.thirdparty.io.grpc.StatusRuntimeException: UNAVAILABLE: io exception
2023-10-08 16:27:24,713 [grpc-default-executor-5] INFO  leader.FollowerInfo (FollowerInfoImpl.java:lambda$new$0(52)) - omNode-2@group-523986131536->omNode-1: decreaseNextIndex nextIndex: updateUnconditionally 34 -> 0
2023-10-08 16:27:24,718 [omNode-3@group-523986131536-SegmentedRaftLogWorker] INFO  segmented.SegmentedRaftLogWorker (SegmentedRaftLogWorker.java:execute(608)) - omNode-3@group-523986131536-SegmentedRaftLogWorker: Rolled log segment from /home/runner/work/ozone/ozone/hadoop-ozone/integration-test/target/test-dir/MiniOzoneClusterImpl-c8a21aad-f255-4385-b304-f7d4bfe38451/omNode-3/ratis/c9bc4cf4-3bc3-3c60-a66b-523986131536/current/log_inprogress_3 to /home/runner/work/ozone/ozone/hadoop-ozone/integration-test/target/test-dir/MiniOzoneClusterImpl-c8a21aad-f255-4385-b304-f7d4bfe38451/omNode-3/ratis/c9bc4cf4-3bc3-3c60-a66b-523986131536/current/log_3-32
2023-10-08 16:27:24,727 [grpc-default-executor-4] WARN  server.GrpcLogAppender (LogUtils.java:warn(122)) - omNode-2@group-523986131536->omNode-1-AppendLogResponseHandler: Failed appendEntries: org.apache.ratis.thirdparty.io.grpc.StatusRuntimeException: UNAVAILABLE: io exception
2023-10-08 16:27:24,729 [grpc-default-executor-2] WARN  server.GrpcLogAppender (LogUtils.java:warn(122)) - omNode-2@group-523986131536->omNode-1-AppendLogResponseHandler: Failed appendEntries: org.apache.ratis.thirdparty.io.grpc.StatusRuntimeException: UNAVAILABLE: io exception
2023-10-08 16:27:24,730 [grpc-default-executor-4] INFO  leader.FollowerInfo (FollowerInfoImpl.java:lambda$new$0(52)) - omNode-2@group-523986131536->omNode-1: decreaseNextIndex nextIndex: updateUnconditionally 34 -> 0
2023-10-08 16:27:24,734 [omNode-3@group-523986131536-SegmentedRaftLogWorker] INFO  segmented.SegmentedRaftLogWorker (SegmentedRaftLogWorker.java:execute(651)) - omNode-3@group-523986131536-SegmentedRaftLogWorker: created new log segment /home/runner/work/ozone/ozone/hadoop-ozone/integration-test/target/test-dir/MiniOzoneClusterImpl-c8a21aad-f255-4385-b304-f7d4bfe38451/omNode-3/ratis/c9bc4cf4-3bc3-3c60-a66b-523986131536/current/log_inprogress_33
2023-10-08 16:27:24,741 [omNode-2@group-523986131536-StateMachineUpdater] INFO  ratis.OzoneManagerStateMachine (OzoneManagerStateMachine.java:notifyConfigurationChanged(202)) - Received Configuration change notification from Ratis. New Peer list:
[id: "omNode-3"
address: "localhost:15015"
startupRole: FOLLOWER
, id: "omNode-1"
address: "localhost:15007"
startupRole: FOLLOWER
, id: "omNode-2"
address: "localhost:15011"
startupRole: FOLLOWER
]
2023-10-08 16:27:24,742 [grpc-default-executor-4] WARN  server.GrpcLogAppender (LogUtils.java:warn(122)) - omNode-2@group-523986131536->omNode-1-AppendLogResponseHandler: Failed appendEntries: org.apache.ratis.thirdparty.io.grpc.StatusRuntimeException: UNAVAILABLE: io exception
2023-10-08 16:27:24,743 [grpc-default-executor-4] INFO  leader.FollowerInfo (FollowerInfoImpl.java:lambda$new$0(52)) - omNode-2@group-523986131536->omNode-1: decreaseNextIndex nextIndex: updateUnconditionally 35 -> 0
2023-10-08 16:27:24,743 [grpc-default-executor-2] WARN  server.GrpcLogAppender (LogUtils.java:warn(122)) - omNode-2@group-523986131536->omNode-1-AppendLogResponseHandler: Failed appendEntries: org.apache.ratis.thirdparty.io.grpc.StatusRuntimeException: UNAVAILABLE: io exception
2023-10-08 16:27:24,750 [grpc-default-executor-4] WARN  server.GrpcLogAppender (LogUtils.java:warn(122)) - omNode-2@group-523986131536->omNode-1-AppendLogResponseHandler: Failed appendEntries: org.apache.ratis.thirdparty.io.grpc.StatusRuntimeException: UNAVAILABLE: io exception
2023-10-08 16:27:24,751 [grpc-default-executor-4] INFO  leader.FollowerInfo (FollowerInfoImpl.java:lambda$new$0(52)) - omNode-2@group-523986131536->omNode-1: decreaseNextIndex nextIndex: updateUnconditionally 35 -> 0
2023-10-08 16:27:24,751 [grpc-default-executor-5] WARN  server.GrpcLogAppender (LogUtils.java:warn(122)) - omNode-2@group-523986131536->omNode-1-AppendLogResponseHandler: Failed appendEntries: org.apache.ratis.thirdparty.io.grpc.StatusRuntimeException: UNAVAILABLE: io exception
2023-10-08 16:27:24,756 [omNode-3@group-523986131536-StateMachineUpdater] INFO  ratis.OzoneManagerStateMachine (OzoneManagerStateMachine.java:notifyConfigurationChanged(202)) - Received Configuration change notification from Ratis. New Peer list:
[id: "omNode-3"
address: "localhost:15015"
startupRole: FOLLOWER
, id: "omNode-1"
address: "localhost:15007"
startupRole: FOLLOWER
, id: "omNode-2"
address: "localhost:15011"
startupRole: FOLLOWER
]
2023-10-08 16:27:24,760 [grpc-default-executor-2] WARN  server.GrpcLogAppender (LogUtils.java:warn(122)) - omNode-2@group-523986131536->omNode-1-AppendLogResponseHandler: Failed appendEntries: org.apache.ratis.thirdparty.io.grpc.StatusRuntimeException: UNAVAILABLE: io exception
2023-10-08 16:27:24,761 [grpc-default-executor-2] INFO  leader.FollowerInfo (FollowerInfoImpl.java:lambda$new$0(52)) - omNode-2@group-523986131536->omNode-1: decreaseNextIndex nextIndex: updateUnconditionally 35 -> 0
2023-10-08 16:27:24,761 [grpc-default-executor-4] WARN  server.GrpcLogAppender (LogUtils.java:warn(122)) - omNode-2@group-523986131536->omNode-1-AppendLogResponseHandler: Failed appendEntries: org.apache.ratis.thirdparty.io.grpc.StatusRuntimeException: UNAVAILABLE: io exception
2023-10-08 16:27:24,766 [main] INFO  om.OzoneManager (OzoneManager.java:instantiateServices(800)) - S3 Multi-Tenancy is disabled
2023-10-08 16:27:24,766 [main] INFO  om.OmSnapshotManager (OmSnapshotManager.java:<init>(174)) - Ozone filesystem snapshot feature is enabled.
2023-10-08 16:27:24,767 [main] WARN  server.ServerUtils (ServerUtils.java:getDBPath(311)) - ozone.om.snapshot.diff.db.dir is not configured. We recommend adding this setting. Falling back to ozone.metadata.dirs instead.
2023-10-08 16:27:24,782 [main] INFO  snapshot.SnapshotDiffManager (SnapshotDiffManager.java:closeExecutorService(1720)) - Shutting down executorService: 'SstDumpToolExecutor'
2023-10-08 16:27:24,785 [main] WARN  impl.MetricRegistriesImpl (MetricRegistriesImpl.java:addReporterRegistration(111)) - New reporters are added after registries were created. Some metrics will be missing from the reporter. Please add reporter before adding any new registry.
2023-10-08 16:27:24,785 [main] WARN  impl.MetricRegistriesImpl (MetricRegistriesImpl.java:addReporterRegistration(111)) - New reporters are added after registries were created. Some metrics will be missing from the reporter. Please add reporter before adding any new registry.
2023-10-08 16:27:24,785 [main] WARN  server.ServerUtils (ServerUtils.java:getDefaultRatisDirectory(323)) - Storage directory for Ratis is not configured. It is a good idea to map this to an SSD disk. Falling back to ozone.metadata.dirs
2023-10-08 16:27:24,786 [main] INFO  ratis.OzoneManagerRatisServer (OzoneManagerRatisServer.java:<init>(164)) - Instantiating OM Ratis server with groupID: om-service-test1 and peers: localhost:15007, localhost:15015, localhost:15011
2023-10-08 16:27:24,787 [main] INFO  ratis.OzoneManagerStateMachine (OzoneManagerStateMachine.java:loadSnapshotInfoFromDB(691)) - LastAppliedIndex is set from TransactionInfo from OM DB as (t:3, i:31)
2023-10-08 16:27:24,788 [main] INFO  server.RaftServer (ConfUtils.java:logGet(46)) - raft.rpc.type = GRPC (default)
2023-10-08 16:27:24,788 [main] INFO  grpc.GrpcConfigKeys (ConfUtils.java:logFallback(53)) - raft.grpc.admin.host = null (fallback to raft.grpc.server.host)
2023-10-08 16:27:24,788 [main] INFO  grpc.GrpcConfigKeys (ConfUtils.java:logFallback(53)) - raft.grpc.admin.port = 15007 (fallback to raft.grpc.server.port)
2023-10-08 16:27:24,788 [main] INFO  grpc.GrpcConfigKeys (ConfUtils.java:logFallback(53)) - raft.grpc.client.host = null (fallback to raft.grpc.server.host)
2023-10-08 16:27:24,788 [main] INFO  grpc.GrpcConfigKeys (ConfUtils.java:logFallback(53)) - raft.grpc.client.port = 15007 (fallback to raft.grpc.server.port)
2023-10-08 16:27:24,788 [main] INFO  grpc.GrpcConfigKeys (ConfUtils.java:logGet(46)) - raft.grpc.server.host = null (default)
2023-10-08 16:27:24,788 [main] INFO  grpc.GrpcConfigKeys (ConfUtils.java:logGet(46)) - raft.grpc.server.port = 15007 (custom)
2023-10-08 16:27:24,789 [main] INFO  server.GrpcService (ConfUtils.java:logGet(46)) - raft.grpc.message.size.max = 33554432 (custom)
2023-10-08 16:27:24,789 [main] INFO  server.RaftServerConfigKeys (ConfUtils.java:logGet(46)) - raft.server.log.appender.buffer.byte-limit = 33554432 (custom)
2023-10-08 16:27:24,789 [main] INFO  server.GrpcService (ConfUtils.java:logGet(46)) - raft.grpc.flow.control.window = 1MB (=1048576) (default)
2023-10-08 16:27:24,789 [main] INFO  server.RaftServerConfigKeys (ConfUtils.java:logGet(46)) - raft.server.rpc.request.timeout = 3000ms (default)
2023-10-08 16:27:24,789 [main] INFO  grpc.GrpcConfigKeys (ConfUtils.java:logGet(46)) - raft.grpc.server.heartbeat.channel = true (default)
2023-10-08 16:27:24,789 [main] INFO  grpc.GrpcConfigKeys (ConfUtils.java:logGet(46)) - raft.grpc.server.async.request.thread.pool.cached = true (default)
2023-10-08 16:27:24,790 [main] INFO  grpc.GrpcConfigKeys (ConfUtils.java:logGet(46)) - raft.grpc.server.async.request.thread.pool.size = 32 (default)
2023-10-08 16:27:24,792 [main] INFO  impl.DataStreamServerImpl (ConfUtils.java:logGet(46)) - raft.datastream.type = DISABLED (default)
2023-10-08 16:27:24,792 [main] INFO  server.RaftServerConfigKeys (ConfUtils.java:logGet(46)) - raft.server.threadpool.proxy.cached = true (default)
2023-10-08 16:27:24,792 [main] INFO  server.RaftServerConfigKeys (ConfUtils.java:logGet(46)) - raft.server.threadpool.proxy.size = 0 (default)
2023-10-08 16:27:24,792 [main] INFO  server.RaftServerConfigKeys (ConfUtils.java:logGet(46)) - raft.server.rpc.slowness.timeout = 2s (custom)
2023-10-08 16:27:24,792 [main] INFO  server.RaftServerConfigKeys (ConfUtils.java:logGet(46)) - raft.server.leaderelection.leader.step-down.wait-time = 10s (default)
2023-10-08 16:27:24,792 [main] INFO  server.RaftServerConfigKeys (ConfUtils.java:logGet(46)) - raft.server.storage.dir = [/home/runner/work/ozone/ozone/hadoop-ozone/integration-test/target/test-dir/MiniOzoneClusterImpl-c8a21aad-f255-4385-b304-f7d4bfe38451/omNode-1/ratis] (custom)
2023-10-08 16:27:24,793 [omNode-1-impl-thread1] INFO  server.RaftServer (RaftServerProxy.java:initGroupDir(258)) - omNode-1: found a subdirectory /home/runner/work/ozone/ozone/hadoop-ozone/integration-test/target/test-dir/MiniOzoneClusterImpl-c8a21aad-f255-4385-b304-f7d4bfe38451/omNode-1/ratis/c9bc4cf4-3bc3-3c60-a66b-523986131536
2023-10-08 16:27:24,793 [main] INFO  server.RaftServer (RaftServerProxy.java:addNew(98)) - omNode-1: addNew group-523986131536:[omNode-3|rpc:localhost:15015|priority:0|startupRole:FOLLOWER, omNode-1|rpc:localhost:15007|priority:0|startupRole:FOLLOWER, omNode-2|rpc:localhost:15011|priority:0|startupRole:FOLLOWER] returns group-523986131536:java.util.concurrent.CompletableFuture@6b532a5[Not completed]
2023-10-08 16:27:24,793 [main] INFO  om.OzoneManager (OzoneManager.java:initializeRatisServer(2149)) - OzoneManager Ratis server initialized at port 15007
2023-10-08 16:27:24,793 [main] INFO  ratis.OzoneManagerRatisServer (OzoneManagerRatisServer.java:start(559)) - Starting OzoneManagerRatisServer omNode-1 at port 15007
2023-10-08 16:27:24,794 [omNode-1-groupManagement] INFO  server.RaftServer$Division (RaftServerImpl.java:<init>(198)) - omNode-1: new RaftServerImpl for group-523986131536:[omNode-3|rpc:localhost:15015|priority:0|startupRole:FOLLOWER, omNode-1|rpc:localhost:15007|priority:0|startupRole:FOLLOWER, omNode-2|rpc:localhost:15011|priority:0|startupRole:FOLLOWER] with OzoneManagerStateMachine:uninitialized
2023-10-08 16:27:24,794 [omNode-1-groupManagement] INFO  server.RaftServerConfigKeys (ConfUtils.java:logGet(46)) - raft.server.rpc.timeout.min = 1s (custom)
2023-10-08 16:27:24,794 [omNode-1-groupManagement] INFO  server.RaftServerConfigKeys (ConfUtils.java:logGet(46)) - raft.server.rpc.timeout.max = 1200ms (custom)
2023-10-08 16:27:24,794 [omNode-1-groupManagement] INFO  server.RaftServerConfigKeys (ConfUtils.java:logGet(46)) - raft.server.rpc.sleep.time = 25ms (default)
2023-10-08 16:27:24,794 [omNode-1-groupManagement] INFO  server.RaftServerConfigKeys (ConfUtils.java:logGet(46)) - raft.server.rpc.slowness.timeout = 2s (custom)
2023-10-08 16:27:24,794 [omNode-1-groupManagement] INFO  server.RaftServerConfigKeys (ConfUtils.java:logGet(46)) - raft.server.leaderelection.leader.step-down.wait-time = 10s (default)
2023-10-08 16:27:24,794 [omNode-1-groupManagement] INFO  server.RaftServerConfigKeys (ConfUtils.java:logGet(46)) - raft.server.sleep.deviation.threshold = 300ms (default)
2023-10-08 16:27:24,794 [omNode-1-groupManagement] INFO  server.RaftServer$Division (ServerState.java:<init>(120)) - omNode-1@group-523986131536: ConfigurationManager, init=-1: peers:[omNode-3|rpc:localhost:15015|priority:0|startupRole:FOLLOWER, omNode-1|rpc:localhost:15007|priority:0|startupRole:FOLLOWER, omNode-2|rpc:localhost:15011|priority:0|startupRole:FOLLOWER]|listeners:[], old=null, confs=<EMPTY_MAP>
2023-10-08 16:27:24,794 [omNode-1-groupManagement] INFO  server.RaftServerConfigKeys (ConfUtils.java:logGet(46)) - raft.server.storage.dir = [/home/runner/work/ozone/ozone/hadoop-ozone/integration-test/target/test-dir/MiniOzoneClusterImpl-c8a21aad-f255-4385-b304-f7d4bfe38451/omNode-1/ratis] (custom)
2023-10-08 16:27:24,794 [omNode-1-groupManagement] INFO  server.RaftServerConfigKeys (ConfUtils.java:logGet(46)) - raft.server.log.corruption.policy = EXCEPTION (default)
2023-10-08 16:27:24,794 [omNode-1-groupManagement] INFO  server.RaftServerConfigKeys (ConfUtils.java:logGet(46)) - raft.server.storage.free-space.min = 0MB (=0) (default)
2023-10-08 16:27:24,794 [omNode-1-groupManagement] INFO  server.RaftServerConfigKeys (ConfUtils.java:logGet(46)) - raft.server.notification.no-leader.timeout = 2s (custom)
2023-10-08 16:27:24,794 [omNode-1-groupManagement] INFO  server.RaftServerConfigKeys (ConfUtils.java:logGet(46)) - raft.server.read.timeout = 10s (default)
2023-10-08 16:27:24,794 [omNode-1-groupManagement] INFO  server.RaftServerConfigKeys (ConfUtils.java:logGet(46)) - raft.server.retrycache.expirytime = 30000ms (custom)
2023-10-08 16:27:24,794 [omNode-1-groupManagement] INFO  server.RaftServerConfigKeys (ConfUtils.java:logGet(46)) - raft.server.retrycache.statistics.expirytime = 100μs (default)
2023-10-08 16:27:24,795 [omNode-1-groupManagement] INFO  server.RaftServerConfigKeys (ConfUtils.java:logGet(46)) - raft.server.read.option = DEFAULT (default)
2023-10-08 16:27:24,795 [omNode-1-groupManagement] INFO  server.RaftServerConfigKeys (ConfUtils.java:logGet(46)) - raft.server.rpc.request.timeout = 3000ms (default)
2023-10-08 16:27:24,795 [omNode-1-groupManagement] INFO  server.RaftServerConfigKeys (ConfUtils.java:logGet(46)) - raft.server.log.appender.install.snapshot.enabled = false (custom)
2023-10-08 16:27:24,796 [omNode-1-groupManagement] INFO  server.RaftServerConfigKeys (ConfUtils.java:logGet(46)) - raft.server.threadpool.server.cached = true (default)
2023-10-08 16:27:24,796 [omNode-1-groupManagement] INFO  server.RaftServerConfigKeys (ConfUtils.java:logGet(46)) - raft.server.threadpool.server.size = 0 (default)
2023-10-08 16:27:24,796 [omNode-1-groupManagement] INFO  server.RaftServerConfigKeys (ConfUtils.java:logGet(46)) - raft.server.threadpool.client.cached = true (default)
2023-10-08 16:27:24,796 [omNode-1-groupManagement] INFO  server.RaftServerConfigKeys (ConfUtils.java:logGet(46)) - raft.server.threadpool.client.size = 0 (default)
2023-10-08 16:27:24,797 [omNode-1-impl-thread1] INFO  storage.RaftStorageDirectory (RaftStorageDirectoryImpl.java:tryLock(231)) - Lock on /home/runner/work/ozone/ozone/hadoop-ozone/integration-test/target/test-dir/MiniOzoneClusterImpl-c8a21aad-f255-4385-b304-f7d4bfe38451/omNode-1/ratis/c9bc4cf4-3bc3-3c60-a66b-523986131536/in_use.lock acquired by nodename 29017@fv-az550-77
2023-10-08 16:27:24,797 [omNode-1-impl-thread1] INFO  storage.RaftStorage (RaftStorageImpl.java:analyzeAndRecoverStorage(117)) - Read RaftStorageMetadata{term=3, votedFor=omNode-3} from /home/runner/work/ozone/ozone/hadoop-ozone/integration-test/target/test-dir/MiniOzoneClusterImpl-c8a21aad-f255-4385-b304-f7d4bfe38451/omNode-1/ratis/c9bc4cf4-3bc3-3c60-a66b-523986131536/current/raft-meta
2023-10-08 16:27:24,798 [omNode-1-impl-thread1] INFO  server.RaftServer$Division (ServerState.java:setRaftConf(434)) - omNode-1@group-523986131536: set configuration 3: peers:[omNode-3|rpc:localhost:15015|admin:|client:|dataStream:|priority:0|startupRole:FOLLOWER, omNode-1|rpc:localhost:15007|admin:|client:|dataStream:|priority:0|startupRole:FOLLOWER, omNode-2|rpc:localhost:15011|admin:|client:|dataStream:|priority:0|startupRole:FOLLOWER]|listeners:[], old=null
2023-10-08 16:27:24,799 [omNode-1-impl-thread1] INFO  server.RaftServerConfigKeys (ConfUtils.java:logGet(46)) - raft.server.log.use.memory = false (default)
2023-10-08 16:27:24,799 [omNode-1-impl-thread1] INFO  server.RaftServerConfigKeys (ConfUtils.java:logGet(46)) - raft.server.log.purge.gap = 50 (custom)
2023-10-08 16:27:24,799 [omNode-1-impl-thread1] INFO  server.RaftServerConfigKeys (ConfUtils.java:logGet(46)) - raft.server.log.appender.buffer.byte-limit = 33554432 (custom)
2023-10-08 16:27:24,799 [omNode-1-impl-thread1] INFO  server.RaftServerConfigKeys (ConfUtils.java:logGet(46)) - raft.server.log.statemachine.data.read.timeout = 1000ms (default)
2023-10-08 16:27:24,799 [omNode-1-impl-thread1] INFO  server.RaftServerConfigKeys (ConfUtils.java:logGet(46)) - raft.server.log.purge.preservation.log.num = 0 (default)
2023-10-08 16:27:24,799 [omNode-1-impl-thread1] INFO  server.RaftServerConfigKeys (ConfUtils.java:logGet(46)) - raft.server.log.segment.size.max = 4194304 (custom)
2023-10-08 16:27:24,799 [omNode-1-impl-thread1] INFO  server.RaftServerConfigKeys (ConfUtils.java:logGet(46)) - raft.server.log.segment.cache.num.max = 2 (custom)
2023-10-08 16:27:24,799 [omNode-1-impl-thread1] INFO  server.RaftServerConfigKeys (ConfUtils.java:logGet(46)) - raft.server.log.segment.cache.size.max = 200MB (=209715200) (default)
2023-10-08 16:27:24,800 [omNode-1-impl-thread1] INFO  server.RaftServerConfigKeys (ConfUtils.java:logGet(46)) - raft.server.log.appender.buffer.byte-limit = 33554432 (custom)
2023-10-08 16:27:24,800 [omNode-1-impl-thread1] INFO  segmented.SegmentedRaftLogWorker (SegmentedRaftLogWorker.java:<init>(188)) - new omNode-1@group-523986131536-SegmentedRaftLogWorker for RaftStorageImpl:Storage Directory /home/runner/work/ozone/ozone/hadoop-ozone/integration-test/target/test-dir/MiniOzoneClusterImpl-c8a21aad-f255-4385-b304-f7d4bfe38451/omNode-1/ratis/c9bc4cf4-3bc3-3c60-a66b-523986131536
2023-10-08 16:27:24,800 [omNode-1-impl-thread1] INFO  server.RaftServerConfigKeys (ConfUtils.java:logGet(46)) - raft.server.log.queue.byte-limit = 64MB (=67108864) (default)
2023-10-08 16:27:24,800 [omNode-1-impl-thread1] INFO  server.RaftServerConfigKeys (ConfUtils.java:logGet(46)) - raft.server.log.queue.element-limit = 4096 (default)
2023-10-08 16:27:24,800 [omNode-1-impl-thread1] INFO  server.RaftServerConfigKeys (ConfUtils.java:logGet(46)) - raft.server.log.segment.size.max = 4194304 (custom)
2023-10-08 16:27:24,800 [omNode-1-impl-thread1] INFO  server.RaftServerConfigKeys (ConfUtils.java:logGet(46)) - raft.server.log.preallocated.size = 4194304 (custom)
2023-10-08 16:27:24,800 [omNode-1-impl-thread1] INFO  server.RaftServerConfigKeys (ConfUtils.java:logGet(46)) - raft.server.log.force.sync.num = 128 (default)
2023-10-08 16:27:24,800 [omNode-1-impl-thread1] INFO  server.RaftServerConfigKeys (ConfUtils.java:logGet(46)) - raft.server.log.statemachine.data.sync = true (default)
2023-10-08 16:27:24,800 [omNode-1-impl-thread1] INFO  server.RaftServerConfigKeys (ConfUtils.java:logGet(46)) - raft.server.log.statemachine.data.sync.timeout = 10s (default)
2023-10-08 16:27:24,800 [omNode-1-impl-thread1] INFO  server.RaftServerConfigKeys (ConfUtils.java:logGet(46)) - raft.server.log.statemachine.data.sync.timeout.retry = -1 (default)
2023-10-08 16:27:24,800 [omNode-1-impl-thread1] INFO  server.RaftServerConfigKeys (ConfUtils.java:logGet(46)) - raft.server.log.write.buffer.size = 64KB (=65536) (default)
2023-10-08 16:27:24,800 [omNode-1-impl-thread1] INFO  server.RaftServerConfigKeys (ConfUtils.java:logGet(46)) - raft.server.log.appender.buffer.byte-limit = 33554432 (custom)
2023-10-08 16:27:24,805 [omNode-1-impl-thread1] INFO  server.RaftServerConfigKeys (ConfUtils.java:logGet(46)) - raft.server.log.unsafe-flush.enabled = false (default)
2023-10-08 16:27:24,805 [omNode-1-impl-thread1] INFO  server.RaftServerConfigKeys (ConfUtils.java:logGet(46)) - raft.server.log.async-flush.enabled = false (default)
2023-10-08 16:27:24,805 [omNode-1-impl-thread1] INFO  server.RaftServerConfigKeys (ConfUtils.java:logGet(46)) - raft.server.log.statemachine.data.caching.enabled = false (default)
2023-10-08 16:27:24,806 [omNode-1-impl-thread1] INFO  server.RaftServer$Division (ServerState.java:setRaftConf(434)) - omNode-1@group-523986131536: set configuration 0: peers:[omNode-3|rpc:localhost:15015|admin:|client:|dataStream:|priority:0|startupRole:FOLLOWER, omNode-1|rpc:localhost:15007|admin:|client:|dataStream:|priority:0|startupRole:FOLLOWER, omNode-2|rpc:localhost:15011|admin:|client:|dataStream:|priority:0|startupRole:FOLLOWER]|listeners:[], old=null
2023-10-08 16:27:24,806 [omNode-1-impl-thread1] INFO  segmented.LogSegment (LogSegment.java:loadSegment(170)) - Successfully read 1 entries from segment file /home/runner/work/ozone/ozone/hadoop-ozone/integration-test/target/test-dir/MiniOzoneClusterImpl-c8a21aad-f255-4385-b304-f7d4bfe38451/omNode-1/ratis/c9bc4cf4-3bc3-3c60-a66b-523986131536/current/log_0-0
2023-10-08 16:27:24,807 [omNode-1-impl-thread1] INFO  server.RaftServer$Division (ServerState.java:setRaftConf(434)) - omNode-1@group-523986131536: set configuration 1: peers:[omNode-3|rpc:localhost:15015|admin:|client:|dataStream:|priority:0|startupRole:FOLLOWER, omNode-1|rpc:localhost:15007|admin:|client:|dataStream:|priority:0|startupRole:FOLLOWER, omNode-2|rpc:localhost:15011|admin:|client:|dataStream:|priority:0|startupRole:FOLLOWER]|listeners:[], old=null
2023-10-08 16:27:24,807 [omNode-1-impl-thread1] INFO  segmented.LogSegment (LogSegment.java:loadSegment(170)) - Successfully read 2 entries from segment file /home/runner/work/ozone/ozone/hadoop-ozone/integration-test/target/test-dir/MiniOzoneClusterImpl-c8a21aad-f255-4385-b304-f7d4bfe38451/omNode-1/ratis/c9bc4cf4-3bc3-3c60-a66b-523986131536/current/log_1-2
2023-10-08 16:27:24,807 [omNode-1-impl-thread1] INFO  server.RaftServer$Division (ServerState.java:setRaftConf(434)) - omNode-1@group-523986131536: set configuration 3: peers:[omNode-3|rpc:localhost:15015|admin:|client:|dataStream:|priority:0|startupRole:FOLLOWER, omNode-1|rpc:localhost:15007|admin:|client:|dataStream:|priority:0|startupRole:FOLLOWER, omNode-2|rpc:localhost:15011|admin:|client:|dataStream:|priority:0|startupRole:FOLLOWER]|listeners:[], old=null
2023-10-08 16:27:24,808 [omNode-1-impl-thread1] INFO  segmented.LogSegment (LogSegment.java:loadSegment(170)) - Successfully read 30 entries from segment file /home/runner/work/ozone/ozone/hadoop-ozone/integration-test/target/test-dir/MiniOzoneClusterImpl-c8a21aad-f255-4385-b304-f7d4bfe38451/omNode-1/ratis/c9bc4cf4-3bc3-3c60-a66b-523986131536/current/log_inprogress_3
2023-10-08 16:27:24,808 [omNode-1-impl-thread1] INFO  segmented.SegmentedRaftLogWorker (SegmentedRaftLogWorker.java:lambda$new$0(135)) - omNode-1@group-523986131536-SegmentedRaftLogWorker: flushIndex: setUnconditionally 0 -> 32
2023-10-08 16:27:24,808 [omNode-1-impl-thread1] INFO  segmented.SegmentedRaftLogWorker (SegmentedRaftLogWorker.java:lambda$new$0(135)) - omNode-1@group-523986131536-SegmentedRaftLogWorker: safeCacheEvictIndex: setUnconditionally 0 -> 2
2023-10-08 16:27:24,809 [omNode-1-impl-thread1] INFO  server.RaftServer$Division (RaftServerImpl.java:start(342)) - omNode-1@group-523986131536: start as a follower, conf=3: peers:[omNode-3|rpc:localhost:15015|admin:|client:|dataStream:|priority:0|startupRole:FOLLOWER, omNode-1|rpc:localhost:15007|admin:|client:|dataStream:|priority:0|startupRole:FOLLOWER, omNode-2|rpc:localhost:15011|admin:|client:|dataStream:|priority:0|startupRole:FOLLOWER]|listeners:[], old=null
2023-10-08 16:27:24,809 [omNode-1-impl-thread1] INFO  server.RaftServer$Division (RaftServerImpl.java:setRole(329)) - omNode-1@group-523986131536: changes role from      null to FOLLOWER at term 3 for startAsFollower
2023-10-08 16:27:24,809 [omNode-1-impl-thread1] INFO  impl.RoleInfo (RoleInfo.java:updateAndGet(139)) - omNode-1: start omNode-1@group-523986131536-FollowerState
2023-10-08 16:27:24,811 [omNode-1-impl-thread1] INFO  util.JmxRegister (JmxRegister.java:tryRegister(44)) - Successfully registered JMX Bean with object name Ratis:service=RaftServer,group=group-523986131536,id=omNode-1
2023-10-08 16:27:24,811 [omNode-1-impl-thread1] INFO  server.RaftServerConfigKeys (ConfUtils.java:logGet(46)) - raft.server.snapshot.auto.trigger.enabled = true (custom)
2023-10-08 16:27:24,812 [omNode-1-impl-thread1] INFO  server.RaftServerConfigKeys (ConfUtils.java:logGet(46)) - raft.server.snapshot.auto.trigger.threshold = 50 (custom)
2023-10-08 16:27:24,812 [omNode-1-impl-thread1] INFO  server.RaftServerConfigKeys (ConfUtils.java:logGet(46)) - raft.server.snapshot.retention.file.num = -1 (default)
2023-10-08 16:27:24,812 [omNode-1-impl-thread1] INFO  server.RaftServerConfigKeys (ConfUtils.java:logGet(46)) - raft.server.log.purge.upto.snapshot.index = true (custom)
2023-10-08 16:27:24,812 [omNode-1@group-523986131536-FollowerState] INFO  server.RaftServerConfigKeys (ConfUtils.java:logFallback(53)) - raft.server.rpc.first-election.timeout.min = 1s (fallback to raft.server.rpc.timeout.min)
2023-10-08 16:27:24,812 [omNode-1@group-523986131536-FollowerState] INFO  server.RaftServerConfigKeys (ConfUtils.java:logFallback(53)) - raft.server.rpc.first-election.timeout.max = 1200ms (fallback to raft.server.rpc.timeout.max)
2023-10-08 16:27:24,812 [main] INFO  server.RaftServer (RaftServerProxy.java:startImpl(400)) - omNode-1: start RPC server
2023-10-08 16:27:24,814 [main] INFO  server.GrpcService (GrpcService.java:startImpl(302)) - omNode-1: GrpcService started, listening on 15007
2023-10-08 16:27:24,815 [main] INFO  om.OzoneManager (OzoneManager.java:getRpcServer(1202)) - Creating RPC Server
2023-10-08 16:27:24,817 [JvmPauseMonitor11] INFO  util.JvmPauseMonitor (JvmPauseMonitor.java:run(103)) - JvmPauseMonitor-omNode-1: Started
2023-10-08 16:27:24,956 [grpc-default-executor-5] WARN  server.GrpcLogAppender (LogUtils.java:warn(122)) - omNode-2@group-523986131536->omNode-1-AppendLogResponseHandler: Failed appendEntries: org.apache.ratis.thirdparty.io.grpc.StatusRuntimeException: UNAVAILABLE: io exception
2023-10-08 16:27:24,957 [grpc-default-executor-5] INFO  leader.FollowerInfo (FollowerInfoImpl.java:lambda$new$0(52)) - omNode-2@group-523986131536->omNode-1: decreaseNextIndex nextIndex: updateUnconditionally 35 -> 0
2023-10-08 16:27:24,958 [grpc-default-executor-4] WARN  server.GrpcLogAppender (LogUtils.java:warn(122)) - omNode-2@group-523986131536->omNode-1-AppendLogResponseHandler: Failed appendEntries: org.apache.ratis.thirdparty.io.grpc.StatusRuntimeException: UNAVAILABLE: io exception
2023-10-08 16:27:25,234 [omNode-1-server-thread1] INFO  server.RaftServer$Division (ServerState.java:setLeader(317)) - omNode-1@group-523986131536: change Leader from null to omNode-2 at term 4 for appendEntries, leader elected after 429ms
2023-10-08 16:27:25,240 [omNode-1-server-thread2] INFO  server.RaftServer$Division (RaftServerImpl.java:checkInconsistentAppendEntries(1603)) - omNode-1@group-523986131536: Failed appendEntries as the first entry (index 0) already exists (snapshotIndex: 31, commitIndex: 31)
2023-10-08 16:27:25,240 [omNode-1-server-thread2] INFO  server.RaftServer$Division (RaftServerImpl.java:checkInconsistentAppendEntries(1583)) - omNode-1@group-523986131536: inconsistency entries. Reply:omNode-2<-omNode-1#9:FAIL-t4,INCONSISTENCY,nextIndex=32,followerCommit=31,matchIndex=-1
2023-10-08 16:27:25,242 [grpc-default-executor-4] WARN  server.GrpcLogAppender (GrpcLogAppender.java:onNextImpl(401)) - omNode-2@group-523986131536->omNode-1-AppendLogResponseHandler: received INCONSISTENCY reply with nextIndex 32
2023-10-08 16:27:25,242 [grpc-default-executor-4] INFO  leader.FollowerInfo (FollowerInfoImpl.java:lambda$new$0(52)) - omNode-2@group-523986131536->omNode-1: setNextIndex nextIndex: updateUnconditionally 35 -> 32
2023-10-08 16:27:25,250 [omNode-1-server-thread3] INFO  server.RaftServer$Division (ServerState.java:setRaftConf(434)) - omNode-1@group-523986131536: set configuration 33: peers:[omNode-3|rpc:localhost:15015|admin:|client:|dataStream:|priority:0|startupRole:FOLLOWER, omNode-1|rpc:localhost:15007|admin:|client:|dataStream:|priority:0|startupRole:FOLLOWER, omNode-2|rpc:localhost:15011|admin:|client:|dataStream:|priority:0|startupRole:FOLLOWER]|listeners:[], old=null
2023-10-08 16:27:25,252 [omNode-1-server-thread3] INFO  segmented.SegmentedRaftLogWorker (SegmentedRaftLogWorker.java:rollLogSegment(452)) - omNode-1@group-523986131536-SegmentedRaftLogWorker: Rolling segment log-3_32 to index:32
2023-10-08 16:27:25,254 [omNode-1@group-523986131536-SegmentedRaftLogWorker] INFO  segmented.SegmentedRaftLogWorker (SegmentedRaftLogWorker.java:execute(608)) - omNode-1@group-523986131536-SegmentedRaftLogWorker: Rolled log segment from /home/runner/work/ozone/ozone/hadoop-ozone/integration-test/target/test-dir/MiniOzoneClusterImpl-c8a21aad-f255-4385-b304-f7d4bfe38451/omNode-1/ratis/c9bc4cf4-3bc3-3c60-a66b-523986131536/current/log_inprogress_3 to /home/runner/work/ozone/ozone/hadoop-ozone/integration-test/target/test-dir/MiniOzoneClusterImpl-c8a21aad-f255-4385-b304-f7d4bfe38451/omNode-1/ratis/c9bc4cf4-3bc3-3c60-a66b-523986131536/current/log_3-32
2023-10-08 16:27:25,265 [omNode-1@group-523986131536-SegmentedRaftLogWorker] INFO  segmented.SegmentedRaftLogWorker (SegmentedRaftLogWorker.java:execute(651)) - omNode-1@group-523986131536-SegmentedRaftLogWorker: created new log segment /home/runner/work/ozone/ozone/hadoop-ozone/integration-test/target/test-dir/MiniOzoneClusterImpl-c8a21aad-f255-4385-b304-f7d4bfe38451/omNode-1/ratis/c9bc4cf4-3bc3-3c60-a66b-523986131536/current/log_inprogress_33
2023-10-08 16:27:25,288 [omNode-1@group-523986131536-StateMachineUpdater] INFO  ratis.OzoneManagerStateMachine (OzoneManagerStateMachine.java:notifyConfigurationChanged(202)) - Received Configuration change notification from Ratis. New Peer list:
[id: "omNode-3"
address: "localhost:15015"
startupRole: FOLLOWER
, id: "omNode-1"
address: "localhost:15007"
startupRole: FOLLOWER
, id: "omNode-2"
address: "localhost:15011"
startupRole: FOLLOWER
]
2023-10-08 16:27:25,294 [main] INFO  reflections.Reflections (Reflections.java:scan(232)) - Reflections took 477 ms to scan 20 urls, producing 71 keys and 6072 values [using 2 cores]
2023-10-08 16:27:25,296 [main] INFO  ipc.CallQueueManager (CallQueueManager.java:<init>(90)) - Using callQueue: class java.util.concurrent.LinkedBlockingQueue, queueCapacity: 2000, scheduler: class org.apache.hadoop.ipc.DefaultRpcScheduler, ipcBackoff: false.
2023-10-08 16:27:25,296 [main] INFO  ipc.Server (Server.java:<init>(1287)) - Listener at localhost:15004
2023-10-08 16:27:25,297 [Socket Reader #1 for port 15004] INFO  ipc.Server (Server.java:run(1323)) - Starting Socket Reader #1 for port 15004
2023-10-08 16:27:25,302 [main] INFO  http.BaseHttpServer (BaseHttpServer.java:newHttpServer2BuilderForOzone(223)) - Starting Web-server for ozoneManager at: http://0.0.0.0:15005
2023-10-08 16:27:25,303 [main] INFO  http.BaseHttpServer (BaseHttpServer.java:<init>(110)) - Hadoop Security Enabled: false Ozone Security Enabled: false Ozone HTTP Security Enabled: false 
2023-10-08 16:27:25,304 [main] WARN  server.AuthenticationFilter (AuthenticationFilter.java:constructSecretProvider(240)) - Unable to initialize FileSignerSecretProvider, falling back to use random secrets. Reason: Could not read signature secret file: /home/runner/hadoop-http-auth-signature-secret
2023-10-08 16:27:25,304 [main] INFO  http.HttpRequestLog (HttpRequestLog.java:getRequestLog(86)) - Http request log for http.requests.ozoneManager is not defined
2023-10-08 16:27:25,306 [main] INFO  http.HttpServer2 (HttpServer2.java:addGlobalFilter(1031)) - Added global filter 'safety' (class=org.apache.hadoop.hdds.server.http.HttpServer2$QuotingInputFilter)
2023-10-08 16:27:25,307 [main] INFO  http.HttpServer2 (HttpServer2.java:addFilter(1007)) - Added filter static_user_filter (class=org.apache.hadoop.http.lib.StaticUserWebFilter$StaticUserFilter) to context ozoneManager
2023-10-08 16:27:25,307 [main] INFO  http.HttpServer2 (HttpServer2.java:addFilter(1015)) - Added filter static_user_filter (class=org.apache.hadoop.http.lib.StaticUserWebFilter$StaticUserFilter) to context static
2023-10-08 16:27:25,307 [main] INFO  http.HttpServer2 (HttpServer2.java:addFilter(1015)) - Added filter static_user_filter (class=org.apache.hadoop.http.lib.StaticUserWebFilter$StaticUserFilter) to context logs
2023-10-08 16:27:25,308 [main] INFO  http.BaseHttpServer (BaseHttpServer.java:<init>(189)) - HTTP server of ozoneManager uses base directory /home/runner/work/ozone/ozone/hadoop-ozone/integration-test/target/test-dir/MiniOzoneClusterImpl-c8a21aad-f255-4385-b304-f7d4bfe38451/omNode-1/webserver
2023-10-08 16:27:25,308 [main] INFO  http.HttpServer2 (HttpServer2.java:bindListener(1231)) - Jetty bound to port 15005
2023-10-08 16:27:25,308 [main] INFO  server.Server (Server.java:doStart(375)) - jetty-9.4.52.v20230823; built: 2023-08-23T19:29:37.669Z; git: abdcda73818a1a2c705da276edb0bf6581e7997e; jvm 1.8.0_382-b05
2023-10-08 16:27:25,309 [main] INFO  server.session (DefaultSessionIdManager.java:doStart(334)) - DefaultSessionIdManager workerName=node0
2023-10-08 16:27:25,310 [main] INFO  server.session (DefaultSessionIdManager.java:doStart(339)) - No SessionScavenger set, using defaults
2023-10-08 16:27:25,310 [main] INFO  server.session (HouseKeeper.java:startScavenging(132)) - node0 Scavenging every 660000ms
2023-10-08 16:27:25,310 [main] INFO  handler.ContextHandler (ContextHandler.java:doStart(921)) - Started o.e.j.s.ServletContextHandler@46ad9ee5{logs,/logs,file:///home/runner/work/ozone/ozone/hadoop-ozone/integration-test/target/log,AVAILABLE}
2023-10-08 16:27:25,311 [main] INFO  handler.ContextHandler (ContextHandler.java:doStart(921)) - Started o.e.j.s.ServletContextHandler@4d8eddfe{static,/static,file:///home/runner/work/ozone/ozone/hadoop-ozone/integration-test/target/test-classes/webapps/static,AVAILABLE}
2023-10-08 16:27:25,314 [main] INFO  handler.ContextHandler (ContextHandler.java:doStart(921)) - Started o.e.j.w.WebAppContext@54e5a016{ozoneManager,/,file:///home/runner/work/ozone/ozone/hadoop-ozone/integration-test/target/test-classes/webapps/ozoneManager/,AVAILABLE}{file:/home/runner/work/ozone/ozone/hadoop-ozone/integration-test/target/test-classes/webapps/ozoneManager}
2023-10-08 16:27:25,317 [main] INFO  server.AbstractConnector (AbstractConnector.java:doStart(333)) - Started ServerConnector@1a54dc19{HTTP/1.1, (http/1.1)}{0.0.0.0:15005}
2023-10-08 16:27:25,318 [main] INFO  server.Server (Server.java:doStart(415)) - Started @33811ms
2023-10-08 16:27:25,318 [main] WARN  impl.MetricsSystemImpl (MetricsSystemImpl.java:register(279)) - Sink prometheus already exists!
2023-10-08 16:27:25,318 [main] INFO  http.BaseHttpServer (BaseHttpServer.java:updateConnectorAddress(354)) - HTTP server of ozoneManager listening at http://0.0.0.0:15005
2023-10-08 16:27:25,319 [IPC Server Responder] INFO  ipc.Server (Server.java:run(1562)) - IPC Server Responder: starting
2023-10-08 16:27:25,319 [IPC Server listener on 15004] INFO  ipc.Server (Server.java:run(1402)) - IPC Server listener on 15004: starting
2023-10-08 16:27:25,328 [main] INFO  om.OzoneManager (OzoneManager.java:startTrashEmptier(2102)) - Trash Interval set to 0. Files deleted won't move to trash
2023-10-08 16:27:25,329 [main] INFO  om.OzoneManager (OzoneManager.java:stop(2208)) - omNode-2[localhost:15008]: Stopping Ozone Manager
2023-10-08 16:27:25,329 [main] INFO  ipc.Server (Server.java:stop(3523)) - Stopping server on 15008
2023-10-08 16:27:25,332 [IPC Server Responder] INFO  ipc.Server (Server.java:run(1567)) - Stopping IPC Server Responder
2023-10-08 16:27:25,334 [IPC Server listener on 15008] INFO  ipc.Server (Server.java:run(1434)) - Stopping IPC Server listener on 15008
2023-10-08 16:27:25,338 [main] INFO  server.RaftServer (RaftServerProxy.java:lambda$close$6(416)) - omNode-2: close
2023-10-08 16:27:25,338 [main] INFO  server.GrpcService (GrpcService.java:closeImpl(311)) - omNode-2: shutdown server GrpcServerProtocolService now
2023-10-08 16:27:25,338 [omNode-2-impl-thread1] INFO  server.RaftServer$Division (RaftServerImpl.java:lambda$close$4(466)) - omNode-2@group-523986131536: shutdown
2023-10-08 16:27:25,338 [omNode-2-impl-thread1] INFO  util.JmxRegister (JmxRegister.java:unregister(73)) - Successfully un-registered JMX Bean with object name Ratis:service=RaftServer,group=group-523986131536,id=omNode-2
2023-10-08 16:27:25,338 [omNode-2-impl-thread1] INFO  impl.RoleInfo (RoleInfo.java:shutdownLeaderState(93)) - omNode-2: shutdown omNode-2@group-523986131536-LeaderStateImpl
2023-10-08 16:27:25,340 [omNode-2@group-523986131536->omNode-3-GrpcLogAppender-LogAppenderDaemon] WARN  server.GrpcLogAppender (GrpcLogAppender.java:mayWait(199)) - omNode-2@group-523986131536->omNode-3-GrpcLogAppender: Wait interrupted by java.lang.InterruptedException
2023-10-08 16:27:25,340 [omNode-2-impl-thread1] INFO  impl.PendingRequests (PendingRequests.java:sendNotLeaderResponses(289)) - omNode-2@group-523986131536-PendingRequests: sendNotLeaderResponses
2023-10-08 16:27:25,340 [omNode-2@group-523986131536->omNode-1-GrpcLogAppender-LogAppenderDaemon] WARN  server.GrpcLogAppender (GrpcLogAppender.java:mayWait(199)) - omNode-2@group-523986131536->omNode-1-GrpcLogAppender: Wait interrupted by java.lang.InterruptedException
2023-10-08 16:27:25,341 [grpc-default-executor-5] INFO  server.GrpcServerProtocolService (GrpcServerProtocolService.java:onCompleted(155)) - omNode-1: Completed APPEND_ENTRIES, lastRequest: omNode-2->omNode-1#11-t4,previous=(t:3, i:31),leaderCommit=34,initializing? true,entries: size=3, first=(t:3, i:32), METADATAENTRY(c:31)
2023-10-08 16:27:25,341 [grpc-default-executor-5] INFO  server.GrpcServerProtocolService (GrpcServerProtocolService.java:lambda$onCompleted$5(157)) - omNode-1: Completed APPEND_ENTRIES, lastReply: null
2023-10-08 16:27:25,341 [grpc-default-executor-2] INFO  server.GrpcServerProtocolService (GrpcServerProtocolService.java:onCompleted(155)) - omNode-3: Completed APPEND_ENTRIES, lastRequest: null
2023-10-08 16:27:25,341 [grpc-default-executor-2] INFO  server.GrpcServerProtocolService (GrpcServerProtocolService.java:lambda$onCompleted$5(157)) - omNode-3: Completed APPEND_ENTRIES, lastReply: serverReply {
  requestorId: "omNode-2"
  replyId: "omNode-3"
  raftGroupId {
    id: "\311\274L\364;\303<`\246kR9\206\023\0256"
  }
  callId: 7
  success: true
}
term: 4
nextIndex: 35
followerCommit: 34
matchIndex: 18446744073709551615
isHearbeat: true

2023-10-08 16:27:25,341 [grpc-default-executor-0] INFO  server.GrpcServerProtocolService (GrpcServerProtocolService.java:onCompleted(155)) - omNode-1: Completed APPEND_ENTRIES, lastRequest: null
2023-10-08 16:27:25,343 [grpc-default-executor-0] INFO  server.GrpcServerProtocolService (GrpcServerProtocolService.java:lambda$onCompleted$5(157)) - omNode-1: Completed APPEND_ENTRIES, lastReply: serverReply {
  requestorId: "omNode-2"
  replyId: "omNode-1"
  raftGroupId {
    id: "\311\274L\364;\303<`\246kR9\206\023\0256"
  }
  callId: 8
  success: true
}
term: 3
nextIndex: 33
followerCommit: 31
matchIndex: 18446744073709551615
isHearbeat: true

2023-10-08 16:27:25,343 [grpc-default-executor-4] INFO  server.GrpcServerProtocolService (GrpcServerProtocolService.java:onCompleted(155)) - omNode-3: Completed APPEND_ENTRIES, lastRequest: omNode-2->omNode-3#2-t4,previous=(t:4, i:33),leaderCommit=33,initializing? true,entries: size=1, first=(t:4, i:34), METADATAENTRY(c:33)
2023-10-08 16:27:25,343 [grpc-default-executor-4] INFO  server.GrpcServerProtocolService (GrpcServerProtocolService.java:lambda$onCompleted$5(157)) - omNode-3: Completed APPEND_ENTRIES, lastReply: null
2023-10-08 16:27:25,344 [grpc-default-executor-5] INFO  server.GrpcLogAppender (GrpcLogAppender.java:onCompleted(428)) - omNode-2@group-523986131536->omNode-1-AppendLogResponseHandler: follower responses appendEntries COMPLETED
2023-10-08 16:27:25,344 [grpc-default-executor-5] INFO  leader.FollowerInfo (FollowerInfoImpl.java:lambda$new$0(52)) - omNode-2@group-523986131536->omNode-1: decreaseNextIndex nextIndex: updateUnconditionally 35 -> 34
2023-10-08 16:27:25,344 [grpc-default-executor-5] INFO  server.GrpcLogAppender (GrpcLogAppender.java:onCompleted(428)) - omNode-2@group-523986131536->omNode-3-AppendLogResponseHandler: follower responses appendEntries COMPLETED
2023-10-08 16:27:25,344 [grpc-default-executor-4] INFO  server.GrpcLogAppender (GrpcLogAppender.java:onCompleted(428)) - omNode-2@group-523986131536->omNode-3-AppendLogResponseHandler: follower responses appendEntries COMPLETED
2023-10-08 16:27:25,344 [grpc-default-executor-5] INFO  leader.FollowerInfo (FollowerInfoImpl.java:lambda$new$0(52)) - omNode-2@group-523986131536->omNode-3: decreaseNextIndex nextIndex: updateUnconditionally 35 -> 34
2023-10-08 16:27:25,344 [grpc-default-executor-0] INFO  server.GrpcLogAppender (GrpcLogAppender.java:onCompleted(428)) - omNode-2@group-523986131536->omNode-1-AppendLogResponseHandler: follower responses appendEntries COMPLETED
2023-10-08 16:27:25,345 [grpc-default-executor-0] INFO  leader.FollowerInfo (FollowerInfoImpl.java:lambda$new$0(52)) - omNode-2@group-523986131536->omNode-1: decreaseNextIndex nextIndex: updateUnconditionally 34 -> 33
2023-10-08 16:27:25,345 [grpc-default-executor-4] INFO  leader.FollowerInfo (FollowerInfoImpl.java:lambda$new$0(52)) - omNode-2@group-523986131536->omNode-3: decreaseNextIndex nextIndex: updateUnconditionally 34 -> 33
2023-10-08 16:27:25,352 [Thread-1031] INFO  server.GrpcServerProtocolClient (GrpcServerProtocolClient.java:close(103)) - omNode-1 Close channels
2023-10-08 16:27:25,352 [omNode-2-impl-thread1] INFO  impl.StateMachineUpdater (StateMachineUpdater.java:stopAndJoin(155)) - omNode-2@group-523986131536-StateMachineUpdater: set stopIndex = 34
2023-10-08 16:27:25,353 [omNode-2@group-523986131536-StateMachineUpdater] INFO  ratis.OzoneManagerStateMachine (OzoneManagerStateMachine.java:takeSnapshot(483)) - Current Snapshot Index (t:4, i:34)
2023-10-08 16:27:25,355 [Thread-1030] INFO  server.GrpcServerProtocolClient (GrpcServerProtocolClient.java:close(103)) - omNode-3 Close channels
2023-10-08 16:27:25,359 [main] INFO  server.GrpcService (GrpcService.java:closeImpl(320)) - omNode-2: shutdown server GrpcServerProtocolService successfully
2023-10-08 16:27:25,379 [omNode-2@group-523986131536-StateMachineUpdater] INFO  impl.StateMachineUpdater (StateMachineUpdater.java:takeSnapshot(291)) - omNode-2@group-523986131536-StateMachineUpdater: Took a snapshot at index 34
2023-10-08 16:27:25,379 [omNode-2@group-523986131536-StateMachineUpdater] INFO  impl.StateMachineUpdater (StateMachineUpdater.java:lambda$new$0(97)) - omNode-2@group-523986131536-StateMachineUpdater: snapshotIndex: updateIncreasingly 2 -> 34
2023-10-08 16:27:25,379 [omNode-2@group-523986131536-StateMachineUpdater] INFO  ratis.OzoneManagerStateMachine (OzoneManagerStateMachine.java:close(537)) - StateMachine has shutdown. Shutdown OzoneManager if not already shutdown.
2023-10-08 16:27:25,379 [omNode-2@group-523986131536-StateMachineUpdater] INFO  ratis.OzoneManagerDoubleBuffer (OzoneManagerDoubleBuffer.java:stopDaemon(551)) - Stopping OMDoubleBuffer flush thread
2023-10-08 16:27:25,380 [OMDoubleBufferFlushThread] INFO  ratis.OzoneManagerDoubleBuffer (OzoneManagerDoubleBuffer.java:canFlush(638)) - OMDoubleBuffer flush thread OMDoubleBufferFlushThread is interrupted and will exit.
2023-10-08 16:27:25,381 [omNode-2-impl-thread1] INFO  server.RaftServer$Division (ServerState.java:close(472)) - omNode-2@group-523986131536: closes. applyIndex: 34
2023-10-08 16:27:25,744 [omNode-2-impl-thread1] INFO  segmented.SegmentedRaftLogWorker (SegmentedRaftLogWorker.java:close(252)) - omNode-2@group-523986131536-SegmentedRaftLogWorker close()
2023-10-08 16:27:25,745 [JvmPauseMonitor9] INFO  util.JvmPauseMonitor (JvmPauseMonitor.java:run(109)) - JvmPauseMonitor-omNode-2: Stopped
2023-10-08 16:27:25,745 [main] INFO  ratis.OzoneManagerStateMachine (OzoneManagerStateMachine.java:close(537)) - StateMachine has shutdown. Shutdown OzoneManager if not already shutdown.
2023-10-08 16:27:25,745 [main] INFO  ratis.OzoneManagerDoubleBuffer (OzoneManagerDoubleBuffer.java:stopDaemon(560)) - OMDoubleBuffer flush thread is not running.
2023-10-08 16:27:25,746 [main] INFO  handler.ContextHandler (ContextHandler.java:doStop(1159)) - Stopped o.e.j.w.WebAppContext@12c27788{ozoneManager,/,null,STOPPED}{file:/home/runner/work/ozone/ozone/hadoop-ozone/integration-test/target/test-classes/webapps/ozoneManager}
2023-10-08 16:27:25,750 [main] INFO  server.AbstractConnector (AbstractConnector.java:doStop(383)) - Stopped ServerConnector@1693c96e{HTTP/1.1, (http/1.1)}{0.0.0.0:15009}
2023-10-08 16:27:25,750 [main] INFO  server.session (HouseKeeper.java:stopScavenging(149)) - node0 Stopped scavenging
2023-10-08 16:27:25,750 [main] INFO  handler.ContextHandler (ContextHandler.java:doStop(1159)) - Stopped o.e.j.s.ServletContextHandler@4e296a27{static,/static,file:///home/runner/work/ozone/ozone/hadoop-ozone/integration-test/target/test-classes/webapps/static,STOPPED}
2023-10-08 16:27:25,750 [main] INFO  handler.ContextHandler (ContextHandler.java:doStop(1159)) - Stopped o.e.j.s.ServletContextHandler@1385e9e3{logs,/logs,file:///home/runner/work/ozone/ozone/hadoop-ozone/integration-test/target/log,STOPPED}
2023-10-08 16:27:25,752 [main] INFO  rocksdiff.RocksDBCheckpointDiffer (RocksDBCheckpointDiffer.java:close(312)) - Shutting down CompactionDagPruningService.
2023-10-08 16:27:25,754 [main] INFO  snapshot.SnapshotDiffManager (SnapshotDiffManager.java:closeExecutorService(1720)) - Shutting down executorService: 'SnapDiffExecutor'
2023-10-08 16:27:25,755 [main] INFO  snapshot.SnapshotDiffManager (SnapshotDiffManager.java:closeExecutorService(1720)) - Shutting down executorService: 'SstDumpToolExecutor'
2023-10-08 16:27:25,755 [main] INFO  utils.BackgroundService (BackgroundService.java:shutdown(154)) - Shutting down service SnapshotDiffCleanupService
2023-10-08 16:27:25,756 [main] INFO  om.OzoneManager (OzoneManager.java:restart(1721)) - OzoneManager RPC server is listening at localhost/127.0.0.1:15008
2023-10-08 16:27:25,756 [main] INFO  impl.MetricsSystemImpl (MetricsSystemImpl.java:init(158)) - OzoneManager metrics system started (again)
2023-10-08 16:27:25,771 [main] WARN  server.ServerUtils (ServerUtils.java:getDBPath(311)) - ozone.om.db.dirs is not configured. We recommend adding this setting. Falling back to ozone.metadata.dirs instead.
2023-10-08 16:27:25,771 [main] INFO  helpers.OmKeyInfo (OmKeyInfo.java:getCodec(71)) - OmKeyInfo.getCodec ignorePipeline = true
2023-10-08 16:27:25,846 [main] INFO  om.OzoneManager (OzoneManager.java:instantiateServices(800)) - S3 Multi-Tenancy is disabled
2023-10-08 16:27:25,846 [main] INFO  om.OmSnapshotManager (OmSnapshotManager.java:<init>(174)) - Ozone filesystem snapshot feature is enabled.
2023-10-08 16:27:25,847 [main] WARN  server.ServerUtils (ServerUtils.java:getDBPath(311)) - ozone.om.snapshot.diff.db.dir is not configured. We recommend adding this setting. Falling back to ozone.metadata.dirs instead.
2023-10-08 16:27:25,865 [main] INFO  snapshot.SnapshotDiffManager (SnapshotDiffManager.java:closeExecutorService(1720)) - Shutting down executorService: 'SstDumpToolExecutor'
2023-10-08 16:27:25,875 [main] WARN  server.ServerUtils (ServerUtils.java:getDefaultRatisDirectory(323)) - Storage directory for Ratis is not configured. It is a good idea to map this to an SSD disk. Falling back to ozone.metadata.dirs
2023-10-08 16:27:25,877 [main] INFO  ratis.OzoneManagerRatisServer (OzoneManagerRatisServer.java:<init>(164)) - Instantiating OM Ratis server with groupID: om-service-test1 and peers: localhost:15011, localhost:15015, localhost:15007
2023-10-08 16:27:25,877 [main] INFO  ratis.OzoneManagerStateMachine (OzoneManagerStateMachine.java:loadSnapshotInfoFromDB(691)) - LastAppliedIndex is set from TransactionInfo from OM DB as (t:4, i:34)
2023-10-08 16:27:25,878 [main] INFO  server.RaftServer (ConfUtils.java:logGet(46)) - raft.rpc.type = GRPC (default)
2023-10-08 16:27:25,878 [main] INFO  grpc.GrpcConfigKeys (ConfUtils.java:logFallback(53)) - raft.grpc.admin.host = null (fallback to raft.grpc.server.host)
2023-10-08 16:27:25,878 [main] INFO  grpc.GrpcConfigKeys (ConfUtils.java:logFallback(53)) - raft.grpc.admin.port = 15011 (fallback to raft.grpc.server.port)
2023-10-08 16:27:25,878 [main] INFO  grpc.GrpcConfigKeys (ConfUtils.java:logFallback(53)) - raft.grpc.client.host = null (fallback to raft.grpc.server.host)
2023-10-08 16:27:25,878 [main] INFO  grpc.GrpcConfigKeys (ConfUtils.java:logFallback(53)) - raft.grpc.client.port = 15011 (fallback to raft.grpc.server.port)
2023-10-08 16:27:25,879 [main] INFO  grpc.GrpcConfigKeys (ConfUtils.java:logGet(46)) - raft.grpc.server.host = null (default)
2023-10-08 16:27:25,879 [main] INFO  grpc.GrpcConfigKeys (ConfUtils.java:logGet(46)) - raft.grpc.server.port = 15011 (custom)
2023-10-08 16:27:25,879 [main] INFO  server.GrpcService (ConfUtils.java:logGet(46)) - raft.grpc.message.size.max = 33554432 (custom)
2023-10-08 16:27:25,879 [main] INFO  server.RaftServerConfigKeys (ConfUtils.java:logGet(46)) - raft.server.log.appender.buffer.byte-limit = 33554432 (custom)
2023-10-08 16:27:25,879 [main] INFO  server.GrpcService (ConfUtils.java:logGet(46)) - raft.grpc.flow.control.window = 1MB (=1048576) (default)
2023-10-08 16:27:25,879 [main] INFO  server.RaftServerConfigKeys (ConfUtils.java:logGet(46)) - raft.server.rpc.request.timeout = 3000ms (default)
2023-10-08 16:27:25,879 [main] INFO  grpc.GrpcConfigKeys (ConfUtils.java:logGet(46)) - raft.grpc.server.heartbeat.channel = true (default)
2023-10-08 16:27:25,880 [main] INFO  grpc.GrpcConfigKeys (ConfUtils.java:logGet(46)) - raft.grpc.server.async.request.thread.pool.cached = true (default)
2023-10-08 16:27:25,880 [main] INFO  grpc.GrpcConfigKeys (ConfUtils.java:logGet(46)) - raft.grpc.server.async.request.thread.pool.size = 32 (default)
2023-10-08 16:27:25,881 [main] INFO  impl.DataStreamServerImpl (ConfUtils.java:logGet(46)) - raft.datastream.type = DISABLED (default)
2023-10-08 16:27:25,881 [main] INFO  server.RaftServerConfigKeys (ConfUtils.java:logGet(46)) - raft.server.threadpool.proxy.cached = true (default)
2023-10-08 16:27:25,881 [main] INFO  server.RaftServerConfigKeys (ConfUtils.java:logGet(46)) - raft.server.threadpool.proxy.size = 0 (default)
2023-10-08 16:27:25,882 [main] INFO  server.RaftServerConfigKeys (ConfUtils.java:logGet(46)) - raft.server.rpc.slowness.timeout = 2s (custom)
2023-10-08 16:27:25,882 [main] INFO  server.RaftServerConfigKeys (ConfUtils.java:logGet(46)) - raft.server.leaderelection.leader.step-down.wait-time = 10s (default)
2023-10-08 16:27:25,882 [main] INFO  server.RaftServerConfigKeys (ConfUtils.java:logGet(46)) - raft.server.storage.dir = [/home/runner/work/ozone/ozone/hadoop-ozone/integration-test/target/test-dir/MiniOzoneClusterImpl-c8a21aad-f255-4385-b304-f7d4bfe38451/omNode-2/ratis] (custom)
2023-10-08 16:27:25,883 [omNode-2-impl-thread1] INFO  server.RaftServer (RaftServerProxy.java:initGroupDir(258)) - omNode-2: found a subdirectory /home/runner/work/ozone/ozone/hadoop-ozone/integration-test/target/test-dir/MiniOzoneClusterImpl-c8a21aad-f255-4385-b304-f7d4bfe38451/omNode-2/ratis/c9bc4cf4-3bc3-3c60-a66b-523986131536
2023-10-08 16:27:25,886 [main] INFO  server.RaftServer (RaftServerProxy.java:addNew(98)) - omNode-2: addNew group-523986131536:[omNode-3|rpc:localhost:15015|priority:0|startupRole:FOLLOWER, omNode-1|rpc:localhost:15007|priority:0|startupRole:FOLLOWER, omNode-2|rpc:localhost:15011|priority:0|startupRole:FOLLOWER] returns group-523986131536:java.util.concurrent.CompletableFuture@31946dd4[Not completed]
2023-10-08 16:27:25,886 [main] INFO  om.OzoneManager (OzoneManager.java:initializeRatisServer(2149)) - OzoneManager Ratis server initialized at port 15011
2023-10-08 16:27:25,886 [main] INFO  ratis.OzoneManagerRatisServer (OzoneManagerRatisServer.java:start(559)) - Starting OzoneManagerRatisServer omNode-2 at port 15011
2023-10-08 16:27:25,887 [omNode-2-groupManagement] INFO  server.RaftServer$Division (RaftServerImpl.java:<init>(198)) - omNode-2: new RaftServerImpl for group-523986131536:[omNode-3|rpc:localhost:15015|priority:0|startupRole:FOLLOWER, omNode-1|rpc:localhost:15007|priority:0|startupRole:FOLLOWER, omNode-2|rpc:localhost:15011|priority:0|startupRole:FOLLOWER] with OzoneManagerStateMachine:uninitialized
2023-10-08 16:27:25,889 [omNode-2-groupManagement] INFO  server.RaftServerConfigKeys (ConfUtils.java:logGet(46)) - raft.server.rpc.timeout.min = 1s (custom)
2023-10-08 16:27:25,890 [omNode-2-groupManagement] INFO  server.RaftServerConfigKeys (ConfUtils.java:logGet(46)) - raft.server.rpc.timeout.max = 1200ms (custom)
2023-10-08 16:27:25,890 [omNode-2-groupManagement] INFO  server.RaftServerConfigKeys (ConfUtils.java:logGet(46)) - raft.server.rpc.sleep.time = 25ms (default)
2023-10-08 16:27:25,890 [omNode-2-groupManagement] INFO  server.RaftServerConfigKeys (ConfUtils.java:logGet(46)) - raft.server.rpc.slowness.timeout = 2s (custom)
2023-10-08 16:27:25,890 [omNode-2-groupManagement] INFO  server.RaftServerConfigKeys (ConfUtils.java:logGet(46)) - raft.server.leaderelection.leader.step-down.wait-time = 10s (default)
2023-10-08 16:27:25,890 [omNode-2-groupManagement] INFO  server.RaftServerConfigKeys (ConfUtils.java:logGet(46)) - raft.server.sleep.deviation.threshold = 300ms (default)
2023-10-08 16:27:25,890 [omNode-2-groupManagement] INFO  server.RaftServer$Division (ServerState.java:<init>(120)) - omNode-2@group-523986131536: ConfigurationManager, init=-1: peers:[omNode-3|rpc:localhost:15015|priority:0|startupRole:FOLLOWER, omNode-1|rpc:localhost:15007|priority:0|startupRole:FOLLOWER, omNode-2|rpc:localhost:15011|priority:0|startupRole:FOLLOWER]|listeners:[], old=null, confs=<EMPTY_MAP>
2023-10-08 16:27:25,890 [omNode-2-groupManagement] INFO  server.RaftServerConfigKeys (ConfUtils.java:logGet(46)) - raft.server.storage.dir = [/home/runner/work/ozone/ozone/hadoop-ozone/integration-test/target/test-dir/MiniOzoneClusterImpl-c8a21aad-f255-4385-b304-f7d4bfe38451/omNode-2/ratis] (custom)
2023-10-08 16:27:25,890 [omNode-2-groupManagement] INFO  server.RaftServerConfigKeys (ConfUtils.java:logGet(46)) - raft.server.log.corruption.policy = EXCEPTION (default)
2023-10-08 16:27:25,890 [omNode-2-groupManagement] INFO  server.RaftServerConfigKeys (ConfUtils.java:logGet(46)) - raft.server.storage.free-space.min = 0MB (=0) (default)
2023-10-08 16:27:25,890 [omNode-2-groupManagement] INFO  server.RaftServerConfigKeys (ConfUtils.java:logGet(46)) - raft.server.notification.no-leader.timeout = 2s (custom)
2023-10-08 16:27:25,890 [omNode-2-groupManagement] INFO  server.RaftServerConfigKeys (ConfUtils.java:logGet(46)) - raft.server.read.timeout = 10s (default)
2023-10-08 16:27:25,890 [omNode-2-groupManagement] INFO  server.RaftServerConfigKeys (ConfUtils.java:logGet(46)) - raft.server.retrycache.expirytime = 30000ms (custom)
2023-10-08 16:27:25,890 [omNode-2-groupManagement] INFO  server.RaftServerConfigKeys (ConfUtils.java:logGet(46)) - raft.server.retrycache.statistics.expirytime = 100μs (default)
2023-10-08 16:27:25,890 [omNode-2-groupManagement] INFO  server.RaftServerConfigKeys (ConfUtils.java:logGet(46)) - raft.server.read.option = DEFAULT (default)
2023-10-08 16:27:25,891 [omNode-2-groupManagement] INFO  server.RaftServerConfigKeys (ConfUtils.java:logGet(46)) - raft.server.rpc.request.timeout = 3000ms (default)
2023-10-08 16:27:25,891 [omNode-2-groupManagement] INFO  server.RaftServerConfigKeys (ConfUtils.java:logGet(46)) - raft.server.log.appender.install.snapshot.enabled = false (custom)
2023-10-08 16:27:25,891 [omNode-2-groupManagement] INFO  server.RaftServerConfigKeys (ConfUtils.java:logGet(46)) - raft.server.threadpool.server.cached = true (default)
2023-10-08 16:27:25,891 [omNode-2-groupManagement] INFO  server.RaftServerConfigKeys (ConfUtils.java:logGet(46)) - raft.server.threadpool.server.size = 0 (default)
2023-10-08 16:27:25,891 [omNode-2-groupManagement] INFO  server.RaftServerConfigKeys (ConfUtils.java:logGet(46)) - raft.server.threadpool.client.cached = true (default)
2023-10-08 16:27:25,891 [omNode-2-groupManagement] INFO  server.RaftServerConfigKeys (ConfUtils.java:logGet(46)) - raft.server.threadpool.client.size = 0 (default)
2023-10-08 16:27:25,893 [omNode-2-impl-thread1] INFO  storage.RaftStorageDirectory (RaftStorageDirectoryImpl.java:tryLock(231)) - Lock on /home/runner/work/ozone/ozone/hadoop-ozone/integration-test/target/test-dir/MiniOzoneClusterImpl-c8a21aad-f255-4385-b304-f7d4bfe38451/omNode-2/ratis/c9bc4cf4-3bc3-3c60-a66b-523986131536/in_use.lock acquired by nodename 29017@fv-az550-77
2023-10-08 16:27:25,893 [omNode-2-impl-thread1] INFO  storage.RaftStorage (RaftStorageImpl.java:analyzeAndRecoverStorage(117)) - Read RaftStorageMetadata{term=4, votedFor=omNode-2} from /home/runner/work/ozone/ozone/hadoop-ozone/integration-test/target/test-dir/MiniOzoneClusterImpl-c8a21aad-f255-4385-b304-f7d4bfe38451/omNode-2/ratis/c9bc4cf4-3bc3-3c60-a66b-523986131536/current/raft-meta
2023-10-08 16:27:25,896 [omNode-2-impl-thread1] INFO  server.RaftServer$Division (ServerState.java:setRaftConf(434)) - omNode-2@group-523986131536: set configuration 33: peers:[omNode-3|rpc:localhost:15015|admin:|client:|dataStream:|priority:0|startupRole:FOLLOWER, omNode-1|rpc:localhost:15007|admin:|client:|dataStream:|priority:0|startupRole:FOLLOWER, omNode-2|rpc:localhost:15011|admin:|client:|dataStream:|priority:0|startupRole:FOLLOWER]|listeners:[], old=null
2023-10-08 16:27:25,896 [omNode-2-impl-thread1] INFO  server.RaftServerConfigKeys (ConfUtils.java:logGet(46)) - raft.server.log.use.memory = false (default)
2023-10-08 16:27:25,896 [omNode-2-impl-thread1] INFO  server.RaftServerConfigKeys (ConfUtils.java:logGet(46)) - raft.server.log.purge.gap = 50 (custom)
2023-10-08 16:27:25,896 [omNode-2-impl-thread1] INFO  server.RaftServerConfigKeys (ConfUtils.java:logGet(46)) - raft.server.log.appender.buffer.byte-limit = 33554432 (custom)
2023-10-08 16:27:25,896 [omNode-2-impl-thread1] INFO  server.RaftServerConfigKeys (ConfUtils.java:logGet(46)) - raft.server.log.statemachine.data.read.timeout = 1000ms (default)
2023-10-08 16:27:25,896 [omNode-2-impl-thread1] INFO  server.RaftServerConfigKeys (ConfUtils.java:logGet(46)) - raft.server.log.purge.preservation.log.num = 0 (default)
2023-10-08 16:27:25,896 [omNode-2-impl-thread1] INFO  server.RaftServerConfigKeys (ConfUtils.java:logGet(46)) - raft.server.log.segment.size.max = 4194304 (custom)
2023-10-08 16:27:25,897 [omNode-2-impl-thread1] INFO  server.RaftServerConfigKeys (ConfUtils.java:logGet(46)) - raft.server.log.segment.cache.num.max = 2 (custom)
2023-10-08 16:27:25,897 [omNode-2-impl-thread1] INFO  server.RaftServerConfigKeys (ConfUtils.java:logGet(46)) - raft.server.log.segment.cache.size.max = 200MB (=209715200) (default)
2023-10-08 16:27:25,897 [omNode-2-impl-thread1] INFO  server.RaftServerConfigKeys (ConfUtils.java:logGet(46)) - raft.server.log.appender.buffer.byte-limit = 33554432 (custom)
2023-10-08 16:27:25,897 [omNode-2-impl-thread1] INFO  segmented.SegmentedRaftLogWorker (SegmentedRaftLogWorker.java:<init>(188)) - new omNode-2@group-523986131536-SegmentedRaftLogWorker for RaftStorageImpl:Storage Directory /home/runner/work/ozone/ozone/hadoop-ozone/integration-test/target/test-dir/MiniOzoneClusterImpl-c8a21aad-f255-4385-b304-f7d4bfe38451/omNode-2/ratis/c9bc4cf4-3bc3-3c60-a66b-523986131536
2023-10-08 16:27:25,897 [omNode-2-impl-thread1] INFO  server.RaftServerConfigKeys (ConfUtils.java:logGet(46)) - raft.server.log.queue.byte-limit = 64MB (=67108864) (default)
2023-10-08 16:27:25,897 [omNode-2-impl-thread1] INFO  server.RaftServerConfigKeys (ConfUtils.java:logGet(46)) - raft.server.log.queue.element-limit = 4096 (default)
2023-10-08 16:27:25,897 [omNode-2-impl-thread1] INFO  server.RaftServerConfigKeys (ConfUtils.java:logGet(46)) - raft.server.log.segment.size.max = 4194304 (custom)
2023-10-08 16:27:25,897 [omNode-2-impl-thread1] INFO  server.RaftServerConfigKeys (ConfUtils.java:logGet(46)) - raft.server.log.preallocated.size = 4194304 (custom)
2023-10-08 16:27:25,897 [omNode-2-impl-thread1] INFO  server.RaftServerConfigKeys (ConfUtils.java:logGet(46)) - raft.server.log.force.sync.num = 128 (default)
2023-10-08 16:27:25,897 [omNode-2-impl-thread1] INFO  server.RaftServerConfigKeys (ConfUtils.java:logGet(46)) - raft.server.log.statemachine.data.sync = true (default)
2023-10-08 16:27:25,897 [omNode-2-impl-thread1] INFO  server.RaftServerConfigKeys (ConfUtils.java:logGet(46)) - raft.server.log.statemachine.data.sync.timeout = 10s (default)
2023-10-08 16:27:25,897 [omNode-2-impl-thread1] INFO  server.RaftServerConfigKeys (ConfUtils.java:logGet(46)) - raft.server.log.statemachine.data.sync.timeout.retry = -1 (default)
2023-10-08 16:27:25,898 [omNode-2-impl-thread1] INFO  server.RaftServerConfigKeys (ConfUtils.java:logGet(46)) - raft.server.log.write.buffer.size = 64KB (=65536) (default)
2023-10-08 16:27:25,898 [omNode-2-impl-thread1] INFO  server.RaftServerConfigKeys (ConfUtils.java:logGet(46)) - raft.server.log.appender.buffer.byte-limit = 33554432 (custom)
2023-10-08 16:27:25,903 [omNode-2-impl-thread1] INFO  server.RaftServerConfigKeys (ConfUtils.java:logGet(46)) - raft.server.log.unsafe-flush.enabled = false (default)
2023-10-08 16:27:25,904 [omNode-2-impl-thread1] INFO  server.RaftServerConfigKeys (ConfUtils.java:logGet(46)) - raft.server.log.async-flush.enabled = false (default)
2023-10-08 16:27:25,904 [omNode-2-impl-thread1] INFO  server.RaftServerConfigKeys (ConfUtils.java:logGet(46)) - raft.server.log.statemachine.data.caching.enabled = false (default)
2023-10-08 16:27:25,906 [omNode-2-impl-thread1] INFO  server.RaftServer$Division (ServerState.java:setRaftConf(434)) - omNode-2@group-523986131536: set configuration 0: peers:[omNode-3|rpc:localhost:15015|admin:|client:|dataStream:|priority:0|startupRole:FOLLOWER, omNode-1|rpc:localhost:15007|admin:|client:|dataStream:|priority:0|startupRole:FOLLOWER, omNode-2|rpc:localhost:15011|admin:|client:|dataStream:|priority:0|startupRole:FOLLOWER]|listeners:[], old=null
2023-10-08 16:27:25,906 [omNode-2-impl-thread1] INFO  segmented.LogSegment (LogSegment.java:loadSegment(170)) - Successfully read 1 entries from segment file /home/runner/work/ozone/ozone/hadoop-ozone/integration-test/target/test-dir/MiniOzoneClusterImpl-c8a21aad-f255-4385-b304-f7d4bfe38451/omNode-2/ratis/c9bc4cf4-3bc3-3c60-a66b-523986131536/current/log_0-0
2023-10-08 16:27:25,906 [omNode-2-impl-thread1] INFO  server.RaftServer$Division (ServerState.java:setRaftConf(434)) - omNode-2@group-523986131536: set configuration 1: peers:[omNode-3|rpc:localhost:15015|admin:|client:|dataStream:|priority:0|startupRole:FOLLOWER, omNode-1|rpc:localhost:15007|admin:|client:|dataStream:|priority:0|startupRole:FOLLOWER, omNode-2|rpc:localhost:15011|admin:|client:|dataStream:|priority:0|startupRole:FOLLOWER]|listeners:[], old=null
2023-10-08 16:27:25,906 [omNode-2-impl-thread1] INFO  segmented.LogSegment (LogSegment.java:loadSegment(170)) - Successfully read 2 entries from segment file /home/runner/work/ozone/ozone/hadoop-ozone/integration-test/target/test-dir/MiniOzoneClusterImpl-c8a21aad-f255-4385-b304-f7d4bfe38451/omNode-2/ratis/c9bc4cf4-3bc3-3c60-a66b-523986131536/current/log_1-2
2023-10-08 16:27:25,907 [omNode-2-impl-thread1] INFO  server.RaftServer$Division (ServerState.java:setRaftConf(434)) - omNode-2@group-523986131536: set configuration 3: peers:[omNode-3|rpc:localhost:15015|admin:|client:|dataStream:|priority:0|startupRole:FOLLOWER, omNode-1|rpc:localhost:15007|admin:|client:|dataStream:|priority:0|startupRole:FOLLOWER, omNode-2|rpc:localhost:15011|admin:|client:|dataStream:|priority:0|startupRole:FOLLOWER]|listeners:[], old=null
2023-10-08 16:27:25,909 [omNode-2-impl-thread1] INFO  segmented.LogSegment (LogSegment.java:loadSegment(170)) - Successfully read 30 entries from segment file /home/runner/work/ozone/ozone/hadoop-ozone/integration-test/target/test-dir/MiniOzoneClusterImpl-c8a21aad-f255-4385-b304-f7d4bfe38451/omNode-2/ratis/c9bc4cf4-3bc3-3c60-a66b-523986131536/current/log_3-32
2023-10-08 16:27:25,909 [omNode-2-impl-thread1] INFO  server.RaftServer$Division (ServerState.java:setRaftConf(434)) - omNode-2@group-523986131536: set configuration 33: peers:[omNode-3|rpc:localhost:15015|admin:|client:|dataStream:|priority:0|startupRole:FOLLOWER, omNode-1|rpc:localhost:15007|admin:|client:|dataStream:|priority:0|startupRole:FOLLOWER, omNode-2|rpc:localhost:15011|admin:|client:|dataStream:|priority:0|startupRole:FOLLOWER]|listeners:[], old=null
2023-10-08 16:27:25,910 [omNode-2-impl-thread1] INFO  segmented.LogSegment (LogSegment.java:loadSegment(170)) - Successfully read 2 entries from segment file /home/runner/work/ozone/ozone/hadoop-ozone/integration-test/target/test-dir/MiniOzoneClusterImpl-c8a21aad-f255-4385-b304-f7d4bfe38451/omNode-2/ratis/c9bc4cf4-3bc3-3c60-a66b-523986131536/current/log_inprogress_33
2023-10-08 16:27:25,910 [omNode-2-impl-thread1] INFO  segmented.SegmentedRaftLogWorker (SegmentedRaftLogWorker.java:lambda$new$0(135)) - omNode-2@group-523986131536-SegmentedRaftLogWorker: flushIndex: setUnconditionally 0 -> 34
2023-10-08 16:27:25,910 [omNode-2-impl-thread1] INFO  segmented.SegmentedRaftLogWorker (SegmentedRaftLogWorker.java:lambda$new$0(135)) - omNode-2@group-523986131536-SegmentedRaftLogWorker: safeCacheEvictIndex: setUnconditionally 0 -> 32
2023-10-08 16:27:25,914 [omNode-2-impl-thread1] INFO  server.RaftServer$Division (RaftServerImpl.java:start(342)) - omNode-2@group-523986131536: start as a follower, conf=33: peers:[omNode-3|rpc:localhost:15015|admin:|client:|dataStream:|priority:0|startupRole:FOLLOWER, omNode-1|rpc:localhost:15007|admin:|client:|dataStream:|priority:0|startupRole:FOLLOWER, omNode-2|rpc:localhost:15011|admin:|client:|dataStream:|priority:0|startupRole:FOLLOWER]|listeners:[], old=null
2023-10-08 16:27:25,914 [omNode-2-impl-thread1] INFO  server.RaftServer$Division (RaftServerImpl.java:setRole(329)) - omNode-2@group-523986131536: changes role from      null to FOLLOWER at term 4 for startAsFollower
2023-10-08 16:27:25,914 [omNode-2-impl-thread1] INFO  impl.RoleInfo (RoleInfo.java:updateAndGet(139)) - omNode-2: start omNode-2@group-523986131536-FollowerState
2023-10-08 16:27:25,915 [omNode-2-impl-thread1] INFO  util.JmxRegister (JmxRegister.java:tryRegister(44)) - Successfully registered JMX Bean with object name Ratis:service=RaftServer,group=group-523986131536,id=omNode-2
2023-10-08 16:27:25,915 [omNode-2-impl-thread1] INFO  server.RaftServerConfigKeys (ConfUtils.java:logGet(46)) - raft.server.snapshot.auto.trigger.enabled = true (custom)
2023-10-08 16:27:25,915 [omNode-2-impl-thread1] INFO  server.RaftServerConfigKeys (ConfUtils.java:logGet(46)) - raft.server.snapshot.auto.trigger.threshold = 50 (custom)
2023-10-08 16:27:25,915 [omNode-2-impl-thread1] INFO  server.RaftServerConfigKeys (ConfUtils.java:logGet(46)) - raft.server.snapshot.retention.file.num = -1 (default)
2023-10-08 16:27:25,915 [omNode-2-impl-thread1] INFO  server.RaftServerConfigKeys (ConfUtils.java:logGet(46)) - raft.server.log.purge.upto.snapshot.index = true (custom)
2023-10-08 16:27:25,916 [omNode-2@group-523986131536-FollowerState] INFO  server.RaftServerConfigKeys (ConfUtils.java:logFallback(53)) - raft.server.rpc.first-election.timeout.min = 1s (fallback to raft.server.rpc.timeout.min)
2023-10-08 16:27:25,916 [omNode-2@group-523986131536-FollowerState] INFO  server.RaftServerConfigKeys (ConfUtils.java:logFallback(53)) - raft.server.rpc.first-election.timeout.max = 1200ms (fallback to raft.server.rpc.timeout.max)
2023-10-08 16:27:25,916 [main] INFO  server.RaftServer (RaftServerProxy.java:startImpl(400)) - omNode-2: start RPC server
2023-10-08 16:27:25,919 [main] INFO  server.GrpcService (GrpcService.java:startImpl(302)) - omNode-2: GrpcService started, listening on 15011
2023-10-08 16:27:25,919 [main] INFO  om.OzoneManager (OzoneManager.java:getRpcServer(1202)) - Creating RPC Server
2023-10-08 16:27:25,921 [JvmPauseMonitor12] INFO  util.JvmPauseMonitor (JvmPauseMonitor.java:run(103)) - JvmPauseMonitor-omNode-2: Started
2023-10-08 16:27:26,092 [omNode-1@group-523986131536-FollowerState] INFO  server.RaftServerConfigKeys (ConfUtils.java:logFallback(53)) - raft.server.rpc.first-election.timeout.min = 1s (fallback to raft.server.rpc.timeout.min)
2023-10-08 16:27:26,093 [omNode-1@group-523986131536-FollowerState] INFO  server.RaftServerConfigKeys (ConfUtils.java:logFallback(53)) - raft.server.rpc.first-election.timeout.max = 1200ms (fallback to raft.server.rpc.timeout.max)
2023-10-08 16:27:26,356 [main] INFO  reflections.Reflections (Reflections.java:scan(232)) - Reflections took 435 ms to scan 20 urls, producing 71 keys and 6072 values [using 2 cores]
2023-10-08 16:27:26,358 [main] INFO  ipc.CallQueueManager (CallQueueManager.java:<init>(90)) - Using callQueue: class java.util.concurrent.LinkedBlockingQueue, queueCapacity: 2000, scheduler: class org.apache.hadoop.ipc.DefaultRpcScheduler, ipcBackoff: false.
2023-10-08 16:27:26,358 [main] INFO  ipc.Server (Server.java:<init>(1287)) - Listener at localhost:15008
2023-10-08 16:27:26,360 [Socket Reader #1 for port 15008] INFO  ipc.Server (Server.java:run(1323)) - Starting Socket Reader #1 for port 15008
2023-10-08 16:27:26,365 [main] INFO  http.BaseHttpServer (BaseHttpServer.java:newHttpServer2BuilderForOzone(223)) - Starting Web-server for ozoneManager at: http://0.0.0.0:15009
2023-10-08 16:27:26,365 [main] INFO  http.BaseHttpServer (BaseHttpServer.java:<init>(110)) - Hadoop Security Enabled: false Ozone Security Enabled: false Ozone HTTP Security Enabled: false 
2023-10-08 16:27:26,367 [main] WARN  server.AuthenticationFilter (AuthenticationFilter.java:constructSecretProvider(240)) - Unable to initialize FileSignerSecretProvider, falling back to use random secrets. Reason: Could not read signature secret file: /home/runner/hadoop-http-auth-signature-secret
2023-10-08 16:27:26,367 [main] INFO  http.HttpRequestLog (HttpRequestLog.java:getRequestLog(86)) - Http request log for http.requests.ozoneManager is not defined
2023-10-08 16:27:26,369 [main] INFO  http.HttpServer2 (HttpServer2.java:addGlobalFilter(1031)) - Added global filter 'safety' (class=org.apache.hadoop.hdds.server.http.HttpServer2$QuotingInputFilter)
2023-10-08 16:27:26,371 [main] INFO  http.HttpServer2 (HttpServer2.java:addFilter(1007)) - Added filter static_user_filter (class=org.apache.hadoop.http.lib.StaticUserWebFilter$StaticUserFilter) to context ozoneManager
2023-10-08 16:27:26,372 [main] INFO  http.HttpServer2 (HttpServer2.java:addFilter(1015)) - Added filter static_user_filter (class=org.apache.hadoop.http.lib.StaticUserWebFilter$StaticUserFilter) to context logs
2023-10-08 16:27:26,372 [main] INFO  http.HttpServer2 (HttpServer2.java:addFilter(1015)) - Added filter static_user_filter (class=org.apache.hadoop.http.lib.StaticUserWebFilter$StaticUserFilter) to context static
2023-10-08 16:27:26,372 [main] INFO  http.BaseHttpServer (BaseHttpServer.java:<init>(189)) - HTTP server of ozoneManager uses base directory /home/runner/work/ozone/ozone/hadoop-ozone/integration-test/target/test-dir/MiniOzoneClusterImpl-c8a21aad-f255-4385-b304-f7d4bfe38451/omNode-2/webserver
2023-10-08 16:27:26,373 [main] INFO  http.HttpServer2 (HttpServer2.java:bindListener(1231)) - Jetty bound to port 15009
2023-10-08 16:27:26,373 [main] INFO  server.Server (Server.java:doStart(375)) - jetty-9.4.52.v20230823; built: 2023-08-23T19:29:37.669Z; git: abdcda73818a1a2c705da276edb0bf6581e7997e; jvm 1.8.0_382-b05
2023-10-08 16:27:26,374 [main] INFO  server.session (DefaultSessionIdManager.java:doStart(334)) - DefaultSessionIdManager workerName=node0
2023-10-08 16:27:26,375 [main] INFO  server.session (DefaultSessionIdManager.java:doStart(339)) - No SessionScavenger set, using defaults
2023-10-08 16:27:26,375 [main] INFO  server.session (HouseKeeper.java:startScavenging(132)) - node0 Scavenging every 600000ms
2023-10-08 16:27:26,376 [main] INFO  handler.ContextHandler (ContextHandler.java:doStart(921)) - Started o.e.j.s.ServletContextHandler@208ad0ed{logs,/logs,file:///home/runner/work/ozone/ozone/hadoop-ozone/integration-test/target/log,AVAILABLE}
2023-10-08 16:27:26,376 [main] INFO  handler.ContextHandler (ContextHandler.java:doStart(921)) - Started o.e.j.s.ServletContextHandler@2f785ec{static,/static,file:///home/runner/work/ozone/ozone/hadoop-ozone/integration-test/target/test-classes/webapps/static,AVAILABLE}
2023-10-08 16:27:26,379 [main] INFO  handler.ContextHandler (ContextHandler.java:doStart(921)) - Started o.e.j.w.WebAppContext@542b1a75{ozoneManager,/,file:///home/runner/work/ozone/ozone/hadoop-ozone/integration-test/target/test-classes/webapps/ozoneManager/,AVAILABLE}{file:/home/runner/work/ozone/ozone/hadoop-ozone/integration-test/target/test-classes/webapps/ozoneManager}
2023-10-08 16:27:26,381 [main] INFO  server.AbstractConnector (AbstractConnector.java:doStart(333)) - Started ServerConnector@31fe20d0{HTTP/1.1, (http/1.1)}{0.0.0.0:15009}
2023-10-08 16:27:26,381 [main] INFO  server.Server (Server.java:doStart(415)) - Started @34875ms
2023-10-08 16:27:26,381 [main] WARN  impl.MetricsSystemImpl (MetricsSystemImpl.java:register(279)) - Sink prometheus already exists!
2023-10-08 16:27:26,382 [main] INFO  http.BaseHttpServer (BaseHttpServer.java:updateConnectorAddress(354)) - HTTP server of ozoneManager listening at http://0.0.0.0:15009
2023-10-08 16:27:26,382 [IPC Server Responder] INFO  ipc.Server (Server.java:run(1562)) - IPC Server Responder: starting
2023-10-08 16:27:26,383 [IPC Server listener on 15008] INFO  ipc.Server (Server.java:run(1402)) - IPC Server listener on 15008: starting
2023-10-08 16:27:26,388 [main] INFO  om.OzoneManager (OzoneManager.java:startTrashEmptier(2102)) - Trash Interval set to 0. Files deleted won't move to trash
]]></system-out>
  </testcase>
</testsuite>