<?xml version="1.0" encoding="UTF-8"?>
<testsuite xmlns:xsi="http://www.w3.org/2001/XMLSchema-instance" xsi:noNamespaceSchemaLocation="https://maven.apache.org/surefire/maven-surefire-plugin/xsd/surefire-test-report-3.0.xsd" version="3.0" name="org.apache.hadoop.hdds.scm.pipeline.TestNodeFailure" time="113.533" tests="1" errors="0" skipped="0" failures="1">
  <properties>
    <property name="awt.toolkit" value="sun.awt.X11.XToolkit"/>
    <property name="file.encoding.pkg" value="sun.io"/>
    <property name="java.specification.version" value="1.8"/>
    <property name="sun.cpu.isalist" value=""/>
    <property name="sun.jnu.encoding" value="UTF-8"/>
    <property name="java.class.path" value="/home/runner/work/ozone/ozone/hadoop-ozone/integration-test/target/test-classes:/home/runner/work/ozone/ozone/hadoop-ozone/integration-test/target/classes:/home/runner/.m2/repository/org/apache/ozone/ozone-common/1.3.0-SNAPSHOT/ozone-common-1.3.0-SNAPSHOT.jar:/home/runner/.m2/repository/io/grpc/grpc-netty/1.48.1/grpc-netty-1.48.1.jar:/home/runner/.m2/repository/io/grpc/grpc-core/1.48.1/grpc-core-1.48.1.jar:/home/runner/.m2/repository/com/google/android/annotations/4.1.1.4/annotations-4.1.1.4.jar:/home/runner/.m2/repository/org/codehaus/mojo/animal-sniffer-annotations/1.21/animal-sniffer-annotations-1.21.jar:/home/runner/.m2/repository/com/google/errorprone/error_prone_annotations/2.2.0/error_prone_annotations-2.2.0.jar:/home/runner/.m2/repository/io/perfmark/perfmark-api/0.25.0/perfmark-api-0.25.0.jar:/home/runner/.m2/repository/io/netty/netty-codec-http2/4.1.79.Final/netty-codec-http2-4.1.79.Final.jar:/home/runner/.m2/repository/io/netty/netty-common/4.1.79.Final/netty-common-4.1.79.Final.jar:/home/runner/.m2/repository/io/netty/netty-buffer/4.1.79.Final/netty-buffer-4.1.79.Final.jar:/home/runner/.m2/repository/io/netty/netty-codec-http/4.1.79.Final/netty-codec-http-4.1.79.Final.jar:/home/runner/.m2/repository/io/netty/netty-handler-proxy/4.1.79.Final/netty-handler-proxy-4.1.79.Final.jar:/home/runner/.m2/repository/io/netty/netty-codec-socks/4.1.79.Final/netty-codec-socks-4.1.79.Final.jar:/home/runner/.m2/repository/io/netty/netty-tcnative-boringssl-static/2.0.53.Final/netty-tcnative-boringssl-static-2.0.53.Final.jar:/home/runner/.m2/repository/io/netty/netty-tcnative-classes/2.0.53.Final/netty-tcnative-classes-2.0.53.Final.jar:/home/runner/.m2/repository/io/netty/netty-tcnative-boringssl-static/2.0.53.Final/netty-tcnative-boringssl-static-2.0.53.Final-linux-x86_64.jar:/home/runner/.m2/repository/io/netty/netty-tcnative-boringssl-static/2.0.53.Final/netty-tcnative-boringssl-static-2.0.53.Final-linux-aarch_64.jar:/home/runner/.m2/repository/io/netty/netty-tcnative-boringssl-static/2.0.53.Final/netty-tcnative-boringssl-static-2.0.53.Final-osx-x86_64.jar:/home/runner/.m2/repository/io/netty/netty-tcnative-boringssl-static/2.0.53.Final/netty-tcnative-boringssl-static-2.0.53.Final-osx-aarch_64.jar:/home/runner/.m2/repository/io/netty/netty-tcnative-boringssl-static/2.0.53.Final/netty-tcnative-boringssl-static-2.0.53.Final-windows-x86_64.jar:/home/runner/.m2/repository/org/apache/commons/commons-compress/1.21/commons-compress-1.21.jar:/home/runner/.m2/repository/org/apache/ozone/hdds-common/1.3.0-SNAPSHOT/hdds-common-1.3.0-SNAPSHOT.jar:/home/runner/.m2/repository/org/apache/ozone/hdds-client/1.3.0-SNAPSHOT/hdds-client-1.3.0-SNAPSHOT.jar:/home/runner/.m2/repository/org/apache/ozone/ozone-interface-client/1.3.0-SNAPSHOT/ozone-interface-client-1.3.0-SNAPSHOT.jar:/home/runner/.m2/repository/org/apache/ozone/hdds-test-utils/1.3.0-SNAPSHOT/hdds-test-utils-1.3.0-SNAPSHOT.jar:/home/runner/.m2/repository/com/google/guava/guava/31.1-jre/guava-31.1-jre.jar:/home/runner/.m2/repository/com/google/guava/failureaccess/1.0.1/failureaccess-1.0.1.jar:/home/runner/.m2/repository/com/google/guava/listenablefuture/9999.0-empty-to-avoid-conflict-with-guava/listenablefuture-9999.0-empty-to-avoid-conflict-with-guava.jar:/home/runner/.m2/repository/com/google/code/findbugs/jsr305/3.0.0/jsr305-3.0.0.jar:/home/runner/.m2/repository/org/checkerframework/checker-qual/3.12.0/checker-qual-3.12.0.jar:/home/runner/.m2/repository/com/google/j2objc/j2objc-annotations/1.3/j2objc-annotations-1.3.jar:/home/runner/.m2/repository/commons-io/commons-io/2.11.0/commons-io-2.11.0.jar:/home/runner/.m2/repository/commons-logging/commons-logging/1.2/commons-logging-1.2.jar:/home/runner/.m2/repository/log4j/log4j/1.2.17/log4j-1.2.17.jar:/home/runner/.m2/repository/org/slf4j/slf4j-api/1.7.30/slf4j-api-1.7.30.jar:/home/runner/.m2/repository/org/apache/ozone/hdds-server-scm/1.3.0-SNAPSHOT/hdds-server-scm-1.3.0-SNAPSHOT.jar:/home/runner/.m2/repository/org/apache/ozone/hdds-container-service/1.3.0-SNAPSHOT/hdds-container-service-1.3.0-SNAPSHOT.jar:/home/runner/.m2/repository/org/apache/ozone/hdds-hadoop-dependency-server/1.3.0-SNAPSHOT/hdds-hadoop-dependency-server-1.3.0-SNAPSHOT.jar:/home/runner/.m2/repository/org/apache/hadoop/hadoop-hdfs/3.3.1/hadoop-hdfs-3.3.1.jar:/home/runner/.m2/repository/org/apache/ozone/hdds-server-framework/1.3.0-SNAPSHOT/hdds-server-framework-1.3.0-SNAPSHOT.jar:/home/runner/.m2/repository/org/apache/ozone/hdds-interface-server/1.3.0-SNAPSHOT/hdds-interface-server-1.3.0-SNAPSHOT.jar:/home/runner/.m2/repository/org/apache/logging/log4j/log4j-core/2.17.1/log4j-core-2.17.1.jar:/home/runner/.m2/repository/com/lmax/disruptor/3.4.2/disruptor-3.4.2.jar:/home/runner/.m2/repository/org/eclipse/jetty/jetty-servlet/9.4.43.v20210629/jetty-servlet-9.4.43.v20210629.jar:/home/runner/.m2/repository/org/eclipse/jetty/jetty-security/9.4.43.v20210629/jetty-security-9.4.43.v20210629.jar:/home/runner/.m2/repository/org/rocksdb/rocksdbjni/7.4.5/rocksdbjni-7.4.5.jar:/home/runner/.m2/repository/io/prometheus/simpleclient_dropwizard/0.7.0/simpleclient_dropwizard-0.7.0.jar:/home/runner/.m2/repository/io/prometheus/simpleclient/0.7.0/simpleclient-0.7.0.jar:/home/runner/.m2/repository/io/prometheus/simpleclient_common/0.7.0/simpleclient_common-0.7.0.jar:/home/runner/.m2/repository/io/dropwizard/metrics/metrics-core/3.2.4/metrics-core-3.2.4.jar:/home/runner/.m2/repository/org/apache/hadoop/hadoop-hdfs-client/3.3.1/hadoop-hdfs-client-3.3.1.jar:/home/runner/.m2/repository/org/bouncycastle/bcprov-jdk15on/1.67/bcprov-jdk15on-1.67.jar:/home/runner/.m2/repository/com/google/protobuf/protobuf-java/2.5.0/protobuf-java-2.5.0.jar:/home/runner/.m2/repository/org/apache/ozone/ozone-manager/1.3.0-SNAPSHOT/ozone-manager-1.3.0-SNAPSHOT.jar:/home/runner/.m2/repository/org/aspectj/aspectjrt/1.9.7/aspectjrt-1.9.7.jar:/home/runner/.m2/repository/org/aspectj/aspectjweaver/1.9.7/aspectjweaver-1.9.7.jar:/home/runner/.m2/repository/org/apache/ozone/hdds-interface-client/1.3.0-SNAPSHOT/hdds-interface-client-1.3.0-SNAPSHOT.jar:/home/runner/.m2/repository/org/apache/hadoop/thirdparty/hadoop-shaded-protobuf_3_7/1.1.1/hadoop-shaded-protobuf_3_7-1.1.1.jar:/home/runner/.m2/repository/org/apache/ozone/ozone-interface-storage/1.3.0-SNAPSHOT/ozone-interface-storage-1.3.0-SNAPSHOT.jar:/home/runner/.m2/repository/org/reflections/reflections/0.9.11/reflections-0.9.11.jar:/home/runner/.m2/repository/com/sun/jersey/jersey-client/1.19/jersey-client-1.19.jar:/home/runner/.m2/repository/org/apache/ranger/ranger-intg/2.3.0/ranger-intg-2.3.0.jar:/home/runner/.m2/repository/org/apache/ranger/ranger-plugins-common/2.3.0/ranger-plugins-common-2.3.0.jar:/home/runner/.m2/repository/commons-lang/commons-lang/2.6/commons-lang-2.6.jar:/home/runner/.m2/repository/org/codehaus/jackson/jackson-jaxrs/1.9.13/jackson-jaxrs-1.9.13.jar:/home/runner/.m2/repository/org/apache/ranger/ranger-plugins-cred/2.3.0/ranger-plugins-cred-2.3.0.jar:/home/runner/.m2/repository/org/apache/ranger/ranger-plugins-audit/2.3.0/ranger-plugins-audit-2.3.0.jar:/home/runner/.m2/repository/org/eclipse/jetty/jetty-client/9.4.31.v20200723/jetty-client-9.4.31.v20200723.jar:/home/runner/.m2/repository/org/apache/httpcomponents/httpmime/4.5.6/httpmime-4.5.6.jar:/home/runner/.m2/repository/org/apache/httpcomponents/httpcore-nio/4.4.6/httpcore-nio-4.4.6.jar:/home/runner/.m2/repository/org/apache/httpcomponents/httpasyncclient/4.1.3/httpasyncclient-4.1.3.jar:/home/runner/.m2/repository/com/carrotsearch/hppc/0.8.0/hppc-0.8.0.jar:/home/runner/.m2/repository/org/apache/orc/orc-core/1.5.8/orc-core-1.5.8.jar:/home/runner/.m2/repository/net/java/dev/jna/jna/5.2.0/jna-5.2.0.jar:/home/runner/.m2/repository/net/java/dev/jna/jna-platform/5.2.0/jna-platform-5.2.0.jar:/home/runner/.m2/repository/com/kstruct/gethostname4j/0.0.2/gethostname4j-0.0.2.jar:/home/runner/.m2/repository/org/apache/ranger/ranger-plugin-classloader/2.3.0/ranger-plugin-classloader-2.3.0.jar:/home/runner/.m2/repository/org/apache/hadoop/hadoop-minikdc/3.3.1/hadoop-minikdc-3.3.1.jar:/home/runner/.m2/repository/org/apache/kerby/kerb-simplekdc/1.0.1/kerb-simplekdc-1.0.1.jar:/home/runner/.m2/repository/org/apache/kerby/kerb-client/1.0.1/kerb-client-1.0.1.jar:/home/runner/.m2/repository/org/apache/kerby/kerby-config/1.0.1/kerby-config-1.0.1.jar:/home/runner/.m2/repository/org/apache/kerby/kerb-common/1.0.1/kerb-common-1.0.1.jar:/home/runner/.m2/repository/org/apache/kerby/kerb-crypto/1.0.1/kerb-crypto-1.0.1.jar:/home/runner/.m2/repository/org/apache/kerby/kerb-util/1.0.1/kerb-util-1.0.1.jar:/home/runner/.m2/repository/org/apache/kerby/token-provider/1.0.1/token-provider-1.0.1.jar:/home/runner/.m2/repository/org/apache/kerby/kerb-admin/1.0.1/kerb-admin-1.0.1.jar:/home/runner/.m2/repository/org/apache/kerby/kerb-server/1.0.1/kerb-server-1.0.1.jar:/home/runner/.m2/repository/org/apache/kerby/kerb-identity/1.0.1/kerb-identity-1.0.1.jar:/home/runner/.m2/repository/org/apache/kerby/kerby-xdr/1.0.1/kerby-xdr-1.0.1.jar:/home/runner/.m2/repository/org/slf4j/slf4j-log4j12/1.7.30/slf4j-log4j12-1.7.30.jar:/home/runner/.m2/repository/org/apache/ozone/ozone-s3gateway/1.3.0-SNAPSHOT/ozone-s3gateway-1.3.0-SNAPSHOT.jar:/home/runner/.m2/repository/org/javassist/javassist/3.21.0-GA/javassist-3.21.0-GA.jar:/home/runner/.m2/repository/org/jboss/weld/servlet/weld-servlet/2.4.7.Final/weld-servlet-2.4.7.Final.jar:/home/runner/.m2/repository/org/glassfish/jersey/containers/jersey-container-servlet-core/2.33/jersey-container-servlet-core-2.33.jar:/home/runner/.m2/repository/org/glassfish/hk2/external/jakarta.inject/2.6.1/jakarta.inject-2.6.1.jar:/home/runner/.m2/repository/org/glassfish/jersey/core/jersey-common/2.33/jersey-common-2.33.jar:/home/runner/.m2/repository/jakarta/ws/rs/jakarta.ws.rs-api/2.1.6/jakarta.ws.rs-api-2.1.6.jar:/home/runner/.m2/repository/org/glassfish/jersey/ext/cdi/jersey-cdi1x/2.33/jersey-cdi1x-2.33.jar:/home/runner/.m2/repository/org/glassfish/jersey/inject/jersey-hk2/2.33/jersey-hk2-2.33.jar:/home/runner/.m2/repository/org/glassfish/hk2/hk2-locator/2.6.1/hk2-locator-2.6.1.jar:/home/runner/.m2/repository/org/glassfish/jersey/media/jersey-media-jaxb/2.33/jersey-media-jaxb-2.33.jar:/home/runner/.m2/repository/org/glassfish/hk2/osgi-resource-locator/1.0.3/osgi-resource-locator-1.0.3.jar:/home/runner/.m2/repository/org/glassfish/hk2/hk2-api/2.5.0/hk2-api-2.5.0.jar:/home/runner/.m2/repository/org/glassfish/hk2/hk2-utils/2.5.0/hk2-utils-2.5.0.jar:/home/runner/.m2/repository/org/glassfish/hk2/external/aopalliance-repackaged/2.5.0/aopalliance-repackaged-2.5.0.jar:/home/runner/.m2/repository/com/fasterxml/jackson/dataformat/jackson-dataformat-xml/2.13.2/jackson-dataformat-xml-2.13.2.jar:/home/runner/.m2/repository/com/fasterxml/jackson/core/jackson-core/2.13.2/jackson-core-2.13.2.jar:/home/runner/.m2/repository/org/codehaus/woodstox/stax2-api/3.1.4/stax2-api-3.1.4.jar:/home/runner/.m2/repository/com/fasterxml/woodstox/woodstox-core/5.0.3/woodstox-core-5.0.3.jar:/home/runner/.m2/repository/com/fasterxml/jackson/module/jackson-module-jaxb-annotations/2.13.2/jackson-module-jaxb-annotations-2.13.2.jar:/home/runner/.m2/repository/jakarta/xml/bind/jakarta.xml.bind-api/2.3.3/jakarta.xml.bind-api-2.3.3.jar:/home/runner/.m2/repository/jakarta/activation/jakarta.activation-api/1.2.1/jakarta.activation-api-1.2.1.jar:/home/runner/.m2/repository/javax/enterprise/cdi-api/1.2/cdi-api-1.2.jar:/home/runner/.m2/repository/javax/el/javax.el-api/3.0.0/javax.el-api-3.0.0.jar:/home/runner/.m2/repository/javax/interceptor/javax.interceptor-api/1.2/javax.interceptor-api-1.2.jar:/home/runner/.m2/repository/javax/inject/javax.inject/1/javax.inject-1.jar:/home/runner/.m2/repository/javax/xml/bind/jaxb-api/2.3.0/jaxb-api-2.3.0.jar:/home/runner/.m2/repository/org/glassfish/jaxb/jaxb-runtime/2.3.0.1/jaxb-runtime-2.3.0.1.jar:/home/runner/.m2/repository/org/glassfish/jaxb/jaxb-core/2.3.0.1/jaxb-core-2.3.0.1.jar:/home/runner/.m2/repository/org/glassfish/jaxb/txw2/2.3.0.1/txw2-2.3.0.1.jar:/home/runner/.m2/repository/com/sun/istack/istack-commons-runtime/3.0.5/istack-commons-runtime-3.0.5.jar:/home/runner/.m2/repository/org/jvnet/staxex/stax-ex/1.7.8/stax-ex-1.7.8.jar:/home/runner/.m2/repository/com/sun/xml/fastinfoset/FastInfoset/1.2.13/FastInfoset-1.2.13.jar:/home/runner/.m2/repository/javax/activation/activation/1.1.1/activation-1.1.1.jar:/home/runner/.m2/repository/io/grpc/grpc-protobuf/1.48.1/grpc-protobuf-1.48.1.jar:/home/runner/.m2/repository/io/grpc/grpc-api/1.48.1/grpc-api-1.48.1.jar:/home/runner/.m2/repository/io/grpc/grpc-context/1.48.1/grpc-context-1.48.1.jar:/home/runner/.m2/repository/com/google/api/grpc/proto-google-common-protos/2.9.0/proto-google-common-protos-2.9.0.jar:/home/runner/.m2/repository/io/grpc/grpc-protobuf-lite/1.48.1/grpc-protobuf-lite-1.48.1.jar:/home/runner/.m2/repository/io/grpc/grpc-stub/1.48.1/grpc-stub-1.48.1.jar:/home/runner/.m2/repository/io/netty/netty-transport/4.1.79.Final/netty-transport-4.1.79.Final.jar:/home/runner/.m2/repository/io/netty/netty-resolver/4.1.79.Final/netty-resolver-4.1.79.Final.jar:/home/runner/.m2/repository/org/apache/ozone/ozone-csi/1.3.0-SNAPSHOT/ozone-csi-1.3.0-SNAPSHOT.jar:/home/runner/.m2/repository/com/google/protobuf/protobuf-java-util/3.19.2/protobuf-java-util-3.19.2.jar:/home/runner/.m2/repository/com/google/code/gson/gson/2.9.0/gson-2.9.0.jar:/home/runner/.m2/repository/org/apache/ozone/hdds-config/1.3.0-SNAPSHOT/hdds-config-1.3.0-SNAPSHOT.jar:/home/runner/.m2/repository/io/netty/netty-transport-native-epoll/4.1.79.Final/netty-transport-native-epoll-4.1.79.Final-linux-x86_64.jar:/home/runner/.m2/repository/io/netty/netty-transport-classes-epoll/4.1.79.Final/netty-transport-classes-epoll-4.1.79.Final.jar:/home/runner/.m2/repository/io/netty/netty-transport-native-unix-common/4.1.79.Final/netty-transport-native-unix-common-4.1.79.Final.jar:/home/runner/.m2/repository/org/apache/ozone/ozone-recon/1.3.0-SNAPSHOT/ozone-recon-1.3.0-SNAPSHOT.jar:/home/runner/.m2/repository/org/apache/ozone/ozone-reconcodegen/1.3.0-SNAPSHOT/ozone-reconcodegen-1.3.0-SNAPSHOT.jar:/home/runner/.m2/repository/com/google/inject/extensions/guice-multibindings/4.0/guice-multibindings-4.0.jar:/home/runner/.m2/repository/com/google/inject/guice/4.0/guice-4.0.jar:/home/runner/.m2/repository/aopalliance/aopalliance/1.0/aopalliance-1.0.jar:/home/runner/.m2/repository/com/google/inject/extensions/guice-assistedinject/4.0/guice-assistedinject-4.0.jar:/home/runner/.m2/repository/com/google/inject/extensions/guice-servlet/4.0/guice-servlet-4.0.jar:/home/runner/.m2/repository/org/glassfish/jersey/containers/jersey-container-servlet/2.33/jersey-container-servlet-2.33.jar:/home/runner/.m2/repository/org/glassfish/hk2/guice-bridge/2.5.0/guice-bridge-2.5.0.jar:/home/runner/.m2/repository/org/glassfish/jersey/core/jersey-server/2.33/jersey-server-2.33.jar:/home/runner/.m2/repository/org/glassfish/jersey/core/jersey-client/2.33/jersey-client-2.33.jar:/home/runner/.m2/repository/jakarta/annotation/jakarta.annotation-api/1.3.5/jakarta.annotation-api-1.3.5.jar:/home/runner/.m2/repository/jakarta/validation/jakarta.validation-api/2.0.2/jakarta.validation-api-2.0.2.jar:/home/runner/.m2/repository/org/glassfish/jersey/media/jersey-media-json-jackson/2.33/jersey-media-json-jackson-2.33.jar:/home/runner/.m2/repository/org/glassfish/jersey/ext/jersey-entity-filtering/2.33/jersey-entity-filtering-2.33.jar:/home/runner/.m2/repository/org/jooq/jooq/3.11.10/jooq-3.11.10.jar:/home/runner/.m2/repository/org/jooq/jooq-meta/3.11.10/jooq-meta-3.11.10.jar:/home/runner/.m2/repository/org/jooq/jooq-codegen/3.11.10/jooq-codegen-3.11.10.jar:/home/runner/.m2/repository/com/jolbox/bonecp/0.8.0.RELEASE/bonecp-0.8.0.RELEASE.jar:/home/runner/.m2/repository/org/apache/derby/derby/10.14.2.0/derby-10.14.2.0.jar:/home/runner/.m2/repository/org/xerial/sqlite-jdbc/3.25.2/sqlite-jdbc-3.25.2.jar:/home/runner/.m2/repository/org/springframework/spring-jdbc/5.2.20.RELEASE/spring-jdbc-5.2.20.RELEASE.jar:/home/runner/.m2/repository/org/springframework/spring-beans/5.2.20.RELEASE/spring-beans-5.2.20.RELEASE.jar:/home/runner/.m2/repository/org/springframework/spring-core/5.2.20.RELEASE/spring-core-5.2.20.RELEASE.jar:/home/runner/.m2/repository/org/springframework/spring-jcl/5.2.20.RELEASE/spring-jcl-5.2.20.RELEASE.jar:/home/runner/.m2/repository/org/springframework/spring-tx/5.2.20.RELEASE/spring-tx-5.2.20.RELEASE.jar:/home/runner/.m2/repository/org/apache/ozone/ozone-client/1.3.0-SNAPSHOT/ozone-client-1.3.0-SNAPSHOT.jar:/home/runner/.m2/repository/org/apache/ozone/hdds-erasurecode/1.3.0-SNAPSHOT/hdds-erasurecode-1.3.0-SNAPSHOT.jar:/home/runner/.m2/repository/com/github/spotbugs/spotbugs-annotations/3.1.12/spotbugs-annotations-3.1.12.jar:/home/runner/.m2/repository/org/apache/ozone/ozone-filesystem/1.3.0-SNAPSHOT/ozone-filesystem-1.3.0-SNAPSHOT.jar:/home/runner/.m2/repository/org/apache/ozone/ozone-filesystem-common/1.3.0-SNAPSHOT/ozone-filesystem-common-1.3.0-SNAPSHOT.jar:/home/runner/.m2/repository/org/apache/ozone/ozone-tools/1.3.0-SNAPSHOT/ozone-tools-1.3.0-SNAPSHOT.jar:/home/runner/.m2/repository/org/apache/ratis/ratis-tools/2.3.0/ratis-tools-2.3.0.jar:/home/runner/.m2/repository/com/amazonaws/aws-java-sdk-core/1.12.261/aws-java-sdk-core-1.12.261.jar:/home/runner/.m2/repository/org/apache/httpcomponents/httpclient/4.5.13/httpclient-4.5.13.jar:/home/runner/.m2/repository/org/apache/httpcomponents/httpcore/4.4.13/httpcore-4.4.13.jar:/home/runner/.m2/repository/software/amazon/ion/ion-java/1.0.2/ion-java-1.0.2.jar:/home/runner/.m2/repository/com/fasterxml/jackson/dataformat/jackson-dataformat-cbor/2.13.2/jackson-dataformat-cbor-2.13.2.jar:/home/runner/.m2/repository/joda-time/joda-time/2.8.1/joda-time-2.8.1.jar:/home/runner/.m2/repository/com/amazonaws/aws-java-sdk-s3/1.12.261/aws-java-sdk-s3-1.12.261.jar:/home/runner/.m2/repository/com/amazonaws/aws-java-sdk-kms/1.12.261/aws-java-sdk-kms-1.12.261.jar:/home/runner/.m2/repository/com/amazonaws/jmespath-java/1.12.261/jmespath-java-1.12.261.jar:/home/runner/.m2/repository/org/kohsuke/metainf-services/metainf-services/1.8/metainf-services-1.8.jar:/home/runner/.m2/repository/org/apache/ozone/hdds-tools/1.3.0-SNAPSHOT/hdds-tools-1.3.0-SNAPSHOT.jar:/home/runner/.m2/repository/commons-cli/commons-cli/1.2/commons-cli-1.2.jar:/home/runner/.m2/repository/org/apache/commons/commons-lang3/3.7/commons-lang3-3.7.jar:/home/runner/.m2/repository/org/apache/ozone/ozone-manager/1.3.0-SNAPSHOT/ozone-manager-1.3.0-SNAPSHOT-tests.jar:/home/runner/.m2/repository/org/apache/ozone/hdds-common/1.3.0-SNAPSHOT/hdds-common-1.3.0-SNAPSHOT-tests.jar:/home/runner/.m2/repository/org/apache/ozone/hdds-hadoop-dependency-client/1.3.0-SNAPSHOT/hdds-hadoop-dependency-client-1.3.0-SNAPSHOT.jar:/home/runner/.m2/repository/info/picocli/picocli/4.6.1/picocli-4.6.1.jar:/home/runner/.m2/repository/com/fasterxml/jackson/core/jackson-annotations/2.13.2/jackson-annotations-2.13.2.jar:/home/runner/.m2/repository/com/fasterxml/jackson/datatype/jackson-datatype-jsr310/2.13.2/jackson-datatype-jsr310-2.13.2.jar:/home/runner/.m2/repository/org/apache/ozone/hdds-annotation-processing/1.3.0-SNAPSHOT/hdds-annotation-processing-1.3.0-SNAPSHOT.jar:/home/runner/.m2/repository/javax/annotation/javax.annotation-api/1.2/javax.annotation-api-1.2.jar:/home/runner/.m2/repository/org/apache/ratis/ratis-server/2.3.0/ratis-server-2.3.0.jar:/home/runner/.m2/repository/org/apache/ratis/ratis-client/2.3.0/ratis-client-2.3.0.jar:/home/runner/.m2/repository/org/apache/ratis/ratis-server-api/2.3.0/ratis-server-api-2.3.0.jar:/home/runner/.m2/repository/org/apache/ratis/ratis-metrics/2.3.0/ratis-metrics-2.3.0.jar:/home/runner/.m2/repository/org/apache/ratis/ratis-netty/2.3.0/ratis-netty-2.3.0.jar:/home/runner/.m2/repository/org/apache/ratis/ratis-grpc/2.3.0/ratis-grpc-2.3.0.jar:/home/runner/.m2/repository/org/apache/logging/log4j/log4j-api/2.17.1/log4j-api-2.17.1.jar:/home/runner/.m2/repository/org/apache/commons/commons-pool2/2.6.0/commons-pool2-2.6.0.jar:/home/runner/.m2/repository/org/bouncycastle/bcpkix-jdk15on/1.67/bcpkix-jdk15on-1.67.jar:/home/runner/.m2/repository/commons-validator/commons-validator/1.6/commons-validator-1.6.jar:/home/runner/.m2/repository/commons-beanutils/commons-beanutils/1.9.4/commons-beanutils-1.9.4.jar:/home/runner/.m2/repository/commons-digester/commons-digester/1.8.1/commons-digester-1.8.1.jar:/home/runner/.m2/repository/commons-collections/commons-collections/3.2.2/commons-collections-3.2.2.jar:/home/runner/.m2/repository/io/jaegertracing/jaeger-client/1.6.0/jaeger-client-1.6.0.jar:/home/runner/.m2/repository/io/jaegertracing/jaeger-thrift/1.6.0/jaeger-thrift-1.6.0.jar:/home/runner/.m2/repository/org/apache/thrift/libthrift/0.14.1/libthrift-0.14.1.jar:/home/runner/.m2/repository/com/squareup/okhttp3/okhttp/4.9.0/okhttp-4.9.0.jar:/home/runner/.m2/repository/com/squareup/okio/okio/2.8.0/okio-2.8.0.jar:/home/runner/.m2/repository/io/jaegertracing/jaeger-core/1.6.0/jaeger-core-1.6.0.jar:/home/runner/.m2/repository/io/jaegertracing/jaeger-tracerresolver/1.6.0/jaeger-tracerresolver-1.6.0.jar:/home/runner/.m2/repository/io/opentracing/contrib/opentracing-tracerresolver/0.1.8/opentracing-tracerresolver-0.1.8.jar:/home/runner/.m2/repository/org/jetbrains/kotlin/kotlin-stdlib/1.6.21/kotlin-stdlib-1.6.21.jar:/home/runner/.m2/repository/org/jetbrains/kotlin/kotlin-stdlib-common/1.6.21/kotlin-stdlib-common-1.6.21.jar:/home/runner/.m2/repository/org/jetbrains/annotations/13.0/annotations-13.0.jar:/home/runner/.m2/repository/io/opentracing/opentracing-util/0.33.0/opentracing-util-0.33.0.jar:/home/runner/.m2/repository/io/opentracing/opentracing-api/0.33.0/opentracing-api-0.33.0.jar:/home/runner/.m2/repository/io/opentracing/opentracing-noop/0.33.0/opentracing-noop-0.33.0.jar:/home/runner/.m2/repository/org/yaml/snakeyaml/1.26/snakeyaml-1.26.jar:/home/runner/.m2/repository/org/apache/ozone/hdds-interface-admin/1.3.0-SNAPSHOT/hdds-interface-admin-1.3.0-SNAPSHOT.jar:/home/runner/.m2/repository/junit/junit/4.13.1/junit-4.13.1.jar:/home/runner/.m2/repository/org/hamcrest/hamcrest-core/1.3/hamcrest-core-1.3.jar:/home/runner/.m2/repository/org/junit/jupiter/junit-jupiter-api/5.8.2/junit-jupiter-api-5.8.2.jar:/home/runner/.m2/repository/org/opentest4j/opentest4j/1.2.0/opentest4j-1.2.0.jar:/home/runner/.m2/repository/org/junit/platform/junit-platform-commons/1.8.2/junit-platform-commons-1.8.2.jar:/home/runner/.m2/repository/org/apiguardian/apiguardian-api/1.1.2/apiguardian-api-1.1.2.jar:/home/runner/.m2/repository/org/junit/jupiter/junit-jupiter-params/5.8.2/junit-jupiter-params-5.8.2.jar:/home/runner/.m2/repository/org/junit/jupiter/junit-jupiter-migrationsupport/5.8.2/junit-jupiter-migrationsupport-5.8.2.jar:/home/runner/.m2/repository/org/junit/jupiter/junit-jupiter-engine/5.8.2/junit-jupiter-engine-5.8.2.jar:/home/runner/.m2/repository/org/junit/platform/junit-platform-engine/1.8.2/junit-platform-engine-1.8.2.jar:/home/runner/.m2/repository/org/junit/vintage/junit-vintage-engine/5.8.2/junit-vintage-engine-5.8.2.jar:/home/runner/.m2/repository/org/junit/platform/junit-platform-launcher/1.8.2/junit-platform-launcher-1.8.2.jar:/home/runner/.m2/repository/org/mockito/mockito-core/2.28.2/mockito-core-2.28.2.jar:/home/runner/.m2/repository/net/bytebuddy/byte-buddy/1.9.10/byte-buddy-1.9.10.jar:/home/runner/.m2/repository/net/bytebuddy/byte-buddy-agent/1.9.10/byte-buddy-agent-1.9.10.jar:/home/runner/.m2/repository/org/objenesis/objenesis/1.0/objenesis-1.0.jar:/home/runner/.m2/repository/org/apache/hadoop/hadoop-kms/3.3.1/hadoop-kms-3.3.1.jar:/home/runner/.m2/repository/org/apache/hadoop/hadoop-auth/3.3.1/hadoop-auth-3.3.1.jar:/home/runner/.m2/repository/com/nimbusds/nimbus-jose-jwt/7.9/nimbus-jose-jwt-7.9.jar:/home/runner/.m2/repository/com/github/stephenc/jcip/jcip-annotations/1.0-1/jcip-annotations-1.0-1.jar:/home/runner/.m2/repository/net/minidev/json-smart/2.4.7/json-smart-2.4.7.jar:/home/runner/.m2/repository/net/minidev/accessors-smart/2.4.7/accessors-smart-2.4.7.jar:/home/runner/.m2/repository/org/ow2/asm/asm/5.0.4/asm-5.0.4.jar:/home/runner/.m2/repository/org/apache/zookeeper/zookeeper/3.5.6/zookeeper-3.5.6.jar:/home/runner/.m2/repository/org/apache/zookeeper/zookeeper-jute/3.5.6/zookeeper-jute-3.5.6.jar:/home/runner/.m2/repository/org/apache/yetus/audience-annotations/0.5.0/audience-annotations-0.5.0.jar:/home/runner/.m2/repository/org/apache/curator/curator-framework/4.2.0/curator-framework-4.2.0.jar:/home/runner/.m2/repository/org/apache/hadoop/thirdparty/hadoop-shaded-guava/1.1.1/hadoop-shaded-guava-1.1.1.jar:/home/runner/.m2/repository/com/sun/jersey/jersey-core/1.19/jersey-core-1.19.jar:/home/runner/.m2/repository/javax/ws/rs/jsr311-api/1.1.1/jsr311-api-1.1.1.jar:/home/runner/.m2/repository/com/sun/jersey/jersey-server/1.19/jersey-server-1.19.jar:/home/runner/.m2/repository/javax/servlet/javax.servlet-api/3.1.0/javax.servlet-api-3.1.0.jar:/home/runner/.m2/repository/org/eclipse/jetty/jetty-server/9.4.43.v20210629/jetty-server-9.4.43.v20210629.jar:/home/runner/.m2/repository/org/eclipse/jetty/jetty-http/9.4.43.v20210629/jetty-http-9.4.43.v20210629.jar:/home/runner/.m2/repository/org/eclipse/jetty/jetty-io/9.4.43.v20210629/jetty-io-9.4.43.v20210629.jar:/home/runner/.m2/repository/org/eclipse/jetty/jetty-webapp/9.4.43.v20210629/jetty-webapp-9.4.43.v20210629.jar:/home/runner/.m2/repository/org/eclipse/jetty/jetty-xml/9.4.43.v20210629/jetty-xml-9.4.43.v20210629.jar:/home/runner/.m2/repository/org/apache/hadoop/hadoop-common/3.3.1/hadoop-common-3.3.1.jar:/home/runner/.m2/repository/org/apache/commons/commons-math3/3.1.1/commons-math3-3.1.1.jar:/home/runner/.m2/repository/commons-net/commons-net/3.6/commons-net-3.6.jar:/home/runner/.m2/repository/com/sun/jersey/jersey-servlet/1.19/jersey-servlet-1.19.jar:/home/runner/.m2/repository/com/sun/jersey/jersey-json/1.19/jersey-json-1.19.jar:/home/runner/.m2/repository/org/codehaus/jettison/jettison/1.1/jettison-1.1.jar:/home/runner/.m2/repository/com/sun/xml/bind/jaxb-impl/2.2.3-1/jaxb-impl-2.2.3-1.jar:/home/runner/.m2/repository/org/codehaus/jackson/jackson-xc/1.9.2/jackson-xc-1.9.2.jar:/home/runner/.m2/repository/org/apache/commons/commons-configuration2/2.1.1/commons-configuration2-2.1.1.jar:/home/runner/.m2/repository/org/apache/commons/commons-text/1.4/commons-text-1.4.jar:/home/runner/.m2/repository/com/google/re2j/re2j/1.1/re2j-1.1.jar:/home/runner/.m2/repository/com/jcraft/jsch/0.1.54/jsch-0.1.54.jar:/home/runner/.m2/repository/org/apache/curator/curator-client/4.2.0/curator-client-4.2.0.jar:/home/runner/.m2/repository/org/apache/curator/curator-recipes/4.2.0/curator-recipes-4.2.0.jar:/home/runner/.m2/repository/org/apache/kerby/kerb-core/1.0.1/kerb-core-1.0.1.jar:/home/runner/.m2/repository/org/apache/kerby/kerby-pkix/1.0.1/kerby-pkix-1.0.1.jar:/home/runner/.m2/repository/org/apache/kerby/kerby-asn1/1.0.1/kerby-asn1-1.0.1.jar:/home/runner/.m2/repository/org/apache/kerby/kerby-util/1.0.1/kerby-util-1.0.1.jar:/home/runner/.m2/repository/dnsjava/dnsjava/2.1.7/dnsjava-2.1.7.jar:/home/runner/.m2/repository/org/xerial/snappy/snappy-java/1.1.8.2/snappy-java-1.1.8.2.jar:/home/runner/.m2/repository/org/slf4j/jul-to-slf4j/1.7.30/jul-to-slf4j-1.7.30.jar:/home/runner/.m2/repository/org/eclipse/jetty/jetty-util/9.4.43.v20210629/jetty-util-9.4.43.v20210629.jar:/home/runner/.m2/repository/com/fasterxml/jackson/core/jackson-databind/2.13.2.2/jackson-databind-2.13.2.2.jar:/home/runner/.m2/repository/org/apache/hadoop/hadoop-kms/3.3.1/hadoop-kms-3.3.1-tests.jar:/home/runner/.m2/repository/org/apache/ozone/hdds-server-scm/1.3.0-SNAPSHOT/hdds-server-scm-1.3.0-SNAPSHOT-tests.jar:/home/runner/.m2/repository/org/apache/ozone/hdds-container-service/1.3.0-SNAPSHOT/hdds-container-service-1.3.0-SNAPSHOT-tests.jar:/home/runner/.m2/repository/commons-codec/commons-codec/1.11/commons-codec-1.11.jar:/home/runner/.m2/repository/io/netty/netty-codec/4.1.79.Final/netty-codec-4.1.79.Final.jar:/home/runner/.m2/repository/io/netty/netty-handler/4.1.79.Final/netty-handler-4.1.79.Final.jar:/home/runner/.m2/repository/org/apache/ozone/hdds-hadoop-dependency-test/1.3.0-SNAPSHOT/hdds-hadoop-dependency-test-1.3.0-SNAPSHOT.jar:/home/runner/.m2/repository/org/apache/hadoop/hadoop-common/3.3.1/hadoop-common-3.3.1-tests.jar:/home/runner/.m2/repository/org/assertj/assertj-core/3.12.2/assertj-core-3.12.2.jar:/home/runner/.m2/repository/org/apache/hadoop/hadoop-hdfs/3.3.1/hadoop-hdfs-3.3.1-tests.jar:/home/runner/.m2/repository/org/eclipse/jetty/jetty-util-ajax/9.4.43.v20210629/jetty-util-ajax-9.4.43.v20210629.jar:/home/runner/.m2/repository/commons-daemon/commons-daemon/1.0.13/commons-daemon-1.0.13.jar:/home/runner/.m2/repository/io/netty/netty/3.10.6.Final/netty-3.10.6.Final.jar:/home/runner/.m2/repository/io/netty/netty-all/4.1.79.Final/netty-all-4.1.79.Final.jar:/home/runner/.m2/repository/io/netty/netty-codec-dns/4.1.79.Final/netty-codec-dns-4.1.79.Final.jar:/home/runner/.m2/repository/io/netty/netty-codec-haproxy/4.1.79.Final/netty-codec-haproxy-4.1.79.Final.jar:/home/runner/.m2/repository/io/netty/netty-codec-memcache/4.1.79.Final/netty-codec-memcache-4.1.79.Final.jar:/home/runner/.m2/repository/io/netty/netty-codec-mqtt/4.1.79.Final/netty-codec-mqtt-4.1.79.Final.jar:/home/runner/.m2/repository/io/netty/netty-codec-redis/4.1.79.Final/netty-codec-redis-4.1.79.Final.jar:/home/runner/.m2/repository/io/netty/netty-codec-smtp/4.1.79.Final/netty-codec-smtp-4.1.79.Final.jar:/home/runner/.m2/repository/io/netty/netty-codec-stomp/4.1.79.Final/netty-codec-stomp-4.1.79.Final.jar:/home/runner/.m2/repository/io/netty/netty-codec-xml/4.1.79.Final/netty-codec-xml-4.1.79.Final.jar:/home/runner/.m2/repository/io/netty/netty-resolver-dns/4.1.79.Final/netty-resolver-dns-4.1.79.Final.jar:/home/runner/.m2/repository/io/netty/netty-transport-rxtx/4.1.79.Final/netty-transport-rxtx-4.1.79.Final.jar:/home/runner/.m2/repository/io/netty/netty-transport-sctp/4.1.79.Final/netty-transport-sctp-4.1.79.Final.jar:/home/runner/.m2/repository/io/netty/netty-transport-udt/4.1.79.Final/netty-transport-udt-4.1.79.Final.jar:/home/runner/.m2/repository/io/netty/netty-transport-classes-kqueue/4.1.79.Final/netty-transport-classes-kqueue-4.1.79.Final.jar:/home/runner/.m2/repository/io/netty/netty-resolver-dns-classes-macos/4.1.79.Final/netty-resolver-dns-classes-macos-4.1.79.Final.jar:/home/runner/.m2/repository/io/netty/netty-transport-native-epoll/4.1.79.Final/netty-transport-native-epoll-4.1.79.Final-linux-aarch_64.jar:/home/runner/.m2/repository/io/netty/netty-transport-native-kqueue/4.1.79.Final/netty-transport-native-kqueue-4.1.79.Final-osx-x86_64.jar:/home/runner/.m2/repository/io/netty/netty-transport-native-kqueue/4.1.79.Final/netty-transport-native-kqueue-4.1.79.Final-osx-aarch_64.jar:/home/runner/.m2/repository/io/netty/netty-resolver-dns-native-macos/4.1.79.Final/netty-resolver-dns-native-macos-4.1.79.Final-osx-x86_64.jar:/home/runner/.m2/repository/io/netty/netty-resolver-dns-native-macos/4.1.79.Final/netty-resolver-dns-native-macos-4.1.79.Final-osx-aarch_64.jar:/home/runner/.m2/repository/org/apache/htrace/htrace-core4/4.1.0-incubating/htrace-core4-4.1.0-incubating.jar:/home/runner/.m2/repository/org/fusesource/leveldbjni/leveldbjni-all/1.8/leveldbjni-all-1.8.jar:/home/runner/.m2/repository/org/apache/hadoop/hadoop-distcp/3.3.1/hadoop-distcp-3.3.1.jar:/home/runner/.m2/repository/org/apache/hadoop/hadoop-mapreduce-client-jobclient/3.3.1/hadoop-mapreduce-client-jobclient-3.3.1.jar:/home/runner/.m2/repository/org/apache/hadoop/hadoop-mapreduce-client-common/3.3.1/hadoop-mapreduce-client-common-3.3.1.jar:/home/runner/.m2/repository/org/apache/hadoop/hadoop-yarn-common/3.3.1/hadoop-yarn-common-3.3.1.jar:/home/runner/.m2/repository/org/apache/hadoop/hadoop-yarn-api/3.3.1/hadoop-yarn-api-3.3.1.jar:/home/runner/.m2/repository/com/sun/jersey/contribs/jersey-guice/1.19/jersey-guice-1.19.jar:/home/runner/.m2/repository/com/fasterxml/jackson/jaxrs/jackson-jaxrs-json-provider/2.13.2/jackson-jaxrs-json-provider-2.13.2.jar:/home/runner/.m2/repository/com/fasterxml/jackson/jaxrs/jackson-jaxrs-base/2.13.2/jackson-jaxrs-base-2.13.2.jar:/home/runner/.m2/repository/org/apache/hadoop/hadoop-yarn-client/3.3.1/hadoop-yarn-client-3.3.1.jar:/home/runner/.m2/repository/org/eclipse/jetty/websocket/websocket-client/9.4.40.v20210413/websocket-client-9.4.40.v20210413.jar:/home/runner/.m2/repository/org/eclipse/jetty/websocket/websocket-common/9.4.40.v20210413/websocket-common-9.4.40.v20210413.jar:/home/runner/.m2/repository/org/eclipse/jetty/websocket/websocket-api/9.4.40.v20210413/websocket-api-9.4.40.v20210413.jar:/home/runner/.m2/repository/org/jline/jline/3.9.0/jline-3.9.0.jar:/home/runner/.m2/repository/org/apache/hadoop/hadoop-mapreduce-client-core/3.3.1/hadoop-mapreduce-client-core-3.3.1.jar:/home/runner/.m2/repository/org/apache/avro/avro/1.7.7/avro-1.7.7.jar:/home/runner/.m2/repository/org/codehaus/jackson/jackson-core-asl/1.9.13/jackson-core-asl-1.9.13.jar:/home/runner/.m2/repository/org/codehaus/jackson/jackson-mapper-asl/1.9.13/jackson-mapper-asl-1.9.13.jar:/home/runner/.m2/repository/com/thoughtworks/paranamer/paranamer/2.3/paranamer-2.3.jar:/home/runner/.m2/repository/org/apache/hadoop/hadoop-annotations/3.3.1/hadoop-annotations-3.3.1.jar:/opt/hostedtoolcache/jdk/8.0.345/x64/jre/../lib/tools.jar:/home/runner/.m2/repository/org/apache/hadoop/hadoop-distcp/3.3.1/hadoop-distcp-3.3.1-tests.jar:/home/runner/.m2/repository/org/apache/ratis/ratis-common/2.3.0/ratis-common-2.3.0.jar:/home/runner/.m2/repository/org/apache/ratis/ratis-thirdparty-misc/1.0.0/ratis-thirdparty-misc-1.0.0.jar:/home/runner/.m2/repository/org/apache/ratis/ratis-proto/2.3.0/ratis-proto-2.3.0.jar:"/>
    <property name="java.vm.vendor" value="Azul Systems, Inc."/>
    <property name="sun.arch.data.model" value="64"/>
    <property name="test.build.dir" value="/home/runner/work/ozone/ozone/hadoop-ozone/integration-test/target/test-dir"/>
    <property name="test.cache.data" value=""/>
    <property name="java.vendor.url" value="http://www.azul.com/"/>
    <property name="user.timezone" value="Etc/UTC"/>
    <property name="java.vm.specification.version" value="1.8"/>
    <property name="os.name" value="Linux"/>
    <property name="test.build.data" value="/home/runner/work/ozone/ozone/hadoop-ozone/integration-test/target/test-dir"/>
    <property name="sun.java.launcher" value="SUN_STANDARD"/>
    <property name="sun.boot.library.path" value="/opt/hostedtoolcache/jdk/8.0.345/x64/jre/lib/amd64"/>
    <property name="sun.java.command" value="/home/runner/work/ozone/ozone/hadoop-ozone/integration-test/target/surefire/surefirebooter9097371919600005947.jar /home/runner/work/ozone/ozone/hadoop-ozone/integration-test/target/surefire 2022-09-14T01-00-33_455-jvmRun1 surefire1301690141357690732tmp surefire_41577302962172272278tmp"/>
    <property name="surefire.test.class.path" value="/home/runner/work/ozone/ozone/hadoop-ozone/integration-test/target/test-classes:/home/runner/work/ozone/ozone/hadoop-ozone/integration-test/target/classes:/home/runner/.m2/repository/org/apache/ozone/ozone-common/1.3.0-SNAPSHOT/ozone-common-1.3.0-SNAPSHOT.jar:/home/runner/.m2/repository/io/grpc/grpc-netty/1.48.1/grpc-netty-1.48.1.jar:/home/runner/.m2/repository/io/grpc/grpc-core/1.48.1/grpc-core-1.48.1.jar:/home/runner/.m2/repository/com/google/android/annotations/4.1.1.4/annotations-4.1.1.4.jar:/home/runner/.m2/repository/org/codehaus/mojo/animal-sniffer-annotations/1.21/animal-sniffer-annotations-1.21.jar:/home/runner/.m2/repository/com/google/errorprone/error_prone_annotations/2.2.0/error_prone_annotations-2.2.0.jar:/home/runner/.m2/repository/io/perfmark/perfmark-api/0.25.0/perfmark-api-0.25.0.jar:/home/runner/.m2/repository/io/netty/netty-codec-http2/4.1.79.Final/netty-codec-http2-4.1.79.Final.jar:/home/runner/.m2/repository/io/netty/netty-common/4.1.79.Final/netty-common-4.1.79.Final.jar:/home/runner/.m2/repository/io/netty/netty-buffer/4.1.79.Final/netty-buffer-4.1.79.Final.jar:/home/runner/.m2/repository/io/netty/netty-codec-http/4.1.79.Final/netty-codec-http-4.1.79.Final.jar:/home/runner/.m2/repository/io/netty/netty-handler-proxy/4.1.79.Final/netty-handler-proxy-4.1.79.Final.jar:/home/runner/.m2/repository/io/netty/netty-codec-socks/4.1.79.Final/netty-codec-socks-4.1.79.Final.jar:/home/runner/.m2/repository/io/netty/netty-tcnative-boringssl-static/2.0.53.Final/netty-tcnative-boringssl-static-2.0.53.Final.jar:/home/runner/.m2/repository/io/netty/netty-tcnative-classes/2.0.53.Final/netty-tcnative-classes-2.0.53.Final.jar:/home/runner/.m2/repository/io/netty/netty-tcnative-boringssl-static/2.0.53.Final/netty-tcnative-boringssl-static-2.0.53.Final-linux-x86_64.jar:/home/runner/.m2/repository/io/netty/netty-tcnative-boringssl-static/2.0.53.Final/netty-tcnative-boringssl-static-2.0.53.Final-linux-aarch_64.jar:/home/runner/.m2/repository/io/netty/netty-tcnative-boringssl-static/2.0.53.Final/netty-tcnative-boringssl-static-2.0.53.Final-osx-x86_64.jar:/home/runner/.m2/repository/io/netty/netty-tcnative-boringssl-static/2.0.53.Final/netty-tcnative-boringssl-static-2.0.53.Final-osx-aarch_64.jar:/home/runner/.m2/repository/io/netty/netty-tcnative-boringssl-static/2.0.53.Final/netty-tcnative-boringssl-static-2.0.53.Final-windows-x86_64.jar:/home/runner/.m2/repository/org/apache/commons/commons-compress/1.21/commons-compress-1.21.jar:/home/runner/.m2/repository/org/apache/ozone/hdds-common/1.3.0-SNAPSHOT/hdds-common-1.3.0-SNAPSHOT.jar:/home/runner/.m2/repository/org/apache/ozone/hdds-client/1.3.0-SNAPSHOT/hdds-client-1.3.0-SNAPSHOT.jar:/home/runner/.m2/repository/org/apache/ozone/ozone-interface-client/1.3.0-SNAPSHOT/ozone-interface-client-1.3.0-SNAPSHOT.jar:/home/runner/.m2/repository/org/apache/ozone/hdds-test-utils/1.3.0-SNAPSHOT/hdds-test-utils-1.3.0-SNAPSHOT.jar:/home/runner/.m2/repository/com/google/guava/guava/31.1-jre/guava-31.1-jre.jar:/home/runner/.m2/repository/com/google/guava/failureaccess/1.0.1/failureaccess-1.0.1.jar:/home/runner/.m2/repository/com/google/guava/listenablefuture/9999.0-empty-to-avoid-conflict-with-guava/listenablefuture-9999.0-empty-to-avoid-conflict-with-guava.jar:/home/runner/.m2/repository/com/google/code/findbugs/jsr305/3.0.0/jsr305-3.0.0.jar:/home/runner/.m2/repository/org/checkerframework/checker-qual/3.12.0/checker-qual-3.12.0.jar:/home/runner/.m2/repository/com/google/j2objc/j2objc-annotations/1.3/j2objc-annotations-1.3.jar:/home/runner/.m2/repository/commons-io/commons-io/2.11.0/commons-io-2.11.0.jar:/home/runner/.m2/repository/commons-logging/commons-logging/1.2/commons-logging-1.2.jar:/home/runner/.m2/repository/log4j/log4j/1.2.17/log4j-1.2.17.jar:/home/runner/.m2/repository/org/slf4j/slf4j-api/1.7.30/slf4j-api-1.7.30.jar:/home/runner/.m2/repository/org/apache/ozone/hdds-server-scm/1.3.0-SNAPSHOT/hdds-server-scm-1.3.0-SNAPSHOT.jar:/home/runner/.m2/repository/org/apache/ozone/hdds-container-service/1.3.0-SNAPSHOT/hdds-container-service-1.3.0-SNAPSHOT.jar:/home/runner/.m2/repository/org/apache/ozone/hdds-hadoop-dependency-server/1.3.0-SNAPSHOT/hdds-hadoop-dependency-server-1.3.0-SNAPSHOT.jar:/home/runner/.m2/repository/org/apache/hadoop/hadoop-hdfs/3.3.1/hadoop-hdfs-3.3.1.jar:/home/runner/.m2/repository/org/apache/ozone/hdds-server-framework/1.3.0-SNAPSHOT/hdds-server-framework-1.3.0-SNAPSHOT.jar:/home/runner/.m2/repository/org/apache/ozone/hdds-interface-server/1.3.0-SNAPSHOT/hdds-interface-server-1.3.0-SNAPSHOT.jar:/home/runner/.m2/repository/org/apache/logging/log4j/log4j-core/2.17.1/log4j-core-2.17.1.jar:/home/runner/.m2/repository/com/lmax/disruptor/3.4.2/disruptor-3.4.2.jar:/home/runner/.m2/repository/org/eclipse/jetty/jetty-servlet/9.4.43.v20210629/jetty-servlet-9.4.43.v20210629.jar:/home/runner/.m2/repository/org/eclipse/jetty/jetty-security/9.4.43.v20210629/jetty-security-9.4.43.v20210629.jar:/home/runner/.m2/repository/org/rocksdb/rocksdbjni/7.4.5/rocksdbjni-7.4.5.jar:/home/runner/.m2/repository/io/prometheus/simpleclient_dropwizard/0.7.0/simpleclient_dropwizard-0.7.0.jar:/home/runner/.m2/repository/io/prometheus/simpleclient/0.7.0/simpleclient-0.7.0.jar:/home/runner/.m2/repository/io/prometheus/simpleclient_common/0.7.0/simpleclient_common-0.7.0.jar:/home/runner/.m2/repository/io/dropwizard/metrics/metrics-core/3.2.4/metrics-core-3.2.4.jar:/home/runner/.m2/repository/org/apache/hadoop/hadoop-hdfs-client/3.3.1/hadoop-hdfs-client-3.3.1.jar:/home/runner/.m2/repository/org/bouncycastle/bcprov-jdk15on/1.67/bcprov-jdk15on-1.67.jar:/home/runner/.m2/repository/com/google/protobuf/protobuf-java/2.5.0/protobuf-java-2.5.0.jar:/home/runner/.m2/repository/org/apache/ozone/ozone-manager/1.3.0-SNAPSHOT/ozone-manager-1.3.0-SNAPSHOT.jar:/home/runner/.m2/repository/org/aspectj/aspectjrt/1.9.7/aspectjrt-1.9.7.jar:/home/runner/.m2/repository/org/aspectj/aspectjweaver/1.9.7/aspectjweaver-1.9.7.jar:/home/runner/.m2/repository/org/apache/ozone/hdds-interface-client/1.3.0-SNAPSHOT/hdds-interface-client-1.3.0-SNAPSHOT.jar:/home/runner/.m2/repository/org/apache/hadoop/thirdparty/hadoop-shaded-protobuf_3_7/1.1.1/hadoop-shaded-protobuf_3_7-1.1.1.jar:/home/runner/.m2/repository/org/apache/ozone/ozone-interface-storage/1.3.0-SNAPSHOT/ozone-interface-storage-1.3.0-SNAPSHOT.jar:/home/runner/.m2/repository/org/reflections/reflections/0.9.11/reflections-0.9.11.jar:/home/runner/.m2/repository/com/sun/jersey/jersey-client/1.19/jersey-client-1.19.jar:/home/runner/.m2/repository/org/apache/ranger/ranger-intg/2.3.0/ranger-intg-2.3.0.jar:/home/runner/.m2/repository/org/apache/ranger/ranger-plugins-common/2.3.0/ranger-plugins-common-2.3.0.jar:/home/runner/.m2/repository/commons-lang/commons-lang/2.6/commons-lang-2.6.jar:/home/runner/.m2/repository/org/codehaus/jackson/jackson-jaxrs/1.9.13/jackson-jaxrs-1.9.13.jar:/home/runner/.m2/repository/org/apache/ranger/ranger-plugins-cred/2.3.0/ranger-plugins-cred-2.3.0.jar:/home/runner/.m2/repository/org/apache/ranger/ranger-plugins-audit/2.3.0/ranger-plugins-audit-2.3.0.jar:/home/runner/.m2/repository/org/eclipse/jetty/jetty-client/9.4.31.v20200723/jetty-client-9.4.31.v20200723.jar:/home/runner/.m2/repository/org/apache/httpcomponents/httpmime/4.5.6/httpmime-4.5.6.jar:/home/runner/.m2/repository/org/apache/httpcomponents/httpcore-nio/4.4.6/httpcore-nio-4.4.6.jar:/home/runner/.m2/repository/org/apache/httpcomponents/httpasyncclient/4.1.3/httpasyncclient-4.1.3.jar:/home/runner/.m2/repository/com/carrotsearch/hppc/0.8.0/hppc-0.8.0.jar:/home/runner/.m2/repository/org/apache/orc/orc-core/1.5.8/orc-core-1.5.8.jar:/home/runner/.m2/repository/net/java/dev/jna/jna/5.2.0/jna-5.2.0.jar:/home/runner/.m2/repository/net/java/dev/jna/jna-platform/5.2.0/jna-platform-5.2.0.jar:/home/runner/.m2/repository/com/kstruct/gethostname4j/0.0.2/gethostname4j-0.0.2.jar:/home/runner/.m2/repository/org/apache/ranger/ranger-plugin-classloader/2.3.0/ranger-plugin-classloader-2.3.0.jar:/home/runner/.m2/repository/org/apache/hadoop/hadoop-minikdc/3.3.1/hadoop-minikdc-3.3.1.jar:/home/runner/.m2/repository/org/apache/kerby/kerb-simplekdc/1.0.1/kerb-simplekdc-1.0.1.jar:/home/runner/.m2/repository/org/apache/kerby/kerb-client/1.0.1/kerb-client-1.0.1.jar:/home/runner/.m2/repository/org/apache/kerby/kerby-config/1.0.1/kerby-config-1.0.1.jar:/home/runner/.m2/repository/org/apache/kerby/kerb-common/1.0.1/kerb-common-1.0.1.jar:/home/runner/.m2/repository/org/apache/kerby/kerb-crypto/1.0.1/kerb-crypto-1.0.1.jar:/home/runner/.m2/repository/org/apache/kerby/kerb-util/1.0.1/kerb-util-1.0.1.jar:/home/runner/.m2/repository/org/apache/kerby/token-provider/1.0.1/token-provider-1.0.1.jar:/home/runner/.m2/repository/org/apache/kerby/kerb-admin/1.0.1/kerb-admin-1.0.1.jar:/home/runner/.m2/repository/org/apache/kerby/kerb-server/1.0.1/kerb-server-1.0.1.jar:/home/runner/.m2/repository/org/apache/kerby/kerb-identity/1.0.1/kerb-identity-1.0.1.jar:/home/runner/.m2/repository/org/apache/kerby/kerby-xdr/1.0.1/kerby-xdr-1.0.1.jar:/home/runner/.m2/repository/org/slf4j/slf4j-log4j12/1.7.30/slf4j-log4j12-1.7.30.jar:/home/runner/.m2/repository/org/apache/ozone/ozone-s3gateway/1.3.0-SNAPSHOT/ozone-s3gateway-1.3.0-SNAPSHOT.jar:/home/runner/.m2/repository/org/javassist/javassist/3.21.0-GA/javassist-3.21.0-GA.jar:/home/runner/.m2/repository/org/jboss/weld/servlet/weld-servlet/2.4.7.Final/weld-servlet-2.4.7.Final.jar:/home/runner/.m2/repository/org/glassfish/jersey/containers/jersey-container-servlet-core/2.33/jersey-container-servlet-core-2.33.jar:/home/runner/.m2/repository/org/glassfish/hk2/external/jakarta.inject/2.6.1/jakarta.inject-2.6.1.jar:/home/runner/.m2/repository/org/glassfish/jersey/core/jersey-common/2.33/jersey-common-2.33.jar:/home/runner/.m2/repository/jakarta/ws/rs/jakarta.ws.rs-api/2.1.6/jakarta.ws.rs-api-2.1.6.jar:/home/runner/.m2/repository/org/glassfish/jersey/ext/cdi/jersey-cdi1x/2.33/jersey-cdi1x-2.33.jar:/home/runner/.m2/repository/org/glassfish/jersey/inject/jersey-hk2/2.33/jersey-hk2-2.33.jar:/home/runner/.m2/repository/org/glassfish/hk2/hk2-locator/2.6.1/hk2-locator-2.6.1.jar:/home/runner/.m2/repository/org/glassfish/jersey/media/jersey-media-jaxb/2.33/jersey-media-jaxb-2.33.jar:/home/runner/.m2/repository/org/glassfish/hk2/osgi-resource-locator/1.0.3/osgi-resource-locator-1.0.3.jar:/home/runner/.m2/repository/org/glassfish/hk2/hk2-api/2.5.0/hk2-api-2.5.0.jar:/home/runner/.m2/repository/org/glassfish/hk2/hk2-utils/2.5.0/hk2-utils-2.5.0.jar:/home/runner/.m2/repository/org/glassfish/hk2/external/aopalliance-repackaged/2.5.0/aopalliance-repackaged-2.5.0.jar:/home/runner/.m2/repository/com/fasterxml/jackson/dataformat/jackson-dataformat-xml/2.13.2/jackson-dataformat-xml-2.13.2.jar:/home/runner/.m2/repository/com/fasterxml/jackson/core/jackson-core/2.13.2/jackson-core-2.13.2.jar:/home/runner/.m2/repository/org/codehaus/woodstox/stax2-api/3.1.4/stax2-api-3.1.4.jar:/home/runner/.m2/repository/com/fasterxml/woodstox/woodstox-core/5.0.3/woodstox-core-5.0.3.jar:/home/runner/.m2/repository/com/fasterxml/jackson/module/jackson-module-jaxb-annotations/2.13.2/jackson-module-jaxb-annotations-2.13.2.jar:/home/runner/.m2/repository/jakarta/xml/bind/jakarta.xml.bind-api/2.3.3/jakarta.xml.bind-api-2.3.3.jar:/home/runner/.m2/repository/jakarta/activation/jakarta.activation-api/1.2.1/jakarta.activation-api-1.2.1.jar:/home/runner/.m2/repository/javax/enterprise/cdi-api/1.2/cdi-api-1.2.jar:/home/runner/.m2/repository/javax/el/javax.el-api/3.0.0/javax.el-api-3.0.0.jar:/home/runner/.m2/repository/javax/interceptor/javax.interceptor-api/1.2/javax.interceptor-api-1.2.jar:/home/runner/.m2/repository/javax/inject/javax.inject/1/javax.inject-1.jar:/home/runner/.m2/repository/javax/xml/bind/jaxb-api/2.3.0/jaxb-api-2.3.0.jar:/home/runner/.m2/repository/org/glassfish/jaxb/jaxb-runtime/2.3.0.1/jaxb-runtime-2.3.0.1.jar:/home/runner/.m2/repository/org/glassfish/jaxb/jaxb-core/2.3.0.1/jaxb-core-2.3.0.1.jar:/home/runner/.m2/repository/org/glassfish/jaxb/txw2/2.3.0.1/txw2-2.3.0.1.jar:/home/runner/.m2/repository/com/sun/istack/istack-commons-runtime/3.0.5/istack-commons-runtime-3.0.5.jar:/home/runner/.m2/repository/org/jvnet/staxex/stax-ex/1.7.8/stax-ex-1.7.8.jar:/home/runner/.m2/repository/com/sun/xml/fastinfoset/FastInfoset/1.2.13/FastInfoset-1.2.13.jar:/home/runner/.m2/repository/javax/activation/activation/1.1.1/activation-1.1.1.jar:/home/runner/.m2/repository/io/grpc/grpc-protobuf/1.48.1/grpc-protobuf-1.48.1.jar:/home/runner/.m2/repository/io/grpc/grpc-api/1.48.1/grpc-api-1.48.1.jar:/home/runner/.m2/repository/io/grpc/grpc-context/1.48.1/grpc-context-1.48.1.jar:/home/runner/.m2/repository/com/google/api/grpc/proto-google-common-protos/2.9.0/proto-google-common-protos-2.9.0.jar:/home/runner/.m2/repository/io/grpc/grpc-protobuf-lite/1.48.1/grpc-protobuf-lite-1.48.1.jar:/home/runner/.m2/repository/io/grpc/grpc-stub/1.48.1/grpc-stub-1.48.1.jar:/home/runner/.m2/repository/io/netty/netty-transport/4.1.79.Final/netty-transport-4.1.79.Final.jar:/home/runner/.m2/repository/io/netty/netty-resolver/4.1.79.Final/netty-resolver-4.1.79.Final.jar:/home/runner/.m2/repository/org/apache/ozone/ozone-csi/1.3.0-SNAPSHOT/ozone-csi-1.3.0-SNAPSHOT.jar:/home/runner/.m2/repository/com/google/protobuf/protobuf-java-util/3.19.2/protobuf-java-util-3.19.2.jar:/home/runner/.m2/repository/com/google/code/gson/gson/2.9.0/gson-2.9.0.jar:/home/runner/.m2/repository/org/apache/ozone/hdds-config/1.3.0-SNAPSHOT/hdds-config-1.3.0-SNAPSHOT.jar:/home/runner/.m2/repository/io/netty/netty-transport-native-epoll/4.1.79.Final/netty-transport-native-epoll-4.1.79.Final-linux-x86_64.jar:/home/runner/.m2/repository/io/netty/netty-transport-classes-epoll/4.1.79.Final/netty-transport-classes-epoll-4.1.79.Final.jar:/home/runner/.m2/repository/io/netty/netty-transport-native-unix-common/4.1.79.Final/netty-transport-native-unix-common-4.1.79.Final.jar:/home/runner/.m2/repository/org/apache/ozone/ozone-recon/1.3.0-SNAPSHOT/ozone-recon-1.3.0-SNAPSHOT.jar:/home/runner/.m2/repository/org/apache/ozone/ozone-reconcodegen/1.3.0-SNAPSHOT/ozone-reconcodegen-1.3.0-SNAPSHOT.jar:/home/runner/.m2/repository/com/google/inject/extensions/guice-multibindings/4.0/guice-multibindings-4.0.jar:/home/runner/.m2/repository/com/google/inject/guice/4.0/guice-4.0.jar:/home/runner/.m2/repository/aopalliance/aopalliance/1.0/aopalliance-1.0.jar:/home/runner/.m2/repository/com/google/inject/extensions/guice-assistedinject/4.0/guice-assistedinject-4.0.jar:/home/runner/.m2/repository/com/google/inject/extensions/guice-servlet/4.0/guice-servlet-4.0.jar:/home/runner/.m2/repository/org/glassfish/jersey/containers/jersey-container-servlet/2.33/jersey-container-servlet-2.33.jar:/home/runner/.m2/repository/org/glassfish/hk2/guice-bridge/2.5.0/guice-bridge-2.5.0.jar:/home/runner/.m2/repository/org/glassfish/jersey/core/jersey-server/2.33/jersey-server-2.33.jar:/home/runner/.m2/repository/org/glassfish/jersey/core/jersey-client/2.33/jersey-client-2.33.jar:/home/runner/.m2/repository/jakarta/annotation/jakarta.annotation-api/1.3.5/jakarta.annotation-api-1.3.5.jar:/home/runner/.m2/repository/jakarta/validation/jakarta.validation-api/2.0.2/jakarta.validation-api-2.0.2.jar:/home/runner/.m2/repository/org/glassfish/jersey/media/jersey-media-json-jackson/2.33/jersey-media-json-jackson-2.33.jar:/home/runner/.m2/repository/org/glassfish/jersey/ext/jersey-entity-filtering/2.33/jersey-entity-filtering-2.33.jar:/home/runner/.m2/repository/org/jooq/jooq/3.11.10/jooq-3.11.10.jar:/home/runner/.m2/repository/org/jooq/jooq-meta/3.11.10/jooq-meta-3.11.10.jar:/home/runner/.m2/repository/org/jooq/jooq-codegen/3.11.10/jooq-codegen-3.11.10.jar:/home/runner/.m2/repository/com/jolbox/bonecp/0.8.0.RELEASE/bonecp-0.8.0.RELEASE.jar:/home/runner/.m2/repository/org/apache/derby/derby/10.14.2.0/derby-10.14.2.0.jar:/home/runner/.m2/repository/org/xerial/sqlite-jdbc/3.25.2/sqlite-jdbc-3.25.2.jar:/home/runner/.m2/repository/org/springframework/spring-jdbc/5.2.20.RELEASE/spring-jdbc-5.2.20.RELEASE.jar:/home/runner/.m2/repository/org/springframework/spring-beans/5.2.20.RELEASE/spring-beans-5.2.20.RELEASE.jar:/home/runner/.m2/repository/org/springframework/spring-core/5.2.20.RELEASE/spring-core-5.2.20.RELEASE.jar:/home/runner/.m2/repository/org/springframework/spring-jcl/5.2.20.RELEASE/spring-jcl-5.2.20.RELEASE.jar:/home/runner/.m2/repository/org/springframework/spring-tx/5.2.20.RELEASE/spring-tx-5.2.20.RELEASE.jar:/home/runner/.m2/repository/org/apache/ozone/ozone-client/1.3.0-SNAPSHOT/ozone-client-1.3.0-SNAPSHOT.jar:/home/runner/.m2/repository/org/apache/ozone/hdds-erasurecode/1.3.0-SNAPSHOT/hdds-erasurecode-1.3.0-SNAPSHOT.jar:/home/runner/.m2/repository/com/github/spotbugs/spotbugs-annotations/3.1.12/spotbugs-annotations-3.1.12.jar:/home/runner/.m2/repository/org/apache/ozone/ozone-filesystem/1.3.0-SNAPSHOT/ozone-filesystem-1.3.0-SNAPSHOT.jar:/home/runner/.m2/repository/org/apache/ozone/ozone-filesystem-common/1.3.0-SNAPSHOT/ozone-filesystem-common-1.3.0-SNAPSHOT.jar:/home/runner/.m2/repository/org/apache/ozone/ozone-tools/1.3.0-SNAPSHOT/ozone-tools-1.3.0-SNAPSHOT.jar:/home/runner/.m2/repository/org/apache/ratis/ratis-tools/2.3.0/ratis-tools-2.3.0.jar:/home/runner/.m2/repository/com/amazonaws/aws-java-sdk-core/1.12.261/aws-java-sdk-core-1.12.261.jar:/home/runner/.m2/repository/org/apache/httpcomponents/httpclient/4.5.13/httpclient-4.5.13.jar:/home/runner/.m2/repository/org/apache/httpcomponents/httpcore/4.4.13/httpcore-4.4.13.jar:/home/runner/.m2/repository/software/amazon/ion/ion-java/1.0.2/ion-java-1.0.2.jar:/home/runner/.m2/repository/com/fasterxml/jackson/dataformat/jackson-dataformat-cbor/2.13.2/jackson-dataformat-cbor-2.13.2.jar:/home/runner/.m2/repository/joda-time/joda-time/2.8.1/joda-time-2.8.1.jar:/home/runner/.m2/repository/com/amazonaws/aws-java-sdk-s3/1.12.261/aws-java-sdk-s3-1.12.261.jar:/home/runner/.m2/repository/com/amazonaws/aws-java-sdk-kms/1.12.261/aws-java-sdk-kms-1.12.261.jar:/home/runner/.m2/repository/com/amazonaws/jmespath-java/1.12.261/jmespath-java-1.12.261.jar:/home/runner/.m2/repository/org/kohsuke/metainf-services/metainf-services/1.8/metainf-services-1.8.jar:/home/runner/.m2/repository/org/apache/ozone/hdds-tools/1.3.0-SNAPSHOT/hdds-tools-1.3.0-SNAPSHOT.jar:/home/runner/.m2/repository/commons-cli/commons-cli/1.2/commons-cli-1.2.jar:/home/runner/.m2/repository/org/apache/commons/commons-lang3/3.7/commons-lang3-3.7.jar:/home/runner/.m2/repository/org/apache/ozone/ozone-manager/1.3.0-SNAPSHOT/ozone-manager-1.3.0-SNAPSHOT-tests.jar:/home/runner/.m2/repository/org/apache/ozone/hdds-common/1.3.0-SNAPSHOT/hdds-common-1.3.0-SNAPSHOT-tests.jar:/home/runner/.m2/repository/org/apache/ozone/hdds-hadoop-dependency-client/1.3.0-SNAPSHOT/hdds-hadoop-dependency-client-1.3.0-SNAPSHOT.jar:/home/runner/.m2/repository/info/picocli/picocli/4.6.1/picocli-4.6.1.jar:/home/runner/.m2/repository/com/fasterxml/jackson/core/jackson-annotations/2.13.2/jackson-annotations-2.13.2.jar:/home/runner/.m2/repository/com/fasterxml/jackson/datatype/jackson-datatype-jsr310/2.13.2/jackson-datatype-jsr310-2.13.2.jar:/home/runner/.m2/repository/org/apache/ozone/hdds-annotation-processing/1.3.0-SNAPSHOT/hdds-annotation-processing-1.3.0-SNAPSHOT.jar:/home/runner/.m2/repository/javax/annotation/javax.annotation-api/1.2/javax.annotation-api-1.2.jar:/home/runner/.m2/repository/org/apache/ratis/ratis-server/2.3.0/ratis-server-2.3.0.jar:/home/runner/.m2/repository/org/apache/ratis/ratis-client/2.3.0/ratis-client-2.3.0.jar:/home/runner/.m2/repository/org/apache/ratis/ratis-server-api/2.3.0/ratis-server-api-2.3.0.jar:/home/runner/.m2/repository/org/apache/ratis/ratis-metrics/2.3.0/ratis-metrics-2.3.0.jar:/home/runner/.m2/repository/org/apache/ratis/ratis-netty/2.3.0/ratis-netty-2.3.0.jar:/home/runner/.m2/repository/org/apache/ratis/ratis-grpc/2.3.0/ratis-grpc-2.3.0.jar:/home/runner/.m2/repository/org/apache/logging/log4j/log4j-api/2.17.1/log4j-api-2.17.1.jar:/home/runner/.m2/repository/org/apache/commons/commons-pool2/2.6.0/commons-pool2-2.6.0.jar:/home/runner/.m2/repository/org/bouncycastle/bcpkix-jdk15on/1.67/bcpkix-jdk15on-1.67.jar:/home/runner/.m2/repository/commons-validator/commons-validator/1.6/commons-validator-1.6.jar:/home/runner/.m2/repository/commons-beanutils/commons-beanutils/1.9.4/commons-beanutils-1.9.4.jar:/home/runner/.m2/repository/commons-digester/commons-digester/1.8.1/commons-digester-1.8.1.jar:/home/runner/.m2/repository/commons-collections/commons-collections/3.2.2/commons-collections-3.2.2.jar:/home/runner/.m2/repository/io/jaegertracing/jaeger-client/1.6.0/jaeger-client-1.6.0.jar:/home/runner/.m2/repository/io/jaegertracing/jaeger-thrift/1.6.0/jaeger-thrift-1.6.0.jar:/home/runner/.m2/repository/org/apache/thrift/libthrift/0.14.1/libthrift-0.14.1.jar:/home/runner/.m2/repository/com/squareup/okhttp3/okhttp/4.9.0/okhttp-4.9.0.jar:/home/runner/.m2/repository/com/squareup/okio/okio/2.8.0/okio-2.8.0.jar:/home/runner/.m2/repository/io/jaegertracing/jaeger-core/1.6.0/jaeger-core-1.6.0.jar:/home/runner/.m2/repository/io/jaegertracing/jaeger-tracerresolver/1.6.0/jaeger-tracerresolver-1.6.0.jar:/home/runner/.m2/repository/io/opentracing/contrib/opentracing-tracerresolver/0.1.8/opentracing-tracerresolver-0.1.8.jar:/home/runner/.m2/repository/org/jetbrains/kotlin/kotlin-stdlib/1.6.21/kotlin-stdlib-1.6.21.jar:/home/runner/.m2/repository/org/jetbrains/kotlin/kotlin-stdlib-common/1.6.21/kotlin-stdlib-common-1.6.21.jar:/home/runner/.m2/repository/org/jetbrains/annotations/13.0/annotations-13.0.jar:/home/runner/.m2/repository/io/opentracing/opentracing-util/0.33.0/opentracing-util-0.33.0.jar:/home/runner/.m2/repository/io/opentracing/opentracing-api/0.33.0/opentracing-api-0.33.0.jar:/home/runner/.m2/repository/io/opentracing/opentracing-noop/0.33.0/opentracing-noop-0.33.0.jar:/home/runner/.m2/repository/org/yaml/snakeyaml/1.26/snakeyaml-1.26.jar:/home/runner/.m2/repository/org/apache/ozone/hdds-interface-admin/1.3.0-SNAPSHOT/hdds-interface-admin-1.3.0-SNAPSHOT.jar:/home/runner/.m2/repository/junit/junit/4.13.1/junit-4.13.1.jar:/home/runner/.m2/repository/org/hamcrest/hamcrest-core/1.3/hamcrest-core-1.3.jar:/home/runner/.m2/repository/org/junit/jupiter/junit-jupiter-api/5.8.2/junit-jupiter-api-5.8.2.jar:/home/runner/.m2/repository/org/opentest4j/opentest4j/1.2.0/opentest4j-1.2.0.jar:/home/runner/.m2/repository/org/junit/platform/junit-platform-commons/1.8.2/junit-platform-commons-1.8.2.jar:/home/runner/.m2/repository/org/apiguardian/apiguardian-api/1.1.2/apiguardian-api-1.1.2.jar:/home/runner/.m2/repository/org/junit/jupiter/junit-jupiter-params/5.8.2/junit-jupiter-params-5.8.2.jar:/home/runner/.m2/repository/org/junit/jupiter/junit-jupiter-migrationsupport/5.8.2/junit-jupiter-migrationsupport-5.8.2.jar:/home/runner/.m2/repository/org/junit/jupiter/junit-jupiter-engine/5.8.2/junit-jupiter-engine-5.8.2.jar:/home/runner/.m2/repository/org/junit/platform/junit-platform-engine/1.8.2/junit-platform-engine-1.8.2.jar:/home/runner/.m2/repository/org/junit/vintage/junit-vintage-engine/5.8.2/junit-vintage-engine-5.8.2.jar:/home/runner/.m2/repository/org/junit/platform/junit-platform-launcher/1.8.2/junit-platform-launcher-1.8.2.jar:/home/runner/.m2/repository/org/mockito/mockito-core/2.28.2/mockito-core-2.28.2.jar:/home/runner/.m2/repository/net/bytebuddy/byte-buddy/1.9.10/byte-buddy-1.9.10.jar:/home/runner/.m2/repository/net/bytebuddy/byte-buddy-agent/1.9.10/byte-buddy-agent-1.9.10.jar:/home/runner/.m2/repository/org/objenesis/objenesis/1.0/objenesis-1.0.jar:/home/runner/.m2/repository/org/apache/hadoop/hadoop-kms/3.3.1/hadoop-kms-3.3.1.jar:/home/runner/.m2/repository/org/apache/hadoop/hadoop-auth/3.3.1/hadoop-auth-3.3.1.jar:/home/runner/.m2/repository/com/nimbusds/nimbus-jose-jwt/7.9/nimbus-jose-jwt-7.9.jar:/home/runner/.m2/repository/com/github/stephenc/jcip/jcip-annotations/1.0-1/jcip-annotations-1.0-1.jar:/home/runner/.m2/repository/net/minidev/json-smart/2.4.7/json-smart-2.4.7.jar:/home/runner/.m2/repository/net/minidev/accessors-smart/2.4.7/accessors-smart-2.4.7.jar:/home/runner/.m2/repository/org/ow2/asm/asm/5.0.4/asm-5.0.4.jar:/home/runner/.m2/repository/org/apache/zookeeper/zookeeper/3.5.6/zookeeper-3.5.6.jar:/home/runner/.m2/repository/org/apache/zookeeper/zookeeper-jute/3.5.6/zookeeper-jute-3.5.6.jar:/home/runner/.m2/repository/org/apache/yetus/audience-annotations/0.5.0/audience-annotations-0.5.0.jar:/home/runner/.m2/repository/org/apache/curator/curator-framework/4.2.0/curator-framework-4.2.0.jar:/home/runner/.m2/repository/org/apache/hadoop/thirdparty/hadoop-shaded-guava/1.1.1/hadoop-shaded-guava-1.1.1.jar:/home/runner/.m2/repository/com/sun/jersey/jersey-core/1.19/jersey-core-1.19.jar:/home/runner/.m2/repository/javax/ws/rs/jsr311-api/1.1.1/jsr311-api-1.1.1.jar:/home/runner/.m2/repository/com/sun/jersey/jersey-server/1.19/jersey-server-1.19.jar:/home/runner/.m2/repository/javax/servlet/javax.servlet-api/3.1.0/javax.servlet-api-3.1.0.jar:/home/runner/.m2/repository/org/eclipse/jetty/jetty-server/9.4.43.v20210629/jetty-server-9.4.43.v20210629.jar:/home/runner/.m2/repository/org/eclipse/jetty/jetty-http/9.4.43.v20210629/jetty-http-9.4.43.v20210629.jar:/home/runner/.m2/repository/org/eclipse/jetty/jetty-io/9.4.43.v20210629/jetty-io-9.4.43.v20210629.jar:/home/runner/.m2/repository/org/eclipse/jetty/jetty-webapp/9.4.43.v20210629/jetty-webapp-9.4.43.v20210629.jar:/home/runner/.m2/repository/org/eclipse/jetty/jetty-xml/9.4.43.v20210629/jetty-xml-9.4.43.v20210629.jar:/home/runner/.m2/repository/org/apache/hadoop/hadoop-common/3.3.1/hadoop-common-3.3.1.jar:/home/runner/.m2/repository/org/apache/commons/commons-math3/3.1.1/commons-math3-3.1.1.jar:/home/runner/.m2/repository/commons-net/commons-net/3.6/commons-net-3.6.jar:/home/runner/.m2/repository/com/sun/jersey/jersey-servlet/1.19/jersey-servlet-1.19.jar:/home/runner/.m2/repository/com/sun/jersey/jersey-json/1.19/jersey-json-1.19.jar:/home/runner/.m2/repository/org/codehaus/jettison/jettison/1.1/jettison-1.1.jar:/home/runner/.m2/repository/com/sun/xml/bind/jaxb-impl/2.2.3-1/jaxb-impl-2.2.3-1.jar:/home/runner/.m2/repository/org/codehaus/jackson/jackson-xc/1.9.2/jackson-xc-1.9.2.jar:/home/runner/.m2/repository/org/apache/commons/commons-configuration2/2.1.1/commons-configuration2-2.1.1.jar:/home/runner/.m2/repository/org/apache/commons/commons-text/1.4/commons-text-1.4.jar:/home/runner/.m2/repository/com/google/re2j/re2j/1.1/re2j-1.1.jar:/home/runner/.m2/repository/com/jcraft/jsch/0.1.54/jsch-0.1.54.jar:/home/runner/.m2/repository/org/apache/curator/curator-client/4.2.0/curator-client-4.2.0.jar:/home/runner/.m2/repository/org/apache/curator/curator-recipes/4.2.0/curator-recipes-4.2.0.jar:/home/runner/.m2/repository/org/apache/kerby/kerb-core/1.0.1/kerb-core-1.0.1.jar:/home/runner/.m2/repository/org/apache/kerby/kerby-pkix/1.0.1/kerby-pkix-1.0.1.jar:/home/runner/.m2/repository/org/apache/kerby/kerby-asn1/1.0.1/kerby-asn1-1.0.1.jar:/home/runner/.m2/repository/org/apache/kerby/kerby-util/1.0.1/kerby-util-1.0.1.jar:/home/runner/.m2/repository/dnsjava/dnsjava/2.1.7/dnsjava-2.1.7.jar:/home/runner/.m2/repository/org/xerial/snappy/snappy-java/1.1.8.2/snappy-java-1.1.8.2.jar:/home/runner/.m2/repository/org/slf4j/jul-to-slf4j/1.7.30/jul-to-slf4j-1.7.30.jar:/home/runner/.m2/repository/org/eclipse/jetty/jetty-util/9.4.43.v20210629/jetty-util-9.4.43.v20210629.jar:/home/runner/.m2/repository/com/fasterxml/jackson/core/jackson-databind/2.13.2.2/jackson-databind-2.13.2.2.jar:/home/runner/.m2/repository/org/apache/hadoop/hadoop-kms/3.3.1/hadoop-kms-3.3.1-tests.jar:/home/runner/.m2/repository/org/apache/ozone/hdds-server-scm/1.3.0-SNAPSHOT/hdds-server-scm-1.3.0-SNAPSHOT-tests.jar:/home/runner/.m2/repository/org/apache/ozone/hdds-container-service/1.3.0-SNAPSHOT/hdds-container-service-1.3.0-SNAPSHOT-tests.jar:/home/runner/.m2/repository/commons-codec/commons-codec/1.11/commons-codec-1.11.jar:/home/runner/.m2/repository/io/netty/netty-codec/4.1.79.Final/netty-codec-4.1.79.Final.jar:/home/runner/.m2/repository/io/netty/netty-handler/4.1.79.Final/netty-handler-4.1.79.Final.jar:/home/runner/.m2/repository/org/apache/ozone/hdds-hadoop-dependency-test/1.3.0-SNAPSHOT/hdds-hadoop-dependency-test-1.3.0-SNAPSHOT.jar:/home/runner/.m2/repository/org/apache/hadoop/hadoop-common/3.3.1/hadoop-common-3.3.1-tests.jar:/home/runner/.m2/repository/org/assertj/assertj-core/3.12.2/assertj-core-3.12.2.jar:/home/runner/.m2/repository/org/apache/hadoop/hadoop-hdfs/3.3.1/hadoop-hdfs-3.3.1-tests.jar:/home/runner/.m2/repository/org/eclipse/jetty/jetty-util-ajax/9.4.43.v20210629/jetty-util-ajax-9.4.43.v20210629.jar:/home/runner/.m2/repository/commons-daemon/commons-daemon/1.0.13/commons-daemon-1.0.13.jar:/home/runner/.m2/repository/io/netty/netty/3.10.6.Final/netty-3.10.6.Final.jar:/home/runner/.m2/repository/io/netty/netty-all/4.1.79.Final/netty-all-4.1.79.Final.jar:/home/runner/.m2/repository/io/netty/netty-codec-dns/4.1.79.Final/netty-codec-dns-4.1.79.Final.jar:/home/runner/.m2/repository/io/netty/netty-codec-haproxy/4.1.79.Final/netty-codec-haproxy-4.1.79.Final.jar:/home/runner/.m2/repository/io/netty/netty-codec-memcache/4.1.79.Final/netty-codec-memcache-4.1.79.Final.jar:/home/runner/.m2/repository/io/netty/netty-codec-mqtt/4.1.79.Final/netty-codec-mqtt-4.1.79.Final.jar:/home/runner/.m2/repository/io/netty/netty-codec-redis/4.1.79.Final/netty-codec-redis-4.1.79.Final.jar:/home/runner/.m2/repository/io/netty/netty-codec-smtp/4.1.79.Final/netty-codec-smtp-4.1.79.Final.jar:/home/runner/.m2/repository/io/netty/netty-codec-stomp/4.1.79.Final/netty-codec-stomp-4.1.79.Final.jar:/home/runner/.m2/repository/io/netty/netty-codec-xml/4.1.79.Final/netty-codec-xml-4.1.79.Final.jar:/home/runner/.m2/repository/io/netty/netty-resolver-dns/4.1.79.Final/netty-resolver-dns-4.1.79.Final.jar:/home/runner/.m2/repository/io/netty/netty-transport-rxtx/4.1.79.Final/netty-transport-rxtx-4.1.79.Final.jar:/home/runner/.m2/repository/io/netty/netty-transport-sctp/4.1.79.Final/netty-transport-sctp-4.1.79.Final.jar:/home/runner/.m2/repository/io/netty/netty-transport-udt/4.1.79.Final/netty-transport-udt-4.1.79.Final.jar:/home/runner/.m2/repository/io/netty/netty-transport-classes-kqueue/4.1.79.Final/netty-transport-classes-kqueue-4.1.79.Final.jar:/home/runner/.m2/repository/io/netty/netty-resolver-dns-classes-macos/4.1.79.Final/netty-resolver-dns-classes-macos-4.1.79.Final.jar:/home/runner/.m2/repository/io/netty/netty-transport-native-epoll/4.1.79.Final/netty-transport-native-epoll-4.1.79.Final-linux-aarch_64.jar:/home/runner/.m2/repository/io/netty/netty-transport-native-kqueue/4.1.79.Final/netty-transport-native-kqueue-4.1.79.Final-osx-x86_64.jar:/home/runner/.m2/repository/io/netty/netty-transport-native-kqueue/4.1.79.Final/netty-transport-native-kqueue-4.1.79.Final-osx-aarch_64.jar:/home/runner/.m2/repository/io/netty/netty-resolver-dns-native-macos/4.1.79.Final/netty-resolver-dns-native-macos-4.1.79.Final-osx-x86_64.jar:/home/runner/.m2/repository/io/netty/netty-resolver-dns-native-macos/4.1.79.Final/netty-resolver-dns-native-macos-4.1.79.Final-osx-aarch_64.jar:/home/runner/.m2/repository/org/apache/htrace/htrace-core4/4.1.0-incubating/htrace-core4-4.1.0-incubating.jar:/home/runner/.m2/repository/org/fusesource/leveldbjni/leveldbjni-all/1.8/leveldbjni-all-1.8.jar:/home/runner/.m2/repository/org/apache/hadoop/hadoop-distcp/3.3.1/hadoop-distcp-3.3.1.jar:/home/runner/.m2/repository/org/apache/hadoop/hadoop-mapreduce-client-jobclient/3.3.1/hadoop-mapreduce-client-jobclient-3.3.1.jar:/home/runner/.m2/repository/org/apache/hadoop/hadoop-mapreduce-client-common/3.3.1/hadoop-mapreduce-client-common-3.3.1.jar:/home/runner/.m2/repository/org/apache/hadoop/hadoop-yarn-common/3.3.1/hadoop-yarn-common-3.3.1.jar:/home/runner/.m2/repository/org/apache/hadoop/hadoop-yarn-api/3.3.1/hadoop-yarn-api-3.3.1.jar:/home/runner/.m2/repository/com/sun/jersey/contribs/jersey-guice/1.19/jersey-guice-1.19.jar:/home/runner/.m2/repository/com/fasterxml/jackson/jaxrs/jackson-jaxrs-json-provider/2.13.2/jackson-jaxrs-json-provider-2.13.2.jar:/home/runner/.m2/repository/com/fasterxml/jackson/jaxrs/jackson-jaxrs-base/2.13.2/jackson-jaxrs-base-2.13.2.jar:/home/runner/.m2/repository/org/apache/hadoop/hadoop-yarn-client/3.3.1/hadoop-yarn-client-3.3.1.jar:/home/runner/.m2/repository/org/eclipse/jetty/websocket/websocket-client/9.4.40.v20210413/websocket-client-9.4.40.v20210413.jar:/home/runner/.m2/repository/org/eclipse/jetty/websocket/websocket-common/9.4.40.v20210413/websocket-common-9.4.40.v20210413.jar:/home/runner/.m2/repository/org/eclipse/jetty/websocket/websocket-api/9.4.40.v20210413/websocket-api-9.4.40.v20210413.jar:/home/runner/.m2/repository/org/jline/jline/3.9.0/jline-3.9.0.jar:/home/runner/.m2/repository/org/apache/hadoop/hadoop-mapreduce-client-core/3.3.1/hadoop-mapreduce-client-core-3.3.1.jar:/home/runner/.m2/repository/org/apache/avro/avro/1.7.7/avro-1.7.7.jar:/home/runner/.m2/repository/org/codehaus/jackson/jackson-core-asl/1.9.13/jackson-core-asl-1.9.13.jar:/home/runner/.m2/repository/org/codehaus/jackson/jackson-mapper-asl/1.9.13/jackson-mapper-asl-1.9.13.jar:/home/runner/.m2/repository/com/thoughtworks/paranamer/paranamer/2.3/paranamer-2.3.jar:/home/runner/.m2/repository/org/apache/hadoop/hadoop-annotations/3.3.1/hadoop-annotations-3.3.1.jar:/opt/hostedtoolcache/jdk/8.0.345/x64/jre/../lib/tools.jar:/home/runner/.m2/repository/org/apache/hadoop/hadoop-distcp/3.3.1/hadoop-distcp-3.3.1-tests.jar:/home/runner/.m2/repository/org/apache/ratis/ratis-common/2.3.0/ratis-common-2.3.0.jar:/home/runner/.m2/repository/org/apache/ratis/ratis-thirdparty-misc/1.0.0/ratis-thirdparty-misc-1.0.0.jar:/home/runner/.m2/repository/org/apache/ratis/ratis-proto/2.3.0/ratis-proto-2.3.0.jar:"/>
    <property name="sun.cpu.endian" value="little"/>
    <property name="user.home" value="/home/runner"/>
    <property name="user.language" value="en"/>
    <property name="java.specification.vendor" value="Oracle Corporation"/>
    <property name="java.home" value="/opt/hostedtoolcache/jdk/8.0.345/x64/jre"/>
    <property name="java.security.krb5.conf" value="/home/runner/work/ozone/ozone/hadoop-ozone/integration-test/target/test-classes/krb5.conf"/>
    <property name="basedir" value="/home/runner/work/ozone/ozone/hadoop-ozone/integration-test"/>
    <property name="file.separator" value="/"/>
    <property name="line.separator" value="&#10;"/>
    <property name="jdk.vendor.version" value="Zulu 8.64.0.19-CA-linux64"/>
    <property name="java.vm.specification.vendor" value="Oracle Corporation"/>
    <property name="java.specification.name" value="Java Platform API Specification"/>
    <property name="java.awt.graphicsenv" value="sun.awt.X11GraphicsEnvironment"/>
    <property name="skip.installnpx" value="true"/>
    <property name="surefire.real.class.path" value="/home/runner/work/ozone/ozone/hadoop-ozone/integration-test/target/surefire/surefirebooter9097371919600005947.jar:/home/runner/.m2/repository/org/jacoco/org.jacoco.agent/0.8.5/org.jacoco.agent-0.8.5-runtime.jar"/>
    <property name="hadoop.log.dir" value="/home/runner/work/ozone/ozone/hadoop-ozone/integration-test/target/log"/>
    <property name="sun.boot.class.path" value="/opt/hostedtoolcache/jdk/8.0.345/x64/jre/lib/resources.jar:/opt/hostedtoolcache/jdk/8.0.345/x64/jre/lib/rt.jar:/opt/hostedtoolcache/jdk/8.0.345/x64/jre/lib/sunrsasign.jar:/opt/hostedtoolcache/jdk/8.0.345/x64/jre/lib/jsse.jar:/opt/hostedtoolcache/jdk/8.0.345/x64/jre/lib/jce.jar:/opt/hostedtoolcache/jdk/8.0.345/x64/jre/lib/charsets.jar:/opt/hostedtoolcache/jdk/8.0.345/x64/jre/lib/jfr.jar:/opt/hostedtoolcache/jdk/8.0.345/x64/jre/lib/cat.jar:/opt/hostedtoolcache/jdk/8.0.345/x64/jre/classes"/>
    <property name="sun.management.compiler" value="HotSpot 64-Bit Tiered Compilers"/>
    <property name="skip.npx" value="true"/>
    <property name="java.runtime.version" value="1.8.0_345-b01"/>
    <property name="java.net.preferIPv4Stack" value="true"/>
    <property name="user.name" value="runner"/>
    <property name="path.separator" value=":"/>
    <property name="java.security.egd" value="file:///dev/urandom"/>
    <property name="os.version" value="5.15.0-1019-azure"/>
    <property name="java.endorsed.dirs" value="/opt/hostedtoolcache/jdk/8.0.345/x64/jre/lib/endorsed"/>
    <property name="java.runtime.name" value="OpenJDK Runtime Environment"/>
    <property name="file.encoding" value="UTF-8"/>
    <property name="java.vm.name" value="OpenJDK 64-Bit Server VM"/>
    <property name="test.build.webapps" value=""/>
    <property name="localRepository" value="/home/runner/.m2/repository"/>
    <property name="jetty.git.hash" value="526006ecfa3af7f1a27ef3a288e2bef7ea9dd7e8"/>
    <property name="java.vendor.url.bug" value="http://www.azul.com/support/"/>
    <property name="java.io.tmpdir" value="/tmp"/>
    <property name="require.test.libhadoop" value=""/>
    <property name="java.version" value="1.8.0_345"/>
    <property name="user.dir" value="/home/runner/work/ozone/ozone/hadoop-ozone/integration-test"/>
    <property name="os.arch" value="amd64"/>
    <property name="java.vm.specification.name" value="Java Virtual Machine Specification"/>
    <property name="test.build.classes" value="/home/runner/work/ozone/ozone/hadoop-ozone/integration-test/target/test-classes"/>
    <property name="java.awt.printerjob" value="sun.print.PSPrinterJob"/>
    <property name="sun.os.patch.level" value="unknown"/>
    <property name="hadoop.tmp.dir" value="/home/runner/work/ozone/ozone/hadoop-ozone/integration-test/target/tmp"/>
    <property name="java.library.path" value="/usr/java/packages/lib/amd64:/usr/lib64:/lib64:/lib:/usr/lib"/>
    <property name="java.vm.info" value="mixed mode"/>
    <property name="java.vendor" value="Azul Systems, Inc."/>
    <property name="java.vm.version" value="25.345-b01"/>
    <property name="java.ext.dirs" value="/opt/hostedtoolcache/jdk/8.0.345/x64/jre/lib/ext:/usr/java/packages/lib/ext"/>
    <property name="sun.io.unicode.encoding" value="UnicodeLittle"/>
    <property name="java.class.version" value="52.0"/>
  </properties>
  <testcase name="testPipelineFail" classname="org.apache.hadoop.hdds.scm.pipeline.TestNodeFailure" time="60.072">
    <failure type="org.opentest4j.AssertionFailedError"><![CDATA[org.opentest4j.AssertionFailedError: 
Test Failed: Timed out waiting for condition. Thread diagnostics:
Timestamp: 2022-09-14 01:15:28,151

"bba87d8c-0158-4ef8-bc32-b35d6e659061@group-3048ADE96EE0-StateMachineUpdater" daemon prio=5 tid=457 timed_waiting
java.lang.Thread.State: TIMED_WAITING
        at sun.misc.Unsafe.park(Native Method)
        at java.util.concurrent.locks.LockSupport.parkNanos(LockSupport.java:215)
        at java.util.concurrent.CompletableFuture$Signaller.block(CompletableFuture.java:1709)
        at java.util.concurrent.ForkJoinPool.managedBlock(ForkJoinPool.java:3323)
        at java.util.concurrent.CompletableFuture.timedGet(CompletableFuture.java:1788)
        at java.util.concurrent.CompletableFuture.get(CompletableFuture.java:1928)
        at org.apache.ratis.util.AwaitForSignal.await(AwaitForSignal.java:56)
        at org.apache.ratis.server.impl.StateMachineUpdater.waitForCommit(StateMachineUpdater.java:207)
        at org.apache.ratis.server.impl.StateMachineUpdater.run(StateMachineUpdater.java:176)
        at java.lang.Thread.run(Thread.java:750)
"Datanode ReportManager Thread - 2" daemon prio=5 tid=292 timed_waiting
java.lang.Thread.State: TIMED_WAITING
        at sun.misc.Unsafe.park(Native Method)
        at java.util.concurrent.locks.LockSupport.parkNanos(LockSupport.java:215)
        at java.util.concurrent.locks.AbstractQueuedSynchronizer$ConditionObject.awaitNanos(AbstractQueuedSynchronizer.java:2083)
        at java.util.concurrent.ScheduledThreadPoolExecutor$DelayedWorkQueue.take(ScheduledThreadPoolExecutor.java:1093)
        at java.util.concurrent.ScheduledThreadPoolExecutor$DelayedWorkQueue.take(ScheduledThreadPoolExecutor.java:809)
        at java.util.concurrent.ThreadPoolExecutor.getTask(ThreadPoolExecutor.java:1074)
        at java.util.concurrent.ThreadPoolExecutor.runWorker(ThreadPoolExecutor.java:1134)
        at java.util.concurrent.ThreadPoolExecutor$Worker.run(ThreadPoolExecutor.java:624)
        at java.lang.Thread.run(Thread.java:750)
"Over Replicated Processor" daemon prio=5 tid=20 timed_waiting
java.lang.Thread.State: TIMED_WAITING
        at java.lang.Object.wait(Native Method)
        at org.apache.hadoop.hdds.scm.container.replication.OverReplicatedProcessor.run(OverReplicatedProcessor.java:131)
        at java.lang.Thread.run(Thread.java:750)
"ChunkWriter-0-0" daemon prio=5 tid=351 in Object.wait()
java.lang.Thread.State: WAITING (on object monitor)
        at sun.misc.Unsafe.park(Native Method)
        at java.util.concurrent.locks.LockSupport.park(LockSupport.java:175)
        at java.util.concurrent.locks.AbstractQueuedSynchronizer$ConditionObject.await(AbstractQueuedSynchronizer.java:2044)
        at java.util.concurrent.LinkedBlockingDeque.takeFirst(LinkedBlockingDeque.java:492)
        at java.util.concurrent.LinkedBlockingDeque.take(LinkedBlockingDeque.java:680)
        at java.util.concurrent.ThreadPoolExecutor.getTask(ThreadPoolExecutor.java:1074)
        at java.util.concurrent.ThreadPoolExecutor.runWorker(ThreadPoolExecutor.java:1134)
        at java.util.concurrent.ThreadPoolExecutor$Worker.run(ThreadPoolExecutor.java:624)
        at java.lang.Thread.run(Thread.java:750)
"Session-HouseKeeper-cfb152b-1"  prio=5 tid=236 timed_waiting
java.lang.Thread.State: TIMED_WAITING
        at sun.misc.Unsafe.park(Native Method)
        at java.util.concurrent.locks.LockSupport.parkNanos(LockSupport.java:215)
        at java.util.concurrent.locks.AbstractQueuedSynchronizer$ConditionObject.awaitNanos(AbstractQueuedSynchronizer.java:2083)
        at java.util.concurrent.ScheduledThreadPoolExecutor$DelayedWorkQueue.take(ScheduledThreadPoolExecutor.java:1093)
        at java.util.concurrent.ScheduledThreadPoolExecutor$DelayedWorkQueue.take(ScheduledThreadPoolExecutor.java:809)
        at java.util.concurrent.ThreadPoolExecutor.getTask(ThreadPoolExecutor.java:1074)
        at java.util.concurrent.ThreadPoolExecutor.runWorker(ThreadPoolExecutor.java:1134)
        at java.util.concurrent.ThreadPoolExecutor$Worker.run(ThreadPoolExecutor.java:624)
        at java.lang.Thread.run(Thread.java:750)
"IPC Server handler 10 on default port 45685" daemon prio=5 tid=87 timed_waiting
java.lang.Thread.State: TIMED_WAITING
        at sun.misc.Unsafe.park(Native Method)
        at java.util.concurrent.locks.LockSupport.parkNanos(LockSupport.java:215)
        at java.util.concurrent.locks.AbstractQueuedSynchronizer$ConditionObject.awaitNanos(AbstractQueuedSynchronizer.java:2083)
        at java.util.concurrent.LinkedBlockingQueue.poll(LinkedBlockingQueue.java:467)
        at org.apache.hadoop.ipc.CallQueueManager.take(CallQueueManager.java:317)
        at org.apache.hadoop.ipc.Server$Handler.run(Server.java:2932)
"BlockDeletingService#2" daemon prio=5 tid=613 in Object.wait()
java.lang.Thread.State: WAITING (on object monitor)
        at sun.misc.Unsafe.park(Native Method)
        at java.util.concurrent.locks.LockSupport.park(LockSupport.java:175)
        at java.util.concurrent.locks.AbstractQueuedSynchronizer$ConditionObject.await(AbstractQueuedSynchronizer.java:2044)
        at java.util.concurrent.ScheduledThreadPoolExecutor$DelayedWorkQueue.take(ScheduledThreadPoolExecutor.java:1088)
        at java.util.concurrent.ScheduledThreadPoolExecutor$DelayedWorkQueue.take(ScheduledThreadPoolExecutor.java:809)
        at java.util.concurrent.ThreadPoolExecutor.getTask(ThreadPoolExecutor.java:1074)
        at java.util.concurrent.ThreadPoolExecutor.runWorker(ThreadPoolExecutor.java:1134)
        at java.util.concurrent.ThreadPoolExecutor$Worker.run(ThreadPoolExecutor.java:624)
        at java.lang.Thread.run(Thread.java:750)
"SCM Heartbeat Processing Thread - 0" daemon prio=5 tid=14 timed_waiting
java.lang.Thread.State: TIMED_WAITING
        at sun.misc.Unsafe.park(Native Method)
        at java.util.concurrent.locks.LockSupport.parkNanos(LockSupport.java:215)
        at java.util.concurrent.locks.AbstractQueuedSynchronizer$ConditionObject.awaitNanos(AbstractQueuedSynchronizer.java:2083)
        at java.util.concurrent.ScheduledThreadPoolExecutor$DelayedWorkQueue.take(ScheduledThreadPoolExecutor.java:1093)
        at java.util.concurrent.ScheduledThreadPoolExecutor$DelayedWorkQueue.take(ScheduledThreadPoolExecutor.java:809)
        at java.util.concurrent.ThreadPoolExecutor.getTask(ThreadPoolExecutor.java:1074)
        at java.util.concurrent.ThreadPoolExecutor.runWorker(ThreadPoolExecutor.java:1134)
        at java.util.concurrent.ThreadPoolExecutor$Worker.run(ThreadPoolExecutor.java:624)
        at java.lang.Thread.run(Thread.java:750)
"KeyDeletingService#0" daemon prio=5 tid=131 timed_waiting
java.lang.Thread.State: TIMED_WAITING
        at sun.misc.Unsafe.park(Native Method)
        at java.util.concurrent.locks.LockSupport.parkNanos(LockSupport.java:215)
        at java.util.concurrent.locks.AbstractQueuedSynchronizer$ConditionObject.awaitNanos(AbstractQueuedSynchronizer.java:2083)
        at java.util.concurrent.ScheduledThreadPoolExecutor$DelayedWorkQueue.take(ScheduledThreadPoolExecutor.java:1093)
        at java.util.concurrent.ScheduledThreadPoolExecutor$DelayedWorkQueue.take(ScheduledThreadPoolExecutor.java:809)
        at java.util.concurrent.ThreadPoolExecutor.getTask(ThreadPoolExecutor.java:1074)
        at java.util.concurrent.ThreadPoolExecutor.runWorker(ThreadPoolExecutor.java:1134)
        at java.util.concurrent.ThreadPoolExecutor$Worker.run(ThreadPoolExecutor.java:624)
        at java.lang.Thread.run(Thread.java:750)
"qtp1636538715-229-acceptor-0@28248e7d-ServerConnector@10238795{HTTP/1.1, (http/1.1)}{0.0.0.0:41515}" daemon prio=3 tid=229 runnable
java.lang.Thread.State: RUNNABLE
        at sun.nio.ch.ServerSocketChannelImpl.accept0(Native Method)
        at sun.nio.ch.ServerSocketChannelImpl.accept(ServerSocketChannelImpl.java:421)
        at sun.nio.ch.ServerSocketChannelImpl.accept(ServerSocketChannelImpl.java:249)
        at org.eclipse.jetty.server.ServerConnector.accept(ServerConnector.java:388)
        at org.eclipse.jetty.server.AbstractConnector$Acceptor.run(AbstractConnector.java:702)
        at org.eclipse.jetty.util.thread.QueuedThreadPool.runJob(QueuedThreadPool.java:883)
        at org.eclipse.jetty.util.thread.QueuedThreadPool$Runner.run(QueuedThreadPool.java:1034)
        at java.lang.Thread.run(Thread.java:750)
"Socket Reader #1 for port 0"  prio=5 tid=32 runnable
java.lang.Thread.State: RUNNABLE
        at sun.nio.ch.EPollArrayWrapper.epollWait(Native Method)
        at sun.nio.ch.EPollArrayWrapper.poll(EPollArrayWrapper.java:269)
        at sun.nio.ch.EPollSelectorImpl.doSelect(EPollSelectorImpl.java:93)
        at sun.nio.ch.SelectorImpl.lockAndDoSelect(SelectorImpl.java:86)
        at sun.nio.ch.SelectorImpl.select(SelectorImpl.java:97)
        at sun.nio.ch.SelectorImpl.select(SelectorImpl.java:101)
        at org.apache.hadoop.ipc.Server$Listener$Reader.doRunLoop(Server.java:1288)
        at org.apache.hadoop.ipc.Server$Listener$Reader.run(Server.java:1267)
"qtp122396887-311" daemon prio=5 tid=311 timed_waiting
java.lang.Thread.State: TIMED_WAITING
        at sun.misc.Unsafe.park(Native Method)
        at java.util.concurrent.locks.LockSupport.parkNanos(LockSupport.java:215)
        at java.util.concurrent.locks.AbstractQueuedSynchronizer$ConditionObject.awaitNanos(AbstractQueuedSynchronizer.java:2083)
        at org.eclipse.jetty.util.BlockingArrayQueue.poll(BlockingArrayQueue.java:382)
        at org.eclipse.jetty.util.thread.QueuedThreadPool$Runner.idleJobPoll(QueuedThreadPool.java:974)
        at org.eclipse.jetty.util.thread.QueuedThreadPool$Runner.run(QueuedThreadPool.java:1018)
        at java.lang.Thread.run(Thread.java:750)
"ef2e2c18-30bb-4738-b00f-992b0a4fb77a@group-BEF99EDA7C2C-LeaderStateImpl" daemon prio=5 tid=489 timed_waiting
java.lang.Thread.State: TIMED_WAITING
        at sun.misc.Unsafe.park(Native Method)
        at java.util.concurrent.locks.LockSupport.parkNanos(LockSupport.java:215)
        at java.util.concurrent.locks.AbstractQueuedSynchronizer$ConditionObject.awaitNanos(AbstractQueuedSynchronizer.java:2083)
        at java.util.concurrent.ArrayBlockingQueue.poll(ArrayBlockingQueue.java:418)
        at org.apache.ratis.server.impl.LeaderStateImpl$EventQueue.poll(LeaderStateImpl.java:159)
        at org.apache.ratis.server.impl.LeaderStateImpl$EventProcessor.run(LeaderStateImpl.java:630)
"qtp721392266-282" daemon prio=5 tid=282 timed_waiting
java.lang.Thread.State: TIMED_WAITING
        at sun.misc.Unsafe.park(Native Method)
        at java.util.concurrent.locks.LockSupport.parkNanos(LockSupport.java:215)
        at java.util.concurrent.locks.AbstractQueuedSynchronizer$ConditionObject.awaitNanos(AbstractQueuedSynchronizer.java:2083)
        at org.eclipse.jetty.util.BlockingArrayQueue.poll(BlockingArrayQueue.java:382)
        at org.eclipse.jetty.util.thread.QueuedThreadPool$Runner.idleJobPoll(QueuedThreadPool.java:974)
        at org.eclipse.jetty.util.thread.QueuedThreadPool$Runner.run(QueuedThreadPool.java:1018)
        at java.lang.Thread.run(Thread.java:750)
"org.apache.ratis.util.JvmPauseMonitor$$Lambda$679/166677305@78a7d12" daemon prio=5 tid=398 timed_waiting
java.lang.Thread.State: TIMED_WAITING
        at java.lang.Thread.sleep(Native Method)
        at java.lang.Thread.sleep(Thread.java:342)
        at java.util.concurrent.TimeUnit.sleep(TimeUnit.java:386)
        at org.apache.ratis.util.TimeDuration.sleep(TimeDuration.java:325)
        at org.apache.ratis.util.TimeDuration.sleep(TimeDuration.java:310)
        at org.apache.ratis.util.JvmPauseMonitor.detectPause(JvmPauseMonitor.java:117)
        at org.apache.ratis.util.JvmPauseMonitor.run(JvmPauseMonitor.java:106)
        at org.apache.ratis.util.JvmPauseMonitor$$Lambda$679/166677305.run(Unknown Source)
        at java.lang.Thread.run(Thread.java:750)
"ChunkWriter-0-0" daemon prio=5 tid=394 in Object.wait()
java.lang.Thread.State: WAITING (on object monitor)
        at sun.misc.Unsafe.park(Native Method)
        at java.util.concurrent.locks.LockSupport.park(LockSupport.java:175)
        at java.util.concurrent.locks.AbstractQueuedSynchronizer$ConditionObject.await(AbstractQueuedSynchronizer.java:2044)
        at java.util.concurrent.LinkedBlockingDeque.takeFirst(LinkedBlockingDeque.java:492)
        at java.util.concurrent.LinkedBlockingDeque.take(LinkedBlockingDeque.java:680)
        at java.util.concurrent.ThreadPoolExecutor.getTask(ThreadPoolExecutor.java:1074)
        at java.util.concurrent.ThreadPoolExecutor.runWorker(ThreadPoolExecutor.java:1134)
        at java.util.concurrent.ThreadPoolExecutor$Worker.run(ThreadPoolExecutor.java:624)
        at java.lang.Thread.run(Thread.java:750)
"qtp1636538715-233" daemon prio=5 tid=233 timed_waiting
java.lang.Thread.State: TIMED_WAITING
        at sun.misc.Unsafe.park(Native Method)
        at java.util.concurrent.locks.LockSupport.parkNanos(LockSupport.java:215)
        at java.util.concurrent.locks.AbstractQueuedSynchronizer$ConditionObject.awaitNanos(AbstractQueuedSynchronizer.java:2083)
        at org.eclipse.jetty.util.BlockingArrayQueue.poll(BlockingArrayQueue.java:382)
        at org.eclipse.jetty.util.thread.QueuedThreadPool$Runner.idleJobPoll(QueuedThreadPool.java:974)
        at org.eclipse.jetty.util.thread.QueuedThreadPool$Runner.run(QueuedThreadPool.java:1018)
        at java.lang.Thread.run(Thread.java:750)
"Session-HouseKeeper-76a72a1b-1"  prio=5 tid=210 timed_waiting
java.lang.Thread.State: TIMED_WAITING
        at sun.misc.Unsafe.park(Native Method)
        at java.util.concurrent.locks.LockSupport.parkNanos(LockSupport.java:215)
        at java.util.concurrent.locks.AbstractQueuedSynchronizer$ConditionObject.awaitNanos(AbstractQueuedSynchronizer.java:2083)
        at java.util.concurrent.ScheduledThreadPoolExecutor$DelayedWorkQueue.take(ScheduledThreadPoolExecutor.java:1093)
        at java.util.concurrent.ScheduledThreadPoolExecutor$DelayedWorkQueue.take(ScheduledThreadPoolExecutor.java:809)
        at java.util.concurrent.ThreadPoolExecutor.getTask(ThreadPoolExecutor.java:1074)
        at java.util.concurrent.ThreadPoolExecutor.runWorker(ThreadPoolExecutor.java:1134)
        at java.util.concurrent.ThreadPoolExecutor$Worker.run(ThreadPoolExecutor.java:624)
        at java.lang.Thread.run(Thread.java:750)
"BackgroundPipelineScrubberThread" daemon prio=5 tid=16 timed_waiting
java.lang.Thread.State: TIMED_WAITING
        at java.lang.Object.wait(Native Method)
        at org.apache.hadoop.hdds.scm.ha.BackgroundSCMService.run(BackgroundSCMService.java:110)
        at org.apache.hadoop.hdds.scm.ha.BackgroundSCMService$$Lambda$369/1210734791.run(Unknown Source)
        at java.lang.Thread.run(Thread.java:750)
"ChunkWriter-1-0" daemon prio=5 tid=395 in Object.wait()
java.lang.Thread.State: WAITING (on object monitor)
        at sun.misc.Unsafe.park(Native Method)
        at java.util.concurrent.locks.LockSupport.park(LockSupport.java:175)
        at java.util.concurrent.locks.AbstractQueuedSynchronizer$ConditionObject.await(AbstractQueuedSynchronizer.java:2044)
        at java.util.concurrent.LinkedBlockingDeque.takeFirst(LinkedBlockingDeque.java:492)
        at java.util.concurrent.LinkedBlockingDeque.take(LinkedBlockingDeque.java:680)
        at java.util.concurrent.ThreadPoolExecutor.getTask(ThreadPoolExecutor.java:1074)
        at java.util.concurrent.ThreadPoolExecutor.runWorker(ThreadPoolExecutor.java:1134)
        at java.util.concurrent.ThreadPoolExecutor$Worker.run(ThreadPoolExecutor.java:624)
        at java.lang.Thread.run(Thread.java:750)
"IPC Server handler 7 on default port 43991" daemon prio=5 tid=151 timed_waiting
java.lang.Thread.State: TIMED_WAITING
        at sun.misc.Unsafe.park(Native Method)
        at java.util.concurrent.locks.LockSupport.parkNanos(LockSupport.java:215)
        at java.util.concurrent.locks.AbstractQueuedSynchronizer$ConditionObject.awaitNanos(AbstractQueuedSynchronizer.java:2083)
        at java.util.concurrent.LinkedBlockingQueue.poll(LinkedBlockingQueue.java:467)
        at org.apache.hadoop.ipc.CallQueueManager.take(CallQueueManager.java:317)
        at org.apache.hadoop.ipc.Server$Handler.run(Server.java:2932)
"Datanode State Machine Task Thread - 0"  prio=5 tid=219 in Object.wait()
java.lang.Thread.State: WAITING (on object monitor)
        at sun.misc.Unsafe.park(Native Method)
        at java.util.concurrent.locks.LockSupport.park(LockSupport.java:175)
        at java.util.concurrent.locks.AbstractQueuedSynchronizer$ConditionObject.await(AbstractQueuedSynchronizer.java:2044)
        at java.util.concurrent.LinkedBlockingQueue.take(LinkedBlockingQueue.java:442)
        at java.util.concurrent.ThreadPoolExecutor.getTask(ThreadPoolExecutor.java:1074)
        at java.util.concurrent.ThreadPoolExecutor.runWorker(ThreadPoolExecutor.java:1134)
        at java.util.concurrent.ThreadPoolExecutor$Worker.run(ThreadPoolExecutor.java:624)
        at java.lang.Thread.run(Thread.java:750)
"EventQueue-OpenPipelineForHealthyPipelineSafeModeRule" daemon prio=5 tid=411 in Object.wait()
java.lang.Thread.State: WAITING (on object monitor)
        at sun.misc.Unsafe.park(Native Method)
        at java.util.concurrent.locks.LockSupport.park(LockSupport.java:175)
        at java.util.concurrent.locks.AbstractQueuedSynchronizer$ConditionObject.await(AbstractQueuedSynchronizer.java:2044)
        at java.util.concurrent.LinkedBlockingQueue.take(LinkedBlockingQueue.java:442)
        at java.util.concurrent.ThreadPoolExecutor.getTask(ThreadPoolExecutor.java:1074)
        at java.util.concurrent.ThreadPoolExecutor.runWorker(ThreadPoolExecutor.java:1134)
        at java.util.concurrent.ThreadPoolExecutor$Worker.run(ThreadPoolExecutor.java:624)
        at java.lang.Thread.run(Thread.java:750)
"d28c3a4e-3918-43d8-bb46-fc5b34cd0519@group-0AE05C4D1DC3-StateMachineUpdater" daemon prio=5 tid=441 timed_waiting
java.lang.Thread.State: TIMED_WAITING
        at sun.misc.Unsafe.park(Native Method)
        at java.util.concurrent.locks.LockSupport.parkNanos(LockSupport.java:215)
        at java.util.concurrent.CompletableFuture$Signaller.block(CompletableFuture.java:1709)
        at java.util.concurrent.ForkJoinPool.managedBlock(ForkJoinPool.java:3323)
        at java.util.concurrent.CompletableFuture.timedGet(CompletableFuture.java:1788)
        at java.util.concurrent.CompletableFuture.get(CompletableFuture.java:1928)
        at org.apache.ratis.util.AwaitForSignal.await(AwaitForSignal.java:56)
        at org.apache.ratis.server.impl.StateMachineUpdater.waitForCommit(StateMachineUpdater.java:207)
        at org.apache.ratis.server.impl.StateMachineUpdater.run(StateMachineUpdater.java:176)
        at java.lang.Thread.run(Thread.java:750)
"949a54d7-9098-427f-a66d-64783e047bdb@group-F4D504EA1E06-LeaderStateImpl" daemon prio=5 tid=477 timed_waiting
java.lang.Thread.State: TIMED_WAITING
        at sun.misc.Unsafe.park(Native Method)
        at java.util.concurrent.locks.LockSupport.parkNanos(LockSupport.java:215)
        at java.util.concurrent.locks.AbstractQueuedSynchronizer$ConditionObject.awaitNanos(AbstractQueuedSynchronizer.java:2083)
        at java.util.concurrent.ArrayBlockingQueue.poll(ArrayBlockingQueue.java:418)
        at org.apache.ratis.server.impl.LeaderStateImpl$EventQueue.poll(LeaderStateImpl.java:159)
        at org.apache.ratis.server.impl.LeaderStateImpl$EventProcessor.run(LeaderStateImpl.java:630)
"EventQueue-NodeRegistrationContainerReportForDataNodeSafeModeRule" daemon prio=5 tid=387 in Object.wait()
java.lang.Thread.State: WAITING (on object monitor)
        at sun.misc.Unsafe.park(Native Method)
        at java.util.concurrent.locks.LockSupport.park(LockSupport.java:175)
        at java.util.concurrent.locks.AbstractQueuedSynchronizer$ConditionObject.await(AbstractQueuedSynchronizer.java:2044)
        at java.util.concurrent.LinkedBlockingQueue.take(LinkedBlockingQueue.java:442)
        at java.util.concurrent.ThreadPoolExecutor.getTask(ThreadPoolExecutor.java:1074)
        at java.util.concurrent.ThreadPoolExecutor.runWorker(ThreadPoolExecutor.java:1134)
        at java.util.concurrent.ThreadPoolExecutor$Worker.run(ThreadPoolExecutor.java:624)
        at java.lang.Thread.run(Thread.java:750)
"BlockDeletingService#1" daemon prio=5 tid=402 timed_waiting
java.lang.Thread.State: TIMED_WAITING
        at sun.misc.Unsafe.park(Native Method)
        at java.util.concurrent.locks.LockSupport.parkNanos(LockSupport.java:215)
        at java.util.concurrent.locks.AbstractQueuedSynchronizer$ConditionObject.awaitNanos(AbstractQueuedSynchronizer.java:2083)
        at java.util.concurrent.ScheduledThreadPoolExecutor$DelayedWorkQueue.take(ScheduledThreadPoolExecutor.java:1093)
        at java.util.concurrent.ScheduledThreadPoolExecutor$DelayedWorkQueue.take(ScheduledThreadPoolExecutor.java:809)
        at java.util.concurrent.ThreadPoolExecutor.getTask(ThreadPoolExecutor.java:1074)
        at java.util.concurrent.ThreadPoolExecutor.runWorker(ThreadPoolExecutor.java:1134)
        at java.util.concurrent.ThreadPoolExecutor$Worker.run(ThreadPoolExecutor.java:624)
        at java.lang.Thread.run(Thread.java:750)
"Timer-0"  prio=5 tid=130 timed_waiting
java.lang.Thread.State: TIMED_WAITING
        at java.lang.Object.wait(Native Method)
        at java.util.TimerThread.mainLoop(Timer.java:552)
        at java.util.TimerThread.run(Timer.java:505)
"pool-164-thread-1"  prio=5 tid=455 in Object.wait()
java.lang.Thread.State: WAITING (on object monitor)
        at sun.misc.Unsafe.park(Native Method)
        at java.util.concurrent.locks.LockSupport.park(LockSupport.java:175)
        at java.util.concurrent.locks.AbstractQueuedSynchronizer$ConditionObject.await(AbstractQueuedSynchronizer.java:2044)
        at java.util.concurrent.LinkedBlockingQueue.take(LinkedBlockingQueue.java:442)
        at java.util.concurrent.ThreadPoolExecutor.getTask(ThreadPoolExecutor.java:1074)
        at java.util.concurrent.ThreadPoolExecutor.runWorker(ThreadPoolExecutor.java:1134)
        at java.util.concurrent.ThreadPoolExecutor$Worker.run(ThreadPoolExecutor.java:624)
        at java.lang.Thread.run(Thread.java:750)
"Datanode ReportManager Thread - 4" daemon prio=5 tid=322 in Object.wait()
java.lang.Thread.State: WAITING (on object monitor)
        at sun.misc.Unsafe.park(Native Method)
        at java.util.concurrent.locks.LockSupport.park(LockSupport.java:175)
        at java.util.concurrent.locks.AbstractQueuedSynchronizer$ConditionObject.await(AbstractQueuedSynchronizer.java:2044)
        at java.util.concurrent.ScheduledThreadPoolExecutor$DelayedWorkQueue.take(ScheduledThreadPoolExecutor.java:1088)
        at java.util.concurrent.ScheduledThreadPoolExecutor$DelayedWorkQueue.take(ScheduledThreadPoolExecutor.java:809)
        at java.util.concurrent.ThreadPoolExecutor.getTask(ThreadPoolExecutor.java:1074)
        at java.util.concurrent.ThreadPoolExecutor.runWorker(ThreadPoolExecutor.java:1134)
        at java.util.concurrent.ThreadPoolExecutor$Worker.run(ThreadPoolExecutor.java:624)
        at java.lang.Thread.run(Thread.java:750)
"StaleRecoveringContainerScrubbingService#0" daemon prio=5 tid=370 in Object.wait()
java.lang.Thread.State: WAITING (on object monitor)
        at sun.misc.Unsafe.park(Native Method)
        at java.util.concurrent.locks.LockSupport.park(LockSupport.java:175)
        at java.util.concurrent.locks.AbstractQueuedSynchronizer$ConditionObject.await(AbstractQueuedSynchronizer.java:2044)
        at java.util.concurrent.ScheduledThreadPoolExecutor$DelayedWorkQueue.take(ScheduledThreadPoolExecutor.java:1088)
        at java.util.concurrent.ScheduledThreadPoolExecutor$DelayedWorkQueue.take(ScheduledThreadPoolExecutor.java:809)
        at java.util.concurrent.ThreadPoolExecutor.getTask(ThreadPoolExecutor.java:1074)
        at java.util.concurrent.ThreadPoolExecutor.runWorker(ThreadPoolExecutor.java:1134)
        at java.util.concurrent.ThreadPoolExecutor$Worker.run(ThreadPoolExecutor.java:624)
        at java.lang.Thread.run(Thread.java:750)
"ChunkWriter-2-0" daemon prio=5 tid=329 in Object.wait()
java.lang.Thread.State: WAITING (on object monitor)
        at sun.misc.Unsafe.park(Native Method)
        at java.util.concurrent.locks.LockSupport.park(LockSupport.java:175)
        at java.util.concurrent.locks.AbstractQueuedSynchronizer$ConditionObject.await(AbstractQueuedSynchronizer.java:2044)
        at java.util.concurrent.LinkedBlockingDeque.takeFirst(LinkedBlockingDeque.java:492)
        at java.util.concurrent.LinkedBlockingDeque.take(LinkedBlockingDeque.java:680)
        at java.util.concurrent.ThreadPoolExecutor.getTask(ThreadPoolExecutor.java:1074)
        at java.util.concurrent.ThreadPoolExecutor.runWorker(ThreadPoolExecutor.java:1134)
        at java.util.concurrent.ThreadPoolExecutor$Worker.run(ThreadPoolExecutor.java:624)
        at java.lang.Thread.run(Thread.java:750)
"qtp122396887-308" daemon prio=5 tid=308 timed_waiting
java.lang.Thread.State: TIMED_WAITING
        at sun.misc.Unsafe.park(Native Method)
        at java.util.concurrent.locks.LockSupport.parkNanos(LockSupport.java:215)
        at java.util.concurrent.locks.AbstractQueuedSynchronizer$ConditionObject.awaitNanos(AbstractQueuedSynchronizer.java:2083)
        at org.eclipse.jetty.util.BlockingArrayQueue.poll(BlockingArrayQueue.java:382)
        at org.eclipse.jetty.util.thread.QueuedThreadPool$Runner.idleJobPoll(QueuedThreadPool.java:974)
        at org.eclipse.jetty.util.thread.QueuedThreadPool$Runner.run(QueuedThreadPool.java:1018)
        at java.lang.Thread.run(Thread.java:750)
"IPC Server handler 19 on default port 34177" daemon prio=5 tid=76 timed_waiting
java.lang.Thread.State: TIMED_WAITING
        at sun.misc.Unsafe.park(Native Method)
        at java.util.concurrent.locks.LockSupport.parkNanos(LockSupport.java:215)
        at java.util.concurrent.locks.AbstractQueuedSynchronizer$ConditionObject.awaitNanos(AbstractQueuedSynchronizer.java:2083)
        at java.util.concurrent.LinkedBlockingQueue.poll(LinkedBlockingQueue.java:467)
        at org.apache.hadoop.ipc.CallQueueManager.take(CallQueueManager.java:317)
        at org.apache.hadoop.ipc.Server$Handler.run(Server.java:2932)
"grpc-default-worker-ELG-3-2" daemon prio=5 tid=419 runnable
java.lang.Thread.State: RUNNABLE
        at org.apache.ratis.thirdparty.io.netty.channel.epoll.Native.epollWait(Native Method)
        at org.apache.ratis.thirdparty.io.netty.channel.epoll.Native.epollWait(Native.java:193)
        at org.apache.ratis.thirdparty.io.netty.channel.epoll.Native.epollWait(Native.java:186)
        at org.apache.ratis.thirdparty.io.netty.channel.epoll.EpollEventLoop.epollWaitNoTimerChange(EpollEventLoop.java:290)
        at org.apache.ratis.thirdparty.io.netty.channel.epoll.EpollEventLoop.run(EpollEventLoop.java:347)
        at org.apache.ratis.thirdparty.io.netty.util.concurrent.SingleThreadEventExecutor$4.run(SingleThreadEventExecutor.java:986)
        at org.apache.ratis.thirdparty.io.netty.util.internal.ThreadExecutorMap$2.run(ThreadExecutorMap.java:74)
        at org.apache.ratis.thirdparty.io.netty.util.concurrent.FastThreadLocalRunnable.run(FastThreadLocalRunnable.java:30)
        at java.lang.Thread.run(Thread.java:750)
"qtp1302746218-137" daemon prio=5 tid=137 timed_waiting
java.lang.Thread.State: TIMED_WAITING
        at sun.misc.Unsafe.park(Native Method)
        at java.util.concurrent.locks.LockSupport.parkNanos(LockSupport.java:215)
        at java.util.concurrent.locks.AbstractQueuedSynchronizer$ConditionObject.awaitNanos(AbstractQueuedSynchronizer.java:2083)
        at org.eclipse.jetty.util.BlockingArrayQueue.poll(BlockingArrayQueue.java:382)
        at org.eclipse.jetty.util.thread.QueuedThreadPool$Runner.idleJobPoll(QueuedThreadPool.java:974)
        at org.eclipse.jetty.util.thread.QueuedThreadPool$Runner.run(QueuedThreadPool.java:1018)
        at java.lang.Thread.run(Thread.java:750)
"d28c3a4e-3918-43d8-bb46-fc5b34cd0519@group-BEF99EDA7C2C-FollowerState" daemon prio=5 tid=492 timed_waiting
java.lang.Thread.State: TIMED_WAITING
        at java.lang.Thread.sleep(Native Method)
        at java.lang.Thread.sleep(Thread.java:342)
        at java.util.concurrent.TimeUnit.sleep(TimeUnit.java:386)
        at org.apache.ratis.util.TimeDuration.sleep(TimeDuration.java:325)
        at org.apache.ratis.util.TimeDuration.sleep(TimeDuration.java:310)
        at org.apache.ratis.server.impl.FollowerState.run(FollowerState.java:128)
"e152a9cb-50bd-4473-abda-9918c470cf1e@group-8AF4B479ECA4-SegmentedRaftLogWorker"  prio=5 tid=432 timed_waiting
java.lang.Thread.State: TIMED_WAITING
        at sun.misc.Unsafe.park(Native Method)
        at java.util.concurrent.locks.LockSupport.parkNanos(LockSupport.java:215)
        at java.util.concurrent.locks.AbstractQueuedSynchronizer$ConditionObject.awaitNanos(AbstractQueuedSynchronizer.java:2083)
        at org.apache.ratis.util.DataBlockingQueue.poll(DataBlockingQueue.java:148)
        at org.apache.ratis.server.raftlog.segmented.SegmentedRaftLogWorker.run(SegmentedRaftLogWorker.java:301)
        at org.apache.ratis.server.raftlog.segmented.SegmentedRaftLogWorker$$Lambda$607/2145809167.run(Unknown Source)
        at java.lang.Thread.run(Thread.java:750)
"e152a9cb-50bd-4473-abda-9918c470cf1e@group-CBC39D7A33A3-LeaderStateImpl" daemon prio=5 tid=479 timed_waiting
java.lang.Thread.State: TIMED_WAITING
        at sun.misc.Unsafe.park(Native Method)
        at java.util.concurrent.locks.LockSupport.parkNanos(LockSupport.java:215)
        at java.util.concurrent.locks.AbstractQueuedSynchronizer$ConditionObject.awaitNanos(AbstractQueuedSynchronizer.java:2083)
        at java.util.concurrent.ArrayBlockingQueue.poll(ArrayBlockingQueue.java:418)
        at org.apache.ratis.server.impl.LeaderStateImpl$EventQueue.poll(LeaderStateImpl.java:159)
        at org.apache.ratis.server.impl.LeaderStateImpl$EventProcessor.run(LeaderStateImpl.java:630)
"Datanode State Machine Task Thread - 0"  prio=5 tid=191 in Object.wait()
java.lang.Thread.State: WAITING (on object monitor)
        at sun.misc.Unsafe.park(Native Method)
        at java.util.concurrent.locks.LockSupport.park(LockSupport.java:175)
        at java.util.concurrent.locks.AbstractQueuedSynchronizer$ConditionObject.await(AbstractQueuedSynchronizer.java:2044)
        at java.util.concurrent.LinkedBlockingQueue.take(LinkedBlockingQueue.java:442)
        at java.util.concurrent.ThreadPoolExecutor.getTask(ThreadPoolExecutor.java:1074)
        at java.util.concurrent.ThreadPoolExecutor.runWorker(ThreadPoolExecutor.java:1134)
        at java.util.concurrent.ThreadPoolExecutor$Worker.run(ThreadPoolExecutor.java:624)
        at java.lang.Thread.run(Thread.java:750)
"qtp1636538715-232" daemon prio=5 tid=232 timed_waiting
java.lang.Thread.State: TIMED_WAITING
        at sun.misc.Unsafe.park(Native Method)
        at java.util.concurrent.locks.LockSupport.parkNanos(LockSupport.java:215)
        at java.util.concurrent.locks.AbstractQueuedSynchronizer$ConditionObject.awaitNanos(AbstractQueuedSynchronizer.java:2083)
        at org.eclipse.jetty.util.BlockingArrayQueue.poll(BlockingArrayQueue.java:382)
        at org.eclipse.jetty.util.thread.QueuedThreadPool$Runner.idleJobPoll(QueuedThreadPool.java:974)
        at org.eclipse.jetty.util.thread.QueuedThreadPool$Runner.run(QueuedThreadPool.java:1018)
        at java.lang.Thread.run(Thread.java:750)
"IPC Server handler 15 on default port 43991" daemon prio=5 tid=159 timed_waiting
java.lang.Thread.State: TIMED_WAITING
        at sun.misc.Unsafe.park(Native Method)
        at java.util.concurrent.locks.LockSupport.parkNanos(LockSupport.java:215)
        at java.util.concurrent.locks.AbstractQueuedSynchronizer$ConditionObject.awaitNanos(AbstractQueuedSynchronizer.java:2083)
        at java.util.concurrent.LinkedBlockingQueue.poll(LinkedBlockingQueue.java:467)
        at org.apache.hadoop.ipc.CallQueueManager.take(CallQueueManager.java:317)
        at org.apache.hadoop.ipc.Server$Handler.run(Server.java:2932)
"OMDoubleBufferFlushThread" daemon prio=5 tid=115 timed_waiting
java.lang.Thread.State: TIMED_WAITING
        at java.lang.Object.wait(Native Method)
        at org.apache.hadoop.ozone.om.ratis.OzoneManagerDoubleBuffer.canFlush(OzoneManagerDoubleBuffer.java:538)
        at org.apache.hadoop.ozone.om.ratis.OzoneManagerDoubleBuffer.flushTransactions(OzoneManagerDoubleBuffer.java:268)
        at org.apache.hadoop.ozone.om.ratis.OzoneManagerDoubleBuffer$$Lambda$495/712700889.run(Unknown Source)
        at java.lang.Thread.run(Thread.java:750)
"IPC Server handler 7 on default port 37901" daemon prio=5 tid=44 timed_waiting
java.lang.Thread.State: TIMED_WAITING
        at sun.misc.Unsafe.park(Native Method)
        at java.util.concurrent.locks.LockSupport.parkNanos(LockSupport.java:215)
        at java.util.concurrent.locks.AbstractQueuedSynchronizer$ConditionObject.awaitNanos(AbstractQueuedSynchronizer.java:2083)
        at java.util.concurrent.LinkedBlockingQueue.poll(LinkedBlockingQueue.java:467)
        at org.apache.hadoop.ipc.CallQueueManager.take(CallQueueManager.java:317)
        at org.apache.hadoop.ipc.Server$Handler.run(Server.java:2932)
"Session-HouseKeeper-42095996-1"  prio=5 tid=108 timed_waiting
java.lang.Thread.State: TIMED_WAITING
        at sun.misc.Unsafe.park(Native Method)
        at java.util.concurrent.locks.LockSupport.parkNanos(LockSupport.java:215)
        at java.util.concurrent.locks.AbstractQueuedSynchronizer$ConditionObject.awaitNanos(AbstractQueuedSynchronizer.java:2083)
        at java.util.concurrent.ScheduledThreadPoolExecutor$DelayedWorkQueue.take(ScheduledThreadPoolExecutor.java:1093)
        at java.util.concurrent.ScheduledThreadPoolExecutor$DelayedWorkQueue.take(ScheduledThreadPoolExecutor.java:809)
        at java.util.concurrent.ThreadPoolExecutor.getTask(ThreadPoolExecutor.java:1074)
        at java.util.concurrent.ThreadPoolExecutor.runWorker(ThreadPoolExecutor.java:1134)
        at java.util.concurrent.ThreadPoolExecutor$Worker.run(ThreadPoolExecutor.java:624)
        at java.lang.Thread.run(Thread.java:750)
"IPC Server handler 13 on default port 45685" daemon prio=5 tid=90 timed_waiting
java.lang.Thread.State: TIMED_WAITING
        at sun.misc.Unsafe.park(Native Method)
        at java.util.concurrent.locks.LockSupport.parkNanos(LockSupport.java:215)
        at java.util.concurrent.locks.AbstractQueuedSynchronizer$ConditionObject.awaitNanos(AbstractQueuedSynchronizer.java:2083)
        at java.util.concurrent.LinkedBlockingQueue.poll(LinkedBlockingQueue.java:467)
        at org.apache.hadoop.ipc.CallQueueManager.take(CallQueueManager.java:317)
        at org.apache.hadoop.ipc.Server$Handler.run(Server.java:2932)
"qtp122396887-310" daemon prio=5 tid=310 timed_waiting
java.lang.Thread.State: TIMED_WAITING
        at sun.misc.Unsafe.park(Native Method)
        at java.util.concurrent.locks.LockSupport.parkNanos(LockSupport.java:215)
        at java.util.concurrent.locks.AbstractQueuedSynchronizer$ConditionObject.awaitNanos(AbstractQueuedSynchronizer.java:2083)
        at org.eclipse.jetty.util.BlockingArrayQueue.poll(BlockingArrayQueue.java:382)
        at org.eclipse.jetty.util.thread.QueuedThreadPool$Runner.idleJobPoll(QueuedThreadPool.java:974)
        at org.eclipse.jetty.util.thread.QueuedThreadPool$Runner.run(QueuedThreadPool.java:1018)
        at java.lang.Thread.run(Thread.java:750)
"IPC Server listener on 0" daemon prio=5 tid=27 runnable
java.lang.Thread.State: RUNNABLE
        at sun.nio.ch.EPollArrayWrapper.epollWait(Native Method)
        at sun.nio.ch.EPollArrayWrapper.poll(EPollArrayWrapper.java:269)
        at sun.nio.ch.EPollSelectorImpl.doSelect(EPollSelectorImpl.java:93)
        at sun.nio.ch.SelectorImpl.lockAndDoSelect(SelectorImpl.java:86)
        at sun.nio.ch.SelectorImpl.select(SelectorImpl.java:97)
        at sun.nio.ch.SelectorImpl.select(SelectorImpl.java:101)
        at org.apache.hadoop.ipc.Server$Listener.run(Server.java:1350)
"ChunkWriter-3-0" daemon prio=5 tid=354 in Object.wait()
java.lang.Thread.State: WAITING (on object monitor)
        at sun.misc.Unsafe.park(Native Method)
        at java.util.concurrent.locks.LockSupport.park(LockSupport.java:175)
        at java.util.concurrent.locks.AbstractQueuedSynchronizer$ConditionObject.await(AbstractQueuedSynchronizer.java:2044)
        at java.util.concurrent.LinkedBlockingDeque.takeFirst(LinkedBlockingDeque.java:492)
        at java.util.concurrent.LinkedBlockingDeque.take(LinkedBlockingDeque.java:680)
        at java.util.concurrent.ThreadPoolExecutor.getTask(ThreadPoolExecutor.java:1074)
        at java.util.concurrent.ThreadPoolExecutor.runWorker(ThreadPoolExecutor.java:1134)
        at java.util.concurrent.ThreadPoolExecutor$Worker.run(ThreadPoolExecutor.java:624)
        at java.lang.Thread.run(Thread.java:750)
"ef2e2c18-30bb-4738-b00f-992b0a4fb77a@group-B0C46D90A8AC-SegmentedRaftLogWorker"  prio=5 tid=465 timed_waiting
java.lang.Thread.State: TIMED_WAITING
        at sun.misc.Unsafe.park(Native Method)
        at java.util.concurrent.locks.LockSupport.parkNanos(LockSupport.java:215)
        at java.util.concurrent.locks.AbstractQueuedSynchronizer$ConditionObject.awaitNanos(AbstractQueuedSynchronizer.java:2083)
        at org.apache.ratis.util.DataBlockingQueue.poll(DataBlockingQueue.java:148)
        at org.apache.ratis.server.raftlog.segmented.SegmentedRaftLogWorker.run(SegmentedRaftLogWorker.java:301)
        at org.apache.ratis.server.raftlog.segmented.SegmentedRaftLogWorker$$Lambda$607/2145809167.run(Unknown Source)
        at java.lang.Thread.run(Thread.java:750)
"Datanode ReportManager Thread - 2" daemon prio=5 tid=266 timed_waiting
java.lang.Thread.State: TIMED_WAITING
        at sun.misc.Unsafe.park(Native Method)
        at java.util.concurrent.locks.LockSupport.parkNanos(LockSupport.java:215)
        at java.util.concurrent.locks.AbstractQueuedSynchronizer$ConditionObject.awaitNanos(AbstractQueuedSynchronizer.java:2083)
        at java.util.concurrent.ScheduledThreadPoolExecutor$DelayedWorkQueue.take(ScheduledThreadPoolExecutor.java:1093)
        at java.util.concurrent.ScheduledThreadPoolExecutor$DelayedWorkQueue.take(ScheduledThreadPoolExecutor.java:809)
        at java.util.concurrent.ThreadPoolExecutor.getTask(ThreadPoolExecutor.java:1074)
        at java.util.concurrent.ThreadPoolExecutor.runWorker(ThreadPoolExecutor.java:1134)
        at java.util.concurrent.ThreadPoolExecutor$Worker.run(ThreadPoolExecutor.java:624)
        at java.lang.Thread.run(Thread.java:750)
"IPC Server handler 10 on default port 43991" daemon prio=5 tid=154 timed_waiting
java.lang.Thread.State: TIMED_WAITING
        at sun.misc.Unsafe.park(Native Method)
        at java.util.concurrent.locks.LockSupport.parkNanos(LockSupport.java:215)
        at java.util.concurrent.locks.AbstractQueuedSynchronizer$ConditionObject.awaitNanos(AbstractQueuedSynchronizer.java:2083)
        at java.util.concurrent.LinkedBlockingQueue.poll(LinkedBlockingQueue.java:467)
        at org.apache.hadoop.ipc.CallQueueManager.take(CallQueueManager.java:317)
        at org.apache.hadoop.ipc.Server$Handler.run(Server.java:2932)
"949a54d7-9098-427f-a66d-64783e047bdb@group-8AF4B479ECA4-StateMachineUpdater" daemon prio=5 tid=425 timed_waiting
java.lang.Thread.State: TIMED_WAITING
        at sun.misc.Unsafe.park(Native Method)
        at java.util.concurrent.locks.LockSupport.parkNanos(LockSupport.java:215)
        at java.util.concurrent.CompletableFuture$Signaller.block(CompletableFuture.java:1709)
        at java.util.concurrent.ForkJoinPool.managedBlock(ForkJoinPool.java:3323)
        at java.util.concurrent.CompletableFuture.timedGet(CompletableFuture.java:1788)
        at java.util.concurrent.CompletableFuture.get(CompletableFuture.java:1928)
        at org.apache.ratis.util.AwaitForSignal.await(AwaitForSignal.java:56)
        at org.apache.ratis.server.impl.StateMachineUpdater.waitForCommit(StateMachineUpdater.java:207)
        at org.apache.ratis.server.impl.StateMachineUpdater.run(StateMachineUpdater.java:176)
        at java.lang.Thread.run(Thread.java:750)
"EventQueue-NodeRegistrationContainerReportForContainerSafeModeRule" daemon prio=5 tid=388 in Object.wait()
java.lang.Thread.State: WAITING (on object monitor)
        at sun.misc.Unsafe.park(Native Method)
        at java.util.concurrent.locks.LockSupport.park(LockSupport.java:175)
        at java.util.concurrent.locks.AbstractQueuedSynchronizer$ConditionObject.await(AbstractQueuedSynchronizer.java:2044)
        at java.util.concurrent.LinkedBlockingQueue.take(LinkedBlockingQueue.java:442)
        at java.util.concurrent.ThreadPoolExecutor.getTask(ThreadPoolExecutor.java:1074)
        at java.util.concurrent.ThreadPoolExecutor.runWorker(ThreadPoolExecutor.java:1134)
        at java.util.concurrent.ThreadPoolExecutor$Worker.run(ThreadPoolExecutor.java:624)
        at java.lang.Thread.run(Thread.java:750)
"FixedThreadPoolWithAffinityExecutor-9-0" daemon prio=5 tid=404 in Object.wait()
java.lang.Thread.State: WAITING (on object monitor)
        at sun.misc.Unsafe.park(Native Method)
        at java.util.concurrent.locks.LockSupport.park(LockSupport.java:175)
        at java.util.concurrent.locks.AbstractQueuedSynchronizer$ConditionObject.await(AbstractQueuedSynchronizer.java:2044)
        at java.util.concurrent.LinkedBlockingDeque.takeFirst(LinkedBlockingDeque.java:492)
        at java.util.concurrent.LinkedBlockingDeque.take(LinkedBlockingDeque.java:680)
        at java.util.concurrent.ThreadPoolExecutor.getTask(ThreadPoolExecutor.java:1074)
        at java.util.concurrent.ThreadPoolExecutor.runWorker(ThreadPoolExecutor.java:1134)
        at java.util.concurrent.ThreadPoolExecutor$Worker.run(ThreadPoolExecutor.java:624)
        at java.lang.Thread.run(Thread.java:750)
"IPC Server handler 13 on default port 34177" daemon prio=5 tid=70 timed_waiting
java.lang.Thread.State: TIMED_WAITING
        at sun.misc.Unsafe.park(Native Method)
        at java.util.concurrent.locks.LockSupport.parkNanos(LockSupport.java:215)
        at java.util.concurrent.locks.AbstractQueuedSynchronizer$ConditionObject.awaitNanos(AbstractQueuedSynchronizer.java:2083)
        at java.util.concurrent.LinkedBlockingQueue.poll(LinkedBlockingQueue.java:467)
        at org.apache.hadoop.ipc.CallQueueManager.take(CallQueueManager.java:317)
        at org.apache.hadoop.ipc.Server$Handler.run(Server.java:2932)
"IPC Server handler 3 on default port 43991" daemon prio=5 tid=147 timed_waiting
java.lang.Thread.State: TIMED_WAITING
        at sun.misc.Unsafe.park(Native Method)
        at java.util.concurrent.locks.LockSupport.parkNanos(LockSupport.java:215)
        at java.util.concurrent.locks.AbstractQueuedSynchronizer$ConditionObject.awaitNanos(AbstractQueuedSynchronizer.java:2083)
        at java.util.concurrent.LinkedBlockingQueue.poll(LinkedBlockingQueue.java:467)
        at org.apache.hadoop.ipc.CallQueueManager.take(CallQueueManager.java:317)
        at org.apache.hadoop.ipc.Server$Handler.run(Server.java:2932)
"IPC Server handler 2 on default port 43991" daemon prio=5 tid=146 timed_waiting
java.lang.Thread.State: TIMED_WAITING
        at sun.misc.Unsafe.park(Native Method)
        at java.util.concurrent.locks.LockSupport.parkNanos(LockSupport.java:215)
        at java.util.concurrent.locks.AbstractQueuedSynchronizer$ConditionObject.awaitNanos(AbstractQueuedSynchronizer.java:2083)
        at java.util.concurrent.LinkedBlockingQueue.poll(LinkedBlockingQueue.java:467)
        at org.apache.hadoop.ipc.CallQueueManager.take(CallQueueManager.java:317)
        at org.apache.hadoop.ipc.Server$Handler.run(Server.java:2932)
"qtp721392266-283" daemon prio=5 tid=283 timed_waiting
java.lang.Thread.State: TIMED_WAITING
        at sun.misc.Unsafe.park(Native Method)
        at java.util.concurrent.locks.LockSupport.parkNanos(LockSupport.java:215)
        at java.util.concurrent.locks.AbstractQueuedSynchronizer$ConditionObject.awaitNanos(AbstractQueuedSynchronizer.java:2083)
        at org.eclipse.jetty.util.BlockingArrayQueue.poll(BlockingArrayQueue.java:382)
        at org.eclipse.jetty.util.thread.QueuedThreadPool$Runner.idleJobPoll(QueuedThreadPool.java:974)
        at org.eclipse.jetty.util.thread.QueuedThreadPool$Runner.run(QueuedThreadPool.java:1018)
        at java.lang.Thread.run(Thread.java:750)
"qtp122396887-309" daemon prio=5 tid=309 timed_waiting
java.lang.Thread.State: TIMED_WAITING
        at sun.misc.Unsafe.park(Native Method)
        at java.util.concurrent.locks.LockSupport.parkNanos(LockSupport.java:215)
        at java.util.concurrent.locks.AbstractQueuedSynchronizer$ConditionObject.awaitNanos(AbstractQueuedSynchronizer.java:2083)
        at org.eclipse.jetty.util.BlockingArrayQueue.poll(BlockingArrayQueue.java:382)
        at org.eclipse.jetty.util.thread.QueuedThreadPool$Runner.idleJobPoll(QueuedThreadPool.java:974)
        at org.eclipse.jetty.util.thread.QueuedThreadPool$Runner.run(QueuedThreadPool.java:1018)
        at java.lang.Thread.run(Thread.java:750)
"Datanode ReportManager Thread - 0" daemon prio=5 tid=212 timed_waiting
java.lang.Thread.State: TIMED_WAITING
        at sun.misc.Unsafe.park(Native Method)
        at java.util.concurrent.locks.LockSupport.parkNanos(LockSupport.java:215)
        at java.util.concurrent.locks.AbstractQueuedSynchronizer$ConditionObject.awaitNanos(AbstractQueuedSynchronizer.java:2083)
        at java.util.concurrent.ScheduledThreadPoolExecutor$DelayedWorkQueue.take(ScheduledThreadPoolExecutor.java:1093)
        at java.util.concurrent.ScheduledThreadPoolExecutor$DelayedWorkQueue.take(ScheduledThreadPoolExecutor.java:809)
        at java.util.concurrent.ThreadPoolExecutor.getTask(ThreadPoolExecutor.java:1074)
        at java.util.concurrent.ThreadPoolExecutor.runWorker(ThreadPoolExecutor.java:1134)
        at java.util.concurrent.ThreadPoolExecutor$Worker.run(ThreadPoolExecutor.java:624)
        at java.lang.Thread.run(Thread.java:750)
"Datanode ReportManager Thread - 0" daemon prio=5 tid=184 in Object.wait()
java.lang.Thread.State: WAITING (on object monitor)
        at sun.misc.Unsafe.park(Native Method)
        at java.util.concurrent.locks.LockSupport.park(LockSupport.java:175)
        at java.util.concurrent.locks.AbstractQueuedSynchronizer$ConditionObject.await(AbstractQueuedSynchronizer.java:2044)
        at java.util.concurrent.ScheduledThreadPoolExecutor$DelayedWorkQueue.take(ScheduledThreadPoolExecutor.java:1088)
        at java.util.concurrent.ScheduledThreadPoolExecutor$DelayedWorkQueue.take(ScheduledThreadPoolExecutor.java:809)
        at java.util.concurrent.ThreadPoolExecutor.getTask(ThreadPoolExecutor.java:1074)
        at java.util.concurrent.ThreadPoolExecutor.runWorker(ThreadPoolExecutor.java:1134)
        at java.util.concurrent.ThreadPoolExecutor$Worker.run(ThreadPoolExecutor.java:624)
        at java.lang.Thread.run(Thread.java:750)
"Datanode ReportManager Thread - 0" daemon prio=5 tid=264 timed_waiting
java.lang.Thread.State: TIMED_WAITING
        at sun.misc.Unsafe.park(Native Method)
        at java.util.concurrent.locks.LockSupport.parkNanos(LockSupport.java:215)
        at java.util.concurrent.locks.AbstractQueuedSynchronizer$ConditionObject.awaitNanos(AbstractQueuedSynchronizer.java:2083)
        at java.util.concurrent.ScheduledThreadPoolExecutor$DelayedWorkQueue.take(ScheduledThreadPoolExecutor.java:1093)
        at java.util.concurrent.ScheduledThreadPoolExecutor$DelayedWorkQueue.take(ScheduledThreadPoolExecutor.java:809)
        at java.util.concurrent.ThreadPoolExecutor.getTask(ThreadPoolExecutor.java:1074)
        at java.util.concurrent.ThreadPoolExecutor.runWorker(ThreadPoolExecutor.java:1134)
        at java.util.concurrent.ThreadPoolExecutor$Worker.run(ThreadPoolExecutor.java:624)
        at java.lang.Thread.run(Thread.java:750)
"EventQueue-PipelineReportForPipelineReportHandler" daemon prio=5 tid=389 in Object.wait()
java.lang.Thread.State: WAITING (on object monitor)
        at sun.misc.Unsafe.park(Native Method)
        at java.util.concurrent.locks.LockSupport.park(LockSupport.java:175)
        at java.util.concurrent.locks.AbstractQueuedSynchronizer$ConditionObject.await(AbstractQueuedSynchronizer.java:2044)
        at java.util.concurrent.LinkedBlockingQueue.take(LinkedBlockingQueue.java:442)
        at java.util.concurrent.ThreadPoolExecutor.getTask(ThreadPoolExecutor.java:1074)
        at java.util.concurrent.ThreadPoolExecutor.runWorker(ThreadPoolExecutor.java:1134)
        at java.util.concurrent.ThreadPoolExecutor$Worker.run(ThreadPoolExecutor.java:624)
        at java.lang.Thread.run(Thread.java:750)
"qtp1009725708-105" daemon prio=5 tid=105 timed_waiting
java.lang.Thread.State: TIMED_WAITING
        at sun.misc.Unsafe.park(Native Method)
        at java.util.concurrent.locks.LockSupport.parkNanos(LockSupport.java:215)
        at java.util.concurrent.locks.AbstractQueuedSynchronizer$ConditionObject.awaitNanos(AbstractQueuedSynchronizer.java:2083)
        at org.eclipse.jetty.util.BlockingArrayQueue.poll(BlockingArrayQueue.java:382)
        at org.eclipse.jetty.util.thread.QueuedThreadPool$Runner.idleJobPoll(QueuedThreadPool.java:974)
        at org.eclipse.jetty.util.thread.QueuedThreadPool$Runner.run(QueuedThreadPool.java:1018)
        at java.lang.Thread.run(Thread.java:750)
"StaleRecoveringContainerScrubbingService#0" daemon prio=5 tid=358 in Object.wait()
java.lang.Thread.State: WAITING (on object monitor)
        at sun.misc.Unsafe.park(Native Method)
        at java.util.concurrent.locks.LockSupport.park(LockSupport.java:175)
        at java.util.concurrent.locks.AbstractQueuedSynchronizer$ConditionObject.await(AbstractQueuedSynchronizer.java:2044)
        at java.util.concurrent.ScheduledThreadPoolExecutor$DelayedWorkQueue.take(ScheduledThreadPoolExecutor.java:1088)
        at java.util.concurrent.ScheduledThreadPoolExecutor$DelayedWorkQueue.take(ScheduledThreadPoolExecutor.java:809)
        at java.util.concurrent.ThreadPoolExecutor.getTask(ThreadPoolExecutor.java:1074)
        at java.util.concurrent.ThreadPoolExecutor.runWorker(ThreadPoolExecutor.java:1134)
        at java.util.concurrent.ThreadPoolExecutor$Worker.run(ThreadPoolExecutor.java:624)
        at java.lang.Thread.run(Thread.java:750)
"Datanode State Machine Task Thread - 1"  prio=5 tid=392 in Object.wait()
java.lang.Thread.State: WAITING (on object monitor)
        at sun.misc.Unsafe.park(Native Method)
        at java.util.concurrent.locks.LockSupport.park(LockSupport.java:175)
        at java.util.concurrent.locks.AbstractQueuedSynchronizer$ConditionObject.await(AbstractQueuedSynchronizer.java:2044)
        at java.util.concurrent.LinkedBlockingQueue.take(LinkedBlockingQueue.java:442)
        at java.util.concurrent.ThreadPoolExecutor.getTask(ThreadPoolExecutor.java:1074)
        at java.util.concurrent.ThreadPoolExecutor.runWorker(ThreadPoolExecutor.java:1134)
        at java.util.concurrent.ThreadPoolExecutor$Worker.run(ThreadPoolExecutor.java:624)
        at java.lang.Thread.run(Thread.java:750)
"pool-59-thread-1"  prio=5 tid=134 timed_waiting
java.lang.Thread.State: TIMED_WAITING
        at sun.misc.Unsafe.park(Native Method)
        at java.util.concurrent.locks.LockSupport.parkNanos(LockSupport.java:215)
        at java.util.concurrent.locks.AbstractQueuedSynchronizer$ConditionObject.awaitNanos(AbstractQueuedSynchronizer.java:2083)
        at java.util.concurrent.ScheduledThreadPoolExecutor$DelayedWorkQueue.take(ScheduledThreadPoolExecutor.java:1093)
        at java.util.concurrent.ScheduledThreadPoolExecutor$DelayedWorkQueue.take(ScheduledThreadPoolExecutor.java:809)
        at java.util.concurrent.ThreadPoolExecutor.getTask(ThreadPoolExecutor.java:1074)
        at java.util.concurrent.ThreadPoolExecutor.runWorker(ThreadPoolExecutor.java:1134)
        at java.util.concurrent.ThreadPoolExecutor$Worker.run(ThreadPoolExecutor.java:624)
        at java.lang.Thread.run(Thread.java:750)
"ef2e2c18-30bb-4738-b00f-992b0a4fb77a@group-BEF99EDA7C2C->d28c3a4e-3918-43d8-bb46-fc5b34cd0519-GrpcLogAppender-LogAppenderDaemon" daemon prio=5 tid=490 timed_waiting
java.lang.Thread.State: TIMED_WAITING
        at sun.misc.Unsafe.park(Native Method)
        at java.util.concurrent.locks.LockSupport.parkNanos(LockSupport.java:215)
        at java.util.concurrent.CompletableFuture$Signaller.block(CompletableFuture.java:1709)
        at java.util.concurrent.ForkJoinPool.managedBlock(ForkJoinPool.java:3323)
        at java.util.concurrent.CompletableFuture.timedGet(CompletableFuture.java:1788)
        at java.util.concurrent.CompletableFuture.get(CompletableFuture.java:1928)
        at org.apache.ratis.util.AwaitForSignal.await(AwaitForSignal.java:56)
        at org.apache.ratis.grpc.server.GrpcLogAppender.mayWait(GrpcLogAppender.java:169)
        at org.apache.ratis.grpc.server.GrpcLogAppender.run(GrpcLogAppender.java:128)
        at org.apache.ratis.server.leader.LogAppenderDaemon.run(LogAppenderDaemon.java:77)
        at org.apache.ratis.server.leader.LogAppenderDaemon$$Lambda$1003/1963512467.run(Unknown Source)
        at java.lang.Thread.run(Thread.java:750)
"EventQueue-NewNodeForNewNodeHandler" daemon prio=5 tid=385 in Object.wait()
java.lang.Thread.State: WAITING (on object monitor)
        at sun.misc.Unsafe.park(Native Method)
        at java.util.concurrent.locks.LockSupport.park(LockSupport.java:175)
        at java.util.concurrent.locks.AbstractQueuedSynchronizer$ConditionObject.await(AbstractQueuedSynchronizer.java:2044)
        at java.util.concurrent.LinkedBlockingQueue.take(LinkedBlockingQueue.java:442)
        at java.util.concurrent.ThreadPoolExecutor.getTask(ThreadPoolExecutor.java:1074)
        at java.util.concurrent.ThreadPoolExecutor.runWorker(ThreadPoolExecutor.java:1134)
        at java.util.concurrent.ThreadPoolExecutor$Worker.run(ThreadPoolExecutor.java:624)
        at java.lang.Thread.run(Thread.java:750)
"qtp1009725708-103" daemon prio=5 tid=103 timed_waiting
java.lang.Thread.State: TIMED_WAITING
        at sun.misc.Unsafe.park(Native Method)
        at java.util.concurrent.locks.LockSupport.parkNanos(LockSupport.java:215)
        at java.util.concurrent.locks.AbstractQueuedSynchronizer$ConditionObject.awaitNanos(AbstractQueuedSynchronizer.java:2083)
        at org.eclipse.jetty.util.BlockingArrayQueue.poll(BlockingArrayQueue.java:382)
        at org.eclipse.jetty.util.thread.QueuedThreadPool$Runner.idleJobPoll(QueuedThreadPool.java:974)
        at org.eclipse.jetty.util.thread.QueuedThreadPool$Runner.run(QueuedThreadPool.java:1018)
        at java.lang.Thread.run(Thread.java:750)
"StaleRecoveringContainerScrubbingService#2" daemon prio=5 tid=614 in Object.wait()
java.lang.Thread.State: WAITING (on object monitor)
        at sun.misc.Unsafe.park(Native Method)
        at java.util.concurrent.locks.LockSupport.park(LockSupport.java:175)
        at java.util.concurrent.locks.AbstractQueuedSynchronizer$ConditionObject.await(AbstractQueuedSynchronizer.java:2044)
        at java.util.concurrent.ScheduledThreadPoolExecutor$DelayedWorkQueue.take(ScheduledThreadPoolExecutor.java:1088)
        at java.util.concurrent.ScheduledThreadPoolExecutor$DelayedWorkQueue.take(ScheduledThreadPoolExecutor.java:809)
        at java.util.concurrent.ThreadPoolExecutor.getTask(ThreadPoolExecutor.java:1074)
        at java.util.concurrent.ThreadPoolExecutor.runWorker(ThreadPoolExecutor.java:1134)
        at java.util.concurrent.ThreadPoolExecutor$Worker.run(ThreadPoolExecutor.java:624)
        at java.lang.Thread.run(Thread.java:750)
"om1@group-C5BA1605619E-StateMachineUpdater" daemon prio=5 tid=121 timed_waiting
java.lang.Thread.State: TIMED_WAITING
        at sun.misc.Unsafe.park(Native Method)
        at java.util.concurrent.locks.LockSupport.parkNanos(LockSupport.java:215)
        at java.util.concurrent.CompletableFuture$Signaller.block(CompletableFuture.java:1709)
        at java.util.concurrent.ForkJoinPool.managedBlock(ForkJoinPool.java:3323)
        at java.util.concurrent.CompletableFuture.timedGet(CompletableFuture.java:1788)
        at java.util.concurrent.CompletableFuture.get(CompletableFuture.java:1928)
        at org.apache.ratis.util.AwaitForSignal.await(AwaitForSignal.java:56)
        at org.apache.ratis.server.impl.StateMachineUpdater.waitForCommit(StateMachineUpdater.java:207)
        at org.apache.ratis.server.impl.StateMachineUpdater.run(StateMachineUpdater.java:176)
        at java.lang.Thread.run(Thread.java:750)
"FixedThreadPoolWithAffinityExecutor-8-0" daemon prio=5 tid=406 in Object.wait()
java.lang.Thread.State: WAITING (on object monitor)
        at sun.misc.Unsafe.park(Native Method)
        at java.util.concurrent.locks.LockSupport.park(LockSupport.java:175)
        at java.util.concurrent.locks.AbstractQueuedSynchronizer$ConditionObject.await(AbstractQueuedSynchronizer.java:2044)
        at java.util.concurrent.LinkedBlockingDeque.takeFirst(LinkedBlockingDeque.java:492)
        at java.util.concurrent.LinkedBlockingDeque.take(LinkedBlockingDeque.java:680)
        at java.util.concurrent.ThreadPoolExecutor.getTask(ThreadPoolExecutor.java:1074)
        at java.util.concurrent.ThreadPoolExecutor.runWorker(ThreadPoolExecutor.java:1134)
        at java.util.concurrent.ThreadPoolExecutor$Worker.run(ThreadPoolExecutor.java:624)
        at java.lang.Thread.run(Thread.java:750)
"StaleRecoveringContainerScrubbingService#1" daemon prio=5 tid=348 timed_waiting
java.lang.Thread.State: TIMED_WAITING
        at sun.misc.Unsafe.park(Native Method)
        at java.util.concurrent.locks.LockSupport.parkNanos(LockSupport.java:215)
        at java.util.concurrent.locks.AbstractQueuedSynchronizer$ConditionObject.awaitNanos(AbstractQueuedSynchronizer.java:2083)
        at java.util.concurrent.ScheduledThreadPoolExecutor$DelayedWorkQueue.take(ScheduledThreadPoolExecutor.java:1093)
        at java.util.concurrent.ScheduledThreadPoolExecutor$DelayedWorkQueue.take(ScheduledThreadPoolExecutor.java:809)
        at java.util.concurrent.ThreadPoolExecutor.getTask(ThreadPoolExecutor.java:1074)
        at java.util.concurrent.ThreadPoolExecutor.runWorker(ThreadPoolExecutor.java:1134)
        at java.util.concurrent.ThreadPoolExecutor$Worker.run(ThreadPoolExecutor.java:624)
        at java.lang.Thread.run(Thread.java:750)
"Datanode ReportManager Thread - 1" daemon prio=5 tid=239 in Object.wait()
java.lang.Thread.State: WAITING (on object monitor)
        at sun.misc.Unsafe.park(Native Method)
        at java.util.concurrent.locks.LockSupport.park(LockSupport.java:175)
        at java.util.concurrent.locks.AbstractQueuedSynchronizer$ConditionObject.await(AbstractQueuedSynchronizer.java:2044)
        at java.util.concurrent.ScheduledThreadPoolExecutor$DelayedWorkQueue.take(ScheduledThreadPoolExecutor.java:1088)
        at java.util.concurrent.ScheduledThreadPoolExecutor$DelayedWorkQueue.take(ScheduledThreadPoolExecutor.java:809)
        at java.util.concurrent.ThreadPoolExecutor.getTask(ThreadPoolExecutor.java:1074)
        at java.util.concurrent.ThreadPoolExecutor.runWorker(ThreadPoolExecutor.java:1134)
        at java.util.concurrent.ThreadPoolExecutor$Worker.run(ThreadPoolExecutor.java:624)
        at java.lang.Thread.run(Thread.java:750)
"ChunkWriter-3-0" daemon prio=5 tid=342 in Object.wait()
java.lang.Thread.State: WAITING (on object monitor)
        at sun.misc.Unsafe.park(Native Method)
        at java.util.concurrent.locks.LockSupport.park(LockSupport.java:175)
        at java.util.concurrent.locks.AbstractQueuedSynchronizer$ConditionObject.await(AbstractQueuedSynchronizer.java:2044)
        at java.util.concurrent.LinkedBlockingDeque.takeFirst(LinkedBlockingDeque.java:492)
        at java.util.concurrent.LinkedBlockingDeque.take(LinkedBlockingDeque.java:680)
        at java.util.concurrent.ThreadPoolExecutor.getTask(ThreadPoolExecutor.java:1074)
        at java.util.concurrent.ThreadPoolExecutor.runWorker(ThreadPoolExecutor.java:1134)
        at java.util.concurrent.ThreadPoolExecutor$Worker.run(ThreadPoolExecutor.java:624)
        at java.lang.Thread.run(Thread.java:750)
"qtp1636538715-231" daemon prio=5 tid=231 timed_waiting
java.lang.Thread.State: TIMED_WAITING
        at sun.misc.Unsafe.park(Native Method)
        at java.util.concurrent.locks.LockSupport.parkNanos(LockSupport.java:215)
        at java.util.concurrent.locks.AbstractQueuedSynchronizer$ConditionObject.awaitNanos(AbstractQueuedSynchronizer.java:2083)
        at org.eclipse.jetty.util.BlockingArrayQueue.poll(BlockingArrayQueue.java:382)
        at org.eclipse.jetty.util.thread.QueuedThreadPool$Runner.idleJobPoll(QueuedThreadPool.java:974)
        at org.eclipse.jetty.util.thread.QueuedThreadPool$Runner.run(QueuedThreadPool.java:1018)
        at java.lang.Thread.run(Thread.java:750)
"EndpointStateMachine task thread for /0.0.0.0:45685 - 0 "  prio=5 tid=350 in Object.wait()
java.lang.Thread.State: WAITING (on object monitor)
        at sun.misc.Unsafe.park(Native Method)
        at java.util.concurrent.locks.LockSupport.park(LockSupport.java:175)
        at java.util.concurrent.locks.AbstractQueuedSynchronizer$ConditionObject.await(AbstractQueuedSynchronizer.java:2044)
        at java.util.concurrent.LinkedBlockingQueue.take(LinkedBlockingQueue.java:442)
        at java.util.concurrent.ThreadPoolExecutor.getTask(ThreadPoolExecutor.java:1074)
        at java.util.concurrent.ThreadPoolExecutor.runWorker(ThreadPoolExecutor.java:1134)
        at java.util.concurrent.ThreadPoolExecutor$Worker.run(ThreadPoolExecutor.java:624)
        at java.lang.Thread.run(Thread.java:750)
"IPC Server handler 2 on default port 45685" daemon prio=5 tid=79 timed_waiting
java.lang.Thread.State: TIMED_WAITING
        at sun.misc.Unsafe.park(Native Method)
        at java.util.concurrent.locks.LockSupport.parkNanos(LockSupport.java:215)
        at java.util.concurrent.locks.AbstractQueuedSynchronizer$ConditionObject.awaitNanos(AbstractQueuedSynchronizer.java:2083)
        at java.util.concurrent.LinkedBlockingQueue.poll(LinkedBlockingQueue.java:467)
        at org.apache.hadoop.ipc.CallQueueManager.take(CallQueueManager.java:317)
        at org.apache.hadoop.ipc.Server$Handler.run(Server.java:2932)
"org.apache.hadoop.util.JvmPauseMonitor$Monitor@4afd3efb" daemon prio=5 tid=296 timed_waiting
java.lang.Thread.State: TIMED_WAITING
        at java.lang.Thread.sleep(Native Method)
        at org.apache.hadoop.util.JvmPauseMonitor$Monitor.run(JvmPauseMonitor.java:192)
        at java.lang.Thread.run(Thread.java:750)
"qtp1302746218-139" daemon prio=5 tid=139 timed_waiting
java.lang.Thread.State: TIMED_WAITING
        at sun.misc.Unsafe.park(Native Method)
        at java.util.concurrent.locks.LockSupport.parkNanos(LockSupport.java:215)
        at java.util.concurrent.locks.AbstractQueuedSynchronizer$ConditionObject.awaitNanos(AbstractQueuedSynchronizer.java:2083)
        at org.eclipse.jetty.util.BlockingArrayQueue.poll(BlockingArrayQueue.java:382)
        at org.eclipse.jetty.util.thread.QueuedThreadPool$Runner.idleJobPoll(QueuedThreadPool.java:974)
        at org.eclipse.jetty.util.thread.QueuedThreadPool$Runner.run(QueuedThreadPool.java:1018)
        at java.lang.Thread.run(Thread.java:750)
"IPC Server handler 8 on default port 45685" daemon prio=5 tid=85 timed_waiting
java.lang.Thread.State: TIMED_WAITING
        at sun.misc.Unsafe.park(Native Method)
        at java.util.concurrent.locks.LockSupport.parkNanos(LockSupport.java:215)
        at java.util.concurrent.locks.AbstractQueuedSynchronizer$ConditionObject.awaitNanos(AbstractQueuedSynchronizer.java:2083)
        at java.util.concurrent.LinkedBlockingQueue.poll(LinkedBlockingQueue.java:467)
        at org.apache.hadoop.ipc.CallQueueManager.take(CallQueueManager.java:317)
        at org.apache.hadoop.ipc.Server$Handler.run(Server.java:2932)
"IPC Server handler 16 on default port 45685" daemon prio=5 tid=93 timed_waiting
java.lang.Thread.State: TIMED_WAITING
        at sun.misc.Unsafe.park(Native Method)
        at java.util.concurrent.locks.LockSupport.parkNanos(LockSupport.java:215)
        at java.util.concurrent.locks.AbstractQueuedSynchronizer$ConditionObject.awaitNanos(AbstractQueuedSynchronizer.java:2083)
        at java.util.concurrent.LinkedBlockingQueue.poll(LinkedBlockingQueue.java:467)
        at org.apache.hadoop.ipc.CallQueueManager.take(CallQueueManager.java:317)
        at org.apache.hadoop.ipc.Server$Handler.run(Server.java:2932)
"StaleRecoveringContainerScrubbingService#2" daemon prio=5 tid=618 in Object.wait()
java.lang.Thread.State: WAITING (on object monitor)
        at sun.misc.Unsafe.park(Native Method)
        at java.util.concurrent.locks.LockSupport.park(LockSupport.java:175)
        at java.util.concurrent.locks.AbstractQueuedSynchronizer$ConditionObject.await(AbstractQueuedSynchronizer.java:2044)
        at java.util.concurrent.ScheduledThreadPoolExecutor$DelayedWorkQueue.take(ScheduledThreadPoolExecutor.java:1088)
        at java.util.concurrent.ScheduledThreadPoolExecutor$DelayedWorkQueue.take(ScheduledThreadPoolExecutor.java:809)
        at java.util.concurrent.ThreadPoolExecutor.getTask(ThreadPoolExecutor.java:1074)
        at java.util.concurrent.ThreadPoolExecutor.runWorker(ThreadPoolExecutor.java:1134)
        at java.util.concurrent.ThreadPoolExecutor$Worker.run(ThreadPoolExecutor.java:624)
        at java.lang.Thread.run(Thread.java:750)
"Datanode ReportManager Thread - 4" daemon prio=5 tid=294 timed_waiting
java.lang.Thread.State: TIMED_WAITING
        at sun.misc.Unsafe.park(Native Method)
        at java.util.concurrent.locks.LockSupport.parkNanos(LockSupport.java:215)
        at java.util.concurrent.locks.AbstractQueuedSynchronizer$ConditionObject.awaitNanos(AbstractQueuedSynchronizer.java:2083)
        at java.util.concurrent.ScheduledThreadPoolExecutor$DelayedWorkQueue.take(ScheduledThreadPoolExecutor.java:1093)
        at java.util.concurrent.ScheduledThreadPoolExecutor$DelayedWorkQueue.take(ScheduledThreadPoolExecutor.java:809)
        at java.util.concurrent.ThreadPoolExecutor.getTask(ThreadPoolExecutor.java:1074)
        at java.util.concurrent.ThreadPoolExecutor.runWorker(ThreadPoolExecutor.java:1134)
        at java.util.concurrent.ThreadPoolExecutor$Worker.run(ThreadPoolExecutor.java:624)
        at java.lang.Thread.run(Thread.java:750)
"IPC Server handler 9 on default port 45685" daemon prio=5 tid=86 timed_waiting
java.lang.Thread.State: TIMED_WAITING
        at sun.misc.Unsafe.park(Native Method)
        at java.util.concurrent.locks.LockSupport.parkNanos(LockSupport.java:215)
        at java.util.concurrent.locks.AbstractQueuedSynchronizer$ConditionObject.awaitNanos(AbstractQueuedSynchronizer.java:2083)
        at java.util.concurrent.LinkedBlockingQueue.poll(LinkedBlockingQueue.java:467)
        at org.apache.hadoop.ipc.CallQueueManager.take(CallQueueManager.java:317)
        at org.apache.hadoop.ipc.Server$Handler.run(Server.java:2932)
"ChunkWriter-1-0" daemon prio=5 tid=364 in Object.wait()
java.lang.Thread.State: WAITING (on object monitor)
        at sun.misc.Unsafe.park(Native Method)
        at java.util.concurrent.locks.LockSupport.park(LockSupport.java:175)
        at java.util.concurrent.locks.AbstractQueuedSynchronizer$ConditionObject.await(AbstractQueuedSynchronizer.java:2044)
        at java.util.concurrent.LinkedBlockingDeque.takeFirst(LinkedBlockingDeque.java:492)
        at java.util.concurrent.LinkedBlockingDeque.take(LinkedBlockingDeque.java:680)
        at java.util.concurrent.ThreadPoolExecutor.getTask(ThreadPoolExecutor.java:1074)
        at java.util.concurrent.ThreadPoolExecutor.runWorker(ThreadPoolExecutor.java:1134)
        at java.util.concurrent.ThreadPoolExecutor$Worker.run(ThreadPoolExecutor.java:624)
        at java.lang.Thread.run(Thread.java:750)
"org.apache.hadoop.ozone.container.common.statemachine.commandhandler.DeleteBlocksCommandHandler$DeleteCmdWorker@c2e5ad4" daemon prio=5 tid=252 timed_waiting
java.lang.Thread.State: TIMED_WAITING
        at java.lang.Thread.sleep(Native Method)
        at org.apache.hadoop.ozone.container.common.statemachine.commandhandler.DeleteBlocksCommandHandler$DeleteCmdWorker.run(DeleteBlocksCommandHandler.java:185)
        at java.lang.Thread.run(Thread.java:750)
"Datanode State Machine Daemon Thread" daemon prio=5 tid=237 timed_waiting
java.lang.Thread.State: TIMED_WAITING
        at java.lang.Thread.sleep(Native Method)
        at org.apache.hadoop.ozone.container.common.statemachine.DatanodeStateMachine.startStateMachineThread(DatanodeStateMachine.java:313)
        at org.apache.hadoop.ozone.container.common.statemachine.DatanodeStateMachine.lambda$startDaemon$0(DatanodeStateMachine.java:493)
        at org.apache.hadoop.ozone.container.common.statemachine.DatanodeStateMachine$$Lambda$722/1095596852.run(Unknown Source)
        at java.lang.Thread.run(Thread.java:750)
"qtp721392266-287" daemon prio=5 tid=287 timed_waiting
java.lang.Thread.State: TIMED_WAITING
        at sun.misc.Unsafe.park(Native Method)
        at java.util.concurrent.locks.LockSupport.parkNanos(LockSupport.java:215)
        at java.util.concurrent.locks.AbstractQueuedSynchronizer$ConditionObject.awaitNanos(AbstractQueuedSynchronizer.java:2083)
        at org.eclipse.jetty.util.BlockingArrayQueue.poll(BlockingArrayQueue.java:382)
        at org.eclipse.jetty.util.thread.QueuedThreadPool$Runner.idleJobPoll(QueuedThreadPool.java:974)
        at org.eclipse.jetty.util.thread.QueuedThreadPool$Runner.run(QueuedThreadPool.java:1018)
        at java.lang.Thread.run(Thread.java:750)
"qtp721392266-280" daemon prio=5 tid=280 runnable
java.lang.Thread.State: RUNNABLE
        at sun.nio.ch.EPollArrayWrapper.epollWait(Native Method)
        at sun.nio.ch.EPollArrayWrapper.poll(EPollArrayWrapper.java:269)
        at sun.nio.ch.EPollSelectorImpl.doSelect(EPollSelectorImpl.java:93)
        at sun.nio.ch.SelectorImpl.lockAndDoSelect(SelectorImpl.java:86)
        at sun.nio.ch.SelectorImpl.select(SelectorImpl.java:97)
        at sun.nio.ch.SelectorImpl.select(SelectorImpl.java:101)
        at org.eclipse.jetty.io.ManagedSelector.nioSelect(ManagedSelector.java:183)
        at org.eclipse.jetty.io.ManagedSelector.select(ManagedSelector.java:190)
        at org.eclipse.jetty.io.ManagedSelector$SelectorProducer.select(ManagedSelector.java:606)
        at org.eclipse.jetty.io.ManagedSelector$SelectorProducer.produce(ManagedSelector.java:543)
        at org.eclipse.jetty.util.thread.strategy.EatWhatYouKill.produceTask(EatWhatYouKill.java:362)
        at org.eclipse.jetty.util.thread.strategy.EatWhatYouKill.doProduce(EatWhatYouKill.java:186)
        at org.eclipse.jetty.util.thread.strategy.EatWhatYouKill.tryProduce(EatWhatYouKill.java:173)
        at org.eclipse.jetty.util.thread.strategy.EatWhatYouKill.produce(EatWhatYouKill.java:137)
        at org.eclipse.jetty.io.ManagedSelector$$Lambda$440/537813033.run(Unknown Source)
        at org.eclipse.jetty.util.thread.QueuedThreadPool.runJob(QueuedThreadPool.java:883)
        at org.eclipse.jetty.util.thread.QueuedThreadPool$Runner.run(QueuedThreadPool.java:1034)
        at java.lang.Thread.run(Thread.java:750)
"qtp1302746218-138" daemon prio=5 tid=138 timed_waiting
java.lang.Thread.State: TIMED_WAITING
        at sun.misc.Unsafe.park(Native Method)
        at java.util.concurrent.locks.LockSupport.parkNanos(LockSupport.java:215)
        at java.util.concurrent.locks.AbstractQueuedSynchronizer$ConditionObject.awaitNanos(AbstractQueuedSynchronizer.java:2083)
        at org.eclipse.jetty.util.BlockingArrayQueue.poll(BlockingArrayQueue.java:382)
        at org.eclipse.jetty.util.thread.QueuedThreadPool$Runner.idleJobPoll(QueuedThreadPool.java:974)
        at org.eclipse.jetty.util.thread.QueuedThreadPool$Runner.run(QueuedThreadPool.java:1018)
        at java.lang.Thread.run(Thread.java:750)
"IPC Server Responder" daemon prio=5 tid=30 runnable
java.lang.Thread.State: RUNNABLE
        at sun.nio.ch.EPollArrayWrapper.epollWait(Native Method)
        at sun.nio.ch.EPollArrayWrapper.poll(EPollArrayWrapper.java:269)
        at sun.nio.ch.EPollSelectorImpl.doSelect(EPollSelectorImpl.java:93)
        at sun.nio.ch.SelectorImpl.lockAndDoSelect(SelectorImpl.java:86)
        at sun.nio.ch.SelectorImpl.select(SelectorImpl.java:97)
        at org.apache.hadoop.ipc.Server$Responder.doRunLoop(Server.java:1527)
        at org.apache.hadoop.ipc.Server$Responder.run(Server.java:1510)
"bba87d8c-0158-4ef8-bc32-b35d6e659061@group-BEF99EDA7C2C-FollowerState" daemon prio=5 tid=488 timed_waiting
java.lang.Thread.State: TIMED_WAITING
        at java.lang.Thread.sleep(Native Method)
        at java.lang.Thread.sleep(Thread.java:342)
        at java.util.concurrent.TimeUnit.sleep(TimeUnit.java:386)
        at org.apache.ratis.util.TimeDuration.sleep(TimeDuration.java:325)
        at org.apache.ratis.util.TimeDuration.sleep(TimeDuration.java:310)
        at org.apache.ratis.server.impl.FollowerState.run(FollowerState.java:128)
"ef2e2c18-30bb-4738-b00f-992b0a4fb77a@group-BEF99EDA7C2C-SegmentedRaftLogWorker"  prio=5 tid=451 timed_waiting
java.lang.Thread.State: TIMED_WAITING
        at sun.misc.Unsafe.park(Native Method)
        at java.util.concurrent.locks.LockSupport.parkNanos(LockSupport.java:215)
        at java.util.concurrent.locks.AbstractQueuedSynchronizer$ConditionObject.awaitNanos(AbstractQueuedSynchronizer.java:2083)
        at org.apache.ratis.util.DataBlockingQueue.poll(DataBlockingQueue.java:148)
        at org.apache.ratis.server.raftlog.segmented.SegmentedRaftLogWorker.run(SegmentedRaftLogWorker.java:301)
        at org.apache.ratis.server.raftlog.segmented.SegmentedRaftLogWorker$$Lambda$607/2145809167.run(Unknown Source)
        at java.lang.Thread.run(Thread.java:750)
"d38685a6-2183-48c3-b209-d48d12164108@group-690075E123F6-SegmentedRaftLogWorker"  prio=5 tid=410 timed_waiting
java.lang.Thread.State: TIMED_WAITING
        at sun.misc.Unsafe.park(Native Method)
        at java.util.concurrent.locks.LockSupport.parkNanos(LockSupport.java:215)
        at java.util.concurrent.locks.AbstractQueuedSynchronizer$ConditionObject.awaitNanos(AbstractQueuedSynchronizer.java:2083)
        at org.apache.ratis.util.DataBlockingQueue.poll(DataBlockingQueue.java:148)
        at org.apache.ratis.server.raftlog.segmented.SegmentedRaftLogWorker.run(SegmentedRaftLogWorker.java:301)
        at org.apache.ratis.server.raftlog.segmented.SegmentedRaftLogWorker$$Lambda$607/2145809167.run(Unknown Source)
        at java.lang.Thread.run(Thread.java:750)
"d28c3a4e-3918-43d8-bb46-fc5b34cd0519-server-thread1" daemon prio=5 tid=493 timed_waiting
java.lang.Thread.State: TIMED_WAITING
        at sun.misc.Unsafe.park(Native Method)
        at java.util.concurrent.locks.LockSupport.parkNanos(LockSupport.java:215)
        at java.util.concurrent.SynchronousQueue$TransferStack.awaitFulfill(SynchronousQueue.java:460)
        at java.util.concurrent.SynchronousQueue$TransferStack.transfer(SynchronousQueue.java:362)
        at java.util.concurrent.SynchronousQueue.poll(SynchronousQueue.java:941)
        at java.util.concurrent.ThreadPoolExecutor.getTask(ThreadPoolExecutor.java:1073)
        at java.util.concurrent.ThreadPoolExecutor.runWorker(ThreadPoolExecutor.java:1134)
        at java.util.concurrent.ThreadPoolExecutor$Worker.run(ThreadPoolExecutor.java:624)
        at java.lang.Thread.run(Thread.java:750)
"d28c3a4e-3918-43d8-bb46-fc5b34cd0519@group-BEF99EDA7C2C-SegmentedRaftLogWorker"  prio=5 tid=444 timed_waiting
java.lang.Thread.State: TIMED_WAITING
        at sun.misc.Unsafe.park(Native Method)
        at java.util.concurrent.locks.LockSupport.parkNanos(LockSupport.java:215)
        at java.util.concurrent.locks.AbstractQueuedSynchronizer$ConditionObject.awaitNanos(AbstractQueuedSynchronizer.java:2083)
        at org.apache.ratis.util.DataBlockingQueue.poll(DataBlockingQueue.java:148)
        at org.apache.ratis.server.raftlog.segmented.SegmentedRaftLogWorker.run(SegmentedRaftLogWorker.java:301)
        at org.apache.ratis.server.raftlog.segmented.SegmentedRaftLogWorker$$Lambda$607/2145809167.run(Unknown Source)
        at java.lang.Thread.run(Thread.java:750)
"d38685a6-2183-48c3-b209-d48d12164108@group-8AF4B479ECA4-StateMachineUpdater" daemon prio=5 tid=415 timed_waiting
java.lang.Thread.State: TIMED_WAITING
        at sun.misc.Unsafe.park(Native Method)
        at java.util.concurrent.locks.LockSupport.parkNanos(LockSupport.java:215)
        at java.util.concurrent.CompletableFuture$Signaller.block(CompletableFuture.java:1709)
        at java.util.concurrent.ForkJoinPool.managedBlock(ForkJoinPool.java:3323)
        at java.util.concurrent.CompletableFuture.timedGet(CompletableFuture.java:1788)
        at java.util.concurrent.CompletableFuture.get(CompletableFuture.java:1928)
        at org.apache.ratis.util.AwaitForSignal.await(AwaitForSignal.java:56)
        at org.apache.ratis.server.impl.StateMachineUpdater.waitForCommit(StateMachineUpdater.java:207)
        at org.apache.ratis.server.impl.StateMachineUpdater.run(StateMachineUpdater.java:176)
        at java.lang.Thread.run(Thread.java:750)
"qtp1302746218-136-acceptor-0@15cfaabc-ServerConnector@18a997c7{HTTP/1.1, (http/1.1)}{0.0.0.0:37205}" daemon prio=3 tid=136 runnable
java.lang.Thread.State: RUNNABLE
        at sun.nio.ch.ServerSocketChannelImpl.accept0(Native Method)
        at sun.nio.ch.ServerSocketChannelImpl.accept(ServerSocketChannelImpl.java:421)
        at sun.nio.ch.ServerSocketChannelImpl.accept(ServerSocketChannelImpl.java:249)
        at org.eclipse.jetty.server.ServerConnector.accept(ServerConnector.java:388)
        at org.eclipse.jetty.server.AbstractConnector$Acceptor.run(AbstractConnector.java:702)
        at org.eclipse.jetty.util.thread.QueuedThreadPool.runJob(QueuedThreadPool.java:883)
        at org.eclipse.jetty.util.thread.QueuedThreadPool$Runner.run(QueuedThreadPool.java:1034)
        at java.lang.Thread.run(Thread.java:750)
"e152a9cb-50bd-4473-abda-9918c470cf1e@group-CBC39D7A33A3-SegmentedRaftLogWorker"  prio=5 tid=429 timed_waiting
java.lang.Thread.State: TIMED_WAITING
        at sun.misc.Unsafe.park(Native Method)
        at java.util.concurrent.locks.LockSupport.parkNanos(LockSupport.java:215)
        at java.util.concurrent.locks.AbstractQueuedSynchronizer$ConditionObject.awaitNanos(AbstractQueuedSynchronizer.java:2083)
        at org.apache.ratis.util.DataBlockingQueue.poll(DataBlockingQueue.java:148)
        at org.apache.ratis.server.raftlog.segmented.SegmentedRaftLogWorker.run(SegmentedRaftLogWorker.java:301)
        at org.apache.ratis.server.raftlog.segmented.SegmentedRaftLogWorker$$Lambda$607/2145809167.run(Unknown Source)
        at java.lang.Thread.run(Thread.java:750)
"qtp122396887-306" daemon prio=5 tid=306 runnable
java.lang.Thread.State: RUNNABLE
        at sun.nio.ch.EPollArrayWrapper.epollWait(Native Method)
        at sun.nio.ch.EPollArrayWrapper.poll(EPollArrayWrapper.java:269)
        at sun.nio.ch.EPollSelectorImpl.doSelect(EPollSelectorImpl.java:93)
        at sun.nio.ch.SelectorImpl.lockAndDoSelect(SelectorImpl.java:86)
        at sun.nio.ch.SelectorImpl.select(SelectorImpl.java:97)
        at sun.nio.ch.SelectorImpl.select(SelectorImpl.java:101)
        at org.eclipse.jetty.io.ManagedSelector.nioSelect(ManagedSelector.java:183)
        at org.eclipse.jetty.io.ManagedSelector.select(ManagedSelector.java:190)
        at org.eclipse.jetty.io.ManagedSelector$SelectorProducer.select(ManagedSelector.java:606)
        at org.eclipse.jetty.io.ManagedSelector$SelectorProducer.produce(ManagedSelector.java:543)
        at org.eclipse.jetty.util.thread.strategy.EatWhatYouKill.produceTask(EatWhatYouKill.java:362)
        at org.eclipse.jetty.util.thread.strategy.EatWhatYouKill.doProduce(EatWhatYouKill.java:186)
        at org.eclipse.jetty.util.thread.strategy.EatWhatYouKill.tryProduce(EatWhatYouKill.java:173)
        at org.eclipse.jetty.util.thread.strategy.EatWhatYouKill.produce(EatWhatYouKill.java:137)
        at org.eclipse.jetty.io.ManagedSelector$$Lambda$440/537813033.run(Unknown Source)
        at org.eclipse.jetty.util.thread.QueuedThreadPool.runJob(QueuedThreadPool.java:883)
        at org.eclipse.jetty.util.thread.QueuedThreadPool$Runner.run(QueuedThreadPool.java:1034)
        at java.lang.Thread.run(Thread.java:750)
"StaleRecoveringContainerScrubbingService#0" daemon prio=5 tid=346 in Object.wait()
java.lang.Thread.State: WAITING (on object monitor)
        at sun.misc.Unsafe.park(Native Method)
        at java.util.concurrent.locks.LockSupport.park(LockSupport.java:175)
        at java.util.concurrent.locks.AbstractQueuedSynchronizer$ConditionObject.await(AbstractQueuedSynchronizer.java:2044)
        at java.util.concurrent.ScheduledThreadPoolExecutor$DelayedWorkQueue.take(ScheduledThreadPoolExecutor.java:1088)
        at java.util.concurrent.ScheduledThreadPoolExecutor$DelayedWorkQueue.take(ScheduledThreadPoolExecutor.java:809)
        at java.util.concurrent.ThreadPoolExecutor.getTask(ThreadPoolExecutor.java:1074)
        at java.util.concurrent.ThreadPoolExecutor.runWorker(ThreadPoolExecutor.java:1134)
        at java.util.concurrent.ThreadPoolExecutor$Worker.run(ThreadPoolExecutor.java:624)
        at java.lang.Thread.run(Thread.java:750)
"qtp1243608583-174" daemon prio=5 tid=174 runnable
java.lang.Thread.State: RUNNABLE
        at sun.nio.ch.EPollArrayWrapper.epollWait(Native Method)
        at sun.nio.ch.EPollArrayWrapper.poll(EPollArrayWrapper.java:269)
        at sun.nio.ch.EPollSelectorImpl.doSelect(EPollSelectorImpl.java:93)
        at sun.nio.ch.SelectorImpl.lockAndDoSelect(SelectorImpl.java:86)
        at sun.nio.ch.SelectorImpl.select(SelectorImpl.java:97)
        at sun.nio.ch.SelectorImpl.select(SelectorImpl.java:101)
        at org.eclipse.jetty.io.ManagedSelector.nioSelect(ManagedSelector.java:183)
        at org.eclipse.jetty.io.ManagedSelector.select(ManagedSelector.java:190)
        at org.eclipse.jetty.io.ManagedSelector$SelectorProducer.select(ManagedSelector.java:606)
        at org.eclipse.jetty.io.ManagedSelector$SelectorProducer.produce(ManagedSelector.java:543)
        at org.eclipse.jetty.util.thread.strategy.EatWhatYouKill.produceTask(EatWhatYouKill.java:362)
        at org.eclipse.jetty.util.thread.strategy.EatWhatYouKill.doProduce(EatWhatYouKill.java:186)
        at org.eclipse.jetty.util.thread.strategy.EatWhatYouKill.tryProduce(EatWhatYouKill.java:173)
        at org.eclipse.jetty.util.thread.strategy.EatWhatYouKill.produce(EatWhatYouKill.java:137)
        at org.eclipse.jetty.io.ManagedSelector$$Lambda$440/537813033.run(Unknown Source)
        at org.eclipse.jetty.util.thread.QueuedThreadPool.runJob(QueuedThreadPool.java:883)
        at org.eclipse.jetty.util.thread.QueuedThreadPool$Runner.run(QueuedThreadPool.java:1034)
        at java.lang.Thread.run(Thread.java:750)
"BlockDeletingService#2" daemon prio=5 tid=617 in Object.wait()
java.lang.Thread.State: WAITING (on object monitor)
        at sun.misc.Unsafe.park(Native Method)
        at java.util.concurrent.locks.LockSupport.park(LockSupport.java:175)
        at java.util.concurrent.locks.AbstractQueuedSynchronizer$ConditionObject.await(AbstractQueuedSynchronizer.java:2044)
        at java.util.concurrent.ScheduledThreadPoolExecutor$DelayedWorkQueue.take(ScheduledThreadPoolExecutor.java:1088)
        at java.util.concurrent.ScheduledThreadPoolExecutor$DelayedWorkQueue.take(ScheduledThreadPoolExecutor.java:809)
        at java.util.concurrent.ThreadPoolExecutor.getTask(ThreadPoolExecutor.java:1074)
        at java.util.concurrent.ThreadPoolExecutor.runWorker(ThreadPoolExecutor.java:1134)
        at java.util.concurrent.ThreadPoolExecutor$Worker.run(ThreadPoolExecutor.java:624)
        at java.lang.Thread.run(Thread.java:750)
"ChunkWriter-1-0" daemon prio=5 tid=376 in Object.wait()
java.lang.Thread.State: WAITING (on object monitor)
        at sun.misc.Unsafe.park(Native Method)
        at java.util.concurrent.locks.LockSupport.park(LockSupport.java:175)
        at java.util.concurrent.locks.AbstractQueuedSynchronizer$ConditionObject.await(AbstractQueuedSynchronizer.java:2044)
        at java.util.concurrent.LinkedBlockingDeque.takeFirst(LinkedBlockingDeque.java:492)
        at java.util.concurrent.LinkedBlockingDeque.take(LinkedBlockingDeque.java:680)
        at java.util.concurrent.ThreadPoolExecutor.getTask(ThreadPoolExecutor.java:1074)
        at java.util.concurrent.ThreadPoolExecutor.runWorker(ThreadPoolExecutor.java:1134)
        at java.util.concurrent.ThreadPoolExecutor$Worker.run(ThreadPoolExecutor.java:624)
        at java.lang.Thread.run(Thread.java:750)
"RatisPipelineUtilsThread - 0"  prio=5 tid=15 timed_waiting
java.lang.Thread.State: TIMED_WAITING
        at java.lang.Object.wait(Native Method)
        at org.apache.hadoop.hdds.scm.pipeline.BackgroundPipelineCreator.run(BackgroundPipelineCreator.java:176)
        at org.apache.hadoop.hdds.scm.pipeline.BackgroundPipelineCreator$$Lambda$366/977645524.run(Unknown Source)
        at java.lang.Thread.run(Thread.java:750)
"Datanode State Machine Daemon Thread" daemon prio=5 tid=183 timed_waiting
java.lang.Thread.State: TIMED_WAITING
        at java.lang.Thread.sleep(Native Method)
        at org.apache.hadoop.ozone.container.common.statemachine.DatanodeStateMachine.startStateMachineThread(DatanodeStateMachine.java:313)
        at org.apache.hadoop.ozone.container.common.statemachine.DatanodeStateMachine.lambda$startDaemon$0(DatanodeStateMachine.java:493)
        at org.apache.hadoop.ozone.container.common.statemachine.DatanodeStateMachine$$Lambda$722/1095596852.run(Unknown Source)
        at java.lang.Thread.run(Thread.java:750)
"qtp1636538715-235" daemon prio=5 tid=235 timed_waiting
java.lang.Thread.State: TIMED_WAITING
        at sun.misc.Unsafe.park(Native Method)
        at java.util.concurrent.locks.LockSupport.parkNanos(LockSupport.java:215)
        at java.util.concurrent.locks.AbstractQueuedSynchronizer$ConditionObject.awaitNanos(AbstractQueuedSynchronizer.java:2083)
        at org.eclipse.jetty.util.BlockingArrayQueue.poll(BlockingArrayQueue.java:382)
        at org.eclipse.jetty.util.thread.QueuedThreadPool$Runner.idleJobPoll(QueuedThreadPool.java:974)
        at org.eclipse.jetty.util.thread.QueuedThreadPool$Runner.run(QueuedThreadPool.java:1018)
        at java.lang.Thread.run(Thread.java:750)
"IPC Server handler 2 on default port 37901" daemon prio=5 tid=39 timed_waiting
java.lang.Thread.State: TIMED_WAITING
        at sun.misc.Unsafe.park(Native Method)
        at java.util.concurrent.locks.LockSupport.parkNanos(LockSupport.java:215)
        at java.util.concurrent.locks.AbstractQueuedSynchronizer$ConditionObject.awaitNanos(AbstractQueuedSynchronizer.java:2083)
        at java.util.concurrent.LinkedBlockingQueue.poll(LinkedBlockingQueue.java:467)
        at org.apache.hadoop.ipc.CallQueueManager.take(CallQueueManager.java:317)
        at org.apache.hadoop.ipc.Server$Handler.run(Server.java:2932)
"EventQueue-CommandQueueReportForCommandQueueReportHandler" daemon prio=5 tid=407 in Object.wait()
java.lang.Thread.State: WAITING (on object monitor)
        at sun.misc.Unsafe.park(Native Method)
        at java.util.concurrent.locks.LockSupport.park(LockSupport.java:175)
        at java.util.concurrent.locks.AbstractQueuedSynchronizer$ConditionObject.await(AbstractQueuedSynchronizer.java:2044)
        at java.util.concurrent.LinkedBlockingQueue.take(LinkedBlockingQueue.java:442)
        at java.util.concurrent.ThreadPoolExecutor.getTask(ThreadPoolExecutor.java:1074)
        at java.util.concurrent.ThreadPoolExecutor.runWorker(ThreadPoolExecutor.java:1134)
        at java.util.concurrent.ThreadPoolExecutor$Worker.run(ThreadPoolExecutor.java:624)
        at java.lang.Thread.run(Thread.java:750)
"OpenKeyCleanupService#0" daemon prio=5 tid=133 timed_waiting
java.lang.Thread.State: TIMED_WAITING
        at sun.misc.Unsafe.park(Native Method)
        at java.util.concurrent.locks.LockSupport.parkNanos(LockSupport.java:215)
        at java.util.concurrent.locks.AbstractQueuedSynchronizer$ConditionObject.awaitNanos(AbstractQueuedSynchronizer.java:2083)
        at java.util.concurrent.ScheduledThreadPoolExecutor$DelayedWorkQueue.take(ScheduledThreadPoolExecutor.java:1093)
        at java.util.concurrent.ScheduledThreadPoolExecutor$DelayedWorkQueue.take(ScheduledThreadPoolExecutor.java:809)
        at java.util.concurrent.ThreadPoolExecutor.getTask(ThreadPoolExecutor.java:1074)
        at java.util.concurrent.ThreadPoolExecutor.runWorker(ThreadPoolExecutor.java:1134)
        at java.util.concurrent.ThreadPoolExecutor$Worker.run(ThreadPoolExecutor.java:624)
        at java.lang.Thread.run(Thread.java:750)
"pool-196-thread-1"  prio=5 tid=305 timed_waiting
java.lang.Thread.State: TIMED_WAITING
        at sun.misc.Unsafe.park(Native Method)
        at java.util.concurrent.locks.LockSupport.parkNanos(LockSupport.java:215)
        at java.util.concurrent.locks.AbstractQueuedSynchronizer$ConditionObject.awaitNanos(AbstractQueuedSynchronizer.java:2083)
        at java.util.concurrent.ScheduledThreadPoolExecutor$DelayedWorkQueue.take(ScheduledThreadPoolExecutor.java:1093)
        at java.util.concurrent.ScheduledThreadPoolExecutor$DelayedWorkQueue.take(ScheduledThreadPoolExecutor.java:809)
        at java.util.concurrent.ThreadPoolExecutor.getTask(ThreadPoolExecutor.java:1074)
        at java.util.concurrent.ThreadPoolExecutor.runWorker(ThreadPoolExecutor.java:1134)
        at java.util.concurrent.ThreadPoolExecutor$Worker.run(ThreadPoolExecutor.java:624)
        at java.lang.Thread.run(Thread.java:750)
"IPC Server handler 2 on default port 34177" daemon prio=5 tid=59 timed_waiting
java.lang.Thread.State: TIMED_WAITING
        at sun.misc.Unsafe.park(Native Method)
        at java.util.concurrent.locks.LockSupport.parkNanos(LockSupport.java:215)
        at java.util.concurrent.locks.AbstractQueuedSynchronizer$ConditionObject.awaitNanos(AbstractQueuedSynchronizer.java:2083)
        at java.util.concurrent.LinkedBlockingQueue.poll(LinkedBlockingQueue.java:467)
        at org.apache.hadoop.ipc.CallQueueManager.take(CallQueueManager.java:317)
        at org.apache.hadoop.ipc.Server$Handler.run(Server.java:2932)
"om1@group-C5BA1605619E-LeaderStateImpl" daemon prio=5 tid=193 timed_waiting
java.lang.Thread.State: TIMED_WAITING
        at sun.misc.Unsafe.park(Native Method)
        at java.util.concurrent.locks.LockSupport.parkNanos(LockSupport.java:215)
        at java.util.concurrent.locks.AbstractQueuedSynchronizer$ConditionObject.awaitNanos(AbstractQueuedSynchronizer.java:2083)
        at java.util.concurrent.ArrayBlockingQueue.poll(ArrayBlockingQueue.java:418)
        at org.apache.ratis.server.impl.LeaderStateImpl$EventQueue.poll(LeaderStateImpl.java:159)
        at org.apache.ratis.server.impl.LeaderStateImpl$EventProcessor.run(LeaderStateImpl.java:630)
"IPC Server handler 0 on default port 37901" daemon prio=5 tid=37 timed_waiting
java.lang.Thread.State: TIMED_WAITING
        at sun.misc.Unsafe.park(Native Method)
        at java.util.concurrent.locks.LockSupport.parkNanos(LockSupport.java:215)
        at java.util.concurrent.locks.AbstractQueuedSynchronizer$ConditionObject.awaitNanos(AbstractQueuedSynchronizer.java:2083)
        at java.util.concurrent.LinkedBlockingQueue.poll(LinkedBlockingQueue.java:467)
        at org.apache.hadoop.ipc.CallQueueManager.take(CallQueueManager.java:317)
        at org.apache.hadoop.ipc.Server$Handler.run(Server.java:2932)
"IPC Server handler 16 on default port 43991" daemon prio=5 tid=160 timed_waiting
java.lang.Thread.State: TIMED_WAITING
        at sun.misc.Unsafe.park(Native Method)
        at java.util.concurrent.locks.LockSupport.parkNanos(LockSupport.java:215)
        at java.util.concurrent.locks.AbstractQueuedSynchronizer$ConditionObject.awaitNanos(AbstractQueuedSynchronizer.java:2083)
        at java.util.concurrent.LinkedBlockingQueue.poll(LinkedBlockingQueue.java:467)
        at org.apache.hadoop.ipc.CallQueueManager.take(CallQueueManager.java:317)
        at org.apache.hadoop.ipc.Server$Handler.run(Server.java:2932)
"StaleRecoveringContainerScrubbingService#1" daemon prio=5 tid=372 timed_waiting
java.lang.Thread.State: TIMED_WAITING
        at sun.misc.Unsafe.park(Native Method)
        at java.util.concurrent.locks.LockSupport.parkNanos(LockSupport.java:215)
        at java.util.concurrent.locks.AbstractQueuedSynchronizer$ConditionObject.awaitNanos(AbstractQueuedSynchronizer.java:2083)
        at java.util.concurrent.ScheduledThreadPoolExecutor$DelayedWorkQueue.take(ScheduledThreadPoolExecutor.java:1093)
        at java.util.concurrent.ScheduledThreadPoolExecutor$DelayedWorkQueue.take(ScheduledThreadPoolExecutor.java:809)
        at java.util.concurrent.ThreadPoolExecutor.getTask(ThreadPoolExecutor.java:1074)
        at java.util.concurrent.ThreadPoolExecutor.runWorker(ThreadPoolExecutor.java:1134)
        at java.util.concurrent.ThreadPoolExecutor$Worker.run(ThreadPoolExecutor.java:624)
        at java.lang.Thread.run(Thread.java:750)
"Periodic HDDS volume checker" daemon prio=5 tid=195 timed_waiting
java.lang.Thread.State: TIMED_WAITING
        at sun.misc.Unsafe.park(Native Method)
        at java.util.concurrent.locks.LockSupport.parkNanos(LockSupport.java:215)
        at java.util.concurrent.locks.AbstractQueuedSynchronizer$ConditionObject.awaitNanos(AbstractQueuedSynchronizer.java:2083)
        at java.util.concurrent.ScheduledThreadPoolExecutor$DelayedWorkQueue.take(ScheduledThreadPoolExecutor.java:1093)
        at java.util.concurrent.ScheduledThreadPoolExecutor$DelayedWorkQueue.take(ScheduledThreadPoolExecutor.java:809)
        at java.util.concurrent.ThreadPoolExecutor.getTask(ThreadPoolExecutor.java:1074)
        at java.util.concurrent.ThreadPoolExecutor.runWorker(ThreadPoolExecutor.java:1134)
        at java.util.concurrent.ThreadPoolExecutor$Worker.run(ThreadPoolExecutor.java:624)
        at java.lang.Thread.run(Thread.java:750)
"qtp1009725708-101-acceptor-0@51b22e56-ServerConnector@92de794{HTTP/1.1, (http/1.1)}{0.0.0.0:42103}" daemon prio=3 tid=101 runnable
java.lang.Thread.State: RUNNABLE
        at sun.nio.ch.ServerSocketChannelImpl.accept0(Native Method)
        at sun.nio.ch.ServerSocketChannelImpl.accept(ServerSocketChannelImpl.java:421)
        at sun.nio.ch.ServerSocketChannelImpl.accept(ServerSocketChannelImpl.java:249)
        at org.eclipse.jetty.server.ServerConnector.accept(ServerConnector.java:388)
        at org.eclipse.jetty.server.AbstractConnector$Acceptor.run(AbstractConnector.java:702)
        at org.eclipse.jetty.util.thread.QueuedThreadPool.runJob(QueuedThreadPool.java:883)
        at org.eclipse.jetty.util.thread.QueuedThreadPool$Runner.run(QueuedThreadPool.java:1034)
        at java.lang.Thread.run(Thread.java:750)
"qtp122396887-313" daemon prio=5 tid=313 timed_waiting
java.lang.Thread.State: TIMED_WAITING
        at sun.misc.Unsafe.park(Native Method)
        at java.util.concurrent.locks.LockSupport.parkNanos(LockSupport.java:215)
        at java.util.concurrent.locks.AbstractQueuedSynchronizer$ConditionObject.awaitNanos(AbstractQueuedSynchronizer.java:2083)
        at org.eclipse.jetty.util.BlockingArrayQueue.poll(BlockingArrayQueue.java:382)
        at org.eclipse.jetty.util.thread.QueuedThreadPool$Runner.idleJobPoll(QueuedThreadPool.java:974)
        at org.eclipse.jetty.util.thread.QueuedThreadPool$Runner.run(QueuedThreadPool.java:1018)
        at java.lang.Thread.run(Thread.java:750)
"IPC Server handler 8 on default port 34177" daemon prio=5 tid=65 timed_waiting
java.lang.Thread.State: TIMED_WAITING
        at sun.misc.Unsafe.park(Native Method)
        at java.util.concurrent.locks.LockSupport.parkNanos(LockSupport.java:215)
        at java.util.concurrent.locks.AbstractQueuedSynchronizer$ConditionObject.awaitNanos(AbstractQueuedSynchronizer.java:2083)
        at java.util.concurrent.LinkedBlockingQueue.poll(LinkedBlockingQueue.java:467)
        at org.apache.hadoop.ipc.CallQueueManager.take(CallQueueManager.java:317)
        at org.apache.hadoop.ipc.Server$Handler.run(Server.java:2932)
"Datanode State Machine Task Thread - 0"  prio=5 tid=297 in Object.wait()
java.lang.Thread.State: WAITING (on object monitor)
        at sun.misc.Unsafe.park(Native Method)
        at java.util.concurrent.locks.LockSupport.park(LockSupport.java:175)
        at java.util.concurrent.locks.AbstractQueuedSynchronizer$ConditionObject.await(AbstractQueuedSynchronizer.java:2044)
        at java.util.concurrent.LinkedBlockingQueue.take(LinkedBlockingQueue.java:442)
        at java.util.concurrent.ThreadPoolExecutor.getTask(ThreadPoolExecutor.java:1074)
        at java.util.concurrent.ThreadPoolExecutor.runWorker(ThreadPoolExecutor.java:1134)
        at java.util.concurrent.ThreadPoolExecutor$Worker.run(ThreadPoolExecutor.java:624)
        at java.lang.Thread.run(Thread.java:750)
"qtp1243608583-180" daemon prio=5 tid=180 timed_waiting
java.lang.Thread.State: TIMED_WAITING
        at sun.misc.Unsafe.park(Native Method)
        at java.util.concurrent.locks.LockSupport.parkNanos(LockSupport.java:215)
        at java.util.concurrent.locks.AbstractQueuedSynchronizer$ConditionObject.awaitNanos(AbstractQueuedSynchronizer.java:2083)
        at org.eclipse.jetty.util.BlockingArrayQueue.poll(BlockingArrayQueue.java:382)
        at org.eclipse.jetty.util.thread.QueuedThreadPool$Runner.idleJobPoll(QueuedThreadPool.java:974)
        at org.eclipse.jetty.util.thread.QueuedThreadPool$Runner.run(QueuedThreadPool.java:1018)
        at java.lang.Thread.run(Thread.java:750)
"Datanode ReportManager Thread - 0" daemon prio=5 tid=290 in Object.wait()
java.lang.Thread.State: WAITING (on object monitor)
        at sun.misc.Unsafe.park(Native Method)
        at java.util.concurrent.locks.LockSupport.park(LockSupport.java:175)
        at java.util.concurrent.locks.AbstractQueuedSynchronizer$ConditionObject.await(AbstractQueuedSynchronizer.java:2044)
        at java.util.concurrent.ScheduledThreadPoolExecutor$DelayedWorkQueue.take(ScheduledThreadPoolExecutor.java:1088)
        at java.util.concurrent.ScheduledThreadPoolExecutor$DelayedWorkQueue.take(ScheduledThreadPoolExecutor.java:809)
        at java.util.concurrent.ThreadPoolExecutor.getTask(ThreadPoolExecutor.java:1074)
        at java.util.concurrent.ThreadPoolExecutor.runWorker(ThreadPoolExecutor.java:1134)
        at java.util.concurrent.ThreadPoolExecutor$Worker.run(ThreadPoolExecutor.java:624)
        at java.lang.Thread.run(Thread.java:750)
"qtp1764184489-256" daemon prio=5 tid=256 timed_waiting
java.lang.Thread.State: TIMED_WAITING
        at sun.misc.Unsafe.park(Native Method)
        at java.util.concurrent.locks.LockSupport.parkNanos(LockSupport.java:215)
        at java.util.concurrent.locks.AbstractQueuedSynchronizer$ConditionObject.awaitNanos(AbstractQueuedSynchronizer.java:2083)
        at org.eclipse.jetty.util.BlockingArrayQueue.poll(BlockingArrayQueue.java:382)
        at org.eclipse.jetty.util.thread.QueuedThreadPool$Runner.idleJobPoll(QueuedThreadPool.java:974)
        at org.eclipse.jetty.util.thread.QueuedThreadPool$Runner.run(QueuedThreadPool.java:1018)
        at java.lang.Thread.run(Thread.java:750)
"StaleRecoveringContainerScrubbingService#0" daemon prio=5 tid=334 in Object.wait()
java.lang.Thread.State: WAITING (on object monitor)
        at sun.misc.Unsafe.park(Native Method)
        at java.util.concurrent.locks.LockSupport.park(LockSupport.java:175)
        at java.util.concurrent.locks.AbstractQueuedSynchronizer$ConditionObject.await(AbstractQueuedSynchronizer.java:2044)
        at java.util.concurrent.ScheduledThreadPoolExecutor$DelayedWorkQueue.take(ScheduledThreadPoolExecutor.java:1088)
        at java.util.concurrent.ScheduledThreadPoolExecutor$DelayedWorkQueue.take(ScheduledThreadPoolExecutor.java:809)
        at java.util.concurrent.ThreadPoolExecutor.getTask(ThreadPoolExecutor.java:1074)
        at java.util.concurrent.ThreadPoolExecutor.runWorker(ThreadPoolExecutor.java:1134)
        at java.util.concurrent.ThreadPoolExecutor$Worker.run(ThreadPoolExecutor.java:624)
        at java.lang.Thread.run(Thread.java:750)
"org.apache.hadoop.util.JvmPauseMonitor$Monitor@20e2dabf" daemon prio=5 tid=270 timed_waiting
java.lang.Thread.State: TIMED_WAITING
        at java.lang.Thread.sleep(Native Method)
        at org.apache.hadoop.util.JvmPauseMonitor$Monitor.run(JvmPauseMonitor.java:192)
        at java.lang.Thread.run(Thread.java:750)
"IPC Server handler 1 on default port 45685" daemon prio=5 tid=78 timed_waiting
java.lang.Thread.State: TIMED_WAITING
        at sun.misc.Unsafe.park(Native Method)
        at java.util.concurrent.locks.LockSupport.parkNanos(LockSupport.java:215)
        at java.util.concurrent.locks.AbstractQueuedSynchronizer$ConditionObject.awaitNanos(AbstractQueuedSynchronizer.java:2083)
        at java.util.concurrent.LinkedBlockingQueue.poll(LinkedBlockingQueue.java:467)
        at org.apache.hadoop.ipc.CallQueueManager.take(CallQueueManager.java:317)
        at org.apache.hadoop.ipc.Server$Handler.run(Server.java:2932)
"ChunkReader-ELG-0" daemon prio=5 tid=380 runnable
java.lang.Thread.State: RUNNABLE
        at org.apache.ratis.thirdparty.io.netty.channel.epoll.Native.epollWait(Native Method)
        at org.apache.ratis.thirdparty.io.netty.channel.epoll.Native.epollWait(Native.java:193)
        at org.apache.ratis.thirdparty.io.netty.channel.epoll.Native.epollWait(Native.java:186)
        at org.apache.ratis.thirdparty.io.netty.channel.epoll.EpollEventLoop.epollWaitNoTimerChange(EpollEventLoop.java:290)
        at org.apache.ratis.thirdparty.io.netty.channel.epoll.EpollEventLoop.run(EpollEventLoop.java:347)
        at org.apache.ratis.thirdparty.io.netty.util.concurrent.SingleThreadEventExecutor$4.run(SingleThreadEventExecutor.java:986)
        at org.apache.ratis.thirdparty.io.netty.util.internal.ThreadExecutorMap$2.run(ThreadExecutorMap.java:74)
        at java.lang.Thread.run(Thread.java:750)
"IPC Server listener on 0" daemon prio=5 tid=23 runnable
java.lang.Thread.State: RUNNABLE
        at sun.nio.ch.EPollArrayWrapper.epollWait(Native Method)
        at sun.nio.ch.EPollArrayWrapper.poll(EPollArrayWrapper.java:269)
        at sun.nio.ch.EPollSelectorImpl.doSelect(EPollSelectorImpl.java:93)
        at sun.nio.ch.SelectorImpl.lockAndDoSelect(SelectorImpl.java:86)
        at sun.nio.ch.SelectorImpl.select(SelectorImpl.java:97)
        at sun.nio.ch.SelectorImpl.select(SelectorImpl.java:101)
        at org.apache.hadoop.ipc.Server$Listener.run(Server.java:1350)
"Periodic HDDS volume checker" daemon prio=5 tid=299 timed_waiting
java.lang.Thread.State: TIMED_WAITING
        at sun.misc.Unsafe.park(Native Method)
        at java.util.concurrent.locks.LockSupport.parkNanos(LockSupport.java:215)
        at java.util.concurrent.locks.AbstractQueuedSynchronizer$ConditionObject.awaitNanos(AbstractQueuedSynchronizer.java:2083)
        at java.util.concurrent.ScheduledThreadPoolExecutor$DelayedWorkQueue.take(ScheduledThreadPoolExecutor.java:1093)
        at java.util.concurrent.ScheduledThreadPoolExecutor$DelayedWorkQueue.take(ScheduledThreadPoolExecutor.java:809)
        at java.util.concurrent.ThreadPoolExecutor.getTask(ThreadPoolExecutor.java:1074)
        at java.util.concurrent.ThreadPoolExecutor.runWorker(ThreadPoolExecutor.java:1134)
        at java.util.concurrent.ThreadPoolExecutor$Worker.run(ThreadPoolExecutor.java:624)
        at java.lang.Thread.run(Thread.java:750)
"StaleRecoveringContainerScrubbingService#1" daemon prio=5 tid=403 timed_waiting
java.lang.Thread.State: TIMED_WAITING
        at sun.misc.Unsafe.park(Native Method)
        at java.util.concurrent.locks.LockSupport.parkNanos(LockSupport.java:215)
        at java.util.concurrent.locks.AbstractQueuedSynchronizer$ConditionObject.awaitNanos(AbstractQueuedSynchronizer.java:2083)
        at java.util.concurrent.ScheduledThreadPoolExecutor$DelayedWorkQueue.take(ScheduledThreadPoolExecutor.java:1093)
        at java.util.concurrent.ScheduledThreadPoolExecutor$DelayedWorkQueue.take(ScheduledThreadPoolExecutor.java:809)
        at java.util.concurrent.ThreadPoolExecutor.getTask(ThreadPoolExecutor.java:1074)
        at java.util.concurrent.ThreadPoolExecutor.runWorker(ThreadPoolExecutor.java:1134)
        at java.util.concurrent.ThreadPoolExecutor$Worker.run(ThreadPoolExecutor.java:624)
        at java.lang.Thread.run(Thread.java:750)
"ChunkWriter-0-0" daemon prio=5 tid=375 in Object.wait()
java.lang.Thread.State: WAITING (on object monitor)
        at sun.misc.Unsafe.park(Native Method)
        at java.util.concurrent.locks.LockSupport.park(LockSupport.java:175)
        at java.util.concurrent.locks.AbstractQueuedSynchronizer$ConditionObject.await(AbstractQueuedSynchronizer.java:2044)
        at java.util.concurrent.LinkedBlockingDeque.takeFirst(LinkedBlockingDeque.java:492)
        at java.util.concurrent.LinkedBlockingDeque.take(LinkedBlockingDeque.java:680)
        at java.util.concurrent.ThreadPoolExecutor.getTask(ThreadPoolExecutor.java:1074)
        at java.util.concurrent.ThreadPoolExecutor.runWorker(ThreadPoolExecutor.java:1134)
        at java.util.concurrent.ThreadPoolExecutor$Worker.run(ThreadPoolExecutor.java:624)
        at java.lang.Thread.run(Thread.java:750)
"ef2e2c18-30bb-4738-b00f-992b0a4fb77a@group-B0C46D90A8AC-LeaderStateImpl" daemon prio=5 tid=503 timed_waiting
java.lang.Thread.State: TIMED_WAITING
        at sun.misc.Unsafe.park(Native Method)
        at java.util.concurrent.locks.LockSupport.parkNanos(LockSupport.java:215)
        at java.util.concurrent.locks.AbstractQueuedSynchronizer$ConditionObject.awaitNanos(AbstractQueuedSynchronizer.java:2083)
        at java.util.concurrent.ArrayBlockingQueue.poll(ArrayBlockingQueue.java:418)
        at org.apache.ratis.server.impl.LeaderStateImpl$EventQueue.poll(LeaderStateImpl.java:159)
        at org.apache.ratis.server.impl.LeaderStateImpl$EventProcessor.run(LeaderStateImpl.java:630)
"org.apache.hadoop.util.JvmPauseMonitor$Monitor@7d043960" daemon prio=5 tid=164 timed_waiting
java.lang.Thread.State: TIMED_WAITING
        at java.lang.Thread.sleep(Native Method)
        at org.apache.hadoop.util.JvmPauseMonitor$Monitor.run(JvmPauseMonitor.java:192)
        at java.lang.Thread.run(Thread.java:750)
"Command processor thread" daemon prio=5 tid=243 timed_waiting
java.lang.Thread.State: TIMED_WAITING
        at java.lang.Thread.sleep(Native Method)
        at org.apache.hadoop.ozone.container.common.statemachine.DatanodeStateMachine.lambda$initCommandHandlerThread$3(DatanodeStateMachine.java:628)
        at org.apache.hadoop.ozone.container.common.statemachine.DatanodeStateMachine$$Lambda$724/1894357139.run(Unknown Source)
        at java.lang.Thread.run(Thread.java:750)
"EndpointStateMachine task thread for /0.0.0.0:45685 - 0 "  prio=5 tid=338 in Object.wait()
java.lang.Thread.State: WAITING (on object monitor)
        at sun.misc.Unsafe.park(Native Method)
        at java.util.concurrent.locks.LockSupport.park(LockSupport.java:175)
        at java.util.concurrent.locks.AbstractQueuedSynchronizer$ConditionObject.await(AbstractQueuedSynchronizer.java:2044)
        at java.util.concurrent.LinkedBlockingQueue.take(LinkedBlockingQueue.java:442)
        at java.util.concurrent.ThreadPoolExecutor.getTask(ThreadPoolExecutor.java:1074)
        at java.util.concurrent.ThreadPoolExecutor.runWorker(ThreadPoolExecutor.java:1134)
        at java.util.concurrent.ThreadPoolExecutor$Worker.run(ThreadPoolExecutor.java:624)
        at java.lang.Thread.run(Thread.java:750)
"Datanode ReportManager Thread - 3" daemon prio=5 tid=187 in Object.wait()
java.lang.Thread.State: WAITING (on object monitor)
        at sun.misc.Unsafe.park(Native Method)
        at java.util.concurrent.locks.LockSupport.park(LockSupport.java:175)
        at java.util.concurrent.locks.AbstractQueuedSynchronizer$ConditionObject.await(AbstractQueuedSynchronizer.java:2044)
        at java.util.concurrent.ScheduledThreadPoolExecutor$DelayedWorkQueue.take(ScheduledThreadPoolExecutor.java:1088)
        at java.util.concurrent.ScheduledThreadPoolExecutor$DelayedWorkQueue.take(ScheduledThreadPoolExecutor.java:809)
        at java.util.concurrent.ThreadPoolExecutor.getTask(ThreadPoolExecutor.java:1074)
        at java.util.concurrent.ThreadPoolExecutor.runWorker(ThreadPoolExecutor.java:1134)
        at java.util.concurrent.ThreadPoolExecutor$Worker.run(ThreadPoolExecutor.java:624)
        at java.lang.Thread.run(Thread.java:750)
"ChunkReader-ELG-0" daemon prio=5 tid=356 runnable
java.lang.Thread.State: RUNNABLE
        at org.apache.ratis.thirdparty.io.netty.channel.epoll.Native.epollWait(Native Method)
        at org.apache.ratis.thirdparty.io.netty.channel.epoll.Native.epollWait(Native.java:193)
        at org.apache.ratis.thirdparty.io.netty.channel.epoll.Native.epollWait(Native.java:186)
        at org.apache.ratis.thirdparty.io.netty.channel.epoll.EpollEventLoop.epollWaitNoTimerChange(EpollEventLoop.java:290)
        at org.apache.ratis.thirdparty.io.netty.channel.epoll.EpollEventLoop.run(EpollEventLoop.java:347)
        at org.apache.ratis.thirdparty.io.netty.util.concurrent.SingleThreadEventExecutor$4.run(SingleThreadEventExecutor.java:986)
        at org.apache.ratis.thirdparty.io.netty.util.internal.ThreadExecutorMap$2.run(ThreadExecutorMap.java:74)
        at java.lang.Thread.run(Thread.java:750)
"IPC Server handler 5 on default port 37901" daemon prio=5 tid=42 timed_waiting
java.lang.Thread.State: TIMED_WAITING
        at sun.misc.Unsafe.park(Native Method)
        at java.util.concurrent.locks.LockSupport.parkNanos(LockSupport.java:215)
        at java.util.concurrent.locks.AbstractQueuedSynchronizer$ConditionObject.awaitNanos(AbstractQueuedSynchronizer.java:2083)
        at java.util.concurrent.LinkedBlockingQueue.poll(LinkedBlockingQueue.java:467)
        at org.apache.hadoop.ipc.CallQueueManager.take(CallQueueManager.java:317)
        at org.apache.hadoop.ipc.Server$Handler.run(Server.java:2932)
"qtp1243608583-179" daemon prio=5 tid=179 timed_waiting
java.lang.Thread.State: TIMED_WAITING
        at sun.misc.Unsafe.park(Native Method)
        at java.util.concurrent.locks.LockSupport.parkNanos(LockSupport.java:215)
        at java.util.concurrent.locks.AbstractQueuedSynchronizer$ConditionObject.awaitNanos(AbstractQueuedSynchronizer.java:2083)
        at org.eclipse.jetty.util.BlockingArrayQueue.poll(BlockingArrayQueue.java:382)
        at org.eclipse.jetty.util.thread.QueuedThreadPool$Runner.idleJobPoll(QueuedThreadPool.java:974)
        at org.eclipse.jetty.util.thread.QueuedThreadPool$Runner.run(QueuedThreadPool.java:1018)
        at java.lang.Thread.run(Thread.java:750)
"StaleRecoveringContainerScrubbingService#1" daemon prio=5 tid=360 timed_waiting
java.lang.Thread.State: TIMED_WAITING
        at sun.misc.Unsafe.park(Native Method)
        at java.util.concurrent.locks.LockSupport.parkNanos(LockSupport.java:215)
        at java.util.concurrent.locks.AbstractQueuedSynchronizer$ConditionObject.awaitNanos(AbstractQueuedSynchronizer.java:2083)
        at java.util.concurrent.ScheduledThreadPoolExecutor$DelayedWorkQueue.take(ScheduledThreadPoolExecutor.java:1093)
        at java.util.concurrent.ScheduledThreadPoolExecutor$DelayedWorkQueue.take(ScheduledThreadPoolExecutor.java:809)
        at java.util.concurrent.ThreadPoolExecutor.getTask(ThreadPoolExecutor.java:1074)
        at java.util.concurrent.ThreadPoolExecutor.runWorker(ThreadPoolExecutor.java:1134)
        at java.util.concurrent.ThreadPoolExecutor$Worker.run(ThreadPoolExecutor.java:624)
        at java.lang.Thread.run(Thread.java:750)
"IPC Server handler 5 on default port 45685" daemon prio=5 tid=82 timed_waiting
java.lang.Thread.State: TIMED_WAITING
        at sun.misc.Unsafe.park(Native Method)
        at java.util.concurrent.locks.LockSupport.parkNanos(LockSupport.java:215)
        at java.util.concurrent.locks.AbstractQueuedSynchronizer$ConditionObject.awaitNanos(AbstractQueuedSynchronizer.java:2083)
        at java.util.concurrent.LinkedBlockingQueue.poll(LinkedBlockingQueue.java:467)
        at org.apache.hadoop.ipc.CallQueueManager.take(CallQueueManager.java:317)
        at org.apache.hadoop.ipc.Server$Handler.run(Server.java:2932)
"Command processor thread" daemon prio=5 tid=323 timed_waiting
java.lang.Thread.State: TIMED_WAITING
        at java.lang.Thread.sleep(Native Method)
        at org.apache.hadoop.ozone.container.common.statemachine.DatanodeStateMachine.lambda$initCommandHandlerThread$3(DatanodeStateMachine.java:628)
        at org.apache.hadoop.ozone.container.common.statemachine.DatanodeStateMachine$$Lambda$724/1894357139.run(Unknown Source)
        at java.lang.Thread.run(Thread.java:750)
"org.apache.hadoop.util.JvmPauseMonitor$Monitor@646b85c2" daemon prio=5 tid=324 timed_waiting
java.lang.Thread.State: TIMED_WAITING
        at java.lang.Thread.sleep(Native Method)
        at org.apache.hadoop.util.JvmPauseMonitor$Monitor.run(JvmPauseMonitor.java:192)
        at java.lang.Thread.run(Thread.java:750)
"bba87d8c-0158-4ef8-bc32-b35d6e659061@group-3048ADE96EE0-SegmentedRaftLogWorker"  prio=5 tid=456 timed_waiting
java.lang.Thread.State: TIMED_WAITING
        at sun.misc.Unsafe.park(Native Method)
        at java.util.concurrent.locks.LockSupport.parkNanos(LockSupport.java:215)
        at java.util.concurrent.locks.AbstractQueuedSynchronizer$ConditionObject.awaitNanos(AbstractQueuedSynchronizer.java:2083)
        at org.apache.ratis.util.DataBlockingQueue.poll(DataBlockingQueue.java:148)
        at org.apache.ratis.server.raftlog.segmented.SegmentedRaftLogWorker.run(SegmentedRaftLogWorker.java:301)
        at org.apache.ratis.server.raftlog.segmented.SegmentedRaftLogWorker$$Lambda$607/2145809167.run(Unknown Source)
        at java.lang.Thread.run(Thread.java:750)
"Command processor thread" daemon prio=5 tid=295 timed_waiting
java.lang.Thread.State: TIMED_WAITING
        at java.lang.Thread.sleep(Native Method)
        at org.apache.hadoop.ozone.container.common.statemachine.DatanodeStateMachine.lambda$initCommandHandlerThread$3(DatanodeStateMachine.java:628)
        at org.apache.hadoop.ozone.container.common.statemachine.DatanodeStateMachine$$Lambda$724/1894357139.run(Unknown Source)
        at java.lang.Thread.run(Thread.java:750)
"qtp721392266-285" daemon prio=5 tid=285 timed_waiting
java.lang.Thread.State: TIMED_WAITING
        at sun.misc.Unsafe.park(Native Method)
        at java.util.concurrent.locks.LockSupport.parkNanos(LockSupport.java:215)
        at java.util.concurrent.locks.AbstractQueuedSynchronizer$ConditionObject.awaitNanos(AbstractQueuedSynchronizer.java:2083)
        at org.eclipse.jetty.util.BlockingArrayQueue.poll(BlockingArrayQueue.java:382)
        at org.eclipse.jetty.util.thread.QueuedThreadPool$Runner.idleJobPoll(QueuedThreadPool.java:974)
        at org.eclipse.jetty.util.thread.QueuedThreadPool$Runner.run(QueuedThreadPool.java:1018)
        at java.lang.Thread.run(Thread.java:750)
"IPC Server handler 11 on default port 34177" daemon prio=5 tid=68 timed_waiting
java.lang.Thread.State: TIMED_WAITING
        at sun.misc.Unsafe.park(Native Method)
        at java.util.concurrent.locks.LockSupport.parkNanos(LockSupport.java:215)
        at java.util.concurrent.locks.AbstractQueuedSynchronizer$ConditionObject.awaitNanos(AbstractQueuedSynchronizer.java:2083)
        at java.util.concurrent.LinkedBlockingQueue.poll(LinkedBlockingQueue.java:467)
        at org.apache.hadoop.ipc.CallQueueManager.take(CallQueueManager.java:317)
        at org.apache.hadoop.ipc.Server$Handler.run(Server.java:2932)
"IPC Server Responder" daemon prio=5 tid=125 runnable
java.lang.Thread.State: RUNNABLE
        at sun.nio.ch.EPollArrayWrapper.epollWait(Native Method)
        at sun.nio.ch.EPollArrayWrapper.poll(EPollArrayWrapper.java:269)
        at sun.nio.ch.EPollSelectorImpl.doSelect(EPollSelectorImpl.java:93)
        at sun.nio.ch.SelectorImpl.lockAndDoSelect(SelectorImpl.java:86)
        at sun.nio.ch.SelectorImpl.select(SelectorImpl.java:97)
        at org.apache.hadoop.ipc.Server$Responder.doRunLoop(Server.java:1527)
        at org.apache.hadoop.ipc.Server$Responder.run(Server.java:1510)
"IPC Server handler 16 on default port 34177" daemon prio=5 tid=73 timed_waiting
java.lang.Thread.State: TIMED_WAITING
        at sun.misc.Unsafe.park(Native Method)
        at java.util.concurrent.locks.LockSupport.parkNanos(LockSupport.java:215)
        at java.util.concurrent.locks.AbstractQueuedSynchronizer$ConditionObject.awaitNanos(AbstractQueuedSynchronizer.java:2083)
        at java.util.concurrent.LinkedBlockingQueue.poll(LinkedBlockingQueue.java:467)
        at org.apache.hadoop.ipc.CallQueueManager.take(CallQueueManager.java:317)
        at org.apache.hadoop.ipc.Server$Handler.run(Server.java:2932)
"Reference Handler" daemon prio=10 tid=2 in Object.wait()
java.lang.Thread.State: WAITING (on object monitor)
        at java.lang.Object.wait(Native Method)
        at java.lang.Object.wait(Object.java:502)
        at java.lang.ref.Reference.tryHandlePending(Reference.java:191)
        at java.lang.ref.Reference$ReferenceHandler.run(Reference.java:153)
"ChunkWriter-2-0" daemon prio=5 tid=377 in Object.wait()
java.lang.Thread.State: WAITING (on object monitor)
        at sun.misc.Unsafe.park(Native Method)
        at java.util.concurrent.locks.LockSupport.park(LockSupport.java:175)
        at java.util.concurrent.locks.AbstractQueuedSynchronizer$ConditionObject.await(AbstractQueuedSynchronizer.java:2044)
        at java.util.concurrent.LinkedBlockingDeque.takeFirst(LinkedBlockingDeque.java:492)
        at java.util.concurrent.LinkedBlockingDeque.take(LinkedBlockingDeque.java:680)
        at java.util.concurrent.ThreadPoolExecutor.getTask(ThreadPoolExecutor.java:1074)
        at java.util.concurrent.ThreadPoolExecutor.runWorker(ThreadPoolExecutor.java:1134)
        at java.util.concurrent.ThreadPoolExecutor$Worker.run(ThreadPoolExecutor.java:624)
        at java.lang.Thread.run(Thread.java:750)
"ChunkWriter-1-0" daemon prio=5 tid=328 in Object.wait()
java.lang.Thread.State: WAITING (on object monitor)
        at sun.misc.Unsafe.park(Native Method)
        at java.util.concurrent.locks.LockSupport.park(LockSupport.java:175)
        at java.util.concurrent.locks.AbstractQueuedSynchronizer$ConditionObject.await(AbstractQueuedSynchronizer.java:2044)
        at java.util.concurrent.LinkedBlockingDeque.takeFirst(LinkedBlockingDeque.java:492)
        at java.util.concurrent.LinkedBlockingDeque.take(LinkedBlockingDeque.java:680)
        at java.util.concurrent.ThreadPoolExecutor.getTask(ThreadPoolExecutor.java:1074)
        at java.util.concurrent.ThreadPoolExecutor.runWorker(ThreadPoolExecutor.java:1134)
        at java.util.concurrent.ThreadPoolExecutor$Worker.run(ThreadPoolExecutor.java:624)
        at java.lang.Thread.run(Thread.java:750)
"ChunkReader-ELG-0" daemon prio=5 tid=399 runnable
java.lang.Thread.State: RUNNABLE
        at org.apache.ratis.thirdparty.io.netty.channel.epoll.Native.epollWait(Native Method)
        at org.apache.ratis.thirdparty.io.netty.channel.epoll.Native.epollWait(Native.java:193)
        at org.apache.ratis.thirdparty.io.netty.channel.epoll.Native.epollWait(Native.java:186)
        at org.apache.ratis.thirdparty.io.netty.channel.epoll.EpollEventLoop.epollWaitNoTimerChange(EpollEventLoop.java:290)
        at org.apache.ratis.thirdparty.io.netty.channel.epoll.EpollEventLoop.run(EpollEventLoop.java:347)
        at org.apache.ratis.thirdparty.io.netty.util.concurrent.SingleThreadEventExecutor$4.run(SingleThreadEventExecutor.java:986)
        at org.apache.ratis.thirdparty.io.netty.util.internal.ThreadExecutorMap$2.run(ThreadExecutorMap.java:74)
        at java.lang.Thread.run(Thread.java:750)
"IPC Server handler 0 on default port 34177" daemon prio=5 tid=57 timed_waiting
java.lang.Thread.State: TIMED_WAITING
        at sun.misc.Unsafe.park(Native Method)
        at java.util.concurrent.locks.LockSupport.parkNanos(LockSupport.java:215)
        at java.util.concurrent.locks.AbstractQueuedSynchronizer$ConditionObject.awaitNanos(AbstractQueuedSynchronizer.java:2083)
        at java.util.concurrent.LinkedBlockingQueue.poll(LinkedBlockingQueue.java:467)
        at org.apache.hadoop.ipc.CallQueueManager.take(CallQueueManager.java:317)
        at org.apache.hadoop.ipc.Server$Handler.run(Server.java:2932)
"org.apache.ratis.util.JvmPauseMonitor$$Lambda$679/166677305@1ca6e938" daemon prio=5 tid=367 timed_waiting
java.lang.Thread.State: TIMED_WAITING
        at java.lang.Thread.sleep(Native Method)
        at java.lang.Thread.sleep(Thread.java:342)
        at java.util.concurrent.TimeUnit.sleep(TimeUnit.java:386)
        at org.apache.ratis.util.TimeDuration.sleep(TimeDuration.java:325)
        at org.apache.ratis.util.TimeDuration.sleep(TimeDuration.java:310)
        at org.apache.ratis.util.JvmPauseMonitor.detectPause(JvmPauseMonitor.java:117)
        at org.apache.ratis.util.JvmPauseMonitor.run(JvmPauseMonitor.java:106)
        at org.apache.ratis.util.JvmPauseMonitor$$Lambda$679/166677305.run(Unknown Source)
        at java.lang.Thread.run(Thread.java:750)
"Session-HouseKeeper-34a4599a-1"  prio=5 tid=143 timed_waiting
java.lang.Thread.State: TIMED_WAITING
        at sun.misc.Unsafe.park(Native Method)
        at java.util.concurrent.locks.LockSupport.parkNanos(LockSupport.java:215)
        at java.util.concurrent.locks.AbstractQueuedSynchronizer$ConditionObject.awaitNanos(AbstractQueuedSynchronizer.java:2083)
        at java.util.concurrent.ScheduledThreadPoolExecutor$DelayedWorkQueue.take(ScheduledThreadPoolExecutor.java:1093)
        at java.util.concurrent.ScheduledThreadPoolExecutor$DelayedWorkQueue.take(ScheduledThreadPoolExecutor.java:809)
        at java.util.concurrent.ThreadPoolExecutor.getTask(ThreadPoolExecutor.java:1074)
        at java.util.concurrent.ThreadPoolExecutor.runWorker(ThreadPoolExecutor.java:1134)
        at java.util.concurrent.ThreadPoolExecutor$Worker.run(ThreadPoolExecutor.java:624)
        at java.lang.Thread.run(Thread.java:750)
"ChunkWriter-2-0" daemon prio=5 tid=365 in Object.wait()
java.lang.Thread.State: WAITING (on object monitor)
        at sun.misc.Unsafe.park(Native Method)
        at java.util.concurrent.locks.LockSupport.park(LockSupport.java:175)
        at java.util.concurrent.locks.AbstractQueuedSynchronizer$ConditionObject.await(AbstractQueuedSynchronizer.java:2044)
        at java.util.concurrent.LinkedBlockingDeque.takeFirst(LinkedBlockingDeque.java:492)
        at java.util.concurrent.LinkedBlockingDeque.take(LinkedBlockingDeque.java:680)
        at java.util.concurrent.ThreadPoolExecutor.getTask(ThreadPoolExecutor.java:1074)
        at java.util.concurrent.ThreadPoolExecutor.runWorker(ThreadPoolExecutor.java:1134)
        at java.util.concurrent.ThreadPoolExecutor$Worker.run(ThreadPoolExecutor.java:624)
        at java.lang.Thread.run(Thread.java:750)
"BlockDeletingService#2" daemon prio=5 tid=616 in Object.wait()
java.lang.Thread.State: WAITING (on object monitor)
        at sun.misc.Unsafe.park(Native Method)
        at java.util.concurrent.locks.LockSupport.park(LockSupport.java:175)
        at java.util.concurrent.locks.AbstractQueuedSynchronizer$ConditionObject.await(AbstractQueuedSynchronizer.java:2044)
        at java.util.concurrent.ScheduledThreadPoolExecutor$DelayedWorkQueue.take(ScheduledThreadPoolExecutor.java:1088)
        at java.util.concurrent.ScheduledThreadPoolExecutor$DelayedWorkQueue.take(ScheduledThreadPoolExecutor.java:809)
        at java.util.concurrent.ThreadPoolExecutor.getTask(ThreadPoolExecutor.java:1074)
        at java.util.concurrent.ThreadPoolExecutor.runWorker(ThreadPoolExecutor.java:1134)
        at java.util.concurrent.ThreadPoolExecutor$Worker.run(ThreadPoolExecutor.java:624)
        at java.lang.Thread.run(Thread.java:750)
"FixedThreadPoolWithAffinityExecutor-0-0" daemon prio=5 tid=386 in Object.wait()
java.lang.Thread.State: WAITING (on object monitor)
        at sun.misc.Unsafe.park(Native Method)
        at java.util.concurrent.locks.LockSupport.park(LockSupport.java:175)
        at java.util.concurrent.locks.AbstractQueuedSynchronizer$ConditionObject.await(AbstractQueuedSynchronizer.java:2044)
        at java.util.concurrent.LinkedBlockingDeque.takeFirst(LinkedBlockingDeque.java:492)
        at java.util.concurrent.LinkedBlockingDeque.take(LinkedBlockingDeque.java:680)
        at java.util.concurrent.ThreadPoolExecutor.getTask(ThreadPoolExecutor.java:1074)
        at java.util.concurrent.ThreadPoolExecutor.runWorker(ThreadPoolExecutor.java:1134)
        at java.util.concurrent.ThreadPoolExecutor$Worker.run(ThreadPoolExecutor.java:624)
        at java.lang.Thread.run(Thread.java:750)
"Datanode ReportManager Thread - 4" daemon prio=5 tid=242 timed_waiting
java.lang.Thread.State: TIMED_WAITING
        at sun.misc.Unsafe.park(Native Method)
        at java.util.concurrent.locks.LockSupport.parkNanos(LockSupport.java:215)
        at java.util.concurrent.locks.AbstractQueuedSynchronizer$ConditionObject.awaitNanos(AbstractQueuedSynchronizer.java:2083)
        at java.util.concurrent.ScheduledThreadPoolExecutor$DelayedWorkQueue.take(ScheduledThreadPoolExecutor.java:1093)
        at java.util.concurrent.ScheduledThreadPoolExecutor$DelayedWorkQueue.take(ScheduledThreadPoolExecutor.java:809)
        at java.util.concurrent.ThreadPoolExecutor.getTask(ThreadPoolExecutor.java:1074)
        at java.util.concurrent.ThreadPoolExecutor.runWorker(ThreadPoolExecutor.java:1134)
        at java.util.concurrent.ThreadPoolExecutor$Worker.run(ThreadPoolExecutor.java:624)
        at java.lang.Thread.run(Thread.java:750)
"Datanode ReportManager Thread - 1" daemon prio=5 tid=319 in Object.wait()
java.lang.Thread.State: WAITING (on object monitor)
        at sun.misc.Unsafe.park(Native Method)
        at java.util.concurrent.locks.LockSupport.park(LockSupport.java:175)
        at java.util.concurrent.locks.AbstractQueuedSynchronizer$ConditionObject.await(AbstractQueuedSynchronizer.java:2044)
        at java.util.concurrent.ScheduledThreadPoolExecutor$DelayedWorkQueue.take(ScheduledThreadPoolExecutor.java:1088)
        at java.util.concurrent.ScheduledThreadPoolExecutor$DelayedWorkQueue.take(ScheduledThreadPoolExecutor.java:809)
        at java.util.concurrent.ThreadPoolExecutor.getTask(ThreadPoolExecutor.java:1074)
        at java.util.concurrent.ThreadPoolExecutor.runWorker(ThreadPoolExecutor.java:1134)
        at java.util.concurrent.ThreadPoolExecutor$Worker.run(ThreadPoolExecutor.java:624)
        at java.lang.Thread.run(Thread.java:750)
"IPC Server handler 14 on default port 43991" daemon prio=5 tid=158 timed_waiting
java.lang.Thread.State: TIMED_WAITING
        at sun.misc.Unsafe.park(Native Method)
        at java.util.concurrent.locks.LockSupport.parkNanos(LockSupport.java:215)
        at java.util.concurrent.locks.AbstractQueuedSynchronizer$ConditionObject.awaitNanos(AbstractQueuedSynchronizer.java:2083)
        at java.util.concurrent.LinkedBlockingQueue.poll(LinkedBlockingQueue.java:467)
        at org.apache.hadoop.ipc.CallQueueManager.take(CallQueueManager.java:317)
        at org.apache.hadoop.ipc.Server$Handler.run(Server.java:2932)
"qtp1764184489-257" daemon prio=5 tid=257 timed_waiting
java.lang.Thread.State: TIMED_WAITING
        at sun.misc.Unsafe.park(Native Method)
        at java.util.concurrent.locks.LockSupport.parkNanos(LockSupport.java:215)
        at java.util.concurrent.locks.AbstractQueuedSynchronizer$ConditionObject.awaitNanos(AbstractQueuedSynchronizer.java:2083)
        at org.eclipse.jetty.util.BlockingArrayQueue.poll(BlockingArrayQueue.java:382)
        at org.eclipse.jetty.util.thread.QueuedThreadPool$Runner.idleJobPoll(QueuedThreadPool.java:974)
        at org.eclipse.jetty.util.thread.QueuedThreadPool$Runner.run(QueuedThreadPool.java:1018)
        at java.lang.Thread.run(Thread.java:750)
"Datanode ReportManager Thread - 3" daemon prio=5 tid=321 timed_waiting
java.lang.Thread.State: TIMED_WAITING
        at sun.misc.Unsafe.park(Native Method)
        at java.util.concurrent.locks.LockSupport.parkNanos(LockSupport.java:215)
        at java.util.concurrent.locks.AbstractQueuedSynchronizer$ConditionObject.awaitNanos(AbstractQueuedSynchronizer.java:2083)
        at java.util.concurrent.ScheduledThreadPoolExecutor$DelayedWorkQueue.take(ScheduledThreadPoolExecutor.java:1093)
        at java.util.concurrent.ScheduledThreadPoolExecutor$DelayedWorkQueue.take(ScheduledThreadPoolExecutor.java:809)
        at java.util.concurrent.ThreadPoolExecutor.getTask(ThreadPoolExecutor.java:1074)
        at java.util.concurrent.ThreadPoolExecutor.runWorker(ThreadPoolExecutor.java:1134)
        at java.util.concurrent.ThreadPoolExecutor$Worker.run(ThreadPoolExecutor.java:624)
        at java.lang.Thread.run(Thread.java:750)
"IPC Server handler 16 on default port 37901" daemon prio=5 tid=53 timed_waiting
java.lang.Thread.State: TIMED_WAITING
        at sun.misc.Unsafe.park(Native Method)
        at java.util.concurrent.locks.LockSupport.parkNanos(LockSupport.java:215)
        at java.util.concurrent.locks.AbstractQueuedSynchronizer$ConditionObject.awaitNanos(AbstractQueuedSynchronizer.java:2083)
        at java.util.concurrent.LinkedBlockingQueue.poll(LinkedBlockingQueue.java:467)
        at org.apache.hadoop.ipc.CallQueueManager.take(CallQueueManager.java:317)
        at org.apache.hadoop.ipc.Server$Handler.run(Server.java:2932)
"IPC Server handler 9 on default port 34177" daemon prio=5 tid=66 timed_waiting
java.lang.Thread.State: TIMED_WAITING
        at sun.misc.Unsafe.park(Native Method)
        at java.util.concurrent.locks.LockSupport.parkNanos(LockSupport.java:215)
        at java.util.concurrent.locks.AbstractQueuedSynchronizer$ConditionObject.awaitNanos(AbstractQueuedSynchronizer.java:2083)
        at java.util.concurrent.LinkedBlockingQueue.poll(LinkedBlockingQueue.java:467)
        at org.apache.hadoop.ipc.CallQueueManager.take(CallQueueManager.java:317)
        at org.apache.hadoop.ipc.Server$Handler.run(Server.java:2932)
"ChunkWriter-0-0" daemon prio=5 tid=327 in Object.wait()
java.lang.Thread.State: WAITING (on object monitor)
        at sun.misc.Unsafe.park(Native Method)
        at java.util.concurrent.locks.LockSupport.park(LockSupport.java:175)
        at java.util.concurrent.locks.AbstractQueuedSynchronizer$ConditionObject.await(AbstractQueuedSynchronizer.java:2044)
        at java.util.concurrent.LinkedBlockingDeque.takeFirst(LinkedBlockingDeque.java:492)
        at java.util.concurrent.LinkedBlockingDeque.take(LinkedBlockingDeque.java:680)
        at java.util.concurrent.ThreadPoolExecutor.getTask(ThreadPoolExecutor.java:1074)
        at java.util.concurrent.ThreadPoolExecutor.runWorker(ThreadPoolExecutor.java:1134)
        at java.util.concurrent.ThreadPoolExecutor$Worker.run(ThreadPoolExecutor.java:624)
        at java.lang.Thread.run(Thread.java:750)
"pool-31-thread-1"  prio=5 tid=99 timed_waiting
java.lang.Thread.State: TIMED_WAITING
        at sun.misc.Unsafe.park(Native Method)
        at java.util.concurrent.locks.LockSupport.parkNanos(LockSupport.java:215)
        at java.util.concurrent.locks.AbstractQueuedSynchronizer$ConditionObject.awaitNanos(AbstractQueuedSynchronizer.java:2083)
        at java.util.concurrent.ScheduledThreadPoolExecutor$DelayedWorkQueue.take(ScheduledThreadPoolExecutor.java:1093)
        at java.util.concurrent.ScheduledThreadPoolExecutor$DelayedWorkQueue.take(ScheduledThreadPoolExecutor.java:809)
        at java.util.concurrent.ThreadPoolExecutor.getTask(ThreadPoolExecutor.java:1074)
        at java.util.concurrent.ThreadPoolExecutor.runWorker(ThreadPoolExecutor.java:1134)
        at java.util.concurrent.ThreadPoolExecutor$Worker.run(ThreadPoolExecutor.java:624)
        at java.lang.Thread.run(Thread.java:750)
"IPC Server handler 9 on default port 43991" daemon prio=5 tid=153 timed_waiting
java.lang.Thread.State: TIMED_WAITING
        at sun.misc.Unsafe.park(Native Method)
        at java.util.concurrent.locks.LockSupport.parkNanos(LockSupport.java:215)
        at java.util.concurrent.locks.AbstractQueuedSynchronizer$ConditionObject.awaitNanos(AbstractQueuedSynchronizer.java:2083)
        at java.util.concurrent.LinkedBlockingQueue.poll(LinkedBlockingQueue.java:467)
        at org.apache.hadoop.ipc.CallQueueManager.take(CallQueueManager.java:317)
        at org.apache.hadoop.ipc.Server$Handler.run(Server.java:2932)
"IPC Parameter Sending Thread #0" daemon prio=5 tid=113 timed_waiting
java.lang.Thread.State: TIMED_WAITING
        at sun.misc.Unsafe.park(Native Method)
        at java.util.concurrent.locks.LockSupport.parkNanos(LockSupport.java:215)
        at java.util.concurrent.SynchronousQueue$TransferStack.awaitFulfill(SynchronousQueue.java:460)
        at java.util.concurrent.SynchronousQueue$TransferStack.transfer(SynchronousQueue.java:362)
        at java.util.concurrent.SynchronousQueue.poll(SynchronousQueue.java:941)
        at java.util.concurrent.ThreadPoolExecutor.getTask(ThreadPoolExecutor.java:1073)
        at java.util.concurrent.ThreadPoolExecutor.runWorker(ThreadPoolExecutor.java:1134)
        at java.util.concurrent.ThreadPoolExecutor$Worker.run(ThreadPoolExecutor.java:624)
        at java.lang.Thread.run(Thread.java:750)
"ChunkWriter-3-0" daemon prio=5 tid=378 in Object.wait()
java.lang.Thread.State: WAITING (on object monitor)
        at sun.misc.Unsafe.park(Native Method)
        at java.util.concurrent.locks.LockSupport.park(LockSupport.java:175)
        at java.util.concurrent.locks.AbstractQueuedSynchronizer$ConditionObject.await(AbstractQueuedSynchronizer.java:2044)
        at java.util.concurrent.LinkedBlockingDeque.takeFirst(LinkedBlockingDeque.java:492)
        at java.util.concurrent.LinkedBlockingDeque.take(LinkedBlockingDeque.java:680)
        at java.util.concurrent.ThreadPoolExecutor.getTask(ThreadPoolExecutor.java:1074)
        at java.util.concurrent.ThreadPoolExecutor.runWorker(ThreadPoolExecutor.java:1134)
        at java.util.concurrent.ThreadPoolExecutor$Worker.run(ThreadPoolExecutor.java:624)
        at java.lang.Thread.run(Thread.java:750)
"StaleRecoveringContainerScrubbingService#2" daemon prio=5 tid=603 in Object.wait()
java.lang.Thread.State: WAITING (on object monitor)
        at sun.misc.Unsafe.park(Native Method)
        at java.util.concurrent.locks.LockSupport.park(LockSupport.java:175)
        at java.util.concurrent.locks.AbstractQueuedSynchronizer$ConditionObject.await(AbstractQueuedSynchronizer.java:2044)
        at java.util.concurrent.ScheduledThreadPoolExecutor$DelayedWorkQueue.take(ScheduledThreadPoolExecutor.java:1088)
        at java.util.concurrent.ScheduledThreadPoolExecutor$DelayedWorkQueue.take(ScheduledThreadPoolExecutor.java:809)
        at java.util.concurrent.ThreadPoolExecutor.getTask(ThreadPoolExecutor.java:1074)
        at java.util.concurrent.ThreadPoolExecutor.runWorker(ThreadPoolExecutor.java:1134)
        at java.util.concurrent.ThreadPoolExecutor$Worker.run(ThreadPoolExecutor.java:624)
        at java.lang.Thread.run(Thread.java:750)
"Command processor thread" daemon prio=5 tid=189 timed_waiting
java.lang.Thread.State: TIMED_WAITING
        at java.lang.Thread.sleep(Native Method)
        at org.apache.hadoop.ozone.container.common.statemachine.DatanodeStateMachine.lambda$initCommandHandlerThread$3(DatanodeStateMachine.java:628)
        at org.apache.hadoop.ozone.container.common.statemachine.DatanodeStateMachine$$Lambda$724/1894357139.run(Unknown Source)
        at java.lang.Thread.run(Thread.java:750)
"Periodic HDDS volume checker" daemon prio=5 tid=273 timed_waiting
java.lang.Thread.State: TIMED_WAITING
        at sun.misc.Unsafe.park(Native Method)
        at java.util.concurrent.locks.LockSupport.parkNanos(LockSupport.java:215)
        at java.util.concurrent.locks.AbstractQueuedSynchronizer$ConditionObject.awaitNanos(AbstractQueuedSynchronizer.java:2083)
        at java.util.concurrent.ScheduledThreadPoolExecutor$DelayedWorkQueue.take(ScheduledThreadPoolExecutor.java:1093)
        at java.util.concurrent.ScheduledThreadPoolExecutor$DelayedWorkQueue.take(ScheduledThreadPoolExecutor.java:809)
        at java.util.concurrent.ThreadPoolExecutor.getTask(ThreadPoolExecutor.java:1074)
        at java.util.concurrent.ThreadPoolExecutor.runWorker(ThreadPoolExecutor.java:1134)
        at java.util.concurrent.ThreadPoolExecutor$Worker.run(ThreadPoolExecutor.java:624)
        at java.lang.Thread.run(Thread.java:750)
"BlockDeletingService#0" daemon prio=5 tid=345 in Object.wait()
java.lang.Thread.State: WAITING (on object monitor)
        at sun.misc.Unsafe.park(Native Method)
        at java.util.concurrent.locks.LockSupport.park(LockSupport.java:175)
        at java.util.concurrent.locks.AbstractQueuedSynchronizer$ConditionObject.await(AbstractQueuedSynchronizer.java:2044)
        at java.util.concurrent.ScheduledThreadPoolExecutor$DelayedWorkQueue.take(ScheduledThreadPoolExecutor.java:1088)
        at java.util.concurrent.ScheduledThreadPoolExecutor$DelayedWorkQueue.take(ScheduledThreadPoolExecutor.java:809)
        at java.util.concurrent.ThreadPoolExecutor.getTask(ThreadPoolExecutor.java:1074)
        at java.util.concurrent.ThreadPoolExecutor.runWorker(ThreadPoolExecutor.java:1134)
        at java.util.concurrent.ThreadPoolExecutor$Worker.run(ThreadPoolExecutor.java:624)
        at java.lang.Thread.run(Thread.java:750)
"pool-88-thread-1" daemon prio=5 tid=197 timed_waiting
java.lang.Thread.State: TIMED_WAITING
        at sun.misc.Unsafe.park(Native Method)
        at java.util.concurrent.locks.LockSupport.parkNanos(LockSupport.java:215)
        at java.util.concurrent.locks.AbstractQueuedSynchronizer$ConditionObject.awaitNanos(AbstractQueuedSynchronizer.java:2083)
        at java.util.concurrent.ScheduledThreadPoolExecutor$DelayedWorkQueue.take(ScheduledThreadPoolExecutor.java:1093)
        at java.util.concurrent.ScheduledThreadPoolExecutor$DelayedWorkQueue.take(ScheduledThreadPoolExecutor.java:809)
        at java.util.concurrent.ThreadPoolExecutor.getTask(ThreadPoolExecutor.java:1074)
        at java.util.concurrent.ThreadPoolExecutor.runWorker(ThreadPoolExecutor.java:1134)
        at java.util.concurrent.ThreadPoolExecutor$Worker.run(ThreadPoolExecutor.java:624)
        at java.lang.Thread.run(Thread.java:750)
"Datanode ReportManager Thread - 0" daemon prio=5 tid=238 in Object.wait()
java.lang.Thread.State: WAITING (on object monitor)
        at sun.misc.Unsafe.park(Native Method)
        at java.util.concurrent.locks.LockSupport.park(LockSupport.java:175)
        at java.util.concurrent.locks.AbstractQueuedSynchronizer$ConditionObject.await(AbstractQueuedSynchronizer.java:2044)
        at java.util.concurrent.ScheduledThreadPoolExecutor$DelayedWorkQueue.take(ScheduledThreadPoolExecutor.java:1088)
        at java.util.concurrent.ScheduledThreadPoolExecutor$DelayedWorkQueue.take(ScheduledThreadPoolExecutor.java:809)
        at java.util.concurrent.ThreadPoolExecutor.getTask(ThreadPoolExecutor.java:1074)
        at java.util.concurrent.ThreadPoolExecutor.runWorker(ThreadPoolExecutor.java:1134)
        at java.util.concurrent.ThreadPoolExecutor$Worker.run(ThreadPoolExecutor.java:624)
        at java.lang.Thread.run(Thread.java:750)
"org.apache.hadoop.util.JvmPauseMonitor$Monitor@1ece9e01" daemon prio=5 tid=218 timed_waiting
java.lang.Thread.State: TIMED_WAITING
        at java.lang.Thread.sleep(Native Method)
        at org.apache.hadoop.util.JvmPauseMonitor$Monitor.run(JvmPauseMonitor.java:192)
        at java.lang.Thread.run(Thread.java:750)
"qtp1924969509-208" daemon prio=5 tid=208 timed_waiting
java.lang.Thread.State: TIMED_WAITING
        at sun.misc.Unsafe.park(Native Method)
        at java.util.concurrent.locks.LockSupport.parkNanos(LockSupport.java:215)
        at java.util.concurrent.locks.AbstractQueuedSynchronizer$ConditionObject.awaitNanos(AbstractQueuedSynchronizer.java:2083)
        at org.eclipse.jetty.util.BlockingArrayQueue.poll(BlockingArrayQueue.java:382)
        at org.eclipse.jetty.util.thread.QueuedThreadPool$Runner.idleJobPoll(QueuedThreadPool.java:974)
        at org.eclipse.jetty.util.thread.QueuedThreadPool$Runner.run(QueuedThreadPool.java:1018)
        at java.lang.Thread.run(Thread.java:750)
"pool-111-thread-1" daemon prio=5 tid=223 timed_waiting
java.lang.Thread.State: TIMED_WAITING
        at sun.misc.Unsafe.park(Native Method)
        at java.util.concurrent.locks.LockSupport.parkNanos(LockSupport.java:215)
        at java.util.concurrent.locks.AbstractQueuedSynchronizer$ConditionObject.awaitNanos(AbstractQueuedSynchronizer.java:2083)
        at java.util.concurrent.ScheduledThreadPoolExecutor$DelayedWorkQueue.take(ScheduledThreadPoolExecutor.java:1093)
        at java.util.concurrent.ScheduledThreadPoolExecutor$DelayedWorkQueue.take(ScheduledThreadPoolExecutor.java:809)
        at java.util.concurrent.ThreadPoolExecutor.getTask(ThreadPoolExecutor.java:1074)
        at java.util.concurrent.ThreadPoolExecutor.runWorker(ThreadPoolExecutor.java:1134)
        at java.util.concurrent.ThreadPoolExecutor$Worker.run(ThreadPoolExecutor.java:624)
        at java.lang.Thread.run(Thread.java:750)
"Datanode ReportManager Thread - 3" daemon prio=5 tid=215 timed_waiting
java.lang.Thread.State: TIMED_WAITING
        at sun.misc.Unsafe.park(Native Method)
        at java.util.concurrent.locks.LockSupport.parkNanos(LockSupport.java:215)
        at java.util.concurrent.locks.AbstractQueuedSynchronizer$ConditionObject.awaitNanos(AbstractQueuedSynchronizer.java:2083)
        at java.util.concurrent.ScheduledThreadPoolExecutor$DelayedWorkQueue.take(ScheduledThreadPoolExecutor.java:1093)
        at java.util.concurrent.ScheduledThreadPoolExecutor$DelayedWorkQueue.take(ScheduledThreadPoolExecutor.java:809)
        at java.util.concurrent.ThreadPoolExecutor.getTask(ThreadPoolExecutor.java:1074)
        at java.util.concurrent.ThreadPoolExecutor.runWorker(ThreadPoolExecutor.java:1134)
        at java.util.concurrent.ThreadPoolExecutor$Worker.run(ThreadPoolExecutor.java:624)
        at java.lang.Thread.run(Thread.java:750)
"IPC Server handler 19 on default port 43991" daemon prio=5 tid=163 timed_waiting
java.lang.Thread.State: TIMED_WAITING
        at sun.misc.Unsafe.park(Native Method)
        at java.util.concurrent.locks.LockSupport.parkNanos(LockSupport.java:215)
        at java.util.concurrent.locks.AbstractQueuedSynchronizer$ConditionObject.awaitNanos(AbstractQueuedSynchronizer.java:2083)
        at java.util.concurrent.LinkedBlockingQueue.poll(LinkedBlockingQueue.java:467)
        at org.apache.hadoop.ipc.CallQueueManager.take(CallQueueManager.java:317)
        at org.apache.hadoop.ipc.Server$Handler.run(Server.java:2932)
"qtp1009725708-100" daemon prio=5 tid=100 runnable
java.lang.Thread.State: RUNNABLE
        at sun.nio.ch.EPollArrayWrapper.epollWait(Native Method)
        at sun.nio.ch.EPollArrayWrapper.poll(EPollArrayWrapper.java:269)
        at sun.nio.ch.EPollSelectorImpl.doSelect(EPollSelectorImpl.java:93)
        at sun.nio.ch.SelectorImpl.lockAndDoSelect(SelectorImpl.java:86)
        at sun.nio.ch.SelectorImpl.select(SelectorImpl.java:97)
        at sun.nio.ch.SelectorImpl.select(SelectorImpl.java:101)
        at org.eclipse.jetty.io.ManagedSelector.nioSelect(ManagedSelector.java:183)
        at org.eclipse.jetty.io.ManagedSelector.select(ManagedSelector.java:190)
        at org.eclipse.jetty.io.ManagedSelector$SelectorProducer.select(ManagedSelector.java:606)
        at org.eclipse.jetty.io.ManagedSelector$SelectorProducer.produce(ManagedSelector.java:543)
        at org.eclipse.jetty.util.thread.strategy.EatWhatYouKill.produceTask(EatWhatYouKill.java:362)
        at org.eclipse.jetty.util.thread.strategy.EatWhatYouKill.doProduce(EatWhatYouKill.java:186)
        at org.eclipse.jetty.util.thread.strategy.EatWhatYouKill.tryProduce(EatWhatYouKill.java:173)
        at org.eclipse.jetty.util.thread.strategy.EatWhatYouKill.produce(EatWhatYouKill.java:137)
        at org.eclipse.jetty.io.ManagedSelector$$Lambda$440/537813033.run(Unknown Source)
        at org.eclipse.jetty.util.thread.QueuedThreadPool.runJob(QueuedThreadPool.java:883)
        at org.eclipse.jetty.util.thread.QueuedThreadPool$Runner.run(QueuedThreadPool.java:1034)
        at java.lang.Thread.run(Thread.java:750)
"Datanode ReportManager Thread - 4" daemon prio=5 tid=216 in Object.wait()
java.lang.Thread.State: WAITING (on object monitor)
        at sun.misc.Unsafe.park(Native Method)
        at java.util.concurrent.locks.LockSupport.park(LockSupport.java:175)
        at java.util.concurrent.locks.AbstractQueuedSynchronizer$ConditionObject.await(AbstractQueuedSynchronizer.java:2044)
        at java.util.concurrent.ScheduledThreadPoolExecutor$DelayedWorkQueue.take(ScheduledThreadPoolExecutor.java:1088)
        at java.util.concurrent.ScheduledThreadPoolExecutor$DelayedWorkQueue.take(ScheduledThreadPoolExecutor.java:809)
        at java.util.concurrent.ThreadPoolExecutor.getTask(ThreadPoolExecutor.java:1074)
        at java.util.concurrent.ThreadPoolExecutor.runWorker(ThreadPoolExecutor.java:1134)
        at java.util.concurrent.ThreadPoolExecutor$Worker.run(ThreadPoolExecutor.java:624)
        at java.lang.Thread.run(Thread.java:750)
"IPC Server handler 11 on default port 43991" daemon prio=5 tid=155 timed_waiting
java.lang.Thread.State: TIMED_WAITING
        at sun.misc.Unsafe.park(Native Method)
        at java.util.concurrent.locks.LockSupport.parkNanos(LockSupport.java:215)
        at java.util.concurrent.locks.AbstractQueuedSynchronizer$ConditionObject.awaitNanos(AbstractQueuedSynchronizer.java:2083)
        at java.util.concurrent.LinkedBlockingQueue.poll(LinkedBlockingQueue.java:467)
        at org.apache.hadoop.ipc.CallQueueManager.take(CallQueueManager.java:317)
        at org.apache.hadoop.ipc.Server$Handler.run(Server.java:2932)
"ChunkWriter-0-0" daemon prio=5 tid=339 in Object.wait()
java.lang.Thread.State: WAITING (on object monitor)
        at sun.misc.Unsafe.park(Native Method)
        at java.util.concurrent.locks.LockSupport.park(LockSupport.java:175)
        at java.util.concurrent.locks.AbstractQueuedSynchronizer$ConditionObject.await(AbstractQueuedSynchronizer.java:2044)
        at java.util.concurrent.LinkedBlockingDeque.takeFirst(LinkedBlockingDeque.java:492)
        at java.util.concurrent.LinkedBlockingDeque.take(LinkedBlockingDeque.java:680)
        at java.util.concurrent.ThreadPoolExecutor.getTask(ThreadPoolExecutor.java:1074)
        at java.util.concurrent.ThreadPoolExecutor.runWorker(ThreadPoolExecutor.java:1134)
        at java.util.concurrent.ThreadPoolExecutor$Worker.run(ThreadPoolExecutor.java:624)
        at java.lang.Thread.run(Thread.java:750)
"org.apache.ratis.util.JvmPauseMonitor$$Lambda$679/166677305@4f8df8b8" daemon prio=5 tid=355 timed_waiting
java.lang.Thread.State: TIMED_WAITING
        at java.lang.Thread.sleep(Native Method)
        at java.lang.Thread.sleep(Thread.java:342)
        at java.util.concurrent.TimeUnit.sleep(TimeUnit.java:386)
        at org.apache.ratis.util.TimeDuration.sleep(TimeDuration.java:325)
        at org.apache.ratis.util.TimeDuration.sleep(TimeDuration.java:310)
        at org.apache.ratis.util.JvmPauseMonitor.detectPause(JvmPauseMonitor.java:117)
        at org.apache.ratis.util.JvmPauseMonitor.run(JvmPauseMonitor.java:106)
        at org.apache.ratis.util.JvmPauseMonitor$$Lambda$679/166677305.run(Unknown Source)
        at java.lang.Thread.run(Thread.java:750)
"Datanode State Machine Task Thread - 0"  prio=5 tid=271 in Object.wait()
java.lang.Thread.State: WAITING (on object monitor)
        at sun.misc.Unsafe.park(Native Method)
        at java.util.concurrent.locks.LockSupport.park(LockSupport.java:175)
        at java.util.concurrent.locks.AbstractQueuedSynchronizer$ConditionObject.await(AbstractQueuedSynchronizer.java:2044)
        at java.util.concurrent.LinkedBlockingQueue.take(LinkedBlockingQueue.java:442)
        at java.util.concurrent.ThreadPoolExecutor.getTask(ThreadPoolExecutor.java:1074)
        at java.util.concurrent.ThreadPoolExecutor.runWorker(ThreadPoolExecutor.java:1134)
        at java.util.concurrent.ThreadPoolExecutor$Worker.run(ThreadPoolExecutor.java:624)
        at java.lang.Thread.run(Thread.java:750)
"Datanode State Machine Daemon Thread" daemon prio=5 tid=211 timed_waiting
java.lang.Thread.State: TIMED_WAITING
        at java.lang.Thread.sleep(Native Method)
        at org.apache.hadoop.ozone.container.common.statemachine.DatanodeStateMachine.startStateMachineThread(DatanodeStateMachine.java:313)
        at org.apache.hadoop.ozone.container.common.statemachine.DatanodeStateMachine.lambda$startDaemon$0(DatanodeStateMachine.java:493)
        at org.apache.hadoop.ozone.container.common.statemachine.DatanodeStateMachine$$Lambda$722/1095596852.run(Unknown Source)
        at java.lang.Thread.run(Thread.java:750)
"EventQueue-PipelineReportForOneReplicaPipelineSafeModeRule" daemon prio=5 tid=390 in Object.wait()
java.lang.Thread.State: WAITING (on object monitor)
        at sun.misc.Unsafe.park(Native Method)
        at java.util.concurrent.locks.LockSupport.park(LockSupport.java:175)
        at java.util.concurrent.locks.AbstractQueuedSynchronizer$ConditionObject.await(AbstractQueuedSynchronizer.java:2044)
        at java.util.concurrent.LinkedBlockingQueue.take(LinkedBlockingQueue.java:442)
        at java.util.concurrent.ThreadPoolExecutor.getTask(ThreadPoolExecutor.java:1074)
        at java.util.concurrent.ThreadPoolExecutor.runWorker(ThreadPoolExecutor.java:1134)
        at java.util.concurrent.ThreadPoolExecutor$Worker.run(ThreadPoolExecutor.java:624)
        at java.lang.Thread.run(Thread.java:750)
"IPC Server handler 17 on default port 45685" daemon prio=5 tid=94 timed_waiting
java.lang.Thread.State: TIMED_WAITING
        at sun.misc.Unsafe.park(Native Method)
        at java.util.concurrent.locks.LockSupport.parkNanos(LockSupport.java:215)
        at java.util.concurrent.locks.AbstractQueuedSynchronizer$ConditionObject.awaitNanos(AbstractQueuedSynchronizer.java:2083)
        at java.util.concurrent.LinkedBlockingQueue.poll(LinkedBlockingQueue.java:467)
        at org.apache.hadoop.ipc.CallQueueManager.take(CallQueueManager.java:317)
        at org.apache.hadoop.ipc.Server$Handler.run(Server.java:2932)
"surefire-forkedjvm-command-thread" daemon prio=5 tid=10 runnable
java.lang.Thread.State: RUNNABLE
        at java.io.FileInputStream.readBytes(Native Method)
        at java.io.FileInputStream.read(FileInputStream.java:255)
        at java.io.BufferedInputStream.read1(BufferedInputStream.java:284)
        at java.io.BufferedInputStream.read(BufferedInputStream.java:345)
        at java.io.BufferedInputStream.fill(BufferedInputStream.java:246)
        at java.io.BufferedInputStream.read1(BufferedInputStream.java:286)
        at java.io.BufferedInputStream.read(BufferedInputStream.java:345)
        at org.apache.maven.surefire.api.util.internal.Channels$3.readImpl(Channels.java:214)
        at org.apache.maven.surefire.api.util.internal.AbstractNoninterruptibleReadableChannel.read(AbstractNoninterruptibleReadableChannel.java:54)
        at org.apache.maven.surefire.booter.spi.LegacyMasterProcessChannelDecoder.decode(LegacyMasterProcessChannelDecoder.java:80)
        at org.apache.maven.surefire.booter.CommandReader$CommandRunnable.run(CommandReader.java:343)
        at java.lang.Thread.run(Thread.java:750)
"ef2e2c18-30bb-4738-b00f-992b0a4fb77a@group-B0C46D90A8AC-StateMachineUpdater" daemon prio=5 tid=466 timed_waiting
java.lang.Thread.State: TIMED_WAITING
        at sun.misc.Unsafe.park(Native Method)
        at java.util.concurrent.locks.LockSupport.parkNanos(LockSupport.java:215)
        at java.util.concurrent.CompletableFuture$Signaller.block(CompletableFuture.java:1709)
        at java.util.concurrent.ForkJoinPool.managedBlock(ForkJoinPool.java:3323)
        at java.util.concurrent.CompletableFuture.timedGet(CompletableFuture.java:1788)
        at java.util.concurrent.CompletableFuture.get(CompletableFuture.java:1928)
        at org.apache.ratis.util.AwaitForSignal.await(AwaitForSignal.java:56)
        at org.apache.ratis.server.impl.StateMachineUpdater.waitForCommit(StateMachineUpdater.java:207)
        at org.apache.ratis.server.impl.StateMachineUpdater.run(StateMachineUpdater.java:176)
        at java.lang.Thread.run(Thread.java:750)
"Datanode State Machine Daemon Thread" daemon prio=5 tid=289 timed_waiting
java.lang.Thread.State: TIMED_WAITING
        at java.lang.Thread.sleep(Native Method)
        at org.apache.hadoop.ozone.container.common.statemachine.DatanodeStateMachine.startStateMachineThread(DatanodeStateMachine.java:313)
        at org.apache.hadoop.ozone.container.common.statemachine.DatanodeStateMachine.lambda$startDaemon$0(DatanodeStateMachine.java:493)
        at org.apache.hadoop.ozone.container.common.statemachine.DatanodeStateMachine$$Lambda$722/1095596852.run(Unknown Source)
        at java.lang.Thread.run(Thread.java:750)
"ChunkReader-ELG-0" daemon prio=5 tid=344 runnable
java.lang.Thread.State: RUNNABLE
        at org.apache.ratis.thirdparty.io.netty.channel.epoll.Native.epollWait(Native Method)
        at org.apache.ratis.thirdparty.io.netty.channel.epoll.Native.epollWait(Native.java:193)
        at org.apache.ratis.thirdparty.io.netty.channel.epoll.Native.epollWait(Native.java:186)
        at org.apache.ratis.thirdparty.io.netty.channel.epoll.EpollEventLoop.epollWaitNoTimerChange(EpollEventLoop.java:290)
        at org.apache.ratis.thirdparty.io.netty.channel.epoll.EpollEventLoop.run(EpollEventLoop.java:347)
        at org.apache.ratis.thirdparty.io.netty.util.concurrent.SingleThreadEventExecutor$4.run(SingleThreadEventExecutor.java:986)
        at org.apache.ratis.thirdparty.io.netty.util.internal.ThreadExecutorMap$2.run(ThreadExecutorMap.java:74)
        at java.lang.Thread.run(Thread.java:750)
"Listener at 127.0.0.1/43991"  prio=5 tid=1 runnable
java.lang.Thread.State: RUNNABLE
        at java.lang.Thread.dumpThreads(Native Method)
        at java.lang.Thread.getAllStackTraces(Thread.java:1615)
        at org.apache.ozone.test.TimedOutTestsListener.buildThreadDump(TimedOutTestsListener.java:93)
        at org.apache.ozone.test.TimedOutTestsListener.buildThreadDiagnosticString(TimedOutTestsListener.java:79)
        at org.apache.ozone.test.GenericTestUtils.waitFor(GenericTestUtils.java:224)
        at org.apache.hadoop.hdds.scm.pipeline.TestNodeFailure.waitForPipelineCreation(TestNodeFailure.java:118)
        at org.apache.hadoop.hdds.scm.pipeline.TestNodeFailure.lambda$testPipelineFail$1(TestNodeFailure.java:96)
        at org.apache.hadoop.hdds.scm.pipeline.TestNodeFailure$$Lambda$1079/785535226.accept(Unknown Source)
        at java.util.ArrayList.forEach(ArrayList.java:1259)
        at org.apache.hadoop.hdds.scm.pipeline.TestNodeFailure.testPipelineFail(TestNodeFailure.java:94)
        at sun.reflect.NativeMethodAccessorImpl.invoke0(Native Method)
        at sun.reflect.NativeMethodAccessorImpl.invoke(NativeMethodAccessorImpl.java:62)
        at sun.reflect.DelegatingMethodAccessorImpl.invoke(DelegatingMethodAccessorImpl.java:43)
        at java.lang.reflect.Method.invoke(Method.java:498)
        at org.junit.platform.commons.util.ReflectionUtils.invokeMethod(ReflectionUtils.java:725)
        at org.junit.jupiter.engine.execution.MethodInvocation.proceed(MethodInvocation.java:60)
        at org.junit.jupiter.engine.execution.InvocationInterceptorChain$ValidatingInvocation.proceed(InvocationInterceptorChain.java:131)
        at org.junit.jupiter.engine.extension.TimeoutExtension.intercept(TimeoutExtension.java:149)
        at org.junit.jupiter.engine.extension.TimeoutExtension.interceptTestableMethod(TimeoutExtension.java:140)
        at org.junit.jupiter.engine.extension.TimeoutExtension.interceptTestMethod(TimeoutExtension.java:84)
        at org.junit.jupiter.engine.descriptor.TestMethodTestDescriptor$$Lambda$158/854587510.apply(Unknown Source)
        at org.junit.jupiter.engine.execution.ExecutableInvoker$ReflectiveInterceptorCall.lambda$ofVoidMethod$0(ExecutableInvoker.java:115)
        at org.junit.jupiter.engine.execution.ExecutableInvoker$ReflectiveInterceptorCall$$Lambda$159/1790585734.apply(Unknown Source)
        at org.junit.jupiter.engine.execution.ExecutableInvoker.lambda$invoke$0(ExecutableInvoker.java:105)
        at org.junit.jupiter.engine.execution.ExecutableInvoker$$Lambda$314/1926096844.apply(Unknown Source)
        at org.junit.jupiter.engine.execution.InvocationInterceptorChain$InterceptedInvocation.proceed(InvocationInterceptorChain.java:106)
        at org.junit.jupiter.engine.execution.InvocationInterceptorChain.proceed(InvocationInterceptorChain.java:64)
        at org.junit.jupiter.engine.execution.InvocationInterceptorChain.chainAndInvoke(InvocationInterceptorChain.java:45)
        at org.junit.jupiter.engine.execution.InvocationInterceptorChain.invoke(InvocationInterceptorChain.java:37)
        at org.junit.jupiter.engine.execution.ExecutableInvoker.invoke(ExecutableInvoker.java:104)
        at org.junit.jupiter.engine.execution.ExecutableInvoker.invoke(ExecutableInvoker.java:98)
        at org.junit.jupiter.engine.descriptor.TestMethodTestDescriptor.lambda$invokeTestMethod$7(TestMethodTestDescriptor.java:214)
        at org.junit.jupiter.engine.descriptor.TestMethodTestDescriptor$$Lambda$1074/1862717544.execute(Unknown Source)
        at org.junit.platform.engine.support.hierarchical.ThrowableCollector.execute(ThrowableCollector.java:73)
        at org.junit.jupiter.engine.descriptor.TestMethodTestDescriptor.invokeTestMethod(TestMethodTestDescriptor.java:210)
        at org.junit.jupiter.engine.descriptor.TestMethodTestDescriptor.execute(TestMethodTestDescriptor.java:135)
        at org.junit.jupiter.engine.descriptor.TestMethodTestDescriptor.execute(TestMethodTestDescriptor.java:66)
        at org.junit.platform.engine.support.hierarchical.NodeTestTask.lambda$executeRecursively$6(NodeTestTask.java:151)
        at org.junit.platform.engine.support.hierarchical.NodeTestTask$$Lambda$258/1995250556.execute(Unknown Source)
        at org.junit.platform.engine.support.hierarchical.ThrowableCollector.execute(ThrowableCollector.java:73)
        at org.junit.platform.engine.support.hierarchical.NodeTestTask.lambda$executeRecursively$8(NodeTestTask.java:141)
        at org.junit.platform.engine.support.hierarchical.NodeTestTask$$Lambda$257/1750498848.invoke(Unknown Source)
        at org.junit.platform.engine.support.hierarchical.Node.around(Node.java:137)
        at org.junit.platform.engine.support.hierarchical.NodeTestTask.lambda$executeRecursively$9(NodeTestTask.java:139)
        at org.junit.platform.engine.support.hierarchical.NodeTestTask$$Lambda$256/565372776.execute(Unknown Source)
        at org.junit.platform.engine.support.hierarchical.ThrowableCollector.execute(ThrowableCollector.java:73)
        at org.junit.platform.engine.support.hierarchical.NodeTestTask.executeRecursively(NodeTestTask.java:138)
        at org.junit.platform.engine.support.hierarchical.NodeTestTask.execute(NodeTestTask.java:95)
        at org.junit.platform.engine.support.hierarchical.SameThreadHierarchicalTestExecutorService$$Lambda$262/848363848.accept(Unknown Source)
        at java.util.ArrayList.forEach(ArrayList.java:1259)
        at org.junit.platform.engine.support.hierarchical.SameThreadHierarchicalTestExecutorService.invokeAll(SameThreadHierarchicalTestExecutorService.java:41)
        at org.junit.platform.engine.support.hierarchical.NodeTestTask.lambda$executeRecursively$6(NodeTestTask.java:155)
        at org.junit.platform.engine.support.hierarchical.NodeTestTask$$Lambda$258/1995250556.execute(Unknown Source)
        at org.junit.platform.engine.support.hierarchical.ThrowableCollector.execute(ThrowableCollector.java:73)
        at org.junit.platform.engine.support.hierarchical.NodeTestTask.lambda$executeRecursively$8(NodeTestTask.java:141)
        at org.junit.platform.engine.support.hierarchical.NodeTestTask$$Lambda$257/1750498848.invoke(Unknown Source)
        at org.junit.platform.engine.support.hierarchical.Node.around(Node.java:137)
        at org.junit.platform.engine.support.hierarchical.NodeTestTask.lambda$executeRecursively$9(NodeTestTask.java:139)
        at org.junit.platform.engine.support.hierarchical.NodeTestTask$$Lambda$256/565372776.execute(Unknown Source)
        at org.junit.platform.engine.support.hierarchical.ThrowableCollector.execute(ThrowableCollector.java:73)
        at org.junit.platform.engine.support.hierarchical.NodeTestTask.executeRecursively(NodeTestTask.java:138)
        at org.junit.platform.engine.support.hierarchical.NodeTestTask.execute(NodeTestTask.java:95)
        at org.junit.platform.engine.support.hierarchical.SameThreadHierarchicalTestExecutorService$$Lambda$262/848363848.accept(Unknown Source)
        at java.util.ArrayList.forEach(ArrayList.java:1259)
        at org.junit.platform.engine.support.hierarchical.SameThreadHierarchicalTestExecutorService.invokeAll(SameThreadHierarchicalTestExecutorService.java:41)
        at org.junit.platform.engine.support.hierarchical.NodeTestTask.lambda$executeRecursively$6(NodeTestTask.java:155)
        at org.junit.platform.engine.support.hierarchical.NodeTestTask$$Lambda$258/1995250556.execute(Unknown Source)
        at org.junit.platform.engine.support.hierarchical.ThrowableCollector.execute(ThrowableCollector.java:73)
        at org.junit.platform.engine.support.hierarchical.NodeTestTask.lambda$executeRecursively$8(NodeTestTask.java:141)
        at org.junit.platform.engine.support.hierarchical.NodeTestTask$$Lambda$257/1750498848.invoke(Unknown Source)
        at org.junit.platform.engine.support.hierarchical.Node.around(Node.java:137)
        at org.junit.platform.engine.support.hierarchical.NodeTestTask.lambda$executeRecursively$9(NodeTestTask.java:139)
        at org.junit.platform.engine.support.hierarchical.NodeTestTask$$Lambda$256/565372776.execute(Unknown Source)
        at org.junit.platform.engine.support.hierarchical.ThrowableCollector.execute(ThrowableCollector.java:73)
        at org.junit.platform.engine.support.hierarchical.NodeTestTask.executeRecursively(NodeTestTask.java:138)
        at org.junit.platform.engine.support.hierarchical.NodeTestTask.execute(NodeTestTask.java:95)
        at org.junit.platform.engine.support.hierarchical.SameThreadHierarchicalTestExecutorService.submit(SameThreadHierarchicalTestExecutorService.java:35)
        at org.junit.platform.engine.support.hierarchical.HierarchicalTestExecutor.execute(HierarchicalTestExecutor.java:57)
        at org.junit.platform.engine.support.hierarchical.HierarchicalTestEngine.execute(HierarchicalTestEngine.java:54)
        at org.junit.platform.launcher.core.EngineExecutionOrchestrator.execute(EngineExecutionOrchestrator.java:107)
        at org.junit.platform.launcher.core.EngineExecutionOrchestrator.execute(EngineExecutionOrchestrator.java:88)
        at org.junit.platform.launcher.core.EngineExecutionOrchestrator.lambda$execute$0(EngineExecutionOrchestrator.java:54)
        at org.junit.platform.launcher.core.EngineExecutionOrchestrator$$Lambda$214/1069716895.accept(Unknown Source)
        at org.junit.platform.launcher.core.EngineExecutionOrchestrator.withInterceptedStreams(EngineExecutionOrchestrator.java:67)
        at org.junit.platform.launcher.core.EngineExecutionOrchestrator.execute(EngineExecutionOrchestrator.java:52)
        at org.junit.platform.launcher.core.DefaultLauncher.execute(DefaultLauncher.java:114)
        at org.junit.platform.launcher.core.DefaultLauncher.execute(DefaultLauncher.java:86)
        at org.junit.platform.launcher.core.DefaultLauncherSession$DelegatingLauncher.execute(DefaultLauncherSession.java:86)
        at org.junit.platform.launcher.core.SessionPerRequestLauncher.execute(SessionPerRequestLauncher.java:53)
        at org.apache.maven.surefire.junitplatform.JUnitPlatformProvider.execute(JUnitPlatformProvider.java:188)
        at org.apache.maven.surefire.junitplatform.JUnitPlatformProvider.invokeAllTests(JUnitPlatformProvider.java:154)
        at org.apache.maven.surefire.junitplatform.JUnitPlatformProvider.invoke(JUnitPlatformProvider.java:124)
        at org.apache.maven.surefire.booter.ForkedBooter.runSuitesInProcess(ForkedBooter.java:428)
        at org.apache.maven.surefire.booter.ForkedBooter.execute(ForkedBooter.java:162)
        at org.apache.maven.surefire.booter.ForkedBooter.run(ForkedBooter.java:562)
        at org.apache.maven.surefire.booter.ForkedBooter.main(ForkedBooter.java:548)
"ef2e2c18-30bb-4738-b00f-992b0a4fb77a@group-BEF99EDA7C2C->bba87d8c-0158-4ef8-bc32-b35d6e659061-GrpcLogAppender-LogAppenderDaemon" daemon prio=5 tid=491 timed_waiting
java.lang.Thread.State: TIMED_WAITING
        at sun.misc.Unsafe.park(Native Method)
        at java.util.concurrent.locks.LockSupport.parkNanos(LockSupport.java:215)
        at java.util.concurrent.CompletableFuture$Signaller.block(CompletableFuture.java:1709)
        at java.util.concurrent.ForkJoinPool.managedBlock(ForkJoinPool.java:3323)
        at java.util.concurrent.CompletableFuture.timedGet(CompletableFuture.java:1788)
        at java.util.concurrent.CompletableFuture.get(CompletableFuture.java:1928)
        at org.apache.ratis.util.AwaitForSignal.await(AwaitForSignal.java:56)
        at org.apache.ratis.grpc.server.GrpcLogAppender.mayWait(GrpcLogAppender.java:169)
        at org.apache.ratis.grpc.server.GrpcLogAppender.run(GrpcLogAppender.java:128)
        at org.apache.ratis.server.leader.LogAppenderDaemon.run(LogAppenderDaemon.java:77)
        at org.apache.ratis.server.leader.LogAppenderDaemon$$Lambda$1003/1963512467.run(Unknown Source)
        at java.lang.Thread.run(Thread.java:750)
"EventQueue-NodeReportForNodeReportHandler" daemon prio=5 tid=600 in Object.wait()
java.lang.Thread.State: WAITING (on object monitor)
        at sun.misc.Unsafe.park(Native Method)
        at java.util.concurrent.locks.LockSupport.park(LockSupport.java:175)
        at java.util.concurrent.locks.AbstractQueuedSynchronizer$ConditionObject.await(AbstractQueuedSynchronizer.java:2044)
        at java.util.concurrent.LinkedBlockingQueue.take(LinkedBlockingQueue.java:442)
        at java.util.concurrent.ThreadPoolExecutor.getTask(ThreadPoolExecutor.java:1074)
        at java.util.concurrent.ThreadPoolExecutor.runWorker(ThreadPoolExecutor.java:1134)
        at java.util.concurrent.ThreadPoolExecutor$Worker.run(ThreadPoolExecutor.java:624)
        at java.lang.Thread.run(Thread.java:750)
"IPC Server handler 11 on default port 37901" daemon prio=5 tid=48 timed_waiting
java.lang.Thread.State: TIMED_WAITING
        at sun.misc.Unsafe.park(Native Method)
        at java.util.concurrent.locks.LockSupport.parkNanos(LockSupport.java:215)
        at java.util.concurrent.locks.AbstractQueuedSynchronizer$ConditionObject.awaitNanos(AbstractQueuedSynchronizer.java:2083)
        at java.util.concurrent.LinkedBlockingQueue.poll(LinkedBlockingQueue.java:467)
        at org.apache.hadoop.ipc.CallQueueManager.take(CallQueueManager.java:317)
        at org.apache.hadoop.ipc.Server$Handler.run(Server.java:2932)
"Datanode State Machine Task Thread - 0"  prio=5 tid=245 in Object.wait()
java.lang.Thread.State: WAITING (on object monitor)
        at sun.misc.Unsafe.park(Native Method)
        at java.util.concurrent.locks.LockSupport.park(LockSupport.java:175)
        at java.util.concurrent.locks.AbstractQueuedSynchronizer$ConditionObject.await(AbstractQueuedSynchronizer.java:2044)
        at java.util.concurrent.LinkedBlockingQueue.take(LinkedBlockingQueue.java:442)
        at java.util.concurrent.ThreadPoolExecutor.getTask(ThreadPoolExecutor.java:1074)
        at java.util.concurrent.ThreadPoolExecutor.runWorker(ThreadPoolExecutor.java:1134)
        at java.util.concurrent.ThreadPoolExecutor$Worker.run(ThreadPoolExecutor.java:624)
        at java.lang.Thread.run(Thread.java:750)
"Datanode ReportManager Thread - 1" daemon prio=5 tid=185 timed_waiting
java.lang.Thread.State: TIMED_WAITING
        at sun.misc.Unsafe.park(Native Method)
        at java.util.concurrent.locks.LockSupport.parkNanos(LockSupport.java:215)
        at java.util.concurrent.locks.AbstractQueuedSynchronizer$ConditionObject.awaitNanos(AbstractQueuedSynchronizer.java:2083)
        at java.util.concurrent.ScheduledThreadPoolExecutor$DelayedWorkQueue.take(ScheduledThreadPoolExecutor.java:1093)
        at java.util.concurrent.ScheduledThreadPoolExecutor$DelayedWorkQueue.take(ScheduledThreadPoolExecutor.java:809)
        at java.util.concurrent.ThreadPoolExecutor.getTask(ThreadPoolExecutor.java:1074)
        at java.util.concurrent.ThreadPoolExecutor.runWorker(ThreadPoolExecutor.java:1134)
        at java.util.concurrent.ThreadPoolExecutor$Worker.run(ThreadPoolExecutor.java:624)
        at java.lang.Thread.run(Thread.java:750)
"qtp1009725708-104" daemon prio=5 tid=104 timed_waiting
java.lang.Thread.State: TIMED_WAITING
        at sun.misc.Unsafe.park(Native Method)
        at java.util.concurrent.locks.LockSupport.parkNanos(LockSupport.java:215)
        at java.util.concurrent.locks.AbstractQueuedSynchronizer$ConditionObject.awaitNanos(AbstractQueuedSynchronizer.java:2083)
        at org.eclipse.jetty.util.BlockingArrayQueue.poll(BlockingArrayQueue.java:382)
        at org.eclipse.jetty.util.thread.QueuedThreadPool$Runner.idleJobPoll(QueuedThreadPool.java:974)
        at org.eclipse.jetty.util.thread.QueuedThreadPool$Runner.run(QueuedThreadPool.java:1018)
        at java.lang.Thread.run(Thread.java:750)
"qtp1009725708-102" daemon prio=5 tid=102 timed_waiting
java.lang.Thread.State: TIMED_WAITING
        at sun.misc.Unsafe.park(Native Method)
        at java.util.concurrent.locks.LockSupport.parkNanos(LockSupport.java:215)
        at java.util.concurrent.locks.AbstractQueuedSynchronizer$ConditionObject.awaitNanos(AbstractQueuedSynchronizer.java:2083)
        at org.eclipse.jetty.util.BlockingArrayQueue.poll(BlockingArrayQueue.java:382)
        at org.eclipse.jetty.util.thread.QueuedThreadPool$Runner.idleJobPoll(QueuedThreadPool.java:974)
        at org.eclipse.jetty.util.thread.QueuedThreadPool$Runner.run(QueuedThreadPool.java:1018)
        at java.lang.Thread.run(Thread.java:750)
"BlockDeletingService#0" daemon prio=5 tid=400 in Object.wait()
java.lang.Thread.State: WAITING (on object monitor)
        at sun.misc.Unsafe.park(Native Method)
        at java.util.concurrent.locks.LockSupport.park(LockSupport.java:175)
        at java.util.concurrent.locks.AbstractQueuedSynchronizer$ConditionObject.await(AbstractQueuedSynchronizer.java:2044)
        at java.util.concurrent.ScheduledThreadPoolExecutor$DelayedWorkQueue.take(ScheduledThreadPoolExecutor.java:1088)
        at java.util.concurrent.ScheduledThreadPoolExecutor$DelayedWorkQueue.take(ScheduledThreadPoolExecutor.java:809)
        at java.util.concurrent.ThreadPoolExecutor.getTask(ThreadPoolExecutor.java:1074)
        at java.util.concurrent.ThreadPoolExecutor.runWorker(ThreadPoolExecutor.java:1134)
        at java.util.concurrent.ThreadPoolExecutor$Worker.run(ThreadPoolExecutor.java:624)
        at java.lang.Thread.run(Thread.java:750)
"BlockDeletingService#2" daemon prio=5 tid=605 in Object.wait()
java.lang.Thread.State: WAITING (on object monitor)
        at sun.misc.Unsafe.park(Native Method)
        at java.util.concurrent.locks.LockSupport.park(LockSupport.java:175)
        at java.util.concurrent.locks.AbstractQueuedSynchronizer$ConditionObject.await(AbstractQueuedSynchronizer.java:2044)
        at java.util.concurrent.ScheduledThreadPoolExecutor$DelayedWorkQueue.take(ScheduledThreadPoolExecutor.java:1088)
        at java.util.concurrent.ScheduledThreadPoolExecutor$DelayedWorkQueue.take(ScheduledThreadPoolExecutor.java:809)
        at java.util.concurrent.ThreadPoolExecutor.getTask(ThreadPoolExecutor.java:1074)
        at java.util.concurrent.ThreadPoolExecutor.runWorker(ThreadPoolExecutor.java:1134)
        at java.util.concurrent.ThreadPoolExecutor$Worker.run(ThreadPoolExecutor.java:624)
        at java.lang.Thread.run(Thread.java:750)
"BlockDeletingService#1" daemon prio=5 tid=383 timed_waiting
java.lang.Thread.State: TIMED_WAITING
        at sun.misc.Unsafe.park(Native Method)
        at java.util.concurrent.locks.LockSupport.parkNanos(LockSupport.java:215)
        at java.util.concurrent.locks.AbstractQueuedSynchronizer$ConditionObject.awaitNanos(AbstractQueuedSynchronizer.java:2083)
        at java.util.concurrent.ScheduledThreadPoolExecutor$DelayedWorkQueue.take(ScheduledThreadPoolExecutor.java:1093)
        at java.util.concurrent.ScheduledThreadPoolExecutor$DelayedWorkQueue.take(ScheduledThreadPoolExecutor.java:809)
        at java.util.concurrent.ThreadPoolExecutor.getTask(ThreadPoolExecutor.java:1074)
        at java.util.concurrent.ThreadPoolExecutor.runWorker(ThreadPoolExecutor.java:1134)
        at java.util.concurrent.ThreadPoolExecutor$Worker.run(ThreadPoolExecutor.java:624)
        at java.lang.Thread.run(Thread.java:750)
"IPC Server handler 9 on default port 37901" daemon prio=5 tid=46 timed_waiting
java.lang.Thread.State: TIMED_WAITING
        at sun.misc.Unsafe.park(Native Method)
        at java.util.concurrent.locks.LockSupport.parkNanos(LockSupport.java:215)
        at java.util.concurrent.locks.AbstractQueuedSynchronizer$ConditionObject.awaitNanos(AbstractQueuedSynchronizer.java:2083)
        at java.util.concurrent.LinkedBlockingQueue.poll(LinkedBlockingQueue.java:467)
        at org.apache.hadoop.ipc.CallQueueManager.take(CallQueueManager.java:317)
        at org.apache.hadoop.ipc.Server$Handler.run(Server.java:2932)
"IPC Server listener on 0" daemon prio=5 tid=31 runnable
java.lang.Thread.State: RUNNABLE
        at sun.nio.ch.EPollArrayWrapper.epollWait(Native Method)
        at sun.nio.ch.EPollArrayWrapper.poll(EPollArrayWrapper.java:269)
        at sun.nio.ch.EPollSelectorImpl.doSelect(EPollSelectorImpl.java:93)
        at sun.nio.ch.SelectorImpl.lockAndDoSelect(SelectorImpl.java:86)
        at sun.nio.ch.SelectorImpl.select(SelectorImpl.java:97)
        at sun.nio.ch.SelectorImpl.select(SelectorImpl.java:101)
        at org.apache.hadoop.ipc.Server$Listener.run(Server.java:1350)
"IPC Server handler 13 on default port 37901" daemon prio=5 tid=50 timed_waiting
java.lang.Thread.State: TIMED_WAITING
        at sun.misc.Unsafe.park(Native Method)
        at java.util.concurrent.locks.LockSupport.parkNanos(LockSupport.java:215)
        at java.util.concurrent.locks.AbstractQueuedSynchronizer$ConditionObject.awaitNanos(AbstractQueuedSynchronizer.java:2083)
        at java.util.concurrent.LinkedBlockingQueue.poll(LinkedBlockingQueue.java:467)
        at org.apache.hadoop.ipc.CallQueueManager.take(CallQueueManager.java:317)
        at org.apache.hadoop.ipc.Server$Handler.run(Server.java:2932)
"StaleRecoveringContainerScrubbingService#2" daemon prio=5 tid=615 in Object.wait()
java.lang.Thread.State: WAITING (on object monitor)
        at sun.misc.Unsafe.park(Native Method)
        at java.util.concurrent.locks.LockSupport.park(LockSupport.java:175)
        at java.util.concurrent.locks.AbstractQueuedSynchronizer$ConditionObject.await(AbstractQueuedSynchronizer.java:2044)
        at java.util.concurrent.ScheduledThreadPoolExecutor$DelayedWorkQueue.take(ScheduledThreadPoolExecutor.java:1088)
        at java.util.concurrent.ScheduledThreadPoolExecutor$DelayedWorkQueue.take(ScheduledThreadPoolExecutor.java:809)
        at java.util.concurrent.ThreadPoolExecutor.getTask(ThreadPoolExecutor.java:1074)
        at java.util.concurrent.ThreadPoolExecutor.runWorker(ThreadPoolExecutor.java:1134)
        at java.util.concurrent.ThreadPoolExecutor$Worker.run(ThreadPoolExecutor.java:624)
        at java.lang.Thread.run(Thread.java:750)
"qtp1243608583-178" daemon prio=5 tid=178 timed_waiting
java.lang.Thread.State: TIMED_WAITING
        at sun.misc.Unsafe.park(Native Method)
        at java.util.concurrent.locks.LockSupport.parkNanos(LockSupport.java:215)
        at java.util.concurrent.locks.AbstractQueuedSynchronizer$ConditionObject.awaitNanos(AbstractQueuedSynchronizer.java:2083)
        at org.eclipse.jetty.util.BlockingArrayQueue.poll(BlockingArrayQueue.java:382)
        at org.eclipse.jetty.util.thread.QueuedThreadPool$Runner.idleJobPoll(QueuedThreadPool.java:974)
        at org.eclipse.jetty.util.thread.QueuedThreadPool$Runner.run(QueuedThreadPool.java:1018)
        at java.lang.Thread.run(Thread.java:750)
"Datanode ReportManager Thread - 4" daemon prio=5 tid=268 in Object.wait()
java.lang.Thread.State: WAITING (on object monitor)
        at sun.misc.Unsafe.park(Native Method)
        at java.util.concurrent.locks.LockSupport.park(LockSupport.java:175)
        at java.util.concurrent.locks.AbstractQueuedSynchronizer$ConditionObject.await(AbstractQueuedSynchronizer.java:2044)
        at java.util.concurrent.ScheduledThreadPoolExecutor$DelayedWorkQueue.take(ScheduledThreadPoolExecutor.java:1088)
        at java.util.concurrent.ScheduledThreadPoolExecutor$DelayedWorkQueue.take(ScheduledThreadPoolExecutor.java:809)
        at java.util.concurrent.ThreadPoolExecutor.getTask(ThreadPoolExecutor.java:1074)
        at java.util.concurrent.ThreadPoolExecutor.runWorker(ThreadPoolExecutor.java:1134)
        at java.util.concurrent.ThreadPoolExecutor$Worker.run(ThreadPoolExecutor.java:624)
        at java.lang.Thread.run(Thread.java:750)
"SCMBlockDeletingService#0" daemon prio=5 tid=97 timed_waiting
java.lang.Thread.State: TIMED_WAITING
        at sun.misc.Unsafe.park(Native Method)
        at java.util.concurrent.locks.LockSupport.parkNanos(LockSupport.java:215)
        at java.util.concurrent.locks.AbstractQueuedSynchronizer$ConditionObject.awaitNanos(AbstractQueuedSynchronizer.java:2083)
        at java.util.concurrent.ScheduledThreadPoolExecutor$DelayedWorkQueue.take(ScheduledThreadPoolExecutor.java:1093)
        at java.util.concurrent.ScheduledThreadPoolExecutor$DelayedWorkQueue.take(ScheduledThreadPoolExecutor.java:809)
        at java.util.concurrent.ThreadPoolExecutor.getTask(ThreadPoolExecutor.java:1074)
        at java.util.concurrent.ThreadPoolExecutor.runWorker(ThreadPoolExecutor.java:1134)
        at java.util.concurrent.ThreadPoolExecutor$Worker.run(ThreadPoolExecutor.java:624)
        at java.lang.Thread.run(Thread.java:750)
"d38685a6-2183-48c3-b209-d48d12164108@group-8AF4B479ECA4-SegmentedRaftLogWorker"  prio=5 tid=414 timed_waiting
java.lang.Thread.State: TIMED_WAITING
        at sun.misc.Unsafe.park(Native Method)
        at java.util.concurrent.locks.LockSupport.parkNanos(LockSupport.java:215)
        at java.util.concurrent.locks.AbstractQueuedSynchronizer$ConditionObject.awaitNanos(AbstractQueuedSynchronizer.java:2083)
        at org.apache.ratis.util.DataBlockingQueue.poll(DataBlockingQueue.java:148)
        at org.apache.ratis.server.raftlog.segmented.SegmentedRaftLogWorker.run(SegmentedRaftLogWorker.java:301)
        at org.apache.ratis.server.raftlog.segmented.SegmentedRaftLogWorker$$Lambda$607/2145809167.run(Unknown Source)
        at java.lang.Thread.run(Thread.java:750)
"d38685a6-2183-48c3-b209-d48d12164108@group-690075E123F6-StateMachineUpdater" daemon prio=5 tid=412 timed_waiting
java.lang.Thread.State: TIMED_WAITING
        at sun.misc.Unsafe.park(Native Method)
        at java.util.concurrent.locks.LockSupport.parkNanos(LockSupport.java:215)
        at java.util.concurrent.CompletableFuture$Signaller.block(CompletableFuture.java:1709)
        at java.util.concurrent.ForkJoinPool.managedBlock(ForkJoinPool.java:3323)
        at java.util.concurrent.CompletableFuture.timedGet(CompletableFuture.java:1788)
        at java.util.concurrent.CompletableFuture.get(CompletableFuture.java:1928)
        at org.apache.ratis.util.AwaitForSignal.await(AwaitForSignal.java:56)
        at org.apache.ratis.server.impl.StateMachineUpdater.waitForCommit(StateMachineUpdater.java:207)
        at org.apache.ratis.server.impl.StateMachineUpdater.run(StateMachineUpdater.java:176)
        at java.lang.Thread.run(Thread.java:750)
"Datanode State Machine Task Thread - 1"  prio=5 tid=337 in Object.wait()
java.lang.Thread.State: WAITING (on object monitor)
        at sun.misc.Unsafe.park(Native Method)
        at java.util.concurrent.locks.LockSupport.park(LockSupport.java:175)
        at java.util.concurrent.locks.AbstractQueuedSynchronizer$ConditionObject.await(AbstractQueuedSynchronizer.java:2044)
        at java.util.concurrent.LinkedBlockingQueue.take(LinkedBlockingQueue.java:442)
        at java.util.concurrent.ThreadPoolExecutor.getTask(ThreadPoolExecutor.java:1074)
        at java.util.concurrent.ThreadPoolExecutor.runWorker(ThreadPoolExecutor.java:1134)
        at java.util.concurrent.ThreadPoolExecutor$Worker.run(ThreadPoolExecutor.java:624)
        at java.lang.Thread.run(Thread.java:750)
"qtp1764184489-254" daemon prio=5 tid=254 runnable
java.lang.Thread.State: RUNNABLE
        at sun.nio.ch.EPollArrayWrapper.epollWait(Native Method)
        at sun.nio.ch.EPollArrayWrapper.poll(EPollArrayWrapper.java:269)
        at sun.nio.ch.EPollSelectorImpl.doSelect(EPollSelectorImpl.java:93)
        at sun.nio.ch.SelectorImpl.lockAndDoSelect(SelectorImpl.java:86)
        at sun.nio.ch.SelectorImpl.select(SelectorImpl.java:97)
        at sun.nio.ch.SelectorImpl.select(SelectorImpl.java:101)
        at org.eclipse.jetty.io.ManagedSelector.nioSelect(ManagedSelector.java:183)
        at org.eclipse.jetty.io.ManagedSelector.select(ManagedSelector.java:190)
        at org.eclipse.jetty.io.ManagedSelector$SelectorProducer.select(ManagedSelector.java:606)
        at org.eclipse.jetty.io.ManagedSelector$SelectorProducer.produce(ManagedSelector.java:543)
        at org.eclipse.jetty.util.thread.strategy.EatWhatYouKill.produceTask(EatWhatYouKill.java:362)
        at org.eclipse.jetty.util.thread.strategy.EatWhatYouKill.doProduce(EatWhatYouKill.java:186)
        at org.eclipse.jetty.util.thread.strategy.EatWhatYouKill.tryProduce(EatWhatYouKill.java:173)
        at org.eclipse.jetty.util.thread.strategy.EatWhatYouKill.produce(EatWhatYouKill.java:137)
        at org.eclipse.jetty.io.ManagedSelector$$Lambda$440/537813033.run(Unknown Source)
        at org.eclipse.jetty.util.thread.QueuedThreadPool.runJob(QueuedThreadPool.java:883)
        at org.eclipse.jetty.util.thread.QueuedThreadPool$Runner.run(QueuedThreadPool.java:1034)
        at java.lang.Thread.run(Thread.java:750)
"IPC Server handler 4 on default port 34177" daemon prio=5 tid=61 timed_waiting
java.lang.Thread.State: TIMED_WAITING
        at sun.misc.Unsafe.park(Native Method)
        at java.util.concurrent.locks.LockSupport.parkNanos(LockSupport.java:215)
        at java.util.concurrent.locks.AbstractQueuedSynchronizer$ConditionObject.awaitNanos(AbstractQueuedSynchronizer.java:2083)
        at java.util.concurrent.LinkedBlockingQueue.poll(LinkedBlockingQueue.java:467)
        at org.apache.hadoop.ipc.CallQueueManager.take(CallQueueManager.java:317)
        at org.apache.hadoop.ipc.Server$Handler.run(Server.java:2932)
"FixedThreadPoolWithAffinityExecutor-1-0" daemon prio=5 tid=408 in Object.wait()
java.lang.Thread.State: WAITING (on object monitor)
        at sun.misc.Unsafe.park(Native Method)
        at java.util.concurrent.locks.LockSupport.park(LockSupport.java:175)
        at java.util.concurrent.locks.AbstractQueuedSynchronizer$ConditionObject.await(AbstractQueuedSynchronizer.java:2044)
        at java.util.concurrent.LinkedBlockingDeque.takeFirst(LinkedBlockingDeque.java:492)
        at java.util.concurrent.LinkedBlockingDeque.take(LinkedBlockingDeque.java:680)
        at java.util.concurrent.ThreadPoolExecutor.getTask(ThreadPoolExecutor.java:1074)
        at java.util.concurrent.ThreadPoolExecutor.runWorker(ThreadPoolExecutor.java:1134)
        at java.util.concurrent.ThreadPoolExecutor$Worker.run(ThreadPoolExecutor.java:624)
        at java.lang.Thread.run(Thread.java:750)
"org.apache.ratis.util.JvmPauseMonitor$$Lambda$679/166677305@2e3ce382" daemon prio=5 tid=331 timed_waiting
java.lang.Thread.State: TIMED_WAITING
        at java.lang.Thread.sleep(Native Method)
        at java.lang.Thread.sleep(Thread.java:342)
        at java.util.concurrent.TimeUnit.sleep(TimeUnit.java:386)
        at org.apache.ratis.util.TimeDuration.sleep(TimeDuration.java:325)
        at org.apache.ratis.util.TimeDuration.sleep(TimeDuration.java:310)
        at org.apache.ratis.util.JvmPauseMonitor.detectPause(JvmPauseMonitor.java:117)
        at org.apache.ratis.util.JvmPauseMonitor.run(JvmPauseMonitor.java:106)
        at org.apache.ratis.util.JvmPauseMonitor$$Lambda$679/166677305.run(Unknown Source)
        at java.lang.Thread.run(Thread.java:750)
"Periodic HDDS volume checker" daemon prio=5 tid=247 timed_waiting
java.lang.Thread.State: TIMED_WAITING
        at sun.misc.Unsafe.park(Native Method)
        at java.util.concurrent.locks.LockSupport.parkNanos(LockSupport.java:215)
        at java.util.concurrent.locks.AbstractQueuedSynchronizer$ConditionObject.awaitNanos(AbstractQueuedSynchronizer.java:2083)
        at java.util.concurrent.ScheduledThreadPoolExecutor$DelayedWorkQueue.take(ScheduledThreadPoolExecutor.java:1093)
        at java.util.concurrent.ScheduledThreadPoolExecutor$DelayedWorkQueue.take(ScheduledThreadPoolExecutor.java:809)
        at java.util.concurrent.ThreadPoolExecutor.getTask(ThreadPoolExecutor.java:1074)
        at java.util.concurrent.ThreadPoolExecutor.runWorker(ThreadPoolExecutor.java:1134)
        at java.util.concurrent.ThreadPoolExecutor$Worker.run(ThreadPoolExecutor.java:624)
        at java.lang.Thread.run(Thread.java:750)
"grpc-default-worker-ELG-3-1" daemon prio=5 tid=417 runnable
java.lang.Thread.State: RUNNABLE
        at org.apache.ratis.thirdparty.io.netty.channel.epoll.Native.epollWait(Native Method)
        at org.apache.ratis.thirdparty.io.netty.channel.epoll.Native.epollWait(Native.java:193)
        at org.apache.ratis.thirdparty.io.netty.channel.epoll.Native.epollWait(Native.java:186)
        at org.apache.ratis.thirdparty.io.netty.channel.epoll.EpollEventLoop.epollWaitNoTimerChange(EpollEventLoop.java:290)
        at org.apache.ratis.thirdparty.io.netty.channel.epoll.EpollEventLoop.run(EpollEventLoop.java:347)
        at org.apache.ratis.thirdparty.io.netty.util.concurrent.SingleThreadEventExecutor$4.run(SingleThreadEventExecutor.java:986)
        at org.apache.ratis.thirdparty.io.netty.util.internal.ThreadExecutorMap$2.run(ThreadExecutorMap.java:74)
        at org.apache.ratis.thirdparty.io.netty.util.concurrent.FastThreadLocalRunnable.run(FastThreadLocalRunnable.java:30)
        at java.lang.Thread.run(Thread.java:750)
"IPC Server handler 3 on default port 37901" daemon prio=5 tid=40 timed_waiting
java.lang.Thread.State: TIMED_WAITING
        at sun.misc.Unsafe.park(Native Method)
        at java.util.concurrent.locks.LockSupport.parkNanos(LockSupport.java:215)
        at java.util.concurrent.locks.AbstractQueuedSynchronizer$ConditionObject.awaitNanos(AbstractQueuedSynchronizer.java:2083)
        at java.util.concurrent.LinkedBlockingQueue.poll(LinkedBlockingQueue.java:467)
        at org.apache.hadoop.ipc.CallQueueManager.take(CallQueueManager.java:317)
        at org.apache.hadoop.ipc.Server$Handler.run(Server.java:2932)
"bba87d8c-0158-4ef8-bc32-b35d6e659061-server-thread1" daemon prio=5 tid=494 timed_waiting
java.lang.Thread.State: TIMED_WAITING
        at sun.misc.Unsafe.park(Native Method)
        at java.util.concurrent.locks.LockSupport.parkNanos(LockSupport.java:215)
        at java.util.concurrent.SynchronousQueue$TransferStack.awaitFulfill(SynchronousQueue.java:460)
        at java.util.concurrent.SynchronousQueue$TransferStack.transfer(SynchronousQueue.java:362)
        at java.util.concurrent.SynchronousQueue.poll(SynchronousQueue.java:941)
        at java.util.concurrent.ThreadPoolExecutor.getTask(ThreadPoolExecutor.java:1073)
        at java.util.concurrent.ThreadPoolExecutor.runWorker(ThreadPoolExecutor.java:1134)
        at java.util.concurrent.ThreadPoolExecutor$Worker.run(ThreadPoolExecutor.java:624)
        at java.lang.Thread.run(Thread.java:750)
"qtp1302746218-135" daemon prio=5 tid=135 runnable
java.lang.Thread.State: RUNNABLE
        at sun.nio.ch.EPollArrayWrapper.epollWait(Native Method)
        at sun.nio.ch.EPollArrayWrapper.poll(EPollArrayWrapper.java:269)
        at sun.nio.ch.EPollSelectorImpl.doSelect(EPollSelectorImpl.java:93)
        at sun.nio.ch.SelectorImpl.lockAndDoSelect(SelectorImpl.java:86)
        at sun.nio.ch.SelectorImpl.select(SelectorImpl.java:97)
        at sun.nio.ch.SelectorImpl.select(SelectorImpl.java:101)
        at org.eclipse.jetty.io.ManagedSelector.nioSelect(ManagedSelector.java:183)
        at org.eclipse.jetty.io.ManagedSelector.select(ManagedSelector.java:190)
        at org.eclipse.jetty.io.ManagedSelector$SelectorProducer.select(ManagedSelector.java:606)
        at org.eclipse.jetty.io.ManagedSelector$SelectorProducer.produce(ManagedSelector.java:543)
        at org.eclipse.jetty.util.thread.strategy.EatWhatYouKill.produceTask(EatWhatYouKill.java:362)
        at org.eclipse.jetty.util.thread.strategy.EatWhatYouKill.doProduce(EatWhatYouKill.java:186)
        at org.eclipse.jetty.util.thread.strategy.EatWhatYouKill.tryProduce(EatWhatYouKill.java:173)
        at org.eclipse.jetty.util.thread.strategy.EatWhatYouKill.produce(EatWhatYouKill.java:137)
        at org.eclipse.jetty.io.ManagedSelector$$Lambda$440/537813033.run(Unknown Source)
        at org.eclipse.jetty.util.thread.QueuedThreadPool.runJob(QueuedThreadPool.java:883)
        at org.eclipse.jetty.util.thread.QueuedThreadPool$Runner.run(QueuedThreadPool.java:1034)
        at java.lang.Thread.run(Thread.java:750)
"StaleRecoveringContainerScrubbingService#1" daemon prio=5 tid=335 timed_waiting
java.lang.Thread.State: TIMED_WAITING
        at sun.misc.Unsafe.park(Native Method)
        at java.util.concurrent.locks.LockSupport.parkNanos(LockSupport.java:215)
        at java.util.concurrent.locks.AbstractQueuedSynchronizer$ConditionObject.awaitNanos(AbstractQueuedSynchronizer.java:2083)
        at java.util.concurrent.ScheduledThreadPoolExecutor$DelayedWorkQueue.take(ScheduledThreadPoolExecutor.java:1093)
        at java.util.concurrent.ScheduledThreadPoolExecutor$DelayedWorkQueue.take(ScheduledThreadPoolExecutor.java:809)
        at java.util.concurrent.ThreadPoolExecutor.getTask(ThreadPoolExecutor.java:1074)
        at java.util.concurrent.ThreadPoolExecutor.runWorker(ThreadPoolExecutor.java:1134)
        at java.util.concurrent.ThreadPoolExecutor$Worker.run(ThreadPoolExecutor.java:624)
        at java.lang.Thread.run(Thread.java:750)
"Datanode ReportManager Thread - 3" daemon prio=5 tid=241 timed_waiting
java.lang.Thread.State: TIMED_WAITING
        at sun.misc.Unsafe.park(Native Method)
        at java.util.concurrent.locks.LockSupport.parkNanos(LockSupport.java:215)
        at java.util.concurrent.locks.AbstractQueuedSynchronizer$ConditionObject.awaitNanos(AbstractQueuedSynchronizer.java:2083)
        at java.util.concurrent.ScheduledThreadPoolExecutor$DelayedWorkQueue.take(ScheduledThreadPoolExecutor.java:1093)
        at java.util.concurrent.ScheduledThreadPoolExecutor$DelayedWorkQueue.take(ScheduledThreadPoolExecutor.java:809)
        at java.util.concurrent.ThreadPoolExecutor.getTask(ThreadPoolExecutor.java:1074)
        at java.util.concurrent.ThreadPoolExecutor.runWorker(ThreadPoolExecutor.java:1134)
        at java.util.concurrent.ThreadPoolExecutor$Worker.run(ThreadPoolExecutor.java:624)
        at java.lang.Thread.run(Thread.java:750)
"IPC Server handler 14 on default port 34177" daemon prio=5 tid=71 timed_waiting
java.lang.Thread.State: TIMED_WAITING
        at sun.misc.Unsafe.park(Native Method)
        at java.util.concurrent.locks.LockSupport.parkNanos(LockSupport.java:215)
        at java.util.concurrent.locks.AbstractQueuedSynchronizer$ConditionObject.awaitNanos(AbstractQueuedSynchronizer.java:2083)
        at java.util.concurrent.LinkedBlockingQueue.poll(LinkedBlockingQueue.java:467)
        at org.apache.hadoop.ipc.CallQueueManager.take(CallQueueManager.java:317)
        at org.apache.hadoop.ipc.Server$Handler.run(Server.java:2932)
"IPC Server handler 13 on default port 43991" daemon prio=5 tid=157 timed_waiting
java.lang.Thread.State: TIMED_WAITING
        at sun.misc.Unsafe.park(Native Method)
        at java.util.concurrent.locks.LockSupport.parkNanos(LockSupport.java:215)
        at java.util.concurrent.locks.AbstractQueuedSynchronizer$ConditionObject.awaitNanos(AbstractQueuedSynchronizer.java:2083)
        at java.util.concurrent.LinkedBlockingQueue.poll(LinkedBlockingQueue.java:467)
        at org.apache.hadoop.ipc.CallQueueManager.take(CallQueueManager.java:317)
        at org.apache.hadoop.ipc.Server$Handler.run(Server.java:2932)
"Socket Reader #1 for port 0"  prio=5 tid=123 runnable
java.lang.Thread.State: RUNNABLE
        at sun.nio.ch.EPollArrayWrapper.epollWait(Native Method)
        at sun.nio.ch.EPollArrayWrapper.poll(EPollArrayWrapper.java:269)
        at sun.nio.ch.EPollSelectorImpl.doSelect(EPollSelectorImpl.java:93)
        at sun.nio.ch.SelectorImpl.lockAndDoSelect(SelectorImpl.java:86)
        at sun.nio.ch.SelectorImpl.select(SelectorImpl.java:97)
        at sun.nio.ch.SelectorImpl.select(SelectorImpl.java:101)
        at org.apache.hadoop.ipc.Server$Listener$Reader.doRunLoop(Server.java:1288)
        at org.apache.hadoop.ipc.Server$Listener$Reader.run(Server.java:1267)
"IPC Server handler 10 on default port 34177" daemon prio=5 tid=67 timed_waiting
java.lang.Thread.State: TIMED_WAITING
        at sun.misc.Unsafe.park(Native Method)
        at java.util.concurrent.locks.LockSupport.parkNanos(LockSupport.java:215)
        at java.util.concurrent.locks.AbstractQueuedSynchronizer$ConditionObject.awaitNanos(AbstractQueuedSynchronizer.java:2083)
        at java.util.concurrent.LinkedBlockingQueue.poll(LinkedBlockingQueue.java:467)
        at org.apache.hadoop.ipc.CallQueueManager.take(CallQueueManager.java:317)
        at org.apache.hadoop.ipc.Server$Handler.run(Server.java:2932)
"ChunkWriter-2-0" daemon prio=5 tid=396 in Object.wait()
java.lang.Thread.State: WAITING (on object monitor)
        at sun.misc.Unsafe.park(Native Method)
        at java.util.concurrent.locks.LockSupport.park(LockSupport.java:175)
        at java.util.concurrent.locks.AbstractQueuedSynchronizer$ConditionObject.await(AbstractQueuedSynchronizer.java:2044)
        at java.util.concurrent.LinkedBlockingDeque.takeFirst(LinkedBlockingDeque.java:492)
        at java.util.concurrent.LinkedBlockingDeque.take(LinkedBlockingDeque.java:680)
        at java.util.concurrent.ThreadPoolExecutor.getTask(ThreadPoolExecutor.java:1074)
        at java.util.concurrent.ThreadPoolExecutor.runWorker(ThreadPoolExecutor.java:1134)
        at java.util.concurrent.ThreadPoolExecutor$Worker.run(ThreadPoolExecutor.java:624)
        at java.lang.Thread.run(Thread.java:750)
"IPC Server Responder" daemon prio=5 tid=26 runnable
java.lang.Thread.State: RUNNABLE
        at sun.nio.ch.EPollArrayWrapper.epollWait(Native Method)
        at sun.nio.ch.EPollArrayWrapper.poll(EPollArrayWrapper.java:269)
        at sun.nio.ch.EPollSelectorImpl.doSelect(EPollSelectorImpl.java:93)
        at sun.nio.ch.SelectorImpl.lockAndDoSelect(SelectorImpl.java:86)
        at sun.nio.ch.SelectorImpl.select(SelectorImpl.java:97)
        at org.apache.hadoop.ipc.Server$Responder.doRunLoop(Server.java:1527)
        at org.apache.hadoop.ipc.Server$Responder.run(Server.java:1510)
"ef2e2c18-30bb-4738-b00f-992b0a4fb77a@group-BEF99EDA7C2C-StateMachineUpdater" daemon prio=5 tid=452 timed_waiting
java.lang.Thread.State: TIMED_WAITING
        at sun.misc.Unsafe.park(Native Method)
        at java.util.concurrent.locks.LockSupport.parkNanos(LockSupport.java:215)
        at java.util.concurrent.CompletableFuture$Signaller.block(CompletableFuture.java:1709)
        at java.util.concurrent.ForkJoinPool.managedBlock(ForkJoinPool.java:3323)
        at java.util.concurrent.CompletableFuture.timedGet(CompletableFuture.java:1788)
        at java.util.concurrent.CompletableFuture.get(CompletableFuture.java:1928)
        at org.apache.ratis.util.AwaitForSignal.await(AwaitForSignal.java:56)
        at org.apache.ratis.server.impl.StateMachineUpdater.waitForCommit(StateMachineUpdater.java:207)
        at org.apache.ratis.server.impl.StateMachineUpdater.run(StateMachineUpdater.java:176)
        at java.lang.Thread.run(Thread.java:750)
"Finalizer" daemon prio=8 tid=3 in Object.wait()
java.lang.Thread.State: WAITING (on object monitor)
        at java.lang.Object.wait(Native Method)
        at java.lang.ref.ReferenceQueue.remove(ReferenceQueue.java:144)
        at java.lang.ref.ReferenceQueue.remove(ReferenceQueue.java:165)
        at java.lang.ref.Finalizer$FinalizerThread.run(Finalizer.java:216)
"qtp1636538715-230" daemon prio=5 tid=230 timed_waiting
java.lang.Thread.State: TIMED_WAITING
        at sun.misc.Unsafe.park(Native Method)
        at java.util.concurrent.locks.LockSupport.parkNanos(LockSupport.java:215)
        at java.util.concurrent.locks.AbstractQueuedSynchronizer$ConditionObject.awaitNanos(AbstractQueuedSynchronizer.java:2083)
        at org.eclipse.jetty.util.BlockingArrayQueue.poll(BlockingArrayQueue.java:382)
        at org.eclipse.jetty.util.thread.QueuedThreadPool$Runner.idleJobPoll(QueuedThreadPool.java:974)
        at org.eclipse.jetty.util.thread.QueuedThreadPool$Runner.run(QueuedThreadPool.java:1018)
        at java.lang.Thread.run(Thread.java:750)
"IPC Server handler 7 on default port 45685" daemon prio=5 tid=84 timed_waiting
java.lang.Thread.State: TIMED_WAITING
        at sun.misc.Unsafe.park(Native Method)
        at java.util.concurrent.locks.LockSupport.parkNanos(LockSupport.java:215)
        at java.util.concurrent.locks.AbstractQueuedSynchronizer$ConditionObject.awaitNanos(AbstractQueuedSynchronizer.java:2083)
        at java.util.concurrent.LinkedBlockingQueue.poll(LinkedBlockingQueue.java:467)
        at org.apache.hadoop.ipc.CallQueueManager.take(CallQueueManager.java:317)
        at org.apache.hadoop.ipc.Server$Handler.run(Server.java:2932)
"Datanode ReportManager Thread - 2" daemon prio=5 tid=214 in Object.wait()
java.lang.Thread.State: WAITING (on object monitor)
        at sun.misc.Unsafe.park(Native Method)
        at java.util.concurrent.locks.LockSupport.park(LockSupport.java:175)
        at java.util.concurrent.locks.AbstractQueuedSynchronizer$ConditionObject.await(AbstractQueuedSynchronizer.java:2044)
        at java.util.concurrent.ScheduledThreadPoolExecutor$DelayedWorkQueue.take(ScheduledThreadPoolExecutor.java:1088)
        at java.util.concurrent.ScheduledThreadPoolExecutor$DelayedWorkQueue.take(ScheduledThreadPoolExecutor.java:809)
        at java.util.concurrent.ThreadPoolExecutor.getTask(ThreadPoolExecutor.java:1074)
        at java.util.concurrent.ThreadPoolExecutor.runWorker(ThreadPoolExecutor.java:1134)
        at java.util.concurrent.ThreadPoolExecutor$Worker.run(ThreadPoolExecutor.java:624)
        at java.lang.Thread.run(Thread.java:750)
"IPC Server idle connection scanner for port 43991" daemon prio=5 tid=124 timed_waiting
java.lang.Thread.State: TIMED_WAITING
        at java.lang.Object.wait(Native Method)
        at java.util.TimerThread.mainLoop(Timer.java:552)
        at java.util.TimerThread.run(Timer.java:505)
"d38685a6-2183-48c3-b209-d48d12164108@group-8AF4B479ECA4-FollowerState" daemon prio=5 tid=638 timed_waiting
java.lang.Thread.State: TIMED_WAITING
        at java.lang.Thread.sleep(Native Method)
        at java.lang.Thread.sleep(Thread.java:342)
        at java.util.concurrent.TimeUnit.sleep(TimeUnit.java:386)
        at org.apache.ratis.util.TimeDuration.sleep(TimeDuration.java:325)
        at org.apache.ratis.util.TimeDuration.sleep(TimeDuration.java:310)
        at org.apache.ratis.server.impl.FollowerState.run(FollowerState.java:128)
"IPC Server handler 19 on default port 37901" daemon prio=5 tid=56 timed_waiting
java.lang.Thread.State: TIMED_WAITING
        at sun.misc.Unsafe.park(Native Method)
        at java.util.concurrent.locks.LockSupport.parkNanos(LockSupport.java:215)
        at java.util.concurrent.locks.AbstractQueuedSynchronizer$ConditionObject.awaitNanos(AbstractQueuedSynchronizer.java:2083)
        at java.util.concurrent.LinkedBlockingQueue.poll(LinkedBlockingQueue.java:467)
        at org.apache.hadoop.ipc.CallQueueManager.take(CallQueueManager.java:317)
        at org.apache.hadoop.ipc.Server$Handler.run(Server.java:2932)
"ExpiredContainerReplicaOpScrubberThread" daemon prio=5 tid=17 timed_waiting
java.lang.Thread.State: TIMED_WAITING
        at java.lang.Object.wait(Native Method)
        at org.apache.hadoop.hdds.scm.ha.BackgroundSCMService.run(BackgroundSCMService.java:110)
        at org.apache.hadoop.hdds.scm.ha.BackgroundSCMService$$Lambda$369/1210734791.run(Unknown Source)
        at java.lang.Thread.run(Thread.java:750)
"d28c3a4e-3918-43d8-bb46-fc5b34cd0519@group-0AE05C4D1DC3-LeaderStateImpl" daemon prio=5 tid=481 timed_waiting
java.lang.Thread.State: TIMED_WAITING
        at sun.misc.Unsafe.park(Native Method)
        at java.util.concurrent.locks.LockSupport.parkNanos(LockSupport.java:215)
        at java.util.concurrent.locks.AbstractQueuedSynchronizer$ConditionObject.awaitNanos(AbstractQueuedSynchronizer.java:2083)
        at java.util.concurrent.ArrayBlockingQueue.poll(ArrayBlockingQueue.java:418)
        at org.apache.ratis.server.impl.LeaderStateImpl$EventQueue.poll(LeaderStateImpl.java:159)
        at org.apache.ratis.server.impl.LeaderStateImpl$EventProcessor.run(LeaderStateImpl.java:630)
"pool-180-thread-1" daemon prio=5 tid=301 timed_waiting
java.lang.Thread.State: TIMED_WAITING
        at sun.misc.Unsafe.park(Native Method)
        at java.util.concurrent.locks.LockSupport.parkNanos(LockSupport.java:215)
        at java.util.concurrent.locks.AbstractQueuedSynchronizer$ConditionObject.awaitNanos(AbstractQueuedSynchronizer.java:2083)
        at java.util.concurrent.ScheduledThreadPoolExecutor$DelayedWorkQueue.take(ScheduledThreadPoolExecutor.java:1093)
        at java.util.concurrent.ScheduledThreadPoolExecutor$DelayedWorkQueue.take(ScheduledThreadPoolExecutor.java:809)
        at java.util.concurrent.ThreadPoolExecutor.getTask(ThreadPoolExecutor.java:1074)
        at java.util.concurrent.ThreadPoolExecutor.runWorker(ThreadPoolExecutor.java:1134)
        at java.util.concurrent.ThreadPoolExecutor$Worker.run(ThreadPoolExecutor.java:624)
        at java.lang.Thread.run(Thread.java:750)
"Socket Reader #1 for port 0"  prio=5 tid=28 runnable
java.lang.Thread.State: RUNNABLE
        at sun.nio.ch.EPollArrayWrapper.epollWait(Native Method)
        at sun.nio.ch.EPollArrayWrapper.poll(EPollArrayWrapper.java:269)
        at sun.nio.ch.EPollSelectorImpl.doSelect(EPollSelectorImpl.java:93)
        at sun.nio.ch.SelectorImpl.lockAndDoSelect(SelectorImpl.java:86)
        at sun.nio.ch.SelectorImpl.select(SelectorImpl.java:97)
        at sun.nio.ch.SelectorImpl.select(SelectorImpl.java:101)
        at org.apache.hadoop.ipc.Server$Listener$Reader.doRunLoop(Server.java:1288)
        at org.apache.hadoop.ipc.Server$Listener$Reader.run(Server.java:1267)
"Datanode ReportManager Thread - 1" daemon prio=5 tid=213 timed_waiting
java.lang.Thread.State: TIMED_WAITING
        at sun.misc.Unsafe.park(Native Method)
        at java.util.concurrent.locks.LockSupport.parkNanos(LockSupport.java:215)
        at java.util.concurrent.locks.AbstractQueuedSynchronizer$ConditionObject.awaitNanos(AbstractQueuedSynchronizer.java:2083)
        at java.util.concurrent.ScheduledThreadPoolExecutor$DelayedWorkQueue.take(ScheduledThreadPoolExecutor.java:1093)
        at java.util.concurrent.ScheduledThreadPoolExecutor$DelayedWorkQueue.take(ScheduledThreadPoolExecutor.java:809)
        at java.util.concurrent.ThreadPoolExecutor.getTask(ThreadPoolExecutor.java:1074)
        at java.util.concurrent.ThreadPoolExecutor.runWorker(ThreadPoolExecutor.java:1134)
        at java.util.concurrent.ThreadPoolExecutor$Worker.run(ThreadPoolExecutor.java:624)
        at java.lang.Thread.run(Thread.java:750)
"qtp1764184489-259" daemon prio=5 tid=259 timed_waiting
java.lang.Thread.State: TIMED_WAITING
        at sun.misc.Unsafe.park(Native Method)
        at java.util.concurrent.locks.LockSupport.parkNanos(LockSupport.java:215)
        at java.util.concurrent.locks.AbstractQueuedSynchronizer$ConditionObject.awaitNanos(AbstractQueuedSynchronizer.java:2083)
        at org.eclipse.jetty.util.BlockingArrayQueue.poll(BlockingArrayQueue.java:382)
        at org.eclipse.jetty.util.thread.QueuedThreadPool$Runner.idleJobPoll(QueuedThreadPool.java:974)
        at org.eclipse.jetty.util.thread.QueuedThreadPool$Runner.run(QueuedThreadPool.java:1018)
        at java.lang.Thread.run(Thread.java:750)
"qtp122396887-307-acceptor-0@7a34b4dc-ServerConnector@440d2cc8{HTTP/1.1, (http/1.1)}{0.0.0.0:33839}" daemon prio=3 tid=307 runnable
java.lang.Thread.State: RUNNABLE
        at sun.nio.ch.ServerSocketChannelImpl.accept0(Native Method)
        at sun.nio.ch.ServerSocketChannelImpl.accept(ServerSocketChannelImpl.java:421)
        at sun.nio.ch.ServerSocketChannelImpl.accept(ServerSocketChannelImpl.java:249)
        at org.eclipse.jetty.server.ServerConnector.accept(ServerConnector.java:388)
        at org.eclipse.jetty.server.AbstractConnector$Acceptor.run(AbstractConnector.java:702)
        at org.eclipse.jetty.util.thread.QueuedThreadPool.runJob(QueuedThreadPool.java:883)
        at org.eclipse.jetty.util.thread.QueuedThreadPool$Runner.run(QueuedThreadPool.java:1034)
        at java.lang.Thread.run(Thread.java:750)
"org.apache.ratis.util.JvmPauseMonitor$$Lambda$679/166677305@77019c94" daemon prio=5 tid=129 timed_waiting
java.lang.Thread.State: TIMED_WAITING
        at java.lang.Thread.sleep(Native Method)
        at java.lang.Thread.sleep(Thread.java:342)
        at java.util.concurrent.TimeUnit.sleep(TimeUnit.java:386)
        at org.apache.ratis.util.TimeDuration.sleep(TimeDuration.java:325)
        at org.apache.ratis.util.TimeDuration.sleep(TimeDuration.java:310)
        at org.apache.ratis.util.JvmPauseMonitor.detectPause(JvmPauseMonitor.java:117)
        at org.apache.ratis.util.JvmPauseMonitor.run(JvmPauseMonitor.java:106)
        at org.apache.ratis.util.JvmPauseMonitor$$Lambda$679/166677305.run(Unknown Source)
        at java.lang.Thread.run(Thread.java:750)
"om1@group-C5BA1605619E-SegmentedRaftLogWorker"  prio=5 tid=120 timed_waiting
java.lang.Thread.State: TIMED_WAITING
        at sun.misc.Unsafe.park(Native Method)
        at java.util.concurrent.locks.LockSupport.parkNanos(LockSupport.java:215)
        at java.util.concurrent.locks.AbstractQueuedSynchronizer$ConditionObject.awaitNanos(AbstractQueuedSynchronizer.java:2083)
        at org.apache.ratis.util.DataBlockingQueue.poll(DataBlockingQueue.java:148)
        at org.apache.ratis.server.raftlog.segmented.SegmentedRaftLogWorker.run(SegmentedRaftLogWorker.java:301)
        at org.apache.ratis.server.raftlog.segmented.SegmentedRaftLogWorker$$Lambda$607/2145809167.run(Unknown Source)
        at java.lang.Thread.run(Thread.java:750)
"e152a9cb-50bd-4473-abda-9918c470cf1e@group-CBC39D7A33A3-StateMachineUpdater" daemon prio=5 tid=430 timed_waiting
java.lang.Thread.State: TIMED_WAITING
        at sun.misc.Unsafe.park(Native Method)
        at java.util.concurrent.locks.LockSupport.parkNanos(LockSupport.java:215)
        at java.util.concurrent.CompletableFuture$Signaller.block(CompletableFuture.java:1709)
        at java.util.concurrent.ForkJoinPool.managedBlock(ForkJoinPool.java:3323)
        at java.util.concurrent.CompletableFuture.timedGet(CompletableFuture.java:1788)
        at java.util.concurrent.CompletableFuture.get(CompletableFuture.java:1928)
        at org.apache.ratis.util.AwaitForSignal.await(AwaitForSignal.java:56)
        at org.apache.ratis.server.impl.StateMachineUpdater.waitForCommit(StateMachineUpdater.java:207)
        at org.apache.ratis.server.impl.StateMachineUpdater.run(StateMachineUpdater.java:176)
        at java.lang.Thread.run(Thread.java:750)
"qtp721392266-286" daemon prio=5 tid=286 timed_waiting
java.lang.Thread.State: TIMED_WAITING
        at sun.misc.Unsafe.park(Native Method)
        at java.util.concurrent.locks.LockSupport.parkNanos(LockSupport.java:215)
        at java.util.concurrent.locks.AbstractQueuedSynchronizer$ConditionObject.awaitNanos(AbstractQueuedSynchronizer.java:2083)
        at org.eclipse.jetty.util.BlockingArrayQueue.poll(BlockingArrayQueue.java:382)
        at org.eclipse.jetty.util.thread.QueuedThreadPool$Runner.idleJobPoll(QueuedThreadPool.java:974)
        at org.eclipse.jetty.util.thread.QueuedThreadPool$Runner.run(QueuedThreadPool.java:1018)
        at java.lang.Thread.run(Thread.java:750)
"BlockDeletingService#0" daemon prio=5 tid=357 in Object.wait()
java.lang.Thread.State: WAITING (on object monitor)
        at sun.misc.Unsafe.park(Native Method)
        at java.util.concurrent.locks.LockSupport.park(LockSupport.java:175)
        at java.util.concurrent.locks.AbstractQueuedSynchronizer$ConditionObject.await(AbstractQueuedSynchronizer.java:2044)
        at java.util.concurrent.ScheduledThreadPoolExecutor$DelayedWorkQueue.take(ScheduledThreadPoolExecutor.java:1088)
        at java.util.concurrent.ScheduledThreadPoolExecutor$DelayedWorkQueue.take(ScheduledThreadPoolExecutor.java:809)
        at java.util.concurrent.ThreadPoolExecutor.getTask(ThreadPoolExecutor.java:1074)
        at java.util.concurrent.ThreadPoolExecutor.runWorker(ThreadPoolExecutor.java:1134)
        at java.util.concurrent.ThreadPoolExecutor$Worker.run(ThreadPoolExecutor.java:624)
        at java.lang.Thread.run(Thread.java:750)
"pool-157-thread-1" daemon prio=5 tid=275 timed_waiting
java.lang.Thread.State: TIMED_WAITING
        at sun.misc.Unsafe.park(Native Method)
        at java.util.concurrent.locks.LockSupport.parkNanos(LockSupport.java:215)
        at java.util.concurrent.locks.AbstractQueuedSynchronizer$ConditionObject.awaitNanos(AbstractQueuedSynchronizer.java:2083)
        at java.util.concurrent.ScheduledThreadPoolExecutor$DelayedWorkQueue.take(ScheduledThreadPoolExecutor.java:1093)
        at java.util.concurrent.ScheduledThreadPoolExecutor$DelayedWorkQueue.take(ScheduledThreadPoolExecutor.java:809)
        at java.util.concurrent.ThreadPoolExecutor.getTask(ThreadPoolExecutor.java:1074)
        at java.util.concurrent.ThreadPoolExecutor.runWorker(ThreadPoolExecutor.java:1134)
        at java.util.concurrent.ThreadPoolExecutor$Worker.run(ThreadPoolExecutor.java:624)
        at java.lang.Thread.run(Thread.java:750)
"qtp1764184489-258" daemon prio=5 tid=258 timed_waiting
java.lang.Thread.State: TIMED_WAITING
        at sun.misc.Unsafe.park(Native Method)
        at java.util.concurrent.locks.LockSupport.parkNanos(LockSupport.java:215)
        at java.util.concurrent.locks.AbstractQueuedSynchronizer$ConditionObject.awaitNanos(AbstractQueuedSynchronizer.java:2083)
        at org.eclipse.jetty.util.BlockingArrayQueue.poll(BlockingArrayQueue.java:382)
        at org.eclipse.jetty.util.thread.QueuedThreadPool$Runner.idleJobPoll(QueuedThreadPool.java:974)
        at org.eclipse.jetty.util.thread.QueuedThreadPool$Runner.run(QueuedThreadPool.java:1018)
        at java.lang.Thread.run(Thread.java:750)
"Datanode State Machine Task Thread - 0"  prio=5 tid=325 in Object.wait()
java.lang.Thread.State: WAITING (on object monitor)
        at sun.misc.Unsafe.park(Native Method)
        at java.util.concurrent.locks.LockSupport.park(LockSupport.java:175)
        at java.util.concurrent.locks.AbstractQueuedSynchronizer$ConditionObject.await(AbstractQueuedSynchronizer.java:2044)
        at java.util.concurrent.LinkedBlockingQueue.take(LinkedBlockingQueue.java:442)
        at java.util.concurrent.ThreadPoolExecutor.getTask(ThreadPoolExecutor.java:1074)
        at java.util.concurrent.ThreadPoolExecutor.runWorker(ThreadPoolExecutor.java:1134)
        at java.util.concurrent.ThreadPoolExecutor$Worker.run(ThreadPoolExecutor.java:624)
        at java.lang.Thread.run(Thread.java:750)
"qtp721392266-281-acceptor-0@62b17270-ServerConnector@7e62265d{HTTP/1.1, (http/1.1)}{0.0.0.0:42635}" daemon prio=3 tid=281 runnable
java.lang.Thread.State: RUNNABLE
        at sun.nio.ch.ServerSocketChannelImpl.accept0(Native Method)
        at sun.nio.ch.ServerSocketChannelImpl.accept(ServerSocketChannelImpl.java:421)
        at sun.nio.ch.ServerSocketChannelImpl.accept(ServerSocketChannelImpl.java:249)
        at org.eclipse.jetty.server.ServerConnector.accept(ServerConnector.java:388)
        at org.eclipse.jetty.server.AbstractConnector$Acceptor.run(AbstractConnector.java:702)
        at org.eclipse.jetty.util.thread.QueuedThreadPool.runJob(QueuedThreadPool.java:883)
        at org.eclipse.jetty.util.thread.QueuedThreadPool$Runner.run(QueuedThreadPool.java:1034)
        at java.lang.Thread.run(Thread.java:750)
"StaleRecoveringContainerScrubbingService#2" daemon prio=5 tid=622 in Object.wait()
java.lang.Thread.State: WAITING (on object monitor)
        at sun.misc.Unsafe.park(Native Method)
        at java.util.concurrent.locks.LockSupport.park(LockSupport.java:175)
        at java.util.concurrent.locks.AbstractQueuedSynchronizer$ConditionObject.await(AbstractQueuedSynchronizer.java:2044)
        at java.util.concurrent.ScheduledThreadPoolExecutor$DelayedWorkQueue.take(ScheduledThreadPoolExecutor.java:1088)
        at java.util.concurrent.ScheduledThreadPoolExecutor$DelayedWorkQueue.take(ScheduledThreadPoolExecutor.java:809)
        at java.util.concurrent.ThreadPoolExecutor.getTask(ThreadPoolExecutor.java:1074)
        at java.util.concurrent.ThreadPoolExecutor.runWorker(ThreadPoolExecutor.java:1134)
        at java.util.concurrent.ThreadPoolExecutor$Worker.run(ThreadPoolExecutor.java:624)
        at java.lang.Thread.run(Thread.java:750)
"qtp1243608583-177" daemon prio=5 tid=177 timed_waiting
java.lang.Thread.State: TIMED_WAITING
        at sun.misc.Unsafe.park(Native Method)
        at java.util.concurrent.locks.LockSupport.parkNanos(LockSupport.java:215)
        at java.util.concurrent.locks.AbstractQueuedSynchronizer$ConditionObject.awaitNanos(AbstractQueuedSynchronizer.java:2083)
        at org.eclipse.jetty.util.BlockingArrayQueue.poll(BlockingArrayQueue.java:382)
        at org.eclipse.jetty.util.thread.QueuedThreadPool$Runner.idleJobPoll(QueuedThreadPool.java:974)
        at org.eclipse.jetty.util.thread.QueuedThreadPool$Runner.run(QueuedThreadPool.java:1018)
        at java.lang.Thread.run(Thread.java:750)
"ReplicationMonitor" daemon prio=5 tid=18 timed_waiting
java.lang.Thread.State: TIMED_WAITING
        at java.lang.Object.wait(Native Method)
        at org.apache.hadoop.hdds.scm.container.replication.ReplicationManager.run(ReplicationManager.java:570)
        at org.apache.hadoop.hdds.scm.container.replication.ReplicationManager$$Lambda$376/688662124.run(Unknown Source)
        at java.lang.Thread.run(Thread.java:750)
"qtp1243608583-181" daemon prio=5 tid=181 timed_waiting
java.lang.Thread.State: TIMED_WAITING
        at sun.misc.Unsafe.park(Native Method)
        at java.util.concurrent.locks.LockSupport.parkNanos(LockSupport.java:215)
        at java.util.concurrent.locks.AbstractQueuedSynchronizer$ConditionObject.awaitNanos(AbstractQueuedSynchronizer.java:2083)
        at org.eclipse.jetty.util.BlockingArrayQueue.poll(BlockingArrayQueue.java:382)
        at org.eclipse.jetty.util.thread.QueuedThreadPool$Runner.idleJobPoll(QueuedThreadPool.java:974)
        at org.eclipse.jetty.util.thread.QueuedThreadPool$Runner.run(QueuedThreadPool.java:1018)
        at java.lang.Thread.run(Thread.java:750)
"IPC Server handler 17 on default port 43991" daemon prio=5 tid=161 timed_waiting
java.lang.Thread.State: TIMED_WAITING
        at sun.misc.Unsafe.park(Native Method)
        at java.util.concurrent.locks.LockSupport.parkNanos(LockSupport.java:215)
        at java.util.concurrent.locks.AbstractQueuedSynchronizer$ConditionObject.awaitNanos(AbstractQueuedSynchronizer.java:2083)
        at java.util.concurrent.LinkedBlockingQueue.poll(LinkedBlockingQueue.java:467)
        at org.apache.hadoop.ipc.CallQueueManager.take(CallQueueManager.java:317)
        at org.apache.hadoop.ipc.Server$Handler.run(Server.java:2932)
"IPC Server idle connection scanner for port 34177" daemon prio=5 tid=29 timed_waiting
java.lang.Thread.State: TIMED_WAITING
        at java.lang.Object.wait(Native Method)
        at java.util.TimerThread.mainLoop(Timer.java:552)
        at java.util.TimerThread.run(Timer.java:505)
"IPC Server handler 8 on default port 43991" daemon prio=5 tid=152 timed_waiting
java.lang.Thread.State: TIMED_WAITING
        at sun.misc.Unsafe.park(Native Method)
        at java.util.concurrent.locks.LockSupport.parkNanos(LockSupport.java:215)
        at java.util.concurrent.locks.AbstractQueuedSynchronizer$ConditionObject.awaitNanos(AbstractQueuedSynchronizer.java:2083)
        at java.util.concurrent.LinkedBlockingQueue.poll(LinkedBlockingQueue.java:467)
        at org.apache.hadoop.ipc.CallQueueManager.take(CallQueueManager.java:317)
        at org.apache.hadoop.ipc.Server$Handler.run(Server.java:2932)
"Datanode State Machine Daemon Thread" daemon prio=5 tid=263 timed_waiting
java.lang.Thread.State: TIMED_WAITING
        at java.lang.Thread.sleep(Native Method)
        at org.apache.hadoop.ozone.container.common.statemachine.DatanodeStateMachine.startStateMachineThread(DatanodeStateMachine.java:313)
        at org.apache.hadoop.ozone.container.common.statemachine.DatanodeStateMachine.lambda$startDaemon$0(DatanodeStateMachine.java:493)
        at org.apache.hadoop.ozone.container.common.statemachine.DatanodeStateMachine$$Lambda$722/1095596852.run(Unknown Source)
        at java.lang.Thread.run(Thread.java:750)
"Datanode State Machine Task Thread - 1"  prio=5 tid=361 in Object.wait()
java.lang.Thread.State: WAITING (on object monitor)
        at sun.misc.Unsafe.park(Native Method)
        at java.util.concurrent.locks.LockSupport.park(LockSupport.java:175)
        at java.util.concurrent.locks.AbstractQueuedSynchronizer$ConditionObject.await(AbstractQueuedSynchronizer.java:2044)
        at java.util.concurrent.LinkedBlockingQueue.take(LinkedBlockingQueue.java:442)
        at java.util.concurrent.ThreadPoolExecutor.getTask(ThreadPoolExecutor.java:1074)
        at java.util.concurrent.ThreadPoolExecutor.runWorker(ThreadPoolExecutor.java:1134)
        at java.util.concurrent.ThreadPoolExecutor$Worker.run(ThreadPoolExecutor.java:624)
        at java.lang.Thread.run(Thread.java:750)
"IPC Server handler 0 on default port 45685" daemon prio=5 tid=77 timed_waiting
java.lang.Thread.State: TIMED_WAITING
        at sun.misc.Unsafe.park(Native Method)
        at java.util.concurrent.locks.LockSupport.parkNanos(LockSupport.java:215)
        at java.util.concurrent.locks.AbstractQueuedSynchronizer$ConditionObject.awaitNanos(AbstractQueuedSynchronizer.java:2083)
        at java.util.concurrent.LinkedBlockingQueue.poll(LinkedBlockingQueue.java:467)
        at org.apache.hadoop.ipc.CallQueueManager.take(CallQueueManager.java:317)
        at org.apache.hadoop.ipc.Server$Handler.run(Server.java:2932)
"EventQueue-DatanodeCommandForSCMNodeManager"  prio=5 tid=391 in Object.wait()
java.lang.Thread.State: WAITING (on object monitor)
        at sun.misc.Unsafe.park(Native Method)
        at java.util.concurrent.locks.LockSupport.park(LockSupport.java:175)
        at java.util.concurrent.locks.AbstractQueuedSynchronizer$ConditionObject.await(AbstractQueuedSynchronizer.java:2044)
        at java.util.concurrent.LinkedBlockingQueue.take(LinkedBlockingQueue.java:442)
        at java.util.concurrent.ThreadPoolExecutor.getTask(ThreadPoolExecutor.java:1074)
        at java.util.concurrent.ThreadPoolExecutor.runWorker(ThreadPoolExecutor.java:1134)
        at java.util.concurrent.ThreadPoolExecutor$Worker.run(ThreadPoolExecutor.java:624)
        at java.lang.Thread.run(Thread.java:750)
"IPC Server handler 15 on default port 37901" daemon prio=5 tid=52 timed_waiting
java.lang.Thread.State: TIMED_WAITING
        at sun.misc.Unsafe.park(Native Method)
        at java.util.concurrent.locks.LockSupport.parkNanos(LockSupport.java:215)
        at java.util.concurrent.locks.AbstractQueuedSynchronizer$ConditionObject.awaitNanos(AbstractQueuedSynchronizer.java:2083)
        at java.util.concurrent.LinkedBlockingQueue.poll(LinkedBlockingQueue.java:467)
        at org.apache.hadoop.ipc.CallQueueManager.take(CallQueueManager.java:317)
        at org.apache.hadoop.ipc.Server$Handler.run(Server.java:2932)
"IPC Server handler 18 on default port 45685" daemon prio=5 tid=95 timed_waiting
java.lang.Thread.State: TIMED_WAITING
        at sun.misc.Unsafe.park(Native Method)
        at java.util.concurrent.locks.LockSupport.parkNanos(LockSupport.java:215)
        at java.util.concurrent.locks.AbstractQueuedSynchronizer$ConditionObject.awaitNanos(AbstractQueuedSynchronizer.java:2083)
        at java.util.concurrent.LinkedBlockingQueue.poll(LinkedBlockingQueue.java:467)
        at org.apache.hadoop.ipc.CallQueueManager.take(CallQueueManager.java:317)
        at org.apache.hadoop.ipc.Server$Handler.run(Server.java:2932)
"StaleRecoveringContainerScrubbingService#0" daemon prio=5 tid=401 in Object.wait()
java.lang.Thread.State: WAITING (on object monitor)
        at sun.misc.Unsafe.park(Native Method)
        at java.util.concurrent.locks.LockSupport.park(LockSupport.java:175)
        at java.util.concurrent.locks.AbstractQueuedSynchronizer$ConditionObject.await(AbstractQueuedSynchronizer.java:2044)
        at java.util.concurrent.ScheduledThreadPoolExecutor$DelayedWorkQueue.take(ScheduledThreadPoolExecutor.java:1088)
        at java.util.concurrent.ScheduledThreadPoolExecutor$DelayedWorkQueue.take(ScheduledThreadPoolExecutor.java:809)
        at java.util.concurrent.ThreadPoolExecutor.getTask(ThreadPoolExecutor.java:1074)
        at java.util.concurrent.ThreadPoolExecutor.runWorker(ThreadPoolExecutor.java:1134)
        at java.util.concurrent.ThreadPoolExecutor$Worker.run(ThreadPoolExecutor.java:624)
        at java.lang.Thread.run(Thread.java:750)
"IPC Server handler 17 on default port 37901" daemon prio=5 tid=54 timed_waiting
java.lang.Thread.State: TIMED_WAITING
        at sun.misc.Unsafe.park(Native Method)
        at java.util.concurrent.locks.LockSupport.parkNanos(LockSupport.java:215)
        at java.util.concurrent.locks.AbstractQueuedSynchronizer$ConditionObject.awaitNanos(AbstractQueuedSynchronizer.java:2083)
        at java.util.concurrent.LinkedBlockingQueue.poll(LinkedBlockingQueue.java:467)
        at org.apache.hadoop.ipc.CallQueueManager.take(CallQueueManager.java:317)
        at org.apache.hadoop.ipc.Server$Handler.run(Server.java:2932)
"qtp1924969509-205" daemon prio=5 tid=205 timed_waiting
java.lang.Thread.State: TIMED_WAITING
        at sun.misc.Unsafe.park(Native Method)
        at java.util.concurrent.locks.LockSupport.parkNanos(LockSupport.java:215)
        at java.util.concurrent.locks.AbstractQueuedSynchronizer$ConditionObject.awaitNanos(AbstractQueuedSynchronizer.java:2083)
        at org.eclipse.jetty.util.BlockingArrayQueue.poll(BlockingArrayQueue.java:382)
        at org.eclipse.jetty.util.thread.QueuedThreadPool$Runner.idleJobPoll(QueuedThreadPool.java:974)
        at org.eclipse.jetty.util.thread.QueuedThreadPool$Runner.run(QueuedThreadPool.java:1018)
        at java.lang.Thread.run(Thread.java:750)
"IPC Server handler 18 on default port 43991" daemon prio=5 tid=162 timed_waiting
java.lang.Thread.State: TIMED_WAITING
        at sun.misc.Unsafe.park(Native Method)
        at java.util.concurrent.locks.LockSupport.parkNanos(LockSupport.java:215)
        at java.util.concurrent.locks.AbstractQueuedSynchronizer$ConditionObject.awaitNanos(AbstractQueuedSynchronizer.java:2083)
        at java.util.concurrent.LinkedBlockingQueue.poll(LinkedBlockingQueue.java:467)
        at org.apache.hadoop.ipc.CallQueueManager.take(CallQueueManager.java:317)
        at org.apache.hadoop.ipc.Server$Handler.run(Server.java:2932)
"qtp1302746218-141" daemon prio=5 tid=141 timed_waiting
java.lang.Thread.State: TIMED_WAITING
        at sun.misc.Unsafe.park(Native Method)
        at java.util.concurrent.locks.LockSupport.parkNanos(LockSupport.java:215)
        at java.util.concurrent.locks.AbstractQueuedSynchronizer$ConditionObject.awaitNanos(AbstractQueuedSynchronizer.java:2083)
        at org.eclipse.jetty.util.BlockingArrayQueue.poll(BlockingArrayQueue.java:382)
        at org.eclipse.jetty.util.thread.QueuedThreadPool$Runner.idleJobPoll(QueuedThreadPool.java:974)
        at org.eclipse.jetty.util.thread.QueuedThreadPool$Runner.run(QueuedThreadPool.java:1018)
        at java.lang.Thread.run(Thread.java:750)
"Under Replicated Processor" daemon prio=5 tid=19 timed_waiting
java.lang.Thread.State: TIMED_WAITING
        at java.lang.Object.wait(Native Method)
        at org.apache.hadoop.hdds.scm.container.replication.UnderReplicatedProcessor.run(UnderReplicatedProcessor.java:142)
        at java.lang.Thread.run(Thread.java:750)
"IPC Server listener on 0" daemon prio=5 tid=122 runnable
java.lang.Thread.State: RUNNABLE
        at sun.nio.ch.EPollArrayWrapper.epollWait(Native Method)
        at sun.nio.ch.EPollArrayWrapper.poll(EPollArrayWrapper.java:269)
        at sun.nio.ch.EPollSelectorImpl.doSelect(EPollSelectorImpl.java:93)
        at sun.nio.ch.SelectorImpl.lockAndDoSelect(SelectorImpl.java:86)
        at sun.nio.ch.SelectorImpl.select(SelectorImpl.java:97)
        at sun.nio.ch.SelectorImpl.select(SelectorImpl.java:101)
        at org.apache.hadoop.ipc.Server$Listener.run(Server.java:1350)
"pool-55-thread-1"  prio=5 tid=117 in Object.wait()
java.lang.Thread.State: WAITING (on object monitor)
        at sun.misc.Unsafe.park(Native Method)
        at java.util.concurrent.locks.LockSupport.park(LockSupport.java:175)
        at java.util.concurrent.locks.AbstractQueuedSynchronizer$ConditionObject.await(AbstractQueuedSynchronizer.java:2044)
        at java.util.concurrent.LinkedBlockingQueue.take(LinkedBlockingQueue.java:442)
        at java.util.concurrent.ThreadPoolExecutor.getTask(ThreadPoolExecutor.java:1074)
        at java.util.concurrent.ThreadPoolExecutor.runWorker(ThreadPoolExecutor.java:1134)
        at java.util.concurrent.ThreadPoolExecutor$Worker.run(ThreadPoolExecutor.java:624)
        at java.lang.Thread.run(Thread.java:750)
"BlockDeletingService#2" daemon prio=5 tid=604 in Object.wait()
java.lang.Thread.State: WAITING (on object monitor)
        at sun.misc.Unsafe.park(Native Method)
        at java.util.concurrent.locks.LockSupport.park(LockSupport.java:175)
        at java.util.concurrent.locks.AbstractQueuedSynchronizer$ConditionObject.await(AbstractQueuedSynchronizer.java:2044)
        at java.util.concurrent.ScheduledThreadPoolExecutor$DelayedWorkQueue.take(ScheduledThreadPoolExecutor.java:1088)
        at java.util.concurrent.ScheduledThreadPoolExecutor$DelayedWorkQueue.take(ScheduledThreadPoolExecutor.java:809)
        at java.util.concurrent.ThreadPoolExecutor.getTask(ThreadPoolExecutor.java:1074)
        at java.util.concurrent.ThreadPoolExecutor.runWorker(ThreadPoolExecutor.java:1134)
        at java.util.concurrent.ThreadPoolExecutor$Worker.run(ThreadPoolExecutor.java:624)
        at java.lang.Thread.run(Thread.java:750)
"Datanode ReportManager Thread - 0" daemon prio=5 tid=318 timed_waiting
java.lang.Thread.State: TIMED_WAITING
        at sun.misc.Unsafe.park(Native Method)
        at java.util.concurrent.locks.LockSupport.parkNanos(LockSupport.java:215)
        at java.util.concurrent.locks.AbstractQueuedSynchronizer$ConditionObject.awaitNanos(AbstractQueuedSynchronizer.java:2083)
        at java.util.concurrent.ScheduledThreadPoolExecutor$DelayedWorkQueue.take(ScheduledThreadPoolExecutor.java:1093)
        at java.util.concurrent.ScheduledThreadPoolExecutor$DelayedWorkQueue.take(ScheduledThreadPoolExecutor.java:809)
        at java.util.concurrent.ThreadPoolExecutor.getTask(ThreadPoolExecutor.java:1074)
        at java.util.concurrent.ThreadPoolExecutor.runWorker(ThreadPoolExecutor.java:1134)
        at java.util.concurrent.ThreadPoolExecutor$Worker.run(ThreadPoolExecutor.java:624)
        at java.lang.Thread.run(Thread.java:750)
"IPC Server Responder" daemon prio=5 tid=34 runnable
java.lang.Thread.State: RUNNABLE
        at sun.nio.ch.EPollArrayWrapper.epollWait(Native Method)
        at sun.nio.ch.EPollArrayWrapper.poll(EPollArrayWrapper.java:269)
        at sun.nio.ch.EPollSelectorImpl.doSelect(EPollSelectorImpl.java:93)
        at sun.nio.ch.SelectorImpl.lockAndDoSelect(SelectorImpl.java:86)
        at sun.nio.ch.SelectorImpl.select(SelectorImpl.java:97)
        at org.apache.hadoop.ipc.Server$Responder.doRunLoop(Server.java:1527)
        at org.apache.hadoop.ipc.Server$Responder.run(Server.java:1510)
"ChunkWriter-3-0" daemon prio=5 tid=366 in Object.wait()
java.lang.Thread.State: WAITING (on object monitor)
        at sun.misc.Unsafe.park(Native Method)
        at java.util.concurrent.locks.LockSupport.park(LockSupport.java:175)
        at java.util.concurrent.locks.AbstractQueuedSynchronizer$ConditionObject.await(AbstractQueuedSynchronizer.java:2044)
        at java.util.concurrent.LinkedBlockingDeque.takeFirst(LinkedBlockingDeque.java:492)
        at java.util.concurrent.LinkedBlockingDeque.take(LinkedBlockingDeque.java:680)
        at java.util.concurrent.ThreadPoolExecutor.getTask(ThreadPoolExecutor.java:1074)
        at java.util.concurrent.ThreadPoolExecutor.runWorker(ThreadPoolExecutor.java:1134)
        at java.util.concurrent.ThreadPoolExecutor$Worker.run(ThreadPoolExecutor.java:624)
        at java.lang.Thread.run(Thread.java:750)
"BlockDeletingService#0" daemon prio=5 tid=369 in Object.wait()
java.lang.Thread.State: WAITING (on object monitor)
        at sun.misc.Unsafe.park(Native Method)
        at java.util.concurrent.locks.LockSupport.park(LockSupport.java:175)
        at java.util.concurrent.locks.AbstractQueuedSynchronizer$ConditionObject.await(AbstractQueuedSynchronizer.java:2044)
        at java.util.concurrent.ScheduledThreadPoolExecutor$DelayedWorkQueue.take(ScheduledThreadPoolExecutor.java:1088)
        at java.util.concurrent.ScheduledThreadPoolExecutor$DelayedWorkQueue.take(ScheduledThreadPoolExecutor.java:809)
        at java.util.concurrent.ThreadPoolExecutor.getTask(ThreadPoolExecutor.java:1074)
        at java.util.concurrent.ThreadPoolExecutor.runWorker(ThreadPoolExecutor.java:1134)
        at java.util.concurrent.ThreadPoolExecutor$Worker.run(ThreadPoolExecutor.java:624)
        at java.lang.Thread.run(Thread.java:750)
"pool-95-thread-1"  prio=5 tid=420 in Object.wait()
java.lang.Thread.State: WAITING (on object monitor)
        at sun.misc.Unsafe.park(Native Method)
        at java.util.concurrent.locks.LockSupport.park(LockSupport.java:175)
        at java.util.concurrent.locks.AbstractQueuedSynchronizer$ConditionObject.await(AbstractQueuedSynchronizer.java:2044)
        at java.util.concurrent.LinkedBlockingQueue.take(LinkedBlockingQueue.java:442)
        at java.util.concurrent.ThreadPoolExecutor.getTask(ThreadPoolExecutor.java:1074)
        at java.util.concurrent.ThreadPoolExecutor.runWorker(ThreadPoolExecutor.java:1134)
        at java.util.concurrent.ThreadPoolExecutor$Worker.run(ThreadPoolExecutor.java:624)
        at java.lang.Thread.run(Thread.java:750)
"Datanode State Machine Task Thread - 1"  prio=5 tid=315 in Object.wait()
java.lang.Thread.State: WAITING (on object monitor)
        at sun.misc.Unsafe.park(Native Method)
        at java.util.concurrent.locks.LockSupport.park(LockSupport.java:175)
        at java.util.concurrent.locks.AbstractQueuedSynchronizer$ConditionObject.await(AbstractQueuedSynchronizer.java:2044)
        at java.util.concurrent.LinkedBlockingQueue.take(LinkedBlockingQueue.java:442)
        at java.util.concurrent.ThreadPoolExecutor.getTask(ThreadPoolExecutor.java:1074)
        at java.util.concurrent.ThreadPoolExecutor.runWorker(ThreadPoolExecutor.java:1134)
        at java.util.concurrent.ThreadPoolExecutor$Worker.run(ThreadPoolExecutor.java:624)
        at java.lang.Thread.run(Thread.java:750)
"Timer for 'StorageContainerManager' metrics system" daemon prio=5 tid=35 timed_waiting
java.lang.Thread.State: TIMED_WAITING
        at java.lang.Object.wait(Native Method)
        at java.util.TimerThread.mainLoop(Timer.java:552)
        at java.util.TimerThread.run(Timer.java:505)
"StaleRecoveringContainerScrubbingService#0" daemon prio=5 tid=382 in Object.wait()
java.lang.Thread.State: WAITING (on object monitor)
        at sun.misc.Unsafe.park(Native Method)
        at java.util.concurrent.locks.LockSupport.park(LockSupport.java:175)
        at java.util.concurrent.locks.AbstractQueuedSynchronizer$ConditionObject.await(AbstractQueuedSynchronizer.java:2044)
        at java.util.concurrent.ScheduledThreadPoolExecutor$DelayedWorkQueue.take(ScheduledThreadPoolExecutor.java:1088)
        at java.util.concurrent.ScheduledThreadPoolExecutor$DelayedWorkQueue.take(ScheduledThreadPoolExecutor.java:809)
        at java.util.concurrent.ThreadPoolExecutor.getTask(ThreadPoolExecutor.java:1074)
        at java.util.concurrent.ThreadPoolExecutor.runWorker(ThreadPoolExecutor.java:1134)
        at java.util.concurrent.ThreadPoolExecutor$Worker.run(ThreadPoolExecutor.java:624)
        at java.lang.Thread.run(Thread.java:750)
"IPC Server handler 12 on default port 34177" daemon prio=5 tid=69 timed_waiting
java.lang.Thread.State: TIMED_WAITING
        at sun.misc.Unsafe.park(Native Method)
        at java.util.concurrent.locks.LockSupport.parkNanos(LockSupport.java:215)
        at java.util.concurrent.locks.AbstractQueuedSynchronizer$ConditionObject.awaitNanos(AbstractQueuedSynchronizer.java:2083)
        at java.util.concurrent.LinkedBlockingQueue.poll(LinkedBlockingQueue.java:467)
        at org.apache.hadoop.ipc.CallQueueManager.take(CallQueueManager.java:317)
        at org.apache.hadoop.ipc.Server$Handler.run(Server.java:2932)
"949a54d7-9098-427f-a66d-64783e047bdb@group-F4D504EA1E06-StateMachineUpdater" daemon prio=5 tid=422 timed_waiting
java.lang.Thread.State: TIMED_WAITING
        at sun.misc.Unsafe.park(Native Method)
        at java.util.concurrent.locks.LockSupport.parkNanos(LockSupport.java:215)
        at java.util.concurrent.CompletableFuture$Signaller.block(CompletableFuture.java:1709)
        at java.util.concurrent.ForkJoinPool.managedBlock(ForkJoinPool.java:3323)
        at java.util.concurrent.CompletableFuture.timedGet(CompletableFuture.java:1788)
        at java.util.concurrent.CompletableFuture.get(CompletableFuture.java:1928)
        at org.apache.ratis.util.AwaitForSignal.await(AwaitForSignal.java:56)
        at org.apache.ratis.server.impl.StateMachineUpdater.waitForCommit(StateMachineUpdater.java:207)
        at org.apache.ratis.server.impl.StateMachineUpdater.run(StateMachineUpdater.java:176)
        at java.lang.Thread.run(Thread.java:750)
"qtp1243608583-176" daemon prio=5 tid=176 timed_waiting
java.lang.Thread.State: TIMED_WAITING
        at sun.misc.Unsafe.park(Native Method)
        at java.util.concurrent.locks.LockSupport.parkNanos(LockSupport.java:215)
        at java.util.concurrent.locks.AbstractQueuedSynchronizer$ConditionObject.awaitNanos(AbstractQueuedSynchronizer.java:2083)
        at org.eclipse.jetty.util.BlockingArrayQueue.poll(BlockingArrayQueue.java:382)
        at org.eclipse.jetty.util.thread.QueuedThreadPool$Runner.idleJobPoll(QueuedThreadPool.java:974)
        at org.eclipse.jetty.util.thread.QueuedThreadPool$Runner.run(QueuedThreadPool.java:1018)
        at java.lang.Thread.run(Thread.java:750)
"IPC Server handler 1 on default port 34177" daemon prio=5 tid=58 timed_waiting
java.lang.Thread.State: TIMED_WAITING
        at sun.misc.Unsafe.park(Native Method)
        at java.util.concurrent.locks.LockSupport.parkNanos(LockSupport.java:215)
        at java.util.concurrent.locks.AbstractQueuedSynchronizer$ConditionObject.awaitNanos(AbstractQueuedSynchronizer.java:2083)
        at java.util.concurrent.LinkedBlockingQueue.poll(LinkedBlockingQueue.java:467)
        at org.apache.hadoop.ipc.CallQueueManager.take(CallQueueManager.java:317)
        at org.apache.hadoop.ipc.Server$Handler.run(Server.java:2932)
"bba87d8c-0158-4ef8-bc32-b35d6e659061@group-3048ADE96EE0-LeaderStateImpl" daemon prio=5 tid=501 timed_waiting
java.lang.Thread.State: TIMED_WAITING
        at sun.misc.Unsafe.park(Native Method)
        at java.util.concurrent.locks.LockSupport.parkNanos(LockSupport.java:215)
        at java.util.concurrent.locks.AbstractQueuedSynchronizer$ConditionObject.awaitNanos(AbstractQueuedSynchronizer.java:2083)
        at java.util.concurrent.ArrayBlockingQueue.poll(ArrayBlockingQueue.java:418)
        at org.apache.ratis.server.impl.LeaderStateImpl$EventQueue.poll(LeaderStateImpl.java:159)
        at org.apache.ratis.server.impl.LeaderStateImpl$EventProcessor.run(LeaderStateImpl.java:630)
"bba87d8c-0158-4ef8-bc32-b35d6e659061@group-BEF99EDA7C2C-SegmentedRaftLogWorker"  prio=5 tid=459 timed_waiting
java.lang.Thread.State: TIMED_WAITING
        at sun.misc.Unsafe.park(Native Method)
        at java.util.concurrent.locks.LockSupport.parkNanos(LockSupport.java:215)
        at java.util.concurrent.locks.AbstractQueuedSynchronizer$ConditionObject.awaitNanos(AbstractQueuedSynchronizer.java:2083)
        at org.apache.ratis.util.DataBlockingQueue.poll(DataBlockingQueue.java:148)
        at org.apache.ratis.server.raftlog.segmented.SegmentedRaftLogWorker.run(SegmentedRaftLogWorker.java:301)
        at org.apache.ratis.server.raftlog.segmented.SegmentedRaftLogWorker$$Lambda$607/2145809167.run(Unknown Source)
        at java.lang.Thread.run(Thread.java:750)
"pool-127-thread-1"  prio=5 tid=227 timed_waiting
java.lang.Thread.State: TIMED_WAITING
        at sun.misc.Unsafe.park(Native Method)
        at java.util.concurrent.locks.LockSupport.parkNanos(LockSupport.java:215)
        at java.util.concurrent.locks.AbstractQueuedSynchronizer$ConditionObject.awaitNanos(AbstractQueuedSynchronizer.java:2083)
        at java.util.concurrent.ScheduledThreadPoolExecutor$DelayedWorkQueue.take(ScheduledThreadPoolExecutor.java:1093)
        at java.util.concurrent.ScheduledThreadPoolExecutor$DelayedWorkQueue.take(ScheduledThreadPoolExecutor.java:809)
        at java.util.concurrent.ThreadPoolExecutor.getTask(ThreadPoolExecutor.java:1074)
        at java.util.concurrent.ThreadPoolExecutor.runWorker(ThreadPoolExecutor.java:1134)
        at java.util.concurrent.ThreadPoolExecutor$Worker.run(ThreadPoolExecutor.java:624)
        at java.lang.Thread.run(Thread.java:750)
"IPC Server handler 19 on default port 45685" daemon prio=5 tid=96 timed_waiting
java.lang.Thread.State: TIMED_WAITING
        at sun.misc.Unsafe.park(Native Method)
        at java.util.concurrent.locks.LockSupport.parkNanos(LockSupport.java:215)
        at java.util.concurrent.locks.AbstractQueuedSynchronizer$ConditionObject.awaitNanos(AbstractQueuedSynchronizer.java:2083)
        at java.util.concurrent.LinkedBlockingQueue.poll(LinkedBlockingQueue.java:467)
        at org.apache.hadoop.ipc.CallQueueManager.take(CallQueueManager.java:317)
        at org.apache.hadoop.ipc.Server$Handler.run(Server.java:2932)
"qtp1009725708-106" daemon prio=5 tid=106 timed_waiting
java.lang.Thread.State: TIMED_WAITING
        at sun.misc.Unsafe.park(Native Method)
        at java.util.concurrent.locks.LockSupport.parkNanos(LockSupport.java:215)
        at java.util.concurrent.locks.AbstractQueuedSynchronizer$ConditionObject.awaitNanos(AbstractQueuedSynchronizer.java:2083)
        at org.eclipse.jetty.util.BlockingArrayQueue.poll(BlockingArrayQueue.java:382)
        at org.eclipse.jetty.util.thread.QueuedThreadPool$Runner.idleJobPoll(QueuedThreadPool.java:974)
        at org.eclipse.jetty.util.thread.QueuedThreadPool$Runner.run(QueuedThreadPool.java:1018)
        at java.lang.Thread.run(Thread.java:750)
"ChunkWriter-2-0" daemon prio=5 tid=353 in Object.wait()
java.lang.Thread.State: WAITING (on object monitor)
        at sun.misc.Unsafe.park(Native Method)
        at java.util.concurrent.locks.LockSupport.park(LockSupport.java:175)
        at java.util.concurrent.locks.AbstractQueuedSynchronizer$ConditionObject.await(AbstractQueuedSynchronizer.java:2044)
        at java.util.concurrent.LinkedBlockingDeque.takeFirst(LinkedBlockingDeque.java:492)
        at java.util.concurrent.LinkedBlockingDeque.take(LinkedBlockingDeque.java:680)
        at java.util.concurrent.ThreadPoolExecutor.getTask(ThreadPoolExecutor.java:1074)
        at java.util.concurrent.ThreadPoolExecutor.runWorker(ThreadPoolExecutor.java:1134)
        at java.util.concurrent.ThreadPoolExecutor$Worker.run(ThreadPoolExecutor.java:624)
        at java.lang.Thread.run(Thread.java:750)
"BlockDeletingService#1" daemon prio=5 tid=347 timed_waiting
java.lang.Thread.State: TIMED_WAITING
        at sun.misc.Unsafe.park(Native Method)
        at java.util.concurrent.locks.LockSupport.parkNanos(LockSupport.java:215)
        at java.util.concurrent.locks.AbstractQueuedSynchronizer$ConditionObject.awaitNanos(AbstractQueuedSynchronizer.java:2083)
        at java.util.concurrent.ScheduledThreadPoolExecutor$DelayedWorkQueue.take(ScheduledThreadPoolExecutor.java:1093)
        at java.util.concurrent.ScheduledThreadPoolExecutor$DelayedWorkQueue.take(ScheduledThreadPoolExecutor.java:809)
        at java.util.concurrent.ThreadPoolExecutor.getTask(ThreadPoolExecutor.java:1074)
        at java.util.concurrent.ThreadPoolExecutor.runWorker(ThreadPoolExecutor.java:1134)
        at java.util.concurrent.ThreadPoolExecutor$Worker.run(ThreadPoolExecutor.java:624)
        at java.lang.Thread.run(Thread.java:750)
"qtp1764184489-255-acceptor-0@2347b4f5-ServerConnector@7c51755a{HTTP/1.1, (http/1.1)}{0.0.0.0:37133}" daemon prio=3 tid=255 runnable
java.lang.Thread.State: RUNNABLE
        at sun.nio.ch.ServerSocketChannelImpl.accept0(Native Method)
        at sun.nio.ch.ServerSocketChannelImpl.accept(ServerSocketChannelImpl.java:421)
        at sun.nio.ch.ServerSocketChannelImpl.accept(ServerSocketChannelImpl.java:249)
        at org.eclipse.jetty.server.ServerConnector.accept(ServerConnector.java:388)
        at org.eclipse.jetty.server.AbstractConnector$Acceptor.run(AbstractConnector.java:702)
        at org.eclipse.jetty.util.thread.QueuedThreadPool.runJob(QueuedThreadPool.java:883)
        at org.eclipse.jetty.util.thread.QueuedThreadPool$Runner.run(QueuedThreadPool.java:1034)
        at java.lang.Thread.run(Thread.java:750)
"IPC Server handler 6 on default port 37901" daemon prio=5 tid=43 timed_waiting
java.lang.Thread.State: TIMED_WAITING
        at sun.misc.Unsafe.park(Native Method)
        at java.util.concurrent.locks.LockSupport.parkNanos(LockSupport.java:215)
        at java.util.concurrent.locks.AbstractQueuedSynchronizer$ConditionObject.awaitNanos(AbstractQueuedSynchronizer.java:2083)
        at java.util.concurrent.LinkedBlockingQueue.poll(LinkedBlockingQueue.java:467)
        at org.apache.hadoop.ipc.CallQueueManager.take(CallQueueManager.java:317)
        at org.apache.hadoop.ipc.Server$Handler.run(Server.java:2932)
"BlockDeletingService#1" daemon prio=5 tid=371 timed_waiting
java.lang.Thread.State: TIMED_WAITING
        at sun.misc.Unsafe.park(Native Method)
        at java.util.concurrent.locks.LockSupport.parkNanos(LockSupport.java:215)
        at java.util.concurrent.locks.AbstractQueuedSynchronizer$ConditionObject.awaitNanos(AbstractQueuedSynchronizer.java:2083)
        at java.util.concurrent.ScheduledThreadPoolExecutor$DelayedWorkQueue.take(ScheduledThreadPoolExecutor.java:1093)
        at java.util.concurrent.ScheduledThreadPoolExecutor$DelayedWorkQueue.take(ScheduledThreadPoolExecutor.java:809)
        at java.util.concurrent.ThreadPoolExecutor.getTask(ThreadPoolExecutor.java:1074)
        at java.util.concurrent.ThreadPoolExecutor.runWorker(ThreadPoolExecutor.java:1134)
        at java.util.concurrent.ThreadPoolExecutor$Worker.run(ThreadPoolExecutor.java:624)
        at java.lang.Thread.run(Thread.java:750)
"Datanode ReportManager Thread - 2" daemon prio=5 tid=186 timed_waiting
java.lang.Thread.State: TIMED_WAITING
        at sun.misc.Unsafe.park(Native Method)
        at java.util.concurrent.locks.LockSupport.parkNanos(LockSupport.java:215)
        at java.util.concurrent.locks.AbstractQueuedSynchronizer$ConditionObject.awaitNanos(AbstractQueuedSynchronizer.java:2083)
        at java.util.concurrent.ScheduledThreadPoolExecutor$DelayedWorkQueue.take(ScheduledThreadPoolExecutor.java:1093)
        at java.util.concurrent.ScheduledThreadPoolExecutor$DelayedWorkQueue.take(ScheduledThreadPoolExecutor.java:809)
        at java.util.concurrent.ThreadPoolExecutor.getTask(ThreadPoolExecutor.java:1074)
        at java.util.concurrent.ThreadPoolExecutor.runWorker(ThreadPoolExecutor.java:1134)
        at java.util.concurrent.ThreadPoolExecutor$Worker.run(ThreadPoolExecutor.java:624)
        at java.lang.Thread.run(Thread.java:750)
"Session-HouseKeeper-aa7a733-1"  prio=5 tid=288 timed_waiting
java.lang.Thread.State: TIMED_WAITING
        at sun.misc.Unsafe.park(Native Method)
        at java.util.concurrent.locks.LockSupport.parkNanos(LockSupport.java:215)
        at java.util.concurrent.locks.AbstractQueuedSynchronizer$ConditionObject.awaitNanos(AbstractQueuedSynchronizer.java:2083)
        at java.util.concurrent.ScheduledThreadPoolExecutor$DelayedWorkQueue.take(ScheduledThreadPoolExecutor.java:1093)
        at java.util.concurrent.ScheduledThreadPoolExecutor$DelayedWorkQueue.take(ScheduledThreadPoolExecutor.java:809)
        at java.util.concurrent.ThreadPoolExecutor.getTask(ThreadPoolExecutor.java:1074)
        at java.util.concurrent.ThreadPoolExecutor.runWorker(ThreadPoolExecutor.java:1134)
        at java.util.concurrent.ThreadPoolExecutor$Worker.run(ThreadPoolExecutor.java:624)
        at java.lang.Thread.run(Thread.java:750)
"IPC Server handler 1 on default port 43991" daemon prio=5 tid=145 timed_waiting
java.lang.Thread.State: TIMED_WAITING
        at sun.misc.Unsafe.park(Native Method)
        at java.util.concurrent.locks.LockSupport.parkNanos(LockSupport.java:215)
        at java.util.concurrent.locks.AbstractQueuedSynchronizer$ConditionObject.awaitNanos(AbstractQueuedSynchronizer.java:2083)
        at java.util.concurrent.LinkedBlockingQueue.poll(LinkedBlockingQueue.java:467)
        at org.apache.hadoop.ipc.CallQueueManager.take(CallQueueManager.java:317)
        at org.apache.hadoop.ipc.Server$Handler.run(Server.java:2932)
"qtp1636538715-228" daemon prio=5 tid=228 runnable
java.lang.Thread.State: RUNNABLE
        at sun.nio.ch.EPollArrayWrapper.epollWait(Native Method)
        at sun.nio.ch.EPollArrayWrapper.poll(EPollArrayWrapper.java:269)
        at sun.nio.ch.EPollSelectorImpl.doSelect(EPollSelectorImpl.java:93)
        at sun.nio.ch.SelectorImpl.lockAndDoSelect(SelectorImpl.java:86)
        at sun.nio.ch.SelectorImpl.select(SelectorImpl.java:97)
        at sun.nio.ch.SelectorImpl.select(SelectorImpl.java:101)
        at org.eclipse.jetty.io.ManagedSelector.nioSelect(ManagedSelector.java:183)
        at org.eclipse.jetty.io.ManagedSelector.select(ManagedSelector.java:190)
        at org.eclipse.jetty.io.ManagedSelector$SelectorProducer.select(ManagedSelector.java:606)
        at org.eclipse.jetty.io.ManagedSelector$SelectorProducer.produce(ManagedSelector.java:543)
        at org.eclipse.jetty.util.thread.strategy.EatWhatYouKill.produceTask(EatWhatYouKill.java:362)
        at org.eclipse.jetty.util.thread.strategy.EatWhatYouKill.doProduce(EatWhatYouKill.java:186)
        at org.eclipse.jetty.util.thread.strategy.EatWhatYouKill.tryProduce(EatWhatYouKill.java:173)
        at org.eclipse.jetty.util.thread.strategy.EatWhatYouKill.produce(EatWhatYouKill.java:137)
        at org.eclipse.jetty.io.ManagedSelector$$Lambda$440/537813033.run(Unknown Source)
        at org.eclipse.jetty.util.thread.QueuedThreadPool.runJob(QueuedThreadPool.java:883)
        at org.eclipse.jetty.util.thread.QueuedThreadPool$Runner.run(QueuedThreadPool.java:1034)
        at java.lang.Thread.run(Thread.java:750)
"pool-141-thread-1"  prio=5 tid=439 in Object.wait()
java.lang.Thread.State: WAITING (on object monitor)
        at sun.misc.Unsafe.park(Native Method)
        at java.util.concurrent.locks.LockSupport.park(LockSupport.java:175)
        at java.util.concurrent.locks.AbstractQueuedSynchronizer$ConditionObject.await(AbstractQueuedSynchronizer.java:2044)
        at java.util.concurrent.LinkedBlockingQueue.take(LinkedBlockingQueue.java:442)
        at java.util.concurrent.ThreadPoolExecutor.getTask(ThreadPoolExecutor.java:1074)
        at java.util.concurrent.ThreadPoolExecutor.runWorker(ThreadPoolExecutor.java:1134)
        at java.util.concurrent.ThreadPoolExecutor$Worker.run(ThreadPoolExecutor.java:624)
        at java.lang.Thread.run(Thread.java:750)
"Session-HouseKeeper-6038186d-1"  prio=5 tid=182 timed_waiting
java.lang.Thread.State: TIMED_WAITING
        at sun.misc.Unsafe.park(Native Method)
        at java.util.concurrent.locks.LockSupport.parkNanos(LockSupport.java:215)
        at java.util.concurrent.locks.AbstractQueuedSynchronizer$ConditionObject.awaitNanos(AbstractQueuedSynchronizer.java:2083)
        at java.util.concurrent.ScheduledThreadPoolExecutor$DelayedWorkQueue.take(ScheduledThreadPoolExecutor.java:1093)
        at java.util.concurrent.ScheduledThreadPoolExecutor$DelayedWorkQueue.take(ScheduledThreadPoolExecutor.java:809)
        at java.util.concurrent.ThreadPoolExecutor.getTask(ThreadPoolExecutor.java:1074)
        at java.util.concurrent.ThreadPoolExecutor.runWorker(ThreadPoolExecutor.java:1134)
        at java.util.concurrent.ThreadPoolExecutor$Worker.run(ThreadPoolExecutor.java:624)
        at java.lang.Thread.run(Thread.java:750)
"qtp1636538715-234" daemon prio=5 tid=234 timed_waiting
java.lang.Thread.State: TIMED_WAITING
        at sun.misc.Unsafe.park(Native Method)
        at java.util.concurrent.locks.LockSupport.parkNanos(LockSupport.java:215)
        at java.util.concurrent.locks.AbstractQueuedSynchronizer$ConditionObject.awaitNanos(AbstractQueuedSynchronizer.java:2083)
        at org.eclipse.jetty.util.BlockingArrayQueue.poll(BlockingArrayQueue.java:382)
        at org.eclipse.jetty.util.thread.QueuedThreadPool$Runner.idleJobPoll(QueuedThreadPool.java:974)
        at org.eclipse.jetty.util.thread.QueuedThreadPool$Runner.run(QueuedThreadPool.java:1018)
        at java.lang.Thread.run(Thread.java:750)
"qtp721392266-284" daemon prio=5 tid=284 timed_waiting
java.lang.Thread.State: TIMED_WAITING
        at sun.misc.Unsafe.park(Native Method)
        at java.util.concurrent.locks.LockSupport.parkNanos(LockSupport.java:215)
        at java.util.concurrent.locks.AbstractQueuedSynchronizer$ConditionObject.awaitNanos(AbstractQueuedSynchronizer.java:2083)
        at org.eclipse.jetty.util.BlockingArrayQueue.poll(BlockingArrayQueue.java:382)
        at org.eclipse.jetty.util.thread.QueuedThreadPool$Runner.idleJobPoll(QueuedThreadPool.java:974)
        at org.eclipse.jetty.util.thread.QueuedThreadPool$Runner.run(QueuedThreadPool.java:1018)
        at java.lang.Thread.run(Thread.java:750)
"IPC Server handler 4 on default port 37901" daemon prio=5 tid=41 timed_waiting
java.lang.Thread.State: TIMED_WAITING
        at sun.misc.Unsafe.park(Native Method)
        at java.util.concurrent.locks.LockSupport.parkNanos(LockSupport.java:215)
        at java.util.concurrent.locks.AbstractQueuedSynchronizer$ConditionObject.awaitNanos(AbstractQueuedSynchronizer.java:2083)
        at java.util.concurrent.LinkedBlockingQueue.poll(LinkedBlockingQueue.java:467)
        at org.apache.hadoop.ipc.CallQueueManager.take(CallQueueManager.java:317)
        at org.apache.hadoop.ipc.Server$Handler.run(Server.java:2932)
"qtp1009725708-107" daemon prio=5 tid=107 timed_waiting
java.lang.Thread.State: TIMED_WAITING
        at sun.misc.Unsafe.park(Native Method)
        at java.util.concurrent.locks.LockSupport.parkNanos(LockSupport.java:215)
        at java.util.concurrent.locks.AbstractQueuedSynchronizer$ConditionObject.awaitNanos(AbstractQueuedSynchronizer.java:2083)
        at org.eclipse.jetty.util.BlockingArrayQueue.poll(BlockingArrayQueue.java:382)
        at org.eclipse.jetty.util.thread.QueuedThreadPool$Runner.idleJobPoll(QueuedThreadPool.java:974)
        at org.eclipse.jetty.util.thread.QueuedThreadPool$Runner.run(QueuedThreadPool.java:1018)
        at java.lang.Thread.run(Thread.java:750)
"qtp122396887-312" daemon prio=5 tid=312 timed_waiting
java.lang.Thread.State: TIMED_WAITING
        at sun.misc.Unsafe.park(Native Method)
        at java.util.concurrent.locks.LockSupport.parkNanos(LockSupport.java:215)
        at java.util.concurrent.locks.AbstractQueuedSynchronizer$ConditionObject.awaitNanos(AbstractQueuedSynchronizer.java:2083)
        at org.eclipse.jetty.util.BlockingArrayQueue.poll(BlockingArrayQueue.java:382)
        at org.eclipse.jetty.util.thread.QueuedThreadPool$Runner.idleJobPoll(QueuedThreadPool.java:974)
        at org.eclipse.jetty.util.thread.QueuedThreadPool$Runner.run(QueuedThreadPool.java:1018)
        at java.lang.Thread.run(Thread.java:750)
"e152a9cb-50bd-4473-abda-9918c470cf1e@group-8AF4B479ECA4-FollowerState" daemon prio=5 tid=640 timed_waiting
java.lang.Thread.State: TIMED_WAITING
        at java.lang.Thread.sleep(Native Method)
        at java.lang.Thread.sleep(Thread.java:342)
        at java.util.concurrent.TimeUnit.sleep(TimeUnit.java:386)
        at org.apache.ratis.util.TimeDuration.sleep(TimeDuration.java:325)
        at org.apache.ratis.util.TimeDuration.sleep(TimeDuration.java:310)
        at org.apache.ratis.server.impl.FollowerState.run(FollowerState.java:128)
"IPC Server handler 5 on default port 34177" daemon prio=5 tid=62 timed_waiting
java.lang.Thread.State: TIMED_WAITING
        at sun.misc.Unsafe.park(Native Method)
        at java.util.concurrent.locks.LockSupport.parkNanos(LockSupport.java:215)
        at java.util.concurrent.locks.AbstractQueuedSynchronizer$ConditionObject.awaitNanos(AbstractQueuedSynchronizer.java:2083)
        at java.util.concurrent.LinkedBlockingQueue.poll(LinkedBlockingQueue.java:467)
        at org.apache.hadoop.ipc.CallQueueManager.take(CallQueueManager.java:317)
        at org.apache.hadoop.ipc.Server$Handler.run(Server.java:2932)
"IPC Server handler 14 on default port 45685" daemon prio=5 tid=91 timed_waiting
java.lang.Thread.State: TIMED_WAITING
        at sun.misc.Unsafe.park(Native Method)
        at java.util.concurrent.locks.LockSupport.parkNanos(LockSupport.java:215)
        at java.util.concurrent.locks.AbstractQueuedSynchronizer$ConditionObject.awaitNanos(AbstractQueuedSynchronizer.java:2083)
        at java.util.concurrent.LinkedBlockingQueue.poll(LinkedBlockingQueue.java:467)
        at org.apache.hadoop.ipc.CallQueueManager.take(CallQueueManager.java:317)
        at org.apache.hadoop.ipc.Server$Handler.run(Server.java:2932)
"IPC Server handler 8 on default port 37901" daemon prio=5 tid=45 timed_waiting
java.lang.Thread.State: TIMED_WAITING
        at sun.misc.Unsafe.park(Native Method)
        at java.util.concurrent.locks.LockSupport.parkNanos(LockSupport.java:215)
        at java.util.concurrent.locks.AbstractQueuedSynchronizer$ConditionObject.awaitNanos(AbstractQueuedSynchronizer.java:2083)
        at java.util.concurrent.LinkedBlockingQueue.poll(LinkedBlockingQueue.java:467)
        at org.apache.hadoop.ipc.CallQueueManager.take(CallQueueManager.java:317)
        at org.apache.hadoop.ipc.Server$Handler.run(Server.java:2932)
"IPC Server handler 6 on default port 43991" daemon prio=5 tid=150 timed_waiting
java.lang.Thread.State: TIMED_WAITING
        at sun.misc.Unsafe.park(Native Method)
        at java.util.concurrent.locks.LockSupport.parkNanos(LockSupport.java:215)
        at java.util.concurrent.locks.AbstractQueuedSynchronizer$ConditionObject.awaitNanos(AbstractQueuedSynchronizer.java:2083)
        at java.util.concurrent.LinkedBlockingQueue.poll(LinkedBlockingQueue.java:467)
        at org.apache.hadoop.ipc.CallQueueManager.take(CallQueueManager.java:317)
        at org.apache.hadoop.ipc.Server$Handler.run(Server.java:2932)
"grpc-default-executor-2" daemon prio=5 tid=437 timed_waiting
java.lang.Thread.State: TIMED_WAITING
        at sun.misc.Unsafe.park(Native Method)
        at java.util.concurrent.locks.LockSupport.parkNanos(LockSupport.java:215)
        at java.util.concurrent.SynchronousQueue$TransferStack.awaitFulfill(SynchronousQueue.java:460)
        at java.util.concurrent.SynchronousQueue$TransferStack.transfer(SynchronousQueue.java:362)
        at java.util.concurrent.SynchronousQueue.poll(SynchronousQueue.java:941)
        at java.util.concurrent.ThreadPoolExecutor.getTask(ThreadPoolExecutor.java:1073)
        at java.util.concurrent.ThreadPoolExecutor.runWorker(ThreadPoolExecutor.java:1134)
        at java.util.concurrent.ThreadPoolExecutor$Worker.run(ThreadPoolExecutor.java:624)
        at java.lang.Thread.run(Thread.java:750)
"qtp1243608583-175-acceptor-0@1b85395e-ServerConnector@1c64febb{HTTP/1.1, (http/1.1)}{0.0.0.0:41303}" daemon prio=3 tid=175 runnable
java.lang.Thread.State: RUNNABLE
        at sun.nio.ch.ServerSocketChannelImpl.accept0(Native Method)
        at sun.nio.ch.ServerSocketChannelImpl.accept(ServerSocketChannelImpl.java:421)
        at sun.nio.ch.ServerSocketChannelImpl.accept(ServerSocketChannelImpl.java:249)
        at org.eclipse.jetty.server.ServerConnector.accept(ServerConnector.java:388)
        at org.eclipse.jetty.server.AbstractConnector$Acceptor.run(AbstractConnector.java:702)
        at org.eclipse.jetty.util.thread.QueuedThreadPool.runJob(QueuedThreadPool.java:883)
        at org.eclipse.jetty.util.thread.QueuedThreadPool$Runner.run(QueuedThreadPool.java:1034)
        at java.lang.Thread.run(Thread.java:750)
"IPC Server handler 5 on default port 43991" daemon prio=5 tid=149 timed_waiting
java.lang.Thread.State: TIMED_WAITING
        at sun.misc.Unsafe.park(Native Method)
        at java.util.concurrent.locks.LockSupport.parkNanos(LockSupport.java:215)
        at java.util.concurrent.locks.AbstractQueuedSynchronizer$ConditionObject.awaitNanos(AbstractQueuedSynchronizer.java:2083)
        at java.util.concurrent.LinkedBlockingQueue.poll(LinkedBlockingQueue.java:467)
        at org.apache.hadoop.ipc.CallQueueManager.take(CallQueueManager.java:317)
        at org.apache.hadoop.ipc.Server$Handler.run(Server.java:2932)
"EndpointStateMachine task thread for /0.0.0.0:45685 - 0 "  prio=5 tid=317 in Object.wait()
java.lang.Thread.State: WAITING (on object monitor)
        at sun.misc.Unsafe.park(Native Method)
        at java.util.concurrent.locks.LockSupport.park(LockSupport.java:175)
        at java.util.concurrent.locks.AbstractQueuedSynchronizer$ConditionObject.await(AbstractQueuedSynchronizer.java:2044)
        at java.util.concurrent.LinkedBlockingQueue.take(LinkedBlockingQueue.java:442)
        at java.util.concurrent.ThreadPoolExecutor.getTask(ThreadPoolExecutor.java:1074)
        at java.util.concurrent.ThreadPoolExecutor.runWorker(ThreadPoolExecutor.java:1134)
        at java.util.concurrent.ThreadPoolExecutor$Worker.run(ThreadPoolExecutor.java:624)
        at java.lang.Thread.run(Thread.java:750)
"IPC Server handler 15 on default port 45685" daemon prio=5 tid=92 timed_waiting
java.lang.Thread.State: TIMED_WAITING
        at sun.misc.Unsafe.park(Native Method)
        at java.util.concurrent.locks.LockSupport.parkNanos(LockSupport.java:215)
        at java.util.concurrent.locks.AbstractQueuedSynchronizer$ConditionObject.awaitNanos(AbstractQueuedSynchronizer.java:2083)
        at java.util.concurrent.LinkedBlockingQueue.poll(LinkedBlockingQueue.java:467)
        at org.apache.hadoop.ipc.CallQueueManager.take(CallQueueManager.java:317)
        at org.apache.hadoop.ipc.Server$Handler.run(Server.java:2932)
"qtp1302746218-140" daemon prio=5 tid=140 timed_waiting
java.lang.Thread.State: TIMED_WAITING
        at sun.misc.Unsafe.park(Native Method)
        at java.util.concurrent.locks.LockSupport.parkNanos(LockSupport.java:215)
        at java.util.concurrent.locks.AbstractQueuedSynchronizer$ConditionObject.awaitNanos(AbstractQueuedSynchronizer.java:2083)
        at org.eclipse.jetty.util.BlockingArrayQueue.poll(BlockingArrayQueue.java:382)
        at org.eclipse.jetty.util.thread.QueuedThreadPool$Runner.idleJobPoll(QueuedThreadPool.java:974)
        at org.eclipse.jetty.util.thread.QueuedThreadPool$Runner.run(QueuedThreadPool.java:1018)
        at java.lang.Thread.run(Thread.java:750)
"ChunkWriter-3-0" daemon prio=5 tid=330 in Object.wait()
java.lang.Thread.State: WAITING (on object monitor)
        at sun.misc.Unsafe.park(Native Method)
        at java.util.concurrent.locks.LockSupport.park(LockSupport.java:175)
        at java.util.concurrent.locks.AbstractQueuedSynchronizer$ConditionObject.await(AbstractQueuedSynchronizer.java:2044)
        at java.util.concurrent.LinkedBlockingDeque.takeFirst(LinkedBlockingDeque.java:492)
        at java.util.concurrent.LinkedBlockingDeque.take(LinkedBlockingDeque.java:680)
        at java.util.concurrent.ThreadPoolExecutor.getTask(ThreadPoolExecutor.java:1074)
        at java.util.concurrent.ThreadPoolExecutor.runWorker(ThreadPoolExecutor.java:1134)
        at java.util.concurrent.ThreadPoolExecutor$Worker.run(ThreadPoolExecutor.java:624)
        at java.lang.Thread.run(Thread.java:750)
"org.apache.hadoop.ozone.container.common.statemachine.commandhandler.DeleteBlocksCommandHandler$DeleteCmdWorker@dd8e4e2" daemon prio=5 tid=200 timed_waiting
java.lang.Thread.State: TIMED_WAITING
        at java.lang.Thread.sleep(Native Method)
        at org.apache.hadoop.ozone.container.common.statemachine.commandhandler.DeleteBlocksCommandHandler$DeleteCmdWorker.run(DeleteBlocksCommandHandler.java:185)
        at java.lang.Thread.run(Thread.java:750)
"org.apache.hadoop.ozone.container.common.statemachine.commandhandler.DeleteBlocksCommandHandler$DeleteCmdWorker@151d8f77" daemon prio=5 tid=278 timed_waiting
java.lang.Thread.State: TIMED_WAITING
        at java.lang.Thread.sleep(Native Method)
        at org.apache.hadoop.ozone.container.common.statemachine.commandhandler.DeleteBlocksCommandHandler$DeleteCmdWorker.run(DeleteBlocksCommandHandler.java:185)
        at java.lang.Thread.run(Thread.java:750)
"IPC Server idle connection scanner for port 45685" daemon prio=5 tid=25 timed_waiting
java.lang.Thread.State: TIMED_WAITING
        at java.lang.Object.wait(Native Method)
        at java.util.TimerThread.mainLoop(Timer.java:552)
        at java.util.TimerThread.run(Timer.java:505)
"BlockDeletingService#1" daemon prio=5 tid=359 timed_waiting
java.lang.Thread.State: TIMED_WAITING
        at sun.misc.Unsafe.park(Native Method)
        at java.util.concurrent.locks.LockSupport.parkNanos(LockSupport.java:215)
        at java.util.concurrent.locks.AbstractQueuedSynchronizer$ConditionObject.awaitNanos(AbstractQueuedSynchronizer.java:2083)
        at java.util.concurrent.ScheduledThreadPoolExecutor$DelayedWorkQueue.take(ScheduledThreadPoolExecutor.java:1093)
        at java.util.concurrent.ScheduledThreadPoolExecutor$DelayedWorkQueue.take(ScheduledThreadPoolExecutor.java:809)
        at java.util.concurrent.ThreadPoolExecutor.getTask(ThreadPoolExecutor.java:1074)
        at java.util.concurrent.ThreadPoolExecutor.runWorker(ThreadPoolExecutor.java:1134)
        at java.util.concurrent.ThreadPoolExecutor$Worker.run(ThreadPoolExecutor.java:624)
        at java.lang.Thread.run(Thread.java:750)
"Periodic HDDS volume checker" daemon prio=5 tid=221 timed_waiting
java.lang.Thread.State: TIMED_WAITING
        at sun.misc.Unsafe.park(Native Method)
        at java.util.concurrent.locks.LockSupport.parkNanos(LockSupport.java:215)
        at java.util.concurrent.locks.AbstractQueuedSynchronizer$ConditionObject.awaitNanos(AbstractQueuedSynchronizer.java:2083)
        at java.util.concurrent.ScheduledThreadPoolExecutor$DelayedWorkQueue.take(ScheduledThreadPoolExecutor.java:1093)
        at java.util.concurrent.ScheduledThreadPoolExecutor$DelayedWorkQueue.take(ScheduledThreadPoolExecutor.java:809)
        at java.util.concurrent.ThreadPoolExecutor.getTask(ThreadPoolExecutor.java:1074)
        at java.util.concurrent.ThreadPoolExecutor.runWorker(ThreadPoolExecutor.java:1134)
        at java.util.concurrent.ThreadPoolExecutor$Worker.run(ThreadPoolExecutor.java:624)
        at java.lang.Thread.run(Thread.java:750)
"IPC Server handler 3 on default port 45685" daemon prio=5 tid=80 timed_waiting
java.lang.Thread.State: TIMED_WAITING
        at sun.misc.Unsafe.park(Native Method)
        at java.util.concurrent.locks.LockSupport.parkNanos(LockSupport.java:215)
        at java.util.concurrent.locks.AbstractQueuedSynchronizer$ConditionObject.awaitNanos(AbstractQueuedSynchronizer.java:2083)
        at java.util.concurrent.LinkedBlockingQueue.poll(LinkedBlockingQueue.java:467)
        at org.apache.hadoop.ipc.CallQueueManager.take(CallQueueManager.java:317)
        at org.apache.hadoop.ipc.Server$Handler.run(Server.java:2932)
"org.apache.hadoop.ozone.container.common.statemachine.commandhandler.DeleteBlocksCommandHandler$DeleteCmdWorker@4608c405" daemon prio=5 tid=226 timed_waiting
java.lang.Thread.State: TIMED_WAITING
        at java.lang.Thread.sleep(Native Method)
        at org.apache.hadoop.ozone.container.common.statemachine.commandhandler.DeleteBlocksCommandHandler$DeleteCmdWorker.run(DeleteBlocksCommandHandler.java:185)
        at java.lang.Thread.run(Thread.java:750)
"Datanode State Machine Task Thread - 1"  prio=5 tid=373 in Object.wait()
java.lang.Thread.State: WAITING (on object monitor)
        at sun.misc.Unsafe.park(Native Method)
        at java.util.concurrent.locks.LockSupport.park(LockSupport.java:175)
        at java.util.concurrent.locks.AbstractQueuedSynchronizer$ConditionObject.await(AbstractQueuedSynchronizer.java:2044)
        at java.util.concurrent.LinkedBlockingQueue.take(LinkedBlockingQueue.java:442)
        at java.util.concurrent.ThreadPoolExecutor.getTask(ThreadPoolExecutor.java:1074)
        at java.util.concurrent.ThreadPoolExecutor.runWorker(ThreadPoolExecutor.java:1134)
        at java.util.concurrent.ThreadPoolExecutor$Worker.run(ThreadPoolExecutor.java:624)
        at java.lang.Thread.run(Thread.java:750)
"IPC Server handler 0 on default port 43991" daemon prio=5 tid=144 timed_waiting
java.lang.Thread.State: TIMED_WAITING
        at sun.misc.Unsafe.park(Native Method)
        at java.util.concurrent.locks.LockSupport.parkNanos(LockSupport.java:215)
        at java.util.concurrent.locks.AbstractQueuedSynchronizer$ConditionObject.awaitNanos(AbstractQueuedSynchronizer.java:2083)
        at java.util.concurrent.LinkedBlockingQueue.poll(LinkedBlockingQueue.java:467)
        at org.apache.hadoop.ipc.CallQueueManager.take(CallQueueManager.java:317)
        at org.apache.hadoop.ipc.Server$Handler.run(Server.java:2932)
"IPC Server handler 12 on default port 37901" daemon prio=5 tid=49 timed_waiting
java.lang.Thread.State: TIMED_WAITING
        at sun.misc.Unsafe.park(Native Method)
        at java.util.concurrent.locks.LockSupport.parkNanos(LockSupport.java:215)
        at java.util.concurrent.locks.AbstractQueuedSynchronizer$ConditionObject.awaitNanos(AbstractQueuedSynchronizer.java:2083)
        at java.util.concurrent.LinkedBlockingQueue.poll(LinkedBlockingQueue.java:467)
        at org.apache.hadoop.ipc.CallQueueManager.take(CallQueueManager.java:317)
        at org.apache.hadoop.ipc.Server$Handler.run(Server.java:2932)
"Signal Dispatcher" daemon prio=9 tid=4 runnable
java.lang.Thread.State: RUNNABLE
"qtp1924969509-203-acceptor-0@22742a66-ServerConnector@d678716{HTTP/1.1, (http/1.1)}{0.0.0.0:33881}" daemon prio=3 tid=203 runnable
java.lang.Thread.State: RUNNABLE
        at sun.nio.ch.ServerSocketChannelImpl.accept0(Native Method)
        at sun.nio.ch.ServerSocketChannelImpl.accept(ServerSocketChannelImpl.java:421)
        at sun.nio.ch.ServerSocketChannelImpl.accept(ServerSocketChannelImpl.java:249)
        at org.eclipse.jetty.server.ServerConnector.accept(ServerConnector.java:388)
        at org.eclipse.jetty.server.AbstractConnector$Acceptor.run(AbstractConnector.java:702)
        at org.eclipse.jetty.util.thread.QueuedThreadPool.runJob(QueuedThreadPool.java:883)
        at org.eclipse.jetty.util.thread.QueuedThreadPool$Runner.run(QueuedThreadPool.java:1034)
        at java.lang.Thread.run(Thread.java:750)
"org.apache.hadoop.ozone.container.common.statemachine.commandhandler.DeleteBlocksCommandHandler$DeleteCmdWorker@196a703f" daemon prio=5 tid=304 timed_waiting
java.lang.Thread.State: TIMED_WAITING
        at java.lang.Thread.sleep(Native Method)
        at org.apache.hadoop.ozone.container.common.statemachine.commandhandler.DeleteBlocksCommandHandler$DeleteCmdWorker.run(DeleteBlocksCommandHandler.java:185)
        at java.lang.Thread.run(Thread.java:750)
"qtp1764184489-260" daemon prio=5 tid=260 timed_waiting
java.lang.Thread.State: TIMED_WAITING
        at sun.misc.Unsafe.park(Native Method)
        at java.util.concurrent.locks.LockSupport.parkNanos(LockSupport.java:215)
        at java.util.concurrent.locks.AbstractQueuedSynchronizer$ConditionObject.awaitNanos(AbstractQueuedSynchronizer.java:2083)
        at org.eclipse.jetty.util.BlockingArrayQueue.poll(BlockingArrayQueue.java:382)
        at org.eclipse.jetty.util.thread.QueuedThreadPool$Runner.idleJobPoll(QueuedThreadPool.java:974)
        at org.eclipse.jetty.util.thread.QueuedThreadPool$Runner.run(QueuedThreadPool.java:1018)
        at java.lang.Thread.run(Thread.java:750)
"qtp1924969509-207" daemon prio=5 tid=207 timed_waiting
java.lang.Thread.State: TIMED_WAITING
        at sun.misc.Unsafe.park(Native Method)
        at java.util.concurrent.locks.LockSupport.parkNanos(LockSupport.java:215)
        at java.util.concurrent.locks.AbstractQueuedSynchronizer$ConditionObject.awaitNanos(AbstractQueuedSynchronizer.java:2083)
        at org.eclipse.jetty.util.BlockingArrayQueue.poll(BlockingArrayQueue.java:382)
        at org.eclipse.jetty.util.thread.QueuedThreadPool$Runner.idleJobPoll(QueuedThreadPool.java:974)
        at org.eclipse.jetty.util.thread.QueuedThreadPool$Runner.run(QueuedThreadPool.java:1018)
        at java.lang.Thread.run(Thread.java:750)
"pool-187-thread-1"  prio=5 tid=447 in Object.wait()
java.lang.Thread.State: WAITING (on object monitor)
        at sun.misc.Unsafe.park(Native Method)
        at java.util.concurrent.locks.LockSupport.park(LockSupport.java:175)
        at java.util.concurrent.locks.AbstractQueuedSynchronizer$ConditionObject.await(AbstractQueuedSynchronizer.java:2044)
        at java.util.concurrent.LinkedBlockingQueue.take(LinkedBlockingQueue.java:442)
        at java.util.concurrent.ThreadPoolExecutor.getTask(ThreadPoolExecutor.java:1074)
        at java.util.concurrent.ThreadPoolExecutor.runWorker(ThreadPoolExecutor.java:1134)
        at java.util.concurrent.ThreadPoolExecutor$Worker.run(ThreadPoolExecutor.java:624)
        at java.lang.Thread.run(Thread.java:750)
"pool-72-thread-1"  prio=5 tid=409 in Object.wait()
java.lang.Thread.State: WAITING (on object monitor)
        at sun.misc.Unsafe.park(Native Method)
        at java.util.concurrent.locks.LockSupport.park(LockSupport.java:175)
        at java.util.concurrent.locks.AbstractQueuedSynchronizer$ConditionObject.await(AbstractQueuedSynchronizer.java:2044)
        at java.util.concurrent.LinkedBlockingQueue.take(LinkedBlockingQueue.java:442)
        at java.util.concurrent.ThreadPoolExecutor.getTask(ThreadPoolExecutor.java:1074)
        at java.util.concurrent.ThreadPoolExecutor.runWorker(ThreadPoolExecutor.java:1134)
        at java.util.concurrent.ThreadPoolExecutor$Worker.run(ThreadPoolExecutor.java:624)
        at java.lang.Thread.run(Thread.java:750)
"EndpointStateMachine task thread for /0.0.0.0:45685 - 0 "  prio=5 tid=393 in Object.wait()
java.lang.Thread.State: WAITING (on object monitor)
        at sun.misc.Unsafe.park(Native Method)
        at java.util.concurrent.locks.LockSupport.park(LockSupport.java:175)
        at java.util.concurrent.locks.AbstractQueuedSynchronizer$ConditionObject.await(AbstractQueuedSynchronizer.java:2044)
        at java.util.concurrent.LinkedBlockingQueue.take(LinkedBlockingQueue.java:442)
        at java.util.concurrent.ThreadPoolExecutor.getTask(ThreadPoolExecutor.java:1074)
        at java.util.concurrent.ThreadPoolExecutor.runWorker(ThreadPoolExecutor.java:1134)
        at java.util.concurrent.ThreadPoolExecutor$Worker.run(ThreadPoolExecutor.java:624)
        at java.lang.Thread.run(Thread.java:750)
"Datanode ReportManager Thread - 1" daemon prio=5 tid=265 timed_waiting
java.lang.Thread.State: TIMED_WAITING
        at sun.misc.Unsafe.park(Native Method)
        at java.util.concurrent.locks.LockSupport.parkNanos(LockSupport.java:215)
        at java.util.concurrent.locks.AbstractQueuedSynchronizer$ConditionObject.awaitNanos(AbstractQueuedSynchronizer.java:2083)
        at java.util.concurrent.ScheduledThreadPoolExecutor$DelayedWorkQueue.take(ScheduledThreadPoolExecutor.java:1093)
        at java.util.concurrent.ScheduledThreadPoolExecutor$DelayedWorkQueue.take(ScheduledThreadPoolExecutor.java:809)
        at java.util.concurrent.ThreadPoolExecutor.getTask(ThreadPoolExecutor.java:1074)
        at java.util.concurrent.ThreadPoolExecutor.runWorker(ThreadPoolExecutor.java:1134)
        at java.util.concurrent.ThreadPoolExecutor$Worker.run(ThreadPoolExecutor.java:624)
        at java.lang.Thread.run(Thread.java:750)
"pool-173-thread-1"  prio=5 tid=279 timed_waiting
java.lang.Thread.State: TIMED_WAITING
        at sun.misc.Unsafe.park(Native Method)
        at java.util.concurrent.locks.LockSupport.parkNanos(LockSupport.java:215)
        at java.util.concurrent.locks.AbstractQueuedSynchronizer$ConditionObject.awaitNanos(AbstractQueuedSynchronizer.java:2083)
        at java.util.concurrent.ScheduledThreadPoolExecutor$DelayedWorkQueue.take(ScheduledThreadPoolExecutor.java:1093)
        at java.util.concurrent.ScheduledThreadPoolExecutor$DelayedWorkQueue.take(ScheduledThreadPoolExecutor.java:809)
        at java.util.concurrent.ThreadPoolExecutor.getTask(ThreadPoolExecutor.java:1074)
        at java.util.concurrent.ThreadPoolExecutor.runWorker(ThreadPoolExecutor.java:1134)
        at java.util.concurrent.ThreadPoolExecutor$Worker.run(ThreadPoolExecutor.java:624)
        at java.lang.Thread.run(Thread.java:750)
"qtp1924969509-209" daemon prio=5 tid=209 timed_waiting
java.lang.Thread.State: TIMED_WAITING
        at sun.misc.Unsafe.park(Native Method)
        at java.util.concurrent.locks.LockSupport.parkNanos(LockSupport.java:215)
        at java.util.concurrent.locks.AbstractQueuedSynchronizer$ConditionObject.awaitNanos(AbstractQueuedSynchronizer.java:2083)
        at org.eclipse.jetty.util.BlockingArrayQueue.poll(BlockingArrayQueue.java:382)
        at org.eclipse.jetty.util.thread.QueuedThreadPool$Runner.idleJobPoll(QueuedThreadPool.java:974)
        at org.eclipse.jetty.util.thread.QueuedThreadPool$Runner.run(QueuedThreadPool.java:1018)
        at java.lang.Thread.run(Thread.java:750)
"pool-81-thread-1"  prio=5 tid=173 timed_waiting
java.lang.Thread.State: TIMED_WAITING
        at sun.misc.Unsafe.park(Native Method)
        at java.util.concurrent.locks.LockSupport.parkNanos(LockSupport.java:215)
        at java.util.concurrent.locks.AbstractQueuedSynchronizer$ConditionObject.awaitNanos(AbstractQueuedSynchronizer.java:2083)
        at java.util.concurrent.ScheduledThreadPoolExecutor$DelayedWorkQueue.take(ScheduledThreadPoolExecutor.java:1093)
        at java.util.concurrent.ScheduledThreadPoolExecutor$DelayedWorkQueue.take(ScheduledThreadPoolExecutor.java:809)
        at java.util.concurrent.ThreadPoolExecutor.getTask(ThreadPoolExecutor.java:1074)
        at java.util.concurrent.ThreadPoolExecutor.runWorker(ThreadPoolExecutor.java:1134)
        at java.util.concurrent.ThreadPoolExecutor$Worker.run(ThreadPoolExecutor.java:624)
        at java.lang.Thread.run(Thread.java:750)
"qtp1924969509-206" daemon prio=5 tid=206 timed_waiting
java.lang.Thread.State: TIMED_WAITING
        at sun.misc.Unsafe.park(Native Method)
        at java.util.concurrent.locks.LockSupport.parkNanos(LockSupport.java:215)
        at java.util.concurrent.locks.AbstractQueuedSynchronizer$ConditionObject.awaitNanos(AbstractQueuedSynchronizer.java:2083)
        at org.eclipse.jetty.util.BlockingArrayQueue.poll(BlockingArrayQueue.java:382)
        at org.eclipse.jetty.util.thread.QueuedThreadPool$Runner.idleJobPoll(QueuedThreadPool.java:974)
        at org.eclipse.jetty.util.thread.QueuedThreadPool$Runner.run(QueuedThreadPool.java:1018)
        at java.lang.Thread.run(Thread.java:750)
"qtp1302746218-142" daemon prio=5 tid=142 timed_waiting
java.lang.Thread.State: TIMED_WAITING
        at sun.misc.Unsafe.park(Native Method)
        at java.util.concurrent.locks.LockSupport.parkNanos(LockSupport.java:215)
        at java.util.concurrent.locks.AbstractQueuedSynchronizer$ConditionObject.awaitNanos(AbstractQueuedSynchronizer.java:2083)
        at org.eclipse.jetty.util.BlockingArrayQueue.poll(BlockingArrayQueue.java:382)
        at org.eclipse.jetty.util.thread.QueuedThreadPool$Runner.idleJobPoll(QueuedThreadPool.java:974)
        at org.eclipse.jetty.util.thread.QueuedThreadPool$Runner.run(QueuedThreadPool.java:1018)
        at java.lang.Thread.run(Thread.java:750)
"d28c3a4e-3918-43d8-bb46-fc5b34cd0519@group-0AE05C4D1DC3-SegmentedRaftLogWorker"  prio=5 tid=440 timed_waiting
java.lang.Thread.State: TIMED_WAITING
        at sun.misc.Unsafe.park(Native Method)
        at java.util.concurrent.locks.LockSupport.parkNanos(LockSupport.java:215)
        at java.util.concurrent.locks.AbstractQueuedSynchronizer$ConditionObject.awaitNanos(AbstractQueuedSynchronizer.java:2083)
        at org.apache.ratis.util.DataBlockingQueue.poll(DataBlockingQueue.java:148)
        at org.apache.ratis.server.raftlog.segmented.SegmentedRaftLogWorker.run(SegmentedRaftLogWorker.java:301)
        at org.apache.ratis.server.raftlog.segmented.SegmentedRaftLogWorker$$Lambda$607/2145809167.run(Unknown Source)
        at java.lang.Thread.run(Thread.java:750)
"DirectoryDeletingService#0" daemon prio=5 tid=132 timed_waiting
java.lang.Thread.State: TIMED_WAITING
        at sun.misc.Unsafe.park(Native Method)
        at java.util.concurrent.locks.LockSupport.parkNanos(LockSupport.java:215)
        at java.util.concurrent.locks.AbstractQueuedSynchronizer$ConditionObject.awaitNanos(AbstractQueuedSynchronizer.java:2083)
        at java.util.concurrent.ScheduledThreadPoolExecutor$DelayedWorkQueue.take(ScheduledThreadPoolExecutor.java:1093)
        at java.util.concurrent.ScheduledThreadPoolExecutor$DelayedWorkQueue.take(ScheduledThreadPoolExecutor.java:809)
        at java.util.concurrent.ThreadPoolExecutor.getTask(ThreadPoolExecutor.java:1074)
        at java.util.concurrent.ThreadPoolExecutor.runWorker(ThreadPoolExecutor.java:1134)
        at java.util.concurrent.ThreadPoolExecutor$Worker.run(ThreadPoolExecutor.java:624)
        at java.lang.Thread.run(Thread.java:750)
"ChunkWriter-2-0" daemon prio=5 tid=341 in Object.wait()
java.lang.Thread.State: WAITING (on object monitor)
        at sun.misc.Unsafe.park(Native Method)
        at java.util.concurrent.locks.LockSupport.park(LockSupport.java:175)
        at java.util.concurrent.locks.AbstractQueuedSynchronizer$ConditionObject.await(AbstractQueuedSynchronizer.java:2044)
        at java.util.concurrent.LinkedBlockingDeque.takeFirst(LinkedBlockingDeque.java:492)
        at java.util.concurrent.LinkedBlockingDeque.take(LinkedBlockingDeque.java:680)
        at java.util.concurrent.ThreadPoolExecutor.getTask(ThreadPoolExecutor.java:1074)
        at java.util.concurrent.ThreadPoolExecutor.runWorker(ThreadPoolExecutor.java:1134)
        at java.util.concurrent.ThreadPoolExecutor$Worker.run(ThreadPoolExecutor.java:624)
        at java.lang.Thread.run(Thread.java:750)
"EndpointStateMachine task thread for /0.0.0.0:45685 - 0 "  prio=5 tid=362 in Object.wait()
java.lang.Thread.State: WAITING (on object monitor)
        at sun.misc.Unsafe.park(Native Method)
        at java.util.concurrent.locks.LockSupport.park(LockSupport.java:175)
        at java.util.concurrent.locks.AbstractQueuedSynchronizer$ConditionObject.await(AbstractQueuedSynchronizer.java:2044)
        at java.util.concurrent.LinkedBlockingQueue.take(LinkedBlockingQueue.java:442)
        at java.util.concurrent.ThreadPoolExecutor.getTask(ThreadPoolExecutor.java:1074)
        at java.util.concurrent.ThreadPoolExecutor.runWorker(ThreadPoolExecutor.java:1134)
        at java.util.concurrent.ThreadPoolExecutor$Worker.run(ThreadPoolExecutor.java:624)
        at java.lang.Thread.run(Thread.java:750)
"Socket Reader #1 for port 0"  prio=5 tid=24 runnable
java.lang.Thread.State: RUNNABLE
        at sun.nio.ch.EPollArrayWrapper.epollWait(Native Method)
        at sun.nio.ch.EPollArrayWrapper.poll(EPollArrayWrapper.java:269)
        at sun.nio.ch.EPollSelectorImpl.doSelect(EPollSelectorImpl.java:93)
        at sun.nio.ch.SelectorImpl.lockAndDoSelect(SelectorImpl.java:86)
        at sun.nio.ch.SelectorImpl.select(SelectorImpl.java:97)
        at sun.nio.ch.SelectorImpl.select(SelectorImpl.java:101)
        at org.apache.hadoop.ipc.Server$Listener$Reader.doRunLoop(Server.java:1288)
        at org.apache.hadoop.ipc.Server$Listener$Reader.run(Server.java:1267)
"IPC Server handler 7 on default port 34177" daemon prio=5 tid=64 timed_waiting
java.lang.Thread.State: TIMED_WAITING
        at sun.misc.Unsafe.park(Native Method)
        at java.util.concurrent.locks.LockSupport.parkNanos(LockSupport.java:215)
        at java.util.concurrent.locks.AbstractQueuedSynchronizer$ConditionObject.awaitNanos(AbstractQueuedSynchronizer.java:2083)
        at java.util.concurrent.LinkedBlockingQueue.poll(LinkedBlockingQueue.java:467)
        at org.apache.hadoop.ipc.CallQueueManager.take(CallQueueManager.java:317)
        at org.apache.hadoop.ipc.Server$Handler.run(Server.java:2932)
"org.apache.hadoop.util.JvmPauseMonitor$Monitor@4a0c04ab" daemon prio=5 tid=98 timed_waiting
java.lang.Thread.State: TIMED_WAITING
        at java.lang.Thread.sleep(Native Method)
        at org.apache.hadoop.util.JvmPauseMonitor$Monitor.run(JvmPauseMonitor.java:192)
        at java.lang.Thread.run(Thread.java:750)
"d28c3a4e-3918-43d8-bb46-fc5b34cd0519@group-BEF99EDA7C2C-StateMachineUpdater" daemon prio=5 tid=445 timed_waiting
java.lang.Thread.State: TIMED_WAITING
        at sun.misc.Unsafe.park(Native Method)
        at java.util.concurrent.locks.LockSupport.parkNanos(LockSupport.java:215)
        at java.util.concurrent.CompletableFuture$Signaller.block(CompletableFuture.java:1709)
        at java.util.concurrent.ForkJoinPool.managedBlock(ForkJoinPool.java:3323)
        at java.util.concurrent.CompletableFuture.timedGet(CompletableFuture.java:1788)
        at java.util.concurrent.CompletableFuture.get(CompletableFuture.java:1928)
        at org.apache.ratis.util.AwaitForSignal.await(AwaitForSignal.java:56)
        at org.apache.ratis.server.impl.StateMachineUpdater.waitForCommit(StateMachineUpdater.java:207)
        at org.apache.ratis.server.impl.StateMachineUpdater.run(StateMachineUpdater.java:176)
        at java.lang.Thread.run(Thread.java:750)
"grpc-default-executor-0" daemon prio=5 tid=418 timed_waiting
java.lang.Thread.State: TIMED_WAITING
        at sun.misc.Unsafe.park(Native Method)
        at java.util.concurrent.locks.LockSupport.parkNanos(LockSupport.java:215)
        at java.util.concurrent.SynchronousQueue$TransferStack.awaitFulfill(SynchronousQueue.java:460)
        at java.util.concurrent.SynchronousQueue$TransferStack.transfer(SynchronousQueue.java:362)
        at java.util.concurrent.SynchronousQueue.poll(SynchronousQueue.java:941)
        at java.util.concurrent.ThreadPoolExecutor.getTask(ThreadPoolExecutor.java:1073)
        at java.util.concurrent.ThreadPoolExecutor.runWorker(ThreadPoolExecutor.java:1134)
        at java.util.concurrent.ThreadPoolExecutor$Worker.run(ThreadPoolExecutor.java:624)
        at java.lang.Thread.run(Thread.java:750)
"IPC Server handler 6 on default port 34177" daemon prio=5 tid=63 timed_waiting
java.lang.Thread.State: TIMED_WAITING
        at sun.misc.Unsafe.park(Native Method)
        at java.util.concurrent.locks.LockSupport.parkNanos(LockSupport.java:215)
        at java.util.concurrent.locks.AbstractQueuedSynchronizer$ConditionObject.awaitNanos(AbstractQueuedSynchronizer.java:2083)
        at java.util.concurrent.LinkedBlockingQueue.poll(LinkedBlockingQueue.java:467)
        at org.apache.hadoop.ipc.CallQueueManager.take(CallQueueManager.java:317)
        at org.apache.hadoop.ipc.Server$Handler.run(Server.java:2932)
"qtp1764184489-261" daemon prio=5 tid=261 timed_waiting
java.lang.Thread.State: TIMED_WAITING
        at sun.misc.Unsafe.park(Native Method)
        at java.util.concurrent.locks.LockSupport.parkNanos(LockSupport.java:215)
        at java.util.concurrent.locks.AbstractQueuedSynchronizer$ConditionObject.awaitNanos(AbstractQueuedSynchronizer.java:2083)
        at org.eclipse.jetty.util.BlockingArrayQueue.poll(BlockingArrayQueue.java:382)
        at org.eclipse.jetty.util.thread.QueuedThreadPool$Runner.idleJobPoll(QueuedThreadPool.java:974)
        at org.eclipse.jetty.util.thread.QueuedThreadPool$Runner.run(QueuedThreadPool.java:1018)
        at java.lang.Thread.run(Thread.java:750)
"java.util.concurrent.ThreadPoolExecutor$Worker@72b8c517[State = -1, empty queue]" daemon prio=5 tid=495 timed_waiting
java.lang.Thread.State: TIMED_WAITING
        at sun.misc.Unsafe.park(Native Method)
        at java.util.concurrent.locks.LockSupport.parkNanos(LockSupport.java:215)
        at java.util.concurrent.locks.AbstractQueuedSynchronizer$ConditionObject.awaitNanos(AbstractQueuedSynchronizer.java:2083)
        at java.util.concurrent.ScheduledThreadPoolExecutor$DelayedWorkQueue.take(ScheduledThreadPoolExecutor.java:1093)
        at java.util.concurrent.ScheduledThreadPoolExecutor$DelayedWorkQueue.take(ScheduledThreadPoolExecutor.java:809)
        at java.util.concurrent.ThreadPoolExecutor.getTask(ThreadPoolExecutor.java:1074)
        at java.util.concurrent.ThreadPoolExecutor.runWorker(ThreadPoolExecutor.java:1134)
        at java.util.concurrent.ThreadPoolExecutor$Worker.run(ThreadPoolExecutor.java:624)
        at java.lang.Thread.run(Thread.java:750)
"Command processor thread" daemon prio=5 tid=217 timed_waiting
java.lang.Thread.State: TIMED_WAITING
        at java.lang.Thread.sleep(Native Method)
        at org.apache.hadoop.ozone.container.common.statemachine.DatanodeStateMachine.lambda$initCommandHandlerThread$3(DatanodeStateMachine.java:628)
        at org.apache.hadoop.ozone.container.common.statemachine.DatanodeStateMachine$$Lambda$724/1894357139.run(Unknown Source)
        at java.lang.Thread.run(Thread.java:750)
"prometheus" daemon prio=5 tid=109 in Object.wait()
java.lang.Thread.State: WAITING (on object monitor)
        at java.lang.Object.wait(Native Method)
        at java.lang.Object.wait(Object.java:502)
        at org.apache.hadoop.metrics2.impl.SinkQueue.waitForData(SinkQueue.java:114)
        at org.apache.hadoop.metrics2.impl.SinkQueue.consumeAll(SinkQueue.java:83)
        at org.apache.hadoop.metrics2.impl.MetricsSinkAdapter.publishMetricsFromQueue(MetricsSinkAdapter.java:135)
        at org.apache.hadoop.metrics2.impl.MetricsSinkAdapter$1.run(MetricsSinkAdapter.java:89)
"IPC Server handler 6 on default port 45685" daemon prio=5 tid=83 timed_waiting
java.lang.Thread.State: TIMED_WAITING
        at sun.misc.Unsafe.park(Native Method)
        at java.util.concurrent.locks.LockSupport.parkNanos(LockSupport.java:215)
        at java.util.concurrent.locks.AbstractQueuedSynchronizer$ConditionObject.awaitNanos(AbstractQueuedSynchronizer.java:2083)
        at java.util.concurrent.LinkedBlockingQueue.poll(LinkedBlockingQueue.java:467)
        at org.apache.hadoop.ipc.CallQueueManager.take(CallQueueManager.java:317)
        at org.apache.hadoop.ipc.Server$Handler.run(Server.java:2932)
"Datanode State Machine Task Thread - 1"  prio=5 tid=349 in Object.wait()
java.lang.Thread.State: WAITING (on object monitor)
        at sun.misc.Unsafe.park(Native Method)
        at java.util.concurrent.locks.LockSupport.park(LockSupport.java:175)
        at java.util.concurrent.locks.AbstractQueuedSynchronizer$ConditionObject.await(AbstractQueuedSynchronizer.java:2044)
        at java.util.concurrent.LinkedBlockingQueue.take(LinkedBlockingQueue.java:442)
        at java.util.concurrent.ThreadPoolExecutor.getTask(ThreadPoolExecutor.java:1074)
        at java.util.concurrent.ThreadPoolExecutor.runWorker(ThreadPoolExecutor.java:1134)
        at java.util.concurrent.ThreadPoolExecutor$Worker.run(ThreadPoolExecutor.java:624)
        at java.lang.Thread.run(Thread.java:750)
"EndpointStateMachine task thread for /0.0.0.0:45685 - 0 "  prio=5 tid=374 in Object.wait()
java.lang.Thread.State: WAITING (on object monitor)
        at sun.misc.Unsafe.park(Native Method)
        at java.util.concurrent.locks.LockSupport.park(LockSupport.java:175)
        at java.util.concurrent.locks.AbstractQueuedSynchronizer$ConditionObject.await(AbstractQueuedSynchronizer.java:2044)
        at java.util.concurrent.LinkedBlockingQueue.take(LinkedBlockingQueue.java:442)
        at java.util.concurrent.ThreadPoolExecutor.getTask(ThreadPoolExecutor.java:1074)
        at java.util.concurrent.ThreadPoolExecutor.runWorker(ThreadPoolExecutor.java:1134)
        at java.util.concurrent.ThreadPoolExecutor$Worker.run(ThreadPoolExecutor.java:624)
        at java.lang.Thread.run(Thread.java:750)
"Datanode ReportManager Thread - 4" daemon prio=5 tid=188 timed_waiting
java.lang.Thread.State: TIMED_WAITING
        at sun.misc.Unsafe.park(Native Method)
        at java.util.concurrent.locks.LockSupport.parkNanos(LockSupport.java:215)
        at java.util.concurrent.locks.AbstractQueuedSynchronizer$ConditionObject.awaitNanos(AbstractQueuedSynchronizer.java:2083)
        at java.util.concurrent.ScheduledThreadPoolExecutor$DelayedWorkQueue.take(ScheduledThreadPoolExecutor.java:1093)
        at java.util.concurrent.ScheduledThreadPoolExecutor$DelayedWorkQueue.take(ScheduledThreadPoolExecutor.java:809)
        at java.util.concurrent.ThreadPoolExecutor.getTask(ThreadPoolExecutor.java:1074)
        at java.util.concurrent.ThreadPoolExecutor.runWorker(ThreadPoolExecutor.java:1134)
        at java.util.concurrent.ThreadPoolExecutor$Worker.run(ThreadPoolExecutor.java:624)
        at java.lang.Thread.run(Thread.java:750)
"BlockDeletingService#1" daemon prio=5 tid=336 timed_waiting
java.lang.Thread.State: TIMED_WAITING
        at sun.misc.Unsafe.park(Native Method)
        at java.util.concurrent.locks.LockSupport.parkNanos(LockSupport.java:215)
        at java.util.concurrent.locks.AbstractQueuedSynchronizer$ConditionObject.awaitNanos(AbstractQueuedSynchronizer.java:2083)
        at java.util.concurrent.ScheduledThreadPoolExecutor$DelayedWorkQueue.take(ScheduledThreadPoolExecutor.java:1093)
        at java.util.concurrent.ScheduledThreadPoolExecutor$DelayedWorkQueue.take(ScheduledThreadPoolExecutor.java:809)
        at java.util.concurrent.ThreadPoolExecutor.getTask(ThreadPoolExecutor.java:1074)
        at java.util.concurrent.ThreadPoolExecutor.runWorker(ThreadPoolExecutor.java:1134)
        at java.util.concurrent.ThreadPoolExecutor$Worker.run(ThreadPoolExecutor.java:624)
        at java.lang.Thread.run(Thread.java:750)
"ChunkReader-ELG-0" daemon prio=5 tid=368 runnable
java.lang.Thread.State: RUNNABLE
        at org.apache.ratis.thirdparty.io.netty.channel.epoll.Native.epollWait(Native Method)
        at org.apache.ratis.thirdparty.io.netty.channel.epoll.Native.epollWait(Native.java:193)
        at org.apache.ratis.thirdparty.io.netty.channel.epoll.Native.epollWait(Native.java:186)
        at org.apache.ratis.thirdparty.io.netty.channel.epoll.EpollEventLoop.epollWaitNoTimerChange(EpollEventLoop.java:290)
        at org.apache.ratis.thirdparty.io.netty.channel.epoll.EpollEventLoop.run(EpollEventLoop.java:347)
        at org.apache.ratis.thirdparty.io.netty.util.concurrent.SingleThreadEventExecutor$4.run(SingleThreadEventExecutor.java:986)
        at org.apache.ratis.thirdparty.io.netty.util.internal.ThreadExecutorMap$2.run(ThreadExecutorMap.java:74)
        at java.lang.Thread.run(Thread.java:750)
"IPC Server handler 12 on default port 43991" daemon prio=5 tid=156 timed_waiting
java.lang.Thread.State: TIMED_WAITING
        at sun.misc.Unsafe.park(Native Method)
        at java.util.concurrent.locks.LockSupport.parkNanos(LockSupport.java:215)
        at java.util.concurrent.locks.AbstractQueuedSynchronizer$ConditionObject.awaitNanos(AbstractQueuedSynchronizer.java:2083)
        at java.util.concurrent.LinkedBlockingQueue.poll(LinkedBlockingQueue.java:467)
        at org.apache.hadoop.ipc.CallQueueManager.take(CallQueueManager.java:317)
        at org.apache.hadoop.ipc.Server$Handler.run(Server.java:2932)
"ChunkWriter-1-0" daemon prio=5 tid=352 in Object.wait()
java.lang.Thread.State: WAITING (on object monitor)
        at sun.misc.Unsafe.park(Native Method)
        at java.util.concurrent.locks.LockSupport.park(LockSupport.java:175)
        at java.util.concurrent.locks.AbstractQueuedSynchronizer$ConditionObject.await(AbstractQueuedSynchronizer.java:2044)
        at java.util.concurrent.LinkedBlockingDeque.takeFirst(LinkedBlockingDeque.java:492)
        at java.util.concurrent.LinkedBlockingDeque.take(LinkedBlockingDeque.java:680)
        at java.util.concurrent.ThreadPoolExecutor.getTask(ThreadPoolExecutor.java:1074)
        at java.util.concurrent.ThreadPoolExecutor.runWorker(ThreadPoolExecutor.java:1134)
        at java.util.concurrent.ThreadPoolExecutor$Worker.run(ThreadPoolExecutor.java:624)
        at java.lang.Thread.run(Thread.java:750)
"pool-134-thread-1" daemon prio=5 tid=249 timed_waiting
java.lang.Thread.State: TIMED_WAITING
        at sun.misc.Unsafe.park(Native Method)
        at java.util.concurrent.locks.LockSupport.parkNanos(LockSupport.java:215)
        at java.util.concurrent.locks.AbstractQueuedSynchronizer$ConditionObject.awaitNanos(AbstractQueuedSynchronizer.java:2083)
        at java.util.concurrent.ScheduledThreadPoolExecutor$DelayedWorkQueue.take(ScheduledThreadPoolExecutor.java:1093)
        at java.util.concurrent.ScheduledThreadPoolExecutor$DelayedWorkQueue.take(ScheduledThreadPoolExecutor.java:809)
        at java.util.concurrent.ThreadPoolExecutor.getTask(ThreadPoolExecutor.java:1074)
        at java.util.concurrent.ThreadPoolExecutor.runWorker(ThreadPoolExecutor.java:1134)
        at java.util.concurrent.ThreadPoolExecutor$Worker.run(ThreadPoolExecutor.java:624)
        at java.lang.Thread.run(Thread.java:750)
"ChunkWriter-3-0" daemon prio=5 tid=397 in Object.wait()
java.lang.Thread.State: WAITING (on object monitor)
        at sun.misc.Unsafe.park(Native Method)
        at java.util.concurrent.locks.LockSupport.park(LockSupport.java:175)
        at java.util.concurrent.locks.AbstractQueuedSynchronizer$ConditionObject.await(AbstractQueuedSynchronizer.java:2044)
        at java.util.concurrent.LinkedBlockingDeque.takeFirst(LinkedBlockingDeque.java:492)
        at java.util.concurrent.LinkedBlockingDeque.take(LinkedBlockingDeque.java:680)
        at java.util.concurrent.ThreadPoolExecutor.getTask(ThreadPoolExecutor.java:1074)
        at java.util.concurrent.ThreadPoolExecutor.runWorker(ThreadPoolExecutor.java:1134)
        at java.util.concurrent.ThreadPoolExecutor$Worker.run(ThreadPoolExecutor.java:624)
        at java.lang.Thread.run(Thread.java:750)
"IPC Server handler 4 on default port 43991" daemon prio=5 tid=148 timed_waiting
java.lang.Thread.State: TIMED_WAITING
        at sun.misc.Unsafe.park(Native Method)
        at java.util.concurrent.locks.LockSupport.parkNanos(LockSupport.java:215)
        at java.util.concurrent.locks.AbstractQueuedSynchronizer$ConditionObject.awaitNanos(AbstractQueuedSynchronizer.java:2083)
        at java.util.concurrent.LinkedBlockingQueue.poll(LinkedBlockingQueue.java:467)
        at org.apache.hadoop.ipc.CallQueueManager.take(CallQueueManager.java:317)
        at org.apache.hadoop.ipc.Server$Handler.run(Server.java:2932)
"org.apache.ratis.util.JvmPauseMonitor$$Lambda$679/166677305@61204ad3" daemon prio=5 tid=343 timed_waiting
java.lang.Thread.State: TIMED_WAITING
        at java.lang.Thread.sleep(Native Method)
        at java.lang.Thread.sleep(Thread.java:342)
        at java.util.concurrent.TimeUnit.sleep(TimeUnit.java:386)
        at org.apache.ratis.util.TimeDuration.sleep(TimeDuration.java:325)
        at org.apache.ratis.util.TimeDuration.sleep(TimeDuration.java:310)
        at org.apache.ratis.util.JvmPauseMonitor.detectPause(JvmPauseMonitor.java:117)
        at org.apache.ratis.util.JvmPauseMonitor.run(JvmPauseMonitor.java:106)
        at org.apache.ratis.util.JvmPauseMonitor$$Lambda$679/166677305.run(Unknown Source)
        at java.lang.Thread.run(Thread.java:750)
"IPC Server handler 11 on default port 45685" daemon prio=5 tid=88 timed_waiting
java.lang.Thread.State: TIMED_WAITING
        at sun.misc.Unsafe.park(Native Method)
        at java.util.concurrent.locks.LockSupport.parkNanos(LockSupport.java:215)
        at java.util.concurrent.locks.AbstractQueuedSynchronizer$ConditionObject.awaitNanos(AbstractQueuedSynchronizer.java:2083)
        at java.util.concurrent.LinkedBlockingQueue.poll(LinkedBlockingQueue.java:467)
        at org.apache.hadoop.ipc.CallQueueManager.take(CallQueueManager.java:317)
        at org.apache.hadoop.ipc.Server$Handler.run(Server.java:2932)
"949a54d7-9098-427f-a66d-64783e047bdb@group-F4D504EA1E06-SegmentedRaftLogWorker"  prio=5 tid=421 timed_waiting
java.lang.Thread.State: TIMED_WAITING
        at sun.misc.Unsafe.park(Native Method)
        at java.util.concurrent.locks.LockSupport.parkNanos(LockSupport.java:215)
        at java.util.concurrent.locks.AbstractQueuedSynchronizer$ConditionObject.awaitNanos(AbstractQueuedSynchronizer.java:2083)
        at org.apache.ratis.util.DataBlockingQueue.poll(DataBlockingQueue.java:148)
        at org.apache.ratis.server.raftlog.segmented.SegmentedRaftLogWorker.run(SegmentedRaftLogWorker.java:301)
        at org.apache.ratis.server.raftlog.segmented.SegmentedRaftLogWorker$$Lambda$607/2145809167.run(Unknown Source)
        at java.lang.Thread.run(Thread.java:750)
"qtp1924969509-202" daemon prio=5 tid=202 runnable
java.lang.Thread.State: RUNNABLE
        at sun.nio.ch.EPollArrayWrapper.epollWait(Native Method)
        at sun.nio.ch.EPollArrayWrapper.poll(EPollArrayWrapper.java:269)
        at sun.nio.ch.EPollSelectorImpl.doSelect(EPollSelectorImpl.java:93)
        at sun.nio.ch.SelectorImpl.lockAndDoSelect(SelectorImpl.java:86)
        at sun.nio.ch.SelectorImpl.select(SelectorImpl.java:97)
        at sun.nio.ch.SelectorImpl.select(SelectorImpl.java:101)
        at org.eclipse.jetty.io.ManagedSelector.nioSelect(ManagedSelector.java:183)
        at org.eclipse.jetty.io.ManagedSelector.select(ManagedSelector.java:190)
        at org.eclipse.jetty.io.ManagedSelector$SelectorProducer.select(ManagedSelector.java:606)
        at org.eclipse.jetty.io.ManagedSelector$SelectorProducer.produce(ManagedSelector.java:543)
        at org.eclipse.jetty.util.thread.strategy.EatWhatYouKill.produceTask(EatWhatYouKill.java:362)
        at org.eclipse.jetty.util.thread.strategy.EatWhatYouKill.doProduce(EatWhatYouKill.java:186)
        at org.eclipse.jetty.util.thread.strategy.EatWhatYouKill.tryProduce(EatWhatYouKill.java:173)
        at org.eclipse.jetty.util.thread.strategy.EatWhatYouKill.produce(EatWhatYouKill.java:137)
        at org.eclipse.jetty.io.ManagedSelector$$Lambda$440/537813033.run(Unknown Source)
        at org.eclipse.jetty.util.thread.QueuedThreadPool.runJob(QueuedThreadPool.java:883)
        at org.eclipse.jetty.util.thread.QueuedThreadPool$Runner.run(QueuedThreadPool.java:1034)
        at java.lang.Thread.run(Thread.java:750)
"org.apache.hadoop.ozone.container.common.statemachine.commandhandler.DeleteBlocksCommandHandler$DeleteCmdWorker@472e1f2f" daemon prio=5 tid=172 timed_waiting
java.lang.Thread.State: TIMED_WAITING
        at java.lang.Thread.sleep(Native Method)
        at org.apache.hadoop.ozone.container.common.statemachine.commandhandler.DeleteBlocksCommandHandler$DeleteCmdWorker.run(DeleteBlocksCommandHandler.java:185)
        at java.lang.Thread.run(Thread.java:750)
"bba87d8c-0158-4ef8-bc32-b35d6e659061@group-BEF99EDA7C2C-StateMachineUpdater" daemon prio=5 tid=460 timed_waiting
java.lang.Thread.State: TIMED_WAITING
        at sun.misc.Unsafe.park(Native Method)
        at java.util.concurrent.locks.LockSupport.parkNanos(LockSupport.java:215)
        at java.util.concurrent.CompletableFuture$Signaller.block(CompletableFuture.java:1709)
        at java.util.concurrent.ForkJoinPool.managedBlock(ForkJoinPool.java:3323)
        at java.util.concurrent.CompletableFuture.timedGet(CompletableFuture.java:1788)
        at java.util.concurrent.CompletableFuture.get(CompletableFuture.java:1928)
        at org.apache.ratis.util.AwaitForSignal.await(AwaitForSignal.java:56)
        at org.apache.ratis.server.impl.StateMachineUpdater.waitForCommit(StateMachineUpdater.java:207)
        at org.apache.ratis.server.impl.StateMachineUpdater.run(StateMachineUpdater.java:176)
        at java.lang.Thread.run(Thread.java:750)
"IPC Server handler 1 on default port 37901" daemon prio=5 tid=38 timed_waiting
java.lang.Thread.State: TIMED_WAITING
        at sun.misc.Unsafe.park(Native Method)
        at java.util.concurrent.locks.LockSupport.parkNanos(LockSupport.java:215)
        at java.util.concurrent.locks.AbstractQueuedSynchronizer$ConditionObject.awaitNanos(AbstractQueuedSynchronizer.java:2083)
        at java.util.concurrent.LinkedBlockingQueue.poll(LinkedBlockingQueue.java:467)
        at org.apache.hadoop.ipc.CallQueueManager.take(CallQueueManager.java:317)
        at org.apache.hadoop.ipc.Server$Handler.run(Server.java:2932)
"BlockDeletingService#2" daemon prio=5 tid=621 in Object.wait()
java.lang.Thread.State: WAITING (on object monitor)
        at sun.misc.Unsafe.park(Native Method)
        at java.util.concurrent.locks.LockSupport.park(LockSupport.java:175)
        at java.util.concurrent.locks.AbstractQueuedSynchronizer$ConditionObject.await(AbstractQueuedSynchronizer.java:2044)
        at java.util.concurrent.ScheduledThreadPoolExecutor$DelayedWorkQueue.take(ScheduledThreadPoolExecutor.java:1088)
        at java.util.concurrent.ScheduledThreadPoolExecutor$DelayedWorkQueue.take(ScheduledThreadPoolExecutor.java:809)
        at java.util.concurrent.ThreadPoolExecutor.getTask(ThreadPoolExecutor.java:1074)
        at java.util.concurrent.ThreadPoolExecutor.runWorker(ThreadPoolExecutor.java:1134)
        at java.util.concurrent.ThreadPoolExecutor$Worker.run(ThreadPoolExecutor.java:624)
        at java.lang.Thread.run(Thread.java:750)
"org.apache.hadoop.util.JvmPauseMonitor$Monitor@2f29c694" daemon prio=5 tid=244 timed_waiting
java.lang.Thread.State: TIMED_WAITING
        at java.lang.Thread.sleep(Native Method)
        at org.apache.hadoop.util.JvmPauseMonitor$Monitor.run(JvmPauseMonitor.java:192)
        at java.lang.Thread.run(Thread.java:750)
"e152a9cb-50bd-4473-abda-9918c470cf1e@group-8AF4B479ECA4-StateMachineUpdater" daemon prio=5 tid=433 timed_waiting
java.lang.Thread.State: TIMED_WAITING
        at sun.misc.Unsafe.park(Native Method)
        at java.util.concurrent.locks.LockSupport.parkNanos(LockSupport.java:215)
        at java.util.concurrent.CompletableFuture$Signaller.block(CompletableFuture.java:1709)
        at java.util.concurrent.ForkJoinPool.managedBlock(ForkJoinPool.java:3323)
        at java.util.concurrent.CompletableFuture.timedGet(CompletableFuture.java:1788)
        at java.util.concurrent.CompletableFuture.get(CompletableFuture.java:1928)
        at org.apache.ratis.util.AwaitForSignal.await(AwaitForSignal.java:56)
        at org.apache.ratis.server.impl.StateMachineUpdater.waitForCommit(StateMachineUpdater.java:207)
        at org.apache.ratis.server.impl.StateMachineUpdater.run(StateMachineUpdater.java:176)
        at java.lang.Thread.run(Thread.java:750)
"Periodic HDDS volume checker" daemon prio=5 tid=166 timed_waiting
java.lang.Thread.State: TIMED_WAITING
        at sun.misc.Unsafe.park(Native Method)
        at java.util.concurrent.locks.LockSupport.parkNanos(LockSupport.java:215)
        at java.util.concurrent.locks.AbstractQueuedSynchronizer$ConditionObject.awaitNanos(AbstractQueuedSynchronizer.java:2083)
        at java.util.concurrent.ScheduledThreadPoolExecutor$DelayedWorkQueue.take(ScheduledThreadPoolExecutor.java:1093)
        at java.util.concurrent.ScheduledThreadPoolExecutor$DelayedWorkQueue.take(ScheduledThreadPoolExecutor.java:809)
        at java.util.concurrent.ThreadPoolExecutor.getTask(ThreadPoolExecutor.java:1074)
        at java.util.concurrent.ThreadPoolExecutor.runWorker(ThreadPoolExecutor.java:1134)
        at java.util.concurrent.ThreadPoolExecutor$Worker.run(ThreadPoolExecutor.java:624)
        at java.lang.Thread.run(Thread.java:750)
"IPC Server handler 18 on default port 34177" daemon prio=5 tid=75 timed_waiting
java.lang.Thread.State: TIMED_WAITING
        at sun.misc.Unsafe.park(Native Method)
        at java.util.concurrent.locks.LockSupport.parkNanos(LockSupport.java:215)
        at java.util.concurrent.locks.AbstractQueuedSynchronizer$ConditionObject.awaitNanos(AbstractQueuedSynchronizer.java:2083)
        at java.util.concurrent.LinkedBlockingQueue.poll(LinkedBlockingQueue.java:467)
        at org.apache.hadoop.ipc.CallQueueManager.take(CallQueueManager.java:317)
        at org.apache.hadoop.ipc.Server$Handler.run(Server.java:2932)
"pool-64-thread-1" daemon prio=5 tid=168 timed_waiting
java.lang.Thread.State: TIMED_WAITING
        at sun.misc.Unsafe.park(Native Method)
        at java.util.concurrent.locks.LockSupport.parkNanos(LockSupport.java:215)
        at java.util.concurrent.locks.AbstractQueuedSynchronizer$ConditionObject.awaitNanos(AbstractQueuedSynchronizer.java:2083)
        at java.util.concurrent.ScheduledThreadPoolExecutor$DelayedWorkQueue.take(ScheduledThreadPoolExecutor.java:1093)
        at java.util.concurrent.ScheduledThreadPoolExecutor$DelayedWorkQueue.take(ScheduledThreadPoolExecutor.java:809)
        at java.util.concurrent.ThreadPoolExecutor.getTask(ThreadPoolExecutor.java:1074)
        at java.util.concurrent.ThreadPoolExecutor.runWorker(ThreadPoolExecutor.java:1134)
        at java.util.concurrent.ThreadPoolExecutor$Worker.run(ThreadPoolExecutor.java:624)
        at java.lang.Thread.run(Thread.java:750)
"qtp1924969509-204" daemon prio=5 tid=204 timed_waiting
java.lang.Thread.State: TIMED_WAITING
        at sun.misc.Unsafe.park(Native Method)
        at java.util.concurrent.locks.LockSupport.parkNanos(LockSupport.java:215)
        at java.util.concurrent.locks.AbstractQueuedSynchronizer$ConditionObject.awaitNanos(AbstractQueuedSynchronizer.java:2083)
        at org.eclipse.jetty.util.BlockingArrayQueue.poll(BlockingArrayQueue.java:382)
        at org.eclipse.jetty.util.thread.QueuedThreadPool$Runner.idleJobPoll(QueuedThreadPool.java:974)
        at org.eclipse.jetty.util.thread.QueuedThreadPool$Runner.run(QueuedThreadPool.java:1018)
        at java.lang.Thread.run(Thread.java:750)
"org.apache.ratis.util.JvmPauseMonitor$$Lambda$679/166677305@4ed38e6e" daemon prio=5 tid=379 timed_waiting
java.lang.Thread.State: TIMED_WAITING
        at java.lang.Thread.sleep(Native Method)
        at java.lang.Thread.sleep(Thread.java:342)
        at java.util.concurrent.TimeUnit.sleep(TimeUnit.java:386)
        at org.apache.ratis.util.TimeDuration.sleep(TimeDuration.java:325)
        at org.apache.ratis.util.TimeDuration.sleep(TimeDuration.java:310)
        at org.apache.ratis.util.JvmPauseMonitor.detectPause(JvmPauseMonitor.java:117)
        at org.apache.ratis.util.JvmPauseMonitor.run(JvmPauseMonitor.java:106)
        at org.apache.ratis.util.JvmPauseMonitor$$Lambda$679/166677305.run(Unknown Source)
        at java.lang.Thread.run(Thread.java:750)
"StaleRecoveringContainerScrubbingService#2" daemon prio=5 tid=606 in Object.wait()
java.lang.Thread.State: WAITING (on object monitor)
        at sun.misc.Unsafe.park(Native Method)
        at java.util.concurrent.locks.LockSupport.park(LockSupport.java:175)
        at java.util.concurrent.locks.AbstractQueuedSynchronizer$ConditionObject.await(AbstractQueuedSynchronizer.java:2044)
        at java.util.concurrent.ScheduledThreadPoolExecutor$DelayedWorkQueue.take(ScheduledThreadPoolExecutor.java:1088)
        at java.util.concurrent.ScheduledThreadPoolExecutor$DelayedWorkQueue.take(ScheduledThreadPoolExecutor.java:809)
        at java.util.concurrent.ThreadPoolExecutor.getTask(ThreadPoolExecutor.java:1074)
        at java.util.concurrent.ThreadPoolExecutor.runWorker(ThreadPoolExecutor.java:1134)
        at java.util.concurrent.ThreadPoolExecutor$Worker.run(ThreadPoolExecutor.java:624)
        at java.lang.Thread.run(Thread.java:750)
"pool-104-thread-1"  prio=5 tid=201 timed_waiting
java.lang.Thread.State: TIMED_WAITING
        at sun.misc.Unsafe.park(Native Method)
        at java.util.concurrent.locks.LockSupport.parkNanos(LockSupport.java:215)
        at java.util.concurrent.locks.AbstractQueuedSynchronizer$ConditionObject.awaitNanos(AbstractQueuedSynchronizer.java:2083)
        at java.util.concurrent.ScheduledThreadPoolExecutor$DelayedWorkQueue.take(ScheduledThreadPoolExecutor.java:1093)
        at java.util.concurrent.ScheduledThreadPoolExecutor$DelayedWorkQueue.take(ScheduledThreadPoolExecutor.java:809)
        at java.util.concurrent.ThreadPoolExecutor.getTask(ThreadPoolExecutor.java:1074)
        at java.util.concurrent.ThreadPoolExecutor.runWorker(ThreadPoolExecutor.java:1134)
        at java.util.concurrent.ThreadPoolExecutor$Worker.run(ThreadPoolExecutor.java:624)
        at java.lang.Thread.run(Thread.java:750)
"pool-150-thread-1"  prio=5 tid=253 timed_waiting
java.lang.Thread.State: TIMED_WAITING
        at sun.misc.Unsafe.park(Native Method)
        at java.util.concurrent.locks.LockSupport.parkNanos(LockSupport.java:215)
        at java.util.concurrent.locks.AbstractQueuedSynchronizer$ConditionObject.awaitNanos(AbstractQueuedSynchronizer.java:2083)
        at java.util.concurrent.ScheduledThreadPoolExecutor$DelayedWorkQueue.take(ScheduledThreadPoolExecutor.java:1093)
        at java.util.concurrent.ScheduledThreadPoolExecutor$DelayedWorkQueue.take(ScheduledThreadPoolExecutor.java:809)
        at java.util.concurrent.ThreadPoolExecutor.getTask(ThreadPoolExecutor.java:1074)
        at java.util.concurrent.ThreadPoolExecutor.runWorker(ThreadPoolExecutor.java:1134)
        at java.util.concurrent.ThreadPoolExecutor$Worker.run(ThreadPoolExecutor.java:624)
        at java.lang.Thread.run(Thread.java:750)
"IPC Server handler 3 on default port 34177" daemon prio=5 tid=60 timed_waiting
java.lang.Thread.State: TIMED_WAITING
        at sun.misc.Unsafe.park(Native Method)
        at java.util.concurrent.locks.LockSupport.parkNanos(LockSupport.java:215)
        at java.util.concurrent.locks.AbstractQueuedSynchronizer$ConditionObject.awaitNanos(AbstractQueuedSynchronizer.java:2083)
        at java.util.concurrent.LinkedBlockingQueue.poll(LinkedBlockingQueue.java:467)
        at org.apache.hadoop.ipc.CallQueueManager.take(CallQueueManager.java:317)
        at org.apache.hadoop.ipc.Server$Handler.run(Server.java:2932)
"Datanode ReportManager Thread - 2" daemon prio=5 tid=320 timed_waiting
java.lang.Thread.State: TIMED_WAITING
        at sun.misc.Unsafe.park(Native Method)
        at java.util.concurrent.locks.LockSupport.parkNanos(LockSupport.java:215)
        at java.util.concurrent.locks.AbstractQueuedSynchronizer$ConditionObject.awaitNanos(AbstractQueuedSynchronizer.java:2083)
        at java.util.concurrent.ScheduledThreadPoolExecutor$DelayedWorkQueue.take(ScheduledThreadPoolExecutor.java:1093)
        at java.util.concurrent.ScheduledThreadPoolExecutor$DelayedWorkQueue.take(ScheduledThreadPoolExecutor.java:809)
        at java.util.concurrent.ThreadPoolExecutor.getTask(ThreadPoolExecutor.java:1074)
        at java.util.concurrent.ThreadPoolExecutor.runWorker(ThreadPoolExecutor.java:1134)
        at java.util.concurrent.ThreadPoolExecutor$Worker.run(ThreadPoolExecutor.java:624)
        at java.lang.Thread.run(Thread.java:750)
"949a54d7-9098-427f-a66d-64783e047bdb@group-8AF4B479ECA4-FollowerState" daemon prio=5 tid=639 timed_waiting
java.lang.Thread.State: TIMED_WAITING
        at java.lang.Thread.sleep(Native Method)
        at java.lang.Thread.sleep(Thread.java:342)
        at java.util.concurrent.TimeUnit.sleep(TimeUnit.java:386)
        at org.apache.ratis.util.TimeDuration.sleep(TimeDuration.java:325)
        at org.apache.ratis.util.TimeDuration.sleep(TimeDuration.java:310)
        at org.apache.ratis.server.impl.FollowerState.run(FollowerState.java:128)
"ChunkReader-ELG-0" daemon prio=5 tid=332 runnable
java.lang.Thread.State: RUNNABLE
        at org.apache.ratis.thirdparty.io.netty.channel.epoll.Native.epollWait(Native Method)
        at org.apache.ratis.thirdparty.io.netty.channel.epoll.Native.epollWait(Native.java:193)
        at org.apache.ratis.thirdparty.io.netty.channel.epoll.Native.epollWait(Native.java:186)
        at org.apache.ratis.thirdparty.io.netty.channel.epoll.EpollEventLoop.epollWaitNoTimerChange(EpollEventLoop.java:290)
        at org.apache.ratis.thirdparty.io.netty.channel.epoll.EpollEventLoop.run(EpollEventLoop.java:347)
        at org.apache.ratis.thirdparty.io.netty.util.concurrent.SingleThreadEventExecutor$4.run(SingleThreadEventExecutor.java:986)
        at org.apache.ratis.thirdparty.io.netty.util.internal.ThreadExecutorMap$2.run(ThreadExecutorMap.java:74)
        at java.lang.Thread.run(Thread.java:750)
"IPC Server idle connection scanner for port 37901" daemon prio=5 tid=33 timed_waiting
java.lang.Thread.State: TIMED_WAITING
        at java.lang.Object.wait(Native Method)
        at java.util.TimerThread.mainLoop(Timer.java:552)
        at java.util.TimerThread.run(Timer.java:505)
"BlockDeletingService#0" daemon prio=5 tid=333 in Object.wait()
java.lang.Thread.State: WAITING (on object monitor)
        at sun.misc.Unsafe.park(Native Method)
        at java.util.concurrent.locks.LockSupport.park(LockSupport.java:175)
        at java.util.concurrent.locks.AbstractQueuedSynchronizer$ConditionObject.await(AbstractQueuedSynchronizer.java:2044)
        at java.util.concurrent.ScheduledThreadPoolExecutor$DelayedWorkQueue.take(ScheduledThreadPoolExecutor.java:1088)
        at java.util.concurrent.ScheduledThreadPoolExecutor$DelayedWorkQueue.take(ScheduledThreadPoolExecutor.java:809)
        at java.util.concurrent.ThreadPoolExecutor.getTask(ThreadPoolExecutor.java:1074)
        at java.util.concurrent.ThreadPoolExecutor.runWorker(ThreadPoolExecutor.java:1134)
        at java.util.concurrent.ThreadPoolExecutor$Worker.run(ThreadPoolExecutor.java:624)
        at java.lang.Thread.run(Thread.java:750)
"Command processor thread" daemon prio=5 tid=269 timed_waiting
java.lang.Thread.State: TIMED_WAITING
        at java.lang.Thread.sleep(Native Method)
        at org.apache.hadoop.ozone.container.common.statemachine.DatanodeStateMachine.lambda$initCommandHandlerThread$3(DatanodeStateMachine.java:628)
        at org.apache.hadoop.ozone.container.common.statemachine.DatanodeStateMachine$$Lambda$724/1894357139.run(Unknown Source)
        at java.lang.Thread.run(Thread.java:750)
"org.apache.hadoop.util.JvmPauseMonitor$Monitor@74a784c3" daemon prio=5 tid=190 timed_waiting
java.lang.Thread.State: TIMED_WAITING
        at java.lang.Thread.sleep(Native Method)
        at org.apache.hadoop.util.JvmPauseMonitor$Monitor.run(JvmPauseMonitor.java:192)
        at java.lang.Thread.run(Thread.java:750)
"IPC Server handler 18 on default port 37901" daemon prio=5 tid=55 timed_waiting
java.lang.Thread.State: TIMED_WAITING
        at sun.misc.Unsafe.park(Native Method)
        at java.util.concurrent.locks.LockSupport.parkNanos(LockSupport.java:215)
        at java.util.concurrent.locks.AbstractQueuedSynchronizer$ConditionObject.awaitNanos(AbstractQueuedSynchronizer.java:2083)
        at java.util.concurrent.LinkedBlockingQueue.poll(LinkedBlockingQueue.java:467)
        at org.apache.hadoop.ipc.CallQueueManager.take(CallQueueManager.java:317)
        at org.apache.hadoop.ipc.Server$Handler.run(Server.java:2932)
"Datanode ReportManager Thread - 1" daemon prio=5 tid=291 timed_waiting
java.lang.Thread.State: TIMED_WAITING
        at sun.misc.Unsafe.park(Native Method)
        at java.util.concurrent.locks.LockSupport.parkNanos(LockSupport.java:215)
        at java.util.concurrent.locks.AbstractQueuedSynchronizer$ConditionObject.awaitNanos(AbstractQueuedSynchronizer.java:2083)
        at java.util.concurrent.ScheduledThreadPoolExecutor$DelayedWorkQueue.take(ScheduledThreadPoolExecutor.java:1093)
        at java.util.concurrent.ScheduledThreadPoolExecutor$DelayedWorkQueue.take(ScheduledThreadPoolExecutor.java:809)
        at java.util.concurrent.ThreadPoolExecutor.getTask(ThreadPoolExecutor.java:1074)
        at java.util.concurrent.ThreadPoolExecutor.runWorker(ThreadPoolExecutor.java:1134)
        at java.util.concurrent.ThreadPoolExecutor$Worker.run(ThreadPoolExecutor.java:624)
        at java.lang.Thread.run(Thread.java:750)
"ChunkWriter-0-0" daemon prio=5 tid=363 in Object.wait()
java.lang.Thread.State: WAITING (on object monitor)
        at sun.misc.Unsafe.park(Native Method)
        at java.util.concurrent.locks.LockSupport.park(LockSupport.java:175)
        at java.util.concurrent.locks.AbstractQueuedSynchronizer$ConditionObject.await(AbstractQueuedSynchronizer.java:2044)
        at java.util.concurrent.LinkedBlockingDeque.takeFirst(LinkedBlockingDeque.java:492)
        at java.util.concurrent.LinkedBlockingDeque.take(LinkedBlockingDeque.java:680)
        at java.util.concurrent.ThreadPoolExecutor.getTask(ThreadPoolExecutor.java:1074)
        at java.util.concurrent.ThreadPoolExecutor.runWorker(ThreadPoolExecutor.java:1134)
        at java.util.concurrent.ThreadPoolExecutor$Worker.run(ThreadPoolExecutor.java:624)
        at java.lang.Thread.run(Thread.java:750)
"IPC Server handler 17 on default port 34177" daemon prio=5 tid=74 timed_waiting
java.lang.Thread.State: TIMED_WAITING
        at sun.misc.Unsafe.park(Native Method)
        at java.util.concurrent.locks.LockSupport.parkNanos(LockSupport.java:215)
        at java.util.concurrent.locks.AbstractQueuedSynchronizer$ConditionObject.awaitNanos(AbstractQueuedSynchronizer.java:2083)
        at java.util.concurrent.LinkedBlockingQueue.poll(LinkedBlockingQueue.java:467)
        at org.apache.hadoop.ipc.CallQueueManager.take(CallQueueManager.java:317)
        at org.apache.hadoop.ipc.Server$Handler.run(Server.java:2932)
"Datanode ReportManager Thread - 3" daemon prio=5 tid=293 in Object.wait()
java.lang.Thread.State: WAITING (on object monitor)
        at sun.misc.Unsafe.park(Native Method)
        at java.util.concurrent.locks.LockSupport.park(LockSupport.java:175)
        at java.util.concurrent.locks.AbstractQueuedSynchronizer$ConditionObject.await(AbstractQueuedSynchronizer.java:2044)
        at java.util.concurrent.ScheduledThreadPoolExecutor$DelayedWorkQueue.take(ScheduledThreadPoolExecutor.java:1088)
        at java.util.concurrent.ScheduledThreadPoolExecutor$DelayedWorkQueue.take(ScheduledThreadPoolExecutor.java:809)
        at java.util.concurrent.ThreadPoolExecutor.getTask(ThreadPoolExecutor.java:1074)
        at java.util.concurrent.ThreadPoolExecutor.runWorker(ThreadPoolExecutor.java:1134)
        at java.util.concurrent.ThreadPoolExecutor$Worker.run(ThreadPoolExecutor.java:624)
        at java.lang.Thread.run(Thread.java:750)
"IPC Server handler 10 on default port 37901" daemon prio=5 tid=47 timed_waiting
java.lang.Thread.State: TIMED_WAITING
        at sun.misc.Unsafe.park(Native Method)
        at java.util.concurrent.locks.LockSupport.parkNanos(LockSupport.java:215)
        at java.util.concurrent.locks.AbstractQueuedSynchronizer$ConditionObject.awaitNanos(AbstractQueuedSynchronizer.java:2083)
        at java.util.concurrent.LinkedBlockingQueue.poll(LinkedBlockingQueue.java:467)
        at org.apache.hadoop.ipc.CallQueueManager.take(CallQueueManager.java:317)
        at org.apache.hadoop.ipc.Server$Handler.run(Server.java:2932)
"d38685a6-2183-48c3-b209-d48d12164108@group-690075E123F6-LeaderStateImpl" daemon prio=5 tid=475 timed_waiting
java.lang.Thread.State: TIMED_WAITING
        at sun.misc.Unsafe.park(Native Method)
        at java.util.concurrent.locks.LockSupport.parkNanos(LockSupport.java:215)
        at java.util.concurrent.locks.AbstractQueuedSynchronizer$ConditionObject.awaitNanos(AbstractQueuedSynchronizer.java:2083)
        at java.util.concurrent.ArrayBlockingQueue.poll(ArrayBlockingQueue.java:418)
        at org.apache.ratis.server.impl.LeaderStateImpl$EventQueue.poll(LeaderStateImpl.java:159)
        at org.apache.ratis.server.impl.LeaderStateImpl$EventProcessor.run(LeaderStateImpl.java:630)
"Datanode State Machine Daemon Thread" daemon prio=5 tid=316 timed_waiting
java.lang.Thread.State: TIMED_WAITING
        at java.lang.Thread.sleep(Native Method)
        at org.apache.hadoop.ozone.container.common.statemachine.DatanodeStateMachine.startStateMachineThread(DatanodeStateMachine.java:313)
        at org.apache.hadoop.ozone.container.common.statemachine.DatanodeStateMachine.lambda$startDaemon$0(DatanodeStateMachine.java:493)
        at org.apache.hadoop.ozone.container.common.statemachine.DatanodeStateMachine$$Lambda$722/1095596852.run(Unknown Source)
        at java.lang.Thread.run(Thread.java:750)
"Datanode ReportManager Thread - 2" daemon prio=5 tid=240 timed_waiting
java.lang.Thread.State: TIMED_WAITING
        at sun.misc.Unsafe.park(Native Method)
        at java.util.concurrent.locks.LockSupport.parkNanos(LockSupport.java:215)
        at java.util.concurrent.locks.AbstractQueuedSynchronizer$ConditionObject.awaitNanos(AbstractQueuedSynchronizer.java:2083)
        at java.util.concurrent.ScheduledThreadPoolExecutor$DelayedWorkQueue.take(ScheduledThreadPoolExecutor.java:1093)
        at java.util.concurrent.ScheduledThreadPoolExecutor$DelayedWorkQueue.take(ScheduledThreadPoolExecutor.java:809)
        at java.util.concurrent.ThreadPoolExecutor.getTask(ThreadPoolExecutor.java:1074)
        at java.util.concurrent.ThreadPoolExecutor.runWorker(ThreadPoolExecutor.java:1134)
        at java.util.concurrent.ThreadPoolExecutor$Worker.run(ThreadPoolExecutor.java:624)
        at java.lang.Thread.run(Thread.java:750)
"Session-HouseKeeper-7be4f55-1"  prio=5 tid=314 timed_waiting
java.lang.Thread.State: TIMED_WAITING
        at sun.misc.Unsafe.park(Native Method)
        at java.util.concurrent.locks.LockSupport.parkNanos(LockSupport.java:215)
        at java.util.concurrent.locks.AbstractQueuedSynchronizer$ConditionObject.awaitNanos(AbstractQueuedSynchronizer.java:2083)
        at java.util.concurrent.ScheduledThreadPoolExecutor$DelayedWorkQueue.take(ScheduledThreadPoolExecutor.java:1093)
        at java.util.concurrent.ScheduledThreadPoolExecutor$DelayedWorkQueue.take(ScheduledThreadPoolExecutor.java:809)
        at java.util.concurrent.ThreadPoolExecutor.getTask(ThreadPoolExecutor.java:1074)
        at java.util.concurrent.ThreadPoolExecutor.runWorker(ThreadPoolExecutor.java:1134)
        at java.util.concurrent.ThreadPoolExecutor$Worker.run(ThreadPoolExecutor.java:624)
        at java.lang.Thread.run(Thread.java:750)
"IPC Server handler 4 on default port 45685" daemon prio=5 tid=81 timed_waiting
java.lang.Thread.State: TIMED_WAITING
        at sun.misc.Unsafe.park(Native Method)
        at java.util.concurrent.locks.LockSupport.parkNanos(LockSupport.java:215)
        at java.util.concurrent.locks.AbstractQueuedSynchronizer$ConditionObject.awaitNanos(AbstractQueuedSynchronizer.java:2083)
        at java.util.concurrent.LinkedBlockingQueue.poll(LinkedBlockingQueue.java:467)
        at org.apache.hadoop.ipc.CallQueueManager.take(CallQueueManager.java:317)
        at org.apache.hadoop.ipc.Server$Handler.run(Server.java:2932)
"pool-118-thread-1"  prio=5 tid=428 in Object.wait()
java.lang.Thread.State: WAITING (on object monitor)
        at sun.misc.Unsafe.park(Native Method)
        at java.util.concurrent.locks.LockSupport.park(LockSupport.java:175)
        at java.util.concurrent.locks.AbstractQueuedSynchronizer$ConditionObject.await(AbstractQueuedSynchronizer.java:2044)
        at java.util.concurrent.LinkedBlockingQueue.take(LinkedBlockingQueue.java:442)
        at java.util.concurrent.ThreadPoolExecutor.getTask(ThreadPoolExecutor.java:1074)
        at java.util.concurrent.ThreadPoolExecutor.runWorker(ThreadPoolExecutor.java:1134)
        at java.util.concurrent.ThreadPoolExecutor$Worker.run(ThreadPoolExecutor.java:624)
        at java.lang.Thread.run(Thread.java:750)
"DatanodeAdminManager-0" daemon prio=5 tid=21 timed_waiting
java.lang.Thread.State: TIMED_WAITING
        at sun.misc.Unsafe.park(Native Method)
        at java.util.concurrent.locks.LockSupport.parkNanos(LockSupport.java:215)
        at java.util.concurrent.locks.AbstractQueuedSynchronizer$ConditionObject.awaitNanos(AbstractQueuedSynchronizer.java:2083)
        at java.util.concurrent.ScheduledThreadPoolExecutor$DelayedWorkQueue.take(ScheduledThreadPoolExecutor.java:1093)
        at java.util.concurrent.ScheduledThreadPoolExecutor$DelayedWorkQueue.take(ScheduledThreadPoolExecutor.java:809)
        at java.util.concurrent.ThreadPoolExecutor.getTask(ThreadPoolExecutor.java:1074)
        at java.util.concurrent.ThreadPoolExecutor.runWorker(ThreadPoolExecutor.java:1134)
        at java.util.concurrent.ThreadPoolExecutor$Worker.run(ThreadPoolExecutor.java:624)
        at java.lang.Thread.run(Thread.java:750)
"grpc-default-boss-ELG-1-1" daemon prio=5 tid=128 runnable
java.lang.Thread.State: RUNNABLE
        at org.apache.ratis.thirdparty.io.netty.channel.epoll.Native.epollWait(Native Method)
        at org.apache.ratis.thirdparty.io.netty.channel.epoll.Native.epollWait(Native.java:193)
        at org.apache.ratis.thirdparty.io.netty.channel.epoll.Native.epollWait(Native.java:186)
        at org.apache.ratis.thirdparty.io.netty.channel.epoll.EpollEventLoop.epollWaitNoTimerChange(EpollEventLoop.java:290)
        at org.apache.ratis.thirdparty.io.netty.channel.epoll.EpollEventLoop.run(EpollEventLoop.java:347)
        at org.apache.ratis.thirdparty.io.netty.util.concurrent.SingleThreadEventExecutor$4.run(SingleThreadEventExecutor.java:986)
        at org.apache.ratis.thirdparty.io.netty.util.internal.ThreadExecutorMap$2.run(ThreadExecutorMap.java:74)
        at org.apache.ratis.thirdparty.io.netty.util.concurrent.FastThreadLocalRunnable.run(FastThreadLocalRunnable.java:30)
        at java.lang.Thread.run(Thread.java:750)
"ChunkWriter-1-0" daemon prio=5 tid=340 in Object.wait()
java.lang.Thread.State: WAITING (on object monitor)
        at sun.misc.Unsafe.park(Native Method)
        at java.util.concurrent.locks.LockSupport.park(LockSupport.java:175)
        at java.util.concurrent.locks.AbstractQueuedSynchronizer$ConditionObject.await(AbstractQueuedSynchronizer.java:2044)
        at java.util.concurrent.LinkedBlockingDeque.takeFirst(LinkedBlockingDeque.java:492)
        at java.util.concurrent.LinkedBlockingDeque.take(LinkedBlockingDeque.java:680)
        at java.util.concurrent.ThreadPoolExecutor.getTask(ThreadPoolExecutor.java:1074)
        at java.util.concurrent.ThreadPoolExecutor.runWorker(ThreadPoolExecutor.java:1134)
        at java.util.concurrent.ThreadPoolExecutor$Worker.run(ThreadPoolExecutor.java:624)
        at java.lang.Thread.run(Thread.java:750)
"949a54d7-9098-427f-a66d-64783e047bdb@group-8AF4B479ECA4-SegmentedRaftLogWorker"  prio=5 tid=424 timed_waiting
java.lang.Thread.State: TIMED_WAITING
        at sun.misc.Unsafe.park(Native Method)
        at java.util.concurrent.locks.LockSupport.parkNanos(LockSupport.java:215)
        at java.util.concurrent.locks.AbstractQueuedSynchronizer$ConditionObject.awaitNanos(AbstractQueuedSynchronizer.java:2083)
        at org.apache.ratis.util.DataBlockingQueue.poll(DataBlockingQueue.java:148)
        at org.apache.ratis.server.raftlog.segmented.SegmentedRaftLogWorker.run(SegmentedRaftLogWorker.java:301)
        at org.apache.ratis.server.raftlog.segmented.SegmentedRaftLogWorker$$Lambda$607/2145809167.run(Unknown Source)
        at java.lang.Thread.run(Thread.java:750)
"IPC Server handler 12 on default port 45685" daemon prio=5 tid=89 timed_waiting
java.lang.Thread.State: TIMED_WAITING
        at sun.misc.Unsafe.park(Native Method)
        at java.util.concurrent.locks.LockSupport.parkNanos(LockSupport.java:215)
        at java.util.concurrent.locks.AbstractQueuedSynchronizer$ConditionObject.awaitNanos(AbstractQueuedSynchronizer.java:2083)
        at java.util.concurrent.LinkedBlockingQueue.poll(LinkedBlockingQueue.java:467)
        at org.apache.hadoop.ipc.CallQueueManager.take(CallQueueManager.java:317)
        at org.apache.hadoop.ipc.Server$Handler.run(Server.java:2932)
"IPC Client (303790741) connection to /0.0.0.0:45685 from runner" daemon prio=5 tid=326 timed_waiting
java.lang.Thread.State: TIMED_WAITING
        at java.lang.Object.wait(Native Method)
        at org.apache.hadoop.ipc.Client$Connection.waitForWork(Client.java:1053)
        at org.apache.hadoop.ipc.Client$Connection.run(Client.java:1097)
"BlockDeletingService#0" daemon prio=5 tid=381 in Object.wait()
java.lang.Thread.State: WAITING (on object monitor)
        at sun.misc.Unsafe.park(Native Method)
        at java.util.concurrent.locks.LockSupport.park(LockSupport.java:175)
        at java.util.concurrent.locks.AbstractQueuedSynchronizer$ConditionObject.await(AbstractQueuedSynchronizer.java:2044)
        at java.util.concurrent.ScheduledThreadPoolExecutor$DelayedWorkQueue.take(ScheduledThreadPoolExecutor.java:1088)
        at java.util.concurrent.ScheduledThreadPoolExecutor$DelayedWorkQueue.take(ScheduledThreadPoolExecutor.java:809)
        at java.util.concurrent.ThreadPoolExecutor.getTask(ThreadPoolExecutor.java:1074)
        at java.util.concurrent.ThreadPoolExecutor.runWorker(ThreadPoolExecutor.java:1134)
        at java.util.concurrent.ThreadPoolExecutor$Worker.run(ThreadPoolExecutor.java:624)
        at java.lang.Thread.run(Thread.java:750)
"Session-HouseKeeper-48d1a8b2-1"  prio=5 tid=262 timed_waiting
java.lang.Thread.State: TIMED_WAITING
        at sun.misc.Unsafe.park(Native Method)
        at java.util.concurrent.locks.LockSupport.parkNanos(LockSupport.java:215)
        at java.util.concurrent.locks.AbstractQueuedSynchronizer$ConditionObject.awaitNanos(AbstractQueuedSynchronizer.java:2083)
        at java.util.concurrent.ScheduledThreadPoolExecutor$DelayedWorkQueue.take(ScheduledThreadPoolExecutor.java:1093)
        at java.util.concurrent.ScheduledThreadPoolExecutor$DelayedWorkQueue.take(ScheduledThreadPoolExecutor.java:809)
        at java.util.concurrent.ThreadPoolExecutor.getTask(ThreadPoolExecutor.java:1074)
        at java.util.concurrent.ThreadPoolExecutor.runWorker(ThreadPoolExecutor.java:1134)
        at java.util.concurrent.ThreadPoolExecutor$Worker.run(ThreadPoolExecutor.java:624)
        at java.lang.Thread.run(Thread.java:750)
"IPC Server handler 15 on default port 34177" daemon prio=5 tid=72 timed_waiting
java.lang.Thread.State: TIMED_WAITING
        at sun.misc.Unsafe.park(Native Method)
        at java.util.concurrent.locks.LockSupport.parkNanos(LockSupport.java:215)
        at java.util.concurrent.locks.AbstractQueuedSynchronizer$ConditionObject.awaitNanos(AbstractQueuedSynchronizer.java:2083)
        at java.util.concurrent.LinkedBlockingQueue.poll(LinkedBlockingQueue.java:467)
        at org.apache.hadoop.ipc.CallQueueManager.take(CallQueueManager.java:317)
        at org.apache.hadoop.ipc.Server$Handler.run(Server.java:2932)
"StaleRecoveringContainerScrubbingService#1" daemon prio=5 tid=384 timed_waiting
java.lang.Thread.State: TIMED_WAITING
        at sun.misc.Unsafe.park(Native Method)
        at java.util.concurrent.locks.LockSupport.parkNanos(LockSupport.java:215)
        at java.util.concurrent.locks.AbstractQueuedSynchronizer$ConditionObject.awaitNanos(AbstractQueuedSynchronizer.java:2083)
        at java.util.concurrent.ScheduledThreadPoolExecutor$DelayedWorkQueue.take(ScheduledThreadPoolExecutor.java:1093)
        at java.util.concurrent.ScheduledThreadPoolExecutor$DelayedWorkQueue.take(ScheduledThreadPoolExecutor.java:809)
        at java.util.concurrent.ThreadPoolExecutor.getTask(ThreadPoolExecutor.java:1074)
        at java.util.concurrent.ThreadPoolExecutor.runWorker(ThreadPoolExecutor.java:1134)
        at java.util.concurrent.ThreadPoolExecutor$Worker.run(ThreadPoolExecutor.java:624)
        at java.lang.Thread.run(Thread.java:750)
"Datanode ReportManager Thread - 3" daemon prio=5 tid=267 in Object.wait()
java.lang.Thread.State: WAITING (on object monitor)
        at sun.misc.Unsafe.park(Native Method)
        at java.util.concurrent.locks.LockSupport.park(LockSupport.java:175)
        at java.util.concurrent.locks.AbstractQueuedSynchronizer$ConditionObject.await(AbstractQueuedSynchronizer.java:2044)
        at java.util.concurrent.ScheduledThreadPoolExecutor$DelayedWorkQueue.take(ScheduledThreadPoolExecutor.java:1088)
        at java.util.concurrent.ScheduledThreadPoolExecutor$DelayedWorkQueue.take(ScheduledThreadPoolExecutor.java:809)
        at java.util.concurrent.ThreadPoolExecutor.getTask(ThreadPoolExecutor.java:1074)
        at java.util.concurrent.ThreadPoolExecutor.runWorker(ThreadPoolExecutor.java:1134)
        at java.util.concurrent.ThreadPoolExecutor$Worker.run(ThreadPoolExecutor.java:624)
        at java.lang.Thread.run(Thread.java:750)
"IPC Server handler 14 on default port 37901" daemon prio=5 tid=51 timed_waiting
java.lang.Thread.State: TIMED_WAITING
        at sun.misc.Unsafe.park(Native Method)
        at java.util.concurrent.locks.LockSupport.parkNanos(LockSupport.java:215)
        at java.util.concurrent.locks.AbstractQueuedSynchronizer$ConditionObject.awaitNanos(AbstractQueuedSynchronizer.java:2083)
        at java.util.concurrent.LinkedBlockingQueue.poll(LinkedBlockingQueue.java:467)
        at org.apache.hadoop.ipc.CallQueueManager.take(CallQueueManager.java:317)
        at org.apache.hadoop.ipc.Server$Handler.run(Server.java:2932)
"CommandWatcher-LeaseManager#LeaseMonitor" daemon prio=5 tid=36 timed_waiting
java.lang.Thread.State: TIMED_WAITING
        at java.lang.Object.wait(Native Method)
        at org.apache.hadoop.ozone.lease.LeaseManager$LeaseMonitor.run(LeaseManager.java:238)
        at java.lang.Thread.run(Thread.java:750)


	at org.junit.jupiter.api.AssertionUtils.fail(AssertionUtils.java:39)
	at org.junit.jupiter.api.Assertions.fail(Assertions.java:134)
	at org.apache.hadoop.hdds.scm.pipeline.TestNodeFailure.lambda$testPipelineFail$1(TestNodeFailure.java:107)
	at java.util.ArrayList.forEach(ArrayList.java:1259)
	at org.apache.hadoop.hdds.scm.pipeline.TestNodeFailure.testPipelineFail(TestNodeFailure.java:94)
	at sun.reflect.NativeMethodAccessorImpl.invoke0(Native Method)
	at sun.reflect.NativeMethodAccessorImpl.invoke(NativeMethodAccessorImpl.java:62)
	at sun.reflect.DelegatingMethodAccessorImpl.invoke(DelegatingMethodAccessorImpl.java:43)
	at java.lang.reflect.Method.invoke(Method.java:498)
	at org.junit.platform.commons.util.ReflectionUtils.invokeMethod(ReflectionUtils.java:725)
	at org.junit.jupiter.engine.execution.MethodInvocation.proceed(MethodInvocation.java:60)
	at org.junit.jupiter.engine.execution.InvocationInterceptorChain$ValidatingInvocation.proceed(InvocationInterceptorChain.java:131)
	at org.junit.jupiter.engine.extension.TimeoutExtension.intercept(TimeoutExtension.java:149)
	at org.junit.jupiter.engine.extension.TimeoutExtension.interceptTestableMethod(TimeoutExtension.java:140)
	at org.junit.jupiter.engine.extension.TimeoutExtension.interceptTestMethod(TimeoutExtension.java:84)
	at org.junit.jupiter.engine.execution.ExecutableInvoker$ReflectiveInterceptorCall.lambda$ofVoidMethod$0(ExecutableInvoker.java:115)
	at org.junit.jupiter.engine.execution.ExecutableInvoker.lambda$invoke$0(ExecutableInvoker.java:105)
	at org.junit.jupiter.engine.execution.InvocationInterceptorChain$InterceptedInvocation.proceed(InvocationInterceptorChain.java:106)
	at org.junit.jupiter.engine.execution.InvocationInterceptorChain.proceed(InvocationInterceptorChain.java:64)
	at org.junit.jupiter.engine.execution.InvocationInterceptorChain.chainAndInvoke(InvocationInterceptorChain.java:45)
	at org.junit.jupiter.engine.execution.InvocationInterceptorChain.invoke(InvocationInterceptorChain.java:37)
	at org.junit.jupiter.engine.execution.ExecutableInvoker.invoke(ExecutableInvoker.java:104)
	at org.junit.jupiter.engine.execution.ExecutableInvoker.invoke(ExecutableInvoker.java:98)
	at org.junit.jupiter.engine.descriptor.TestMethodTestDescriptor.lambda$invokeTestMethod$7(TestMethodTestDescriptor.java:214)
	at org.junit.platform.engine.support.hierarchical.ThrowableCollector.execute(ThrowableCollector.java:73)
	at org.junit.jupiter.engine.descriptor.TestMethodTestDescriptor.invokeTestMethod(TestMethodTestDescriptor.java:210)
	at org.junit.jupiter.engine.descriptor.TestMethodTestDescriptor.execute(TestMethodTestDescriptor.java:135)
	at org.junit.jupiter.engine.descriptor.TestMethodTestDescriptor.execute(TestMethodTestDescriptor.java:66)
	at org.junit.platform.engine.support.hierarchical.NodeTestTask.lambda$executeRecursively$6(NodeTestTask.java:151)
	at org.junit.platform.engine.support.hierarchical.ThrowableCollector.execute(ThrowableCollector.java:73)
	at org.junit.platform.engine.support.hierarchical.NodeTestTask.lambda$executeRecursively$8(NodeTestTask.java:141)
	at org.junit.platform.engine.support.hierarchical.Node.around(Node.java:137)
	at org.junit.platform.engine.support.hierarchical.NodeTestTask.lambda$executeRecursively$9(NodeTestTask.java:139)
	at org.junit.platform.engine.support.hierarchical.ThrowableCollector.execute(ThrowableCollector.java:73)
	at org.junit.platform.engine.support.hierarchical.NodeTestTask.executeRecursively(NodeTestTask.java:138)
	at org.junit.platform.engine.support.hierarchical.NodeTestTask.execute(NodeTestTask.java:95)
	at java.util.ArrayList.forEach(ArrayList.java:1259)
	at org.junit.platform.engine.support.hierarchical.SameThreadHierarchicalTestExecutorService.invokeAll(SameThreadHierarchicalTestExecutorService.java:41)
	at org.junit.platform.engine.support.hierarchical.NodeTestTask.lambda$executeRecursively$6(NodeTestTask.java:155)
	at org.junit.platform.engine.support.hierarchical.ThrowableCollector.execute(ThrowableCollector.java:73)
	at org.junit.platform.engine.support.hierarchical.NodeTestTask.lambda$executeRecursively$8(NodeTestTask.java:141)
	at org.junit.platform.engine.support.hierarchical.Node.around(Node.java:137)
	at org.junit.platform.engine.support.hierarchical.NodeTestTask.lambda$executeRecursively$9(NodeTestTask.java:139)
	at org.junit.platform.engine.support.hierarchical.ThrowableCollector.execute(ThrowableCollector.java:73)
	at org.junit.platform.engine.support.hierarchical.NodeTestTask.executeRecursively(NodeTestTask.java:138)
	at org.junit.platform.engine.support.hierarchical.NodeTestTask.execute(NodeTestTask.java:95)
	at java.util.ArrayList.forEach(ArrayList.java:1259)
	at org.junit.platform.engine.support.hierarchical.SameThreadHierarchicalTestExecutorService.invokeAll(SameThreadHierarchicalTestExecutorService.java:41)
	at org.junit.platform.engine.support.hierarchical.NodeTestTask.lambda$executeRecursively$6(NodeTestTask.java:155)
	at org.junit.platform.engine.support.hierarchical.ThrowableCollector.execute(ThrowableCollector.java:73)
	at org.junit.platform.engine.support.hierarchical.NodeTestTask.lambda$executeRecursively$8(NodeTestTask.java:141)
	at org.junit.platform.engine.support.hierarchical.Node.around(Node.java:137)
	at org.junit.platform.engine.support.hierarchical.NodeTestTask.lambda$executeRecursively$9(NodeTestTask.java:139)
	at org.junit.platform.engine.support.hierarchical.ThrowableCollector.execute(ThrowableCollector.java:73)
	at org.junit.platform.engine.support.hierarchical.NodeTestTask.executeRecursively(NodeTestTask.java:138)
	at org.junit.platform.engine.support.hierarchical.NodeTestTask.execute(NodeTestTask.java:95)
	at org.junit.platform.engine.support.hierarchical.SameThreadHierarchicalTestExecutorService.submit(SameThreadHierarchicalTestExecutorService.java:35)
	at org.junit.platform.engine.support.hierarchical.HierarchicalTestExecutor.execute(HierarchicalTestExecutor.java:57)
	at org.junit.platform.engine.support.hierarchical.HierarchicalTestEngine.execute(HierarchicalTestEngine.java:54)
	at org.junit.platform.launcher.core.EngineExecutionOrchestrator.execute(EngineExecutionOrchestrator.java:107)
	at org.junit.platform.launcher.core.EngineExecutionOrchestrator.execute(EngineExecutionOrchestrator.java:88)
	at org.junit.platform.launcher.core.EngineExecutionOrchestrator.lambda$execute$0(EngineExecutionOrchestrator.java:54)
	at org.junit.platform.launcher.core.EngineExecutionOrchestrator.withInterceptedStreams(EngineExecutionOrchestrator.java:67)
	at org.junit.platform.launcher.core.EngineExecutionOrchestrator.execute(EngineExecutionOrchestrator.java:52)
	at org.junit.platform.launcher.core.DefaultLauncher.execute(DefaultLauncher.java:114)
	at org.junit.platform.launcher.core.DefaultLauncher.execute(DefaultLauncher.java:86)
	at org.junit.platform.launcher.core.DefaultLauncherSession$DelegatingLauncher.execute(DefaultLauncherSession.java:86)
	at org.junit.platform.launcher.core.SessionPerRequestLauncher.execute(SessionPerRequestLauncher.java:53)
	at org.apache.maven.surefire.junitplatform.JUnitPlatformProvider.execute(JUnitPlatformProvider.java:188)
	at org.apache.maven.surefire.junitplatform.JUnitPlatformProvider.invokeAllTests(JUnitPlatformProvider.java:154)
	at org.apache.maven.surefire.junitplatform.JUnitPlatformProvider.invoke(JUnitPlatformProvider.java:124)
	at org.apache.maven.surefire.booter.ForkedBooter.runSuitesInProcess(ForkedBooter.java:428)
	at org.apache.maven.surefire.booter.ForkedBooter.execute(ForkedBooter.java:162)
	at org.apache.maven.surefire.booter.ForkedBooter.run(ForkedBooter.java:562)
	at org.apache.maven.surefire.booter.ForkedBooter.main(ForkedBooter.java:548)
]]></failure>
    <system-out><![CDATA[2022-09-14 01:14:06,442 [main] WARN  server.ServerUtils (ServerUtils.java:getScmDbDir(148)) - ozone.scm.db.dirs is not configured. We recommend adding this setting. Falling back to ozone.metadata.dirs instead.
2022-09-14 01:14:06,566 [main] WARN  server.ServerUtils (ServerUtils.java:getScmDbDir(148)) - ozone.scm.db.dirs is not configured. We recommend adding this setting. Falling back to ozone.metadata.dirs instead.
2022-09-14 01:14:06,570 [main] INFO  ha.SCMHANodeDetails (SCMHANodeDetails.java:loadSCMHAConfig(209)) - ServiceID for StorageContainerManager is null
2022-09-14 01:14:06,582 [main] WARN  ha.SCMHANodeDetails (SCMHANodeDetails.java:validateSCMHAConfig(182)) - Invalid config ozone.scm.ratis.enable. The config was not specified, but the default value true conflicts with the expected config value false. Falling back to the expected value. Current State of SCM: SCM is running in Non-HA without Ratis Ratis SCM -> Non Ratis SCM or Non HA SCM -> HA SCM is not supported
2022-09-14 01:14:06,583 [main] INFO  ha.SCMHANodeDetails (SCMHANodeDetails.java:loadSCMHAConfig(214)) - ozone.scm.default.service.id is not defined, falling back to ozone.scm.service.ids to find serviceID for StorageContainerManager if it is HA enabled cluster
2022-09-14 01:14:07,142 [main] WARN  utils.HAUtils (HAUtils.java:getMetaDir(342)) - ozone.scm.db.dirs is not configured. We recommend adding this setting. Falling back to ozone.metadata.dirs instead.
2022-09-14 01:14:07,402 [main] WARN  db.DBStoreBuilder (DBStoreBuilder.java:applyDBDefinition(144)) - ozone.scm.db.dirs is not configured. We recommend adding this setting. Falling back to ozone.metadata.dirs instead.
2022-09-14 01:14:07,640 [main] INFO  net.NodeSchemaLoader (NodeSchemaLoader.java:loadSchemaFromFile(129)) - Loading schema from [jar:file:/home/runner/.m2/repository/org/apache/ozone/hdds-common/1.3.0-SNAPSHOT/hdds-common-1.3.0-SNAPSHOT.jar!/network-topology-default.xml]
2022-09-14 01:14:07,642 [main] INFO  net.NodeSchemaLoader (NodeSchemaLoader.java:loadSchema(176)) - Loading network topology layer schema file
2022-09-14 01:14:07,691 [main] INFO  metrics.MetricRegistries (MetricRegistriesLoader.java:load(64)) - Loaded MetricRegistries class org.apache.ratis.metrics.impl.MetricRegistriesImpl
2022-09-14 01:14:07,697 [main] INFO  upgrade.AbstractLayoutVersionManager (AbstractLayoutVersionManager.java:init(83)) - Initializing Layout version manager with metadata layout = DATANODE_SCHEMA_V3 (version = 4), software layout = DATANODE_SCHEMA_V3 (version = 4)
2022-09-14 01:14:07,982 [main] INFO  reflections.Reflections (Reflections.java:scan(232)) - Reflections took 182 ms to scan 7 urls, producing 135 keys and 327 values 
2022-09-14 01:14:08,113 [main] INFO  ha.SequenceIdGenerator (SequenceIdGenerator.java:upgradeToSequenceId(349)) - upgrade localId to 109611004723200000
2022-09-14 01:14:08,114 [main] INFO  ha.SequenceIdGenerator (SequenceIdGenerator.java:upgradeToSequenceId(359)) - upgrade delTxnId to 0
2022-09-14 01:14:08,119 [main] INFO  ha.SequenceIdGenerator (SequenceIdGenerator.java:upgradeToSequenceId(376)) - upgrade containerId to 0
2022-09-14 01:14:08,121 [main] INFO  ha.SequenceIdGenerator (SequenceIdGenerator.java:<init>(220)) - Init the HA SequenceIdGenerator.
2022-09-14 01:14:08,182 [main] INFO  node.SCMNodeManager (SCMNodeManager.java:<init>(149)) - Entering startup safe mode.
2022-09-14 01:14:08,269 [main] INFO  algorithms.ContainerPlacementPolicyFactory (ContainerPlacementPolicyFactory.java:getPolicyInternal(86)) - Create container placement policy of type org.apache.hadoop.hdds.scm.container.placement.algorithms.SCMContainerPlacementRandom
2022-09-14 01:14:08,271 [main] INFO  algorithms.ContainerPlacementPolicyFactory (ContainerPlacementPolicyFactory.java:getPolicyInternal(86)) - Create container placement policy of type org.apache.hadoop.hdds.scm.container.placement.algorithms.SCMContainerPlacementRackScatter
2022-09-14 01:14:08,298 [main] INFO  pipeline.PipelineStateManagerImpl (PipelineStateManagerImpl.java:initialize(78)) - No pipeline exists in current db
2022-09-14 01:14:08,337 [main] INFO  algorithms.LeaderChoosePolicyFactory (LeaderChoosePolicyFactory.java:getPolicy(57)) - Create leader choose policy of type org.apache.hadoop.hdds.scm.pipeline.leader.choose.algorithms.MinLeaderCountChoosePolicy
2022-09-14 01:14:08,337 [main] INFO  algorithms.ContainerPlacementPolicyFactory (ContainerPlacementPolicyFactory.java:getPolicyInternal(86)) - Create container placement policy of type org.apache.hadoop.hdds.scm.container.placement.algorithms.SCMContainerPlacementRackScatter
2022-09-14 01:14:08,345 [main] INFO  ha.SCMServiceManager (SCMServiceManager.java:register(42)) - Registering service BackgroundPipelineCreator.
2022-09-14 01:14:08,345 [main] INFO  pipeline.BackgroundPipelineCreator (BackgroundPipelineCreator.java:start(124)) - Starting RatisPipelineUtilsThread.
2022-09-14 01:14:08,350 [main] INFO  BackgroundPipelineScrubber (BackgroundSCMService.java:start(68)) - Starting BackgroundPipelineScrubber Service.
2022-09-14 01:14:08,351 [main] INFO  ha.SCMServiceManager (SCMServiceManager.java:register(42)) - Registering service BackgroundPipelineScrubber.
2022-09-14 01:14:08,360 [main] INFO  ExpiredContainerReplicaOpScrubber (BackgroundSCMService.java:start(68)) - Starting ExpiredContainerReplicaOpScrubber Service.
2022-09-14 01:14:08,360 [main] INFO  ha.SCMServiceManager (SCMServiceManager.java:register(42)) - Registering service ExpiredContainerReplicaOpScrubber.
2022-09-14 01:14:08,396 [main] INFO  algorithms.PipelineChoosePolicyFactory (PipelineChoosePolicyFactory.java:createPipelineChoosePolicyFromClass(73)) - Create pipeline choose policy of type org.apache.hadoop.hdds.scm.pipeline.choose.algorithms.RandomPipelineChoosePolicy
2022-09-14 01:14:08,420 [main] INFO  ha.SCMServiceManager (SCMServiceManager.java:register(42)) - Registering service SCMBlockDeletingService.
2022-09-14 01:14:08,473 [main] INFO  replication.ReplicationManager (ReplicationManager.java:start(218)) - Starting Replication Monitor Thread.
2022-09-14 01:14:08,481 [main] INFO  ha.SCMServiceManager (SCMServiceManager.java:register(42)) - Registering service ReplicationManager.
2022-09-14 01:14:08,484 [ReplicationMonitor] INFO  replication.ReplicationManager (ReplicationManager.java:processAll(286)) - Replication Manager is not ready to run until 3000ms after safemode exit
2022-09-14 01:14:08,498 [main] INFO  safemode.ContainerSafeModeRule (ContainerSafeModeRule.java:<init>(89)) - containers with one replica threshold count 0
2022-09-14 01:14:08,503 [main] INFO  safemode.HealthyPipelineSafeModeRule (HealthyPipelineSafeModeRule.java:initializeRule(169)) - Total pipeline count is 0, healthy pipeline threshold count is 1
2022-09-14 01:14:08,506 [main] INFO  safemode.OneReplicaPipelineSafeModeRule (OneReplicaPipelineSafeModeRule.java:initializeRule(180)) - Total pipeline count is 0, pipeline's with at least one datanode reported threshold count is 0
2022-09-14 01:14:08,826 [main] INFO  audit.AuditLogger (AuditLogger.java:refreshDebugCmdSet(126)) - Refresh DebugCmdSet for SCMAudit to [].
2022-09-14 01:14:08,859 [main] INFO  ipc.CallQueueManager (CallQueueManager.java:<init>(90)) - Using callQueue: class java.util.concurrent.LinkedBlockingQueue, queueCapacity: 2000, scheduler: class org.apache.hadoop.ipc.DefaultRpcScheduler, ipcBackoff: false.
2022-09-14 01:14:08,908 [Socket Reader #1 for port 0] INFO  ipc.Server (Server.java:run(1265)) - Starting Socket Reader #1 for port 0
2022-09-14 01:14:08,966 [Listener at 0.0.0.0/45685] INFO  audit.AuditLogger (AuditLogger.java:refreshDebugCmdSet(126)) - Refresh DebugCmdSet for SCMAudit to [].
2022-09-14 01:14:08,973 [Listener at 0.0.0.0/45685] INFO  ipc.CallQueueManager (CallQueueManager.java:<init>(90)) - Using callQueue: class java.util.concurrent.LinkedBlockingQueue, queueCapacity: 2000, scheduler: class org.apache.hadoop.ipc.DefaultRpcScheduler, ipcBackoff: false.
2022-09-14 01:14:08,977 [Socket Reader #1 for port 0] INFO  ipc.Server (Server.java:run(1265)) - Starting Socket Reader #1 for port 0
2022-09-14 01:14:09,010 [Listener at 0.0.0.0/34177] INFO  audit.AuditLogger (AuditLogger.java:refreshDebugCmdSet(126)) - Refresh DebugCmdSet for SCMAudit to [].
2022-09-14 01:14:09,023 [Listener at 0.0.0.0/34177] INFO  ipc.CallQueueManager (CallQueueManager.java:<init>(90)) - Using callQueue: class java.util.concurrent.LinkedBlockingQueue, queueCapacity: 2000, scheduler: class org.apache.hadoop.ipc.DefaultRpcScheduler, ipcBackoff: false.
2022-09-14 01:14:09,025 [Socket Reader #1 for port 0] INFO  ipc.Server (Server.java:run(1265)) - Starting Socket Reader #1 for port 0
2022-09-14 01:14:09,098 [Listener at 0.0.0.0/37901] INFO  ha.SCMServiceManager (SCMServiceManager.java:register(42)) - Registering service ContainerBalancer.
2022-09-14 01:14:09,098 [Listener at 0.0.0.0/37901] INFO  server.StorageContainerManager (StorageContainerManager.java:<init>(410)) - 
Container Balancer status:
Key                            Value
Running                        false
Container Balancer Configuration values:
Key                                                Value
Threshold                                          10
Max Datanodes to Involve per Iteration(percent)    20
Max Size to Move per Iteration                     500GB
Max Size Entering Target per Iteration             26GB
Max Size Leaving Source per Iteration              26GB

2022-09-14 01:14:09,099 [Listener at 0.0.0.0/37901] WARN  events.EventQueue (EventQueue.java:fireEvent(216)) - No event handler registered for event TypedEvent{payloadType=SafeModeStatus, name='Safe mode status'}
2022-09-14 01:14:09,099 [Listener at 0.0.0.0/37901] INFO  ha.SCMContext (SCMContext.java:updateSafeModeStatus(228)) - Update SafeModeStatus from SafeModeStatus{safeModeStatus=true, preCheckPassed=false} to SafeModeStatus{safeModeStatus=true, preCheckPassed=false}.
2022-09-14 01:14:09,104 [Listener at 0.0.0.0/37901] INFO  server.StorageContainerManager (StorageContainerManager.java:start(1436)) - StorageContainerLocationProtocol RPC server is listening at /0.0.0.0:37901
2022-09-14 01:14:09,252 [Listener at 0.0.0.0/37901] WARN  impl.MetricsConfig (MetricsConfig.java:loadFirst(136)) - Cannot locate configuration: tried hadoop-metrics2-storagecontainermanager.properties,hadoop-metrics2.properties
2022-09-14 01:14:09,273 [Listener at 0.0.0.0/37901] INFO  impl.MetricsSystemImpl (MetricsSystemImpl.java:startTimer(378)) - Scheduled Metric snapshot period at 10 second(s).
2022-09-14 01:14:09,274 [Listener at 0.0.0.0/37901] INFO  impl.MetricsSystemImpl (MetricsSystemImpl.java:start(191)) - StorageContainerManager metrics system started
2022-09-14 01:14:09,552 [Listener at 0.0.0.0/37901] INFO  server.SCMClientProtocolServer (SCMClientProtocolServer.java:start(170)) - RPC server for Client  is listening at /0.0.0.0:37901
2022-09-14 01:14:09,554 [IPC Server Responder] INFO  ipc.Server (Server.java:run(1507)) - IPC Server Responder: starting
2022-09-14 01:14:09,556 [IPC Server listener on 0] INFO  ipc.Server (Server.java:run(1344)) - IPC Server listener on 0: starting
2022-09-14 01:14:09,560 [Listener at 0.0.0.0/37901] INFO  server.StorageContainerManager (StorageContainerManager.java:start(1451)) - ScmBlockLocationProtocol RPC server is listening at /0.0.0.0:34177
2022-09-14 01:14:09,560 [Listener at 0.0.0.0/37901] INFO  server.SCMBlockProtocolServer (SCMBlockProtocolServer.java:start(152)) - RPC server for Block Protocol is listening at /0.0.0.0:34177
2022-09-14 01:14:09,561 [IPC Server Responder] INFO  ipc.Server (Server.java:run(1507)) - IPC Server Responder: starting
2022-09-14 01:14:09,562 [IPC Server listener on 0] INFO  ipc.Server (Server.java:run(1344)) - IPC Server listener on 0: starting
2022-09-14 01:14:09,565 [Listener at 0.0.0.0/37901] INFO  server.SCMDatanodeProtocolServer (SCMDatanodeProtocolServer.java:start(186)) - ScmDatanodeProtocol RPC server for DataNodes is listening at /0.0.0.0:45685
2022-09-14 01:14:09,566 [IPC Server Responder] INFO  ipc.Server (Server.java:run(1507)) - IPC Server Responder: starting
2022-09-14 01:14:09,566 [IPC Server listener on 0] INFO  ipc.Server (Server.java:run(1344)) - IPC Server listener on 0: starting
2022-09-14 01:14:09,585 [org.apache.hadoop.util.JvmPauseMonitor$Monitor@4a0c04ab] INFO  util.JvmPauseMonitor (JvmPauseMonitor.java:run(188)) - Starting JVM pause monitor
2022-09-14 01:14:09,619 [Listener at 0.0.0.0/37901] INFO  http.BaseHttpServer (BaseHttpServer.java:newHttpServer2BuilderForOzone(213)) - Starting Web-server for scm at: http://0.0.0.0:0
2022-09-14 01:14:09,619 [Listener at 0.0.0.0/37901] INFO  http.BaseHttpServer (BaseHttpServer.java:<init>(108)) - Hadoop Security Enabled: false Ozone Security Enabled: false Ozone HTTP Security Enabled: false 
2022-09-14 01:14:09,657 [Listener at 0.0.0.0/37901] INFO  util.log (Log.java:initialized(170)) - Logging initialized @4872ms to org.eclipse.jetty.util.log.Slf4jLog
2022-09-14 01:14:09,791 [Listener at 0.0.0.0/37901] INFO  server.AuthenticationFilter (AuthenticationFilter.java:constructSecretProvider(240)) - Unable to initialize FileSignerSecretProvider, falling back to use random secrets.
2022-09-14 01:14:09,796 [Listener at 0.0.0.0/37901] WARN  http.HttpRequestLog (HttpRequestLog.java:getRequestLog(103)) - Jetty request log can only be enabled using Log4j
2022-09-14 01:14:09,804 [Listener at 0.0.0.0/37901] INFO  http.HttpServer2 (HttpServer2.java:addGlobalFilter(1029)) - Added global filter 'safety' (class=org.apache.hadoop.hdds.server.http.HttpServer2$QuotingInputFilter)
2022-09-14 01:14:09,806 [Listener at 0.0.0.0/37901] INFO  http.HttpServer2 (HttpServer2.java:addFilter(1005)) - Added filter static_user_filter (class=org.apache.hadoop.http.lib.StaticUserWebFilter$StaticUserFilter) to context scm
2022-09-14 01:14:09,807 [Listener at 0.0.0.0/37901] INFO  http.HttpServer2 (HttpServer2.java:addFilter(1013)) - Added filter static_user_filter (class=org.apache.hadoop.http.lib.StaticUserWebFilter$StaticUserFilter) to context static
2022-09-14 01:14:09,807 [Listener at 0.0.0.0/37901] INFO  http.HttpServer2 (HttpServer2.java:addFilter(1013)) - Added filter static_user_filter (class=org.apache.hadoop.http.lib.StaticUserWebFilter$StaticUserFilter) to context logs
2022-09-14 01:14:09,852 [Listener at 0.0.0.0/37901] INFO  http.HttpServer2 (HttpServer2.java:bindListener(1248)) - Jetty bound to port 42103
2022-09-14 01:14:09,861 [Listener at 0.0.0.0/37901] INFO  server.Server (Server.java:doStart(375)) - jetty-9.4.43.v20210629; built: 2021-06-30T11:07:22.254Z; git: 526006ecfa3af7f1a27ef3a288e2bef7ea9dd7e8; jvm 1.8.0_345-b01
2022-09-14 01:14:09,895 [Listener at 0.0.0.0/37901] INFO  server.session (DefaultSessionIdManager.java:doStart(334)) - DefaultSessionIdManager workerName=node0
2022-09-14 01:14:09,895 [Listener at 0.0.0.0/37901] INFO  server.session (DefaultSessionIdManager.java:doStart(339)) - No SessionScavenger set, using defaults
2022-09-14 01:14:09,897 [Listener at 0.0.0.0/37901] INFO  server.session (HouseKeeper.java:startScavenging(132)) - node0 Scavenging every 660000ms
2022-09-14 01:14:09,910 [Listener at 0.0.0.0/37901] INFO  handler.ContextHandler (ContextHandler.java:doStart(915)) - Started o.e.j.s.ServletContextHandler@3962b216{logs,/logs,file:///home/runner/work/ozone/ozone/hadoop-ozone/integration-test/target/log,AVAILABLE}
2022-09-14 01:14:09,911 [Listener at 0.0.0.0/37901] INFO  handler.ContextHandler (ContextHandler.java:doStart(915)) - Started o.e.j.s.ServletContextHandler@75566f4{static,/static,file:///home/runner/work/ozone/ozone/hadoop-ozone/integration-test/target/test-classes/webapps/static,AVAILABLE}
2022-09-14 01:14:09,965 [Listener at 0.0.0.0/37901] INFO  handler.ContextHandler (ContextHandler.java:doStart(915)) - Started o.e.j.w.WebAppContext@1d126f07{scm,/,file:///home/runner/work/ozone/ozone/hadoop-ozone/integration-test/target/test-classes/webapps/scm/,AVAILABLE}{file:/home/runner/work/ozone/ozone/hadoop-ozone/integration-test/target/test-classes/webapps/scm}
2022-09-14 01:14:09,977 [Listener at 0.0.0.0/37901] INFO  server.AbstractConnector (AbstractConnector.java:doStart(331)) - Started ServerConnector@92de794{HTTP/1.1, (http/1.1)}{0.0.0.0:42103}
2022-09-14 01:14:09,977 [Listener at 0.0.0.0/37901] INFO  server.Server (Server.java:doStart(415)) - Started @5192ms
2022-09-14 01:14:09,980 [Listener at 0.0.0.0/37901] INFO  impl.MetricsSinkAdapter (MetricsSinkAdapter.java:start(204)) - Sink prometheus started
2022-09-14 01:14:09,980 [Listener at 0.0.0.0/37901] INFO  impl.MetricsSystemImpl (MetricsSystemImpl.java:registerSink(305)) - Registered sink prometheus
2022-09-14 01:14:09,981 [Listener at 0.0.0.0/37901] INFO  http.BaseHttpServer (BaseHttpServer.java:updateConnectorAddress(333)) - HTTP server of scm listening at http://0.0.0.0:42103
2022-09-14 01:14:09,983 [Listener at 0.0.0.0/37901] WARN  server.ServerUtils (ServerUtils.java:getDBPath(225)) - ozone.om.db.dirs is not configured. We recommend adding this setting. Falling back to ozone.metadata.dirs instead.
2022-09-14 01:14:10,053 [Listener at 0.0.0.0/37901] INFO  audit.AuditLogger (AuditLogger.java:refreshDebugCmdSet(126)) - Refresh DebugCmdSet for OMAudit to [].
2022-09-14 01:14:10,143 [Listener at 0.0.0.0/37901] INFO  ha.OMHANodeDetails (OMHANodeDetails.java:loadOMHAConfig(115)) - ozone.om.internal.service.id is not defined, falling back to ozone.om.service.ids to find serviceID for OzoneManager if it is HA enabled cluster
2022-09-14 01:14:10,148 [Listener at 0.0.0.0/37901] INFO  ha.OMHANodeDetails (OMHANodeDetails.java:loadOMHAConfig(226)) - Configuration does not have ozone.om.address set. Falling back to the default OM address /127.0.0.1:0
2022-09-14 01:14:10,148 [Listener at 0.0.0.0/37901] INFO  ha.OMHANodeDetails (OMHANodeDetails.java:getOMNodeDetailsForNonHA(254)) - OM Service ID is not set. Setting it to the default ID: omServiceIdDefault
2022-09-14 01:14:10,149 [Listener at 0.0.0.0/37901] INFO  ha.OMHANodeDetails (OMHANodeDetails.java:getOMNodeDetailsForNonHA(261)) - OM Node ID is not set. Setting it to the default ID: om1
2022-09-14 01:14:10,153 [Listener at 0.0.0.0/37901] WARN  server.ServerUtils (ServerUtils.java:getDBPath(225)) - ozone.om.db.dirs is not configured. We recommend adding this setting. Falling back to ozone.metadata.dirs instead.
2022-09-14 01:14:10,155 [Listener at 0.0.0.0/37901] INFO  upgrade.AbstractLayoutVersionManager (AbstractLayoutVersionManager.java:init(83)) - Initializing Layout version manager with metadata layout = MULTITENANCY_SCHEMA (version = 3), software layout = MULTITENANCY_SCHEMA (version = 3)
2022-09-14 01:14:10,258 [Listener at 0.0.0.0/37901] INFO  reflections.Reflections (Reflections.java:scan(232)) - Reflections took 98 ms to scan 2 urls, producing 153 keys and 427 values [using 2 cores]
2022-09-14 01:14:10,264 [Listener at 0.0.0.0/37901] INFO  upgrade.OMLayoutVersionManager (OMLayoutVersionManager.java:lambda$0(115)) - Skipping Upgrade Action MockOmUpgradeAction since it has been finalized.
2022-09-14 01:14:10,265 [Listener at 0.0.0.0/37901] WARN  server.ServerUtils (ServerUtils.java:getDBPath(225)) - ozone.om.db.dirs is not configured. We recommend adding this setting. Falling back to ozone.metadata.dirs instead.
2022-09-14 01:14:10,457 [Listener at 0.0.0.0/37901] INFO  proxy.SCMBlockLocationFailoverProxyProvider (SCMBlockLocationFailoverProxyProvider.java:<init>(114)) - Created block location fail-over proxy with 1 nodes: [nodeId=scmNodeId,nodeAddress=/0.0.0.0:34177]
2022-09-14 01:14:10,487 [Listener at 0.0.0.0/37901] INFO  proxy.SCMBlockLocationFailoverProxyProvider (SCMBlockLocationFailoverProxyProvider.java:<init>(114)) - Created block location fail-over proxy with 1 nodes: [nodeId=scmNodeId,nodeAddress=/0.0.0.0:34177]
2022-09-14 01:14:10,762 [Listener at 0.0.0.0/37901] WARN  server.ServerUtils (ServerUtils.java:getDBPath(225)) - ozone.om.db.dirs is not configured. We recommend adding this setting. Falling back to ozone.metadata.dirs instead.
2022-09-14 01:14:10,771 [Listener at 0.0.0.0/37901] INFO  codec.OmKeyInfoCodec (OmKeyInfoCodec.java:<init>(49)) - OmKeyInfoCodec ignorePipeline = true
2022-09-14 01:14:10,773 [Listener at 0.0.0.0/37901] INFO  codec.RepeatedOmKeyInfoCodec (RepeatedOmKeyInfoCodec.java:<init>(41)) - RepeatedOmKeyInfoCodec ignorePipeline = true
2022-09-14 01:14:10,962 [Listener at 0.0.0.0/37901] INFO  om.OzoneManager (OzoneManager.java:instantiateServices(707)) - S3 Multi-Tenancy is disabled
2022-09-14 01:14:11,049 [Listener at 0.0.0.0/37901] INFO  om.OzoneManager (OzoneManager.java:addS3GVolumeToDB(4298)) - Created Volume s3v With Owner runner required for S3Gateway operations.
2022-09-14 01:14:11,118 [Listener at 0.0.0.0/37901] WARN  server.ServerUtils (ServerUtils.java:getDefaultRatisDirectory(237)) - Storage directory for Ratis is not configured. It is a good idea to map this to an SSD disk. Falling back to ozone.metadata.dirs
2022-09-14 01:14:11,119 [Listener at 0.0.0.0/37901] WARN  utils.OzoneManagerRatisUtils (OzoneManagerRatisUtils.java:getOMRatisSnapshotDirectory(434)) - ozone.om.ratis.snapshot.dir is not configured. Falling back to ozone.metadata.dirs config
2022-09-14 01:14:11,142 [Listener at 0.0.0.0/37901] WARN  server.ServerUtils (ServerUtils.java:getDefaultRatisDirectory(237)) - Storage directory for Ratis is not configured. It is a good idea to map this to an SSD disk. Falling back to ozone.metadata.dirs
2022-09-14 01:14:11,172 [Listener at 0.0.0.0/37901] INFO  ratis.OzoneManagerRatisServer (OzoneManagerRatisServer.java:<init>(159)) - Instantiating OM Ratis server with groupID: omServiceIdDefault and peers: localhost:9872
2022-09-14 01:14:11,182 [Listener at 0.0.0.0/37901] INFO  ratis.OzoneManagerStateMachine (OzoneManagerStateMachine.java:loadSnapshotInfoFromDB(632)) - LastAppliedIndex is set from TransactionInfo from OM DB as (t:0, i:~)
2022-09-14 01:14:11,239 [Listener at 0.0.0.0/37901] INFO  server.RaftServer (ConfUtils.java:logGet(46)) - raft.rpc.type = GRPC (default)
2022-09-14 01:14:11,333 [Listener at 0.0.0.0/37901] INFO  grpc.GrpcFactory (GrpcFactory.java:checkPooledByteBufAllocatorUseCacheForAllThreads(48)) - PERFORMANCE WARNING: useCacheForAllThreads is true that may cause Netty to create a lot garbage objects and, as a result, trigger GC.
	It is recommended to disable useCacheForAllThreads by setting -Dorg.apache.ratis.thirdparty.io.netty.allocator.useCacheForAllThreads=false in command line.
2022-09-14 01:14:11,338 [Listener at 0.0.0.0/37901] INFO  grpc.GrpcConfigKeys (ConfUtils.java:logGet(46)) - raft.grpc.admin.port = -1 (default)
2022-09-14 01:14:11,338 [Listener at 0.0.0.0/37901] INFO  grpc.GrpcConfigKeys (ConfUtils.java:logGet(46)) - raft.grpc.server.port = 9872 (custom)
2022-09-14 01:14:11,339 [Listener at 0.0.0.0/37901] INFO  grpc.GrpcConfigKeys (ConfUtils.java:logGet(46)) - raft.grpc.client.port = -1 (default)
2022-09-14 01:14:11,339 [Listener at 0.0.0.0/37901] INFO  grpc.GrpcConfigKeys (ConfUtils.java:logGet(46)) - raft.grpc.server.port = 9872 (custom)
2022-09-14 01:14:11,340 [Listener at 0.0.0.0/37901] INFO  grpc.GrpcConfigKeys (ConfUtils.java:logGet(46)) - raft.grpc.server.port = 9872 (custom)
2022-09-14 01:14:11,340 [Listener at 0.0.0.0/37901] INFO  server.GrpcService (ConfUtils.java:logGet(46)) - raft.grpc.message.size.max = 33554432 (custom)
2022-09-14 01:14:11,341 [Listener at 0.0.0.0/37901] INFO  server.RaftServerConfigKeys (ConfUtils.java:logGet(46)) - raft.server.log.appender.buffer.byte-limit = 33554432 (custom)
2022-09-14 01:14:11,342 [Listener at 0.0.0.0/37901] INFO  server.GrpcService (ConfUtils.java:logGet(46)) - raft.grpc.flow.control.window = 1MB (=1048576) (default)
2022-09-14 01:14:11,343 [Listener at 0.0.0.0/37901] INFO  server.RaftServerConfigKeys (ConfUtils.java:logGet(46)) - raft.server.rpc.request.timeout = 3000ms (default)
2022-09-14 01:14:11,363 [Listener at 0.0.0.0/37901] INFO  grpc.GrpcConfigKeys (ConfUtils.java:logGet(46)) - raft.grpc.server.async.request.thread.pool.cached = true (default)
2022-09-14 01:14:11,364 [Listener at 0.0.0.0/37901] INFO  grpc.GrpcConfigKeys (ConfUtils.java:logGet(46)) - raft.grpc.server.async.request.thread.pool.size = 32 (default)
2022-09-14 01:14:11,724 [Listener at 0.0.0.0/37901] INFO  impl.DataStreamServerImpl (ConfUtils.java:logGet(46)) - raft.datastream.type = DISABLED (default)
2022-09-14 01:14:11,728 [Listener at 0.0.0.0/37901] INFO  server.RaftServerConfigKeys (ConfUtils.java:logGet(46)) - raft.server.threadpool.proxy.cached = true (default)
2022-09-14 01:14:11,728 [Listener at 0.0.0.0/37901] INFO  server.RaftServerConfigKeys (ConfUtils.java:logGet(46)) - raft.server.threadpool.proxy.size = 0 (default)
2022-09-14 01:14:11,729 [Listener at 0.0.0.0/37901] INFO  server.RaftServerConfigKeys (ConfUtils.java:logGet(46)) - raft.server.rpc.slowness.timeout = 120s (custom)
2022-09-14 01:14:11,730 [Listener at 0.0.0.0/37901] INFO  server.RaftServerConfigKeys (ConfUtils.java:logGet(46)) - raft.server.leaderelection.leader.step-down.wait-time = 10s (default)
2022-09-14 01:14:11,733 [Listener at 0.0.0.0/37901] INFO  server.RaftServerConfigKeys (ConfUtils.java:logGet(46)) - raft.server.storage.dir = [/home/runner/work/ozone/ozone/hadoop-ozone/integration-test/target/test-dir/MiniOzoneClusterImpl-ffa34613-6460-47dc-a2f2-a82eeb3f6f6a/ozone-meta/ratis] (custom)
2022-09-14 01:14:11,742 [Listener at 0.0.0.0/37901] INFO  server.RaftServer (RaftServerProxy.java:addNew(96)) - om1: addNew group-C5BA1605619E:[om1|rpc:localhost:9872|priority:0] returns group-C5BA1605619E:java.util.concurrent.CompletableFuture@4af2f2ae[Not completed]
2022-09-14 01:14:11,742 [Listener at 0.0.0.0/37901] INFO  om.OzoneManager (OzoneManager.java:initializeRatisServer(1973)) - OzoneManager Ratis server initialized at port 9872
2022-09-14 01:14:11,765 [pool-55-thread-1] INFO  server.RaftServer$Division (RaftServerImpl.java:<init>(190)) - om1: new RaftServerImpl for group-C5BA1605619E:[om1|rpc:localhost:9872|priority:0] with OzoneManagerStateMachine:uninitialized
2022-09-14 01:14:11,768 [pool-55-thread-1] INFO  server.RaftServerConfigKeys (ConfUtils.java:logGet(46)) - raft.server.rpc.timeout.min = 1s (custom)
2022-09-14 01:14:11,768 [pool-55-thread-1] INFO  server.RaftServerConfigKeys (ConfUtils.java:logGet(46)) - raft.server.rpc.timeout.max = 1200ms (custom)
2022-09-14 01:14:11,768 [pool-55-thread-1] INFO  server.RaftServerConfigKeys (ConfUtils.java:logGet(46)) - raft.server.rpc.sleep.time = 25ms (default)
2022-09-14 01:14:11,768 [pool-55-thread-1] INFO  server.RaftServerConfigKeys (ConfUtils.java:logGet(46)) - raft.server.rpc.slowness.timeout = 120s (custom)
2022-09-14 01:14:11,769 [pool-55-thread-1] INFO  server.RaftServerConfigKeys (ConfUtils.java:logGet(46)) - raft.server.leaderelection.leader.step-down.wait-time = 10s (default)
2022-09-14 01:14:11,769 [pool-55-thread-1] INFO  server.RaftServerConfigKeys (ConfUtils.java:logGet(46)) - raft.server.sleep.deviation.threshold = 300ms (default)
2022-09-14 01:14:11,770 [Listener at 0.0.0.0/37901] INFO  om.OzoneManager (OzoneManager.java:getRpcServer(1096)) - Creating RPC Server
2022-09-14 01:14:11,783 [pool-55-thread-1] INFO  server.RaftServer$Division (ServerState.java:<init>(107)) - om1@group-C5BA1605619E: ConfigurationManager, init=-1: [om1|rpc:localhost:9872|priority:0], old=null, confs=<EMPTY_MAP>
2022-09-14 01:14:11,784 [pool-55-thread-1] INFO  server.RaftServerConfigKeys (ConfUtils.java:logGet(46)) - raft.server.storage.dir = [/home/runner/work/ozone/ozone/hadoop-ozone/integration-test/target/test-dir/MiniOzoneClusterImpl-ffa34613-6460-47dc-a2f2-a82eeb3f6f6a/ozone-meta/ratis] (custom)
2022-09-14 01:14:11,797 [pool-55-thread-1] INFO  server.RaftServerConfigKeys (ConfUtils.java:logGet(46)) - raft.server.log.corruption.policy = EXCEPTION (default)
2022-09-14 01:14:11,797 [pool-55-thread-1] INFO  server.RaftServerConfigKeys (ConfUtils.java:logGet(46)) - raft.server.storage.free-space.min = 0MB (=0) (default)
2022-09-14 01:14:11,799 [pool-55-thread-1] INFO  storage.RaftStorageDirectory (RaftStorageDirectoryImpl.java:analyzeStorage(135)) - The storage directory /home/runner/work/ozone/ozone/hadoop-ozone/integration-test/target/test-dir/MiniOzoneClusterImpl-ffa34613-6460-47dc-a2f2-a82eeb3f6f6a/ozone-meta/ratis/bf265839-605b-3f16-9796-c5ba1605619e does not exist. Creating ...
2022-09-14 01:14:11,827 [pool-55-thread-1] INFO  storage.RaftStorageDirectory (RaftStorageDirectoryImpl.java:tryLock(230)) - Lock on /home/runner/work/ozone/ozone/hadoop-ozone/integration-test/target/test-dir/MiniOzoneClusterImpl-ffa34613-6460-47dc-a2f2-a82eeb3f6f6a/ozone-meta/ratis/bf265839-605b-3f16-9796-c5ba1605619e/in_use.lock acquired by nodename 21498@fv-az571-788
2022-09-14 01:14:11,837 [pool-55-thread-1] INFO  storage.RaftStorage (RaftStorageImpl.java:format(89)) - Storage directory /home/runner/work/ozone/ozone/hadoop-ozone/integration-test/target/test-dir/MiniOzoneClusterImpl-ffa34613-6460-47dc-a2f2-a82eeb3f6f6a/ozone-meta/ratis/bf265839-605b-3f16-9796-c5ba1605619e has been successfully formatted.
2022-09-14 01:14:11,844 [pool-55-thread-1] INFO  server.RaftServerConfigKeys (ConfUtils.java:logGet(46)) - raft.server.notification.no-leader.timeout = 120s (custom)
2022-09-14 01:14:11,846 [pool-55-thread-1] INFO  server.RaftServerConfigKeys (ConfUtils.java:logGet(46)) - raft.server.log.use.memory = false (default)
2022-09-14 01:14:11,855 [pool-55-thread-1] INFO  server.RaftServerConfigKeys (ConfUtils.java:logGet(46)) - raft.server.log.purge.gap = 1000000 (custom)
2022-09-14 01:14:11,855 [pool-55-thread-1] INFO  server.RaftServerConfigKeys (ConfUtils.java:logGet(46)) - raft.server.log.appender.buffer.byte-limit = 33554432 (custom)
2022-09-14 01:14:11,858 [pool-55-thread-1] INFO  server.RaftServerConfigKeys (ConfUtils.java:logGet(46)) - raft.server.log.statemachine.data.read.timeout = 1000ms (default)
2022-09-14 01:14:11,892 [pool-55-thread-1] INFO  server.RaftServerConfigKeys (ConfUtils.java:logGet(46)) - raft.server.log.segment.size.max = 4194304 (custom)
2022-09-14 01:14:11,916 [pool-55-thread-1] INFO  server.RaftServerConfigKeys (ConfUtils.java:logGet(46)) - raft.server.log.segment.cache.num.max = 2 (custom)
2022-09-14 01:14:11,917 [pool-55-thread-1] INFO  server.RaftServerConfigKeys (ConfUtils.java:logGet(46)) - raft.server.log.segment.cache.size.max = 200MB (=209715200) (default)
2022-09-14 01:14:11,944 [pool-55-thread-1] INFO  segmented.SegmentedRaftLogWorker (SegmentedRaftLogWorker.java:<init>(187)) - new om1@group-C5BA1605619E-SegmentedRaftLogWorker for RaftStorageImpl:Storage Directory /home/runner/work/ozone/ozone/hadoop-ozone/integration-test/target/test-dir/MiniOzoneClusterImpl-ffa34613-6460-47dc-a2f2-a82eeb3f6f6a/ozone-meta/ratis/bf265839-605b-3f16-9796-c5ba1605619e
2022-09-14 01:14:11,945 [pool-55-thread-1] INFO  server.RaftServerConfigKeys (ConfUtils.java:logGet(46)) - raft.server.log.queue.byte-limit = 64MB (=67108864) (default)
2022-09-14 01:14:11,945 [pool-55-thread-1] INFO  server.RaftServerConfigKeys (ConfUtils.java:logGet(46)) - raft.server.log.queue.element-limit = 4096 (default)
2022-09-14 01:14:11,946 [pool-55-thread-1] INFO  server.RaftServerConfigKeys (ConfUtils.java:logGet(46)) - raft.server.log.segment.size.max = 4194304 (custom)
2022-09-14 01:14:11,947 [pool-55-thread-1] INFO  server.RaftServerConfigKeys (ConfUtils.java:logGet(46)) - raft.server.log.preallocated.size = 4194304 (custom)
2022-09-14 01:14:11,947 [pool-55-thread-1] INFO  server.RaftServerConfigKeys (ConfUtils.java:logGet(46)) - raft.server.log.force.sync.num = 128 (default)
2022-09-14 01:14:11,948 [pool-55-thread-1] INFO  server.RaftServerConfigKeys (ConfUtils.java:logGet(46)) - raft.server.log.statemachine.data.sync = true (default)
2022-09-14 01:14:11,948 [pool-55-thread-1] INFO  server.RaftServerConfigKeys (ConfUtils.java:logGet(46)) - raft.server.log.statemachine.data.sync.timeout = 10s (default)
2022-09-14 01:14:11,949 [pool-55-thread-1] INFO  server.RaftServerConfigKeys (ConfUtils.java:logGet(46)) - raft.server.log.statemachine.data.sync.timeout.retry = -1 (default)
2022-09-14 01:14:11,974 [pool-55-thread-1] INFO  server.RaftServerConfigKeys (ConfUtils.java:logGet(46)) - raft.server.log.write.buffer.size = 64KB (=65536) (default)
2022-09-14 01:14:11,975 [pool-55-thread-1] INFO  server.RaftServerConfigKeys (ConfUtils.java:logGet(46)) - raft.server.log.unsafe-flush.enabled = false (default)
2022-09-14 01:14:11,975 [pool-55-thread-1] INFO  server.RaftServerConfigKeys (ConfUtils.java:logGet(46)) - raft.server.log.statemachine.data.caching.enabled = false (default)
2022-09-14 01:14:12,006 [pool-55-thread-1] INFO  segmented.SegmentedRaftLogWorker (SegmentedRaftLogWorker.java:lambda$new$0(135)) - om1@group-C5BA1605619E-SegmentedRaftLogWorker: flushIndex: setUnconditionally 0 -> -1
2022-09-14 01:14:12,007 [pool-55-thread-1] INFO  segmented.SegmentedRaftLogWorker (SegmentedRaftLogWorker.java:lambda$new$0(135)) - om1@group-C5BA1605619E-SegmentedRaftLogWorker: safeCacheEvictIndex: setUnconditionally 0 -> -1
2022-09-14 01:14:12,020 [pool-55-thread-1] INFO  server.RaftServerConfigKeys (ConfUtils.java:logGet(46)) - raft.server.snapshot.auto.trigger.enabled = true (custom)
2022-09-14 01:14:12,020 [pool-55-thread-1] INFO  server.RaftServerConfigKeys (ConfUtils.java:logGet(46)) - raft.server.snapshot.auto.trigger.threshold = 400000 (default)
2022-09-14 01:14:12,021 [pool-55-thread-1] INFO  server.RaftServerConfigKeys (ConfUtils.java:logGet(46)) - raft.server.snapshot.retention.file.num = -1 (default)
2022-09-14 01:14:12,022 [pool-55-thread-1] INFO  server.RaftServerConfigKeys (ConfUtils.java:logGet(46)) - raft.server.log.purge.upto.snapshot.index = true (custom)
2022-09-14 01:14:12,024 [pool-55-thread-1] INFO  server.RaftServerConfigKeys (ConfUtils.java:logGet(46)) - raft.server.retrycache.expirytime = 300s (custom)
2022-09-14 01:14:12,024 [pool-55-thread-1] INFO  server.RaftServerConfigKeys (ConfUtils.java:logGet(46)) - raft.server.retrycache.statistics.expirytime = 100μs (default)
2022-09-14 01:14:12,171 [pool-55-thread-1] INFO  server.RaftServerConfigKeys (ConfUtils.java:logGet(46)) - raft.server.log.appender.install.snapshot.enabled = false (custom)
2022-09-14 01:14:12,172 [pool-55-thread-1] INFO  server.RaftServerConfigKeys (ConfUtils.java:logGet(46)) - raft.server.threadpool.server.cached = true (default)
2022-09-14 01:14:12,172 [pool-55-thread-1] INFO  server.RaftServerConfigKeys (ConfUtils.java:logGet(46)) - raft.server.threadpool.server.size = 0 (default)
2022-09-14 01:14:12,173 [pool-55-thread-1] INFO  server.RaftServerConfigKeys (ConfUtils.java:logGet(46)) - raft.server.threadpool.client.cached = true (default)
2022-09-14 01:14:12,173 [pool-55-thread-1] INFO  server.RaftServerConfigKeys (ConfUtils.java:logGet(46)) - raft.server.threadpool.client.size = 0 (default)
2022-09-14 01:14:12,655 [Listener at 0.0.0.0/37901] INFO  reflections.Reflections (Reflections.java:scan(232)) - Reflections took 798 ms to scan 19 urls, producing 67 keys and 4171 values [using 2 cores]
2022-09-14 01:14:12,871 [Listener at 0.0.0.0/37901] INFO  ipc.CallQueueManager (CallQueueManager.java:<init>(90)) - Using callQueue: class java.util.concurrent.LinkedBlockingQueue, queueCapacity: 2000, scheduler: class org.apache.hadoop.ipc.DefaultRpcScheduler, ipcBackoff: false.
2022-09-14 01:14:12,872 [Socket Reader #1 for port 0] INFO  ipc.Server (Server.java:run(1265)) - Starting Socket Reader #1 for port 0
2022-09-14 01:14:12,913 [Listener at 127.0.0.1/43991] INFO  impl.MetricsSystemImpl (MetricsSystemImpl.java:init(158)) - OzoneManager metrics system started (again)
2022-09-14 01:14:12,931 [Listener at 127.0.0.1/43991] INFO  om.OzoneManager (OzoneManager.java:start(1480)) - OzoneManager RPC server is listening at localhost/127.0.0.1:43991
2022-09-14 01:14:12,932 [Listener at 127.0.0.1/43991] INFO  ratis.OzoneManagerRatisServer (OzoneManagerRatisServer.java:start(554)) - Starting OzoneManagerRatisServer om1 at port 9872
2022-09-14 01:14:12,935 [om1-impl-thread1] INFO  server.RaftServer$Division (RaftServerImpl.java:start(310)) - om1@group-C5BA1605619E: start as a follower, conf=-1: [om1|rpc:localhost:9872|priority:0], old=null
2022-09-14 01:14:12,936 [om1-impl-thread1] INFO  server.RaftServer$Division (RaftServerImpl.java:setRole(299)) - om1@group-C5BA1605619E: changes role from      null to FOLLOWER at term 0 for startAsFollower
2022-09-14 01:14:12,937 [om1-impl-thread1] INFO  impl.RoleInfo (RoleInfo.java:updateAndGet(139)) - om1: start om1@group-C5BA1605619E-FollowerState
2022-09-14 01:14:12,939 [om1-impl-thread1] INFO  util.JmxRegister (JmxRegister.java:tryRegister(44)) - Successfully registered JMX Bean with object name Ratis:service=RaftServer,group=group-C5BA1605619E,id=om1
2022-09-14 01:14:12,941 [Listener at 127.0.0.1/43991] INFO  server.RaftServer (RaftServerProxy.java:lambda$start$6(382)) - om1: start RPC server
2022-09-14 01:14:13,016 [Listener at 127.0.0.1/43991] INFO  server.GrpcService (GrpcService.java:startImpl(260)) - om1: GrpcService started, listening on 9872
2022-09-14 01:14:13,018 [Listener at 127.0.0.1/43991] INFO  om.OzoneManager (OzoneManager.java:start(1496)) - Version File has different layout version (3) than OM DB (null). That is expected if this OM has never been finalized to a newer layout version.
2022-09-14 01:14:13,020 [org.apache.ratis.util.JvmPauseMonitor$$Lambda$679/166677305@77019c94] INFO  util.JvmPauseMonitor (JvmPauseMonitor.java:run(103)) - JvmPauseMonitor-om1: Started
2022-09-14 01:14:13,043 [Listener at 127.0.0.1/43991] INFO  http.BaseHttpServer (BaseHttpServer.java:newHttpServer2BuilderForOzone(213)) - Starting Web-server for ozoneManager at: http://0.0.0.0:0
2022-09-14 01:14:13,043 [Listener at 127.0.0.1/43991] INFO  http.BaseHttpServer (BaseHttpServer.java:<init>(108)) - Hadoop Security Enabled: false Ozone Security Enabled: false Ozone HTTP Security Enabled: false 
2022-09-14 01:14:13,045 [Listener at 127.0.0.1/43991] INFO  server.AuthenticationFilter (AuthenticationFilter.java:constructSecretProvider(240)) - Unable to initialize FileSignerSecretProvider, falling back to use random secrets.
2022-09-14 01:14:13,048 [Listener at 127.0.0.1/43991] WARN  http.HttpRequestLog (HttpRequestLog.java:getRequestLog(103)) - Jetty request log can only be enabled using Log4j
2022-09-14 01:14:13,050 [Listener at 127.0.0.1/43991] INFO  http.HttpServer2 (HttpServer2.java:addGlobalFilter(1029)) - Added global filter 'safety' (class=org.apache.hadoop.hdds.server.http.HttpServer2$QuotingInputFilter)
2022-09-14 01:14:13,051 [Listener at 127.0.0.1/43991] INFO  http.HttpServer2 (HttpServer2.java:addFilter(1005)) - Added filter static_user_filter (class=org.apache.hadoop.http.lib.StaticUserWebFilter$StaticUserFilter) to context ozoneManager
2022-09-14 01:14:13,051 [Listener at 127.0.0.1/43991] INFO  http.HttpServer2 (HttpServer2.java:addFilter(1013)) - Added filter static_user_filter (class=org.apache.hadoop.http.lib.StaticUserWebFilter$StaticUserFilter) to context logs
2022-09-14 01:14:13,051 [Listener at 127.0.0.1/43991] INFO  http.HttpServer2 (HttpServer2.java:addFilter(1013)) - Added filter static_user_filter (class=org.apache.hadoop.http.lib.StaticUserWebFilter$StaticUserFilter) to context static
2022-09-14 01:14:13,054 [Listener at 127.0.0.1/43991] INFO  http.HttpServer2 (HttpServer2.java:bindListener(1248)) - Jetty bound to port 37205
2022-09-14 01:14:13,054 [Listener at 127.0.0.1/43991] INFO  server.Server (Server.java:doStart(375)) - jetty-9.4.43.v20210629; built: 2021-06-30T11:07:22.254Z; git: 526006ecfa3af7f1a27ef3a288e2bef7ea9dd7e8; jvm 1.8.0_345-b01
2022-09-14 01:14:13,057 [Listener at 127.0.0.1/43991] INFO  server.session (DefaultSessionIdManager.java:doStart(334)) - DefaultSessionIdManager workerName=node0
2022-09-14 01:14:13,057 [Listener at 127.0.0.1/43991] INFO  server.session (DefaultSessionIdManager.java:doStart(339)) - No SessionScavenger set, using defaults
2022-09-14 01:14:13,058 [Listener at 127.0.0.1/43991] INFO  server.session (HouseKeeper.java:startScavenging(132)) - node0 Scavenging every 600000ms
2022-09-14 01:14:13,059 [Listener at 127.0.0.1/43991] INFO  handler.ContextHandler (ContextHandler.java:doStart(915)) - Started o.e.j.s.ServletContextHandler@4f7820f8{logs,/logs,file:///home/runner/work/ozone/ozone/hadoop-ozone/integration-test/target/log,AVAILABLE}
2022-09-14 01:14:13,060 [Listener at 127.0.0.1/43991] INFO  handler.ContextHandler (ContextHandler.java:doStart(915)) - Started o.e.j.s.ServletContextHandler@105dc6df{static,/static,file:///home/runner/work/ozone/ozone/hadoop-ozone/integration-test/target/test-classes/webapps/static,AVAILABLE}
2022-09-14 01:14:13,066 [Listener at 127.0.0.1/43991] INFO  handler.ContextHandler (ContextHandler.java:doStart(915)) - Started o.e.j.w.WebAppContext@536fddad{ozoneManager,/,file:///home/runner/work/ozone/ozone/hadoop-ozone/integration-test/target/test-classes/webapps/ozoneManager/,AVAILABLE}{file:/home/runner/work/ozone/ozone/hadoop-ozone/integration-test/target/test-classes/webapps/ozoneManager}
2022-09-14 01:14:13,068 [Listener at 127.0.0.1/43991] INFO  server.AbstractConnector (AbstractConnector.java:doStart(331)) - Started ServerConnector@18a997c7{HTTP/1.1, (http/1.1)}{0.0.0.0:37205}
2022-09-14 01:14:13,068 [Listener at 127.0.0.1/43991] INFO  server.Server (Server.java:doStart(415)) - Started @8283ms
2022-09-14 01:14:13,068 [Listener at 127.0.0.1/43991] WARN  impl.MetricsSystemImpl (MetricsSystemImpl.java:register(279)) - Sink prometheus already exists!
2022-09-14 01:14:13,069 [Listener at 127.0.0.1/43991] INFO  http.BaseHttpServer (BaseHttpServer.java:updateConnectorAddress(333)) - HTTP server of ozoneManager listening at http://0.0.0.0:37205
2022-09-14 01:14:13,069 [IPC Server Responder] INFO  ipc.Server (Server.java:run(1507)) - IPC Server Responder: starting
2022-09-14 01:14:13,071 [IPC Server listener on 0] INFO  ipc.Server (Server.java:run(1344)) - IPC Server listener on 0: starting
2022-09-14 01:14:13,078 [Listener at 127.0.0.1/43991] INFO  om.OzoneManager (OzoneManager.java:startTrashEmptier(1917)) - Trash Interval set to 0. Files deleted won't move to trash
2022-09-14 01:14:13,090 [org.apache.hadoop.util.JvmPauseMonitor$Monitor@7d043960] INFO  util.JvmPauseMonitor (JvmPauseMonitor.java:run(188)) - Starting JVM pause monitor
2022-09-14 01:14:13,295 [Listener at 127.0.0.1/43991] WARN  impl.MetricRegistriesImpl (MetricRegistriesImpl.java:addReporterRegistration(111)) - New reporters are added after registries were created. Some metrics will be missing from the reporter. Please add reporter before adding any new registry.
2022-09-14 01:14:13,295 [Listener at 127.0.0.1/43991] WARN  impl.MetricRegistriesImpl (MetricRegistriesImpl.java:addReporterRegistration(111)) - New reporters are added after registries were created. Some metrics will be missing from the reporter. Please add reporter before adding any new registry.
2022-09-14 01:14:13,295 [Listener at 127.0.0.1/43991] INFO  impl.MetricsSystemImpl (MetricsSystemImpl.java:init(158)) - HddsDatanode metrics system started (again)
2022-09-14 01:14:13,313 [Listener at 127.0.0.1/43991] INFO  ozone.HddsDatanodeService (HddsDatanodeService.java:start(236)) - HddsDatanodeService host:fv-az571-788.04lcwfe4cpsehn0ni2t1coknih.dx.internal.cloudapp.net ip:10.1.0.6
2022-09-14 01:14:13,353 [Listener at 127.0.0.1/43991] INFO  upgrade.AbstractLayoutVersionManager (AbstractLayoutVersionManager.java:init(83)) - Initializing Layout version manager with metadata layout = DATANODE_SCHEMA_V3 (version = 4), software layout = DATANODE_SCHEMA_V3 (version = 4)
2022-09-14 01:14:13,408 [Listener at 127.0.0.1/43991] INFO  reflections.Reflections (Reflections.java:scan(232)) - Reflections took 53 ms to scan 7 urls, producing 135 keys and 327 values 
2022-09-14 01:14:13,412 [Listener at 127.0.0.1/43991] INFO  statemachine.DatanodeStateMachine (DatanodeStateMachine.java:getEndPointTaskThreadPoolSize(237)) - Datanode State Machine Task Thread Pool size 2
2022-09-14 01:14:13,474 [Listener at 127.0.0.1/43991] INFO  volume.HddsVolume (HddsVolume.java:<init>(117)) - Creating HddsVolume: /home/runner/work/ozone/ozone/hadoop-ozone/integration-test/target/test-dir/MiniOzoneClusterImpl-ffa34613-6460-47dc-a2f2-a82eeb3f6f6a/datanode-0/data-0/containers/hdds of storage type : DISK capacity : 9223372036854775807
2022-09-14 01:14:13,477 [Listener at 127.0.0.1/43991] INFO  volume.MutableVolumeSet (MutableVolumeSet.java:initializeVolumeSet(174)) - Added Volume : /home/runner/work/ozone/ozone/hadoop-ozone/integration-test/target/test-dir/MiniOzoneClusterImpl-ffa34613-6460-47dc-a2f2-a82eeb3f6f6a/datanode-0/data-0/containers/hdds to VolumeSet
2022-09-14 01:14:13,478 [Listener at 127.0.0.1/43991] INFO  volume.ThrottledAsyncChecker (ThrottledAsyncChecker.java:schedule(141)) - Scheduling a check for /home/runner/work/ozone/ozone/hadoop-ozone/integration-test/target/test-dir/MiniOzoneClusterImpl-ffa34613-6460-47dc-a2f2-a82eeb3f6f6a/datanode-0/data-0/containers/hdds
2022-09-14 01:14:13,501 [Listener at 127.0.0.1/43991] INFO  volume.StorageVolumeChecker (StorageVolumeChecker.java:checkAllVolumes(202)) - Scheduled health check for volume /home/runner/work/ozone/ozone/hadoop-ozone/integration-test/target/test-dir/MiniOzoneClusterImpl-ffa34613-6460-47dc-a2f2-a82eeb3f6f6a/datanode-0/data-0/containers/hdds
2022-09-14 01:14:13,519 [Listener at 127.0.0.1/43991] INFO  volume.MutableVolumeSet (MutableVolumeSet.java:initializeVolumeSet(174)) - Added Volume : /home/runner/work/ozone/ozone/hadoop-ozone/integration-test/target/test-dir/MiniOzoneClusterImpl-ffa34613-6460-47dc-a2f2-a82eeb3f6f6a/datanode-0/data/ratis to VolumeSet
2022-09-14 01:14:13,519 [Listener at 127.0.0.1/43991] INFO  volume.ThrottledAsyncChecker (ThrottledAsyncChecker.java:schedule(141)) - Scheduling a check for /home/runner/work/ozone/ozone/hadoop-ozone/integration-test/target/test-dir/MiniOzoneClusterImpl-ffa34613-6460-47dc-a2f2-a82eeb3f6f6a/datanode-0/data/ratis
2022-09-14 01:14:13,520 [Listener at 127.0.0.1/43991] INFO  volume.StorageVolumeChecker (StorageVolumeChecker.java:checkAllVolumes(202)) - Scheduled health check for volume /home/runner/work/ozone/ozone/hadoop-ozone/integration-test/target/test-dir/MiniOzoneClusterImpl-ffa34613-6460-47dc-a2f2-a82eeb3f6f6a/datanode-0/data/ratis
2022-09-14 01:14:13,544 [Thread-136] INFO  ozoneimpl.ContainerReader (ContainerReader.java:readVolume(175)) - Finish verifying containers on volume /home/runner/work/ozone/ozone/hadoop-ozone/integration-test/target/test-dir/MiniOzoneClusterImpl-ffa34613-6460-47dc-a2f2-a82eeb3f6f6a/datanode-0/data-0/containers/hdds
2022-09-14 01:14:13,544 [Listener at 127.0.0.1/43991] INFO  ozoneimpl.OzoneContainer (OzoneContainer.java:buildContainerSet(300)) - Build ContainerSet costs 0s
2022-09-14 01:14:13,623 [Listener at 127.0.0.1/43991] INFO  audit.AuditLogger (AuditLogger.java:refreshDebugCmdSet(126)) - Refresh DebugCmdSet for DNAudit to [].
2022-09-14 01:14:13,654 [Listener at 127.0.0.1/43991] INFO  server.RaftServer (ConfUtils.java:logGet(46)) - raft.rpc.type = GRPC (default)
2022-09-14 01:14:13,654 [Listener at 127.0.0.1/43991] INFO  grpc.GrpcFactory (GrpcFactory.java:checkPooledByteBufAllocatorUseCacheForAllThreads(48)) - PERFORMANCE WARNING: useCacheForAllThreads is true that may cause Netty to create a lot garbage objects and, as a result, trigger GC.
	It is recommended to disable useCacheForAllThreads by setting -Dorg.apache.ratis.thirdparty.io.netty.allocator.useCacheForAllThreads=false in command line.
2022-09-14 01:14:13,654 [Listener at 127.0.0.1/43991] INFO  grpc.GrpcConfigKeys (ConfUtils.java:logGet(46)) - raft.grpc.admin.port = 0 (custom)
2022-09-14 01:14:13,654 [Listener at 127.0.0.1/43991] INFO  grpc.GrpcConfigKeys (ConfUtils.java:logGet(46)) - raft.grpc.client.port = 0 (custom)
2022-09-14 01:14:13,655 [Listener at 127.0.0.1/43991] INFO  grpc.GrpcConfigKeys (ConfUtils.java:logGet(46)) - raft.grpc.server.port = 0 (default)
2022-09-14 01:14:13,655 [Listener at 127.0.0.1/43991] INFO  server.GrpcService (ConfUtils.java:logGet(46)) - raft.grpc.message.size.max = 32MB (=33554432) (custom)
2022-09-14 01:14:13,655 [Listener at 127.0.0.1/43991] INFO  server.RaftServerConfigKeys (ConfUtils.java:logGet(46)) - raft.server.log.appender.buffer.byte-limit = 33554432 (custom)
2022-09-14 01:14:13,655 [Listener at 127.0.0.1/43991] INFO  server.GrpcService (ConfUtils.java:logGet(46)) - raft.grpc.flow.control.window = 5MB (=5242880) (custom)
2022-09-14 01:14:13,655 [Listener at 127.0.0.1/43991] INFO  server.RaftServerConfigKeys (ConfUtils.java:logGet(46)) - raft.server.rpc.request.timeout = 60000ms (custom)
2022-09-14 01:14:13,656 [Listener at 127.0.0.1/43991] INFO  grpc.GrpcConfigKeys (ConfUtils.java:logGet(46)) - raft.grpc.server.async.request.thread.pool.cached = true (default)
2022-09-14 01:14:13,656 [Listener at 127.0.0.1/43991] INFO  grpc.GrpcConfigKeys (ConfUtils.java:logGet(46)) - raft.grpc.server.async.request.thread.pool.size = 32 (default)
2022-09-14 01:14:13,657 [Listener at 127.0.0.1/43991] INFO  impl.DataStreamServerImpl (ConfUtils.java:logGet(46)) - raft.datastream.type = DISABLED (default)
2022-09-14 01:14:13,657 [Listener at 127.0.0.1/43991] INFO  server.RaftServerConfigKeys (ConfUtils.java:logGet(46)) - raft.server.threadpool.proxy.cached = true (default)
2022-09-14 01:14:13,658 [Listener at 127.0.0.1/43991] INFO  server.RaftServerConfigKeys (ConfUtils.java:logGet(46)) - raft.server.threadpool.proxy.size = 0 (default)
2022-09-14 01:14:13,658 [Listener at 127.0.0.1/43991] INFO  server.RaftServerConfigKeys (ConfUtils.java:logGet(46)) - raft.server.rpc.slowness.timeout = 10000ms (custom)
2022-09-14 01:14:13,658 [Listener at 127.0.0.1/43991] INFO  server.RaftServerConfigKeys (ConfUtils.java:logGet(46)) - raft.server.leaderelection.leader.step-down.wait-time = 10s (default)
2022-09-14 01:14:13,658 [Listener at 127.0.0.1/43991] INFO  server.RaftServerConfigKeys (ConfUtils.java:logGet(46)) - raft.server.storage.dir = [/home/runner/work/ozone/ozone/hadoop-ozone/integration-test/target/test-dir/MiniOzoneClusterImpl-ffa34613-6460-47dc-a2f2-a82eeb3f6f6a/datanode-0/data/ratis] (custom)
2022-09-14 01:14:13,679 [Listener at 127.0.0.1/43991] INFO  server.XceiverServerGrpc (XceiverServerGrpc.java:<init>(132)) - GrpcServer channel type EpollServerSocketChannel
2022-09-14 01:14:13,753 [Listener at 127.0.0.1/43991] INFO  http.BaseHttpServer (BaseHttpServer.java:newHttpServer2BuilderForOzone(213)) - Starting Web-server for hddsDatanode at: http://0.0.0.0:0
2022-09-14 01:14:13,753 [Listener at 127.0.0.1/43991] INFO  http.BaseHttpServer (BaseHttpServer.java:<init>(108)) - Hadoop Security Enabled: false Ozone Security Enabled: false Ozone HTTP Security Enabled: false 
2022-09-14 01:14:13,754 [Listener at 127.0.0.1/43991] INFO  server.AuthenticationFilter (AuthenticationFilter.java:constructSecretProvider(240)) - Unable to initialize FileSignerSecretProvider, falling back to use random secrets.
2022-09-14 01:14:13,755 [Listener at 127.0.0.1/43991] WARN  http.HttpRequestLog (HttpRequestLog.java:getRequestLog(103)) - Jetty request log can only be enabled using Log4j
2022-09-14 01:14:13,757 [Listener at 127.0.0.1/43991] INFO  http.HttpServer2 (HttpServer2.java:addGlobalFilter(1029)) - Added global filter 'safety' (class=org.apache.hadoop.hdds.server.http.HttpServer2$QuotingInputFilter)
2022-09-14 01:14:13,758 [Listener at 127.0.0.1/43991] INFO  http.HttpServer2 (HttpServer2.java:addFilter(1005)) - Added filter static_user_filter (class=org.apache.hadoop.http.lib.StaticUserWebFilter$StaticUserFilter) to context hddsDatanode
2022-09-14 01:14:13,758 [Listener at 127.0.0.1/43991] INFO  http.HttpServer2 (HttpServer2.java:addFilter(1013)) - Added filter static_user_filter (class=org.apache.hadoop.http.lib.StaticUserWebFilter$StaticUserFilter) to context static
2022-09-14 01:14:13,758 [Listener at 127.0.0.1/43991] INFO  http.HttpServer2 (HttpServer2.java:addFilter(1013)) - Added filter static_user_filter (class=org.apache.hadoop.http.lib.StaticUserWebFilter$StaticUserFilter) to context logs
2022-09-14 01:14:13,759 [Listener at 127.0.0.1/43991] INFO  http.HttpServer2 (HttpServer2.java:bindListener(1248)) - Jetty bound to port 41303
2022-09-14 01:14:13,759 [Listener at 127.0.0.1/43991] INFO  server.Server (Server.java:doStart(375)) - jetty-9.4.43.v20210629; built: 2021-06-30T11:07:22.254Z; git: 526006ecfa3af7f1a27ef3a288e2bef7ea9dd7e8; jvm 1.8.0_345-b01
2022-09-14 01:14:13,765 [Listener at 127.0.0.1/43991] INFO  server.session (DefaultSessionIdManager.java:doStart(334)) - DefaultSessionIdManager workerName=node0
2022-09-14 01:14:13,765 [Listener at 127.0.0.1/43991] INFO  server.session (DefaultSessionIdManager.java:doStart(339)) - No SessionScavenger set, using defaults
2022-09-14 01:14:13,766 [Listener at 127.0.0.1/43991] INFO  server.session (HouseKeeper.java:startScavenging(132)) - node0 Scavenging every 660000ms
2022-09-14 01:14:13,767 [Listener at 127.0.0.1/43991] INFO  handler.ContextHandler (ContextHandler.java:doStart(915)) - Started o.e.j.s.ServletContextHandler@1d8ec941{logs,/logs,file:///home/runner/work/ozone/ozone/hadoop-ozone/integration-test/target/log,AVAILABLE}
2022-09-14 01:14:13,768 [Listener at 127.0.0.1/43991] INFO  handler.ContextHandler (ContextHandler.java:doStart(915)) - Started o.e.j.s.ServletContextHandler@5772a790{static,/static,jar:file:/home/runner/.m2/repository/org/apache/ozone/hdds-container-service/1.3.0-SNAPSHOT/hdds-container-service-1.3.0-SNAPSHOT.jar!/webapps/static,AVAILABLE}
2022-09-14 01:14:13,982 [Listener at 127.0.0.1/43991] INFO  handler.ContextHandler (ContextHandler.java:doStart(915)) - Started o.e.j.w.WebAppContext@16a7b925{hddsDatanode,/,file:///tmp/jetty-0_0_0_0-41303-hdds-container-service-1_3_0-SNAPSHOT_jar-_-any-4566840070210509316/webapp/,AVAILABLE}{jar:file:/home/runner/.m2/repository/org/apache/ozone/hdds-container-service/1.3.0-SNAPSHOT/hdds-container-service-1.3.0-SNAPSHOT.jar!/webapps/hddsDatanode}
2022-09-14 01:14:13,984 [Listener at 127.0.0.1/43991] INFO  server.AbstractConnector (AbstractConnector.java:doStart(331)) - Started ServerConnector@1c64febb{HTTP/1.1, (http/1.1)}{0.0.0.0:41303}
2022-09-14 01:14:13,984 [Listener at 127.0.0.1/43991] INFO  server.Server (Server.java:doStart(415)) - Started @9199ms
2022-09-14 01:14:13,984 [Listener at 127.0.0.1/43991] WARN  impl.MetricsSystemImpl (MetricsSystemImpl.java:register(279)) - Sink prometheus already exists!
2022-09-14 01:14:13,985 [Listener at 127.0.0.1/43991] INFO  http.BaseHttpServer (BaseHttpServer.java:updateConnectorAddress(333)) - HTTP server of hddsDatanode listening at http://0.0.0.0:41303
2022-09-14 01:14:13,987 [Listener at 127.0.0.1/43991] WARN  impl.MetricRegistriesImpl (MetricRegistriesImpl.java:addReporterRegistration(111)) - New reporters are added after registries were created. Some metrics will be missing from the reporter. Please add reporter before adding any new registry.
2022-09-14 01:14:13,987 [Listener at 127.0.0.1/43991] WARN  impl.MetricRegistriesImpl (MetricRegistriesImpl.java:addReporterRegistration(111)) - New reporters are added after registries were created. Some metrics will be missing from the reporter. Please add reporter before adding any new registry.
2022-09-14 01:14:13,987 [Listener at 127.0.0.1/43991] INFO  impl.MetricsSystemImpl (MetricsSystemImpl.java:init(158)) - HddsDatanode metrics system started (again)
2022-09-14 01:14:13,992 [Datanode State Machine Daemon Thread] INFO  statemachine.DatanodeStateMachine (DatanodeStateMachine.java:lambda$startDaemon$0(492)) - Ozone container server started.
2022-09-14 01:14:14,005 [Listener at 127.0.0.1/43991] INFO  ozone.HddsDatanodeService (HddsDatanodeService.java:start(236)) - HddsDatanodeService host:fv-az571-788.04lcwfe4cpsehn0ni2t1coknih.dx.internal.cloudapp.net ip:10.1.0.6
2022-09-14 01:14:14,015 [org.apache.hadoop.util.JvmPauseMonitor$Monitor@74a784c3] INFO  util.JvmPauseMonitor (JvmPauseMonitor.java:run(188)) - Starting JVM pause monitor
2022-09-14 01:14:14,046 [Listener at 127.0.0.1/43991] INFO  upgrade.AbstractLayoutVersionManager (AbstractLayoutVersionManager.java:init(83)) - Initializing Layout version manager with metadata layout = DATANODE_SCHEMA_V3 (version = 4), software layout = DATANODE_SCHEMA_V3 (version = 4)
2022-09-14 01:14:14,064 [om1@group-C5BA1605619E-FollowerState] INFO  impl.FollowerState (FollowerState.java:run(143)) - om1@group-C5BA1605619E-FollowerState: change to CANDIDATE, lastRpcElapsedTime:1127382763ns, electionTimeout:1125ms
2022-09-14 01:14:14,065 [om1@group-C5BA1605619E-FollowerState] INFO  impl.RoleInfo (RoleInfo.java:shutdownFollowerState(110)) - om1: shutdown om1@group-C5BA1605619E-FollowerState
2022-09-14 01:14:14,069 [om1@group-C5BA1605619E-FollowerState] INFO  server.RaftServer$Division (RaftServerImpl.java:setRole(299)) - om1@group-C5BA1605619E: changes role from  FOLLOWER to CANDIDATE at term 0 for changeToCandidate
2022-09-14 01:14:14,074 [om1@group-C5BA1605619E-FollowerState] INFO  server.RaftServerConfigKeys (ConfUtils.java:logGet(46)) - raft.server.leaderelection.pre-vote = false (custom)
2022-09-14 01:14:14,074 [om1@group-C5BA1605619E-FollowerState] INFO  impl.RoleInfo (RoleInfo.java:updateAndGet(139)) - om1: start om1@group-C5BA1605619E-LeaderElection1
2022-09-14 01:14:14,102 [om1@group-C5BA1605619E-LeaderElection1] INFO  impl.LeaderElection (LeaderElection.java:askForVotes(310)) - om1@group-C5BA1605619E-LeaderElection1 ELECTION round 0: submit vote requests at term 1 for -1: [om1|rpc:localhost:9872|priority:0], old=null
2022-09-14 01:14:14,102 [om1@group-C5BA1605619E-LeaderElection1] INFO  impl.LeaderElection (LeaderElection.java:askForVotes(312)) - om1@group-C5BA1605619E-LeaderElection1 ELECTION round 0: result PASSED (term=1)
2022-09-14 01:14:14,103 [om1@group-C5BA1605619E-LeaderElection1] INFO  impl.RoleInfo (RoleInfo.java:shutdownLeaderElection(130)) - om1: shutdown om1@group-C5BA1605619E-LeaderElection1
2022-09-14 01:14:14,104 [om1@group-C5BA1605619E-LeaderElection1] INFO  server.RaftServer$Division (RaftServerImpl.java:setRole(299)) - om1@group-C5BA1605619E: changes role from CANDIDATE to LEADER at term 1 for changeToLeader
2022-09-14 01:14:14,104 [om1@group-C5BA1605619E-LeaderElection1] INFO  server.RaftServer$Division (ServerState.java:setLeader(287)) - om1@group-C5BA1605619E: change Leader from null to om1 at term 1 for becomeLeader, leader elected after 2259ms
2022-09-14 01:14:14,124 [om1@group-C5BA1605619E-LeaderElection1] INFO  server.RaftServerConfigKeys (ConfUtils.java:logGet(46)) - raft.server.staging.catchup.gap = 1000 (default)
2022-09-14 01:14:14,129 [om1@group-C5BA1605619E-LeaderElection1] INFO  server.RaftServerConfigKeys (ConfUtils.java:logGet(46)) - raft.server.write.element-limit = 4096 (default)
2022-09-14 01:14:14,138 [om1@group-C5BA1605619E-LeaderElection1] INFO  server.RaftServerConfigKeys (ConfUtils.java:logGet(46)) - raft.server.write.byte-limit = 64MB (=67108864) (default)
2022-09-14 01:14:14,146 [om1@group-C5BA1605619E-LeaderElection1] INFO  server.RaftServerConfigKeys (ConfUtils.java:logGet(46)) - raft.server.watch.timeout = 10s (default)
2022-09-14 01:14:14,146 [om1@group-C5BA1605619E-LeaderElection1] INFO  server.RaftServerConfigKeys (ConfUtils.java:logGet(46)) - raft.server.watch.timeout.denomination = 1s (default)
2022-09-14 01:14:14,147 [om1@group-C5BA1605619E-LeaderElection1] INFO  server.RaftServerConfigKeys (ConfUtils.java:logGet(46)) - raft.server.watch.element-limit = 65536 (default)
2022-09-14 01:14:14,152 [om1@group-C5BA1605619E-LeaderElection1] INFO  server.RaftServerConfigKeys (ConfUtils.java:logGet(46)) - raft.server.write.element-limit = 4096 (default)
2022-09-14 01:14:14,154 [om1@group-C5BA1605619E-LeaderElection1] INFO  server.RaftServerConfigKeys (ConfUtils.java:logGet(46)) - raft.server.write.follower.gap.ratio.max = -1.0 (default)
2022-09-14 01:14:14,166 [Listener at 127.0.0.1/43991] INFO  reflections.Reflections (Reflections.java:scan(232)) - Reflections took 118 ms to scan 7 urls, producing 135 keys and 327 values 
2022-09-14 01:14:14,171 [Listener at 127.0.0.1/43991] INFO  statemachine.DatanodeStateMachine (DatanodeStateMachine.java:getEndPointTaskThreadPoolSize(237)) - Datanode State Machine Task Thread Pool size 2
2022-09-14 01:14:14,178 [om1@group-C5BA1605619E-LeaderElection1] INFO  impl.RoleInfo (RoleInfo.java:updateAndGet(139)) - om1: start om1@group-C5BA1605619E-LeaderStateImpl
2022-09-14 01:14:14,181 [Listener at 127.0.0.1/43991] INFO  volume.HddsVolume (HddsVolume.java:<init>(117)) - Creating HddsVolume: /home/runner/work/ozone/ozone/hadoop-ozone/integration-test/target/test-dir/MiniOzoneClusterImpl-ffa34613-6460-47dc-a2f2-a82eeb3f6f6a/datanode-1/data-0/containers/hdds of storage type : DISK capacity : 9223372036854775807
2022-09-14 01:14:14,181 [Listener at 127.0.0.1/43991] INFO  volume.MutableVolumeSet (MutableVolumeSet.java:initializeVolumeSet(174)) - Added Volume : /home/runner/work/ozone/ozone/hadoop-ozone/integration-test/target/test-dir/MiniOzoneClusterImpl-ffa34613-6460-47dc-a2f2-a82eeb3f6f6a/datanode-1/data-0/containers/hdds to VolumeSet
2022-09-14 01:14:14,182 [Listener at 127.0.0.1/43991] INFO  volume.ThrottledAsyncChecker (ThrottledAsyncChecker.java:schedule(141)) - Scheduling a check for /home/runner/work/ozone/ozone/hadoop-ozone/integration-test/target/test-dir/MiniOzoneClusterImpl-ffa34613-6460-47dc-a2f2-a82eeb3f6f6a/datanode-1/data-0/containers/hdds
2022-09-14 01:14:14,204 [Listener at 127.0.0.1/43991] INFO  volume.StorageVolumeChecker (StorageVolumeChecker.java:checkAllVolumes(202)) - Scheduled health check for volume /home/runner/work/ozone/ozone/hadoop-ozone/integration-test/target/test-dir/MiniOzoneClusterImpl-ffa34613-6460-47dc-a2f2-a82eeb3f6f6a/datanode-1/data-0/containers/hdds
2022-09-14 01:14:14,227 [Listener at 127.0.0.1/43991] INFO  volume.MutableVolumeSet (MutableVolumeSet.java:initializeVolumeSet(174)) - Added Volume : /home/runner/work/ozone/ozone/hadoop-ozone/integration-test/target/test-dir/MiniOzoneClusterImpl-ffa34613-6460-47dc-a2f2-a82eeb3f6f6a/datanode-1/data/ratis to VolumeSet
2022-09-14 01:14:14,228 [Listener at 127.0.0.1/43991] INFO  volume.ThrottledAsyncChecker (ThrottledAsyncChecker.java:schedule(141)) - Scheduling a check for /home/runner/work/ozone/ozone/hadoop-ozone/integration-test/target/test-dir/MiniOzoneClusterImpl-ffa34613-6460-47dc-a2f2-a82eeb3f6f6a/datanode-1/data/ratis
2022-09-14 01:14:14,228 [Listener at 127.0.0.1/43991] INFO  volume.StorageVolumeChecker (StorageVolumeChecker.java:checkAllVolumes(202)) - Scheduled health check for volume /home/runner/work/ozone/ozone/hadoop-ozone/integration-test/target/test-dir/MiniOzoneClusterImpl-ffa34613-6460-47dc-a2f2-a82eeb3f6f6a/datanode-1/data/ratis
2022-09-14 01:14:14,234 [Datanode State Machine Task Thread - 0] INFO  datanode.InitDatanodeState (InitDatanodeState.java:persistContainerDatanodeDetails(138)) - DatanodeDetails is persisted to /home/runner/work/ozone/ozone/hadoop-ozone/integration-test/target/test-dir/MiniOzoneClusterImpl-ffa34613-6460-47dc-a2f2-a82eeb3f6f6a/datanode-0/meta/datanode.id
2022-09-14 01:14:14,248 [om1@group-C5BA1605619E-LeaderElection1] INFO  segmented.SegmentedRaftLogWorker (SegmentedRaftLogWorker.java:startLogSegment(425)) - om1@group-C5BA1605619E-SegmentedRaftLogWorker: Starting segment from index:0
2022-09-14 01:14:14,266 [Thread-151] INFO  ozoneimpl.ContainerReader (ContainerReader.java:readVolume(175)) - Finish verifying containers on volume /home/runner/work/ozone/ozone/hadoop-ozone/integration-test/target/test-dir/MiniOzoneClusterImpl-ffa34613-6460-47dc-a2f2-a82eeb3f6f6a/datanode-1/data-0/containers/hdds
2022-09-14 01:14:14,266 [Listener at 127.0.0.1/43991] INFO  ozoneimpl.OzoneContainer (OzoneContainer.java:buildContainerSet(300)) - Build ContainerSet costs 0s
2022-09-14 01:14:14,270 [Listener at 127.0.0.1/43991] INFO  server.RaftServer (ConfUtils.java:logGet(46)) - raft.rpc.type = GRPC (default)
2022-09-14 01:14:14,270 [Listener at 127.0.0.1/43991] INFO  grpc.GrpcFactory (GrpcFactory.java:checkPooledByteBufAllocatorUseCacheForAllThreads(48)) - PERFORMANCE WARNING: useCacheForAllThreads is true that may cause Netty to create a lot garbage objects and, as a result, trigger GC.
	It is recommended to disable useCacheForAllThreads by setting -Dorg.apache.ratis.thirdparty.io.netty.allocator.useCacheForAllThreads=false in command line.
2022-09-14 01:14:14,270 [Listener at 127.0.0.1/43991] INFO  grpc.GrpcConfigKeys (ConfUtils.java:logGet(46)) - raft.grpc.admin.port = 0 (custom)
2022-09-14 01:14:14,271 [Listener at 127.0.0.1/43991] INFO  grpc.GrpcConfigKeys (ConfUtils.java:logGet(46)) - raft.grpc.client.port = 0 (custom)
2022-09-14 01:14:14,271 [Listener at 127.0.0.1/43991] INFO  grpc.GrpcConfigKeys (ConfUtils.java:logGet(46)) - raft.grpc.server.port = 0 (default)
2022-09-14 01:14:14,271 [Listener at 127.0.0.1/43991] INFO  server.GrpcService (ConfUtils.java:logGet(46)) - raft.grpc.message.size.max = 32MB (=33554432) (custom)
2022-09-14 01:14:14,271 [Listener at 127.0.0.1/43991] INFO  server.RaftServerConfigKeys (ConfUtils.java:logGet(46)) - raft.server.log.appender.buffer.byte-limit = 33554432 (custom)
2022-09-14 01:14:14,271 [Listener at 127.0.0.1/43991] INFO  server.GrpcService (ConfUtils.java:logGet(46)) - raft.grpc.flow.control.window = 5MB (=5242880) (custom)
2022-09-14 01:14:14,271 [Listener at 127.0.0.1/43991] INFO  server.RaftServerConfigKeys (ConfUtils.java:logGet(46)) - raft.server.rpc.request.timeout = 60000ms (custom)
2022-09-14 01:14:14,272 [Listener at 127.0.0.1/43991] INFO  grpc.GrpcConfigKeys (ConfUtils.java:logGet(46)) - raft.grpc.server.async.request.thread.pool.cached = true (default)
2022-09-14 01:14:14,272 [Listener at 127.0.0.1/43991] INFO  grpc.GrpcConfigKeys (ConfUtils.java:logGet(46)) - raft.grpc.server.async.request.thread.pool.size = 32 (default)
2022-09-14 01:14:14,273 [Listener at 127.0.0.1/43991] INFO  impl.DataStreamServerImpl (ConfUtils.java:logGet(46)) - raft.datastream.type = DISABLED (default)
2022-09-14 01:14:14,273 [Listener at 127.0.0.1/43991] INFO  server.RaftServerConfigKeys (ConfUtils.java:logGet(46)) - raft.server.threadpool.proxy.cached = true (default)
2022-09-14 01:14:14,273 [Listener at 127.0.0.1/43991] INFO  server.RaftServerConfigKeys (ConfUtils.java:logGet(46)) - raft.server.threadpool.proxy.size = 0 (default)
2022-09-14 01:14:14,274 [Listener at 127.0.0.1/43991] INFO  server.RaftServerConfigKeys (ConfUtils.java:logGet(46)) - raft.server.rpc.slowness.timeout = 10000ms (custom)
2022-09-14 01:14:14,274 [Listener at 127.0.0.1/43991] INFO  server.RaftServerConfigKeys (ConfUtils.java:logGet(46)) - raft.server.leaderelection.leader.step-down.wait-time = 10s (default)
2022-09-14 01:14:14,274 [Listener at 127.0.0.1/43991] INFO  server.RaftServerConfigKeys (ConfUtils.java:logGet(46)) - raft.server.storage.dir = [/home/runner/work/ozone/ozone/hadoop-ozone/integration-test/target/test-dir/MiniOzoneClusterImpl-ffa34613-6460-47dc-a2f2-a82eeb3f6f6a/datanode-1/data/ratis] (custom)
2022-09-14 01:14:14,287 [Listener at 127.0.0.1/43991] INFO  server.XceiverServerGrpc (XceiverServerGrpc.java:<init>(132)) - GrpcServer channel type EpollServerSocketChannel
2022-09-14 01:14:14,305 [Listener at 127.0.0.1/43991] INFO  http.BaseHttpServer (BaseHttpServer.java:newHttpServer2BuilderForOzone(213)) - Starting Web-server for hddsDatanode at: http://0.0.0.0:0
2022-09-14 01:14:14,305 [Listener at 127.0.0.1/43991] INFO  http.BaseHttpServer (BaseHttpServer.java:<init>(108)) - Hadoop Security Enabled: false Ozone Security Enabled: false Ozone HTTP Security Enabled: false 
2022-09-14 01:14:14,306 [Listener at 127.0.0.1/43991] INFO  server.AuthenticationFilter (AuthenticationFilter.java:constructSecretProvider(240)) - Unable to initialize FileSignerSecretProvider, falling back to use random secrets.
2022-09-14 01:14:14,321 [Listener at 127.0.0.1/43991] WARN  http.HttpRequestLog (HttpRequestLog.java:getRequestLog(103)) - Jetty request log can only be enabled using Log4j
2022-09-14 01:14:14,323 [Listener at 127.0.0.1/43991] INFO  http.HttpServer2 (HttpServer2.java:addGlobalFilter(1029)) - Added global filter 'safety' (class=org.apache.hadoop.hdds.server.http.HttpServer2$QuotingInputFilter)
2022-09-14 01:14:14,324 [Listener at 127.0.0.1/43991] INFO  http.HttpServer2 (HttpServer2.java:addFilter(1005)) - Added filter static_user_filter (class=org.apache.hadoop.http.lib.StaticUserWebFilter$StaticUserFilter) to context hddsDatanode
2022-09-14 01:14:14,324 [Listener at 127.0.0.1/43991] INFO  http.HttpServer2 (HttpServer2.java:addFilter(1013)) - Added filter static_user_filter (class=org.apache.hadoop.http.lib.StaticUserWebFilter$StaticUserFilter) to context logs
2022-09-14 01:14:14,324 [Listener at 127.0.0.1/43991] INFO  http.HttpServer2 (HttpServer2.java:addFilter(1013)) - Added filter static_user_filter (class=org.apache.hadoop.http.lib.StaticUserWebFilter$StaticUserFilter) to context static
2022-09-14 01:14:14,325 [Listener at 127.0.0.1/43991] INFO  http.HttpServer2 (HttpServer2.java:bindListener(1248)) - Jetty bound to port 33881
2022-09-14 01:14:14,325 [Listener at 127.0.0.1/43991] INFO  server.Server (Server.java:doStart(375)) - jetty-9.4.43.v20210629; built: 2021-06-30T11:07:22.254Z; git: 526006ecfa3af7f1a27ef3a288e2bef7ea9dd7e8; jvm 1.8.0_345-b01
2022-09-14 01:14:14,342 [om1@group-C5BA1605619E-LeaderElection1] INFO  server.RaftServer$Division (ServerState.java:setRaftConf(393)) - om1@group-C5BA1605619E: set configuration 0: [om1|rpc:localhost:9872|admin:|client:|dataStream:|priority:0], old=null
2022-09-14 01:14:14,351 [Listener at 127.0.0.1/43991] INFO  server.session (DefaultSessionIdManager.java:doStart(334)) - DefaultSessionIdManager workerName=node0
2022-09-14 01:14:14,352 [Listener at 127.0.0.1/43991] INFO  server.session (DefaultSessionIdManager.java:doStart(339)) - No SessionScavenger set, using defaults
2022-09-14 01:14:14,352 [Listener at 127.0.0.1/43991] INFO  server.session (HouseKeeper.java:startScavenging(132)) - node0 Scavenging every 660000ms
2022-09-14 01:14:14,353 [Listener at 127.0.0.1/43991] INFO  handler.ContextHandler (ContextHandler.java:doStart(915)) - Started o.e.j.s.ServletContextHandler@70dbbbb9{logs,/logs,file:///home/runner/work/ozone/ozone/hadoop-ozone/integration-test/target/log,AVAILABLE}
2022-09-14 01:14:14,353 [Listener at 127.0.0.1/43991] INFO  handler.ContextHandler (ContextHandler.java:doStart(915)) - Started o.e.j.s.ServletContextHandler@5a3cfce5{static,/static,jar:file:/home/runner/.m2/repository/org/apache/ozone/hdds-container-service/1.3.0-SNAPSHOT/hdds-container-service-1.3.0-SNAPSHOT.jar!/webapps/static,AVAILABLE}
2022-09-14 01:14:14,407 [om1@group-C5BA1605619E-SegmentedRaftLogWorker] INFO  segmented.SegmentedRaftLogWorker (SegmentedRaftLogWorker.java:execute(629)) - om1@group-C5BA1605619E-SegmentedRaftLogWorker: created new log segment /home/runner/work/ozone/ozone/hadoop-ozone/integration-test/target/test-dir/MiniOzoneClusterImpl-ffa34613-6460-47dc-a2f2-a82eeb3f6f6a/ozone-meta/ratis/bf265839-605b-3f16-9796-c5ba1605619e/current/log_inprogress_0
2022-09-14 01:14:14,535 [om1@group-C5BA1605619E-StateMachineUpdater] INFO  ratis.OzoneManagerStateMachine (OzoneManagerStateMachine.java:notifyConfigurationChanged(192)) - Received Configuration change notification from Ratis. New Peer list:
[id: "om1"
address: "localhost:9872"
]
2022-09-14 01:14:14,587 [Listener at 127.0.0.1/43991] INFO  handler.ContextHandler (ContextHandler.java:doStart(915)) - Started o.e.j.w.WebAppContext@fc2d07f{hddsDatanode,/,file:///tmp/jetty-0_0_0_0-33881-hdds-container-service-1_3_0-SNAPSHOT_jar-_-any-5098713304883762247/webapp/,AVAILABLE}{jar:file:/home/runner/.m2/repository/org/apache/ozone/hdds-container-service/1.3.0-SNAPSHOT/hdds-container-service-1.3.0-SNAPSHOT.jar!/webapps/hddsDatanode}
2022-09-14 01:14:14,589 [Listener at 127.0.0.1/43991] INFO  server.AbstractConnector (AbstractConnector.java:doStart(331)) - Started ServerConnector@d678716{HTTP/1.1, (http/1.1)}{0.0.0.0:33881}
2022-09-14 01:14:14,589 [Listener at 127.0.0.1/43991] INFO  server.Server (Server.java:doStart(415)) - Started @9804ms
2022-09-14 01:14:14,589 [Listener at 127.0.0.1/43991] WARN  impl.MetricsSystemImpl (MetricsSystemImpl.java:register(279)) - Sink prometheus already exists!
2022-09-14 01:14:14,590 [Listener at 127.0.0.1/43991] INFO  http.BaseHttpServer (BaseHttpServer.java:updateConnectorAddress(333)) - HTTP server of hddsDatanode listening at http://0.0.0.0:33881
2022-09-14 01:14:14,591 [Listener at 127.0.0.1/43991] WARN  impl.MetricRegistriesImpl (MetricRegistriesImpl.java:addReporterRegistration(111)) - New reporters are added after registries were created. Some metrics will be missing from the reporter. Please add reporter before adding any new registry.
2022-09-14 01:14:14,591 [Listener at 127.0.0.1/43991] WARN  impl.MetricRegistriesImpl (MetricRegistriesImpl.java:addReporterRegistration(111)) - New reporters are added after registries were created. Some metrics will be missing from the reporter. Please add reporter before adding any new registry.
2022-09-14 01:14:14,591 [Listener at 127.0.0.1/43991] INFO  impl.MetricsSystemImpl (MetricsSystemImpl.java:init(158)) - HddsDatanode metrics system started (again)
2022-09-14 01:14:14,597 [Datanode State Machine Daemon Thread] INFO  statemachine.DatanodeStateMachine (DatanodeStateMachine.java:lambda$startDaemon$0(492)) - Ozone container server started.
2022-09-14 01:14:14,617 [Listener at 127.0.0.1/43991] INFO  ozone.HddsDatanodeService (HddsDatanodeService.java:start(236)) - HddsDatanodeService host:fv-az571-788.04lcwfe4cpsehn0ni2t1coknih.dx.internal.cloudapp.net ip:10.1.0.6
2022-09-14 01:14:14,622 [org.apache.hadoop.util.JvmPauseMonitor$Monitor@1ece9e01] INFO  util.JvmPauseMonitor (JvmPauseMonitor.java:run(188)) - Starting JVM pause monitor
2022-09-14 01:14:14,631 [Datanode State Machine Task Thread - 0] INFO  datanode.InitDatanodeState (InitDatanodeState.java:persistContainerDatanodeDetails(138)) - DatanodeDetails is persisted to /home/runner/work/ozone/ozone/hadoop-ozone/integration-test/target/test-dir/MiniOzoneClusterImpl-ffa34613-6460-47dc-a2f2-a82eeb3f6f6a/datanode-1/meta/datanode.id
2022-09-14 01:14:14,649 [Listener at 127.0.0.1/43991] INFO  upgrade.AbstractLayoutVersionManager (AbstractLayoutVersionManager.java:init(83)) - Initializing Layout version manager with metadata layout = DATANODE_SCHEMA_V3 (version = 4), software layout = DATANODE_SCHEMA_V3 (version = 4)
2022-09-14 01:14:14,700 [Listener at 127.0.0.1/43991] INFO  reflections.Reflections (Reflections.java:scan(232)) - Reflections took 48 ms to scan 7 urls, producing 135 keys and 327 values 
2022-09-14 01:14:14,701 [Listener at 127.0.0.1/43991] INFO  statemachine.DatanodeStateMachine (DatanodeStateMachine.java:getEndPointTaskThreadPoolSize(237)) - Datanode State Machine Task Thread Pool size 2
2022-09-14 01:14:14,704 [Listener at 127.0.0.1/43991] INFO  volume.HddsVolume (HddsVolume.java:<init>(117)) - Creating HddsVolume: /home/runner/work/ozone/ozone/hadoop-ozone/integration-test/target/test-dir/MiniOzoneClusterImpl-ffa34613-6460-47dc-a2f2-a82eeb3f6f6a/datanode-2/data-0/containers/hdds of storage type : DISK capacity : 9223372036854775807
2022-09-14 01:14:14,704 [Listener at 127.0.0.1/43991] INFO  volume.MutableVolumeSet (MutableVolumeSet.java:initializeVolumeSet(174)) - Added Volume : /home/runner/work/ozone/ozone/hadoop-ozone/integration-test/target/test-dir/MiniOzoneClusterImpl-ffa34613-6460-47dc-a2f2-a82eeb3f6f6a/datanode-2/data-0/containers/hdds to VolumeSet
2022-09-14 01:14:14,704 [Listener at 127.0.0.1/43991] INFO  volume.ThrottledAsyncChecker (ThrottledAsyncChecker.java:schedule(141)) - Scheduling a check for /home/runner/work/ozone/ozone/hadoop-ozone/integration-test/target/test-dir/MiniOzoneClusterImpl-ffa34613-6460-47dc-a2f2-a82eeb3f6f6a/datanode-2/data-0/containers/hdds
2022-09-14 01:14:14,705 [Listener at 127.0.0.1/43991] INFO  volume.StorageVolumeChecker (StorageVolumeChecker.java:checkAllVolumes(202)) - Scheduled health check for volume /home/runner/work/ozone/ozone/hadoop-ozone/integration-test/target/test-dir/MiniOzoneClusterImpl-ffa34613-6460-47dc-a2f2-a82eeb3f6f6a/datanode-2/data-0/containers/hdds
2022-09-14 01:14:14,718 [Listener at 127.0.0.1/43991] INFO  volume.MutableVolumeSet (MutableVolumeSet.java:initializeVolumeSet(174)) - Added Volume : /home/runner/work/ozone/ozone/hadoop-ozone/integration-test/target/test-dir/MiniOzoneClusterImpl-ffa34613-6460-47dc-a2f2-a82eeb3f6f6a/datanode-2/data/ratis to VolumeSet
2022-09-14 01:14:14,718 [Listener at 127.0.0.1/43991] INFO  volume.ThrottledAsyncChecker (ThrottledAsyncChecker.java:schedule(141)) - Scheduling a check for /home/runner/work/ozone/ozone/hadoop-ozone/integration-test/target/test-dir/MiniOzoneClusterImpl-ffa34613-6460-47dc-a2f2-a82eeb3f6f6a/datanode-2/data/ratis
2022-09-14 01:14:14,718 [Listener at 127.0.0.1/43991] INFO  volume.StorageVolumeChecker (StorageVolumeChecker.java:checkAllVolumes(202)) - Scheduled health check for volume /home/runner/work/ozone/ozone/hadoop-ozone/integration-test/target/test-dir/MiniOzoneClusterImpl-ffa34613-6460-47dc-a2f2-a82eeb3f6f6a/datanode-2/data/ratis
2022-09-14 01:14:14,731 [Thread-164] INFO  ozoneimpl.ContainerReader (ContainerReader.java:readVolume(175)) - Finish verifying containers on volume /home/runner/work/ozone/ozone/hadoop-ozone/integration-test/target/test-dir/MiniOzoneClusterImpl-ffa34613-6460-47dc-a2f2-a82eeb3f6f6a/datanode-2/data-0/containers/hdds
2022-09-14 01:14:14,731 [Listener at 127.0.0.1/43991] INFO  ozoneimpl.OzoneContainer (OzoneContainer.java:buildContainerSet(300)) - Build ContainerSet costs 0s
2022-09-14 01:14:14,734 [Listener at 127.0.0.1/43991] INFO  server.RaftServer (ConfUtils.java:logGet(46)) - raft.rpc.type = GRPC (default)
2022-09-14 01:14:14,734 [Listener at 127.0.0.1/43991] INFO  grpc.GrpcFactory (GrpcFactory.java:checkPooledByteBufAllocatorUseCacheForAllThreads(48)) - PERFORMANCE WARNING: useCacheForAllThreads is true that may cause Netty to create a lot garbage objects and, as a result, trigger GC.
	It is recommended to disable useCacheForAllThreads by setting -Dorg.apache.ratis.thirdparty.io.netty.allocator.useCacheForAllThreads=false in command line.
2022-09-14 01:14:14,734 [Listener at 127.0.0.1/43991] INFO  grpc.GrpcConfigKeys (ConfUtils.java:logGet(46)) - raft.grpc.admin.port = 0 (custom)
2022-09-14 01:14:14,734 [Listener at 127.0.0.1/43991] INFO  grpc.GrpcConfigKeys (ConfUtils.java:logGet(46)) - raft.grpc.client.port = 0 (custom)
2022-09-14 01:14:14,735 [Listener at 127.0.0.1/43991] INFO  grpc.GrpcConfigKeys (ConfUtils.java:logGet(46)) - raft.grpc.server.port = 0 (default)
2022-09-14 01:14:14,735 [Listener at 127.0.0.1/43991] INFO  server.GrpcService (ConfUtils.java:logGet(46)) - raft.grpc.message.size.max = 32MB (=33554432) (custom)
2022-09-14 01:14:14,735 [Listener at 127.0.0.1/43991] INFO  server.RaftServerConfigKeys (ConfUtils.java:logGet(46)) - raft.server.log.appender.buffer.byte-limit = 33554432 (custom)
2022-09-14 01:14:14,735 [Listener at 127.0.0.1/43991] INFO  server.GrpcService (ConfUtils.java:logGet(46)) - raft.grpc.flow.control.window = 5MB (=5242880) (custom)
2022-09-14 01:14:14,735 [Listener at 127.0.0.1/43991] INFO  server.RaftServerConfigKeys (ConfUtils.java:logGet(46)) - raft.server.rpc.request.timeout = 60000ms (custom)
2022-09-14 01:14:14,736 [Listener at 127.0.0.1/43991] INFO  grpc.GrpcConfigKeys (ConfUtils.java:logGet(46)) - raft.grpc.server.async.request.thread.pool.cached = true (default)
2022-09-14 01:14:14,736 [Listener at 127.0.0.1/43991] INFO  grpc.GrpcConfigKeys (ConfUtils.java:logGet(46)) - raft.grpc.server.async.request.thread.pool.size = 32 (default)
2022-09-14 01:14:14,737 [Listener at 127.0.0.1/43991] INFO  impl.DataStreamServerImpl (ConfUtils.java:logGet(46)) - raft.datastream.type = DISABLED (default)
2022-09-14 01:14:14,737 [Listener at 127.0.0.1/43991] INFO  server.RaftServerConfigKeys (ConfUtils.java:logGet(46)) - raft.server.threadpool.proxy.cached = true (default)
2022-09-14 01:14:14,738 [Listener at 127.0.0.1/43991] INFO  server.RaftServerConfigKeys (ConfUtils.java:logGet(46)) - raft.server.threadpool.proxy.size = 0 (default)
2022-09-14 01:14:14,738 [Listener at 127.0.0.1/43991] INFO  server.RaftServerConfigKeys (ConfUtils.java:logGet(46)) - raft.server.rpc.slowness.timeout = 10000ms (custom)
2022-09-14 01:14:14,738 [Listener at 127.0.0.1/43991] INFO  server.RaftServerConfigKeys (ConfUtils.java:logGet(46)) - raft.server.leaderelection.leader.step-down.wait-time = 10s (default)
2022-09-14 01:14:14,738 [Listener at 127.0.0.1/43991] INFO  server.RaftServerConfigKeys (ConfUtils.java:logGet(46)) - raft.server.storage.dir = [/home/runner/work/ozone/ozone/hadoop-ozone/integration-test/target/test-dir/MiniOzoneClusterImpl-ffa34613-6460-47dc-a2f2-a82eeb3f6f6a/datanode-2/data/ratis] (custom)
2022-09-14 01:14:14,740 [Listener at 127.0.0.1/43991] INFO  server.XceiverServerGrpc (XceiverServerGrpc.java:<init>(132)) - GrpcServer channel type EpollServerSocketChannel
2022-09-14 01:14:14,744 [Listener at 127.0.0.1/43991] INFO  http.BaseHttpServer (BaseHttpServer.java:newHttpServer2BuilderForOzone(213)) - Starting Web-server for hddsDatanode at: http://0.0.0.0:0
2022-09-14 01:14:14,744 [Listener at 127.0.0.1/43991] INFO  http.BaseHttpServer (BaseHttpServer.java:<init>(108)) - Hadoop Security Enabled: false Ozone Security Enabled: false Ozone HTTP Security Enabled: false 
2022-09-14 01:14:14,745 [Listener at 127.0.0.1/43991] INFO  server.AuthenticationFilter (AuthenticationFilter.java:constructSecretProvider(240)) - Unable to initialize FileSignerSecretProvider, falling back to use random secrets.
2022-09-14 01:14:14,747 [Listener at 127.0.0.1/43991] WARN  http.HttpRequestLog (HttpRequestLog.java:getRequestLog(103)) - Jetty request log can only be enabled using Log4j
2022-09-14 01:14:14,748 [Listener at 127.0.0.1/43991] INFO  http.HttpServer2 (HttpServer2.java:addGlobalFilter(1029)) - Added global filter 'safety' (class=org.apache.hadoop.hdds.server.http.HttpServer2$QuotingInputFilter)
2022-09-14 01:14:14,749 [Listener at 127.0.0.1/43991] INFO  http.HttpServer2 (HttpServer2.java:addFilter(1005)) - Added filter static_user_filter (class=org.apache.hadoop.http.lib.StaticUserWebFilter$StaticUserFilter) to context hddsDatanode
2022-09-14 01:14:14,749 [Listener at 127.0.0.1/43991] INFO  http.HttpServer2 (HttpServer2.java:addFilter(1013)) - Added filter static_user_filter (class=org.apache.hadoop.http.lib.StaticUserWebFilter$StaticUserFilter) to context logs
2022-09-14 01:14:14,749 [Listener at 127.0.0.1/43991] INFO  http.HttpServer2 (HttpServer2.java:addFilter(1013)) - Added filter static_user_filter (class=org.apache.hadoop.http.lib.StaticUserWebFilter$StaticUserFilter) to context static
2022-09-14 01:14:14,750 [Listener at 127.0.0.1/43991] INFO  http.HttpServer2 (HttpServer2.java:bindListener(1248)) - Jetty bound to port 41515
2022-09-14 01:14:14,750 [Listener at 127.0.0.1/43991] INFO  server.Server (Server.java:doStart(375)) - jetty-9.4.43.v20210629; built: 2021-06-30T11:07:22.254Z; git: 526006ecfa3af7f1a27ef3a288e2bef7ea9dd7e8; jvm 1.8.0_345-b01
2022-09-14 01:14:14,754 [Listener at 127.0.0.1/43991] INFO  server.session (DefaultSessionIdManager.java:doStart(334)) - DefaultSessionIdManager workerName=node0
2022-09-14 01:14:14,754 [Listener at 127.0.0.1/43991] INFO  server.session (DefaultSessionIdManager.java:doStart(339)) - No SessionScavenger set, using defaults
2022-09-14 01:14:14,755 [Listener at 127.0.0.1/43991] INFO  server.session (HouseKeeper.java:startScavenging(132)) - node0 Scavenging every 600000ms
2022-09-14 01:14:14,757 [Listener at 127.0.0.1/43991] INFO  handler.ContextHandler (ContextHandler.java:doStart(915)) - Started o.e.j.s.ServletContextHandler@5cacfa4a{logs,/logs,file:///home/runner/work/ozone/ozone/hadoop-ozone/integration-test/target/log,AVAILABLE}
2022-09-14 01:14:14,757 [Listener at 127.0.0.1/43991] INFO  handler.ContextHandler (ContextHandler.java:doStart(915)) - Started o.e.j.s.ServletContextHandler@134d8f2b{static,/static,jar:file:/home/runner/.m2/repository/org/apache/ozone/hdds-container-service/1.3.0-SNAPSHOT/hdds-container-service-1.3.0-SNAPSHOT.jar!/webapps/static,AVAILABLE}
2022-09-14 01:14:14,954 [Listener at 127.0.0.1/43991] INFO  handler.ContextHandler (ContextHandler.java:doStart(915)) - Started o.e.j.w.WebAppContext@30183725{hddsDatanode,/,file:///tmp/jetty-0_0_0_0-41515-hdds-container-service-1_3_0-SNAPSHOT_jar-_-any-7384871731965630431/webapp/,AVAILABLE}{jar:file:/home/runner/.m2/repository/org/apache/ozone/hdds-container-service/1.3.0-SNAPSHOT/hdds-container-service-1.3.0-SNAPSHOT.jar!/webapps/hddsDatanode}
2022-09-14 01:14:14,959 [Listener at 127.0.0.1/43991] INFO  server.AbstractConnector (AbstractConnector.java:doStart(331)) - Started ServerConnector@10238795{HTTP/1.1, (http/1.1)}{0.0.0.0:41515}
2022-09-14 01:14:14,960 [Listener at 127.0.0.1/43991] INFO  server.Server (Server.java:doStart(415)) - Started @10175ms
2022-09-14 01:14:14,960 [Listener at 127.0.0.1/43991] WARN  impl.MetricsSystemImpl (MetricsSystemImpl.java:register(279)) - Sink prometheus already exists!
2022-09-14 01:14:14,961 [Listener at 127.0.0.1/43991] INFO  http.BaseHttpServer (BaseHttpServer.java:updateConnectorAddress(333)) - HTTP server of hddsDatanode listening at http://0.0.0.0:41515
2022-09-14 01:14:14,963 [Datanode State Machine Daemon Thread] INFO  statemachine.DatanodeStateMachine (DatanodeStateMachine.java:lambda$startDaemon$0(492)) - Ozone container server started.
2022-09-14 01:14:14,963 [Listener at 127.0.0.1/43991] WARN  impl.MetricRegistriesImpl (MetricRegistriesImpl.java:addReporterRegistration(111)) - New reporters are added after registries were created. Some metrics will be missing from the reporter. Please add reporter before adding any new registry.
2022-09-14 01:14:14,965 [Listener at 127.0.0.1/43991] WARN  impl.MetricRegistriesImpl (MetricRegistriesImpl.java:addReporterRegistration(111)) - New reporters are added after registries were created. Some metrics will be missing from the reporter. Please add reporter before adding any new registry.
2022-09-14 01:14:14,965 [Listener at 127.0.0.1/43991] INFO  impl.MetricsSystemImpl (MetricsSystemImpl.java:init(158)) - HddsDatanode metrics system started (again)
2022-09-14 01:14:14,978 [org.apache.hadoop.util.JvmPauseMonitor$Monitor@2f29c694] INFO  util.JvmPauseMonitor (JvmPauseMonitor.java:run(188)) - Starting JVM pause monitor
2022-09-14 01:14:14,979 [Listener at 127.0.0.1/43991] INFO  ozone.HddsDatanodeService (HddsDatanodeService.java:start(236)) - HddsDatanodeService host:fv-az571-788.04lcwfe4cpsehn0ni2t1coknih.dx.internal.cloudapp.net ip:10.1.0.6
2022-09-14 01:14:14,984 [Datanode State Machine Task Thread - 0] INFO  datanode.InitDatanodeState (InitDatanodeState.java:persistContainerDatanodeDetails(138)) - DatanodeDetails is persisted to /home/runner/work/ozone/ozone/hadoop-ozone/integration-test/target/test-dir/MiniOzoneClusterImpl-ffa34613-6460-47dc-a2f2-a82eeb3f6f6a/datanode-2/meta/datanode.id
2022-09-14 01:14:15,006 [Listener at 127.0.0.1/43991] INFO  upgrade.AbstractLayoutVersionManager (AbstractLayoutVersionManager.java:init(83)) - Initializing Layout version manager with metadata layout = DATANODE_SCHEMA_V3 (version = 4), software layout = DATANODE_SCHEMA_V3 (version = 4)
2022-09-14 01:14:15,054 [Listener at 127.0.0.1/43991] INFO  reflections.Reflections (Reflections.java:scan(232)) - Reflections took 47 ms to scan 7 urls, producing 135 keys and 327 values 
2022-09-14 01:14:15,056 [Listener at 127.0.0.1/43991] INFO  statemachine.DatanodeStateMachine (DatanodeStateMachine.java:getEndPointTaskThreadPoolSize(237)) - Datanode State Machine Task Thread Pool size 2
2022-09-14 01:14:15,058 [Listener at 127.0.0.1/43991] INFO  volume.HddsVolume (HddsVolume.java:<init>(117)) - Creating HddsVolume: /home/runner/work/ozone/ozone/hadoop-ozone/integration-test/target/test-dir/MiniOzoneClusterImpl-ffa34613-6460-47dc-a2f2-a82eeb3f6f6a/datanode-3/data-0/containers/hdds of storage type : DISK capacity : 9223372036854775807
2022-09-14 01:14:15,059 [Listener at 127.0.0.1/43991] INFO  volume.MutableVolumeSet (MutableVolumeSet.java:initializeVolumeSet(174)) - Added Volume : /home/runner/work/ozone/ozone/hadoop-ozone/integration-test/target/test-dir/MiniOzoneClusterImpl-ffa34613-6460-47dc-a2f2-a82eeb3f6f6a/datanode-3/data-0/containers/hdds to VolumeSet
2022-09-14 01:14:15,059 [Listener at 127.0.0.1/43991] INFO  volume.ThrottledAsyncChecker (ThrottledAsyncChecker.java:schedule(141)) - Scheduling a check for /home/runner/work/ozone/ozone/hadoop-ozone/integration-test/target/test-dir/MiniOzoneClusterImpl-ffa34613-6460-47dc-a2f2-a82eeb3f6f6a/datanode-3/data-0/containers/hdds
2022-09-14 01:14:15,061 [Listener at 127.0.0.1/43991] INFO  volume.StorageVolumeChecker (StorageVolumeChecker.java:checkAllVolumes(202)) - Scheduled health check for volume /home/runner/work/ozone/ozone/hadoop-ozone/integration-test/target/test-dir/MiniOzoneClusterImpl-ffa34613-6460-47dc-a2f2-a82eeb3f6f6a/datanode-3/data-0/containers/hdds
2022-09-14 01:14:15,074 [Listener at 127.0.0.1/43991] INFO  volume.MutableVolumeSet (MutableVolumeSet.java:initializeVolumeSet(174)) - Added Volume : /home/runner/work/ozone/ozone/hadoop-ozone/integration-test/target/test-dir/MiniOzoneClusterImpl-ffa34613-6460-47dc-a2f2-a82eeb3f6f6a/datanode-3/data/ratis to VolumeSet
2022-09-14 01:14:15,075 [Listener at 127.0.0.1/43991] INFO  volume.ThrottledAsyncChecker (ThrottledAsyncChecker.java:schedule(141)) - Scheduling a check for /home/runner/work/ozone/ozone/hadoop-ozone/integration-test/target/test-dir/MiniOzoneClusterImpl-ffa34613-6460-47dc-a2f2-a82eeb3f6f6a/datanode-3/data/ratis
2022-09-14 01:14:15,075 [Listener at 127.0.0.1/43991] INFO  volume.StorageVolumeChecker (StorageVolumeChecker.java:checkAllVolumes(202)) - Scheduled health check for volume /home/runner/work/ozone/ozone/hadoop-ozone/integration-test/target/test-dir/MiniOzoneClusterImpl-ffa34613-6460-47dc-a2f2-a82eeb3f6f6a/datanode-3/data/ratis
2022-09-14 01:14:15,106 [Thread-177] INFO  ozoneimpl.ContainerReader (ContainerReader.java:readVolume(175)) - Finish verifying containers on volume /home/runner/work/ozone/ozone/hadoop-ozone/integration-test/target/test-dir/MiniOzoneClusterImpl-ffa34613-6460-47dc-a2f2-a82eeb3f6f6a/datanode-3/data-0/containers/hdds
2022-09-14 01:14:15,107 [Listener at 127.0.0.1/43991] INFO  ozoneimpl.OzoneContainer (OzoneContainer.java:buildContainerSet(300)) - Build ContainerSet costs 0s
2022-09-14 01:14:15,110 [Listener at 127.0.0.1/43991] INFO  server.RaftServer (ConfUtils.java:logGet(46)) - raft.rpc.type = GRPC (default)
2022-09-14 01:14:15,110 [Listener at 127.0.0.1/43991] INFO  grpc.GrpcFactory (GrpcFactory.java:checkPooledByteBufAllocatorUseCacheForAllThreads(48)) - PERFORMANCE WARNING: useCacheForAllThreads is true that may cause Netty to create a lot garbage objects and, as a result, trigger GC.
	It is recommended to disable useCacheForAllThreads by setting -Dorg.apache.ratis.thirdparty.io.netty.allocator.useCacheForAllThreads=false in command line.
2022-09-14 01:14:15,111 [Listener at 127.0.0.1/43991] INFO  grpc.GrpcConfigKeys (ConfUtils.java:logGet(46)) - raft.grpc.admin.port = 0 (custom)
2022-09-14 01:14:15,111 [Listener at 127.0.0.1/43991] INFO  grpc.GrpcConfigKeys (ConfUtils.java:logGet(46)) - raft.grpc.client.port = 0 (custom)
2022-09-14 01:14:15,111 [Listener at 127.0.0.1/43991] INFO  grpc.GrpcConfigKeys (ConfUtils.java:logGet(46)) - raft.grpc.server.port = 0 (default)
2022-09-14 01:14:15,111 [Listener at 127.0.0.1/43991] INFO  server.GrpcService (ConfUtils.java:logGet(46)) - raft.grpc.message.size.max = 32MB (=33554432) (custom)
2022-09-14 01:14:15,111 [Listener at 127.0.0.1/43991] INFO  server.RaftServerConfigKeys (ConfUtils.java:logGet(46)) - raft.server.log.appender.buffer.byte-limit = 33554432 (custom)
2022-09-14 01:14:15,111 [Listener at 127.0.0.1/43991] INFO  server.GrpcService (ConfUtils.java:logGet(46)) - raft.grpc.flow.control.window = 5MB (=5242880) (custom)
2022-09-14 01:14:15,112 [Listener at 127.0.0.1/43991] INFO  server.RaftServerConfigKeys (ConfUtils.java:logGet(46)) - raft.server.rpc.request.timeout = 60000ms (custom)
2022-09-14 01:14:15,112 [Listener at 127.0.0.1/43991] INFO  grpc.GrpcConfigKeys (ConfUtils.java:logGet(46)) - raft.grpc.server.async.request.thread.pool.cached = true (default)
2022-09-14 01:14:15,112 [Listener at 127.0.0.1/43991] INFO  grpc.GrpcConfigKeys (ConfUtils.java:logGet(46)) - raft.grpc.server.async.request.thread.pool.size = 32 (default)
2022-09-14 01:14:15,113 [Listener at 127.0.0.1/43991] INFO  impl.DataStreamServerImpl (ConfUtils.java:logGet(46)) - raft.datastream.type = DISABLED (default)
2022-09-14 01:14:15,114 [Listener at 127.0.0.1/43991] INFO  server.RaftServerConfigKeys (ConfUtils.java:logGet(46)) - raft.server.threadpool.proxy.cached = true (default)
2022-09-14 01:14:15,114 [Listener at 127.0.0.1/43991] INFO  server.RaftServerConfigKeys (ConfUtils.java:logGet(46)) - raft.server.threadpool.proxy.size = 0 (default)
2022-09-14 01:14:15,114 [Listener at 127.0.0.1/43991] INFO  server.RaftServerConfigKeys (ConfUtils.java:logGet(46)) - raft.server.rpc.slowness.timeout = 10000ms (custom)
2022-09-14 01:14:15,114 [Listener at 127.0.0.1/43991] INFO  server.RaftServerConfigKeys (ConfUtils.java:logGet(46)) - raft.server.leaderelection.leader.step-down.wait-time = 10s (default)
2022-09-14 01:14:15,114 [Listener at 127.0.0.1/43991] INFO  server.RaftServerConfigKeys (ConfUtils.java:logGet(46)) - raft.server.storage.dir = [/home/runner/work/ozone/ozone/hadoop-ozone/integration-test/target/test-dir/MiniOzoneClusterImpl-ffa34613-6460-47dc-a2f2-a82eeb3f6f6a/datanode-3/data/ratis] (custom)
2022-09-14 01:14:15,125 [Listener at 127.0.0.1/43991] INFO  server.XceiverServerGrpc (XceiverServerGrpc.java:<init>(132)) - GrpcServer channel type EpollServerSocketChannel
2022-09-14 01:14:15,133 [Listener at 127.0.0.1/43991] INFO  http.BaseHttpServer (BaseHttpServer.java:newHttpServer2BuilderForOzone(213)) - Starting Web-server for hddsDatanode at: http://0.0.0.0:0
2022-09-14 01:14:15,134 [Listener at 127.0.0.1/43991] INFO  http.BaseHttpServer (BaseHttpServer.java:<init>(108)) - Hadoop Security Enabled: false Ozone Security Enabled: false Ozone HTTP Security Enabled: false 
2022-09-14 01:14:15,135 [Listener at 127.0.0.1/43991] INFO  server.AuthenticationFilter (AuthenticationFilter.java:constructSecretProvider(240)) - Unable to initialize FileSignerSecretProvider, falling back to use random secrets.
2022-09-14 01:14:15,136 [Listener at 127.0.0.1/43991] WARN  http.HttpRequestLog (HttpRequestLog.java:getRequestLog(103)) - Jetty request log can only be enabled using Log4j
2022-09-14 01:14:15,142 [Listener at 127.0.0.1/43991] INFO  http.HttpServer2 (HttpServer2.java:addGlobalFilter(1029)) - Added global filter 'safety' (class=org.apache.hadoop.hdds.server.http.HttpServer2$QuotingInputFilter)
2022-09-14 01:14:15,143 [Listener at 127.0.0.1/43991] INFO  http.HttpServer2 (HttpServer2.java:addFilter(1005)) - Added filter static_user_filter (class=org.apache.hadoop.http.lib.StaticUserWebFilter$StaticUserFilter) to context hddsDatanode
2022-09-14 01:14:15,143 [Listener at 127.0.0.1/43991] INFO  http.HttpServer2 (HttpServer2.java:addFilter(1013)) - Added filter static_user_filter (class=org.apache.hadoop.http.lib.StaticUserWebFilter$StaticUserFilter) to context static
2022-09-14 01:14:15,143 [Listener at 127.0.0.1/43991] INFO  http.HttpServer2 (HttpServer2.java:addFilter(1013)) - Added filter static_user_filter (class=org.apache.hadoop.http.lib.StaticUserWebFilter$StaticUserFilter) to context logs
2022-09-14 01:14:15,144 [Listener at 127.0.0.1/43991] INFO  http.HttpServer2 (HttpServer2.java:bindListener(1248)) - Jetty bound to port 37133
2022-09-14 01:14:15,144 [Listener at 127.0.0.1/43991] INFO  server.Server (Server.java:doStart(375)) - jetty-9.4.43.v20210629; built: 2021-06-30T11:07:22.254Z; git: 526006ecfa3af7f1a27ef3a288e2bef7ea9dd7e8; jvm 1.8.0_345-b01
2022-09-14 01:14:15,146 [Listener at 127.0.0.1/43991] INFO  server.session (DefaultSessionIdManager.java:doStart(334)) - DefaultSessionIdManager workerName=node0
2022-09-14 01:14:15,146 [Listener at 127.0.0.1/43991] INFO  server.session (DefaultSessionIdManager.java:doStart(339)) - No SessionScavenger set, using defaults
2022-09-14 01:14:15,146 [Listener at 127.0.0.1/43991] INFO  server.session (HouseKeeper.java:startScavenging(132)) - node0 Scavenging every 660000ms
2022-09-14 01:14:15,147 [Listener at 127.0.0.1/43991] INFO  handler.ContextHandler (ContextHandler.java:doStart(915)) - Started o.e.j.s.ServletContextHandler@430a748{logs,/logs,file:///home/runner/work/ozone/ozone/hadoop-ozone/integration-test/target/log,AVAILABLE}
2022-09-14 01:14:15,148 [Listener at 127.0.0.1/43991] INFO  handler.ContextHandler (ContextHandler.java:doStart(915)) - Started o.e.j.s.ServletContextHandler@410c9cad{static,/static,jar:file:/home/runner/.m2/repository/org/apache/ozone/hdds-container-service/1.3.0-SNAPSHOT/hdds-container-service-1.3.0-SNAPSHOT.jar!/webapps/static,AVAILABLE}
2022-09-14 01:14:15,343 [Listener at 127.0.0.1/43991] INFO  handler.ContextHandler (ContextHandler.java:doStart(915)) - Started o.e.j.w.WebAppContext@109d51e8{hddsDatanode,/,file:///tmp/jetty-0_0_0_0-37133-hdds-container-service-1_3_0-SNAPSHOT_jar-_-any-6074027249532894340/webapp/,AVAILABLE}{jar:file:/home/runner/.m2/repository/org/apache/ozone/hdds-container-service/1.3.0-SNAPSHOT/hdds-container-service-1.3.0-SNAPSHOT.jar!/webapps/hddsDatanode}
2022-09-14 01:14:15,344 [Listener at 127.0.0.1/43991] INFO  server.AbstractConnector (AbstractConnector.java:doStart(331)) - Started ServerConnector@7c51755a{HTTP/1.1, (http/1.1)}{0.0.0.0:37133}
2022-09-14 01:14:15,344 [Listener at 127.0.0.1/43991] INFO  server.Server (Server.java:doStart(415)) - Started @10560ms
2022-09-14 01:14:15,345 [Listener at 127.0.0.1/43991] WARN  impl.MetricsSystemImpl (MetricsSystemImpl.java:register(279)) - Sink prometheus already exists!
2022-09-14 01:14:15,345 [Listener at 127.0.0.1/43991] INFO  http.BaseHttpServer (BaseHttpServer.java:updateConnectorAddress(333)) - HTTP server of hddsDatanode listening at http://0.0.0.0:37133
2022-09-14 01:14:15,346 [Listener at 127.0.0.1/43991] WARN  impl.MetricRegistriesImpl (MetricRegistriesImpl.java:addReporterRegistration(111)) - New reporters are added after registries were created. Some metrics will be missing from the reporter. Please add reporter before adding any new registry.
2022-09-14 01:14:15,346 [Listener at 127.0.0.1/43991] WARN  impl.MetricRegistriesImpl (MetricRegistriesImpl.java:addReporterRegistration(111)) - New reporters are added after registries were created. Some metrics will be missing from the reporter. Please add reporter before adding any new registry.
2022-09-14 01:14:15,346 [Listener at 127.0.0.1/43991] INFO  impl.MetricsSystemImpl (MetricsSystemImpl.java:init(158)) - HddsDatanode metrics system started (again)
2022-09-14 01:14:15,346 [Datanode State Machine Daemon Thread] INFO  statemachine.DatanodeStateMachine (DatanodeStateMachine.java:lambda$startDaemon$0(492)) - Ozone container server started.
2022-09-14 01:14:15,354 [org.apache.hadoop.util.JvmPauseMonitor$Monitor@20e2dabf] INFO  util.JvmPauseMonitor (JvmPauseMonitor.java:run(188)) - Starting JVM pause monitor
2022-09-14 01:14:15,360 [Datanode State Machine Task Thread - 0] INFO  datanode.InitDatanodeState (InitDatanodeState.java:persistContainerDatanodeDetails(138)) - DatanodeDetails is persisted to /home/runner/work/ozone/ozone/hadoop-ozone/integration-test/target/test-dir/MiniOzoneClusterImpl-ffa34613-6460-47dc-a2f2-a82eeb3f6f6a/datanode-3/meta/datanode.id
2022-09-14 01:14:15,362 [Listener at 127.0.0.1/43991] INFO  ozone.HddsDatanodeService (HddsDatanodeService.java:start(236)) - HddsDatanodeService host:fv-az571-788.04lcwfe4cpsehn0ni2t1coknih.dx.internal.cloudapp.net ip:10.1.0.6
2022-09-14 01:14:15,386 [Listener at 127.0.0.1/43991] INFO  upgrade.AbstractLayoutVersionManager (AbstractLayoutVersionManager.java:init(83)) - Initializing Layout version manager with metadata layout = DATANODE_SCHEMA_V3 (version = 4), software layout = DATANODE_SCHEMA_V3 (version = 4)
2022-09-14 01:14:15,435 [Listener at 127.0.0.1/43991] INFO  reflections.Reflections (Reflections.java:scan(232)) - Reflections took 48 ms to scan 7 urls, producing 135 keys and 327 values 
2022-09-14 01:14:15,437 [Listener at 127.0.0.1/43991] INFO  statemachine.DatanodeStateMachine (DatanodeStateMachine.java:getEndPointTaskThreadPoolSize(237)) - Datanode State Machine Task Thread Pool size 2
2022-09-14 01:14:15,441 [Listener at 127.0.0.1/43991] INFO  volume.HddsVolume (HddsVolume.java:<init>(117)) - Creating HddsVolume: /home/runner/work/ozone/ozone/hadoop-ozone/integration-test/target/test-dir/MiniOzoneClusterImpl-ffa34613-6460-47dc-a2f2-a82eeb3f6f6a/datanode-4/data-0/containers/hdds of storage type : DISK capacity : 9223372036854775807
2022-09-14 01:14:15,442 [Listener at 127.0.0.1/43991] INFO  volume.MutableVolumeSet (MutableVolumeSet.java:initializeVolumeSet(174)) - Added Volume : /home/runner/work/ozone/ozone/hadoop-ozone/integration-test/target/test-dir/MiniOzoneClusterImpl-ffa34613-6460-47dc-a2f2-a82eeb3f6f6a/datanode-4/data-0/containers/hdds to VolumeSet
2022-09-14 01:14:15,442 [Listener at 127.0.0.1/43991] INFO  volume.ThrottledAsyncChecker (ThrottledAsyncChecker.java:schedule(141)) - Scheduling a check for /home/runner/work/ozone/ozone/hadoop-ozone/integration-test/target/test-dir/MiniOzoneClusterImpl-ffa34613-6460-47dc-a2f2-a82eeb3f6f6a/datanode-4/data-0/containers/hdds
2022-09-14 01:14:15,443 [Listener at 127.0.0.1/43991] INFO  volume.StorageVolumeChecker (StorageVolumeChecker.java:checkAllVolumes(202)) - Scheduled health check for volume /home/runner/work/ozone/ozone/hadoop-ozone/integration-test/target/test-dir/MiniOzoneClusterImpl-ffa34613-6460-47dc-a2f2-a82eeb3f6f6a/datanode-4/data-0/containers/hdds
2022-09-14 01:14:15,456 [Listener at 127.0.0.1/43991] INFO  volume.MutableVolumeSet (MutableVolumeSet.java:initializeVolumeSet(174)) - Added Volume : /home/runner/work/ozone/ozone/hadoop-ozone/integration-test/target/test-dir/MiniOzoneClusterImpl-ffa34613-6460-47dc-a2f2-a82eeb3f6f6a/datanode-4/data/ratis to VolumeSet
2022-09-14 01:14:15,456 [Listener at 127.0.0.1/43991] INFO  volume.ThrottledAsyncChecker (ThrottledAsyncChecker.java:schedule(141)) - Scheduling a check for /home/runner/work/ozone/ozone/hadoop-ozone/integration-test/target/test-dir/MiniOzoneClusterImpl-ffa34613-6460-47dc-a2f2-a82eeb3f6f6a/datanode-4/data/ratis
2022-09-14 01:14:15,456 [Listener at 127.0.0.1/43991] INFO  volume.StorageVolumeChecker (StorageVolumeChecker.java:checkAllVolumes(202)) - Scheduled health check for volume /home/runner/work/ozone/ozone/hadoop-ozone/integration-test/target/test-dir/MiniOzoneClusterImpl-ffa34613-6460-47dc-a2f2-a82eeb3f6f6a/datanode-4/data/ratis
2022-09-14 01:14:15,469 [Thread-190] INFO  ozoneimpl.ContainerReader (ContainerReader.java:readVolume(175)) - Finish verifying containers on volume /home/runner/work/ozone/ozone/hadoop-ozone/integration-test/target/test-dir/MiniOzoneClusterImpl-ffa34613-6460-47dc-a2f2-a82eeb3f6f6a/datanode-4/data-0/containers/hdds
2022-09-14 01:14:15,469 [Listener at 127.0.0.1/43991] INFO  ozoneimpl.OzoneContainer (OzoneContainer.java:buildContainerSet(300)) - Build ContainerSet costs 0s
2022-09-14 01:14:15,473 [Listener at 127.0.0.1/43991] INFO  server.RaftServer (ConfUtils.java:logGet(46)) - raft.rpc.type = GRPC (default)
2022-09-14 01:14:15,473 [Listener at 127.0.0.1/43991] INFO  grpc.GrpcFactory (GrpcFactory.java:checkPooledByteBufAllocatorUseCacheForAllThreads(48)) - PERFORMANCE WARNING: useCacheForAllThreads is true that may cause Netty to create a lot garbage objects and, as a result, trigger GC.
	It is recommended to disable useCacheForAllThreads by setting -Dorg.apache.ratis.thirdparty.io.netty.allocator.useCacheForAllThreads=false in command line.
2022-09-14 01:14:15,473 [Listener at 127.0.0.1/43991] INFO  grpc.GrpcConfigKeys (ConfUtils.java:logGet(46)) - raft.grpc.admin.port = 0 (custom)
2022-09-14 01:14:15,473 [Listener at 127.0.0.1/43991] INFO  grpc.GrpcConfigKeys (ConfUtils.java:logGet(46)) - raft.grpc.client.port = 0 (custom)
2022-09-14 01:14:15,473 [Listener at 127.0.0.1/43991] INFO  grpc.GrpcConfigKeys (ConfUtils.java:logGet(46)) - raft.grpc.server.port = 0 (default)
2022-09-14 01:14:15,474 [Listener at 127.0.0.1/43991] INFO  server.GrpcService (ConfUtils.java:logGet(46)) - raft.grpc.message.size.max = 32MB (=33554432) (custom)
2022-09-14 01:14:15,474 [Listener at 127.0.0.1/43991] INFO  server.RaftServerConfigKeys (ConfUtils.java:logGet(46)) - raft.server.log.appender.buffer.byte-limit = 33554432 (custom)
2022-09-14 01:14:15,474 [Listener at 127.0.0.1/43991] INFO  server.GrpcService (ConfUtils.java:logGet(46)) - raft.grpc.flow.control.window = 5MB (=5242880) (custom)
2022-09-14 01:14:15,474 [Listener at 127.0.0.1/43991] INFO  server.RaftServerConfigKeys (ConfUtils.java:logGet(46)) - raft.server.rpc.request.timeout = 60000ms (custom)
2022-09-14 01:14:15,474 [Listener at 127.0.0.1/43991] INFO  grpc.GrpcConfigKeys (ConfUtils.java:logGet(46)) - raft.grpc.server.async.request.thread.pool.cached = true (default)
2022-09-14 01:14:15,474 [Listener at 127.0.0.1/43991] INFO  grpc.GrpcConfigKeys (ConfUtils.java:logGet(46)) - raft.grpc.server.async.request.thread.pool.size = 32 (default)
2022-09-14 01:14:15,476 [Listener at 127.0.0.1/43991] INFO  impl.DataStreamServerImpl (ConfUtils.java:logGet(46)) - raft.datastream.type = DISABLED (default)
2022-09-14 01:14:15,476 [Listener at 127.0.0.1/43991] INFO  server.RaftServerConfigKeys (ConfUtils.java:logGet(46)) - raft.server.threadpool.proxy.cached = true (default)
2022-09-14 01:14:15,476 [Listener at 127.0.0.1/43991] INFO  server.RaftServerConfigKeys (ConfUtils.java:logGet(46)) - raft.server.threadpool.proxy.size = 0 (default)
2022-09-14 01:14:15,476 [Listener at 127.0.0.1/43991] INFO  server.RaftServerConfigKeys (ConfUtils.java:logGet(46)) - raft.server.rpc.slowness.timeout = 10000ms (custom)
2022-09-14 01:14:15,476 [Listener at 127.0.0.1/43991] INFO  server.RaftServerConfigKeys (ConfUtils.java:logGet(46)) - raft.server.leaderelection.leader.step-down.wait-time = 10s (default)
2022-09-14 01:14:15,477 [Listener at 127.0.0.1/43991] INFO  server.RaftServerConfigKeys (ConfUtils.java:logGet(46)) - raft.server.storage.dir = [/home/runner/work/ozone/ozone/hadoop-ozone/integration-test/target/test-dir/MiniOzoneClusterImpl-ffa34613-6460-47dc-a2f2-a82eeb3f6f6a/datanode-4/data/ratis] (custom)
2022-09-14 01:14:15,479 [Listener at 127.0.0.1/43991] INFO  server.XceiverServerGrpc (XceiverServerGrpc.java:<init>(132)) - GrpcServer channel type EpollServerSocketChannel
2022-09-14 01:14:15,486 [Listener at 127.0.0.1/43991] INFO  http.BaseHttpServer (BaseHttpServer.java:newHttpServer2BuilderForOzone(213)) - Starting Web-server for hddsDatanode at: http://0.0.0.0:0
2022-09-14 01:14:15,486 [Listener at 127.0.0.1/43991] INFO  http.BaseHttpServer (BaseHttpServer.java:<init>(108)) - Hadoop Security Enabled: false Ozone Security Enabled: false Ozone HTTP Security Enabled: false 
2022-09-14 01:14:15,488 [Listener at 127.0.0.1/43991] INFO  server.AuthenticationFilter (AuthenticationFilter.java:constructSecretProvider(240)) - Unable to initialize FileSignerSecretProvider, falling back to use random secrets.
2022-09-14 01:14:15,488 [Listener at 127.0.0.1/43991] WARN  http.HttpRequestLog (HttpRequestLog.java:getRequestLog(103)) - Jetty request log can only be enabled using Log4j
2022-09-14 01:14:15,490 [Listener at 127.0.0.1/43991] INFO  http.HttpServer2 (HttpServer2.java:addGlobalFilter(1029)) - Added global filter 'safety' (class=org.apache.hadoop.hdds.server.http.HttpServer2$QuotingInputFilter)
2022-09-14 01:14:15,490 [Listener at 127.0.0.1/43991] INFO  http.HttpServer2 (HttpServer2.java:addFilter(1005)) - Added filter static_user_filter (class=org.apache.hadoop.http.lib.StaticUserWebFilter$StaticUserFilter) to context hddsDatanode
2022-09-14 01:14:15,491 [Listener at 127.0.0.1/43991] INFO  http.HttpServer2 (HttpServer2.java:addFilter(1013)) - Added filter static_user_filter (class=org.apache.hadoop.http.lib.StaticUserWebFilter$StaticUserFilter) to context logs
2022-09-14 01:14:15,491 [Listener at 127.0.0.1/43991] INFO  http.HttpServer2 (HttpServer2.java:addFilter(1013)) - Added filter static_user_filter (class=org.apache.hadoop.http.lib.StaticUserWebFilter$StaticUserFilter) to context static
2022-09-14 01:14:15,491 [Listener at 127.0.0.1/43991] INFO  http.HttpServer2 (HttpServer2.java:bindListener(1248)) - Jetty bound to port 42635
2022-09-14 01:14:15,492 [Listener at 127.0.0.1/43991] INFO  server.Server (Server.java:doStart(375)) - jetty-9.4.43.v20210629; built: 2021-06-30T11:07:22.254Z; git: 526006ecfa3af7f1a27ef3a288e2bef7ea9dd7e8; jvm 1.8.0_345-b01
2022-09-14 01:14:15,493 [Listener at 127.0.0.1/43991] INFO  server.session (DefaultSessionIdManager.java:doStart(334)) - DefaultSessionIdManager workerName=node0
2022-09-14 01:14:15,493 [Listener at 127.0.0.1/43991] INFO  server.session (DefaultSessionIdManager.java:doStart(339)) - No SessionScavenger set, using defaults
2022-09-14 01:14:15,494 [Listener at 127.0.0.1/43991] INFO  server.session (HouseKeeper.java:startScavenging(132)) - node0 Scavenging every 600000ms
2022-09-14 01:14:15,494 [Listener at 127.0.0.1/43991] INFO  handler.ContextHandler (ContextHandler.java:doStart(915)) - Started o.e.j.s.ServletContextHandler@46d9dd6e{logs,/logs,file:///home/runner/work/ozone/ozone/hadoop-ozone/integration-test/target/log,AVAILABLE}
2022-09-14 01:14:15,495 [Listener at 127.0.0.1/43991] INFO  handler.ContextHandler (ContextHandler.java:doStart(915)) - Started o.e.j.s.ServletContextHandler@3767b38b{static,/static,jar:file:/home/runner/.m2/repository/org/apache/ozone/hdds-container-service/1.3.0-SNAPSHOT/hdds-container-service-1.3.0-SNAPSHOT.jar!/webapps/static,AVAILABLE}
2022-09-14 01:14:15,685 [Listener at 127.0.0.1/43991] INFO  handler.ContextHandler (ContextHandler.java:doStart(915)) - Started o.e.j.w.WebAppContext@1f027829{hddsDatanode,/,file:///tmp/jetty-0_0_0_0-42635-hdds-container-service-1_3_0-SNAPSHOT_jar-_-any-1795926887461581012/webapp/,AVAILABLE}{jar:file:/home/runner/.m2/repository/org/apache/ozone/hdds-container-service/1.3.0-SNAPSHOT/hdds-container-service-1.3.0-SNAPSHOT.jar!/webapps/hddsDatanode}
2022-09-14 01:14:15,686 [Listener at 127.0.0.1/43991] INFO  server.AbstractConnector (AbstractConnector.java:doStart(331)) - Started ServerConnector@7e62265d{HTTP/1.1, (http/1.1)}{0.0.0.0:42635}
2022-09-14 01:14:15,687 [Listener at 127.0.0.1/43991] INFO  server.Server (Server.java:doStart(415)) - Started @10902ms
2022-09-14 01:14:15,687 [Listener at 127.0.0.1/43991] WARN  impl.MetricsSystemImpl (MetricsSystemImpl.java:register(279)) - Sink prometheus already exists!
2022-09-14 01:14:15,687 [Listener at 127.0.0.1/43991] INFO  http.BaseHttpServer (BaseHttpServer.java:updateConnectorAddress(333)) - HTTP server of hddsDatanode listening at http://0.0.0.0:42635
2022-09-14 01:14:15,688 [Listener at 127.0.0.1/43991] WARN  impl.MetricRegistriesImpl (MetricRegistriesImpl.java:addReporterRegistration(111)) - New reporters are added after registries were created. Some metrics will be missing from the reporter. Please add reporter before adding any new registry.
2022-09-14 01:14:15,688 [Listener at 127.0.0.1/43991] WARN  impl.MetricRegistriesImpl (MetricRegistriesImpl.java:addReporterRegistration(111)) - New reporters are added after registries were created. Some metrics will be missing from the reporter. Please add reporter before adding any new registry.
2022-09-14 01:14:15,688 [Listener at 127.0.0.1/43991] INFO  impl.MetricsSystemImpl (MetricsSystemImpl.java:init(158)) - HddsDatanode metrics system started (again)
2022-09-14 01:14:15,690 [Datanode State Machine Daemon Thread] INFO  statemachine.DatanodeStateMachine (DatanodeStateMachine.java:lambda$startDaemon$0(492)) - Ozone container server started.
2022-09-14 01:14:15,702 [org.apache.hadoop.util.JvmPauseMonitor$Monitor@4afd3efb] INFO  util.JvmPauseMonitor (JvmPauseMonitor.java:run(188)) - Starting JVM pause monitor
2022-09-14 01:14:15,702 [Listener at 127.0.0.1/43991] INFO  ozone.HddsDatanodeService (HddsDatanodeService.java:start(236)) - HddsDatanodeService host:fv-az571-788.04lcwfe4cpsehn0ni2t1coknih.dx.internal.cloudapp.net ip:10.1.0.6
2022-09-14 01:14:15,711 [Datanode State Machine Task Thread - 0] INFO  datanode.InitDatanodeState (InitDatanodeState.java:persistContainerDatanodeDetails(138)) - DatanodeDetails is persisted to /home/runner/work/ozone/ozone/hadoop-ozone/integration-test/target/test-dir/MiniOzoneClusterImpl-ffa34613-6460-47dc-a2f2-a82eeb3f6f6a/datanode-4/meta/datanode.id
2022-09-14 01:14:15,735 [Listener at 127.0.0.1/43991] INFO  upgrade.AbstractLayoutVersionManager (AbstractLayoutVersionManager.java:init(83)) - Initializing Layout version manager with metadata layout = DATANODE_SCHEMA_V3 (version = 4), software layout = DATANODE_SCHEMA_V3 (version = 4)
2022-09-14 01:14:15,792 [Listener at 127.0.0.1/43991] INFO  reflections.Reflections (Reflections.java:scan(232)) - Reflections took 56 ms to scan 7 urls, producing 135 keys and 327 values 
2022-09-14 01:14:15,794 [Listener at 127.0.0.1/43991] INFO  statemachine.DatanodeStateMachine (DatanodeStateMachine.java:getEndPointTaskThreadPoolSize(237)) - Datanode State Machine Task Thread Pool size 2
2022-09-14 01:14:15,796 [Listener at 127.0.0.1/43991] INFO  volume.HddsVolume (HddsVolume.java:<init>(117)) - Creating HddsVolume: /home/runner/work/ozone/ozone/hadoop-ozone/integration-test/target/test-dir/MiniOzoneClusterImpl-ffa34613-6460-47dc-a2f2-a82eeb3f6f6a/datanode-5/data-0/containers/hdds of storage type : DISK capacity : 9223372036854775807
2022-09-14 01:14:15,797 [Listener at 127.0.0.1/43991] INFO  volume.MutableVolumeSet (MutableVolumeSet.java:initializeVolumeSet(174)) - Added Volume : /home/runner/work/ozone/ozone/hadoop-ozone/integration-test/target/test-dir/MiniOzoneClusterImpl-ffa34613-6460-47dc-a2f2-a82eeb3f6f6a/datanode-5/data-0/containers/hdds to VolumeSet
2022-09-14 01:14:15,797 [Listener at 127.0.0.1/43991] INFO  volume.ThrottledAsyncChecker (ThrottledAsyncChecker.java:schedule(141)) - Scheduling a check for /home/runner/work/ozone/ozone/hadoop-ozone/integration-test/target/test-dir/MiniOzoneClusterImpl-ffa34613-6460-47dc-a2f2-a82eeb3f6f6a/datanode-5/data-0/containers/hdds
2022-09-14 01:14:15,800 [Listener at 127.0.0.1/43991] INFO  volume.StorageVolumeChecker (StorageVolumeChecker.java:checkAllVolumes(202)) - Scheduled health check for volume /home/runner/work/ozone/ozone/hadoop-ozone/integration-test/target/test-dir/MiniOzoneClusterImpl-ffa34613-6460-47dc-a2f2-a82eeb3f6f6a/datanode-5/data-0/containers/hdds
2022-09-14 01:14:15,815 [Listener at 127.0.0.1/43991] INFO  volume.MutableVolumeSet (MutableVolumeSet.java:initializeVolumeSet(174)) - Added Volume : /home/runner/work/ozone/ozone/hadoop-ozone/integration-test/target/test-dir/MiniOzoneClusterImpl-ffa34613-6460-47dc-a2f2-a82eeb3f6f6a/datanode-5/data/ratis to VolumeSet
2022-09-14 01:14:15,815 [Listener at 127.0.0.1/43991] INFO  volume.ThrottledAsyncChecker (ThrottledAsyncChecker.java:schedule(141)) - Scheduling a check for /home/runner/work/ozone/ozone/hadoop-ozone/integration-test/target/test-dir/MiniOzoneClusterImpl-ffa34613-6460-47dc-a2f2-a82eeb3f6f6a/datanode-5/data/ratis
2022-09-14 01:14:15,816 [Listener at 127.0.0.1/43991] INFO  volume.StorageVolumeChecker (StorageVolumeChecker.java:checkAllVolumes(202)) - Scheduled health check for volume /home/runner/work/ozone/ozone/hadoop-ozone/integration-test/target/test-dir/MiniOzoneClusterImpl-ffa34613-6460-47dc-a2f2-a82eeb3f6f6a/datanode-5/data/ratis
2022-09-14 01:14:15,828 [Thread-203] INFO  ozoneimpl.ContainerReader (ContainerReader.java:readVolume(175)) - Finish verifying containers on volume /home/runner/work/ozone/ozone/hadoop-ozone/integration-test/target/test-dir/MiniOzoneClusterImpl-ffa34613-6460-47dc-a2f2-a82eeb3f6f6a/datanode-5/data-0/containers/hdds
2022-09-14 01:14:15,828 [Listener at 127.0.0.1/43991] INFO  ozoneimpl.OzoneContainer (OzoneContainer.java:buildContainerSet(300)) - Build ContainerSet costs 0s
2022-09-14 01:14:15,831 [Listener at 127.0.0.1/43991] INFO  server.RaftServer (ConfUtils.java:logGet(46)) - raft.rpc.type = GRPC (default)
2022-09-14 01:14:15,831 [Listener at 127.0.0.1/43991] INFO  grpc.GrpcFactory (GrpcFactory.java:checkPooledByteBufAllocatorUseCacheForAllThreads(48)) - PERFORMANCE WARNING: useCacheForAllThreads is true that may cause Netty to create a lot garbage objects and, as a result, trigger GC.
	It is recommended to disable useCacheForAllThreads by setting -Dorg.apache.ratis.thirdparty.io.netty.allocator.useCacheForAllThreads=false in command line.
2022-09-14 01:14:15,831 [Listener at 127.0.0.1/43991] INFO  grpc.GrpcConfigKeys (ConfUtils.java:logGet(46)) - raft.grpc.admin.port = 0 (custom)
2022-09-14 01:14:15,832 [Listener at 127.0.0.1/43991] INFO  grpc.GrpcConfigKeys (ConfUtils.java:logGet(46)) - raft.grpc.client.port = 0 (custom)
2022-09-14 01:14:15,832 [Listener at 127.0.0.1/43991] INFO  grpc.GrpcConfigKeys (ConfUtils.java:logGet(46)) - raft.grpc.server.port = 0 (default)
2022-09-14 01:14:15,832 [Listener at 127.0.0.1/43991] INFO  server.GrpcService (ConfUtils.java:logGet(46)) - raft.grpc.message.size.max = 32MB (=33554432) (custom)
2022-09-14 01:14:15,832 [Listener at 127.0.0.1/43991] INFO  server.RaftServerConfigKeys (ConfUtils.java:logGet(46)) - raft.server.log.appender.buffer.byte-limit = 33554432 (custom)
2022-09-14 01:14:15,832 [Listener at 127.0.0.1/43991] INFO  server.GrpcService (ConfUtils.java:logGet(46)) - raft.grpc.flow.control.window = 5MB (=5242880) (custom)
2022-09-14 01:14:15,832 [Listener at 127.0.0.1/43991] INFO  server.RaftServerConfigKeys (ConfUtils.java:logGet(46)) - raft.server.rpc.request.timeout = 60000ms (custom)
2022-09-14 01:14:15,832 [Listener at 127.0.0.1/43991] INFO  grpc.GrpcConfigKeys (ConfUtils.java:logGet(46)) - raft.grpc.server.async.request.thread.pool.cached = true (default)
2022-09-14 01:14:15,833 [Listener at 127.0.0.1/43991] INFO  grpc.GrpcConfigKeys (ConfUtils.java:logGet(46)) - raft.grpc.server.async.request.thread.pool.size = 32 (default)
2022-09-14 01:14:15,834 [Listener at 127.0.0.1/43991] INFO  impl.DataStreamServerImpl (ConfUtils.java:logGet(46)) - raft.datastream.type = DISABLED (default)
2022-09-14 01:14:15,834 [Listener at 127.0.0.1/43991] INFO  server.RaftServerConfigKeys (ConfUtils.java:logGet(46)) - raft.server.threadpool.proxy.cached = true (default)
2022-09-14 01:14:15,834 [Listener at 127.0.0.1/43991] INFO  server.RaftServerConfigKeys (ConfUtils.java:logGet(46)) - raft.server.threadpool.proxy.size = 0 (default)
2022-09-14 01:14:15,834 [Listener at 127.0.0.1/43991] INFO  server.RaftServerConfigKeys (ConfUtils.java:logGet(46)) - raft.server.rpc.slowness.timeout = 10000ms (custom)
2022-09-14 01:14:15,835 [Listener at 127.0.0.1/43991] INFO  server.RaftServerConfigKeys (ConfUtils.java:logGet(46)) - raft.server.leaderelection.leader.step-down.wait-time = 10s (default)
2022-09-14 01:14:15,835 [Listener at 127.0.0.1/43991] INFO  server.RaftServerConfigKeys (ConfUtils.java:logGet(46)) - raft.server.storage.dir = [/home/runner/work/ozone/ozone/hadoop-ozone/integration-test/target/test-dir/MiniOzoneClusterImpl-ffa34613-6460-47dc-a2f2-a82eeb3f6f6a/datanode-5/data/ratis] (custom)
2022-09-14 01:14:15,836 [Listener at 127.0.0.1/43991] INFO  server.XceiverServerGrpc (XceiverServerGrpc.java:<init>(132)) - GrpcServer channel type EpollServerSocketChannel
2022-09-14 01:14:15,841 [Listener at 127.0.0.1/43991] INFO  http.BaseHttpServer (BaseHttpServer.java:newHttpServer2BuilderForOzone(213)) - Starting Web-server for hddsDatanode at: http://0.0.0.0:0
2022-09-14 01:14:15,841 [Listener at 127.0.0.1/43991] INFO  http.BaseHttpServer (BaseHttpServer.java:<init>(108)) - Hadoop Security Enabled: false Ozone Security Enabled: false Ozone HTTP Security Enabled: false 
2022-09-14 01:14:15,842 [Listener at 127.0.0.1/43991] INFO  server.AuthenticationFilter (AuthenticationFilter.java:constructSecretProvider(240)) - Unable to initialize FileSignerSecretProvider, falling back to use random secrets.
2022-09-14 01:14:15,843 [Listener at 127.0.0.1/43991] WARN  http.HttpRequestLog (HttpRequestLog.java:getRequestLog(103)) - Jetty request log can only be enabled using Log4j
2022-09-14 01:14:15,844 [Listener at 127.0.0.1/43991] INFO  http.HttpServer2 (HttpServer2.java:addGlobalFilter(1029)) - Added global filter 'safety' (class=org.apache.hadoop.hdds.server.http.HttpServer2$QuotingInputFilter)
2022-09-14 01:14:15,845 [Listener at 127.0.0.1/43991] INFO  http.HttpServer2 (HttpServer2.java:addFilter(1005)) - Added filter static_user_filter (class=org.apache.hadoop.http.lib.StaticUserWebFilter$StaticUserFilter) to context hddsDatanode
2022-09-14 01:14:15,845 [Listener at 127.0.0.1/43991] INFO  http.HttpServer2 (HttpServer2.java:addFilter(1013)) - Added filter static_user_filter (class=org.apache.hadoop.http.lib.StaticUserWebFilter$StaticUserFilter) to context static
2022-09-14 01:14:15,845 [Listener at 127.0.0.1/43991] INFO  http.HttpServer2 (HttpServer2.java:addFilter(1013)) - Added filter static_user_filter (class=org.apache.hadoop.http.lib.StaticUserWebFilter$StaticUserFilter) to context logs
2022-09-14 01:14:15,846 [Listener at 127.0.0.1/43991] INFO  http.HttpServer2 (HttpServer2.java:bindListener(1248)) - Jetty bound to port 33839
2022-09-14 01:14:15,846 [Listener at 127.0.0.1/43991] INFO  server.Server (Server.java:doStart(375)) - jetty-9.4.43.v20210629; built: 2021-06-30T11:07:22.254Z; git: 526006ecfa3af7f1a27ef3a288e2bef7ea9dd7e8; jvm 1.8.0_345-b01
2022-09-14 01:14:15,847 [Listener at 127.0.0.1/43991] INFO  server.session (DefaultSessionIdManager.java:doStart(334)) - DefaultSessionIdManager workerName=node0
2022-09-14 01:14:15,848 [Listener at 127.0.0.1/43991] INFO  server.session (DefaultSessionIdManager.java:doStart(339)) - No SessionScavenger set, using defaults
2022-09-14 01:14:15,848 [Listener at 127.0.0.1/43991] INFO  server.session (HouseKeeper.java:startScavenging(132)) - node0 Scavenging every 660000ms
2022-09-14 01:14:15,849 [Listener at 127.0.0.1/43991] INFO  handler.ContextHandler (ContextHandler.java:doStart(915)) - Started o.e.j.s.ServletContextHandler@5fa957c2{logs,/logs,file:///home/runner/work/ozone/ozone/hadoop-ozone/integration-test/target/log,AVAILABLE}
2022-09-14 01:14:15,852 [Listener at 127.0.0.1/43991] INFO  handler.ContextHandler (ContextHandler.java:doStart(915)) - Started o.e.j.s.ServletContextHandler@74c26b9a{static,/static,jar:file:/home/runner/.m2/repository/org/apache/ozone/hdds-container-service/1.3.0-SNAPSHOT/hdds-container-service-1.3.0-SNAPSHOT.jar!/webapps/static,AVAILABLE}
2022-09-14 01:14:16,042 [Listener at 127.0.0.1/43991] INFO  handler.ContextHandler (ContextHandler.java:doStart(915)) - Started o.e.j.w.WebAppContext@7f46e155{hddsDatanode,/,file:///tmp/jetty-0_0_0_0-33839-hdds-container-service-1_3_0-SNAPSHOT_jar-_-any-1631882672763949686/webapp/,AVAILABLE}{jar:file:/home/runner/.m2/repository/org/apache/ozone/hdds-container-service/1.3.0-SNAPSHOT/hdds-container-service-1.3.0-SNAPSHOT.jar!/webapps/hddsDatanode}
2022-09-14 01:14:16,049 [Listener at 127.0.0.1/43991] INFO  server.AbstractConnector (AbstractConnector.java:doStart(331)) - Started ServerConnector@440d2cc8{HTTP/1.1, (http/1.1)}{0.0.0.0:33839}
2022-09-14 01:14:16,049 [Listener at 127.0.0.1/43991] INFO  server.Server (Server.java:doStart(415)) - Started @11264ms
2022-09-14 01:14:16,050 [Listener at 127.0.0.1/43991] WARN  impl.MetricsSystemImpl (MetricsSystemImpl.java:register(279)) - Sink prometheus already exists!
2022-09-14 01:14:16,050 [Listener at 127.0.0.1/43991] INFO  http.BaseHttpServer (BaseHttpServer.java:updateConnectorAddress(333)) - HTTP server of hddsDatanode listening at http://0.0.0.0:33839
2022-09-14 01:14:16,051 [Datanode State Machine Daemon Thread] INFO  statemachine.DatanodeStateMachine (DatanodeStateMachine.java:lambda$startDaemon$0(492)) - Ozone container server started.
2022-09-14 01:14:16,055 [Listener at 127.0.0.1/43991] INFO  ozone.MiniOzoneClusterImpl (MiniOzoneClusterImpl.java:lambda$waitForClusterToBeReady$0(216)) - Waiting for nodes to be ready. Got 0 of 6 DN Heartbeats.
2022-09-14 01:14:16,055 [Listener at 127.0.0.1/43991] INFO  ozone.MiniOzoneClusterImpl (MiniOzoneClusterImpl.java:lambda$waitForClusterToBeReady$0(219)) - Waiting for cluster to exit safe mode
2022-09-14 01:14:16,056 [Listener at 127.0.0.1/43991] INFO  ozone.MiniOzoneClusterImpl (MiniOzoneClusterImpl.java:lambda$waitForClusterToBeReady$0(221)) - SCM became leader
2022-09-14 01:14:16,079 [Datanode State Machine Task Thread - 0] INFO  datanode.InitDatanodeState (InitDatanodeState.java:persistContainerDatanodeDetails(138)) - DatanodeDetails is persisted to /home/runner/work/ozone/ozone/hadoop-ozone/integration-test/target/test-dir/MiniOzoneClusterImpl-ffa34613-6460-47dc-a2f2-a82eeb3f6f6a/datanode-5/meta/datanode.id
2022-09-14 01:14:16,080 [org.apache.hadoop.util.JvmPauseMonitor$Monitor@646b85c2] INFO  util.JvmPauseMonitor (JvmPauseMonitor.java:run(188)) - Starting JVM pause monitor
2022-09-14 01:14:16,176 [EndpointStateMachine task thread for /0.0.0.0:45685 - 0 ] INFO  volume.HddsVolume (HddsVolume.java:createDbStore(307)) - SchemaV3 db is created and loaded at /home/runner/work/ozone/ozone/hadoop-ozone/integration-test/target/test-dir/MiniOzoneClusterImpl-ffa34613-6460-47dc-a2f2-a82eeb3f6f6a/datanode-0/data-0/containers/hdds/ffa34613-6460-47dc-a2f2-a82eeb3f6f6a/DS-ec385e78-e9c1-4de7-a5d8-37515a1e9d08/container.db for volume DS-ec385e78-e9c1-4de7-a5d8-37515a1e9d08
2022-09-14 01:14:16,182 [EndpointStateMachine task thread for /0.0.0.0:45685 - 0 ] INFO  volume.HddsVolume (HddsVolume.java:closeDbStore(338)) - SchemaV3 db is stopped at /home/runner/work/ozone/ozone/hadoop-ozone/integration-test/target/test-dir/MiniOzoneClusterImpl-ffa34613-6460-47dc-a2f2-a82eeb3f6f6a/datanode-0/data-0/containers/hdds/ffa34613-6460-47dc-a2f2-a82eeb3f6f6a/DS-ec385e78-e9c1-4de7-a5d8-37515a1e9d08/container.db for volume DS-ec385e78-e9c1-4de7-a5d8-37515a1e9d08
2022-09-14 01:14:16,182 [EndpointStateMachine task thread for /0.0.0.0:45685 - 0 ] INFO  ozoneimpl.OzoneContainer (OzoneContainer.java:start(378)) - Attempting to start container services.
2022-09-14 01:14:16,184 [EndpointStateMachine task thread for /0.0.0.0:45685 - 0 ] INFO  ozoneimpl.OzoneContainer (OzoneContainer.java:startContainerScrub(313)) - Background container scanner has been disabled.
2022-09-14 01:14:16,186 [EndpointStateMachine task thread for /0.0.0.0:45685 - 0 ] INFO  replication.ReplicationServer (ReplicationServer.java:start(111)) - ReplicationServer is started using port 40695
2022-09-14 01:14:16,188 [EndpointStateMachine task thread for /0.0.0.0:45685 - 0 ] INFO  ratis.XceiverServerRatis (XceiverServerRatis.java:start(481)) - Starting XceiverServerRatis d38685a6-2183-48c3-b209-d48d12164108
2022-09-14 01:14:16,189 [EndpointStateMachine task thread for /0.0.0.0:45685 - 0 ] INFO  server.RaftServer (RaftServerProxy.java:lambda$start$6(382)) - d38685a6-2183-48c3-b209-d48d12164108: start RPC server
2022-09-14 01:14:16,191 [EndpointStateMachine task thread for /0.0.0.0:45685 - 0 ] INFO  server.GrpcService (GrpcService.java:startImpl(260)) - d38685a6-2183-48c3-b209-d48d12164108: GrpcService started, listening on 39093
2022-09-14 01:14:16,192 [EndpointStateMachine task thread for /0.0.0.0:45685 - 0 ] INFO  ratis.XceiverServerRatis (XceiverServerRatis.java:getRealPort(502)) - XceiverServerRatis d38685a6-2183-48c3-b209-d48d12164108 is started using port 39093 for RATIS
2022-09-14 01:14:16,192 [org.apache.ratis.util.JvmPauseMonitor$$Lambda$679/166677305@2e3ce382] INFO  util.JvmPauseMonitor (JvmPauseMonitor.java:run(103)) - JvmPauseMonitor-d38685a6-2183-48c3-b209-d48d12164108: Started
2022-09-14 01:14:16,192 [EndpointStateMachine task thread for /0.0.0.0:45685 - 0 ] INFO  ratis.XceiverServerRatis (XceiverServerRatis.java:getRealPort(502)) - XceiverServerRatis d38685a6-2183-48c3-b209-d48d12164108 is started using port 39093 for RATIS_ADMIN
2022-09-14 01:14:16,192 [EndpointStateMachine task thread for /0.0.0.0:45685 - 0 ] INFO  ratis.XceiverServerRatis (XceiverServerRatis.java:getRealPort(502)) - XceiverServerRatis d38685a6-2183-48c3-b209-d48d12164108 is started using port 39093 for RATIS_SERVER
2022-09-14 01:14:16,194 [EndpointStateMachine task thread for /0.0.0.0:45685 - 0 ] INFO  server.XceiverServerGrpc (XceiverServerGrpc.java:start(180)) - XceiverServerGrpc d38685a6-2183-48c3-b209-d48d12164108 is started using port 43421
2022-09-14 01:14:16,666 [EndpointStateMachine task thread for /0.0.0.0:45685 - 0 ] INFO  volume.HddsVolume (HddsVolume.java:createDbStore(307)) - SchemaV3 db is created and loaded at /home/runner/work/ozone/ozone/hadoop-ozone/integration-test/target/test-dir/MiniOzoneClusterImpl-ffa34613-6460-47dc-a2f2-a82eeb3f6f6a/datanode-1/data-0/containers/hdds/ffa34613-6460-47dc-a2f2-a82eeb3f6f6a/DS-42004ee2-9451-4e7a-833e-7db7044bfb7d/container.db for volume DS-42004ee2-9451-4e7a-833e-7db7044bfb7d
2022-09-14 01:14:16,666 [EndpointStateMachine task thread for /0.0.0.0:45685 - 0 ] INFO  volume.HddsVolume (HddsVolume.java:closeDbStore(338)) - SchemaV3 db is stopped at /home/runner/work/ozone/ozone/hadoop-ozone/integration-test/target/test-dir/MiniOzoneClusterImpl-ffa34613-6460-47dc-a2f2-a82eeb3f6f6a/datanode-1/data-0/containers/hdds/ffa34613-6460-47dc-a2f2-a82eeb3f6f6a/DS-42004ee2-9451-4e7a-833e-7db7044bfb7d/container.db for volume DS-42004ee2-9451-4e7a-833e-7db7044bfb7d
2022-09-14 01:14:16,667 [EndpointStateMachine task thread for /0.0.0.0:45685 - 0 ] INFO  ozoneimpl.OzoneContainer (OzoneContainer.java:start(378)) - Attempting to start container services.
2022-09-14 01:14:16,667 [EndpointStateMachine task thread for /0.0.0.0:45685 - 0 ] INFO  ozoneimpl.OzoneContainer (OzoneContainer.java:startContainerScrub(313)) - Background container scanner has been disabled.
2022-09-14 01:14:16,669 [EndpointStateMachine task thread for /0.0.0.0:45685 - 0 ] INFO  replication.ReplicationServer (ReplicationServer.java:start(111)) - ReplicationServer is started using port 42445
2022-09-14 01:14:16,669 [EndpointStateMachine task thread for /0.0.0.0:45685 - 0 ] INFO  ratis.XceiverServerRatis (XceiverServerRatis.java:start(481)) - Starting XceiverServerRatis 949a54d7-9098-427f-a66d-64783e047bdb
2022-09-14 01:14:16,670 [EndpointStateMachine task thread for /0.0.0.0:45685 - 0 ] INFO  server.RaftServer (RaftServerProxy.java:lambda$start$6(382)) - 949a54d7-9098-427f-a66d-64783e047bdb: start RPC server
2022-09-14 01:14:16,672 [EndpointStateMachine task thread for /0.0.0.0:45685 - 0 ] INFO  server.GrpcService (GrpcService.java:startImpl(260)) - 949a54d7-9098-427f-a66d-64783e047bdb: GrpcService started, listening on 46425
2022-09-14 01:14:16,672 [EndpointStateMachine task thread for /0.0.0.0:45685 - 0 ] INFO  ratis.XceiverServerRatis (XceiverServerRatis.java:getRealPort(502)) - XceiverServerRatis 949a54d7-9098-427f-a66d-64783e047bdb is started using port 46425 for RATIS
2022-09-14 01:14:16,672 [EndpointStateMachine task thread for /0.0.0.0:45685 - 0 ] INFO  ratis.XceiverServerRatis (XceiverServerRatis.java:getRealPort(502)) - XceiverServerRatis 949a54d7-9098-427f-a66d-64783e047bdb is started using port 46425 for RATIS_ADMIN
2022-09-14 01:14:16,672 [org.apache.ratis.util.JvmPauseMonitor$$Lambda$679/166677305@61204ad3] INFO  util.JvmPauseMonitor (JvmPauseMonitor.java:run(103)) - JvmPauseMonitor-949a54d7-9098-427f-a66d-64783e047bdb: Started
2022-09-14 01:14:16,672 [EndpointStateMachine task thread for /0.0.0.0:45685 - 0 ] INFO  ratis.XceiverServerRatis (XceiverServerRatis.java:getRealPort(502)) - XceiverServerRatis 949a54d7-9098-427f-a66d-64783e047bdb is started using port 46425 for RATIS_SERVER
2022-09-14 01:14:16,675 [EndpointStateMachine task thread for /0.0.0.0:45685 - 0 ] INFO  server.XceiverServerGrpc (XceiverServerGrpc.java:start(180)) - XceiverServerGrpc 949a54d7-9098-427f-a66d-64783e047bdb is started using port 40515
2022-09-14 01:14:17,022 [EndpointStateMachine task thread for /0.0.0.0:45685 - 0 ] INFO  volume.HddsVolume (HddsVolume.java:createDbStore(307)) - SchemaV3 db is created and loaded at /home/runner/work/ozone/ozone/hadoop-ozone/integration-test/target/test-dir/MiniOzoneClusterImpl-ffa34613-6460-47dc-a2f2-a82eeb3f6f6a/datanode-2/data-0/containers/hdds/ffa34613-6460-47dc-a2f2-a82eeb3f6f6a/DS-8bd7ac7a-8e24-4061-90fd-75ed70df3a23/container.db for volume DS-8bd7ac7a-8e24-4061-90fd-75ed70df3a23
2022-09-14 01:14:17,023 [EndpointStateMachine task thread for /0.0.0.0:45685 - 0 ] INFO  volume.HddsVolume (HddsVolume.java:closeDbStore(338)) - SchemaV3 db is stopped at /home/runner/work/ozone/ozone/hadoop-ozone/integration-test/target/test-dir/MiniOzoneClusterImpl-ffa34613-6460-47dc-a2f2-a82eeb3f6f6a/datanode-2/data-0/containers/hdds/ffa34613-6460-47dc-a2f2-a82eeb3f6f6a/DS-8bd7ac7a-8e24-4061-90fd-75ed70df3a23/container.db for volume DS-8bd7ac7a-8e24-4061-90fd-75ed70df3a23
2022-09-14 01:14:17,023 [EndpointStateMachine task thread for /0.0.0.0:45685 - 0 ] INFO  ozoneimpl.OzoneContainer (OzoneContainer.java:start(378)) - Attempting to start container services.
2022-09-14 01:14:17,023 [EndpointStateMachine task thread for /0.0.0.0:45685 - 0 ] INFO  ozoneimpl.OzoneContainer (OzoneContainer.java:startContainerScrub(313)) - Background container scanner has been disabled.
2022-09-14 01:14:17,026 [EndpointStateMachine task thread for /0.0.0.0:45685 - 0 ] INFO  replication.ReplicationServer (ReplicationServer.java:start(111)) - ReplicationServer is started using port 44273
2022-09-14 01:14:17,026 [EndpointStateMachine task thread for /0.0.0.0:45685 - 0 ] INFO  ratis.XceiverServerRatis (XceiverServerRatis.java:start(481)) - Starting XceiverServerRatis e152a9cb-50bd-4473-abda-9918c470cf1e
2022-09-14 01:14:17,030 [EndpointStateMachine task thread for /0.0.0.0:45685 - 0 ] INFO  server.RaftServer (RaftServerProxy.java:lambda$start$6(382)) - e152a9cb-50bd-4473-abda-9918c470cf1e: start RPC server
2022-09-14 01:14:17,031 [EndpointStateMachine task thread for /0.0.0.0:45685 - 0 ] INFO  server.GrpcService (GrpcService.java:startImpl(260)) - e152a9cb-50bd-4473-abda-9918c470cf1e: GrpcService started, listening on 43759
2022-09-14 01:14:17,034 [EndpointStateMachine task thread for /0.0.0.0:45685 - 0 ] INFO  ratis.XceiverServerRatis (XceiverServerRatis.java:getRealPort(502)) - XceiverServerRatis e152a9cb-50bd-4473-abda-9918c470cf1e is started using port 43759 for RATIS
2022-09-14 01:14:17,034 [EndpointStateMachine task thread for /0.0.0.0:45685 - 0 ] INFO  ratis.XceiverServerRatis (XceiverServerRatis.java:getRealPort(502)) - XceiverServerRatis e152a9cb-50bd-4473-abda-9918c470cf1e is started using port 43759 for RATIS_ADMIN
2022-09-14 01:14:17,034 [EndpointStateMachine task thread for /0.0.0.0:45685 - 0 ] INFO  ratis.XceiverServerRatis (XceiverServerRatis.java:getRealPort(502)) - XceiverServerRatis e152a9cb-50bd-4473-abda-9918c470cf1e is started using port 43759 for RATIS_SERVER
2022-09-14 01:14:17,034 [org.apache.ratis.util.JvmPauseMonitor$$Lambda$679/166677305@4f8df8b8] INFO  util.JvmPauseMonitor (JvmPauseMonitor.java:run(103)) - JvmPauseMonitor-e152a9cb-50bd-4473-abda-9918c470cf1e: Started
2022-09-14 01:14:17,037 [EndpointStateMachine task thread for /0.0.0.0:45685 - 0 ] INFO  server.XceiverServerGrpc (XceiverServerGrpc.java:start(180)) - XceiverServerGrpc e152a9cb-50bd-4473-abda-9918c470cf1e is started using port 44051
2022-09-14 01:14:17,056 [Listener at 127.0.0.1/43991] INFO  ozone.MiniOzoneClusterImpl (MiniOzoneClusterImpl.java:lambda$waitForClusterToBeReady$0(216)) - Waiting for nodes to be ready. Got 0 of 6 DN Heartbeats.
2022-09-14 01:14:17,056 [Listener at 127.0.0.1/43991] INFO  ozone.MiniOzoneClusterImpl (MiniOzoneClusterImpl.java:lambda$waitForClusterToBeReady$0(219)) - Waiting for cluster to exit safe mode
2022-09-14 01:14:17,056 [Listener at 127.0.0.1/43991] INFO  ozone.MiniOzoneClusterImpl (MiniOzoneClusterImpl.java:lambda$waitForClusterToBeReady$0(221)) - SCM became leader
2022-09-14 01:14:17,397 [EndpointStateMachine task thread for /0.0.0.0:45685 - 0 ] INFO  volume.HddsVolume (HddsVolume.java:createDbStore(307)) - SchemaV3 db is created and loaded at /home/runner/work/ozone/ozone/hadoop-ozone/integration-test/target/test-dir/MiniOzoneClusterImpl-ffa34613-6460-47dc-a2f2-a82eeb3f6f6a/datanode-3/data-0/containers/hdds/ffa34613-6460-47dc-a2f2-a82eeb3f6f6a/DS-43ca03b5-a910-477e-b6c7-19320db44fe8/container.db for volume DS-43ca03b5-a910-477e-b6c7-19320db44fe8
2022-09-14 01:14:17,398 [EndpointStateMachine task thread for /0.0.0.0:45685 - 0 ] INFO  volume.HddsVolume (HddsVolume.java:closeDbStore(338)) - SchemaV3 db is stopped at /home/runner/work/ozone/ozone/hadoop-ozone/integration-test/target/test-dir/MiniOzoneClusterImpl-ffa34613-6460-47dc-a2f2-a82eeb3f6f6a/datanode-3/data-0/containers/hdds/ffa34613-6460-47dc-a2f2-a82eeb3f6f6a/DS-43ca03b5-a910-477e-b6c7-19320db44fe8/container.db for volume DS-43ca03b5-a910-477e-b6c7-19320db44fe8
2022-09-14 01:14:17,398 [EndpointStateMachine task thread for /0.0.0.0:45685 - 0 ] INFO  ozoneimpl.OzoneContainer (OzoneContainer.java:start(378)) - Attempting to start container services.
2022-09-14 01:14:17,398 [EndpointStateMachine task thread for /0.0.0.0:45685 - 0 ] INFO  ozoneimpl.OzoneContainer (OzoneContainer.java:startContainerScrub(313)) - Background container scanner has been disabled.
2022-09-14 01:14:17,400 [EndpointStateMachine task thread for /0.0.0.0:45685 - 0 ] INFO  replication.ReplicationServer (ReplicationServer.java:start(111)) - ReplicationServer is started using port 36523
2022-09-14 01:14:17,401 [EndpointStateMachine task thread for /0.0.0.0:45685 - 0 ] INFO  ratis.XceiverServerRatis (XceiverServerRatis.java:start(481)) - Starting XceiverServerRatis d28c3a4e-3918-43d8-bb46-fc5b34cd0519
2022-09-14 01:14:17,401 [EndpointStateMachine task thread for /0.0.0.0:45685 - 0 ] INFO  server.RaftServer (RaftServerProxy.java:lambda$start$6(382)) - d28c3a4e-3918-43d8-bb46-fc5b34cd0519: start RPC server
2022-09-14 01:14:17,407 [EndpointStateMachine task thread for /0.0.0.0:45685 - 0 ] INFO  server.GrpcService (GrpcService.java:startImpl(260)) - d28c3a4e-3918-43d8-bb46-fc5b34cd0519: GrpcService started, listening on 42395
2022-09-14 01:14:17,407 [EndpointStateMachine task thread for /0.0.0.0:45685 - 0 ] INFO  ratis.XceiverServerRatis (XceiverServerRatis.java:getRealPort(502)) - XceiverServerRatis d28c3a4e-3918-43d8-bb46-fc5b34cd0519 is started using port 42395 for RATIS
2022-09-14 01:14:17,407 [org.apache.ratis.util.JvmPauseMonitor$$Lambda$679/166677305@1ca6e938] INFO  util.JvmPauseMonitor (JvmPauseMonitor.java:run(103)) - JvmPauseMonitor-d28c3a4e-3918-43d8-bb46-fc5b34cd0519: Started
2022-09-14 01:14:17,407 [EndpointStateMachine task thread for /0.0.0.0:45685 - 0 ] INFO  ratis.XceiverServerRatis (XceiverServerRatis.java:getRealPort(502)) - XceiverServerRatis d28c3a4e-3918-43d8-bb46-fc5b34cd0519 is started using port 42395 for RATIS_ADMIN
2022-09-14 01:14:17,407 [EndpointStateMachine task thread for /0.0.0.0:45685 - 0 ] INFO  ratis.XceiverServerRatis (XceiverServerRatis.java:getRealPort(502)) - XceiverServerRatis d28c3a4e-3918-43d8-bb46-fc5b34cd0519 is started using port 42395 for RATIS_SERVER
2022-09-14 01:14:17,410 [EndpointStateMachine task thread for /0.0.0.0:45685 - 0 ] INFO  server.XceiverServerGrpc (XceiverServerGrpc.java:start(180)) - XceiverServerGrpc d28c3a4e-3918-43d8-bb46-fc5b34cd0519 is started using port 41209
2022-09-14 01:14:17,746 [EndpointStateMachine task thread for /0.0.0.0:45685 - 0 ] INFO  volume.HddsVolume (HddsVolume.java:createDbStore(307)) - SchemaV3 db is created and loaded at /home/runner/work/ozone/ozone/hadoop-ozone/integration-test/target/test-dir/MiniOzoneClusterImpl-ffa34613-6460-47dc-a2f2-a82eeb3f6f6a/datanode-4/data-0/containers/hdds/ffa34613-6460-47dc-a2f2-a82eeb3f6f6a/DS-4b4de086-bf4e-41bf-8c78-bc2a1ce3d50f/container.db for volume DS-4b4de086-bf4e-41bf-8c78-bc2a1ce3d50f
2022-09-14 01:14:17,747 [EndpointStateMachine task thread for /0.0.0.0:45685 - 0 ] INFO  volume.HddsVolume (HddsVolume.java:closeDbStore(338)) - SchemaV3 db is stopped at /home/runner/work/ozone/ozone/hadoop-ozone/integration-test/target/test-dir/MiniOzoneClusterImpl-ffa34613-6460-47dc-a2f2-a82eeb3f6f6a/datanode-4/data-0/containers/hdds/ffa34613-6460-47dc-a2f2-a82eeb3f6f6a/DS-4b4de086-bf4e-41bf-8c78-bc2a1ce3d50f/container.db for volume DS-4b4de086-bf4e-41bf-8c78-bc2a1ce3d50f
2022-09-14 01:14:17,748 [EndpointStateMachine task thread for /0.0.0.0:45685 - 0 ] INFO  ozoneimpl.OzoneContainer (OzoneContainer.java:start(378)) - Attempting to start container services.
2022-09-14 01:14:17,748 [EndpointStateMachine task thread for /0.0.0.0:45685 - 0 ] INFO  ozoneimpl.OzoneContainer (OzoneContainer.java:startContainerScrub(313)) - Background container scanner has been disabled.
2022-09-14 01:14:17,751 [EndpointStateMachine task thread for /0.0.0.0:45685 - 0 ] INFO  replication.ReplicationServer (ReplicationServer.java:start(111)) - ReplicationServer is started using port 45525
2022-09-14 01:14:17,752 [EndpointStateMachine task thread for /0.0.0.0:45685 - 0 ] INFO  ratis.XceiverServerRatis (XceiverServerRatis.java:start(481)) - Starting XceiverServerRatis bba87d8c-0158-4ef8-bc32-b35d6e659061
2022-09-14 01:14:17,753 [EndpointStateMachine task thread for /0.0.0.0:45685 - 0 ] INFO  server.RaftServer (RaftServerProxy.java:lambda$start$6(382)) - bba87d8c-0158-4ef8-bc32-b35d6e659061: start RPC server
2022-09-14 01:14:17,755 [EndpointStateMachine task thread for /0.0.0.0:45685 - 0 ] INFO  server.GrpcService (GrpcService.java:startImpl(260)) - bba87d8c-0158-4ef8-bc32-b35d6e659061: GrpcService started, listening on 39923
2022-09-14 01:14:17,755 [EndpointStateMachine task thread for /0.0.0.0:45685 - 0 ] INFO  ratis.XceiverServerRatis (XceiverServerRatis.java:getRealPort(502)) - XceiverServerRatis bba87d8c-0158-4ef8-bc32-b35d6e659061 is started using port 39923 for RATIS
2022-09-14 01:14:17,755 [EndpointStateMachine task thread for /0.0.0.0:45685 - 0 ] INFO  ratis.XceiverServerRatis (XceiverServerRatis.java:getRealPort(502)) - XceiverServerRatis bba87d8c-0158-4ef8-bc32-b35d6e659061 is started using port 39923 for RATIS_ADMIN
2022-09-14 01:14:17,755 [EndpointStateMachine task thread for /0.0.0.0:45685 - 0 ] INFO  ratis.XceiverServerRatis (XceiverServerRatis.java:getRealPort(502)) - XceiverServerRatis bba87d8c-0158-4ef8-bc32-b35d6e659061 is started using port 39923 for RATIS_SERVER
2022-09-14 01:14:17,756 [org.apache.ratis.util.JvmPauseMonitor$$Lambda$679/166677305@4ed38e6e] INFO  util.JvmPauseMonitor (JvmPauseMonitor.java:run(103)) - JvmPauseMonitor-bba87d8c-0158-4ef8-bc32-b35d6e659061: Started
2022-09-14 01:14:17,759 [EndpointStateMachine task thread for /0.0.0.0:45685 - 0 ] INFO  server.XceiverServerGrpc (XceiverServerGrpc.java:start(180)) - XceiverServerGrpc bba87d8c-0158-4ef8-bc32-b35d6e659061 is started using port 40241
2022-09-14 01:14:18,053 [IPC Server handler 2 on default port 45685] INFO  net.NetworkTopologyImpl (NetworkTopologyImpl.java:add(112)) - Added a new node: /default-rack/d38685a6-2183-48c3-b209-d48d12164108
2022-09-14 01:14:18,056 [IPC Server handler 2 on default port 45685] INFO  node.SCMNodeManager (SCMNodeManager.java:register(397)) - Registered Data node : d38685a6-2183-48c3-b209-d48d12164108{ip: 10.1.0.6, host: fv-az571-788.04lcwfe4cpsehn0ni2t1coknih.dx.internal.cloudapp.net, ports: [REPLICATION=40695, RATIS=39093, RATIS_ADMIN=39093, RATIS_SERVER=39093, STANDALONE=43421], networkLocation: /default-rack, certSerialId: null, persistedOpState: null, persistedOpStateExpiryEpochSec: 0}
2022-09-14 01:14:18,057 [Listener at 127.0.0.1/43991] INFO  ozone.MiniOzoneClusterImpl (MiniOzoneClusterImpl.java:lambda$waitForClusterToBeReady$0(216)) - Waiting for nodes to be ready. Got 1 of 6 DN Heartbeats.
2022-09-14 01:14:18,057 [Listener at 127.0.0.1/43991] INFO  ozone.MiniOzoneClusterImpl (MiniOzoneClusterImpl.java:lambda$waitForClusterToBeReady$0(219)) - Waiting for cluster to exit safe mode
2022-09-14 01:14:18,057 [Listener at 127.0.0.1/43991] INFO  ozone.MiniOzoneClusterImpl (MiniOzoneClusterImpl.java:lambda$waitForClusterToBeReady$0(221)) - SCM became leader
2022-09-14 01:14:18,061 [EventQueue-NewNodeForNewNodeHandler] INFO  pipeline.BackgroundPipelineCreator (BackgroundPipelineCreator.java:notifyEventTriggered(276)) - trigger a one-shot run on RatisPipelineUtilsThread.
2022-09-14 01:14:18,069 [RatisPipelineUtilsThread - 0] INFO  pipeline.RatisPipelineProvider (RatisPipelineProvider.java:lambda$create$0(195)) - Sending CreatePipelineCommand for pipeline:PipelineID=08f07196-e110-4348-bc5d-690075e123f6 to datanode:d38685a6-2183-48c3-b209-d48d12164108
2022-09-14 01:14:18,070 [EventQueue-NodeRegistrationContainerReportForDataNodeSafeModeRule] INFO  safemode.SCMSafeModeManager (DataNodeSafeModeRule.java:process(71)) - SCM in safe mode. 1 DataNodes registered, 3 required.
2022-09-14 01:14:18,070 [EventQueue-NodeRegistrationContainerReportForContainerSafeModeRule] INFO  safemode.SCMSafeModeManager (SCMSafeModeManager.java:validateSafeModeExitRules(204)) - ContainerSafeModeRule rule is successfully validated
2022-09-14 01:14:18,076 [EventQueue-PipelineReportForOneReplicaPipelineSafeModeRule] INFO  safemode.SCMSafeModeManager (SCMSafeModeManager.java:validateSafeModeExitRules(204)) - AtleastOneDatanodeReportedRule rule is successfully validated
2022-09-14 01:14:18,091 [RatisPipelineUtilsThread - 0] INFO  pipeline.PipelineStateManagerImpl (PipelineStateManagerImpl.java:addPipeline(103)) - Created pipeline Pipeline[ Id: 08f07196-e110-4348-bc5d-690075e123f6, Nodes: d38685a6-2183-48c3-b209-d48d12164108{ip: 10.1.0.6, host: fv-az571-788.04lcwfe4cpsehn0ni2t1coknih.dx.internal.cloudapp.net, ports: [REPLICATION=40695, RATIS=39093, RATIS_ADMIN=39093, RATIS_SERVER=39093, STANDALONE=43421], networkLocation: /default-rack, certSerialId: null, persistedOpState: IN_SERVICE, persistedOpStateExpiryEpochSec: 0}, ReplicationConfig: RATIS/ONE, State:ALLOCATED, leaderId:, CreationTimestamp2022-09-14T01:14:18.067Z[Etc/UTC]].
2022-09-14 01:14:18,145 [EndpointStateMachine task thread for /0.0.0.0:45685 - 0 ] INFO  volume.HddsVolume (HddsVolume.java:createDbStore(307)) - SchemaV3 db is created and loaded at /home/runner/work/ozone/ozone/hadoop-ozone/integration-test/target/test-dir/MiniOzoneClusterImpl-ffa34613-6460-47dc-a2f2-a82eeb3f6f6a/datanode-5/data-0/containers/hdds/ffa34613-6460-47dc-a2f2-a82eeb3f6f6a/DS-968575e5-33c6-436b-9a9e-04169dbad59d/container.db for volume DS-968575e5-33c6-436b-9a9e-04169dbad59d
2022-09-14 01:14:18,146 [EndpointStateMachine task thread for /0.0.0.0:45685 - 0 ] INFO  volume.HddsVolume (HddsVolume.java:closeDbStore(338)) - SchemaV3 db is stopped at /home/runner/work/ozone/ozone/hadoop-ozone/integration-test/target/test-dir/MiniOzoneClusterImpl-ffa34613-6460-47dc-a2f2-a82eeb3f6f6a/datanode-5/data-0/containers/hdds/ffa34613-6460-47dc-a2f2-a82eeb3f6f6a/DS-968575e5-33c6-436b-9a9e-04169dbad59d/container.db for volume DS-968575e5-33c6-436b-9a9e-04169dbad59d
2022-09-14 01:14:18,146 [EndpointStateMachine task thread for /0.0.0.0:45685 - 0 ] INFO  ozoneimpl.OzoneContainer (OzoneContainer.java:start(378)) - Attempting to start container services.
2022-09-14 01:14:18,146 [EndpointStateMachine task thread for /0.0.0.0:45685 - 0 ] INFO  ozoneimpl.OzoneContainer (OzoneContainer.java:startContainerScrub(313)) - Background container scanner has been disabled.
2022-09-14 01:14:18,149 [EndpointStateMachine task thread for /0.0.0.0:45685 - 0 ] INFO  replication.ReplicationServer (ReplicationServer.java:start(111)) - ReplicationServer is started using port 45025
2022-09-14 01:14:18,149 [EndpointStateMachine task thread for /0.0.0.0:45685 - 0 ] INFO  ratis.XceiverServerRatis (XceiverServerRatis.java:start(481)) - Starting XceiverServerRatis ef2e2c18-30bb-4738-b00f-992b0a4fb77a
2022-09-14 01:14:18,150 [EndpointStateMachine task thread for /0.0.0.0:45685 - 0 ] INFO  server.RaftServer (RaftServerProxy.java:lambda$start$6(382)) - ef2e2c18-30bb-4738-b00f-992b0a4fb77a: start RPC server
2022-09-14 01:14:18,152 [EndpointStateMachine task thread for /0.0.0.0:45685 - 0 ] INFO  server.GrpcService (GrpcService.java:startImpl(260)) - ef2e2c18-30bb-4738-b00f-992b0a4fb77a: GrpcService started, listening on 46397
2022-09-14 01:14:18,152 [EndpointStateMachine task thread for /0.0.0.0:45685 - 0 ] INFO  ratis.XceiverServerRatis (XceiverServerRatis.java:getRealPort(502)) - XceiverServerRatis ef2e2c18-30bb-4738-b00f-992b0a4fb77a is started using port 46397 for RATIS
2022-09-14 01:14:18,152 [EndpointStateMachine task thread for /0.0.0.0:45685 - 0 ] INFO  ratis.XceiverServerRatis (XceiverServerRatis.java:getRealPort(502)) - XceiverServerRatis ef2e2c18-30bb-4738-b00f-992b0a4fb77a is started using port 46397 for RATIS_ADMIN
2022-09-14 01:14:18,153 [EndpointStateMachine task thread for /0.0.0.0:45685 - 0 ] INFO  ratis.XceiverServerRatis (XceiverServerRatis.java:getRealPort(502)) - XceiverServerRatis ef2e2c18-30bb-4738-b00f-992b0a4fb77a is started using port 46397 for RATIS_SERVER
2022-09-14 01:14:18,153 [org.apache.ratis.util.JvmPauseMonitor$$Lambda$679/166677305@78a7d12] INFO  util.JvmPauseMonitor (JvmPauseMonitor.java:run(103)) - JvmPauseMonitor-ef2e2c18-30bb-4738-b00f-992b0a4fb77a: Started
2022-09-14 01:14:18,160 [EndpointStateMachine task thread for /0.0.0.0:45685 - 0 ] INFO  server.XceiverServerGrpc (XceiverServerGrpc.java:start(180)) - XceiverServerGrpc ef2e2c18-30bb-4738-b00f-992b0a4fb77a is started using port 39489
2022-09-14 01:14:18,627 [IPC Server handler 0 on default port 45685] INFO  net.NetworkTopologyImpl (NetworkTopologyImpl.java:add(112)) - Added a new node: /default-rack/949a54d7-9098-427f-a66d-64783e047bdb
2022-09-14 01:14:18,627 [IPC Server handler 0 on default port 45685] INFO  node.SCMNodeManager (SCMNodeManager.java:register(397)) - Registered Data node : 949a54d7-9098-427f-a66d-64783e047bdb{ip: 10.1.0.6, host: fv-az571-788.04lcwfe4cpsehn0ni2t1coknih.dx.internal.cloudapp.net, ports: [REPLICATION=42445, RATIS=46425, RATIS_ADMIN=46425, RATIS_SERVER=46425, STANDALONE=40515], networkLocation: /default-rack, certSerialId: null, persistedOpState: null, persistedOpStateExpiryEpochSec: 0}
2022-09-14 01:14:18,628 [EventQueue-NewNodeForNewNodeHandler] INFO  pipeline.BackgroundPipelineCreator (BackgroundPipelineCreator.java:notifyEventTriggered(276)) - trigger a one-shot run on RatisPipelineUtilsThread.
2022-09-14 01:14:18,629 [EventQueue-NodeRegistrationContainerReportForDataNodeSafeModeRule] INFO  safemode.SCMSafeModeManager (DataNodeSafeModeRule.java:process(71)) - SCM in safe mode. 2 DataNodes registered, 3 required.
2022-09-14 01:14:18,630 [RatisPipelineUtilsThread - 0] INFO  pipeline.RatisPipelineProvider (RatisPipelineProvider.java:lambda$create$0(195)) - Sending CreatePipelineCommand for pipeline:PipelineID=3502b2e5-3ad2-4ad8-8ba5-f4d504ea1e06 to datanode:949a54d7-9098-427f-a66d-64783e047bdb
2022-09-14 01:14:18,631 [RatisPipelineUtilsThread - 0] INFO  pipeline.PipelineStateManagerImpl (PipelineStateManagerImpl.java:addPipeline(103)) - Created pipeline Pipeline[ Id: 3502b2e5-3ad2-4ad8-8ba5-f4d504ea1e06, Nodes: 949a54d7-9098-427f-a66d-64783e047bdb{ip: 10.1.0.6, host: fv-az571-788.04lcwfe4cpsehn0ni2t1coknih.dx.internal.cloudapp.net, ports: [REPLICATION=42445, RATIS=46425, RATIS_ADMIN=46425, RATIS_SERVER=46425, STANDALONE=40515], networkLocation: /default-rack, certSerialId: null, persistedOpState: IN_SERVICE, persistedOpStateExpiryEpochSec: 0}, ReplicationConfig: RATIS/ONE, State:ALLOCATED, leaderId:, CreationTimestamp2022-09-14T01:14:18.630Z[Etc/UTC]].
2022-09-14 01:14:18,982 [IPC Server handler 2 on default port 45685] INFO  net.NetworkTopologyImpl (NetworkTopologyImpl.java:add(112)) - Added a new node: /default-rack/e152a9cb-50bd-4473-abda-9918c470cf1e
2022-09-14 01:14:18,982 [IPC Server handler 2 on default port 45685] INFO  node.SCMNodeManager (SCMNodeManager.java:register(397)) - Registered Data node : e152a9cb-50bd-4473-abda-9918c470cf1e{ip: 10.1.0.6, host: fv-az571-788.04lcwfe4cpsehn0ni2t1coknih.dx.internal.cloudapp.net, ports: [REPLICATION=44273, RATIS=43759, RATIS_ADMIN=43759, RATIS_SERVER=43759, STANDALONE=44051], networkLocation: /default-rack, certSerialId: null, persistedOpState: null, persistedOpStateExpiryEpochSec: 0}
2022-09-14 01:14:18,983 [EventQueue-NewNodeForNewNodeHandler] INFO  pipeline.BackgroundPipelineCreator (BackgroundPipelineCreator.java:notifyEventTriggered(276)) - trigger a one-shot run on RatisPipelineUtilsThread.
2022-09-14 01:14:18,986 [EventQueue-NodeRegistrationContainerReportForDataNodeSafeModeRule] INFO  safemode.SCMSafeModeManager (DataNodeSafeModeRule.java:process(71)) - SCM in safe mode. 3 DataNodes registered, 3 required.
2022-09-14 01:14:18,986 [EventQueue-NodeRegistrationContainerReportForDataNodeSafeModeRule] INFO  safemode.SCMSafeModeManager (SCMSafeModeManager.java:validateSafeModeExitRules(204)) - DataNodeSafeModeRule rule is successfully validated
2022-09-14 01:14:18,987 [EventQueue-NodeRegistrationContainerReportForDataNodeSafeModeRule] INFO  safemode.SCMSafeModeManager (SCMSafeModeManager.java:completePreCheck(233)) - All SCM safe mode pre check rules have passed
2022-09-14 01:14:18,987 [RatisPipelineUtilsThread - 0] INFO  pipeline.RatisPipelineProvider (RatisPipelineProvider.java:lambda$create$0(195)) - Sending CreatePipelineCommand for pipeline:PipelineID=2748bdcc-f814-4b95-946f-cbc39d7a33a3 to datanode:e152a9cb-50bd-4473-abda-9918c470cf1e
2022-09-14 01:14:18,987 [EventQueue-NodeRegistrationContainerReportForDataNodeSafeModeRule] WARN  events.EventQueue (EventQueue.java:fireEvent(216)) - No event handler registered for event TypedEvent{payloadType=SafeModeStatus, name='Safe mode status'}
2022-09-14 01:14:18,987 [EventQueue-NodeRegistrationContainerReportForDataNodeSafeModeRule] INFO  ha.SCMContext (SCMContext.java:updateSafeModeStatus(228)) - Update SafeModeStatus from SafeModeStatus{safeModeStatus=true, preCheckPassed=false} to SafeModeStatus{safeModeStatus=true, preCheckPassed=true}.
2022-09-14 01:14:18,987 [EventQueue-NodeRegistrationContainerReportForDataNodeSafeModeRule] INFO  pipeline.BackgroundPipelineCreator (BackgroundPipelineCreator.java:notifyEventTriggered(276)) - trigger a one-shot run on RatisPipelineUtilsThread.
2022-09-14 01:14:18,987 [RatisPipelineUtilsThread - 0] INFO  pipeline.PipelineStateManagerImpl (PipelineStateManagerImpl.java:addPipeline(103)) - Created pipeline Pipeline[ Id: 2748bdcc-f814-4b95-946f-cbc39d7a33a3, Nodes: e152a9cb-50bd-4473-abda-9918c470cf1e{ip: 10.1.0.6, host: fv-az571-788.04lcwfe4cpsehn0ni2t1coknih.dx.internal.cloudapp.net, ports: [REPLICATION=44273, RATIS=43759, RATIS_ADMIN=43759, RATIS_SERVER=43759, STANDALONE=44051], networkLocation: /default-rack, certSerialId: null, persistedOpState: IN_SERVICE, persistedOpStateExpiryEpochSec: 0}, ReplicationConfig: RATIS/ONE, State:ALLOCATED, leaderId:, CreationTimestamp2022-09-14T01:14:18.987Z[Etc/UTC]].
2022-09-14 01:14:18,991 [RatisPipelineUtilsThread - 0] INFO  pipeline.RatisPipelineProvider (RatisPipelineProvider.java:lambda$create$0(195)) - Sending CreatePipelineCommand for pipeline:PipelineID=b6f23a11-12e0-494c-a6b4-8af4b479eca4 to datanode:d38685a6-2183-48c3-b209-d48d12164108
2022-09-14 01:14:18,991 [RatisPipelineUtilsThread - 0] INFO  pipeline.RatisPipelineProvider (RatisPipelineProvider.java:lambda$create$0(195)) - Sending CreatePipelineCommand for pipeline:PipelineID=b6f23a11-12e0-494c-a6b4-8af4b479eca4 to datanode:e152a9cb-50bd-4473-abda-9918c470cf1e
2022-09-14 01:14:18,991 [RatisPipelineUtilsThread - 0] INFO  pipeline.RatisPipelineProvider (RatisPipelineProvider.java:lambda$create$0(195)) - Sending CreatePipelineCommand for pipeline:PipelineID=b6f23a11-12e0-494c-a6b4-8af4b479eca4 to datanode:949a54d7-9098-427f-a66d-64783e047bdb
2022-09-14 01:14:18,992 [RatisPipelineUtilsThread - 0] INFO  pipeline.PipelineStateManagerImpl (PipelineStateManagerImpl.java:addPipeline(103)) - Created pipeline Pipeline[ Id: b6f23a11-12e0-494c-a6b4-8af4b479eca4, Nodes: d38685a6-2183-48c3-b209-d48d12164108{ip: 10.1.0.6, host: fv-az571-788.04lcwfe4cpsehn0ni2t1coknih.dx.internal.cloudapp.net, ports: [REPLICATION=40695, RATIS=39093, RATIS_ADMIN=39093, RATIS_SERVER=39093, STANDALONE=43421], networkLocation: /default-rack, certSerialId: null, persistedOpState: IN_SERVICE, persistedOpStateExpiryEpochSec: 0}e152a9cb-50bd-4473-abda-9918c470cf1e{ip: 10.1.0.6, host: fv-az571-788.04lcwfe4cpsehn0ni2t1coknih.dx.internal.cloudapp.net, ports: [REPLICATION=44273, RATIS=43759, RATIS_ADMIN=43759, RATIS_SERVER=43759, STANDALONE=44051], networkLocation: /default-rack, certSerialId: null, persistedOpState: IN_SERVICE, persistedOpStateExpiryEpochSec: 0}949a54d7-9098-427f-a66d-64783e047bdb{ip: 10.1.0.6, host: fv-az571-788.04lcwfe4cpsehn0ni2t1coknih.dx.internal.cloudapp.net, ports: [REPLICATION=42445, RATIS=46425, RATIS_ADMIN=46425, RATIS_SERVER=46425, STANDALONE=40515], networkLocation: /default-rack, certSerialId: null, persistedOpState: IN_SERVICE, persistedOpStateExpiryEpochSec: 0}, ReplicationConfig: RATIS/THREE, State:ALLOCATED, leaderId:, CreationTimestamp2022-09-14T01:14:18.991Z[Etc/UTC]].
2022-09-14 01:14:19,058 [Listener at 127.0.0.1/43991] INFO  ozone.MiniOzoneClusterImpl (MiniOzoneClusterImpl.java:lambda$waitForClusterToBeReady$0(216)) - Waiting for nodes to be ready. Got 3 of 6 DN Heartbeats.
2022-09-14 01:14:19,059 [Listener at 127.0.0.1/43991] INFO  ozone.MiniOzoneClusterImpl (MiniOzoneClusterImpl.java:lambda$waitForClusterToBeReady$0(219)) - Waiting for cluster to exit safe mode
2022-09-14 01:14:19,060 [Listener at 127.0.0.1/43991] INFO  ozone.MiniOzoneClusterImpl (MiniOzoneClusterImpl.java:lambda$waitForClusterToBeReady$0(221)) - SCM became leader
2022-09-14 01:14:19,356 [IPC Server handler 5 on default port 45685] INFO  net.NetworkTopologyImpl (NetworkTopologyImpl.java:add(112)) - Added a new node: /default-rack/d28c3a4e-3918-43d8-bb46-fc5b34cd0519
2022-09-14 01:14:19,357 [IPC Server handler 5 on default port 45685] INFO  node.SCMNodeManager (SCMNodeManager.java:register(397)) - Registered Data node : d28c3a4e-3918-43d8-bb46-fc5b34cd0519{ip: 10.1.0.6, host: fv-az571-788.04lcwfe4cpsehn0ni2t1coknih.dx.internal.cloudapp.net, ports: [REPLICATION=36523, RATIS=42395, RATIS_ADMIN=42395, RATIS_SERVER=42395, STANDALONE=41209], networkLocation: /default-rack, certSerialId: null, persistedOpState: null, persistedOpStateExpiryEpochSec: 0}
2022-09-14 01:14:19,357 [EventQueue-NewNodeForNewNodeHandler] INFO  pipeline.BackgroundPipelineCreator (BackgroundPipelineCreator.java:notifyEventTriggered(276)) - trigger a one-shot run on RatisPipelineUtilsThread.
2022-09-14 01:14:19,358 [RatisPipelineUtilsThread - 0] INFO  pipeline.RatisPipelineProvider (RatisPipelineProvider.java:lambda$create$0(195)) - Sending CreatePipelineCommand for pipeline:PipelineID=223cae64-f125-494a-b1d0-0ae05c4d1dc3 to datanode:d28c3a4e-3918-43d8-bb46-fc5b34cd0519
2022-09-14 01:14:19,359 [RatisPipelineUtilsThread - 0] INFO  pipeline.PipelineStateManagerImpl (PipelineStateManagerImpl.java:addPipeline(103)) - Created pipeline Pipeline[ Id: 223cae64-f125-494a-b1d0-0ae05c4d1dc3, Nodes: d28c3a4e-3918-43d8-bb46-fc5b34cd0519{ip: 10.1.0.6, host: fv-az571-788.04lcwfe4cpsehn0ni2t1coknih.dx.internal.cloudapp.net, ports: [REPLICATION=36523, RATIS=42395, RATIS_ADMIN=42395, RATIS_SERVER=42395, STANDALONE=41209], networkLocation: /default-rack, certSerialId: null, persistedOpState: IN_SERVICE, persistedOpStateExpiryEpochSec: 0}, ReplicationConfig: RATIS/ONE, State:ALLOCATED, leaderId:, CreationTimestamp2022-09-14T01:14:19.358Z[Etc/UTC]].
2022-09-14 01:14:19,705 [IPC Server handler 1 on default port 45685] INFO  net.NetworkTopologyImpl (NetworkTopologyImpl.java:add(112)) - Added a new node: /default-rack/bba87d8c-0158-4ef8-bc32-b35d6e659061
2022-09-14 01:14:19,706 [IPC Server handler 1 on default port 45685] INFO  node.SCMNodeManager (SCMNodeManager.java:register(397)) - Registered Data node : bba87d8c-0158-4ef8-bc32-b35d6e659061{ip: 10.1.0.6, host: fv-az571-788.04lcwfe4cpsehn0ni2t1coknih.dx.internal.cloudapp.net, ports: [REPLICATION=45525, RATIS=39923, RATIS_ADMIN=39923, RATIS_SERVER=39923, STANDALONE=40241], networkLocation: /default-rack, certSerialId: null, persistedOpState: null, persistedOpStateExpiryEpochSec: 0}
2022-09-14 01:14:19,706 [EventQueue-NewNodeForNewNodeHandler] INFO  pipeline.BackgroundPipelineCreator (BackgroundPipelineCreator.java:notifyEventTriggered(276)) - trigger a one-shot run on RatisPipelineUtilsThread.
2022-09-14 01:14:19,707 [RatisPipelineUtilsThread - 0] INFO  pipeline.RatisPipelineProvider (RatisPipelineProvider.java:lambda$create$0(195)) - Sending CreatePipelineCommand for pipeline:PipelineID=7aa74d24-a43c-4dd7-999e-3048ade96ee0 to datanode:bba87d8c-0158-4ef8-bc32-b35d6e659061
2022-09-14 01:14:19,708 [RatisPipelineUtilsThread - 0] INFO  pipeline.PipelineStateManagerImpl (PipelineStateManagerImpl.java:addPipeline(103)) - Created pipeline Pipeline[ Id: 7aa74d24-a43c-4dd7-999e-3048ade96ee0, Nodes: bba87d8c-0158-4ef8-bc32-b35d6e659061{ip: 10.1.0.6, host: fv-az571-788.04lcwfe4cpsehn0ni2t1coknih.dx.internal.cloudapp.net, ports: [REPLICATION=45525, RATIS=39923, RATIS_ADMIN=39923, RATIS_SERVER=39923, STANDALONE=40241], networkLocation: /default-rack, certSerialId: null, persistedOpState: IN_SERVICE, persistedOpStateExpiryEpochSec: 0}, ReplicationConfig: RATIS/ONE, State:ALLOCATED, leaderId:, CreationTimestamp2022-09-14T01:14:19.707Z[Etc/UTC]].
2022-09-14 01:14:20,060 [Listener at 127.0.0.1/43991] INFO  ozone.MiniOzoneClusterImpl (MiniOzoneClusterImpl.java:lambda$waitForClusterToBeReady$0(216)) - Waiting for nodes to be ready. Got 5 of 6 DN Heartbeats.
2022-09-14 01:14:20,060 [Listener at 127.0.0.1/43991] INFO  ozone.MiniOzoneClusterImpl (MiniOzoneClusterImpl.java:lambda$waitForClusterToBeReady$0(219)) - Waiting for cluster to exit safe mode
2022-09-14 01:14:20,060 [Listener at 127.0.0.1/43991] INFO  ozone.MiniOzoneClusterImpl (MiniOzoneClusterImpl.java:lambda$waitForClusterToBeReady$0(221)) - SCM became leader
2022-09-14 01:14:20,081 [IPC Server handler 5 on default port 45685] INFO  net.NetworkTopologyImpl (NetworkTopologyImpl.java:add(112)) - Added a new node: /default-rack/ef2e2c18-30bb-4738-b00f-992b0a4fb77a
2022-09-14 01:14:20,082 [IPC Server handler 5 on default port 45685] INFO  node.SCMNodeManager (SCMNodeManager.java:register(397)) - Registered Data node : ef2e2c18-30bb-4738-b00f-992b0a4fb77a{ip: 10.1.0.6, host: fv-az571-788.04lcwfe4cpsehn0ni2t1coknih.dx.internal.cloudapp.net, ports: [REPLICATION=45025, RATIS=46397, RATIS_ADMIN=46397, RATIS_SERVER=46397, STANDALONE=39489], networkLocation: /default-rack, certSerialId: null, persistedOpState: null, persistedOpStateExpiryEpochSec: 0}
2022-09-14 01:14:20,083 [EventQueue-NewNodeForNewNodeHandler] INFO  pipeline.BackgroundPipelineCreator (BackgroundPipelineCreator.java:notifyEventTriggered(276)) - trigger a one-shot run on RatisPipelineUtilsThread.
2022-09-14 01:14:20,083 [RatisPipelineUtilsThread - 0] INFO  pipeline.RatisPipelineProvider (RatisPipelineProvider.java:lambda$create$0(195)) - Sending CreatePipelineCommand for pipeline:PipelineID=6ec226d2-5660-4ade-b9eb-b0c46d90a8ac to datanode:ef2e2c18-30bb-4738-b00f-992b0a4fb77a
2022-09-14 01:14:20,084 [RatisPipelineUtilsThread - 0] INFO  pipeline.PipelineStateManagerImpl (PipelineStateManagerImpl.java:addPipeline(103)) - Created pipeline Pipeline[ Id: 6ec226d2-5660-4ade-b9eb-b0c46d90a8ac, Nodes: ef2e2c18-30bb-4738-b00f-992b0a4fb77a{ip: 10.1.0.6, host: fv-az571-788.04lcwfe4cpsehn0ni2t1coknih.dx.internal.cloudapp.net, ports: [REPLICATION=45025, RATIS=46397, RATIS_ADMIN=46397, RATIS_SERVER=46397, STANDALONE=39489], networkLocation: /default-rack, certSerialId: null, persistedOpState: IN_SERVICE, persistedOpStateExpiryEpochSec: 0}, ReplicationConfig: RATIS/ONE, State:ALLOCATED, leaderId:, CreationTimestamp2022-09-14T01:14:20.083Z[Etc/UTC]].
2022-09-14 01:14:20,084 [RatisPipelineUtilsThread - 0] INFO  pipeline.RatisPipelineProvider (RatisPipelineProvider.java:lambda$create$0(195)) - Sending CreatePipelineCommand for pipeline:PipelineID=5e7c737d-a4f6-4ec9-b7d3-bef99eda7c2c to datanode:d28c3a4e-3918-43d8-bb46-fc5b34cd0519
2022-09-14 01:14:20,085 [RatisPipelineUtilsThread - 0] INFO  pipeline.RatisPipelineProvider (RatisPipelineProvider.java:lambda$create$0(195)) - Sending CreatePipelineCommand for pipeline:PipelineID=5e7c737d-a4f6-4ec9-b7d3-bef99eda7c2c to datanode:ef2e2c18-30bb-4738-b00f-992b0a4fb77a
2022-09-14 01:14:20,085 [RatisPipelineUtilsThread - 0] INFO  pipeline.RatisPipelineProvider (RatisPipelineProvider.java:lambda$create$0(195)) - Sending CreatePipelineCommand for pipeline:PipelineID=5e7c737d-a4f6-4ec9-b7d3-bef99eda7c2c to datanode:bba87d8c-0158-4ef8-bc32-b35d6e659061
2022-09-14 01:14:20,086 [RatisPipelineUtilsThread - 0] INFO  pipeline.PipelineStateManagerImpl (PipelineStateManagerImpl.java:addPipeline(103)) - Created pipeline Pipeline[ Id: 5e7c737d-a4f6-4ec9-b7d3-bef99eda7c2c, Nodes: d28c3a4e-3918-43d8-bb46-fc5b34cd0519{ip: 10.1.0.6, host: fv-az571-788.04lcwfe4cpsehn0ni2t1coknih.dx.internal.cloudapp.net, ports: [REPLICATION=36523, RATIS=42395, RATIS_ADMIN=42395, RATIS_SERVER=42395, STANDALONE=41209], networkLocation: /default-rack, certSerialId: null, persistedOpState: IN_SERVICE, persistedOpStateExpiryEpochSec: 0}ef2e2c18-30bb-4738-b00f-992b0a4fb77a{ip: 10.1.0.6, host: fv-az571-788.04lcwfe4cpsehn0ni2t1coknih.dx.internal.cloudapp.net, ports: [REPLICATION=45025, RATIS=46397, RATIS_ADMIN=46397, RATIS_SERVER=46397, STANDALONE=39489], networkLocation: /default-rack, certSerialId: null, persistedOpState: IN_SERVICE, persistedOpStateExpiryEpochSec: 0}bba87d8c-0158-4ef8-bc32-b35d6e659061{ip: 10.1.0.6, host: fv-az571-788.04lcwfe4cpsehn0ni2t1coknih.dx.internal.cloudapp.net, ports: [REPLICATION=45525, RATIS=39923, RATIS_ADMIN=39923, RATIS_SERVER=39923, STANDALONE=40241], networkLocation: /default-rack, certSerialId: null, persistedOpState: IN_SERVICE, persistedOpStateExpiryEpochSec: 0}, ReplicationConfig: RATIS/THREE, State:ALLOCATED, leaderId:, CreationTimestamp2022-09-14T01:14:20.084Z[Etc/UTC]].
2022-09-14 01:14:21,050 [Command processor thread] INFO  server.RaftServer (RaftServerProxy.java:addNew(96)) - d38685a6-2183-48c3-b209-d48d12164108: addNew group-690075E123F6:[d38685a6-2183-48c3-b209-d48d12164108|rpc:10.1.0.6:39093|priority:1] returns group-690075E123F6:java.util.concurrent.CompletableFuture@2d72784c[Not completed]
2022-09-14 01:14:21,061 [Listener at 127.0.0.1/43991] INFO  ozone.MiniOzoneClusterImpl (MiniOzoneClusterImpl.java:lambda$waitForClusterToBeReady$0(216)) - Nodes are ready. Got 6 of 6 DN Heartbeats.
2022-09-14 01:14:21,061 [Listener at 127.0.0.1/43991] INFO  ozone.MiniOzoneClusterImpl (MiniOzoneClusterImpl.java:lambda$waitForClusterToBeReady$0(219)) - Waiting for cluster to exit safe mode
2022-09-14 01:14:21,061 [Listener at 127.0.0.1/43991] INFO  ozone.MiniOzoneClusterImpl (MiniOzoneClusterImpl.java:lambda$waitForClusterToBeReady$0(221)) - SCM became leader
2022-09-14 01:14:21,066 [pool-72-thread-1] INFO  server.RaftServer$Division (RaftServerImpl.java:<init>(190)) - d38685a6-2183-48c3-b209-d48d12164108: new RaftServerImpl for group-690075E123F6:[d38685a6-2183-48c3-b209-d48d12164108|rpc:10.1.0.6:39093|priority:1] with ContainerStateMachine:uninitialized
2022-09-14 01:14:21,067 [pool-72-thread-1] INFO  server.RaftServerConfigKeys (ConfUtils.java:logGet(46)) - raft.server.rpc.timeout.min = 5s (custom)
2022-09-14 01:14:21,067 [pool-72-thread-1] INFO  server.RaftServerConfigKeys (ConfUtils.java:logGet(46)) - raft.server.rpc.timeout.max = 5200ms (custom)
2022-09-14 01:14:21,067 [pool-72-thread-1] INFO  server.RaftServerConfigKeys (ConfUtils.java:logGet(46)) - raft.server.rpc.sleep.time = 25ms (default)
2022-09-14 01:14:21,067 [pool-72-thread-1] INFO  server.RaftServerConfigKeys (ConfUtils.java:logGet(46)) - raft.server.rpc.slowness.timeout = 10000ms (custom)
2022-09-14 01:14:21,067 [pool-72-thread-1] INFO  server.RaftServerConfigKeys (ConfUtils.java:logGet(46)) - raft.server.leaderelection.leader.step-down.wait-time = 10s (default)
2022-09-14 01:14:21,067 [pool-72-thread-1] INFO  server.RaftServerConfigKeys (ConfUtils.java:logGet(46)) - raft.server.sleep.deviation.threshold = 300ms (default)
2022-09-14 01:14:21,067 [pool-72-thread-1] INFO  server.RaftServer$Division (ServerState.java:<init>(107)) - d38685a6-2183-48c3-b209-d48d12164108@group-690075E123F6: ConfigurationManager, init=-1: [d38685a6-2183-48c3-b209-d48d12164108|rpc:10.1.0.6:39093|priority:1], old=null, confs=<EMPTY_MAP>
2022-09-14 01:14:21,067 [pool-72-thread-1] INFO  server.RaftServerConfigKeys (ConfUtils.java:logGet(46)) - raft.server.storage.dir = [/home/runner/work/ozone/ozone/hadoop-ozone/integration-test/target/test-dir/MiniOzoneClusterImpl-ffa34613-6460-47dc-a2f2-a82eeb3f6f6a/datanode-0/data/ratis] (custom)
2022-09-14 01:14:21,067 [pool-72-thread-1] INFO  server.RaftServerConfigKeys (ConfUtils.java:logGet(46)) - raft.server.log.corruption.policy = EXCEPTION (default)
2022-09-14 01:14:21,067 [pool-72-thread-1] INFO  server.RaftServerConfigKeys (ConfUtils.java:logGet(46)) - raft.server.storage.free-space.min = 0MB (=0) (default)
2022-09-14 01:14:21,068 [pool-72-thread-1] INFO  storage.RaftStorageDirectory (RaftStorageDirectoryImpl.java:analyzeStorage(135)) - The storage directory /home/runner/work/ozone/ozone/hadoop-ozone/integration-test/target/test-dir/MiniOzoneClusterImpl-ffa34613-6460-47dc-a2f2-a82eeb3f6f6a/datanode-0/data/ratis/08f07196-e110-4348-bc5d-690075e123f6 does not exist. Creating ...
2022-09-14 01:14:21,070 [pool-72-thread-1] INFO  storage.RaftStorageDirectory (RaftStorageDirectoryImpl.java:tryLock(230)) - Lock on /home/runner/work/ozone/ozone/hadoop-ozone/integration-test/target/test-dir/MiniOzoneClusterImpl-ffa34613-6460-47dc-a2f2-a82eeb3f6f6a/datanode-0/data/ratis/08f07196-e110-4348-bc5d-690075e123f6/in_use.lock acquired by nodename 21498@fv-az571-788
2022-09-14 01:14:21,071 [pool-72-thread-1] INFO  storage.RaftStorage (RaftStorageImpl.java:format(89)) - Storage directory /home/runner/work/ozone/ozone/hadoop-ozone/integration-test/target/test-dir/MiniOzoneClusterImpl-ffa34613-6460-47dc-a2f2-a82eeb3f6f6a/datanode-0/data/ratis/08f07196-e110-4348-bc5d-690075e123f6 has been successfully formatted.
2022-09-14 01:14:21,074 [pool-72-thread-1] INFO  ratis.ContainerStateMachine (ContainerStateMachine.java:loadSnapshot(236)) - group-690075E123F6: The snapshot info is null. Setting the last applied indexto:(t:0, i:~)
2022-09-14 01:14:21,074 [pool-72-thread-1] INFO  server.RaftServerConfigKeys (ConfUtils.java:logGet(46)) - raft.server.notification.no-leader.timeout = 300000ms (custom)
2022-09-14 01:14:21,074 [pool-72-thread-1] INFO  server.RaftServerConfigKeys (ConfUtils.java:logGet(46)) - raft.server.log.use.memory = false (default)
2022-09-14 01:14:21,074 [pool-72-thread-1] INFO  server.RaftServerConfigKeys (ConfUtils.java:logGet(46)) - raft.server.log.purge.gap = 1000000 (custom)
2022-09-14 01:14:21,074 [pool-72-thread-1] INFO  server.RaftServerConfigKeys (ConfUtils.java:logGet(46)) - raft.server.log.appender.buffer.byte-limit = 33554432 (custom)
2022-09-14 01:14:21,074 [pool-72-thread-1] INFO  server.RaftServerConfigKeys (ConfUtils.java:logGet(46)) - raft.server.log.statemachine.data.read.timeout = 1000ms (default)
2022-09-14 01:14:21,075 [pool-72-thread-1] INFO  server.RaftServerConfigKeys (ConfUtils.java:logGet(46)) - raft.server.log.segment.size.max = 1048576 (custom)
2022-09-14 01:14:21,076 [pool-72-thread-1] INFO  server.RaftServerConfigKeys (ConfUtils.java:logGet(46)) - raft.server.log.segment.cache.num.max = 2 (custom)
2022-09-14 01:14:21,076 [pool-72-thread-1] INFO  server.RaftServerConfigKeys (ConfUtils.java:logGet(46)) - raft.server.log.segment.cache.size.max = 200MB (=209715200) (default)
2022-09-14 01:14:21,076 [pool-72-thread-1] INFO  segmented.SegmentedRaftLogWorker (SegmentedRaftLogWorker.java:<init>(187)) - new d38685a6-2183-48c3-b209-d48d12164108@group-690075E123F6-SegmentedRaftLogWorker for RaftStorageImpl:Storage Directory /home/runner/work/ozone/ozone/hadoop-ozone/integration-test/target/test-dir/MiniOzoneClusterImpl-ffa34613-6460-47dc-a2f2-a82eeb3f6f6a/datanode-0/data/ratis/08f07196-e110-4348-bc5d-690075e123f6
2022-09-14 01:14:21,076 [pool-72-thread-1] INFO  server.RaftServerConfigKeys (ConfUtils.java:logGet(46)) - raft.server.log.queue.byte-limit = 4294967296 (custom)
2022-09-14 01:14:21,076 [pool-72-thread-1] INFO  server.RaftServerConfigKeys (ConfUtils.java:logGet(46)) - raft.server.log.queue.element-limit = 1024 (custom)
2022-09-14 01:14:21,076 [pool-72-thread-1] INFO  server.RaftServerConfigKeys (ConfUtils.java:logGet(46)) - raft.server.log.segment.size.max = 1048576 (custom)
2022-09-14 01:14:21,076 [pool-72-thread-1] INFO  server.RaftServerConfigKeys (ConfUtils.java:logGet(46)) - raft.server.log.preallocated.size = 16384 (custom)
2022-09-14 01:14:21,076 [pool-72-thread-1] INFO  server.RaftServerConfigKeys (ConfUtils.java:logGet(46)) - raft.server.log.force.sync.num = 128 (default)
2022-09-14 01:14:21,076 [pool-72-thread-1] INFO  server.RaftServerConfigKeys (ConfUtils.java:logGet(46)) - raft.server.log.statemachine.data.sync = true (default)
2022-09-14 01:14:21,076 [pool-72-thread-1] INFO  server.RaftServerConfigKeys (ConfUtils.java:logGet(46)) - raft.server.log.statemachine.data.sync.timeout = 10s (default)
2022-09-14 01:14:21,076 [pool-72-thread-1] INFO  server.RaftServerConfigKeys (ConfUtils.java:logGet(46)) - raft.server.log.statemachine.data.sync.timeout.retry = -1 (default)
2022-09-14 01:14:21,079 [EventQueue-PipelineReportForPipelineReportHandler] INFO  pipeline.PipelineManagerImpl (PipelineManagerImpl.java:openPipeline(367)) - Pipeline Pipeline[ Id: 08f07196-e110-4348-bc5d-690075e123f6, Nodes: d38685a6-2183-48c3-b209-d48d12164108{ip: 10.1.0.6, host: fv-az571-788.04lcwfe4cpsehn0ni2t1coknih.dx.internal.cloudapp.net, ports: [REPLICATION=40695, RATIS=39093, RATIS_ADMIN=39093, RATIS_SERVER=39093, STANDALONE=43421], networkLocation: /default-rack, certSerialId: null, persistedOpState: IN_SERVICE, persistedOpStateExpiryEpochSec: 0}, ReplicationConfig: RATIS/ONE, State:ALLOCATED, leaderId:d38685a6-2183-48c3-b209-d48d12164108, CreationTimestamp2022-09-14T01:14:18.067Z[Etc/UTC]] moved to OPEN state
2022-09-14 01:14:21,080 [pool-72-thread-1] INFO  server.RaftServerConfigKeys (ConfUtils.java:logGet(46)) - raft.server.log.write.buffer.size = 1048576 (custom)
2022-09-14 01:14:21,081 [pool-72-thread-1] INFO  server.RaftServerConfigKeys (ConfUtils.java:logGet(46)) - raft.server.log.unsafe-flush.enabled = false (default)
2022-09-14 01:14:21,081 [pool-72-thread-1] INFO  server.RaftServerConfigKeys (ConfUtils.java:logGet(46)) - raft.server.log.statemachine.data.caching.enabled = true (custom)
2022-09-14 01:14:21,081 [pool-72-thread-1] INFO  segmented.SegmentedRaftLogWorker (SegmentedRaftLogWorker.java:lambda$new$0(135)) - d38685a6-2183-48c3-b209-d48d12164108@group-690075E123F6-SegmentedRaftLogWorker: flushIndex: setUnconditionally 0 -> -1
2022-09-14 01:14:21,081 [pool-72-thread-1] INFO  segmented.SegmentedRaftLogWorker (SegmentedRaftLogWorker.java:lambda$new$0(135)) - d38685a6-2183-48c3-b209-d48d12164108@group-690075E123F6-SegmentedRaftLogWorker: safeCacheEvictIndex: setUnconditionally 0 -> -1
2022-09-14 01:14:21,082 [EventQueue-OpenPipelineForHealthyPipelineSafeModeRule] INFO  safemode.SCMSafeModeManager (HealthyPipelineSafeModeRule.java:process(137)) - SCM in safe mode. Healthy pipelines reported count is 0, required healthy pipeline reported count is 1
2022-09-14 01:14:21,086 [pool-72-thread-1] INFO  server.RaftServerConfigKeys (ConfUtils.java:logGet(46)) - raft.server.snapshot.auto.trigger.enabled = true (custom)
2022-09-14 01:14:21,086 [pool-72-thread-1] INFO  server.RaftServerConfigKeys (ConfUtils.java:logGet(46)) - raft.server.snapshot.auto.trigger.threshold = 10000 (custom)
2022-09-14 01:14:21,086 [pool-72-thread-1] INFO  server.RaftServerConfigKeys (ConfUtils.java:logGet(46)) - raft.server.snapshot.retention.file.num = 5 (custom)
2022-09-14 01:14:21,086 [pool-72-thread-1] INFO  server.RaftServerConfigKeys (ConfUtils.java:logGet(46)) - raft.server.log.purge.upto.snapshot.index = false (default)
2022-09-14 01:14:21,086 [pool-72-thread-1] INFO  server.RaftServerConfigKeys (ConfUtils.java:logGet(46)) - raft.server.retrycache.expirytime = 600000ms (custom)
2022-09-14 01:14:21,086 [pool-72-thread-1] INFO  server.RaftServerConfigKeys (ConfUtils.java:logGet(46)) - raft.server.retrycache.statistics.expirytime = 100μs (default)
2022-09-14 01:14:21,089 [pool-72-thread-1] INFO  server.RaftServerConfigKeys (ConfUtils.java:logGet(46)) - raft.server.log.appender.install.snapshot.enabled = false (custom)
2022-09-14 01:14:21,089 [pool-72-thread-1] INFO  server.RaftServerConfigKeys (ConfUtils.java:logGet(46)) - raft.server.threadpool.server.cached = true (default)
2022-09-14 01:14:21,089 [pool-72-thread-1] INFO  server.RaftServerConfigKeys (ConfUtils.java:logGet(46)) - raft.server.threadpool.server.size = 0 (default)
2022-09-14 01:14:21,089 [pool-72-thread-1] INFO  server.RaftServerConfigKeys (ConfUtils.java:logGet(46)) - raft.server.threadpool.client.cached = true (default)
2022-09-14 01:14:21,090 [pool-72-thread-1] INFO  server.RaftServerConfigKeys (ConfUtils.java:logGet(46)) - raft.server.threadpool.client.size = 0 (default)
2022-09-14 01:14:21,090 [pool-72-thread-1] INFO  server.RaftServer$Division (RaftServerImpl.java:start(310)) - d38685a6-2183-48c3-b209-d48d12164108@group-690075E123F6: start as a follower, conf=-1: [d38685a6-2183-48c3-b209-d48d12164108|rpc:10.1.0.6:39093|priority:1], old=null
2022-09-14 01:14:21,090 [pool-72-thread-1] INFO  server.RaftServer$Division (RaftServerImpl.java:setRole(299)) - d38685a6-2183-48c3-b209-d48d12164108@group-690075E123F6: changes role from      null to FOLLOWER at term 0 for startAsFollower
2022-09-14 01:14:21,090 [pool-72-thread-1] INFO  impl.RoleInfo (RoleInfo.java:updateAndGet(139)) - d38685a6-2183-48c3-b209-d48d12164108: start d38685a6-2183-48c3-b209-d48d12164108@group-690075E123F6-FollowerState
2022-09-14 01:14:21,091 [pool-72-thread-1] INFO  util.JmxRegister (JmxRegister.java:tryRegister(44)) - Successfully registered JMX Bean with object name Ratis:service=RaftServer,group=group-690075E123F6,id=d38685a6-2183-48c3-b209-d48d12164108
2022-09-14 01:14:21,103 [Command processor thread] INFO  ratis.XceiverServerRatis (XceiverServerRatis.java:addGroup(765)) - Created group PipelineID=08f07196-e110-4348-bc5d-690075e123f6
2022-09-14 01:14:21,104 [Command processor thread] INFO  commandhandler.CreatePipelineCommandHandler (CreatePipelineCommandHandler.java:handle(113)) - Created Pipeline RATIS ONE PipelineID=08f07196-e110-4348-bc5d-690075e123f6.
2022-09-14 01:14:21,105 [Command processor thread] INFO  server.RaftServer (RaftServerProxy.java:addNew(96)) - d38685a6-2183-48c3-b209-d48d12164108: addNew group-8AF4B479ECA4:[d38685a6-2183-48c3-b209-d48d12164108|rpc:10.1.0.6:39093|priority:0, e152a9cb-50bd-4473-abda-9918c470cf1e|rpc:10.1.0.6:43759|priority:0, 949a54d7-9098-427f-a66d-64783e047bdb|rpc:10.1.0.6:46425|priority:1] returns group-8AF4B479ECA4:java.util.concurrent.CompletableFuture@1025e098[Not completed]
2022-09-14 01:14:21,106 [pool-72-thread-1] INFO  server.RaftServer$Division (RaftServerImpl.java:<init>(190)) - d38685a6-2183-48c3-b209-d48d12164108: new RaftServerImpl for group-8AF4B479ECA4:[d38685a6-2183-48c3-b209-d48d12164108|rpc:10.1.0.6:39093|priority:0, e152a9cb-50bd-4473-abda-9918c470cf1e|rpc:10.1.0.6:43759|priority:0, 949a54d7-9098-427f-a66d-64783e047bdb|rpc:10.1.0.6:46425|priority:1] with ContainerStateMachine:uninitialized
2022-09-14 01:14:21,106 [pool-72-thread-1] INFO  server.RaftServerConfigKeys (ConfUtils.java:logGet(46)) - raft.server.rpc.timeout.min = 5s (custom)
2022-09-14 01:14:21,106 [pool-72-thread-1] INFO  server.RaftServerConfigKeys (ConfUtils.java:logGet(46)) - raft.server.rpc.timeout.max = 5200ms (custom)
2022-09-14 01:14:21,106 [pool-72-thread-1] INFO  server.RaftServerConfigKeys (ConfUtils.java:logGet(46)) - raft.server.rpc.sleep.time = 25ms (default)
2022-09-14 01:14:21,106 [pool-72-thread-1] INFO  server.RaftServerConfigKeys (ConfUtils.java:logGet(46)) - raft.server.rpc.slowness.timeout = 10000ms (custom)
2022-09-14 01:14:21,106 [pool-72-thread-1] INFO  server.RaftServerConfigKeys (ConfUtils.java:logGet(46)) - raft.server.leaderelection.leader.step-down.wait-time = 10s (default)
2022-09-14 01:14:21,106 [pool-72-thread-1] INFO  server.RaftServerConfigKeys (ConfUtils.java:logGet(46)) - raft.server.sleep.deviation.threshold = 300ms (default)
2022-09-14 01:14:21,106 [pool-72-thread-1] INFO  server.RaftServer$Division (ServerState.java:<init>(107)) - d38685a6-2183-48c3-b209-d48d12164108@group-8AF4B479ECA4: ConfigurationManager, init=-1: [d38685a6-2183-48c3-b209-d48d12164108|rpc:10.1.0.6:39093|priority:0, e152a9cb-50bd-4473-abda-9918c470cf1e|rpc:10.1.0.6:43759|priority:0, 949a54d7-9098-427f-a66d-64783e047bdb|rpc:10.1.0.6:46425|priority:1], old=null, confs=<EMPTY_MAP>
2022-09-14 01:14:21,106 [pool-72-thread-1] INFO  server.RaftServerConfigKeys (ConfUtils.java:logGet(46)) - raft.server.storage.dir = [/home/runner/work/ozone/ozone/hadoop-ozone/integration-test/target/test-dir/MiniOzoneClusterImpl-ffa34613-6460-47dc-a2f2-a82eeb3f6f6a/datanode-0/data/ratis] (custom)
2022-09-14 01:14:21,107 [pool-72-thread-1] INFO  server.RaftServerConfigKeys (ConfUtils.java:logGet(46)) - raft.server.log.corruption.policy = EXCEPTION (default)
2022-09-14 01:14:21,107 [pool-72-thread-1] INFO  server.RaftServerConfigKeys (ConfUtils.java:logGet(46)) - raft.server.storage.free-space.min = 0MB (=0) (default)
2022-09-14 01:14:21,107 [pool-72-thread-1] INFO  storage.RaftStorageDirectory (RaftStorageDirectoryImpl.java:analyzeStorage(135)) - The storage directory /home/runner/work/ozone/ozone/hadoop-ozone/integration-test/target/test-dir/MiniOzoneClusterImpl-ffa34613-6460-47dc-a2f2-a82eeb3f6f6a/datanode-0/data/ratis/b6f23a11-12e0-494c-a6b4-8af4b479eca4 does not exist. Creating ...
2022-09-14 01:14:21,108 [pool-72-thread-1] INFO  storage.RaftStorageDirectory (RaftStorageDirectoryImpl.java:tryLock(230)) - Lock on /home/runner/work/ozone/ozone/hadoop-ozone/integration-test/target/test-dir/MiniOzoneClusterImpl-ffa34613-6460-47dc-a2f2-a82eeb3f6f6a/datanode-0/data/ratis/b6f23a11-12e0-494c-a6b4-8af4b479eca4/in_use.lock acquired by nodename 21498@fv-az571-788
2022-09-14 01:14:21,109 [pool-72-thread-1] INFO  storage.RaftStorage (RaftStorageImpl.java:format(89)) - Storage directory /home/runner/work/ozone/ozone/hadoop-ozone/integration-test/target/test-dir/MiniOzoneClusterImpl-ffa34613-6460-47dc-a2f2-a82eeb3f6f6a/datanode-0/data/ratis/b6f23a11-12e0-494c-a6b4-8af4b479eca4 has been successfully formatted.
2022-09-14 01:14:21,111 [pool-72-thread-1] INFO  ratis.ContainerStateMachine (ContainerStateMachine.java:loadSnapshot(236)) - group-8AF4B479ECA4: The snapshot info is null. Setting the last applied indexto:(t:0, i:~)
2022-09-14 01:14:21,112 [EventQueue-OpenPipelineForHealthyPipelineSafeModeRule] INFO  safemode.SCMSafeModeManager (HealthyPipelineSafeModeRule.java:process(137)) - SCM in safe mode. Healthy pipelines reported count is 0, required healthy pipeline reported count is 1
2022-09-14 01:14:21,112 [pool-72-thread-1] INFO  server.RaftServerConfigKeys (ConfUtils.java:logGet(46)) - raft.server.notification.no-leader.timeout = 300000ms (custom)
2022-09-14 01:14:21,112 [pool-72-thread-1] INFO  server.RaftServerConfigKeys (ConfUtils.java:logGet(46)) - raft.server.log.use.memory = false (default)
2022-09-14 01:14:21,112 [pool-72-thread-1] INFO  server.RaftServerConfigKeys (ConfUtils.java:logGet(46)) - raft.server.log.purge.gap = 1000000 (custom)
2022-09-14 01:14:21,113 [pool-72-thread-1] INFO  server.RaftServerConfigKeys (ConfUtils.java:logGet(46)) - raft.server.log.appender.buffer.byte-limit = 33554432 (custom)
2022-09-14 01:14:21,113 [pool-72-thread-1] INFO  server.RaftServerConfigKeys (ConfUtils.java:logGet(46)) - raft.server.log.statemachine.data.read.timeout = 1000ms (default)
2022-09-14 01:14:21,113 [pool-72-thread-1] INFO  server.RaftServerConfigKeys (ConfUtils.java:logGet(46)) - raft.server.log.segment.size.max = 1048576 (custom)
2022-09-14 01:14:21,114 [pool-72-thread-1] INFO  server.RaftServerConfigKeys (ConfUtils.java:logGet(46)) - raft.server.log.segment.cache.num.max = 2 (custom)
2022-09-14 01:14:21,114 [pool-72-thread-1] INFO  server.RaftServerConfigKeys (ConfUtils.java:logGet(46)) - raft.server.log.segment.cache.size.max = 200MB (=209715200) (default)
2022-09-14 01:14:21,114 [pool-72-thread-1] INFO  segmented.SegmentedRaftLogWorker (SegmentedRaftLogWorker.java:<init>(187)) - new d38685a6-2183-48c3-b209-d48d12164108@group-8AF4B479ECA4-SegmentedRaftLogWorker for RaftStorageImpl:Storage Directory /home/runner/work/ozone/ozone/hadoop-ozone/integration-test/target/test-dir/MiniOzoneClusterImpl-ffa34613-6460-47dc-a2f2-a82eeb3f6f6a/datanode-0/data/ratis/b6f23a11-12e0-494c-a6b4-8af4b479eca4
2022-09-14 01:14:21,114 [pool-72-thread-1] INFO  server.RaftServerConfigKeys (ConfUtils.java:logGet(46)) - raft.server.log.queue.byte-limit = 4294967296 (custom)
2022-09-14 01:14:21,114 [pool-72-thread-1] INFO  server.RaftServerConfigKeys (ConfUtils.java:logGet(46)) - raft.server.log.queue.element-limit = 1024 (custom)
2022-09-14 01:14:21,114 [pool-72-thread-1] INFO  server.RaftServerConfigKeys (ConfUtils.java:logGet(46)) - raft.server.log.segment.size.max = 1048576 (custom)
2022-09-14 01:14:21,114 [pool-72-thread-1] INFO  server.RaftServerConfigKeys (ConfUtils.java:logGet(46)) - raft.server.log.preallocated.size = 16384 (custom)
2022-09-14 01:14:21,114 [pool-72-thread-1] INFO  server.RaftServerConfigKeys (ConfUtils.java:logGet(46)) - raft.server.log.force.sync.num = 128 (default)
2022-09-14 01:14:21,114 [pool-72-thread-1] INFO  server.RaftServerConfigKeys (ConfUtils.java:logGet(46)) - raft.server.log.statemachine.data.sync = true (default)
2022-09-14 01:14:21,114 [pool-72-thread-1] INFO  server.RaftServerConfigKeys (ConfUtils.java:logGet(46)) - raft.server.log.statemachine.data.sync.timeout = 10s (default)
2022-09-14 01:14:21,114 [pool-72-thread-1] INFO  server.RaftServerConfigKeys (ConfUtils.java:logGet(46)) - raft.server.log.statemachine.data.sync.timeout.retry = -1 (default)
2022-09-14 01:14:21,116 [pool-72-thread-1] INFO  server.RaftServerConfigKeys (ConfUtils.java:logGet(46)) - raft.server.log.write.buffer.size = 1048576 (custom)
2022-09-14 01:14:21,116 [pool-72-thread-1] INFO  server.RaftServerConfigKeys (ConfUtils.java:logGet(46)) - raft.server.log.unsafe-flush.enabled = false (default)
2022-09-14 01:14:21,116 [pool-72-thread-1] INFO  server.RaftServerConfigKeys (ConfUtils.java:logGet(46)) - raft.server.log.statemachine.data.caching.enabled = true (custom)
2022-09-14 01:14:21,116 [pool-72-thread-1] INFO  segmented.SegmentedRaftLogWorker (SegmentedRaftLogWorker.java:lambda$new$0(135)) - d38685a6-2183-48c3-b209-d48d12164108@group-8AF4B479ECA4-SegmentedRaftLogWorker: flushIndex: setUnconditionally 0 -> -1
2022-09-14 01:14:21,116 [pool-72-thread-1] INFO  segmented.SegmentedRaftLogWorker (SegmentedRaftLogWorker.java:lambda$new$0(135)) - d38685a6-2183-48c3-b209-d48d12164108@group-8AF4B479ECA4-SegmentedRaftLogWorker: safeCacheEvictIndex: setUnconditionally 0 -> -1
2022-09-14 01:14:21,121 [pool-72-thread-1] INFO  server.RaftServerConfigKeys (ConfUtils.java:logGet(46)) - raft.server.snapshot.auto.trigger.enabled = true (custom)
2022-09-14 01:14:21,122 [pool-72-thread-1] INFO  server.RaftServerConfigKeys (ConfUtils.java:logGet(46)) - raft.server.snapshot.auto.trigger.threshold = 10000 (custom)
2022-09-14 01:14:21,122 [pool-72-thread-1] INFO  server.RaftServerConfigKeys (ConfUtils.java:logGet(46)) - raft.server.snapshot.retention.file.num = 5 (custom)
2022-09-14 01:14:21,122 [pool-72-thread-1] INFO  server.RaftServerConfigKeys (ConfUtils.java:logGet(46)) - raft.server.log.purge.upto.snapshot.index = false (default)
2022-09-14 01:14:21,122 [pool-72-thread-1] INFO  server.RaftServerConfigKeys (ConfUtils.java:logGet(46)) - raft.server.retrycache.expirytime = 600000ms (custom)
2022-09-14 01:14:21,122 [pool-72-thread-1] INFO  server.RaftServerConfigKeys (ConfUtils.java:logGet(46)) - raft.server.retrycache.statistics.expirytime = 100μs (default)
2022-09-14 01:14:21,124 [pool-72-thread-1] INFO  server.RaftServerConfigKeys (ConfUtils.java:logGet(46)) - raft.server.log.appender.install.snapshot.enabled = false (custom)
2022-09-14 01:14:21,124 [pool-72-thread-1] INFO  server.RaftServerConfigKeys (ConfUtils.java:logGet(46)) - raft.server.threadpool.server.cached = true (default)
2022-09-14 01:14:21,124 [pool-72-thread-1] INFO  server.RaftServerConfigKeys (ConfUtils.java:logGet(46)) - raft.server.threadpool.server.size = 0 (default)
2022-09-14 01:14:21,124 [pool-72-thread-1] INFO  server.RaftServerConfigKeys (ConfUtils.java:logGet(46)) - raft.server.threadpool.client.cached = true (default)
2022-09-14 01:14:21,124 [pool-72-thread-1] INFO  server.RaftServerConfigKeys (ConfUtils.java:logGet(46)) - raft.server.threadpool.client.size = 0 (default)
2022-09-14 01:14:21,124 [pool-72-thread-1] INFO  server.RaftServer$Division (RaftServerImpl.java:start(310)) - d38685a6-2183-48c3-b209-d48d12164108@group-8AF4B479ECA4: start as a follower, conf=-1: [d38685a6-2183-48c3-b209-d48d12164108|rpc:10.1.0.6:39093|priority:0, e152a9cb-50bd-4473-abda-9918c470cf1e|rpc:10.1.0.6:43759|priority:0, 949a54d7-9098-427f-a66d-64783e047bdb|rpc:10.1.0.6:46425|priority:1], old=null
2022-09-14 01:14:21,124 [pool-72-thread-1] INFO  server.RaftServer$Division (RaftServerImpl.java:setRole(299)) - d38685a6-2183-48c3-b209-d48d12164108@group-8AF4B479ECA4: changes role from      null to FOLLOWER at term 0 for startAsFollower
2022-09-14 01:14:21,125 [pool-72-thread-1] INFO  impl.RoleInfo (RoleInfo.java:updateAndGet(139)) - d38685a6-2183-48c3-b209-d48d12164108: start d38685a6-2183-48c3-b209-d48d12164108@group-8AF4B479ECA4-FollowerState
2022-09-14 01:14:21,128 [pool-72-thread-1] INFO  util.JmxRegister (JmxRegister.java:tryRegister(44)) - Successfully registered JMX Bean with object name Ratis:service=RaftServer,group=group-8AF4B479ECA4,id=d38685a6-2183-48c3-b209-d48d12164108
2022-09-14 01:14:21,130 [Command processor thread] INFO  ratis.XceiverServerRatis (XceiverServerRatis.java:addGroup(765)) - Created group PipelineID=b6f23a11-12e0-494c-a6b4-8af4b479eca4
2022-09-14 01:14:21,636 [Command processor thread] INFO  server.RaftServer (RaftServerProxy.java:addNew(96)) - 949a54d7-9098-427f-a66d-64783e047bdb: addNew group-F4D504EA1E06:[949a54d7-9098-427f-a66d-64783e047bdb|rpc:10.1.0.6:46425|priority:1] returns group-F4D504EA1E06:java.util.concurrent.CompletableFuture@7fff37f5[Not completed]
2022-09-14 01:14:21,649 [pool-95-thread-1] INFO  server.RaftServer$Division (RaftServerImpl.java:<init>(190)) - 949a54d7-9098-427f-a66d-64783e047bdb: new RaftServerImpl for group-F4D504EA1E06:[949a54d7-9098-427f-a66d-64783e047bdb|rpc:10.1.0.6:46425|priority:1] with ContainerStateMachine:uninitialized
2022-09-14 01:14:21,650 [pool-95-thread-1] INFO  server.RaftServerConfigKeys (ConfUtils.java:logGet(46)) - raft.server.rpc.timeout.min = 5s (custom)
2022-09-14 01:14:21,650 [pool-95-thread-1] INFO  server.RaftServerConfigKeys (ConfUtils.java:logGet(46)) - raft.server.rpc.timeout.max = 5200ms (custom)
2022-09-14 01:14:21,650 [pool-95-thread-1] INFO  server.RaftServerConfigKeys (ConfUtils.java:logGet(46)) - raft.server.rpc.sleep.time = 25ms (default)
2022-09-14 01:14:21,650 [pool-95-thread-1] INFO  server.RaftServerConfigKeys (ConfUtils.java:logGet(46)) - raft.server.rpc.slowness.timeout = 10000ms (custom)
2022-09-14 01:14:21,650 [pool-95-thread-1] INFO  server.RaftServerConfigKeys (ConfUtils.java:logGet(46)) - raft.server.leaderelection.leader.step-down.wait-time = 10s (default)
2022-09-14 01:14:21,655 [pool-95-thread-1] INFO  server.RaftServerConfigKeys (ConfUtils.java:logGet(46)) - raft.server.sleep.deviation.threshold = 300ms (default)
2022-09-14 01:14:21,655 [pool-95-thread-1] INFO  server.RaftServer$Division (ServerState.java:<init>(107)) - 949a54d7-9098-427f-a66d-64783e047bdb@group-F4D504EA1E06: ConfigurationManager, init=-1: [949a54d7-9098-427f-a66d-64783e047bdb|rpc:10.1.0.6:46425|priority:1], old=null, confs=<EMPTY_MAP>
2022-09-14 01:14:21,655 [pool-95-thread-1] INFO  server.RaftServerConfigKeys (ConfUtils.java:logGet(46)) - raft.server.storage.dir = [/home/runner/work/ozone/ozone/hadoop-ozone/integration-test/target/test-dir/MiniOzoneClusterImpl-ffa34613-6460-47dc-a2f2-a82eeb3f6f6a/datanode-1/data/ratis] (custom)
2022-09-14 01:14:21,655 [pool-95-thread-1] INFO  server.RaftServerConfigKeys (ConfUtils.java:logGet(46)) - raft.server.log.corruption.policy = EXCEPTION (default)
2022-09-14 01:14:21,655 [pool-95-thread-1] INFO  server.RaftServerConfigKeys (ConfUtils.java:logGet(46)) - raft.server.storage.free-space.min = 0MB (=0) (default)
2022-09-14 01:14:21,655 [pool-95-thread-1] INFO  storage.RaftStorageDirectory (RaftStorageDirectoryImpl.java:analyzeStorage(135)) - The storage directory /home/runner/work/ozone/ozone/hadoop-ozone/integration-test/target/test-dir/MiniOzoneClusterImpl-ffa34613-6460-47dc-a2f2-a82eeb3f6f6a/datanode-1/data/ratis/3502b2e5-3ad2-4ad8-8ba5-f4d504ea1e06 does not exist. Creating ...
2022-09-14 01:14:21,657 [pool-95-thread-1] INFO  storage.RaftStorageDirectory (RaftStorageDirectoryImpl.java:tryLock(230)) - Lock on /home/runner/work/ozone/ozone/hadoop-ozone/integration-test/target/test-dir/MiniOzoneClusterImpl-ffa34613-6460-47dc-a2f2-a82eeb3f6f6a/datanode-1/data/ratis/3502b2e5-3ad2-4ad8-8ba5-f4d504ea1e06/in_use.lock acquired by nodename 21498@fv-az571-788
2022-09-14 01:14:21,660 [pool-95-thread-1] INFO  storage.RaftStorage (RaftStorageImpl.java:format(89)) - Storage directory /home/runner/work/ozone/ozone/hadoop-ozone/integration-test/target/test-dir/MiniOzoneClusterImpl-ffa34613-6460-47dc-a2f2-a82eeb3f6f6a/datanode-1/data/ratis/3502b2e5-3ad2-4ad8-8ba5-f4d504ea1e06 has been successfully formatted.
2022-09-14 01:14:21,662 [pool-95-thread-1] INFO  ratis.ContainerStateMachine (ContainerStateMachine.java:loadSnapshot(236)) - group-F4D504EA1E06: The snapshot info is null. Setting the last applied indexto:(t:0, i:~)
2022-09-14 01:14:21,668 [pool-95-thread-1] INFO  server.RaftServerConfigKeys (ConfUtils.java:logGet(46)) - raft.server.notification.no-leader.timeout = 300000ms (custom)
2022-09-14 01:14:21,668 [EventQueue-PipelineReportForPipelineReportHandler] INFO  pipeline.PipelineManagerImpl (PipelineManagerImpl.java:openPipeline(367)) - Pipeline Pipeline[ Id: 3502b2e5-3ad2-4ad8-8ba5-f4d504ea1e06, Nodes: 949a54d7-9098-427f-a66d-64783e047bdb{ip: 10.1.0.6, host: fv-az571-788.04lcwfe4cpsehn0ni2t1coknih.dx.internal.cloudapp.net, ports: [REPLICATION=42445, RATIS=46425, RATIS_ADMIN=46425, RATIS_SERVER=46425, STANDALONE=40515], networkLocation: /default-rack, certSerialId: null, persistedOpState: IN_SERVICE, persistedOpStateExpiryEpochSec: 0}, ReplicationConfig: RATIS/ONE, State:ALLOCATED, leaderId:949a54d7-9098-427f-a66d-64783e047bdb, CreationTimestamp2022-09-14T01:14:18.630Z[Etc/UTC]] moved to OPEN state
2022-09-14 01:14:21,669 [EventQueue-OpenPipelineForHealthyPipelineSafeModeRule] INFO  safemode.SCMSafeModeManager (HealthyPipelineSafeModeRule.java:process(137)) - SCM in safe mode. Healthy pipelines reported count is 0, required healthy pipeline reported count is 1
2022-09-14 01:14:21,670 [pool-95-thread-1] INFO  server.RaftServerConfigKeys (ConfUtils.java:logGet(46)) - raft.server.log.use.memory = false (default)
2022-09-14 01:14:21,671 [pool-95-thread-1] INFO  server.RaftServerConfigKeys (ConfUtils.java:logGet(46)) - raft.server.log.purge.gap = 1000000 (custom)
2022-09-14 01:14:21,671 [pool-95-thread-1] INFO  server.RaftServerConfigKeys (ConfUtils.java:logGet(46)) - raft.server.log.appender.buffer.byte-limit = 33554432 (custom)
2022-09-14 01:14:21,671 [pool-95-thread-1] INFO  server.RaftServerConfigKeys (ConfUtils.java:logGet(46)) - raft.server.log.statemachine.data.read.timeout = 1000ms (default)
2022-09-14 01:14:21,671 [pool-95-thread-1] INFO  server.RaftServerConfigKeys (ConfUtils.java:logGet(46)) - raft.server.log.segment.size.max = 1048576 (custom)
2022-09-14 01:14:21,672 [pool-95-thread-1] INFO  server.RaftServerConfigKeys (ConfUtils.java:logGet(46)) - raft.server.log.segment.cache.num.max = 2 (custom)
2022-09-14 01:14:21,672 [pool-95-thread-1] INFO  server.RaftServerConfigKeys (ConfUtils.java:logGet(46)) - raft.server.log.segment.cache.size.max = 200MB (=209715200) (default)
2022-09-14 01:14:21,672 [pool-95-thread-1] INFO  segmented.SegmentedRaftLogWorker (SegmentedRaftLogWorker.java:<init>(187)) - new 949a54d7-9098-427f-a66d-64783e047bdb@group-F4D504EA1E06-SegmentedRaftLogWorker for RaftStorageImpl:Storage Directory /home/runner/work/ozone/ozone/hadoop-ozone/integration-test/target/test-dir/MiniOzoneClusterImpl-ffa34613-6460-47dc-a2f2-a82eeb3f6f6a/datanode-1/data/ratis/3502b2e5-3ad2-4ad8-8ba5-f4d504ea1e06
2022-09-14 01:14:21,672 [pool-95-thread-1] INFO  server.RaftServerConfigKeys (ConfUtils.java:logGet(46)) - raft.server.log.queue.byte-limit = 4294967296 (custom)
2022-09-14 01:14:21,672 [pool-95-thread-1] INFO  server.RaftServerConfigKeys (ConfUtils.java:logGet(46)) - raft.server.log.queue.element-limit = 1024 (custom)
2022-09-14 01:14:21,672 [pool-95-thread-1] INFO  server.RaftServerConfigKeys (ConfUtils.java:logGet(46)) - raft.server.log.segment.size.max = 1048576 (custom)
2022-09-14 01:14:21,672 [pool-95-thread-1] INFO  server.RaftServerConfigKeys (ConfUtils.java:logGet(46)) - raft.server.log.preallocated.size = 16384 (custom)
2022-09-14 01:14:21,672 [pool-95-thread-1] INFO  server.RaftServerConfigKeys (ConfUtils.java:logGet(46)) - raft.server.log.force.sync.num = 128 (default)
2022-09-14 01:14:21,672 [pool-95-thread-1] INFO  server.RaftServerConfigKeys (ConfUtils.java:logGet(46)) - raft.server.log.statemachine.data.sync = true (default)
2022-09-14 01:14:21,673 [pool-95-thread-1] INFO  server.RaftServerConfigKeys (ConfUtils.java:logGet(46)) - raft.server.log.statemachine.data.sync.timeout = 10s (default)
2022-09-14 01:14:21,673 [pool-95-thread-1] INFO  server.RaftServerConfigKeys (ConfUtils.java:logGet(46)) - raft.server.log.statemachine.data.sync.timeout.retry = -1 (default)
2022-09-14 01:14:21,675 [pool-95-thread-1] INFO  server.RaftServerConfigKeys (ConfUtils.java:logGet(46)) - raft.server.log.write.buffer.size = 1048576 (custom)
2022-09-14 01:14:21,675 [pool-95-thread-1] INFO  server.RaftServerConfigKeys (ConfUtils.java:logGet(46)) - raft.server.log.unsafe-flush.enabled = false (default)
2022-09-14 01:14:21,675 [pool-95-thread-1] INFO  server.RaftServerConfigKeys (ConfUtils.java:logGet(46)) - raft.server.log.statemachine.data.caching.enabled = true (custom)
2022-09-14 01:14:21,675 [pool-95-thread-1] INFO  segmented.SegmentedRaftLogWorker (SegmentedRaftLogWorker.java:lambda$new$0(135)) - 949a54d7-9098-427f-a66d-64783e047bdb@group-F4D504EA1E06-SegmentedRaftLogWorker: flushIndex: setUnconditionally 0 -> -1
2022-09-14 01:14:21,675 [pool-95-thread-1] INFO  segmented.SegmentedRaftLogWorker (SegmentedRaftLogWorker.java:lambda$new$0(135)) - 949a54d7-9098-427f-a66d-64783e047bdb@group-F4D504EA1E06-SegmentedRaftLogWorker: safeCacheEvictIndex: setUnconditionally 0 -> -1
2022-09-14 01:14:21,689 [pool-95-thread-1] INFO  server.RaftServerConfigKeys (ConfUtils.java:logGet(46)) - raft.server.snapshot.auto.trigger.enabled = true (custom)
2022-09-14 01:14:21,690 [pool-95-thread-1] INFO  server.RaftServerConfigKeys (ConfUtils.java:logGet(46)) - raft.server.snapshot.auto.trigger.threshold = 10000 (custom)
2022-09-14 01:14:21,690 [pool-95-thread-1] INFO  server.RaftServerConfigKeys (ConfUtils.java:logGet(46)) - raft.server.snapshot.retention.file.num = 5 (custom)
2022-09-14 01:14:21,690 [pool-95-thread-1] INFO  server.RaftServerConfigKeys (ConfUtils.java:logGet(46)) - raft.server.log.purge.upto.snapshot.index = false (default)
2022-09-14 01:14:21,690 [pool-95-thread-1] INFO  server.RaftServerConfigKeys (ConfUtils.java:logGet(46)) - raft.server.retrycache.expirytime = 600000ms (custom)
2022-09-14 01:14:21,690 [pool-95-thread-1] INFO  server.RaftServerConfigKeys (ConfUtils.java:logGet(46)) - raft.server.retrycache.statistics.expirytime = 100μs (default)
2022-09-14 01:14:21,699 [pool-95-thread-1] INFO  server.RaftServerConfigKeys (ConfUtils.java:logGet(46)) - raft.server.log.appender.install.snapshot.enabled = false (custom)
2022-09-14 01:14:21,699 [pool-95-thread-1] INFO  server.RaftServerConfigKeys (ConfUtils.java:logGet(46)) - raft.server.threadpool.server.cached = true (default)
2022-09-14 01:14:21,699 [pool-95-thread-1] INFO  server.RaftServerConfigKeys (ConfUtils.java:logGet(46)) - raft.server.threadpool.server.size = 0 (default)
2022-09-14 01:14:21,699 [pool-95-thread-1] INFO  server.RaftServerConfigKeys (ConfUtils.java:logGet(46)) - raft.server.threadpool.client.cached = true (default)
2022-09-14 01:14:21,699 [pool-95-thread-1] INFO  server.RaftServerConfigKeys (ConfUtils.java:logGet(46)) - raft.server.threadpool.client.size = 0 (default)
2022-09-14 01:14:21,700 [pool-95-thread-1] INFO  server.RaftServer$Division (RaftServerImpl.java:start(310)) - 949a54d7-9098-427f-a66d-64783e047bdb@group-F4D504EA1E06: start as a follower, conf=-1: [949a54d7-9098-427f-a66d-64783e047bdb|rpc:10.1.0.6:46425|priority:1], old=null
2022-09-14 01:14:21,700 [pool-95-thread-1] INFO  server.RaftServer$Division (RaftServerImpl.java:setRole(299)) - 949a54d7-9098-427f-a66d-64783e047bdb@group-F4D504EA1E06: changes role from      null to FOLLOWER at term 0 for startAsFollower
2022-09-14 01:14:21,700 [pool-95-thread-1] INFO  impl.RoleInfo (RoleInfo.java:updateAndGet(139)) - 949a54d7-9098-427f-a66d-64783e047bdb: start 949a54d7-9098-427f-a66d-64783e047bdb@group-F4D504EA1E06-FollowerState
2022-09-14 01:14:21,720 [pool-95-thread-1] INFO  util.JmxRegister (JmxRegister.java:tryRegister(44)) - Successfully registered JMX Bean with object name Ratis:service=RaftServer,group=group-F4D504EA1E06,id=949a54d7-9098-427f-a66d-64783e047bdb
2022-09-14 01:14:21,735 [Command processor thread] INFO  ratis.XceiverServerRatis (XceiverServerRatis.java:addGroup(765)) - Created group PipelineID=3502b2e5-3ad2-4ad8-8ba5-f4d504ea1e06
2022-09-14 01:14:21,735 [Command processor thread] INFO  commandhandler.CreatePipelineCommandHandler (CreatePipelineCommandHandler.java:handle(113)) - Created Pipeline RATIS ONE PipelineID=3502b2e5-3ad2-4ad8-8ba5-f4d504ea1e06.
2022-09-14 01:14:21,756 [Command processor thread] INFO  server.RaftServer (RaftServerProxy.java:addNew(96)) - 949a54d7-9098-427f-a66d-64783e047bdb: addNew group-8AF4B479ECA4:[d38685a6-2183-48c3-b209-d48d12164108|rpc:10.1.0.6:39093|priority:0, e152a9cb-50bd-4473-abda-9918c470cf1e|rpc:10.1.0.6:43759|priority:0, 949a54d7-9098-427f-a66d-64783e047bdb|rpc:10.1.0.6:46425|priority:1] returns group-8AF4B479ECA4:java.util.concurrent.CompletableFuture@7bc0acd2[Not completed]
2022-09-14 01:14:21,757 [pool-95-thread-1] INFO  server.RaftServer$Division (RaftServerImpl.java:<init>(190)) - 949a54d7-9098-427f-a66d-64783e047bdb: new RaftServerImpl for group-8AF4B479ECA4:[d38685a6-2183-48c3-b209-d48d12164108|rpc:10.1.0.6:39093|priority:0, e152a9cb-50bd-4473-abda-9918c470cf1e|rpc:10.1.0.6:43759|priority:0, 949a54d7-9098-427f-a66d-64783e047bdb|rpc:10.1.0.6:46425|priority:1] with ContainerStateMachine:uninitialized
2022-09-14 01:14:21,757 [pool-95-thread-1] INFO  server.RaftServerConfigKeys (ConfUtils.java:logGet(46)) - raft.server.rpc.timeout.min = 5s (custom)
2022-09-14 01:14:21,757 [pool-95-thread-1] INFO  server.RaftServerConfigKeys (ConfUtils.java:logGet(46)) - raft.server.rpc.timeout.max = 5200ms (custom)
2022-09-14 01:14:21,757 [pool-95-thread-1] INFO  server.RaftServerConfigKeys (ConfUtils.java:logGet(46)) - raft.server.rpc.sleep.time = 25ms (default)
2022-09-14 01:14:21,757 [pool-95-thread-1] INFO  server.RaftServerConfigKeys (ConfUtils.java:logGet(46)) - raft.server.rpc.slowness.timeout = 10000ms (custom)
2022-09-14 01:14:21,757 [pool-95-thread-1] INFO  server.RaftServerConfigKeys (ConfUtils.java:logGet(46)) - raft.server.leaderelection.leader.step-down.wait-time = 10s (default)
2022-09-14 01:14:21,758 [pool-95-thread-1] INFO  server.RaftServerConfigKeys (ConfUtils.java:logGet(46)) - raft.server.sleep.deviation.threshold = 300ms (default)
2022-09-14 01:14:21,758 [pool-95-thread-1] INFO  server.RaftServer$Division (ServerState.java:<init>(107)) - 949a54d7-9098-427f-a66d-64783e047bdb@group-8AF4B479ECA4: ConfigurationManager, init=-1: [d38685a6-2183-48c3-b209-d48d12164108|rpc:10.1.0.6:39093|priority:0, e152a9cb-50bd-4473-abda-9918c470cf1e|rpc:10.1.0.6:43759|priority:0, 949a54d7-9098-427f-a66d-64783e047bdb|rpc:10.1.0.6:46425|priority:1], old=null, confs=<EMPTY_MAP>
2022-09-14 01:14:21,758 [pool-95-thread-1] INFO  server.RaftServerConfigKeys (ConfUtils.java:logGet(46)) - raft.server.storage.dir = [/home/runner/work/ozone/ozone/hadoop-ozone/integration-test/target/test-dir/MiniOzoneClusterImpl-ffa34613-6460-47dc-a2f2-a82eeb3f6f6a/datanode-1/data/ratis] (custom)
2022-09-14 01:14:21,758 [pool-95-thread-1] INFO  server.RaftServerConfigKeys (ConfUtils.java:logGet(46)) - raft.server.log.corruption.policy = EXCEPTION (default)
2022-09-14 01:14:21,758 [pool-95-thread-1] INFO  server.RaftServerConfigKeys (ConfUtils.java:logGet(46)) - raft.server.storage.free-space.min = 0MB (=0) (default)
2022-09-14 01:14:21,758 [pool-95-thread-1] INFO  storage.RaftStorageDirectory (RaftStorageDirectoryImpl.java:analyzeStorage(135)) - The storage directory /home/runner/work/ozone/ozone/hadoop-ozone/integration-test/target/test-dir/MiniOzoneClusterImpl-ffa34613-6460-47dc-a2f2-a82eeb3f6f6a/datanode-1/data/ratis/b6f23a11-12e0-494c-a6b4-8af4b479eca4 does not exist. Creating ...
2022-09-14 01:14:21,759 [pool-95-thread-1] INFO  storage.RaftStorageDirectory (RaftStorageDirectoryImpl.java:tryLock(230)) - Lock on /home/runner/work/ozone/ozone/hadoop-ozone/integration-test/target/test-dir/MiniOzoneClusterImpl-ffa34613-6460-47dc-a2f2-a82eeb3f6f6a/datanode-1/data/ratis/b6f23a11-12e0-494c-a6b4-8af4b479eca4/in_use.lock acquired by nodename 21498@fv-az571-788
2022-09-14 01:14:21,778 [pool-95-thread-1] INFO  storage.RaftStorage (RaftStorageImpl.java:format(89)) - Storage directory /home/runner/work/ozone/ozone/hadoop-ozone/integration-test/target/test-dir/MiniOzoneClusterImpl-ffa34613-6460-47dc-a2f2-a82eeb3f6f6a/datanode-1/data/ratis/b6f23a11-12e0-494c-a6b4-8af4b479eca4 has been successfully formatted.
2022-09-14 01:14:21,779 [pool-95-thread-1] INFO  ratis.ContainerStateMachine (ContainerStateMachine.java:loadSnapshot(236)) - group-8AF4B479ECA4: The snapshot info is null. Setting the last applied indexto:(t:0, i:~)
2022-09-14 01:14:21,779 [pool-95-thread-1] INFO  server.RaftServerConfigKeys (ConfUtils.java:logGet(46)) - raft.server.notification.no-leader.timeout = 300000ms (custom)
2022-09-14 01:14:21,779 [pool-95-thread-1] INFO  server.RaftServerConfigKeys (ConfUtils.java:logGet(46)) - raft.server.log.use.memory = false (default)
2022-09-14 01:14:21,779 [pool-95-thread-1] INFO  server.RaftServerConfigKeys (ConfUtils.java:logGet(46)) - raft.server.log.purge.gap = 1000000 (custom)
2022-09-14 01:14:21,780 [pool-95-thread-1] INFO  server.RaftServerConfigKeys (ConfUtils.java:logGet(46)) - raft.server.log.appender.buffer.byte-limit = 33554432 (custom)
2022-09-14 01:14:21,780 [pool-95-thread-1] INFO  server.RaftServerConfigKeys (ConfUtils.java:logGet(46)) - raft.server.log.statemachine.data.read.timeout = 1000ms (default)
2022-09-14 01:14:21,789 [pool-95-thread-1] INFO  server.RaftServerConfigKeys (ConfUtils.java:logGet(46)) - raft.server.log.segment.size.max = 1048576 (custom)
2022-09-14 01:14:21,789 [pool-95-thread-1] INFO  server.RaftServerConfigKeys (ConfUtils.java:logGet(46)) - raft.server.log.segment.cache.num.max = 2 (custom)
2022-09-14 01:14:21,789 [pool-95-thread-1] INFO  server.RaftServerConfigKeys (ConfUtils.java:logGet(46)) - raft.server.log.segment.cache.size.max = 200MB (=209715200) (default)
2022-09-14 01:14:21,789 [pool-95-thread-1] INFO  segmented.SegmentedRaftLogWorker (SegmentedRaftLogWorker.java:<init>(187)) - new 949a54d7-9098-427f-a66d-64783e047bdb@group-8AF4B479ECA4-SegmentedRaftLogWorker for RaftStorageImpl:Storage Directory /home/runner/work/ozone/ozone/hadoop-ozone/integration-test/target/test-dir/MiniOzoneClusterImpl-ffa34613-6460-47dc-a2f2-a82eeb3f6f6a/datanode-1/data/ratis/b6f23a11-12e0-494c-a6b4-8af4b479eca4
2022-09-14 01:14:21,790 [pool-95-thread-1] INFO  server.RaftServerConfigKeys (ConfUtils.java:logGet(46)) - raft.server.log.queue.byte-limit = 4294967296 (custom)
2022-09-14 01:14:21,790 [pool-95-thread-1] INFO  server.RaftServerConfigKeys (ConfUtils.java:logGet(46)) - raft.server.log.queue.element-limit = 1024 (custom)
2022-09-14 01:14:21,790 [pool-95-thread-1] INFO  server.RaftServerConfigKeys (ConfUtils.java:logGet(46)) - raft.server.log.segment.size.max = 1048576 (custom)
2022-09-14 01:14:21,790 [pool-95-thread-1] INFO  server.RaftServerConfigKeys (ConfUtils.java:logGet(46)) - raft.server.log.preallocated.size = 16384 (custom)
2022-09-14 01:14:21,790 [pool-95-thread-1] INFO  server.RaftServerConfigKeys (ConfUtils.java:logGet(46)) - raft.server.log.force.sync.num = 128 (default)
2022-09-14 01:14:21,790 [pool-95-thread-1] INFO  server.RaftServerConfigKeys (ConfUtils.java:logGet(46)) - raft.server.log.statemachine.data.sync = true (default)
2022-09-14 01:14:21,790 [pool-95-thread-1] INFO  server.RaftServerConfigKeys (ConfUtils.java:logGet(46)) - raft.server.log.statemachine.data.sync.timeout = 10s (default)
2022-09-14 01:14:21,790 [pool-95-thread-1] INFO  server.RaftServerConfigKeys (ConfUtils.java:logGet(46)) - raft.server.log.statemachine.data.sync.timeout.retry = -1 (default)
2022-09-14 01:14:21,790 [EventQueue-OpenPipelineForHealthyPipelineSafeModeRule] INFO  safemode.SCMSafeModeManager (HealthyPipelineSafeModeRule.java:process(137)) - SCM in safe mode. Healthy pipelines reported count is 0, required healthy pipeline reported count is 1
2022-09-14 01:14:21,799 [pool-95-thread-1] INFO  server.RaftServerConfigKeys (ConfUtils.java:logGet(46)) - raft.server.log.write.buffer.size = 1048576 (custom)
2022-09-14 01:14:21,799 [pool-95-thread-1] INFO  server.RaftServerConfigKeys (ConfUtils.java:logGet(46)) - raft.server.log.unsafe-flush.enabled = false (default)
2022-09-14 01:14:21,799 [pool-95-thread-1] INFO  server.RaftServerConfigKeys (ConfUtils.java:logGet(46)) - raft.server.log.statemachine.data.caching.enabled = true (custom)
2022-09-14 01:14:21,800 [pool-95-thread-1] INFO  segmented.SegmentedRaftLogWorker (SegmentedRaftLogWorker.java:lambda$new$0(135)) - 949a54d7-9098-427f-a66d-64783e047bdb@group-8AF4B479ECA4-SegmentedRaftLogWorker: flushIndex: setUnconditionally 0 -> -1
2022-09-14 01:14:21,800 [pool-95-thread-1] INFO  segmented.SegmentedRaftLogWorker (SegmentedRaftLogWorker.java:lambda$new$0(135)) - 949a54d7-9098-427f-a66d-64783e047bdb@group-8AF4B479ECA4-SegmentedRaftLogWorker: safeCacheEvictIndex: setUnconditionally 0 -> -1
2022-09-14 01:14:21,809 [pool-95-thread-1] INFO  server.RaftServerConfigKeys (ConfUtils.java:logGet(46)) - raft.server.snapshot.auto.trigger.enabled = true (custom)
2022-09-14 01:14:21,810 [pool-95-thread-1] INFO  server.RaftServerConfigKeys (ConfUtils.java:logGet(46)) - raft.server.snapshot.auto.trigger.threshold = 10000 (custom)
2022-09-14 01:14:21,810 [pool-95-thread-1] INFO  server.RaftServerConfigKeys (ConfUtils.java:logGet(46)) - raft.server.snapshot.retention.file.num = 5 (custom)
2022-09-14 01:14:21,810 [pool-95-thread-1] INFO  server.RaftServerConfigKeys (ConfUtils.java:logGet(46)) - raft.server.log.purge.upto.snapshot.index = false (default)
2022-09-14 01:14:21,810 [pool-95-thread-1] INFO  server.RaftServerConfigKeys (ConfUtils.java:logGet(46)) - raft.server.retrycache.expirytime = 600000ms (custom)
2022-09-14 01:14:21,810 [pool-95-thread-1] INFO  server.RaftServerConfigKeys (ConfUtils.java:logGet(46)) - raft.server.retrycache.statistics.expirytime = 100μs (default)
2022-09-14 01:14:21,811 [pool-95-thread-1] INFO  server.RaftServerConfigKeys (ConfUtils.java:logGet(46)) - raft.server.log.appender.install.snapshot.enabled = false (custom)
2022-09-14 01:14:21,812 [pool-95-thread-1] INFO  server.RaftServerConfigKeys (ConfUtils.java:logGet(46)) - raft.server.threadpool.server.cached = true (default)
2022-09-14 01:14:21,812 [pool-95-thread-1] INFO  server.RaftServerConfigKeys (ConfUtils.java:logGet(46)) - raft.server.threadpool.server.size = 0 (default)
2022-09-14 01:14:21,812 [pool-95-thread-1] INFO  server.RaftServerConfigKeys (ConfUtils.java:logGet(46)) - raft.server.threadpool.client.cached = true (default)
2022-09-14 01:14:21,812 [pool-95-thread-1] INFO  server.RaftServerConfigKeys (ConfUtils.java:logGet(46)) - raft.server.threadpool.client.size = 0 (default)
2022-09-14 01:14:21,812 [pool-95-thread-1] INFO  server.RaftServer$Division (RaftServerImpl.java:start(310)) - 949a54d7-9098-427f-a66d-64783e047bdb@group-8AF4B479ECA4: start as a follower, conf=-1: [d38685a6-2183-48c3-b209-d48d12164108|rpc:10.1.0.6:39093|priority:0, e152a9cb-50bd-4473-abda-9918c470cf1e|rpc:10.1.0.6:43759|priority:0, 949a54d7-9098-427f-a66d-64783e047bdb|rpc:10.1.0.6:46425|priority:1], old=null
2022-09-14 01:14:21,812 [pool-95-thread-1] INFO  server.RaftServer$Division (RaftServerImpl.java:setRole(299)) - 949a54d7-9098-427f-a66d-64783e047bdb@group-8AF4B479ECA4: changes role from      null to FOLLOWER at term 0 for startAsFollower
2022-09-14 01:14:21,812 [pool-95-thread-1] INFO  impl.RoleInfo (RoleInfo.java:updateAndGet(139)) - 949a54d7-9098-427f-a66d-64783e047bdb: start 949a54d7-9098-427f-a66d-64783e047bdb@group-8AF4B479ECA4-FollowerState
2022-09-14 01:14:21,812 [pool-95-thread-1] INFO  util.JmxRegister (JmxRegister.java:tryRegister(44)) - Successfully registered JMX Bean with object name Ratis:service=RaftServer,group=group-8AF4B479ECA4,id=949a54d7-9098-427f-a66d-64783e047bdb
2022-09-14 01:14:21,879 [Command processor thread] INFO  ratis.XceiverServerRatis (XceiverServerRatis.java:addGroup(765)) - Created group PipelineID=b6f23a11-12e0-494c-a6b4-8af4b479eca4
2022-09-14 01:14:21,981 [Command processor thread] INFO  server.RaftServer (RaftServerProxy.java:addNew(96)) - e152a9cb-50bd-4473-abda-9918c470cf1e: addNew group-CBC39D7A33A3:[e152a9cb-50bd-4473-abda-9918c470cf1e|rpc:10.1.0.6:43759|priority:1] returns group-CBC39D7A33A3:java.util.concurrent.CompletableFuture@27b4d815[Not completed]
2022-09-14 01:14:21,999 [pool-118-thread-1] INFO  server.RaftServer$Division (RaftServerImpl.java:<init>(190)) - e152a9cb-50bd-4473-abda-9918c470cf1e: new RaftServerImpl for group-CBC39D7A33A3:[e152a9cb-50bd-4473-abda-9918c470cf1e|rpc:10.1.0.6:43759|priority:1] with ContainerStateMachine:uninitialized
2022-09-14 01:14:21,999 [pool-118-thread-1] INFO  server.RaftServerConfigKeys (ConfUtils.java:logGet(46)) - raft.server.rpc.timeout.min = 5s (custom)
2022-09-14 01:14:21,999 [pool-118-thread-1] INFO  server.RaftServerConfigKeys (ConfUtils.java:logGet(46)) - raft.server.rpc.timeout.max = 5200ms (custom)
2022-09-14 01:14:21,999 [pool-118-thread-1] INFO  server.RaftServerConfigKeys (ConfUtils.java:logGet(46)) - raft.server.rpc.sleep.time = 25ms (default)
2022-09-14 01:14:21,999 [pool-118-thread-1] INFO  server.RaftServerConfigKeys (ConfUtils.java:logGet(46)) - raft.server.rpc.slowness.timeout = 10000ms (custom)
2022-09-14 01:14:21,999 [pool-118-thread-1] INFO  server.RaftServerConfigKeys (ConfUtils.java:logGet(46)) - raft.server.leaderelection.leader.step-down.wait-time = 10s (default)
2022-09-14 01:14:21,999 [pool-118-thread-1] INFO  server.RaftServerConfigKeys (ConfUtils.java:logGet(46)) - raft.server.sleep.deviation.threshold = 300ms (default)
2022-09-14 01:14:21,999 [pool-118-thread-1] INFO  server.RaftServer$Division (ServerState.java:<init>(107)) - e152a9cb-50bd-4473-abda-9918c470cf1e@group-CBC39D7A33A3: ConfigurationManager, init=-1: [e152a9cb-50bd-4473-abda-9918c470cf1e|rpc:10.1.0.6:43759|priority:1], old=null, confs=<EMPTY_MAP>
2022-09-14 01:14:21,999 [pool-118-thread-1] INFO  server.RaftServerConfigKeys (ConfUtils.java:logGet(46)) - raft.server.storage.dir = [/home/runner/work/ozone/ozone/hadoop-ozone/integration-test/target/test-dir/MiniOzoneClusterImpl-ffa34613-6460-47dc-a2f2-a82eeb3f6f6a/datanode-2/data/ratis] (custom)
2022-09-14 01:14:21,999 [pool-118-thread-1] INFO  server.RaftServerConfigKeys (ConfUtils.java:logGet(46)) - raft.server.log.corruption.policy = EXCEPTION (default)
2022-09-14 01:14:22,000 [pool-118-thread-1] INFO  server.RaftServerConfigKeys (ConfUtils.java:logGet(46)) - raft.server.storage.free-space.min = 0MB (=0) (default)
2022-09-14 01:14:22,000 [pool-118-thread-1] INFO  storage.RaftStorageDirectory (RaftStorageDirectoryImpl.java:analyzeStorage(135)) - The storage directory /home/runner/work/ozone/ozone/hadoop-ozone/integration-test/target/test-dir/MiniOzoneClusterImpl-ffa34613-6460-47dc-a2f2-a82eeb3f6f6a/datanode-2/data/ratis/2748bdcc-f814-4b95-946f-cbc39d7a33a3 does not exist. Creating ...
2022-09-14 01:14:22,001 [pool-118-thread-1] INFO  storage.RaftStorageDirectory (RaftStorageDirectoryImpl.java:tryLock(230)) - Lock on /home/runner/work/ozone/ozone/hadoop-ozone/integration-test/target/test-dir/MiniOzoneClusterImpl-ffa34613-6460-47dc-a2f2-a82eeb3f6f6a/datanode-2/data/ratis/2748bdcc-f814-4b95-946f-cbc39d7a33a3/in_use.lock acquired by nodename 21498@fv-az571-788
2022-09-14 01:14:22,003 [pool-118-thread-1] INFO  storage.RaftStorage (RaftStorageImpl.java:format(89)) - Storage directory /home/runner/work/ozone/ozone/hadoop-ozone/integration-test/target/test-dir/MiniOzoneClusterImpl-ffa34613-6460-47dc-a2f2-a82eeb3f6f6a/datanode-2/data/ratis/2748bdcc-f814-4b95-946f-cbc39d7a33a3 has been successfully formatted.
2022-09-14 01:14:22,019 [pool-118-thread-1] INFO  ratis.ContainerStateMachine (ContainerStateMachine.java:loadSnapshot(236)) - group-CBC39D7A33A3: The snapshot info is null. Setting the last applied indexto:(t:0, i:~)
2022-09-14 01:14:22,019 [pool-118-thread-1] INFO  server.RaftServerConfigKeys (ConfUtils.java:logGet(46)) - raft.server.notification.no-leader.timeout = 300000ms (custom)
2022-09-14 01:14:22,019 [pool-118-thread-1] INFO  server.RaftServerConfigKeys (ConfUtils.java:logGet(46)) - raft.server.log.use.memory = false (default)
2022-09-14 01:14:22,019 [pool-118-thread-1] INFO  server.RaftServerConfigKeys (ConfUtils.java:logGet(46)) - raft.server.log.purge.gap = 1000000 (custom)
2022-09-14 01:14:22,019 [pool-118-thread-1] INFO  server.RaftServerConfigKeys (ConfUtils.java:logGet(46)) - raft.server.log.appender.buffer.byte-limit = 33554432 (custom)
2022-09-14 01:14:22,019 [pool-118-thread-1] INFO  server.RaftServerConfigKeys (ConfUtils.java:logGet(46)) - raft.server.log.statemachine.data.read.timeout = 1000ms (default)
2022-09-14 01:14:22,019 [pool-118-thread-1] INFO  server.RaftServerConfigKeys (ConfUtils.java:logGet(46)) - raft.server.log.segment.size.max = 1048576 (custom)
2022-09-14 01:14:22,020 [pool-118-thread-1] INFO  server.RaftServerConfigKeys (ConfUtils.java:logGet(46)) - raft.server.log.segment.cache.num.max = 2 (custom)
2022-09-14 01:14:22,020 [pool-118-thread-1] INFO  server.RaftServerConfigKeys (ConfUtils.java:logGet(46)) - raft.server.log.segment.cache.size.max = 200MB (=209715200) (default)
2022-09-14 01:14:22,020 [pool-118-thread-1] INFO  segmented.SegmentedRaftLogWorker (SegmentedRaftLogWorker.java:<init>(187)) - new e152a9cb-50bd-4473-abda-9918c470cf1e@group-CBC39D7A33A3-SegmentedRaftLogWorker for RaftStorageImpl:Storage Directory /home/runner/work/ozone/ozone/hadoop-ozone/integration-test/target/test-dir/MiniOzoneClusterImpl-ffa34613-6460-47dc-a2f2-a82eeb3f6f6a/datanode-2/data/ratis/2748bdcc-f814-4b95-946f-cbc39d7a33a3
2022-09-14 01:14:22,020 [pool-118-thread-1] INFO  server.RaftServerConfigKeys (ConfUtils.java:logGet(46)) - raft.server.log.queue.byte-limit = 4294967296 (custom)
2022-09-14 01:14:22,020 [pool-118-thread-1] INFO  server.RaftServerConfigKeys (ConfUtils.java:logGet(46)) - raft.server.log.queue.element-limit = 1024 (custom)
2022-09-14 01:14:22,020 [pool-118-thread-1] INFO  server.RaftServerConfigKeys (ConfUtils.java:logGet(46)) - raft.server.log.segment.size.max = 1048576 (custom)
2022-09-14 01:14:22,020 [pool-118-thread-1] INFO  server.RaftServerConfigKeys (ConfUtils.java:logGet(46)) - raft.server.log.preallocated.size = 16384 (custom)
2022-09-14 01:14:22,020 [pool-118-thread-1] INFO  server.RaftServerConfigKeys (ConfUtils.java:logGet(46)) - raft.server.log.force.sync.num = 128 (default)
2022-09-14 01:14:22,020 [pool-118-thread-1] INFO  server.RaftServerConfigKeys (ConfUtils.java:logGet(46)) - raft.server.log.statemachine.data.sync = true (default)
2022-09-14 01:14:22,021 [pool-118-thread-1] INFO  server.RaftServerConfigKeys (ConfUtils.java:logGet(46)) - raft.server.log.statemachine.data.sync.timeout = 10s (default)
2022-09-14 01:14:22,021 [pool-118-thread-1] INFO  server.RaftServerConfigKeys (ConfUtils.java:logGet(46)) - raft.server.log.statemachine.data.sync.timeout.retry = -1 (default)
2022-09-14 01:14:22,022 [pool-118-thread-1] INFO  server.RaftServerConfigKeys (ConfUtils.java:logGet(46)) - raft.server.log.write.buffer.size = 1048576 (custom)
2022-09-14 01:14:22,022 [pool-118-thread-1] INFO  server.RaftServerConfigKeys (ConfUtils.java:logGet(46)) - raft.server.log.unsafe-flush.enabled = false (default)
2022-09-14 01:14:22,022 [pool-118-thread-1] INFO  server.RaftServerConfigKeys (ConfUtils.java:logGet(46)) - raft.server.log.statemachine.data.caching.enabled = true (custom)
2022-09-14 01:14:22,022 [pool-118-thread-1] INFO  segmented.SegmentedRaftLogWorker (SegmentedRaftLogWorker.java:lambda$new$0(135)) - e152a9cb-50bd-4473-abda-9918c470cf1e@group-CBC39D7A33A3-SegmentedRaftLogWorker: flushIndex: setUnconditionally 0 -> -1
2022-09-14 01:14:22,023 [pool-118-thread-1] INFO  segmented.SegmentedRaftLogWorker (SegmentedRaftLogWorker.java:lambda$new$0(135)) - e152a9cb-50bd-4473-abda-9918c470cf1e@group-CBC39D7A33A3-SegmentedRaftLogWorker: safeCacheEvictIndex: setUnconditionally 0 -> -1
2022-09-14 01:14:22,033 [pool-118-thread-1] INFO  server.RaftServerConfigKeys (ConfUtils.java:logGet(46)) - raft.server.snapshot.auto.trigger.enabled = true (custom)
2022-09-14 01:14:22,034 [pool-118-thread-1] INFO  server.RaftServerConfigKeys (ConfUtils.java:logGet(46)) - raft.server.snapshot.auto.trigger.threshold = 10000 (custom)
2022-09-14 01:14:22,034 [pool-118-thread-1] INFO  server.RaftServerConfigKeys (ConfUtils.java:logGet(46)) - raft.server.snapshot.retention.file.num = 5 (custom)
2022-09-14 01:14:22,034 [pool-118-thread-1] INFO  server.RaftServerConfigKeys (ConfUtils.java:logGet(46)) - raft.server.log.purge.upto.snapshot.index = false (default)
2022-09-14 01:14:22,034 [pool-118-thread-1] INFO  server.RaftServerConfigKeys (ConfUtils.java:logGet(46)) - raft.server.retrycache.expirytime = 600000ms (custom)
2022-09-14 01:14:22,034 [pool-118-thread-1] INFO  server.RaftServerConfigKeys (ConfUtils.java:logGet(46)) - raft.server.retrycache.statistics.expirytime = 100μs (default)
2022-09-14 01:14:22,035 [pool-118-thread-1] INFO  server.RaftServerConfigKeys (ConfUtils.java:logGet(46)) - raft.server.log.appender.install.snapshot.enabled = false (custom)
2022-09-14 01:14:22,043 [pool-118-thread-1] INFO  server.RaftServerConfigKeys (ConfUtils.java:logGet(46)) - raft.server.threadpool.server.cached = true (default)
2022-09-14 01:14:22,043 [pool-118-thread-1] INFO  server.RaftServerConfigKeys (ConfUtils.java:logGet(46)) - raft.server.threadpool.server.size = 0 (default)
2022-09-14 01:14:22,043 [pool-118-thread-1] INFO  server.RaftServerConfigKeys (ConfUtils.java:logGet(46)) - raft.server.threadpool.client.cached = true (default)
2022-09-14 01:14:22,043 [pool-118-thread-1] INFO  server.RaftServerConfigKeys (ConfUtils.java:logGet(46)) - raft.server.threadpool.client.size = 0 (default)
2022-09-14 01:14:22,043 [pool-118-thread-1] INFO  server.RaftServer$Division (RaftServerImpl.java:start(310)) - e152a9cb-50bd-4473-abda-9918c470cf1e@group-CBC39D7A33A3: start as a follower, conf=-1: [e152a9cb-50bd-4473-abda-9918c470cf1e|rpc:10.1.0.6:43759|priority:1], old=null
2022-09-14 01:14:22,043 [pool-118-thread-1] INFO  server.RaftServer$Division (RaftServerImpl.java:setRole(299)) - e152a9cb-50bd-4473-abda-9918c470cf1e@group-CBC39D7A33A3: changes role from      null to FOLLOWER at term 0 for startAsFollower
2022-09-14 01:14:22,043 [pool-118-thread-1] INFO  impl.RoleInfo (RoleInfo.java:updateAndGet(139)) - e152a9cb-50bd-4473-abda-9918c470cf1e: start e152a9cb-50bd-4473-abda-9918c470cf1e@group-CBC39D7A33A3-FollowerState
2022-09-14 01:14:22,043 [pool-118-thread-1] INFO  util.JmxRegister (JmxRegister.java:tryRegister(44)) - Successfully registered JMX Bean with object name Ratis:service=RaftServer,group=group-CBC39D7A33A3,id=e152a9cb-50bd-4473-abda-9918c470cf1e
2022-09-14 01:14:22,049 [Command processor thread] INFO  ratis.XceiverServerRatis (XceiverServerRatis.java:addGroup(765)) - Created group PipelineID=2748bdcc-f814-4b95-946f-cbc39d7a33a3
2022-09-14 01:14:22,050 [Command processor thread] INFO  commandhandler.CreatePipelineCommandHandler (CreatePipelineCommandHandler.java:handle(113)) - Created Pipeline RATIS ONE PipelineID=2748bdcc-f814-4b95-946f-cbc39d7a33a3.
2022-09-14 01:14:22,050 [Command processor thread] INFO  server.RaftServer (RaftServerProxy.java:addNew(96)) - e152a9cb-50bd-4473-abda-9918c470cf1e: addNew group-8AF4B479ECA4:[d38685a6-2183-48c3-b209-d48d12164108|rpc:10.1.0.6:39093|priority:0, e152a9cb-50bd-4473-abda-9918c470cf1e|rpc:10.1.0.6:43759|priority:0, 949a54d7-9098-427f-a66d-64783e047bdb|rpc:10.1.0.6:46425|priority:1] returns group-8AF4B479ECA4:java.util.concurrent.CompletableFuture@238b483b[Not completed]
2022-09-14 01:14:22,051 [pool-118-thread-1] INFO  server.RaftServer$Division (RaftServerImpl.java:<init>(190)) - e152a9cb-50bd-4473-abda-9918c470cf1e: new RaftServerImpl for group-8AF4B479ECA4:[d38685a6-2183-48c3-b209-d48d12164108|rpc:10.1.0.6:39093|priority:0, e152a9cb-50bd-4473-abda-9918c470cf1e|rpc:10.1.0.6:43759|priority:0, 949a54d7-9098-427f-a66d-64783e047bdb|rpc:10.1.0.6:46425|priority:1] with ContainerStateMachine:uninitialized
2022-09-14 01:14:22,051 [pool-118-thread-1] INFO  server.RaftServerConfigKeys (ConfUtils.java:logGet(46)) - raft.server.rpc.timeout.min = 5s (custom)
2022-09-14 01:14:22,051 [pool-118-thread-1] INFO  server.RaftServerConfigKeys (ConfUtils.java:logGet(46)) - raft.server.rpc.timeout.max = 5200ms (custom)
2022-09-14 01:14:22,051 [pool-118-thread-1] INFO  server.RaftServerConfigKeys (ConfUtils.java:logGet(46)) - raft.server.rpc.sleep.time = 25ms (default)
2022-09-14 01:14:22,051 [pool-118-thread-1] INFO  server.RaftServerConfigKeys (ConfUtils.java:logGet(46)) - raft.server.rpc.slowness.timeout = 10000ms (custom)
2022-09-14 01:14:22,051 [pool-118-thread-1] INFO  server.RaftServerConfigKeys (ConfUtils.java:logGet(46)) - raft.server.leaderelection.leader.step-down.wait-time = 10s (default)
2022-09-14 01:14:22,052 [pool-118-thread-1] INFO  server.RaftServerConfigKeys (ConfUtils.java:logGet(46)) - raft.server.sleep.deviation.threshold = 300ms (default)
2022-09-14 01:14:22,052 [pool-118-thread-1] INFO  server.RaftServer$Division (ServerState.java:<init>(107)) - e152a9cb-50bd-4473-abda-9918c470cf1e@group-8AF4B479ECA4: ConfigurationManager, init=-1: [d38685a6-2183-48c3-b209-d48d12164108|rpc:10.1.0.6:39093|priority:0, e152a9cb-50bd-4473-abda-9918c470cf1e|rpc:10.1.0.6:43759|priority:0, 949a54d7-9098-427f-a66d-64783e047bdb|rpc:10.1.0.6:46425|priority:1], old=null, confs=<EMPTY_MAP>
2022-09-14 01:14:22,052 [pool-118-thread-1] INFO  server.RaftServerConfigKeys (ConfUtils.java:logGet(46)) - raft.server.storage.dir = [/home/runner/work/ozone/ozone/hadoop-ozone/integration-test/target/test-dir/MiniOzoneClusterImpl-ffa34613-6460-47dc-a2f2-a82eeb3f6f6a/datanode-2/data/ratis] (custom)
2022-09-14 01:14:22,052 [pool-118-thread-1] INFO  server.RaftServerConfigKeys (ConfUtils.java:logGet(46)) - raft.server.log.corruption.policy = EXCEPTION (default)
2022-09-14 01:14:22,052 [pool-118-thread-1] INFO  server.RaftServerConfigKeys (ConfUtils.java:logGet(46)) - raft.server.storage.free-space.min = 0MB (=0) (default)
2022-09-14 01:14:22,052 [pool-118-thread-1] INFO  storage.RaftStorageDirectory (RaftStorageDirectoryImpl.java:analyzeStorage(135)) - The storage directory /home/runner/work/ozone/ozone/hadoop-ozone/integration-test/target/test-dir/MiniOzoneClusterImpl-ffa34613-6460-47dc-a2f2-a82eeb3f6f6a/datanode-2/data/ratis/b6f23a11-12e0-494c-a6b4-8af4b479eca4 does not exist. Creating ...
2022-09-14 01:14:22,053 [EventQueue-PipelineReportForPipelineReportHandler] INFO  pipeline.PipelineManagerImpl (PipelineManagerImpl.java:openPipeline(367)) - Pipeline Pipeline[ Id: 2748bdcc-f814-4b95-946f-cbc39d7a33a3, Nodes: e152a9cb-50bd-4473-abda-9918c470cf1e{ip: 10.1.0.6, host: fv-az571-788.04lcwfe4cpsehn0ni2t1coknih.dx.internal.cloudapp.net, ports: [REPLICATION=44273, RATIS=43759, RATIS_ADMIN=43759, RATIS_SERVER=43759, STANDALONE=44051], networkLocation: /default-rack, certSerialId: null, persistedOpState: IN_SERVICE, persistedOpStateExpiryEpochSec: 0}, ReplicationConfig: RATIS/ONE, State:ALLOCATED, leaderId:e152a9cb-50bd-4473-abda-9918c470cf1e, CreationTimestamp2022-09-14T01:14:18.987Z[Etc/UTC]] moved to OPEN state
2022-09-14 01:14:22,053 [EventQueue-OpenPipelineForHealthyPipelineSafeModeRule] INFO  safemode.SCMSafeModeManager (HealthyPipelineSafeModeRule.java:process(137)) - SCM in safe mode. Healthy pipelines reported count is 0, required healthy pipeline reported count is 1
2022-09-14 01:14:22,075 [Listener at 127.0.0.1/43991] INFO  ozone.MiniOzoneClusterImpl (MiniOzoneClusterImpl.java:lambda$waitForClusterToBeReady$0(216)) - Nodes are ready. Got 6 of 6 DN Heartbeats.
2022-09-14 01:14:22,118 [Listener at 127.0.0.1/43991] INFO  ozone.MiniOzoneClusterImpl (MiniOzoneClusterImpl.java:lambda$waitForClusterToBeReady$0(219)) - Waiting for cluster to exit safe mode
2022-09-14 01:14:22,118 [Listener at 127.0.0.1/43991] INFO  ozone.MiniOzoneClusterImpl (MiniOzoneClusterImpl.java:lambda$waitForClusterToBeReady$0(221)) - SCM became leader
2022-09-14 01:14:22,075 [pool-118-thread-1] INFO  storage.RaftStorageDirectory (RaftStorageDirectoryImpl.java:tryLock(230)) - Lock on /home/runner/work/ozone/ozone/hadoop-ozone/integration-test/target/test-dir/MiniOzoneClusterImpl-ffa34613-6460-47dc-a2f2-a82eeb3f6f6a/datanode-2/data/ratis/b6f23a11-12e0-494c-a6b4-8af4b479eca4/in_use.lock acquired by nodename 21498@fv-az571-788
2022-09-14 01:14:22,122 [pool-118-thread-1] INFO  storage.RaftStorage (RaftStorageImpl.java:format(89)) - Storage directory /home/runner/work/ozone/ozone/hadoop-ozone/integration-test/target/test-dir/MiniOzoneClusterImpl-ffa34613-6460-47dc-a2f2-a82eeb3f6f6a/datanode-2/data/ratis/b6f23a11-12e0-494c-a6b4-8af4b479eca4 has been successfully formatted.
2022-09-14 01:14:22,123 [pool-118-thread-1] INFO  ratis.ContainerStateMachine (ContainerStateMachine.java:loadSnapshot(236)) - group-8AF4B479ECA4: The snapshot info is null. Setting the last applied indexto:(t:0, i:~)
2022-09-14 01:14:22,123 [pool-118-thread-1] INFO  server.RaftServerConfigKeys (ConfUtils.java:logGet(46)) - raft.server.notification.no-leader.timeout = 300000ms (custom)
2022-09-14 01:14:22,123 [pool-118-thread-1] INFO  server.RaftServerConfigKeys (ConfUtils.java:logGet(46)) - raft.server.log.use.memory = false (default)
2022-09-14 01:14:22,123 [pool-118-thread-1] INFO  server.RaftServerConfigKeys (ConfUtils.java:logGet(46)) - raft.server.log.purge.gap = 1000000 (custom)
2022-09-14 01:14:22,123 [pool-118-thread-1] INFO  server.RaftServerConfigKeys (ConfUtils.java:logGet(46)) - raft.server.log.appender.buffer.byte-limit = 33554432 (custom)
2022-09-14 01:14:22,123 [pool-118-thread-1] INFO  server.RaftServerConfigKeys (ConfUtils.java:logGet(46)) - raft.server.log.statemachine.data.read.timeout = 1000ms (default)
2022-09-14 01:14:22,123 [pool-118-thread-1] INFO  server.RaftServerConfigKeys (ConfUtils.java:logGet(46)) - raft.server.log.segment.size.max = 1048576 (custom)
2022-09-14 01:14:22,124 [pool-118-thread-1] INFO  server.RaftServerConfigKeys (ConfUtils.java:logGet(46)) - raft.server.log.segment.cache.num.max = 2 (custom)
2022-09-14 01:14:22,124 [pool-118-thread-1] INFO  server.RaftServerConfigKeys (ConfUtils.java:logGet(46)) - raft.server.log.segment.cache.size.max = 200MB (=209715200) (default)
2022-09-14 01:14:22,124 [pool-118-thread-1] INFO  segmented.SegmentedRaftLogWorker (SegmentedRaftLogWorker.java:<init>(187)) - new e152a9cb-50bd-4473-abda-9918c470cf1e@group-8AF4B479ECA4-SegmentedRaftLogWorker for RaftStorageImpl:Storage Directory /home/runner/work/ozone/ozone/hadoop-ozone/integration-test/target/test-dir/MiniOzoneClusterImpl-ffa34613-6460-47dc-a2f2-a82eeb3f6f6a/datanode-2/data/ratis/b6f23a11-12e0-494c-a6b4-8af4b479eca4
2022-09-14 01:14:22,124 [pool-118-thread-1] INFO  server.RaftServerConfigKeys (ConfUtils.java:logGet(46)) - raft.server.log.queue.byte-limit = 4294967296 (custom)
2022-09-14 01:14:22,124 [pool-118-thread-1] INFO  server.RaftServerConfigKeys (ConfUtils.java:logGet(46)) - raft.server.log.queue.element-limit = 1024 (custom)
2022-09-14 01:14:22,124 [pool-118-thread-1] INFO  server.RaftServerConfigKeys (ConfUtils.java:logGet(46)) - raft.server.log.segment.size.max = 1048576 (custom)
2022-09-14 01:14:22,124 [pool-118-thread-1] INFO  server.RaftServerConfigKeys (ConfUtils.java:logGet(46)) - raft.server.log.preallocated.size = 16384 (custom)
2022-09-14 01:14:22,124 [pool-118-thread-1] INFO  server.RaftServerConfigKeys (ConfUtils.java:logGet(46)) - raft.server.log.force.sync.num = 128 (default)
2022-09-14 01:14:22,125 [pool-118-thread-1] INFO  server.RaftServerConfigKeys (ConfUtils.java:logGet(46)) - raft.server.log.statemachine.data.sync = true (default)
2022-09-14 01:14:22,125 [pool-118-thread-1] INFO  server.RaftServerConfigKeys (ConfUtils.java:logGet(46)) - raft.server.log.statemachine.data.sync.timeout = 10s (default)
2022-09-14 01:14:22,125 [pool-118-thread-1] INFO  server.RaftServerConfigKeys (ConfUtils.java:logGet(46)) - raft.server.log.statemachine.data.sync.timeout.retry = -1 (default)
2022-09-14 01:14:22,130 [pool-118-thread-1] INFO  server.RaftServerConfigKeys (ConfUtils.java:logGet(46)) - raft.server.log.write.buffer.size = 1048576 (custom)
2022-09-14 01:14:22,130 [pool-118-thread-1] INFO  server.RaftServerConfigKeys (ConfUtils.java:logGet(46)) - raft.server.log.unsafe-flush.enabled = false (default)
2022-09-14 01:14:22,130 [pool-118-thread-1] INFO  server.RaftServerConfigKeys (ConfUtils.java:logGet(46)) - raft.server.log.statemachine.data.caching.enabled = true (custom)
2022-09-14 01:14:22,131 [pool-118-thread-1] INFO  segmented.SegmentedRaftLogWorker (SegmentedRaftLogWorker.java:lambda$new$0(135)) - e152a9cb-50bd-4473-abda-9918c470cf1e@group-8AF4B479ECA4-SegmentedRaftLogWorker: flushIndex: setUnconditionally 0 -> -1
2022-09-14 01:14:22,131 [pool-118-thread-1] INFO  segmented.SegmentedRaftLogWorker (SegmentedRaftLogWorker.java:lambda$new$0(135)) - e152a9cb-50bd-4473-abda-9918c470cf1e@group-8AF4B479ECA4-SegmentedRaftLogWorker: safeCacheEvictIndex: setUnconditionally 0 -> -1
2022-09-14 01:14:22,131 [pool-118-thread-1] INFO  server.RaftServerConfigKeys (ConfUtils.java:logGet(46)) - raft.server.snapshot.auto.trigger.enabled = true (custom)
2022-09-14 01:14:22,131 [pool-118-thread-1] INFO  server.RaftServerConfigKeys (ConfUtils.java:logGet(46)) - raft.server.snapshot.auto.trigger.threshold = 10000 (custom)
2022-09-14 01:14:22,131 [pool-118-thread-1] INFO  server.RaftServerConfigKeys (ConfUtils.java:logGet(46)) - raft.server.snapshot.retention.file.num = 5 (custom)
2022-09-14 01:14:22,131 [pool-118-thread-1] INFO  server.RaftServerConfigKeys (ConfUtils.java:logGet(46)) - raft.server.log.purge.upto.snapshot.index = false (default)
2022-09-14 01:14:22,131 [pool-118-thread-1] INFO  server.RaftServerConfigKeys (ConfUtils.java:logGet(46)) - raft.server.retrycache.expirytime = 600000ms (custom)
2022-09-14 01:14:22,131 [pool-118-thread-1] INFO  server.RaftServerConfigKeys (ConfUtils.java:logGet(46)) - raft.server.retrycache.statistics.expirytime = 100μs (default)
2022-09-14 01:14:22,133 [pool-118-thread-1] INFO  server.RaftServerConfigKeys (ConfUtils.java:logGet(46)) - raft.server.log.appender.install.snapshot.enabled = false (custom)
2022-09-14 01:14:22,133 [pool-118-thread-1] INFO  server.RaftServerConfigKeys (ConfUtils.java:logGet(46)) - raft.server.threadpool.server.cached = true (default)
2022-09-14 01:14:22,133 [pool-118-thread-1] INFO  server.RaftServerConfigKeys (ConfUtils.java:logGet(46)) - raft.server.threadpool.server.size = 0 (default)
2022-09-14 01:14:22,133 [pool-118-thread-1] INFO  server.RaftServerConfigKeys (ConfUtils.java:logGet(46)) - raft.server.threadpool.client.cached = true (default)
2022-09-14 01:14:22,133 [pool-118-thread-1] INFO  server.RaftServerConfigKeys (ConfUtils.java:logGet(46)) - raft.server.threadpool.client.size = 0 (default)
2022-09-14 01:14:22,133 [pool-118-thread-1] INFO  server.RaftServer$Division (RaftServerImpl.java:start(310)) - e152a9cb-50bd-4473-abda-9918c470cf1e@group-8AF4B479ECA4: start as a follower, conf=-1: [d38685a6-2183-48c3-b209-d48d12164108|rpc:10.1.0.6:39093|priority:0, e152a9cb-50bd-4473-abda-9918c470cf1e|rpc:10.1.0.6:43759|priority:0, 949a54d7-9098-427f-a66d-64783e047bdb|rpc:10.1.0.6:46425|priority:1], old=null
2022-09-14 01:14:22,133 [pool-118-thread-1] INFO  server.RaftServer$Division (RaftServerImpl.java:setRole(299)) - e152a9cb-50bd-4473-abda-9918c470cf1e@group-8AF4B479ECA4: changes role from      null to FOLLOWER at term 0 for startAsFollower
2022-09-14 01:14:22,133 [pool-118-thread-1] INFO  impl.RoleInfo (RoleInfo.java:updateAndGet(139)) - e152a9cb-50bd-4473-abda-9918c470cf1e: start e152a9cb-50bd-4473-abda-9918c470cf1e@group-8AF4B479ECA4-FollowerState
2022-09-14 01:14:22,135 [pool-118-thread-1] INFO  util.JmxRegister (JmxRegister.java:tryRegister(44)) - Successfully registered JMX Bean with object name Ratis:service=RaftServer,group=group-8AF4B479ECA4,id=e152a9cb-50bd-4473-abda-9918c470cf1e
2022-09-14 01:14:22,157 [Command processor thread] INFO  ratis.XceiverServerRatis (XceiverServerRatis.java:addGroup(765)) - Created group PipelineID=b6f23a11-12e0-494c-a6b4-8af4b479eca4
2022-09-14 01:14:22,160 [EventQueue-OpenPipelineForHealthyPipelineSafeModeRule] INFO  safemode.SCMSafeModeManager (HealthyPipelineSafeModeRule.java:process(137)) - SCM in safe mode. Healthy pipelines reported count is 0, required healthy pipeline reported count is 1
2022-09-14 01:14:22,358 [Command processor thread] INFO  server.RaftServer (RaftServerProxy.java:addNew(96)) - d28c3a4e-3918-43d8-bb46-fc5b34cd0519: addNew group-0AE05C4D1DC3:[d28c3a4e-3918-43d8-bb46-fc5b34cd0519|rpc:10.1.0.6:42395|priority:1] returns group-0AE05C4D1DC3:java.util.concurrent.CompletableFuture@6834fe1a[Not completed]
2022-09-14 01:14:22,363 [pool-141-thread-1] INFO  server.RaftServer$Division (RaftServerImpl.java:<init>(190)) - d28c3a4e-3918-43d8-bb46-fc5b34cd0519: new RaftServerImpl for group-0AE05C4D1DC3:[d28c3a4e-3918-43d8-bb46-fc5b34cd0519|rpc:10.1.0.6:42395|priority:1] with ContainerStateMachine:uninitialized
2022-09-14 01:14:22,363 [pool-141-thread-1] INFO  server.RaftServerConfigKeys (ConfUtils.java:logGet(46)) - raft.server.rpc.timeout.min = 5s (custom)
2022-09-14 01:14:22,363 [pool-141-thread-1] INFO  server.RaftServerConfigKeys (ConfUtils.java:logGet(46)) - raft.server.rpc.timeout.max = 5200ms (custom)
2022-09-14 01:14:22,363 [pool-141-thread-1] INFO  server.RaftServerConfigKeys (ConfUtils.java:logGet(46)) - raft.server.rpc.sleep.time = 25ms (default)
2022-09-14 01:14:22,363 [pool-141-thread-1] INFO  server.RaftServerConfigKeys (ConfUtils.java:logGet(46)) - raft.server.rpc.slowness.timeout = 10000ms (custom)
2022-09-14 01:14:22,363 [pool-141-thread-1] INFO  server.RaftServerConfigKeys (ConfUtils.java:logGet(46)) - raft.server.leaderelection.leader.step-down.wait-time = 10s (default)
2022-09-14 01:14:22,363 [pool-141-thread-1] INFO  server.RaftServerConfigKeys (ConfUtils.java:logGet(46)) - raft.server.sleep.deviation.threshold = 300ms (default)
2022-09-14 01:14:22,363 [pool-141-thread-1] INFO  server.RaftServer$Division (ServerState.java:<init>(107)) - d28c3a4e-3918-43d8-bb46-fc5b34cd0519@group-0AE05C4D1DC3: ConfigurationManager, init=-1: [d28c3a4e-3918-43d8-bb46-fc5b34cd0519|rpc:10.1.0.6:42395|priority:1], old=null, confs=<EMPTY_MAP>
2022-09-14 01:14:22,364 [pool-141-thread-1] INFO  server.RaftServerConfigKeys (ConfUtils.java:logGet(46)) - raft.server.storage.dir = [/home/runner/work/ozone/ozone/hadoop-ozone/integration-test/target/test-dir/MiniOzoneClusterImpl-ffa34613-6460-47dc-a2f2-a82eeb3f6f6a/datanode-3/data/ratis] (custom)
2022-09-14 01:14:22,364 [pool-141-thread-1] INFO  server.RaftServerConfigKeys (ConfUtils.java:logGet(46)) - raft.server.log.corruption.policy = EXCEPTION (default)
2022-09-14 01:14:22,364 [pool-141-thread-1] INFO  server.RaftServerConfigKeys (ConfUtils.java:logGet(46)) - raft.server.storage.free-space.min = 0MB (=0) (default)
2022-09-14 01:14:22,364 [pool-141-thread-1] INFO  storage.RaftStorageDirectory (RaftStorageDirectoryImpl.java:analyzeStorage(135)) - The storage directory /home/runner/work/ozone/ozone/hadoop-ozone/integration-test/target/test-dir/MiniOzoneClusterImpl-ffa34613-6460-47dc-a2f2-a82eeb3f6f6a/datanode-3/data/ratis/223cae64-f125-494a-b1d0-0ae05c4d1dc3 does not exist. Creating ...
2022-09-14 01:14:22,375 [pool-141-thread-1] INFO  storage.RaftStorageDirectory (RaftStorageDirectoryImpl.java:tryLock(230)) - Lock on /home/runner/work/ozone/ozone/hadoop-ozone/integration-test/target/test-dir/MiniOzoneClusterImpl-ffa34613-6460-47dc-a2f2-a82eeb3f6f6a/datanode-3/data/ratis/223cae64-f125-494a-b1d0-0ae05c4d1dc3/in_use.lock acquired by nodename 21498@fv-az571-788
2022-09-14 01:14:22,403 [pool-141-thread-1] INFO  storage.RaftStorage (RaftStorageImpl.java:format(89)) - Storage directory /home/runner/work/ozone/ozone/hadoop-ozone/integration-test/target/test-dir/MiniOzoneClusterImpl-ffa34613-6460-47dc-a2f2-a82eeb3f6f6a/datanode-3/data/ratis/223cae64-f125-494a-b1d0-0ae05c4d1dc3 has been successfully formatted.
2022-09-14 01:14:22,429 [pool-141-thread-1] INFO  ratis.ContainerStateMachine (ContainerStateMachine.java:loadSnapshot(236)) - group-0AE05C4D1DC3: The snapshot info is null. Setting the last applied indexto:(t:0, i:~)
2022-09-14 01:14:22,430 [pool-141-thread-1] INFO  server.RaftServerConfigKeys (ConfUtils.java:logGet(46)) - raft.server.notification.no-leader.timeout = 300000ms (custom)
2022-09-14 01:14:22,430 [pool-141-thread-1] INFO  server.RaftServerConfigKeys (ConfUtils.java:logGet(46)) - raft.server.log.use.memory = false (default)
2022-09-14 01:14:22,430 [pool-141-thread-1] INFO  server.RaftServerConfigKeys (ConfUtils.java:logGet(46)) - raft.server.log.purge.gap = 1000000 (custom)
2022-09-14 01:14:22,430 [pool-141-thread-1] INFO  server.RaftServerConfigKeys (ConfUtils.java:logGet(46)) - raft.server.log.appender.buffer.byte-limit = 33554432 (custom)
2022-09-14 01:14:22,430 [pool-141-thread-1] INFO  server.RaftServerConfigKeys (ConfUtils.java:logGet(46)) - raft.server.log.statemachine.data.read.timeout = 1000ms (default)
2022-09-14 01:14:22,430 [pool-141-thread-1] INFO  server.RaftServerConfigKeys (ConfUtils.java:logGet(46)) - raft.server.log.segment.size.max = 1048576 (custom)
2022-09-14 01:14:22,431 [pool-141-thread-1] INFO  server.RaftServerConfigKeys (ConfUtils.java:logGet(46)) - raft.server.log.segment.cache.num.max = 2 (custom)
2022-09-14 01:14:22,431 [pool-141-thread-1] INFO  server.RaftServerConfigKeys (ConfUtils.java:logGet(46)) - raft.server.log.segment.cache.size.max = 200MB (=209715200) (default)
2022-09-14 01:14:22,431 [pool-141-thread-1] INFO  segmented.SegmentedRaftLogWorker (SegmentedRaftLogWorker.java:<init>(187)) - new d28c3a4e-3918-43d8-bb46-fc5b34cd0519@group-0AE05C4D1DC3-SegmentedRaftLogWorker for RaftStorageImpl:Storage Directory /home/runner/work/ozone/ozone/hadoop-ozone/integration-test/target/test-dir/MiniOzoneClusterImpl-ffa34613-6460-47dc-a2f2-a82eeb3f6f6a/datanode-3/data/ratis/223cae64-f125-494a-b1d0-0ae05c4d1dc3
2022-09-14 01:14:22,431 [pool-141-thread-1] INFO  server.RaftServerConfigKeys (ConfUtils.java:logGet(46)) - raft.server.log.queue.byte-limit = 4294967296 (custom)
2022-09-14 01:14:22,431 [pool-141-thread-1] INFO  server.RaftServerConfigKeys (ConfUtils.java:logGet(46)) - raft.server.log.queue.element-limit = 1024 (custom)
2022-09-14 01:14:22,431 [pool-141-thread-1] INFO  server.RaftServerConfigKeys (ConfUtils.java:logGet(46)) - raft.server.log.segment.size.max = 1048576 (custom)
2022-09-14 01:14:22,431 [pool-141-thread-1] INFO  server.RaftServerConfigKeys (ConfUtils.java:logGet(46)) - raft.server.log.preallocated.size = 16384 (custom)
2022-09-14 01:14:22,431 [pool-141-thread-1] INFO  server.RaftServerConfigKeys (ConfUtils.java:logGet(46)) - raft.server.log.force.sync.num = 128 (default)
2022-09-14 01:14:22,431 [pool-141-thread-1] INFO  server.RaftServerConfigKeys (ConfUtils.java:logGet(46)) - raft.server.log.statemachine.data.sync = true (default)
2022-09-14 01:14:22,431 [pool-141-thread-1] INFO  server.RaftServerConfigKeys (ConfUtils.java:logGet(46)) - raft.server.log.statemachine.data.sync.timeout = 10s (default)
2022-09-14 01:14:22,432 [pool-141-thread-1] INFO  server.RaftServerConfigKeys (ConfUtils.java:logGet(46)) - raft.server.log.statemachine.data.sync.timeout.retry = -1 (default)
2022-09-14 01:14:22,432 [pool-141-thread-1] INFO  server.RaftServerConfigKeys (ConfUtils.java:logGet(46)) - raft.server.log.write.buffer.size = 1048576 (custom)
2022-09-14 01:14:22,433 [pool-141-thread-1] INFO  server.RaftServerConfigKeys (ConfUtils.java:logGet(46)) - raft.server.log.unsafe-flush.enabled = false (default)
2022-09-14 01:14:22,433 [pool-141-thread-1] INFO  server.RaftServerConfigKeys (ConfUtils.java:logGet(46)) - raft.server.log.statemachine.data.caching.enabled = true (custom)
2022-09-14 01:14:22,433 [pool-141-thread-1] INFO  segmented.SegmentedRaftLogWorker (SegmentedRaftLogWorker.java:lambda$new$0(135)) - d28c3a4e-3918-43d8-bb46-fc5b34cd0519@group-0AE05C4D1DC3-SegmentedRaftLogWorker: flushIndex: setUnconditionally 0 -> -1
2022-09-14 01:14:22,433 [pool-141-thread-1] INFO  segmented.SegmentedRaftLogWorker (SegmentedRaftLogWorker.java:lambda$new$0(135)) - d28c3a4e-3918-43d8-bb46-fc5b34cd0519@group-0AE05C4D1DC3-SegmentedRaftLogWorker: safeCacheEvictIndex: setUnconditionally 0 -> -1
2022-09-14 01:14:22,438 [pool-141-thread-1] INFO  server.RaftServerConfigKeys (ConfUtils.java:logGet(46)) - raft.server.snapshot.auto.trigger.enabled = true (custom)
2022-09-14 01:14:22,440 [pool-141-thread-1] INFO  server.RaftServerConfigKeys (ConfUtils.java:logGet(46)) - raft.server.snapshot.auto.trigger.threshold = 10000 (custom)
2022-09-14 01:14:22,440 [pool-141-thread-1] INFO  server.RaftServerConfigKeys (ConfUtils.java:logGet(46)) - raft.server.snapshot.retention.file.num = 5 (custom)
2022-09-14 01:14:22,440 [pool-141-thread-1] INFO  server.RaftServerConfigKeys (ConfUtils.java:logGet(46)) - raft.server.log.purge.upto.snapshot.index = false (default)
2022-09-14 01:14:22,441 [pool-141-thread-1] INFO  server.RaftServerConfigKeys (ConfUtils.java:logGet(46)) - raft.server.retrycache.expirytime = 600000ms (custom)
2022-09-14 01:14:22,441 [pool-141-thread-1] INFO  server.RaftServerConfigKeys (ConfUtils.java:logGet(46)) - raft.server.retrycache.statistics.expirytime = 100μs (default)
2022-09-14 01:14:22,442 [pool-141-thread-1] INFO  server.RaftServerConfigKeys (ConfUtils.java:logGet(46)) - raft.server.log.appender.install.snapshot.enabled = false (custom)
2022-09-14 01:14:22,442 [pool-141-thread-1] INFO  server.RaftServerConfigKeys (ConfUtils.java:logGet(46)) - raft.server.threadpool.server.cached = true (default)
2022-09-14 01:14:22,442 [pool-141-thread-1] INFO  server.RaftServerConfigKeys (ConfUtils.java:logGet(46)) - raft.server.threadpool.server.size = 0 (default)
2022-09-14 01:14:22,442 [pool-141-thread-1] INFO  server.RaftServerConfigKeys (ConfUtils.java:logGet(46)) - raft.server.threadpool.client.cached = true (default)
2022-09-14 01:14:22,442 [pool-141-thread-1] INFO  server.RaftServerConfigKeys (ConfUtils.java:logGet(46)) - raft.server.threadpool.client.size = 0 (default)
2022-09-14 01:14:22,442 [pool-141-thread-1] INFO  server.RaftServer$Division (RaftServerImpl.java:start(310)) - d28c3a4e-3918-43d8-bb46-fc5b34cd0519@group-0AE05C4D1DC3: start as a follower, conf=-1: [d28c3a4e-3918-43d8-bb46-fc5b34cd0519|rpc:10.1.0.6:42395|priority:1], old=null
2022-09-14 01:14:22,442 [pool-141-thread-1] INFO  server.RaftServer$Division (RaftServerImpl.java:setRole(299)) - d28c3a4e-3918-43d8-bb46-fc5b34cd0519@group-0AE05C4D1DC3: changes role from      null to FOLLOWER at term 0 for startAsFollower
2022-09-14 01:14:22,442 [pool-141-thread-1] INFO  impl.RoleInfo (RoleInfo.java:updateAndGet(139)) - d28c3a4e-3918-43d8-bb46-fc5b34cd0519: start d28c3a4e-3918-43d8-bb46-fc5b34cd0519@group-0AE05C4D1DC3-FollowerState
2022-09-14 01:14:22,446 [pool-141-thread-1] INFO  util.JmxRegister (JmxRegister.java:tryRegister(44)) - Successfully registered JMX Bean with object name Ratis:service=RaftServer,group=group-0AE05C4D1DC3,id=d28c3a4e-3918-43d8-bb46-fc5b34cd0519
2022-09-14 01:14:22,454 [Command processor thread] INFO  ratis.XceiverServerRatis (XceiverServerRatis.java:addGroup(765)) - Created group PipelineID=223cae64-f125-494a-b1d0-0ae05c4d1dc3
2022-09-14 01:14:22,454 [Command processor thread] INFO  commandhandler.CreatePipelineCommandHandler (CreatePipelineCommandHandler.java:handle(113)) - Created Pipeline RATIS ONE PipelineID=223cae64-f125-494a-b1d0-0ae05c4d1dc3.
2022-09-14 01:14:22,455 [Command processor thread] INFO  server.RaftServer (RaftServerProxy.java:addNew(96)) - d28c3a4e-3918-43d8-bb46-fc5b34cd0519: addNew group-BEF99EDA7C2C:[d28c3a4e-3918-43d8-bb46-fc5b34cd0519|rpc:10.1.0.6:42395|priority:0, ef2e2c18-30bb-4738-b00f-992b0a4fb77a|rpc:10.1.0.6:46397|priority:1, bba87d8c-0158-4ef8-bc32-b35d6e659061|rpc:10.1.0.6:39923|priority:0] returns group-BEF99EDA7C2C:java.util.concurrent.CompletableFuture@6c0b67c4[Not completed]
2022-09-14 01:14:22,456 [pool-141-thread-1] INFO  server.RaftServer$Division (RaftServerImpl.java:<init>(190)) - d28c3a4e-3918-43d8-bb46-fc5b34cd0519: new RaftServerImpl for group-BEF99EDA7C2C:[d28c3a4e-3918-43d8-bb46-fc5b34cd0519|rpc:10.1.0.6:42395|priority:0, ef2e2c18-30bb-4738-b00f-992b0a4fb77a|rpc:10.1.0.6:46397|priority:1, bba87d8c-0158-4ef8-bc32-b35d6e659061|rpc:10.1.0.6:39923|priority:0] with ContainerStateMachine:uninitialized
2022-09-14 01:14:22,456 [pool-141-thread-1] INFO  server.RaftServerConfigKeys (ConfUtils.java:logGet(46)) - raft.server.rpc.timeout.min = 5s (custom)
2022-09-14 01:14:22,456 [pool-141-thread-1] INFO  server.RaftServerConfigKeys (ConfUtils.java:logGet(46)) - raft.server.rpc.timeout.max = 5200ms (custom)
2022-09-14 01:14:22,456 [pool-141-thread-1] INFO  server.RaftServerConfigKeys (ConfUtils.java:logGet(46)) - raft.server.rpc.sleep.time = 25ms (default)
2022-09-14 01:14:22,456 [pool-141-thread-1] INFO  server.RaftServerConfigKeys (ConfUtils.java:logGet(46)) - raft.server.rpc.slowness.timeout = 10000ms (custom)
2022-09-14 01:14:22,456 [pool-141-thread-1] INFO  server.RaftServerConfigKeys (ConfUtils.java:logGet(46)) - raft.server.leaderelection.leader.step-down.wait-time = 10s (default)
2022-09-14 01:14:22,456 [pool-141-thread-1] INFO  server.RaftServerConfigKeys (ConfUtils.java:logGet(46)) - raft.server.sleep.deviation.threshold = 300ms (default)
2022-09-14 01:14:22,456 [pool-141-thread-1] INFO  server.RaftServer$Division (ServerState.java:<init>(107)) - d28c3a4e-3918-43d8-bb46-fc5b34cd0519@group-BEF99EDA7C2C: ConfigurationManager, init=-1: [d28c3a4e-3918-43d8-bb46-fc5b34cd0519|rpc:10.1.0.6:42395|priority:0, ef2e2c18-30bb-4738-b00f-992b0a4fb77a|rpc:10.1.0.6:46397|priority:1, bba87d8c-0158-4ef8-bc32-b35d6e659061|rpc:10.1.0.6:39923|priority:0], old=null, confs=<EMPTY_MAP>
2022-09-14 01:14:22,456 [pool-141-thread-1] INFO  server.RaftServerConfigKeys (ConfUtils.java:logGet(46)) - raft.server.storage.dir = [/home/runner/work/ozone/ozone/hadoop-ozone/integration-test/target/test-dir/MiniOzoneClusterImpl-ffa34613-6460-47dc-a2f2-a82eeb3f6f6a/datanode-3/data/ratis] (custom)
2022-09-14 01:14:22,456 [pool-141-thread-1] INFO  server.RaftServerConfigKeys (ConfUtils.java:logGet(46)) - raft.server.log.corruption.policy = EXCEPTION (default)
2022-09-14 01:14:22,457 [pool-141-thread-1] INFO  server.RaftServerConfigKeys (ConfUtils.java:logGet(46)) - raft.server.storage.free-space.min = 0MB (=0) (default)
2022-09-14 01:14:22,457 [pool-141-thread-1] INFO  storage.RaftStorageDirectory (RaftStorageDirectoryImpl.java:analyzeStorage(135)) - The storage directory /home/runner/work/ozone/ozone/hadoop-ozone/integration-test/target/test-dir/MiniOzoneClusterImpl-ffa34613-6460-47dc-a2f2-a82eeb3f6f6a/datanode-3/data/ratis/5e7c737d-a4f6-4ec9-b7d3-bef99eda7c2c does not exist. Creating ...
2022-09-14 01:14:22,467 [EventQueue-PipelineReportForPipelineReportHandler] INFO  pipeline.PipelineManagerImpl (PipelineManagerImpl.java:openPipeline(367)) - Pipeline Pipeline[ Id: 223cae64-f125-494a-b1d0-0ae05c4d1dc3, Nodes: d28c3a4e-3918-43d8-bb46-fc5b34cd0519{ip: 10.1.0.6, host: fv-az571-788.04lcwfe4cpsehn0ni2t1coknih.dx.internal.cloudapp.net, ports: [REPLICATION=36523, RATIS=42395, RATIS_ADMIN=42395, RATIS_SERVER=42395, STANDALONE=41209], networkLocation: /default-rack, certSerialId: null, persistedOpState: IN_SERVICE, persistedOpStateExpiryEpochSec: 0}, ReplicationConfig: RATIS/ONE, State:ALLOCATED, leaderId:d28c3a4e-3918-43d8-bb46-fc5b34cd0519, CreationTimestamp2022-09-14T01:14:19.358Z[Etc/UTC]] moved to OPEN state
2022-09-14 01:14:22,467 [EventQueue-OpenPipelineForHealthyPipelineSafeModeRule] INFO  safemode.SCMSafeModeManager (HealthyPipelineSafeModeRule.java:process(137)) - SCM in safe mode. Healthy pipelines reported count is 0, required healthy pipeline reported count is 1
2022-09-14 01:14:22,468 [pool-141-thread-1] INFO  storage.RaftStorageDirectory (RaftStorageDirectoryImpl.java:tryLock(230)) - Lock on /home/runner/work/ozone/ozone/hadoop-ozone/integration-test/target/test-dir/MiniOzoneClusterImpl-ffa34613-6460-47dc-a2f2-a82eeb3f6f6a/datanode-3/data/ratis/5e7c737d-a4f6-4ec9-b7d3-bef99eda7c2c/in_use.lock acquired by nodename 21498@fv-az571-788
2022-09-14 01:14:22,494 [pool-141-thread-1] INFO  storage.RaftStorage (RaftStorageImpl.java:format(89)) - Storage directory /home/runner/work/ozone/ozone/hadoop-ozone/integration-test/target/test-dir/MiniOzoneClusterImpl-ffa34613-6460-47dc-a2f2-a82eeb3f6f6a/datanode-3/data/ratis/5e7c737d-a4f6-4ec9-b7d3-bef99eda7c2c has been successfully formatted.
2022-09-14 01:14:22,494 [pool-141-thread-1] INFO  ratis.ContainerStateMachine (ContainerStateMachine.java:loadSnapshot(236)) - group-BEF99EDA7C2C: The snapshot info is null. Setting the last applied indexto:(t:0, i:~)
2022-09-14 01:14:22,497 [pool-141-thread-1] INFO  server.RaftServerConfigKeys (ConfUtils.java:logGet(46)) - raft.server.notification.no-leader.timeout = 300000ms (custom)
2022-09-14 01:14:22,497 [pool-141-thread-1] INFO  server.RaftServerConfigKeys (ConfUtils.java:logGet(46)) - raft.server.log.use.memory = false (default)
2022-09-14 01:14:22,497 [pool-141-thread-1] INFO  server.RaftServerConfigKeys (ConfUtils.java:logGet(46)) - raft.server.log.purge.gap = 1000000 (custom)
2022-09-14 01:14:22,497 [pool-141-thread-1] INFO  server.RaftServerConfigKeys (ConfUtils.java:logGet(46)) - raft.server.log.appender.buffer.byte-limit = 33554432 (custom)
2022-09-14 01:14:22,497 [pool-141-thread-1] INFO  server.RaftServerConfigKeys (ConfUtils.java:logGet(46)) - raft.server.log.statemachine.data.read.timeout = 1000ms (default)
2022-09-14 01:14:22,498 [pool-141-thread-1] INFO  server.RaftServerConfigKeys (ConfUtils.java:logGet(46)) - raft.server.log.segment.size.max = 1048576 (custom)
2022-09-14 01:14:22,498 [pool-141-thread-1] INFO  server.RaftServerConfigKeys (ConfUtils.java:logGet(46)) - raft.server.log.segment.cache.num.max = 2 (custom)
2022-09-14 01:14:22,498 [pool-141-thread-1] INFO  server.RaftServerConfigKeys (ConfUtils.java:logGet(46)) - raft.server.log.segment.cache.size.max = 200MB (=209715200) (default)
2022-09-14 01:14:22,498 [pool-141-thread-1] INFO  segmented.SegmentedRaftLogWorker (SegmentedRaftLogWorker.java:<init>(187)) - new d28c3a4e-3918-43d8-bb46-fc5b34cd0519@group-BEF99EDA7C2C-SegmentedRaftLogWorker for RaftStorageImpl:Storage Directory /home/runner/work/ozone/ozone/hadoop-ozone/integration-test/target/test-dir/MiniOzoneClusterImpl-ffa34613-6460-47dc-a2f2-a82eeb3f6f6a/datanode-3/data/ratis/5e7c737d-a4f6-4ec9-b7d3-bef99eda7c2c
2022-09-14 01:14:22,498 [pool-141-thread-1] INFO  server.RaftServerConfigKeys (ConfUtils.java:logGet(46)) - raft.server.log.queue.byte-limit = 4294967296 (custom)
2022-09-14 01:14:22,498 [pool-141-thread-1] INFO  server.RaftServerConfigKeys (ConfUtils.java:logGet(46)) - raft.server.log.queue.element-limit = 1024 (custom)
2022-09-14 01:14:22,498 [pool-141-thread-1] INFO  server.RaftServerConfigKeys (ConfUtils.java:logGet(46)) - raft.server.log.segment.size.max = 1048576 (custom)
2022-09-14 01:14:22,498 [pool-141-thread-1] INFO  server.RaftServerConfigKeys (ConfUtils.java:logGet(46)) - raft.server.log.preallocated.size = 16384 (custom)
2022-09-14 01:14:22,498 [pool-141-thread-1] INFO  server.RaftServerConfigKeys (ConfUtils.java:logGet(46)) - raft.server.log.force.sync.num = 128 (default)
2022-09-14 01:14:22,498 [pool-141-thread-1] INFO  server.RaftServerConfigKeys (ConfUtils.java:logGet(46)) - raft.server.log.statemachine.data.sync = true (default)
2022-09-14 01:14:22,499 [pool-141-thread-1] INFO  server.RaftServerConfigKeys (ConfUtils.java:logGet(46)) - raft.server.log.statemachine.data.sync.timeout = 10s (default)
2022-09-14 01:14:22,499 [pool-141-thread-1] INFO  server.RaftServerConfigKeys (ConfUtils.java:logGet(46)) - raft.server.log.statemachine.data.sync.timeout.retry = -1 (default)
2022-09-14 01:14:22,499 [pool-141-thread-1] INFO  server.RaftServerConfigKeys (ConfUtils.java:logGet(46)) - raft.server.log.write.buffer.size = 1048576 (custom)
2022-09-14 01:14:22,500 [pool-141-thread-1] INFO  server.RaftServerConfigKeys (ConfUtils.java:logGet(46)) - raft.server.log.unsafe-flush.enabled = false (default)
2022-09-14 01:14:22,500 [pool-141-thread-1] INFO  server.RaftServerConfigKeys (ConfUtils.java:logGet(46)) - raft.server.log.statemachine.data.caching.enabled = true (custom)
2022-09-14 01:14:22,500 [pool-141-thread-1] INFO  segmented.SegmentedRaftLogWorker (SegmentedRaftLogWorker.java:lambda$new$0(135)) - d28c3a4e-3918-43d8-bb46-fc5b34cd0519@group-BEF99EDA7C2C-SegmentedRaftLogWorker: flushIndex: setUnconditionally 0 -> -1
2022-09-14 01:14:22,500 [pool-141-thread-1] INFO  segmented.SegmentedRaftLogWorker (SegmentedRaftLogWorker.java:lambda$new$0(135)) - d28c3a4e-3918-43d8-bb46-fc5b34cd0519@group-BEF99EDA7C2C-SegmentedRaftLogWorker: safeCacheEvictIndex: setUnconditionally 0 -> -1
2022-09-14 01:14:22,509 [pool-141-thread-1] INFO  server.RaftServerConfigKeys (ConfUtils.java:logGet(46)) - raft.server.snapshot.auto.trigger.enabled = true (custom)
2022-09-14 01:14:22,510 [pool-141-thread-1] INFO  server.RaftServerConfigKeys (ConfUtils.java:logGet(46)) - raft.server.snapshot.auto.trigger.threshold = 10000 (custom)
2022-09-14 01:14:22,510 [pool-141-thread-1] INFO  server.RaftServerConfigKeys (ConfUtils.java:logGet(46)) - raft.server.snapshot.retention.file.num = 5 (custom)
2022-09-14 01:14:22,510 [pool-141-thread-1] INFO  server.RaftServerConfigKeys (ConfUtils.java:logGet(46)) - raft.server.log.purge.upto.snapshot.index = false (default)
2022-09-14 01:14:22,510 [pool-141-thread-1] INFO  server.RaftServerConfigKeys (ConfUtils.java:logGet(46)) - raft.server.retrycache.expirytime = 600000ms (custom)
2022-09-14 01:14:22,510 [pool-141-thread-1] INFO  server.RaftServerConfigKeys (ConfUtils.java:logGet(46)) - raft.server.retrycache.statistics.expirytime = 100μs (default)
2022-09-14 01:14:22,512 [pool-141-thread-1] INFO  server.RaftServerConfigKeys (ConfUtils.java:logGet(46)) - raft.server.log.appender.install.snapshot.enabled = false (custom)
2022-09-14 01:14:22,512 [pool-141-thread-1] INFO  server.RaftServerConfigKeys (ConfUtils.java:logGet(46)) - raft.server.threadpool.server.cached = true (default)
2022-09-14 01:14:22,512 [pool-141-thread-1] INFO  server.RaftServerConfigKeys (ConfUtils.java:logGet(46)) - raft.server.threadpool.server.size = 0 (default)
2022-09-14 01:14:22,512 [pool-141-thread-1] INFO  server.RaftServerConfigKeys (ConfUtils.java:logGet(46)) - raft.server.threadpool.client.cached = true (default)
2022-09-14 01:14:22,512 [pool-141-thread-1] INFO  server.RaftServerConfigKeys (ConfUtils.java:logGet(46)) - raft.server.threadpool.client.size = 0 (default)
2022-09-14 01:14:22,512 [pool-141-thread-1] INFO  server.RaftServer$Division (RaftServerImpl.java:start(310)) - d28c3a4e-3918-43d8-bb46-fc5b34cd0519@group-BEF99EDA7C2C: start as a follower, conf=-1: [d28c3a4e-3918-43d8-bb46-fc5b34cd0519|rpc:10.1.0.6:42395|priority:0, ef2e2c18-30bb-4738-b00f-992b0a4fb77a|rpc:10.1.0.6:46397|priority:1, bba87d8c-0158-4ef8-bc32-b35d6e659061|rpc:10.1.0.6:39923|priority:0], old=null
2022-09-14 01:14:22,512 [pool-141-thread-1] INFO  server.RaftServer$Division (RaftServerImpl.java:setRole(299)) - d28c3a4e-3918-43d8-bb46-fc5b34cd0519@group-BEF99EDA7C2C: changes role from      null to FOLLOWER at term 0 for startAsFollower
2022-09-14 01:14:22,512 [pool-141-thread-1] INFO  impl.RoleInfo (RoleInfo.java:updateAndGet(139)) - d28c3a4e-3918-43d8-bb46-fc5b34cd0519: start d28c3a4e-3918-43d8-bb46-fc5b34cd0519@group-BEF99EDA7C2C-FollowerState
2022-09-14 01:14:22,527 [pool-141-thread-1] INFO  util.JmxRegister (JmxRegister.java:tryRegister(44)) - Successfully registered JMX Bean with object name Ratis:service=RaftServer,group=group-BEF99EDA7C2C,id=d28c3a4e-3918-43d8-bb46-fc5b34cd0519
2022-09-14 01:14:22,534 [EventQueue-OpenPipelineForHealthyPipelineSafeModeRule] INFO  safemode.SCMSafeModeManager (HealthyPipelineSafeModeRule.java:process(137)) - SCM in safe mode. Healthy pipelines reported count is 0, required healthy pipeline reported count is 1
2022-09-14 01:14:22,537 [Command processor thread] INFO  ratis.XceiverServerRatis (XceiverServerRatis.java:addGroup(765)) - Created group PipelineID=5e7c737d-a4f6-4ec9-b7d3-bef99eda7c2c
2022-09-14 01:14:22,587 [grpc-default-executor-2] INFO  server.RaftServer (RaftServerProxy.java:addNew(96)) - ef2e2c18-30bb-4738-b00f-992b0a4fb77a: addNew group-BEF99EDA7C2C:[d28c3a4e-3918-43d8-bb46-fc5b34cd0519|rpc:10.1.0.6:42395|dataStream:|priority:0, ef2e2c18-30bb-4738-b00f-992b0a4fb77a|rpc:10.1.0.6:46397|dataStream:|priority:1, bba87d8c-0158-4ef8-bc32-b35d6e659061|rpc:10.1.0.6:39923|dataStream:|priority:0] returns group-BEF99EDA7C2C:java.util.concurrent.CompletableFuture@4a2018b6[Not completed]
2022-09-14 01:14:22,606 [pool-187-thread-1] INFO  server.RaftServer$Division (RaftServerImpl.java:<init>(190)) - ef2e2c18-30bb-4738-b00f-992b0a4fb77a: new RaftServerImpl for group-BEF99EDA7C2C:[d28c3a4e-3918-43d8-bb46-fc5b34cd0519|rpc:10.1.0.6:42395|dataStream:|priority:0, ef2e2c18-30bb-4738-b00f-992b0a4fb77a|rpc:10.1.0.6:46397|dataStream:|priority:1, bba87d8c-0158-4ef8-bc32-b35d6e659061|rpc:10.1.0.6:39923|dataStream:|priority:0] with ContainerStateMachine:uninitialized
2022-09-14 01:14:22,607 [pool-187-thread-1] INFO  server.RaftServerConfigKeys (ConfUtils.java:logGet(46)) - raft.server.rpc.timeout.min = 5s (custom)
2022-09-14 01:14:22,607 [pool-187-thread-1] INFO  server.RaftServerConfigKeys (ConfUtils.java:logGet(46)) - raft.server.rpc.timeout.max = 5200ms (custom)
2022-09-14 01:14:22,607 [pool-187-thread-1] INFO  server.RaftServerConfigKeys (ConfUtils.java:logGet(46)) - raft.server.rpc.sleep.time = 25ms (default)
2022-09-14 01:14:22,607 [pool-187-thread-1] INFO  server.RaftServerConfigKeys (ConfUtils.java:logGet(46)) - raft.server.rpc.slowness.timeout = 10000ms (custom)
2022-09-14 01:14:22,608 [pool-187-thread-1] INFO  server.RaftServerConfigKeys (ConfUtils.java:logGet(46)) - raft.server.leaderelection.leader.step-down.wait-time = 10s (default)
2022-09-14 01:14:22,608 [pool-187-thread-1] INFO  server.RaftServerConfigKeys (ConfUtils.java:logGet(46)) - raft.server.sleep.deviation.threshold = 300ms (default)
2022-09-14 01:14:22,608 [pool-187-thread-1] INFO  server.RaftServer$Division (ServerState.java:<init>(107)) - ef2e2c18-30bb-4738-b00f-992b0a4fb77a@group-BEF99EDA7C2C: ConfigurationManager, init=-1: [d28c3a4e-3918-43d8-bb46-fc5b34cd0519|rpc:10.1.0.6:42395|dataStream:|priority:0, ef2e2c18-30bb-4738-b00f-992b0a4fb77a|rpc:10.1.0.6:46397|dataStream:|priority:1, bba87d8c-0158-4ef8-bc32-b35d6e659061|rpc:10.1.0.6:39923|dataStream:|priority:0], old=null, confs=<EMPTY_MAP>
2022-09-14 01:14:22,608 [pool-187-thread-1] INFO  server.RaftServerConfigKeys (ConfUtils.java:logGet(46)) - raft.server.storage.dir = [/home/runner/work/ozone/ozone/hadoop-ozone/integration-test/target/test-dir/MiniOzoneClusterImpl-ffa34613-6460-47dc-a2f2-a82eeb3f6f6a/datanode-5/data/ratis] (custom)
2022-09-14 01:14:22,608 [pool-187-thread-1] INFO  server.RaftServerConfigKeys (ConfUtils.java:logGet(46)) - raft.server.log.corruption.policy = EXCEPTION (default)
2022-09-14 01:14:22,608 [pool-187-thread-1] INFO  server.RaftServerConfigKeys (ConfUtils.java:logGet(46)) - raft.server.storage.free-space.min = 0MB (=0) (default)
2022-09-14 01:14:22,610 [pool-187-thread-1] INFO  storage.RaftStorageDirectory (RaftStorageDirectoryImpl.java:analyzeStorage(135)) - The storage directory /home/runner/work/ozone/ozone/hadoop-ozone/integration-test/target/test-dir/MiniOzoneClusterImpl-ffa34613-6460-47dc-a2f2-a82eeb3f6f6a/datanode-5/data/ratis/5e7c737d-a4f6-4ec9-b7d3-bef99eda7c2c does not exist. Creating ...
2022-09-14 01:14:22,614 [pool-187-thread-1] INFO  storage.RaftStorageDirectory (RaftStorageDirectoryImpl.java:tryLock(230)) - Lock on /home/runner/work/ozone/ozone/hadoop-ozone/integration-test/target/test-dir/MiniOzoneClusterImpl-ffa34613-6460-47dc-a2f2-a82eeb3f6f6a/datanode-5/data/ratis/5e7c737d-a4f6-4ec9-b7d3-bef99eda7c2c/in_use.lock acquired by nodename 21498@fv-az571-788
2022-09-14 01:14:22,618 [pool-187-thread-1] INFO  storage.RaftStorage (RaftStorageImpl.java:format(89)) - Storage directory /home/runner/work/ozone/ozone/hadoop-ozone/integration-test/target/test-dir/MiniOzoneClusterImpl-ffa34613-6460-47dc-a2f2-a82eeb3f6f6a/datanode-5/data/ratis/5e7c737d-a4f6-4ec9-b7d3-bef99eda7c2c has been successfully formatted.
2022-09-14 01:14:22,631 [pool-187-thread-1] INFO  ratis.ContainerStateMachine (ContainerStateMachine.java:loadSnapshot(236)) - group-BEF99EDA7C2C: The snapshot info is null. Setting the last applied indexto:(t:0, i:~)
2022-09-14 01:14:22,631 [pool-187-thread-1] INFO  server.RaftServerConfigKeys (ConfUtils.java:logGet(46)) - raft.server.notification.no-leader.timeout = 300000ms (custom)
2022-09-14 01:14:22,631 [pool-187-thread-1] INFO  server.RaftServerConfigKeys (ConfUtils.java:logGet(46)) - raft.server.log.use.memory = false (default)
2022-09-14 01:14:22,631 [pool-187-thread-1] INFO  server.RaftServerConfigKeys (ConfUtils.java:logGet(46)) - raft.server.log.purge.gap = 1000000 (custom)
2022-09-14 01:14:22,631 [pool-187-thread-1] INFO  server.RaftServerConfigKeys (ConfUtils.java:logGet(46)) - raft.server.log.appender.buffer.byte-limit = 33554432 (custom)
2022-09-14 01:14:22,631 [pool-187-thread-1] INFO  server.RaftServerConfigKeys (ConfUtils.java:logGet(46)) - raft.server.log.statemachine.data.read.timeout = 1000ms (default)
2022-09-14 01:14:22,631 [pool-187-thread-1] INFO  server.RaftServerConfigKeys (ConfUtils.java:logGet(46)) - raft.server.log.segment.size.max = 1048576 (custom)
2022-09-14 01:14:22,632 [pool-187-thread-1] INFO  server.RaftServerConfigKeys (ConfUtils.java:logGet(46)) - raft.server.log.segment.cache.num.max = 2 (custom)
2022-09-14 01:14:22,632 [pool-187-thread-1] INFO  server.RaftServerConfigKeys (ConfUtils.java:logGet(46)) - raft.server.log.segment.cache.size.max = 200MB (=209715200) (default)
2022-09-14 01:14:22,632 [pool-187-thread-1] INFO  segmented.SegmentedRaftLogWorker (SegmentedRaftLogWorker.java:<init>(187)) - new ef2e2c18-30bb-4738-b00f-992b0a4fb77a@group-BEF99EDA7C2C-SegmentedRaftLogWorker for RaftStorageImpl:Storage Directory /home/runner/work/ozone/ozone/hadoop-ozone/integration-test/target/test-dir/MiniOzoneClusterImpl-ffa34613-6460-47dc-a2f2-a82eeb3f6f6a/datanode-5/data/ratis/5e7c737d-a4f6-4ec9-b7d3-bef99eda7c2c
2022-09-14 01:14:22,632 [pool-187-thread-1] INFO  server.RaftServerConfigKeys (ConfUtils.java:logGet(46)) - raft.server.log.queue.byte-limit = 4294967296 (custom)
2022-09-14 01:14:22,632 [pool-187-thread-1] INFO  server.RaftServerConfigKeys (ConfUtils.java:logGet(46)) - raft.server.log.queue.element-limit = 1024 (custom)
2022-09-14 01:14:22,632 [pool-187-thread-1] INFO  server.RaftServerConfigKeys (ConfUtils.java:logGet(46)) - raft.server.log.segment.size.max = 1048576 (custom)
2022-09-14 01:14:22,632 [pool-187-thread-1] INFO  server.RaftServerConfigKeys (ConfUtils.java:logGet(46)) - raft.server.log.preallocated.size = 16384 (custom)
2022-09-14 01:14:22,632 [pool-187-thread-1] INFO  server.RaftServerConfigKeys (ConfUtils.java:logGet(46)) - raft.server.log.force.sync.num = 128 (default)
2022-09-14 01:14:22,632 [pool-187-thread-1] INFO  server.RaftServerConfigKeys (ConfUtils.java:logGet(46)) - raft.server.log.statemachine.data.sync = true (default)
2022-09-14 01:14:22,632 [pool-187-thread-1] INFO  server.RaftServerConfigKeys (ConfUtils.java:logGet(46)) - raft.server.log.statemachine.data.sync.timeout = 10s (default)
2022-09-14 01:14:22,632 [pool-187-thread-1] INFO  server.RaftServerConfigKeys (ConfUtils.java:logGet(46)) - raft.server.log.statemachine.data.sync.timeout.retry = -1 (default)
2022-09-14 01:14:22,642 [pool-187-thread-1] INFO  server.RaftServerConfigKeys (ConfUtils.java:logGet(46)) - raft.server.log.write.buffer.size = 1048576 (custom)
2022-09-14 01:14:22,643 [pool-187-thread-1] INFO  server.RaftServerConfigKeys (ConfUtils.java:logGet(46)) - raft.server.log.unsafe-flush.enabled = false (default)
2022-09-14 01:14:22,643 [pool-187-thread-1] INFO  server.RaftServerConfigKeys (ConfUtils.java:logGet(46)) - raft.server.log.statemachine.data.caching.enabled = true (custom)
2022-09-14 01:14:22,643 [pool-187-thread-1] INFO  segmented.SegmentedRaftLogWorker (SegmentedRaftLogWorker.java:lambda$new$0(135)) - ef2e2c18-30bb-4738-b00f-992b0a4fb77a@group-BEF99EDA7C2C-SegmentedRaftLogWorker: flushIndex: setUnconditionally 0 -> -1
2022-09-14 01:14:22,643 [pool-187-thread-1] INFO  segmented.SegmentedRaftLogWorker (SegmentedRaftLogWorker.java:lambda$new$0(135)) - ef2e2c18-30bb-4738-b00f-992b0a4fb77a@group-BEF99EDA7C2C-SegmentedRaftLogWorker: safeCacheEvictIndex: setUnconditionally 0 -> -1
2022-09-14 01:14:22,659 [pool-187-thread-1] INFO  server.RaftServerConfigKeys (ConfUtils.java:logGet(46)) - raft.server.snapshot.auto.trigger.enabled = true (custom)
2022-09-14 01:14:22,659 [pool-187-thread-1] INFO  server.RaftServerConfigKeys (ConfUtils.java:logGet(46)) - raft.server.snapshot.auto.trigger.threshold = 10000 (custom)
2022-09-14 01:14:22,659 [pool-187-thread-1] INFO  server.RaftServerConfigKeys (ConfUtils.java:logGet(46)) - raft.server.snapshot.retention.file.num = 5 (custom)
2022-09-14 01:14:22,659 [pool-187-thread-1] INFO  server.RaftServerConfigKeys (ConfUtils.java:logGet(46)) - raft.server.log.purge.upto.snapshot.index = false (default)
2022-09-14 01:14:22,659 [pool-187-thread-1] INFO  server.RaftServerConfigKeys (ConfUtils.java:logGet(46)) - raft.server.retrycache.expirytime = 600000ms (custom)
2022-09-14 01:14:22,659 [pool-187-thread-1] INFO  server.RaftServerConfigKeys (ConfUtils.java:logGet(46)) - raft.server.retrycache.statistics.expirytime = 100μs (default)
2022-09-14 01:14:22,660 [pool-187-thread-1] INFO  server.RaftServerConfigKeys (ConfUtils.java:logGet(46)) - raft.server.log.appender.install.snapshot.enabled = false (custom)
2022-09-14 01:14:22,660 [pool-187-thread-1] INFO  server.RaftServerConfigKeys (ConfUtils.java:logGet(46)) - raft.server.threadpool.server.cached = true (default)
2022-09-14 01:14:22,660 [pool-187-thread-1] INFO  server.RaftServerConfigKeys (ConfUtils.java:logGet(46)) - raft.server.threadpool.server.size = 0 (default)
2022-09-14 01:14:22,660 [pool-187-thread-1] INFO  server.RaftServerConfigKeys (ConfUtils.java:logGet(46)) - raft.server.threadpool.client.cached = true (default)
2022-09-14 01:14:22,661 [pool-187-thread-1] INFO  server.RaftServerConfigKeys (ConfUtils.java:logGet(46)) - raft.server.threadpool.client.size = 0 (default)
2022-09-14 01:14:22,661 [pool-187-thread-1] INFO  server.RaftServer$Division (RaftServerImpl.java:start(310)) - ef2e2c18-30bb-4738-b00f-992b0a4fb77a@group-BEF99EDA7C2C: start as a follower, conf=-1: [d28c3a4e-3918-43d8-bb46-fc5b34cd0519|rpc:10.1.0.6:42395|dataStream:|priority:0, ef2e2c18-30bb-4738-b00f-992b0a4fb77a|rpc:10.1.0.6:46397|dataStream:|priority:1, bba87d8c-0158-4ef8-bc32-b35d6e659061|rpc:10.1.0.6:39923|dataStream:|priority:0], old=null
2022-09-14 01:14:22,661 [pool-187-thread-1] INFO  server.RaftServer$Division (RaftServerImpl.java:setRole(299)) - ef2e2c18-30bb-4738-b00f-992b0a4fb77a@group-BEF99EDA7C2C: changes role from      null to FOLLOWER at term 0 for startAsFollower
2022-09-14 01:14:22,661 [pool-187-thread-1] INFO  impl.RoleInfo (RoleInfo.java:updateAndGet(139)) - ef2e2c18-30bb-4738-b00f-992b0a4fb77a: start ef2e2c18-30bb-4738-b00f-992b0a4fb77a@group-BEF99EDA7C2C-FollowerState
2022-09-14 01:14:22,661 [pool-187-thread-1] INFO  util.JmxRegister (JmxRegister.java:tryRegister(44)) - Successfully registered JMX Bean with object name Ratis:service=RaftServer,group=group-BEF99EDA7C2C,id=ef2e2c18-30bb-4738-b00f-992b0a4fb77a
2022-09-14 01:14:22,675 [Command processor thread] INFO  commandhandler.CreatePipelineCommandHandler (CreatePipelineCommandHandler.java:handle(113)) - Created Pipeline RATIS THREE PipelineID=b6f23a11-12e0-494c-a6b4-8af4b479eca4.
2022-09-14 01:14:22,690 [Command processor thread] INFO  commandhandler.CreatePipelineCommandHandler (CreatePipelineCommandHandler.java:handle(113)) - Created Pipeline RATIS THREE PipelineID=b6f23a11-12e0-494c-a6b4-8af4b479eca4.
2022-09-14 01:14:22,694 [Command processor thread] INFO  commandhandler.CreatePipelineCommandHandler (CreatePipelineCommandHandler.java:handle(113)) - Created Pipeline RATIS THREE PipelineID=b6f23a11-12e0-494c-a6b4-8af4b479eca4.
2022-09-14 01:14:22,704 [Command processor thread] INFO  server.RaftServer (RaftServerProxy.java:addNew(96)) - bba87d8c-0158-4ef8-bc32-b35d6e659061: addNew group-3048ADE96EE0:[bba87d8c-0158-4ef8-bc32-b35d6e659061|rpc:10.1.0.6:39923|priority:1] returns group-3048ADE96EE0:java.util.concurrent.CompletableFuture@2afe100a[Not completed]
2022-09-14 01:14:22,724 [pool-164-thread-1] INFO  server.RaftServer$Division (RaftServerImpl.java:<init>(190)) - bba87d8c-0158-4ef8-bc32-b35d6e659061: new RaftServerImpl for group-3048ADE96EE0:[bba87d8c-0158-4ef8-bc32-b35d6e659061|rpc:10.1.0.6:39923|priority:1] with ContainerStateMachine:uninitialized
2022-09-14 01:14:22,724 [pool-164-thread-1] INFO  server.RaftServerConfigKeys (ConfUtils.java:logGet(46)) - raft.server.rpc.timeout.min = 5s (custom)
2022-09-14 01:14:22,724 [pool-164-thread-1] INFO  server.RaftServerConfigKeys (ConfUtils.java:logGet(46)) - raft.server.rpc.timeout.max = 5200ms (custom)
2022-09-14 01:14:22,724 [pool-164-thread-1] INFO  server.RaftServerConfigKeys (ConfUtils.java:logGet(46)) - raft.server.rpc.sleep.time = 25ms (default)
2022-09-14 01:14:22,724 [pool-164-thread-1] INFO  server.RaftServerConfigKeys (ConfUtils.java:logGet(46)) - raft.server.rpc.slowness.timeout = 10000ms (custom)
2022-09-14 01:14:22,724 [pool-164-thread-1] INFO  server.RaftServerConfigKeys (ConfUtils.java:logGet(46)) - raft.server.leaderelection.leader.step-down.wait-time = 10s (default)
2022-09-14 01:14:22,724 [pool-164-thread-1] INFO  server.RaftServerConfigKeys (ConfUtils.java:logGet(46)) - raft.server.sleep.deviation.threshold = 300ms (default)
2022-09-14 01:14:22,724 [pool-164-thread-1] INFO  server.RaftServer$Division (ServerState.java:<init>(107)) - bba87d8c-0158-4ef8-bc32-b35d6e659061@group-3048ADE96EE0: ConfigurationManager, init=-1: [bba87d8c-0158-4ef8-bc32-b35d6e659061|rpc:10.1.0.6:39923|priority:1], old=null, confs=<EMPTY_MAP>
2022-09-14 01:14:22,724 [pool-164-thread-1] INFO  server.RaftServerConfigKeys (ConfUtils.java:logGet(46)) - raft.server.storage.dir = [/home/runner/work/ozone/ozone/hadoop-ozone/integration-test/target/test-dir/MiniOzoneClusterImpl-ffa34613-6460-47dc-a2f2-a82eeb3f6f6a/datanode-4/data/ratis] (custom)
2022-09-14 01:14:22,725 [pool-164-thread-1] INFO  server.RaftServerConfigKeys (ConfUtils.java:logGet(46)) - raft.server.log.corruption.policy = EXCEPTION (default)
2022-09-14 01:14:22,725 [pool-164-thread-1] INFO  server.RaftServerConfigKeys (ConfUtils.java:logGet(46)) - raft.server.storage.free-space.min = 0MB (=0) (default)
2022-09-14 01:14:22,725 [pool-164-thread-1] INFO  storage.RaftStorageDirectory (RaftStorageDirectoryImpl.java:analyzeStorage(135)) - The storage directory /home/runner/work/ozone/ozone/hadoop-ozone/integration-test/target/test-dir/MiniOzoneClusterImpl-ffa34613-6460-47dc-a2f2-a82eeb3f6f6a/datanode-4/data/ratis/7aa74d24-a43c-4dd7-999e-3048ade96ee0 does not exist. Creating ...
2022-09-14 01:14:22,726 [pool-164-thread-1] INFO  storage.RaftStorageDirectory (RaftStorageDirectoryImpl.java:tryLock(230)) - Lock on /home/runner/work/ozone/ozone/hadoop-ozone/integration-test/target/test-dir/MiniOzoneClusterImpl-ffa34613-6460-47dc-a2f2-a82eeb3f6f6a/datanode-4/data/ratis/7aa74d24-a43c-4dd7-999e-3048ade96ee0/in_use.lock acquired by nodename 21498@fv-az571-788
2022-09-14 01:14:22,730 [pool-164-thread-1] INFO  storage.RaftStorage (RaftStorageImpl.java:format(89)) - Storage directory /home/runner/work/ozone/ozone/hadoop-ozone/integration-test/target/test-dir/MiniOzoneClusterImpl-ffa34613-6460-47dc-a2f2-a82eeb3f6f6a/datanode-4/data/ratis/7aa74d24-a43c-4dd7-999e-3048ade96ee0 has been successfully formatted.
2022-09-14 01:14:22,731 [pool-164-thread-1] INFO  ratis.ContainerStateMachine (ContainerStateMachine.java:loadSnapshot(236)) - group-3048ADE96EE0: The snapshot info is null. Setting the last applied indexto:(t:0, i:~)
2022-09-14 01:14:22,731 [pool-164-thread-1] INFO  server.RaftServerConfigKeys (ConfUtils.java:logGet(46)) - raft.server.notification.no-leader.timeout = 300000ms (custom)
2022-09-14 01:14:22,731 [pool-164-thread-1] INFO  server.RaftServerConfigKeys (ConfUtils.java:logGet(46)) - raft.server.log.use.memory = false (default)
2022-09-14 01:14:22,732 [pool-164-thread-1] INFO  server.RaftServerConfigKeys (ConfUtils.java:logGet(46)) - raft.server.log.purge.gap = 1000000 (custom)
2022-09-14 01:14:22,733 [pool-164-thread-1] INFO  server.RaftServerConfigKeys (ConfUtils.java:logGet(46)) - raft.server.log.appender.buffer.byte-limit = 33554432 (custom)
2022-09-14 01:14:22,733 [pool-164-thread-1] INFO  server.RaftServerConfigKeys (ConfUtils.java:logGet(46)) - raft.server.log.statemachine.data.read.timeout = 1000ms (default)
2022-09-14 01:14:22,734 [EventQueue-PipelineReportForPipelineReportHandler] INFO  pipeline.PipelineManagerImpl (PipelineManagerImpl.java:openPipeline(367)) - Pipeline Pipeline[ Id: 7aa74d24-a43c-4dd7-999e-3048ade96ee0, Nodes: bba87d8c-0158-4ef8-bc32-b35d6e659061{ip: 10.1.0.6, host: fv-az571-788.04lcwfe4cpsehn0ni2t1coknih.dx.internal.cloudapp.net, ports: [REPLICATION=45525, RATIS=39923, RATIS_ADMIN=39923, RATIS_SERVER=39923, STANDALONE=40241], networkLocation: /default-rack, certSerialId: null, persistedOpState: IN_SERVICE, persistedOpStateExpiryEpochSec: 0}, ReplicationConfig: RATIS/ONE, State:ALLOCATED, leaderId:bba87d8c-0158-4ef8-bc32-b35d6e659061, CreationTimestamp2022-09-14T01:14:19.707Z[Etc/UTC]] moved to OPEN state
2022-09-14 01:14:22,734 [EventQueue-OpenPipelineForHealthyPipelineSafeModeRule] INFO  safemode.SCMSafeModeManager (HealthyPipelineSafeModeRule.java:process(137)) - SCM in safe mode. Healthy pipelines reported count is 0, required healthy pipeline reported count is 1
2022-09-14 01:14:22,736 [pool-164-thread-1] INFO  server.RaftServerConfigKeys (ConfUtils.java:logGet(46)) - raft.server.log.segment.size.max = 1048576 (custom)
2022-09-14 01:14:22,737 [pool-164-thread-1] INFO  server.RaftServerConfigKeys (ConfUtils.java:logGet(46)) - raft.server.log.segment.cache.num.max = 2 (custom)
2022-09-14 01:14:22,737 [pool-164-thread-1] INFO  server.RaftServerConfigKeys (ConfUtils.java:logGet(46)) - raft.server.log.segment.cache.size.max = 200MB (=209715200) (default)
2022-09-14 01:14:22,737 [pool-164-thread-1] INFO  segmented.SegmentedRaftLogWorker (SegmentedRaftLogWorker.java:<init>(187)) - new bba87d8c-0158-4ef8-bc32-b35d6e659061@group-3048ADE96EE0-SegmentedRaftLogWorker for RaftStorageImpl:Storage Directory /home/runner/work/ozone/ozone/hadoop-ozone/integration-test/target/test-dir/MiniOzoneClusterImpl-ffa34613-6460-47dc-a2f2-a82eeb3f6f6a/datanode-4/data/ratis/7aa74d24-a43c-4dd7-999e-3048ade96ee0
2022-09-14 01:14:22,737 [pool-164-thread-1] INFO  server.RaftServerConfigKeys (ConfUtils.java:logGet(46)) - raft.server.log.queue.byte-limit = 4294967296 (custom)
2022-09-14 01:14:22,737 [pool-164-thread-1] INFO  server.RaftServerConfigKeys (ConfUtils.java:logGet(46)) - raft.server.log.queue.element-limit = 1024 (custom)
2022-09-14 01:14:22,738 [pool-164-thread-1] INFO  server.RaftServerConfigKeys (ConfUtils.java:logGet(46)) - raft.server.log.segment.size.max = 1048576 (custom)
2022-09-14 01:14:22,738 [pool-164-thread-1] INFO  server.RaftServerConfigKeys (ConfUtils.java:logGet(46)) - raft.server.log.preallocated.size = 16384 (custom)
2022-09-14 01:14:22,738 [pool-164-thread-1] INFO  server.RaftServerConfigKeys (ConfUtils.java:logGet(46)) - raft.server.log.force.sync.num = 128 (default)
2022-09-14 01:14:22,738 [pool-164-thread-1] INFO  server.RaftServerConfigKeys (ConfUtils.java:logGet(46)) - raft.server.log.statemachine.data.sync = true (default)
2022-09-14 01:14:22,738 [pool-164-thread-1] INFO  server.RaftServerConfigKeys (ConfUtils.java:logGet(46)) - raft.server.log.statemachine.data.sync.timeout = 10s (default)
2022-09-14 01:14:22,738 [pool-164-thread-1] INFO  server.RaftServerConfigKeys (ConfUtils.java:logGet(46)) - raft.server.log.statemachine.data.sync.timeout.retry = -1 (default)
2022-09-14 01:14:22,739 [pool-164-thread-1] INFO  server.RaftServerConfigKeys (ConfUtils.java:logGet(46)) - raft.server.log.write.buffer.size = 1048576 (custom)
2022-09-14 01:14:22,740 [pool-164-thread-1] INFO  server.RaftServerConfigKeys (ConfUtils.java:logGet(46)) - raft.server.log.unsafe-flush.enabled = false (default)
2022-09-14 01:14:22,740 [pool-164-thread-1] INFO  server.RaftServerConfigKeys (ConfUtils.java:logGet(46)) - raft.server.log.statemachine.data.caching.enabled = true (custom)
2022-09-14 01:14:22,740 [pool-164-thread-1] INFO  segmented.SegmentedRaftLogWorker (SegmentedRaftLogWorker.java:lambda$new$0(135)) - bba87d8c-0158-4ef8-bc32-b35d6e659061@group-3048ADE96EE0-SegmentedRaftLogWorker: flushIndex: setUnconditionally 0 -> -1
2022-09-14 01:14:22,740 [pool-164-thread-1] INFO  segmented.SegmentedRaftLogWorker (SegmentedRaftLogWorker.java:lambda$new$0(135)) - bba87d8c-0158-4ef8-bc32-b35d6e659061@group-3048ADE96EE0-SegmentedRaftLogWorker: safeCacheEvictIndex: setUnconditionally 0 -> -1
2022-09-14 01:14:22,747 [pool-164-thread-1] INFO  server.RaftServerConfigKeys (ConfUtils.java:logGet(46)) - raft.server.snapshot.auto.trigger.enabled = true (custom)
2022-09-14 01:14:22,747 [pool-164-thread-1] INFO  server.RaftServerConfigKeys (ConfUtils.java:logGet(46)) - raft.server.snapshot.auto.trigger.threshold = 10000 (custom)
2022-09-14 01:14:22,747 [pool-164-thread-1] INFO  server.RaftServerConfigKeys (ConfUtils.java:logGet(46)) - raft.server.snapshot.retention.file.num = 5 (custom)
2022-09-14 01:14:22,747 [pool-164-thread-1] INFO  server.RaftServerConfigKeys (ConfUtils.java:logGet(46)) - raft.server.log.purge.upto.snapshot.index = false (default)
2022-09-14 01:14:22,747 [pool-164-thread-1] INFO  server.RaftServerConfigKeys (ConfUtils.java:logGet(46)) - raft.server.retrycache.expirytime = 600000ms (custom)
2022-09-14 01:14:22,747 [pool-164-thread-1] INFO  server.RaftServerConfigKeys (ConfUtils.java:logGet(46)) - raft.server.retrycache.statistics.expirytime = 100μs (default)
2022-09-14 01:14:22,760 [pool-164-thread-1] INFO  server.RaftServerConfigKeys (ConfUtils.java:logGet(46)) - raft.server.log.appender.install.snapshot.enabled = false (custom)
2022-09-14 01:14:22,760 [pool-164-thread-1] INFO  server.RaftServerConfigKeys (ConfUtils.java:logGet(46)) - raft.server.threadpool.server.cached = true (default)
2022-09-14 01:14:22,760 [pool-164-thread-1] INFO  server.RaftServerConfigKeys (ConfUtils.java:logGet(46)) - raft.server.threadpool.server.size = 0 (default)
2022-09-14 01:14:22,760 [pool-164-thread-1] INFO  server.RaftServerConfigKeys (ConfUtils.java:logGet(46)) - raft.server.threadpool.client.cached = true (default)
2022-09-14 01:14:22,760 [pool-164-thread-1] INFO  server.RaftServerConfigKeys (ConfUtils.java:logGet(46)) - raft.server.threadpool.client.size = 0 (default)
2022-09-14 01:14:22,760 [pool-164-thread-1] INFO  server.RaftServer$Division (RaftServerImpl.java:start(310)) - bba87d8c-0158-4ef8-bc32-b35d6e659061@group-3048ADE96EE0: start as a follower, conf=-1: [bba87d8c-0158-4ef8-bc32-b35d6e659061|rpc:10.1.0.6:39923|priority:1], old=null
2022-09-14 01:14:22,760 [pool-164-thread-1] INFO  server.RaftServer$Division (RaftServerImpl.java:setRole(299)) - bba87d8c-0158-4ef8-bc32-b35d6e659061@group-3048ADE96EE0: changes role from      null to FOLLOWER at term 0 for startAsFollower
2022-09-14 01:14:22,760 [pool-164-thread-1] INFO  impl.RoleInfo (RoleInfo.java:updateAndGet(139)) - bba87d8c-0158-4ef8-bc32-b35d6e659061: start bba87d8c-0158-4ef8-bc32-b35d6e659061@group-3048ADE96EE0-FollowerState
2022-09-14 01:14:22,774 [pool-164-thread-1] INFO  util.JmxRegister (JmxRegister.java:tryRegister(44)) - Successfully registered JMX Bean with object name Ratis:service=RaftServer,group=group-3048ADE96EE0,id=bba87d8c-0158-4ef8-bc32-b35d6e659061
2022-09-14 01:14:22,778 [Command processor thread] INFO  ratis.XceiverServerRatis (XceiverServerRatis.java:addGroup(765)) - Created group PipelineID=7aa74d24-a43c-4dd7-999e-3048ade96ee0
2022-09-14 01:14:22,778 [Command processor thread] INFO  commandhandler.CreatePipelineCommandHandler (CreatePipelineCommandHandler.java:handle(113)) - Created Pipeline RATIS ONE PipelineID=7aa74d24-a43c-4dd7-999e-3048ade96ee0.
2022-09-14 01:14:22,779 [Command processor thread] INFO  server.RaftServer (RaftServerProxy.java:addNew(96)) - bba87d8c-0158-4ef8-bc32-b35d6e659061: addNew group-BEF99EDA7C2C:[d28c3a4e-3918-43d8-bb46-fc5b34cd0519|rpc:10.1.0.6:42395|priority:0, ef2e2c18-30bb-4738-b00f-992b0a4fb77a|rpc:10.1.0.6:46397|priority:1, bba87d8c-0158-4ef8-bc32-b35d6e659061|rpc:10.1.0.6:39923|priority:0] returns group-BEF99EDA7C2C:java.util.concurrent.CompletableFuture@2ec1918d[Not completed]
2022-09-14 01:14:22,780 [pool-164-thread-1] INFO  server.RaftServer$Division (RaftServerImpl.java:<init>(190)) - bba87d8c-0158-4ef8-bc32-b35d6e659061: new RaftServerImpl for group-BEF99EDA7C2C:[d28c3a4e-3918-43d8-bb46-fc5b34cd0519|rpc:10.1.0.6:42395|priority:0, ef2e2c18-30bb-4738-b00f-992b0a4fb77a|rpc:10.1.0.6:46397|priority:1, bba87d8c-0158-4ef8-bc32-b35d6e659061|rpc:10.1.0.6:39923|priority:0] with ContainerStateMachine:uninitialized
2022-09-14 01:14:22,784 [pool-164-thread-1] INFO  server.RaftServerConfigKeys (ConfUtils.java:logGet(46)) - raft.server.rpc.timeout.min = 5s (custom)
2022-09-14 01:14:22,784 [pool-164-thread-1] INFO  server.RaftServerConfigKeys (ConfUtils.java:logGet(46)) - raft.server.rpc.timeout.max = 5200ms (custom)
2022-09-14 01:14:22,784 [pool-164-thread-1] INFO  server.RaftServerConfigKeys (ConfUtils.java:logGet(46)) - raft.server.rpc.sleep.time = 25ms (default)
2022-09-14 01:14:22,784 [pool-164-thread-1] INFO  server.RaftServerConfigKeys (ConfUtils.java:logGet(46)) - raft.server.rpc.slowness.timeout = 10000ms (custom)
2022-09-14 01:14:22,784 [pool-164-thread-1] INFO  server.RaftServerConfigKeys (ConfUtils.java:logGet(46)) - raft.server.leaderelection.leader.step-down.wait-time = 10s (default)
2022-09-14 01:14:22,784 [pool-164-thread-1] INFO  server.RaftServerConfigKeys (ConfUtils.java:logGet(46)) - raft.server.sleep.deviation.threshold = 300ms (default)
2022-09-14 01:14:22,784 [pool-164-thread-1] INFO  server.RaftServer$Division (ServerState.java:<init>(107)) - bba87d8c-0158-4ef8-bc32-b35d6e659061@group-BEF99EDA7C2C: ConfigurationManager, init=-1: [d28c3a4e-3918-43d8-bb46-fc5b34cd0519|rpc:10.1.0.6:42395|priority:0, ef2e2c18-30bb-4738-b00f-992b0a4fb77a|rpc:10.1.0.6:46397|priority:1, bba87d8c-0158-4ef8-bc32-b35d6e659061|rpc:10.1.0.6:39923|priority:0], old=null, confs=<EMPTY_MAP>
2022-09-14 01:14:22,784 [pool-164-thread-1] INFO  server.RaftServerConfigKeys (ConfUtils.java:logGet(46)) - raft.server.storage.dir = [/home/runner/work/ozone/ozone/hadoop-ozone/integration-test/target/test-dir/MiniOzoneClusterImpl-ffa34613-6460-47dc-a2f2-a82eeb3f6f6a/datanode-4/data/ratis] (custom)
2022-09-14 01:14:22,785 [pool-164-thread-1] INFO  server.RaftServerConfigKeys (ConfUtils.java:logGet(46)) - raft.server.log.corruption.policy = EXCEPTION (default)
2022-09-14 01:14:22,785 [pool-164-thread-1] INFO  server.RaftServerConfigKeys (ConfUtils.java:logGet(46)) - raft.server.storage.free-space.min = 0MB (=0) (default)
2022-09-14 01:14:22,785 [pool-164-thread-1] INFO  storage.RaftStorageDirectory (RaftStorageDirectoryImpl.java:analyzeStorage(135)) - The storage directory /home/runner/work/ozone/ozone/hadoop-ozone/integration-test/target/test-dir/MiniOzoneClusterImpl-ffa34613-6460-47dc-a2f2-a82eeb3f6f6a/datanode-4/data/ratis/5e7c737d-a4f6-4ec9-b7d3-bef99eda7c2c does not exist. Creating ...
2022-09-14 01:14:22,790 [pool-164-thread-1] INFO  storage.RaftStorageDirectory (RaftStorageDirectoryImpl.java:tryLock(230)) - Lock on /home/runner/work/ozone/ozone/hadoop-ozone/integration-test/target/test-dir/MiniOzoneClusterImpl-ffa34613-6460-47dc-a2f2-a82eeb3f6f6a/datanode-4/data/ratis/5e7c737d-a4f6-4ec9-b7d3-bef99eda7c2c/in_use.lock acquired by nodename 21498@fv-az571-788
2022-09-14 01:14:22,793 [pool-164-thread-1] INFO  storage.RaftStorage (RaftStorageImpl.java:format(89)) - Storage directory /home/runner/work/ozone/ozone/hadoop-ozone/integration-test/target/test-dir/MiniOzoneClusterImpl-ffa34613-6460-47dc-a2f2-a82eeb3f6f6a/datanode-4/data/ratis/5e7c737d-a4f6-4ec9-b7d3-bef99eda7c2c has been successfully formatted.
2022-09-14 01:14:22,794 [pool-164-thread-1] INFO  ratis.ContainerStateMachine (ContainerStateMachine.java:loadSnapshot(236)) - group-BEF99EDA7C2C: The snapshot info is null. Setting the last applied indexto:(t:0, i:~)
2022-09-14 01:14:22,794 [pool-164-thread-1] INFO  server.RaftServerConfigKeys (ConfUtils.java:logGet(46)) - raft.server.notification.no-leader.timeout = 300000ms (custom)
2022-09-14 01:14:22,794 [pool-164-thread-1] INFO  server.RaftServerConfigKeys (ConfUtils.java:logGet(46)) - raft.server.log.use.memory = false (default)
2022-09-14 01:14:22,794 [pool-164-thread-1] INFO  server.RaftServerConfigKeys (ConfUtils.java:logGet(46)) - raft.server.log.purge.gap = 1000000 (custom)
2022-09-14 01:14:22,794 [pool-164-thread-1] INFO  server.RaftServerConfigKeys (ConfUtils.java:logGet(46)) - raft.server.log.appender.buffer.byte-limit = 33554432 (custom)
2022-09-14 01:14:22,794 [pool-164-thread-1] INFO  server.RaftServerConfigKeys (ConfUtils.java:logGet(46)) - raft.server.log.statemachine.data.read.timeout = 1000ms (default)
2022-09-14 01:14:22,795 [pool-164-thread-1] INFO  server.RaftServerConfigKeys (ConfUtils.java:logGet(46)) - raft.server.log.segment.size.max = 1048576 (custom)
2022-09-14 01:14:22,795 [pool-164-thread-1] INFO  server.RaftServerConfigKeys (ConfUtils.java:logGet(46)) - raft.server.log.segment.cache.num.max = 2 (custom)
2022-09-14 01:14:22,795 [pool-164-thread-1] INFO  server.RaftServerConfigKeys (ConfUtils.java:logGet(46)) - raft.server.log.segment.cache.size.max = 200MB (=209715200) (default)
2022-09-14 01:14:22,795 [pool-164-thread-1] INFO  segmented.SegmentedRaftLogWorker (SegmentedRaftLogWorker.java:<init>(187)) - new bba87d8c-0158-4ef8-bc32-b35d6e659061@group-BEF99EDA7C2C-SegmentedRaftLogWorker for RaftStorageImpl:Storage Directory /home/runner/work/ozone/ozone/hadoop-ozone/integration-test/target/test-dir/MiniOzoneClusterImpl-ffa34613-6460-47dc-a2f2-a82eeb3f6f6a/datanode-4/data/ratis/5e7c737d-a4f6-4ec9-b7d3-bef99eda7c2c
2022-09-14 01:14:22,795 [pool-164-thread-1] INFO  server.RaftServerConfigKeys (ConfUtils.java:logGet(46)) - raft.server.log.queue.byte-limit = 4294967296 (custom)
2022-09-14 01:14:22,795 [pool-164-thread-1] INFO  server.RaftServerConfigKeys (ConfUtils.java:logGet(46)) - raft.server.log.queue.element-limit = 1024 (custom)
2022-09-14 01:14:22,795 [pool-164-thread-1] INFO  server.RaftServerConfigKeys (ConfUtils.java:logGet(46)) - raft.server.log.segment.size.max = 1048576 (custom)
2022-09-14 01:14:22,795 [pool-164-thread-1] INFO  server.RaftServerConfigKeys (ConfUtils.java:logGet(46)) - raft.server.log.preallocated.size = 16384 (custom)
2022-09-14 01:14:22,795 [pool-164-thread-1] INFO  server.RaftServerConfigKeys (ConfUtils.java:logGet(46)) - raft.server.log.force.sync.num = 128 (default)
2022-09-14 01:14:22,795 [pool-164-thread-1] INFO  server.RaftServerConfigKeys (ConfUtils.java:logGet(46)) - raft.server.log.statemachine.data.sync = true (default)
2022-09-14 01:14:22,795 [pool-164-thread-1] INFO  server.RaftServerConfigKeys (ConfUtils.java:logGet(46)) - raft.server.log.statemachine.data.sync.timeout = 10s (default)
2022-09-14 01:14:22,795 [pool-164-thread-1] INFO  server.RaftServerConfigKeys (ConfUtils.java:logGet(46)) - raft.server.log.statemachine.data.sync.timeout.retry = -1 (default)
2022-09-14 01:14:22,796 [pool-164-thread-1] INFO  server.RaftServerConfigKeys (ConfUtils.java:logGet(46)) - raft.server.log.write.buffer.size = 1048576 (custom)
2022-09-14 01:14:22,797 [pool-164-thread-1] INFO  server.RaftServerConfigKeys (ConfUtils.java:logGet(46)) - raft.server.log.unsafe-flush.enabled = false (default)
2022-09-14 01:14:22,797 [pool-164-thread-1] INFO  server.RaftServerConfigKeys (ConfUtils.java:logGet(46)) - raft.server.log.statemachine.data.caching.enabled = true (custom)
2022-09-14 01:14:22,797 [pool-164-thread-1] INFO  segmented.SegmentedRaftLogWorker (SegmentedRaftLogWorker.java:lambda$new$0(135)) - bba87d8c-0158-4ef8-bc32-b35d6e659061@group-BEF99EDA7C2C-SegmentedRaftLogWorker: flushIndex: setUnconditionally 0 -> -1
2022-09-14 01:14:22,797 [pool-164-thread-1] INFO  segmented.SegmentedRaftLogWorker (SegmentedRaftLogWorker.java:lambda$new$0(135)) - bba87d8c-0158-4ef8-bc32-b35d6e659061@group-BEF99EDA7C2C-SegmentedRaftLogWorker: safeCacheEvictIndex: setUnconditionally 0 -> -1
2022-09-14 01:14:22,798 [pool-164-thread-1] INFO  server.RaftServerConfigKeys (ConfUtils.java:logGet(46)) - raft.server.snapshot.auto.trigger.enabled = true (custom)
2022-09-14 01:14:22,798 [pool-164-thread-1] INFO  server.RaftServerConfigKeys (ConfUtils.java:logGet(46)) - raft.server.snapshot.auto.trigger.threshold = 10000 (custom)
2022-09-14 01:14:22,798 [pool-164-thread-1] INFO  server.RaftServerConfigKeys (ConfUtils.java:logGet(46)) - raft.server.snapshot.retention.file.num = 5 (custom)
2022-09-14 01:14:22,798 [pool-164-thread-1] INFO  server.RaftServerConfigKeys (ConfUtils.java:logGet(46)) - raft.server.log.purge.upto.snapshot.index = false (default)
2022-09-14 01:14:22,798 [pool-164-thread-1] INFO  server.RaftServerConfigKeys (ConfUtils.java:logGet(46)) - raft.server.retrycache.expirytime = 600000ms (custom)
2022-09-14 01:14:22,798 [pool-164-thread-1] INFO  server.RaftServerConfigKeys (ConfUtils.java:logGet(46)) - raft.server.retrycache.statistics.expirytime = 100μs (default)
2022-09-14 01:14:22,799 [pool-164-thread-1] INFO  server.RaftServerConfigKeys (ConfUtils.java:logGet(46)) - raft.server.log.appender.install.snapshot.enabled = false (custom)
2022-09-14 01:14:22,799 [pool-164-thread-1] INFO  server.RaftServerConfigKeys (ConfUtils.java:logGet(46)) - raft.server.threadpool.server.cached = true (default)
2022-09-14 01:14:22,799 [pool-164-thread-1] INFO  server.RaftServerConfigKeys (ConfUtils.java:logGet(46)) - raft.server.threadpool.server.size = 0 (default)
2022-09-14 01:14:22,799 [pool-164-thread-1] INFO  server.RaftServerConfigKeys (ConfUtils.java:logGet(46)) - raft.server.threadpool.client.cached = true (default)
2022-09-14 01:14:22,799 [pool-164-thread-1] INFO  server.RaftServerConfigKeys (ConfUtils.java:logGet(46)) - raft.server.threadpool.client.size = 0 (default)
2022-09-14 01:14:22,799 [pool-164-thread-1] INFO  server.RaftServer$Division (RaftServerImpl.java:start(310)) - bba87d8c-0158-4ef8-bc32-b35d6e659061@group-BEF99EDA7C2C: start as a follower, conf=-1: [d28c3a4e-3918-43d8-bb46-fc5b34cd0519|rpc:10.1.0.6:42395|priority:0, ef2e2c18-30bb-4738-b00f-992b0a4fb77a|rpc:10.1.0.6:46397|priority:1, bba87d8c-0158-4ef8-bc32-b35d6e659061|rpc:10.1.0.6:39923|priority:0], old=null
2022-09-14 01:14:22,799 [pool-164-thread-1] INFO  server.RaftServer$Division (RaftServerImpl.java:setRole(299)) - bba87d8c-0158-4ef8-bc32-b35d6e659061@group-BEF99EDA7C2C: changes role from      null to FOLLOWER at term 0 for startAsFollower
2022-09-14 01:14:22,799 [pool-164-thread-1] INFO  impl.RoleInfo (RoleInfo.java:updateAndGet(139)) - bba87d8c-0158-4ef8-bc32-b35d6e659061: start bba87d8c-0158-4ef8-bc32-b35d6e659061@group-BEF99EDA7C2C-FollowerState
2022-09-14 01:14:22,800 [pool-164-thread-1] INFO  util.JmxRegister (JmxRegister.java:tryRegister(44)) - Successfully registered JMX Bean with object name Ratis:service=RaftServer,group=group-BEF99EDA7C2C,id=bba87d8c-0158-4ef8-bc32-b35d6e659061
2022-09-14 01:14:22,800 [Command processor thread] INFO  ratis.XceiverServerRatis (XceiverServerRatis.java:addGroup(765)) - Created group PipelineID=5e7c737d-a4f6-4ec9-b7d3-bef99eda7c2c
2022-09-14 01:14:22,818 [EventQueue-OpenPipelineForHealthyPipelineSafeModeRule] INFO  safemode.SCMSafeModeManager (HealthyPipelineSafeModeRule.java:process(137)) - SCM in safe mode. Healthy pipelines reported count is 0, required healthy pipeline reported count is 1
2022-09-14 01:14:22,849 [Command processor thread] INFO  commandhandler.CreatePipelineCommandHandler (CreatePipelineCommandHandler.java:handle(113)) - Created Pipeline RATIS THREE PipelineID=5e7c737d-a4f6-4ec9-b7d3-bef99eda7c2c.
2022-09-14 01:14:22,886 [Command processor thread] INFO  commandhandler.CreatePipelineCommandHandler (CreatePipelineCommandHandler.java:handle(113)) - Created Pipeline RATIS THREE PipelineID=5e7c737d-a4f6-4ec9-b7d3-bef99eda7c2c.
2022-09-14 01:14:23,078 [Command processor thread] INFO  server.RaftServer (RaftServerProxy.java:addNew(96)) - ef2e2c18-30bb-4738-b00f-992b0a4fb77a: addNew group-B0C46D90A8AC:[ef2e2c18-30bb-4738-b00f-992b0a4fb77a|rpc:10.1.0.6:46397|priority:1] returns group-B0C46D90A8AC:java.util.concurrent.CompletableFuture@34cb748d[Not completed]
2022-09-14 01:14:23,080 [pool-187-thread-1] INFO  server.RaftServer$Division (RaftServerImpl.java:<init>(190)) - ef2e2c18-30bb-4738-b00f-992b0a4fb77a: new RaftServerImpl for group-B0C46D90A8AC:[ef2e2c18-30bb-4738-b00f-992b0a4fb77a|rpc:10.1.0.6:46397|priority:1] with ContainerStateMachine:uninitialized
2022-09-14 01:14:23,080 [pool-187-thread-1] INFO  server.RaftServerConfigKeys (ConfUtils.java:logGet(46)) - raft.server.rpc.timeout.min = 5s (custom)
2022-09-14 01:14:23,080 [pool-187-thread-1] INFO  server.RaftServerConfigKeys (ConfUtils.java:logGet(46)) - raft.server.rpc.timeout.max = 5200ms (custom)
2022-09-14 01:14:23,080 [pool-187-thread-1] INFO  server.RaftServerConfigKeys (ConfUtils.java:logGet(46)) - raft.server.rpc.sleep.time = 25ms (default)
2022-09-14 01:14:23,080 [pool-187-thread-1] INFO  server.RaftServerConfigKeys (ConfUtils.java:logGet(46)) - raft.server.rpc.slowness.timeout = 10000ms (custom)
2022-09-14 01:14:23,080 [pool-187-thread-1] INFO  server.RaftServerConfigKeys (ConfUtils.java:logGet(46)) - raft.server.leaderelection.leader.step-down.wait-time = 10s (default)
2022-09-14 01:14:23,081 [pool-187-thread-1] INFO  server.RaftServerConfigKeys (ConfUtils.java:logGet(46)) - raft.server.sleep.deviation.threshold = 300ms (default)
2022-09-14 01:14:23,081 [pool-187-thread-1] INFO  server.RaftServer$Division (ServerState.java:<init>(107)) - ef2e2c18-30bb-4738-b00f-992b0a4fb77a@group-B0C46D90A8AC: ConfigurationManager, init=-1: [ef2e2c18-30bb-4738-b00f-992b0a4fb77a|rpc:10.1.0.6:46397|priority:1], old=null, confs=<EMPTY_MAP>
2022-09-14 01:14:23,081 [pool-187-thread-1] INFO  server.RaftServerConfigKeys (ConfUtils.java:logGet(46)) - raft.server.storage.dir = [/home/runner/work/ozone/ozone/hadoop-ozone/integration-test/target/test-dir/MiniOzoneClusterImpl-ffa34613-6460-47dc-a2f2-a82eeb3f6f6a/datanode-5/data/ratis] (custom)
2022-09-14 01:14:23,081 [pool-187-thread-1] INFO  server.RaftServerConfigKeys (ConfUtils.java:logGet(46)) - raft.server.log.corruption.policy = EXCEPTION (default)
2022-09-14 01:14:23,081 [pool-187-thread-1] INFO  server.RaftServerConfigKeys (ConfUtils.java:logGet(46)) - raft.server.storage.free-space.min = 0MB (=0) (default)
2022-09-14 01:14:23,081 [pool-187-thread-1] INFO  storage.RaftStorageDirectory (RaftStorageDirectoryImpl.java:analyzeStorage(135)) - The storage directory /home/runner/work/ozone/ozone/hadoop-ozone/integration-test/target/test-dir/MiniOzoneClusterImpl-ffa34613-6460-47dc-a2f2-a82eeb3f6f6a/datanode-5/data/ratis/6ec226d2-5660-4ade-b9eb-b0c46d90a8ac does not exist. Creating ...
2022-09-14 01:14:23,085 [pool-187-thread-1] INFO  storage.RaftStorageDirectory (RaftStorageDirectoryImpl.java:tryLock(230)) - Lock on /home/runner/work/ozone/ozone/hadoop-ozone/integration-test/target/test-dir/MiniOzoneClusterImpl-ffa34613-6460-47dc-a2f2-a82eeb3f6f6a/datanode-5/data/ratis/6ec226d2-5660-4ade-b9eb-b0c46d90a8ac/in_use.lock acquired by nodename 21498@fv-az571-788
2022-09-14 01:14:23,087 [pool-187-thread-1] INFO  storage.RaftStorage (RaftStorageImpl.java:format(89)) - Storage directory /home/runner/work/ozone/ozone/hadoop-ozone/integration-test/target/test-dir/MiniOzoneClusterImpl-ffa34613-6460-47dc-a2f2-a82eeb3f6f6a/datanode-5/data/ratis/6ec226d2-5660-4ade-b9eb-b0c46d90a8ac has been successfully formatted.
2022-09-14 01:14:23,087 [pool-187-thread-1] INFO  ratis.ContainerStateMachine (ContainerStateMachine.java:loadSnapshot(236)) - group-B0C46D90A8AC: The snapshot info is null. Setting the last applied indexto:(t:0, i:~)
2022-09-14 01:14:23,087 [pool-187-thread-1] INFO  server.RaftServerConfigKeys (ConfUtils.java:logGet(46)) - raft.server.notification.no-leader.timeout = 300000ms (custom)
2022-09-14 01:14:23,087 [pool-187-thread-1] INFO  server.RaftServerConfigKeys (ConfUtils.java:logGet(46)) - raft.server.log.use.memory = false (default)
2022-09-14 01:14:23,087 [pool-187-thread-1] INFO  server.RaftServerConfigKeys (ConfUtils.java:logGet(46)) - raft.server.log.purge.gap = 1000000 (custom)
2022-09-14 01:14:23,087 [pool-187-thread-1] INFO  server.RaftServerConfigKeys (ConfUtils.java:logGet(46)) - raft.server.log.appender.buffer.byte-limit = 33554432 (custom)
2022-09-14 01:14:23,087 [pool-187-thread-1] INFO  server.RaftServerConfigKeys (ConfUtils.java:logGet(46)) - raft.server.log.statemachine.data.read.timeout = 1000ms (default)
2022-09-14 01:14:23,088 [pool-187-thread-1] INFO  server.RaftServerConfigKeys (ConfUtils.java:logGet(46)) - raft.server.log.segment.size.max = 1048576 (custom)
2022-09-14 01:14:23,090 [pool-187-thread-1] INFO  server.RaftServerConfigKeys (ConfUtils.java:logGet(46)) - raft.server.log.segment.cache.num.max = 2 (custom)
2022-09-14 01:14:23,090 [pool-187-thread-1] INFO  server.RaftServerConfigKeys (ConfUtils.java:logGet(46)) - raft.server.log.segment.cache.size.max = 200MB (=209715200) (default)
2022-09-14 01:14:23,090 [EventQueue-PipelineReportForPipelineReportHandler] INFO  pipeline.PipelineManagerImpl (PipelineManagerImpl.java:openPipeline(367)) - Pipeline Pipeline[ Id: 6ec226d2-5660-4ade-b9eb-b0c46d90a8ac, Nodes: ef2e2c18-30bb-4738-b00f-992b0a4fb77a{ip: 10.1.0.6, host: fv-az571-788.04lcwfe4cpsehn0ni2t1coknih.dx.internal.cloudapp.net, ports: [REPLICATION=45025, RATIS=46397, RATIS_ADMIN=46397, RATIS_SERVER=46397, STANDALONE=39489], networkLocation: /default-rack, certSerialId: null, persistedOpState: IN_SERVICE, persistedOpStateExpiryEpochSec: 0}, ReplicationConfig: RATIS/ONE, State:ALLOCATED, leaderId:ef2e2c18-30bb-4738-b00f-992b0a4fb77a, CreationTimestamp2022-09-14T01:14:20.083Z[Etc/UTC]] moved to OPEN state
2022-09-14 01:14:23,091 [EventQueue-OpenPipelineForHealthyPipelineSafeModeRule] INFO  safemode.SCMSafeModeManager (HealthyPipelineSafeModeRule.java:process(137)) - SCM in safe mode. Healthy pipelines reported count is 0, required healthy pipeline reported count is 1
2022-09-14 01:14:23,091 [pool-187-thread-1] INFO  segmented.SegmentedRaftLogWorker (SegmentedRaftLogWorker.java:<init>(187)) - new ef2e2c18-30bb-4738-b00f-992b0a4fb77a@group-B0C46D90A8AC-SegmentedRaftLogWorker for RaftStorageImpl:Storage Directory /home/runner/work/ozone/ozone/hadoop-ozone/integration-test/target/test-dir/MiniOzoneClusterImpl-ffa34613-6460-47dc-a2f2-a82eeb3f6f6a/datanode-5/data/ratis/6ec226d2-5660-4ade-b9eb-b0c46d90a8ac
2022-09-14 01:14:23,091 [pool-187-thread-1] INFO  server.RaftServerConfigKeys (ConfUtils.java:logGet(46)) - raft.server.log.queue.byte-limit = 4294967296 (custom)
2022-09-14 01:14:23,091 [pool-187-thread-1] INFO  server.RaftServerConfigKeys (ConfUtils.java:logGet(46)) - raft.server.log.queue.element-limit = 1024 (custom)
2022-09-14 01:14:23,091 [pool-187-thread-1] INFO  server.RaftServerConfigKeys (ConfUtils.java:logGet(46)) - raft.server.log.segment.size.max = 1048576 (custom)
2022-09-14 01:14:23,092 [pool-187-thread-1] INFO  server.RaftServerConfigKeys (ConfUtils.java:logGet(46)) - raft.server.log.preallocated.size = 16384 (custom)
2022-09-14 01:14:23,092 [pool-187-thread-1] INFO  server.RaftServerConfigKeys (ConfUtils.java:logGet(46)) - raft.server.log.force.sync.num = 128 (default)
2022-09-14 01:14:23,092 [pool-187-thread-1] INFO  server.RaftServerConfigKeys (ConfUtils.java:logGet(46)) - raft.server.log.statemachine.data.sync = true (default)
2022-09-14 01:14:23,092 [pool-187-thread-1] INFO  server.RaftServerConfigKeys (ConfUtils.java:logGet(46)) - raft.server.log.statemachine.data.sync.timeout = 10s (default)
2022-09-14 01:14:23,092 [pool-187-thread-1] INFO  server.RaftServerConfigKeys (ConfUtils.java:logGet(46)) - raft.server.log.statemachine.data.sync.timeout.retry = -1 (default)
2022-09-14 01:14:23,098 [pool-187-thread-1] INFO  server.RaftServerConfigKeys (ConfUtils.java:logGet(46)) - raft.server.log.write.buffer.size = 1048576 (custom)
2022-09-14 01:14:23,099 [pool-187-thread-1] INFO  server.RaftServerConfigKeys (ConfUtils.java:logGet(46)) - raft.server.log.unsafe-flush.enabled = false (default)
2022-09-14 01:14:23,099 [pool-187-thread-1] INFO  server.RaftServerConfigKeys (ConfUtils.java:logGet(46)) - raft.server.log.statemachine.data.caching.enabled = true (custom)
2022-09-14 01:14:23,100 [pool-187-thread-1] INFO  segmented.SegmentedRaftLogWorker (SegmentedRaftLogWorker.java:lambda$new$0(135)) - ef2e2c18-30bb-4738-b00f-992b0a4fb77a@group-B0C46D90A8AC-SegmentedRaftLogWorker: flushIndex: setUnconditionally 0 -> -1
2022-09-14 01:14:23,100 [pool-187-thread-1] INFO  segmented.SegmentedRaftLogWorker (SegmentedRaftLogWorker.java:lambda$new$0(135)) - ef2e2c18-30bb-4738-b00f-992b0a4fb77a@group-B0C46D90A8AC-SegmentedRaftLogWorker: safeCacheEvictIndex: setUnconditionally 0 -> -1
2022-09-14 01:14:23,100 [pool-187-thread-1] INFO  server.RaftServerConfigKeys (ConfUtils.java:logGet(46)) - raft.server.snapshot.auto.trigger.enabled = true (custom)
2022-09-14 01:14:23,100 [pool-187-thread-1] INFO  server.RaftServerConfigKeys (ConfUtils.java:logGet(46)) - raft.server.snapshot.auto.trigger.threshold = 10000 (custom)
2022-09-14 01:14:23,100 [pool-187-thread-1] INFO  server.RaftServerConfigKeys (ConfUtils.java:logGet(46)) - raft.server.snapshot.retention.file.num = 5 (custom)
2022-09-14 01:14:23,100 [pool-187-thread-1] INFO  server.RaftServerConfigKeys (ConfUtils.java:logGet(46)) - raft.server.log.purge.upto.snapshot.index = false (default)
2022-09-14 01:14:23,100 [pool-187-thread-1] INFO  server.RaftServerConfigKeys (ConfUtils.java:logGet(46)) - raft.server.retrycache.expirytime = 600000ms (custom)
2022-09-14 01:14:23,100 [pool-187-thread-1] INFO  server.RaftServerConfigKeys (ConfUtils.java:logGet(46)) - raft.server.retrycache.statistics.expirytime = 100μs (default)
2022-09-14 01:14:23,102 [pool-187-thread-1] INFO  server.RaftServerConfigKeys (ConfUtils.java:logGet(46)) - raft.server.log.appender.install.snapshot.enabled = false (custom)
2022-09-14 01:14:23,102 [pool-187-thread-1] INFO  server.RaftServerConfigKeys (ConfUtils.java:logGet(46)) - raft.server.threadpool.server.cached = true (default)
2022-09-14 01:14:23,102 [pool-187-thread-1] INFO  server.RaftServerConfigKeys (ConfUtils.java:logGet(46)) - raft.server.threadpool.server.size = 0 (default)
2022-09-14 01:14:23,102 [pool-187-thread-1] INFO  server.RaftServerConfigKeys (ConfUtils.java:logGet(46)) - raft.server.threadpool.client.cached = true (default)
2022-09-14 01:14:23,102 [pool-187-thread-1] INFO  server.RaftServerConfigKeys (ConfUtils.java:logGet(46)) - raft.server.threadpool.client.size = 0 (default)
2022-09-14 01:14:23,102 [pool-187-thread-1] INFO  server.RaftServer$Division (RaftServerImpl.java:start(310)) - ef2e2c18-30bb-4738-b00f-992b0a4fb77a@group-B0C46D90A8AC: start as a follower, conf=-1: [ef2e2c18-30bb-4738-b00f-992b0a4fb77a|rpc:10.1.0.6:46397|priority:1], old=null
2022-09-14 01:14:23,102 [pool-187-thread-1] INFO  server.RaftServer$Division (RaftServerImpl.java:setRole(299)) - ef2e2c18-30bb-4738-b00f-992b0a4fb77a@group-B0C46D90A8AC: changes role from      null to FOLLOWER at term 0 for startAsFollower
2022-09-14 01:14:23,102 [pool-187-thread-1] INFO  impl.RoleInfo (RoleInfo.java:updateAndGet(139)) - ef2e2c18-30bb-4738-b00f-992b0a4fb77a: start ef2e2c18-30bb-4738-b00f-992b0a4fb77a@group-B0C46D90A8AC-FollowerState
2022-09-14 01:14:23,103 [pool-187-thread-1] INFO  util.JmxRegister (JmxRegister.java:tryRegister(44)) - Successfully registered JMX Bean with object name Ratis:service=RaftServer,group=group-B0C46D90A8AC,id=ef2e2c18-30bb-4738-b00f-992b0a4fb77a
2022-09-14 01:14:23,103 [Command processor thread] INFO  ratis.XceiverServerRatis (XceiverServerRatis.java:addGroup(765)) - Created group PipelineID=6ec226d2-5660-4ade-b9eb-b0c46d90a8ac
2022-09-14 01:14:23,104 [Command processor thread] INFO  commandhandler.CreatePipelineCommandHandler (CreatePipelineCommandHandler.java:handle(113)) - Created Pipeline RATIS ONE PipelineID=6ec226d2-5660-4ade-b9eb-b0c46d90a8ac.
2022-09-14 01:14:23,118 [Listener at 127.0.0.1/43991] INFO  ozone.MiniOzoneClusterImpl (MiniOzoneClusterImpl.java:lambda$waitForClusterToBeReady$0(216)) - Nodes are ready. Got 6 of 6 DN Heartbeats.
2022-09-14 01:14:23,118 [Listener at 127.0.0.1/43991] INFO  ozone.MiniOzoneClusterImpl (MiniOzoneClusterImpl.java:lambda$waitForClusterToBeReady$0(219)) - Waiting for cluster to exit safe mode
2022-09-14 01:14:23,118 [Listener at 127.0.0.1/43991] INFO  ozone.MiniOzoneClusterImpl (MiniOzoneClusterImpl.java:lambda$waitForClusterToBeReady$0(221)) - SCM became leader
2022-09-14 01:14:23,128 [EventQueue-OpenPipelineForHealthyPipelineSafeModeRule] INFO  safemode.SCMSafeModeManager (HealthyPipelineSafeModeRule.java:process(137)) - SCM in safe mode. Healthy pipelines reported count is 0, required healthy pipeline reported count is 1
2022-09-14 01:14:23,497 [EventQueue-OpenPipelineForHealthyPipelineSafeModeRule] INFO  safemode.SCMSafeModeManager (HealthyPipelineSafeModeRule.java:process(137)) - SCM in safe mode. Healthy pipelines reported count is 0, required healthy pipeline reported count is 1
2022-09-14 01:14:24,114 [EventQueue-OpenPipelineForHealthyPipelineSafeModeRule] INFO  safemode.SCMSafeModeManager (HealthyPipelineSafeModeRule.java:process(137)) - SCM in safe mode. Healthy pipelines reported count is 0, required healthy pipeline reported count is 1
2022-09-14 01:14:24,119 [Listener at 127.0.0.1/43991] INFO  ozone.MiniOzoneClusterImpl (MiniOzoneClusterImpl.java:lambda$waitForClusterToBeReady$0(216)) - Nodes are ready. Got 6 of 6 DN Heartbeats.
2022-09-14 01:14:24,119 [Listener at 127.0.0.1/43991] INFO  ozone.MiniOzoneClusterImpl (MiniOzoneClusterImpl.java:lambda$waitForClusterToBeReady$0(219)) - Waiting for cluster to exit safe mode
2022-09-14 01:14:24,119 [Listener at 127.0.0.1/43991] INFO  ozone.MiniOzoneClusterImpl (MiniOzoneClusterImpl.java:lambda$waitForClusterToBeReady$0(221)) - SCM became leader
2022-09-14 01:14:24,781 [EventQueue-OpenPipelineForHealthyPipelineSafeModeRule] INFO  safemode.SCMSafeModeManager (HealthyPipelineSafeModeRule.java:process(137)) - SCM in safe mode. Healthy pipelines reported count is 0, required healthy pipeline reported count is 1
2022-09-14 01:14:24,796 [EventQueue-OpenPipelineForHealthyPipelineSafeModeRule] INFO  safemode.SCMSafeModeManager (HealthyPipelineSafeModeRule.java:process(137)) - SCM in safe mode. Healthy pipelines reported count is 0, required healthy pipeline reported count is 1
2022-09-14 01:14:25,119 [Listener at 127.0.0.1/43991] INFO  ozone.MiniOzoneClusterImpl (MiniOzoneClusterImpl.java:lambda$waitForClusterToBeReady$0(216)) - Nodes are ready. Got 6 of 6 DN Heartbeats.
2022-09-14 01:14:25,120 [Listener at 127.0.0.1/43991] INFO  ozone.MiniOzoneClusterImpl (MiniOzoneClusterImpl.java:lambda$waitForClusterToBeReady$0(219)) - Waiting for cluster to exit safe mode
2022-09-14 01:14:25,120 [Listener at 127.0.0.1/43991] INFO  ozone.MiniOzoneClusterImpl (MiniOzoneClusterImpl.java:lambda$waitForClusterToBeReady$0(221)) - SCM became leader
2022-09-14 01:14:25,124 [EventQueue-OpenPipelineForHealthyPipelineSafeModeRule] INFO  safemode.SCMSafeModeManager (HealthyPipelineSafeModeRule.java:process(137)) - SCM in safe mode. Healthy pipelines reported count is 0, required healthy pipeline reported count is 1
2022-09-14 01:14:25,497 [EventQueue-OpenPipelineForHealthyPipelineSafeModeRule] INFO  safemode.SCMSafeModeManager (HealthyPipelineSafeModeRule.java:process(137)) - SCM in safe mode. Healthy pipelines reported count is 0, required healthy pipeline reported count is 1
2022-09-14 01:14:26,089 [EventQueue-OpenPipelineForHealthyPipelineSafeModeRule] INFO  safemode.SCMSafeModeManager (HealthyPipelineSafeModeRule.java:process(137)) - SCM in safe mode. Healthy pipelines reported count is 0, required healthy pipeline reported count is 1
2022-09-14 01:14:26,120 [Listener at 127.0.0.1/43991] INFO  ozone.MiniOzoneClusterImpl (MiniOzoneClusterImpl.java:lambda$waitForClusterToBeReady$0(216)) - Nodes are ready. Got 6 of 6 DN Heartbeats.
2022-09-14 01:14:26,120 [Listener at 127.0.0.1/43991] INFO  ozone.MiniOzoneClusterImpl (MiniOzoneClusterImpl.java:lambda$waitForClusterToBeReady$0(219)) - Waiting for cluster to exit safe mode
2022-09-14 01:14:26,121 [Listener at 127.0.0.1/43991] INFO  ozone.MiniOzoneClusterImpl (MiniOzoneClusterImpl.java:lambda$waitForClusterToBeReady$0(221)) - SCM became leader
2022-09-14 01:14:26,155 [d38685a6-2183-48c3-b209-d48d12164108@group-8AF4B479ECA4-FollowerState] INFO  impl.FollowerState (FollowerState.java:run(143)) - d38685a6-2183-48c3-b209-d48d12164108@group-8AF4B479ECA4-FollowerState: change to CANDIDATE, lastRpcElapsedTime:5030148011ns, electionTimeout:5025ms
2022-09-14 01:14:26,155 [d38685a6-2183-48c3-b209-d48d12164108@group-8AF4B479ECA4-FollowerState] INFO  impl.RoleInfo (RoleInfo.java:shutdownFollowerState(110)) - d38685a6-2183-48c3-b209-d48d12164108: shutdown d38685a6-2183-48c3-b209-d48d12164108@group-8AF4B479ECA4-FollowerState
2022-09-14 01:14:26,155 [d38685a6-2183-48c3-b209-d48d12164108@group-8AF4B479ECA4-FollowerState] INFO  server.RaftServer$Division (RaftServerImpl.java:setRole(299)) - d38685a6-2183-48c3-b209-d48d12164108@group-8AF4B479ECA4: changes role from  FOLLOWER to CANDIDATE at term 0 for changeToCandidate
2022-09-14 01:14:26,156 [d38685a6-2183-48c3-b209-d48d12164108@group-8AF4B479ECA4-FollowerState] INFO  server.RaftServerConfigKeys (ConfUtils.java:logGet(46)) - raft.server.leaderelection.pre-vote = false (custom)
2022-09-14 01:14:26,156 [d38685a6-2183-48c3-b209-d48d12164108@group-8AF4B479ECA4-FollowerState] INFO  impl.RoleInfo (RoleInfo.java:updateAndGet(139)) - d38685a6-2183-48c3-b209-d48d12164108: start d38685a6-2183-48c3-b209-d48d12164108@group-8AF4B479ECA4-LeaderElection2
2022-09-14 01:14:26,169 [d38685a6-2183-48c3-b209-d48d12164108@group-8AF4B479ECA4-LeaderElection2] INFO  impl.LeaderElection (LeaderElection.java:askForVotes(310)) - d38685a6-2183-48c3-b209-d48d12164108@group-8AF4B479ECA4-LeaderElection2 ELECTION round 0: submit vote requests at term 1 for -1: [d38685a6-2183-48c3-b209-d48d12164108|rpc:10.1.0.6:39093|priority:0, e152a9cb-50bd-4473-abda-9918c470cf1e|rpc:10.1.0.6:43759|priority:0, 949a54d7-9098-427f-a66d-64783e047bdb|rpc:10.1.0.6:46425|priority:1], old=null
2022-09-14 01:14:26,195 [grpc-default-executor-0] INFO  server.RaftServer$Division (RaftServerImpl.java:requestVote(1152)) - 949a54d7-9098-427f-a66d-64783e047bdb@group-8AF4B479ECA4: receive requestVote(ELECTION, d38685a6-2183-48c3-b209-d48d12164108, group-8AF4B479ECA4, 1, (t:0, i:0))
2022-09-14 01:14:26,197 [grpc-default-executor-0] INFO  impl.VoteContext (VoteContext.java:log(48)) - 949a54d7-9098-427f-a66d-64783e047bdb@group-8AF4B479ECA4-FOLLOWER: reject ELECTION from d38685a6-2183-48c3-b209-d48d12164108: our priority 1 > candidate's priority 0
2022-09-14 01:14:26,197 [grpc-default-executor-0] INFO  server.RaftServer$Division (RaftServerImpl.java:setRole(299)) - 949a54d7-9098-427f-a66d-64783e047bdb@group-8AF4B479ECA4: changes role from  FOLLOWER to FOLLOWER at term 1 for candidate:d38685a6-2183-48c3-b209-d48d12164108
2022-09-14 01:14:26,197 [grpc-default-executor-0] INFO  impl.RoleInfo (RoleInfo.java:shutdownFollowerState(110)) - 949a54d7-9098-427f-a66d-64783e047bdb: shutdown 949a54d7-9098-427f-a66d-64783e047bdb@group-8AF4B479ECA4-FollowerState
2022-09-14 01:14:26,197 [grpc-default-executor-0] INFO  impl.RoleInfo (RoleInfo.java:updateAndGet(139)) - 949a54d7-9098-427f-a66d-64783e047bdb: start 949a54d7-9098-427f-a66d-64783e047bdb@group-8AF4B479ECA4-FollowerState
2022-09-14 01:14:26,197 [949a54d7-9098-427f-a66d-64783e047bdb@group-8AF4B479ECA4-FollowerState] INFO  impl.FollowerState (FollowerState.java:run(152)) - 949a54d7-9098-427f-a66d-64783e047bdb@group-8AF4B479ECA4-FollowerState was interrupted
2022-09-14 01:14:26,197 [d38685a6-2183-48c3-b209-d48d12164108@group-690075E123F6-FollowerState] INFO  impl.FollowerState (FollowerState.java:run(143)) - d38685a6-2183-48c3-b209-d48d12164108@group-690075E123F6-FollowerState: change to CANDIDATE, lastRpcElapsedTime:5107423447ns, electionTimeout:5098ms
2022-09-14 01:14:26,201 [d38685a6-2183-48c3-b209-d48d12164108@group-690075E123F6-FollowerState] INFO  impl.RoleInfo (RoleInfo.java:shutdownFollowerState(110)) - d38685a6-2183-48c3-b209-d48d12164108: shutdown d38685a6-2183-48c3-b209-d48d12164108@group-690075E123F6-FollowerState
2022-09-14 01:14:26,201 [d38685a6-2183-48c3-b209-d48d12164108@group-690075E123F6-FollowerState] INFO  server.RaftServer$Division (RaftServerImpl.java:setRole(299)) - d38685a6-2183-48c3-b209-d48d12164108@group-690075E123F6: changes role from  FOLLOWER to CANDIDATE at term 0 for changeToCandidate
2022-09-14 01:14:26,202 [d38685a6-2183-48c3-b209-d48d12164108@group-690075E123F6-FollowerState] INFO  server.RaftServerConfigKeys (ConfUtils.java:logGet(46)) - raft.server.leaderelection.pre-vote = false (custom)
2022-09-14 01:14:26,202 [d38685a6-2183-48c3-b209-d48d12164108@group-690075E123F6-FollowerState] INFO  impl.RoleInfo (RoleInfo.java:updateAndGet(139)) - d38685a6-2183-48c3-b209-d48d12164108: start d38685a6-2183-48c3-b209-d48d12164108@group-690075E123F6-LeaderElection3
2022-09-14 01:14:26,210 [grpc-default-executor-0] INFO  server.RaftServer$Division (RaftServerImpl.java:requestVote(1184)) - 949a54d7-9098-427f-a66d-64783e047bdb@group-8AF4B479ECA4 replies to ELECTION vote request: d38685a6-2183-48c3-b209-d48d12164108<-949a54d7-9098-427f-a66d-64783e047bdb#0:FAIL-t1. Peer's state: 949a54d7-9098-427f-a66d-64783e047bdb@group-8AF4B479ECA4:t1, leader=null, voted=null, raftlog=949a54d7-9098-427f-a66d-64783e047bdb@group-8AF4B479ECA4-SegmentedRaftLog:OPENED:c-1, conf=-1: [d38685a6-2183-48c3-b209-d48d12164108|rpc:10.1.0.6:39093|priority:0, e152a9cb-50bd-4473-abda-9918c470cf1e|rpc:10.1.0.6:43759|priority:0, 949a54d7-9098-427f-a66d-64783e047bdb|rpc:10.1.0.6:46425|priority:1], old=null
2022-09-14 01:14:26,220 [d38685a6-2183-48c3-b209-d48d12164108@group-8AF4B479ECA4-LeaderElection2] INFO  impl.LeaderElection (LeaderElection.java:logAndReturn(90)) - d38685a6-2183-48c3-b209-d48d12164108@group-8AF4B479ECA4-LeaderElection2: ELECTION REJECTED received 1 response(s) and 0 exception(s):
2022-09-14 01:14:26,220 [d38685a6-2183-48c3-b209-d48d12164108@group-8AF4B479ECA4-LeaderElection2] INFO  impl.LeaderElection (LeaderElection.java:logAndReturn(94)) -   Response 0: d38685a6-2183-48c3-b209-d48d12164108<-949a54d7-9098-427f-a66d-64783e047bdb#0:FAIL-t1
2022-09-14 01:14:26,220 [d38685a6-2183-48c3-b209-d48d12164108@group-8AF4B479ECA4-LeaderElection2] INFO  impl.LeaderElection (LeaderElection.java:askForVotes(312)) - d38685a6-2183-48c3-b209-d48d12164108@group-8AF4B479ECA4-LeaderElection2 ELECTION round 0: result REJECTED
2022-09-14 01:14:26,220 [d38685a6-2183-48c3-b209-d48d12164108@group-8AF4B479ECA4-LeaderElection2] INFO  server.RaftServer$Division (RaftServerImpl.java:setRole(299)) - d38685a6-2183-48c3-b209-d48d12164108@group-8AF4B479ECA4: changes role from CANDIDATE to FOLLOWER at term 1 for REJECTED
2022-09-14 01:14:26,220 [d38685a6-2183-48c3-b209-d48d12164108@group-8AF4B479ECA4-LeaderElection2] INFO  impl.RoleInfo (RoleInfo.java:shutdownLeaderElection(130)) - d38685a6-2183-48c3-b209-d48d12164108: shutdown d38685a6-2183-48c3-b209-d48d12164108@group-8AF4B479ECA4-LeaderElection2
2022-09-14 01:14:26,220 [d38685a6-2183-48c3-b209-d48d12164108@group-8AF4B479ECA4-LeaderElection2] INFO  impl.RoleInfo (RoleInfo.java:updateAndGet(139)) - d38685a6-2183-48c3-b209-d48d12164108: start d38685a6-2183-48c3-b209-d48d12164108@group-8AF4B479ECA4-FollowerState
2022-09-14 01:14:26,224 [grpc-default-executor-2] INFO  server.RaftServer$Division (RaftServerImpl.java:requestVote(1152)) - e152a9cb-50bd-4473-abda-9918c470cf1e@group-8AF4B479ECA4: receive requestVote(ELECTION, d38685a6-2183-48c3-b209-d48d12164108, group-8AF4B479ECA4, 1, (t:0, i:0))
2022-09-14 01:14:26,225 [grpc-default-executor-2] INFO  impl.VoteContext (VoteContext.java:log(48)) - e152a9cb-50bd-4473-abda-9918c470cf1e@group-8AF4B479ECA4-FOLLOWER: accept ELECTION from d38685a6-2183-48c3-b209-d48d12164108: our priority 0 <= candidate's priority 0
2022-09-14 01:14:26,226 [d38685a6-2183-48c3-b209-d48d12164108@group-690075E123F6-LeaderElection3] INFO  impl.LeaderElection (LeaderElection.java:askForVotes(310)) - d38685a6-2183-48c3-b209-d48d12164108@group-690075E123F6-LeaderElection3 ELECTION round 0: submit vote requests at term 1 for -1: [d38685a6-2183-48c3-b209-d48d12164108|rpc:10.1.0.6:39093|priority:1], old=null
2022-09-14 01:14:26,226 [grpc-default-executor-2] INFO  server.RaftServer$Division (RaftServerImpl.java:setRole(299)) - e152a9cb-50bd-4473-abda-9918c470cf1e@group-8AF4B479ECA4: changes role from  FOLLOWER to FOLLOWER at term 1 for candidate:d38685a6-2183-48c3-b209-d48d12164108
2022-09-14 01:14:26,226 [grpc-default-executor-2] INFO  impl.RoleInfo (RoleInfo.java:shutdownFollowerState(110)) - e152a9cb-50bd-4473-abda-9918c470cf1e: shutdown e152a9cb-50bd-4473-abda-9918c470cf1e@group-8AF4B479ECA4-FollowerState
2022-09-14 01:14:26,226 [d38685a6-2183-48c3-b209-d48d12164108@group-690075E123F6-LeaderElection3] INFO  impl.LeaderElection (LeaderElection.java:askForVotes(312)) - d38685a6-2183-48c3-b209-d48d12164108@group-690075E123F6-LeaderElection3 ELECTION round 0: result PASSED (term=1)
2022-09-14 01:14:26,226 [e152a9cb-50bd-4473-abda-9918c470cf1e@group-8AF4B479ECA4-FollowerState] INFO  impl.FollowerState (FollowerState.java:run(152)) - e152a9cb-50bd-4473-abda-9918c470cf1e@group-8AF4B479ECA4-FollowerState was interrupted
2022-09-14 01:14:26,226 [grpc-default-executor-2] INFO  impl.RoleInfo (RoleInfo.java:updateAndGet(139)) - e152a9cb-50bd-4473-abda-9918c470cf1e: start e152a9cb-50bd-4473-abda-9918c470cf1e@group-8AF4B479ECA4-FollowerState
2022-09-14 01:14:26,227 [d38685a6-2183-48c3-b209-d48d12164108@group-690075E123F6-LeaderElection3] INFO  impl.RoleInfo (RoleInfo.java:shutdownLeaderElection(130)) - d38685a6-2183-48c3-b209-d48d12164108: shutdown d38685a6-2183-48c3-b209-d48d12164108@group-690075E123F6-LeaderElection3
2022-09-14 01:14:26,228 [d38685a6-2183-48c3-b209-d48d12164108@group-690075E123F6-LeaderElection3] INFO  server.RaftServer$Division (RaftServerImpl.java:setRole(299)) - d38685a6-2183-48c3-b209-d48d12164108@group-690075E123F6: changes role from CANDIDATE to LEADER at term 1 for changeToLeader
2022-09-14 01:14:26,228 [d38685a6-2183-48c3-b209-d48d12164108@group-690075E123F6-LeaderElection3] INFO  ratis.XceiverServerRatis (XceiverServerRatis.java:handleLeaderChangedNotification(863)) - Leader change notification received for group: group-690075E123F6 with new leaderId: d38685a6-2183-48c3-b209-d48d12164108
2022-09-14 01:14:26,228 [d38685a6-2183-48c3-b209-d48d12164108@group-690075E123F6-LeaderElection3] INFO  server.RaftServer$Division (ServerState.java:setLeader(287)) - d38685a6-2183-48c3-b209-d48d12164108@group-690075E123F6: change Leader from null to d38685a6-2183-48c3-b209-d48d12164108 at term 1 for becomeLeader, leader elected after 5153ms
2022-09-14 01:14:26,228 [d38685a6-2183-48c3-b209-d48d12164108@group-690075E123F6-LeaderElection3] INFO  server.RaftServerConfigKeys (ConfUtils.java:logGet(46)) - raft.server.staging.catchup.gap = 1000 (default)
2022-09-14 01:14:26,230 [EventQueue-OpenPipelineForHealthyPipelineSafeModeRule] INFO  safemode.SCMSafeModeManager (HealthyPipelineSafeModeRule.java:process(137)) - SCM in safe mode. Healthy pipelines reported count is 0, required healthy pipeline reported count is 1
2022-09-14 01:14:26,231 [grpc-default-executor-2] INFO  server.RaftServer$Division (RaftServerImpl.java:requestVote(1184)) - e152a9cb-50bd-4473-abda-9918c470cf1e@group-8AF4B479ECA4 replies to ELECTION vote request: d38685a6-2183-48c3-b209-d48d12164108<-e152a9cb-50bd-4473-abda-9918c470cf1e#0:OK-t1. Peer's state: e152a9cb-50bd-4473-abda-9918c470cf1e@group-8AF4B479ECA4:t1, leader=null, voted=d38685a6-2183-48c3-b209-d48d12164108, raftlog=e152a9cb-50bd-4473-abda-9918c470cf1e@group-8AF4B479ECA4-SegmentedRaftLog:OPENED:c-1, conf=-1: [d38685a6-2183-48c3-b209-d48d12164108|rpc:10.1.0.6:39093|priority:0, e152a9cb-50bd-4473-abda-9918c470cf1e|rpc:10.1.0.6:43759|priority:0, 949a54d7-9098-427f-a66d-64783e047bdb|rpc:10.1.0.6:46425|priority:1], old=null
2022-09-14 01:14:26,234 [d38685a6-2183-48c3-b209-d48d12164108@group-690075E123F6-LeaderElection3] INFO  server.RaftServerConfigKeys (ConfUtils.java:logGet(46)) - raft.server.write.element-limit = 1024 (custom)
2022-09-14 01:14:26,234 [d38685a6-2183-48c3-b209-d48d12164108@group-690075E123F6-LeaderElection3] INFO  server.RaftServerConfigKeys (ConfUtils.java:logGet(46)) - raft.server.write.byte-limit = 1024 M (=1073741824) (custom)
2022-09-14 01:14:26,235 [d38685a6-2183-48c3-b209-d48d12164108@group-690075E123F6-LeaderElection3] INFO  server.RaftServerConfigKeys (ConfUtils.java:logGet(46)) - raft.server.watch.timeout = 180000ms (custom)
2022-09-14 01:14:26,235 [d38685a6-2183-48c3-b209-d48d12164108@group-690075E123F6-LeaderElection3] INFO  server.RaftServerConfigKeys (ConfUtils.java:logGet(46)) - raft.server.watch.timeout.denomination = 1s (default)
2022-09-14 01:14:26,235 [d38685a6-2183-48c3-b209-d48d12164108@group-690075E123F6-LeaderElection3] INFO  server.RaftServerConfigKeys (ConfUtils.java:logGet(46)) - raft.server.watch.element-limit = 65536 (default)
2022-09-14 01:14:26,235 [d38685a6-2183-48c3-b209-d48d12164108@group-690075E123F6-LeaderElection3] INFO  server.RaftServerConfigKeys (ConfUtils.java:logGet(46)) - raft.server.write.element-limit = 1024 (custom)
2022-09-14 01:14:26,235 [d38685a6-2183-48c3-b209-d48d12164108@group-690075E123F6-LeaderElection3] INFO  server.RaftServerConfigKeys (ConfUtils.java:logGet(46)) - raft.server.write.follower.gap.ratio.max = -1.0 (default)
2022-09-14 01:14:26,240 [d38685a6-2183-48c3-b209-d48d12164108@group-690075E123F6-LeaderElection3] INFO  impl.RoleInfo (RoleInfo.java:updateAndGet(139)) - d38685a6-2183-48c3-b209-d48d12164108: start d38685a6-2183-48c3-b209-d48d12164108@group-690075E123F6-LeaderStateImpl
2022-09-14 01:14:26,241 [d38685a6-2183-48c3-b209-d48d12164108@group-690075E123F6-LeaderElection3] INFO  segmented.SegmentedRaftLogWorker (SegmentedRaftLogWorker.java:startLogSegment(425)) - d38685a6-2183-48c3-b209-d48d12164108@group-690075E123F6-SegmentedRaftLogWorker: Starting segment from index:0
2022-09-14 01:14:26,242 [d38685a6-2183-48c3-b209-d48d12164108@group-690075E123F6-SegmentedRaftLogWorker] INFO  segmented.SegmentedRaftLogWorker (SegmentedRaftLogWorker.java:execute(629)) - d38685a6-2183-48c3-b209-d48d12164108@group-690075E123F6-SegmentedRaftLogWorker: created new log segment /home/runner/work/ozone/ozone/hadoop-ozone/integration-test/target/test-dir/MiniOzoneClusterImpl-ffa34613-6460-47dc-a2f2-a82eeb3f6f6a/datanode-0/data/ratis/08f07196-e110-4348-bc5d-690075e123f6/current/log_inprogress_0
2022-09-14 01:14:26,245 [d38685a6-2183-48c3-b209-d48d12164108@group-690075E123F6-LeaderElection3] INFO  server.RaftServer$Division (ServerState.java:setRaftConf(393)) - d38685a6-2183-48c3-b209-d48d12164108@group-690075E123F6: set configuration 0: [d38685a6-2183-48c3-b209-d48d12164108|rpc:10.1.0.6:39093|dataStream:|priority:1], old=null
2022-09-14 01:14:26,783 [EventQueue-OpenPipelineForHealthyPipelineSafeModeRule] INFO  safemode.SCMSafeModeManager (HealthyPipelineSafeModeRule.java:process(137)) - SCM in safe mode. Healthy pipelines reported count is 0, required healthy pipeline reported count is 1
2022-09-14 01:14:26,825 [949a54d7-9098-427f-a66d-64783e047bdb@group-F4D504EA1E06-FollowerState] INFO  impl.FollowerState (FollowerState.java:run(143)) - 949a54d7-9098-427f-a66d-64783e047bdb@group-F4D504EA1E06-FollowerState: change to CANDIDATE, lastRpcElapsedTime:5125760597ns, electionTimeout:5105ms
2022-09-14 01:14:26,826 [949a54d7-9098-427f-a66d-64783e047bdb@group-F4D504EA1E06-FollowerState] INFO  impl.RoleInfo (RoleInfo.java:shutdownFollowerState(110)) - 949a54d7-9098-427f-a66d-64783e047bdb: shutdown 949a54d7-9098-427f-a66d-64783e047bdb@group-F4D504EA1E06-FollowerState
2022-09-14 01:14:26,826 [949a54d7-9098-427f-a66d-64783e047bdb@group-F4D504EA1E06-FollowerState] INFO  server.RaftServer$Division (RaftServerImpl.java:setRole(299)) - 949a54d7-9098-427f-a66d-64783e047bdb@group-F4D504EA1E06: changes role from  FOLLOWER to CANDIDATE at term 0 for changeToCandidate
2022-09-14 01:14:26,826 [949a54d7-9098-427f-a66d-64783e047bdb@group-F4D504EA1E06-FollowerState] INFO  server.RaftServerConfigKeys (ConfUtils.java:logGet(46)) - raft.server.leaderelection.pre-vote = false (custom)
2022-09-14 01:14:26,826 [949a54d7-9098-427f-a66d-64783e047bdb@group-F4D504EA1E06-FollowerState] INFO  impl.RoleInfo (RoleInfo.java:updateAndGet(139)) - 949a54d7-9098-427f-a66d-64783e047bdb: start 949a54d7-9098-427f-a66d-64783e047bdb@group-F4D504EA1E06-LeaderElection4
2022-09-14 01:14:26,830 [949a54d7-9098-427f-a66d-64783e047bdb@group-F4D504EA1E06-LeaderElection4] INFO  impl.LeaderElection (LeaderElection.java:askForVotes(310)) - 949a54d7-9098-427f-a66d-64783e047bdb@group-F4D504EA1E06-LeaderElection4 ELECTION round 0: submit vote requests at term 1 for -1: [949a54d7-9098-427f-a66d-64783e047bdb|rpc:10.1.0.6:46425|priority:1], old=null
2022-09-14 01:14:26,830 [949a54d7-9098-427f-a66d-64783e047bdb@group-F4D504EA1E06-LeaderElection4] INFO  impl.LeaderElection (LeaderElection.java:askForVotes(312)) - 949a54d7-9098-427f-a66d-64783e047bdb@group-F4D504EA1E06-LeaderElection4 ELECTION round 0: result PASSED (term=1)
2022-09-14 01:14:26,830 [949a54d7-9098-427f-a66d-64783e047bdb@group-F4D504EA1E06-LeaderElection4] INFO  impl.RoleInfo (RoleInfo.java:shutdownLeaderElection(130)) - 949a54d7-9098-427f-a66d-64783e047bdb: shutdown 949a54d7-9098-427f-a66d-64783e047bdb@group-F4D504EA1E06-LeaderElection4
2022-09-14 01:14:26,830 [949a54d7-9098-427f-a66d-64783e047bdb@group-F4D504EA1E06-LeaderElection4] INFO  server.RaftServer$Division (RaftServerImpl.java:setRole(299)) - 949a54d7-9098-427f-a66d-64783e047bdb@group-F4D504EA1E06: changes role from CANDIDATE to LEADER at term 1 for changeToLeader
2022-09-14 01:14:26,830 [949a54d7-9098-427f-a66d-64783e047bdb@group-F4D504EA1E06-LeaderElection4] INFO  ratis.XceiverServerRatis (XceiverServerRatis.java:handleLeaderChangedNotification(863)) - Leader change notification received for group: group-F4D504EA1E06 with new leaderId: 949a54d7-9098-427f-a66d-64783e047bdb
2022-09-14 01:14:26,831 [949a54d7-9098-427f-a66d-64783e047bdb@group-F4D504EA1E06-LeaderElection4] INFO  server.RaftServer$Division (ServerState.java:setLeader(287)) - 949a54d7-9098-427f-a66d-64783e047bdb@group-F4D504EA1E06: change Leader from null to 949a54d7-9098-427f-a66d-64783e047bdb at term 1 for becomeLeader, leader elected after 5167ms
2022-09-14 01:14:26,831 [949a54d7-9098-427f-a66d-64783e047bdb@group-F4D504EA1E06-LeaderElection4] INFO  server.RaftServerConfigKeys (ConfUtils.java:logGet(46)) - raft.server.staging.catchup.gap = 1000 (default)
2022-09-14 01:14:26,831 [949a54d7-9098-427f-a66d-64783e047bdb@group-F4D504EA1E06-LeaderElection4] INFO  server.RaftServerConfigKeys (ConfUtils.java:logGet(46)) - raft.server.write.element-limit = 1024 (custom)
2022-09-14 01:14:26,832 [949a54d7-9098-427f-a66d-64783e047bdb@group-F4D504EA1E06-LeaderElection4] INFO  server.RaftServerConfigKeys (ConfUtils.java:logGet(46)) - raft.server.write.byte-limit = 1024 M (=1073741824) (custom)
2022-09-14 01:14:26,832 [949a54d7-9098-427f-a66d-64783e047bdb@group-F4D504EA1E06-LeaderElection4] INFO  server.RaftServerConfigKeys (ConfUtils.java:logGet(46)) - raft.server.watch.timeout = 180000ms (custom)
2022-09-14 01:14:26,832 [949a54d7-9098-427f-a66d-64783e047bdb@group-F4D504EA1E06-LeaderElection4] INFO  server.RaftServerConfigKeys (ConfUtils.java:logGet(46)) - raft.server.watch.timeout.denomination = 1s (default)
2022-09-14 01:14:26,832 [949a54d7-9098-427f-a66d-64783e047bdb@group-F4D504EA1E06-LeaderElection4] INFO  server.RaftServerConfigKeys (ConfUtils.java:logGet(46)) - raft.server.watch.element-limit = 65536 (default)
2022-09-14 01:14:26,832 [EventQueue-OpenPipelineForHealthyPipelineSafeModeRule] INFO  safemode.SCMSafeModeManager (HealthyPipelineSafeModeRule.java:process(137)) - SCM in safe mode. Healthy pipelines reported count is 0, required healthy pipeline reported count is 1
2022-09-14 01:14:26,832 [949a54d7-9098-427f-a66d-64783e047bdb@group-F4D504EA1E06-LeaderElection4] INFO  server.RaftServerConfigKeys (ConfUtils.java:logGet(46)) - raft.server.write.element-limit = 1024 (custom)
2022-09-14 01:14:26,833 [949a54d7-9098-427f-a66d-64783e047bdb@group-F4D504EA1E06-LeaderElection4] INFO  server.RaftServerConfigKeys (ConfUtils.java:logGet(46)) - raft.server.write.follower.gap.ratio.max = -1.0 (default)
2022-09-14 01:14:26,836 [949a54d7-9098-427f-a66d-64783e047bdb@group-F4D504EA1E06-LeaderElection4] INFO  impl.RoleInfo (RoleInfo.java:updateAndGet(139)) - 949a54d7-9098-427f-a66d-64783e047bdb: start 949a54d7-9098-427f-a66d-64783e047bdb@group-F4D504EA1E06-LeaderStateImpl
2022-09-14 01:14:26,837 [949a54d7-9098-427f-a66d-64783e047bdb@group-F4D504EA1E06-LeaderElection4] INFO  segmented.SegmentedRaftLogWorker (SegmentedRaftLogWorker.java:startLogSegment(425)) - 949a54d7-9098-427f-a66d-64783e047bdb@group-F4D504EA1E06-SegmentedRaftLogWorker: Starting segment from index:0
2022-09-14 01:14:26,842 [949a54d7-9098-427f-a66d-64783e047bdb@group-F4D504EA1E06-LeaderElection4] INFO  server.RaftServer$Division (ServerState.java:setRaftConf(393)) - 949a54d7-9098-427f-a66d-64783e047bdb@group-F4D504EA1E06: set configuration 0: [949a54d7-9098-427f-a66d-64783e047bdb|rpc:10.1.0.6:46425|dataStream:|priority:1], old=null
2022-09-14 01:14:26,843 [949a54d7-9098-427f-a66d-64783e047bdb@group-F4D504EA1E06-SegmentedRaftLogWorker] INFO  segmented.SegmentedRaftLogWorker (SegmentedRaftLogWorker.java:execute(629)) - 949a54d7-9098-427f-a66d-64783e047bdb@group-F4D504EA1E06-SegmentedRaftLogWorker: created new log segment /home/runner/work/ozone/ozone/hadoop-ozone/integration-test/target/test-dir/MiniOzoneClusterImpl-ffa34613-6460-47dc-a2f2-a82eeb3f6f6a/datanode-1/data/ratis/3502b2e5-3ad2-4ad8-8ba5-f4d504ea1e06/current/log_inprogress_0
2022-09-14 01:14:27,121 [Listener at 127.0.0.1/43991] INFO  ozone.MiniOzoneClusterImpl (MiniOzoneClusterImpl.java:lambda$waitForClusterToBeReady$0(216)) - Nodes are ready. Got 6 of 6 DN Heartbeats.
2022-09-14 01:14:27,121 [Listener at 127.0.0.1/43991] INFO  ozone.MiniOzoneClusterImpl (MiniOzoneClusterImpl.java:lambda$waitForClusterToBeReady$0(219)) - Waiting for cluster to exit safe mode
2022-09-14 01:14:27,121 [Listener at 127.0.0.1/43991] INFO  ozone.MiniOzoneClusterImpl (MiniOzoneClusterImpl.java:lambda$waitForClusterToBeReady$0(221)) - SCM became leader
2022-09-14 01:14:27,231 [EventQueue-OpenPipelineForHealthyPipelineSafeModeRule] INFO  safemode.SCMSafeModeManager (HealthyPipelineSafeModeRule.java:process(137)) - SCM in safe mode. Healthy pipelines reported count is 0, required healthy pipeline reported count is 1
2022-09-14 01:14:27,244 [e152a9cb-50bd-4473-abda-9918c470cf1e@group-CBC39D7A33A3-FollowerState] INFO  impl.FollowerState (FollowerState.java:run(143)) - e152a9cb-50bd-4473-abda-9918c470cf1e@group-CBC39D7A33A3-FollowerState: change to CANDIDATE, lastRpcElapsedTime:5201200944ns, electionTimeout:5200ms
2022-09-14 01:14:27,245 [e152a9cb-50bd-4473-abda-9918c470cf1e@group-CBC39D7A33A3-FollowerState] INFO  impl.RoleInfo (RoleInfo.java:shutdownFollowerState(110)) - e152a9cb-50bd-4473-abda-9918c470cf1e: shutdown e152a9cb-50bd-4473-abda-9918c470cf1e@group-CBC39D7A33A3-FollowerState
2022-09-14 01:14:27,245 [e152a9cb-50bd-4473-abda-9918c470cf1e@group-CBC39D7A33A3-FollowerState] INFO  server.RaftServer$Division (RaftServerImpl.java:setRole(299)) - e152a9cb-50bd-4473-abda-9918c470cf1e@group-CBC39D7A33A3: changes role from  FOLLOWER to CANDIDATE at term 0 for changeToCandidate
2022-09-14 01:14:27,245 [e152a9cb-50bd-4473-abda-9918c470cf1e@group-CBC39D7A33A3-FollowerState] INFO  server.RaftServerConfigKeys (ConfUtils.java:logGet(46)) - raft.server.leaderelection.pre-vote = false (custom)
2022-09-14 01:14:27,245 [e152a9cb-50bd-4473-abda-9918c470cf1e@group-CBC39D7A33A3-FollowerState] INFO  impl.RoleInfo (RoleInfo.java:updateAndGet(139)) - e152a9cb-50bd-4473-abda-9918c470cf1e: start e152a9cb-50bd-4473-abda-9918c470cf1e@group-CBC39D7A33A3-LeaderElection5
2022-09-14 01:14:27,249 [e152a9cb-50bd-4473-abda-9918c470cf1e@group-CBC39D7A33A3-LeaderElection5] INFO  impl.LeaderElection (LeaderElection.java:askForVotes(310)) - e152a9cb-50bd-4473-abda-9918c470cf1e@group-CBC39D7A33A3-LeaderElection5 ELECTION round 0: submit vote requests at term 1 for -1: [e152a9cb-50bd-4473-abda-9918c470cf1e|rpc:10.1.0.6:43759|priority:1], old=null
2022-09-14 01:14:27,249 [e152a9cb-50bd-4473-abda-9918c470cf1e@group-CBC39D7A33A3-LeaderElection5] INFO  impl.LeaderElection (LeaderElection.java:askForVotes(312)) - e152a9cb-50bd-4473-abda-9918c470cf1e@group-CBC39D7A33A3-LeaderElection5 ELECTION round 0: result PASSED (term=1)
2022-09-14 01:14:27,249 [e152a9cb-50bd-4473-abda-9918c470cf1e@group-CBC39D7A33A3-LeaderElection5] INFO  impl.RoleInfo (RoleInfo.java:shutdownLeaderElection(130)) - e152a9cb-50bd-4473-abda-9918c470cf1e: shutdown e152a9cb-50bd-4473-abda-9918c470cf1e@group-CBC39D7A33A3-LeaderElection5
2022-09-14 01:14:27,249 [e152a9cb-50bd-4473-abda-9918c470cf1e@group-CBC39D7A33A3-LeaderElection5] INFO  server.RaftServer$Division (RaftServerImpl.java:setRole(299)) - e152a9cb-50bd-4473-abda-9918c470cf1e@group-CBC39D7A33A3: changes role from CANDIDATE to LEADER at term 1 for changeToLeader
2022-09-14 01:14:27,249 [e152a9cb-50bd-4473-abda-9918c470cf1e@group-CBC39D7A33A3-LeaderElection5] INFO  ratis.XceiverServerRatis (XceiverServerRatis.java:handleLeaderChangedNotification(863)) - Leader change notification received for group: group-CBC39D7A33A3 with new leaderId: e152a9cb-50bd-4473-abda-9918c470cf1e
2022-09-14 01:14:27,249 [e152a9cb-50bd-4473-abda-9918c470cf1e@group-CBC39D7A33A3-LeaderElection5] INFO  server.RaftServer$Division (ServerState.java:setLeader(287)) - e152a9cb-50bd-4473-abda-9918c470cf1e@group-CBC39D7A33A3: change Leader from null to e152a9cb-50bd-4473-abda-9918c470cf1e at term 1 for becomeLeader, leader elected after 5230ms
2022-09-14 01:14:27,249 [e152a9cb-50bd-4473-abda-9918c470cf1e@group-CBC39D7A33A3-LeaderElection5] INFO  server.RaftServerConfigKeys (ConfUtils.java:logGet(46)) - raft.server.staging.catchup.gap = 1000 (default)
2022-09-14 01:14:27,249 [e152a9cb-50bd-4473-abda-9918c470cf1e@group-CBC39D7A33A3-LeaderElection5] INFO  server.RaftServerConfigKeys (ConfUtils.java:logGet(46)) - raft.server.write.element-limit = 1024 (custom)
2022-09-14 01:14:27,250 [e152a9cb-50bd-4473-abda-9918c470cf1e@group-CBC39D7A33A3-LeaderElection5] INFO  server.RaftServerConfigKeys (ConfUtils.java:logGet(46)) - raft.server.write.byte-limit = 1024 M (=1073741824) (custom)
2022-09-14 01:14:27,250 [e152a9cb-50bd-4473-abda-9918c470cf1e@group-CBC39D7A33A3-LeaderElection5] INFO  server.RaftServerConfigKeys (ConfUtils.java:logGet(46)) - raft.server.watch.timeout = 180000ms (custom)
2022-09-14 01:14:27,250 [e152a9cb-50bd-4473-abda-9918c470cf1e@group-CBC39D7A33A3-LeaderElection5] INFO  server.RaftServerConfigKeys (ConfUtils.java:logGet(46)) - raft.server.watch.timeout.denomination = 1s (default)
2022-09-14 01:14:27,251 [e152a9cb-50bd-4473-abda-9918c470cf1e@group-CBC39D7A33A3-LeaderElection5] INFO  server.RaftServerConfigKeys (ConfUtils.java:logGet(46)) - raft.server.watch.element-limit = 65536 (default)
2022-09-14 01:14:27,251 [e152a9cb-50bd-4473-abda-9918c470cf1e@group-CBC39D7A33A3-LeaderElection5] INFO  server.RaftServerConfigKeys (ConfUtils.java:logGet(46)) - raft.server.write.element-limit = 1024 (custom)
2022-09-14 01:14:27,251 [e152a9cb-50bd-4473-abda-9918c470cf1e@group-CBC39D7A33A3-LeaderElection5] INFO  server.RaftServerConfigKeys (ConfUtils.java:logGet(46)) - raft.server.write.follower.gap.ratio.max = -1.0 (default)
2022-09-14 01:14:27,251 [e152a9cb-50bd-4473-abda-9918c470cf1e@group-CBC39D7A33A3-LeaderElection5] INFO  impl.RoleInfo (RoleInfo.java:updateAndGet(139)) - e152a9cb-50bd-4473-abda-9918c470cf1e: start e152a9cb-50bd-4473-abda-9918c470cf1e@group-CBC39D7A33A3-LeaderStateImpl
2022-09-14 01:14:27,251 [e152a9cb-50bd-4473-abda-9918c470cf1e@group-CBC39D7A33A3-LeaderElection5] INFO  segmented.SegmentedRaftLogWorker (SegmentedRaftLogWorker.java:startLogSegment(425)) - e152a9cb-50bd-4473-abda-9918c470cf1e@group-CBC39D7A33A3-SegmentedRaftLogWorker: Starting segment from index:0
2022-09-14 01:14:27,251 [EventQueue-OpenPipelineForHealthyPipelineSafeModeRule] INFO  safemode.SCMSafeModeManager (HealthyPipelineSafeModeRule.java:process(137)) - SCM in safe mode. Healthy pipelines reported count is 0, required healthy pipeline reported count is 1
2022-09-14 01:14:27,258 [e152a9cb-50bd-4473-abda-9918c470cf1e@group-CBC39D7A33A3-LeaderElection5] INFO  server.RaftServer$Division (ServerState.java:setRaftConf(393)) - e152a9cb-50bd-4473-abda-9918c470cf1e@group-CBC39D7A33A3: set configuration 0: [e152a9cb-50bd-4473-abda-9918c470cf1e|rpc:10.1.0.6:43759|dataStream:|priority:1], old=null
2022-09-14 01:14:27,258 [e152a9cb-50bd-4473-abda-9918c470cf1e@group-CBC39D7A33A3-SegmentedRaftLogWorker] INFO  segmented.SegmentedRaftLogWorker (SegmentedRaftLogWorker.java:execute(629)) - e152a9cb-50bd-4473-abda-9918c470cf1e@group-CBC39D7A33A3-SegmentedRaftLogWorker: created new log segment /home/runner/work/ozone/ozone/hadoop-ozone/integration-test/target/test-dir/MiniOzoneClusterImpl-ffa34613-6460-47dc-a2f2-a82eeb3f6f6a/datanode-2/data/ratis/2748bdcc-f814-4b95-946f-cbc39d7a33a3/current/log_inprogress_0
2022-09-14 01:14:27,601 [d28c3a4e-3918-43d8-bb46-fc5b34cd0519@group-0AE05C4D1DC3-FollowerState] INFO  impl.FollowerState (FollowerState.java:run(143)) - d28c3a4e-3918-43d8-bb46-fc5b34cd0519@group-0AE05C4D1DC3-FollowerState: change to CANDIDATE, lastRpcElapsedTime:5158481635ns, electionTimeout:5154ms
2022-09-14 01:14:27,601 [d28c3a4e-3918-43d8-bb46-fc5b34cd0519@group-0AE05C4D1DC3-FollowerState] INFO  impl.RoleInfo (RoleInfo.java:shutdownFollowerState(110)) - d28c3a4e-3918-43d8-bb46-fc5b34cd0519: shutdown d28c3a4e-3918-43d8-bb46-fc5b34cd0519@group-0AE05C4D1DC3-FollowerState
2022-09-14 01:14:27,602 [d28c3a4e-3918-43d8-bb46-fc5b34cd0519@group-0AE05C4D1DC3-FollowerState] INFO  server.RaftServer$Division (RaftServerImpl.java:setRole(299)) - d28c3a4e-3918-43d8-bb46-fc5b34cd0519@group-0AE05C4D1DC3: changes role from  FOLLOWER to CANDIDATE at term 0 for changeToCandidate
2022-09-14 01:14:27,602 [d28c3a4e-3918-43d8-bb46-fc5b34cd0519@group-0AE05C4D1DC3-FollowerState] INFO  server.RaftServerConfigKeys (ConfUtils.java:logGet(46)) - raft.server.leaderelection.pre-vote = false (custom)
2022-09-14 01:14:27,602 [d28c3a4e-3918-43d8-bb46-fc5b34cd0519@group-0AE05C4D1DC3-FollowerState] INFO  impl.RoleInfo (RoleInfo.java:updateAndGet(139)) - d28c3a4e-3918-43d8-bb46-fc5b34cd0519: start d28c3a4e-3918-43d8-bb46-fc5b34cd0519@group-0AE05C4D1DC3-LeaderElection6
2022-09-14 01:14:27,607 [d28c3a4e-3918-43d8-bb46-fc5b34cd0519@group-0AE05C4D1DC3-LeaderElection6] INFO  impl.LeaderElection (LeaderElection.java:askForVotes(310)) - d28c3a4e-3918-43d8-bb46-fc5b34cd0519@group-0AE05C4D1DC3-LeaderElection6 ELECTION round 0: submit vote requests at term 1 for -1: [d28c3a4e-3918-43d8-bb46-fc5b34cd0519|rpc:10.1.0.6:42395|priority:1], old=null
2022-09-14 01:14:27,607 [d28c3a4e-3918-43d8-bb46-fc5b34cd0519@group-0AE05C4D1DC3-LeaderElection6] INFO  impl.LeaderElection (LeaderElection.java:askForVotes(312)) - d28c3a4e-3918-43d8-bb46-fc5b34cd0519@group-0AE05C4D1DC3-LeaderElection6 ELECTION round 0: result PASSED (term=1)
2022-09-14 01:14:27,607 [d28c3a4e-3918-43d8-bb46-fc5b34cd0519@group-0AE05C4D1DC3-LeaderElection6] INFO  impl.RoleInfo (RoleInfo.java:shutdownLeaderElection(130)) - d28c3a4e-3918-43d8-bb46-fc5b34cd0519: shutdown d28c3a4e-3918-43d8-bb46-fc5b34cd0519@group-0AE05C4D1DC3-LeaderElection6
2022-09-14 01:14:27,607 [d28c3a4e-3918-43d8-bb46-fc5b34cd0519@group-0AE05C4D1DC3-LeaderElection6] INFO  server.RaftServer$Division (RaftServerImpl.java:setRole(299)) - d28c3a4e-3918-43d8-bb46-fc5b34cd0519@group-0AE05C4D1DC3: changes role from CANDIDATE to LEADER at term 1 for changeToLeader
2022-09-14 01:14:27,607 [d28c3a4e-3918-43d8-bb46-fc5b34cd0519@group-0AE05C4D1DC3-LeaderElection6] INFO  ratis.XceiverServerRatis (XceiverServerRatis.java:handleLeaderChangedNotification(863)) - Leader change notification received for group: group-0AE05C4D1DC3 with new leaderId: d28c3a4e-3918-43d8-bb46-fc5b34cd0519
2022-09-14 01:14:27,608 [d28c3a4e-3918-43d8-bb46-fc5b34cd0519@group-0AE05C4D1DC3-LeaderElection6] INFO  server.RaftServer$Division (ServerState.java:setLeader(287)) - d28c3a4e-3918-43d8-bb46-fc5b34cd0519@group-0AE05C4D1DC3: change Leader from null to d28c3a4e-3918-43d8-bb46-fc5b34cd0519 at term 1 for becomeLeader, leader elected after 5177ms
2022-09-14 01:14:27,608 [d28c3a4e-3918-43d8-bb46-fc5b34cd0519@group-0AE05C4D1DC3-LeaderElection6] INFO  server.RaftServerConfigKeys (ConfUtils.java:logGet(46)) - raft.server.staging.catchup.gap = 1000 (default)
2022-09-14 01:14:27,608 [d28c3a4e-3918-43d8-bb46-fc5b34cd0519@group-0AE05C4D1DC3-LeaderElection6] INFO  server.RaftServerConfigKeys (ConfUtils.java:logGet(46)) - raft.server.write.element-limit = 1024 (custom)
2022-09-14 01:14:27,608 [d28c3a4e-3918-43d8-bb46-fc5b34cd0519@group-0AE05C4D1DC3-LeaderElection6] INFO  server.RaftServerConfigKeys (ConfUtils.java:logGet(46)) - raft.server.write.byte-limit = 1024 M (=1073741824) (custom)
2022-09-14 01:14:27,609 [d28c3a4e-3918-43d8-bb46-fc5b34cd0519@group-0AE05C4D1DC3-LeaderElection6] INFO  server.RaftServerConfigKeys (ConfUtils.java:logGet(46)) - raft.server.watch.timeout = 180000ms (custom)
2022-09-14 01:14:27,609 [d28c3a4e-3918-43d8-bb46-fc5b34cd0519@group-0AE05C4D1DC3-LeaderElection6] INFO  server.RaftServerConfigKeys (ConfUtils.java:logGet(46)) - raft.server.watch.timeout.denomination = 1s (default)
2022-09-14 01:14:27,609 [d28c3a4e-3918-43d8-bb46-fc5b34cd0519@group-0AE05C4D1DC3-LeaderElection6] INFO  server.RaftServerConfigKeys (ConfUtils.java:logGet(46)) - raft.server.watch.element-limit = 65536 (default)
2022-09-14 01:14:27,609 [d28c3a4e-3918-43d8-bb46-fc5b34cd0519@group-0AE05C4D1DC3-LeaderElection6] INFO  server.RaftServerConfigKeys (ConfUtils.java:logGet(46)) - raft.server.write.element-limit = 1024 (custom)
2022-09-14 01:14:27,609 [d28c3a4e-3918-43d8-bb46-fc5b34cd0519@group-0AE05C4D1DC3-LeaderElection6] INFO  server.RaftServerConfigKeys (ConfUtils.java:logGet(46)) - raft.server.write.follower.gap.ratio.max = -1.0 (default)
2022-09-14 01:14:27,609 [d28c3a4e-3918-43d8-bb46-fc5b34cd0519@group-0AE05C4D1DC3-LeaderElection6] INFO  impl.RoleInfo (RoleInfo.java:updateAndGet(139)) - d28c3a4e-3918-43d8-bb46-fc5b34cd0519: start d28c3a4e-3918-43d8-bb46-fc5b34cd0519@group-0AE05C4D1DC3-LeaderStateImpl
2022-09-14 01:14:27,610 [d28c3a4e-3918-43d8-bb46-fc5b34cd0519@group-0AE05C4D1DC3-LeaderElection6] INFO  segmented.SegmentedRaftLogWorker (SegmentedRaftLogWorker.java:startLogSegment(425)) - d28c3a4e-3918-43d8-bb46-fc5b34cd0519@group-0AE05C4D1DC3-SegmentedRaftLogWorker: Starting segment from index:0
2022-09-14 01:14:27,610 [EventQueue-OpenPipelineForHealthyPipelineSafeModeRule] INFO  safemode.SCMSafeModeManager (HealthyPipelineSafeModeRule.java:process(137)) - SCM in safe mode. Healthy pipelines reported count is 0, required healthy pipeline reported count is 1
2022-09-14 01:14:27,612 [d28c3a4e-3918-43d8-bb46-fc5b34cd0519@group-0AE05C4D1DC3-SegmentedRaftLogWorker] INFO  segmented.SegmentedRaftLogWorker (SegmentedRaftLogWorker.java:execute(629)) - d28c3a4e-3918-43d8-bb46-fc5b34cd0519@group-0AE05C4D1DC3-SegmentedRaftLogWorker: created new log segment /home/runner/work/ozone/ozone/hadoop-ozone/integration-test/target/test-dir/MiniOzoneClusterImpl-ffa34613-6460-47dc-a2f2-a82eeb3f6f6a/datanode-3/data/ratis/223cae64-f125-494a-b1d0-0ae05c4d1dc3/current/log_inprogress_0
2022-09-14 01:14:27,612 [d28c3a4e-3918-43d8-bb46-fc5b34cd0519@group-0AE05C4D1DC3-LeaderElection6] INFO  server.RaftServer$Division (ServerState.java:setRaftConf(393)) - d28c3a4e-3918-43d8-bb46-fc5b34cd0519@group-0AE05C4D1DC3: set configuration 0: [d28c3a4e-3918-43d8-bb46-fc5b34cd0519|rpc:10.1.0.6:42395|dataStream:|priority:1], old=null
2022-09-14 01:14:27,723 [ef2e2c18-30bb-4738-b00f-992b0a4fb77a@group-BEF99EDA7C2C-FollowerState] INFO  impl.FollowerState (FollowerState.java:run(143)) - ef2e2c18-30bb-4738-b00f-992b0a4fb77a@group-BEF99EDA7C2C-FollowerState: change to CANDIDATE, lastRpcElapsedTime:5062001299ns, electionTimeout:5060ms
2022-09-14 01:14:27,723 [ef2e2c18-30bb-4738-b00f-992b0a4fb77a@group-BEF99EDA7C2C-FollowerState] INFO  impl.RoleInfo (RoleInfo.java:shutdownFollowerState(110)) - ef2e2c18-30bb-4738-b00f-992b0a4fb77a: shutdown ef2e2c18-30bb-4738-b00f-992b0a4fb77a@group-BEF99EDA7C2C-FollowerState
2022-09-14 01:14:27,723 [ef2e2c18-30bb-4738-b00f-992b0a4fb77a@group-BEF99EDA7C2C-FollowerState] INFO  server.RaftServer$Division (RaftServerImpl.java:setRole(299)) - ef2e2c18-30bb-4738-b00f-992b0a4fb77a@group-BEF99EDA7C2C: changes role from  FOLLOWER to CANDIDATE at term 0 for changeToCandidate
2022-09-14 01:14:27,723 [ef2e2c18-30bb-4738-b00f-992b0a4fb77a@group-BEF99EDA7C2C-FollowerState] INFO  server.RaftServerConfigKeys (ConfUtils.java:logGet(46)) - raft.server.leaderelection.pre-vote = false (custom)
2022-09-14 01:14:27,724 [ef2e2c18-30bb-4738-b00f-992b0a4fb77a@group-BEF99EDA7C2C-FollowerState] INFO  impl.RoleInfo (RoleInfo.java:updateAndGet(139)) - ef2e2c18-30bb-4738-b00f-992b0a4fb77a: start ef2e2c18-30bb-4738-b00f-992b0a4fb77a@group-BEF99EDA7C2C-LeaderElection7
2022-09-14 01:14:27,727 [ef2e2c18-30bb-4738-b00f-992b0a4fb77a@group-BEF99EDA7C2C-LeaderElection7] INFO  impl.LeaderElection (LeaderElection.java:askForVotes(310)) - ef2e2c18-30bb-4738-b00f-992b0a4fb77a@group-BEF99EDA7C2C-LeaderElection7 ELECTION round 0: submit vote requests at term 1 for -1: [d28c3a4e-3918-43d8-bb46-fc5b34cd0519|rpc:10.1.0.6:42395|dataStream:|priority:0, ef2e2c18-30bb-4738-b00f-992b0a4fb77a|rpc:10.1.0.6:46397|dataStream:|priority:1, bba87d8c-0158-4ef8-bc32-b35d6e659061|rpc:10.1.0.6:39923|dataStream:|priority:0], old=null
2022-09-14 01:14:27,738 [d28c3a4e-3918-43d8-bb46-fc5b34cd0519@group-BEF99EDA7C2C-FollowerState] INFO  impl.FollowerState (FollowerState.java:run(143)) - d28c3a4e-3918-43d8-bb46-fc5b34cd0519@group-BEF99EDA7C2C-FollowerState: change to CANDIDATE, lastRpcElapsedTime:5225198272ns, electionTimeout:5196ms
2022-09-14 01:14:27,739 [d28c3a4e-3918-43d8-bb46-fc5b34cd0519@group-BEF99EDA7C2C-FollowerState] INFO  impl.RoleInfo (RoleInfo.java:shutdownFollowerState(110)) - d28c3a4e-3918-43d8-bb46-fc5b34cd0519: shutdown d28c3a4e-3918-43d8-bb46-fc5b34cd0519@group-BEF99EDA7C2C-FollowerState
2022-09-14 01:14:27,739 [d28c3a4e-3918-43d8-bb46-fc5b34cd0519@group-BEF99EDA7C2C-FollowerState] INFO  server.RaftServer$Division (RaftServerImpl.java:setRole(299)) - d28c3a4e-3918-43d8-bb46-fc5b34cd0519@group-BEF99EDA7C2C: changes role from  FOLLOWER to CANDIDATE at term 0 for changeToCandidate
2022-09-14 01:14:27,739 [d28c3a4e-3918-43d8-bb46-fc5b34cd0519@group-BEF99EDA7C2C-FollowerState] INFO  server.RaftServerConfigKeys (ConfUtils.java:logGet(46)) - raft.server.leaderelection.pre-vote = false (custom)
2022-09-14 01:14:27,739 [d28c3a4e-3918-43d8-bb46-fc5b34cd0519@group-BEF99EDA7C2C-FollowerState] INFO  impl.RoleInfo (RoleInfo.java:updateAndGet(139)) - d28c3a4e-3918-43d8-bb46-fc5b34cd0519: start d28c3a4e-3918-43d8-bb46-fc5b34cd0519@group-BEF99EDA7C2C-LeaderElection8
2022-09-14 01:14:27,752 [d28c3a4e-3918-43d8-bb46-fc5b34cd0519@group-BEF99EDA7C2C-LeaderElection8] INFO  impl.LeaderElection (LeaderElection.java:askForVotes(310)) - d28c3a4e-3918-43d8-bb46-fc5b34cd0519@group-BEF99EDA7C2C-LeaderElection8 ELECTION round 0: submit vote requests at term 1 for -1: [d28c3a4e-3918-43d8-bb46-fc5b34cd0519|rpc:10.1.0.6:42395|priority:0, ef2e2c18-30bb-4738-b00f-992b0a4fb77a|rpc:10.1.0.6:46397|priority:1, bba87d8c-0158-4ef8-bc32-b35d6e659061|rpc:10.1.0.6:39923|priority:0], old=null
2022-09-14 01:14:27,753 [grpc-default-executor-2] INFO  server.RaftServer$Division (RaftServerImpl.java:requestVote(1152)) - d28c3a4e-3918-43d8-bb46-fc5b34cd0519@group-BEF99EDA7C2C: receive requestVote(ELECTION, ef2e2c18-30bb-4738-b00f-992b0a4fb77a, group-BEF99EDA7C2C, 1, (t:0, i:0))
2022-09-14 01:14:27,755 [grpc-default-executor-2] INFO  impl.VoteContext (VoteContext.java:log(48)) - d28c3a4e-3918-43d8-bb46-fc5b34cd0519@group-BEF99EDA7C2C-CANDIDATE: reject ELECTION from ef2e2c18-30bb-4738-b00f-992b0a4fb77a: already has voted for d28c3a4e-3918-43d8-bb46-fc5b34cd0519 at current term 1
2022-09-14 01:14:27,755 [grpc-default-executor-2] INFO  server.RaftServer$Division (RaftServerImpl.java:requestVote(1184)) - d28c3a4e-3918-43d8-bb46-fc5b34cd0519@group-BEF99EDA7C2C replies to ELECTION vote request: ef2e2c18-30bb-4738-b00f-992b0a4fb77a<-d28c3a4e-3918-43d8-bb46-fc5b34cd0519#0:FAIL-t1. Peer's state: d28c3a4e-3918-43d8-bb46-fc5b34cd0519@group-BEF99EDA7C2C:t1, leader=null, voted=d28c3a4e-3918-43d8-bb46-fc5b34cd0519, raftlog=d28c3a4e-3918-43d8-bb46-fc5b34cd0519@group-BEF99EDA7C2C-SegmentedRaftLog:OPENED:c-1, conf=-1: [d28c3a4e-3918-43d8-bb46-fc5b34cd0519|rpc:10.1.0.6:42395|priority:0, ef2e2c18-30bb-4738-b00f-992b0a4fb77a|rpc:10.1.0.6:46397|priority:1, bba87d8c-0158-4ef8-bc32-b35d6e659061|rpc:10.1.0.6:39923|priority:0], old=null
2022-09-14 01:14:27,761 [grpc-default-executor-0] INFO  server.RaftServer$Division (RaftServerImpl.java:requestVote(1152)) - bba87d8c-0158-4ef8-bc32-b35d6e659061@group-BEF99EDA7C2C: receive requestVote(ELECTION, ef2e2c18-30bb-4738-b00f-992b0a4fb77a, group-BEF99EDA7C2C, 1, (t:0, i:0))
2022-09-14 01:14:27,762 [grpc-default-executor-0] INFO  impl.VoteContext (VoteContext.java:log(48)) - bba87d8c-0158-4ef8-bc32-b35d6e659061@group-BEF99EDA7C2C-FOLLOWER: accept ELECTION from ef2e2c18-30bb-4738-b00f-992b0a4fb77a: our priority 0 <= candidate's priority 1
2022-09-14 01:14:27,762 [grpc-default-executor-0] INFO  server.RaftServer$Division (RaftServerImpl.java:setRole(299)) - bba87d8c-0158-4ef8-bc32-b35d6e659061@group-BEF99EDA7C2C: changes role from  FOLLOWER to FOLLOWER at term 1 for candidate:ef2e2c18-30bb-4738-b00f-992b0a4fb77a
2022-09-14 01:14:27,762 [grpc-default-executor-0] INFO  impl.RoleInfo (RoleInfo.java:shutdownFollowerState(110)) - bba87d8c-0158-4ef8-bc32-b35d6e659061: shutdown bba87d8c-0158-4ef8-bc32-b35d6e659061@group-BEF99EDA7C2C-FollowerState
2022-09-14 01:14:27,762 [grpc-default-executor-0] INFO  impl.RoleInfo (RoleInfo.java:updateAndGet(139)) - bba87d8c-0158-4ef8-bc32-b35d6e659061: start bba87d8c-0158-4ef8-bc32-b35d6e659061@group-BEF99EDA7C2C-FollowerState
2022-09-14 01:14:27,762 [bba87d8c-0158-4ef8-bc32-b35d6e659061@group-BEF99EDA7C2C-FollowerState] INFO  impl.FollowerState (FollowerState.java:run(152)) - bba87d8c-0158-4ef8-bc32-b35d6e659061@group-BEF99EDA7C2C-FollowerState was interrupted
2022-09-14 01:14:27,765 [grpc-default-executor-0] INFO  server.RaftServer$Division (RaftServerImpl.java:requestVote(1184)) - bba87d8c-0158-4ef8-bc32-b35d6e659061@group-BEF99EDA7C2C replies to ELECTION vote request: ef2e2c18-30bb-4738-b00f-992b0a4fb77a<-bba87d8c-0158-4ef8-bc32-b35d6e659061#0:OK-t1. Peer's state: bba87d8c-0158-4ef8-bc32-b35d6e659061@group-BEF99EDA7C2C:t1, leader=null, voted=ef2e2c18-30bb-4738-b00f-992b0a4fb77a, raftlog=bba87d8c-0158-4ef8-bc32-b35d6e659061@group-BEF99EDA7C2C-SegmentedRaftLog:OPENED:c-1, conf=-1: [d28c3a4e-3918-43d8-bb46-fc5b34cd0519|rpc:10.1.0.6:42395|priority:0, ef2e2c18-30bb-4738-b00f-992b0a4fb77a|rpc:10.1.0.6:46397|priority:1, bba87d8c-0158-4ef8-bc32-b35d6e659061|rpc:10.1.0.6:39923|priority:0], old=null
2022-09-14 01:14:27,771 [ef2e2c18-30bb-4738-b00f-992b0a4fb77a@group-BEF99EDA7C2C-LeaderElection7] INFO  impl.LeaderElection (LeaderElection.java:logAndReturn(90)) - ef2e2c18-30bb-4738-b00f-992b0a4fb77a@group-BEF99EDA7C2C-LeaderElection7: ELECTION PASSED received 2 response(s) and 0 exception(s):
2022-09-14 01:14:27,771 [ef2e2c18-30bb-4738-b00f-992b0a4fb77a@group-BEF99EDA7C2C-LeaderElection7] INFO  impl.LeaderElection (LeaderElection.java:logAndReturn(94)) -   Response 0: ef2e2c18-30bb-4738-b00f-992b0a4fb77a<-d28c3a4e-3918-43d8-bb46-fc5b34cd0519#0:FAIL-t1
2022-09-14 01:14:27,771 [ef2e2c18-30bb-4738-b00f-992b0a4fb77a@group-BEF99EDA7C2C-LeaderElection7] INFO  impl.LeaderElection (LeaderElection.java:logAndReturn(94)) -   Response 1: ef2e2c18-30bb-4738-b00f-992b0a4fb77a<-bba87d8c-0158-4ef8-bc32-b35d6e659061#0:OK-t1
2022-09-14 01:14:27,771 [ef2e2c18-30bb-4738-b00f-992b0a4fb77a@group-BEF99EDA7C2C-LeaderElection7] INFO  impl.LeaderElection (LeaderElection.java:askForVotes(312)) - ef2e2c18-30bb-4738-b00f-992b0a4fb77a@group-BEF99EDA7C2C-LeaderElection7 ELECTION round 0: result PASSED
2022-09-14 01:14:27,771 [ef2e2c18-30bb-4738-b00f-992b0a4fb77a@group-BEF99EDA7C2C-LeaderElection7] INFO  impl.RoleInfo (RoleInfo.java:shutdownLeaderElection(130)) - ef2e2c18-30bb-4738-b00f-992b0a4fb77a: shutdown ef2e2c18-30bb-4738-b00f-992b0a4fb77a@group-BEF99EDA7C2C-LeaderElection7
2022-09-14 01:14:27,771 [ef2e2c18-30bb-4738-b00f-992b0a4fb77a@group-BEF99EDA7C2C-LeaderElection7] INFO  server.RaftServer$Division (RaftServerImpl.java:setRole(299)) - ef2e2c18-30bb-4738-b00f-992b0a4fb77a@group-BEF99EDA7C2C: changes role from CANDIDATE to LEADER at term 1 for changeToLeader
2022-09-14 01:14:27,771 [ef2e2c18-30bb-4738-b00f-992b0a4fb77a@group-BEF99EDA7C2C-LeaderElection7] INFO  ratis.XceiverServerRatis (XceiverServerRatis.java:handleLeaderChangedNotification(863)) - Leader change notification received for group: group-BEF99EDA7C2C with new leaderId: ef2e2c18-30bb-4738-b00f-992b0a4fb77a
2022-09-14 01:14:27,771 [ef2e2c18-30bb-4738-b00f-992b0a4fb77a@group-BEF99EDA7C2C-LeaderElection7] INFO  server.RaftServer$Division (ServerState.java:setLeader(287)) - ef2e2c18-30bb-4738-b00f-992b0a4fb77a@group-BEF99EDA7C2C: change Leader from null to ef2e2c18-30bb-4738-b00f-992b0a4fb77a at term 1 for becomeLeader, leader elected after 5140ms
2022-09-14 01:14:27,771 [ef2e2c18-30bb-4738-b00f-992b0a4fb77a@group-BEF99EDA7C2C-LeaderElection7] INFO  server.RaftServerConfigKeys (ConfUtils.java:logGet(46)) - raft.server.staging.catchup.gap = 1000 (default)
2022-09-14 01:14:27,772 [ef2e2c18-30bb-4738-b00f-992b0a4fb77a@group-BEF99EDA7C2C-LeaderElection7] INFO  server.RaftServerConfigKeys (ConfUtils.java:logGet(46)) - raft.server.write.element-limit = 1024 (custom)
2022-09-14 01:14:27,772 [ef2e2c18-30bb-4738-b00f-992b0a4fb77a@group-BEF99EDA7C2C-LeaderElection7] INFO  server.RaftServerConfigKeys (ConfUtils.java:logGet(46)) - raft.server.write.byte-limit = 1024 M (=1073741824) (custom)
2022-09-14 01:14:27,772 [ef2e2c18-30bb-4738-b00f-992b0a4fb77a@group-BEF99EDA7C2C-LeaderElection7] INFO  server.RaftServerConfigKeys (ConfUtils.java:logGet(46)) - raft.server.watch.timeout = 180000ms (custom)
2022-09-14 01:14:27,772 [ef2e2c18-30bb-4738-b00f-992b0a4fb77a@group-BEF99EDA7C2C-LeaderElection7] INFO  server.RaftServerConfigKeys (ConfUtils.java:logGet(46)) - raft.server.watch.timeout.denomination = 1s (default)
2022-09-14 01:14:27,772 [ef2e2c18-30bb-4738-b00f-992b0a4fb77a@group-BEF99EDA7C2C-LeaderElection7] INFO  server.RaftServerConfigKeys (ConfUtils.java:logGet(46)) - raft.server.watch.element-limit = 65536 (default)
2022-09-14 01:14:27,772 [ef2e2c18-30bb-4738-b00f-992b0a4fb77a@group-BEF99EDA7C2C-LeaderElection7] INFO  server.RaftServerConfigKeys (ConfUtils.java:logGet(46)) - raft.server.write.element-limit = 1024 (custom)
2022-09-14 01:14:27,772 [ef2e2c18-30bb-4738-b00f-992b0a4fb77a@group-BEF99EDA7C2C-LeaderElection7] INFO  server.RaftServerConfigKeys (ConfUtils.java:logGet(46)) - raft.server.write.follower.gap.ratio.max = -1.0 (default)
2022-09-14 01:14:27,774 [EventQueue-PipelineReportForPipelineReportHandler] INFO  pipeline.PipelineManagerImpl (PipelineManagerImpl.java:openPipeline(367)) - Pipeline Pipeline[ Id: 5e7c737d-a4f6-4ec9-b7d3-bef99eda7c2c, Nodes: d28c3a4e-3918-43d8-bb46-fc5b34cd0519{ip: 10.1.0.6, host: fv-az571-788.04lcwfe4cpsehn0ni2t1coknih.dx.internal.cloudapp.net, ports: [REPLICATION=36523, RATIS=42395, RATIS_ADMIN=42395, RATIS_SERVER=42395, STANDALONE=41209], networkLocation: /default-rack, certSerialId: null, persistedOpState: IN_SERVICE, persistedOpStateExpiryEpochSec: 0}ef2e2c18-30bb-4738-b00f-992b0a4fb77a{ip: 10.1.0.6, host: fv-az571-788.04lcwfe4cpsehn0ni2t1coknih.dx.internal.cloudapp.net, ports: [REPLICATION=45025, RATIS=46397, RATIS_ADMIN=46397, RATIS_SERVER=46397, STANDALONE=39489], networkLocation: /default-rack, certSerialId: null, persistedOpState: IN_SERVICE, persistedOpStateExpiryEpochSec: 0}bba87d8c-0158-4ef8-bc32-b35d6e659061{ip: 10.1.0.6, host: fv-az571-788.04lcwfe4cpsehn0ni2t1coknih.dx.internal.cloudapp.net, ports: [REPLICATION=45525, RATIS=39923, RATIS_ADMIN=39923, RATIS_SERVER=39923, STANDALONE=40241], networkLocation: /default-rack, certSerialId: null, persistedOpState: IN_SERVICE, persistedOpStateExpiryEpochSec: 0}, ReplicationConfig: RATIS/THREE, State:ALLOCATED, leaderId:ef2e2c18-30bb-4738-b00f-992b0a4fb77a, CreationTimestamp2022-09-14T01:14:20.084Z[Etc/UTC]] moved to OPEN state
2022-09-14 01:14:27,784 [EventQueue-OpenPipelineForHealthyPipelineSafeModeRule] INFO  safemode.SCMSafeModeManager (HealthyPipelineSafeModeRule.java:process(137)) - SCM in safe mode. Healthy pipelines reported count is 1, required healthy pipeline reported count is 1
2022-09-14 01:14:27,784 [EventQueue-OpenPipelineForHealthyPipelineSafeModeRule] INFO  safemode.SCMSafeModeManager (SCMSafeModeManager.java:validateSafeModeExitRules(204)) - HealthyPipelineSafeModeRule rule is successfully validated
2022-09-14 01:14:27,784 [EventQueue-OpenPipelineForHealthyPipelineSafeModeRule] INFO  safemode.SCMSafeModeManager (SCMSafeModeManager.java:validateSafeModeExitRules(219)) - ScmSafeModeManager, all rules are successfully validated
2022-09-14 01:14:27,784 [EventQueue-OpenPipelineForHealthyPipelineSafeModeRule] INFO  safemode.SCMSafeModeManager (SCMSafeModeManager.java:exitSafeMode(248)) - SCM exiting safe mode.
2022-09-14 01:14:27,784 [EventQueue-OpenPipelineForHealthyPipelineSafeModeRule] WARN  events.EventQueue (EventQueue.java:fireEvent(216)) - No event handler registered for event TypedEvent{payloadType=SafeModeStatus, name='Safe mode status'}
2022-09-14 01:14:27,784 [EventQueue-OpenPipelineForHealthyPipelineSafeModeRule] INFO  ha.SCMContext (SCMContext.java:updateSafeModeStatus(228)) - Update SafeModeStatus from SafeModeStatus{safeModeStatus=true, preCheckPassed=true} to SafeModeStatus{safeModeStatus=false, preCheckPassed=true}.
2022-09-14 01:14:27,784 [EventQueue-OpenPipelineForHealthyPipelineSafeModeRule] INFO  pipeline.BackgroundPipelineCreator (BackgroundPipelineCreator.java:notifyStatusChanged(254)) - Service BackgroundPipelineCreator transitions to RUNNING.
2022-09-14 01:14:27,784 [EventQueue-OpenPipelineForHealthyPipelineSafeModeRule] INFO  BackgroundPipelineScrubber (BackgroundSCMService.java:notifyStatusChanged(82)) - Service BackgroundPipelineScrubber transitions to RUNNING.
2022-09-14 01:14:27,784 [EventQueue-OpenPipelineForHealthyPipelineSafeModeRule] INFO  ExpiredContainerReplicaOpScrubber (BackgroundSCMService.java:notifyStatusChanged(82)) - Service ExpiredContainerReplicaOpScrubber transitions to RUNNING.
2022-09-14 01:14:27,784 [EventQueue-OpenPipelineForHealthyPipelineSafeModeRule] INFO  replication.ReplicationManager (ReplicationManager.java:notifyStatusChanged(793)) - Service ReplicationManager transitions to RUNNING.
2022-09-14 01:14:27,788 [EventQueue-OpenPipelineForHealthyPipelineSafeModeRule] WARN  balancer.ContainerBalancer (ContainerBalancer.java:shouldRun(925)) - Could not find persisted configuration for ContainerBalancer when checking if ContainerBalancer should run. ContainerBalancer should not run now.
2022-09-14 01:14:27,791 [grpc-default-executor-0] INFO  server.RaftServer$Division (RaftServerImpl.java:requestVote(1152)) - bba87d8c-0158-4ef8-bc32-b35d6e659061@group-BEF99EDA7C2C: receive requestVote(ELECTION, d28c3a4e-3918-43d8-bb46-fc5b34cd0519, group-BEF99EDA7C2C, 1, (t:0, i:0))
2022-09-14 01:14:27,794 [grpc-default-executor-0] INFO  impl.VoteContext (VoteContext.java:log(48)) - bba87d8c-0158-4ef8-bc32-b35d6e659061@group-BEF99EDA7C2C-FOLLOWER: reject ELECTION from d28c3a4e-3918-43d8-bb46-fc5b34cd0519: already has voted for ef2e2c18-30bb-4738-b00f-992b0a4fb77a at current term 1
2022-09-14 01:14:27,794 [grpc-default-executor-0] INFO  server.RaftServer$Division (RaftServerImpl.java:requestVote(1184)) - bba87d8c-0158-4ef8-bc32-b35d6e659061@group-BEF99EDA7C2C replies to ELECTION vote request: d28c3a4e-3918-43d8-bb46-fc5b34cd0519<-bba87d8c-0158-4ef8-bc32-b35d6e659061#0:FAIL-t1. Peer's state: bba87d8c-0158-4ef8-bc32-b35d6e659061@group-BEF99EDA7C2C:t1, leader=null, voted=ef2e2c18-30bb-4738-b00f-992b0a4fb77a, raftlog=bba87d8c-0158-4ef8-bc32-b35d6e659061@group-BEF99EDA7C2C-SegmentedRaftLog:OPENED:c-1, conf=-1: [d28c3a4e-3918-43d8-bb46-fc5b34cd0519|rpc:10.1.0.6:42395|priority:0, ef2e2c18-30bb-4738-b00f-992b0a4fb77a|rpc:10.1.0.6:46397|priority:1, bba87d8c-0158-4ef8-bc32-b35d6e659061|rpc:10.1.0.6:39923|priority:0], old=null
2022-09-14 01:14:27,793 [grpc-default-executor-2] INFO  server.RaftServer$Division (RaftServerImpl.java:requestVote(1152)) - ef2e2c18-30bb-4738-b00f-992b0a4fb77a@group-BEF99EDA7C2C: receive requestVote(ELECTION, d28c3a4e-3918-43d8-bb46-fc5b34cd0519, group-BEF99EDA7C2C, 1, (t:0, i:0))
2022-09-14 01:14:27,793 [ef2e2c18-30bb-4738-b00f-992b0a4fb77a@group-BEF99EDA7C2C-LeaderElection7] INFO  server.RaftServerConfigKeys (ConfUtils.java:logGet(46)) - raft.server.log.appender.snapshot.chunk.size.max = 16MB (=16777216) (default)
2022-09-14 01:14:27,798 [ef2e2c18-30bb-4738-b00f-992b0a4fb77a@group-BEF99EDA7C2C-LeaderElection7] INFO  server.RaftServerConfigKeys (ConfUtils.java:logGet(46)) - raft.server.log.appender.buffer.byte-limit = 33554432 (custom)
2022-09-14 01:14:27,798 [ef2e2c18-30bb-4738-b00f-992b0a4fb77a@group-BEF99EDA7C2C-LeaderElection7] INFO  server.RaftServerConfigKeys (ConfUtils.java:logGet(46)) - raft.server.log.appender.buffer.element-limit = 1 (custom)
2022-09-14 01:14:27,801 [ef2e2c18-30bb-4738-b00f-992b0a4fb77a@group-BEF99EDA7C2C-LeaderElection7] INFO  grpc.GrpcConfigKeys (ConfUtils.java:logGet(46)) - raft.grpc.server.leader.outstanding.appends.max = 128 (default)
2022-09-14 01:14:27,801 [ef2e2c18-30bb-4738-b00f-992b0a4fb77a@group-BEF99EDA7C2C-LeaderElection7] INFO  server.RaftServerConfigKeys (ConfUtils.java:logGet(46)) - raft.server.rpc.request.timeout = 60000ms (custom)
2022-09-14 01:14:27,801 [ef2e2c18-30bb-4738-b00f-992b0a4fb77a@group-BEF99EDA7C2C-LeaderElection7] INFO  server.RaftServerConfigKeys (ConfUtils.java:logGet(46)) - raft.server.log.appender.install.snapshot.enabled = false (custom)
2022-09-14 01:14:27,803 [ef2e2c18-30bb-4738-b00f-992b0a4fb77a@group-BEF99EDA7C2C-LeaderElection7] INFO  server.RaftServerConfigKeys (ConfUtils.java:logGet(46)) - raft.server.log.appender.snapshot.chunk.size.max = 16MB (=16777216) (default)
2022-09-14 01:14:27,803 [ef2e2c18-30bb-4738-b00f-992b0a4fb77a@group-BEF99EDA7C2C-LeaderElection7] INFO  server.RaftServerConfigKeys (ConfUtils.java:logGet(46)) - raft.server.log.appender.buffer.byte-limit = 33554432 (custom)
2022-09-14 01:14:27,804 [ef2e2c18-30bb-4738-b00f-992b0a4fb77a@group-BEF99EDA7C2C-LeaderElection7] INFO  server.RaftServerConfigKeys (ConfUtils.java:logGet(46)) - raft.server.log.appender.buffer.element-limit = 1 (custom)
2022-09-14 01:14:27,804 [ef2e2c18-30bb-4738-b00f-992b0a4fb77a@group-BEF99EDA7C2C-LeaderElection7] INFO  grpc.GrpcConfigKeys (ConfUtils.java:logGet(46)) - raft.grpc.server.leader.outstanding.appends.max = 128 (default)
2022-09-14 01:14:27,804 [ef2e2c18-30bb-4738-b00f-992b0a4fb77a@group-BEF99EDA7C2C-LeaderElection7] INFO  server.RaftServerConfigKeys (ConfUtils.java:logGet(46)) - raft.server.rpc.request.timeout = 60000ms (custom)
2022-09-14 01:14:27,804 [ef2e2c18-30bb-4738-b00f-992b0a4fb77a@group-BEF99EDA7C2C-LeaderElection7] INFO  server.RaftServerConfigKeys (ConfUtils.java:logGet(46)) - raft.server.log.appender.install.snapshot.enabled = false (custom)
2022-09-14 01:14:27,807 [ef2e2c18-30bb-4738-b00f-992b0a4fb77a@group-BEF99EDA7C2C-LeaderElection7] INFO  impl.RoleInfo (RoleInfo.java:updateAndGet(139)) - ef2e2c18-30bb-4738-b00f-992b0a4fb77a: start ef2e2c18-30bb-4738-b00f-992b0a4fb77a@group-BEF99EDA7C2C-LeaderStateImpl
2022-09-14 01:14:27,809 [ef2e2c18-30bb-4738-b00f-992b0a4fb77a@group-BEF99EDA7C2C-LeaderElection7] INFO  segmented.SegmentedRaftLogWorker (SegmentedRaftLogWorker.java:startLogSegment(425)) - ef2e2c18-30bb-4738-b00f-992b0a4fb77a@group-BEF99EDA7C2C-SegmentedRaftLogWorker: Starting segment from index:0
2022-09-14 01:14:27,812 [ef2e2c18-30bb-4738-b00f-992b0a4fb77a@group-BEF99EDA7C2C-SegmentedRaftLogWorker] INFO  segmented.SegmentedRaftLogWorker (SegmentedRaftLogWorker.java:execute(629)) - ef2e2c18-30bb-4738-b00f-992b0a4fb77a@group-BEF99EDA7C2C-SegmentedRaftLogWorker: created new log segment /home/runner/work/ozone/ozone/hadoop-ozone/integration-test/target/test-dir/MiniOzoneClusterImpl-ffa34613-6460-47dc-a2f2-a82eeb3f6f6a/datanode-5/data/ratis/5e7c737d-a4f6-4ec9-b7d3-bef99eda7c2c/current/log_inprogress_0
2022-09-14 01:14:27,816 [ef2e2c18-30bb-4738-b00f-992b0a4fb77a@group-BEF99EDA7C2C-LeaderElection7] INFO  server.RaftServer$Division (ServerState.java:setRaftConf(393)) - ef2e2c18-30bb-4738-b00f-992b0a4fb77a@group-BEF99EDA7C2C: set configuration 0: [d28c3a4e-3918-43d8-bb46-fc5b34cd0519|rpc:10.1.0.6:42395|dataStream:|priority:0, ef2e2c18-30bb-4738-b00f-992b0a4fb77a|rpc:10.1.0.6:46397|dataStream:|priority:1, bba87d8c-0158-4ef8-bc32-b35d6e659061|rpc:10.1.0.6:39923|dataStream:|priority:0], old=null
2022-09-14 01:14:27,817 [grpc-default-executor-2] INFO  impl.VoteContext (VoteContext.java:log(48)) - ef2e2c18-30bb-4738-b00f-992b0a4fb77a@group-BEF99EDA7C2C-LEADER: reject ELECTION from d28c3a4e-3918-43d8-bb46-fc5b34cd0519: already has voted for ef2e2c18-30bb-4738-b00f-992b0a4fb77a at current term 1
2022-09-14 01:14:27,818 [grpc-default-executor-2] INFO  server.RaftServer$Division (RaftServerImpl.java:requestVote(1184)) - ef2e2c18-30bb-4738-b00f-992b0a4fb77a@group-BEF99EDA7C2C replies to ELECTION vote request: d28c3a4e-3918-43d8-bb46-fc5b34cd0519<-ef2e2c18-30bb-4738-b00f-992b0a4fb77a#0:FAIL-t1. Peer's state: ef2e2c18-30bb-4738-b00f-992b0a4fb77a@group-BEF99EDA7C2C:t1, leader=ef2e2c18-30bb-4738-b00f-992b0a4fb77a, voted=ef2e2c18-30bb-4738-b00f-992b0a4fb77a, raftlog=ef2e2c18-30bb-4738-b00f-992b0a4fb77a@group-BEF99EDA7C2C-SegmentedRaftLog:OPENED:c0, conf=0: [d28c3a4e-3918-43d8-bb46-fc5b34cd0519|rpc:10.1.0.6:42395|dataStream:|priority:0, ef2e2c18-30bb-4738-b00f-992b0a4fb77a|rpc:10.1.0.6:46397|dataStream:|priority:1, bba87d8c-0158-4ef8-bc32-b35d6e659061|rpc:10.1.0.6:39923|dataStream:|priority:0], old=null
2022-09-14 01:14:27,822 [d28c3a4e-3918-43d8-bb46-fc5b34cd0519@group-BEF99EDA7C2C-LeaderElection8] INFO  impl.LeaderElection (LeaderElection.java:logAndReturn(90)) - d28c3a4e-3918-43d8-bb46-fc5b34cd0519@group-BEF99EDA7C2C-LeaderElection8: ELECTION REJECTED received 2 response(s) and 0 exception(s):
2022-09-14 01:14:27,823 [d28c3a4e-3918-43d8-bb46-fc5b34cd0519@group-BEF99EDA7C2C-LeaderElection8] INFO  impl.LeaderElection (LeaderElection.java:logAndReturn(94)) -   Response 0: d28c3a4e-3918-43d8-bb46-fc5b34cd0519<-ef2e2c18-30bb-4738-b00f-992b0a4fb77a#0:FAIL-t1
2022-09-14 01:14:27,823 [d28c3a4e-3918-43d8-bb46-fc5b34cd0519@group-BEF99EDA7C2C-LeaderElection8] INFO  impl.LeaderElection (LeaderElection.java:logAndReturn(94)) -   Response 1: d28c3a4e-3918-43d8-bb46-fc5b34cd0519<-bba87d8c-0158-4ef8-bc32-b35d6e659061#0:FAIL-t1
2022-09-14 01:14:27,823 [d28c3a4e-3918-43d8-bb46-fc5b34cd0519@group-BEF99EDA7C2C-LeaderElection8] INFO  impl.LeaderElection (LeaderElection.java:askForVotes(312)) - d28c3a4e-3918-43d8-bb46-fc5b34cd0519@group-BEF99EDA7C2C-LeaderElection8 ELECTION round 0: result REJECTED
2022-09-14 01:14:27,823 [d28c3a4e-3918-43d8-bb46-fc5b34cd0519@group-BEF99EDA7C2C-LeaderElection8] INFO  server.RaftServer$Division (RaftServerImpl.java:setRole(299)) - d28c3a4e-3918-43d8-bb46-fc5b34cd0519@group-BEF99EDA7C2C: changes role from CANDIDATE to FOLLOWER at term 1 for REJECTED
2022-09-14 01:14:27,824 [d28c3a4e-3918-43d8-bb46-fc5b34cd0519@group-BEF99EDA7C2C-LeaderElection8] INFO  impl.RoleInfo (RoleInfo.java:shutdownLeaderElection(130)) - d28c3a4e-3918-43d8-bb46-fc5b34cd0519: shutdown d28c3a4e-3918-43d8-bb46-fc5b34cd0519@group-BEF99EDA7C2C-LeaderElection8
2022-09-14 01:14:27,824 [d28c3a4e-3918-43d8-bb46-fc5b34cd0519@group-BEF99EDA7C2C-LeaderElection8] INFO  impl.RoleInfo (RoleInfo.java:updateAndGet(139)) - d28c3a4e-3918-43d8-bb46-fc5b34cd0519: start d28c3a4e-3918-43d8-bb46-fc5b34cd0519@group-BEF99EDA7C2C-FollowerState
2022-09-14 01:14:27,849 [d28c3a4e-3918-43d8-bb46-fc5b34cd0519-server-thread1] INFO  ratis.XceiverServerRatis (XceiverServerRatis.java:handleLeaderChangedNotification(863)) - Leader change notification received for group: group-BEF99EDA7C2C with new leaderId: ef2e2c18-30bb-4738-b00f-992b0a4fb77a
2022-09-14 01:14:27,852 [d28c3a4e-3918-43d8-bb46-fc5b34cd0519-server-thread1] INFO  server.RaftServer$Division (ServerState.java:setLeader(287)) - d28c3a4e-3918-43d8-bb46-fc5b34cd0519@group-BEF99EDA7C2C: change Leader from null to ef2e2c18-30bb-4738-b00f-992b0a4fb77a at term 1 for appendEntries, leader elected after 5353ms
2022-09-14 01:14:27,850 [bba87d8c-0158-4ef8-bc32-b35d6e659061-server-thread1] INFO  ratis.XceiverServerRatis (XceiverServerRatis.java:handleLeaderChangedNotification(863)) - Leader change notification received for group: group-BEF99EDA7C2C with new leaderId: ef2e2c18-30bb-4738-b00f-992b0a4fb77a
2022-09-14 01:14:27,860 [d28c3a4e-3918-43d8-bb46-fc5b34cd0519-server-thread1] INFO  server.RaftServer$Division (ServerState.java:setRaftConf(393)) - d28c3a4e-3918-43d8-bb46-fc5b34cd0519@group-BEF99EDA7C2C: set configuration 0: [d28c3a4e-3918-43d8-bb46-fc5b34cd0519|rpc:10.1.0.6:42395|dataStream:|priority:0, ef2e2c18-30bb-4738-b00f-992b0a4fb77a|rpc:10.1.0.6:46397|dataStream:|priority:1, bba87d8c-0158-4ef8-bc32-b35d6e659061|rpc:10.1.0.6:39923|dataStream:|priority:0], old=null
2022-09-14 01:14:27,860 [d28c3a4e-3918-43d8-bb46-fc5b34cd0519-server-thread1] INFO  segmented.SegmentedRaftLogWorker (SegmentedRaftLogWorker.java:startLogSegment(425)) - d28c3a4e-3918-43d8-bb46-fc5b34cd0519@group-BEF99EDA7C2C-SegmentedRaftLogWorker: Starting segment from index:0
2022-09-14 01:14:27,860 [bba87d8c-0158-4ef8-bc32-b35d6e659061-server-thread1] INFO  server.RaftServer$Division (ServerState.java:setLeader(287)) - bba87d8c-0158-4ef8-bc32-b35d6e659061@group-BEF99EDA7C2C: change Leader from null to ef2e2c18-30bb-4738-b00f-992b0a4fb77a at term 1 for appendEntries, leader elected after 5055ms
2022-09-14 01:14:27,862 [d28c3a4e-3918-43d8-bb46-fc5b34cd0519@group-BEF99EDA7C2C-SegmentedRaftLogWorker] INFO  segmented.SegmentedRaftLogWorker (SegmentedRaftLogWorker.java:execute(629)) - d28c3a4e-3918-43d8-bb46-fc5b34cd0519@group-BEF99EDA7C2C-SegmentedRaftLogWorker: created new log segment /home/runner/work/ozone/ozone/hadoop-ozone/integration-test/target/test-dir/MiniOzoneClusterImpl-ffa34613-6460-47dc-a2f2-a82eeb3f6f6a/datanode-3/data/ratis/5e7c737d-a4f6-4ec9-b7d3-bef99eda7c2c/current/log_inprogress_0
2022-09-14 01:14:27,870 [bba87d8c-0158-4ef8-bc32-b35d6e659061-server-thread1] INFO  server.RaftServer$Division (ServerState.java:setRaftConf(393)) - bba87d8c-0158-4ef8-bc32-b35d6e659061@group-BEF99EDA7C2C: set configuration 0: [d28c3a4e-3918-43d8-bb46-fc5b34cd0519|rpc:10.1.0.6:42395|dataStream:|priority:0, ef2e2c18-30bb-4738-b00f-992b0a4fb77a|rpc:10.1.0.6:46397|dataStream:|priority:1, bba87d8c-0158-4ef8-bc32-b35d6e659061|rpc:10.1.0.6:39923|dataStream:|priority:0], old=null
2022-09-14 01:14:27,870 [bba87d8c-0158-4ef8-bc32-b35d6e659061-server-thread1] INFO  segmented.SegmentedRaftLogWorker (SegmentedRaftLogWorker.java:startLogSegment(425)) - bba87d8c-0158-4ef8-bc32-b35d6e659061@group-BEF99EDA7C2C-SegmentedRaftLogWorker: Starting segment from index:0
2022-09-14 01:14:27,883 [bba87d8c-0158-4ef8-bc32-b35d6e659061@group-BEF99EDA7C2C-SegmentedRaftLogWorker] INFO  segmented.SegmentedRaftLogWorker (SegmentedRaftLogWorker.java:execute(629)) - bba87d8c-0158-4ef8-bc32-b35d6e659061@group-BEF99EDA7C2C-SegmentedRaftLogWorker: created new log segment /home/runner/work/ozone/ozone/hadoop-ozone/integration-test/target/test-dir/MiniOzoneClusterImpl-ffa34613-6460-47dc-a2f2-a82eeb3f6f6a/datanode-4/data/ratis/5e7c737d-a4f6-4ec9-b7d3-bef99eda7c2c/current/log_inprogress_0
2022-09-14 01:14:27,939 [bba87d8c-0158-4ef8-bc32-b35d6e659061@group-3048ADE96EE0-FollowerState] INFO  impl.FollowerState (FollowerState.java:run(143)) - bba87d8c-0158-4ef8-bc32-b35d6e659061@group-3048ADE96EE0-FollowerState: change to CANDIDATE, lastRpcElapsedTime:5179374017ns, electionTimeout:5162ms
2022-09-14 01:14:27,940 [bba87d8c-0158-4ef8-bc32-b35d6e659061@group-3048ADE96EE0-FollowerState] INFO  impl.RoleInfo (RoleInfo.java:shutdownFollowerState(110)) - bba87d8c-0158-4ef8-bc32-b35d6e659061: shutdown bba87d8c-0158-4ef8-bc32-b35d6e659061@group-3048ADE96EE0-FollowerState
2022-09-14 01:14:27,940 [bba87d8c-0158-4ef8-bc32-b35d6e659061@group-3048ADE96EE0-FollowerState] INFO  server.RaftServer$Division (RaftServerImpl.java:setRole(299)) - bba87d8c-0158-4ef8-bc32-b35d6e659061@group-3048ADE96EE0: changes role from  FOLLOWER to CANDIDATE at term 0 for changeToCandidate
2022-09-14 01:14:27,940 [bba87d8c-0158-4ef8-bc32-b35d6e659061@group-3048ADE96EE0-FollowerState] INFO  server.RaftServerConfigKeys (ConfUtils.java:logGet(46)) - raft.server.leaderelection.pre-vote = false (custom)
2022-09-14 01:14:27,940 [bba87d8c-0158-4ef8-bc32-b35d6e659061@group-3048ADE96EE0-FollowerState] INFO  impl.RoleInfo (RoleInfo.java:updateAndGet(139)) - bba87d8c-0158-4ef8-bc32-b35d6e659061: start bba87d8c-0158-4ef8-bc32-b35d6e659061@group-3048ADE96EE0-LeaderElection9
2022-09-14 01:14:27,943 [bba87d8c-0158-4ef8-bc32-b35d6e659061@group-3048ADE96EE0-LeaderElection9] INFO  impl.LeaderElection (LeaderElection.java:askForVotes(310)) - bba87d8c-0158-4ef8-bc32-b35d6e659061@group-3048ADE96EE0-LeaderElection9 ELECTION round 0: submit vote requests at term 1 for -1: [bba87d8c-0158-4ef8-bc32-b35d6e659061|rpc:10.1.0.6:39923|priority:1], old=null
2022-09-14 01:14:27,943 [bba87d8c-0158-4ef8-bc32-b35d6e659061@group-3048ADE96EE0-LeaderElection9] INFO  impl.LeaderElection (LeaderElection.java:askForVotes(312)) - bba87d8c-0158-4ef8-bc32-b35d6e659061@group-3048ADE96EE0-LeaderElection9 ELECTION round 0: result PASSED (term=1)
2022-09-14 01:14:27,943 [bba87d8c-0158-4ef8-bc32-b35d6e659061@group-3048ADE96EE0-LeaderElection9] INFO  impl.RoleInfo (RoleInfo.java:shutdownLeaderElection(130)) - bba87d8c-0158-4ef8-bc32-b35d6e659061: shutdown bba87d8c-0158-4ef8-bc32-b35d6e659061@group-3048ADE96EE0-LeaderElection9
2022-09-14 01:14:27,944 [bba87d8c-0158-4ef8-bc32-b35d6e659061@group-3048ADE96EE0-LeaderElection9] INFO  server.RaftServer$Division (RaftServerImpl.java:setRole(299)) - bba87d8c-0158-4ef8-bc32-b35d6e659061@group-3048ADE96EE0: changes role from CANDIDATE to LEADER at term 1 for changeToLeader
2022-09-14 01:14:27,944 [bba87d8c-0158-4ef8-bc32-b35d6e659061@group-3048ADE96EE0-LeaderElection9] INFO  ratis.XceiverServerRatis (XceiverServerRatis.java:handleLeaderChangedNotification(863)) - Leader change notification received for group: group-3048ADE96EE0 with new leaderId: bba87d8c-0158-4ef8-bc32-b35d6e659061
2022-09-14 01:14:27,944 [bba87d8c-0158-4ef8-bc32-b35d6e659061@group-3048ADE96EE0-LeaderElection9] INFO  server.RaftServer$Division (ServerState.java:setLeader(287)) - bba87d8c-0158-4ef8-bc32-b35d6e659061@group-3048ADE96EE0: change Leader from null to bba87d8c-0158-4ef8-bc32-b35d6e659061 at term 1 for becomeLeader, leader elected after 5212ms
2022-09-14 01:14:27,944 [bba87d8c-0158-4ef8-bc32-b35d6e659061@group-3048ADE96EE0-LeaderElection9] INFO  server.RaftServerConfigKeys (ConfUtils.java:logGet(46)) - raft.server.staging.catchup.gap = 1000 (default)
2022-09-14 01:14:27,945 [bba87d8c-0158-4ef8-bc32-b35d6e659061@group-3048ADE96EE0-LeaderElection9] INFO  server.RaftServerConfigKeys (ConfUtils.java:logGet(46)) - raft.server.write.element-limit = 1024 (custom)
2022-09-14 01:14:27,946 [bba87d8c-0158-4ef8-bc32-b35d6e659061@group-3048ADE96EE0-LeaderElection9] INFO  server.RaftServerConfigKeys (ConfUtils.java:logGet(46)) - raft.server.write.byte-limit = 1024 M (=1073741824) (custom)
2022-09-14 01:14:27,947 [bba87d8c-0158-4ef8-bc32-b35d6e659061@group-3048ADE96EE0-LeaderElection9] INFO  server.RaftServerConfigKeys (ConfUtils.java:logGet(46)) - raft.server.watch.timeout = 180000ms (custom)
2022-09-14 01:14:27,947 [bba87d8c-0158-4ef8-bc32-b35d6e659061@group-3048ADE96EE0-LeaderElection9] INFO  server.RaftServerConfigKeys (ConfUtils.java:logGet(46)) - raft.server.watch.timeout.denomination = 1s (default)
2022-09-14 01:14:27,947 [bba87d8c-0158-4ef8-bc32-b35d6e659061@group-3048ADE96EE0-LeaderElection9] INFO  server.RaftServerConfigKeys (ConfUtils.java:logGet(46)) - raft.server.watch.element-limit = 65536 (default)
2022-09-14 01:14:27,947 [bba87d8c-0158-4ef8-bc32-b35d6e659061@group-3048ADE96EE0-LeaderElection9] INFO  server.RaftServerConfigKeys (ConfUtils.java:logGet(46)) - raft.server.write.element-limit = 1024 (custom)
2022-09-14 01:14:27,947 [bba87d8c-0158-4ef8-bc32-b35d6e659061@group-3048ADE96EE0-LeaderElection9] INFO  server.RaftServerConfigKeys (ConfUtils.java:logGet(46)) - raft.server.write.follower.gap.ratio.max = -1.0 (default)
2022-09-14 01:14:27,947 [bba87d8c-0158-4ef8-bc32-b35d6e659061@group-3048ADE96EE0-LeaderElection9] INFO  impl.RoleInfo (RoleInfo.java:updateAndGet(139)) - bba87d8c-0158-4ef8-bc32-b35d6e659061: start bba87d8c-0158-4ef8-bc32-b35d6e659061@group-3048ADE96EE0-LeaderStateImpl
2022-09-14 01:14:27,947 [bba87d8c-0158-4ef8-bc32-b35d6e659061@group-3048ADE96EE0-LeaderElection9] INFO  segmented.SegmentedRaftLogWorker (SegmentedRaftLogWorker.java:startLogSegment(425)) - bba87d8c-0158-4ef8-bc32-b35d6e659061@group-3048ADE96EE0-SegmentedRaftLogWorker: Starting segment from index:0
2022-09-14 01:14:27,949 [bba87d8c-0158-4ef8-bc32-b35d6e659061@group-3048ADE96EE0-LeaderElection9] INFO  server.RaftServer$Division (ServerState.java:setRaftConf(393)) - bba87d8c-0158-4ef8-bc32-b35d6e659061@group-3048ADE96EE0: set configuration 0: [bba87d8c-0158-4ef8-bc32-b35d6e659061|rpc:10.1.0.6:39923|dataStream:|priority:1], old=null
2022-09-14 01:14:27,949 [bba87d8c-0158-4ef8-bc32-b35d6e659061@group-3048ADE96EE0-SegmentedRaftLogWorker] INFO  segmented.SegmentedRaftLogWorker (SegmentedRaftLogWorker.java:execute(629)) - bba87d8c-0158-4ef8-bc32-b35d6e659061@group-3048ADE96EE0-SegmentedRaftLogWorker: created new log segment /home/runner/work/ozone/ozone/hadoop-ozone/integration-test/target/test-dir/MiniOzoneClusterImpl-ffa34613-6460-47dc-a2f2-a82eeb3f6f6a/datanode-4/data/ratis/7aa74d24-a43c-4dd7-999e-3048ade96ee0/current/log_inprogress_0
2022-09-14 01:14:28,122 [Listener at 127.0.0.1/43991] INFO  ozone.MiniOzoneClusterImpl (MiniOzoneClusterImpl.java:lambda$waitForClusterToBeReady$0(216)) - Nodes are ready. Got 6 of 6 DN Heartbeats.
2022-09-14 01:14:28,122 [Listener at 127.0.0.1/43991] INFO  ozone.MiniOzoneClusterImpl (MiniOzoneClusterImpl.java:lambda$waitForClusterToBeReady$0(219)) - Cluster exits safe mode
2022-09-14 01:14:28,122 [Listener at 127.0.0.1/43991] INFO  ozone.MiniOzoneClusterImpl (MiniOzoneClusterImpl.java:lambda$waitForClusterToBeReady$0(221)) - SCM became leader
2022-09-14 01:14:28,141 [ef2e2c18-30bb-4738-b00f-992b0a4fb77a@group-B0C46D90A8AC-FollowerState] INFO  impl.FollowerState (FollowerState.java:run(143)) - ef2e2c18-30bb-4738-b00f-992b0a4fb77a@group-B0C46D90A8AC-FollowerState: change to CANDIDATE, lastRpcElapsedTime:5039020418ns, electionTimeout:5038ms
2022-09-14 01:14:28,142 [ef2e2c18-30bb-4738-b00f-992b0a4fb77a@group-B0C46D90A8AC-FollowerState] INFO  impl.RoleInfo (RoleInfo.java:shutdownFollowerState(110)) - ef2e2c18-30bb-4738-b00f-992b0a4fb77a: shutdown ef2e2c18-30bb-4738-b00f-992b0a4fb77a@group-B0C46D90A8AC-FollowerState
2022-09-14 01:14:28,142 [ef2e2c18-30bb-4738-b00f-992b0a4fb77a@group-B0C46D90A8AC-FollowerState] INFO  server.RaftServer$Division (RaftServerImpl.java:setRole(299)) - ef2e2c18-30bb-4738-b00f-992b0a4fb77a@group-B0C46D90A8AC: changes role from  FOLLOWER to CANDIDATE at term 0 for changeToCandidate
2022-09-14 01:14:28,142 [ef2e2c18-30bb-4738-b00f-992b0a4fb77a@group-B0C46D90A8AC-FollowerState] INFO  server.RaftServerConfigKeys (ConfUtils.java:logGet(46)) - raft.server.leaderelection.pre-vote = false (custom)
2022-09-14 01:14:28,142 [ef2e2c18-30bb-4738-b00f-992b0a4fb77a@group-B0C46D90A8AC-FollowerState] INFO  impl.RoleInfo (RoleInfo.java:updateAndGet(139)) - ef2e2c18-30bb-4738-b00f-992b0a4fb77a: start ef2e2c18-30bb-4738-b00f-992b0a4fb77a@group-B0C46D90A8AC-LeaderElection10
2022-09-14 01:14:28,147 [ef2e2c18-30bb-4738-b00f-992b0a4fb77a@group-B0C46D90A8AC-LeaderElection10] INFO  impl.LeaderElection (LeaderElection.java:askForVotes(310)) - ef2e2c18-30bb-4738-b00f-992b0a4fb77a@group-B0C46D90A8AC-LeaderElection10 ELECTION round 0: submit vote requests at term 1 for -1: [ef2e2c18-30bb-4738-b00f-992b0a4fb77a|rpc:10.1.0.6:46397|priority:1], old=null
2022-09-14 01:14:28,148 [ef2e2c18-30bb-4738-b00f-992b0a4fb77a@group-B0C46D90A8AC-LeaderElection10] INFO  impl.LeaderElection (LeaderElection.java:askForVotes(312)) - ef2e2c18-30bb-4738-b00f-992b0a4fb77a@group-B0C46D90A8AC-LeaderElection10 ELECTION round 0: result PASSED (term=1)
2022-09-14 01:14:28,148 [ef2e2c18-30bb-4738-b00f-992b0a4fb77a@group-B0C46D90A8AC-LeaderElection10] INFO  impl.RoleInfo (RoleInfo.java:shutdownLeaderElection(130)) - ef2e2c18-30bb-4738-b00f-992b0a4fb77a: shutdown ef2e2c18-30bb-4738-b00f-992b0a4fb77a@group-B0C46D90A8AC-LeaderElection10
2022-09-14 01:14:28,148 [ef2e2c18-30bb-4738-b00f-992b0a4fb77a@group-B0C46D90A8AC-LeaderElection10] INFO  server.RaftServer$Division (RaftServerImpl.java:setRole(299)) - ef2e2c18-30bb-4738-b00f-992b0a4fb77a@group-B0C46D90A8AC: changes role from CANDIDATE to LEADER at term 1 for changeToLeader
2022-09-14 01:14:28,148 [ef2e2c18-30bb-4738-b00f-992b0a4fb77a@group-B0C46D90A8AC-LeaderElection10] INFO  ratis.XceiverServerRatis (XceiverServerRatis.java:handleLeaderChangedNotification(863)) - Leader change notification received for group: group-B0C46D90A8AC with new leaderId: ef2e2c18-30bb-4738-b00f-992b0a4fb77a
2022-09-14 01:14:28,148 [ef2e2c18-30bb-4738-b00f-992b0a4fb77a@group-B0C46D90A8AC-LeaderElection10] INFO  server.RaftServer$Division (ServerState.java:setLeader(287)) - ef2e2c18-30bb-4738-b00f-992b0a4fb77a@group-B0C46D90A8AC: change Leader from null to ef2e2c18-30bb-4738-b00f-992b0a4fb77a at term 1 for becomeLeader, leader elected after 5060ms
2022-09-14 01:14:28,148 [ef2e2c18-30bb-4738-b00f-992b0a4fb77a@group-B0C46D90A8AC-LeaderElection10] INFO  server.RaftServerConfigKeys (ConfUtils.java:logGet(46)) - raft.server.staging.catchup.gap = 1000 (default)
2022-09-14 01:14:28,149 [ef2e2c18-30bb-4738-b00f-992b0a4fb77a@group-B0C46D90A8AC-LeaderElection10] INFO  server.RaftServerConfigKeys (ConfUtils.java:logGet(46)) - raft.server.write.element-limit = 1024 (custom)
2022-09-14 01:14:28,149 [ef2e2c18-30bb-4738-b00f-992b0a4fb77a@group-B0C46D90A8AC-LeaderElection10] INFO  server.RaftServerConfigKeys (ConfUtils.java:logGet(46)) - raft.server.write.byte-limit = 1024 M (=1073741824) (custom)
2022-09-14 01:14:28,150 [ef2e2c18-30bb-4738-b00f-992b0a4fb77a@group-B0C46D90A8AC-LeaderElection10] INFO  server.RaftServerConfigKeys (ConfUtils.java:logGet(46)) - raft.server.watch.timeout = 180000ms (custom)
2022-09-14 01:14:28,151 [ef2e2c18-30bb-4738-b00f-992b0a4fb77a@group-B0C46D90A8AC-LeaderElection10] INFO  server.RaftServerConfigKeys (ConfUtils.java:logGet(46)) - raft.server.watch.timeout.denomination = 1s (default)
2022-09-14 01:14:28,151 [ef2e2c18-30bb-4738-b00f-992b0a4fb77a@group-B0C46D90A8AC-LeaderElection10] INFO  server.RaftServerConfigKeys (ConfUtils.java:logGet(46)) - raft.server.watch.element-limit = 65536 (default)
2022-09-14 01:14:28,151 [ef2e2c18-30bb-4738-b00f-992b0a4fb77a@group-B0C46D90A8AC-LeaderElection10] INFO  server.RaftServerConfigKeys (ConfUtils.java:logGet(46)) - raft.server.write.element-limit = 1024 (custom)
2022-09-14 01:14:28,151 [ef2e2c18-30bb-4738-b00f-992b0a4fb77a@group-B0C46D90A8AC-LeaderElection10] INFO  server.RaftServerConfigKeys (ConfUtils.java:logGet(46)) - raft.server.write.follower.gap.ratio.max = -1.0 (default)
2022-09-14 01:14:28,151 [ef2e2c18-30bb-4738-b00f-992b0a4fb77a@group-B0C46D90A8AC-LeaderElection10] INFO  impl.RoleInfo (RoleInfo.java:updateAndGet(139)) - ef2e2c18-30bb-4738-b00f-992b0a4fb77a: start ef2e2c18-30bb-4738-b00f-992b0a4fb77a@group-B0C46D90A8AC-LeaderStateImpl
2022-09-14 01:14:28,151 [ef2e2c18-30bb-4738-b00f-992b0a4fb77a@group-B0C46D90A8AC-LeaderElection10] INFO  segmented.SegmentedRaftLogWorker (SegmentedRaftLogWorker.java:startLogSegment(425)) - ef2e2c18-30bb-4738-b00f-992b0a4fb77a@group-B0C46D90A8AC-SegmentedRaftLogWorker: Starting segment from index:0
2022-09-14 01:14:28,153 [ef2e2c18-30bb-4738-b00f-992b0a4fb77a@group-B0C46D90A8AC-SegmentedRaftLogWorker] INFO  segmented.SegmentedRaftLogWorker (SegmentedRaftLogWorker.java:execute(629)) - ef2e2c18-30bb-4738-b00f-992b0a4fb77a@group-B0C46D90A8AC-SegmentedRaftLogWorker: created new log segment /home/runner/work/ozone/ozone/hadoop-ozone/integration-test/target/test-dir/MiniOzoneClusterImpl-ffa34613-6460-47dc-a2f2-a82eeb3f6f6a/datanode-5/data/ratis/6ec226d2-5660-4ade-b9eb-b0c46d90a8ac/current/log_inprogress_0
2022-09-14 01:14:28,153 [ef2e2c18-30bb-4738-b00f-992b0a4fb77a@group-B0C46D90A8AC-LeaderElection10] INFO  server.RaftServer$Division (ServerState.java:setRaftConf(393)) - ef2e2c18-30bb-4738-b00f-992b0a4fb77a@group-B0C46D90A8AC: set configuration 0: [ef2e2c18-30bb-4738-b00f-992b0a4fb77a|rpc:10.1.0.6:46397|dataStream:|priority:1], old=null
2022-09-14 01:14:31,235 [d38685a6-2183-48c3-b209-d48d12164108@group-8AF4B479ECA4-FollowerState] INFO  impl.FollowerState (FollowerState.java:run(143)) - d38685a6-2183-48c3-b209-d48d12164108@group-8AF4B479ECA4-FollowerState: change to CANDIDATE, lastRpcElapsedTime:5014635784ns, electionTimeout:5014ms
2022-09-14 01:14:31,235 [d38685a6-2183-48c3-b209-d48d12164108@group-8AF4B479ECA4-FollowerState] INFO  impl.RoleInfo (RoleInfo.java:shutdownFollowerState(110)) - d38685a6-2183-48c3-b209-d48d12164108: shutdown d38685a6-2183-48c3-b209-d48d12164108@group-8AF4B479ECA4-FollowerState
2022-09-14 01:14:31,235 [d38685a6-2183-48c3-b209-d48d12164108@group-8AF4B479ECA4-FollowerState] INFO  server.RaftServer$Division (RaftServerImpl.java:setRole(299)) - d38685a6-2183-48c3-b209-d48d12164108@group-8AF4B479ECA4: changes role from  FOLLOWER to CANDIDATE at term 1 for changeToCandidate
2022-09-14 01:14:31,235 [d38685a6-2183-48c3-b209-d48d12164108@group-8AF4B479ECA4-FollowerState] INFO  server.RaftServerConfigKeys (ConfUtils.java:logGet(46)) - raft.server.leaderelection.pre-vote = false (custom)
2022-09-14 01:14:31,235 [d38685a6-2183-48c3-b209-d48d12164108@group-8AF4B479ECA4-FollowerState] INFO  impl.RoleInfo (RoleInfo.java:updateAndGet(139)) - d38685a6-2183-48c3-b209-d48d12164108: start d38685a6-2183-48c3-b209-d48d12164108@group-8AF4B479ECA4-LeaderElection11
2022-09-14 01:14:31,239 [d38685a6-2183-48c3-b209-d48d12164108@group-8AF4B479ECA4-LeaderElection11] INFO  impl.LeaderElection (LeaderElection.java:askForVotes(310)) - d38685a6-2183-48c3-b209-d48d12164108@group-8AF4B479ECA4-LeaderElection11 ELECTION round 0: submit vote requests at term 2 for -1: [d38685a6-2183-48c3-b209-d48d12164108|rpc:10.1.0.6:39093|priority:0, e152a9cb-50bd-4473-abda-9918c470cf1e|rpc:10.1.0.6:43759|priority:0, 949a54d7-9098-427f-a66d-64783e047bdb|rpc:10.1.0.6:46425|priority:1], old=null
2022-09-14 01:14:31,244 [grpc-default-executor-2] INFO  server.RaftServer$Division (RaftServerImpl.java:requestVote(1152)) - 949a54d7-9098-427f-a66d-64783e047bdb@group-8AF4B479ECA4: receive requestVote(ELECTION, d38685a6-2183-48c3-b209-d48d12164108, group-8AF4B479ECA4, 2, (t:0, i:0))
2022-09-14 01:14:31,246 [grpc-default-executor-0] INFO  server.RaftServer$Division (RaftServerImpl.java:requestVote(1152)) - e152a9cb-50bd-4473-abda-9918c470cf1e@group-8AF4B479ECA4: receive requestVote(ELECTION, d38685a6-2183-48c3-b209-d48d12164108, group-8AF4B479ECA4, 2, (t:0, i:0))
2022-09-14 01:14:31,246 [grpc-default-executor-2] INFO  impl.VoteContext (VoteContext.java:log(48)) - 949a54d7-9098-427f-a66d-64783e047bdb@group-8AF4B479ECA4-FOLLOWER: reject ELECTION from d38685a6-2183-48c3-b209-d48d12164108: our priority 1 > candidate's priority 0
2022-09-14 01:14:31,246 [grpc-default-executor-2] INFO  server.RaftServer$Division (RaftServerImpl.java:setRole(299)) - 949a54d7-9098-427f-a66d-64783e047bdb@group-8AF4B479ECA4: changes role from  FOLLOWER to FOLLOWER at term 2 for candidate:d38685a6-2183-48c3-b209-d48d12164108
2022-09-14 01:14:31,246 [grpc-default-executor-2] INFO  impl.RoleInfo (RoleInfo.java:shutdownFollowerState(110)) - 949a54d7-9098-427f-a66d-64783e047bdb: shutdown 949a54d7-9098-427f-a66d-64783e047bdb@group-8AF4B479ECA4-FollowerState
2022-09-14 01:14:31,246 [grpc-default-executor-2] INFO  impl.RoleInfo (RoleInfo.java:updateAndGet(139)) - 949a54d7-9098-427f-a66d-64783e047bdb: start 949a54d7-9098-427f-a66d-64783e047bdb@group-8AF4B479ECA4-FollowerState
2022-09-14 01:14:31,247 [949a54d7-9098-427f-a66d-64783e047bdb@group-8AF4B479ECA4-FollowerState] INFO  impl.FollowerState (FollowerState.java:run(152)) - 949a54d7-9098-427f-a66d-64783e047bdb@group-8AF4B479ECA4-FollowerState was interrupted
2022-09-14 01:14:31,250 [grpc-default-executor-0] INFO  impl.VoteContext (VoteContext.java:log(48)) - e152a9cb-50bd-4473-abda-9918c470cf1e@group-8AF4B479ECA4-FOLLOWER: accept ELECTION from d38685a6-2183-48c3-b209-d48d12164108: our priority 0 <= candidate's priority 0
2022-09-14 01:14:31,250 [grpc-default-executor-0] INFO  server.RaftServer$Division (RaftServerImpl.java:setRole(299)) - e152a9cb-50bd-4473-abda-9918c470cf1e@group-8AF4B479ECA4: changes role from  FOLLOWER to FOLLOWER at term 2 for candidate:d38685a6-2183-48c3-b209-d48d12164108
2022-09-14 01:14:31,250 [grpc-default-executor-0] INFO  impl.RoleInfo (RoleInfo.java:shutdownFollowerState(110)) - e152a9cb-50bd-4473-abda-9918c470cf1e: shutdown e152a9cb-50bd-4473-abda-9918c470cf1e@group-8AF4B479ECA4-FollowerState
2022-09-14 01:14:31,250 [grpc-default-executor-0] INFO  impl.RoleInfo (RoleInfo.java:updateAndGet(139)) - e152a9cb-50bd-4473-abda-9918c470cf1e: start e152a9cb-50bd-4473-abda-9918c470cf1e@group-8AF4B479ECA4-FollowerState
2022-09-14 01:14:31,251 [e152a9cb-50bd-4473-abda-9918c470cf1e@group-8AF4B479ECA4-FollowerState] INFO  impl.FollowerState (FollowerState.java:run(152)) - e152a9cb-50bd-4473-abda-9918c470cf1e@group-8AF4B479ECA4-FollowerState was interrupted
2022-09-14 01:14:31,252 [grpc-default-executor-2] INFO  server.RaftServer$Division (RaftServerImpl.java:requestVote(1184)) - 949a54d7-9098-427f-a66d-64783e047bdb@group-8AF4B479ECA4 replies to ELECTION vote request: d38685a6-2183-48c3-b209-d48d12164108<-949a54d7-9098-427f-a66d-64783e047bdb#0:FAIL-t2. Peer's state: 949a54d7-9098-427f-a66d-64783e047bdb@group-8AF4B479ECA4:t2, leader=null, voted=null, raftlog=949a54d7-9098-427f-a66d-64783e047bdb@group-8AF4B479ECA4-SegmentedRaftLog:OPENED:c-1, conf=-1: [d38685a6-2183-48c3-b209-d48d12164108|rpc:10.1.0.6:39093|priority:0, e152a9cb-50bd-4473-abda-9918c470cf1e|rpc:10.1.0.6:43759|priority:0, 949a54d7-9098-427f-a66d-64783e047bdb|rpc:10.1.0.6:46425|priority:1], old=null
2022-09-14 01:14:31,253 [d38685a6-2183-48c3-b209-d48d12164108@group-8AF4B479ECA4-LeaderElection11] INFO  impl.LeaderElection (LeaderElection.java:logAndReturn(90)) - d38685a6-2183-48c3-b209-d48d12164108@group-8AF4B479ECA4-LeaderElection11: ELECTION REJECTED received 1 response(s) and 0 exception(s):
2022-09-14 01:14:31,253 [d38685a6-2183-48c3-b209-d48d12164108@group-8AF4B479ECA4-LeaderElection11] INFO  impl.LeaderElection (LeaderElection.java:logAndReturn(94)) -   Response 0: d38685a6-2183-48c3-b209-d48d12164108<-949a54d7-9098-427f-a66d-64783e047bdb#0:FAIL-t2
2022-09-14 01:14:31,253 [d38685a6-2183-48c3-b209-d48d12164108@group-8AF4B479ECA4-LeaderElection11] INFO  impl.LeaderElection (LeaderElection.java:askForVotes(312)) - d38685a6-2183-48c3-b209-d48d12164108@group-8AF4B479ECA4-LeaderElection11 ELECTION round 0: result REJECTED
2022-09-14 01:14:31,254 [d38685a6-2183-48c3-b209-d48d12164108@group-8AF4B479ECA4-LeaderElection11] INFO  server.RaftServer$Division (RaftServerImpl.java:setRole(299)) - d38685a6-2183-48c3-b209-d48d12164108@group-8AF4B479ECA4: changes role from CANDIDATE to FOLLOWER at term 2 for REJECTED
2022-09-14 01:14:31,254 [d38685a6-2183-48c3-b209-d48d12164108@group-8AF4B479ECA4-LeaderElection11] INFO  impl.RoleInfo (RoleInfo.java:shutdownLeaderElection(130)) - d38685a6-2183-48c3-b209-d48d12164108: shutdown d38685a6-2183-48c3-b209-d48d12164108@group-8AF4B479ECA4-LeaderElection11
2022-09-14 01:14:31,254 [d38685a6-2183-48c3-b209-d48d12164108@group-8AF4B479ECA4-LeaderElection11] INFO  impl.RoleInfo (RoleInfo.java:updateAndGet(139)) - d38685a6-2183-48c3-b209-d48d12164108: start d38685a6-2183-48c3-b209-d48d12164108@group-8AF4B479ECA4-FollowerState
2022-09-14 01:14:31,254 [grpc-default-executor-0] INFO  server.RaftServer$Division (RaftServerImpl.java:requestVote(1184)) - e152a9cb-50bd-4473-abda-9918c470cf1e@group-8AF4B479ECA4 replies to ELECTION vote request: d38685a6-2183-48c3-b209-d48d12164108<-e152a9cb-50bd-4473-abda-9918c470cf1e#0:OK-t2. Peer's state: e152a9cb-50bd-4473-abda-9918c470cf1e@group-8AF4B479ECA4:t2, leader=null, voted=d38685a6-2183-48c3-b209-d48d12164108, raftlog=e152a9cb-50bd-4473-abda-9918c470cf1e@group-8AF4B479ECA4-SegmentedRaftLog:OPENED:c-1, conf=-1: [d38685a6-2183-48c3-b209-d48d12164108|rpc:10.1.0.6:39093|priority:0, e152a9cb-50bd-4473-abda-9918c470cf1e|rpc:10.1.0.6:43759|priority:0, 949a54d7-9098-427f-a66d-64783e047bdb|rpc:10.1.0.6:46425|priority:1], old=null
2022-09-14 01:14:36,290 [d38685a6-2183-48c3-b209-d48d12164108@group-8AF4B479ECA4-FollowerState] INFO  impl.FollowerState (FollowerState.java:run(143)) - d38685a6-2183-48c3-b209-d48d12164108@group-8AF4B479ECA4-FollowerState: change to CANDIDATE, lastRpcElapsedTime:5036683740ns, electionTimeout:5032ms
2022-09-14 01:14:36,291 [d38685a6-2183-48c3-b209-d48d12164108@group-8AF4B479ECA4-FollowerState] INFO  impl.RoleInfo (RoleInfo.java:shutdownFollowerState(110)) - d38685a6-2183-48c3-b209-d48d12164108: shutdown d38685a6-2183-48c3-b209-d48d12164108@group-8AF4B479ECA4-FollowerState
2022-09-14 01:14:36,291 [d38685a6-2183-48c3-b209-d48d12164108@group-8AF4B479ECA4-FollowerState] INFO  server.RaftServer$Division (RaftServerImpl.java:setRole(299)) - d38685a6-2183-48c3-b209-d48d12164108@group-8AF4B479ECA4: changes role from  FOLLOWER to CANDIDATE at term 2 for changeToCandidate
2022-09-14 01:14:36,291 [d38685a6-2183-48c3-b209-d48d12164108@group-8AF4B479ECA4-FollowerState] INFO  server.RaftServerConfigKeys (ConfUtils.java:logGet(46)) - raft.server.leaderelection.pre-vote = false (custom)
2022-09-14 01:14:36,291 [d38685a6-2183-48c3-b209-d48d12164108@group-8AF4B479ECA4-FollowerState] INFO  impl.RoleInfo (RoleInfo.java:updateAndGet(139)) - d38685a6-2183-48c3-b209-d48d12164108: start d38685a6-2183-48c3-b209-d48d12164108@group-8AF4B479ECA4-LeaderElection12
2022-09-14 01:14:36,295 [d38685a6-2183-48c3-b209-d48d12164108@group-8AF4B479ECA4-LeaderElection12] INFO  impl.LeaderElection (LeaderElection.java:askForVotes(310)) - d38685a6-2183-48c3-b209-d48d12164108@group-8AF4B479ECA4-LeaderElection12 ELECTION round 0: submit vote requests at term 3 for -1: [d38685a6-2183-48c3-b209-d48d12164108|rpc:10.1.0.6:39093|priority:0, e152a9cb-50bd-4473-abda-9918c470cf1e|rpc:10.1.0.6:43759|priority:0, 949a54d7-9098-427f-a66d-64783e047bdb|rpc:10.1.0.6:46425|priority:1], old=null
2022-09-14 01:14:36,299 [grpc-default-executor-0] INFO  server.RaftServer$Division (RaftServerImpl.java:requestVote(1152)) - 949a54d7-9098-427f-a66d-64783e047bdb@group-8AF4B479ECA4: receive requestVote(ELECTION, d38685a6-2183-48c3-b209-d48d12164108, group-8AF4B479ECA4, 3, (t:0, i:0))
2022-09-14 01:14:36,300 [grpc-default-executor-0] INFO  impl.VoteContext (VoteContext.java:log(48)) - 949a54d7-9098-427f-a66d-64783e047bdb@group-8AF4B479ECA4-FOLLOWER: reject ELECTION from d38685a6-2183-48c3-b209-d48d12164108: our priority 1 > candidate's priority 0
2022-09-14 01:14:36,300 [grpc-default-executor-0] INFO  server.RaftServer$Division (RaftServerImpl.java:setRole(299)) - 949a54d7-9098-427f-a66d-64783e047bdb@group-8AF4B479ECA4: changes role from  FOLLOWER to FOLLOWER at term 3 for candidate:d38685a6-2183-48c3-b209-d48d12164108
2022-09-14 01:14:36,300 [grpc-default-executor-0] INFO  impl.RoleInfo (RoleInfo.java:shutdownFollowerState(110)) - 949a54d7-9098-427f-a66d-64783e047bdb: shutdown 949a54d7-9098-427f-a66d-64783e047bdb@group-8AF4B479ECA4-FollowerState
2022-09-14 01:14:36,300 [grpc-default-executor-0] INFO  impl.RoleInfo (RoleInfo.java:updateAndGet(139)) - 949a54d7-9098-427f-a66d-64783e047bdb: start 949a54d7-9098-427f-a66d-64783e047bdb@group-8AF4B479ECA4-FollowerState
2022-09-14 01:14:36,300 [949a54d7-9098-427f-a66d-64783e047bdb@group-8AF4B479ECA4-FollowerState] INFO  impl.FollowerState (FollowerState.java:run(152)) - 949a54d7-9098-427f-a66d-64783e047bdb@group-8AF4B479ECA4-FollowerState was interrupted
2022-09-14 01:14:36,304 [grpc-default-executor-0] INFO  server.RaftServer$Division (RaftServerImpl.java:requestVote(1184)) - 949a54d7-9098-427f-a66d-64783e047bdb@group-8AF4B479ECA4 replies to ELECTION vote request: d38685a6-2183-48c3-b209-d48d12164108<-949a54d7-9098-427f-a66d-64783e047bdb#0:FAIL-t3. Peer's state: 949a54d7-9098-427f-a66d-64783e047bdb@group-8AF4B479ECA4:t3, leader=null, voted=null, raftlog=949a54d7-9098-427f-a66d-64783e047bdb@group-8AF4B479ECA4-SegmentedRaftLog:OPENED:c-1, conf=-1: [d38685a6-2183-48c3-b209-d48d12164108|rpc:10.1.0.6:39093|priority:0, e152a9cb-50bd-4473-abda-9918c470cf1e|rpc:10.1.0.6:43759|priority:0, 949a54d7-9098-427f-a66d-64783e047bdb|rpc:10.1.0.6:46425|priority:1], old=null
2022-09-14 01:14:36,305 [grpc-default-executor-2] INFO  server.RaftServer$Division (RaftServerImpl.java:requestVote(1152)) - e152a9cb-50bd-4473-abda-9918c470cf1e@group-8AF4B479ECA4: receive requestVote(ELECTION, d38685a6-2183-48c3-b209-d48d12164108, group-8AF4B479ECA4, 3, (t:0, i:0))
2022-09-14 01:14:36,305 [grpc-default-executor-2] INFO  impl.VoteContext (VoteContext.java:log(48)) - e152a9cb-50bd-4473-abda-9918c470cf1e@group-8AF4B479ECA4-FOLLOWER: accept ELECTION from d38685a6-2183-48c3-b209-d48d12164108: our priority 0 <= candidate's priority 0
2022-09-14 01:14:36,305 [grpc-default-executor-2] INFO  server.RaftServer$Division (RaftServerImpl.java:setRole(299)) - e152a9cb-50bd-4473-abda-9918c470cf1e@group-8AF4B479ECA4: changes role from  FOLLOWER to FOLLOWER at term 3 for candidate:d38685a6-2183-48c3-b209-d48d12164108
2022-09-14 01:14:36,305 [grpc-default-executor-2] INFO  impl.RoleInfo (RoleInfo.java:shutdownFollowerState(110)) - e152a9cb-50bd-4473-abda-9918c470cf1e: shutdown e152a9cb-50bd-4473-abda-9918c470cf1e@group-8AF4B479ECA4-FollowerState
2022-09-14 01:14:36,305 [grpc-default-executor-2] INFO  impl.RoleInfo (RoleInfo.java:updateAndGet(139)) - e152a9cb-50bd-4473-abda-9918c470cf1e: start e152a9cb-50bd-4473-abda-9918c470cf1e@group-8AF4B479ECA4-FollowerState
2022-09-14 01:14:36,306 [e152a9cb-50bd-4473-abda-9918c470cf1e@group-8AF4B479ECA4-FollowerState] INFO  impl.FollowerState (FollowerState.java:run(152)) - e152a9cb-50bd-4473-abda-9918c470cf1e@group-8AF4B479ECA4-FollowerState was interrupted
2022-09-14 01:14:36,314 [grpc-default-executor-2] INFO  server.RaftServer$Division (RaftServerImpl.java:requestVote(1184)) - e152a9cb-50bd-4473-abda-9918c470cf1e@group-8AF4B479ECA4 replies to ELECTION vote request: d38685a6-2183-48c3-b209-d48d12164108<-e152a9cb-50bd-4473-abda-9918c470cf1e#0:OK-t3. Peer's state: e152a9cb-50bd-4473-abda-9918c470cf1e@group-8AF4B479ECA4:t3, leader=null, voted=d38685a6-2183-48c3-b209-d48d12164108, raftlog=e152a9cb-50bd-4473-abda-9918c470cf1e@group-8AF4B479ECA4-SegmentedRaftLog:OPENED:c-1, conf=-1: [d38685a6-2183-48c3-b209-d48d12164108|rpc:10.1.0.6:39093|priority:0, e152a9cb-50bd-4473-abda-9918c470cf1e|rpc:10.1.0.6:43759|priority:0, 949a54d7-9098-427f-a66d-64783e047bdb|rpc:10.1.0.6:46425|priority:1], old=null
2022-09-14 01:14:36,314 [d38685a6-2183-48c3-b209-d48d12164108@group-8AF4B479ECA4-LeaderElection12] INFO  impl.LeaderElection (LeaderElection.java:logAndReturn(90)) - d38685a6-2183-48c3-b209-d48d12164108@group-8AF4B479ECA4-LeaderElection12: ELECTION REJECTED received 1 response(s) and 0 exception(s):
2022-09-14 01:14:36,314 [d38685a6-2183-48c3-b209-d48d12164108@group-8AF4B479ECA4-LeaderElection12] INFO  impl.LeaderElection (LeaderElection.java:logAndReturn(94)) -   Response 0: d38685a6-2183-48c3-b209-d48d12164108<-949a54d7-9098-427f-a66d-64783e047bdb#0:FAIL-t3
2022-09-14 01:14:36,314 [d38685a6-2183-48c3-b209-d48d12164108@group-8AF4B479ECA4-LeaderElection12] INFO  impl.LeaderElection (LeaderElection.java:askForVotes(312)) - d38685a6-2183-48c3-b209-d48d12164108@group-8AF4B479ECA4-LeaderElection12 ELECTION round 0: result REJECTED
2022-09-14 01:14:36,314 [d38685a6-2183-48c3-b209-d48d12164108@group-8AF4B479ECA4-LeaderElection12] INFO  server.RaftServer$Division (RaftServerImpl.java:setRole(299)) - d38685a6-2183-48c3-b209-d48d12164108@group-8AF4B479ECA4: changes role from CANDIDATE to FOLLOWER at term 3 for REJECTED
2022-09-14 01:14:36,314 [d38685a6-2183-48c3-b209-d48d12164108@group-8AF4B479ECA4-LeaderElection12] INFO  impl.RoleInfo (RoleInfo.java:shutdownLeaderElection(130)) - d38685a6-2183-48c3-b209-d48d12164108: shutdown d38685a6-2183-48c3-b209-d48d12164108@group-8AF4B479ECA4-LeaderElection12
2022-09-14 01:14:36,314 [d38685a6-2183-48c3-b209-d48d12164108@group-8AF4B479ECA4-LeaderElection12] INFO  impl.RoleInfo (RoleInfo.java:updateAndGet(139)) - d38685a6-2183-48c3-b209-d48d12164108: start d38685a6-2183-48c3-b209-d48d12164108@group-8AF4B479ECA4-FollowerState
2022-09-14 01:14:38,481 [Under Replicated Processor] INFO  replication.UnderReplicatedProcessor (UnderReplicatedProcessor.java:processAll(92)) - Processed 0 under replicated containers, failed processing 0
2022-09-14 01:14:38,495 [Over Replicated Processor] INFO  replication.OverReplicatedProcessor (OverReplicatedProcessor.java:processAll(90)) - Processed 0 over replicated containers, failed processing 0
2022-09-14 01:14:41,343 [d38685a6-2183-48c3-b209-d48d12164108@group-8AF4B479ECA4-FollowerState] INFO  impl.FollowerState (FollowerState.java:run(143)) - d38685a6-2183-48c3-b209-d48d12164108@group-8AF4B479ECA4-FollowerState: change to CANDIDATE, lastRpcElapsedTime:5028416617ns, electionTimeout:5026ms
2022-09-14 01:14:41,343 [d38685a6-2183-48c3-b209-d48d12164108@group-8AF4B479ECA4-FollowerState] INFO  impl.RoleInfo (RoleInfo.java:shutdownFollowerState(110)) - d38685a6-2183-48c3-b209-d48d12164108: shutdown d38685a6-2183-48c3-b209-d48d12164108@group-8AF4B479ECA4-FollowerState
2022-09-14 01:14:41,343 [d38685a6-2183-48c3-b209-d48d12164108@group-8AF4B479ECA4-FollowerState] INFO  server.RaftServer$Division (RaftServerImpl.java:setRole(299)) - d38685a6-2183-48c3-b209-d48d12164108@group-8AF4B479ECA4: changes role from  FOLLOWER to CANDIDATE at term 3 for changeToCandidate
2022-09-14 01:14:41,344 [d38685a6-2183-48c3-b209-d48d12164108@group-8AF4B479ECA4-FollowerState] INFO  server.RaftServerConfigKeys (ConfUtils.java:logGet(46)) - raft.server.leaderelection.pre-vote = false (custom)
2022-09-14 01:14:41,344 [d38685a6-2183-48c3-b209-d48d12164108@group-8AF4B479ECA4-FollowerState] INFO  impl.RoleInfo (RoleInfo.java:updateAndGet(139)) - d38685a6-2183-48c3-b209-d48d12164108: start d38685a6-2183-48c3-b209-d48d12164108@group-8AF4B479ECA4-LeaderElection13
2022-09-14 01:14:41,350 [d38685a6-2183-48c3-b209-d48d12164108@group-8AF4B479ECA4-LeaderElection13] INFO  impl.LeaderElection (LeaderElection.java:askForVotes(310)) - d38685a6-2183-48c3-b209-d48d12164108@group-8AF4B479ECA4-LeaderElection13 ELECTION round 0: submit vote requests at term 4 for -1: [d38685a6-2183-48c3-b209-d48d12164108|rpc:10.1.0.6:39093|priority:0, e152a9cb-50bd-4473-abda-9918c470cf1e|rpc:10.1.0.6:43759|priority:0, 949a54d7-9098-427f-a66d-64783e047bdb|rpc:10.1.0.6:46425|priority:1], old=null
2022-09-14 01:14:41,355 [grpc-default-executor-0] INFO  server.RaftServer$Division (RaftServerImpl.java:requestVote(1152)) - e152a9cb-50bd-4473-abda-9918c470cf1e@group-8AF4B479ECA4: receive requestVote(ELECTION, d38685a6-2183-48c3-b209-d48d12164108, group-8AF4B479ECA4, 4, (t:0, i:0))
2022-09-14 01:14:41,355 [grpc-default-executor-0] INFO  impl.VoteContext (VoteContext.java:log(48)) - e152a9cb-50bd-4473-abda-9918c470cf1e@group-8AF4B479ECA4-FOLLOWER: accept ELECTION from d38685a6-2183-48c3-b209-d48d12164108: our priority 0 <= candidate's priority 0
2022-09-14 01:14:41,355 [grpc-default-executor-0] INFO  server.RaftServer$Division (RaftServerImpl.java:setRole(299)) - e152a9cb-50bd-4473-abda-9918c470cf1e@group-8AF4B479ECA4: changes role from  FOLLOWER to FOLLOWER at term 4 for candidate:d38685a6-2183-48c3-b209-d48d12164108
2022-09-14 01:14:41,355 [grpc-default-executor-0] INFO  impl.RoleInfo (RoleInfo.java:shutdownFollowerState(110)) - e152a9cb-50bd-4473-abda-9918c470cf1e: shutdown e152a9cb-50bd-4473-abda-9918c470cf1e@group-8AF4B479ECA4-FollowerState
2022-09-14 01:14:41,355 [grpc-default-executor-0] INFO  impl.RoleInfo (RoleInfo.java:updateAndGet(139)) - e152a9cb-50bd-4473-abda-9918c470cf1e: start e152a9cb-50bd-4473-abda-9918c470cf1e@group-8AF4B479ECA4-FollowerState
2022-09-14 01:14:41,362 [grpc-default-executor-2] INFO  server.RaftServer$Division (RaftServerImpl.java:requestVote(1152)) - 949a54d7-9098-427f-a66d-64783e047bdb@group-8AF4B479ECA4: receive requestVote(ELECTION, d38685a6-2183-48c3-b209-d48d12164108, group-8AF4B479ECA4, 4, (t:0, i:0))
2022-09-14 01:14:41,362 [grpc-default-executor-2] INFO  impl.VoteContext (VoteContext.java:log(48)) - 949a54d7-9098-427f-a66d-64783e047bdb@group-8AF4B479ECA4-FOLLOWER: reject ELECTION from d38685a6-2183-48c3-b209-d48d12164108: our priority 1 > candidate's priority 0
2022-09-14 01:14:41,362 [grpc-default-executor-2] INFO  server.RaftServer$Division (RaftServerImpl.java:setRole(299)) - 949a54d7-9098-427f-a66d-64783e047bdb@group-8AF4B479ECA4: changes role from  FOLLOWER to FOLLOWER at term 4 for candidate:d38685a6-2183-48c3-b209-d48d12164108
2022-09-14 01:14:41,362 [grpc-default-executor-2] INFO  impl.RoleInfo (RoleInfo.java:shutdownFollowerState(110)) - 949a54d7-9098-427f-a66d-64783e047bdb: shutdown 949a54d7-9098-427f-a66d-64783e047bdb@group-8AF4B479ECA4-FollowerState
2022-09-14 01:14:41,362 [grpc-default-executor-2] INFO  impl.RoleInfo (RoleInfo.java:updateAndGet(139)) - 949a54d7-9098-427f-a66d-64783e047bdb: start 949a54d7-9098-427f-a66d-64783e047bdb@group-8AF4B479ECA4-FollowerState
2022-09-14 01:14:41,363 [949a54d7-9098-427f-a66d-64783e047bdb@group-8AF4B479ECA4-FollowerState] INFO  impl.FollowerState (FollowerState.java:run(152)) - 949a54d7-9098-427f-a66d-64783e047bdb@group-8AF4B479ECA4-FollowerState was interrupted
2022-09-14 01:14:41,363 [grpc-default-executor-0] INFO  server.RaftServer$Division (RaftServerImpl.java:requestVote(1184)) - e152a9cb-50bd-4473-abda-9918c470cf1e@group-8AF4B479ECA4 replies to ELECTION vote request: d38685a6-2183-48c3-b209-d48d12164108<-e152a9cb-50bd-4473-abda-9918c470cf1e#0:OK-t4. Peer's state: e152a9cb-50bd-4473-abda-9918c470cf1e@group-8AF4B479ECA4:t4, leader=null, voted=d38685a6-2183-48c3-b209-d48d12164108, raftlog=e152a9cb-50bd-4473-abda-9918c470cf1e@group-8AF4B479ECA4-SegmentedRaftLog:OPENED:c-1, conf=-1: [d38685a6-2183-48c3-b209-d48d12164108|rpc:10.1.0.6:39093|priority:0, e152a9cb-50bd-4473-abda-9918c470cf1e|rpc:10.1.0.6:43759|priority:0, 949a54d7-9098-427f-a66d-64783e047bdb|rpc:10.1.0.6:46425|priority:1], old=null
2022-09-14 01:14:41,364 [e152a9cb-50bd-4473-abda-9918c470cf1e@group-8AF4B479ECA4-FollowerState] INFO  impl.FollowerState (FollowerState.java:run(152)) - e152a9cb-50bd-4473-abda-9918c470cf1e@group-8AF4B479ECA4-FollowerState was interrupted
2022-09-14 01:14:41,366 [grpc-default-executor-2] INFO  server.RaftServer$Division (RaftServerImpl.java:requestVote(1184)) - 949a54d7-9098-427f-a66d-64783e047bdb@group-8AF4B479ECA4 replies to ELECTION vote request: d38685a6-2183-48c3-b209-d48d12164108<-949a54d7-9098-427f-a66d-64783e047bdb#0:FAIL-t4. Peer's state: 949a54d7-9098-427f-a66d-64783e047bdb@group-8AF4B479ECA4:t4, leader=null, voted=null, raftlog=949a54d7-9098-427f-a66d-64783e047bdb@group-8AF4B479ECA4-SegmentedRaftLog:OPENED:c-1, conf=-1: [d38685a6-2183-48c3-b209-d48d12164108|rpc:10.1.0.6:39093|priority:0, e152a9cb-50bd-4473-abda-9918c470cf1e|rpc:10.1.0.6:43759|priority:0, 949a54d7-9098-427f-a66d-64783e047bdb|rpc:10.1.0.6:46425|priority:1], old=null
2022-09-14 01:14:41,371 [d38685a6-2183-48c3-b209-d48d12164108@group-8AF4B479ECA4-LeaderElection13] INFO  impl.LeaderElection (LeaderElection.java:logAndReturn(90)) - d38685a6-2183-48c3-b209-d48d12164108@group-8AF4B479ECA4-LeaderElection13: ELECTION REJECTED received 2 response(s) and 0 exception(s):
2022-09-14 01:14:41,372 [d38685a6-2183-48c3-b209-d48d12164108@group-8AF4B479ECA4-LeaderElection13] INFO  impl.LeaderElection (LeaderElection.java:logAndReturn(94)) -   Response 0: d38685a6-2183-48c3-b209-d48d12164108<-e152a9cb-50bd-4473-abda-9918c470cf1e#0:OK-t4
2022-09-14 01:14:41,372 [d38685a6-2183-48c3-b209-d48d12164108@group-8AF4B479ECA4-LeaderElection13] INFO  impl.LeaderElection (LeaderElection.java:logAndReturn(94)) -   Response 1: d38685a6-2183-48c3-b209-d48d12164108<-949a54d7-9098-427f-a66d-64783e047bdb#0:FAIL-t4
2022-09-14 01:14:41,372 [d38685a6-2183-48c3-b209-d48d12164108@group-8AF4B479ECA4-LeaderElection13] INFO  impl.LeaderElection (LeaderElection.java:askForVotes(312)) - d38685a6-2183-48c3-b209-d48d12164108@group-8AF4B479ECA4-LeaderElection13 ELECTION round 0: result REJECTED
2022-09-14 01:14:41,372 [d38685a6-2183-48c3-b209-d48d12164108@group-8AF4B479ECA4-LeaderElection13] INFO  server.RaftServer$Division (RaftServerImpl.java:setRole(299)) - d38685a6-2183-48c3-b209-d48d12164108@group-8AF4B479ECA4: changes role from CANDIDATE to FOLLOWER at term 4 for REJECTED
2022-09-14 01:14:41,372 [d38685a6-2183-48c3-b209-d48d12164108@group-8AF4B479ECA4-LeaderElection13] INFO  impl.RoleInfo (RoleInfo.java:shutdownLeaderElection(130)) - d38685a6-2183-48c3-b209-d48d12164108: shutdown d38685a6-2183-48c3-b209-d48d12164108@group-8AF4B479ECA4-LeaderElection13
2022-09-14 01:14:41,372 [d38685a6-2183-48c3-b209-d48d12164108@group-8AF4B479ECA4-LeaderElection13] INFO  impl.RoleInfo (RoleInfo.java:updateAndGet(139)) - d38685a6-2183-48c3-b209-d48d12164108: start d38685a6-2183-48c3-b209-d48d12164108@group-8AF4B479ECA4-FollowerState
2022-09-14 01:14:46,380 [d38685a6-2183-48c3-b209-d48d12164108@group-8AF4B479ECA4-FollowerState] INFO  impl.FollowerState (FollowerState.java:run(143)) - d38685a6-2183-48c3-b209-d48d12164108@group-8AF4B479ECA4-FollowerState: change to CANDIDATE, lastRpcElapsedTime:5008264615ns, electionTimeout:5003ms
2022-09-14 01:14:46,381 [d38685a6-2183-48c3-b209-d48d12164108@group-8AF4B479ECA4-FollowerState] INFO  impl.RoleInfo (RoleInfo.java:shutdownFollowerState(110)) - d38685a6-2183-48c3-b209-d48d12164108: shutdown d38685a6-2183-48c3-b209-d48d12164108@group-8AF4B479ECA4-FollowerState
2022-09-14 01:14:46,381 [d38685a6-2183-48c3-b209-d48d12164108@group-8AF4B479ECA4-FollowerState] INFO  server.RaftServer$Division (RaftServerImpl.java:setRole(299)) - d38685a6-2183-48c3-b209-d48d12164108@group-8AF4B479ECA4: changes role from  FOLLOWER to CANDIDATE at term 4 for changeToCandidate
2022-09-14 01:14:46,382 [d38685a6-2183-48c3-b209-d48d12164108@group-8AF4B479ECA4-FollowerState] INFO  server.RaftServerConfigKeys (ConfUtils.java:logGet(46)) - raft.server.leaderelection.pre-vote = false (custom)
2022-09-14 01:14:46,382 [d38685a6-2183-48c3-b209-d48d12164108@group-8AF4B479ECA4-FollowerState] INFO  impl.RoleInfo (RoleInfo.java:updateAndGet(139)) - d38685a6-2183-48c3-b209-d48d12164108: start d38685a6-2183-48c3-b209-d48d12164108@group-8AF4B479ECA4-LeaderElection14
2022-09-14 01:14:46,385 [d38685a6-2183-48c3-b209-d48d12164108@group-8AF4B479ECA4-LeaderElection14] INFO  impl.LeaderElection (LeaderElection.java:askForVotes(310)) - d38685a6-2183-48c3-b209-d48d12164108@group-8AF4B479ECA4-LeaderElection14 ELECTION round 0: submit vote requests at term 5 for -1: [d38685a6-2183-48c3-b209-d48d12164108|rpc:10.1.0.6:39093|priority:0, e152a9cb-50bd-4473-abda-9918c470cf1e|rpc:10.1.0.6:43759|priority:0, 949a54d7-9098-427f-a66d-64783e047bdb|rpc:10.1.0.6:46425|priority:1], old=null
2022-09-14 01:14:46,390 [grpc-default-executor-2] INFO  server.RaftServer$Division (RaftServerImpl.java:requestVote(1152)) - e152a9cb-50bd-4473-abda-9918c470cf1e@group-8AF4B479ECA4: receive requestVote(ELECTION, d38685a6-2183-48c3-b209-d48d12164108, group-8AF4B479ECA4, 5, (t:0, i:0))
2022-09-14 01:14:46,390 [grpc-default-executor-2] INFO  impl.VoteContext (VoteContext.java:log(48)) - e152a9cb-50bd-4473-abda-9918c470cf1e@group-8AF4B479ECA4-FOLLOWER: accept ELECTION from d38685a6-2183-48c3-b209-d48d12164108: our priority 0 <= candidate's priority 0
2022-09-14 01:14:46,390 [grpc-default-executor-2] INFO  server.RaftServer$Division (RaftServerImpl.java:setRole(299)) - e152a9cb-50bd-4473-abda-9918c470cf1e@group-8AF4B479ECA4: changes role from  FOLLOWER to FOLLOWER at term 5 for candidate:d38685a6-2183-48c3-b209-d48d12164108
2022-09-14 01:14:46,390 [grpc-default-executor-2] INFO  impl.RoleInfo (RoleInfo.java:shutdownFollowerState(110)) - e152a9cb-50bd-4473-abda-9918c470cf1e: shutdown e152a9cb-50bd-4473-abda-9918c470cf1e@group-8AF4B479ECA4-FollowerState
2022-09-14 01:14:46,390 [grpc-default-executor-2] INFO  impl.RoleInfo (RoleInfo.java:updateAndGet(139)) - e152a9cb-50bd-4473-abda-9918c470cf1e: start e152a9cb-50bd-4473-abda-9918c470cf1e@group-8AF4B479ECA4-FollowerState
2022-09-14 01:14:46,390 [e152a9cb-50bd-4473-abda-9918c470cf1e@group-8AF4B479ECA4-FollowerState] INFO  impl.FollowerState (FollowerState.java:run(152)) - e152a9cb-50bd-4473-abda-9918c470cf1e@group-8AF4B479ECA4-FollowerState was interrupted
2022-09-14 01:14:46,394 [grpc-default-executor-0] INFO  server.RaftServer$Division (RaftServerImpl.java:requestVote(1152)) - 949a54d7-9098-427f-a66d-64783e047bdb@group-8AF4B479ECA4: receive requestVote(ELECTION, d38685a6-2183-48c3-b209-d48d12164108, group-8AF4B479ECA4, 5, (t:0, i:0))
2022-09-14 01:14:46,394 [grpc-default-executor-0] INFO  impl.VoteContext (VoteContext.java:log(48)) - 949a54d7-9098-427f-a66d-64783e047bdb@group-8AF4B479ECA4-FOLLOWER: reject ELECTION from d38685a6-2183-48c3-b209-d48d12164108: our priority 1 > candidate's priority 0
2022-09-14 01:14:46,394 [grpc-default-executor-0] INFO  server.RaftServer$Division (RaftServerImpl.java:setRole(299)) - 949a54d7-9098-427f-a66d-64783e047bdb@group-8AF4B479ECA4: changes role from  FOLLOWER to FOLLOWER at term 5 for candidate:d38685a6-2183-48c3-b209-d48d12164108
2022-09-14 01:14:46,395 [grpc-default-executor-0] INFO  impl.RoleInfo (RoleInfo.java:shutdownFollowerState(110)) - 949a54d7-9098-427f-a66d-64783e047bdb: shutdown 949a54d7-9098-427f-a66d-64783e047bdb@group-8AF4B479ECA4-FollowerState
2022-09-14 01:14:46,395 [grpc-default-executor-0] INFO  impl.RoleInfo (RoleInfo.java:updateAndGet(139)) - 949a54d7-9098-427f-a66d-64783e047bdb: start 949a54d7-9098-427f-a66d-64783e047bdb@group-8AF4B479ECA4-FollowerState
2022-09-14 01:14:46,395 [949a54d7-9098-427f-a66d-64783e047bdb@group-8AF4B479ECA4-FollowerState] INFO  impl.FollowerState (FollowerState.java:run(152)) - 949a54d7-9098-427f-a66d-64783e047bdb@group-8AF4B479ECA4-FollowerState was interrupted
2022-09-14 01:14:46,395 [grpc-default-executor-2] INFO  server.RaftServer$Division (RaftServerImpl.java:requestVote(1184)) - e152a9cb-50bd-4473-abda-9918c470cf1e@group-8AF4B479ECA4 replies to ELECTION vote request: d38685a6-2183-48c3-b209-d48d12164108<-e152a9cb-50bd-4473-abda-9918c470cf1e#0:OK-t5. Peer's state: e152a9cb-50bd-4473-abda-9918c470cf1e@group-8AF4B479ECA4:t5, leader=null, voted=d38685a6-2183-48c3-b209-d48d12164108, raftlog=e152a9cb-50bd-4473-abda-9918c470cf1e@group-8AF4B479ECA4-SegmentedRaftLog:OPENED:c-1, conf=-1: [d38685a6-2183-48c3-b209-d48d12164108|rpc:10.1.0.6:39093|priority:0, e152a9cb-50bd-4473-abda-9918c470cf1e|rpc:10.1.0.6:43759|priority:0, 949a54d7-9098-427f-a66d-64783e047bdb|rpc:10.1.0.6:46425|priority:1], old=null
2022-09-14 01:14:46,401 [grpc-default-executor-0] INFO  server.RaftServer$Division (RaftServerImpl.java:requestVote(1184)) - 949a54d7-9098-427f-a66d-64783e047bdb@group-8AF4B479ECA4 replies to ELECTION vote request: d38685a6-2183-48c3-b209-d48d12164108<-949a54d7-9098-427f-a66d-64783e047bdb#0:FAIL-t5. Peer's state: 949a54d7-9098-427f-a66d-64783e047bdb@group-8AF4B479ECA4:t5, leader=null, voted=null, raftlog=949a54d7-9098-427f-a66d-64783e047bdb@group-8AF4B479ECA4-SegmentedRaftLog:OPENED:c-1, conf=-1: [d38685a6-2183-48c3-b209-d48d12164108|rpc:10.1.0.6:39093|priority:0, e152a9cb-50bd-4473-abda-9918c470cf1e|rpc:10.1.0.6:43759|priority:0, 949a54d7-9098-427f-a66d-64783e047bdb|rpc:10.1.0.6:46425|priority:1], old=null
2022-09-14 01:14:46,402 [d38685a6-2183-48c3-b209-d48d12164108@group-8AF4B479ECA4-LeaderElection14] INFO  impl.LeaderElection (LeaderElection.java:logAndReturn(90)) - d38685a6-2183-48c3-b209-d48d12164108@group-8AF4B479ECA4-LeaderElection14: ELECTION REJECTED received 2 response(s) and 0 exception(s):
2022-09-14 01:14:46,403 [d38685a6-2183-48c3-b209-d48d12164108@group-8AF4B479ECA4-LeaderElection14] INFO  impl.LeaderElection (LeaderElection.java:logAndReturn(94)) -   Response 0: d38685a6-2183-48c3-b209-d48d12164108<-e152a9cb-50bd-4473-abda-9918c470cf1e#0:OK-t5
2022-09-14 01:14:46,403 [d38685a6-2183-48c3-b209-d48d12164108@group-8AF4B479ECA4-LeaderElection14] INFO  impl.LeaderElection (LeaderElection.java:logAndReturn(94)) -   Response 1: d38685a6-2183-48c3-b209-d48d12164108<-949a54d7-9098-427f-a66d-64783e047bdb#0:FAIL-t5
2022-09-14 01:14:46,403 [d38685a6-2183-48c3-b209-d48d12164108@group-8AF4B479ECA4-LeaderElection14] INFO  impl.LeaderElection (LeaderElection.java:askForVotes(312)) - d38685a6-2183-48c3-b209-d48d12164108@group-8AF4B479ECA4-LeaderElection14 ELECTION round 0: result REJECTED
2022-09-14 01:14:46,403 [d38685a6-2183-48c3-b209-d48d12164108@group-8AF4B479ECA4-LeaderElection14] INFO  server.RaftServer$Division (RaftServerImpl.java:setRole(299)) - d38685a6-2183-48c3-b209-d48d12164108@group-8AF4B479ECA4: changes role from CANDIDATE to FOLLOWER at term 5 for REJECTED
2022-09-14 01:14:46,403 [d38685a6-2183-48c3-b209-d48d12164108@group-8AF4B479ECA4-LeaderElection14] INFO  impl.RoleInfo (RoleInfo.java:shutdownLeaderElection(130)) - d38685a6-2183-48c3-b209-d48d12164108: shutdown d38685a6-2183-48c3-b209-d48d12164108@group-8AF4B479ECA4-LeaderElection14
2022-09-14 01:14:46,403 [d38685a6-2183-48c3-b209-d48d12164108@group-8AF4B479ECA4-LeaderElection14] INFO  impl.RoleInfo (RoleInfo.java:updateAndGet(139)) - d38685a6-2183-48c3-b209-d48d12164108: start d38685a6-2183-48c3-b209-d48d12164108@group-8AF4B479ECA4-FollowerState
2022-09-14 01:14:51,430 [d38685a6-2183-48c3-b209-d48d12164108@group-8AF4B479ECA4-FollowerState] INFO  impl.FollowerState (FollowerState.java:run(143)) - d38685a6-2183-48c3-b209-d48d12164108@group-8AF4B479ECA4-FollowerState: change to CANDIDATE, lastRpcElapsedTime:5026488303ns, electionTimeout:5025ms
2022-09-14 01:14:51,431 [d38685a6-2183-48c3-b209-d48d12164108@group-8AF4B479ECA4-FollowerState] INFO  impl.RoleInfo (RoleInfo.java:shutdownFollowerState(110)) - d38685a6-2183-48c3-b209-d48d12164108: shutdown d38685a6-2183-48c3-b209-d48d12164108@group-8AF4B479ECA4-FollowerState
2022-09-14 01:14:51,431 [d38685a6-2183-48c3-b209-d48d12164108@group-8AF4B479ECA4-FollowerState] INFO  server.RaftServer$Division (RaftServerImpl.java:setRole(299)) - d38685a6-2183-48c3-b209-d48d12164108@group-8AF4B479ECA4: changes role from  FOLLOWER to CANDIDATE at term 5 for changeToCandidate
2022-09-14 01:14:51,431 [d38685a6-2183-48c3-b209-d48d12164108@group-8AF4B479ECA4-FollowerState] INFO  server.RaftServerConfigKeys (ConfUtils.java:logGet(46)) - raft.server.leaderelection.pre-vote = false (custom)
2022-09-14 01:14:51,431 [d38685a6-2183-48c3-b209-d48d12164108@group-8AF4B479ECA4-FollowerState] INFO  impl.RoleInfo (RoleInfo.java:updateAndGet(139)) - d38685a6-2183-48c3-b209-d48d12164108: start d38685a6-2183-48c3-b209-d48d12164108@group-8AF4B479ECA4-LeaderElection15
2022-09-14 01:14:51,436 [d38685a6-2183-48c3-b209-d48d12164108@group-8AF4B479ECA4-LeaderElection15] INFO  impl.LeaderElection (LeaderElection.java:askForVotes(310)) - d38685a6-2183-48c3-b209-d48d12164108@group-8AF4B479ECA4-LeaderElection15 ELECTION round 0: submit vote requests at term 6 for -1: [d38685a6-2183-48c3-b209-d48d12164108|rpc:10.1.0.6:39093|priority:0, e152a9cb-50bd-4473-abda-9918c470cf1e|rpc:10.1.0.6:43759|priority:0, 949a54d7-9098-427f-a66d-64783e047bdb|rpc:10.1.0.6:46425|priority:1], old=null
2022-09-14 01:14:51,440 [grpc-default-executor-0] INFO  server.RaftServer$Division (RaftServerImpl.java:requestVote(1152)) - e152a9cb-50bd-4473-abda-9918c470cf1e@group-8AF4B479ECA4: receive requestVote(ELECTION, d38685a6-2183-48c3-b209-d48d12164108, group-8AF4B479ECA4, 6, (t:0, i:0))
2022-09-14 01:14:51,440 [grpc-default-executor-0] INFO  impl.VoteContext (VoteContext.java:log(48)) - e152a9cb-50bd-4473-abda-9918c470cf1e@group-8AF4B479ECA4-FOLLOWER: accept ELECTION from d38685a6-2183-48c3-b209-d48d12164108: our priority 0 <= candidate's priority 0
2022-09-14 01:14:51,440 [grpc-default-executor-0] INFO  server.RaftServer$Division (RaftServerImpl.java:setRole(299)) - e152a9cb-50bd-4473-abda-9918c470cf1e@group-8AF4B479ECA4: changes role from  FOLLOWER to FOLLOWER at term 6 for candidate:d38685a6-2183-48c3-b209-d48d12164108
2022-09-14 01:14:51,441 [grpc-default-executor-0] INFO  impl.RoleInfo (RoleInfo.java:shutdownFollowerState(110)) - e152a9cb-50bd-4473-abda-9918c470cf1e: shutdown e152a9cb-50bd-4473-abda-9918c470cf1e@group-8AF4B479ECA4-FollowerState
2022-09-14 01:14:51,441 [grpc-default-executor-0] INFO  impl.RoleInfo (RoleInfo.java:updateAndGet(139)) - e152a9cb-50bd-4473-abda-9918c470cf1e: start e152a9cb-50bd-4473-abda-9918c470cf1e@group-8AF4B479ECA4-FollowerState
2022-09-14 01:14:51,441 [e152a9cb-50bd-4473-abda-9918c470cf1e@group-8AF4B479ECA4-FollowerState] INFO  impl.FollowerState (FollowerState.java:run(152)) - e152a9cb-50bd-4473-abda-9918c470cf1e@group-8AF4B479ECA4-FollowerState was interrupted
2022-09-14 01:14:51,449 [grpc-default-executor-0] INFO  server.RaftServer$Division (RaftServerImpl.java:requestVote(1184)) - e152a9cb-50bd-4473-abda-9918c470cf1e@group-8AF4B479ECA4 replies to ELECTION vote request: d38685a6-2183-48c3-b209-d48d12164108<-e152a9cb-50bd-4473-abda-9918c470cf1e#0:OK-t6. Peer's state: e152a9cb-50bd-4473-abda-9918c470cf1e@group-8AF4B479ECA4:t6, leader=null, voted=d38685a6-2183-48c3-b209-d48d12164108, raftlog=e152a9cb-50bd-4473-abda-9918c470cf1e@group-8AF4B479ECA4-SegmentedRaftLog:OPENED:c-1, conf=-1: [d38685a6-2183-48c3-b209-d48d12164108|rpc:10.1.0.6:39093|priority:0, e152a9cb-50bd-4473-abda-9918c470cf1e|rpc:10.1.0.6:43759|priority:0, 949a54d7-9098-427f-a66d-64783e047bdb|rpc:10.1.0.6:46425|priority:1], old=null
2022-09-14 01:14:51,452 [949a54d7-9098-427f-a66d-64783e047bdb@group-8AF4B479ECA4-FollowerState] INFO  impl.FollowerState (FollowerState.java:run(143)) - 949a54d7-9098-427f-a66d-64783e047bdb@group-8AF4B479ECA4-FollowerState: change to CANDIDATE, lastRpcElapsedTime:5057088742ns, electionTimeout:5050ms
2022-09-14 01:14:51,452 [949a54d7-9098-427f-a66d-64783e047bdb@group-8AF4B479ECA4-FollowerState] INFO  impl.RoleInfo (RoleInfo.java:shutdownFollowerState(110)) - 949a54d7-9098-427f-a66d-64783e047bdb: shutdown 949a54d7-9098-427f-a66d-64783e047bdb@group-8AF4B479ECA4-FollowerState
2022-09-14 01:14:51,452 [949a54d7-9098-427f-a66d-64783e047bdb@group-8AF4B479ECA4-FollowerState] INFO  server.RaftServer$Division (RaftServerImpl.java:setRole(299)) - 949a54d7-9098-427f-a66d-64783e047bdb@group-8AF4B479ECA4: changes role from  FOLLOWER to CANDIDATE at term 5 for changeToCandidate
2022-09-14 01:14:51,452 [949a54d7-9098-427f-a66d-64783e047bdb@group-8AF4B479ECA4-FollowerState] INFO  server.RaftServerConfigKeys (ConfUtils.java:logGet(46)) - raft.server.leaderelection.pre-vote = false (custom)
2022-09-14 01:14:51,453 [949a54d7-9098-427f-a66d-64783e047bdb@group-8AF4B479ECA4-FollowerState] INFO  impl.RoleInfo (RoleInfo.java:updateAndGet(139)) - 949a54d7-9098-427f-a66d-64783e047bdb: start 949a54d7-9098-427f-a66d-64783e047bdb@group-8AF4B479ECA4-LeaderElection16
2022-09-14 01:14:51,459 [grpc-default-executor-0] INFO  server.RaftServer$Division (RaftServerImpl.java:requestVote(1152)) - 949a54d7-9098-427f-a66d-64783e047bdb@group-8AF4B479ECA4: receive requestVote(ELECTION, d38685a6-2183-48c3-b209-d48d12164108, group-8AF4B479ECA4, 6, (t:0, i:0))
2022-09-14 01:14:51,460 [949a54d7-9098-427f-a66d-64783e047bdb@group-8AF4B479ECA4-LeaderElection16] INFO  impl.LeaderElection (LeaderElection.java:askForVotes(310)) - 949a54d7-9098-427f-a66d-64783e047bdb@group-8AF4B479ECA4-LeaderElection16 ELECTION round 0: submit vote requests at term 6 for -1: [d38685a6-2183-48c3-b209-d48d12164108|rpc:10.1.0.6:39093|priority:0, e152a9cb-50bd-4473-abda-9918c470cf1e|rpc:10.1.0.6:43759|priority:0, 949a54d7-9098-427f-a66d-64783e047bdb|rpc:10.1.0.6:46425|priority:1], old=null
2022-09-14 01:14:51,460 [grpc-default-executor-0] INFO  impl.VoteContext (VoteContext.java:log(48)) - 949a54d7-9098-427f-a66d-64783e047bdb@group-8AF4B479ECA4-CANDIDATE: reject ELECTION from d38685a6-2183-48c3-b209-d48d12164108: already has voted for 949a54d7-9098-427f-a66d-64783e047bdb at current term 6
2022-09-14 01:14:51,460 [grpc-default-executor-0] INFO  server.RaftServer$Division (RaftServerImpl.java:requestVote(1184)) - 949a54d7-9098-427f-a66d-64783e047bdb@group-8AF4B479ECA4 replies to ELECTION vote request: d38685a6-2183-48c3-b209-d48d12164108<-949a54d7-9098-427f-a66d-64783e047bdb#0:FAIL-t6. Peer's state: 949a54d7-9098-427f-a66d-64783e047bdb@group-8AF4B479ECA4:t6, leader=null, voted=949a54d7-9098-427f-a66d-64783e047bdb, raftlog=949a54d7-9098-427f-a66d-64783e047bdb@group-8AF4B479ECA4-SegmentedRaftLog:OPENED:c-1, conf=-1: [d38685a6-2183-48c3-b209-d48d12164108|rpc:10.1.0.6:39093|priority:0, e152a9cb-50bd-4473-abda-9918c470cf1e|rpc:10.1.0.6:43759|priority:0, 949a54d7-9098-427f-a66d-64783e047bdb|rpc:10.1.0.6:46425|priority:1], old=null
2022-09-14 01:14:51,462 [d38685a6-2183-48c3-b209-d48d12164108@group-8AF4B479ECA4-LeaderElection15] INFO  impl.LeaderElection (LeaderElection.java:logAndReturn(90)) - d38685a6-2183-48c3-b209-d48d12164108@group-8AF4B479ECA4-LeaderElection15: ELECTION REJECTED received 2 response(s) and 0 exception(s):
2022-09-14 01:14:51,463 [d38685a6-2183-48c3-b209-d48d12164108@group-8AF4B479ECA4-LeaderElection15] INFO  impl.LeaderElection (LeaderElection.java:logAndReturn(94)) -   Response 0: d38685a6-2183-48c3-b209-d48d12164108<-e152a9cb-50bd-4473-abda-9918c470cf1e#0:OK-t6
2022-09-14 01:14:51,463 [d38685a6-2183-48c3-b209-d48d12164108@group-8AF4B479ECA4-LeaderElection15] INFO  impl.LeaderElection (LeaderElection.java:logAndReturn(94)) -   Response 1: d38685a6-2183-48c3-b209-d48d12164108<-949a54d7-9098-427f-a66d-64783e047bdb#0:FAIL-t6
2022-09-14 01:14:51,464 [d38685a6-2183-48c3-b209-d48d12164108@group-8AF4B479ECA4-LeaderElection15] INFO  impl.LeaderElection (LeaderElection.java:askForVotes(312)) - d38685a6-2183-48c3-b209-d48d12164108@group-8AF4B479ECA4-LeaderElection15 ELECTION round 0: result REJECTED
2022-09-14 01:14:51,465 [d38685a6-2183-48c3-b209-d48d12164108@group-8AF4B479ECA4-LeaderElection15] INFO  server.RaftServer$Division (RaftServerImpl.java:setRole(299)) - d38685a6-2183-48c3-b209-d48d12164108@group-8AF4B479ECA4: changes role from CANDIDATE to FOLLOWER at term 6 for REJECTED
2022-09-14 01:14:51,465 [d38685a6-2183-48c3-b209-d48d12164108@group-8AF4B479ECA4-LeaderElection15] INFO  impl.RoleInfo (RoleInfo.java:shutdownLeaderElection(130)) - d38685a6-2183-48c3-b209-d48d12164108: shutdown d38685a6-2183-48c3-b209-d48d12164108@group-8AF4B479ECA4-LeaderElection15
2022-09-14 01:14:51,465 [d38685a6-2183-48c3-b209-d48d12164108@group-8AF4B479ECA4-LeaderElection15] INFO  impl.RoleInfo (RoleInfo.java:updateAndGet(139)) - d38685a6-2183-48c3-b209-d48d12164108: start d38685a6-2183-48c3-b209-d48d12164108@group-8AF4B479ECA4-FollowerState
2022-09-14 01:14:51,471 [grpc-default-executor-0] INFO  server.RaftServer$Division (RaftServerImpl.java:requestVote(1152)) - d38685a6-2183-48c3-b209-d48d12164108@group-8AF4B479ECA4: receive requestVote(ELECTION, 949a54d7-9098-427f-a66d-64783e047bdb, group-8AF4B479ECA4, 6, (t:0, i:0))
2022-09-14 01:14:51,472 [grpc-default-executor-0] INFO  impl.VoteContext (VoteContext.java:log(48)) - d38685a6-2183-48c3-b209-d48d12164108@group-8AF4B479ECA4-FOLLOWER: reject ELECTION from 949a54d7-9098-427f-a66d-64783e047bdb: already has voted for d38685a6-2183-48c3-b209-d48d12164108 at current term 6
2022-09-14 01:14:51,472 [grpc-default-executor-0] INFO  server.RaftServer$Division (RaftServerImpl.java:requestVote(1184)) - d38685a6-2183-48c3-b209-d48d12164108@group-8AF4B479ECA4 replies to ELECTION vote request: 949a54d7-9098-427f-a66d-64783e047bdb<-d38685a6-2183-48c3-b209-d48d12164108#0:FAIL-t6. Peer's state: d38685a6-2183-48c3-b209-d48d12164108@group-8AF4B479ECA4:t6, leader=null, voted=d38685a6-2183-48c3-b209-d48d12164108, raftlog=d38685a6-2183-48c3-b209-d48d12164108@group-8AF4B479ECA4-SegmentedRaftLog:OPENED:c-1, conf=-1: [d38685a6-2183-48c3-b209-d48d12164108|rpc:10.1.0.6:39093|priority:0, e152a9cb-50bd-4473-abda-9918c470cf1e|rpc:10.1.0.6:43759|priority:0, 949a54d7-9098-427f-a66d-64783e047bdb|rpc:10.1.0.6:46425|priority:1], old=null
2022-09-14 01:14:51,478 [grpc-default-executor-0] INFO  server.RaftServer$Division (RaftServerImpl.java:requestVote(1152)) - e152a9cb-50bd-4473-abda-9918c470cf1e@group-8AF4B479ECA4: receive requestVote(ELECTION, 949a54d7-9098-427f-a66d-64783e047bdb, group-8AF4B479ECA4, 6, (t:0, i:0))
2022-09-14 01:14:51,478 [grpc-default-executor-0] INFO  impl.VoteContext (VoteContext.java:log(48)) - e152a9cb-50bd-4473-abda-9918c470cf1e@group-8AF4B479ECA4-FOLLOWER: reject ELECTION from 949a54d7-9098-427f-a66d-64783e047bdb: already has voted for d38685a6-2183-48c3-b209-d48d12164108 at current term 6
2022-09-14 01:14:51,478 [grpc-default-executor-0] INFO  server.RaftServer$Division (RaftServerImpl.java:requestVote(1184)) - e152a9cb-50bd-4473-abda-9918c470cf1e@group-8AF4B479ECA4 replies to ELECTION vote request: 949a54d7-9098-427f-a66d-64783e047bdb<-e152a9cb-50bd-4473-abda-9918c470cf1e#0:FAIL-t6. Peer's state: e152a9cb-50bd-4473-abda-9918c470cf1e@group-8AF4B479ECA4:t6, leader=null, voted=d38685a6-2183-48c3-b209-d48d12164108, raftlog=e152a9cb-50bd-4473-abda-9918c470cf1e@group-8AF4B479ECA4-SegmentedRaftLog:OPENED:c-1, conf=-1: [d38685a6-2183-48c3-b209-d48d12164108|rpc:10.1.0.6:39093|priority:0, e152a9cb-50bd-4473-abda-9918c470cf1e|rpc:10.1.0.6:43759|priority:0, 949a54d7-9098-427f-a66d-64783e047bdb|rpc:10.1.0.6:46425|priority:1], old=null
2022-09-14 01:14:51,479 [949a54d7-9098-427f-a66d-64783e047bdb@group-8AF4B479ECA4-LeaderElection16] INFO  impl.LeaderElection (LeaderElection.java:logAndReturn(90)) - 949a54d7-9098-427f-a66d-64783e047bdb@group-8AF4B479ECA4-LeaderElection16: ELECTION REJECTED received 2 response(s) and 0 exception(s):
2022-09-14 01:14:51,480 [949a54d7-9098-427f-a66d-64783e047bdb@group-8AF4B479ECA4-LeaderElection16] INFO  impl.LeaderElection (LeaderElection.java:logAndReturn(94)) -   Response 0: 949a54d7-9098-427f-a66d-64783e047bdb<-d38685a6-2183-48c3-b209-d48d12164108#0:FAIL-t6
2022-09-14 01:14:51,480 [949a54d7-9098-427f-a66d-64783e047bdb@group-8AF4B479ECA4-LeaderElection16] INFO  impl.LeaderElection (LeaderElection.java:logAndReturn(94)) -   Response 1: 949a54d7-9098-427f-a66d-64783e047bdb<-e152a9cb-50bd-4473-abda-9918c470cf1e#0:FAIL-t6
2022-09-14 01:14:51,480 [949a54d7-9098-427f-a66d-64783e047bdb@group-8AF4B479ECA4-LeaderElection16] INFO  impl.LeaderElection (LeaderElection.java:askForVotes(312)) - 949a54d7-9098-427f-a66d-64783e047bdb@group-8AF4B479ECA4-LeaderElection16 ELECTION round 0: result REJECTED
2022-09-14 01:14:51,480 [949a54d7-9098-427f-a66d-64783e047bdb@group-8AF4B479ECA4-LeaderElection16] INFO  server.RaftServer$Division (RaftServerImpl.java:setRole(299)) - 949a54d7-9098-427f-a66d-64783e047bdb@group-8AF4B479ECA4: changes role from CANDIDATE to FOLLOWER at term 6 for REJECTED
2022-09-14 01:14:51,480 [949a54d7-9098-427f-a66d-64783e047bdb@group-8AF4B479ECA4-LeaderElection16] INFO  impl.RoleInfo (RoleInfo.java:shutdownLeaderElection(130)) - 949a54d7-9098-427f-a66d-64783e047bdb: shutdown 949a54d7-9098-427f-a66d-64783e047bdb@group-8AF4B479ECA4-LeaderElection16
2022-09-14 01:14:51,480 [949a54d7-9098-427f-a66d-64783e047bdb@group-8AF4B479ECA4-LeaderElection16] INFO  impl.RoleInfo (RoleInfo.java:updateAndGet(139)) - 949a54d7-9098-427f-a66d-64783e047bdb: start 949a54d7-9098-427f-a66d-64783e047bdb@group-8AF4B479ECA4-FollowerState
2022-09-14 01:14:56,566 [d38685a6-2183-48c3-b209-d48d12164108@group-8AF4B479ECA4-FollowerState] INFO  impl.FollowerState (FollowerState.java:run(143)) - d38685a6-2183-48c3-b209-d48d12164108@group-8AF4B479ECA4-FollowerState: change to CANDIDATE, lastRpcElapsedTime:5101020898ns, electionTimeout:5100ms
2022-09-14 01:14:56,567 [d38685a6-2183-48c3-b209-d48d12164108@group-8AF4B479ECA4-FollowerState] INFO  impl.RoleInfo (RoleInfo.java:shutdownFollowerState(110)) - d38685a6-2183-48c3-b209-d48d12164108: shutdown d38685a6-2183-48c3-b209-d48d12164108@group-8AF4B479ECA4-FollowerState
2022-09-14 01:14:56,567 [d38685a6-2183-48c3-b209-d48d12164108@group-8AF4B479ECA4-FollowerState] INFO  server.RaftServer$Division (RaftServerImpl.java:setRole(299)) - d38685a6-2183-48c3-b209-d48d12164108@group-8AF4B479ECA4: changes role from  FOLLOWER to CANDIDATE at term 6 for changeToCandidate
2022-09-14 01:14:56,567 [d38685a6-2183-48c3-b209-d48d12164108@group-8AF4B479ECA4-FollowerState] INFO  server.RaftServerConfigKeys (ConfUtils.java:logGet(46)) - raft.server.leaderelection.pre-vote = false (custom)
2022-09-14 01:14:56,567 [d38685a6-2183-48c3-b209-d48d12164108@group-8AF4B479ECA4-FollowerState] INFO  impl.RoleInfo (RoleInfo.java:updateAndGet(139)) - d38685a6-2183-48c3-b209-d48d12164108: start d38685a6-2183-48c3-b209-d48d12164108@group-8AF4B479ECA4-LeaderElection17
2022-09-14 01:14:56,572 [d38685a6-2183-48c3-b209-d48d12164108@group-8AF4B479ECA4-LeaderElection17] INFO  impl.LeaderElection (LeaderElection.java:askForVotes(310)) - d38685a6-2183-48c3-b209-d48d12164108@group-8AF4B479ECA4-LeaderElection17 ELECTION round 0: submit vote requests at term 7 for -1: [d38685a6-2183-48c3-b209-d48d12164108|rpc:10.1.0.6:39093|priority:0, e152a9cb-50bd-4473-abda-9918c470cf1e|rpc:10.1.0.6:43759|priority:0, 949a54d7-9098-427f-a66d-64783e047bdb|rpc:10.1.0.6:46425|priority:1], old=null
2022-09-14 01:14:56,582 [grpc-default-executor-2] INFO  server.RaftServer$Division (RaftServerImpl.java:requestVote(1152)) - e152a9cb-50bd-4473-abda-9918c470cf1e@group-8AF4B479ECA4: receive requestVote(ELECTION, d38685a6-2183-48c3-b209-d48d12164108, group-8AF4B479ECA4, 7, (t:0, i:0))
2022-09-14 01:14:56,582 [grpc-default-executor-2] INFO  impl.VoteContext (VoteContext.java:log(48)) - e152a9cb-50bd-4473-abda-9918c470cf1e@group-8AF4B479ECA4-FOLLOWER: accept ELECTION from d38685a6-2183-48c3-b209-d48d12164108: our priority 0 <= candidate's priority 0
2022-09-14 01:14:56,583 [grpc-default-executor-2] INFO  server.RaftServer$Division (RaftServerImpl.java:setRole(299)) - e152a9cb-50bd-4473-abda-9918c470cf1e@group-8AF4B479ECA4: changes role from  FOLLOWER to FOLLOWER at term 7 for candidate:d38685a6-2183-48c3-b209-d48d12164108
2022-09-14 01:14:56,583 [grpc-default-executor-2] INFO  impl.RoleInfo (RoleInfo.java:shutdownFollowerState(110)) - e152a9cb-50bd-4473-abda-9918c470cf1e: shutdown e152a9cb-50bd-4473-abda-9918c470cf1e@group-8AF4B479ECA4-FollowerState
2022-09-14 01:14:56,583 [e152a9cb-50bd-4473-abda-9918c470cf1e@group-8AF4B479ECA4-FollowerState] INFO  impl.FollowerState (FollowerState.java:run(152)) - e152a9cb-50bd-4473-abda-9918c470cf1e@group-8AF4B479ECA4-FollowerState was interrupted
2022-09-14 01:14:56,583 [grpc-default-executor-2] INFO  impl.RoleInfo (RoleInfo.java:updateAndGet(139)) - e152a9cb-50bd-4473-abda-9918c470cf1e: start e152a9cb-50bd-4473-abda-9918c470cf1e@group-8AF4B479ECA4-FollowerState
2022-09-14 01:14:56,586 [grpc-default-executor-2] INFO  server.RaftServer$Division (RaftServerImpl.java:requestVote(1184)) - e152a9cb-50bd-4473-abda-9918c470cf1e@group-8AF4B479ECA4 replies to ELECTION vote request: d38685a6-2183-48c3-b209-d48d12164108<-e152a9cb-50bd-4473-abda-9918c470cf1e#0:OK-t7. Peer's state: e152a9cb-50bd-4473-abda-9918c470cf1e@group-8AF4B479ECA4:t7, leader=null, voted=d38685a6-2183-48c3-b209-d48d12164108, raftlog=e152a9cb-50bd-4473-abda-9918c470cf1e@group-8AF4B479ECA4-SegmentedRaftLog:OPENED:c-1, conf=-1: [d38685a6-2183-48c3-b209-d48d12164108|rpc:10.1.0.6:39093|priority:0, e152a9cb-50bd-4473-abda-9918c470cf1e|rpc:10.1.0.6:43759|priority:0, 949a54d7-9098-427f-a66d-64783e047bdb|rpc:10.1.0.6:46425|priority:1], old=null
2022-09-14 01:14:56,588 [grpc-default-executor-2] INFO  server.RaftServer$Division (RaftServerImpl.java:requestVote(1152)) - 949a54d7-9098-427f-a66d-64783e047bdb@group-8AF4B479ECA4: receive requestVote(ELECTION, d38685a6-2183-48c3-b209-d48d12164108, group-8AF4B479ECA4, 7, (t:0, i:0))
2022-09-14 01:14:56,588 [grpc-default-executor-2] INFO  impl.VoteContext (VoteContext.java:log(48)) - 949a54d7-9098-427f-a66d-64783e047bdb@group-8AF4B479ECA4-FOLLOWER: reject ELECTION from d38685a6-2183-48c3-b209-d48d12164108: our priority 1 > candidate's priority 0
2022-09-14 01:14:56,588 [grpc-default-executor-2] INFO  server.RaftServer$Division (RaftServerImpl.java:setRole(299)) - 949a54d7-9098-427f-a66d-64783e047bdb@group-8AF4B479ECA4: changes role from  FOLLOWER to FOLLOWER at term 7 for candidate:d38685a6-2183-48c3-b209-d48d12164108
2022-09-14 01:14:56,588 [grpc-default-executor-2] INFO  impl.RoleInfo (RoleInfo.java:shutdownFollowerState(110)) - 949a54d7-9098-427f-a66d-64783e047bdb: shutdown 949a54d7-9098-427f-a66d-64783e047bdb@group-8AF4B479ECA4-FollowerState
2022-09-14 01:14:56,588 [grpc-default-executor-2] INFO  impl.RoleInfo (RoleInfo.java:updateAndGet(139)) - 949a54d7-9098-427f-a66d-64783e047bdb: start 949a54d7-9098-427f-a66d-64783e047bdb@group-8AF4B479ECA4-FollowerState
2022-09-14 01:14:56,589 [949a54d7-9098-427f-a66d-64783e047bdb@group-8AF4B479ECA4-FollowerState] INFO  impl.FollowerState (FollowerState.java:run(152)) - 949a54d7-9098-427f-a66d-64783e047bdb@group-8AF4B479ECA4-FollowerState was interrupted
2022-09-14 01:14:56,590 [grpc-default-executor-2] INFO  server.RaftServer$Division (RaftServerImpl.java:requestVote(1184)) - 949a54d7-9098-427f-a66d-64783e047bdb@group-8AF4B479ECA4 replies to ELECTION vote request: d38685a6-2183-48c3-b209-d48d12164108<-949a54d7-9098-427f-a66d-64783e047bdb#0:FAIL-t7. Peer's state: 949a54d7-9098-427f-a66d-64783e047bdb@group-8AF4B479ECA4:t7, leader=null, voted=null, raftlog=949a54d7-9098-427f-a66d-64783e047bdb@group-8AF4B479ECA4-SegmentedRaftLog:OPENED:c-1, conf=-1: [d38685a6-2183-48c3-b209-d48d12164108|rpc:10.1.0.6:39093|priority:0, e152a9cb-50bd-4473-abda-9918c470cf1e|rpc:10.1.0.6:43759|priority:0, 949a54d7-9098-427f-a66d-64783e047bdb|rpc:10.1.0.6:46425|priority:1], old=null
2022-09-14 01:14:56,592 [d38685a6-2183-48c3-b209-d48d12164108@group-8AF4B479ECA4-LeaderElection17] INFO  impl.LeaderElection (LeaderElection.java:logAndReturn(90)) - d38685a6-2183-48c3-b209-d48d12164108@group-8AF4B479ECA4-LeaderElection17: ELECTION REJECTED received 2 response(s) and 0 exception(s):
2022-09-14 01:14:56,592 [d38685a6-2183-48c3-b209-d48d12164108@group-8AF4B479ECA4-LeaderElection17] INFO  impl.LeaderElection (LeaderElection.java:logAndReturn(94)) -   Response 0: d38685a6-2183-48c3-b209-d48d12164108<-e152a9cb-50bd-4473-abda-9918c470cf1e#0:OK-t7
2022-09-14 01:14:56,592 [d38685a6-2183-48c3-b209-d48d12164108@group-8AF4B479ECA4-LeaderElection17] INFO  impl.LeaderElection (LeaderElection.java:logAndReturn(94)) -   Response 1: d38685a6-2183-48c3-b209-d48d12164108<-949a54d7-9098-427f-a66d-64783e047bdb#0:FAIL-t7
2022-09-14 01:14:56,592 [d38685a6-2183-48c3-b209-d48d12164108@group-8AF4B479ECA4-LeaderElection17] INFO  impl.LeaderElection (LeaderElection.java:askForVotes(312)) - d38685a6-2183-48c3-b209-d48d12164108@group-8AF4B479ECA4-LeaderElection17 ELECTION round 0: result REJECTED
2022-09-14 01:14:56,593 [d38685a6-2183-48c3-b209-d48d12164108@group-8AF4B479ECA4-LeaderElection17] INFO  server.RaftServer$Division (RaftServerImpl.java:setRole(299)) - d38685a6-2183-48c3-b209-d48d12164108@group-8AF4B479ECA4: changes role from CANDIDATE to FOLLOWER at term 7 for REJECTED
2022-09-14 01:14:56,593 [d38685a6-2183-48c3-b209-d48d12164108@group-8AF4B479ECA4-LeaderElection17] INFO  impl.RoleInfo (RoleInfo.java:shutdownLeaderElection(130)) - d38685a6-2183-48c3-b209-d48d12164108: shutdown d38685a6-2183-48c3-b209-d48d12164108@group-8AF4B479ECA4-LeaderElection17
2022-09-14 01:14:56,593 [d38685a6-2183-48c3-b209-d48d12164108@group-8AF4B479ECA4-LeaderElection17] INFO  impl.RoleInfo (RoleInfo.java:updateAndGet(139)) - d38685a6-2183-48c3-b209-d48d12164108: start d38685a6-2183-48c3-b209-d48d12164108@group-8AF4B479ECA4-FollowerState
2022-09-14 01:15:01,640 [d38685a6-2183-48c3-b209-d48d12164108@group-8AF4B479ECA4-FollowerState] INFO  impl.FollowerState (FollowerState.java:run(143)) - d38685a6-2183-48c3-b209-d48d12164108@group-8AF4B479ECA4-FollowerState: change to CANDIDATE, lastRpcElapsedTime:5046825079ns, electionTimeout:5046ms
2022-09-14 01:15:01,641 [d38685a6-2183-48c3-b209-d48d12164108@group-8AF4B479ECA4-FollowerState] INFO  impl.RoleInfo (RoleInfo.java:shutdownFollowerState(110)) - d38685a6-2183-48c3-b209-d48d12164108: shutdown d38685a6-2183-48c3-b209-d48d12164108@group-8AF4B479ECA4-FollowerState
2022-09-14 01:15:01,641 [d38685a6-2183-48c3-b209-d48d12164108@group-8AF4B479ECA4-FollowerState] INFO  server.RaftServer$Division (RaftServerImpl.java:setRole(299)) - d38685a6-2183-48c3-b209-d48d12164108@group-8AF4B479ECA4: changes role from  FOLLOWER to CANDIDATE at term 7 for changeToCandidate
2022-09-14 01:15:01,641 [d38685a6-2183-48c3-b209-d48d12164108@group-8AF4B479ECA4-FollowerState] INFO  server.RaftServerConfigKeys (ConfUtils.java:logGet(46)) - raft.server.leaderelection.pre-vote = false (custom)
2022-09-14 01:15:01,641 [d38685a6-2183-48c3-b209-d48d12164108@group-8AF4B479ECA4-FollowerState] INFO  impl.RoleInfo (RoleInfo.java:updateAndGet(139)) - d38685a6-2183-48c3-b209-d48d12164108: start d38685a6-2183-48c3-b209-d48d12164108@group-8AF4B479ECA4-LeaderElection18
2022-09-14 01:15:01,645 [d38685a6-2183-48c3-b209-d48d12164108@group-8AF4B479ECA4-LeaderElection18] INFO  impl.LeaderElection (LeaderElection.java:askForVotes(310)) - d38685a6-2183-48c3-b209-d48d12164108@group-8AF4B479ECA4-LeaderElection18 ELECTION round 0: submit vote requests at term 8 for -1: [d38685a6-2183-48c3-b209-d48d12164108|rpc:10.1.0.6:39093|priority:0, e152a9cb-50bd-4473-abda-9918c470cf1e|rpc:10.1.0.6:43759|priority:0, 949a54d7-9098-427f-a66d-64783e047bdb|rpc:10.1.0.6:46425|priority:1], old=null
2022-09-14 01:15:01,650 [grpc-default-executor-0] INFO  server.RaftServer$Division (RaftServerImpl.java:requestVote(1152)) - 949a54d7-9098-427f-a66d-64783e047bdb@group-8AF4B479ECA4: receive requestVote(ELECTION, d38685a6-2183-48c3-b209-d48d12164108, group-8AF4B479ECA4, 8, (t:0, i:0))
2022-09-14 01:15:01,650 [grpc-default-executor-0] INFO  impl.VoteContext (VoteContext.java:log(48)) - 949a54d7-9098-427f-a66d-64783e047bdb@group-8AF4B479ECA4-FOLLOWER: reject ELECTION from d38685a6-2183-48c3-b209-d48d12164108: our priority 1 > candidate's priority 0
2022-09-14 01:15:01,650 [grpc-default-executor-0] INFO  server.RaftServer$Division (RaftServerImpl.java:setRole(299)) - 949a54d7-9098-427f-a66d-64783e047bdb@group-8AF4B479ECA4: changes role from  FOLLOWER to FOLLOWER at term 8 for candidate:d38685a6-2183-48c3-b209-d48d12164108
2022-09-14 01:15:01,650 [grpc-default-executor-0] INFO  impl.RoleInfo (RoleInfo.java:shutdownFollowerState(110)) - 949a54d7-9098-427f-a66d-64783e047bdb: shutdown 949a54d7-9098-427f-a66d-64783e047bdb@group-8AF4B479ECA4-FollowerState
2022-09-14 01:15:01,650 [grpc-default-executor-0] INFO  impl.RoleInfo (RoleInfo.java:updateAndGet(139)) - 949a54d7-9098-427f-a66d-64783e047bdb: start 949a54d7-9098-427f-a66d-64783e047bdb@group-8AF4B479ECA4-FollowerState
2022-09-14 01:15:01,650 [949a54d7-9098-427f-a66d-64783e047bdb@group-8AF4B479ECA4-FollowerState] INFO  impl.FollowerState (FollowerState.java:run(152)) - 949a54d7-9098-427f-a66d-64783e047bdb@group-8AF4B479ECA4-FollowerState was interrupted
2022-09-14 01:15:01,653 [grpc-default-executor-0] INFO  server.RaftServer$Division (RaftServerImpl.java:requestVote(1184)) - 949a54d7-9098-427f-a66d-64783e047bdb@group-8AF4B479ECA4 replies to ELECTION vote request: d38685a6-2183-48c3-b209-d48d12164108<-949a54d7-9098-427f-a66d-64783e047bdb#0:FAIL-t8. Peer's state: 949a54d7-9098-427f-a66d-64783e047bdb@group-8AF4B479ECA4:t8, leader=null, voted=null, raftlog=949a54d7-9098-427f-a66d-64783e047bdb@group-8AF4B479ECA4-SegmentedRaftLog:OPENED:c-1, conf=-1: [d38685a6-2183-48c3-b209-d48d12164108|rpc:10.1.0.6:39093|priority:0, e152a9cb-50bd-4473-abda-9918c470cf1e|rpc:10.1.0.6:43759|priority:0, 949a54d7-9098-427f-a66d-64783e047bdb|rpc:10.1.0.6:46425|priority:1], old=null
2022-09-14 01:15:01,655 [grpc-default-executor-2] INFO  server.RaftServer$Division (RaftServerImpl.java:requestVote(1152)) - e152a9cb-50bd-4473-abda-9918c470cf1e@group-8AF4B479ECA4: receive requestVote(ELECTION, d38685a6-2183-48c3-b209-d48d12164108, group-8AF4B479ECA4, 8, (t:0, i:0))
2022-09-14 01:15:01,655 [grpc-default-executor-2] INFO  impl.VoteContext (VoteContext.java:log(48)) - e152a9cb-50bd-4473-abda-9918c470cf1e@group-8AF4B479ECA4-FOLLOWER: accept ELECTION from d38685a6-2183-48c3-b209-d48d12164108: our priority 0 <= candidate's priority 0
2022-09-14 01:15:01,655 [d38685a6-2183-48c3-b209-d48d12164108@group-8AF4B479ECA4-LeaderElection18] INFO  impl.LeaderElection (LeaderElection.java:logAndReturn(90)) - d38685a6-2183-48c3-b209-d48d12164108@group-8AF4B479ECA4-LeaderElection18: ELECTION REJECTED received 1 response(s) and 0 exception(s):
2022-09-14 01:15:01,655 [grpc-default-executor-2] INFO  server.RaftServer$Division (RaftServerImpl.java:setRole(299)) - e152a9cb-50bd-4473-abda-9918c470cf1e@group-8AF4B479ECA4: changes role from  FOLLOWER to FOLLOWER at term 8 for candidate:d38685a6-2183-48c3-b209-d48d12164108
2022-09-14 01:15:01,656 [grpc-default-executor-2] INFO  impl.RoleInfo (RoleInfo.java:shutdownFollowerState(110)) - e152a9cb-50bd-4473-abda-9918c470cf1e: shutdown e152a9cb-50bd-4473-abda-9918c470cf1e@group-8AF4B479ECA4-FollowerState
2022-09-14 01:15:01,656 [d38685a6-2183-48c3-b209-d48d12164108@group-8AF4B479ECA4-LeaderElection18] INFO  impl.LeaderElection (LeaderElection.java:logAndReturn(94)) -   Response 0: d38685a6-2183-48c3-b209-d48d12164108<-949a54d7-9098-427f-a66d-64783e047bdb#0:FAIL-t8
2022-09-14 01:15:01,656 [grpc-default-executor-2] INFO  impl.RoleInfo (RoleInfo.java:updateAndGet(139)) - e152a9cb-50bd-4473-abda-9918c470cf1e: start e152a9cb-50bd-4473-abda-9918c470cf1e@group-8AF4B479ECA4-FollowerState
2022-09-14 01:15:01,656 [d38685a6-2183-48c3-b209-d48d12164108@group-8AF4B479ECA4-LeaderElection18] INFO  impl.LeaderElection (LeaderElection.java:askForVotes(312)) - d38685a6-2183-48c3-b209-d48d12164108@group-8AF4B479ECA4-LeaderElection18 ELECTION round 0: result REJECTED
2022-09-14 01:15:01,656 [d38685a6-2183-48c3-b209-d48d12164108@group-8AF4B479ECA4-LeaderElection18] INFO  server.RaftServer$Division (RaftServerImpl.java:setRole(299)) - d38685a6-2183-48c3-b209-d48d12164108@group-8AF4B479ECA4: changes role from CANDIDATE to FOLLOWER at term 8 for REJECTED
2022-09-14 01:15:01,656 [d38685a6-2183-48c3-b209-d48d12164108@group-8AF4B479ECA4-LeaderElection18] INFO  impl.RoleInfo (RoleInfo.java:shutdownLeaderElection(130)) - d38685a6-2183-48c3-b209-d48d12164108: shutdown d38685a6-2183-48c3-b209-d48d12164108@group-8AF4B479ECA4-LeaderElection18
2022-09-14 01:15:01,656 [d38685a6-2183-48c3-b209-d48d12164108@group-8AF4B479ECA4-LeaderElection18] INFO  impl.RoleInfo (RoleInfo.java:updateAndGet(139)) - d38685a6-2183-48c3-b209-d48d12164108: start d38685a6-2183-48c3-b209-d48d12164108@group-8AF4B479ECA4-FollowerState
2022-09-14 01:15:01,656 [e152a9cb-50bd-4473-abda-9918c470cf1e@group-8AF4B479ECA4-FollowerState] INFO  impl.FollowerState (FollowerState.java:run(152)) - e152a9cb-50bd-4473-abda-9918c470cf1e@group-8AF4B479ECA4-FollowerState was interrupted
2022-09-14 01:15:01,658 [grpc-default-executor-2] INFO  server.RaftServer$Division (RaftServerImpl.java:requestVote(1184)) - e152a9cb-50bd-4473-abda-9918c470cf1e@group-8AF4B479ECA4 replies to ELECTION vote request: d38685a6-2183-48c3-b209-d48d12164108<-e152a9cb-50bd-4473-abda-9918c470cf1e#0:OK-t8. Peer's state: e152a9cb-50bd-4473-abda-9918c470cf1e@group-8AF4B479ECA4:t8, leader=null, voted=d38685a6-2183-48c3-b209-d48d12164108, raftlog=e152a9cb-50bd-4473-abda-9918c470cf1e@group-8AF4B479ECA4-SegmentedRaftLog:OPENED:c-1, conf=-1: [d38685a6-2183-48c3-b209-d48d12164108|rpc:10.1.0.6:39093|priority:0, e152a9cb-50bd-4473-abda-9918c470cf1e|rpc:10.1.0.6:43759|priority:0, 949a54d7-9098-427f-a66d-64783e047bdb|rpc:10.1.0.6:46425|priority:1], old=null
2022-09-14 01:15:06,718 [e152a9cb-50bd-4473-abda-9918c470cf1e@group-8AF4B479ECA4-FollowerState] INFO  impl.FollowerState (FollowerState.java:run(143)) - e152a9cb-50bd-4473-abda-9918c470cf1e@group-8AF4B479ECA4-FollowerState: change to CANDIDATE, lastRpcElapsedTime:5059472011ns, electionTimeout:5059ms
2022-09-14 01:15:06,718 [e152a9cb-50bd-4473-abda-9918c470cf1e@group-8AF4B479ECA4-FollowerState] INFO  impl.RoleInfo (RoleInfo.java:shutdownFollowerState(110)) - e152a9cb-50bd-4473-abda-9918c470cf1e: shutdown e152a9cb-50bd-4473-abda-9918c470cf1e@group-8AF4B479ECA4-FollowerState
2022-09-14 01:15:06,718 [e152a9cb-50bd-4473-abda-9918c470cf1e@group-8AF4B479ECA4-FollowerState] INFO  server.RaftServer$Division (RaftServerImpl.java:setRole(299)) - e152a9cb-50bd-4473-abda-9918c470cf1e@group-8AF4B479ECA4: changes role from  FOLLOWER to CANDIDATE at term 8 for changeToCandidate
2022-09-14 01:15:06,718 [e152a9cb-50bd-4473-abda-9918c470cf1e@group-8AF4B479ECA4-FollowerState] INFO  server.RaftServerConfigKeys (ConfUtils.java:logGet(46)) - raft.server.leaderelection.pre-vote = false (custom)
2022-09-14 01:15:06,718 [e152a9cb-50bd-4473-abda-9918c470cf1e@group-8AF4B479ECA4-FollowerState] INFO  impl.RoleInfo (RoleInfo.java:updateAndGet(139)) - e152a9cb-50bd-4473-abda-9918c470cf1e: start e152a9cb-50bd-4473-abda-9918c470cf1e@group-8AF4B479ECA4-LeaderElection19
2022-09-14 01:15:06,723 [e152a9cb-50bd-4473-abda-9918c470cf1e@group-8AF4B479ECA4-LeaderElection19] INFO  impl.LeaderElection (LeaderElection.java:askForVotes(310)) - e152a9cb-50bd-4473-abda-9918c470cf1e@group-8AF4B479ECA4-LeaderElection19 ELECTION round 0: submit vote requests at term 9 for -1: [d38685a6-2183-48c3-b209-d48d12164108|rpc:10.1.0.6:39093|priority:0, e152a9cb-50bd-4473-abda-9918c470cf1e|rpc:10.1.0.6:43759|priority:0, 949a54d7-9098-427f-a66d-64783e047bdb|rpc:10.1.0.6:46425|priority:1], old=null
2022-09-14 01:15:06,726 [949a54d7-9098-427f-a66d-64783e047bdb@group-8AF4B479ECA4-FollowerState] INFO  impl.FollowerState (FollowerState.java:run(143)) - 949a54d7-9098-427f-a66d-64783e047bdb@group-8AF4B479ECA4-FollowerState: change to CANDIDATE, lastRpcElapsedTime:5075528366ns, electionTimeout:5074ms
2022-09-14 01:15:06,726 [949a54d7-9098-427f-a66d-64783e047bdb@group-8AF4B479ECA4-FollowerState] INFO  impl.RoleInfo (RoleInfo.java:shutdownFollowerState(110)) - 949a54d7-9098-427f-a66d-64783e047bdb: shutdown 949a54d7-9098-427f-a66d-64783e047bdb@group-8AF4B479ECA4-FollowerState
2022-09-14 01:15:06,726 [949a54d7-9098-427f-a66d-64783e047bdb@group-8AF4B479ECA4-FollowerState] INFO  server.RaftServer$Division (RaftServerImpl.java:setRole(299)) - 949a54d7-9098-427f-a66d-64783e047bdb@group-8AF4B479ECA4: changes role from  FOLLOWER to CANDIDATE at term 8 for changeToCandidate
2022-09-14 01:15:06,726 [949a54d7-9098-427f-a66d-64783e047bdb@group-8AF4B479ECA4-FollowerState] INFO  server.RaftServerConfigKeys (ConfUtils.java:logGet(46)) - raft.server.leaderelection.pre-vote = false (custom)
2022-09-14 01:15:06,726 [949a54d7-9098-427f-a66d-64783e047bdb@group-8AF4B479ECA4-FollowerState] INFO  impl.RoleInfo (RoleInfo.java:updateAndGet(139)) - 949a54d7-9098-427f-a66d-64783e047bdb: start 949a54d7-9098-427f-a66d-64783e047bdb@group-8AF4B479ECA4-LeaderElection20
2022-09-14 01:15:06,744 [grpc-default-executor-0] INFO  server.RaftServer$Division (RaftServerImpl.java:requestVote(1152)) - 949a54d7-9098-427f-a66d-64783e047bdb@group-8AF4B479ECA4: receive requestVote(ELECTION, e152a9cb-50bd-4473-abda-9918c470cf1e, group-8AF4B479ECA4, 9, (t:0, i:0))
2022-09-14 01:15:06,745 [grpc-default-executor-2] INFO  server.RaftServer$Division (RaftServerImpl.java:requestVote(1152)) - d38685a6-2183-48c3-b209-d48d12164108@group-8AF4B479ECA4: receive requestVote(ELECTION, e152a9cb-50bd-4473-abda-9918c470cf1e, group-8AF4B479ECA4, 9, (t:0, i:0))
2022-09-14 01:15:06,745 [grpc-default-executor-2] INFO  impl.VoteContext (VoteContext.java:log(48)) - d38685a6-2183-48c3-b209-d48d12164108@group-8AF4B479ECA4-FOLLOWER: accept ELECTION from e152a9cb-50bd-4473-abda-9918c470cf1e: our priority 0 <= candidate's priority 0
2022-09-14 01:15:06,745 [grpc-default-executor-2] INFO  server.RaftServer$Division (RaftServerImpl.java:setRole(299)) - d38685a6-2183-48c3-b209-d48d12164108@group-8AF4B479ECA4: changes role from  FOLLOWER to FOLLOWER at term 9 for candidate:e152a9cb-50bd-4473-abda-9918c470cf1e
2022-09-14 01:15:06,745 [grpc-default-executor-2] INFO  impl.RoleInfo (RoleInfo.java:shutdownFollowerState(110)) - d38685a6-2183-48c3-b209-d48d12164108: shutdown d38685a6-2183-48c3-b209-d48d12164108@group-8AF4B479ECA4-FollowerState
2022-09-14 01:15:06,745 [grpc-default-executor-2] INFO  impl.RoleInfo (RoleInfo.java:updateAndGet(139)) - d38685a6-2183-48c3-b209-d48d12164108: start d38685a6-2183-48c3-b209-d48d12164108@group-8AF4B479ECA4-FollowerState
2022-09-14 01:15:06,746 [d38685a6-2183-48c3-b209-d48d12164108@group-8AF4B479ECA4-FollowerState] INFO  impl.FollowerState (FollowerState.java:run(152)) - d38685a6-2183-48c3-b209-d48d12164108@group-8AF4B479ECA4-FollowerState was interrupted
2022-09-14 01:15:06,750 [949a54d7-9098-427f-a66d-64783e047bdb@group-8AF4B479ECA4-LeaderElection20] INFO  impl.LeaderElection (LeaderElection.java:askForVotes(310)) - 949a54d7-9098-427f-a66d-64783e047bdb@group-8AF4B479ECA4-LeaderElection20 ELECTION round 0: submit vote requests at term 9 for -1: [d38685a6-2183-48c3-b209-d48d12164108|rpc:10.1.0.6:39093|priority:0, e152a9cb-50bd-4473-abda-9918c470cf1e|rpc:10.1.0.6:43759|priority:0, 949a54d7-9098-427f-a66d-64783e047bdb|rpc:10.1.0.6:46425|priority:1], old=null
2022-09-14 01:15:06,750 [grpc-default-executor-0] INFO  impl.VoteContext (VoteContext.java:log(48)) - 949a54d7-9098-427f-a66d-64783e047bdb@group-8AF4B479ECA4-CANDIDATE: reject ELECTION from e152a9cb-50bd-4473-abda-9918c470cf1e: already has voted for 949a54d7-9098-427f-a66d-64783e047bdb at current term 9
2022-09-14 01:15:06,750 [grpc-default-executor-0] INFO  server.RaftServer$Division (RaftServerImpl.java:requestVote(1184)) - 949a54d7-9098-427f-a66d-64783e047bdb@group-8AF4B479ECA4 replies to ELECTION vote request: e152a9cb-50bd-4473-abda-9918c470cf1e<-949a54d7-9098-427f-a66d-64783e047bdb#0:FAIL-t9. Peer's state: 949a54d7-9098-427f-a66d-64783e047bdb@group-8AF4B479ECA4:t9, leader=null, voted=949a54d7-9098-427f-a66d-64783e047bdb, raftlog=949a54d7-9098-427f-a66d-64783e047bdb@group-8AF4B479ECA4-SegmentedRaftLog:OPENED:c-1, conf=-1: [d38685a6-2183-48c3-b209-d48d12164108|rpc:10.1.0.6:39093|priority:0, e152a9cb-50bd-4473-abda-9918c470cf1e|rpc:10.1.0.6:43759|priority:0, 949a54d7-9098-427f-a66d-64783e047bdb|rpc:10.1.0.6:46425|priority:1], old=null
2022-09-14 01:15:06,757 [grpc-default-executor-2] INFO  server.RaftServer$Division (RaftServerImpl.java:requestVote(1184)) - d38685a6-2183-48c3-b209-d48d12164108@group-8AF4B479ECA4 replies to ELECTION vote request: e152a9cb-50bd-4473-abda-9918c470cf1e<-d38685a6-2183-48c3-b209-d48d12164108#0:OK-t9. Peer's state: d38685a6-2183-48c3-b209-d48d12164108@group-8AF4B479ECA4:t9, leader=null, voted=e152a9cb-50bd-4473-abda-9918c470cf1e, raftlog=d38685a6-2183-48c3-b209-d48d12164108@group-8AF4B479ECA4-SegmentedRaftLog:OPENED:c-1, conf=-1: [d38685a6-2183-48c3-b209-d48d12164108|rpc:10.1.0.6:39093|priority:0, e152a9cb-50bd-4473-abda-9918c470cf1e|rpc:10.1.0.6:43759|priority:0, 949a54d7-9098-427f-a66d-64783e047bdb|rpc:10.1.0.6:46425|priority:1], old=null
2022-09-14 01:15:06,757 [e152a9cb-50bd-4473-abda-9918c470cf1e@group-8AF4B479ECA4-LeaderElection19] INFO  impl.LeaderElection (LeaderElection.java:logAndReturn(90)) - e152a9cb-50bd-4473-abda-9918c470cf1e@group-8AF4B479ECA4-LeaderElection19: ELECTION REJECTED received 1 response(s) and 0 exception(s):
2022-09-14 01:15:06,758 [e152a9cb-50bd-4473-abda-9918c470cf1e@group-8AF4B479ECA4-LeaderElection19] INFO  impl.LeaderElection (LeaderElection.java:logAndReturn(94)) -   Response 0: e152a9cb-50bd-4473-abda-9918c470cf1e<-949a54d7-9098-427f-a66d-64783e047bdb#0:FAIL-t9
2022-09-14 01:15:06,758 [e152a9cb-50bd-4473-abda-9918c470cf1e@group-8AF4B479ECA4-LeaderElection19] INFO  impl.LeaderElection (LeaderElection.java:askForVotes(312)) - e152a9cb-50bd-4473-abda-9918c470cf1e@group-8AF4B479ECA4-LeaderElection19 ELECTION round 0: result REJECTED
2022-09-14 01:15:06,759 [e152a9cb-50bd-4473-abda-9918c470cf1e@group-8AF4B479ECA4-LeaderElection19] INFO  server.RaftServer$Division (RaftServerImpl.java:setRole(299)) - e152a9cb-50bd-4473-abda-9918c470cf1e@group-8AF4B479ECA4: changes role from CANDIDATE to FOLLOWER at term 9 for REJECTED
2022-09-14 01:15:06,759 [e152a9cb-50bd-4473-abda-9918c470cf1e@group-8AF4B479ECA4-LeaderElection19] INFO  impl.RoleInfo (RoleInfo.java:shutdownLeaderElection(130)) - e152a9cb-50bd-4473-abda-9918c470cf1e: shutdown e152a9cb-50bd-4473-abda-9918c470cf1e@group-8AF4B479ECA4-LeaderElection19
2022-09-14 01:15:06,759 [e152a9cb-50bd-4473-abda-9918c470cf1e@group-8AF4B479ECA4-LeaderElection19] INFO  impl.RoleInfo (RoleInfo.java:updateAndGet(139)) - e152a9cb-50bd-4473-abda-9918c470cf1e: start e152a9cb-50bd-4473-abda-9918c470cf1e@group-8AF4B479ECA4-FollowerState
2022-09-14 01:15:06,769 [grpc-default-executor-2] INFO  server.RaftServer$Division (RaftServerImpl.java:requestVote(1152)) - d38685a6-2183-48c3-b209-d48d12164108@group-8AF4B479ECA4: receive requestVote(ELECTION, 949a54d7-9098-427f-a66d-64783e047bdb, group-8AF4B479ECA4, 9, (t:0, i:0))
2022-09-14 01:15:06,769 [grpc-default-executor-2] INFO  impl.VoteContext (VoteContext.java:log(48)) - d38685a6-2183-48c3-b209-d48d12164108@group-8AF4B479ECA4-FOLLOWER: reject ELECTION from 949a54d7-9098-427f-a66d-64783e047bdb: already has voted for e152a9cb-50bd-4473-abda-9918c470cf1e at current term 9
2022-09-14 01:15:06,770 [grpc-default-executor-2] INFO  server.RaftServer$Division (RaftServerImpl.java:requestVote(1184)) - d38685a6-2183-48c3-b209-d48d12164108@group-8AF4B479ECA4 replies to ELECTION vote request: 949a54d7-9098-427f-a66d-64783e047bdb<-d38685a6-2183-48c3-b209-d48d12164108#0:FAIL-t9. Peer's state: d38685a6-2183-48c3-b209-d48d12164108@group-8AF4B479ECA4:t9, leader=null, voted=e152a9cb-50bd-4473-abda-9918c470cf1e, raftlog=d38685a6-2183-48c3-b209-d48d12164108@group-8AF4B479ECA4-SegmentedRaftLog:OPENED:c-1, conf=-1: [d38685a6-2183-48c3-b209-d48d12164108|rpc:10.1.0.6:39093|priority:0, e152a9cb-50bd-4473-abda-9918c470cf1e|rpc:10.1.0.6:43759|priority:0, 949a54d7-9098-427f-a66d-64783e047bdb|rpc:10.1.0.6:46425|priority:1], old=null
2022-09-14 01:15:06,771 [grpc-default-executor-0] INFO  server.RaftServer$Division (RaftServerImpl.java:requestVote(1152)) - e152a9cb-50bd-4473-abda-9918c470cf1e@group-8AF4B479ECA4: receive requestVote(ELECTION, 949a54d7-9098-427f-a66d-64783e047bdb, group-8AF4B479ECA4, 9, (t:0, i:0))
2022-09-14 01:15:06,771 [grpc-default-executor-0] INFO  impl.VoteContext (VoteContext.java:log(48)) - e152a9cb-50bd-4473-abda-9918c470cf1e@group-8AF4B479ECA4-FOLLOWER: reject ELECTION from 949a54d7-9098-427f-a66d-64783e047bdb: already has voted for e152a9cb-50bd-4473-abda-9918c470cf1e at current term 9
2022-09-14 01:15:06,771 [grpc-default-executor-0] INFO  server.RaftServer$Division (RaftServerImpl.java:requestVote(1184)) - e152a9cb-50bd-4473-abda-9918c470cf1e@group-8AF4B479ECA4 replies to ELECTION vote request: 949a54d7-9098-427f-a66d-64783e047bdb<-e152a9cb-50bd-4473-abda-9918c470cf1e#0:FAIL-t9. Peer's state: e152a9cb-50bd-4473-abda-9918c470cf1e@group-8AF4B479ECA4:t9, leader=null, voted=e152a9cb-50bd-4473-abda-9918c470cf1e, raftlog=e152a9cb-50bd-4473-abda-9918c470cf1e@group-8AF4B479ECA4-SegmentedRaftLog:OPENED:c-1, conf=-1: [d38685a6-2183-48c3-b209-d48d12164108|rpc:10.1.0.6:39093|priority:0, e152a9cb-50bd-4473-abda-9918c470cf1e|rpc:10.1.0.6:43759|priority:0, 949a54d7-9098-427f-a66d-64783e047bdb|rpc:10.1.0.6:46425|priority:1], old=null
2022-09-14 01:15:06,772 [949a54d7-9098-427f-a66d-64783e047bdb@group-8AF4B479ECA4-LeaderElection20] INFO  impl.LeaderElection (LeaderElection.java:logAndReturn(90)) - 949a54d7-9098-427f-a66d-64783e047bdb@group-8AF4B479ECA4-LeaderElection20: ELECTION REJECTED received 2 response(s) and 0 exception(s):
2022-09-14 01:15:06,773 [949a54d7-9098-427f-a66d-64783e047bdb@group-8AF4B479ECA4-LeaderElection20] INFO  impl.LeaderElection (LeaderElection.java:logAndReturn(94)) -   Response 0: 949a54d7-9098-427f-a66d-64783e047bdb<-d38685a6-2183-48c3-b209-d48d12164108#0:FAIL-t9
2022-09-14 01:15:06,773 [949a54d7-9098-427f-a66d-64783e047bdb@group-8AF4B479ECA4-LeaderElection20] INFO  impl.LeaderElection (LeaderElection.java:logAndReturn(94)) -   Response 1: 949a54d7-9098-427f-a66d-64783e047bdb<-e152a9cb-50bd-4473-abda-9918c470cf1e#0:FAIL-t9
2022-09-14 01:15:06,773 [949a54d7-9098-427f-a66d-64783e047bdb@group-8AF4B479ECA4-LeaderElection20] INFO  impl.LeaderElection (LeaderElection.java:askForVotes(312)) - 949a54d7-9098-427f-a66d-64783e047bdb@group-8AF4B479ECA4-LeaderElection20 ELECTION round 0: result REJECTED
2022-09-14 01:15:06,774 [949a54d7-9098-427f-a66d-64783e047bdb@group-8AF4B479ECA4-LeaderElection20] INFO  server.RaftServer$Division (RaftServerImpl.java:setRole(299)) - 949a54d7-9098-427f-a66d-64783e047bdb@group-8AF4B479ECA4: changes role from CANDIDATE to FOLLOWER at term 9 for REJECTED
2022-09-14 01:15:06,774 [949a54d7-9098-427f-a66d-64783e047bdb@group-8AF4B479ECA4-LeaderElection20] INFO  impl.RoleInfo (RoleInfo.java:shutdownLeaderElection(130)) - 949a54d7-9098-427f-a66d-64783e047bdb: shutdown 949a54d7-9098-427f-a66d-64783e047bdb@group-8AF4B479ECA4-LeaderElection20
2022-09-14 01:15:06,774 [949a54d7-9098-427f-a66d-64783e047bdb@group-8AF4B479ECA4-LeaderElection20] INFO  impl.RoleInfo (RoleInfo.java:updateAndGet(139)) - 949a54d7-9098-427f-a66d-64783e047bdb: start 949a54d7-9098-427f-a66d-64783e047bdb@group-8AF4B479ECA4-FollowerState
2022-09-14 01:15:08,483 [Under Replicated Processor] INFO  replication.UnderReplicatedProcessor (UnderReplicatedProcessor.java:processAll(92)) - Processed 0 under replicated containers, failed processing 0
2022-09-14 01:15:08,495 [Over Replicated Processor] INFO  replication.OverReplicatedProcessor (OverReplicatedProcessor.java:processAll(90)) - Processed 0 over replicated containers, failed processing 0
2022-09-14 01:15:11,835 [d38685a6-2183-48c3-b209-d48d12164108@group-8AF4B479ECA4-FollowerState] INFO  impl.FollowerState (FollowerState.java:run(143)) - d38685a6-2183-48c3-b209-d48d12164108@group-8AF4B479ECA4-FollowerState: change to CANDIDATE, lastRpcElapsedTime:5078039583ns, electionTimeout:5078ms
2022-09-14 01:15:11,835 [d38685a6-2183-48c3-b209-d48d12164108@group-8AF4B479ECA4-FollowerState] INFO  impl.RoleInfo (RoleInfo.java:shutdownFollowerState(110)) - d38685a6-2183-48c3-b209-d48d12164108: shutdown d38685a6-2183-48c3-b209-d48d12164108@group-8AF4B479ECA4-FollowerState
2022-09-14 01:15:11,835 [d38685a6-2183-48c3-b209-d48d12164108@group-8AF4B479ECA4-FollowerState] INFO  server.RaftServer$Division (RaftServerImpl.java:setRole(299)) - d38685a6-2183-48c3-b209-d48d12164108@group-8AF4B479ECA4: changes role from  FOLLOWER to CANDIDATE at term 9 for changeToCandidate
2022-09-14 01:15:11,835 [d38685a6-2183-48c3-b209-d48d12164108@group-8AF4B479ECA4-FollowerState] INFO  server.RaftServerConfigKeys (ConfUtils.java:logGet(46)) - raft.server.leaderelection.pre-vote = false (custom)
2022-09-14 01:15:11,836 [d38685a6-2183-48c3-b209-d48d12164108@group-8AF4B479ECA4-FollowerState] INFO  impl.RoleInfo (RoleInfo.java:updateAndGet(139)) - d38685a6-2183-48c3-b209-d48d12164108: start d38685a6-2183-48c3-b209-d48d12164108@group-8AF4B479ECA4-LeaderElection21
2022-09-14 01:15:11,840 [d38685a6-2183-48c3-b209-d48d12164108@group-8AF4B479ECA4-LeaderElection21] INFO  impl.LeaderElection (LeaderElection.java:askForVotes(310)) - d38685a6-2183-48c3-b209-d48d12164108@group-8AF4B479ECA4-LeaderElection21 ELECTION round 0: submit vote requests at term 10 for -1: [d38685a6-2183-48c3-b209-d48d12164108|rpc:10.1.0.6:39093|priority:0, e152a9cb-50bd-4473-abda-9918c470cf1e|rpc:10.1.0.6:43759|priority:0, 949a54d7-9098-427f-a66d-64783e047bdb|rpc:10.1.0.6:46425|priority:1], old=null
2022-09-14 01:15:11,844 [grpc-default-executor-2] INFO  server.RaftServer$Division (RaftServerImpl.java:requestVote(1152)) - 949a54d7-9098-427f-a66d-64783e047bdb@group-8AF4B479ECA4: receive requestVote(ELECTION, d38685a6-2183-48c3-b209-d48d12164108, group-8AF4B479ECA4, 10, (t:0, i:0))
2022-09-14 01:15:11,844 [grpc-default-executor-2] INFO  impl.VoteContext (VoteContext.java:log(48)) - 949a54d7-9098-427f-a66d-64783e047bdb@group-8AF4B479ECA4-FOLLOWER: reject ELECTION from d38685a6-2183-48c3-b209-d48d12164108: our priority 1 > candidate's priority 0
2022-09-14 01:15:11,844 [grpc-default-executor-2] INFO  server.RaftServer$Division (RaftServerImpl.java:setRole(299)) - 949a54d7-9098-427f-a66d-64783e047bdb@group-8AF4B479ECA4: changes role from  FOLLOWER to FOLLOWER at term 10 for candidate:d38685a6-2183-48c3-b209-d48d12164108
2022-09-14 01:15:11,844 [grpc-default-executor-2] INFO  impl.RoleInfo (RoleInfo.java:shutdownFollowerState(110)) - 949a54d7-9098-427f-a66d-64783e047bdb: shutdown 949a54d7-9098-427f-a66d-64783e047bdb@group-8AF4B479ECA4-FollowerState
2022-09-14 01:15:11,844 [grpc-default-executor-2] INFO  impl.RoleInfo (RoleInfo.java:updateAndGet(139)) - 949a54d7-9098-427f-a66d-64783e047bdb: start 949a54d7-9098-427f-a66d-64783e047bdb@group-8AF4B479ECA4-FollowerState
2022-09-14 01:15:11,845 [949a54d7-9098-427f-a66d-64783e047bdb@group-8AF4B479ECA4-FollowerState] INFO  impl.FollowerState (FollowerState.java:run(152)) - 949a54d7-9098-427f-a66d-64783e047bdb@group-8AF4B479ECA4-FollowerState was interrupted
2022-09-14 01:15:11,848 [grpc-default-executor-2] INFO  server.RaftServer$Division (RaftServerImpl.java:requestVote(1184)) - 949a54d7-9098-427f-a66d-64783e047bdb@group-8AF4B479ECA4 replies to ELECTION vote request: d38685a6-2183-48c3-b209-d48d12164108<-949a54d7-9098-427f-a66d-64783e047bdb#0:FAIL-t10. Peer's state: 949a54d7-9098-427f-a66d-64783e047bdb@group-8AF4B479ECA4:t10, leader=null, voted=null, raftlog=949a54d7-9098-427f-a66d-64783e047bdb@group-8AF4B479ECA4-SegmentedRaftLog:OPENED:c-1, conf=-1: [d38685a6-2183-48c3-b209-d48d12164108|rpc:10.1.0.6:39093|priority:0, e152a9cb-50bd-4473-abda-9918c470cf1e|rpc:10.1.0.6:43759|priority:0, 949a54d7-9098-427f-a66d-64783e047bdb|rpc:10.1.0.6:46425|priority:1], old=null
2022-09-14 01:15:11,850 [d38685a6-2183-48c3-b209-d48d12164108@group-8AF4B479ECA4-LeaderElection21] INFO  impl.LeaderElection (LeaderElection.java:logAndReturn(90)) - d38685a6-2183-48c3-b209-d48d12164108@group-8AF4B479ECA4-LeaderElection21: ELECTION REJECTED received 1 response(s) and 0 exception(s):
2022-09-14 01:15:11,850 [d38685a6-2183-48c3-b209-d48d12164108@group-8AF4B479ECA4-LeaderElection21] INFO  impl.LeaderElection (LeaderElection.java:logAndReturn(94)) -   Response 0: d38685a6-2183-48c3-b209-d48d12164108<-949a54d7-9098-427f-a66d-64783e047bdb#0:FAIL-t10
2022-09-14 01:15:11,850 [d38685a6-2183-48c3-b209-d48d12164108@group-8AF4B479ECA4-LeaderElection21] INFO  impl.LeaderElection (LeaderElection.java:askForVotes(312)) - d38685a6-2183-48c3-b209-d48d12164108@group-8AF4B479ECA4-LeaderElection21 ELECTION round 0: result REJECTED
2022-09-14 01:15:11,851 [grpc-default-executor-0] INFO  server.RaftServer$Division (RaftServerImpl.java:requestVote(1152)) - e152a9cb-50bd-4473-abda-9918c470cf1e@group-8AF4B479ECA4: receive requestVote(ELECTION, d38685a6-2183-48c3-b209-d48d12164108, group-8AF4B479ECA4, 10, (t:0, i:0))
2022-09-14 01:15:11,852 [grpc-default-executor-0] INFO  impl.VoteContext (VoteContext.java:log(48)) - e152a9cb-50bd-4473-abda-9918c470cf1e@group-8AF4B479ECA4-FOLLOWER: accept ELECTION from d38685a6-2183-48c3-b209-d48d12164108: our priority 0 <= candidate's priority 0
2022-09-14 01:15:11,852 [grpc-default-executor-0] INFO  server.RaftServer$Division (RaftServerImpl.java:setRole(299)) - e152a9cb-50bd-4473-abda-9918c470cf1e@group-8AF4B479ECA4: changes role from  FOLLOWER to FOLLOWER at term 10 for candidate:d38685a6-2183-48c3-b209-d48d12164108
2022-09-14 01:15:11,852 [grpc-default-executor-0] INFO  impl.RoleInfo (RoleInfo.java:shutdownFollowerState(110)) - e152a9cb-50bd-4473-abda-9918c470cf1e: shutdown e152a9cb-50bd-4473-abda-9918c470cf1e@group-8AF4B479ECA4-FollowerState
2022-09-14 01:15:11,852 [grpc-default-executor-0] INFO  impl.RoleInfo (RoleInfo.java:updateAndGet(139)) - e152a9cb-50bd-4473-abda-9918c470cf1e: start e152a9cb-50bd-4473-abda-9918c470cf1e@group-8AF4B479ECA4-FollowerState
2022-09-14 01:15:11,852 [e152a9cb-50bd-4473-abda-9918c470cf1e@group-8AF4B479ECA4-FollowerState] INFO  impl.FollowerState (FollowerState.java:run(152)) - e152a9cb-50bd-4473-abda-9918c470cf1e@group-8AF4B479ECA4-FollowerState was interrupted
2022-09-14 01:15:11,851 [d38685a6-2183-48c3-b209-d48d12164108@group-8AF4B479ECA4-LeaderElection21] INFO  server.RaftServer$Division (RaftServerImpl.java:setRole(299)) - d38685a6-2183-48c3-b209-d48d12164108@group-8AF4B479ECA4: changes role from CANDIDATE to FOLLOWER at term 10 for REJECTED
2022-09-14 01:15:11,852 [d38685a6-2183-48c3-b209-d48d12164108@group-8AF4B479ECA4-LeaderElection21] INFO  impl.RoleInfo (RoleInfo.java:shutdownLeaderElection(130)) - d38685a6-2183-48c3-b209-d48d12164108: shutdown d38685a6-2183-48c3-b209-d48d12164108@group-8AF4B479ECA4-LeaderElection21
2022-09-14 01:15:11,852 [d38685a6-2183-48c3-b209-d48d12164108@group-8AF4B479ECA4-LeaderElection21] INFO  impl.RoleInfo (RoleInfo.java:updateAndGet(139)) - d38685a6-2183-48c3-b209-d48d12164108: start d38685a6-2183-48c3-b209-d48d12164108@group-8AF4B479ECA4-FollowerState
2022-09-14 01:15:11,855 [grpc-default-executor-0] INFO  server.RaftServer$Division (RaftServerImpl.java:requestVote(1184)) - e152a9cb-50bd-4473-abda-9918c470cf1e@group-8AF4B479ECA4 replies to ELECTION vote request: d38685a6-2183-48c3-b209-d48d12164108<-e152a9cb-50bd-4473-abda-9918c470cf1e#0:OK-t10. Peer's state: e152a9cb-50bd-4473-abda-9918c470cf1e@group-8AF4B479ECA4:t10, leader=null, voted=d38685a6-2183-48c3-b209-d48d12164108, raftlog=e152a9cb-50bd-4473-abda-9918c470cf1e@group-8AF4B479ECA4-SegmentedRaftLog:OPENED:c-1, conf=-1: [d38685a6-2183-48c3-b209-d48d12164108|rpc:10.1.0.6:39093|priority:0, e152a9cb-50bd-4473-abda-9918c470cf1e|rpc:10.1.0.6:43759|priority:0, 949a54d7-9098-427f-a66d-64783e047bdb|rpc:10.1.0.6:46425|priority:1], old=null
2022-09-14 01:15:16,900 [d38685a6-2183-48c3-b209-d48d12164108@group-8AF4B479ECA4-FollowerState] INFO  impl.FollowerState (FollowerState.java:run(143)) - d38685a6-2183-48c3-b209-d48d12164108@group-8AF4B479ECA4-FollowerState: change to CANDIDATE, lastRpcElapsedTime:5047705455ns, electionTimeout:5046ms
2022-09-14 01:15:16,900 [d38685a6-2183-48c3-b209-d48d12164108@group-8AF4B479ECA4-FollowerState] INFO  impl.RoleInfo (RoleInfo.java:shutdownFollowerState(110)) - d38685a6-2183-48c3-b209-d48d12164108: shutdown d38685a6-2183-48c3-b209-d48d12164108@group-8AF4B479ECA4-FollowerState
2022-09-14 01:15:16,900 [d38685a6-2183-48c3-b209-d48d12164108@group-8AF4B479ECA4-FollowerState] INFO  server.RaftServer$Division (RaftServerImpl.java:setRole(299)) - d38685a6-2183-48c3-b209-d48d12164108@group-8AF4B479ECA4: changes role from  FOLLOWER to CANDIDATE at term 10 for changeToCandidate
2022-09-14 01:15:16,901 [d38685a6-2183-48c3-b209-d48d12164108@group-8AF4B479ECA4-FollowerState] INFO  server.RaftServerConfigKeys (ConfUtils.java:logGet(46)) - raft.server.leaderelection.pre-vote = false (custom)
2022-09-14 01:15:16,901 [d38685a6-2183-48c3-b209-d48d12164108@group-8AF4B479ECA4-FollowerState] INFO  impl.RoleInfo (RoleInfo.java:updateAndGet(139)) - d38685a6-2183-48c3-b209-d48d12164108: start d38685a6-2183-48c3-b209-d48d12164108@group-8AF4B479ECA4-LeaderElection22
2022-09-14 01:15:16,904 [d38685a6-2183-48c3-b209-d48d12164108@group-8AF4B479ECA4-LeaderElection22] INFO  impl.LeaderElection (LeaderElection.java:askForVotes(310)) - d38685a6-2183-48c3-b209-d48d12164108@group-8AF4B479ECA4-LeaderElection22 ELECTION round 0: submit vote requests at term 11 for -1: [d38685a6-2183-48c3-b209-d48d12164108|rpc:10.1.0.6:39093|priority:0, e152a9cb-50bd-4473-abda-9918c470cf1e|rpc:10.1.0.6:43759|priority:0, 949a54d7-9098-427f-a66d-64783e047bdb|rpc:10.1.0.6:46425|priority:1], old=null
2022-09-14 01:15:16,913 [grpc-default-executor-2] INFO  server.RaftServer$Division (RaftServerImpl.java:requestVote(1152)) - 949a54d7-9098-427f-a66d-64783e047bdb@group-8AF4B479ECA4: receive requestVote(ELECTION, d38685a6-2183-48c3-b209-d48d12164108, group-8AF4B479ECA4, 11, (t:0, i:0))
2022-09-14 01:15:16,913 [grpc-default-executor-2] INFO  impl.VoteContext (VoteContext.java:log(48)) - 949a54d7-9098-427f-a66d-64783e047bdb@group-8AF4B479ECA4-FOLLOWER: reject ELECTION from d38685a6-2183-48c3-b209-d48d12164108: our priority 1 > candidate's priority 0
2022-09-14 01:15:16,913 [grpc-default-executor-2] INFO  server.RaftServer$Division (RaftServerImpl.java:setRole(299)) - 949a54d7-9098-427f-a66d-64783e047bdb@group-8AF4B479ECA4: changes role from  FOLLOWER to FOLLOWER at term 11 for candidate:d38685a6-2183-48c3-b209-d48d12164108
2022-09-14 01:15:16,913 [grpc-default-executor-2] INFO  impl.RoleInfo (RoleInfo.java:shutdownFollowerState(110)) - 949a54d7-9098-427f-a66d-64783e047bdb: shutdown 949a54d7-9098-427f-a66d-64783e047bdb@group-8AF4B479ECA4-FollowerState
2022-09-14 01:15:16,913 [grpc-default-executor-2] INFO  impl.RoleInfo (RoleInfo.java:updateAndGet(139)) - 949a54d7-9098-427f-a66d-64783e047bdb: start 949a54d7-9098-427f-a66d-64783e047bdb@group-8AF4B479ECA4-FollowerState
2022-09-14 01:15:16,913 [949a54d7-9098-427f-a66d-64783e047bdb@group-8AF4B479ECA4-FollowerState] INFO  impl.FollowerState (FollowerState.java:run(152)) - 949a54d7-9098-427f-a66d-64783e047bdb@group-8AF4B479ECA4-FollowerState was interrupted
2022-09-14 01:15:16,913 [grpc-default-executor-0] INFO  server.RaftServer$Division (RaftServerImpl.java:requestVote(1152)) - e152a9cb-50bd-4473-abda-9918c470cf1e@group-8AF4B479ECA4: receive requestVote(ELECTION, d38685a6-2183-48c3-b209-d48d12164108, group-8AF4B479ECA4, 11, (t:0, i:0))
2022-09-14 01:15:16,914 [grpc-default-executor-0] INFO  impl.VoteContext (VoteContext.java:log(48)) - e152a9cb-50bd-4473-abda-9918c470cf1e@group-8AF4B479ECA4-FOLLOWER: accept ELECTION from d38685a6-2183-48c3-b209-d48d12164108: our priority 0 <= candidate's priority 0
2022-09-14 01:15:16,914 [grpc-default-executor-0] INFO  server.RaftServer$Division (RaftServerImpl.java:setRole(299)) - e152a9cb-50bd-4473-abda-9918c470cf1e@group-8AF4B479ECA4: changes role from  FOLLOWER to FOLLOWER at term 11 for candidate:d38685a6-2183-48c3-b209-d48d12164108
2022-09-14 01:15:16,915 [grpc-default-executor-0] INFO  impl.RoleInfo (RoleInfo.java:shutdownFollowerState(110)) - e152a9cb-50bd-4473-abda-9918c470cf1e: shutdown e152a9cb-50bd-4473-abda-9918c470cf1e@group-8AF4B479ECA4-FollowerState
2022-09-14 01:15:16,915 [grpc-default-executor-0] INFO  impl.RoleInfo (RoleInfo.java:updateAndGet(139)) - e152a9cb-50bd-4473-abda-9918c470cf1e: start e152a9cb-50bd-4473-abda-9918c470cf1e@group-8AF4B479ECA4-FollowerState
2022-09-14 01:15:16,915 [e152a9cb-50bd-4473-abda-9918c470cf1e@group-8AF4B479ECA4-FollowerState] INFO  impl.FollowerState (FollowerState.java:run(152)) - e152a9cb-50bd-4473-abda-9918c470cf1e@group-8AF4B479ECA4-FollowerState was interrupted
2022-09-14 01:15:16,915 [grpc-default-executor-2] INFO  server.RaftServer$Division (RaftServerImpl.java:requestVote(1184)) - 949a54d7-9098-427f-a66d-64783e047bdb@group-8AF4B479ECA4 replies to ELECTION vote request: d38685a6-2183-48c3-b209-d48d12164108<-949a54d7-9098-427f-a66d-64783e047bdb#0:FAIL-t11. Peer's state: 949a54d7-9098-427f-a66d-64783e047bdb@group-8AF4B479ECA4:t11, leader=null, voted=null, raftlog=949a54d7-9098-427f-a66d-64783e047bdb@group-8AF4B479ECA4-SegmentedRaftLog:OPENED:c-1, conf=-1: [d38685a6-2183-48c3-b209-d48d12164108|rpc:10.1.0.6:39093|priority:0, e152a9cb-50bd-4473-abda-9918c470cf1e|rpc:10.1.0.6:43759|priority:0, 949a54d7-9098-427f-a66d-64783e047bdb|rpc:10.1.0.6:46425|priority:1], old=null
2022-09-14 01:15:16,922 [d38685a6-2183-48c3-b209-d48d12164108@group-8AF4B479ECA4-LeaderElection22] INFO  impl.LeaderElection (LeaderElection.java:logAndReturn(90)) - d38685a6-2183-48c3-b209-d48d12164108@group-8AF4B479ECA4-LeaderElection22: ELECTION REJECTED received 1 response(s) and 0 exception(s):
2022-09-14 01:15:16,922 [d38685a6-2183-48c3-b209-d48d12164108@group-8AF4B479ECA4-LeaderElection22] INFO  impl.LeaderElection (LeaderElection.java:logAndReturn(94)) -   Response 0: d38685a6-2183-48c3-b209-d48d12164108<-949a54d7-9098-427f-a66d-64783e047bdb#0:FAIL-t11
2022-09-14 01:15:16,922 [d38685a6-2183-48c3-b209-d48d12164108@group-8AF4B479ECA4-LeaderElection22] INFO  impl.LeaderElection (LeaderElection.java:askForVotes(312)) - d38685a6-2183-48c3-b209-d48d12164108@group-8AF4B479ECA4-LeaderElection22 ELECTION round 0: result REJECTED
2022-09-14 01:15:16,923 [d38685a6-2183-48c3-b209-d48d12164108@group-8AF4B479ECA4-LeaderElection22] INFO  server.RaftServer$Division (RaftServerImpl.java:setRole(299)) - d38685a6-2183-48c3-b209-d48d12164108@group-8AF4B479ECA4: changes role from CANDIDATE to FOLLOWER at term 11 for REJECTED
2022-09-14 01:15:16,923 [d38685a6-2183-48c3-b209-d48d12164108@group-8AF4B479ECA4-LeaderElection22] INFO  impl.RoleInfo (RoleInfo.java:shutdownLeaderElection(130)) - d38685a6-2183-48c3-b209-d48d12164108: shutdown d38685a6-2183-48c3-b209-d48d12164108@group-8AF4B479ECA4-LeaderElection22
2022-09-14 01:15:16,923 [d38685a6-2183-48c3-b209-d48d12164108@group-8AF4B479ECA4-LeaderElection22] INFO  impl.RoleInfo (RoleInfo.java:updateAndGet(139)) - d38685a6-2183-48c3-b209-d48d12164108: start d38685a6-2183-48c3-b209-d48d12164108@group-8AF4B479ECA4-FollowerState
2022-09-14 01:15:16,925 [grpc-default-executor-0] INFO  server.RaftServer$Division (RaftServerImpl.java:requestVote(1184)) - e152a9cb-50bd-4473-abda-9918c470cf1e@group-8AF4B479ECA4 replies to ELECTION vote request: d38685a6-2183-48c3-b209-d48d12164108<-e152a9cb-50bd-4473-abda-9918c470cf1e#0:OK-t11. Peer's state: e152a9cb-50bd-4473-abda-9918c470cf1e@group-8AF4B479ECA4:t11, leader=null, voted=d38685a6-2183-48c3-b209-d48d12164108, raftlog=e152a9cb-50bd-4473-abda-9918c470cf1e@group-8AF4B479ECA4-SegmentedRaftLog:OPENED:c-1, conf=-1: [d38685a6-2183-48c3-b209-d48d12164108|rpc:10.1.0.6:39093|priority:0, e152a9cb-50bd-4473-abda-9918c470cf1e|rpc:10.1.0.6:43759|priority:0, 949a54d7-9098-427f-a66d-64783e047bdb|rpc:10.1.0.6:46425|priority:1], old=null
2022-09-14 01:15:21,941 [e152a9cb-50bd-4473-abda-9918c470cf1e@group-8AF4B479ECA4-FollowerState] INFO  impl.FollowerState (FollowerState.java:run(143)) - e152a9cb-50bd-4473-abda-9918c470cf1e@group-8AF4B479ECA4-FollowerState: change to CANDIDATE, lastRpcElapsedTime:5016207239ns, electionTimeout:5016ms
2022-09-14 01:15:21,941 [e152a9cb-50bd-4473-abda-9918c470cf1e@group-8AF4B479ECA4-FollowerState] INFO  impl.RoleInfo (RoleInfo.java:shutdownFollowerState(110)) - e152a9cb-50bd-4473-abda-9918c470cf1e: shutdown e152a9cb-50bd-4473-abda-9918c470cf1e@group-8AF4B479ECA4-FollowerState
2022-09-14 01:15:21,942 [e152a9cb-50bd-4473-abda-9918c470cf1e@group-8AF4B479ECA4-FollowerState] INFO  server.RaftServer$Division (RaftServerImpl.java:setRole(299)) - e152a9cb-50bd-4473-abda-9918c470cf1e@group-8AF4B479ECA4: changes role from  FOLLOWER to CANDIDATE at term 11 for changeToCandidate
2022-09-14 01:15:21,942 [e152a9cb-50bd-4473-abda-9918c470cf1e@group-8AF4B479ECA4-FollowerState] INFO  server.RaftServerConfigKeys (ConfUtils.java:logGet(46)) - raft.server.leaderelection.pre-vote = false (custom)
2022-09-14 01:15:21,942 [e152a9cb-50bd-4473-abda-9918c470cf1e@group-8AF4B479ECA4-FollowerState] INFO  impl.RoleInfo (RoleInfo.java:updateAndGet(139)) - e152a9cb-50bd-4473-abda-9918c470cf1e: start e152a9cb-50bd-4473-abda-9918c470cf1e@group-8AF4B479ECA4-LeaderElection23
2022-09-14 01:15:21,945 [e152a9cb-50bd-4473-abda-9918c470cf1e@group-8AF4B479ECA4-LeaderElection23] INFO  impl.LeaderElection (LeaderElection.java:askForVotes(310)) - e152a9cb-50bd-4473-abda-9918c470cf1e@group-8AF4B479ECA4-LeaderElection23 ELECTION round 0: submit vote requests at term 12 for -1: [d38685a6-2183-48c3-b209-d48d12164108|rpc:10.1.0.6:39093|priority:0, e152a9cb-50bd-4473-abda-9918c470cf1e|rpc:10.1.0.6:43759|priority:0, 949a54d7-9098-427f-a66d-64783e047bdb|rpc:10.1.0.6:46425|priority:1], old=null
2022-09-14 01:15:21,950 [grpc-default-executor-2] INFO  server.RaftServer$Division (RaftServerImpl.java:requestVote(1152)) - d38685a6-2183-48c3-b209-d48d12164108@group-8AF4B479ECA4: receive requestVote(ELECTION, e152a9cb-50bd-4473-abda-9918c470cf1e, group-8AF4B479ECA4, 12, (t:0, i:0))
2022-09-14 01:15:21,950 [grpc-default-executor-2] INFO  impl.VoteContext (VoteContext.java:log(48)) - d38685a6-2183-48c3-b209-d48d12164108@group-8AF4B479ECA4-FOLLOWER: accept ELECTION from e152a9cb-50bd-4473-abda-9918c470cf1e: our priority 0 <= candidate's priority 0
2022-09-14 01:15:21,951 [grpc-default-executor-2] INFO  server.RaftServer$Division (RaftServerImpl.java:setRole(299)) - d38685a6-2183-48c3-b209-d48d12164108@group-8AF4B479ECA4: changes role from  FOLLOWER to FOLLOWER at term 12 for candidate:e152a9cb-50bd-4473-abda-9918c470cf1e
2022-09-14 01:15:21,951 [grpc-default-executor-2] INFO  impl.RoleInfo (RoleInfo.java:shutdownFollowerState(110)) - d38685a6-2183-48c3-b209-d48d12164108: shutdown d38685a6-2183-48c3-b209-d48d12164108@group-8AF4B479ECA4-FollowerState
2022-09-14 01:15:21,951 [grpc-default-executor-2] INFO  impl.RoleInfo (RoleInfo.java:updateAndGet(139)) - d38685a6-2183-48c3-b209-d48d12164108: start d38685a6-2183-48c3-b209-d48d12164108@group-8AF4B479ECA4-FollowerState
2022-09-14 01:15:21,951 [d38685a6-2183-48c3-b209-d48d12164108@group-8AF4B479ECA4-FollowerState] INFO  impl.FollowerState (FollowerState.java:run(152)) - d38685a6-2183-48c3-b209-d48d12164108@group-8AF4B479ECA4-FollowerState was interrupted
2022-09-14 01:15:21,954 [grpc-default-executor-0] INFO  server.RaftServer$Division (RaftServerImpl.java:requestVote(1152)) - 949a54d7-9098-427f-a66d-64783e047bdb@group-8AF4B479ECA4: receive requestVote(ELECTION, e152a9cb-50bd-4473-abda-9918c470cf1e, group-8AF4B479ECA4, 12, (t:0, i:0))
2022-09-14 01:15:21,954 [grpc-default-executor-2] INFO  server.RaftServer$Division (RaftServerImpl.java:requestVote(1184)) - d38685a6-2183-48c3-b209-d48d12164108@group-8AF4B479ECA4 replies to ELECTION vote request: e152a9cb-50bd-4473-abda-9918c470cf1e<-d38685a6-2183-48c3-b209-d48d12164108#0:OK-t12. Peer's state: d38685a6-2183-48c3-b209-d48d12164108@group-8AF4B479ECA4:t12, leader=null, voted=e152a9cb-50bd-4473-abda-9918c470cf1e, raftlog=d38685a6-2183-48c3-b209-d48d12164108@group-8AF4B479ECA4-SegmentedRaftLog:OPENED:c-1, conf=-1: [d38685a6-2183-48c3-b209-d48d12164108|rpc:10.1.0.6:39093|priority:0, e152a9cb-50bd-4473-abda-9918c470cf1e|rpc:10.1.0.6:43759|priority:0, 949a54d7-9098-427f-a66d-64783e047bdb|rpc:10.1.0.6:46425|priority:1], old=null
2022-09-14 01:15:21,954 [grpc-default-executor-0] INFO  impl.VoteContext (VoteContext.java:log(48)) - 949a54d7-9098-427f-a66d-64783e047bdb@group-8AF4B479ECA4-FOLLOWER: reject ELECTION from e152a9cb-50bd-4473-abda-9918c470cf1e: our priority 1 > candidate's priority 0
2022-09-14 01:15:21,955 [grpc-default-executor-0] INFO  server.RaftServer$Division (RaftServerImpl.java:setRole(299)) - 949a54d7-9098-427f-a66d-64783e047bdb@group-8AF4B479ECA4: changes role from  FOLLOWER to FOLLOWER at term 12 for candidate:e152a9cb-50bd-4473-abda-9918c470cf1e
2022-09-14 01:15:21,955 [grpc-default-executor-0] INFO  impl.RoleInfo (RoleInfo.java:shutdownFollowerState(110)) - 949a54d7-9098-427f-a66d-64783e047bdb: shutdown 949a54d7-9098-427f-a66d-64783e047bdb@group-8AF4B479ECA4-FollowerState
2022-09-14 01:15:21,955 [grpc-default-executor-0] INFO  impl.RoleInfo (RoleInfo.java:updateAndGet(139)) - 949a54d7-9098-427f-a66d-64783e047bdb: start 949a54d7-9098-427f-a66d-64783e047bdb@group-8AF4B479ECA4-FollowerState
2022-09-14 01:15:21,956 [949a54d7-9098-427f-a66d-64783e047bdb@group-8AF4B479ECA4-FollowerState] INFO  impl.FollowerState (FollowerState.java:run(152)) - 949a54d7-9098-427f-a66d-64783e047bdb@group-8AF4B479ECA4-FollowerState was interrupted
2022-09-14 01:15:21,958 [grpc-default-executor-0] INFO  server.RaftServer$Division (RaftServerImpl.java:requestVote(1184)) - 949a54d7-9098-427f-a66d-64783e047bdb@group-8AF4B479ECA4 replies to ELECTION vote request: e152a9cb-50bd-4473-abda-9918c470cf1e<-949a54d7-9098-427f-a66d-64783e047bdb#0:FAIL-t12. Peer's state: 949a54d7-9098-427f-a66d-64783e047bdb@group-8AF4B479ECA4:t12, leader=null, voted=null, raftlog=949a54d7-9098-427f-a66d-64783e047bdb@group-8AF4B479ECA4-SegmentedRaftLog:OPENED:c-1, conf=-1: [d38685a6-2183-48c3-b209-d48d12164108|rpc:10.1.0.6:39093|priority:0, e152a9cb-50bd-4473-abda-9918c470cf1e|rpc:10.1.0.6:43759|priority:0, 949a54d7-9098-427f-a66d-64783e047bdb|rpc:10.1.0.6:46425|priority:1], old=null
2022-09-14 01:15:21,959 [e152a9cb-50bd-4473-abda-9918c470cf1e@group-8AF4B479ECA4-LeaderElection23] INFO  impl.LeaderElection (LeaderElection.java:logAndReturn(90)) - e152a9cb-50bd-4473-abda-9918c470cf1e@group-8AF4B479ECA4-LeaderElection23: ELECTION REJECTED received 2 response(s) and 0 exception(s):
2022-09-14 01:15:21,959 [e152a9cb-50bd-4473-abda-9918c470cf1e@group-8AF4B479ECA4-LeaderElection23] INFO  impl.LeaderElection (LeaderElection.java:logAndReturn(94)) -   Response 0: e152a9cb-50bd-4473-abda-9918c470cf1e<-d38685a6-2183-48c3-b209-d48d12164108#0:OK-t12
2022-09-14 01:15:21,959 [e152a9cb-50bd-4473-abda-9918c470cf1e@group-8AF4B479ECA4-LeaderElection23] INFO  impl.LeaderElection (LeaderElection.java:logAndReturn(94)) -   Response 1: e152a9cb-50bd-4473-abda-9918c470cf1e<-949a54d7-9098-427f-a66d-64783e047bdb#0:FAIL-t12
2022-09-14 01:15:21,959 [e152a9cb-50bd-4473-abda-9918c470cf1e@group-8AF4B479ECA4-LeaderElection23] INFO  impl.LeaderElection (LeaderElection.java:askForVotes(312)) - e152a9cb-50bd-4473-abda-9918c470cf1e@group-8AF4B479ECA4-LeaderElection23 ELECTION round 0: result REJECTED
2022-09-14 01:15:21,960 [e152a9cb-50bd-4473-abda-9918c470cf1e@group-8AF4B479ECA4-LeaderElection23] INFO  server.RaftServer$Division (RaftServerImpl.java:setRole(299)) - e152a9cb-50bd-4473-abda-9918c470cf1e@group-8AF4B479ECA4: changes role from CANDIDATE to FOLLOWER at term 12 for REJECTED
2022-09-14 01:15:21,960 [e152a9cb-50bd-4473-abda-9918c470cf1e@group-8AF4B479ECA4-LeaderElection23] INFO  impl.RoleInfo (RoleInfo.java:shutdownLeaderElection(130)) - e152a9cb-50bd-4473-abda-9918c470cf1e: shutdown e152a9cb-50bd-4473-abda-9918c470cf1e@group-8AF4B479ECA4-LeaderElection23
2022-09-14 01:15:21,960 [e152a9cb-50bd-4473-abda-9918c470cf1e@group-8AF4B479ECA4-LeaderElection23] INFO  impl.RoleInfo (RoleInfo.java:updateAndGet(139)) - e152a9cb-50bd-4473-abda-9918c470cf1e: start e152a9cb-50bd-4473-abda-9918c470cf1e@group-8AF4B479ECA4-FollowerState
2022-09-14 01:15:27,071 [e152a9cb-50bd-4473-abda-9918c470cf1e@group-8AF4B479ECA4-FollowerState] INFO  impl.FollowerState (FollowerState.java:run(143)) - e152a9cb-50bd-4473-abda-9918c470cf1e@group-8AF4B479ECA4-FollowerState: change to CANDIDATE, lastRpcElapsedTime:5111126270ns, electionTimeout:5110ms
2022-09-14 01:15:27,073 [e152a9cb-50bd-4473-abda-9918c470cf1e@group-8AF4B479ECA4-FollowerState] INFO  impl.RoleInfo (RoleInfo.java:shutdownFollowerState(110)) - e152a9cb-50bd-4473-abda-9918c470cf1e: shutdown e152a9cb-50bd-4473-abda-9918c470cf1e@group-8AF4B479ECA4-FollowerState
2022-09-14 01:15:27,073 [e152a9cb-50bd-4473-abda-9918c470cf1e@group-8AF4B479ECA4-FollowerState] INFO  server.RaftServer$Division (RaftServerImpl.java:setRole(299)) - e152a9cb-50bd-4473-abda-9918c470cf1e@group-8AF4B479ECA4: changes role from  FOLLOWER to CANDIDATE at term 12 for changeToCandidate
2022-09-14 01:15:27,073 [e152a9cb-50bd-4473-abda-9918c470cf1e@group-8AF4B479ECA4-FollowerState] INFO  server.RaftServerConfigKeys (ConfUtils.java:logGet(46)) - raft.server.leaderelection.pre-vote = false (custom)
2022-09-14 01:15:27,073 [e152a9cb-50bd-4473-abda-9918c470cf1e@group-8AF4B479ECA4-FollowerState] INFO  impl.RoleInfo (RoleInfo.java:updateAndGet(139)) - e152a9cb-50bd-4473-abda-9918c470cf1e: start e152a9cb-50bd-4473-abda-9918c470cf1e@group-8AF4B479ECA4-LeaderElection24
2022-09-14 01:15:27,076 [e152a9cb-50bd-4473-abda-9918c470cf1e@group-8AF4B479ECA4-LeaderElection24] INFO  impl.LeaderElection (LeaderElection.java:askForVotes(310)) - e152a9cb-50bd-4473-abda-9918c470cf1e@group-8AF4B479ECA4-LeaderElection24 ELECTION round 0: submit vote requests at term 13 for -1: [d38685a6-2183-48c3-b209-d48d12164108|rpc:10.1.0.6:39093|priority:0, e152a9cb-50bd-4473-abda-9918c470cf1e|rpc:10.1.0.6:43759|priority:0, 949a54d7-9098-427f-a66d-64783e047bdb|rpc:10.1.0.6:46425|priority:1], old=null
2022-09-14 01:15:27,081 [grpc-default-executor-2] INFO  server.RaftServer$Division (RaftServerImpl.java:requestVote(1152)) - 949a54d7-9098-427f-a66d-64783e047bdb@group-8AF4B479ECA4: receive requestVote(ELECTION, e152a9cb-50bd-4473-abda-9918c470cf1e, group-8AF4B479ECA4, 13, (t:0, i:0))
2022-09-14 01:15:27,081 [grpc-default-executor-0] INFO  server.RaftServer$Division (RaftServerImpl.java:requestVote(1152)) - d38685a6-2183-48c3-b209-d48d12164108@group-8AF4B479ECA4: receive requestVote(ELECTION, e152a9cb-50bd-4473-abda-9918c470cf1e, group-8AF4B479ECA4, 13, (t:0, i:0))
2022-09-14 01:15:27,082 [grpc-default-executor-0] INFO  impl.VoteContext (VoteContext.java:log(48)) - d38685a6-2183-48c3-b209-d48d12164108@group-8AF4B479ECA4-FOLLOWER: accept ELECTION from e152a9cb-50bd-4473-abda-9918c470cf1e: our priority 0 <= candidate's priority 0
2022-09-14 01:15:27,082 [grpc-default-executor-0] INFO  server.RaftServer$Division (RaftServerImpl.java:setRole(299)) - d38685a6-2183-48c3-b209-d48d12164108@group-8AF4B479ECA4: changes role from  FOLLOWER to FOLLOWER at term 13 for candidate:e152a9cb-50bd-4473-abda-9918c470cf1e
2022-09-14 01:15:27,082 [grpc-default-executor-0] INFO  impl.RoleInfo (RoleInfo.java:shutdownFollowerState(110)) - d38685a6-2183-48c3-b209-d48d12164108: shutdown d38685a6-2183-48c3-b209-d48d12164108@group-8AF4B479ECA4-FollowerState
2022-09-14 01:15:27,082 [grpc-default-executor-0] INFO  impl.RoleInfo (RoleInfo.java:updateAndGet(139)) - d38685a6-2183-48c3-b209-d48d12164108: start d38685a6-2183-48c3-b209-d48d12164108@group-8AF4B479ECA4-FollowerState
2022-09-14 01:15:27,082 [d38685a6-2183-48c3-b209-d48d12164108@group-8AF4B479ECA4-FollowerState] INFO  impl.FollowerState (FollowerState.java:run(152)) - d38685a6-2183-48c3-b209-d48d12164108@group-8AF4B479ECA4-FollowerState was interrupted
2022-09-14 01:15:27,081 [grpc-default-executor-2] INFO  impl.VoteContext (VoteContext.java:log(48)) - 949a54d7-9098-427f-a66d-64783e047bdb@group-8AF4B479ECA4-FOLLOWER: reject ELECTION from e152a9cb-50bd-4473-abda-9918c470cf1e: our priority 1 > candidate's priority 0
2022-09-14 01:15:27,083 [grpc-default-executor-2] INFO  server.RaftServer$Division (RaftServerImpl.java:setRole(299)) - 949a54d7-9098-427f-a66d-64783e047bdb@group-8AF4B479ECA4: changes role from  FOLLOWER to FOLLOWER at term 13 for candidate:e152a9cb-50bd-4473-abda-9918c470cf1e
2022-09-14 01:15:27,083 [grpc-default-executor-2] INFO  impl.RoleInfo (RoleInfo.java:shutdownFollowerState(110)) - 949a54d7-9098-427f-a66d-64783e047bdb: shutdown 949a54d7-9098-427f-a66d-64783e047bdb@group-8AF4B479ECA4-FollowerState
2022-09-14 01:15:27,086 [grpc-default-executor-2] INFO  impl.RoleInfo (RoleInfo.java:updateAndGet(139)) - 949a54d7-9098-427f-a66d-64783e047bdb: start 949a54d7-9098-427f-a66d-64783e047bdb@group-8AF4B479ECA4-FollowerState
2022-09-14 01:15:27,086 [949a54d7-9098-427f-a66d-64783e047bdb@group-8AF4B479ECA4-FollowerState] INFO  impl.FollowerState (FollowerState.java:run(152)) - 949a54d7-9098-427f-a66d-64783e047bdb@group-8AF4B479ECA4-FollowerState was interrupted
2022-09-14 01:15:27,094 [grpc-default-executor-2] INFO  server.RaftServer$Division (RaftServerImpl.java:requestVote(1184)) - 949a54d7-9098-427f-a66d-64783e047bdb@group-8AF4B479ECA4 replies to ELECTION vote request: e152a9cb-50bd-4473-abda-9918c470cf1e<-949a54d7-9098-427f-a66d-64783e047bdb#0:FAIL-t13. Peer's state: 949a54d7-9098-427f-a66d-64783e047bdb@group-8AF4B479ECA4:t13, leader=null, voted=null, raftlog=949a54d7-9098-427f-a66d-64783e047bdb@group-8AF4B479ECA4-SegmentedRaftLog:OPENED:c-1, conf=-1: [d38685a6-2183-48c3-b209-d48d12164108|rpc:10.1.0.6:39093|priority:0, e152a9cb-50bd-4473-abda-9918c470cf1e|rpc:10.1.0.6:43759|priority:0, 949a54d7-9098-427f-a66d-64783e047bdb|rpc:10.1.0.6:46425|priority:1], old=null
2022-09-14 01:15:27,095 [grpc-default-executor-0] INFO  server.RaftServer$Division (RaftServerImpl.java:requestVote(1184)) - d38685a6-2183-48c3-b209-d48d12164108@group-8AF4B479ECA4 replies to ELECTION vote request: e152a9cb-50bd-4473-abda-9918c470cf1e<-d38685a6-2183-48c3-b209-d48d12164108#0:OK-t13. Peer's state: d38685a6-2183-48c3-b209-d48d12164108@group-8AF4B479ECA4:t13, leader=null, voted=e152a9cb-50bd-4473-abda-9918c470cf1e, raftlog=d38685a6-2183-48c3-b209-d48d12164108@group-8AF4B479ECA4-SegmentedRaftLog:OPENED:c-1, conf=-1: [d38685a6-2183-48c3-b209-d48d12164108|rpc:10.1.0.6:39093|priority:0, e152a9cb-50bd-4473-abda-9918c470cf1e|rpc:10.1.0.6:43759|priority:0, 949a54d7-9098-427f-a66d-64783e047bdb|rpc:10.1.0.6:46425|priority:1], old=null
2022-09-14 01:15:27,096 [e152a9cb-50bd-4473-abda-9918c470cf1e@group-8AF4B479ECA4-LeaderElection24] INFO  impl.LeaderElection (LeaderElection.java:logAndReturn(90)) - e152a9cb-50bd-4473-abda-9918c470cf1e@group-8AF4B479ECA4-LeaderElection24: ELECTION REJECTED received 1 response(s) and 0 exception(s):
2022-09-14 01:15:27,097 [e152a9cb-50bd-4473-abda-9918c470cf1e@group-8AF4B479ECA4-LeaderElection24] INFO  impl.LeaderElection (LeaderElection.java:logAndReturn(94)) -   Response 0: e152a9cb-50bd-4473-abda-9918c470cf1e<-949a54d7-9098-427f-a66d-64783e047bdb#0:FAIL-t13
2022-09-14 01:15:27,097 [e152a9cb-50bd-4473-abda-9918c470cf1e@group-8AF4B479ECA4-LeaderElection24] INFO  impl.LeaderElection (LeaderElection.java:askForVotes(312)) - e152a9cb-50bd-4473-abda-9918c470cf1e@group-8AF4B479ECA4-LeaderElection24 ELECTION round 0: result REJECTED
2022-09-14 01:15:27,098 [e152a9cb-50bd-4473-abda-9918c470cf1e@group-8AF4B479ECA4-LeaderElection24] INFO  server.RaftServer$Division (RaftServerImpl.java:setRole(299)) - e152a9cb-50bd-4473-abda-9918c470cf1e@group-8AF4B479ECA4: changes role from CANDIDATE to FOLLOWER at term 13 for REJECTED
2022-09-14 01:15:27,098 [e152a9cb-50bd-4473-abda-9918c470cf1e@group-8AF4B479ECA4-LeaderElection24] INFO  impl.RoleInfo (RoleInfo.java:shutdownLeaderElection(130)) - e152a9cb-50bd-4473-abda-9918c470cf1e: shutdown e152a9cb-50bd-4473-abda-9918c470cf1e@group-8AF4B479ECA4-LeaderElection24
2022-09-14 01:15:27,098 [e152a9cb-50bd-4473-abda-9918c470cf1e@group-8AF4B479ECA4-LeaderElection24] INFO  impl.RoleInfo (RoleInfo.java:updateAndGet(139)) - e152a9cb-50bd-4473-abda-9918c470cf1e: start e152a9cb-50bd-4473-abda-9918c470cf1e@group-8AF4B479ECA4-FollowerState
]]></system-out>
  </testcase>
</testsuite>