<?xml version="1.0" encoding="UTF-8"?>
<testsuite xmlns:xsi="http://www.w3.org/2001/XMLSchema-instance" xsi:noNamespaceSchemaLocation="https://maven.apache.org/surefire/maven-surefire-plugin/xsd/surefire-test-report-3.0.xsd" version="3.0" name="org.apache.hadoop.ozone.client.rpc.TestOzoneAtRestEncryption" time="44.157" tests="22" errors="1" skipped="0" failures="0">
  <properties>
    <property name="awt.toolkit" value="sun.awt.X11.XToolkit"/>
    <property name="log4j.configuration" value="kms-log4j.properties"/>
    <property name="java.specification.version" value="1.8"/>
    <property name="file.encoding.pkg" value="sun.io"/>
    <property name="sun.cpu.isalist" value=""/>
    <property name="sun.jnu.encoding" value="UTF-8"/>
    <property name="gradle.enterprise.listener.surefire.forkId" value="1"/>
    <property name="java.class.path" value="/home/runner/work/ozone/ozone/hadoop-ozone/integration-test/target/test-classes:/home/runner/work/ozone/ozone/hadoop-ozone/integration-test/target/classes:/home/runner/.m2/repository/org/apache/ozone/ozone-common/1.4.0-SNAPSHOT/ozone-common-1.4.0-SNAPSHOT.jar:/home/runner/.m2/repository/io/grpc/grpc-netty/1.51.1/grpc-netty-1.51.1.jar:/home/runner/.m2/repository/io/grpc/grpc-core/1.51.1/grpc-core-1.51.1.jar:/home/runner/.m2/repository/com/google/android/annotations/4.1.1.4/annotations-4.1.1.4.jar:/home/runner/.m2/repository/org/codehaus/mojo/animal-sniffer-annotations/1.21/animal-sniffer-annotations-1.21.jar:/home/runner/.m2/repository/com/google/errorprone/error_prone_annotations/2.2.0/error_prone_annotations-2.2.0.jar:/home/runner/.m2/repository/io/perfmark/perfmark-api/0.25.0/perfmark-api-0.25.0.jar:/home/runner/.m2/repository/io/netty/netty-codec-http2/4.1.100.Final/netty-codec-http2-4.1.100.Final.jar:/home/runner/.m2/repository/io/netty/netty-common/4.1.100.Final/netty-common-4.1.100.Final.jar:/home/runner/.m2/repository/io/netty/netty-buffer/4.1.100.Final/netty-buffer-4.1.100.Final.jar:/home/runner/.m2/repository/io/netty/netty-codec-http/4.1.100.Final/netty-codec-http-4.1.100.Final.jar:/home/runner/.m2/repository/io/netty/netty-handler-proxy/4.1.100.Final/netty-handler-proxy-4.1.100.Final.jar:/home/runner/.m2/repository/io/netty/netty-codec-socks/4.1.100.Final/netty-codec-socks-4.1.100.Final.jar:/home/runner/.m2/repository/io/netty/netty-tcnative-boringssl-static/2.0.61.Final/netty-tcnative-boringssl-static-2.0.61.Final.jar:/home/runner/.m2/repository/io/netty/netty-tcnative-classes/2.0.61.Final/netty-tcnative-classes-2.0.61.Final.jar:/home/runner/.m2/repository/io/netty/netty-tcnative-boringssl-static/2.0.61.Final/netty-tcnative-boringssl-static-2.0.61.Final-linux-x86_64.jar:/home/runner/.m2/repository/io/netty/netty-tcnative-boringssl-static/2.0.61.Final/netty-tcnative-boringssl-static-2.0.61.Final-linux-aarch_64.jar:/home/runner/.m2/repository/io/netty/netty-tcnative-boringssl-static/2.0.61.Final/netty-tcnative-boringssl-static-2.0.61.Final-osx-x86_64.jar:/home/runner/.m2/repository/io/netty/netty-tcnative-boringssl-static/2.0.61.Final/netty-tcnative-boringssl-static-2.0.61.Final-osx-aarch_64.jar:/home/runner/.m2/repository/io/netty/netty-tcnative-boringssl-static/2.0.61.Final/netty-tcnative-boringssl-static-2.0.61.Final-windows-x86_64.jar:/home/runner/.m2/repository/org/apache/commons/commons-compress/1.21/commons-compress-1.21.jar:/home/runner/.m2/repository/org/apache/ozone/hdds-common/1.4.0-SNAPSHOT/hdds-common-1.4.0-SNAPSHOT.jar:/home/runner/.m2/repository/org/apache/ozone/hdds-client/1.4.0-SNAPSHOT/hdds-client-1.4.0-SNAPSHOT.jar:/home/runner/.m2/repository/org/apache/ozone/ozone-interface-client/1.4.0-SNAPSHOT/ozone-interface-client-1.4.0-SNAPSHOT.jar:/home/runner/.m2/repository/org/apache/hadoop/hadoop-hdfs-client/3.3.6/hadoop-hdfs-client-3.3.6.jar:/home/runner/.m2/repository/com/squareup/okhttp3/okhttp/4.9.3/okhttp-4.9.3.jar:/home/runner/.m2/repository/com/squareup/okio/okio/3.4.0/okio-3.4.0.jar:/home/runner/.m2/repository/com/squareup/okio/okio-jvm/3.4.0/okio-jvm-3.4.0.jar:/home/runner/.m2/repository/org/jetbrains/kotlin/kotlin-stdlib-jdk8/1.8.0/kotlin-stdlib-jdk8-1.8.0.jar:/home/runner/.m2/repository/org/jetbrains/kotlin/kotlin-stdlib-jdk7/1.8.0/kotlin-stdlib-jdk7-1.8.0.jar:/home/runner/.m2/repository/org/jetbrains/kotlin/kotlin-stdlib-common/1.6.21/kotlin-stdlib-common-1.6.21.jar:/home/runner/.m2/repository/org/apache/ozone/hdds-test-utils/1.4.0-SNAPSHOT/hdds-test-utils-1.4.0-SNAPSHOT.jar:/home/runner/.m2/repository/com/google/guava/guava/32.0.0-jre/guava-32.0.0-jre.jar:/home/runner/.m2/repository/com/google/guava/failureaccess/1.0.1/failureaccess-1.0.1.jar:/home/runner/.m2/repository/com/google/guava/listenablefuture/9999.0-empty-to-avoid-conflict-with-guava/listenablefuture-9999.0-empty-to-avoid-conflict-with-guava.jar:/home/runner/.m2/repository/com/google/code/findbugs/jsr305/3.0.0/jsr305-3.0.0.jar:/home/runner/.m2/repository/org/checkerframework/checker-qual/3.33.0/checker-qual-3.33.0.jar:/home/runner/.m2/repository/com/google/j2objc/j2objc-annotations/2.8/j2objc-annotations-2.8.jar:/home/runner/.m2/repository/commons-io/commons-io/2.11.0/commons-io-2.11.0.jar:/home/runner/.m2/repository/commons-logging/commons-logging/1.2/commons-logging-1.2.jar:/home/runner/.m2/repository/ch/qos/reload4j/reload4j/1.2.22/reload4j-1.2.22.jar:/home/runner/.m2/repository/org/slf4j/slf4j-api/1.7.36/slf4j-api-1.7.36.jar:/home/runner/.m2/repository/org/apache/logging/log4j/log4j-api/2.17.1/log4j-api-2.17.1.jar:/home/runner/.m2/repository/org/apache/ozone/hdds-server-scm/1.4.0-SNAPSHOT/hdds-server-scm-1.4.0-SNAPSHOT.jar:/home/runner/.m2/repository/org/apache/ozone/hdds-container-service/1.4.0-SNAPSHOT/hdds-container-service-1.4.0-SNAPSHOT.jar:/home/runner/.m2/repository/org/apache/ozone/hdds-hadoop-dependency-server/1.4.0-SNAPSHOT/hdds-hadoop-dependency-server-1.4.0-SNAPSHOT.jar:/home/runner/.m2/repository/org/apache/hadoop/hadoop-hdfs/3.3.6/hadoop-hdfs-3.3.6.jar:/home/runner/.m2/repository/commons-daemon/commons-daemon/1.0.13/commons-daemon-1.0.13.jar:/home/runner/.m2/repository/org/apache/ozone/hdds-server-framework/1.4.0-SNAPSHOT/hdds-server-framework-1.4.0-SNAPSHOT.jar:/home/runner/.m2/repository/io/dropwizard/metrics/metrics-core/3.2.4/metrics-core-3.2.4.jar:/home/runner/.m2/repository/org/apache/commons/commons-text/1.10.0/commons-text-1.10.0.jar:/home/runner/.m2/repository/org/bouncycastle/bcprov-jdk15on/1.67/bcprov-jdk15on-1.67.jar:/home/runner/.m2/repository/com/google/protobuf/protobuf-java/2.5.0/protobuf-java-2.5.0.jar:/home/runner/.m2/repository/org/apache/ozone/hdds-server-framework/1.4.0-SNAPSHOT/hdds-server-framework-1.4.0-SNAPSHOT-tests.jar:/home/runner/.m2/repository/org/apache/ozone/hdds-interface-server/1.4.0-SNAPSHOT/hdds-interface-server-1.4.0-SNAPSHOT.jar:/home/runner/.m2/repository/org/apache/ozone/hdds-interface-admin/1.4.0-SNAPSHOT/hdds-interface-admin-1.4.0-SNAPSHOT.jar:/home/runner/.m2/repository/org/apache/ozone/hdds-managed-rocksdb/1.4.0-SNAPSHOT/hdds-managed-rocksdb-1.4.0-SNAPSHOT.jar:/home/runner/.m2/repository/org/rocksdb/rocksdbjni/7.7.3/rocksdbjni-7.7.3.jar:/home/runner/.m2/repository/org/slf4j/slf4j-reload4j/1.7.36/slf4j-reload4j-1.7.36.jar:/home/runner/.m2/repository/org/apache/commons/commons-configuration2/2.1.1/commons-configuration2-2.1.1.jar:/home/runner/.m2/repository/commons-fileupload/commons-fileupload/1.5/commons-fileupload-1.5.jar:/home/runner/.m2/repository/org/apache/logging/log4j/log4j-core/2.17.1/log4j-core-2.17.1.jar:/home/runner/.m2/repository/com/lmax/disruptor/3.4.2/disruptor-3.4.2.jar:/home/runner/.m2/repository/org/eclipse/jetty/jetty-util/9.4.53.v20231009/jetty-util-9.4.53.v20231009.jar:/home/runner/.m2/repository/org/eclipse/jetty/jetty-server/9.4.53.v20231009/jetty-server-9.4.53.v20231009.jar:/home/runner/.m2/repository/org/eclipse/jetty/jetty-http/9.4.53.v20231009/jetty-http-9.4.53.v20231009.jar:/home/runner/.m2/repository/org/eclipse/jetty/jetty-io/9.4.53.v20231009/jetty-io-9.4.53.v20231009.jar:/home/runner/.m2/repository/org/eclipse/jetty/jetty-servlet/9.4.53.v20231009/jetty-servlet-9.4.53.v20231009.jar:/home/runner/.m2/repository/org/eclipse/jetty/jetty-security/9.4.53.v20231009/jetty-security-9.4.53.v20231009.jar:/home/runner/.m2/repository/org/eclipse/jetty/jetty-util-ajax/9.4.53.v20231009/jetty-util-ajax-9.4.53.v20231009.jar:/home/runner/.m2/repository/org/eclipse/jetty/jetty-webapp/9.4.53.v20231009/jetty-webapp-9.4.53.v20231009.jar:/home/runner/.m2/repository/org/eclipse/jetty/jetty-xml/9.4.53.v20231009/jetty-xml-9.4.53.v20231009.jar:/home/runner/.m2/repository/org/apache/ratis/ratis-server/2.5.1/ratis-server-2.5.1.jar:/home/runner/.m2/repository/org/apache/ratis/ratis-thirdparty-misc/1.0.4/ratis-thirdparty-misc-1.0.4.jar:/home/runner/.m2/repository/org/apache/ratis/ratis-proto/2.5.1/ratis-proto-2.5.1.jar:/home/runner/.m2/repository/org/apache/ratis/ratis-common/2.5.1/ratis-common-2.5.1.jar:/home/runner/.m2/repository/org/apache/ratis/ratis-client/2.5.1/ratis-client-2.5.1.jar:/home/runner/.m2/repository/org/apache/ratis/ratis-server-api/2.5.1/ratis-server-api-2.5.1.jar:/home/runner/.m2/repository/org/apache/ratis/ratis-metrics/2.5.1/ratis-metrics-2.5.1.jar:/home/runner/.m2/repository/io/prometheus/simpleclient_dropwizard/0.7.0/simpleclient_dropwizard-0.7.0.jar:/home/runner/.m2/repository/io/prometheus/simpleclient/0.7.0/simpleclient-0.7.0.jar:/home/runner/.m2/repository/io/prometheus/simpleclient_common/0.7.0/simpleclient_common-0.7.0.jar:/home/runner/.m2/repository/com/fasterxml/jackson/datatype/jackson-datatype-jsr310/2.13.4/jackson-datatype-jsr310-2.13.4.jar:/home/runner/.m2/repository/com/fasterxml/jackson/core/jackson-core/2.13.4/jackson-core-2.13.4.jar:/home/runner/.m2/repository/org/apache/ozone/rocksdb-checkpoint-differ/1.4.0-SNAPSHOT/rocksdb-checkpoint-differ-1.4.0-SNAPSHOT.jar:/home/runner/.m2/repository/org/jgrapht/jgrapht-core/1.0.1/jgrapht-core-1.0.1.jar:/home/runner/.m2/repository/org/jgrapht/jgrapht-ext/1.0.1/jgrapht-ext-1.0.1.jar:/home/runner/.m2/repository/org/tinyjee/jgraphx/jgraphx/2.0.0.1/jgraphx-2.0.0.1.jar:/home/runner/.m2/repository/jgraph/jgraph/5.13.0.0/jgraph-5.13.0.0.jar:/home/runner/.m2/repository/org/antlr/antlr4-runtime/4.5.3/antlr4-runtime-4.5.3.jar:/home/runner/.m2/repository/org/awaitility/awaitility/4.2.0/awaitility-4.2.0.jar:/home/runner/.m2/repository/org/hamcrest/hamcrest/2.1/hamcrest-2.1.jar:/home/runner/.m2/repository/org/apache/ozone/ozone-manager/1.4.0-SNAPSHOT/ozone-manager-1.4.0-SNAPSHOT.jar:/home/runner/.m2/repository/org/aspectj/aspectjrt/1.9.7/aspectjrt-1.9.7.jar:/home/runner/.m2/repository/org/aspectj/aspectjweaver/1.9.7/aspectjweaver-1.9.7.jar:/home/runner/.m2/repository/org/apache/ozone/hdds-interface-client/1.4.0-SNAPSHOT/hdds-interface-client-1.4.0-SNAPSHOT.jar:/home/runner/.m2/repository/org/apache/hadoop/thirdparty/hadoop-shaded-protobuf_3_7/1.1.1/hadoop-shaded-protobuf_3_7-1.1.1.jar:/home/runner/.m2/repository/org/apache/ozone/ozone-interface-storage/1.4.0-SNAPSHOT/ozone-interface-storage-1.4.0-SNAPSHOT.jar:/home/runner/.m2/repository/org/reflections/reflections/0.9.11/reflections-0.9.11.jar:/home/runner/.m2/repository/com/sun/jersey/jersey-client/1.19.4/jersey-client-1.19.4.jar:/home/runner/.m2/repository/org/codehaus/jackson/jackson-core-asl/1.9.13/jackson-core-asl-1.9.13.jar:/home/runner/.m2/repository/org/codehaus/jackson/jackson-mapper-asl/1.9.13/jackson-mapper-asl-1.9.13.jar:/home/runner/.m2/repository/org/codehaus/jackson/jackson-jaxrs/1.9.13/jackson-jaxrs-1.9.13.jar:/home/runner/.m2/repository/org/apache/ranger/ranger-intg/2.3.0/ranger-intg-2.3.0.jar:/home/runner/.m2/repository/org/apache/ranger/ranger-plugins-common/2.3.0/ranger-plugins-common-2.3.0.jar:/home/runner/.m2/repository/commons-lang/commons-lang/2.6/commons-lang-2.6.jar:/home/runner/.m2/repository/org/apache/ranger/ranger-plugins-cred/2.3.0/ranger-plugins-cred-2.3.0.jar:/home/runner/.m2/repository/org/apache/ranger/ranger-plugins-audit/2.3.0/ranger-plugins-audit-2.3.0.jar:/home/runner/.m2/repository/org/eclipse/jetty/jetty-client/9.4.53.v20231009/jetty-client-9.4.53.v20231009.jar:/home/runner/.m2/repository/org/apache/httpcomponents/httpmime/4.5.6/httpmime-4.5.6.jar:/home/runner/.m2/repository/org/apache/httpcomponents/httpcore-nio/4.4.13/httpcore-nio-4.4.13.jar:/home/runner/.m2/repository/org/apache/httpcomponents/httpasyncclient/4.1.3/httpasyncclient-4.1.3.jar:/home/runner/.m2/repository/com/carrotsearch/hppc/0.8.0/hppc-0.8.0.jar:/home/runner/.m2/repository/org/apache/orc/orc-core/1.5.8/orc-core-1.5.8.jar:/home/runner/.m2/repository/net/java/dev/jna/jna/5.2.0/jna-5.2.0.jar:/home/runner/.m2/repository/net/java/dev/jna/jna-platform/5.2.0/jna-platform-5.2.0.jar:/home/runner/.m2/repository/com/kstruct/gethostname4j/0.0.2/gethostname4j-0.0.2.jar:/home/runner/.m2/repository/org/apache/ranger/ranger-plugin-classloader/2.3.0/ranger-plugin-classloader-2.3.0.jar:/home/runner/.m2/repository/org/apache/ozone/hdds-rocks-native/1.4.0-SNAPSHOT/hdds-rocks-native-1.4.0-SNAPSHOT.jar:/home/runner/.m2/repository/org/apache/hadoop/hadoop-minikdc/3.3.6/hadoop-minikdc-3.3.6.jar:/home/runner/.m2/repository/org/apache/kerby/kerb-simplekdc/1.0.1/kerb-simplekdc-1.0.1.jar:/home/runner/.m2/repository/org/apache/kerby/kerb-client/1.0.1/kerb-client-1.0.1.jar:/home/runner/.m2/repository/org/apache/kerby/kerby-config/1.0.1/kerby-config-1.0.1.jar:/home/runner/.m2/repository/org/apache/kerby/kerb-common/1.0.1/kerb-common-1.0.1.jar:/home/runner/.m2/repository/org/apache/kerby/kerb-crypto/1.0.1/kerb-crypto-1.0.1.jar:/home/runner/.m2/repository/org/apache/kerby/kerb-util/1.0.1/kerb-util-1.0.1.jar:/home/runner/.m2/repository/org/apache/kerby/token-provider/1.0.1/token-provider-1.0.1.jar:/home/runner/.m2/repository/org/apache/kerby/kerb-admin/1.0.1/kerb-admin-1.0.1.jar:/home/runner/.m2/repository/org/apache/kerby/kerb-server/1.0.1/kerb-server-1.0.1.jar:/home/runner/.m2/repository/org/apache/kerby/kerb-identity/1.0.1/kerb-identity-1.0.1.jar:/home/runner/.m2/repository/org/apache/kerby/kerby-xdr/1.0.1/kerby-xdr-1.0.1.jar:/home/runner/.m2/repository/org/apache/ozone/ozone-s3gateway/1.4.0-SNAPSHOT/ozone-s3gateway-1.4.0-SNAPSHOT.jar:/home/runner/.m2/repository/org/javassist/javassist/3.21.0-GA/javassist-3.21.0-GA.jar:/home/runner/.m2/repository/org/jboss/weld/servlet/weld-servlet-shaded/3.1.9.Final/weld-servlet-shaded-3.1.9.Final.jar:/home/runner/.m2/repository/org/glassfish/jersey/containers/jersey-container-servlet-core/2.34/jersey-container-servlet-core-2.34.jar:/home/runner/.m2/repository/org/glassfish/hk2/external/jakarta.inject/2.6.1/jakarta.inject-2.6.1.jar:/home/runner/.m2/repository/org/glassfish/jersey/core/jersey-common/2.34/jersey-common-2.34.jar:/home/runner/.m2/repository/jakarta/ws/rs/jakarta.ws.rs-api/2.1.6/jakarta.ws.rs-api-2.1.6.jar:/home/runner/.m2/repository/org/glassfish/jersey/ext/cdi/jersey-cdi1x/2.34/jersey-cdi1x-2.34.jar:/home/runner/.m2/repository/org/glassfish/jersey/inject/jersey-hk2/2.34/jersey-hk2-2.34.jar:/home/runner/.m2/repository/org/glassfish/hk2/hk2-locator/2.6.1/hk2-locator-2.6.1.jar:/home/runner/.m2/repository/org/glassfish/jersey/media/jersey-media-jaxb/2.34/jersey-media-jaxb-2.34.jar:/home/runner/.m2/repository/org/glassfish/hk2/osgi-resource-locator/1.0.3/osgi-resource-locator-1.0.3.jar:/home/runner/.m2/repository/org/glassfish/hk2/hk2-api/2.5.0/hk2-api-2.5.0.jar:/home/runner/.m2/repository/org/glassfish/hk2/hk2-utils/2.5.0/hk2-utils-2.5.0.jar:/home/runner/.m2/repository/org/glassfish/hk2/external/aopalliance-repackaged/2.5.0/aopalliance-repackaged-2.5.0.jar:/home/runner/.m2/repository/com/fasterxml/jackson/dataformat/jackson-dataformat-xml/2.13.4/jackson-dataformat-xml-2.13.4.jar:/home/runner/.m2/repository/org/codehaus/woodstox/stax2-api/4.2.1/stax2-api-4.2.1.jar:/home/runner/.m2/repository/com/fasterxml/woodstox/woodstox-core/5.4.0/woodstox-core-5.4.0.jar:/home/runner/.m2/repository/com/fasterxml/jackson/module/jackson-module-jaxb-annotations/2.13.4/jackson-module-jaxb-annotations-2.13.4.jar:/home/runner/.m2/repository/jakarta/xml/bind/jakarta.xml.bind-api/2.3.3/jakarta.xml.bind-api-2.3.3.jar:/home/runner/.m2/repository/jakarta/activation/jakarta.activation-api/1.2.2/jakarta.activation-api-1.2.2.jar:/home/runner/.m2/repository/javax/enterprise/cdi-api/2.0/cdi-api-2.0.jar:/home/runner/.m2/repository/javax/el/javax.el-api/3.0.0/javax.el-api-3.0.0.jar:/home/runner/.m2/repository/javax/interceptor/javax.interceptor-api/1.2/javax.interceptor-api-1.2.jar:/home/runner/.m2/repository/javax/inject/javax.inject/1/javax.inject-1.jar:/home/runner/.m2/repository/javax/xml/bind/jaxb-api/2.3.0/jaxb-api-2.3.0.jar:/home/runner/.m2/repository/org/glassfish/jaxb/jaxb-runtime/2.3.0.1/jaxb-runtime-2.3.0.1.jar:/home/runner/.m2/repository/org/glassfish/jaxb/jaxb-core/2.3.0.1/jaxb-core-2.3.0.1.jar:/home/runner/.m2/repository/org/glassfish/jaxb/txw2/2.3.0.1/txw2-2.3.0.1.jar:/home/runner/.m2/repository/com/sun/istack/istack-commons-runtime/3.0.5/istack-commons-runtime-3.0.5.jar:/home/runner/.m2/repository/org/jvnet/staxex/stax-ex/1.7.8/stax-ex-1.7.8.jar:/home/runner/.m2/repository/com/sun/xml/fastinfoset/FastInfoset/1.2.13/FastInfoset-1.2.13.jar:/home/runner/.m2/repository/javax/activation/activation/1.1.1/activation-1.1.1.jar:/home/runner/.m2/repository/io/grpc/grpc-protobuf/1.51.1/grpc-protobuf-1.51.1.jar:/home/runner/.m2/repository/com/google/api/grpc/proto-google-common-protos/2.9.0/proto-google-common-protos-2.9.0.jar:/home/runner/.m2/repository/io/grpc/grpc-protobuf-lite/1.51.1/grpc-protobuf-lite-1.51.1.jar:/home/runner/.m2/repository/io/grpc/grpc-stub/1.51.1/grpc-stub-1.51.1.jar:/home/runner/.m2/repository/io/netty/netty-transport/4.1.100.Final/netty-transport-4.1.100.Final.jar:/home/runner/.m2/repository/io/netty/netty-resolver/4.1.100.Final/netty-resolver-4.1.100.Final.jar:/home/runner/.m2/repository/org/apache/ozone/ozone-csi/1.4.0-SNAPSHOT/ozone-csi-1.4.0-SNAPSHOT.jar:/home/runner/.m2/repository/com/google/protobuf/protobuf-java-util/3.19.6/protobuf-java-util-3.19.6.jar:/home/runner/.m2/repository/com/google/code/gson/gson/2.9.0/gson-2.9.0.jar:/home/runner/.m2/repository/org/apache/ozone/hdds-config/1.4.0-SNAPSHOT/hdds-config-1.4.0-SNAPSHOT.jar:/home/runner/.m2/repository/io/netty/netty-transport-native-epoll/4.1.100.Final/netty-transport-native-epoll-4.1.100.Final-linux-x86_64.jar:/home/runner/.m2/repository/io/netty/netty-transport-classes-epoll/4.1.100.Final/netty-transport-classes-epoll-4.1.100.Final.jar:/home/runner/.m2/repository/io/netty/netty-transport-native-unix-common/4.1.100.Final/netty-transport-native-unix-common-4.1.100.Final.jar:/home/runner/.m2/repository/org/apache/ozone/ozone-recon/1.4.0-SNAPSHOT/ozone-recon-1.4.0-SNAPSHOT.jar:/home/runner/.m2/repository/org/apache/ozone/ozone-reconcodegen/1.4.0-SNAPSHOT/ozone-reconcodegen-1.4.0-SNAPSHOT.jar:/home/runner/.m2/repository/com/google/inject/guice/5.1.0/guice-5.1.0.jar:/home/runner/.m2/repository/aopalliance/aopalliance/1.0/aopalliance-1.0.jar:/home/runner/.m2/repository/com/google/inject/extensions/guice-assistedinject/5.1.0/guice-assistedinject-5.1.0.jar:/home/runner/.m2/repository/com/google/inject/extensions/guice-servlet/5.1.0/guice-servlet-5.1.0.jar:/home/runner/.m2/repository/org/glassfish/jersey/containers/jersey-container-servlet/2.34/jersey-container-servlet-2.34.jar:/home/runner/.m2/repository/org/glassfish/hk2/guice-bridge/2.5.0/guice-bridge-2.5.0.jar:/home/runner/.m2/repository/org/glassfish/jersey/core/jersey-server/2.34/jersey-server-2.34.jar:/home/runner/.m2/repository/org/glassfish/jersey/core/jersey-client/2.34/jersey-client-2.34.jar:/home/runner/.m2/repository/jakarta/annotation/jakarta.annotation-api/1.3.5/jakarta.annotation-api-1.3.5.jar:/home/runner/.m2/repository/jakarta/validation/jakarta.validation-api/2.0.2/jakarta.validation-api-2.0.2.jar:/home/runner/.m2/repository/org/glassfish/jersey/media/jersey-media-json-jackson/2.34/jersey-media-json-jackson-2.34.jar:/home/runner/.m2/repository/org/glassfish/jersey/ext/jersey-entity-filtering/2.34/jersey-entity-filtering-2.34.jar:/home/runner/.m2/repository/org/jooq/jooq/3.11.10/jooq-3.11.10.jar:/home/runner/.m2/repository/org/jooq/jooq-meta/3.11.10/jooq-meta-3.11.10.jar:/home/runner/.m2/repository/org/jooq/jooq-codegen/3.11.10/jooq-codegen-3.11.10.jar:/home/runner/.m2/repository/com/jolbox/bonecp/0.8.0.RELEASE/bonecp-0.8.0.RELEASE.jar:/home/runner/.m2/repository/org/apache/derby/derby/10.14.2.0/derby-10.14.2.0.jar:/home/runner/.m2/repository/org/xerial/sqlite-jdbc/3.41.2.2/sqlite-jdbc-3.41.2.2.jar:/home/runner/.m2/repository/org/springframework/spring-jdbc/5.3.27/spring-jdbc-5.3.27.jar:/home/runner/.m2/repository/org/springframework/spring-beans/5.3.27/spring-beans-5.3.27.jar:/home/runner/.m2/repository/org/springframework/spring-core/5.3.27/spring-core-5.3.27.jar:/home/runner/.m2/repository/org/springframework/spring-tx/5.3.27/spring-tx-5.3.27.jar:/home/runner/.m2/repository/org/apache/ozone/ozone-client/1.4.0-SNAPSHOT/ozone-client-1.4.0-SNAPSHOT.jar:/home/runner/.m2/repository/org/apache/ozone/hdds-erasurecode/1.4.0-SNAPSHOT/hdds-erasurecode-1.4.0-SNAPSHOT.jar:/home/runner/.m2/repository/org/apache/ozone/ozone-filesystem/1.4.0-SNAPSHOT/ozone-filesystem-1.4.0-SNAPSHOT.jar:/home/runner/.m2/repository/org/apache/ozone/ozone-filesystem-common/1.4.0-SNAPSHOT/ozone-filesystem-common-1.4.0-SNAPSHOT.jar:/home/runner/.m2/repository/org/apache/ozone/ozone-tools/1.4.0-SNAPSHOT/ozone-tools-1.4.0-SNAPSHOT.jar:/home/runner/.m2/repository/com/amazonaws/aws-java-sdk-core/1.12.261/aws-java-sdk-core-1.12.261.jar:/home/runner/.m2/repository/org/apache/httpcomponents/httpclient/4.5.13/httpclient-4.5.13.jar:/home/runner/.m2/repository/org/apache/httpcomponents/httpcore/4.4.13/httpcore-4.4.13.jar:/home/runner/.m2/repository/software/amazon/ion/ion-java/1.0.2/ion-java-1.0.2.jar:/home/runner/.m2/repository/com/fasterxml/jackson/dataformat/jackson-dataformat-cbor/2.13.4/jackson-dataformat-cbor-2.13.4.jar:/home/runner/.m2/repository/joda-time/joda-time/2.12.5/joda-time-2.12.5.jar:/home/runner/.m2/repository/com/amazonaws/aws-java-sdk-s3/1.12.261/aws-java-sdk-s3-1.12.261.jar:/home/runner/.m2/repository/com/amazonaws/aws-java-sdk-kms/1.12.261/aws-java-sdk-kms-1.12.261.jar:/home/runner/.m2/repository/com/amazonaws/jmespath-java/1.12.261/jmespath-java-1.12.261.jar:/home/runner/.m2/repository/org/kohsuke/metainf-services/metainf-services/1.8/metainf-services-1.8.jar:/home/runner/.m2/repository/org/apache/ozone/hdds-tools/1.4.0-SNAPSHOT/hdds-tools-1.4.0-SNAPSHOT.jar:/home/runner/.m2/repository/org/apache/ratis/ratis-tools/2.5.1/ratis-tools-2.5.1.jar:/home/runner/.m2/repository/commons-cli/commons-cli/1.2/commons-cli-1.2.jar:/home/runner/.m2/repository/org/apache/commons/commons-lang3/3.7/commons-lang3-3.7.jar:/home/runner/.m2/repository/org/apache/ozone/ozone-manager/1.4.0-SNAPSHOT/ozone-manager-1.4.0-SNAPSHOT-tests.jar:/home/runner/.m2/repository/org/apache/ozone/hdds-common/1.4.0-SNAPSHOT/hdds-common-1.4.0-SNAPSHOT-tests.jar:/home/runner/.m2/repository/org/apache/ozone/hdds-hadoop-dependency-client/1.4.0-SNAPSHOT/hdds-hadoop-dependency-client-1.4.0-SNAPSHOT.jar:/home/runner/.m2/repository/info/picocli/picocli/4.7.5/picocli-4.7.5.jar:/home/runner/.m2/repository/com/fasterxml/jackson/core/jackson-annotations/2.13.4/jackson-annotations-2.13.4.jar:/home/runner/.m2/repository/org/apache/ozone/hdds-annotation-processing/1.4.0-SNAPSHOT/hdds-annotation-processing-1.4.0-SNAPSHOT.jar:/home/runner/.m2/repository/javax/annotation/javax.annotation-api/1.2/javax.annotation-api-1.2.jar:/home/runner/.m2/repository/org/apache/ratis/ratis-netty/2.5.1/ratis-netty-2.5.1.jar:/home/runner/.m2/repository/org/apache/ratis/ratis-grpc/2.5.1/ratis-grpc-2.5.1.jar:/home/runner/.m2/repository/org/apache/commons/commons-pool2/2.6.0/commons-pool2-2.6.0.jar:/home/runner/.m2/repository/org/bouncycastle/bcpkix-jdk15on/1.67/bcpkix-jdk15on-1.67.jar:/home/runner/.m2/repository/commons-validator/commons-validator/1.6/commons-validator-1.6.jar:/home/runner/.m2/repository/commons-beanutils/commons-beanutils/1.9.4/commons-beanutils-1.9.4.jar:/home/runner/.m2/repository/commons-digester/commons-digester/1.8.1/commons-digester-1.8.1.jar:/home/runner/.m2/repository/commons-collections/commons-collections/3.2.2/commons-collections-3.2.2.jar:/home/runner/.m2/repository/io/jaegertracing/jaeger-client/1.6.0/jaeger-client-1.6.0.jar:/home/runner/.m2/repository/io/jaegertracing/jaeger-thrift/1.6.0/jaeger-thrift-1.6.0.jar:/home/runner/.m2/repository/org/apache/thrift/libthrift/0.14.1/libthrift-0.14.1.jar:/home/runner/.m2/repository/io/jaegertracing/jaeger-core/1.6.0/jaeger-core-1.6.0.jar:/home/runner/.m2/repository/io/jaegertracing/jaeger-tracerresolver/1.6.0/jaeger-tracerresolver-1.6.0.jar:/home/runner/.m2/repository/io/opentracing/contrib/opentracing-tracerresolver/0.1.8/opentracing-tracerresolver-0.1.8.jar:/home/runner/.m2/repository/org/jetbrains/kotlin/kotlin-stdlib/1.6.21/kotlin-stdlib-1.6.21.jar:/home/runner/.m2/repository/org/jetbrains/annotations/13.0/annotations-13.0.jar:/home/runner/.m2/repository/io/opentracing/opentracing-util/0.33.0/opentracing-util-0.33.0.jar:/home/runner/.m2/repository/io/opentracing/opentracing-api/0.33.0/opentracing-api-0.33.0.jar:/home/runner/.m2/repository/io/opentracing/opentracing-noop/0.33.0/opentracing-noop-0.33.0.jar:/home/runner/.m2/repository/org/yaml/snakeyaml/2.0/snakeyaml-2.0.jar:/home/runner/.m2/repository/io/grpc/grpc-api/1.51.1/grpc-api-1.51.1.jar:/home/runner/.m2/repository/io/grpc/grpc-context/1.51.1/grpc-context-1.51.1.jar:/home/runner/.m2/repository/com/fasterxml/uuid/java-uuid-generator/4.3.0/java-uuid-generator-4.3.0.jar:/home/runner/.m2/repository/junit/junit/4.13.1/junit-4.13.1.jar:/home/runner/.m2/repository/org/hamcrest/hamcrest-core/1.3/hamcrest-core-1.3.jar:/home/runner/.m2/repository/org/junit/jupiter/junit-jupiter-api/5.8.2/junit-jupiter-api-5.8.2.jar:/home/runner/.m2/repository/org/opentest4j/opentest4j/1.2.0/opentest4j-1.2.0.jar:/home/runner/.m2/repository/org/junit/platform/junit-platform-commons/1.8.2/junit-platform-commons-1.8.2.jar:/home/runner/.m2/repository/org/apiguardian/apiguardian-api/1.1.2/apiguardian-api-1.1.2.jar:/home/runner/.m2/repository/org/junit/jupiter/junit-jupiter-params/5.8.2/junit-jupiter-params-5.8.2.jar:/home/runner/.m2/repository/org/junit/jupiter/junit-jupiter-migrationsupport/5.8.2/junit-jupiter-migrationsupport-5.8.2.jar:/home/runner/.m2/repository/org/junit/jupiter/junit-jupiter-engine/5.8.2/junit-jupiter-engine-5.8.2.jar:/home/runner/.m2/repository/org/junit/platform/junit-platform-engine/1.8.2/junit-platform-engine-1.8.2.jar:/home/runner/.m2/repository/org/junit/vintage/junit-vintage-engine/5.8.2/junit-vintage-engine-5.8.2.jar:/home/runner/.m2/repository/org/junit/platform/junit-platform-launcher/1.8.2/junit-platform-launcher-1.8.2.jar:/home/runner/.m2/repository/org/mockito/mockito-core/3.5.9/mockito-core-3.5.9.jar:/home/runner/.m2/repository/net/bytebuddy/byte-buddy/1.10.13/byte-buddy-1.10.13.jar:/home/runner/.m2/repository/net/bytebuddy/byte-buddy-agent/1.10.13/byte-buddy-agent-1.10.13.jar:/home/runner/.m2/repository/org/objenesis/objenesis/1.0/objenesis-1.0.jar:/home/runner/.m2/repository/org/apache/hadoop/hadoop-kms/3.3.6/hadoop-kms-3.3.6.jar:/home/runner/.m2/repository/org/apache/hadoop/hadoop-auth/3.3.6/hadoop-auth-3.3.6.jar:/home/runner/.m2/repository/com/nimbusds/nimbus-jose-jwt/9.8.1/nimbus-jose-jwt-9.8.1.jar:/home/runner/.m2/repository/com/github/stephenc/jcip/jcip-annotations/1.0-1/jcip-annotations-1.0-1.jar:/home/runner/.m2/repository/org/apache/zookeeper/zookeeper/3.7.2/zookeeper-3.7.2.jar:/home/runner/.m2/repository/org/apache/zookeeper/zookeeper-jute/3.7.2/zookeeper-jute-3.7.2.jar:/home/runner/.m2/repository/org/apache/yetus/audience-annotations/0.12.0/audience-annotations-0.12.0.jar:/home/runner/.m2/repository/org/apache/curator/curator-framework/4.2.0/curator-framework-4.2.0.jar:/home/runner/.m2/repository/org/apache/hadoop/thirdparty/hadoop-shaded-guava/1.1.1/hadoop-shaded-guava-1.1.1.jar:/home/runner/.m2/repository/com/sun/jersey/jersey-core/1.19.4/jersey-core-1.19.4.jar:/home/runner/.m2/repository/javax/ws/rs/jsr311-api/1.1.1/jsr311-api-1.1.1.jar:/home/runner/.m2/repository/com/sun/jersey/jersey-server/1.19.4/jersey-server-1.19.4.jar:/home/runner/.m2/repository/javax/servlet/javax.servlet-api/3.1.0/javax.servlet-api-3.1.0.jar:/home/runner/.m2/repository/org/apache/hadoop/hadoop-common/3.3.6/hadoop-common-3.3.6.jar:/home/runner/.m2/repository/org/apache/commons/commons-math3/3.1.1/commons-math3-3.1.1.jar:/home/runner/.m2/repository/commons-net/commons-net/3.9.0/commons-net-3.9.0.jar:/home/runner/.m2/repository/com/sun/jersey/jersey-servlet/1.19.4/jersey-servlet-1.19.4.jar:/home/runner/.m2/repository/com/github/pjfanning/jersey-json/1.20/jersey-json-1.20.jar:/home/runner/.m2/repository/org/codehaus/jettison/jettison/1.1/jettison-1.1.jar:/home/runner/.m2/repository/com/sun/xml/bind/jaxb-impl/2.2.3-1/jaxb-impl-2.2.3-1.jar:/home/runner/.m2/repository/com/google/re2j/re2j/1.1/re2j-1.1.jar:/home/runner/.m2/repository/com/jcraft/jsch/0.1.54/jsch-0.1.54.jar:/home/runner/.m2/repository/org/apache/curator/curator-client/4.2.0/curator-client-4.2.0.jar:/home/runner/.m2/repository/org/apache/curator/curator-recipes/5.2.0/curator-recipes-5.2.0.jar:/home/runner/.m2/repository/org/apache/kerby/kerb-core/1.0.1/kerb-core-1.0.1.jar:/home/runner/.m2/repository/org/apache/kerby/kerby-pkix/1.0.1/kerby-pkix-1.0.1.jar:/home/runner/.m2/repository/org/apache/kerby/kerby-asn1/1.0.1/kerby-asn1-1.0.1.jar:/home/runner/.m2/repository/org/apache/kerby/kerby-util/1.0.1/kerby-util-1.0.1.jar:/home/runner/.m2/repository/dnsjava/dnsjava/2.1.7/dnsjava-2.1.7.jar:/home/runner/.m2/repository/org/xerial/snappy/snappy-java/1.1.8.2/snappy-java-1.1.8.2.jar:/home/runner/.m2/repository/com/fasterxml/jackson/core/jackson-databind/2.13.4.2/jackson-databind-2.13.4.2.jar:/home/runner/.m2/repository/org/apache/hadoop/hadoop-kms/3.3.6/hadoop-kms-3.3.6-tests.jar:/home/runner/.m2/repository/org/apache/ozone/hdds-server-scm/1.4.0-SNAPSHOT/hdds-server-scm-1.4.0-SNAPSHOT-tests.jar:/home/runner/.m2/repository/org/apache/ozone/hdds-container-service/1.4.0-SNAPSHOT/hdds-container-service-1.4.0-SNAPSHOT-tests.jar:/home/runner/.m2/repository/com/github/luben/zstd-jni/1.5.2-5/zstd-jni-1.5.2-5.jar:/home/runner/.m2/repository/commons-codec/commons-codec/1.15/commons-codec-1.15.jar:/home/runner/.m2/repository/io/netty/netty-codec/4.1.100.Final/netty-codec-4.1.100.Final.jar:/home/runner/.m2/repository/io/netty/netty-handler/4.1.100.Final/netty-handler-4.1.100.Final.jar:/home/runner/.m2/repository/org/apache/ozone/hdds-hadoop-dependency-test/1.4.0-SNAPSHOT/hdds-hadoop-dependency-test-1.4.0-SNAPSHOT.jar:/home/runner/.m2/repository/org/apache/hadoop/hadoop-common/3.3.6/hadoop-common-3.3.6-tests.jar:/home/runner/.m2/repository/org/apache/hadoop/hadoop-hdfs/3.3.6/hadoop-hdfs-3.3.6-tests.jar:/home/runner/.m2/repository/org/assertj/assertj-core/3.12.2/assertj-core-3.12.2.jar:/home/runner/.m2/repository/org/apache/hadoop/hadoop-distcp/3.3.6/hadoop-distcp-3.3.6.jar:/home/runner/.m2/repository/org/apache/hadoop/hadoop-mapreduce-client-jobclient/3.3.6/hadoop-mapreduce-client-jobclient-3.3.6.jar:/home/runner/.m2/repository/org/apache/hadoop/hadoop-mapreduce-client-common/3.3.6/hadoop-mapreduce-client-common-3.3.6.jar:/home/runner/.m2/repository/org/apache/hadoop/hadoop-yarn-common/3.3.6/hadoop-yarn-common-3.3.6.jar:/home/runner/.m2/repository/org/apache/hadoop/hadoop-yarn-api/3.3.6/hadoop-yarn-api-3.3.6.jar:/home/runner/.m2/repository/com/sun/jersey/contribs/jersey-guice/1.19.4/jersey-guice-1.19.4.jar:/home/runner/.m2/repository/com/fasterxml/jackson/jaxrs/jackson-jaxrs-json-provider/2.13.4/jackson-jaxrs-json-provider-2.13.4.jar:/home/runner/.m2/repository/com/fasterxml/jackson/jaxrs/jackson-jaxrs-base/2.13.4/jackson-jaxrs-base-2.13.4.jar:/home/runner/.m2/repository/org/apache/hadoop/hadoop-yarn-client/3.3.6/hadoop-yarn-client-3.3.6.jar:/home/runner/.m2/repository/org/eclipse/jetty/websocket/websocket-client/9.4.51.v20230217/websocket-client-9.4.51.v20230217.jar:/home/runner/.m2/repository/org/eclipse/jetty/websocket/websocket-common/9.4.51.v20230217/websocket-common-9.4.51.v20230217.jar:/home/runner/.m2/repository/org/eclipse/jetty/websocket/websocket-api/9.4.51.v20230217/websocket-api-9.4.51.v20230217.jar:/home/runner/.m2/repository/org/jline/jline/3.9.0/jline-3.9.0.jar:/home/runner/.m2/repository/org/apache/hadoop/hadoop-mapreduce-client-core/3.3.6/hadoop-mapreduce-client-core-3.3.6.jar:/home/runner/.m2/repository/org/apache/avro/avro/1.7.7/avro-1.7.7.jar:/home/runner/.m2/repository/com/thoughtworks/paranamer/paranamer/2.3/paranamer-2.3.jar:/home/runner/.m2/repository/org/apache/hadoop/hadoop-annotations/3.3.6/hadoop-annotations-3.3.6.jar:/usr/lib/jvm/temurin-8-jdk-amd64/jre/../lib/tools.jar:/home/runner/.m2/repository/io/netty/netty/3.10.6.Final/netty-3.10.6.Final.jar:/home/runner/.m2/repository/org/apache/hadoop/hadoop-distcp/3.3.6/hadoop-distcp-3.3.6-tests.jar:/home/runner/.m2/repository/org/slf4j/jul-to-slf4j/1.7.36/jul-to-slf4j-1.7.36.jar:/home/runner/work/ozone/ozone/hadoop-ozone/integration-test/target/gradle-enterprise/test-listeners.jar:"/>
    <property name="java.vm.vendor" value="Temurin"/>
    <property name="sun.arch.data.model" value="64"/>
    <property name="jceks.key.serialFilter" value="java.lang.Enum;java.security.KeyRep;java.security.KeyRep$Type;javax.crypto.spec.SecretKeySpec;org.apache.hadoop.crypto.key.JavaKeyStoreProvider$KeyMetadata;!*"/>
    <property name="test.build.dir" value="/home/runner/work/ozone/ozone/hadoop-ozone/integration-test/target/test-dir"/>
    <property name="test.cache.data" value=""/>
    <property name="java.vendor.url" value="https://adoptium.net/"/>
    <property name="user.timezone" value="Etc/UTC"/>
    <property name="os.name" value="Linux"/>
    <property name="java.vm.specification.version" value="1.8"/>
    <property name="test.build.data" value="/home/runner/work/ozone/ozone/hadoop-ozone/integration-test/target/test-dir"/>
    <property name="sun.java.launcher" value="SUN_STANDARD"/>
    <property name="sun.boot.library.path" value="/usr/lib/jvm/temurin-8-jdk-amd64/jre/lib/amd64"/>
    <property name="sun.java.command" value="/home/runner/work/ozone/ozone/hadoop-ozone/integration-test/target/surefire/surefirebooter6265535295585612168.jar /home/runner/work/ozone/ozone/hadoop-ozone/integration-test/target/surefire 2023-11-17T09-42-41_840-jvmRun1 surefire2182453928100374723tmp surefire_116740194565827564067tmp"/>
    <property name="native.lib.tmp.dir" value="/tmp"/>
    <property name="surefire.test.class.path" value="/home/runner/work/ozone/ozone/hadoop-ozone/integration-test/target/test-classes:/home/runner/work/ozone/ozone/hadoop-ozone/integration-test/target/classes:/home/runner/.m2/repository/org/apache/ozone/ozone-common/1.4.0-SNAPSHOT/ozone-common-1.4.0-SNAPSHOT.jar:/home/runner/.m2/repository/io/grpc/grpc-netty/1.51.1/grpc-netty-1.51.1.jar:/home/runner/.m2/repository/io/grpc/grpc-core/1.51.1/grpc-core-1.51.1.jar:/home/runner/.m2/repository/com/google/android/annotations/4.1.1.4/annotations-4.1.1.4.jar:/home/runner/.m2/repository/org/codehaus/mojo/animal-sniffer-annotations/1.21/animal-sniffer-annotations-1.21.jar:/home/runner/.m2/repository/com/google/errorprone/error_prone_annotations/2.2.0/error_prone_annotations-2.2.0.jar:/home/runner/.m2/repository/io/perfmark/perfmark-api/0.25.0/perfmark-api-0.25.0.jar:/home/runner/.m2/repository/io/netty/netty-codec-http2/4.1.100.Final/netty-codec-http2-4.1.100.Final.jar:/home/runner/.m2/repository/io/netty/netty-common/4.1.100.Final/netty-common-4.1.100.Final.jar:/home/runner/.m2/repository/io/netty/netty-buffer/4.1.100.Final/netty-buffer-4.1.100.Final.jar:/home/runner/.m2/repository/io/netty/netty-codec-http/4.1.100.Final/netty-codec-http-4.1.100.Final.jar:/home/runner/.m2/repository/io/netty/netty-handler-proxy/4.1.100.Final/netty-handler-proxy-4.1.100.Final.jar:/home/runner/.m2/repository/io/netty/netty-codec-socks/4.1.100.Final/netty-codec-socks-4.1.100.Final.jar:/home/runner/.m2/repository/io/netty/netty-tcnative-boringssl-static/2.0.61.Final/netty-tcnative-boringssl-static-2.0.61.Final.jar:/home/runner/.m2/repository/io/netty/netty-tcnative-classes/2.0.61.Final/netty-tcnative-classes-2.0.61.Final.jar:/home/runner/.m2/repository/io/netty/netty-tcnative-boringssl-static/2.0.61.Final/netty-tcnative-boringssl-static-2.0.61.Final-linux-x86_64.jar:/home/runner/.m2/repository/io/netty/netty-tcnative-boringssl-static/2.0.61.Final/netty-tcnative-boringssl-static-2.0.61.Final-linux-aarch_64.jar:/home/runner/.m2/repository/io/netty/netty-tcnative-boringssl-static/2.0.61.Final/netty-tcnative-boringssl-static-2.0.61.Final-osx-x86_64.jar:/home/runner/.m2/repository/io/netty/netty-tcnative-boringssl-static/2.0.61.Final/netty-tcnative-boringssl-static-2.0.61.Final-osx-aarch_64.jar:/home/runner/.m2/repository/io/netty/netty-tcnative-boringssl-static/2.0.61.Final/netty-tcnative-boringssl-static-2.0.61.Final-windows-x86_64.jar:/home/runner/.m2/repository/org/apache/commons/commons-compress/1.21/commons-compress-1.21.jar:/home/runner/.m2/repository/org/apache/ozone/hdds-common/1.4.0-SNAPSHOT/hdds-common-1.4.0-SNAPSHOT.jar:/home/runner/.m2/repository/org/apache/ozone/hdds-client/1.4.0-SNAPSHOT/hdds-client-1.4.0-SNAPSHOT.jar:/home/runner/.m2/repository/org/apache/ozone/ozone-interface-client/1.4.0-SNAPSHOT/ozone-interface-client-1.4.0-SNAPSHOT.jar:/home/runner/.m2/repository/org/apache/hadoop/hadoop-hdfs-client/3.3.6/hadoop-hdfs-client-3.3.6.jar:/home/runner/.m2/repository/com/squareup/okhttp3/okhttp/4.9.3/okhttp-4.9.3.jar:/home/runner/.m2/repository/com/squareup/okio/okio/3.4.0/okio-3.4.0.jar:/home/runner/.m2/repository/com/squareup/okio/okio-jvm/3.4.0/okio-jvm-3.4.0.jar:/home/runner/.m2/repository/org/jetbrains/kotlin/kotlin-stdlib-jdk8/1.8.0/kotlin-stdlib-jdk8-1.8.0.jar:/home/runner/.m2/repository/org/jetbrains/kotlin/kotlin-stdlib-jdk7/1.8.0/kotlin-stdlib-jdk7-1.8.0.jar:/home/runner/.m2/repository/org/jetbrains/kotlin/kotlin-stdlib-common/1.6.21/kotlin-stdlib-common-1.6.21.jar:/home/runner/.m2/repository/org/apache/ozone/hdds-test-utils/1.4.0-SNAPSHOT/hdds-test-utils-1.4.0-SNAPSHOT.jar:/home/runner/.m2/repository/com/google/guava/guava/32.0.0-jre/guava-32.0.0-jre.jar:/home/runner/.m2/repository/com/google/guava/failureaccess/1.0.1/failureaccess-1.0.1.jar:/home/runner/.m2/repository/com/google/guava/listenablefuture/9999.0-empty-to-avoid-conflict-with-guava/listenablefuture-9999.0-empty-to-avoid-conflict-with-guava.jar:/home/runner/.m2/repository/com/google/code/findbugs/jsr305/3.0.0/jsr305-3.0.0.jar:/home/runner/.m2/repository/org/checkerframework/checker-qual/3.33.0/checker-qual-3.33.0.jar:/home/runner/.m2/repository/com/google/j2objc/j2objc-annotations/2.8/j2objc-annotations-2.8.jar:/home/runner/.m2/repository/commons-io/commons-io/2.11.0/commons-io-2.11.0.jar:/home/runner/.m2/repository/commons-logging/commons-logging/1.2/commons-logging-1.2.jar:/home/runner/.m2/repository/ch/qos/reload4j/reload4j/1.2.22/reload4j-1.2.22.jar:/home/runner/.m2/repository/org/slf4j/slf4j-api/1.7.36/slf4j-api-1.7.36.jar:/home/runner/.m2/repository/org/apache/logging/log4j/log4j-api/2.17.1/log4j-api-2.17.1.jar:/home/runner/.m2/repository/org/apache/ozone/hdds-server-scm/1.4.0-SNAPSHOT/hdds-server-scm-1.4.0-SNAPSHOT.jar:/home/runner/.m2/repository/org/apache/ozone/hdds-container-service/1.4.0-SNAPSHOT/hdds-container-service-1.4.0-SNAPSHOT.jar:/home/runner/.m2/repository/org/apache/ozone/hdds-hadoop-dependency-server/1.4.0-SNAPSHOT/hdds-hadoop-dependency-server-1.4.0-SNAPSHOT.jar:/home/runner/.m2/repository/org/apache/hadoop/hadoop-hdfs/3.3.6/hadoop-hdfs-3.3.6.jar:/home/runner/.m2/repository/commons-daemon/commons-daemon/1.0.13/commons-daemon-1.0.13.jar:/home/runner/.m2/repository/org/apache/ozone/hdds-server-framework/1.4.0-SNAPSHOT/hdds-server-framework-1.4.0-SNAPSHOT.jar:/home/runner/.m2/repository/io/dropwizard/metrics/metrics-core/3.2.4/metrics-core-3.2.4.jar:/home/runner/.m2/repository/org/apache/commons/commons-text/1.10.0/commons-text-1.10.0.jar:/home/runner/.m2/repository/org/bouncycastle/bcprov-jdk15on/1.67/bcprov-jdk15on-1.67.jar:/home/runner/.m2/repository/com/google/protobuf/protobuf-java/2.5.0/protobuf-java-2.5.0.jar:/home/runner/.m2/repository/org/apache/ozone/hdds-server-framework/1.4.0-SNAPSHOT/hdds-server-framework-1.4.0-SNAPSHOT-tests.jar:/home/runner/.m2/repository/org/apache/ozone/hdds-interface-server/1.4.0-SNAPSHOT/hdds-interface-server-1.4.0-SNAPSHOT.jar:/home/runner/.m2/repository/org/apache/ozone/hdds-interface-admin/1.4.0-SNAPSHOT/hdds-interface-admin-1.4.0-SNAPSHOT.jar:/home/runner/.m2/repository/org/apache/ozone/hdds-managed-rocksdb/1.4.0-SNAPSHOT/hdds-managed-rocksdb-1.4.0-SNAPSHOT.jar:/home/runner/.m2/repository/org/rocksdb/rocksdbjni/7.7.3/rocksdbjni-7.7.3.jar:/home/runner/.m2/repository/org/slf4j/slf4j-reload4j/1.7.36/slf4j-reload4j-1.7.36.jar:/home/runner/.m2/repository/org/apache/commons/commons-configuration2/2.1.1/commons-configuration2-2.1.1.jar:/home/runner/.m2/repository/commons-fileupload/commons-fileupload/1.5/commons-fileupload-1.5.jar:/home/runner/.m2/repository/org/apache/logging/log4j/log4j-core/2.17.1/log4j-core-2.17.1.jar:/home/runner/.m2/repository/com/lmax/disruptor/3.4.2/disruptor-3.4.2.jar:/home/runner/.m2/repository/org/eclipse/jetty/jetty-util/9.4.53.v20231009/jetty-util-9.4.53.v20231009.jar:/home/runner/.m2/repository/org/eclipse/jetty/jetty-server/9.4.53.v20231009/jetty-server-9.4.53.v20231009.jar:/home/runner/.m2/repository/org/eclipse/jetty/jetty-http/9.4.53.v20231009/jetty-http-9.4.53.v20231009.jar:/home/runner/.m2/repository/org/eclipse/jetty/jetty-io/9.4.53.v20231009/jetty-io-9.4.53.v20231009.jar:/home/runner/.m2/repository/org/eclipse/jetty/jetty-servlet/9.4.53.v20231009/jetty-servlet-9.4.53.v20231009.jar:/home/runner/.m2/repository/org/eclipse/jetty/jetty-security/9.4.53.v20231009/jetty-security-9.4.53.v20231009.jar:/home/runner/.m2/repository/org/eclipse/jetty/jetty-util-ajax/9.4.53.v20231009/jetty-util-ajax-9.4.53.v20231009.jar:/home/runner/.m2/repository/org/eclipse/jetty/jetty-webapp/9.4.53.v20231009/jetty-webapp-9.4.53.v20231009.jar:/home/runner/.m2/repository/org/eclipse/jetty/jetty-xml/9.4.53.v20231009/jetty-xml-9.4.53.v20231009.jar:/home/runner/.m2/repository/org/apache/ratis/ratis-server/2.5.1/ratis-server-2.5.1.jar:/home/runner/.m2/repository/org/apache/ratis/ratis-thirdparty-misc/1.0.4/ratis-thirdparty-misc-1.0.4.jar:/home/runner/.m2/repository/org/apache/ratis/ratis-proto/2.5.1/ratis-proto-2.5.1.jar:/home/runner/.m2/repository/org/apache/ratis/ratis-common/2.5.1/ratis-common-2.5.1.jar:/home/runner/.m2/repository/org/apache/ratis/ratis-client/2.5.1/ratis-client-2.5.1.jar:/home/runner/.m2/repository/org/apache/ratis/ratis-server-api/2.5.1/ratis-server-api-2.5.1.jar:/home/runner/.m2/repository/org/apache/ratis/ratis-metrics/2.5.1/ratis-metrics-2.5.1.jar:/home/runner/.m2/repository/io/prometheus/simpleclient_dropwizard/0.7.0/simpleclient_dropwizard-0.7.0.jar:/home/runner/.m2/repository/io/prometheus/simpleclient/0.7.0/simpleclient-0.7.0.jar:/home/runner/.m2/repository/io/prometheus/simpleclient_common/0.7.0/simpleclient_common-0.7.0.jar:/home/runner/.m2/repository/com/fasterxml/jackson/datatype/jackson-datatype-jsr310/2.13.4/jackson-datatype-jsr310-2.13.4.jar:/home/runner/.m2/repository/com/fasterxml/jackson/core/jackson-core/2.13.4/jackson-core-2.13.4.jar:/home/runner/.m2/repository/org/apache/ozone/rocksdb-checkpoint-differ/1.4.0-SNAPSHOT/rocksdb-checkpoint-differ-1.4.0-SNAPSHOT.jar:/home/runner/.m2/repository/org/jgrapht/jgrapht-core/1.0.1/jgrapht-core-1.0.1.jar:/home/runner/.m2/repository/org/jgrapht/jgrapht-ext/1.0.1/jgrapht-ext-1.0.1.jar:/home/runner/.m2/repository/org/tinyjee/jgraphx/jgraphx/2.0.0.1/jgraphx-2.0.0.1.jar:/home/runner/.m2/repository/jgraph/jgraph/5.13.0.0/jgraph-5.13.0.0.jar:/home/runner/.m2/repository/org/antlr/antlr4-runtime/4.5.3/antlr4-runtime-4.5.3.jar:/home/runner/.m2/repository/org/awaitility/awaitility/4.2.0/awaitility-4.2.0.jar:/home/runner/.m2/repository/org/hamcrest/hamcrest/2.1/hamcrest-2.1.jar:/home/runner/.m2/repository/org/apache/ozone/ozone-manager/1.4.0-SNAPSHOT/ozone-manager-1.4.0-SNAPSHOT.jar:/home/runner/.m2/repository/org/aspectj/aspectjrt/1.9.7/aspectjrt-1.9.7.jar:/home/runner/.m2/repository/org/aspectj/aspectjweaver/1.9.7/aspectjweaver-1.9.7.jar:/home/runner/.m2/repository/org/apache/ozone/hdds-interface-client/1.4.0-SNAPSHOT/hdds-interface-client-1.4.0-SNAPSHOT.jar:/home/runner/.m2/repository/org/apache/hadoop/thirdparty/hadoop-shaded-protobuf_3_7/1.1.1/hadoop-shaded-protobuf_3_7-1.1.1.jar:/home/runner/.m2/repository/org/apache/ozone/ozone-interface-storage/1.4.0-SNAPSHOT/ozone-interface-storage-1.4.0-SNAPSHOT.jar:/home/runner/.m2/repository/org/reflections/reflections/0.9.11/reflections-0.9.11.jar:/home/runner/.m2/repository/com/sun/jersey/jersey-client/1.19.4/jersey-client-1.19.4.jar:/home/runner/.m2/repository/org/codehaus/jackson/jackson-core-asl/1.9.13/jackson-core-asl-1.9.13.jar:/home/runner/.m2/repository/org/codehaus/jackson/jackson-mapper-asl/1.9.13/jackson-mapper-asl-1.9.13.jar:/home/runner/.m2/repository/org/codehaus/jackson/jackson-jaxrs/1.9.13/jackson-jaxrs-1.9.13.jar:/home/runner/.m2/repository/org/apache/ranger/ranger-intg/2.3.0/ranger-intg-2.3.0.jar:/home/runner/.m2/repository/org/apache/ranger/ranger-plugins-common/2.3.0/ranger-plugins-common-2.3.0.jar:/home/runner/.m2/repository/commons-lang/commons-lang/2.6/commons-lang-2.6.jar:/home/runner/.m2/repository/org/apache/ranger/ranger-plugins-cred/2.3.0/ranger-plugins-cred-2.3.0.jar:/home/runner/.m2/repository/org/apache/ranger/ranger-plugins-audit/2.3.0/ranger-plugins-audit-2.3.0.jar:/home/runner/.m2/repository/org/eclipse/jetty/jetty-client/9.4.53.v20231009/jetty-client-9.4.53.v20231009.jar:/home/runner/.m2/repository/org/apache/httpcomponents/httpmime/4.5.6/httpmime-4.5.6.jar:/home/runner/.m2/repository/org/apache/httpcomponents/httpcore-nio/4.4.13/httpcore-nio-4.4.13.jar:/home/runner/.m2/repository/org/apache/httpcomponents/httpasyncclient/4.1.3/httpasyncclient-4.1.3.jar:/home/runner/.m2/repository/com/carrotsearch/hppc/0.8.0/hppc-0.8.0.jar:/home/runner/.m2/repository/org/apache/orc/orc-core/1.5.8/orc-core-1.5.8.jar:/home/runner/.m2/repository/net/java/dev/jna/jna/5.2.0/jna-5.2.0.jar:/home/runner/.m2/repository/net/java/dev/jna/jna-platform/5.2.0/jna-platform-5.2.0.jar:/home/runner/.m2/repository/com/kstruct/gethostname4j/0.0.2/gethostname4j-0.0.2.jar:/home/runner/.m2/repository/org/apache/ranger/ranger-plugin-classloader/2.3.0/ranger-plugin-classloader-2.3.0.jar:/home/runner/.m2/repository/org/apache/ozone/hdds-rocks-native/1.4.0-SNAPSHOT/hdds-rocks-native-1.4.0-SNAPSHOT.jar:/home/runner/.m2/repository/org/apache/hadoop/hadoop-minikdc/3.3.6/hadoop-minikdc-3.3.6.jar:/home/runner/.m2/repository/org/apache/kerby/kerb-simplekdc/1.0.1/kerb-simplekdc-1.0.1.jar:/home/runner/.m2/repository/org/apache/kerby/kerb-client/1.0.1/kerb-client-1.0.1.jar:/home/runner/.m2/repository/org/apache/kerby/kerby-config/1.0.1/kerby-config-1.0.1.jar:/home/runner/.m2/repository/org/apache/kerby/kerb-common/1.0.1/kerb-common-1.0.1.jar:/home/runner/.m2/repository/org/apache/kerby/kerb-crypto/1.0.1/kerb-crypto-1.0.1.jar:/home/runner/.m2/repository/org/apache/kerby/kerb-util/1.0.1/kerb-util-1.0.1.jar:/home/runner/.m2/repository/org/apache/kerby/token-provider/1.0.1/token-provider-1.0.1.jar:/home/runner/.m2/repository/org/apache/kerby/kerb-admin/1.0.1/kerb-admin-1.0.1.jar:/home/runner/.m2/repository/org/apache/kerby/kerb-server/1.0.1/kerb-server-1.0.1.jar:/home/runner/.m2/repository/org/apache/kerby/kerb-identity/1.0.1/kerb-identity-1.0.1.jar:/home/runner/.m2/repository/org/apache/kerby/kerby-xdr/1.0.1/kerby-xdr-1.0.1.jar:/home/runner/.m2/repository/org/apache/ozone/ozone-s3gateway/1.4.0-SNAPSHOT/ozone-s3gateway-1.4.0-SNAPSHOT.jar:/home/runner/.m2/repository/org/javassist/javassist/3.21.0-GA/javassist-3.21.0-GA.jar:/home/runner/.m2/repository/org/jboss/weld/servlet/weld-servlet-shaded/3.1.9.Final/weld-servlet-shaded-3.1.9.Final.jar:/home/runner/.m2/repository/org/glassfish/jersey/containers/jersey-container-servlet-core/2.34/jersey-container-servlet-core-2.34.jar:/home/runner/.m2/repository/org/glassfish/hk2/external/jakarta.inject/2.6.1/jakarta.inject-2.6.1.jar:/home/runner/.m2/repository/org/glassfish/jersey/core/jersey-common/2.34/jersey-common-2.34.jar:/home/runner/.m2/repository/jakarta/ws/rs/jakarta.ws.rs-api/2.1.6/jakarta.ws.rs-api-2.1.6.jar:/home/runner/.m2/repository/org/glassfish/jersey/ext/cdi/jersey-cdi1x/2.34/jersey-cdi1x-2.34.jar:/home/runner/.m2/repository/org/glassfish/jersey/inject/jersey-hk2/2.34/jersey-hk2-2.34.jar:/home/runner/.m2/repository/org/glassfish/hk2/hk2-locator/2.6.1/hk2-locator-2.6.1.jar:/home/runner/.m2/repository/org/glassfish/jersey/media/jersey-media-jaxb/2.34/jersey-media-jaxb-2.34.jar:/home/runner/.m2/repository/org/glassfish/hk2/osgi-resource-locator/1.0.3/osgi-resource-locator-1.0.3.jar:/home/runner/.m2/repository/org/glassfish/hk2/hk2-api/2.5.0/hk2-api-2.5.0.jar:/home/runner/.m2/repository/org/glassfish/hk2/hk2-utils/2.5.0/hk2-utils-2.5.0.jar:/home/runner/.m2/repository/org/glassfish/hk2/external/aopalliance-repackaged/2.5.0/aopalliance-repackaged-2.5.0.jar:/home/runner/.m2/repository/com/fasterxml/jackson/dataformat/jackson-dataformat-xml/2.13.4/jackson-dataformat-xml-2.13.4.jar:/home/runner/.m2/repository/org/codehaus/woodstox/stax2-api/4.2.1/stax2-api-4.2.1.jar:/home/runner/.m2/repository/com/fasterxml/woodstox/woodstox-core/5.4.0/woodstox-core-5.4.0.jar:/home/runner/.m2/repository/com/fasterxml/jackson/module/jackson-module-jaxb-annotations/2.13.4/jackson-module-jaxb-annotations-2.13.4.jar:/home/runner/.m2/repository/jakarta/xml/bind/jakarta.xml.bind-api/2.3.3/jakarta.xml.bind-api-2.3.3.jar:/home/runner/.m2/repository/jakarta/activation/jakarta.activation-api/1.2.2/jakarta.activation-api-1.2.2.jar:/home/runner/.m2/repository/javax/enterprise/cdi-api/2.0/cdi-api-2.0.jar:/home/runner/.m2/repository/javax/el/javax.el-api/3.0.0/javax.el-api-3.0.0.jar:/home/runner/.m2/repository/javax/interceptor/javax.interceptor-api/1.2/javax.interceptor-api-1.2.jar:/home/runner/.m2/repository/javax/inject/javax.inject/1/javax.inject-1.jar:/home/runner/.m2/repository/javax/xml/bind/jaxb-api/2.3.0/jaxb-api-2.3.0.jar:/home/runner/.m2/repository/org/glassfish/jaxb/jaxb-runtime/2.3.0.1/jaxb-runtime-2.3.0.1.jar:/home/runner/.m2/repository/org/glassfish/jaxb/jaxb-core/2.3.0.1/jaxb-core-2.3.0.1.jar:/home/runner/.m2/repository/org/glassfish/jaxb/txw2/2.3.0.1/txw2-2.3.0.1.jar:/home/runner/.m2/repository/com/sun/istack/istack-commons-runtime/3.0.5/istack-commons-runtime-3.0.5.jar:/home/runner/.m2/repository/org/jvnet/staxex/stax-ex/1.7.8/stax-ex-1.7.8.jar:/home/runner/.m2/repository/com/sun/xml/fastinfoset/FastInfoset/1.2.13/FastInfoset-1.2.13.jar:/home/runner/.m2/repository/javax/activation/activation/1.1.1/activation-1.1.1.jar:/home/runner/.m2/repository/io/grpc/grpc-protobuf/1.51.1/grpc-protobuf-1.51.1.jar:/home/runner/.m2/repository/com/google/api/grpc/proto-google-common-protos/2.9.0/proto-google-common-protos-2.9.0.jar:/home/runner/.m2/repository/io/grpc/grpc-protobuf-lite/1.51.1/grpc-protobuf-lite-1.51.1.jar:/home/runner/.m2/repository/io/grpc/grpc-stub/1.51.1/grpc-stub-1.51.1.jar:/home/runner/.m2/repository/io/netty/netty-transport/4.1.100.Final/netty-transport-4.1.100.Final.jar:/home/runner/.m2/repository/io/netty/netty-resolver/4.1.100.Final/netty-resolver-4.1.100.Final.jar:/home/runner/.m2/repository/org/apache/ozone/ozone-csi/1.4.0-SNAPSHOT/ozone-csi-1.4.0-SNAPSHOT.jar:/home/runner/.m2/repository/com/google/protobuf/protobuf-java-util/3.19.6/protobuf-java-util-3.19.6.jar:/home/runner/.m2/repository/com/google/code/gson/gson/2.9.0/gson-2.9.0.jar:/home/runner/.m2/repository/org/apache/ozone/hdds-config/1.4.0-SNAPSHOT/hdds-config-1.4.0-SNAPSHOT.jar:/home/runner/.m2/repository/io/netty/netty-transport-native-epoll/4.1.100.Final/netty-transport-native-epoll-4.1.100.Final-linux-x86_64.jar:/home/runner/.m2/repository/io/netty/netty-transport-classes-epoll/4.1.100.Final/netty-transport-classes-epoll-4.1.100.Final.jar:/home/runner/.m2/repository/io/netty/netty-transport-native-unix-common/4.1.100.Final/netty-transport-native-unix-common-4.1.100.Final.jar:/home/runner/.m2/repository/org/apache/ozone/ozone-recon/1.4.0-SNAPSHOT/ozone-recon-1.4.0-SNAPSHOT.jar:/home/runner/.m2/repository/org/apache/ozone/ozone-reconcodegen/1.4.0-SNAPSHOT/ozone-reconcodegen-1.4.0-SNAPSHOT.jar:/home/runner/.m2/repository/com/google/inject/guice/5.1.0/guice-5.1.0.jar:/home/runner/.m2/repository/aopalliance/aopalliance/1.0/aopalliance-1.0.jar:/home/runner/.m2/repository/com/google/inject/extensions/guice-assistedinject/5.1.0/guice-assistedinject-5.1.0.jar:/home/runner/.m2/repository/com/google/inject/extensions/guice-servlet/5.1.0/guice-servlet-5.1.0.jar:/home/runner/.m2/repository/org/glassfish/jersey/containers/jersey-container-servlet/2.34/jersey-container-servlet-2.34.jar:/home/runner/.m2/repository/org/glassfish/hk2/guice-bridge/2.5.0/guice-bridge-2.5.0.jar:/home/runner/.m2/repository/org/glassfish/jersey/core/jersey-server/2.34/jersey-server-2.34.jar:/home/runner/.m2/repository/org/glassfish/jersey/core/jersey-client/2.34/jersey-client-2.34.jar:/home/runner/.m2/repository/jakarta/annotation/jakarta.annotation-api/1.3.5/jakarta.annotation-api-1.3.5.jar:/home/runner/.m2/repository/jakarta/validation/jakarta.validation-api/2.0.2/jakarta.validation-api-2.0.2.jar:/home/runner/.m2/repository/org/glassfish/jersey/media/jersey-media-json-jackson/2.34/jersey-media-json-jackson-2.34.jar:/home/runner/.m2/repository/org/glassfish/jersey/ext/jersey-entity-filtering/2.34/jersey-entity-filtering-2.34.jar:/home/runner/.m2/repository/org/jooq/jooq/3.11.10/jooq-3.11.10.jar:/home/runner/.m2/repository/org/jooq/jooq-meta/3.11.10/jooq-meta-3.11.10.jar:/home/runner/.m2/repository/org/jooq/jooq-codegen/3.11.10/jooq-codegen-3.11.10.jar:/home/runner/.m2/repository/com/jolbox/bonecp/0.8.0.RELEASE/bonecp-0.8.0.RELEASE.jar:/home/runner/.m2/repository/org/apache/derby/derby/10.14.2.0/derby-10.14.2.0.jar:/home/runner/.m2/repository/org/xerial/sqlite-jdbc/3.41.2.2/sqlite-jdbc-3.41.2.2.jar:/home/runner/.m2/repository/org/springframework/spring-jdbc/5.3.27/spring-jdbc-5.3.27.jar:/home/runner/.m2/repository/org/springframework/spring-beans/5.3.27/spring-beans-5.3.27.jar:/home/runner/.m2/repository/org/springframework/spring-core/5.3.27/spring-core-5.3.27.jar:/home/runner/.m2/repository/org/springframework/spring-tx/5.3.27/spring-tx-5.3.27.jar:/home/runner/.m2/repository/org/apache/ozone/ozone-client/1.4.0-SNAPSHOT/ozone-client-1.4.0-SNAPSHOT.jar:/home/runner/.m2/repository/org/apache/ozone/hdds-erasurecode/1.4.0-SNAPSHOT/hdds-erasurecode-1.4.0-SNAPSHOT.jar:/home/runner/.m2/repository/org/apache/ozone/ozone-filesystem/1.4.0-SNAPSHOT/ozone-filesystem-1.4.0-SNAPSHOT.jar:/home/runner/.m2/repository/org/apache/ozone/ozone-filesystem-common/1.4.0-SNAPSHOT/ozone-filesystem-common-1.4.0-SNAPSHOT.jar:/home/runner/.m2/repository/org/apache/ozone/ozone-tools/1.4.0-SNAPSHOT/ozone-tools-1.4.0-SNAPSHOT.jar:/home/runner/.m2/repository/com/amazonaws/aws-java-sdk-core/1.12.261/aws-java-sdk-core-1.12.261.jar:/home/runner/.m2/repository/org/apache/httpcomponents/httpclient/4.5.13/httpclient-4.5.13.jar:/home/runner/.m2/repository/org/apache/httpcomponents/httpcore/4.4.13/httpcore-4.4.13.jar:/home/runner/.m2/repository/software/amazon/ion/ion-java/1.0.2/ion-java-1.0.2.jar:/home/runner/.m2/repository/com/fasterxml/jackson/dataformat/jackson-dataformat-cbor/2.13.4/jackson-dataformat-cbor-2.13.4.jar:/home/runner/.m2/repository/joda-time/joda-time/2.12.5/joda-time-2.12.5.jar:/home/runner/.m2/repository/com/amazonaws/aws-java-sdk-s3/1.12.261/aws-java-sdk-s3-1.12.261.jar:/home/runner/.m2/repository/com/amazonaws/aws-java-sdk-kms/1.12.261/aws-java-sdk-kms-1.12.261.jar:/home/runner/.m2/repository/com/amazonaws/jmespath-java/1.12.261/jmespath-java-1.12.261.jar:/home/runner/.m2/repository/org/kohsuke/metainf-services/metainf-services/1.8/metainf-services-1.8.jar:/home/runner/.m2/repository/org/apache/ozone/hdds-tools/1.4.0-SNAPSHOT/hdds-tools-1.4.0-SNAPSHOT.jar:/home/runner/.m2/repository/org/apache/ratis/ratis-tools/2.5.1/ratis-tools-2.5.1.jar:/home/runner/.m2/repository/commons-cli/commons-cli/1.2/commons-cli-1.2.jar:/home/runner/.m2/repository/org/apache/commons/commons-lang3/3.7/commons-lang3-3.7.jar:/home/runner/.m2/repository/org/apache/ozone/ozone-manager/1.4.0-SNAPSHOT/ozone-manager-1.4.0-SNAPSHOT-tests.jar:/home/runner/.m2/repository/org/apache/ozone/hdds-common/1.4.0-SNAPSHOT/hdds-common-1.4.0-SNAPSHOT-tests.jar:/home/runner/.m2/repository/org/apache/ozone/hdds-hadoop-dependency-client/1.4.0-SNAPSHOT/hdds-hadoop-dependency-client-1.4.0-SNAPSHOT.jar:/home/runner/.m2/repository/info/picocli/picocli/4.7.5/picocli-4.7.5.jar:/home/runner/.m2/repository/com/fasterxml/jackson/core/jackson-annotations/2.13.4/jackson-annotations-2.13.4.jar:/home/runner/.m2/repository/org/apache/ozone/hdds-annotation-processing/1.4.0-SNAPSHOT/hdds-annotation-processing-1.4.0-SNAPSHOT.jar:/home/runner/.m2/repository/javax/annotation/javax.annotation-api/1.2/javax.annotation-api-1.2.jar:/home/runner/.m2/repository/org/apache/ratis/ratis-netty/2.5.1/ratis-netty-2.5.1.jar:/home/runner/.m2/repository/org/apache/ratis/ratis-grpc/2.5.1/ratis-grpc-2.5.1.jar:/home/runner/.m2/repository/org/apache/commons/commons-pool2/2.6.0/commons-pool2-2.6.0.jar:/home/runner/.m2/repository/org/bouncycastle/bcpkix-jdk15on/1.67/bcpkix-jdk15on-1.67.jar:/home/runner/.m2/repository/commons-validator/commons-validator/1.6/commons-validator-1.6.jar:/home/runner/.m2/repository/commons-beanutils/commons-beanutils/1.9.4/commons-beanutils-1.9.4.jar:/home/runner/.m2/repository/commons-digester/commons-digester/1.8.1/commons-digester-1.8.1.jar:/home/runner/.m2/repository/commons-collections/commons-collections/3.2.2/commons-collections-3.2.2.jar:/home/runner/.m2/repository/io/jaegertracing/jaeger-client/1.6.0/jaeger-client-1.6.0.jar:/home/runner/.m2/repository/io/jaegertracing/jaeger-thrift/1.6.0/jaeger-thrift-1.6.0.jar:/home/runner/.m2/repository/org/apache/thrift/libthrift/0.14.1/libthrift-0.14.1.jar:/home/runner/.m2/repository/io/jaegertracing/jaeger-core/1.6.0/jaeger-core-1.6.0.jar:/home/runner/.m2/repository/io/jaegertracing/jaeger-tracerresolver/1.6.0/jaeger-tracerresolver-1.6.0.jar:/home/runner/.m2/repository/io/opentracing/contrib/opentracing-tracerresolver/0.1.8/opentracing-tracerresolver-0.1.8.jar:/home/runner/.m2/repository/org/jetbrains/kotlin/kotlin-stdlib/1.6.21/kotlin-stdlib-1.6.21.jar:/home/runner/.m2/repository/org/jetbrains/annotations/13.0/annotations-13.0.jar:/home/runner/.m2/repository/io/opentracing/opentracing-util/0.33.0/opentracing-util-0.33.0.jar:/home/runner/.m2/repository/io/opentracing/opentracing-api/0.33.0/opentracing-api-0.33.0.jar:/home/runner/.m2/repository/io/opentracing/opentracing-noop/0.33.0/opentracing-noop-0.33.0.jar:/home/runner/.m2/repository/org/yaml/snakeyaml/2.0/snakeyaml-2.0.jar:/home/runner/.m2/repository/io/grpc/grpc-api/1.51.1/grpc-api-1.51.1.jar:/home/runner/.m2/repository/io/grpc/grpc-context/1.51.1/grpc-context-1.51.1.jar:/home/runner/.m2/repository/com/fasterxml/uuid/java-uuid-generator/4.3.0/java-uuid-generator-4.3.0.jar:/home/runner/.m2/repository/junit/junit/4.13.1/junit-4.13.1.jar:/home/runner/.m2/repository/org/hamcrest/hamcrest-core/1.3/hamcrest-core-1.3.jar:/home/runner/.m2/repository/org/junit/jupiter/junit-jupiter-api/5.8.2/junit-jupiter-api-5.8.2.jar:/home/runner/.m2/repository/org/opentest4j/opentest4j/1.2.0/opentest4j-1.2.0.jar:/home/runner/.m2/repository/org/junit/platform/junit-platform-commons/1.8.2/junit-platform-commons-1.8.2.jar:/home/runner/.m2/repository/org/apiguardian/apiguardian-api/1.1.2/apiguardian-api-1.1.2.jar:/home/runner/.m2/repository/org/junit/jupiter/junit-jupiter-params/5.8.2/junit-jupiter-params-5.8.2.jar:/home/runner/.m2/repository/org/junit/jupiter/junit-jupiter-migrationsupport/5.8.2/junit-jupiter-migrationsupport-5.8.2.jar:/home/runner/.m2/repository/org/junit/jupiter/junit-jupiter-engine/5.8.2/junit-jupiter-engine-5.8.2.jar:/home/runner/.m2/repository/org/junit/platform/junit-platform-engine/1.8.2/junit-platform-engine-1.8.2.jar:/home/runner/.m2/repository/org/junit/vintage/junit-vintage-engine/5.8.2/junit-vintage-engine-5.8.2.jar:/home/runner/.m2/repository/org/junit/platform/junit-platform-launcher/1.8.2/junit-platform-launcher-1.8.2.jar:/home/runner/.m2/repository/org/mockito/mockito-core/3.5.9/mockito-core-3.5.9.jar:/home/runner/.m2/repository/net/bytebuddy/byte-buddy/1.10.13/byte-buddy-1.10.13.jar:/home/runner/.m2/repository/net/bytebuddy/byte-buddy-agent/1.10.13/byte-buddy-agent-1.10.13.jar:/home/runner/.m2/repository/org/objenesis/objenesis/1.0/objenesis-1.0.jar:/home/runner/.m2/repository/org/apache/hadoop/hadoop-kms/3.3.6/hadoop-kms-3.3.6.jar:/home/runner/.m2/repository/org/apache/hadoop/hadoop-auth/3.3.6/hadoop-auth-3.3.6.jar:/home/runner/.m2/repository/com/nimbusds/nimbus-jose-jwt/9.8.1/nimbus-jose-jwt-9.8.1.jar:/home/runner/.m2/repository/com/github/stephenc/jcip/jcip-annotations/1.0-1/jcip-annotations-1.0-1.jar:/home/runner/.m2/repository/org/apache/zookeeper/zookeeper/3.7.2/zookeeper-3.7.2.jar:/home/runner/.m2/repository/org/apache/zookeeper/zookeeper-jute/3.7.2/zookeeper-jute-3.7.2.jar:/home/runner/.m2/repository/org/apache/yetus/audience-annotations/0.12.0/audience-annotations-0.12.0.jar:/home/runner/.m2/repository/org/apache/curator/curator-framework/4.2.0/curator-framework-4.2.0.jar:/home/runner/.m2/repository/org/apache/hadoop/thirdparty/hadoop-shaded-guava/1.1.1/hadoop-shaded-guava-1.1.1.jar:/home/runner/.m2/repository/com/sun/jersey/jersey-core/1.19.4/jersey-core-1.19.4.jar:/home/runner/.m2/repository/javax/ws/rs/jsr311-api/1.1.1/jsr311-api-1.1.1.jar:/home/runner/.m2/repository/com/sun/jersey/jersey-server/1.19.4/jersey-server-1.19.4.jar:/home/runner/.m2/repository/javax/servlet/javax.servlet-api/3.1.0/javax.servlet-api-3.1.0.jar:/home/runner/.m2/repository/org/apache/hadoop/hadoop-common/3.3.6/hadoop-common-3.3.6.jar:/home/runner/.m2/repository/org/apache/commons/commons-math3/3.1.1/commons-math3-3.1.1.jar:/home/runner/.m2/repository/commons-net/commons-net/3.9.0/commons-net-3.9.0.jar:/home/runner/.m2/repository/com/sun/jersey/jersey-servlet/1.19.4/jersey-servlet-1.19.4.jar:/home/runner/.m2/repository/com/github/pjfanning/jersey-json/1.20/jersey-json-1.20.jar:/home/runner/.m2/repository/org/codehaus/jettison/jettison/1.1/jettison-1.1.jar:/home/runner/.m2/repository/com/sun/xml/bind/jaxb-impl/2.2.3-1/jaxb-impl-2.2.3-1.jar:/home/runner/.m2/repository/com/google/re2j/re2j/1.1/re2j-1.1.jar:/home/runner/.m2/repository/com/jcraft/jsch/0.1.54/jsch-0.1.54.jar:/home/runner/.m2/repository/org/apache/curator/curator-client/4.2.0/curator-client-4.2.0.jar:/home/runner/.m2/repository/org/apache/curator/curator-recipes/5.2.0/curator-recipes-5.2.0.jar:/home/runner/.m2/repository/org/apache/kerby/kerb-core/1.0.1/kerb-core-1.0.1.jar:/home/runner/.m2/repository/org/apache/kerby/kerby-pkix/1.0.1/kerby-pkix-1.0.1.jar:/home/runner/.m2/repository/org/apache/kerby/kerby-asn1/1.0.1/kerby-asn1-1.0.1.jar:/home/runner/.m2/repository/org/apache/kerby/kerby-util/1.0.1/kerby-util-1.0.1.jar:/home/runner/.m2/repository/dnsjava/dnsjava/2.1.7/dnsjava-2.1.7.jar:/home/runner/.m2/repository/org/xerial/snappy/snappy-java/1.1.8.2/snappy-java-1.1.8.2.jar:/home/runner/.m2/repository/com/fasterxml/jackson/core/jackson-databind/2.13.4.2/jackson-databind-2.13.4.2.jar:/home/runner/.m2/repository/org/apache/hadoop/hadoop-kms/3.3.6/hadoop-kms-3.3.6-tests.jar:/home/runner/.m2/repository/org/apache/ozone/hdds-server-scm/1.4.0-SNAPSHOT/hdds-server-scm-1.4.0-SNAPSHOT-tests.jar:/home/runner/.m2/repository/org/apache/ozone/hdds-container-service/1.4.0-SNAPSHOT/hdds-container-service-1.4.0-SNAPSHOT-tests.jar:/home/runner/.m2/repository/com/github/luben/zstd-jni/1.5.2-5/zstd-jni-1.5.2-5.jar:/home/runner/.m2/repository/commons-codec/commons-codec/1.15/commons-codec-1.15.jar:/home/runner/.m2/repository/io/netty/netty-codec/4.1.100.Final/netty-codec-4.1.100.Final.jar:/home/runner/.m2/repository/io/netty/netty-handler/4.1.100.Final/netty-handler-4.1.100.Final.jar:/home/runner/.m2/repository/org/apache/ozone/hdds-hadoop-dependency-test/1.4.0-SNAPSHOT/hdds-hadoop-dependency-test-1.4.0-SNAPSHOT.jar:/home/runner/.m2/repository/org/apache/hadoop/hadoop-common/3.3.6/hadoop-common-3.3.6-tests.jar:/home/runner/.m2/repository/org/apache/hadoop/hadoop-hdfs/3.3.6/hadoop-hdfs-3.3.6-tests.jar:/home/runner/.m2/repository/org/assertj/assertj-core/3.12.2/assertj-core-3.12.2.jar:/home/runner/.m2/repository/org/apache/hadoop/hadoop-distcp/3.3.6/hadoop-distcp-3.3.6.jar:/home/runner/.m2/repository/org/apache/hadoop/hadoop-mapreduce-client-jobclient/3.3.6/hadoop-mapreduce-client-jobclient-3.3.6.jar:/home/runner/.m2/repository/org/apache/hadoop/hadoop-mapreduce-client-common/3.3.6/hadoop-mapreduce-client-common-3.3.6.jar:/home/runner/.m2/repository/org/apache/hadoop/hadoop-yarn-common/3.3.6/hadoop-yarn-common-3.3.6.jar:/home/runner/.m2/repository/org/apache/hadoop/hadoop-yarn-api/3.3.6/hadoop-yarn-api-3.3.6.jar:/home/runner/.m2/repository/com/sun/jersey/contribs/jersey-guice/1.19.4/jersey-guice-1.19.4.jar:/home/runner/.m2/repository/com/fasterxml/jackson/jaxrs/jackson-jaxrs-json-provider/2.13.4/jackson-jaxrs-json-provider-2.13.4.jar:/home/runner/.m2/repository/com/fasterxml/jackson/jaxrs/jackson-jaxrs-base/2.13.4/jackson-jaxrs-base-2.13.4.jar:/home/runner/.m2/repository/org/apache/hadoop/hadoop-yarn-client/3.3.6/hadoop-yarn-client-3.3.6.jar:/home/runner/.m2/repository/org/eclipse/jetty/websocket/websocket-client/9.4.51.v20230217/websocket-client-9.4.51.v20230217.jar:/home/runner/.m2/repository/org/eclipse/jetty/websocket/websocket-common/9.4.51.v20230217/websocket-common-9.4.51.v20230217.jar:/home/runner/.m2/repository/org/eclipse/jetty/websocket/websocket-api/9.4.51.v20230217/websocket-api-9.4.51.v20230217.jar:/home/runner/.m2/repository/org/jline/jline/3.9.0/jline-3.9.0.jar:/home/runner/.m2/repository/org/apache/hadoop/hadoop-mapreduce-client-core/3.3.6/hadoop-mapreduce-client-core-3.3.6.jar:/home/runner/.m2/repository/org/apache/avro/avro/1.7.7/avro-1.7.7.jar:/home/runner/.m2/repository/com/thoughtworks/paranamer/paranamer/2.3/paranamer-2.3.jar:/home/runner/.m2/repository/org/apache/hadoop/hadoop-annotations/3.3.6/hadoop-annotations-3.3.6.jar:/usr/lib/jvm/temurin-8-jdk-amd64/jre/../lib/tools.jar:/home/runner/.m2/repository/io/netty/netty/3.10.6.Final/netty-3.10.6.Final.jar:/home/runner/.m2/repository/org/apache/hadoop/hadoop-distcp/3.3.6/hadoop-distcp-3.3.6-tests.jar:/home/runner/.m2/repository/org/slf4j/jul-to-slf4j/1.7.36/jul-to-slf4j-1.7.36.jar:/home/runner/work/ozone/ozone/hadoop-ozone/integration-test/target/gradle-enterprise/test-listeners.jar:"/>
    <property name="sun.cpu.endian" value="little"/>
    <property name="user.home" value="/home/runner"/>
    <property name="user.language" value="en"/>
    <property name="java.specification.vendor" value="Oracle Corporation"/>
    <property name="java.home" value="/usr/lib/jvm/temurin-8-jdk-amd64/jre"/>
    <property name="java.security.krb5.conf" value="/home/runner/work/ozone/ozone/hadoop-ozone/integration-test/target/test-classes/krb5.conf"/>
    <property name="file.separator" value="/"/>
    <property name="basedir" value="/home/runner/work/ozone/ozone/hadoop-ozone/integration-test"/>
    <property name="line.separator" value="&#10;"/>
    <property name="java.vm.specification.vendor" value="Oracle Corporation"/>
    <property name="java.specification.name" value="Java Platform API Specification"/>
    <property name="skip.installnpx" value="true"/>
    <property name="java.awt.graphicsenv" value="sun.awt.X11GraphicsEnvironment"/>
    <property name="surefire.real.class.path" value="/home/runner/work/ozone/ozone/hadoop-ozone/integration-test/target/surefire/surefirebooter6265535295585612168.jar:/home/runner/.m2/repository/org/jacoco/org.jacoco.agent/0.8.5/org.jacoco.agent-0.8.5-runtime.jar"/>
    <property name="sun.boot.class.path" value="/usr/lib/jvm/temurin-8-jdk-amd64/jre/lib/resources.jar:/usr/lib/jvm/temurin-8-jdk-amd64/jre/lib/rt.jar:/usr/lib/jvm/temurin-8-jdk-amd64/jre/lib/sunrsasign.jar:/usr/lib/jvm/temurin-8-jdk-amd64/jre/lib/jsse.jar:/usr/lib/jvm/temurin-8-jdk-amd64/jre/lib/jce.jar:/usr/lib/jvm/temurin-8-jdk-amd64/jre/lib/charsets.jar:/usr/lib/jvm/temurin-8-jdk-amd64/jre/lib/jfr.jar:/usr/lib/jvm/temurin-8-jdk-amd64/jre/classes"/>
    <property name="hadoop.log.dir" value="/home/runner/work/ozone/ozone/hadoop-ozone/integration-test/target/log"/>
    <property name="sun.management.compiler" value="HotSpot 64-Bit Tiered Compilers"/>
    <property name="java.runtime.version" value="1.8.0_382-b05"/>
    <property name="skip.npx" value="true"/>
    <property name="user.name" value="runner"/>
    <property name="java.net.preferIPv4Stack" value="true"/>
    <property name="path.separator" value=":"/>
    <property name="java.security.egd" value="file:///dev/urandom"/>
    <property name="os.version" value="5.15.0-1050-azure"/>
    <property name="java.endorsed.dirs" value="/usr/lib/jvm/temurin-8-jdk-amd64/jre/lib/endorsed"/>
    <property name="java.runtime.name" value="OpenJDK Runtime Environment"/>
    <property name="com.gradle.maven.scan.extension.test.listener.junitplatform.NestedExecutionSafeDelegatingTestExecutionListener" value="51e69659"/>
    <property name="file.encoding" value="UTF-8"/>
    <property name="java.vm.name" value="OpenJDK 64-Bit Server VM"/>
    <property name="test.build.webapps" value=""/>
    <property name="log4j1.compatibility" value="true"/>
    <property name="localRepository" value="/home/runner/.m2/repository"/>
    <property name="gradle.enterprise.listener.port" value="36065"/>
    <property name="jetty.git.hash" value="27bde00a0b95a1d5bbee0eae7984f891d2d0f8c9"/>
    <property name="java.vendor.url.bug" value="https://github.com/adoptium/adoptium-support/issues"/>
    <property name="require.test.libhadoop" value=""/>
    <property name="java.io.tmpdir" value="/tmp"/>
    <property name="java.version" value="1.8.0_382"/>
    <property name="user.dir" value="/home/runner/work/ozone/ozone/hadoop-ozone/integration-test"/>
    <property name="os.arch" value="amd64"/>
    <property name="test.build.classes" value="/home/runner/work/ozone/ozone/hadoop-ozone/integration-test/target/test-classes"/>
    <property name="java.vm.specification.name" value="Java Virtual Machine Specification"/>
    <property name="java.awt.printerjob" value="sun.print.PSPrinterJob"/>
    <property name="sun.os.patch.level" value="unknown"/>
    <property name="org.apache.ratis.thirdparty.io.netty.allocator.useCacheForAllThreads" value="false"/>
    <property name="hadoop.tmp.dir" value="/home/runner/work/ozone/ozone/hadoop-ozone/integration-test/target/tmp"/>
    <property name="java.library.path" value="/usr/java/packages/lib/amd64:/usr/lib64:/lib64:/lib:/usr/lib"/>
    <property name="java.vendor" value="Temurin"/>
    <property name="java.vm.info" value="mixed mode"/>
    <property name="java.vm.version" value="25.382-b05"/>
    <property name="java.specification.maintenance.version" value="5"/>
    <property name="sun.io.unicode.encoding" value="UnicodeLittle"/>
    <property name="java.ext.dirs" value="/usr/lib/jvm/temurin-8-jdk-amd64/jre/lib/ext:/usr/java/packages/lib/ext"/>
    <property name="java.class.version" value="52.0"/>
    <property name="kms.config.dir" value="/home/runner/work/ozone/ozone/hadoop-ozone/integration-test/target/test-dir/TestSecureOzoneRpcClient/ad25548c-2419-460d-88f4-179ed993fc05"/>
  </properties>
  <testcase name="testPutKeyWithEncryption(BucketLayout)[1]" classname="org.apache.hadoop.ozone.client.rpc.TestOzoneAtRestEncryption" time="1.229">
    <system-out><![CDATA[2023-11-17 09:55:23,479 [main] INFO  util.log (Log.java:initialized(170)) - Logging initialized @1730ms to org.eclipse.jetty.util.log.Slf4jLog
2023-11-17 09:55:23,633 [main] INFO  http.HttpRequestLog (HttpRequestLog.java:getRequestLog(82)) - Http request log for http.requests.kms is not defined
2023-11-17 09:55:23,639 [main] INFO  http.HttpServer2 (HttpServer2.java:addGlobalFilter(1124)) - Added global filter 'safety' (class=org.apache.hadoop.http.HttpServer2$QuotingInputFilter)
2023-11-17 09:55:23,641 [main] INFO  http.HttpServer2 (HttpServer2.java:addFilter(1097)) - Added filter static_user_filter (class=org.apache.hadoop.http.lib.StaticUserWebFilter$StaticUserFilter) to context kms
2023-11-17 09:55:23,641 [main] INFO  http.HttpServer2 (HttpServer2.java:addFilter(1107)) - Added filter static_user_filter (class=org.apache.hadoop.http.lib.StaticUserWebFilter$StaticUserFilter) to context static
2023-11-17 09:55:23,642 [main] INFO  http.HttpServer2 (HttpServer2.java:addFilter(1107)) - Added filter static_user_filter (class=org.apache.hadoop.http.lib.StaticUserWebFilter$StaticUserFilter) to context logs
2023-11-17 09:55:23,665 [main] INFO  http.HttpServer2 (HttpServer2.java:bindListener(1357)) - Jetty bound to port 40415
2023-11-17 09:55:23,666 [main] INFO  server.Server (Server.java:doStart(375)) - jetty-9.4.53.v20231009; built: 2023-10-09T12:29:09.265Z; git: 27bde00a0b95a1d5bbee0eae7984f891d2d0f8c9; jvm 1.8.0_382-b05
2023-11-17 09:55:23,684 [main] INFO  server.session (DefaultSessionIdManager.java:doStart(334)) - DefaultSessionIdManager workerName=node0
2023-11-17 09:55:23,684 [main] INFO  server.session (DefaultSessionIdManager.java:doStart(339)) - No SessionScavenger set, using defaults
2023-11-17 09:55:23,685 [main] INFO  server.session (HouseKeeper.java:startScavenging(132)) - node0 Scavenging every 600000ms
2023-11-17 09:55:23,693 [main] INFO  handler.ContextHandler (ContextHandler.java:doStart(921)) - Started o.e.j.s.ServletContextHandler@181e72d3{logs,/logs,file:///home/runner/work/ozone/ozone/hadoop-ozone/integration-test/target/log,AVAILABLE}
2023-11-17 09:55:23,694 [main] INFO  handler.ContextHandler (ContextHandler.java:doStart(921)) - Started o.e.j.s.ServletContextHandler@5c448433{static,/static,jar:file:/home/runner/.m2/repository/org/apache/hadoop/hadoop-kms/3.3.6/hadoop-kms-3.3.6.jar!/webapps/static,AVAILABLE}
2023-11-17 09:55:23,754 [main] INFO  server.KMSWebApp (KMSWebApp.java:contextInitialized(94)) - -------------------------------------------------------------
2023-11-17 09:55:23,754 [main] INFO  server.KMSWebApp (KMSWebApp.java:contextInitialized(95)) -   Java runtime version : 1.8.0_382-b05
2023-11-17 09:55:23,755 [main] INFO  server.KMSWebApp (KMSWebApp.java:contextInitialized(97)) -   User: runner
2023-11-17 09:55:23,757 [main] INFO  server.KMSWebApp (KMSWebApp.java:contextInitialized(98)) -   KMS Hadoop Version: 3.3.6
2023-11-17 09:55:23,757 [main] INFO  server.KMSWebApp (KMSWebApp.java:contextInitialized(99)) - -------------------------------------------------------------
2023-11-17 09:55:23,764 [main] INFO  server.KMSACLs (KMSACLs.java:setKMSACLs(107)) - 'CREATE' ACL '*'
2023-11-17 09:55:23,764 [main] INFO  server.KMSACLs (KMSACLs.java:setKMSACLs(107)) - 'DELETE' ACL '*'
2023-11-17 09:55:23,765 [main] INFO  server.KMSACLs (KMSACLs.java:setKMSACLs(107)) - 'ROLLOVER' ACL '*'
2023-11-17 09:55:23,765 [main] INFO  server.KMSACLs (KMSACLs.java:setKMSACLs(107)) - 'GET' ACL '*'
2023-11-17 09:55:23,765 [main] INFO  server.KMSACLs (KMSACLs.java:setKMSACLs(107)) - 'GET_KEYS' ACL '*'
2023-11-17 09:55:23,765 [main] INFO  server.KMSACLs (KMSACLs.java:setKMSACLs(107)) - 'GET_METADATA' ACL '*'
2023-11-17 09:55:23,766 [main] INFO  server.KMSACLs (KMSACLs.java:setKMSACLs(107)) - 'SET_KEY_MATERIAL' ACL '*'
2023-11-17 09:55:23,766 [main] INFO  server.KMSACLs (KMSACLs.java:setKMSACLs(107)) - 'GENERATE_EEK' ACL '*'
2023-11-17 09:55:23,766 [main] INFO  server.KMSACLs (KMSACLs.java:setKMSACLs(107)) - 'DECRYPT_EEK' ACL '*'
2023-11-17 09:55:23,767 [main] INFO  server.KMSACLs (KMSACLs.java:parseAclsWithPrefix(185)) - default.key.acl. for KEY_OP 'READ' is set to '*'
2023-11-17 09:55:23,767 [main] INFO  server.KMSACLs (KMSACLs.java:parseAclsWithPrefix(185)) - default.key.acl. for KEY_OP 'MANAGEMENT' is set to '*'
2023-11-17 09:55:23,768 [main] INFO  server.KMSACLs (KMSACLs.java:parseAclsWithPrefix(185)) - default.key.acl. for KEY_OP 'GENERATE_EEK' is set to '*'
2023-11-17 09:55:23,768 [main] INFO  server.KMSACLs (KMSACLs.java:parseAclsWithPrefix(185)) - default.key.acl. for KEY_OP 'DECRYPT_EEK' is set to '*'
2023-11-17 09:55:23,820 [main] INFO  server.KMSAudit (KMSAudit.java:initializeAuditLoggers(157)) - Initializing audit logger class org.apache.hadoop.crypto.key.kms.server.SimpleKMSAuditLogger
2023-11-17 09:55:23,973 [main] INFO  server.KMSWebApp (KMSWebApp.java:contextInitialized(149)) - Initialized KeyProvider CachingKeyProvider: jceks://file@/home/runner/work/ozone/ozone/hadoop-ozone/integration-test/target/test-dir/TestSecureOzoneRpcClient/ad25548c-2419-460d-88f4-179ed993fc05/kms.keystore
2023-11-17 09:55:23,981 [main] INFO  server.KMSWebApp (KMSWebApp.java:contextInitialized(163)) - Initialized KeyProviderCryptoExtension org.apache.hadoop.crypto.key.kms.server.KeyAuthorizationKeyProvider: EagerKeyGeneratorKeyProviderCryptoExtension: KeyProviderCryptoExtension: CachingKeyProvider: jceks://file@/home/runner/work/ozone/ozone/hadoop-ozone/integration-test/target/test-dir/TestSecureOzoneRpcClient/ad25548c-2419-460d-88f4-179ed993fc05/kms.keystore
2023-11-17 09:55:23,981 [main] INFO  server.KMSWebApp (KMSWebApp.java:contextInitialized(168)) - Default key bitlength is 128
2023-11-17 09:55:23,981 [main] INFO  server.KMSWebApp (KMSWebApp.java:contextInitialized(169)) - KMS Started
2023-11-17 09:55:24,017 [main] INFO  delegation.AbstractDelegationTokenSecretManager (AbstractDelegationTokenSecretManager.java:updateCurrentKey(415)) - Updating the current master key for generating delegation tokens
2023-11-17 09:55:24,019 [Thread[Thread-15,5,main]] INFO  delegation.AbstractDelegationTokenSecretManager (AbstractDelegationTokenSecretManager.java:run(797)) - Starting expired delegation token remover thread, tokenRemoverScanInterval=60 min(s)
2023-11-17 09:55:24,020 [Thread[Thread-15,5,main]] INFO  delegation.AbstractDelegationTokenSecretManager (AbstractDelegationTokenSecretManager.java:updateCurrentKey(415)) - Updating the current master key for generating delegation tokens
2023-11-17 09:55:24,058 [main] INFO  core.PackagesResourceConfig (PackagesResourceConfig.java:init(101)) - Scanning for root resource and provider classes in the packages:
  org.apache.hadoop.crypto.key.kms.server
2023-11-17 09:55:24,100 [main] INFO  core.ScanningResourceConfig (ScanningResourceConfig.java:logClasses(153)) - Root resource classes found:
  class org.apache.hadoop.crypto.key.kms.server.KMS
2023-11-17 09:55:24,101 [main] INFO  core.ScanningResourceConfig (ScanningResourceConfig.java:logClasses(153)) - Provider classes found:
  class org.apache.hadoop.crypto.key.kms.server.KMSJSONWriter
  class org.apache.hadoop.crypto.key.kms.server.KMSJSONReader
  class org.apache.hadoop.crypto.key.kms.server.KMSExceptionsProvider
2023-11-17 09:55:24,185 [main] INFO  application.WebApplicationImpl (WebApplicationImpl.java:_initiate(815)) - Initiating Jersey application, version 'Jersey: 1.19.4 05/24/2017 03:20 PM'
2023-11-17 09:55:25,015 [main] INFO  handler.ContextHandler (ContextHandler.java:doStart(921)) - Started o.e.j.w.WebAppContext@2c9306d3{kms,/,file:///home/runner/work/ozone/ozone/hadoop-ozone/integration-test/target/tmp/kms/webapp/,AVAILABLE}{jar:file:/home/runner/.m2/repository/org/apache/hadoop/hadoop-kms/3.3.6/hadoop-kms-3.3.6.jar!/webapps/kms}
2023-11-17 09:55:25,021 [main] INFO  server.AbstractConnector (AbstractConnector.java:doStart(333)) - Started ServerConnector@5ba26eb0{HTTP/1.1, (http/1.1)}{localhost:40415}
2023-11-17 09:55:25,022 [main] INFO  server.Server (Server.java:doStart(415)) - Started @3274ms
2023-11-17 09:55:25,067 [main] WARN  impl.MetricsConfig (MetricsConfig.java:loadFirst(136)) - Cannot locate configuration: tried hadoop-metrics2-kms.properties,hadoop-metrics2.properties
2023-11-17 09:55:25,080 [main] INFO  impl.MetricsSystemImpl (MetricsSystemImpl.java:startTimer(378)) - Scheduled Metric snapshot period at 10 second(s).
2023-11-17 09:55:25,080 [main] INFO  impl.MetricsSystemImpl (MetricsSystemImpl.java:start(191)) - KMS metrics system started
2023-11-17 09:55:25,101 [org.apache.hadoop.util.JvmPauseMonitor$Monitor@624b3544] INFO  util.JvmPauseMonitor (JvmPauseMonitor.java:run(188)) - Starting JVM pause monitor
2023-11-17 09:55:25,338 [main] INFO  audit.AuditLogger (AuditLogger.java:refreshDebugCmdSet(126)) - Refresh DebugCmdSet for OMAudit to [].
2023-11-17 09:55:26,229 [main] INFO  utils.SelfSignedCertificate (SelfSignedCertificate.java:generateCertificate(157)) - Certificate 1 is issued by CN=rootCA@localhost,OU=scm1,O=cluster1,SERIALNUMBER=1 to CN=rootCA@localhost,OU=scm1,O=cluster1,SERIALNUMBER=1, valid from Fri Nov 17 09:55:26 UTC 2023 to Mon Dec 25 09:55:26 UTC 2028
2023-11-17 09:55:26,259 [main] INFO  authority.DefaultApprover (DefaultApprover.java:sign(157)) - Extensions in CSR: 2.5.29.15
2023-11-17 09:55:26,259 [main] INFO  authority.DefaultApprover (DefaultApprover.java:sign(161)) - Extensions to add to the certificate if they present in CSR: 2.5.29.17, 1.3.6.1.5.5.7.1.12, 2.5.29.35, 2.5.29.37, 2.5.29.15
2023-11-17 09:55:26,276 [main] INFO  ssl.ReloadingX509KeyManager (ReloadingX509KeyManager.java:loadKeyManager(222)) - Key manager is loaded with certificate chain
2023-11-17 09:55:26,279 [main] INFO  ssl.ReloadingX509KeyManager (ReloadingX509KeyManager.java:loadKeyManager(224)) - [
[
  Version: V3
  Subject: SERIALNUMBER=1023760557829, O=cluster1, OU=scm1, CN=localhost
  Signature Algorithm: SHA256withRSA, OID = 1.2.840.113549.1.1.11

  Key:  Sun RSA public key, 2048 bits
  params: null
  modulus: 24268820164074819071953355254338293287044871519379644724126091764932235995856356172054733347723865878137426565073737582610844678577909009464745669433633201702828284092220147201982454484263159606299148787007982121962651975415208256089979193600429897728310450358116894318984078551628850945256424997484208899821778635961805916813188550655735936559408694736031828728522419021289298201616667607467151741919132516102816285706918561017799746037417367771807107243202167528869834846930638719488642280258663363404761130538336482016487266637140511452969045894765011062448425787725781175516035343920733931499279018298195217118979
  public exponent: 65537
  Validity: [From: Fri Nov 17 09:55:26 UTC 2023,
               To: Sat Nov 16 09:55:26 UTC 2024]
  Issuer: SERIALNUMBER=1, O=cluster1, OU=scm1, CN=rootCA@localhost
  SerialNumber: [    ee5ce267 05]

Certificate Extensions: 1
[1]: ObjectId: 2.5.29.15 Criticality=true
KeyUsage [
  DigitalSignature
  Key_Encipherment
  Data_Encipherment
  Key_Agreement
]

]
  Algorithm: [SHA256withRSA]
  Signature:
0000: 96 F1 B4 1A 1D 0A D2 5A   F0 BF EB BE 40 8D E3 FD  .......Z....@...
0010: 0F 1C 2A E6 96 15 7D 2A   0B 9F A1 15 07 17 2C B4  ..*....*......,.
0020: 9E 40 40 17 A4 22 17 98   EA F4 26 E0 DD C6 EC D5  .@@.."....&.....
0030: C3 94 37 DD FB 3B 2B 81   D6 F0 5F F9 64 73 22 15  ..7..;+..._.ds".
0040: 9B 67 9F AA EB 40 0B 07   28 07 69 A9 BA 0A 8C 30  .g...@..(.i....0
0050: 98 08 D2 2B 5C F2 DB 66   DA A1 D5 AA 16 77 52 65  ...+\..f.....wRe
0060: 85 9E 3B 4A E8 BA B6 8C   F5 09 E2 5E 16 F8 76 3C  ..;J.......^..v<
0070: F3 83 37 90 D9 F7 9E 9D   C6 21 BC FC 8F A4 B9 0B  ..7......!......
0080: 6F 8F 48 CD 7B 61 DD 69   3C AE F0 A0 88 47 70 2C  o.H..a.i<....Gp,
0090: 30 73 EE 5A 1F 07 20 41   B7 13 F3 02 60 D8 32 22  0s.Z.. A....`.2"
00A0: 75 49 9F 7D 0F 1B 15 30   A2 E3 35 DB B1 89 6A DB  uI.....0..5...j.
00B0: 42 EC 00 D7 FC 85 B5 6B   03 4C B6 37 F2 99 09 A4  B......k.L.7....
00C0: A1 64 F6 F0 2A 73 21 38   73 AD F8 9E A5 70 45 3B  .d..*s!8s....pE;
00D0: 3C 14 6F 93 EB 70 25 1D   F2 4C 07 3D 29 03 8F 4A  <.o..p%..L.=)..J
00E0: E5 77 44 BC 3D 89 E0 7E   3E 66 87 D2 AE 84 D4 0E  .wD.=...>f......
00F0: BE FA A1 CF 6E C4 2D D8   C7 F8 65 83 5C 18 94 A0  ....n.-...e.\...

]
2023-11-17 09:55:26,281 [main] INFO  ssl.ReloadingX509KeyManager (ReloadingX509KeyManager.java:loadKeyManager(224)) - [
[
  Version: V3
  Subject: SERIALNUMBER=1, O=cluster1, OU=scm1, CN=rootCA@localhost
  Signature Algorithm: SHA256withRSA, OID = 1.2.840.113549.1.1.11

  Key:  Sun RSA public key, 2048 bits
  params: null
  modulus: 28294454286150215718956248581434497947097867049411024186483870406934251579530875233613615633617849117731036755337531432523185811938773309717269498709326220377545971257463337885305138078498702181896931277236444617952380023776027177625492875292049718079968588196131474857713592547451820902717489317976050278786066206661473108688621597210434308886527707520838041516435965443035149830598899247598350897438062019548508306346484743659168213832711126969856869049653551161075590110967295928297153582232100492154538351733979351190177537702955486546692317650447848376987934226213554564820283411209321055208112117591935705147201
  public exponent: 65537
  Validity: [From: Fri Nov 17 09:55:26 UTC 2023,
               To: Mon Dec 25 09:55:26 UTC 2028]
  Issuer: SERIALNUMBER=1, O=cluster1, OU=scm1, CN=rootCA@localhost
  SerialNumber: [    01]

Certificate Extensions: 2
[1]: ObjectId: 2.5.29.19 Criticality=true
BasicConstraints:[
  CA:true
  PathLen:2147483647
]

[2]: ObjectId: 2.5.29.15 Criticality=true
KeyUsage [
  Key_CertSign
  Crl_Sign
]

]
  Algorithm: [SHA256withRSA]
  Signature:
0000: 27 16 DA C7 D0 95 8E 64   E4 47 D3 FA 8C E6 0E C1  '......d.G......
0010: 27 A1 48 F6 EC D8 71 9B   24 91 18 20 7B 53 FB B0  '.H...q.$.. .S..
0020: 86 97 61 B9 D6 83 AF 71   20 4C 99 68 59 F7 72 B3  ..a....q L.hY.r.
0030: 3E 50 6C 32 9B B7 9F E5   C0 75 8A 73 7F BC CB B2  >Pl2.....u.s....
0040: 9E 2E BC C1 0D B4 F3 D0   8D E8 F0 8A DB 60 88 AC  .............`..
0050: 95 17 DD C0 B7 E6 21 66   22 B3 DC E9 62 7D 11 84  ......!f"...b...
0060: DC 27 80 D6 37 1F 28 A6   96 89 CB 07 FD 59 D9 2A  .'..7.(......Y.*
0070: BD B1 85 7F 53 2A DC 6F   D8 2E C1 40 DF 08 5F 76  ....S*.o...@.._v
0080: 5E 6C 53 A7 D0 A2 7E 12   47 4A B2 F4 A0 78 AB 2B  ^lS.....GJ...x.+
0090: 65 9A D4 CF 63 2C 23 67   89 D8 6F 95 7A 5A 1D C9  e...c,#g..o.zZ..
00A0: D8 EA 9F 1B 7B 35 65 E8   12 66 7E 11 2A 6C F9 D7  .....5e..f..*l..
00B0: 4D 2E 55 D1 D4 1B 5D 1F   17 59 4C 8E 0D E2 BE EE  M.U...]..YL.....
00C0: 96 F8 B1 A3 DB 94 12 BB   57 3D AF AD F1 B6 2F 40  ........W=..../@
00D0: 76 55 4E C7 67 1D 7F CA   18 02 D1 57 D5 9B FA C4  vUN.g......W....
00E0: 31 E2 4E C8 58 16 B0 33   3C 5F 1C 6C DE 69 BF 06  1.N.X..3<_.l.i..
00F0: 26 42 AB 37 9F 11 2A 5F   C4 B3 77 D1 1C 9D E6 59  &B.7..*_..w....Y

]
2023-11-17 09:55:26,285 [main] INFO  ssl.ReloadingX509TrustManager (ReloadingX509TrustManager.java:insertCertsToKeystore(188)) - Trust manager is loaded with certificates
2023-11-17 09:55:26,286 [main] INFO  ssl.ReloadingX509TrustManager (ReloadingX509TrustManager.java:insertCertsToKeystore(192)) - [
[
  Version: V3
  Subject: SERIALNUMBER=1, O=cluster1, OU=scm1, CN=rootCA@localhost
  Signature Algorithm: SHA256withRSA, OID = 1.2.840.113549.1.1.11

  Key:  Sun RSA public key, 2048 bits
  params: null
  modulus: 28294454286150215718956248581434497947097867049411024186483870406934251579530875233613615633617849117731036755337531432523185811938773309717269498709326220377545971257463337885305138078498702181896931277236444617952380023776027177625492875292049718079968588196131474857713592547451820902717489317976050278786066206661473108688621597210434308886527707520838041516435965443035149830598899247598350897438062019548508306346484743659168213832711126969856869049653551161075590110967295928297153582232100492154538351733979351190177537702955486546692317650447848376987934226213554564820283411209321055208112117591935705147201
  public exponent: 65537
  Validity: [From: Fri Nov 17 09:55:26 UTC 2023,
               To: Mon Dec 25 09:55:26 UTC 2028]
  Issuer: SERIALNUMBER=1, O=cluster1, OU=scm1, CN=rootCA@localhost
  SerialNumber: [    01]

Certificate Extensions: 2
[1]: ObjectId: 2.5.29.19 Criticality=true
BasicConstraints:[
  CA:true
  PathLen:2147483647
]

[2]: ObjectId: 2.5.29.15 Criticality=true
KeyUsage [
  Key_CertSign
  Crl_Sign
]

]
  Algorithm: [SHA256withRSA]
  Signature:
0000: 27 16 DA C7 D0 95 8E 64   E4 47 D3 FA 8C E6 0E C1  '......d.G......
0010: 27 A1 48 F6 EC D8 71 9B   24 91 18 20 7B 53 FB B0  '.H...q.$.. .S..
0020: 86 97 61 B9 D6 83 AF 71   20 4C 99 68 59 F7 72 B3  ..a....q L.hY.r.
0030: 3E 50 6C 32 9B B7 9F E5   C0 75 8A 73 7F BC CB B2  >Pl2.....u.s....
0040: 9E 2E BC C1 0D B4 F3 D0   8D E8 F0 8A DB 60 88 AC  .............`..
0050: 95 17 DD C0 B7 E6 21 66   22 B3 DC E9 62 7D 11 84  ......!f"...b...
0060: DC 27 80 D6 37 1F 28 A6   96 89 CB 07 FD 59 D9 2A  .'..7.(......Y.*
0070: BD B1 85 7F 53 2A DC 6F   D8 2E C1 40 DF 08 5F 76  ....S*.o...@.._v
0080: 5E 6C 53 A7 D0 A2 7E 12   47 4A B2 F4 A0 78 AB 2B  ^lS.....GJ...x.+
0090: 65 9A D4 CF 63 2C 23 67   89 D8 6F 95 7A 5A 1D C9  e...c,#g..o.zZ..
00A0: D8 EA 9F 1B 7B 35 65 E8   12 66 7E 11 2A 6C F9 D7  .....5e..f..*l..
00B0: 4D 2E 55 D1 D4 1B 5D 1F   17 59 4C 8E 0D E2 BE EE  M.U...]..YL.....
00C0: 96 F8 B1 A3 DB 94 12 BB   57 3D AF AD F1 B6 2F 40  ........W=..../@
00D0: 76 55 4E C7 67 1D 7F CA   18 02 D1 57 D5 9B FA C4  vUN.g......W....
00E0: 31 E2 4E C8 58 16 B0 33   3C 5F 1C 6C DE 69 BF 06  1.N.X..3<_.l.i..
00F0: 26 42 AB 37 9F 11 2A 5F   C4 B3 77 D1 1C 9D E6 59  &B.7..*_..w....Y

]
2023-11-17 09:55:26,287 [main] INFO  ssl.ReloadingX509KeyManager (ReloadingX509KeyManager.java:loadKeyManager(222)) - Key manager is loaded with certificate chain
2023-11-17 09:55:26,288 [main] INFO  ssl.ReloadingX509KeyManager (ReloadingX509KeyManager.java:loadKeyManager(224)) - [
[
  Version: V3
  Subject: SERIALNUMBER=1023760557829, O=cluster1, OU=scm1, CN=localhost
  Signature Algorithm: SHA256withRSA, OID = 1.2.840.113549.1.1.11

  Key:  Sun RSA public key, 2048 bits
  params: null
  modulus: 24268820164074819071953355254338293287044871519379644724126091764932235995856356172054733347723865878137426565073737582610844678577909009464745669433633201702828284092220147201982454484263159606299148787007982121962651975415208256089979193600429897728310450358116894318984078551628850945256424997484208899821778635961805916813188550655735936559408694736031828728522419021289298201616667607467151741919132516102816285706918561017799746037417367771807107243202167528869834846930638719488642280258663363404761130538336482016487266637140511452969045894765011062448425787725781175516035343920733931499279018298195217118979
  public exponent: 65537
  Validity: [From: Fri Nov 17 09:55:26 UTC 2023,
               To: Sat Nov 16 09:55:26 UTC 2024]
  Issuer: SERIALNUMBER=1, O=cluster1, OU=scm1, CN=rootCA@localhost
  SerialNumber: [    ee5ce267 05]

Certificate Extensions: 1
[1]: ObjectId: 2.5.29.15 Criticality=true
KeyUsage [
  DigitalSignature
  Key_Encipherment
  Data_Encipherment
  Key_Agreement
]

]
  Algorithm: [SHA256withRSA]
  Signature:
0000: 96 F1 B4 1A 1D 0A D2 5A   F0 BF EB BE 40 8D E3 FD  .......Z....@...
0010: 0F 1C 2A E6 96 15 7D 2A   0B 9F A1 15 07 17 2C B4  ..*....*......,.
0020: 9E 40 40 17 A4 22 17 98   EA F4 26 E0 DD C6 EC D5  .@@.."....&.....
0030: C3 94 37 DD FB 3B 2B 81   D6 F0 5F F9 64 73 22 15  ..7..;+..._.ds".
0040: 9B 67 9F AA EB 40 0B 07   28 07 69 A9 BA 0A 8C 30  .g...@..(.i....0
0050: 98 08 D2 2B 5C F2 DB 66   DA A1 D5 AA 16 77 52 65  ...+\..f.....wRe
0060: 85 9E 3B 4A E8 BA B6 8C   F5 09 E2 5E 16 F8 76 3C  ..;J.......^..v<
0070: F3 83 37 90 D9 F7 9E 9D   C6 21 BC FC 8F A4 B9 0B  ..7......!......
0080: 6F 8F 48 CD 7B 61 DD 69   3C AE F0 A0 88 47 70 2C  o.H..a.i<....Gp,
0090: 30 73 EE 5A 1F 07 20 41   B7 13 F3 02 60 D8 32 22  0s.Z.. A....`.2"
00A0: 75 49 9F 7D 0F 1B 15 30   A2 E3 35 DB B1 89 6A DB  uI.....0..5...j.
00B0: 42 EC 00 D7 FC 85 B5 6B   03 4C B6 37 F2 99 09 A4  B......k.L.7....
00C0: A1 64 F6 F0 2A 73 21 38   73 AD F8 9E A5 70 45 3B  .d..*s!8s....pE;
00D0: 3C 14 6F 93 EB 70 25 1D   F2 4C 07 3D 29 03 8F 4A  <.o..p%..L.=)..J
00E0: E5 77 44 BC 3D 89 E0 7E   3E 66 87 D2 AE 84 D4 0E  .wD.=...>f......
00F0: BE FA A1 CF 6E C4 2D D8   C7 F8 65 83 5C 18 94 A0  ....n.-...e.\...

]
2023-11-17 09:55:26,289 [main] INFO  ssl.ReloadingX509KeyManager (ReloadingX509KeyManager.java:loadKeyManager(224)) - [
[
  Version: V3
  Subject: SERIALNUMBER=1, O=cluster1, OU=scm1, CN=rootCA@localhost
  Signature Algorithm: SHA256withRSA, OID = 1.2.840.113549.1.1.11

  Key:  Sun RSA public key, 2048 bits
  params: null
  modulus: 28294454286150215718956248581434497947097867049411024186483870406934251579530875233613615633617849117731036755337531432523185811938773309717269498709326220377545971257463337885305138078498702181896931277236444617952380023776027177625492875292049718079968588196131474857713592547451820902717489317976050278786066206661473108688621597210434308886527707520838041516435965443035149830598899247598350897438062019548508306346484743659168213832711126969856869049653551161075590110967295928297153582232100492154538351733979351190177537702955486546692317650447848376987934226213554564820283411209321055208112117591935705147201
  public exponent: 65537
  Validity: [From: Fri Nov 17 09:55:26 UTC 2023,
               To: Mon Dec 25 09:55:26 UTC 2028]
  Issuer: SERIALNUMBER=1, O=cluster1, OU=scm1, CN=rootCA@localhost
  SerialNumber: [    01]

Certificate Extensions: 2
[1]: ObjectId: 2.5.29.19 Criticality=true
BasicConstraints:[
  CA:true
  PathLen:2147483647
]

[2]: ObjectId: 2.5.29.15 Criticality=true
KeyUsage [
  Key_CertSign
  Crl_Sign
]

]
  Algorithm: [SHA256withRSA]
  Signature:
0000: 27 16 DA C7 D0 95 8E 64   E4 47 D3 FA 8C E6 0E C1  '......d.G......
0010: 27 A1 48 F6 EC D8 71 9B   24 91 18 20 7B 53 FB B0  '.H...q.$.. .S..
0020: 86 97 61 B9 D6 83 AF 71   20 4C 99 68 59 F7 72 B3  ..a....q L.hY.r.
0030: 3E 50 6C 32 9B B7 9F E5   C0 75 8A 73 7F BC CB B2  >Pl2.....u.s....
0040: 9E 2E BC C1 0D B4 F3 D0   8D E8 F0 8A DB 60 88 AC  .............`..
0050: 95 17 DD C0 B7 E6 21 66   22 B3 DC E9 62 7D 11 84  ......!f"...b...
0060: DC 27 80 D6 37 1F 28 A6   96 89 CB 07 FD 59 D9 2A  .'..7.(......Y.*
0070: BD B1 85 7F 53 2A DC 6F   D8 2E C1 40 DF 08 5F 76  ....S*.o...@.._v
0080: 5E 6C 53 A7 D0 A2 7E 12   47 4A B2 F4 A0 78 AB 2B  ^lS.....GJ...x.+
0090: 65 9A D4 CF 63 2C 23 67   89 D8 6F 95 7A 5A 1D C9  e...c,#g..o.zZ..
00A0: D8 EA 9F 1B 7B 35 65 E8   12 66 7E 11 2A 6C F9 D7  .....5e..f..*l..
00B0: 4D 2E 55 D1 D4 1B 5D 1F   17 59 4C 8E 0D E2 BE EE  M.U...]..YL.....
00C0: 96 F8 B1 A3 DB 94 12 BB   57 3D AF AD F1 B6 2F 40  ........W=..../@
00D0: 76 55 4E C7 67 1D 7F CA   18 02 D1 57 D5 9B FA C4  vUN.g......W....
00E0: 31 E2 4E C8 58 16 B0 33   3C 5F 1C 6C DE 69 BF 06  1.N.X..3<_.l.i..
00F0: 26 42 AB 37 9F 11 2A 5F   C4 B3 77 D1 1C 9D E6 59  &B.7..*_..w....Y

]
2023-11-17 09:55:26,290 [main] INFO  ssl.ReloadingX509TrustManager (ReloadingX509TrustManager.java:insertCertsToKeystore(188)) - Trust manager is loaded with certificates
2023-11-17 09:55:26,291 [main] INFO  ssl.ReloadingX509TrustManager (ReloadingX509TrustManager.java:insertCertsToKeystore(192)) - [
[
  Version: V3
  Subject: SERIALNUMBER=1, O=cluster1, OU=scm1, CN=rootCA@localhost
  Signature Algorithm: SHA256withRSA, OID = 1.2.840.113549.1.1.11

  Key:  Sun RSA public key, 2048 bits
  params: null
  modulus: 28294454286150215718956248581434497947097867049411024186483870406934251579530875233613615633617849117731036755337531432523185811938773309717269498709326220377545971257463337885305138078498702181896931277236444617952380023776027177625492875292049718079968588196131474857713592547451820902717489317976050278786066206661473108688621597210434308886527707520838041516435965443035149830598899247598350897438062019548508306346484743659168213832711126969856869049653551161075590110967295928297153582232100492154538351733979351190177537702955486546692317650447848376987934226213554564820283411209321055208112117591935705147201
  public exponent: 65537
  Validity: [From: Fri Nov 17 09:55:26 UTC 2023,
               To: Mon Dec 25 09:55:26 UTC 2028]
  Issuer: SERIALNUMBER=1, O=cluster1, OU=scm1, CN=rootCA@localhost
  SerialNumber: [    01]

Certificate Extensions: 2
[1]: ObjectId: 2.5.29.19 Criticality=true
BasicConstraints:[
  CA:true
  PathLen:2147483647
]

[2]: ObjectId: 2.5.29.15 Criticality=true
KeyUsage [
  Key_CertSign
  Crl_Sign
]

]
  Algorithm: [SHA256withRSA]
  Signature:
0000: 27 16 DA C7 D0 95 8E 64   E4 47 D3 FA 8C E6 0E C1  '......d.G......
0010: 27 A1 48 F6 EC D8 71 9B   24 91 18 20 7B 53 FB B0  '.H...q.$.. .S..
0020: 86 97 61 B9 D6 83 AF 71   20 4C 99 68 59 F7 72 B3  ..a....q L.hY.r.
0030: 3E 50 6C 32 9B B7 9F E5   C0 75 8A 73 7F BC CB B2  >Pl2.....u.s....
0040: 9E 2E BC C1 0D B4 F3 D0   8D E8 F0 8A DB 60 88 AC  .............`..
0050: 95 17 DD C0 B7 E6 21 66   22 B3 DC E9 62 7D 11 84  ......!f"...b...
0060: DC 27 80 D6 37 1F 28 A6   96 89 CB 07 FD 59 D9 2A  .'..7.(......Y.*
0070: BD B1 85 7F 53 2A DC 6F   D8 2E C1 40 DF 08 5F 76  ....S*.o...@.._v
0080: 5E 6C 53 A7 D0 A2 7E 12   47 4A B2 F4 A0 78 AB 2B  ^lS.....GJ...x.+
0090: 65 9A D4 CF 63 2C 23 67   89 D8 6F 95 7A 5A 1D C9  e...c,#g..o.zZ..
00A0: D8 EA 9F 1B 7B 35 65 E8   12 66 7E 11 2A 6C F9 D7  .....5e..f..*l..
00B0: 4D 2E 55 D1 D4 1B 5D 1F   17 59 4C 8E 0D E2 BE EE  M.U...]..YL.....
00C0: 96 F8 B1 A3 DB 94 12 BB   57 3D AF AD F1 B6 2F 40  ........W=..../@
00D0: 76 55 4E C7 67 1D 7F CA   18 02 D1 57 D5 9B FA C4  vUN.g......W....
00E0: 31 E2 4E C8 58 16 B0 33   3C 5F 1C 6C DE 69 BF 06  1.N.X..3<_.l.i..
00F0: 26 42 AB 37 9F 11 2A 5F   C4 B3 77 D1 1C 9D E6 59  &B.7..*_..w....Y

]
2023-11-17 09:55:26,339 [main] WARN  server.ServerUtils (ServerUtils.java:getScmDbDir(155)) - ozone.scm.db.dirs is not configured. We recommend adding this setting. Falling back to ozone.metadata.dirs instead.
2023-11-17 09:55:26,476 [main] INFO  reflections.Reflections (Reflections.java:scan(232)) - Reflections took 112 ms to scan 7 urls, producing 163 keys and 388 values 
2023-11-17 09:55:26,584 [main] WARN  server.ServerUtils (ServerUtils.java:getScmDbDir(155)) - ozone.scm.db.dirs is not configured. We recommend adding this setting. Falling back to ozone.metadata.dirs instead.
2023-11-17 09:55:26,587 [main] INFO  ha.SCMHANodeDetails (SCMHANodeDetails.java:loadSCMHAConfig(210)) - ServiceID for StorageContainerManager is null
2023-11-17 09:55:26,594 [main] WARN  ha.SCMHANodeDetails (SCMHANodeDetails.java:validateSCMHAConfig(183)) - Invalid config ozone.scm.ratis.enable. The config was not specified, but the default value true conflicts with the expected config value false. Falling back to the expected value. Current State of SCM: SCM is running in Non-HA without Ratis Ratis SCM -> Non Ratis SCM or Non HA SCM -> HA SCM is not supported
2023-11-17 09:55:26,595 [main] INFO  ha.SCMHANodeDetails (SCMHANodeDetails.java:loadSCMHAConfig(215)) - ozone.scm.default.service.id is not defined, falling back to ozone.scm.service.ids to find serviceID for StorageContainerManager if it is HA enabled cluster
2023-11-17 09:55:26,712 [main] WARN  utils.HAUtils (HAUtils.java:getMetaDir(339)) - ozone.scm.db.dirs is not configured. We recommend adding this setting. Falling back to ozone.metadata.dirs instead.
2023-11-17 09:55:26,811 [main] WARN  db.DBStoreBuilder (DBStoreBuilder.java:applyDBDefinition(167)) - ozone.scm.db.dirs is not configured. We recommend adding this setting. Falling back to ozone.metadata.dirs instead.
2023-11-17 09:55:27,028 [main] INFO  net.NodeSchemaLoader (NodeSchemaLoader.java:loadSchemaFromFile(129)) - Loading schema from [jar:file:/home/runner/.m2/repository/org/apache/ozone/hdds-common/1.4.0-SNAPSHOT/hdds-common-1.4.0-SNAPSHOT.jar!/network-topology-default.xml]
2023-11-17 09:55:27,029 [main] INFO  net.NodeSchemaLoader (NodeSchemaLoader.java:loadSchema(176)) - Loading network topology layer schema file
2023-11-17 09:55:27,050 [main] INFO  metrics.MetricRegistries (MetricRegistriesLoader.java:load(64)) - Loaded MetricRegistries class org.apache.ratis.metrics.impl.MetricRegistriesImpl
2023-11-17 09:55:27,060 [main] INFO  upgrade.AbstractLayoutVersionManager (AbstractLayoutVersionManager.java:init(83)) - Initializing Layout version manager with metadata layout = HADOOP_PRC_PORTS_IN_DATANODEDETAILS (version = 7), software layout = HADOOP_PRC_PORTS_IN_DATANODEDETAILS (version = 7)
2023-11-17 09:55:27,181 [main] INFO  ha.SequenceIdGenerator (SequenceIdGenerator.java:upgradeToSequenceId(370)) - upgrade localId to 111677748019200000
2023-11-17 09:55:27,183 [main] INFO  ha.SequenceIdGenerator (SequenceIdGenerator.java:upgradeToSequenceId(380)) - upgrade delTxnId to 0
2023-11-17 09:55:27,190 [main] INFO  ha.SequenceIdGenerator (SequenceIdGenerator.java:upgradeToSequenceId(397)) - upgrade containerId to 0
2023-11-17 09:55:27,193 [main] INFO  ha.SequenceIdGenerator (SequenceIdGenerator.java:upgradeToCertificateSequenceId(444)) - upgrade CertificateId to 2
2023-11-17 09:55:27,195 [main] INFO  ha.SequenceIdGenerator (SequenceIdGenerator.java:<init>(241)) - Init the HA SequenceIdGenerator.
2023-11-17 09:55:27,244 [main] WARN  server.ServerUtils (ServerUtils.java:sanitizeUserArgs(80)) - ozone.scm.stale.node.interval value = 300000 is larger than max = 100000 based on the key value of ozone.scm.heartbeat.thread.interval, reset to the max value 100000.
2023-11-17 09:55:27,245 [main] WARN  server.ServerUtils (ServerUtils.java:sanitizeUserArgs(80)) - ozone.scm.stale.node.interval value = 300000 is larger than max = 100000 based on the key value of ozone.scm.heartbeat.thread.interval, reset to the max value 100000.
2023-11-17 09:55:27,249 [main] INFO  node.SCMNodeManager (SCMNodeManager.java:<init>(157)) - Entering startup safe mode.
2023-11-17 09:55:27,265 [main] INFO  algorithms.ContainerPlacementPolicyFactory (ContainerPlacementPolicyFactory.java:getPolicyInternal(86)) - Create container placement policy of type org.apache.hadoop.hdds.scm.container.placement.algorithms.SCMContainerPlacementRackAware
2023-11-17 09:55:27,268 [main] INFO  algorithms.ContainerPlacementPolicyFactory (ContainerPlacementPolicyFactory.java:getPolicyInternal(86)) - Create container placement policy of type org.apache.hadoop.hdds.scm.container.placement.algorithms.SCMContainerPlacementRackScatter
2023-11-17 09:55:27,277 [main] INFO  pipeline.PipelineStateManagerImpl (PipelineStateManagerImpl.java:initialize(78)) - No pipeline exists in current db
2023-11-17 09:55:27,289 [main] INFO  algorithms.LeaderChoosePolicyFactory (LeaderChoosePolicyFactory.java:getPolicy(57)) - Create leader choose policy of type org.apache.hadoop.hdds.scm.pipeline.leader.choose.algorithms.MinLeaderCountChoosePolicy
2023-11-17 09:55:27,289 [main] INFO  algorithms.ContainerPlacementPolicyFactory (ContainerPlacementPolicyFactory.java:getPolicyInternal(86)) - Create container placement policy of type org.apache.hadoop.hdds.scm.container.placement.algorithms.SCMContainerPlacementRackScatter
2023-11-17 09:55:27,295 [main] INFO  ha.SCMServiceManager (SCMServiceManager.java:register(42)) - Registering service BackgroundPipelineCreator.
2023-11-17 09:55:27,296 [main] INFO  pipeline.BackgroundPipelineCreator (BackgroundPipelineCreator.java:start(127)) - Starting RatisPipelineUtilsThread.
2023-11-17 09:55:27,298 [main] INFO  BackgroundPipelineScrubber (BackgroundSCMService.java:start(68)) - Starting BackgroundPipelineScrubber Service.
2023-11-17 09:55:27,299 [main] INFO  ha.SCMServiceManager (SCMServiceManager.java:register(42)) - Registering service BackgroundPipelineScrubber.
2023-11-17 09:55:27,305 [main] INFO  ExpiredContainerReplicaOpScrubber (BackgroundSCMService.java:start(68)) - Starting ExpiredContainerReplicaOpScrubber Service.
2023-11-17 09:55:27,305 [main] INFO  ha.SCMServiceManager (SCMServiceManager.java:register(42)) - Registering service ExpiredContainerReplicaOpScrubber.
2023-11-17 09:55:27,328 [main] INFO  algorithms.PipelineChoosePolicyFactory (PipelineChoosePolicyFactory.java:createPipelineChoosePolicyFromClass(78)) - Create pipeline choose policy of type org.apache.hadoop.hdds.scm.pipeline.choose.algorithms.RandomPipelineChoosePolicy
2023-11-17 09:55:27,328 [main] INFO  algorithms.PipelineChoosePolicyFactory (PipelineChoosePolicyFactory.java:createPipelineChoosePolicyFromClass(78)) - Create pipeline choose policy of type org.apache.hadoop.hdds.scm.pipeline.choose.algorithms.RandomPipelineChoosePolicy
2023-11-17 09:55:27,345 [main] INFO  ha.SCMServiceManager (SCMServiceManager.java:register(42)) - Registering service SCMBlockDeletingService.
2023-11-17 09:55:27,403 [main] INFO  replication.ReplicationManager (ReplicationManager.java:start(290)) - Starting Replication Monitor Thread.
2023-11-17 09:55:27,404 [main] INFO  ha.SCMServiceManager (SCMServiceManager.java:register(42)) - Registering service ReplicationManager.
2023-11-17 09:55:27,405 [ReplicationMonitor] INFO  replication.ReplicationManager (ReplicationManager.java:processAll(365)) - Replication Manager is not ready to run until 3000ms after safemode exit
2023-11-17 09:55:27,413 [main] INFO  safemode.ContainerSafeModeRule (ContainerSafeModeRule.java:<init>(90)) - containers with one replica threshold count 0
2023-11-17 09:55:27,417 [main] INFO  safemode.HealthyPipelineSafeModeRule (HealthyPipelineSafeModeRule.java:initializeRule(169)) - Total pipeline count is 0, healthy pipeline threshold count is 1
2023-11-17 09:55:27,419 [main] INFO  safemode.OneReplicaPipelineSafeModeRule (OneReplicaPipelineSafeModeRule.java:initializeRule(180)) - Total pipeline count is 0, pipeline's with at least one datanode reported threshold count is 0
2023-11-17 09:55:27,431 [main] INFO  server.StorageContainerManager (StorageContainerManager.java:<init>(427)) - SCM start with adminUsers: [runner]
2023-11-17 09:55:27,468 [main] INFO  audit.AuditLogger (AuditLogger.java:refreshDebugCmdSet(126)) - Refresh DebugCmdSet for SCMAudit to [].
2023-11-17 09:55:27,496 [main] INFO  ipc.CallQueueManager (CallQueueManager.java:<init>(90)) - Using callQueue: class java.util.concurrent.LinkedBlockingQueue, queueCapacity: 2000, scheduler: class org.apache.hadoop.ipc.DefaultRpcScheduler, ipcBackoff: false.
2023-11-17 09:55:27,526 [main] INFO  ipc.Server (Server.java:<init>(1287)) - Listener at 0.0.0.0:15002
2023-11-17 09:55:27,527 [Socket Reader #1 for port 15002] INFO  ipc.Server (Server.java:run(1323)) - Starting Socket Reader #1 for port 15002
2023-11-17 09:55:27,580 [main] INFO  audit.AuditLogger (AuditLogger.java:refreshDebugCmdSet(126)) - Refresh DebugCmdSet for SCMAudit to [].
2023-11-17 09:55:27,584 [main] INFO  ipc.CallQueueManager (CallQueueManager.java:<init>(90)) - Using callQueue: class java.util.concurrent.LinkedBlockingQueue, queueCapacity: 2000, scheduler: class org.apache.hadoop.ipc.DefaultRpcScheduler, ipcBackoff: false.
2023-11-17 09:55:27,585 [main] INFO  ipc.Server (Server.java:<init>(1287)) - Listener at 0.0.0.0:15001
2023-11-17 09:55:27,586 [Socket Reader #1 for port 15001] INFO  ipc.Server (Server.java:run(1323)) - Starting Socket Reader #1 for port 15001
2023-11-17 09:55:27,610 [main] INFO  audit.AuditLogger (AuditLogger.java:refreshDebugCmdSet(126)) - Refresh DebugCmdSet for SCMAudit to [].
2023-11-17 09:55:27,618 [main] INFO  ipc.CallQueueManager (CallQueueManager.java:<init>(90)) - Using callQueue: class java.util.concurrent.LinkedBlockingQueue, queueCapacity: 2000, scheduler: class org.apache.hadoop.ipc.DefaultRpcScheduler, ipcBackoff: false.
2023-11-17 09:55:27,619 [main] INFO  ipc.Server (Server.java:<init>(1287)) - Listener at 0.0.0.0:15000
2023-11-17 09:55:27,619 [Socket Reader #1 for port 15000] INFO  ipc.Server (Server.java:run(1323)) - Starting Socket Reader #1 for port 15000
2023-11-17 09:55:27,658 [main] INFO  ha.SCMServiceManager (SCMServiceManager.java:register(42)) - Registering service ContainerBalancer.
2023-11-17 09:55:27,659 [main] INFO  server.StorageContainerManager (StorageContainerManager.java:<init>(440)) - 
Container Balancer status:
Key                            Value
Running                        false
Container Balancer Configuration values:
Key                                                Value
Threshold                                          10
Max Datanodes to Involve per Iteration(percent)    20
Max Size to Move per Iteration                     500GB
Max Size Entering Target per Iteration             26GB
Max Size Leaving Source per Iteration              26GB
Number of Iterations                               10
Time Limit for Single Container's Movement         65min
Time Limit for Single Container's Replication      50min
Interval between each Iteration                    70min
Whether to Enable Network Topology                 false
Whether to Trigger Refresh Datanode Usage Info     false
Container IDs to Exclude from Balancing            None
Datanodes Specified to be Balanced                 None
Datanodes Excluded from Balancing                  None

2023-11-17 09:55:27,659 [main] INFO  ha.SCMContext (SCMContext.java:updateSafeModeStatus(230)) - Update SafeModeStatus from SafeModeStatus{safeModeStatus=true, preCheckPassed=false} to SafeModeStatus{safeModeStatus=true, preCheckPassed=false}.
2023-11-17 09:55:27,662 [main] INFO  server.StorageContainerManager (StorageContainerManager.java:start(1494)) - StorageContainerLocationProtocol RPC server is listening at /0.0.0.0:15000
2023-11-17 09:55:27,663 [main] INFO  impl.MetricsSystemImpl (MetricsSystemImpl.java:init(158)) - StorageContainerManager metrics system started (again)
2023-11-17 09:55:27,678 [main] INFO  server.SCMClientProtocolServer (SCMClientProtocolServer.java:start(201)) - RPC server for Client  is listening at /0.0.0.0:15000
2023-11-17 09:55:27,679 [IPC Server Responder] INFO  ipc.Server (Server.java:run(1562)) - IPC Server Responder: starting
2023-11-17 09:55:27,685 [IPC Server listener on 15000] INFO  ipc.Server (Server.java:run(1402)) - IPC Server listener on 15000: starting
2023-11-17 09:55:27,691 [main] INFO  server.StorageContainerManager (StorageContainerManager.java:start(1507)) - ScmBlockLocationProtocol RPC server is listening at /0.0.0.0:15001
2023-11-17 09:55:27,692 [main] INFO  server.SCMBlockProtocolServer (SCMBlockProtocolServer.java:start(156)) - RPC server for Block Protocol is listening at /0.0.0.0:15001
2023-11-17 09:55:27,693 [IPC Server Responder] INFO  ipc.Server (Server.java:run(1562)) - IPC Server Responder: starting
2023-11-17 09:55:27,697 [IPC Server listener on 15001] INFO  ipc.Server (Server.java:run(1402)) - IPC Server listener on 15001: starting
2023-11-17 09:55:27,709 [main] INFO  server.SCMDatanodeProtocolServer (SCMDatanodeProtocolServer.java:start(193)) - ScmDatanodeProtocol RPC server for DataNodes is listening at /0.0.0.0:15002
2023-11-17 09:55:27,710 [IPC Server Responder] INFO  ipc.Server (Server.java:run(1562)) - IPC Server Responder: starting
2023-11-17 09:55:27,716 [IPC Server listener on 15002] INFO  ipc.Server (Server.java:run(1402)) - IPC Server listener on 15002: starting
2023-11-17 09:55:27,739 [JvmPauseMonitor0] INFO  util.JvmPauseMonitor (JvmPauseMonitor.java:run(103)) - JvmPauseMonitor-c54a0d0f-cad0-48e8-9d93-7a5684d48de4: Started
2023-11-17 09:55:27,741 [main] INFO  http.BaseHttpServer (BaseHttpServer.java:newHttpServer2BuilderForOzone(223)) - Starting Web-server for scm at: http://0.0.0.0:15003
2023-11-17 09:55:27,742 [main] INFO  http.BaseHttpServer (BaseHttpServer.java:<init>(110)) - Hadoop Security Enabled: false Ozone Security Enabled: false Ozone HTTP Security Enabled: false 
2023-11-17 09:55:27,753 [main] WARN  server.AuthenticationFilter (AuthenticationFilter.java:constructSecretProvider(240)) - Unable to initialize FileSignerSecretProvider, falling back to use random secrets. Reason: Could not read signature secret file: /home/runner/hadoop-http-auth-signature-secret
2023-11-17 09:55:27,756 [main] INFO  http.HttpRequestLog (HttpRequestLog.java:getRequestLog(86)) - Http request log for http.requests.scm is not defined
2023-11-17 09:55:27,758 [main] INFO  http.HttpServer2 (HttpServer2.java:addGlobalFilter(1031)) - Added global filter 'safety' (class=org.apache.hadoop.hdds.server.http.HttpServer2$QuotingInputFilter)
2023-11-17 09:55:27,759 [main] INFO  http.HttpServer2 (HttpServer2.java:addFilter(1007)) - Added filter static_user_filter (class=org.apache.hadoop.http.lib.StaticUserWebFilter$StaticUserFilter) to context scm
2023-11-17 09:55:27,760 [main] INFO  http.HttpServer2 (HttpServer2.java:addFilter(1015)) - Added filter static_user_filter (class=org.apache.hadoop.http.lib.StaticUserWebFilter$StaticUserFilter) to context logs
2023-11-17 09:55:27,760 [main] INFO  http.HttpServer2 (HttpServer2.java:addFilter(1015)) - Added filter static_user_filter (class=org.apache.hadoop.http.lib.StaticUserWebFilter$StaticUserFilter) to context static
2023-11-17 09:55:27,764 [main] INFO  http.BaseHttpServer (BaseHttpServer.java:<init>(189)) - HTTP server of scm uses base directory /home/runner/work/ozone/ozone/hadoop-ozone/integration-test/target/test-dir/MiniOzoneClusterImpl-b9d514d0-62e9-44b2-85a5-b07480d3784c/ozone-meta/webserver
2023-11-17 09:55:27,765 [main] INFO  http.HttpServer2 (HttpServer2.java:bindListener(1231)) - Jetty bound to port 15003
2023-11-17 09:55:27,765 [main] INFO  server.Server (Server.java:doStart(375)) - jetty-9.4.53.v20231009; built: 2023-10-09T12:29:09.265Z; git: 27bde00a0b95a1d5bbee0eae7984f891d2d0f8c9; jvm 1.8.0_382-b05
2023-11-17 09:55:27,767 [main] INFO  server.session (DefaultSessionIdManager.java:doStart(334)) - DefaultSessionIdManager workerName=node0
2023-11-17 09:55:27,767 [main] INFO  server.session (DefaultSessionIdManager.java:doStart(339)) - No SessionScavenger set, using defaults
2023-11-17 09:55:27,767 [main] INFO  server.session (HouseKeeper.java:startScavenging(132)) - node0 Scavenging every 600000ms
2023-11-17 09:55:27,769 [main] INFO  handler.ContextHandler (ContextHandler.java:doStart(921)) - Started o.e.j.s.ServletContextHandler@74baaba6{logs,/logs,file:///home/runner/work/ozone/ozone/hadoop-ozone/integration-test/target/log,AVAILABLE}
2023-11-17 09:55:27,770 [main] INFO  handler.ContextHandler (ContextHandler.java:doStart(921)) - Started o.e.j.s.ServletContextHandler@6de4e34a{static,/static,file:///home/runner/work/ozone/ozone/hadoop-ozone/integration-test/target/test-classes/webapps/static,AVAILABLE}
2023-11-17 09:55:27,774 [main] INFO  handler.ContextHandler (ContextHandler.java:doStart(921)) - Started o.e.j.w.WebAppContext@40226862{scm,/,file:///home/runner/work/ozone/ozone/hadoop-ozone/integration-test/target/test-classes/webapps/scm/,AVAILABLE}{file:/home/runner/work/ozone/ozone/hadoop-ozone/integration-test/target/test-classes/webapps/scm}
2023-11-17 09:55:27,781 [main] INFO  server.AbstractConnector (AbstractConnector.java:doStart(333)) - Started ServerConnector@486bd746{HTTP/1.1, (http/1.1)}{0.0.0.0:15003}
2023-11-17 09:55:27,781 [main] INFO  server.Server (Server.java:doStart(415)) - Started @6034ms
2023-11-17 09:55:27,784 [main] INFO  impl.MetricsSinkAdapter (MetricsSinkAdapter.java:start(204)) - Sink prometheus started
2023-11-17 09:55:27,784 [main] INFO  impl.MetricsSystemImpl (MetricsSystemImpl.java:registerSink(305)) - Registered sink prometheus
2023-11-17 09:55:27,786 [main] INFO  http.BaseHttpServer (BaseHttpServer.java:updateConnectorAddress(354)) - HTTP server of scm listening at http://0.0.0.0:15003
2023-11-17 09:55:27,788 [main] WARN  server.ServerUtils (ServerUtils.java:getDBPath(311)) - ozone.om.db.dirs is not configured. We recommend adding this setting. Falling back to ozone.metadata.dirs instead.
2023-11-17 09:55:27,796 [main] INFO  ha.OMHANodeDetails (OMHANodeDetails.java:loadOMHAConfig(115)) - ozone.om.internal.service.id is not defined, falling back to ozone.om.service.ids to find serviceID for OzoneManager if it is HA enabled cluster
2023-11-17 09:55:27,800 [main] INFO  ha.OMHANodeDetails (OMHANodeDetails.java:loadOMHAConfig(226)) - Configuration does not have ozone.om.address set. Falling back to the default OM address /127.0.0.1:15004
2023-11-17 09:55:27,800 [main] INFO  ha.OMHANodeDetails (OMHANodeDetails.java:getOMNodeDetailsForNonHA(254)) - OM Service ID is not set. Setting it to the default ID: omServiceIdDefault
2023-11-17 09:55:27,800 [main] INFO  ha.OMHANodeDetails (OMHANodeDetails.java:getOMNodeDetailsForNonHA(261)) - OM Node ID is not set. Setting it to the default ID: om1
2023-11-17 09:55:27,803 [main] WARN  server.ServerUtils (ServerUtils.java:getDBPath(311)) - ozone.om.db.dirs is not configured. We recommend adding this setting. Falling back to ozone.metadata.dirs instead.
2023-11-17 09:55:27,807 [main] INFO  upgrade.AbstractLayoutVersionManager (AbstractLayoutVersionManager.java:init(83)) - Initializing Layout version manager with metadata layout = QUOTA (version = 6), software layout = QUOTA (version = 6)
2023-11-17 09:55:27,866 [main] INFO  reflections.Reflections (Reflections.java:scan(232)) - Reflections took 56 ms to scan 2 urls, producing 190 keys and 527 values [using 4 cores]
2023-11-17 09:55:27,870 [main] INFO  upgrade.OMLayoutVersionManager (OMLayoutVersionManager.java:lambda$0(115)) - Skipping Upgrade Action QuotaRepairUpgradeAction since it has been finalized.
2023-11-17 09:55:27,872 [main] INFO  upgrade.OMLayoutVersionManager (OMLayoutVersionManager.java:lambda$0(115)) - Skipping Upgrade Action MockOmUpgradeAction since it has been finalized.
2023-11-17 09:55:27,874 [main] WARN  server.ServerUtils (ServerUtils.java:getDBPath(311)) - ozone.om.db.dirs is not configured. We recommend adding this setting. Falling back to ozone.metadata.dirs instead.
2023-11-17 09:55:27,994 [main] INFO  proxy.SCMBlockLocationFailoverProxyProvider (SCMBlockLocationFailoverProxyProvider.java:<init>(114)) - Created block location fail-over proxy with 1 nodes: [nodeId=scmNodeId,nodeAddress=/0.0.0.0:15001]
2023-11-17 09:55:28,154 [main] INFO  om.OzoneManager (OzoneManager.java:<init>(673)) - OM start with adminUsers: [runner]
2023-11-17 09:55:28,167 [main] WARN  server.ServerUtils (ServerUtils.java:getDBPath(311)) - ozone.om.db.dirs is not configured. We recommend adding this setting. Falling back to ozone.metadata.dirs instead.
2023-11-17 09:55:28,185 [main] INFO  helpers.OmKeyInfo (OmKeyInfo.java:getCodec(71)) - OmKeyInfo.getCodec ignorePipeline = true
2023-11-17 09:55:28,394 [main] INFO  om.OzoneManager (OzoneManager.java:instantiateServices(807)) - S3 Multi-Tenancy is disabled
2023-11-17 09:55:28,402 [main] INFO  security.OzoneSecretStore (OzoneSecretStore.java:loadState(69)) - Loaded 0 tokens
2023-11-17 09:55:28,402 [main] INFO  security.OzoneDelegationTokenSecretManager (OzoneDelegationTokenSecretManager.java:loadTokenSecretState(514)) - Loading token state into token manager.
2023-11-17 09:55:28,421 [main] INFO  om.OmSnapshotManager (OmSnapshotManager.java:<init>(176)) - Ozone filesystem snapshot feature is enabled.
2023-11-17 09:55:28,426 [main] WARN  server.ServerUtils (ServerUtils.java:getDBPath(311)) - ozone.om.snapshot.diff.db.dir is not configured. We recommend adding this setting. Falling back to ozone.metadata.dirs instead.
2023-11-17 09:55:28,455 [main] INFO  utils.NativeLibraryLoader (NativeLibraryLoader.java:loadLibrary(108)) - Loading Library: ozone_rocksdb_tools
2023-11-17 09:55:28,456 [main] INFO  snapshot.SnapshotDiffManager (SnapshotDiffManager.java:closeExecutorService(1715)) - Shutting down executorService: 'SstDumpToolExecutor'
2023-11-17 09:55:28,503 [main] INFO  om.OzoneManager (OzoneManager.java:addS3GVolumeToDB(4435)) - Created Volume s3v With Owner runner required for S3Gateway operations.
2023-11-17 09:55:28,556 [main] WARN  server.ServerUtils (ServerUtils.java:getDefaultRatisDirectory(323)) - Storage directory for Ratis is not configured. It is a good idea to map this to an SSD disk. Falling back to ozone.metadata.dirs
2023-11-17 09:55:28,557 [main] WARN  utils.OzoneManagerRatisUtils (OzoneManagerRatisUtils.java:getOMRatisSnapshotDirectory(473)) - ozone.om.ratis.snapshot.dir is not configured. Falling back to ozone.metadata.dirs config
2023-11-17 09:55:28,567 [main] WARN  server.ServerUtils (ServerUtils.java:getDefaultRatisDirectory(323)) - Storage directory for Ratis is not configured. It is a good idea to map this to an SSD disk. Falling back to ozone.metadata.dirs
2023-11-17 09:55:28,584 [main] INFO  ratis.OzoneManagerRatisServer (OzoneManagerRatisServer.java:<init>(167)) - Instantiating OM Ratis server with groupID: omServiceIdDefault and peers: localhost:15007
2023-11-17 09:55:28,590 [main] INFO  ratis.OzoneManagerStateMachine (OzoneManagerStateMachine.java:loadSnapshotInfoFromDB(697)) - LastAppliedIndex is set from TransactionInfo from OM DB as (t:0, i:~)
2023-11-17 09:55:28,635 [main] INFO  server.RaftServer (ConfUtils.java:logGet(46)) - raft.rpc.type = GRPC (default)
2023-11-17 09:55:28,641 [main] INFO  grpc.GrpcConfigKeys (ConfUtils.java:logFallback(53)) - raft.grpc.admin.host = null (fallback to raft.grpc.server.host)
2023-11-17 09:55:28,642 [main] INFO  grpc.GrpcConfigKeys (ConfUtils.java:logFallback(53)) - raft.grpc.admin.port = 15007 (fallback to raft.grpc.server.port)
2023-11-17 09:55:28,643 [main] INFO  grpc.GrpcConfigKeys (ConfUtils.java:logFallback(53)) - raft.grpc.client.host = null (fallback to raft.grpc.server.host)
2023-11-17 09:55:28,643 [main] INFO  grpc.GrpcConfigKeys (ConfUtils.java:logFallback(53)) - raft.grpc.client.port = 15007 (fallback to raft.grpc.server.port)
2023-11-17 09:55:28,643 [main] INFO  grpc.GrpcConfigKeys (ConfUtils.java:logGet(46)) - raft.grpc.server.host = null (default)
2023-11-17 09:55:28,644 [main] INFO  grpc.GrpcConfigKeys (ConfUtils.java:logGet(46)) - raft.grpc.server.port = 15007 (custom)
2023-11-17 09:55:28,644 [main] INFO  server.GrpcService (ConfUtils.java:logGet(46)) - raft.grpc.message.size.max = 33554432 (custom)
2023-11-17 09:55:28,645 [main] INFO  server.RaftServerConfigKeys (ConfUtils.java:logGet(46)) - raft.server.log.appender.buffer.byte-limit = 33554432 (custom)
2023-11-17 09:55:28,646 [main] INFO  server.GrpcService (ConfUtils.java:logGet(46)) - raft.grpc.flow.control.window = 1MB (=1048576) (default)
2023-11-17 09:55:28,646 [main] INFO  server.RaftServerConfigKeys (ConfUtils.java:logGet(46)) - raft.server.rpc.request.timeout = 3000ms (default)
2023-11-17 09:55:28,656 [main] INFO  grpc.GrpcConfigKeys (ConfUtils.java:logGet(46)) - raft.grpc.server.heartbeat.channel = true (default)
2023-11-17 09:55:28,659 [main] INFO  grpc.GrpcConfigKeys (ConfUtils.java:logGet(46)) - raft.grpc.server.async.request.thread.pool.cached = true (default)
2023-11-17 09:55:28,659 [main] INFO  grpc.GrpcConfigKeys (ConfUtils.java:logGet(46)) - raft.grpc.server.async.request.thread.pool.size = 32 (default)
2023-11-17 09:55:28,792 [main] INFO  impl.DataStreamServerImpl (ConfUtils.java:logGet(46)) - raft.datastream.type = DISABLED (default)
2023-11-17 09:55:28,793 [main] INFO  server.RaftServerConfigKeys (ConfUtils.java:logGet(46)) - raft.server.threadpool.proxy.cached = true (default)
2023-11-17 09:55:28,794 [main] INFO  server.RaftServerConfigKeys (ConfUtils.java:logGet(46)) - raft.server.threadpool.proxy.size = 0 (default)
2023-11-17 09:55:28,794 [main] INFO  server.RaftServerConfigKeys (ConfUtils.java:logGet(46)) - raft.server.rpc.slowness.timeout = 120s (custom)
2023-11-17 09:55:28,794 [main] INFO  server.RaftServerConfigKeys (ConfUtils.java:logGet(46)) - raft.server.leaderelection.leader.step-down.wait-time = 10s (default)
2023-11-17 09:55:28,795 [main] INFO  server.RaftServerConfigKeys (ConfUtils.java:logGet(46)) - raft.server.storage.dir = [/home/runner/work/ozone/ozone/hadoop-ozone/integration-test/target/test-dir/MiniOzoneClusterImpl-b9d514d0-62e9-44b2-85a5-b07480d3784c/ozone-meta/ratis] (custom)
2023-11-17 09:55:28,802 [main] INFO  server.RaftServer (RaftServerProxy.java:addNew(98)) - om1: addNew group-C5BA1605619E:[om1|rpc:localhost:15007|priority:0|startupRole:FOLLOWER] returns group-C5BA1605619E:java.util.concurrent.CompletableFuture@600e8be[Not completed]
2023-11-17 09:55:28,802 [main] INFO  om.OzoneManager (OzoneManager.java:initializeRatisServer(2143)) - OzoneManager Ratis server initialized at port 15007
2023-11-17 09:55:28,806 [main] INFO  om.OzoneManager (OzoneManager.java:getRpcServer(1209)) - Creating RPC Server
2023-11-17 09:55:28,815 [om1-groupManagement] INFO  server.RaftServer$Division (RaftServerImpl.java:<init>(198)) - om1: new RaftServerImpl for group-C5BA1605619E:[om1|rpc:localhost:15007|priority:0|startupRole:FOLLOWER] with OzoneManagerStateMachine:uninitialized
2023-11-17 09:55:28,830 [om1-groupManagement] INFO  server.RaftServerConfigKeys (ConfUtils.java:logGet(46)) - raft.server.rpc.timeout.min = 1s (custom)
2023-11-17 09:55:28,830 [om1-groupManagement] INFO  server.RaftServerConfigKeys (ConfUtils.java:logGet(46)) - raft.server.rpc.timeout.max = 1200ms (custom)
2023-11-17 09:55:28,830 [om1-groupManagement] INFO  server.RaftServerConfigKeys (ConfUtils.java:logGet(46)) - raft.server.rpc.sleep.time = 25ms (default)
2023-11-17 09:55:28,834 [om1-groupManagement] INFO  server.RaftServerConfigKeys (ConfUtils.java:logGet(46)) - raft.server.rpc.slowness.timeout = 120s (custom)
2023-11-17 09:55:28,835 [om1-groupManagement] INFO  server.RaftServerConfigKeys (ConfUtils.java:logGet(46)) - raft.server.leaderelection.leader.step-down.wait-time = 10s (default)
2023-11-17 09:55:28,836 [om1-groupManagement] INFO  server.RaftServerConfigKeys (ConfUtils.java:logGet(46)) - raft.server.sleep.deviation.threshold = 300ms (default)
2023-11-17 09:55:28,843 [om1-groupManagement] INFO  server.RaftServer$Division (ServerState.java:<init>(120)) - om1@group-C5BA1605619E: ConfigurationManager, init=-1: peers:[om1|rpc:localhost:15007|priority:0|startupRole:FOLLOWER]|listeners:[], old=null, confs=<EMPTY_MAP>
2023-11-17 09:55:28,845 [om1-groupManagement] INFO  server.RaftServerConfigKeys (ConfUtils.java:logGet(46)) - raft.server.storage.dir = [/home/runner/work/ozone/ozone/hadoop-ozone/integration-test/target/test-dir/MiniOzoneClusterImpl-b9d514d0-62e9-44b2-85a5-b07480d3784c/ozone-meta/ratis] (custom)
2023-11-17 09:55:28,851 [om1-groupManagement] INFO  server.RaftServerConfigKeys (ConfUtils.java:logGet(46)) - raft.server.log.corruption.policy = EXCEPTION (default)
2023-11-17 09:55:28,852 [om1-groupManagement] INFO  server.RaftServerConfigKeys (ConfUtils.java:logGet(46)) - raft.server.storage.free-space.min = 0MB (=0) (default)
2023-11-17 09:55:28,867 [om1-groupManagement] INFO  server.RaftServerConfigKeys (ConfUtils.java:logGet(46)) - raft.server.notification.no-leader.timeout = 120s (custom)
2023-11-17 09:55:28,872 [om1-groupManagement] INFO  server.RaftServerConfigKeys (ConfUtils.java:logGet(46)) - raft.server.read.timeout = 10s (default)
2023-11-17 09:55:28,875 [om1-groupManagement] INFO  server.RaftServerConfigKeys (ConfUtils.java:logGet(46)) - raft.server.retrycache.expirytime = 300s (custom)
2023-11-17 09:55:28,875 [om1-groupManagement] INFO  server.RaftServerConfigKeys (ConfUtils.java:logGet(46)) - raft.server.retrycache.statistics.expirytime = 100μs (default)
2023-11-17 09:55:28,927 [om1-groupManagement] INFO  server.RaftServerConfigKeys (ConfUtils.java:logGet(46)) - raft.server.read.option = DEFAULT (default)
2023-11-17 09:55:28,955 [om1-groupManagement] INFO  server.RaftServerConfigKeys (ConfUtils.java:logGet(46)) - raft.server.rpc.request.timeout = 3000ms (default)
2023-11-17 09:55:28,957 [om1-groupManagement] INFO  server.RaftServerConfigKeys (ConfUtils.java:logGet(46)) - raft.server.log.appender.install.snapshot.enabled = false (custom)
2023-11-17 09:55:28,957 [om1-groupManagement] INFO  server.RaftServerConfigKeys (ConfUtils.java:logGet(46)) - raft.server.threadpool.server.cached = true (default)
2023-11-17 09:55:28,958 [om1-groupManagement] INFO  server.RaftServerConfigKeys (ConfUtils.java:logGet(46)) - raft.server.threadpool.server.size = 0 (default)
2023-11-17 09:55:28,958 [om1-groupManagement] INFO  server.RaftServerConfigKeys (ConfUtils.java:logGet(46)) - raft.server.threadpool.client.cached = true (default)
2023-11-17 09:55:28,959 [om1-groupManagement] INFO  server.RaftServerConfigKeys (ConfUtils.java:logGet(46)) - raft.server.threadpool.client.size = 0 (default)
2023-11-17 09:55:29,237 [main] INFO  reflections.Reflections (Reflections.java:scan(232)) - Reflections took 379 ms to scan 20 urls, producing 71 keys and 6100 values [using 4 cores]
2023-11-17 09:55:29,369 [main] INFO  ipc.CallQueueManager (CallQueueManager.java:<init>(90)) - Using callQueue: class java.util.concurrent.LinkedBlockingQueue, queueCapacity: 2000, scheduler: class org.apache.hadoop.ipc.DefaultRpcScheduler, ipcBackoff: false.
2023-11-17 09:55:29,374 [main] INFO  ipc.Server (Server.java:<init>(1287)) - Listener at 127.0.0.1:15004
2023-11-17 09:55:29,374 [Socket Reader #1 for port 15004] INFO  ipc.Server (Server.java:run(1323)) - Starting Socket Reader #1 for port 15004
2023-11-17 09:55:29,401 [main] INFO  impl.MetricsSystemImpl (MetricsSystemImpl.java:init(158)) - OzoneManager metrics system started (again)
2023-11-17 09:55:29,411 [main] INFO  om.OzoneManager (OzoneManager.java:start(1631)) - OzoneManager RPC server is listening at localhost/127.0.0.1:15004
2023-11-17 09:55:29,412 [main] INFO  ratis.OzoneManagerRatisServer (OzoneManagerRatisServer.java:start(583)) - Starting OzoneManagerRatisServer om1 at port 15007
2023-11-17 09:55:29,414 [om1-impl-thread1] INFO  storage.RaftStorageDirectory (RaftStorageDirectoryImpl.java:analyzeStorage(137)) - The storage directory /home/runner/work/ozone/ozone/hadoop-ozone/integration-test/target/test-dir/MiniOzoneClusterImpl-b9d514d0-62e9-44b2-85a5-b07480d3784c/ozone-meta/ratis/bf265839-605b-3f16-9796-c5ba1605619e does not exist. Creating ...
2023-11-17 09:55:29,417 [om1-impl-thread1] INFO  storage.RaftStorageDirectory (RaftStorageDirectoryImpl.java:tryLock(231)) - Lock on /home/runner/work/ozone/ozone/hadoop-ozone/integration-test/target/test-dir/MiniOzoneClusterImpl-b9d514d0-62e9-44b2-85a5-b07480d3784c/ozone-meta/ratis/bf265839-605b-3f16-9796-c5ba1605619e/in_use.lock acquired by nodename 28525@fv-az1021-556
2023-11-17 09:55:29,421 [om1-impl-thread1] INFO  storage.RaftStorage (RaftStorageImpl.java:format(96)) - Storage directory /home/runner/work/ozone/ozone/hadoop-ozone/integration-test/target/test-dir/MiniOzoneClusterImpl-b9d514d0-62e9-44b2-85a5-b07480d3784c/ozone-meta/ratis/bf265839-605b-3f16-9796-c5ba1605619e has been successfully formatted.
2023-11-17 09:55:29,424 [om1-impl-thread1] INFO  server.RaftServerConfigKeys (ConfUtils.java:logGet(46)) - raft.server.log.use.memory = false (default)
2023-11-17 09:55:29,430 [om1-impl-thread1] INFO  server.RaftServerConfigKeys (ConfUtils.java:logGet(46)) - raft.server.log.purge.gap = 1000000 (custom)
2023-11-17 09:55:29,430 [om1-impl-thread1] INFO  server.RaftServerConfigKeys (ConfUtils.java:logGet(46)) - raft.server.log.appender.buffer.byte-limit = 33554432 (custom)
2023-11-17 09:55:29,431 [om1-impl-thread1] INFO  server.RaftServerConfigKeys (ConfUtils.java:logGet(46)) - raft.server.log.statemachine.data.read.timeout = 1000ms (default)
2023-11-17 09:55:29,432 [om1-impl-thread1] INFO  server.RaftServerConfigKeys (ConfUtils.java:logGet(46)) - raft.server.log.purge.preservation.log.num = 0 (default)
2023-11-17 09:55:29,433 [om1-impl-thread1] INFO  server.RaftServerConfigKeys (ConfUtils.java:logGet(46)) - raft.server.log.segment.size.max = 4194304 (custom)
2023-11-17 09:55:29,438 [om1-impl-thread1] INFO  server.RaftServerConfigKeys (ConfUtils.java:logGet(46)) - raft.server.log.segment.cache.num.max = 2 (custom)
2023-11-17 09:55:29,438 [om1-impl-thread1] INFO  server.RaftServerConfigKeys (ConfUtils.java:logGet(46)) - raft.server.log.segment.cache.size.max = 200MB (=209715200) (default)
2023-11-17 09:55:29,438 [om1-impl-thread1] INFO  server.RaftServerConfigKeys (ConfUtils.java:logGet(46)) - raft.server.log.appender.buffer.byte-limit = 33554432 (custom)
2023-11-17 09:55:29,442 [om1-impl-thread1] INFO  segmented.SegmentedRaftLogWorker (SegmentedRaftLogWorker.java:<init>(188)) - new om1@group-C5BA1605619E-SegmentedRaftLogWorker for RaftStorageImpl:Storage Directory /home/runner/work/ozone/ozone/hadoop-ozone/integration-test/target/test-dir/MiniOzoneClusterImpl-b9d514d0-62e9-44b2-85a5-b07480d3784c/ozone-meta/ratis/bf265839-605b-3f16-9796-c5ba1605619e
2023-11-17 09:55:29,443 [om1-impl-thread1] INFO  server.RaftServerConfigKeys (ConfUtils.java:logGet(46)) - raft.server.log.queue.byte-limit = 64MB (=67108864) (default)
2023-11-17 09:55:29,443 [om1-impl-thread1] INFO  server.RaftServerConfigKeys (ConfUtils.java:logGet(46)) - raft.server.log.queue.element-limit = 4096 (default)
2023-11-17 09:55:29,444 [om1-impl-thread1] INFO  server.RaftServerConfigKeys (ConfUtils.java:logGet(46)) - raft.server.log.segment.size.max = 4194304 (custom)
2023-11-17 09:55:29,444 [om1-impl-thread1] INFO  server.RaftServerConfigKeys (ConfUtils.java:logGet(46)) - raft.server.log.preallocated.size = 4194304 (custom)
2023-11-17 09:55:29,445 [om1-impl-thread1] INFO  server.RaftServerConfigKeys (ConfUtils.java:logGet(46)) - raft.server.log.force.sync.num = 128 (default)
2023-11-17 09:55:29,445 [om1-impl-thread1] INFO  server.RaftServerConfigKeys (ConfUtils.java:logGet(46)) - raft.server.log.statemachine.data.sync = true (default)
2023-11-17 09:55:29,445 [om1-impl-thread1] INFO  server.RaftServerConfigKeys (ConfUtils.java:logGet(46)) - raft.server.log.statemachine.data.sync.timeout = 10s (default)
2023-11-17 09:55:29,446 [om1-impl-thread1] INFO  server.RaftServerConfigKeys (ConfUtils.java:logGet(46)) - raft.server.log.statemachine.data.sync.timeout.retry = -1 (default)
2023-11-17 09:55:29,450 [om1-impl-thread1] INFO  server.RaftServerConfigKeys (ConfUtils.java:logGet(46)) - raft.server.log.write.buffer.size = 64KB (=65536) (default)
2023-11-17 09:55:29,451 [om1-impl-thread1] INFO  server.RaftServerConfigKeys (ConfUtils.java:logGet(46)) - raft.server.log.appender.buffer.byte-limit = 33554432 (custom)
2023-11-17 09:55:29,452 [om1-impl-thread1] INFO  server.RaftServerConfigKeys (ConfUtils.java:logGet(46)) - raft.server.log.unsafe-flush.enabled = false (default)
2023-11-17 09:55:29,452 [om1-impl-thread1] INFO  server.RaftServerConfigKeys (ConfUtils.java:logGet(46)) - raft.server.log.async-flush.enabled = false (default)
2023-11-17 09:55:29,452 [om1-impl-thread1] INFO  server.RaftServerConfigKeys (ConfUtils.java:logGet(46)) - raft.server.log.statemachine.data.caching.enabled = false (default)
2023-11-17 09:55:29,456 [om1-impl-thread1] INFO  segmented.SegmentedRaftLogWorker (SegmentedRaftLogWorker.java:lambda$new$0(135)) - om1@group-C5BA1605619E-SegmentedRaftLogWorker: flushIndex: setUnconditionally 0 -> -1
2023-11-17 09:55:29,456 [om1-impl-thread1] INFO  segmented.SegmentedRaftLogWorker (SegmentedRaftLogWorker.java:lambda$new$0(135)) - om1@group-C5BA1605619E-SegmentedRaftLogWorker: safeCacheEvictIndex: setUnconditionally 0 -> -1
2023-11-17 09:55:29,460 [om1-impl-thread1] INFO  server.RaftServer$Division (RaftServerImpl.java:start(342)) - om1@group-C5BA1605619E: start as a follower, conf=-1: peers:[om1|rpc:localhost:15007|priority:0|startupRole:FOLLOWER]|listeners:[], old=null
2023-11-17 09:55:29,461 [om1-impl-thread1] INFO  server.RaftServer$Division (RaftServerImpl.java:setRole(329)) - om1@group-C5BA1605619E: changes role from      null to FOLLOWER at term 0 for startAsFollower
2023-11-17 09:55:29,462 [om1-impl-thread1] INFO  impl.RoleInfo (RoleInfo.java:updateAndGet(139)) - om1: start om1@group-C5BA1605619E-FollowerState
2023-11-17 09:55:29,462 [om1@group-C5BA1605619E-FollowerState] INFO  server.RaftServerConfigKeys (ConfUtils.java:logFallback(53)) - raft.server.rpc.first-election.timeout.min = 1s (fallback to raft.server.rpc.timeout.min)
2023-11-17 09:55:29,463 [om1@group-C5BA1605619E-FollowerState] INFO  server.RaftServerConfigKeys (ConfUtils.java:logFallback(53)) - raft.server.rpc.first-election.timeout.max = 1200ms (fallback to raft.server.rpc.timeout.max)
2023-11-17 09:55:29,463 [om1-impl-thread1] INFO  util.JmxRegister (JmxRegister.java:tryRegister(44)) - Successfully registered JMX Bean with object name Ratis:service=RaftServer,group=group-C5BA1605619E,id=om1
2023-11-17 09:55:29,465 [om1-impl-thread1] INFO  server.RaftServerConfigKeys (ConfUtils.java:logGet(46)) - raft.server.snapshot.auto.trigger.enabled = true (custom)
2023-11-17 09:55:29,465 [om1-impl-thread1] INFO  server.RaftServerConfigKeys (ConfUtils.java:logGet(46)) - raft.server.snapshot.auto.trigger.threshold = 400000 (default)
2023-11-17 09:55:29,465 [om1-impl-thread1] INFO  server.RaftServerConfigKeys (ConfUtils.java:logGet(46)) - raft.server.snapshot.retention.file.num = -1 (default)
2023-11-17 09:55:29,466 [om1-impl-thread1] INFO  server.RaftServerConfigKeys (ConfUtils.java:logGet(46)) - raft.server.log.purge.upto.snapshot.index = true (custom)
2023-11-17 09:55:29,468 [main] INFO  server.RaftServer (RaftServerProxy.java:startImpl(400)) - om1: start RPC server
2023-11-17 09:55:29,504 [main] INFO  server.GrpcService (GrpcService.java:startImpl(302)) - om1: GrpcService started, listening on 15007
2023-11-17 09:55:29,505 [main] INFO  om.OzoneManager (OzoneManager.java:start(1647)) - Version File has different layout version (6) than OM DB (null). That is expected if this OM has never been finalized to a newer layout version.
2023-11-17 09:55:29,506 [JvmPauseMonitor1] INFO  util.JvmPauseMonitor (JvmPauseMonitor.java:run(103)) - JvmPauseMonitor-om1: Started
2023-11-17 09:55:29,522 [main] INFO  http.BaseHttpServer (BaseHttpServer.java:newHttpServer2BuilderForOzone(223)) - Starting Web-server for ozoneManager at: http://0.0.0.0:15005
2023-11-17 09:55:29,523 [main] INFO  http.BaseHttpServer (BaseHttpServer.java:<init>(110)) - Hadoop Security Enabled: false Ozone Security Enabled: false Ozone HTTP Security Enabled: false 
2023-11-17 09:55:29,524 [main] WARN  server.AuthenticationFilter (AuthenticationFilter.java:constructSecretProvider(240)) - Unable to initialize FileSignerSecretProvider, falling back to use random secrets. Reason: Could not read signature secret file: /home/runner/hadoop-http-auth-signature-secret
2023-11-17 09:55:29,526 [main] INFO  http.HttpRequestLog (HttpRequestLog.java:getRequestLog(86)) - Http request log for http.requests.ozoneManager is not defined
2023-11-17 09:55:29,528 [main] INFO  http.HttpServer2 (HttpServer2.java:addGlobalFilter(1031)) - Added global filter 'safety' (class=org.apache.hadoop.hdds.server.http.HttpServer2$QuotingInputFilter)
2023-11-17 09:55:29,529 [main] INFO  http.HttpServer2 (HttpServer2.java:addFilter(1007)) - Added filter static_user_filter (class=org.apache.hadoop.http.lib.StaticUserWebFilter$StaticUserFilter) to context ozoneManager
2023-11-17 09:55:29,529 [main] INFO  http.HttpServer2 (HttpServer2.java:addFilter(1015)) - Added filter static_user_filter (class=org.apache.hadoop.http.lib.StaticUserWebFilter$StaticUserFilter) to context static
2023-11-17 09:55:29,530 [main] INFO  http.HttpServer2 (HttpServer2.java:addFilter(1015)) - Added filter static_user_filter (class=org.apache.hadoop.http.lib.StaticUserWebFilter$StaticUserFilter) to context logs
2023-11-17 09:55:29,531 [main] INFO  http.BaseHttpServer (BaseHttpServer.java:<init>(189)) - HTTP server of ozoneManager uses base directory /home/runner/work/ozone/ozone/hadoop-ozone/integration-test/target/test-dir/MiniOzoneClusterImpl-b9d514d0-62e9-44b2-85a5-b07480d3784c/ozone-meta/webserver
2023-11-17 09:55:29,534 [main] INFO  http.HttpServer2 (HttpServer2.java:bindListener(1231)) - Jetty bound to port 15005
2023-11-17 09:55:29,534 [main] INFO  server.Server (Server.java:doStart(375)) - jetty-9.4.53.v20231009; built: 2023-10-09T12:29:09.265Z; git: 27bde00a0b95a1d5bbee0eae7984f891d2d0f8c9; jvm 1.8.0_382-b05
2023-11-17 09:55:29,536 [main] INFO  server.session (DefaultSessionIdManager.java:doStart(334)) - DefaultSessionIdManager workerName=node0
2023-11-17 09:55:29,536 [main] INFO  server.session (DefaultSessionIdManager.java:doStart(339)) - No SessionScavenger set, using defaults
2023-11-17 09:55:29,536 [main] INFO  server.session (HouseKeeper.java:startScavenging(132)) - node0 Scavenging every 660000ms
2023-11-17 09:55:29,537 [main] INFO  handler.ContextHandler (ContextHandler.java:doStart(921)) - Started o.e.j.s.ServletContextHandler@21a77782{logs,/logs,file:///home/runner/work/ozone/ozone/hadoop-ozone/integration-test/target/log,AVAILABLE}
2023-11-17 09:55:29,538 [main] INFO  handler.ContextHandler (ContextHandler.java:doStart(921)) - Started o.e.j.s.ServletContextHandler@e5ca0bd{static,/static,file:///home/runner/work/ozone/ozone/hadoop-ozone/integration-test/target/test-classes/webapps/static,AVAILABLE}
2023-11-17 09:55:29,540 [main] INFO  handler.ContextHandler (ContextHandler.java:doStart(921)) - Started o.e.j.w.WebAppContext@2f850d83{ozoneManager,/,file:///home/runner/work/ozone/ozone/hadoop-ozone/integration-test/target/test-classes/webapps/ozoneManager/,AVAILABLE}{file:/home/runner/work/ozone/ozone/hadoop-ozone/integration-test/target/test-classes/webapps/ozoneManager}
2023-11-17 09:55:29,542 [main] INFO  server.AbstractConnector (AbstractConnector.java:doStart(333)) - Started ServerConnector@b7c3b07{HTTP/1.1, (http/1.1)}{0.0.0.0:15005}
2023-11-17 09:55:29,542 [main] INFO  server.Server (Server.java:doStart(415)) - Started @7795ms
2023-11-17 09:55:29,542 [main] WARN  impl.MetricsSystemImpl (MetricsSystemImpl.java:register(279)) - Sink prometheus already exists!
2023-11-17 09:55:29,543 [main] INFO  http.BaseHttpServer (BaseHttpServer.java:updateConnectorAddress(354)) - HTTP server of ozoneManager listening at http://0.0.0.0:15005
2023-11-17 09:55:29,544 [IPC Server Responder] INFO  ipc.Server (Server.java:run(1562)) - IPC Server Responder: starting
2023-11-17 09:55:29,544 [IPC Server listener on 15004] INFO  ipc.Server (Server.java:run(1402)) - IPC Server listener on 15004: starting
2023-11-17 09:55:29,556 [main] INFO  om.OzoneManager (OzoneManager.java:startTrashEmptier(2096)) - Trash Interval set to 0. Files deleted won't move to trash
2023-11-17 09:55:29,670 [main] INFO  db.CodecBuffer (CodecBuffer.java:set(62)) - Successfully set constructor to org.apache.hadoop.hdds.utils.db.CodecBuffer$$Lambda$890/1912073539@5cb3f273
2023-11-17 09:55:29,671 [main] WARN  impl.MetricRegistriesImpl (MetricRegistriesImpl.java:addReporterRegistration(111)) - New reporters are added after registries were created. Some metrics will be missing from the reporter. Please add reporter before adding any new registry.
2023-11-17 09:55:29,671 [main] WARN  impl.MetricRegistriesImpl (MetricRegistriesImpl.java:addReporterRegistration(111)) - New reporters are added after registries were created. Some metrics will be missing from the reporter. Please add reporter before adding any new registry.
2023-11-17 09:55:29,671 [main] INFO  impl.MetricsSystemImpl (MetricsSystemImpl.java:init(158)) - HddsDatanode metrics system started (again)
2023-11-17 09:55:29,689 [main] INFO  ozone.HddsDatanodeService (HddsDatanodeService.java:start(239)) - HddsDatanodeService host:fv-az1021-556 ip:10.1.0.9
2023-11-17 09:55:29,713 [main] INFO  upgrade.AbstractLayoutVersionManager (AbstractLayoutVersionManager.java:init(83)) - Initializing Layout version manager with metadata layout = HADOOP_PRC_PORTS_IN_DATANODEDETAILS (version = 7), software layout = HADOOP_PRC_PORTS_IN_DATANODEDETAILS (version = 7)
2023-11-17 09:55:29,715 [main] INFO  statemachine.DatanodeStateMachine (DatanodeStateMachine.java:getEndPointTaskThreadPoolSize(299)) - Datanode State Machine Task Thread Pool size 2
2023-11-17 09:55:29,811 [main] INFO  volume.HddsVolume (HddsVolume.java:<init>(126)) - Creating HddsVolume: /home/runner/work/ozone/ozone/hadoop-ozone/integration-test/target/test-dir/MiniOzoneClusterImpl-b9d514d0-62e9-44b2-85a5-b07480d3784c/datanode-0/data-0/containers/hdds of storage type : DISK capacity : 9223372036854775807
2023-11-17 09:55:29,813 [main] INFO  volume.MutableVolumeSet (MutableVolumeSet.java:initializeVolumeSet(173)) - Added Volume : /home/runner/work/ozone/ozone/hadoop-ozone/integration-test/target/test-dir/MiniOzoneClusterImpl-b9d514d0-62e9-44b2-85a5-b07480d3784c/datanode-0/data-0/containers/hdds to VolumeSet
2023-11-17 09:55:29,816 [main] INFO  volume.MutableVolumeSet (MutableVolumeSet.java:initializeVolumeSet(173)) - Added Volume : /home/runner/work/ozone/ozone/hadoop-ozone/integration-test/target/test-dir/MiniOzoneClusterImpl-b9d514d0-62e9-44b2-85a5-b07480d3784c/datanode-0/data/ratis to VolumeSet
2023-11-17 09:55:29,820 [main] INFO  ozoneimpl.OzoneContainer (HddsVolumeUtil.java:loadAllHddsVolumeDbStore(103)) - Load 1 volumes DbStore cost: 1ms
2023-11-17 09:55:29,828 [3f7ce36a-008a-4440-b2ee-16e9e4e5a9e8-ContainerReader-0] INFO  ozoneimpl.ContainerReader (ContainerReader.java:readVolume(177)) - Finish verifying containers on volume /home/runner/work/ozone/ozone/hadoop-ozone/integration-test/target/test-dir/MiniOzoneClusterImpl-b9d514d0-62e9-44b2-85a5-b07480d3784c/datanode-0/data-0/containers/hdds
2023-11-17 09:55:29,828 [main] INFO  ozoneimpl.OzoneContainer (OzoneContainer.java:buildContainerSet(326)) - Build ContainerSet costs 0s
2023-11-17 09:55:29,867 [main] INFO  audit.AuditLogger (AuditLogger.java:refreshDebugCmdSet(126)) - Refresh DebugCmdSet for DNAudit to [].
2023-11-17 09:55:29,890 [main] INFO  server.RaftServer (ConfUtils.java:logGet(46)) - raft.rpc.type = GRPC (default)
2023-11-17 09:55:29,891 [main] INFO  grpc.GrpcConfigKeys (ConfUtils.java:logFallback(53)) - raft.grpc.admin.host = null (fallback to raft.grpc.server.host)
2023-11-17 09:55:29,891 [main] INFO  grpc.GrpcConfigKeys (ConfUtils.java:logGet(46)) - raft.grpc.admin.port = 15013 (custom)
2023-11-17 09:55:29,891 [main] INFO  grpc.GrpcConfigKeys (ConfUtils.java:logFallback(53)) - raft.grpc.client.host = null (fallback to raft.grpc.server.host)
2023-11-17 09:55:29,891 [main] INFO  grpc.GrpcConfigKeys (ConfUtils.java:logGet(46)) - raft.grpc.client.port = 15012 (custom)
2023-11-17 09:55:29,892 [main] INFO  grpc.GrpcConfigKeys (ConfUtils.java:logGet(46)) - raft.grpc.server.host = null (default)
2023-11-17 09:55:29,892 [main] INFO  grpc.GrpcConfigKeys (ConfUtils.java:logGet(46)) - raft.grpc.server.port = 15014 (custom)
2023-11-17 09:55:29,892 [main] INFO  server.GrpcService (ConfUtils.java:logGet(46)) - raft.grpc.message.size.max = 32MB (=33554432) (custom)
2023-11-17 09:55:29,892 [main] INFO  server.RaftServerConfigKeys (ConfUtils.java:logGet(46)) - raft.server.log.appender.buffer.byte-limit = 33554432 (custom)
2023-11-17 09:55:29,892 [main] INFO  server.GrpcService (ConfUtils.java:logGet(46)) - raft.grpc.flow.control.window = 5MB (=5242880) (custom)
2023-11-17 09:55:29,893 [main] INFO  server.RaftServerConfigKeys (ConfUtils.java:logGet(46)) - raft.server.rpc.request.timeout = 60s (custom)
2023-11-17 09:55:29,893 [main] INFO  grpc.GrpcConfigKeys (ConfUtils.java:logGet(46)) - raft.grpc.server.heartbeat.channel = true (default)
2023-11-17 09:55:29,893 [main] INFO  grpc.GrpcConfigKeys (ConfUtils.java:logGet(46)) - raft.grpc.server.async.request.thread.pool.cached = true (default)
2023-11-17 09:55:29,893 [main] INFO  grpc.GrpcConfigKeys (ConfUtils.java:logGet(46)) - raft.grpc.server.async.request.thread.pool.size = 32 (default)
2023-11-17 09:55:29,896 [main] INFO  impl.DataStreamServerImpl (ConfUtils.java:logGet(46)) - raft.datastream.type = NETTY (custom)
2023-11-17 09:55:29,902 [main] INFO  server.RaftServerConfigKeys (ConfUtils.java:logGet(46)) - raft.server.data-stream.async.request.thread.pool.cached = false (default)
2023-11-17 09:55:29,902 [main] INFO  server.RaftServerConfigKeys (ConfUtils.java:logGet(46)) - raft.server.data-stream.async.request.thread.pool.size = 20 (custom)
2023-11-17 09:55:29,903 [main] INFO  server.RaftServerConfigKeys (ConfUtils.java:logGet(46)) - raft.server.data-stream.async.write.thread.pool.size = 16 (default)
2023-11-17 09:55:29,904 [main] INFO  server.RaftServerConfigKeys (ConfUtils.java:logGet(46)) - raft.server.data-stream.client.pool.size = 10 (default)
2023-11-17 09:55:29,906 [main] INFO  netty.NettyConfigKeys$DataStream (ConfUtils.java:logGet(46)) - raft.netty.dataStream.server.use-epoll = false (default)
2023-11-17 09:55:29,906 [main] INFO  netty.NettyConfigKeys$DataStream (ConfUtils.java:logGet(46)) - raft.netty.dataStream.server.boss-group.size = 0 (default)
2023-11-17 09:55:29,925 [main] INFO  netty.NettyConfigKeys$DataStream (ConfUtils.java:logGet(46)) - raft.netty.dataStream.server.worker-group.size = 0 (default)
2023-11-17 09:55:29,926 [main] INFO  netty.NettyConfigKeys$DataStream (ConfUtils.java:logGet(46)) - raft.netty.dataStream.server.tls.conf = null (default)
2023-11-17 09:55:29,927 [main] INFO  netty.NettyConfigKeys$DataStream (ConfUtils.java:logGet(46)) - raft.netty.dataStream.host = null (default)
2023-11-17 09:55:29,927 [main] INFO  netty.NettyConfigKeys$DataStream (ConfUtils.java:logGet(46)) - raft.netty.dataStream.port = 15015 (custom)
2023-11-17 09:55:29,934 [main] INFO  server.RaftServerConfigKeys (ConfUtils.java:logGet(46)) - raft.server.threadpool.proxy.cached = true (default)
2023-11-17 09:55:29,934 [main] INFO  server.RaftServerConfigKeys (ConfUtils.java:logGet(46)) - raft.server.threadpool.proxy.size = 0 (default)
2023-11-17 09:55:29,934 [main] INFO  server.RaftServerConfigKeys (ConfUtils.java:logGet(46)) - raft.server.rpc.slowness.timeout = 300s (custom)
2023-11-17 09:55:29,935 [main] INFO  server.RaftServerConfigKeys (ConfUtils.java:logGet(46)) - raft.server.leaderelection.leader.step-down.wait-time = 10s (default)
2023-11-17 09:55:29,935 [main] INFO  server.RaftServerConfigKeys (ConfUtils.java:logGet(46)) - raft.server.storage.dir = [/home/runner/work/ozone/ozone/hadoop-ozone/integration-test/target/test-dir/MiniOzoneClusterImpl-b9d514d0-62e9-44b2-85a5-b07480d3784c/datanode-0/data/ratis] (custom)
2023-11-17 09:55:29,936 [3f7ce36a-008a-4440-b2ee-16e9e4e5a9e8-impl-thread1] INFO  server.RaftServer (RaftServerProxy.java:initGroupDir(258)) - 3f7ce36a-008a-4440-b2ee-16e9e4e5a9e8: found a subdirectory /home/runner/work/ozone/ozone/hadoop-ozone/integration-test/target/test-dir/MiniOzoneClusterImpl-b9d514d0-62e9-44b2-85a5-b07480d3784c/datanode-0/data/ratis/tmp
2023-11-17 09:55:29,937 [3f7ce36a-008a-4440-b2ee-16e9e4e5a9e8-impl-thread1] INFO  server.RaftServer (RaftServerProxy.java:initGroupDir(263)) - 3f7ce36a-008a-4440-b2ee-16e9e4e5a9e8: The directory /home/runner/work/ozone/ozone/hadoop-ozone/integration-test/target/test-dir/MiniOzoneClusterImpl-b9d514d0-62e9-44b2-85a5-b07480d3784c/datanode-0/data/ratis/tmp is not a group directory; ignoring it. 
2023-11-17 09:55:29,939 [main] INFO  replication.ReplicationServer (ReplicationServer.java:<init>(85)) - Initializing replication server with thread count = 10 queue length = 4096
2023-11-17 09:55:29,945 [3f7ce36a-008a-4440-b2ee-16e9e4e5a9e8-NettyServerStreamRpc-bossGroup--thread1] INFO  logging.LoggingHandler (AbstractInternalLogger.java:log(148)) - [id: 0x62403193] REGISTERED
2023-11-17 09:55:29,945 [3f7ce36a-008a-4440-b2ee-16e9e4e5a9e8-NettyServerStreamRpc-bossGroup--thread1] INFO  logging.LoggingHandler (AbstractInternalLogger.java:log(148)) - [id: 0x62403193] BIND: 0.0.0.0/0.0.0.0:15015
2023-11-17 09:55:29,946 [3f7ce36a-008a-4440-b2ee-16e9e4e5a9e8-NettyServerStreamRpc-bossGroup--thread1] INFO  logging.LoggingHandler (AbstractInternalLogger.java:log(148)) - [id: 0x62403193, L:/0:0:0:0:0:0:0:0:15015] ACTIVE
2023-11-17 09:55:29,954 [main] INFO  server.XceiverServerGrpc (XceiverServerGrpc.java:<init>(135)) - GrpcServer channel type EpollServerSocketChannel
2023-11-17 09:55:29,978 [main] INFO  replication.ReplicationSupervisor (ReplicationSupervisor.java:build(163)) - Initializing replication supervisor with thread count = 10
2023-11-17 09:55:29,979 [main] INFO  replication.ReplicationSupervisor (ReplicationSupervisor.java:nodeStateUpdated(317)) - Node state updated to IN_SERVICE, scaling executor pool size to 10
2023-11-17 09:55:30,014 [main] INFO  http.BaseHttpServer (BaseHttpServer.java:newHttpServer2BuilderForOzone(223)) - Starting Web-server for hddsDatanode at: http://0.0.0.0:15009
2023-11-17 09:55:30,014 [main] INFO  http.BaseHttpServer (BaseHttpServer.java:<init>(110)) - Hadoop Security Enabled: false Ozone Security Enabled: false Ozone HTTP Security Enabled: false 
2023-11-17 09:55:30,016 [main] WARN  server.AuthenticationFilter (AuthenticationFilter.java:constructSecretProvider(240)) - Unable to initialize FileSignerSecretProvider, falling back to use random secrets. Reason: Could not read signature secret file: /home/runner/hadoop-http-auth-signature-secret
2023-11-17 09:55:30,017 [main] INFO  http.HttpRequestLog (HttpRequestLog.java:getRequestLog(86)) - Http request log for http.requests.hddsDatanode is not defined
2023-11-17 09:55:30,019 [main] INFO  http.HttpServer2 (HttpServer2.java:addGlobalFilter(1031)) - Added global filter 'safety' (class=org.apache.hadoop.hdds.server.http.HttpServer2$QuotingInputFilter)
2023-11-17 09:55:30,020 [main] INFO  http.HttpServer2 (HttpServer2.java:addFilter(1007)) - Added filter static_user_filter (class=org.apache.hadoop.http.lib.StaticUserWebFilter$StaticUserFilter) to context hddsDatanode
2023-11-17 09:55:30,020 [main] INFO  http.HttpServer2 (HttpServer2.java:addFilter(1015)) - Added filter static_user_filter (class=org.apache.hadoop.http.lib.StaticUserWebFilter$StaticUserFilter) to context logs
2023-11-17 09:55:30,020 [main] INFO  http.HttpServer2 (HttpServer2.java:addFilter(1015)) - Added filter static_user_filter (class=org.apache.hadoop.http.lib.StaticUserWebFilter$StaticUserFilter) to context static
2023-11-17 09:55:30,021 [main] INFO  http.BaseHttpServer (BaseHttpServer.java:<init>(189)) - HTTP server of hddsDatanode uses base directory /home/runner/work/ozone/ozone/hadoop-ozone/integration-test/target/test-dir/MiniOzoneClusterImpl-b9d514d0-62e9-44b2-85a5-b07480d3784c/datanode-0/meta/webserver
2023-11-17 09:55:30,021 [main] INFO  http.HttpServer2 (HttpServer2.java:bindListener(1231)) - Jetty bound to port 15009
2023-11-17 09:55:30,021 [main] INFO  server.Server (Server.java:doStart(375)) - jetty-9.4.53.v20231009; built: 2023-10-09T12:29:09.265Z; git: 27bde00a0b95a1d5bbee0eae7984f891d2d0f8c9; jvm 1.8.0_382-b05
2023-11-17 09:55:30,023 [main] INFO  server.session (DefaultSessionIdManager.java:doStart(334)) - DefaultSessionIdManager workerName=node0
2023-11-17 09:55:30,023 [main] INFO  server.session (DefaultSessionIdManager.java:doStart(339)) - No SessionScavenger set, using defaults
2023-11-17 09:55:30,023 [main] INFO  server.session (HouseKeeper.java:startScavenging(132)) - node0 Scavenging every 600000ms
2023-11-17 09:55:30,024 [main] INFO  handler.ContextHandler (ContextHandler.java:doStart(921)) - Started o.e.j.s.ServletContextHandler@3a3a44f{logs,/logs,file:///home/runner/work/ozone/ozone/hadoop-ozone/integration-test/target/log,AVAILABLE}
2023-11-17 09:55:30,025 [main] INFO  handler.ContextHandler (ContextHandler.java:doStart(921)) - Started o.e.j.s.ServletContextHandler@368e1d6{static,/static,jar:file:/home/runner/.m2/repository/org/apache/ozone/hdds-container-service/1.4.0-SNAPSHOT/hdds-container-service-1.4.0-SNAPSHOT.jar!/webapps/static,AVAILABLE}
2023-11-17 09:55:30,064 [main] INFO  handler.ContextHandler (ContextHandler.java:doStart(921)) - Started o.e.j.w.WebAppContext@1807c124{hddsDatanode,/,file:///home/runner/work/ozone/ozone/hadoop-ozone/integration-test/target/tmp/kms/webapp/,AVAILABLE}{jar:file:/home/runner/.m2/repository/org/apache/ozone/hdds-container-service/1.4.0-SNAPSHOT/hdds-container-service-1.4.0-SNAPSHOT.jar!/webapps/hddsDatanode}
2023-11-17 09:55:30,066 [main] INFO  server.AbstractConnector (AbstractConnector.java:doStart(333)) - Started ServerConnector@32b2f9a4{HTTP/1.1, (http/1.1)}{0.0.0.0:15009}
2023-11-17 09:55:30,066 [main] INFO  server.Server (Server.java:doStart(415)) - Started @8319ms
2023-11-17 09:55:30,066 [main] WARN  impl.MetricsSystemImpl (MetricsSystemImpl.java:register(279)) - Sink prometheus already exists!
2023-11-17 09:55:30,067 [main] INFO  http.BaseHttpServer (BaseHttpServer.java:updateConnectorAddress(354)) - HTTP server of hddsDatanode listening at http://0.0.0.0:15009
2023-11-17 09:55:30,070 [main] INFO  ipc.CallQueueManager (CallQueueManager.java:<init>(90)) - Using callQueue: class java.util.concurrent.LinkedBlockingQueue, queueCapacity: 100, scheduler: class org.apache.hadoop.ipc.DefaultRpcScheduler, ipcBackoff: false.
2023-11-17 09:55:30,070 [main] INFO  ipc.Server (Server.java:<init>(1287)) - Listener at 0.0.0.0:15010
2023-11-17 09:55:30,076 [Socket Reader #1 for port 15010] INFO  ipc.Server (Server.java:run(1323)) - Starting Socket Reader #1 for port 15010
2023-11-17 09:55:30,084 [main] INFO  ozone.HddsDatanodeService (HddsDatanodeService.java:start(324)) - Datanode start with admins: [runner]
2023-11-17 09:55:30,085 [main] INFO  ozone.HddsDatanodeClientProtocolServer (HddsDatanodeClientProtocolServer.java:start(72)) - RPC server for Client /0.0.0.0:15010
2023-11-17 09:55:30,086 [IPC Server listener on 15010] INFO  ipc.Server (Server.java:run(1402)) - IPC Server listener on 15010: starting
2023-11-17 09:55:30,086 [IPC Server Responder] INFO  ipc.Server (Server.java:run(1562)) - IPC Server Responder: starting
2023-11-17 09:55:30,089 [3f7ce36a-008a-4440-b2ee-16e9e4e5a9e8-DatanodeStateMachineDaemonThread] INFO  statemachine.DatanodeStateMachine (DatanodeStateMachine.java:lambda$startDaemon$1(555)) - Ozone container server started.
2023-11-17 09:55:30,091 [main] WARN  impl.MetricRegistriesImpl (MetricRegistriesImpl.java:addReporterRegistration(111)) - New reporters are added after registries were created. Some metrics will be missing from the reporter. Please add reporter before adding any new registry.
2023-11-17 09:55:30,091 [main] WARN  impl.MetricRegistriesImpl (MetricRegistriesImpl.java:addReporterRegistration(111)) - New reporters are added after registries were created. Some metrics will be missing from the reporter. Please add reporter before adding any new registry.
2023-11-17 09:55:30,091 [main] INFO  impl.MetricsSystemImpl (MetricsSystemImpl.java:init(158)) - HddsDatanode metrics system started (again)
2023-11-17 09:55:30,103 [main] INFO  ozone.HddsDatanodeService (HddsDatanodeService.java:start(239)) - HddsDatanodeService host:fv-az1021-556 ip:10.1.0.9
2023-11-17 09:55:30,123 [main] INFO  upgrade.AbstractLayoutVersionManager (AbstractLayoutVersionManager.java:init(83)) - Initializing Layout version manager with metadata layout = HADOOP_PRC_PORTS_IN_DATANODEDETAILS (version = 7), software layout = HADOOP_PRC_PORTS_IN_DATANODEDETAILS (version = 7)
2023-11-17 09:55:30,124 [main] INFO  statemachine.DatanodeStateMachine (DatanodeStateMachine.java:getEndPointTaskThreadPoolSize(299)) - Datanode State Machine Task Thread Pool size 2
2023-11-17 09:55:30,128 [main] INFO  volume.HddsVolume (HddsVolume.java:<init>(126)) - Creating HddsVolume: /home/runner/work/ozone/ozone/hadoop-ozone/integration-test/target/test-dir/MiniOzoneClusterImpl-b9d514d0-62e9-44b2-85a5-b07480d3784c/datanode-1/data-0/containers/hdds of storage type : DISK capacity : 9223372036854775807
2023-11-17 09:55:30,128 [main] INFO  volume.MutableVolumeSet (MutableVolumeSet.java:initializeVolumeSet(173)) - Added Volume : /home/runner/work/ozone/ozone/hadoop-ozone/integration-test/target/test-dir/MiniOzoneClusterImpl-b9d514d0-62e9-44b2-85a5-b07480d3784c/datanode-1/data-0/containers/hdds to VolumeSet
2023-11-17 09:55:30,129 [main] INFO  volume.MutableVolumeSet (MutableVolumeSet.java:initializeVolumeSet(173)) - Added Volume : /home/runner/work/ozone/ozone/hadoop-ozone/integration-test/target/test-dir/MiniOzoneClusterImpl-b9d514d0-62e9-44b2-85a5-b07480d3784c/datanode-1/data/ratis to VolumeSet
2023-11-17 09:55:30,130 [main] INFO  ozoneimpl.OzoneContainer (HddsVolumeUtil.java:loadAllHddsVolumeDbStore(103)) - Load 1 volumes DbStore cost: 0ms
2023-11-17 09:55:30,132 [54bd6e84-2e53-4956-b446-cc6ac26bbc90-ContainerReader-0] INFO  ozoneimpl.ContainerReader (ContainerReader.java:readVolume(177)) - Finish verifying containers on volume /home/runner/work/ozone/ozone/hadoop-ozone/integration-test/target/test-dir/MiniOzoneClusterImpl-b9d514d0-62e9-44b2-85a5-b07480d3784c/datanode-1/data-0/containers/hdds
2023-11-17 09:55:30,133 [main] INFO  ozoneimpl.OzoneContainer (OzoneContainer.java:buildContainerSet(326)) - Build ContainerSet costs 0s
2023-11-17 09:55:30,137 [main] INFO  server.RaftServer (ConfUtils.java:logGet(46)) - raft.rpc.type = GRPC (default)
2023-11-17 09:55:30,137 [main] INFO  grpc.GrpcConfigKeys (ConfUtils.java:logFallback(53)) - raft.grpc.admin.host = null (fallback to raft.grpc.server.host)
2023-11-17 09:55:30,137 [main] INFO  grpc.GrpcConfigKeys (ConfUtils.java:logGet(46)) - raft.grpc.admin.port = 15022 (custom)
2023-11-17 09:55:30,138 [main] INFO  grpc.GrpcConfigKeys (ConfUtils.java:logFallback(53)) - raft.grpc.client.host = null (fallback to raft.grpc.server.host)
2023-11-17 09:55:30,138 [main] INFO  grpc.GrpcConfigKeys (ConfUtils.java:logGet(46)) - raft.grpc.client.port = 15021 (custom)
2023-11-17 09:55:30,138 [main] INFO  grpc.GrpcConfigKeys (ConfUtils.java:logGet(46)) - raft.grpc.server.host = null (default)
2023-11-17 09:55:30,138 [main] INFO  grpc.GrpcConfigKeys (ConfUtils.java:logGet(46)) - raft.grpc.server.port = 15023 (custom)
2023-11-17 09:55:30,139 [main] INFO  server.GrpcService (ConfUtils.java:logGet(46)) - raft.grpc.message.size.max = 32MB (=33554432) (custom)
2023-11-17 09:55:30,139 [main] INFO  server.RaftServerConfigKeys (ConfUtils.java:logGet(46)) - raft.server.log.appender.buffer.byte-limit = 33554432 (custom)
2023-11-17 09:55:30,139 [main] INFO  server.GrpcService (ConfUtils.java:logGet(46)) - raft.grpc.flow.control.window = 5MB (=5242880) (custom)
2023-11-17 09:55:30,139 [main] INFO  server.RaftServerConfigKeys (ConfUtils.java:logGet(46)) - raft.server.rpc.request.timeout = 60s (custom)
2023-11-17 09:55:30,139 [main] INFO  grpc.GrpcConfigKeys (ConfUtils.java:logGet(46)) - raft.grpc.server.heartbeat.channel = true (default)
2023-11-17 09:55:30,140 [main] INFO  grpc.GrpcConfigKeys (ConfUtils.java:logGet(46)) - raft.grpc.server.async.request.thread.pool.cached = true (default)
2023-11-17 09:55:30,140 [main] INFO  grpc.GrpcConfigKeys (ConfUtils.java:logGet(46)) - raft.grpc.server.async.request.thread.pool.size = 32 (default)
2023-11-17 09:55:30,142 [main] INFO  impl.DataStreamServerImpl (ConfUtils.java:logGet(46)) - raft.datastream.type = NETTY (custom)
2023-11-17 09:55:30,143 [main] INFO  server.RaftServerConfigKeys (ConfUtils.java:logGet(46)) - raft.server.data-stream.async.request.thread.pool.cached = false (default)
2023-11-17 09:55:30,143 [main] INFO  server.RaftServerConfigKeys (ConfUtils.java:logGet(46)) - raft.server.data-stream.async.request.thread.pool.size = 20 (custom)
2023-11-17 09:55:30,143 [main] INFO  server.RaftServerConfigKeys (ConfUtils.java:logGet(46)) - raft.server.data-stream.async.write.thread.pool.size = 16 (default)
2023-11-17 09:55:30,143 [main] INFO  server.RaftServerConfigKeys (ConfUtils.java:logGet(46)) - raft.server.data-stream.client.pool.size = 10 (default)
2023-11-17 09:55:30,144 [main] INFO  netty.NettyConfigKeys$DataStream (ConfUtils.java:logGet(46)) - raft.netty.dataStream.server.use-epoll = false (default)
2023-11-17 09:55:30,144 [main] INFO  netty.NettyConfigKeys$DataStream (ConfUtils.java:logGet(46)) - raft.netty.dataStream.server.boss-group.size = 0 (default)
2023-11-17 09:55:30,144 [main] INFO  netty.NettyConfigKeys$DataStream (ConfUtils.java:logGet(46)) - raft.netty.dataStream.server.worker-group.size = 0 (default)
2023-11-17 09:55:30,145 [main] INFO  netty.NettyConfigKeys$DataStream (ConfUtils.java:logGet(46)) - raft.netty.dataStream.server.tls.conf = null (default)
2023-11-17 09:55:30,145 [main] INFO  netty.NettyConfigKeys$DataStream (ConfUtils.java:logGet(46)) - raft.netty.dataStream.host = null (default)
2023-11-17 09:55:30,145 [main] INFO  netty.NettyConfigKeys$DataStream (ConfUtils.java:logGet(46)) - raft.netty.dataStream.port = 15024 (custom)
2023-11-17 09:55:30,148 [main] INFO  server.RaftServerConfigKeys (ConfUtils.java:logGet(46)) - raft.server.threadpool.proxy.cached = true (default)
2023-11-17 09:55:30,149 [main] INFO  server.RaftServerConfigKeys (ConfUtils.java:logGet(46)) - raft.server.threadpool.proxy.size = 0 (default)
2023-11-17 09:55:30,149 [main] INFO  server.RaftServerConfigKeys (ConfUtils.java:logGet(46)) - raft.server.rpc.slowness.timeout = 300s (custom)
2023-11-17 09:55:30,150 [main] INFO  server.RaftServerConfigKeys (ConfUtils.java:logGet(46)) - raft.server.leaderelection.leader.step-down.wait-time = 10s (default)
2023-11-17 09:55:30,150 [main] INFO  server.RaftServerConfigKeys (ConfUtils.java:logGet(46)) - raft.server.storage.dir = [/home/runner/work/ozone/ozone/hadoop-ozone/integration-test/target/test-dir/MiniOzoneClusterImpl-b9d514d0-62e9-44b2-85a5-b07480d3784c/datanode-1/data/ratis] (custom)
2023-11-17 09:55:30,151 [54bd6e84-2e53-4956-b446-cc6ac26bbc90-impl-thread1] INFO  server.RaftServer (RaftServerProxy.java:initGroupDir(258)) - 54bd6e84-2e53-4956-b446-cc6ac26bbc90: found a subdirectory /home/runner/work/ozone/ozone/hadoop-ozone/integration-test/target/test-dir/MiniOzoneClusterImpl-b9d514d0-62e9-44b2-85a5-b07480d3784c/datanode-1/data/ratis/tmp
2023-11-17 09:55:30,152 [54bd6e84-2e53-4956-b446-cc6ac26bbc90-impl-thread1] INFO  server.RaftServer (RaftServerProxy.java:initGroupDir(263)) - 54bd6e84-2e53-4956-b446-cc6ac26bbc90: The directory /home/runner/work/ozone/ozone/hadoop-ozone/integration-test/target/test-dir/MiniOzoneClusterImpl-b9d514d0-62e9-44b2-85a5-b07480d3784c/datanode-1/data/ratis/tmp is not a group directory; ignoring it. 
2023-11-17 09:55:30,150 [54bd6e84-2e53-4956-b446-cc6ac26bbc90-NettyServerStreamRpc-bossGroup--thread1] INFO  logging.LoggingHandler (AbstractInternalLogger.java:log(148)) - [id: 0x2e939080] REGISTERED
2023-11-17 09:55:30,152 [54bd6e84-2e53-4956-b446-cc6ac26bbc90-NettyServerStreamRpc-bossGroup--thread1] INFO  logging.LoggingHandler (AbstractInternalLogger.java:log(148)) - [id: 0x2e939080] BIND: 0.0.0.0/0.0.0.0:15024
2023-11-17 09:55:30,152 [54bd6e84-2e53-4956-b446-cc6ac26bbc90-NettyServerStreamRpc-bossGroup--thread1] INFO  logging.LoggingHandler (AbstractInternalLogger.java:log(148)) - [id: 0x2e939080, L:/0:0:0:0:0:0:0:0:15024] ACTIVE
2023-11-17 09:55:30,152 [main] INFO  replication.ReplicationServer (ReplicationServer.java:<init>(85)) - Initializing replication server with thread count = 10 queue length = 4096
2023-11-17 09:55:30,154 [main] INFO  server.XceiverServerGrpc (XceiverServerGrpc.java:<init>(135)) - GrpcServer channel type EpollServerSocketChannel
2023-11-17 09:55:30,157 [main] INFO  replication.ReplicationSupervisor (ReplicationSupervisor.java:build(163)) - Initializing replication supervisor with thread count = 10
2023-11-17 09:55:30,158 [main] INFO  replication.ReplicationSupervisor (ReplicationSupervisor.java:nodeStateUpdated(317)) - Node state updated to IN_SERVICE, scaling executor pool size to 10
2023-11-17 09:55:30,161 [main] INFO  http.BaseHttpServer (BaseHttpServer.java:newHttpServer2BuilderForOzone(223)) - Starting Web-server for hddsDatanode at: http://0.0.0.0:15018
2023-11-17 09:55:30,161 [main] INFO  http.BaseHttpServer (BaseHttpServer.java:<init>(110)) - Hadoop Security Enabled: false Ozone Security Enabled: false Ozone HTTP Security Enabled: false 
2023-11-17 09:55:30,163 [main] WARN  server.AuthenticationFilter (AuthenticationFilter.java:constructSecretProvider(240)) - Unable to initialize FileSignerSecretProvider, falling back to use random secrets. Reason: Could not read signature secret file: /home/runner/hadoop-http-auth-signature-secret
2023-11-17 09:55:30,163 [main] INFO  http.HttpRequestLog (HttpRequestLog.java:getRequestLog(86)) - Http request log for http.requests.hddsDatanode is not defined
2023-11-17 09:55:30,165 [main] INFO  http.HttpServer2 (HttpServer2.java:addGlobalFilter(1031)) - Added global filter 'safety' (class=org.apache.hadoop.hdds.server.http.HttpServer2$QuotingInputFilter)
2023-11-17 09:55:30,166 [main] INFO  http.HttpServer2 (HttpServer2.java:addFilter(1007)) - Added filter static_user_filter (class=org.apache.hadoop.http.lib.StaticUserWebFilter$StaticUserFilter) to context hddsDatanode
2023-11-17 09:55:30,166 [main] INFO  http.HttpServer2 (HttpServer2.java:addFilter(1015)) - Added filter static_user_filter (class=org.apache.hadoop.http.lib.StaticUserWebFilter$StaticUserFilter) to context logs
2023-11-17 09:55:30,166 [main] INFO  http.HttpServer2 (HttpServer2.java:addFilter(1015)) - Added filter static_user_filter (class=org.apache.hadoop.http.lib.StaticUserWebFilter$StaticUserFilter) to context static
2023-11-17 09:55:30,167 [main] INFO  http.BaseHttpServer (BaseHttpServer.java:<init>(189)) - HTTP server of hddsDatanode uses base directory /home/runner/work/ozone/ozone/hadoop-ozone/integration-test/target/test-dir/MiniOzoneClusterImpl-b9d514d0-62e9-44b2-85a5-b07480d3784c/datanode-1/meta/webserver
2023-11-17 09:55:30,168 [main] INFO  http.HttpServer2 (HttpServer2.java:bindListener(1231)) - Jetty bound to port 15018
2023-11-17 09:55:30,168 [main] INFO  server.Server (Server.java:doStart(375)) - jetty-9.4.53.v20231009; built: 2023-10-09T12:29:09.265Z; git: 27bde00a0b95a1d5bbee0eae7984f891d2d0f8c9; jvm 1.8.0_382-b05
2023-11-17 09:55:30,176 [main] INFO  server.session (DefaultSessionIdManager.java:doStart(334)) - DefaultSessionIdManager workerName=node0
2023-11-17 09:55:30,176 [main] INFO  server.session (DefaultSessionIdManager.java:doStart(339)) - No SessionScavenger set, using defaults
2023-11-17 09:55:30,176 [main] INFO  server.session (HouseKeeper.java:startScavenging(132)) - node0 Scavenging every 660000ms
2023-11-17 09:55:30,177 [main] INFO  handler.ContextHandler (ContextHandler.java:doStart(921)) - Started o.e.j.s.ServletContextHandler@10e9bbac{logs,/logs,file:///home/runner/work/ozone/ozone/hadoop-ozone/integration-test/target/log,AVAILABLE}
2023-11-17 09:55:30,177 [main] INFO  handler.ContextHandler (ContextHandler.java:doStart(921)) - Started o.e.j.s.ServletContextHandler@42084331{static,/static,jar:file:/home/runner/.m2/repository/org/apache/ozone/hdds-container-service/1.4.0-SNAPSHOT/hdds-container-service-1.4.0-SNAPSHOT.jar!/webapps/static,AVAILABLE}
2023-11-17 09:55:30,183 [3f7ce36a-008a-4440-b2ee-16e9e4e5a9e8-DatanodeStateMachineTaskThread-0] INFO  datanode.InitDatanodeState (InitDatanodeState.java:persistContainerDatanodeDetails(139)) - DatanodeDetails is persisted to /home/runner/work/ozone/ozone/hadoop-ozone/integration-test/target/test-dir/MiniOzoneClusterImpl-b9d514d0-62e9-44b2-85a5-b07480d3784c/datanode-0/meta/datanode.id
2023-11-17 09:55:30,210 [main] INFO  handler.ContextHandler (ContextHandler.java:doStart(921)) - Started o.e.j.w.WebAppContext@6e1d2e9f{hddsDatanode,/,file:///home/runner/work/ozone/ozone/hadoop-ozone/integration-test/target/tmp/kms/webapp/,AVAILABLE}{jar:file:/home/runner/.m2/repository/org/apache/ozone/hdds-container-service/1.4.0-SNAPSHOT/hdds-container-service-1.4.0-SNAPSHOT.jar!/webapps/hddsDatanode}
2023-11-17 09:55:30,211 [main] INFO  server.AbstractConnector (AbstractConnector.java:doStart(333)) - Started ServerConnector@7d36f54a{HTTP/1.1, (http/1.1)}{0.0.0.0:15018}
2023-11-17 09:55:30,211 [main] INFO  server.Server (Server.java:doStart(415)) - Started @8464ms
2023-11-17 09:55:30,211 [main] WARN  impl.MetricsSystemImpl (MetricsSystemImpl.java:register(279)) - Sink prometheus already exists!
2023-11-17 09:55:30,212 [main] INFO  http.BaseHttpServer (BaseHttpServer.java:updateConnectorAddress(354)) - HTTP server of hddsDatanode listening at http://0.0.0.0:15018
2023-11-17 09:55:30,212 [main] INFO  ipc.CallQueueManager (CallQueueManager.java:<init>(90)) - Using callQueue: class java.util.concurrent.LinkedBlockingQueue, queueCapacity: 100, scheduler: class org.apache.hadoop.ipc.DefaultRpcScheduler, ipcBackoff: false.
2023-11-17 09:55:30,212 [main] INFO  ipc.Server (Server.java:<init>(1287)) - Listener at 0.0.0.0:15019
2023-11-17 09:55:30,213 [Socket Reader #1 for port 15019] INFO  ipc.Server (Server.java:run(1323)) - Starting Socket Reader #1 for port 15019
2023-11-17 09:55:30,215 [main] INFO  ozone.HddsDatanodeService (HddsDatanodeService.java:start(324)) - Datanode start with admins: [runner]
2023-11-17 09:55:30,215 [main] INFO  ozone.HddsDatanodeClientProtocolServer (HddsDatanodeClientProtocolServer.java:start(72)) - RPC server for Client /0.0.0.0:15019
2023-11-17 09:55:30,216 [IPC Server Responder] INFO  ipc.Server (Server.java:run(1562)) - IPC Server Responder: starting
2023-11-17 09:55:30,216 [IPC Server listener on 15019] INFO  ipc.Server (Server.java:run(1402)) - IPC Server listener on 15019: starting
2023-11-17 09:55:30,217 [54bd6e84-2e53-4956-b446-cc6ac26bbc90-DatanodeStateMachineDaemonThread] INFO  statemachine.DatanodeStateMachine (DatanodeStateMachine.java:lambda$startDaemon$1(555)) - Ozone container server started.
2023-11-17 09:55:30,218 [main] WARN  impl.MetricRegistriesImpl (MetricRegistriesImpl.java:addReporterRegistration(111)) - New reporters are added after registries were created. Some metrics will be missing from the reporter. Please add reporter before adding any new registry.
2023-11-17 09:55:30,218 [main] WARN  impl.MetricRegistriesImpl (MetricRegistriesImpl.java:addReporterRegistration(111)) - New reporters are added after registries were created. Some metrics will be missing from the reporter. Please add reporter before adding any new registry.
2023-11-17 09:55:30,218 [main] INFO  impl.MetricsSystemImpl (MetricsSystemImpl.java:init(158)) - HddsDatanode metrics system started (again)
2023-11-17 09:55:30,224 [54bd6e84-2e53-4956-b446-cc6ac26bbc90-DatanodeStateMachineTaskThread-0] INFO  datanode.InitDatanodeState (InitDatanodeState.java:persistContainerDatanodeDetails(139)) - DatanodeDetails is persisted to /home/runner/work/ozone/ozone/hadoop-ozone/integration-test/target/test-dir/MiniOzoneClusterImpl-b9d514d0-62e9-44b2-85a5-b07480d3784c/datanode-1/meta/datanode.id
2023-11-17 09:55:30,234 [main] INFO  ozone.HddsDatanodeService (HddsDatanodeService.java:start(239)) - HddsDatanodeService host:fv-az1021-556 ip:10.1.0.9
2023-11-17 09:55:30,253 [main] INFO  upgrade.AbstractLayoutVersionManager (AbstractLayoutVersionManager.java:init(83)) - Initializing Layout version manager with metadata layout = HADOOP_PRC_PORTS_IN_DATANODEDETAILS (version = 7), software layout = HADOOP_PRC_PORTS_IN_DATANODEDETAILS (version = 7)
2023-11-17 09:55:30,254 [main] INFO  statemachine.DatanodeStateMachine (DatanodeStateMachine.java:getEndPointTaskThreadPoolSize(299)) - Datanode State Machine Task Thread Pool size 2
2023-11-17 09:55:30,256 [main] INFO  volume.HddsVolume (HddsVolume.java:<init>(126)) - Creating HddsVolume: /home/runner/work/ozone/ozone/hadoop-ozone/integration-test/target/test-dir/MiniOzoneClusterImpl-b9d514d0-62e9-44b2-85a5-b07480d3784c/datanode-2/data-0/containers/hdds of storage type : DISK capacity : 9223372036854775807
2023-11-17 09:55:30,256 [main] INFO  volume.MutableVolumeSet (MutableVolumeSet.java:initializeVolumeSet(173)) - Added Volume : /home/runner/work/ozone/ozone/hadoop-ozone/integration-test/target/test-dir/MiniOzoneClusterImpl-b9d514d0-62e9-44b2-85a5-b07480d3784c/datanode-2/data-0/containers/hdds to VolumeSet
2023-11-17 09:55:30,257 [main] INFO  volume.MutableVolumeSet (MutableVolumeSet.java:initializeVolumeSet(173)) - Added Volume : /home/runner/work/ozone/ozone/hadoop-ozone/integration-test/target/test-dir/MiniOzoneClusterImpl-b9d514d0-62e9-44b2-85a5-b07480d3784c/datanode-2/data/ratis to VolumeSet
2023-11-17 09:55:30,258 [main] INFO  ozoneimpl.OzoneContainer (HddsVolumeUtil.java:loadAllHddsVolumeDbStore(103)) - Load 1 volumes DbStore cost: 0ms
2023-11-17 09:55:30,258 [652b82d9-1846-44d1-8352-7bf3439ad078-ContainerReader-0] INFO  ozoneimpl.ContainerReader (ContainerReader.java:readVolume(177)) - Finish verifying containers on volume /home/runner/work/ozone/ozone/hadoop-ozone/integration-test/target/test-dir/MiniOzoneClusterImpl-b9d514d0-62e9-44b2-85a5-b07480d3784c/datanode-2/data-0/containers/hdds
2023-11-17 09:55:30,258 [main] INFO  ozoneimpl.OzoneContainer (OzoneContainer.java:buildContainerSet(326)) - Build ContainerSet costs 0s
2023-11-17 09:55:30,261 [main] INFO  server.RaftServer (ConfUtils.java:logGet(46)) - raft.rpc.type = GRPC (default)
2023-11-17 09:55:30,262 [main] INFO  grpc.GrpcConfigKeys (ConfUtils.java:logFallback(53)) - raft.grpc.admin.host = null (fallback to raft.grpc.server.host)
2023-11-17 09:55:30,262 [main] INFO  grpc.GrpcConfigKeys (ConfUtils.java:logGet(46)) - raft.grpc.admin.port = 15031 (custom)
2023-11-17 09:55:30,262 [main] INFO  grpc.GrpcConfigKeys (ConfUtils.java:logFallback(53)) - raft.grpc.client.host = null (fallback to raft.grpc.server.host)
2023-11-17 09:55:30,262 [main] INFO  grpc.GrpcConfigKeys (ConfUtils.java:logGet(46)) - raft.grpc.client.port = 15030 (custom)
2023-11-17 09:55:30,262 [main] INFO  grpc.GrpcConfigKeys (ConfUtils.java:logGet(46)) - raft.grpc.server.host = null (default)
2023-11-17 09:55:30,262 [main] INFO  grpc.GrpcConfigKeys (ConfUtils.java:logGet(46)) - raft.grpc.server.port = 15032 (custom)
2023-11-17 09:55:30,263 [main] INFO  server.GrpcService (ConfUtils.java:logGet(46)) - raft.grpc.message.size.max = 32MB (=33554432) (custom)
2023-11-17 09:55:30,263 [main] INFO  server.RaftServerConfigKeys (ConfUtils.java:logGet(46)) - raft.server.log.appender.buffer.byte-limit = 33554432 (custom)
2023-11-17 09:55:30,263 [main] INFO  server.GrpcService (ConfUtils.java:logGet(46)) - raft.grpc.flow.control.window = 5MB (=5242880) (custom)
2023-11-17 09:55:30,263 [main] INFO  server.RaftServerConfigKeys (ConfUtils.java:logGet(46)) - raft.server.rpc.request.timeout = 60s (custom)
2023-11-17 09:55:30,263 [main] INFO  grpc.GrpcConfigKeys (ConfUtils.java:logGet(46)) - raft.grpc.server.heartbeat.channel = true (default)
2023-11-17 09:55:30,264 [main] INFO  grpc.GrpcConfigKeys (ConfUtils.java:logGet(46)) - raft.grpc.server.async.request.thread.pool.cached = true (default)
2023-11-17 09:55:30,264 [main] INFO  grpc.GrpcConfigKeys (ConfUtils.java:logGet(46)) - raft.grpc.server.async.request.thread.pool.size = 32 (default)
2023-11-17 09:55:30,266 [main] INFO  impl.DataStreamServerImpl (ConfUtils.java:logGet(46)) - raft.datastream.type = NETTY (custom)
2023-11-17 09:55:30,266 [main] INFO  server.RaftServerConfigKeys (ConfUtils.java:logGet(46)) - raft.server.data-stream.async.request.thread.pool.cached = false (default)
2023-11-17 09:55:30,266 [main] INFO  server.RaftServerConfigKeys (ConfUtils.java:logGet(46)) - raft.server.data-stream.async.request.thread.pool.size = 20 (custom)
2023-11-17 09:55:30,267 [main] INFO  server.RaftServerConfigKeys (ConfUtils.java:logGet(46)) - raft.server.data-stream.async.write.thread.pool.size = 16 (default)
2023-11-17 09:55:30,267 [main] INFO  server.RaftServerConfigKeys (ConfUtils.java:logGet(46)) - raft.server.data-stream.client.pool.size = 10 (default)
2023-11-17 09:55:30,267 [main] INFO  netty.NettyConfigKeys$DataStream (ConfUtils.java:logGet(46)) - raft.netty.dataStream.server.use-epoll = false (default)
2023-11-17 09:55:30,267 [main] INFO  netty.NettyConfigKeys$DataStream (ConfUtils.java:logGet(46)) - raft.netty.dataStream.server.boss-group.size = 0 (default)
2023-11-17 09:55:30,268 [main] INFO  netty.NettyConfigKeys$DataStream (ConfUtils.java:logGet(46)) - raft.netty.dataStream.server.worker-group.size = 0 (default)
2023-11-17 09:55:30,268 [main] INFO  netty.NettyConfigKeys$DataStream (ConfUtils.java:logGet(46)) - raft.netty.dataStream.server.tls.conf = null (default)
2023-11-17 09:55:30,268 [main] INFO  netty.NettyConfigKeys$DataStream (ConfUtils.java:logGet(46)) - raft.netty.dataStream.host = null (default)
2023-11-17 09:55:30,268 [main] INFO  netty.NettyConfigKeys$DataStream (ConfUtils.java:logGet(46)) - raft.netty.dataStream.port = 15033 (custom)
2023-11-17 09:55:30,269 [main] INFO  server.RaftServerConfigKeys (ConfUtils.java:logGet(46)) - raft.server.threadpool.proxy.cached = true (default)
2023-11-17 09:55:30,272 [main] INFO  server.RaftServerConfigKeys (ConfUtils.java:logGet(46)) - raft.server.threadpool.proxy.size = 0 (default)
2023-11-17 09:55:30,273 [main] INFO  server.RaftServerConfigKeys (ConfUtils.java:logGet(46)) - raft.server.rpc.slowness.timeout = 300s (custom)
2023-11-17 09:55:30,273 [main] INFO  server.RaftServerConfigKeys (ConfUtils.java:logGet(46)) - raft.server.leaderelection.leader.step-down.wait-time = 10s (default)
2023-11-17 09:55:30,273 [main] INFO  server.RaftServerConfigKeys (ConfUtils.java:logGet(46)) - raft.server.storage.dir = [/home/runner/work/ozone/ozone/hadoop-ozone/integration-test/target/test-dir/MiniOzoneClusterImpl-b9d514d0-62e9-44b2-85a5-b07480d3784c/datanode-2/data/ratis] (custom)
2023-11-17 09:55:30,274 [652b82d9-1846-44d1-8352-7bf3439ad078-impl-thread1] INFO  server.RaftServer (RaftServerProxy.java:initGroupDir(258)) - 652b82d9-1846-44d1-8352-7bf3439ad078: found a subdirectory /home/runner/work/ozone/ozone/hadoop-ozone/integration-test/target/test-dir/MiniOzoneClusterImpl-b9d514d0-62e9-44b2-85a5-b07480d3784c/datanode-2/data/ratis/tmp
2023-11-17 09:55:30,274 [652b82d9-1846-44d1-8352-7bf3439ad078-impl-thread1] INFO  server.RaftServer (RaftServerProxy.java:initGroupDir(263)) - 652b82d9-1846-44d1-8352-7bf3439ad078: The directory /home/runner/work/ozone/ozone/hadoop-ozone/integration-test/target/test-dir/MiniOzoneClusterImpl-b9d514d0-62e9-44b2-85a5-b07480d3784c/datanode-2/data/ratis/tmp is not a group directory; ignoring it. 
2023-11-17 09:55:30,274 [main] INFO  replication.ReplicationServer (ReplicationServer.java:<init>(85)) - Initializing replication server with thread count = 10 queue length = 4096
2023-11-17 09:55:30,276 [main] INFO  server.XceiverServerGrpc (XceiverServerGrpc.java:<init>(135)) - GrpcServer channel type EpollServerSocketChannel
2023-11-17 09:55:30,278 [main] INFO  replication.ReplicationSupervisor (ReplicationSupervisor.java:build(163)) - Initializing replication supervisor with thread count = 10
2023-11-17 09:55:30,278 [main] INFO  replication.ReplicationSupervisor (ReplicationSupervisor.java:nodeStateUpdated(317)) - Node state updated to IN_SERVICE, scaling executor pool size to 10
2023-11-17 09:55:30,280 [652b82d9-1846-44d1-8352-7bf3439ad078-NettyServerStreamRpc-bossGroup--thread1] INFO  logging.LoggingHandler (AbstractInternalLogger.java:log(148)) - [id: 0xc637186e] REGISTERED
2023-11-17 09:55:30,281 [652b82d9-1846-44d1-8352-7bf3439ad078-NettyServerStreamRpc-bossGroup--thread1] INFO  logging.LoggingHandler (AbstractInternalLogger.java:log(148)) - [id: 0xc637186e] BIND: 0.0.0.0/0.0.0.0:15033
2023-11-17 09:55:30,281 [652b82d9-1846-44d1-8352-7bf3439ad078-NettyServerStreamRpc-bossGroup--thread1] INFO  logging.LoggingHandler (AbstractInternalLogger.java:log(148)) - [id: 0xc637186e, L:/0:0:0:0:0:0:0:0:15033] ACTIVE
2023-11-17 09:55:30,288 [main] INFO  http.BaseHttpServer (BaseHttpServer.java:newHttpServer2BuilderForOzone(223)) - Starting Web-server for hddsDatanode at: http://0.0.0.0:15027
2023-11-17 09:55:30,288 [main] INFO  http.BaseHttpServer (BaseHttpServer.java:<init>(110)) - Hadoop Security Enabled: false Ozone Security Enabled: false Ozone HTTP Security Enabled: false 
2023-11-17 09:55:30,290 [main] WARN  server.AuthenticationFilter (AuthenticationFilter.java:constructSecretProvider(240)) - Unable to initialize FileSignerSecretProvider, falling back to use random secrets. Reason: Could not read signature secret file: /home/runner/hadoop-http-auth-signature-secret
2023-11-17 09:55:30,290 [main] INFO  http.HttpRequestLog (HttpRequestLog.java:getRequestLog(86)) - Http request log for http.requests.hddsDatanode is not defined
2023-11-17 09:55:30,292 [main] INFO  http.HttpServer2 (HttpServer2.java:addGlobalFilter(1031)) - Added global filter 'safety' (class=org.apache.hadoop.hdds.server.http.HttpServer2$QuotingInputFilter)
2023-11-17 09:55:30,293 [main] INFO  http.HttpServer2 (HttpServer2.java:addFilter(1007)) - Added filter static_user_filter (class=org.apache.hadoop.http.lib.StaticUserWebFilter$StaticUserFilter) to context hddsDatanode
2023-11-17 09:55:30,293 [main] INFO  http.HttpServer2 (HttpServer2.java:addFilter(1015)) - Added filter static_user_filter (class=org.apache.hadoop.http.lib.StaticUserWebFilter$StaticUserFilter) to context static
2023-11-17 09:55:30,293 [main] INFO  http.HttpServer2 (HttpServer2.java:addFilter(1015)) - Added filter static_user_filter (class=org.apache.hadoop.http.lib.StaticUserWebFilter$StaticUserFilter) to context logs
2023-11-17 09:55:30,294 [main] INFO  http.BaseHttpServer (BaseHttpServer.java:<init>(189)) - HTTP server of hddsDatanode uses base directory /home/runner/work/ozone/ozone/hadoop-ozone/integration-test/target/test-dir/MiniOzoneClusterImpl-b9d514d0-62e9-44b2-85a5-b07480d3784c/datanode-2/meta/webserver
2023-11-17 09:55:30,294 [main] INFO  http.HttpServer2 (HttpServer2.java:bindListener(1231)) - Jetty bound to port 15027
2023-11-17 09:55:30,294 [main] INFO  server.Server (Server.java:doStart(375)) - jetty-9.4.53.v20231009; built: 2023-10-09T12:29:09.265Z; git: 27bde00a0b95a1d5bbee0eae7984f891d2d0f8c9; jvm 1.8.0_382-b05
2023-11-17 09:55:30,308 [main] INFO  server.session (DefaultSessionIdManager.java:doStart(334)) - DefaultSessionIdManager workerName=node0
2023-11-17 09:55:30,309 [main] INFO  server.session (DefaultSessionIdManager.java:doStart(339)) - No SessionScavenger set, using defaults
2023-11-17 09:55:30,309 [main] INFO  server.session (HouseKeeper.java:startScavenging(132)) - node0 Scavenging every 600000ms
2023-11-17 09:55:30,310 [main] INFO  handler.ContextHandler (ContextHandler.java:doStart(921)) - Started o.e.j.s.ServletContextHandler@71ed0b5e{logs,/logs,file:///home/runner/work/ozone/ozone/hadoop-ozone/integration-test/target/log,AVAILABLE}
2023-11-17 09:55:30,310 [main] INFO  handler.ContextHandler (ContextHandler.java:doStart(921)) - Started o.e.j.s.ServletContextHandler@5b020e80{static,/static,jar:file:/home/runner/.m2/repository/org/apache/ozone/hdds-container-service/1.4.0-SNAPSHOT/hdds-container-service-1.4.0-SNAPSHOT.jar!/webapps/static,AVAILABLE}
2023-11-17 09:55:30,348 [main] INFO  handler.ContextHandler (ContextHandler.java:doStart(921)) - Started o.e.j.w.WebAppContext@1ae22dc7{hddsDatanode,/,file:///home/runner/work/ozone/ozone/hadoop-ozone/integration-test/target/tmp/kms/webapp/,AVAILABLE}{jar:file:/home/runner/.m2/repository/org/apache/ozone/hdds-container-service/1.4.0-SNAPSHOT/hdds-container-service-1.4.0-SNAPSHOT.jar!/webapps/hddsDatanode}
2023-11-17 09:55:30,349 [main] INFO  server.AbstractConnector (AbstractConnector.java:doStart(333)) - Started ServerConnector@75b12f19{HTTP/1.1, (http/1.1)}{0.0.0.0:15027}
2023-11-17 09:55:30,349 [main] INFO  server.Server (Server.java:doStart(415)) - Started @8602ms
2023-11-17 09:55:30,349 [main] WARN  impl.MetricsSystemImpl (MetricsSystemImpl.java:register(279)) - Sink prometheus already exists!
2023-11-17 09:55:30,350 [main] INFO  http.BaseHttpServer (BaseHttpServer.java:updateConnectorAddress(354)) - HTTP server of hddsDatanode listening at http://0.0.0.0:15027
2023-11-17 09:55:30,350 [main] INFO  ipc.CallQueueManager (CallQueueManager.java:<init>(90)) - Using callQueue: class java.util.concurrent.LinkedBlockingQueue, queueCapacity: 100, scheduler: class org.apache.hadoop.ipc.DefaultRpcScheduler, ipcBackoff: false.
2023-11-17 09:55:30,350 [main] INFO  ipc.Server (Server.java:<init>(1287)) - Listener at 0.0.0.0:15028
2023-11-17 09:55:30,351 [Socket Reader #1 for port 15028] INFO  ipc.Server (Server.java:run(1323)) - Starting Socket Reader #1 for port 15028
2023-11-17 09:55:30,356 [main] INFO  ozone.HddsDatanodeService (HddsDatanodeService.java:start(324)) - Datanode start with admins: [runner]
2023-11-17 09:55:30,356 [main] INFO  ozone.HddsDatanodeClientProtocolServer (HddsDatanodeClientProtocolServer.java:start(72)) - RPC server for Client /0.0.0.0:15028
2023-11-17 09:55:30,357 [IPC Server Responder] INFO  ipc.Server (Server.java:run(1562)) - IPC Server Responder: starting
2023-11-17 09:55:30,357 [IPC Server listener on 15028] INFO  ipc.Server (Server.java:run(1402)) - IPC Server listener on 15028: starting
2023-11-17 09:55:30,365 [652b82d9-1846-44d1-8352-7bf3439ad078-DatanodeStateMachineDaemonThread] INFO  statemachine.DatanodeStateMachine (DatanodeStateMachine.java:lambda$startDaemon$1(555)) - Ozone container server started.
2023-11-17 09:55:30,365 [main] WARN  impl.MetricRegistriesImpl (MetricRegistriesImpl.java:addReporterRegistration(111)) - New reporters are added after registries were created. Some metrics will be missing from the reporter. Please add reporter before adding any new registry.
2023-11-17 09:55:30,366 [main] WARN  impl.MetricRegistriesImpl (MetricRegistriesImpl.java:addReporterRegistration(111)) - New reporters are added after registries were created. Some metrics will be missing from the reporter. Please add reporter before adding any new registry.
2023-11-17 09:55:30,366 [main] INFO  impl.MetricsSystemImpl (MetricsSystemImpl.java:init(158)) - HddsDatanode metrics system started (again)
2023-11-17 09:55:30,376 [main] INFO  ozone.HddsDatanodeService (HddsDatanodeService.java:start(239)) - HddsDatanodeService host:fv-az1021-556 ip:10.1.0.9
2023-11-17 09:55:30,393 [652b82d9-1846-44d1-8352-7bf3439ad078-DatanodeStateMachineTaskThread-0] INFO  datanode.InitDatanodeState (InitDatanodeState.java:persistContainerDatanodeDetails(139)) - DatanodeDetails is persisted to /home/runner/work/ozone/ozone/hadoop-ozone/integration-test/target/test-dir/MiniOzoneClusterImpl-b9d514d0-62e9-44b2-85a5-b07480d3784c/datanode-2/meta/datanode.id
2023-11-17 09:55:30,394 [main] INFO  upgrade.AbstractLayoutVersionManager (AbstractLayoutVersionManager.java:init(83)) - Initializing Layout version manager with metadata layout = HADOOP_PRC_PORTS_IN_DATANODEDETAILS (version = 7), software layout = HADOOP_PRC_PORTS_IN_DATANODEDETAILS (version = 7)
2023-11-17 09:55:30,396 [main] INFO  statemachine.DatanodeStateMachine (DatanodeStateMachine.java:getEndPointTaskThreadPoolSize(299)) - Datanode State Machine Task Thread Pool size 2
2023-11-17 09:55:30,399 [main] INFO  volume.HddsVolume (HddsVolume.java:<init>(126)) - Creating HddsVolume: /home/runner/work/ozone/ozone/hadoop-ozone/integration-test/target/test-dir/MiniOzoneClusterImpl-b9d514d0-62e9-44b2-85a5-b07480d3784c/datanode-3/data-0/containers/hdds of storage type : DISK capacity : 9223372036854775807
2023-11-17 09:55:30,399 [main] INFO  volume.MutableVolumeSet (MutableVolumeSet.java:initializeVolumeSet(173)) - Added Volume : /home/runner/work/ozone/ozone/hadoop-ozone/integration-test/target/test-dir/MiniOzoneClusterImpl-b9d514d0-62e9-44b2-85a5-b07480d3784c/datanode-3/data-0/containers/hdds to VolumeSet
2023-11-17 09:55:30,401 [main] INFO  volume.MutableVolumeSet (MutableVolumeSet.java:initializeVolumeSet(173)) - Added Volume : /home/runner/work/ozone/ozone/hadoop-ozone/integration-test/target/test-dir/MiniOzoneClusterImpl-b9d514d0-62e9-44b2-85a5-b07480d3784c/datanode-3/data/ratis to VolumeSet
2023-11-17 09:55:30,402 [main] INFO  ozoneimpl.OzoneContainer (HddsVolumeUtil.java:loadAllHddsVolumeDbStore(103)) - Load 1 volumes DbStore cost: 1ms
2023-11-17 09:55:30,402 [2a883bf7-e5b8-4bdb-a368-a41799101186-ContainerReader-0] INFO  ozoneimpl.ContainerReader (ContainerReader.java:readVolume(177)) - Finish verifying containers on volume /home/runner/work/ozone/ozone/hadoop-ozone/integration-test/target/test-dir/MiniOzoneClusterImpl-b9d514d0-62e9-44b2-85a5-b07480d3784c/datanode-3/data-0/containers/hdds
2023-11-17 09:55:30,402 [main] INFO  ozoneimpl.OzoneContainer (OzoneContainer.java:buildContainerSet(326)) - Build ContainerSet costs 0s
2023-11-17 09:55:30,407 [main] INFO  server.RaftServer (ConfUtils.java:logGet(46)) - raft.rpc.type = GRPC (default)
2023-11-17 09:55:30,407 [main] INFO  grpc.GrpcConfigKeys (ConfUtils.java:logFallback(53)) - raft.grpc.admin.host = null (fallback to raft.grpc.server.host)
2023-11-17 09:55:30,409 [main] INFO  grpc.GrpcConfigKeys (ConfUtils.java:logGet(46)) - raft.grpc.admin.port = 15040 (custom)
2023-11-17 09:55:30,410 [main] INFO  grpc.GrpcConfigKeys (ConfUtils.java:logFallback(53)) - raft.grpc.client.host = null (fallback to raft.grpc.server.host)
2023-11-17 09:55:30,410 [main] INFO  grpc.GrpcConfigKeys (ConfUtils.java:logGet(46)) - raft.grpc.client.port = 15039 (custom)
2023-11-17 09:55:30,410 [main] INFO  grpc.GrpcConfigKeys (ConfUtils.java:logGet(46)) - raft.grpc.server.host = null (default)
2023-11-17 09:55:30,410 [main] INFO  grpc.GrpcConfigKeys (ConfUtils.java:logGet(46)) - raft.grpc.server.port = 15041 (custom)
2023-11-17 09:55:30,411 [main] INFO  server.GrpcService (ConfUtils.java:logGet(46)) - raft.grpc.message.size.max = 32MB (=33554432) (custom)
2023-11-17 09:55:30,411 [main] INFO  server.RaftServerConfigKeys (ConfUtils.java:logGet(46)) - raft.server.log.appender.buffer.byte-limit = 33554432 (custom)
2023-11-17 09:55:30,411 [main] INFO  server.GrpcService (ConfUtils.java:logGet(46)) - raft.grpc.flow.control.window = 5MB (=5242880) (custom)
2023-11-17 09:55:30,412 [main] INFO  server.RaftServerConfigKeys (ConfUtils.java:logGet(46)) - raft.server.rpc.request.timeout = 60s (custom)
2023-11-17 09:55:30,412 [main] INFO  grpc.GrpcConfigKeys (ConfUtils.java:logGet(46)) - raft.grpc.server.heartbeat.channel = true (default)
2023-11-17 09:55:30,412 [main] INFO  grpc.GrpcConfigKeys (ConfUtils.java:logGet(46)) - raft.grpc.server.async.request.thread.pool.cached = true (default)
2023-11-17 09:55:30,412 [main] INFO  grpc.GrpcConfigKeys (ConfUtils.java:logGet(46)) - raft.grpc.server.async.request.thread.pool.size = 32 (default)
2023-11-17 09:55:30,415 [main] INFO  impl.DataStreamServerImpl (ConfUtils.java:logGet(46)) - raft.datastream.type = NETTY (custom)
2023-11-17 09:55:30,415 [main] INFO  server.RaftServerConfigKeys (ConfUtils.java:logGet(46)) - raft.server.data-stream.async.request.thread.pool.cached = false (default)
2023-11-17 09:55:30,415 [main] INFO  server.RaftServerConfigKeys (ConfUtils.java:logGet(46)) - raft.server.data-stream.async.request.thread.pool.size = 20 (custom)
2023-11-17 09:55:30,416 [main] INFO  server.RaftServerConfigKeys (ConfUtils.java:logGet(46)) - raft.server.data-stream.async.write.thread.pool.size = 16 (default)
2023-11-17 09:55:30,416 [main] INFO  server.RaftServerConfigKeys (ConfUtils.java:logGet(46)) - raft.server.data-stream.client.pool.size = 10 (default)
2023-11-17 09:55:30,416 [main] INFO  netty.NettyConfigKeys$DataStream (ConfUtils.java:logGet(46)) - raft.netty.dataStream.server.use-epoll = false (default)
2023-11-17 09:55:30,417 [main] INFO  netty.NettyConfigKeys$DataStream (ConfUtils.java:logGet(46)) - raft.netty.dataStream.server.boss-group.size = 0 (default)
2023-11-17 09:55:30,417 [main] INFO  netty.NettyConfigKeys$DataStream (ConfUtils.java:logGet(46)) - raft.netty.dataStream.server.worker-group.size = 0 (default)
2023-11-17 09:55:30,418 [main] INFO  netty.NettyConfigKeys$DataStream (ConfUtils.java:logGet(46)) - raft.netty.dataStream.server.tls.conf = null (default)
2023-11-17 09:55:30,418 [main] INFO  netty.NettyConfigKeys$DataStream (ConfUtils.java:logGet(46)) - raft.netty.dataStream.host = null (default)
2023-11-17 09:55:30,418 [main] INFO  netty.NettyConfigKeys$DataStream (ConfUtils.java:logGet(46)) - raft.netty.dataStream.port = 15042 (custom)
2023-11-17 09:55:30,419 [main] INFO  server.RaftServerConfigKeys (ConfUtils.java:logGet(46)) - raft.server.threadpool.proxy.cached = true (default)
2023-11-17 09:55:30,425 [main] INFO  server.RaftServerConfigKeys (ConfUtils.java:logGet(46)) - raft.server.threadpool.proxy.size = 0 (default)
2023-11-17 09:55:30,425 [main] INFO  server.RaftServerConfigKeys (ConfUtils.java:logGet(46)) - raft.server.rpc.slowness.timeout = 300s (custom)
2023-11-17 09:55:30,426 [main] INFO  server.RaftServerConfigKeys (ConfUtils.java:logGet(46)) - raft.server.leaderelection.leader.step-down.wait-time = 10s (default)
2023-11-17 09:55:30,426 [main] INFO  server.RaftServerConfigKeys (ConfUtils.java:logGet(46)) - raft.server.storage.dir = [/home/runner/work/ozone/ozone/hadoop-ozone/integration-test/target/test-dir/MiniOzoneClusterImpl-b9d514d0-62e9-44b2-85a5-b07480d3784c/datanode-3/data/ratis] (custom)
2023-11-17 09:55:30,426 [2a883bf7-e5b8-4bdb-a368-a41799101186-NettyServerStreamRpc-bossGroup--thread1] INFO  logging.LoggingHandler (AbstractInternalLogger.java:log(148)) - [id: 0x2232831e] REGISTERED
2023-11-17 09:55:30,427 [2a883bf7-e5b8-4bdb-a368-a41799101186-impl-thread1] INFO  server.RaftServer (RaftServerProxy.java:initGroupDir(258)) - 2a883bf7-e5b8-4bdb-a368-a41799101186: found a subdirectory /home/runner/work/ozone/ozone/hadoop-ozone/integration-test/target/test-dir/MiniOzoneClusterImpl-b9d514d0-62e9-44b2-85a5-b07480d3784c/datanode-3/data/ratis/tmp
2023-11-17 09:55:30,427 [2a883bf7-e5b8-4bdb-a368-a41799101186-impl-thread1] INFO  server.RaftServer (RaftServerProxy.java:initGroupDir(263)) - 2a883bf7-e5b8-4bdb-a368-a41799101186: The directory /home/runner/work/ozone/ozone/hadoop-ozone/integration-test/target/test-dir/MiniOzoneClusterImpl-b9d514d0-62e9-44b2-85a5-b07480d3784c/datanode-3/data/ratis/tmp is not a group directory; ignoring it. 
2023-11-17 09:55:30,427 [main] INFO  replication.ReplicationServer (ReplicationServer.java:<init>(85)) - Initializing replication server with thread count = 10 queue length = 4096
2023-11-17 09:55:30,429 [main] INFO  server.XceiverServerGrpc (XceiverServerGrpc.java:<init>(135)) - GrpcServer channel type EpollServerSocketChannel
2023-11-17 09:55:30,431 [main] INFO  replication.ReplicationSupervisor (ReplicationSupervisor.java:build(163)) - Initializing replication supervisor with thread count = 10
2023-11-17 09:55:30,431 [main] INFO  replication.ReplicationSupervisor (ReplicationSupervisor.java:nodeStateUpdated(317)) - Node state updated to IN_SERVICE, scaling executor pool size to 10
2023-11-17 09:55:30,434 [main] INFO  http.BaseHttpServer (BaseHttpServer.java:newHttpServer2BuilderForOzone(223)) - Starting Web-server for hddsDatanode at: http://0.0.0.0:15036
2023-11-17 09:55:30,434 [main] INFO  http.BaseHttpServer (BaseHttpServer.java:<init>(110)) - Hadoop Security Enabled: false Ozone Security Enabled: false Ozone HTTP Security Enabled: false 
2023-11-17 09:55:30,436 [main] WARN  server.AuthenticationFilter (AuthenticationFilter.java:constructSecretProvider(240)) - Unable to initialize FileSignerSecretProvider, falling back to use random secrets. Reason: Could not read signature secret file: /home/runner/hadoop-http-auth-signature-secret
2023-11-17 09:55:30,441 [main] INFO  http.HttpRequestLog (HttpRequestLog.java:getRequestLog(86)) - Http request log for http.requests.hddsDatanode is not defined
2023-11-17 09:55:30,443 [main] INFO  http.HttpServer2 (HttpServer2.java:addGlobalFilter(1031)) - Added global filter 'safety' (class=org.apache.hadoop.hdds.server.http.HttpServer2$QuotingInputFilter)
2023-11-17 09:55:30,444 [main] INFO  http.HttpServer2 (HttpServer2.java:addFilter(1007)) - Added filter static_user_filter (class=org.apache.hadoop.http.lib.StaticUserWebFilter$StaticUserFilter) to context hddsDatanode
2023-11-17 09:55:30,445 [main] INFO  http.HttpServer2 (HttpServer2.java:addFilter(1015)) - Added filter static_user_filter (class=org.apache.hadoop.http.lib.StaticUserWebFilter$StaticUserFilter) to context static
2023-11-17 09:55:30,446 [main] INFO  http.HttpServer2 (HttpServer2.java:addFilter(1015)) - Added filter static_user_filter (class=org.apache.hadoop.http.lib.StaticUserWebFilter$StaticUserFilter) to context logs
2023-11-17 09:55:30,448 [main] INFO  http.BaseHttpServer (BaseHttpServer.java:<init>(189)) - HTTP server of hddsDatanode uses base directory /home/runner/work/ozone/ozone/hadoop-ozone/integration-test/target/test-dir/MiniOzoneClusterImpl-b9d514d0-62e9-44b2-85a5-b07480d3784c/datanode-3/meta/webserver
2023-11-17 09:55:30,449 [main] INFO  http.HttpServer2 (HttpServer2.java:bindListener(1231)) - Jetty bound to port 15036
2023-11-17 09:55:30,441 [2a883bf7-e5b8-4bdb-a368-a41799101186-NettyServerStreamRpc-bossGroup--thread1] INFO  logging.LoggingHandler (AbstractInternalLogger.java:log(148)) - [id: 0x2232831e] BIND: 0.0.0.0/0.0.0.0:15042
2023-11-17 09:55:30,450 [2a883bf7-e5b8-4bdb-a368-a41799101186-NettyServerStreamRpc-bossGroup--thread1] INFO  logging.LoggingHandler (AbstractInternalLogger.java:log(148)) - [id: 0x2232831e, L:/0:0:0:0:0:0:0:0:15042] ACTIVE
2023-11-17 09:55:30,450 [main] INFO  server.Server (Server.java:doStart(375)) - jetty-9.4.53.v20231009; built: 2023-10-09T12:29:09.265Z; git: 27bde00a0b95a1d5bbee0eae7984f891d2d0f8c9; jvm 1.8.0_382-b05
2023-11-17 09:55:30,452 [main] INFO  server.session (DefaultSessionIdManager.java:doStart(334)) - DefaultSessionIdManager workerName=node0
2023-11-17 09:55:30,452 [main] INFO  server.session (DefaultSessionIdManager.java:doStart(339)) - No SessionScavenger set, using defaults
2023-11-17 09:55:30,453 [main] INFO  server.session (HouseKeeper.java:startScavenging(132)) - node0 Scavenging every 660000ms
2023-11-17 09:55:30,454 [main] INFO  handler.ContextHandler (ContextHandler.java:doStart(921)) - Started o.e.j.s.ServletContextHandler@29cd9ce5{logs,/logs,file:///home/runner/work/ozone/ozone/hadoop-ozone/integration-test/target/log,AVAILABLE}
2023-11-17 09:55:30,454 [main] INFO  handler.ContextHandler (ContextHandler.java:doStart(921)) - Started o.e.j.s.ServletContextHandler@4762c011{static,/static,jar:file:/home/runner/.m2/repository/org/apache/ozone/hdds-container-service/1.4.0-SNAPSHOT/hdds-container-service-1.4.0-SNAPSHOT.jar!/webapps/static,AVAILABLE}
2023-11-17 09:55:30,491 [main] INFO  handler.ContextHandler (ContextHandler.java:doStart(921)) - Started o.e.j.w.WebAppContext@4cbef45c{hddsDatanode,/,file:///home/runner/work/ozone/ozone/hadoop-ozone/integration-test/target/tmp/kms/webapp/,AVAILABLE}{jar:file:/home/runner/.m2/repository/org/apache/ozone/hdds-container-service/1.4.0-SNAPSHOT/hdds-container-service-1.4.0-SNAPSHOT.jar!/webapps/hddsDatanode}
2023-11-17 09:55:30,494 [main] INFO  server.AbstractConnector (AbstractConnector.java:doStart(333)) - Started ServerConnector@5b1f3ba3{HTTP/1.1, (http/1.1)}{0.0.0.0:15036}
2023-11-17 09:55:30,494 [main] INFO  server.Server (Server.java:doStart(415)) - Started @8747ms
2023-11-17 09:55:30,494 [main] WARN  impl.MetricsSystemImpl (MetricsSystemImpl.java:register(279)) - Sink prometheus already exists!
2023-11-17 09:55:30,494 [main] INFO  http.BaseHttpServer (BaseHttpServer.java:updateConnectorAddress(354)) - HTTP server of hddsDatanode listening at http://0.0.0.0:15036
2023-11-17 09:55:30,495 [main] INFO  ipc.CallQueueManager (CallQueueManager.java:<init>(90)) - Using callQueue: class java.util.concurrent.LinkedBlockingQueue, queueCapacity: 100, scheduler: class org.apache.hadoop.ipc.DefaultRpcScheduler, ipcBackoff: false.
2023-11-17 09:55:30,495 [main] INFO  ipc.Server (Server.java:<init>(1287)) - Listener at 0.0.0.0:15037
2023-11-17 09:55:30,495 [Socket Reader #1 for port 15037] INFO  ipc.Server (Server.java:run(1323)) - Starting Socket Reader #1 for port 15037
2023-11-17 09:55:30,497 [main] INFO  ozone.HddsDatanodeService (HddsDatanodeService.java:start(324)) - Datanode start with admins: [runner]
2023-11-17 09:55:30,497 [main] INFO  ozone.HddsDatanodeClientProtocolServer (HddsDatanodeClientProtocolServer.java:start(72)) - RPC server for Client /0.0.0.0:15037
2023-11-17 09:55:30,497 [IPC Server Responder] INFO  ipc.Server (Server.java:run(1562)) - IPC Server Responder: starting
2023-11-17 09:55:30,500 [IPC Server listener on 15037] INFO  ipc.Server (Server.java:run(1402)) - IPC Server listener on 15037: starting
2023-11-17 09:55:30,502 [2a883bf7-e5b8-4bdb-a368-a41799101186-DatanodeStateMachineDaemonThread] INFO  statemachine.DatanodeStateMachine (DatanodeStateMachine.java:lambda$startDaemon$1(555)) - Ozone container server started.
2023-11-17 09:55:30,503 [main] WARN  impl.MetricRegistriesImpl (MetricRegistriesImpl.java:addReporterRegistration(111)) - New reporters are added after registries were created. Some metrics will be missing from the reporter. Please add reporter before adding any new registry.
2023-11-17 09:55:30,503 [main] WARN  impl.MetricRegistriesImpl (MetricRegistriesImpl.java:addReporterRegistration(111)) - New reporters are added after registries were created. Some metrics will be missing from the reporter. Please add reporter before adding any new registry.
2023-11-17 09:55:30,503 [main] INFO  impl.MetricsSystemImpl (MetricsSystemImpl.java:init(158)) - HddsDatanode metrics system started (again)
2023-11-17 09:55:30,511 [2a883bf7-e5b8-4bdb-a368-a41799101186-DatanodeStateMachineTaskThread-0] INFO  datanode.InitDatanodeState (InitDatanodeState.java:persistContainerDatanodeDetails(139)) - DatanodeDetails is persisted to /home/runner/work/ozone/ozone/hadoop-ozone/integration-test/target/test-dir/MiniOzoneClusterImpl-b9d514d0-62e9-44b2-85a5-b07480d3784c/datanode-3/meta/datanode.id
2023-11-17 09:55:30,513 [main] INFO  ozone.HddsDatanodeService (HddsDatanodeService.java:start(239)) - HddsDatanodeService host:fv-az1021-556 ip:10.1.0.9
2023-11-17 09:55:30,516 [om1@group-C5BA1605619E-FollowerState] INFO  impl.FollowerState (FollowerState.java:run(143)) - om1@group-C5BA1605619E-FollowerState: change to CANDIDATE, lastRpcElapsedTime:1053537821ns, electionTimeout:1052ms
2023-11-17 09:55:30,516 [om1@group-C5BA1605619E-FollowerState] INFO  impl.RoleInfo (RoleInfo.java:shutdownFollowerState(110)) - om1: shutdown om1@group-C5BA1605619E-FollowerState
2023-11-17 09:55:30,517 [om1@group-C5BA1605619E-FollowerState] INFO  server.RaftServer$Division (RaftServerImpl.java:setRole(329)) - om1@group-C5BA1605619E: changes role from  FOLLOWER to CANDIDATE at term 0 for changeToCandidate
2023-11-17 09:55:30,519 [om1@group-C5BA1605619E-FollowerState] INFO  server.RaftServerConfigKeys (ConfUtils.java:logGet(46)) - raft.server.leaderelection.pre-vote = true (default)
2023-11-17 09:55:30,519 [om1@group-C5BA1605619E-FollowerState] INFO  impl.RoleInfo (RoleInfo.java:updateAndGet(139)) - om1: start om1@group-C5BA1605619E-LeaderElection1
2023-11-17 09:55:30,521 [om1@group-C5BA1605619E-LeaderElection1] INFO  impl.LeaderElection (LeaderElection.java:askForVotes(321)) - om1@group-C5BA1605619E-LeaderElection1 PRE_VOTE round 0: submit vote requests at term 0 for -1: peers:[om1|rpc:localhost:15007|priority:0|startupRole:FOLLOWER]|listeners:[], old=null
2023-11-17 09:55:30,522 [om1@group-C5BA1605619E-LeaderElection1] INFO  impl.LeaderElection (LeaderElection.java:askForVotes(323)) - om1@group-C5BA1605619E-LeaderElection1 PRE_VOTE round 0: result PASSED (term=0)
2023-11-17 09:55:30,523 [om1@group-C5BA1605619E-LeaderElection1] INFO  impl.LeaderElection (LeaderElection.java:askForVotes(321)) - om1@group-C5BA1605619E-LeaderElection1 ELECTION round 0: submit vote requests at term 1 for -1: peers:[om1|rpc:localhost:15007|priority:0|startupRole:FOLLOWER]|listeners:[], old=null
2023-11-17 09:55:30,523 [om1@group-C5BA1605619E-LeaderElection1] INFO  impl.LeaderElection (LeaderElection.java:askForVotes(323)) - om1@group-C5BA1605619E-LeaderElection1 ELECTION round 0: result PASSED (term=1)
2023-11-17 09:55:30,523 [om1@group-C5BA1605619E-LeaderElection1] INFO  impl.RoleInfo (RoleInfo.java:shutdownLeaderElection(130)) - om1: shutdown om1@group-C5BA1605619E-LeaderElection1
2023-11-17 09:55:30,524 [om1@group-C5BA1605619E-LeaderElection1] INFO  server.RaftServer$Division (RaftServerImpl.java:setRole(329)) - om1@group-C5BA1605619E: changes role from CANDIDATE to LEADER at term 1 for changeToLeader
2023-11-17 09:55:30,525 [om1@group-C5BA1605619E-LeaderElection1] INFO  server.RaftServer$Division (ServerState.java:setLeader(317)) - om1@group-C5BA1605619E: change Leader from null to om1 at term 1 for becomeLeader, leader elected after 1657ms
2023-11-17 09:55:30,531 [om1@group-C5BA1605619E-LeaderElection1] INFO  server.RaftServerConfigKeys (ConfUtils.java:logGet(46)) - raft.server.staging.catchup.gap = 1000 (default)
2023-11-17 09:55:30,534 [main] INFO  upgrade.AbstractLayoutVersionManager (AbstractLayoutVersionManager.java:init(83)) - Initializing Layout version manager with metadata layout = HADOOP_PRC_PORTS_IN_DATANODEDETAILS (version = 7), software layout = HADOOP_PRC_PORTS_IN_DATANODEDETAILS (version = 7)
2023-11-17 09:55:30,534 [om1@group-C5BA1605619E-LeaderElection1] INFO  server.RaftServerConfigKeys (ConfUtils.java:logGet(46)) - raft.server.write.element-limit = 4096 (default)
2023-11-17 09:55:30,535 [main] INFO  statemachine.DatanodeStateMachine (DatanodeStateMachine.java:getEndPointTaskThreadPoolSize(299)) - Datanode State Machine Task Thread Pool size 2
2023-11-17 09:55:30,535 [om1@group-C5BA1605619E-LeaderElection1] INFO  server.RaftServerConfigKeys (ConfUtils.java:logGet(46)) - raft.server.write.byte-limit = 64MB (=67108864) (default)
2023-11-17 09:55:30,537 [main] INFO  volume.HddsVolume (HddsVolume.java:<init>(126)) - Creating HddsVolume: /home/runner/work/ozone/ozone/hadoop-ozone/integration-test/target/test-dir/MiniOzoneClusterImpl-b9d514d0-62e9-44b2-85a5-b07480d3784c/datanode-4/data-0/containers/hdds of storage type : DISK capacity : 9223372036854775807
2023-11-17 09:55:30,537 [main] INFO  volume.MutableVolumeSet (MutableVolumeSet.java:initializeVolumeSet(173)) - Added Volume : /home/runner/work/ozone/ozone/hadoop-ozone/integration-test/target/test-dir/MiniOzoneClusterImpl-b9d514d0-62e9-44b2-85a5-b07480d3784c/datanode-4/data-0/containers/hdds to VolumeSet
2023-11-17 09:55:30,538 [main] INFO  volume.MutableVolumeSet (MutableVolumeSet.java:initializeVolumeSet(173)) - Added Volume : /home/runner/work/ozone/ozone/hadoop-ozone/integration-test/target/test-dir/MiniOzoneClusterImpl-b9d514d0-62e9-44b2-85a5-b07480d3784c/datanode-4/data/ratis to VolumeSet
2023-11-17 09:55:30,539 [main] INFO  ozoneimpl.OzoneContainer (HddsVolumeUtil.java:loadAllHddsVolumeDbStore(103)) - Load 1 volumes DbStore cost: 1ms
2023-11-17 09:55:30,539 [3172c264-2718-48bc-901b-d06defdb8935-ContainerReader-0] INFO  ozoneimpl.ContainerReader (ContainerReader.java:readVolume(177)) - Finish verifying containers on volume /home/runner/work/ozone/ozone/hadoop-ozone/integration-test/target/test-dir/MiniOzoneClusterImpl-b9d514d0-62e9-44b2-85a5-b07480d3784c/datanode-4/data-0/containers/hdds
2023-11-17 09:55:30,539 [main] INFO  ozoneimpl.OzoneContainer (OzoneContainer.java:buildContainerSet(326)) - Build ContainerSet costs 0s
2023-11-17 09:55:30,540 [om1@group-C5BA1605619E-LeaderElection1] INFO  server.RaftServerConfigKeys (ConfUtils.java:logGet(46)) - raft.server.watch.timeout = 10s (default)
2023-11-17 09:55:30,540 [om1@group-C5BA1605619E-LeaderElection1] INFO  server.RaftServerConfigKeys (ConfUtils.java:logGet(46)) - raft.server.watch.timeout.denomination = 1s (default)
2023-11-17 09:55:30,541 [om1@group-C5BA1605619E-LeaderElection1] INFO  server.RaftServerConfigKeys (ConfUtils.java:logGet(46)) - raft.server.watch.element-limit = 65536 (default)
2023-11-17 09:55:30,544 [om1@group-C5BA1605619E-LeaderElection1] INFO  server.RaftServerConfigKeys (ConfUtils.java:logGet(46)) - raft.server.write.element-limit = 4096 (default)
2023-11-17 09:55:30,546 [om1@group-C5BA1605619E-LeaderElection1] INFO  server.RaftServerConfigKeys (ConfUtils.java:logGet(46)) - raft.server.write.follower.gap.ratio.max = -1.0 (default)
2023-11-17 09:55:30,547 [om1@group-C5BA1605619E-LeaderElection1] INFO  impl.RoleInfo (RoleInfo.java:updateAndGet(139)) - om1: start om1@group-C5BA1605619E-LeaderStateImpl
2023-11-17 09:55:30,553 [main] INFO  server.RaftServer (ConfUtils.java:logGet(46)) - raft.rpc.type = GRPC (default)
2023-11-17 09:55:30,553 [main] INFO  grpc.GrpcConfigKeys (ConfUtils.java:logFallback(53)) - raft.grpc.admin.host = null (fallback to raft.grpc.server.host)
2023-11-17 09:55:30,553 [main] INFO  grpc.GrpcConfigKeys (ConfUtils.java:logGet(46)) - raft.grpc.admin.port = 15049 (custom)
2023-11-17 09:55:30,554 [main] INFO  grpc.GrpcConfigKeys (ConfUtils.java:logFallback(53)) - raft.grpc.client.host = null (fallback to raft.grpc.server.host)
2023-11-17 09:55:30,555 [main] INFO  grpc.GrpcConfigKeys (ConfUtils.java:logGet(46)) - raft.grpc.client.port = 15048 (custom)
2023-11-17 09:55:30,555 [main] INFO  grpc.GrpcConfigKeys (ConfUtils.java:logGet(46)) - raft.grpc.server.host = null (default)
2023-11-17 09:55:30,555 [main] INFO  grpc.GrpcConfigKeys (ConfUtils.java:logGet(46)) - raft.grpc.server.port = 15050 (custom)
2023-11-17 09:55:30,556 [main] INFO  server.GrpcService (ConfUtils.java:logGet(46)) - raft.grpc.message.size.max = 32MB (=33554432) (custom)
2023-11-17 09:55:30,556 [main] INFO  server.RaftServerConfigKeys (ConfUtils.java:logGet(46)) - raft.server.log.appender.buffer.byte-limit = 33554432 (custom)
2023-11-17 09:55:30,556 [main] INFO  server.GrpcService (ConfUtils.java:logGet(46)) - raft.grpc.flow.control.window = 5MB (=5242880) (custom)
2023-11-17 09:55:30,557 [main] INFO  server.RaftServerConfigKeys (ConfUtils.java:logGet(46)) - raft.server.rpc.request.timeout = 60s (custom)
2023-11-17 09:55:30,557 [main] INFO  grpc.GrpcConfigKeys (ConfUtils.java:logGet(46)) - raft.grpc.server.heartbeat.channel = true (default)
2023-11-17 09:55:30,557 [main] INFO  grpc.GrpcConfigKeys (ConfUtils.java:logGet(46)) - raft.grpc.server.async.request.thread.pool.cached = true (default)
2023-11-17 09:55:30,558 [main] INFO  grpc.GrpcConfigKeys (ConfUtils.java:logGet(46)) - raft.grpc.server.async.request.thread.pool.size = 32 (default)
2023-11-17 09:55:30,561 [main] INFO  impl.DataStreamServerImpl (ConfUtils.java:logGet(46)) - raft.datastream.type = NETTY (custom)
2023-11-17 09:55:30,561 [main] INFO  server.RaftServerConfigKeys (ConfUtils.java:logGet(46)) - raft.server.data-stream.async.request.thread.pool.cached = false (default)
2023-11-17 09:55:30,561 [main] INFO  server.RaftServerConfigKeys (ConfUtils.java:logGet(46)) - raft.server.data-stream.async.request.thread.pool.size = 20 (custom)
2023-11-17 09:55:30,561 [main] INFO  server.RaftServerConfigKeys (ConfUtils.java:logGet(46)) - raft.server.data-stream.async.write.thread.pool.size = 16 (default)
2023-11-17 09:55:30,562 [main] INFO  server.RaftServerConfigKeys (ConfUtils.java:logGet(46)) - raft.server.data-stream.client.pool.size = 10 (default)
2023-11-17 09:55:30,562 [main] INFO  netty.NettyConfigKeys$DataStream (ConfUtils.java:logGet(46)) - raft.netty.dataStream.server.use-epoll = false (default)
2023-11-17 09:55:30,562 [main] INFO  netty.NettyConfigKeys$DataStream (ConfUtils.java:logGet(46)) - raft.netty.dataStream.server.boss-group.size = 0 (default)
2023-11-17 09:55:30,563 [main] INFO  netty.NettyConfigKeys$DataStream (ConfUtils.java:logGet(46)) - raft.netty.dataStream.server.worker-group.size = 0 (default)
2023-11-17 09:55:30,564 [main] INFO  netty.NettyConfigKeys$DataStream (ConfUtils.java:logGet(46)) - raft.netty.dataStream.server.tls.conf = null (default)
2023-11-17 09:55:30,564 [main] INFO  netty.NettyConfigKeys$DataStream (ConfUtils.java:logGet(46)) - raft.netty.dataStream.host = null (default)
2023-11-17 09:55:30,565 [main] INFO  netty.NettyConfigKeys$DataStream (ConfUtils.java:logGet(46)) - raft.netty.dataStream.port = 15051 (custom)
2023-11-17 09:55:30,565 [main] INFO  server.RaftServerConfigKeys (ConfUtils.java:logGet(46)) - raft.server.threadpool.proxy.cached = true (default)
2023-11-17 09:55:30,565 [main] INFO  server.RaftServerConfigKeys (ConfUtils.java:logGet(46)) - raft.server.threadpool.proxy.size = 0 (default)
2023-11-17 09:55:30,566 [main] INFO  server.RaftServerConfigKeys (ConfUtils.java:logGet(46)) - raft.server.rpc.slowness.timeout = 300s (custom)
2023-11-17 09:55:30,567 [main] INFO  server.RaftServerConfigKeys (ConfUtils.java:logGet(46)) - raft.server.leaderelection.leader.step-down.wait-time = 10s (default)
2023-11-17 09:55:30,567 [3172c264-2718-48bc-901b-d06defdb8935-NettyServerStreamRpc-bossGroup--thread1] INFO  logging.LoggingHandler (AbstractInternalLogger.java:log(148)) - [id: 0x0e52bef3] REGISTERED
2023-11-17 09:55:30,567 [main] INFO  server.RaftServerConfigKeys (ConfUtils.java:logGet(46)) - raft.server.storage.dir = [/home/runner/work/ozone/ozone/hadoop-ozone/integration-test/target/test-dir/MiniOzoneClusterImpl-b9d514d0-62e9-44b2-85a5-b07480d3784c/datanode-4/data/ratis] (custom)
2023-11-17 09:55:30,569 [3172c264-2718-48bc-901b-d06defdb8935-NettyServerStreamRpc-bossGroup--thread1] INFO  logging.LoggingHandler (AbstractInternalLogger.java:log(148)) - [id: 0x0e52bef3] BIND: 0.0.0.0/0.0.0.0:15051
2023-11-17 09:55:30,569 [3172c264-2718-48bc-901b-d06defdb8935-NettyServerStreamRpc-bossGroup--thread1] INFO  logging.LoggingHandler (AbstractInternalLogger.java:log(148)) - [id: 0x0e52bef3, L:/0:0:0:0:0:0:0:0:15051] ACTIVE
2023-11-17 09:55:30,578 [3172c264-2718-48bc-901b-d06defdb8935-impl-thread1] INFO  server.RaftServer (RaftServerProxy.java:initGroupDir(258)) - 3172c264-2718-48bc-901b-d06defdb8935: found a subdirectory /home/runner/work/ozone/ozone/hadoop-ozone/integration-test/target/test-dir/MiniOzoneClusterImpl-b9d514d0-62e9-44b2-85a5-b07480d3784c/datanode-4/data/ratis/tmp
2023-11-17 09:55:30,578 [3172c264-2718-48bc-901b-d06defdb8935-impl-thread1] INFO  server.RaftServer (RaftServerProxy.java:initGroupDir(263)) - 3172c264-2718-48bc-901b-d06defdb8935: The directory /home/runner/work/ozone/ozone/hadoop-ozone/integration-test/target/test-dir/MiniOzoneClusterImpl-b9d514d0-62e9-44b2-85a5-b07480d3784c/datanode-4/data/ratis/tmp is not a group directory; ignoring it. 
2023-11-17 09:55:30,579 [om1@group-C5BA1605619E-LeaderElection1] INFO  segmented.SegmentedRaftLogWorker (SegmentedRaftLogWorker.java:startLogSegment(447)) - om1@group-C5BA1605619E-SegmentedRaftLogWorker: Starting segment from index:0
2023-11-17 09:55:30,580 [main] INFO  replication.ReplicationServer (ReplicationServer.java:<init>(85)) - Initializing replication server with thread count = 10 queue length = 4096
2023-11-17 09:55:30,583 [main] INFO  server.XceiverServerGrpc (XceiverServerGrpc.java:<init>(135)) - GrpcServer channel type EpollServerSocketChannel
2023-11-17 09:55:30,590 [main] INFO  replication.ReplicationSupervisor (ReplicationSupervisor.java:build(163)) - Initializing replication supervisor with thread count = 10
2023-11-17 09:55:30,590 [main] INFO  replication.ReplicationSupervisor (ReplicationSupervisor.java:nodeStateUpdated(317)) - Node state updated to IN_SERVICE, scaling executor pool size to 10
2023-11-17 09:55:30,598 [main] INFO  http.BaseHttpServer (BaseHttpServer.java:newHttpServer2BuilderForOzone(223)) - Starting Web-server for hddsDatanode at: http://0.0.0.0:15045
2023-11-17 09:55:30,598 [main] INFO  http.BaseHttpServer (BaseHttpServer.java:<init>(110)) - Hadoop Security Enabled: false Ozone Security Enabled: false Ozone HTTP Security Enabled: false 
2023-11-17 09:55:30,601 [main] WARN  server.AuthenticationFilter (AuthenticationFilter.java:constructSecretProvider(240)) - Unable to initialize FileSignerSecretProvider, falling back to use random secrets. Reason: Could not read signature secret file: /home/runner/hadoop-http-auth-signature-secret
2023-11-17 09:55:30,611 [main] INFO  http.HttpRequestLog (HttpRequestLog.java:getRequestLog(86)) - Http request log for http.requests.hddsDatanode is not defined
2023-11-17 09:55:30,611 [om1@group-C5BA1605619E-LeaderElection1] INFO  server.RaftServer$Division (ServerState.java:setRaftConf(434)) - om1@group-C5BA1605619E: set configuration 0: peers:[om1|rpc:localhost:15007|admin:|client:|dataStream:|priority:0|startupRole:FOLLOWER]|listeners:[], old=null
2023-11-17 09:55:30,614 [main] INFO  http.HttpServer2 (HttpServer2.java:addGlobalFilter(1031)) - Added global filter 'safety' (class=org.apache.hadoop.hdds.server.http.HttpServer2$QuotingInputFilter)
2023-11-17 09:55:30,614 [main] INFO  http.HttpServer2 (HttpServer2.java:addFilter(1007)) - Added filter static_user_filter (class=org.apache.hadoop.http.lib.StaticUserWebFilter$StaticUserFilter) to context hddsDatanode
2023-11-17 09:55:30,615 [main] INFO  http.HttpServer2 (HttpServer2.java:addFilter(1015)) - Added filter static_user_filter (class=org.apache.hadoop.http.lib.StaticUserWebFilter$StaticUserFilter) to context logs
2023-11-17 09:55:30,615 [main] INFO  http.HttpServer2 (HttpServer2.java:addFilter(1015)) - Added filter static_user_filter (class=org.apache.hadoop.http.lib.StaticUserWebFilter$StaticUserFilter) to context static
2023-11-17 09:55:30,616 [main] INFO  http.BaseHttpServer (BaseHttpServer.java:<init>(189)) - HTTP server of hddsDatanode uses base directory /home/runner/work/ozone/ozone/hadoop-ozone/integration-test/target/test-dir/MiniOzoneClusterImpl-b9d514d0-62e9-44b2-85a5-b07480d3784c/datanode-4/meta/webserver
2023-11-17 09:55:30,617 [main] INFO  http.HttpServer2 (HttpServer2.java:bindListener(1231)) - Jetty bound to port 15045
2023-11-17 09:55:30,617 [main] INFO  server.Server (Server.java:doStart(375)) - jetty-9.4.53.v20231009; built: 2023-10-09T12:29:09.265Z; git: 27bde00a0b95a1d5bbee0eae7984f891d2d0f8c9; jvm 1.8.0_382-b05
2023-11-17 09:55:30,619 [main] INFO  server.session (DefaultSessionIdManager.java:doStart(334)) - DefaultSessionIdManager workerName=node0
2023-11-17 09:55:30,619 [main] INFO  server.session (DefaultSessionIdManager.java:doStart(339)) - No SessionScavenger set, using defaults
2023-11-17 09:55:30,619 [main] INFO  server.session (HouseKeeper.java:startScavenging(132)) - node0 Scavenging every 600000ms
2023-11-17 09:55:30,620 [main] INFO  handler.ContextHandler (ContextHandler.java:doStart(921)) - Started o.e.j.s.ServletContextHandler@1cc923e{logs,/logs,file:///home/runner/work/ozone/ozone/hadoop-ozone/integration-test/target/log,AVAILABLE}
2023-11-17 09:55:30,621 [main] INFO  handler.ContextHandler (ContextHandler.java:doStart(921)) - Started o.e.j.s.ServletContextHandler@554023e{static,/static,jar:file:/home/runner/.m2/repository/org/apache/ozone/hdds-container-service/1.4.0-SNAPSHOT/hdds-container-service-1.4.0-SNAPSHOT.jar!/webapps/static,AVAILABLE}
2023-11-17 09:55:30,665 [main] INFO  handler.ContextHandler (ContextHandler.java:doStart(921)) - Started o.e.j.w.WebAppContext@74019fa0{hddsDatanode,/,file:///home/runner/work/ozone/ozone/hadoop-ozone/integration-test/target/tmp/kms/webapp/,AVAILABLE}{jar:file:/home/runner/.m2/repository/org/apache/ozone/hdds-container-service/1.4.0-SNAPSHOT/hdds-container-service-1.4.0-SNAPSHOT.jar!/webapps/hddsDatanode}
2023-11-17 09:55:30,666 [main] INFO  server.AbstractConnector (AbstractConnector.java:doStart(333)) - Started ServerConnector@6799502b{HTTP/1.1, (http/1.1)}{0.0.0.0:15045}
2023-11-17 09:55:30,666 [main] INFO  server.Server (Server.java:doStart(415)) - Started @8919ms
2023-11-17 09:55:30,666 [main] WARN  impl.MetricsSystemImpl (MetricsSystemImpl.java:register(279)) - Sink prometheus already exists!
2023-11-17 09:55:30,667 [main] INFO  http.BaseHttpServer (BaseHttpServer.java:updateConnectorAddress(354)) - HTTP server of hddsDatanode listening at http://0.0.0.0:15045
2023-11-17 09:55:30,667 [om1@group-C5BA1605619E-SegmentedRaftLogWorker] INFO  segmented.SegmentedRaftLogWorker (SegmentedRaftLogWorker.java:execute(651)) - om1@group-C5BA1605619E-SegmentedRaftLogWorker: created new log segment /home/runner/work/ozone/ozone/hadoop-ozone/integration-test/target/test-dir/MiniOzoneClusterImpl-b9d514d0-62e9-44b2-85a5-b07480d3784c/ozone-meta/ratis/bf265839-605b-3f16-9796-c5ba1605619e/current/log_inprogress_0
2023-11-17 09:55:30,667 [main] INFO  ipc.CallQueueManager (CallQueueManager.java:<init>(90)) - Using callQueue: class java.util.concurrent.LinkedBlockingQueue, queueCapacity: 100, scheduler: class org.apache.hadoop.ipc.DefaultRpcScheduler, ipcBackoff: false.
2023-11-17 09:55:30,667 [main] INFO  ipc.Server (Server.java:<init>(1287)) - Listener at 0.0.0.0:15046
2023-11-17 09:55:30,668 [Socket Reader #1 for port 15046] INFO  ipc.Server (Server.java:run(1323)) - Starting Socket Reader #1 for port 15046
2023-11-17 09:55:30,670 [main] INFO  ozone.HddsDatanodeService (HddsDatanodeService.java:start(324)) - Datanode start with admins: [runner]
2023-11-17 09:55:30,670 [main] INFO  ozone.HddsDatanodeClientProtocolServer (HddsDatanodeClientProtocolServer.java:start(72)) - RPC server for Client /0.0.0.0:15046
2023-11-17 09:55:30,670 [IPC Server Responder] INFO  ipc.Server (Server.java:run(1562)) - IPC Server Responder: starting
2023-11-17 09:55:30,671 [IPC Server listener on 15046] INFO  ipc.Server (Server.java:run(1402)) - IPC Server listener on 15046: starting
2023-11-17 09:55:30,671 [main] WARN  impl.MetricRegistriesImpl (MetricRegistriesImpl.java:addReporterRegistration(111)) - New reporters are added after registries were created. Some metrics will be missing from the reporter. Please add reporter before adding any new registry.
2023-11-17 09:55:30,671 [main] WARN  impl.MetricRegistriesImpl (MetricRegistriesImpl.java:addReporterRegistration(111)) - New reporters are added after registries were created. Some metrics will be missing from the reporter. Please add reporter before adding any new registry.
2023-11-17 09:55:30,671 [3172c264-2718-48bc-901b-d06defdb8935-DatanodeStateMachineDaemonThread] INFO  statemachine.DatanodeStateMachine (DatanodeStateMachine.java:lambda$startDaemon$1(555)) - Ozone container server started.
2023-11-17 09:55:30,671 [main] INFO  impl.MetricsSystemImpl (MetricsSystemImpl.java:init(158)) - HddsDatanode metrics system started (again)
2023-11-17 09:55:30,686 [3172c264-2718-48bc-901b-d06defdb8935-DatanodeStateMachineTaskThread-0] INFO  datanode.InitDatanodeState (InitDatanodeState.java:persistContainerDatanodeDetails(139)) - DatanodeDetails is persisted to /home/runner/work/ozone/ozone/hadoop-ozone/integration-test/target/test-dir/MiniOzoneClusterImpl-b9d514d0-62e9-44b2-85a5-b07480d3784c/datanode-4/meta/datanode.id
2023-11-17 09:55:30,688 [main] INFO  ozone.HddsDatanodeService (HddsDatanodeService.java:start(239)) - HddsDatanodeService host:fv-az1021-556 ip:10.1.0.9
2023-11-17 09:55:30,705 [main] INFO  upgrade.AbstractLayoutVersionManager (AbstractLayoutVersionManager.java:init(83)) - Initializing Layout version manager with metadata layout = HADOOP_PRC_PORTS_IN_DATANODEDETAILS (version = 7), software layout = HADOOP_PRC_PORTS_IN_DATANODEDETAILS (version = 7)
2023-11-17 09:55:30,706 [main] INFO  statemachine.DatanodeStateMachine (DatanodeStateMachine.java:getEndPointTaskThreadPoolSize(299)) - Datanode State Machine Task Thread Pool size 2
2023-11-17 09:55:30,709 [main] INFO  volume.HddsVolume (HddsVolume.java:<init>(126)) - Creating HddsVolume: /home/runner/work/ozone/ozone/hadoop-ozone/integration-test/target/test-dir/MiniOzoneClusterImpl-b9d514d0-62e9-44b2-85a5-b07480d3784c/datanode-5/data-0/containers/hdds of storage type : DISK capacity : 9223372036854775807
2023-11-17 09:55:30,709 [main] INFO  volume.MutableVolumeSet (MutableVolumeSet.java:initializeVolumeSet(173)) - Added Volume : /home/runner/work/ozone/ozone/hadoop-ozone/integration-test/target/test-dir/MiniOzoneClusterImpl-b9d514d0-62e9-44b2-85a5-b07480d3784c/datanode-5/data-0/containers/hdds to VolumeSet
2023-11-17 09:55:30,710 [main] INFO  volume.MutableVolumeSet (MutableVolumeSet.java:initializeVolumeSet(173)) - Added Volume : /home/runner/work/ozone/ozone/hadoop-ozone/integration-test/target/test-dir/MiniOzoneClusterImpl-b9d514d0-62e9-44b2-85a5-b07480d3784c/datanode-5/data/ratis to VolumeSet
2023-11-17 09:55:30,710 [main] INFO  ozoneimpl.OzoneContainer (HddsVolumeUtil.java:loadAllHddsVolumeDbStore(103)) - Load 1 volumes DbStore cost: 0ms
2023-11-17 09:55:30,716 [fea717c9-b406-422e-8ccb-799e860d7c03-ContainerReader-0] INFO  ozoneimpl.ContainerReader (ContainerReader.java:readVolume(177)) - Finish verifying containers on volume /home/runner/work/ozone/ozone/hadoop-ozone/integration-test/target/test-dir/MiniOzoneClusterImpl-b9d514d0-62e9-44b2-85a5-b07480d3784c/datanode-5/data-0/containers/hdds
2023-11-17 09:55:30,717 [main] INFO  ozoneimpl.OzoneContainer (OzoneContainer.java:buildContainerSet(326)) - Build ContainerSet costs 0s
2023-11-17 09:55:30,720 [main] INFO  server.RaftServer (ConfUtils.java:logGet(46)) - raft.rpc.type = GRPC (default)
2023-11-17 09:55:30,720 [main] INFO  grpc.GrpcConfigKeys (ConfUtils.java:logFallback(53)) - raft.grpc.admin.host = null (fallback to raft.grpc.server.host)
2023-11-17 09:55:30,721 [main] INFO  grpc.GrpcConfigKeys (ConfUtils.java:logGet(46)) - raft.grpc.admin.port = 15058 (custom)
2023-11-17 09:55:30,721 [main] INFO  grpc.GrpcConfigKeys (ConfUtils.java:logFallback(53)) - raft.grpc.client.host = null (fallback to raft.grpc.server.host)
2023-11-17 09:55:30,721 [main] INFO  grpc.GrpcConfigKeys (ConfUtils.java:logGet(46)) - raft.grpc.client.port = 15057 (custom)
2023-11-17 09:55:30,721 [main] INFO  grpc.GrpcConfigKeys (ConfUtils.java:logGet(46)) - raft.grpc.server.host = null (default)
2023-11-17 09:55:30,722 [main] INFO  grpc.GrpcConfigKeys (ConfUtils.java:logGet(46)) - raft.grpc.server.port = 15059 (custom)
2023-11-17 09:55:30,722 [main] INFO  server.GrpcService (ConfUtils.java:logGet(46)) - raft.grpc.message.size.max = 32MB (=33554432) (custom)
2023-11-17 09:55:30,722 [main] INFO  server.RaftServerConfigKeys (ConfUtils.java:logGet(46)) - raft.server.log.appender.buffer.byte-limit = 33554432 (custom)
2023-11-17 09:55:30,722 [main] INFO  server.GrpcService (ConfUtils.java:logGet(46)) - raft.grpc.flow.control.window = 5MB (=5242880) (custom)
2023-11-17 09:55:30,723 [main] INFO  server.RaftServerConfigKeys (ConfUtils.java:logGet(46)) - raft.server.rpc.request.timeout = 60s (custom)
2023-11-17 09:55:30,723 [main] INFO  grpc.GrpcConfigKeys (ConfUtils.java:logGet(46)) - raft.grpc.server.heartbeat.channel = true (default)
2023-11-17 09:55:30,723 [main] INFO  grpc.GrpcConfigKeys (ConfUtils.java:logGet(46)) - raft.grpc.server.async.request.thread.pool.cached = true (default)
2023-11-17 09:55:30,723 [main] INFO  grpc.GrpcConfigKeys (ConfUtils.java:logGet(46)) - raft.grpc.server.async.request.thread.pool.size = 32 (default)
2023-11-17 09:55:30,726 [main] INFO  impl.DataStreamServerImpl (ConfUtils.java:logGet(46)) - raft.datastream.type = NETTY (custom)
2023-11-17 09:55:30,726 [main] INFO  server.RaftServerConfigKeys (ConfUtils.java:logGet(46)) - raft.server.data-stream.async.request.thread.pool.cached = false (default)
2023-11-17 09:55:30,726 [main] INFO  server.RaftServerConfigKeys (ConfUtils.java:logGet(46)) - raft.server.data-stream.async.request.thread.pool.size = 20 (custom)
2023-11-17 09:55:30,726 [main] INFO  server.RaftServerConfigKeys (ConfUtils.java:logGet(46)) - raft.server.data-stream.async.write.thread.pool.size = 16 (default)
2023-11-17 09:55:30,726 [main] INFO  server.RaftServerConfigKeys (ConfUtils.java:logGet(46)) - raft.server.data-stream.client.pool.size = 10 (default)
2023-11-17 09:55:30,726 [main] INFO  netty.NettyConfigKeys$DataStream (ConfUtils.java:logGet(46)) - raft.netty.dataStream.server.use-epoll = false (default)
2023-11-17 09:55:30,726 [main] INFO  netty.NettyConfigKeys$DataStream (ConfUtils.java:logGet(46)) - raft.netty.dataStream.server.boss-group.size = 0 (default)
2023-11-17 09:55:30,727 [main] INFO  netty.NettyConfigKeys$DataStream (ConfUtils.java:logGet(46)) - raft.netty.dataStream.server.worker-group.size = 0 (default)
2023-11-17 09:55:30,727 [main] INFO  netty.NettyConfigKeys$DataStream (ConfUtils.java:logGet(46)) - raft.netty.dataStream.server.tls.conf = null (default)
2023-11-17 09:55:30,728 [main] INFO  netty.NettyConfigKeys$DataStream (ConfUtils.java:logGet(46)) - raft.netty.dataStream.host = null (default)
2023-11-17 09:55:30,728 [main] INFO  netty.NettyConfigKeys$DataStream (ConfUtils.java:logGet(46)) - raft.netty.dataStream.port = 15060 (custom)
2023-11-17 09:55:30,728 [main] INFO  server.RaftServerConfigKeys (ConfUtils.java:logGet(46)) - raft.server.threadpool.proxy.cached = true (default)
2023-11-17 09:55:30,729 [main] INFO  server.RaftServerConfigKeys (ConfUtils.java:logGet(46)) - raft.server.threadpool.proxy.size = 0 (default)
2023-11-17 09:55:30,729 [main] INFO  server.RaftServerConfigKeys (ConfUtils.java:logGet(46)) - raft.server.rpc.slowness.timeout = 300s (custom)
2023-11-17 09:55:30,729 [main] INFO  server.RaftServerConfigKeys (ConfUtils.java:logGet(46)) - raft.server.leaderelection.leader.step-down.wait-time = 10s (default)
2023-11-17 09:55:30,729 [main] INFO  server.RaftServerConfigKeys (ConfUtils.java:logGet(46)) - raft.server.storage.dir = [/home/runner/work/ozone/ozone/hadoop-ozone/integration-test/target/test-dir/MiniOzoneClusterImpl-b9d514d0-62e9-44b2-85a5-b07480d3784c/datanode-5/data/ratis] (custom)
2023-11-17 09:55:30,730 [fea717c9-b406-422e-8ccb-799e860d7c03-NettyServerStreamRpc-bossGroup--thread1] INFO  logging.LoggingHandler (AbstractInternalLogger.java:log(148)) - [id: 0xcaeebfc8] REGISTERED
2023-11-17 09:55:30,730 [fea717c9-b406-422e-8ccb-799e860d7c03-NettyServerStreamRpc-bossGroup--thread1] INFO  logging.LoggingHandler (AbstractInternalLogger.java:log(148)) - [id: 0xcaeebfc8] BIND: 0.0.0.0/0.0.0.0:15060
2023-11-17 09:55:30,730 [fea717c9-b406-422e-8ccb-799e860d7c03-NettyServerStreamRpc-bossGroup--thread1] INFO  logging.LoggingHandler (AbstractInternalLogger.java:log(148)) - [id: 0xcaeebfc8, L:/0:0:0:0:0:0:0:0:15060] ACTIVE
2023-11-17 09:55:30,732 [fea717c9-b406-422e-8ccb-799e860d7c03-impl-thread1] INFO  server.RaftServer (RaftServerProxy.java:initGroupDir(258)) - fea717c9-b406-422e-8ccb-799e860d7c03: found a subdirectory /home/runner/work/ozone/ozone/hadoop-ozone/integration-test/target/test-dir/MiniOzoneClusterImpl-b9d514d0-62e9-44b2-85a5-b07480d3784c/datanode-5/data/ratis/tmp
2023-11-17 09:55:30,732 [fea717c9-b406-422e-8ccb-799e860d7c03-impl-thread1] INFO  server.RaftServer (RaftServerProxy.java:initGroupDir(263)) - fea717c9-b406-422e-8ccb-799e860d7c03: The directory /home/runner/work/ozone/ozone/hadoop-ozone/integration-test/target/test-dir/MiniOzoneClusterImpl-b9d514d0-62e9-44b2-85a5-b07480d3784c/datanode-5/data/ratis/tmp is not a group directory; ignoring it. 
2023-11-17 09:55:30,733 [main] INFO  replication.ReplicationServer (ReplicationServer.java:<init>(85)) - Initializing replication server with thread count = 10 queue length = 4096
2023-11-17 09:55:30,734 [main] INFO  server.XceiverServerGrpc (XceiverServerGrpc.java:<init>(135)) - GrpcServer channel type EpollServerSocketChannel
2023-11-17 09:55:30,736 [main] INFO  replication.ReplicationSupervisor (ReplicationSupervisor.java:build(163)) - Initializing replication supervisor with thread count = 10
2023-11-17 09:55:30,737 [main] INFO  replication.ReplicationSupervisor (ReplicationSupervisor.java:nodeStateUpdated(317)) - Node state updated to IN_SERVICE, scaling executor pool size to 10
2023-11-17 09:55:30,746 [main] INFO  http.BaseHttpServer (BaseHttpServer.java:newHttpServer2BuilderForOzone(223)) - Starting Web-server for hddsDatanode at: http://0.0.0.0:15054
2023-11-17 09:55:30,746 [main] INFO  http.BaseHttpServer (BaseHttpServer.java:<init>(110)) - Hadoop Security Enabled: false Ozone Security Enabled: false Ozone HTTP Security Enabled: false 
2023-11-17 09:55:30,747 [main] WARN  server.AuthenticationFilter (AuthenticationFilter.java:constructSecretProvider(240)) - Unable to initialize FileSignerSecretProvider, falling back to use random secrets. Reason: Could not read signature secret file: /home/runner/hadoop-http-auth-signature-secret
2023-11-17 09:55:30,748 [main] INFO  http.HttpRequestLog (HttpRequestLog.java:getRequestLog(86)) - Http request log for http.requests.hddsDatanode is not defined
2023-11-17 09:55:30,749 [main] INFO  http.HttpServer2 (HttpServer2.java:addGlobalFilter(1031)) - Added global filter 'safety' (class=org.apache.hadoop.hdds.server.http.HttpServer2$QuotingInputFilter)
2023-11-17 09:55:30,750 [main] INFO  http.HttpServer2 (HttpServer2.java:addFilter(1007)) - Added filter static_user_filter (class=org.apache.hadoop.http.lib.StaticUserWebFilter$StaticUserFilter) to context hddsDatanode
2023-11-17 09:55:30,750 [om1@group-C5BA1605619E-StateMachineUpdater] INFO  ratis.OzoneManagerStateMachine (OzoneManagerStateMachine.java:notifyConfigurationChanged(208)) - Received Configuration change notification from Ratis. New Peer list:
[id: "om1"
address: "localhost:15007"
startupRole: FOLLOWER
]
2023-11-17 09:55:30,751 [main] INFO  http.HttpServer2 (HttpServer2.java:addFilter(1015)) - Added filter static_user_filter (class=org.apache.hadoop.http.lib.StaticUserWebFilter$StaticUserFilter) to context logs
2023-11-17 09:55:30,751 [main] INFO  http.HttpServer2 (HttpServer2.java:addFilter(1015)) - Added filter static_user_filter (class=org.apache.hadoop.http.lib.StaticUserWebFilter$StaticUserFilter) to context static
2023-11-17 09:55:30,751 [main] INFO  http.BaseHttpServer (BaseHttpServer.java:<init>(189)) - HTTP server of hddsDatanode uses base directory /home/runner/work/ozone/ozone/hadoop-ozone/integration-test/target/test-dir/MiniOzoneClusterImpl-b9d514d0-62e9-44b2-85a5-b07480d3784c/datanode-5/meta/webserver
2023-11-17 09:55:30,752 [main] INFO  http.HttpServer2 (HttpServer2.java:bindListener(1231)) - Jetty bound to port 15054
2023-11-17 09:55:30,752 [main] INFO  server.Server (Server.java:doStart(375)) - jetty-9.4.53.v20231009; built: 2023-10-09T12:29:09.265Z; git: 27bde00a0b95a1d5bbee0eae7984f891d2d0f8c9; jvm 1.8.0_382-b05
2023-11-17 09:55:30,757 [main] INFO  server.session (DefaultSessionIdManager.java:doStart(334)) - DefaultSessionIdManager workerName=node0
2023-11-17 09:55:30,757 [main] INFO  server.session (DefaultSessionIdManager.java:doStart(339)) - No SessionScavenger set, using defaults
2023-11-17 09:55:30,757 [main] INFO  server.session (HouseKeeper.java:startScavenging(132)) - node0 Scavenging every 600000ms
2023-11-17 09:55:30,758 [main] INFO  handler.ContextHandler (ContextHandler.java:doStart(921)) - Started o.e.j.s.ServletContextHandler@7a4eb75a{logs,/logs,file:///home/runner/work/ozone/ozone/hadoop-ozone/integration-test/target/log,AVAILABLE}
2023-11-17 09:55:30,758 [main] INFO  handler.ContextHandler (ContextHandler.java:doStart(921)) - Started o.e.j.s.ServletContextHandler@7aec7779{static,/static,jar:file:/home/runner/.m2/repository/org/apache/ozone/hdds-container-service/1.4.0-SNAPSHOT/hdds-container-service-1.4.0-SNAPSHOT.jar!/webapps/static,AVAILABLE}
2023-11-17 09:55:30,801 [main] INFO  handler.ContextHandler (ContextHandler.java:doStart(921)) - Started o.e.j.w.WebAppContext@23e0f531{hddsDatanode,/,file:///home/runner/work/ozone/ozone/hadoop-ozone/integration-test/target/tmp/kms/webapp/,AVAILABLE}{jar:file:/home/runner/.m2/repository/org/apache/ozone/hdds-container-service/1.4.0-SNAPSHOT/hdds-container-service-1.4.0-SNAPSHOT.jar!/webapps/hddsDatanode}
2023-11-17 09:55:30,802 [main] INFO  server.AbstractConnector (AbstractConnector.java:doStart(333)) - Started ServerConnector@43ff70b{HTTP/1.1, (http/1.1)}{0.0.0.0:15054}
2023-11-17 09:55:30,802 [main] INFO  server.Server (Server.java:doStart(415)) - Started @9055ms
2023-11-17 09:55:30,803 [main] WARN  impl.MetricsSystemImpl (MetricsSystemImpl.java:register(279)) - Sink prometheus already exists!
2023-11-17 09:55:30,803 [main] INFO  http.BaseHttpServer (BaseHttpServer.java:updateConnectorAddress(354)) - HTTP server of hddsDatanode listening at http://0.0.0.0:15054
2023-11-17 09:55:30,803 [main] INFO  ipc.CallQueueManager (CallQueueManager.java:<init>(90)) - Using callQueue: class java.util.concurrent.LinkedBlockingQueue, queueCapacity: 100, scheduler: class org.apache.hadoop.ipc.DefaultRpcScheduler, ipcBackoff: false.
2023-11-17 09:55:30,804 [main] INFO  ipc.Server (Server.java:<init>(1287)) - Listener at 0.0.0.0:15055
2023-11-17 09:55:30,804 [Socket Reader #1 for port 15055] INFO  ipc.Server (Server.java:run(1323)) - Starting Socket Reader #1 for port 15055
2023-11-17 09:55:30,810 [main] INFO  ozone.HddsDatanodeService (HddsDatanodeService.java:start(324)) - Datanode start with admins: [runner]
2023-11-17 09:55:30,810 [main] INFO  ozone.HddsDatanodeClientProtocolServer (HddsDatanodeClientProtocolServer.java:start(72)) - RPC server for Client /0.0.0.0:15055
2023-11-17 09:55:30,811 [IPC Server Responder] INFO  ipc.Server (Server.java:run(1562)) - IPC Server Responder: starting
2023-11-17 09:55:30,811 [IPC Server listener on 15055] INFO  ipc.Server (Server.java:run(1402)) - IPC Server listener on 15055: starting
2023-11-17 09:55:30,811 [fea717c9-b406-422e-8ccb-799e860d7c03-DatanodeStateMachineDaemonThread] INFO  statemachine.DatanodeStateMachine (DatanodeStateMachine.java:lambda$startDaemon$1(555)) - Ozone container server started.
2023-11-17 09:55:30,813 [main] WARN  impl.MetricRegistriesImpl (MetricRegistriesImpl.java:addReporterRegistration(111)) - New reporters are added after registries were created. Some metrics will be missing from the reporter. Please add reporter before adding any new registry.
2023-11-17 09:55:30,813 [main] WARN  impl.MetricRegistriesImpl (MetricRegistriesImpl.java:addReporterRegistration(111)) - New reporters are added after registries were created. Some metrics will be missing from the reporter. Please add reporter before adding any new registry.
2023-11-17 09:55:30,813 [main] INFO  impl.MetricsSystemImpl (MetricsSystemImpl.java:init(158)) - HddsDatanode metrics system started (again)
2023-11-17 09:55:30,821 [fea717c9-b406-422e-8ccb-799e860d7c03-DatanodeStateMachineTaskThread-0] INFO  datanode.InitDatanodeState (InitDatanodeState.java:persistContainerDatanodeDetails(139)) - DatanodeDetails is persisted to /home/runner/work/ozone/ozone/hadoop-ozone/integration-test/target/test-dir/MiniOzoneClusterImpl-b9d514d0-62e9-44b2-85a5-b07480d3784c/datanode-5/meta/datanode.id
2023-11-17 09:55:30,825 [main] INFO  ozone.HddsDatanodeService (HddsDatanodeService.java:start(239)) - HddsDatanodeService host:fv-az1021-556 ip:10.1.0.9
2023-11-17 09:55:30,841 [main] INFO  upgrade.AbstractLayoutVersionManager (AbstractLayoutVersionManager.java:init(83)) - Initializing Layout version manager with metadata layout = HADOOP_PRC_PORTS_IN_DATANODEDETAILS (version = 7), software layout = HADOOP_PRC_PORTS_IN_DATANODEDETAILS (version = 7)
2023-11-17 09:55:30,842 [main] INFO  statemachine.DatanodeStateMachine (DatanodeStateMachine.java:getEndPointTaskThreadPoolSize(299)) - Datanode State Machine Task Thread Pool size 2
2023-11-17 09:55:30,843 [main] INFO  volume.HddsVolume (HddsVolume.java:<init>(126)) - Creating HddsVolume: /home/runner/work/ozone/ozone/hadoop-ozone/integration-test/target/test-dir/MiniOzoneClusterImpl-b9d514d0-62e9-44b2-85a5-b07480d3784c/datanode-6/data-0/containers/hdds of storage type : DISK capacity : 9223372036854775807
2023-11-17 09:55:30,843 [main] INFO  volume.MutableVolumeSet (MutableVolumeSet.java:initializeVolumeSet(173)) - Added Volume : /home/runner/work/ozone/ozone/hadoop-ozone/integration-test/target/test-dir/MiniOzoneClusterImpl-b9d514d0-62e9-44b2-85a5-b07480d3784c/datanode-6/data-0/containers/hdds to VolumeSet
2023-11-17 09:55:30,844 [main] INFO  volume.MutableVolumeSet (MutableVolumeSet.java:initializeVolumeSet(173)) - Added Volume : /home/runner/work/ozone/ozone/hadoop-ozone/integration-test/target/test-dir/MiniOzoneClusterImpl-b9d514d0-62e9-44b2-85a5-b07480d3784c/datanode-6/data/ratis to VolumeSet
2023-11-17 09:55:30,845 [main] INFO  ozoneimpl.OzoneContainer (HddsVolumeUtil.java:loadAllHddsVolumeDbStore(103)) - Load 1 volumes DbStore cost: 0ms
2023-11-17 09:55:30,845 [bfb594ff-14fd-40d9-830b-cf7a3dd84176-ContainerReader-0] INFO  ozoneimpl.ContainerReader (ContainerReader.java:readVolume(177)) - Finish verifying containers on volume /home/runner/work/ozone/ozone/hadoop-ozone/integration-test/target/test-dir/MiniOzoneClusterImpl-b9d514d0-62e9-44b2-85a5-b07480d3784c/datanode-6/data-0/containers/hdds
2023-11-17 09:55:30,845 [main] INFO  ozoneimpl.OzoneContainer (OzoneContainer.java:buildContainerSet(326)) - Build ContainerSet costs 0s
2023-11-17 09:55:30,847 [main] INFO  server.RaftServer (ConfUtils.java:logGet(46)) - raft.rpc.type = GRPC (default)
2023-11-17 09:55:30,847 [main] INFO  grpc.GrpcConfigKeys (ConfUtils.java:logFallback(53)) - raft.grpc.admin.host = null (fallback to raft.grpc.server.host)
2023-11-17 09:55:30,848 [main] INFO  grpc.GrpcConfigKeys (ConfUtils.java:logGet(46)) - raft.grpc.admin.port = 15067 (custom)
2023-11-17 09:55:30,848 [main] INFO  grpc.GrpcConfigKeys (ConfUtils.java:logFallback(53)) - raft.grpc.client.host = null (fallback to raft.grpc.server.host)
2023-11-17 09:55:30,848 [main] INFO  grpc.GrpcConfigKeys (ConfUtils.java:logGet(46)) - raft.grpc.client.port = 15066 (custom)
2023-11-17 09:55:30,848 [main] INFO  grpc.GrpcConfigKeys (ConfUtils.java:logGet(46)) - raft.grpc.server.host = null (default)
2023-11-17 09:55:30,848 [main] INFO  grpc.GrpcConfigKeys (ConfUtils.java:logGet(46)) - raft.grpc.server.port = 15068 (custom)
2023-11-17 09:55:30,849 [main] INFO  server.GrpcService (ConfUtils.java:logGet(46)) - raft.grpc.message.size.max = 32MB (=33554432) (custom)
2023-11-17 09:55:30,849 [main] INFO  server.RaftServerConfigKeys (ConfUtils.java:logGet(46)) - raft.server.log.appender.buffer.byte-limit = 33554432 (custom)
2023-11-17 09:55:30,849 [main] INFO  server.GrpcService (ConfUtils.java:logGet(46)) - raft.grpc.flow.control.window = 5MB (=5242880) (custom)
2023-11-17 09:55:30,849 [main] INFO  server.RaftServerConfigKeys (ConfUtils.java:logGet(46)) - raft.server.rpc.request.timeout = 60s (custom)
2023-11-17 09:55:30,849 [main] INFO  grpc.GrpcConfigKeys (ConfUtils.java:logGet(46)) - raft.grpc.server.heartbeat.channel = true (default)
2023-11-17 09:55:30,850 [main] INFO  grpc.GrpcConfigKeys (ConfUtils.java:logGet(46)) - raft.grpc.server.async.request.thread.pool.cached = true (default)
2023-11-17 09:55:30,850 [main] INFO  grpc.GrpcConfigKeys (ConfUtils.java:logGet(46)) - raft.grpc.server.async.request.thread.pool.size = 32 (default)
2023-11-17 09:55:30,852 [main] INFO  impl.DataStreamServerImpl (ConfUtils.java:logGet(46)) - raft.datastream.type = NETTY (custom)
2023-11-17 09:55:30,853 [main] INFO  server.RaftServerConfigKeys (ConfUtils.java:logGet(46)) - raft.server.data-stream.async.request.thread.pool.cached = false (default)
2023-11-17 09:55:30,853 [main] INFO  server.RaftServerConfigKeys (ConfUtils.java:logGet(46)) - raft.server.data-stream.async.request.thread.pool.size = 20 (custom)
2023-11-17 09:55:30,853 [main] INFO  server.RaftServerConfigKeys (ConfUtils.java:logGet(46)) - raft.server.data-stream.async.write.thread.pool.size = 16 (default)
2023-11-17 09:55:30,853 [main] INFO  server.RaftServerConfigKeys (ConfUtils.java:logGet(46)) - raft.server.data-stream.client.pool.size = 10 (default)
2023-11-17 09:55:30,854 [main] INFO  netty.NettyConfigKeys$DataStream (ConfUtils.java:logGet(46)) - raft.netty.dataStream.server.use-epoll = false (default)
2023-11-17 09:55:30,854 [main] INFO  netty.NettyConfigKeys$DataStream (ConfUtils.java:logGet(46)) - raft.netty.dataStream.server.boss-group.size = 0 (default)
2023-11-17 09:55:30,854 [main] INFO  netty.NettyConfigKeys$DataStream (ConfUtils.java:logGet(46)) - raft.netty.dataStream.server.worker-group.size = 0 (default)
2023-11-17 09:55:30,855 [main] INFO  netty.NettyConfigKeys$DataStream (ConfUtils.java:logGet(46)) - raft.netty.dataStream.server.tls.conf = null (default)
2023-11-17 09:55:30,855 [main] INFO  netty.NettyConfigKeys$DataStream (ConfUtils.java:logGet(46)) - raft.netty.dataStream.host = null (default)
2023-11-17 09:55:30,855 [main] INFO  netty.NettyConfigKeys$DataStream (ConfUtils.java:logGet(46)) - raft.netty.dataStream.port = 15069 (custom)
2023-11-17 09:55:30,884 [main] INFO  server.RaftServerConfigKeys (ConfUtils.java:logGet(46)) - raft.server.threadpool.proxy.cached = true (default)
2023-11-17 09:55:30,885 [main] INFO  server.RaftServerConfigKeys (ConfUtils.java:logGet(46)) - raft.server.threadpool.proxy.size = 0 (default)
2023-11-17 09:55:30,885 [bfb594ff-14fd-40d9-830b-cf7a3dd84176-NettyServerStreamRpc-bossGroup--thread1] INFO  logging.LoggingHandler (AbstractInternalLogger.java:log(148)) - [id: 0xad3d63da] REGISTERED
2023-11-17 09:55:30,885 [main] INFO  server.RaftServerConfigKeys (ConfUtils.java:logGet(46)) - raft.server.rpc.slowness.timeout = 300s (custom)
2023-11-17 09:55:30,886 [main] INFO  server.RaftServerConfigKeys (ConfUtils.java:logGet(46)) - raft.server.leaderelection.leader.step-down.wait-time = 10s (default)
2023-11-17 09:55:30,886 [bfb594ff-14fd-40d9-830b-cf7a3dd84176-NettyServerStreamRpc-bossGroup--thread1] INFO  logging.LoggingHandler (AbstractInternalLogger.java:log(148)) - [id: 0xad3d63da] BIND: 0.0.0.0/0.0.0.0:15069
2023-11-17 09:55:30,886 [main] INFO  server.RaftServerConfigKeys (ConfUtils.java:logGet(46)) - raft.server.storage.dir = [/home/runner/work/ozone/ozone/hadoop-ozone/integration-test/target/test-dir/MiniOzoneClusterImpl-b9d514d0-62e9-44b2-85a5-b07480d3784c/datanode-6/data/ratis] (custom)
2023-11-17 09:55:30,886 [bfb594ff-14fd-40d9-830b-cf7a3dd84176-NettyServerStreamRpc-bossGroup--thread1] INFO  logging.LoggingHandler (AbstractInternalLogger.java:log(148)) - [id: 0xad3d63da, L:/0:0:0:0:0:0:0:0:15069] ACTIVE
2023-11-17 09:55:30,887 [bfb594ff-14fd-40d9-830b-cf7a3dd84176-impl-thread1] INFO  server.RaftServer (RaftServerProxy.java:initGroupDir(258)) - bfb594ff-14fd-40d9-830b-cf7a3dd84176: found a subdirectory /home/runner/work/ozone/ozone/hadoop-ozone/integration-test/target/test-dir/MiniOzoneClusterImpl-b9d514d0-62e9-44b2-85a5-b07480d3784c/datanode-6/data/ratis/tmp
2023-11-17 09:55:30,887 [bfb594ff-14fd-40d9-830b-cf7a3dd84176-impl-thread1] INFO  server.RaftServer (RaftServerProxy.java:initGroupDir(263)) - bfb594ff-14fd-40d9-830b-cf7a3dd84176: The directory /home/runner/work/ozone/ozone/hadoop-ozone/integration-test/target/test-dir/MiniOzoneClusterImpl-b9d514d0-62e9-44b2-85a5-b07480d3784c/datanode-6/data/ratis/tmp is not a group directory; ignoring it. 
2023-11-17 09:55:30,887 [main] INFO  replication.ReplicationServer (ReplicationServer.java:<init>(85)) - Initializing replication server with thread count = 10 queue length = 4096
2023-11-17 09:55:30,888 [main] INFO  server.XceiverServerGrpc (XceiverServerGrpc.java:<init>(135)) - GrpcServer channel type EpollServerSocketChannel
2023-11-17 09:55:30,890 [main] INFO  replication.ReplicationSupervisor (ReplicationSupervisor.java:build(163)) - Initializing replication supervisor with thread count = 10
2023-11-17 09:55:30,890 [main] INFO  replication.ReplicationSupervisor (ReplicationSupervisor.java:nodeStateUpdated(317)) - Node state updated to IN_SERVICE, scaling executor pool size to 10
2023-11-17 09:55:30,892 [main] INFO  http.BaseHttpServer (BaseHttpServer.java:newHttpServer2BuilderForOzone(223)) - Starting Web-server for hddsDatanode at: http://0.0.0.0:15063
2023-11-17 09:55:30,892 [main] INFO  http.BaseHttpServer (BaseHttpServer.java:<init>(110)) - Hadoop Security Enabled: false Ozone Security Enabled: false Ozone HTTP Security Enabled: false 
2023-11-17 09:55:30,893 [main] WARN  server.AuthenticationFilter (AuthenticationFilter.java:constructSecretProvider(240)) - Unable to initialize FileSignerSecretProvider, falling back to use random secrets. Reason: Could not read signature secret file: /home/runner/hadoop-http-auth-signature-secret
2023-11-17 09:55:30,894 [main] INFO  http.HttpRequestLog (HttpRequestLog.java:getRequestLog(86)) - Http request log for http.requests.hddsDatanode is not defined
2023-11-17 09:55:30,895 [main] INFO  http.HttpServer2 (HttpServer2.java:addGlobalFilter(1031)) - Added global filter 'safety' (class=org.apache.hadoop.hdds.server.http.HttpServer2$QuotingInputFilter)
2023-11-17 09:55:30,896 [main] INFO  http.HttpServer2 (HttpServer2.java:addFilter(1007)) - Added filter static_user_filter (class=org.apache.hadoop.http.lib.StaticUserWebFilter$StaticUserFilter) to context hddsDatanode
2023-11-17 09:55:30,896 [main] INFO  http.HttpServer2 (HttpServer2.java:addFilter(1015)) - Added filter static_user_filter (class=org.apache.hadoop.http.lib.StaticUserWebFilter$StaticUserFilter) to context logs
2023-11-17 09:55:30,896 [main] INFO  http.HttpServer2 (HttpServer2.java:addFilter(1015)) - Added filter static_user_filter (class=org.apache.hadoop.http.lib.StaticUserWebFilter$StaticUserFilter) to context static
2023-11-17 09:55:30,897 [main] INFO  http.BaseHttpServer (BaseHttpServer.java:<init>(189)) - HTTP server of hddsDatanode uses base directory /home/runner/work/ozone/ozone/hadoop-ozone/integration-test/target/test-dir/MiniOzoneClusterImpl-b9d514d0-62e9-44b2-85a5-b07480d3784c/datanode-6/meta/webserver
2023-11-17 09:55:30,897 [main] INFO  http.HttpServer2 (HttpServer2.java:bindListener(1231)) - Jetty bound to port 15063
2023-11-17 09:55:30,897 [main] INFO  server.Server (Server.java:doStart(375)) - jetty-9.4.53.v20231009; built: 2023-10-09T12:29:09.265Z; git: 27bde00a0b95a1d5bbee0eae7984f891d2d0f8c9; jvm 1.8.0_382-b05
2023-11-17 09:55:30,905 [main] INFO  server.session (DefaultSessionIdManager.java:doStart(334)) - DefaultSessionIdManager workerName=node0
2023-11-17 09:55:30,905 [main] INFO  server.session (DefaultSessionIdManager.java:doStart(339)) - No SessionScavenger set, using defaults
2023-11-17 09:55:30,905 [main] INFO  server.session (HouseKeeper.java:startScavenging(132)) - node0 Scavenging every 600000ms
2023-11-17 09:55:30,906 [main] INFO  handler.ContextHandler (ContextHandler.java:doStart(921)) - Started o.e.j.s.ServletContextHandler@48706fc1{logs,/logs,file:///home/runner/work/ozone/ozone/hadoop-ozone/integration-test/target/log,AVAILABLE}
2023-11-17 09:55:30,907 [main] INFO  handler.ContextHandler (ContextHandler.java:doStart(921)) - Started o.e.j.s.ServletContextHandler@3b358b9f{static,/static,jar:file:/home/runner/.m2/repository/org/apache/ozone/hdds-container-service/1.4.0-SNAPSHOT/hdds-container-service-1.4.0-SNAPSHOT.jar!/webapps/static,AVAILABLE}
2023-11-17 09:55:30,941 [main] INFO  handler.ContextHandler (ContextHandler.java:doStart(921)) - Started o.e.j.w.WebAppContext@6ee24a74{hddsDatanode,/,file:///home/runner/work/ozone/ozone/hadoop-ozone/integration-test/target/tmp/kms/webapp/,AVAILABLE}{jar:file:/home/runner/.m2/repository/org/apache/ozone/hdds-container-service/1.4.0-SNAPSHOT/hdds-container-service-1.4.0-SNAPSHOT.jar!/webapps/hddsDatanode}
2023-11-17 09:55:30,942 [main] INFO  server.AbstractConnector (AbstractConnector.java:doStart(333)) - Started ServerConnector@2f1e623b{HTTP/1.1, (http/1.1)}{0.0.0.0:15063}
2023-11-17 09:55:30,942 [main] INFO  server.Server (Server.java:doStart(415)) - Started @9195ms
2023-11-17 09:55:30,942 [main] WARN  impl.MetricsSystemImpl (MetricsSystemImpl.java:register(279)) - Sink prometheus already exists!
2023-11-17 09:55:30,943 [main] INFO  http.BaseHttpServer (BaseHttpServer.java:updateConnectorAddress(354)) - HTTP server of hddsDatanode listening at http://0.0.0.0:15063
2023-11-17 09:55:30,943 [main] INFO  ipc.CallQueueManager (CallQueueManager.java:<init>(90)) - Using callQueue: class java.util.concurrent.LinkedBlockingQueue, queueCapacity: 100, scheduler: class org.apache.hadoop.ipc.DefaultRpcScheduler, ipcBackoff: false.
2023-11-17 09:55:30,944 [main] INFO  ipc.Server (Server.java:<init>(1287)) - Listener at 0.0.0.0:15064
2023-11-17 09:55:30,944 [Socket Reader #1 for port 15064] INFO  ipc.Server (Server.java:run(1323)) - Starting Socket Reader #1 for port 15064
2023-11-17 09:55:30,946 [main] INFO  ozone.HddsDatanodeService (HddsDatanodeService.java:start(324)) - Datanode start with admins: [runner]
2023-11-17 09:55:30,946 [main] INFO  ozone.HddsDatanodeClientProtocolServer (HddsDatanodeClientProtocolServer.java:start(72)) - RPC server for Client /0.0.0.0:15064
2023-11-17 09:55:30,946 [IPC Server Responder] INFO  ipc.Server (Server.java:run(1562)) - IPC Server Responder: starting
2023-11-17 09:55:30,946 [IPC Server listener on 15064] INFO  ipc.Server (Server.java:run(1402)) - IPC Server listener on 15064: starting
2023-11-17 09:55:30,947 [bfb594ff-14fd-40d9-830b-cf7a3dd84176-DatanodeStateMachineDaemonThread] INFO  statemachine.DatanodeStateMachine (DatanodeStateMachine.java:lambda$startDaemon$1(555)) - Ozone container server started.
2023-11-17 09:55:30,947 [main] WARN  impl.MetricRegistriesImpl (MetricRegistriesImpl.java:addReporterRegistration(111)) - New reporters are added after registries were created. Some metrics will be missing from the reporter. Please add reporter before adding any new registry.
2023-11-17 09:55:30,947 [main] WARN  impl.MetricRegistriesImpl (MetricRegistriesImpl.java:addReporterRegistration(111)) - New reporters are added after registries were created. Some metrics will be missing from the reporter. Please add reporter before adding any new registry.
2023-11-17 09:55:30,947 [main] INFO  impl.MetricsSystemImpl (MetricsSystemImpl.java:init(158)) - HddsDatanode metrics system started (again)
2023-11-17 09:55:30,953 [bfb594ff-14fd-40d9-830b-cf7a3dd84176-DatanodeStateMachineTaskThread-0] INFO  datanode.InitDatanodeState (InitDatanodeState.java:persistContainerDatanodeDetails(139)) - DatanodeDetails is persisted to /home/runner/work/ozone/ozone/hadoop-ozone/integration-test/target/test-dir/MiniOzoneClusterImpl-b9d514d0-62e9-44b2-85a5-b07480d3784c/datanode-6/meta/datanode.id
2023-11-17 09:55:30,958 [main] INFO  ozone.HddsDatanodeService (HddsDatanodeService.java:start(239)) - HddsDatanodeService host:fv-az1021-556 ip:10.1.0.9
2023-11-17 09:55:30,973 [main] INFO  upgrade.AbstractLayoutVersionManager (AbstractLayoutVersionManager.java:init(83)) - Initializing Layout version manager with metadata layout = HADOOP_PRC_PORTS_IN_DATANODEDETAILS (version = 7), software layout = HADOOP_PRC_PORTS_IN_DATANODEDETAILS (version = 7)
2023-11-17 09:55:30,974 [main] INFO  statemachine.DatanodeStateMachine (DatanodeStateMachine.java:getEndPointTaskThreadPoolSize(299)) - Datanode State Machine Task Thread Pool size 2
2023-11-17 09:55:30,976 [main] INFO  volume.HddsVolume (HddsVolume.java:<init>(126)) - Creating HddsVolume: /home/runner/work/ozone/ozone/hadoop-ozone/integration-test/target/test-dir/MiniOzoneClusterImpl-b9d514d0-62e9-44b2-85a5-b07480d3784c/datanode-7/data-0/containers/hdds of storage type : DISK capacity : 9223372036854775807
2023-11-17 09:55:30,976 [main] INFO  volume.MutableVolumeSet (MutableVolumeSet.java:initializeVolumeSet(173)) - Added Volume : /home/runner/work/ozone/ozone/hadoop-ozone/integration-test/target/test-dir/MiniOzoneClusterImpl-b9d514d0-62e9-44b2-85a5-b07480d3784c/datanode-7/data-0/containers/hdds to VolumeSet
2023-11-17 09:55:30,977 [main] INFO  volume.MutableVolumeSet (MutableVolumeSet.java:initializeVolumeSet(173)) - Added Volume : /home/runner/work/ozone/ozone/hadoop-ozone/integration-test/target/test-dir/MiniOzoneClusterImpl-b9d514d0-62e9-44b2-85a5-b07480d3784c/datanode-7/data/ratis to VolumeSet
2023-11-17 09:55:30,977 [main] INFO  ozoneimpl.OzoneContainer (HddsVolumeUtil.java:loadAllHddsVolumeDbStore(103)) - Load 1 volumes DbStore cost: 0ms
2023-11-17 09:55:30,978 [a7578bdd-9139-4946-a78d-cc7981f76fa8-ContainerReader-0] INFO  ozoneimpl.ContainerReader (ContainerReader.java:readVolume(177)) - Finish verifying containers on volume /home/runner/work/ozone/ozone/hadoop-ozone/integration-test/target/test-dir/MiniOzoneClusterImpl-b9d514d0-62e9-44b2-85a5-b07480d3784c/datanode-7/data-0/containers/hdds
2023-11-17 09:55:30,978 [main] INFO  ozoneimpl.OzoneContainer (OzoneContainer.java:buildContainerSet(326)) - Build ContainerSet costs 0s
2023-11-17 09:55:30,980 [main] INFO  server.RaftServer (ConfUtils.java:logGet(46)) - raft.rpc.type = GRPC (default)
2023-11-17 09:55:30,980 [main] INFO  grpc.GrpcConfigKeys (ConfUtils.java:logFallback(53)) - raft.grpc.admin.host = null (fallback to raft.grpc.server.host)
2023-11-17 09:55:30,981 [main] INFO  grpc.GrpcConfigKeys (ConfUtils.java:logGet(46)) - raft.grpc.admin.port = 15076 (custom)
2023-11-17 09:55:30,981 [main] INFO  grpc.GrpcConfigKeys (ConfUtils.java:logFallback(53)) - raft.grpc.client.host = null (fallback to raft.grpc.server.host)
2023-11-17 09:55:30,981 [main] INFO  grpc.GrpcConfigKeys (ConfUtils.java:logGet(46)) - raft.grpc.client.port = 15075 (custom)
2023-11-17 09:55:30,981 [main] INFO  grpc.GrpcConfigKeys (ConfUtils.java:logGet(46)) - raft.grpc.server.host = null (default)
2023-11-17 09:55:30,981 [main] INFO  grpc.GrpcConfigKeys (ConfUtils.java:logGet(46)) - raft.grpc.server.port = 15077 (custom)
2023-11-17 09:55:30,981 [main] INFO  server.GrpcService (ConfUtils.java:logGet(46)) - raft.grpc.message.size.max = 32MB (=33554432) (custom)
2023-11-17 09:55:30,981 [main] INFO  server.RaftServerConfigKeys (ConfUtils.java:logGet(46)) - raft.server.log.appender.buffer.byte-limit = 33554432 (custom)
2023-11-17 09:55:30,981 [main] INFO  server.GrpcService (ConfUtils.java:logGet(46)) - raft.grpc.flow.control.window = 5MB (=5242880) (custom)
2023-11-17 09:55:30,981 [main] INFO  server.RaftServerConfigKeys (ConfUtils.java:logGet(46)) - raft.server.rpc.request.timeout = 60s (custom)
2023-11-17 09:55:30,982 [main] INFO  grpc.GrpcConfigKeys (ConfUtils.java:logGet(46)) - raft.grpc.server.heartbeat.channel = true (default)
2023-11-17 09:55:30,982 [main] INFO  grpc.GrpcConfigKeys (ConfUtils.java:logGet(46)) - raft.grpc.server.async.request.thread.pool.cached = true (default)
2023-11-17 09:55:30,982 [main] INFO  grpc.GrpcConfigKeys (ConfUtils.java:logGet(46)) - raft.grpc.server.async.request.thread.pool.size = 32 (default)
2023-11-17 09:55:30,983 [main] INFO  impl.DataStreamServerImpl (ConfUtils.java:logGet(46)) - raft.datastream.type = NETTY (custom)
2023-11-17 09:55:30,984 [main] INFO  server.RaftServerConfigKeys (ConfUtils.java:logGet(46)) - raft.server.data-stream.async.request.thread.pool.cached = false (default)
2023-11-17 09:55:30,984 [main] INFO  server.RaftServerConfigKeys (ConfUtils.java:logGet(46)) - raft.server.data-stream.async.request.thread.pool.size = 20 (custom)
2023-11-17 09:55:30,984 [main] INFO  server.RaftServerConfigKeys (ConfUtils.java:logGet(46)) - raft.server.data-stream.async.write.thread.pool.size = 16 (default)
2023-11-17 09:55:30,984 [main] INFO  server.RaftServerConfigKeys (ConfUtils.java:logGet(46)) - raft.server.data-stream.client.pool.size = 10 (default)
2023-11-17 09:55:30,984 [main] INFO  netty.NettyConfigKeys$DataStream (ConfUtils.java:logGet(46)) - raft.netty.dataStream.server.use-epoll = false (default)
2023-11-17 09:55:30,985 [main] INFO  netty.NettyConfigKeys$DataStream (ConfUtils.java:logGet(46)) - raft.netty.dataStream.server.boss-group.size = 0 (default)
2023-11-17 09:55:30,985 [main] INFO  netty.NettyConfigKeys$DataStream (ConfUtils.java:logGet(46)) - raft.netty.dataStream.server.worker-group.size = 0 (default)
2023-11-17 09:55:30,985 [main] INFO  netty.NettyConfigKeys$DataStream (ConfUtils.java:logGet(46)) - raft.netty.dataStream.server.tls.conf = null (default)
2023-11-17 09:55:30,986 [main] INFO  netty.NettyConfigKeys$DataStream (ConfUtils.java:logGet(46)) - raft.netty.dataStream.host = null (default)
2023-11-17 09:55:30,986 [main] INFO  netty.NettyConfigKeys$DataStream (ConfUtils.java:logGet(46)) - raft.netty.dataStream.port = 15078 (custom)
2023-11-17 09:55:30,986 [main] INFO  server.RaftServerConfigKeys (ConfUtils.java:logGet(46)) - raft.server.threadpool.proxy.cached = true (default)
2023-11-17 09:55:30,987 [main] INFO  server.RaftServerConfigKeys (ConfUtils.java:logGet(46)) - raft.server.threadpool.proxy.size = 0 (default)
2023-11-17 09:55:30,987 [a7578bdd-9139-4946-a78d-cc7981f76fa8-NettyServerStreamRpc-bossGroup--thread1] INFO  logging.LoggingHandler (AbstractInternalLogger.java:log(148)) - [id: 0xe7c2438d] REGISTERED
2023-11-17 09:55:30,987 [main] INFO  server.RaftServerConfigKeys (ConfUtils.java:logGet(46)) - raft.server.rpc.slowness.timeout = 300s (custom)
2023-11-17 09:55:30,987 [a7578bdd-9139-4946-a78d-cc7981f76fa8-NettyServerStreamRpc-bossGroup--thread1] INFO  logging.LoggingHandler (AbstractInternalLogger.java:log(148)) - [id: 0xe7c2438d] BIND: 0.0.0.0/0.0.0.0:15078
2023-11-17 09:55:30,988 [main] INFO  server.RaftServerConfigKeys (ConfUtils.java:logGet(46)) - raft.server.leaderelection.leader.step-down.wait-time = 10s (default)
2023-11-17 09:55:30,988 [a7578bdd-9139-4946-a78d-cc7981f76fa8-NettyServerStreamRpc-bossGroup--thread1] INFO  logging.LoggingHandler (AbstractInternalLogger.java:log(148)) - [id: 0xe7c2438d, L:/0:0:0:0:0:0:0:0:15078] ACTIVE
2023-11-17 09:55:30,988 [main] INFO  server.RaftServerConfigKeys (ConfUtils.java:logGet(46)) - raft.server.storage.dir = [/home/runner/work/ozone/ozone/hadoop-ozone/integration-test/target/test-dir/MiniOzoneClusterImpl-b9d514d0-62e9-44b2-85a5-b07480d3784c/datanode-7/data/ratis] (custom)
2023-11-17 09:55:30,988 [a7578bdd-9139-4946-a78d-cc7981f76fa8-impl-thread1] INFO  server.RaftServer (RaftServerProxy.java:initGroupDir(258)) - a7578bdd-9139-4946-a78d-cc7981f76fa8: found a subdirectory /home/runner/work/ozone/ozone/hadoop-ozone/integration-test/target/test-dir/MiniOzoneClusterImpl-b9d514d0-62e9-44b2-85a5-b07480d3784c/datanode-7/data/ratis/tmp
2023-11-17 09:55:30,988 [a7578bdd-9139-4946-a78d-cc7981f76fa8-impl-thread1] INFO  server.RaftServer (RaftServerProxy.java:initGroupDir(263)) - a7578bdd-9139-4946-a78d-cc7981f76fa8: The directory /home/runner/work/ozone/ozone/hadoop-ozone/integration-test/target/test-dir/MiniOzoneClusterImpl-b9d514d0-62e9-44b2-85a5-b07480d3784c/datanode-7/data/ratis/tmp is not a group directory; ignoring it. 
2023-11-17 09:55:30,989 [main] INFO  replication.ReplicationServer (ReplicationServer.java:<init>(85)) - Initializing replication server with thread count = 10 queue length = 4096
2023-11-17 09:55:30,990 [main] INFO  server.XceiverServerGrpc (XceiverServerGrpc.java:<init>(135)) - GrpcServer channel type EpollServerSocketChannel
2023-11-17 09:55:30,992 [main] INFO  replication.ReplicationSupervisor (ReplicationSupervisor.java:build(163)) - Initializing replication supervisor with thread count = 10
2023-11-17 09:55:30,992 [main] INFO  replication.ReplicationSupervisor (ReplicationSupervisor.java:nodeStateUpdated(317)) - Node state updated to IN_SERVICE, scaling executor pool size to 10
2023-11-17 09:55:30,995 [main] INFO  http.BaseHttpServer (BaseHttpServer.java:newHttpServer2BuilderForOzone(223)) - Starting Web-server for hddsDatanode at: http://0.0.0.0:15072
2023-11-17 09:55:30,995 [main] INFO  http.BaseHttpServer (BaseHttpServer.java:<init>(110)) - Hadoop Security Enabled: false Ozone Security Enabled: false Ozone HTTP Security Enabled: false 
2023-11-17 09:55:30,996 [main] WARN  server.AuthenticationFilter (AuthenticationFilter.java:constructSecretProvider(240)) - Unable to initialize FileSignerSecretProvider, falling back to use random secrets. Reason: Could not read signature secret file: /home/runner/hadoop-http-auth-signature-secret
2023-11-17 09:55:30,997 [main] INFO  http.HttpRequestLog (HttpRequestLog.java:getRequestLog(86)) - Http request log for http.requests.hddsDatanode is not defined
2023-11-17 09:55:30,998 [main] INFO  http.HttpServer2 (HttpServer2.java:addGlobalFilter(1031)) - Added global filter 'safety' (class=org.apache.hadoop.hdds.server.http.HttpServer2$QuotingInputFilter)
2023-11-17 09:55:31,000 [main] INFO  http.HttpServer2 (HttpServer2.java:addFilter(1007)) - Added filter static_user_filter (class=org.apache.hadoop.http.lib.StaticUserWebFilter$StaticUserFilter) to context hddsDatanode
2023-11-17 09:55:31,000 [main] INFO  http.HttpServer2 (HttpServer2.java:addFilter(1015)) - Added filter static_user_filter (class=org.apache.hadoop.http.lib.StaticUserWebFilter$StaticUserFilter) to context logs
2023-11-17 09:55:31,000 [main] INFO  http.HttpServer2 (HttpServer2.java:addFilter(1015)) - Added filter static_user_filter (class=org.apache.hadoop.http.lib.StaticUserWebFilter$StaticUserFilter) to context static
2023-11-17 09:55:31,001 [main] INFO  http.BaseHttpServer (BaseHttpServer.java:<init>(189)) - HTTP server of hddsDatanode uses base directory /home/runner/work/ozone/ozone/hadoop-ozone/integration-test/target/test-dir/MiniOzoneClusterImpl-b9d514d0-62e9-44b2-85a5-b07480d3784c/datanode-7/meta/webserver
2023-11-17 09:55:31,001 [main] INFO  http.HttpServer2 (HttpServer2.java:bindListener(1231)) - Jetty bound to port 15072
2023-11-17 09:55:31,001 [main] INFO  server.Server (Server.java:doStart(375)) - jetty-9.4.53.v20231009; built: 2023-10-09T12:29:09.265Z; git: 27bde00a0b95a1d5bbee0eae7984f891d2d0f8c9; jvm 1.8.0_382-b05
2023-11-17 09:55:31,004 [main] INFO  server.session (DefaultSessionIdManager.java:doStart(334)) - DefaultSessionIdManager workerName=node0
2023-11-17 09:55:31,005 [main] INFO  server.session (DefaultSessionIdManager.java:doStart(339)) - No SessionScavenger set, using defaults
2023-11-17 09:55:31,005 [main] INFO  server.session (HouseKeeper.java:startScavenging(132)) - node0 Scavenging every 600000ms
2023-11-17 09:55:31,005 [main] INFO  handler.ContextHandler (ContextHandler.java:doStart(921)) - Started o.e.j.s.ServletContextHandler@e348e3{logs,/logs,file:///home/runner/work/ozone/ozone/hadoop-ozone/integration-test/target/log,AVAILABLE}
2023-11-17 09:55:31,006 [main] INFO  handler.ContextHandler (ContextHandler.java:doStart(921)) - Started o.e.j.s.ServletContextHandler@5d9e3d9f{static,/static,jar:file:/home/runner/.m2/repository/org/apache/ozone/hdds-container-service/1.4.0-SNAPSHOT/hdds-container-service-1.4.0-SNAPSHOT.jar!/webapps/static,AVAILABLE}
2023-11-17 09:55:31,038 [main] INFO  handler.ContextHandler (ContextHandler.java:doStart(921)) - Started o.e.j.w.WebAppContext@68602c26{hddsDatanode,/,file:///home/runner/work/ozone/ozone/hadoop-ozone/integration-test/target/tmp/kms/webapp/,AVAILABLE}{jar:file:/home/runner/.m2/repository/org/apache/ozone/hdds-container-service/1.4.0-SNAPSHOT/hdds-container-service-1.4.0-SNAPSHOT.jar!/webapps/hddsDatanode}
2023-11-17 09:55:31,040 [main] INFO  server.AbstractConnector (AbstractConnector.java:doStart(333)) - Started ServerConnector@59d031b3{HTTP/1.1, (http/1.1)}{0.0.0.0:15072}
2023-11-17 09:55:31,040 [main] INFO  server.Server (Server.java:doStart(415)) - Started @9293ms
2023-11-17 09:55:31,041 [main] WARN  impl.MetricsSystemImpl (MetricsSystemImpl.java:register(279)) - Sink prometheus already exists!
2023-11-17 09:55:31,041 [main] INFO  http.BaseHttpServer (BaseHttpServer.java:updateConnectorAddress(354)) - HTTP server of hddsDatanode listening at http://0.0.0.0:15072
2023-11-17 09:55:31,041 [main] INFO  ipc.CallQueueManager (CallQueueManager.java:<init>(90)) - Using callQueue: class java.util.concurrent.LinkedBlockingQueue, queueCapacity: 100, scheduler: class org.apache.hadoop.ipc.DefaultRpcScheduler, ipcBackoff: false.
2023-11-17 09:55:31,042 [main] INFO  ipc.Server (Server.java:<init>(1287)) - Listener at 0.0.0.0:15073
2023-11-17 09:55:31,042 [Socket Reader #1 for port 15073] INFO  ipc.Server (Server.java:run(1323)) - Starting Socket Reader #1 for port 15073
2023-11-17 09:55:31,046 [main] INFO  ozone.HddsDatanodeService (HddsDatanodeService.java:start(324)) - Datanode start with admins: [runner]
2023-11-17 09:55:31,046 [main] INFO  ozone.HddsDatanodeClientProtocolServer (HddsDatanodeClientProtocolServer.java:start(72)) - RPC server for Client /0.0.0.0:15073
2023-11-17 09:55:31,047 [IPC Server Responder] INFO  ipc.Server (Server.java:run(1562)) - IPC Server Responder: starting
2023-11-17 09:55:31,047 [IPC Server listener on 15073] INFO  ipc.Server (Server.java:run(1402)) - IPC Server listener on 15073: starting
2023-11-17 09:55:31,049 [main] WARN  impl.MetricRegistriesImpl (MetricRegistriesImpl.java:addReporterRegistration(111)) - New reporters are added after registries were created. Some metrics will be missing from the reporter. Please add reporter before adding any new registry.
2023-11-17 09:55:31,049 [main] WARN  impl.MetricRegistriesImpl (MetricRegistriesImpl.java:addReporterRegistration(111)) - New reporters are added after registries were created. Some metrics will be missing from the reporter. Please add reporter before adding any new registry.
2023-11-17 09:55:31,050 [main] INFO  impl.MetricsSystemImpl (MetricsSystemImpl.java:init(158)) - HddsDatanode metrics system started (again)
2023-11-17 09:55:31,049 [a7578bdd-9139-4946-a78d-cc7981f76fa8-DatanodeStateMachineDaemonThread] INFO  statemachine.DatanodeStateMachine (DatanodeStateMachine.java:lambda$startDaemon$1(555)) - Ozone container server started.
2023-11-17 09:55:31,054 [a7578bdd-9139-4946-a78d-cc7981f76fa8-DatanodeStateMachineTaskThread-0] INFO  datanode.InitDatanodeState (InitDatanodeState.java:persistContainerDatanodeDetails(139)) - DatanodeDetails is persisted to /home/runner/work/ozone/ozone/hadoop-ozone/integration-test/target/test-dir/MiniOzoneClusterImpl-b9d514d0-62e9-44b2-85a5-b07480d3784c/datanode-7/meta/datanode.id
2023-11-17 09:55:31,061 [main] INFO  ozone.HddsDatanodeService (HddsDatanodeService.java:start(239)) - HddsDatanodeService host:fv-az1021-556 ip:10.1.0.9
2023-11-17 09:55:31,077 [main] INFO  upgrade.AbstractLayoutVersionManager (AbstractLayoutVersionManager.java:init(83)) - Initializing Layout version manager with metadata layout = HADOOP_PRC_PORTS_IN_DATANODEDETAILS (version = 7), software layout = HADOOP_PRC_PORTS_IN_DATANODEDETAILS (version = 7)
2023-11-17 09:55:31,077 [main] INFO  statemachine.DatanodeStateMachine (DatanodeStateMachine.java:getEndPointTaskThreadPoolSize(299)) - Datanode State Machine Task Thread Pool size 2
2023-11-17 09:55:31,079 [main] INFO  volume.HddsVolume (HddsVolume.java:<init>(126)) - Creating HddsVolume: /home/runner/work/ozone/ozone/hadoop-ozone/integration-test/target/test-dir/MiniOzoneClusterImpl-b9d514d0-62e9-44b2-85a5-b07480d3784c/datanode-8/data-0/containers/hdds of storage type : DISK capacity : 9223372036854775807
2023-11-17 09:55:31,079 [main] INFO  volume.MutableVolumeSet (MutableVolumeSet.java:initializeVolumeSet(173)) - Added Volume : /home/runner/work/ozone/ozone/hadoop-ozone/integration-test/target/test-dir/MiniOzoneClusterImpl-b9d514d0-62e9-44b2-85a5-b07480d3784c/datanode-8/data-0/containers/hdds to VolumeSet
2023-11-17 09:55:31,080 [main] INFO  volume.MutableVolumeSet (MutableVolumeSet.java:initializeVolumeSet(173)) - Added Volume : /home/runner/work/ozone/ozone/hadoop-ozone/integration-test/target/test-dir/MiniOzoneClusterImpl-b9d514d0-62e9-44b2-85a5-b07480d3784c/datanode-8/data/ratis to VolumeSet
2023-11-17 09:55:31,080 [main] INFO  ozoneimpl.OzoneContainer (HddsVolumeUtil.java:loadAllHddsVolumeDbStore(103)) - Load 1 volumes DbStore cost: 0ms
2023-11-17 09:55:31,081 [cb74a50f-08de-45ec-b832-8b69b058d768-ContainerReader-0] INFO  ozoneimpl.ContainerReader (ContainerReader.java:readVolume(177)) - Finish verifying containers on volume /home/runner/work/ozone/ozone/hadoop-ozone/integration-test/target/test-dir/MiniOzoneClusterImpl-b9d514d0-62e9-44b2-85a5-b07480d3784c/datanode-8/data-0/containers/hdds
2023-11-17 09:55:31,081 [main] INFO  ozoneimpl.OzoneContainer (OzoneContainer.java:buildContainerSet(326)) - Build ContainerSet costs 0s
2023-11-17 09:55:31,084 [main] INFO  server.RaftServer (ConfUtils.java:logGet(46)) - raft.rpc.type = GRPC (default)
2023-11-17 09:55:31,084 [main] INFO  grpc.GrpcConfigKeys (ConfUtils.java:logFallback(53)) - raft.grpc.admin.host = null (fallback to raft.grpc.server.host)
2023-11-17 09:55:31,084 [main] INFO  grpc.GrpcConfigKeys (ConfUtils.java:logGet(46)) - raft.grpc.admin.port = 15085 (custom)
2023-11-17 09:55:31,085 [main] INFO  grpc.GrpcConfigKeys (ConfUtils.java:logFallback(53)) - raft.grpc.client.host = null (fallback to raft.grpc.server.host)
2023-11-17 09:55:31,085 [main] INFO  grpc.GrpcConfigKeys (ConfUtils.java:logGet(46)) - raft.grpc.client.port = 15084 (custom)
2023-11-17 09:55:31,085 [main] INFO  grpc.GrpcConfigKeys (ConfUtils.java:logGet(46)) - raft.grpc.server.host = null (default)
2023-11-17 09:55:31,085 [main] INFO  grpc.GrpcConfigKeys (ConfUtils.java:logGet(46)) - raft.grpc.server.port = 15086 (custom)
2023-11-17 09:55:31,085 [main] INFO  server.GrpcService (ConfUtils.java:logGet(46)) - raft.grpc.message.size.max = 32MB (=33554432) (custom)
2023-11-17 09:55:31,086 [main] INFO  server.RaftServerConfigKeys (ConfUtils.java:logGet(46)) - raft.server.log.appender.buffer.byte-limit = 33554432 (custom)
2023-11-17 09:55:31,086 [main] INFO  server.GrpcService (ConfUtils.java:logGet(46)) - raft.grpc.flow.control.window = 5MB (=5242880) (custom)
2023-11-17 09:55:31,086 [main] INFO  server.RaftServerConfigKeys (ConfUtils.java:logGet(46)) - raft.server.rpc.request.timeout = 60s (custom)
2023-11-17 09:55:31,086 [main] INFO  grpc.GrpcConfigKeys (ConfUtils.java:logGet(46)) - raft.grpc.server.heartbeat.channel = true (default)
2023-11-17 09:55:31,086 [main] INFO  grpc.GrpcConfigKeys (ConfUtils.java:logGet(46)) - raft.grpc.server.async.request.thread.pool.cached = true (default)
2023-11-17 09:55:31,086 [main] INFO  grpc.GrpcConfigKeys (ConfUtils.java:logGet(46)) - raft.grpc.server.async.request.thread.pool.size = 32 (default)
2023-11-17 09:55:31,089 [main] INFO  impl.DataStreamServerImpl (ConfUtils.java:logGet(46)) - raft.datastream.type = NETTY (custom)
2023-11-17 09:55:31,089 [main] INFO  server.RaftServerConfigKeys (ConfUtils.java:logGet(46)) - raft.server.data-stream.async.request.thread.pool.cached = false (default)
2023-11-17 09:55:31,089 [main] INFO  server.RaftServerConfigKeys (ConfUtils.java:logGet(46)) - raft.server.data-stream.async.request.thread.pool.size = 20 (custom)
2023-11-17 09:55:31,090 [main] INFO  server.RaftServerConfigKeys (ConfUtils.java:logGet(46)) - raft.server.data-stream.async.write.thread.pool.size = 16 (default)
2023-11-17 09:55:31,090 [main] INFO  server.RaftServerConfigKeys (ConfUtils.java:logGet(46)) - raft.server.data-stream.client.pool.size = 10 (default)
2023-11-17 09:55:31,090 [main] INFO  netty.NettyConfigKeys$DataStream (ConfUtils.java:logGet(46)) - raft.netty.dataStream.server.use-epoll = false (default)
2023-11-17 09:55:31,090 [main] INFO  netty.NettyConfigKeys$DataStream (ConfUtils.java:logGet(46)) - raft.netty.dataStream.server.boss-group.size = 0 (default)
2023-11-17 09:55:31,091 [main] INFO  netty.NettyConfigKeys$DataStream (ConfUtils.java:logGet(46)) - raft.netty.dataStream.server.worker-group.size = 0 (default)
2023-11-17 09:55:31,091 [main] INFO  netty.NettyConfigKeys$DataStream (ConfUtils.java:logGet(46)) - raft.netty.dataStream.server.tls.conf = null (default)
2023-11-17 09:55:31,091 [main] INFO  netty.NettyConfigKeys$DataStream (ConfUtils.java:logGet(46)) - raft.netty.dataStream.host = null (default)
2023-11-17 09:55:31,091 [main] INFO  netty.NettyConfigKeys$DataStream (ConfUtils.java:logGet(46)) - raft.netty.dataStream.port = 15087 (custom)
2023-11-17 09:55:31,092 [main] INFO  server.RaftServerConfigKeys (ConfUtils.java:logGet(46)) - raft.server.threadpool.proxy.cached = true (default)
2023-11-17 09:55:31,093 [main] INFO  server.RaftServerConfigKeys (ConfUtils.java:logGet(46)) - raft.server.threadpool.proxy.size = 0 (default)
2023-11-17 09:55:31,093 [main] INFO  server.RaftServerConfigKeys (ConfUtils.java:logGet(46)) - raft.server.rpc.slowness.timeout = 300s (custom)
2023-11-17 09:55:31,093 [main] INFO  server.RaftServerConfigKeys (ConfUtils.java:logGet(46)) - raft.server.leaderelection.leader.step-down.wait-time = 10s (default)
2023-11-17 09:55:31,094 [main] INFO  server.RaftServerConfigKeys (ConfUtils.java:logGet(46)) - raft.server.storage.dir = [/home/runner/work/ozone/ozone/hadoop-ozone/integration-test/target/test-dir/MiniOzoneClusterImpl-b9d514d0-62e9-44b2-85a5-b07480d3784c/datanode-8/data/ratis] (custom)
2023-11-17 09:55:31,094 [cb74a50f-08de-45ec-b832-8b69b058d768-impl-thread1] INFO  server.RaftServer (RaftServerProxy.java:initGroupDir(258)) - cb74a50f-08de-45ec-b832-8b69b058d768: found a subdirectory /home/runner/work/ozone/ozone/hadoop-ozone/integration-test/target/test-dir/MiniOzoneClusterImpl-b9d514d0-62e9-44b2-85a5-b07480d3784c/datanode-8/data/ratis/tmp
2023-11-17 09:55:31,094 [cb74a50f-08de-45ec-b832-8b69b058d768-impl-thread1] INFO  server.RaftServer (RaftServerProxy.java:initGroupDir(263)) - cb74a50f-08de-45ec-b832-8b69b058d768: The directory /home/runner/work/ozone/ozone/hadoop-ozone/integration-test/target/test-dir/MiniOzoneClusterImpl-b9d514d0-62e9-44b2-85a5-b07480d3784c/datanode-8/data/ratis/tmp is not a group directory; ignoring it. 
2023-11-17 09:55:31,094 [cb74a50f-08de-45ec-b832-8b69b058d768-NettyServerStreamRpc-bossGroup--thread1] INFO  logging.LoggingHandler (AbstractInternalLogger.java:log(148)) - [id: 0x5d2308ae] REGISTERED
2023-11-17 09:55:31,094 [main] INFO  replication.ReplicationServer (ReplicationServer.java:<init>(85)) - Initializing replication server with thread count = 10 queue length = 4096
2023-11-17 09:55:31,095 [cb74a50f-08de-45ec-b832-8b69b058d768-NettyServerStreamRpc-bossGroup--thread1] INFO  logging.LoggingHandler (AbstractInternalLogger.java:log(148)) - [id: 0x5d2308ae] BIND: 0.0.0.0/0.0.0.0:15087
2023-11-17 09:55:31,095 [cb74a50f-08de-45ec-b832-8b69b058d768-NettyServerStreamRpc-bossGroup--thread1] INFO  logging.LoggingHandler (AbstractInternalLogger.java:log(148)) - [id: 0x5d2308ae, L:/0:0:0:0:0:0:0:0:15087] ACTIVE
2023-11-17 09:55:31,096 [main] INFO  server.XceiverServerGrpc (XceiverServerGrpc.java:<init>(135)) - GrpcServer channel type EpollServerSocketChannel
2023-11-17 09:55:31,097 [main] INFO  replication.ReplicationSupervisor (ReplicationSupervisor.java:build(163)) - Initializing replication supervisor with thread count = 10
2023-11-17 09:55:31,098 [main] INFO  replication.ReplicationSupervisor (ReplicationSupervisor.java:nodeStateUpdated(317)) - Node state updated to IN_SERVICE, scaling executor pool size to 10
2023-11-17 09:55:31,100 [main] INFO  http.BaseHttpServer (BaseHttpServer.java:newHttpServer2BuilderForOzone(223)) - Starting Web-server for hddsDatanode at: http://0.0.0.0:15081
2023-11-17 09:55:31,100 [main] INFO  http.BaseHttpServer (BaseHttpServer.java:<init>(110)) - Hadoop Security Enabled: false Ozone Security Enabled: false Ozone HTTP Security Enabled: false 
2023-11-17 09:55:31,101 [main] WARN  server.AuthenticationFilter (AuthenticationFilter.java:constructSecretProvider(240)) - Unable to initialize FileSignerSecretProvider, falling back to use random secrets. Reason: Could not read signature secret file: /home/runner/hadoop-http-auth-signature-secret
2023-11-17 09:55:31,102 [main] INFO  http.HttpRequestLog (HttpRequestLog.java:getRequestLog(86)) - Http request log for http.requests.hddsDatanode is not defined
2023-11-17 09:55:31,103 [main] INFO  http.HttpServer2 (HttpServer2.java:addGlobalFilter(1031)) - Added global filter 'safety' (class=org.apache.hadoop.hdds.server.http.HttpServer2$QuotingInputFilter)
2023-11-17 09:55:31,104 [main] INFO  http.HttpServer2 (HttpServer2.java:addFilter(1007)) - Added filter static_user_filter (class=org.apache.hadoop.http.lib.StaticUserWebFilter$StaticUserFilter) to context hddsDatanode
2023-11-17 09:55:31,104 [main] INFO  http.HttpServer2 (HttpServer2.java:addFilter(1015)) - Added filter static_user_filter (class=org.apache.hadoop.http.lib.StaticUserWebFilter$StaticUserFilter) to context logs
2023-11-17 09:55:31,104 [main] INFO  http.HttpServer2 (HttpServer2.java:addFilter(1015)) - Added filter static_user_filter (class=org.apache.hadoop.http.lib.StaticUserWebFilter$StaticUserFilter) to context static
2023-11-17 09:55:31,105 [main] INFO  http.BaseHttpServer (BaseHttpServer.java:<init>(189)) - HTTP server of hddsDatanode uses base directory /home/runner/work/ozone/ozone/hadoop-ozone/integration-test/target/test-dir/MiniOzoneClusterImpl-b9d514d0-62e9-44b2-85a5-b07480d3784c/datanode-8/meta/webserver
2023-11-17 09:55:31,105 [main] INFO  http.HttpServer2 (HttpServer2.java:bindListener(1231)) - Jetty bound to port 15081
2023-11-17 09:55:31,105 [main] INFO  server.Server (Server.java:doStart(375)) - jetty-9.4.53.v20231009; built: 2023-10-09T12:29:09.265Z; git: 27bde00a0b95a1d5bbee0eae7984f891d2d0f8c9; jvm 1.8.0_382-b05
2023-11-17 09:55:31,112 [main] INFO  server.session (DefaultSessionIdManager.java:doStart(334)) - DefaultSessionIdManager workerName=node0
2023-11-17 09:55:31,113 [main] INFO  server.session (DefaultSessionIdManager.java:doStart(339)) - No SessionScavenger set, using defaults
2023-11-17 09:55:31,113 [main] INFO  server.session (HouseKeeper.java:startScavenging(132)) - node0 Scavenging every 600000ms
2023-11-17 09:55:31,113 [main] INFO  handler.ContextHandler (ContextHandler.java:doStart(921)) - Started o.e.j.s.ServletContextHandler@42f74394{logs,/logs,file:///home/runner/work/ozone/ozone/hadoop-ozone/integration-test/target/log,AVAILABLE}
2023-11-17 09:55:31,114 [main] INFO  handler.ContextHandler (ContextHandler.java:doStart(921)) - Started o.e.j.s.ServletContextHandler@486e2733{static,/static,jar:file:/home/runner/.m2/repository/org/apache/ozone/hdds-container-service/1.4.0-SNAPSHOT/hdds-container-service-1.4.0-SNAPSHOT.jar!/webapps/static,AVAILABLE}
2023-11-17 09:55:31,150 [main] INFO  handler.ContextHandler (ContextHandler.java:doStart(921)) - Started o.e.j.w.WebAppContext@356a99a2{hddsDatanode,/,file:///home/runner/work/ozone/ozone/hadoop-ozone/integration-test/target/tmp/kms/webapp/,AVAILABLE}{jar:file:/home/runner/.m2/repository/org/apache/ozone/hdds-container-service/1.4.0-SNAPSHOT/hdds-container-service-1.4.0-SNAPSHOT.jar!/webapps/hddsDatanode}
2023-11-17 09:55:31,151 [main] INFO  server.AbstractConnector (AbstractConnector.java:doStart(333)) - Started ServerConnector@cd0a934{HTTP/1.1, (http/1.1)}{0.0.0.0:15081}
2023-11-17 09:55:31,151 [main] INFO  server.Server (Server.java:doStart(415)) - Started @9404ms
2023-11-17 09:55:31,151 [main] WARN  impl.MetricsSystemImpl (MetricsSystemImpl.java:register(279)) - Sink prometheus already exists!
2023-11-17 09:55:31,152 [main] INFO  http.BaseHttpServer (BaseHttpServer.java:updateConnectorAddress(354)) - HTTP server of hddsDatanode listening at http://0.0.0.0:15081
2023-11-17 09:55:31,152 [main] INFO  ipc.CallQueueManager (CallQueueManager.java:<init>(90)) - Using callQueue: class java.util.concurrent.LinkedBlockingQueue, queueCapacity: 100, scheduler: class org.apache.hadoop.ipc.DefaultRpcScheduler, ipcBackoff: false.
2023-11-17 09:55:31,152 [main] INFO  ipc.Server (Server.java:<init>(1287)) - Listener at 0.0.0.0:15082
2023-11-17 09:55:31,152 [Socket Reader #1 for port 15082] INFO  ipc.Server (Server.java:run(1323)) - Starting Socket Reader #1 for port 15082
2023-11-17 09:55:31,154 [main] INFO  ozone.HddsDatanodeService (HddsDatanodeService.java:start(324)) - Datanode start with admins: [runner]
2023-11-17 09:55:31,154 [main] INFO  ozone.HddsDatanodeClientProtocolServer (HddsDatanodeClientProtocolServer.java:start(72)) - RPC server for Client /0.0.0.0:15082
2023-11-17 09:55:31,159 [IPC Server Responder] INFO  ipc.Server (Server.java:run(1562)) - IPC Server Responder: starting
2023-11-17 09:55:31,160 [IPC Server listener on 15082] INFO  ipc.Server (Server.java:run(1402)) - IPC Server listener on 15082: starting
2023-11-17 09:55:31,160 [cb74a50f-08de-45ec-b832-8b69b058d768-DatanodeStateMachineDaemonThread] INFO  statemachine.DatanodeStateMachine (DatanodeStateMachine.java:lambda$startDaemon$1(555)) - Ozone container server started.
2023-11-17 09:55:31,164 [main] WARN  impl.MetricRegistriesImpl (MetricRegistriesImpl.java:addReporterRegistration(111)) - New reporters are added after registries were created. Some metrics will be missing from the reporter. Please add reporter before adding any new registry.
2023-11-17 09:55:31,164 [main] WARN  impl.MetricRegistriesImpl (MetricRegistriesImpl.java:addReporterRegistration(111)) - New reporters are added after registries were created. Some metrics will be missing from the reporter. Please add reporter before adding any new registry.
2023-11-17 09:55:31,164 [main] INFO  impl.MetricsSystemImpl (MetricsSystemImpl.java:init(158)) - HddsDatanode metrics system started (again)
2023-11-17 09:55:31,166 [cb74a50f-08de-45ec-b832-8b69b058d768-DatanodeStateMachineTaskThread-0] INFO  datanode.InitDatanodeState (InitDatanodeState.java:persistContainerDatanodeDetails(139)) - DatanodeDetails is persisted to /home/runner/work/ozone/ozone/hadoop-ozone/integration-test/target/test-dir/MiniOzoneClusterImpl-b9d514d0-62e9-44b2-85a5-b07480d3784c/datanode-8/meta/datanode.id
2023-11-17 09:55:31,176 [main] INFO  ozone.HddsDatanodeService (HddsDatanodeService.java:start(239)) - HddsDatanodeService host:fv-az1021-556 ip:10.1.0.9
2023-11-17 09:55:31,193 [main] INFO  upgrade.AbstractLayoutVersionManager (AbstractLayoutVersionManager.java:init(83)) - Initializing Layout version manager with metadata layout = HADOOP_PRC_PORTS_IN_DATANODEDETAILS (version = 7), software layout = HADOOP_PRC_PORTS_IN_DATANODEDETAILS (version = 7)
2023-11-17 09:55:31,193 [main] INFO  statemachine.DatanodeStateMachine (DatanodeStateMachine.java:getEndPointTaskThreadPoolSize(299)) - Datanode State Machine Task Thread Pool size 2
2023-11-17 09:55:31,195 [main] INFO  volume.HddsVolume (HddsVolume.java:<init>(126)) - Creating HddsVolume: /home/runner/work/ozone/ozone/hadoop-ozone/integration-test/target/test-dir/MiniOzoneClusterImpl-b9d514d0-62e9-44b2-85a5-b07480d3784c/datanode-9/data-0/containers/hdds of storage type : DISK capacity : 9223372036854775807
2023-11-17 09:55:31,195 [main] INFO  volume.MutableVolumeSet (MutableVolumeSet.java:initializeVolumeSet(173)) - Added Volume : /home/runner/work/ozone/ozone/hadoop-ozone/integration-test/target/test-dir/MiniOzoneClusterImpl-b9d514d0-62e9-44b2-85a5-b07480d3784c/datanode-9/data-0/containers/hdds to VolumeSet
2023-11-17 09:55:31,196 [main] INFO  volume.MutableVolumeSet (MutableVolumeSet.java:initializeVolumeSet(173)) - Added Volume : /home/runner/work/ozone/ozone/hadoop-ozone/integration-test/target/test-dir/MiniOzoneClusterImpl-b9d514d0-62e9-44b2-85a5-b07480d3784c/datanode-9/data/ratis to VolumeSet
2023-11-17 09:55:31,197 [main] INFO  ozoneimpl.OzoneContainer (HddsVolumeUtil.java:loadAllHddsVolumeDbStore(103)) - Load 1 volumes DbStore cost: 1ms
2023-11-17 09:55:31,197 [a7ddde4f-1380-4d54-ae4e-b71d3284ab6f-ContainerReader-0] INFO  ozoneimpl.ContainerReader (ContainerReader.java:readVolume(177)) - Finish verifying containers on volume /home/runner/work/ozone/ozone/hadoop-ozone/integration-test/target/test-dir/MiniOzoneClusterImpl-b9d514d0-62e9-44b2-85a5-b07480d3784c/datanode-9/data-0/containers/hdds
2023-11-17 09:55:31,197 [main] INFO  ozoneimpl.OzoneContainer (OzoneContainer.java:buildContainerSet(326)) - Build ContainerSet costs 0s
2023-11-17 09:55:31,199 [main] INFO  server.RaftServer (ConfUtils.java:logGet(46)) - raft.rpc.type = GRPC (default)
2023-11-17 09:55:31,200 [main] INFO  grpc.GrpcConfigKeys (ConfUtils.java:logFallback(53)) - raft.grpc.admin.host = null (fallback to raft.grpc.server.host)
2023-11-17 09:55:31,200 [main] INFO  grpc.GrpcConfigKeys (ConfUtils.java:logGet(46)) - raft.grpc.admin.port = 15094 (custom)
2023-11-17 09:55:31,200 [main] INFO  grpc.GrpcConfigKeys (ConfUtils.java:logFallback(53)) - raft.grpc.client.host = null (fallback to raft.grpc.server.host)
2023-11-17 09:55:31,200 [main] INFO  grpc.GrpcConfigKeys (ConfUtils.java:logGet(46)) - raft.grpc.client.port = 15093 (custom)
2023-11-17 09:55:31,200 [main] INFO  grpc.GrpcConfigKeys (ConfUtils.java:logGet(46)) - raft.grpc.server.host = null (default)
2023-11-17 09:55:31,200 [main] INFO  grpc.GrpcConfigKeys (ConfUtils.java:logGet(46)) - raft.grpc.server.port = 15095 (custom)
2023-11-17 09:55:31,201 [main] INFO  server.GrpcService (ConfUtils.java:logGet(46)) - raft.grpc.message.size.max = 32MB (=33554432) (custom)
2023-11-17 09:55:31,201 [main] INFO  server.RaftServerConfigKeys (ConfUtils.java:logGet(46)) - raft.server.log.appender.buffer.byte-limit = 33554432 (custom)
2023-11-17 09:55:31,201 [main] INFO  server.GrpcService (ConfUtils.java:logGet(46)) - raft.grpc.flow.control.window = 5MB (=5242880) (custom)
2023-11-17 09:55:31,201 [main] INFO  server.RaftServerConfigKeys (ConfUtils.java:logGet(46)) - raft.server.rpc.request.timeout = 60s (custom)
2023-11-17 09:55:31,201 [main] INFO  grpc.GrpcConfigKeys (ConfUtils.java:logGet(46)) - raft.grpc.server.heartbeat.channel = true (default)
2023-11-17 09:55:31,201 [main] INFO  grpc.GrpcConfigKeys (ConfUtils.java:logGet(46)) - raft.grpc.server.async.request.thread.pool.cached = true (default)
2023-11-17 09:55:31,201 [main] INFO  grpc.GrpcConfigKeys (ConfUtils.java:logGet(46)) - raft.grpc.server.async.request.thread.pool.size = 32 (default)
2023-11-17 09:55:31,204 [main] INFO  impl.DataStreamServerImpl (ConfUtils.java:logGet(46)) - raft.datastream.type = NETTY (custom)
2023-11-17 09:55:31,204 [main] INFO  server.RaftServerConfigKeys (ConfUtils.java:logGet(46)) - raft.server.data-stream.async.request.thread.pool.cached = false (default)
2023-11-17 09:55:31,205 [main] INFO  server.RaftServerConfigKeys (ConfUtils.java:logGet(46)) - raft.server.data-stream.async.request.thread.pool.size = 20 (custom)
2023-11-17 09:55:31,205 [main] INFO  server.RaftServerConfigKeys (ConfUtils.java:logGet(46)) - raft.server.data-stream.async.write.thread.pool.size = 16 (default)
2023-11-17 09:55:31,205 [main] INFO  server.RaftServerConfigKeys (ConfUtils.java:logGet(46)) - raft.server.data-stream.client.pool.size = 10 (default)
2023-11-17 09:55:31,205 [main] INFO  netty.NettyConfigKeys$DataStream (ConfUtils.java:logGet(46)) - raft.netty.dataStream.server.use-epoll = false (default)
2023-11-17 09:55:31,205 [main] INFO  netty.NettyConfigKeys$DataStream (ConfUtils.java:logGet(46)) - raft.netty.dataStream.server.boss-group.size = 0 (default)
2023-11-17 09:55:31,206 [main] INFO  netty.NettyConfigKeys$DataStream (ConfUtils.java:logGet(46)) - raft.netty.dataStream.server.worker-group.size = 0 (default)
2023-11-17 09:55:31,206 [main] INFO  netty.NettyConfigKeys$DataStream (ConfUtils.java:logGet(46)) - raft.netty.dataStream.server.tls.conf = null (default)
2023-11-17 09:55:31,206 [main] INFO  netty.NettyConfigKeys$DataStream (ConfUtils.java:logGet(46)) - raft.netty.dataStream.host = null (default)
2023-11-17 09:55:31,207 [main] INFO  netty.NettyConfigKeys$DataStream (ConfUtils.java:logGet(46)) - raft.netty.dataStream.port = 15096 (custom)
2023-11-17 09:55:31,207 [main] INFO  server.RaftServerConfigKeys (ConfUtils.java:logGet(46)) - raft.server.threadpool.proxy.cached = true (default)
2023-11-17 09:55:31,208 [main] INFO  server.RaftServerConfigKeys (ConfUtils.java:logGet(46)) - raft.server.threadpool.proxy.size = 0 (default)
2023-11-17 09:55:31,208 [a7ddde4f-1380-4d54-ae4e-b71d3284ab6f-NettyServerStreamRpc-bossGroup--thread1] INFO  logging.LoggingHandler (AbstractInternalLogger.java:log(148)) - [id: 0x637522f1] REGISTERED
2023-11-17 09:55:31,208 [main] INFO  server.RaftServerConfigKeys (ConfUtils.java:logGet(46)) - raft.server.rpc.slowness.timeout = 300s (custom)
2023-11-17 09:55:31,208 [a7ddde4f-1380-4d54-ae4e-b71d3284ab6f-NettyServerStreamRpc-bossGroup--thread1] INFO  logging.LoggingHandler (AbstractInternalLogger.java:log(148)) - [id: 0x637522f1] BIND: 0.0.0.0/0.0.0.0:15096
2023-11-17 09:55:31,208 [main] INFO  server.RaftServerConfigKeys (ConfUtils.java:logGet(46)) - raft.server.leaderelection.leader.step-down.wait-time = 10s (default)
2023-11-17 09:55:31,209 [a7ddde4f-1380-4d54-ae4e-b71d3284ab6f-NettyServerStreamRpc-bossGroup--thread1] INFO  logging.LoggingHandler (AbstractInternalLogger.java:log(148)) - [id: 0x637522f1, L:/0:0:0:0:0:0:0:0:15096] ACTIVE
2023-11-17 09:55:31,209 [main] INFO  server.RaftServerConfigKeys (ConfUtils.java:logGet(46)) - raft.server.storage.dir = [/home/runner/work/ozone/ozone/hadoop-ozone/integration-test/target/test-dir/MiniOzoneClusterImpl-b9d514d0-62e9-44b2-85a5-b07480d3784c/datanode-9/data/ratis] (custom)
2023-11-17 09:55:31,209 [a7ddde4f-1380-4d54-ae4e-b71d3284ab6f-impl-thread1] INFO  server.RaftServer (RaftServerProxy.java:initGroupDir(258)) - a7ddde4f-1380-4d54-ae4e-b71d3284ab6f: found a subdirectory /home/runner/work/ozone/ozone/hadoop-ozone/integration-test/target/test-dir/MiniOzoneClusterImpl-b9d514d0-62e9-44b2-85a5-b07480d3784c/datanode-9/data/ratis/tmp
2023-11-17 09:55:31,209 [a7ddde4f-1380-4d54-ae4e-b71d3284ab6f-impl-thread1] INFO  server.RaftServer (RaftServerProxy.java:initGroupDir(263)) - a7ddde4f-1380-4d54-ae4e-b71d3284ab6f: The directory /home/runner/work/ozone/ozone/hadoop-ozone/integration-test/target/test-dir/MiniOzoneClusterImpl-b9d514d0-62e9-44b2-85a5-b07480d3784c/datanode-9/data/ratis/tmp is not a group directory; ignoring it. 
2023-11-17 09:55:31,210 [main] INFO  replication.ReplicationServer (ReplicationServer.java:<init>(85)) - Initializing replication server with thread count = 10 queue length = 4096
2023-11-17 09:55:31,211 [main] INFO  server.XceiverServerGrpc (XceiverServerGrpc.java:<init>(135)) - GrpcServer channel type EpollServerSocketChannel
2023-11-17 09:55:31,213 [main] INFO  replication.ReplicationSupervisor (ReplicationSupervisor.java:build(163)) - Initializing replication supervisor with thread count = 10
2023-11-17 09:55:31,213 [main] INFO  replication.ReplicationSupervisor (ReplicationSupervisor.java:nodeStateUpdated(317)) - Node state updated to IN_SERVICE, scaling executor pool size to 10
2023-11-17 09:55:31,215 [main] INFO  http.BaseHttpServer (BaseHttpServer.java:newHttpServer2BuilderForOzone(223)) - Starting Web-server for hddsDatanode at: http://0.0.0.0:15090
2023-11-17 09:55:31,215 [main] INFO  http.BaseHttpServer (BaseHttpServer.java:<init>(110)) - Hadoop Security Enabled: false Ozone Security Enabled: false Ozone HTTP Security Enabled: false 
2023-11-17 09:55:31,216 [main] WARN  server.AuthenticationFilter (AuthenticationFilter.java:constructSecretProvider(240)) - Unable to initialize FileSignerSecretProvider, falling back to use random secrets. Reason: Could not read signature secret file: /home/runner/hadoop-http-auth-signature-secret
2023-11-17 09:55:31,216 [main] INFO  http.HttpRequestLog (HttpRequestLog.java:getRequestLog(86)) - Http request log for http.requests.hddsDatanode is not defined
2023-11-17 09:55:31,217 [main] INFO  http.HttpServer2 (HttpServer2.java:addGlobalFilter(1031)) - Added global filter 'safety' (class=org.apache.hadoop.hdds.server.http.HttpServer2$QuotingInputFilter)
2023-11-17 09:55:31,218 [main] INFO  http.HttpServer2 (HttpServer2.java:addFilter(1007)) - Added filter static_user_filter (class=org.apache.hadoop.http.lib.StaticUserWebFilter$StaticUserFilter) to context hddsDatanode
2023-11-17 09:55:31,218 [main] INFO  http.HttpServer2 (HttpServer2.java:addFilter(1015)) - Added filter static_user_filter (class=org.apache.hadoop.http.lib.StaticUserWebFilter$StaticUserFilter) to context logs
2023-11-17 09:55:31,218 [main] INFO  http.HttpServer2 (HttpServer2.java:addFilter(1015)) - Added filter static_user_filter (class=org.apache.hadoop.http.lib.StaticUserWebFilter$StaticUserFilter) to context static
2023-11-17 09:55:31,218 [main] INFO  http.BaseHttpServer (BaseHttpServer.java:<init>(189)) - HTTP server of hddsDatanode uses base directory /home/runner/work/ozone/ozone/hadoop-ozone/integration-test/target/test-dir/MiniOzoneClusterImpl-b9d514d0-62e9-44b2-85a5-b07480d3784c/datanode-9/meta/webserver
2023-11-17 09:55:31,219 [main] INFO  http.HttpServer2 (HttpServer2.java:bindListener(1231)) - Jetty bound to port 15090
2023-11-17 09:55:31,219 [main] INFO  server.Server (Server.java:doStart(375)) - jetty-9.4.53.v20231009; built: 2023-10-09T12:29:09.265Z; git: 27bde00a0b95a1d5bbee0eae7984f891d2d0f8c9; jvm 1.8.0_382-b05
2023-11-17 09:55:31,220 [main] INFO  server.session (DefaultSessionIdManager.java:doStart(334)) - DefaultSessionIdManager workerName=node0
2023-11-17 09:55:31,220 [main] INFO  server.session (DefaultSessionIdManager.java:doStart(339)) - No SessionScavenger set, using defaults
2023-11-17 09:55:31,220 [main] INFO  server.session (HouseKeeper.java:startScavenging(132)) - node0 Scavenging every 660000ms
2023-11-17 09:55:31,221 [main] INFO  handler.ContextHandler (ContextHandler.java:doStart(921)) - Started o.e.j.s.ServletContextHandler@472ed65f{logs,/logs,file:///home/runner/work/ozone/ozone/hadoop-ozone/integration-test/target/log,AVAILABLE}
2023-11-17 09:55:31,221 [main] INFO  handler.ContextHandler (ContextHandler.java:doStart(921)) - Started o.e.j.s.ServletContextHandler@77b3d63e{static,/static,jar:file:/home/runner/.m2/repository/org/apache/ozone/hdds-container-service/1.4.0-SNAPSHOT/hdds-container-service-1.4.0-SNAPSHOT.jar!/webapps/static,AVAILABLE}
2023-11-17 09:55:31,252 [main] INFO  handler.ContextHandler (ContextHandler.java:doStart(921)) - Started o.e.j.w.WebAppContext@1f1896fe{hddsDatanode,/,file:///home/runner/work/ozone/ozone/hadoop-ozone/integration-test/target/tmp/kms/webapp/,AVAILABLE}{jar:file:/home/runner/.m2/repository/org/apache/ozone/hdds-container-service/1.4.0-SNAPSHOT/hdds-container-service-1.4.0-SNAPSHOT.jar!/webapps/hddsDatanode}
2023-11-17 09:55:31,253 [main] INFO  server.AbstractConnector (AbstractConnector.java:doStart(333)) - Started ServerConnector@152153aa{HTTP/1.1, (http/1.1)}{0.0.0.0:15090}
2023-11-17 09:55:31,254 [main] INFO  server.Server (Server.java:doStart(415)) - Started @9506ms
2023-11-17 09:55:31,254 [main] WARN  impl.MetricsSystemImpl (MetricsSystemImpl.java:register(279)) - Sink prometheus already exists!
2023-11-17 09:55:31,254 [main] INFO  http.BaseHttpServer (BaseHttpServer.java:updateConnectorAddress(354)) - HTTP server of hddsDatanode listening at http://0.0.0.0:15090
2023-11-17 09:55:31,254 [main] INFO  ipc.CallQueueManager (CallQueueManager.java:<init>(90)) - Using callQueue: class java.util.concurrent.LinkedBlockingQueue, queueCapacity: 100, scheduler: class org.apache.hadoop.ipc.DefaultRpcScheduler, ipcBackoff: false.
2023-11-17 09:55:31,255 [main] INFO  ipc.Server (Server.java:<init>(1287)) - Listener at 0.0.0.0:15091
2023-11-17 09:55:31,255 [Socket Reader #1 for port 15091] INFO  ipc.Server (Server.java:run(1323)) - Starting Socket Reader #1 for port 15091
2023-11-17 09:55:31,258 [main] INFO  ozone.HddsDatanodeService (HddsDatanodeService.java:start(324)) - Datanode start with admins: [runner]
2023-11-17 09:55:31,258 [main] INFO  ozone.HddsDatanodeClientProtocolServer (HddsDatanodeClientProtocolServer.java:start(72)) - RPC server for Client /0.0.0.0:15091
2023-11-17 09:55:31,258 [IPC Server Responder] INFO  ipc.Server (Server.java:run(1562)) - IPC Server Responder: starting
2023-11-17 09:55:31,258 [IPC Server listener on 15091] INFO  ipc.Server (Server.java:run(1402)) - IPC Server listener on 15091: starting
2023-11-17 09:55:31,258 [a7ddde4f-1380-4d54-ae4e-b71d3284ab6f-DatanodeStateMachineDaemonThread] INFO  statemachine.DatanodeStateMachine (DatanodeStateMachine.java:lambda$startDaemon$1(555)) - Ozone container server started.
2023-11-17 09:55:31,258 [main] INFO  om.OzoneManager (OzoneManager.java:startSecretManager(1108)) - Starting secret key client.
2023-11-17 09:55:31,260 [main] INFO  om.OzoneManager (OzoneManager.java:startSecretManager(1119)) - Starting OM delegation token secret manager
2023-11-17 09:55:31,260 [main] INFO  security.OzoneDelegationTokenSecretManager (OzoneSecretManager.java:updateCurrentKey(175)) - Updating current master key for generating tokens. Cert id 1023760557829
2023-11-17 09:55:31,263 [om1-ExpiredTokenRemover] INFO  security.OzoneDelegationTokenSecretManager (OzoneDelegationTokenSecretManager.java:run(621)) - Starting expired delegation token remover thread, tokenRemoverScanInterval=60 min(s)
2023-11-17 09:55:31,264 [main] INFO  ozone.MiniOzoneClusterImpl (MiniOzoneClusterImpl.java:lambda$waitForClusterToBeReady$0(229)) - Waiting for nodes to be ready. Got 0 of 10 DN Heartbeats.
2023-11-17 09:55:31,264 [main] INFO  ozone.MiniOzoneClusterImpl (MiniOzoneClusterImpl.java:lambda$waitForClusterToBeReady$0(232)) - Waiting for cluster to exit safe mode
2023-11-17 09:55:31,264 [main] INFO  ozone.MiniOzoneClusterImpl (MiniOzoneClusterImpl.java:lambda$waitForClusterToBeReady$0(234)) - SCM became leader
2023-11-17 09:55:31,267 [a7ddde4f-1380-4d54-ae4e-b71d3284ab6f-DatanodeStateMachineTaskThread-0] INFO  datanode.InitDatanodeState (InitDatanodeState.java:persistContainerDatanodeDetails(139)) - DatanodeDetails is persisted to /home/runner/work/ozone/ozone/hadoop-ozone/integration-test/target/test-dir/MiniOzoneClusterImpl-b9d514d0-62e9-44b2-85a5-b07480d3784c/datanode-9/meta/datanode.id
2023-11-17 09:55:32,233 [3f7ce36a-008a-4440-b2ee-16e9e4e5a9e8-EndpointStateMachineTaskThread-/0.0.0.0:15002-0 ] INFO  utils.DatanodeStoreCache (DatanodeStoreCache.java:addDB(66)) - Added db /home/runner/work/ozone/ozone/hadoop-ozone/integration-test/target/test-dir/MiniOzoneClusterImpl-b9d514d0-62e9-44b2-85a5-b07480d3784c/datanode-0/data-0/containers/hdds/b9d514d0-62e9-44b2-85a5-b07480d3784c/DS-1fad105f-12b2-4b73-8518-f66d93b419d8/container.db to cache
2023-11-17 09:55:32,233 [3f7ce36a-008a-4440-b2ee-16e9e4e5a9e8-EndpointStateMachineTaskThread-/0.0.0.0:15002-0 ] INFO  volume.HddsVolume (HddsVolume.java:createDbStore(422)) - SchemaV3 db is created and loaded at /home/runner/work/ozone/ozone/hadoop-ozone/integration-test/target/test-dir/MiniOzoneClusterImpl-b9d514d0-62e9-44b2-85a5-b07480d3784c/datanode-0/data-0/containers/hdds/b9d514d0-62e9-44b2-85a5-b07480d3784c/DS-1fad105f-12b2-4b73-8518-f66d93b419d8/container.db for volume DS-1fad105f-12b2-4b73-8518-f66d93b419d8
2023-11-17 09:55:32,235 [3f7ce36a-008a-4440-b2ee-16e9e4e5a9e8-EndpointStateMachineTaskThread-/0.0.0.0:15002-0 ] INFO  volume.ThrottledAsyncChecker (ThrottledAsyncChecker.java:schedule(141)) - Scheduling a check for /home/runner/work/ozone/ozone/hadoop-ozone/integration-test/target/test-dir/MiniOzoneClusterImpl-b9d514d0-62e9-44b2-85a5-b07480d3784c/datanode-0/data-0/containers/hdds
2023-11-17 09:55:32,247 [3f7ce36a-008a-4440-b2ee-16e9e4e5a9e8-EndpointStateMachineTaskThread-/0.0.0.0:15002-0 ] INFO  volume.StorageVolumeChecker (StorageVolumeChecker.java:checkAllVolumes(218)) - Scheduled health check for volume /home/runner/work/ozone/ozone/hadoop-ozone/integration-test/target/test-dir/MiniOzoneClusterImpl-b9d514d0-62e9-44b2-85a5-b07480d3784c/datanode-0/data-0/containers/hdds
2023-11-17 09:55:32,250 [3f7ce36a-008a-4440-b2ee-16e9e4e5a9e8-EndpointStateMachineTaskThread-/0.0.0.0:15002-0 ] INFO  volume.ThrottledAsyncChecker (ThrottledAsyncChecker.java:schedule(141)) - Scheduling a check for /home/runner/work/ozone/ozone/hadoop-ozone/integration-test/target/test-dir/MiniOzoneClusterImpl-b9d514d0-62e9-44b2-85a5-b07480d3784c/datanode-0/data/ratis
2023-11-17 09:55:32,251 [3f7ce36a-008a-4440-b2ee-16e9e4e5a9e8-EndpointStateMachineTaskThread-/0.0.0.0:15002-0 ] INFO  volume.StorageVolumeChecker (StorageVolumeChecker.java:checkAllVolumes(218)) - Scheduled health check for volume /home/runner/work/ozone/ozone/hadoop-ozone/integration-test/target/test-dir/MiniOzoneClusterImpl-b9d514d0-62e9-44b2-85a5-b07480d3784c/datanode-0/data/ratis
2023-11-17 09:55:32,253 [54bd6e84-2e53-4956-b446-cc6ac26bbc90-EndpointStateMachineTaskThread-/0.0.0.0:15002-0 ] INFO  utils.DatanodeStoreCache (DatanodeStoreCache.java:addDB(66)) - Added db /home/runner/work/ozone/ozone/hadoop-ozone/integration-test/target/test-dir/MiniOzoneClusterImpl-b9d514d0-62e9-44b2-85a5-b07480d3784c/datanode-1/data-0/containers/hdds/b9d514d0-62e9-44b2-85a5-b07480d3784c/DS-e48e33d2-e19b-4bcb-8f06-c4ac3f7fccc6/container.db to cache
2023-11-17 09:55:32,255 [54bd6e84-2e53-4956-b446-cc6ac26bbc90-EndpointStateMachineTaskThread-/0.0.0.0:15002-0 ] INFO  volume.HddsVolume (HddsVolume.java:createDbStore(422)) - SchemaV3 db is created and loaded at /home/runner/work/ozone/ozone/hadoop-ozone/integration-test/target/test-dir/MiniOzoneClusterImpl-b9d514d0-62e9-44b2-85a5-b07480d3784c/datanode-1/data-0/containers/hdds/b9d514d0-62e9-44b2-85a5-b07480d3784c/DS-e48e33d2-e19b-4bcb-8f06-c4ac3f7fccc6/container.db for volume DS-e48e33d2-e19b-4bcb-8f06-c4ac3f7fccc6
2023-11-17 09:55:32,256 [54bd6e84-2e53-4956-b446-cc6ac26bbc90-EndpointStateMachineTaskThread-/0.0.0.0:15002-0 ] INFO  volume.ThrottledAsyncChecker (ThrottledAsyncChecker.java:schedule(141)) - Scheduling a check for /home/runner/work/ozone/ozone/hadoop-ozone/integration-test/target/test-dir/MiniOzoneClusterImpl-b9d514d0-62e9-44b2-85a5-b07480d3784c/datanode-1/data-0/containers/hdds
2023-11-17 09:55:32,261 [54bd6e84-2e53-4956-b446-cc6ac26bbc90-EndpointStateMachineTaskThread-/0.0.0.0:15002-0 ] INFO  volume.StorageVolumeChecker (StorageVolumeChecker.java:checkAllVolumes(218)) - Scheduled health check for volume /home/runner/work/ozone/ozone/hadoop-ozone/integration-test/target/test-dir/MiniOzoneClusterImpl-b9d514d0-62e9-44b2-85a5-b07480d3784c/datanode-1/data-0/containers/hdds
2023-11-17 09:55:32,262 [3f7ce36a-008a-4440-b2ee-16e9e4e5a9e8-EndpointStateMachineTaskThread-/0.0.0.0:15002-0 ] INFO  ozoneimpl.OzoneContainer (OzoneContainer.java:start(441)) - Attempting to start container services.
2023-11-17 09:55:32,264 [main] INFO  ozone.MiniOzoneClusterImpl (MiniOzoneClusterImpl.java:lambda$waitForClusterToBeReady$0(229)) - Waiting for nodes to be ready. Got 0 of 10 DN Heartbeats.
2023-11-17 09:55:32,265 [main] INFO  ozone.MiniOzoneClusterImpl (MiniOzoneClusterImpl.java:lambda$waitForClusterToBeReady$0(232)) - Waiting for cluster to exit safe mode
2023-11-17 09:55:32,265 [main] INFO  ozone.MiniOzoneClusterImpl (MiniOzoneClusterImpl.java:lambda$waitForClusterToBeReady$0(234)) - SCM became leader
2023-11-17 09:55:32,266 [54bd6e84-2e53-4956-b446-cc6ac26bbc90-EndpointStateMachineTaskThread-/0.0.0.0:15002-0 ] INFO  volume.ThrottledAsyncChecker (ThrottledAsyncChecker.java:schedule(141)) - Scheduling a check for /home/runner/work/ozone/ozone/hadoop-ozone/integration-test/target/test-dir/MiniOzoneClusterImpl-b9d514d0-62e9-44b2-85a5-b07480d3784c/datanode-1/data/ratis
2023-11-17 09:55:32,266 [3f7ce36a-008a-4440-b2ee-16e9e4e5a9e8-EndpointStateMachineTaskThread-/0.0.0.0:15002-0 ] INFO  ozoneimpl.OzoneContainer (OzoneContainer.java:startContainerScrub(337)) - Scheduled background container scanners and the on-demand container scanner have been disabled.
2023-11-17 09:55:32,269 [54bd6e84-2e53-4956-b446-cc6ac26bbc90-EndpointStateMachineTaskThread-/0.0.0.0:15002-0 ] INFO  volume.StorageVolumeChecker (StorageVolumeChecker.java:checkAllVolumes(218)) - Scheduled health check for volume /home/runner/work/ozone/ozone/hadoop-ozone/integration-test/target/test-dir/MiniOzoneClusterImpl-b9d514d0-62e9-44b2-85a5-b07480d3784c/datanode-1/data/ratis
2023-11-17 09:55:32,269 [54bd6e84-2e53-4956-b446-cc6ac26bbc90-EndpointStateMachineTaskThread-/0.0.0.0:15002-0 ] INFO  ozoneimpl.OzoneContainer (OzoneContainer.java:start(441)) - Attempting to start container services.
2023-11-17 09:55:32,269 [54bd6e84-2e53-4956-b446-cc6ac26bbc90-EndpointStateMachineTaskThread-/0.0.0.0:15002-0 ] INFO  ozoneimpl.OzoneContainer (OzoneContainer.java:startContainerScrub(337)) - Scheduled background container scanners and the on-demand container scanner have been disabled.
2023-11-17 09:55:32,271 [3f7ce36a-008a-4440-b2ee-16e9e4e5a9e8-EndpointStateMachineTaskThread-/0.0.0.0:15002-0 ] INFO  replication.ReplicationServer (ReplicationServer.java:start(139)) - ReplicationServer is started using port 15016
2023-11-17 09:55:32,273 [3f7ce36a-008a-4440-b2ee-16e9e4e5a9e8-EndpointStateMachineTaskThread-/0.0.0.0:15002-0 ] INFO  ratis.XceiverServerRatis (XceiverServerRatis.java:start(518)) - Starting XceiverServerRatis 3f7ce36a-008a-4440-b2ee-16e9e4e5a9e8
2023-11-17 09:55:32,274 [54bd6e84-2e53-4956-b446-cc6ac26bbc90-EndpointStateMachineTaskThread-/0.0.0.0:15002-0 ] INFO  replication.ReplicationServer (ReplicationServer.java:start(139)) - ReplicationServer is started using port 15025
2023-11-17 09:55:32,274 [54bd6e84-2e53-4956-b446-cc6ac26bbc90-EndpointStateMachineTaskThread-/0.0.0.0:15002-0 ] INFO  ratis.XceiverServerRatis (XceiverServerRatis.java:start(518)) - Starting XceiverServerRatis 54bd6e84-2e53-4956-b446-cc6ac26bbc90
2023-11-17 09:55:32,275 [3f7ce36a-008a-4440-b2ee-16e9e4e5a9e8-EndpointStateMachineTaskThread-/0.0.0.0:15002-0 ] INFO  server.RaftServer (RaftServerProxy.java:startImpl(400)) - 3f7ce36a-008a-4440-b2ee-16e9e4e5a9e8: start RPC server
2023-11-17 09:55:32,279 [54bd6e84-2e53-4956-b446-cc6ac26bbc90-EndpointStateMachineTaskThread-/0.0.0.0:15002-0 ] INFO  server.RaftServer (RaftServerProxy.java:startImpl(400)) - 54bd6e84-2e53-4956-b446-cc6ac26bbc90: start RPC server
2023-11-17 09:55:32,281 [54bd6e84-2e53-4956-b446-cc6ac26bbc90-EndpointStateMachineTaskThread-/0.0.0.0:15002-0 ] INFO  server.GrpcService (GrpcService.java:startImpl(302)) - 54bd6e84-2e53-4956-b446-cc6ac26bbc90: GrpcService started, listening on 15021
2023-11-17 09:55:32,281 [3f7ce36a-008a-4440-b2ee-16e9e4e5a9e8-EndpointStateMachineTaskThread-/0.0.0.0:15002-0 ] INFO  server.GrpcService (GrpcService.java:startImpl(302)) - 3f7ce36a-008a-4440-b2ee-16e9e4e5a9e8: GrpcService started, listening on 15012
2023-11-17 09:55:32,283 [54bd6e84-2e53-4956-b446-cc6ac26bbc90-EndpointStateMachineTaskThread-/0.0.0.0:15002-0 ] INFO  server.GrpcService (GrpcService.java:startImpl(302)) - 54bd6e84-2e53-4956-b446-cc6ac26bbc90: GrpcService started, listening on 15023
2023-11-17 09:55:32,284 [3f7ce36a-008a-4440-b2ee-16e9e4e5a9e8-EndpointStateMachineTaskThread-/0.0.0.0:15002-0 ] INFO  server.GrpcService (GrpcService.java:startImpl(302)) - 3f7ce36a-008a-4440-b2ee-16e9e4e5a9e8: GrpcService started, listening on 15014
2023-11-17 09:55:32,284 [54bd6e84-2e53-4956-b446-cc6ac26bbc90-EndpointStateMachineTaskThread-/0.0.0.0:15002-0 ] INFO  server.GrpcService (GrpcService.java:startImpl(302)) - 54bd6e84-2e53-4956-b446-cc6ac26bbc90: GrpcService started, listening on 15022
2023-11-17 09:55:32,285 [3f7ce36a-008a-4440-b2ee-16e9e4e5a9e8-EndpointStateMachineTaskThread-/0.0.0.0:15002-0 ] INFO  server.GrpcService (GrpcService.java:startImpl(302)) - 3f7ce36a-008a-4440-b2ee-16e9e4e5a9e8: GrpcService started, listening on 15013
2023-11-17 09:55:32,287 [54bd6e84-2e53-4956-b446-cc6ac26bbc90-EndpointStateMachineTaskThread-/0.0.0.0:15002-0 ] INFO  ratis.XceiverServerRatis (XceiverServerRatis.java:getRealPort(544)) - XceiverServerRatis 54bd6e84-2e53-4956-b446-cc6ac26bbc90 is started using port 15021 for RATIS
2023-11-17 09:55:32,287 [3f7ce36a-008a-4440-b2ee-16e9e4e5a9e8-EndpointStateMachineTaskThread-/0.0.0.0:15002-0 ] INFO  ratis.XceiverServerRatis (XceiverServerRatis.java:getRealPort(544)) - XceiverServerRatis 3f7ce36a-008a-4440-b2ee-16e9e4e5a9e8 is started using port 15012 for RATIS
2023-11-17 09:55:32,287 [54bd6e84-2e53-4956-b446-cc6ac26bbc90-EndpointStateMachineTaskThread-/0.0.0.0:15002-0 ] INFO  ratis.XceiverServerRatis (XceiverServerRatis.java:getRealPort(544)) - XceiverServerRatis 54bd6e84-2e53-4956-b446-cc6ac26bbc90 is started using port 15022 for RATIS_ADMIN
2023-11-17 09:55:32,287 [JvmPauseMonitor3] INFO  util.JvmPauseMonitor (JvmPauseMonitor.java:run(103)) - JvmPauseMonitor-3f7ce36a-008a-4440-b2ee-16e9e4e5a9e8: Started
2023-11-17 09:55:32,287 [JvmPauseMonitor2] INFO  util.JvmPauseMonitor (JvmPauseMonitor.java:run(103)) - JvmPauseMonitor-54bd6e84-2e53-4956-b446-cc6ac26bbc90: Started
2023-11-17 09:55:32,287 [54bd6e84-2e53-4956-b446-cc6ac26bbc90-EndpointStateMachineTaskThread-/0.0.0.0:15002-0 ] INFO  ratis.XceiverServerRatis (XceiverServerRatis.java:getRealPort(544)) - XceiverServerRatis 54bd6e84-2e53-4956-b446-cc6ac26bbc90 is started using port 15023 for RATIS_SERVER
2023-11-17 09:55:32,287 [3f7ce36a-008a-4440-b2ee-16e9e4e5a9e8-EndpointStateMachineTaskThread-/0.0.0.0:15002-0 ] INFO  ratis.XceiverServerRatis (XceiverServerRatis.java:getRealPort(544)) - XceiverServerRatis 3f7ce36a-008a-4440-b2ee-16e9e4e5a9e8 is started using port 15013 for RATIS_ADMIN
2023-11-17 09:55:32,288 [54bd6e84-2e53-4956-b446-cc6ac26bbc90-EndpointStateMachineTaskThread-/0.0.0.0:15002-0 ] INFO  ratis.XceiverServerRatis (XceiverServerRatis.java:getRealPort(544)) - XceiverServerRatis 54bd6e84-2e53-4956-b446-cc6ac26bbc90 is started using port 15024 for RATIS_DATASTREAM
2023-11-17 09:55:32,288 [3f7ce36a-008a-4440-b2ee-16e9e4e5a9e8-EndpointStateMachineTaskThread-/0.0.0.0:15002-0 ] INFO  ratis.XceiverServerRatis (XceiverServerRatis.java:getRealPort(544)) - XceiverServerRatis 3f7ce36a-008a-4440-b2ee-16e9e4e5a9e8 is started using port 15014 for RATIS_SERVER
2023-11-17 09:55:32,288 [3f7ce36a-008a-4440-b2ee-16e9e4e5a9e8-EndpointStateMachineTaskThread-/0.0.0.0:15002-0 ] INFO  ratis.XceiverServerRatis (XceiverServerRatis.java:getRealPort(544)) - XceiverServerRatis 3f7ce36a-008a-4440-b2ee-16e9e4e5a9e8 is started using port 15015 for RATIS_DATASTREAM
2023-11-17 09:55:32,302 [54bd6e84-2e53-4956-b446-cc6ac26bbc90-BlockDeletingService#0] INFO  interfaces.ContainerDeletionChoosingPolicyTemplate (ContainerDeletionChoosingPolicyTemplate.java:chooseContainerForBlockDeletion(85)) - Chosen 0/5000 blocks from 0 candidate containers.
2023-11-17 09:55:32,302 [3f7ce36a-008a-4440-b2ee-16e9e4e5a9e8-BlockDeletingService#0] INFO  interfaces.ContainerDeletionChoosingPolicyTemplate (ContainerDeletionChoosingPolicyTemplate.java:chooseContainerForBlockDeletion(85)) - Chosen 0/5000 blocks from 0 candidate containers.
2023-11-17 09:55:32,412 [652b82d9-1846-44d1-8352-7bf3439ad078-EndpointStateMachineTaskThread-/0.0.0.0:15002-0 ] INFO  utils.DatanodeStoreCache (DatanodeStoreCache.java:addDB(66)) - Added db /home/runner/work/ozone/ozone/hadoop-ozone/integration-test/target/test-dir/MiniOzoneClusterImpl-b9d514d0-62e9-44b2-85a5-b07480d3784c/datanode-2/data-0/containers/hdds/b9d514d0-62e9-44b2-85a5-b07480d3784c/DS-0502fcaf-932f-4a25-a360-8a135db80b7d/container.db to cache
2023-11-17 09:55:32,412 [652b82d9-1846-44d1-8352-7bf3439ad078-EndpointStateMachineTaskThread-/0.0.0.0:15002-0 ] INFO  volume.HddsVolume (HddsVolume.java:createDbStore(422)) - SchemaV3 db is created and loaded at /home/runner/work/ozone/ozone/hadoop-ozone/integration-test/target/test-dir/MiniOzoneClusterImpl-b9d514d0-62e9-44b2-85a5-b07480d3784c/datanode-2/data-0/containers/hdds/b9d514d0-62e9-44b2-85a5-b07480d3784c/DS-0502fcaf-932f-4a25-a360-8a135db80b7d/container.db for volume DS-0502fcaf-932f-4a25-a360-8a135db80b7d
2023-11-17 09:55:32,413 [652b82d9-1846-44d1-8352-7bf3439ad078-EndpointStateMachineTaskThread-/0.0.0.0:15002-0 ] INFO  volume.ThrottledAsyncChecker (ThrottledAsyncChecker.java:schedule(141)) - Scheduling a check for /home/runner/work/ozone/ozone/hadoop-ozone/integration-test/target/test-dir/MiniOzoneClusterImpl-b9d514d0-62e9-44b2-85a5-b07480d3784c/datanode-2/data-0/containers/hdds
2023-11-17 09:55:32,413 [652b82d9-1846-44d1-8352-7bf3439ad078-EndpointStateMachineTaskThread-/0.0.0.0:15002-0 ] INFO  volume.StorageVolumeChecker (StorageVolumeChecker.java:checkAllVolumes(218)) - Scheduled health check for volume /home/runner/work/ozone/ozone/hadoop-ozone/integration-test/target/test-dir/MiniOzoneClusterImpl-b9d514d0-62e9-44b2-85a5-b07480d3784c/datanode-2/data-0/containers/hdds
2023-11-17 09:55:32,414 [652b82d9-1846-44d1-8352-7bf3439ad078-EndpointStateMachineTaskThread-/0.0.0.0:15002-0 ] INFO  volume.ThrottledAsyncChecker (ThrottledAsyncChecker.java:schedule(141)) - Scheduling a check for /home/runner/work/ozone/ozone/hadoop-ozone/integration-test/target/test-dir/MiniOzoneClusterImpl-b9d514d0-62e9-44b2-85a5-b07480d3784c/datanode-2/data/ratis
2023-11-17 09:55:32,415 [652b82d9-1846-44d1-8352-7bf3439ad078-EndpointStateMachineTaskThread-/0.0.0.0:15002-0 ] INFO  volume.StorageVolumeChecker (StorageVolumeChecker.java:checkAllVolumes(218)) - Scheduled health check for volume /home/runner/work/ozone/ozone/hadoop-ozone/integration-test/target/test-dir/MiniOzoneClusterImpl-b9d514d0-62e9-44b2-85a5-b07480d3784c/datanode-2/data/ratis
2023-11-17 09:55:32,416 [652b82d9-1846-44d1-8352-7bf3439ad078-EndpointStateMachineTaskThread-/0.0.0.0:15002-0 ] INFO  ozoneimpl.OzoneContainer (OzoneContainer.java:start(441)) - Attempting to start container services.
2023-11-17 09:55:32,416 [652b82d9-1846-44d1-8352-7bf3439ad078-EndpointStateMachineTaskThread-/0.0.0.0:15002-0 ] INFO  ozoneimpl.OzoneContainer (OzoneContainer.java:startContainerScrub(337)) - Scheduled background container scanners and the on-demand container scanner have been disabled.
2023-11-17 09:55:32,417 [652b82d9-1846-44d1-8352-7bf3439ad078-EndpointStateMachineTaskThread-/0.0.0.0:15002-0 ] INFO  replication.ReplicationServer (ReplicationServer.java:start(139)) - ReplicationServer is started using port 15034
2023-11-17 09:55:32,417 [652b82d9-1846-44d1-8352-7bf3439ad078-EndpointStateMachineTaskThread-/0.0.0.0:15002-0 ] INFO  ratis.XceiverServerRatis (XceiverServerRatis.java:start(518)) - Starting XceiverServerRatis 652b82d9-1846-44d1-8352-7bf3439ad078
2023-11-17 09:55:32,418 [652b82d9-1846-44d1-8352-7bf3439ad078-EndpointStateMachineTaskThread-/0.0.0.0:15002-0 ] INFO  server.RaftServer (RaftServerProxy.java:startImpl(400)) - 652b82d9-1846-44d1-8352-7bf3439ad078: start RPC server
2023-11-17 09:55:32,419 [652b82d9-1846-44d1-8352-7bf3439ad078-EndpointStateMachineTaskThread-/0.0.0.0:15002-0 ] INFO  server.GrpcService (GrpcService.java:startImpl(302)) - 652b82d9-1846-44d1-8352-7bf3439ad078: GrpcService started, listening on 15030
2023-11-17 09:55:32,420 [652b82d9-1846-44d1-8352-7bf3439ad078-EndpointStateMachineTaskThread-/0.0.0.0:15002-0 ] INFO  server.GrpcService (GrpcService.java:startImpl(302)) - 652b82d9-1846-44d1-8352-7bf3439ad078: GrpcService started, listening on 15032
2023-11-17 09:55:32,422 [652b82d9-1846-44d1-8352-7bf3439ad078-EndpointStateMachineTaskThread-/0.0.0.0:15002-0 ] INFO  server.GrpcService (GrpcService.java:startImpl(302)) - 652b82d9-1846-44d1-8352-7bf3439ad078: GrpcService started, listening on 15031
2023-11-17 09:55:32,422 [652b82d9-1846-44d1-8352-7bf3439ad078-EndpointStateMachineTaskThread-/0.0.0.0:15002-0 ] INFO  ratis.XceiverServerRatis (XceiverServerRatis.java:getRealPort(544)) - XceiverServerRatis 652b82d9-1846-44d1-8352-7bf3439ad078 is started using port 15030 for RATIS
2023-11-17 09:55:32,422 [652b82d9-1846-44d1-8352-7bf3439ad078-EndpointStateMachineTaskThread-/0.0.0.0:15002-0 ] INFO  ratis.XceiverServerRatis (XceiverServerRatis.java:getRealPort(544)) - XceiverServerRatis 652b82d9-1846-44d1-8352-7bf3439ad078 is started using port 15031 for RATIS_ADMIN
2023-11-17 09:55:32,422 [652b82d9-1846-44d1-8352-7bf3439ad078-EndpointStateMachineTaskThread-/0.0.0.0:15002-0 ] INFO  ratis.XceiverServerRatis (XceiverServerRatis.java:getRealPort(544)) - XceiverServerRatis 652b82d9-1846-44d1-8352-7bf3439ad078 is started using port 15032 for RATIS_SERVER
2023-11-17 09:55:32,422 [652b82d9-1846-44d1-8352-7bf3439ad078-EndpointStateMachineTaskThread-/0.0.0.0:15002-0 ] INFO  ratis.XceiverServerRatis (XceiverServerRatis.java:getRealPort(544)) - XceiverServerRatis 652b82d9-1846-44d1-8352-7bf3439ad078 is started using port 15033 for RATIS_DATASTREAM
2023-11-17 09:55:32,422 [JvmPauseMonitor4] INFO  util.JvmPauseMonitor (JvmPauseMonitor.java:run(103)) - JvmPauseMonitor-652b82d9-1846-44d1-8352-7bf3439ad078: Started
2023-11-17 09:55:32,431 [652b82d9-1846-44d1-8352-7bf3439ad078-BlockDeletingService#0] INFO  interfaces.ContainerDeletionChoosingPolicyTemplate (ContainerDeletionChoosingPolicyTemplate.java:chooseContainerForBlockDeletion(85)) - Chosen 0/5000 blocks from 0 candidate containers.
2023-11-17 09:55:32,533 [2a883bf7-e5b8-4bdb-a368-a41799101186-EndpointStateMachineTaskThread-/0.0.0.0:15002-0 ] INFO  utils.DatanodeStoreCache (DatanodeStoreCache.java:addDB(66)) - Added db /home/runner/work/ozone/ozone/hadoop-ozone/integration-test/target/test-dir/MiniOzoneClusterImpl-b9d514d0-62e9-44b2-85a5-b07480d3784c/datanode-3/data-0/containers/hdds/b9d514d0-62e9-44b2-85a5-b07480d3784c/DS-73e00b9c-9496-47ba-9a33-0150ffd5af46/container.db to cache
2023-11-17 09:55:32,533 [2a883bf7-e5b8-4bdb-a368-a41799101186-EndpointStateMachineTaskThread-/0.0.0.0:15002-0 ] INFO  volume.HddsVolume (HddsVolume.java:createDbStore(422)) - SchemaV3 db is created and loaded at /home/runner/work/ozone/ozone/hadoop-ozone/integration-test/target/test-dir/MiniOzoneClusterImpl-b9d514d0-62e9-44b2-85a5-b07480d3784c/datanode-3/data-0/containers/hdds/b9d514d0-62e9-44b2-85a5-b07480d3784c/DS-73e00b9c-9496-47ba-9a33-0150ffd5af46/container.db for volume DS-73e00b9c-9496-47ba-9a33-0150ffd5af46
2023-11-17 09:55:32,534 [2a883bf7-e5b8-4bdb-a368-a41799101186-EndpointStateMachineTaskThread-/0.0.0.0:15002-0 ] INFO  volume.ThrottledAsyncChecker (ThrottledAsyncChecker.java:schedule(141)) - Scheduling a check for /home/runner/work/ozone/ozone/hadoop-ozone/integration-test/target/test-dir/MiniOzoneClusterImpl-b9d514d0-62e9-44b2-85a5-b07480d3784c/datanode-3/data-0/containers/hdds
2023-11-17 09:55:32,534 [2a883bf7-e5b8-4bdb-a368-a41799101186-EndpointStateMachineTaskThread-/0.0.0.0:15002-0 ] INFO  volume.StorageVolumeChecker (StorageVolumeChecker.java:checkAllVolumes(218)) - Scheduled health check for volume /home/runner/work/ozone/ozone/hadoop-ozone/integration-test/target/test-dir/MiniOzoneClusterImpl-b9d514d0-62e9-44b2-85a5-b07480d3784c/datanode-3/data-0/containers/hdds
2023-11-17 09:55:32,536 [2a883bf7-e5b8-4bdb-a368-a41799101186-EndpointStateMachineTaskThread-/0.0.0.0:15002-0 ] INFO  volume.ThrottledAsyncChecker (ThrottledAsyncChecker.java:schedule(141)) - Scheduling a check for /home/runner/work/ozone/ozone/hadoop-ozone/integration-test/target/test-dir/MiniOzoneClusterImpl-b9d514d0-62e9-44b2-85a5-b07480d3784c/datanode-3/data/ratis
2023-11-17 09:55:32,536 [2a883bf7-e5b8-4bdb-a368-a41799101186-EndpointStateMachineTaskThread-/0.0.0.0:15002-0 ] INFO  volume.StorageVolumeChecker (StorageVolumeChecker.java:checkAllVolumes(218)) - Scheduled health check for volume /home/runner/work/ozone/ozone/hadoop-ozone/integration-test/target/test-dir/MiniOzoneClusterImpl-b9d514d0-62e9-44b2-85a5-b07480d3784c/datanode-3/data/ratis
2023-11-17 09:55:32,537 [2a883bf7-e5b8-4bdb-a368-a41799101186-EndpointStateMachineTaskThread-/0.0.0.0:15002-0 ] INFO  ozoneimpl.OzoneContainer (OzoneContainer.java:start(441)) - Attempting to start container services.
2023-11-17 09:55:32,537 [2a883bf7-e5b8-4bdb-a368-a41799101186-EndpointStateMachineTaskThread-/0.0.0.0:15002-0 ] INFO  ozoneimpl.OzoneContainer (OzoneContainer.java:startContainerScrub(337)) - Scheduled background container scanners and the on-demand container scanner have been disabled.
2023-11-17 09:55:32,538 [2a883bf7-e5b8-4bdb-a368-a41799101186-EndpointStateMachineTaskThread-/0.0.0.0:15002-0 ] INFO  replication.ReplicationServer (ReplicationServer.java:start(139)) - ReplicationServer is started using port 15043
2023-11-17 09:55:32,538 [2a883bf7-e5b8-4bdb-a368-a41799101186-EndpointStateMachineTaskThread-/0.0.0.0:15002-0 ] INFO  ratis.XceiverServerRatis (XceiverServerRatis.java:start(518)) - Starting XceiverServerRatis 2a883bf7-e5b8-4bdb-a368-a41799101186
2023-11-17 09:55:32,539 [2a883bf7-e5b8-4bdb-a368-a41799101186-EndpointStateMachineTaskThread-/0.0.0.0:15002-0 ] INFO  server.RaftServer (RaftServerProxy.java:startImpl(400)) - 2a883bf7-e5b8-4bdb-a368-a41799101186: start RPC server
2023-11-17 09:55:32,540 [2a883bf7-e5b8-4bdb-a368-a41799101186-EndpointStateMachineTaskThread-/0.0.0.0:15002-0 ] INFO  server.GrpcService (GrpcService.java:startImpl(302)) - 2a883bf7-e5b8-4bdb-a368-a41799101186: GrpcService started, listening on 15039
2023-11-17 09:55:32,541 [2a883bf7-e5b8-4bdb-a368-a41799101186-EndpointStateMachineTaskThread-/0.0.0.0:15002-0 ] INFO  server.GrpcService (GrpcService.java:startImpl(302)) - 2a883bf7-e5b8-4bdb-a368-a41799101186: GrpcService started, listening on 15041
2023-11-17 09:55:32,544 [2a883bf7-e5b8-4bdb-a368-a41799101186-EndpointStateMachineTaskThread-/0.0.0.0:15002-0 ] INFO  server.GrpcService (GrpcService.java:startImpl(302)) - 2a883bf7-e5b8-4bdb-a368-a41799101186: GrpcService started, listening on 15040
2023-11-17 09:55:32,545 [2a883bf7-e5b8-4bdb-a368-a41799101186-EndpointStateMachineTaskThread-/0.0.0.0:15002-0 ] INFO  ratis.XceiverServerRatis (XceiverServerRatis.java:getRealPort(544)) - XceiverServerRatis 2a883bf7-e5b8-4bdb-a368-a41799101186 is started using port 15039 for RATIS
2023-11-17 09:55:32,545 [2a883bf7-e5b8-4bdb-a368-a41799101186-EndpointStateMachineTaskThread-/0.0.0.0:15002-0 ] INFO  ratis.XceiverServerRatis (XceiverServerRatis.java:getRealPort(544)) - XceiverServerRatis 2a883bf7-e5b8-4bdb-a368-a41799101186 is started using port 15040 for RATIS_ADMIN
2023-11-17 09:55:32,545 [JvmPauseMonitor5] INFO  util.JvmPauseMonitor (JvmPauseMonitor.java:run(103)) - JvmPauseMonitor-2a883bf7-e5b8-4bdb-a368-a41799101186: Started
2023-11-17 09:55:32,545 [2a883bf7-e5b8-4bdb-a368-a41799101186-EndpointStateMachineTaskThread-/0.0.0.0:15002-0 ] INFO  ratis.XceiverServerRatis (XceiverServerRatis.java:getRealPort(544)) - XceiverServerRatis 2a883bf7-e5b8-4bdb-a368-a41799101186 is started using port 15041 for RATIS_SERVER
2023-11-17 09:55:32,545 [2a883bf7-e5b8-4bdb-a368-a41799101186-EndpointStateMachineTaskThread-/0.0.0.0:15002-0 ] INFO  ratis.XceiverServerRatis (XceiverServerRatis.java:getRealPort(544)) - XceiverServerRatis 2a883bf7-e5b8-4bdb-a368-a41799101186 is started using port 15042 for RATIS_DATASTREAM
2023-11-17 09:55:32,550 [2a883bf7-e5b8-4bdb-a368-a41799101186-BlockDeletingService#0] INFO  interfaces.ContainerDeletionChoosingPolicyTemplate (ContainerDeletionChoosingPolicyTemplate.java:chooseContainerForBlockDeletion(85)) - Chosen 0/5000 blocks from 0 candidate containers.
2023-11-17 09:55:32,707 [3172c264-2718-48bc-901b-d06defdb8935-EndpointStateMachineTaskThread-/0.0.0.0:15002-0 ] INFO  utils.DatanodeStoreCache (DatanodeStoreCache.java:addDB(66)) - Added db /home/runner/work/ozone/ozone/hadoop-ozone/integration-test/target/test-dir/MiniOzoneClusterImpl-b9d514d0-62e9-44b2-85a5-b07480d3784c/datanode-4/data-0/containers/hdds/b9d514d0-62e9-44b2-85a5-b07480d3784c/DS-f305e8ef-c4d1-4c46-aa62-a1941ed51b2b/container.db to cache
2023-11-17 09:55:32,707 [3172c264-2718-48bc-901b-d06defdb8935-EndpointStateMachineTaskThread-/0.0.0.0:15002-0 ] INFO  volume.HddsVolume (HddsVolume.java:createDbStore(422)) - SchemaV3 db is created and loaded at /home/runner/work/ozone/ozone/hadoop-ozone/integration-test/target/test-dir/MiniOzoneClusterImpl-b9d514d0-62e9-44b2-85a5-b07480d3784c/datanode-4/data-0/containers/hdds/b9d514d0-62e9-44b2-85a5-b07480d3784c/DS-f305e8ef-c4d1-4c46-aa62-a1941ed51b2b/container.db for volume DS-f305e8ef-c4d1-4c46-aa62-a1941ed51b2b
2023-11-17 09:55:32,708 [3172c264-2718-48bc-901b-d06defdb8935-EndpointStateMachineTaskThread-/0.0.0.0:15002-0 ] INFO  volume.ThrottledAsyncChecker (ThrottledAsyncChecker.java:schedule(141)) - Scheduling a check for /home/runner/work/ozone/ozone/hadoop-ozone/integration-test/target/test-dir/MiniOzoneClusterImpl-b9d514d0-62e9-44b2-85a5-b07480d3784c/datanode-4/data-0/containers/hdds
2023-11-17 09:55:32,708 [3172c264-2718-48bc-901b-d06defdb8935-EndpointStateMachineTaskThread-/0.0.0.0:15002-0 ] INFO  volume.StorageVolumeChecker (StorageVolumeChecker.java:checkAllVolumes(218)) - Scheduled health check for volume /home/runner/work/ozone/ozone/hadoop-ozone/integration-test/target/test-dir/MiniOzoneClusterImpl-b9d514d0-62e9-44b2-85a5-b07480d3784c/datanode-4/data-0/containers/hdds
2023-11-17 09:55:32,710 [3172c264-2718-48bc-901b-d06defdb8935-EndpointStateMachineTaskThread-/0.0.0.0:15002-0 ] INFO  volume.ThrottledAsyncChecker (ThrottledAsyncChecker.java:schedule(141)) - Scheduling a check for /home/runner/work/ozone/ozone/hadoop-ozone/integration-test/target/test-dir/MiniOzoneClusterImpl-b9d514d0-62e9-44b2-85a5-b07480d3784c/datanode-4/data/ratis
2023-11-17 09:55:32,710 [3172c264-2718-48bc-901b-d06defdb8935-EndpointStateMachineTaskThread-/0.0.0.0:15002-0 ] INFO  volume.StorageVolumeChecker (StorageVolumeChecker.java:checkAllVolumes(218)) - Scheduled health check for volume /home/runner/work/ozone/ozone/hadoop-ozone/integration-test/target/test-dir/MiniOzoneClusterImpl-b9d514d0-62e9-44b2-85a5-b07480d3784c/datanode-4/data/ratis
2023-11-17 09:55:32,711 [3172c264-2718-48bc-901b-d06defdb8935-EndpointStateMachineTaskThread-/0.0.0.0:15002-0 ] INFO  ozoneimpl.OzoneContainer (OzoneContainer.java:start(441)) - Attempting to start container services.
2023-11-17 09:55:32,711 [3172c264-2718-48bc-901b-d06defdb8935-EndpointStateMachineTaskThread-/0.0.0.0:15002-0 ] INFO  ozoneimpl.OzoneContainer (OzoneContainer.java:startContainerScrub(337)) - Scheduled background container scanners and the on-demand container scanner have been disabled.
2023-11-17 09:55:32,712 [3172c264-2718-48bc-901b-d06defdb8935-EndpointStateMachineTaskThread-/0.0.0.0:15002-0 ] INFO  replication.ReplicationServer (ReplicationServer.java:start(139)) - ReplicationServer is started using port 15052
2023-11-17 09:55:32,712 [3172c264-2718-48bc-901b-d06defdb8935-EndpointStateMachineTaskThread-/0.0.0.0:15002-0 ] INFO  ratis.XceiverServerRatis (XceiverServerRatis.java:start(518)) - Starting XceiverServerRatis 3172c264-2718-48bc-901b-d06defdb8935
2023-11-17 09:55:32,712 [3172c264-2718-48bc-901b-d06defdb8935-EndpointStateMachineTaskThread-/0.0.0.0:15002-0 ] INFO  server.RaftServer (RaftServerProxy.java:startImpl(400)) - 3172c264-2718-48bc-901b-d06defdb8935: start RPC server
2023-11-17 09:55:32,713 [3172c264-2718-48bc-901b-d06defdb8935-EndpointStateMachineTaskThread-/0.0.0.0:15002-0 ] INFO  server.GrpcService (GrpcService.java:startImpl(302)) - 3172c264-2718-48bc-901b-d06defdb8935: GrpcService started, listening on 15048
2023-11-17 09:55:32,715 [3172c264-2718-48bc-901b-d06defdb8935-EndpointStateMachineTaskThread-/0.0.0.0:15002-0 ] INFO  server.GrpcService (GrpcService.java:startImpl(302)) - 3172c264-2718-48bc-901b-d06defdb8935: GrpcService started, listening on 15050
2023-11-17 09:55:32,716 [3172c264-2718-48bc-901b-d06defdb8935-EndpointStateMachineTaskThread-/0.0.0.0:15002-0 ] INFO  server.GrpcService (GrpcService.java:startImpl(302)) - 3172c264-2718-48bc-901b-d06defdb8935: GrpcService started, listening on 15049
2023-11-17 09:55:32,716 [3172c264-2718-48bc-901b-d06defdb8935-EndpointStateMachineTaskThread-/0.0.0.0:15002-0 ] INFO  ratis.XceiverServerRatis (XceiverServerRatis.java:getRealPort(544)) - XceiverServerRatis 3172c264-2718-48bc-901b-d06defdb8935 is started using port 15048 for RATIS
2023-11-17 09:55:32,716 [JvmPauseMonitor6] INFO  util.JvmPauseMonitor (JvmPauseMonitor.java:run(103)) - JvmPauseMonitor-3172c264-2718-48bc-901b-d06defdb8935: Started
2023-11-17 09:55:32,716 [3172c264-2718-48bc-901b-d06defdb8935-EndpointStateMachineTaskThread-/0.0.0.0:15002-0 ] INFO  ratis.XceiverServerRatis (XceiverServerRatis.java:getRealPort(544)) - XceiverServerRatis 3172c264-2718-48bc-901b-d06defdb8935 is started using port 15049 for RATIS_ADMIN
2023-11-17 09:55:32,717 [3172c264-2718-48bc-901b-d06defdb8935-EndpointStateMachineTaskThread-/0.0.0.0:15002-0 ] INFO  ratis.XceiverServerRatis (XceiverServerRatis.java:getRealPort(544)) - XceiverServerRatis 3172c264-2718-48bc-901b-d06defdb8935 is started using port 15050 for RATIS_SERVER
2023-11-17 09:55:32,717 [3172c264-2718-48bc-901b-d06defdb8935-EndpointStateMachineTaskThread-/0.0.0.0:15002-0 ] INFO  ratis.XceiverServerRatis (XceiverServerRatis.java:getRealPort(544)) - XceiverServerRatis 3172c264-2718-48bc-901b-d06defdb8935 is started using port 15051 for RATIS_DATASTREAM
2023-11-17 09:55:32,719 [3172c264-2718-48bc-901b-d06defdb8935-BlockDeletingService#0] INFO  interfaces.ContainerDeletionChoosingPolicyTemplate (ContainerDeletionChoosingPolicyTemplate.java:chooseContainerForBlockDeletion(85)) - Chosen 0/5000 blocks from 0 candidate containers.
2023-11-17 09:55:32,843 [fea717c9-b406-422e-8ccb-799e860d7c03-EndpointStateMachineTaskThread-/0.0.0.0:15002-0 ] INFO  utils.DatanodeStoreCache (DatanodeStoreCache.java:addDB(66)) - Added db /home/runner/work/ozone/ozone/hadoop-ozone/integration-test/target/test-dir/MiniOzoneClusterImpl-b9d514d0-62e9-44b2-85a5-b07480d3784c/datanode-5/data-0/containers/hdds/b9d514d0-62e9-44b2-85a5-b07480d3784c/DS-b1dea3fc-3ebd-4c38-9115-494c7d55cfcd/container.db to cache
2023-11-17 09:55:32,843 [fea717c9-b406-422e-8ccb-799e860d7c03-EndpointStateMachineTaskThread-/0.0.0.0:15002-0 ] INFO  volume.HddsVolume (HddsVolume.java:createDbStore(422)) - SchemaV3 db is created and loaded at /home/runner/work/ozone/ozone/hadoop-ozone/integration-test/target/test-dir/MiniOzoneClusterImpl-b9d514d0-62e9-44b2-85a5-b07480d3784c/datanode-5/data-0/containers/hdds/b9d514d0-62e9-44b2-85a5-b07480d3784c/DS-b1dea3fc-3ebd-4c38-9115-494c7d55cfcd/container.db for volume DS-b1dea3fc-3ebd-4c38-9115-494c7d55cfcd
2023-11-17 09:55:32,844 [fea717c9-b406-422e-8ccb-799e860d7c03-EndpointStateMachineTaskThread-/0.0.0.0:15002-0 ] INFO  volume.ThrottledAsyncChecker (ThrottledAsyncChecker.java:schedule(141)) - Scheduling a check for /home/runner/work/ozone/ozone/hadoop-ozone/integration-test/target/test-dir/MiniOzoneClusterImpl-b9d514d0-62e9-44b2-85a5-b07480d3784c/datanode-5/data-0/containers/hdds
2023-11-17 09:55:32,844 [fea717c9-b406-422e-8ccb-799e860d7c03-EndpointStateMachineTaskThread-/0.0.0.0:15002-0 ] INFO  volume.StorageVolumeChecker (StorageVolumeChecker.java:checkAllVolumes(218)) - Scheduled health check for volume /home/runner/work/ozone/ozone/hadoop-ozone/integration-test/target/test-dir/MiniOzoneClusterImpl-b9d514d0-62e9-44b2-85a5-b07480d3784c/datanode-5/data-0/containers/hdds
2023-11-17 09:55:32,845 [fea717c9-b406-422e-8ccb-799e860d7c03-EndpointStateMachineTaskThread-/0.0.0.0:15002-0 ] INFO  volume.ThrottledAsyncChecker (ThrottledAsyncChecker.java:schedule(141)) - Scheduling a check for /home/runner/work/ozone/ozone/hadoop-ozone/integration-test/target/test-dir/MiniOzoneClusterImpl-b9d514d0-62e9-44b2-85a5-b07480d3784c/datanode-5/data/ratis
2023-11-17 09:55:32,845 [fea717c9-b406-422e-8ccb-799e860d7c03-EndpointStateMachineTaskThread-/0.0.0.0:15002-0 ] INFO  volume.StorageVolumeChecker (StorageVolumeChecker.java:checkAllVolumes(218)) - Scheduled health check for volume /home/runner/work/ozone/ozone/hadoop-ozone/integration-test/target/test-dir/MiniOzoneClusterImpl-b9d514d0-62e9-44b2-85a5-b07480d3784c/datanode-5/data/ratis
2023-11-17 09:55:32,846 [fea717c9-b406-422e-8ccb-799e860d7c03-EndpointStateMachineTaskThread-/0.0.0.0:15002-0 ] INFO  ozoneimpl.OzoneContainer (OzoneContainer.java:start(441)) - Attempting to start container services.
2023-11-17 09:55:32,846 [fea717c9-b406-422e-8ccb-799e860d7c03-EndpointStateMachineTaskThread-/0.0.0.0:15002-0 ] INFO  ozoneimpl.OzoneContainer (OzoneContainer.java:startContainerScrub(337)) - Scheduled background container scanners and the on-demand container scanner have been disabled.
2023-11-17 09:55:32,847 [fea717c9-b406-422e-8ccb-799e860d7c03-EndpointStateMachineTaskThread-/0.0.0.0:15002-0 ] INFO  replication.ReplicationServer (ReplicationServer.java:start(139)) - ReplicationServer is started using port 15061
2023-11-17 09:55:32,847 [fea717c9-b406-422e-8ccb-799e860d7c03-EndpointStateMachineTaskThread-/0.0.0.0:15002-0 ] INFO  ratis.XceiverServerRatis (XceiverServerRatis.java:start(518)) - Starting XceiverServerRatis fea717c9-b406-422e-8ccb-799e860d7c03
2023-11-17 09:55:32,848 [fea717c9-b406-422e-8ccb-799e860d7c03-EndpointStateMachineTaskThread-/0.0.0.0:15002-0 ] INFO  server.RaftServer (RaftServerProxy.java:startImpl(400)) - fea717c9-b406-422e-8ccb-799e860d7c03: start RPC server
2023-11-17 09:55:32,849 [fea717c9-b406-422e-8ccb-799e860d7c03-EndpointStateMachineTaskThread-/0.0.0.0:15002-0 ] INFO  server.GrpcService (GrpcService.java:startImpl(302)) - fea717c9-b406-422e-8ccb-799e860d7c03: GrpcService started, listening on 15057
2023-11-17 09:55:32,849 [fea717c9-b406-422e-8ccb-799e860d7c03-EndpointStateMachineTaskThread-/0.0.0.0:15002-0 ] INFO  server.GrpcService (GrpcService.java:startImpl(302)) - fea717c9-b406-422e-8ccb-799e860d7c03: GrpcService started, listening on 15059
2023-11-17 09:55:32,850 [fea717c9-b406-422e-8ccb-799e860d7c03-EndpointStateMachineTaskThread-/0.0.0.0:15002-0 ] INFO  server.GrpcService (GrpcService.java:startImpl(302)) - fea717c9-b406-422e-8ccb-799e860d7c03: GrpcService started, listening on 15058
2023-11-17 09:55:32,850 [fea717c9-b406-422e-8ccb-799e860d7c03-EndpointStateMachineTaskThread-/0.0.0.0:15002-0 ] INFO  ratis.XceiverServerRatis (XceiverServerRatis.java:getRealPort(544)) - XceiverServerRatis fea717c9-b406-422e-8ccb-799e860d7c03 is started using port 15057 for RATIS
2023-11-17 09:55:32,850 [JvmPauseMonitor7] INFO  util.JvmPauseMonitor (JvmPauseMonitor.java:run(103)) - JvmPauseMonitor-fea717c9-b406-422e-8ccb-799e860d7c03: Started
2023-11-17 09:55:32,850 [fea717c9-b406-422e-8ccb-799e860d7c03-EndpointStateMachineTaskThread-/0.0.0.0:15002-0 ] INFO  ratis.XceiverServerRatis (XceiverServerRatis.java:getRealPort(544)) - XceiverServerRatis fea717c9-b406-422e-8ccb-799e860d7c03 is started using port 15058 for RATIS_ADMIN
2023-11-17 09:55:32,851 [fea717c9-b406-422e-8ccb-799e860d7c03-EndpointStateMachineTaskThread-/0.0.0.0:15002-0 ] INFO  ratis.XceiverServerRatis (XceiverServerRatis.java:getRealPort(544)) - XceiverServerRatis fea717c9-b406-422e-8ccb-799e860d7c03 is started using port 15059 for RATIS_SERVER
2023-11-17 09:55:32,851 [fea717c9-b406-422e-8ccb-799e860d7c03-EndpointStateMachineTaskThread-/0.0.0.0:15002-0 ] INFO  ratis.XceiverServerRatis (XceiverServerRatis.java:getRealPort(544)) - XceiverServerRatis fea717c9-b406-422e-8ccb-799e860d7c03 is started using port 15060 for RATIS_DATASTREAM
2023-11-17 09:55:32,857 [fea717c9-b406-422e-8ccb-799e860d7c03-BlockDeletingService#0] INFO  interfaces.ContainerDeletionChoosingPolicyTemplate (ContainerDeletionChoosingPolicyTemplate.java:chooseContainerForBlockDeletion(85)) - Chosen 0/5000 blocks from 0 candidate containers.
2023-11-17 09:55:32,973 [bfb594ff-14fd-40d9-830b-cf7a3dd84176-EndpointStateMachineTaskThread-/0.0.0.0:15002-0 ] INFO  utils.DatanodeStoreCache (DatanodeStoreCache.java:addDB(66)) - Added db /home/runner/work/ozone/ozone/hadoop-ozone/integration-test/target/test-dir/MiniOzoneClusterImpl-b9d514d0-62e9-44b2-85a5-b07480d3784c/datanode-6/data-0/containers/hdds/b9d514d0-62e9-44b2-85a5-b07480d3784c/DS-48d814c6-a698-40eb-83a4-dee525b57f82/container.db to cache
2023-11-17 09:55:32,973 [bfb594ff-14fd-40d9-830b-cf7a3dd84176-EndpointStateMachineTaskThread-/0.0.0.0:15002-0 ] INFO  volume.HddsVolume (HddsVolume.java:createDbStore(422)) - SchemaV3 db is created and loaded at /home/runner/work/ozone/ozone/hadoop-ozone/integration-test/target/test-dir/MiniOzoneClusterImpl-b9d514d0-62e9-44b2-85a5-b07480d3784c/datanode-6/data-0/containers/hdds/b9d514d0-62e9-44b2-85a5-b07480d3784c/DS-48d814c6-a698-40eb-83a4-dee525b57f82/container.db for volume DS-48d814c6-a698-40eb-83a4-dee525b57f82
2023-11-17 09:55:32,974 [bfb594ff-14fd-40d9-830b-cf7a3dd84176-EndpointStateMachineTaskThread-/0.0.0.0:15002-0 ] INFO  volume.ThrottledAsyncChecker (ThrottledAsyncChecker.java:schedule(141)) - Scheduling a check for /home/runner/work/ozone/ozone/hadoop-ozone/integration-test/target/test-dir/MiniOzoneClusterImpl-b9d514d0-62e9-44b2-85a5-b07480d3784c/datanode-6/data-0/containers/hdds
2023-11-17 09:55:32,974 [bfb594ff-14fd-40d9-830b-cf7a3dd84176-EndpointStateMachineTaskThread-/0.0.0.0:15002-0 ] INFO  volume.StorageVolumeChecker (StorageVolumeChecker.java:checkAllVolumes(218)) - Scheduled health check for volume /home/runner/work/ozone/ozone/hadoop-ozone/integration-test/target/test-dir/MiniOzoneClusterImpl-b9d514d0-62e9-44b2-85a5-b07480d3784c/datanode-6/data-0/containers/hdds
2023-11-17 09:55:32,975 [bfb594ff-14fd-40d9-830b-cf7a3dd84176-EndpointStateMachineTaskThread-/0.0.0.0:15002-0 ] INFO  volume.ThrottledAsyncChecker (ThrottledAsyncChecker.java:schedule(141)) - Scheduling a check for /home/runner/work/ozone/ozone/hadoop-ozone/integration-test/target/test-dir/MiniOzoneClusterImpl-b9d514d0-62e9-44b2-85a5-b07480d3784c/datanode-6/data/ratis
2023-11-17 09:55:32,976 [bfb594ff-14fd-40d9-830b-cf7a3dd84176-EndpointStateMachineTaskThread-/0.0.0.0:15002-0 ] INFO  volume.StorageVolumeChecker (StorageVolumeChecker.java:checkAllVolumes(218)) - Scheduled health check for volume /home/runner/work/ozone/ozone/hadoop-ozone/integration-test/target/test-dir/MiniOzoneClusterImpl-b9d514d0-62e9-44b2-85a5-b07480d3784c/datanode-6/data/ratis
2023-11-17 09:55:32,976 [bfb594ff-14fd-40d9-830b-cf7a3dd84176-EndpointStateMachineTaskThread-/0.0.0.0:15002-0 ] INFO  ozoneimpl.OzoneContainer (OzoneContainer.java:start(441)) - Attempting to start container services.
2023-11-17 09:55:32,976 [bfb594ff-14fd-40d9-830b-cf7a3dd84176-EndpointStateMachineTaskThread-/0.0.0.0:15002-0 ] INFO  ozoneimpl.OzoneContainer (OzoneContainer.java:startContainerScrub(337)) - Scheduled background container scanners and the on-demand container scanner have been disabled.
2023-11-17 09:55:32,977 [bfb594ff-14fd-40d9-830b-cf7a3dd84176-EndpointStateMachineTaskThread-/0.0.0.0:15002-0 ] INFO  replication.ReplicationServer (ReplicationServer.java:start(139)) - ReplicationServer is started using port 15070
2023-11-17 09:55:32,977 [bfb594ff-14fd-40d9-830b-cf7a3dd84176-EndpointStateMachineTaskThread-/0.0.0.0:15002-0 ] INFO  ratis.XceiverServerRatis (XceiverServerRatis.java:start(518)) - Starting XceiverServerRatis bfb594ff-14fd-40d9-830b-cf7a3dd84176
2023-11-17 09:55:32,978 [bfb594ff-14fd-40d9-830b-cf7a3dd84176-EndpointStateMachineTaskThread-/0.0.0.0:15002-0 ] INFO  server.RaftServer (RaftServerProxy.java:startImpl(400)) - bfb594ff-14fd-40d9-830b-cf7a3dd84176: start RPC server
2023-11-17 09:55:32,979 [bfb594ff-14fd-40d9-830b-cf7a3dd84176-EndpointStateMachineTaskThread-/0.0.0.0:15002-0 ] INFO  server.GrpcService (GrpcService.java:startImpl(302)) - bfb594ff-14fd-40d9-830b-cf7a3dd84176: GrpcService started, listening on 15066
2023-11-17 09:55:32,979 [bfb594ff-14fd-40d9-830b-cf7a3dd84176-EndpointStateMachineTaskThread-/0.0.0.0:15002-0 ] INFO  server.GrpcService (GrpcService.java:startImpl(302)) - bfb594ff-14fd-40d9-830b-cf7a3dd84176: GrpcService started, listening on 15068
2023-11-17 09:55:32,980 [bfb594ff-14fd-40d9-830b-cf7a3dd84176-EndpointStateMachineTaskThread-/0.0.0.0:15002-0 ] INFO  server.GrpcService (GrpcService.java:startImpl(302)) - bfb594ff-14fd-40d9-830b-cf7a3dd84176: GrpcService started, listening on 15067
2023-11-17 09:55:32,980 [bfb594ff-14fd-40d9-830b-cf7a3dd84176-EndpointStateMachineTaskThread-/0.0.0.0:15002-0 ] INFO  ratis.XceiverServerRatis (XceiverServerRatis.java:getRealPort(544)) - XceiverServerRatis bfb594ff-14fd-40d9-830b-cf7a3dd84176 is started using port 15066 for RATIS
2023-11-17 09:55:32,980 [bfb594ff-14fd-40d9-830b-cf7a3dd84176-EndpointStateMachineTaskThread-/0.0.0.0:15002-0 ] INFO  ratis.XceiverServerRatis (XceiverServerRatis.java:getRealPort(544)) - XceiverServerRatis bfb594ff-14fd-40d9-830b-cf7a3dd84176 is started using port 15067 for RATIS_ADMIN
2023-11-17 09:55:32,980 [bfb594ff-14fd-40d9-830b-cf7a3dd84176-EndpointStateMachineTaskThread-/0.0.0.0:15002-0 ] INFO  ratis.XceiverServerRatis (XceiverServerRatis.java:getRealPort(544)) - XceiverServerRatis bfb594ff-14fd-40d9-830b-cf7a3dd84176 is started using port 15068 for RATIS_SERVER
2023-11-17 09:55:32,980 [bfb594ff-14fd-40d9-830b-cf7a3dd84176-EndpointStateMachineTaskThread-/0.0.0.0:15002-0 ] INFO  ratis.XceiverServerRatis (XceiverServerRatis.java:getRealPort(544)) - XceiverServerRatis bfb594ff-14fd-40d9-830b-cf7a3dd84176 is started using port 15069 for RATIS_DATASTREAM
2023-11-17 09:55:32,980 [JvmPauseMonitor8] INFO  util.JvmPauseMonitor (JvmPauseMonitor.java:run(103)) - JvmPauseMonitor-bfb594ff-14fd-40d9-830b-cf7a3dd84176: Started
2023-11-17 09:55:32,983 [bfb594ff-14fd-40d9-830b-cf7a3dd84176-BlockDeletingService#0] INFO  interfaces.ContainerDeletionChoosingPolicyTemplate (ContainerDeletionChoosingPolicyTemplate.java:chooseContainerForBlockDeletion(85)) - Chosen 0/5000 blocks from 0 candidate containers.
2023-11-17 09:55:33,076 [a7578bdd-9139-4946-a78d-cc7981f76fa8-EndpointStateMachineTaskThread-/0.0.0.0:15002-0 ] INFO  utils.DatanodeStoreCache (DatanodeStoreCache.java:addDB(66)) - Added db /home/runner/work/ozone/ozone/hadoop-ozone/integration-test/target/test-dir/MiniOzoneClusterImpl-b9d514d0-62e9-44b2-85a5-b07480d3784c/datanode-7/data-0/containers/hdds/b9d514d0-62e9-44b2-85a5-b07480d3784c/DS-d2e472af-ff8f-4819-959b-eb6be97f60fb/container.db to cache
2023-11-17 09:55:33,076 [a7578bdd-9139-4946-a78d-cc7981f76fa8-EndpointStateMachineTaskThread-/0.0.0.0:15002-0 ] INFO  volume.HddsVolume (HddsVolume.java:createDbStore(422)) - SchemaV3 db is created and loaded at /home/runner/work/ozone/ozone/hadoop-ozone/integration-test/target/test-dir/MiniOzoneClusterImpl-b9d514d0-62e9-44b2-85a5-b07480d3784c/datanode-7/data-0/containers/hdds/b9d514d0-62e9-44b2-85a5-b07480d3784c/DS-d2e472af-ff8f-4819-959b-eb6be97f60fb/container.db for volume DS-d2e472af-ff8f-4819-959b-eb6be97f60fb
2023-11-17 09:55:33,077 [a7578bdd-9139-4946-a78d-cc7981f76fa8-EndpointStateMachineTaskThread-/0.0.0.0:15002-0 ] INFO  volume.ThrottledAsyncChecker (ThrottledAsyncChecker.java:schedule(141)) - Scheduling a check for /home/runner/work/ozone/ozone/hadoop-ozone/integration-test/target/test-dir/MiniOzoneClusterImpl-b9d514d0-62e9-44b2-85a5-b07480d3784c/datanode-7/data-0/containers/hdds
2023-11-17 09:55:33,077 [a7578bdd-9139-4946-a78d-cc7981f76fa8-EndpointStateMachineTaskThread-/0.0.0.0:15002-0 ] INFO  volume.StorageVolumeChecker (StorageVolumeChecker.java:checkAllVolumes(218)) - Scheduled health check for volume /home/runner/work/ozone/ozone/hadoop-ozone/integration-test/target/test-dir/MiniOzoneClusterImpl-b9d514d0-62e9-44b2-85a5-b07480d3784c/datanode-7/data-0/containers/hdds
2023-11-17 09:55:33,079 [a7578bdd-9139-4946-a78d-cc7981f76fa8-EndpointStateMachineTaskThread-/0.0.0.0:15002-0 ] INFO  volume.ThrottledAsyncChecker (ThrottledAsyncChecker.java:schedule(141)) - Scheduling a check for /home/runner/work/ozone/ozone/hadoop-ozone/integration-test/target/test-dir/MiniOzoneClusterImpl-b9d514d0-62e9-44b2-85a5-b07480d3784c/datanode-7/data/ratis
2023-11-17 09:55:33,079 [a7578bdd-9139-4946-a78d-cc7981f76fa8-EndpointStateMachineTaskThread-/0.0.0.0:15002-0 ] INFO  volume.StorageVolumeChecker (StorageVolumeChecker.java:checkAllVolumes(218)) - Scheduled health check for volume /home/runner/work/ozone/ozone/hadoop-ozone/integration-test/target/test-dir/MiniOzoneClusterImpl-b9d514d0-62e9-44b2-85a5-b07480d3784c/datanode-7/data/ratis
2023-11-17 09:55:33,079 [a7578bdd-9139-4946-a78d-cc7981f76fa8-EndpointStateMachineTaskThread-/0.0.0.0:15002-0 ] INFO  ozoneimpl.OzoneContainer (OzoneContainer.java:start(441)) - Attempting to start container services.
2023-11-17 09:55:33,080 [a7578bdd-9139-4946-a78d-cc7981f76fa8-EndpointStateMachineTaskThread-/0.0.0.0:15002-0 ] INFO  ozoneimpl.OzoneContainer (OzoneContainer.java:startContainerScrub(337)) - Scheduled background container scanners and the on-demand container scanner have been disabled.
2023-11-17 09:55:33,080 [a7578bdd-9139-4946-a78d-cc7981f76fa8-EndpointStateMachineTaskThread-/0.0.0.0:15002-0 ] INFO  replication.ReplicationServer (ReplicationServer.java:start(139)) - ReplicationServer is started using port 15079
2023-11-17 09:55:33,080 [a7578bdd-9139-4946-a78d-cc7981f76fa8-EndpointStateMachineTaskThread-/0.0.0.0:15002-0 ] INFO  ratis.XceiverServerRatis (XceiverServerRatis.java:start(518)) - Starting XceiverServerRatis a7578bdd-9139-4946-a78d-cc7981f76fa8
2023-11-17 09:55:33,081 [a7578bdd-9139-4946-a78d-cc7981f76fa8-EndpointStateMachineTaskThread-/0.0.0.0:15002-0 ] INFO  server.RaftServer (RaftServerProxy.java:startImpl(400)) - a7578bdd-9139-4946-a78d-cc7981f76fa8: start RPC server
2023-11-17 09:55:33,082 [a7578bdd-9139-4946-a78d-cc7981f76fa8-EndpointStateMachineTaskThread-/0.0.0.0:15002-0 ] INFO  server.GrpcService (GrpcService.java:startImpl(302)) - a7578bdd-9139-4946-a78d-cc7981f76fa8: GrpcService started, listening on 15075
2023-11-17 09:55:33,084 [a7578bdd-9139-4946-a78d-cc7981f76fa8-EndpointStateMachineTaskThread-/0.0.0.0:15002-0 ] INFO  server.GrpcService (GrpcService.java:startImpl(302)) - a7578bdd-9139-4946-a78d-cc7981f76fa8: GrpcService started, listening on 15077
2023-11-17 09:55:33,085 [a7578bdd-9139-4946-a78d-cc7981f76fa8-EndpointStateMachineTaskThread-/0.0.0.0:15002-0 ] INFO  server.GrpcService (GrpcService.java:startImpl(302)) - a7578bdd-9139-4946-a78d-cc7981f76fa8: GrpcService started, listening on 15076
2023-11-17 09:55:33,086 [a7578bdd-9139-4946-a78d-cc7981f76fa8-EndpointStateMachineTaskThread-/0.0.0.0:15002-0 ] INFO  ratis.XceiverServerRatis (XceiverServerRatis.java:getRealPort(544)) - XceiverServerRatis a7578bdd-9139-4946-a78d-cc7981f76fa8 is started using port 15075 for RATIS
2023-11-17 09:55:33,086 [a7578bdd-9139-4946-a78d-cc7981f76fa8-EndpointStateMachineTaskThread-/0.0.0.0:15002-0 ] INFO  ratis.XceiverServerRatis (XceiverServerRatis.java:getRealPort(544)) - XceiverServerRatis a7578bdd-9139-4946-a78d-cc7981f76fa8 is started using port 15076 for RATIS_ADMIN
2023-11-17 09:55:33,086 [a7578bdd-9139-4946-a78d-cc7981f76fa8-EndpointStateMachineTaskThread-/0.0.0.0:15002-0 ] INFO  ratis.XceiverServerRatis (XceiverServerRatis.java:getRealPort(544)) - XceiverServerRatis a7578bdd-9139-4946-a78d-cc7981f76fa8 is started using port 15077 for RATIS_SERVER
2023-11-17 09:55:33,086 [a7578bdd-9139-4946-a78d-cc7981f76fa8-EndpointStateMachineTaskThread-/0.0.0.0:15002-0 ] INFO  ratis.XceiverServerRatis (XceiverServerRatis.java:getRealPort(544)) - XceiverServerRatis a7578bdd-9139-4946-a78d-cc7981f76fa8 is started using port 15078 for RATIS_DATASTREAM
2023-11-17 09:55:33,086 [JvmPauseMonitor9] INFO  util.JvmPauseMonitor (JvmPauseMonitor.java:run(103)) - JvmPauseMonitor-a7578bdd-9139-4946-a78d-cc7981f76fa8: Started
2023-11-17 09:55:33,090 [a7578bdd-9139-4946-a78d-cc7981f76fa8-BlockDeletingService#0] INFO  interfaces.ContainerDeletionChoosingPolicyTemplate (ContainerDeletionChoosingPolicyTemplate.java:chooseContainerForBlockDeletion(85)) - Chosen 0/5000 blocks from 0 candidate containers.
2023-11-17 09:55:33,188 [cb74a50f-08de-45ec-b832-8b69b058d768-EndpointStateMachineTaskThread-/0.0.0.0:15002-0 ] INFO  utils.DatanodeStoreCache (DatanodeStoreCache.java:addDB(66)) - Added db /home/runner/work/ozone/ozone/hadoop-ozone/integration-test/target/test-dir/MiniOzoneClusterImpl-b9d514d0-62e9-44b2-85a5-b07480d3784c/datanode-8/data-0/containers/hdds/b9d514d0-62e9-44b2-85a5-b07480d3784c/DS-91237fcf-11c0-4e37-9b0c-86ca182fbc7b/container.db to cache
2023-11-17 09:55:33,188 [cb74a50f-08de-45ec-b832-8b69b058d768-EndpointStateMachineTaskThread-/0.0.0.0:15002-0 ] INFO  volume.HddsVolume (HddsVolume.java:createDbStore(422)) - SchemaV3 db is created and loaded at /home/runner/work/ozone/ozone/hadoop-ozone/integration-test/target/test-dir/MiniOzoneClusterImpl-b9d514d0-62e9-44b2-85a5-b07480d3784c/datanode-8/data-0/containers/hdds/b9d514d0-62e9-44b2-85a5-b07480d3784c/DS-91237fcf-11c0-4e37-9b0c-86ca182fbc7b/container.db for volume DS-91237fcf-11c0-4e37-9b0c-86ca182fbc7b
2023-11-17 09:55:33,188 [cb74a50f-08de-45ec-b832-8b69b058d768-EndpointStateMachineTaskThread-/0.0.0.0:15002-0 ] INFO  volume.ThrottledAsyncChecker (ThrottledAsyncChecker.java:schedule(141)) - Scheduling a check for /home/runner/work/ozone/ozone/hadoop-ozone/integration-test/target/test-dir/MiniOzoneClusterImpl-b9d514d0-62e9-44b2-85a5-b07480d3784c/datanode-8/data-0/containers/hdds
2023-11-17 09:55:33,189 [cb74a50f-08de-45ec-b832-8b69b058d768-EndpointStateMachineTaskThread-/0.0.0.0:15002-0 ] INFO  volume.StorageVolumeChecker (StorageVolumeChecker.java:checkAllVolumes(218)) - Scheduled health check for volume /home/runner/work/ozone/ozone/hadoop-ozone/integration-test/target/test-dir/MiniOzoneClusterImpl-b9d514d0-62e9-44b2-85a5-b07480d3784c/datanode-8/data-0/containers/hdds
2023-11-17 09:55:33,190 [cb74a50f-08de-45ec-b832-8b69b058d768-EndpointStateMachineTaskThread-/0.0.0.0:15002-0 ] INFO  volume.ThrottledAsyncChecker (ThrottledAsyncChecker.java:schedule(141)) - Scheduling a check for /home/runner/work/ozone/ozone/hadoop-ozone/integration-test/target/test-dir/MiniOzoneClusterImpl-b9d514d0-62e9-44b2-85a5-b07480d3784c/datanode-8/data/ratis
2023-11-17 09:55:33,190 [cb74a50f-08de-45ec-b832-8b69b058d768-EndpointStateMachineTaskThread-/0.0.0.0:15002-0 ] INFO  volume.StorageVolumeChecker (StorageVolumeChecker.java:checkAllVolumes(218)) - Scheduled health check for volume /home/runner/work/ozone/ozone/hadoop-ozone/integration-test/target/test-dir/MiniOzoneClusterImpl-b9d514d0-62e9-44b2-85a5-b07480d3784c/datanode-8/data/ratis
2023-11-17 09:55:33,191 [cb74a50f-08de-45ec-b832-8b69b058d768-EndpointStateMachineTaskThread-/0.0.0.0:15002-0 ] INFO  ozoneimpl.OzoneContainer (OzoneContainer.java:start(441)) - Attempting to start container services.
2023-11-17 09:55:33,191 [cb74a50f-08de-45ec-b832-8b69b058d768-EndpointStateMachineTaskThread-/0.0.0.0:15002-0 ] INFO  ozoneimpl.OzoneContainer (OzoneContainer.java:startContainerScrub(337)) - Scheduled background container scanners and the on-demand container scanner have been disabled.
2023-11-17 09:55:33,193 [cb74a50f-08de-45ec-b832-8b69b058d768-EndpointStateMachineTaskThread-/0.0.0.0:15002-0 ] INFO  replication.ReplicationServer (ReplicationServer.java:start(139)) - ReplicationServer is started using port 15088
2023-11-17 09:55:33,194 [cb74a50f-08de-45ec-b832-8b69b058d768-EndpointStateMachineTaskThread-/0.0.0.0:15002-0 ] INFO  ratis.XceiverServerRatis (XceiverServerRatis.java:start(518)) - Starting XceiverServerRatis cb74a50f-08de-45ec-b832-8b69b058d768
2023-11-17 09:55:33,196 [cb74a50f-08de-45ec-b832-8b69b058d768-EndpointStateMachineTaskThread-/0.0.0.0:15002-0 ] INFO  server.RaftServer (RaftServerProxy.java:startImpl(400)) - cb74a50f-08de-45ec-b832-8b69b058d768: start RPC server
2023-11-17 09:55:33,196 [cb74a50f-08de-45ec-b832-8b69b058d768-EndpointStateMachineTaskThread-/0.0.0.0:15002-0 ] INFO  server.GrpcService (GrpcService.java:startImpl(302)) - cb74a50f-08de-45ec-b832-8b69b058d768: GrpcService started, listening on 15084
2023-11-17 09:55:33,197 [cb74a50f-08de-45ec-b832-8b69b058d768-EndpointStateMachineTaskThread-/0.0.0.0:15002-0 ] INFO  server.GrpcService (GrpcService.java:startImpl(302)) - cb74a50f-08de-45ec-b832-8b69b058d768: GrpcService started, listening on 15086
2023-11-17 09:55:33,197 [cb74a50f-08de-45ec-b832-8b69b058d768-EndpointStateMachineTaskThread-/0.0.0.0:15002-0 ] INFO  server.GrpcService (GrpcService.java:startImpl(302)) - cb74a50f-08de-45ec-b832-8b69b058d768: GrpcService started, listening on 15085
2023-11-17 09:55:33,197 [cb74a50f-08de-45ec-b832-8b69b058d768-EndpointStateMachineTaskThread-/0.0.0.0:15002-0 ] INFO  ratis.XceiverServerRatis (XceiverServerRatis.java:getRealPort(544)) - XceiverServerRatis cb74a50f-08de-45ec-b832-8b69b058d768 is started using port 15084 for RATIS
2023-11-17 09:55:33,197 [JvmPauseMonitor10] INFO  util.JvmPauseMonitor (JvmPauseMonitor.java:run(103)) - JvmPauseMonitor-cb74a50f-08de-45ec-b832-8b69b058d768: Started
2023-11-17 09:55:33,197 [cb74a50f-08de-45ec-b832-8b69b058d768-EndpointStateMachineTaskThread-/0.0.0.0:15002-0 ] INFO  ratis.XceiverServerRatis (XceiverServerRatis.java:getRealPort(544)) - XceiverServerRatis cb74a50f-08de-45ec-b832-8b69b058d768 is started using port 15085 for RATIS_ADMIN
2023-11-17 09:55:33,198 [cb74a50f-08de-45ec-b832-8b69b058d768-EndpointStateMachineTaskThread-/0.0.0.0:15002-0 ] INFO  ratis.XceiverServerRatis (XceiverServerRatis.java:getRealPort(544)) - XceiverServerRatis cb74a50f-08de-45ec-b832-8b69b058d768 is started using port 15086 for RATIS_SERVER
2023-11-17 09:55:33,198 [cb74a50f-08de-45ec-b832-8b69b058d768-EndpointStateMachineTaskThread-/0.0.0.0:15002-0 ] INFO  ratis.XceiverServerRatis (XceiverServerRatis.java:getRealPort(544)) - XceiverServerRatis cb74a50f-08de-45ec-b832-8b69b058d768 is started using port 15087 for RATIS_DATASTREAM
2023-11-17 09:55:33,203 [cb74a50f-08de-45ec-b832-8b69b058d768-BlockDeletingService#0] INFO  interfaces.ContainerDeletionChoosingPolicyTemplate (ContainerDeletionChoosingPolicyTemplate.java:chooseContainerForBlockDeletion(85)) - Chosen 0/5000 blocks from 0 candidate containers.
2023-11-17 09:55:33,267 [main] INFO  ozone.MiniOzoneClusterImpl (MiniOzoneClusterImpl.java:lambda$waitForClusterToBeReady$0(229)) - Waiting for nodes to be ready. Got 0 of 10 DN Heartbeats.
2023-11-17 09:55:33,268 [main] INFO  ozone.MiniOzoneClusterImpl (MiniOzoneClusterImpl.java:lambda$waitForClusterToBeReady$0(232)) - Waiting for cluster to exit safe mode
2023-11-17 09:55:33,268 [main] INFO  ozone.MiniOzoneClusterImpl (MiniOzoneClusterImpl.java:lambda$waitForClusterToBeReady$0(234)) - SCM became leader
2023-11-17 09:55:33,291 [a7ddde4f-1380-4d54-ae4e-b71d3284ab6f-EndpointStateMachineTaskThread-/0.0.0.0:15002-0 ] INFO  utils.DatanodeStoreCache (DatanodeStoreCache.java:addDB(66)) - Added db /home/runner/work/ozone/ozone/hadoop-ozone/integration-test/target/test-dir/MiniOzoneClusterImpl-b9d514d0-62e9-44b2-85a5-b07480d3784c/datanode-9/data-0/containers/hdds/b9d514d0-62e9-44b2-85a5-b07480d3784c/DS-e4b076b9-e7c2-44dd-8687-c06245367b74/container.db to cache
2023-11-17 09:55:33,291 [a7ddde4f-1380-4d54-ae4e-b71d3284ab6f-EndpointStateMachineTaskThread-/0.0.0.0:15002-0 ] INFO  volume.HddsVolume (HddsVolume.java:createDbStore(422)) - SchemaV3 db is created and loaded at /home/runner/work/ozone/ozone/hadoop-ozone/integration-test/target/test-dir/MiniOzoneClusterImpl-b9d514d0-62e9-44b2-85a5-b07480d3784c/datanode-9/data-0/containers/hdds/b9d514d0-62e9-44b2-85a5-b07480d3784c/DS-e4b076b9-e7c2-44dd-8687-c06245367b74/container.db for volume DS-e4b076b9-e7c2-44dd-8687-c06245367b74
2023-11-17 09:55:33,292 [a7ddde4f-1380-4d54-ae4e-b71d3284ab6f-EndpointStateMachineTaskThread-/0.0.0.0:15002-0 ] INFO  volume.ThrottledAsyncChecker (ThrottledAsyncChecker.java:schedule(141)) - Scheduling a check for /home/runner/work/ozone/ozone/hadoop-ozone/integration-test/target/test-dir/MiniOzoneClusterImpl-b9d514d0-62e9-44b2-85a5-b07480d3784c/datanode-9/data-0/containers/hdds
2023-11-17 09:55:33,292 [a7ddde4f-1380-4d54-ae4e-b71d3284ab6f-EndpointStateMachineTaskThread-/0.0.0.0:15002-0 ] INFO  volume.StorageVolumeChecker (StorageVolumeChecker.java:checkAllVolumes(218)) - Scheduled health check for volume /home/runner/work/ozone/ozone/hadoop-ozone/integration-test/target/test-dir/MiniOzoneClusterImpl-b9d514d0-62e9-44b2-85a5-b07480d3784c/datanode-9/data-0/containers/hdds
2023-11-17 09:55:33,294 [a7ddde4f-1380-4d54-ae4e-b71d3284ab6f-EndpointStateMachineTaskThread-/0.0.0.0:15002-0 ] INFO  volume.ThrottledAsyncChecker (ThrottledAsyncChecker.java:schedule(141)) - Scheduling a check for /home/runner/work/ozone/ozone/hadoop-ozone/integration-test/target/test-dir/MiniOzoneClusterImpl-b9d514d0-62e9-44b2-85a5-b07480d3784c/datanode-9/data/ratis
2023-11-17 09:55:33,294 [a7ddde4f-1380-4d54-ae4e-b71d3284ab6f-EndpointStateMachineTaskThread-/0.0.0.0:15002-0 ] INFO  volume.StorageVolumeChecker (StorageVolumeChecker.java:checkAllVolumes(218)) - Scheduled health check for volume /home/runner/work/ozone/ozone/hadoop-ozone/integration-test/target/test-dir/MiniOzoneClusterImpl-b9d514d0-62e9-44b2-85a5-b07480d3784c/datanode-9/data/ratis
2023-11-17 09:55:33,295 [a7ddde4f-1380-4d54-ae4e-b71d3284ab6f-EndpointStateMachineTaskThread-/0.0.0.0:15002-0 ] INFO  ozoneimpl.OzoneContainer (OzoneContainer.java:start(441)) - Attempting to start container services.
2023-11-17 09:55:33,295 [a7ddde4f-1380-4d54-ae4e-b71d3284ab6f-EndpointStateMachineTaskThread-/0.0.0.0:15002-0 ] INFO  ozoneimpl.OzoneContainer (OzoneContainer.java:startContainerScrub(337)) - Scheduled background container scanners and the on-demand container scanner have been disabled.
2023-11-17 09:55:33,295 [a7ddde4f-1380-4d54-ae4e-b71d3284ab6f-EndpointStateMachineTaskThread-/0.0.0.0:15002-0 ] INFO  replication.ReplicationServer (ReplicationServer.java:start(139)) - ReplicationServer is started using port 15097
2023-11-17 09:55:33,295 [a7ddde4f-1380-4d54-ae4e-b71d3284ab6f-EndpointStateMachineTaskThread-/0.0.0.0:15002-0 ] INFO  ratis.XceiverServerRatis (XceiverServerRatis.java:start(518)) - Starting XceiverServerRatis a7ddde4f-1380-4d54-ae4e-b71d3284ab6f
2023-11-17 09:55:33,296 [a7ddde4f-1380-4d54-ae4e-b71d3284ab6f-EndpointStateMachineTaskThread-/0.0.0.0:15002-0 ] INFO  server.RaftServer (RaftServerProxy.java:startImpl(400)) - a7ddde4f-1380-4d54-ae4e-b71d3284ab6f: start RPC server
2023-11-17 09:55:33,296 [a7ddde4f-1380-4d54-ae4e-b71d3284ab6f-EndpointStateMachineTaskThread-/0.0.0.0:15002-0 ] INFO  server.GrpcService (GrpcService.java:startImpl(302)) - a7ddde4f-1380-4d54-ae4e-b71d3284ab6f: GrpcService started, listening on 15093
2023-11-17 09:55:33,297 [a7ddde4f-1380-4d54-ae4e-b71d3284ab6f-EndpointStateMachineTaskThread-/0.0.0.0:15002-0 ] INFO  server.GrpcService (GrpcService.java:startImpl(302)) - a7ddde4f-1380-4d54-ae4e-b71d3284ab6f: GrpcService started, listening on 15095
2023-11-17 09:55:33,297 [a7ddde4f-1380-4d54-ae4e-b71d3284ab6f-EndpointStateMachineTaskThread-/0.0.0.0:15002-0 ] INFO  server.GrpcService (GrpcService.java:startImpl(302)) - a7ddde4f-1380-4d54-ae4e-b71d3284ab6f: GrpcService started, listening on 15094
2023-11-17 09:55:33,297 [a7ddde4f-1380-4d54-ae4e-b71d3284ab6f-EndpointStateMachineTaskThread-/0.0.0.0:15002-0 ] INFO  ratis.XceiverServerRatis (XceiverServerRatis.java:getRealPort(544)) - XceiverServerRatis a7ddde4f-1380-4d54-ae4e-b71d3284ab6f is started using port 15093 for RATIS
2023-11-17 09:55:33,297 [JvmPauseMonitor11] INFO  util.JvmPauseMonitor (JvmPauseMonitor.java:run(103)) - JvmPauseMonitor-a7ddde4f-1380-4d54-ae4e-b71d3284ab6f: Started
2023-11-17 09:55:33,297 [a7ddde4f-1380-4d54-ae4e-b71d3284ab6f-EndpointStateMachineTaskThread-/0.0.0.0:15002-0 ] INFO  ratis.XceiverServerRatis (XceiverServerRatis.java:getRealPort(544)) - XceiverServerRatis a7ddde4f-1380-4d54-ae4e-b71d3284ab6f is started using port 15094 for RATIS_ADMIN
2023-11-17 09:55:33,298 [a7ddde4f-1380-4d54-ae4e-b71d3284ab6f-EndpointStateMachineTaskThread-/0.0.0.0:15002-0 ] INFO  ratis.XceiverServerRatis (XceiverServerRatis.java:getRealPort(544)) - XceiverServerRatis a7ddde4f-1380-4d54-ae4e-b71d3284ab6f is started using port 15095 for RATIS_SERVER
2023-11-17 09:55:33,298 [a7ddde4f-1380-4d54-ae4e-b71d3284ab6f-EndpointStateMachineTaskThread-/0.0.0.0:15002-0 ] INFO  ratis.XceiverServerRatis (XceiverServerRatis.java:getRealPort(544)) - XceiverServerRatis a7ddde4f-1380-4d54-ae4e-b71d3284ab6f is started using port 15096 for RATIS_DATASTREAM
2023-11-17 09:55:33,300 [a7ddde4f-1380-4d54-ae4e-b71d3284ab6f-BlockDeletingService#0] INFO  interfaces.ContainerDeletionChoosingPolicyTemplate (ContainerDeletionChoosingPolicyTemplate.java:chooseContainerForBlockDeletion(85)) - Chosen 0/5000 blocks from 0 candidate containers.
2023-11-17 09:55:34,120 [IPC Server handler 4 on default port 15002] INFO  net.NetworkTopologyImpl (NetworkTopologyImpl.java:add(123)) - Added a new node: /default-rack/3f7ce36a-008a-4440-b2ee-16e9e4e5a9e8
2023-11-17 09:55:34,123 [IPC Server handler 4 on default port 15002] INFO  node.SCMNodeManager (SCMNodeManager.java:register(405)) - Registered Data node : 3f7ce36a-008a-4440-b2ee-16e9e4e5a9e8{ip: 10.1.0.9, host: fv-az1021-556, ports: [HTTP=15009, CLIENT_RPC=15010, REPLICATION=15016, RATIS=15012, RATIS_ADMIN=15013, RATIS_SERVER=15014, RATIS_DATASTREAM=15015, STANDALONE=15011], networkLocation: /default-rack, certSerialId: null, persistedOpState: null, persistedOpStateExpiryEpochSec: 0}
2023-11-17 09:55:34,126 [EventQueue-NewNodeForNewNodeHandler] INFO  pipeline.BackgroundPipelineCreator (BackgroundPipelineCreator.java:notifyEventTriggered(280)) - trigger a one-shot run on RatisPipelineUtilsThread.
2023-11-17 09:55:34,129 [EventQueue-NodeRegistrationContainerReportForContainerSafeModeRule] INFO  safemode.SCMSafeModeManager (SCMSafeModeManager.java:validateSafeModeExitRules(200)) - ContainerSafeModeRule rule is successfully validated
2023-11-17 09:55:34,130 [EventQueue-NodeRegistrationContainerReportForDataNodeSafeModeRule] INFO  safemode.SCMSafeModeManager (DataNodeSafeModeRule.java:process(71)) - SCM in safe mode. 1 DataNodes registered, 3 required.
2023-11-17 09:55:34,135 [RatisPipelineUtilsThread-0] INFO  pipeline.RatisPipelineProvider (RatisPipelineProvider.java:lambda$create$0(206)) - Sending CreatePipelineCommand for pipeline:PipelineID=3e9079dd-2d08-4673-922f-7944aa9f9c2e to datanode:3f7ce36a-008a-4440-b2ee-16e9e4e5a9e8
2023-11-17 09:55:34,141 [EventQueue-PipelineReportForOneReplicaPipelineSafeModeRule] INFO  safemode.SCMSafeModeManager (SCMSafeModeManager.java:validateSafeModeExitRules(200)) - AtleastOneDatanodeReportedRule rule is successfully validated
2023-11-17 09:55:34,149 [RatisPipelineUtilsThread-0] INFO  pipeline.BackgroundPipelineCreator (BackgroundPipelineCreator.java:createPipelines(236)) - Created new pipeline Pipeline[ Id: 3e9079dd-2d08-4673-922f-7944aa9f9c2e, Nodes: 3f7ce36a-008a-4440-b2ee-16e9e4e5a9e8(fv-az1021-556/10.1.0.9), ReplicationConfig: RATIS/ONE, State:ALLOCATED, leaderId:, CreationTimestamp2023-11-17T09:55:34.135Z[Etc/UTC]]
2023-11-17 09:55:34,220 [IPC Server handler 5 on default port 15002] INFO  net.NetworkTopologyImpl (NetworkTopologyImpl.java:add(123)) - Added a new node: /default-rack/54bd6e84-2e53-4956-b446-cc6ac26bbc90
2023-11-17 09:55:34,221 [IPC Server handler 5 on default port 15002] INFO  node.SCMNodeManager (SCMNodeManager.java:register(405)) - Registered Data node : 54bd6e84-2e53-4956-b446-cc6ac26bbc90{ip: 10.1.0.9, host: fv-az1021-556, ports: [HTTP=15018, CLIENT_RPC=15019, REPLICATION=15025, RATIS=15021, RATIS_ADMIN=15022, RATIS_SERVER=15023, RATIS_DATASTREAM=15024, STANDALONE=15020], networkLocation: /default-rack, certSerialId: null, persistedOpState: null, persistedOpStateExpiryEpochSec: 0}
2023-11-17 09:55:34,222 [EventQueue-NewNodeForNewNodeHandler] INFO  pipeline.BackgroundPipelineCreator (BackgroundPipelineCreator.java:notifyEventTriggered(280)) - trigger a one-shot run on RatisPipelineUtilsThread.
2023-11-17 09:55:34,222 [EventQueue-NodeRegistrationContainerReportForDataNodeSafeModeRule] INFO  safemode.SCMSafeModeManager (DataNodeSafeModeRule.java:process(71)) - SCM in safe mode. 2 DataNodes registered, 3 required.
2023-11-17 09:55:34,223 [RatisPipelineUtilsThread-0] INFO  pipeline.RatisPipelineProvider (RatisPipelineProvider.java:lambda$create$0(206)) - Sending CreatePipelineCommand for pipeline:PipelineID=83cf1267-729e-45c6-adc3-a04e320cf844 to datanode:54bd6e84-2e53-4956-b446-cc6ac26bbc90
2023-11-17 09:55:34,224 [RatisPipelineUtilsThread-0] INFO  pipeline.BackgroundPipelineCreator (BackgroundPipelineCreator.java:createPipelines(236)) - Created new pipeline Pipeline[ Id: 83cf1267-729e-45c6-adc3-a04e320cf844, Nodes: 54bd6e84-2e53-4956-b446-cc6ac26bbc90(fv-az1021-556/10.1.0.9), ReplicationConfig: RATIS/ONE, State:ALLOCATED, leaderId:, CreationTimestamp2023-11-17T09:55:34.223Z[Etc/UTC]]
2023-11-17 09:55:34,268 [main] INFO  ozone.MiniOzoneClusterImpl (MiniOzoneClusterImpl.java:lambda$waitForClusterToBeReady$0(229)) - Waiting for nodes to be ready. Got 2 of 10 DN Heartbeats.
2023-11-17 09:55:34,268 [main] INFO  ozone.MiniOzoneClusterImpl (MiniOzoneClusterImpl.java:lambda$waitForClusterToBeReady$0(232)) - Waiting for cluster to exit safe mode
2023-11-17 09:55:34,268 [main] INFO  ozone.MiniOzoneClusterImpl (MiniOzoneClusterImpl.java:lambda$waitForClusterToBeReady$0(234)) - SCM became leader
2023-11-17 09:55:34,391 [IPC Server handler 6 on default port 15002] INFO  net.NetworkTopologyImpl (NetworkTopologyImpl.java:add(123)) - Added a new node: /default-rack/652b82d9-1846-44d1-8352-7bf3439ad078
2023-11-17 09:55:34,391 [IPC Server handler 6 on default port 15002] INFO  node.SCMNodeManager (SCMNodeManager.java:register(405)) - Registered Data node : 652b82d9-1846-44d1-8352-7bf3439ad078{ip: 10.1.0.9, host: fv-az1021-556, ports: [HTTP=15027, CLIENT_RPC=15028, REPLICATION=15034, RATIS=15030, RATIS_ADMIN=15031, RATIS_SERVER=15032, RATIS_DATASTREAM=15033, STANDALONE=15029], networkLocation: /default-rack, certSerialId: null, persistedOpState: null, persistedOpStateExpiryEpochSec: 0}
2023-11-17 09:55:34,392 [EventQueue-NodeRegistrationContainerReportForDataNodeSafeModeRule] INFO  safemode.SCMSafeModeManager (DataNodeSafeModeRule.java:process(71)) - SCM in safe mode. 3 DataNodes registered, 3 required.
2023-11-17 09:55:34,392 [EventQueue-NewNodeForNewNodeHandler] INFO  pipeline.BackgroundPipelineCreator (BackgroundPipelineCreator.java:notifyEventTriggered(280)) - trigger a one-shot run on RatisPipelineUtilsThread.
2023-11-17 09:55:34,392 [EventQueue-NodeRegistrationContainerReportForDataNodeSafeModeRule] INFO  safemode.SCMSafeModeManager (SCMSafeModeManager.java:validateSafeModeExitRules(200)) - DataNodeSafeModeRule rule is successfully validated
2023-11-17 09:55:34,392 [EventQueue-NodeRegistrationContainerReportForDataNodeSafeModeRule] INFO  safemode.SCMSafeModeManager (SCMSafeModeManager.java:completePreCheck(229)) - All SCM safe mode pre check rules have passed
2023-11-17 09:55:34,392 [EventQueue-NodeRegistrationContainerReportForDataNodeSafeModeRule] INFO  ha.SCMContext (SCMContext.java:updateSafeModeStatus(230)) - Update SafeModeStatus from SafeModeStatus{safeModeStatus=true, preCheckPassed=false} to SafeModeStatus{safeModeStatus=true, preCheckPassed=true}.
2023-11-17 09:55:34,392 [EventQueue-NodeRegistrationContainerReportForDataNodeSafeModeRule] INFO  pipeline.BackgroundPipelineCreator (BackgroundPipelineCreator.java:notifyEventTriggered(280)) - trigger a one-shot run on RatisPipelineUtilsThread.
2023-11-17 09:55:34,393 [RatisPipelineUtilsThread-0] INFO  pipeline.RatisPipelineProvider (RatisPipelineProvider.java:lambda$create$0(206)) - Sending CreatePipelineCommand for pipeline:PipelineID=38eb60f5-ccc4-4a43-84b4-cf9465ad8ed7 to datanode:652b82d9-1846-44d1-8352-7bf3439ad078
2023-11-17 09:55:34,394 [RatisPipelineUtilsThread-0] INFO  pipeline.BackgroundPipelineCreator (BackgroundPipelineCreator.java:createPipelines(236)) - Created new pipeline Pipeline[ Id: 38eb60f5-ccc4-4a43-84b4-cf9465ad8ed7, Nodes: 652b82d9-1846-44d1-8352-7bf3439ad078(fv-az1021-556/10.1.0.9), ReplicationConfig: RATIS/ONE, State:ALLOCATED, leaderId:, CreationTimestamp2023-11-17T09:55:34.393Z[Etc/UTC]]
2023-11-17 09:55:34,397 [RatisPipelineUtilsThread-0] INFO  pipeline.RatisPipelineProvider (RatisPipelineProvider.java:lambda$create$0(206)) - Sending CreatePipelineCommand for pipeline:PipelineID=e595b643-de06-4363-82b2-196f7c4343a2 to datanode:54bd6e84-2e53-4956-b446-cc6ac26bbc90
2023-11-17 09:55:34,397 [RatisPipelineUtilsThread-0] INFO  pipeline.RatisPipelineProvider (RatisPipelineProvider.java:lambda$create$0(206)) - Sending CreatePipelineCommand for pipeline:PipelineID=e595b643-de06-4363-82b2-196f7c4343a2 to datanode:652b82d9-1846-44d1-8352-7bf3439ad078
2023-11-17 09:55:34,397 [RatisPipelineUtilsThread-0] INFO  pipeline.RatisPipelineProvider (RatisPipelineProvider.java:lambda$create$0(206)) - Sending CreatePipelineCommand for pipeline:PipelineID=e595b643-de06-4363-82b2-196f7c4343a2 to datanode:3f7ce36a-008a-4440-b2ee-16e9e4e5a9e8
2023-11-17 09:55:34,398 [RatisPipelineUtilsThread-0] INFO  pipeline.BackgroundPipelineCreator (BackgroundPipelineCreator.java:createPipelines(236)) - Created new pipeline Pipeline[ Id: e595b643-de06-4363-82b2-196f7c4343a2, Nodes: 54bd6e84-2e53-4956-b446-cc6ac26bbc90(fv-az1021-556/10.1.0.9)652b82d9-1846-44d1-8352-7bf3439ad078(fv-az1021-556/10.1.0.9)3f7ce36a-008a-4440-b2ee-16e9e4e5a9e8(fv-az1021-556/10.1.0.9), ReplicationConfig: RATIS/THREE, State:ALLOCATED, leaderId:, CreationTimestamp2023-11-17T09:55:34.397Z[Etc/UTC]]
2023-11-17 09:55:34,399 [RatisPipelineUtilsThread-0] INFO  pipeline.RatisPipelineProvider (RatisPipelineProvider.java:lambda$create$0(206)) - Sending CreatePipelineCommand for pipeline:PipelineID=dde66346-54bf-4c28-8855-32a51c59fd22 to datanode:3f7ce36a-008a-4440-b2ee-16e9e4e5a9e8
2023-11-17 09:55:34,399 [RatisPipelineUtilsThread-0] INFO  pipeline.RatisPipelineProvider (RatisPipelineProvider.java:lambda$create$0(206)) - Sending CreatePipelineCommand for pipeline:PipelineID=dde66346-54bf-4c28-8855-32a51c59fd22 to datanode:54bd6e84-2e53-4956-b446-cc6ac26bbc90
2023-11-17 09:55:34,400 [RatisPipelineUtilsThread-0] INFO  pipeline.RatisPipelineProvider (RatisPipelineProvider.java:lambda$create$0(206)) - Sending CreatePipelineCommand for pipeline:PipelineID=dde66346-54bf-4c28-8855-32a51c59fd22 to datanode:652b82d9-1846-44d1-8352-7bf3439ad078
2023-11-17 09:55:34,401 [RatisPipelineUtilsThread-0] INFO  pipeline.PipelineManagerImpl (PipelineManagerImpl.java:recordMetricsForPipeline(895)) - Pipeline: PipelineID=dde66346-54bf-4c28-8855-32a51c59fd22 contains same datanodes as previous pipelines: PipelineID=e595b643-de06-4363-82b2-196f7c4343a2 nodeIds: 3f7ce36a-008a-4440-b2ee-16e9e4e5a9e8, 54bd6e84-2e53-4956-b446-cc6ac26bbc90, 652b82d9-1846-44d1-8352-7bf3439ad078
2023-11-17 09:55:34,401 [RatisPipelineUtilsThread-0] INFO  pipeline.BackgroundPipelineCreator (BackgroundPipelineCreator.java:createPipelines(236)) - Created new pipeline Pipeline[ Id: dde66346-54bf-4c28-8855-32a51c59fd22, Nodes: 3f7ce36a-008a-4440-b2ee-16e9e4e5a9e8(fv-az1021-556/10.1.0.9)54bd6e84-2e53-4956-b446-cc6ac26bbc90(fv-az1021-556/10.1.0.9)652b82d9-1846-44d1-8352-7bf3439ad078(fv-az1021-556/10.1.0.9), ReplicationConfig: RATIS/THREE, State:ALLOCATED, leaderId:, CreationTimestamp2023-11-17T09:55:34.399Z[Etc/UTC]]
2023-11-17 09:55:34,509 [IPC Server handler 7 on default port 15002] INFO  net.NetworkTopologyImpl (NetworkTopologyImpl.java:add(123)) - Added a new node: /default-rack/2a883bf7-e5b8-4bdb-a368-a41799101186
2023-11-17 09:55:34,510 [IPC Server handler 7 on default port 15002] INFO  node.SCMNodeManager (SCMNodeManager.java:register(405)) - Registered Data node : 2a883bf7-e5b8-4bdb-a368-a41799101186{ip: 10.1.0.9, host: fv-az1021-556, ports: [HTTP=15036, CLIENT_RPC=15037, REPLICATION=15043, RATIS=15039, RATIS_ADMIN=15040, RATIS_SERVER=15041, RATIS_DATASTREAM=15042, STANDALONE=15038], networkLocation: /default-rack, certSerialId: null, persistedOpState: null, persistedOpStateExpiryEpochSec: 0}
2023-11-17 09:55:34,511 [EventQueue-NewNodeForNewNodeHandler] INFO  pipeline.BackgroundPipelineCreator (BackgroundPipelineCreator.java:notifyEventTriggered(280)) - trigger a one-shot run on RatisPipelineUtilsThread.
2023-11-17 09:55:34,512 [RatisPipelineUtilsThread-0] INFO  pipeline.RatisPipelineProvider (RatisPipelineProvider.java:lambda$create$0(206)) - Sending CreatePipelineCommand for pipeline:PipelineID=c27d789d-4699-47eb-9cd2-1ce4e83622fe to datanode:2a883bf7-e5b8-4bdb-a368-a41799101186
2023-11-17 09:55:34,513 [RatisPipelineUtilsThread-0] INFO  pipeline.BackgroundPipelineCreator (BackgroundPipelineCreator.java:createPipelines(236)) - Created new pipeline Pipeline[ Id: c27d789d-4699-47eb-9cd2-1ce4e83622fe, Nodes: 2a883bf7-e5b8-4bdb-a368-a41799101186(fv-az1021-556/10.1.0.9), ReplicationConfig: RATIS/ONE, State:ALLOCATED, leaderId:, CreationTimestamp2023-11-17T09:55:34.512Z[Etc/UTC]]
2023-11-17 09:55:34,683 [IPC Server handler 8 on default port 15002] INFO  net.NetworkTopologyImpl (NetworkTopologyImpl.java:add(123)) - Added a new node: /default-rack/3172c264-2718-48bc-901b-d06defdb8935
2023-11-17 09:55:34,683 [IPC Server handler 8 on default port 15002] INFO  node.SCMNodeManager (SCMNodeManager.java:register(405)) - Registered Data node : 3172c264-2718-48bc-901b-d06defdb8935{ip: 10.1.0.9, host: fv-az1021-556, ports: [HTTP=15045, CLIENT_RPC=15046, REPLICATION=15052, RATIS=15048, RATIS_ADMIN=15049, RATIS_SERVER=15050, RATIS_DATASTREAM=15051, STANDALONE=15047], networkLocation: /default-rack, certSerialId: null, persistedOpState: null, persistedOpStateExpiryEpochSec: 0}
2023-11-17 09:55:34,683 [EventQueue-NewNodeForNewNodeHandler] INFO  pipeline.BackgroundPipelineCreator (BackgroundPipelineCreator.java:notifyEventTriggered(280)) - trigger a one-shot run on RatisPipelineUtilsThread.
2023-11-17 09:55:34,684 [RatisPipelineUtilsThread-0] INFO  pipeline.RatisPipelineProvider (RatisPipelineProvider.java:lambda$create$0(206)) - Sending CreatePipelineCommand for pipeline:PipelineID=a4494666-20c3-43f7-a1eb-8a8aa5c471f5 to datanode:3172c264-2718-48bc-901b-d06defdb8935
2023-11-17 09:55:34,685 [RatisPipelineUtilsThread-0] INFO  pipeline.BackgroundPipelineCreator (BackgroundPipelineCreator.java:createPipelines(236)) - Created new pipeline Pipeline[ Id: a4494666-20c3-43f7-a1eb-8a8aa5c471f5, Nodes: 3172c264-2718-48bc-901b-d06defdb8935(fv-az1021-556/10.1.0.9), ReplicationConfig: RATIS/ONE, State:ALLOCATED, leaderId:, CreationTimestamp2023-11-17T09:55:34.684Z[Etc/UTC]]
2023-11-17 09:55:34,820 [IPC Server handler 0 on default port 15002] INFO  net.NetworkTopologyImpl (NetworkTopologyImpl.java:add(123)) - Added a new node: /default-rack/fea717c9-b406-422e-8ccb-799e860d7c03
2023-11-17 09:55:34,821 [IPC Server handler 0 on default port 15002] INFO  node.SCMNodeManager (SCMNodeManager.java:register(405)) - Registered Data node : fea717c9-b406-422e-8ccb-799e860d7c03{ip: 10.1.0.9, host: fv-az1021-556, ports: [HTTP=15054, CLIENT_RPC=15055, REPLICATION=15061, RATIS=15057, RATIS_ADMIN=15058, RATIS_SERVER=15059, RATIS_DATASTREAM=15060, STANDALONE=15056], networkLocation: /default-rack, certSerialId: null, persistedOpState: null, persistedOpStateExpiryEpochSec: 0}
2023-11-17 09:55:34,821 [EventQueue-NewNodeForNewNodeHandler] INFO  pipeline.BackgroundPipelineCreator (BackgroundPipelineCreator.java:notifyEventTriggered(280)) - trigger a one-shot run on RatisPipelineUtilsThread.
2023-11-17 09:55:34,821 [RatisPipelineUtilsThread-0] INFO  pipeline.RatisPipelineProvider (RatisPipelineProvider.java:lambda$create$0(206)) - Sending CreatePipelineCommand for pipeline:PipelineID=1fd69049-22f1-4226-8fb2-50fdc25891fc to datanode:fea717c9-b406-422e-8ccb-799e860d7c03
2023-11-17 09:55:34,822 [RatisPipelineUtilsThread-0] INFO  pipeline.BackgroundPipelineCreator (BackgroundPipelineCreator.java:createPipelines(236)) - Created new pipeline Pipeline[ Id: 1fd69049-22f1-4226-8fb2-50fdc25891fc, Nodes: fea717c9-b406-422e-8ccb-799e860d7c03(fv-az1021-556/10.1.0.9), ReplicationConfig: RATIS/ONE, State:ALLOCATED, leaderId:, CreationTimestamp2023-11-17T09:55:34.821Z[Etc/UTC]]
2023-11-17 09:55:34,824 [RatisPipelineUtilsThread-0] INFO  pipeline.RatisPipelineProvider (RatisPipelineProvider.java:lambda$create$0(206)) - Sending CreatePipelineCommand for pipeline:PipelineID=b7d63c71-7857-4b6e-a0c9-5381fd1ff82c to datanode:fea717c9-b406-422e-8ccb-799e860d7c03
2023-11-17 09:55:34,824 [RatisPipelineUtilsThread-0] INFO  pipeline.RatisPipelineProvider (RatisPipelineProvider.java:lambda$create$0(206)) - Sending CreatePipelineCommand for pipeline:PipelineID=b7d63c71-7857-4b6e-a0c9-5381fd1ff82c to datanode:2a883bf7-e5b8-4bdb-a368-a41799101186
2023-11-17 09:55:34,824 [RatisPipelineUtilsThread-0] INFO  pipeline.RatisPipelineProvider (RatisPipelineProvider.java:lambda$create$0(206)) - Sending CreatePipelineCommand for pipeline:PipelineID=b7d63c71-7857-4b6e-a0c9-5381fd1ff82c to datanode:3172c264-2718-48bc-901b-d06defdb8935
2023-11-17 09:55:34,825 [RatisPipelineUtilsThread-0] INFO  pipeline.BackgroundPipelineCreator (BackgroundPipelineCreator.java:createPipelines(236)) - Created new pipeline Pipeline[ Id: b7d63c71-7857-4b6e-a0c9-5381fd1ff82c, Nodes: fea717c9-b406-422e-8ccb-799e860d7c03(fv-az1021-556/10.1.0.9)2a883bf7-e5b8-4bdb-a368-a41799101186(fv-az1021-556/10.1.0.9)3172c264-2718-48bc-901b-d06defdb8935(fv-az1021-556/10.1.0.9), ReplicationConfig: RATIS/THREE, State:ALLOCATED, leaderId:, CreationTimestamp2023-11-17T09:55:34.824Z[Etc/UTC]]
2023-11-17 09:55:34,826 [RatisPipelineUtilsThread-0] INFO  pipeline.RatisPipelineProvider (RatisPipelineProvider.java:lambda$create$0(206)) - Sending CreatePipelineCommand for pipeline:PipelineID=0df93212-96d5-4e9e-bcda-921e636cb4d7 to datanode:3172c264-2718-48bc-901b-d06defdb8935
2023-11-17 09:55:34,826 [RatisPipelineUtilsThread-0] INFO  pipeline.RatisPipelineProvider (RatisPipelineProvider.java:lambda$create$0(206)) - Sending CreatePipelineCommand for pipeline:PipelineID=0df93212-96d5-4e9e-bcda-921e636cb4d7 to datanode:2a883bf7-e5b8-4bdb-a368-a41799101186
2023-11-17 09:55:34,826 [RatisPipelineUtilsThread-0] INFO  pipeline.RatisPipelineProvider (RatisPipelineProvider.java:lambda$create$0(206)) - Sending CreatePipelineCommand for pipeline:PipelineID=0df93212-96d5-4e9e-bcda-921e636cb4d7 to datanode:fea717c9-b406-422e-8ccb-799e860d7c03
2023-11-17 09:55:34,827 [RatisPipelineUtilsThread-0] INFO  pipeline.PipelineManagerImpl (PipelineManagerImpl.java:recordMetricsForPipeline(895)) - Pipeline: PipelineID=0df93212-96d5-4e9e-bcda-921e636cb4d7 contains same datanodes as previous pipelines: PipelineID=b7d63c71-7857-4b6e-a0c9-5381fd1ff82c nodeIds: 3172c264-2718-48bc-901b-d06defdb8935, 2a883bf7-e5b8-4bdb-a368-a41799101186, fea717c9-b406-422e-8ccb-799e860d7c03
2023-11-17 09:55:34,827 [RatisPipelineUtilsThread-0] INFO  pipeline.BackgroundPipelineCreator (BackgroundPipelineCreator.java:createPipelines(236)) - Created new pipeline Pipeline[ Id: 0df93212-96d5-4e9e-bcda-921e636cb4d7, Nodes: 3172c264-2718-48bc-901b-d06defdb8935(fv-az1021-556/10.1.0.9)2a883bf7-e5b8-4bdb-a368-a41799101186(fv-az1021-556/10.1.0.9)fea717c9-b406-422e-8ccb-799e860d7c03(fv-az1021-556/10.1.0.9), ReplicationConfig: RATIS/THREE, State:ALLOCATED, leaderId:, CreationTimestamp2023-11-17T09:55:34.826Z[Etc/UTC]]
2023-11-17 09:55:34,951 [IPC Server handler 1 on default port 15002] INFO  net.NetworkTopologyImpl (NetworkTopologyImpl.java:add(123)) - Added a new node: /default-rack/bfb594ff-14fd-40d9-830b-cf7a3dd84176
2023-11-17 09:55:34,952 [IPC Server handler 1 on default port 15002] INFO  node.SCMNodeManager (SCMNodeManager.java:register(405)) - Registered Data node : bfb594ff-14fd-40d9-830b-cf7a3dd84176{ip: 10.1.0.9, host: fv-az1021-556, ports: [HTTP=15063, CLIENT_RPC=15064, REPLICATION=15070, RATIS=15066, RATIS_ADMIN=15067, RATIS_SERVER=15068, RATIS_DATASTREAM=15069, STANDALONE=15065], networkLocation: /default-rack, certSerialId: null, persistedOpState: null, persistedOpStateExpiryEpochSec: 0}
2023-11-17 09:55:34,953 [EventQueue-NewNodeForNewNodeHandler] INFO  pipeline.BackgroundPipelineCreator (BackgroundPipelineCreator.java:notifyEventTriggered(280)) - trigger a one-shot run on RatisPipelineUtilsThread.
2023-11-17 09:55:34,954 [RatisPipelineUtilsThread-0] INFO  pipeline.RatisPipelineProvider (RatisPipelineProvider.java:lambda$create$0(206)) - Sending CreatePipelineCommand for pipeline:PipelineID=6d9afe88-5f1d-4dd3-a08a-76fa6c5feabd to datanode:bfb594ff-14fd-40d9-830b-cf7a3dd84176
2023-11-17 09:55:34,955 [RatisPipelineUtilsThread-0] INFO  pipeline.BackgroundPipelineCreator (BackgroundPipelineCreator.java:createPipelines(236)) - Created new pipeline Pipeline[ Id: 6d9afe88-5f1d-4dd3-a08a-76fa6c5feabd, Nodes: bfb594ff-14fd-40d9-830b-cf7a3dd84176(fv-az1021-556/10.1.0.9), ReplicationConfig: RATIS/ONE, State:ALLOCATED, leaderId:, CreationTimestamp2023-11-17T09:55:34.954Z[Etc/UTC]]
2023-11-17 09:55:35,052 [IPC Server handler 3 on default port 15002] INFO  net.NetworkTopologyImpl (NetworkTopologyImpl.java:add(123)) - Added a new node: /default-rack/a7578bdd-9139-4946-a78d-cc7981f76fa8
2023-11-17 09:55:35,052 [IPC Server handler 3 on default port 15002] INFO  node.SCMNodeManager (SCMNodeManager.java:register(405)) - Registered Data node : a7578bdd-9139-4946-a78d-cc7981f76fa8{ip: 10.1.0.9, host: fv-az1021-556, ports: [HTTP=15072, CLIENT_RPC=15073, REPLICATION=15079, RATIS=15075, RATIS_ADMIN=15076, RATIS_SERVER=15077, RATIS_DATASTREAM=15078, STANDALONE=15074], networkLocation: /default-rack, certSerialId: null, persistedOpState: null, persistedOpStateExpiryEpochSec: 0}
2023-11-17 09:55:35,052 [EventQueue-NewNodeForNewNodeHandler] INFO  pipeline.BackgroundPipelineCreator (BackgroundPipelineCreator.java:notifyEventTriggered(280)) - trigger a one-shot run on RatisPipelineUtilsThread.
2023-11-17 09:55:35,053 [RatisPipelineUtilsThread-0] INFO  pipeline.RatisPipelineProvider (RatisPipelineProvider.java:lambda$create$0(206)) - Sending CreatePipelineCommand for pipeline:PipelineID=db99a577-c343-4c5d-a962-02e4ab4f7b05 to datanode:a7578bdd-9139-4946-a78d-cc7981f76fa8
2023-11-17 09:55:35,054 [RatisPipelineUtilsThread-0] INFO  pipeline.BackgroundPipelineCreator (BackgroundPipelineCreator.java:createPipelines(236)) - Created new pipeline Pipeline[ Id: db99a577-c343-4c5d-a962-02e4ab4f7b05, Nodes: a7578bdd-9139-4946-a78d-cc7981f76fa8(fv-az1021-556/10.1.0.9), ReplicationConfig: RATIS/ONE, State:ALLOCATED, leaderId:, CreationTimestamp2023-11-17T09:55:35.053Z[Etc/UTC]]
2023-11-17 09:55:35,166 [IPC Server handler 5 on default port 15002] INFO  net.NetworkTopologyImpl (NetworkTopologyImpl.java:add(123)) - Added a new node: /default-rack/cb74a50f-08de-45ec-b832-8b69b058d768
2023-11-17 09:55:35,166 [IPC Server handler 5 on default port 15002] INFO  node.SCMNodeManager (SCMNodeManager.java:register(405)) - Registered Data node : cb74a50f-08de-45ec-b832-8b69b058d768{ip: 10.1.0.9, host: fv-az1021-556, ports: [HTTP=15081, CLIENT_RPC=15082, REPLICATION=15088, RATIS=15084, RATIS_ADMIN=15085, RATIS_SERVER=15086, RATIS_DATASTREAM=15087, STANDALONE=15083], networkLocation: /default-rack, certSerialId: null, persistedOpState: null, persistedOpStateExpiryEpochSec: 0}
2023-11-17 09:55:35,167 [EventQueue-NewNodeForNewNodeHandler] INFO  pipeline.BackgroundPipelineCreator (BackgroundPipelineCreator.java:notifyEventTriggered(280)) - trigger a one-shot run on RatisPipelineUtilsThread.
2023-11-17 09:55:35,168 [RatisPipelineUtilsThread-0] INFO  pipeline.RatisPipelineProvider (RatisPipelineProvider.java:lambda$create$0(206)) - Sending CreatePipelineCommand for pipeline:PipelineID=4a870fe7-9fa9-4752-bd5b-9747de4185a8 to datanode:cb74a50f-08de-45ec-b832-8b69b058d768
2023-11-17 09:55:35,169 [RatisPipelineUtilsThread-0] INFO  pipeline.BackgroundPipelineCreator (BackgroundPipelineCreator.java:createPipelines(236)) - Created new pipeline Pipeline[ Id: 4a870fe7-9fa9-4752-bd5b-9747de4185a8, Nodes: cb74a50f-08de-45ec-b832-8b69b058d768(fv-az1021-556/10.1.0.9), ReplicationConfig: RATIS/ONE, State:ALLOCATED, leaderId:, CreationTimestamp2023-11-17T09:55:35.167Z[Etc/UTC]]
2023-11-17 09:55:35,169 [RatisPipelineUtilsThread-0] INFO  pipeline.RatisPipelineProvider (RatisPipelineProvider.java:lambda$create$0(206)) - Sending CreatePipelineCommand for pipeline:PipelineID=dc120092-d2e9-426a-ac7c-89f4f4114eab to datanode:cb74a50f-08de-45ec-b832-8b69b058d768
2023-11-17 09:55:35,169 [RatisPipelineUtilsThread-0] INFO  pipeline.RatisPipelineProvider (RatisPipelineProvider.java:lambda$create$0(206)) - Sending CreatePipelineCommand for pipeline:PipelineID=dc120092-d2e9-426a-ac7c-89f4f4114eab to datanode:a7578bdd-9139-4946-a78d-cc7981f76fa8
2023-11-17 09:55:35,169 [RatisPipelineUtilsThread-0] INFO  pipeline.RatisPipelineProvider (RatisPipelineProvider.java:lambda$create$0(206)) - Sending CreatePipelineCommand for pipeline:PipelineID=dc120092-d2e9-426a-ac7c-89f4f4114eab to datanode:bfb594ff-14fd-40d9-830b-cf7a3dd84176
2023-11-17 09:55:35,171 [RatisPipelineUtilsThread-0] INFO  pipeline.BackgroundPipelineCreator (BackgroundPipelineCreator.java:createPipelines(236)) - Created new pipeline Pipeline[ Id: dc120092-d2e9-426a-ac7c-89f4f4114eab, Nodes: cb74a50f-08de-45ec-b832-8b69b058d768(fv-az1021-556/10.1.0.9)a7578bdd-9139-4946-a78d-cc7981f76fa8(fv-az1021-556/10.1.0.9)bfb594ff-14fd-40d9-830b-cf7a3dd84176(fv-az1021-556/10.1.0.9), ReplicationConfig: RATIS/THREE, State:ALLOCATED, leaderId:, CreationTimestamp2023-11-17T09:55:35.169Z[Etc/UTC]]
2023-11-17 09:55:35,172 [RatisPipelineUtilsThread-0] INFO  pipeline.RatisPipelineProvider (RatisPipelineProvider.java:lambda$create$0(206)) - Sending CreatePipelineCommand for pipeline:PipelineID=f34f35bf-938f-481c-b560-2b4a13c8640b to datanode:cb74a50f-08de-45ec-b832-8b69b058d768
2023-11-17 09:55:35,172 [RatisPipelineUtilsThread-0] INFO  pipeline.RatisPipelineProvider (RatisPipelineProvider.java:lambda$create$0(206)) - Sending CreatePipelineCommand for pipeline:PipelineID=f34f35bf-938f-481c-b560-2b4a13c8640b to datanode:bfb594ff-14fd-40d9-830b-cf7a3dd84176
2023-11-17 09:55:35,172 [RatisPipelineUtilsThread-0] INFO  pipeline.RatisPipelineProvider (RatisPipelineProvider.java:lambda$create$0(206)) - Sending CreatePipelineCommand for pipeline:PipelineID=f34f35bf-938f-481c-b560-2b4a13c8640b to datanode:a7578bdd-9139-4946-a78d-cc7981f76fa8
2023-11-17 09:55:35,173 [RatisPipelineUtilsThread-0] INFO  pipeline.PipelineManagerImpl (PipelineManagerImpl.java:recordMetricsForPipeline(895)) - Pipeline: PipelineID=f34f35bf-938f-481c-b560-2b4a13c8640b contains same datanodes as previous pipelines: PipelineID=dc120092-d2e9-426a-ac7c-89f4f4114eab nodeIds: cb74a50f-08de-45ec-b832-8b69b058d768, bfb594ff-14fd-40d9-830b-cf7a3dd84176, a7578bdd-9139-4946-a78d-cc7981f76fa8
2023-11-17 09:55:35,173 [RatisPipelineUtilsThread-0] INFO  pipeline.BackgroundPipelineCreator (BackgroundPipelineCreator.java:createPipelines(236)) - Created new pipeline Pipeline[ Id: f34f35bf-938f-481c-b560-2b4a13c8640b, Nodes: cb74a50f-08de-45ec-b832-8b69b058d768(fv-az1021-556/10.1.0.9)bfb594ff-14fd-40d9-830b-cf7a3dd84176(fv-az1021-556/10.1.0.9)a7578bdd-9139-4946-a78d-cc7981f76fa8(fv-az1021-556/10.1.0.9), ReplicationConfig: RATIS/THREE, State:ALLOCATED, leaderId:, CreationTimestamp2023-11-17T09:55:35.172Z[Etc/UTC]]
2023-11-17 09:55:35,267 [IPC Server handler 6 on default port 15002] INFO  net.NetworkTopologyImpl (NetworkTopologyImpl.java:add(123)) - Added a new node: /default-rack/a7ddde4f-1380-4d54-ae4e-b71d3284ab6f
2023-11-17 09:55:35,267 [IPC Server handler 6 on default port 15002] INFO  node.SCMNodeManager (SCMNodeManager.java:register(405)) - Registered Data node : a7ddde4f-1380-4d54-ae4e-b71d3284ab6f{ip: 10.1.0.9, host: fv-az1021-556, ports: [HTTP=15090, CLIENT_RPC=15091, REPLICATION=15097, RATIS=15093, RATIS_ADMIN=15094, RATIS_SERVER=15095, RATIS_DATASTREAM=15096, STANDALONE=15092], networkLocation: /default-rack, certSerialId: null, persistedOpState: null, persistedOpStateExpiryEpochSec: 0}
2023-11-17 09:55:35,268 [EventQueue-NewNodeForNewNodeHandler] INFO  pipeline.BackgroundPipelineCreator (BackgroundPipelineCreator.java:notifyEventTriggered(280)) - trigger a one-shot run on RatisPipelineUtilsThread.
2023-11-17 09:55:35,269 [main] INFO  ozone.MiniOzoneClusterImpl (MiniOzoneClusterImpl.java:lambda$waitForClusterToBeReady$0(229)) - Nodes are ready. Got 10 of 10 DN Heartbeats.
2023-11-17 09:55:35,269 [main] INFO  ozone.MiniOzoneClusterImpl (MiniOzoneClusterImpl.java:lambda$waitForClusterToBeReady$0(232)) - Waiting for cluster to exit safe mode
2023-11-17 09:55:35,269 [main] INFO  ozone.MiniOzoneClusterImpl (MiniOzoneClusterImpl.java:lambda$waitForClusterToBeReady$0(234)) - SCM became leader
2023-11-17 09:55:35,269 [RatisPipelineUtilsThread-0] INFO  pipeline.RatisPipelineProvider (RatisPipelineProvider.java:lambda$create$0(206)) - Sending CreatePipelineCommand for pipeline:PipelineID=728b795c-ba06-48ed-899f-f190dfd69fe8 to datanode:a7ddde4f-1380-4d54-ae4e-b71d3284ab6f
2023-11-17 09:55:35,271 [RatisPipelineUtilsThread-0] INFO  pipeline.BackgroundPipelineCreator (BackgroundPipelineCreator.java:createPipelines(236)) - Created new pipeline Pipeline[ Id: 728b795c-ba06-48ed-899f-f190dfd69fe8, Nodes: a7ddde4f-1380-4d54-ae4e-b71d3284ab6f(fv-az1021-556/10.1.0.9), ReplicationConfig: RATIS/ONE, State:ALLOCATED, leaderId:, CreationTimestamp2023-11-17T09:55:35.269Z[Etc/UTC]]
2023-11-17 09:55:36,269 [main] INFO  ozone.MiniOzoneClusterImpl (MiniOzoneClusterImpl.java:lambda$waitForClusterToBeReady$0(229)) - Nodes are ready. Got 10 of 10 DN Heartbeats.
2023-11-17 09:55:36,270 [main] INFO  ozone.MiniOzoneClusterImpl (MiniOzoneClusterImpl.java:lambda$waitForClusterToBeReady$0(232)) - Waiting for cluster to exit safe mode
2023-11-17 09:55:36,270 [main] INFO  ozone.MiniOzoneClusterImpl (MiniOzoneClusterImpl.java:lambda$waitForClusterToBeReady$0(234)) - SCM became leader
2023-11-17 09:55:37,119 [3f7ce36a-008a-4440-b2ee-16e9e4e5a9e8-PipelineCommandHandlerThread-0] INFO  server.RaftServer (RaftServerProxy.java:addNew(98)) - 3f7ce36a-008a-4440-b2ee-16e9e4e5a9e8: addNew group-7944AA9F9C2E:[3f7ce36a-008a-4440-b2ee-16e9e4e5a9e8|rpc:10.1.0.9:15014|admin:10.1.0.9:15013|client:10.1.0.9:15012|dataStream:10.1.0.9:15015|priority:1|startupRole:FOLLOWER] returns group-7944AA9F9C2E:java.util.concurrent.CompletableFuture@3d024b8b[Not completed]
2023-11-17 09:55:37,124 [3f7ce36a-008a-4440-b2ee-16e9e4e5a9e8-groupManagement] INFO  server.RaftServer$Division (RaftServerImpl.java:<init>(198)) - 3f7ce36a-008a-4440-b2ee-16e9e4e5a9e8: new RaftServerImpl for group-7944AA9F9C2E:[3f7ce36a-008a-4440-b2ee-16e9e4e5a9e8|rpc:10.1.0.9:15014|admin:10.1.0.9:15013|client:10.1.0.9:15012|dataStream:10.1.0.9:15015|priority:1|startupRole:FOLLOWER] with ContainerStateMachine:uninitialized
2023-11-17 09:55:37,125 [3f7ce36a-008a-4440-b2ee-16e9e4e5a9e8-groupManagement] INFO  server.RaftServerConfigKeys (ConfUtils.java:logGet(46)) - raft.server.rpc.timeout.min = 5s (custom)
2023-11-17 09:55:37,125 [3f7ce36a-008a-4440-b2ee-16e9e4e5a9e8-groupManagement] INFO  server.RaftServerConfigKeys (ConfUtils.java:logGet(46)) - raft.server.rpc.timeout.max = 5200ms (custom)
2023-11-17 09:55:37,125 [3f7ce36a-008a-4440-b2ee-16e9e4e5a9e8-groupManagement] INFO  server.RaftServerConfigKeys (ConfUtils.java:logGet(46)) - raft.server.rpc.sleep.time = 25ms (default)
2023-11-17 09:55:37,125 [3f7ce36a-008a-4440-b2ee-16e9e4e5a9e8-groupManagement] INFO  server.RaftServerConfigKeys (ConfUtils.java:logGet(46)) - raft.server.rpc.slowness.timeout = 300s (custom)
2023-11-17 09:55:37,125 [3f7ce36a-008a-4440-b2ee-16e9e4e5a9e8-groupManagement] INFO  server.RaftServerConfigKeys (ConfUtils.java:logGet(46)) - raft.server.leaderelection.leader.step-down.wait-time = 10s (default)
2023-11-17 09:55:37,125 [3f7ce36a-008a-4440-b2ee-16e9e4e5a9e8-groupManagement] INFO  server.RaftServerConfigKeys (ConfUtils.java:logGet(46)) - raft.server.sleep.deviation.threshold = 300ms (default)
2023-11-17 09:55:37,125 [3f7ce36a-008a-4440-b2ee-16e9e4e5a9e8-groupManagement] INFO  server.RaftServer$Division (ServerState.java:<init>(120)) - 3f7ce36a-008a-4440-b2ee-16e9e4e5a9e8@group-7944AA9F9C2E: ConfigurationManager, init=-1: peers:[3f7ce36a-008a-4440-b2ee-16e9e4e5a9e8|rpc:10.1.0.9:15014|admin:10.1.0.9:15013|client:10.1.0.9:15012|dataStream:10.1.0.9:15015|priority:1|startupRole:FOLLOWER]|listeners:[], old=null, confs=<EMPTY_MAP>
2023-11-17 09:55:37,125 [3f7ce36a-008a-4440-b2ee-16e9e4e5a9e8-groupManagement] INFO  server.RaftServerConfigKeys (ConfUtils.java:logGet(46)) - raft.server.storage.dir = [/home/runner/work/ozone/ozone/hadoop-ozone/integration-test/target/test-dir/MiniOzoneClusterImpl-b9d514d0-62e9-44b2-85a5-b07480d3784c/datanode-0/data/ratis] (custom)
2023-11-17 09:55:37,125 [3f7ce36a-008a-4440-b2ee-16e9e4e5a9e8-groupManagement] INFO  server.RaftServerConfigKeys (ConfUtils.java:logGet(46)) - raft.server.log.corruption.policy = EXCEPTION (default)
2023-11-17 09:55:37,125 [3f7ce36a-008a-4440-b2ee-16e9e4e5a9e8-groupManagement] INFO  server.RaftServerConfigKeys (ConfUtils.java:logGet(46)) - raft.server.storage.free-space.min = 0MB (=0) (default)
2023-11-17 09:55:37,126 [3f7ce36a-008a-4440-b2ee-16e9e4e5a9e8-groupManagement] INFO  server.RaftServerConfigKeys (ConfUtils.java:logGet(46)) - raft.server.notification.no-leader.timeout = 300s (custom)
2023-11-17 09:55:37,126 [3f7ce36a-008a-4440-b2ee-16e9e4e5a9e8-groupManagement] INFO  server.RaftServerConfigKeys (ConfUtils.java:logGet(46)) - raft.server.read.timeout = 10s (default)
2023-11-17 09:55:37,126 [3f7ce36a-008a-4440-b2ee-16e9e4e5a9e8-groupManagement] INFO  server.RaftServerConfigKeys (ConfUtils.java:logGet(46)) - raft.server.retrycache.expirytime = 600000ms (custom)
2023-11-17 09:55:37,126 [3f7ce36a-008a-4440-b2ee-16e9e4e5a9e8-groupManagement] INFO  server.RaftServerConfigKeys (ConfUtils.java:logGet(46)) - raft.server.retrycache.statistics.expirytime = 100μs (default)
2023-11-17 09:55:37,126 [3f7ce36a-008a-4440-b2ee-16e9e4e5a9e8-groupManagement] INFO  server.RaftServerConfigKeys (ConfUtils.java:logGet(46)) - raft.server.read.option = DEFAULT (default)
2023-11-17 09:55:37,130 [3f7ce36a-008a-4440-b2ee-16e9e4e5a9e8-groupManagement] INFO  server.RaftServerConfigKeys (ConfUtils.java:logGet(46)) - raft.server.rpc.request.timeout = 60s (custom)
2023-11-17 09:55:37,130 [3f7ce36a-008a-4440-b2ee-16e9e4e5a9e8-groupManagement] INFO  server.RaftServerConfigKeys (ConfUtils.java:logGet(46)) - raft.server.log.appender.install.snapshot.enabled = false (custom)
2023-11-17 09:55:37,130 [3f7ce36a-008a-4440-b2ee-16e9e4e5a9e8-groupManagement] INFO  server.RaftServerConfigKeys (ConfUtils.java:logGet(46)) - raft.server.threadpool.server.cached = true (default)
2023-11-17 09:55:37,130 [3f7ce36a-008a-4440-b2ee-16e9e4e5a9e8-groupManagement] INFO  server.RaftServerConfigKeys (ConfUtils.java:logGet(46)) - raft.server.threadpool.server.size = 0 (default)
2023-11-17 09:55:37,130 [3f7ce36a-008a-4440-b2ee-16e9e4e5a9e8-groupManagement] INFO  server.RaftServerConfigKeys (ConfUtils.java:logGet(46)) - raft.server.threadpool.client.cached = true (default)
2023-11-17 09:55:37,130 [3f7ce36a-008a-4440-b2ee-16e9e4e5a9e8-groupManagement] INFO  server.RaftServerConfigKeys (ConfUtils.java:logGet(46)) - raft.server.threadpool.client.size = 0 (default)
2023-11-17 09:55:37,130 [3f7ce36a-008a-4440-b2ee-16e9e4e5a9e8-groupManagement] INFO  storage.RaftStorageDirectory (RaftStorageDirectoryImpl.java:analyzeStorage(137)) - The storage directory /home/runner/work/ozone/ozone/hadoop-ozone/integration-test/target/test-dir/MiniOzoneClusterImpl-b9d514d0-62e9-44b2-85a5-b07480d3784c/datanode-0/data/ratis/3e9079dd-2d08-4673-922f-7944aa9f9c2e does not exist. Creating ...
2023-11-17 09:55:37,131 [3f7ce36a-008a-4440-b2ee-16e9e4e5a9e8-groupManagement] INFO  storage.RaftStorageDirectory (RaftStorageDirectoryImpl.java:tryLock(231)) - Lock on /home/runner/work/ozone/ozone/hadoop-ozone/integration-test/target/test-dir/MiniOzoneClusterImpl-b9d514d0-62e9-44b2-85a5-b07480d3784c/datanode-0/data/ratis/3e9079dd-2d08-4673-922f-7944aa9f9c2e/in_use.lock acquired by nodename 28525@fv-az1021-556
2023-11-17 09:55:37,132 [3f7ce36a-008a-4440-b2ee-16e9e4e5a9e8-groupManagement] INFO  storage.RaftStorage (RaftStorageImpl.java:format(96)) - Storage directory /home/runner/work/ozone/ozone/hadoop-ozone/integration-test/target/test-dir/MiniOzoneClusterImpl-b9d514d0-62e9-44b2-85a5-b07480d3784c/datanode-0/data/ratis/3e9079dd-2d08-4673-922f-7944aa9f9c2e has been successfully formatted.
2023-11-17 09:55:37,135 [3f7ce36a-008a-4440-b2ee-16e9e4e5a9e8-groupManagement] INFO  ratis.ContainerStateMachine (ContainerStateMachine.java:loadSnapshot(269)) - group-7944AA9F9C2E: The snapshot info is null. Setting the last applied indexto:(t:0, i:~)
2023-11-17 09:55:37,136 [3f7ce36a-008a-4440-b2ee-16e9e4e5a9e8-groupManagement] INFO  server.RaftServerConfigKeys (ConfUtils.java:logGet(46)) - raft.server.log.use.memory = false (default)
2023-11-17 09:55:37,136 [3f7ce36a-008a-4440-b2ee-16e9e4e5a9e8-groupManagement] INFO  server.RaftServerConfigKeys (ConfUtils.java:logGet(46)) - raft.server.log.purge.gap = 1000000 (custom)
2023-11-17 09:55:37,136 [3f7ce36a-008a-4440-b2ee-16e9e4e5a9e8-groupManagement] INFO  server.RaftServerConfigKeys (ConfUtils.java:logGet(46)) - raft.server.log.appender.buffer.byte-limit = 33554432 (custom)
2023-11-17 09:55:37,136 [3f7ce36a-008a-4440-b2ee-16e9e4e5a9e8-groupManagement] INFO  server.RaftServerConfigKeys (ConfUtils.java:logGet(46)) - raft.server.log.statemachine.data.read.timeout = 1000ms (default)
2023-11-17 09:55:37,136 [3f7ce36a-008a-4440-b2ee-16e9e4e5a9e8-groupManagement] INFO  server.RaftServerConfigKeys (ConfUtils.java:logGet(46)) - raft.server.log.purge.preservation.log.num = 0 (default)
2023-11-17 09:55:37,136 [3f7ce36a-008a-4440-b2ee-16e9e4e5a9e8-groupManagement] INFO  server.RaftServerConfigKeys (ConfUtils.java:logGet(46)) - raft.server.log.segment.size.max = 1048576 (custom)
2023-11-17 09:55:37,138 [3f7ce36a-008a-4440-b2ee-16e9e4e5a9e8-groupManagement] INFO  server.RaftServerConfigKeys (ConfUtils.java:logGet(46)) - raft.server.log.segment.cache.num.max = 2 (custom)
2023-11-17 09:55:37,138 [3f7ce36a-008a-4440-b2ee-16e9e4e5a9e8-groupManagement] INFO  server.RaftServerConfigKeys (ConfUtils.java:logGet(46)) - raft.server.log.segment.cache.size.max = 200MB (=209715200) (default)
2023-11-17 09:55:37,138 [3f7ce36a-008a-4440-b2ee-16e9e4e5a9e8-groupManagement] INFO  server.RaftServerConfigKeys (ConfUtils.java:logGet(46)) - raft.server.log.appender.buffer.byte-limit = 33554432 (custom)
2023-11-17 09:55:37,138 [3f7ce36a-008a-4440-b2ee-16e9e4e5a9e8-groupManagement] INFO  segmented.SegmentedRaftLogWorker (SegmentedRaftLogWorker.java:<init>(188)) - new 3f7ce36a-008a-4440-b2ee-16e9e4e5a9e8@group-7944AA9F9C2E-SegmentedRaftLogWorker for RaftStorageImpl:Storage Directory /home/runner/work/ozone/ozone/hadoop-ozone/integration-test/target/test-dir/MiniOzoneClusterImpl-b9d514d0-62e9-44b2-85a5-b07480d3784c/datanode-0/data/ratis/3e9079dd-2d08-4673-922f-7944aa9f9c2e
2023-11-17 09:55:37,138 [3f7ce36a-008a-4440-b2ee-16e9e4e5a9e8-groupManagement] INFO  server.RaftServerConfigKeys (ConfUtils.java:logGet(46)) - raft.server.log.queue.byte-limit = 4294967296 (custom)
2023-11-17 09:55:37,138 [3f7ce36a-008a-4440-b2ee-16e9e4e5a9e8-groupManagement] INFO  server.RaftServerConfigKeys (ConfUtils.java:logGet(46)) - raft.server.log.queue.element-limit = 1024 (custom)
2023-11-17 09:55:37,138 [3f7ce36a-008a-4440-b2ee-16e9e4e5a9e8-groupManagement] INFO  server.RaftServerConfigKeys (ConfUtils.java:logGet(46)) - raft.server.log.segment.size.max = 1048576 (custom)
2023-11-17 09:55:37,138 [3f7ce36a-008a-4440-b2ee-16e9e4e5a9e8-groupManagement] INFO  server.RaftServerConfigKeys (ConfUtils.java:logGet(46)) - raft.server.log.preallocated.size = 16384 (custom)
2023-11-17 09:55:37,138 [3f7ce36a-008a-4440-b2ee-16e9e4e5a9e8-groupManagement] INFO  server.RaftServerConfigKeys (ConfUtils.java:logGet(46)) - raft.server.log.force.sync.num = 128 (default)
2023-11-17 09:55:37,138 [3f7ce36a-008a-4440-b2ee-16e9e4e5a9e8-groupManagement] INFO  server.RaftServerConfigKeys (ConfUtils.java:logGet(46)) - raft.server.log.statemachine.data.sync = true (default)
2023-11-17 09:55:37,138 [3f7ce36a-008a-4440-b2ee-16e9e4e5a9e8-groupManagement] INFO  server.RaftServerConfigKeys (ConfUtils.java:logGet(46)) - raft.server.log.statemachine.data.sync.timeout = 10s (default)
2023-11-17 09:55:37,138 [3f7ce36a-008a-4440-b2ee-16e9e4e5a9e8-groupManagement] INFO  server.RaftServerConfigKeys (ConfUtils.java:logGet(46)) - raft.server.log.statemachine.data.sync.timeout.retry = -1 (default)
2023-11-17 09:55:37,141 [3f7ce36a-008a-4440-b2ee-16e9e4e5a9e8-groupManagement] INFO  server.RaftServerConfigKeys (ConfUtils.java:logGet(46)) - raft.server.log.write.buffer.size = 1048576 (custom)
2023-11-17 09:55:37,141 [3f7ce36a-008a-4440-b2ee-16e9e4e5a9e8-groupManagement] INFO  server.RaftServerConfigKeys (ConfUtils.java:logGet(46)) - raft.server.log.appender.buffer.byte-limit = 33554432 (custom)
2023-11-17 09:55:37,142 [3f7ce36a-008a-4440-b2ee-16e9e4e5a9e8-groupManagement] INFO  server.RaftServerConfigKeys (ConfUtils.java:logGet(46)) - raft.server.log.unsafe-flush.enabled = false (default)
2023-11-17 09:55:37,142 [3f7ce36a-008a-4440-b2ee-16e9e4e5a9e8-groupManagement] INFO  server.RaftServerConfigKeys (ConfUtils.java:logGet(46)) - raft.server.log.async-flush.enabled = false (default)
2023-11-17 09:55:37,142 [3f7ce36a-008a-4440-b2ee-16e9e4e5a9e8-groupManagement] INFO  server.RaftServerConfigKeys (ConfUtils.java:logGet(46)) - raft.server.log.statemachine.data.caching.enabled = true (custom)
2023-11-17 09:55:37,143 [3f7ce36a-008a-4440-b2ee-16e9e4e5a9e8-groupManagement] INFO  segmented.SegmentedRaftLogWorker (SegmentedRaftLogWorker.java:lambda$new$0(135)) - 3f7ce36a-008a-4440-b2ee-16e9e4e5a9e8@group-7944AA9F9C2E-SegmentedRaftLogWorker: flushIndex: setUnconditionally 0 -> -1
2023-11-17 09:55:37,143 [3f7ce36a-008a-4440-b2ee-16e9e4e5a9e8-groupManagement] INFO  segmented.SegmentedRaftLogWorker (SegmentedRaftLogWorker.java:lambda$new$0(135)) - 3f7ce36a-008a-4440-b2ee-16e9e4e5a9e8@group-7944AA9F9C2E-SegmentedRaftLogWorker: safeCacheEvictIndex: setUnconditionally 0 -> -1
2023-11-17 09:55:37,143 [3f7ce36a-008a-4440-b2ee-16e9e4e5a9e8-groupManagement] INFO  server.RaftServer$Division (RaftServerImpl.java:start(342)) - 3f7ce36a-008a-4440-b2ee-16e9e4e5a9e8@group-7944AA9F9C2E: start as a follower, conf=-1: peers:[3f7ce36a-008a-4440-b2ee-16e9e4e5a9e8|rpc:10.1.0.9:15014|admin:10.1.0.9:15013|client:10.1.0.9:15012|dataStream:10.1.0.9:15015|priority:1|startupRole:FOLLOWER]|listeners:[], old=null
2023-11-17 09:55:37,143 [3f7ce36a-008a-4440-b2ee-16e9e4e5a9e8-groupManagement] INFO  server.RaftServer$Division (RaftServerImpl.java:setRole(329)) - 3f7ce36a-008a-4440-b2ee-16e9e4e5a9e8@group-7944AA9F9C2E: changes role from      null to FOLLOWER at term 0 for startAsFollower
2023-11-17 09:55:37,143 [3f7ce36a-008a-4440-b2ee-16e9e4e5a9e8-groupManagement] INFO  impl.RoleInfo (RoleInfo.java:updateAndGet(139)) - 3f7ce36a-008a-4440-b2ee-16e9e4e5a9e8: start 3f7ce36a-008a-4440-b2ee-16e9e4e5a9e8@group-7944AA9F9C2E-FollowerState
2023-11-17 09:55:37,143 [3f7ce36a-008a-4440-b2ee-16e9e4e5a9e8@group-7944AA9F9C2E-FollowerState] INFO  server.RaftServerConfigKeys (ConfUtils.java:logFallback(53)) - raft.server.rpc.first-election.timeout.min = 5s (fallback to raft.server.rpc.timeout.min)
2023-11-17 09:55:37,143 [3f7ce36a-008a-4440-b2ee-16e9e4e5a9e8-groupManagement] INFO  util.JmxRegister (JmxRegister.java:tryRegister(44)) - Successfully registered JMX Bean with object name Ratis:service=RaftServer,group=group-7944AA9F9C2E,id=3f7ce36a-008a-4440-b2ee-16e9e4e5a9e8
2023-11-17 09:55:37,143 [3f7ce36a-008a-4440-b2ee-16e9e4e5a9e8@group-7944AA9F9C2E-FollowerState] INFO  server.RaftServerConfigKeys (ConfUtils.java:logFallback(53)) - raft.server.rpc.first-election.timeout.max = 5200ms (fallback to raft.server.rpc.timeout.max)
2023-11-17 09:55:37,143 [3f7ce36a-008a-4440-b2ee-16e9e4e5a9e8-groupManagement] INFO  server.RaftServerConfigKeys (ConfUtils.java:logGet(46)) - raft.server.snapshot.auto.trigger.enabled = true (custom)
2023-11-17 09:55:37,144 [3f7ce36a-008a-4440-b2ee-16e9e4e5a9e8-groupManagement] INFO  server.RaftServerConfigKeys (ConfUtils.java:logGet(46)) - raft.server.snapshot.auto.trigger.threshold = 10000 (custom)
2023-11-17 09:55:37,144 [3f7ce36a-008a-4440-b2ee-16e9e4e5a9e8-groupManagement] INFO  server.RaftServerConfigKeys (ConfUtils.java:logGet(46)) - raft.server.snapshot.retention.file.num = 5 (custom)
2023-11-17 09:55:37,144 [3f7ce36a-008a-4440-b2ee-16e9e4e5a9e8-groupManagement] INFO  server.RaftServerConfigKeys (ConfUtils.java:logGet(46)) - raft.server.log.purge.upto.snapshot.index = false (default)
2023-11-17 09:55:37,151 [3f7ce36a-008a-4440-b2ee-16e9e4e5a9e8-PipelineCommandHandlerThread-0] INFO  ratis.XceiverServerRatis (XceiverServerRatis.java:addGroup(805)) - Created group PipelineID=3e9079dd-2d08-4673-922f-7944aa9f9c2e
2023-11-17 09:55:37,152 [3f7ce36a-008a-4440-b2ee-16e9e4e5a9e8-PipelineCommandHandlerThread-0] INFO  commandhandler.CreatePipelineCommandHandler (CreatePipelineCommandHandler.java:lambda$handle$2(124)) - Created Pipeline RATIS ONE PipelineID=3e9079dd-2d08-4673-922f-7944aa9f9c2e.
2023-11-17 09:55:37,152 [3f7ce36a-008a-4440-b2ee-16e9e4e5a9e8-PipelineCommandHandlerThread-0] INFO  server.RaftServer (RaftServerProxy.java:addNew(98)) - 3f7ce36a-008a-4440-b2ee-16e9e4e5a9e8: addNew group-196F7C4343A2:[652b82d9-1846-44d1-8352-7bf3439ad078|rpc:10.1.0.9:15032|admin:10.1.0.9:15031|client:10.1.0.9:15030|dataStream:10.1.0.9:15033|priority:1|startupRole:FOLLOWER, 54bd6e84-2e53-4956-b446-cc6ac26bbc90|rpc:10.1.0.9:15023|admin:10.1.0.9:15022|client:10.1.0.9:15021|dataStream:10.1.0.9:15024|priority:0|startupRole:FOLLOWER, 3f7ce36a-008a-4440-b2ee-16e9e4e5a9e8|rpc:10.1.0.9:15014|admin:10.1.0.9:15013|client:10.1.0.9:15012|dataStream:10.1.0.9:15015|priority:0|startupRole:FOLLOWER] returns group-196F7C4343A2:java.util.concurrent.CompletableFuture@595ba59e[Not completed]
2023-11-17 09:55:37,153 [EventQueue-PipelineReportForPipelineReportHandler] INFO  pipeline.PipelineReportHandler (PipelineReportHandler.java:processPipelineReport(136)) - Opened pipeline PipelineID=3e9079dd-2d08-4673-922f-7944aa9f9c2e
2023-11-17 09:55:37,155 [3f7ce36a-008a-4440-b2ee-16e9e4e5a9e8-groupManagement] INFO  server.RaftServer$Division (RaftServerImpl.java:<init>(198)) - 3f7ce36a-008a-4440-b2ee-16e9e4e5a9e8: new RaftServerImpl for group-196F7C4343A2:[652b82d9-1846-44d1-8352-7bf3439ad078|rpc:10.1.0.9:15032|admin:10.1.0.9:15031|client:10.1.0.9:15030|dataStream:10.1.0.9:15033|priority:1|startupRole:FOLLOWER, 54bd6e84-2e53-4956-b446-cc6ac26bbc90|rpc:10.1.0.9:15023|admin:10.1.0.9:15022|client:10.1.0.9:15021|dataStream:10.1.0.9:15024|priority:0|startupRole:FOLLOWER, 3f7ce36a-008a-4440-b2ee-16e9e4e5a9e8|rpc:10.1.0.9:15014|admin:10.1.0.9:15013|client:10.1.0.9:15012|dataStream:10.1.0.9:15015|priority:0|startupRole:FOLLOWER] with ContainerStateMachine:uninitialized
2023-11-17 09:55:37,155 [3f7ce36a-008a-4440-b2ee-16e9e4e5a9e8-groupManagement] INFO  server.RaftServerConfigKeys (ConfUtils.java:logGet(46)) - raft.server.rpc.timeout.min = 5s (custom)
2023-11-17 09:55:37,156 [3f7ce36a-008a-4440-b2ee-16e9e4e5a9e8-groupManagement] INFO  server.RaftServerConfigKeys (ConfUtils.java:logGet(46)) - raft.server.rpc.timeout.max = 5200ms (custom)
2023-11-17 09:55:37,156 [3f7ce36a-008a-4440-b2ee-16e9e4e5a9e8-groupManagement] INFO  server.RaftServerConfigKeys (ConfUtils.java:logGet(46)) - raft.server.rpc.sleep.time = 25ms (default)
2023-11-17 09:55:37,156 [3f7ce36a-008a-4440-b2ee-16e9e4e5a9e8-groupManagement] INFO  server.RaftServerConfigKeys (ConfUtils.java:logGet(46)) - raft.server.rpc.slowness.timeout = 300s (custom)
2023-11-17 09:55:37,156 [3f7ce36a-008a-4440-b2ee-16e9e4e5a9e8-groupManagement] INFO  server.RaftServerConfigKeys (ConfUtils.java:logGet(46)) - raft.server.leaderelection.leader.step-down.wait-time = 10s (default)
2023-11-17 09:55:37,156 [3f7ce36a-008a-4440-b2ee-16e9e4e5a9e8-groupManagement] INFO  server.RaftServerConfigKeys (ConfUtils.java:logGet(46)) - raft.server.sleep.deviation.threshold = 300ms (default)
2023-11-17 09:55:37,156 [3f7ce36a-008a-4440-b2ee-16e9e4e5a9e8-groupManagement] INFO  server.RaftServer$Division (ServerState.java:<init>(120)) - 3f7ce36a-008a-4440-b2ee-16e9e4e5a9e8@group-196F7C4343A2: ConfigurationManager, init=-1: peers:[652b82d9-1846-44d1-8352-7bf3439ad078|rpc:10.1.0.9:15032|admin:10.1.0.9:15031|client:10.1.0.9:15030|dataStream:10.1.0.9:15033|priority:1|startupRole:FOLLOWER, 54bd6e84-2e53-4956-b446-cc6ac26bbc90|rpc:10.1.0.9:15023|admin:10.1.0.9:15022|client:10.1.0.9:15021|dataStream:10.1.0.9:15024|priority:0|startupRole:FOLLOWER, 3f7ce36a-008a-4440-b2ee-16e9e4e5a9e8|rpc:10.1.0.9:15014|admin:10.1.0.9:15013|client:10.1.0.9:15012|dataStream:10.1.0.9:15015|priority:0|startupRole:FOLLOWER]|listeners:[], old=null, confs=<EMPTY_MAP>
2023-11-17 09:55:37,156 [3f7ce36a-008a-4440-b2ee-16e9e4e5a9e8-groupManagement] INFO  server.RaftServerConfigKeys (ConfUtils.java:logGet(46)) - raft.server.storage.dir = [/home/runner/work/ozone/ozone/hadoop-ozone/integration-test/target/test-dir/MiniOzoneClusterImpl-b9d514d0-62e9-44b2-85a5-b07480d3784c/datanode-0/data/ratis] (custom)
2023-11-17 09:55:37,156 [3f7ce36a-008a-4440-b2ee-16e9e4e5a9e8-groupManagement] INFO  server.RaftServerConfigKeys (ConfUtils.java:logGet(46)) - raft.server.log.corruption.policy = EXCEPTION (default)
2023-11-17 09:55:37,156 [3f7ce36a-008a-4440-b2ee-16e9e4e5a9e8-groupManagement] INFO  server.RaftServerConfigKeys (ConfUtils.java:logGet(46)) - raft.server.storage.free-space.min = 0MB (=0) (default)
2023-11-17 09:55:37,156 [3f7ce36a-008a-4440-b2ee-16e9e4e5a9e8-groupManagement] INFO  server.RaftServerConfigKeys (ConfUtils.java:logGet(46)) - raft.server.notification.no-leader.timeout = 300s (custom)
2023-11-17 09:55:37,156 [3f7ce36a-008a-4440-b2ee-16e9e4e5a9e8-groupManagement] INFO  server.RaftServerConfigKeys (ConfUtils.java:logGet(46)) - raft.server.read.timeout = 10s (default)
2023-11-17 09:55:37,157 [3f7ce36a-008a-4440-b2ee-16e9e4e5a9e8-groupManagement] INFO  server.RaftServerConfigKeys (ConfUtils.java:logGet(46)) - raft.server.retrycache.expirytime = 600000ms (custom)
2023-11-17 09:55:37,157 [3f7ce36a-008a-4440-b2ee-16e9e4e5a9e8-groupManagement] INFO  server.RaftServerConfigKeys (ConfUtils.java:logGet(46)) - raft.server.retrycache.statistics.expirytime = 100μs (default)
2023-11-17 09:55:37,157 [3f7ce36a-008a-4440-b2ee-16e9e4e5a9e8-groupManagement] INFO  server.RaftServerConfigKeys (ConfUtils.java:logGet(46)) - raft.server.read.option = DEFAULT (default)
2023-11-17 09:55:37,159 [3f7ce36a-008a-4440-b2ee-16e9e4e5a9e8-groupManagement] INFO  server.RaftServerConfigKeys (ConfUtils.java:logGet(46)) - raft.server.rpc.request.timeout = 60s (custom)
2023-11-17 09:55:37,159 [3f7ce36a-008a-4440-b2ee-16e9e4e5a9e8-groupManagement] INFO  server.RaftServerConfigKeys (ConfUtils.java:logGet(46)) - raft.server.log.appender.install.snapshot.enabled = false (custom)
2023-11-17 09:55:37,159 [3f7ce36a-008a-4440-b2ee-16e9e4e5a9e8-groupManagement] INFO  server.RaftServerConfigKeys (ConfUtils.java:logGet(46)) - raft.server.threadpool.server.cached = true (default)
2023-11-17 09:55:37,159 [3f7ce36a-008a-4440-b2ee-16e9e4e5a9e8-groupManagement] INFO  server.RaftServerConfigKeys (ConfUtils.java:logGet(46)) - raft.server.threadpool.server.size = 0 (default)
2023-11-17 09:55:37,159 [3f7ce36a-008a-4440-b2ee-16e9e4e5a9e8-groupManagement] INFO  server.RaftServerConfigKeys (ConfUtils.java:logGet(46)) - raft.server.threadpool.client.cached = true (default)
2023-11-17 09:55:37,159 [3f7ce36a-008a-4440-b2ee-16e9e4e5a9e8-groupManagement] INFO  server.RaftServerConfigKeys (ConfUtils.java:logGet(46)) - raft.server.threadpool.client.size = 0 (default)
2023-11-17 09:55:37,159 [3f7ce36a-008a-4440-b2ee-16e9e4e5a9e8-groupManagement] INFO  storage.RaftStorageDirectory (RaftStorageDirectoryImpl.java:analyzeStorage(137)) - The storage directory /home/runner/work/ozone/ozone/hadoop-ozone/integration-test/target/test-dir/MiniOzoneClusterImpl-b9d514d0-62e9-44b2-85a5-b07480d3784c/datanode-0/data/ratis/e595b643-de06-4363-82b2-196f7c4343a2 does not exist. Creating ...
2023-11-17 09:55:37,160 [EventQueue-OpenPipelineForHealthyPipelineSafeModeRule] INFO  safemode.SCMSafeModeManager (HealthyPipelineSafeModeRule.java:process(137)) - SCM in safe mode. Healthy pipelines reported count is 0, required healthy pipeline reported count is 1
2023-11-17 09:55:37,162 [3f7ce36a-008a-4440-b2ee-16e9e4e5a9e8-groupManagement] INFO  storage.RaftStorageDirectory (RaftStorageDirectoryImpl.java:tryLock(231)) - Lock on /home/runner/work/ozone/ozone/hadoop-ozone/integration-test/target/test-dir/MiniOzoneClusterImpl-b9d514d0-62e9-44b2-85a5-b07480d3784c/datanode-0/data/ratis/e595b643-de06-4363-82b2-196f7c4343a2/in_use.lock acquired by nodename 28525@fv-az1021-556
2023-11-17 09:55:37,164 [3f7ce36a-008a-4440-b2ee-16e9e4e5a9e8-groupManagement] INFO  storage.RaftStorage (RaftStorageImpl.java:format(96)) - Storage directory /home/runner/work/ozone/ozone/hadoop-ozone/integration-test/target/test-dir/MiniOzoneClusterImpl-b9d514d0-62e9-44b2-85a5-b07480d3784c/datanode-0/data/ratis/e595b643-de06-4363-82b2-196f7c4343a2 has been successfully formatted.
2023-11-17 09:55:37,164 [3f7ce36a-008a-4440-b2ee-16e9e4e5a9e8-groupManagement] INFO  ratis.ContainerStateMachine (ContainerStateMachine.java:loadSnapshot(269)) - group-196F7C4343A2: The snapshot info is null. Setting the last applied indexto:(t:0, i:~)
2023-11-17 09:55:37,164 [3f7ce36a-008a-4440-b2ee-16e9e4e5a9e8-groupManagement] INFO  server.RaftServerConfigKeys (ConfUtils.java:logGet(46)) - raft.server.log.use.memory = false (default)
2023-11-17 09:55:37,164 [3f7ce36a-008a-4440-b2ee-16e9e4e5a9e8-groupManagement] INFO  server.RaftServerConfigKeys (ConfUtils.java:logGet(46)) - raft.server.log.purge.gap = 1000000 (custom)
2023-11-17 09:55:37,164 [3f7ce36a-008a-4440-b2ee-16e9e4e5a9e8-groupManagement] INFO  server.RaftServerConfigKeys (ConfUtils.java:logGet(46)) - raft.server.log.appender.buffer.byte-limit = 33554432 (custom)
2023-11-17 09:55:37,164 [3f7ce36a-008a-4440-b2ee-16e9e4e5a9e8-groupManagement] INFO  server.RaftServerConfigKeys (ConfUtils.java:logGet(46)) - raft.server.log.statemachine.data.read.timeout = 1000ms (default)
2023-11-17 09:55:37,165 [3f7ce36a-008a-4440-b2ee-16e9e4e5a9e8-groupManagement] INFO  server.RaftServerConfigKeys (ConfUtils.java:logGet(46)) - raft.server.log.purge.preservation.log.num = 0 (default)
2023-11-17 09:55:37,169 [3f7ce36a-008a-4440-b2ee-16e9e4e5a9e8-groupManagement] INFO  server.RaftServerConfigKeys (ConfUtils.java:logGet(46)) - raft.server.log.segment.size.max = 1048576 (custom)
2023-11-17 09:55:37,170 [EventQueue-OpenPipelineForHealthyPipelineSafeModeRule] INFO  safemode.SCMSafeModeManager (HealthyPipelineSafeModeRule.java:process(137)) - SCM in safe mode. Healthy pipelines reported count is 0, required healthy pipeline reported count is 1
2023-11-17 09:55:37,173 [3f7ce36a-008a-4440-b2ee-16e9e4e5a9e8-groupManagement] INFO  server.RaftServerConfigKeys (ConfUtils.java:logGet(46)) - raft.server.log.segment.cache.num.max = 2 (custom)
2023-11-17 09:55:37,173 [3f7ce36a-008a-4440-b2ee-16e9e4e5a9e8-groupManagement] INFO  server.RaftServerConfigKeys (ConfUtils.java:logGet(46)) - raft.server.log.segment.cache.size.max = 200MB (=209715200) (default)
2023-11-17 09:55:37,173 [3f7ce36a-008a-4440-b2ee-16e9e4e5a9e8-groupManagement] INFO  server.RaftServerConfigKeys (ConfUtils.java:logGet(46)) - raft.server.log.appender.buffer.byte-limit = 33554432 (custom)
2023-11-17 09:55:37,173 [3f7ce36a-008a-4440-b2ee-16e9e4e5a9e8-groupManagement] INFO  segmented.SegmentedRaftLogWorker (SegmentedRaftLogWorker.java:<init>(188)) - new 3f7ce36a-008a-4440-b2ee-16e9e4e5a9e8@group-196F7C4343A2-SegmentedRaftLogWorker for RaftStorageImpl:Storage Directory /home/runner/work/ozone/ozone/hadoop-ozone/integration-test/target/test-dir/MiniOzoneClusterImpl-b9d514d0-62e9-44b2-85a5-b07480d3784c/datanode-0/data/ratis/e595b643-de06-4363-82b2-196f7c4343a2
2023-11-17 09:55:37,173 [3f7ce36a-008a-4440-b2ee-16e9e4e5a9e8-groupManagement] INFO  server.RaftServerConfigKeys (ConfUtils.java:logGet(46)) - raft.server.log.queue.byte-limit = 4294967296 (custom)
2023-11-17 09:55:37,173 [3f7ce36a-008a-4440-b2ee-16e9e4e5a9e8-groupManagement] INFO  server.RaftServerConfigKeys (ConfUtils.java:logGet(46)) - raft.server.log.queue.element-limit = 1024 (custom)
2023-11-17 09:55:37,173 [3f7ce36a-008a-4440-b2ee-16e9e4e5a9e8-groupManagement] INFO  server.RaftServerConfigKeys (ConfUtils.java:logGet(46)) - raft.server.log.segment.size.max = 1048576 (custom)
2023-11-17 09:55:37,173 [3f7ce36a-008a-4440-b2ee-16e9e4e5a9e8-groupManagement] INFO  server.RaftServerConfigKeys (ConfUtils.java:logGet(46)) - raft.server.log.preallocated.size = 16384 (custom)
2023-11-17 09:55:37,173 [3f7ce36a-008a-4440-b2ee-16e9e4e5a9e8-groupManagement] INFO  server.RaftServerConfigKeys (ConfUtils.java:logGet(46)) - raft.server.log.force.sync.num = 128 (default)
2023-11-17 09:55:37,173 [3f7ce36a-008a-4440-b2ee-16e9e4e5a9e8-groupManagement] INFO  server.RaftServerConfigKeys (ConfUtils.java:logGet(46)) - raft.server.log.statemachine.data.sync = true (default)
2023-11-17 09:55:37,174 [3f7ce36a-008a-4440-b2ee-16e9e4e5a9e8-groupManagement] INFO  server.RaftServerConfigKeys (ConfUtils.java:logGet(46)) - raft.server.log.statemachine.data.sync.timeout = 10s (default)
2023-11-17 09:55:37,174 [3f7ce36a-008a-4440-b2ee-16e9e4e5a9e8-groupManagement] INFO  server.RaftServerConfigKeys (ConfUtils.java:logGet(46)) - raft.server.log.statemachine.data.sync.timeout.retry = -1 (default)
2023-11-17 09:55:37,176 [3f7ce36a-008a-4440-b2ee-16e9e4e5a9e8-groupManagement] INFO  server.RaftServerConfigKeys (ConfUtils.java:logGet(46)) - raft.server.log.write.buffer.size = 1048576 (custom)
2023-11-17 09:55:37,176 [3f7ce36a-008a-4440-b2ee-16e9e4e5a9e8-groupManagement] INFO  server.RaftServerConfigKeys (ConfUtils.java:logGet(46)) - raft.server.log.appender.buffer.byte-limit = 33554432 (custom)
2023-11-17 09:55:37,177 [3f7ce36a-008a-4440-b2ee-16e9e4e5a9e8-groupManagement] INFO  server.RaftServerConfigKeys (ConfUtils.java:logGet(46)) - raft.server.log.unsafe-flush.enabled = false (default)
2023-11-17 09:55:37,177 [3f7ce36a-008a-4440-b2ee-16e9e4e5a9e8-groupManagement] INFO  server.RaftServerConfigKeys (ConfUtils.java:logGet(46)) - raft.server.log.async-flush.enabled = false (default)
2023-11-17 09:55:37,177 [3f7ce36a-008a-4440-b2ee-16e9e4e5a9e8-groupManagement] INFO  server.RaftServerConfigKeys (ConfUtils.java:logGet(46)) - raft.server.log.statemachine.data.caching.enabled = true (custom)
2023-11-17 09:55:37,178 [3f7ce36a-008a-4440-b2ee-16e9e4e5a9e8-groupManagement] INFO  segmented.SegmentedRaftLogWorker (SegmentedRaftLogWorker.java:lambda$new$0(135)) - 3f7ce36a-008a-4440-b2ee-16e9e4e5a9e8@group-196F7C4343A2-SegmentedRaftLogWorker: flushIndex: setUnconditionally 0 -> -1
2023-11-17 09:55:37,178 [3f7ce36a-008a-4440-b2ee-16e9e4e5a9e8-groupManagement] INFO  segmented.SegmentedRaftLogWorker (SegmentedRaftLogWorker.java:lambda$new$0(135)) - 3f7ce36a-008a-4440-b2ee-16e9e4e5a9e8@group-196F7C4343A2-SegmentedRaftLogWorker: safeCacheEvictIndex: setUnconditionally 0 -> -1
2023-11-17 09:55:37,178 [3f7ce36a-008a-4440-b2ee-16e9e4e5a9e8-groupManagement] INFO  server.RaftServer$Division (RaftServerImpl.java:start(342)) - 3f7ce36a-008a-4440-b2ee-16e9e4e5a9e8@group-196F7C4343A2: start as a follower, conf=-1: peers:[652b82d9-1846-44d1-8352-7bf3439ad078|rpc:10.1.0.9:15032|admin:10.1.0.9:15031|client:10.1.0.9:15030|dataStream:10.1.0.9:15033|priority:1|startupRole:FOLLOWER, 54bd6e84-2e53-4956-b446-cc6ac26bbc90|rpc:10.1.0.9:15023|admin:10.1.0.9:15022|client:10.1.0.9:15021|dataStream:10.1.0.9:15024|priority:0|startupRole:FOLLOWER, 3f7ce36a-008a-4440-b2ee-16e9e4e5a9e8|rpc:10.1.0.9:15014|admin:10.1.0.9:15013|client:10.1.0.9:15012|dataStream:10.1.0.9:15015|priority:0|startupRole:FOLLOWER]|listeners:[], old=null
2023-11-17 09:55:37,178 [3f7ce36a-008a-4440-b2ee-16e9e4e5a9e8-groupManagement] INFO  server.RaftServer$Division (RaftServerImpl.java:setRole(329)) - 3f7ce36a-008a-4440-b2ee-16e9e4e5a9e8@group-196F7C4343A2: changes role from      null to FOLLOWER at term 0 for startAsFollower
2023-11-17 09:55:37,178 [3f7ce36a-008a-4440-b2ee-16e9e4e5a9e8-groupManagement] INFO  impl.RoleInfo (RoleInfo.java:updateAndGet(139)) - 3f7ce36a-008a-4440-b2ee-16e9e4e5a9e8: start 3f7ce36a-008a-4440-b2ee-16e9e4e5a9e8@group-196F7C4343A2-FollowerState
2023-11-17 09:55:37,180 [3f7ce36a-008a-4440-b2ee-16e9e4e5a9e8@group-196F7C4343A2-FollowerState] INFO  server.RaftServerConfigKeys (ConfUtils.java:logFallback(53)) - raft.server.rpc.first-election.timeout.min = 5s (fallback to raft.server.rpc.timeout.min)
2023-11-17 09:55:37,181 [3f7ce36a-008a-4440-b2ee-16e9e4e5a9e8-groupManagement] INFO  util.JmxRegister (JmxRegister.java:tryRegister(44)) - Successfully registered JMX Bean with object name Ratis:service=RaftServer,group=group-196F7C4343A2,id=3f7ce36a-008a-4440-b2ee-16e9e4e5a9e8
2023-11-17 09:55:37,181 [3f7ce36a-008a-4440-b2ee-16e9e4e5a9e8@group-196F7C4343A2-FollowerState] INFO  server.RaftServerConfigKeys (ConfUtils.java:logFallback(53)) - raft.server.rpc.first-election.timeout.max = 5200ms (fallback to raft.server.rpc.timeout.max)
2023-11-17 09:55:37,181 [3f7ce36a-008a-4440-b2ee-16e9e4e5a9e8-groupManagement] INFO  server.RaftServerConfigKeys (ConfUtils.java:logGet(46)) - raft.server.snapshot.auto.trigger.enabled = true (custom)
2023-11-17 09:55:37,181 [3f7ce36a-008a-4440-b2ee-16e9e4e5a9e8-groupManagement] INFO  server.RaftServerConfigKeys (ConfUtils.java:logGet(46)) - raft.server.snapshot.auto.trigger.threshold = 10000 (custom)
2023-11-17 09:55:37,181 [3f7ce36a-008a-4440-b2ee-16e9e4e5a9e8-groupManagement] INFO  server.RaftServerConfigKeys (ConfUtils.java:logGet(46)) - raft.server.snapshot.retention.file.num = 5 (custom)
2023-11-17 09:55:37,181 [3f7ce36a-008a-4440-b2ee-16e9e4e5a9e8-groupManagement] INFO  server.RaftServerConfigKeys (ConfUtils.java:logGet(46)) - raft.server.log.purge.upto.snapshot.index = false (default)
2023-11-17 09:55:37,182 [3f7ce36a-008a-4440-b2ee-16e9e4e5a9e8-PipelineCommandHandlerThread-0] INFO  ratis.XceiverServerRatis (XceiverServerRatis.java:addGroup(805)) - Created group PipelineID=e595b643-de06-4363-82b2-196f7c4343a2
2023-11-17 09:55:37,221 [54bd6e84-2e53-4956-b446-cc6ac26bbc90-PipelineCommandHandlerThread-0] INFO  server.RaftServer (RaftServerProxy.java:addNew(98)) - 54bd6e84-2e53-4956-b446-cc6ac26bbc90: addNew group-A04E320CF844:[54bd6e84-2e53-4956-b446-cc6ac26bbc90|rpc:10.1.0.9:15023|admin:10.1.0.9:15022|client:10.1.0.9:15021|dataStream:10.1.0.9:15024|priority:1|startupRole:FOLLOWER] returns group-A04E320CF844:java.util.concurrent.CompletableFuture@23517825[Not completed]
2023-11-17 09:55:37,225 [54bd6e84-2e53-4956-b446-cc6ac26bbc90-groupManagement] INFO  server.RaftServer$Division (RaftServerImpl.java:<init>(198)) - 54bd6e84-2e53-4956-b446-cc6ac26bbc90: new RaftServerImpl for group-A04E320CF844:[54bd6e84-2e53-4956-b446-cc6ac26bbc90|rpc:10.1.0.9:15023|admin:10.1.0.9:15022|client:10.1.0.9:15021|dataStream:10.1.0.9:15024|priority:1|startupRole:FOLLOWER] with ContainerStateMachine:uninitialized
2023-11-17 09:55:37,225 [54bd6e84-2e53-4956-b446-cc6ac26bbc90-groupManagement] INFO  server.RaftServerConfigKeys (ConfUtils.java:logGet(46)) - raft.server.rpc.timeout.min = 5s (custom)
2023-11-17 09:55:37,225 [54bd6e84-2e53-4956-b446-cc6ac26bbc90-groupManagement] INFO  server.RaftServerConfigKeys (ConfUtils.java:logGet(46)) - raft.server.rpc.timeout.max = 5200ms (custom)
2023-11-17 09:55:37,225 [54bd6e84-2e53-4956-b446-cc6ac26bbc90-groupManagement] INFO  server.RaftServerConfigKeys (ConfUtils.java:logGet(46)) - raft.server.rpc.sleep.time = 25ms (default)
2023-11-17 09:55:37,225 [54bd6e84-2e53-4956-b446-cc6ac26bbc90-groupManagement] INFO  server.RaftServerConfigKeys (ConfUtils.java:logGet(46)) - raft.server.rpc.slowness.timeout = 300s (custom)
2023-11-17 09:55:37,225 [54bd6e84-2e53-4956-b446-cc6ac26bbc90-groupManagement] INFO  server.RaftServerConfigKeys (ConfUtils.java:logGet(46)) - raft.server.leaderelection.leader.step-down.wait-time = 10s (default)
2023-11-17 09:55:37,225 [54bd6e84-2e53-4956-b446-cc6ac26bbc90-groupManagement] INFO  server.RaftServerConfigKeys (ConfUtils.java:logGet(46)) - raft.server.sleep.deviation.threshold = 300ms (default)
2023-11-17 09:55:37,225 [54bd6e84-2e53-4956-b446-cc6ac26bbc90-groupManagement] INFO  server.RaftServer$Division (ServerState.java:<init>(120)) - 54bd6e84-2e53-4956-b446-cc6ac26bbc90@group-A04E320CF844: ConfigurationManager, init=-1: peers:[54bd6e84-2e53-4956-b446-cc6ac26bbc90|rpc:10.1.0.9:15023|admin:10.1.0.9:15022|client:10.1.0.9:15021|dataStream:10.1.0.9:15024|priority:1|startupRole:FOLLOWER]|listeners:[], old=null, confs=<EMPTY_MAP>
2023-11-17 09:55:37,225 [54bd6e84-2e53-4956-b446-cc6ac26bbc90-groupManagement] INFO  server.RaftServerConfigKeys (ConfUtils.java:logGet(46)) - raft.server.storage.dir = [/home/runner/work/ozone/ozone/hadoop-ozone/integration-test/target/test-dir/MiniOzoneClusterImpl-b9d514d0-62e9-44b2-85a5-b07480d3784c/datanode-1/data/ratis] (custom)
2023-11-17 09:55:37,225 [54bd6e84-2e53-4956-b446-cc6ac26bbc90-groupManagement] INFO  server.RaftServerConfigKeys (ConfUtils.java:logGet(46)) - raft.server.log.corruption.policy = EXCEPTION (default)
2023-11-17 09:55:37,226 [54bd6e84-2e53-4956-b446-cc6ac26bbc90-groupManagement] INFO  server.RaftServerConfigKeys (ConfUtils.java:logGet(46)) - raft.server.storage.free-space.min = 0MB (=0) (default)
2023-11-17 09:55:37,226 [54bd6e84-2e53-4956-b446-cc6ac26bbc90-groupManagement] INFO  server.RaftServerConfigKeys (ConfUtils.java:logGet(46)) - raft.server.notification.no-leader.timeout = 300s (custom)
2023-11-17 09:55:37,226 [54bd6e84-2e53-4956-b446-cc6ac26bbc90-groupManagement] INFO  server.RaftServerConfigKeys (ConfUtils.java:logGet(46)) - raft.server.read.timeout = 10s (default)
2023-11-17 09:55:37,226 [54bd6e84-2e53-4956-b446-cc6ac26bbc90-groupManagement] INFO  server.RaftServerConfigKeys (ConfUtils.java:logGet(46)) - raft.server.retrycache.expirytime = 600000ms (custom)
2023-11-17 09:55:37,226 [54bd6e84-2e53-4956-b446-cc6ac26bbc90-groupManagement] INFO  server.RaftServerConfigKeys (ConfUtils.java:logGet(46)) - raft.server.retrycache.statistics.expirytime = 100μs (default)
2023-11-17 09:55:37,226 [54bd6e84-2e53-4956-b446-cc6ac26bbc90-groupManagement] INFO  server.RaftServerConfigKeys (ConfUtils.java:logGet(46)) - raft.server.read.option = DEFAULT (default)
2023-11-17 09:55:37,233 [54bd6e84-2e53-4956-b446-cc6ac26bbc90-groupManagement] INFO  server.RaftServerConfigKeys (ConfUtils.java:logGet(46)) - raft.server.rpc.request.timeout = 60s (custom)
2023-11-17 09:55:37,233 [54bd6e84-2e53-4956-b446-cc6ac26bbc90-groupManagement] INFO  server.RaftServerConfigKeys (ConfUtils.java:logGet(46)) - raft.server.log.appender.install.snapshot.enabled = false (custom)
2023-11-17 09:55:37,233 [54bd6e84-2e53-4956-b446-cc6ac26bbc90-groupManagement] INFO  server.RaftServerConfigKeys (ConfUtils.java:logGet(46)) - raft.server.threadpool.server.cached = true (default)
2023-11-17 09:55:37,233 [54bd6e84-2e53-4956-b446-cc6ac26bbc90-groupManagement] INFO  server.RaftServerConfigKeys (ConfUtils.java:logGet(46)) - raft.server.threadpool.server.size = 0 (default)
2023-11-17 09:55:37,233 [54bd6e84-2e53-4956-b446-cc6ac26bbc90-groupManagement] INFO  server.RaftServerConfigKeys (ConfUtils.java:logGet(46)) - raft.server.threadpool.client.cached = true (default)
2023-11-17 09:55:37,233 [54bd6e84-2e53-4956-b446-cc6ac26bbc90-groupManagement] INFO  server.RaftServerConfigKeys (ConfUtils.java:logGet(46)) - raft.server.threadpool.client.size = 0 (default)
2023-11-17 09:55:37,233 [54bd6e84-2e53-4956-b446-cc6ac26bbc90-groupManagement] INFO  storage.RaftStorageDirectory (RaftStorageDirectoryImpl.java:analyzeStorage(137)) - The storage directory /home/runner/work/ozone/ozone/hadoop-ozone/integration-test/target/test-dir/MiniOzoneClusterImpl-b9d514d0-62e9-44b2-85a5-b07480d3784c/datanode-1/data/ratis/83cf1267-729e-45c6-adc3-a04e320cf844 does not exist. Creating ...
2023-11-17 09:55:37,236 [54bd6e84-2e53-4956-b446-cc6ac26bbc90-groupManagement] INFO  storage.RaftStorageDirectory (RaftStorageDirectoryImpl.java:tryLock(231)) - Lock on /home/runner/work/ozone/ozone/hadoop-ozone/integration-test/target/test-dir/MiniOzoneClusterImpl-b9d514d0-62e9-44b2-85a5-b07480d3784c/datanode-1/data/ratis/83cf1267-729e-45c6-adc3-a04e320cf844/in_use.lock acquired by nodename 28525@fv-az1021-556
2023-11-17 09:55:37,238 [54bd6e84-2e53-4956-b446-cc6ac26bbc90-groupManagement] INFO  storage.RaftStorage (RaftStorageImpl.java:format(96)) - Storage directory /home/runner/work/ozone/ozone/hadoop-ozone/integration-test/target/test-dir/MiniOzoneClusterImpl-b9d514d0-62e9-44b2-85a5-b07480d3784c/datanode-1/data/ratis/83cf1267-729e-45c6-adc3-a04e320cf844 has been successfully formatted.
2023-11-17 09:55:37,239 [54bd6e84-2e53-4956-b446-cc6ac26bbc90-groupManagement] INFO  ratis.ContainerStateMachine (ContainerStateMachine.java:loadSnapshot(269)) - group-A04E320CF844: The snapshot info is null. Setting the last applied indexto:(t:0, i:~)
2023-11-17 09:55:37,239 [54bd6e84-2e53-4956-b446-cc6ac26bbc90-groupManagement] INFO  server.RaftServerConfigKeys (ConfUtils.java:logGet(46)) - raft.server.log.use.memory = false (default)
2023-11-17 09:55:37,240 [54bd6e84-2e53-4956-b446-cc6ac26bbc90-groupManagement] INFO  server.RaftServerConfigKeys (ConfUtils.java:logGet(46)) - raft.server.log.purge.gap = 1000000 (custom)
2023-11-17 09:55:37,240 [54bd6e84-2e53-4956-b446-cc6ac26bbc90-groupManagement] INFO  server.RaftServerConfigKeys (ConfUtils.java:logGet(46)) - raft.server.log.appender.buffer.byte-limit = 33554432 (custom)
2023-11-17 09:55:37,240 [54bd6e84-2e53-4956-b446-cc6ac26bbc90-groupManagement] INFO  server.RaftServerConfigKeys (ConfUtils.java:logGet(46)) - raft.server.log.statemachine.data.read.timeout = 1000ms (default)
2023-11-17 09:55:37,240 [54bd6e84-2e53-4956-b446-cc6ac26bbc90-groupManagement] INFO  server.RaftServerConfigKeys (ConfUtils.java:logGet(46)) - raft.server.log.purge.preservation.log.num = 0 (default)
2023-11-17 09:55:37,241 [54bd6e84-2e53-4956-b446-cc6ac26bbc90-groupManagement] INFO  server.RaftServerConfigKeys (ConfUtils.java:logGet(46)) - raft.server.log.segment.size.max = 1048576 (custom)
2023-11-17 09:55:37,242 [54bd6e84-2e53-4956-b446-cc6ac26bbc90-groupManagement] INFO  server.RaftServerConfigKeys (ConfUtils.java:logGet(46)) - raft.server.log.segment.cache.num.max = 2 (custom)
2023-11-17 09:55:37,242 [54bd6e84-2e53-4956-b446-cc6ac26bbc90-groupManagement] INFO  server.RaftServerConfigKeys (ConfUtils.java:logGet(46)) - raft.server.log.segment.cache.size.max = 200MB (=209715200) (default)
2023-11-17 09:55:37,242 [54bd6e84-2e53-4956-b446-cc6ac26bbc90-groupManagement] INFO  server.RaftServerConfigKeys (ConfUtils.java:logGet(46)) - raft.server.log.appender.buffer.byte-limit = 33554432 (custom)
2023-11-17 09:55:37,242 [54bd6e84-2e53-4956-b446-cc6ac26bbc90-groupManagement] INFO  segmented.SegmentedRaftLogWorker (SegmentedRaftLogWorker.java:<init>(188)) - new 54bd6e84-2e53-4956-b446-cc6ac26bbc90@group-A04E320CF844-SegmentedRaftLogWorker for RaftStorageImpl:Storage Directory /home/runner/work/ozone/ozone/hadoop-ozone/integration-test/target/test-dir/MiniOzoneClusterImpl-b9d514d0-62e9-44b2-85a5-b07480d3784c/datanode-1/data/ratis/83cf1267-729e-45c6-adc3-a04e320cf844
2023-11-17 09:55:37,242 [54bd6e84-2e53-4956-b446-cc6ac26bbc90-groupManagement] INFO  server.RaftServerConfigKeys (ConfUtils.java:logGet(46)) - raft.server.log.queue.byte-limit = 4294967296 (custom)
2023-11-17 09:55:37,242 [EventQueue-PipelineReportForPipelineReportHandler] INFO  pipeline.PipelineReportHandler (PipelineReportHandler.java:processPipelineReport(136)) - Opened pipeline PipelineID=83cf1267-729e-45c6-adc3-a04e320cf844
2023-11-17 09:55:37,242 [54bd6e84-2e53-4956-b446-cc6ac26bbc90-groupManagement] INFO  server.RaftServerConfigKeys (ConfUtils.java:logGet(46)) - raft.server.log.queue.element-limit = 1024 (custom)
2023-11-17 09:55:37,242 [EventQueue-OpenPipelineForHealthyPipelineSafeModeRule] INFO  safemode.SCMSafeModeManager (HealthyPipelineSafeModeRule.java:process(137)) - SCM in safe mode. Healthy pipelines reported count is 0, required healthy pipeline reported count is 1
2023-11-17 09:55:37,242 [54bd6e84-2e53-4956-b446-cc6ac26bbc90-groupManagement] INFO  server.RaftServerConfigKeys (ConfUtils.java:logGet(46)) - raft.server.log.segment.size.max = 1048576 (custom)
2023-11-17 09:55:37,244 [54bd6e84-2e53-4956-b446-cc6ac26bbc90-groupManagement] INFO  server.RaftServerConfigKeys (ConfUtils.java:logGet(46)) - raft.server.log.preallocated.size = 16384 (custom)
2023-11-17 09:55:37,244 [54bd6e84-2e53-4956-b446-cc6ac26bbc90-groupManagement] INFO  server.RaftServerConfigKeys (ConfUtils.java:logGet(46)) - raft.server.log.force.sync.num = 128 (default)
2023-11-17 09:55:37,244 [54bd6e84-2e53-4956-b446-cc6ac26bbc90-groupManagement] INFO  server.RaftServerConfigKeys (ConfUtils.java:logGet(46)) - raft.server.log.statemachine.data.sync = true (default)
2023-11-17 09:55:37,244 [54bd6e84-2e53-4956-b446-cc6ac26bbc90-groupManagement] INFO  server.RaftServerConfigKeys (ConfUtils.java:logGet(46)) - raft.server.log.statemachine.data.sync.timeout = 10s (default)
2023-11-17 09:55:37,244 [54bd6e84-2e53-4956-b446-cc6ac26bbc90-groupManagement] INFO  server.RaftServerConfigKeys (ConfUtils.java:logGet(46)) - raft.server.log.statemachine.data.sync.timeout.retry = -1 (default)
2023-11-17 09:55:37,246 [54bd6e84-2e53-4956-b446-cc6ac26bbc90-groupManagement] INFO  server.RaftServerConfigKeys (ConfUtils.java:logGet(46)) - raft.server.log.write.buffer.size = 1048576 (custom)
2023-11-17 09:55:37,247 [54bd6e84-2e53-4956-b446-cc6ac26bbc90-groupManagement] INFO  server.RaftServerConfigKeys (ConfUtils.java:logGet(46)) - raft.server.log.appender.buffer.byte-limit = 33554432 (custom)
2023-11-17 09:55:37,249 [54bd6e84-2e53-4956-b446-cc6ac26bbc90-groupManagement] INFO  server.RaftServerConfigKeys (ConfUtils.java:logGet(46)) - raft.server.log.unsafe-flush.enabled = false (default)
2023-11-17 09:55:37,250 [54bd6e84-2e53-4956-b446-cc6ac26bbc90-groupManagement] INFO  server.RaftServerConfigKeys (ConfUtils.java:logGet(46)) - raft.server.log.async-flush.enabled = false (default)
2023-11-17 09:55:37,250 [54bd6e84-2e53-4956-b446-cc6ac26bbc90-groupManagement] INFO  server.RaftServerConfigKeys (ConfUtils.java:logGet(46)) - raft.server.log.statemachine.data.caching.enabled = true (custom)
2023-11-17 09:55:37,250 [54bd6e84-2e53-4956-b446-cc6ac26bbc90-groupManagement] INFO  segmented.SegmentedRaftLogWorker (SegmentedRaftLogWorker.java:lambda$new$0(135)) - 54bd6e84-2e53-4956-b446-cc6ac26bbc90@group-A04E320CF844-SegmentedRaftLogWorker: flushIndex: setUnconditionally 0 -> -1
2023-11-17 09:55:37,250 [54bd6e84-2e53-4956-b446-cc6ac26bbc90-groupManagement] INFO  segmented.SegmentedRaftLogWorker (SegmentedRaftLogWorker.java:lambda$new$0(135)) - 54bd6e84-2e53-4956-b446-cc6ac26bbc90@group-A04E320CF844-SegmentedRaftLogWorker: safeCacheEvictIndex: setUnconditionally 0 -> -1
2023-11-17 09:55:37,253 [54bd6e84-2e53-4956-b446-cc6ac26bbc90-groupManagement] INFO  server.RaftServer$Division (RaftServerImpl.java:start(342)) - 54bd6e84-2e53-4956-b446-cc6ac26bbc90@group-A04E320CF844: start as a follower, conf=-1: peers:[54bd6e84-2e53-4956-b446-cc6ac26bbc90|rpc:10.1.0.9:15023|admin:10.1.0.9:15022|client:10.1.0.9:15021|dataStream:10.1.0.9:15024|priority:1|startupRole:FOLLOWER]|listeners:[], old=null
2023-11-17 09:55:37,253 [54bd6e84-2e53-4956-b446-cc6ac26bbc90-groupManagement] INFO  server.RaftServer$Division (RaftServerImpl.java:setRole(329)) - 54bd6e84-2e53-4956-b446-cc6ac26bbc90@group-A04E320CF844: changes role from      null to FOLLOWER at term 0 for startAsFollower
2023-11-17 09:55:37,253 [54bd6e84-2e53-4956-b446-cc6ac26bbc90-groupManagement] INFO  impl.RoleInfo (RoleInfo.java:updateAndGet(139)) - 54bd6e84-2e53-4956-b446-cc6ac26bbc90: start 54bd6e84-2e53-4956-b446-cc6ac26bbc90@group-A04E320CF844-FollowerState
2023-11-17 09:55:37,253 [54bd6e84-2e53-4956-b446-cc6ac26bbc90@group-A04E320CF844-FollowerState] INFO  server.RaftServerConfigKeys (ConfUtils.java:logFallback(53)) - raft.server.rpc.first-election.timeout.min = 5s (fallback to raft.server.rpc.timeout.min)
2023-11-17 09:55:37,254 [54bd6e84-2e53-4956-b446-cc6ac26bbc90-groupManagement] INFO  util.JmxRegister (JmxRegister.java:tryRegister(44)) - Successfully registered JMX Bean with object name Ratis:service=RaftServer,group=group-A04E320CF844,id=54bd6e84-2e53-4956-b446-cc6ac26bbc90
2023-11-17 09:55:37,254 [54bd6e84-2e53-4956-b446-cc6ac26bbc90@group-A04E320CF844-FollowerState] INFO  server.RaftServerConfigKeys (ConfUtils.java:logFallback(53)) - raft.server.rpc.first-election.timeout.max = 5200ms (fallback to raft.server.rpc.timeout.max)
2023-11-17 09:55:37,254 [54bd6e84-2e53-4956-b446-cc6ac26bbc90-groupManagement] INFO  server.RaftServerConfigKeys (ConfUtils.java:logGet(46)) - raft.server.snapshot.auto.trigger.enabled = true (custom)
2023-11-17 09:55:37,254 [54bd6e84-2e53-4956-b446-cc6ac26bbc90-groupManagement] INFO  server.RaftServerConfigKeys (ConfUtils.java:logGet(46)) - raft.server.snapshot.auto.trigger.threshold = 10000 (custom)
2023-11-17 09:55:37,254 [54bd6e84-2e53-4956-b446-cc6ac26bbc90-groupManagement] INFO  server.RaftServerConfigKeys (ConfUtils.java:logGet(46)) - raft.server.snapshot.retention.file.num = 5 (custom)
2023-11-17 09:55:37,255 [54bd6e84-2e53-4956-b446-cc6ac26bbc90-groupManagement] INFO  server.RaftServerConfigKeys (ConfUtils.java:logGet(46)) - raft.server.log.purge.upto.snapshot.index = false (default)
2023-11-17 09:55:37,256 [54bd6e84-2e53-4956-b446-cc6ac26bbc90-PipelineCommandHandlerThread-0] INFO  ratis.XceiverServerRatis (XceiverServerRatis.java:addGroup(805)) - Created group PipelineID=83cf1267-729e-45c6-adc3-a04e320cf844
2023-11-17 09:55:37,256 [54bd6e84-2e53-4956-b446-cc6ac26bbc90-PipelineCommandHandlerThread-0] INFO  commandhandler.CreatePipelineCommandHandler (CreatePipelineCommandHandler.java:lambda$handle$2(124)) - Created Pipeline RATIS ONE PipelineID=83cf1267-729e-45c6-adc3-a04e320cf844.
2023-11-17 09:55:37,257 [54bd6e84-2e53-4956-b446-cc6ac26bbc90-PipelineCommandHandlerThread-0] INFO  server.RaftServer (RaftServerProxy.java:addNew(98)) - 54bd6e84-2e53-4956-b446-cc6ac26bbc90: addNew group-196F7C4343A2:[652b82d9-1846-44d1-8352-7bf3439ad078|rpc:10.1.0.9:15032|admin:10.1.0.9:15031|client:10.1.0.9:15030|dataStream:10.1.0.9:15033|priority:1|startupRole:FOLLOWER, 54bd6e84-2e53-4956-b446-cc6ac26bbc90|rpc:10.1.0.9:15023|admin:10.1.0.9:15022|client:10.1.0.9:15021|dataStream:10.1.0.9:15024|priority:0|startupRole:FOLLOWER, 3f7ce36a-008a-4440-b2ee-16e9e4e5a9e8|rpc:10.1.0.9:15014|admin:10.1.0.9:15013|client:10.1.0.9:15012|dataStream:10.1.0.9:15015|priority:0|startupRole:FOLLOWER] returns group-196F7C4343A2:java.util.concurrent.CompletableFuture@276ee897[Not completed]
2023-11-17 09:55:37,258 [54bd6e84-2e53-4956-b446-cc6ac26bbc90-groupManagement] INFO  server.RaftServer$Division (RaftServerImpl.java:<init>(198)) - 54bd6e84-2e53-4956-b446-cc6ac26bbc90: new RaftServerImpl for group-196F7C4343A2:[652b82d9-1846-44d1-8352-7bf3439ad078|rpc:10.1.0.9:15032|admin:10.1.0.9:15031|client:10.1.0.9:15030|dataStream:10.1.0.9:15033|priority:1|startupRole:FOLLOWER, 54bd6e84-2e53-4956-b446-cc6ac26bbc90|rpc:10.1.0.9:15023|admin:10.1.0.9:15022|client:10.1.0.9:15021|dataStream:10.1.0.9:15024|priority:0|startupRole:FOLLOWER, 3f7ce36a-008a-4440-b2ee-16e9e4e5a9e8|rpc:10.1.0.9:15014|admin:10.1.0.9:15013|client:10.1.0.9:15012|dataStream:10.1.0.9:15015|priority:0|startupRole:FOLLOWER] with ContainerStateMachine:uninitialized
2023-11-17 09:55:37,259 [54bd6e84-2e53-4956-b446-cc6ac26bbc90-groupManagement] INFO  server.RaftServerConfigKeys (ConfUtils.java:logGet(46)) - raft.server.rpc.timeout.min = 5s (custom)
2023-11-17 09:55:37,259 [54bd6e84-2e53-4956-b446-cc6ac26bbc90-groupManagement] INFO  server.RaftServerConfigKeys (ConfUtils.java:logGet(46)) - raft.server.rpc.timeout.max = 5200ms (custom)
2023-11-17 09:55:37,259 [54bd6e84-2e53-4956-b446-cc6ac26bbc90-groupManagement] INFO  server.RaftServerConfigKeys (ConfUtils.java:logGet(46)) - raft.server.rpc.sleep.time = 25ms (default)
2023-11-17 09:55:37,259 [54bd6e84-2e53-4956-b446-cc6ac26bbc90-groupManagement] INFO  server.RaftServerConfigKeys (ConfUtils.java:logGet(46)) - raft.server.rpc.slowness.timeout = 300s (custom)
2023-11-17 09:55:37,259 [54bd6e84-2e53-4956-b446-cc6ac26bbc90-groupManagement] INFO  server.RaftServerConfigKeys (ConfUtils.java:logGet(46)) - raft.server.leaderelection.leader.step-down.wait-time = 10s (default)
2023-11-17 09:55:37,259 [54bd6e84-2e53-4956-b446-cc6ac26bbc90-groupManagement] INFO  server.RaftServerConfigKeys (ConfUtils.java:logGet(46)) - raft.server.sleep.deviation.threshold = 300ms (default)
2023-11-17 09:55:37,259 [54bd6e84-2e53-4956-b446-cc6ac26bbc90-groupManagement] INFO  server.RaftServer$Division (ServerState.java:<init>(120)) - 54bd6e84-2e53-4956-b446-cc6ac26bbc90@group-196F7C4343A2: ConfigurationManager, init=-1: peers:[652b82d9-1846-44d1-8352-7bf3439ad078|rpc:10.1.0.9:15032|admin:10.1.0.9:15031|client:10.1.0.9:15030|dataStream:10.1.0.9:15033|priority:1|startupRole:FOLLOWER, 54bd6e84-2e53-4956-b446-cc6ac26bbc90|rpc:10.1.0.9:15023|admin:10.1.0.9:15022|client:10.1.0.9:15021|dataStream:10.1.0.9:15024|priority:0|startupRole:FOLLOWER, 3f7ce36a-008a-4440-b2ee-16e9e4e5a9e8|rpc:10.1.0.9:15014|admin:10.1.0.9:15013|client:10.1.0.9:15012|dataStream:10.1.0.9:15015|priority:0|startupRole:FOLLOWER]|listeners:[], old=null, confs=<EMPTY_MAP>
2023-11-17 09:55:37,259 [54bd6e84-2e53-4956-b446-cc6ac26bbc90-groupManagement] INFO  server.RaftServerConfigKeys (ConfUtils.java:logGet(46)) - raft.server.storage.dir = [/home/runner/work/ozone/ozone/hadoop-ozone/integration-test/target/test-dir/MiniOzoneClusterImpl-b9d514d0-62e9-44b2-85a5-b07480d3784c/datanode-1/data/ratis] (custom)
2023-11-17 09:55:37,259 [54bd6e84-2e53-4956-b446-cc6ac26bbc90-groupManagement] INFO  server.RaftServerConfigKeys (ConfUtils.java:logGet(46)) - raft.server.log.corruption.policy = EXCEPTION (default)
2023-11-17 09:55:37,259 [54bd6e84-2e53-4956-b446-cc6ac26bbc90-groupManagement] INFO  server.RaftServerConfigKeys (ConfUtils.java:logGet(46)) - raft.server.storage.free-space.min = 0MB (=0) (default)
2023-11-17 09:55:37,260 [54bd6e84-2e53-4956-b446-cc6ac26bbc90-groupManagement] INFO  server.RaftServerConfigKeys (ConfUtils.java:logGet(46)) - raft.server.notification.no-leader.timeout = 300s (custom)
2023-11-17 09:55:37,260 [54bd6e84-2e53-4956-b446-cc6ac26bbc90-groupManagement] INFO  server.RaftServerConfigKeys (ConfUtils.java:logGet(46)) - raft.server.read.timeout = 10s (default)
2023-11-17 09:55:37,260 [54bd6e84-2e53-4956-b446-cc6ac26bbc90-groupManagement] INFO  server.RaftServerConfigKeys (ConfUtils.java:logGet(46)) - raft.server.retrycache.expirytime = 600000ms (custom)
2023-11-17 09:55:37,260 [54bd6e84-2e53-4956-b446-cc6ac26bbc90-groupManagement] INFO  server.RaftServerConfigKeys (ConfUtils.java:logGet(46)) - raft.server.retrycache.statistics.expirytime = 100μs (default)
2023-11-17 09:55:37,260 [54bd6e84-2e53-4956-b446-cc6ac26bbc90-groupManagement] INFO  server.RaftServerConfigKeys (ConfUtils.java:logGet(46)) - raft.server.read.option = DEFAULT (default)
2023-11-17 09:55:37,261 [54bd6e84-2e53-4956-b446-cc6ac26bbc90-groupManagement] INFO  server.RaftServerConfigKeys (ConfUtils.java:logGet(46)) - raft.server.rpc.request.timeout = 60s (custom)
2023-11-17 09:55:37,261 [54bd6e84-2e53-4956-b446-cc6ac26bbc90-groupManagement] INFO  server.RaftServerConfigKeys (ConfUtils.java:logGet(46)) - raft.server.log.appender.install.snapshot.enabled = false (custom)
2023-11-17 09:55:37,261 [54bd6e84-2e53-4956-b446-cc6ac26bbc90-groupManagement] INFO  server.RaftServerConfigKeys (ConfUtils.java:logGet(46)) - raft.server.threadpool.server.cached = true (default)
2023-11-17 09:55:37,261 [54bd6e84-2e53-4956-b446-cc6ac26bbc90-groupManagement] INFO  server.RaftServerConfigKeys (ConfUtils.java:logGet(46)) - raft.server.threadpool.server.size = 0 (default)
2023-11-17 09:55:37,261 [54bd6e84-2e53-4956-b446-cc6ac26bbc90-groupManagement] INFO  server.RaftServerConfigKeys (ConfUtils.java:logGet(46)) - raft.server.threadpool.client.cached = true (default)
2023-11-17 09:55:37,261 [54bd6e84-2e53-4956-b446-cc6ac26bbc90-groupManagement] INFO  server.RaftServerConfigKeys (ConfUtils.java:logGet(46)) - raft.server.threadpool.client.size = 0 (default)
2023-11-17 09:55:37,262 [54bd6e84-2e53-4956-b446-cc6ac26bbc90-groupManagement] INFO  storage.RaftStorageDirectory (RaftStorageDirectoryImpl.java:analyzeStorage(137)) - The storage directory /home/runner/work/ozone/ozone/hadoop-ozone/integration-test/target/test-dir/MiniOzoneClusterImpl-b9d514d0-62e9-44b2-85a5-b07480d3784c/datanode-1/data/ratis/e595b643-de06-4363-82b2-196f7c4343a2 does not exist. Creating ...
2023-11-17 09:55:37,263 [54bd6e84-2e53-4956-b446-cc6ac26bbc90-groupManagement] INFO  storage.RaftStorageDirectory (RaftStorageDirectoryImpl.java:tryLock(231)) - Lock on /home/runner/work/ozone/ozone/hadoop-ozone/integration-test/target/test-dir/MiniOzoneClusterImpl-b9d514d0-62e9-44b2-85a5-b07480d3784c/datanode-1/data/ratis/e595b643-de06-4363-82b2-196f7c4343a2/in_use.lock acquired by nodename 28525@fv-az1021-556
2023-11-17 09:55:37,265 [54bd6e84-2e53-4956-b446-cc6ac26bbc90-groupManagement] INFO  storage.RaftStorage (RaftStorageImpl.java:format(96)) - Storage directory /home/runner/work/ozone/ozone/hadoop-ozone/integration-test/target/test-dir/MiniOzoneClusterImpl-b9d514d0-62e9-44b2-85a5-b07480d3784c/datanode-1/data/ratis/e595b643-de06-4363-82b2-196f7c4343a2 has been successfully formatted.
2023-11-17 09:55:37,265 [54bd6e84-2e53-4956-b446-cc6ac26bbc90-groupManagement] INFO  ratis.ContainerStateMachine (ContainerStateMachine.java:loadSnapshot(269)) - group-196F7C4343A2: The snapshot info is null. Setting the last applied indexto:(t:0, i:~)
2023-11-17 09:55:37,265 [54bd6e84-2e53-4956-b446-cc6ac26bbc90-groupManagement] INFO  server.RaftServerConfigKeys (ConfUtils.java:logGet(46)) - raft.server.log.use.memory = false (default)
2023-11-17 09:55:37,266 [54bd6e84-2e53-4956-b446-cc6ac26bbc90-groupManagement] INFO  server.RaftServerConfigKeys (ConfUtils.java:logGet(46)) - raft.server.log.purge.gap = 1000000 (custom)
2023-11-17 09:55:37,266 [54bd6e84-2e53-4956-b446-cc6ac26bbc90-groupManagement] INFO  server.RaftServerConfigKeys (ConfUtils.java:logGet(46)) - raft.server.log.appender.buffer.byte-limit = 33554432 (custom)
2023-11-17 09:55:37,266 [54bd6e84-2e53-4956-b446-cc6ac26bbc90-groupManagement] INFO  server.RaftServerConfigKeys (ConfUtils.java:logGet(46)) - raft.server.log.statemachine.data.read.timeout = 1000ms (default)
2023-11-17 09:55:37,266 [54bd6e84-2e53-4956-b446-cc6ac26bbc90-groupManagement] INFO  server.RaftServerConfigKeys (ConfUtils.java:logGet(46)) - raft.server.log.purge.preservation.log.num = 0 (default)
2023-11-17 09:55:37,266 [54bd6e84-2e53-4956-b446-cc6ac26bbc90-groupManagement] INFO  server.RaftServerConfigKeys (ConfUtils.java:logGet(46)) - raft.server.log.segment.size.max = 1048576 (custom)
2023-11-17 09:55:37,270 [main] INFO  ozone.MiniOzoneClusterImpl (MiniOzoneClusterImpl.java:lambda$waitForClusterToBeReady$0(229)) - Nodes are ready. Got 10 of 10 DN Heartbeats.
2023-11-17 09:55:37,271 [main] INFO  ozone.MiniOzoneClusterImpl (MiniOzoneClusterImpl.java:lambda$waitForClusterToBeReady$0(232)) - Waiting for cluster to exit safe mode
2023-11-17 09:55:37,271 [main] INFO  ozone.MiniOzoneClusterImpl (MiniOzoneClusterImpl.java:lambda$waitForClusterToBeReady$0(234)) - SCM became leader
2023-11-17 09:55:37,272 [EventQueue-OpenPipelineForHealthyPipelineSafeModeRule] INFO  safemode.SCMSafeModeManager (HealthyPipelineSafeModeRule.java:process(137)) - SCM in safe mode. Healthy pipelines reported count is 0, required healthy pipeline reported count is 1
2023-11-17 09:55:37,272 [54bd6e84-2e53-4956-b446-cc6ac26bbc90-groupManagement] INFO  server.RaftServerConfigKeys (ConfUtils.java:logGet(46)) - raft.server.log.segment.cache.num.max = 2 (custom)
2023-11-17 09:55:37,273 [54bd6e84-2e53-4956-b446-cc6ac26bbc90-groupManagement] INFO  server.RaftServerConfigKeys (ConfUtils.java:logGet(46)) - raft.server.log.segment.cache.size.max = 200MB (=209715200) (default)
2023-11-17 09:55:37,274 [54bd6e84-2e53-4956-b446-cc6ac26bbc90-groupManagement] INFO  server.RaftServerConfigKeys (ConfUtils.java:logGet(46)) - raft.server.log.appender.buffer.byte-limit = 33554432 (custom)
2023-11-17 09:55:37,274 [54bd6e84-2e53-4956-b446-cc6ac26bbc90-groupManagement] INFO  segmented.SegmentedRaftLogWorker (SegmentedRaftLogWorker.java:<init>(188)) - new 54bd6e84-2e53-4956-b446-cc6ac26bbc90@group-196F7C4343A2-SegmentedRaftLogWorker for RaftStorageImpl:Storage Directory /home/runner/work/ozone/ozone/hadoop-ozone/integration-test/target/test-dir/MiniOzoneClusterImpl-b9d514d0-62e9-44b2-85a5-b07480d3784c/datanode-1/data/ratis/e595b643-de06-4363-82b2-196f7c4343a2
2023-11-17 09:55:37,274 [54bd6e84-2e53-4956-b446-cc6ac26bbc90-groupManagement] INFO  server.RaftServerConfigKeys (ConfUtils.java:logGet(46)) - raft.server.log.queue.byte-limit = 4294967296 (custom)
2023-11-17 09:55:37,275 [54bd6e84-2e53-4956-b446-cc6ac26bbc90-groupManagement] INFO  server.RaftServerConfigKeys (ConfUtils.java:logGet(46)) - raft.server.log.queue.element-limit = 1024 (custom)
2023-11-17 09:55:37,275 [54bd6e84-2e53-4956-b446-cc6ac26bbc90-groupManagement] INFO  server.RaftServerConfigKeys (ConfUtils.java:logGet(46)) - raft.server.log.segment.size.max = 1048576 (custom)
2023-11-17 09:55:37,275 [54bd6e84-2e53-4956-b446-cc6ac26bbc90-groupManagement] INFO  server.RaftServerConfigKeys (ConfUtils.java:logGet(46)) - raft.server.log.preallocated.size = 16384 (custom)
2023-11-17 09:55:37,276 [54bd6e84-2e53-4956-b446-cc6ac26bbc90-groupManagement] INFO  server.RaftServerConfigKeys (ConfUtils.java:logGet(46)) - raft.server.log.force.sync.num = 128 (default)
2023-11-17 09:55:37,276 [54bd6e84-2e53-4956-b446-cc6ac26bbc90-groupManagement] INFO  server.RaftServerConfigKeys (ConfUtils.java:logGet(46)) - raft.server.log.statemachine.data.sync = true (default)
2023-11-17 09:55:37,276 [54bd6e84-2e53-4956-b446-cc6ac26bbc90-groupManagement] INFO  server.RaftServerConfigKeys (ConfUtils.java:logGet(46)) - raft.server.log.statemachine.data.sync.timeout = 10s (default)
2023-11-17 09:55:37,277 [54bd6e84-2e53-4956-b446-cc6ac26bbc90-groupManagement] INFO  server.RaftServerConfigKeys (ConfUtils.java:logGet(46)) - raft.server.log.statemachine.data.sync.timeout.retry = -1 (default)
2023-11-17 09:55:37,278 [54bd6e84-2e53-4956-b446-cc6ac26bbc90-groupManagement] INFO  server.RaftServerConfigKeys (ConfUtils.java:logGet(46)) - raft.server.log.write.buffer.size = 1048576 (custom)
2023-11-17 09:55:37,279 [54bd6e84-2e53-4956-b446-cc6ac26bbc90-groupManagement] INFO  server.RaftServerConfigKeys (ConfUtils.java:logGet(46)) - raft.server.log.appender.buffer.byte-limit = 33554432 (custom)
2023-11-17 09:55:37,280 [54bd6e84-2e53-4956-b446-cc6ac26bbc90-groupManagement] INFO  server.RaftServerConfigKeys (ConfUtils.java:logGet(46)) - raft.server.log.unsafe-flush.enabled = false (default)
2023-11-17 09:55:37,280 [54bd6e84-2e53-4956-b446-cc6ac26bbc90-groupManagement] INFO  server.RaftServerConfigKeys (ConfUtils.java:logGet(46)) - raft.server.log.async-flush.enabled = false (default)
2023-11-17 09:55:37,280 [54bd6e84-2e53-4956-b446-cc6ac26bbc90-groupManagement] INFO  server.RaftServerConfigKeys (ConfUtils.java:logGet(46)) - raft.server.log.statemachine.data.caching.enabled = true (custom)
2023-11-17 09:55:37,280 [54bd6e84-2e53-4956-b446-cc6ac26bbc90-groupManagement] INFO  segmented.SegmentedRaftLogWorker (SegmentedRaftLogWorker.java:lambda$new$0(135)) - 54bd6e84-2e53-4956-b446-cc6ac26bbc90@group-196F7C4343A2-SegmentedRaftLogWorker: flushIndex: setUnconditionally 0 -> -1
2023-11-17 09:55:37,280 [54bd6e84-2e53-4956-b446-cc6ac26bbc90-groupManagement] INFO  segmented.SegmentedRaftLogWorker (SegmentedRaftLogWorker.java:lambda$new$0(135)) - 54bd6e84-2e53-4956-b446-cc6ac26bbc90@group-196F7C4343A2-SegmentedRaftLogWorker: safeCacheEvictIndex: setUnconditionally 0 -> -1
2023-11-17 09:55:37,281 [54bd6e84-2e53-4956-b446-cc6ac26bbc90-groupManagement] INFO  server.RaftServer$Division (RaftServerImpl.java:start(342)) - 54bd6e84-2e53-4956-b446-cc6ac26bbc90@group-196F7C4343A2: start as a follower, conf=-1: peers:[652b82d9-1846-44d1-8352-7bf3439ad078|rpc:10.1.0.9:15032|admin:10.1.0.9:15031|client:10.1.0.9:15030|dataStream:10.1.0.9:15033|priority:1|startupRole:FOLLOWER, 54bd6e84-2e53-4956-b446-cc6ac26bbc90|rpc:10.1.0.9:15023|admin:10.1.0.9:15022|client:10.1.0.9:15021|dataStream:10.1.0.9:15024|priority:0|startupRole:FOLLOWER, 3f7ce36a-008a-4440-b2ee-16e9e4e5a9e8|rpc:10.1.0.9:15014|admin:10.1.0.9:15013|client:10.1.0.9:15012|dataStream:10.1.0.9:15015|priority:0|startupRole:FOLLOWER]|listeners:[], old=null
2023-11-17 09:55:37,281 [54bd6e84-2e53-4956-b446-cc6ac26bbc90-groupManagement] INFO  server.RaftServer$Division (RaftServerImpl.java:setRole(329)) - 54bd6e84-2e53-4956-b446-cc6ac26bbc90@group-196F7C4343A2: changes role from      null to FOLLOWER at term 0 for startAsFollower
2023-11-17 09:55:37,281 [54bd6e84-2e53-4956-b446-cc6ac26bbc90-groupManagement] INFO  impl.RoleInfo (RoleInfo.java:updateAndGet(139)) - 54bd6e84-2e53-4956-b446-cc6ac26bbc90: start 54bd6e84-2e53-4956-b446-cc6ac26bbc90@group-196F7C4343A2-FollowerState
2023-11-17 09:55:37,281 [54bd6e84-2e53-4956-b446-cc6ac26bbc90-groupManagement] INFO  util.JmxRegister (JmxRegister.java:tryRegister(44)) - Successfully registered JMX Bean with object name Ratis:service=RaftServer,group=group-196F7C4343A2,id=54bd6e84-2e53-4956-b446-cc6ac26bbc90
2023-11-17 09:55:37,282 [54bd6e84-2e53-4956-b446-cc6ac26bbc90-groupManagement] INFO  server.RaftServerConfigKeys (ConfUtils.java:logGet(46)) - raft.server.snapshot.auto.trigger.enabled = true (custom)
2023-11-17 09:55:37,282 [54bd6e84-2e53-4956-b446-cc6ac26bbc90-groupManagement] INFO  server.RaftServerConfigKeys (ConfUtils.java:logGet(46)) - raft.server.snapshot.auto.trigger.threshold = 10000 (custom)
2023-11-17 09:55:37,282 [54bd6e84-2e53-4956-b446-cc6ac26bbc90-groupManagement] INFO  server.RaftServerConfigKeys (ConfUtils.java:logGet(46)) - raft.server.snapshot.retention.file.num = 5 (custom)
2023-11-17 09:55:37,282 [54bd6e84-2e53-4956-b446-cc6ac26bbc90-groupManagement] INFO  server.RaftServerConfigKeys (ConfUtils.java:logGet(46)) - raft.server.log.purge.upto.snapshot.index = false (default)
2023-11-17 09:55:37,282 [54bd6e84-2e53-4956-b446-cc6ac26bbc90@group-196F7C4343A2-FollowerState] INFO  server.RaftServerConfigKeys (ConfUtils.java:logFallback(53)) - raft.server.rpc.first-election.timeout.min = 5s (fallback to raft.server.rpc.timeout.min)
2023-11-17 09:55:37,289 [54bd6e84-2e53-4956-b446-cc6ac26bbc90-PipelineCommandHandlerThread-0] INFO  ratis.XceiverServerRatis (XceiverServerRatis.java:addGroup(805)) - Created group PipelineID=e595b643-de06-4363-82b2-196f7c4343a2
2023-11-17 09:55:37,289 [54bd6e84-2e53-4956-b446-cc6ac26bbc90@group-196F7C4343A2-FollowerState] INFO  server.RaftServerConfigKeys (ConfUtils.java:logFallback(53)) - raft.server.rpc.first-election.timeout.max = 5200ms (fallback to raft.server.rpc.timeout.max)
2023-11-17 09:55:37,389 [652b82d9-1846-44d1-8352-7bf3439ad078-PipelineCommandHandlerThread-0] INFO  server.RaftServer (RaftServerProxy.java:addNew(98)) - 652b82d9-1846-44d1-8352-7bf3439ad078: addNew group-CF9465AD8ED7:[652b82d9-1846-44d1-8352-7bf3439ad078|rpc:10.1.0.9:15032|admin:10.1.0.9:15031|client:10.1.0.9:15030|dataStream:10.1.0.9:15033|priority:1|startupRole:FOLLOWER] returns group-CF9465AD8ED7:java.util.concurrent.CompletableFuture@6d2eaa85[Not completed]
2023-11-17 09:55:37,390 [652b82d9-1846-44d1-8352-7bf3439ad078-groupManagement] INFO  server.RaftServer$Division (RaftServerImpl.java:<init>(198)) - 652b82d9-1846-44d1-8352-7bf3439ad078: new RaftServerImpl for group-CF9465AD8ED7:[652b82d9-1846-44d1-8352-7bf3439ad078|rpc:10.1.0.9:15032|admin:10.1.0.9:15031|client:10.1.0.9:15030|dataStream:10.1.0.9:15033|priority:1|startupRole:FOLLOWER] with ContainerStateMachine:uninitialized
2023-11-17 09:55:37,391 [652b82d9-1846-44d1-8352-7bf3439ad078-groupManagement] INFO  server.RaftServerConfigKeys (ConfUtils.java:logGet(46)) - raft.server.rpc.timeout.min = 5s (custom)
2023-11-17 09:55:37,391 [652b82d9-1846-44d1-8352-7bf3439ad078-groupManagement] INFO  server.RaftServerConfigKeys (ConfUtils.java:logGet(46)) - raft.server.rpc.timeout.max = 5200ms (custom)
2023-11-17 09:55:37,391 [652b82d9-1846-44d1-8352-7bf3439ad078-groupManagement] INFO  server.RaftServerConfigKeys (ConfUtils.java:logGet(46)) - raft.server.rpc.sleep.time = 25ms (default)
2023-11-17 09:55:37,391 [652b82d9-1846-44d1-8352-7bf3439ad078-groupManagement] INFO  server.RaftServerConfigKeys (ConfUtils.java:logGet(46)) - raft.server.rpc.slowness.timeout = 300s (custom)
2023-11-17 09:55:37,391 [652b82d9-1846-44d1-8352-7bf3439ad078-groupManagement] INFO  server.RaftServerConfigKeys (ConfUtils.java:logGet(46)) - raft.server.leaderelection.leader.step-down.wait-time = 10s (default)
2023-11-17 09:55:37,391 [652b82d9-1846-44d1-8352-7bf3439ad078-groupManagement] INFO  server.RaftServerConfigKeys (ConfUtils.java:logGet(46)) - raft.server.sleep.deviation.threshold = 300ms (default)
2023-11-17 09:55:37,391 [652b82d9-1846-44d1-8352-7bf3439ad078-groupManagement] INFO  server.RaftServer$Division (ServerState.java:<init>(120)) - 652b82d9-1846-44d1-8352-7bf3439ad078@group-CF9465AD8ED7: ConfigurationManager, init=-1: peers:[652b82d9-1846-44d1-8352-7bf3439ad078|rpc:10.1.0.9:15032|admin:10.1.0.9:15031|client:10.1.0.9:15030|dataStream:10.1.0.9:15033|priority:1|startupRole:FOLLOWER]|listeners:[], old=null, confs=<EMPTY_MAP>
2023-11-17 09:55:37,391 [652b82d9-1846-44d1-8352-7bf3439ad078-groupManagement] INFO  server.RaftServerConfigKeys (ConfUtils.java:logGet(46)) - raft.server.storage.dir = [/home/runner/work/ozone/ozone/hadoop-ozone/integration-test/target/test-dir/MiniOzoneClusterImpl-b9d514d0-62e9-44b2-85a5-b07480d3784c/datanode-2/data/ratis] (custom)
2023-11-17 09:55:37,392 [652b82d9-1846-44d1-8352-7bf3439ad078-groupManagement] INFO  server.RaftServerConfigKeys (ConfUtils.java:logGet(46)) - raft.server.log.corruption.policy = EXCEPTION (default)
2023-11-17 09:55:37,392 [652b82d9-1846-44d1-8352-7bf3439ad078-groupManagement] INFO  server.RaftServerConfigKeys (ConfUtils.java:logGet(46)) - raft.server.storage.free-space.min = 0MB (=0) (default)
2023-11-17 09:55:37,392 [652b82d9-1846-44d1-8352-7bf3439ad078-groupManagement] INFO  server.RaftServerConfigKeys (ConfUtils.java:logGet(46)) - raft.server.notification.no-leader.timeout = 300s (custom)
2023-11-17 09:55:37,392 [652b82d9-1846-44d1-8352-7bf3439ad078-groupManagement] INFO  server.RaftServerConfigKeys (ConfUtils.java:logGet(46)) - raft.server.read.timeout = 10s (default)
2023-11-17 09:55:37,392 [652b82d9-1846-44d1-8352-7bf3439ad078-groupManagement] INFO  server.RaftServerConfigKeys (ConfUtils.java:logGet(46)) - raft.server.retrycache.expirytime = 600000ms (custom)
2023-11-17 09:55:37,392 [652b82d9-1846-44d1-8352-7bf3439ad078-groupManagement] INFO  server.RaftServerConfigKeys (ConfUtils.java:logGet(46)) - raft.server.retrycache.statistics.expirytime = 100μs (default)
2023-11-17 09:55:37,392 [652b82d9-1846-44d1-8352-7bf3439ad078-groupManagement] INFO  server.RaftServerConfigKeys (ConfUtils.java:logGet(46)) - raft.server.read.option = DEFAULT (default)
2023-11-17 09:55:37,400 [652b82d9-1846-44d1-8352-7bf3439ad078-groupManagement] INFO  server.RaftServerConfigKeys (ConfUtils.java:logGet(46)) - raft.server.rpc.request.timeout = 60s (custom)
2023-11-17 09:55:37,400 [652b82d9-1846-44d1-8352-7bf3439ad078-groupManagement] INFO  server.RaftServerConfigKeys (ConfUtils.java:logGet(46)) - raft.server.log.appender.install.snapshot.enabled = false (custom)
2023-11-17 09:55:37,400 [652b82d9-1846-44d1-8352-7bf3439ad078-groupManagement] INFO  server.RaftServerConfigKeys (ConfUtils.java:logGet(46)) - raft.server.threadpool.server.cached = true (default)
2023-11-17 09:55:37,400 [652b82d9-1846-44d1-8352-7bf3439ad078-groupManagement] INFO  server.RaftServerConfigKeys (ConfUtils.java:logGet(46)) - raft.server.threadpool.server.size = 0 (default)
2023-11-17 09:55:37,400 [652b82d9-1846-44d1-8352-7bf3439ad078-groupManagement] INFO  server.RaftServerConfigKeys (ConfUtils.java:logGet(46)) - raft.server.threadpool.client.cached = true (default)
2023-11-17 09:55:37,400 [652b82d9-1846-44d1-8352-7bf3439ad078-groupManagement] INFO  server.RaftServerConfigKeys (ConfUtils.java:logGet(46)) - raft.server.threadpool.client.size = 0 (default)
2023-11-17 09:55:37,400 [652b82d9-1846-44d1-8352-7bf3439ad078-groupManagement] INFO  storage.RaftStorageDirectory (RaftStorageDirectoryImpl.java:analyzeStorage(137)) - The storage directory /home/runner/work/ozone/ozone/hadoop-ozone/integration-test/target/test-dir/MiniOzoneClusterImpl-b9d514d0-62e9-44b2-85a5-b07480d3784c/datanode-2/data/ratis/38eb60f5-ccc4-4a43-84b4-cf9465ad8ed7 does not exist. Creating ...
2023-11-17 09:55:37,401 [652b82d9-1846-44d1-8352-7bf3439ad078-groupManagement] INFO  storage.RaftStorageDirectory (RaftStorageDirectoryImpl.java:tryLock(231)) - Lock on /home/runner/work/ozone/ozone/hadoop-ozone/integration-test/target/test-dir/MiniOzoneClusterImpl-b9d514d0-62e9-44b2-85a5-b07480d3784c/datanode-2/data/ratis/38eb60f5-ccc4-4a43-84b4-cf9465ad8ed7/in_use.lock acquired by nodename 28525@fv-az1021-556
2023-11-17 09:55:37,403 [652b82d9-1846-44d1-8352-7bf3439ad078-groupManagement] INFO  storage.RaftStorage (RaftStorageImpl.java:format(96)) - Storage directory /home/runner/work/ozone/ozone/hadoop-ozone/integration-test/target/test-dir/MiniOzoneClusterImpl-b9d514d0-62e9-44b2-85a5-b07480d3784c/datanode-2/data/ratis/38eb60f5-ccc4-4a43-84b4-cf9465ad8ed7 has been successfully formatted.
2023-11-17 09:55:37,404 [652b82d9-1846-44d1-8352-7bf3439ad078-groupManagement] INFO  ratis.ContainerStateMachine (ContainerStateMachine.java:loadSnapshot(269)) - group-CF9465AD8ED7: The snapshot info is null. Setting the last applied indexto:(t:0, i:~)
2023-11-17 09:55:37,404 [652b82d9-1846-44d1-8352-7bf3439ad078-groupManagement] INFO  server.RaftServerConfigKeys (ConfUtils.java:logGet(46)) - raft.server.log.use.memory = false (default)
2023-11-17 09:55:37,404 [652b82d9-1846-44d1-8352-7bf3439ad078-groupManagement] INFO  server.RaftServerConfigKeys (ConfUtils.java:logGet(46)) - raft.server.log.purge.gap = 1000000 (custom)
2023-11-17 09:55:37,406 [EventQueue-PipelineReportForPipelineReportHandler] INFO  pipeline.PipelineReportHandler (PipelineReportHandler.java:processPipelineReport(136)) - Opened pipeline PipelineID=38eb60f5-ccc4-4a43-84b4-cf9465ad8ed7
2023-11-17 09:55:37,406 [EventQueue-OpenPipelineForHealthyPipelineSafeModeRule] INFO  safemode.SCMSafeModeManager (HealthyPipelineSafeModeRule.java:process(137)) - SCM in safe mode. Healthy pipelines reported count is 0, required healthy pipeline reported count is 1
2023-11-17 09:55:37,408 [652b82d9-1846-44d1-8352-7bf3439ad078-groupManagement] INFO  server.RaftServerConfigKeys (ConfUtils.java:logGet(46)) - raft.server.log.appender.buffer.byte-limit = 33554432 (custom)
2023-11-17 09:55:37,408 [652b82d9-1846-44d1-8352-7bf3439ad078-groupManagement] INFO  server.RaftServerConfigKeys (ConfUtils.java:logGet(46)) - raft.server.log.statemachine.data.read.timeout = 1000ms (default)
2023-11-17 09:55:37,408 [652b82d9-1846-44d1-8352-7bf3439ad078-groupManagement] INFO  server.RaftServerConfigKeys (ConfUtils.java:logGet(46)) - raft.server.log.purge.preservation.log.num = 0 (default)
2023-11-17 09:55:37,409 [652b82d9-1846-44d1-8352-7bf3439ad078-groupManagement] INFO  server.RaftServerConfigKeys (ConfUtils.java:logGet(46)) - raft.server.log.segment.size.max = 1048576 (custom)
2023-11-17 09:55:37,409 [652b82d9-1846-44d1-8352-7bf3439ad078-groupManagement] INFO  server.RaftServerConfigKeys (ConfUtils.java:logGet(46)) - raft.server.log.segment.cache.num.max = 2 (custom)
2023-11-17 09:55:37,409 [652b82d9-1846-44d1-8352-7bf3439ad078-groupManagement] INFO  server.RaftServerConfigKeys (ConfUtils.java:logGet(46)) - raft.server.log.segment.cache.size.max = 200MB (=209715200) (default)
2023-11-17 09:55:37,409 [652b82d9-1846-44d1-8352-7bf3439ad078-groupManagement] INFO  server.RaftServerConfigKeys (ConfUtils.java:logGet(46)) - raft.server.log.appender.buffer.byte-limit = 33554432 (custom)
2023-11-17 09:55:37,409 [652b82d9-1846-44d1-8352-7bf3439ad078-groupManagement] INFO  segmented.SegmentedRaftLogWorker (SegmentedRaftLogWorker.java:<init>(188)) - new 652b82d9-1846-44d1-8352-7bf3439ad078@group-CF9465AD8ED7-SegmentedRaftLogWorker for RaftStorageImpl:Storage Directory /home/runner/work/ozone/ozone/hadoop-ozone/integration-test/target/test-dir/MiniOzoneClusterImpl-b9d514d0-62e9-44b2-85a5-b07480d3784c/datanode-2/data/ratis/38eb60f5-ccc4-4a43-84b4-cf9465ad8ed7
2023-11-17 09:55:37,410 [652b82d9-1846-44d1-8352-7bf3439ad078-groupManagement] INFO  server.RaftServerConfigKeys (ConfUtils.java:logGet(46)) - raft.server.log.queue.byte-limit = 4294967296 (custom)
2023-11-17 09:55:37,410 [652b82d9-1846-44d1-8352-7bf3439ad078-groupManagement] INFO  server.RaftServerConfigKeys (ConfUtils.java:logGet(46)) - raft.server.log.queue.element-limit = 1024 (custom)
2023-11-17 09:55:37,410 [652b82d9-1846-44d1-8352-7bf3439ad078-groupManagement] INFO  server.RaftServerConfigKeys (ConfUtils.java:logGet(46)) - raft.server.log.segment.size.max = 1048576 (custom)
2023-11-17 09:55:37,410 [652b82d9-1846-44d1-8352-7bf3439ad078-groupManagement] INFO  server.RaftServerConfigKeys (ConfUtils.java:logGet(46)) - raft.server.log.preallocated.size = 16384 (custom)
2023-11-17 09:55:37,410 [652b82d9-1846-44d1-8352-7bf3439ad078-groupManagement] INFO  server.RaftServerConfigKeys (ConfUtils.java:logGet(46)) - raft.server.log.force.sync.num = 128 (default)
2023-11-17 09:55:37,410 [652b82d9-1846-44d1-8352-7bf3439ad078-groupManagement] INFO  server.RaftServerConfigKeys (ConfUtils.java:logGet(46)) - raft.server.log.statemachine.data.sync = true (default)
2023-11-17 09:55:37,410 [652b82d9-1846-44d1-8352-7bf3439ad078-groupManagement] INFO  server.RaftServerConfigKeys (ConfUtils.java:logGet(46)) - raft.server.log.statemachine.data.sync.timeout = 10s (default)
2023-11-17 09:55:37,410 [652b82d9-1846-44d1-8352-7bf3439ad078-groupManagement] INFO  server.RaftServerConfigKeys (ConfUtils.java:logGet(46)) - raft.server.log.statemachine.data.sync.timeout.retry = -1 (default)
2023-11-17 09:55:37,411 [652b82d9-1846-44d1-8352-7bf3439ad078-groupManagement] INFO  server.RaftServerConfigKeys (ConfUtils.java:logGet(46)) - raft.server.log.write.buffer.size = 1048576 (custom)
2023-11-17 09:55:37,412 [652b82d9-1846-44d1-8352-7bf3439ad078-groupManagement] INFO  server.RaftServerConfigKeys (ConfUtils.java:logGet(46)) - raft.server.log.appender.buffer.byte-limit = 33554432 (custom)
2023-11-17 09:55:37,413 [652b82d9-1846-44d1-8352-7bf3439ad078-groupManagement] INFO  server.RaftServerConfigKeys (ConfUtils.java:logGet(46)) - raft.server.log.unsafe-flush.enabled = false (default)
2023-11-17 09:55:37,413 [652b82d9-1846-44d1-8352-7bf3439ad078-groupManagement] INFO  server.RaftServerConfigKeys (ConfUtils.java:logGet(46)) - raft.server.log.async-flush.enabled = false (default)
2023-11-17 09:55:37,413 [652b82d9-1846-44d1-8352-7bf3439ad078-groupManagement] INFO  server.RaftServerConfigKeys (ConfUtils.java:logGet(46)) - raft.server.log.statemachine.data.caching.enabled = true (custom)
2023-11-17 09:55:37,413 [652b82d9-1846-44d1-8352-7bf3439ad078-groupManagement] INFO  segmented.SegmentedRaftLogWorker (SegmentedRaftLogWorker.java:lambda$new$0(135)) - 652b82d9-1846-44d1-8352-7bf3439ad078@group-CF9465AD8ED7-SegmentedRaftLogWorker: flushIndex: setUnconditionally 0 -> -1
2023-11-17 09:55:37,414 [652b82d9-1846-44d1-8352-7bf3439ad078-groupManagement] INFO  segmented.SegmentedRaftLogWorker (SegmentedRaftLogWorker.java:lambda$new$0(135)) - 652b82d9-1846-44d1-8352-7bf3439ad078@group-CF9465AD8ED7-SegmentedRaftLogWorker: safeCacheEvictIndex: setUnconditionally 0 -> -1
2023-11-17 09:55:37,414 [652b82d9-1846-44d1-8352-7bf3439ad078-groupManagement] INFO  server.RaftServer$Division (RaftServerImpl.java:start(342)) - 652b82d9-1846-44d1-8352-7bf3439ad078@group-CF9465AD8ED7: start as a follower, conf=-1: peers:[652b82d9-1846-44d1-8352-7bf3439ad078|rpc:10.1.0.9:15032|admin:10.1.0.9:15031|client:10.1.0.9:15030|dataStream:10.1.0.9:15033|priority:1|startupRole:FOLLOWER]|listeners:[], old=null
2023-11-17 09:55:37,414 [652b82d9-1846-44d1-8352-7bf3439ad078-groupManagement] INFO  server.RaftServer$Division (RaftServerImpl.java:setRole(329)) - 652b82d9-1846-44d1-8352-7bf3439ad078@group-CF9465AD8ED7: changes role from      null to FOLLOWER at term 0 for startAsFollower
2023-11-17 09:55:37,414 [652b82d9-1846-44d1-8352-7bf3439ad078-groupManagement] INFO  impl.RoleInfo (RoleInfo.java:updateAndGet(139)) - 652b82d9-1846-44d1-8352-7bf3439ad078: start 652b82d9-1846-44d1-8352-7bf3439ad078@group-CF9465AD8ED7-FollowerState
2023-11-17 09:55:37,414 [652b82d9-1846-44d1-8352-7bf3439ad078@group-CF9465AD8ED7-FollowerState] INFO  server.RaftServerConfigKeys (ConfUtils.java:logFallback(53)) - raft.server.rpc.first-election.timeout.min = 5s (fallback to raft.server.rpc.timeout.min)
2023-11-17 09:55:37,414 [652b82d9-1846-44d1-8352-7bf3439ad078-groupManagement] INFO  util.JmxRegister (JmxRegister.java:tryRegister(44)) - Successfully registered JMX Bean with object name Ratis:service=RaftServer,group=group-CF9465AD8ED7,id=652b82d9-1846-44d1-8352-7bf3439ad078
2023-11-17 09:55:37,414 [652b82d9-1846-44d1-8352-7bf3439ad078@group-CF9465AD8ED7-FollowerState] INFO  server.RaftServerConfigKeys (ConfUtils.java:logFallback(53)) - raft.server.rpc.first-election.timeout.max = 5200ms (fallback to raft.server.rpc.timeout.max)
2023-11-17 09:55:37,414 [652b82d9-1846-44d1-8352-7bf3439ad078-groupManagement] INFO  server.RaftServerConfigKeys (ConfUtils.java:logGet(46)) - raft.server.snapshot.auto.trigger.enabled = true (custom)
2023-11-17 09:55:37,414 [652b82d9-1846-44d1-8352-7bf3439ad078-groupManagement] INFO  server.RaftServerConfigKeys (ConfUtils.java:logGet(46)) - raft.server.snapshot.auto.trigger.threshold = 10000 (custom)
2023-11-17 09:55:37,414 [652b82d9-1846-44d1-8352-7bf3439ad078-groupManagement] INFO  server.RaftServerConfigKeys (ConfUtils.java:logGet(46)) - raft.server.snapshot.retention.file.num = 5 (custom)
2023-11-17 09:55:37,414 [652b82d9-1846-44d1-8352-7bf3439ad078-groupManagement] INFO  server.RaftServerConfigKeys (ConfUtils.java:logGet(46)) - raft.server.log.purge.upto.snapshot.index = false (default)
2023-11-17 09:55:37,416 [652b82d9-1846-44d1-8352-7bf3439ad078-PipelineCommandHandlerThread-0] INFO  ratis.XceiverServerRatis (XceiverServerRatis.java:addGroup(805)) - Created group PipelineID=38eb60f5-ccc4-4a43-84b4-cf9465ad8ed7
2023-11-17 09:55:37,416 [652b82d9-1846-44d1-8352-7bf3439ad078-PipelineCommandHandlerThread-0] INFO  commandhandler.CreatePipelineCommandHandler (CreatePipelineCommandHandler.java:lambda$handle$2(124)) - Created Pipeline RATIS ONE PipelineID=38eb60f5-ccc4-4a43-84b4-cf9465ad8ed7.
2023-11-17 09:55:37,417 [652b82d9-1846-44d1-8352-7bf3439ad078-PipelineCommandHandlerThread-0] INFO  server.RaftServer (RaftServerProxy.java:addNew(98)) - 652b82d9-1846-44d1-8352-7bf3439ad078: addNew group-196F7C4343A2:[652b82d9-1846-44d1-8352-7bf3439ad078|rpc:10.1.0.9:15032|admin:10.1.0.9:15031|client:10.1.0.9:15030|dataStream:10.1.0.9:15033|priority:1|startupRole:FOLLOWER, 54bd6e84-2e53-4956-b446-cc6ac26bbc90|rpc:10.1.0.9:15023|admin:10.1.0.9:15022|client:10.1.0.9:15021|dataStream:10.1.0.9:15024|priority:0|startupRole:FOLLOWER, 3f7ce36a-008a-4440-b2ee-16e9e4e5a9e8|rpc:10.1.0.9:15014|admin:10.1.0.9:15013|client:10.1.0.9:15012|dataStream:10.1.0.9:15015|priority:0|startupRole:FOLLOWER] returns group-196F7C4343A2:java.util.concurrent.CompletableFuture@691133f8[Not completed]
2023-11-17 09:55:37,418 [652b82d9-1846-44d1-8352-7bf3439ad078-groupManagement] INFO  server.RaftServer$Division (RaftServerImpl.java:<init>(198)) - 652b82d9-1846-44d1-8352-7bf3439ad078: new RaftServerImpl for group-196F7C4343A2:[652b82d9-1846-44d1-8352-7bf3439ad078|rpc:10.1.0.9:15032|admin:10.1.0.9:15031|client:10.1.0.9:15030|dataStream:10.1.0.9:15033|priority:1|startupRole:FOLLOWER, 54bd6e84-2e53-4956-b446-cc6ac26bbc90|rpc:10.1.0.9:15023|admin:10.1.0.9:15022|client:10.1.0.9:15021|dataStream:10.1.0.9:15024|priority:0|startupRole:FOLLOWER, 3f7ce36a-008a-4440-b2ee-16e9e4e5a9e8|rpc:10.1.0.9:15014|admin:10.1.0.9:15013|client:10.1.0.9:15012|dataStream:10.1.0.9:15015|priority:0|startupRole:FOLLOWER] with ContainerStateMachine:uninitialized
2023-11-17 09:55:37,418 [652b82d9-1846-44d1-8352-7bf3439ad078-groupManagement] INFO  server.RaftServerConfigKeys (ConfUtils.java:logGet(46)) - raft.server.rpc.timeout.min = 5s (custom)
2023-11-17 09:55:37,418 [652b82d9-1846-44d1-8352-7bf3439ad078-groupManagement] INFO  server.RaftServerConfigKeys (ConfUtils.java:logGet(46)) - raft.server.rpc.timeout.max = 5200ms (custom)
2023-11-17 09:55:37,418 [652b82d9-1846-44d1-8352-7bf3439ad078-groupManagement] INFO  server.RaftServerConfigKeys (ConfUtils.java:logGet(46)) - raft.server.rpc.sleep.time = 25ms (default)
2023-11-17 09:55:37,418 [652b82d9-1846-44d1-8352-7bf3439ad078-groupManagement] INFO  server.RaftServerConfigKeys (ConfUtils.java:logGet(46)) - raft.server.rpc.slowness.timeout = 300s (custom)
2023-11-17 09:55:37,418 [652b82d9-1846-44d1-8352-7bf3439ad078-groupManagement] INFO  server.RaftServerConfigKeys (ConfUtils.java:logGet(46)) - raft.server.leaderelection.leader.step-down.wait-time = 10s (default)
2023-11-17 09:55:37,418 [652b82d9-1846-44d1-8352-7bf3439ad078-groupManagement] INFO  server.RaftServerConfigKeys (ConfUtils.java:logGet(46)) - raft.server.sleep.deviation.threshold = 300ms (default)
2023-11-17 09:55:37,418 [652b82d9-1846-44d1-8352-7bf3439ad078-groupManagement] INFO  server.RaftServer$Division (ServerState.java:<init>(120)) - 652b82d9-1846-44d1-8352-7bf3439ad078@group-196F7C4343A2: ConfigurationManager, init=-1: peers:[652b82d9-1846-44d1-8352-7bf3439ad078|rpc:10.1.0.9:15032|admin:10.1.0.9:15031|client:10.1.0.9:15030|dataStream:10.1.0.9:15033|priority:1|startupRole:FOLLOWER, 54bd6e84-2e53-4956-b446-cc6ac26bbc90|rpc:10.1.0.9:15023|admin:10.1.0.9:15022|client:10.1.0.9:15021|dataStream:10.1.0.9:15024|priority:0|startupRole:FOLLOWER, 3f7ce36a-008a-4440-b2ee-16e9e4e5a9e8|rpc:10.1.0.9:15014|admin:10.1.0.9:15013|client:10.1.0.9:15012|dataStream:10.1.0.9:15015|priority:0|startupRole:FOLLOWER]|listeners:[], old=null, confs=<EMPTY_MAP>
2023-11-17 09:55:37,418 [652b82d9-1846-44d1-8352-7bf3439ad078-groupManagement] INFO  server.RaftServerConfigKeys (ConfUtils.java:logGet(46)) - raft.server.storage.dir = [/home/runner/work/ozone/ozone/hadoop-ozone/integration-test/target/test-dir/MiniOzoneClusterImpl-b9d514d0-62e9-44b2-85a5-b07480d3784c/datanode-2/data/ratis] (custom)
2023-11-17 09:55:37,418 [652b82d9-1846-44d1-8352-7bf3439ad078-groupManagement] INFO  server.RaftServerConfigKeys (ConfUtils.java:logGet(46)) - raft.server.log.corruption.policy = EXCEPTION (default)
2023-11-17 09:55:37,418 [652b82d9-1846-44d1-8352-7bf3439ad078-groupManagement] INFO  server.RaftServerConfigKeys (ConfUtils.java:logGet(46)) - raft.server.storage.free-space.min = 0MB (=0) (default)
2023-11-17 09:55:37,418 [652b82d9-1846-44d1-8352-7bf3439ad078-groupManagement] INFO  server.RaftServerConfigKeys (ConfUtils.java:logGet(46)) - raft.server.notification.no-leader.timeout = 300s (custom)
2023-11-17 09:55:37,419 [652b82d9-1846-44d1-8352-7bf3439ad078-groupManagement] INFO  server.RaftServerConfigKeys (ConfUtils.java:logGet(46)) - raft.server.read.timeout = 10s (default)
2023-11-17 09:55:37,419 [652b82d9-1846-44d1-8352-7bf3439ad078-groupManagement] INFO  server.RaftServerConfigKeys (ConfUtils.java:logGet(46)) - raft.server.retrycache.expirytime = 600000ms (custom)
2023-11-17 09:55:37,419 [652b82d9-1846-44d1-8352-7bf3439ad078-groupManagement] INFO  server.RaftServerConfigKeys (ConfUtils.java:logGet(46)) - raft.server.retrycache.statistics.expirytime = 100μs (default)
2023-11-17 09:55:37,419 [652b82d9-1846-44d1-8352-7bf3439ad078-groupManagement] INFO  server.RaftServerConfigKeys (ConfUtils.java:logGet(46)) - raft.server.read.option = DEFAULT (default)
2023-11-17 09:55:37,421 [652b82d9-1846-44d1-8352-7bf3439ad078-groupManagement] INFO  server.RaftServerConfigKeys (ConfUtils.java:logGet(46)) - raft.server.rpc.request.timeout = 60s (custom)
2023-11-17 09:55:37,421 [652b82d9-1846-44d1-8352-7bf3439ad078-groupManagement] INFO  server.RaftServerConfigKeys (ConfUtils.java:logGet(46)) - raft.server.log.appender.install.snapshot.enabled = false (custom)
2023-11-17 09:55:37,421 [652b82d9-1846-44d1-8352-7bf3439ad078-groupManagement] INFO  server.RaftServerConfigKeys (ConfUtils.java:logGet(46)) - raft.server.threadpool.server.cached = true (default)
2023-11-17 09:55:37,421 [652b82d9-1846-44d1-8352-7bf3439ad078-groupManagement] INFO  server.RaftServerConfigKeys (ConfUtils.java:logGet(46)) - raft.server.threadpool.server.size = 0 (default)
2023-11-17 09:55:37,421 [652b82d9-1846-44d1-8352-7bf3439ad078-groupManagement] INFO  server.RaftServerConfigKeys (ConfUtils.java:logGet(46)) - raft.server.threadpool.client.cached = true (default)
2023-11-17 09:55:37,421 [652b82d9-1846-44d1-8352-7bf3439ad078-groupManagement] INFO  server.RaftServerConfigKeys (ConfUtils.java:logGet(46)) - raft.server.threadpool.client.size = 0 (default)
2023-11-17 09:55:37,422 [652b82d9-1846-44d1-8352-7bf3439ad078-groupManagement] INFO  storage.RaftStorageDirectory (RaftStorageDirectoryImpl.java:analyzeStorage(137)) - The storage directory /home/runner/work/ozone/ozone/hadoop-ozone/integration-test/target/test-dir/MiniOzoneClusterImpl-b9d514d0-62e9-44b2-85a5-b07480d3784c/datanode-2/data/ratis/e595b643-de06-4363-82b2-196f7c4343a2 does not exist. Creating ...
2023-11-17 09:55:37,423 [652b82d9-1846-44d1-8352-7bf3439ad078-groupManagement] INFO  storage.RaftStorageDirectory (RaftStorageDirectoryImpl.java:tryLock(231)) - Lock on /home/runner/work/ozone/ozone/hadoop-ozone/integration-test/target/test-dir/MiniOzoneClusterImpl-b9d514d0-62e9-44b2-85a5-b07480d3784c/datanode-2/data/ratis/e595b643-de06-4363-82b2-196f7c4343a2/in_use.lock acquired by nodename 28525@fv-az1021-556
2023-11-17 09:55:37,424 [652b82d9-1846-44d1-8352-7bf3439ad078-groupManagement] INFO  storage.RaftStorage (RaftStorageImpl.java:format(96)) - Storage directory /home/runner/work/ozone/ozone/hadoop-ozone/integration-test/target/test-dir/MiniOzoneClusterImpl-b9d514d0-62e9-44b2-85a5-b07480d3784c/datanode-2/data/ratis/e595b643-de06-4363-82b2-196f7c4343a2 has been successfully formatted.
2023-11-17 09:55:37,425 [652b82d9-1846-44d1-8352-7bf3439ad078-groupManagement] INFO  ratis.ContainerStateMachine (ContainerStateMachine.java:loadSnapshot(269)) - group-196F7C4343A2: The snapshot info is null. Setting the last applied indexto:(t:0, i:~)
2023-11-17 09:55:37,425 [652b82d9-1846-44d1-8352-7bf3439ad078-groupManagement] INFO  server.RaftServerConfigKeys (ConfUtils.java:logGet(46)) - raft.server.log.use.memory = false (default)
2023-11-17 09:55:37,425 [652b82d9-1846-44d1-8352-7bf3439ad078-groupManagement] INFO  server.RaftServerConfigKeys (ConfUtils.java:logGet(46)) - raft.server.log.purge.gap = 1000000 (custom)
2023-11-17 09:55:37,427 [EventQueue-OpenPipelineForHealthyPipelineSafeModeRule] INFO  safemode.SCMSafeModeManager (HealthyPipelineSafeModeRule.java:process(137)) - SCM in safe mode. Healthy pipelines reported count is 0, required healthy pipeline reported count is 1
2023-11-17 09:55:37,433 [652b82d9-1846-44d1-8352-7bf3439ad078-groupManagement] INFO  server.RaftServerConfigKeys (ConfUtils.java:logGet(46)) - raft.server.log.appender.buffer.byte-limit = 33554432 (custom)
2023-11-17 09:55:37,433 [652b82d9-1846-44d1-8352-7bf3439ad078-groupManagement] INFO  server.RaftServerConfigKeys (ConfUtils.java:logGet(46)) - raft.server.log.statemachine.data.read.timeout = 1000ms (default)
2023-11-17 09:55:37,433 [652b82d9-1846-44d1-8352-7bf3439ad078-groupManagement] INFO  server.RaftServerConfigKeys (ConfUtils.java:logGet(46)) - raft.server.log.purge.preservation.log.num = 0 (default)
2023-11-17 09:55:37,434 [652b82d9-1846-44d1-8352-7bf3439ad078-groupManagement] INFO  server.RaftServerConfigKeys (ConfUtils.java:logGet(46)) - raft.server.log.segment.size.max = 1048576 (custom)
2023-11-17 09:55:37,435 [652b82d9-1846-44d1-8352-7bf3439ad078-groupManagement] INFO  server.RaftServerConfigKeys (ConfUtils.java:logGet(46)) - raft.server.log.segment.cache.num.max = 2 (custom)
2023-11-17 09:55:37,435 [652b82d9-1846-44d1-8352-7bf3439ad078-groupManagement] INFO  server.RaftServerConfigKeys (ConfUtils.java:logGet(46)) - raft.server.log.segment.cache.size.max = 200MB (=209715200) (default)
2023-11-17 09:55:37,435 [652b82d9-1846-44d1-8352-7bf3439ad078-groupManagement] INFO  server.RaftServerConfigKeys (ConfUtils.java:logGet(46)) - raft.server.log.appender.buffer.byte-limit = 33554432 (custom)
2023-11-17 09:55:37,435 [652b82d9-1846-44d1-8352-7bf3439ad078-groupManagement] INFO  segmented.SegmentedRaftLogWorker (SegmentedRaftLogWorker.java:<init>(188)) - new 652b82d9-1846-44d1-8352-7bf3439ad078@group-196F7C4343A2-SegmentedRaftLogWorker for RaftStorageImpl:Storage Directory /home/runner/work/ozone/ozone/hadoop-ozone/integration-test/target/test-dir/MiniOzoneClusterImpl-b9d514d0-62e9-44b2-85a5-b07480d3784c/datanode-2/data/ratis/e595b643-de06-4363-82b2-196f7c4343a2
2023-11-17 09:55:37,436 [652b82d9-1846-44d1-8352-7bf3439ad078-groupManagement] INFO  server.RaftServerConfigKeys (ConfUtils.java:logGet(46)) - raft.server.log.queue.byte-limit = 4294967296 (custom)
2023-11-17 09:55:37,436 [652b82d9-1846-44d1-8352-7bf3439ad078-groupManagement] INFO  server.RaftServerConfigKeys (ConfUtils.java:logGet(46)) - raft.server.log.queue.element-limit = 1024 (custom)
2023-11-17 09:55:37,436 [652b82d9-1846-44d1-8352-7bf3439ad078-groupManagement] INFO  server.RaftServerConfigKeys (ConfUtils.java:logGet(46)) - raft.server.log.segment.size.max = 1048576 (custom)
2023-11-17 09:55:37,436 [652b82d9-1846-44d1-8352-7bf3439ad078-groupManagement] INFO  server.RaftServerConfigKeys (ConfUtils.java:logGet(46)) - raft.server.log.preallocated.size = 16384 (custom)
2023-11-17 09:55:37,436 [652b82d9-1846-44d1-8352-7bf3439ad078-groupManagement] INFO  server.RaftServerConfigKeys (ConfUtils.java:logGet(46)) - raft.server.log.force.sync.num = 128 (default)
2023-11-17 09:55:37,436 [652b82d9-1846-44d1-8352-7bf3439ad078-groupManagement] INFO  server.RaftServerConfigKeys (ConfUtils.java:logGet(46)) - raft.server.log.statemachine.data.sync = true (default)
2023-11-17 09:55:37,436 [652b82d9-1846-44d1-8352-7bf3439ad078-groupManagement] INFO  server.RaftServerConfigKeys (ConfUtils.java:logGet(46)) - raft.server.log.statemachine.data.sync.timeout = 10s (default)
2023-11-17 09:55:37,436 [652b82d9-1846-44d1-8352-7bf3439ad078-groupManagement] INFO  server.RaftServerConfigKeys (ConfUtils.java:logGet(46)) - raft.server.log.statemachine.data.sync.timeout.retry = -1 (default)
2023-11-17 09:55:37,438 [652b82d9-1846-44d1-8352-7bf3439ad078-groupManagement] INFO  server.RaftServerConfigKeys (ConfUtils.java:logGet(46)) - raft.server.log.write.buffer.size = 1048576 (custom)
2023-11-17 09:55:37,438 [652b82d9-1846-44d1-8352-7bf3439ad078-groupManagement] INFO  server.RaftServerConfigKeys (ConfUtils.java:logGet(46)) - raft.server.log.appender.buffer.byte-limit = 33554432 (custom)
2023-11-17 09:55:37,439 [652b82d9-1846-44d1-8352-7bf3439ad078-groupManagement] INFO  server.RaftServerConfigKeys (ConfUtils.java:logGet(46)) - raft.server.log.unsafe-flush.enabled = false (default)
2023-11-17 09:55:37,442 [652b82d9-1846-44d1-8352-7bf3439ad078-groupManagement] INFO  server.RaftServerConfigKeys (ConfUtils.java:logGet(46)) - raft.server.log.async-flush.enabled = false (default)
2023-11-17 09:55:37,442 [652b82d9-1846-44d1-8352-7bf3439ad078-groupManagement] INFO  server.RaftServerConfigKeys (ConfUtils.java:logGet(46)) - raft.server.log.statemachine.data.caching.enabled = true (custom)
2023-11-17 09:55:37,442 [652b82d9-1846-44d1-8352-7bf3439ad078-groupManagement] INFO  segmented.SegmentedRaftLogWorker (SegmentedRaftLogWorker.java:lambda$new$0(135)) - 652b82d9-1846-44d1-8352-7bf3439ad078@group-196F7C4343A2-SegmentedRaftLogWorker: flushIndex: setUnconditionally 0 -> -1
2023-11-17 09:55:37,442 [652b82d9-1846-44d1-8352-7bf3439ad078-groupManagement] INFO  segmented.SegmentedRaftLogWorker (SegmentedRaftLogWorker.java:lambda$new$0(135)) - 652b82d9-1846-44d1-8352-7bf3439ad078@group-196F7C4343A2-SegmentedRaftLogWorker: safeCacheEvictIndex: setUnconditionally 0 -> -1
2023-11-17 09:55:37,443 [652b82d9-1846-44d1-8352-7bf3439ad078-groupManagement] INFO  server.RaftServer$Division (RaftServerImpl.java:start(342)) - 652b82d9-1846-44d1-8352-7bf3439ad078@group-196F7C4343A2: start as a follower, conf=-1: peers:[652b82d9-1846-44d1-8352-7bf3439ad078|rpc:10.1.0.9:15032|admin:10.1.0.9:15031|client:10.1.0.9:15030|dataStream:10.1.0.9:15033|priority:1|startupRole:FOLLOWER, 54bd6e84-2e53-4956-b446-cc6ac26bbc90|rpc:10.1.0.9:15023|admin:10.1.0.9:15022|client:10.1.0.9:15021|dataStream:10.1.0.9:15024|priority:0|startupRole:FOLLOWER, 3f7ce36a-008a-4440-b2ee-16e9e4e5a9e8|rpc:10.1.0.9:15014|admin:10.1.0.9:15013|client:10.1.0.9:15012|dataStream:10.1.0.9:15015|priority:0|startupRole:FOLLOWER]|listeners:[], old=null
2023-11-17 09:55:37,443 [652b82d9-1846-44d1-8352-7bf3439ad078-groupManagement] INFO  server.RaftServer$Division (RaftServerImpl.java:setRole(329)) - 652b82d9-1846-44d1-8352-7bf3439ad078@group-196F7C4343A2: changes role from      null to FOLLOWER at term 0 for startAsFollower
2023-11-17 09:55:37,444 [652b82d9-1846-44d1-8352-7bf3439ad078-groupManagement] INFO  impl.RoleInfo (RoleInfo.java:updateAndGet(139)) - 652b82d9-1846-44d1-8352-7bf3439ad078: start 652b82d9-1846-44d1-8352-7bf3439ad078@group-196F7C4343A2-FollowerState
2023-11-17 09:55:37,444 [652b82d9-1846-44d1-8352-7bf3439ad078-groupManagement] INFO  util.JmxRegister (JmxRegister.java:tryRegister(44)) - Successfully registered JMX Bean with object name Ratis:service=RaftServer,group=group-196F7C4343A2,id=652b82d9-1846-44d1-8352-7bf3439ad078
2023-11-17 09:55:37,445 [652b82d9-1846-44d1-8352-7bf3439ad078-groupManagement] INFO  server.RaftServerConfigKeys (ConfUtils.java:logGet(46)) - raft.server.snapshot.auto.trigger.enabled = true (custom)
2023-11-17 09:55:37,445 [652b82d9-1846-44d1-8352-7bf3439ad078-groupManagement] INFO  server.RaftServerConfigKeys (ConfUtils.java:logGet(46)) - raft.server.snapshot.auto.trigger.threshold = 10000 (custom)
2023-11-17 09:55:37,445 [652b82d9-1846-44d1-8352-7bf3439ad078-groupManagement] INFO  server.RaftServerConfigKeys (ConfUtils.java:logGet(46)) - raft.server.snapshot.retention.file.num = 5 (custom)
2023-11-17 09:55:37,445 [652b82d9-1846-44d1-8352-7bf3439ad078-groupManagement] INFO  server.RaftServerConfigKeys (ConfUtils.java:logGet(46)) - raft.server.log.purge.upto.snapshot.index = false (default)
2023-11-17 09:55:37,446 [652b82d9-1846-44d1-8352-7bf3439ad078@group-196F7C4343A2-FollowerState] INFO  server.RaftServerConfigKeys (ConfUtils.java:logFallback(53)) - raft.server.rpc.first-election.timeout.min = 5s (fallback to raft.server.rpc.timeout.min)
2023-11-17 09:55:37,448 [652b82d9-1846-44d1-8352-7bf3439ad078-PipelineCommandHandlerThread-0] INFO  ratis.XceiverServerRatis (XceiverServerRatis.java:addGroup(805)) - Created group PipelineID=e595b643-de06-4363-82b2-196f7c4343a2
2023-11-17 09:55:37,453 [652b82d9-1846-44d1-8352-7bf3439ad078@group-196F7C4343A2-FollowerState] INFO  server.RaftServerConfigKeys (ConfUtils.java:logFallback(53)) - raft.server.rpc.first-election.timeout.max = 5200ms (fallback to raft.server.rpc.timeout.max)
2023-11-17 09:55:37,518 [2a883bf7-e5b8-4bdb-a368-a41799101186-PipelineCommandHandlerThread-0] INFO  server.RaftServer (RaftServerProxy.java:addNew(98)) - 2a883bf7-e5b8-4bdb-a368-a41799101186: addNew group-1CE4E83622FE:[2a883bf7-e5b8-4bdb-a368-a41799101186|rpc:10.1.0.9:15041|admin:10.1.0.9:15040|client:10.1.0.9:15039|dataStream:10.1.0.9:15042|priority:1|startupRole:FOLLOWER] returns group-1CE4E83622FE:java.util.concurrent.CompletableFuture@710136ae[Not completed]
2023-11-17 09:55:37,519 [2a883bf7-e5b8-4bdb-a368-a41799101186-groupManagement] INFO  server.RaftServer$Division (RaftServerImpl.java:<init>(198)) - 2a883bf7-e5b8-4bdb-a368-a41799101186: new RaftServerImpl for group-1CE4E83622FE:[2a883bf7-e5b8-4bdb-a368-a41799101186|rpc:10.1.0.9:15041|admin:10.1.0.9:15040|client:10.1.0.9:15039|dataStream:10.1.0.9:15042|priority:1|startupRole:FOLLOWER] with ContainerStateMachine:uninitialized
2023-11-17 09:55:37,519 [2a883bf7-e5b8-4bdb-a368-a41799101186-groupManagement] INFO  server.RaftServerConfigKeys (ConfUtils.java:logGet(46)) - raft.server.rpc.timeout.min = 5s (custom)
2023-11-17 09:55:37,519 [2a883bf7-e5b8-4bdb-a368-a41799101186-groupManagement] INFO  server.RaftServerConfigKeys (ConfUtils.java:logGet(46)) - raft.server.rpc.timeout.max = 5200ms (custom)
2023-11-17 09:55:37,519 [2a883bf7-e5b8-4bdb-a368-a41799101186-groupManagement] INFO  server.RaftServerConfigKeys (ConfUtils.java:logGet(46)) - raft.server.rpc.sleep.time = 25ms (default)
2023-11-17 09:55:37,519 [2a883bf7-e5b8-4bdb-a368-a41799101186-groupManagement] INFO  server.RaftServerConfigKeys (ConfUtils.java:logGet(46)) - raft.server.rpc.slowness.timeout = 300s (custom)
2023-11-17 09:55:37,519 [2a883bf7-e5b8-4bdb-a368-a41799101186-groupManagement] INFO  server.RaftServerConfigKeys (ConfUtils.java:logGet(46)) - raft.server.leaderelection.leader.step-down.wait-time = 10s (default)
2023-11-17 09:55:37,519 [2a883bf7-e5b8-4bdb-a368-a41799101186-groupManagement] INFO  server.RaftServerConfigKeys (ConfUtils.java:logGet(46)) - raft.server.sleep.deviation.threshold = 300ms (default)
2023-11-17 09:55:37,519 [2a883bf7-e5b8-4bdb-a368-a41799101186-groupManagement] INFO  server.RaftServer$Division (ServerState.java:<init>(120)) - 2a883bf7-e5b8-4bdb-a368-a41799101186@group-1CE4E83622FE: ConfigurationManager, init=-1: peers:[2a883bf7-e5b8-4bdb-a368-a41799101186|rpc:10.1.0.9:15041|admin:10.1.0.9:15040|client:10.1.0.9:15039|dataStream:10.1.0.9:15042|priority:1|startupRole:FOLLOWER]|listeners:[], old=null, confs=<EMPTY_MAP>
2023-11-17 09:55:37,519 [2a883bf7-e5b8-4bdb-a368-a41799101186-groupManagement] INFO  server.RaftServerConfigKeys (ConfUtils.java:logGet(46)) - raft.server.storage.dir = [/home/runner/work/ozone/ozone/hadoop-ozone/integration-test/target/test-dir/MiniOzoneClusterImpl-b9d514d0-62e9-44b2-85a5-b07480d3784c/datanode-3/data/ratis] (custom)
2023-11-17 09:55:37,519 [2a883bf7-e5b8-4bdb-a368-a41799101186-groupManagement] INFO  server.RaftServerConfigKeys (ConfUtils.java:logGet(46)) - raft.server.log.corruption.policy = EXCEPTION (default)
2023-11-17 09:55:37,520 [2a883bf7-e5b8-4bdb-a368-a41799101186-groupManagement] INFO  server.RaftServerConfigKeys (ConfUtils.java:logGet(46)) - raft.server.storage.free-space.min = 0MB (=0) (default)
2023-11-17 09:55:37,520 [2a883bf7-e5b8-4bdb-a368-a41799101186-groupManagement] INFO  server.RaftServerConfigKeys (ConfUtils.java:logGet(46)) - raft.server.notification.no-leader.timeout = 300s (custom)
2023-11-17 09:55:37,520 [2a883bf7-e5b8-4bdb-a368-a41799101186-groupManagement] INFO  server.RaftServerConfigKeys (ConfUtils.java:logGet(46)) - raft.server.read.timeout = 10s (default)
2023-11-17 09:55:37,520 [2a883bf7-e5b8-4bdb-a368-a41799101186-groupManagement] INFO  server.RaftServerConfigKeys (ConfUtils.java:logGet(46)) - raft.server.retrycache.expirytime = 600000ms (custom)
2023-11-17 09:55:37,520 [2a883bf7-e5b8-4bdb-a368-a41799101186-groupManagement] INFO  server.RaftServerConfigKeys (ConfUtils.java:logGet(46)) - raft.server.retrycache.statistics.expirytime = 100μs (default)
2023-11-17 09:55:37,520 [2a883bf7-e5b8-4bdb-a368-a41799101186-groupManagement] INFO  server.RaftServerConfigKeys (ConfUtils.java:logGet(46)) - raft.server.read.option = DEFAULT (default)
2023-11-17 09:55:37,522 [2a883bf7-e5b8-4bdb-a368-a41799101186-groupManagement] INFO  server.RaftServerConfigKeys (ConfUtils.java:logGet(46)) - raft.server.rpc.request.timeout = 60s (custom)
2023-11-17 09:55:37,522 [2a883bf7-e5b8-4bdb-a368-a41799101186-groupManagement] INFO  server.RaftServerConfigKeys (ConfUtils.java:logGet(46)) - raft.server.log.appender.install.snapshot.enabled = false (custom)
2023-11-17 09:55:37,522 [2a883bf7-e5b8-4bdb-a368-a41799101186-groupManagement] INFO  server.RaftServerConfigKeys (ConfUtils.java:logGet(46)) - raft.server.threadpool.server.cached = true (default)
2023-11-17 09:55:37,522 [2a883bf7-e5b8-4bdb-a368-a41799101186-groupManagement] INFO  server.RaftServerConfigKeys (ConfUtils.java:logGet(46)) - raft.server.threadpool.server.size = 0 (default)
2023-11-17 09:55:37,523 [2a883bf7-e5b8-4bdb-a368-a41799101186-groupManagement] INFO  server.RaftServerConfigKeys (ConfUtils.java:logGet(46)) - raft.server.threadpool.client.cached = true (default)
2023-11-17 09:55:37,523 [2a883bf7-e5b8-4bdb-a368-a41799101186-groupManagement] INFO  server.RaftServerConfigKeys (ConfUtils.java:logGet(46)) - raft.server.threadpool.client.size = 0 (default)
2023-11-17 09:55:37,523 [2a883bf7-e5b8-4bdb-a368-a41799101186-groupManagement] INFO  storage.RaftStorageDirectory (RaftStorageDirectoryImpl.java:analyzeStorage(137)) - The storage directory /home/runner/work/ozone/ozone/hadoop-ozone/integration-test/target/test-dir/MiniOzoneClusterImpl-b9d514d0-62e9-44b2-85a5-b07480d3784c/datanode-3/data/ratis/c27d789d-4699-47eb-9cd2-1ce4e83622fe does not exist. Creating ...
2023-11-17 09:55:37,524 [2a883bf7-e5b8-4bdb-a368-a41799101186-groupManagement] INFO  storage.RaftStorageDirectory (RaftStorageDirectoryImpl.java:tryLock(231)) - Lock on /home/runner/work/ozone/ozone/hadoop-ozone/integration-test/target/test-dir/MiniOzoneClusterImpl-b9d514d0-62e9-44b2-85a5-b07480d3784c/datanode-3/data/ratis/c27d789d-4699-47eb-9cd2-1ce4e83622fe/in_use.lock acquired by nodename 28525@fv-az1021-556
2023-11-17 09:55:37,526 [2a883bf7-e5b8-4bdb-a368-a41799101186-groupManagement] INFO  storage.RaftStorage (RaftStorageImpl.java:format(96)) - Storage directory /home/runner/work/ozone/ozone/hadoop-ozone/integration-test/target/test-dir/MiniOzoneClusterImpl-b9d514d0-62e9-44b2-85a5-b07480d3784c/datanode-3/data/ratis/c27d789d-4699-47eb-9cd2-1ce4e83622fe has been successfully formatted.
2023-11-17 09:55:37,527 [2a883bf7-e5b8-4bdb-a368-a41799101186-groupManagement] INFO  ratis.ContainerStateMachine (ContainerStateMachine.java:loadSnapshot(269)) - group-1CE4E83622FE: The snapshot info is null. Setting the last applied indexto:(t:0, i:~)
2023-11-17 09:55:37,527 [2a883bf7-e5b8-4bdb-a368-a41799101186-groupManagement] INFO  server.RaftServerConfigKeys (ConfUtils.java:logGet(46)) - raft.server.log.use.memory = false (default)
2023-11-17 09:55:37,527 [2a883bf7-e5b8-4bdb-a368-a41799101186-groupManagement] INFO  server.RaftServerConfigKeys (ConfUtils.java:logGet(46)) - raft.server.log.purge.gap = 1000000 (custom)
2023-11-17 09:55:37,527 [2a883bf7-e5b8-4bdb-a368-a41799101186-groupManagement] INFO  server.RaftServerConfigKeys (ConfUtils.java:logGet(46)) - raft.server.log.appender.buffer.byte-limit = 33554432 (custom)
2023-11-17 09:55:37,528 [2a883bf7-e5b8-4bdb-a368-a41799101186-groupManagement] INFO  server.RaftServerConfigKeys (ConfUtils.java:logGet(46)) - raft.server.log.statemachine.data.read.timeout = 1000ms (default)
2023-11-17 09:55:37,528 [2a883bf7-e5b8-4bdb-a368-a41799101186-groupManagement] INFO  server.RaftServerConfigKeys (ConfUtils.java:logGet(46)) - raft.server.log.purge.preservation.log.num = 0 (default)
2023-11-17 09:55:37,528 [2a883bf7-e5b8-4bdb-a368-a41799101186-groupManagement] INFO  server.RaftServerConfigKeys (ConfUtils.java:logGet(46)) - raft.server.log.segment.size.max = 1048576 (custom)
2023-11-17 09:55:37,529 [2a883bf7-e5b8-4bdb-a368-a41799101186-groupManagement] INFO  server.RaftServerConfigKeys (ConfUtils.java:logGet(46)) - raft.server.log.segment.cache.num.max = 2 (custom)
2023-11-17 09:55:37,529 [2a883bf7-e5b8-4bdb-a368-a41799101186-groupManagement] INFO  server.RaftServerConfigKeys (ConfUtils.java:logGet(46)) - raft.server.log.segment.cache.size.max = 200MB (=209715200) (default)
2023-11-17 09:55:37,529 [2a883bf7-e5b8-4bdb-a368-a41799101186-groupManagement] INFO  server.RaftServerConfigKeys (ConfUtils.java:logGet(46)) - raft.server.log.appender.buffer.byte-limit = 33554432 (custom)
2023-11-17 09:55:37,529 [2a883bf7-e5b8-4bdb-a368-a41799101186-groupManagement] INFO  segmented.SegmentedRaftLogWorker (SegmentedRaftLogWorker.java:<init>(188)) - new 2a883bf7-e5b8-4bdb-a368-a41799101186@group-1CE4E83622FE-SegmentedRaftLogWorker for RaftStorageImpl:Storage Directory /home/runner/work/ozone/ozone/hadoop-ozone/integration-test/target/test-dir/MiniOzoneClusterImpl-b9d514d0-62e9-44b2-85a5-b07480d3784c/datanode-3/data/ratis/c27d789d-4699-47eb-9cd2-1ce4e83622fe
2023-11-17 09:55:37,529 [2a883bf7-e5b8-4bdb-a368-a41799101186-groupManagement] INFO  server.RaftServerConfigKeys (ConfUtils.java:logGet(46)) - raft.server.log.queue.byte-limit = 4294967296 (custom)
2023-11-17 09:55:37,529 [2a883bf7-e5b8-4bdb-a368-a41799101186-groupManagement] INFO  server.RaftServerConfigKeys (ConfUtils.java:logGet(46)) - raft.server.log.queue.element-limit = 1024 (custom)
2023-11-17 09:55:37,529 [2a883bf7-e5b8-4bdb-a368-a41799101186-groupManagement] INFO  server.RaftServerConfigKeys (ConfUtils.java:logGet(46)) - raft.server.log.segment.size.max = 1048576 (custom)
2023-11-17 09:55:37,529 [EventQueue-PipelineReportForPipelineReportHandler] INFO  pipeline.PipelineReportHandler (PipelineReportHandler.java:processPipelineReport(136)) - Opened pipeline PipelineID=c27d789d-4699-47eb-9cd2-1ce4e83622fe
2023-11-17 09:55:37,529 [2a883bf7-e5b8-4bdb-a368-a41799101186-groupManagement] INFO  server.RaftServerConfigKeys (ConfUtils.java:logGet(46)) - raft.server.log.preallocated.size = 16384 (custom)
2023-11-17 09:55:37,529 [EventQueue-OpenPipelineForHealthyPipelineSafeModeRule] INFO  safemode.SCMSafeModeManager (HealthyPipelineSafeModeRule.java:process(137)) - SCM in safe mode. Healthy pipelines reported count is 0, required healthy pipeline reported count is 1
2023-11-17 09:55:37,529 [2a883bf7-e5b8-4bdb-a368-a41799101186-groupManagement] INFO  server.RaftServerConfigKeys (ConfUtils.java:logGet(46)) - raft.server.log.force.sync.num = 128 (default)
2023-11-17 09:55:37,529 [2a883bf7-e5b8-4bdb-a368-a41799101186-groupManagement] INFO  server.RaftServerConfigKeys (ConfUtils.java:logGet(46)) - raft.server.log.statemachine.data.sync = true (default)
2023-11-17 09:55:37,529 [2a883bf7-e5b8-4bdb-a368-a41799101186-groupManagement] INFO  server.RaftServerConfigKeys (ConfUtils.java:logGet(46)) - raft.server.log.statemachine.data.sync.timeout = 10s (default)
2023-11-17 09:55:37,529 [2a883bf7-e5b8-4bdb-a368-a41799101186-groupManagement] INFO  server.RaftServerConfigKeys (ConfUtils.java:logGet(46)) - raft.server.log.statemachine.data.sync.timeout.retry = -1 (default)
2023-11-17 09:55:37,531 [2a883bf7-e5b8-4bdb-a368-a41799101186-groupManagement] INFO  server.RaftServerConfigKeys (ConfUtils.java:logGet(46)) - raft.server.log.write.buffer.size = 1048576 (custom)
2023-11-17 09:55:37,531 [2a883bf7-e5b8-4bdb-a368-a41799101186-groupManagement] INFO  server.RaftServerConfigKeys (ConfUtils.java:logGet(46)) - raft.server.log.appender.buffer.byte-limit = 33554432 (custom)
2023-11-17 09:55:37,533 [2a883bf7-e5b8-4bdb-a368-a41799101186-groupManagement] INFO  server.RaftServerConfigKeys (ConfUtils.java:logGet(46)) - raft.server.log.unsafe-flush.enabled = false (default)
2023-11-17 09:55:37,533 [2a883bf7-e5b8-4bdb-a368-a41799101186-groupManagement] INFO  server.RaftServerConfigKeys (ConfUtils.java:logGet(46)) - raft.server.log.async-flush.enabled = false (default)
2023-11-17 09:55:37,533 [2a883bf7-e5b8-4bdb-a368-a41799101186-groupManagement] INFO  server.RaftServerConfigKeys (ConfUtils.java:logGet(46)) - raft.server.log.statemachine.data.caching.enabled = true (custom)
2023-11-17 09:55:37,533 [2a883bf7-e5b8-4bdb-a368-a41799101186-groupManagement] INFO  segmented.SegmentedRaftLogWorker (SegmentedRaftLogWorker.java:lambda$new$0(135)) - 2a883bf7-e5b8-4bdb-a368-a41799101186@group-1CE4E83622FE-SegmentedRaftLogWorker: flushIndex: setUnconditionally 0 -> -1
2023-11-17 09:55:37,533 [2a883bf7-e5b8-4bdb-a368-a41799101186-groupManagement] INFO  segmented.SegmentedRaftLogWorker (SegmentedRaftLogWorker.java:lambda$new$0(135)) - 2a883bf7-e5b8-4bdb-a368-a41799101186@group-1CE4E83622FE-SegmentedRaftLogWorker: safeCacheEvictIndex: setUnconditionally 0 -> -1
2023-11-17 09:55:37,533 [2a883bf7-e5b8-4bdb-a368-a41799101186-groupManagement] INFO  server.RaftServer$Division (RaftServerImpl.java:start(342)) - 2a883bf7-e5b8-4bdb-a368-a41799101186@group-1CE4E83622FE: start as a follower, conf=-1: peers:[2a883bf7-e5b8-4bdb-a368-a41799101186|rpc:10.1.0.9:15041|admin:10.1.0.9:15040|client:10.1.0.9:15039|dataStream:10.1.0.9:15042|priority:1|startupRole:FOLLOWER]|listeners:[], old=null
2023-11-17 09:55:37,533 [2a883bf7-e5b8-4bdb-a368-a41799101186-groupManagement] INFO  server.RaftServer$Division (RaftServerImpl.java:setRole(329)) - 2a883bf7-e5b8-4bdb-a368-a41799101186@group-1CE4E83622FE: changes role from      null to FOLLOWER at term 0 for startAsFollower
2023-11-17 09:55:37,533 [2a883bf7-e5b8-4bdb-a368-a41799101186-groupManagement] INFO  impl.RoleInfo (RoleInfo.java:updateAndGet(139)) - 2a883bf7-e5b8-4bdb-a368-a41799101186: start 2a883bf7-e5b8-4bdb-a368-a41799101186@group-1CE4E83622FE-FollowerState
2023-11-17 09:55:37,534 [2a883bf7-e5b8-4bdb-a368-a41799101186-groupManagement] INFO  util.JmxRegister (JmxRegister.java:tryRegister(44)) - Successfully registered JMX Bean with object name Ratis:service=RaftServer,group=group-1CE4E83622FE,id=2a883bf7-e5b8-4bdb-a368-a41799101186
2023-11-17 09:55:37,534 [2a883bf7-e5b8-4bdb-a368-a41799101186-groupManagement] INFO  server.RaftServerConfigKeys (ConfUtils.java:logGet(46)) - raft.server.snapshot.auto.trigger.enabled = true (custom)
2023-11-17 09:55:37,534 [2a883bf7-e5b8-4bdb-a368-a41799101186-groupManagement] INFO  server.RaftServerConfigKeys (ConfUtils.java:logGet(46)) - raft.server.snapshot.auto.trigger.threshold = 10000 (custom)
2023-11-17 09:55:37,534 [2a883bf7-e5b8-4bdb-a368-a41799101186-groupManagement] INFO  server.RaftServerConfigKeys (ConfUtils.java:logGet(46)) - raft.server.snapshot.retention.file.num = 5 (custom)
2023-11-17 09:55:37,534 [2a883bf7-e5b8-4bdb-a368-a41799101186-groupManagement] INFO  server.RaftServerConfigKeys (ConfUtils.java:logGet(46)) - raft.server.log.purge.upto.snapshot.index = false (default)
2023-11-17 09:55:37,535 [2a883bf7-e5b8-4bdb-a368-a41799101186@group-1CE4E83622FE-FollowerState] INFO  server.RaftServerConfigKeys (ConfUtils.java:logFallback(53)) - raft.server.rpc.first-election.timeout.min = 5s (fallback to raft.server.rpc.timeout.min)
2023-11-17 09:55:37,535 [2a883bf7-e5b8-4bdb-a368-a41799101186@group-1CE4E83622FE-FollowerState] INFO  server.RaftServerConfigKeys (ConfUtils.java:logFallback(53)) - raft.server.rpc.first-election.timeout.max = 5200ms (fallback to raft.server.rpc.timeout.max)
2023-11-17 09:55:37,541 [2a883bf7-e5b8-4bdb-a368-a41799101186-PipelineCommandHandlerThread-0] INFO  ratis.XceiverServerRatis (XceiverServerRatis.java:addGroup(805)) - Created group PipelineID=c27d789d-4699-47eb-9cd2-1ce4e83622fe
2023-11-17 09:55:37,541 [2a883bf7-e5b8-4bdb-a368-a41799101186-PipelineCommandHandlerThread-0] INFO  commandhandler.CreatePipelineCommandHandler (CreatePipelineCommandHandler.java:lambda$handle$2(124)) - Created Pipeline RATIS ONE PipelineID=c27d789d-4699-47eb-9cd2-1ce4e83622fe.
2023-11-17 09:55:37,541 [2a883bf7-e5b8-4bdb-a368-a41799101186-PipelineCommandHandlerThread-0] INFO  server.RaftServer (RaftServerProxy.java:addNew(98)) - 2a883bf7-e5b8-4bdb-a368-a41799101186: addNew group-5381FD1FF82C:[2a883bf7-e5b8-4bdb-a368-a41799101186|rpc:10.1.0.9:15041|admin:10.1.0.9:15040|client:10.1.0.9:15039|dataStream:10.1.0.9:15042|priority:1|startupRole:FOLLOWER, 3172c264-2718-48bc-901b-d06defdb8935|rpc:10.1.0.9:15050|admin:10.1.0.9:15049|client:10.1.0.9:15048|dataStream:10.1.0.9:15051|priority:0|startupRole:FOLLOWER, fea717c9-b406-422e-8ccb-799e860d7c03|rpc:10.1.0.9:15059|admin:10.1.0.9:15058|client:10.1.0.9:15057|dataStream:10.1.0.9:15060|priority:0|startupRole:FOLLOWER] returns group-5381FD1FF82C:java.util.concurrent.CompletableFuture@753ebc56[Not completed]
2023-11-17 09:55:37,542 [2a883bf7-e5b8-4bdb-a368-a41799101186-groupManagement] INFO  server.RaftServer$Division (RaftServerImpl.java:<init>(198)) - 2a883bf7-e5b8-4bdb-a368-a41799101186: new RaftServerImpl for group-5381FD1FF82C:[2a883bf7-e5b8-4bdb-a368-a41799101186|rpc:10.1.0.9:15041|admin:10.1.0.9:15040|client:10.1.0.9:15039|dataStream:10.1.0.9:15042|priority:1|startupRole:FOLLOWER, 3172c264-2718-48bc-901b-d06defdb8935|rpc:10.1.0.9:15050|admin:10.1.0.9:15049|client:10.1.0.9:15048|dataStream:10.1.0.9:15051|priority:0|startupRole:FOLLOWER, fea717c9-b406-422e-8ccb-799e860d7c03|rpc:10.1.0.9:15059|admin:10.1.0.9:15058|client:10.1.0.9:15057|dataStream:10.1.0.9:15060|priority:0|startupRole:FOLLOWER] with ContainerStateMachine:uninitialized
2023-11-17 09:55:37,542 [2a883bf7-e5b8-4bdb-a368-a41799101186-groupManagement] INFO  server.RaftServerConfigKeys (ConfUtils.java:logGet(46)) - raft.server.rpc.timeout.min = 5s (custom)
2023-11-17 09:55:37,542 [2a883bf7-e5b8-4bdb-a368-a41799101186-groupManagement] INFO  server.RaftServerConfigKeys (ConfUtils.java:logGet(46)) - raft.server.rpc.timeout.max = 5200ms (custom)
2023-11-17 09:55:37,542 [2a883bf7-e5b8-4bdb-a368-a41799101186-groupManagement] INFO  server.RaftServerConfigKeys (ConfUtils.java:logGet(46)) - raft.server.rpc.sleep.time = 25ms (default)
2023-11-17 09:55:37,542 [2a883bf7-e5b8-4bdb-a368-a41799101186-groupManagement] INFO  server.RaftServerConfigKeys (ConfUtils.java:logGet(46)) - raft.server.rpc.slowness.timeout = 300s (custom)
2023-11-17 09:55:37,543 [2a883bf7-e5b8-4bdb-a368-a41799101186-groupManagement] INFO  server.RaftServerConfigKeys (ConfUtils.java:logGet(46)) - raft.server.leaderelection.leader.step-down.wait-time = 10s (default)
2023-11-17 09:55:37,543 [2a883bf7-e5b8-4bdb-a368-a41799101186-groupManagement] INFO  server.RaftServerConfigKeys (ConfUtils.java:logGet(46)) - raft.server.sleep.deviation.threshold = 300ms (default)
2023-11-17 09:55:37,543 [2a883bf7-e5b8-4bdb-a368-a41799101186-groupManagement] INFO  server.RaftServer$Division (ServerState.java:<init>(120)) - 2a883bf7-e5b8-4bdb-a368-a41799101186@group-5381FD1FF82C: ConfigurationManager, init=-1: peers:[2a883bf7-e5b8-4bdb-a368-a41799101186|rpc:10.1.0.9:15041|admin:10.1.0.9:15040|client:10.1.0.9:15039|dataStream:10.1.0.9:15042|priority:1|startupRole:FOLLOWER, 3172c264-2718-48bc-901b-d06defdb8935|rpc:10.1.0.9:15050|admin:10.1.0.9:15049|client:10.1.0.9:15048|dataStream:10.1.0.9:15051|priority:0|startupRole:FOLLOWER, fea717c9-b406-422e-8ccb-799e860d7c03|rpc:10.1.0.9:15059|admin:10.1.0.9:15058|client:10.1.0.9:15057|dataStream:10.1.0.9:15060|priority:0|startupRole:FOLLOWER]|listeners:[], old=null, confs=<EMPTY_MAP>
2023-11-17 09:55:37,543 [2a883bf7-e5b8-4bdb-a368-a41799101186-groupManagement] INFO  server.RaftServerConfigKeys (ConfUtils.java:logGet(46)) - raft.server.storage.dir = [/home/runner/work/ozone/ozone/hadoop-ozone/integration-test/target/test-dir/MiniOzoneClusterImpl-b9d514d0-62e9-44b2-85a5-b07480d3784c/datanode-3/data/ratis] (custom)
2023-11-17 09:55:37,543 [2a883bf7-e5b8-4bdb-a368-a41799101186-groupManagement] INFO  server.RaftServerConfigKeys (ConfUtils.java:logGet(46)) - raft.server.log.corruption.policy = EXCEPTION (default)
2023-11-17 09:55:37,543 [2a883bf7-e5b8-4bdb-a368-a41799101186-groupManagement] INFO  server.RaftServerConfigKeys (ConfUtils.java:logGet(46)) - raft.server.storage.free-space.min = 0MB (=0) (default)
2023-11-17 09:55:37,543 [2a883bf7-e5b8-4bdb-a368-a41799101186-groupManagement] INFO  server.RaftServerConfigKeys (ConfUtils.java:logGet(46)) - raft.server.notification.no-leader.timeout = 300s (custom)
2023-11-17 09:55:37,543 [2a883bf7-e5b8-4bdb-a368-a41799101186-groupManagement] INFO  server.RaftServerConfigKeys (ConfUtils.java:logGet(46)) - raft.server.read.timeout = 10s (default)
2023-11-17 09:55:37,543 [2a883bf7-e5b8-4bdb-a368-a41799101186-groupManagement] INFO  server.RaftServerConfigKeys (ConfUtils.java:logGet(46)) - raft.server.retrycache.expirytime = 600000ms (custom)
2023-11-17 09:55:37,543 [2a883bf7-e5b8-4bdb-a368-a41799101186-groupManagement] INFO  server.RaftServerConfigKeys (ConfUtils.java:logGet(46)) - raft.server.retrycache.statistics.expirytime = 100μs (default)
2023-11-17 09:55:37,543 [2a883bf7-e5b8-4bdb-a368-a41799101186-groupManagement] INFO  server.RaftServerConfigKeys (ConfUtils.java:logGet(46)) - raft.server.read.option = DEFAULT (default)
2023-11-17 09:55:37,545 [2a883bf7-e5b8-4bdb-a368-a41799101186-groupManagement] INFO  server.RaftServerConfigKeys (ConfUtils.java:logGet(46)) - raft.server.rpc.request.timeout = 60s (custom)
2023-11-17 09:55:37,545 [2a883bf7-e5b8-4bdb-a368-a41799101186-groupManagement] INFO  server.RaftServerConfigKeys (ConfUtils.java:logGet(46)) - raft.server.log.appender.install.snapshot.enabled = false (custom)
2023-11-17 09:55:37,545 [2a883bf7-e5b8-4bdb-a368-a41799101186-groupManagement] INFO  server.RaftServerConfigKeys (ConfUtils.java:logGet(46)) - raft.server.threadpool.server.cached = true (default)
2023-11-17 09:55:37,545 [2a883bf7-e5b8-4bdb-a368-a41799101186-groupManagement] INFO  server.RaftServerConfigKeys (ConfUtils.java:logGet(46)) - raft.server.threadpool.server.size = 0 (default)
2023-11-17 09:55:37,545 [2a883bf7-e5b8-4bdb-a368-a41799101186-groupManagement] INFO  server.RaftServerConfigKeys (ConfUtils.java:logGet(46)) - raft.server.threadpool.client.cached = true (default)
2023-11-17 09:55:37,545 [2a883bf7-e5b8-4bdb-a368-a41799101186-groupManagement] INFO  server.RaftServerConfigKeys (ConfUtils.java:logGet(46)) - raft.server.threadpool.client.size = 0 (default)
2023-11-17 09:55:37,546 [2a883bf7-e5b8-4bdb-a368-a41799101186-groupManagement] INFO  storage.RaftStorageDirectory (RaftStorageDirectoryImpl.java:analyzeStorage(137)) - The storage directory /home/runner/work/ozone/ozone/hadoop-ozone/integration-test/target/test-dir/MiniOzoneClusterImpl-b9d514d0-62e9-44b2-85a5-b07480d3784c/datanode-3/data/ratis/b7d63c71-7857-4b6e-a0c9-5381fd1ff82c does not exist. Creating ...
2023-11-17 09:55:37,547 [2a883bf7-e5b8-4bdb-a368-a41799101186-groupManagement] INFO  storage.RaftStorageDirectory (RaftStorageDirectoryImpl.java:tryLock(231)) - Lock on /home/runner/work/ozone/ozone/hadoop-ozone/integration-test/target/test-dir/MiniOzoneClusterImpl-b9d514d0-62e9-44b2-85a5-b07480d3784c/datanode-3/data/ratis/b7d63c71-7857-4b6e-a0c9-5381fd1ff82c/in_use.lock acquired by nodename 28525@fv-az1021-556
2023-11-17 09:55:37,548 [2a883bf7-e5b8-4bdb-a368-a41799101186-groupManagement] INFO  storage.RaftStorage (RaftStorageImpl.java:format(96)) - Storage directory /home/runner/work/ozone/ozone/hadoop-ozone/integration-test/target/test-dir/MiniOzoneClusterImpl-b9d514d0-62e9-44b2-85a5-b07480d3784c/datanode-3/data/ratis/b7d63c71-7857-4b6e-a0c9-5381fd1ff82c has been successfully formatted.
2023-11-17 09:55:37,553 [2a883bf7-e5b8-4bdb-a368-a41799101186-groupManagement] INFO  ratis.ContainerStateMachine (ContainerStateMachine.java:loadSnapshot(269)) - group-5381FD1FF82C: The snapshot info is null. Setting the last applied indexto:(t:0, i:~)
2023-11-17 09:55:37,553 [2a883bf7-e5b8-4bdb-a368-a41799101186-groupManagement] INFO  server.RaftServerConfigKeys (ConfUtils.java:logGet(46)) - raft.server.log.use.memory = false (default)
2023-11-17 09:55:37,553 [2a883bf7-e5b8-4bdb-a368-a41799101186-groupManagement] INFO  server.RaftServerConfigKeys (ConfUtils.java:logGet(46)) - raft.server.log.purge.gap = 1000000 (custom)
2023-11-17 09:55:37,553 [2a883bf7-e5b8-4bdb-a368-a41799101186-groupManagement] INFO  server.RaftServerConfigKeys (ConfUtils.java:logGet(46)) - raft.server.log.appender.buffer.byte-limit = 33554432 (custom)
2023-11-17 09:55:37,553 [2a883bf7-e5b8-4bdb-a368-a41799101186-groupManagement] INFO  server.RaftServerConfigKeys (ConfUtils.java:logGet(46)) - raft.server.log.statemachine.data.read.timeout = 1000ms (default)
2023-11-17 09:55:37,553 [2a883bf7-e5b8-4bdb-a368-a41799101186-groupManagement] INFO  server.RaftServerConfigKeys (ConfUtils.java:logGet(46)) - raft.server.log.purge.preservation.log.num = 0 (default)
2023-11-17 09:55:37,554 [2a883bf7-e5b8-4bdb-a368-a41799101186-groupManagement] INFO  server.RaftServerConfigKeys (ConfUtils.java:logGet(46)) - raft.server.log.segment.size.max = 1048576 (custom)
2023-11-17 09:55:37,555 [2a883bf7-e5b8-4bdb-a368-a41799101186-groupManagement] INFO  server.RaftServerConfigKeys (ConfUtils.java:logGet(46)) - raft.server.log.segment.cache.num.max = 2 (custom)
2023-11-17 09:55:37,555 [2a883bf7-e5b8-4bdb-a368-a41799101186-groupManagement] INFO  server.RaftServerConfigKeys (ConfUtils.java:logGet(46)) - raft.server.log.segment.cache.size.max = 200MB (=209715200) (default)
2023-11-17 09:55:37,555 [2a883bf7-e5b8-4bdb-a368-a41799101186-groupManagement] INFO  server.RaftServerConfigKeys (ConfUtils.java:logGet(46)) - raft.server.log.appender.buffer.byte-limit = 33554432 (custom)
2023-11-17 09:55:37,555 [2a883bf7-e5b8-4bdb-a368-a41799101186-groupManagement] INFO  segmented.SegmentedRaftLogWorker (SegmentedRaftLogWorker.java:<init>(188)) - new 2a883bf7-e5b8-4bdb-a368-a41799101186@group-5381FD1FF82C-SegmentedRaftLogWorker for RaftStorageImpl:Storage Directory /home/runner/work/ozone/ozone/hadoop-ozone/integration-test/target/test-dir/MiniOzoneClusterImpl-b9d514d0-62e9-44b2-85a5-b07480d3784c/datanode-3/data/ratis/b7d63c71-7857-4b6e-a0c9-5381fd1ff82c
2023-11-17 09:55:37,555 [2a883bf7-e5b8-4bdb-a368-a41799101186-groupManagement] INFO  server.RaftServerConfigKeys (ConfUtils.java:logGet(46)) - raft.server.log.queue.byte-limit = 4294967296 (custom)
2023-11-17 09:55:37,555 [2a883bf7-e5b8-4bdb-a368-a41799101186-groupManagement] INFO  server.RaftServerConfigKeys (ConfUtils.java:logGet(46)) - raft.server.log.queue.element-limit = 1024 (custom)
2023-11-17 09:55:37,555 [2a883bf7-e5b8-4bdb-a368-a41799101186-groupManagement] INFO  server.RaftServerConfigKeys (ConfUtils.java:logGet(46)) - raft.server.log.segment.size.max = 1048576 (custom)
2023-11-17 09:55:37,555 [2a883bf7-e5b8-4bdb-a368-a41799101186-groupManagement] INFO  server.RaftServerConfigKeys (ConfUtils.java:logGet(46)) - raft.server.log.preallocated.size = 16384 (custom)
2023-11-17 09:55:37,555 [2a883bf7-e5b8-4bdb-a368-a41799101186-groupManagement] INFO  server.RaftServerConfigKeys (ConfUtils.java:logGet(46)) - raft.server.log.force.sync.num = 128 (default)
2023-11-17 09:55:37,555 [2a883bf7-e5b8-4bdb-a368-a41799101186-groupManagement] INFO  server.RaftServerConfigKeys (ConfUtils.java:logGet(46)) - raft.server.log.statemachine.data.sync = true (default)
2023-11-17 09:55:37,556 [2a883bf7-e5b8-4bdb-a368-a41799101186-groupManagement] INFO  server.RaftServerConfigKeys (ConfUtils.java:logGet(46)) - raft.server.log.statemachine.data.sync.timeout = 10s (default)
2023-11-17 09:55:37,556 [2a883bf7-e5b8-4bdb-a368-a41799101186-groupManagement] INFO  server.RaftServerConfigKeys (ConfUtils.java:logGet(46)) - raft.server.log.statemachine.data.sync.timeout.retry = -1 (default)
2023-11-17 09:55:37,556 [2a883bf7-e5b8-4bdb-a368-a41799101186-groupManagement] INFO  server.RaftServerConfigKeys (ConfUtils.java:logGet(46)) - raft.server.log.write.buffer.size = 1048576 (custom)
2023-11-17 09:55:37,557 [2a883bf7-e5b8-4bdb-a368-a41799101186-groupManagement] INFO  server.RaftServerConfigKeys (ConfUtils.java:logGet(46)) - raft.server.log.appender.buffer.byte-limit = 33554432 (custom)
2023-11-17 09:55:37,759 [EventQueue-OpenPipelineForHealthyPipelineSafeModeRule] INFO  safemode.SCMSafeModeManager (HealthyPipelineSafeModeRule.java:process(137)) - SCM in safe mode. Healthy pipelines reported count is 0, required healthy pipeline reported count is 1
2023-11-17 09:55:37,767 [JvmPauseMonitor9] WARN  util.JvmPauseMonitor (JvmPauseMonitor.java:detectPause(124)) - JvmPauseMonitor-a7578bdd-9139-4946-a78d-cc7981f76fa8: Detected pause in JVM or host machine approximately 0.176s with 0.200s GC time.
GC pool 'PS MarkSweep' had collection(s): count=1 time=172ms
GC pool 'PS Scavenge' had collection(s): count=1 time=28ms
2023-11-17 09:55:37,767 [2a883bf7-e5b8-4bdb-a368-a41799101186-groupManagement] INFO  server.RaftServerConfigKeys (ConfUtils.java:logGet(46)) - raft.server.log.unsafe-flush.enabled = false (default)
2023-11-17 09:55:37,770 [2a883bf7-e5b8-4bdb-a368-a41799101186-groupManagement] INFO  server.RaftServerConfigKeys (ConfUtils.java:logGet(46)) - raft.server.log.async-flush.enabled = false (default)
2023-11-17 09:55:37,770 [2a883bf7-e5b8-4bdb-a368-a41799101186-groupManagement] INFO  server.RaftServerConfigKeys (ConfUtils.java:logGet(46)) - raft.server.log.statemachine.data.caching.enabled = true (custom)
2023-11-17 09:55:37,771 [2a883bf7-e5b8-4bdb-a368-a41799101186-groupManagement] INFO  segmented.SegmentedRaftLogWorker (SegmentedRaftLogWorker.java:lambda$new$0(135)) - 2a883bf7-e5b8-4bdb-a368-a41799101186@group-5381FD1FF82C-SegmentedRaftLogWorker: flushIndex: setUnconditionally 0 -> -1
2023-11-17 09:55:37,771 [2a883bf7-e5b8-4bdb-a368-a41799101186-groupManagement] INFO  segmented.SegmentedRaftLogWorker (SegmentedRaftLogWorker.java:lambda$new$0(135)) - 2a883bf7-e5b8-4bdb-a368-a41799101186@group-5381FD1FF82C-SegmentedRaftLogWorker: safeCacheEvictIndex: setUnconditionally 0 -> -1
2023-11-17 09:55:37,772 [2a883bf7-e5b8-4bdb-a368-a41799101186-groupManagement] INFO  server.RaftServer$Division (RaftServerImpl.java:start(342)) - 2a883bf7-e5b8-4bdb-a368-a41799101186@group-5381FD1FF82C: start as a follower, conf=-1: peers:[2a883bf7-e5b8-4bdb-a368-a41799101186|rpc:10.1.0.9:15041|admin:10.1.0.9:15040|client:10.1.0.9:15039|dataStream:10.1.0.9:15042|priority:1|startupRole:FOLLOWER, 3172c264-2718-48bc-901b-d06defdb8935|rpc:10.1.0.9:15050|admin:10.1.0.9:15049|client:10.1.0.9:15048|dataStream:10.1.0.9:15051|priority:0|startupRole:FOLLOWER, fea717c9-b406-422e-8ccb-799e860d7c03|rpc:10.1.0.9:15059|admin:10.1.0.9:15058|client:10.1.0.9:15057|dataStream:10.1.0.9:15060|priority:0|startupRole:FOLLOWER]|listeners:[], old=null
2023-11-17 09:55:37,772 [2a883bf7-e5b8-4bdb-a368-a41799101186-groupManagement] INFO  server.RaftServer$Division (RaftServerImpl.java:setRole(329)) - 2a883bf7-e5b8-4bdb-a368-a41799101186@group-5381FD1FF82C: changes role from      null to FOLLOWER at term 0 for startAsFollower
2023-11-17 09:55:37,772 [2a883bf7-e5b8-4bdb-a368-a41799101186-groupManagement] INFO  impl.RoleInfo (RoleInfo.java:updateAndGet(139)) - 2a883bf7-e5b8-4bdb-a368-a41799101186: start 2a883bf7-e5b8-4bdb-a368-a41799101186@group-5381FD1FF82C-FollowerState
2023-11-17 09:55:37,775 [2a883bf7-e5b8-4bdb-a368-a41799101186-groupManagement] INFO  util.JmxRegister (JmxRegister.java:tryRegister(44)) - Successfully registered JMX Bean with object name Ratis:service=RaftServer,group=group-5381FD1FF82C,id=2a883bf7-e5b8-4bdb-a368-a41799101186
2023-11-17 09:55:37,775 [2a883bf7-e5b8-4bdb-a368-a41799101186-groupManagement] INFO  server.RaftServerConfigKeys (ConfUtils.java:logGet(46)) - raft.server.snapshot.auto.trigger.enabled = true (custom)
2023-11-17 09:55:37,776 [2a883bf7-e5b8-4bdb-a368-a41799101186-groupManagement] INFO  server.RaftServerConfigKeys (ConfUtils.java:logGet(46)) - raft.server.snapshot.auto.trigger.threshold = 10000 (custom)
2023-11-17 09:55:37,776 [2a883bf7-e5b8-4bdb-a368-a41799101186-groupManagement] INFO  server.RaftServerConfigKeys (ConfUtils.java:logGet(46)) - raft.server.snapshot.retention.file.num = 5 (custom)
2023-11-17 09:55:37,776 [2a883bf7-e5b8-4bdb-a368-a41799101186-groupManagement] INFO  server.RaftServerConfigKeys (ConfUtils.java:logGet(46)) - raft.server.log.purge.upto.snapshot.index = false (default)
2023-11-17 09:55:37,782 [2a883bf7-e5b8-4bdb-a368-a41799101186-PipelineCommandHandlerThread-0] INFO  ratis.XceiverServerRatis (XceiverServerRatis.java:addGroup(805)) - Created group PipelineID=b7d63c71-7857-4b6e-a0c9-5381fd1ff82c
2023-11-17 09:55:37,786 [2a883bf7-e5b8-4bdb-a368-a41799101186@group-5381FD1FF82C-FollowerState] INFO  server.RaftServerConfigKeys (ConfUtils.java:logFallback(53)) - raft.server.rpc.first-election.timeout.min = 5s (fallback to raft.server.rpc.timeout.min)
2023-11-17 09:55:37,785 [3172c264-2718-48bc-901b-d06defdb8935-groupManagement] INFO  server.RaftServer$Division (RaftServerImpl.java:<init>(198)) - 3172c264-2718-48bc-901b-d06defdb8935: new RaftServerImpl for group-8A8AA5C471F5:[3172c264-2718-48bc-901b-d06defdb8935|rpc:10.1.0.9:15050|admin:10.1.0.9:15049|client:10.1.0.9:15048|dataStream:10.1.0.9:15051|priority:1|startupRole:FOLLOWER] with ContainerStateMachine:uninitialized
2023-11-17 09:55:37,788 [2a883bf7-e5b8-4bdb-a368-a41799101186@group-5381FD1FF82C-FollowerState] INFO  server.RaftServerConfigKeys (ConfUtils.java:logFallback(53)) - raft.server.rpc.first-election.timeout.max = 5200ms (fallback to raft.server.rpc.timeout.max)
2023-11-17 09:55:37,788 [3172c264-2718-48bc-901b-d06defdb8935-groupManagement] INFO  server.RaftServerConfigKeys (ConfUtils.java:logGet(46)) - raft.server.rpc.timeout.min = 5s (custom)
2023-11-17 09:55:37,788 [3172c264-2718-48bc-901b-d06defdb8935-groupManagement] INFO  server.RaftServerConfigKeys (ConfUtils.java:logGet(46)) - raft.server.rpc.timeout.max = 5200ms (custom)
2023-11-17 09:55:37,791 [3172c264-2718-48bc-901b-d06defdb8935-groupManagement] INFO  server.RaftServerConfigKeys (ConfUtils.java:logGet(46)) - raft.server.rpc.sleep.time = 25ms (default)
2023-11-17 09:55:37,791 [3172c264-2718-48bc-901b-d06defdb8935-groupManagement] INFO  server.RaftServerConfigKeys (ConfUtils.java:logGet(46)) - raft.server.rpc.slowness.timeout = 300s (custom)
2023-11-17 09:55:37,791 [3172c264-2718-48bc-901b-d06defdb8935-groupManagement] INFO  server.RaftServerConfigKeys (ConfUtils.java:logGet(46)) - raft.server.leaderelection.leader.step-down.wait-time = 10s (default)
2023-11-17 09:55:37,791 [3172c264-2718-48bc-901b-d06defdb8935-groupManagement] INFO  server.RaftServerConfigKeys (ConfUtils.java:logGet(46)) - raft.server.sleep.deviation.threshold = 300ms (default)
2023-11-17 09:55:37,791 [3172c264-2718-48bc-901b-d06defdb8935-groupManagement] INFO  server.RaftServer$Division (ServerState.java:<init>(120)) - 3172c264-2718-48bc-901b-d06defdb8935@group-8A8AA5C471F5: ConfigurationManager, init=-1: peers:[3172c264-2718-48bc-901b-d06defdb8935|rpc:10.1.0.9:15050|admin:10.1.0.9:15049|client:10.1.0.9:15048|dataStream:10.1.0.9:15051|priority:1|startupRole:FOLLOWER]|listeners:[], old=null, confs=<EMPTY_MAP>
2023-11-17 09:55:37,791 [3172c264-2718-48bc-901b-d06defdb8935-groupManagement] INFO  server.RaftServerConfigKeys (ConfUtils.java:logGet(46)) - raft.server.storage.dir = [/home/runner/work/ozone/ozone/hadoop-ozone/integration-test/target/test-dir/MiniOzoneClusterImpl-b9d514d0-62e9-44b2-85a5-b07480d3784c/datanode-4/data/ratis] (custom)
2023-11-17 09:55:37,791 [3172c264-2718-48bc-901b-d06defdb8935-groupManagement] INFO  server.RaftServerConfigKeys (ConfUtils.java:logGet(46)) - raft.server.log.corruption.policy = EXCEPTION (default)
2023-11-17 09:55:37,791 [3172c264-2718-48bc-901b-d06defdb8935-groupManagement] INFO  server.RaftServerConfigKeys (ConfUtils.java:logGet(46)) - raft.server.storage.free-space.min = 0MB (=0) (default)
2023-11-17 09:55:37,791 [3172c264-2718-48bc-901b-d06defdb8935-groupManagement] INFO  server.RaftServerConfigKeys (ConfUtils.java:logGet(46)) - raft.server.notification.no-leader.timeout = 300s (custom)
2023-11-17 09:55:37,792 [3172c264-2718-48bc-901b-d06defdb8935-groupManagement] INFO  server.RaftServerConfigKeys (ConfUtils.java:logGet(46)) - raft.server.read.timeout = 10s (default)
2023-11-17 09:55:37,792 [3172c264-2718-48bc-901b-d06defdb8935-groupManagement] INFO  server.RaftServerConfigKeys (ConfUtils.java:logGet(46)) - raft.server.retrycache.expirytime = 600000ms (custom)
2023-11-17 09:55:37,792 [3172c264-2718-48bc-901b-d06defdb8935-groupManagement] INFO  server.RaftServerConfigKeys (ConfUtils.java:logGet(46)) - raft.server.retrycache.statistics.expirytime = 100μs (default)
2023-11-17 09:55:37,792 [3172c264-2718-48bc-901b-d06defdb8935-groupManagement] INFO  server.RaftServerConfigKeys (ConfUtils.java:logGet(46)) - raft.server.read.option = DEFAULT (default)
2023-11-17 09:55:37,784 [3172c264-2718-48bc-901b-d06defdb8935-PipelineCommandHandlerThread-0] INFO  server.RaftServer (RaftServerProxy.java:addNew(98)) - 3172c264-2718-48bc-901b-d06defdb8935: addNew group-8A8AA5C471F5:[3172c264-2718-48bc-901b-d06defdb8935|rpc:10.1.0.9:15050|admin:10.1.0.9:15049|client:10.1.0.9:15048|dataStream:10.1.0.9:15051|priority:1|startupRole:FOLLOWER] returns group-8A8AA5C471F5:java.util.concurrent.CompletableFuture@7da1356b[Not completed]
2023-11-17 09:55:37,809 [3172c264-2718-48bc-901b-d06defdb8935-groupManagement] INFO  server.RaftServerConfigKeys (ConfUtils.java:logGet(46)) - raft.server.rpc.request.timeout = 60s (custom)
2023-11-17 09:55:37,809 [3172c264-2718-48bc-901b-d06defdb8935-groupManagement] INFO  server.RaftServerConfigKeys (ConfUtils.java:logGet(46)) - raft.server.log.appender.install.snapshot.enabled = false (custom)
2023-11-17 09:55:37,809 [3172c264-2718-48bc-901b-d06defdb8935-groupManagement] INFO  server.RaftServerConfigKeys (ConfUtils.java:logGet(46)) - raft.server.threadpool.server.cached = true (default)
2023-11-17 09:55:37,809 [3172c264-2718-48bc-901b-d06defdb8935-groupManagement] INFO  server.RaftServerConfigKeys (ConfUtils.java:logGet(46)) - raft.server.threadpool.server.size = 0 (default)
2023-11-17 09:55:37,809 [3172c264-2718-48bc-901b-d06defdb8935-groupManagement] INFO  server.RaftServerConfigKeys (ConfUtils.java:logGet(46)) - raft.server.threadpool.client.cached = true (default)
2023-11-17 09:55:37,809 [3172c264-2718-48bc-901b-d06defdb8935-groupManagement] INFO  server.RaftServerConfigKeys (ConfUtils.java:logGet(46)) - raft.server.threadpool.client.size = 0 (default)
2023-11-17 09:55:37,809 [3172c264-2718-48bc-901b-d06defdb8935-groupManagement] INFO  storage.RaftStorageDirectory (RaftStorageDirectoryImpl.java:analyzeStorage(137)) - The storage directory /home/runner/work/ozone/ozone/hadoop-ozone/integration-test/target/test-dir/MiniOzoneClusterImpl-b9d514d0-62e9-44b2-85a5-b07480d3784c/datanode-4/data/ratis/a4494666-20c3-43f7-a1eb-8a8aa5c471f5 does not exist. Creating ...
2023-11-17 09:55:37,812 [3172c264-2718-48bc-901b-d06defdb8935-groupManagement] INFO  storage.RaftStorageDirectory (RaftStorageDirectoryImpl.java:tryLock(231)) - Lock on /home/runner/work/ozone/ozone/hadoop-ozone/integration-test/target/test-dir/MiniOzoneClusterImpl-b9d514d0-62e9-44b2-85a5-b07480d3784c/datanode-4/data/ratis/a4494666-20c3-43f7-a1eb-8a8aa5c471f5/in_use.lock acquired by nodename 28525@fv-az1021-556
2023-11-17 09:55:37,813 [3172c264-2718-48bc-901b-d06defdb8935-groupManagement] INFO  storage.RaftStorage (RaftStorageImpl.java:format(96)) - Storage directory /home/runner/work/ozone/ozone/hadoop-ozone/integration-test/target/test-dir/MiniOzoneClusterImpl-b9d514d0-62e9-44b2-85a5-b07480d3784c/datanode-4/data/ratis/a4494666-20c3-43f7-a1eb-8a8aa5c471f5 has been successfully formatted.
2023-11-17 09:55:37,816 [3172c264-2718-48bc-901b-d06defdb8935-groupManagement] INFO  ratis.ContainerStateMachine (ContainerStateMachine.java:loadSnapshot(269)) - group-8A8AA5C471F5: The snapshot info is null. Setting the last applied indexto:(t:0, i:~)
2023-11-17 09:55:37,816 [3172c264-2718-48bc-901b-d06defdb8935-groupManagement] INFO  server.RaftServerConfigKeys (ConfUtils.java:logGet(46)) - raft.server.log.use.memory = false (default)
2023-11-17 09:55:37,816 [3172c264-2718-48bc-901b-d06defdb8935-groupManagement] INFO  server.RaftServerConfigKeys (ConfUtils.java:logGet(46)) - raft.server.log.purge.gap = 1000000 (custom)
2023-11-17 09:55:37,819 [EventQueue-PipelineReportForPipelineReportHandler] INFO  pipeline.PipelineReportHandler (PipelineReportHandler.java:processPipelineReport(136)) - Opened pipeline PipelineID=a4494666-20c3-43f7-a1eb-8a8aa5c471f5
2023-11-17 09:55:37,826 [EventQueue-OpenPipelineForHealthyPipelineSafeModeRule] INFO  safemode.SCMSafeModeManager (HealthyPipelineSafeModeRule.java:process(137)) - SCM in safe mode. Healthy pipelines reported count is 0, required healthy pipeline reported count is 1
2023-11-17 09:55:37,826 [3172c264-2718-48bc-901b-d06defdb8935-groupManagement] INFO  server.RaftServerConfigKeys (ConfUtils.java:logGet(46)) - raft.server.log.appender.buffer.byte-limit = 33554432 (custom)
2023-11-17 09:55:37,826 [3172c264-2718-48bc-901b-d06defdb8935-groupManagement] INFO  server.RaftServerConfigKeys (ConfUtils.java:logGet(46)) - raft.server.log.statemachine.data.read.timeout = 1000ms (default)
2023-11-17 09:55:37,827 [3172c264-2718-48bc-901b-d06defdb8935-groupManagement] INFO  server.RaftServerConfigKeys (ConfUtils.java:logGet(46)) - raft.server.log.purge.preservation.log.num = 0 (default)
2023-11-17 09:55:37,827 [3172c264-2718-48bc-901b-d06defdb8935-groupManagement] INFO  server.RaftServerConfigKeys (ConfUtils.java:logGet(46)) - raft.server.log.segment.size.max = 1048576 (custom)
2023-11-17 09:55:37,831 [3172c264-2718-48bc-901b-d06defdb8935-groupManagement] INFO  server.RaftServerConfigKeys (ConfUtils.java:logGet(46)) - raft.server.log.segment.cache.num.max = 2 (custom)
2023-11-17 09:55:37,831 [3172c264-2718-48bc-901b-d06defdb8935-groupManagement] INFO  server.RaftServerConfigKeys (ConfUtils.java:logGet(46)) - raft.server.log.segment.cache.size.max = 200MB (=209715200) (default)
2023-11-17 09:55:37,831 [3172c264-2718-48bc-901b-d06defdb8935-groupManagement] INFO  server.RaftServerConfigKeys (ConfUtils.java:logGet(46)) - raft.server.log.appender.buffer.byte-limit = 33554432 (custom)
2023-11-17 09:55:37,831 [3172c264-2718-48bc-901b-d06defdb8935-groupManagement] INFO  segmented.SegmentedRaftLogWorker (SegmentedRaftLogWorker.java:<init>(188)) - new 3172c264-2718-48bc-901b-d06defdb8935@group-8A8AA5C471F5-SegmentedRaftLogWorker for RaftStorageImpl:Storage Directory /home/runner/work/ozone/ozone/hadoop-ozone/integration-test/target/test-dir/MiniOzoneClusterImpl-b9d514d0-62e9-44b2-85a5-b07480d3784c/datanode-4/data/ratis/a4494666-20c3-43f7-a1eb-8a8aa5c471f5
2023-11-17 09:55:37,831 [3172c264-2718-48bc-901b-d06defdb8935-groupManagement] INFO  server.RaftServerConfigKeys (ConfUtils.java:logGet(46)) - raft.server.log.queue.byte-limit = 4294967296 (custom)
2023-11-17 09:55:37,831 [3172c264-2718-48bc-901b-d06defdb8935-groupManagement] INFO  server.RaftServerConfigKeys (ConfUtils.java:logGet(46)) - raft.server.log.queue.element-limit = 1024 (custom)
2023-11-17 09:55:37,831 [3172c264-2718-48bc-901b-d06defdb8935-groupManagement] INFO  server.RaftServerConfigKeys (ConfUtils.java:logGet(46)) - raft.server.log.segment.size.max = 1048576 (custom)
2023-11-17 09:55:37,831 [3172c264-2718-48bc-901b-d06defdb8935-groupManagement] INFO  server.RaftServerConfigKeys (ConfUtils.java:logGet(46)) - raft.server.log.preallocated.size = 16384 (custom)
2023-11-17 09:55:37,832 [3172c264-2718-48bc-901b-d06defdb8935-groupManagement] INFO  server.RaftServerConfigKeys (ConfUtils.java:logGet(46)) - raft.server.log.force.sync.num = 128 (default)
2023-11-17 09:55:37,832 [3172c264-2718-48bc-901b-d06defdb8935-groupManagement] INFO  server.RaftServerConfigKeys (ConfUtils.java:logGet(46)) - raft.server.log.statemachine.data.sync = true (default)
2023-11-17 09:55:37,832 [3172c264-2718-48bc-901b-d06defdb8935-groupManagement] INFO  server.RaftServerConfigKeys (ConfUtils.java:logGet(46)) - raft.server.log.statemachine.data.sync.timeout = 10s (default)
2023-11-17 09:55:37,832 [3172c264-2718-48bc-901b-d06defdb8935-groupManagement] INFO  server.RaftServerConfigKeys (ConfUtils.java:logGet(46)) - raft.server.log.statemachine.data.sync.timeout.retry = -1 (default)
2023-11-17 09:55:37,833 [3172c264-2718-48bc-901b-d06defdb8935-groupManagement] INFO  server.RaftServerConfigKeys (ConfUtils.java:logGet(46)) - raft.server.log.write.buffer.size = 1048576 (custom)
2023-11-17 09:55:37,833 [3172c264-2718-48bc-901b-d06defdb8935-groupManagement] INFO  server.RaftServerConfigKeys (ConfUtils.java:logGet(46)) - raft.server.log.appender.buffer.byte-limit = 33554432 (custom)
2023-11-17 09:55:37,835 [3172c264-2718-48bc-901b-d06defdb8935-groupManagement] INFO  server.RaftServerConfigKeys (ConfUtils.java:logGet(46)) - raft.server.log.unsafe-flush.enabled = false (default)
2023-11-17 09:55:37,835 [3172c264-2718-48bc-901b-d06defdb8935-groupManagement] INFO  server.RaftServerConfigKeys (ConfUtils.java:logGet(46)) - raft.server.log.async-flush.enabled = false (default)
2023-11-17 09:55:37,835 [3172c264-2718-48bc-901b-d06defdb8935-groupManagement] INFO  server.RaftServerConfigKeys (ConfUtils.java:logGet(46)) - raft.server.log.statemachine.data.caching.enabled = true (custom)
2023-11-17 09:55:37,835 [3172c264-2718-48bc-901b-d06defdb8935-groupManagement] INFO  segmented.SegmentedRaftLogWorker (SegmentedRaftLogWorker.java:lambda$new$0(135)) - 3172c264-2718-48bc-901b-d06defdb8935@group-8A8AA5C471F5-SegmentedRaftLogWorker: flushIndex: setUnconditionally 0 -> -1
2023-11-17 09:55:37,835 [3172c264-2718-48bc-901b-d06defdb8935-groupManagement] INFO  segmented.SegmentedRaftLogWorker (SegmentedRaftLogWorker.java:lambda$new$0(135)) - 3172c264-2718-48bc-901b-d06defdb8935@group-8A8AA5C471F5-SegmentedRaftLogWorker: safeCacheEvictIndex: setUnconditionally 0 -> -1
2023-11-17 09:55:37,836 [fea717c9-b406-422e-8ccb-799e860d7c03-PipelineCommandHandlerThread-0] INFO  server.RaftServer (RaftServerProxy.java:addNew(98)) - fea717c9-b406-422e-8ccb-799e860d7c03: addNew group-50FDC25891FC:[fea717c9-b406-422e-8ccb-799e860d7c03|rpc:10.1.0.9:15059|admin:10.1.0.9:15058|client:10.1.0.9:15057|dataStream:10.1.0.9:15060|priority:1|startupRole:FOLLOWER] returns group-50FDC25891FC:java.util.concurrent.CompletableFuture@569edf3b[Not completed]
2023-11-17 09:55:37,840 [fea717c9-b406-422e-8ccb-799e860d7c03-groupManagement] INFO  server.RaftServer$Division (RaftServerImpl.java:<init>(198)) - fea717c9-b406-422e-8ccb-799e860d7c03: new RaftServerImpl for group-50FDC25891FC:[fea717c9-b406-422e-8ccb-799e860d7c03|rpc:10.1.0.9:15059|admin:10.1.0.9:15058|client:10.1.0.9:15057|dataStream:10.1.0.9:15060|priority:1|startupRole:FOLLOWER] with ContainerStateMachine:uninitialized
2023-11-17 09:55:37,840 [fea717c9-b406-422e-8ccb-799e860d7c03-groupManagement] INFO  server.RaftServerConfigKeys (ConfUtils.java:logGet(46)) - raft.server.rpc.timeout.min = 5s (custom)
2023-11-17 09:55:37,840 [fea717c9-b406-422e-8ccb-799e860d7c03-groupManagement] INFO  server.RaftServerConfigKeys (ConfUtils.java:logGet(46)) - raft.server.rpc.timeout.max = 5200ms (custom)
2023-11-17 09:55:37,844 [3172c264-2718-48bc-901b-d06defdb8935-groupManagement] INFO  server.RaftServer$Division (RaftServerImpl.java:start(342)) - 3172c264-2718-48bc-901b-d06defdb8935@group-8A8AA5C471F5: start as a follower, conf=-1: peers:[3172c264-2718-48bc-901b-d06defdb8935|rpc:10.1.0.9:15050|admin:10.1.0.9:15049|client:10.1.0.9:15048|dataStream:10.1.0.9:15051|priority:1|startupRole:FOLLOWER]|listeners:[], old=null
2023-11-17 09:55:37,844 [3172c264-2718-48bc-901b-d06defdb8935-groupManagement] INFO  server.RaftServer$Division (RaftServerImpl.java:setRole(329)) - 3172c264-2718-48bc-901b-d06defdb8935@group-8A8AA5C471F5: changes role from      null to FOLLOWER at term 0 for startAsFollower
2023-11-17 09:55:37,844 [fea717c9-b406-422e-8ccb-799e860d7c03-groupManagement] INFO  server.RaftServerConfigKeys (ConfUtils.java:logGet(46)) - raft.server.rpc.sleep.time = 25ms (default)
2023-11-17 09:55:37,844 [3172c264-2718-48bc-901b-d06defdb8935-groupManagement] INFO  impl.RoleInfo (RoleInfo.java:updateAndGet(139)) - 3172c264-2718-48bc-901b-d06defdb8935: start 3172c264-2718-48bc-901b-d06defdb8935@group-8A8AA5C471F5-FollowerState
2023-11-17 09:55:37,844 [fea717c9-b406-422e-8ccb-799e860d7c03-groupManagement] INFO  server.RaftServerConfigKeys (ConfUtils.java:logGet(46)) - raft.server.rpc.slowness.timeout = 300s (custom)
2023-11-17 09:55:37,844 [fea717c9-b406-422e-8ccb-799e860d7c03-groupManagement] INFO  server.RaftServerConfigKeys (ConfUtils.java:logGet(46)) - raft.server.leaderelection.leader.step-down.wait-time = 10s (default)
2023-11-17 09:55:37,844 [fea717c9-b406-422e-8ccb-799e860d7c03-groupManagement] INFO  server.RaftServerConfigKeys (ConfUtils.java:logGet(46)) - raft.server.sleep.deviation.threshold = 300ms (default)
2023-11-17 09:55:37,844 [fea717c9-b406-422e-8ccb-799e860d7c03-groupManagement] INFO  server.RaftServer$Division (ServerState.java:<init>(120)) - fea717c9-b406-422e-8ccb-799e860d7c03@group-50FDC25891FC: ConfigurationManager, init=-1: peers:[fea717c9-b406-422e-8ccb-799e860d7c03|rpc:10.1.0.9:15059|admin:10.1.0.9:15058|client:10.1.0.9:15057|dataStream:10.1.0.9:15060|priority:1|startupRole:FOLLOWER]|listeners:[], old=null, confs=<EMPTY_MAP>
2023-11-17 09:55:37,844 [fea717c9-b406-422e-8ccb-799e860d7c03-groupManagement] INFO  server.RaftServerConfigKeys (ConfUtils.java:logGet(46)) - raft.server.storage.dir = [/home/runner/work/ozone/ozone/hadoop-ozone/integration-test/target/test-dir/MiniOzoneClusterImpl-b9d514d0-62e9-44b2-85a5-b07480d3784c/datanode-5/data/ratis] (custom)
2023-11-17 09:55:37,844 [3172c264-2718-48bc-901b-d06defdb8935-groupManagement] INFO  util.JmxRegister (JmxRegister.java:tryRegister(44)) - Successfully registered JMX Bean with object name Ratis:service=RaftServer,group=group-8A8AA5C471F5,id=3172c264-2718-48bc-901b-d06defdb8935
2023-11-17 09:55:37,845 [3172c264-2718-48bc-901b-d06defdb8935-groupManagement] INFO  server.RaftServerConfigKeys (ConfUtils.java:logGet(46)) - raft.server.snapshot.auto.trigger.enabled = true (custom)
2023-11-17 09:55:37,845 [3172c264-2718-48bc-901b-d06defdb8935-groupManagement] INFO  server.RaftServerConfigKeys (ConfUtils.java:logGet(46)) - raft.server.snapshot.auto.trigger.threshold = 10000 (custom)
2023-11-17 09:55:37,845 [3172c264-2718-48bc-901b-d06defdb8935-groupManagement] INFO  server.RaftServerConfigKeys (ConfUtils.java:logGet(46)) - raft.server.snapshot.retention.file.num = 5 (custom)
2023-11-17 09:55:37,845 [3172c264-2718-48bc-901b-d06defdb8935-groupManagement] INFO  server.RaftServerConfigKeys (ConfUtils.java:logGet(46)) - raft.server.log.purge.upto.snapshot.index = false (default)
2023-11-17 09:55:37,845 [fea717c9-b406-422e-8ccb-799e860d7c03-groupManagement] INFO  server.RaftServerConfigKeys (ConfUtils.java:logGet(46)) - raft.server.log.corruption.policy = EXCEPTION (default)
2023-11-17 09:55:37,845 [fea717c9-b406-422e-8ccb-799e860d7c03-groupManagement] INFO  server.RaftServerConfigKeys (ConfUtils.java:logGet(46)) - raft.server.storage.free-space.min = 0MB (=0) (default)
2023-11-17 09:55:37,845 [3172c264-2718-48bc-901b-d06defdb8935-PipelineCommandHandlerThread-0] INFO  ratis.XceiverServerRatis (XceiverServerRatis.java:addGroup(805)) - Created group PipelineID=a4494666-20c3-43f7-a1eb-8a8aa5c471f5
2023-11-17 09:55:37,845 [3172c264-2718-48bc-901b-d06defdb8935-PipelineCommandHandlerThread-0] INFO  commandhandler.CreatePipelineCommandHandler (CreatePipelineCommandHandler.java:lambda$handle$2(124)) - Created Pipeline RATIS ONE PipelineID=a4494666-20c3-43f7-a1eb-8a8aa5c471f5.
2023-11-17 09:55:37,846 [3172c264-2718-48bc-901b-d06defdb8935@group-8A8AA5C471F5-FollowerState] INFO  server.RaftServerConfigKeys (ConfUtils.java:logFallback(53)) - raft.server.rpc.first-election.timeout.min = 5s (fallback to raft.server.rpc.timeout.min)
2023-11-17 09:55:37,846 [3172c264-2718-48bc-901b-d06defdb8935@group-8A8AA5C471F5-FollowerState] INFO  server.RaftServerConfigKeys (ConfUtils.java:logFallback(53)) - raft.server.rpc.first-election.timeout.max = 5200ms (fallback to raft.server.rpc.timeout.max)
2023-11-17 09:55:37,848 [fea717c9-b406-422e-8ccb-799e860d7c03-groupManagement] INFO  server.RaftServerConfigKeys (ConfUtils.java:logGet(46)) - raft.server.notification.no-leader.timeout = 300s (custom)
2023-11-17 09:55:37,848 [3172c264-2718-48bc-901b-d06defdb8935-PipelineCommandHandlerThread-0] INFO  server.RaftServer (RaftServerProxy.java:addNew(98)) - 3172c264-2718-48bc-901b-d06defdb8935: addNew group-5381FD1FF82C:[2a883bf7-e5b8-4bdb-a368-a41799101186|rpc:10.1.0.9:15041|admin:10.1.0.9:15040|client:10.1.0.9:15039|dataStream:10.1.0.9:15042|priority:1|startupRole:FOLLOWER, 3172c264-2718-48bc-901b-d06defdb8935|rpc:10.1.0.9:15050|admin:10.1.0.9:15049|client:10.1.0.9:15048|dataStream:10.1.0.9:15051|priority:0|startupRole:FOLLOWER, fea717c9-b406-422e-8ccb-799e860d7c03|rpc:10.1.0.9:15059|admin:10.1.0.9:15058|client:10.1.0.9:15057|dataStream:10.1.0.9:15060|priority:0|startupRole:FOLLOWER] returns group-5381FD1FF82C:java.util.concurrent.CompletableFuture@799eae07[Not completed]
2023-11-17 09:55:37,848 [fea717c9-b406-422e-8ccb-799e860d7c03-groupManagement] INFO  server.RaftServerConfigKeys (ConfUtils.java:logGet(46)) - raft.server.read.timeout = 10s (default)
2023-11-17 09:55:37,855 [fea717c9-b406-422e-8ccb-799e860d7c03-groupManagement] INFO  server.RaftServerConfigKeys (ConfUtils.java:logGet(46)) - raft.server.retrycache.expirytime = 600000ms (custom)
2023-11-17 09:55:37,855 [fea717c9-b406-422e-8ccb-799e860d7c03-groupManagement] INFO  server.RaftServerConfigKeys (ConfUtils.java:logGet(46)) - raft.server.retrycache.statistics.expirytime = 100μs (default)
2023-11-17 09:55:37,855 [fea717c9-b406-422e-8ccb-799e860d7c03-groupManagement] INFO  server.RaftServerConfigKeys (ConfUtils.java:logGet(46)) - raft.server.read.option = DEFAULT (default)
2023-11-17 09:55:37,852 [3172c264-2718-48bc-901b-d06defdb8935-groupManagement] INFO  server.RaftServer$Division (RaftServerImpl.java:<init>(198)) - 3172c264-2718-48bc-901b-d06defdb8935: new RaftServerImpl for group-5381FD1FF82C:[2a883bf7-e5b8-4bdb-a368-a41799101186|rpc:10.1.0.9:15041|admin:10.1.0.9:15040|client:10.1.0.9:15039|dataStream:10.1.0.9:15042|priority:1|startupRole:FOLLOWER, 3172c264-2718-48bc-901b-d06defdb8935|rpc:10.1.0.9:15050|admin:10.1.0.9:15049|client:10.1.0.9:15048|dataStream:10.1.0.9:15051|priority:0|startupRole:FOLLOWER, fea717c9-b406-422e-8ccb-799e860d7c03|rpc:10.1.0.9:15059|admin:10.1.0.9:15058|client:10.1.0.9:15057|dataStream:10.1.0.9:15060|priority:0|startupRole:FOLLOWER] with ContainerStateMachine:uninitialized
2023-11-17 09:55:37,857 [3172c264-2718-48bc-901b-d06defdb8935-groupManagement] INFO  server.RaftServerConfigKeys (ConfUtils.java:logGet(46)) - raft.server.rpc.timeout.min = 5s (custom)
2023-11-17 09:55:37,857 [3172c264-2718-48bc-901b-d06defdb8935-groupManagement] INFO  server.RaftServerConfigKeys (ConfUtils.java:logGet(46)) - raft.server.rpc.timeout.max = 5200ms (custom)
2023-11-17 09:55:37,858 [3172c264-2718-48bc-901b-d06defdb8935-groupManagement] INFO  server.RaftServerConfigKeys (ConfUtils.java:logGet(46)) - raft.server.rpc.sleep.time = 25ms (default)
2023-11-17 09:55:37,858 [3172c264-2718-48bc-901b-d06defdb8935-groupManagement] INFO  server.RaftServerConfigKeys (ConfUtils.java:logGet(46)) - raft.server.rpc.slowness.timeout = 300s (custom)
2023-11-17 09:55:37,858 [3172c264-2718-48bc-901b-d06defdb8935-groupManagement] INFO  server.RaftServerConfigKeys (ConfUtils.java:logGet(46)) - raft.server.leaderelection.leader.step-down.wait-time = 10s (default)
2023-11-17 09:55:37,858 [3172c264-2718-48bc-901b-d06defdb8935-groupManagement] INFO  server.RaftServerConfigKeys (ConfUtils.java:logGet(46)) - raft.server.sleep.deviation.threshold = 300ms (default)
2023-11-17 09:55:37,858 [3172c264-2718-48bc-901b-d06defdb8935-groupManagement] INFO  server.RaftServer$Division (ServerState.java:<init>(120)) - 3172c264-2718-48bc-901b-d06defdb8935@group-5381FD1FF82C: ConfigurationManager, init=-1: peers:[2a883bf7-e5b8-4bdb-a368-a41799101186|rpc:10.1.0.9:15041|admin:10.1.0.9:15040|client:10.1.0.9:15039|dataStream:10.1.0.9:15042|priority:1|startupRole:FOLLOWER, 3172c264-2718-48bc-901b-d06defdb8935|rpc:10.1.0.9:15050|admin:10.1.0.9:15049|client:10.1.0.9:15048|dataStream:10.1.0.9:15051|priority:0|startupRole:FOLLOWER, fea717c9-b406-422e-8ccb-799e860d7c03|rpc:10.1.0.9:15059|admin:10.1.0.9:15058|client:10.1.0.9:15057|dataStream:10.1.0.9:15060|priority:0|startupRole:FOLLOWER]|listeners:[], old=null, confs=<EMPTY_MAP>
2023-11-17 09:55:37,858 [3172c264-2718-48bc-901b-d06defdb8935-groupManagement] INFO  server.RaftServerConfigKeys (ConfUtils.java:logGet(46)) - raft.server.storage.dir = [/home/runner/work/ozone/ozone/hadoop-ozone/integration-test/target/test-dir/MiniOzoneClusterImpl-b9d514d0-62e9-44b2-85a5-b07480d3784c/datanode-4/data/ratis] (custom)
2023-11-17 09:55:37,858 [3172c264-2718-48bc-901b-d06defdb8935-groupManagement] INFO  server.RaftServerConfigKeys (ConfUtils.java:logGet(46)) - raft.server.log.corruption.policy = EXCEPTION (default)
2023-11-17 09:55:37,858 [3172c264-2718-48bc-901b-d06defdb8935-groupManagement] INFO  server.RaftServerConfigKeys (ConfUtils.java:logGet(46)) - raft.server.storage.free-space.min = 0MB (=0) (default)
2023-11-17 09:55:37,858 [3172c264-2718-48bc-901b-d06defdb8935-groupManagement] INFO  server.RaftServerConfigKeys (ConfUtils.java:logGet(46)) - raft.server.notification.no-leader.timeout = 300s (custom)
2023-11-17 09:55:37,858 [3172c264-2718-48bc-901b-d06defdb8935-groupManagement] INFO  server.RaftServerConfigKeys (ConfUtils.java:logGet(46)) - raft.server.read.timeout = 10s (default)
2023-11-17 09:55:37,858 [3172c264-2718-48bc-901b-d06defdb8935-groupManagement] INFO  server.RaftServerConfigKeys (ConfUtils.java:logGet(46)) - raft.server.retrycache.expirytime = 600000ms (custom)
2023-11-17 09:55:37,858 [3172c264-2718-48bc-901b-d06defdb8935-groupManagement] INFO  server.RaftServerConfigKeys (ConfUtils.java:logGet(46)) - raft.server.retrycache.statistics.expirytime = 100μs (default)
2023-11-17 09:55:37,859 [3172c264-2718-48bc-901b-d06defdb8935-groupManagement] INFO  server.RaftServerConfigKeys (ConfUtils.java:logGet(46)) - raft.server.read.option = DEFAULT (default)
2023-11-17 09:55:37,860 [3172c264-2718-48bc-901b-d06defdb8935-groupManagement] INFO  server.RaftServerConfigKeys (ConfUtils.java:logGet(46)) - raft.server.rpc.request.timeout = 60s (custom)
2023-11-17 09:55:37,860 [3172c264-2718-48bc-901b-d06defdb8935-groupManagement] INFO  server.RaftServerConfigKeys (ConfUtils.java:logGet(46)) - raft.server.log.appender.install.snapshot.enabled = false (custom)
2023-11-17 09:55:37,860 [3172c264-2718-48bc-901b-d06defdb8935-groupManagement] INFO  server.RaftServerConfigKeys (ConfUtils.java:logGet(46)) - raft.server.threadpool.server.cached = true (default)
2023-11-17 09:55:37,860 [3172c264-2718-48bc-901b-d06defdb8935-groupManagement] INFO  server.RaftServerConfigKeys (ConfUtils.java:logGet(46)) - raft.server.threadpool.server.size = 0 (default)
2023-11-17 09:55:37,860 [3172c264-2718-48bc-901b-d06defdb8935-groupManagement] INFO  server.RaftServerConfigKeys (ConfUtils.java:logGet(46)) - raft.server.threadpool.client.cached = true (default)
2023-11-17 09:55:37,860 [3172c264-2718-48bc-901b-d06defdb8935-groupManagement] INFO  server.RaftServerConfigKeys (ConfUtils.java:logGet(46)) - raft.server.threadpool.client.size = 0 (default)
2023-11-17 09:55:37,860 [3172c264-2718-48bc-901b-d06defdb8935-groupManagement] INFO  storage.RaftStorageDirectory (RaftStorageDirectoryImpl.java:analyzeStorage(137)) - The storage directory /home/runner/work/ozone/ozone/hadoop-ozone/integration-test/target/test-dir/MiniOzoneClusterImpl-b9d514d0-62e9-44b2-85a5-b07480d3784c/datanode-4/data/ratis/b7d63c71-7857-4b6e-a0c9-5381fd1ff82c does not exist. Creating ...
2023-11-17 09:55:37,864 [3172c264-2718-48bc-901b-d06defdb8935-groupManagement] INFO  storage.RaftStorageDirectory (RaftStorageDirectoryImpl.java:tryLock(231)) - Lock on /home/runner/work/ozone/ozone/hadoop-ozone/integration-test/target/test-dir/MiniOzoneClusterImpl-b9d514d0-62e9-44b2-85a5-b07480d3784c/datanode-4/data/ratis/b7d63c71-7857-4b6e-a0c9-5381fd1ff82c/in_use.lock acquired by nodename 28525@fv-az1021-556
2023-11-17 09:55:37,866 [fea717c9-b406-422e-8ccb-799e860d7c03-groupManagement] INFO  server.RaftServerConfigKeys (ConfUtils.java:logGet(46)) - raft.server.rpc.request.timeout = 60s (custom)
2023-11-17 09:55:37,866 [3172c264-2718-48bc-901b-d06defdb8935-groupManagement] INFO  storage.RaftStorage (RaftStorageImpl.java:format(96)) - Storage directory /home/runner/work/ozone/ozone/hadoop-ozone/integration-test/target/test-dir/MiniOzoneClusterImpl-b9d514d0-62e9-44b2-85a5-b07480d3784c/datanode-4/data/ratis/b7d63c71-7857-4b6e-a0c9-5381fd1ff82c has been successfully formatted.
2023-11-17 09:55:37,866 [grpc-default-executor-1] INFO  server.RaftServer (RaftServerProxy.java:addNew(98)) - fea717c9-b406-422e-8ccb-799e860d7c03: addNew group-5381FD1FF82C:[2a883bf7-e5b8-4bdb-a368-a41799101186|rpc:10.1.0.9:15041|admin:10.1.0.9:15040|client:10.1.0.9:15039|dataStream:10.1.0.9:15042|priority:1|startupRole:FOLLOWER, 3172c264-2718-48bc-901b-d06defdb8935|rpc:10.1.0.9:15050|admin:10.1.0.9:15049|client:10.1.0.9:15048|dataStream:10.1.0.9:15051|priority:0|startupRole:FOLLOWER, fea717c9-b406-422e-8ccb-799e860d7c03|rpc:10.1.0.9:15059|admin:10.1.0.9:15058|client:10.1.0.9:15057|dataStream:10.1.0.9:15060|priority:0|startupRole:FOLLOWER] returns group-5381FD1FF82C:java.util.concurrent.CompletableFuture@7033fd1c[Not completed]
2023-11-17 09:55:37,872 [3172c264-2718-48bc-901b-d06defdb8935-groupManagement] INFO  ratis.ContainerStateMachine (ContainerStateMachine.java:loadSnapshot(269)) - group-5381FD1FF82C: The snapshot info is null. Setting the last applied indexto:(t:0, i:~)
2023-11-17 09:55:37,874 [3172c264-2718-48bc-901b-d06defdb8935-groupManagement] INFO  server.RaftServerConfigKeys (ConfUtils.java:logGet(46)) - raft.server.log.use.memory = false (default)
2023-11-17 09:55:37,875 [3172c264-2718-48bc-901b-d06defdb8935-groupManagement] INFO  server.RaftServerConfigKeys (ConfUtils.java:logGet(46)) - raft.server.log.purge.gap = 1000000 (custom)
2023-11-17 09:55:37,875 [3172c264-2718-48bc-901b-d06defdb8935-groupManagement] INFO  server.RaftServerConfigKeys (ConfUtils.java:logGet(46)) - raft.server.log.appender.buffer.byte-limit = 33554432 (custom)
2023-11-17 09:55:37,873 [fea717c9-b406-422e-8ccb-799e860d7c03-groupManagement] INFO  server.RaftServerConfigKeys (ConfUtils.java:logGet(46)) - raft.server.log.appender.install.snapshot.enabled = false (custom)
2023-11-17 09:55:37,881 [fea717c9-b406-422e-8ccb-799e860d7c03-groupManagement] INFO  server.RaftServerConfigKeys (ConfUtils.java:logGet(46)) - raft.server.threadpool.server.cached = true (default)
2023-11-17 09:55:37,881 [fea717c9-b406-422e-8ccb-799e860d7c03-groupManagement] INFO  server.RaftServerConfigKeys (ConfUtils.java:logGet(46)) - raft.server.threadpool.server.size = 0 (default)
2023-11-17 09:55:37,881 [fea717c9-b406-422e-8ccb-799e860d7c03-groupManagement] INFO  server.RaftServerConfigKeys (ConfUtils.java:logGet(46)) - raft.server.threadpool.client.cached = true (default)
2023-11-17 09:55:37,881 [fea717c9-b406-422e-8ccb-799e860d7c03-groupManagement] INFO  server.RaftServerConfigKeys (ConfUtils.java:logGet(46)) - raft.server.threadpool.client.size = 0 (default)
2023-11-17 09:55:37,876 [EventQueue-OpenPipelineForHealthyPipelineSafeModeRule] INFO  safemode.SCMSafeModeManager (HealthyPipelineSafeModeRule.java:process(137)) - SCM in safe mode. Healthy pipelines reported count is 0, required healthy pipeline reported count is 1
2023-11-17 09:55:37,876 [3172c264-2718-48bc-901b-d06defdb8935-groupManagement] INFO  server.RaftServerConfigKeys (ConfUtils.java:logGet(46)) - raft.server.log.statemachine.data.read.timeout = 1000ms (default)
2023-11-17 09:55:37,881 [3172c264-2718-48bc-901b-d06defdb8935-groupManagement] INFO  server.RaftServerConfigKeys (ConfUtils.java:logGet(46)) - raft.server.log.purge.preservation.log.num = 0 (default)
2023-11-17 09:55:37,881 [3172c264-2718-48bc-901b-d06defdb8935-groupManagement] INFO  server.RaftServerConfigKeys (ConfUtils.java:logGet(46)) - raft.server.log.segment.size.max = 1048576 (custom)
2023-11-17 09:55:37,883 [3172c264-2718-48bc-901b-d06defdb8935-groupManagement] INFO  server.RaftServerConfigKeys (ConfUtils.java:logGet(46)) - raft.server.log.segment.cache.num.max = 2 (custom)
2023-11-17 09:55:37,883 [3172c264-2718-48bc-901b-d06defdb8935-groupManagement] INFO  server.RaftServerConfigKeys (ConfUtils.java:logGet(46)) - raft.server.log.segment.cache.size.max = 200MB (=209715200) (default)
2023-11-17 09:55:37,883 [3172c264-2718-48bc-901b-d06defdb8935-groupManagement] INFO  server.RaftServerConfigKeys (ConfUtils.java:logGet(46)) - raft.server.log.appender.buffer.byte-limit = 33554432 (custom)
2023-11-17 09:55:37,884 [3172c264-2718-48bc-901b-d06defdb8935-groupManagement] INFO  segmented.SegmentedRaftLogWorker (SegmentedRaftLogWorker.java:<init>(188)) - new 3172c264-2718-48bc-901b-d06defdb8935@group-5381FD1FF82C-SegmentedRaftLogWorker for RaftStorageImpl:Storage Directory /home/runner/work/ozone/ozone/hadoop-ozone/integration-test/target/test-dir/MiniOzoneClusterImpl-b9d514d0-62e9-44b2-85a5-b07480d3784c/datanode-4/data/ratis/b7d63c71-7857-4b6e-a0c9-5381fd1ff82c
2023-11-17 09:55:37,884 [3172c264-2718-48bc-901b-d06defdb8935-groupManagement] INFO  server.RaftServerConfigKeys (ConfUtils.java:logGet(46)) - raft.server.log.queue.byte-limit = 4294967296 (custom)
2023-11-17 09:55:37,884 [3172c264-2718-48bc-901b-d06defdb8935-groupManagement] INFO  server.RaftServerConfigKeys (ConfUtils.java:logGet(46)) - raft.server.log.queue.element-limit = 1024 (custom)
2023-11-17 09:55:37,884 [3172c264-2718-48bc-901b-d06defdb8935-groupManagement] INFO  server.RaftServerConfigKeys (ConfUtils.java:logGet(46)) - raft.server.log.segment.size.max = 1048576 (custom)
2023-11-17 09:55:37,884 [3172c264-2718-48bc-901b-d06defdb8935-groupManagement] INFO  server.RaftServerConfigKeys (ConfUtils.java:logGet(46)) - raft.server.log.preallocated.size = 16384 (custom)
2023-11-17 09:55:37,884 [3172c264-2718-48bc-901b-d06defdb8935-groupManagement] INFO  server.RaftServerConfigKeys (ConfUtils.java:logGet(46)) - raft.server.log.force.sync.num = 128 (default)
2023-11-17 09:55:37,884 [3172c264-2718-48bc-901b-d06defdb8935-groupManagement] INFO  server.RaftServerConfigKeys (ConfUtils.java:logGet(46)) - raft.server.log.statemachine.data.sync = true (default)
2023-11-17 09:55:37,884 [3172c264-2718-48bc-901b-d06defdb8935-groupManagement] INFO  server.RaftServerConfigKeys (ConfUtils.java:logGet(46)) - raft.server.log.statemachine.data.sync.timeout = 10s (default)
2023-11-17 09:55:37,884 [3172c264-2718-48bc-901b-d06defdb8935-groupManagement] INFO  server.RaftServerConfigKeys (ConfUtils.java:logGet(46)) - raft.server.log.statemachine.data.sync.timeout.retry = -1 (default)
2023-11-17 09:55:37,886 [3172c264-2718-48bc-901b-d06defdb8935-groupManagement] INFO  server.RaftServerConfigKeys (ConfUtils.java:logGet(46)) - raft.server.log.write.buffer.size = 1048576 (custom)
2023-11-17 09:55:37,886 [3172c264-2718-48bc-901b-d06defdb8935-groupManagement] INFO  server.RaftServerConfigKeys (ConfUtils.java:logGet(46)) - raft.server.log.appender.buffer.byte-limit = 33554432 (custom)
2023-11-17 09:55:37,887 [3172c264-2718-48bc-901b-d06defdb8935-groupManagement] INFO  server.RaftServerConfigKeys (ConfUtils.java:logGet(46)) - raft.server.log.unsafe-flush.enabled = false (default)
2023-11-17 09:55:37,888 [3172c264-2718-48bc-901b-d06defdb8935-groupManagement] INFO  server.RaftServerConfigKeys (ConfUtils.java:logGet(46)) - raft.server.log.async-flush.enabled = false (default)
2023-11-17 09:55:37,888 [3172c264-2718-48bc-901b-d06defdb8935-groupManagement] INFO  server.RaftServerConfigKeys (ConfUtils.java:logGet(46)) - raft.server.log.statemachine.data.caching.enabled = true (custom)
2023-11-17 09:55:37,888 [3172c264-2718-48bc-901b-d06defdb8935-groupManagement] INFO  segmented.SegmentedRaftLogWorker (SegmentedRaftLogWorker.java:lambda$new$0(135)) - 3172c264-2718-48bc-901b-d06defdb8935@group-5381FD1FF82C-SegmentedRaftLogWorker: flushIndex: setUnconditionally 0 -> -1
2023-11-17 09:55:37,889 [3172c264-2718-48bc-901b-d06defdb8935-groupManagement] INFO  segmented.SegmentedRaftLogWorker (SegmentedRaftLogWorker.java:lambda$new$0(135)) - 3172c264-2718-48bc-901b-d06defdb8935@group-5381FD1FF82C-SegmentedRaftLogWorker: safeCacheEvictIndex: setUnconditionally 0 -> -1
2023-11-17 09:55:37,888 [fea717c9-b406-422e-8ccb-799e860d7c03-groupManagement] INFO  server.RaftServer$Division (RaftServerImpl.java:<init>(198)) - fea717c9-b406-422e-8ccb-799e860d7c03: new RaftServerImpl for group-5381FD1FF82C:[2a883bf7-e5b8-4bdb-a368-a41799101186|rpc:10.1.0.9:15041|admin:10.1.0.9:15040|client:10.1.0.9:15039|dataStream:10.1.0.9:15042|priority:1|startupRole:FOLLOWER, 3172c264-2718-48bc-901b-d06defdb8935|rpc:10.1.0.9:15050|admin:10.1.0.9:15049|client:10.1.0.9:15048|dataStream:10.1.0.9:15051|priority:0|startupRole:FOLLOWER, fea717c9-b406-422e-8ccb-799e860d7c03|rpc:10.1.0.9:15059|admin:10.1.0.9:15058|client:10.1.0.9:15057|dataStream:10.1.0.9:15060|priority:0|startupRole:FOLLOWER] with ContainerStateMachine:uninitialized
2023-11-17 09:55:37,889 [fea717c9-b406-422e-8ccb-799e860d7c03-groupManagement] INFO  server.RaftServerConfigKeys (ConfUtils.java:logGet(46)) - raft.server.rpc.timeout.min = 5s (custom)
2023-11-17 09:55:37,889 [fea717c9-b406-422e-8ccb-799e860d7c03-groupManagement] INFO  server.RaftServerConfigKeys (ConfUtils.java:logGet(46)) - raft.server.rpc.timeout.max = 5200ms (custom)
2023-11-17 09:55:37,889 [fea717c9-b406-422e-8ccb-799e860d7c03-groupManagement] INFO  server.RaftServerConfigKeys (ConfUtils.java:logGet(46)) - raft.server.rpc.sleep.time = 25ms (default)
2023-11-17 09:55:37,889 [fea717c9-b406-422e-8ccb-799e860d7c03-groupManagement] INFO  server.RaftServerConfigKeys (ConfUtils.java:logGet(46)) - raft.server.rpc.slowness.timeout = 300s (custom)
2023-11-17 09:55:37,889 [fea717c9-b406-422e-8ccb-799e860d7c03-groupManagement] INFO  server.RaftServerConfigKeys (ConfUtils.java:logGet(46)) - raft.server.leaderelection.leader.step-down.wait-time = 10s (default)
2023-11-17 09:55:37,889 [fea717c9-b406-422e-8ccb-799e860d7c03-groupManagement] INFO  server.RaftServerConfigKeys (ConfUtils.java:logGet(46)) - raft.server.sleep.deviation.threshold = 300ms (default)
2023-11-17 09:55:37,889 [fea717c9-b406-422e-8ccb-799e860d7c03-groupManagement] INFO  server.RaftServer$Division (ServerState.java:<init>(120)) - fea717c9-b406-422e-8ccb-799e860d7c03@group-5381FD1FF82C: ConfigurationManager, init=-1: peers:[2a883bf7-e5b8-4bdb-a368-a41799101186|rpc:10.1.0.9:15041|admin:10.1.0.9:15040|client:10.1.0.9:15039|dataStream:10.1.0.9:15042|priority:1|startupRole:FOLLOWER, 3172c264-2718-48bc-901b-d06defdb8935|rpc:10.1.0.9:15050|admin:10.1.0.9:15049|client:10.1.0.9:15048|dataStream:10.1.0.9:15051|priority:0|startupRole:FOLLOWER, fea717c9-b406-422e-8ccb-799e860d7c03|rpc:10.1.0.9:15059|admin:10.1.0.9:15058|client:10.1.0.9:15057|dataStream:10.1.0.9:15060|priority:0|startupRole:FOLLOWER]|listeners:[], old=null, confs=<EMPTY_MAP>
2023-11-17 09:55:37,889 [fea717c9-b406-422e-8ccb-799e860d7c03-groupManagement] INFO  server.RaftServerConfigKeys (ConfUtils.java:logGet(46)) - raft.server.storage.dir = [/home/runner/work/ozone/ozone/hadoop-ozone/integration-test/target/test-dir/MiniOzoneClusterImpl-b9d514d0-62e9-44b2-85a5-b07480d3784c/datanode-5/data/ratis] (custom)
2023-11-17 09:55:37,890 [fea717c9-b406-422e-8ccb-799e860d7c03-groupManagement] INFO  server.RaftServerConfigKeys (ConfUtils.java:logGet(46)) - raft.server.log.corruption.policy = EXCEPTION (default)
2023-11-17 09:55:37,890 [fea717c9-b406-422e-8ccb-799e860d7c03-groupManagement] INFO  server.RaftServerConfigKeys (ConfUtils.java:logGet(46)) - raft.server.storage.free-space.min = 0MB (=0) (default)
2023-11-17 09:55:37,890 [fea717c9-b406-422e-8ccb-799e860d7c03-groupManagement] INFO  server.RaftServerConfigKeys (ConfUtils.java:logGet(46)) - raft.server.notification.no-leader.timeout = 300s (custom)
2023-11-17 09:55:37,890 [fea717c9-b406-422e-8ccb-799e860d7c03-groupManagement] INFO  server.RaftServerConfigKeys (ConfUtils.java:logGet(46)) - raft.server.read.timeout = 10s (default)
2023-11-17 09:55:37,890 [fea717c9-b406-422e-8ccb-799e860d7c03-groupManagement] INFO  server.RaftServerConfigKeys (ConfUtils.java:logGet(46)) - raft.server.retrycache.expirytime = 600000ms (custom)
2023-11-17 09:55:37,890 [fea717c9-b406-422e-8ccb-799e860d7c03-groupManagement] INFO  server.RaftServerConfigKeys (ConfUtils.java:logGet(46)) - raft.server.retrycache.statistics.expirytime = 100μs (default)
2023-11-17 09:55:37,890 [fea717c9-b406-422e-8ccb-799e860d7c03-groupManagement] INFO  server.RaftServerConfigKeys (ConfUtils.java:logGet(46)) - raft.server.read.option = DEFAULT (default)
2023-11-17 09:55:37,892 [fea717c9-b406-422e-8ccb-799e860d7c03-groupManagement] INFO  server.RaftServerConfigKeys (ConfUtils.java:logGet(46)) - raft.server.rpc.request.timeout = 60s (custom)
2023-11-17 09:55:37,892 [fea717c9-b406-422e-8ccb-799e860d7c03-groupManagement] INFO  server.RaftServerConfigKeys (ConfUtils.java:logGet(46)) - raft.server.log.appender.install.snapshot.enabled = false (custom)
2023-11-17 09:55:37,892 [fea717c9-b406-422e-8ccb-799e860d7c03-groupManagement] INFO  server.RaftServerConfigKeys (ConfUtils.java:logGet(46)) - raft.server.threadpool.server.cached = true (default)
2023-11-17 09:55:37,892 [fea717c9-b406-422e-8ccb-799e860d7c03-groupManagement] INFO  server.RaftServerConfigKeys (ConfUtils.java:logGet(46)) - raft.server.threadpool.server.size = 0 (default)
2023-11-17 09:55:37,892 [fea717c9-b406-422e-8ccb-799e860d7c03-groupManagement] INFO  server.RaftServerConfigKeys (ConfUtils.java:logGet(46)) - raft.server.threadpool.client.cached = true (default)
2023-11-17 09:55:37,892 [fea717c9-b406-422e-8ccb-799e860d7c03-groupManagement] INFO  server.RaftServerConfigKeys (ConfUtils.java:logGet(46)) - raft.server.threadpool.client.size = 0 (default)
2023-11-17 09:55:37,893 [fea717c9-b406-422e-8ccb-799e860d7c03-groupManagement] INFO  storage.RaftStorageDirectory (RaftStorageDirectoryImpl.java:analyzeStorage(137)) - The storage directory /home/runner/work/ozone/ozone/hadoop-ozone/integration-test/target/test-dir/MiniOzoneClusterImpl-b9d514d0-62e9-44b2-85a5-b07480d3784c/datanode-5/data/ratis/1fd69049-22f1-4226-8fb2-50fdc25891fc does not exist. Creating ...
2023-11-17 09:55:37,894 [fea717c9-b406-422e-8ccb-799e860d7c03-groupManagement] INFO  storage.RaftStorageDirectory (RaftStorageDirectoryImpl.java:tryLock(231)) - Lock on /home/runner/work/ozone/ozone/hadoop-ozone/integration-test/target/test-dir/MiniOzoneClusterImpl-b9d514d0-62e9-44b2-85a5-b07480d3784c/datanode-5/data/ratis/1fd69049-22f1-4226-8fb2-50fdc25891fc/in_use.lock acquired by nodename 28525@fv-az1021-556
2023-11-17 09:55:37,895 [fea717c9-b406-422e-8ccb-799e860d7c03-groupManagement] INFO  storage.RaftStorage (RaftStorageImpl.java:format(96)) - Storage directory /home/runner/work/ozone/ozone/hadoop-ozone/integration-test/target/test-dir/MiniOzoneClusterImpl-b9d514d0-62e9-44b2-85a5-b07480d3784c/datanode-5/data/ratis/1fd69049-22f1-4226-8fb2-50fdc25891fc has been successfully formatted.
2023-11-17 09:55:37,898 [fea717c9-b406-422e-8ccb-799e860d7c03-groupManagement] INFO  ratis.ContainerStateMachine (ContainerStateMachine.java:loadSnapshot(269)) - group-50FDC25891FC: The snapshot info is null. Setting the last applied indexto:(t:0, i:~)
2023-11-17 09:55:37,898 [fea717c9-b406-422e-8ccb-799e860d7c03-groupManagement] INFO  server.RaftServerConfigKeys (ConfUtils.java:logGet(46)) - raft.server.log.use.memory = false (default)
2023-11-17 09:55:37,898 [fea717c9-b406-422e-8ccb-799e860d7c03-groupManagement] INFO  server.RaftServerConfigKeys (ConfUtils.java:logGet(46)) - raft.server.log.purge.gap = 1000000 (custom)
2023-11-17 09:55:37,898 [fea717c9-b406-422e-8ccb-799e860d7c03-groupManagement] INFO  server.RaftServerConfigKeys (ConfUtils.java:logGet(46)) - raft.server.log.appender.buffer.byte-limit = 33554432 (custom)
2023-11-17 09:55:37,899 [3172c264-2718-48bc-901b-d06defdb8935-groupManagement] INFO  server.RaftServer$Division (RaftServerImpl.java:start(342)) - 3172c264-2718-48bc-901b-d06defdb8935@group-5381FD1FF82C: start as a follower, conf=-1: peers:[2a883bf7-e5b8-4bdb-a368-a41799101186|rpc:10.1.0.9:15041|admin:10.1.0.9:15040|client:10.1.0.9:15039|dataStream:10.1.0.9:15042|priority:1|startupRole:FOLLOWER, 3172c264-2718-48bc-901b-d06defdb8935|rpc:10.1.0.9:15050|admin:10.1.0.9:15049|client:10.1.0.9:15048|dataStream:10.1.0.9:15051|priority:0|startupRole:FOLLOWER, fea717c9-b406-422e-8ccb-799e860d7c03|rpc:10.1.0.9:15059|admin:10.1.0.9:15058|client:10.1.0.9:15057|dataStream:10.1.0.9:15060|priority:0|startupRole:FOLLOWER]|listeners:[], old=null
2023-11-17 09:55:37,902 [3172c264-2718-48bc-901b-d06defdb8935-groupManagement] INFO  server.RaftServer$Division (RaftServerImpl.java:setRole(329)) - 3172c264-2718-48bc-901b-d06defdb8935@group-5381FD1FF82C: changes role from      null to FOLLOWER at term 0 for startAsFollower
2023-11-17 09:55:37,902 [EventQueue-PipelineReportForPipelineReportHandler] INFO  pipeline.PipelineReportHandler (PipelineReportHandler.java:processPipelineReport(136)) - Opened pipeline PipelineID=1fd69049-22f1-4226-8fb2-50fdc25891fc
2023-11-17 09:55:37,905 [EventQueue-OpenPipelineForHealthyPipelineSafeModeRule] INFO  safemode.SCMSafeModeManager (HealthyPipelineSafeModeRule.java:process(137)) - SCM in safe mode. Healthy pipelines reported count is 0, required healthy pipeline reported count is 1
2023-11-17 09:55:37,900 [fea717c9-b406-422e-8ccb-799e860d7c03-groupManagement] INFO  server.RaftServerConfigKeys (ConfUtils.java:logGet(46)) - raft.server.log.statemachine.data.read.timeout = 1000ms (default)
2023-11-17 09:55:37,902 [3172c264-2718-48bc-901b-d06defdb8935-groupManagement] INFO  impl.RoleInfo (RoleInfo.java:updateAndGet(139)) - 3172c264-2718-48bc-901b-d06defdb8935: start 3172c264-2718-48bc-901b-d06defdb8935@group-5381FD1FF82C-FollowerState
2023-11-17 09:55:37,905 [fea717c9-b406-422e-8ccb-799e860d7c03-groupManagement] INFO  server.RaftServerConfigKeys (ConfUtils.java:logGet(46)) - raft.server.log.purge.preservation.log.num = 0 (default)
2023-11-17 09:55:37,906 [fea717c9-b406-422e-8ccb-799e860d7c03-groupManagement] INFO  server.RaftServerConfigKeys (ConfUtils.java:logGet(46)) - raft.server.log.segment.size.max = 1048576 (custom)
2023-11-17 09:55:37,906 [3172c264-2718-48bc-901b-d06defdb8935-groupManagement] INFO  util.JmxRegister (JmxRegister.java:tryRegister(44)) - Successfully registered JMX Bean with object name Ratis:service=RaftServer,group=group-5381FD1FF82C,id=3172c264-2718-48bc-901b-d06defdb8935
2023-11-17 09:55:37,906 [3172c264-2718-48bc-901b-d06defdb8935-groupManagement] INFO  server.RaftServerConfigKeys (ConfUtils.java:logGet(46)) - raft.server.snapshot.auto.trigger.enabled = true (custom)
2023-11-17 09:55:37,906 [3172c264-2718-48bc-901b-d06defdb8935-groupManagement] INFO  server.RaftServerConfigKeys (ConfUtils.java:logGet(46)) - raft.server.snapshot.auto.trigger.threshold = 10000 (custom)
2023-11-17 09:55:37,906 [3172c264-2718-48bc-901b-d06defdb8935-groupManagement] INFO  server.RaftServerConfigKeys (ConfUtils.java:logGet(46)) - raft.server.snapshot.retention.file.num = 5 (custom)
2023-11-17 09:55:37,906 [3172c264-2718-48bc-901b-d06defdb8935-groupManagement] INFO  server.RaftServerConfigKeys (ConfUtils.java:logGet(46)) - raft.server.log.purge.upto.snapshot.index = false (default)
2023-11-17 09:55:37,906 [fea717c9-b406-422e-8ccb-799e860d7c03-groupManagement] INFO  server.RaftServerConfigKeys (ConfUtils.java:logGet(46)) - raft.server.log.segment.cache.num.max = 2 (custom)
2023-11-17 09:55:37,906 [fea717c9-b406-422e-8ccb-799e860d7c03-groupManagement] INFO  server.RaftServerConfigKeys (ConfUtils.java:logGet(46)) - raft.server.log.segment.cache.size.max = 200MB (=209715200) (default)
2023-11-17 09:55:37,906 [fea717c9-b406-422e-8ccb-799e860d7c03-groupManagement] INFO  server.RaftServerConfigKeys (ConfUtils.java:logGet(46)) - raft.server.log.appender.buffer.byte-limit = 33554432 (custom)
2023-11-17 09:55:37,906 [fea717c9-b406-422e-8ccb-799e860d7c03-groupManagement] INFO  segmented.SegmentedRaftLogWorker (SegmentedRaftLogWorker.java:<init>(188)) - new fea717c9-b406-422e-8ccb-799e860d7c03@group-50FDC25891FC-SegmentedRaftLogWorker for RaftStorageImpl:Storage Directory /home/runner/work/ozone/ozone/hadoop-ozone/integration-test/target/test-dir/MiniOzoneClusterImpl-b9d514d0-62e9-44b2-85a5-b07480d3784c/datanode-5/data/ratis/1fd69049-22f1-4226-8fb2-50fdc25891fc
2023-11-17 09:55:37,906 [3172c264-2718-48bc-901b-d06defdb8935@group-5381FD1FF82C-FollowerState] INFO  server.RaftServerConfigKeys (ConfUtils.java:logFallback(53)) - raft.server.rpc.first-election.timeout.min = 5s (fallback to raft.server.rpc.timeout.min)
2023-11-17 09:55:37,907 [3172c264-2718-48bc-901b-d06defdb8935-PipelineCommandHandlerThread-0] INFO  ratis.XceiverServerRatis (XceiverServerRatis.java:addGroup(805)) - Created group PipelineID=b7d63c71-7857-4b6e-a0c9-5381fd1ff82c
2023-11-17 09:55:37,909 [3172c264-2718-48bc-901b-d06defdb8935@group-5381FD1FF82C-FollowerState] INFO  server.RaftServerConfigKeys (ConfUtils.java:logFallback(53)) - raft.server.rpc.first-election.timeout.max = 5200ms (fallback to raft.server.rpc.timeout.max)
2023-11-17 09:55:37,917 [fea717c9-b406-422e-8ccb-799e860d7c03-groupManagement] INFO  server.RaftServerConfigKeys (ConfUtils.java:logGet(46)) - raft.server.log.queue.byte-limit = 4294967296 (custom)
2023-11-17 09:55:37,917 [fea717c9-b406-422e-8ccb-799e860d7c03-groupManagement] INFO  server.RaftServerConfigKeys (ConfUtils.java:logGet(46)) - raft.server.log.queue.element-limit = 1024 (custom)
2023-11-17 09:55:37,917 [fea717c9-b406-422e-8ccb-799e860d7c03-groupManagement] INFO  server.RaftServerConfigKeys (ConfUtils.java:logGet(46)) - raft.server.log.segment.size.max = 1048576 (custom)
2023-11-17 09:55:37,917 [fea717c9-b406-422e-8ccb-799e860d7c03-groupManagement] INFO  server.RaftServerConfigKeys (ConfUtils.java:logGet(46)) - raft.server.log.preallocated.size = 16384 (custom)
2023-11-17 09:55:37,917 [fea717c9-b406-422e-8ccb-799e860d7c03-groupManagement] INFO  server.RaftServerConfigKeys (ConfUtils.java:logGet(46)) - raft.server.log.force.sync.num = 128 (default)
2023-11-17 09:55:37,917 [fea717c9-b406-422e-8ccb-799e860d7c03-groupManagement] INFO  server.RaftServerConfigKeys (ConfUtils.java:logGet(46)) - raft.server.log.statemachine.data.sync = true (default)
2023-11-17 09:55:37,917 [fea717c9-b406-422e-8ccb-799e860d7c03-groupManagement] INFO  server.RaftServerConfigKeys (ConfUtils.java:logGet(46)) - raft.server.log.statemachine.data.sync.timeout = 10s (default)
2023-11-17 09:55:37,917 [fea717c9-b406-422e-8ccb-799e860d7c03-groupManagement] INFO  server.RaftServerConfigKeys (ConfUtils.java:logGet(46)) - raft.server.log.statemachine.data.sync.timeout.retry = -1 (default)
2023-11-17 09:55:37,920 [fea717c9-b406-422e-8ccb-799e860d7c03-groupManagement] INFO  server.RaftServerConfigKeys (ConfUtils.java:logGet(46)) - raft.server.log.write.buffer.size = 1048576 (custom)
2023-11-17 09:55:37,921 [fea717c9-b406-422e-8ccb-799e860d7c03-groupManagement] INFO  server.RaftServerConfigKeys (ConfUtils.java:logGet(46)) - raft.server.log.appender.buffer.byte-limit = 33554432 (custom)
2023-11-17 09:55:37,923 [fea717c9-b406-422e-8ccb-799e860d7c03-groupManagement] INFO  server.RaftServerConfigKeys (ConfUtils.java:logGet(46)) - raft.server.log.unsafe-flush.enabled = false (default)
2023-11-17 09:55:37,923 [fea717c9-b406-422e-8ccb-799e860d7c03-groupManagement] INFO  server.RaftServerConfigKeys (ConfUtils.java:logGet(46)) - raft.server.log.async-flush.enabled = false (default)
2023-11-17 09:55:37,923 [fea717c9-b406-422e-8ccb-799e860d7c03-groupManagement] INFO  server.RaftServerConfigKeys (ConfUtils.java:logGet(46)) - raft.server.log.statemachine.data.caching.enabled = true (custom)
2023-11-17 09:55:37,924 [fea717c9-b406-422e-8ccb-799e860d7c03-groupManagement] INFO  segmented.SegmentedRaftLogWorker (SegmentedRaftLogWorker.java:lambda$new$0(135)) - fea717c9-b406-422e-8ccb-799e860d7c03@group-50FDC25891FC-SegmentedRaftLogWorker: flushIndex: setUnconditionally 0 -> -1
2023-11-17 09:55:37,924 [fea717c9-b406-422e-8ccb-799e860d7c03-groupManagement] INFO  segmented.SegmentedRaftLogWorker (SegmentedRaftLogWorker.java:lambda$new$0(135)) - fea717c9-b406-422e-8ccb-799e860d7c03@group-50FDC25891FC-SegmentedRaftLogWorker: safeCacheEvictIndex: setUnconditionally 0 -> -1
2023-11-17 09:55:37,924 [fea717c9-b406-422e-8ccb-799e860d7c03-groupManagement] INFO  server.RaftServer$Division (RaftServerImpl.java:start(342)) - fea717c9-b406-422e-8ccb-799e860d7c03@group-50FDC25891FC: start as a follower, conf=-1: peers:[fea717c9-b406-422e-8ccb-799e860d7c03|rpc:10.1.0.9:15059|admin:10.1.0.9:15058|client:10.1.0.9:15057|dataStream:10.1.0.9:15060|priority:1|startupRole:FOLLOWER]|listeners:[], old=null
2023-11-17 09:55:37,924 [fea717c9-b406-422e-8ccb-799e860d7c03-groupManagement] INFO  server.RaftServer$Division (RaftServerImpl.java:setRole(329)) - fea717c9-b406-422e-8ccb-799e860d7c03@group-50FDC25891FC: changes role from      null to FOLLOWER at term 0 for startAsFollower
2023-11-17 09:55:37,924 [fea717c9-b406-422e-8ccb-799e860d7c03-groupManagement] INFO  impl.RoleInfo (RoleInfo.java:updateAndGet(139)) - fea717c9-b406-422e-8ccb-799e860d7c03: start fea717c9-b406-422e-8ccb-799e860d7c03@group-50FDC25891FC-FollowerState
2023-11-17 09:55:37,924 [fea717c9-b406-422e-8ccb-799e860d7c03-groupManagement] INFO  util.JmxRegister (JmxRegister.java:tryRegister(44)) - Successfully registered JMX Bean with object name Ratis:service=RaftServer,group=group-50FDC25891FC,id=fea717c9-b406-422e-8ccb-799e860d7c03
2023-11-17 09:55:37,925 [fea717c9-b406-422e-8ccb-799e860d7c03-groupManagement] INFO  server.RaftServerConfigKeys (ConfUtils.java:logGet(46)) - raft.server.snapshot.auto.trigger.enabled = true (custom)
2023-11-17 09:55:37,925 [fea717c9-b406-422e-8ccb-799e860d7c03-groupManagement] INFO  server.RaftServerConfigKeys (ConfUtils.java:logGet(46)) - raft.server.snapshot.auto.trigger.threshold = 10000 (custom)
2023-11-17 09:55:37,925 [fea717c9-b406-422e-8ccb-799e860d7c03-groupManagement] INFO  server.RaftServerConfigKeys (ConfUtils.java:logGet(46)) - raft.server.snapshot.retention.file.num = 5 (custom)
2023-11-17 09:55:37,925 [fea717c9-b406-422e-8ccb-799e860d7c03-groupManagement] INFO  server.RaftServerConfigKeys (ConfUtils.java:logGet(46)) - raft.server.log.purge.upto.snapshot.index = false (default)
2023-11-17 09:55:37,925 [54bd6e84-2e53-4956-b446-cc6ac26bbc90-PipelineCommandHandlerThread-0] INFO  commandhandler.CreatePipelineCommandHandler (CreatePipelineCommandHandler.java:lambda$handle$2(124)) - Created Pipeline RATIS THREE PipelineID=e595b643-de06-4363-82b2-196f7c4343a2.
2023-11-17 09:55:37,925 [54bd6e84-2e53-4956-b446-cc6ac26bbc90-PipelineCommandHandlerThread-0] INFO  server.RaftServer (RaftServerProxy.java:addNew(98)) - 54bd6e84-2e53-4956-b446-cc6ac26bbc90: addNew group-32A51C59FD22:[652b82d9-1846-44d1-8352-7bf3439ad078|rpc:10.1.0.9:15032|admin:10.1.0.9:15031|client:10.1.0.9:15030|dataStream:10.1.0.9:15033|priority:0|startupRole:FOLLOWER, 3f7ce36a-008a-4440-b2ee-16e9e4e5a9e8|rpc:10.1.0.9:15014|admin:10.1.0.9:15013|client:10.1.0.9:15012|dataStream:10.1.0.9:15015|priority:1|startupRole:FOLLOWER, 54bd6e84-2e53-4956-b446-cc6ac26bbc90|rpc:10.1.0.9:15023|admin:10.1.0.9:15022|client:10.1.0.9:15021|dataStream:10.1.0.9:15024|priority:0|startupRole:FOLLOWER] returns group-32A51C59FD22:java.util.concurrent.CompletableFuture@773be5fb[Not completed]
2023-11-17 09:55:37,925 [fea717c9-b406-422e-8ccb-799e860d7c03@group-50FDC25891FC-FollowerState] INFO  server.RaftServerConfigKeys (ConfUtils.java:logFallback(53)) - raft.server.rpc.first-election.timeout.min = 5s (fallback to raft.server.rpc.timeout.min)
2023-11-17 09:55:37,925 [fea717c9-b406-422e-8ccb-799e860d7c03@group-50FDC25891FC-FollowerState] INFO  server.RaftServerConfigKeys (ConfUtils.java:logFallback(53)) - raft.server.rpc.first-election.timeout.max = 5200ms (fallback to raft.server.rpc.timeout.max)
2023-11-17 09:55:37,926 [fea717c9-b406-422e-8ccb-799e860d7c03-groupManagement] INFO  storage.RaftStorageDirectory (RaftStorageDirectoryImpl.java:analyzeStorage(137)) - The storage directory /home/runner/work/ozone/ozone/hadoop-ozone/integration-test/target/test-dir/MiniOzoneClusterImpl-b9d514d0-62e9-44b2-85a5-b07480d3784c/datanode-5/data/ratis/b7d63c71-7857-4b6e-a0c9-5381fd1ff82c does not exist. Creating ...
2023-11-17 09:55:37,926 [54bd6e84-2e53-4956-b446-cc6ac26bbc90-groupManagement] INFO  server.RaftServer$Division (RaftServerImpl.java:<init>(198)) - 54bd6e84-2e53-4956-b446-cc6ac26bbc90: new RaftServerImpl for group-32A51C59FD22:[652b82d9-1846-44d1-8352-7bf3439ad078|rpc:10.1.0.9:15032|admin:10.1.0.9:15031|client:10.1.0.9:15030|dataStream:10.1.0.9:15033|priority:0|startupRole:FOLLOWER, 3f7ce36a-008a-4440-b2ee-16e9e4e5a9e8|rpc:10.1.0.9:15014|admin:10.1.0.9:15013|client:10.1.0.9:15012|dataStream:10.1.0.9:15015|priority:1|startupRole:FOLLOWER, 54bd6e84-2e53-4956-b446-cc6ac26bbc90|rpc:10.1.0.9:15023|admin:10.1.0.9:15022|client:10.1.0.9:15021|dataStream:10.1.0.9:15024|priority:0|startupRole:FOLLOWER] with ContainerStateMachine:uninitialized
2023-11-17 09:55:37,930 [54bd6e84-2e53-4956-b446-cc6ac26bbc90-groupManagement] INFO  server.RaftServerConfigKeys (ConfUtils.java:logGet(46)) - raft.server.rpc.timeout.min = 5s (custom)
2023-11-17 09:55:37,930 [54bd6e84-2e53-4956-b446-cc6ac26bbc90-groupManagement] INFO  server.RaftServerConfigKeys (ConfUtils.java:logGet(46)) - raft.server.rpc.timeout.max = 5200ms (custom)
2023-11-17 09:55:37,930 [54bd6e84-2e53-4956-b446-cc6ac26bbc90-groupManagement] INFO  server.RaftServerConfigKeys (ConfUtils.java:logGet(46)) - raft.server.rpc.sleep.time = 25ms (default)
2023-11-17 09:55:37,930 [54bd6e84-2e53-4956-b446-cc6ac26bbc90-groupManagement] INFO  server.RaftServerConfigKeys (ConfUtils.java:logGet(46)) - raft.server.rpc.slowness.timeout = 300s (custom)
2023-11-17 09:55:37,930 [54bd6e84-2e53-4956-b446-cc6ac26bbc90-groupManagement] INFO  server.RaftServerConfigKeys (ConfUtils.java:logGet(46)) - raft.server.leaderelection.leader.step-down.wait-time = 10s (default)
2023-11-17 09:55:37,930 [54bd6e84-2e53-4956-b446-cc6ac26bbc90-groupManagement] INFO  server.RaftServerConfigKeys (ConfUtils.java:logGet(46)) - raft.server.sleep.deviation.threshold = 300ms (default)
2023-11-17 09:55:37,930 [54bd6e84-2e53-4956-b446-cc6ac26bbc90-groupManagement] INFO  server.RaftServer$Division (ServerState.java:<init>(120)) - 54bd6e84-2e53-4956-b446-cc6ac26bbc90@group-32A51C59FD22: ConfigurationManager, init=-1: peers:[652b82d9-1846-44d1-8352-7bf3439ad078|rpc:10.1.0.9:15032|admin:10.1.0.9:15031|client:10.1.0.9:15030|dataStream:10.1.0.9:15033|priority:0|startupRole:FOLLOWER, 3f7ce36a-008a-4440-b2ee-16e9e4e5a9e8|rpc:10.1.0.9:15014|admin:10.1.0.9:15013|client:10.1.0.9:15012|dataStream:10.1.0.9:15015|priority:1|startupRole:FOLLOWER, 54bd6e84-2e53-4956-b446-cc6ac26bbc90|rpc:10.1.0.9:15023|admin:10.1.0.9:15022|client:10.1.0.9:15021|dataStream:10.1.0.9:15024|priority:0|startupRole:FOLLOWER]|listeners:[], old=null, confs=<EMPTY_MAP>
2023-11-17 09:55:37,930 [54bd6e84-2e53-4956-b446-cc6ac26bbc90-groupManagement] INFO  server.RaftServerConfigKeys (ConfUtils.java:logGet(46)) - raft.server.storage.dir = [/home/runner/work/ozone/ozone/hadoop-ozone/integration-test/target/test-dir/MiniOzoneClusterImpl-b9d514d0-62e9-44b2-85a5-b07480d3784c/datanode-1/data/ratis] (custom)
2023-11-17 09:55:37,931 [54bd6e84-2e53-4956-b446-cc6ac26bbc90-groupManagement] INFO  server.RaftServerConfigKeys (ConfUtils.java:logGet(46)) - raft.server.log.corruption.policy = EXCEPTION (default)
2023-11-17 09:55:37,931 [54bd6e84-2e53-4956-b446-cc6ac26bbc90-groupManagement] INFO  server.RaftServerConfigKeys (ConfUtils.java:logGet(46)) - raft.server.storage.free-space.min = 0MB (=0) (default)
2023-11-17 09:55:37,926 [fea717c9-b406-422e-8ccb-799e860d7c03-PipelineCommandHandlerThread-0] INFO  ratis.XceiverServerRatis (XceiverServerRatis.java:addGroup(805)) - Created group PipelineID=1fd69049-22f1-4226-8fb2-50fdc25891fc
2023-11-17 09:55:37,938 [fea717c9-b406-422e-8ccb-799e860d7c03-PipelineCommandHandlerThread-0] INFO  commandhandler.CreatePipelineCommandHandler (CreatePipelineCommandHandler.java:lambda$handle$2(124)) - Created Pipeline RATIS ONE PipelineID=1fd69049-22f1-4226-8fb2-50fdc25891fc.
2023-11-17 09:55:37,939 [fea717c9-b406-422e-8ccb-799e860d7c03-PipelineCommandHandlerThread-0] INFO  server.RaftServer (RaftServerProxy.java:addNew(98)) - fea717c9-b406-422e-8ccb-799e860d7c03: addNew group-921E636CB4D7:[2a883bf7-e5b8-4bdb-a368-a41799101186|rpc:10.1.0.9:15041|admin:10.1.0.9:15040|client:10.1.0.9:15039|dataStream:10.1.0.9:15042|priority:0|startupRole:FOLLOWER, 3172c264-2718-48bc-901b-d06defdb8935|rpc:10.1.0.9:15050|admin:10.1.0.9:15049|client:10.1.0.9:15048|dataStream:10.1.0.9:15051|priority:1|startupRole:FOLLOWER, fea717c9-b406-422e-8ccb-799e860d7c03|rpc:10.1.0.9:15059|admin:10.1.0.9:15058|client:10.1.0.9:15057|dataStream:10.1.0.9:15060|priority:0|startupRole:FOLLOWER] returns group-921E636CB4D7:java.util.concurrent.CompletableFuture@52a14130[Not completed]
2023-11-17 09:55:37,931 [fea717c9-b406-422e-8ccb-799e860d7c03-groupManagement] INFO  storage.RaftStorageDirectory (RaftStorageDirectoryImpl.java:tryLock(231)) - Lock on /home/runner/work/ozone/ozone/hadoop-ozone/integration-test/target/test-dir/MiniOzoneClusterImpl-b9d514d0-62e9-44b2-85a5-b07480d3784c/datanode-5/data/ratis/b7d63c71-7857-4b6e-a0c9-5381fd1ff82c/in_use.lock acquired by nodename 28525@fv-az1021-556
2023-11-17 09:55:37,931 [54bd6e84-2e53-4956-b446-cc6ac26bbc90-groupManagement] INFO  server.RaftServerConfigKeys (ConfUtils.java:logGet(46)) - raft.server.notification.no-leader.timeout = 300s (custom)
2023-11-17 09:55:37,942 [54bd6e84-2e53-4956-b446-cc6ac26bbc90-groupManagement] INFO  server.RaftServerConfigKeys (ConfUtils.java:logGet(46)) - raft.server.read.timeout = 10s (default)
2023-11-17 09:55:37,942 [54bd6e84-2e53-4956-b446-cc6ac26bbc90-groupManagement] INFO  server.RaftServerConfigKeys (ConfUtils.java:logGet(46)) - raft.server.retrycache.expirytime = 600000ms (custom)
2023-11-17 09:55:37,942 [54bd6e84-2e53-4956-b446-cc6ac26bbc90-groupManagement] INFO  server.RaftServerConfigKeys (ConfUtils.java:logGet(46)) - raft.server.retrycache.statistics.expirytime = 100μs (default)
2023-11-17 09:55:37,942 [54bd6e84-2e53-4956-b446-cc6ac26bbc90-groupManagement] INFO  server.RaftServerConfigKeys (ConfUtils.java:logGet(46)) - raft.server.read.option = DEFAULT (default)
2023-11-17 09:55:37,943 [54bd6e84-2e53-4956-b446-cc6ac26bbc90-groupManagement] INFO  server.RaftServerConfigKeys (ConfUtils.java:logGet(46)) - raft.server.rpc.request.timeout = 60s (custom)
2023-11-17 09:55:37,944 [54bd6e84-2e53-4956-b446-cc6ac26bbc90-groupManagement] INFO  server.RaftServerConfigKeys (ConfUtils.java:logGet(46)) - raft.server.log.appender.install.snapshot.enabled = false (custom)
2023-11-17 09:55:37,944 [54bd6e84-2e53-4956-b446-cc6ac26bbc90-groupManagement] INFO  server.RaftServerConfigKeys (ConfUtils.java:logGet(46)) - raft.server.threadpool.server.cached = true (default)
2023-11-17 09:55:37,944 [54bd6e84-2e53-4956-b446-cc6ac26bbc90-groupManagement] INFO  server.RaftServerConfigKeys (ConfUtils.java:logGet(46)) - raft.server.threadpool.server.size = 0 (default)
2023-11-17 09:55:37,944 [54bd6e84-2e53-4956-b446-cc6ac26bbc90-groupManagement] INFO  server.RaftServerConfigKeys (ConfUtils.java:logGet(46)) - raft.server.threadpool.client.cached = true (default)
2023-11-17 09:55:37,944 [54bd6e84-2e53-4956-b446-cc6ac26bbc90-groupManagement] INFO  server.RaftServerConfigKeys (ConfUtils.java:logGet(46)) - raft.server.threadpool.client.size = 0 (default)
2023-11-17 09:55:37,944 [54bd6e84-2e53-4956-b446-cc6ac26bbc90-groupManagement] INFO  storage.RaftStorageDirectory (RaftStorageDirectoryImpl.java:analyzeStorage(137)) - The storage directory /home/runner/work/ozone/ozone/hadoop-ozone/integration-test/target/test-dir/MiniOzoneClusterImpl-b9d514d0-62e9-44b2-85a5-b07480d3784c/datanode-1/data/ratis/dde66346-54bf-4c28-8855-32a51c59fd22 does not exist. Creating ...
2023-11-17 09:55:37,940 [fea717c9-b406-422e-8ccb-799e860d7c03-groupManagement] INFO  storage.RaftStorage (RaftStorageImpl.java:format(96)) - Storage directory /home/runner/work/ozone/ozone/hadoop-ozone/integration-test/target/test-dir/MiniOzoneClusterImpl-b9d514d0-62e9-44b2-85a5-b07480d3784c/datanode-5/data/ratis/b7d63c71-7857-4b6e-a0c9-5381fd1ff82c has been successfully formatted.
2023-11-17 09:55:37,940 [652b82d9-1846-44d1-8352-7bf3439ad078-PipelineCommandHandlerThread-0] INFO  commandhandler.CreatePipelineCommandHandler (CreatePipelineCommandHandler.java:lambda$handle$2(124)) - Created Pipeline RATIS THREE PipelineID=e595b643-de06-4363-82b2-196f7c4343a2.
2023-11-17 09:55:37,945 [652b82d9-1846-44d1-8352-7bf3439ad078-PipelineCommandHandlerThread-0] INFO  server.RaftServer (RaftServerProxy.java:addNew(98)) - 652b82d9-1846-44d1-8352-7bf3439ad078: addNew group-32A51C59FD22:[652b82d9-1846-44d1-8352-7bf3439ad078|rpc:10.1.0.9:15032|admin:10.1.0.9:15031|client:10.1.0.9:15030|dataStream:10.1.0.9:15033|priority:0|startupRole:FOLLOWER, 3f7ce36a-008a-4440-b2ee-16e9e4e5a9e8|rpc:10.1.0.9:15014|admin:10.1.0.9:15013|client:10.1.0.9:15012|dataStream:10.1.0.9:15015|priority:1|startupRole:FOLLOWER, 54bd6e84-2e53-4956-b446-cc6ac26bbc90|rpc:10.1.0.9:15023|admin:10.1.0.9:15022|client:10.1.0.9:15021|dataStream:10.1.0.9:15024|priority:0|startupRole:FOLLOWER] returns group-32A51C59FD22:java.util.concurrent.CompletableFuture@31a9ade7[Not completed]
2023-11-17 09:55:37,946 [fea717c9-b406-422e-8ccb-799e860d7c03-groupManagement] INFO  ratis.ContainerStateMachine (ContainerStateMachine.java:loadSnapshot(269)) - group-5381FD1FF82C: The snapshot info is null. Setting the last applied indexto:(t:0, i:~)
2023-11-17 09:55:37,946 [fea717c9-b406-422e-8ccb-799e860d7c03-groupManagement] INFO  server.RaftServerConfigKeys (ConfUtils.java:logGet(46)) - raft.server.log.use.memory = false (default)
2023-11-17 09:55:37,946 [fea717c9-b406-422e-8ccb-799e860d7c03-groupManagement] INFO  server.RaftServerConfigKeys (ConfUtils.java:logGet(46)) - raft.server.log.purge.gap = 1000000 (custom)
2023-11-17 09:55:37,946 [fea717c9-b406-422e-8ccb-799e860d7c03-groupManagement] INFO  server.RaftServerConfigKeys (ConfUtils.java:logGet(46)) - raft.server.log.appender.buffer.byte-limit = 33554432 (custom)
2023-11-17 09:55:37,946 [fea717c9-b406-422e-8ccb-799e860d7c03-groupManagement] INFO  server.RaftServerConfigKeys (ConfUtils.java:logGet(46)) - raft.server.log.statemachine.data.read.timeout = 1000ms (default)
2023-11-17 09:55:37,946 [fea717c9-b406-422e-8ccb-799e860d7c03-groupManagement] INFO  server.RaftServerConfigKeys (ConfUtils.java:logGet(46)) - raft.server.log.purge.preservation.log.num = 0 (default)
2023-11-17 09:55:37,947 [fea717c9-b406-422e-8ccb-799e860d7c03-groupManagement] INFO  server.RaftServerConfigKeys (ConfUtils.java:logGet(46)) - raft.server.log.segment.size.max = 1048576 (custom)
2023-11-17 09:55:37,947 [54bd6e84-2e53-4956-b446-cc6ac26bbc90-groupManagement] INFO  storage.RaftStorageDirectory (RaftStorageDirectoryImpl.java:tryLock(231)) - Lock on /home/runner/work/ozone/ozone/hadoop-ozone/integration-test/target/test-dir/MiniOzoneClusterImpl-b9d514d0-62e9-44b2-85a5-b07480d3784c/datanode-1/data/ratis/dde66346-54bf-4c28-8855-32a51c59fd22/in_use.lock acquired by nodename 28525@fv-az1021-556
2023-11-17 09:55:37,950 [EventQueue-OpenPipelineForHealthyPipelineSafeModeRule] INFO  safemode.SCMSafeModeManager (HealthyPipelineSafeModeRule.java:process(137)) - SCM in safe mode. Healthy pipelines reported count is 0, required healthy pipeline reported count is 1
2023-11-17 09:55:37,948 [fea717c9-b406-422e-8ccb-799e860d7c03-groupManagement] INFO  server.RaftServerConfigKeys (ConfUtils.java:logGet(46)) - raft.server.log.segment.cache.num.max = 2 (custom)
2023-11-17 09:55:37,952 [fea717c9-b406-422e-8ccb-799e860d7c03-groupManagement] INFO  server.RaftServerConfigKeys (ConfUtils.java:logGet(46)) - raft.server.log.segment.cache.size.max = 200MB (=209715200) (default)
2023-11-17 09:55:37,952 [fea717c9-b406-422e-8ccb-799e860d7c03-groupManagement] INFO  server.RaftServerConfigKeys (ConfUtils.java:logGet(46)) - raft.server.log.appender.buffer.byte-limit = 33554432 (custom)
2023-11-17 09:55:37,952 [fea717c9-b406-422e-8ccb-799e860d7c03-groupManagement] INFO  segmented.SegmentedRaftLogWorker (SegmentedRaftLogWorker.java:<init>(188)) - new fea717c9-b406-422e-8ccb-799e860d7c03@group-5381FD1FF82C-SegmentedRaftLogWorker for RaftStorageImpl:Storage Directory /home/runner/work/ozone/ozone/hadoop-ozone/integration-test/target/test-dir/MiniOzoneClusterImpl-b9d514d0-62e9-44b2-85a5-b07480d3784c/datanode-5/data/ratis/b7d63c71-7857-4b6e-a0c9-5381fd1ff82c
2023-11-17 09:55:37,952 [fea717c9-b406-422e-8ccb-799e860d7c03-groupManagement] INFO  server.RaftServerConfigKeys (ConfUtils.java:logGet(46)) - raft.server.log.queue.byte-limit = 4294967296 (custom)
2023-11-17 09:55:37,952 [fea717c9-b406-422e-8ccb-799e860d7c03-groupManagement] INFO  server.RaftServerConfigKeys (ConfUtils.java:logGet(46)) - raft.server.log.queue.element-limit = 1024 (custom)
2023-11-17 09:55:37,952 [fea717c9-b406-422e-8ccb-799e860d7c03-groupManagement] INFO  server.RaftServerConfigKeys (ConfUtils.java:logGet(46)) - raft.server.log.segment.size.max = 1048576 (custom)
2023-11-17 09:55:37,952 [fea717c9-b406-422e-8ccb-799e860d7c03-groupManagement] INFO  server.RaftServerConfigKeys (ConfUtils.java:logGet(46)) - raft.server.log.preallocated.size = 16384 (custom)
2023-11-17 09:55:37,952 [fea717c9-b406-422e-8ccb-799e860d7c03-groupManagement] INFO  server.RaftServerConfigKeys (ConfUtils.java:logGet(46)) - raft.server.log.force.sync.num = 128 (default)
2023-11-17 09:55:37,952 [fea717c9-b406-422e-8ccb-799e860d7c03-groupManagement] INFO  server.RaftServerConfigKeys (ConfUtils.java:logGet(46)) - raft.server.log.statemachine.data.sync = true (default)
2023-11-17 09:55:37,952 [fea717c9-b406-422e-8ccb-799e860d7c03-groupManagement] INFO  server.RaftServerConfigKeys (ConfUtils.java:logGet(46)) - raft.server.log.statemachine.data.sync.timeout = 10s (default)
2023-11-17 09:55:37,952 [fea717c9-b406-422e-8ccb-799e860d7c03-groupManagement] INFO  server.RaftServerConfigKeys (ConfUtils.java:logGet(46)) - raft.server.log.statemachine.data.sync.timeout.retry = -1 (default)
2023-11-17 09:55:37,953 [fea717c9-b406-422e-8ccb-799e860d7c03-groupManagement] INFO  server.RaftServerConfigKeys (ConfUtils.java:logGet(46)) - raft.server.log.write.buffer.size = 1048576 (custom)
2023-11-17 09:55:37,954 [fea717c9-b406-422e-8ccb-799e860d7c03-groupManagement] INFO  server.RaftServerConfigKeys (ConfUtils.java:logGet(46)) - raft.server.log.appender.buffer.byte-limit = 33554432 (custom)
2023-11-17 09:55:37,955 [fea717c9-b406-422e-8ccb-799e860d7c03-groupManagement] INFO  server.RaftServerConfigKeys (ConfUtils.java:logGet(46)) - raft.server.log.unsafe-flush.enabled = false (default)
2023-11-17 09:55:37,955 [fea717c9-b406-422e-8ccb-799e860d7c03-groupManagement] INFO  server.RaftServerConfigKeys (ConfUtils.java:logGet(46)) - raft.server.log.async-flush.enabled = false (default)
2023-11-17 09:55:37,955 [fea717c9-b406-422e-8ccb-799e860d7c03-groupManagement] INFO  server.RaftServerConfigKeys (ConfUtils.java:logGet(46)) - raft.server.log.statemachine.data.caching.enabled = true (custom)
2023-11-17 09:55:37,956 [fea717c9-b406-422e-8ccb-799e860d7c03-groupManagement] INFO  segmented.SegmentedRaftLogWorker (SegmentedRaftLogWorker.java:lambda$new$0(135)) - fea717c9-b406-422e-8ccb-799e860d7c03@group-5381FD1FF82C-SegmentedRaftLogWorker: flushIndex: setUnconditionally 0 -> -1
2023-11-17 09:55:37,956 [fea717c9-b406-422e-8ccb-799e860d7c03-groupManagement] INFO  segmented.SegmentedRaftLogWorker (SegmentedRaftLogWorker.java:lambda$new$0(135)) - fea717c9-b406-422e-8ccb-799e860d7c03@group-5381FD1FF82C-SegmentedRaftLogWorker: safeCacheEvictIndex: setUnconditionally 0 -> -1
2023-11-17 09:55:37,948 [652b82d9-1846-44d1-8352-7bf3439ad078-groupManagement] INFO  server.RaftServer$Division (RaftServerImpl.java:<init>(198)) - 652b82d9-1846-44d1-8352-7bf3439ad078: new RaftServerImpl for group-32A51C59FD22:[652b82d9-1846-44d1-8352-7bf3439ad078|rpc:10.1.0.9:15032|admin:10.1.0.9:15031|client:10.1.0.9:15030|dataStream:10.1.0.9:15033|priority:0|startupRole:FOLLOWER, 3f7ce36a-008a-4440-b2ee-16e9e4e5a9e8|rpc:10.1.0.9:15014|admin:10.1.0.9:15013|client:10.1.0.9:15012|dataStream:10.1.0.9:15015|priority:1|startupRole:FOLLOWER, 54bd6e84-2e53-4956-b446-cc6ac26bbc90|rpc:10.1.0.9:15023|admin:10.1.0.9:15022|client:10.1.0.9:15021|dataStream:10.1.0.9:15024|priority:0|startupRole:FOLLOWER] with ContainerStateMachine:uninitialized
2023-11-17 09:55:37,956 [fea717c9-b406-422e-8ccb-799e860d7c03-groupManagement] INFO  server.RaftServer$Division (RaftServerImpl.java:start(342)) - fea717c9-b406-422e-8ccb-799e860d7c03@group-5381FD1FF82C: start as a follower, conf=-1: peers:[2a883bf7-e5b8-4bdb-a368-a41799101186|rpc:10.1.0.9:15041|admin:10.1.0.9:15040|client:10.1.0.9:15039|dataStream:10.1.0.9:15042|priority:1|startupRole:FOLLOWER, 3172c264-2718-48bc-901b-d06defdb8935|rpc:10.1.0.9:15050|admin:10.1.0.9:15049|client:10.1.0.9:15048|dataStream:10.1.0.9:15051|priority:0|startupRole:FOLLOWER, fea717c9-b406-422e-8ccb-799e860d7c03|rpc:10.1.0.9:15059|admin:10.1.0.9:15058|client:10.1.0.9:15057|dataStream:10.1.0.9:15060|priority:0|startupRole:FOLLOWER]|listeners:[], old=null
2023-11-17 09:55:37,958 [bfb594ff-14fd-40d9-830b-cf7a3dd84176-PipelineCommandHandlerThread-0] INFO  server.RaftServer (RaftServerProxy.java:addNew(98)) - bfb594ff-14fd-40d9-830b-cf7a3dd84176: addNew group-76FA6C5FEABD:[bfb594ff-14fd-40d9-830b-cf7a3dd84176|rpc:10.1.0.9:15068|admin:10.1.0.9:15067|client:10.1.0.9:15066|dataStream:10.1.0.9:15069|priority:1|startupRole:FOLLOWER] returns group-76FA6C5FEABD:java.util.concurrent.CompletableFuture@478ae498[Not completed]
2023-11-17 09:55:37,958 [54bd6e84-2e53-4956-b446-cc6ac26bbc90-groupManagement] INFO  storage.RaftStorage (RaftStorageImpl.java:format(96)) - Storage directory /home/runner/work/ozone/ozone/hadoop-ozone/integration-test/target/test-dir/MiniOzoneClusterImpl-b9d514d0-62e9-44b2-85a5-b07480d3784c/datanode-1/data/ratis/dde66346-54bf-4c28-8855-32a51c59fd22 has been successfully formatted.
2023-11-17 09:55:37,965 [fea717c9-b406-422e-8ccb-799e860d7c03-groupManagement] INFO  server.RaftServer$Division (RaftServerImpl.java:setRole(329)) - fea717c9-b406-422e-8ccb-799e860d7c03@group-5381FD1FF82C: changes role from      null to FOLLOWER at term 0 for startAsFollower
2023-11-17 09:55:37,965 [fea717c9-b406-422e-8ccb-799e860d7c03-groupManagement] INFO  impl.RoleInfo (RoleInfo.java:updateAndGet(139)) - fea717c9-b406-422e-8ccb-799e860d7c03: start fea717c9-b406-422e-8ccb-799e860d7c03@group-5381FD1FF82C-FollowerState
2023-11-17 09:55:37,966 [3f7ce36a-008a-4440-b2ee-16e9e4e5a9e8-PipelineCommandHandlerThread-0] INFO  commandhandler.CreatePipelineCommandHandler (CreatePipelineCommandHandler.java:lambda$handle$2(124)) - Created Pipeline RATIS THREE PipelineID=e595b643-de06-4363-82b2-196f7c4343a2.
2023-11-17 09:55:37,956 [652b82d9-1846-44d1-8352-7bf3439ad078-groupManagement] INFO  server.RaftServerConfigKeys (ConfUtils.java:logGet(46)) - raft.server.rpc.timeout.min = 5s (custom)
2023-11-17 09:55:37,966 [652b82d9-1846-44d1-8352-7bf3439ad078-groupManagement] INFO  server.RaftServerConfigKeys (ConfUtils.java:logGet(46)) - raft.server.rpc.timeout.max = 5200ms (custom)
2023-11-17 09:55:37,966 [652b82d9-1846-44d1-8352-7bf3439ad078-groupManagement] INFO  server.RaftServerConfigKeys (ConfUtils.java:logGet(46)) - raft.server.rpc.sleep.time = 25ms (default)
2023-11-17 09:55:37,966 [3f7ce36a-008a-4440-b2ee-16e9e4e5a9e8-PipelineCommandHandlerThread-0] INFO  server.RaftServer (RaftServerProxy.java:addNew(98)) - 3f7ce36a-008a-4440-b2ee-16e9e4e5a9e8: addNew group-32A51C59FD22:[652b82d9-1846-44d1-8352-7bf3439ad078|rpc:10.1.0.9:15032|admin:10.1.0.9:15031|client:10.1.0.9:15030|dataStream:10.1.0.9:15033|priority:0|startupRole:FOLLOWER, 3f7ce36a-008a-4440-b2ee-16e9e4e5a9e8|rpc:10.1.0.9:15014|admin:10.1.0.9:15013|client:10.1.0.9:15012|dataStream:10.1.0.9:15015|priority:1|startupRole:FOLLOWER, 54bd6e84-2e53-4956-b446-cc6ac26bbc90|rpc:10.1.0.9:15023|admin:10.1.0.9:15022|client:10.1.0.9:15021|dataStream:10.1.0.9:15024|priority:0|startupRole:FOLLOWER] returns group-32A51C59FD22:java.util.concurrent.CompletableFuture@45a8108b[Not completed]
2023-11-17 09:55:37,966 [652b82d9-1846-44d1-8352-7bf3439ad078-groupManagement] INFO  server.RaftServerConfigKeys (ConfUtils.java:logGet(46)) - raft.server.rpc.slowness.timeout = 300s (custom)
2023-11-17 09:55:37,966 [652b82d9-1846-44d1-8352-7bf3439ad078-groupManagement] INFO  server.RaftServerConfigKeys (ConfUtils.java:logGet(46)) - raft.server.leaderelection.leader.step-down.wait-time = 10s (default)
2023-11-17 09:55:37,966 [652b82d9-1846-44d1-8352-7bf3439ad078-groupManagement] INFO  server.RaftServerConfigKeys (ConfUtils.java:logGet(46)) - raft.server.sleep.deviation.threshold = 300ms (default)
2023-11-17 09:55:37,966 [652b82d9-1846-44d1-8352-7bf3439ad078-groupManagement] INFO  server.RaftServer$Division (ServerState.java:<init>(120)) - 652b82d9-1846-44d1-8352-7bf3439ad078@group-32A51C59FD22: ConfigurationManager, init=-1: peers:[652b82d9-1846-44d1-8352-7bf3439ad078|rpc:10.1.0.9:15032|admin:10.1.0.9:15031|client:10.1.0.9:15030|dataStream:10.1.0.9:15033|priority:0|startupRole:FOLLOWER, 3f7ce36a-008a-4440-b2ee-16e9e4e5a9e8|rpc:10.1.0.9:15014|admin:10.1.0.9:15013|client:10.1.0.9:15012|dataStream:10.1.0.9:15015|priority:1|startupRole:FOLLOWER, 54bd6e84-2e53-4956-b446-cc6ac26bbc90|rpc:10.1.0.9:15023|admin:10.1.0.9:15022|client:10.1.0.9:15021|dataStream:10.1.0.9:15024|priority:0|startupRole:FOLLOWER]|listeners:[], old=null, confs=<EMPTY_MAP>
2023-11-17 09:55:37,966 [652b82d9-1846-44d1-8352-7bf3439ad078-groupManagement] INFO  server.RaftServerConfigKeys (ConfUtils.java:logGet(46)) - raft.server.storage.dir = [/home/runner/work/ozone/ozone/hadoop-ozone/integration-test/target/test-dir/MiniOzoneClusterImpl-b9d514d0-62e9-44b2-85a5-b07480d3784c/datanode-2/data/ratis] (custom)
2023-11-17 09:55:37,966 [fea717c9-b406-422e-8ccb-799e860d7c03-groupManagement] INFO  util.JmxRegister (JmxRegister.java:tryRegister(44)) - Successfully registered JMX Bean with object name Ratis:service=RaftServer,group=group-5381FD1FF82C,id=fea717c9-b406-422e-8ccb-799e860d7c03
2023-11-17 09:55:37,969 [fea717c9-b406-422e-8ccb-799e860d7c03-groupManagement] INFO  server.RaftServerConfigKeys (ConfUtils.java:logGet(46)) - raft.server.snapshot.auto.trigger.enabled = true (custom)
2023-11-17 09:55:37,969 [fea717c9-b406-422e-8ccb-799e860d7c03-groupManagement] INFO  server.RaftServerConfigKeys (ConfUtils.java:logGet(46)) - raft.server.snapshot.auto.trigger.threshold = 10000 (custom)
2023-11-17 09:55:37,969 [fea717c9-b406-422e-8ccb-799e860d7c03-groupManagement] INFO  server.RaftServerConfigKeys (ConfUtils.java:logGet(46)) - raft.server.snapshot.retention.file.num = 5 (custom)
2023-11-17 09:55:37,969 [fea717c9-b406-422e-8ccb-799e860d7c03-groupManagement] INFO  server.RaftServerConfigKeys (ConfUtils.java:logGet(46)) - raft.server.log.purge.upto.snapshot.index = false (default)
2023-11-17 09:55:37,970 [3f7ce36a-008a-4440-b2ee-16e9e4e5a9e8-groupManagement] INFO  server.RaftServer$Division (RaftServerImpl.java:<init>(198)) - 3f7ce36a-008a-4440-b2ee-16e9e4e5a9e8: new RaftServerImpl for group-32A51C59FD22:[652b82d9-1846-44d1-8352-7bf3439ad078|rpc:10.1.0.9:15032|admin:10.1.0.9:15031|client:10.1.0.9:15030|dataStream:10.1.0.9:15033|priority:0|startupRole:FOLLOWER, 3f7ce36a-008a-4440-b2ee-16e9e4e5a9e8|rpc:10.1.0.9:15014|admin:10.1.0.9:15013|client:10.1.0.9:15012|dataStream:10.1.0.9:15015|priority:1|startupRole:FOLLOWER, 54bd6e84-2e53-4956-b446-cc6ac26bbc90|rpc:10.1.0.9:15023|admin:10.1.0.9:15022|client:10.1.0.9:15021|dataStream:10.1.0.9:15024|priority:0|startupRole:FOLLOWER] with ContainerStateMachine:uninitialized
2023-11-17 09:55:37,970 [3f7ce36a-008a-4440-b2ee-16e9e4e5a9e8-groupManagement] INFO  server.RaftServerConfigKeys (ConfUtils.java:logGet(46)) - raft.server.rpc.timeout.min = 5s (custom)
2023-11-17 09:55:37,970 [3f7ce36a-008a-4440-b2ee-16e9e4e5a9e8-groupManagement] INFO  server.RaftServerConfigKeys (ConfUtils.java:logGet(46)) - raft.server.rpc.timeout.max = 5200ms (custom)
2023-11-17 09:55:37,970 [3f7ce36a-008a-4440-b2ee-16e9e4e5a9e8-groupManagement] INFO  server.RaftServerConfigKeys (ConfUtils.java:logGet(46)) - raft.server.rpc.sleep.time = 25ms (default)
2023-11-17 09:55:37,970 [3f7ce36a-008a-4440-b2ee-16e9e4e5a9e8-groupManagement] INFO  server.RaftServerConfigKeys (ConfUtils.java:logGet(46)) - raft.server.rpc.slowness.timeout = 300s (custom)
2023-11-17 09:55:37,966 [652b82d9-1846-44d1-8352-7bf3439ad078-groupManagement] INFO  server.RaftServerConfigKeys (ConfUtils.java:logGet(46)) - raft.server.log.corruption.policy = EXCEPTION (default)
2023-11-17 09:55:37,970 [652b82d9-1846-44d1-8352-7bf3439ad078-groupManagement] INFO  server.RaftServerConfigKeys (ConfUtils.java:logGet(46)) - raft.server.storage.free-space.min = 0MB (=0) (default)
2023-11-17 09:55:37,970 [652b82d9-1846-44d1-8352-7bf3439ad078-groupManagement] INFO  server.RaftServerConfigKeys (ConfUtils.java:logGet(46)) - raft.server.notification.no-leader.timeout = 300s (custom)
2023-11-17 09:55:37,970 [652b82d9-1846-44d1-8352-7bf3439ad078-groupManagement] INFO  server.RaftServerConfigKeys (ConfUtils.java:logGet(46)) - raft.server.read.timeout = 10s (default)
2023-11-17 09:55:37,970 [652b82d9-1846-44d1-8352-7bf3439ad078-groupManagement] INFO  server.RaftServerConfigKeys (ConfUtils.java:logGet(46)) - raft.server.retrycache.expirytime = 600000ms (custom)
2023-11-17 09:55:37,970 [652b82d9-1846-44d1-8352-7bf3439ad078-groupManagement] INFO  server.RaftServerConfigKeys (ConfUtils.java:logGet(46)) - raft.server.retrycache.statistics.expirytime = 100μs (default)
2023-11-17 09:55:37,970 [652b82d9-1846-44d1-8352-7bf3439ad078-groupManagement] INFO  server.RaftServerConfigKeys (ConfUtils.java:logGet(46)) - raft.server.read.option = DEFAULT (default)
2023-11-17 09:55:37,971 [fea717c9-b406-422e-8ccb-799e860d7c03-groupManagement] INFO  server.RaftServer$Division (RaftServerImpl.java:<init>(198)) - fea717c9-b406-422e-8ccb-799e860d7c03: new RaftServerImpl for group-921E636CB4D7:[2a883bf7-e5b8-4bdb-a368-a41799101186|rpc:10.1.0.9:15041|admin:10.1.0.9:15040|client:10.1.0.9:15039|dataStream:10.1.0.9:15042|priority:0|startupRole:FOLLOWER, 3172c264-2718-48bc-901b-d06defdb8935|rpc:10.1.0.9:15050|admin:10.1.0.9:15049|client:10.1.0.9:15048|dataStream:10.1.0.9:15051|priority:1|startupRole:FOLLOWER, fea717c9-b406-422e-8ccb-799e860d7c03|rpc:10.1.0.9:15059|admin:10.1.0.9:15058|client:10.1.0.9:15057|dataStream:10.1.0.9:15060|priority:0|startupRole:FOLLOWER] with ContainerStateMachine:uninitialized
2023-11-17 09:55:37,971 [fea717c9-b406-422e-8ccb-799e860d7c03-groupManagement] INFO  server.RaftServerConfigKeys (ConfUtils.java:logGet(46)) - raft.server.rpc.timeout.min = 5s (custom)
2023-11-17 09:55:37,971 [fea717c9-b406-422e-8ccb-799e860d7c03-groupManagement] INFO  server.RaftServerConfigKeys (ConfUtils.java:logGet(46)) - raft.server.rpc.timeout.max = 5200ms (custom)
2023-11-17 09:55:37,971 [fea717c9-b406-422e-8ccb-799e860d7c03-groupManagement] INFO  server.RaftServerConfigKeys (ConfUtils.java:logGet(46)) - raft.server.rpc.sleep.time = 25ms (default)
2023-11-17 09:55:37,971 [fea717c9-b406-422e-8ccb-799e860d7c03-groupManagement] INFO  server.RaftServerConfigKeys (ConfUtils.java:logGet(46)) - raft.server.rpc.slowness.timeout = 300s (custom)
2023-11-17 09:55:37,971 [fea717c9-b406-422e-8ccb-799e860d7c03-groupManagement] INFO  server.RaftServerConfigKeys (ConfUtils.java:logGet(46)) - raft.server.leaderelection.leader.step-down.wait-time = 10s (default)
2023-11-17 09:55:37,971 [fea717c9-b406-422e-8ccb-799e860d7c03-groupManagement] INFO  server.RaftServerConfigKeys (ConfUtils.java:logGet(46)) - raft.server.sleep.deviation.threshold = 300ms (default)
2023-11-17 09:55:37,971 [fea717c9-b406-422e-8ccb-799e860d7c03-groupManagement] INFO  server.RaftServer$Division (ServerState.java:<init>(120)) - fea717c9-b406-422e-8ccb-799e860d7c03@group-921E636CB4D7: ConfigurationManager, init=-1: peers:[2a883bf7-e5b8-4bdb-a368-a41799101186|rpc:10.1.0.9:15041|admin:10.1.0.9:15040|client:10.1.0.9:15039|dataStream:10.1.0.9:15042|priority:0|startupRole:FOLLOWER, 3172c264-2718-48bc-901b-d06defdb8935|rpc:10.1.0.9:15050|admin:10.1.0.9:15049|client:10.1.0.9:15048|dataStream:10.1.0.9:15051|priority:1|startupRole:FOLLOWER, fea717c9-b406-422e-8ccb-799e860d7c03|rpc:10.1.0.9:15059|admin:10.1.0.9:15058|client:10.1.0.9:15057|dataStream:10.1.0.9:15060|priority:0|startupRole:FOLLOWER]|listeners:[], old=null, confs=<EMPTY_MAP>
2023-11-17 09:55:37,971 [fea717c9-b406-422e-8ccb-799e860d7c03-groupManagement] INFO  server.RaftServerConfigKeys (ConfUtils.java:logGet(46)) - raft.server.storage.dir = [/home/runner/work/ozone/ozone/hadoop-ozone/integration-test/target/test-dir/MiniOzoneClusterImpl-b9d514d0-62e9-44b2-85a5-b07480d3784c/datanode-5/data/ratis] (custom)
2023-11-17 09:55:37,972 [fea717c9-b406-422e-8ccb-799e860d7c03-groupManagement] INFO  server.RaftServerConfigKeys (ConfUtils.java:logGet(46)) - raft.server.log.corruption.policy = EXCEPTION (default)
2023-11-17 09:55:37,972 [fea717c9-b406-422e-8ccb-799e860d7c03-groupManagement] INFO  server.RaftServerConfigKeys (ConfUtils.java:logGet(46)) - raft.server.storage.free-space.min = 0MB (=0) (default)
2023-11-17 09:55:37,972 [652b82d9-1846-44d1-8352-7bf3439ad078-groupManagement] INFO  server.RaftServerConfigKeys (ConfUtils.java:logGet(46)) - raft.server.rpc.request.timeout = 60s (custom)
2023-11-17 09:55:37,972 [652b82d9-1846-44d1-8352-7bf3439ad078-groupManagement] INFO  server.RaftServerConfigKeys (ConfUtils.java:logGet(46)) - raft.server.log.appender.install.snapshot.enabled = false (custom)
2023-11-17 09:55:37,972 [652b82d9-1846-44d1-8352-7bf3439ad078-groupManagement] INFO  server.RaftServerConfigKeys (ConfUtils.java:logGet(46)) - raft.server.threadpool.server.cached = true (default)
2023-11-17 09:55:37,972 [652b82d9-1846-44d1-8352-7bf3439ad078-groupManagement] INFO  server.RaftServerConfigKeys (ConfUtils.java:logGet(46)) - raft.server.threadpool.server.size = 0 (default)
2023-11-17 09:55:37,972 [652b82d9-1846-44d1-8352-7bf3439ad078-groupManagement] INFO  server.RaftServerConfigKeys (ConfUtils.java:logGet(46)) - raft.server.threadpool.client.cached = true (default)
2023-11-17 09:55:37,972 [fea717c9-b406-422e-8ccb-799e860d7c03-groupManagement] INFO  server.RaftServerConfigKeys (ConfUtils.java:logGet(46)) - raft.server.notification.no-leader.timeout = 300s (custom)
2023-11-17 09:55:37,972 [fea717c9-b406-422e-8ccb-799e860d7c03-groupManagement] INFO  server.RaftServerConfigKeys (ConfUtils.java:logGet(46)) - raft.server.read.timeout = 10s (default)
2023-11-17 09:55:37,972 [fea717c9-b406-422e-8ccb-799e860d7c03-groupManagement] INFO  server.RaftServerConfigKeys (ConfUtils.java:logGet(46)) - raft.server.retrycache.expirytime = 600000ms (custom)
2023-11-17 09:55:37,972 [fea717c9-b406-422e-8ccb-799e860d7c03-groupManagement] INFO  server.RaftServerConfigKeys (ConfUtils.java:logGet(46)) - raft.server.retrycache.statistics.expirytime = 100μs (default)
2023-11-17 09:55:37,972 [fea717c9-b406-422e-8ccb-799e860d7c03-groupManagement] INFO  server.RaftServerConfigKeys (ConfUtils.java:logGet(46)) - raft.server.read.option = DEFAULT (default)
2023-11-17 09:55:37,974 [fea717c9-b406-422e-8ccb-799e860d7c03-groupManagement] INFO  server.RaftServerConfigKeys (ConfUtils.java:logGet(46)) - raft.server.rpc.request.timeout = 60s (custom)
2023-11-17 09:55:37,974 [fea717c9-b406-422e-8ccb-799e860d7c03-groupManagement] INFO  server.RaftServerConfigKeys (ConfUtils.java:logGet(46)) - raft.server.log.appender.install.snapshot.enabled = false (custom)
2023-11-17 09:55:37,974 [fea717c9-b406-422e-8ccb-799e860d7c03-groupManagement] INFO  server.RaftServerConfigKeys (ConfUtils.java:logGet(46)) - raft.server.threadpool.server.cached = true (default)
2023-11-17 09:55:37,974 [fea717c9-b406-422e-8ccb-799e860d7c03-groupManagement] INFO  server.RaftServerConfigKeys (ConfUtils.java:logGet(46)) - raft.server.threadpool.server.size = 0 (default)
2023-11-17 09:55:37,974 [fea717c9-b406-422e-8ccb-799e860d7c03-groupManagement] INFO  server.RaftServerConfigKeys (ConfUtils.java:logGet(46)) - raft.server.threadpool.client.cached = true (default)
2023-11-17 09:55:37,974 [fea717c9-b406-422e-8ccb-799e860d7c03-groupManagement] INFO  server.RaftServerConfigKeys (ConfUtils.java:logGet(46)) - raft.server.threadpool.client.size = 0 (default)
2023-11-17 09:55:37,974 [fea717c9-b406-422e-8ccb-799e860d7c03-groupManagement] INFO  storage.RaftStorageDirectory (RaftStorageDirectoryImpl.java:analyzeStorage(137)) - The storage directory /home/runner/work/ozone/ozone/hadoop-ozone/integration-test/target/test-dir/MiniOzoneClusterImpl-b9d514d0-62e9-44b2-85a5-b07480d3784c/datanode-5/data/ratis/0df93212-96d5-4e9e-bcda-921e636cb4d7 does not exist. Creating ...
2023-11-17 09:55:37,966 [fea717c9-b406-422e-8ccb-799e860d7c03@group-5381FD1FF82C-FollowerState] INFO  server.RaftServerConfigKeys (ConfUtils.java:logFallback(53)) - raft.server.rpc.first-election.timeout.min = 5s (fallback to raft.server.rpc.timeout.min)
2023-11-17 09:55:37,978 [fea717c9-b406-422e-8ccb-799e860d7c03@group-5381FD1FF82C-FollowerState] INFO  server.RaftServerConfigKeys (ConfUtils.java:logFallback(53)) - raft.server.rpc.first-election.timeout.max = 5200ms (fallback to raft.server.rpc.timeout.max)
2023-11-17 09:55:37,974 [bfb594ff-14fd-40d9-830b-cf7a3dd84176-groupManagement] INFO  server.RaftServer$Division (RaftServerImpl.java:<init>(198)) - bfb594ff-14fd-40d9-830b-cf7a3dd84176: new RaftServerImpl for group-76FA6C5FEABD:[bfb594ff-14fd-40d9-830b-cf7a3dd84176|rpc:10.1.0.9:15068|admin:10.1.0.9:15067|client:10.1.0.9:15066|dataStream:10.1.0.9:15069|priority:1|startupRole:FOLLOWER] with ContainerStateMachine:uninitialized
2023-11-17 09:55:37,979 [bfb594ff-14fd-40d9-830b-cf7a3dd84176-groupManagement] INFO  server.RaftServerConfigKeys (ConfUtils.java:logGet(46)) - raft.server.rpc.timeout.min = 5s (custom)
2023-11-17 09:55:37,979 [bfb594ff-14fd-40d9-830b-cf7a3dd84176-groupManagement] INFO  server.RaftServerConfigKeys (ConfUtils.java:logGet(46)) - raft.server.rpc.timeout.max = 5200ms (custom)
2023-11-17 09:55:37,979 [bfb594ff-14fd-40d9-830b-cf7a3dd84176-groupManagement] INFO  server.RaftServerConfigKeys (ConfUtils.java:logGet(46)) - raft.server.rpc.sleep.time = 25ms (default)
2023-11-17 09:55:37,979 [bfb594ff-14fd-40d9-830b-cf7a3dd84176-groupManagement] INFO  server.RaftServerConfigKeys (ConfUtils.java:logGet(46)) - raft.server.rpc.slowness.timeout = 300s (custom)
2023-11-17 09:55:37,979 [bfb594ff-14fd-40d9-830b-cf7a3dd84176-groupManagement] INFO  server.RaftServerConfigKeys (ConfUtils.java:logGet(46)) - raft.server.leaderelection.leader.step-down.wait-time = 10s (default)
2023-11-17 09:55:37,979 [bfb594ff-14fd-40d9-830b-cf7a3dd84176-groupManagement] INFO  server.RaftServerConfigKeys (ConfUtils.java:logGet(46)) - raft.server.sleep.deviation.threshold = 300ms (default)
2023-11-17 09:55:37,979 [bfb594ff-14fd-40d9-830b-cf7a3dd84176-groupManagement] INFO  server.RaftServer$Division (ServerState.java:<init>(120)) - bfb594ff-14fd-40d9-830b-cf7a3dd84176@group-76FA6C5FEABD: ConfigurationManager, init=-1: peers:[bfb594ff-14fd-40d9-830b-cf7a3dd84176|rpc:10.1.0.9:15068|admin:10.1.0.9:15067|client:10.1.0.9:15066|dataStream:10.1.0.9:15069|priority:1|startupRole:FOLLOWER]|listeners:[], old=null, confs=<EMPTY_MAP>
2023-11-17 09:55:37,979 [bfb594ff-14fd-40d9-830b-cf7a3dd84176-groupManagement] INFO  server.RaftServerConfigKeys (ConfUtils.java:logGet(46)) - raft.server.storage.dir = [/home/runner/work/ozone/ozone/hadoop-ozone/integration-test/target/test-dir/MiniOzoneClusterImpl-b9d514d0-62e9-44b2-85a5-b07480d3784c/datanode-6/data/ratis] (custom)
2023-11-17 09:55:37,979 [bfb594ff-14fd-40d9-830b-cf7a3dd84176-groupManagement] INFO  server.RaftServerConfigKeys (ConfUtils.java:logGet(46)) - raft.server.log.corruption.policy = EXCEPTION (default)
2023-11-17 09:55:37,979 [bfb594ff-14fd-40d9-830b-cf7a3dd84176-groupManagement] INFO  server.RaftServerConfigKeys (ConfUtils.java:logGet(46)) - raft.server.storage.free-space.min = 0MB (=0) (default)
2023-11-17 09:55:37,979 [bfb594ff-14fd-40d9-830b-cf7a3dd84176-groupManagement] INFO  server.RaftServerConfigKeys (ConfUtils.java:logGet(46)) - raft.server.notification.no-leader.timeout = 300s (custom)
2023-11-17 09:55:37,980 [bfb594ff-14fd-40d9-830b-cf7a3dd84176-groupManagement] INFO  server.RaftServerConfigKeys (ConfUtils.java:logGet(46)) - raft.server.read.timeout = 10s (default)
2023-11-17 09:55:37,980 [bfb594ff-14fd-40d9-830b-cf7a3dd84176-groupManagement] INFO  server.RaftServerConfigKeys (ConfUtils.java:logGet(46)) - raft.server.retrycache.expirytime = 600000ms (custom)
2023-11-17 09:55:37,980 [bfb594ff-14fd-40d9-830b-cf7a3dd84176-groupManagement] INFO  server.RaftServerConfigKeys (ConfUtils.java:logGet(46)) - raft.server.retrycache.statistics.expirytime = 100μs (default)
2023-11-17 09:55:37,980 [bfb594ff-14fd-40d9-830b-cf7a3dd84176-groupManagement] INFO  server.RaftServerConfigKeys (ConfUtils.java:logGet(46)) - raft.server.read.option = DEFAULT (default)
2023-11-17 09:55:37,981 [fea717c9-b406-422e-8ccb-799e860d7c03-groupManagement] INFO  storage.RaftStorageDirectory (RaftStorageDirectoryImpl.java:tryLock(231)) - Lock on /home/runner/work/ozone/ozone/hadoop-ozone/integration-test/target/test-dir/MiniOzoneClusterImpl-b9d514d0-62e9-44b2-85a5-b07480d3784c/datanode-5/data/ratis/0df93212-96d5-4e9e-bcda-921e636cb4d7/in_use.lock acquired by nodename 28525@fv-az1021-556
2023-11-17 09:55:37,972 [652b82d9-1846-44d1-8352-7bf3439ad078-groupManagement] INFO  server.RaftServerConfigKeys (ConfUtils.java:logGet(46)) - raft.server.threadpool.client.size = 0 (default)
2023-11-17 09:55:37,970 [3f7ce36a-008a-4440-b2ee-16e9e4e5a9e8-groupManagement] INFO  server.RaftServerConfigKeys (ConfUtils.java:logGet(46)) - raft.server.leaderelection.leader.step-down.wait-time = 10s (default)
2023-11-17 09:55:37,982 [3f7ce36a-008a-4440-b2ee-16e9e4e5a9e8-groupManagement] INFO  server.RaftServerConfigKeys (ConfUtils.java:logGet(46)) - raft.server.sleep.deviation.threshold = 300ms (default)
2023-11-17 09:55:37,982 [3f7ce36a-008a-4440-b2ee-16e9e4e5a9e8-groupManagement] INFO  server.RaftServer$Division (ServerState.java:<init>(120)) - 3f7ce36a-008a-4440-b2ee-16e9e4e5a9e8@group-32A51C59FD22: ConfigurationManager, init=-1: peers:[652b82d9-1846-44d1-8352-7bf3439ad078|rpc:10.1.0.9:15032|admin:10.1.0.9:15031|client:10.1.0.9:15030|dataStream:10.1.0.9:15033|priority:0|startupRole:FOLLOWER, 3f7ce36a-008a-4440-b2ee-16e9e4e5a9e8|rpc:10.1.0.9:15014|admin:10.1.0.9:15013|client:10.1.0.9:15012|dataStream:10.1.0.9:15015|priority:1|startupRole:FOLLOWER, 54bd6e84-2e53-4956-b446-cc6ac26bbc90|rpc:10.1.0.9:15023|admin:10.1.0.9:15022|client:10.1.0.9:15021|dataStream:10.1.0.9:15024|priority:0|startupRole:FOLLOWER]|listeners:[], old=null, confs=<EMPTY_MAP>
2023-11-17 09:55:37,982 [3f7ce36a-008a-4440-b2ee-16e9e4e5a9e8-groupManagement] INFO  server.RaftServerConfigKeys (ConfUtils.java:logGet(46)) - raft.server.storage.dir = [/home/runner/work/ozone/ozone/hadoop-ozone/integration-test/target/test-dir/MiniOzoneClusterImpl-b9d514d0-62e9-44b2-85a5-b07480d3784c/datanode-0/data/ratis] (custom)
2023-11-17 09:55:37,983 [3f7ce36a-008a-4440-b2ee-16e9e4e5a9e8-groupManagement] INFO  server.RaftServerConfigKeys (ConfUtils.java:logGet(46)) - raft.server.log.corruption.policy = EXCEPTION (default)
2023-11-17 09:55:37,983 [3f7ce36a-008a-4440-b2ee-16e9e4e5a9e8-groupManagement] INFO  server.RaftServerConfigKeys (ConfUtils.java:logGet(46)) - raft.server.storage.free-space.min = 0MB (=0) (default)
2023-11-17 09:55:37,983 [3f7ce36a-008a-4440-b2ee-16e9e4e5a9e8-groupManagement] INFO  server.RaftServerConfigKeys (ConfUtils.java:logGet(46)) - raft.server.notification.no-leader.timeout = 300s (custom)
2023-11-17 09:55:37,983 [3f7ce36a-008a-4440-b2ee-16e9e4e5a9e8-groupManagement] INFO  server.RaftServerConfigKeys (ConfUtils.java:logGet(46)) - raft.server.read.timeout = 10s (default)
2023-11-17 09:55:37,983 [fea717c9-b406-422e-8ccb-799e860d7c03-groupManagement] INFO  storage.RaftStorage (RaftStorageImpl.java:format(96)) - Storage directory /home/runner/work/ozone/ozone/hadoop-ozone/integration-test/target/test-dir/MiniOzoneClusterImpl-b9d514d0-62e9-44b2-85a5-b07480d3784c/datanode-5/data/ratis/0df93212-96d5-4e9e-bcda-921e636cb4d7 has been successfully formatted.
2023-11-17 09:55:37,983 [652b82d9-1846-44d1-8352-7bf3439ad078-groupManagement] INFO  storage.RaftStorageDirectory (RaftStorageDirectoryImpl.java:analyzeStorage(137)) - The storage directory /home/runner/work/ozone/ozone/hadoop-ozone/integration-test/target/test-dir/MiniOzoneClusterImpl-b9d514d0-62e9-44b2-85a5-b07480d3784c/datanode-2/data/ratis/dde66346-54bf-4c28-8855-32a51c59fd22 does not exist. Creating ...
2023-11-17 09:55:37,983 [3f7ce36a-008a-4440-b2ee-16e9e4e5a9e8-groupManagement] INFO  server.RaftServerConfigKeys (ConfUtils.java:logGet(46)) - raft.server.retrycache.expirytime = 600000ms (custom)
2023-11-17 09:55:37,983 [3f7ce36a-008a-4440-b2ee-16e9e4e5a9e8-groupManagement] INFO  server.RaftServerConfigKeys (ConfUtils.java:logGet(46)) - raft.server.retrycache.statistics.expirytime = 100μs (default)
2023-11-17 09:55:37,983 [3f7ce36a-008a-4440-b2ee-16e9e4e5a9e8-groupManagement] INFO  server.RaftServerConfigKeys (ConfUtils.java:logGet(46)) - raft.server.read.option = DEFAULT (default)
2023-11-17 09:55:37,985 [3f7ce36a-008a-4440-b2ee-16e9e4e5a9e8-groupManagement] INFO  server.RaftServerConfigKeys (ConfUtils.java:logGet(46)) - raft.server.rpc.request.timeout = 60s (custom)
2023-11-17 09:55:37,985 [3f7ce36a-008a-4440-b2ee-16e9e4e5a9e8-groupManagement] INFO  server.RaftServerConfigKeys (ConfUtils.java:logGet(46)) - raft.server.log.appender.install.snapshot.enabled = false (custom)
2023-11-17 09:55:37,985 [3f7ce36a-008a-4440-b2ee-16e9e4e5a9e8-groupManagement] INFO  server.RaftServerConfigKeys (ConfUtils.java:logGet(46)) - raft.server.threadpool.server.cached = true (default)
2023-11-17 09:55:37,985 [3f7ce36a-008a-4440-b2ee-16e9e4e5a9e8-groupManagement] INFO  server.RaftServerConfigKeys (ConfUtils.java:logGet(46)) - raft.server.threadpool.server.size = 0 (default)
2023-11-17 09:55:37,985 [3f7ce36a-008a-4440-b2ee-16e9e4e5a9e8-groupManagement] INFO  server.RaftServerConfigKeys (ConfUtils.java:logGet(46)) - raft.server.threadpool.client.cached = true (default)
2023-11-17 09:55:37,985 [3f7ce36a-008a-4440-b2ee-16e9e4e5a9e8-groupManagement] INFO  server.RaftServerConfigKeys (ConfUtils.java:logGet(46)) - raft.server.threadpool.client.size = 0 (default)
2023-11-17 09:55:37,985 [3f7ce36a-008a-4440-b2ee-16e9e4e5a9e8-groupManagement] INFO  storage.RaftStorageDirectory (RaftStorageDirectoryImpl.java:analyzeStorage(137)) - The storage directory /home/runner/work/ozone/ozone/hadoop-ozone/integration-test/target/test-dir/MiniOzoneClusterImpl-b9d514d0-62e9-44b2-85a5-b07480d3784c/datanode-0/data/ratis/dde66346-54bf-4c28-8855-32a51c59fd22 does not exist. Creating ...
2023-11-17 09:55:37,986 [652b82d9-1846-44d1-8352-7bf3439ad078-groupManagement] INFO  storage.RaftStorageDirectory (RaftStorageDirectoryImpl.java:tryLock(231)) - Lock on /home/runner/work/ozone/ozone/hadoop-ozone/integration-test/target/test-dir/MiniOzoneClusterImpl-b9d514d0-62e9-44b2-85a5-b07480d3784c/datanode-2/data/ratis/dde66346-54bf-4c28-8855-32a51c59fd22/in_use.lock acquired by nodename 28525@fv-az1021-556
2023-11-17 09:55:37,987 [3f7ce36a-008a-4440-b2ee-16e9e4e5a9e8-groupManagement] INFO  storage.RaftStorageDirectory (RaftStorageDirectoryImpl.java:tryLock(231)) - Lock on /home/runner/work/ozone/ozone/hadoop-ozone/integration-test/target/test-dir/MiniOzoneClusterImpl-b9d514d0-62e9-44b2-85a5-b07480d3784c/datanode-0/data/ratis/dde66346-54bf-4c28-8855-32a51c59fd22/in_use.lock acquired by nodename 28525@fv-az1021-556
2023-11-17 09:55:37,987 [652b82d9-1846-44d1-8352-7bf3439ad078-groupManagement] INFO  storage.RaftStorage (RaftStorageImpl.java:format(96)) - Storage directory /home/runner/work/ozone/ozone/hadoop-ozone/integration-test/target/test-dir/MiniOzoneClusterImpl-b9d514d0-62e9-44b2-85a5-b07480d3784c/datanode-2/data/ratis/dde66346-54bf-4c28-8855-32a51c59fd22 has been successfully formatted.
2023-11-17 09:55:37,988 [3f7ce36a-008a-4440-b2ee-16e9e4e5a9e8-groupManagement] INFO  storage.RaftStorage (RaftStorageImpl.java:format(96)) - Storage directory /home/runner/work/ozone/ozone/hadoop-ozone/integration-test/target/test-dir/MiniOzoneClusterImpl-b9d514d0-62e9-44b2-85a5-b07480d3784c/datanode-0/data/ratis/dde66346-54bf-4c28-8855-32a51c59fd22 has been successfully formatted.
2023-11-17 09:55:37,990 [54bd6e84-2e53-4956-b446-cc6ac26bbc90-groupManagement] INFO  ratis.ContainerStateMachine (ContainerStateMachine.java:loadSnapshot(269)) - group-32A51C59FD22: The snapshot info is null. Setting the last applied indexto:(t:0, i:~)
2023-11-17 09:55:37,990 [54bd6e84-2e53-4956-b446-cc6ac26bbc90-groupManagement] INFO  server.RaftServerConfigKeys (ConfUtils.java:logGet(46)) - raft.server.log.use.memory = false (default)
2023-11-17 09:55:37,990 [54bd6e84-2e53-4956-b446-cc6ac26bbc90-groupManagement] INFO  server.RaftServerConfigKeys (ConfUtils.java:logGet(46)) - raft.server.log.purge.gap = 1000000 (custom)
2023-11-17 09:55:37,990 [54bd6e84-2e53-4956-b446-cc6ac26bbc90-groupManagement] INFO  server.RaftServerConfigKeys (ConfUtils.java:logGet(46)) - raft.server.log.appender.buffer.byte-limit = 33554432 (custom)
2023-11-17 09:55:37,990 [54bd6e84-2e53-4956-b446-cc6ac26bbc90-groupManagement] INFO  server.RaftServerConfigKeys (ConfUtils.java:logGet(46)) - raft.server.log.statemachine.data.read.timeout = 1000ms (default)
2023-11-17 09:55:37,990 [54bd6e84-2e53-4956-b446-cc6ac26bbc90-groupManagement] INFO  server.RaftServerConfigKeys (ConfUtils.java:logGet(46)) - raft.server.log.purge.preservation.log.num = 0 (default)
2023-11-17 09:55:37,991 [54bd6e84-2e53-4956-b446-cc6ac26bbc90-groupManagement] INFO  server.RaftServerConfigKeys (ConfUtils.java:logGet(46)) - raft.server.log.segment.size.max = 1048576 (custom)
2023-11-17 09:55:37,991 [54bd6e84-2e53-4956-b446-cc6ac26bbc90-groupManagement] INFO  server.RaftServerConfigKeys (ConfUtils.java:logGet(46)) - raft.server.log.segment.cache.num.max = 2 (custom)
2023-11-17 09:55:37,991 [54bd6e84-2e53-4956-b446-cc6ac26bbc90-groupManagement] INFO  server.RaftServerConfigKeys (ConfUtils.java:logGet(46)) - raft.server.log.segment.cache.size.max = 200MB (=209715200) (default)
2023-11-17 09:55:37,991 [54bd6e84-2e53-4956-b446-cc6ac26bbc90-groupManagement] INFO  server.RaftServerConfigKeys (ConfUtils.java:logGet(46)) - raft.server.log.appender.buffer.byte-limit = 33554432 (custom)
2023-11-17 09:55:37,991 [54bd6e84-2e53-4956-b446-cc6ac26bbc90-groupManagement] INFO  segmented.SegmentedRaftLogWorker (SegmentedRaftLogWorker.java:<init>(188)) - new 54bd6e84-2e53-4956-b446-cc6ac26bbc90@group-32A51C59FD22-SegmentedRaftLogWorker for RaftStorageImpl:Storage Directory /home/runner/work/ozone/ozone/hadoop-ozone/integration-test/target/test-dir/MiniOzoneClusterImpl-b9d514d0-62e9-44b2-85a5-b07480d3784c/datanode-1/data/ratis/dde66346-54bf-4c28-8855-32a51c59fd22
2023-11-17 09:55:37,991 [54bd6e84-2e53-4956-b446-cc6ac26bbc90-groupManagement] INFO  server.RaftServerConfigKeys (ConfUtils.java:logGet(46)) - raft.server.log.queue.byte-limit = 4294967296 (custom)
2023-11-17 09:55:37,991 [54bd6e84-2e53-4956-b446-cc6ac26bbc90-groupManagement] INFO  server.RaftServerConfigKeys (ConfUtils.java:logGet(46)) - raft.server.log.queue.element-limit = 1024 (custom)
2023-11-17 09:55:37,991 [54bd6e84-2e53-4956-b446-cc6ac26bbc90-groupManagement] INFO  server.RaftServerConfigKeys (ConfUtils.java:logGet(46)) - raft.server.log.segment.size.max = 1048576 (custom)
2023-11-17 09:55:37,991 [54bd6e84-2e53-4956-b446-cc6ac26bbc90-groupManagement] INFO  server.RaftServerConfigKeys (ConfUtils.java:logGet(46)) - raft.server.log.preallocated.size = 16384 (custom)
2023-11-17 09:55:37,991 [54bd6e84-2e53-4956-b446-cc6ac26bbc90-groupManagement] INFO  server.RaftServerConfigKeys (ConfUtils.java:logGet(46)) - raft.server.log.force.sync.num = 128 (default)
2023-11-17 09:55:37,992 [54bd6e84-2e53-4956-b446-cc6ac26bbc90-groupManagement] INFO  server.RaftServerConfigKeys (ConfUtils.java:logGet(46)) - raft.server.log.statemachine.data.sync = true (default)
2023-11-17 09:55:37,992 [54bd6e84-2e53-4956-b446-cc6ac26bbc90-groupManagement] INFO  server.RaftServerConfigKeys (ConfUtils.java:logGet(46)) - raft.server.log.statemachine.data.sync.timeout = 10s (default)
2023-11-17 09:55:37,992 [54bd6e84-2e53-4956-b446-cc6ac26bbc90-groupManagement] INFO  server.RaftServerConfigKeys (ConfUtils.java:logGet(46)) - raft.server.log.statemachine.data.sync.timeout.retry = -1 (default)
2023-11-17 09:55:37,992 [EventQueue-OpenPipelineForHealthyPipelineSafeModeRule] INFO  safemode.SCMSafeModeManager (HealthyPipelineSafeModeRule.java:process(137)) - SCM in safe mode. Healthy pipelines reported count is 0, required healthy pipeline reported count is 1
2023-11-17 09:55:37,993 [54bd6e84-2e53-4956-b446-cc6ac26bbc90-groupManagement] INFO  server.RaftServerConfigKeys (ConfUtils.java:logGet(46)) - raft.server.log.write.buffer.size = 1048576 (custom)
2023-11-17 09:55:37,993 [54bd6e84-2e53-4956-b446-cc6ac26bbc90-groupManagement] INFO  server.RaftServerConfigKeys (ConfUtils.java:logGet(46)) - raft.server.log.appender.buffer.byte-limit = 33554432 (custom)
2023-11-17 09:55:37,994 [54bd6e84-2e53-4956-b446-cc6ac26bbc90-groupManagement] INFO  server.RaftServerConfigKeys (ConfUtils.java:logGet(46)) - raft.server.log.unsafe-flush.enabled = false (default)
2023-11-17 09:55:37,994 [54bd6e84-2e53-4956-b446-cc6ac26bbc90-groupManagement] INFO  server.RaftServerConfigKeys (ConfUtils.java:logGet(46)) - raft.server.log.async-flush.enabled = false (default)
2023-11-17 09:55:37,994 [54bd6e84-2e53-4956-b446-cc6ac26bbc90-groupManagement] INFO  server.RaftServerConfigKeys (ConfUtils.java:logGet(46)) - raft.server.log.statemachine.data.caching.enabled = true (custom)
2023-11-17 09:55:37,994 [54bd6e84-2e53-4956-b446-cc6ac26bbc90-groupManagement] INFO  segmented.SegmentedRaftLogWorker (SegmentedRaftLogWorker.java:lambda$new$0(135)) - 54bd6e84-2e53-4956-b446-cc6ac26bbc90@group-32A51C59FD22-SegmentedRaftLogWorker: flushIndex: setUnconditionally 0 -> -1
2023-11-17 09:55:37,994 [54bd6e84-2e53-4956-b446-cc6ac26bbc90-groupManagement] INFO  segmented.SegmentedRaftLogWorker (SegmentedRaftLogWorker.java:lambda$new$0(135)) - 54bd6e84-2e53-4956-b446-cc6ac26bbc90@group-32A51C59FD22-SegmentedRaftLogWorker: safeCacheEvictIndex: setUnconditionally 0 -> -1
2023-11-17 09:55:37,995 [54bd6e84-2e53-4956-b446-cc6ac26bbc90-groupManagement] INFO  server.RaftServer$Division (RaftServerImpl.java:start(342)) - 54bd6e84-2e53-4956-b446-cc6ac26bbc90@group-32A51C59FD22: start as a follower, conf=-1: peers:[652b82d9-1846-44d1-8352-7bf3439ad078|rpc:10.1.0.9:15032|admin:10.1.0.9:15031|client:10.1.0.9:15030|dataStream:10.1.0.9:15033|priority:0|startupRole:FOLLOWER, 3f7ce36a-008a-4440-b2ee-16e9e4e5a9e8|rpc:10.1.0.9:15014|admin:10.1.0.9:15013|client:10.1.0.9:15012|dataStream:10.1.0.9:15015|priority:1|startupRole:FOLLOWER, 54bd6e84-2e53-4956-b446-cc6ac26bbc90|rpc:10.1.0.9:15023|admin:10.1.0.9:15022|client:10.1.0.9:15021|dataStream:10.1.0.9:15024|priority:0|startupRole:FOLLOWER]|listeners:[], old=null
2023-11-17 09:55:37,995 [54bd6e84-2e53-4956-b446-cc6ac26bbc90-groupManagement] INFO  server.RaftServer$Division (RaftServerImpl.java:setRole(329)) - 54bd6e84-2e53-4956-b446-cc6ac26bbc90@group-32A51C59FD22: changes role from      null to FOLLOWER at term 0 for startAsFollower
2023-11-17 09:55:37,996 [54bd6e84-2e53-4956-b446-cc6ac26bbc90-groupManagement] INFO  impl.RoleInfo (RoleInfo.java:updateAndGet(139)) - 54bd6e84-2e53-4956-b446-cc6ac26bbc90: start 54bd6e84-2e53-4956-b446-cc6ac26bbc90@group-32A51C59FD22-FollowerState
2023-11-17 09:55:37,996 [3f7ce36a-008a-4440-b2ee-16e9e4e5a9e8-groupManagement] INFO  ratis.ContainerStateMachine (ContainerStateMachine.java:loadSnapshot(269)) - group-32A51C59FD22: The snapshot info is null. Setting the last applied indexto:(t:0, i:~)
2023-11-17 09:55:37,996 [3f7ce36a-008a-4440-b2ee-16e9e4e5a9e8-groupManagement] INFO  server.RaftServerConfigKeys (ConfUtils.java:logGet(46)) - raft.server.log.use.memory = false (default)
2023-11-17 09:55:37,996 [3f7ce36a-008a-4440-b2ee-16e9e4e5a9e8-groupManagement] INFO  server.RaftServerConfigKeys (ConfUtils.java:logGet(46)) - raft.server.log.purge.gap = 1000000 (custom)
2023-11-17 09:55:37,996 [3f7ce36a-008a-4440-b2ee-16e9e4e5a9e8-groupManagement] INFO  server.RaftServerConfigKeys (ConfUtils.java:logGet(46)) - raft.server.log.appender.buffer.byte-limit = 33554432 (custom)
2023-11-17 09:55:37,996 [3f7ce36a-008a-4440-b2ee-16e9e4e5a9e8-groupManagement] INFO  server.RaftServerConfigKeys (ConfUtils.java:logGet(46)) - raft.server.log.statemachine.data.read.timeout = 1000ms (default)
2023-11-17 09:55:37,996 [3f7ce36a-008a-4440-b2ee-16e9e4e5a9e8-groupManagement] INFO  server.RaftServerConfigKeys (ConfUtils.java:logGet(46)) - raft.server.log.purge.preservation.log.num = 0 (default)
2023-11-17 09:55:37,997 [3f7ce36a-008a-4440-b2ee-16e9e4e5a9e8-groupManagement] INFO  server.RaftServerConfigKeys (ConfUtils.java:logGet(46)) - raft.server.log.segment.size.max = 1048576 (custom)
2023-11-17 09:55:37,996 [54bd6e84-2e53-4956-b446-cc6ac26bbc90-groupManagement] INFO  util.JmxRegister (JmxRegister.java:tryRegister(44)) - Successfully registered JMX Bean with object name Ratis:service=RaftServer,group=group-32A51C59FD22,id=54bd6e84-2e53-4956-b446-cc6ac26bbc90
2023-11-17 09:55:37,997 [54bd6e84-2e53-4956-b446-cc6ac26bbc90-groupManagement] INFO  server.RaftServerConfigKeys (ConfUtils.java:logGet(46)) - raft.server.snapshot.auto.trigger.enabled = true (custom)
2023-11-17 09:55:37,997 [54bd6e84-2e53-4956-b446-cc6ac26bbc90-groupManagement] INFO  server.RaftServerConfigKeys (ConfUtils.java:logGet(46)) - raft.server.snapshot.auto.trigger.threshold = 10000 (custom)
2023-11-17 09:55:37,997 [54bd6e84-2e53-4956-b446-cc6ac26bbc90-groupManagement] INFO  server.RaftServerConfigKeys (ConfUtils.java:logGet(46)) - raft.server.snapshot.retention.file.num = 5 (custom)
2023-11-17 09:55:37,997 [3f7ce36a-008a-4440-b2ee-16e9e4e5a9e8-groupManagement] INFO  server.RaftServerConfigKeys (ConfUtils.java:logGet(46)) - raft.server.log.segment.cache.num.max = 2 (custom)
2023-11-17 09:55:37,997 [3f7ce36a-008a-4440-b2ee-16e9e4e5a9e8-groupManagement] INFO  server.RaftServerConfigKeys (ConfUtils.java:logGet(46)) - raft.server.log.segment.cache.size.max = 200MB (=209715200) (default)
2023-11-17 09:55:37,997 [3f7ce36a-008a-4440-b2ee-16e9e4e5a9e8-groupManagement] INFO  server.RaftServerConfigKeys (ConfUtils.java:logGet(46)) - raft.server.log.appender.buffer.byte-limit = 33554432 (custom)
2023-11-17 09:55:37,997 [3f7ce36a-008a-4440-b2ee-16e9e4e5a9e8-groupManagement] INFO  segmented.SegmentedRaftLogWorker (SegmentedRaftLogWorker.java:<init>(188)) - new 3f7ce36a-008a-4440-b2ee-16e9e4e5a9e8@group-32A51C59FD22-SegmentedRaftLogWorker for RaftStorageImpl:Storage Directory /home/runner/work/ozone/ozone/hadoop-ozone/integration-test/target/test-dir/MiniOzoneClusterImpl-b9d514d0-62e9-44b2-85a5-b07480d3784c/datanode-0/data/ratis/dde66346-54bf-4c28-8855-32a51c59fd22
2023-11-17 09:55:37,997 [3f7ce36a-008a-4440-b2ee-16e9e4e5a9e8-groupManagement] INFO  server.RaftServerConfigKeys (ConfUtils.java:logGet(46)) - raft.server.log.queue.byte-limit = 4294967296 (custom)
2023-11-17 09:55:37,997 [3f7ce36a-008a-4440-b2ee-16e9e4e5a9e8-groupManagement] INFO  server.RaftServerConfigKeys (ConfUtils.java:logGet(46)) - raft.server.log.queue.element-limit = 1024 (custom)
2023-11-17 09:55:37,997 [3f7ce36a-008a-4440-b2ee-16e9e4e5a9e8-groupManagement] INFO  server.RaftServerConfigKeys (ConfUtils.java:logGet(46)) - raft.server.log.segment.size.max = 1048576 (custom)
2023-11-17 09:55:37,997 [3f7ce36a-008a-4440-b2ee-16e9e4e5a9e8-groupManagement] INFO  server.RaftServerConfigKeys (ConfUtils.java:logGet(46)) - raft.server.log.preallocated.size = 16384 (custom)
2023-11-17 09:55:37,997 [3f7ce36a-008a-4440-b2ee-16e9e4e5a9e8-groupManagement] INFO  server.RaftServerConfigKeys (ConfUtils.java:logGet(46)) - raft.server.log.force.sync.num = 128 (default)
2023-11-17 09:55:37,998 [3f7ce36a-008a-4440-b2ee-16e9e4e5a9e8-groupManagement] INFO  server.RaftServerConfigKeys (ConfUtils.java:logGet(46)) - raft.server.log.statemachine.data.sync = true (default)
2023-11-17 09:55:37,998 [3f7ce36a-008a-4440-b2ee-16e9e4e5a9e8-groupManagement] INFO  server.RaftServerConfigKeys (ConfUtils.java:logGet(46)) - raft.server.log.statemachine.data.sync.timeout = 10s (default)
2023-11-17 09:55:37,998 [3f7ce36a-008a-4440-b2ee-16e9e4e5a9e8-groupManagement] INFO  server.RaftServerConfigKeys (ConfUtils.java:logGet(46)) - raft.server.log.statemachine.data.sync.timeout.retry = -1 (default)
2023-11-17 09:55:37,997 [54bd6e84-2e53-4956-b446-cc6ac26bbc90-groupManagement] INFO  server.RaftServerConfigKeys (ConfUtils.java:logGet(46)) - raft.server.log.purge.upto.snapshot.index = false (default)
2023-11-17 09:55:37,998 [652b82d9-1846-44d1-8352-7bf3439ad078-groupManagement] INFO  ratis.ContainerStateMachine (ContainerStateMachine.java:loadSnapshot(269)) - group-32A51C59FD22: The snapshot info is null. Setting the last applied indexto:(t:0, i:~)
2023-11-17 09:55:37,998 [652b82d9-1846-44d1-8352-7bf3439ad078-groupManagement] INFO  server.RaftServerConfigKeys (ConfUtils.java:logGet(46)) - raft.server.log.use.memory = false (default)
2023-11-17 09:55:37,998 [652b82d9-1846-44d1-8352-7bf3439ad078-groupManagement] INFO  server.RaftServerConfigKeys (ConfUtils.java:logGet(46)) - raft.server.log.purge.gap = 1000000 (custom)
2023-11-17 09:55:37,998 [652b82d9-1846-44d1-8352-7bf3439ad078-groupManagement] INFO  server.RaftServerConfigKeys (ConfUtils.java:logGet(46)) - raft.server.log.appender.buffer.byte-limit = 33554432 (custom)
2023-11-17 09:55:37,998 [652b82d9-1846-44d1-8352-7bf3439ad078-groupManagement] INFO  server.RaftServerConfigKeys (ConfUtils.java:logGet(46)) - raft.server.log.statemachine.data.read.timeout = 1000ms (default)
2023-11-17 09:55:37,998 [652b82d9-1846-44d1-8352-7bf3439ad078-groupManagement] INFO  server.RaftServerConfigKeys (ConfUtils.java:logGet(46)) - raft.server.log.purge.preservation.log.num = 0 (default)
2023-11-17 09:55:37,999 [652b82d9-1846-44d1-8352-7bf3439ad078-groupManagement] INFO  server.RaftServerConfigKeys (ConfUtils.java:logGet(46)) - raft.server.log.segment.size.max = 1048576 (custom)
2023-11-17 09:55:38,000 [bfb594ff-14fd-40d9-830b-cf7a3dd84176-groupManagement] INFO  server.RaftServerConfigKeys (ConfUtils.java:logGet(46)) - raft.server.rpc.request.timeout = 60s (custom)
2023-11-17 09:55:38,000 [fea717c9-b406-422e-8ccb-799e860d7c03-groupManagement] INFO  ratis.ContainerStateMachine (ContainerStateMachine.java:loadSnapshot(269)) - group-921E636CB4D7: The snapshot info is null. Setting the last applied indexto:(t:0, i:~)
2023-11-17 09:55:38,000 [fea717c9-b406-422e-8ccb-799e860d7c03-groupManagement] INFO  server.RaftServerConfigKeys (ConfUtils.java:logGet(46)) - raft.server.log.use.memory = false (default)
2023-11-17 09:55:38,000 [fea717c9-b406-422e-8ccb-799e860d7c03-groupManagement] INFO  server.RaftServerConfigKeys (ConfUtils.java:logGet(46)) - raft.server.log.purge.gap = 1000000 (custom)
2023-11-17 09:55:38,000 [fea717c9-b406-422e-8ccb-799e860d7c03-groupManagement] INFO  server.RaftServerConfigKeys (ConfUtils.java:logGet(46)) - raft.server.log.appender.buffer.byte-limit = 33554432 (custom)
2023-11-17 09:55:38,000 [fea717c9-b406-422e-8ccb-799e860d7c03-groupManagement] INFO  server.RaftServerConfigKeys (ConfUtils.java:logGet(46)) - raft.server.log.statemachine.data.read.timeout = 1000ms (default)
2023-11-17 09:55:38,000 [fea717c9-b406-422e-8ccb-799e860d7c03-groupManagement] INFO  server.RaftServerConfigKeys (ConfUtils.java:logGet(46)) - raft.server.log.purge.preservation.log.num = 0 (default)
2023-11-17 09:55:38,001 [fea717c9-b406-422e-8ccb-799e860d7c03-groupManagement] INFO  server.RaftServerConfigKeys (ConfUtils.java:logGet(46)) - raft.server.log.segment.size.max = 1048576 (custom)
2023-11-17 09:55:38,003 [EventQueue-OpenPipelineForHealthyPipelineSafeModeRule] INFO  safemode.SCMSafeModeManager (HealthyPipelineSafeModeRule.java:process(137)) - SCM in safe mode. Healthy pipelines reported count is 0, required healthy pipeline reported count is 1
2023-11-17 09:55:38,004 [EventQueue-OpenPipelineForHealthyPipelineSafeModeRule] INFO  safemode.SCMSafeModeManager (HealthyPipelineSafeModeRule.java:process(137)) - SCM in safe mode. Healthy pipelines reported count is 0, required healthy pipeline reported count is 1
2023-11-17 09:55:38,005 [EventQueue-OpenPipelineForHealthyPipelineSafeModeRule] INFO  safemode.SCMSafeModeManager (HealthyPipelineSafeModeRule.java:process(137)) - SCM in safe mode. Healthy pipelines reported count is 0, required healthy pipeline reported count is 1
2023-11-17 09:55:38,000 [bfb594ff-14fd-40d9-830b-cf7a3dd84176-groupManagement] INFO  server.RaftServerConfigKeys (ConfUtils.java:logGet(46)) - raft.server.log.appender.install.snapshot.enabled = false (custom)
2023-11-17 09:55:38,006 [54bd6e84-2e53-4956-b446-cc6ac26bbc90@group-32A51C59FD22-FollowerState] INFO  server.RaftServerConfigKeys (ConfUtils.java:logFallback(53)) - raft.server.rpc.first-election.timeout.min = 5s (fallback to raft.server.rpc.timeout.min)
2023-11-17 09:55:38,006 [bfb594ff-14fd-40d9-830b-cf7a3dd84176-groupManagement] INFO  server.RaftServerConfigKeys (ConfUtils.java:logGet(46)) - raft.server.threadpool.server.cached = true (default)
2023-11-17 09:55:38,006 [bfb594ff-14fd-40d9-830b-cf7a3dd84176-groupManagement] INFO  server.RaftServerConfigKeys (ConfUtils.java:logGet(46)) - raft.server.threadpool.server.size = 0 (default)
2023-11-17 09:55:38,006 [bfb594ff-14fd-40d9-830b-cf7a3dd84176-groupManagement] INFO  server.RaftServerConfigKeys (ConfUtils.java:logGet(46)) - raft.server.threadpool.client.cached = true (default)
2023-11-17 09:55:38,006 [bfb594ff-14fd-40d9-830b-cf7a3dd84176-groupManagement] INFO  server.RaftServerConfigKeys (ConfUtils.java:logGet(46)) - raft.server.threadpool.client.size = 0 (default)
2023-11-17 09:55:38,006 [bfb594ff-14fd-40d9-830b-cf7a3dd84176-groupManagement] INFO  storage.RaftStorageDirectory (RaftStorageDirectoryImpl.java:analyzeStorage(137)) - The storage directory /home/runner/work/ozone/ozone/hadoop-ozone/integration-test/target/test-dir/MiniOzoneClusterImpl-b9d514d0-62e9-44b2-85a5-b07480d3784c/datanode-6/data/ratis/6d9afe88-5f1d-4dd3-a08a-76fa6c5feabd does not exist. Creating ...
2023-11-17 09:55:38,006 [54bd6e84-2e53-4956-b446-cc6ac26bbc90@group-32A51C59FD22-FollowerState] INFO  server.RaftServerConfigKeys (ConfUtils.java:logFallback(53)) - raft.server.rpc.first-election.timeout.max = 5200ms (fallback to raft.server.rpc.timeout.max)
2023-11-17 09:55:38,007 [bfb594ff-14fd-40d9-830b-cf7a3dd84176-groupManagement] INFO  storage.RaftStorageDirectory (RaftStorageDirectoryImpl.java:tryLock(231)) - Lock on /home/runner/work/ozone/ozone/hadoop-ozone/integration-test/target/test-dir/MiniOzoneClusterImpl-b9d514d0-62e9-44b2-85a5-b07480d3784c/datanode-6/data/ratis/6d9afe88-5f1d-4dd3-a08a-76fa6c5feabd/in_use.lock acquired by nodename 28525@fv-az1021-556
2023-11-17 09:55:38,013 [bfb594ff-14fd-40d9-830b-cf7a3dd84176-groupManagement] INFO  storage.RaftStorage (RaftStorageImpl.java:format(96)) - Storage directory /home/runner/work/ozone/ozone/hadoop-ozone/integration-test/target/test-dir/MiniOzoneClusterImpl-b9d514d0-62e9-44b2-85a5-b07480d3784c/datanode-6/data/ratis/6d9afe88-5f1d-4dd3-a08a-76fa6c5feabd has been successfully formatted.
2023-11-17 09:55:38,017 [54bd6e84-2e53-4956-b446-cc6ac26bbc90-PipelineCommandHandlerThread-0] INFO  ratis.XceiverServerRatis (XceiverServerRatis.java:addGroup(805)) - Created group PipelineID=dde66346-54bf-4c28-8855-32a51c59fd22
2023-11-17 09:55:38,021 [bfb594ff-14fd-40d9-830b-cf7a3dd84176-groupManagement] INFO  ratis.ContainerStateMachine (ContainerStateMachine.java:loadSnapshot(269)) - group-76FA6C5FEABD: The snapshot info is null. Setting the last applied indexto:(t:0, i:~)
2023-11-17 09:55:38,021 [bfb594ff-14fd-40d9-830b-cf7a3dd84176-groupManagement] INFO  server.RaftServerConfigKeys (ConfUtils.java:logGet(46)) - raft.server.log.use.memory = false (default)
2023-11-17 09:55:38,022 [bfb594ff-14fd-40d9-830b-cf7a3dd84176-groupManagement] INFO  server.RaftServerConfigKeys (ConfUtils.java:logGet(46)) - raft.server.log.purge.gap = 1000000 (custom)
2023-11-17 09:55:38,022 [bfb594ff-14fd-40d9-830b-cf7a3dd84176-groupManagement] INFO  server.RaftServerConfigKeys (ConfUtils.java:logGet(46)) - raft.server.log.appender.buffer.byte-limit = 33554432 (custom)
2023-11-17 09:55:38,022 [bfb594ff-14fd-40d9-830b-cf7a3dd84176-groupManagement] INFO  server.RaftServerConfigKeys (ConfUtils.java:logGet(46)) - raft.server.log.statemachine.data.read.timeout = 1000ms (default)
2023-11-17 09:55:38,022 [bfb594ff-14fd-40d9-830b-cf7a3dd84176-groupManagement] INFO  server.RaftServerConfigKeys (ConfUtils.java:logGet(46)) - raft.server.log.purge.preservation.log.num = 0 (default)
2023-11-17 09:55:38,022 [bfb594ff-14fd-40d9-830b-cf7a3dd84176-groupManagement] INFO  server.RaftServerConfigKeys (ConfUtils.java:logGet(46)) - raft.server.log.segment.size.max = 1048576 (custom)
2023-11-17 09:55:38,023 [EventQueue-PipelineReportForPipelineReportHandler] INFO  pipeline.PipelineReportHandler (PipelineReportHandler.java:processPipelineReport(136)) - Opened pipeline PipelineID=6d9afe88-5f1d-4dd3-a08a-76fa6c5feabd
2023-11-17 09:55:38,023 [EventQueue-OpenPipelineForHealthyPipelineSafeModeRule] INFO  safemode.SCMSafeModeManager (HealthyPipelineSafeModeRule.java:process(137)) - SCM in safe mode. Healthy pipelines reported count is 0, required healthy pipeline reported count is 1
2023-11-17 09:55:38,034 [652b82d9-1846-44d1-8352-7bf3439ad078-groupManagement] INFO  server.RaftServerConfigKeys (ConfUtils.java:logGet(46)) - raft.server.log.segment.cache.num.max = 2 (custom)
2023-11-17 09:55:38,034 [652b82d9-1846-44d1-8352-7bf3439ad078-groupManagement] INFO  server.RaftServerConfigKeys (ConfUtils.java:logGet(46)) - raft.server.log.segment.cache.size.max = 200MB (=209715200) (default)
2023-11-17 09:55:38,034 [fea717c9-b406-422e-8ccb-799e860d7c03-groupManagement] INFO  server.RaftServerConfigKeys (ConfUtils.java:logGet(46)) - raft.server.log.segment.cache.num.max = 2 (custom)
2023-11-17 09:55:38,035 [fea717c9-b406-422e-8ccb-799e860d7c03-groupManagement] INFO  server.RaftServerConfigKeys (ConfUtils.java:logGet(46)) - raft.server.log.segment.cache.size.max = 200MB (=209715200) (default)
2023-11-17 09:55:38,035 [fea717c9-b406-422e-8ccb-799e860d7c03-groupManagement] INFO  server.RaftServerConfigKeys (ConfUtils.java:logGet(46)) - raft.server.log.appender.buffer.byte-limit = 33554432 (custom)
2023-11-17 09:55:38,035 [fea717c9-b406-422e-8ccb-799e860d7c03-groupManagement] INFO  segmented.SegmentedRaftLogWorker (SegmentedRaftLogWorker.java:<init>(188)) - new fea717c9-b406-422e-8ccb-799e860d7c03@group-921E636CB4D7-SegmentedRaftLogWorker for RaftStorageImpl:Storage Directory /home/runner/work/ozone/ozone/hadoop-ozone/integration-test/target/test-dir/MiniOzoneClusterImpl-b9d514d0-62e9-44b2-85a5-b07480d3784c/datanode-5/data/ratis/0df93212-96d5-4e9e-bcda-921e636cb4d7
2023-11-17 09:55:38,035 [fea717c9-b406-422e-8ccb-799e860d7c03-groupManagement] INFO  server.RaftServerConfigKeys (ConfUtils.java:logGet(46)) - raft.server.log.queue.byte-limit = 4294967296 (custom)
2023-11-17 09:55:38,035 [fea717c9-b406-422e-8ccb-799e860d7c03-groupManagement] INFO  server.RaftServerConfigKeys (ConfUtils.java:logGet(46)) - raft.server.log.queue.element-limit = 1024 (custom)
2023-11-17 09:55:38,035 [fea717c9-b406-422e-8ccb-799e860d7c03-groupManagement] INFO  server.RaftServerConfigKeys (ConfUtils.java:logGet(46)) - raft.server.log.segment.size.max = 1048576 (custom)
2023-11-17 09:55:38,035 [fea717c9-b406-422e-8ccb-799e860d7c03-groupManagement] INFO  server.RaftServerConfigKeys (ConfUtils.java:logGet(46)) - raft.server.log.preallocated.size = 16384 (custom)
2023-11-17 09:55:38,035 [fea717c9-b406-422e-8ccb-799e860d7c03-groupManagement] INFO  server.RaftServerConfigKeys (ConfUtils.java:logGet(46)) - raft.server.log.force.sync.num = 128 (default)
2023-11-17 09:55:38,035 [fea717c9-b406-422e-8ccb-799e860d7c03-groupManagement] INFO  server.RaftServerConfigKeys (ConfUtils.java:logGet(46)) - raft.server.log.statemachine.data.sync = true (default)
2023-11-17 09:55:38,035 [fea717c9-b406-422e-8ccb-799e860d7c03-groupManagement] INFO  server.RaftServerConfigKeys (ConfUtils.java:logGet(46)) - raft.server.log.statemachine.data.sync.timeout = 10s (default)
2023-11-17 09:55:38,035 [fea717c9-b406-422e-8ccb-799e860d7c03-groupManagement] INFO  server.RaftServerConfigKeys (ConfUtils.java:logGet(46)) - raft.server.log.statemachine.data.sync.timeout.retry = -1 (default)
2023-11-17 09:55:38,034 [652b82d9-1846-44d1-8352-7bf3439ad078-groupManagement] INFO  server.RaftServerConfigKeys (ConfUtils.java:logGet(46)) - raft.server.log.appender.buffer.byte-limit = 33554432 (custom)
2023-11-17 09:55:38,035 [652b82d9-1846-44d1-8352-7bf3439ad078-groupManagement] INFO  segmented.SegmentedRaftLogWorker (SegmentedRaftLogWorker.java:<init>(188)) - new 652b82d9-1846-44d1-8352-7bf3439ad078@group-32A51C59FD22-SegmentedRaftLogWorker for RaftStorageImpl:Storage Directory /home/runner/work/ozone/ozone/hadoop-ozone/integration-test/target/test-dir/MiniOzoneClusterImpl-b9d514d0-62e9-44b2-85a5-b07480d3784c/datanode-2/data/ratis/dde66346-54bf-4c28-8855-32a51c59fd22
2023-11-17 09:55:38,036 [652b82d9-1846-44d1-8352-7bf3439ad078-groupManagement] INFO  server.RaftServerConfigKeys (ConfUtils.java:logGet(46)) - raft.server.log.queue.byte-limit = 4294967296 (custom)
2023-11-17 09:55:38,036 [652b82d9-1846-44d1-8352-7bf3439ad078-groupManagement] INFO  server.RaftServerConfigKeys (ConfUtils.java:logGet(46)) - raft.server.log.queue.element-limit = 1024 (custom)
2023-11-17 09:55:38,036 [652b82d9-1846-44d1-8352-7bf3439ad078-groupManagement] INFO  server.RaftServerConfigKeys (ConfUtils.java:logGet(46)) - raft.server.log.segment.size.max = 1048576 (custom)
2023-11-17 09:55:38,036 [652b82d9-1846-44d1-8352-7bf3439ad078-groupManagement] INFO  server.RaftServerConfigKeys (ConfUtils.java:logGet(46)) - raft.server.log.preallocated.size = 16384 (custom)
2023-11-17 09:55:38,036 [652b82d9-1846-44d1-8352-7bf3439ad078-groupManagement] INFO  server.RaftServerConfigKeys (ConfUtils.java:logGet(46)) - raft.server.log.force.sync.num = 128 (default)
2023-11-17 09:55:38,036 [652b82d9-1846-44d1-8352-7bf3439ad078-groupManagement] INFO  server.RaftServerConfigKeys (ConfUtils.java:logGet(46)) - raft.server.log.statemachine.data.sync = true (default)
2023-11-17 09:55:38,036 [652b82d9-1846-44d1-8352-7bf3439ad078-groupManagement] INFO  server.RaftServerConfigKeys (ConfUtils.java:logGet(46)) - raft.server.log.statemachine.data.sync.timeout = 10s (default)
2023-11-17 09:55:38,036 [652b82d9-1846-44d1-8352-7bf3439ad078-groupManagement] INFO  server.RaftServerConfigKeys (ConfUtils.java:logGet(46)) - raft.server.log.statemachine.data.sync.timeout.retry = -1 (default)
2023-11-17 09:55:38,038 [3f7ce36a-008a-4440-b2ee-16e9e4e5a9e8-groupManagement] INFO  server.RaftServerConfigKeys (ConfUtils.java:logGet(46)) - raft.server.log.write.buffer.size = 1048576 (custom)
2023-11-17 09:55:38,039 [3f7ce36a-008a-4440-b2ee-16e9e4e5a9e8-groupManagement] INFO  server.RaftServerConfigKeys (ConfUtils.java:logGet(46)) - raft.server.log.appender.buffer.byte-limit = 33554432 (custom)
2023-11-17 09:55:38,040 [3f7ce36a-008a-4440-b2ee-16e9e4e5a9e8-groupManagement] INFO  server.RaftServerConfigKeys (ConfUtils.java:logGet(46)) - raft.server.log.unsafe-flush.enabled = false (default)
2023-11-17 09:55:38,040 [3f7ce36a-008a-4440-b2ee-16e9e4e5a9e8-groupManagement] INFO  server.RaftServerConfigKeys (ConfUtils.java:logGet(46)) - raft.server.log.async-flush.enabled = false (default)
2023-11-17 09:55:38,040 [3f7ce36a-008a-4440-b2ee-16e9e4e5a9e8-groupManagement] INFO  server.RaftServerConfigKeys (ConfUtils.java:logGet(46)) - raft.server.log.statemachine.data.caching.enabled = true (custom)
2023-11-17 09:55:38,040 [3f7ce36a-008a-4440-b2ee-16e9e4e5a9e8-groupManagement] INFO  segmented.SegmentedRaftLogWorker (SegmentedRaftLogWorker.java:lambda$new$0(135)) - 3f7ce36a-008a-4440-b2ee-16e9e4e5a9e8@group-32A51C59FD22-SegmentedRaftLogWorker: flushIndex: setUnconditionally 0 -> -1
2023-11-17 09:55:38,040 [3f7ce36a-008a-4440-b2ee-16e9e4e5a9e8-groupManagement] INFO  segmented.SegmentedRaftLogWorker (SegmentedRaftLogWorker.java:lambda$new$0(135)) - 3f7ce36a-008a-4440-b2ee-16e9e4e5a9e8@group-32A51C59FD22-SegmentedRaftLogWorker: safeCacheEvictIndex: setUnconditionally 0 -> -1
2023-11-17 09:55:38,040 [bfb594ff-14fd-40d9-830b-cf7a3dd84176-groupManagement] INFO  server.RaftServerConfigKeys (ConfUtils.java:logGet(46)) - raft.server.log.segment.cache.num.max = 2 (custom)
2023-11-17 09:55:38,040 [bfb594ff-14fd-40d9-830b-cf7a3dd84176-groupManagement] INFO  server.RaftServerConfigKeys (ConfUtils.java:logGet(46)) - raft.server.log.segment.cache.size.max = 200MB (=209715200) (default)
2023-11-17 09:55:38,040 [bfb594ff-14fd-40d9-830b-cf7a3dd84176-groupManagement] INFO  server.RaftServerConfigKeys (ConfUtils.java:logGet(46)) - raft.server.log.appender.buffer.byte-limit = 33554432 (custom)
2023-11-17 09:55:38,040 [bfb594ff-14fd-40d9-830b-cf7a3dd84176-groupManagement] INFO  segmented.SegmentedRaftLogWorker (SegmentedRaftLogWorker.java:<init>(188)) - new bfb594ff-14fd-40d9-830b-cf7a3dd84176@group-76FA6C5FEABD-SegmentedRaftLogWorker for RaftStorageImpl:Storage Directory /home/runner/work/ozone/ozone/hadoop-ozone/integration-test/target/test-dir/MiniOzoneClusterImpl-b9d514d0-62e9-44b2-85a5-b07480d3784c/datanode-6/data/ratis/6d9afe88-5f1d-4dd3-a08a-76fa6c5feabd
2023-11-17 09:55:38,040 [bfb594ff-14fd-40d9-830b-cf7a3dd84176-groupManagement] INFO  server.RaftServerConfigKeys (ConfUtils.java:logGet(46)) - raft.server.log.queue.byte-limit = 4294967296 (custom)
2023-11-17 09:55:38,041 [bfb594ff-14fd-40d9-830b-cf7a3dd84176-groupManagement] INFO  server.RaftServerConfigKeys (ConfUtils.java:logGet(46)) - raft.server.log.queue.element-limit = 1024 (custom)
2023-11-17 09:55:38,041 [bfb594ff-14fd-40d9-830b-cf7a3dd84176-groupManagement] INFO  server.RaftServerConfigKeys (ConfUtils.java:logGet(46)) - raft.server.log.segment.size.max = 1048576 (custom)
2023-11-17 09:55:38,041 [bfb594ff-14fd-40d9-830b-cf7a3dd84176-groupManagement] INFO  server.RaftServerConfigKeys (ConfUtils.java:logGet(46)) - raft.server.log.preallocated.size = 16384 (custom)
2023-11-17 09:55:38,041 [bfb594ff-14fd-40d9-830b-cf7a3dd84176-groupManagement] INFO  server.RaftServerConfigKeys (ConfUtils.java:logGet(46)) - raft.server.log.force.sync.num = 128 (default)
2023-11-17 09:55:38,041 [bfb594ff-14fd-40d9-830b-cf7a3dd84176-groupManagement] INFO  server.RaftServerConfigKeys (ConfUtils.java:logGet(46)) - raft.server.log.statemachine.data.sync = true (default)
2023-11-17 09:55:38,041 [bfb594ff-14fd-40d9-830b-cf7a3dd84176-groupManagement] INFO  server.RaftServerConfigKeys (ConfUtils.java:logGet(46)) - raft.server.log.statemachine.data.sync.timeout = 10s (default)
2023-11-17 09:55:38,041 [bfb594ff-14fd-40d9-830b-cf7a3dd84176-groupManagement] INFO  server.RaftServerConfigKeys (ConfUtils.java:logGet(46)) - raft.server.log.statemachine.data.sync.timeout.retry = -1 (default)
2023-11-17 09:55:38,043 [3f7ce36a-008a-4440-b2ee-16e9e4e5a9e8-groupManagement] INFO  server.RaftServer$Division (RaftServerImpl.java:start(342)) - 3f7ce36a-008a-4440-b2ee-16e9e4e5a9e8@group-32A51C59FD22: start as a follower, conf=-1: peers:[652b82d9-1846-44d1-8352-7bf3439ad078|rpc:10.1.0.9:15032|admin:10.1.0.9:15031|client:10.1.0.9:15030|dataStream:10.1.0.9:15033|priority:0|startupRole:FOLLOWER, 3f7ce36a-008a-4440-b2ee-16e9e4e5a9e8|rpc:10.1.0.9:15014|admin:10.1.0.9:15013|client:10.1.0.9:15012|dataStream:10.1.0.9:15015|priority:1|startupRole:FOLLOWER, 54bd6e84-2e53-4956-b446-cc6ac26bbc90|rpc:10.1.0.9:15023|admin:10.1.0.9:15022|client:10.1.0.9:15021|dataStream:10.1.0.9:15024|priority:0|startupRole:FOLLOWER]|listeners:[], old=null
2023-11-17 09:55:38,043 [3f7ce36a-008a-4440-b2ee-16e9e4e5a9e8-groupManagement] INFO  server.RaftServer$Division (RaftServerImpl.java:setRole(329)) - 3f7ce36a-008a-4440-b2ee-16e9e4e5a9e8@group-32A51C59FD22: changes role from      null to FOLLOWER at term 0 for startAsFollower
2023-11-17 09:55:38,043 [3f7ce36a-008a-4440-b2ee-16e9e4e5a9e8-groupManagement] INFO  impl.RoleInfo (RoleInfo.java:updateAndGet(139)) - 3f7ce36a-008a-4440-b2ee-16e9e4e5a9e8: start 3f7ce36a-008a-4440-b2ee-16e9e4e5a9e8@group-32A51C59FD22-FollowerState
2023-11-17 09:55:38,044 [3f7ce36a-008a-4440-b2ee-16e9e4e5a9e8@group-32A51C59FD22-FollowerState] INFO  server.RaftServerConfigKeys (ConfUtils.java:logFallback(53)) - raft.server.rpc.first-election.timeout.min = 5s (fallback to raft.server.rpc.timeout.min)
2023-11-17 09:55:38,044 [3f7ce36a-008a-4440-b2ee-16e9e4e5a9e8@group-32A51C59FD22-FollowerState] INFO  server.RaftServerConfigKeys (ConfUtils.java:logFallback(53)) - raft.server.rpc.first-election.timeout.max = 5200ms (fallback to raft.server.rpc.timeout.max)
2023-11-17 09:55:38,046 [3f7ce36a-008a-4440-b2ee-16e9e4e5a9e8-groupManagement] INFO  util.JmxRegister (JmxRegister.java:tryRegister(44)) - Successfully registered JMX Bean with object name Ratis:service=RaftServer,group=group-32A51C59FD22,id=3f7ce36a-008a-4440-b2ee-16e9e4e5a9e8
2023-11-17 09:55:38,046 [3f7ce36a-008a-4440-b2ee-16e9e4e5a9e8-groupManagement] INFO  server.RaftServerConfigKeys (ConfUtils.java:logGet(46)) - raft.server.snapshot.auto.trigger.enabled = true (custom)
2023-11-17 09:55:38,046 [3f7ce36a-008a-4440-b2ee-16e9e4e5a9e8-groupManagement] INFO  server.RaftServerConfigKeys (ConfUtils.java:logGet(46)) - raft.server.snapshot.auto.trigger.threshold = 10000 (custom)
2023-11-17 09:55:38,046 [3f7ce36a-008a-4440-b2ee-16e9e4e5a9e8-groupManagement] INFO  server.RaftServerConfigKeys (ConfUtils.java:logGet(46)) - raft.server.snapshot.retention.file.num = 5 (custom)
2023-11-17 09:55:38,046 [3f7ce36a-008a-4440-b2ee-16e9e4e5a9e8-groupManagement] INFO  server.RaftServerConfigKeys (ConfUtils.java:logGet(46)) - raft.server.log.purge.upto.snapshot.index = false (default)
2023-11-17 09:55:38,049 [fea717c9-b406-422e-8ccb-799e860d7c03-groupManagement] INFO  server.RaftServerConfigKeys (ConfUtils.java:logGet(46)) - raft.server.log.write.buffer.size = 1048576 (custom)
2023-11-17 09:55:38,050 [fea717c9-b406-422e-8ccb-799e860d7c03-groupManagement] INFO  server.RaftServerConfigKeys (ConfUtils.java:logGet(46)) - raft.server.log.appender.buffer.byte-limit = 33554432 (custom)
2023-11-17 09:55:38,051 [3f7ce36a-008a-4440-b2ee-16e9e4e5a9e8-PipelineCommandHandlerThread-0] INFO  ratis.XceiverServerRatis (XceiverServerRatis.java:addGroup(805)) - Created group PipelineID=dde66346-54bf-4c28-8855-32a51c59fd22
2023-11-17 09:55:38,052 [fea717c9-b406-422e-8ccb-799e860d7c03-groupManagement] INFO  server.RaftServerConfigKeys (ConfUtils.java:logGet(46)) - raft.server.log.unsafe-flush.enabled = false (default)
2023-11-17 09:55:38,052 [fea717c9-b406-422e-8ccb-799e860d7c03-groupManagement] INFO  server.RaftServerConfigKeys (ConfUtils.java:logGet(46)) - raft.server.log.async-flush.enabled = false (default)
2023-11-17 09:55:38,053 [fea717c9-b406-422e-8ccb-799e860d7c03-groupManagement] INFO  server.RaftServerConfigKeys (ConfUtils.java:logGet(46)) - raft.server.log.statemachine.data.caching.enabled = true (custom)
2023-11-17 09:55:38,053 [fea717c9-b406-422e-8ccb-799e860d7c03-groupManagement] INFO  segmented.SegmentedRaftLogWorker (SegmentedRaftLogWorker.java:lambda$new$0(135)) - fea717c9-b406-422e-8ccb-799e860d7c03@group-921E636CB4D7-SegmentedRaftLogWorker: flushIndex: setUnconditionally 0 -> -1
2023-11-17 09:55:38,053 [fea717c9-b406-422e-8ccb-799e860d7c03-groupManagement] INFO  segmented.SegmentedRaftLogWorker (SegmentedRaftLogWorker.java:lambda$new$0(135)) - fea717c9-b406-422e-8ccb-799e860d7c03@group-921E636CB4D7-SegmentedRaftLogWorker: safeCacheEvictIndex: setUnconditionally 0 -> -1
2023-11-17 09:55:38,053 [fea717c9-b406-422e-8ccb-799e860d7c03-groupManagement] INFO  server.RaftServer$Division (RaftServerImpl.java:start(342)) - fea717c9-b406-422e-8ccb-799e860d7c03@group-921E636CB4D7: start as a follower, conf=-1: peers:[2a883bf7-e5b8-4bdb-a368-a41799101186|rpc:10.1.0.9:15041|admin:10.1.0.9:15040|client:10.1.0.9:15039|dataStream:10.1.0.9:15042|priority:0|startupRole:FOLLOWER, 3172c264-2718-48bc-901b-d06defdb8935|rpc:10.1.0.9:15050|admin:10.1.0.9:15049|client:10.1.0.9:15048|dataStream:10.1.0.9:15051|priority:1|startupRole:FOLLOWER, fea717c9-b406-422e-8ccb-799e860d7c03|rpc:10.1.0.9:15059|admin:10.1.0.9:15058|client:10.1.0.9:15057|dataStream:10.1.0.9:15060|priority:0|startupRole:FOLLOWER]|listeners:[], old=null
2023-11-17 09:55:38,053 [fea717c9-b406-422e-8ccb-799e860d7c03-groupManagement] INFO  server.RaftServer$Division (RaftServerImpl.java:setRole(329)) - fea717c9-b406-422e-8ccb-799e860d7c03@group-921E636CB4D7: changes role from      null to FOLLOWER at term 0 for startAsFollower
2023-11-17 09:55:38,053 [fea717c9-b406-422e-8ccb-799e860d7c03-groupManagement] INFO  impl.RoleInfo (RoleInfo.java:updateAndGet(139)) - fea717c9-b406-422e-8ccb-799e860d7c03: start fea717c9-b406-422e-8ccb-799e860d7c03@group-921E636CB4D7-FollowerState
2023-11-17 09:55:38,053 [fea717c9-b406-422e-8ccb-799e860d7c03@group-921E636CB4D7-FollowerState] INFO  server.RaftServerConfigKeys (ConfUtils.java:logFallback(53)) - raft.server.rpc.first-election.timeout.min = 5s (fallback to raft.server.rpc.timeout.min)
2023-11-17 09:55:38,054 [fea717c9-b406-422e-8ccb-799e860d7c03@group-921E636CB4D7-FollowerState] INFO  server.RaftServerConfigKeys (ConfUtils.java:logFallback(53)) - raft.server.rpc.first-election.timeout.max = 5200ms (fallback to raft.server.rpc.timeout.max)
2023-11-17 09:55:38,060 [fea717c9-b406-422e-8ccb-799e860d7c03-groupManagement] INFO  util.JmxRegister (JmxRegister.java:tryRegister(44)) - Successfully registered JMX Bean with object name Ratis:service=RaftServer,group=group-921E636CB4D7,id=fea717c9-b406-422e-8ccb-799e860d7c03
2023-11-17 09:55:38,062 [fea717c9-b406-422e-8ccb-799e860d7c03-groupManagement] INFO  server.RaftServerConfigKeys (ConfUtils.java:logGet(46)) - raft.server.snapshot.auto.trigger.enabled = true (custom)
2023-11-17 09:55:38,065 [fea717c9-b406-422e-8ccb-799e860d7c03-groupManagement] INFO  server.RaftServerConfigKeys (ConfUtils.java:logGet(46)) - raft.server.snapshot.auto.trigger.threshold = 10000 (custom)
2023-11-17 09:55:38,065 [fea717c9-b406-422e-8ccb-799e860d7c03-groupManagement] INFO  server.RaftServerConfigKeys (ConfUtils.java:logGet(46)) - raft.server.snapshot.retention.file.num = 5 (custom)
2023-11-17 09:55:38,065 [fea717c9-b406-422e-8ccb-799e860d7c03-groupManagement] INFO  server.RaftServerConfigKeys (ConfUtils.java:logGet(46)) - raft.server.log.purge.upto.snapshot.index = false (default)
2023-11-17 09:55:38,061 [652b82d9-1846-44d1-8352-7bf3439ad078-groupManagement] INFO  server.RaftServerConfigKeys (ConfUtils.java:logGet(46)) - raft.server.log.write.buffer.size = 1048576 (custom)
2023-11-17 09:55:38,061 [bfb594ff-14fd-40d9-830b-cf7a3dd84176-groupManagement] INFO  server.RaftServerConfigKeys (ConfUtils.java:logGet(46)) - raft.server.log.write.buffer.size = 1048576 (custom)
2023-11-17 09:55:38,066 [fea717c9-b406-422e-8ccb-799e860d7c03-PipelineCommandHandlerThread-0] INFO  ratis.XceiverServerRatis (XceiverServerRatis.java:addGroup(805)) - Created group PipelineID=0df93212-96d5-4e9e-bcda-921e636cb4d7
2023-11-17 09:55:38,067 [652b82d9-1846-44d1-8352-7bf3439ad078-groupManagement] INFO  server.RaftServerConfigKeys (ConfUtils.java:logGet(46)) - raft.server.log.appender.buffer.byte-limit = 33554432 (custom)
2023-11-17 09:55:38,068 [652b82d9-1846-44d1-8352-7bf3439ad078-groupManagement] INFO  server.RaftServerConfigKeys (ConfUtils.java:logGet(46)) - raft.server.log.unsafe-flush.enabled = false (default)
2023-11-17 09:55:38,069 [652b82d9-1846-44d1-8352-7bf3439ad078-groupManagement] INFO  server.RaftServerConfigKeys (ConfUtils.java:logGet(46)) - raft.server.log.async-flush.enabled = false (default)
2023-11-17 09:55:38,069 [652b82d9-1846-44d1-8352-7bf3439ad078-groupManagement] INFO  server.RaftServerConfigKeys (ConfUtils.java:logGet(46)) - raft.server.log.statemachine.data.caching.enabled = true (custom)
2023-11-17 09:55:38,069 [652b82d9-1846-44d1-8352-7bf3439ad078-groupManagement] INFO  segmented.SegmentedRaftLogWorker (SegmentedRaftLogWorker.java:lambda$new$0(135)) - 652b82d9-1846-44d1-8352-7bf3439ad078@group-32A51C59FD22-SegmentedRaftLogWorker: flushIndex: setUnconditionally 0 -> -1
2023-11-17 09:55:38,069 [652b82d9-1846-44d1-8352-7bf3439ad078-groupManagement] INFO  segmented.SegmentedRaftLogWorker (SegmentedRaftLogWorker.java:lambda$new$0(135)) - 652b82d9-1846-44d1-8352-7bf3439ad078@group-32A51C59FD22-SegmentedRaftLogWorker: safeCacheEvictIndex: setUnconditionally 0 -> -1
2023-11-17 09:55:38,070 [a7578bdd-9139-4946-a78d-cc7981f76fa8-PipelineCommandHandlerThread-0] INFO  server.RaftServer (RaftServerProxy.java:addNew(98)) - a7578bdd-9139-4946-a78d-cc7981f76fa8: addNew group-02E4AB4F7B05:[a7578bdd-9139-4946-a78d-cc7981f76fa8|rpc:10.1.0.9:15077|admin:10.1.0.9:15076|client:10.1.0.9:15075|dataStream:10.1.0.9:15078|priority:1|startupRole:FOLLOWER] returns group-02E4AB4F7B05:java.util.concurrent.CompletableFuture@29c44c0a[Not completed]
2023-11-17 09:55:38,073 [652b82d9-1846-44d1-8352-7bf3439ad078-groupManagement] INFO  server.RaftServer$Division (RaftServerImpl.java:start(342)) - 652b82d9-1846-44d1-8352-7bf3439ad078@group-32A51C59FD22: start as a follower, conf=-1: peers:[652b82d9-1846-44d1-8352-7bf3439ad078|rpc:10.1.0.9:15032|admin:10.1.0.9:15031|client:10.1.0.9:15030|dataStream:10.1.0.9:15033|priority:0|startupRole:FOLLOWER, 3f7ce36a-008a-4440-b2ee-16e9e4e5a9e8|rpc:10.1.0.9:15014|admin:10.1.0.9:15013|client:10.1.0.9:15012|dataStream:10.1.0.9:15015|priority:1|startupRole:FOLLOWER, 54bd6e84-2e53-4956-b446-cc6ac26bbc90|rpc:10.1.0.9:15023|admin:10.1.0.9:15022|client:10.1.0.9:15021|dataStream:10.1.0.9:15024|priority:0|startupRole:FOLLOWER]|listeners:[], old=null
2023-11-17 09:55:38,073 [652b82d9-1846-44d1-8352-7bf3439ad078-groupManagement] INFO  server.RaftServer$Division (RaftServerImpl.java:setRole(329)) - 652b82d9-1846-44d1-8352-7bf3439ad078@group-32A51C59FD22: changes role from      null to FOLLOWER at term 0 for startAsFollower
2023-11-17 09:55:38,073 [652b82d9-1846-44d1-8352-7bf3439ad078-groupManagement] INFO  impl.RoleInfo (RoleInfo.java:updateAndGet(139)) - 652b82d9-1846-44d1-8352-7bf3439ad078: start 652b82d9-1846-44d1-8352-7bf3439ad078@group-32A51C59FD22-FollowerState
2023-11-17 09:55:38,073 [652b82d9-1846-44d1-8352-7bf3439ad078-groupManagement] INFO  util.JmxRegister (JmxRegister.java:tryRegister(44)) - Successfully registered JMX Bean with object name Ratis:service=RaftServer,group=group-32A51C59FD22,id=652b82d9-1846-44d1-8352-7bf3439ad078
2023-11-17 09:55:38,073 [652b82d9-1846-44d1-8352-7bf3439ad078@group-32A51C59FD22-FollowerState] INFO  server.RaftServerConfigKeys (ConfUtils.java:logFallback(53)) - raft.server.rpc.first-election.timeout.min = 5s (fallback to raft.server.rpc.timeout.min)
2023-11-17 09:55:38,073 [652b82d9-1846-44d1-8352-7bf3439ad078@group-32A51C59FD22-FollowerState] INFO  server.RaftServerConfigKeys (ConfUtils.java:logFallback(53)) - raft.server.rpc.first-election.timeout.max = 5200ms (fallback to raft.server.rpc.timeout.max)
2023-11-17 09:55:38,073 [652b82d9-1846-44d1-8352-7bf3439ad078-groupManagement] INFO  server.RaftServerConfigKeys (ConfUtils.java:logGet(46)) - raft.server.snapshot.auto.trigger.enabled = true (custom)
2023-11-17 09:55:38,079 [652b82d9-1846-44d1-8352-7bf3439ad078-groupManagement] INFO  server.RaftServerConfigKeys (ConfUtils.java:logGet(46)) - raft.server.snapshot.auto.trigger.threshold = 10000 (custom)
2023-11-17 09:55:38,079 [652b82d9-1846-44d1-8352-7bf3439ad078-groupManagement] INFO  server.RaftServerConfigKeys (ConfUtils.java:logGet(46)) - raft.server.snapshot.retention.file.num = 5 (custom)
2023-11-17 09:55:38,079 [652b82d9-1846-44d1-8352-7bf3439ad078-groupManagement] INFO  server.RaftServerConfigKeys (ConfUtils.java:logGet(46)) - raft.server.log.purge.upto.snapshot.index = false (default)
2023-11-17 09:55:38,081 [652b82d9-1846-44d1-8352-7bf3439ad078-PipelineCommandHandlerThread-0] INFO  ratis.XceiverServerRatis (XceiverServerRatis.java:addGroup(805)) - Created group PipelineID=dde66346-54bf-4c28-8855-32a51c59fd22
2023-11-17 09:55:38,081 [a7578bdd-9139-4946-a78d-cc7981f76fa8-groupManagement] INFO  server.RaftServer$Division (RaftServerImpl.java:<init>(198)) - a7578bdd-9139-4946-a78d-cc7981f76fa8: new RaftServerImpl for group-02E4AB4F7B05:[a7578bdd-9139-4946-a78d-cc7981f76fa8|rpc:10.1.0.9:15077|admin:10.1.0.9:15076|client:10.1.0.9:15075|dataStream:10.1.0.9:15078|priority:1|startupRole:FOLLOWER] with ContainerStateMachine:uninitialized
2023-11-17 09:55:38,081 [a7578bdd-9139-4946-a78d-cc7981f76fa8-groupManagement] INFO  server.RaftServerConfigKeys (ConfUtils.java:logGet(46)) - raft.server.rpc.timeout.min = 5s (custom)
2023-11-17 09:55:38,073 [bfb594ff-14fd-40d9-830b-cf7a3dd84176-groupManagement] INFO  server.RaftServerConfigKeys (ConfUtils.java:logGet(46)) - raft.server.log.appender.buffer.byte-limit = 33554432 (custom)
2023-11-17 09:55:38,082 [bfb594ff-14fd-40d9-830b-cf7a3dd84176-groupManagement] INFO  server.RaftServerConfigKeys (ConfUtils.java:logGet(46)) - raft.server.log.unsafe-flush.enabled = false (default)
2023-11-17 09:55:38,082 [bfb594ff-14fd-40d9-830b-cf7a3dd84176-groupManagement] INFO  server.RaftServerConfigKeys (ConfUtils.java:logGet(46)) - raft.server.log.async-flush.enabled = false (default)
2023-11-17 09:55:38,082 [bfb594ff-14fd-40d9-830b-cf7a3dd84176-groupManagement] INFO  server.RaftServerConfigKeys (ConfUtils.java:logGet(46)) - raft.server.log.statemachine.data.caching.enabled = true (custom)
2023-11-17 09:55:38,082 [bfb594ff-14fd-40d9-830b-cf7a3dd84176-groupManagement] INFO  segmented.SegmentedRaftLogWorker (SegmentedRaftLogWorker.java:lambda$new$0(135)) - bfb594ff-14fd-40d9-830b-cf7a3dd84176@group-76FA6C5FEABD-SegmentedRaftLogWorker: flushIndex: setUnconditionally 0 -> -1
2023-11-17 09:55:38,082 [bfb594ff-14fd-40d9-830b-cf7a3dd84176-groupManagement] INFO  segmented.SegmentedRaftLogWorker (SegmentedRaftLogWorker.java:lambda$new$0(135)) - bfb594ff-14fd-40d9-830b-cf7a3dd84176@group-76FA6C5FEABD-SegmentedRaftLogWorker: safeCacheEvictIndex: setUnconditionally 0 -> -1
2023-11-17 09:55:38,082 [a7578bdd-9139-4946-a78d-cc7981f76fa8-groupManagement] INFO  server.RaftServerConfigKeys (ConfUtils.java:logGet(46)) - raft.server.rpc.timeout.max = 5200ms (custom)
2023-11-17 09:55:38,082 [a7578bdd-9139-4946-a78d-cc7981f76fa8-groupManagement] INFO  server.RaftServerConfigKeys (ConfUtils.java:logGet(46)) - raft.server.rpc.sleep.time = 25ms (default)
2023-11-17 09:55:38,082 [a7578bdd-9139-4946-a78d-cc7981f76fa8-groupManagement] INFO  server.RaftServerConfigKeys (ConfUtils.java:logGet(46)) - raft.server.rpc.slowness.timeout = 300s (custom)
2023-11-17 09:55:38,082 [a7578bdd-9139-4946-a78d-cc7981f76fa8-groupManagement] INFO  server.RaftServerConfigKeys (ConfUtils.java:logGet(46)) - raft.server.leaderelection.leader.step-down.wait-time = 10s (default)
2023-11-17 09:55:38,082 [a7578bdd-9139-4946-a78d-cc7981f76fa8-groupManagement] INFO  server.RaftServerConfigKeys (ConfUtils.java:logGet(46)) - raft.server.sleep.deviation.threshold = 300ms (default)
2023-11-17 09:55:38,082 [a7578bdd-9139-4946-a78d-cc7981f76fa8-groupManagement] INFO  server.RaftServer$Division (ServerState.java:<init>(120)) - a7578bdd-9139-4946-a78d-cc7981f76fa8@group-02E4AB4F7B05: ConfigurationManager, init=-1: peers:[a7578bdd-9139-4946-a78d-cc7981f76fa8|rpc:10.1.0.9:15077|admin:10.1.0.9:15076|client:10.1.0.9:15075|dataStream:10.1.0.9:15078|priority:1|startupRole:FOLLOWER]|listeners:[], old=null, confs=<EMPTY_MAP>
2023-11-17 09:55:38,082 [a7578bdd-9139-4946-a78d-cc7981f76fa8-groupManagement] INFO  server.RaftServerConfigKeys (ConfUtils.java:logGet(46)) - raft.server.storage.dir = [/home/runner/work/ozone/ozone/hadoop-ozone/integration-test/target/test-dir/MiniOzoneClusterImpl-b9d514d0-62e9-44b2-85a5-b07480d3784c/datanode-7/data/ratis] (custom)
2023-11-17 09:55:38,083 [a7578bdd-9139-4946-a78d-cc7981f76fa8-groupManagement] INFO  server.RaftServerConfigKeys (ConfUtils.java:logGet(46)) - raft.server.log.corruption.policy = EXCEPTION (default)
2023-11-17 09:55:38,083 [a7578bdd-9139-4946-a78d-cc7981f76fa8-groupManagement] INFO  server.RaftServerConfigKeys (ConfUtils.java:logGet(46)) - raft.server.storage.free-space.min = 0MB (=0) (default)
2023-11-17 09:55:38,083 [a7578bdd-9139-4946-a78d-cc7981f76fa8-groupManagement] INFO  server.RaftServerConfigKeys (ConfUtils.java:logGet(46)) - raft.server.notification.no-leader.timeout = 300s (custom)
2023-11-17 09:55:38,083 [a7578bdd-9139-4946-a78d-cc7981f76fa8-groupManagement] INFO  server.RaftServerConfigKeys (ConfUtils.java:logGet(46)) - raft.server.read.timeout = 10s (default)
2023-11-17 09:55:38,083 [a7578bdd-9139-4946-a78d-cc7981f76fa8-groupManagement] INFO  server.RaftServerConfigKeys (ConfUtils.java:logGet(46)) - raft.server.retrycache.expirytime = 600000ms (custom)
2023-11-17 09:55:38,083 [a7578bdd-9139-4946-a78d-cc7981f76fa8-groupManagement] INFO  server.RaftServerConfigKeys (ConfUtils.java:logGet(46)) - raft.server.retrycache.statistics.expirytime = 100μs (default)
2023-11-17 09:55:38,083 [a7578bdd-9139-4946-a78d-cc7981f76fa8-groupManagement] INFO  server.RaftServerConfigKeys (ConfUtils.java:logGet(46)) - raft.server.read.option = DEFAULT (default)
2023-11-17 09:55:38,091 [bfb594ff-14fd-40d9-830b-cf7a3dd84176-groupManagement] INFO  server.RaftServer$Division (RaftServerImpl.java:start(342)) - bfb594ff-14fd-40d9-830b-cf7a3dd84176@group-76FA6C5FEABD: start as a follower, conf=-1: peers:[bfb594ff-14fd-40d9-830b-cf7a3dd84176|rpc:10.1.0.9:15068|admin:10.1.0.9:15067|client:10.1.0.9:15066|dataStream:10.1.0.9:15069|priority:1|startupRole:FOLLOWER]|listeners:[], old=null
2023-11-17 09:55:38,091 [bfb594ff-14fd-40d9-830b-cf7a3dd84176-groupManagement] INFO  server.RaftServer$Division (RaftServerImpl.java:setRole(329)) - bfb594ff-14fd-40d9-830b-cf7a3dd84176@group-76FA6C5FEABD: changes role from      null to FOLLOWER at term 0 for startAsFollower
2023-11-17 09:55:38,091 [bfb594ff-14fd-40d9-830b-cf7a3dd84176-groupManagement] INFO  impl.RoleInfo (RoleInfo.java:updateAndGet(139)) - bfb594ff-14fd-40d9-830b-cf7a3dd84176: start bfb594ff-14fd-40d9-830b-cf7a3dd84176@group-76FA6C5FEABD-FollowerState
2023-11-17 09:55:38,091 [bfb594ff-14fd-40d9-830b-cf7a3dd84176-groupManagement] INFO  util.JmxRegister (JmxRegister.java:tryRegister(44)) - Successfully registered JMX Bean with object name Ratis:service=RaftServer,group=group-76FA6C5FEABD,id=bfb594ff-14fd-40d9-830b-cf7a3dd84176
2023-11-17 09:55:38,092 [bfb594ff-14fd-40d9-830b-cf7a3dd84176-groupManagement] INFO  server.RaftServerConfigKeys (ConfUtils.java:logGet(46)) - raft.server.snapshot.auto.trigger.enabled = true (custom)
2023-11-17 09:55:38,092 [bfb594ff-14fd-40d9-830b-cf7a3dd84176-groupManagement] INFO  server.RaftServerConfigKeys (ConfUtils.java:logGet(46)) - raft.server.snapshot.auto.trigger.threshold = 10000 (custom)
2023-11-17 09:55:38,092 [bfb594ff-14fd-40d9-830b-cf7a3dd84176-groupManagement] INFO  server.RaftServerConfigKeys (ConfUtils.java:logGet(46)) - raft.server.snapshot.retention.file.num = 5 (custom)
2023-11-17 09:55:38,092 [bfb594ff-14fd-40d9-830b-cf7a3dd84176-groupManagement] INFO  server.RaftServerConfigKeys (ConfUtils.java:logGet(46)) - raft.server.log.purge.upto.snapshot.index = false (default)
2023-11-17 09:55:38,092 [bfb594ff-14fd-40d9-830b-cf7a3dd84176@group-76FA6C5FEABD-FollowerState] INFO  server.RaftServerConfigKeys (ConfUtils.java:logFallback(53)) - raft.server.rpc.first-election.timeout.min = 5s (fallback to raft.server.rpc.timeout.min)
2023-11-17 09:55:38,093 [bfb594ff-14fd-40d9-830b-cf7a3dd84176@group-76FA6C5FEABD-FollowerState] INFO  server.RaftServerConfigKeys (ConfUtils.java:logFallback(53)) - raft.server.rpc.first-election.timeout.max = 5200ms (fallback to raft.server.rpc.timeout.max)
2023-11-17 09:55:38,094 [a7578bdd-9139-4946-a78d-cc7981f76fa8-groupManagement] INFO  server.RaftServerConfigKeys (ConfUtils.java:logGet(46)) - raft.server.rpc.request.timeout = 60s (custom)
2023-11-17 09:55:38,094 [a7578bdd-9139-4946-a78d-cc7981f76fa8-groupManagement] INFO  server.RaftServerConfigKeys (ConfUtils.java:logGet(46)) - raft.server.log.appender.install.snapshot.enabled = false (custom)
2023-11-17 09:55:38,094 [a7578bdd-9139-4946-a78d-cc7981f76fa8-groupManagement] INFO  server.RaftServerConfigKeys (ConfUtils.java:logGet(46)) - raft.server.threadpool.server.cached = true (default)
2023-11-17 09:55:38,094 [a7578bdd-9139-4946-a78d-cc7981f76fa8-groupManagement] INFO  server.RaftServerConfigKeys (ConfUtils.java:logGet(46)) - raft.server.threadpool.server.size = 0 (default)
2023-11-17 09:55:38,094 [a7578bdd-9139-4946-a78d-cc7981f76fa8-groupManagement] INFO  server.RaftServerConfigKeys (ConfUtils.java:logGet(46)) - raft.server.threadpool.client.cached = true (default)
2023-11-17 09:55:38,095 [a7578bdd-9139-4946-a78d-cc7981f76fa8-groupManagement] INFO  server.RaftServerConfigKeys (ConfUtils.java:logGet(46)) - raft.server.threadpool.client.size = 0 (default)
2023-11-17 09:55:38,095 [a7578bdd-9139-4946-a78d-cc7981f76fa8-groupManagement] INFO  storage.RaftStorageDirectory (RaftStorageDirectoryImpl.java:analyzeStorage(137)) - The storage directory /home/runner/work/ozone/ozone/hadoop-ozone/integration-test/target/test-dir/MiniOzoneClusterImpl-b9d514d0-62e9-44b2-85a5-b07480d3784c/datanode-7/data/ratis/db99a577-c343-4c5d-a962-02e4ab4f7b05 does not exist. Creating ...
2023-11-17 09:55:38,101 [bfb594ff-14fd-40d9-830b-cf7a3dd84176-PipelineCommandHandlerThread-0] INFO  ratis.XceiverServerRatis (XceiverServerRatis.java:addGroup(805)) - Created group PipelineID=6d9afe88-5f1d-4dd3-a08a-76fa6c5feabd
2023-11-17 09:55:38,101 [bfb594ff-14fd-40d9-830b-cf7a3dd84176-PipelineCommandHandlerThread-0] INFO  commandhandler.CreatePipelineCommandHandler (CreatePipelineCommandHandler.java:lambda$handle$2(124)) - Created Pipeline RATIS ONE PipelineID=6d9afe88-5f1d-4dd3-a08a-76fa6c5feabd.
2023-11-17 09:55:38,101 [bfb594ff-14fd-40d9-830b-cf7a3dd84176-PipelineCommandHandlerThread-0] INFO  server.RaftServer (RaftServerProxy.java:addNew(98)) - bfb594ff-14fd-40d9-830b-cf7a3dd84176: addNew group-89F4F4114EAB:[cb74a50f-08de-45ec-b832-8b69b058d768|rpc:10.1.0.9:15086|admin:10.1.0.9:15085|client:10.1.0.9:15084|dataStream:10.1.0.9:15087|priority:0|startupRole:FOLLOWER, a7578bdd-9139-4946-a78d-cc7981f76fa8|rpc:10.1.0.9:15077|admin:10.1.0.9:15076|client:10.1.0.9:15075|dataStream:10.1.0.9:15078|priority:0|startupRole:FOLLOWER, bfb594ff-14fd-40d9-830b-cf7a3dd84176|rpc:10.1.0.9:15068|admin:10.1.0.9:15067|client:10.1.0.9:15066|dataStream:10.1.0.9:15069|priority:1|startupRole:FOLLOWER] returns group-89F4F4114EAB:java.util.concurrent.CompletableFuture@43b578b1[Not completed]
2023-11-17 09:55:38,101 [a7578bdd-9139-4946-a78d-cc7981f76fa8-groupManagement] INFO  storage.RaftStorageDirectory (RaftStorageDirectoryImpl.java:tryLock(231)) - Lock on /home/runner/work/ozone/ozone/hadoop-ozone/integration-test/target/test-dir/MiniOzoneClusterImpl-b9d514d0-62e9-44b2-85a5-b07480d3784c/datanode-7/data/ratis/db99a577-c343-4c5d-a962-02e4ab4f7b05/in_use.lock acquired by nodename 28525@fv-az1021-556
2023-11-17 09:55:38,102 [bfb594ff-14fd-40d9-830b-cf7a3dd84176-groupManagement] INFO  server.RaftServer$Division (RaftServerImpl.java:<init>(198)) - bfb594ff-14fd-40d9-830b-cf7a3dd84176: new RaftServerImpl for group-89F4F4114EAB:[cb74a50f-08de-45ec-b832-8b69b058d768|rpc:10.1.0.9:15086|admin:10.1.0.9:15085|client:10.1.0.9:15084|dataStream:10.1.0.9:15087|priority:0|startupRole:FOLLOWER, a7578bdd-9139-4946-a78d-cc7981f76fa8|rpc:10.1.0.9:15077|admin:10.1.0.9:15076|client:10.1.0.9:15075|dataStream:10.1.0.9:15078|priority:0|startupRole:FOLLOWER, bfb594ff-14fd-40d9-830b-cf7a3dd84176|rpc:10.1.0.9:15068|admin:10.1.0.9:15067|client:10.1.0.9:15066|dataStream:10.1.0.9:15069|priority:1|startupRole:FOLLOWER] with ContainerStateMachine:uninitialized
2023-11-17 09:55:38,102 [bfb594ff-14fd-40d9-830b-cf7a3dd84176-groupManagement] INFO  server.RaftServerConfigKeys (ConfUtils.java:logGet(46)) - raft.server.rpc.timeout.min = 5s (custom)
2023-11-17 09:55:38,102 [bfb594ff-14fd-40d9-830b-cf7a3dd84176-groupManagement] INFO  server.RaftServerConfigKeys (ConfUtils.java:logGet(46)) - raft.server.rpc.timeout.max = 5200ms (custom)
2023-11-17 09:55:38,102 [bfb594ff-14fd-40d9-830b-cf7a3dd84176-groupManagement] INFO  server.RaftServerConfigKeys (ConfUtils.java:logGet(46)) - raft.server.rpc.sleep.time = 25ms (default)
2023-11-17 09:55:38,102 [bfb594ff-14fd-40d9-830b-cf7a3dd84176-groupManagement] INFO  server.RaftServerConfigKeys (ConfUtils.java:logGet(46)) - raft.server.rpc.slowness.timeout = 300s (custom)
2023-11-17 09:55:38,102 [bfb594ff-14fd-40d9-830b-cf7a3dd84176-groupManagement] INFO  server.RaftServerConfigKeys (ConfUtils.java:logGet(46)) - raft.server.leaderelection.leader.step-down.wait-time = 10s (default)
2023-11-17 09:55:38,102 [bfb594ff-14fd-40d9-830b-cf7a3dd84176-groupManagement] INFO  server.RaftServerConfigKeys (ConfUtils.java:logGet(46)) - raft.server.sleep.deviation.threshold = 300ms (default)
2023-11-17 09:55:38,102 [bfb594ff-14fd-40d9-830b-cf7a3dd84176-groupManagement] INFO  server.RaftServer$Division (ServerState.java:<init>(120)) - bfb594ff-14fd-40d9-830b-cf7a3dd84176@group-89F4F4114EAB: ConfigurationManager, init=-1: peers:[cb74a50f-08de-45ec-b832-8b69b058d768|rpc:10.1.0.9:15086|admin:10.1.0.9:15085|client:10.1.0.9:15084|dataStream:10.1.0.9:15087|priority:0|startupRole:FOLLOWER, a7578bdd-9139-4946-a78d-cc7981f76fa8|rpc:10.1.0.9:15077|admin:10.1.0.9:15076|client:10.1.0.9:15075|dataStream:10.1.0.9:15078|priority:0|startupRole:FOLLOWER, bfb594ff-14fd-40d9-830b-cf7a3dd84176|rpc:10.1.0.9:15068|admin:10.1.0.9:15067|client:10.1.0.9:15066|dataStream:10.1.0.9:15069|priority:1|startupRole:FOLLOWER]|listeners:[], old=null, confs=<EMPTY_MAP>
2023-11-17 09:55:38,102 [bfb594ff-14fd-40d9-830b-cf7a3dd84176-groupManagement] INFO  server.RaftServerConfigKeys (ConfUtils.java:logGet(46)) - raft.server.storage.dir = [/home/runner/work/ozone/ozone/hadoop-ozone/integration-test/target/test-dir/MiniOzoneClusterImpl-b9d514d0-62e9-44b2-85a5-b07480d3784c/datanode-6/data/ratis] (custom)
2023-11-17 09:55:38,103 [bfb594ff-14fd-40d9-830b-cf7a3dd84176-groupManagement] INFO  server.RaftServerConfigKeys (ConfUtils.java:logGet(46)) - raft.server.log.corruption.policy = EXCEPTION (default)
2023-11-17 09:55:38,103 [bfb594ff-14fd-40d9-830b-cf7a3dd84176-groupManagement] INFO  server.RaftServerConfigKeys (ConfUtils.java:logGet(46)) - raft.server.storage.free-space.min = 0MB (=0) (default)
2023-11-17 09:55:38,103 [a7578bdd-9139-4946-a78d-cc7981f76fa8-groupManagement] INFO  storage.RaftStorage (RaftStorageImpl.java:format(96)) - Storage directory /home/runner/work/ozone/ozone/hadoop-ozone/integration-test/target/test-dir/MiniOzoneClusterImpl-b9d514d0-62e9-44b2-85a5-b07480d3784c/datanode-7/data/ratis/db99a577-c343-4c5d-a962-02e4ab4f7b05 has been successfully formatted.
2023-11-17 09:55:38,103 [bfb594ff-14fd-40d9-830b-cf7a3dd84176-groupManagement] INFO  server.RaftServerConfigKeys (ConfUtils.java:logGet(46)) - raft.server.notification.no-leader.timeout = 300s (custom)
2023-11-17 09:55:38,103 [bfb594ff-14fd-40d9-830b-cf7a3dd84176-groupManagement] INFO  server.RaftServerConfigKeys (ConfUtils.java:logGet(46)) - raft.server.read.timeout = 10s (default)
2023-11-17 09:55:38,103 [bfb594ff-14fd-40d9-830b-cf7a3dd84176-groupManagement] INFO  server.RaftServerConfigKeys (ConfUtils.java:logGet(46)) - raft.server.retrycache.expirytime = 600000ms (custom)
2023-11-17 09:55:38,103 [bfb594ff-14fd-40d9-830b-cf7a3dd84176-groupManagement] INFO  server.RaftServerConfigKeys (ConfUtils.java:logGet(46)) - raft.server.retrycache.statistics.expirytime = 100μs (default)
2023-11-17 09:55:38,103 [bfb594ff-14fd-40d9-830b-cf7a3dd84176-groupManagement] INFO  server.RaftServerConfigKeys (ConfUtils.java:logGet(46)) - raft.server.read.option = DEFAULT (default)
2023-11-17 09:55:38,104 [bfb594ff-14fd-40d9-830b-cf7a3dd84176-groupManagement] INFO  server.RaftServerConfigKeys (ConfUtils.java:logGet(46)) - raft.server.rpc.request.timeout = 60s (custom)
2023-11-17 09:55:38,104 [bfb594ff-14fd-40d9-830b-cf7a3dd84176-groupManagement] INFO  server.RaftServerConfigKeys (ConfUtils.java:logGet(46)) - raft.server.log.appender.install.snapshot.enabled = false (custom)
2023-11-17 09:55:38,105 [bfb594ff-14fd-40d9-830b-cf7a3dd84176-groupManagement] INFO  server.RaftServerConfigKeys (ConfUtils.java:logGet(46)) - raft.server.threadpool.server.cached = true (default)
2023-11-17 09:55:38,105 [bfb594ff-14fd-40d9-830b-cf7a3dd84176-groupManagement] INFO  server.RaftServerConfigKeys (ConfUtils.java:logGet(46)) - raft.server.threadpool.server.size = 0 (default)
2023-11-17 09:55:38,105 [bfb594ff-14fd-40d9-830b-cf7a3dd84176-groupManagement] INFO  server.RaftServerConfigKeys (ConfUtils.java:logGet(46)) - raft.server.threadpool.client.cached = true (default)
2023-11-17 09:55:38,105 [bfb594ff-14fd-40d9-830b-cf7a3dd84176-groupManagement] INFO  server.RaftServerConfigKeys (ConfUtils.java:logGet(46)) - raft.server.threadpool.client.size = 0 (default)
2023-11-17 09:55:38,105 [bfb594ff-14fd-40d9-830b-cf7a3dd84176-groupManagement] INFO  storage.RaftStorageDirectory (RaftStorageDirectoryImpl.java:analyzeStorage(137)) - The storage directory /home/runner/work/ozone/ozone/hadoop-ozone/integration-test/target/test-dir/MiniOzoneClusterImpl-b9d514d0-62e9-44b2-85a5-b07480d3784c/datanode-6/data/ratis/dc120092-d2e9-426a-ac7c-89f4f4114eab does not exist. Creating ...
2023-11-17 09:55:38,106 [bfb594ff-14fd-40d9-830b-cf7a3dd84176-groupManagement] INFO  storage.RaftStorageDirectory (RaftStorageDirectoryImpl.java:tryLock(231)) - Lock on /home/runner/work/ozone/ozone/hadoop-ozone/integration-test/target/test-dir/MiniOzoneClusterImpl-b9d514d0-62e9-44b2-85a5-b07480d3784c/datanode-6/data/ratis/dc120092-d2e9-426a-ac7c-89f4f4114eab/in_use.lock acquired by nodename 28525@fv-az1021-556
2023-11-17 09:55:38,107 [bfb594ff-14fd-40d9-830b-cf7a3dd84176-groupManagement] INFO  storage.RaftStorage (RaftStorageImpl.java:format(96)) - Storage directory /home/runner/work/ozone/ozone/hadoop-ozone/integration-test/target/test-dir/MiniOzoneClusterImpl-b9d514d0-62e9-44b2-85a5-b07480d3784c/datanode-6/data/ratis/dc120092-d2e9-426a-ac7c-89f4f4114eab has been successfully formatted.
2023-11-17 09:55:38,107 [bfb594ff-14fd-40d9-830b-cf7a3dd84176-groupManagement] INFO  ratis.ContainerStateMachine (ContainerStateMachine.java:loadSnapshot(269)) - group-89F4F4114EAB: The snapshot info is null. Setting the last applied indexto:(t:0, i:~)
2023-11-17 09:55:38,107 [bfb594ff-14fd-40d9-830b-cf7a3dd84176-groupManagement] INFO  server.RaftServerConfigKeys (ConfUtils.java:logGet(46)) - raft.server.log.use.memory = false (default)
2023-11-17 09:55:38,107 [bfb594ff-14fd-40d9-830b-cf7a3dd84176-groupManagement] INFO  server.RaftServerConfigKeys (ConfUtils.java:logGet(46)) - raft.server.log.purge.gap = 1000000 (custom)
2023-11-17 09:55:38,107 [bfb594ff-14fd-40d9-830b-cf7a3dd84176-groupManagement] INFO  server.RaftServerConfigKeys (ConfUtils.java:logGet(46)) - raft.server.log.appender.buffer.byte-limit = 33554432 (custom)
2023-11-17 09:55:38,108 [bfb594ff-14fd-40d9-830b-cf7a3dd84176-groupManagement] INFO  server.RaftServerConfigKeys (ConfUtils.java:logGet(46)) - raft.server.log.statemachine.data.read.timeout = 1000ms (default)
2023-11-17 09:55:38,108 [bfb594ff-14fd-40d9-830b-cf7a3dd84176-groupManagement] INFO  server.RaftServerConfigKeys (ConfUtils.java:logGet(46)) - raft.server.log.purge.preservation.log.num = 0 (default)
2023-11-17 09:55:38,108 [bfb594ff-14fd-40d9-830b-cf7a3dd84176-groupManagement] INFO  server.RaftServerConfigKeys (ConfUtils.java:logGet(46)) - raft.server.log.segment.size.max = 1048576 (custom)
2023-11-17 09:55:38,108 [bfb594ff-14fd-40d9-830b-cf7a3dd84176-groupManagement] INFO  server.RaftServerConfigKeys (ConfUtils.java:logGet(46)) - raft.server.log.segment.cache.num.max = 2 (custom)
2023-11-17 09:55:38,108 [bfb594ff-14fd-40d9-830b-cf7a3dd84176-groupManagement] INFO  server.RaftServerConfigKeys (ConfUtils.java:logGet(46)) - raft.server.log.segment.cache.size.max = 200MB (=209715200) (default)
2023-11-17 09:55:38,108 [bfb594ff-14fd-40d9-830b-cf7a3dd84176-groupManagement] INFO  server.RaftServerConfigKeys (ConfUtils.java:logGet(46)) - raft.server.log.appender.buffer.byte-limit = 33554432 (custom)
2023-11-17 09:55:38,109 [bfb594ff-14fd-40d9-830b-cf7a3dd84176-groupManagement] INFO  segmented.SegmentedRaftLogWorker (SegmentedRaftLogWorker.java:<init>(188)) - new bfb594ff-14fd-40d9-830b-cf7a3dd84176@group-89F4F4114EAB-SegmentedRaftLogWorker for RaftStorageImpl:Storage Directory /home/runner/work/ozone/ozone/hadoop-ozone/integration-test/target/test-dir/MiniOzoneClusterImpl-b9d514d0-62e9-44b2-85a5-b07480d3784c/datanode-6/data/ratis/dc120092-d2e9-426a-ac7c-89f4f4114eab
2023-11-17 09:55:38,109 [bfb594ff-14fd-40d9-830b-cf7a3dd84176-groupManagement] INFO  server.RaftServerConfigKeys (ConfUtils.java:logGet(46)) - raft.server.log.queue.byte-limit = 4294967296 (custom)
2023-11-17 09:55:38,109 [bfb594ff-14fd-40d9-830b-cf7a3dd84176-groupManagement] INFO  server.RaftServerConfigKeys (ConfUtils.java:logGet(46)) - raft.server.log.queue.element-limit = 1024 (custom)
2023-11-17 09:55:38,109 [bfb594ff-14fd-40d9-830b-cf7a3dd84176-groupManagement] INFO  server.RaftServerConfigKeys (ConfUtils.java:logGet(46)) - raft.server.log.segment.size.max = 1048576 (custom)
2023-11-17 09:55:38,109 [bfb594ff-14fd-40d9-830b-cf7a3dd84176-groupManagement] INFO  server.RaftServerConfigKeys (ConfUtils.java:logGet(46)) - raft.server.log.preallocated.size = 16384 (custom)
2023-11-17 09:55:38,109 [bfb594ff-14fd-40d9-830b-cf7a3dd84176-groupManagement] INFO  server.RaftServerConfigKeys (ConfUtils.java:logGet(46)) - raft.server.log.force.sync.num = 128 (default)
2023-11-17 09:55:38,109 [bfb594ff-14fd-40d9-830b-cf7a3dd84176-groupManagement] INFO  server.RaftServerConfigKeys (ConfUtils.java:logGet(46)) - raft.server.log.statemachine.data.sync = true (default)
2023-11-17 09:55:38,109 [bfb594ff-14fd-40d9-830b-cf7a3dd84176-groupManagement] INFO  server.RaftServerConfigKeys (ConfUtils.java:logGet(46)) - raft.server.log.statemachine.data.sync.timeout = 10s (default)
2023-11-17 09:55:38,109 [bfb594ff-14fd-40d9-830b-cf7a3dd84176-groupManagement] INFO  server.RaftServerConfigKeys (ConfUtils.java:logGet(46)) - raft.server.log.statemachine.data.sync.timeout.retry = -1 (default)
2023-11-17 09:55:38,110 [3172c264-2718-48bc-901b-d06defdb8935-PipelineCommandHandlerThread-0] INFO  commandhandler.CreatePipelineCommandHandler (CreatePipelineCommandHandler.java:lambda$handle$2(124)) - Created Pipeline RATIS THREE PipelineID=b7d63c71-7857-4b6e-a0c9-5381fd1ff82c.
2023-11-17 09:55:38,111 [a7578bdd-9139-4946-a78d-cc7981f76fa8-groupManagement] INFO  ratis.ContainerStateMachine (ContainerStateMachine.java:loadSnapshot(269)) - group-02E4AB4F7B05: The snapshot info is null. Setting the last applied indexto:(t:0, i:~)
2023-11-17 09:55:38,111 [3172c264-2718-48bc-901b-d06defdb8935-PipelineCommandHandlerThread-0] INFO  server.RaftServer (RaftServerProxy.java:addNew(98)) - 3172c264-2718-48bc-901b-d06defdb8935: addNew group-921E636CB4D7:[2a883bf7-e5b8-4bdb-a368-a41799101186|rpc:10.1.0.9:15041|admin:10.1.0.9:15040|client:10.1.0.9:15039|dataStream:10.1.0.9:15042|priority:0|startupRole:FOLLOWER, 3172c264-2718-48bc-901b-d06defdb8935|rpc:10.1.0.9:15050|admin:10.1.0.9:15049|client:10.1.0.9:15048|dataStream:10.1.0.9:15051|priority:1|startupRole:FOLLOWER, fea717c9-b406-422e-8ccb-799e860d7c03|rpc:10.1.0.9:15059|admin:10.1.0.9:15058|client:10.1.0.9:15057|dataStream:10.1.0.9:15060|priority:0|startupRole:FOLLOWER] returns group-921E636CB4D7:java.util.concurrent.CompletableFuture@2e760912[Not completed]
2023-11-17 09:55:38,111 [a7578bdd-9139-4946-a78d-cc7981f76fa8-groupManagement] INFO  server.RaftServerConfigKeys (ConfUtils.java:logGet(46)) - raft.server.log.use.memory = false (default)
2023-11-17 09:55:38,112 [a7578bdd-9139-4946-a78d-cc7981f76fa8-groupManagement] INFO  server.RaftServerConfigKeys (ConfUtils.java:logGet(46)) - raft.server.log.purge.gap = 1000000 (custom)
2023-11-17 09:55:38,112 [a7578bdd-9139-4946-a78d-cc7981f76fa8-groupManagement] INFO  server.RaftServerConfigKeys (ConfUtils.java:logGet(46)) - raft.server.log.appender.buffer.byte-limit = 33554432 (custom)
2023-11-17 09:55:38,112 [a7578bdd-9139-4946-a78d-cc7981f76fa8-groupManagement] INFO  server.RaftServerConfigKeys (ConfUtils.java:logGet(46)) - raft.server.log.statemachine.data.read.timeout = 1000ms (default)
2023-11-17 09:55:38,112 [a7578bdd-9139-4946-a78d-cc7981f76fa8-groupManagement] INFO  server.RaftServerConfigKeys (ConfUtils.java:logGet(46)) - raft.server.log.purge.preservation.log.num = 0 (default)
2023-11-17 09:55:38,112 [a7578bdd-9139-4946-a78d-cc7981f76fa8-groupManagement] INFO  server.RaftServerConfigKeys (ConfUtils.java:logGet(46)) - raft.server.log.segment.size.max = 1048576 (custom)
2023-11-17 09:55:38,114 [3172c264-2718-48bc-901b-d06defdb8935-groupManagement] INFO  server.RaftServer$Division (RaftServerImpl.java:<init>(198)) - 3172c264-2718-48bc-901b-d06defdb8935: new RaftServerImpl for group-921E636CB4D7:[2a883bf7-e5b8-4bdb-a368-a41799101186|rpc:10.1.0.9:15041|admin:10.1.0.9:15040|client:10.1.0.9:15039|dataStream:10.1.0.9:15042|priority:0|startupRole:FOLLOWER, 3172c264-2718-48bc-901b-d06defdb8935|rpc:10.1.0.9:15050|admin:10.1.0.9:15049|client:10.1.0.9:15048|dataStream:10.1.0.9:15051|priority:1|startupRole:FOLLOWER, fea717c9-b406-422e-8ccb-799e860d7c03|rpc:10.1.0.9:15059|admin:10.1.0.9:15058|client:10.1.0.9:15057|dataStream:10.1.0.9:15060|priority:0|startupRole:FOLLOWER] with ContainerStateMachine:uninitialized
2023-11-17 09:55:38,116 [3172c264-2718-48bc-901b-d06defdb8935-groupManagement] INFO  server.RaftServerConfigKeys (ConfUtils.java:logGet(46)) - raft.server.rpc.timeout.min = 5s (custom)
2023-11-17 09:55:38,116 [3172c264-2718-48bc-901b-d06defdb8935-groupManagement] INFO  server.RaftServerConfigKeys (ConfUtils.java:logGet(46)) - raft.server.rpc.timeout.max = 5200ms (custom)
2023-11-17 09:55:38,116 [3172c264-2718-48bc-901b-d06defdb8935-groupManagement] INFO  server.RaftServerConfigKeys (ConfUtils.java:logGet(46)) - raft.server.rpc.sleep.time = 25ms (default)
2023-11-17 09:55:38,116 [EventQueue-OpenPipelineForHealthyPipelineSafeModeRule] INFO  safemode.SCMSafeModeManager (HealthyPipelineSafeModeRule.java:process(137)) - SCM in safe mode. Healthy pipelines reported count is 0, required healthy pipeline reported count is 1
2023-11-17 09:55:38,116 [3172c264-2718-48bc-901b-d06defdb8935-groupManagement] INFO  server.RaftServerConfigKeys (ConfUtils.java:logGet(46)) - raft.server.rpc.slowness.timeout = 300s (custom)
2023-11-17 09:55:38,116 [3172c264-2718-48bc-901b-d06defdb8935-groupManagement] INFO  server.RaftServerConfigKeys (ConfUtils.java:logGet(46)) - raft.server.leaderelection.leader.step-down.wait-time = 10s (default)
2023-11-17 09:55:38,116 [3172c264-2718-48bc-901b-d06defdb8935-groupManagement] INFO  server.RaftServerConfigKeys (ConfUtils.java:logGet(46)) - raft.server.sleep.deviation.threshold = 300ms (default)
2023-11-17 09:55:38,116 [3172c264-2718-48bc-901b-d06defdb8935-groupManagement] INFO  server.RaftServer$Division (ServerState.java:<init>(120)) - 3172c264-2718-48bc-901b-d06defdb8935@group-921E636CB4D7: ConfigurationManager, init=-1: peers:[2a883bf7-e5b8-4bdb-a368-a41799101186|rpc:10.1.0.9:15041|admin:10.1.0.9:15040|client:10.1.0.9:15039|dataStream:10.1.0.9:15042|priority:0|startupRole:FOLLOWER, 3172c264-2718-48bc-901b-d06defdb8935|rpc:10.1.0.9:15050|admin:10.1.0.9:15049|client:10.1.0.9:15048|dataStream:10.1.0.9:15051|priority:1|startupRole:FOLLOWER, fea717c9-b406-422e-8ccb-799e860d7c03|rpc:10.1.0.9:15059|admin:10.1.0.9:15058|client:10.1.0.9:15057|dataStream:10.1.0.9:15060|priority:0|startupRole:FOLLOWER]|listeners:[], old=null, confs=<EMPTY_MAP>
2023-11-17 09:55:38,117 [3172c264-2718-48bc-901b-d06defdb8935-groupManagement] INFO  server.RaftServerConfigKeys (ConfUtils.java:logGet(46)) - raft.server.storage.dir = [/home/runner/work/ozone/ozone/hadoop-ozone/integration-test/target/test-dir/MiniOzoneClusterImpl-b9d514d0-62e9-44b2-85a5-b07480d3784c/datanode-4/data/ratis] (custom)
2023-11-17 09:55:38,117 [3172c264-2718-48bc-901b-d06defdb8935-groupManagement] INFO  server.RaftServerConfigKeys (ConfUtils.java:logGet(46)) - raft.server.log.corruption.policy = EXCEPTION (default)
2023-11-17 09:55:38,117 [3172c264-2718-48bc-901b-d06defdb8935-groupManagement] INFO  server.RaftServerConfigKeys (ConfUtils.java:logGet(46)) - raft.server.storage.free-space.min = 0MB (=0) (default)
2023-11-17 09:55:38,117 [3172c264-2718-48bc-901b-d06defdb8935-groupManagement] INFO  server.RaftServerConfigKeys (ConfUtils.java:logGet(46)) - raft.server.notification.no-leader.timeout = 300s (custom)
2023-11-17 09:55:38,117 [3172c264-2718-48bc-901b-d06defdb8935-groupManagement] INFO  server.RaftServerConfigKeys (ConfUtils.java:logGet(46)) - raft.server.read.timeout = 10s (default)
2023-11-17 09:55:38,117 [3172c264-2718-48bc-901b-d06defdb8935-groupManagement] INFO  server.RaftServerConfigKeys (ConfUtils.java:logGet(46)) - raft.server.retrycache.expirytime = 600000ms (custom)
2023-11-17 09:55:38,117 [3172c264-2718-48bc-901b-d06defdb8935-groupManagement] INFO  server.RaftServerConfigKeys (ConfUtils.java:logGet(46)) - raft.server.retrycache.statistics.expirytime = 100μs (default)
2023-11-17 09:55:38,117 [3172c264-2718-48bc-901b-d06defdb8935-groupManagement] INFO  server.RaftServerConfigKeys (ConfUtils.java:logGet(46)) - raft.server.read.option = DEFAULT (default)
2023-11-17 09:55:38,128 [EventQueue-PipelineReportForPipelineReportHandler] INFO  pipeline.PipelineReportHandler (PipelineReportHandler.java:processPipelineReport(136)) - Opened pipeline PipelineID=db99a577-c343-4c5d-a962-02e4ab4f7b05
2023-11-17 09:55:38,129 [EventQueue-OpenPipelineForHealthyPipelineSafeModeRule] INFO  safemode.SCMSafeModeManager (HealthyPipelineSafeModeRule.java:process(137)) - SCM in safe mode. Healthy pipelines reported count is 0, required healthy pipeline reported count is 1
2023-11-17 09:55:38,138 [a7578bdd-9139-4946-a78d-cc7981f76fa8-groupManagement] INFO  server.RaftServerConfigKeys (ConfUtils.java:logGet(46)) - raft.server.log.segment.cache.num.max = 2 (custom)
2023-11-17 09:55:38,138 [a7578bdd-9139-4946-a78d-cc7981f76fa8-groupManagement] INFO  server.RaftServerConfigKeys (ConfUtils.java:logGet(46)) - raft.server.log.segment.cache.size.max = 200MB (=209715200) (default)
2023-11-17 09:55:38,138 [a7578bdd-9139-4946-a78d-cc7981f76fa8-groupManagement] INFO  server.RaftServerConfigKeys (ConfUtils.java:logGet(46)) - raft.server.log.appender.buffer.byte-limit = 33554432 (custom)
2023-11-17 09:55:38,138 [a7578bdd-9139-4946-a78d-cc7981f76fa8-groupManagement] INFO  segmented.SegmentedRaftLogWorker (SegmentedRaftLogWorker.java:<init>(188)) - new a7578bdd-9139-4946-a78d-cc7981f76fa8@group-02E4AB4F7B05-SegmentedRaftLogWorker for RaftStorageImpl:Storage Directory /home/runner/work/ozone/ozone/hadoop-ozone/integration-test/target/test-dir/MiniOzoneClusterImpl-b9d514d0-62e9-44b2-85a5-b07480d3784c/datanode-7/data/ratis/db99a577-c343-4c5d-a962-02e4ab4f7b05
2023-11-17 09:55:38,138 [a7578bdd-9139-4946-a78d-cc7981f76fa8-groupManagement] INFO  server.RaftServerConfigKeys (ConfUtils.java:logGet(46)) - raft.server.log.queue.byte-limit = 4294967296 (custom)
2023-11-17 09:55:38,138 [a7578bdd-9139-4946-a78d-cc7981f76fa8-groupManagement] INFO  server.RaftServerConfigKeys (ConfUtils.java:logGet(46)) - raft.server.log.queue.element-limit = 1024 (custom)
2023-11-17 09:55:38,139 [a7578bdd-9139-4946-a78d-cc7981f76fa8-groupManagement] INFO  server.RaftServerConfigKeys (ConfUtils.java:logGet(46)) - raft.server.log.segment.size.max = 1048576 (custom)
2023-11-17 09:55:38,139 [a7578bdd-9139-4946-a78d-cc7981f76fa8-groupManagement] INFO  server.RaftServerConfigKeys (ConfUtils.java:logGet(46)) - raft.server.log.preallocated.size = 16384 (custom)
2023-11-17 09:55:38,139 [a7578bdd-9139-4946-a78d-cc7981f76fa8-groupManagement] INFO  server.RaftServerConfigKeys (ConfUtils.java:logGet(46)) - raft.server.log.force.sync.num = 128 (default)
2023-11-17 09:55:38,139 [a7578bdd-9139-4946-a78d-cc7981f76fa8-groupManagement] INFO  server.RaftServerConfigKeys (ConfUtils.java:logGet(46)) - raft.server.log.statemachine.data.sync = true (default)
2023-11-17 09:55:38,139 [a7578bdd-9139-4946-a78d-cc7981f76fa8-groupManagement] INFO  server.RaftServerConfigKeys (ConfUtils.java:logGet(46)) - raft.server.log.statemachine.data.sync.timeout = 10s (default)
2023-11-17 09:55:38,139 [a7578bdd-9139-4946-a78d-cc7981f76fa8-groupManagement] INFO  server.RaftServerConfigKeys (ConfUtils.java:logGet(46)) - raft.server.log.statemachine.data.sync.timeout.retry = -1 (default)
2023-11-17 09:55:38,141 [bfb594ff-14fd-40d9-830b-cf7a3dd84176-groupManagement] INFO  server.RaftServerConfigKeys (ConfUtils.java:logGet(46)) - raft.server.log.write.buffer.size = 1048576 (custom)
2023-11-17 09:55:38,142 [bfb594ff-14fd-40d9-830b-cf7a3dd84176-groupManagement] INFO  server.RaftServerConfigKeys (ConfUtils.java:logGet(46)) - raft.server.log.appender.buffer.byte-limit = 33554432 (custom)
2023-11-17 09:55:38,142 [3172c264-2718-48bc-901b-d06defdb8935-groupManagement] INFO  server.RaftServerConfigKeys (ConfUtils.java:logGet(46)) - raft.server.rpc.request.timeout = 60s (custom)
2023-11-17 09:55:38,142 [3172c264-2718-48bc-901b-d06defdb8935-groupManagement] INFO  server.RaftServerConfigKeys (ConfUtils.java:logGet(46)) - raft.server.log.appender.install.snapshot.enabled = false (custom)
2023-11-17 09:55:38,142 [3172c264-2718-48bc-901b-d06defdb8935-groupManagement] INFO  server.RaftServerConfigKeys (ConfUtils.java:logGet(46)) - raft.server.threadpool.server.cached = true (default)
2023-11-17 09:55:38,143 [3172c264-2718-48bc-901b-d06defdb8935-groupManagement] INFO  server.RaftServerConfigKeys (ConfUtils.java:logGet(46)) - raft.server.threadpool.server.size = 0 (default)
2023-11-17 09:55:38,143 [3172c264-2718-48bc-901b-d06defdb8935-groupManagement] INFO  server.RaftServerConfigKeys (ConfUtils.java:logGet(46)) - raft.server.threadpool.client.cached = true (default)
2023-11-17 09:55:38,143 [3172c264-2718-48bc-901b-d06defdb8935-groupManagement] INFO  server.RaftServerConfigKeys (ConfUtils.java:logGet(46)) - raft.server.threadpool.client.size = 0 (default)
2023-11-17 09:55:38,144 [3172c264-2718-48bc-901b-d06defdb8935-groupManagement] INFO  storage.RaftStorageDirectory (RaftStorageDirectoryImpl.java:analyzeStorage(137)) - The storage directory /home/runner/work/ozone/ozone/hadoop-ozone/integration-test/target/test-dir/MiniOzoneClusterImpl-b9d514d0-62e9-44b2-85a5-b07480d3784c/datanode-4/data/ratis/0df93212-96d5-4e9e-bcda-921e636cb4d7 does not exist. Creating ...
2023-11-17 09:55:38,143 [a7578bdd-9139-4946-a78d-cc7981f76fa8-groupManagement] INFO  server.RaftServerConfigKeys (ConfUtils.java:logGet(46)) - raft.server.log.write.buffer.size = 1048576 (custom)
2023-11-17 09:55:38,144 [a7578bdd-9139-4946-a78d-cc7981f76fa8-groupManagement] INFO  server.RaftServerConfigKeys (ConfUtils.java:logGet(46)) - raft.server.log.appender.buffer.byte-limit = 33554432 (custom)
2023-11-17 09:55:38,146 [3172c264-2718-48bc-901b-d06defdb8935-groupManagement] INFO  storage.RaftStorageDirectory (RaftStorageDirectoryImpl.java:tryLock(231)) - Lock on /home/runner/work/ozone/ozone/hadoop-ozone/integration-test/target/test-dir/MiniOzoneClusterImpl-b9d514d0-62e9-44b2-85a5-b07480d3784c/datanode-4/data/ratis/0df93212-96d5-4e9e-bcda-921e636cb4d7/in_use.lock acquired by nodename 28525@fv-az1021-556
2023-11-17 09:55:38,373 [JvmPauseMonitor0] WARN  util.JvmPauseMonitor (JvmPauseMonitor.java:detectPause(124)) - JvmPauseMonitor-c54a0d0f-cad0-48e8-9d93-7a5684d48de4: Detected pause in JVM or host machine approximately 0.112s with 0.225s GC time.
GC pool 'PS MarkSweep' had collection(s): count=1 time=192ms
GC pool 'PS Scavenge' had collection(s): count=1 time=33ms
2023-11-17 09:55:38,373 [JvmPauseMonitor6] WARN  util.JvmPauseMonitor (JvmPauseMonitor.java:detectPause(124)) - JvmPauseMonitor-3172c264-2718-48bc-901b-d06defdb8935: Detected pause in JVM or host machine approximately 0.111s with 0.225s GC time.
GC pool 'PS MarkSweep' had collection(s): count=1 time=192ms
GC pool 'PS Scavenge' had collection(s): count=1 time=33ms
2023-11-17 09:55:38,373 [JvmPauseMonitor10] WARN  util.JvmPauseMonitor (JvmPauseMonitor.java:detectPause(124)) - JvmPauseMonitor-cb74a50f-08de-45ec-b832-8b69b058d768: Detected pause in JVM or host machine approximately 0.111s with 0.225s GC time.
GC pool 'PS MarkSweep' had collection(s): count=1 time=192ms
GC pool 'PS Scavenge' had collection(s): count=1 time=33ms
2023-11-17 09:55:38,373 [JvmPauseMonitor9] WARN  util.JvmPauseMonitor (JvmPauseMonitor.java:detectPause(124)) - JvmPauseMonitor-a7578bdd-9139-4946-a78d-cc7981f76fa8: Detected pause in JVM or host machine approximately 0.103s with 0.225s GC time.
GC pool 'PS MarkSweep' had collection(s): count=1 time=192ms
GC pool 'PS Scavenge' had collection(s): count=1 time=33ms
2023-11-17 09:55:38,376 [3172c264-2718-48bc-901b-d06defdb8935-groupManagement] INFO  storage.RaftStorage (RaftStorageImpl.java:format(96)) - Storage directory /home/runner/work/ozone/ozone/hadoop-ozone/integration-test/target/test-dir/MiniOzoneClusterImpl-b9d514d0-62e9-44b2-85a5-b07480d3784c/datanode-4/data/ratis/0df93212-96d5-4e9e-bcda-921e636cb4d7 has been successfully formatted.
2023-11-17 09:55:38,377 [3172c264-2718-48bc-901b-d06defdb8935-groupManagement] INFO  ratis.ContainerStateMachine (ContainerStateMachine.java:loadSnapshot(269)) - group-921E636CB4D7: The snapshot info is null. Setting the last applied indexto:(t:0, i:~)
2023-11-17 09:55:38,377 [3172c264-2718-48bc-901b-d06defdb8935-groupManagement] INFO  server.RaftServerConfigKeys (ConfUtils.java:logGet(46)) - raft.server.log.use.memory = false (default)
2023-11-17 09:55:38,377 [3172c264-2718-48bc-901b-d06defdb8935-groupManagement] INFO  server.RaftServerConfigKeys (ConfUtils.java:logGet(46)) - raft.server.log.purge.gap = 1000000 (custom)
2023-11-17 09:55:38,377 [3172c264-2718-48bc-901b-d06defdb8935-groupManagement] INFO  server.RaftServerConfigKeys (ConfUtils.java:logGet(46)) - raft.server.log.appender.buffer.byte-limit = 33554432 (custom)
2023-11-17 09:55:38,377 [3172c264-2718-48bc-901b-d06defdb8935-groupManagement] INFO  server.RaftServerConfigKeys (ConfUtils.java:logGet(46)) - raft.server.log.statemachine.data.read.timeout = 1000ms (default)
2023-11-17 09:55:38,377 [3172c264-2718-48bc-901b-d06defdb8935-groupManagement] INFO  server.RaftServerConfigKeys (ConfUtils.java:logGet(46)) - raft.server.log.purge.preservation.log.num = 0 (default)
2023-11-17 09:55:38,377 [bfb594ff-14fd-40d9-830b-cf7a3dd84176-groupManagement] INFO  server.RaftServerConfigKeys (ConfUtils.java:logGet(46)) - raft.server.log.unsafe-flush.enabled = false (default)
2023-11-17 09:55:38,378 [bfb594ff-14fd-40d9-830b-cf7a3dd84176-groupManagement] INFO  server.RaftServerConfigKeys (ConfUtils.java:logGet(46)) - raft.server.log.async-flush.enabled = false (default)
2023-11-17 09:55:38,378 [3172c264-2718-48bc-901b-d06defdb8935-groupManagement] INFO  server.RaftServerConfigKeys (ConfUtils.java:logGet(46)) - raft.server.log.segment.size.max = 1048576 (custom)
2023-11-17 09:55:38,378 [3172c264-2718-48bc-901b-d06defdb8935-groupManagement] INFO  server.RaftServerConfigKeys (ConfUtils.java:logGet(46)) - raft.server.log.segment.cache.num.max = 2 (custom)
2023-11-17 09:55:38,378 [3172c264-2718-48bc-901b-d06defdb8935-groupManagement] INFO  server.RaftServerConfigKeys (ConfUtils.java:logGet(46)) - raft.server.log.segment.cache.size.max = 200MB (=209715200) (default)
2023-11-17 09:55:38,378 [3172c264-2718-48bc-901b-d06defdb8935-groupManagement] INFO  server.RaftServerConfigKeys (ConfUtils.java:logGet(46)) - raft.server.log.appender.buffer.byte-limit = 33554432 (custom)
2023-11-17 09:55:38,378 [3172c264-2718-48bc-901b-d06defdb8935-groupManagement] INFO  segmented.SegmentedRaftLogWorker (SegmentedRaftLogWorker.java:<init>(188)) - new 3172c264-2718-48bc-901b-d06defdb8935@group-921E636CB4D7-SegmentedRaftLogWorker for RaftStorageImpl:Storage Directory /home/runner/work/ozone/ozone/hadoop-ozone/integration-test/target/test-dir/MiniOzoneClusterImpl-b9d514d0-62e9-44b2-85a5-b07480d3784c/datanode-4/data/ratis/0df93212-96d5-4e9e-bcda-921e636cb4d7
2023-11-17 09:55:38,379 [3172c264-2718-48bc-901b-d06defdb8935-groupManagement] INFO  server.RaftServerConfigKeys (ConfUtils.java:logGet(46)) - raft.server.log.queue.byte-limit = 4294967296 (custom)
2023-11-17 09:55:38,379 [3172c264-2718-48bc-901b-d06defdb8935-groupManagement] INFO  server.RaftServerConfigKeys (ConfUtils.java:logGet(46)) - raft.server.log.queue.element-limit = 1024 (custom)
2023-11-17 09:55:38,379 [3172c264-2718-48bc-901b-d06defdb8935-groupManagement] INFO  server.RaftServerConfigKeys (ConfUtils.java:logGet(46)) - raft.server.log.segment.size.max = 1048576 (custom)
2023-11-17 09:55:38,379 [3172c264-2718-48bc-901b-d06defdb8935-groupManagement] INFO  server.RaftServerConfigKeys (ConfUtils.java:logGet(46)) - raft.server.log.preallocated.size = 16384 (custom)
2023-11-17 09:55:38,379 [3172c264-2718-48bc-901b-d06defdb8935-groupManagement] INFO  server.RaftServerConfigKeys (ConfUtils.java:logGet(46)) - raft.server.log.force.sync.num = 128 (default)
2023-11-17 09:55:38,379 [3172c264-2718-48bc-901b-d06defdb8935-groupManagement] INFO  server.RaftServerConfigKeys (ConfUtils.java:logGet(46)) - raft.server.log.statemachine.data.sync = true (default)
2023-11-17 09:55:38,379 [3172c264-2718-48bc-901b-d06defdb8935-groupManagement] INFO  server.RaftServerConfigKeys (ConfUtils.java:logGet(46)) - raft.server.log.statemachine.data.sync.timeout = 10s (default)
2023-11-17 09:55:38,379 [3172c264-2718-48bc-901b-d06defdb8935-groupManagement] INFO  server.RaftServerConfigKeys (ConfUtils.java:logGet(46)) - raft.server.log.statemachine.data.sync.timeout.retry = -1 (default)
2023-11-17 09:55:38,378 [bfb594ff-14fd-40d9-830b-cf7a3dd84176-groupManagement] INFO  server.RaftServerConfigKeys (ConfUtils.java:logGet(46)) - raft.server.log.statemachine.data.caching.enabled = true (custom)
2023-11-17 09:55:38,380 [bfb594ff-14fd-40d9-830b-cf7a3dd84176-groupManagement] INFO  segmented.SegmentedRaftLogWorker (SegmentedRaftLogWorker.java:lambda$new$0(135)) - bfb594ff-14fd-40d9-830b-cf7a3dd84176@group-89F4F4114EAB-SegmentedRaftLogWorker: flushIndex: setUnconditionally 0 -> -1
2023-11-17 09:55:38,380 [bfb594ff-14fd-40d9-830b-cf7a3dd84176-groupManagement] INFO  segmented.SegmentedRaftLogWorker (SegmentedRaftLogWorker.java:lambda$new$0(135)) - bfb594ff-14fd-40d9-830b-cf7a3dd84176@group-89F4F4114EAB-SegmentedRaftLogWorker: safeCacheEvictIndex: setUnconditionally 0 -> -1
2023-11-17 09:55:38,378 [a7578bdd-9139-4946-a78d-cc7981f76fa8-groupManagement] INFO  server.RaftServerConfigKeys (ConfUtils.java:logGet(46)) - raft.server.log.unsafe-flush.enabled = false (default)
2023-11-17 09:55:38,380 [a7578bdd-9139-4946-a78d-cc7981f76fa8-groupManagement] INFO  server.RaftServerConfigKeys (ConfUtils.java:logGet(46)) - raft.server.log.async-flush.enabled = false (default)
2023-11-17 09:55:38,380 [a7578bdd-9139-4946-a78d-cc7981f76fa8-groupManagement] INFO  server.RaftServerConfigKeys (ConfUtils.java:logGet(46)) - raft.server.log.statemachine.data.caching.enabled = true (custom)
2023-11-17 09:55:38,380 [a7578bdd-9139-4946-a78d-cc7981f76fa8-groupManagement] INFO  segmented.SegmentedRaftLogWorker (SegmentedRaftLogWorker.java:lambda$new$0(135)) - a7578bdd-9139-4946-a78d-cc7981f76fa8@group-02E4AB4F7B05-SegmentedRaftLogWorker: flushIndex: setUnconditionally 0 -> -1
2023-11-17 09:55:38,380 [a7578bdd-9139-4946-a78d-cc7981f76fa8-groupManagement] INFO  segmented.SegmentedRaftLogWorker (SegmentedRaftLogWorker.java:lambda$new$0(135)) - a7578bdd-9139-4946-a78d-cc7981f76fa8@group-02E4AB4F7B05-SegmentedRaftLogWorker: safeCacheEvictIndex: setUnconditionally 0 -> -1
2023-11-17 09:55:38,380 [3172c264-2718-48bc-901b-d06defdb8935-groupManagement] INFO  server.RaftServerConfigKeys (ConfUtils.java:logGet(46)) - raft.server.log.write.buffer.size = 1048576 (custom)
2023-11-17 09:55:38,381 [main] INFO  ozone.MiniOzoneClusterImpl (MiniOzoneClusterImpl.java:lambda$waitForClusterToBeReady$0(229)) - Nodes are ready. Got 10 of 10 DN Heartbeats.
2023-11-17 09:55:38,382 [main] INFO  ozone.MiniOzoneClusterImpl (MiniOzoneClusterImpl.java:lambda$waitForClusterToBeReady$0(232)) - Waiting for cluster to exit safe mode
2023-11-17 09:55:38,382 [main] INFO  ozone.MiniOzoneClusterImpl (MiniOzoneClusterImpl.java:lambda$waitForClusterToBeReady$0(234)) - SCM became leader
2023-11-17 09:55:38,383 [3172c264-2718-48bc-901b-d06defdb8935-groupManagement] INFO  server.RaftServerConfigKeys (ConfUtils.java:logGet(46)) - raft.server.log.appender.buffer.byte-limit = 33554432 (custom)
2023-11-17 09:55:38,383 [EventQueue-OpenPipelineForHealthyPipelineSafeModeRule] INFO  safemode.SCMSafeModeManager (HealthyPipelineSafeModeRule.java:process(137)) - SCM in safe mode. Healthy pipelines reported count is 0, required healthy pipeline reported count is 1
2023-11-17 09:55:38,386 [3172c264-2718-48bc-901b-d06defdb8935-groupManagement] INFO  server.RaftServerConfigKeys (ConfUtils.java:logGet(46)) - raft.server.log.unsafe-flush.enabled = false (default)
2023-11-17 09:55:38,386 [3172c264-2718-48bc-901b-d06defdb8935-groupManagement] INFO  server.RaftServerConfigKeys (ConfUtils.java:logGet(46)) - raft.server.log.async-flush.enabled = false (default)
2023-11-17 09:55:38,386 [3172c264-2718-48bc-901b-d06defdb8935-groupManagement] INFO  server.RaftServerConfigKeys (ConfUtils.java:logGet(46)) - raft.server.log.statemachine.data.caching.enabled = true (custom)
2023-11-17 09:55:38,386 [3172c264-2718-48bc-901b-d06defdb8935-groupManagement] INFO  segmented.SegmentedRaftLogWorker (SegmentedRaftLogWorker.java:lambda$new$0(135)) - 3172c264-2718-48bc-901b-d06defdb8935@group-921E636CB4D7-SegmentedRaftLogWorker: flushIndex: setUnconditionally 0 -> -1
2023-11-17 09:55:38,386 [3172c264-2718-48bc-901b-d06defdb8935-groupManagement] INFO  segmented.SegmentedRaftLogWorker (SegmentedRaftLogWorker.java:lambda$new$0(135)) - 3172c264-2718-48bc-901b-d06defdb8935@group-921E636CB4D7-SegmentedRaftLogWorker: safeCacheEvictIndex: setUnconditionally 0 -> -1
2023-11-17 09:55:38,392 [a7578bdd-9139-4946-a78d-cc7981f76fa8-groupManagement] INFO  server.RaftServer$Division (RaftServerImpl.java:start(342)) - a7578bdd-9139-4946-a78d-cc7981f76fa8@group-02E4AB4F7B05: start as a follower, conf=-1: peers:[a7578bdd-9139-4946-a78d-cc7981f76fa8|rpc:10.1.0.9:15077|admin:10.1.0.9:15076|client:10.1.0.9:15075|dataStream:10.1.0.9:15078|priority:1|startupRole:FOLLOWER]|listeners:[], old=null
2023-11-17 09:55:38,393 [a7578bdd-9139-4946-a78d-cc7981f76fa8-groupManagement] INFO  server.RaftServer$Division (RaftServerImpl.java:setRole(329)) - a7578bdd-9139-4946-a78d-cc7981f76fa8@group-02E4AB4F7B05: changes role from      null to FOLLOWER at term 0 for startAsFollower
2023-11-17 09:55:38,393 [a7578bdd-9139-4946-a78d-cc7981f76fa8-groupManagement] INFO  impl.RoleInfo (RoleInfo.java:updateAndGet(139)) - a7578bdd-9139-4946-a78d-cc7981f76fa8: start a7578bdd-9139-4946-a78d-cc7981f76fa8@group-02E4AB4F7B05-FollowerState
2023-11-17 09:55:38,396 [a7578bdd-9139-4946-a78d-cc7981f76fa8-groupManagement] INFO  util.JmxRegister (JmxRegister.java:tryRegister(44)) - Successfully registered JMX Bean with object name Ratis:service=RaftServer,group=group-02E4AB4F7B05,id=a7578bdd-9139-4946-a78d-cc7981f76fa8
2023-11-17 09:55:38,396 [a7578bdd-9139-4946-a78d-cc7981f76fa8-groupManagement] INFO  server.RaftServerConfigKeys (ConfUtils.java:logGet(46)) - raft.server.snapshot.auto.trigger.enabled = true (custom)
2023-11-17 09:55:38,397 [a7578bdd-9139-4946-a78d-cc7981f76fa8-groupManagement] INFO  server.RaftServerConfigKeys (ConfUtils.java:logGet(46)) - raft.server.snapshot.auto.trigger.threshold = 10000 (custom)
2023-11-17 09:55:38,397 [a7578bdd-9139-4946-a78d-cc7981f76fa8-groupManagement] INFO  server.RaftServerConfigKeys (ConfUtils.java:logGet(46)) - raft.server.snapshot.retention.file.num = 5 (custom)
2023-11-17 09:55:38,397 [a7578bdd-9139-4946-a78d-cc7981f76fa8-groupManagement] INFO  server.RaftServerConfigKeys (ConfUtils.java:logGet(46)) - raft.server.log.purge.upto.snapshot.index = false (default)
2023-11-17 09:55:38,397 [a7578bdd-9139-4946-a78d-cc7981f76fa8@group-02E4AB4F7B05-FollowerState] INFO  server.RaftServerConfigKeys (ConfUtils.java:logFallback(53)) - raft.server.rpc.first-election.timeout.min = 5s (fallback to raft.server.rpc.timeout.min)
2023-11-17 09:55:38,398 [a7578bdd-9139-4946-a78d-cc7981f76fa8@group-02E4AB4F7B05-FollowerState] INFO  server.RaftServerConfigKeys (ConfUtils.java:logFallback(53)) - raft.server.rpc.first-election.timeout.max = 5200ms (fallback to raft.server.rpc.timeout.max)
2023-11-17 09:55:38,398 [bfb594ff-14fd-40d9-830b-cf7a3dd84176-groupManagement] INFO  server.RaftServer$Division (RaftServerImpl.java:start(342)) - bfb594ff-14fd-40d9-830b-cf7a3dd84176@group-89F4F4114EAB: start as a follower, conf=-1: peers:[cb74a50f-08de-45ec-b832-8b69b058d768|rpc:10.1.0.9:15086|admin:10.1.0.9:15085|client:10.1.0.9:15084|dataStream:10.1.0.9:15087|priority:0|startupRole:FOLLOWER, a7578bdd-9139-4946-a78d-cc7981f76fa8|rpc:10.1.0.9:15077|admin:10.1.0.9:15076|client:10.1.0.9:15075|dataStream:10.1.0.9:15078|priority:0|startupRole:FOLLOWER, bfb594ff-14fd-40d9-830b-cf7a3dd84176|rpc:10.1.0.9:15068|admin:10.1.0.9:15067|client:10.1.0.9:15066|dataStream:10.1.0.9:15069|priority:1|startupRole:FOLLOWER]|listeners:[], old=null
2023-11-17 09:55:38,399 [cb74a50f-08de-45ec-b832-8b69b058d768-PipelineCommandHandlerThread-0] INFO  server.RaftServer (RaftServerProxy.java:addNew(98)) - cb74a50f-08de-45ec-b832-8b69b058d768: addNew group-9747DE4185A8:[cb74a50f-08de-45ec-b832-8b69b058d768|rpc:10.1.0.9:15086|admin:10.1.0.9:15085|client:10.1.0.9:15084|dataStream:10.1.0.9:15087|priority:1|startupRole:FOLLOWER] returns group-9747DE4185A8:java.util.concurrent.CompletableFuture@7823b5ca[Not completed]
2023-11-17 09:55:38,397 [a7578bdd-9139-4946-a78d-cc7981f76fa8-PipelineCommandHandlerThread-0] INFO  ratis.XceiverServerRatis (XceiverServerRatis.java:addGroup(805)) - Created group PipelineID=db99a577-c343-4c5d-a962-02e4ab4f7b05
2023-11-17 09:55:38,403 [a7578bdd-9139-4946-a78d-cc7981f76fa8-PipelineCommandHandlerThread-0] INFO  commandhandler.CreatePipelineCommandHandler (CreatePipelineCommandHandler.java:lambda$handle$2(124)) - Created Pipeline RATIS ONE PipelineID=db99a577-c343-4c5d-a962-02e4ab4f7b05.
2023-11-17 09:55:38,404 [a7ddde4f-1380-4d54-ae4e-b71d3284ab6f-groupManagement] INFO  server.RaftServer$Division (RaftServerImpl.java:<init>(198)) - a7ddde4f-1380-4d54-ae4e-b71d3284ab6f: new RaftServerImpl for group-F190DFD69FE8:[a7ddde4f-1380-4d54-ae4e-b71d3284ab6f|rpc:10.1.0.9:15095|admin:10.1.0.9:15094|client:10.1.0.9:15093|dataStream:10.1.0.9:15096|priority:1|startupRole:FOLLOWER] with ContainerStateMachine:uninitialized
2023-11-17 09:55:38,404 [a7578bdd-9139-4946-a78d-cc7981f76fa8-PipelineCommandHandlerThread-0] INFO  server.RaftServer (RaftServerProxy.java:addNew(98)) - a7578bdd-9139-4946-a78d-cc7981f76fa8: addNew group-89F4F4114EAB:[cb74a50f-08de-45ec-b832-8b69b058d768|rpc:10.1.0.9:15086|admin:10.1.0.9:15085|client:10.1.0.9:15084|dataStream:10.1.0.9:15087|priority:0|startupRole:FOLLOWER, a7578bdd-9139-4946-a78d-cc7981f76fa8|rpc:10.1.0.9:15077|admin:10.1.0.9:15076|client:10.1.0.9:15075|dataStream:10.1.0.9:15078|priority:0|startupRole:FOLLOWER, bfb594ff-14fd-40d9-830b-cf7a3dd84176|rpc:10.1.0.9:15068|admin:10.1.0.9:15067|client:10.1.0.9:15066|dataStream:10.1.0.9:15069|priority:1|startupRole:FOLLOWER] returns group-89F4F4114EAB:java.util.concurrent.CompletableFuture@2dfbddea[Not completed]
2023-11-17 09:55:38,403 [a7ddde4f-1380-4d54-ae4e-b71d3284ab6f-PipelineCommandHandlerThread-0] INFO  server.RaftServer (RaftServerProxy.java:addNew(98)) - a7ddde4f-1380-4d54-ae4e-b71d3284ab6f: addNew group-F190DFD69FE8:[a7ddde4f-1380-4d54-ae4e-b71d3284ab6f|rpc:10.1.0.9:15095|admin:10.1.0.9:15094|client:10.1.0.9:15093|dataStream:10.1.0.9:15096|priority:1|startupRole:FOLLOWER] returns group-F190DFD69FE8:java.util.concurrent.CompletableFuture@6e9e1417[Not completed]
2023-11-17 09:55:38,401 [cb74a50f-08de-45ec-b832-8b69b058d768-groupManagement] INFO  server.RaftServer$Division (RaftServerImpl.java:<init>(198)) - cb74a50f-08de-45ec-b832-8b69b058d768: new RaftServerImpl for group-9747DE4185A8:[cb74a50f-08de-45ec-b832-8b69b058d768|rpc:10.1.0.9:15086|admin:10.1.0.9:15085|client:10.1.0.9:15084|dataStream:10.1.0.9:15087|priority:1|startupRole:FOLLOWER] with ContainerStateMachine:uninitialized
2023-11-17 09:55:38,399 [3172c264-2718-48bc-901b-d06defdb8935-groupManagement] INFO  server.RaftServer$Division (RaftServerImpl.java:start(342)) - 3172c264-2718-48bc-901b-d06defdb8935@group-921E636CB4D7: start as a follower, conf=-1: peers:[2a883bf7-e5b8-4bdb-a368-a41799101186|rpc:10.1.0.9:15041|admin:10.1.0.9:15040|client:10.1.0.9:15039|dataStream:10.1.0.9:15042|priority:0|startupRole:FOLLOWER, 3172c264-2718-48bc-901b-d06defdb8935|rpc:10.1.0.9:15050|admin:10.1.0.9:15049|client:10.1.0.9:15048|dataStream:10.1.0.9:15051|priority:1|startupRole:FOLLOWER, fea717c9-b406-422e-8ccb-799e860d7c03|rpc:10.1.0.9:15059|admin:10.1.0.9:15058|client:10.1.0.9:15057|dataStream:10.1.0.9:15060|priority:0|startupRole:FOLLOWER]|listeners:[], old=null
2023-11-17 09:55:38,415 [3172c264-2718-48bc-901b-d06defdb8935-groupManagement] INFO  server.RaftServer$Division (RaftServerImpl.java:setRole(329)) - 3172c264-2718-48bc-901b-d06defdb8935@group-921E636CB4D7: changes role from      null to FOLLOWER at term 0 for startAsFollower
2023-11-17 09:55:38,415 [3172c264-2718-48bc-901b-d06defdb8935-groupManagement] INFO  impl.RoleInfo (RoleInfo.java:updateAndGet(139)) - 3172c264-2718-48bc-901b-d06defdb8935: start 3172c264-2718-48bc-901b-d06defdb8935@group-921E636CB4D7-FollowerState
2023-11-17 09:55:38,415 [cb74a50f-08de-45ec-b832-8b69b058d768-groupManagement] INFO  server.RaftServerConfigKeys (ConfUtils.java:logGet(46)) - raft.server.rpc.timeout.min = 5s (custom)
2023-11-17 09:55:38,415 [cb74a50f-08de-45ec-b832-8b69b058d768-groupManagement] INFO  server.RaftServerConfigKeys (ConfUtils.java:logGet(46)) - raft.server.rpc.timeout.max = 5200ms (custom)
2023-11-17 09:55:38,415 [cb74a50f-08de-45ec-b832-8b69b058d768-groupManagement] INFO  server.RaftServerConfigKeys (ConfUtils.java:logGet(46)) - raft.server.rpc.sleep.time = 25ms (default)
2023-11-17 09:55:38,415 [cb74a50f-08de-45ec-b832-8b69b058d768-groupManagement] INFO  server.RaftServerConfigKeys (ConfUtils.java:logGet(46)) - raft.server.rpc.slowness.timeout = 300s (custom)
2023-11-17 09:55:38,416 [cb74a50f-08de-45ec-b832-8b69b058d768-groupManagement] INFO  server.RaftServerConfigKeys (ConfUtils.java:logGet(46)) - raft.server.leaderelection.leader.step-down.wait-time = 10s (default)
2023-11-17 09:55:38,416 [cb74a50f-08de-45ec-b832-8b69b058d768-groupManagement] INFO  server.RaftServerConfigKeys (ConfUtils.java:logGet(46)) - raft.server.sleep.deviation.threshold = 300ms (default)
2023-11-17 09:55:38,416 [cb74a50f-08de-45ec-b832-8b69b058d768-groupManagement] INFO  server.RaftServer$Division (ServerState.java:<init>(120)) - cb74a50f-08de-45ec-b832-8b69b058d768@group-9747DE4185A8: ConfigurationManager, init=-1: peers:[cb74a50f-08de-45ec-b832-8b69b058d768|rpc:10.1.0.9:15086|admin:10.1.0.9:15085|client:10.1.0.9:15084|dataStream:10.1.0.9:15087|priority:1|startupRole:FOLLOWER]|listeners:[], old=null, confs=<EMPTY_MAP>
2023-11-17 09:55:38,416 [cb74a50f-08de-45ec-b832-8b69b058d768-groupManagement] INFO  server.RaftServerConfigKeys (ConfUtils.java:logGet(46)) - raft.server.storage.dir = [/home/runner/work/ozone/ozone/hadoop-ozone/integration-test/target/test-dir/MiniOzoneClusterImpl-b9d514d0-62e9-44b2-85a5-b07480d3784c/datanode-8/data/ratis] (custom)
2023-11-17 09:55:38,399 [bfb594ff-14fd-40d9-830b-cf7a3dd84176-groupManagement] INFO  server.RaftServer$Division (RaftServerImpl.java:setRole(329)) - bfb594ff-14fd-40d9-830b-cf7a3dd84176@group-89F4F4114EAB: changes role from      null to FOLLOWER at term 0 for startAsFollower
2023-11-17 09:55:38,407 [a7578bdd-9139-4946-a78d-cc7981f76fa8-groupManagement] INFO  server.RaftServer$Division (RaftServerImpl.java:<init>(198)) - a7578bdd-9139-4946-a78d-cc7981f76fa8: new RaftServerImpl for group-89F4F4114EAB:[cb74a50f-08de-45ec-b832-8b69b058d768|rpc:10.1.0.9:15086|admin:10.1.0.9:15085|client:10.1.0.9:15084|dataStream:10.1.0.9:15087|priority:0|startupRole:FOLLOWER, a7578bdd-9139-4946-a78d-cc7981f76fa8|rpc:10.1.0.9:15077|admin:10.1.0.9:15076|client:10.1.0.9:15075|dataStream:10.1.0.9:15078|priority:0|startupRole:FOLLOWER, bfb594ff-14fd-40d9-830b-cf7a3dd84176|rpc:10.1.0.9:15068|admin:10.1.0.9:15067|client:10.1.0.9:15066|dataStream:10.1.0.9:15069|priority:1|startupRole:FOLLOWER] with ContainerStateMachine:uninitialized
2023-11-17 09:55:38,416 [a7578bdd-9139-4946-a78d-cc7981f76fa8-groupManagement] INFO  server.RaftServerConfigKeys (ConfUtils.java:logGet(46)) - raft.server.rpc.timeout.min = 5s (custom)
2023-11-17 09:55:38,416 [a7578bdd-9139-4946-a78d-cc7981f76fa8-groupManagement] INFO  server.RaftServerConfigKeys (ConfUtils.java:logGet(46)) - raft.server.rpc.timeout.max = 5200ms (custom)
2023-11-17 09:55:38,416 [a7578bdd-9139-4946-a78d-cc7981f76fa8-groupManagement] INFO  server.RaftServerConfigKeys (ConfUtils.java:logGet(46)) - raft.server.rpc.sleep.time = 25ms (default)
2023-11-17 09:55:38,416 [a7578bdd-9139-4946-a78d-cc7981f76fa8-groupManagement] INFO  server.RaftServerConfigKeys (ConfUtils.java:logGet(46)) - raft.server.rpc.slowness.timeout = 300s (custom)
2023-11-17 09:55:38,416 [a7578bdd-9139-4946-a78d-cc7981f76fa8-groupManagement] INFO  server.RaftServerConfigKeys (ConfUtils.java:logGet(46)) - raft.server.leaderelection.leader.step-down.wait-time = 10s (default)
2023-11-17 09:55:38,416 [a7578bdd-9139-4946-a78d-cc7981f76fa8-groupManagement] INFO  server.RaftServerConfigKeys (ConfUtils.java:logGet(46)) - raft.server.sleep.deviation.threshold = 300ms (default)
2023-11-17 09:55:38,416 [a7578bdd-9139-4946-a78d-cc7981f76fa8-groupManagement] INFO  server.RaftServer$Division (ServerState.java:<init>(120)) - a7578bdd-9139-4946-a78d-cc7981f76fa8@group-89F4F4114EAB: ConfigurationManager, init=-1: peers:[cb74a50f-08de-45ec-b832-8b69b058d768|rpc:10.1.0.9:15086|admin:10.1.0.9:15085|client:10.1.0.9:15084|dataStream:10.1.0.9:15087|priority:0|startupRole:FOLLOWER, a7578bdd-9139-4946-a78d-cc7981f76fa8|rpc:10.1.0.9:15077|admin:10.1.0.9:15076|client:10.1.0.9:15075|dataStream:10.1.0.9:15078|priority:0|startupRole:FOLLOWER, bfb594ff-14fd-40d9-830b-cf7a3dd84176|rpc:10.1.0.9:15068|admin:10.1.0.9:15067|client:10.1.0.9:15066|dataStream:10.1.0.9:15069|priority:1|startupRole:FOLLOWER]|listeners:[], old=null, confs=<EMPTY_MAP>
2023-11-17 09:55:38,416 [a7578bdd-9139-4946-a78d-cc7981f76fa8-groupManagement] INFO  server.RaftServerConfigKeys (ConfUtils.java:logGet(46)) - raft.server.storage.dir = [/home/runner/work/ozone/ozone/hadoop-ozone/integration-test/target/test-dir/MiniOzoneClusterImpl-b9d514d0-62e9-44b2-85a5-b07480d3784c/datanode-7/data/ratis] (custom)
2023-11-17 09:55:38,417 [a7578bdd-9139-4946-a78d-cc7981f76fa8-groupManagement] INFO  server.RaftServerConfigKeys (ConfUtils.java:logGet(46)) - raft.server.log.corruption.policy = EXCEPTION (default)
2023-11-17 09:55:38,417 [a7578bdd-9139-4946-a78d-cc7981f76fa8-groupManagement] INFO  server.RaftServerConfigKeys (ConfUtils.java:logGet(46)) - raft.server.storage.free-space.min = 0MB (=0) (default)
2023-11-17 09:55:38,417 [a7578bdd-9139-4946-a78d-cc7981f76fa8-groupManagement] INFO  server.RaftServerConfigKeys (ConfUtils.java:logGet(46)) - raft.server.notification.no-leader.timeout = 300s (custom)
2023-11-17 09:55:38,417 [a7578bdd-9139-4946-a78d-cc7981f76fa8-groupManagement] INFO  server.RaftServerConfigKeys (ConfUtils.java:logGet(46)) - raft.server.read.timeout = 10s (default)
2023-11-17 09:55:38,417 [a7578bdd-9139-4946-a78d-cc7981f76fa8-groupManagement] INFO  server.RaftServerConfigKeys (ConfUtils.java:logGet(46)) - raft.server.retrycache.expirytime = 600000ms (custom)
2023-11-17 09:55:38,417 [a7578bdd-9139-4946-a78d-cc7981f76fa8-groupManagement] INFO  server.RaftServerConfigKeys (ConfUtils.java:logGet(46)) - raft.server.retrycache.statistics.expirytime = 100μs (default)
2023-11-17 09:55:38,417 [a7578bdd-9139-4946-a78d-cc7981f76fa8-groupManagement] INFO  server.RaftServerConfigKeys (ConfUtils.java:logGet(46)) - raft.server.read.option = DEFAULT (default)
2023-11-17 09:55:38,418 [a7578bdd-9139-4946-a78d-cc7981f76fa8-groupManagement] INFO  server.RaftServerConfigKeys (ConfUtils.java:logGet(46)) - raft.server.rpc.request.timeout = 60s (custom)
2023-11-17 09:55:38,418 [3172c264-2718-48bc-901b-d06defdb8935@group-921E636CB4D7-FollowerState] INFO  server.RaftServerConfigKeys (ConfUtils.java:logFallback(53)) - raft.server.rpc.first-election.timeout.min = 5s (fallback to raft.server.rpc.timeout.min)
2023-11-17 09:55:38,405 [2a883bf7-e5b8-4bdb-a368-a41799101186-PipelineCommandHandlerThread-0] INFO  commandhandler.CreatePipelineCommandHandler (CreatePipelineCommandHandler.java:lambda$handle$2(124)) - Created Pipeline RATIS THREE PipelineID=b7d63c71-7857-4b6e-a0c9-5381fd1ff82c.
2023-11-17 09:55:38,404 [a7ddde4f-1380-4d54-ae4e-b71d3284ab6f-groupManagement] INFO  server.RaftServerConfigKeys (ConfUtils.java:logGet(46)) - raft.server.rpc.timeout.min = 5s (custom)
2023-11-17 09:55:38,418 [a7ddde4f-1380-4d54-ae4e-b71d3284ab6f-groupManagement] INFO  server.RaftServerConfigKeys (ConfUtils.java:logGet(46)) - raft.server.rpc.timeout.max = 5200ms (custom)
2023-11-17 09:55:38,418 [a7ddde4f-1380-4d54-ae4e-b71d3284ab6f-groupManagement] INFO  server.RaftServerConfigKeys (ConfUtils.java:logGet(46)) - raft.server.rpc.sleep.time = 25ms (default)
2023-11-17 09:55:38,418 [a7ddde4f-1380-4d54-ae4e-b71d3284ab6f-groupManagement] INFO  server.RaftServerConfigKeys (ConfUtils.java:logGet(46)) - raft.server.rpc.slowness.timeout = 300s (custom)
2023-11-17 09:55:38,418 [a7ddde4f-1380-4d54-ae4e-b71d3284ab6f-groupManagement] INFO  server.RaftServerConfigKeys (ConfUtils.java:logGet(46)) - raft.server.leaderelection.leader.step-down.wait-time = 10s (default)
2023-11-17 09:55:38,418 [a7ddde4f-1380-4d54-ae4e-b71d3284ab6f-groupManagement] INFO  server.RaftServerConfigKeys (ConfUtils.java:logGet(46)) - raft.server.sleep.deviation.threshold = 300ms (default)
2023-11-17 09:55:38,419 [a7ddde4f-1380-4d54-ae4e-b71d3284ab6f-groupManagement] INFO  server.RaftServer$Division (ServerState.java:<init>(120)) - a7ddde4f-1380-4d54-ae4e-b71d3284ab6f@group-F190DFD69FE8: ConfigurationManager, init=-1: peers:[a7ddde4f-1380-4d54-ae4e-b71d3284ab6f|rpc:10.1.0.9:15095|admin:10.1.0.9:15094|client:10.1.0.9:15093|dataStream:10.1.0.9:15096|priority:1|startupRole:FOLLOWER]|listeners:[], old=null, confs=<EMPTY_MAP>
2023-11-17 09:55:38,419 [a7ddde4f-1380-4d54-ae4e-b71d3284ab6f-groupManagement] INFO  server.RaftServerConfigKeys (ConfUtils.java:logGet(46)) - raft.server.storage.dir = [/home/runner/work/ozone/ozone/hadoop-ozone/integration-test/target/test-dir/MiniOzoneClusterImpl-b9d514d0-62e9-44b2-85a5-b07480d3784c/datanode-9/data/ratis] (custom)
2023-11-17 09:55:38,419 [a7ddde4f-1380-4d54-ae4e-b71d3284ab6f-groupManagement] INFO  server.RaftServerConfigKeys (ConfUtils.java:logGet(46)) - raft.server.log.corruption.policy = EXCEPTION (default)
2023-11-17 09:55:38,419 [a7ddde4f-1380-4d54-ae4e-b71d3284ab6f-groupManagement] INFO  server.RaftServerConfigKeys (ConfUtils.java:logGet(46)) - raft.server.storage.free-space.min = 0MB (=0) (default)
2023-11-17 09:55:38,419 [a7ddde4f-1380-4d54-ae4e-b71d3284ab6f-groupManagement] INFO  server.RaftServerConfigKeys (ConfUtils.java:logGet(46)) - raft.server.notification.no-leader.timeout = 300s (custom)
2023-11-17 09:55:38,419 [a7ddde4f-1380-4d54-ae4e-b71d3284ab6f-groupManagement] INFO  server.RaftServerConfigKeys (ConfUtils.java:logGet(46)) - raft.server.read.timeout = 10s (default)
2023-11-17 09:55:38,419 [a7ddde4f-1380-4d54-ae4e-b71d3284ab6f-groupManagement] INFO  server.RaftServerConfigKeys (ConfUtils.java:logGet(46)) - raft.server.retrycache.expirytime = 600000ms (custom)
2023-11-17 09:55:38,419 [a7ddde4f-1380-4d54-ae4e-b71d3284ab6f-groupManagement] INFO  server.RaftServerConfigKeys (ConfUtils.java:logGet(46)) - raft.server.retrycache.statistics.expirytime = 100μs (default)
2023-11-17 09:55:38,419 [2a883bf7-e5b8-4bdb-a368-a41799101186-groupManagement] INFO  server.RaftServer$Division (RaftServerImpl.java:<init>(198)) - 2a883bf7-e5b8-4bdb-a368-a41799101186: new RaftServerImpl for group-921E636CB4D7:[2a883bf7-e5b8-4bdb-a368-a41799101186|rpc:10.1.0.9:15041|admin:10.1.0.9:15040|client:10.1.0.9:15039|dataStream:10.1.0.9:15042|priority:0|startupRole:FOLLOWER, 3172c264-2718-48bc-901b-d06defdb8935|rpc:10.1.0.9:15050|admin:10.1.0.9:15049|client:10.1.0.9:15048|dataStream:10.1.0.9:15051|priority:1|startupRole:FOLLOWER, fea717c9-b406-422e-8ccb-799e860d7c03|rpc:10.1.0.9:15059|admin:10.1.0.9:15058|client:10.1.0.9:15057|dataStream:10.1.0.9:15060|priority:0|startupRole:FOLLOWER] with ContainerStateMachine:uninitialized
2023-11-17 09:55:38,419 [2a883bf7-e5b8-4bdb-a368-a41799101186-groupManagement] INFO  server.RaftServerConfigKeys (ConfUtils.java:logGet(46)) - raft.server.rpc.timeout.min = 5s (custom)
2023-11-17 09:55:38,419 [2a883bf7-e5b8-4bdb-a368-a41799101186-groupManagement] INFO  server.RaftServerConfigKeys (ConfUtils.java:logGet(46)) - raft.server.rpc.timeout.max = 5200ms (custom)
2023-11-17 09:55:38,419 [2a883bf7-e5b8-4bdb-a368-a41799101186-groupManagement] INFO  server.RaftServerConfigKeys (ConfUtils.java:logGet(46)) - raft.server.rpc.sleep.time = 25ms (default)
2023-11-17 09:55:38,419 [2a883bf7-e5b8-4bdb-a368-a41799101186-groupManagement] INFO  server.RaftServerConfigKeys (ConfUtils.java:logGet(46)) - raft.server.rpc.slowness.timeout = 300s (custom)
2023-11-17 09:55:38,419 [2a883bf7-e5b8-4bdb-a368-a41799101186-groupManagement] INFO  server.RaftServerConfigKeys (ConfUtils.java:logGet(46)) - raft.server.leaderelection.leader.step-down.wait-time = 10s (default)
2023-11-17 09:55:38,420 [2a883bf7-e5b8-4bdb-a368-a41799101186-groupManagement] INFO  server.RaftServerConfigKeys (ConfUtils.java:logGet(46)) - raft.server.sleep.deviation.threshold = 300ms (default)
2023-11-17 09:55:38,420 [2a883bf7-e5b8-4bdb-a368-a41799101186-groupManagement] INFO  server.RaftServer$Division (ServerState.java:<init>(120)) - 2a883bf7-e5b8-4bdb-a368-a41799101186@group-921E636CB4D7: ConfigurationManager, init=-1: peers:[2a883bf7-e5b8-4bdb-a368-a41799101186|rpc:10.1.0.9:15041|admin:10.1.0.9:15040|client:10.1.0.9:15039|dataStream:10.1.0.9:15042|priority:0|startupRole:FOLLOWER, 3172c264-2718-48bc-901b-d06defdb8935|rpc:10.1.0.9:15050|admin:10.1.0.9:15049|client:10.1.0.9:15048|dataStream:10.1.0.9:15051|priority:1|startupRole:FOLLOWER, fea717c9-b406-422e-8ccb-799e860d7c03|rpc:10.1.0.9:15059|admin:10.1.0.9:15058|client:10.1.0.9:15057|dataStream:10.1.0.9:15060|priority:0|startupRole:FOLLOWER]|listeners:[], old=null, confs=<EMPTY_MAP>
2023-11-17 09:55:38,418 [3172c264-2718-48bc-901b-d06defdb8935@group-921E636CB4D7-FollowerState] INFO  server.RaftServerConfigKeys (ConfUtils.java:logFallback(53)) - raft.server.rpc.first-election.timeout.max = 5200ms (fallback to raft.server.rpc.timeout.max)
2023-11-17 09:55:38,418 [bfb594ff-14fd-40d9-830b-cf7a3dd84176-groupManagement] INFO  impl.RoleInfo (RoleInfo.java:updateAndGet(139)) - bfb594ff-14fd-40d9-830b-cf7a3dd84176: start bfb594ff-14fd-40d9-830b-cf7a3dd84176@group-89F4F4114EAB-FollowerState
2023-11-17 09:55:38,418 [a7578bdd-9139-4946-a78d-cc7981f76fa8-groupManagement] INFO  server.RaftServerConfigKeys (ConfUtils.java:logGet(46)) - raft.server.log.appender.install.snapshot.enabled = false (custom)
2023-11-17 09:55:38,420 [a7578bdd-9139-4946-a78d-cc7981f76fa8-groupManagement] INFO  server.RaftServerConfigKeys (ConfUtils.java:logGet(46)) - raft.server.threadpool.server.cached = true (default)
2023-11-17 09:55:38,420 [a7578bdd-9139-4946-a78d-cc7981f76fa8-groupManagement] INFO  server.RaftServerConfigKeys (ConfUtils.java:logGet(46)) - raft.server.threadpool.server.size = 0 (default)
2023-11-17 09:55:38,420 [a7578bdd-9139-4946-a78d-cc7981f76fa8-groupManagement] INFO  server.RaftServerConfigKeys (ConfUtils.java:logGet(46)) - raft.server.threadpool.client.cached = true (default)
2023-11-17 09:55:38,420 [a7578bdd-9139-4946-a78d-cc7981f76fa8-groupManagement] INFO  server.RaftServerConfigKeys (ConfUtils.java:logGet(46)) - raft.server.threadpool.client.size = 0 (default)
2023-11-17 09:55:38,420 [a7578bdd-9139-4946-a78d-cc7981f76fa8-groupManagement] INFO  storage.RaftStorageDirectory (RaftStorageDirectoryImpl.java:analyzeStorage(137)) - The storage directory /home/runner/work/ozone/ozone/hadoop-ozone/integration-test/target/test-dir/MiniOzoneClusterImpl-b9d514d0-62e9-44b2-85a5-b07480d3784c/datanode-7/data/ratis/dc120092-d2e9-426a-ac7c-89f4f4114eab does not exist. Creating ...
2023-11-17 09:55:38,416 [cb74a50f-08de-45ec-b832-8b69b058d768-groupManagement] INFO  server.RaftServerConfigKeys (ConfUtils.java:logGet(46)) - raft.server.log.corruption.policy = EXCEPTION (default)
2023-11-17 09:55:38,421 [cb74a50f-08de-45ec-b832-8b69b058d768-groupManagement] INFO  server.RaftServerConfigKeys (ConfUtils.java:logGet(46)) - raft.server.storage.free-space.min = 0MB (=0) (default)
2023-11-17 09:55:38,421 [cb74a50f-08de-45ec-b832-8b69b058d768-groupManagement] INFO  server.RaftServerConfigKeys (ConfUtils.java:logGet(46)) - raft.server.notification.no-leader.timeout = 300s (custom)
2023-11-17 09:55:38,421 [cb74a50f-08de-45ec-b832-8b69b058d768-groupManagement] INFO  server.RaftServerConfigKeys (ConfUtils.java:logGet(46)) - raft.server.read.timeout = 10s (default)
2023-11-17 09:55:38,421 [cb74a50f-08de-45ec-b832-8b69b058d768-groupManagement] INFO  server.RaftServerConfigKeys (ConfUtils.java:logGet(46)) - raft.server.retrycache.expirytime = 600000ms (custom)
2023-11-17 09:55:38,421 [cb74a50f-08de-45ec-b832-8b69b058d768-groupManagement] INFO  server.RaftServerConfigKeys (ConfUtils.java:logGet(46)) - raft.server.retrycache.statistics.expirytime = 100μs (default)
2023-11-17 09:55:38,421 [cb74a50f-08de-45ec-b832-8b69b058d768-groupManagement] INFO  server.RaftServerConfigKeys (ConfUtils.java:logGet(46)) - raft.server.read.option = DEFAULT (default)
2023-11-17 09:55:38,420 [2a883bf7-e5b8-4bdb-a368-a41799101186-groupManagement] INFO  server.RaftServerConfigKeys (ConfUtils.java:logGet(46)) - raft.server.storage.dir = [/home/runner/work/ozone/ozone/hadoop-ozone/integration-test/target/test-dir/MiniOzoneClusterImpl-b9d514d0-62e9-44b2-85a5-b07480d3784c/datanode-3/data/ratis] (custom)
2023-11-17 09:55:38,419 [a7ddde4f-1380-4d54-ae4e-b71d3284ab6f-groupManagement] INFO  server.RaftServerConfigKeys (ConfUtils.java:logGet(46)) - raft.server.read.option = DEFAULT (default)
2023-11-17 09:55:38,418 [2a883bf7-e5b8-4bdb-a368-a41799101186-PipelineCommandHandlerThread-0] INFO  server.RaftServer (RaftServerProxy.java:addNew(98)) - 2a883bf7-e5b8-4bdb-a368-a41799101186: addNew group-921E636CB4D7:[2a883bf7-e5b8-4bdb-a368-a41799101186|rpc:10.1.0.9:15041|admin:10.1.0.9:15040|client:10.1.0.9:15039|dataStream:10.1.0.9:15042|priority:0|startupRole:FOLLOWER, 3172c264-2718-48bc-901b-d06defdb8935|rpc:10.1.0.9:15050|admin:10.1.0.9:15049|client:10.1.0.9:15048|dataStream:10.1.0.9:15051|priority:1|startupRole:FOLLOWER, fea717c9-b406-422e-8ccb-799e860d7c03|rpc:10.1.0.9:15059|admin:10.1.0.9:15058|client:10.1.0.9:15057|dataStream:10.1.0.9:15060|priority:0|startupRole:FOLLOWER] returns group-921E636CB4D7:java.util.concurrent.CompletableFuture@6e725a17[Not completed]
2023-11-17 09:55:38,423 [2a883bf7-e5b8-4bdb-a368-a41799101186-groupManagement] INFO  server.RaftServerConfigKeys (ConfUtils.java:logGet(46)) - raft.server.log.corruption.policy = EXCEPTION (default)
2023-11-17 09:55:38,423 [2a883bf7-e5b8-4bdb-a368-a41799101186-groupManagement] INFO  server.RaftServerConfigKeys (ConfUtils.java:logGet(46)) - raft.server.storage.free-space.min = 0MB (=0) (default)
2023-11-17 09:55:38,423 [2a883bf7-e5b8-4bdb-a368-a41799101186-groupManagement] INFO  server.RaftServerConfigKeys (ConfUtils.java:logGet(46)) - raft.server.notification.no-leader.timeout = 300s (custom)
2023-11-17 09:55:38,423 [2a883bf7-e5b8-4bdb-a368-a41799101186-groupManagement] INFO  server.RaftServerConfigKeys (ConfUtils.java:logGet(46)) - raft.server.read.timeout = 10s (default)
2023-11-17 09:55:38,423 [2a883bf7-e5b8-4bdb-a368-a41799101186-groupManagement] INFO  server.RaftServerConfigKeys (ConfUtils.java:logGet(46)) - raft.server.retrycache.expirytime = 600000ms (custom)
2023-11-17 09:55:38,423 [2a883bf7-e5b8-4bdb-a368-a41799101186-groupManagement] INFO  server.RaftServerConfigKeys (ConfUtils.java:logGet(46)) - raft.server.retrycache.statistics.expirytime = 100μs (default)
2023-11-17 09:55:38,423 [2a883bf7-e5b8-4bdb-a368-a41799101186-groupManagement] INFO  server.RaftServerConfigKeys (ConfUtils.java:logGet(46)) - raft.server.read.option = DEFAULT (default)
2023-11-17 09:55:38,423 [a7578bdd-9139-4946-a78d-cc7981f76fa8-groupManagement] INFO  storage.RaftStorageDirectory (RaftStorageDirectoryImpl.java:tryLock(231)) - Lock on /home/runner/work/ozone/ozone/hadoop-ozone/integration-test/target/test-dir/MiniOzoneClusterImpl-b9d514d0-62e9-44b2-85a5-b07480d3784c/datanode-7/data/ratis/dc120092-d2e9-426a-ac7c-89f4f4114eab/in_use.lock acquired by nodename 28525@fv-az1021-556
2023-11-17 09:55:38,425 [a7578bdd-9139-4946-a78d-cc7981f76fa8-groupManagement] INFO  storage.RaftStorage (RaftStorageImpl.java:format(96)) - Storage directory /home/runner/work/ozone/ozone/hadoop-ozone/integration-test/target/test-dir/MiniOzoneClusterImpl-b9d514d0-62e9-44b2-85a5-b07480d3784c/datanode-7/data/ratis/dc120092-d2e9-426a-ac7c-89f4f4114eab has been successfully formatted.
2023-11-17 09:55:38,430 [cb74a50f-08de-45ec-b832-8b69b058d768-groupManagement] INFO  server.RaftServerConfigKeys (ConfUtils.java:logGet(46)) - raft.server.rpc.request.timeout = 60s (custom)
2023-11-17 09:55:38,430 [cb74a50f-08de-45ec-b832-8b69b058d768-groupManagement] INFO  server.RaftServerConfigKeys (ConfUtils.java:logGet(46)) - raft.server.log.appender.install.snapshot.enabled = false (custom)
2023-11-17 09:55:38,430 [bfb594ff-14fd-40d9-830b-cf7a3dd84176@group-89F4F4114EAB-FollowerState] INFO  server.RaftServerConfigKeys (ConfUtils.java:logFallback(53)) - raft.server.rpc.first-election.timeout.min = 5s (fallback to raft.server.rpc.timeout.min)
2023-11-17 09:55:38,430 [cb74a50f-08de-45ec-b832-8b69b058d768-groupManagement] INFO  server.RaftServerConfigKeys (ConfUtils.java:logGet(46)) - raft.server.threadpool.server.cached = true (default)
2023-11-17 09:55:38,431 [bfb594ff-14fd-40d9-830b-cf7a3dd84176@group-89F4F4114EAB-FollowerState] INFO  server.RaftServerConfigKeys (ConfUtils.java:logFallback(53)) - raft.server.rpc.first-election.timeout.max = 5200ms (fallback to raft.server.rpc.timeout.max)
2023-11-17 09:55:38,436 [cb74a50f-08de-45ec-b832-8b69b058d768-groupManagement] INFO  server.RaftServerConfigKeys (ConfUtils.java:logGet(46)) - raft.server.threadpool.server.size = 0 (default)
2023-11-17 09:55:38,436 [EventQueue-OpenPipelineForHealthyPipelineSafeModeRule] INFO  safemode.SCMSafeModeManager (HealthyPipelineSafeModeRule.java:process(137)) - SCM in safe mode. Healthy pipelines reported count is 0, required healthy pipeline reported count is 1
2023-11-17 09:55:38,436 [cb74a50f-08de-45ec-b832-8b69b058d768-groupManagement] INFO  server.RaftServerConfigKeys (ConfUtils.java:logGet(46)) - raft.server.threadpool.client.cached = true (default)
2023-11-17 09:55:38,436 [cb74a50f-08de-45ec-b832-8b69b058d768-groupManagement] INFO  server.RaftServerConfigKeys (ConfUtils.java:logGet(46)) - raft.server.threadpool.client.size = 0 (default)
2023-11-17 09:55:38,436 [cb74a50f-08de-45ec-b832-8b69b058d768-groupManagement] INFO  storage.RaftStorageDirectory (RaftStorageDirectoryImpl.java:analyzeStorage(137)) - The storage directory /home/runner/work/ozone/ozone/hadoop-ozone/integration-test/target/test-dir/MiniOzoneClusterImpl-b9d514d0-62e9-44b2-85a5-b07480d3784c/datanode-8/data/ratis/4a870fe7-9fa9-4752-bd5b-9747de4185a8 does not exist. Creating ...
2023-11-17 09:55:38,434 [a7578bdd-9139-4946-a78d-cc7981f76fa8-groupManagement] INFO  ratis.ContainerStateMachine (ContainerStateMachine.java:loadSnapshot(269)) - group-89F4F4114EAB: The snapshot info is null. Setting the last applied indexto:(t:0, i:~)
2023-11-17 09:55:38,436 [a7578bdd-9139-4946-a78d-cc7981f76fa8-groupManagement] INFO  server.RaftServerConfigKeys (ConfUtils.java:logGet(46)) - raft.server.log.use.memory = false (default)
2023-11-17 09:55:38,431 [bfb594ff-14fd-40d9-830b-cf7a3dd84176-groupManagement] INFO  util.JmxRegister (JmxRegister.java:tryRegister(44)) - Successfully registered JMX Bean with object name Ratis:service=RaftServer,group=group-89F4F4114EAB,id=bfb594ff-14fd-40d9-830b-cf7a3dd84176
2023-11-17 09:55:38,437 [bfb594ff-14fd-40d9-830b-cf7a3dd84176-groupManagement] INFO  server.RaftServerConfigKeys (ConfUtils.java:logGet(46)) - raft.server.snapshot.auto.trigger.enabled = true (custom)
2023-11-17 09:55:38,437 [bfb594ff-14fd-40d9-830b-cf7a3dd84176-groupManagement] INFO  server.RaftServerConfigKeys (ConfUtils.java:logGet(46)) - raft.server.snapshot.auto.trigger.threshold = 10000 (custom)
2023-11-17 09:55:38,437 [bfb594ff-14fd-40d9-830b-cf7a3dd84176-groupManagement] INFO  server.RaftServerConfigKeys (ConfUtils.java:logGet(46)) - raft.server.snapshot.retention.file.num = 5 (custom)
2023-11-17 09:55:38,437 [bfb594ff-14fd-40d9-830b-cf7a3dd84176-groupManagement] INFO  server.RaftServerConfigKeys (ConfUtils.java:logGet(46)) - raft.server.log.purge.upto.snapshot.index = false (default)
2023-11-17 09:55:38,431 [3172c264-2718-48bc-901b-d06defdb8935-groupManagement] INFO  util.JmxRegister (JmxRegister.java:tryRegister(44)) - Successfully registered JMX Bean with object name Ratis:service=RaftServer,group=group-921E636CB4D7,id=3172c264-2718-48bc-901b-d06defdb8935
2023-11-17 09:55:38,437 [3172c264-2718-48bc-901b-d06defdb8935-groupManagement] INFO  server.RaftServerConfigKeys (ConfUtils.java:logGet(46)) - raft.server.snapshot.auto.trigger.enabled = true (custom)
2023-11-17 09:55:38,437 [3172c264-2718-48bc-901b-d06defdb8935-groupManagement] INFO  server.RaftServerConfigKeys (ConfUtils.java:logGet(46)) - raft.server.snapshot.auto.trigger.threshold = 10000 (custom)
2023-11-17 09:55:38,437 [3172c264-2718-48bc-901b-d06defdb8935-groupManagement] INFO  server.RaftServerConfigKeys (ConfUtils.java:logGet(46)) - raft.server.snapshot.retention.file.num = 5 (custom)
2023-11-17 09:55:38,437 [3172c264-2718-48bc-901b-d06defdb8935-groupManagement] INFO  server.RaftServerConfigKeys (ConfUtils.java:logGet(46)) - raft.server.log.purge.upto.snapshot.index = false (default)
2023-11-17 09:55:38,436 [a7578bdd-9139-4946-a78d-cc7981f76fa8-groupManagement] INFO  server.RaftServerConfigKeys (ConfUtils.java:logGet(46)) - raft.server.log.purge.gap = 1000000 (custom)
2023-11-17 09:55:38,438 [a7578bdd-9139-4946-a78d-cc7981f76fa8-groupManagement] INFO  server.RaftServerConfigKeys (ConfUtils.java:logGet(46)) - raft.server.log.appender.buffer.byte-limit = 33554432 (custom)
2023-11-17 09:55:38,438 [a7578bdd-9139-4946-a78d-cc7981f76fa8-groupManagement] INFO  server.RaftServerConfigKeys (ConfUtils.java:logGet(46)) - raft.server.log.statemachine.data.read.timeout = 1000ms (default)
2023-11-17 09:55:38,438 [a7578bdd-9139-4946-a78d-cc7981f76fa8-groupManagement] INFO  server.RaftServerConfigKeys (ConfUtils.java:logGet(46)) - raft.server.log.purge.preservation.log.num = 0 (default)
2023-11-17 09:55:38,438 [a7578bdd-9139-4946-a78d-cc7981f76fa8-groupManagement] INFO  server.RaftServerConfigKeys (ConfUtils.java:logGet(46)) - raft.server.log.segment.size.max = 1048576 (custom)
2023-11-17 09:55:38,439 [cb74a50f-08de-45ec-b832-8b69b058d768-groupManagement] INFO  storage.RaftStorageDirectory (RaftStorageDirectoryImpl.java:tryLock(231)) - Lock on /home/runner/work/ozone/ozone/hadoop-ozone/integration-test/target/test-dir/MiniOzoneClusterImpl-b9d514d0-62e9-44b2-85a5-b07480d3784c/datanode-8/data/ratis/4a870fe7-9fa9-4752-bd5b-9747de4185a8/in_use.lock acquired by nodename 28525@fv-az1021-556
2023-11-17 09:55:38,441 [cb74a50f-08de-45ec-b832-8b69b058d768-groupManagement] INFO  storage.RaftStorage (RaftStorageImpl.java:format(96)) - Storage directory /home/runner/work/ozone/ozone/hadoop-ozone/integration-test/target/test-dir/MiniOzoneClusterImpl-b9d514d0-62e9-44b2-85a5-b07480d3784c/datanode-8/data/ratis/4a870fe7-9fa9-4752-bd5b-9747de4185a8 has been successfully formatted.
2023-11-17 09:55:38,445 [bfb594ff-14fd-40d9-830b-cf7a3dd84176-PipelineCommandHandlerThread-0] INFO  ratis.XceiverServerRatis (XceiverServerRatis.java:addGroup(805)) - Created group PipelineID=dc120092-d2e9-426a-ac7c-89f4f4114eab
2023-11-17 09:55:38,447 [cb74a50f-08de-45ec-b832-8b69b058d768-groupManagement] INFO  ratis.ContainerStateMachine (ContainerStateMachine.java:loadSnapshot(269)) - group-9747DE4185A8: The snapshot info is null. Setting the last applied indexto:(t:0, i:~)
2023-11-17 09:55:38,447 [cb74a50f-08de-45ec-b832-8b69b058d768-groupManagement] INFO  server.RaftServerConfigKeys (ConfUtils.java:logGet(46)) - raft.server.log.use.memory = false (default)
2023-11-17 09:55:38,447 [cb74a50f-08de-45ec-b832-8b69b058d768-groupManagement] INFO  server.RaftServerConfigKeys (ConfUtils.java:logGet(46)) - raft.server.log.purge.gap = 1000000 (custom)
2023-11-17 09:55:38,447 [cb74a50f-08de-45ec-b832-8b69b058d768-groupManagement] INFO  server.RaftServerConfigKeys (ConfUtils.java:logGet(46)) - raft.server.log.appender.buffer.byte-limit = 33554432 (custom)
2023-11-17 09:55:38,447 [cb74a50f-08de-45ec-b832-8b69b058d768-groupManagement] INFO  server.RaftServerConfigKeys (ConfUtils.java:logGet(46)) - raft.server.log.statemachine.data.read.timeout = 1000ms (default)
2023-11-17 09:55:38,447 [cb74a50f-08de-45ec-b832-8b69b058d768-groupManagement] INFO  server.RaftServerConfigKeys (ConfUtils.java:logGet(46)) - raft.server.log.purge.preservation.log.num = 0 (default)
2023-11-17 09:55:38,448 [cb74a50f-08de-45ec-b832-8b69b058d768-groupManagement] INFO  server.RaftServerConfigKeys (ConfUtils.java:logGet(46)) - raft.server.log.segment.size.max = 1048576 (custom)
2023-11-17 09:55:38,450 [EventQueue-PipelineReportForPipelineReportHandler] INFO  pipeline.PipelineReportHandler (PipelineReportHandler.java:processPipelineReport(136)) - Opened pipeline PipelineID=4a870fe7-9fa9-4752-bd5b-9747de4185a8
2023-11-17 09:55:38,451 [EventQueue-OpenPipelineForHealthyPipelineSafeModeRule] INFO  safemode.SCMSafeModeManager (HealthyPipelineSafeModeRule.java:process(137)) - SCM in safe mode. Healthy pipelines reported count is 0, required healthy pipeline reported count is 1
2023-11-17 09:55:38,454 [3172c264-2718-48bc-901b-d06defdb8935-PipelineCommandHandlerThread-0] INFO  ratis.XceiverServerRatis (XceiverServerRatis.java:addGroup(805)) - Created group PipelineID=0df93212-96d5-4e9e-bcda-921e636cb4d7
2023-11-17 09:55:38,463 [a7578bdd-9139-4946-a78d-cc7981f76fa8-groupManagement] INFO  server.RaftServerConfigKeys (ConfUtils.java:logGet(46)) - raft.server.log.segment.cache.num.max = 2 (custom)
2023-11-17 09:55:38,463 [a7578bdd-9139-4946-a78d-cc7981f76fa8-groupManagement] INFO  server.RaftServerConfigKeys (ConfUtils.java:logGet(46)) - raft.server.log.segment.cache.size.max = 200MB (=209715200) (default)
2023-11-17 09:55:38,463 [a7578bdd-9139-4946-a78d-cc7981f76fa8-groupManagement] INFO  server.RaftServerConfigKeys (ConfUtils.java:logGet(46)) - raft.server.log.appender.buffer.byte-limit = 33554432 (custom)
2023-11-17 09:55:38,463 [a7578bdd-9139-4946-a78d-cc7981f76fa8-groupManagement] INFO  segmented.SegmentedRaftLogWorker (SegmentedRaftLogWorker.java:<init>(188)) - new a7578bdd-9139-4946-a78d-cc7981f76fa8@group-89F4F4114EAB-SegmentedRaftLogWorker for RaftStorageImpl:Storage Directory /home/runner/work/ozone/ozone/hadoop-ozone/integration-test/target/test-dir/MiniOzoneClusterImpl-b9d514d0-62e9-44b2-85a5-b07480d3784c/datanode-7/data/ratis/dc120092-d2e9-426a-ac7c-89f4f4114eab
2023-11-17 09:55:38,464 [a7578bdd-9139-4946-a78d-cc7981f76fa8-groupManagement] INFO  server.RaftServerConfigKeys (ConfUtils.java:logGet(46)) - raft.server.log.queue.byte-limit = 4294967296 (custom)
2023-11-17 09:55:38,464 [a7578bdd-9139-4946-a78d-cc7981f76fa8-groupManagement] INFO  server.RaftServerConfigKeys (ConfUtils.java:logGet(46)) - raft.server.log.queue.element-limit = 1024 (custom)
2023-11-17 09:55:38,464 [a7578bdd-9139-4946-a78d-cc7981f76fa8-groupManagement] INFO  server.RaftServerConfigKeys (ConfUtils.java:logGet(46)) - raft.server.log.segment.size.max = 1048576 (custom)
2023-11-17 09:55:38,464 [a7578bdd-9139-4946-a78d-cc7981f76fa8-groupManagement] INFO  server.RaftServerConfigKeys (ConfUtils.java:logGet(46)) - raft.server.log.preallocated.size = 16384 (custom)
2023-11-17 09:55:38,464 [a7578bdd-9139-4946-a78d-cc7981f76fa8-groupManagement] INFO  server.RaftServerConfigKeys (ConfUtils.java:logGet(46)) - raft.server.log.force.sync.num = 128 (default)
2023-11-17 09:55:38,464 [a7578bdd-9139-4946-a78d-cc7981f76fa8-groupManagement] INFO  server.RaftServerConfigKeys (ConfUtils.java:logGet(46)) - raft.server.log.statemachine.data.sync = true (default)
2023-11-17 09:55:38,464 [a7578bdd-9139-4946-a78d-cc7981f76fa8-groupManagement] INFO  server.RaftServerConfigKeys (ConfUtils.java:logGet(46)) - raft.server.log.statemachine.data.sync.timeout = 10s (default)
2023-11-17 09:55:38,464 [a7578bdd-9139-4946-a78d-cc7981f76fa8-groupManagement] INFO  server.RaftServerConfigKeys (ConfUtils.java:logGet(46)) - raft.server.log.statemachine.data.sync.timeout.retry = -1 (default)
2023-11-17 09:55:38,467 [cb74a50f-08de-45ec-b832-8b69b058d768-groupManagement] INFO  server.RaftServerConfigKeys (ConfUtils.java:logGet(46)) - raft.server.log.segment.cache.num.max = 2 (custom)
2023-11-17 09:55:38,468 [cb74a50f-08de-45ec-b832-8b69b058d768-groupManagement] INFO  server.RaftServerConfigKeys (ConfUtils.java:logGet(46)) - raft.server.log.segment.cache.size.max = 200MB (=209715200) (default)
2023-11-17 09:55:38,468 [cb74a50f-08de-45ec-b832-8b69b058d768-groupManagement] INFO  server.RaftServerConfigKeys (ConfUtils.java:logGet(46)) - raft.server.log.appender.buffer.byte-limit = 33554432 (custom)
2023-11-17 09:55:38,468 [cb74a50f-08de-45ec-b832-8b69b058d768-groupManagement] INFO  segmented.SegmentedRaftLogWorker (SegmentedRaftLogWorker.java:<init>(188)) - new cb74a50f-08de-45ec-b832-8b69b058d768@group-9747DE4185A8-SegmentedRaftLogWorker for RaftStorageImpl:Storage Directory /home/runner/work/ozone/ozone/hadoop-ozone/integration-test/target/test-dir/MiniOzoneClusterImpl-b9d514d0-62e9-44b2-85a5-b07480d3784c/datanode-8/data/ratis/4a870fe7-9fa9-4752-bd5b-9747de4185a8
2023-11-17 09:55:38,468 [cb74a50f-08de-45ec-b832-8b69b058d768-groupManagement] INFO  server.RaftServerConfigKeys (ConfUtils.java:logGet(46)) - raft.server.log.queue.byte-limit = 4294967296 (custom)
2023-11-17 09:55:38,468 [cb74a50f-08de-45ec-b832-8b69b058d768-groupManagement] INFO  server.RaftServerConfigKeys (ConfUtils.java:logGet(46)) - raft.server.log.queue.element-limit = 1024 (custom)
2023-11-17 09:55:38,468 [cb74a50f-08de-45ec-b832-8b69b058d768-groupManagement] INFO  server.RaftServerConfigKeys (ConfUtils.java:logGet(46)) - raft.server.log.segment.size.max = 1048576 (custom)
2023-11-17 09:55:38,468 [cb74a50f-08de-45ec-b832-8b69b058d768-groupManagement] INFO  server.RaftServerConfigKeys (ConfUtils.java:logGet(46)) - raft.server.log.preallocated.size = 16384 (custom)
2023-11-17 09:55:38,468 [cb74a50f-08de-45ec-b832-8b69b058d768-groupManagement] INFO  server.RaftServerConfigKeys (ConfUtils.java:logGet(46)) - raft.server.log.force.sync.num = 128 (default)
2023-11-17 09:55:38,468 [cb74a50f-08de-45ec-b832-8b69b058d768-groupManagement] INFO  server.RaftServerConfigKeys (ConfUtils.java:logGet(46)) - raft.server.log.statemachine.data.sync = true (default)
2023-11-17 09:55:38,468 [cb74a50f-08de-45ec-b832-8b69b058d768-groupManagement] INFO  server.RaftServerConfigKeys (ConfUtils.java:logGet(46)) - raft.server.log.statemachine.data.sync.timeout = 10s (default)
2023-11-17 09:55:38,468 [cb74a50f-08de-45ec-b832-8b69b058d768-groupManagement] INFO  server.RaftServerConfigKeys (ConfUtils.java:logGet(46)) - raft.server.log.statemachine.data.sync.timeout.retry = -1 (default)
2023-11-17 09:55:38,470 [54bd6e84-2e53-4956-b446-cc6ac26bbc90-PipelineCommandHandlerThread-0] INFO  commandhandler.CreatePipelineCommandHandler (CreatePipelineCommandHandler.java:lambda$handle$2(124)) - Created Pipeline RATIS THREE PipelineID=dde66346-54bf-4c28-8855-32a51c59fd22.
2023-11-17 09:55:38,471 [2a883bf7-e5b8-4bdb-a368-a41799101186-groupManagement] INFO  server.RaftServerConfigKeys (ConfUtils.java:logGet(46)) - raft.server.rpc.request.timeout = 60s (custom)
2023-11-17 09:55:38,471 [2a883bf7-e5b8-4bdb-a368-a41799101186-groupManagement] INFO  server.RaftServerConfigKeys (ConfUtils.java:logGet(46)) - raft.server.log.appender.install.snapshot.enabled = false (custom)
2023-11-17 09:55:38,471 [2a883bf7-e5b8-4bdb-a368-a41799101186-groupManagement] INFO  server.RaftServerConfigKeys (ConfUtils.java:logGet(46)) - raft.server.threadpool.server.cached = true (default)
2023-11-17 09:55:38,471 [2a883bf7-e5b8-4bdb-a368-a41799101186-groupManagement] INFO  server.RaftServerConfigKeys (ConfUtils.java:logGet(46)) - raft.server.threadpool.server.size = 0 (default)
2023-11-17 09:55:38,471 [2a883bf7-e5b8-4bdb-a368-a41799101186-groupManagement] INFO  server.RaftServerConfigKeys (ConfUtils.java:logGet(46)) - raft.server.threadpool.client.cached = true (default)
2023-11-17 09:55:38,471 [2a883bf7-e5b8-4bdb-a368-a41799101186-groupManagement] INFO  server.RaftServerConfigKeys (ConfUtils.java:logGet(46)) - raft.server.threadpool.client.size = 0 (default)
2023-11-17 09:55:38,471 [2a883bf7-e5b8-4bdb-a368-a41799101186-groupManagement] INFO  storage.RaftStorageDirectory (RaftStorageDirectoryImpl.java:analyzeStorage(137)) - The storage directory /home/runner/work/ozone/ozone/hadoop-ozone/integration-test/target/test-dir/MiniOzoneClusterImpl-b9d514d0-62e9-44b2-85a5-b07480d3784c/datanode-3/data/ratis/0df93212-96d5-4e9e-bcda-921e636cb4d7 does not exist. Creating ...
2023-11-17 09:55:38,474 [2a883bf7-e5b8-4bdb-a368-a41799101186-groupManagement] INFO  storage.RaftStorageDirectory (RaftStorageDirectoryImpl.java:tryLock(231)) - Lock on /home/runner/work/ozone/ozone/hadoop-ozone/integration-test/target/test-dir/MiniOzoneClusterImpl-b9d514d0-62e9-44b2-85a5-b07480d3784c/datanode-3/data/ratis/0df93212-96d5-4e9e-bcda-921e636cb4d7/in_use.lock acquired by nodename 28525@fv-az1021-556
2023-11-17 09:55:38,474 [grpc-default-executor-0] INFO  server.RaftServer (RaftServerProxy.java:addNew(98)) - cb74a50f-08de-45ec-b832-8b69b058d768: addNew group-89F4F4114EAB:[cb74a50f-08de-45ec-b832-8b69b058d768|rpc:10.1.0.9:15086|admin:10.1.0.9:15085|client:10.1.0.9:15084|dataStream:10.1.0.9:15087|priority:0|startupRole:FOLLOWER, a7578bdd-9139-4946-a78d-cc7981f76fa8|rpc:10.1.0.9:15077|admin:10.1.0.9:15076|client:10.1.0.9:15075|dataStream:10.1.0.9:15078|priority:0|startupRole:FOLLOWER, bfb594ff-14fd-40d9-830b-cf7a3dd84176|rpc:10.1.0.9:15068|admin:10.1.0.9:15067|client:10.1.0.9:15066|dataStream:10.1.0.9:15069|priority:1|startupRole:FOLLOWER] returns group-89F4F4114EAB:java.util.concurrent.CompletableFuture@520bf7af[Not completed]
2023-11-17 09:55:38,475 [2a883bf7-e5b8-4bdb-a368-a41799101186-groupManagement] INFO  storage.RaftStorage (RaftStorageImpl.java:format(96)) - Storage directory /home/runner/work/ozone/ozone/hadoop-ozone/integration-test/target/test-dir/MiniOzoneClusterImpl-b9d514d0-62e9-44b2-85a5-b07480d3784c/datanode-3/data/ratis/0df93212-96d5-4e9e-bcda-921e636cb4d7 has been successfully formatted.
2023-11-17 09:55:38,475 [2a883bf7-e5b8-4bdb-a368-a41799101186-groupManagement] INFO  ratis.ContainerStateMachine (ContainerStateMachine.java:loadSnapshot(269)) - group-921E636CB4D7: The snapshot info is null. Setting the last applied indexto:(t:0, i:~)
2023-11-17 09:55:38,475 [2a883bf7-e5b8-4bdb-a368-a41799101186-groupManagement] INFO  server.RaftServerConfigKeys (ConfUtils.java:logGet(46)) - raft.server.log.use.memory = false (default)
2023-11-17 09:55:38,476 [2a883bf7-e5b8-4bdb-a368-a41799101186-groupManagement] INFO  server.RaftServerConfigKeys (ConfUtils.java:logGet(46)) - raft.server.log.purge.gap = 1000000 (custom)
2023-11-17 09:55:38,476 [2a883bf7-e5b8-4bdb-a368-a41799101186-groupManagement] INFO  server.RaftServerConfigKeys (ConfUtils.java:logGet(46)) - raft.server.log.appender.buffer.byte-limit = 33554432 (custom)
2023-11-17 09:55:38,476 [2a883bf7-e5b8-4bdb-a368-a41799101186-groupManagement] INFO  server.RaftServerConfigKeys (ConfUtils.java:logGet(46)) - raft.server.log.statemachine.data.read.timeout = 1000ms (default)
2023-11-17 09:55:38,476 [2a883bf7-e5b8-4bdb-a368-a41799101186-groupManagement] INFO  server.RaftServerConfigKeys (ConfUtils.java:logGet(46)) - raft.server.log.purge.preservation.log.num = 0 (default)
2023-11-17 09:55:38,476 [a7578bdd-9139-4946-a78d-cc7981f76fa8-groupManagement] INFO  server.RaftServerConfigKeys (ConfUtils.java:logGet(46)) - raft.server.log.write.buffer.size = 1048576 (custom)
2023-11-17 09:55:38,476 [2a883bf7-e5b8-4bdb-a368-a41799101186-groupManagement] INFO  server.RaftServerConfigKeys (ConfUtils.java:logGet(46)) - raft.server.log.segment.size.max = 1048576 (custom)
2023-11-17 09:55:38,476 [a7578bdd-9139-4946-a78d-cc7981f76fa8-groupManagement] INFO  server.RaftServerConfigKeys (ConfUtils.java:logGet(46)) - raft.server.log.appender.buffer.byte-limit = 33554432 (custom)
2023-11-17 09:55:38,477 [a7578bdd-9139-4946-a78d-cc7981f76fa8-groupManagement] INFO  server.RaftServerConfigKeys (ConfUtils.java:logGet(46)) - raft.server.log.unsafe-flush.enabled = false (default)
2023-11-17 09:55:38,477 [a7578bdd-9139-4946-a78d-cc7981f76fa8-groupManagement] INFO  server.RaftServerConfigKeys (ConfUtils.java:logGet(46)) - raft.server.log.async-flush.enabled = false (default)
2023-11-17 09:55:38,477 [EventQueue-OpenPipelineForHealthyPipelineSafeModeRule] INFO  safemode.SCMSafeModeManager (HealthyPipelineSafeModeRule.java:process(137)) - SCM in safe mode. Healthy pipelines reported count is 0, required healthy pipeline reported count is 1
2023-11-17 09:55:38,477 [a7578bdd-9139-4946-a78d-cc7981f76fa8-groupManagement] INFO  server.RaftServerConfigKeys (ConfUtils.java:logGet(46)) - raft.server.log.statemachine.data.caching.enabled = true (custom)
2023-11-17 09:55:38,477 [a7578bdd-9139-4946-a78d-cc7981f76fa8-groupManagement] INFO  segmented.SegmentedRaftLogWorker (SegmentedRaftLogWorker.java:lambda$new$0(135)) - a7578bdd-9139-4946-a78d-cc7981f76fa8@group-89F4F4114EAB-SegmentedRaftLogWorker: flushIndex: setUnconditionally 0 -> -1
2023-11-17 09:55:38,478 [a7578bdd-9139-4946-a78d-cc7981f76fa8-groupManagement] INFO  segmented.SegmentedRaftLogWorker (SegmentedRaftLogWorker.java:lambda$new$0(135)) - a7578bdd-9139-4946-a78d-cc7981f76fa8@group-89F4F4114EAB-SegmentedRaftLogWorker: safeCacheEvictIndex: setUnconditionally 0 -> -1
2023-11-17 09:55:38,481 [a7578bdd-9139-4946-a78d-cc7981f76fa8-groupManagement] INFO  server.RaftServer$Division (RaftServerImpl.java:start(342)) - a7578bdd-9139-4946-a78d-cc7981f76fa8@group-89F4F4114EAB: start as a follower, conf=-1: peers:[cb74a50f-08de-45ec-b832-8b69b058d768|rpc:10.1.0.9:15086|admin:10.1.0.9:15085|client:10.1.0.9:15084|dataStream:10.1.0.9:15087|priority:0|startupRole:FOLLOWER, a7578bdd-9139-4946-a78d-cc7981f76fa8|rpc:10.1.0.9:15077|admin:10.1.0.9:15076|client:10.1.0.9:15075|dataStream:10.1.0.9:15078|priority:0|startupRole:FOLLOWER, bfb594ff-14fd-40d9-830b-cf7a3dd84176|rpc:10.1.0.9:15068|admin:10.1.0.9:15067|client:10.1.0.9:15066|dataStream:10.1.0.9:15069|priority:1|startupRole:FOLLOWER]|listeners:[], old=null
2023-11-17 09:55:38,481 [a7578bdd-9139-4946-a78d-cc7981f76fa8-groupManagement] INFO  server.RaftServer$Division (RaftServerImpl.java:setRole(329)) - a7578bdd-9139-4946-a78d-cc7981f76fa8@group-89F4F4114EAB: changes role from      null to FOLLOWER at term 0 for startAsFollower
2023-11-17 09:55:38,481 [a7578bdd-9139-4946-a78d-cc7981f76fa8-groupManagement] INFO  impl.RoleInfo (RoleInfo.java:updateAndGet(139)) - a7578bdd-9139-4946-a78d-cc7981f76fa8: start a7578bdd-9139-4946-a78d-cc7981f76fa8@group-89F4F4114EAB-FollowerState
2023-11-17 09:55:38,481 [a7578bdd-9139-4946-a78d-cc7981f76fa8@group-89F4F4114EAB-FollowerState] INFO  server.RaftServerConfigKeys (ConfUtils.java:logFallback(53)) - raft.server.rpc.first-election.timeout.min = 5s (fallback to raft.server.rpc.timeout.min)
2023-11-17 09:55:38,481 [a7578bdd-9139-4946-a78d-cc7981f76fa8@group-89F4F4114EAB-FollowerState] INFO  server.RaftServerConfigKeys (ConfUtils.java:logFallback(53)) - raft.server.rpc.first-election.timeout.max = 5200ms (fallback to raft.server.rpc.timeout.max)
2023-11-17 09:55:38,482 [a7ddde4f-1380-4d54-ae4e-b71d3284ab6f-groupManagement] INFO  server.RaftServerConfigKeys (ConfUtils.java:logGet(46)) - raft.server.rpc.request.timeout = 60s (custom)
2023-11-17 09:55:38,482 [3f7ce36a-008a-4440-b2ee-16e9e4e5a9e8-PipelineCommandHandlerThread-0] INFO  commandhandler.CreatePipelineCommandHandler (CreatePipelineCommandHandler.java:lambda$handle$2(124)) - Created Pipeline RATIS THREE PipelineID=dde66346-54bf-4c28-8855-32a51c59fd22.
2023-11-17 09:55:38,482 [a7ddde4f-1380-4d54-ae4e-b71d3284ab6f-groupManagement] INFO  server.RaftServerConfigKeys (ConfUtils.java:logGet(46)) - raft.server.log.appender.install.snapshot.enabled = false (custom)
2023-11-17 09:55:38,483 [a7ddde4f-1380-4d54-ae4e-b71d3284ab6f-groupManagement] INFO  server.RaftServerConfigKeys (ConfUtils.java:logGet(46)) - raft.server.threadpool.server.cached = true (default)
2023-11-17 09:55:38,483 [a7ddde4f-1380-4d54-ae4e-b71d3284ab6f-groupManagement] INFO  server.RaftServerConfigKeys (ConfUtils.java:logGet(46)) - raft.server.threadpool.server.size = 0 (default)
2023-11-17 09:55:38,484 [a7ddde4f-1380-4d54-ae4e-b71d3284ab6f-groupManagement] INFO  server.RaftServerConfigKeys (ConfUtils.java:logGet(46)) - raft.server.threadpool.client.cached = true (default)
2023-11-17 09:55:38,484 [a7ddde4f-1380-4d54-ae4e-b71d3284ab6f-groupManagement] INFO  server.RaftServerConfigKeys (ConfUtils.java:logGet(46)) - raft.server.threadpool.client.size = 0 (default)
2023-11-17 09:55:38,484 [a7ddde4f-1380-4d54-ae4e-b71d3284ab6f-groupManagement] INFO  storage.RaftStorageDirectory (RaftStorageDirectoryImpl.java:analyzeStorage(137)) - The storage directory /home/runner/work/ozone/ozone/hadoop-ozone/integration-test/target/test-dir/MiniOzoneClusterImpl-b9d514d0-62e9-44b2-85a5-b07480d3784c/datanode-9/data/ratis/728b795c-ba06-48ed-899f-f190dfd69fe8 does not exist. Creating ...
2023-11-17 09:55:38,485 [a7578bdd-9139-4946-a78d-cc7981f76fa8-groupManagement] INFO  util.JmxRegister (JmxRegister.java:tryRegister(44)) - Successfully registered JMX Bean with object name Ratis:service=RaftServer,group=group-89F4F4114EAB,id=a7578bdd-9139-4946-a78d-cc7981f76fa8
2023-11-17 09:55:38,485 [a7578bdd-9139-4946-a78d-cc7981f76fa8-groupManagement] INFO  server.RaftServerConfigKeys (ConfUtils.java:logGet(46)) - raft.server.snapshot.auto.trigger.enabled = true (custom)
2023-11-17 09:55:38,485 [a7ddde4f-1380-4d54-ae4e-b71d3284ab6f-groupManagement] INFO  storage.RaftStorageDirectory (RaftStorageDirectoryImpl.java:tryLock(231)) - Lock on /home/runner/work/ozone/ozone/hadoop-ozone/integration-test/target/test-dir/MiniOzoneClusterImpl-b9d514d0-62e9-44b2-85a5-b07480d3784c/datanode-9/data/ratis/728b795c-ba06-48ed-899f-f190dfd69fe8/in_use.lock acquired by nodename 28525@fv-az1021-556
2023-11-17 09:55:38,485 [a7578bdd-9139-4946-a78d-cc7981f76fa8-groupManagement] INFO  server.RaftServerConfigKeys (ConfUtils.java:logGet(46)) - raft.server.snapshot.auto.trigger.threshold = 10000 (custom)
2023-11-17 09:55:38,485 [a7578bdd-9139-4946-a78d-cc7981f76fa8-groupManagement] INFO  server.RaftServerConfigKeys (ConfUtils.java:logGet(46)) - raft.server.snapshot.retention.file.num = 5 (custom)
2023-11-17 09:55:38,485 [a7578bdd-9139-4946-a78d-cc7981f76fa8-groupManagement] INFO  server.RaftServerConfigKeys (ConfUtils.java:logGet(46)) - raft.server.log.purge.upto.snapshot.index = false (default)
2023-11-17 09:55:38,485 [652b82d9-1846-44d1-8352-7bf3439ad078-PipelineCommandHandlerThread-0] INFO  commandhandler.CreatePipelineCommandHandler (CreatePipelineCommandHandler.java:lambda$handle$2(124)) - Created Pipeline RATIS THREE PipelineID=dde66346-54bf-4c28-8855-32a51c59fd22.
2023-11-17 09:55:38,486 [cb74a50f-08de-45ec-b832-8b69b058d768-groupManagement] INFO  server.RaftServerConfigKeys (ConfUtils.java:logGet(46)) - raft.server.log.write.buffer.size = 1048576 (custom)
2023-11-17 09:55:38,487 [cb74a50f-08de-45ec-b832-8b69b058d768-groupManagement] INFO  server.RaftServerConfigKeys (ConfUtils.java:logGet(46)) - raft.server.log.appender.buffer.byte-limit = 33554432 (custom)
2023-11-17 09:55:38,487 [a7ddde4f-1380-4d54-ae4e-b71d3284ab6f-groupManagement] INFO  storage.RaftStorage (RaftStorageImpl.java:format(96)) - Storage directory /home/runner/work/ozone/ozone/hadoop-ozone/integration-test/target/test-dir/MiniOzoneClusterImpl-b9d514d0-62e9-44b2-85a5-b07480d3784c/datanode-9/data/ratis/728b795c-ba06-48ed-899f-f190dfd69fe8 has been successfully formatted.
2023-11-17 09:55:38,489 [a7ddde4f-1380-4d54-ae4e-b71d3284ab6f-groupManagement] INFO  ratis.ContainerStateMachine (ContainerStateMachine.java:loadSnapshot(269)) - group-F190DFD69FE8: The snapshot info is null. Setting the last applied indexto:(t:0, i:~)
2023-11-17 09:55:38,489 [a7ddde4f-1380-4d54-ae4e-b71d3284ab6f-groupManagement] INFO  server.RaftServerConfigKeys (ConfUtils.java:logGet(46)) - raft.server.log.use.memory = false (default)
2023-11-17 09:55:38,489 [a7ddde4f-1380-4d54-ae4e-b71d3284ab6f-groupManagement] INFO  server.RaftServerConfigKeys (ConfUtils.java:logGet(46)) - raft.server.log.purge.gap = 1000000 (custom)
2023-11-17 09:55:38,489 [a7ddde4f-1380-4d54-ae4e-b71d3284ab6f-groupManagement] INFO  server.RaftServerConfigKeys (ConfUtils.java:logGet(46)) - raft.server.log.appender.buffer.byte-limit = 33554432 (custom)
2023-11-17 09:55:38,489 [a7ddde4f-1380-4d54-ae4e-b71d3284ab6f-groupManagement] INFO  server.RaftServerConfigKeys (ConfUtils.java:logGet(46)) - raft.server.log.statemachine.data.read.timeout = 1000ms (default)
2023-11-17 09:55:38,489 [a7ddde4f-1380-4d54-ae4e-b71d3284ab6f-groupManagement] INFO  server.RaftServerConfigKeys (ConfUtils.java:logGet(46)) - raft.server.log.purge.preservation.log.num = 0 (default)
2023-11-17 09:55:38,489 [cb74a50f-08de-45ec-b832-8b69b058d768-groupManagement] INFO  server.RaftServerConfigKeys (ConfUtils.java:logGet(46)) - raft.server.log.unsafe-flush.enabled = false (default)
2023-11-17 09:55:38,489 [cb74a50f-08de-45ec-b832-8b69b058d768-groupManagement] INFO  server.RaftServerConfigKeys (ConfUtils.java:logGet(46)) - raft.server.log.async-flush.enabled = false (default)
2023-11-17 09:55:38,489 [a7ddde4f-1380-4d54-ae4e-b71d3284ab6f-groupManagement] INFO  server.RaftServerConfigKeys (ConfUtils.java:logGet(46)) - raft.server.log.segment.size.max = 1048576 (custom)
2023-11-17 09:55:38,490 [cb74a50f-08de-45ec-b832-8b69b058d768-groupManagement] INFO  server.RaftServerConfigKeys (ConfUtils.java:logGet(46)) - raft.server.log.statemachine.data.caching.enabled = true (custom)
2023-11-17 09:55:38,490 [cb74a50f-08de-45ec-b832-8b69b058d768-groupManagement] INFO  segmented.SegmentedRaftLogWorker (SegmentedRaftLogWorker.java:lambda$new$0(135)) - cb74a50f-08de-45ec-b832-8b69b058d768@group-9747DE4185A8-SegmentedRaftLogWorker: flushIndex: setUnconditionally 0 -> -1
2023-11-17 09:55:38,490 [cb74a50f-08de-45ec-b832-8b69b058d768-groupManagement] INFO  segmented.SegmentedRaftLogWorker (SegmentedRaftLogWorker.java:lambda$new$0(135)) - cb74a50f-08de-45ec-b832-8b69b058d768@group-9747DE4185A8-SegmentedRaftLogWorker: safeCacheEvictIndex: setUnconditionally 0 -> -1
2023-11-17 09:55:38,490 [a7ddde4f-1380-4d54-ae4e-b71d3284ab6f-groupManagement] INFO  server.RaftServerConfigKeys (ConfUtils.java:logGet(46)) - raft.server.log.segment.cache.num.max = 2 (custom)
2023-11-17 09:55:38,490 [a7ddde4f-1380-4d54-ae4e-b71d3284ab6f-groupManagement] INFO  server.RaftServerConfigKeys (ConfUtils.java:logGet(46)) - raft.server.log.segment.cache.size.max = 200MB (=209715200) (default)
2023-11-17 09:55:38,490 [a7ddde4f-1380-4d54-ae4e-b71d3284ab6f-groupManagement] INFO  server.RaftServerConfigKeys (ConfUtils.java:logGet(46)) - raft.server.log.appender.buffer.byte-limit = 33554432 (custom)
2023-11-17 09:55:38,490 [a7ddde4f-1380-4d54-ae4e-b71d3284ab6f-groupManagement] INFO  segmented.SegmentedRaftLogWorker (SegmentedRaftLogWorker.java:<init>(188)) - new a7ddde4f-1380-4d54-ae4e-b71d3284ab6f@group-F190DFD69FE8-SegmentedRaftLogWorker for RaftStorageImpl:Storage Directory /home/runner/work/ozone/ozone/hadoop-ozone/integration-test/target/test-dir/MiniOzoneClusterImpl-b9d514d0-62e9-44b2-85a5-b07480d3784c/datanode-9/data/ratis/728b795c-ba06-48ed-899f-f190dfd69fe8
2023-11-17 09:55:38,490 [a7ddde4f-1380-4d54-ae4e-b71d3284ab6f-groupManagement] INFO  server.RaftServerConfigKeys (ConfUtils.java:logGet(46)) - raft.server.log.queue.byte-limit = 4294967296 (custom)
2023-11-17 09:55:38,490 [a7ddde4f-1380-4d54-ae4e-b71d3284ab6f-groupManagement] INFO  server.RaftServerConfigKeys (ConfUtils.java:logGet(46)) - raft.server.log.queue.element-limit = 1024 (custom)
2023-11-17 09:55:38,491 [a7ddde4f-1380-4d54-ae4e-b71d3284ab6f-groupManagement] INFO  server.RaftServerConfigKeys (ConfUtils.java:logGet(46)) - raft.server.log.segment.size.max = 1048576 (custom)
2023-11-17 09:55:38,491 [a7ddde4f-1380-4d54-ae4e-b71d3284ab6f-groupManagement] INFO  server.RaftServerConfigKeys (ConfUtils.java:logGet(46)) - raft.server.log.preallocated.size = 16384 (custom)
2023-11-17 09:55:38,491 [a7ddde4f-1380-4d54-ae4e-b71d3284ab6f-groupManagement] INFO  server.RaftServerConfigKeys (ConfUtils.java:logGet(46)) - raft.server.log.force.sync.num = 128 (default)
2023-11-17 09:55:38,491 [a7ddde4f-1380-4d54-ae4e-b71d3284ab6f-groupManagement] INFO  server.RaftServerConfigKeys (ConfUtils.java:logGet(46)) - raft.server.log.statemachine.data.sync = true (default)
2023-11-17 09:55:38,491 [a7ddde4f-1380-4d54-ae4e-b71d3284ab6f-groupManagement] INFO  server.RaftServerConfigKeys (ConfUtils.java:logGet(46)) - raft.server.log.statemachine.data.sync.timeout = 10s (default)
2023-11-17 09:55:38,491 [a7ddde4f-1380-4d54-ae4e-b71d3284ab6f-groupManagement] INFO  server.RaftServerConfigKeys (ConfUtils.java:logGet(46)) - raft.server.log.statemachine.data.sync.timeout.retry = -1 (default)
2023-11-17 09:55:38,492 [a7ddde4f-1380-4d54-ae4e-b71d3284ab6f-groupManagement] INFO  server.RaftServerConfigKeys (ConfUtils.java:logGet(46)) - raft.server.log.write.buffer.size = 1048576 (custom)
2023-11-17 09:55:38,490 [2a883bf7-e5b8-4bdb-a368-a41799101186-groupManagement] INFO  server.RaftServerConfigKeys (ConfUtils.java:logGet(46)) - raft.server.log.segment.cache.num.max = 2 (custom)
2023-11-17 09:55:38,493 [2a883bf7-e5b8-4bdb-a368-a41799101186-groupManagement] INFO  server.RaftServerConfigKeys (ConfUtils.java:logGet(46)) - raft.server.log.segment.cache.size.max = 200MB (=209715200) (default)
2023-11-17 09:55:38,493 [2a883bf7-e5b8-4bdb-a368-a41799101186-groupManagement] INFO  server.RaftServerConfigKeys (ConfUtils.java:logGet(46)) - raft.server.log.appender.buffer.byte-limit = 33554432 (custom)
2023-11-17 09:55:38,493 [2a883bf7-e5b8-4bdb-a368-a41799101186-groupManagement] INFO  segmented.SegmentedRaftLogWorker (SegmentedRaftLogWorker.java:<init>(188)) - new 2a883bf7-e5b8-4bdb-a368-a41799101186@group-921E636CB4D7-SegmentedRaftLogWorker for RaftStorageImpl:Storage Directory /home/runner/work/ozone/ozone/hadoop-ozone/integration-test/target/test-dir/MiniOzoneClusterImpl-b9d514d0-62e9-44b2-85a5-b07480d3784c/datanode-3/data/ratis/0df93212-96d5-4e9e-bcda-921e636cb4d7
2023-11-17 09:55:38,493 [2a883bf7-e5b8-4bdb-a368-a41799101186-groupManagement] INFO  server.RaftServerConfigKeys (ConfUtils.java:logGet(46)) - raft.server.log.queue.byte-limit = 4294967296 (custom)
2023-11-17 09:55:38,493 [EventQueue-PipelineReportForPipelineReportHandler] INFO  pipeline.PipelineReportHandler (PipelineReportHandler.java:processPipelineReport(136)) - Opened pipeline PipelineID=728b795c-ba06-48ed-899f-f190dfd69fe8
2023-11-17 09:55:38,493 [2a883bf7-e5b8-4bdb-a368-a41799101186-groupManagement] INFO  server.RaftServerConfigKeys (ConfUtils.java:logGet(46)) - raft.server.log.queue.element-limit = 1024 (custom)
2023-11-17 09:55:38,494 [EventQueue-OpenPipelineForHealthyPipelineSafeModeRule] INFO  safemode.SCMSafeModeManager (HealthyPipelineSafeModeRule.java:process(137)) - SCM in safe mode. Healthy pipelines reported count is 0, required healthy pipeline reported count is 1
2023-11-17 09:55:38,494 [a7ddde4f-1380-4d54-ae4e-b71d3284ab6f-groupManagement] INFO  server.RaftServerConfigKeys (ConfUtils.java:logGet(46)) - raft.server.log.appender.buffer.byte-limit = 33554432 (custom)
2023-11-17 09:55:38,494 [2a883bf7-e5b8-4bdb-a368-a41799101186-groupManagement] INFO  server.RaftServerConfigKeys (ConfUtils.java:logGet(46)) - raft.server.log.segment.size.max = 1048576 (custom)
2023-11-17 09:55:38,500 [2a883bf7-e5b8-4bdb-a368-a41799101186-groupManagement] INFO  server.RaftServerConfigKeys (ConfUtils.java:logGet(46)) - raft.server.log.preallocated.size = 16384 (custom)
2023-11-17 09:55:38,500 [2a883bf7-e5b8-4bdb-a368-a41799101186-groupManagement] INFO  server.RaftServerConfigKeys (ConfUtils.java:logGet(46)) - raft.server.log.force.sync.num = 128 (default)
2023-11-17 09:55:38,500 [2a883bf7-e5b8-4bdb-a368-a41799101186-groupManagement] INFO  server.RaftServerConfigKeys (ConfUtils.java:logGet(46)) - raft.server.log.statemachine.data.sync = true (default)
2023-11-17 09:55:38,500 [2a883bf7-e5b8-4bdb-a368-a41799101186-groupManagement] INFO  server.RaftServerConfigKeys (ConfUtils.java:logGet(46)) - raft.server.log.statemachine.data.sync.timeout = 10s (default)
2023-11-17 09:55:38,500 [2a883bf7-e5b8-4bdb-a368-a41799101186-groupManagement] INFO  server.RaftServerConfigKeys (ConfUtils.java:logGet(46)) - raft.server.log.statemachine.data.sync.timeout.retry = -1 (default)
2023-11-17 09:55:38,498 [a7ddde4f-1380-4d54-ae4e-b71d3284ab6f-groupManagement] INFO  server.RaftServerConfigKeys (ConfUtils.java:logGet(46)) - raft.server.log.unsafe-flush.enabled = false (default)
2023-11-17 09:55:38,502 [a7ddde4f-1380-4d54-ae4e-b71d3284ab6f-groupManagement] INFO  server.RaftServerConfigKeys (ConfUtils.java:logGet(46)) - raft.server.log.async-flush.enabled = false (default)
2023-11-17 09:55:38,502 [a7ddde4f-1380-4d54-ae4e-b71d3284ab6f-groupManagement] INFO  server.RaftServerConfigKeys (ConfUtils.java:logGet(46)) - raft.server.log.statemachine.data.caching.enabled = true (custom)
2023-11-17 09:55:38,502 [cb74a50f-08de-45ec-b832-8b69b058d768-groupManagement] INFO  server.RaftServer$Division (RaftServerImpl.java:start(342)) - cb74a50f-08de-45ec-b832-8b69b058d768@group-9747DE4185A8: start as a follower, conf=-1: peers:[cb74a50f-08de-45ec-b832-8b69b058d768|rpc:10.1.0.9:15086|admin:10.1.0.9:15085|client:10.1.0.9:15084|dataStream:10.1.0.9:15087|priority:1|startupRole:FOLLOWER]|listeners:[], old=null
2023-11-17 09:55:38,502 [a7ddde4f-1380-4d54-ae4e-b71d3284ab6f-groupManagement] INFO  segmented.SegmentedRaftLogWorker (SegmentedRaftLogWorker.java:lambda$new$0(135)) - a7ddde4f-1380-4d54-ae4e-b71d3284ab6f@group-F190DFD69FE8-SegmentedRaftLogWorker: flushIndex: setUnconditionally 0 -> -1
2023-11-17 09:55:38,502 [a7ddde4f-1380-4d54-ae4e-b71d3284ab6f-groupManagement] INFO  segmented.SegmentedRaftLogWorker (SegmentedRaftLogWorker.java:lambda$new$0(135)) - a7ddde4f-1380-4d54-ae4e-b71d3284ab6f@group-F190DFD69FE8-SegmentedRaftLogWorker: safeCacheEvictIndex: setUnconditionally 0 -> -1
2023-11-17 09:55:38,502 [a7578bdd-9139-4946-a78d-cc7981f76fa8-PipelineCommandHandlerThread-0] INFO  ratis.XceiverServerRatis (XceiverServerRatis.java:addGroup(805)) - Created group PipelineID=dc120092-d2e9-426a-ac7c-89f4f4114eab
2023-11-17 09:55:38,503 [2a883bf7-e5b8-4bdb-a368-a41799101186-groupManagement] INFO  server.RaftServerConfigKeys (ConfUtils.java:logGet(46)) - raft.server.log.write.buffer.size = 1048576 (custom)
2023-11-17 09:55:38,504 [2a883bf7-e5b8-4bdb-a368-a41799101186-groupManagement] INFO  server.RaftServerConfigKeys (ConfUtils.java:logGet(46)) - raft.server.log.appender.buffer.byte-limit = 33554432 (custom)
2023-11-17 09:55:38,502 [cb74a50f-08de-45ec-b832-8b69b058d768-groupManagement] INFO  server.RaftServer$Division (RaftServerImpl.java:setRole(329)) - cb74a50f-08de-45ec-b832-8b69b058d768@group-9747DE4185A8: changes role from      null to FOLLOWER at term 0 for startAsFollower
2023-11-17 09:55:38,504 [cb74a50f-08de-45ec-b832-8b69b058d768-groupManagement] INFO  impl.RoleInfo (RoleInfo.java:updateAndGet(139)) - cb74a50f-08de-45ec-b832-8b69b058d768: start cb74a50f-08de-45ec-b832-8b69b058d768@group-9747DE4185A8-FollowerState
2023-11-17 09:55:38,506 [2a883bf7-e5b8-4bdb-a368-a41799101186-groupManagement] INFO  server.RaftServerConfigKeys (ConfUtils.java:logGet(46)) - raft.server.log.unsafe-flush.enabled = false (default)
2023-11-17 09:55:38,506 [2a883bf7-e5b8-4bdb-a368-a41799101186-groupManagement] INFO  server.RaftServerConfigKeys (ConfUtils.java:logGet(46)) - raft.server.log.async-flush.enabled = false (default)
2023-11-17 09:55:38,506 [2a883bf7-e5b8-4bdb-a368-a41799101186-groupManagement] INFO  server.RaftServerConfigKeys (ConfUtils.java:logGet(46)) - raft.server.log.statemachine.data.caching.enabled = true (custom)
2023-11-17 09:55:38,506 [2a883bf7-e5b8-4bdb-a368-a41799101186-groupManagement] INFO  segmented.SegmentedRaftLogWorker (SegmentedRaftLogWorker.java:lambda$new$0(135)) - 2a883bf7-e5b8-4bdb-a368-a41799101186@group-921E636CB4D7-SegmentedRaftLogWorker: flushIndex: setUnconditionally 0 -> -1
2023-11-17 09:55:38,506 [2a883bf7-e5b8-4bdb-a368-a41799101186-groupManagement] INFO  segmented.SegmentedRaftLogWorker (SegmentedRaftLogWorker.java:lambda$new$0(135)) - 2a883bf7-e5b8-4bdb-a368-a41799101186@group-921E636CB4D7-SegmentedRaftLogWorker: safeCacheEvictIndex: setUnconditionally 0 -> -1
2023-11-17 09:55:38,510 [cb74a50f-08de-45ec-b832-8b69b058d768@group-9747DE4185A8-FollowerState] INFO  server.RaftServerConfigKeys (ConfUtils.java:logFallback(53)) - raft.server.rpc.first-election.timeout.min = 5s (fallback to raft.server.rpc.timeout.min)
2023-11-17 09:55:38,510 [cb74a50f-08de-45ec-b832-8b69b058d768-groupManagement] INFO  util.JmxRegister (JmxRegister.java:tryRegister(44)) - Successfully registered JMX Bean with object name Ratis:service=RaftServer,group=group-9747DE4185A8,id=cb74a50f-08de-45ec-b832-8b69b058d768
2023-11-17 09:55:38,510 [cb74a50f-08de-45ec-b832-8b69b058d768-groupManagement] INFO  server.RaftServerConfigKeys (ConfUtils.java:logGet(46)) - raft.server.snapshot.auto.trigger.enabled = true (custom)
2023-11-17 09:55:38,510 [cb74a50f-08de-45ec-b832-8b69b058d768-groupManagement] INFO  server.RaftServerConfigKeys (ConfUtils.java:logGet(46)) - raft.server.snapshot.auto.trigger.threshold = 10000 (custom)
2023-11-17 09:55:38,510 [cb74a50f-08de-45ec-b832-8b69b058d768-groupManagement] INFO  server.RaftServerConfigKeys (ConfUtils.java:logGet(46)) - raft.server.snapshot.retention.file.num = 5 (custom)
2023-11-17 09:55:38,510 [cb74a50f-08de-45ec-b832-8b69b058d768-groupManagement] INFO  server.RaftServerConfigKeys (ConfUtils.java:logGet(46)) - raft.server.log.purge.upto.snapshot.index = false (default)
2023-11-17 09:55:38,510 [cb74a50f-08de-45ec-b832-8b69b058d768@group-9747DE4185A8-FollowerState] INFO  server.RaftServerConfigKeys (ConfUtils.java:logFallback(53)) - raft.server.rpc.first-election.timeout.max = 5200ms (fallback to raft.server.rpc.timeout.max)
2023-11-17 09:55:38,510 [a7ddde4f-1380-4d54-ae4e-b71d3284ab6f-groupManagement] INFO  server.RaftServer$Division (RaftServerImpl.java:start(342)) - a7ddde4f-1380-4d54-ae4e-b71d3284ab6f@group-F190DFD69FE8: start as a follower, conf=-1: peers:[a7ddde4f-1380-4d54-ae4e-b71d3284ab6f|rpc:10.1.0.9:15095|admin:10.1.0.9:15094|client:10.1.0.9:15093|dataStream:10.1.0.9:15096|priority:1|startupRole:FOLLOWER]|listeners:[], old=null
2023-11-17 09:55:38,510 [a7ddde4f-1380-4d54-ae4e-b71d3284ab6f-groupManagement] INFO  server.RaftServer$Division (RaftServerImpl.java:setRole(329)) - a7ddde4f-1380-4d54-ae4e-b71d3284ab6f@group-F190DFD69FE8: changes role from      null to FOLLOWER at term 0 for startAsFollower
2023-11-17 09:55:38,510 [a7ddde4f-1380-4d54-ae4e-b71d3284ab6f-groupManagement] INFO  impl.RoleInfo (RoleInfo.java:updateAndGet(139)) - a7ddde4f-1380-4d54-ae4e-b71d3284ab6f: start a7ddde4f-1380-4d54-ae4e-b71d3284ab6f@group-F190DFD69FE8-FollowerState
2023-11-17 09:55:38,511 [a7ddde4f-1380-4d54-ae4e-b71d3284ab6f-groupManagement] INFO  util.JmxRegister (JmxRegister.java:tryRegister(44)) - Successfully registered JMX Bean with object name Ratis:service=RaftServer,group=group-F190DFD69FE8,id=a7ddde4f-1380-4d54-ae4e-b71d3284ab6f
2023-11-17 09:55:38,511 [a7ddde4f-1380-4d54-ae4e-b71d3284ab6f-groupManagement] INFO  server.RaftServerConfigKeys (ConfUtils.java:logGet(46)) - raft.server.snapshot.auto.trigger.enabled = true (custom)
2023-11-17 09:55:38,511 [a7ddde4f-1380-4d54-ae4e-b71d3284ab6f-groupManagement] INFO  server.RaftServerConfigKeys (ConfUtils.java:logGet(46)) - raft.server.snapshot.auto.trigger.threshold = 10000 (custom)
2023-11-17 09:55:38,511 [a7ddde4f-1380-4d54-ae4e-b71d3284ab6f-groupManagement] INFO  server.RaftServerConfigKeys (ConfUtils.java:logGet(46)) - raft.server.snapshot.retention.file.num = 5 (custom)
2023-11-17 09:55:38,511 [a7ddde4f-1380-4d54-ae4e-b71d3284ab6f-groupManagement] INFO  server.RaftServerConfigKeys (ConfUtils.java:logGet(46)) - raft.server.log.purge.upto.snapshot.index = false (default)
2023-11-17 09:55:38,512 [a7ddde4f-1380-4d54-ae4e-b71d3284ab6f@group-F190DFD69FE8-FollowerState] INFO  server.RaftServerConfigKeys (ConfUtils.java:logFallback(53)) - raft.server.rpc.first-election.timeout.min = 5s (fallback to raft.server.rpc.timeout.min)
2023-11-17 09:55:38,512 [a7ddde4f-1380-4d54-ae4e-b71d3284ab6f@group-F190DFD69FE8-FollowerState] INFO  server.RaftServerConfigKeys (ConfUtils.java:logFallback(53)) - raft.server.rpc.first-election.timeout.max = 5200ms (fallback to raft.server.rpc.timeout.max)
2023-11-17 09:55:38,513 [a7ddde4f-1380-4d54-ae4e-b71d3284ab6f-PipelineCommandHandlerThread-0] INFO  ratis.XceiverServerRatis (XceiverServerRatis.java:addGroup(805)) - Created group PipelineID=728b795c-ba06-48ed-899f-f190dfd69fe8
2023-11-17 09:55:38,513 [a7ddde4f-1380-4d54-ae4e-b71d3284ab6f-PipelineCommandHandlerThread-0] INFO  commandhandler.CreatePipelineCommandHandler (CreatePipelineCommandHandler.java:lambda$handle$2(124)) - Created Pipeline RATIS ONE PipelineID=728b795c-ba06-48ed-899f-f190dfd69fe8.
2023-11-17 09:55:38,513 [2a883bf7-e5b8-4bdb-a368-a41799101186-groupManagement] INFO  server.RaftServer$Division (RaftServerImpl.java:start(342)) - 2a883bf7-e5b8-4bdb-a368-a41799101186@group-921E636CB4D7: start as a follower, conf=-1: peers:[2a883bf7-e5b8-4bdb-a368-a41799101186|rpc:10.1.0.9:15041|admin:10.1.0.9:15040|client:10.1.0.9:15039|dataStream:10.1.0.9:15042|priority:0|startupRole:FOLLOWER, 3172c264-2718-48bc-901b-d06defdb8935|rpc:10.1.0.9:15050|admin:10.1.0.9:15049|client:10.1.0.9:15048|dataStream:10.1.0.9:15051|priority:1|startupRole:FOLLOWER, fea717c9-b406-422e-8ccb-799e860d7c03|rpc:10.1.0.9:15059|admin:10.1.0.9:15058|client:10.1.0.9:15057|dataStream:10.1.0.9:15060|priority:0|startupRole:FOLLOWER]|listeners:[], old=null
2023-11-17 09:55:38,513 [2a883bf7-e5b8-4bdb-a368-a41799101186-groupManagement] INFO  server.RaftServer$Division (RaftServerImpl.java:setRole(329)) - 2a883bf7-e5b8-4bdb-a368-a41799101186@group-921E636CB4D7: changes role from      null to FOLLOWER at term 0 for startAsFollower
2023-11-17 09:55:38,520 [2a883bf7-e5b8-4bdb-a368-a41799101186-groupManagement] INFO  impl.RoleInfo (RoleInfo.java:updateAndGet(139)) - 2a883bf7-e5b8-4bdb-a368-a41799101186: start 2a883bf7-e5b8-4bdb-a368-a41799101186@group-921E636CB4D7-FollowerState
2023-11-17 09:55:38,520 [2a883bf7-e5b8-4bdb-a368-a41799101186-groupManagement] INFO  util.JmxRegister (JmxRegister.java:tryRegister(44)) - Successfully registered JMX Bean with object name Ratis:service=RaftServer,group=group-921E636CB4D7,id=2a883bf7-e5b8-4bdb-a368-a41799101186
2023-11-17 09:55:38,520 [2a883bf7-e5b8-4bdb-a368-a41799101186-groupManagement] INFO  server.RaftServerConfigKeys (ConfUtils.java:logGet(46)) - raft.server.snapshot.auto.trigger.enabled = true (custom)
2023-11-17 09:55:38,521 [2a883bf7-e5b8-4bdb-a368-a41799101186-groupManagement] INFO  server.RaftServerConfigKeys (ConfUtils.java:logGet(46)) - raft.server.snapshot.auto.trigger.threshold = 10000 (custom)
2023-11-17 09:55:38,521 [2a883bf7-e5b8-4bdb-a368-a41799101186-groupManagement] INFO  server.RaftServerConfigKeys (ConfUtils.java:logGet(46)) - raft.server.snapshot.retention.file.num = 5 (custom)
2023-11-17 09:55:38,521 [2a883bf7-e5b8-4bdb-a368-a41799101186-groupManagement] INFO  server.RaftServerConfigKeys (ConfUtils.java:logGet(46)) - raft.server.log.purge.upto.snapshot.index = false (default)
2023-11-17 09:55:38,521 [2a883bf7-e5b8-4bdb-a368-a41799101186@group-921E636CB4D7-FollowerState] INFO  server.RaftServerConfigKeys (ConfUtils.java:logFallback(53)) - raft.server.rpc.first-election.timeout.min = 5s (fallback to raft.server.rpc.timeout.min)
2023-11-17 09:55:38,521 [2a883bf7-e5b8-4bdb-a368-a41799101186@group-921E636CB4D7-FollowerState] INFO  server.RaftServerConfigKeys (ConfUtils.java:logFallback(53)) - raft.server.rpc.first-election.timeout.max = 5200ms (fallback to raft.server.rpc.timeout.max)
2023-11-17 09:55:38,521 [2a883bf7-e5b8-4bdb-a368-a41799101186-PipelineCommandHandlerThread-0] INFO  ratis.XceiverServerRatis (XceiverServerRatis.java:addGroup(805)) - Created group PipelineID=0df93212-96d5-4e9e-bcda-921e636cb4d7
2023-11-17 09:55:38,523 [cb74a50f-08de-45ec-b832-8b69b058d768-groupManagement] INFO  server.RaftServer$Division (RaftServerImpl.java:<init>(198)) - cb74a50f-08de-45ec-b832-8b69b058d768: new RaftServerImpl for group-89F4F4114EAB:[cb74a50f-08de-45ec-b832-8b69b058d768|rpc:10.1.0.9:15086|admin:10.1.0.9:15085|client:10.1.0.9:15084|dataStream:10.1.0.9:15087|priority:0|startupRole:FOLLOWER, a7578bdd-9139-4946-a78d-cc7981f76fa8|rpc:10.1.0.9:15077|admin:10.1.0.9:15076|client:10.1.0.9:15075|dataStream:10.1.0.9:15078|priority:0|startupRole:FOLLOWER, bfb594ff-14fd-40d9-830b-cf7a3dd84176|rpc:10.1.0.9:15068|admin:10.1.0.9:15067|client:10.1.0.9:15066|dataStream:10.1.0.9:15069|priority:1|startupRole:FOLLOWER] with ContainerStateMachine:uninitialized
2023-11-17 09:55:38,523 [cb74a50f-08de-45ec-b832-8b69b058d768-groupManagement] INFO  server.RaftServerConfigKeys (ConfUtils.java:logGet(46)) - raft.server.rpc.timeout.min = 5s (custom)
2023-11-17 09:55:38,523 [cb74a50f-08de-45ec-b832-8b69b058d768-groupManagement] INFO  server.RaftServerConfigKeys (ConfUtils.java:logGet(46)) - raft.server.rpc.timeout.max = 5200ms (custom)
2023-11-17 09:55:38,523 [cb74a50f-08de-45ec-b832-8b69b058d768-groupManagement] INFO  server.RaftServerConfigKeys (ConfUtils.java:logGet(46)) - raft.server.rpc.sleep.time = 25ms (default)
2023-11-17 09:55:38,523 [cb74a50f-08de-45ec-b832-8b69b058d768-groupManagement] INFO  server.RaftServerConfigKeys (ConfUtils.java:logGet(46)) - raft.server.rpc.slowness.timeout = 300s (custom)
2023-11-17 09:55:38,523 [cb74a50f-08de-45ec-b832-8b69b058d768-groupManagement] INFO  server.RaftServerConfigKeys (ConfUtils.java:logGet(46)) - raft.server.leaderelection.leader.step-down.wait-time = 10s (default)
2023-11-17 09:55:38,523 [cb74a50f-08de-45ec-b832-8b69b058d768-groupManagement] INFO  server.RaftServerConfigKeys (ConfUtils.java:logGet(46)) - raft.server.sleep.deviation.threshold = 300ms (default)
2023-11-17 09:55:38,523 [cb74a50f-08de-45ec-b832-8b69b058d768-groupManagement] INFO  server.RaftServer$Division (ServerState.java:<init>(120)) - cb74a50f-08de-45ec-b832-8b69b058d768@group-89F4F4114EAB: ConfigurationManager, init=-1: peers:[cb74a50f-08de-45ec-b832-8b69b058d768|rpc:10.1.0.9:15086|admin:10.1.0.9:15085|client:10.1.0.9:15084|dataStream:10.1.0.9:15087|priority:0|startupRole:FOLLOWER, a7578bdd-9139-4946-a78d-cc7981f76fa8|rpc:10.1.0.9:15077|admin:10.1.0.9:15076|client:10.1.0.9:15075|dataStream:10.1.0.9:15078|priority:0|startupRole:FOLLOWER, bfb594ff-14fd-40d9-830b-cf7a3dd84176|rpc:10.1.0.9:15068|admin:10.1.0.9:15067|client:10.1.0.9:15066|dataStream:10.1.0.9:15069|priority:1|startupRole:FOLLOWER]|listeners:[], old=null, confs=<EMPTY_MAP>
2023-11-17 09:55:38,523 [cb74a50f-08de-45ec-b832-8b69b058d768-groupManagement] INFO  server.RaftServerConfigKeys (ConfUtils.java:logGet(46)) - raft.server.storage.dir = [/home/runner/work/ozone/ozone/hadoop-ozone/integration-test/target/test-dir/MiniOzoneClusterImpl-b9d514d0-62e9-44b2-85a5-b07480d3784c/datanode-8/data/ratis] (custom)
2023-11-17 09:55:38,524 [cb74a50f-08de-45ec-b832-8b69b058d768-groupManagement] INFO  server.RaftServerConfigKeys (ConfUtils.java:logGet(46)) - raft.server.log.corruption.policy = EXCEPTION (default)
2023-11-17 09:55:38,524 [cb74a50f-08de-45ec-b832-8b69b058d768-groupManagement] INFO  server.RaftServerConfigKeys (ConfUtils.java:logGet(46)) - raft.server.storage.free-space.min = 0MB (=0) (default)
2023-11-17 09:55:38,524 [cb74a50f-08de-45ec-b832-8b69b058d768-groupManagement] INFO  server.RaftServerConfigKeys (ConfUtils.java:logGet(46)) - raft.server.notification.no-leader.timeout = 300s (custom)
2023-11-17 09:55:38,524 [cb74a50f-08de-45ec-b832-8b69b058d768-groupManagement] INFO  server.RaftServerConfigKeys (ConfUtils.java:logGet(46)) - raft.server.read.timeout = 10s (default)
2023-11-17 09:55:38,524 [cb74a50f-08de-45ec-b832-8b69b058d768-groupManagement] INFO  server.RaftServerConfigKeys (ConfUtils.java:logGet(46)) - raft.server.retrycache.expirytime = 600000ms (custom)
2023-11-17 09:55:38,524 [cb74a50f-08de-45ec-b832-8b69b058d768-groupManagement] INFO  server.RaftServerConfigKeys (ConfUtils.java:logGet(46)) - raft.server.retrycache.statistics.expirytime = 100μs (default)
2023-11-17 09:55:38,524 [cb74a50f-08de-45ec-b832-8b69b058d768-groupManagement] INFO  server.RaftServerConfigKeys (ConfUtils.java:logGet(46)) - raft.server.read.option = DEFAULT (default)
2023-11-17 09:55:38,524 [cb74a50f-08de-45ec-b832-8b69b058d768-PipelineCommandHandlerThread-0] INFO  ratis.XceiverServerRatis (XceiverServerRatis.java:addGroup(805)) - Created group PipelineID=4a870fe7-9fa9-4752-bd5b-9747de4185a8
2023-11-17 09:55:38,524 [cb74a50f-08de-45ec-b832-8b69b058d768-PipelineCommandHandlerThread-0] INFO  commandhandler.CreatePipelineCommandHandler (CreatePipelineCommandHandler.java:lambda$handle$2(124)) - Created Pipeline RATIS ONE PipelineID=4a870fe7-9fa9-4752-bd5b-9747de4185a8.
2023-11-17 09:55:38,525 [cb74a50f-08de-45ec-b832-8b69b058d768-PipelineCommandHandlerThread-0] INFO  server.RaftServer (RaftServerProxy.java:addNew(98)) - cb74a50f-08de-45ec-b832-8b69b058d768: addNew group-2B4A13C8640B:[cb74a50f-08de-45ec-b832-8b69b058d768|rpc:10.1.0.9:15086|admin:10.1.0.9:15085|client:10.1.0.9:15084|dataStream:10.1.0.9:15087|priority:1|startupRole:FOLLOWER, a7578bdd-9139-4946-a78d-cc7981f76fa8|rpc:10.1.0.9:15077|admin:10.1.0.9:15076|client:10.1.0.9:15075|dataStream:10.1.0.9:15078|priority:0|startupRole:FOLLOWER, bfb594ff-14fd-40d9-830b-cf7a3dd84176|rpc:10.1.0.9:15068|admin:10.1.0.9:15067|client:10.1.0.9:15066|dataStream:10.1.0.9:15069|priority:0|startupRole:FOLLOWER] returns group-2B4A13C8640B:java.util.concurrent.CompletableFuture@7c1c3e16[Not completed]
2023-11-17 09:55:38,526 [fea717c9-b406-422e-8ccb-799e860d7c03-PipelineCommandHandlerThread-0] INFO  commandhandler.CreatePipelineCommandHandler (CreatePipelineCommandHandler.java:lambda$handle$2(124)) - Created Pipeline RATIS THREE PipelineID=0df93212-96d5-4e9e-bcda-921e636cb4d7.
2023-11-17 09:55:38,527 [cb74a50f-08de-45ec-b832-8b69b058d768-groupManagement] INFO  server.RaftServerConfigKeys (ConfUtils.java:logGet(46)) - raft.server.rpc.request.timeout = 60s (custom)
2023-11-17 09:55:38,527 [cb74a50f-08de-45ec-b832-8b69b058d768-groupManagement] INFO  server.RaftServerConfigKeys (ConfUtils.java:logGet(46)) - raft.server.log.appender.install.snapshot.enabled = false (custom)
2023-11-17 09:55:38,527 [cb74a50f-08de-45ec-b832-8b69b058d768-groupManagement] INFO  server.RaftServerConfigKeys (ConfUtils.java:logGet(46)) - raft.server.threadpool.server.cached = true (default)
2023-11-17 09:55:38,528 [cb74a50f-08de-45ec-b832-8b69b058d768-groupManagement] INFO  server.RaftServerConfigKeys (ConfUtils.java:logGet(46)) - raft.server.threadpool.server.size = 0 (default)
2023-11-17 09:55:38,528 [cb74a50f-08de-45ec-b832-8b69b058d768-groupManagement] INFO  server.RaftServerConfigKeys (ConfUtils.java:logGet(46)) - raft.server.threadpool.client.cached = true (default)
2023-11-17 09:55:38,528 [cb74a50f-08de-45ec-b832-8b69b058d768-groupManagement] INFO  server.RaftServerConfigKeys (ConfUtils.java:logGet(46)) - raft.server.threadpool.client.size = 0 (default)
2023-11-17 09:55:38,549 [cb74a50f-08de-45ec-b832-8b69b058d768-groupManagement] INFO  server.RaftServer$Division (RaftServerImpl.java:<init>(198)) - cb74a50f-08de-45ec-b832-8b69b058d768: new RaftServerImpl for group-2B4A13C8640B:[cb74a50f-08de-45ec-b832-8b69b058d768|rpc:10.1.0.9:15086|admin:10.1.0.9:15085|client:10.1.0.9:15084|dataStream:10.1.0.9:15087|priority:1|startupRole:FOLLOWER, a7578bdd-9139-4946-a78d-cc7981f76fa8|rpc:10.1.0.9:15077|admin:10.1.0.9:15076|client:10.1.0.9:15075|dataStream:10.1.0.9:15078|priority:0|startupRole:FOLLOWER, bfb594ff-14fd-40d9-830b-cf7a3dd84176|rpc:10.1.0.9:15068|admin:10.1.0.9:15067|client:10.1.0.9:15066|dataStream:10.1.0.9:15069|priority:0|startupRole:FOLLOWER] with ContainerStateMachine:uninitialized
2023-11-17 09:55:38,549 [cb74a50f-08de-45ec-b832-8b69b058d768-groupManagement] INFO  server.RaftServerConfigKeys (ConfUtils.java:logGet(46)) - raft.server.rpc.timeout.min = 5s (custom)
2023-11-17 09:55:38,549 [cb74a50f-08de-45ec-b832-8b69b058d768-groupManagement] INFO  server.RaftServerConfigKeys (ConfUtils.java:logGet(46)) - raft.server.rpc.timeout.max = 5200ms (custom)
2023-11-17 09:55:38,550 [cb74a50f-08de-45ec-b832-8b69b058d768-groupManagement] INFO  server.RaftServerConfigKeys (ConfUtils.java:logGet(46)) - raft.server.rpc.sleep.time = 25ms (default)
2023-11-17 09:55:38,550 [cb74a50f-08de-45ec-b832-8b69b058d768-groupManagement] INFO  server.RaftServerConfigKeys (ConfUtils.java:logGet(46)) - raft.server.rpc.slowness.timeout = 300s (custom)
2023-11-17 09:55:38,555 [cb74a50f-08de-45ec-b832-8b69b058d768-groupManagement] INFO  server.RaftServerConfigKeys (ConfUtils.java:logGet(46)) - raft.server.leaderelection.leader.step-down.wait-time = 10s (default)
2023-11-17 09:55:38,555 [cb74a50f-08de-45ec-b832-8b69b058d768-groupManagement] INFO  server.RaftServerConfigKeys (ConfUtils.java:logGet(46)) - raft.server.sleep.deviation.threshold = 300ms (default)
2023-11-17 09:55:38,555 [cb74a50f-08de-45ec-b832-8b69b058d768-groupManagement] INFO  server.RaftServer$Division (ServerState.java:<init>(120)) - cb74a50f-08de-45ec-b832-8b69b058d768@group-2B4A13C8640B: ConfigurationManager, init=-1: peers:[cb74a50f-08de-45ec-b832-8b69b058d768|rpc:10.1.0.9:15086|admin:10.1.0.9:15085|client:10.1.0.9:15084|dataStream:10.1.0.9:15087|priority:1|startupRole:FOLLOWER, a7578bdd-9139-4946-a78d-cc7981f76fa8|rpc:10.1.0.9:15077|admin:10.1.0.9:15076|client:10.1.0.9:15075|dataStream:10.1.0.9:15078|priority:0|startupRole:FOLLOWER, bfb594ff-14fd-40d9-830b-cf7a3dd84176|rpc:10.1.0.9:15068|admin:10.1.0.9:15067|client:10.1.0.9:15066|dataStream:10.1.0.9:15069|priority:0|startupRole:FOLLOWER]|listeners:[], old=null, confs=<EMPTY_MAP>
2023-11-17 09:55:38,555 [cb74a50f-08de-45ec-b832-8b69b058d768-groupManagement] INFO  server.RaftServerConfigKeys (ConfUtils.java:logGet(46)) - raft.server.storage.dir = [/home/runner/work/ozone/ozone/hadoop-ozone/integration-test/target/test-dir/MiniOzoneClusterImpl-b9d514d0-62e9-44b2-85a5-b07480d3784c/datanode-8/data/ratis] (custom)
2023-11-17 09:55:38,560 [cb74a50f-08de-45ec-b832-8b69b058d768-groupManagement] INFO  server.RaftServerConfigKeys (ConfUtils.java:logGet(46)) - raft.server.log.corruption.policy = EXCEPTION (default)
2023-11-17 09:55:38,560 [cb74a50f-08de-45ec-b832-8b69b058d768-groupManagement] INFO  server.RaftServerConfigKeys (ConfUtils.java:logGet(46)) - raft.server.storage.free-space.min = 0MB (=0) (default)
2023-11-17 09:55:38,560 [cb74a50f-08de-45ec-b832-8b69b058d768-groupManagement] INFO  server.RaftServerConfigKeys (ConfUtils.java:logGet(46)) - raft.server.notification.no-leader.timeout = 300s (custom)
2023-11-17 09:55:38,560 [cb74a50f-08de-45ec-b832-8b69b058d768-groupManagement] INFO  server.RaftServerConfigKeys (ConfUtils.java:logGet(46)) - raft.server.read.timeout = 10s (default)
2023-11-17 09:55:38,560 [cb74a50f-08de-45ec-b832-8b69b058d768-groupManagement] INFO  server.RaftServerConfigKeys (ConfUtils.java:logGet(46)) - raft.server.retrycache.expirytime = 600000ms (custom)
2023-11-17 09:55:38,560 [cb74a50f-08de-45ec-b832-8b69b058d768-groupManagement] INFO  server.RaftServerConfigKeys (ConfUtils.java:logGet(46)) - raft.server.retrycache.statistics.expirytime = 100μs (default)
2023-11-17 09:55:38,560 [cb74a50f-08de-45ec-b832-8b69b058d768-groupManagement] INFO  server.RaftServerConfigKeys (ConfUtils.java:logGet(46)) - raft.server.read.option = DEFAULT (default)
2023-11-17 09:55:38,561 [cb74a50f-08de-45ec-b832-8b69b058d768-groupManagement] INFO  server.RaftServerConfigKeys (ConfUtils.java:logGet(46)) - raft.server.rpc.request.timeout = 60s (custom)
2023-11-17 09:55:38,561 [cb74a50f-08de-45ec-b832-8b69b058d768-groupManagement] INFO  server.RaftServerConfigKeys (ConfUtils.java:logGet(46)) - raft.server.log.appender.install.snapshot.enabled = false (custom)
2023-11-17 09:55:38,562 [cb74a50f-08de-45ec-b832-8b69b058d768-groupManagement] INFO  server.RaftServerConfigKeys (ConfUtils.java:logGet(46)) - raft.server.threadpool.server.cached = true (default)
2023-11-17 09:55:38,562 [cb74a50f-08de-45ec-b832-8b69b058d768-groupManagement] INFO  server.RaftServerConfigKeys (ConfUtils.java:logGet(46)) - raft.server.threadpool.server.size = 0 (default)
2023-11-17 09:55:38,562 [cb74a50f-08de-45ec-b832-8b69b058d768-groupManagement] INFO  server.RaftServerConfigKeys (ConfUtils.java:logGet(46)) - raft.server.threadpool.client.cached = true (default)
2023-11-17 09:55:38,562 [cb74a50f-08de-45ec-b832-8b69b058d768-groupManagement] INFO  server.RaftServerConfigKeys (ConfUtils.java:logGet(46)) - raft.server.threadpool.client.size = 0 (default)
2023-11-17 09:55:38,562 [cb74a50f-08de-45ec-b832-8b69b058d768-groupManagement] INFO  storage.RaftStorageDirectory (RaftStorageDirectoryImpl.java:analyzeStorage(137)) - The storage directory /home/runner/work/ozone/ozone/hadoop-ozone/integration-test/target/test-dir/MiniOzoneClusterImpl-b9d514d0-62e9-44b2-85a5-b07480d3784c/datanode-8/data/ratis/dc120092-d2e9-426a-ac7c-89f4f4114eab does not exist. Creating ...
2023-11-17 09:55:38,563 [cb74a50f-08de-45ec-b832-8b69b058d768-groupManagement] INFO  storage.RaftStorageDirectory (RaftStorageDirectoryImpl.java:tryLock(231)) - Lock on /home/runner/work/ozone/ozone/hadoop-ozone/integration-test/target/test-dir/MiniOzoneClusterImpl-b9d514d0-62e9-44b2-85a5-b07480d3784c/datanode-8/data/ratis/dc120092-d2e9-426a-ac7c-89f4f4114eab/in_use.lock acquired by nodename 28525@fv-az1021-556
2023-11-17 09:55:38,565 [cb74a50f-08de-45ec-b832-8b69b058d768-groupManagement] INFO  storage.RaftStorage (RaftStorageImpl.java:format(96)) - Storage directory /home/runner/work/ozone/ozone/hadoop-ozone/integration-test/target/test-dir/MiniOzoneClusterImpl-b9d514d0-62e9-44b2-85a5-b07480d3784c/datanode-8/data/ratis/dc120092-d2e9-426a-ac7c-89f4f4114eab has been successfully formatted.
2023-11-17 09:55:38,571 [cb74a50f-08de-45ec-b832-8b69b058d768-groupManagement] INFO  ratis.ContainerStateMachine (ContainerStateMachine.java:loadSnapshot(269)) - group-89F4F4114EAB: The snapshot info is null. Setting the last applied indexto:(t:0, i:~)
2023-11-17 09:55:38,572 [cb74a50f-08de-45ec-b832-8b69b058d768-groupManagement] INFO  server.RaftServerConfigKeys (ConfUtils.java:logGet(46)) - raft.server.log.use.memory = false (default)
2023-11-17 09:55:38,572 [cb74a50f-08de-45ec-b832-8b69b058d768-groupManagement] INFO  server.RaftServerConfigKeys (ConfUtils.java:logGet(46)) - raft.server.log.purge.gap = 1000000 (custom)
2023-11-17 09:55:38,574 [cb74a50f-08de-45ec-b832-8b69b058d768-groupManagement] INFO  server.RaftServerConfigKeys (ConfUtils.java:logGet(46)) - raft.server.log.appender.buffer.byte-limit = 33554432 (custom)
2023-11-17 09:55:38,575 [EventQueue-OpenPipelineForHealthyPipelineSafeModeRule] INFO  safemode.SCMSafeModeManager (HealthyPipelineSafeModeRule.java:process(137)) - SCM in safe mode. Healthy pipelines reported count is 0, required healthy pipeline reported count is 1
2023-11-17 09:55:38,574 [3172c264-2718-48bc-901b-d06defdb8935-PipelineCommandHandlerThread-0] INFO  commandhandler.CreatePipelineCommandHandler (CreatePipelineCommandHandler.java:lambda$handle$2(124)) - Created Pipeline RATIS THREE PipelineID=0df93212-96d5-4e9e-bcda-921e636cb4d7.
2023-11-17 09:55:38,576 [cb74a50f-08de-45ec-b832-8b69b058d768-groupManagement] INFO  server.RaftServerConfigKeys (ConfUtils.java:logGet(46)) - raft.server.log.statemachine.data.read.timeout = 1000ms (default)
2023-11-17 09:55:38,576 [cb74a50f-08de-45ec-b832-8b69b058d768-groupManagement] INFO  server.RaftServerConfigKeys (ConfUtils.java:logGet(46)) - raft.server.log.purge.preservation.log.num = 0 (default)
2023-11-17 09:55:38,577 [cb74a50f-08de-45ec-b832-8b69b058d768-groupManagement] INFO  server.RaftServerConfigKeys (ConfUtils.java:logGet(46)) - raft.server.log.segment.size.max = 1048576 (custom)
2023-11-17 09:55:38,577 [cb74a50f-08de-45ec-b832-8b69b058d768-groupManagement] INFO  server.RaftServerConfigKeys (ConfUtils.java:logGet(46)) - raft.server.log.segment.cache.num.max = 2 (custom)
2023-11-17 09:55:38,578 [cb74a50f-08de-45ec-b832-8b69b058d768-groupManagement] INFO  server.RaftServerConfigKeys (ConfUtils.java:logGet(46)) - raft.server.log.segment.cache.size.max = 200MB (=209715200) (default)
2023-11-17 09:55:38,580 [cb74a50f-08de-45ec-b832-8b69b058d768-groupManagement] INFO  server.RaftServerConfigKeys (ConfUtils.java:logGet(46)) - raft.server.log.appender.buffer.byte-limit = 33554432 (custom)
2023-11-17 09:55:38,584 [cb74a50f-08de-45ec-b832-8b69b058d768-groupManagement] INFO  segmented.SegmentedRaftLogWorker (SegmentedRaftLogWorker.java:<init>(188)) - new cb74a50f-08de-45ec-b832-8b69b058d768@group-89F4F4114EAB-SegmentedRaftLogWorker for RaftStorageImpl:Storage Directory /home/runner/work/ozone/ozone/hadoop-ozone/integration-test/target/test-dir/MiniOzoneClusterImpl-b9d514d0-62e9-44b2-85a5-b07480d3784c/datanode-8/data/ratis/dc120092-d2e9-426a-ac7c-89f4f4114eab
2023-11-17 09:55:38,586 [cb74a50f-08de-45ec-b832-8b69b058d768-groupManagement] INFO  server.RaftServerConfigKeys (ConfUtils.java:logGet(46)) - raft.server.log.queue.byte-limit = 4294967296 (custom)
2023-11-17 09:55:38,587 [cb74a50f-08de-45ec-b832-8b69b058d768-groupManagement] INFO  server.RaftServerConfigKeys (ConfUtils.java:logGet(46)) - raft.server.log.queue.element-limit = 1024 (custom)
2023-11-17 09:55:38,587 [cb74a50f-08de-45ec-b832-8b69b058d768-groupManagement] INFO  server.RaftServerConfigKeys (ConfUtils.java:logGet(46)) - raft.server.log.segment.size.max = 1048576 (custom)
2023-11-17 09:55:38,588 [cb74a50f-08de-45ec-b832-8b69b058d768-groupManagement] INFO  server.RaftServerConfigKeys (ConfUtils.java:logGet(46)) - raft.server.log.preallocated.size = 16384 (custom)
2023-11-17 09:55:38,588 [cb74a50f-08de-45ec-b832-8b69b058d768-groupManagement] INFO  server.RaftServerConfigKeys (ConfUtils.java:logGet(46)) - raft.server.log.force.sync.num = 128 (default)
2023-11-17 09:55:38,588 [cb74a50f-08de-45ec-b832-8b69b058d768-groupManagement] INFO  server.RaftServerConfigKeys (ConfUtils.java:logGet(46)) - raft.server.log.statemachine.data.sync = true (default)
2023-11-17 09:55:38,588 [cb74a50f-08de-45ec-b832-8b69b058d768-groupManagement] INFO  server.RaftServerConfigKeys (ConfUtils.java:logGet(46)) - raft.server.log.statemachine.data.sync.timeout = 10s (default)
2023-11-17 09:55:38,588 [cb74a50f-08de-45ec-b832-8b69b058d768-groupManagement] INFO  server.RaftServerConfigKeys (ConfUtils.java:logGet(46)) - raft.server.log.statemachine.data.sync.timeout.retry = -1 (default)
2023-11-17 09:55:38,594 [a7578bdd-9139-4946-a78d-cc7981f76fa8-PipelineCommandHandlerThread-0] INFO  commandhandler.CreatePipelineCommandHandler (CreatePipelineCommandHandler.java:lambda$handle$2(124)) - Created Pipeline RATIS THREE PipelineID=dc120092-d2e9-426a-ac7c-89f4f4114eab.
2023-11-17 09:55:38,594 [a7578bdd-9139-4946-a78d-cc7981f76fa8-PipelineCommandHandlerThread-0] INFO  server.RaftServer (RaftServerProxy.java:addNew(98)) - a7578bdd-9139-4946-a78d-cc7981f76fa8: addNew group-2B4A13C8640B:[cb74a50f-08de-45ec-b832-8b69b058d768|rpc:10.1.0.9:15086|admin:10.1.0.9:15085|client:10.1.0.9:15084|dataStream:10.1.0.9:15087|priority:1|startupRole:FOLLOWER, a7578bdd-9139-4946-a78d-cc7981f76fa8|rpc:10.1.0.9:15077|admin:10.1.0.9:15076|client:10.1.0.9:15075|dataStream:10.1.0.9:15078|priority:0|startupRole:FOLLOWER, bfb594ff-14fd-40d9-830b-cf7a3dd84176|rpc:10.1.0.9:15068|admin:10.1.0.9:15067|client:10.1.0.9:15066|dataStream:10.1.0.9:15069|priority:0|startupRole:FOLLOWER] returns group-2B4A13C8640B:java.util.concurrent.CompletableFuture@10d0790d[Not completed]
2023-11-17 09:55:38,597 [a7578bdd-9139-4946-a78d-cc7981f76fa8-groupManagement] INFO  server.RaftServer$Division (RaftServerImpl.java:<init>(198)) - a7578bdd-9139-4946-a78d-cc7981f76fa8: new RaftServerImpl for group-2B4A13C8640B:[cb74a50f-08de-45ec-b832-8b69b058d768|rpc:10.1.0.9:15086|admin:10.1.0.9:15085|client:10.1.0.9:15084|dataStream:10.1.0.9:15087|priority:1|startupRole:FOLLOWER, a7578bdd-9139-4946-a78d-cc7981f76fa8|rpc:10.1.0.9:15077|admin:10.1.0.9:15076|client:10.1.0.9:15075|dataStream:10.1.0.9:15078|priority:0|startupRole:FOLLOWER, bfb594ff-14fd-40d9-830b-cf7a3dd84176|rpc:10.1.0.9:15068|admin:10.1.0.9:15067|client:10.1.0.9:15066|dataStream:10.1.0.9:15069|priority:0|startupRole:FOLLOWER] with ContainerStateMachine:uninitialized
2023-11-17 09:55:38,597 [a7578bdd-9139-4946-a78d-cc7981f76fa8-groupManagement] INFO  server.RaftServerConfigKeys (ConfUtils.java:logGet(46)) - raft.server.rpc.timeout.min = 5s (custom)
2023-11-17 09:55:38,597 [a7578bdd-9139-4946-a78d-cc7981f76fa8-groupManagement] INFO  server.RaftServerConfigKeys (ConfUtils.java:logGet(46)) - raft.server.rpc.timeout.max = 5200ms (custom)
2023-11-17 09:55:38,597 [a7578bdd-9139-4946-a78d-cc7981f76fa8-groupManagement] INFO  server.RaftServerConfigKeys (ConfUtils.java:logGet(46)) - raft.server.rpc.sleep.time = 25ms (default)
2023-11-17 09:55:38,597 [a7578bdd-9139-4946-a78d-cc7981f76fa8-groupManagement] INFO  server.RaftServerConfigKeys (ConfUtils.java:logGet(46)) - raft.server.rpc.slowness.timeout = 300s (custom)
2023-11-17 09:55:38,597 [a7578bdd-9139-4946-a78d-cc7981f76fa8-groupManagement] INFO  server.RaftServerConfigKeys (ConfUtils.java:logGet(46)) - raft.server.leaderelection.leader.step-down.wait-time = 10s (default)
2023-11-17 09:55:38,597 [a7578bdd-9139-4946-a78d-cc7981f76fa8-groupManagement] INFO  server.RaftServerConfigKeys (ConfUtils.java:logGet(46)) - raft.server.sleep.deviation.threshold = 300ms (default)
2023-11-17 09:55:38,597 [a7578bdd-9139-4946-a78d-cc7981f76fa8-groupManagement] INFO  server.RaftServer$Division (ServerState.java:<init>(120)) - a7578bdd-9139-4946-a78d-cc7981f76fa8@group-2B4A13C8640B: ConfigurationManager, init=-1: peers:[cb74a50f-08de-45ec-b832-8b69b058d768|rpc:10.1.0.9:15086|admin:10.1.0.9:15085|client:10.1.0.9:15084|dataStream:10.1.0.9:15087|priority:1|startupRole:FOLLOWER, a7578bdd-9139-4946-a78d-cc7981f76fa8|rpc:10.1.0.9:15077|admin:10.1.0.9:15076|client:10.1.0.9:15075|dataStream:10.1.0.9:15078|priority:0|startupRole:FOLLOWER, bfb594ff-14fd-40d9-830b-cf7a3dd84176|rpc:10.1.0.9:15068|admin:10.1.0.9:15067|client:10.1.0.9:15066|dataStream:10.1.0.9:15069|priority:0|startupRole:FOLLOWER]|listeners:[], old=null, confs=<EMPTY_MAP>
2023-11-17 09:55:38,597 [a7578bdd-9139-4946-a78d-cc7981f76fa8-groupManagement] INFO  server.RaftServerConfigKeys (ConfUtils.java:logGet(46)) - raft.server.storage.dir = [/home/runner/work/ozone/ozone/hadoop-ozone/integration-test/target/test-dir/MiniOzoneClusterImpl-b9d514d0-62e9-44b2-85a5-b07480d3784c/datanode-7/data/ratis] (custom)
2023-11-17 09:55:38,597 [a7578bdd-9139-4946-a78d-cc7981f76fa8-groupManagement] INFO  server.RaftServerConfigKeys (ConfUtils.java:logGet(46)) - raft.server.log.corruption.policy = EXCEPTION (default)
2023-11-17 09:55:38,597 [a7578bdd-9139-4946-a78d-cc7981f76fa8-groupManagement] INFO  server.RaftServerConfigKeys (ConfUtils.java:logGet(46)) - raft.server.storage.free-space.min = 0MB (=0) (default)
2023-11-17 09:55:38,598 [a7578bdd-9139-4946-a78d-cc7981f76fa8-groupManagement] INFO  server.RaftServerConfigKeys (ConfUtils.java:logGet(46)) - raft.server.notification.no-leader.timeout = 300s (custom)
2023-11-17 09:55:38,598 [a7578bdd-9139-4946-a78d-cc7981f76fa8-groupManagement] INFO  server.RaftServerConfigKeys (ConfUtils.java:logGet(46)) - raft.server.read.timeout = 10s (default)
2023-11-17 09:55:38,598 [a7578bdd-9139-4946-a78d-cc7981f76fa8-groupManagement] INFO  server.RaftServerConfigKeys (ConfUtils.java:logGet(46)) - raft.server.retrycache.expirytime = 600000ms (custom)
2023-11-17 09:55:38,598 [a7578bdd-9139-4946-a78d-cc7981f76fa8-groupManagement] INFO  server.RaftServerConfigKeys (ConfUtils.java:logGet(46)) - raft.server.retrycache.statistics.expirytime = 100μs (default)
2023-11-17 09:55:38,598 [a7578bdd-9139-4946-a78d-cc7981f76fa8-groupManagement] INFO  server.RaftServerConfigKeys (ConfUtils.java:logGet(46)) - raft.server.read.option = DEFAULT (default)
2023-11-17 09:55:38,598 [cb74a50f-08de-45ec-b832-8b69b058d768-groupManagement] INFO  server.RaftServerConfigKeys (ConfUtils.java:logGet(46)) - raft.server.log.write.buffer.size = 1048576 (custom)
2023-11-17 09:55:38,599 [cb74a50f-08de-45ec-b832-8b69b058d768-groupManagement] INFO  server.RaftServerConfigKeys (ConfUtils.java:logGet(46)) - raft.server.log.appender.buffer.byte-limit = 33554432 (custom)
2023-11-17 09:55:38,599 [cb74a50f-08de-45ec-b832-8b69b058d768-groupManagement] INFO  server.RaftServerConfigKeys (ConfUtils.java:logGet(46)) - raft.server.log.unsafe-flush.enabled = false (default)
2023-11-17 09:55:38,599 [cb74a50f-08de-45ec-b832-8b69b058d768-groupManagement] INFO  server.RaftServerConfigKeys (ConfUtils.java:logGet(46)) - raft.server.log.async-flush.enabled = false (default)
2023-11-17 09:55:38,600 [cb74a50f-08de-45ec-b832-8b69b058d768-groupManagement] INFO  server.RaftServerConfigKeys (ConfUtils.java:logGet(46)) - raft.server.log.statemachine.data.caching.enabled = true (custom)
2023-11-17 09:55:38,600 [cb74a50f-08de-45ec-b832-8b69b058d768-groupManagement] INFO  segmented.SegmentedRaftLogWorker (SegmentedRaftLogWorker.java:lambda$new$0(135)) - cb74a50f-08de-45ec-b832-8b69b058d768@group-89F4F4114EAB-SegmentedRaftLogWorker: flushIndex: setUnconditionally 0 -> -1
2023-11-17 09:55:38,600 [cb74a50f-08de-45ec-b832-8b69b058d768-groupManagement] INFO  segmented.SegmentedRaftLogWorker (SegmentedRaftLogWorker.java:lambda$new$0(135)) - cb74a50f-08de-45ec-b832-8b69b058d768@group-89F4F4114EAB-SegmentedRaftLogWorker: safeCacheEvictIndex: setUnconditionally 0 -> -1
2023-11-17 09:55:38,600 [cb74a50f-08de-45ec-b832-8b69b058d768-groupManagement] INFO  server.RaftServer$Division (RaftServerImpl.java:start(342)) - cb74a50f-08de-45ec-b832-8b69b058d768@group-89F4F4114EAB: start as a follower, conf=-1: peers:[cb74a50f-08de-45ec-b832-8b69b058d768|rpc:10.1.0.9:15086|admin:10.1.0.9:15085|client:10.1.0.9:15084|dataStream:10.1.0.9:15087|priority:0|startupRole:FOLLOWER, a7578bdd-9139-4946-a78d-cc7981f76fa8|rpc:10.1.0.9:15077|admin:10.1.0.9:15076|client:10.1.0.9:15075|dataStream:10.1.0.9:15078|priority:0|startupRole:FOLLOWER, bfb594ff-14fd-40d9-830b-cf7a3dd84176|rpc:10.1.0.9:15068|admin:10.1.0.9:15067|client:10.1.0.9:15066|dataStream:10.1.0.9:15069|priority:1|startupRole:FOLLOWER]|listeners:[], old=null
2023-11-17 09:55:38,600 [cb74a50f-08de-45ec-b832-8b69b058d768-groupManagement] INFO  server.RaftServer$Division (RaftServerImpl.java:setRole(329)) - cb74a50f-08de-45ec-b832-8b69b058d768@group-89F4F4114EAB: changes role from      null to FOLLOWER at term 0 for startAsFollower
2023-11-17 09:55:38,600 [cb74a50f-08de-45ec-b832-8b69b058d768-groupManagement] INFO  impl.RoleInfo (RoleInfo.java:updateAndGet(139)) - cb74a50f-08de-45ec-b832-8b69b058d768: start cb74a50f-08de-45ec-b832-8b69b058d768@group-89F4F4114EAB-FollowerState
2023-11-17 09:55:38,601 [a7578bdd-9139-4946-a78d-cc7981f76fa8-groupManagement] INFO  server.RaftServerConfigKeys (ConfUtils.java:logGet(46)) - raft.server.rpc.request.timeout = 60s (custom)
2023-11-17 09:55:38,601 [a7578bdd-9139-4946-a78d-cc7981f76fa8-groupManagement] INFO  server.RaftServerConfigKeys (ConfUtils.java:logGet(46)) - raft.server.log.appender.install.snapshot.enabled = false (custom)
2023-11-17 09:55:38,601 [a7578bdd-9139-4946-a78d-cc7981f76fa8-groupManagement] INFO  server.RaftServerConfigKeys (ConfUtils.java:logGet(46)) - raft.server.threadpool.server.cached = true (default)
2023-11-17 09:55:38,601 [a7578bdd-9139-4946-a78d-cc7981f76fa8-groupManagement] INFO  server.RaftServerConfigKeys (ConfUtils.java:logGet(46)) - raft.server.threadpool.server.size = 0 (default)
2023-11-17 09:55:38,601 [a7578bdd-9139-4946-a78d-cc7981f76fa8-groupManagement] INFO  server.RaftServerConfigKeys (ConfUtils.java:logGet(46)) - raft.server.threadpool.client.cached = true (default)
2023-11-17 09:55:38,601 [a7578bdd-9139-4946-a78d-cc7981f76fa8-groupManagement] INFO  server.RaftServerConfigKeys (ConfUtils.java:logGet(46)) - raft.server.threadpool.client.size = 0 (default)
2023-11-17 09:55:38,601 [a7578bdd-9139-4946-a78d-cc7981f76fa8-groupManagement] INFO  storage.RaftStorageDirectory (RaftStorageDirectoryImpl.java:analyzeStorage(137)) - The storage directory /home/runner/work/ozone/ozone/hadoop-ozone/integration-test/target/test-dir/MiniOzoneClusterImpl-b9d514d0-62e9-44b2-85a5-b07480d3784c/datanode-7/data/ratis/f34f35bf-938f-481c-b560-2b4a13c8640b does not exist. Creating ...
2023-11-17 09:55:38,602 [a7578bdd-9139-4946-a78d-cc7981f76fa8-groupManagement] INFO  storage.RaftStorageDirectory (RaftStorageDirectoryImpl.java:tryLock(231)) - Lock on /home/runner/work/ozone/ozone/hadoop-ozone/integration-test/target/test-dir/MiniOzoneClusterImpl-b9d514d0-62e9-44b2-85a5-b07480d3784c/datanode-7/data/ratis/f34f35bf-938f-481c-b560-2b4a13c8640b/in_use.lock acquired by nodename 28525@fv-az1021-556
2023-11-17 09:55:38,603 [a7578bdd-9139-4946-a78d-cc7981f76fa8-groupManagement] INFO  storage.RaftStorage (RaftStorageImpl.java:format(96)) - Storage directory /home/runner/work/ozone/ozone/hadoop-ozone/integration-test/target/test-dir/MiniOzoneClusterImpl-b9d514d0-62e9-44b2-85a5-b07480d3784c/datanode-7/data/ratis/f34f35bf-938f-481c-b560-2b4a13c8640b has been successfully formatted.
2023-11-17 09:55:38,605 [a7578bdd-9139-4946-a78d-cc7981f76fa8-groupManagement] INFO  ratis.ContainerStateMachine (ContainerStateMachine.java:loadSnapshot(269)) - group-2B4A13C8640B: The snapshot info is null. Setting the last applied indexto:(t:0, i:~)
2023-11-17 09:55:38,606 [a7578bdd-9139-4946-a78d-cc7981f76fa8-groupManagement] INFO  server.RaftServerConfigKeys (ConfUtils.java:logGet(46)) - raft.server.log.use.memory = false (default)
2023-11-17 09:55:38,605 [cb74a50f-08de-45ec-b832-8b69b058d768@group-89F4F4114EAB-FollowerState] INFO  server.RaftServerConfigKeys (ConfUtils.java:logFallback(53)) - raft.server.rpc.first-election.timeout.min = 5s (fallback to raft.server.rpc.timeout.min)
2023-11-17 09:55:38,606 [cb74a50f-08de-45ec-b832-8b69b058d768@group-89F4F4114EAB-FollowerState] INFO  server.RaftServerConfigKeys (ConfUtils.java:logFallback(53)) - raft.server.rpc.first-election.timeout.max = 5200ms (fallback to raft.server.rpc.timeout.max)
2023-11-17 09:55:38,606 [a7578bdd-9139-4946-a78d-cc7981f76fa8-groupManagement] INFO  server.RaftServerConfigKeys (ConfUtils.java:logGet(46)) - raft.server.log.purge.gap = 1000000 (custom)
2023-11-17 09:55:38,607 [a7578bdd-9139-4946-a78d-cc7981f76fa8-groupManagement] INFO  server.RaftServerConfigKeys (ConfUtils.java:logGet(46)) - raft.server.log.appender.buffer.byte-limit = 33554432 (custom)
2023-11-17 09:55:38,607 [a7578bdd-9139-4946-a78d-cc7981f76fa8-groupManagement] INFO  server.RaftServerConfigKeys (ConfUtils.java:logGet(46)) - raft.server.log.statemachine.data.read.timeout = 1000ms (default)
2023-11-17 09:55:38,607 [EventQueue-OpenPipelineForHealthyPipelineSafeModeRule] INFO  safemode.SCMSafeModeManager (HealthyPipelineSafeModeRule.java:process(137)) - SCM in safe mode. Healthy pipelines reported count is 0, required healthy pipeline reported count is 1
2023-11-17 09:55:38,607 [a7578bdd-9139-4946-a78d-cc7981f76fa8-groupManagement] INFO  server.RaftServerConfigKeys (ConfUtils.java:logGet(46)) - raft.server.log.purge.preservation.log.num = 0 (default)
2023-11-17 09:55:38,607 [cb74a50f-08de-45ec-b832-8b69b058d768-groupManagement] INFO  util.JmxRegister (JmxRegister.java:tryRegister(44)) - Successfully registered JMX Bean with object name Ratis:service=RaftServer,group=group-89F4F4114EAB,id=cb74a50f-08de-45ec-b832-8b69b058d768
2023-11-17 09:55:38,608 [cb74a50f-08de-45ec-b832-8b69b058d768-groupManagement] INFO  server.RaftServerConfigKeys (ConfUtils.java:logGet(46)) - raft.server.snapshot.auto.trigger.enabled = true (custom)
2023-11-17 09:55:38,608 [cb74a50f-08de-45ec-b832-8b69b058d768-groupManagement] INFO  server.RaftServerConfigKeys (ConfUtils.java:logGet(46)) - raft.server.snapshot.auto.trigger.threshold = 10000 (custom)
2023-11-17 09:55:38,608 [cb74a50f-08de-45ec-b832-8b69b058d768-groupManagement] INFO  server.RaftServerConfigKeys (ConfUtils.java:logGet(46)) - raft.server.snapshot.retention.file.num = 5 (custom)
2023-11-17 09:55:38,608 [cb74a50f-08de-45ec-b832-8b69b058d768-groupManagement] INFO  server.RaftServerConfigKeys (ConfUtils.java:logGet(46)) - raft.server.log.purge.upto.snapshot.index = false (default)
2023-11-17 09:55:38,608 [a7578bdd-9139-4946-a78d-cc7981f76fa8-groupManagement] INFO  server.RaftServerConfigKeys (ConfUtils.java:logGet(46)) - raft.server.log.segment.size.max = 1048576 (custom)
2023-11-17 09:55:38,613 [a7578bdd-9139-4946-a78d-cc7981f76fa8-groupManagement] INFO  server.RaftServerConfigKeys (ConfUtils.java:logGet(46)) - raft.server.log.segment.cache.num.max = 2 (custom)
2023-11-17 09:55:38,614 [2a883bf7-e5b8-4bdb-a368-a41799101186-PipelineCommandHandlerThread-0] INFO  commandhandler.CreatePipelineCommandHandler (CreatePipelineCommandHandler.java:lambda$handle$2(124)) - Created Pipeline RATIS THREE PipelineID=0df93212-96d5-4e9e-bcda-921e636cb4d7.
2023-11-17 09:55:38,614 [cb74a50f-08de-45ec-b832-8b69b058d768-groupManagement] INFO  storage.RaftStorageDirectory (RaftStorageDirectoryImpl.java:analyzeStorage(137)) - The storage directory /home/runner/work/ozone/ozone/hadoop-ozone/integration-test/target/test-dir/MiniOzoneClusterImpl-b9d514d0-62e9-44b2-85a5-b07480d3784c/datanode-8/data/ratis/f34f35bf-938f-481c-b560-2b4a13c8640b does not exist. Creating ...
2023-11-17 09:55:38,616 [a7578bdd-9139-4946-a78d-cc7981f76fa8-groupManagement] INFO  server.RaftServerConfigKeys (ConfUtils.java:logGet(46)) - raft.server.log.segment.cache.size.max = 200MB (=209715200) (default)
2023-11-17 09:55:38,616 [a7578bdd-9139-4946-a78d-cc7981f76fa8-groupManagement] INFO  server.RaftServerConfigKeys (ConfUtils.java:logGet(46)) - raft.server.log.appender.buffer.byte-limit = 33554432 (custom)
2023-11-17 09:55:38,617 [a7578bdd-9139-4946-a78d-cc7981f76fa8-groupManagement] INFO  segmented.SegmentedRaftLogWorker (SegmentedRaftLogWorker.java:<init>(188)) - new a7578bdd-9139-4946-a78d-cc7981f76fa8@group-2B4A13C8640B-SegmentedRaftLogWorker for RaftStorageImpl:Storage Directory /home/runner/work/ozone/ozone/hadoop-ozone/integration-test/target/test-dir/MiniOzoneClusterImpl-b9d514d0-62e9-44b2-85a5-b07480d3784c/datanode-7/data/ratis/f34f35bf-938f-481c-b560-2b4a13c8640b
2023-11-17 09:55:38,617 [a7578bdd-9139-4946-a78d-cc7981f76fa8-groupManagement] INFO  server.RaftServerConfigKeys (ConfUtils.java:logGet(46)) - raft.server.log.queue.byte-limit = 4294967296 (custom)
2023-11-17 09:55:38,617 [a7578bdd-9139-4946-a78d-cc7981f76fa8-groupManagement] INFO  server.RaftServerConfigKeys (ConfUtils.java:logGet(46)) - raft.server.log.queue.element-limit = 1024 (custom)
2023-11-17 09:55:38,618 [a7578bdd-9139-4946-a78d-cc7981f76fa8-groupManagement] INFO  server.RaftServerConfigKeys (ConfUtils.java:logGet(46)) - raft.server.log.segment.size.max = 1048576 (custom)
2023-11-17 09:55:38,618 [a7578bdd-9139-4946-a78d-cc7981f76fa8-groupManagement] INFO  server.RaftServerConfigKeys (ConfUtils.java:logGet(46)) - raft.server.log.preallocated.size = 16384 (custom)
2023-11-17 09:55:38,618 [a7578bdd-9139-4946-a78d-cc7981f76fa8-groupManagement] INFO  server.RaftServerConfigKeys (ConfUtils.java:logGet(46)) - raft.server.log.force.sync.num = 128 (default)
2023-11-17 09:55:38,619 [a7578bdd-9139-4946-a78d-cc7981f76fa8-groupManagement] INFO  server.RaftServerConfigKeys (ConfUtils.java:logGet(46)) - raft.server.log.statemachine.data.sync = true (default)
2023-11-17 09:55:38,619 [a7578bdd-9139-4946-a78d-cc7981f76fa8-groupManagement] INFO  server.RaftServerConfigKeys (ConfUtils.java:logGet(46)) - raft.server.log.statemachine.data.sync.timeout = 10s (default)
2023-11-17 09:55:38,620 [a7578bdd-9139-4946-a78d-cc7981f76fa8-groupManagement] INFO  server.RaftServerConfigKeys (ConfUtils.java:logGet(46)) - raft.server.log.statemachine.data.sync.timeout.retry = -1 (default)
2023-11-17 09:55:38,617 [cb74a50f-08de-45ec-b832-8b69b058d768-groupManagement] INFO  storage.RaftStorageDirectory (RaftStorageDirectoryImpl.java:tryLock(231)) - Lock on /home/runner/work/ozone/ozone/hadoop-ozone/integration-test/target/test-dir/MiniOzoneClusterImpl-b9d514d0-62e9-44b2-85a5-b07480d3784c/datanode-8/data/ratis/f34f35bf-938f-481c-b560-2b4a13c8640b/in_use.lock acquired by nodename 28525@fv-az1021-556
2023-11-17 09:55:38,623 [cb74a50f-08de-45ec-b832-8b69b058d768-groupManagement] INFO  storage.RaftStorage (RaftStorageImpl.java:format(96)) - Storage directory /home/runner/work/ozone/ozone/hadoop-ozone/integration-test/target/test-dir/MiniOzoneClusterImpl-b9d514d0-62e9-44b2-85a5-b07480d3784c/datanode-8/data/ratis/f34f35bf-938f-481c-b560-2b4a13c8640b has been successfully formatted.
2023-11-17 09:55:38,623 [cb74a50f-08de-45ec-b832-8b69b058d768-groupManagement] INFO  ratis.ContainerStateMachine (ContainerStateMachine.java:loadSnapshot(269)) - group-2B4A13C8640B: The snapshot info is null. Setting the last applied indexto:(t:0, i:~)
2023-11-17 09:55:38,623 [cb74a50f-08de-45ec-b832-8b69b058d768-groupManagement] INFO  server.RaftServerConfigKeys (ConfUtils.java:logGet(46)) - raft.server.log.use.memory = false (default)
2023-11-17 09:55:38,624 [cb74a50f-08de-45ec-b832-8b69b058d768-groupManagement] INFO  server.RaftServerConfigKeys (ConfUtils.java:logGet(46)) - raft.server.log.purge.gap = 1000000 (custom)
2023-11-17 09:55:38,624 [cb74a50f-08de-45ec-b832-8b69b058d768-groupManagement] INFO  server.RaftServerConfigKeys (ConfUtils.java:logGet(46)) - raft.server.log.appender.buffer.byte-limit = 33554432 (custom)
2023-11-17 09:55:38,625 [cb74a50f-08de-45ec-b832-8b69b058d768-groupManagement] INFO  server.RaftServerConfigKeys (ConfUtils.java:logGet(46)) - raft.server.log.statemachine.data.read.timeout = 1000ms (default)
2023-11-17 09:55:38,625 [EventQueue-OpenPipelineForHealthyPipelineSafeModeRule] INFO  safemode.SCMSafeModeManager (HealthyPipelineSafeModeRule.java:process(137)) - SCM in safe mode. Healthy pipelines reported count is 0, required healthy pipeline reported count is 1
2023-11-17 09:55:38,625 [cb74a50f-08de-45ec-b832-8b69b058d768-groupManagement] INFO  server.RaftServerConfigKeys (ConfUtils.java:logGet(46)) - raft.server.log.purge.preservation.log.num = 0 (default)
2023-11-17 09:55:38,626 [cb74a50f-08de-45ec-b832-8b69b058d768-groupManagement] INFO  server.RaftServerConfigKeys (ConfUtils.java:logGet(46)) - raft.server.log.segment.size.max = 1048576 (custom)
2023-11-17 09:55:38,627 [cb74a50f-08de-45ec-b832-8b69b058d768-groupManagement] INFO  server.RaftServerConfigKeys (ConfUtils.java:logGet(46)) - raft.server.log.segment.cache.num.max = 2 (custom)
2023-11-17 09:55:38,627 [cb74a50f-08de-45ec-b832-8b69b058d768-groupManagement] INFO  server.RaftServerConfigKeys (ConfUtils.java:logGet(46)) - raft.server.log.segment.cache.size.max = 200MB (=209715200) (default)
2023-11-17 09:55:38,633 [cb74a50f-08de-45ec-b832-8b69b058d768-groupManagement] INFO  server.RaftServerConfigKeys (ConfUtils.java:logGet(46)) - raft.server.log.appender.buffer.byte-limit = 33554432 (custom)
2023-11-17 09:55:38,633 [cb74a50f-08de-45ec-b832-8b69b058d768-groupManagement] INFO  segmented.SegmentedRaftLogWorker (SegmentedRaftLogWorker.java:<init>(188)) - new cb74a50f-08de-45ec-b832-8b69b058d768@group-2B4A13C8640B-SegmentedRaftLogWorker for RaftStorageImpl:Storage Directory /home/runner/work/ozone/ozone/hadoop-ozone/integration-test/target/test-dir/MiniOzoneClusterImpl-b9d514d0-62e9-44b2-85a5-b07480d3784c/datanode-8/data/ratis/f34f35bf-938f-481c-b560-2b4a13c8640b
2023-11-17 09:55:38,634 [cb74a50f-08de-45ec-b832-8b69b058d768-groupManagement] INFO  server.RaftServerConfigKeys (ConfUtils.java:logGet(46)) - raft.server.log.queue.byte-limit = 4294967296 (custom)
2023-11-17 09:55:38,634 [cb74a50f-08de-45ec-b832-8b69b058d768-groupManagement] INFO  server.RaftServerConfigKeys (ConfUtils.java:logGet(46)) - raft.server.log.queue.element-limit = 1024 (custom)
2023-11-17 09:55:38,634 [cb74a50f-08de-45ec-b832-8b69b058d768-groupManagement] INFO  server.RaftServerConfigKeys (ConfUtils.java:logGet(46)) - raft.server.log.segment.size.max = 1048576 (custom)
2023-11-17 09:55:38,635 [cb74a50f-08de-45ec-b832-8b69b058d768-groupManagement] INFO  server.RaftServerConfigKeys (ConfUtils.java:logGet(46)) - raft.server.log.preallocated.size = 16384 (custom)
2023-11-17 09:55:38,635 [cb74a50f-08de-45ec-b832-8b69b058d768-groupManagement] INFO  server.RaftServerConfigKeys (ConfUtils.java:logGet(46)) - raft.server.log.force.sync.num = 128 (default)
2023-11-17 09:55:38,635 [cb74a50f-08de-45ec-b832-8b69b058d768-groupManagement] INFO  server.RaftServerConfigKeys (ConfUtils.java:logGet(46)) - raft.server.log.statemachine.data.sync = true (default)
2023-11-17 09:55:38,636 [cb74a50f-08de-45ec-b832-8b69b058d768-groupManagement] INFO  server.RaftServerConfigKeys (ConfUtils.java:logGet(46)) - raft.server.log.statemachine.data.sync.timeout = 10s (default)
2023-11-17 09:55:38,636 [cb74a50f-08de-45ec-b832-8b69b058d768-groupManagement] INFO  server.RaftServerConfigKeys (ConfUtils.java:logGet(46)) - raft.server.log.statemachine.data.sync.timeout.retry = -1 (default)
2023-11-17 09:55:38,627 [a7578bdd-9139-4946-a78d-cc7981f76fa8-groupManagement] INFO  server.RaftServerConfigKeys (ConfUtils.java:logGet(46)) - raft.server.log.write.buffer.size = 1048576 (custom)
2023-11-17 09:55:38,637 [a7578bdd-9139-4946-a78d-cc7981f76fa8-groupManagement] INFO  server.RaftServerConfigKeys (ConfUtils.java:logGet(46)) - raft.server.log.appender.buffer.byte-limit = 33554432 (custom)
2023-11-17 09:55:38,639 [a7578bdd-9139-4946-a78d-cc7981f76fa8-groupManagement] INFO  server.RaftServerConfigKeys (ConfUtils.java:logGet(46)) - raft.server.log.unsafe-flush.enabled = false (default)
2023-11-17 09:55:38,640 [a7578bdd-9139-4946-a78d-cc7981f76fa8-groupManagement] INFO  server.RaftServerConfigKeys (ConfUtils.java:logGet(46)) - raft.server.log.async-flush.enabled = false (default)
2023-11-17 09:55:38,640 [a7578bdd-9139-4946-a78d-cc7981f76fa8-groupManagement] INFO  server.RaftServerConfigKeys (ConfUtils.java:logGet(46)) - raft.server.log.statemachine.data.caching.enabled = true (custom)
2023-11-17 09:55:38,641 [a7578bdd-9139-4946-a78d-cc7981f76fa8-groupManagement] INFO  segmented.SegmentedRaftLogWorker (SegmentedRaftLogWorker.java:lambda$new$0(135)) - a7578bdd-9139-4946-a78d-cc7981f76fa8@group-2B4A13C8640B-SegmentedRaftLogWorker: flushIndex: setUnconditionally 0 -> -1
2023-11-17 09:55:38,641 [a7578bdd-9139-4946-a78d-cc7981f76fa8-groupManagement] INFO  segmented.SegmentedRaftLogWorker (SegmentedRaftLogWorker.java:lambda$new$0(135)) - a7578bdd-9139-4946-a78d-cc7981f76fa8@group-2B4A13C8640B-SegmentedRaftLogWorker: safeCacheEvictIndex: setUnconditionally 0 -> -1
2023-11-17 09:55:38,640 [cb74a50f-08de-45ec-b832-8b69b058d768-groupManagement] INFO  server.RaftServerConfigKeys (ConfUtils.java:logGet(46)) - raft.server.log.write.buffer.size = 1048576 (custom)
2023-11-17 09:55:38,642 [cb74a50f-08de-45ec-b832-8b69b058d768-groupManagement] INFO  server.RaftServerConfigKeys (ConfUtils.java:logGet(46)) - raft.server.log.appender.buffer.byte-limit = 33554432 (custom)
2023-11-17 09:55:38,643 [cb74a50f-08de-45ec-b832-8b69b058d768-groupManagement] INFO  server.RaftServerConfigKeys (ConfUtils.java:logGet(46)) - raft.server.log.unsafe-flush.enabled = false (default)
2023-11-17 09:55:38,644 [cb74a50f-08de-45ec-b832-8b69b058d768-groupManagement] INFO  server.RaftServerConfigKeys (ConfUtils.java:logGet(46)) - raft.server.log.async-flush.enabled = false (default)
2023-11-17 09:55:38,644 [cb74a50f-08de-45ec-b832-8b69b058d768-groupManagement] INFO  server.RaftServerConfigKeys (ConfUtils.java:logGet(46)) - raft.server.log.statemachine.data.caching.enabled = true (custom)
2023-11-17 09:55:38,644 [cb74a50f-08de-45ec-b832-8b69b058d768-groupManagement] INFO  segmented.SegmentedRaftLogWorker (SegmentedRaftLogWorker.java:lambda$new$0(135)) - cb74a50f-08de-45ec-b832-8b69b058d768@group-2B4A13C8640B-SegmentedRaftLogWorker: flushIndex: setUnconditionally 0 -> -1
2023-11-17 09:55:38,645 [cb74a50f-08de-45ec-b832-8b69b058d768-groupManagement] INFO  segmented.SegmentedRaftLogWorker (SegmentedRaftLogWorker.java:lambda$new$0(135)) - cb74a50f-08de-45ec-b832-8b69b058d768@group-2B4A13C8640B-SegmentedRaftLogWorker: safeCacheEvictIndex: setUnconditionally 0 -> -1
2023-11-17 09:55:38,645 [cb74a50f-08de-45ec-b832-8b69b058d768-groupManagement] INFO  server.RaftServer$Division (RaftServerImpl.java:start(342)) - cb74a50f-08de-45ec-b832-8b69b058d768@group-2B4A13C8640B: start as a follower, conf=-1: peers:[cb74a50f-08de-45ec-b832-8b69b058d768|rpc:10.1.0.9:15086|admin:10.1.0.9:15085|client:10.1.0.9:15084|dataStream:10.1.0.9:15087|priority:1|startupRole:FOLLOWER, a7578bdd-9139-4946-a78d-cc7981f76fa8|rpc:10.1.0.9:15077|admin:10.1.0.9:15076|client:10.1.0.9:15075|dataStream:10.1.0.9:15078|priority:0|startupRole:FOLLOWER, bfb594ff-14fd-40d9-830b-cf7a3dd84176|rpc:10.1.0.9:15068|admin:10.1.0.9:15067|client:10.1.0.9:15066|dataStream:10.1.0.9:15069|priority:0|startupRole:FOLLOWER]|listeners:[], old=null
2023-11-17 09:55:38,645 [cb74a50f-08de-45ec-b832-8b69b058d768-groupManagement] INFO  server.RaftServer$Division (RaftServerImpl.java:setRole(329)) - cb74a50f-08de-45ec-b832-8b69b058d768@group-2B4A13C8640B: changes role from      null to FOLLOWER at term 0 for startAsFollower
2023-11-17 09:55:38,646 [cb74a50f-08de-45ec-b832-8b69b058d768-groupManagement] INFO  impl.RoleInfo (RoleInfo.java:updateAndGet(139)) - cb74a50f-08de-45ec-b832-8b69b058d768: start cb74a50f-08de-45ec-b832-8b69b058d768@group-2B4A13C8640B-FollowerState
2023-11-17 09:55:38,645 [a7578bdd-9139-4946-a78d-cc7981f76fa8-groupManagement] INFO  server.RaftServer$Division (RaftServerImpl.java:start(342)) - a7578bdd-9139-4946-a78d-cc7981f76fa8@group-2B4A13C8640B: start as a follower, conf=-1: peers:[cb74a50f-08de-45ec-b832-8b69b058d768|rpc:10.1.0.9:15086|admin:10.1.0.9:15085|client:10.1.0.9:15084|dataStream:10.1.0.9:15087|priority:1|startupRole:FOLLOWER, a7578bdd-9139-4946-a78d-cc7981f76fa8|rpc:10.1.0.9:15077|admin:10.1.0.9:15076|client:10.1.0.9:15075|dataStream:10.1.0.9:15078|priority:0|startupRole:FOLLOWER, bfb594ff-14fd-40d9-830b-cf7a3dd84176|rpc:10.1.0.9:15068|admin:10.1.0.9:15067|client:10.1.0.9:15066|dataStream:10.1.0.9:15069|priority:0|startupRole:FOLLOWER]|listeners:[], old=null
2023-11-17 09:55:38,646 [a7578bdd-9139-4946-a78d-cc7981f76fa8-groupManagement] INFO  server.RaftServer$Division (RaftServerImpl.java:setRole(329)) - a7578bdd-9139-4946-a78d-cc7981f76fa8@group-2B4A13C8640B: changes role from      null to FOLLOWER at term 0 for startAsFollower
2023-11-17 09:55:38,646 [cb74a50f-08de-45ec-b832-8b69b058d768-groupManagement] INFO  util.JmxRegister (JmxRegister.java:tryRegister(44)) - Successfully registered JMX Bean with object name Ratis:service=RaftServer,group=group-2B4A13C8640B,id=cb74a50f-08de-45ec-b832-8b69b058d768
2023-11-17 09:55:38,646 [cb74a50f-08de-45ec-b832-8b69b058d768-groupManagement] INFO  server.RaftServerConfigKeys (ConfUtils.java:logGet(46)) - raft.server.snapshot.auto.trigger.enabled = true (custom)
2023-11-17 09:55:38,646 [cb74a50f-08de-45ec-b832-8b69b058d768-groupManagement] INFO  server.RaftServerConfigKeys (ConfUtils.java:logGet(46)) - raft.server.snapshot.auto.trigger.threshold = 10000 (custom)
2023-11-17 09:55:38,646 [cb74a50f-08de-45ec-b832-8b69b058d768-groupManagement] INFO  server.RaftServerConfigKeys (ConfUtils.java:logGet(46)) - raft.server.snapshot.retention.file.num = 5 (custom)
2023-11-17 09:55:38,646 [cb74a50f-08de-45ec-b832-8b69b058d768-groupManagement] INFO  server.RaftServerConfigKeys (ConfUtils.java:logGet(46)) - raft.server.log.purge.upto.snapshot.index = false (default)
2023-11-17 09:55:38,647 [a7578bdd-9139-4946-a78d-cc7981f76fa8-groupManagement] INFO  impl.RoleInfo (RoleInfo.java:updateAndGet(139)) - a7578bdd-9139-4946-a78d-cc7981f76fa8: start a7578bdd-9139-4946-a78d-cc7981f76fa8@group-2B4A13C8640B-FollowerState
2023-11-17 09:55:38,647 [cb74a50f-08de-45ec-b832-8b69b058d768-PipelineCommandHandlerThread-0] INFO  ratis.XceiverServerRatis (XceiverServerRatis.java:addGroup(805)) - Created group PipelineID=f34f35bf-938f-481c-b560-2b4a13c8640b
2023-11-17 09:55:38,648 [cb74a50f-08de-45ec-b832-8b69b058d768@group-2B4A13C8640B-FollowerState] INFO  server.RaftServerConfigKeys (ConfUtils.java:logFallback(53)) - raft.server.rpc.first-election.timeout.min = 5s (fallback to raft.server.rpc.timeout.min)
2023-11-17 09:55:38,649 [a7578bdd-9139-4946-a78d-cc7981f76fa8-groupManagement] INFO  util.JmxRegister (JmxRegister.java:tryRegister(44)) - Successfully registered JMX Bean with object name Ratis:service=RaftServer,group=group-2B4A13C8640B,id=a7578bdd-9139-4946-a78d-cc7981f76fa8
2023-11-17 09:55:38,649 [a7578bdd-9139-4946-a78d-cc7981f76fa8-groupManagement] INFO  server.RaftServerConfigKeys (ConfUtils.java:logGet(46)) - raft.server.snapshot.auto.trigger.enabled = true (custom)
2023-11-17 09:55:38,649 [a7578bdd-9139-4946-a78d-cc7981f76fa8-groupManagement] INFO  server.RaftServerConfigKeys (ConfUtils.java:logGet(46)) - raft.server.snapshot.auto.trigger.threshold = 10000 (custom)
2023-11-17 09:55:38,649 [a7578bdd-9139-4946-a78d-cc7981f76fa8-groupManagement] INFO  server.RaftServerConfigKeys (ConfUtils.java:logGet(46)) - raft.server.snapshot.retention.file.num = 5 (custom)
2023-11-17 09:55:38,649 [a7578bdd-9139-4946-a78d-cc7981f76fa8-groupManagement] INFO  server.RaftServerConfigKeys (ConfUtils.java:logGet(46)) - raft.server.log.purge.upto.snapshot.index = false (default)
2023-11-17 09:55:38,649 [cb74a50f-08de-45ec-b832-8b69b058d768@group-2B4A13C8640B-FollowerState] INFO  server.RaftServerConfigKeys (ConfUtils.java:logFallback(53)) - raft.server.rpc.first-election.timeout.max = 5200ms (fallback to raft.server.rpc.timeout.max)
2023-11-17 09:55:38,649 [a7578bdd-9139-4946-a78d-cc7981f76fa8@group-2B4A13C8640B-FollowerState] INFO  server.RaftServerConfigKeys (ConfUtils.java:logFallback(53)) - raft.server.rpc.first-election.timeout.min = 5s (fallback to raft.server.rpc.timeout.min)
2023-11-17 09:55:38,650 [a7578bdd-9139-4946-a78d-cc7981f76fa8@group-2B4A13C8640B-FollowerState] INFO  server.RaftServerConfigKeys (ConfUtils.java:logFallback(53)) - raft.server.rpc.first-election.timeout.max = 5200ms (fallback to raft.server.rpc.timeout.max)
2023-11-17 09:55:38,657 [a7578bdd-9139-4946-a78d-cc7981f76fa8-PipelineCommandHandlerThread-0] INFO  ratis.XceiverServerRatis (XceiverServerRatis.java:addGroup(805)) - Created group PipelineID=f34f35bf-938f-481c-b560-2b4a13c8640b
2023-11-17 09:55:38,657 [bfb594ff-14fd-40d9-830b-cf7a3dd84176-PipelineCommandHandlerThread-0] INFO  commandhandler.CreatePipelineCommandHandler (CreatePipelineCommandHandler.java:lambda$handle$2(124)) - Created Pipeline RATIS THREE PipelineID=dc120092-d2e9-426a-ac7c-89f4f4114eab.
2023-11-17 09:55:38,658 [bfb594ff-14fd-40d9-830b-cf7a3dd84176-PipelineCommandHandlerThread-0] INFO  server.RaftServer (RaftServerProxy.java:addNew(98)) - bfb594ff-14fd-40d9-830b-cf7a3dd84176: addNew group-2B4A13C8640B:[cb74a50f-08de-45ec-b832-8b69b058d768|rpc:10.1.0.9:15086|admin:10.1.0.9:15085|client:10.1.0.9:15084|dataStream:10.1.0.9:15087|priority:1|startupRole:FOLLOWER, a7578bdd-9139-4946-a78d-cc7981f76fa8|rpc:10.1.0.9:15077|admin:10.1.0.9:15076|client:10.1.0.9:15075|dataStream:10.1.0.9:15078|priority:0|startupRole:FOLLOWER, bfb594ff-14fd-40d9-830b-cf7a3dd84176|rpc:10.1.0.9:15068|admin:10.1.0.9:15067|client:10.1.0.9:15066|dataStream:10.1.0.9:15069|priority:0|startupRole:FOLLOWER] returns group-2B4A13C8640B:java.util.concurrent.CompletableFuture@16e4bcae[Not completed]
2023-11-17 09:55:38,660 [bfb594ff-14fd-40d9-830b-cf7a3dd84176-groupManagement] INFO  server.RaftServer$Division (RaftServerImpl.java:<init>(198)) - bfb594ff-14fd-40d9-830b-cf7a3dd84176: new RaftServerImpl for group-2B4A13C8640B:[cb74a50f-08de-45ec-b832-8b69b058d768|rpc:10.1.0.9:15086|admin:10.1.0.9:15085|client:10.1.0.9:15084|dataStream:10.1.0.9:15087|priority:1|startupRole:FOLLOWER, a7578bdd-9139-4946-a78d-cc7981f76fa8|rpc:10.1.0.9:15077|admin:10.1.0.9:15076|client:10.1.0.9:15075|dataStream:10.1.0.9:15078|priority:0|startupRole:FOLLOWER, bfb594ff-14fd-40d9-830b-cf7a3dd84176|rpc:10.1.0.9:15068|admin:10.1.0.9:15067|client:10.1.0.9:15066|dataStream:10.1.0.9:15069|priority:0|startupRole:FOLLOWER] with ContainerStateMachine:uninitialized
2023-11-17 09:55:38,660 [bfb594ff-14fd-40d9-830b-cf7a3dd84176-groupManagement] INFO  server.RaftServerConfigKeys (ConfUtils.java:logGet(46)) - raft.server.rpc.timeout.min = 5s (custom)
2023-11-17 09:55:38,660 [bfb594ff-14fd-40d9-830b-cf7a3dd84176-groupManagement] INFO  server.RaftServerConfigKeys (ConfUtils.java:logGet(46)) - raft.server.rpc.timeout.max = 5200ms (custom)
2023-11-17 09:55:38,660 [bfb594ff-14fd-40d9-830b-cf7a3dd84176-groupManagement] INFO  server.RaftServerConfigKeys (ConfUtils.java:logGet(46)) - raft.server.rpc.sleep.time = 25ms (default)
2023-11-17 09:55:38,661 [bfb594ff-14fd-40d9-830b-cf7a3dd84176-groupManagement] INFO  server.RaftServerConfigKeys (ConfUtils.java:logGet(46)) - raft.server.rpc.slowness.timeout = 300s (custom)
2023-11-17 09:55:38,661 [bfb594ff-14fd-40d9-830b-cf7a3dd84176-groupManagement] INFO  server.RaftServerConfigKeys (ConfUtils.java:logGet(46)) - raft.server.leaderelection.leader.step-down.wait-time = 10s (default)
2023-11-17 09:55:38,661 [bfb594ff-14fd-40d9-830b-cf7a3dd84176-groupManagement] INFO  server.RaftServerConfigKeys (ConfUtils.java:logGet(46)) - raft.server.sleep.deviation.threshold = 300ms (default)
2023-11-17 09:55:38,661 [bfb594ff-14fd-40d9-830b-cf7a3dd84176-groupManagement] INFO  server.RaftServer$Division (ServerState.java:<init>(120)) - bfb594ff-14fd-40d9-830b-cf7a3dd84176@group-2B4A13C8640B: ConfigurationManager, init=-1: peers:[cb74a50f-08de-45ec-b832-8b69b058d768|rpc:10.1.0.9:15086|admin:10.1.0.9:15085|client:10.1.0.9:15084|dataStream:10.1.0.9:15087|priority:1|startupRole:FOLLOWER, a7578bdd-9139-4946-a78d-cc7981f76fa8|rpc:10.1.0.9:15077|admin:10.1.0.9:15076|client:10.1.0.9:15075|dataStream:10.1.0.9:15078|priority:0|startupRole:FOLLOWER, bfb594ff-14fd-40d9-830b-cf7a3dd84176|rpc:10.1.0.9:15068|admin:10.1.0.9:15067|client:10.1.0.9:15066|dataStream:10.1.0.9:15069|priority:0|startupRole:FOLLOWER]|listeners:[], old=null, confs=<EMPTY_MAP>
2023-11-17 09:55:38,661 [bfb594ff-14fd-40d9-830b-cf7a3dd84176-groupManagement] INFO  server.RaftServerConfigKeys (ConfUtils.java:logGet(46)) - raft.server.storage.dir = [/home/runner/work/ozone/ozone/hadoop-ozone/integration-test/target/test-dir/MiniOzoneClusterImpl-b9d514d0-62e9-44b2-85a5-b07480d3784c/datanode-6/data/ratis] (custom)
2023-11-17 09:55:38,661 [bfb594ff-14fd-40d9-830b-cf7a3dd84176-groupManagement] INFO  server.RaftServerConfigKeys (ConfUtils.java:logGet(46)) - raft.server.log.corruption.policy = EXCEPTION (default)
2023-11-17 09:55:38,661 [bfb594ff-14fd-40d9-830b-cf7a3dd84176-groupManagement] INFO  server.RaftServerConfigKeys (ConfUtils.java:logGet(46)) - raft.server.storage.free-space.min = 0MB (=0) (default)
2023-11-17 09:55:38,661 [bfb594ff-14fd-40d9-830b-cf7a3dd84176-groupManagement] INFO  server.RaftServerConfigKeys (ConfUtils.java:logGet(46)) - raft.server.notification.no-leader.timeout = 300s (custom)
2023-11-17 09:55:38,661 [bfb594ff-14fd-40d9-830b-cf7a3dd84176-groupManagement] INFO  server.RaftServerConfigKeys (ConfUtils.java:logGet(46)) - raft.server.read.timeout = 10s (default)
2023-11-17 09:55:38,661 [bfb594ff-14fd-40d9-830b-cf7a3dd84176-groupManagement] INFO  server.RaftServerConfigKeys (ConfUtils.java:logGet(46)) - raft.server.retrycache.expirytime = 600000ms (custom)
2023-11-17 09:55:38,661 [bfb594ff-14fd-40d9-830b-cf7a3dd84176-groupManagement] INFO  server.RaftServerConfigKeys (ConfUtils.java:logGet(46)) - raft.server.retrycache.statistics.expirytime = 100μs (default)
2023-11-17 09:55:38,661 [bfb594ff-14fd-40d9-830b-cf7a3dd84176-groupManagement] INFO  server.RaftServerConfigKeys (ConfUtils.java:logGet(46)) - raft.server.read.option = DEFAULT (default)
2023-11-17 09:55:38,663 [bfb594ff-14fd-40d9-830b-cf7a3dd84176-groupManagement] INFO  server.RaftServerConfigKeys (ConfUtils.java:logGet(46)) - raft.server.rpc.request.timeout = 60s (custom)
2023-11-17 09:55:38,663 [bfb594ff-14fd-40d9-830b-cf7a3dd84176-groupManagement] INFO  server.RaftServerConfigKeys (ConfUtils.java:logGet(46)) - raft.server.log.appender.install.snapshot.enabled = false (custom)
2023-11-17 09:55:38,663 [bfb594ff-14fd-40d9-830b-cf7a3dd84176-groupManagement] INFO  server.RaftServerConfigKeys (ConfUtils.java:logGet(46)) - raft.server.threadpool.server.cached = true (default)
2023-11-17 09:55:38,663 [bfb594ff-14fd-40d9-830b-cf7a3dd84176-groupManagement] INFO  server.RaftServerConfigKeys (ConfUtils.java:logGet(46)) - raft.server.threadpool.server.size = 0 (default)
2023-11-17 09:55:38,663 [bfb594ff-14fd-40d9-830b-cf7a3dd84176-groupManagement] INFO  server.RaftServerConfigKeys (ConfUtils.java:logGet(46)) - raft.server.threadpool.client.cached = true (default)
2023-11-17 09:55:38,663 [bfb594ff-14fd-40d9-830b-cf7a3dd84176-groupManagement] INFO  server.RaftServerConfigKeys (ConfUtils.java:logGet(46)) - raft.server.threadpool.client.size = 0 (default)
2023-11-17 09:55:38,663 [bfb594ff-14fd-40d9-830b-cf7a3dd84176-groupManagement] INFO  storage.RaftStorageDirectory (RaftStorageDirectoryImpl.java:analyzeStorage(137)) - The storage directory /home/runner/work/ozone/ozone/hadoop-ozone/integration-test/target/test-dir/MiniOzoneClusterImpl-b9d514d0-62e9-44b2-85a5-b07480d3784c/datanode-6/data/ratis/f34f35bf-938f-481c-b560-2b4a13c8640b does not exist. Creating ...
2023-11-17 09:55:38,666 [bfb594ff-14fd-40d9-830b-cf7a3dd84176-groupManagement] INFO  storage.RaftStorageDirectory (RaftStorageDirectoryImpl.java:tryLock(231)) - Lock on /home/runner/work/ozone/ozone/hadoop-ozone/integration-test/target/test-dir/MiniOzoneClusterImpl-b9d514d0-62e9-44b2-85a5-b07480d3784c/datanode-6/data/ratis/f34f35bf-938f-481c-b560-2b4a13c8640b/in_use.lock acquired by nodename 28525@fv-az1021-556
2023-11-17 09:55:38,669 [bfb594ff-14fd-40d9-830b-cf7a3dd84176-groupManagement] INFO  storage.RaftStorage (RaftStorageImpl.java:format(96)) - Storage directory /home/runner/work/ozone/ozone/hadoop-ozone/integration-test/target/test-dir/MiniOzoneClusterImpl-b9d514d0-62e9-44b2-85a5-b07480d3784c/datanode-6/data/ratis/f34f35bf-938f-481c-b560-2b4a13c8640b has been successfully formatted.
2023-11-17 09:55:38,669 [bfb594ff-14fd-40d9-830b-cf7a3dd84176-groupManagement] INFO  ratis.ContainerStateMachine (ContainerStateMachine.java:loadSnapshot(269)) - group-2B4A13C8640B: The snapshot info is null. Setting the last applied indexto:(t:0, i:~)
2023-11-17 09:55:38,669 [bfb594ff-14fd-40d9-830b-cf7a3dd84176-groupManagement] INFO  server.RaftServerConfigKeys (ConfUtils.java:logGet(46)) - raft.server.log.use.memory = false (default)
2023-11-17 09:55:38,673 [EventQueue-OpenPipelineForHealthyPipelineSafeModeRule] INFO  safemode.SCMSafeModeManager (HealthyPipelineSafeModeRule.java:process(137)) - SCM in safe mode. Healthy pipelines reported count is 0, required healthy pipeline reported count is 1
2023-11-17 09:55:38,674 [bfb594ff-14fd-40d9-830b-cf7a3dd84176-groupManagement] INFO  server.RaftServerConfigKeys (ConfUtils.java:logGet(46)) - raft.server.log.purge.gap = 1000000 (custom)
2023-11-17 09:55:38,674 [bfb594ff-14fd-40d9-830b-cf7a3dd84176-groupManagement] INFO  server.RaftServerConfigKeys (ConfUtils.java:logGet(46)) - raft.server.log.appender.buffer.byte-limit = 33554432 (custom)
2023-11-17 09:55:38,675 [bfb594ff-14fd-40d9-830b-cf7a3dd84176-groupManagement] INFO  server.RaftServerConfigKeys (ConfUtils.java:logGet(46)) - raft.server.log.statemachine.data.read.timeout = 1000ms (default)
2023-11-17 09:55:38,675 [bfb594ff-14fd-40d9-830b-cf7a3dd84176-groupManagement] INFO  server.RaftServerConfigKeys (ConfUtils.java:logGet(46)) - raft.server.log.purge.preservation.log.num = 0 (default)
2023-11-17 09:55:38,675 [bfb594ff-14fd-40d9-830b-cf7a3dd84176-groupManagement] INFO  server.RaftServerConfigKeys (ConfUtils.java:logGet(46)) - raft.server.log.segment.size.max = 1048576 (custom)
2023-11-17 09:55:38,677 [bfb594ff-14fd-40d9-830b-cf7a3dd84176-groupManagement] INFO  server.RaftServerConfigKeys (ConfUtils.java:logGet(46)) - raft.server.log.segment.cache.num.max = 2 (custom)
2023-11-17 09:55:38,678 [bfb594ff-14fd-40d9-830b-cf7a3dd84176-groupManagement] INFO  server.RaftServerConfigKeys (ConfUtils.java:logGet(46)) - raft.server.log.segment.cache.size.max = 200MB (=209715200) (default)
2023-11-17 09:55:38,678 [bfb594ff-14fd-40d9-830b-cf7a3dd84176-groupManagement] INFO  server.RaftServerConfigKeys (ConfUtils.java:logGet(46)) - raft.server.log.appender.buffer.byte-limit = 33554432 (custom)
2023-11-17 09:55:38,678 [bfb594ff-14fd-40d9-830b-cf7a3dd84176-groupManagement] INFO  segmented.SegmentedRaftLogWorker (SegmentedRaftLogWorker.java:<init>(188)) - new bfb594ff-14fd-40d9-830b-cf7a3dd84176@group-2B4A13C8640B-SegmentedRaftLogWorker for RaftStorageImpl:Storage Directory /home/runner/work/ozone/ozone/hadoop-ozone/integration-test/target/test-dir/MiniOzoneClusterImpl-b9d514d0-62e9-44b2-85a5-b07480d3784c/datanode-6/data/ratis/f34f35bf-938f-481c-b560-2b4a13c8640b
2023-11-17 09:55:38,678 [bfb594ff-14fd-40d9-830b-cf7a3dd84176-groupManagement] INFO  server.RaftServerConfigKeys (ConfUtils.java:logGet(46)) - raft.server.log.queue.byte-limit = 4294967296 (custom)
2023-11-17 09:55:38,678 [bfb594ff-14fd-40d9-830b-cf7a3dd84176-groupManagement] INFO  server.RaftServerConfigKeys (ConfUtils.java:logGet(46)) - raft.server.log.queue.element-limit = 1024 (custom)
2023-11-17 09:55:38,678 [bfb594ff-14fd-40d9-830b-cf7a3dd84176-groupManagement] INFO  server.RaftServerConfigKeys (ConfUtils.java:logGet(46)) - raft.server.log.segment.size.max = 1048576 (custom)
2023-11-17 09:55:38,678 [bfb594ff-14fd-40d9-830b-cf7a3dd84176-groupManagement] INFO  server.RaftServerConfigKeys (ConfUtils.java:logGet(46)) - raft.server.log.preallocated.size = 16384 (custom)
2023-11-17 09:55:38,678 [bfb594ff-14fd-40d9-830b-cf7a3dd84176-groupManagement] INFO  server.RaftServerConfigKeys (ConfUtils.java:logGet(46)) - raft.server.log.force.sync.num = 128 (default)
2023-11-17 09:55:38,678 [bfb594ff-14fd-40d9-830b-cf7a3dd84176-groupManagement] INFO  server.RaftServerConfigKeys (ConfUtils.java:logGet(46)) - raft.server.log.statemachine.data.sync = true (default)
2023-11-17 09:55:38,678 [bfb594ff-14fd-40d9-830b-cf7a3dd84176-groupManagement] INFO  server.RaftServerConfigKeys (ConfUtils.java:logGet(46)) - raft.server.log.statemachine.data.sync.timeout = 10s (default)
2023-11-17 09:55:38,678 [bfb594ff-14fd-40d9-830b-cf7a3dd84176-groupManagement] INFO  server.RaftServerConfigKeys (ConfUtils.java:logGet(46)) - raft.server.log.statemachine.data.sync.timeout.retry = -1 (default)
2023-11-17 09:55:38,679 [bfb594ff-14fd-40d9-830b-cf7a3dd84176-groupManagement] INFO  server.RaftServerConfigKeys (ConfUtils.java:logGet(46)) - raft.server.log.write.buffer.size = 1048576 (custom)
2023-11-17 09:55:38,680 [bfb594ff-14fd-40d9-830b-cf7a3dd84176-groupManagement] INFO  server.RaftServerConfigKeys (ConfUtils.java:logGet(46)) - raft.server.log.appender.buffer.byte-limit = 33554432 (custom)
2023-11-17 09:55:38,723 [bfb594ff-14fd-40d9-830b-cf7a3dd84176-groupManagement] INFO  server.RaftServerConfigKeys (ConfUtils.java:logGet(46)) - raft.server.log.unsafe-flush.enabled = false (default)
2023-11-17 09:55:38,723 [bfb594ff-14fd-40d9-830b-cf7a3dd84176-groupManagement] INFO  server.RaftServerConfigKeys (ConfUtils.java:logGet(46)) - raft.server.log.async-flush.enabled = false (default)
2023-11-17 09:55:38,723 [bfb594ff-14fd-40d9-830b-cf7a3dd84176-groupManagement] INFO  server.RaftServerConfigKeys (ConfUtils.java:logGet(46)) - raft.server.log.statemachine.data.caching.enabled = true (custom)
2023-11-17 09:55:38,724 [bfb594ff-14fd-40d9-830b-cf7a3dd84176-groupManagement] INFO  segmented.SegmentedRaftLogWorker (SegmentedRaftLogWorker.java:lambda$new$0(135)) - bfb594ff-14fd-40d9-830b-cf7a3dd84176@group-2B4A13C8640B-SegmentedRaftLogWorker: flushIndex: setUnconditionally 0 -> -1
2023-11-17 09:55:38,724 [bfb594ff-14fd-40d9-830b-cf7a3dd84176-groupManagement] INFO  segmented.SegmentedRaftLogWorker (SegmentedRaftLogWorker.java:lambda$new$0(135)) - bfb594ff-14fd-40d9-830b-cf7a3dd84176@group-2B4A13C8640B-SegmentedRaftLogWorker: safeCacheEvictIndex: setUnconditionally 0 -> -1
2023-11-17 09:55:38,727 [bfb594ff-14fd-40d9-830b-cf7a3dd84176-groupManagement] INFO  server.RaftServer$Division (RaftServerImpl.java:start(342)) - bfb594ff-14fd-40d9-830b-cf7a3dd84176@group-2B4A13C8640B: start as a follower, conf=-1: peers:[cb74a50f-08de-45ec-b832-8b69b058d768|rpc:10.1.0.9:15086|admin:10.1.0.9:15085|client:10.1.0.9:15084|dataStream:10.1.0.9:15087|priority:1|startupRole:FOLLOWER, a7578bdd-9139-4946-a78d-cc7981f76fa8|rpc:10.1.0.9:15077|admin:10.1.0.9:15076|client:10.1.0.9:15075|dataStream:10.1.0.9:15078|priority:0|startupRole:FOLLOWER, bfb594ff-14fd-40d9-830b-cf7a3dd84176|rpc:10.1.0.9:15068|admin:10.1.0.9:15067|client:10.1.0.9:15066|dataStream:10.1.0.9:15069|priority:0|startupRole:FOLLOWER]|listeners:[], old=null
2023-11-17 09:55:38,727 [bfb594ff-14fd-40d9-830b-cf7a3dd84176-groupManagement] INFO  server.RaftServer$Division (RaftServerImpl.java:setRole(329)) - bfb594ff-14fd-40d9-830b-cf7a3dd84176@group-2B4A13C8640B: changes role from      null to FOLLOWER at term 0 for startAsFollower
2023-11-17 09:55:38,727 [bfb594ff-14fd-40d9-830b-cf7a3dd84176-groupManagement] INFO  impl.RoleInfo (RoleInfo.java:updateAndGet(139)) - bfb594ff-14fd-40d9-830b-cf7a3dd84176: start bfb594ff-14fd-40d9-830b-cf7a3dd84176@group-2B4A13C8640B-FollowerState
2023-11-17 09:55:38,728 [bfb594ff-14fd-40d9-830b-cf7a3dd84176-groupManagement] INFO  util.JmxRegister (JmxRegister.java:tryRegister(44)) - Successfully registered JMX Bean with object name Ratis:service=RaftServer,group=group-2B4A13C8640B,id=bfb594ff-14fd-40d9-830b-cf7a3dd84176
2023-11-17 09:55:38,728 [bfb594ff-14fd-40d9-830b-cf7a3dd84176-groupManagement] INFO  server.RaftServerConfigKeys (ConfUtils.java:logGet(46)) - raft.server.snapshot.auto.trigger.enabled = true (custom)
2023-11-17 09:55:38,728 [bfb594ff-14fd-40d9-830b-cf7a3dd84176-groupManagement] INFO  server.RaftServerConfigKeys (ConfUtils.java:logGet(46)) - raft.server.snapshot.auto.trigger.threshold = 10000 (custom)
2023-11-17 09:55:38,728 [bfb594ff-14fd-40d9-830b-cf7a3dd84176-groupManagement] INFO  server.RaftServerConfigKeys (ConfUtils.java:logGet(46)) - raft.server.snapshot.retention.file.num = 5 (custom)
2023-11-17 09:55:38,728 [bfb594ff-14fd-40d9-830b-cf7a3dd84176-groupManagement] INFO  server.RaftServerConfigKeys (ConfUtils.java:logGet(46)) - raft.server.log.purge.upto.snapshot.index = false (default)
2023-11-17 09:55:38,730 [bfb594ff-14fd-40d9-830b-cf7a3dd84176@group-2B4A13C8640B-FollowerState] INFO  server.RaftServerConfigKeys (ConfUtils.java:logFallback(53)) - raft.server.rpc.first-election.timeout.min = 5s (fallback to raft.server.rpc.timeout.min)
2023-11-17 09:55:38,730 [bfb594ff-14fd-40d9-830b-cf7a3dd84176@group-2B4A13C8640B-FollowerState] INFO  server.RaftServerConfigKeys (ConfUtils.java:logFallback(53)) - raft.server.rpc.first-election.timeout.max = 5200ms (fallback to raft.server.rpc.timeout.max)
2023-11-17 09:55:38,739 [bfb594ff-14fd-40d9-830b-cf7a3dd84176-PipelineCommandHandlerThread-0] INFO  ratis.XceiverServerRatis (XceiverServerRatis.java:addGroup(805)) - Created group PipelineID=f34f35bf-938f-481c-b560-2b4a13c8640b
2023-11-17 09:55:38,790 [cb74a50f-08de-45ec-b832-8b69b058d768-PipelineCommandHandlerThread-0] INFO  commandhandler.CreatePipelineCommandHandler (CreatePipelineCommandHandler.java:lambda$handle$2(124)) - Created Pipeline RATIS THREE PipelineID=f34f35bf-938f-481c-b560-2b4a13c8640b.
2023-11-17 09:55:38,794 [a7578bdd-9139-4946-a78d-cc7981f76fa8-PipelineCommandHandlerThread-0] INFO  commandhandler.CreatePipelineCommandHandler (CreatePipelineCommandHandler.java:lambda$handle$2(124)) - Created Pipeline RATIS THREE PipelineID=f34f35bf-938f-481c-b560-2b4a13c8640b.
2023-11-17 09:55:38,808 [bfb594ff-14fd-40d9-830b-cf7a3dd84176-PipelineCommandHandlerThread-0] INFO  commandhandler.CreatePipelineCommandHandler (CreatePipelineCommandHandler.java:lambda$handle$2(124)) - Created Pipeline RATIS THREE PipelineID=f34f35bf-938f-481c-b560-2b4a13c8640b.
2023-11-17 09:55:39,382 [main] INFO  ozone.MiniOzoneClusterImpl (MiniOzoneClusterImpl.java:lambda$waitForClusterToBeReady$0(229)) - Nodes are ready. Got 10 of 10 DN Heartbeats.
2023-11-17 09:55:39,382 [main] INFO  ozone.MiniOzoneClusterImpl (MiniOzoneClusterImpl.java:lambda$waitForClusterToBeReady$0(232)) - Waiting for cluster to exit safe mode
2023-11-17 09:55:39,383 [main] INFO  ozone.MiniOzoneClusterImpl (MiniOzoneClusterImpl.java:lambda$waitForClusterToBeReady$0(234)) - SCM became leader
2023-11-17 09:55:40,383 [main] INFO  ozone.MiniOzoneClusterImpl (MiniOzoneClusterImpl.java:lambda$waitForClusterToBeReady$0(229)) - Nodes are ready. Got 10 of 10 DN Heartbeats.
2023-11-17 09:55:40,383 [main] INFO  ozone.MiniOzoneClusterImpl (MiniOzoneClusterImpl.java:lambda$waitForClusterToBeReady$0(232)) - Waiting for cluster to exit safe mode
2023-11-17 09:55:40,383 [main] INFO  ozone.MiniOzoneClusterImpl (MiniOzoneClusterImpl.java:lambda$waitForClusterToBeReady$0(234)) - SCM became leader
2023-11-17 09:55:41,384 [main] INFO  ozone.MiniOzoneClusterImpl (MiniOzoneClusterImpl.java:lambda$waitForClusterToBeReady$0(229)) - Nodes are ready. Got 10 of 10 DN Heartbeats.
2023-11-17 09:55:41,384 [main] INFO  ozone.MiniOzoneClusterImpl (MiniOzoneClusterImpl.java:lambda$waitForClusterToBeReady$0(232)) - Waiting for cluster to exit safe mode
2023-11-17 09:55:41,384 [main] INFO  ozone.MiniOzoneClusterImpl (MiniOzoneClusterImpl.java:lambda$waitForClusterToBeReady$0(234)) - SCM became leader
2023-11-17 09:55:42,237 [3f7ce36a-008a-4440-b2ee-16e9e4e5a9e8@group-7944AA9F9C2E-FollowerState] INFO  impl.FollowerState (FollowerState.java:run(143)) - 3f7ce36a-008a-4440-b2ee-16e9e4e5a9e8@group-7944AA9F9C2E-FollowerState: change to CANDIDATE, lastRpcElapsedTime:5093553232ns, electionTimeout:5093ms
2023-11-17 09:55:42,237 [3f7ce36a-008a-4440-b2ee-16e9e4e5a9e8@group-7944AA9F9C2E-FollowerState] INFO  impl.RoleInfo (RoleInfo.java:shutdownFollowerState(110)) - 3f7ce36a-008a-4440-b2ee-16e9e4e5a9e8: shutdown 3f7ce36a-008a-4440-b2ee-16e9e4e5a9e8@group-7944AA9F9C2E-FollowerState
2023-11-17 09:55:42,237 [3f7ce36a-008a-4440-b2ee-16e9e4e5a9e8@group-7944AA9F9C2E-FollowerState] INFO  server.RaftServer$Division (RaftServerImpl.java:setRole(329)) - 3f7ce36a-008a-4440-b2ee-16e9e4e5a9e8@group-7944AA9F9C2E: changes role from  FOLLOWER to CANDIDATE at term 0 for changeToCandidate
2023-11-17 09:55:42,238 [3f7ce36a-008a-4440-b2ee-16e9e4e5a9e8@group-7944AA9F9C2E-FollowerState] INFO  server.RaftServerConfigKeys (ConfUtils.java:logGet(46)) - raft.server.leaderelection.pre-vote = true (default)
2023-11-17 09:55:42,238 [3f7ce36a-008a-4440-b2ee-16e9e4e5a9e8@group-7944AA9F9C2E-FollowerState] INFO  impl.RoleInfo (RoleInfo.java:updateAndGet(139)) - 3f7ce36a-008a-4440-b2ee-16e9e4e5a9e8: start 3f7ce36a-008a-4440-b2ee-16e9e4e5a9e8@group-7944AA9F9C2E-LeaderElection2
2023-11-17 09:55:42,239 [3f7ce36a-008a-4440-b2ee-16e9e4e5a9e8@group-7944AA9F9C2E-LeaderElection2] INFO  impl.LeaderElection (LeaderElection.java:askForVotes(321)) - 3f7ce36a-008a-4440-b2ee-16e9e4e5a9e8@group-7944AA9F9C2E-LeaderElection2 PRE_VOTE round 0: submit vote requests at term 0 for -1: peers:[3f7ce36a-008a-4440-b2ee-16e9e4e5a9e8|rpc:10.1.0.9:15014|admin:10.1.0.9:15013|client:10.1.0.9:15012|dataStream:10.1.0.9:15015|priority:1|startupRole:FOLLOWER]|listeners:[], old=null
2023-11-17 09:55:42,240 [3f7ce36a-008a-4440-b2ee-16e9e4e5a9e8@group-7944AA9F9C2E-LeaderElection2] INFO  impl.LeaderElection (LeaderElection.java:askForVotes(323)) - 3f7ce36a-008a-4440-b2ee-16e9e4e5a9e8@group-7944AA9F9C2E-LeaderElection2 PRE_VOTE round 0: result PASSED (term=0)
2023-11-17 09:55:42,241 [3f7ce36a-008a-4440-b2ee-16e9e4e5a9e8@group-7944AA9F9C2E-LeaderElection2] INFO  impl.LeaderElection (LeaderElection.java:askForVotes(321)) - 3f7ce36a-008a-4440-b2ee-16e9e4e5a9e8@group-7944AA9F9C2E-LeaderElection2 ELECTION round 0: submit vote requests at term 1 for -1: peers:[3f7ce36a-008a-4440-b2ee-16e9e4e5a9e8|rpc:10.1.0.9:15014|admin:10.1.0.9:15013|client:10.1.0.9:15012|dataStream:10.1.0.9:15015|priority:1|startupRole:FOLLOWER]|listeners:[], old=null
2023-11-17 09:55:42,241 [3f7ce36a-008a-4440-b2ee-16e9e4e5a9e8@group-7944AA9F9C2E-LeaderElection2] INFO  impl.LeaderElection (LeaderElection.java:askForVotes(323)) - 3f7ce36a-008a-4440-b2ee-16e9e4e5a9e8@group-7944AA9F9C2E-LeaderElection2 ELECTION round 0: result PASSED (term=1)
2023-11-17 09:55:42,241 [3f7ce36a-008a-4440-b2ee-16e9e4e5a9e8@group-7944AA9F9C2E-LeaderElection2] INFO  impl.RoleInfo (RoleInfo.java:shutdownLeaderElection(130)) - 3f7ce36a-008a-4440-b2ee-16e9e4e5a9e8: shutdown 3f7ce36a-008a-4440-b2ee-16e9e4e5a9e8@group-7944AA9F9C2E-LeaderElection2
2023-11-17 09:55:42,241 [3f7ce36a-008a-4440-b2ee-16e9e4e5a9e8@group-7944AA9F9C2E-LeaderElection2] INFO  server.RaftServer$Division (RaftServerImpl.java:setRole(329)) - 3f7ce36a-008a-4440-b2ee-16e9e4e5a9e8@group-7944AA9F9C2E: changes role from CANDIDATE to LEADER at term 1 for changeToLeader
2023-11-17 09:55:42,241 [3f7ce36a-008a-4440-b2ee-16e9e4e5a9e8@group-7944AA9F9C2E-LeaderElection2] INFO  ratis.XceiverServerRatis (XceiverServerRatis.java:handleLeaderChangedNotification(903)) - Leader change notification received for group: group-7944AA9F9C2E with new leaderId: 3f7ce36a-008a-4440-b2ee-16e9e4e5a9e8
2023-11-17 09:55:42,241 [3f7ce36a-008a-4440-b2ee-16e9e4e5a9e8@group-7944AA9F9C2E-LeaderElection2] INFO  server.RaftServer$Division (ServerState.java:setLeader(317)) - 3f7ce36a-008a-4440-b2ee-16e9e4e5a9e8@group-7944AA9F9C2E: change Leader from null to 3f7ce36a-008a-4440-b2ee-16e9e4e5a9e8 at term 1 for becomeLeader, leader elected after 5115ms
2023-11-17 09:55:42,241 [3f7ce36a-008a-4440-b2ee-16e9e4e5a9e8@group-7944AA9F9C2E-LeaderElection2] INFO  server.RaftServerConfigKeys (ConfUtils.java:logGet(46)) - raft.server.staging.catchup.gap = 1000 (default)
2023-11-17 09:55:42,241 [3f7ce36a-008a-4440-b2ee-16e9e4e5a9e8@group-7944AA9F9C2E-LeaderElection2] INFO  server.RaftServerConfigKeys (ConfUtils.java:logGet(46)) - raft.server.write.element-limit = 1024 (custom)
2023-11-17 09:55:42,241 [3f7ce36a-008a-4440-b2ee-16e9e4e5a9e8@group-7944AA9F9C2E-LeaderElection2] INFO  server.RaftServerConfigKeys (ConfUtils.java:logGet(46)) - raft.server.write.byte-limit = 1024 M (=1073741824) (custom)
2023-11-17 09:55:42,242 [3f7ce36a-008a-4440-b2ee-16e9e4e5a9e8@group-7944AA9F9C2E-LeaderElection2] INFO  server.RaftServerConfigKeys (ConfUtils.java:logGet(46)) - raft.server.watch.timeout = 180s (custom)
2023-11-17 09:55:42,242 [3f7ce36a-008a-4440-b2ee-16e9e4e5a9e8@group-7944AA9F9C2E-LeaderElection2] INFO  server.RaftServerConfigKeys (ConfUtils.java:logGet(46)) - raft.server.watch.timeout.denomination = 1s (default)
2023-11-17 09:55:42,242 [3f7ce36a-008a-4440-b2ee-16e9e4e5a9e8@group-7944AA9F9C2E-LeaderElection2] INFO  server.RaftServerConfigKeys (ConfUtils.java:logGet(46)) - raft.server.watch.element-limit = 65536 (default)
2023-11-17 09:55:42,242 [3f7ce36a-008a-4440-b2ee-16e9e4e5a9e8@group-7944AA9F9C2E-LeaderElection2] INFO  server.RaftServerConfigKeys (ConfUtils.java:logGet(46)) - raft.server.write.element-limit = 1024 (custom)
2023-11-17 09:55:42,242 [3f7ce36a-008a-4440-b2ee-16e9e4e5a9e8@group-7944AA9F9C2E-LeaderElection2] INFO  server.RaftServerConfigKeys (ConfUtils.java:logGet(46)) - raft.server.write.follower.gap.ratio.max = -1.0 (default)
2023-11-17 09:55:42,242 [3f7ce36a-008a-4440-b2ee-16e9e4e5a9e8@group-7944AA9F9C2E-LeaderElection2] INFO  impl.RoleInfo (RoleInfo.java:updateAndGet(139)) - 3f7ce36a-008a-4440-b2ee-16e9e4e5a9e8: start 3f7ce36a-008a-4440-b2ee-16e9e4e5a9e8@group-7944AA9F9C2E-LeaderStateImpl
2023-11-17 09:55:42,242 [EventQueue-OpenPipelineForHealthyPipelineSafeModeRule] INFO  safemode.SCMSafeModeManager (HealthyPipelineSafeModeRule.java:process(137)) - SCM in safe mode. Healthy pipelines reported count is 0, required healthy pipeline reported count is 1
2023-11-17 09:55:42,242 [3f7ce36a-008a-4440-b2ee-16e9e4e5a9e8@group-7944AA9F9C2E-LeaderElection2] INFO  segmented.SegmentedRaftLogWorker (SegmentedRaftLogWorker.java:startLogSegment(447)) - 3f7ce36a-008a-4440-b2ee-16e9e4e5a9e8@group-7944AA9F9C2E-SegmentedRaftLogWorker: Starting segment from index:0
2023-11-17 09:55:42,244 [3f7ce36a-008a-4440-b2ee-16e9e4e5a9e8@group-7944AA9F9C2E-SegmentedRaftLogWorker] INFO  segmented.SegmentedRaftLogWorker (SegmentedRaftLogWorker.java:execute(651)) - 3f7ce36a-008a-4440-b2ee-16e9e4e5a9e8@group-7944AA9F9C2E-SegmentedRaftLogWorker: created new log segment /home/runner/work/ozone/ozone/hadoop-ozone/integration-test/target/test-dir/MiniOzoneClusterImpl-b9d514d0-62e9-44b2-85a5-b07480d3784c/datanode-0/data/ratis/3e9079dd-2d08-4673-922f-7944aa9f9c2e/current/log_inprogress_0
2023-11-17 09:55:42,244 [3f7ce36a-008a-4440-b2ee-16e9e4e5a9e8@group-7944AA9F9C2E-LeaderElection2] INFO  server.RaftServer$Division (ServerState.java:setRaftConf(434)) - 3f7ce36a-008a-4440-b2ee-16e9e4e5a9e8@group-7944AA9F9C2E: set configuration 0: peers:[3f7ce36a-008a-4440-b2ee-16e9e4e5a9e8|rpc:10.1.0.9:15014|admin:10.1.0.9:15013|client:10.1.0.9:15012|dataStream:10.1.0.9:15015|priority:1|startupRole:FOLLOWER]|listeners:[], old=null
2023-11-17 09:55:42,321 [3f7ce36a-008a-4440-b2ee-16e9e4e5a9e8@group-196F7C4343A2-FollowerState] INFO  impl.FollowerState (FollowerState.java:run(143)) - 3f7ce36a-008a-4440-b2ee-16e9e4e5a9e8@group-196F7C4343A2-FollowerState: change to CANDIDATE, lastRpcElapsedTime:5142908561ns, electionTimeout:5140ms
2023-11-17 09:55:42,322 [3f7ce36a-008a-4440-b2ee-16e9e4e5a9e8@group-196F7C4343A2-FollowerState] INFO  impl.RoleInfo (RoleInfo.java:shutdownFollowerState(110)) - 3f7ce36a-008a-4440-b2ee-16e9e4e5a9e8: shutdown 3f7ce36a-008a-4440-b2ee-16e9e4e5a9e8@group-196F7C4343A2-FollowerState
2023-11-17 09:55:42,322 [3f7ce36a-008a-4440-b2ee-16e9e4e5a9e8@group-196F7C4343A2-FollowerState] INFO  server.RaftServer$Division (RaftServerImpl.java:setRole(329)) - 3f7ce36a-008a-4440-b2ee-16e9e4e5a9e8@group-196F7C4343A2: changes role from  FOLLOWER to CANDIDATE at term 0 for changeToCandidate
2023-11-17 09:55:42,322 [3f7ce36a-008a-4440-b2ee-16e9e4e5a9e8@group-196F7C4343A2-FollowerState] INFO  server.RaftServerConfigKeys (ConfUtils.java:logGet(46)) - raft.server.leaderelection.pre-vote = true (default)
2023-11-17 09:55:42,322 [3f7ce36a-008a-4440-b2ee-16e9e4e5a9e8@group-196F7C4343A2-FollowerState] INFO  impl.RoleInfo (RoleInfo.java:updateAndGet(139)) - 3f7ce36a-008a-4440-b2ee-16e9e4e5a9e8: start 3f7ce36a-008a-4440-b2ee-16e9e4e5a9e8@group-196F7C4343A2-LeaderElection3
2023-11-17 09:55:42,324 [3f7ce36a-008a-4440-b2ee-16e9e4e5a9e8@group-196F7C4343A2-LeaderElection3] INFO  impl.LeaderElection (LeaderElection.java:askForVotes(321)) - 3f7ce36a-008a-4440-b2ee-16e9e4e5a9e8@group-196F7C4343A2-LeaderElection3 PRE_VOTE round 0: submit vote requests at term 0 for -1: peers:[652b82d9-1846-44d1-8352-7bf3439ad078|rpc:10.1.0.9:15032|admin:10.1.0.9:15031|client:10.1.0.9:15030|dataStream:10.1.0.9:15033|priority:1|startupRole:FOLLOWER, 54bd6e84-2e53-4956-b446-cc6ac26bbc90|rpc:10.1.0.9:15023|admin:10.1.0.9:15022|client:10.1.0.9:15021|dataStream:10.1.0.9:15024|priority:0|startupRole:FOLLOWER, 3f7ce36a-008a-4440-b2ee-16e9e4e5a9e8|rpc:10.1.0.9:15014|admin:10.1.0.9:15013|client:10.1.0.9:15012|dataStream:10.1.0.9:15015|priority:0|startupRole:FOLLOWER]|listeners:[], old=null
2023-11-17 09:55:42,327 [3f7ce36a-008a-4440-b2ee-16e9e4e5a9e8@group-196F7C4343A2-LeaderElection3] INFO  server.RaftServerConfigKeys (ConfUtils.java:logFallback(53)) - raft.server.rpc.first-election.timeout.min = 5s (fallback to raft.server.rpc.timeout.min)
2023-11-17 09:55:42,327 [3f7ce36a-008a-4440-b2ee-16e9e4e5a9e8@group-196F7C4343A2-LeaderElection3] INFO  server.RaftServerConfigKeys (ConfUtils.java:logFallback(53)) - raft.server.rpc.first-election.timeout.max = 5200ms (fallback to raft.server.rpc.timeout.max)
2023-11-17 09:55:42,328 [3f7ce36a-008a-4440-b2ee-16e9e4e5a9e8@group-196F7C4343A2-LeaderElection3-1] INFO  server.GrpcServerProtocolClient (GrpcServerProtocolClient.java:<init>(65)) - Build channel for 652b82d9-1846-44d1-8352-7bf3439ad078
2023-11-17 09:55:42,328 [3f7ce36a-008a-4440-b2ee-16e9e4e5a9e8@group-196F7C4343A2-LeaderElection3-2] INFO  server.GrpcServerProtocolClient (GrpcServerProtocolClient.java:<init>(65)) - Build channel for 54bd6e84-2e53-4956-b446-cc6ac26bbc90
2023-11-17 09:55:42,337 [grpc-default-executor-0] INFO  server.RaftServer$Division (RaftServerImpl.java:requestVote(1302)) - 652b82d9-1846-44d1-8352-7bf3439ad078@group-196F7C4343A2: receive requestVote(PRE_VOTE, 3f7ce36a-008a-4440-b2ee-16e9e4e5a9e8, group-196F7C4343A2, 0, (t:0, i:0))
2023-11-17 09:55:42,337 [grpc-default-executor-2] INFO  server.RaftServer$Division (RaftServerImpl.java:requestVote(1302)) - 54bd6e84-2e53-4956-b446-cc6ac26bbc90@group-196F7C4343A2: receive requestVote(PRE_VOTE, 3f7ce36a-008a-4440-b2ee-16e9e4e5a9e8, group-196F7C4343A2, 0, (t:0, i:0))
2023-11-17 09:55:42,339 [grpc-default-executor-2] INFO  impl.VoteContext (VoteContext.java:log(49)) - 54bd6e84-2e53-4956-b446-cc6ac26bbc90@group-196F7C4343A2-FOLLOWER: accept PRE_VOTE from 3f7ce36a-008a-4440-b2ee-16e9e4e5a9e8: our priority 0 <= candidate's priority 0
2023-11-17 09:55:42,339 [grpc-default-executor-0] INFO  impl.VoteContext (VoteContext.java:log(49)) - 652b82d9-1846-44d1-8352-7bf3439ad078@group-196F7C4343A2-FOLLOWER: reject PRE_VOTE from 3f7ce36a-008a-4440-b2ee-16e9e4e5a9e8: our priority 1 > candidate's priority 0
2023-11-17 09:55:42,341 [grpc-default-executor-2] INFO  server.RaftServer$Division (RaftServerImpl.java:requestVote(1335)) - 54bd6e84-2e53-4956-b446-cc6ac26bbc90@group-196F7C4343A2 replies to PRE_VOTE vote request: 3f7ce36a-008a-4440-b2ee-16e9e4e5a9e8<-54bd6e84-2e53-4956-b446-cc6ac26bbc90#0:OK-t0. Peer's state: 54bd6e84-2e53-4956-b446-cc6ac26bbc90@group-196F7C4343A2:t0, leader=null, voted=, raftlog=Memoized:54bd6e84-2e53-4956-b446-cc6ac26bbc90@group-196F7C4343A2-SegmentedRaftLog:OPENED:c-1, conf=-1: peers:[652b82d9-1846-44d1-8352-7bf3439ad078|rpc:10.1.0.9:15032|admin:10.1.0.9:15031|client:10.1.0.9:15030|dataStream:10.1.0.9:15033|priority:1|startupRole:FOLLOWER, 54bd6e84-2e53-4956-b446-cc6ac26bbc90|rpc:10.1.0.9:15023|admin:10.1.0.9:15022|client:10.1.0.9:15021|dataStream:10.1.0.9:15024|priority:0|startupRole:FOLLOWER, 3f7ce36a-008a-4440-b2ee-16e9e4e5a9e8|rpc:10.1.0.9:15014|admin:10.1.0.9:15013|client:10.1.0.9:15012|dataStream:10.1.0.9:15015|priority:0|startupRole:FOLLOWER]|listeners:[], old=null
2023-11-17 09:55:42,342 [grpc-default-executor-0] INFO  server.RaftServer$Division (RaftServerImpl.java:requestVote(1335)) - 652b82d9-1846-44d1-8352-7bf3439ad078@group-196F7C4343A2 replies to PRE_VOTE vote request: 3f7ce36a-008a-4440-b2ee-16e9e4e5a9e8<-652b82d9-1846-44d1-8352-7bf3439ad078#0:FAIL-t0. Peer's state: 652b82d9-1846-44d1-8352-7bf3439ad078@group-196F7C4343A2:t0, leader=null, voted=, raftlog=Memoized:652b82d9-1846-44d1-8352-7bf3439ad078@group-196F7C4343A2-SegmentedRaftLog:OPENED:c-1, conf=-1: peers:[652b82d9-1846-44d1-8352-7bf3439ad078|rpc:10.1.0.9:15032|admin:10.1.0.9:15031|client:10.1.0.9:15030|dataStream:10.1.0.9:15033|priority:1|startupRole:FOLLOWER, 54bd6e84-2e53-4956-b446-cc6ac26bbc90|rpc:10.1.0.9:15023|admin:10.1.0.9:15022|client:10.1.0.9:15021|dataStream:10.1.0.9:15024|priority:0|startupRole:FOLLOWER, 3f7ce36a-008a-4440-b2ee-16e9e4e5a9e8|rpc:10.1.0.9:15014|admin:10.1.0.9:15013|client:10.1.0.9:15012|dataStream:10.1.0.9:15015|priority:0|startupRole:FOLLOWER]|listeners:[], old=null
2023-11-17 09:55:42,345 [54bd6e84-2e53-4956-b446-cc6ac26bbc90@group-196F7C4343A2-FollowerState] INFO  server.RaftServerConfigKeys (ConfUtils.java:logFallback(53)) - raft.server.rpc.first-election.timeout.min = 5s (fallback to raft.server.rpc.timeout.min)
2023-11-17 09:55:42,345 [54bd6e84-2e53-4956-b446-cc6ac26bbc90@group-196F7C4343A2-FollowerState] INFO  server.RaftServerConfigKeys (ConfUtils.java:logFallback(53)) - raft.server.rpc.first-election.timeout.max = 5200ms (fallback to raft.server.rpc.timeout.max)
2023-11-17 09:55:42,345 [3f7ce36a-008a-4440-b2ee-16e9e4e5a9e8@group-196F7C4343A2-LeaderElection3] INFO  impl.LeaderElection (LeaderElection.java:logAndReturn(90)) - 3f7ce36a-008a-4440-b2ee-16e9e4e5a9e8@group-196F7C4343A2-LeaderElection3: PRE_VOTE REJECTED received 2 response(s) and 0 exception(s):
2023-11-17 09:55:42,345 [3f7ce36a-008a-4440-b2ee-16e9e4e5a9e8@group-196F7C4343A2-LeaderElection3] INFO  impl.LeaderElection (LeaderElection.java:logAndReturn(94)) -   Response 0: 3f7ce36a-008a-4440-b2ee-16e9e4e5a9e8<-652b82d9-1846-44d1-8352-7bf3439ad078#0:FAIL-t0
2023-11-17 09:55:42,346 [3f7ce36a-008a-4440-b2ee-16e9e4e5a9e8@group-196F7C4343A2-LeaderElection3] INFO  impl.LeaderElection (LeaderElection.java:logAndReturn(94)) -   Response 1: 3f7ce36a-008a-4440-b2ee-16e9e4e5a9e8<-54bd6e84-2e53-4956-b446-cc6ac26bbc90#0:OK-t0
2023-11-17 09:55:42,346 [3f7ce36a-008a-4440-b2ee-16e9e4e5a9e8@group-196F7C4343A2-LeaderElection3] INFO  impl.LeaderElection (LeaderElection.java:askForVotes(323)) - 3f7ce36a-008a-4440-b2ee-16e9e4e5a9e8@group-196F7C4343A2-LeaderElection3 PRE_VOTE round 0: result REJECTED
2023-11-17 09:55:42,346 [3f7ce36a-008a-4440-b2ee-16e9e4e5a9e8@group-196F7C4343A2-LeaderElection3] INFO  server.RaftServer$Division (RaftServerImpl.java:setRole(329)) - 3f7ce36a-008a-4440-b2ee-16e9e4e5a9e8@group-196F7C4343A2: changes role from CANDIDATE to FOLLOWER at term 0 for REJECTED
2023-11-17 09:55:42,346 [3f7ce36a-008a-4440-b2ee-16e9e4e5a9e8@group-196F7C4343A2-LeaderElection3] INFO  impl.RoleInfo (RoleInfo.java:shutdownLeaderElection(130)) - 3f7ce36a-008a-4440-b2ee-16e9e4e5a9e8: shutdown 3f7ce36a-008a-4440-b2ee-16e9e4e5a9e8@group-196F7C4343A2-LeaderElection3
2023-11-17 09:55:42,346 [3f7ce36a-008a-4440-b2ee-16e9e4e5a9e8@group-196F7C4343A2-LeaderElection3] INFO  impl.RoleInfo (RoleInfo.java:updateAndGet(139)) - 3f7ce36a-008a-4440-b2ee-16e9e4e5a9e8: start 3f7ce36a-008a-4440-b2ee-16e9e4e5a9e8@group-196F7C4343A2-FollowerState
2023-11-17 09:55:42,353 [54bd6e84-2e53-4956-b446-cc6ac26bbc90@group-A04E320CF844-FollowerState] INFO  impl.FollowerState (FollowerState.java:run(143)) - 54bd6e84-2e53-4956-b446-cc6ac26bbc90@group-A04E320CF844-FollowerState: change to CANDIDATE, lastRpcElapsedTime:5100176351ns, electionTimeout:5099ms
2023-11-17 09:55:42,354 [54bd6e84-2e53-4956-b446-cc6ac26bbc90@group-A04E320CF844-FollowerState] INFO  impl.RoleInfo (RoleInfo.java:shutdownFollowerState(110)) - 54bd6e84-2e53-4956-b446-cc6ac26bbc90: shutdown 54bd6e84-2e53-4956-b446-cc6ac26bbc90@group-A04E320CF844-FollowerState
2023-11-17 09:55:42,354 [54bd6e84-2e53-4956-b446-cc6ac26bbc90@group-A04E320CF844-FollowerState] INFO  server.RaftServer$Division (RaftServerImpl.java:setRole(329)) - 54bd6e84-2e53-4956-b446-cc6ac26bbc90@group-A04E320CF844: changes role from  FOLLOWER to CANDIDATE at term 0 for changeToCandidate
2023-11-17 09:55:42,355 [54bd6e84-2e53-4956-b446-cc6ac26bbc90@group-A04E320CF844-FollowerState] INFO  server.RaftServerConfigKeys (ConfUtils.java:logGet(46)) - raft.server.leaderelection.pre-vote = true (default)
2023-11-17 09:55:42,355 [54bd6e84-2e53-4956-b446-cc6ac26bbc90@group-A04E320CF844-FollowerState] INFO  impl.RoleInfo (RoleInfo.java:updateAndGet(139)) - 54bd6e84-2e53-4956-b446-cc6ac26bbc90: start 54bd6e84-2e53-4956-b446-cc6ac26bbc90@group-A04E320CF844-LeaderElection4
2023-11-17 09:55:42,357 [54bd6e84-2e53-4956-b446-cc6ac26bbc90@group-A04E320CF844-LeaderElection4] INFO  impl.LeaderElection (LeaderElection.java:askForVotes(321)) - 54bd6e84-2e53-4956-b446-cc6ac26bbc90@group-A04E320CF844-LeaderElection4 PRE_VOTE round 0: submit vote requests at term 0 for -1: peers:[54bd6e84-2e53-4956-b446-cc6ac26bbc90|rpc:10.1.0.9:15023|admin:10.1.0.9:15022|client:10.1.0.9:15021|dataStream:10.1.0.9:15024|priority:1|startupRole:FOLLOWER]|listeners:[], old=null
2023-11-17 09:55:42,357 [54bd6e84-2e53-4956-b446-cc6ac26bbc90@group-A04E320CF844-LeaderElection4] INFO  impl.LeaderElection (LeaderElection.java:askForVotes(323)) - 54bd6e84-2e53-4956-b446-cc6ac26bbc90@group-A04E320CF844-LeaderElection4 PRE_VOTE round 0: result PASSED (term=0)
2023-11-17 09:55:42,358 [54bd6e84-2e53-4956-b446-cc6ac26bbc90@group-A04E320CF844-LeaderElection4] INFO  impl.LeaderElection (LeaderElection.java:askForVotes(321)) - 54bd6e84-2e53-4956-b446-cc6ac26bbc90@group-A04E320CF844-LeaderElection4 ELECTION round 0: submit vote requests at term 1 for -1: peers:[54bd6e84-2e53-4956-b446-cc6ac26bbc90|rpc:10.1.0.9:15023|admin:10.1.0.9:15022|client:10.1.0.9:15021|dataStream:10.1.0.9:15024|priority:1|startupRole:FOLLOWER]|listeners:[], old=null
2023-11-17 09:55:42,358 [54bd6e84-2e53-4956-b446-cc6ac26bbc90@group-A04E320CF844-LeaderElection4] INFO  impl.LeaderElection (LeaderElection.java:askForVotes(323)) - 54bd6e84-2e53-4956-b446-cc6ac26bbc90@group-A04E320CF844-LeaderElection4 ELECTION round 0: result PASSED (term=1)
2023-11-17 09:55:42,358 [54bd6e84-2e53-4956-b446-cc6ac26bbc90@group-A04E320CF844-LeaderElection4] INFO  impl.RoleInfo (RoleInfo.java:shutdownLeaderElection(130)) - 54bd6e84-2e53-4956-b446-cc6ac26bbc90: shutdown 54bd6e84-2e53-4956-b446-cc6ac26bbc90@group-A04E320CF844-LeaderElection4
2023-11-17 09:55:42,358 [54bd6e84-2e53-4956-b446-cc6ac26bbc90@group-A04E320CF844-LeaderElection4] INFO  server.RaftServer$Division (RaftServerImpl.java:setRole(329)) - 54bd6e84-2e53-4956-b446-cc6ac26bbc90@group-A04E320CF844: changes role from CANDIDATE to LEADER at term 1 for changeToLeader
2023-11-17 09:55:42,358 [54bd6e84-2e53-4956-b446-cc6ac26bbc90@group-A04E320CF844-LeaderElection4] INFO  ratis.XceiverServerRatis (XceiverServerRatis.java:handleLeaderChangedNotification(903)) - Leader change notification received for group: group-A04E320CF844 with new leaderId: 54bd6e84-2e53-4956-b446-cc6ac26bbc90
2023-11-17 09:55:42,358 [54bd6e84-2e53-4956-b446-cc6ac26bbc90@group-A04E320CF844-LeaderElection4] INFO  server.RaftServer$Division (ServerState.java:setLeader(317)) - 54bd6e84-2e53-4956-b446-cc6ac26bbc90@group-A04E320CF844: change Leader from null to 54bd6e84-2e53-4956-b446-cc6ac26bbc90 at term 1 for becomeLeader, leader elected after 5132ms
2023-11-17 09:55:42,359 [54bd6e84-2e53-4956-b446-cc6ac26bbc90@group-A04E320CF844-LeaderElection4] INFO  server.RaftServerConfigKeys (ConfUtils.java:logGet(46)) - raft.server.staging.catchup.gap = 1000 (default)
2023-11-17 09:55:42,359 [54bd6e84-2e53-4956-b446-cc6ac26bbc90@group-A04E320CF844-LeaderElection4] INFO  server.RaftServerConfigKeys (ConfUtils.java:logGet(46)) - raft.server.write.element-limit = 1024 (custom)
2023-11-17 09:55:42,359 [54bd6e84-2e53-4956-b446-cc6ac26bbc90@group-A04E320CF844-LeaderElection4] INFO  server.RaftServerConfigKeys (ConfUtils.java:logGet(46)) - raft.server.write.byte-limit = 1024 M (=1073741824) (custom)
2023-11-17 09:55:42,359 [54bd6e84-2e53-4956-b446-cc6ac26bbc90@group-A04E320CF844-LeaderElection4] INFO  server.RaftServerConfigKeys (ConfUtils.java:logGet(46)) - raft.server.watch.timeout = 180s (custom)
2023-11-17 09:55:42,359 [54bd6e84-2e53-4956-b446-cc6ac26bbc90@group-A04E320CF844-LeaderElection4] INFO  server.RaftServerConfigKeys (ConfUtils.java:logGet(46)) - raft.server.watch.timeout.denomination = 1s (default)
2023-11-17 09:55:42,359 [54bd6e84-2e53-4956-b446-cc6ac26bbc90@group-A04E320CF844-LeaderElection4] INFO  server.RaftServerConfigKeys (ConfUtils.java:logGet(46)) - raft.server.watch.element-limit = 65536 (default)
2023-11-17 09:55:42,359 [54bd6e84-2e53-4956-b446-cc6ac26bbc90@group-A04E320CF844-LeaderElection4] INFO  server.RaftServerConfigKeys (ConfUtils.java:logGet(46)) - raft.server.write.element-limit = 1024 (custom)
2023-11-17 09:55:42,360 [54bd6e84-2e53-4956-b446-cc6ac26bbc90@group-A04E320CF844-LeaderElection4] INFO  server.RaftServerConfigKeys (ConfUtils.java:logGet(46)) - raft.server.write.follower.gap.ratio.max = -1.0 (default)
2023-11-17 09:55:42,360 [54bd6e84-2e53-4956-b446-cc6ac26bbc90@group-A04E320CF844-LeaderElection4] INFO  impl.RoleInfo (RoleInfo.java:updateAndGet(139)) - 54bd6e84-2e53-4956-b446-cc6ac26bbc90: start 54bd6e84-2e53-4956-b446-cc6ac26bbc90@group-A04E320CF844-LeaderStateImpl
2023-11-17 09:55:42,360 [54bd6e84-2e53-4956-b446-cc6ac26bbc90@group-A04E320CF844-LeaderElection4] INFO  segmented.SegmentedRaftLogWorker (SegmentedRaftLogWorker.java:startLogSegment(447)) - 54bd6e84-2e53-4956-b446-cc6ac26bbc90@group-A04E320CF844-SegmentedRaftLogWorker: Starting segment from index:0
2023-11-17 09:55:42,360 [EventQueue-OpenPipelineForHealthyPipelineSafeModeRule] INFO  safemode.SCMSafeModeManager (HealthyPipelineSafeModeRule.java:process(137)) - SCM in safe mode. Healthy pipelines reported count is 0, required healthy pipeline reported count is 1
2023-11-17 09:55:42,362 [54bd6e84-2e53-4956-b446-cc6ac26bbc90@group-A04E320CF844-SegmentedRaftLogWorker] INFO  segmented.SegmentedRaftLogWorker (SegmentedRaftLogWorker.java:execute(651)) - 54bd6e84-2e53-4956-b446-cc6ac26bbc90@group-A04E320CF844-SegmentedRaftLogWorker: created new log segment /home/runner/work/ozone/ozone/hadoop-ozone/integration-test/target/test-dir/MiniOzoneClusterImpl-b9d514d0-62e9-44b2-85a5-b07480d3784c/datanode-1/data/ratis/83cf1267-729e-45c6-adc3-a04e320cf844/current/log_inprogress_0
2023-11-17 09:55:42,362 [54bd6e84-2e53-4956-b446-cc6ac26bbc90@group-A04E320CF844-LeaderElection4] INFO  server.RaftServer$Division (ServerState.java:setRaftConf(434)) - 54bd6e84-2e53-4956-b446-cc6ac26bbc90@group-A04E320CF844: set configuration 0: peers:[54bd6e84-2e53-4956-b446-cc6ac26bbc90|rpc:10.1.0.9:15023|admin:10.1.0.9:15022|client:10.1.0.9:15021|dataStream:10.1.0.9:15024|priority:1|startupRole:FOLLOWER]|listeners:[], old=null
2023-11-17 09:55:42,384 [main] INFO  ozone.MiniOzoneClusterImpl (MiniOzoneClusterImpl.java:lambda$waitForClusterToBeReady$0(229)) - Nodes are ready. Got 10 of 10 DN Heartbeats.
2023-11-17 09:55:42,384 [main] INFO  ozone.MiniOzoneClusterImpl (MiniOzoneClusterImpl.java:lambda$waitForClusterToBeReady$0(232)) - Waiting for cluster to exit safe mode
2023-11-17 09:55:42,384 [main] INFO  ozone.MiniOzoneClusterImpl (MiniOzoneClusterImpl.java:lambda$waitForClusterToBeReady$0(234)) - SCM became leader
2023-11-17 09:55:42,527 [652b82d9-1846-44d1-8352-7bf3439ad078@group-196F7C4343A2-FollowerState] INFO  impl.FollowerState (FollowerState.java:run(143)) - 652b82d9-1846-44d1-8352-7bf3439ad078@group-196F7C4343A2-FollowerState: change to CANDIDATE, lastRpcElapsedTime:5083659918ns, electionTimeout:5073ms
2023-11-17 09:55:42,527 [652b82d9-1846-44d1-8352-7bf3439ad078@group-196F7C4343A2-FollowerState] INFO  impl.RoleInfo (RoleInfo.java:shutdownFollowerState(110)) - 652b82d9-1846-44d1-8352-7bf3439ad078: shutdown 652b82d9-1846-44d1-8352-7bf3439ad078@group-196F7C4343A2-FollowerState
2023-11-17 09:55:42,528 [652b82d9-1846-44d1-8352-7bf3439ad078@group-196F7C4343A2-FollowerState] INFO  server.RaftServer$Division (RaftServerImpl.java:setRole(329)) - 652b82d9-1846-44d1-8352-7bf3439ad078@group-196F7C4343A2: changes role from  FOLLOWER to CANDIDATE at term 0 for changeToCandidate
2023-11-17 09:55:42,528 [652b82d9-1846-44d1-8352-7bf3439ad078@group-196F7C4343A2-FollowerState] INFO  server.RaftServerConfigKeys (ConfUtils.java:logGet(46)) - raft.server.leaderelection.pre-vote = true (default)
2023-11-17 09:55:42,528 [652b82d9-1846-44d1-8352-7bf3439ad078@group-196F7C4343A2-FollowerState] INFO  impl.RoleInfo (RoleInfo.java:updateAndGet(139)) - 652b82d9-1846-44d1-8352-7bf3439ad078: start 652b82d9-1846-44d1-8352-7bf3439ad078@group-196F7C4343A2-LeaderElection5
2023-11-17 09:55:42,529 [652b82d9-1846-44d1-8352-7bf3439ad078@group-196F7C4343A2-LeaderElection5] INFO  impl.LeaderElection (LeaderElection.java:askForVotes(321)) - 652b82d9-1846-44d1-8352-7bf3439ad078@group-196F7C4343A2-LeaderElection5 PRE_VOTE round 0: submit vote requests at term 0 for -1: peers:[652b82d9-1846-44d1-8352-7bf3439ad078|rpc:10.1.0.9:15032|admin:10.1.0.9:15031|client:10.1.0.9:15030|dataStream:10.1.0.9:15033|priority:1|startupRole:FOLLOWER, 54bd6e84-2e53-4956-b446-cc6ac26bbc90|rpc:10.1.0.9:15023|admin:10.1.0.9:15022|client:10.1.0.9:15021|dataStream:10.1.0.9:15024|priority:0|startupRole:FOLLOWER, 3f7ce36a-008a-4440-b2ee-16e9e4e5a9e8|rpc:10.1.0.9:15014|admin:10.1.0.9:15013|client:10.1.0.9:15012|dataStream:10.1.0.9:15015|priority:0|startupRole:FOLLOWER]|listeners:[], old=null
2023-11-17 09:55:42,530 [652b82d9-1846-44d1-8352-7bf3439ad078@group-196F7C4343A2-LeaderElection5] INFO  server.RaftServerConfigKeys (ConfUtils.java:logFallback(53)) - raft.server.rpc.first-election.timeout.min = 5s (fallback to raft.server.rpc.timeout.min)
2023-11-17 09:55:42,530 [652b82d9-1846-44d1-8352-7bf3439ad078@group-196F7C4343A2-LeaderElection5-2] INFO  server.GrpcServerProtocolClient (GrpcServerProtocolClient.java:<init>(65)) - Build channel for 3f7ce36a-008a-4440-b2ee-16e9e4e5a9e8
2023-11-17 09:55:42,530 [652b82d9-1846-44d1-8352-7bf3439ad078@group-196F7C4343A2-LeaderElection5-1] INFO  server.GrpcServerProtocolClient (GrpcServerProtocolClient.java:<init>(65)) - Build channel for 54bd6e84-2e53-4956-b446-cc6ac26bbc90
2023-11-17 09:55:42,530 [652b82d9-1846-44d1-8352-7bf3439ad078@group-196F7C4343A2-LeaderElection5] INFO  server.RaftServerConfigKeys (ConfUtils.java:logFallback(53)) - raft.server.rpc.first-election.timeout.max = 5200ms (fallback to raft.server.rpc.timeout.max)
2023-11-17 09:55:42,537 [grpc-default-executor-2] INFO  server.RaftServer$Division (RaftServerImpl.java:requestVote(1302)) - 3f7ce36a-008a-4440-b2ee-16e9e4e5a9e8@group-196F7C4343A2: receive requestVote(PRE_VOTE, 652b82d9-1846-44d1-8352-7bf3439ad078, group-196F7C4343A2, 0, (t:0, i:0))
2023-11-17 09:55:42,538 [grpc-default-executor-2] INFO  impl.VoteContext (VoteContext.java:log(49)) - 3f7ce36a-008a-4440-b2ee-16e9e4e5a9e8@group-196F7C4343A2-FOLLOWER: accept PRE_VOTE from 652b82d9-1846-44d1-8352-7bf3439ad078: our priority 0 <= candidate's priority 1
2023-11-17 09:55:42,538 [grpc-default-executor-2] INFO  server.RaftServer$Division (RaftServerImpl.java:requestVote(1335)) - 3f7ce36a-008a-4440-b2ee-16e9e4e5a9e8@group-196F7C4343A2 replies to PRE_VOTE vote request: 652b82d9-1846-44d1-8352-7bf3439ad078<-3f7ce36a-008a-4440-b2ee-16e9e4e5a9e8#0:OK-t0. Peer's state: 3f7ce36a-008a-4440-b2ee-16e9e4e5a9e8@group-196F7C4343A2:t0, leader=null, voted=, raftlog=Memoized:3f7ce36a-008a-4440-b2ee-16e9e4e5a9e8@group-196F7C4343A2-SegmentedRaftLog:OPENED:c-1, conf=-1: peers:[652b82d9-1846-44d1-8352-7bf3439ad078|rpc:10.1.0.9:15032|admin:10.1.0.9:15031|client:10.1.0.9:15030|dataStream:10.1.0.9:15033|priority:1|startupRole:FOLLOWER, 54bd6e84-2e53-4956-b446-cc6ac26bbc90|rpc:10.1.0.9:15023|admin:10.1.0.9:15022|client:10.1.0.9:15021|dataStream:10.1.0.9:15024|priority:0|startupRole:FOLLOWER, 3f7ce36a-008a-4440-b2ee-16e9e4e5a9e8|rpc:10.1.0.9:15014|admin:10.1.0.9:15013|client:10.1.0.9:15012|dataStream:10.1.0.9:15015|priority:0|startupRole:FOLLOWER]|listeners:[], old=null
2023-11-17 09:55:42,540 [grpc-default-executor-2] INFO  server.RaftServer$Division (RaftServerImpl.java:requestVote(1302)) - 54bd6e84-2e53-4956-b446-cc6ac26bbc90@group-196F7C4343A2: receive requestVote(PRE_VOTE, 652b82d9-1846-44d1-8352-7bf3439ad078, group-196F7C4343A2, 0, (t:0, i:0))
2023-11-17 09:55:42,541 [grpc-default-executor-2] INFO  impl.VoteContext (VoteContext.java:log(49)) - 54bd6e84-2e53-4956-b446-cc6ac26bbc90@group-196F7C4343A2-FOLLOWER: accept PRE_VOTE from 652b82d9-1846-44d1-8352-7bf3439ad078: our priority 0 <= candidate's priority 1
2023-11-17 09:55:42,541 [grpc-default-executor-2] INFO  server.RaftServer$Division (RaftServerImpl.java:requestVote(1335)) - 54bd6e84-2e53-4956-b446-cc6ac26bbc90@group-196F7C4343A2 replies to PRE_VOTE vote request: 652b82d9-1846-44d1-8352-7bf3439ad078<-54bd6e84-2e53-4956-b446-cc6ac26bbc90#0:OK-t0. Peer's state: 54bd6e84-2e53-4956-b446-cc6ac26bbc90@group-196F7C4343A2:t0, leader=null, voted=, raftlog=Memoized:54bd6e84-2e53-4956-b446-cc6ac26bbc90@group-196F7C4343A2-SegmentedRaftLog:OPENED:c-1, conf=-1: peers:[652b82d9-1846-44d1-8352-7bf3439ad078|rpc:10.1.0.9:15032|admin:10.1.0.9:15031|client:10.1.0.9:15030|dataStream:10.1.0.9:15033|priority:1|startupRole:FOLLOWER, 54bd6e84-2e53-4956-b446-cc6ac26bbc90|rpc:10.1.0.9:15023|admin:10.1.0.9:15022|client:10.1.0.9:15021|dataStream:10.1.0.9:15024|priority:0|startupRole:FOLLOWER, 3f7ce36a-008a-4440-b2ee-16e9e4e5a9e8|rpc:10.1.0.9:15014|admin:10.1.0.9:15013|client:10.1.0.9:15012|dataStream:10.1.0.9:15015|priority:0|startupRole:FOLLOWER]|listeners:[], old=null
2023-11-17 09:55:42,544 [652b82d9-1846-44d1-8352-7bf3439ad078@group-196F7C4343A2-LeaderElection5] INFO  impl.LeaderElection (LeaderElection.java:logAndReturn(90)) - 652b82d9-1846-44d1-8352-7bf3439ad078@group-196F7C4343A2-LeaderElection5: PRE_VOTE PASSED received 1 response(s) and 0 exception(s):
2023-11-17 09:55:42,544 [652b82d9-1846-44d1-8352-7bf3439ad078@group-196F7C4343A2-LeaderElection5] INFO  impl.LeaderElection (LeaderElection.java:logAndReturn(94)) -   Response 0: 652b82d9-1846-44d1-8352-7bf3439ad078<-54bd6e84-2e53-4956-b446-cc6ac26bbc90#0:OK-t0
2023-11-17 09:55:42,544 [652b82d9-1846-44d1-8352-7bf3439ad078@group-196F7C4343A2-LeaderElection5] INFO  impl.LeaderElection (LeaderElection.java:askForVotes(323)) - 652b82d9-1846-44d1-8352-7bf3439ad078@group-196F7C4343A2-LeaderElection5 PRE_VOTE round 0: result PASSED
2023-11-17 09:55:42,547 [652b82d9-1846-44d1-8352-7bf3439ad078@group-196F7C4343A2-LeaderElection5] INFO  impl.LeaderElection (LeaderElection.java:askForVotes(321)) - 652b82d9-1846-44d1-8352-7bf3439ad078@group-196F7C4343A2-LeaderElection5 ELECTION round 0: submit vote requests at term 1 for -1: peers:[652b82d9-1846-44d1-8352-7bf3439ad078|rpc:10.1.0.9:15032|admin:10.1.0.9:15031|client:10.1.0.9:15030|dataStream:10.1.0.9:15033|priority:1|startupRole:FOLLOWER, 54bd6e84-2e53-4956-b446-cc6ac26bbc90|rpc:10.1.0.9:15023|admin:10.1.0.9:15022|client:10.1.0.9:15021|dataStream:10.1.0.9:15024|priority:0|startupRole:FOLLOWER, 3f7ce36a-008a-4440-b2ee-16e9e4e5a9e8|rpc:10.1.0.9:15014|admin:10.1.0.9:15013|client:10.1.0.9:15012|dataStream:10.1.0.9:15015|priority:0|startupRole:FOLLOWER]|listeners:[], old=null
2023-11-17 09:55:42,547 [652b82d9-1846-44d1-8352-7bf3439ad078@group-196F7C4343A2-LeaderElection5] INFO  server.RaftServerConfigKeys (ConfUtils.java:logFallback(53)) - raft.server.rpc.first-election.timeout.min = 5s (fallback to raft.server.rpc.timeout.min)
2023-11-17 09:55:42,547 [652b82d9-1846-44d1-8352-7bf3439ad078@group-196F7C4343A2-LeaderElection5] INFO  server.RaftServerConfigKeys (ConfUtils.java:logFallback(53)) - raft.server.rpc.first-election.timeout.max = 5200ms (fallback to raft.server.rpc.timeout.max)
2023-11-17 09:55:42,550 [grpc-default-executor-2] INFO  server.RaftServer$Division (RaftServerImpl.java:requestVote(1302)) - 54bd6e84-2e53-4956-b446-cc6ac26bbc90@group-196F7C4343A2: receive requestVote(ELECTION, 652b82d9-1846-44d1-8352-7bf3439ad078, group-196F7C4343A2, 1, (t:0, i:0))
2023-11-17 09:55:42,550 [grpc-default-executor-2] INFO  impl.VoteContext (VoteContext.java:log(49)) - 54bd6e84-2e53-4956-b446-cc6ac26bbc90@group-196F7C4343A2-FOLLOWER: accept ELECTION from 652b82d9-1846-44d1-8352-7bf3439ad078: our priority 0 <= candidate's priority 1
2023-11-17 09:55:42,550 [grpc-default-executor-2] INFO  server.RaftServer$Division (RaftServerImpl.java:setRole(329)) - 54bd6e84-2e53-4956-b446-cc6ac26bbc90@group-196F7C4343A2: changes role from  FOLLOWER to FOLLOWER at term 1 for candidate:652b82d9-1846-44d1-8352-7bf3439ad078
2023-11-17 09:55:42,550 [grpc-default-executor-2] INFO  impl.RoleInfo (RoleInfo.java:shutdownFollowerState(110)) - 54bd6e84-2e53-4956-b446-cc6ac26bbc90: shutdown 54bd6e84-2e53-4956-b446-cc6ac26bbc90@group-196F7C4343A2-FollowerState
2023-11-17 09:55:42,551 [54bd6e84-2e53-4956-b446-cc6ac26bbc90@group-196F7C4343A2-FollowerState] INFO  impl.FollowerState (FollowerState.java:run(152)) - 54bd6e84-2e53-4956-b446-cc6ac26bbc90@group-196F7C4343A2-FollowerState was interrupted
2023-11-17 09:55:42,551 [grpc-default-executor-2] INFO  impl.RoleInfo (RoleInfo.java:updateAndGet(139)) - 54bd6e84-2e53-4956-b446-cc6ac26bbc90: start 54bd6e84-2e53-4956-b446-cc6ac26bbc90@group-196F7C4343A2-FollowerState
2023-11-17 09:55:42,551 [grpc-default-executor-0] INFO  server.RaftServer$Division (RaftServerImpl.java:requestVote(1302)) - 3f7ce36a-008a-4440-b2ee-16e9e4e5a9e8@group-196F7C4343A2: receive requestVote(ELECTION, 652b82d9-1846-44d1-8352-7bf3439ad078, group-196F7C4343A2, 1, (t:0, i:0))
2023-11-17 09:55:42,552 [grpc-default-executor-0] INFO  impl.VoteContext (VoteContext.java:log(49)) - 3f7ce36a-008a-4440-b2ee-16e9e4e5a9e8@group-196F7C4343A2-FOLLOWER: accept ELECTION from 652b82d9-1846-44d1-8352-7bf3439ad078: our priority 0 <= candidate's priority 1
2023-11-17 09:55:42,552 [grpc-default-executor-0] INFO  server.RaftServer$Division (RaftServerImpl.java:setRole(329)) - 3f7ce36a-008a-4440-b2ee-16e9e4e5a9e8@group-196F7C4343A2: changes role from  FOLLOWER to FOLLOWER at term 1 for candidate:652b82d9-1846-44d1-8352-7bf3439ad078
2023-11-17 09:55:42,552 [grpc-default-executor-0] INFO  impl.RoleInfo (RoleInfo.java:shutdownFollowerState(110)) - 3f7ce36a-008a-4440-b2ee-16e9e4e5a9e8: shutdown 3f7ce36a-008a-4440-b2ee-16e9e4e5a9e8@group-196F7C4343A2-FollowerState
2023-11-17 09:55:42,552 [grpc-default-executor-0] INFO  impl.RoleInfo (RoleInfo.java:updateAndGet(139)) - 3f7ce36a-008a-4440-b2ee-16e9e4e5a9e8: start 3f7ce36a-008a-4440-b2ee-16e9e4e5a9e8@group-196F7C4343A2-FollowerState
2023-11-17 09:55:42,552 [3f7ce36a-008a-4440-b2ee-16e9e4e5a9e8@group-196F7C4343A2-FollowerState] INFO  impl.FollowerState (FollowerState.java:run(152)) - 3f7ce36a-008a-4440-b2ee-16e9e4e5a9e8@group-196F7C4343A2-FollowerState was interrupted
2023-11-17 09:55:42,557 [grpc-default-executor-2] INFO  server.RaftServer$Division (RaftServerImpl.java:requestVote(1335)) - 54bd6e84-2e53-4956-b446-cc6ac26bbc90@group-196F7C4343A2 replies to ELECTION vote request: 652b82d9-1846-44d1-8352-7bf3439ad078<-54bd6e84-2e53-4956-b446-cc6ac26bbc90#0:OK-t1. Peer's state: 54bd6e84-2e53-4956-b446-cc6ac26bbc90@group-196F7C4343A2:t1, leader=null, voted=652b82d9-1846-44d1-8352-7bf3439ad078, raftlog=Memoized:54bd6e84-2e53-4956-b446-cc6ac26bbc90@group-196F7C4343A2-SegmentedRaftLog:OPENED:c-1, conf=-1: peers:[652b82d9-1846-44d1-8352-7bf3439ad078|rpc:10.1.0.9:15032|admin:10.1.0.9:15031|client:10.1.0.9:15030|dataStream:10.1.0.9:15033|priority:1|startupRole:FOLLOWER, 54bd6e84-2e53-4956-b446-cc6ac26bbc90|rpc:10.1.0.9:15023|admin:10.1.0.9:15022|client:10.1.0.9:15021|dataStream:10.1.0.9:15024|priority:0|startupRole:FOLLOWER, 3f7ce36a-008a-4440-b2ee-16e9e4e5a9e8|rpc:10.1.0.9:15014|admin:10.1.0.9:15013|client:10.1.0.9:15012|dataStream:10.1.0.9:15015|priority:0|startupRole:FOLLOWER]|listeners:[], old=null
2023-11-17 09:55:42,558 [grpc-default-executor-0] INFO  server.RaftServer$Division (RaftServerImpl.java:requestVote(1335)) - 3f7ce36a-008a-4440-b2ee-16e9e4e5a9e8@group-196F7C4343A2 replies to ELECTION vote request: 652b82d9-1846-44d1-8352-7bf3439ad078<-3f7ce36a-008a-4440-b2ee-16e9e4e5a9e8#0:OK-t1. Peer's state: 3f7ce36a-008a-4440-b2ee-16e9e4e5a9e8@group-196F7C4343A2:t1, leader=null, voted=652b82d9-1846-44d1-8352-7bf3439ad078, raftlog=Memoized:3f7ce36a-008a-4440-b2ee-16e9e4e5a9e8@group-196F7C4343A2-SegmentedRaftLog:OPENED:c-1, conf=-1: peers:[652b82d9-1846-44d1-8352-7bf3439ad078|rpc:10.1.0.9:15032|admin:10.1.0.9:15031|client:10.1.0.9:15030|dataStream:10.1.0.9:15033|priority:1|startupRole:FOLLOWER, 54bd6e84-2e53-4956-b446-cc6ac26bbc90|rpc:10.1.0.9:15023|admin:10.1.0.9:15022|client:10.1.0.9:15021|dataStream:10.1.0.9:15024|priority:0|startupRole:FOLLOWER, 3f7ce36a-008a-4440-b2ee-16e9e4e5a9e8|rpc:10.1.0.9:15014|admin:10.1.0.9:15013|client:10.1.0.9:15012|dataStream:10.1.0.9:15015|priority:0|startupRole:FOLLOWER]|listeners:[], old=null
2023-11-17 09:55:42,558 [652b82d9-1846-44d1-8352-7bf3439ad078@group-196F7C4343A2-LeaderElection5] INFO  impl.LeaderElection (LeaderElection.java:logAndReturn(90)) - 652b82d9-1846-44d1-8352-7bf3439ad078@group-196F7C4343A2-LeaderElection5: ELECTION PASSED received 1 response(s) and 0 exception(s):
2023-11-17 09:55:42,558 [652b82d9-1846-44d1-8352-7bf3439ad078@group-196F7C4343A2-LeaderElection5] INFO  impl.LeaderElection (LeaderElection.java:logAndReturn(94)) -   Response 0: 652b82d9-1846-44d1-8352-7bf3439ad078<-54bd6e84-2e53-4956-b446-cc6ac26bbc90#0:OK-t1
2023-11-17 09:55:42,558 [652b82d9-1846-44d1-8352-7bf3439ad078@group-196F7C4343A2-LeaderElection5] INFO  impl.LeaderElection (LeaderElection.java:askForVotes(323)) - 652b82d9-1846-44d1-8352-7bf3439ad078@group-196F7C4343A2-LeaderElection5 ELECTION round 0: result PASSED
2023-11-17 09:55:42,558 [652b82d9-1846-44d1-8352-7bf3439ad078@group-196F7C4343A2-LeaderElection5] INFO  impl.RoleInfo (RoleInfo.java:shutdownLeaderElection(130)) - 652b82d9-1846-44d1-8352-7bf3439ad078: shutdown 652b82d9-1846-44d1-8352-7bf3439ad078@group-196F7C4343A2-LeaderElection5
2023-11-17 09:55:42,558 [652b82d9-1846-44d1-8352-7bf3439ad078@group-196F7C4343A2-LeaderElection5] INFO  server.RaftServer$Division (RaftServerImpl.java:setRole(329)) - 652b82d9-1846-44d1-8352-7bf3439ad078@group-196F7C4343A2: changes role from CANDIDATE to LEADER at term 1 for changeToLeader
2023-11-17 09:55:42,558 [652b82d9-1846-44d1-8352-7bf3439ad078@group-196F7C4343A2-LeaderElection5] INFO  ratis.XceiverServerRatis (XceiverServerRatis.java:handleLeaderChangedNotification(903)) - Leader change notification received for group: group-196F7C4343A2 with new leaderId: 652b82d9-1846-44d1-8352-7bf3439ad078
2023-11-17 09:55:42,559 [652b82d9-1846-44d1-8352-7bf3439ad078@group-196F7C4343A2-LeaderElection5] INFO  server.RaftServer$Division (ServerState.java:setLeader(317)) - 652b82d9-1846-44d1-8352-7bf3439ad078@group-196F7C4343A2: change Leader from null to 652b82d9-1846-44d1-8352-7bf3439ad078 at term 1 for becomeLeader, leader elected after 5139ms
2023-11-17 09:55:42,559 [652b82d9-1846-44d1-8352-7bf3439ad078@group-196F7C4343A2-LeaderElection5] INFO  server.RaftServerConfigKeys (ConfUtils.java:logGet(46)) - raft.server.staging.catchup.gap = 1000 (default)
2023-11-17 09:55:42,559 [652b82d9-1846-44d1-8352-7bf3439ad078@group-196F7C4343A2-LeaderElection5] INFO  server.RaftServerConfigKeys (ConfUtils.java:logGet(46)) - raft.server.write.element-limit = 1024 (custom)
2023-11-17 09:55:42,559 [652b82d9-1846-44d1-8352-7bf3439ad078@group-196F7C4343A2-LeaderElection5] INFO  server.RaftServerConfigKeys (ConfUtils.java:logGet(46)) - raft.server.write.byte-limit = 1024 M (=1073741824) (custom)
2023-11-17 09:55:42,559 [652b82d9-1846-44d1-8352-7bf3439ad078@group-196F7C4343A2-LeaderElection5] INFO  server.RaftServerConfigKeys (ConfUtils.java:logGet(46)) - raft.server.watch.timeout = 180s (custom)
2023-11-17 09:55:42,559 [652b82d9-1846-44d1-8352-7bf3439ad078@group-196F7C4343A2-LeaderElection5] INFO  server.RaftServerConfigKeys (ConfUtils.java:logGet(46)) - raft.server.watch.timeout.denomination = 1s (default)
2023-11-17 09:55:42,559 [652b82d9-1846-44d1-8352-7bf3439ad078@group-196F7C4343A2-LeaderElection5] INFO  server.RaftServerConfigKeys (ConfUtils.java:logGet(46)) - raft.server.watch.element-limit = 65536 (default)
2023-11-17 09:55:42,559 [652b82d9-1846-44d1-8352-7bf3439ad078@group-196F7C4343A2-LeaderElection5] INFO  server.RaftServerConfigKeys (ConfUtils.java:logGet(46)) - raft.server.write.element-limit = 1024 (custom)
2023-11-17 09:55:42,560 [652b82d9-1846-44d1-8352-7bf3439ad078@group-196F7C4343A2-LeaderElection5] INFO  server.RaftServerConfigKeys (ConfUtils.java:logGet(46)) - raft.server.write.follower.gap.ratio.max = -1.0 (default)
2023-11-17 09:55:42,561 [EventQueue-OpenPipelineForHealthyPipelineSafeModeRule] INFO  safemode.SCMSafeModeManager (HealthyPipelineSafeModeRule.java:process(137)) - SCM in safe mode. Healthy pipelines reported count is 0, required healthy pipeline reported count is 1
2023-11-17 09:55:42,562 [EventQueue-PipelineReportForPipelineReportHandler] INFO  pipeline.PipelineReportHandler (PipelineReportHandler.java:processPipelineReport(136)) - Opened pipeline PipelineID=e595b643-de06-4363-82b2-196f7c4343a2
2023-11-17 09:55:42,562 [EventQueue-OpenPipelineForHealthyPipelineSafeModeRule] INFO  safemode.SCMSafeModeManager (HealthyPipelineSafeModeRule.java:process(137)) - SCM in safe mode. Healthy pipelines reported count is 1, required healthy pipeline reported count is 1
2023-11-17 09:55:42,562 [EventQueue-OpenPipelineForHealthyPipelineSafeModeRule] INFO  safemode.SCMSafeModeManager (SCMSafeModeManager.java:validateSafeModeExitRules(200)) - HealthyPipelineSafeModeRule rule is successfully validated
2023-11-17 09:55:42,562 [EventQueue-OpenPipelineForHealthyPipelineSafeModeRule] INFO  safemode.SCMSafeModeManager (SCMSafeModeManager.java:validateSafeModeExitRules(215)) - ScmSafeModeManager, all rules are successfully validated
2023-11-17 09:55:42,562 [EventQueue-OpenPipelineForHealthyPipelineSafeModeRule] INFO  safemode.SCMSafeModeManager (SCMSafeModeManager.java:exitSafeMode(244)) - SCM exiting safe mode.
2023-11-17 09:55:42,562 [EventQueue-OpenPipelineForHealthyPipelineSafeModeRule] INFO  ha.SCMContext (SCMContext.java:updateSafeModeStatus(230)) - Update SafeModeStatus from SafeModeStatus{safeModeStatus=true, preCheckPassed=true} to SafeModeStatus{safeModeStatus=false, preCheckPassed=true}.
2023-11-17 09:55:42,565 [EventQueue-OpenPipelineForHealthyPipelineSafeModeRule] INFO  pipeline.BackgroundPipelineCreator (BackgroundPipelineCreator.java:notifyStatusChanged(258)) - Service BackgroundPipelineCreator transitions to RUNNING.
2023-11-17 09:55:42,565 [EventQueue-OpenPipelineForHealthyPipelineSafeModeRule] INFO  BackgroundPipelineScrubber (BackgroundSCMService.java:notifyStatusChanged(82)) - Service BackgroundPipelineScrubber transitions to RUNNING.
2023-11-17 09:55:42,565 [EventQueue-OpenPipelineForHealthyPipelineSafeModeRule] INFO  ExpiredContainerReplicaOpScrubber (BackgroundSCMService.java:notifyStatusChanged(82)) - Service ExpiredContainerReplicaOpScrubber transitions to RUNNING.
2023-11-17 09:55:42,565 [EventQueue-OpenPipelineForHealthyPipelineSafeModeRule] INFO  replication.ReplicationManager (ReplicationManager.java:notifyStatusChanged(1370)) - Service ReplicationManager transitions to RUNNING.
2023-11-17 09:55:42,571 [EventQueue-OpenPipelineForHealthyPipelineSafeModeRule] WARN  balancer.ContainerBalancer (ContainerBalancer.java:shouldRun(134)) - Could not find persisted configuration for ContainerBalancer when checking if ContainerBalancer should run. ContainerBalancer should not run now.
2023-11-17 09:55:42,572 [652b82d9-1846-44d1-8352-7bf3439ad078@group-196F7C4343A2-LeaderElection5] INFO  server.RaftServerConfigKeys (ConfUtils.java:logGet(46)) - raft.server.log.appender.snapshot.chunk.size.max = 16MB (=16777216) (default)
2023-11-17 09:55:42,572 [652b82d9-1846-44d1-8352-7bf3439ad078@group-196F7C4343A2-LeaderElection5] INFO  server.RaftServerConfigKeys (ConfUtils.java:logGet(46)) - raft.server.log.appender.buffer.byte-limit = 33554432 (custom)
2023-11-17 09:55:42,573 [652b82d9-1846-44d1-8352-7bf3439ad078@group-196F7C4343A2-LeaderElection5] INFO  server.RaftServerConfigKeys (ConfUtils.java:logGet(46)) - raft.server.log.appender.buffer.element-limit = 1 (custom)
2023-11-17 09:55:42,574 [652b82d9-1846-44d1-8352-7bf3439ad078@group-196F7C4343A2-LeaderElection5] INFO  server.RaftServerConfigKeys (ConfUtils.java:logGet(46)) - raft.server.log.appender.wait-time.min = 1ms (custom)
2023-11-17 09:55:42,574 [652b82d9-1846-44d1-8352-7bf3439ad078@group-CF9465AD8ED7-FollowerState] INFO  impl.FollowerState (FollowerState.java:run(143)) - 652b82d9-1846-44d1-8352-7bf3439ad078@group-CF9465AD8ED7-FollowerState: change to CANDIDATE, lastRpcElapsedTime:5160496518ns, electionTimeout:5160ms
2023-11-17 09:55:42,575 [652b82d9-1846-44d1-8352-7bf3439ad078@group-CF9465AD8ED7-FollowerState] INFO  impl.RoleInfo (RoleInfo.java:shutdownFollowerState(110)) - 652b82d9-1846-44d1-8352-7bf3439ad078: shutdown 652b82d9-1846-44d1-8352-7bf3439ad078@group-CF9465AD8ED7-FollowerState
2023-11-17 09:55:42,575 [652b82d9-1846-44d1-8352-7bf3439ad078@group-CF9465AD8ED7-FollowerState] INFO  server.RaftServer$Division (RaftServerImpl.java:setRole(329)) - 652b82d9-1846-44d1-8352-7bf3439ad078@group-CF9465AD8ED7: changes role from  FOLLOWER to CANDIDATE at term 0 for changeToCandidate
2023-11-17 09:55:42,575 [652b82d9-1846-44d1-8352-7bf3439ad078@group-CF9465AD8ED7-FollowerState] INFO  server.RaftServerConfigKeys (ConfUtils.java:logGet(46)) - raft.server.leaderelection.pre-vote = true (default)
2023-11-17 09:55:42,575 [652b82d9-1846-44d1-8352-7bf3439ad078@group-CF9465AD8ED7-FollowerState] INFO  impl.RoleInfo (RoleInfo.java:updateAndGet(139)) - 652b82d9-1846-44d1-8352-7bf3439ad078: start 652b82d9-1846-44d1-8352-7bf3439ad078@group-CF9465AD8ED7-LeaderElection6
2023-11-17 09:55:42,576 [652b82d9-1846-44d1-8352-7bf3439ad078@group-196F7C4343A2-LeaderElection5] INFO  grpc.GrpcConfigKeys (ConfUtils.java:logGet(46)) - raft.grpc.server.leader.outstanding.appends.max = 128 (default)
2023-11-17 09:55:42,576 [652b82d9-1846-44d1-8352-7bf3439ad078@group-196F7C4343A2-LeaderElection5] INFO  server.RaftServerConfigKeys (ConfUtils.java:logGet(46)) - raft.server.rpc.request.timeout = 60s (custom)
2023-11-17 09:55:42,576 [2a883bf7-e5b8-4bdb-a368-a41799101186@group-1CE4E83622FE-FollowerState] INFO  impl.FollowerState (FollowerState.java:run(143)) - 2a883bf7-e5b8-4bdb-a368-a41799101186@group-1CE4E83622FE-FollowerState: change to CANDIDATE, lastRpcElapsedTime:5042855952ns, electionTimeout:5040ms
2023-11-17 09:55:42,576 [2a883bf7-e5b8-4bdb-a368-a41799101186@group-1CE4E83622FE-FollowerState] INFO  impl.RoleInfo (RoleInfo.java:shutdownFollowerState(110)) - 2a883bf7-e5b8-4bdb-a368-a41799101186: shutdown 2a883bf7-e5b8-4bdb-a368-a41799101186@group-1CE4E83622FE-FollowerState
2023-11-17 09:55:42,576 [652b82d9-1846-44d1-8352-7bf3439ad078@group-196F7C4343A2-LeaderElection5] INFO  grpc.GrpcConfigKeys (ConfUtils.java:logGet(46)) - raft.grpc.server.install_snapshot.request.element-limit = 8 (default)
2023-11-17 09:55:42,577 [2a883bf7-e5b8-4bdb-a368-a41799101186@group-1CE4E83622FE-FollowerState] INFO  server.RaftServer$Division (RaftServerImpl.java:setRole(329)) - 2a883bf7-e5b8-4bdb-a368-a41799101186@group-1CE4E83622FE: changes role from  FOLLOWER to CANDIDATE at term 0 for changeToCandidate
2023-11-17 09:55:42,582 [2a883bf7-e5b8-4bdb-a368-a41799101186@group-1CE4E83622FE-FollowerState] INFO  server.RaftServerConfigKeys (ConfUtils.java:logGet(46)) - raft.server.leaderelection.pre-vote = true (default)
2023-11-17 09:55:42,582 [2a883bf7-e5b8-4bdb-a368-a41799101186@group-1CE4E83622FE-FollowerState] INFO  impl.RoleInfo (RoleInfo.java:updateAndGet(139)) - 2a883bf7-e5b8-4bdb-a368-a41799101186: start 2a883bf7-e5b8-4bdb-a368-a41799101186@group-1CE4E83622FE-LeaderElection7
2023-11-17 09:55:42,582 [652b82d9-1846-44d1-8352-7bf3439ad078@group-196F7C4343A2-LeaderElection5] INFO  grpc.GrpcConfigKeys (ConfUtils.java:logGet(46)) - raft.grpc.server.install_snapshot.request.timeout = 3000ms (default)
2023-11-17 09:55:42,584 [652b82d9-1846-44d1-8352-7bf3439ad078@group-CF9465AD8ED7-LeaderElection6] INFO  impl.LeaderElection (LeaderElection.java:askForVotes(321)) - 652b82d9-1846-44d1-8352-7bf3439ad078@group-CF9465AD8ED7-LeaderElection6 PRE_VOTE round 0: submit vote requests at term 0 for -1: peers:[652b82d9-1846-44d1-8352-7bf3439ad078|rpc:10.1.0.9:15032|admin:10.1.0.9:15031|client:10.1.0.9:15030|dataStream:10.1.0.9:15033|priority:1|startupRole:FOLLOWER]|listeners:[], old=null
2023-11-17 09:55:42,584 [652b82d9-1846-44d1-8352-7bf3439ad078@group-196F7C4343A2-LeaderElection5] INFO  server.RaftServerConfigKeys (ConfUtils.java:logGet(46)) - raft.server.log.appender.install.snapshot.enabled = false (custom)
2023-11-17 09:55:42,584 [652b82d9-1846-44d1-8352-7bf3439ad078@group-196F7C4343A2-LeaderElection5] INFO  grpc.GrpcConfigKeys (ConfUtils.java:logGet(46)) - raft.grpc.server.heartbeat.channel = true (default)
2023-11-17 09:55:42,584 [652b82d9-1846-44d1-8352-7bf3439ad078@group-CF9465AD8ED7-LeaderElection6] INFO  impl.LeaderElection (LeaderElection.java:askForVotes(323)) - 652b82d9-1846-44d1-8352-7bf3439ad078@group-CF9465AD8ED7-LeaderElection6 PRE_VOTE round 0: result PASSED (term=0)
2023-11-17 09:55:42,585 [2a883bf7-e5b8-4bdb-a368-a41799101186@group-1CE4E83622FE-LeaderElection7] INFO  impl.LeaderElection (LeaderElection.java:askForVotes(321)) - 2a883bf7-e5b8-4bdb-a368-a41799101186@group-1CE4E83622FE-LeaderElection7 PRE_VOTE round 0: submit vote requests at term 0 for -1: peers:[2a883bf7-e5b8-4bdb-a368-a41799101186|rpc:10.1.0.9:15041|admin:10.1.0.9:15040|client:10.1.0.9:15039|dataStream:10.1.0.9:15042|priority:1|startupRole:FOLLOWER]|listeners:[], old=null
2023-11-17 09:55:42,585 [2a883bf7-e5b8-4bdb-a368-a41799101186@group-1CE4E83622FE-LeaderElection7] INFO  impl.LeaderElection (LeaderElection.java:askForVotes(323)) - 2a883bf7-e5b8-4bdb-a368-a41799101186@group-1CE4E83622FE-LeaderElection7 PRE_VOTE round 0: result PASSED (term=0)
2023-11-17 09:55:42,586 [652b82d9-1846-44d1-8352-7bf3439ad078@group-CF9465AD8ED7-LeaderElection6] INFO  impl.LeaderElection (LeaderElection.java:askForVotes(321)) - 652b82d9-1846-44d1-8352-7bf3439ad078@group-CF9465AD8ED7-LeaderElection6 ELECTION round 0: submit vote requests at term 1 for -1: peers:[652b82d9-1846-44d1-8352-7bf3439ad078|rpc:10.1.0.9:15032|admin:10.1.0.9:15031|client:10.1.0.9:15030|dataStream:10.1.0.9:15033|priority:1|startupRole:FOLLOWER]|listeners:[], old=null
2023-11-17 09:55:42,586 [652b82d9-1846-44d1-8352-7bf3439ad078@group-CF9465AD8ED7-LeaderElection6] INFO  impl.LeaderElection (LeaderElection.java:askForVotes(323)) - 652b82d9-1846-44d1-8352-7bf3439ad078@group-CF9465AD8ED7-LeaderElection6 ELECTION round 0: result PASSED (term=1)
2023-11-17 09:55:42,586 [652b82d9-1846-44d1-8352-7bf3439ad078@group-CF9465AD8ED7-LeaderElection6] INFO  impl.RoleInfo (RoleInfo.java:shutdownLeaderElection(130)) - 652b82d9-1846-44d1-8352-7bf3439ad078: shutdown 652b82d9-1846-44d1-8352-7bf3439ad078@group-CF9465AD8ED7-LeaderElection6
2023-11-17 09:55:42,586 [652b82d9-1846-44d1-8352-7bf3439ad078@group-CF9465AD8ED7-LeaderElection6] INFO  server.RaftServer$Division (RaftServerImpl.java:setRole(329)) - 652b82d9-1846-44d1-8352-7bf3439ad078@group-CF9465AD8ED7: changes role from CANDIDATE to LEADER at term 1 for changeToLeader
2023-11-17 09:55:42,587 [652b82d9-1846-44d1-8352-7bf3439ad078@group-CF9465AD8ED7-LeaderElection6] INFO  ratis.XceiverServerRatis (XceiverServerRatis.java:handleLeaderChangedNotification(903)) - Leader change notification received for group: group-CF9465AD8ED7 with new leaderId: 652b82d9-1846-44d1-8352-7bf3439ad078
2023-11-17 09:55:42,587 [652b82d9-1846-44d1-8352-7bf3439ad078@group-CF9465AD8ED7-LeaderElection6] INFO  server.RaftServer$Division (ServerState.java:setLeader(317)) - 652b82d9-1846-44d1-8352-7bf3439ad078@group-CF9465AD8ED7: change Leader from null to 652b82d9-1846-44d1-8352-7bf3439ad078 at term 1 for becomeLeader, leader elected after 5194ms
2023-11-17 09:55:42,587 [652b82d9-1846-44d1-8352-7bf3439ad078@group-CF9465AD8ED7-LeaderElection6] INFO  server.RaftServerConfigKeys (ConfUtils.java:logGet(46)) - raft.server.staging.catchup.gap = 1000 (default)
2023-11-17 09:55:42,587 [652b82d9-1846-44d1-8352-7bf3439ad078@group-196F7C4343A2-LeaderElection5] INFO  server.RaftServerConfigKeys (ConfUtils.java:logGet(46)) - raft.server.log.appender.snapshot.chunk.size.max = 16MB (=16777216) (default)
2023-11-17 09:55:42,587 [652b82d9-1846-44d1-8352-7bf3439ad078@group-196F7C4343A2-LeaderElection5] INFO  server.RaftServerConfigKeys (ConfUtils.java:logGet(46)) - raft.server.log.appender.buffer.byte-limit = 33554432 (custom)
2023-11-17 09:55:42,587 [652b82d9-1846-44d1-8352-7bf3439ad078@group-196F7C4343A2-LeaderElection5] INFO  server.RaftServerConfigKeys (ConfUtils.java:logGet(46)) - raft.server.log.appender.buffer.element-limit = 1 (custom)
2023-11-17 09:55:42,587 [652b82d9-1846-44d1-8352-7bf3439ad078@group-CF9465AD8ED7-LeaderElection6] INFO  server.RaftServerConfigKeys (ConfUtils.java:logGet(46)) - raft.server.write.element-limit = 1024 (custom)
2023-11-17 09:55:42,587 [652b82d9-1846-44d1-8352-7bf3439ad078@group-196F7C4343A2-LeaderElection5] INFO  server.RaftServerConfigKeys (ConfUtils.java:logGet(46)) - raft.server.log.appender.wait-time.min = 1ms (custom)
2023-11-17 09:55:42,587 [652b82d9-1846-44d1-8352-7bf3439ad078@group-196F7C4343A2-LeaderElection5] INFO  grpc.GrpcConfigKeys (ConfUtils.java:logGet(46)) - raft.grpc.server.leader.outstanding.appends.max = 128 (default)
2023-11-17 09:55:42,588 [652b82d9-1846-44d1-8352-7bf3439ad078@group-196F7C4343A2-LeaderElection5] INFO  server.RaftServerConfigKeys (ConfUtils.java:logGet(46)) - raft.server.rpc.request.timeout = 60s (custom)
2023-11-17 09:55:42,588 [652b82d9-1846-44d1-8352-7bf3439ad078@group-196F7C4343A2-LeaderElection5] INFO  grpc.GrpcConfigKeys (ConfUtils.java:logGet(46)) - raft.grpc.server.install_snapshot.request.element-limit = 8 (default)
2023-11-17 09:55:42,588 [652b82d9-1846-44d1-8352-7bf3439ad078@group-196F7C4343A2-LeaderElection5] INFO  grpc.GrpcConfigKeys (ConfUtils.java:logGet(46)) - raft.grpc.server.install_snapshot.request.timeout = 3000ms (default)
2023-11-17 09:55:42,588 [652b82d9-1846-44d1-8352-7bf3439ad078@group-196F7C4343A2-LeaderElection5] INFO  server.RaftServerConfigKeys (ConfUtils.java:logGet(46)) - raft.server.log.appender.install.snapshot.enabled = false (custom)
2023-11-17 09:55:42,588 [652b82d9-1846-44d1-8352-7bf3439ad078@group-196F7C4343A2-LeaderElection5] INFO  grpc.GrpcConfigKeys (ConfUtils.java:logGet(46)) - raft.grpc.server.heartbeat.channel = true (default)
2023-11-17 09:55:42,587 [652b82d9-1846-44d1-8352-7bf3439ad078@group-CF9465AD8ED7-LeaderElection6] INFO  server.RaftServerConfigKeys (ConfUtils.java:logGet(46)) - raft.server.write.byte-limit = 1024 M (=1073741824) (custom)
2023-11-17 09:55:42,588 [652b82d9-1846-44d1-8352-7bf3439ad078@group-CF9465AD8ED7-LeaderElection6] INFO  server.RaftServerConfigKeys (ConfUtils.java:logGet(46)) - raft.server.watch.timeout = 180s (custom)
2023-11-17 09:55:42,588 [652b82d9-1846-44d1-8352-7bf3439ad078@group-CF9465AD8ED7-LeaderElection6] INFO  server.RaftServerConfigKeys (ConfUtils.java:logGet(46)) - raft.server.watch.timeout.denomination = 1s (default)
2023-11-17 09:55:42,589 [652b82d9-1846-44d1-8352-7bf3439ad078@group-CF9465AD8ED7-LeaderElection6] INFO  server.RaftServerConfigKeys (ConfUtils.java:logGet(46)) - raft.server.watch.element-limit = 65536 (default)
2023-11-17 09:55:42,589 [652b82d9-1846-44d1-8352-7bf3439ad078@group-196F7C4343A2-LeaderElection5] INFO  impl.RoleInfo (RoleInfo.java:updateAndGet(139)) - 652b82d9-1846-44d1-8352-7bf3439ad078: start 652b82d9-1846-44d1-8352-7bf3439ad078@group-196F7C4343A2-LeaderStateImpl
2023-11-17 09:55:42,589 [652b82d9-1846-44d1-8352-7bf3439ad078@group-CF9465AD8ED7-LeaderElection6] INFO  server.RaftServerConfigKeys (ConfUtils.java:logGet(46)) - raft.server.write.element-limit = 1024 (custom)
2023-11-17 09:55:42,589 [652b82d9-1846-44d1-8352-7bf3439ad078@group-CF9465AD8ED7-LeaderElection6] INFO  server.RaftServerConfigKeys (ConfUtils.java:logGet(46)) - raft.server.write.follower.gap.ratio.max = -1.0 (default)
2023-11-17 09:55:42,589 [652b82d9-1846-44d1-8352-7bf3439ad078@group-CF9465AD8ED7-LeaderElection6] INFO  impl.RoleInfo (RoleInfo.java:updateAndGet(139)) - 652b82d9-1846-44d1-8352-7bf3439ad078: start 652b82d9-1846-44d1-8352-7bf3439ad078@group-CF9465AD8ED7-LeaderStateImpl
2023-11-17 09:55:42,589 [652b82d9-1846-44d1-8352-7bf3439ad078@group-196F7C4343A2-LeaderElection5] INFO  segmented.SegmentedRaftLogWorker (SegmentedRaftLogWorker.java:startLogSegment(447)) - 652b82d9-1846-44d1-8352-7bf3439ad078@group-196F7C4343A2-SegmentedRaftLogWorker: Starting segment from index:0
2023-11-17 09:55:42,590 [652b82d9-1846-44d1-8352-7bf3439ad078@group-CF9465AD8ED7-LeaderElection6] INFO  segmented.SegmentedRaftLogWorker (SegmentedRaftLogWorker.java:startLogSegment(447)) - 652b82d9-1846-44d1-8352-7bf3439ad078@group-CF9465AD8ED7-SegmentedRaftLogWorker: Starting segment from index:0
2023-11-17 09:55:42,591 [652b82d9-1846-44d1-8352-7bf3439ad078@group-196F7C4343A2-SegmentedRaftLogWorker] INFO  segmented.SegmentedRaftLogWorker (SegmentedRaftLogWorker.java:execute(651)) - 652b82d9-1846-44d1-8352-7bf3439ad078@group-196F7C4343A2-SegmentedRaftLogWorker: created new log segment /home/runner/work/ozone/ozone/hadoop-ozone/integration-test/target/test-dir/MiniOzoneClusterImpl-b9d514d0-62e9-44b2-85a5-b07480d3784c/datanode-2/data/ratis/e595b643-de06-4363-82b2-196f7c4343a2/current/log_inprogress_0
2023-11-17 09:55:42,592 [652b82d9-1846-44d1-8352-7bf3439ad078@group-CF9465AD8ED7-SegmentedRaftLogWorker] INFO  segmented.SegmentedRaftLogWorker (SegmentedRaftLogWorker.java:execute(651)) - 652b82d9-1846-44d1-8352-7bf3439ad078@group-CF9465AD8ED7-SegmentedRaftLogWorker: created new log segment /home/runner/work/ozone/ozone/hadoop-ozone/integration-test/target/test-dir/MiniOzoneClusterImpl-b9d514d0-62e9-44b2-85a5-b07480d3784c/datanode-2/data/ratis/38eb60f5-ccc4-4a43-84b4-cf9465ad8ed7/current/log_inprogress_0
2023-11-17 09:55:42,592 [2a883bf7-e5b8-4bdb-a368-a41799101186@group-1CE4E83622FE-LeaderElection7] INFO  impl.LeaderElection (LeaderElection.java:askForVotes(321)) - 2a883bf7-e5b8-4bdb-a368-a41799101186@group-1CE4E83622FE-LeaderElection7 ELECTION round 0: submit vote requests at term 1 for -1: peers:[2a883bf7-e5b8-4bdb-a368-a41799101186|rpc:10.1.0.9:15041|admin:10.1.0.9:15040|client:10.1.0.9:15039|dataStream:10.1.0.9:15042|priority:1|startupRole:FOLLOWER]|listeners:[], old=null
2023-11-17 09:55:42,592 [2a883bf7-e5b8-4bdb-a368-a41799101186@group-1CE4E83622FE-LeaderElection7] INFO  impl.LeaderElection (LeaderElection.java:askForVotes(323)) - 2a883bf7-e5b8-4bdb-a368-a41799101186@group-1CE4E83622FE-LeaderElection7 ELECTION round 0: result PASSED (term=1)
2023-11-17 09:55:42,592 [2a883bf7-e5b8-4bdb-a368-a41799101186@group-1CE4E83622FE-LeaderElection7] INFO  impl.RoleInfo (RoleInfo.java:shutdownLeaderElection(130)) - 2a883bf7-e5b8-4bdb-a368-a41799101186: shutdown 2a883bf7-e5b8-4bdb-a368-a41799101186@group-1CE4E83622FE-LeaderElection7
2023-11-17 09:55:42,592 [2a883bf7-e5b8-4bdb-a368-a41799101186@group-1CE4E83622FE-LeaderElection7] INFO  server.RaftServer$Division (RaftServerImpl.java:setRole(329)) - 2a883bf7-e5b8-4bdb-a368-a41799101186@group-1CE4E83622FE: changes role from CANDIDATE to LEADER at term 1 for changeToLeader
2023-11-17 09:55:42,592 [2a883bf7-e5b8-4bdb-a368-a41799101186@group-1CE4E83622FE-LeaderElection7] INFO  ratis.XceiverServerRatis (XceiverServerRatis.java:handleLeaderChangedNotification(903)) - Leader change notification received for group: group-1CE4E83622FE with new leaderId: 2a883bf7-e5b8-4bdb-a368-a41799101186
2023-11-17 09:55:42,598 [2a883bf7-e5b8-4bdb-a368-a41799101186@group-1CE4E83622FE-LeaderElection7] INFO  server.RaftServer$Division (ServerState.java:setLeader(317)) - 2a883bf7-e5b8-4bdb-a368-a41799101186@group-1CE4E83622FE: change Leader from null to 2a883bf7-e5b8-4bdb-a368-a41799101186 at term 1 for becomeLeader, leader elected after 5072ms
2023-11-17 09:55:42,598 [2a883bf7-e5b8-4bdb-a368-a41799101186@group-1CE4E83622FE-LeaderElection7] INFO  server.RaftServerConfigKeys (ConfUtils.java:logGet(46)) - raft.server.staging.catchup.gap = 1000 (default)
2023-11-17 09:55:42,598 [2a883bf7-e5b8-4bdb-a368-a41799101186@group-1CE4E83622FE-LeaderElection7] INFO  server.RaftServerConfigKeys (ConfUtils.java:logGet(46)) - raft.server.write.element-limit = 1024 (custom)
2023-11-17 09:55:42,598 [2a883bf7-e5b8-4bdb-a368-a41799101186@group-1CE4E83622FE-LeaderElection7] INFO  server.RaftServerConfigKeys (ConfUtils.java:logGet(46)) - raft.server.write.byte-limit = 1024 M (=1073741824) (custom)
2023-11-17 09:55:42,599 [2a883bf7-e5b8-4bdb-a368-a41799101186@group-1CE4E83622FE-LeaderElection7] INFO  server.RaftServerConfigKeys (ConfUtils.java:logGet(46)) - raft.server.watch.timeout = 180s (custom)
2023-11-17 09:55:42,599 [2a883bf7-e5b8-4bdb-a368-a41799101186@group-1CE4E83622FE-LeaderElection7] INFO  server.RaftServerConfigKeys (ConfUtils.java:logGet(46)) - raft.server.watch.timeout.denomination = 1s (default)
2023-11-17 09:55:42,599 [2a883bf7-e5b8-4bdb-a368-a41799101186@group-1CE4E83622FE-LeaderElection7] INFO  server.RaftServerConfigKeys (ConfUtils.java:logGet(46)) - raft.server.watch.element-limit = 65536 (default)
2023-11-17 09:55:42,599 [2a883bf7-e5b8-4bdb-a368-a41799101186@group-1CE4E83622FE-LeaderElection7] INFO  server.RaftServerConfigKeys (ConfUtils.java:logGet(46)) - raft.server.write.element-limit = 1024 (custom)
2023-11-17 09:55:42,599 [2a883bf7-e5b8-4bdb-a368-a41799101186@group-1CE4E83622FE-LeaderElection7] INFO  server.RaftServerConfigKeys (ConfUtils.java:logGet(46)) - raft.server.write.follower.gap.ratio.max = -1.0 (default)
2023-11-17 09:55:42,599 [2a883bf7-e5b8-4bdb-a368-a41799101186@group-1CE4E83622FE-LeaderElection7] INFO  impl.RoleInfo (RoleInfo.java:updateAndGet(139)) - 2a883bf7-e5b8-4bdb-a368-a41799101186: start 2a883bf7-e5b8-4bdb-a368-a41799101186@group-1CE4E83622FE-LeaderStateImpl
2023-11-17 09:55:42,599 [2a883bf7-e5b8-4bdb-a368-a41799101186@group-1CE4E83622FE-LeaderElection7] INFO  segmented.SegmentedRaftLogWorker (SegmentedRaftLogWorker.java:startLogSegment(447)) - 2a883bf7-e5b8-4bdb-a368-a41799101186@group-1CE4E83622FE-SegmentedRaftLogWorker: Starting segment from index:0
2023-11-17 09:55:42,601 [2a883bf7-e5b8-4bdb-a368-a41799101186@group-1CE4E83622FE-SegmentedRaftLogWorker] INFO  segmented.SegmentedRaftLogWorker (SegmentedRaftLogWorker.java:execute(651)) - 2a883bf7-e5b8-4bdb-a368-a41799101186@group-1CE4E83622FE-SegmentedRaftLogWorker: created new log segment /home/runner/work/ozone/ozone/hadoop-ozone/integration-test/target/test-dir/MiniOzoneClusterImpl-b9d514d0-62e9-44b2-85a5-b07480d3784c/datanode-3/data/ratis/c27d789d-4699-47eb-9cd2-1ce4e83622fe/current/log_inprogress_0
2023-11-17 09:55:42,608 [652b82d9-1846-44d1-8352-7bf3439ad078@group-196F7C4343A2-LeaderElection5] INFO  server.RaftServer$Division (ServerState.java:setRaftConf(434)) - 652b82d9-1846-44d1-8352-7bf3439ad078@group-196F7C4343A2: set configuration 0: peers:[652b82d9-1846-44d1-8352-7bf3439ad078|rpc:10.1.0.9:15032|admin:10.1.0.9:15031|client:10.1.0.9:15030|dataStream:10.1.0.9:15033|priority:1|startupRole:FOLLOWER, 54bd6e84-2e53-4956-b446-cc6ac26bbc90|rpc:10.1.0.9:15023|admin:10.1.0.9:15022|client:10.1.0.9:15021|dataStream:10.1.0.9:15024|priority:0|startupRole:FOLLOWER, 3f7ce36a-008a-4440-b2ee-16e9e4e5a9e8|rpc:10.1.0.9:15014|admin:10.1.0.9:15013|client:10.1.0.9:15012|dataStream:10.1.0.9:15015|priority:0|startupRole:FOLLOWER]|listeners:[], old=null
2023-11-17 09:55:42,608 [2a883bf7-e5b8-4bdb-a368-a41799101186@group-1CE4E83622FE-LeaderElection7] INFO  server.RaftServer$Division (ServerState.java:setRaftConf(434)) - 2a883bf7-e5b8-4bdb-a368-a41799101186@group-1CE4E83622FE: set configuration 0: peers:[2a883bf7-e5b8-4bdb-a368-a41799101186|rpc:10.1.0.9:15041|admin:10.1.0.9:15040|client:10.1.0.9:15039|dataStream:10.1.0.9:15042|priority:1|startupRole:FOLLOWER]|listeners:[], old=null
2023-11-17 09:55:42,608 [652b82d9-1846-44d1-8352-7bf3439ad078@group-CF9465AD8ED7-LeaderElection6] INFO  server.RaftServer$Division (ServerState.java:setRaftConf(434)) - 652b82d9-1846-44d1-8352-7bf3439ad078@group-CF9465AD8ED7: set configuration 0: peers:[652b82d9-1846-44d1-8352-7bf3439ad078|rpc:10.1.0.9:15032|admin:10.1.0.9:15031|client:10.1.0.9:15030|dataStream:10.1.0.9:15033|priority:1|startupRole:FOLLOWER]|listeners:[], old=null
2023-11-17 09:55:42,629 [54bd6e84-2e53-4956-b446-cc6ac26bbc90-server-thread1] INFO  ratis.XceiverServerRatis (XceiverServerRatis.java:handleLeaderChangedNotification(903)) - Leader change notification received for group: group-196F7C4343A2 with new leaderId: 652b82d9-1846-44d1-8352-7bf3439ad078
2023-11-17 09:55:42,630 [54bd6e84-2e53-4956-b446-cc6ac26bbc90-server-thread1] INFO  server.RaftServer$Division (ServerState.java:setLeader(317)) - 54bd6e84-2e53-4956-b446-cc6ac26bbc90@group-196F7C4343A2: change Leader from null to 652b82d9-1846-44d1-8352-7bf3439ad078 at term 1 for appendEntries, leader elected after 5369ms
2023-11-17 09:55:42,637 [54bd6e84-2e53-4956-b446-cc6ac26bbc90-server-thread2] INFO  server.RaftServer$Division (ServerState.java:setRaftConf(434)) - 54bd6e84-2e53-4956-b446-cc6ac26bbc90@group-196F7C4343A2: set configuration 0: peers:[652b82d9-1846-44d1-8352-7bf3439ad078|rpc:10.1.0.9:15032|admin:10.1.0.9:15031|client:10.1.0.9:15030|dataStream:10.1.0.9:15033|priority:1|startupRole:FOLLOWER, 54bd6e84-2e53-4956-b446-cc6ac26bbc90|rpc:10.1.0.9:15023|admin:10.1.0.9:15022|client:10.1.0.9:15021|dataStream:10.1.0.9:15024|priority:0|startupRole:FOLLOWER, 3f7ce36a-008a-4440-b2ee-16e9e4e5a9e8|rpc:10.1.0.9:15014|admin:10.1.0.9:15013|client:10.1.0.9:15012|dataStream:10.1.0.9:15015|priority:0|startupRole:FOLLOWER]|listeners:[], old=null
2023-11-17 09:55:42,637 [54bd6e84-2e53-4956-b446-cc6ac26bbc90-server-thread2] INFO  segmented.SegmentedRaftLogWorker (SegmentedRaftLogWorker.java:startLogSegment(447)) - 54bd6e84-2e53-4956-b446-cc6ac26bbc90@group-196F7C4343A2-SegmentedRaftLogWorker: Starting segment from index:0
2023-11-17 09:55:42,638 [54bd6e84-2e53-4956-b446-cc6ac26bbc90@group-196F7C4343A2-SegmentedRaftLogWorker] INFO  segmented.SegmentedRaftLogWorker (SegmentedRaftLogWorker.java:execute(651)) - 54bd6e84-2e53-4956-b446-cc6ac26bbc90@group-196F7C4343A2-SegmentedRaftLogWorker: created new log segment /home/runner/work/ozone/ozone/hadoop-ozone/integration-test/target/test-dir/MiniOzoneClusterImpl-b9d514d0-62e9-44b2-85a5-b07480d3784c/datanode-1/data/ratis/e595b643-de06-4363-82b2-196f7c4343a2/current/log_inprogress_0
2023-11-17 09:55:42,642 [3f7ce36a-008a-4440-b2ee-16e9e4e5a9e8-server-thread2] INFO  ratis.XceiverServerRatis (XceiverServerRatis.java:handleLeaderChangedNotification(903)) - Leader change notification received for group: group-196F7C4343A2 with new leaderId: 652b82d9-1846-44d1-8352-7bf3439ad078
2023-11-17 09:55:42,642 [3f7ce36a-008a-4440-b2ee-16e9e4e5a9e8-server-thread2] INFO  server.RaftServer$Division (ServerState.java:setLeader(317)) - 3f7ce36a-008a-4440-b2ee-16e9e4e5a9e8@group-196F7C4343A2: change Leader from null to 652b82d9-1846-44d1-8352-7bf3439ad078 at term 1 for appendEntries, leader elected after 5485ms
2023-11-17 09:55:42,646 [3f7ce36a-008a-4440-b2ee-16e9e4e5a9e8-server-thread2] INFO  server.RaftServer$Division (ServerState.java:setRaftConf(434)) - 3f7ce36a-008a-4440-b2ee-16e9e4e5a9e8@group-196F7C4343A2: set configuration 0: peers:[652b82d9-1846-44d1-8352-7bf3439ad078|rpc:10.1.0.9:15032|admin:10.1.0.9:15031|client:10.1.0.9:15030|dataStream:10.1.0.9:15033|priority:1|startupRole:FOLLOWER, 54bd6e84-2e53-4956-b446-cc6ac26bbc90|rpc:10.1.0.9:15023|admin:10.1.0.9:15022|client:10.1.0.9:15021|dataStream:10.1.0.9:15024|priority:0|startupRole:FOLLOWER, 3f7ce36a-008a-4440-b2ee-16e9e4e5a9e8|rpc:10.1.0.9:15014|admin:10.1.0.9:15013|client:10.1.0.9:15012|dataStream:10.1.0.9:15015|priority:0|startupRole:FOLLOWER]|listeners:[], old=null
2023-11-17 09:55:42,646 [3f7ce36a-008a-4440-b2ee-16e9e4e5a9e8-server-thread2] INFO  segmented.SegmentedRaftLogWorker (SegmentedRaftLogWorker.java:startLogSegment(447)) - 3f7ce36a-008a-4440-b2ee-16e9e4e5a9e8@group-196F7C4343A2-SegmentedRaftLogWorker: Starting segment from index:0
2023-11-17 09:55:42,648 [3f7ce36a-008a-4440-b2ee-16e9e4e5a9e8@group-196F7C4343A2-SegmentedRaftLogWorker] INFO  segmented.SegmentedRaftLogWorker (SegmentedRaftLogWorker.java:execute(651)) - 3f7ce36a-008a-4440-b2ee-16e9e4e5a9e8@group-196F7C4343A2-SegmentedRaftLogWorker: created new log segment /home/runner/work/ozone/ozone/hadoop-ozone/integration-test/target/test-dir/MiniOzoneClusterImpl-b9d514d0-62e9-44b2-85a5-b07480d3784c/datanode-0/data/ratis/e595b643-de06-4363-82b2-196f7c4343a2/current/log_inprogress_0
2023-11-17 09:55:42,931 [2a883bf7-e5b8-4bdb-a368-a41799101186@group-5381FD1FF82C-FollowerState] INFO  impl.FollowerState (FollowerState.java:run(143)) - 2a883bf7-e5b8-4bdb-a368-a41799101186@group-5381FD1FF82C-FollowerState: change to CANDIDATE, lastRpcElapsedTime:5158979489ns, electionTimeout:5143ms
2023-11-17 09:55:42,932 [2a883bf7-e5b8-4bdb-a368-a41799101186@group-5381FD1FF82C-FollowerState] INFO  impl.RoleInfo (RoleInfo.java:shutdownFollowerState(110)) - 2a883bf7-e5b8-4bdb-a368-a41799101186: shutdown 2a883bf7-e5b8-4bdb-a368-a41799101186@group-5381FD1FF82C-FollowerState
2023-11-17 09:55:42,932 [2a883bf7-e5b8-4bdb-a368-a41799101186@group-5381FD1FF82C-FollowerState] INFO  server.RaftServer$Division (RaftServerImpl.java:setRole(329)) - 2a883bf7-e5b8-4bdb-a368-a41799101186@group-5381FD1FF82C: changes role from  FOLLOWER to CANDIDATE at term 0 for changeToCandidate
2023-11-17 09:55:42,932 [2a883bf7-e5b8-4bdb-a368-a41799101186@group-5381FD1FF82C-FollowerState] INFO  server.RaftServerConfigKeys (ConfUtils.java:logGet(46)) - raft.server.leaderelection.pre-vote = true (default)
2023-11-17 09:55:42,932 [2a883bf7-e5b8-4bdb-a368-a41799101186@group-5381FD1FF82C-FollowerState] INFO  impl.RoleInfo (RoleInfo.java:updateAndGet(139)) - 2a883bf7-e5b8-4bdb-a368-a41799101186: start 2a883bf7-e5b8-4bdb-a368-a41799101186@group-5381FD1FF82C-LeaderElection8
2023-11-17 09:55:42,934 [2a883bf7-e5b8-4bdb-a368-a41799101186@group-5381FD1FF82C-LeaderElection8] INFO  impl.LeaderElection (LeaderElection.java:askForVotes(321)) - 2a883bf7-e5b8-4bdb-a368-a41799101186@group-5381FD1FF82C-LeaderElection8 PRE_VOTE round 0: submit vote requests at term 0 for -1: peers:[2a883bf7-e5b8-4bdb-a368-a41799101186|rpc:10.1.0.9:15041|admin:10.1.0.9:15040|client:10.1.0.9:15039|dataStream:10.1.0.9:15042|priority:1|startupRole:FOLLOWER, 3172c264-2718-48bc-901b-d06defdb8935|rpc:10.1.0.9:15050|admin:10.1.0.9:15049|client:10.1.0.9:15048|dataStream:10.1.0.9:15051|priority:0|startupRole:FOLLOWER, fea717c9-b406-422e-8ccb-799e860d7c03|rpc:10.1.0.9:15059|admin:10.1.0.9:15058|client:10.1.0.9:15057|dataStream:10.1.0.9:15060|priority:0|startupRole:FOLLOWER]|listeners:[], old=null
2023-11-17 09:55:42,934 [2a883bf7-e5b8-4bdb-a368-a41799101186@group-5381FD1FF82C-LeaderElection8] INFO  server.RaftServerConfigKeys (ConfUtils.java:logFallback(53)) - raft.server.rpc.first-election.timeout.min = 5s (fallback to raft.server.rpc.timeout.min)
2023-11-17 09:55:42,934 [2a883bf7-e5b8-4bdb-a368-a41799101186@group-5381FD1FF82C-LeaderElection8-1] INFO  server.GrpcServerProtocolClient (GrpcServerProtocolClient.java:<init>(65)) - Build channel for 3172c264-2718-48bc-901b-d06defdb8935
2023-11-17 09:55:42,934 [2a883bf7-e5b8-4bdb-a368-a41799101186@group-5381FD1FF82C-LeaderElection8] INFO  server.RaftServerConfigKeys (ConfUtils.java:logFallback(53)) - raft.server.rpc.first-election.timeout.max = 5200ms (fallback to raft.server.rpc.timeout.max)
2023-11-17 09:55:42,935 [2a883bf7-e5b8-4bdb-a368-a41799101186@group-5381FD1FF82C-LeaderElection8-2] INFO  server.GrpcServerProtocolClient (GrpcServerProtocolClient.java:<init>(65)) - Build channel for fea717c9-b406-422e-8ccb-799e860d7c03
2023-11-17 09:55:42,942 [grpc-default-executor-4] INFO  server.RaftServer$Division (RaftServerImpl.java:requestVote(1302)) - fea717c9-b406-422e-8ccb-799e860d7c03@group-5381FD1FF82C: receive requestVote(PRE_VOTE, 2a883bf7-e5b8-4bdb-a368-a41799101186, group-5381FD1FF82C, 0, (t:0, i:0))
2023-11-17 09:55:42,942 [grpc-default-executor-4] INFO  impl.VoteContext (VoteContext.java:log(49)) - fea717c9-b406-422e-8ccb-799e860d7c03@group-5381FD1FF82C-FOLLOWER: accept PRE_VOTE from 2a883bf7-e5b8-4bdb-a368-a41799101186: our priority 0 <= candidate's priority 1
2023-11-17 09:55:42,945 [grpc-default-executor-4] INFO  server.RaftServer$Division (RaftServerImpl.java:requestVote(1335)) - fea717c9-b406-422e-8ccb-799e860d7c03@group-5381FD1FF82C replies to PRE_VOTE vote request: 2a883bf7-e5b8-4bdb-a368-a41799101186<-fea717c9-b406-422e-8ccb-799e860d7c03#0:OK-t0. Peer's state: fea717c9-b406-422e-8ccb-799e860d7c03@group-5381FD1FF82C:t0, leader=null, voted=, raftlog=Memoized:fea717c9-b406-422e-8ccb-799e860d7c03@group-5381FD1FF82C-SegmentedRaftLog:OPENED:c-1, conf=-1: peers:[2a883bf7-e5b8-4bdb-a368-a41799101186|rpc:10.1.0.9:15041|admin:10.1.0.9:15040|client:10.1.0.9:15039|dataStream:10.1.0.9:15042|priority:1|startupRole:FOLLOWER, 3172c264-2718-48bc-901b-d06defdb8935|rpc:10.1.0.9:15050|admin:10.1.0.9:15049|client:10.1.0.9:15048|dataStream:10.1.0.9:15051|priority:0|startupRole:FOLLOWER, fea717c9-b406-422e-8ccb-799e860d7c03|rpc:10.1.0.9:15059|admin:10.1.0.9:15058|client:10.1.0.9:15057|dataStream:10.1.0.9:15060|priority:0|startupRole:FOLLOWER]|listeners:[], old=null
2023-11-17 09:55:42,945 [grpc-default-executor-1] INFO  server.RaftServer$Division (RaftServerImpl.java:requestVote(1302)) - 3172c264-2718-48bc-901b-d06defdb8935@group-5381FD1FF82C: receive requestVote(PRE_VOTE, 2a883bf7-e5b8-4bdb-a368-a41799101186, group-5381FD1FF82C, 0, (t:0, i:0))
2023-11-17 09:55:42,945 [grpc-default-executor-1] INFO  impl.VoteContext (VoteContext.java:log(49)) - 3172c264-2718-48bc-901b-d06defdb8935@group-5381FD1FF82C-FOLLOWER: accept PRE_VOTE from 2a883bf7-e5b8-4bdb-a368-a41799101186: our priority 0 <= candidate's priority 1
2023-11-17 09:55:42,946 [grpc-default-executor-1] INFO  server.RaftServer$Division (RaftServerImpl.java:requestVote(1335)) - 3172c264-2718-48bc-901b-d06defdb8935@group-5381FD1FF82C replies to PRE_VOTE vote request: 2a883bf7-e5b8-4bdb-a368-a41799101186<-3172c264-2718-48bc-901b-d06defdb8935#0:OK-t0. Peer's state: 3172c264-2718-48bc-901b-d06defdb8935@group-5381FD1FF82C:t0, leader=null, voted=, raftlog=Memoized:3172c264-2718-48bc-901b-d06defdb8935@group-5381FD1FF82C-SegmentedRaftLog:OPENED:c-1, conf=-1: peers:[2a883bf7-e5b8-4bdb-a368-a41799101186|rpc:10.1.0.9:15041|admin:10.1.0.9:15040|client:10.1.0.9:15039|dataStream:10.1.0.9:15042|priority:1|startupRole:FOLLOWER, 3172c264-2718-48bc-901b-d06defdb8935|rpc:10.1.0.9:15050|admin:10.1.0.9:15049|client:10.1.0.9:15048|dataStream:10.1.0.9:15051|priority:0|startupRole:FOLLOWER, fea717c9-b406-422e-8ccb-799e860d7c03|rpc:10.1.0.9:15059|admin:10.1.0.9:15058|client:10.1.0.9:15057|dataStream:10.1.0.9:15060|priority:0|startupRole:FOLLOWER]|listeners:[], old=null
2023-11-17 09:55:42,947 [2a883bf7-e5b8-4bdb-a368-a41799101186@group-5381FD1FF82C-LeaderElection8] INFO  impl.LeaderElection (LeaderElection.java:logAndReturn(90)) - 2a883bf7-e5b8-4bdb-a368-a41799101186@group-5381FD1FF82C-LeaderElection8: PRE_VOTE PASSED received 1 response(s) and 0 exception(s):
2023-11-17 09:55:42,947 [2a883bf7-e5b8-4bdb-a368-a41799101186@group-5381FD1FF82C-LeaderElection8] INFO  impl.LeaderElection (LeaderElection.java:logAndReturn(94)) -   Response 0: 2a883bf7-e5b8-4bdb-a368-a41799101186<-fea717c9-b406-422e-8ccb-799e860d7c03#0:OK-t0
2023-11-17 09:55:42,947 [2a883bf7-e5b8-4bdb-a368-a41799101186@group-5381FD1FF82C-LeaderElection8] INFO  impl.LeaderElection (LeaderElection.java:askForVotes(323)) - 2a883bf7-e5b8-4bdb-a368-a41799101186@group-5381FD1FF82C-LeaderElection8 PRE_VOTE round 0: result PASSED
2023-11-17 09:55:42,949 [2a883bf7-e5b8-4bdb-a368-a41799101186@group-5381FD1FF82C-LeaderElection8] INFO  impl.LeaderElection (LeaderElection.java:askForVotes(321)) - 2a883bf7-e5b8-4bdb-a368-a41799101186@group-5381FD1FF82C-LeaderElection8 ELECTION round 0: submit vote requests at term 1 for -1: peers:[2a883bf7-e5b8-4bdb-a368-a41799101186|rpc:10.1.0.9:15041|admin:10.1.0.9:15040|client:10.1.0.9:15039|dataStream:10.1.0.9:15042|priority:1|startupRole:FOLLOWER, 3172c264-2718-48bc-901b-d06defdb8935|rpc:10.1.0.9:15050|admin:10.1.0.9:15049|client:10.1.0.9:15048|dataStream:10.1.0.9:15051|priority:0|startupRole:FOLLOWER, fea717c9-b406-422e-8ccb-799e860d7c03|rpc:10.1.0.9:15059|admin:10.1.0.9:15058|client:10.1.0.9:15057|dataStream:10.1.0.9:15060|priority:0|startupRole:FOLLOWER]|listeners:[], old=null
2023-11-17 09:55:42,949 [2a883bf7-e5b8-4bdb-a368-a41799101186@group-5381FD1FF82C-LeaderElection8] INFO  server.RaftServerConfigKeys (ConfUtils.java:logFallback(53)) - raft.server.rpc.first-election.timeout.min = 5s (fallback to raft.server.rpc.timeout.min)
2023-11-17 09:55:42,949 [2a883bf7-e5b8-4bdb-a368-a41799101186@group-5381FD1FF82C-LeaderElection8] INFO  server.RaftServerConfigKeys (ConfUtils.java:logFallback(53)) - raft.server.rpc.first-election.timeout.max = 5200ms (fallback to raft.server.rpc.timeout.max)
2023-11-17 09:55:42,950 [grpc-default-executor-4] INFO  server.RaftServer$Division (RaftServerImpl.java:requestVote(1302)) - 3172c264-2718-48bc-901b-d06defdb8935@group-5381FD1FF82C: receive requestVote(ELECTION, 2a883bf7-e5b8-4bdb-a368-a41799101186, group-5381FD1FF82C, 1, (t:0, i:0))
2023-11-17 09:55:42,951 [grpc-default-executor-4] INFO  impl.VoteContext (VoteContext.java:log(49)) - 3172c264-2718-48bc-901b-d06defdb8935@group-5381FD1FF82C-FOLLOWER: accept ELECTION from 2a883bf7-e5b8-4bdb-a368-a41799101186: our priority 0 <= candidate's priority 1
2023-11-17 09:55:42,951 [grpc-default-executor-4] INFO  server.RaftServer$Division (RaftServerImpl.java:setRole(329)) - 3172c264-2718-48bc-901b-d06defdb8935@group-5381FD1FF82C: changes role from  FOLLOWER to FOLLOWER at term 1 for candidate:2a883bf7-e5b8-4bdb-a368-a41799101186
2023-11-17 09:55:42,951 [grpc-default-executor-4] INFO  impl.RoleInfo (RoleInfo.java:shutdownFollowerState(110)) - 3172c264-2718-48bc-901b-d06defdb8935: shutdown 3172c264-2718-48bc-901b-d06defdb8935@group-5381FD1FF82C-FollowerState
2023-11-17 09:55:42,951 [grpc-default-executor-4] INFO  impl.RoleInfo (RoleInfo.java:updateAndGet(139)) - 3172c264-2718-48bc-901b-d06defdb8935: start 3172c264-2718-48bc-901b-d06defdb8935@group-5381FD1FF82C-FollowerState
2023-11-17 09:55:42,951 [3172c264-2718-48bc-901b-d06defdb8935@group-5381FD1FF82C-FollowerState] INFO  impl.FollowerState (FollowerState.java:run(152)) - 3172c264-2718-48bc-901b-d06defdb8935@group-5381FD1FF82C-FollowerState was interrupted
2023-11-17 09:55:42,952 [grpc-default-executor-1] INFO  server.RaftServer$Division (RaftServerImpl.java:requestVote(1302)) - fea717c9-b406-422e-8ccb-799e860d7c03@group-5381FD1FF82C: receive requestVote(ELECTION, 2a883bf7-e5b8-4bdb-a368-a41799101186, group-5381FD1FF82C, 1, (t:0, i:0))
2023-11-17 09:55:42,953 [grpc-default-executor-1] INFO  impl.VoteContext (VoteContext.java:log(49)) - fea717c9-b406-422e-8ccb-799e860d7c03@group-5381FD1FF82C-FOLLOWER: accept ELECTION from 2a883bf7-e5b8-4bdb-a368-a41799101186: our priority 0 <= candidate's priority 1
2023-11-17 09:55:42,953 [grpc-default-executor-4] INFO  server.RaftServer$Division (RaftServerImpl.java:requestVote(1335)) - 3172c264-2718-48bc-901b-d06defdb8935@group-5381FD1FF82C replies to ELECTION vote request: 2a883bf7-e5b8-4bdb-a368-a41799101186<-3172c264-2718-48bc-901b-d06defdb8935#0:OK-t1. Peer's state: 3172c264-2718-48bc-901b-d06defdb8935@group-5381FD1FF82C:t1, leader=null, voted=2a883bf7-e5b8-4bdb-a368-a41799101186, raftlog=Memoized:3172c264-2718-48bc-901b-d06defdb8935@group-5381FD1FF82C-SegmentedRaftLog:OPENED:c-1, conf=-1: peers:[2a883bf7-e5b8-4bdb-a368-a41799101186|rpc:10.1.0.9:15041|admin:10.1.0.9:15040|client:10.1.0.9:15039|dataStream:10.1.0.9:15042|priority:1|startupRole:FOLLOWER, 3172c264-2718-48bc-901b-d06defdb8935|rpc:10.1.0.9:15050|admin:10.1.0.9:15049|client:10.1.0.9:15048|dataStream:10.1.0.9:15051|priority:0|startupRole:FOLLOWER, fea717c9-b406-422e-8ccb-799e860d7c03|rpc:10.1.0.9:15059|admin:10.1.0.9:15058|client:10.1.0.9:15057|dataStream:10.1.0.9:15060|priority:0|startupRole:FOLLOWER]|listeners:[], old=null
2023-11-17 09:55:42,953 [grpc-default-executor-1] INFO  server.RaftServer$Division (RaftServerImpl.java:setRole(329)) - fea717c9-b406-422e-8ccb-799e860d7c03@group-5381FD1FF82C: changes role from  FOLLOWER to FOLLOWER at term 1 for candidate:2a883bf7-e5b8-4bdb-a368-a41799101186
2023-11-17 09:55:42,953 [grpc-default-executor-1] INFO  impl.RoleInfo (RoleInfo.java:shutdownFollowerState(110)) - fea717c9-b406-422e-8ccb-799e860d7c03: shutdown fea717c9-b406-422e-8ccb-799e860d7c03@group-5381FD1FF82C-FollowerState
2023-11-17 09:55:42,953 [grpc-default-executor-1] INFO  impl.RoleInfo (RoleInfo.java:updateAndGet(139)) - fea717c9-b406-422e-8ccb-799e860d7c03: start fea717c9-b406-422e-8ccb-799e860d7c03@group-5381FD1FF82C-FollowerState
2023-11-17 09:55:42,953 [fea717c9-b406-422e-8ccb-799e860d7c03@group-5381FD1FF82C-FollowerState] INFO  impl.FollowerState (FollowerState.java:run(152)) - fea717c9-b406-422e-8ccb-799e860d7c03@group-5381FD1FF82C-FollowerState was interrupted
2023-11-17 09:55:42,957 [2a883bf7-e5b8-4bdb-a368-a41799101186@group-5381FD1FF82C-LeaderElection8] INFO  impl.LeaderElection (LeaderElection.java:logAndReturn(90)) - 2a883bf7-e5b8-4bdb-a368-a41799101186@group-5381FD1FF82C-LeaderElection8: ELECTION PASSED received 1 response(s) and 0 exception(s):
2023-11-17 09:55:42,957 [2a883bf7-e5b8-4bdb-a368-a41799101186@group-5381FD1FF82C-LeaderElection8] INFO  impl.LeaderElection (LeaderElection.java:logAndReturn(94)) -   Response 0: 2a883bf7-e5b8-4bdb-a368-a41799101186<-3172c264-2718-48bc-901b-d06defdb8935#0:OK-t1
2023-11-17 09:55:42,957 [2a883bf7-e5b8-4bdb-a368-a41799101186@group-5381FD1FF82C-LeaderElection8] INFO  impl.LeaderElection (LeaderElection.java:askForVotes(323)) - 2a883bf7-e5b8-4bdb-a368-a41799101186@group-5381FD1FF82C-LeaderElection8 ELECTION round 0: result PASSED
2023-11-17 09:55:42,957 [2a883bf7-e5b8-4bdb-a368-a41799101186@group-5381FD1FF82C-LeaderElection8] INFO  impl.RoleInfo (RoleInfo.java:shutdownLeaderElection(130)) - 2a883bf7-e5b8-4bdb-a368-a41799101186: shutdown 2a883bf7-e5b8-4bdb-a368-a41799101186@group-5381FD1FF82C-LeaderElection8
2023-11-17 09:55:42,957 [2a883bf7-e5b8-4bdb-a368-a41799101186@group-5381FD1FF82C-LeaderElection8] INFO  server.RaftServer$Division (RaftServerImpl.java:setRole(329)) - 2a883bf7-e5b8-4bdb-a368-a41799101186@group-5381FD1FF82C: changes role from CANDIDATE to LEADER at term 1 for changeToLeader
2023-11-17 09:55:42,958 [2a883bf7-e5b8-4bdb-a368-a41799101186@group-5381FD1FF82C-LeaderElection8] INFO  ratis.XceiverServerRatis (XceiverServerRatis.java:handleLeaderChangedNotification(903)) - Leader change notification received for group: group-5381FD1FF82C with new leaderId: 2a883bf7-e5b8-4bdb-a368-a41799101186
2023-11-17 09:55:42,958 [2a883bf7-e5b8-4bdb-a368-a41799101186@group-5381FD1FF82C-LeaderElection8] INFO  server.RaftServer$Division (ServerState.java:setLeader(317)) - 2a883bf7-e5b8-4bdb-a368-a41799101186@group-5381FD1FF82C: change Leader from null to 2a883bf7-e5b8-4bdb-a368-a41799101186 at term 1 for becomeLeader, leader elected after 5414ms
2023-11-17 09:55:42,958 [grpc-default-executor-1] INFO  server.RaftServer$Division (RaftServerImpl.java:requestVote(1335)) - fea717c9-b406-422e-8ccb-799e860d7c03@group-5381FD1FF82C replies to ELECTION vote request: 2a883bf7-e5b8-4bdb-a368-a41799101186<-fea717c9-b406-422e-8ccb-799e860d7c03#0:OK-t1. Peer's state: fea717c9-b406-422e-8ccb-799e860d7c03@group-5381FD1FF82C:t1, leader=null, voted=2a883bf7-e5b8-4bdb-a368-a41799101186, raftlog=Memoized:fea717c9-b406-422e-8ccb-799e860d7c03@group-5381FD1FF82C-SegmentedRaftLog:OPENED:c-1, conf=-1: peers:[2a883bf7-e5b8-4bdb-a368-a41799101186|rpc:10.1.0.9:15041|admin:10.1.0.9:15040|client:10.1.0.9:15039|dataStream:10.1.0.9:15042|priority:1|startupRole:FOLLOWER, 3172c264-2718-48bc-901b-d06defdb8935|rpc:10.1.0.9:15050|admin:10.1.0.9:15049|client:10.1.0.9:15048|dataStream:10.1.0.9:15051|priority:0|startupRole:FOLLOWER, fea717c9-b406-422e-8ccb-799e860d7c03|rpc:10.1.0.9:15059|admin:10.1.0.9:15058|client:10.1.0.9:15057|dataStream:10.1.0.9:15060|priority:0|startupRole:FOLLOWER]|listeners:[], old=null
2023-11-17 09:55:42,958 [2a883bf7-e5b8-4bdb-a368-a41799101186@group-5381FD1FF82C-LeaderElection8] INFO  server.RaftServerConfigKeys (ConfUtils.java:logGet(46)) - raft.server.staging.catchup.gap = 1000 (default)
2023-11-17 09:55:42,959 [2a883bf7-e5b8-4bdb-a368-a41799101186@group-5381FD1FF82C-LeaderElection8] INFO  server.RaftServerConfigKeys (ConfUtils.java:logGet(46)) - raft.server.write.element-limit = 1024 (custom)
2023-11-17 09:55:42,959 [2a883bf7-e5b8-4bdb-a368-a41799101186@group-5381FD1FF82C-LeaderElection8] INFO  server.RaftServerConfigKeys (ConfUtils.java:logGet(46)) - raft.server.write.byte-limit = 1024 M (=1073741824) (custom)
2023-11-17 09:55:42,959 [2a883bf7-e5b8-4bdb-a368-a41799101186@group-5381FD1FF82C-LeaderElection8] INFO  server.RaftServerConfigKeys (ConfUtils.java:logGet(46)) - raft.server.watch.timeout = 180s (custom)
2023-11-17 09:55:42,960 [2a883bf7-e5b8-4bdb-a368-a41799101186@group-5381FD1FF82C-LeaderElection8] INFO  server.RaftServerConfigKeys (ConfUtils.java:logGet(46)) - raft.server.watch.timeout.denomination = 1s (default)
2023-11-17 09:55:42,960 [2a883bf7-e5b8-4bdb-a368-a41799101186@group-5381FD1FF82C-LeaderElection8] INFO  server.RaftServerConfigKeys (ConfUtils.java:logGet(46)) - raft.server.watch.element-limit = 65536 (default)
2023-11-17 09:55:42,960 [2a883bf7-e5b8-4bdb-a368-a41799101186@group-5381FD1FF82C-LeaderElection8] INFO  server.RaftServerConfigKeys (ConfUtils.java:logGet(46)) - raft.server.write.element-limit = 1024 (custom)
2023-11-17 09:55:42,960 [2a883bf7-e5b8-4bdb-a368-a41799101186@group-5381FD1FF82C-LeaderElection8] INFO  server.RaftServerConfigKeys (ConfUtils.java:logGet(46)) - raft.server.write.follower.gap.ratio.max = -1.0 (default)
2023-11-17 09:55:42,960 [2a883bf7-e5b8-4bdb-a368-a41799101186@group-5381FD1FF82C-LeaderElection8] INFO  server.RaftServerConfigKeys (ConfUtils.java:logGet(46)) - raft.server.log.appender.snapshot.chunk.size.max = 16MB (=16777216) (default)
2023-11-17 09:55:42,960 [2a883bf7-e5b8-4bdb-a368-a41799101186@group-5381FD1FF82C-LeaderElection8] INFO  server.RaftServerConfigKeys (ConfUtils.java:logGet(46)) - raft.server.log.appender.buffer.byte-limit = 33554432 (custom)
2023-11-17 09:55:42,960 [2a883bf7-e5b8-4bdb-a368-a41799101186@group-5381FD1FF82C-LeaderElection8] INFO  server.RaftServerConfigKeys (ConfUtils.java:logGet(46)) - raft.server.log.appender.buffer.element-limit = 1 (custom)
2023-11-17 09:55:42,961 [2a883bf7-e5b8-4bdb-a368-a41799101186@group-5381FD1FF82C-LeaderElection8] INFO  server.RaftServerConfigKeys (ConfUtils.java:logGet(46)) - raft.server.log.appender.wait-time.min = 1ms (custom)
2023-11-17 09:55:42,961 [2a883bf7-e5b8-4bdb-a368-a41799101186@group-5381FD1FF82C-LeaderElection8] INFO  grpc.GrpcConfigKeys (ConfUtils.java:logGet(46)) - raft.grpc.server.leader.outstanding.appends.max = 128 (default)
2023-11-17 09:55:42,962 [2a883bf7-e5b8-4bdb-a368-a41799101186@group-5381FD1FF82C-LeaderElection8] INFO  server.RaftServerConfigKeys (ConfUtils.java:logGet(46)) - raft.server.rpc.request.timeout = 60s (custom)
2023-11-17 09:55:42,962 [EventQueue-PipelineReportForPipelineReportHandler] INFO  pipeline.PipelineReportHandler (PipelineReportHandler.java:processPipelineReport(136)) - Opened pipeline PipelineID=b7d63c71-7857-4b6e-a0c9-5381fd1ff82c
2023-11-17 09:55:42,962 [2a883bf7-e5b8-4bdb-a368-a41799101186@group-5381FD1FF82C-LeaderElection8] INFO  grpc.GrpcConfigKeys (ConfUtils.java:logGet(46)) - raft.grpc.server.install_snapshot.request.element-limit = 8 (default)
2023-11-17 09:55:42,962 [2a883bf7-e5b8-4bdb-a368-a41799101186@group-5381FD1FF82C-LeaderElection8] INFO  grpc.GrpcConfigKeys (ConfUtils.java:logGet(46)) - raft.grpc.server.install_snapshot.request.timeout = 3000ms (default)
2023-11-17 09:55:42,962 [2a883bf7-e5b8-4bdb-a368-a41799101186@group-5381FD1FF82C-LeaderElection8] INFO  server.RaftServerConfigKeys (ConfUtils.java:logGet(46)) - raft.server.log.appender.install.snapshot.enabled = false (custom)
2023-11-17 09:55:42,962 [2a883bf7-e5b8-4bdb-a368-a41799101186@group-5381FD1FF82C-LeaderElection8] INFO  grpc.GrpcConfigKeys (ConfUtils.java:logGet(46)) - raft.grpc.server.heartbeat.channel = true (default)
2023-11-17 09:55:42,963 [2a883bf7-e5b8-4bdb-a368-a41799101186@group-5381FD1FF82C-LeaderElection8] INFO  server.RaftServerConfigKeys (ConfUtils.java:logGet(46)) - raft.server.log.appender.snapshot.chunk.size.max = 16MB (=16777216) (default)
2023-11-17 09:55:42,963 [2a883bf7-e5b8-4bdb-a368-a41799101186@group-5381FD1FF82C-LeaderElection8] INFO  server.RaftServerConfigKeys (ConfUtils.java:logGet(46)) - raft.server.log.appender.buffer.byte-limit = 33554432 (custom)
2023-11-17 09:55:42,963 [2a883bf7-e5b8-4bdb-a368-a41799101186@group-5381FD1FF82C-LeaderElection8] INFO  server.RaftServerConfigKeys (ConfUtils.java:logGet(46)) - raft.server.log.appender.buffer.element-limit = 1 (custom)
2023-11-17 09:55:42,963 [2a883bf7-e5b8-4bdb-a368-a41799101186@group-5381FD1FF82C-LeaderElection8] INFO  server.RaftServerConfigKeys (ConfUtils.java:logGet(46)) - raft.server.log.appender.wait-time.min = 1ms (custom)
2023-11-17 09:55:42,963 [2a883bf7-e5b8-4bdb-a368-a41799101186@group-5381FD1FF82C-LeaderElection8] INFO  grpc.GrpcConfigKeys (ConfUtils.java:logGet(46)) - raft.grpc.server.leader.outstanding.appends.max = 128 (default)
2023-11-17 09:55:42,964 [2a883bf7-e5b8-4bdb-a368-a41799101186@group-5381FD1FF82C-LeaderElection8] INFO  server.RaftServerConfigKeys (ConfUtils.java:logGet(46)) - raft.server.rpc.request.timeout = 60s (custom)
2023-11-17 09:55:42,964 [2a883bf7-e5b8-4bdb-a368-a41799101186@group-5381FD1FF82C-LeaderElection8] INFO  grpc.GrpcConfigKeys (ConfUtils.java:logGet(46)) - raft.grpc.server.install_snapshot.request.element-limit = 8 (default)
2023-11-17 09:55:42,964 [2a883bf7-e5b8-4bdb-a368-a41799101186@group-5381FD1FF82C-LeaderElection8] INFO  grpc.GrpcConfigKeys (ConfUtils.java:logGet(46)) - raft.grpc.server.install_snapshot.request.timeout = 3000ms (default)
2023-11-17 09:55:42,964 [2a883bf7-e5b8-4bdb-a368-a41799101186@group-5381FD1FF82C-LeaderElection8] INFO  server.RaftServerConfigKeys (ConfUtils.java:logGet(46)) - raft.server.log.appender.install.snapshot.enabled = false (custom)
2023-11-17 09:55:42,964 [2a883bf7-e5b8-4bdb-a368-a41799101186@group-5381FD1FF82C-LeaderElection8] INFO  grpc.GrpcConfigKeys (ConfUtils.java:logGet(46)) - raft.grpc.server.heartbeat.channel = true (default)
2023-11-17 09:55:42,964 [2a883bf7-e5b8-4bdb-a368-a41799101186@group-5381FD1FF82C-LeaderElection8] INFO  impl.RoleInfo (RoleInfo.java:updateAndGet(139)) - 2a883bf7-e5b8-4bdb-a368-a41799101186: start 2a883bf7-e5b8-4bdb-a368-a41799101186@group-5381FD1FF82C-LeaderStateImpl
2023-11-17 09:55:42,965 [2a883bf7-e5b8-4bdb-a368-a41799101186@group-5381FD1FF82C-LeaderElection8] INFO  segmented.SegmentedRaftLogWorker (SegmentedRaftLogWorker.java:startLogSegment(447)) - 2a883bf7-e5b8-4bdb-a368-a41799101186@group-5381FD1FF82C-SegmentedRaftLogWorker: Starting segment from index:0
2023-11-17 09:55:42,966 [2a883bf7-e5b8-4bdb-a368-a41799101186@group-5381FD1FF82C-SegmentedRaftLogWorker] INFO  segmented.SegmentedRaftLogWorker (SegmentedRaftLogWorker.java:execute(651)) - 2a883bf7-e5b8-4bdb-a368-a41799101186@group-5381FD1FF82C-SegmentedRaftLogWorker: created new log segment /home/runner/work/ozone/ozone/hadoop-ozone/integration-test/target/test-dir/MiniOzoneClusterImpl-b9d514d0-62e9-44b2-85a5-b07480d3784c/datanode-3/data/ratis/b7d63c71-7857-4b6e-a0c9-5381fd1ff82c/current/log_inprogress_0
2023-11-17 09:55:42,967 [2a883bf7-e5b8-4bdb-a368-a41799101186@group-5381FD1FF82C-LeaderElection8] INFO  server.RaftServer$Division (ServerState.java:setRaftConf(434)) - 2a883bf7-e5b8-4bdb-a368-a41799101186@group-5381FD1FF82C: set configuration 0: peers:[2a883bf7-e5b8-4bdb-a368-a41799101186|rpc:10.1.0.9:15041|admin:10.1.0.9:15040|client:10.1.0.9:15039|dataStream:10.1.0.9:15042|priority:1|startupRole:FOLLOWER, 3172c264-2718-48bc-901b-d06defdb8935|rpc:10.1.0.9:15050|admin:10.1.0.9:15049|client:10.1.0.9:15048|dataStream:10.1.0.9:15051|priority:0|startupRole:FOLLOWER, fea717c9-b406-422e-8ccb-799e860d7c03|rpc:10.1.0.9:15059|admin:10.1.0.9:15058|client:10.1.0.9:15057|dataStream:10.1.0.9:15060|priority:0|startupRole:FOLLOWER]|listeners:[], old=null
2023-11-17 09:55:42,979 [3172c264-2718-48bc-901b-d06defdb8935-server-thread1] INFO  ratis.XceiverServerRatis (XceiverServerRatis.java:handleLeaderChangedNotification(903)) - Leader change notification received for group: group-5381FD1FF82C with new leaderId: 2a883bf7-e5b8-4bdb-a368-a41799101186
2023-11-17 09:55:42,979 [3172c264-2718-48bc-901b-d06defdb8935-server-thread1] INFO  server.RaftServer$Division (ServerState.java:setLeader(317)) - 3172c264-2718-48bc-901b-d06defdb8935@group-5381FD1FF82C: change Leader from null to 2a883bf7-e5b8-4bdb-a368-a41799101186 at term 1 for appendEntries, leader elected after 5120ms
2023-11-17 09:55:42,984 [fea717c9-b406-422e-8ccb-799e860d7c03-server-thread1] INFO  ratis.XceiverServerRatis (XceiverServerRatis.java:handleLeaderChangedNotification(903)) - Leader change notification received for group: group-5381FD1FF82C with new leaderId: 2a883bf7-e5b8-4bdb-a368-a41799101186
2023-11-17 09:55:42,984 [fea717c9-b406-422e-8ccb-799e860d7c03-server-thread1] INFO  server.RaftServer$Division (ServerState.java:setLeader(317)) - fea717c9-b406-422e-8ccb-799e860d7c03@group-5381FD1FF82C: change Leader from null to 2a883bf7-e5b8-4bdb-a368-a41799101186 at term 1 for appendEntries, leader elected after 5094ms
2023-11-17 09:55:42,985 [fea717c9-b406-422e-8ccb-799e860d7c03-server-thread1] INFO  server.RaftServer$Division (ServerState.java:setRaftConf(434)) - fea717c9-b406-422e-8ccb-799e860d7c03@group-5381FD1FF82C: set configuration 0: peers:[2a883bf7-e5b8-4bdb-a368-a41799101186|rpc:10.1.0.9:15041|admin:10.1.0.9:15040|client:10.1.0.9:15039|dataStream:10.1.0.9:15042|priority:1|startupRole:FOLLOWER, 3172c264-2718-48bc-901b-d06defdb8935|rpc:10.1.0.9:15050|admin:10.1.0.9:15049|client:10.1.0.9:15048|dataStream:10.1.0.9:15051|priority:0|startupRole:FOLLOWER, fea717c9-b406-422e-8ccb-799e860d7c03|rpc:10.1.0.9:15059|admin:10.1.0.9:15058|client:10.1.0.9:15057|dataStream:10.1.0.9:15060|priority:0|startupRole:FOLLOWER]|listeners:[], old=null
2023-11-17 09:55:42,985 [fea717c9-b406-422e-8ccb-799e860d7c03-server-thread1] INFO  segmented.SegmentedRaftLogWorker (SegmentedRaftLogWorker.java:startLogSegment(447)) - fea717c9-b406-422e-8ccb-799e860d7c03@group-5381FD1FF82C-SegmentedRaftLogWorker: Starting segment from index:0
2023-11-17 09:55:42,987 [fea717c9-b406-422e-8ccb-799e860d7c03@group-5381FD1FF82C-SegmentedRaftLogWorker] INFO  segmented.SegmentedRaftLogWorker (SegmentedRaftLogWorker.java:execute(651)) - fea717c9-b406-422e-8ccb-799e860d7c03@group-5381FD1FF82C-SegmentedRaftLogWorker: created new log segment /home/runner/work/ozone/ozone/hadoop-ozone/integration-test/target/test-dir/MiniOzoneClusterImpl-b9d514d0-62e9-44b2-85a5-b07480d3784c/datanode-5/data/ratis/b7d63c71-7857-4b6e-a0c9-5381fd1ff82c/current/log_inprogress_0
2023-11-17 09:55:42,991 [3172c264-2718-48bc-901b-d06defdb8935-server-thread3] INFO  server.RaftServer$Division (ServerState.java:setRaftConf(434)) - 3172c264-2718-48bc-901b-d06defdb8935@group-5381FD1FF82C: set configuration 0: peers:[2a883bf7-e5b8-4bdb-a368-a41799101186|rpc:10.1.0.9:15041|admin:10.1.0.9:15040|client:10.1.0.9:15039|dataStream:10.1.0.9:15042|priority:1|startupRole:FOLLOWER, 3172c264-2718-48bc-901b-d06defdb8935|rpc:10.1.0.9:15050|admin:10.1.0.9:15049|client:10.1.0.9:15048|dataStream:10.1.0.9:15051|priority:0|startupRole:FOLLOWER, fea717c9-b406-422e-8ccb-799e860d7c03|rpc:10.1.0.9:15059|admin:10.1.0.9:15058|client:10.1.0.9:15057|dataStream:10.1.0.9:15060|priority:0|startupRole:FOLLOWER]|listeners:[], old=null
2023-11-17 09:55:42,991 [3172c264-2718-48bc-901b-d06defdb8935-server-thread3] INFO  segmented.SegmentedRaftLogWorker (SegmentedRaftLogWorker.java:startLogSegment(447)) - 3172c264-2718-48bc-901b-d06defdb8935@group-5381FD1FF82C-SegmentedRaftLogWorker: Starting segment from index:0
2023-11-17 09:55:42,993 [3172c264-2718-48bc-901b-d06defdb8935@group-5381FD1FF82C-SegmentedRaftLogWorker] INFO  segmented.SegmentedRaftLogWorker (SegmentedRaftLogWorker.java:execute(651)) - 3172c264-2718-48bc-901b-d06defdb8935@group-5381FD1FF82C-SegmentedRaftLogWorker: created new log segment /home/runner/work/ozone/ozone/hadoop-ozone/integration-test/target/test-dir/MiniOzoneClusterImpl-b9d514d0-62e9-44b2-85a5-b07480d3784c/datanode-4/data/ratis/b7d63c71-7857-4b6e-a0c9-5381fd1ff82c/current/log_inprogress_0
2023-11-17 09:55:42,993 [3172c264-2718-48bc-901b-d06defdb8935@group-8A8AA5C471F5-FollowerState] INFO  impl.FollowerState (FollowerState.java:run(143)) - 3172c264-2718-48bc-901b-d06defdb8935@group-8A8AA5C471F5-FollowerState: change to CANDIDATE, lastRpcElapsedTime:5149168664ns, electionTimeout:5147ms
2023-11-17 09:55:42,993 [3172c264-2718-48bc-901b-d06defdb8935@group-8A8AA5C471F5-FollowerState] INFO  impl.RoleInfo (RoleInfo.java:shutdownFollowerState(110)) - 3172c264-2718-48bc-901b-d06defdb8935: shutdown 3172c264-2718-48bc-901b-d06defdb8935@group-8A8AA5C471F5-FollowerState
2023-11-17 09:55:42,993 [3172c264-2718-48bc-901b-d06defdb8935@group-8A8AA5C471F5-FollowerState] INFO  server.RaftServer$Division (RaftServerImpl.java:setRole(329)) - 3172c264-2718-48bc-901b-d06defdb8935@group-8A8AA5C471F5: changes role from  FOLLOWER to CANDIDATE at term 0 for changeToCandidate
2023-11-17 09:55:42,993 [3172c264-2718-48bc-901b-d06defdb8935@group-8A8AA5C471F5-FollowerState] INFO  server.RaftServerConfigKeys (ConfUtils.java:logGet(46)) - raft.server.leaderelection.pre-vote = true (default)
2023-11-17 09:55:42,993 [3172c264-2718-48bc-901b-d06defdb8935@group-8A8AA5C471F5-FollowerState] INFO  impl.RoleInfo (RoleInfo.java:updateAndGet(139)) - 3172c264-2718-48bc-901b-d06defdb8935: start 3172c264-2718-48bc-901b-d06defdb8935@group-8A8AA5C471F5-LeaderElection9
2023-11-17 09:55:42,995 [3172c264-2718-48bc-901b-d06defdb8935@group-8A8AA5C471F5-LeaderElection9] INFO  impl.LeaderElection (LeaderElection.java:askForVotes(321)) - 3172c264-2718-48bc-901b-d06defdb8935@group-8A8AA5C471F5-LeaderElection9 PRE_VOTE round 0: submit vote requests at term 0 for -1: peers:[3172c264-2718-48bc-901b-d06defdb8935|rpc:10.1.0.9:15050|admin:10.1.0.9:15049|client:10.1.0.9:15048|dataStream:10.1.0.9:15051|priority:1|startupRole:FOLLOWER]|listeners:[], old=null
2023-11-17 09:55:42,995 [3172c264-2718-48bc-901b-d06defdb8935@group-8A8AA5C471F5-LeaderElection9] INFO  impl.LeaderElection (LeaderElection.java:askForVotes(323)) - 3172c264-2718-48bc-901b-d06defdb8935@group-8A8AA5C471F5-LeaderElection9 PRE_VOTE round 0: result PASSED (term=0)
2023-11-17 09:55:42,996 [3172c264-2718-48bc-901b-d06defdb8935@group-8A8AA5C471F5-LeaderElection9] INFO  impl.LeaderElection (LeaderElection.java:askForVotes(321)) - 3172c264-2718-48bc-901b-d06defdb8935@group-8A8AA5C471F5-LeaderElection9 ELECTION round 0: submit vote requests at term 1 for -1: peers:[3172c264-2718-48bc-901b-d06defdb8935|rpc:10.1.0.9:15050|admin:10.1.0.9:15049|client:10.1.0.9:15048|dataStream:10.1.0.9:15051|priority:1|startupRole:FOLLOWER]|listeners:[], old=null
2023-11-17 09:55:42,996 [3172c264-2718-48bc-901b-d06defdb8935@group-8A8AA5C471F5-LeaderElection9] INFO  impl.LeaderElection (LeaderElection.java:askForVotes(323)) - 3172c264-2718-48bc-901b-d06defdb8935@group-8A8AA5C471F5-LeaderElection9 ELECTION round 0: result PASSED (term=1)
2023-11-17 09:55:42,996 [3172c264-2718-48bc-901b-d06defdb8935@group-8A8AA5C471F5-LeaderElection9] INFO  impl.RoleInfo (RoleInfo.java:shutdownLeaderElection(130)) - 3172c264-2718-48bc-901b-d06defdb8935: shutdown 3172c264-2718-48bc-901b-d06defdb8935@group-8A8AA5C471F5-LeaderElection9
2023-11-17 09:55:42,996 [3172c264-2718-48bc-901b-d06defdb8935@group-8A8AA5C471F5-LeaderElection9] INFO  server.RaftServer$Division (RaftServerImpl.java:setRole(329)) - 3172c264-2718-48bc-901b-d06defdb8935@group-8A8AA5C471F5: changes role from CANDIDATE to LEADER at term 1 for changeToLeader
2023-11-17 09:55:42,996 [3172c264-2718-48bc-901b-d06defdb8935@group-8A8AA5C471F5-LeaderElection9] INFO  ratis.XceiverServerRatis (XceiverServerRatis.java:handleLeaderChangedNotification(903)) - Leader change notification received for group: group-8A8AA5C471F5 with new leaderId: 3172c264-2718-48bc-901b-d06defdb8935
2023-11-17 09:55:42,996 [3172c264-2718-48bc-901b-d06defdb8935@group-8A8AA5C471F5-LeaderElection9] INFO  server.RaftServer$Division (ServerState.java:setLeader(317)) - 3172c264-2718-48bc-901b-d06defdb8935@group-8A8AA5C471F5: change Leader from null to 3172c264-2718-48bc-901b-d06defdb8935 at term 1 for becomeLeader, leader elected after 5204ms
2023-11-17 09:55:42,996 [3172c264-2718-48bc-901b-d06defdb8935@group-8A8AA5C471F5-LeaderElection9] INFO  server.RaftServerConfigKeys (ConfUtils.java:logGet(46)) - raft.server.staging.catchup.gap = 1000 (default)
2023-11-17 09:55:42,996 [3172c264-2718-48bc-901b-d06defdb8935@group-8A8AA5C471F5-LeaderElection9] INFO  server.RaftServerConfigKeys (ConfUtils.java:logGet(46)) - raft.server.write.element-limit = 1024 (custom)
2023-11-17 09:55:42,996 [3172c264-2718-48bc-901b-d06defdb8935@group-8A8AA5C471F5-LeaderElection9] INFO  server.RaftServerConfigKeys (ConfUtils.java:logGet(46)) - raft.server.write.byte-limit = 1024 M (=1073741824) (custom)
2023-11-17 09:55:42,997 [3172c264-2718-48bc-901b-d06defdb8935@group-8A8AA5C471F5-LeaderElection9] INFO  server.RaftServerConfigKeys (ConfUtils.java:logGet(46)) - raft.server.watch.timeout = 180s (custom)
2023-11-17 09:55:42,997 [3172c264-2718-48bc-901b-d06defdb8935@group-8A8AA5C471F5-LeaderElection9] INFO  server.RaftServerConfigKeys (ConfUtils.java:logGet(46)) - raft.server.watch.timeout.denomination = 1s (default)
2023-11-17 09:55:42,997 [3172c264-2718-48bc-901b-d06defdb8935@group-8A8AA5C471F5-LeaderElection9] INFO  server.RaftServerConfigKeys (ConfUtils.java:logGet(46)) - raft.server.watch.element-limit = 65536 (default)
2023-11-17 09:55:42,997 [3172c264-2718-48bc-901b-d06defdb8935@group-8A8AA5C471F5-LeaderElection9] INFO  server.RaftServerConfigKeys (ConfUtils.java:logGet(46)) - raft.server.write.element-limit = 1024 (custom)
2023-11-17 09:55:42,997 [3172c264-2718-48bc-901b-d06defdb8935@group-8A8AA5C471F5-LeaderElection9] INFO  server.RaftServerConfigKeys (ConfUtils.java:logGet(46)) - raft.server.write.follower.gap.ratio.max = -1.0 (default)
2023-11-17 09:55:42,997 [3172c264-2718-48bc-901b-d06defdb8935@group-8A8AA5C471F5-LeaderElection9] INFO  impl.RoleInfo (RoleInfo.java:updateAndGet(139)) - 3172c264-2718-48bc-901b-d06defdb8935: start 3172c264-2718-48bc-901b-d06defdb8935@group-8A8AA5C471F5-LeaderStateImpl
2023-11-17 09:55:42,997 [3172c264-2718-48bc-901b-d06defdb8935@group-8A8AA5C471F5-LeaderElection9] INFO  segmented.SegmentedRaftLogWorker (SegmentedRaftLogWorker.java:startLogSegment(447)) - 3172c264-2718-48bc-901b-d06defdb8935@group-8A8AA5C471F5-SegmentedRaftLogWorker: Starting segment from index:0
2023-11-17 09:55:42,998 [3172c264-2718-48bc-901b-d06defdb8935@group-8A8AA5C471F5-SegmentedRaftLogWorker] INFO  segmented.SegmentedRaftLogWorker (SegmentedRaftLogWorker.java:execute(651)) - 3172c264-2718-48bc-901b-d06defdb8935@group-8A8AA5C471F5-SegmentedRaftLogWorker: created new log segment /home/runner/work/ozone/ozone/hadoop-ozone/integration-test/target/test-dir/MiniOzoneClusterImpl-b9d514d0-62e9-44b2-85a5-b07480d3784c/datanode-4/data/ratis/a4494666-20c3-43f7-a1eb-8a8aa5c471f5/current/log_inprogress_0
2023-11-17 09:55:42,999 [3172c264-2718-48bc-901b-d06defdb8935@group-8A8AA5C471F5-LeaderElection9] INFO  server.RaftServer$Division (ServerState.java:setRaftConf(434)) - 3172c264-2718-48bc-901b-d06defdb8935@group-8A8AA5C471F5: set configuration 0: peers:[3172c264-2718-48bc-901b-d06defdb8935|rpc:10.1.0.9:15050|admin:10.1.0.9:15049|client:10.1.0.9:15048|dataStream:10.1.0.9:15051|priority:1|startupRole:FOLLOWER]|listeners:[], old=null
2023-11-17 09:55:43,071 [fea717c9-b406-422e-8ccb-799e860d7c03@group-50FDC25891FC-FollowerState] INFO  impl.FollowerState (FollowerState.java:run(143)) - fea717c9-b406-422e-8ccb-799e860d7c03@group-50FDC25891FC-FollowerState: change to CANDIDATE, lastRpcElapsedTime:5147285817ns, electionTimeout:5146ms
2023-11-17 09:55:43,072 [fea717c9-b406-422e-8ccb-799e860d7c03@group-50FDC25891FC-FollowerState] INFO  impl.RoleInfo (RoleInfo.java:shutdownFollowerState(110)) - fea717c9-b406-422e-8ccb-799e860d7c03: shutdown fea717c9-b406-422e-8ccb-799e860d7c03@group-50FDC25891FC-FollowerState
2023-11-17 09:55:43,072 [fea717c9-b406-422e-8ccb-799e860d7c03@group-50FDC25891FC-FollowerState] INFO  server.RaftServer$Division (RaftServerImpl.java:setRole(329)) - fea717c9-b406-422e-8ccb-799e860d7c03@group-50FDC25891FC: changes role from  FOLLOWER to CANDIDATE at term 0 for changeToCandidate
2023-11-17 09:55:43,072 [fea717c9-b406-422e-8ccb-799e860d7c03@group-50FDC25891FC-FollowerState] INFO  server.RaftServerConfigKeys (ConfUtils.java:logGet(46)) - raft.server.leaderelection.pre-vote = true (default)
2023-11-17 09:55:43,072 [fea717c9-b406-422e-8ccb-799e860d7c03@group-50FDC25891FC-FollowerState] INFO  impl.RoleInfo (RoleInfo.java:updateAndGet(139)) - fea717c9-b406-422e-8ccb-799e860d7c03: start fea717c9-b406-422e-8ccb-799e860d7c03@group-50FDC25891FC-LeaderElection10
2023-11-17 09:55:43,073 [fea717c9-b406-422e-8ccb-799e860d7c03@group-50FDC25891FC-LeaderElection10] INFO  impl.LeaderElection (LeaderElection.java:askForVotes(321)) - fea717c9-b406-422e-8ccb-799e860d7c03@group-50FDC25891FC-LeaderElection10 PRE_VOTE round 0: submit vote requests at term 0 for -1: peers:[fea717c9-b406-422e-8ccb-799e860d7c03|rpc:10.1.0.9:15059|admin:10.1.0.9:15058|client:10.1.0.9:15057|dataStream:10.1.0.9:15060|priority:1|startupRole:FOLLOWER]|listeners:[], old=null
2023-11-17 09:55:43,073 [fea717c9-b406-422e-8ccb-799e860d7c03@group-50FDC25891FC-LeaderElection10] INFO  impl.LeaderElection (LeaderElection.java:askForVotes(323)) - fea717c9-b406-422e-8ccb-799e860d7c03@group-50FDC25891FC-LeaderElection10 PRE_VOTE round 0: result PASSED (term=0)
2023-11-17 09:55:43,075 [fea717c9-b406-422e-8ccb-799e860d7c03@group-50FDC25891FC-LeaderElection10] INFO  impl.LeaderElection (LeaderElection.java:askForVotes(321)) - fea717c9-b406-422e-8ccb-799e860d7c03@group-50FDC25891FC-LeaderElection10 ELECTION round 0: submit vote requests at term 1 for -1: peers:[fea717c9-b406-422e-8ccb-799e860d7c03|rpc:10.1.0.9:15059|admin:10.1.0.9:15058|client:10.1.0.9:15057|dataStream:10.1.0.9:15060|priority:1|startupRole:FOLLOWER]|listeners:[], old=null
2023-11-17 09:55:43,075 [fea717c9-b406-422e-8ccb-799e860d7c03@group-50FDC25891FC-LeaderElection10] INFO  impl.LeaderElection (LeaderElection.java:askForVotes(323)) - fea717c9-b406-422e-8ccb-799e860d7c03@group-50FDC25891FC-LeaderElection10 ELECTION round 0: result PASSED (term=1)
2023-11-17 09:55:43,075 [fea717c9-b406-422e-8ccb-799e860d7c03@group-50FDC25891FC-LeaderElection10] INFO  impl.RoleInfo (RoleInfo.java:shutdownLeaderElection(130)) - fea717c9-b406-422e-8ccb-799e860d7c03: shutdown fea717c9-b406-422e-8ccb-799e860d7c03@group-50FDC25891FC-LeaderElection10
2023-11-17 09:55:43,075 [fea717c9-b406-422e-8ccb-799e860d7c03@group-50FDC25891FC-LeaderElection10] INFO  server.RaftServer$Division (RaftServerImpl.java:setRole(329)) - fea717c9-b406-422e-8ccb-799e860d7c03@group-50FDC25891FC: changes role from CANDIDATE to LEADER at term 1 for changeToLeader
2023-11-17 09:55:43,075 [fea717c9-b406-422e-8ccb-799e860d7c03@group-50FDC25891FC-LeaderElection10] INFO  ratis.XceiverServerRatis (XceiverServerRatis.java:handleLeaderChangedNotification(903)) - Leader change notification received for group: group-50FDC25891FC with new leaderId: fea717c9-b406-422e-8ccb-799e860d7c03
2023-11-17 09:55:43,075 [fea717c9-b406-422e-8ccb-799e860d7c03@group-50FDC25891FC-LeaderElection10] INFO  server.RaftServer$Division (ServerState.java:setLeader(317)) - fea717c9-b406-422e-8ccb-799e860d7c03@group-50FDC25891FC: change Leader from null to fea717c9-b406-422e-8ccb-799e860d7c03 at term 1 for becomeLeader, leader elected after 5226ms
2023-11-17 09:55:43,075 [fea717c9-b406-422e-8ccb-799e860d7c03@group-50FDC25891FC-LeaderElection10] INFO  server.RaftServerConfigKeys (ConfUtils.java:logGet(46)) - raft.server.staging.catchup.gap = 1000 (default)
2023-11-17 09:55:43,076 [fea717c9-b406-422e-8ccb-799e860d7c03@group-50FDC25891FC-LeaderElection10] INFO  server.RaftServerConfigKeys (ConfUtils.java:logGet(46)) - raft.server.write.element-limit = 1024 (custom)
2023-11-17 09:55:43,076 [fea717c9-b406-422e-8ccb-799e860d7c03@group-50FDC25891FC-LeaderElection10] INFO  server.RaftServerConfigKeys (ConfUtils.java:logGet(46)) - raft.server.write.byte-limit = 1024 M (=1073741824) (custom)
2023-11-17 09:55:43,076 [fea717c9-b406-422e-8ccb-799e860d7c03@group-50FDC25891FC-LeaderElection10] INFO  server.RaftServerConfigKeys (ConfUtils.java:logGet(46)) - raft.server.watch.timeout = 180s (custom)
2023-11-17 09:55:43,076 [fea717c9-b406-422e-8ccb-799e860d7c03@group-50FDC25891FC-LeaderElection10] INFO  server.RaftServerConfigKeys (ConfUtils.java:logGet(46)) - raft.server.watch.timeout.denomination = 1s (default)
2023-11-17 09:55:43,076 [fea717c9-b406-422e-8ccb-799e860d7c03@group-50FDC25891FC-LeaderElection10] INFO  server.RaftServerConfigKeys (ConfUtils.java:logGet(46)) - raft.server.watch.element-limit = 65536 (default)
2023-11-17 09:55:43,076 [fea717c9-b406-422e-8ccb-799e860d7c03@group-50FDC25891FC-LeaderElection10] INFO  server.RaftServerConfigKeys (ConfUtils.java:logGet(46)) - raft.server.write.element-limit = 1024 (custom)
2023-11-17 09:55:43,076 [fea717c9-b406-422e-8ccb-799e860d7c03@group-50FDC25891FC-LeaderElection10] INFO  server.RaftServerConfigKeys (ConfUtils.java:logGet(46)) - raft.server.write.follower.gap.ratio.max = -1.0 (default)
2023-11-17 09:55:43,076 [fea717c9-b406-422e-8ccb-799e860d7c03@group-50FDC25891FC-LeaderElection10] INFO  impl.RoleInfo (RoleInfo.java:updateAndGet(139)) - fea717c9-b406-422e-8ccb-799e860d7c03: start fea717c9-b406-422e-8ccb-799e860d7c03@group-50FDC25891FC-LeaderStateImpl
2023-11-17 09:55:43,077 [fea717c9-b406-422e-8ccb-799e860d7c03@group-50FDC25891FC-LeaderElection10] INFO  segmented.SegmentedRaftLogWorker (SegmentedRaftLogWorker.java:startLogSegment(447)) - fea717c9-b406-422e-8ccb-799e860d7c03@group-50FDC25891FC-SegmentedRaftLogWorker: Starting segment from index:0
2023-11-17 09:55:43,078 [fea717c9-b406-422e-8ccb-799e860d7c03@group-50FDC25891FC-SegmentedRaftLogWorker] INFO  segmented.SegmentedRaftLogWorker (SegmentedRaftLogWorker.java:execute(651)) - fea717c9-b406-422e-8ccb-799e860d7c03@group-50FDC25891FC-SegmentedRaftLogWorker: created new log segment /home/runner/work/ozone/ozone/hadoop-ozone/integration-test/target/test-dir/MiniOzoneClusterImpl-b9d514d0-62e9-44b2-85a5-b07480d3784c/datanode-5/data/ratis/1fd69049-22f1-4226-8fb2-50fdc25891fc/current/log_inprogress_0
2023-11-17 09:55:43,079 [fea717c9-b406-422e-8ccb-799e860d7c03@group-50FDC25891FC-LeaderElection10] INFO  server.RaftServer$Division (ServerState.java:setRaftConf(434)) - fea717c9-b406-422e-8ccb-799e860d7c03@group-50FDC25891FC: set configuration 0: peers:[fea717c9-b406-422e-8ccb-799e860d7c03|rpc:10.1.0.9:15059|admin:10.1.0.9:15058|client:10.1.0.9:15057|dataStream:10.1.0.9:15060|priority:1|startupRole:FOLLOWER]|listeners:[], old=null
2023-11-17 09:55:43,115 [54bd6e84-2e53-4956-b446-cc6ac26bbc90@group-32A51C59FD22-FollowerState] INFO  impl.FollowerState (FollowerState.java:run(143)) - 54bd6e84-2e53-4956-b446-cc6ac26bbc90@group-32A51C59FD22-FollowerState: change to CANDIDATE, lastRpcElapsedTime:5119226978ns, electionTimeout:5107ms
2023-11-17 09:55:43,115 [54bd6e84-2e53-4956-b446-cc6ac26bbc90@group-32A51C59FD22-FollowerState] INFO  impl.RoleInfo (RoleInfo.java:shutdownFollowerState(110)) - 54bd6e84-2e53-4956-b446-cc6ac26bbc90: shutdown 54bd6e84-2e53-4956-b446-cc6ac26bbc90@group-32A51C59FD22-FollowerState
2023-11-17 09:55:43,115 [54bd6e84-2e53-4956-b446-cc6ac26bbc90@group-32A51C59FD22-FollowerState] INFO  server.RaftServer$Division (RaftServerImpl.java:setRole(329)) - 54bd6e84-2e53-4956-b446-cc6ac26bbc90@group-32A51C59FD22: changes role from  FOLLOWER to CANDIDATE at term 0 for changeToCandidate
2023-11-17 09:55:43,115 [54bd6e84-2e53-4956-b446-cc6ac26bbc90@group-32A51C59FD22-FollowerState] INFO  server.RaftServerConfigKeys (ConfUtils.java:logGet(46)) - raft.server.leaderelection.pre-vote = true (default)
2023-11-17 09:55:43,115 [54bd6e84-2e53-4956-b446-cc6ac26bbc90@group-32A51C59FD22-FollowerState] INFO  impl.RoleInfo (RoleInfo.java:updateAndGet(139)) - 54bd6e84-2e53-4956-b446-cc6ac26bbc90: start 54bd6e84-2e53-4956-b446-cc6ac26bbc90@group-32A51C59FD22-LeaderElection11
2023-11-17 09:55:43,116 [54bd6e84-2e53-4956-b446-cc6ac26bbc90@group-32A51C59FD22-LeaderElection11] INFO  impl.LeaderElection (LeaderElection.java:askForVotes(321)) - 54bd6e84-2e53-4956-b446-cc6ac26bbc90@group-32A51C59FD22-LeaderElection11 PRE_VOTE round 0: submit vote requests at term 0 for -1: peers:[652b82d9-1846-44d1-8352-7bf3439ad078|rpc:10.1.0.9:15032|admin:10.1.0.9:15031|client:10.1.0.9:15030|dataStream:10.1.0.9:15033|priority:0|startupRole:FOLLOWER, 3f7ce36a-008a-4440-b2ee-16e9e4e5a9e8|rpc:10.1.0.9:15014|admin:10.1.0.9:15013|client:10.1.0.9:15012|dataStream:10.1.0.9:15015|priority:1|startupRole:FOLLOWER, 54bd6e84-2e53-4956-b446-cc6ac26bbc90|rpc:10.1.0.9:15023|admin:10.1.0.9:15022|client:10.1.0.9:15021|dataStream:10.1.0.9:15024|priority:0|startupRole:FOLLOWER]|listeners:[], old=null
2023-11-17 09:55:43,117 [54bd6e84-2e53-4956-b446-cc6ac26bbc90@group-32A51C59FD22-LeaderElection11-1] INFO  server.GrpcServerProtocolClient (GrpcServerProtocolClient.java:<init>(65)) - Build channel for 652b82d9-1846-44d1-8352-7bf3439ad078
2023-11-17 09:55:43,117 [54bd6e84-2e53-4956-b446-cc6ac26bbc90@group-32A51C59FD22-LeaderElection11] INFO  server.RaftServerConfigKeys (ConfUtils.java:logFallback(53)) - raft.server.rpc.first-election.timeout.min = 5s (fallback to raft.server.rpc.timeout.min)
2023-11-17 09:55:43,117 [54bd6e84-2e53-4956-b446-cc6ac26bbc90@group-32A51C59FD22-LeaderElection11] INFO  server.RaftServerConfigKeys (ConfUtils.java:logFallback(53)) - raft.server.rpc.first-election.timeout.max = 5200ms (fallback to raft.server.rpc.timeout.max)
2023-11-17 09:55:43,117 [54bd6e84-2e53-4956-b446-cc6ac26bbc90@group-32A51C59FD22-LeaderElection11-2] INFO  server.GrpcServerProtocolClient (GrpcServerProtocolClient.java:<init>(65)) - Build channel for 3f7ce36a-008a-4440-b2ee-16e9e4e5a9e8
2023-11-17 09:55:43,123 [grpc-default-executor-0] INFO  server.RaftServer$Division (RaftServerImpl.java:requestVote(1302)) - 3f7ce36a-008a-4440-b2ee-16e9e4e5a9e8@group-32A51C59FD22: receive requestVote(PRE_VOTE, 54bd6e84-2e53-4956-b446-cc6ac26bbc90, group-32A51C59FD22, 0, (t:0, i:0))
2023-11-17 09:55:43,123 [grpc-default-executor-0] INFO  impl.VoteContext (VoteContext.java:log(49)) - 3f7ce36a-008a-4440-b2ee-16e9e4e5a9e8@group-32A51C59FD22-FOLLOWER: reject PRE_VOTE from 54bd6e84-2e53-4956-b446-cc6ac26bbc90: our priority 1 > candidate's priority 0
2023-11-17 09:55:43,123 [grpc-default-executor-0] INFO  server.RaftServer$Division (RaftServerImpl.java:requestVote(1335)) - 3f7ce36a-008a-4440-b2ee-16e9e4e5a9e8@group-32A51C59FD22 replies to PRE_VOTE vote request: 54bd6e84-2e53-4956-b446-cc6ac26bbc90<-3f7ce36a-008a-4440-b2ee-16e9e4e5a9e8#0:FAIL-t0. Peer's state: 3f7ce36a-008a-4440-b2ee-16e9e4e5a9e8@group-32A51C59FD22:t0, leader=null, voted=, raftlog=Memoized:3f7ce36a-008a-4440-b2ee-16e9e4e5a9e8@group-32A51C59FD22-SegmentedRaftLog:OPENED:c-1, conf=-1: peers:[652b82d9-1846-44d1-8352-7bf3439ad078|rpc:10.1.0.9:15032|admin:10.1.0.9:15031|client:10.1.0.9:15030|dataStream:10.1.0.9:15033|priority:0|startupRole:FOLLOWER, 3f7ce36a-008a-4440-b2ee-16e9e4e5a9e8|rpc:10.1.0.9:15014|admin:10.1.0.9:15013|client:10.1.0.9:15012|dataStream:10.1.0.9:15015|priority:1|startupRole:FOLLOWER, 54bd6e84-2e53-4956-b446-cc6ac26bbc90|rpc:10.1.0.9:15023|admin:10.1.0.9:15022|client:10.1.0.9:15021|dataStream:10.1.0.9:15024|priority:0|startupRole:FOLLOWER]|listeners:[], old=null
2023-11-17 09:55:43,124 [grpc-default-executor-0] INFO  server.RaftServer$Division (RaftServerImpl.java:requestVote(1302)) - 652b82d9-1846-44d1-8352-7bf3439ad078@group-32A51C59FD22: receive requestVote(PRE_VOTE, 54bd6e84-2e53-4956-b446-cc6ac26bbc90, group-32A51C59FD22, 0, (t:0, i:0))
2023-11-17 09:55:43,124 [grpc-default-executor-0] INFO  impl.VoteContext (VoteContext.java:log(49)) - 652b82d9-1846-44d1-8352-7bf3439ad078@group-32A51C59FD22-FOLLOWER: accept PRE_VOTE from 54bd6e84-2e53-4956-b446-cc6ac26bbc90: our priority 0 <= candidate's priority 0
2023-11-17 09:55:43,124 [grpc-default-executor-0] INFO  server.RaftServer$Division (RaftServerImpl.java:requestVote(1335)) - 652b82d9-1846-44d1-8352-7bf3439ad078@group-32A51C59FD22 replies to PRE_VOTE vote request: 54bd6e84-2e53-4956-b446-cc6ac26bbc90<-652b82d9-1846-44d1-8352-7bf3439ad078#0:OK-t0. Peer's state: 652b82d9-1846-44d1-8352-7bf3439ad078@group-32A51C59FD22:t0, leader=null, voted=, raftlog=Memoized:652b82d9-1846-44d1-8352-7bf3439ad078@group-32A51C59FD22-SegmentedRaftLog:OPENED:c-1, conf=-1: peers:[652b82d9-1846-44d1-8352-7bf3439ad078|rpc:10.1.0.9:15032|admin:10.1.0.9:15031|client:10.1.0.9:15030|dataStream:10.1.0.9:15033|priority:0|startupRole:FOLLOWER, 3f7ce36a-008a-4440-b2ee-16e9e4e5a9e8|rpc:10.1.0.9:15014|admin:10.1.0.9:15013|client:10.1.0.9:15012|dataStream:10.1.0.9:15015|priority:1|startupRole:FOLLOWER, 54bd6e84-2e53-4956-b446-cc6ac26bbc90|rpc:10.1.0.9:15023|admin:10.1.0.9:15022|client:10.1.0.9:15021|dataStream:10.1.0.9:15024|priority:0|startupRole:FOLLOWER]|listeners:[], old=null
2023-11-17 09:55:43,125 [54bd6e84-2e53-4956-b446-cc6ac26bbc90@group-32A51C59FD22-LeaderElection11] INFO  impl.LeaderElection (LeaderElection.java:logAndReturn(90)) - 54bd6e84-2e53-4956-b446-cc6ac26bbc90@group-32A51C59FD22-LeaderElection11: PRE_VOTE REJECTED received 1 response(s) and 0 exception(s):
2023-11-17 09:55:43,125 [54bd6e84-2e53-4956-b446-cc6ac26bbc90@group-32A51C59FD22-LeaderElection11] INFO  impl.LeaderElection (LeaderElection.java:logAndReturn(94)) -   Response 0: 54bd6e84-2e53-4956-b446-cc6ac26bbc90<-3f7ce36a-008a-4440-b2ee-16e9e4e5a9e8#0:FAIL-t0
2023-11-17 09:55:43,125 [54bd6e84-2e53-4956-b446-cc6ac26bbc90@group-32A51C59FD22-LeaderElection11] INFO  impl.LeaderElection (LeaderElection.java:askForVotes(323)) - 54bd6e84-2e53-4956-b446-cc6ac26bbc90@group-32A51C59FD22-LeaderElection11 PRE_VOTE round 0: result REJECTED
2023-11-17 09:55:43,125 [54bd6e84-2e53-4956-b446-cc6ac26bbc90@group-32A51C59FD22-LeaderElection11] INFO  server.RaftServer$Division (RaftServerImpl.java:setRole(329)) - 54bd6e84-2e53-4956-b446-cc6ac26bbc90@group-32A51C59FD22: changes role from CANDIDATE to FOLLOWER at term 0 for REJECTED
2023-11-17 09:55:43,125 [54bd6e84-2e53-4956-b446-cc6ac26bbc90@group-32A51C59FD22-LeaderElection11] INFO  impl.RoleInfo (RoleInfo.java:shutdownLeaderElection(130)) - 54bd6e84-2e53-4956-b446-cc6ac26bbc90: shutdown 54bd6e84-2e53-4956-b446-cc6ac26bbc90@group-32A51C59FD22-LeaderElection11
2023-11-17 09:55:43,125 [54bd6e84-2e53-4956-b446-cc6ac26bbc90@group-32A51C59FD22-LeaderElection11] INFO  impl.RoleInfo (RoleInfo.java:updateAndGet(139)) - 54bd6e84-2e53-4956-b446-cc6ac26bbc90: start 54bd6e84-2e53-4956-b446-cc6ac26bbc90@group-32A51C59FD22-FollowerState
2023-11-17 09:55:43,158 [652b82d9-1846-44d1-8352-7bf3439ad078@group-32A51C59FD22-FollowerState] INFO  server.RaftServerConfigKeys (ConfUtils.java:logFallback(53)) - raft.server.rpc.first-election.timeout.min = 5s (fallback to raft.server.rpc.timeout.min)
2023-11-17 09:55:43,158 [652b82d9-1846-44d1-8352-7bf3439ad078@group-32A51C59FD22-FollowerState] INFO  server.RaftServerConfigKeys (ConfUtils.java:logFallback(53)) - raft.server.rpc.first-election.timeout.max = 5200ms (fallback to raft.server.rpc.timeout.max)
2023-11-17 09:55:43,186 [fea717c9-b406-422e-8ccb-799e860d7c03@group-921E636CB4D7-FollowerState] INFO  impl.FollowerState (FollowerState.java:run(143)) - fea717c9-b406-422e-8ccb-799e860d7c03@group-921E636CB4D7-FollowerState: change to CANDIDATE, lastRpcElapsedTime:5133221695ns, electionTimeout:5132ms
2023-11-17 09:55:43,187 [fea717c9-b406-422e-8ccb-799e860d7c03@group-921E636CB4D7-FollowerState] INFO  impl.RoleInfo (RoleInfo.java:shutdownFollowerState(110)) - fea717c9-b406-422e-8ccb-799e860d7c03: shutdown fea717c9-b406-422e-8ccb-799e860d7c03@group-921E636CB4D7-FollowerState
2023-11-17 09:55:43,187 [fea717c9-b406-422e-8ccb-799e860d7c03@group-921E636CB4D7-FollowerState] INFO  server.RaftServer$Division (RaftServerImpl.java:setRole(329)) - fea717c9-b406-422e-8ccb-799e860d7c03@group-921E636CB4D7: changes role from  FOLLOWER to CANDIDATE at term 0 for changeToCandidate
2023-11-17 09:55:43,187 [fea717c9-b406-422e-8ccb-799e860d7c03@group-921E636CB4D7-FollowerState] INFO  server.RaftServerConfigKeys (ConfUtils.java:logGet(46)) - raft.server.leaderelection.pre-vote = true (default)
2023-11-17 09:55:43,187 [fea717c9-b406-422e-8ccb-799e860d7c03@group-921E636CB4D7-FollowerState] INFO  impl.RoleInfo (RoleInfo.java:updateAndGet(139)) - fea717c9-b406-422e-8ccb-799e860d7c03: start fea717c9-b406-422e-8ccb-799e860d7c03@group-921E636CB4D7-LeaderElection12
2023-11-17 09:55:43,188 [fea717c9-b406-422e-8ccb-799e860d7c03@group-921E636CB4D7-LeaderElection12] INFO  impl.LeaderElection (LeaderElection.java:askForVotes(321)) - fea717c9-b406-422e-8ccb-799e860d7c03@group-921E636CB4D7-LeaderElection12 PRE_VOTE round 0: submit vote requests at term 0 for -1: peers:[2a883bf7-e5b8-4bdb-a368-a41799101186|rpc:10.1.0.9:15041|admin:10.1.0.9:15040|client:10.1.0.9:15039|dataStream:10.1.0.9:15042|priority:0|startupRole:FOLLOWER, 3172c264-2718-48bc-901b-d06defdb8935|rpc:10.1.0.9:15050|admin:10.1.0.9:15049|client:10.1.0.9:15048|dataStream:10.1.0.9:15051|priority:1|startupRole:FOLLOWER, fea717c9-b406-422e-8ccb-799e860d7c03|rpc:10.1.0.9:15059|admin:10.1.0.9:15058|client:10.1.0.9:15057|dataStream:10.1.0.9:15060|priority:0|startupRole:FOLLOWER]|listeners:[], old=null
2023-11-17 09:55:43,188 [fea717c9-b406-422e-8ccb-799e860d7c03@group-921E636CB4D7-LeaderElection12-1] INFO  server.GrpcServerProtocolClient (GrpcServerProtocolClient.java:<init>(65)) - Build channel for 2a883bf7-e5b8-4bdb-a368-a41799101186
2023-11-17 09:55:43,188 [fea717c9-b406-422e-8ccb-799e860d7c03@group-921E636CB4D7-LeaderElection12-2] INFO  server.GrpcServerProtocolClient (GrpcServerProtocolClient.java:<init>(65)) - Build channel for 3172c264-2718-48bc-901b-d06defdb8935
2023-11-17 09:55:43,188 [fea717c9-b406-422e-8ccb-799e860d7c03@group-921E636CB4D7-LeaderElection12] INFO  server.RaftServerConfigKeys (ConfUtils.java:logFallback(53)) - raft.server.rpc.first-election.timeout.min = 5s (fallback to raft.server.rpc.timeout.min)
2023-11-17 09:55:43,189 [fea717c9-b406-422e-8ccb-799e860d7c03@group-921E636CB4D7-LeaderElection12] INFO  server.RaftServerConfigKeys (ConfUtils.java:logFallback(53)) - raft.server.rpc.first-election.timeout.max = 5200ms (fallback to raft.server.rpc.timeout.max)
2023-11-17 09:55:43,195 [grpc-default-executor-2] INFO  server.RaftServer$Division (RaftServerImpl.java:requestVote(1302)) - 2a883bf7-e5b8-4bdb-a368-a41799101186@group-921E636CB4D7: receive requestVote(PRE_VOTE, fea717c9-b406-422e-8ccb-799e860d7c03, group-921E636CB4D7, 0, (t:0, i:0))
2023-11-17 09:55:43,195 [grpc-default-executor-0] INFO  server.RaftServer$Division (RaftServerImpl.java:requestVote(1302)) - 3172c264-2718-48bc-901b-d06defdb8935@group-921E636CB4D7: receive requestVote(PRE_VOTE, fea717c9-b406-422e-8ccb-799e860d7c03, group-921E636CB4D7, 0, (t:0, i:0))
2023-11-17 09:55:43,195 [grpc-default-executor-2] INFO  impl.VoteContext (VoteContext.java:log(49)) - 2a883bf7-e5b8-4bdb-a368-a41799101186@group-921E636CB4D7-FOLLOWER: accept PRE_VOTE from fea717c9-b406-422e-8ccb-799e860d7c03: our priority 0 <= candidate's priority 0
2023-11-17 09:55:43,195 [grpc-default-executor-0] INFO  impl.VoteContext (VoteContext.java:log(49)) - 3172c264-2718-48bc-901b-d06defdb8935@group-921E636CB4D7-FOLLOWER: reject PRE_VOTE from fea717c9-b406-422e-8ccb-799e860d7c03: our priority 1 > candidate's priority 0
2023-11-17 09:55:43,195 [grpc-default-executor-2] INFO  server.RaftServer$Division (RaftServerImpl.java:requestVote(1335)) - 2a883bf7-e5b8-4bdb-a368-a41799101186@group-921E636CB4D7 replies to PRE_VOTE vote request: fea717c9-b406-422e-8ccb-799e860d7c03<-2a883bf7-e5b8-4bdb-a368-a41799101186#0:OK-t0. Peer's state: 2a883bf7-e5b8-4bdb-a368-a41799101186@group-921E636CB4D7:t0, leader=null, voted=, raftlog=Memoized:2a883bf7-e5b8-4bdb-a368-a41799101186@group-921E636CB4D7-SegmentedRaftLog:OPENED:c-1, conf=-1: peers:[2a883bf7-e5b8-4bdb-a368-a41799101186|rpc:10.1.0.9:15041|admin:10.1.0.9:15040|client:10.1.0.9:15039|dataStream:10.1.0.9:15042|priority:0|startupRole:FOLLOWER, 3172c264-2718-48bc-901b-d06defdb8935|rpc:10.1.0.9:15050|admin:10.1.0.9:15049|client:10.1.0.9:15048|dataStream:10.1.0.9:15051|priority:1|startupRole:FOLLOWER, fea717c9-b406-422e-8ccb-799e860d7c03|rpc:10.1.0.9:15059|admin:10.1.0.9:15058|client:10.1.0.9:15057|dataStream:10.1.0.9:15060|priority:0|startupRole:FOLLOWER]|listeners:[], old=null
2023-11-17 09:55:43,195 [grpc-default-executor-0] INFO  server.RaftServer$Division (RaftServerImpl.java:requestVote(1335)) - 3172c264-2718-48bc-901b-d06defdb8935@group-921E636CB4D7 replies to PRE_VOTE vote request: fea717c9-b406-422e-8ccb-799e860d7c03<-3172c264-2718-48bc-901b-d06defdb8935#0:FAIL-t0. Peer's state: 3172c264-2718-48bc-901b-d06defdb8935@group-921E636CB4D7:t0, leader=null, voted=, raftlog=Memoized:3172c264-2718-48bc-901b-d06defdb8935@group-921E636CB4D7-SegmentedRaftLog:OPENED:c-1, conf=-1: peers:[2a883bf7-e5b8-4bdb-a368-a41799101186|rpc:10.1.0.9:15041|admin:10.1.0.9:15040|client:10.1.0.9:15039|dataStream:10.1.0.9:15042|priority:0|startupRole:FOLLOWER, 3172c264-2718-48bc-901b-d06defdb8935|rpc:10.1.0.9:15050|admin:10.1.0.9:15049|client:10.1.0.9:15048|dataStream:10.1.0.9:15051|priority:1|startupRole:FOLLOWER, fea717c9-b406-422e-8ccb-799e860d7c03|rpc:10.1.0.9:15059|admin:10.1.0.9:15058|client:10.1.0.9:15057|dataStream:10.1.0.9:15060|priority:0|startupRole:FOLLOWER]|listeners:[], old=null
2023-11-17 09:55:43,198 [fea717c9-b406-422e-8ccb-799e860d7c03@group-921E636CB4D7-LeaderElection12] INFO  impl.LeaderElection (LeaderElection.java:logAndReturn(90)) - fea717c9-b406-422e-8ccb-799e860d7c03@group-921E636CB4D7-LeaderElection12: PRE_VOTE REJECTED received 2 response(s) and 0 exception(s):
2023-11-17 09:55:43,198 [fea717c9-b406-422e-8ccb-799e860d7c03@group-921E636CB4D7-LeaderElection12] INFO  impl.LeaderElection (LeaderElection.java:logAndReturn(94)) -   Response 0: fea717c9-b406-422e-8ccb-799e860d7c03<-2a883bf7-e5b8-4bdb-a368-a41799101186#0:OK-t0
2023-11-17 09:55:43,198 [fea717c9-b406-422e-8ccb-799e860d7c03@group-921E636CB4D7-LeaderElection12] INFO  impl.LeaderElection (LeaderElection.java:logAndReturn(94)) -   Response 1: fea717c9-b406-422e-8ccb-799e860d7c03<-3172c264-2718-48bc-901b-d06defdb8935#0:FAIL-t0
2023-11-17 09:55:43,198 [fea717c9-b406-422e-8ccb-799e860d7c03@group-921E636CB4D7-LeaderElection12] INFO  impl.LeaderElection (LeaderElection.java:askForVotes(323)) - fea717c9-b406-422e-8ccb-799e860d7c03@group-921E636CB4D7-LeaderElection12 PRE_VOTE round 0: result REJECTED
2023-11-17 09:55:43,199 [fea717c9-b406-422e-8ccb-799e860d7c03@group-921E636CB4D7-LeaderElection12] INFO  server.RaftServer$Division (RaftServerImpl.java:setRole(329)) - fea717c9-b406-422e-8ccb-799e860d7c03@group-921E636CB4D7: changes role from CANDIDATE to FOLLOWER at term 0 for REJECTED
2023-11-17 09:55:43,199 [fea717c9-b406-422e-8ccb-799e860d7c03@group-921E636CB4D7-LeaderElection12] INFO  impl.RoleInfo (RoleInfo.java:shutdownLeaderElection(130)) - fea717c9-b406-422e-8ccb-799e860d7c03: shutdown fea717c9-b406-422e-8ccb-799e860d7c03@group-921E636CB4D7-LeaderElection12
2023-11-17 09:55:43,199 [fea717c9-b406-422e-8ccb-799e860d7c03@group-921E636CB4D7-LeaderElection12] INFO  impl.RoleInfo (RoleInfo.java:updateAndGet(139)) - fea717c9-b406-422e-8ccb-799e860d7c03: start fea717c9-b406-422e-8ccb-799e860d7c03@group-921E636CB4D7-FollowerState
2023-11-17 09:55:43,220 [bfb594ff-14fd-40d9-830b-cf7a3dd84176@group-76FA6C5FEABD-FollowerState] INFO  impl.FollowerState (FollowerState.java:run(143)) - bfb594ff-14fd-40d9-830b-cf7a3dd84176@group-76FA6C5FEABD-FollowerState: change to CANDIDATE, lastRpcElapsedTime:5128611671ns, electionTimeout:5127ms
2023-11-17 09:55:43,220 [bfb594ff-14fd-40d9-830b-cf7a3dd84176@group-76FA6C5FEABD-FollowerState] INFO  impl.RoleInfo (RoleInfo.java:shutdownFollowerState(110)) - bfb594ff-14fd-40d9-830b-cf7a3dd84176: shutdown bfb594ff-14fd-40d9-830b-cf7a3dd84176@group-76FA6C5FEABD-FollowerState
2023-11-17 09:55:43,220 [bfb594ff-14fd-40d9-830b-cf7a3dd84176@group-76FA6C5FEABD-FollowerState] INFO  server.RaftServer$Division (RaftServerImpl.java:setRole(329)) - bfb594ff-14fd-40d9-830b-cf7a3dd84176@group-76FA6C5FEABD: changes role from  FOLLOWER to CANDIDATE at term 0 for changeToCandidate
2023-11-17 09:55:43,220 [bfb594ff-14fd-40d9-830b-cf7a3dd84176@group-76FA6C5FEABD-FollowerState] INFO  server.RaftServerConfigKeys (ConfUtils.java:logGet(46)) - raft.server.leaderelection.pre-vote = true (default)
2023-11-17 09:55:43,220 [bfb594ff-14fd-40d9-830b-cf7a3dd84176@group-76FA6C5FEABD-FollowerState] INFO  impl.RoleInfo (RoleInfo.java:updateAndGet(139)) - bfb594ff-14fd-40d9-830b-cf7a3dd84176: start bfb594ff-14fd-40d9-830b-cf7a3dd84176@group-76FA6C5FEABD-LeaderElection13
2023-11-17 09:55:43,222 [bfb594ff-14fd-40d9-830b-cf7a3dd84176@group-76FA6C5FEABD-LeaderElection13] INFO  impl.LeaderElection (LeaderElection.java:askForVotes(321)) - bfb594ff-14fd-40d9-830b-cf7a3dd84176@group-76FA6C5FEABD-LeaderElection13 PRE_VOTE round 0: submit vote requests at term 0 for -1: peers:[bfb594ff-14fd-40d9-830b-cf7a3dd84176|rpc:10.1.0.9:15068|admin:10.1.0.9:15067|client:10.1.0.9:15066|dataStream:10.1.0.9:15069|priority:1|startupRole:FOLLOWER]|listeners:[], old=null
2023-11-17 09:55:43,222 [bfb594ff-14fd-40d9-830b-cf7a3dd84176@group-76FA6C5FEABD-LeaderElection13] INFO  impl.LeaderElection (LeaderElection.java:askForVotes(323)) - bfb594ff-14fd-40d9-830b-cf7a3dd84176@group-76FA6C5FEABD-LeaderElection13 PRE_VOTE round 0: result PASSED (term=0)
2023-11-17 09:55:43,223 [bfb594ff-14fd-40d9-830b-cf7a3dd84176@group-76FA6C5FEABD-LeaderElection13] INFO  impl.LeaderElection (LeaderElection.java:askForVotes(321)) - bfb594ff-14fd-40d9-830b-cf7a3dd84176@group-76FA6C5FEABD-LeaderElection13 ELECTION round 0: submit vote requests at term 1 for -1: peers:[bfb594ff-14fd-40d9-830b-cf7a3dd84176|rpc:10.1.0.9:15068|admin:10.1.0.9:15067|client:10.1.0.9:15066|dataStream:10.1.0.9:15069|priority:1|startupRole:FOLLOWER]|listeners:[], old=null
2023-11-17 09:55:43,223 [bfb594ff-14fd-40d9-830b-cf7a3dd84176@group-76FA6C5FEABD-LeaderElection13] INFO  impl.LeaderElection (LeaderElection.java:askForVotes(323)) - bfb594ff-14fd-40d9-830b-cf7a3dd84176@group-76FA6C5FEABD-LeaderElection13 ELECTION round 0: result PASSED (term=1)
2023-11-17 09:55:43,223 [bfb594ff-14fd-40d9-830b-cf7a3dd84176@group-76FA6C5FEABD-LeaderElection13] INFO  impl.RoleInfo (RoleInfo.java:shutdownLeaderElection(130)) - bfb594ff-14fd-40d9-830b-cf7a3dd84176: shutdown bfb594ff-14fd-40d9-830b-cf7a3dd84176@group-76FA6C5FEABD-LeaderElection13
2023-11-17 09:55:43,224 [bfb594ff-14fd-40d9-830b-cf7a3dd84176@group-76FA6C5FEABD-LeaderElection13] INFO  server.RaftServer$Division (RaftServerImpl.java:setRole(329)) - bfb594ff-14fd-40d9-830b-cf7a3dd84176@group-76FA6C5FEABD: changes role from CANDIDATE to LEADER at term 1 for changeToLeader
2023-11-17 09:55:43,224 [bfb594ff-14fd-40d9-830b-cf7a3dd84176@group-76FA6C5FEABD-LeaderElection13] INFO  ratis.XceiverServerRatis (XceiverServerRatis.java:handleLeaderChangedNotification(903)) - Leader change notification received for group: group-76FA6C5FEABD with new leaderId: bfb594ff-14fd-40d9-830b-cf7a3dd84176
2023-11-17 09:55:43,224 [bfb594ff-14fd-40d9-830b-cf7a3dd84176@group-76FA6C5FEABD-LeaderElection13] INFO  server.RaftServer$Division (ServerState.java:setLeader(317)) - bfb594ff-14fd-40d9-830b-cf7a3dd84176@group-76FA6C5FEABD: change Leader from null to bfb594ff-14fd-40d9-830b-cf7a3dd84176 at term 1 for becomeLeader, leader elected after 5244ms
2023-11-17 09:55:43,224 [bfb594ff-14fd-40d9-830b-cf7a3dd84176@group-76FA6C5FEABD-LeaderElection13] INFO  server.RaftServerConfigKeys (ConfUtils.java:logGet(46)) - raft.server.staging.catchup.gap = 1000 (default)
2023-11-17 09:55:43,224 [bfb594ff-14fd-40d9-830b-cf7a3dd84176@group-76FA6C5FEABD-LeaderElection13] INFO  server.RaftServerConfigKeys (ConfUtils.java:logGet(46)) - raft.server.write.element-limit = 1024 (custom)
2023-11-17 09:55:43,224 [bfb594ff-14fd-40d9-830b-cf7a3dd84176@group-76FA6C5FEABD-LeaderElection13] INFO  server.RaftServerConfigKeys (ConfUtils.java:logGet(46)) - raft.server.write.byte-limit = 1024 M (=1073741824) (custom)
2023-11-17 09:55:43,225 [bfb594ff-14fd-40d9-830b-cf7a3dd84176@group-76FA6C5FEABD-LeaderElection13] INFO  server.RaftServerConfigKeys (ConfUtils.java:logGet(46)) - raft.server.watch.timeout = 180s (custom)
2023-11-17 09:55:43,225 [bfb594ff-14fd-40d9-830b-cf7a3dd84176@group-76FA6C5FEABD-LeaderElection13] INFO  server.RaftServerConfigKeys (ConfUtils.java:logGet(46)) - raft.server.watch.timeout.denomination = 1s (default)
2023-11-17 09:55:43,225 [bfb594ff-14fd-40d9-830b-cf7a3dd84176@group-76FA6C5FEABD-LeaderElection13] INFO  server.RaftServerConfigKeys (ConfUtils.java:logGet(46)) - raft.server.watch.element-limit = 65536 (default)
2023-11-17 09:55:43,225 [bfb594ff-14fd-40d9-830b-cf7a3dd84176@group-76FA6C5FEABD-LeaderElection13] INFO  server.RaftServerConfigKeys (ConfUtils.java:logGet(46)) - raft.server.write.element-limit = 1024 (custom)
2023-11-17 09:55:43,225 [bfb594ff-14fd-40d9-830b-cf7a3dd84176@group-76FA6C5FEABD-LeaderElection13] INFO  server.RaftServerConfigKeys (ConfUtils.java:logGet(46)) - raft.server.write.follower.gap.ratio.max = -1.0 (default)
2023-11-17 09:55:43,225 [bfb594ff-14fd-40d9-830b-cf7a3dd84176@group-76FA6C5FEABD-LeaderElection13] INFO  impl.RoleInfo (RoleInfo.java:updateAndGet(139)) - bfb594ff-14fd-40d9-830b-cf7a3dd84176: start bfb594ff-14fd-40d9-830b-cf7a3dd84176@group-76FA6C5FEABD-LeaderStateImpl
2023-11-17 09:55:43,225 [bfb594ff-14fd-40d9-830b-cf7a3dd84176@group-76FA6C5FEABD-LeaderElection13] INFO  segmented.SegmentedRaftLogWorker (SegmentedRaftLogWorker.java:startLogSegment(447)) - bfb594ff-14fd-40d9-830b-cf7a3dd84176@group-76FA6C5FEABD-SegmentedRaftLogWorker: Starting segment from index:0
2023-11-17 09:55:43,226 [bfb594ff-14fd-40d9-830b-cf7a3dd84176@group-76FA6C5FEABD-LeaderElection13] INFO  server.RaftServer$Division (ServerState.java:setRaftConf(434)) - bfb594ff-14fd-40d9-830b-cf7a3dd84176@group-76FA6C5FEABD: set configuration 0: peers:[bfb594ff-14fd-40d9-830b-cf7a3dd84176|rpc:10.1.0.9:15068|admin:10.1.0.9:15067|client:10.1.0.9:15066|dataStream:10.1.0.9:15069|priority:1|startupRole:FOLLOWER]|listeners:[], old=null
2023-11-17 09:55:43,227 [bfb594ff-14fd-40d9-830b-cf7a3dd84176@group-76FA6C5FEABD-SegmentedRaftLogWorker] INFO  segmented.SegmentedRaftLogWorker (SegmentedRaftLogWorker.java:execute(651)) - bfb594ff-14fd-40d9-830b-cf7a3dd84176@group-76FA6C5FEABD-SegmentedRaftLogWorker: created new log segment /home/runner/work/ozone/ozone/hadoop-ozone/integration-test/target/test-dir/MiniOzoneClusterImpl-b9d514d0-62e9-44b2-85a5-b07480d3784c/datanode-6/data/ratis/6d9afe88-5f1d-4dd3-a08a-76fa6c5feabd/current/log_inprogress_0
2023-11-17 09:55:43,244 [3f7ce36a-008a-4440-b2ee-16e9e4e5a9e8@group-32A51C59FD22-FollowerState] INFO  impl.FollowerState (FollowerState.java:run(143)) - 3f7ce36a-008a-4440-b2ee-16e9e4e5a9e8@group-32A51C59FD22-FollowerState: change to CANDIDATE, lastRpcElapsedTime:5201163350ns, electionTimeout:5200ms
2023-11-17 09:55:43,244 [3f7ce36a-008a-4440-b2ee-16e9e4e5a9e8@group-32A51C59FD22-FollowerState] INFO  impl.RoleInfo (RoleInfo.java:shutdownFollowerState(110)) - 3f7ce36a-008a-4440-b2ee-16e9e4e5a9e8: shutdown 3f7ce36a-008a-4440-b2ee-16e9e4e5a9e8@group-32A51C59FD22-FollowerState
2023-11-17 09:55:43,245 [3f7ce36a-008a-4440-b2ee-16e9e4e5a9e8@group-32A51C59FD22-FollowerState] INFO  server.RaftServer$Division (RaftServerImpl.java:setRole(329)) - 3f7ce36a-008a-4440-b2ee-16e9e4e5a9e8@group-32A51C59FD22: changes role from  FOLLOWER to CANDIDATE at term 0 for changeToCandidate
2023-11-17 09:55:43,245 [3f7ce36a-008a-4440-b2ee-16e9e4e5a9e8@group-32A51C59FD22-FollowerState] INFO  server.RaftServerConfigKeys (ConfUtils.java:logGet(46)) - raft.server.leaderelection.pre-vote = true (default)
2023-11-17 09:55:43,245 [3f7ce36a-008a-4440-b2ee-16e9e4e5a9e8@group-32A51C59FD22-FollowerState] INFO  impl.RoleInfo (RoleInfo.java:updateAndGet(139)) - 3f7ce36a-008a-4440-b2ee-16e9e4e5a9e8: start 3f7ce36a-008a-4440-b2ee-16e9e4e5a9e8@group-32A51C59FD22-LeaderElection14
2023-11-17 09:55:43,245 [3f7ce36a-008a-4440-b2ee-16e9e4e5a9e8@group-32A51C59FD22-LeaderElection14] INFO  impl.LeaderElection (LeaderElection.java:askForVotes(321)) - 3f7ce36a-008a-4440-b2ee-16e9e4e5a9e8@group-32A51C59FD22-LeaderElection14 PRE_VOTE round 0: submit vote requests at term 0 for -1: peers:[652b82d9-1846-44d1-8352-7bf3439ad078|rpc:10.1.0.9:15032|admin:10.1.0.9:15031|client:10.1.0.9:15030|dataStream:10.1.0.9:15033|priority:0|startupRole:FOLLOWER, 3f7ce36a-008a-4440-b2ee-16e9e4e5a9e8|rpc:10.1.0.9:15014|admin:10.1.0.9:15013|client:10.1.0.9:15012|dataStream:10.1.0.9:15015|priority:1|startupRole:FOLLOWER, 54bd6e84-2e53-4956-b446-cc6ac26bbc90|rpc:10.1.0.9:15023|admin:10.1.0.9:15022|client:10.1.0.9:15021|dataStream:10.1.0.9:15024|priority:0|startupRole:FOLLOWER]|listeners:[], old=null
2023-11-17 09:55:43,246 [3f7ce36a-008a-4440-b2ee-16e9e4e5a9e8@group-32A51C59FD22-LeaderElection14] INFO  server.RaftServerConfigKeys (ConfUtils.java:logFallback(53)) - raft.server.rpc.first-election.timeout.min = 5s (fallback to raft.server.rpc.timeout.min)
2023-11-17 09:55:43,246 [3f7ce36a-008a-4440-b2ee-16e9e4e5a9e8@group-32A51C59FD22-LeaderElection14] INFO  server.RaftServerConfigKeys (ConfUtils.java:logFallback(53)) - raft.server.rpc.first-election.timeout.max = 5200ms (fallback to raft.server.rpc.timeout.max)
2023-11-17 09:55:43,247 [grpc-default-executor-0] INFO  server.RaftServer$Division (RaftServerImpl.java:requestVote(1302)) - 54bd6e84-2e53-4956-b446-cc6ac26bbc90@group-32A51C59FD22: receive requestVote(PRE_VOTE, 3f7ce36a-008a-4440-b2ee-16e9e4e5a9e8, group-32A51C59FD22, 0, (t:0, i:0))
2023-11-17 09:55:43,247 [grpc-default-executor-2] INFO  server.RaftServer$Division (RaftServerImpl.java:requestVote(1302)) - 652b82d9-1846-44d1-8352-7bf3439ad078@group-32A51C59FD22: receive requestVote(PRE_VOTE, 3f7ce36a-008a-4440-b2ee-16e9e4e5a9e8, group-32A51C59FD22, 0, (t:0, i:0))
2023-11-17 09:55:43,247 [grpc-default-executor-0] INFO  impl.VoteContext (VoteContext.java:log(49)) - 54bd6e84-2e53-4956-b446-cc6ac26bbc90@group-32A51C59FD22-FOLLOWER: accept PRE_VOTE from 3f7ce36a-008a-4440-b2ee-16e9e4e5a9e8: our priority 0 <= candidate's priority 1
2023-11-17 09:55:43,247 [grpc-default-executor-2] INFO  impl.VoteContext (VoteContext.java:log(49)) - 652b82d9-1846-44d1-8352-7bf3439ad078@group-32A51C59FD22-FOLLOWER: accept PRE_VOTE from 3f7ce36a-008a-4440-b2ee-16e9e4e5a9e8: our priority 0 <= candidate's priority 1
2023-11-17 09:55:43,248 [grpc-default-executor-0] INFO  server.RaftServer$Division (RaftServerImpl.java:requestVote(1335)) - 54bd6e84-2e53-4956-b446-cc6ac26bbc90@group-32A51C59FD22 replies to PRE_VOTE vote request: 3f7ce36a-008a-4440-b2ee-16e9e4e5a9e8<-54bd6e84-2e53-4956-b446-cc6ac26bbc90#0:OK-t0. Peer's state: 54bd6e84-2e53-4956-b446-cc6ac26bbc90@group-32A51C59FD22:t0, leader=null, voted=, raftlog=Memoized:54bd6e84-2e53-4956-b446-cc6ac26bbc90@group-32A51C59FD22-SegmentedRaftLog:OPENED:c-1, conf=-1: peers:[652b82d9-1846-44d1-8352-7bf3439ad078|rpc:10.1.0.9:15032|admin:10.1.0.9:15031|client:10.1.0.9:15030|dataStream:10.1.0.9:15033|priority:0|startupRole:FOLLOWER, 3f7ce36a-008a-4440-b2ee-16e9e4e5a9e8|rpc:10.1.0.9:15014|admin:10.1.0.9:15013|client:10.1.0.9:15012|dataStream:10.1.0.9:15015|priority:1|startupRole:FOLLOWER, 54bd6e84-2e53-4956-b446-cc6ac26bbc90|rpc:10.1.0.9:15023|admin:10.1.0.9:15022|client:10.1.0.9:15021|dataStream:10.1.0.9:15024|priority:0|startupRole:FOLLOWER]|listeners:[], old=null
2023-11-17 09:55:43,248 [grpc-default-executor-2] INFO  server.RaftServer$Division (RaftServerImpl.java:requestVote(1335)) - 652b82d9-1846-44d1-8352-7bf3439ad078@group-32A51C59FD22 replies to PRE_VOTE vote request: 3f7ce36a-008a-4440-b2ee-16e9e4e5a9e8<-652b82d9-1846-44d1-8352-7bf3439ad078#0:OK-t0. Peer's state: 652b82d9-1846-44d1-8352-7bf3439ad078@group-32A51C59FD22:t0, leader=null, voted=, raftlog=Memoized:652b82d9-1846-44d1-8352-7bf3439ad078@group-32A51C59FD22-SegmentedRaftLog:OPENED:c-1, conf=-1: peers:[652b82d9-1846-44d1-8352-7bf3439ad078|rpc:10.1.0.9:15032|admin:10.1.0.9:15031|client:10.1.0.9:15030|dataStream:10.1.0.9:15033|priority:0|startupRole:FOLLOWER, 3f7ce36a-008a-4440-b2ee-16e9e4e5a9e8|rpc:10.1.0.9:15014|admin:10.1.0.9:15013|client:10.1.0.9:15012|dataStream:10.1.0.9:15015|priority:1|startupRole:FOLLOWER, 54bd6e84-2e53-4956-b446-cc6ac26bbc90|rpc:10.1.0.9:15023|admin:10.1.0.9:15022|client:10.1.0.9:15021|dataStream:10.1.0.9:15024|priority:0|startupRole:FOLLOWER]|listeners:[], old=null
2023-11-17 09:55:43,249 [3f7ce36a-008a-4440-b2ee-16e9e4e5a9e8@group-32A51C59FD22-LeaderElection14] INFO  impl.LeaderElection (LeaderElection.java:logAndReturn(90)) - 3f7ce36a-008a-4440-b2ee-16e9e4e5a9e8@group-32A51C59FD22-LeaderElection14: PRE_VOTE PASSED received 1 response(s) and 0 exception(s):
2023-11-17 09:55:43,249 [3f7ce36a-008a-4440-b2ee-16e9e4e5a9e8@group-32A51C59FD22-LeaderElection14] INFO  impl.LeaderElection (LeaderElection.java:logAndReturn(94)) -   Response 0: 3f7ce36a-008a-4440-b2ee-16e9e4e5a9e8<-652b82d9-1846-44d1-8352-7bf3439ad078#0:OK-t0
2023-11-17 09:55:43,249 [3f7ce36a-008a-4440-b2ee-16e9e4e5a9e8@group-32A51C59FD22-LeaderElection14] INFO  impl.LeaderElection (LeaderElection.java:askForVotes(323)) - 3f7ce36a-008a-4440-b2ee-16e9e4e5a9e8@group-32A51C59FD22-LeaderElection14 PRE_VOTE round 0: result PASSED
2023-11-17 09:55:43,251 [3f7ce36a-008a-4440-b2ee-16e9e4e5a9e8@group-32A51C59FD22-LeaderElection14] INFO  impl.LeaderElection (LeaderElection.java:askForVotes(321)) - 3f7ce36a-008a-4440-b2ee-16e9e4e5a9e8@group-32A51C59FD22-LeaderElection14 ELECTION round 0: submit vote requests at term 1 for -1: peers:[652b82d9-1846-44d1-8352-7bf3439ad078|rpc:10.1.0.9:15032|admin:10.1.0.9:15031|client:10.1.0.9:15030|dataStream:10.1.0.9:15033|priority:0|startupRole:FOLLOWER, 3f7ce36a-008a-4440-b2ee-16e9e4e5a9e8|rpc:10.1.0.9:15014|admin:10.1.0.9:15013|client:10.1.0.9:15012|dataStream:10.1.0.9:15015|priority:1|startupRole:FOLLOWER, 54bd6e84-2e53-4956-b446-cc6ac26bbc90|rpc:10.1.0.9:15023|admin:10.1.0.9:15022|client:10.1.0.9:15021|dataStream:10.1.0.9:15024|priority:0|startupRole:FOLLOWER]|listeners:[], old=null
2023-11-17 09:55:43,251 [3f7ce36a-008a-4440-b2ee-16e9e4e5a9e8@group-32A51C59FD22-LeaderElection14] INFO  server.RaftServerConfigKeys (ConfUtils.java:logFallback(53)) - raft.server.rpc.first-election.timeout.min = 5s (fallback to raft.server.rpc.timeout.min)
2023-11-17 09:55:43,251 [3f7ce36a-008a-4440-b2ee-16e9e4e5a9e8@group-32A51C59FD22-LeaderElection14] INFO  server.RaftServerConfigKeys (ConfUtils.java:logFallback(53)) - raft.server.rpc.first-election.timeout.max = 5200ms (fallback to raft.server.rpc.timeout.max)
2023-11-17 09:55:43,252 [grpc-default-executor-0] INFO  server.RaftServer$Division (RaftServerImpl.java:requestVote(1302)) - 54bd6e84-2e53-4956-b446-cc6ac26bbc90@group-32A51C59FD22: receive requestVote(ELECTION, 3f7ce36a-008a-4440-b2ee-16e9e4e5a9e8, group-32A51C59FD22, 1, (t:0, i:0))
2023-11-17 09:55:43,252 [grpc-default-executor-0] INFO  impl.VoteContext (VoteContext.java:log(49)) - 54bd6e84-2e53-4956-b446-cc6ac26bbc90@group-32A51C59FD22-FOLLOWER: accept ELECTION from 3f7ce36a-008a-4440-b2ee-16e9e4e5a9e8: our priority 0 <= candidate's priority 1
2023-11-17 09:55:43,252 [grpc-default-executor-0] INFO  server.RaftServer$Division (RaftServerImpl.java:setRole(329)) - 54bd6e84-2e53-4956-b446-cc6ac26bbc90@group-32A51C59FD22: changes role from  FOLLOWER to FOLLOWER at term 1 for candidate:3f7ce36a-008a-4440-b2ee-16e9e4e5a9e8
2023-11-17 09:55:43,252 [grpc-default-executor-0] INFO  impl.RoleInfo (RoleInfo.java:shutdownFollowerState(110)) - 54bd6e84-2e53-4956-b446-cc6ac26bbc90: shutdown 54bd6e84-2e53-4956-b446-cc6ac26bbc90@group-32A51C59FD22-FollowerState
2023-11-17 09:55:43,253 [grpc-default-executor-0] INFO  impl.RoleInfo (RoleInfo.java:updateAndGet(139)) - 54bd6e84-2e53-4956-b446-cc6ac26bbc90: start 54bd6e84-2e53-4956-b446-cc6ac26bbc90@group-32A51C59FD22-FollowerState
2023-11-17 09:55:43,253 [54bd6e84-2e53-4956-b446-cc6ac26bbc90@group-32A51C59FD22-FollowerState] INFO  impl.FollowerState (FollowerState.java:run(152)) - 54bd6e84-2e53-4956-b446-cc6ac26bbc90@group-32A51C59FD22-FollowerState was interrupted
2023-11-17 09:55:43,253 [grpc-default-executor-2] INFO  server.RaftServer$Division (RaftServerImpl.java:requestVote(1302)) - 652b82d9-1846-44d1-8352-7bf3439ad078@group-32A51C59FD22: receive requestVote(ELECTION, 3f7ce36a-008a-4440-b2ee-16e9e4e5a9e8, group-32A51C59FD22, 1, (t:0, i:0))
2023-11-17 09:55:43,253 [grpc-default-executor-2] INFO  impl.VoteContext (VoteContext.java:log(49)) - 652b82d9-1846-44d1-8352-7bf3439ad078@group-32A51C59FD22-FOLLOWER: accept ELECTION from 3f7ce36a-008a-4440-b2ee-16e9e4e5a9e8: our priority 0 <= candidate's priority 1
2023-11-17 09:55:43,253 [grpc-default-executor-2] INFO  server.RaftServer$Division (RaftServerImpl.java:setRole(329)) - 652b82d9-1846-44d1-8352-7bf3439ad078@group-32A51C59FD22: changes role from  FOLLOWER to FOLLOWER at term 1 for candidate:3f7ce36a-008a-4440-b2ee-16e9e4e5a9e8
2023-11-17 09:55:43,253 [grpc-default-executor-2] INFO  impl.RoleInfo (RoleInfo.java:shutdownFollowerState(110)) - 652b82d9-1846-44d1-8352-7bf3439ad078: shutdown 652b82d9-1846-44d1-8352-7bf3439ad078@group-32A51C59FD22-FollowerState
2023-11-17 09:55:43,253 [grpc-default-executor-2] INFO  impl.RoleInfo (RoleInfo.java:updateAndGet(139)) - 652b82d9-1846-44d1-8352-7bf3439ad078: start 652b82d9-1846-44d1-8352-7bf3439ad078@group-32A51C59FD22-FollowerState
2023-11-17 09:55:43,253 [652b82d9-1846-44d1-8352-7bf3439ad078@group-32A51C59FD22-FollowerState] INFO  impl.FollowerState (FollowerState.java:run(152)) - 652b82d9-1846-44d1-8352-7bf3439ad078@group-32A51C59FD22-FollowerState was interrupted
2023-11-17 09:55:43,255 [grpc-default-executor-0] INFO  server.RaftServer$Division (RaftServerImpl.java:requestVote(1335)) - 54bd6e84-2e53-4956-b446-cc6ac26bbc90@group-32A51C59FD22 replies to ELECTION vote request: 3f7ce36a-008a-4440-b2ee-16e9e4e5a9e8<-54bd6e84-2e53-4956-b446-cc6ac26bbc90#0:OK-t1. Peer's state: 54bd6e84-2e53-4956-b446-cc6ac26bbc90@group-32A51C59FD22:t1, leader=null, voted=3f7ce36a-008a-4440-b2ee-16e9e4e5a9e8, raftlog=Memoized:54bd6e84-2e53-4956-b446-cc6ac26bbc90@group-32A51C59FD22-SegmentedRaftLog:OPENED:c-1, conf=-1: peers:[652b82d9-1846-44d1-8352-7bf3439ad078|rpc:10.1.0.9:15032|admin:10.1.0.9:15031|client:10.1.0.9:15030|dataStream:10.1.0.9:15033|priority:0|startupRole:FOLLOWER, 3f7ce36a-008a-4440-b2ee-16e9e4e5a9e8|rpc:10.1.0.9:15014|admin:10.1.0.9:15013|client:10.1.0.9:15012|dataStream:10.1.0.9:15015|priority:1|startupRole:FOLLOWER, 54bd6e84-2e53-4956-b446-cc6ac26bbc90|rpc:10.1.0.9:15023|admin:10.1.0.9:15022|client:10.1.0.9:15021|dataStream:10.1.0.9:15024|priority:0|startupRole:FOLLOWER]|listeners:[], old=null
2023-11-17 09:55:43,256 [3f7ce36a-008a-4440-b2ee-16e9e4e5a9e8@group-32A51C59FD22-LeaderElection14] INFO  impl.LeaderElection (LeaderElection.java:logAndReturn(90)) - 3f7ce36a-008a-4440-b2ee-16e9e4e5a9e8@group-32A51C59FD22-LeaderElection14: ELECTION PASSED received 1 response(s) and 0 exception(s):
2023-11-17 09:55:43,256 [3f7ce36a-008a-4440-b2ee-16e9e4e5a9e8@group-32A51C59FD22-LeaderElection14] INFO  impl.LeaderElection (LeaderElection.java:logAndReturn(94)) -   Response 0: 3f7ce36a-008a-4440-b2ee-16e9e4e5a9e8<-54bd6e84-2e53-4956-b446-cc6ac26bbc90#0:OK-t1
2023-11-17 09:55:43,256 [3f7ce36a-008a-4440-b2ee-16e9e4e5a9e8@group-32A51C59FD22-LeaderElection14] INFO  impl.LeaderElection (LeaderElection.java:askForVotes(323)) - 3f7ce36a-008a-4440-b2ee-16e9e4e5a9e8@group-32A51C59FD22-LeaderElection14 ELECTION round 0: result PASSED
2023-11-17 09:55:43,256 [grpc-default-executor-2] INFO  server.RaftServer$Division (RaftServerImpl.java:requestVote(1335)) - 652b82d9-1846-44d1-8352-7bf3439ad078@group-32A51C59FD22 replies to ELECTION vote request: 3f7ce36a-008a-4440-b2ee-16e9e4e5a9e8<-652b82d9-1846-44d1-8352-7bf3439ad078#0:OK-t1. Peer's state: 652b82d9-1846-44d1-8352-7bf3439ad078@group-32A51C59FD22:t1, leader=null, voted=3f7ce36a-008a-4440-b2ee-16e9e4e5a9e8, raftlog=Memoized:652b82d9-1846-44d1-8352-7bf3439ad078@group-32A51C59FD22-SegmentedRaftLog:OPENED:c-1, conf=-1: peers:[652b82d9-1846-44d1-8352-7bf3439ad078|rpc:10.1.0.9:15032|admin:10.1.0.9:15031|client:10.1.0.9:15030|dataStream:10.1.0.9:15033|priority:0|startupRole:FOLLOWER, 3f7ce36a-008a-4440-b2ee-16e9e4e5a9e8|rpc:10.1.0.9:15014|admin:10.1.0.9:15013|client:10.1.0.9:15012|dataStream:10.1.0.9:15015|priority:1|startupRole:FOLLOWER, 54bd6e84-2e53-4956-b446-cc6ac26bbc90|rpc:10.1.0.9:15023|admin:10.1.0.9:15022|client:10.1.0.9:15021|dataStream:10.1.0.9:15024|priority:0|startupRole:FOLLOWER]|listeners:[], old=null
2023-11-17 09:55:43,256 [3f7ce36a-008a-4440-b2ee-16e9e4e5a9e8@group-32A51C59FD22-LeaderElection14] INFO  impl.RoleInfo (RoleInfo.java:shutdownLeaderElection(130)) - 3f7ce36a-008a-4440-b2ee-16e9e4e5a9e8: shutdown 3f7ce36a-008a-4440-b2ee-16e9e4e5a9e8@group-32A51C59FD22-LeaderElection14
2023-11-17 09:55:43,257 [3f7ce36a-008a-4440-b2ee-16e9e4e5a9e8@group-32A51C59FD22-LeaderElection14] INFO  server.RaftServer$Division (RaftServerImpl.java:setRole(329)) - 3f7ce36a-008a-4440-b2ee-16e9e4e5a9e8@group-32A51C59FD22: changes role from CANDIDATE to LEADER at term 1 for changeToLeader
2023-11-17 09:55:43,257 [3f7ce36a-008a-4440-b2ee-16e9e4e5a9e8@group-32A51C59FD22-LeaderElection14] INFO  ratis.XceiverServerRatis (XceiverServerRatis.java:handleLeaderChangedNotification(903)) - Leader change notification received for group: group-32A51C59FD22 with new leaderId: 3f7ce36a-008a-4440-b2ee-16e9e4e5a9e8
2023-11-17 09:55:43,257 [3f7ce36a-008a-4440-b2ee-16e9e4e5a9e8@group-32A51C59FD22-LeaderElection14] INFO  server.RaftServer$Division (ServerState.java:setLeader(317)) - 3f7ce36a-008a-4440-b2ee-16e9e4e5a9e8@group-32A51C59FD22: change Leader from null to 3f7ce36a-008a-4440-b2ee-16e9e4e5a9e8 at term 1 for becomeLeader, leader elected after 5274ms
2023-11-17 09:55:43,257 [3f7ce36a-008a-4440-b2ee-16e9e4e5a9e8@group-32A51C59FD22-LeaderElection14] INFO  server.RaftServerConfigKeys (ConfUtils.java:logGet(46)) - raft.server.staging.catchup.gap = 1000 (default)
2023-11-17 09:55:43,258 [3f7ce36a-008a-4440-b2ee-16e9e4e5a9e8@group-32A51C59FD22-LeaderElection14] INFO  server.RaftServerConfigKeys (ConfUtils.java:logGet(46)) - raft.server.write.element-limit = 1024 (custom)
2023-11-17 09:55:43,258 [3f7ce36a-008a-4440-b2ee-16e9e4e5a9e8@group-32A51C59FD22-LeaderElection14] INFO  server.RaftServerConfigKeys (ConfUtils.java:logGet(46)) - raft.server.write.byte-limit = 1024 M (=1073741824) (custom)
2023-11-17 09:55:43,259 [3f7ce36a-008a-4440-b2ee-16e9e4e5a9e8@group-32A51C59FD22-LeaderElection14] INFO  server.RaftServerConfigKeys (ConfUtils.java:logGet(46)) - raft.server.watch.timeout = 180s (custom)
2023-11-17 09:55:43,259 [3f7ce36a-008a-4440-b2ee-16e9e4e5a9e8@group-32A51C59FD22-LeaderElection14] INFO  server.RaftServerConfigKeys (ConfUtils.java:logGet(46)) - raft.server.watch.timeout.denomination = 1s (default)
2023-11-17 09:55:43,259 [3f7ce36a-008a-4440-b2ee-16e9e4e5a9e8@group-32A51C59FD22-LeaderElection14] INFO  server.RaftServerConfigKeys (ConfUtils.java:logGet(46)) - raft.server.watch.element-limit = 65536 (default)
2023-11-17 09:55:43,259 [3f7ce36a-008a-4440-b2ee-16e9e4e5a9e8@group-32A51C59FD22-LeaderElection14] INFO  server.RaftServerConfigKeys (ConfUtils.java:logGet(46)) - raft.server.write.element-limit = 1024 (custom)
2023-11-17 09:55:43,259 [3f7ce36a-008a-4440-b2ee-16e9e4e5a9e8@group-32A51C59FD22-LeaderElection14] INFO  server.RaftServerConfigKeys (ConfUtils.java:logGet(46)) - raft.server.write.follower.gap.ratio.max = -1.0 (default)
2023-11-17 09:55:43,260 [3f7ce36a-008a-4440-b2ee-16e9e4e5a9e8@group-32A51C59FD22-LeaderElection14] INFO  server.RaftServerConfigKeys (ConfUtils.java:logGet(46)) - raft.server.log.appender.snapshot.chunk.size.max = 16MB (=16777216) (default)
2023-11-17 09:55:43,260 [3f7ce36a-008a-4440-b2ee-16e9e4e5a9e8@group-32A51C59FD22-LeaderElection14] INFO  server.RaftServerConfigKeys (ConfUtils.java:logGet(46)) - raft.server.log.appender.buffer.byte-limit = 33554432 (custom)
2023-11-17 09:55:43,260 [3f7ce36a-008a-4440-b2ee-16e9e4e5a9e8@group-32A51C59FD22-LeaderElection14] INFO  server.RaftServerConfigKeys (ConfUtils.java:logGet(46)) - raft.server.log.appender.buffer.element-limit = 1 (custom)
2023-11-17 09:55:43,260 [3f7ce36a-008a-4440-b2ee-16e9e4e5a9e8@group-32A51C59FD22-LeaderElection14] INFO  server.RaftServerConfigKeys (ConfUtils.java:logGet(46)) - raft.server.log.appender.wait-time.min = 1ms (custom)
2023-11-17 09:55:43,260 [3f7ce36a-008a-4440-b2ee-16e9e4e5a9e8@group-32A51C59FD22-LeaderElection14] INFO  grpc.GrpcConfigKeys (ConfUtils.java:logGet(46)) - raft.grpc.server.leader.outstanding.appends.max = 128 (default)
2023-11-17 09:55:43,260 [3f7ce36a-008a-4440-b2ee-16e9e4e5a9e8@group-32A51C59FD22-LeaderElection14] INFO  server.RaftServerConfigKeys (ConfUtils.java:logGet(46)) - raft.server.rpc.request.timeout = 60s (custom)
2023-11-17 09:55:43,260 [3f7ce36a-008a-4440-b2ee-16e9e4e5a9e8@group-32A51C59FD22-LeaderElection14] INFO  grpc.GrpcConfigKeys (ConfUtils.java:logGet(46)) - raft.grpc.server.install_snapshot.request.element-limit = 8 (default)
2023-11-17 09:55:43,260 [3f7ce36a-008a-4440-b2ee-16e9e4e5a9e8@group-32A51C59FD22-LeaderElection14] INFO  grpc.GrpcConfigKeys (ConfUtils.java:logGet(46)) - raft.grpc.server.install_snapshot.request.timeout = 3000ms (default)
2023-11-17 09:55:43,260 [3f7ce36a-008a-4440-b2ee-16e9e4e5a9e8@group-32A51C59FD22-LeaderElection14] INFO  server.RaftServerConfigKeys (ConfUtils.java:logGet(46)) - raft.server.log.appender.install.snapshot.enabled = false (custom)
2023-11-17 09:55:43,260 [3f7ce36a-008a-4440-b2ee-16e9e4e5a9e8@group-32A51C59FD22-LeaderElection14] INFO  grpc.GrpcConfigKeys (ConfUtils.java:logGet(46)) - raft.grpc.server.heartbeat.channel = true (default)
2023-11-17 09:55:43,261 [EventQueue-PipelineReportForPipelineReportHandler] INFO  pipeline.PipelineReportHandler (PipelineReportHandler.java:processPipelineReport(136)) - Opened pipeline PipelineID=dde66346-54bf-4c28-8855-32a51c59fd22
2023-11-17 09:55:43,261 [3f7ce36a-008a-4440-b2ee-16e9e4e5a9e8@group-32A51C59FD22-LeaderElection14] INFO  server.RaftServerConfigKeys (ConfUtils.java:logGet(46)) - raft.server.log.appender.snapshot.chunk.size.max = 16MB (=16777216) (default)
2023-11-17 09:55:43,261 [3f7ce36a-008a-4440-b2ee-16e9e4e5a9e8@group-32A51C59FD22-LeaderElection14] INFO  server.RaftServerConfigKeys (ConfUtils.java:logGet(46)) - raft.server.log.appender.buffer.byte-limit = 33554432 (custom)
2023-11-17 09:55:43,261 [3f7ce36a-008a-4440-b2ee-16e9e4e5a9e8@group-32A51C59FD22-LeaderElection14] INFO  server.RaftServerConfigKeys (ConfUtils.java:logGet(46)) - raft.server.log.appender.buffer.element-limit = 1 (custom)
2023-11-17 09:55:43,261 [3f7ce36a-008a-4440-b2ee-16e9e4e5a9e8@group-32A51C59FD22-LeaderElection14] INFO  server.RaftServerConfigKeys (ConfUtils.java:logGet(46)) - raft.server.log.appender.wait-time.min = 1ms (custom)
2023-11-17 09:55:43,261 [3f7ce36a-008a-4440-b2ee-16e9e4e5a9e8@group-32A51C59FD22-LeaderElection14] INFO  grpc.GrpcConfigKeys (ConfUtils.java:logGet(46)) - raft.grpc.server.leader.outstanding.appends.max = 128 (default)
2023-11-17 09:55:43,261 [3f7ce36a-008a-4440-b2ee-16e9e4e5a9e8@group-32A51C59FD22-LeaderElection14] INFO  server.RaftServerConfigKeys (ConfUtils.java:logGet(46)) - raft.server.rpc.request.timeout = 60s (custom)
2023-11-17 09:55:43,261 [3f7ce36a-008a-4440-b2ee-16e9e4e5a9e8@group-32A51C59FD22-LeaderElection14] INFO  grpc.GrpcConfigKeys (ConfUtils.java:logGet(46)) - raft.grpc.server.install_snapshot.request.element-limit = 8 (default)
2023-11-17 09:55:43,262 [3f7ce36a-008a-4440-b2ee-16e9e4e5a9e8@group-32A51C59FD22-LeaderElection14] INFO  grpc.GrpcConfigKeys (ConfUtils.java:logGet(46)) - raft.grpc.server.install_snapshot.request.timeout = 3000ms (default)
2023-11-17 09:55:43,262 [3f7ce36a-008a-4440-b2ee-16e9e4e5a9e8@group-32A51C59FD22-LeaderElection14] INFO  server.RaftServerConfigKeys (ConfUtils.java:logGet(46)) - raft.server.log.appender.install.snapshot.enabled = false (custom)
2023-11-17 09:55:43,262 [3f7ce36a-008a-4440-b2ee-16e9e4e5a9e8@group-32A51C59FD22-LeaderElection14] INFO  grpc.GrpcConfigKeys (ConfUtils.java:logGet(46)) - raft.grpc.server.heartbeat.channel = true (default)
2023-11-17 09:55:43,262 [3f7ce36a-008a-4440-b2ee-16e9e4e5a9e8@group-32A51C59FD22-LeaderElection14] INFO  impl.RoleInfo (RoleInfo.java:updateAndGet(139)) - 3f7ce36a-008a-4440-b2ee-16e9e4e5a9e8: start 3f7ce36a-008a-4440-b2ee-16e9e4e5a9e8@group-32A51C59FD22-LeaderStateImpl
2023-11-17 09:55:43,262 [3f7ce36a-008a-4440-b2ee-16e9e4e5a9e8@group-32A51C59FD22-LeaderElection14] INFO  segmented.SegmentedRaftLogWorker (SegmentedRaftLogWorker.java:startLogSegment(447)) - 3f7ce36a-008a-4440-b2ee-16e9e4e5a9e8@group-32A51C59FD22-SegmentedRaftLogWorker: Starting segment from index:0
2023-11-17 09:55:43,263 [3f7ce36a-008a-4440-b2ee-16e9e4e5a9e8@group-32A51C59FD22-SegmentedRaftLogWorker] INFO  segmented.SegmentedRaftLogWorker (SegmentedRaftLogWorker.java:execute(651)) - 3f7ce36a-008a-4440-b2ee-16e9e4e5a9e8@group-32A51C59FD22-SegmentedRaftLogWorker: created new log segment /home/runner/work/ozone/ozone/hadoop-ozone/integration-test/target/test-dir/MiniOzoneClusterImpl-b9d514d0-62e9-44b2-85a5-b07480d3784c/datanode-0/data/ratis/dde66346-54bf-4c28-8855-32a51c59fd22/current/log_inprogress_0
2023-11-17 09:55:43,266 [3f7ce36a-008a-4440-b2ee-16e9e4e5a9e8@group-32A51C59FD22-LeaderElection14] INFO  server.RaftServer$Division (ServerState.java:setRaftConf(434)) - 3f7ce36a-008a-4440-b2ee-16e9e4e5a9e8@group-32A51C59FD22: set configuration 0: peers:[652b82d9-1846-44d1-8352-7bf3439ad078|rpc:10.1.0.9:15032|admin:10.1.0.9:15031|client:10.1.0.9:15030|dataStream:10.1.0.9:15033|priority:0|startupRole:FOLLOWER, 3f7ce36a-008a-4440-b2ee-16e9e4e5a9e8|rpc:10.1.0.9:15014|admin:10.1.0.9:15013|client:10.1.0.9:15012|dataStream:10.1.0.9:15015|priority:1|startupRole:FOLLOWER, 54bd6e84-2e53-4956-b446-cc6ac26bbc90|rpc:10.1.0.9:15023|admin:10.1.0.9:15022|client:10.1.0.9:15021|dataStream:10.1.0.9:15024|priority:0|startupRole:FOLLOWER]|listeners:[], old=null
2023-11-17 09:55:43,269 [652b82d9-1846-44d1-8352-7bf3439ad078-server-thread2] INFO  ratis.XceiverServerRatis (XceiverServerRatis.java:handleLeaderChangedNotification(903)) - Leader change notification received for group: group-32A51C59FD22 with new leaderId: 3f7ce36a-008a-4440-b2ee-16e9e4e5a9e8
2023-11-17 09:55:43,269 [652b82d9-1846-44d1-8352-7bf3439ad078-server-thread2] INFO  server.RaftServer$Division (ServerState.java:setLeader(317)) - 652b82d9-1846-44d1-8352-7bf3439ad078@group-32A51C59FD22: change Leader from null to 3f7ce36a-008a-4440-b2ee-16e9e4e5a9e8 at term 1 for appendEntries, leader elected after 5299ms
2023-11-17 09:55:43,272 [652b82d9-1846-44d1-8352-7bf3439ad078-server-thread1] INFO  server.RaftServer$Division (ServerState.java:setRaftConf(434)) - 652b82d9-1846-44d1-8352-7bf3439ad078@group-32A51C59FD22: set configuration 0: peers:[652b82d9-1846-44d1-8352-7bf3439ad078|rpc:10.1.0.9:15032|admin:10.1.0.9:15031|client:10.1.0.9:15030|dataStream:10.1.0.9:15033|priority:0|startupRole:FOLLOWER, 3f7ce36a-008a-4440-b2ee-16e9e4e5a9e8|rpc:10.1.0.9:15014|admin:10.1.0.9:15013|client:10.1.0.9:15012|dataStream:10.1.0.9:15015|priority:1|startupRole:FOLLOWER, 54bd6e84-2e53-4956-b446-cc6ac26bbc90|rpc:10.1.0.9:15023|admin:10.1.0.9:15022|client:10.1.0.9:15021|dataStream:10.1.0.9:15024|priority:0|startupRole:FOLLOWER]|listeners:[], old=null
2023-11-17 09:55:43,272 [652b82d9-1846-44d1-8352-7bf3439ad078-server-thread1] INFO  segmented.SegmentedRaftLogWorker (SegmentedRaftLogWorker.java:startLogSegment(447)) - 652b82d9-1846-44d1-8352-7bf3439ad078@group-32A51C59FD22-SegmentedRaftLogWorker: Starting segment from index:0
2023-11-17 09:55:43,273 [54bd6e84-2e53-4956-b446-cc6ac26bbc90-server-thread1] INFO  ratis.XceiverServerRatis (XceiverServerRatis.java:handleLeaderChangedNotification(903)) - Leader change notification received for group: group-32A51C59FD22 with new leaderId: 3f7ce36a-008a-4440-b2ee-16e9e4e5a9e8
2023-11-17 09:55:43,273 [54bd6e84-2e53-4956-b446-cc6ac26bbc90-server-thread1] INFO  server.RaftServer$Division (ServerState.java:setLeader(317)) - 54bd6e84-2e53-4956-b446-cc6ac26bbc90@group-32A51C59FD22: change Leader from null to 3f7ce36a-008a-4440-b2ee-16e9e4e5a9e8 at term 1 for appendEntries, leader elected after 5341ms
2023-11-17 09:55:43,274 [54bd6e84-2e53-4956-b446-cc6ac26bbc90-server-thread1] INFO  server.RaftServer$Division (ServerState.java:setRaftConf(434)) - 54bd6e84-2e53-4956-b446-cc6ac26bbc90@group-32A51C59FD22: set configuration 0: peers:[652b82d9-1846-44d1-8352-7bf3439ad078|rpc:10.1.0.9:15032|admin:10.1.0.9:15031|client:10.1.0.9:15030|dataStream:10.1.0.9:15033|priority:0|startupRole:FOLLOWER, 3f7ce36a-008a-4440-b2ee-16e9e4e5a9e8|rpc:10.1.0.9:15014|admin:10.1.0.9:15013|client:10.1.0.9:15012|dataStream:10.1.0.9:15015|priority:1|startupRole:FOLLOWER, 54bd6e84-2e53-4956-b446-cc6ac26bbc90|rpc:10.1.0.9:15023|admin:10.1.0.9:15022|client:10.1.0.9:15021|dataStream:10.1.0.9:15024|priority:0|startupRole:FOLLOWER]|listeners:[], old=null
2023-11-17 09:55:43,274 [54bd6e84-2e53-4956-b446-cc6ac26bbc90-server-thread1] INFO  segmented.SegmentedRaftLogWorker (SegmentedRaftLogWorker.java:startLogSegment(447)) - 54bd6e84-2e53-4956-b446-cc6ac26bbc90@group-32A51C59FD22-SegmentedRaftLogWorker: Starting segment from index:0
2023-11-17 09:55:43,275 [54bd6e84-2e53-4956-b446-cc6ac26bbc90@group-32A51C59FD22-SegmentedRaftLogWorker] INFO  segmented.SegmentedRaftLogWorker (SegmentedRaftLogWorker.java:execute(651)) - 54bd6e84-2e53-4956-b446-cc6ac26bbc90@group-32A51C59FD22-SegmentedRaftLogWorker: created new log segment /home/runner/work/ozone/ozone/hadoop-ozone/integration-test/target/test-dir/MiniOzoneClusterImpl-b9d514d0-62e9-44b2-85a5-b07480d3784c/datanode-1/data/ratis/dde66346-54bf-4c28-8855-32a51c59fd22/current/log_inprogress_0
2023-11-17 09:55:43,277 [652b82d9-1846-44d1-8352-7bf3439ad078@group-32A51C59FD22-SegmentedRaftLogWorker] INFO  segmented.SegmentedRaftLogWorker (SegmentedRaftLogWorker.java:execute(651)) - 652b82d9-1846-44d1-8352-7bf3439ad078@group-32A51C59FD22-SegmentedRaftLogWorker: created new log segment /home/runner/work/ozone/ozone/hadoop-ozone/integration-test/target/test-dir/MiniOzoneClusterImpl-b9d514d0-62e9-44b2-85a5-b07480d3784c/datanode-2/data/ratis/dde66346-54bf-4c28-8855-32a51c59fd22/current/log_inprogress_0
2023-11-17 09:55:43,385 [main] INFO  ozone.MiniOzoneClusterImpl (MiniOzoneClusterImpl.java:lambda$waitForClusterToBeReady$0(229)) - Nodes are ready. Got 10 of 10 DN Heartbeats.
2023-11-17 09:55:43,385 [main] INFO  ozone.MiniOzoneClusterImpl (MiniOzoneClusterImpl.java:lambda$waitForClusterToBeReady$0(232)) - Cluster exits safe mode
2023-11-17 09:55:43,385 [main] INFO  ozone.MiniOzoneClusterImpl (MiniOzoneClusterImpl.java:lambda$waitForClusterToBeReady$0(234)) - SCM became leader
2023-11-17 09:55:43,487 [a7578bdd-9139-4946-a78d-cc7981f76fa8@group-02E4AB4F7B05-FollowerState] INFO  impl.FollowerState (FollowerState.java:run(143)) - a7578bdd-9139-4946-a78d-cc7981f76fa8@group-02E4AB4F7B05-FollowerState: change to CANDIDATE, lastRpcElapsedTime:5093920342ns, electionTimeout:5088ms
2023-11-17 09:55:43,487 [a7578bdd-9139-4946-a78d-cc7981f76fa8@group-02E4AB4F7B05-FollowerState] INFO  impl.RoleInfo (RoleInfo.java:shutdownFollowerState(110)) - a7578bdd-9139-4946-a78d-cc7981f76fa8: shutdown a7578bdd-9139-4946-a78d-cc7981f76fa8@group-02E4AB4F7B05-FollowerState
2023-11-17 09:55:43,487 [a7578bdd-9139-4946-a78d-cc7981f76fa8@group-02E4AB4F7B05-FollowerState] INFO  server.RaftServer$Division (RaftServerImpl.java:setRole(329)) - a7578bdd-9139-4946-a78d-cc7981f76fa8@group-02E4AB4F7B05: changes role from  FOLLOWER to CANDIDATE at term 0 for changeToCandidate
2023-11-17 09:55:43,487 [a7578bdd-9139-4946-a78d-cc7981f76fa8@group-02E4AB4F7B05-FollowerState] INFO  server.RaftServerConfigKeys (ConfUtils.java:logGet(46)) - raft.server.leaderelection.pre-vote = true (default)
2023-11-17 09:55:43,487 [a7578bdd-9139-4946-a78d-cc7981f76fa8@group-02E4AB4F7B05-FollowerState] INFO  impl.RoleInfo (RoleInfo.java:updateAndGet(139)) - a7578bdd-9139-4946-a78d-cc7981f76fa8: start a7578bdd-9139-4946-a78d-cc7981f76fa8@group-02E4AB4F7B05-LeaderElection15
2023-11-17 09:55:43,489 [a7578bdd-9139-4946-a78d-cc7981f76fa8@group-02E4AB4F7B05-LeaderElection15] INFO  impl.LeaderElection (LeaderElection.java:askForVotes(321)) - a7578bdd-9139-4946-a78d-cc7981f76fa8@group-02E4AB4F7B05-LeaderElection15 PRE_VOTE round 0: submit vote requests at term 0 for -1: peers:[a7578bdd-9139-4946-a78d-cc7981f76fa8|rpc:10.1.0.9:15077|admin:10.1.0.9:15076|client:10.1.0.9:15075|dataStream:10.1.0.9:15078|priority:1|startupRole:FOLLOWER]|listeners:[], old=null
2023-11-17 09:55:43,489 [a7578bdd-9139-4946-a78d-cc7981f76fa8@group-02E4AB4F7B05-LeaderElection15] INFO  impl.LeaderElection (LeaderElection.java:askForVotes(323)) - a7578bdd-9139-4946-a78d-cc7981f76fa8@group-02E4AB4F7B05-LeaderElection15 PRE_VOTE round 0: result PASSED (term=0)
2023-11-17 09:55:43,490 [a7578bdd-9139-4946-a78d-cc7981f76fa8@group-02E4AB4F7B05-LeaderElection15] INFO  impl.LeaderElection (LeaderElection.java:askForVotes(321)) - a7578bdd-9139-4946-a78d-cc7981f76fa8@group-02E4AB4F7B05-LeaderElection15 ELECTION round 0: submit vote requests at term 1 for -1: peers:[a7578bdd-9139-4946-a78d-cc7981f76fa8|rpc:10.1.0.9:15077|admin:10.1.0.9:15076|client:10.1.0.9:15075|dataStream:10.1.0.9:15078|priority:1|startupRole:FOLLOWER]|listeners:[], old=null
2023-11-17 09:55:43,490 [a7578bdd-9139-4946-a78d-cc7981f76fa8@group-02E4AB4F7B05-LeaderElection15] INFO  impl.LeaderElection (LeaderElection.java:askForVotes(323)) - a7578bdd-9139-4946-a78d-cc7981f76fa8@group-02E4AB4F7B05-LeaderElection15 ELECTION round 0: result PASSED (term=1)
2023-11-17 09:55:43,490 [a7578bdd-9139-4946-a78d-cc7981f76fa8@group-02E4AB4F7B05-LeaderElection15] INFO  impl.RoleInfo (RoleInfo.java:shutdownLeaderElection(130)) - a7578bdd-9139-4946-a78d-cc7981f76fa8: shutdown a7578bdd-9139-4946-a78d-cc7981f76fa8@group-02E4AB4F7B05-LeaderElection15
2023-11-17 09:55:43,490 [a7578bdd-9139-4946-a78d-cc7981f76fa8@group-02E4AB4F7B05-LeaderElection15] INFO  server.RaftServer$Division (RaftServerImpl.java:setRole(329)) - a7578bdd-9139-4946-a78d-cc7981f76fa8@group-02E4AB4F7B05: changes role from CANDIDATE to LEADER at term 1 for changeToLeader
2023-11-17 09:55:43,490 [a7578bdd-9139-4946-a78d-cc7981f76fa8@group-02E4AB4F7B05-LeaderElection15] INFO  ratis.XceiverServerRatis (XceiverServerRatis.java:handleLeaderChangedNotification(903)) - Leader change notification received for group: group-02E4AB4F7B05 with new leaderId: a7578bdd-9139-4946-a78d-cc7981f76fa8
2023-11-17 09:55:43,490 [a7578bdd-9139-4946-a78d-cc7981f76fa8@group-02E4AB4F7B05-LeaderElection15] INFO  server.RaftServer$Division (ServerState.java:setLeader(317)) - a7578bdd-9139-4946-a78d-cc7981f76fa8@group-02E4AB4F7B05: change Leader from null to a7578bdd-9139-4946-a78d-cc7981f76fa8 at term 1 for becomeLeader, leader elected after 5407ms
2023-11-17 09:55:43,490 [a7578bdd-9139-4946-a78d-cc7981f76fa8@group-02E4AB4F7B05-LeaderElection15] INFO  server.RaftServerConfigKeys (ConfUtils.java:logGet(46)) - raft.server.staging.catchup.gap = 1000 (default)
2023-11-17 09:55:43,491 [a7578bdd-9139-4946-a78d-cc7981f76fa8@group-02E4AB4F7B05-LeaderElection15] INFO  server.RaftServerConfigKeys (ConfUtils.java:logGet(46)) - raft.server.write.element-limit = 1024 (custom)
2023-11-17 09:55:43,491 [a7578bdd-9139-4946-a78d-cc7981f76fa8@group-02E4AB4F7B05-LeaderElection15] INFO  server.RaftServerConfigKeys (ConfUtils.java:logGet(46)) - raft.server.write.byte-limit = 1024 M (=1073741824) (custom)
2023-11-17 09:55:43,491 [a7578bdd-9139-4946-a78d-cc7981f76fa8@group-02E4AB4F7B05-LeaderElection15] INFO  server.RaftServerConfigKeys (ConfUtils.java:logGet(46)) - raft.server.watch.timeout = 180s (custom)
2023-11-17 09:55:43,491 [a7578bdd-9139-4946-a78d-cc7981f76fa8@group-02E4AB4F7B05-LeaderElection15] INFO  server.RaftServerConfigKeys (ConfUtils.java:logGet(46)) - raft.server.watch.timeout.denomination = 1s (default)
2023-11-17 09:55:43,491 [a7578bdd-9139-4946-a78d-cc7981f76fa8@group-02E4AB4F7B05-LeaderElection15] INFO  server.RaftServerConfigKeys (ConfUtils.java:logGet(46)) - raft.server.watch.element-limit = 65536 (default)
2023-11-17 09:55:43,491 [a7578bdd-9139-4946-a78d-cc7981f76fa8@group-02E4AB4F7B05-LeaderElection15] INFO  server.RaftServerConfigKeys (ConfUtils.java:logGet(46)) - raft.server.write.element-limit = 1024 (custom)
2023-11-17 09:55:43,491 [a7578bdd-9139-4946-a78d-cc7981f76fa8@group-02E4AB4F7B05-LeaderElection15] INFO  server.RaftServerConfigKeys (ConfUtils.java:logGet(46)) - raft.server.write.follower.gap.ratio.max = -1.0 (default)
2023-11-17 09:55:43,491 [a7578bdd-9139-4946-a78d-cc7981f76fa8@group-02E4AB4F7B05-LeaderElection15] INFO  impl.RoleInfo (RoleInfo.java:updateAndGet(139)) - a7578bdd-9139-4946-a78d-cc7981f76fa8: start a7578bdd-9139-4946-a78d-cc7981f76fa8@group-02E4AB4F7B05-LeaderStateImpl
2023-11-17 09:55:43,492 [a7578bdd-9139-4946-a78d-cc7981f76fa8@group-02E4AB4F7B05-LeaderElection15] INFO  segmented.SegmentedRaftLogWorker (SegmentedRaftLogWorker.java:startLogSegment(447)) - a7578bdd-9139-4946-a78d-cc7981f76fa8@group-02E4AB4F7B05-SegmentedRaftLogWorker: Starting segment from index:0
2023-11-17 09:55:43,495 [3172c264-2718-48bc-901b-d06defdb8935@group-921E636CB4D7-FollowerState] INFO  impl.FollowerState (FollowerState.java:run(143)) - 3172c264-2718-48bc-901b-d06defdb8935@group-921E636CB4D7-FollowerState: change to CANDIDATE, lastRpcElapsedTime:5079771516ns, electionTimeout:5072ms
2023-11-17 09:55:43,495 [3172c264-2718-48bc-901b-d06defdb8935@group-921E636CB4D7-FollowerState] INFO  impl.RoleInfo (RoleInfo.java:shutdownFollowerState(110)) - 3172c264-2718-48bc-901b-d06defdb8935: shutdown 3172c264-2718-48bc-901b-d06defdb8935@group-921E636CB4D7-FollowerState
2023-11-17 09:55:43,495 [3172c264-2718-48bc-901b-d06defdb8935@group-921E636CB4D7-FollowerState] INFO  server.RaftServer$Division (RaftServerImpl.java:setRole(329)) - 3172c264-2718-48bc-901b-d06defdb8935@group-921E636CB4D7: changes role from  FOLLOWER to CANDIDATE at term 0 for changeToCandidate
2023-11-17 09:55:43,495 [3172c264-2718-48bc-901b-d06defdb8935@group-921E636CB4D7-FollowerState] INFO  server.RaftServerConfigKeys (ConfUtils.java:logGet(46)) - raft.server.leaderelection.pre-vote = true (default)
2023-11-17 09:55:43,495 [3172c264-2718-48bc-901b-d06defdb8935@group-921E636CB4D7-FollowerState] INFO  impl.RoleInfo (RoleInfo.java:updateAndGet(139)) - 3172c264-2718-48bc-901b-d06defdb8935: start 3172c264-2718-48bc-901b-d06defdb8935@group-921E636CB4D7-LeaderElection16
2023-11-17 09:55:43,496 [a7578bdd-9139-4946-a78d-cc7981f76fa8@group-02E4AB4F7B05-SegmentedRaftLogWorker] INFO  segmented.SegmentedRaftLogWorker (SegmentedRaftLogWorker.java:execute(651)) - a7578bdd-9139-4946-a78d-cc7981f76fa8@group-02E4AB4F7B05-SegmentedRaftLogWorker: created new log segment /home/runner/work/ozone/ozone/hadoop-ozone/integration-test/target/test-dir/MiniOzoneClusterImpl-b9d514d0-62e9-44b2-85a5-b07480d3784c/datanode-7/data/ratis/db99a577-c343-4c5d-a962-02e4ab4f7b05/current/log_inprogress_0
2023-11-17 09:55:43,499 [3172c264-2718-48bc-901b-d06defdb8935@group-921E636CB4D7-LeaderElection16] INFO  impl.LeaderElection (LeaderElection.java:askForVotes(321)) - 3172c264-2718-48bc-901b-d06defdb8935@group-921E636CB4D7-LeaderElection16 PRE_VOTE round 0: submit vote requests at term 0 for -1: peers:[2a883bf7-e5b8-4bdb-a368-a41799101186|rpc:10.1.0.9:15041|admin:10.1.0.9:15040|client:10.1.0.9:15039|dataStream:10.1.0.9:15042|priority:0|startupRole:FOLLOWER, 3172c264-2718-48bc-901b-d06defdb8935|rpc:10.1.0.9:15050|admin:10.1.0.9:15049|client:10.1.0.9:15048|dataStream:10.1.0.9:15051|priority:1|startupRole:FOLLOWER, fea717c9-b406-422e-8ccb-799e860d7c03|rpc:10.1.0.9:15059|admin:10.1.0.9:15058|client:10.1.0.9:15057|dataStream:10.1.0.9:15060|priority:0|startupRole:FOLLOWER]|listeners:[], old=null
2023-11-17 09:55:43,500 [3172c264-2718-48bc-901b-d06defdb8935@group-921E636CB4D7-LeaderElection16-1] INFO  server.GrpcServerProtocolClient (GrpcServerProtocolClient.java:<init>(65)) - Build channel for 2a883bf7-e5b8-4bdb-a368-a41799101186
2023-11-17 09:55:43,499 [a7578bdd-9139-4946-a78d-cc7981f76fa8@group-02E4AB4F7B05-LeaderElection15] INFO  server.RaftServer$Division (ServerState.java:setRaftConf(434)) - a7578bdd-9139-4946-a78d-cc7981f76fa8@group-02E4AB4F7B05: set configuration 0: peers:[a7578bdd-9139-4946-a78d-cc7981f76fa8|rpc:10.1.0.9:15077|admin:10.1.0.9:15076|client:10.1.0.9:15075|dataStream:10.1.0.9:15078|priority:1|startupRole:FOLLOWER]|listeners:[], old=null
2023-11-17 09:55:43,500 [3172c264-2718-48bc-901b-d06defdb8935@group-921E636CB4D7-LeaderElection16-2] INFO  server.GrpcServerProtocolClient (GrpcServerProtocolClient.java:<init>(65)) - Build channel for fea717c9-b406-422e-8ccb-799e860d7c03
2023-11-17 09:55:43,500 [3172c264-2718-48bc-901b-d06defdb8935@group-921E636CB4D7-LeaderElection16] INFO  server.RaftServerConfigKeys (ConfUtils.java:logFallback(53)) - raft.server.rpc.first-election.timeout.min = 5s (fallback to raft.server.rpc.timeout.min)
2023-11-17 09:55:43,505 [3172c264-2718-48bc-901b-d06defdb8935@group-921E636CB4D7-LeaderElection16] INFO  server.RaftServerConfigKeys (ConfUtils.java:logFallback(53)) - raft.server.rpc.first-election.timeout.max = 5200ms (fallback to raft.server.rpc.timeout.max)
2023-11-17 09:55:43,522 [grpc-default-executor-1] INFO  server.RaftServer$Division (RaftServerImpl.java:requestVote(1302)) - 2a883bf7-e5b8-4bdb-a368-a41799101186@group-921E636CB4D7: receive requestVote(PRE_VOTE, 3172c264-2718-48bc-901b-d06defdb8935, group-921E636CB4D7, 0, (t:0, i:0))
2023-11-17 09:55:43,522 [grpc-default-executor-1] INFO  impl.VoteContext (VoteContext.java:log(49)) - 2a883bf7-e5b8-4bdb-a368-a41799101186@group-921E636CB4D7-FOLLOWER: accept PRE_VOTE from 3172c264-2718-48bc-901b-d06defdb8935: our priority 0 <= candidate's priority 1
2023-11-17 09:55:43,522 [grpc-default-executor-1] INFO  server.RaftServer$Division (RaftServerImpl.java:requestVote(1335)) - 2a883bf7-e5b8-4bdb-a368-a41799101186@group-921E636CB4D7 replies to PRE_VOTE vote request: 3172c264-2718-48bc-901b-d06defdb8935<-2a883bf7-e5b8-4bdb-a368-a41799101186#0:OK-t0. Peer's state: 2a883bf7-e5b8-4bdb-a368-a41799101186@group-921E636CB4D7:t0, leader=null, voted=, raftlog=Memoized:2a883bf7-e5b8-4bdb-a368-a41799101186@group-921E636CB4D7-SegmentedRaftLog:OPENED:c-1, conf=-1: peers:[2a883bf7-e5b8-4bdb-a368-a41799101186|rpc:10.1.0.9:15041|admin:10.1.0.9:15040|client:10.1.0.9:15039|dataStream:10.1.0.9:15042|priority:0|startupRole:FOLLOWER, 3172c264-2718-48bc-901b-d06defdb8935|rpc:10.1.0.9:15050|admin:10.1.0.9:15049|client:10.1.0.9:15048|dataStream:10.1.0.9:15051|priority:1|startupRole:FOLLOWER, fea717c9-b406-422e-8ccb-799e860d7c03|rpc:10.1.0.9:15059|admin:10.1.0.9:15058|client:10.1.0.9:15057|dataStream:10.1.0.9:15060|priority:0|startupRole:FOLLOWER]|listeners:[], old=null
2023-11-17 09:55:43,523 [3172c264-2718-48bc-901b-d06defdb8935@group-921E636CB4D7-LeaderElection16] INFO  impl.LeaderElection (LeaderElection.java:logAndReturn(90)) - 3172c264-2718-48bc-901b-d06defdb8935@group-921E636CB4D7-LeaderElection16: PRE_VOTE PASSED received 1 response(s) and 0 exception(s):
2023-11-17 09:55:43,523 [3172c264-2718-48bc-901b-d06defdb8935@group-921E636CB4D7-LeaderElection16] INFO  impl.LeaderElection (LeaderElection.java:logAndReturn(94)) -   Response 0: 3172c264-2718-48bc-901b-d06defdb8935<-2a883bf7-e5b8-4bdb-a368-a41799101186#0:OK-t0
2023-11-17 09:55:43,523 [3172c264-2718-48bc-901b-d06defdb8935@group-921E636CB4D7-LeaderElection16] INFO  impl.LeaderElection (LeaderElection.java:askForVotes(323)) - 3172c264-2718-48bc-901b-d06defdb8935@group-921E636CB4D7-LeaderElection16 PRE_VOTE round 0: result PASSED
2023-11-17 09:55:43,525 [3172c264-2718-48bc-901b-d06defdb8935@group-921E636CB4D7-LeaderElection16] INFO  impl.LeaderElection (LeaderElection.java:askForVotes(321)) - 3172c264-2718-48bc-901b-d06defdb8935@group-921E636CB4D7-LeaderElection16 ELECTION round 0: submit vote requests at term 1 for -1: peers:[2a883bf7-e5b8-4bdb-a368-a41799101186|rpc:10.1.0.9:15041|admin:10.1.0.9:15040|client:10.1.0.9:15039|dataStream:10.1.0.9:15042|priority:0|startupRole:FOLLOWER, 3172c264-2718-48bc-901b-d06defdb8935|rpc:10.1.0.9:15050|admin:10.1.0.9:15049|client:10.1.0.9:15048|dataStream:10.1.0.9:15051|priority:1|startupRole:FOLLOWER, fea717c9-b406-422e-8ccb-799e860d7c03|rpc:10.1.0.9:15059|admin:10.1.0.9:15058|client:10.1.0.9:15057|dataStream:10.1.0.9:15060|priority:0|startupRole:FOLLOWER]|listeners:[], old=null
2023-11-17 09:55:43,526 [3172c264-2718-48bc-901b-d06defdb8935@group-921E636CB4D7-LeaderElection16] INFO  server.RaftServerConfigKeys (ConfUtils.java:logFallback(53)) - raft.server.rpc.first-election.timeout.min = 5s (fallback to raft.server.rpc.timeout.min)
2023-11-17 09:55:43,527 [3172c264-2718-48bc-901b-d06defdb8935@group-921E636CB4D7-LeaderElection16] INFO  server.RaftServerConfigKeys (ConfUtils.java:logFallback(53)) - raft.server.rpc.first-election.timeout.max = 5200ms (fallback to raft.server.rpc.timeout.max)
2023-11-17 09:55:43,530 [grpc-default-executor-1] INFO  server.RaftServer$Division (RaftServerImpl.java:requestVote(1302)) - 2a883bf7-e5b8-4bdb-a368-a41799101186@group-921E636CB4D7: receive requestVote(ELECTION, 3172c264-2718-48bc-901b-d06defdb8935, group-921E636CB4D7, 1, (t:0, i:0))
2023-11-17 09:55:43,531 [grpc-default-executor-1] INFO  impl.VoteContext (VoteContext.java:log(49)) - 2a883bf7-e5b8-4bdb-a368-a41799101186@group-921E636CB4D7-FOLLOWER: accept ELECTION from 3172c264-2718-48bc-901b-d06defdb8935: our priority 0 <= candidate's priority 1
2023-11-17 09:55:43,531 [grpc-default-executor-1] INFO  server.RaftServer$Division (RaftServerImpl.java:setRole(329)) - 2a883bf7-e5b8-4bdb-a368-a41799101186@group-921E636CB4D7: changes role from  FOLLOWER to FOLLOWER at term 1 for candidate:3172c264-2718-48bc-901b-d06defdb8935
2023-11-17 09:55:43,531 [grpc-default-executor-1] INFO  impl.RoleInfo (RoleInfo.java:shutdownFollowerState(110)) - 2a883bf7-e5b8-4bdb-a368-a41799101186: shutdown 2a883bf7-e5b8-4bdb-a368-a41799101186@group-921E636CB4D7-FollowerState
2023-11-17 09:55:43,531 [grpc-default-executor-1] INFO  impl.RoleInfo (RoleInfo.java:updateAndGet(139)) - 2a883bf7-e5b8-4bdb-a368-a41799101186: start 2a883bf7-e5b8-4bdb-a368-a41799101186@group-921E636CB4D7-FollowerState
2023-11-17 09:55:43,531 [2a883bf7-e5b8-4bdb-a368-a41799101186@group-921E636CB4D7-FollowerState] INFO  impl.FollowerState (FollowerState.java:run(152)) - 2a883bf7-e5b8-4bdb-a368-a41799101186@group-921E636CB4D7-FollowerState was interrupted
2023-11-17 09:55:43,532 [grpc-default-executor-2] INFO  server.RaftServer$Division (RaftServerImpl.java:requestVote(1302)) - fea717c9-b406-422e-8ccb-799e860d7c03@group-921E636CB4D7: receive requestVote(PRE_VOTE, 3172c264-2718-48bc-901b-d06defdb8935, group-921E636CB4D7, 0, (t:0, i:0))
2023-11-17 09:55:43,532 [grpc-default-executor-2] INFO  impl.VoteContext (VoteContext.java:log(49)) - fea717c9-b406-422e-8ccb-799e860d7c03@group-921E636CB4D7-FOLLOWER: accept PRE_VOTE from 3172c264-2718-48bc-901b-d06defdb8935: our priority 0 <= candidate's priority 1
2023-11-17 09:55:43,532 [grpc-default-executor-2] INFO  server.RaftServer$Division (RaftServerImpl.java:requestVote(1335)) - fea717c9-b406-422e-8ccb-799e860d7c03@group-921E636CB4D7 replies to PRE_VOTE vote request: 3172c264-2718-48bc-901b-d06defdb8935<-fea717c9-b406-422e-8ccb-799e860d7c03#0:OK-t0. Peer's state: fea717c9-b406-422e-8ccb-799e860d7c03@group-921E636CB4D7:t0, leader=null, voted=, raftlog=Memoized:fea717c9-b406-422e-8ccb-799e860d7c03@group-921E636CB4D7-SegmentedRaftLog:OPENED:c-1, conf=-1: peers:[2a883bf7-e5b8-4bdb-a368-a41799101186|rpc:10.1.0.9:15041|admin:10.1.0.9:15040|client:10.1.0.9:15039|dataStream:10.1.0.9:15042|priority:0|startupRole:FOLLOWER, 3172c264-2718-48bc-901b-d06defdb8935|rpc:10.1.0.9:15050|admin:10.1.0.9:15049|client:10.1.0.9:15048|dataStream:10.1.0.9:15051|priority:1|startupRole:FOLLOWER, fea717c9-b406-422e-8ccb-799e860d7c03|rpc:10.1.0.9:15059|admin:10.1.0.9:15058|client:10.1.0.9:15057|dataStream:10.1.0.9:15060|priority:0|startupRole:FOLLOWER]|listeners:[], old=null
2023-11-17 09:55:43,533 [grpc-default-executor-2] INFO  server.RaftServer$Division (RaftServerImpl.java:requestVote(1302)) - fea717c9-b406-422e-8ccb-799e860d7c03@group-921E636CB4D7: receive requestVote(ELECTION, 3172c264-2718-48bc-901b-d06defdb8935, group-921E636CB4D7, 1, (t:0, i:0))
2023-11-17 09:55:43,533 [grpc-default-executor-2] INFO  impl.VoteContext (VoteContext.java:log(49)) - fea717c9-b406-422e-8ccb-799e860d7c03@group-921E636CB4D7-FOLLOWER: accept ELECTION from 3172c264-2718-48bc-901b-d06defdb8935: our priority 0 <= candidate's priority 1
2023-11-17 09:55:43,533 [grpc-default-executor-2] INFO  server.RaftServer$Division (RaftServerImpl.java:setRole(329)) - fea717c9-b406-422e-8ccb-799e860d7c03@group-921E636CB4D7: changes role from  FOLLOWER to FOLLOWER at term 1 for candidate:3172c264-2718-48bc-901b-d06defdb8935
2023-11-17 09:55:43,533 [grpc-default-executor-2] INFO  impl.RoleInfo (RoleInfo.java:shutdownFollowerState(110)) - fea717c9-b406-422e-8ccb-799e860d7c03: shutdown fea717c9-b406-422e-8ccb-799e860d7c03@group-921E636CB4D7-FollowerState
2023-11-17 09:55:43,545 [grpc-default-executor-2] INFO  impl.RoleInfo (RoleInfo.java:updateAndGet(139)) - fea717c9-b406-422e-8ccb-799e860d7c03: start fea717c9-b406-422e-8ccb-799e860d7c03@group-921E636CB4D7-FollowerState
2023-11-17 09:55:43,545 [fea717c9-b406-422e-8ccb-799e860d7c03@group-921E636CB4D7-FollowerState] INFO  impl.FollowerState (FollowerState.java:run(152)) - fea717c9-b406-422e-8ccb-799e860d7c03@group-921E636CB4D7-FollowerState was interrupted
2023-11-17 09:55:43,546 [grpc-default-executor-1] INFO  server.RaftServer$Division (RaftServerImpl.java:requestVote(1335)) - 2a883bf7-e5b8-4bdb-a368-a41799101186@group-921E636CB4D7 replies to ELECTION vote request: 3172c264-2718-48bc-901b-d06defdb8935<-2a883bf7-e5b8-4bdb-a368-a41799101186#0:OK-t1. Peer's state: 2a883bf7-e5b8-4bdb-a368-a41799101186@group-921E636CB4D7:t1, leader=null, voted=3172c264-2718-48bc-901b-d06defdb8935, raftlog=Memoized:2a883bf7-e5b8-4bdb-a368-a41799101186@group-921E636CB4D7-SegmentedRaftLog:OPENED:c-1, conf=-1: peers:[2a883bf7-e5b8-4bdb-a368-a41799101186|rpc:10.1.0.9:15041|admin:10.1.0.9:15040|client:10.1.0.9:15039|dataStream:10.1.0.9:15042|priority:0|startupRole:FOLLOWER, 3172c264-2718-48bc-901b-d06defdb8935|rpc:10.1.0.9:15050|admin:10.1.0.9:15049|client:10.1.0.9:15048|dataStream:10.1.0.9:15051|priority:1|startupRole:FOLLOWER, fea717c9-b406-422e-8ccb-799e860d7c03|rpc:10.1.0.9:15059|admin:10.1.0.9:15058|client:10.1.0.9:15057|dataStream:10.1.0.9:15060|priority:0|startupRole:FOLLOWER]|listeners:[], old=null
2023-11-17 09:55:43,547 [grpc-default-executor-2] INFO  server.RaftServer$Division (RaftServerImpl.java:requestVote(1335)) - fea717c9-b406-422e-8ccb-799e860d7c03@group-921E636CB4D7 replies to ELECTION vote request: 3172c264-2718-48bc-901b-d06defdb8935<-fea717c9-b406-422e-8ccb-799e860d7c03#0:OK-t1. Peer's state: fea717c9-b406-422e-8ccb-799e860d7c03@group-921E636CB4D7:t1, leader=null, voted=3172c264-2718-48bc-901b-d06defdb8935, raftlog=Memoized:fea717c9-b406-422e-8ccb-799e860d7c03@group-921E636CB4D7-SegmentedRaftLog:OPENED:c-1, conf=-1: peers:[2a883bf7-e5b8-4bdb-a368-a41799101186|rpc:10.1.0.9:15041|admin:10.1.0.9:15040|client:10.1.0.9:15039|dataStream:10.1.0.9:15042|priority:0|startupRole:FOLLOWER, 3172c264-2718-48bc-901b-d06defdb8935|rpc:10.1.0.9:15050|admin:10.1.0.9:15049|client:10.1.0.9:15048|dataStream:10.1.0.9:15051|priority:1|startupRole:FOLLOWER, fea717c9-b406-422e-8ccb-799e860d7c03|rpc:10.1.0.9:15059|admin:10.1.0.9:15058|client:10.1.0.9:15057|dataStream:10.1.0.9:15060|priority:0|startupRole:FOLLOWER]|listeners:[], old=null
2023-11-17 09:55:43,548 [3172c264-2718-48bc-901b-d06defdb8935@group-921E636CB4D7-LeaderElection16] INFO  impl.LeaderElection (LeaderElection.java:logAndReturn(90)) - 3172c264-2718-48bc-901b-d06defdb8935@group-921E636CB4D7-LeaderElection16: ELECTION PASSED received 1 response(s) and 0 exception(s):
2023-11-17 09:55:43,548 [3172c264-2718-48bc-901b-d06defdb8935@group-921E636CB4D7-LeaderElection16] INFO  impl.LeaderElection (LeaderElection.java:logAndReturn(94)) -   Response 0: 3172c264-2718-48bc-901b-d06defdb8935<-2a883bf7-e5b8-4bdb-a368-a41799101186#0:OK-t1
2023-11-17 09:55:43,548 [3172c264-2718-48bc-901b-d06defdb8935@group-921E636CB4D7-LeaderElection16] INFO  impl.LeaderElection (LeaderElection.java:askForVotes(323)) - 3172c264-2718-48bc-901b-d06defdb8935@group-921E636CB4D7-LeaderElection16 ELECTION round 0: result PASSED
2023-11-17 09:55:43,548 [3172c264-2718-48bc-901b-d06defdb8935@group-921E636CB4D7-LeaderElection16] INFO  impl.RoleInfo (RoleInfo.java:shutdownLeaderElection(130)) - 3172c264-2718-48bc-901b-d06defdb8935: shutdown 3172c264-2718-48bc-901b-d06defdb8935@group-921E636CB4D7-LeaderElection16
2023-11-17 09:55:43,548 [3172c264-2718-48bc-901b-d06defdb8935@group-921E636CB4D7-LeaderElection16] INFO  server.RaftServer$Division (RaftServerImpl.java:setRole(329)) - 3172c264-2718-48bc-901b-d06defdb8935@group-921E636CB4D7: changes role from CANDIDATE to LEADER at term 1 for changeToLeader
2023-11-17 09:55:43,548 [3172c264-2718-48bc-901b-d06defdb8935@group-921E636CB4D7-LeaderElection16] INFO  ratis.XceiverServerRatis (XceiverServerRatis.java:handleLeaderChangedNotification(903)) - Leader change notification received for group: group-921E636CB4D7 with new leaderId: 3172c264-2718-48bc-901b-d06defdb8935
2023-11-17 09:55:43,548 [3172c264-2718-48bc-901b-d06defdb8935@group-921E636CB4D7-LeaderElection16] INFO  server.RaftServer$Division (ServerState.java:setLeader(317)) - 3172c264-2718-48bc-901b-d06defdb8935@group-921E636CB4D7: change Leader from null to 3172c264-2718-48bc-901b-d06defdb8935 at term 1 for becomeLeader, leader elected after 5431ms
2023-11-17 09:55:43,548 [3172c264-2718-48bc-901b-d06defdb8935@group-921E636CB4D7-LeaderElection16] INFO  server.RaftServerConfigKeys (ConfUtils.java:logGet(46)) - raft.server.staging.catchup.gap = 1000 (default)
2023-11-17 09:55:43,548 [3172c264-2718-48bc-901b-d06defdb8935@group-921E636CB4D7-LeaderElection16] INFO  server.RaftServerConfigKeys (ConfUtils.java:logGet(46)) - raft.server.write.element-limit = 1024 (custom)
2023-11-17 09:55:43,548 [3172c264-2718-48bc-901b-d06defdb8935@group-921E636CB4D7-LeaderElection16] INFO  server.RaftServerConfigKeys (ConfUtils.java:logGet(46)) - raft.server.write.byte-limit = 1024 M (=1073741824) (custom)
2023-11-17 09:55:43,549 [3172c264-2718-48bc-901b-d06defdb8935@group-921E636CB4D7-LeaderElection16] INFO  server.RaftServerConfigKeys (ConfUtils.java:logGet(46)) - raft.server.watch.timeout = 180s (custom)
2023-11-17 09:55:43,549 [3172c264-2718-48bc-901b-d06defdb8935@group-921E636CB4D7-LeaderElection16] INFO  server.RaftServerConfigKeys (ConfUtils.java:logGet(46)) - raft.server.watch.timeout.denomination = 1s (default)
2023-11-17 09:55:43,549 [3172c264-2718-48bc-901b-d06defdb8935@group-921E636CB4D7-LeaderElection16] INFO  server.RaftServerConfigKeys (ConfUtils.java:logGet(46)) - raft.server.watch.element-limit = 65536 (default)
2023-11-17 09:55:43,549 [3172c264-2718-48bc-901b-d06defdb8935@group-921E636CB4D7-LeaderElection16] INFO  server.RaftServerConfigKeys (ConfUtils.java:logGet(46)) - raft.server.write.element-limit = 1024 (custom)
2023-11-17 09:55:43,549 [3172c264-2718-48bc-901b-d06defdb8935@group-921E636CB4D7-LeaderElection16] INFO  server.RaftServerConfigKeys (ConfUtils.java:logGet(46)) - raft.server.write.follower.gap.ratio.max = -1.0 (default)
2023-11-17 09:55:43,550 [3172c264-2718-48bc-901b-d06defdb8935@group-921E636CB4D7-LeaderElection16] INFO  server.RaftServerConfigKeys (ConfUtils.java:logGet(46)) - raft.server.log.appender.snapshot.chunk.size.max = 16MB (=16777216) (default)
2023-11-17 09:55:43,550 [3172c264-2718-48bc-901b-d06defdb8935@group-921E636CB4D7-LeaderElection16] INFO  server.RaftServerConfigKeys (ConfUtils.java:logGet(46)) - raft.server.log.appender.buffer.byte-limit = 33554432 (custom)
2023-11-17 09:55:43,550 [3172c264-2718-48bc-901b-d06defdb8935@group-921E636CB4D7-LeaderElection16] INFO  server.RaftServerConfigKeys (ConfUtils.java:logGet(46)) - raft.server.log.appender.buffer.element-limit = 1 (custom)
2023-11-17 09:55:43,550 [3172c264-2718-48bc-901b-d06defdb8935@group-921E636CB4D7-LeaderElection16] INFO  server.RaftServerConfigKeys (ConfUtils.java:logGet(46)) - raft.server.log.appender.wait-time.min = 1ms (custom)
2023-11-17 09:55:43,550 [3172c264-2718-48bc-901b-d06defdb8935@group-921E636CB4D7-LeaderElection16] INFO  grpc.GrpcConfigKeys (ConfUtils.java:logGet(46)) - raft.grpc.server.leader.outstanding.appends.max = 128 (default)
2023-11-17 09:55:43,550 [3172c264-2718-48bc-901b-d06defdb8935@group-921E636CB4D7-LeaderElection16] INFO  server.RaftServerConfigKeys (ConfUtils.java:logGet(46)) - raft.server.rpc.request.timeout = 60s (custom)
2023-11-17 09:55:43,550 [3172c264-2718-48bc-901b-d06defdb8935@group-921E636CB4D7-LeaderElection16] INFO  grpc.GrpcConfigKeys (ConfUtils.java:logGet(46)) - raft.grpc.server.install_snapshot.request.element-limit = 8 (default)
2023-11-17 09:55:43,550 [EventQueue-PipelineReportForPipelineReportHandler] INFO  pipeline.PipelineReportHandler (PipelineReportHandler.java:processPipelineReport(136)) - Opened pipeline PipelineID=0df93212-96d5-4e9e-bcda-921e636cb4d7
2023-11-17 09:55:43,550 [3172c264-2718-48bc-901b-d06defdb8935@group-921E636CB4D7-LeaderElection16] INFO  grpc.GrpcConfigKeys (ConfUtils.java:logGet(46)) - raft.grpc.server.install_snapshot.request.timeout = 3000ms (default)
2023-11-17 09:55:43,550 [3172c264-2718-48bc-901b-d06defdb8935@group-921E636CB4D7-LeaderElection16] INFO  server.RaftServerConfigKeys (ConfUtils.java:logGet(46)) - raft.server.log.appender.install.snapshot.enabled = false (custom)
2023-11-17 09:55:43,550 [3172c264-2718-48bc-901b-d06defdb8935@group-921E636CB4D7-LeaderElection16] INFO  grpc.GrpcConfigKeys (ConfUtils.java:logGet(46)) - raft.grpc.server.heartbeat.channel = true (default)
2023-11-17 09:55:43,551 [3172c264-2718-48bc-901b-d06defdb8935@group-921E636CB4D7-LeaderElection16] INFO  server.RaftServerConfigKeys (ConfUtils.java:logGet(46)) - raft.server.log.appender.snapshot.chunk.size.max = 16MB (=16777216) (default)
2023-11-17 09:55:43,551 [3172c264-2718-48bc-901b-d06defdb8935@group-921E636CB4D7-LeaderElection16] INFO  server.RaftServerConfigKeys (ConfUtils.java:logGet(46)) - raft.server.log.appender.buffer.byte-limit = 33554432 (custom)
2023-11-17 09:55:43,551 [3172c264-2718-48bc-901b-d06defdb8935@group-921E636CB4D7-LeaderElection16] INFO  server.RaftServerConfigKeys (ConfUtils.java:logGet(46)) - raft.server.log.appender.buffer.element-limit = 1 (custom)
2023-11-17 09:55:43,551 [3172c264-2718-48bc-901b-d06defdb8935@group-921E636CB4D7-LeaderElection16] INFO  server.RaftServerConfigKeys (ConfUtils.java:logGet(46)) - raft.server.log.appender.wait-time.min = 1ms (custom)
2023-11-17 09:55:43,551 [3172c264-2718-48bc-901b-d06defdb8935@group-921E636CB4D7-LeaderElection16] INFO  grpc.GrpcConfigKeys (ConfUtils.java:logGet(46)) - raft.grpc.server.leader.outstanding.appends.max = 128 (default)
2023-11-17 09:55:43,551 [3172c264-2718-48bc-901b-d06defdb8935@group-921E636CB4D7-LeaderElection16] INFO  server.RaftServerConfigKeys (ConfUtils.java:logGet(46)) - raft.server.rpc.request.timeout = 60s (custom)
2023-11-17 09:55:43,552 [3172c264-2718-48bc-901b-d06defdb8935@group-921E636CB4D7-LeaderElection16] INFO  grpc.GrpcConfigKeys (ConfUtils.java:logGet(46)) - raft.grpc.server.install_snapshot.request.element-limit = 8 (default)
2023-11-17 09:55:43,552 [3172c264-2718-48bc-901b-d06defdb8935@group-921E636CB4D7-LeaderElection16] INFO  grpc.GrpcConfigKeys (ConfUtils.java:logGet(46)) - raft.grpc.server.install_snapshot.request.timeout = 3000ms (default)
2023-11-17 09:55:43,552 [3172c264-2718-48bc-901b-d06defdb8935@group-921E636CB4D7-LeaderElection16] INFO  server.RaftServerConfigKeys (ConfUtils.java:logGet(46)) - raft.server.log.appender.install.snapshot.enabled = false (custom)
2023-11-17 09:55:43,552 [3172c264-2718-48bc-901b-d06defdb8935@group-921E636CB4D7-LeaderElection16] INFO  grpc.GrpcConfigKeys (ConfUtils.java:logGet(46)) - raft.grpc.server.heartbeat.channel = true (default)
2023-11-17 09:55:43,552 [3172c264-2718-48bc-901b-d06defdb8935@group-921E636CB4D7-LeaderElection16] INFO  impl.RoleInfo (RoleInfo.java:updateAndGet(139)) - 3172c264-2718-48bc-901b-d06defdb8935: start 3172c264-2718-48bc-901b-d06defdb8935@group-921E636CB4D7-LeaderStateImpl
2023-11-17 09:55:43,553 [3172c264-2718-48bc-901b-d06defdb8935@group-921E636CB4D7-LeaderElection16] INFO  segmented.SegmentedRaftLogWorker (SegmentedRaftLogWorker.java:startLogSegment(447)) - 3172c264-2718-48bc-901b-d06defdb8935@group-921E636CB4D7-SegmentedRaftLogWorker: Starting segment from index:0
2023-11-17 09:55:43,554 [3172c264-2718-48bc-901b-d06defdb8935@group-921E636CB4D7-SegmentedRaftLogWorker] INFO  segmented.SegmentedRaftLogWorker (SegmentedRaftLogWorker.java:execute(651)) - 3172c264-2718-48bc-901b-d06defdb8935@group-921E636CB4D7-SegmentedRaftLogWorker: created new log segment /home/runner/work/ozone/ozone/hadoop-ozone/integration-test/target/test-dir/MiniOzoneClusterImpl-b9d514d0-62e9-44b2-85a5-b07480d3784c/datanode-4/data/ratis/0df93212-96d5-4e9e-bcda-921e636cb4d7/current/log_inprogress_0
2023-11-17 09:55:43,557 [3172c264-2718-48bc-901b-d06defdb8935@group-921E636CB4D7-LeaderElection16] INFO  server.RaftServer$Division (ServerState.java:setRaftConf(434)) - 3172c264-2718-48bc-901b-d06defdb8935@group-921E636CB4D7: set configuration 0: peers:[2a883bf7-e5b8-4bdb-a368-a41799101186|rpc:10.1.0.9:15041|admin:10.1.0.9:15040|client:10.1.0.9:15039|dataStream:10.1.0.9:15042|priority:0|startupRole:FOLLOWER, 3172c264-2718-48bc-901b-d06defdb8935|rpc:10.1.0.9:15050|admin:10.1.0.9:15049|client:10.1.0.9:15048|dataStream:10.1.0.9:15051|priority:1|startupRole:FOLLOWER, fea717c9-b406-422e-8ccb-799e860d7c03|rpc:10.1.0.9:15059|admin:10.1.0.9:15058|client:10.1.0.9:15057|dataStream:10.1.0.9:15060|priority:0|startupRole:FOLLOWER]|listeners:[], old=null
2023-11-17 09:55:43,569 [2a883bf7-e5b8-4bdb-a368-a41799101186-server-thread1] INFO  ratis.XceiverServerRatis (XceiverServerRatis.java:handleLeaderChangedNotification(903)) - Leader change notification received for group: group-921E636CB4D7 with new leaderId: 3172c264-2718-48bc-901b-d06defdb8935
2023-11-17 09:55:43,569 [2a883bf7-e5b8-4bdb-a368-a41799101186-server-thread1] INFO  server.RaftServer$Division (ServerState.java:setLeader(317)) - 2a883bf7-e5b8-4bdb-a368-a41799101186@group-921E636CB4D7: change Leader from null to 3172c264-2718-48bc-901b-d06defdb8935 at term 1 for appendEntries, leader elected after 5146ms
2023-11-17 09:55:43,569 [fea717c9-b406-422e-8ccb-799e860d7c03-server-thread2] INFO  ratis.XceiverServerRatis (XceiverServerRatis.java:handleLeaderChangedNotification(903)) - Leader change notification received for group: group-921E636CB4D7 with new leaderId: 3172c264-2718-48bc-901b-d06defdb8935
2023-11-17 09:55:43,572 [2a883bf7-e5b8-4bdb-a368-a41799101186-server-thread1] INFO  server.RaftServer$Division (ServerState.java:setRaftConf(434)) - 2a883bf7-e5b8-4bdb-a368-a41799101186@group-921E636CB4D7: set configuration 0: peers:[2a883bf7-e5b8-4bdb-a368-a41799101186|rpc:10.1.0.9:15041|admin:10.1.0.9:15040|client:10.1.0.9:15039|dataStream:10.1.0.9:15042|priority:0|startupRole:FOLLOWER, 3172c264-2718-48bc-901b-d06defdb8935|rpc:10.1.0.9:15050|admin:10.1.0.9:15049|client:10.1.0.9:15048|dataStream:10.1.0.9:15051|priority:1|startupRole:FOLLOWER, fea717c9-b406-422e-8ccb-799e860d7c03|rpc:10.1.0.9:15059|admin:10.1.0.9:15058|client:10.1.0.9:15057|dataStream:10.1.0.9:15060|priority:0|startupRole:FOLLOWER]|listeners:[], old=null
2023-11-17 09:55:43,572 [2a883bf7-e5b8-4bdb-a368-a41799101186-server-thread1] INFO  segmented.SegmentedRaftLogWorker (SegmentedRaftLogWorker.java:startLogSegment(447)) - 2a883bf7-e5b8-4bdb-a368-a41799101186@group-921E636CB4D7-SegmentedRaftLogWorker: Starting segment from index:0
2023-11-17 09:55:43,573 [fea717c9-b406-422e-8ccb-799e860d7c03-server-thread2] INFO  server.RaftServer$Division (ServerState.java:setLeader(317)) - fea717c9-b406-422e-8ccb-799e860d7c03@group-921E636CB4D7: change Leader from null to 3172c264-2718-48bc-901b-d06defdb8935 at term 1 for appendEntries, leader elected after 5597ms
2023-11-17 09:55:43,574 [fea717c9-b406-422e-8ccb-799e860d7c03-server-thread1] INFO  server.RaftServer$Division (ServerState.java:setRaftConf(434)) - fea717c9-b406-422e-8ccb-799e860d7c03@group-921E636CB4D7: set configuration 0: peers:[2a883bf7-e5b8-4bdb-a368-a41799101186|rpc:10.1.0.9:15041|admin:10.1.0.9:15040|client:10.1.0.9:15039|dataStream:10.1.0.9:15042|priority:0|startupRole:FOLLOWER, 3172c264-2718-48bc-901b-d06defdb8935|rpc:10.1.0.9:15050|admin:10.1.0.9:15049|client:10.1.0.9:15048|dataStream:10.1.0.9:15051|priority:1|startupRole:FOLLOWER, fea717c9-b406-422e-8ccb-799e860d7c03|rpc:10.1.0.9:15059|admin:10.1.0.9:15058|client:10.1.0.9:15057|dataStream:10.1.0.9:15060|priority:0|startupRole:FOLLOWER]|listeners:[], old=null
2023-11-17 09:55:43,574 [2a883bf7-e5b8-4bdb-a368-a41799101186@group-921E636CB4D7-SegmentedRaftLogWorker] INFO  segmented.SegmentedRaftLogWorker (SegmentedRaftLogWorker.java:execute(651)) - 2a883bf7-e5b8-4bdb-a368-a41799101186@group-921E636CB4D7-SegmentedRaftLogWorker: created new log segment /home/runner/work/ozone/ozone/hadoop-ozone/integration-test/target/test-dir/MiniOzoneClusterImpl-b9d514d0-62e9-44b2-85a5-b07480d3784c/datanode-3/data/ratis/0df93212-96d5-4e9e-bcda-921e636cb4d7/current/log_inprogress_0
2023-11-17 09:55:43,576 [fea717c9-b406-422e-8ccb-799e860d7c03-server-thread1] INFO  segmented.SegmentedRaftLogWorker (SegmentedRaftLogWorker.java:startLogSegment(447)) - fea717c9-b406-422e-8ccb-799e860d7c03@group-921E636CB4D7-SegmentedRaftLogWorker: Starting segment from index:0
2023-11-17 09:55:43,577 [fea717c9-b406-422e-8ccb-799e860d7c03@group-921E636CB4D7-SegmentedRaftLogWorker] INFO  segmented.SegmentedRaftLogWorker (SegmentedRaftLogWorker.java:execute(651)) - fea717c9-b406-422e-8ccb-799e860d7c03@group-921E636CB4D7-SegmentedRaftLogWorker: created new log segment /home/runner/work/ozone/ozone/hadoop-ozone/integration-test/target/test-dir/MiniOzoneClusterImpl-b9d514d0-62e9-44b2-85a5-b07480d3784c/datanode-5/data/ratis/0df93212-96d5-4e9e-bcda-921e636cb4d7/current/log_inprogress_0
2023-11-17 09:55:43,622 [bfb594ff-14fd-40d9-830b-cf7a3dd84176@group-89F4F4114EAB-FollowerState] INFO  impl.FollowerState (FollowerState.java:run(143)) - bfb594ff-14fd-40d9-830b-cf7a3dd84176@group-89F4F4114EAB-FollowerState: change to CANDIDATE, lastRpcElapsedTime:5203794971ns, electionTimeout:5186ms
2023-11-17 09:55:43,622 [bfb594ff-14fd-40d9-830b-cf7a3dd84176@group-89F4F4114EAB-FollowerState] INFO  impl.RoleInfo (RoleInfo.java:shutdownFollowerState(110)) - bfb594ff-14fd-40d9-830b-cf7a3dd84176: shutdown bfb594ff-14fd-40d9-830b-cf7a3dd84176@group-89F4F4114EAB-FollowerState
2023-11-17 09:55:43,622 [bfb594ff-14fd-40d9-830b-cf7a3dd84176@group-89F4F4114EAB-FollowerState] INFO  server.RaftServer$Division (RaftServerImpl.java:setRole(329)) - bfb594ff-14fd-40d9-830b-cf7a3dd84176@group-89F4F4114EAB: changes role from  FOLLOWER to CANDIDATE at term 0 for changeToCandidate
2023-11-17 09:55:43,622 [bfb594ff-14fd-40d9-830b-cf7a3dd84176@group-89F4F4114EAB-FollowerState] INFO  server.RaftServerConfigKeys (ConfUtils.java:logGet(46)) - raft.server.leaderelection.pre-vote = true (default)
2023-11-17 09:55:43,622 [bfb594ff-14fd-40d9-830b-cf7a3dd84176@group-89F4F4114EAB-FollowerState] INFO  impl.RoleInfo (RoleInfo.java:updateAndGet(139)) - bfb594ff-14fd-40d9-830b-cf7a3dd84176: start bfb594ff-14fd-40d9-830b-cf7a3dd84176@group-89F4F4114EAB-LeaderElection17
2023-11-17 09:55:43,624 [bfb594ff-14fd-40d9-830b-cf7a3dd84176@group-89F4F4114EAB-LeaderElection17] INFO  impl.LeaderElection (LeaderElection.java:askForVotes(321)) - bfb594ff-14fd-40d9-830b-cf7a3dd84176@group-89F4F4114EAB-LeaderElection17 PRE_VOTE round 0: submit vote requests at term 0 for -1: peers:[cb74a50f-08de-45ec-b832-8b69b058d768|rpc:10.1.0.9:15086|admin:10.1.0.9:15085|client:10.1.0.9:15084|dataStream:10.1.0.9:15087|priority:0|startupRole:FOLLOWER, a7578bdd-9139-4946-a78d-cc7981f76fa8|rpc:10.1.0.9:15077|admin:10.1.0.9:15076|client:10.1.0.9:15075|dataStream:10.1.0.9:15078|priority:0|startupRole:FOLLOWER, bfb594ff-14fd-40d9-830b-cf7a3dd84176|rpc:10.1.0.9:15068|admin:10.1.0.9:15067|client:10.1.0.9:15066|dataStream:10.1.0.9:15069|priority:1|startupRole:FOLLOWER]|listeners:[], old=null
2023-11-17 09:55:43,625 [bfb594ff-14fd-40d9-830b-cf7a3dd84176@group-89F4F4114EAB-LeaderElection17-1] INFO  server.GrpcServerProtocolClient (GrpcServerProtocolClient.java:<init>(65)) - Build channel for cb74a50f-08de-45ec-b832-8b69b058d768
2023-11-17 09:55:43,626 [bfb594ff-14fd-40d9-830b-cf7a3dd84176@group-89F4F4114EAB-LeaderElection17] INFO  server.RaftServerConfigKeys (ConfUtils.java:logFallback(53)) - raft.server.rpc.first-election.timeout.min = 5s (fallback to raft.server.rpc.timeout.min)
2023-11-17 09:55:43,626 [bfb594ff-14fd-40d9-830b-cf7a3dd84176@group-89F4F4114EAB-LeaderElection17-2] INFO  server.GrpcServerProtocolClient (GrpcServerProtocolClient.java:<init>(65)) - Build channel for a7578bdd-9139-4946-a78d-cc7981f76fa8
2023-11-17 09:55:43,626 [bfb594ff-14fd-40d9-830b-cf7a3dd84176@group-89F4F4114EAB-LeaderElection17] INFO  server.RaftServerConfigKeys (ConfUtils.java:logFallback(53)) - raft.server.rpc.first-election.timeout.max = 5200ms (fallback to raft.server.rpc.timeout.max)
2023-11-17 09:55:43,634 [grpc-default-executor-4] INFO  server.RaftServer$Division (RaftServerImpl.java:requestVote(1302)) - a7578bdd-9139-4946-a78d-cc7981f76fa8@group-89F4F4114EAB: receive requestVote(PRE_VOTE, bfb594ff-14fd-40d9-830b-cf7a3dd84176, group-89F4F4114EAB, 0, (t:0, i:0))
2023-11-17 09:55:43,634 [grpc-default-executor-4] INFO  impl.VoteContext (VoteContext.java:log(49)) - a7578bdd-9139-4946-a78d-cc7981f76fa8@group-89F4F4114EAB-FOLLOWER: accept PRE_VOTE from bfb594ff-14fd-40d9-830b-cf7a3dd84176: our priority 0 <= candidate's priority 1
2023-11-17 09:55:43,634 [grpc-default-executor-0] INFO  server.RaftServer$Division (RaftServerImpl.java:requestVote(1302)) - cb74a50f-08de-45ec-b832-8b69b058d768@group-89F4F4114EAB: receive requestVote(PRE_VOTE, bfb594ff-14fd-40d9-830b-cf7a3dd84176, group-89F4F4114EAB, 0, (t:0, i:0))
2023-11-17 09:55:43,634 [grpc-default-executor-4] INFO  server.RaftServer$Division (RaftServerImpl.java:requestVote(1335)) - a7578bdd-9139-4946-a78d-cc7981f76fa8@group-89F4F4114EAB replies to PRE_VOTE vote request: bfb594ff-14fd-40d9-830b-cf7a3dd84176<-a7578bdd-9139-4946-a78d-cc7981f76fa8#0:OK-t0. Peer's state: a7578bdd-9139-4946-a78d-cc7981f76fa8@group-89F4F4114EAB:t0, leader=null, voted=, raftlog=Memoized:a7578bdd-9139-4946-a78d-cc7981f76fa8@group-89F4F4114EAB-SegmentedRaftLog:OPENED:c-1, conf=-1: peers:[cb74a50f-08de-45ec-b832-8b69b058d768|rpc:10.1.0.9:15086|admin:10.1.0.9:15085|client:10.1.0.9:15084|dataStream:10.1.0.9:15087|priority:0|startupRole:FOLLOWER, a7578bdd-9139-4946-a78d-cc7981f76fa8|rpc:10.1.0.9:15077|admin:10.1.0.9:15076|client:10.1.0.9:15075|dataStream:10.1.0.9:15078|priority:0|startupRole:FOLLOWER, bfb594ff-14fd-40d9-830b-cf7a3dd84176|rpc:10.1.0.9:15068|admin:10.1.0.9:15067|client:10.1.0.9:15066|dataStream:10.1.0.9:15069|priority:1|startupRole:FOLLOWER]|listeners:[], old=null
2023-11-17 09:55:43,634 [grpc-default-executor-0] INFO  impl.VoteContext (VoteContext.java:log(49)) - cb74a50f-08de-45ec-b832-8b69b058d768@group-89F4F4114EAB-FOLLOWER: accept PRE_VOTE from bfb594ff-14fd-40d9-830b-cf7a3dd84176: our priority 0 <= candidate's priority 1
2023-11-17 09:55:43,634 [grpc-default-executor-0] INFO  server.RaftServer$Division (RaftServerImpl.java:requestVote(1335)) - cb74a50f-08de-45ec-b832-8b69b058d768@group-89F4F4114EAB replies to PRE_VOTE vote request: bfb594ff-14fd-40d9-830b-cf7a3dd84176<-cb74a50f-08de-45ec-b832-8b69b058d768#0:OK-t0. Peer's state: cb74a50f-08de-45ec-b832-8b69b058d768@group-89F4F4114EAB:t0, leader=null, voted=, raftlog=Memoized:cb74a50f-08de-45ec-b832-8b69b058d768@group-89F4F4114EAB-SegmentedRaftLog:OPENED:c-1, conf=-1: peers:[cb74a50f-08de-45ec-b832-8b69b058d768|rpc:10.1.0.9:15086|admin:10.1.0.9:15085|client:10.1.0.9:15084|dataStream:10.1.0.9:15087|priority:0|startupRole:FOLLOWER, a7578bdd-9139-4946-a78d-cc7981f76fa8|rpc:10.1.0.9:15077|admin:10.1.0.9:15076|client:10.1.0.9:15075|dataStream:10.1.0.9:15078|priority:0|startupRole:FOLLOWER, bfb594ff-14fd-40d9-830b-cf7a3dd84176|rpc:10.1.0.9:15068|admin:10.1.0.9:15067|client:10.1.0.9:15066|dataStream:10.1.0.9:15069|priority:1|startupRole:FOLLOWER]|listeners:[], old=null
2023-11-17 09:55:43,635 [a7ddde4f-1380-4d54-ae4e-b71d3284ab6f@group-F190DFD69FE8-FollowerState] INFO  impl.FollowerState (FollowerState.java:run(143)) - a7ddde4f-1380-4d54-ae4e-b71d3284ab6f@group-F190DFD69FE8-FollowerState: change to CANDIDATE, lastRpcElapsedTime:5124179033ns, electionTimeout:5122ms
2023-11-17 09:55:43,635 [a7ddde4f-1380-4d54-ae4e-b71d3284ab6f@group-F190DFD69FE8-FollowerState] INFO  impl.RoleInfo (RoleInfo.java:shutdownFollowerState(110)) - a7ddde4f-1380-4d54-ae4e-b71d3284ab6f: shutdown a7ddde4f-1380-4d54-ae4e-b71d3284ab6f@group-F190DFD69FE8-FollowerState
2023-11-17 09:55:43,635 [a7ddde4f-1380-4d54-ae4e-b71d3284ab6f@group-F190DFD69FE8-FollowerState] INFO  server.RaftServer$Division (RaftServerImpl.java:setRole(329)) - a7ddde4f-1380-4d54-ae4e-b71d3284ab6f@group-F190DFD69FE8: changes role from  FOLLOWER to CANDIDATE at term 0 for changeToCandidate
2023-11-17 09:55:43,635 [a7ddde4f-1380-4d54-ae4e-b71d3284ab6f@group-F190DFD69FE8-FollowerState] INFO  server.RaftServerConfigKeys (ConfUtils.java:logGet(46)) - raft.server.leaderelection.pre-vote = true (default)
2023-11-17 09:55:43,635 [a7ddde4f-1380-4d54-ae4e-b71d3284ab6f@group-F190DFD69FE8-FollowerState] INFO  impl.RoleInfo (RoleInfo.java:updateAndGet(139)) - a7ddde4f-1380-4d54-ae4e-b71d3284ab6f: start a7ddde4f-1380-4d54-ae4e-b71d3284ab6f@group-F190DFD69FE8-LeaderElection18
2023-11-17 09:55:43,635 [bfb594ff-14fd-40d9-830b-cf7a3dd84176@group-89F4F4114EAB-LeaderElection17] INFO  impl.LeaderElection (LeaderElection.java:logAndReturn(90)) - bfb594ff-14fd-40d9-830b-cf7a3dd84176@group-89F4F4114EAB-LeaderElection17: PRE_VOTE PASSED received 1 response(s) and 0 exception(s):
2023-11-17 09:55:43,635 [bfb594ff-14fd-40d9-830b-cf7a3dd84176@group-89F4F4114EAB-LeaderElection17] INFO  impl.LeaderElection (LeaderElection.java:logAndReturn(94)) -   Response 0: bfb594ff-14fd-40d9-830b-cf7a3dd84176<-a7578bdd-9139-4946-a78d-cc7981f76fa8#0:OK-t0
2023-11-17 09:55:43,636 [a7ddde4f-1380-4d54-ae4e-b71d3284ab6f@group-F190DFD69FE8-LeaderElection18] INFO  impl.LeaderElection (LeaderElection.java:askForVotes(321)) - a7ddde4f-1380-4d54-ae4e-b71d3284ab6f@group-F190DFD69FE8-LeaderElection18 PRE_VOTE round 0: submit vote requests at term 0 for -1: peers:[a7ddde4f-1380-4d54-ae4e-b71d3284ab6f|rpc:10.1.0.9:15095|admin:10.1.0.9:15094|client:10.1.0.9:15093|dataStream:10.1.0.9:15096|priority:1|startupRole:FOLLOWER]|listeners:[], old=null
2023-11-17 09:55:43,636 [a7ddde4f-1380-4d54-ae4e-b71d3284ab6f@group-F190DFD69FE8-LeaderElection18] INFO  impl.LeaderElection (LeaderElection.java:askForVotes(323)) - a7ddde4f-1380-4d54-ae4e-b71d3284ab6f@group-F190DFD69FE8-LeaderElection18 PRE_VOTE round 0: result PASSED (term=0)
2023-11-17 09:55:43,636 [bfb594ff-14fd-40d9-830b-cf7a3dd84176@group-89F4F4114EAB-LeaderElection17] INFO  impl.LeaderElection (LeaderElection.java:askForVotes(323)) - bfb594ff-14fd-40d9-830b-cf7a3dd84176@group-89F4F4114EAB-LeaderElection17 PRE_VOTE round 0: result PASSED
2023-11-17 09:55:43,638 [a7ddde4f-1380-4d54-ae4e-b71d3284ab6f@group-F190DFD69FE8-LeaderElection18] INFO  impl.LeaderElection (LeaderElection.java:askForVotes(321)) - a7ddde4f-1380-4d54-ae4e-b71d3284ab6f@group-F190DFD69FE8-LeaderElection18 ELECTION round 0: submit vote requests at term 1 for -1: peers:[a7ddde4f-1380-4d54-ae4e-b71d3284ab6f|rpc:10.1.0.9:15095|admin:10.1.0.9:15094|client:10.1.0.9:15093|dataStream:10.1.0.9:15096|priority:1|startupRole:FOLLOWER]|listeners:[], old=null
2023-11-17 09:55:43,644 [bfb594ff-14fd-40d9-830b-cf7a3dd84176@group-89F4F4114EAB-LeaderElection17] INFO  impl.LeaderElection (LeaderElection.java:askForVotes(321)) - bfb594ff-14fd-40d9-830b-cf7a3dd84176@group-89F4F4114EAB-LeaderElection17 ELECTION round 0: submit vote requests at term 1 for -1: peers:[cb74a50f-08de-45ec-b832-8b69b058d768|rpc:10.1.0.9:15086|admin:10.1.0.9:15085|client:10.1.0.9:15084|dataStream:10.1.0.9:15087|priority:0|startupRole:FOLLOWER, a7578bdd-9139-4946-a78d-cc7981f76fa8|rpc:10.1.0.9:15077|admin:10.1.0.9:15076|client:10.1.0.9:15075|dataStream:10.1.0.9:15078|priority:0|startupRole:FOLLOWER, bfb594ff-14fd-40d9-830b-cf7a3dd84176|rpc:10.1.0.9:15068|admin:10.1.0.9:15067|client:10.1.0.9:15066|dataStream:10.1.0.9:15069|priority:1|startupRole:FOLLOWER]|listeners:[], old=null
2023-11-17 09:55:43,644 [a7ddde4f-1380-4d54-ae4e-b71d3284ab6f@group-F190DFD69FE8-LeaderElection18] INFO  impl.LeaderElection (LeaderElection.java:askForVotes(323)) - a7ddde4f-1380-4d54-ae4e-b71d3284ab6f@group-F190DFD69FE8-LeaderElection18 ELECTION round 0: result PASSED (term=1)
2023-11-17 09:55:43,644 [a7ddde4f-1380-4d54-ae4e-b71d3284ab6f@group-F190DFD69FE8-LeaderElection18] INFO  impl.RoleInfo (RoleInfo.java:shutdownLeaderElection(130)) - a7ddde4f-1380-4d54-ae4e-b71d3284ab6f: shutdown a7ddde4f-1380-4d54-ae4e-b71d3284ab6f@group-F190DFD69FE8-LeaderElection18
2023-11-17 09:55:43,644 [a7ddde4f-1380-4d54-ae4e-b71d3284ab6f@group-F190DFD69FE8-LeaderElection18] INFO  server.RaftServer$Division (RaftServerImpl.java:setRole(329)) - a7ddde4f-1380-4d54-ae4e-b71d3284ab6f@group-F190DFD69FE8: changes role from CANDIDATE to LEADER at term 1 for changeToLeader
2023-11-17 09:55:43,644 [a7ddde4f-1380-4d54-ae4e-b71d3284ab6f@group-F190DFD69FE8-LeaderElection18] INFO  ratis.XceiverServerRatis (XceiverServerRatis.java:handleLeaderChangedNotification(903)) - Leader change notification received for group: group-F190DFD69FE8 with new leaderId: a7ddde4f-1380-4d54-ae4e-b71d3284ab6f
2023-11-17 09:55:43,645 [a7ddde4f-1380-4d54-ae4e-b71d3284ab6f@group-F190DFD69FE8-LeaderElection18] INFO  server.RaftServer$Division (ServerState.java:setLeader(317)) - a7ddde4f-1380-4d54-ae4e-b71d3284ab6f@group-F190DFD69FE8: change Leader from null to a7ddde4f-1380-4d54-ae4e-b71d3284ab6f at term 1 for becomeLeader, leader elected after 5225ms
2023-11-17 09:55:43,645 [bfb594ff-14fd-40d9-830b-cf7a3dd84176@group-89F4F4114EAB-LeaderElection17] INFO  server.RaftServerConfigKeys (ConfUtils.java:logFallback(53)) - raft.server.rpc.first-election.timeout.min = 5s (fallback to raft.server.rpc.timeout.min)
2023-11-17 09:55:43,645 [a7ddde4f-1380-4d54-ae4e-b71d3284ab6f@group-F190DFD69FE8-LeaderElection18] INFO  server.RaftServerConfigKeys (ConfUtils.java:logGet(46)) - raft.server.staging.catchup.gap = 1000 (default)
2023-11-17 09:55:43,645 [bfb594ff-14fd-40d9-830b-cf7a3dd84176@group-89F4F4114EAB-LeaderElection17] INFO  server.RaftServerConfigKeys (ConfUtils.java:logFallback(53)) - raft.server.rpc.first-election.timeout.max = 5200ms (fallback to raft.server.rpc.timeout.max)
2023-11-17 09:55:43,645 [a7ddde4f-1380-4d54-ae4e-b71d3284ab6f@group-F190DFD69FE8-LeaderElection18] INFO  server.RaftServerConfigKeys (ConfUtils.java:logGet(46)) - raft.server.write.element-limit = 1024 (custom)
2023-11-17 09:55:43,646 [a7ddde4f-1380-4d54-ae4e-b71d3284ab6f@group-F190DFD69FE8-LeaderElection18] INFO  server.RaftServerConfigKeys (ConfUtils.java:logGet(46)) - raft.server.write.byte-limit = 1024 M (=1073741824) (custom)
2023-11-17 09:55:43,646 [a7ddde4f-1380-4d54-ae4e-b71d3284ab6f@group-F190DFD69FE8-LeaderElection18] INFO  server.RaftServerConfigKeys (ConfUtils.java:logGet(46)) - raft.server.watch.timeout = 180s (custom)
2023-11-17 09:55:43,646 [a7ddde4f-1380-4d54-ae4e-b71d3284ab6f@group-F190DFD69FE8-LeaderElection18] INFO  server.RaftServerConfigKeys (ConfUtils.java:logGet(46)) - raft.server.watch.timeout.denomination = 1s (default)
2023-11-17 09:55:43,647 [a7ddde4f-1380-4d54-ae4e-b71d3284ab6f@group-F190DFD69FE8-LeaderElection18] INFO  server.RaftServerConfigKeys (ConfUtils.java:logGet(46)) - raft.server.watch.element-limit = 65536 (default)
2023-11-17 09:55:43,647 [a7ddde4f-1380-4d54-ae4e-b71d3284ab6f@group-F190DFD69FE8-LeaderElection18] INFO  server.RaftServerConfigKeys (ConfUtils.java:logGet(46)) - raft.server.write.element-limit = 1024 (custom)
2023-11-17 09:55:43,647 [a7ddde4f-1380-4d54-ae4e-b71d3284ab6f@group-F190DFD69FE8-LeaderElection18] INFO  server.RaftServerConfigKeys (ConfUtils.java:logGet(46)) - raft.server.write.follower.gap.ratio.max = -1.0 (default)
2023-11-17 09:55:43,647 [a7ddde4f-1380-4d54-ae4e-b71d3284ab6f@group-F190DFD69FE8-LeaderElection18] INFO  impl.RoleInfo (RoleInfo.java:updateAndGet(139)) - a7ddde4f-1380-4d54-ae4e-b71d3284ab6f: start a7ddde4f-1380-4d54-ae4e-b71d3284ab6f@group-F190DFD69FE8-LeaderStateImpl
2023-11-17 09:55:43,647 [a7ddde4f-1380-4d54-ae4e-b71d3284ab6f@group-F190DFD69FE8-LeaderElection18] INFO  segmented.SegmentedRaftLogWorker (SegmentedRaftLogWorker.java:startLogSegment(447)) - a7ddde4f-1380-4d54-ae4e-b71d3284ab6f@group-F190DFD69FE8-SegmentedRaftLogWorker: Starting segment from index:0
2023-11-17 09:55:43,647 [grpc-default-executor-4] INFO  server.RaftServer$Division (RaftServerImpl.java:requestVote(1302)) - a7578bdd-9139-4946-a78d-cc7981f76fa8@group-89F4F4114EAB: receive requestVote(ELECTION, bfb594ff-14fd-40d9-830b-cf7a3dd84176, group-89F4F4114EAB, 1, (t:0, i:0))
2023-11-17 09:55:43,648 [grpc-default-executor-4] INFO  impl.VoteContext (VoteContext.java:log(49)) - a7578bdd-9139-4946-a78d-cc7981f76fa8@group-89F4F4114EAB-FOLLOWER: accept ELECTION from bfb594ff-14fd-40d9-830b-cf7a3dd84176: our priority 0 <= candidate's priority 1
2023-11-17 09:55:43,648 [grpc-default-executor-4] INFO  server.RaftServer$Division (RaftServerImpl.java:setRole(329)) - a7578bdd-9139-4946-a78d-cc7981f76fa8@group-89F4F4114EAB: changes role from  FOLLOWER to FOLLOWER at term 1 for candidate:bfb594ff-14fd-40d9-830b-cf7a3dd84176
2023-11-17 09:55:43,648 [grpc-default-executor-4] INFO  impl.RoleInfo (RoleInfo.java:shutdownFollowerState(110)) - a7578bdd-9139-4946-a78d-cc7981f76fa8: shutdown a7578bdd-9139-4946-a78d-cc7981f76fa8@group-89F4F4114EAB-FollowerState
2023-11-17 09:55:43,649 [grpc-default-executor-0] INFO  server.RaftServer$Division (RaftServerImpl.java:requestVote(1302)) - cb74a50f-08de-45ec-b832-8b69b058d768@group-89F4F4114EAB: receive requestVote(ELECTION, bfb594ff-14fd-40d9-830b-cf7a3dd84176, group-89F4F4114EAB, 1, (t:0, i:0))
2023-11-17 09:55:43,649 [grpc-default-executor-0] INFO  impl.VoteContext (VoteContext.java:log(49)) - cb74a50f-08de-45ec-b832-8b69b058d768@group-89F4F4114EAB-FOLLOWER: accept ELECTION from bfb594ff-14fd-40d9-830b-cf7a3dd84176: our priority 0 <= candidate's priority 1
2023-11-17 09:55:43,649 [grpc-default-executor-0] INFO  server.RaftServer$Division (RaftServerImpl.java:setRole(329)) - cb74a50f-08de-45ec-b832-8b69b058d768@group-89F4F4114EAB: changes role from  FOLLOWER to FOLLOWER at term 1 for candidate:bfb594ff-14fd-40d9-830b-cf7a3dd84176
2023-11-17 09:55:43,649 [grpc-default-executor-0] INFO  impl.RoleInfo (RoleInfo.java:shutdownFollowerState(110)) - cb74a50f-08de-45ec-b832-8b69b058d768: shutdown cb74a50f-08de-45ec-b832-8b69b058d768@group-89F4F4114EAB-FollowerState
2023-11-17 09:55:43,649 [grpc-default-executor-0] INFO  impl.RoleInfo (RoleInfo.java:updateAndGet(139)) - cb74a50f-08de-45ec-b832-8b69b058d768: start cb74a50f-08de-45ec-b832-8b69b058d768@group-89F4F4114EAB-FollowerState
2023-11-17 09:55:43,649 [cb74a50f-08de-45ec-b832-8b69b058d768@group-89F4F4114EAB-FollowerState] INFO  impl.FollowerState (FollowerState.java:run(152)) - cb74a50f-08de-45ec-b832-8b69b058d768@group-89F4F4114EAB-FollowerState was interrupted
2023-11-17 09:55:43,649 [a7ddde4f-1380-4d54-ae4e-b71d3284ab6f@group-F190DFD69FE8-LeaderElection18] INFO  server.RaftServer$Division (ServerState.java:setRaftConf(434)) - a7ddde4f-1380-4d54-ae4e-b71d3284ab6f@group-F190DFD69FE8: set configuration 0: peers:[a7ddde4f-1380-4d54-ae4e-b71d3284ab6f|rpc:10.1.0.9:15095|admin:10.1.0.9:15094|client:10.1.0.9:15093|dataStream:10.1.0.9:15096|priority:1|startupRole:FOLLOWER]|listeners:[], old=null
2023-11-17 09:55:43,650 [a7ddde4f-1380-4d54-ae4e-b71d3284ab6f@group-F190DFD69FE8-SegmentedRaftLogWorker] INFO  segmented.SegmentedRaftLogWorker (SegmentedRaftLogWorker.java:execute(651)) - a7ddde4f-1380-4d54-ae4e-b71d3284ab6f@group-F190DFD69FE8-SegmentedRaftLogWorker: created new log segment /home/runner/work/ozone/ozone/hadoop-ozone/integration-test/target/test-dir/MiniOzoneClusterImpl-b9d514d0-62e9-44b2-85a5-b07480d3784c/datanode-9/data/ratis/728b795c-ba06-48ed-899f-f190dfd69fe8/current/log_inprogress_0
2023-11-17 09:55:43,650 [grpc-default-executor-4] INFO  impl.RoleInfo (RoleInfo.java:updateAndGet(139)) - a7578bdd-9139-4946-a78d-cc7981f76fa8: start a7578bdd-9139-4946-a78d-cc7981f76fa8@group-89F4F4114EAB-FollowerState
2023-11-17 09:55:43,650 [a7578bdd-9139-4946-a78d-cc7981f76fa8@group-89F4F4114EAB-FollowerState] INFO  impl.FollowerState (FollowerState.java:run(152)) - a7578bdd-9139-4946-a78d-cc7981f76fa8@group-89F4F4114EAB-FollowerState was interrupted
2023-11-17 09:55:43,651 [grpc-default-executor-0] INFO  server.RaftServer$Division (RaftServerImpl.java:requestVote(1335)) - cb74a50f-08de-45ec-b832-8b69b058d768@group-89F4F4114EAB replies to ELECTION vote request: bfb594ff-14fd-40d9-830b-cf7a3dd84176<-cb74a50f-08de-45ec-b832-8b69b058d768#0:OK-t1. Peer's state: cb74a50f-08de-45ec-b832-8b69b058d768@group-89F4F4114EAB:t1, leader=null, voted=bfb594ff-14fd-40d9-830b-cf7a3dd84176, raftlog=Memoized:cb74a50f-08de-45ec-b832-8b69b058d768@group-89F4F4114EAB-SegmentedRaftLog:OPENED:c-1, conf=-1: peers:[cb74a50f-08de-45ec-b832-8b69b058d768|rpc:10.1.0.9:15086|admin:10.1.0.9:15085|client:10.1.0.9:15084|dataStream:10.1.0.9:15087|priority:0|startupRole:FOLLOWER, a7578bdd-9139-4946-a78d-cc7981f76fa8|rpc:10.1.0.9:15077|admin:10.1.0.9:15076|client:10.1.0.9:15075|dataStream:10.1.0.9:15078|priority:0|startupRole:FOLLOWER, bfb594ff-14fd-40d9-830b-cf7a3dd84176|rpc:10.1.0.9:15068|admin:10.1.0.9:15067|client:10.1.0.9:15066|dataStream:10.1.0.9:15069|priority:1|startupRole:FOLLOWER]|listeners:[], old=null
2023-11-17 09:55:43,652 [bfb594ff-14fd-40d9-830b-cf7a3dd84176@group-89F4F4114EAB-LeaderElection17] INFO  impl.LeaderElection (LeaderElection.java:logAndReturn(90)) - bfb594ff-14fd-40d9-830b-cf7a3dd84176@group-89F4F4114EAB-LeaderElection17: ELECTION PASSED received 1 response(s) and 0 exception(s):
2023-11-17 09:55:43,652 [bfb594ff-14fd-40d9-830b-cf7a3dd84176@group-89F4F4114EAB-LeaderElection17] INFO  impl.LeaderElection (LeaderElection.java:logAndReturn(94)) -   Response 0: bfb594ff-14fd-40d9-830b-cf7a3dd84176<-cb74a50f-08de-45ec-b832-8b69b058d768#0:OK-t1
2023-11-17 09:55:43,652 [bfb594ff-14fd-40d9-830b-cf7a3dd84176@group-89F4F4114EAB-LeaderElection17] INFO  impl.LeaderElection (LeaderElection.java:askForVotes(323)) - bfb594ff-14fd-40d9-830b-cf7a3dd84176@group-89F4F4114EAB-LeaderElection17 ELECTION round 0: result PASSED
2023-11-17 09:55:43,652 [bfb594ff-14fd-40d9-830b-cf7a3dd84176@group-89F4F4114EAB-LeaderElection17] INFO  impl.RoleInfo (RoleInfo.java:shutdownLeaderElection(130)) - bfb594ff-14fd-40d9-830b-cf7a3dd84176: shutdown bfb594ff-14fd-40d9-830b-cf7a3dd84176@group-89F4F4114EAB-LeaderElection17
2023-11-17 09:55:43,652 [bfb594ff-14fd-40d9-830b-cf7a3dd84176@group-89F4F4114EAB-LeaderElection17] INFO  server.RaftServer$Division (RaftServerImpl.java:setRole(329)) - bfb594ff-14fd-40d9-830b-cf7a3dd84176@group-89F4F4114EAB: changes role from CANDIDATE to LEADER at term 1 for changeToLeader
2023-11-17 09:55:43,652 [bfb594ff-14fd-40d9-830b-cf7a3dd84176@group-89F4F4114EAB-LeaderElection17] INFO  ratis.XceiverServerRatis (XceiverServerRatis.java:handleLeaderChangedNotification(903)) - Leader change notification received for group: group-89F4F4114EAB with new leaderId: bfb594ff-14fd-40d9-830b-cf7a3dd84176
2023-11-17 09:55:43,652 [bfb594ff-14fd-40d9-830b-cf7a3dd84176@group-89F4F4114EAB-LeaderElection17] INFO  server.RaftServer$Division (ServerState.java:setLeader(317)) - bfb594ff-14fd-40d9-830b-cf7a3dd84176@group-89F4F4114EAB: change Leader from null to bfb594ff-14fd-40d9-830b-cf7a3dd84176 at term 1 for becomeLeader, leader elected after 5549ms
2023-11-17 09:55:43,653 [bfb594ff-14fd-40d9-830b-cf7a3dd84176@group-89F4F4114EAB-LeaderElection17] INFO  server.RaftServerConfigKeys (ConfUtils.java:logGet(46)) - raft.server.staging.catchup.gap = 1000 (default)
2023-11-17 09:55:43,653 [grpc-default-executor-4] INFO  server.RaftServer$Division (RaftServerImpl.java:requestVote(1335)) - a7578bdd-9139-4946-a78d-cc7981f76fa8@group-89F4F4114EAB replies to ELECTION vote request: bfb594ff-14fd-40d9-830b-cf7a3dd84176<-a7578bdd-9139-4946-a78d-cc7981f76fa8#0:OK-t1. Peer's state: a7578bdd-9139-4946-a78d-cc7981f76fa8@group-89F4F4114EAB:t1, leader=null, voted=bfb594ff-14fd-40d9-830b-cf7a3dd84176, raftlog=Memoized:a7578bdd-9139-4946-a78d-cc7981f76fa8@group-89F4F4114EAB-SegmentedRaftLog:OPENED:c-1, conf=-1: peers:[cb74a50f-08de-45ec-b832-8b69b058d768|rpc:10.1.0.9:15086|admin:10.1.0.9:15085|client:10.1.0.9:15084|dataStream:10.1.0.9:15087|priority:0|startupRole:FOLLOWER, a7578bdd-9139-4946-a78d-cc7981f76fa8|rpc:10.1.0.9:15077|admin:10.1.0.9:15076|client:10.1.0.9:15075|dataStream:10.1.0.9:15078|priority:0|startupRole:FOLLOWER, bfb594ff-14fd-40d9-830b-cf7a3dd84176|rpc:10.1.0.9:15068|admin:10.1.0.9:15067|client:10.1.0.9:15066|dataStream:10.1.0.9:15069|priority:1|startupRole:FOLLOWER]|listeners:[], old=null
2023-11-17 09:55:43,653 [bfb594ff-14fd-40d9-830b-cf7a3dd84176@group-89F4F4114EAB-LeaderElection17] INFO  server.RaftServerConfigKeys (ConfUtils.java:logGet(46)) - raft.server.write.element-limit = 1024 (custom)
2023-11-17 09:55:43,653 [bfb594ff-14fd-40d9-830b-cf7a3dd84176@group-89F4F4114EAB-LeaderElection17] INFO  server.RaftServerConfigKeys (ConfUtils.java:logGet(46)) - raft.server.write.byte-limit = 1024 M (=1073741824) (custom)
2023-11-17 09:55:43,653 [bfb594ff-14fd-40d9-830b-cf7a3dd84176@group-89F4F4114EAB-LeaderElection17] INFO  server.RaftServerConfigKeys (ConfUtils.java:logGet(46)) - raft.server.watch.timeout = 180s (custom)
2023-11-17 09:55:43,653 [bfb594ff-14fd-40d9-830b-cf7a3dd84176@group-89F4F4114EAB-LeaderElection17] INFO  server.RaftServerConfigKeys (ConfUtils.java:logGet(46)) - raft.server.watch.timeout.denomination = 1s (default)
2023-11-17 09:55:43,653 [bfb594ff-14fd-40d9-830b-cf7a3dd84176@group-89F4F4114EAB-LeaderElection17] INFO  server.RaftServerConfigKeys (ConfUtils.java:logGet(46)) - raft.server.watch.element-limit = 65536 (default)
2023-11-17 09:55:43,653 [bfb594ff-14fd-40d9-830b-cf7a3dd84176@group-89F4F4114EAB-LeaderElection17] INFO  server.RaftServerConfigKeys (ConfUtils.java:logGet(46)) - raft.server.write.element-limit = 1024 (custom)
2023-11-17 09:55:43,653 [bfb594ff-14fd-40d9-830b-cf7a3dd84176@group-89F4F4114EAB-LeaderElection17] INFO  server.RaftServerConfigKeys (ConfUtils.java:logGet(46)) - raft.server.write.follower.gap.ratio.max = -1.0 (default)
2023-11-17 09:55:43,654 [bfb594ff-14fd-40d9-830b-cf7a3dd84176@group-89F4F4114EAB-LeaderElection17] INFO  server.RaftServerConfigKeys (ConfUtils.java:logGet(46)) - raft.server.log.appender.snapshot.chunk.size.max = 16MB (=16777216) (default)
2023-11-17 09:55:43,654 [bfb594ff-14fd-40d9-830b-cf7a3dd84176@group-89F4F4114EAB-LeaderElection17] INFO  server.RaftServerConfigKeys (ConfUtils.java:logGet(46)) - raft.server.log.appender.buffer.byte-limit = 33554432 (custom)
2023-11-17 09:55:43,654 [bfb594ff-14fd-40d9-830b-cf7a3dd84176@group-89F4F4114EAB-LeaderElection17] INFO  server.RaftServerConfigKeys (ConfUtils.java:logGet(46)) - raft.server.log.appender.buffer.element-limit = 1 (custom)
2023-11-17 09:55:43,654 [bfb594ff-14fd-40d9-830b-cf7a3dd84176@group-89F4F4114EAB-LeaderElection17] INFO  server.RaftServerConfigKeys (ConfUtils.java:logGet(46)) - raft.server.log.appender.wait-time.min = 1ms (custom)
2023-11-17 09:55:43,654 [bfb594ff-14fd-40d9-830b-cf7a3dd84176@group-89F4F4114EAB-LeaderElection17] INFO  grpc.GrpcConfigKeys (ConfUtils.java:logGet(46)) - raft.grpc.server.leader.outstanding.appends.max = 128 (default)
2023-11-17 09:55:43,654 [bfb594ff-14fd-40d9-830b-cf7a3dd84176@group-89F4F4114EAB-LeaderElection17] INFO  server.RaftServerConfigKeys (ConfUtils.java:logGet(46)) - raft.server.rpc.request.timeout = 60s (custom)
2023-11-17 09:55:43,654 [bfb594ff-14fd-40d9-830b-cf7a3dd84176@group-89F4F4114EAB-LeaderElection17] INFO  grpc.GrpcConfigKeys (ConfUtils.java:logGet(46)) - raft.grpc.server.install_snapshot.request.element-limit = 8 (default)
2023-11-17 09:55:43,654 [bfb594ff-14fd-40d9-830b-cf7a3dd84176@group-89F4F4114EAB-LeaderElection17] INFO  grpc.GrpcConfigKeys (ConfUtils.java:logGet(46)) - raft.grpc.server.install_snapshot.request.timeout = 3000ms (default)
2023-11-17 09:55:43,654 [bfb594ff-14fd-40d9-830b-cf7a3dd84176@group-89F4F4114EAB-LeaderElection17] INFO  server.RaftServerConfigKeys (ConfUtils.java:logGet(46)) - raft.server.log.appender.install.snapshot.enabled = false (custom)
2023-11-17 09:55:43,654 [bfb594ff-14fd-40d9-830b-cf7a3dd84176@group-89F4F4114EAB-LeaderElection17] INFO  grpc.GrpcConfigKeys (ConfUtils.java:logGet(46)) - raft.grpc.server.heartbeat.channel = true (default)
2023-11-17 09:55:43,655 [bfb594ff-14fd-40d9-830b-cf7a3dd84176@group-89F4F4114EAB-LeaderElection17] INFO  server.RaftServerConfigKeys (ConfUtils.java:logGet(46)) - raft.server.log.appender.snapshot.chunk.size.max = 16MB (=16777216) (default)
2023-11-17 09:55:43,655 [bfb594ff-14fd-40d9-830b-cf7a3dd84176@group-89F4F4114EAB-LeaderElection17] INFO  server.RaftServerConfigKeys (ConfUtils.java:logGet(46)) - raft.server.log.appender.buffer.byte-limit = 33554432 (custom)
2023-11-17 09:55:43,655 [bfb594ff-14fd-40d9-830b-cf7a3dd84176@group-89F4F4114EAB-LeaderElection17] INFO  server.RaftServerConfigKeys (ConfUtils.java:logGet(46)) - raft.server.log.appender.buffer.element-limit = 1 (custom)
2023-11-17 09:55:43,655 [bfb594ff-14fd-40d9-830b-cf7a3dd84176@group-89F4F4114EAB-LeaderElection17] INFO  server.RaftServerConfigKeys (ConfUtils.java:logGet(46)) - raft.server.log.appender.wait-time.min = 1ms (custom)
2023-11-17 09:55:43,655 [bfb594ff-14fd-40d9-830b-cf7a3dd84176@group-89F4F4114EAB-LeaderElection17] INFO  grpc.GrpcConfigKeys (ConfUtils.java:logGet(46)) - raft.grpc.server.leader.outstanding.appends.max = 128 (default)
2023-11-17 09:55:43,656 [bfb594ff-14fd-40d9-830b-cf7a3dd84176@group-89F4F4114EAB-LeaderElection17] INFO  server.RaftServerConfigKeys (ConfUtils.java:logGet(46)) - raft.server.rpc.request.timeout = 60s (custom)
2023-11-17 09:55:43,656 [bfb594ff-14fd-40d9-830b-cf7a3dd84176@group-89F4F4114EAB-LeaderElection17] INFO  grpc.GrpcConfigKeys (ConfUtils.java:logGet(46)) - raft.grpc.server.install_snapshot.request.element-limit = 8 (default)
2023-11-17 09:55:43,656 [bfb594ff-14fd-40d9-830b-cf7a3dd84176@group-89F4F4114EAB-LeaderElection17] INFO  grpc.GrpcConfigKeys (ConfUtils.java:logGet(46)) - raft.grpc.server.install_snapshot.request.timeout = 3000ms (default)
2023-11-17 09:55:43,656 [bfb594ff-14fd-40d9-830b-cf7a3dd84176@group-89F4F4114EAB-LeaderElection17] INFO  server.RaftServerConfigKeys (ConfUtils.java:logGet(46)) - raft.server.log.appender.install.snapshot.enabled = false (custom)
2023-11-17 09:55:43,656 [bfb594ff-14fd-40d9-830b-cf7a3dd84176@group-89F4F4114EAB-LeaderElection17] INFO  grpc.GrpcConfigKeys (ConfUtils.java:logGet(46)) - raft.grpc.server.heartbeat.channel = true (default)
2023-11-17 09:55:43,656 [bfb594ff-14fd-40d9-830b-cf7a3dd84176@group-89F4F4114EAB-LeaderElection17] INFO  impl.RoleInfo (RoleInfo.java:updateAndGet(139)) - bfb594ff-14fd-40d9-830b-cf7a3dd84176: start bfb594ff-14fd-40d9-830b-cf7a3dd84176@group-89F4F4114EAB-LeaderStateImpl
2023-11-17 09:55:43,657 [bfb594ff-14fd-40d9-830b-cf7a3dd84176@group-89F4F4114EAB-LeaderElection17] INFO  segmented.SegmentedRaftLogWorker (SegmentedRaftLogWorker.java:startLogSegment(447)) - bfb594ff-14fd-40d9-830b-cf7a3dd84176@group-89F4F4114EAB-SegmentedRaftLogWorker: Starting segment from index:0
2023-11-17 09:55:43,657 [EventQueue-PipelineReportForPipelineReportHandler] INFO  pipeline.PipelineReportHandler (PipelineReportHandler.java:processPipelineReport(136)) - Opened pipeline PipelineID=dc120092-d2e9-426a-ac7c-89f4f4114eab
2023-11-17 09:55:43,659 [bfb594ff-14fd-40d9-830b-cf7a3dd84176@group-89F4F4114EAB-LeaderElection17] INFO  server.RaftServer$Division (ServerState.java:setRaftConf(434)) - bfb594ff-14fd-40d9-830b-cf7a3dd84176@group-89F4F4114EAB: set configuration 0: peers:[cb74a50f-08de-45ec-b832-8b69b058d768|rpc:10.1.0.9:15086|admin:10.1.0.9:15085|client:10.1.0.9:15084|dataStream:10.1.0.9:15087|priority:0|startupRole:FOLLOWER, a7578bdd-9139-4946-a78d-cc7981f76fa8|rpc:10.1.0.9:15077|admin:10.1.0.9:15076|client:10.1.0.9:15075|dataStream:10.1.0.9:15078|priority:0|startupRole:FOLLOWER, bfb594ff-14fd-40d9-830b-cf7a3dd84176|rpc:10.1.0.9:15068|admin:10.1.0.9:15067|client:10.1.0.9:15066|dataStream:10.1.0.9:15069|priority:1|startupRole:FOLLOWER]|listeners:[], old=null
2023-11-17 09:55:43,660 [bfb594ff-14fd-40d9-830b-cf7a3dd84176@group-89F4F4114EAB-SegmentedRaftLogWorker] INFO  segmented.SegmentedRaftLogWorker (SegmentedRaftLogWorker.java:execute(651)) - bfb594ff-14fd-40d9-830b-cf7a3dd84176@group-89F4F4114EAB-SegmentedRaftLogWorker: created new log segment /home/runner/work/ozone/ozone/hadoop-ozone/integration-test/target/test-dir/MiniOzoneClusterImpl-b9d514d0-62e9-44b2-85a5-b07480d3784c/datanode-6/data/ratis/dc120092-d2e9-426a-ac7c-89f4f4114eab/current/log_inprogress_0
2023-11-17 09:55:43,662 [a7578bdd-9139-4946-a78d-cc7981f76fa8@group-2B4A13C8640B-FollowerState] INFO  impl.FollowerState (FollowerState.java:run(143)) - a7578bdd-9139-4946-a78d-cc7981f76fa8@group-2B4A13C8640B-FollowerState: change to CANDIDATE, lastRpcElapsedTime:5014930323ns, electionTimeout:5012ms
2023-11-17 09:55:43,669 [a7578bdd-9139-4946-a78d-cc7981f76fa8@group-2B4A13C8640B-FollowerState] INFO  impl.RoleInfo (RoleInfo.java:shutdownFollowerState(110)) - a7578bdd-9139-4946-a78d-cc7981f76fa8: shutdown a7578bdd-9139-4946-a78d-cc7981f76fa8@group-2B4A13C8640B-FollowerState
2023-11-17 09:55:43,669 [a7578bdd-9139-4946-a78d-cc7981f76fa8@group-2B4A13C8640B-FollowerState] INFO  server.RaftServer$Division (RaftServerImpl.java:setRole(329)) - a7578bdd-9139-4946-a78d-cc7981f76fa8@group-2B4A13C8640B: changes role from  FOLLOWER to CANDIDATE at term 0 for changeToCandidate
2023-11-17 09:55:43,669 [a7578bdd-9139-4946-a78d-cc7981f76fa8@group-2B4A13C8640B-FollowerState] INFO  server.RaftServerConfigKeys (ConfUtils.java:logGet(46)) - raft.server.leaderelection.pre-vote = true (default)
2023-11-17 09:55:43,669 [a7578bdd-9139-4946-a78d-cc7981f76fa8@group-2B4A13C8640B-FollowerState] INFO  impl.RoleInfo (RoleInfo.java:updateAndGet(139)) - a7578bdd-9139-4946-a78d-cc7981f76fa8: start a7578bdd-9139-4946-a78d-cc7981f76fa8@group-2B4A13C8640B-LeaderElection19
2023-11-17 09:55:43,673 [cb74a50f-08de-45ec-b832-8b69b058d768-server-thread1] INFO  ratis.XceiverServerRatis (XceiverServerRatis.java:handleLeaderChangedNotification(903)) - Leader change notification received for group: group-89F4F4114EAB with new leaderId: bfb594ff-14fd-40d9-830b-cf7a3dd84176
2023-11-17 09:55:43,673 [a7578bdd-9139-4946-a78d-cc7981f76fa8@group-2B4A13C8640B-LeaderElection19] INFO  impl.LeaderElection (LeaderElection.java:askForVotes(321)) - a7578bdd-9139-4946-a78d-cc7981f76fa8@group-2B4A13C8640B-LeaderElection19 PRE_VOTE round 0: submit vote requests at term 0 for -1: peers:[cb74a50f-08de-45ec-b832-8b69b058d768|rpc:10.1.0.9:15086|admin:10.1.0.9:15085|client:10.1.0.9:15084|dataStream:10.1.0.9:15087|priority:1|startupRole:FOLLOWER, a7578bdd-9139-4946-a78d-cc7981f76fa8|rpc:10.1.0.9:15077|admin:10.1.0.9:15076|client:10.1.0.9:15075|dataStream:10.1.0.9:15078|priority:0|startupRole:FOLLOWER, bfb594ff-14fd-40d9-830b-cf7a3dd84176|rpc:10.1.0.9:15068|admin:10.1.0.9:15067|client:10.1.0.9:15066|dataStream:10.1.0.9:15069|priority:0|startupRole:FOLLOWER]|listeners:[], old=null
2023-11-17 09:55:43,673 [a7578bdd-9139-4946-a78d-cc7981f76fa8-server-thread1] INFO  ratis.XceiverServerRatis (XceiverServerRatis.java:handleLeaderChangedNotification(903)) - Leader change notification received for group: group-89F4F4114EAB with new leaderId: bfb594ff-14fd-40d9-830b-cf7a3dd84176
2023-11-17 09:55:43,674 [a7578bdd-9139-4946-a78d-cc7981f76fa8-server-thread1] INFO  server.RaftServer$Division (ServerState.java:setLeader(317)) - a7578bdd-9139-4946-a78d-cc7981f76fa8@group-89F4F4114EAB: change Leader from null to bfb594ff-14fd-40d9-830b-cf7a3dd84176 at term 1 for appendEntries, leader elected after 5256ms
2023-11-17 09:55:43,674 [cb74a50f-08de-45ec-b832-8b69b058d768-server-thread1] INFO  server.RaftServer$Division (ServerState.java:setLeader(317)) - cb74a50f-08de-45ec-b832-8b69b058d768@group-89F4F4114EAB: change Leader from null to bfb594ff-14fd-40d9-830b-cf7a3dd84176 at term 1 for appendEntries, leader elected after 5149ms
2023-11-17 09:55:43,675 [cb74a50f-08de-45ec-b832-8b69b058d768-server-thread2] INFO  server.RaftServer$Division (ServerState.java:setRaftConf(434)) - cb74a50f-08de-45ec-b832-8b69b058d768@group-89F4F4114EAB: set configuration 0: peers:[cb74a50f-08de-45ec-b832-8b69b058d768|rpc:10.1.0.9:15086|admin:10.1.0.9:15085|client:10.1.0.9:15084|dataStream:10.1.0.9:15087|priority:0|startupRole:FOLLOWER, a7578bdd-9139-4946-a78d-cc7981f76fa8|rpc:10.1.0.9:15077|admin:10.1.0.9:15076|client:10.1.0.9:15075|dataStream:10.1.0.9:15078|priority:0|startupRole:FOLLOWER, bfb594ff-14fd-40d9-830b-cf7a3dd84176|rpc:10.1.0.9:15068|admin:10.1.0.9:15067|client:10.1.0.9:15066|dataStream:10.1.0.9:15069|priority:1|startupRole:FOLLOWER]|listeners:[], old=null
2023-11-17 09:55:43,675 [cb74a50f-08de-45ec-b832-8b69b058d768-server-thread2] INFO  segmented.SegmentedRaftLogWorker (SegmentedRaftLogWorker.java:startLogSegment(447)) - cb74a50f-08de-45ec-b832-8b69b058d768@group-89F4F4114EAB-SegmentedRaftLogWorker: Starting segment from index:0
2023-11-17 09:55:43,676 [a7578bdd-9139-4946-a78d-cc7981f76fa8-server-thread2] INFO  server.RaftServer$Division (ServerState.java:setRaftConf(434)) - a7578bdd-9139-4946-a78d-cc7981f76fa8@group-89F4F4114EAB: set configuration 0: peers:[cb74a50f-08de-45ec-b832-8b69b058d768|rpc:10.1.0.9:15086|admin:10.1.0.9:15085|client:10.1.0.9:15084|dataStream:10.1.0.9:15087|priority:0|startupRole:FOLLOWER, a7578bdd-9139-4946-a78d-cc7981f76fa8|rpc:10.1.0.9:15077|admin:10.1.0.9:15076|client:10.1.0.9:15075|dataStream:10.1.0.9:15078|priority:0|startupRole:FOLLOWER, bfb594ff-14fd-40d9-830b-cf7a3dd84176|rpc:10.1.0.9:15068|admin:10.1.0.9:15067|client:10.1.0.9:15066|dataStream:10.1.0.9:15069|priority:1|startupRole:FOLLOWER]|listeners:[], old=null
2023-11-17 09:55:43,678 [a7578bdd-9139-4946-a78d-cc7981f76fa8@group-2B4A13C8640B-LeaderElection19-1] INFO  server.GrpcServerProtocolClient (GrpcServerProtocolClient.java:<init>(65)) - Build channel for cb74a50f-08de-45ec-b832-8b69b058d768
2023-11-17 09:55:43,679 [a7578bdd-9139-4946-a78d-cc7981f76fa8-server-thread2] INFO  segmented.SegmentedRaftLogWorker (SegmentedRaftLogWorker.java:startLogSegment(447)) - a7578bdd-9139-4946-a78d-cc7981f76fa8@group-89F4F4114EAB-SegmentedRaftLogWorker: Starting segment from index:0
2023-11-17 09:55:43,683 [a7578bdd-9139-4946-a78d-cc7981f76fa8@group-2B4A13C8640B-LeaderElection19] INFO  server.RaftServerConfigKeys (ConfUtils.java:logFallback(53)) - raft.server.rpc.first-election.timeout.min = 5s (fallback to raft.server.rpc.timeout.min)
2023-11-17 09:55:43,683 [a7578bdd-9139-4946-a78d-cc7981f76fa8@group-2B4A13C8640B-LeaderElection19] INFO  server.RaftServerConfigKeys (ConfUtils.java:logFallback(53)) - raft.server.rpc.first-election.timeout.max = 5200ms (fallback to raft.server.rpc.timeout.max)
2023-11-17 09:55:43,683 [a7578bdd-9139-4946-a78d-cc7981f76fa8@group-2B4A13C8640B-LeaderElection19-2] INFO  server.GrpcServerProtocolClient (GrpcServerProtocolClient.java:<init>(65)) - Build channel for bfb594ff-14fd-40d9-830b-cf7a3dd84176
2023-11-17 09:55:43,686 [cb74a50f-08de-45ec-b832-8b69b058d768@group-9747DE4185A8-FollowerState] INFO  impl.FollowerState (FollowerState.java:run(143)) - cb74a50f-08de-45ec-b832-8b69b058d768@group-9747DE4185A8-FollowerState: change to CANDIDATE, lastRpcElapsedTime:5182217676ns, electionTimeout:5176ms
2023-11-17 09:55:43,688 [cb74a50f-08de-45ec-b832-8b69b058d768@group-9747DE4185A8-FollowerState] INFO  impl.RoleInfo (RoleInfo.java:shutdownFollowerState(110)) - cb74a50f-08de-45ec-b832-8b69b058d768: shutdown cb74a50f-08de-45ec-b832-8b69b058d768@group-9747DE4185A8-FollowerState
2023-11-17 09:55:43,688 [cb74a50f-08de-45ec-b832-8b69b058d768@group-9747DE4185A8-FollowerState] INFO  server.RaftServer$Division (RaftServerImpl.java:setRole(329)) - cb74a50f-08de-45ec-b832-8b69b058d768@group-9747DE4185A8: changes role from  FOLLOWER to CANDIDATE at term 0 for changeToCandidate
2023-11-17 09:55:43,688 [cb74a50f-08de-45ec-b832-8b69b058d768@group-9747DE4185A8-FollowerState] INFO  server.RaftServerConfigKeys (ConfUtils.java:logGet(46)) - raft.server.leaderelection.pre-vote = true (default)
2023-11-17 09:55:43,689 [cb74a50f-08de-45ec-b832-8b69b058d768@group-9747DE4185A8-FollowerState] INFO  impl.RoleInfo (RoleInfo.java:updateAndGet(139)) - cb74a50f-08de-45ec-b832-8b69b058d768: start cb74a50f-08de-45ec-b832-8b69b058d768@group-9747DE4185A8-LeaderElection20
2023-11-17 09:55:43,686 [grpc-default-executor-4] INFO  server.RaftServer$Division (RaftServerImpl.java:requestVote(1302)) - cb74a50f-08de-45ec-b832-8b69b058d768@group-2B4A13C8640B: receive requestVote(PRE_VOTE, a7578bdd-9139-4946-a78d-cc7981f76fa8, group-2B4A13C8640B, 0, (t:0, i:0))
2023-11-17 09:55:43,689 [grpc-default-executor-4] INFO  impl.VoteContext (VoteContext.java:log(49)) - cb74a50f-08de-45ec-b832-8b69b058d768@group-2B4A13C8640B-FOLLOWER: reject PRE_VOTE from a7578bdd-9139-4946-a78d-cc7981f76fa8: our priority 1 > candidate's priority 0
2023-11-17 09:55:43,689 [grpc-default-executor-4] INFO  server.RaftServer$Division (RaftServerImpl.java:requestVote(1335)) - cb74a50f-08de-45ec-b832-8b69b058d768@group-2B4A13C8640B replies to PRE_VOTE vote request: a7578bdd-9139-4946-a78d-cc7981f76fa8<-cb74a50f-08de-45ec-b832-8b69b058d768#0:FAIL-t0. Peer's state: cb74a50f-08de-45ec-b832-8b69b058d768@group-2B4A13C8640B:t0, leader=null, voted=, raftlog=Memoized:cb74a50f-08de-45ec-b832-8b69b058d768@group-2B4A13C8640B-SegmentedRaftLog:OPENED:c-1, conf=-1: peers:[cb74a50f-08de-45ec-b832-8b69b058d768|rpc:10.1.0.9:15086|admin:10.1.0.9:15085|client:10.1.0.9:15084|dataStream:10.1.0.9:15087|priority:1|startupRole:FOLLOWER, a7578bdd-9139-4946-a78d-cc7981f76fa8|rpc:10.1.0.9:15077|admin:10.1.0.9:15076|client:10.1.0.9:15075|dataStream:10.1.0.9:15078|priority:0|startupRole:FOLLOWER, bfb594ff-14fd-40d9-830b-cf7a3dd84176|rpc:10.1.0.9:15068|admin:10.1.0.9:15067|client:10.1.0.9:15066|dataStream:10.1.0.9:15069|priority:0|startupRole:FOLLOWER]|listeners:[], old=null
2023-11-17 09:55:43,685 [cb74a50f-08de-45ec-b832-8b69b058d768@group-89F4F4114EAB-SegmentedRaftLogWorker] INFO  segmented.SegmentedRaftLogWorker (SegmentedRaftLogWorker.java:execute(651)) - cb74a50f-08de-45ec-b832-8b69b058d768@group-89F4F4114EAB-SegmentedRaftLogWorker: created new log segment /home/runner/work/ozone/ozone/hadoop-ozone/integration-test/target/test-dir/MiniOzoneClusterImpl-b9d514d0-62e9-44b2-85a5-b07480d3784c/datanode-8/data/ratis/dc120092-d2e9-426a-ac7c-89f4f4114eab/current/log_inprogress_0
2023-11-17 09:55:43,685 [a7578bdd-9139-4946-a78d-cc7981f76fa8@group-89F4F4114EAB-SegmentedRaftLogWorker] INFO  segmented.SegmentedRaftLogWorker (SegmentedRaftLogWorker.java:execute(651)) - a7578bdd-9139-4946-a78d-cc7981f76fa8@group-89F4F4114EAB-SegmentedRaftLogWorker: created new log segment /home/runner/work/ozone/ozone/hadoop-ozone/integration-test/target/test-dir/MiniOzoneClusterImpl-b9d514d0-62e9-44b2-85a5-b07480d3784c/datanode-7/data/ratis/dc120092-d2e9-426a-ac7c-89f4f4114eab/current/log_inprogress_0
2023-11-17 09:55:43,697 [a7578bdd-9139-4946-a78d-cc7981f76fa8@group-2B4A13C8640B-LeaderElection19] INFO  impl.LeaderElection (LeaderElection.java:logAndReturn(90)) - a7578bdd-9139-4946-a78d-cc7981f76fa8@group-2B4A13C8640B-LeaderElection19: PRE_VOTE REJECTED received 1 response(s) and 0 exception(s):
2023-11-17 09:55:43,697 [a7578bdd-9139-4946-a78d-cc7981f76fa8@group-2B4A13C8640B-LeaderElection19] INFO  impl.LeaderElection (LeaderElection.java:logAndReturn(94)) -   Response 0: a7578bdd-9139-4946-a78d-cc7981f76fa8<-cb74a50f-08de-45ec-b832-8b69b058d768#0:FAIL-t0
2023-11-17 09:55:43,697 [a7578bdd-9139-4946-a78d-cc7981f76fa8@group-2B4A13C8640B-LeaderElection19] INFO  impl.LeaderElection (LeaderElection.java:askForVotes(323)) - a7578bdd-9139-4946-a78d-cc7981f76fa8@group-2B4A13C8640B-LeaderElection19 PRE_VOTE round 0: result REJECTED
2023-11-17 09:55:43,697 [a7578bdd-9139-4946-a78d-cc7981f76fa8@group-2B4A13C8640B-LeaderElection19] INFO  server.RaftServer$Division (RaftServerImpl.java:setRole(329)) - a7578bdd-9139-4946-a78d-cc7981f76fa8@group-2B4A13C8640B: changes role from CANDIDATE to FOLLOWER at term 0 for REJECTED
2023-11-17 09:55:43,697 [a7578bdd-9139-4946-a78d-cc7981f76fa8@group-2B4A13C8640B-LeaderElection19] INFO  impl.RoleInfo (RoleInfo.java:shutdownLeaderElection(130)) - a7578bdd-9139-4946-a78d-cc7981f76fa8: shutdown a7578bdd-9139-4946-a78d-cc7981f76fa8@group-2B4A13C8640B-LeaderElection19
2023-11-17 09:55:43,697 [a7578bdd-9139-4946-a78d-cc7981f76fa8@group-2B4A13C8640B-LeaderElection19] INFO  impl.RoleInfo (RoleInfo.java:updateAndGet(139)) - a7578bdd-9139-4946-a78d-cc7981f76fa8: start a7578bdd-9139-4946-a78d-cc7981f76fa8@group-2B4A13C8640B-FollowerState
2023-11-17 09:55:43,703 [cb74a50f-08de-45ec-b832-8b69b058d768@group-9747DE4185A8-LeaderElection20] INFO  impl.LeaderElection (LeaderElection.java:askForVotes(321)) - cb74a50f-08de-45ec-b832-8b69b058d768@group-9747DE4185A8-LeaderElection20 PRE_VOTE round 0: submit vote requests at term 0 for -1: peers:[cb74a50f-08de-45ec-b832-8b69b058d768|rpc:10.1.0.9:15086|admin:10.1.0.9:15085|client:10.1.0.9:15084|dataStream:10.1.0.9:15087|priority:1|startupRole:FOLLOWER]|listeners:[], old=null
2023-11-17 09:55:43,703 [cb74a50f-08de-45ec-b832-8b69b058d768@group-9747DE4185A8-LeaderElection20] INFO  impl.LeaderElection (LeaderElection.java:askForVotes(323)) - cb74a50f-08de-45ec-b832-8b69b058d768@group-9747DE4185A8-LeaderElection20 PRE_VOTE round 0: result PASSED (term=0)
2023-11-17 09:55:43,704 [cb74a50f-08de-45ec-b832-8b69b058d768@group-9747DE4185A8-LeaderElection20] INFO  impl.LeaderElection (LeaderElection.java:askForVotes(321)) - cb74a50f-08de-45ec-b832-8b69b058d768@group-9747DE4185A8-LeaderElection20 ELECTION round 0: submit vote requests at term 1 for -1: peers:[cb74a50f-08de-45ec-b832-8b69b058d768|rpc:10.1.0.9:15086|admin:10.1.0.9:15085|client:10.1.0.9:15084|dataStream:10.1.0.9:15087|priority:1|startupRole:FOLLOWER]|listeners:[], old=null
2023-11-17 09:55:43,705 [cb74a50f-08de-45ec-b832-8b69b058d768@group-9747DE4185A8-LeaderElection20] INFO  impl.LeaderElection (LeaderElection.java:askForVotes(323)) - cb74a50f-08de-45ec-b832-8b69b058d768@group-9747DE4185A8-LeaderElection20 ELECTION round 0: result PASSED (term=1)
2023-11-17 09:55:43,705 [cb74a50f-08de-45ec-b832-8b69b058d768@group-9747DE4185A8-LeaderElection20] INFO  impl.RoleInfo (RoleInfo.java:shutdownLeaderElection(130)) - cb74a50f-08de-45ec-b832-8b69b058d768: shutdown cb74a50f-08de-45ec-b832-8b69b058d768@group-9747DE4185A8-LeaderElection20
2023-11-17 09:55:43,705 [cb74a50f-08de-45ec-b832-8b69b058d768@group-9747DE4185A8-LeaderElection20] INFO  server.RaftServer$Division (RaftServerImpl.java:setRole(329)) - cb74a50f-08de-45ec-b832-8b69b058d768@group-9747DE4185A8: changes role from CANDIDATE to LEADER at term 1 for changeToLeader
2023-11-17 09:55:43,705 [grpc-default-executor-4] INFO  server.RaftServer$Division (RaftServerImpl.java:requestVote(1302)) - bfb594ff-14fd-40d9-830b-cf7a3dd84176@group-2B4A13C8640B: receive requestVote(PRE_VOTE, a7578bdd-9139-4946-a78d-cc7981f76fa8, group-2B4A13C8640B, 0, (t:0, i:0))
2023-11-17 09:55:43,706 [grpc-default-executor-4] INFO  impl.VoteContext (VoteContext.java:log(49)) - bfb594ff-14fd-40d9-830b-cf7a3dd84176@group-2B4A13C8640B-FOLLOWER: accept PRE_VOTE from a7578bdd-9139-4946-a78d-cc7981f76fa8: our priority 0 <= candidate's priority 0
2023-11-17 09:55:43,706 [grpc-default-executor-4] INFO  server.RaftServer$Division (RaftServerImpl.java:requestVote(1335)) - bfb594ff-14fd-40d9-830b-cf7a3dd84176@group-2B4A13C8640B replies to PRE_VOTE vote request: a7578bdd-9139-4946-a78d-cc7981f76fa8<-bfb594ff-14fd-40d9-830b-cf7a3dd84176#0:OK-t0. Peer's state: bfb594ff-14fd-40d9-830b-cf7a3dd84176@group-2B4A13C8640B:t0, leader=null, voted=, raftlog=Memoized:bfb594ff-14fd-40d9-830b-cf7a3dd84176@group-2B4A13C8640B-SegmentedRaftLog:OPENED:c-1, conf=-1: peers:[cb74a50f-08de-45ec-b832-8b69b058d768|rpc:10.1.0.9:15086|admin:10.1.0.9:15085|client:10.1.0.9:15084|dataStream:10.1.0.9:15087|priority:1|startupRole:FOLLOWER, a7578bdd-9139-4946-a78d-cc7981f76fa8|rpc:10.1.0.9:15077|admin:10.1.0.9:15076|client:10.1.0.9:15075|dataStream:10.1.0.9:15078|priority:0|startupRole:FOLLOWER, bfb594ff-14fd-40d9-830b-cf7a3dd84176|rpc:10.1.0.9:15068|admin:10.1.0.9:15067|client:10.1.0.9:15066|dataStream:10.1.0.9:15069|priority:0|startupRole:FOLLOWER]|listeners:[], old=null
2023-11-17 09:55:43,706 [cb74a50f-08de-45ec-b832-8b69b058d768@group-9747DE4185A8-LeaderElection20] INFO  ratis.XceiverServerRatis (XceiverServerRatis.java:handleLeaderChangedNotification(903)) - Leader change notification received for group: group-9747DE4185A8 with new leaderId: cb74a50f-08de-45ec-b832-8b69b058d768
2023-11-17 09:55:43,707 [cb74a50f-08de-45ec-b832-8b69b058d768@group-9747DE4185A8-LeaderElection20] INFO  server.RaftServer$Division (ServerState.java:setLeader(317)) - cb74a50f-08de-45ec-b832-8b69b058d768@group-9747DE4185A8: change Leader from null to cb74a50f-08de-45ec-b832-8b69b058d768 at term 1 for becomeLeader, leader elected after 5284ms
2023-11-17 09:55:43,707 [cb74a50f-08de-45ec-b832-8b69b058d768@group-9747DE4185A8-LeaderElection20] INFO  server.RaftServerConfigKeys (ConfUtils.java:logGet(46)) - raft.server.staging.catchup.gap = 1000 (default)
2023-11-17 09:55:43,707 [cb74a50f-08de-45ec-b832-8b69b058d768@group-9747DE4185A8-LeaderElection20] INFO  server.RaftServerConfigKeys (ConfUtils.java:logGet(46)) - raft.server.write.element-limit = 1024 (custom)
2023-11-17 09:55:43,707 [cb74a50f-08de-45ec-b832-8b69b058d768@group-9747DE4185A8-LeaderElection20] INFO  server.RaftServerConfigKeys (ConfUtils.java:logGet(46)) - raft.server.write.byte-limit = 1024 M (=1073741824) (custom)
2023-11-17 09:55:43,707 [cb74a50f-08de-45ec-b832-8b69b058d768@group-9747DE4185A8-LeaderElection20] INFO  server.RaftServerConfigKeys (ConfUtils.java:logGet(46)) - raft.server.watch.timeout = 180s (custom)
2023-11-17 09:55:43,707 [cb74a50f-08de-45ec-b832-8b69b058d768@group-9747DE4185A8-LeaderElection20] INFO  server.RaftServerConfigKeys (ConfUtils.java:logGet(46)) - raft.server.watch.timeout.denomination = 1s (default)
2023-11-17 09:55:43,708 [cb74a50f-08de-45ec-b832-8b69b058d768@group-9747DE4185A8-LeaderElection20] INFO  server.RaftServerConfigKeys (ConfUtils.java:logGet(46)) - raft.server.watch.element-limit = 65536 (default)
2023-11-17 09:55:43,708 [cb74a50f-08de-45ec-b832-8b69b058d768@group-9747DE4185A8-LeaderElection20] INFO  server.RaftServerConfigKeys (ConfUtils.java:logGet(46)) - raft.server.write.element-limit = 1024 (custom)
2023-11-17 09:55:43,708 [cb74a50f-08de-45ec-b832-8b69b058d768@group-9747DE4185A8-LeaderElection20] INFO  server.RaftServerConfigKeys (ConfUtils.java:logGet(46)) - raft.server.write.follower.gap.ratio.max = -1.0 (default)
2023-11-17 09:55:43,708 [cb74a50f-08de-45ec-b832-8b69b058d768@group-9747DE4185A8-LeaderElection20] INFO  impl.RoleInfo (RoleInfo.java:updateAndGet(139)) - cb74a50f-08de-45ec-b832-8b69b058d768: start cb74a50f-08de-45ec-b832-8b69b058d768@group-9747DE4185A8-LeaderStateImpl
2023-11-17 09:55:43,708 [cb74a50f-08de-45ec-b832-8b69b058d768@group-9747DE4185A8-LeaderElection20] INFO  segmented.SegmentedRaftLogWorker (SegmentedRaftLogWorker.java:startLogSegment(447)) - cb74a50f-08de-45ec-b832-8b69b058d768@group-9747DE4185A8-SegmentedRaftLogWorker: Starting segment from index:0
2023-11-17 09:55:43,709 [cb74a50f-08de-45ec-b832-8b69b058d768@group-9747DE4185A8-LeaderElection20] INFO  server.RaftServer$Division (ServerState.java:setRaftConf(434)) - cb74a50f-08de-45ec-b832-8b69b058d768@group-9747DE4185A8: set configuration 0: peers:[cb74a50f-08de-45ec-b832-8b69b058d768|rpc:10.1.0.9:15086|admin:10.1.0.9:15085|client:10.1.0.9:15084|dataStream:10.1.0.9:15087|priority:1|startupRole:FOLLOWER]|listeners:[], old=null
2023-11-17 09:55:43,709 [cb74a50f-08de-45ec-b832-8b69b058d768@group-9747DE4185A8-SegmentedRaftLogWorker] INFO  segmented.SegmentedRaftLogWorker (SegmentedRaftLogWorker.java:execute(651)) - cb74a50f-08de-45ec-b832-8b69b058d768@group-9747DE4185A8-SegmentedRaftLogWorker: created new log segment /home/runner/work/ozone/ozone/hadoop-ozone/integration-test/target/test-dir/MiniOzoneClusterImpl-b9d514d0-62e9-44b2-85a5-b07480d3784c/datanode-8/data/ratis/4a870fe7-9fa9-4752-bd5b-9747de4185a8/current/log_inprogress_0
2023-11-17 09:55:43,770 [cb74a50f-08de-45ec-b832-8b69b058d768@group-2B4A13C8640B-FollowerState] INFO  impl.FollowerState (FollowerState.java:run(143)) - cb74a50f-08de-45ec-b832-8b69b058d768@group-2B4A13C8640B-FollowerState: change to CANDIDATE, lastRpcElapsedTime:5124729734ns, electionTimeout:5120ms
2023-11-17 09:55:43,770 [cb74a50f-08de-45ec-b832-8b69b058d768@group-2B4A13C8640B-FollowerState] INFO  impl.RoleInfo (RoleInfo.java:shutdownFollowerState(110)) - cb74a50f-08de-45ec-b832-8b69b058d768: shutdown cb74a50f-08de-45ec-b832-8b69b058d768@group-2B4A13C8640B-FollowerState
2023-11-17 09:55:43,771 [cb74a50f-08de-45ec-b832-8b69b058d768@group-2B4A13C8640B-FollowerState] INFO  server.RaftServer$Division (RaftServerImpl.java:setRole(329)) - cb74a50f-08de-45ec-b832-8b69b058d768@group-2B4A13C8640B: changes role from  FOLLOWER to CANDIDATE at term 0 for changeToCandidate
2023-11-17 09:55:43,771 [cb74a50f-08de-45ec-b832-8b69b058d768@group-2B4A13C8640B-FollowerState] INFO  server.RaftServerConfigKeys (ConfUtils.java:logGet(46)) - raft.server.leaderelection.pre-vote = true (default)
2023-11-17 09:55:43,771 [cb74a50f-08de-45ec-b832-8b69b058d768@group-2B4A13C8640B-FollowerState] INFO  impl.RoleInfo (RoleInfo.java:updateAndGet(139)) - cb74a50f-08de-45ec-b832-8b69b058d768: start cb74a50f-08de-45ec-b832-8b69b058d768@group-2B4A13C8640B-LeaderElection21
2023-11-17 09:55:43,771 [cb74a50f-08de-45ec-b832-8b69b058d768@group-2B4A13C8640B-LeaderElection21] INFO  impl.LeaderElection (LeaderElection.java:askForVotes(321)) - cb74a50f-08de-45ec-b832-8b69b058d768@group-2B4A13C8640B-LeaderElection21 PRE_VOTE round 0: submit vote requests at term 0 for -1: peers:[cb74a50f-08de-45ec-b832-8b69b058d768|rpc:10.1.0.9:15086|admin:10.1.0.9:15085|client:10.1.0.9:15084|dataStream:10.1.0.9:15087|priority:1|startupRole:FOLLOWER, a7578bdd-9139-4946-a78d-cc7981f76fa8|rpc:10.1.0.9:15077|admin:10.1.0.9:15076|client:10.1.0.9:15075|dataStream:10.1.0.9:15078|priority:0|startupRole:FOLLOWER, bfb594ff-14fd-40d9-830b-cf7a3dd84176|rpc:10.1.0.9:15068|admin:10.1.0.9:15067|client:10.1.0.9:15066|dataStream:10.1.0.9:15069|priority:0|startupRole:FOLLOWER]|listeners:[], old=null
2023-11-17 09:55:43,772 [cb74a50f-08de-45ec-b832-8b69b058d768@group-2B4A13C8640B-LeaderElection21-1] INFO  server.GrpcServerProtocolClient (GrpcServerProtocolClient.java:<init>(65)) - Build channel for a7578bdd-9139-4946-a78d-cc7981f76fa8
2023-11-17 09:55:43,772 [cb74a50f-08de-45ec-b832-8b69b058d768@group-2B4A13C8640B-LeaderElection21-2] INFO  server.GrpcServerProtocolClient (GrpcServerProtocolClient.java:<init>(65)) - Build channel for bfb594ff-14fd-40d9-830b-cf7a3dd84176
2023-11-17 09:55:43,772 [cb74a50f-08de-45ec-b832-8b69b058d768@group-2B4A13C8640B-LeaderElection21] INFO  server.RaftServerConfigKeys (ConfUtils.java:logFallback(53)) - raft.server.rpc.first-election.timeout.min = 5s (fallback to raft.server.rpc.timeout.min)
2023-11-17 09:55:43,772 [cb74a50f-08de-45ec-b832-8b69b058d768@group-2B4A13C8640B-LeaderElection21] INFO  server.RaftServerConfigKeys (ConfUtils.java:logFallback(53)) - raft.server.rpc.first-election.timeout.max = 5200ms (fallback to raft.server.rpc.timeout.max)
2023-11-17 09:55:43,780 [grpc-default-executor-0] INFO  server.RaftServer$Division (RaftServerImpl.java:requestVote(1302)) - a7578bdd-9139-4946-a78d-cc7981f76fa8@group-2B4A13C8640B: receive requestVote(PRE_VOTE, cb74a50f-08de-45ec-b832-8b69b058d768, group-2B4A13C8640B, 0, (t:0, i:0))
2023-11-17 09:55:43,780 [grpc-default-executor-0] INFO  impl.VoteContext (VoteContext.java:log(49)) - a7578bdd-9139-4946-a78d-cc7981f76fa8@group-2B4A13C8640B-FOLLOWER: accept PRE_VOTE from cb74a50f-08de-45ec-b832-8b69b058d768: our priority 0 <= candidate's priority 1
2023-11-17 09:55:43,780 [grpc-default-executor-0] INFO  server.RaftServer$Division (RaftServerImpl.java:requestVote(1335)) - a7578bdd-9139-4946-a78d-cc7981f76fa8@group-2B4A13C8640B replies to PRE_VOTE vote request: cb74a50f-08de-45ec-b832-8b69b058d768<-a7578bdd-9139-4946-a78d-cc7981f76fa8#0:OK-t0. Peer's state: a7578bdd-9139-4946-a78d-cc7981f76fa8@group-2B4A13C8640B:t0, leader=null, voted=, raftlog=Memoized:a7578bdd-9139-4946-a78d-cc7981f76fa8@group-2B4A13C8640B-SegmentedRaftLog:OPENED:c-1, conf=-1: peers:[cb74a50f-08de-45ec-b832-8b69b058d768|rpc:10.1.0.9:15086|admin:10.1.0.9:15085|client:10.1.0.9:15084|dataStream:10.1.0.9:15087|priority:1|startupRole:FOLLOWER, a7578bdd-9139-4946-a78d-cc7981f76fa8|rpc:10.1.0.9:15077|admin:10.1.0.9:15076|client:10.1.0.9:15075|dataStream:10.1.0.9:15078|priority:0|startupRole:FOLLOWER, bfb594ff-14fd-40d9-830b-cf7a3dd84176|rpc:10.1.0.9:15068|admin:10.1.0.9:15067|client:10.1.0.9:15066|dataStream:10.1.0.9:15069|priority:0|startupRole:FOLLOWER]|listeners:[], old=null
2023-11-17 09:55:43,780 [grpc-default-executor-4] INFO  server.RaftServer$Division (RaftServerImpl.java:requestVote(1302)) - bfb594ff-14fd-40d9-830b-cf7a3dd84176@group-2B4A13C8640B: receive requestVote(PRE_VOTE, cb74a50f-08de-45ec-b832-8b69b058d768, group-2B4A13C8640B, 0, (t:0, i:0))
2023-11-17 09:55:43,781 [grpc-default-executor-4] INFO  impl.VoteContext (VoteContext.java:log(49)) - bfb594ff-14fd-40d9-830b-cf7a3dd84176@group-2B4A13C8640B-FOLLOWER: accept PRE_VOTE from cb74a50f-08de-45ec-b832-8b69b058d768: our priority 0 <= candidate's priority 1
2023-11-17 09:55:43,781 [grpc-default-executor-4] INFO  server.RaftServer$Division (RaftServerImpl.java:requestVote(1335)) - bfb594ff-14fd-40d9-830b-cf7a3dd84176@group-2B4A13C8640B replies to PRE_VOTE vote request: cb74a50f-08de-45ec-b832-8b69b058d768<-bfb594ff-14fd-40d9-830b-cf7a3dd84176#0:OK-t0. Peer's state: bfb594ff-14fd-40d9-830b-cf7a3dd84176@group-2B4A13C8640B:t0, leader=null, voted=, raftlog=Memoized:bfb594ff-14fd-40d9-830b-cf7a3dd84176@group-2B4A13C8640B-SegmentedRaftLog:OPENED:c-1, conf=-1: peers:[cb74a50f-08de-45ec-b832-8b69b058d768|rpc:10.1.0.9:15086|admin:10.1.0.9:15085|client:10.1.0.9:15084|dataStream:10.1.0.9:15087|priority:1|startupRole:FOLLOWER, a7578bdd-9139-4946-a78d-cc7981f76fa8|rpc:10.1.0.9:15077|admin:10.1.0.9:15076|client:10.1.0.9:15075|dataStream:10.1.0.9:15078|priority:0|startupRole:FOLLOWER, bfb594ff-14fd-40d9-830b-cf7a3dd84176|rpc:10.1.0.9:15068|admin:10.1.0.9:15067|client:10.1.0.9:15066|dataStream:10.1.0.9:15069|priority:0|startupRole:FOLLOWER]|listeners:[], old=null
2023-11-17 09:55:43,781 [cb74a50f-08de-45ec-b832-8b69b058d768@group-2B4A13C8640B-LeaderElection21] INFO  impl.LeaderElection (LeaderElection.java:logAndReturn(90)) - cb74a50f-08de-45ec-b832-8b69b058d768@group-2B4A13C8640B-LeaderElection21: PRE_VOTE PASSED received 1 response(s) and 0 exception(s):
2023-11-17 09:55:43,781 [cb74a50f-08de-45ec-b832-8b69b058d768@group-2B4A13C8640B-LeaderElection21] INFO  impl.LeaderElection (LeaderElection.java:logAndReturn(94)) -   Response 0: cb74a50f-08de-45ec-b832-8b69b058d768<-a7578bdd-9139-4946-a78d-cc7981f76fa8#0:OK-t0
2023-11-17 09:55:43,781 [cb74a50f-08de-45ec-b832-8b69b058d768@group-2B4A13C8640B-LeaderElection21] INFO  impl.LeaderElection (LeaderElection.java:askForVotes(323)) - cb74a50f-08de-45ec-b832-8b69b058d768@group-2B4A13C8640B-LeaderElection21 PRE_VOTE round 0: result PASSED
2023-11-17 09:55:43,783 [cb74a50f-08de-45ec-b832-8b69b058d768@group-2B4A13C8640B-LeaderElection21] INFO  impl.LeaderElection (LeaderElection.java:askForVotes(321)) - cb74a50f-08de-45ec-b832-8b69b058d768@group-2B4A13C8640B-LeaderElection21 ELECTION round 0: submit vote requests at term 1 for -1: peers:[cb74a50f-08de-45ec-b832-8b69b058d768|rpc:10.1.0.9:15086|admin:10.1.0.9:15085|client:10.1.0.9:15084|dataStream:10.1.0.9:15087|priority:1|startupRole:FOLLOWER, a7578bdd-9139-4946-a78d-cc7981f76fa8|rpc:10.1.0.9:15077|admin:10.1.0.9:15076|client:10.1.0.9:15075|dataStream:10.1.0.9:15078|priority:0|startupRole:FOLLOWER, bfb594ff-14fd-40d9-830b-cf7a3dd84176|rpc:10.1.0.9:15068|admin:10.1.0.9:15067|client:10.1.0.9:15066|dataStream:10.1.0.9:15069|priority:0|startupRole:FOLLOWER]|listeners:[], old=null
2023-11-17 09:55:43,783 [cb74a50f-08de-45ec-b832-8b69b058d768@group-2B4A13C8640B-LeaderElection21] INFO  server.RaftServerConfigKeys (ConfUtils.java:logFallback(53)) - raft.server.rpc.first-election.timeout.min = 5s (fallback to raft.server.rpc.timeout.min)
2023-11-17 09:55:43,783 [cb74a50f-08de-45ec-b832-8b69b058d768@group-2B4A13C8640B-LeaderElection21] INFO  server.RaftServerConfigKeys (ConfUtils.java:logFallback(53)) - raft.server.rpc.first-election.timeout.max = 5200ms (fallback to raft.server.rpc.timeout.max)
2023-11-17 09:55:43,784 [grpc-default-executor-4] INFO  server.RaftServer$Division (RaftServerImpl.java:requestVote(1302)) - a7578bdd-9139-4946-a78d-cc7981f76fa8@group-2B4A13C8640B: receive requestVote(ELECTION, cb74a50f-08de-45ec-b832-8b69b058d768, group-2B4A13C8640B, 1, (t:0, i:0))
2023-11-17 09:55:43,784 [grpc-default-executor-4] INFO  impl.VoteContext (VoteContext.java:log(49)) - a7578bdd-9139-4946-a78d-cc7981f76fa8@group-2B4A13C8640B-FOLLOWER: accept ELECTION from cb74a50f-08de-45ec-b832-8b69b058d768: our priority 0 <= candidate's priority 1
2023-11-17 09:55:43,784 [grpc-default-executor-4] INFO  server.RaftServer$Division (RaftServerImpl.java:setRole(329)) - a7578bdd-9139-4946-a78d-cc7981f76fa8@group-2B4A13C8640B: changes role from  FOLLOWER to FOLLOWER at term 1 for candidate:cb74a50f-08de-45ec-b832-8b69b058d768
2023-11-17 09:55:43,784 [grpc-default-executor-4] INFO  impl.RoleInfo (RoleInfo.java:shutdownFollowerState(110)) - a7578bdd-9139-4946-a78d-cc7981f76fa8: shutdown a7578bdd-9139-4946-a78d-cc7981f76fa8@group-2B4A13C8640B-FollowerState
2023-11-17 09:55:43,784 [grpc-default-executor-4] INFO  impl.RoleInfo (RoleInfo.java:updateAndGet(139)) - a7578bdd-9139-4946-a78d-cc7981f76fa8: start a7578bdd-9139-4946-a78d-cc7981f76fa8@group-2B4A13C8640B-FollowerState
2023-11-17 09:55:43,785 [a7578bdd-9139-4946-a78d-cc7981f76fa8@group-2B4A13C8640B-FollowerState] INFO  impl.FollowerState (FollowerState.java:run(152)) - a7578bdd-9139-4946-a78d-cc7981f76fa8@group-2B4A13C8640B-FollowerState was interrupted
2023-11-17 09:55:43,786 [grpc-default-executor-0] INFO  server.RaftServer$Division (RaftServerImpl.java:requestVote(1302)) - bfb594ff-14fd-40d9-830b-cf7a3dd84176@group-2B4A13C8640B: receive requestVote(ELECTION, cb74a50f-08de-45ec-b832-8b69b058d768, group-2B4A13C8640B, 1, (t:0, i:0))
2023-11-17 09:55:43,789 [grpc-default-executor-0] INFO  impl.VoteContext (VoteContext.java:log(49)) - bfb594ff-14fd-40d9-830b-cf7a3dd84176@group-2B4A13C8640B-FOLLOWER: accept ELECTION from cb74a50f-08de-45ec-b832-8b69b058d768: our priority 0 <= candidate's priority 1
2023-11-17 09:55:43,789 [grpc-default-executor-0] INFO  server.RaftServer$Division (RaftServerImpl.java:setRole(329)) - bfb594ff-14fd-40d9-830b-cf7a3dd84176@group-2B4A13C8640B: changes role from  FOLLOWER to FOLLOWER at term 1 for candidate:cb74a50f-08de-45ec-b832-8b69b058d768
2023-11-17 09:55:43,789 [grpc-default-executor-0] INFO  impl.RoleInfo (RoleInfo.java:shutdownFollowerState(110)) - bfb594ff-14fd-40d9-830b-cf7a3dd84176: shutdown bfb594ff-14fd-40d9-830b-cf7a3dd84176@group-2B4A13C8640B-FollowerState
2023-11-17 09:55:43,789 [grpc-default-executor-0] INFO  impl.RoleInfo (RoleInfo.java:updateAndGet(139)) - bfb594ff-14fd-40d9-830b-cf7a3dd84176: start bfb594ff-14fd-40d9-830b-cf7a3dd84176@group-2B4A13C8640B-FollowerState
2023-11-17 09:55:43,789 [bfb594ff-14fd-40d9-830b-cf7a3dd84176@group-2B4A13C8640B-FollowerState] INFO  impl.FollowerState (FollowerState.java:run(152)) - bfb594ff-14fd-40d9-830b-cf7a3dd84176@group-2B4A13C8640B-FollowerState was interrupted
2023-11-17 09:55:43,790 [grpc-default-executor-0] INFO  server.RaftServer$Division (RaftServerImpl.java:requestVote(1335)) - bfb594ff-14fd-40d9-830b-cf7a3dd84176@group-2B4A13C8640B replies to ELECTION vote request: cb74a50f-08de-45ec-b832-8b69b058d768<-bfb594ff-14fd-40d9-830b-cf7a3dd84176#0:OK-t1. Peer's state: bfb594ff-14fd-40d9-830b-cf7a3dd84176@group-2B4A13C8640B:t1, leader=null, voted=cb74a50f-08de-45ec-b832-8b69b058d768, raftlog=Memoized:bfb594ff-14fd-40d9-830b-cf7a3dd84176@group-2B4A13C8640B-SegmentedRaftLog:OPENED:c-1, conf=-1: peers:[cb74a50f-08de-45ec-b832-8b69b058d768|rpc:10.1.0.9:15086|admin:10.1.0.9:15085|client:10.1.0.9:15084|dataStream:10.1.0.9:15087|priority:1|startupRole:FOLLOWER, a7578bdd-9139-4946-a78d-cc7981f76fa8|rpc:10.1.0.9:15077|admin:10.1.0.9:15076|client:10.1.0.9:15075|dataStream:10.1.0.9:15078|priority:0|startupRole:FOLLOWER, bfb594ff-14fd-40d9-830b-cf7a3dd84176|rpc:10.1.0.9:15068|admin:10.1.0.9:15067|client:10.1.0.9:15066|dataStream:10.1.0.9:15069|priority:0|startupRole:FOLLOWER]|listeners:[], old=null
2023-11-17 09:55:43,791 [grpc-default-executor-4] INFO  server.RaftServer$Division (RaftServerImpl.java:requestVote(1335)) - a7578bdd-9139-4946-a78d-cc7981f76fa8@group-2B4A13C8640B replies to ELECTION vote request: cb74a50f-08de-45ec-b832-8b69b058d768<-a7578bdd-9139-4946-a78d-cc7981f76fa8#0:OK-t1. Peer's state: a7578bdd-9139-4946-a78d-cc7981f76fa8@group-2B4A13C8640B:t1, leader=null, voted=cb74a50f-08de-45ec-b832-8b69b058d768, raftlog=Memoized:a7578bdd-9139-4946-a78d-cc7981f76fa8@group-2B4A13C8640B-SegmentedRaftLog:OPENED:c-1, conf=-1: peers:[cb74a50f-08de-45ec-b832-8b69b058d768|rpc:10.1.0.9:15086|admin:10.1.0.9:15085|client:10.1.0.9:15084|dataStream:10.1.0.9:15087|priority:1|startupRole:FOLLOWER, a7578bdd-9139-4946-a78d-cc7981f76fa8|rpc:10.1.0.9:15077|admin:10.1.0.9:15076|client:10.1.0.9:15075|dataStream:10.1.0.9:15078|priority:0|startupRole:FOLLOWER, bfb594ff-14fd-40d9-830b-cf7a3dd84176|rpc:10.1.0.9:15068|admin:10.1.0.9:15067|client:10.1.0.9:15066|dataStream:10.1.0.9:15069|priority:0|startupRole:FOLLOWER]|listeners:[], old=null
2023-11-17 09:55:43,792 [cb74a50f-08de-45ec-b832-8b69b058d768@group-2B4A13C8640B-LeaderElection21] INFO  impl.LeaderElection (LeaderElection.java:logAndReturn(90)) - cb74a50f-08de-45ec-b832-8b69b058d768@group-2B4A13C8640B-LeaderElection21: ELECTION PASSED received 1 response(s) and 0 exception(s):
2023-11-17 09:55:43,792 [cb74a50f-08de-45ec-b832-8b69b058d768@group-2B4A13C8640B-LeaderElection21] INFO  impl.LeaderElection (LeaderElection.java:logAndReturn(94)) -   Response 0: cb74a50f-08de-45ec-b832-8b69b058d768<-bfb594ff-14fd-40d9-830b-cf7a3dd84176#0:OK-t1
2023-11-17 09:55:43,792 [cb74a50f-08de-45ec-b832-8b69b058d768@group-2B4A13C8640B-LeaderElection21] INFO  impl.LeaderElection (LeaderElection.java:askForVotes(323)) - cb74a50f-08de-45ec-b832-8b69b058d768@group-2B4A13C8640B-LeaderElection21 ELECTION round 0: result PASSED
2023-11-17 09:55:43,792 [cb74a50f-08de-45ec-b832-8b69b058d768@group-2B4A13C8640B-LeaderElection21] INFO  impl.RoleInfo (RoleInfo.java:shutdownLeaderElection(130)) - cb74a50f-08de-45ec-b832-8b69b058d768: shutdown cb74a50f-08de-45ec-b832-8b69b058d768@group-2B4A13C8640B-LeaderElection21
2023-11-17 09:55:43,792 [cb74a50f-08de-45ec-b832-8b69b058d768@group-2B4A13C8640B-LeaderElection21] INFO  server.RaftServer$Division (RaftServerImpl.java:setRole(329)) - cb74a50f-08de-45ec-b832-8b69b058d768@group-2B4A13C8640B: changes role from CANDIDATE to LEADER at term 1 for changeToLeader
2023-11-17 09:55:43,792 [cb74a50f-08de-45ec-b832-8b69b058d768@group-2B4A13C8640B-LeaderElection21] INFO  ratis.XceiverServerRatis (XceiverServerRatis.java:handleLeaderChangedNotification(903)) - Leader change notification received for group: group-2B4A13C8640B with new leaderId: cb74a50f-08de-45ec-b832-8b69b058d768
2023-11-17 09:55:43,792 [cb74a50f-08de-45ec-b832-8b69b058d768@group-2B4A13C8640B-LeaderElection21] INFO  server.RaftServer$Division (ServerState.java:setLeader(317)) - cb74a50f-08de-45ec-b832-8b69b058d768@group-2B4A13C8640B: change Leader from null to cb74a50f-08de-45ec-b832-8b69b058d768 at term 1 for becomeLeader, leader elected after 5232ms
2023-11-17 09:55:43,792 [cb74a50f-08de-45ec-b832-8b69b058d768@group-2B4A13C8640B-LeaderElection21] INFO  server.RaftServerConfigKeys (ConfUtils.java:logGet(46)) - raft.server.staging.catchup.gap = 1000 (default)
2023-11-17 09:55:43,793 [cb74a50f-08de-45ec-b832-8b69b058d768@group-2B4A13C8640B-LeaderElection21] INFO  server.RaftServerConfigKeys (ConfUtils.java:logGet(46)) - raft.server.write.element-limit = 1024 (custom)
2023-11-17 09:55:43,793 [cb74a50f-08de-45ec-b832-8b69b058d768@group-2B4A13C8640B-LeaderElection21] INFO  server.RaftServerConfigKeys (ConfUtils.java:logGet(46)) - raft.server.write.byte-limit = 1024 M (=1073741824) (custom)
2023-11-17 09:55:43,793 [cb74a50f-08de-45ec-b832-8b69b058d768@group-2B4A13C8640B-LeaderElection21] INFO  server.RaftServerConfigKeys (ConfUtils.java:logGet(46)) - raft.server.watch.timeout = 180s (custom)
2023-11-17 09:55:43,793 [cb74a50f-08de-45ec-b832-8b69b058d768@group-2B4A13C8640B-LeaderElection21] INFO  server.RaftServerConfigKeys (ConfUtils.java:logGet(46)) - raft.server.watch.timeout.denomination = 1s (default)
2023-11-17 09:55:43,793 [cb74a50f-08de-45ec-b832-8b69b058d768@group-2B4A13C8640B-LeaderElection21] INFO  server.RaftServerConfigKeys (ConfUtils.java:logGet(46)) - raft.server.watch.element-limit = 65536 (default)
2023-11-17 09:55:43,793 [cb74a50f-08de-45ec-b832-8b69b058d768@group-2B4A13C8640B-LeaderElection21] INFO  server.RaftServerConfigKeys (ConfUtils.java:logGet(46)) - raft.server.write.element-limit = 1024 (custom)
2023-11-17 09:55:43,793 [cb74a50f-08de-45ec-b832-8b69b058d768@group-2B4A13C8640B-LeaderElection21] INFO  server.RaftServerConfigKeys (ConfUtils.java:logGet(46)) - raft.server.write.follower.gap.ratio.max = -1.0 (default)
2023-11-17 09:55:43,794 [cb74a50f-08de-45ec-b832-8b69b058d768@group-2B4A13C8640B-LeaderElection21] INFO  server.RaftServerConfigKeys (ConfUtils.java:logGet(46)) - raft.server.log.appender.snapshot.chunk.size.max = 16MB (=16777216) (default)
2023-11-17 09:55:43,794 [cb74a50f-08de-45ec-b832-8b69b058d768@group-2B4A13C8640B-LeaderElection21] INFO  server.RaftServerConfigKeys (ConfUtils.java:logGet(46)) - raft.server.log.appender.buffer.byte-limit = 33554432 (custom)
2023-11-17 09:55:43,794 [cb74a50f-08de-45ec-b832-8b69b058d768@group-2B4A13C8640B-LeaderElection21] INFO  server.RaftServerConfigKeys (ConfUtils.java:logGet(46)) - raft.server.log.appender.buffer.element-limit = 1 (custom)
2023-11-17 09:55:43,794 [cb74a50f-08de-45ec-b832-8b69b058d768@group-2B4A13C8640B-LeaderElection21] INFO  server.RaftServerConfigKeys (ConfUtils.java:logGet(46)) - raft.server.log.appender.wait-time.min = 1ms (custom)
2023-11-17 09:55:43,794 [cb74a50f-08de-45ec-b832-8b69b058d768@group-2B4A13C8640B-LeaderElection21] INFO  grpc.GrpcConfigKeys (ConfUtils.java:logGet(46)) - raft.grpc.server.leader.outstanding.appends.max = 128 (default)
2023-11-17 09:55:43,794 [cb74a50f-08de-45ec-b832-8b69b058d768@group-2B4A13C8640B-LeaderElection21] INFO  server.RaftServerConfigKeys (ConfUtils.java:logGet(46)) - raft.server.rpc.request.timeout = 60s (custom)
2023-11-17 09:55:43,795 [cb74a50f-08de-45ec-b832-8b69b058d768@group-2B4A13C8640B-LeaderElection21] INFO  grpc.GrpcConfigKeys (ConfUtils.java:logGet(46)) - raft.grpc.server.install_snapshot.request.element-limit = 8 (default)
2023-11-17 09:55:43,795 [cb74a50f-08de-45ec-b832-8b69b058d768@group-2B4A13C8640B-LeaderElection21] INFO  grpc.GrpcConfigKeys (ConfUtils.java:logGet(46)) - raft.grpc.server.install_snapshot.request.timeout = 3000ms (default)
2023-11-17 09:55:43,795 [cb74a50f-08de-45ec-b832-8b69b058d768@group-2B4A13C8640B-LeaderElection21] INFO  server.RaftServerConfigKeys (ConfUtils.java:logGet(46)) - raft.server.log.appender.install.snapshot.enabled = false (custom)
2023-11-17 09:55:43,795 [cb74a50f-08de-45ec-b832-8b69b058d768@group-2B4A13C8640B-LeaderElection21] INFO  grpc.GrpcConfigKeys (ConfUtils.java:logGet(46)) - raft.grpc.server.heartbeat.channel = true (default)
2023-11-17 09:55:43,795 [cb74a50f-08de-45ec-b832-8b69b058d768@group-2B4A13C8640B-LeaderElection21] INFO  server.RaftServerConfigKeys (ConfUtils.java:logGet(46)) - raft.server.log.appender.snapshot.chunk.size.max = 16MB (=16777216) (default)
2023-11-17 09:55:43,796 [cb74a50f-08de-45ec-b832-8b69b058d768@group-2B4A13C8640B-LeaderElection21] INFO  server.RaftServerConfigKeys (ConfUtils.java:logGet(46)) - raft.server.log.appender.buffer.byte-limit = 33554432 (custom)
2023-11-17 09:55:43,796 [cb74a50f-08de-45ec-b832-8b69b058d768@group-2B4A13C8640B-LeaderElection21] INFO  server.RaftServerConfigKeys (ConfUtils.java:logGet(46)) - raft.server.log.appender.buffer.element-limit = 1 (custom)
2023-11-17 09:55:43,796 [cb74a50f-08de-45ec-b832-8b69b058d768@group-2B4A13C8640B-LeaderElection21] INFO  server.RaftServerConfigKeys (ConfUtils.java:logGet(46)) - raft.server.log.appender.wait-time.min = 1ms (custom)
2023-11-17 09:55:43,796 [cb74a50f-08de-45ec-b832-8b69b058d768@group-2B4A13C8640B-LeaderElection21] INFO  grpc.GrpcConfigKeys (ConfUtils.java:logGet(46)) - raft.grpc.server.leader.outstanding.appends.max = 128 (default)
2023-11-17 09:55:43,796 [cb74a50f-08de-45ec-b832-8b69b058d768@group-2B4A13C8640B-LeaderElection21] INFO  server.RaftServerConfigKeys (ConfUtils.java:logGet(46)) - raft.server.rpc.request.timeout = 60s (custom)
2023-11-17 09:55:43,796 [EventQueue-PipelineReportForPipelineReportHandler] INFO  pipeline.PipelineReportHandler (PipelineReportHandler.java:processPipelineReport(136)) - Opened pipeline PipelineID=f34f35bf-938f-481c-b560-2b4a13c8640b
2023-11-17 09:55:43,796 [cb74a50f-08de-45ec-b832-8b69b058d768@group-2B4A13C8640B-LeaderElection21] INFO  grpc.GrpcConfigKeys (ConfUtils.java:logGet(46)) - raft.grpc.server.install_snapshot.request.element-limit = 8 (default)
2023-11-17 09:55:43,796 [cb74a50f-08de-45ec-b832-8b69b058d768@group-2B4A13C8640B-LeaderElection21] INFO  grpc.GrpcConfigKeys (ConfUtils.java:logGet(46)) - raft.grpc.server.install_snapshot.request.timeout = 3000ms (default)
2023-11-17 09:55:43,796 [cb74a50f-08de-45ec-b832-8b69b058d768@group-2B4A13C8640B-LeaderElection21] INFO  server.RaftServerConfigKeys (ConfUtils.java:logGet(46)) - raft.server.log.appender.install.snapshot.enabled = false (custom)
2023-11-17 09:55:43,796 [cb74a50f-08de-45ec-b832-8b69b058d768@group-2B4A13C8640B-LeaderElection21] INFO  grpc.GrpcConfigKeys (ConfUtils.java:logGet(46)) - raft.grpc.server.heartbeat.channel = true (default)
2023-11-17 09:55:43,796 [cb74a50f-08de-45ec-b832-8b69b058d768@group-2B4A13C8640B-LeaderElection21] INFO  impl.RoleInfo (RoleInfo.java:updateAndGet(139)) - cb74a50f-08de-45ec-b832-8b69b058d768: start cb74a50f-08de-45ec-b832-8b69b058d768@group-2B4A13C8640B-LeaderStateImpl
2023-11-17 09:55:43,797 [cb74a50f-08de-45ec-b832-8b69b058d768@group-2B4A13C8640B-LeaderElection21] INFO  segmented.SegmentedRaftLogWorker (SegmentedRaftLogWorker.java:startLogSegment(447)) - cb74a50f-08de-45ec-b832-8b69b058d768@group-2B4A13C8640B-SegmentedRaftLogWorker: Starting segment from index:0
2023-11-17 09:55:43,798 [cb74a50f-08de-45ec-b832-8b69b058d768@group-2B4A13C8640B-LeaderElection21] INFO  server.RaftServer$Division (ServerState.java:setRaftConf(434)) - cb74a50f-08de-45ec-b832-8b69b058d768@group-2B4A13C8640B: set configuration 0: peers:[cb74a50f-08de-45ec-b832-8b69b058d768|rpc:10.1.0.9:15086|admin:10.1.0.9:15085|client:10.1.0.9:15084|dataStream:10.1.0.9:15087|priority:1|startupRole:FOLLOWER, a7578bdd-9139-4946-a78d-cc7981f76fa8|rpc:10.1.0.9:15077|admin:10.1.0.9:15076|client:10.1.0.9:15075|dataStream:10.1.0.9:15078|priority:0|startupRole:FOLLOWER, bfb594ff-14fd-40d9-830b-cf7a3dd84176|rpc:10.1.0.9:15068|admin:10.1.0.9:15067|client:10.1.0.9:15066|dataStream:10.1.0.9:15069|priority:0|startupRole:FOLLOWER]|listeners:[], old=null
2023-11-17 09:55:43,799 [cb74a50f-08de-45ec-b832-8b69b058d768@group-2B4A13C8640B-SegmentedRaftLogWorker] INFO  segmented.SegmentedRaftLogWorker (SegmentedRaftLogWorker.java:execute(651)) - cb74a50f-08de-45ec-b832-8b69b058d768@group-2B4A13C8640B-SegmentedRaftLogWorker: created new log segment /home/runner/work/ozone/ozone/hadoop-ozone/integration-test/target/test-dir/MiniOzoneClusterImpl-b9d514d0-62e9-44b2-85a5-b07480d3784c/datanode-8/data/ratis/f34f35bf-938f-481c-b560-2b4a13c8640b/current/log_inprogress_0
2023-11-17 09:55:43,806 [a7578bdd-9139-4946-a78d-cc7981f76fa8-server-thread1] INFO  ratis.XceiverServerRatis (XceiverServerRatis.java:handleLeaderChangedNotification(903)) - Leader change notification received for group: group-2B4A13C8640B with new leaderId: cb74a50f-08de-45ec-b832-8b69b058d768
2023-11-17 09:55:43,806 [a7578bdd-9139-4946-a78d-cc7981f76fa8-server-thread1] INFO  server.RaftServer$Division (ServerState.java:setLeader(317)) - a7578bdd-9139-4946-a78d-cc7981f76fa8@group-2B4A13C8640B: change Leader from null to cb74a50f-08de-45ec-b832-8b69b058d768 at term 1 for appendEntries, leader elected after 5208ms
2023-11-17 09:55:43,806 [a7578bdd-9139-4946-a78d-cc7981f76fa8-server-thread1] INFO  server.RaftServer$Division (ServerState.java:setRaftConf(434)) - a7578bdd-9139-4946-a78d-cc7981f76fa8@group-2B4A13C8640B: set configuration 0: peers:[cb74a50f-08de-45ec-b832-8b69b058d768|rpc:10.1.0.9:15086|admin:10.1.0.9:15085|client:10.1.0.9:15084|dataStream:10.1.0.9:15087|priority:1|startupRole:FOLLOWER, a7578bdd-9139-4946-a78d-cc7981f76fa8|rpc:10.1.0.9:15077|admin:10.1.0.9:15076|client:10.1.0.9:15075|dataStream:10.1.0.9:15078|priority:0|startupRole:FOLLOWER, bfb594ff-14fd-40d9-830b-cf7a3dd84176|rpc:10.1.0.9:15068|admin:10.1.0.9:15067|client:10.1.0.9:15066|dataStream:10.1.0.9:15069|priority:0|startupRole:FOLLOWER]|listeners:[], old=null
2023-11-17 09:55:43,807 [a7578bdd-9139-4946-a78d-cc7981f76fa8-server-thread1] INFO  segmented.SegmentedRaftLogWorker (SegmentedRaftLogWorker.java:startLogSegment(447)) - a7578bdd-9139-4946-a78d-cc7981f76fa8@group-2B4A13C8640B-SegmentedRaftLogWorker: Starting segment from index:0
2023-11-17 09:55:43,808 [a7578bdd-9139-4946-a78d-cc7981f76fa8@group-2B4A13C8640B-SegmentedRaftLogWorker] INFO  segmented.SegmentedRaftLogWorker (SegmentedRaftLogWorker.java:execute(651)) - a7578bdd-9139-4946-a78d-cc7981f76fa8@group-2B4A13C8640B-SegmentedRaftLogWorker: created new log segment /home/runner/work/ozone/ozone/hadoop-ozone/integration-test/target/test-dir/MiniOzoneClusterImpl-b9d514d0-62e9-44b2-85a5-b07480d3784c/datanode-7/data/ratis/f34f35bf-938f-481c-b560-2b4a13c8640b/current/log_inprogress_0
2023-11-17 09:55:43,813 [bfb594ff-14fd-40d9-830b-cf7a3dd84176-server-thread2] INFO  ratis.XceiverServerRatis (XceiverServerRatis.java:handleLeaderChangedNotification(903)) - Leader change notification received for group: group-2B4A13C8640B with new leaderId: cb74a50f-08de-45ec-b832-8b69b058d768
2023-11-17 09:55:43,813 [bfb594ff-14fd-40d9-830b-cf7a3dd84176-server-thread2] INFO  server.RaftServer$Division (ServerState.java:setLeader(317)) - bfb594ff-14fd-40d9-830b-cf7a3dd84176@group-2B4A13C8640B: change Leader from null to cb74a50f-08de-45ec-b832-8b69b058d768 at term 1 for appendEntries, leader elected after 5151ms
2023-11-17 09:55:43,814 [bfb594ff-14fd-40d9-830b-cf7a3dd84176-server-thread1] INFO  server.RaftServer$Division (ServerState.java:setRaftConf(434)) - bfb594ff-14fd-40d9-830b-cf7a3dd84176@group-2B4A13C8640B: set configuration 0: peers:[cb74a50f-08de-45ec-b832-8b69b058d768|rpc:10.1.0.9:15086|admin:10.1.0.9:15085|client:10.1.0.9:15084|dataStream:10.1.0.9:15087|priority:1|startupRole:FOLLOWER, a7578bdd-9139-4946-a78d-cc7981f76fa8|rpc:10.1.0.9:15077|admin:10.1.0.9:15076|client:10.1.0.9:15075|dataStream:10.1.0.9:15078|priority:0|startupRole:FOLLOWER, bfb594ff-14fd-40d9-830b-cf7a3dd84176|rpc:10.1.0.9:15068|admin:10.1.0.9:15067|client:10.1.0.9:15066|dataStream:10.1.0.9:15069|priority:0|startupRole:FOLLOWER]|listeners:[], old=null
2023-11-17 09:55:43,816 [bfb594ff-14fd-40d9-830b-cf7a3dd84176-server-thread1] INFO  segmented.SegmentedRaftLogWorker (SegmentedRaftLogWorker.java:startLogSegment(447)) - bfb594ff-14fd-40d9-830b-cf7a3dd84176@group-2B4A13C8640B-SegmentedRaftLogWorker: Starting segment from index:0
2023-11-17 09:55:43,817 [bfb594ff-14fd-40d9-830b-cf7a3dd84176@group-2B4A13C8640B-SegmentedRaftLogWorker] INFO  segmented.SegmentedRaftLogWorker (SegmentedRaftLogWorker.java:execute(651)) - bfb594ff-14fd-40d9-830b-cf7a3dd84176@group-2B4A13C8640B-SegmentedRaftLogWorker: created new log segment /home/runner/work/ozone/ozone/hadoop-ozone/integration-test/target/test-dir/MiniOzoneClusterImpl-b9d514d0-62e9-44b2-85a5-b07480d3784c/datanode-6/data/ratis/f34f35bf-938f-481c-b560-2b4a13c8640b/current/log_inprogress_0
2023-11-17 09:55:43,995 [qtp149818403-19] ERROR generators.WadlGeneratorJAXBGrammarGenerator (WadlGeneratorJAXBGrammarGenerator.java:buildModelAndSchemas(207)) - Failed to generate the schema for the JAX-B elements
com.sun.xml.bind.v2.runtime.IllegalAnnotationsException: 1 counts of IllegalAnnotationExceptions
java.util.Map is an interface, and JAXB can't handle interfaces.
	this problem is related to the following location:
		at java.util.Map

	at com.sun.xml.bind.v2.runtime.IllegalAnnotationsException$Builder.check(IllegalAnnotationsException.java:106)
	at com.sun.xml.bind.v2.runtime.JAXBContextImpl.getTypeInfoSet(JAXBContextImpl.java:471)
	at com.sun.xml.bind.v2.runtime.JAXBContextImpl.<init>(JAXBContextImpl.java:303)
	at com.sun.xml.bind.v2.runtime.JAXBContextImpl.<init>(JAXBContextImpl.java:139)
	at com.sun.xml.bind.v2.runtime.JAXBContextImpl$JAXBContextBuilder.build(JAXBContextImpl.java:1156)
	at com.sun.xml.bind.v2.ContextFactory.createContext(ContextFactory.java:165)
	at sun.reflect.NativeMethodAccessorImpl.invoke0(Native Method)
	at sun.reflect.NativeMethodAccessorImpl.invoke(NativeMethodAccessorImpl.java:62)
	at sun.reflect.DelegatingMethodAccessorImpl.invoke(DelegatingMethodAccessorImpl.java:43)
	at java.lang.reflect.Method.invoke(Method.java:498)
	at javax.xml.bind.ContextFinder.newInstance(ContextFinder.java:247)
	at javax.xml.bind.ContextFinder.newInstance(ContextFinder.java:234)
	at javax.xml.bind.ContextFinder.find(ContextFinder.java:441)
	at javax.xml.bind.JAXBContext.newInstance(JAXBContext.java:641)
	at javax.xml.bind.JAXBContext.newInstance(JAXBContext.java:584)
	at com.sun.jersey.server.wadl.generators.WadlGeneratorJAXBGrammarGenerator.buildModelAndSchemas(WadlGeneratorJAXBGrammarGenerator.java:169)
	at com.sun.jersey.server.wadl.generators.AbstractWadlGeneratorGrammarGenerator.createExternalGrammar(AbstractWadlGeneratorGrammarGenerator.java:405)
	at com.sun.jersey.server.wadl.WadlBuilder.generate(WadlBuilder.java:149)
	at com.sun.jersey.server.impl.wadl.WadlApplicationContextImpl.getApplication(WadlApplicationContextImpl.java:119)
	at com.sun.jersey.server.impl.wadl.WadlApplicationContextImpl.getApplication(WadlApplicationContextImpl.java:138)
	at com.sun.jersey.server.impl.wadl.WadlMethodFactory$WadlOptionsMethodDispatcher.dispatch(WadlMethodFactory.java:110)
	at com.sun.jersey.server.impl.uri.rules.HttpMethodRule.accept(HttpMethodRule.java:302)
	at com.sun.jersey.server.impl.uri.rules.RightHandPathRule.accept(RightHandPathRule.java:147)
	at com.sun.jersey.server.impl.uri.rules.ResourceClassRule.accept(ResourceClassRule.java:108)
	at com.sun.jersey.server.impl.uri.rules.RightHandPathRule.accept(RightHandPathRule.java:147)
	at com.sun.jersey.server.impl.uri.rules.RootResourceClassesRule.accept(RootResourceClassesRule.java:84)
	at com.sun.jersey.server.impl.application.WebApplicationImpl._handleRequest(WebApplicationImpl.java:1542)
	at com.sun.jersey.server.impl.application.WebApplicationImpl._handleRequest(WebApplicationImpl.java:1473)
	at com.sun.jersey.server.impl.application.WebApplicationImpl.handleRequest(WebApplicationImpl.java:1419)
	at com.sun.jersey.server.impl.application.WebApplicationImpl.handleRequest(WebApplicationImpl.java:1409)
	at com.sun.jersey.spi.container.servlet.WebComponent.service(WebComponent.java:409)
	at com.sun.jersey.spi.container.servlet.ServletContainer.service(ServletContainer.java:558)
	at com.sun.jersey.spi.container.servlet.ServletContainer.service(ServletContainer.java:733)
	at javax.servlet.http.HttpServlet.service(HttpServlet.java:590)
	at org.eclipse.jetty.servlet.ServletHolder$NotAsync.service(ServletHolder.java:1459)
	at org.eclipse.jetty.servlet.ServletHolder.handle(ServletHolder.java:799)
	at org.eclipse.jetty.servlet.ServletHandler$ChainEnd.doFilter(ServletHandler.java:1656)
	at org.apache.hadoop.crypto.key.kms.server.KMSMDCFilter.doFilter(KMSMDCFilter.java:98)
	at org.eclipse.jetty.servlet.FilterHolder.doFilter(FilterHolder.java:193)
	at org.eclipse.jetty.servlet.ServletHandler$Chain.doFilter(ServletHandler.java:1626)
	at org.apache.hadoop.security.authentication.server.AuthenticationFilter.doFilter(AuthenticationFilter.java:650)
	at org.apache.hadoop.security.token.delegation.web.DelegationTokenAuthenticationFilter.doFilter(DelegationTokenAuthenticationFilter.java:305)
	at org.apache.hadoop.security.authentication.server.AuthenticationFilter.doFilter(AuthenticationFilter.java:592)
	at org.apache.hadoop.crypto.key.kms.server.KMSAuthenticationFilter.doFilter(KMSAuthenticationFilter.java:162)
	at org.eclipse.jetty.servlet.FilterHolder.doFilter(FilterHolder.java:201)
	at org.eclipse.jetty.servlet.ServletHandler$Chain.doFilter(ServletHandler.java:1626)
	at org.apache.hadoop.http.lib.StaticUserWebFilter$StaticUserFilter.doFilter(StaticUserWebFilter.java:110)
	at org.eclipse.jetty.servlet.FilterHolder.doFilter(FilterHolder.java:193)
	at org.eclipse.jetty.servlet.ServletHandler$Chain.doFilter(ServletHandler.java:1626)
	at org.apache.hadoop.http.HttpServer2$QuotingInputFilter.doFilter(HttpServer2.java:1794)
	at org.eclipse.jetty.servlet.FilterHolder.doFilter(FilterHolder.java:193)
	at org.eclipse.jetty.servlet.ServletHandler$Chain.doFilter(ServletHandler.java:1626)
	at org.apache.hadoop.http.NoCacheFilter.doFilter(NoCacheFilter.java:45)
	at org.eclipse.jetty.servlet.FilterHolder.doFilter(FilterHolder.java:193)
	at org.eclipse.jetty.servlet.ServletHandler$Chain.doFilter(ServletHandler.java:1626)
	at org.eclipse.jetty.servlet.ServletHandler.doHandle(ServletHandler.java:552)
	at org.eclipse.jetty.server.handler.ScopedHandler.handle(ScopedHandler.java:143)
	at org.eclipse.jetty.security.SecurityHandler.handle(SecurityHandler.java:600)
	at org.eclipse.jetty.server.handler.HandlerWrapper.handle(HandlerWrapper.java:127)
	at org.eclipse.jetty.server.handler.ScopedHandler.nextHandle(ScopedHandler.java:235)
	at org.eclipse.jetty.server.session.SessionHandler.doHandle(SessionHandler.java:1624)
	at org.eclipse.jetty.server.handler.ScopedHandler.nextHandle(ScopedHandler.java:233)
	at org.eclipse.jetty.server.handler.ContextHandler.doHandle(ContextHandler.java:1440)
	at org.eclipse.jetty.server.handler.ScopedHandler.nextScope(ScopedHandler.java:188)
	at org.eclipse.jetty.servlet.ServletHandler.doScope(ServletHandler.java:505)
	at org.eclipse.jetty.server.session.SessionHandler.doScope(SessionHandler.java:1594)
	at org.eclipse.jetty.server.handler.ScopedHandler.nextScope(ScopedHandler.java:186)
	at org.eclipse.jetty.server.handler.ContextHandler.doScope(ContextHandler.java:1355)
	at org.eclipse.jetty.server.handler.ScopedHandler.handle(ScopedHandler.java:141)
	at org.eclipse.jetty.server.handler.HandlerCollection.handle(HandlerCollection.java:146)
	at org.eclipse.jetty.server.handler.HandlerWrapper.handle(HandlerWrapper.java:127)
	at org.eclipse.jetty.server.Server.handle(Server.java:512)
	at org.eclipse.jetty.server.HttpChannel.lambda$handle$1(HttpChannel.java:487)
	at org.eclipse.jetty.server.HttpChannel.dispatch(HttpChannel.java:732)
	at org.eclipse.jetty.server.HttpChannel.handle(HttpChannel.java:479)
	at org.eclipse.jetty.server.HttpConnection.onFillable(HttpConnection.java:277)
	at org.eclipse.jetty.io.AbstractConnection$ReadCallback.succeeded(AbstractConnection.java:311)
	at org.eclipse.jetty.io.FillInterest.fillable(FillInterest.java:105)
	at org.eclipse.jetty.io.ChannelEndPoint$1.run(ChannelEndPoint.java:104)
	at org.eclipse.jetty.util.thread.strategy.EatWhatYouKill.runTask(EatWhatYouKill.java:338)
	at org.eclipse.jetty.util.thread.strategy.EatWhatYouKill.doProduce(EatWhatYouKill.java:315)
	at org.eclipse.jetty.util.thread.strategy.EatWhatYouKill.tryProduce(EatWhatYouKill.java:173)
	at org.eclipse.jetty.util.thread.strategy.EatWhatYouKill.produce(EatWhatYouKill.java:137)
	at org.eclipse.jetty.util.thread.QueuedThreadPool.runJob(QueuedThreadPool.java:883)
	at org.eclipse.jetty.util.thread.QueuedThreadPool$Runner.run(QueuedThreadPool.java:1034)
	at java.lang.Thread.run(Thread.java:750)
2023-11-17 09:55:43,997 [qtp149818403-19] INFO  generators.AbstractWadlGeneratorGrammarGenerator (AbstractWadlGeneratorGrammarGenerator.java:attachTypes(479)) - Couldn't find grammar element for class javax.ws.rs.core.Response
2023-11-17 09:55:43,997 [qtp149818403-19] INFO  generators.AbstractWadlGeneratorGrammarGenerator (AbstractWadlGeneratorGrammarGenerator.java:attachTypes(479)) - Couldn't find grammar element for class java.util.Map
2023-11-17 09:55:43,997 [qtp149818403-19] INFO  generators.AbstractWadlGeneratorGrammarGenerator (AbstractWadlGeneratorGrammarGenerator.java:attachTypes(479)) - Couldn't find grammar element for class javax.ws.rs.core.Response
2023-11-17 09:55:43,998 [qtp149818403-19] INFO  generators.AbstractWadlGeneratorGrammarGenerator (AbstractWadlGeneratorGrammarGenerator.java:attachTypes(479)) - Couldn't find grammar element for class java.util.Map
2023-11-17 09:55:43,998 [qtp149818403-19] INFO  generators.AbstractWadlGeneratorGrammarGenerator (AbstractWadlGeneratorGrammarGenerator.java:attachTypes(479)) - Couldn't find grammar element for class java.util.Map
2023-11-17 09:55:43,998 [qtp149818403-19] INFO  generators.AbstractWadlGeneratorGrammarGenerator (AbstractWadlGeneratorGrammarGenerator.java:attachTypes(479)) - Couldn't find grammar element for class java.util.Map
2023-11-17 09:55:43,998 [qtp149818403-19] INFO  generators.AbstractWadlGeneratorGrammarGenerator (AbstractWadlGeneratorGrammarGenerator.java:attachTypes(479)) - Couldn't find grammar element for class javax.ws.rs.core.Response
2023-11-17 09:55:43,999 [qtp149818403-19] INFO  generators.AbstractWadlGeneratorGrammarGenerator (AbstractWadlGeneratorGrammarGenerator.java:attachTypes(479)) - Couldn't find grammar element for class java.util.Map
2023-11-17 09:55:44,321 [qtp149818403-24] INFO  kms-audit (SimpleKMSAuditLogger.java:logAuditSimpleFormat(93)) - OK[op=CREATE_KEY, key=key1, user=runner] UserProvidedMaterial:false Description:key1
2023-11-17 09:55:44,367 [main] INFO  rpc.RpcClient (RpcClient.java:createVolume(464)) - Creating Volume: f7088a31-26d4-4bb6-8308-7bd1f49e3296, with runner as owner and space quota set to -1 bytes, counts quota set to -1
2023-11-17 09:55:44,397 [om1-OMStateMachineApplyTransactionThread - 0] INFO  volume.OMVolumeCreateRequest (OMVolumeCreateRequest.java:validateAndUpdateCache(197)) - created volume:f7088a31-26d4-4bb6-8308-7bd1f49e3296 for user:runner
2023-11-17 09:55:44,411 [main] INFO  rpc.RpcClient (RpcClient.java:createBucket(691)) - Creating Bucket: f7088a31-26d4-4bb6-8308-7bd1f49e3296/a811c6b7-5684-4b43-adc9-8426ac4df7be, with bucket layout FILE_SYSTEM_OPTIMIZED, runner as owner, Versioning false, Storage Type set to DISK and Encryption set to true, Replication Type set to server-side default replication type, Namespace Quota set to -1, Space Quota set to -1 
2023-11-17 09:55:44,429 [qtp149818403-18] INFO  kms-audit (SimpleKMSAuditLogger.java:logAuditSimpleFormat(93)) - OK[op=GET_METADATA, key=key1, user=runner] 
2023-11-17 09:55:44,575 [qtp149818403-24] INFO  kms-audit (SimpleKMSAuditLogger.java:logAuditEvent(59)) - OK[op=GENERATE_EEK, key=key1, user=runner, accessCount=1, interval=0ms] 
2023-11-17 09:55:44,601 [om1-OMStateMachineApplyTransactionThread - 0] INFO  bucket.OMBucketCreateRequest (OMBucketCreateRequest.java:validateAndUpdateCache(271)) - created bucket: a811c6b7-5684-4b43-adc9-8426ac4df7be of layout FILE_SYSTEM_OPTIMIZED in volume: f7088a31-26d4-4bb6-8308-7bd1f49e3296
2023-11-17 09:55:44,669 [IPC Server handler 17 on default port 15001] INFO  ha.SequenceIdGenerator (SequenceIdGenerator.java:getNextId(145)) - Allocate a batch for containerId, change lastId from 0 to 1000.
2023-11-17 09:55:44,676 [IPC Server handler 17 on default port 15001] WARN  ha.SequenceIdGenerator (SequenceIdGenerator.java:allocateBatch(258)) - Failed to allocate a batch for localId, expected lastId is 0, actual lastId is 111677748019200000.
2023-11-17 09:55:44,676 [IPC Server handler 17 on default port 15001] INFO  ha.SequenceIdGenerator (SequenceIdGenerator.java:getNextId(145)) - Allocate a batch for localId, change lastId from 111677748019200000 to 111677748019201000.
2023-11-17 09:55:44,758 [qtp149818403-22] ERROR generators.WadlGeneratorJAXBGrammarGenerator (WadlGeneratorJAXBGrammarGenerator.java:buildModelAndSchemas(207)) - Failed to generate the schema for the JAX-B elements
com.sun.xml.bind.v2.runtime.IllegalAnnotationsException: 1 counts of IllegalAnnotationExceptions
java.util.Map is an interface, and JAXB can't handle interfaces.
	this problem is related to the following location:
		at java.util.Map

	at com.sun.xml.bind.v2.runtime.IllegalAnnotationsException$Builder.check(IllegalAnnotationsException.java:106)
	at com.sun.xml.bind.v2.runtime.JAXBContextImpl.getTypeInfoSet(JAXBContextImpl.java:471)
	at com.sun.xml.bind.v2.runtime.JAXBContextImpl.<init>(JAXBContextImpl.java:303)
	at com.sun.xml.bind.v2.runtime.JAXBContextImpl.<init>(JAXBContextImpl.java:139)
	at com.sun.xml.bind.v2.runtime.JAXBContextImpl$JAXBContextBuilder.build(JAXBContextImpl.java:1156)
	at com.sun.xml.bind.v2.ContextFactory.createContext(ContextFactory.java:165)
	at sun.reflect.NativeMethodAccessorImpl.invoke0(Native Method)
	at sun.reflect.NativeMethodAccessorImpl.invoke(NativeMethodAccessorImpl.java:62)
	at sun.reflect.DelegatingMethodAccessorImpl.invoke(DelegatingMethodAccessorImpl.java:43)
	at java.lang.reflect.Method.invoke(Method.java:498)
	at javax.xml.bind.ContextFinder.newInstance(ContextFinder.java:247)
	at javax.xml.bind.ContextFinder.newInstance(ContextFinder.java:234)
	at javax.xml.bind.ContextFinder.find(ContextFinder.java:441)
	at javax.xml.bind.JAXBContext.newInstance(JAXBContext.java:641)
	at javax.xml.bind.JAXBContext.newInstance(JAXBContext.java:584)
	at com.sun.jersey.server.wadl.generators.WadlGeneratorJAXBGrammarGenerator.buildModelAndSchemas(WadlGeneratorJAXBGrammarGenerator.java:169)
	at com.sun.jersey.server.wadl.generators.AbstractWadlGeneratorGrammarGenerator.createExternalGrammar(AbstractWadlGeneratorGrammarGenerator.java:405)
	at com.sun.jersey.server.wadl.WadlBuilder.generate(WadlBuilder.java:149)
	at com.sun.jersey.server.impl.wadl.WadlApplicationContextImpl.getApplication(WadlApplicationContextImpl.java:119)
	at com.sun.jersey.server.impl.wadl.WadlApplicationContextImpl.getApplication(WadlApplicationContextImpl.java:138)
	at com.sun.jersey.server.impl.wadl.WadlMethodFactory$WadlOptionsMethodDispatcher.dispatch(WadlMethodFactory.java:110)
	at com.sun.jersey.server.impl.uri.rules.HttpMethodRule.accept(HttpMethodRule.java:302)
	at com.sun.jersey.server.impl.uri.rules.RightHandPathRule.accept(RightHandPathRule.java:147)
	at com.sun.jersey.server.impl.uri.rules.ResourceClassRule.accept(ResourceClassRule.java:108)
	at com.sun.jersey.server.impl.uri.rules.RightHandPathRule.accept(RightHandPathRule.java:147)
	at com.sun.jersey.server.impl.uri.rules.RootResourceClassesRule.accept(RootResourceClassesRule.java:84)
	at com.sun.jersey.server.impl.application.WebApplicationImpl._handleRequest(WebApplicationImpl.java:1542)
	at com.sun.jersey.server.impl.application.WebApplicationImpl._handleRequest(WebApplicationImpl.java:1473)
	at com.sun.jersey.server.impl.application.WebApplicationImpl.handleRequest(WebApplicationImpl.java:1419)
	at com.sun.jersey.server.impl.application.WebApplicationImpl.handleRequest(WebApplicationImpl.java:1409)
	at com.sun.jersey.spi.container.servlet.WebComponent.service(WebComponent.java:409)
	at com.sun.jersey.spi.container.servlet.ServletContainer.service(ServletContainer.java:558)
	at com.sun.jersey.spi.container.servlet.ServletContainer.service(ServletContainer.java:733)
	at javax.servlet.http.HttpServlet.service(HttpServlet.java:590)
	at org.eclipse.jetty.servlet.ServletHolder$NotAsync.service(ServletHolder.java:1459)
	at org.eclipse.jetty.servlet.ServletHolder.handle(ServletHolder.java:799)
	at org.eclipse.jetty.servlet.ServletHandler$ChainEnd.doFilter(ServletHandler.java:1656)
	at org.apache.hadoop.crypto.key.kms.server.KMSMDCFilter.doFilter(KMSMDCFilter.java:98)
	at org.eclipse.jetty.servlet.FilterHolder.doFilter(FilterHolder.java:193)
	at org.eclipse.jetty.servlet.ServletHandler$Chain.doFilter(ServletHandler.java:1626)
	at org.apache.hadoop.security.authentication.server.AuthenticationFilter.doFilter(AuthenticationFilter.java:650)
	at org.apache.hadoop.security.token.delegation.web.DelegationTokenAuthenticationFilter.doFilter(DelegationTokenAuthenticationFilter.java:305)
	at org.apache.hadoop.security.authentication.server.AuthenticationFilter.doFilter(AuthenticationFilter.java:592)
	at org.apache.hadoop.crypto.key.kms.server.KMSAuthenticationFilter.doFilter(KMSAuthenticationFilter.java:162)
	at org.eclipse.jetty.servlet.FilterHolder.doFilter(FilterHolder.java:201)
	at org.eclipse.jetty.servlet.ServletHandler$Chain.doFilter(ServletHandler.java:1626)
	at org.apache.hadoop.http.lib.StaticUserWebFilter$StaticUserFilter.doFilter(StaticUserWebFilter.java:110)
	at org.eclipse.jetty.servlet.FilterHolder.doFilter(FilterHolder.java:193)
	at org.eclipse.jetty.servlet.ServletHandler$Chain.doFilter(ServletHandler.java:1626)
	at org.apache.hadoop.http.HttpServer2$QuotingInputFilter.doFilter(HttpServer2.java:1794)
	at org.eclipse.jetty.servlet.FilterHolder.doFilter(FilterHolder.java:193)
	at org.eclipse.jetty.servlet.ServletHandler$Chain.doFilter(ServletHandler.java:1626)
	at org.apache.hadoop.http.NoCacheFilter.doFilter(NoCacheFilter.java:45)
	at org.eclipse.jetty.servlet.FilterHolder.doFilter(FilterHolder.java:193)
	at org.eclipse.jetty.servlet.ServletHandler$Chain.doFilter(ServletHandler.java:1626)
	at org.eclipse.jetty.servlet.ServletHandler.doHandle(ServletHandler.java:552)
	at org.eclipse.jetty.server.handler.ScopedHandler.handle(ScopedHandler.java:143)
	at org.eclipse.jetty.security.SecurityHandler.handle(SecurityHandler.java:600)
	at org.eclipse.jetty.server.handler.HandlerWrapper.handle(HandlerWrapper.java:127)
	at org.eclipse.jetty.server.handler.ScopedHandler.nextHandle(ScopedHandler.java:235)
	at org.eclipse.jetty.server.session.SessionHandler.doHandle(SessionHandler.java:1624)
	at org.eclipse.jetty.server.handler.ScopedHandler.nextHandle(ScopedHandler.java:233)
	at org.eclipse.jetty.server.handler.ContextHandler.doHandle(ContextHandler.java:1440)
	at org.eclipse.jetty.server.handler.ScopedHandler.nextScope(ScopedHandler.java:188)
	at org.eclipse.jetty.servlet.ServletHandler.doScope(ServletHandler.java:505)
	at org.eclipse.jetty.server.session.SessionHandler.doScope(SessionHandler.java:1594)
	at org.eclipse.jetty.server.handler.ScopedHandler.nextScope(ScopedHandler.java:186)
	at org.eclipse.jetty.server.handler.ContextHandler.doScope(ContextHandler.java:1355)
	at org.eclipse.jetty.server.handler.ScopedHandler.handle(ScopedHandler.java:141)
	at org.eclipse.jetty.server.handler.HandlerCollection.handle(HandlerCollection.java:146)
	at org.eclipse.jetty.server.handler.HandlerWrapper.handle(HandlerWrapper.java:127)
	at org.eclipse.jetty.server.Server.handle(Server.java:512)
	at org.eclipse.jetty.server.HttpChannel.lambda$handle$1(HttpChannel.java:487)
	at org.eclipse.jetty.server.HttpChannel.dispatch(HttpChannel.java:732)
	at org.eclipse.jetty.server.HttpChannel.handle(HttpChannel.java:479)
	at org.eclipse.jetty.server.HttpConnection.onFillable(HttpConnection.java:277)
	at org.eclipse.jetty.io.AbstractConnection$ReadCallback.succeeded(AbstractConnection.java:311)
	at org.eclipse.jetty.io.FillInterest.fillable(FillInterest.java:105)
	at org.eclipse.jetty.io.ChannelEndPoint$1.run(ChannelEndPoint.java:104)
	at org.eclipse.jetty.util.thread.strategy.EatWhatYouKill.runTask(EatWhatYouKill.java:338)
	at org.eclipse.jetty.util.thread.strategy.EatWhatYouKill.doProduce(EatWhatYouKill.java:315)
	at org.eclipse.jetty.util.thread.strategy.EatWhatYouKill.tryProduce(EatWhatYouKill.java:173)
	at org.eclipse.jetty.util.thread.strategy.EatWhatYouKill.run(EatWhatYouKill.java:131)
	at org.eclipse.jetty.util.thread.ReservedThreadExecutor$ReservedThread.run(ReservedThreadExecutor.java:409)
	at org.eclipse.jetty.util.thread.QueuedThreadPool.runJob(QueuedThreadPool.java:883)
	at org.eclipse.jetty.util.thread.QueuedThreadPool$Runner.run(QueuedThreadPool.java:1034)
	at java.lang.Thread.run(Thread.java:750)
2023-11-17 09:55:44,762 [qtp149818403-22] INFO  generators.AbstractWadlGeneratorGrammarGenerator (AbstractWadlGeneratorGrammarGenerator.java:attachTypes(479)) - Couldn't find grammar element for class javax.ws.rs.core.Response
2023-11-17 09:55:44,763 [qtp149818403-22] INFO  generators.AbstractWadlGeneratorGrammarGenerator (AbstractWadlGeneratorGrammarGenerator.java:attachTypes(479)) - Couldn't find grammar element for class java.util.Map
2023-11-17 09:55:44,763 [qtp149818403-22] INFO  generators.AbstractWadlGeneratorGrammarGenerator (AbstractWadlGeneratorGrammarGenerator.java:attachTypes(479)) - Couldn't find grammar element for class javax.ws.rs.core.Response
2023-11-17 09:55:44,764 [qtp149818403-22] INFO  generators.AbstractWadlGeneratorGrammarGenerator (AbstractWadlGeneratorGrammarGenerator.java:attachTypes(479)) - Couldn't find grammar element for class java.util.Map
2023-11-17 09:55:44,764 [qtp149818403-22] INFO  generators.AbstractWadlGeneratorGrammarGenerator (AbstractWadlGeneratorGrammarGenerator.java:attachTypes(479)) - Couldn't find grammar element for class java.util.Map
2023-11-17 09:55:44,765 [qtp149818403-22] INFO  generators.AbstractWadlGeneratorGrammarGenerator (AbstractWadlGeneratorGrammarGenerator.java:attachTypes(479)) - Couldn't find grammar element for class java.util.Map
2023-11-17 09:55:44,765 [qtp149818403-22] INFO  generators.AbstractWadlGeneratorGrammarGenerator (AbstractWadlGeneratorGrammarGenerator.java:attachTypes(479)) - Couldn't find grammar element for class javax.ws.rs.core.Response
2023-11-17 09:55:44,766 [qtp149818403-22] INFO  generators.AbstractWadlGeneratorGrammarGenerator (AbstractWadlGeneratorGrammarGenerator.java:attachTypes(479)) - Couldn't find grammar element for class java.util.Map
2023-11-17 09:55:44,862 [qtp149818403-24] INFO  kms-audit (SimpleKMSAuditLogger.java:logAuditEvent(59)) - OK[op=DECRYPT_EEK, key=key1, user=runner, accessCount=1, interval=1ms] 
2023-11-17 09:55:44,883 [main] INFO  impl.MetricsSystemImpl (MetricsSystemImpl.java:init(158)) - XceiverClientMetrics metrics system started (again)
2023-11-17 09:55:44,883 [main] INFO  lib.Interns (Interns.java:removeEldestEntry(50)) - Metrics intern cache overflow at 2011 for MetricsSystem={MetricsSystem=MetricsInfoImpl{name=MetricsSystem, description=MetricsSystem}, MetricsSystem record=MetricsInfoImpl{name=MetricsSystem, description=MetricsSystem record}}
2023-11-17 09:55:45,312 [IPC Server handler 17 on default port 15001] WARN  node.SCMNodeManager (SCMNodeManager.java:getNodesByAddress(1373)) - Cannot find node for address 127.0.0.1
2023-11-17 09:55:45,327 [IPC Server handler 19 on default port 15001] WARN  node.SCMNodeManager (SCMNodeManager.java:getNodesByAddress(1373)) - Cannot find node for address 127.0.0.1
2023-11-17 09:55:45,431 [main] INFO  client.DataStreamClient (ConfUtils.java:logGet(46)) - raft.datastream.type = NETTY (custom)
2023-11-17 09:55:45,434 [main] INFO  netty.NettyConfigKeys$DataStream (ConfUtils.java:logGet(46)) - raft.netty.dataStream.client.tls.conf = null (default)
2023-11-17 09:55:45,434 [main] INFO  netty.NettyConfigKeys$DataStream (ConfUtils.java:logGet(46)) - raft.netty.dataStream.client.reply.queue.grace-period = 1s (default)
2023-11-17 09:55:45,437 [main] INFO  netty.NettyConfigKeys$DataStream (ConfUtils.java:logGet(46)) - raft.netty.dataStream.client.worker-group.share = false (default)
2023-11-17 09:55:45,437 [main] INFO  netty.NettyConfigKeys$DataStream (ConfUtils.java:logGet(46)) - raft.netty.dataStream.client.worker-group.size = 8 (default)
2023-11-17 09:55:45,450 [cb74a50f-08de-45ec-b832-8b69b058d768-NettyServerStreamRpc-bossGroup--thread1] INFO  logging.LoggingHandler (AbstractInternalLogger.java:log(148)) - [id: 0x5d2308ae, L:/0:0:0:0:0:0:0:0:15087] READ: [id: 0xdf3b4d7b, L:/10.1.0.9:15087 - R:/10.1.0.9:59896]
2023-11-17 09:55:45,451 [cb74a50f-08de-45ec-b832-8b69b058d768-NettyServerStreamRpc-bossGroup--thread1] INFO  logging.LoggingHandler (AbstractInternalLogger.java:log(148)) - [id: 0x5d2308ae, L:/0:0:0:0:0:0:0:0:15087] READ COMPLETE
2023-11-17 09:55:45,540 [IPC Server handler 16 on default port 15001] WARN  node.SCMNodeManager (SCMNodeManager.java:getNodesByAddress(1373)) - Cannot find node for address 127.0.0.1
2023-11-17 09:55:45,547 [IPC Server handler 1 on default port 15001] WARN  node.SCMNodeManager (SCMNodeManager.java:getNodesByAddress(1373)) - Cannot find node for address 127.0.0.1
]]></system-out>
    <system-err><![CDATA[ERROR StatusLogger Reconfiguration failed: No configuration found for '18b4aac2' at 'null' in 'null'
]]></system-err>
  </testcase>
  <testcase name="testPutKeyWithEncryption(BucketLayout)[2]" classname="org.apache.hadoop.ozone.client.rpc.TestOzoneAtRestEncryption" time="0.219">
    <system-out><![CDATA[2023-11-17 09:55:45,580 [main] INFO  rpc.RpcClient (RpcClient.java:createVolume(464)) - Creating Volume: ac991434-cdd4-4910-a355-47f319dd0d09, with runner as owner and space quota set to -1 bytes, counts quota set to -1
2023-11-17 09:55:45,584 [om1-OMStateMachineApplyTransactionThread - 0] INFO  volume.OMVolumeCreateRequest (OMVolumeCreateRequest.java:validateAndUpdateCache(197)) - created volume:ac991434-cdd4-4910-a355-47f319dd0d09 for user:runner
2023-11-17 09:55:45,588 [main] INFO  rpc.RpcClient (RpcClient.java:createBucket(691)) - Creating Bucket: ac991434-cdd4-4910-a355-47f319dd0d09/c0c11dea-32be-4e5e-acf6-89e96c01677a, with bucket layout OBJECT_STORE, runner as owner, Versioning false, Storage Type set to DISK and Encryption set to true, Replication Type set to server-side default replication type, Namespace Quota set to -1, Space Quota set to -1 
2023-11-17 09:55:45,595 [qtp149818403-25] INFO  kms-audit (SimpleKMSAuditLogger.java:logAuditSimpleFormat(93)) - OK[op=GET_METADATA, key=key1, user=runner] 
2023-11-17 09:55:45,598 [om1-OMStateMachineApplyTransactionThread - 0] INFO  bucket.OMBucketCreateRequest (OMBucketCreateRequest.java:validateAndUpdateCache(271)) - created bucket: c0c11dea-32be-4e5e-acf6-89e96c01677a of layout OBJECT_STORE in volume: ac991434-cdd4-4910-a355-47f319dd0d09
2023-11-17 09:55:45,652 [IPC Server handler 15 on default port 15001] WARN  node.SCMNodeManager (SCMNodeManager.java:getNodesByAddress(1373)) - Cannot find node for address 127.0.0.1
2023-11-17 09:55:45,655 [IPC Server handler 14 on default port 15001] WARN  node.SCMNodeManager (SCMNodeManager.java:getNodesByAddress(1373)) - Cannot find node for address 127.0.0.1
2023-11-17 09:55:45,687 [main] INFO  client.DataStreamClient (ConfUtils.java:logGet(46)) - raft.datastream.type = NETTY (custom)
2023-11-17 09:55:45,688 [main] INFO  netty.NettyConfigKeys$DataStream (ConfUtils.java:logGet(46)) - raft.netty.dataStream.client.tls.conf = null (default)
2023-11-17 09:55:45,688 [main] INFO  netty.NettyConfigKeys$DataStream (ConfUtils.java:logGet(46)) - raft.netty.dataStream.client.reply.queue.grace-period = 1s (default)
2023-11-17 09:55:45,689 [main] INFO  netty.NettyConfigKeys$DataStream (ConfUtils.java:logGet(46)) - raft.netty.dataStream.client.worker-group.share = false (default)
2023-11-17 09:55:45,689 [main] INFO  netty.NettyConfigKeys$DataStream (ConfUtils.java:logGet(46)) - raft.netty.dataStream.client.worker-group.size = 8 (default)
2023-11-17 09:55:45,693 [2a883bf7-e5b8-4bdb-a368-a41799101186-NettyServerStreamRpc-bossGroup--thread1] INFO  logging.LoggingHandler (AbstractInternalLogger.java:log(148)) - [id: 0x2232831e, L:/0:0:0:0:0:0:0:0:15042] READ: [id: 0xfa75cc5d, L:/10.1.0.9:15042 - R:/10.1.0.9:45064]
2023-11-17 09:55:45,693 [2a883bf7-e5b8-4bdb-a368-a41799101186-NettyServerStreamRpc-bossGroup--thread1] INFO  logging.LoggingHandler (AbstractInternalLogger.java:log(148)) - [id: 0x2232831e, L:/0:0:0:0:0:0:0:0:15042] READ COMPLETE
2023-11-17 09:55:45,767 [IPC Server handler 17 on default port 15001] WARN  node.SCMNodeManager (SCMNodeManager.java:getNodesByAddress(1373)) - Cannot find node for address 127.0.0.1
2023-11-17 09:55:45,770 [IPC Server handler 19 on default port 15001] WARN  node.SCMNodeManager (SCMNodeManager.java:getNodesByAddress(1373)) - Cannot find node for address 127.0.0.1
]]></system-out>
  </testcase>
  <testcase name="testPutKeyWithEncryption(BucketLayout)[3]" classname="org.apache.hadoop.ozone.client.rpc.TestOzoneAtRestEncryption" time="0.21">
    <error type="org.apache.hadoop.hdds.scm.container.common.helpers.StorageContainerException"><![CDATA[org.apache.hadoop.hdds.scm.container.common.helpers.StorageContainerException: Unable to find the block with bcsID 3 .Container 6 bcsId is 1.
	at org.apache.hadoop.hdds.scm.storage.ContainerProtocolCalls.validateContainerResponse(ContainerProtocolCalls.java:674)
	at org.apache.hadoop.hdds.scm.storage.ContainerProtocolCalls.lambda$createValidators$4(ContainerProtocolCalls.java:685)
	at org.apache.hadoop.hdds.scm.XceiverClientGrpc.sendCommandWithRetry(XceiverClientGrpc.java:407)
	at org.apache.hadoop.hdds.scm.XceiverClientGrpc.lambda$sendCommandWithTraceIDAndRetry$0(XceiverClientGrpc.java:347)
	at org.apache.hadoop.hdds.tracing.TracingUtil.executeInSpan(TracingUtil.java:169)
	at org.apache.hadoop.hdds.tracing.TracingUtil.executeInNewSpan(TracingUtil.java:149)
	at org.apache.hadoop.hdds.scm.XceiverClientGrpc.sendCommandWithTraceIDAndRetry(XceiverClientGrpc.java:342)
	at org.apache.hadoop.hdds.scm.XceiverClientGrpc.sendCommand(XceiverClientGrpc.java:323)
	at org.apache.hadoop.hdds.scm.storage.ContainerProtocolCalls.getBlock(ContainerProtocolCalls.java:208)
	at org.apache.hadoop.hdds.scm.storage.ContainerProtocolCalls.lambda$getBlock$0(ContainerProtocolCalls.java:186)
	at org.apache.hadoop.hdds.scm.storage.ContainerProtocolCalls.tryEachDatanode(ContainerProtocolCalls.java:146)
	at org.apache.hadoop.hdds.scm.storage.ContainerProtocolCalls.getBlock(ContainerProtocolCalls.java:185)
	at org.apache.hadoop.hdds.scm.storage.BlockInputStream.getChunkInfos(BlockInputStream.java:261)
	at org.apache.hadoop.hdds.scm.storage.BlockInputStream.initialize(BlockInputStream.java:146)
	at org.apache.hadoop.hdds.scm.storage.BlockInputStream.readWithStrategy(BlockInputStream.java:314)
	at org.apache.hadoop.hdds.scm.storage.ExtendedInputStream.read(ExtendedInputStream.java:66)
	at org.apache.hadoop.hdds.scm.storage.ByteBufferReader.readFromBlock(ByteBufferReader.java:56)
	at org.apache.hadoop.hdds.scm.storage.MultipartInputStream.readWithStrategy(MultipartInputStream.java:96)
	at org.apache.hadoop.hdds.scm.storage.ExtendedInputStream.read(ExtendedInputStream.java:66)
	at org.apache.hadoop.crypto.CryptoInputStream.read(CryptoInputStream.java:189)
	at org.apache.hadoop.ozone.client.io.OzoneInputStream.read(OzoneInputStream.java:56)
	at java.io.InputStream.read(InputStream.java:101)
	at org.apache.hadoop.ozone.client.rpc.TestOzoneAtRestEncryption.verifyKeyData(TestOzoneAtRestEncryption.java:269)
	at org.apache.hadoop.ozone.client.rpc.TestOzoneAtRestEncryption.createAndVerifyStreamKeyData(TestOzoneAtRestEncryption.java:238)
	at org.apache.hadoop.ozone.client.rpc.TestOzoneAtRestEncryption.testPutKeyWithEncryption(TestOzoneAtRestEncryption.java:205)
	at sun.reflect.NativeMethodAccessorImpl.invoke0(Native Method)
	at sun.reflect.NativeMethodAccessorImpl.invoke(NativeMethodAccessorImpl.java:62)
	at sun.reflect.DelegatingMethodAccessorImpl.invoke(DelegatingMethodAccessorImpl.java:43)
	at java.lang.reflect.Method.invoke(Method.java:498)
	at org.junit.platform.commons.util.ReflectionUtils.invokeMethod(ReflectionUtils.java:725)
	at org.junit.jupiter.engine.execution.MethodInvocation.proceed(MethodInvocation.java:60)
	at org.junit.jupiter.engine.execution.InvocationInterceptorChain$ValidatingInvocation.proceed(InvocationInterceptorChain.java:131)
	at org.junit.jupiter.engine.extension.TimeoutExtension.intercept(TimeoutExtension.java:149)
	at org.junit.jupiter.engine.extension.TimeoutExtension.interceptTestableMethod(TimeoutExtension.java:140)
	at org.junit.jupiter.engine.extension.TimeoutExtension.interceptTestTemplateMethod(TimeoutExtension.java:92)
	at org.junit.jupiter.engine.execution.ExecutableInvoker$ReflectiveInterceptorCall.lambda$ofVoidMethod$0(ExecutableInvoker.java:115)
	at org.junit.jupiter.engine.execution.ExecutableInvoker.lambda$invoke$0(ExecutableInvoker.java:105)
	at org.junit.jupiter.engine.execution.InvocationInterceptorChain$InterceptedInvocation.proceed(InvocationInterceptorChain.java:106)
	at org.junit.jupiter.engine.execution.InvocationInterceptorChain.proceed(InvocationInterceptorChain.java:64)
	at org.junit.jupiter.engine.execution.InvocationInterceptorChain.chainAndInvoke(InvocationInterceptorChain.java:45)
	at org.junit.jupiter.engine.execution.InvocationInterceptorChain.invoke(InvocationInterceptorChain.java:37)
	at org.junit.jupiter.engine.execution.ExecutableInvoker.invoke(ExecutableInvoker.java:104)
	at org.junit.jupiter.engine.execution.ExecutableInvoker.invoke(ExecutableInvoker.java:98)
	at org.junit.jupiter.engine.descriptor.TestMethodTestDescriptor.lambda$invokeTestMethod$7(TestMethodTestDescriptor.java:214)
	at org.junit.platform.engine.support.hierarchical.ThrowableCollector.execute(ThrowableCollector.java:73)
	at org.junit.jupiter.engine.descriptor.TestMethodTestDescriptor.invokeTestMethod(TestMethodTestDescriptor.java:210)
	at org.junit.jupiter.engine.descriptor.TestMethodTestDescriptor.execute(TestMethodTestDescriptor.java:135)
	at org.junit.jupiter.engine.descriptor.TestMethodTestDescriptor.execute(TestMethodTestDescriptor.java:66)
	at org.junit.platform.engine.support.hierarchical.NodeTestTask.lambda$executeRecursively$6(NodeTestTask.java:151)
	at org.junit.platform.engine.support.hierarchical.ThrowableCollector.execute(ThrowableCollector.java:73)
	at org.junit.platform.engine.support.hierarchical.NodeTestTask.lambda$executeRecursively$8(NodeTestTask.java:141)
	at org.junit.platform.engine.support.hierarchical.Node.around(Node.java:137)
	at org.junit.platform.engine.support.hierarchical.NodeTestTask.lambda$executeRecursively$9(NodeTestTask.java:139)
	at org.junit.platform.engine.support.hierarchical.ThrowableCollector.execute(ThrowableCollector.java:73)
	at org.junit.platform.engine.support.hierarchical.NodeTestTask.executeRecursively(NodeTestTask.java:138)
	at org.junit.platform.engine.support.hierarchical.NodeTestTask.execute(NodeTestTask.java:95)
	at org.junit.platform.engine.support.hierarchical.SameThreadHierarchicalTestExecutorService.submit(SameThreadHierarchicalTestExecutorService.java:35)
	at org.junit.platform.engine.support.hierarchical.NodeTestTask$DefaultDynamicTestExecutor.execute(NodeTestTask.java:226)
	at org.junit.platform.engine.support.hierarchical.NodeTestTask$DefaultDynamicTestExecutor.execute(NodeTestTask.java:204)
	at org.junit.jupiter.engine.descriptor.TestTemplateTestDescriptor.execute(TestTemplateTestDescriptor.java:139)
	at org.junit.jupiter.engine.descriptor.TestTemplateTestDescriptor.lambda$execute$2(TestTemplateTestDescriptor.java:107)
	at java.util.stream.ForEachOps$ForEachOp$OfRef.accept(ForEachOps.java:183)
	at java.util.stream.ReferencePipeline$3$1.accept(ReferencePipeline.java:193)
	at java.util.stream.ReferencePipeline$2$1.accept(ReferencePipeline.java:175)
	at java.util.stream.ReferencePipeline$3$1.accept(ReferencePipeline.java:193)
	at java.util.stream.ForEachOps$ForEachOp$OfRef.accept(ForEachOps.java:183)
	at java.util.stream.ReferencePipeline$3$1.accept(ReferencePipeline.java:193)
	at java.util.stream.ReferencePipeline$3$1.accept(ReferencePipeline.java:193)
	at java.util.stream.ReferencePipeline$3$1.accept(ReferencePipeline.java:193)
	at java.util.stream.ForEachOps$ForEachOp$OfRef.accept(ForEachOps.java:183)
	at java.util.stream.ReferencePipeline$3$1.accept(ReferencePipeline.java:193)
	at java.util.Iterator.forEachRemaining(Iterator.java:116)
	at java.util.Spliterators$IteratorSpliterator.forEachRemaining(Spliterators.java:1801)
	at java.util.stream.AbstractPipeline.copyInto(AbstractPipeline.java:482)
	at java.util.stream.AbstractPipeline.wrapAndCopyInto(AbstractPipeline.java:472)
	at java.util.stream.ForEachOps$ForEachOp.evaluateSequential(ForEachOps.java:150)
	at java.util.stream.ForEachOps$ForEachOp$OfRef.evaluateSequential(ForEachOps.java:173)
	at java.util.stream.AbstractPipeline.evaluate(AbstractPipeline.java:234)
	at java.util.stream.ReferencePipeline.forEach(ReferencePipeline.java:485)
	at java.util.stream.ReferencePipeline$7$1.accept(ReferencePipeline.java:272)
	at java.util.stream.ReferencePipeline$3$1.accept(ReferencePipeline.java:193)
	at java.util.stream.ReferencePipeline$3$1.accept(ReferencePipeline.java:193)
	at java.util.stream.ReferencePipeline$3$1.accept(ReferencePipeline.java:193)
	at java.util.ArrayList$ArrayListSpliterator.forEachRemaining(ArrayList.java:1384)
	at java.util.stream.AbstractPipeline.copyInto(AbstractPipeline.java:482)
	at java.util.stream.AbstractPipeline.wrapAndCopyInto(AbstractPipeline.java:472)
	at java.util.stream.ForEachOps$ForEachOp.evaluateSequential(ForEachOps.java:150)
	at java.util.stream.ForEachOps$ForEachOp$OfRef.evaluateSequential(ForEachOps.java:173)
	at java.util.stream.AbstractPipeline.evaluate(AbstractPipeline.java:234)
	at java.util.stream.ReferencePipeline.forEach(ReferencePipeline.java:485)
	at java.util.stream.ReferencePipeline$7$1.accept(ReferencePipeline.java:272)
	at java.util.ArrayList$ArrayListSpliterator.forEachRemaining(ArrayList.java:1384)
	at java.util.stream.AbstractPipeline.copyInto(AbstractPipeline.java:482)
	at java.util.stream.AbstractPipeline.wrapAndCopyInto(AbstractPipeline.java:472)
	at java.util.stream.ForEachOps$ForEachOp.evaluateSequential(ForEachOps.java:150)
	at java.util.stream.ForEachOps$ForEachOp$OfRef.evaluateSequential(ForEachOps.java:173)
	at java.util.stream.AbstractPipeline.evaluate(AbstractPipeline.java:234)
	at java.util.stream.ReferencePipeline.forEach(ReferencePipeline.java:485)
	at org.junit.jupiter.engine.descriptor.TestTemplateTestDescriptor.execute(TestTemplateTestDescriptor.java:107)
	at org.junit.jupiter.engine.descriptor.TestTemplateTestDescriptor.execute(TestTemplateTestDescriptor.java:42)
	at org.junit.platform.engine.support.hierarchical.NodeTestTask.lambda$executeRecursively$6(NodeTestTask.java:151)
	at org.junit.platform.engine.support.hierarchical.ThrowableCollector.execute(ThrowableCollector.java:73)
	at org.junit.platform.engine.support.hierarchical.NodeTestTask.lambda$executeRecursively$8(NodeTestTask.java:141)
	at org.junit.platform.engine.support.hierarchical.Node.around(Node.java:137)
	at org.junit.platform.engine.support.hierarchical.NodeTestTask.lambda$executeRecursively$9(NodeTestTask.java:139)
	at org.junit.platform.engine.support.hierarchical.ThrowableCollector.execute(ThrowableCollector.java:73)
	at org.junit.platform.engine.support.hierarchical.NodeTestTask.executeRecursively(NodeTestTask.java:138)
	at org.junit.platform.engine.support.hierarchical.NodeTestTask.execute(NodeTestTask.java:95)
	at java.util.ArrayList.forEach(ArrayList.java:1259)
	at org.junit.platform.engine.support.hierarchical.SameThreadHierarchicalTestExecutorService.invokeAll(SameThreadHierarchicalTestExecutorService.java:41)
	at org.junit.platform.engine.support.hierarchical.NodeTestTask.lambda$executeRecursively$6(NodeTestTask.java:155)
	at org.junit.platform.engine.support.hierarchical.ThrowableCollector.execute(ThrowableCollector.java:73)
	at org.junit.platform.engine.support.hierarchical.NodeTestTask.lambda$executeRecursively$8(NodeTestTask.java:141)
	at org.junit.platform.engine.support.hierarchical.Node.around(Node.java:137)
	at org.junit.platform.engine.support.hierarchical.NodeTestTask.lambda$executeRecursively$9(NodeTestTask.java:139)
	at org.junit.platform.engine.support.hierarchical.ThrowableCollector.execute(ThrowableCollector.java:73)
	at org.junit.platform.engine.support.hierarchical.NodeTestTask.executeRecursively(NodeTestTask.java:138)
	at org.junit.platform.engine.support.hierarchical.NodeTestTask.execute(NodeTestTask.java:95)
	at java.util.ArrayList.forEach(ArrayList.java:1259)
	at org.junit.platform.engine.support.hierarchical.SameThreadHierarchicalTestExecutorService.invokeAll(SameThreadHierarchicalTestExecutorService.java:41)
	at org.junit.platform.engine.support.hierarchical.NodeTestTask.lambda$executeRecursively$6(NodeTestTask.java:155)
	at org.junit.platform.engine.support.hierarchical.ThrowableCollector.execute(ThrowableCollector.java:73)
	at org.junit.platform.engine.support.hierarchical.NodeTestTask.lambda$executeRecursively$8(NodeTestTask.java:141)
	at org.junit.platform.engine.support.hierarchical.Node.around(Node.java:137)
	at org.junit.platform.engine.support.hierarchical.NodeTestTask.lambda$executeRecursively$9(NodeTestTask.java:139)
	at org.junit.platform.engine.support.hierarchical.ThrowableCollector.execute(ThrowableCollector.java:73)
	at org.junit.platform.engine.support.hierarchical.NodeTestTask.executeRecursively(NodeTestTask.java:138)
	at org.junit.platform.engine.support.hierarchical.NodeTestTask.execute(NodeTestTask.java:95)
	at org.junit.platform.engine.support.hierarchical.SameThreadHierarchicalTestExecutorService.submit(SameThreadHierarchicalTestExecutorService.java:35)
	at org.junit.platform.engine.support.hierarchical.HierarchicalTestExecutor.execute(HierarchicalTestExecutor.java:57)
	at org.junit.platform.engine.support.hierarchical.HierarchicalTestEngine.execute(HierarchicalTestEngine.java:54)
	at org.junit.platform.launcher.core.EngineExecutionOrchestrator.execute(EngineExecutionOrchestrator.java:107)
	at org.junit.platform.launcher.core.EngineExecutionOrchestrator.execute(EngineExecutionOrchestrator.java:88)
	at org.junit.platform.launcher.core.EngineExecutionOrchestrator.lambda$execute$0(EngineExecutionOrchestrator.java:54)
	at org.junit.platform.launcher.core.EngineExecutionOrchestrator.withInterceptedStreams(EngineExecutionOrchestrator.java:67)
	at org.junit.platform.launcher.core.EngineExecutionOrchestrator.execute(EngineExecutionOrchestrator.java:52)
	at org.junit.platform.launcher.core.DefaultLauncher.execute(DefaultLauncher.java:114)
	at org.junit.platform.launcher.core.DefaultLauncher.execute(DefaultLauncher.java:86)
	at org.junit.platform.launcher.core.DefaultLauncherSession$DelegatingLauncher.execute(DefaultLauncherSession.java:86)
	at org.junit.platform.launcher.core.SessionPerRequestLauncher.execute(SessionPerRequestLauncher.java:53)
	at org.apache.maven.surefire.junitplatform.JUnitPlatformProvider.execute(JUnitPlatformProvider.java:188)
	at org.apache.maven.surefire.junitplatform.JUnitPlatformProvider.invokeAllTests(JUnitPlatformProvider.java:154)
	at org.apache.maven.surefire.junitplatform.JUnitPlatformProvider.invoke(JUnitPlatformProvider.java:124)
	at org.apache.maven.surefire.booter.ForkedBooter.runSuitesInProcess(ForkedBooter.java:428)
	at org.apache.maven.surefire.booter.ForkedBooter.execute(ForkedBooter.java:162)
	at org.apache.maven.surefire.booter.ForkedBooter.run(ForkedBooter.java:562)
	at org.apache.maven.surefire.booter.ForkedBooter.main(ForkedBooter.java:548)
]]></error>
    <system-out><![CDATA[2023-11-17 09:55:45,799 [main] INFO  rpc.RpcClient (RpcClient.java:createVolume(464)) - Creating Volume: 9396f8ed-71ac-47f3-b28c-63d0fe08d677, with runner as owner and space quota set to -1 bytes, counts quota set to -1
2023-11-17 09:55:45,802 [om1-OMStateMachineApplyTransactionThread - 0] INFO  volume.OMVolumeCreateRequest (OMVolumeCreateRequest.java:validateAndUpdateCache(197)) - created volume:9396f8ed-71ac-47f3-b28c-63d0fe08d677 for user:runner
2023-11-17 09:55:45,804 [main] INFO  rpc.RpcClient (RpcClient.java:createBucket(691)) - Creating Bucket: 9396f8ed-71ac-47f3-b28c-63d0fe08d677/9c8d6d03-1386-4917-80e7-3a7d50bf2a49, with bucket layout LEGACY, runner as owner, Versioning false, Storage Type set to DISK and Encryption set to true, Replication Type set to server-side default replication type, Namespace Quota set to -1, Space Quota set to -1 
2023-11-17 09:55:45,807 [qtp149818403-24] INFO  kms-audit (SimpleKMSAuditLogger.java:logAuditSimpleFormat(93)) - OK[op=GET_METADATA, key=key1, user=runner] 
2023-11-17 09:55:45,809 [om1-OMStateMachineApplyTransactionThread - 0] INFO  bucket.OMBucketCreateRequest (OMBucketCreateRequest.java:validateAndUpdateCache(271)) - created bucket: 9c8d6d03-1386-4917-80e7-3a7d50bf2a49 of layout LEGACY in volume: 9396f8ed-71ac-47f3-b28c-63d0fe08d677
2023-11-17 09:55:45,862 [IPC Server handler 16 on default port 15001] WARN  node.SCMNodeManager (SCMNodeManager.java:getNodesByAddress(1373)) - Cannot find node for address 127.0.0.1
2023-11-17 09:55:45,866 [IPC Server handler 1 on default port 15001] WARN  node.SCMNodeManager (SCMNodeManager.java:getNodesByAddress(1373)) - Cannot find node for address 127.0.0.1
2023-11-17 09:55:45,905 [main] INFO  client.DataStreamClient (ConfUtils.java:logGet(46)) - raft.datastream.type = NETTY (custom)
2023-11-17 09:55:45,905 [main] INFO  netty.NettyConfigKeys$DataStream (ConfUtils.java:logGet(46)) - raft.netty.dataStream.client.tls.conf = null (default)
2023-11-17 09:55:45,905 [main] INFO  netty.NettyConfigKeys$DataStream (ConfUtils.java:logGet(46)) - raft.netty.dataStream.client.reply.queue.grace-period = 1s (default)
2023-11-17 09:55:45,906 [main] INFO  netty.NettyConfigKeys$DataStream (ConfUtils.java:logGet(46)) - raft.netty.dataStream.client.worker-group.share = false (default)
2023-11-17 09:55:45,906 [main] INFO  netty.NettyConfigKeys$DataStream (ConfUtils.java:logGet(46)) - raft.netty.dataStream.client.worker-group.size = 8 (default)
2023-11-17 09:55:45,908 [a7578bdd-9139-4946-a78d-cc7981f76fa8-NettyServerStreamRpc-bossGroup--thread1] INFO  logging.LoggingHandler (AbstractInternalLogger.java:log(148)) - [id: 0xe7c2438d, L:/0:0:0:0:0:0:0:0:15078] READ: [id: 0xfe12d0fe, L:/10.1.0.9:15078 - R:/10.1.0.9:36758]
2023-11-17 09:55:45,908 [a7578bdd-9139-4946-a78d-cc7981f76fa8-NettyServerStreamRpc-bossGroup--thread1] INFO  logging.LoggingHandler (AbstractInternalLogger.java:log(148)) - [id: 0xe7c2438d, L:/0:0:0:0:0:0:0:0:15078] READ COMPLETE
2023-11-17 09:55:45,952 [IPC Server handler 15 on default port 15001] WARN  node.SCMNodeManager (SCMNodeManager.java:getNodesByAddress(1373)) - Cannot find node for address 127.0.0.1
2023-11-17 09:55:45,955 [IPC Server handler 14 on default port 15001] WARN  node.SCMNodeManager (SCMNodeManager.java:getNodesByAddress(1373)) - Cannot find node for address 127.0.0.1
2023-11-17 09:55:45,964 [a7578bdd-9139-4946-a78d-cc7981f76fa8-ChunkReader-1] WARN  keyvalue.KeyValueHandler (ContainerUtils.java:logAndReturnError(97)) - Operation: GetBlock , Trace ID:  , Message: Unable to find the block with bcsID 3 .Container 6 bcsId is 1. , Result: UNKNOWN_BCSID , StorageContainerException Occurred.
org.apache.hadoop.hdds.scm.container.common.helpers.StorageContainerException: Unable to find the block with bcsID 3 .Container 6 bcsId is 1.
	at org.apache.hadoop.ozone.container.keyvalue.impl.BlockManagerImpl.getBlock(BlockManagerImpl.java:232)
	at org.apache.hadoop.ozone.container.keyvalue.KeyValueHandler.handleGetBlock(KeyValueHandler.java:585)
	at org.apache.hadoop.ozone.container.keyvalue.KeyValueHandler.dispatchRequest(KeyValueHandler.java:254)
	at org.apache.hadoop.ozone.container.keyvalue.KeyValueHandler.handle(KeyValueHandler.java:223)
	at org.apache.hadoop.ozone.container.common.impl.HddsDispatcher.dispatchRequest(HddsDispatcher.java:326)
	at org.apache.hadoop.ozone.container.common.impl.HddsDispatcher.lambda$dispatch$0(HddsDispatcher.java:179)
	at org.apache.hadoop.hdds.server.OzoneProtocolMessageDispatcher.processRequest(OzoneProtocolMessageDispatcher.java:89)
	at org.apache.hadoop.ozone.container.common.impl.HddsDispatcher.dispatch(HddsDispatcher.java:178)
	at org.apache.hadoop.ozone.container.common.transport.server.GrpcXceiverService$1.onNext(GrpcXceiverService.java:57)
	at org.apache.hadoop.ozone.container.common.transport.server.GrpcXceiverService$1.onNext(GrpcXceiverService.java:50)
	at org.apache.ratis.thirdparty.io.grpc.stub.ServerCalls$StreamingServerCallHandler$StreamingServerCallListener.onMessage(ServerCalls.java:262)
	at org.apache.ratis.thirdparty.io.grpc.ForwardingServerCallListener.onMessage(ForwardingServerCallListener.java:33)
	at org.apache.hadoop.hdds.tracing.GrpcServerInterceptor$1.onMessage(GrpcServerInterceptor.java:49)
	at org.apache.ratis.thirdparty.io.grpc.internal.ServerCallImpl$ServerStreamListenerImpl.messagesAvailableInternal(ServerCallImpl.java:333)
	at org.apache.ratis.thirdparty.io.grpc.internal.ServerCallImpl$ServerStreamListenerImpl.messagesAvailable(ServerCallImpl.java:316)
	at org.apache.ratis.thirdparty.io.grpc.internal.ServerImpl$JumpToApplicationThreadServerStreamListener$1MessagesAvailable.runInContext(ServerImpl.java:835)
	at org.apache.ratis.thirdparty.io.grpc.internal.ContextRunnable.run(ContextRunnable.java:37)
	at org.apache.ratis.thirdparty.io.grpc.internal.SerializingExecutor.run(SerializingExecutor.java:133)
	at java.util.concurrent.ThreadPoolExecutor.runWorker(ThreadPoolExecutor.java:1149)
	at java.util.concurrent.ThreadPoolExecutor$Worker.run(ThreadPoolExecutor.java:624)
	at java.lang.Thread.run(Thread.java:750)
09:55:45.978 [a7578bdd-9139-4946-a78d-cc7981f76fa8-ChunkReader-1] ERROR DNAudit - user=null | ip=null | op=GET_BLOCK {blockData=conID: 6 locID: 111677748019200006 bcsId: 3} | ret=FAILURE
java.lang.Exception: Unable to find the block with bcsID 3 .Container 6 bcsId is 1.
	at org.apache.hadoop.ozone.container.common.impl.HddsDispatcher.dispatchRequest(HddsDispatcher.java:400) ~[hdds-container-service-1.4.0-SNAPSHOT.jar:?]
	at org.apache.hadoop.ozone.container.common.impl.HddsDispatcher.lambda$dispatch$0(HddsDispatcher.java:179) ~[hdds-container-service-1.4.0-SNAPSHOT.jar:?]
	at org.apache.hadoop.hdds.server.OzoneProtocolMessageDispatcher.processRequest(OzoneProtocolMessageDispatcher.java:89) [hdds-server-framework-1.4.0-SNAPSHOT.jar:?]
	at org.apache.hadoop.ozone.container.common.impl.HddsDispatcher.dispatch(HddsDispatcher.java:178) [hdds-container-service-1.4.0-SNAPSHOT.jar:?]
	at org.apache.hadoop.ozone.container.common.transport.server.GrpcXceiverService$1.onNext(GrpcXceiverService.java:57) [hdds-container-service-1.4.0-SNAPSHOT.jar:?]
	at org.apache.hadoop.ozone.container.common.transport.server.GrpcXceiverService$1.onNext(GrpcXceiverService.java:50) [hdds-container-service-1.4.0-SNAPSHOT.jar:?]
	at org.apache.ratis.thirdparty.io.grpc.stub.ServerCalls$StreamingServerCallHandler$StreamingServerCallListener.onMessage(ServerCalls.java:262) [ratis-thirdparty-misc-1.0.4.jar:1.0.4]
	at org.apache.ratis.thirdparty.io.grpc.ForwardingServerCallListener.onMessage(ForwardingServerCallListener.java:33) [ratis-thirdparty-misc-1.0.4.jar:1.0.4]
	at org.apache.hadoop.hdds.tracing.GrpcServerInterceptor$1.onMessage(GrpcServerInterceptor.java:49) [hdds-common-1.4.0-SNAPSHOT.jar:?]
	at org.apache.ratis.thirdparty.io.grpc.internal.ServerCallImpl$ServerStreamListenerImpl.messagesAvailableInternal(ServerCallImpl.java:333) [ratis-thirdparty-misc-1.0.4.jar:1.0.4]
	at org.apache.ratis.thirdparty.io.grpc.internal.ServerCallImpl$ServerStreamListenerImpl.messagesAvailable(ServerCallImpl.java:316) [ratis-thirdparty-misc-1.0.4.jar:1.0.4]
	at org.apache.ratis.thirdparty.io.grpc.internal.ServerImpl$JumpToApplicationThreadServerStreamListener$1MessagesAvailable.runInContext(ServerImpl.java:835) [ratis-thirdparty-misc-1.0.4.jar:1.0.4]
	at org.apache.ratis.thirdparty.io.grpc.internal.ContextRunnable.run(ContextRunnable.java:37) [ratis-thirdparty-misc-1.0.4.jar:1.0.4]
	at org.apache.ratis.thirdparty.io.grpc.internal.SerializingExecutor.run(SerializingExecutor.java:133) [ratis-thirdparty-misc-1.0.4.jar:1.0.4]
	at java.util.concurrent.ThreadPoolExecutor.runWorker(ThreadPoolExecutor.java:1149) [?:1.8.0_382]
	at java.util.concurrent.ThreadPoolExecutor$Worker.run(ThreadPoolExecutor.java:624) [?:1.8.0_382]
	at java.lang.Thread.run(Thread.java:750) [?:1.8.0_382]
2023-11-17 09:55:45,986 [main] ERROR scm.XceiverClientGrpc (XceiverClientGrpc.java:sendCommandWithRetry(450)) - Failed to execute command GetBlock on the pipeline Pipeline[ Id: db99a577-c343-4c5d-a962-02e4ab4f7b05, Nodes: a7578bdd-9139-4946-a78d-cc7981f76fa8(fv-az1021-556/10.1.0.9), ReplicationConfig: STANDALONE/ONE, State:OPEN, leaderId:a7578bdd-9139-4946-a78d-cc7981f76fa8, CreationTimestamp2023-11-17T09:55:35.053Z[Etc/UTC]].
2023-11-17 09:55:45,987 [main] INFO  storage.BlockInputStream (BlockInputStream.java:refreshBlockInfo(205)) - Unable to read information for block conID: 6 locID: 111677748019200006 bcsId: 3 from pipeline PipelineID=db99a577-c343-4c5d-a962-02e4ab4f7b05: Unable to find the block with bcsID 3 .Container 6 bcsId is 1.
2023-11-17 09:55:45,990 [IPC Server handler 13 on default port 15001] WARN  node.SCMNodeManager (SCMNodeManager.java:getNodesByAddress(1373)) - Cannot find node for address 127.0.0.1
2023-11-17 09:55:45,994 [a7578bdd-9139-4946-a78d-cc7981f76fa8-ChunkReader-4] WARN  keyvalue.KeyValueHandler (ContainerUtils.java:logAndReturnError(97)) - Operation: GetBlock , Trace ID:  , Message: Unable to find the block with bcsID 3 .Container 6 bcsId is 1. , Result: UNKNOWN_BCSID , StorageContainerException Occurred.
org.apache.hadoop.hdds.scm.container.common.helpers.StorageContainerException: Unable to find the block with bcsID 3 .Container 6 bcsId is 1.
	at org.apache.hadoop.ozone.container.keyvalue.impl.BlockManagerImpl.getBlock(BlockManagerImpl.java:232)
	at org.apache.hadoop.ozone.container.keyvalue.KeyValueHandler.handleGetBlock(KeyValueHandler.java:585)
	at org.apache.hadoop.ozone.container.keyvalue.KeyValueHandler.dispatchRequest(KeyValueHandler.java:254)
	at org.apache.hadoop.ozone.container.keyvalue.KeyValueHandler.handle(KeyValueHandler.java:223)
	at org.apache.hadoop.ozone.container.common.impl.HddsDispatcher.dispatchRequest(HddsDispatcher.java:326)
	at org.apache.hadoop.ozone.container.common.impl.HddsDispatcher.lambda$dispatch$0(HddsDispatcher.java:179)
	at org.apache.hadoop.hdds.server.OzoneProtocolMessageDispatcher.processRequest(OzoneProtocolMessageDispatcher.java:89)
	at org.apache.hadoop.ozone.container.common.impl.HddsDispatcher.dispatch(HddsDispatcher.java:178)
	at org.apache.hadoop.ozone.container.common.transport.server.GrpcXceiverService$1.onNext(GrpcXceiverService.java:57)
	at org.apache.hadoop.ozone.container.common.transport.server.GrpcXceiverService$1.onNext(GrpcXceiverService.java:50)
	at org.apache.ratis.thirdparty.io.grpc.stub.ServerCalls$StreamingServerCallHandler$StreamingServerCallListener.onMessage(ServerCalls.java:262)
	at org.apache.ratis.thirdparty.io.grpc.ForwardingServerCallListener.onMessage(ForwardingServerCallListener.java:33)
	at org.apache.hadoop.hdds.tracing.GrpcServerInterceptor$1.onMessage(GrpcServerInterceptor.java:49)
	at org.apache.ratis.thirdparty.io.grpc.internal.ServerCallImpl$ServerStreamListenerImpl.messagesAvailableInternal(ServerCallImpl.java:333)
	at org.apache.ratis.thirdparty.io.grpc.internal.ServerCallImpl$ServerStreamListenerImpl.messagesAvailable(ServerCallImpl.java:316)
	at org.apache.ratis.thirdparty.io.grpc.internal.ServerImpl$JumpToApplicationThreadServerStreamListener$1MessagesAvailable.runInContext(ServerImpl.java:835)
	at org.apache.ratis.thirdparty.io.grpc.internal.ContextRunnable.run(ContextRunnable.java:37)
	at org.apache.ratis.thirdparty.io.grpc.internal.SerializingExecutor.run(SerializingExecutor.java:133)
	at java.util.concurrent.ThreadPoolExecutor.runWorker(ThreadPoolExecutor.java:1149)
	at java.util.concurrent.ThreadPoolExecutor$Worker.run(ThreadPoolExecutor.java:624)
	at java.lang.Thread.run(Thread.java:750)
09:55:45.994 [a7578bdd-9139-4946-a78d-cc7981f76fa8-ChunkReader-4] ERROR DNAudit - user=null | ip=null | op=GET_BLOCK {blockData=conID: 6 locID: 111677748019200006 bcsId: 3} | ret=FAILURE
java.lang.Exception: Unable to find the block with bcsID 3 .Container 6 bcsId is 1.
	at org.apache.hadoop.ozone.container.common.impl.HddsDispatcher.dispatchRequest(HddsDispatcher.java:400) ~[hdds-container-service-1.4.0-SNAPSHOT.jar:?]
	at org.apache.hadoop.ozone.container.common.impl.HddsDispatcher.lambda$dispatch$0(HddsDispatcher.java:179) ~[hdds-container-service-1.4.0-SNAPSHOT.jar:?]
	at org.apache.hadoop.hdds.server.OzoneProtocolMessageDispatcher.processRequest(OzoneProtocolMessageDispatcher.java:89) [hdds-server-framework-1.4.0-SNAPSHOT.jar:?]
	at org.apache.hadoop.ozone.container.common.impl.HddsDispatcher.dispatch(HddsDispatcher.java:178) [hdds-container-service-1.4.0-SNAPSHOT.jar:?]
	at org.apache.hadoop.ozone.container.common.transport.server.GrpcXceiverService$1.onNext(GrpcXceiverService.java:57) [hdds-container-service-1.4.0-SNAPSHOT.jar:?]
	at org.apache.hadoop.ozone.container.common.transport.server.GrpcXceiverService$1.onNext(GrpcXceiverService.java:50) [hdds-container-service-1.4.0-SNAPSHOT.jar:?]
	at org.apache.ratis.thirdparty.io.grpc.stub.ServerCalls$StreamingServerCallHandler$StreamingServerCallListener.onMessage(ServerCalls.java:262) [ratis-thirdparty-misc-1.0.4.jar:1.0.4]
	at org.apache.ratis.thirdparty.io.grpc.ForwardingServerCallListener.onMessage(ForwardingServerCallListener.java:33) [ratis-thirdparty-misc-1.0.4.jar:1.0.4]
	at org.apache.hadoop.hdds.tracing.GrpcServerInterceptor$1.onMessage(GrpcServerInterceptor.java:49) [hdds-common-1.4.0-SNAPSHOT.jar:?]
	at org.apache.ratis.thirdparty.io.grpc.internal.ServerCallImpl$ServerStreamListenerImpl.messagesAvailableInternal(ServerCallImpl.java:333) [ratis-thirdparty-misc-1.0.4.jar:1.0.4]
	at org.apache.ratis.thirdparty.io.grpc.internal.ServerCallImpl$ServerStreamListenerImpl.messagesAvailable(ServerCallImpl.java:316) [ratis-thirdparty-misc-1.0.4.jar:1.0.4]
	at org.apache.ratis.thirdparty.io.grpc.internal.ServerImpl$JumpToApplicationThreadServerStreamListener$1MessagesAvailable.runInContext(ServerImpl.java:835) [ratis-thirdparty-misc-1.0.4.jar:1.0.4]
	at org.apache.ratis.thirdparty.io.grpc.internal.ContextRunnable.run(ContextRunnable.java:37) [ratis-thirdparty-misc-1.0.4.jar:1.0.4]
	at org.apache.ratis.thirdparty.io.grpc.internal.SerializingExecutor.run(SerializingExecutor.java:133) [ratis-thirdparty-misc-1.0.4.jar:1.0.4]
	at java.util.concurrent.ThreadPoolExecutor.runWorker(ThreadPoolExecutor.java:1149) [?:1.8.0_382]
	at java.util.concurrent.ThreadPoolExecutor$Worker.run(ThreadPoolExecutor.java:624) [?:1.8.0_382]
	at java.lang.Thread.run(Thread.java:750) [?:1.8.0_382]
2023-11-17 09:55:45,995 [main] ERROR scm.XceiverClientGrpc (XceiverClientGrpc.java:sendCommandWithRetry(450)) - Failed to execute command GetBlock on the pipeline Pipeline[ Id: db99a577-c343-4c5d-a962-02e4ab4f7b05, Nodes: a7578bdd-9139-4946-a78d-cc7981f76fa8(fv-az1021-556/10.1.0.9), ReplicationConfig: STANDALONE/ONE, State:OPEN, leaderId:a7578bdd-9139-4946-a78d-cc7981f76fa8, CreationTimestamp2023-11-17T09:55:35.053Z[Etc/UTC]].
2023-11-17 09:55:45,995 [main] INFO  storage.BlockInputStream (BlockInputStream.java:refreshBlockInfo(205)) - Unable to read information for block conID: 6 locID: 111677748019200006 bcsId: 3 from pipeline PipelineID=db99a577-c343-4c5d-a962-02e4ab4f7b05: Unable to find the block with bcsID 3 .Container 6 bcsId is 1.
2023-11-17 09:55:45,998 [IPC Server handler 12 on default port 15001] WARN  node.SCMNodeManager (SCMNodeManager.java:getNodesByAddress(1373)) - Cannot find node for address 127.0.0.1
2023-11-17 09:55:46,001 [a7578bdd-9139-4946-a78d-cc7981f76fa8-ChunkReader-7] WARN  keyvalue.KeyValueHandler (ContainerUtils.java:logAndReturnError(97)) - Operation: GetBlock , Trace ID:  , Message: Unable to find the block with bcsID 3 .Container 6 bcsId is 1. , Result: UNKNOWN_BCSID , StorageContainerException Occurred.
org.apache.hadoop.hdds.scm.container.common.helpers.StorageContainerException: Unable to find the block with bcsID 3 .Container 6 bcsId is 1.
	at org.apache.hadoop.ozone.container.keyvalue.impl.BlockManagerImpl.getBlock(BlockManagerImpl.java:232)
	at org.apache.hadoop.ozone.container.keyvalue.KeyValueHandler.handleGetBlock(KeyValueHandler.java:585)
	at org.apache.hadoop.ozone.container.keyvalue.KeyValueHandler.dispatchRequest(KeyValueHandler.java:254)
	at org.apache.hadoop.ozone.container.keyvalue.KeyValueHandler.handle(KeyValueHandler.java:223)
	at org.apache.hadoop.ozone.container.common.impl.HddsDispatcher.dispatchRequest(HddsDispatcher.java:326)
	at org.apache.hadoop.ozone.container.common.impl.HddsDispatcher.lambda$dispatch$0(HddsDispatcher.java:179)
	at org.apache.hadoop.hdds.server.OzoneProtocolMessageDispatcher.processRequest(OzoneProtocolMessageDispatcher.java:89)
	at org.apache.hadoop.ozone.container.common.impl.HddsDispatcher.dispatch(HddsDispatcher.java:178)
	at org.apache.hadoop.ozone.container.common.transport.server.GrpcXceiverService$1.onNext(GrpcXceiverService.java:57)
	at org.apache.hadoop.ozone.container.common.transport.server.GrpcXceiverService$1.onNext(GrpcXceiverService.java:50)
	at org.apache.ratis.thirdparty.io.grpc.stub.ServerCalls$StreamingServerCallHandler$StreamingServerCallListener.onMessage(ServerCalls.java:262)
	at org.apache.ratis.thirdparty.io.grpc.ForwardingServerCallListener.onMessage(ForwardingServerCallListener.java:33)
	at org.apache.hadoop.hdds.tracing.GrpcServerInterceptor$1.onMessage(GrpcServerInterceptor.java:49)
	at org.apache.ratis.thirdparty.io.grpc.internal.ServerCallImpl$ServerStreamListenerImpl.messagesAvailableInternal(ServerCallImpl.java:333)
	at org.apache.ratis.thirdparty.io.grpc.internal.ServerCallImpl$ServerStreamListenerImpl.messagesAvailable(ServerCallImpl.java:316)
	at org.apache.ratis.thirdparty.io.grpc.internal.ServerImpl$JumpToApplicationThreadServerStreamListener$1MessagesAvailable.runInContext(ServerImpl.java:835)
	at org.apache.ratis.thirdparty.io.grpc.internal.ContextRunnable.run(ContextRunnable.java:37)
	at org.apache.ratis.thirdparty.io.grpc.internal.SerializingExecutor.run(SerializingExecutor.java:133)
	at java.util.concurrent.ThreadPoolExecutor.runWorker(ThreadPoolExecutor.java:1149)
	at java.util.concurrent.ThreadPoolExecutor$Worker.run(ThreadPoolExecutor.java:624)
	at java.lang.Thread.run(Thread.java:750)
09:55:46.001 [a7578bdd-9139-4946-a78d-cc7981f76fa8-ChunkReader-7] ERROR DNAudit - user=null | ip=null | op=GET_BLOCK {blockData=conID: 6 locID: 111677748019200006 bcsId: 3} | ret=FAILURE
java.lang.Exception: Unable to find the block with bcsID 3 .Container 6 bcsId is 1.
	at org.apache.hadoop.ozone.container.common.impl.HddsDispatcher.dispatchRequest(HddsDispatcher.java:400) ~[hdds-container-service-1.4.0-SNAPSHOT.jar:?]
	at org.apache.hadoop.ozone.container.common.impl.HddsDispatcher.lambda$dispatch$0(HddsDispatcher.java:179) ~[hdds-container-service-1.4.0-SNAPSHOT.jar:?]
	at org.apache.hadoop.hdds.server.OzoneProtocolMessageDispatcher.processRequest(OzoneProtocolMessageDispatcher.java:89) [hdds-server-framework-1.4.0-SNAPSHOT.jar:?]
	at org.apache.hadoop.ozone.container.common.impl.HddsDispatcher.dispatch(HddsDispatcher.java:178) [hdds-container-service-1.4.0-SNAPSHOT.jar:?]
	at org.apache.hadoop.ozone.container.common.transport.server.GrpcXceiverService$1.onNext(GrpcXceiverService.java:57) [hdds-container-service-1.4.0-SNAPSHOT.jar:?]
	at org.apache.hadoop.ozone.container.common.transport.server.GrpcXceiverService$1.onNext(GrpcXceiverService.java:50) [hdds-container-service-1.4.0-SNAPSHOT.jar:?]
	at org.apache.ratis.thirdparty.io.grpc.stub.ServerCalls$StreamingServerCallHandler$StreamingServerCallListener.onMessage(ServerCalls.java:262) [ratis-thirdparty-misc-1.0.4.jar:1.0.4]
	at org.apache.ratis.thirdparty.io.grpc.ForwardingServerCallListener.onMessage(ForwardingServerCallListener.java:33) [ratis-thirdparty-misc-1.0.4.jar:1.0.4]
	at org.apache.hadoop.hdds.tracing.GrpcServerInterceptor$1.onMessage(GrpcServerInterceptor.java:49) [hdds-common-1.4.0-SNAPSHOT.jar:?]
	at org.apache.ratis.thirdparty.io.grpc.internal.ServerCallImpl$ServerStreamListenerImpl.messagesAvailableInternal(ServerCallImpl.java:333) [ratis-thirdparty-misc-1.0.4.jar:1.0.4]
	at org.apache.ratis.thirdparty.io.grpc.internal.ServerCallImpl$ServerStreamListenerImpl.messagesAvailable(ServerCallImpl.java:316) [ratis-thirdparty-misc-1.0.4.jar:1.0.4]
	at org.apache.ratis.thirdparty.io.grpc.internal.ServerImpl$JumpToApplicationThreadServerStreamListener$1MessagesAvailable.runInContext(ServerImpl.java:835) [ratis-thirdparty-misc-1.0.4.jar:1.0.4]
	at org.apache.ratis.thirdparty.io.grpc.internal.ContextRunnable.run(ContextRunnable.java:37) [ratis-thirdparty-misc-1.0.4.jar:1.0.4]
	at org.apache.ratis.thirdparty.io.grpc.internal.SerializingExecutor.run(SerializingExecutor.java:133) [ratis-thirdparty-misc-1.0.4.jar:1.0.4]
	at java.util.concurrent.ThreadPoolExecutor.runWorker(ThreadPoolExecutor.java:1149) [?:1.8.0_382]
	at java.util.concurrent.ThreadPoolExecutor$Worker.run(ThreadPoolExecutor.java:624) [?:1.8.0_382]
	at java.lang.Thread.run(Thread.java:750) [?:1.8.0_382]
2023-11-17 09:55:46,002 [main] ERROR scm.XceiverClientGrpc (XceiverClientGrpc.java:sendCommandWithRetry(450)) - Failed to execute command GetBlock on the pipeline Pipeline[ Id: db99a577-c343-4c5d-a962-02e4ab4f7b05, Nodes: a7578bdd-9139-4946-a78d-cc7981f76fa8(fv-az1021-556/10.1.0.9), ReplicationConfig: STANDALONE/ONE, State:OPEN, leaderId:a7578bdd-9139-4946-a78d-cc7981f76fa8, CreationTimestamp2023-11-17T09:55:35.053Z[Etc/UTC]].
2023-11-17 09:55:46,002 [main] INFO  storage.BlockInputStream (BlockInputStream.java:refreshBlockInfo(205)) - Unable to read information for block conID: 6 locID: 111677748019200006 bcsId: 3 from pipeline PipelineID=db99a577-c343-4c5d-a962-02e4ab4f7b05: Unable to find the block with bcsID 3 .Container 6 bcsId is 1.
2023-11-17 09:55:46,005 [IPC Server handler 9 on default port 15001] WARN  node.SCMNodeManager (SCMNodeManager.java:getNodesByAddress(1373)) - Cannot find node for address 127.0.0.1
]]></system-out>
  </testcase>
  <testcase name="mpuWithLink(BucketLayout)[1]" classname="org.apache.hadoop.ozone.client.rpc.TestOzoneAtRestEncryption" time="1.522">
    <system-out><![CDATA[2023-11-17 09:55:46,017 [main] INFO  rpc.RpcClient (RpcClient.java:createVolume(464)) - Creating Volume: b12e82cc-3984-45c7-9662-c8dc35041bac, with runner as owner and space quota set to -1 bytes, counts quota set to -1
2023-11-17 09:55:46,022 [om1-OMStateMachineApplyTransactionThread - 0] INFO  volume.OMVolumeCreateRequest (OMVolumeCreateRequest.java:validateAndUpdateCache(197)) - created volume:b12e82cc-3984-45c7-9662-c8dc35041bac for user:runner
2023-11-17 09:55:46,029 [main] INFO  rpc.RpcClient (RpcClient.java:createBucket(691)) - Creating Bucket: b12e82cc-3984-45c7-9662-c8dc35041bac/5cf181ad-579a-4b22-8a4b-6543c59fadcc, with bucket layout FILE_SYSTEM_OPTIMIZED, runner as owner, Versioning false, Storage Type set to DISK and Encryption set to true, Replication Type set to server-side default replication type, Namespace Quota set to -1, Space Quota set to -1 
2023-11-17 09:55:46,032 [qtp149818403-25] INFO  kms-audit (SimpleKMSAuditLogger.java:logAuditSimpleFormat(93)) - OK[op=GET_METADATA, key=key1, user=runner] 
2023-11-17 09:55:46,035 [om1-OMStateMachineApplyTransactionThread - 0] INFO  bucket.OMBucketCreateRequest (OMBucketCreateRequest.java:validateAndUpdateCache(271)) - created bucket: 5cf181ad-579a-4b22-8a4b-6543c59fadcc of layout FILE_SYSTEM_OPTIMIZED in volume: b12e82cc-3984-45c7-9662-c8dc35041bac
2023-11-17 09:55:46,038 [main] INFO  rpc.RpcClient (RpcClient.java:createVolume(464)) - Creating Volume: c4ec8220-8db4-4b7b-bc34-62b811d7eb56, with runner as owner and space quota set to -1 bytes, counts quota set to -1
2023-11-17 09:55:46,041 [om1-OMStateMachineApplyTransactionThread - 0] INFO  volume.OMVolumeCreateRequest (OMVolumeCreateRequest.java:validateAndUpdateCache(197)) - created volume:c4ec8220-8db4-4b7b-bc34-62b811d7eb56 for user:runner
2023-11-17 09:55:46,043 [main] INFO  rpc.RpcClient (RpcClient.java:createBucket(691)) - Creating Bucket: c4ec8220-8db4-4b7b-bc34-62b811d7eb56/9b6cb91b-d92b-4f99-bf27-70894a713365, with server-side default bucket layout, runner as owner, Versioning false, Storage Type set to DISK and Encryption set to false, Replication Type set to server-side default replication type, Namespace Quota set to -1, Space Quota set to -1 
2023-11-17 09:55:46,045 [om1-OMStateMachineApplyTransactionThread - 0] INFO  bucket.OMBucketCreateRequest (OMBucketCreateRequest.java:validateAndUpdateCache(271)) - created bucket: 9b6cb91b-d92b-4f99-bf27-70894a713365 of layout FILE_SYSTEM_OPTIMIZED in volume: c4ec8220-8db4-4b7b-bc34-62b811d7eb56
2023-11-17 09:55:46,665 [om1-OMStateMachineApplyTransactionThread - 0] DEBUG db.CodecBuffer (CodecBuffer.java:setCapacity(328)) - setCapacity: 4096 -> 10180, max=2147483647
2023-11-17 09:55:46,677 [IPC Server handler 11 on default port 15001] WARN  node.SCMNodeManager (SCMNodeManager.java:getNodesByAddress(1373)) - Cannot find node for address 127.0.0.1
2023-11-17 09:55:46,680 [IPC Server handler 15 on default port 15001] WARN  node.SCMNodeManager (SCMNodeManager.java:getNodesByAddress(1373)) - Cannot find node for address 127.0.0.1
2023-11-17 09:55:46,685 [IPC Server handler 14 on default port 15001] WARN  node.SCMNodeManager (SCMNodeManager.java:getNodesByAddress(1373)) - Cannot find node for address 127.0.0.1
2023-11-17 09:55:46,686 [IPC Server handler 13 on default port 15001] WARN  node.SCMNodeManager (SCMNodeManager.java:getNodesByAddress(1373)) - Cannot find node for address 127.0.0.1
2023-11-17 09:55:46,687 [IPC Server handler 12 on default port 15001] WARN  node.SCMNodeManager (SCMNodeManager.java:getNodesByAddress(1373)) - Cannot find node for address 127.0.0.1
2023-11-17 09:55:46,687 [IPC Server handler 9 on default port 15001] WARN  node.SCMNodeManager (SCMNodeManager.java:getNodesByAddress(1373)) - Cannot find node for address 127.0.0.1
2023-11-17 09:55:46,688 [IPC Server handler 6 on default port 15001] WARN  node.SCMNodeManager (SCMNodeManager.java:getNodesByAddress(1373)) - Cannot find node for address 127.0.0.1
2023-11-17 09:55:46,689 [IPC Server handler 4 on default port 15001] WARN  node.SCMNodeManager (SCMNodeManager.java:getNodesByAddress(1373)) - Cannot find node for address 127.0.0.1
]]></system-out>
  </testcase>
  <testcase name="mpuWithLink(BucketLayout)[2]" classname="org.apache.hadoop.ozone.client.rpc.TestOzoneAtRestEncryption" time="0.939">
    <system-out><![CDATA[2023-11-17 09:55:47,540 [main] INFO  rpc.RpcClient (RpcClient.java:createVolume(464)) - Creating Volume: c961269a-6bc8-4e2b-90ec-4874a930c051, with runner as owner and space quota set to -1 bytes, counts quota set to -1
2023-11-17 09:55:47,544 [om1-OMStateMachineApplyTransactionThread - 0] INFO  volume.OMVolumeCreateRequest (OMVolumeCreateRequest.java:validateAndUpdateCache(197)) - created volume:c961269a-6bc8-4e2b-90ec-4874a930c051 for user:runner
2023-11-17 09:55:47,546 [main] INFO  rpc.RpcClient (RpcClient.java:createBucket(691)) - Creating Bucket: c961269a-6bc8-4e2b-90ec-4874a930c051/1a0c60e8-b853-4ad1-9f87-70396ec91421, with bucket layout OBJECT_STORE, runner as owner, Versioning false, Storage Type set to DISK and Encryption set to true, Replication Type set to server-side default replication type, Namespace Quota set to -1, Space Quota set to -1 
2023-11-17 09:55:47,549 [qtp149818403-24] INFO  kms-audit (SimpleKMSAuditLogger.java:logAuditSimpleFormat(93)) - OK[op=GET_METADATA, key=key1, user=runner] 
2023-11-17 09:55:47,552 [om1-OMStateMachineApplyTransactionThread - 0] INFO  bucket.OMBucketCreateRequest (OMBucketCreateRequest.java:validateAndUpdateCache(271)) - created bucket: 1a0c60e8-b853-4ad1-9f87-70396ec91421 of layout OBJECT_STORE in volume: c961269a-6bc8-4e2b-90ec-4874a930c051
2023-11-17 09:55:47,554 [main] INFO  rpc.RpcClient (RpcClient.java:createVolume(464)) - Creating Volume: f01506e7-5ccb-4b06-a866-afbadd975d3c, with runner as owner and space quota set to -1 bytes, counts quota set to -1
2023-11-17 09:55:47,556 [om1-OMStateMachineApplyTransactionThread - 0] INFO  volume.OMVolumeCreateRequest (OMVolumeCreateRequest.java:validateAndUpdateCache(197)) - created volume:f01506e7-5ccb-4b06-a866-afbadd975d3c for user:runner
2023-11-17 09:55:47,557 [main] INFO  rpc.RpcClient (RpcClient.java:createBucket(691)) - Creating Bucket: f01506e7-5ccb-4b06-a866-afbadd975d3c/79cb1c2c-b8b1-4c41-b37e-be9ed53937a4, with server-side default bucket layout, runner as owner, Versioning false, Storage Type set to DISK and Encryption set to false, Replication Type set to server-side default replication type, Namespace Quota set to -1, Space Quota set to -1 
2023-11-17 09:55:47,560 [om1-OMStateMachineApplyTransactionThread - 0] INFO  bucket.OMBucketCreateRequest (OMBucketCreateRequest.java:validateAndUpdateCache(271)) - created bucket: 79cb1c2c-b8b1-4c41-b37e-be9ed53937a4 of layout FILE_SYSTEM_OPTIMIZED in volume: f01506e7-5ccb-4b06-a866-afbadd975d3c
2023-11-17 09:55:47,925 [om1-OMStateMachineApplyTransactionThread - 0] DEBUG db.CodecBuffer (CodecBuffer.java:setCapacity(328)) - setCapacity: 4096 -> 10157, max=2147483647
2023-11-17 09:55:47,932 [IPC Server handler 18 on default port 15001] WARN  node.SCMNodeManager (SCMNodeManager.java:getNodesByAddress(1373)) - Cannot find node for address 127.0.0.1
2023-11-17 09:55:47,933 [IPC Server handler 16 on default port 15001] WARN  node.SCMNodeManager (SCMNodeManager.java:getNodesByAddress(1373)) - Cannot find node for address 127.0.0.1
2023-11-17 09:55:47,934 [IPC Server handler 1 on default port 15001] WARN  node.SCMNodeManager (SCMNodeManager.java:getNodesByAddress(1373)) - Cannot find node for address 127.0.0.1
2023-11-17 09:55:47,934 [IPC Server handler 11 on default port 15001] WARN  node.SCMNodeManager (SCMNodeManager.java:getNodesByAddress(1373)) - Cannot find node for address 127.0.0.1
2023-11-17 09:55:47,935 [IPC Server handler 15 on default port 15001] WARN  node.SCMNodeManager (SCMNodeManager.java:getNodesByAddress(1373)) - Cannot find node for address 127.0.0.1
2023-11-17 09:55:47,936 [IPC Server handler 14 on default port 15001] WARN  node.SCMNodeManager (SCMNodeManager.java:getNodesByAddress(1373)) - Cannot find node for address 127.0.0.1
]]></system-out>
  </testcase>
  <testcase name="mpuWithLink(BucketLayout)[3]" classname="org.apache.hadoop.ozone.client.rpc.TestOzoneAtRestEncryption" time="0.731">
    <system-out><![CDATA[2023-11-17 09:55:48,481 [main] INFO  rpc.RpcClient (RpcClient.java:createVolume(464)) - Creating Volume: e3cfc5bd-fce4-44f8-961c-760bf8a0af02, with runner as owner and space quota set to -1 bytes, counts quota set to -1
2023-11-17 09:55:48,484 [om1-OMStateMachineApplyTransactionThread - 0] INFO  volume.OMVolumeCreateRequest (OMVolumeCreateRequest.java:validateAndUpdateCache(197)) - created volume:e3cfc5bd-fce4-44f8-961c-760bf8a0af02 for user:runner
2023-11-17 09:55:48,486 [main] INFO  rpc.RpcClient (RpcClient.java:createBucket(691)) - Creating Bucket: e3cfc5bd-fce4-44f8-961c-760bf8a0af02/c077c51d-e5a5-41a4-b96d-b5d121537a31, with bucket layout LEGACY, runner as owner, Versioning false, Storage Type set to DISK and Encryption set to true, Replication Type set to server-side default replication type, Namespace Quota set to -1, Space Quota set to -1 
2023-11-17 09:55:48,489 [qtp149818403-24] INFO  kms-audit (SimpleKMSAuditLogger.java:logAuditSimpleFormat(93)) - OK[op=GET_METADATA, key=key1, user=runner] 
2023-11-17 09:55:48,491 [om1-OMStateMachineApplyTransactionThread - 0] INFO  bucket.OMBucketCreateRequest (OMBucketCreateRequest.java:validateAndUpdateCache(271)) - created bucket: c077c51d-e5a5-41a4-b96d-b5d121537a31 of layout LEGACY in volume: e3cfc5bd-fce4-44f8-961c-760bf8a0af02
2023-11-17 09:55:48,496 [main] INFO  rpc.RpcClient (RpcClient.java:createVolume(464)) - Creating Volume: 999158c8-e601-46f5-945b-daa5f81ddc0a, with runner as owner and space quota set to -1 bytes, counts quota set to -1
2023-11-17 09:55:48,499 [om1-OMStateMachineApplyTransactionThread - 0] INFO  volume.OMVolumeCreateRequest (OMVolumeCreateRequest.java:validateAndUpdateCache(197)) - created volume:999158c8-e601-46f5-945b-daa5f81ddc0a for user:runner
2023-11-17 09:55:48,500 [main] INFO  rpc.RpcClient (RpcClient.java:createBucket(691)) - Creating Bucket: 999158c8-e601-46f5-945b-daa5f81ddc0a/37f01e3b-253b-4a95-b85b-df9aac636296, with server-side default bucket layout, runner as owner, Versioning false, Storage Type set to DISK and Encryption set to false, Replication Type set to server-side default replication type, Namespace Quota set to -1, Space Quota set to -1 
2023-11-17 09:55:48,502 [om1-OMStateMachineApplyTransactionThread - 0] INFO  bucket.OMBucketCreateRequest (OMBucketCreateRequest.java:validateAndUpdateCache(271)) - created bucket: 37f01e3b-253b-4a95-b85b-df9aac636296 of layout FILE_SYSTEM_OPTIMIZED in volume: 999158c8-e601-46f5-945b-daa5f81ddc0a
2023-11-17 09:55:48,820 [om1-OMStateMachineApplyTransactionThread - 0] DEBUG db.CodecBuffer (CodecBuffer.java:setCapacity(328)) - setCapacity: 4096 -> 10158, max=2147483647
2023-11-17 09:55:48,827 [IPC Server handler 18 on default port 15001] WARN  node.SCMNodeManager (SCMNodeManager.java:getNodesByAddress(1373)) - Cannot find node for address 127.0.0.1
2023-11-17 09:55:48,828 [IPC Server handler 16 on default port 15001] WARN  node.SCMNodeManager (SCMNodeManager.java:getNodesByAddress(1373)) - Cannot find node for address 127.0.0.1
2023-11-17 09:55:48,829 [IPC Server handler 1 on default port 15001] WARN  node.SCMNodeManager (SCMNodeManager.java:getNodesByAddress(1373)) - Cannot find node for address 127.0.0.1
2023-11-17 09:55:48,829 [IPC Server handler 11 on default port 15001] WARN  node.SCMNodeManager (SCMNodeManager.java:getNodesByAddress(1373)) - Cannot find node for address 127.0.0.1
2023-11-17 09:55:48,830 [IPC Server handler 15 on default port 15001] WARN  node.SCMNodeManager (SCMNodeManager.java:getNodesByAddress(1373)) - Cannot find node for address 127.0.0.1
2023-11-17 09:55:48,830 [IPC Server handler 14 on default port 15001] WARN  node.SCMNodeManager (SCMNodeManager.java:getNodesByAddress(1373)) - Cannot find node for address 127.0.0.1
2023-11-17 09:55:48,831 [IPC Server handler 13 on default port 15001] WARN  node.SCMNodeManager (SCMNodeManager.java:getNodesByAddress(1373)) - Cannot find node for address 127.0.0.1
2023-11-17 09:55:48,832 [IPC Server handler 12 on default port 15001] WARN  node.SCMNodeManager (SCMNodeManager.java:getNodesByAddress(1373)) - Cannot find node for address 127.0.0.1
]]></system-out>
  </testcase>
  <testcase name="testLinkEncryptedBuckets(BucketLayout)[1]" classname="org.apache.hadoop.ozone.client.rpc.TestOzoneAtRestEncryption" time="0.147">
    <system-out><![CDATA[2023-11-17 09:55:49,216 [main] INFO  rpc.RpcClient (RpcClient.java:createVolume(464)) - Creating Volume: 64258fa5-e29e-43ba-8d51-125bc23cc83b, with runner as owner and space quota set to -1 bytes, counts quota set to -1
2023-11-17 09:55:49,219 [om1-OMStateMachineApplyTransactionThread - 0] INFO  volume.OMVolumeCreateRequest (OMVolumeCreateRequest.java:validateAndUpdateCache(197)) - created volume:64258fa5-e29e-43ba-8d51-125bc23cc83b for user:runner
2023-11-17 09:55:49,222 [main] INFO  rpc.RpcClient (RpcClient.java:createBucket(691)) - Creating Bucket: 64258fa5-e29e-43ba-8d51-125bc23cc83b/b2d79636-f857-43f1-a3f0-148518274300, with bucket layout FILE_SYSTEM_OPTIMIZED, runner as owner, Versioning false, Storage Type set to DISK and Encryption set to true, Replication Type set to server-side default replication type, Namespace Quota set to -1, Space Quota set to -1 
2023-11-17 09:55:49,224 [qtp149818403-24] INFO  kms-audit (SimpleKMSAuditLogger.java:logAuditSimpleFormat(93)) - OK[op=GET_METADATA, key=key1, user=runner] 
2023-11-17 09:55:49,227 [om1-OMStateMachineApplyTransactionThread - 0] INFO  bucket.OMBucketCreateRequest (OMBucketCreateRequest.java:validateAndUpdateCache(271)) - created bucket: b2d79636-f857-43f1-a3f0-148518274300 of layout FILE_SYSTEM_OPTIMIZED in volume: 64258fa5-e29e-43ba-8d51-125bc23cc83b
2023-11-17 09:55:49,229 [main] INFO  rpc.RpcClient (RpcClient.java:createVolume(464)) - Creating Volume: 356f3cc8-d8c5-4c98-a5b6-94a99cedad66, with runner as owner and space quota set to -1 bytes, counts quota set to -1
2023-11-17 09:55:49,231 [om1-OMStateMachineApplyTransactionThread - 0] INFO  volume.OMVolumeCreateRequest (OMVolumeCreateRequest.java:validateAndUpdateCache(197)) - created volume:356f3cc8-d8c5-4c98-a5b6-94a99cedad66 for user:runner
2023-11-17 09:55:49,233 [main] INFO  rpc.RpcClient (RpcClient.java:createBucket(691)) - Creating Bucket: 356f3cc8-d8c5-4c98-a5b6-94a99cedad66/23378812-eb35-4d20-b4b7-2367db567515, with server-side default bucket layout, runner as owner, Versioning false, Storage Type set to DISK and Encryption set to false, Replication Type set to server-side default replication type, Namespace Quota set to -1, Space Quota set to -1 
2023-11-17 09:55:49,234 [om1-OMStateMachineApplyTransactionThread - 0] INFO  bucket.OMBucketCreateRequest (OMBucketCreateRequest.java:validateAndUpdateCache(271)) - created bucket: 23378812-eb35-4d20-b4b7-2367db567515 of layout FILE_SYSTEM_OPTIMIZED in volume: 356f3cc8-d8c5-4c98-a5b6-94a99cedad66
2023-11-17 09:55:49,254 [IPC Server handler 6 on default port 15001] WARN  node.SCMNodeManager (SCMNodeManager.java:getNodesByAddress(1373)) - Cannot find node for address 127.0.0.1
2023-11-17 09:55:49,257 [IPC Server handler 4 on default port 15001] WARN  node.SCMNodeManager (SCMNodeManager.java:getNodesByAddress(1373)) - Cannot find node for address 127.0.0.1
2023-11-17 09:55:49,275 [main] INFO  client.DataStreamClient (ConfUtils.java:logGet(46)) - raft.datastream.type = NETTY (custom)
2023-11-17 09:55:49,275 [main] INFO  netty.NettyConfigKeys$DataStream (ConfUtils.java:logGet(46)) - raft.netty.dataStream.client.tls.conf = null (default)
2023-11-17 09:55:49,276 [main] INFO  netty.NettyConfigKeys$DataStream (ConfUtils.java:logGet(46)) - raft.netty.dataStream.client.reply.queue.grace-period = 1s (default)
2023-11-17 09:55:49,276 [main] INFO  netty.NettyConfigKeys$DataStream (ConfUtils.java:logGet(46)) - raft.netty.dataStream.client.worker-group.share = false (default)
2023-11-17 09:55:49,276 [main] INFO  netty.NettyConfigKeys$DataStream (ConfUtils.java:logGet(46)) - raft.netty.dataStream.client.worker-group.size = 8 (default)
2023-11-17 09:55:49,279 [652b82d9-1846-44d1-8352-7bf3439ad078-NettyServerStreamRpc-bossGroup--thread1] INFO  logging.LoggingHandler (AbstractInternalLogger.java:log(148)) - [id: 0xc637186e, L:/0:0:0:0:0:0:0:0:15033] READ: [id: 0x03c9e43a, L:/10.1.0.9:15033 - R:/10.1.0.9:40196]
2023-11-17 09:55:49,280 [652b82d9-1846-44d1-8352-7bf3439ad078-NettyServerStreamRpc-bossGroup--thread1] INFO  logging.LoggingHandler (AbstractInternalLogger.java:log(148)) - [id: 0xc637186e, L:/0:0:0:0:0:0:0:0:15033] READ COMPLETE
2023-11-17 09:55:49,342 [IPC Server handler 8 on default port 15001] WARN  node.SCMNodeManager (SCMNodeManager.java:getNodesByAddress(1373)) - Cannot find node for address 127.0.0.1
2023-11-17 09:55:49,345 [IPC Server handler 2 on default port 15001] WARN  node.SCMNodeManager (SCMNodeManager.java:getNodesByAddress(1373)) - Cannot find node for address 127.0.0.1
]]></system-out>
  </testcase>
  <testcase name="testLinkEncryptedBuckets(BucketLayout)[2]" classname="org.apache.hadoop.ozone.client.rpc.TestOzoneAtRestEncryption" time="0.109">
    <system-out><![CDATA[2023-11-17 09:55:49,364 [main] INFO  rpc.RpcClient (RpcClient.java:createVolume(464)) - Creating Volume: 519ddcf8-d9ea-4a89-be34-d8878018f8b1, with runner as owner and space quota set to -1 bytes, counts quota set to -1
2023-11-17 09:55:49,367 [om1-OMStateMachineApplyTransactionThread - 0] INFO  volume.OMVolumeCreateRequest (OMVolumeCreateRequest.java:validateAndUpdateCache(197)) - created volume:519ddcf8-d9ea-4a89-be34-d8878018f8b1 for user:runner
2023-11-17 09:55:49,368 [main] INFO  rpc.RpcClient (RpcClient.java:createBucket(691)) - Creating Bucket: 519ddcf8-d9ea-4a89-be34-d8878018f8b1/96af5153-1b10-4130-a488-7caa55eb06a5, with bucket layout OBJECT_STORE, runner as owner, Versioning false, Storage Type set to DISK and Encryption set to true, Replication Type set to server-side default replication type, Namespace Quota set to -1, Space Quota set to -1 
2023-11-17 09:55:49,371 [qtp149818403-25] INFO  kms-audit (SimpleKMSAuditLogger.java:logAuditSimpleFormat(93)) - OK[op=GET_METADATA, key=key1, user=runner] 
2023-11-17 09:55:49,373 [om1-OMStateMachineApplyTransactionThread - 0] INFO  bucket.OMBucketCreateRequest (OMBucketCreateRequest.java:validateAndUpdateCache(271)) - created bucket: 96af5153-1b10-4130-a488-7caa55eb06a5 of layout OBJECT_STORE in volume: 519ddcf8-d9ea-4a89-be34-d8878018f8b1
2023-11-17 09:55:49,375 [main] INFO  rpc.RpcClient (RpcClient.java:createVolume(464)) - Creating Volume: d192d4e5-3d0c-44c3-a938-552fd4aa5676, with runner as owner and space quota set to -1 bytes, counts quota set to -1
2023-11-17 09:55:49,376 [om1-OMStateMachineApplyTransactionThread - 0] INFO  volume.OMVolumeCreateRequest (OMVolumeCreateRequest.java:validateAndUpdateCache(197)) - created volume:d192d4e5-3d0c-44c3-a938-552fd4aa5676 for user:runner
2023-11-17 09:55:49,378 [main] INFO  rpc.RpcClient (RpcClient.java:createBucket(691)) - Creating Bucket: d192d4e5-3d0c-44c3-a938-552fd4aa5676/135e4f4b-8a3d-4943-b97b-70fec3244b88, with server-side default bucket layout, runner as owner, Versioning false, Storage Type set to DISK and Encryption set to false, Replication Type set to server-side default replication type, Namespace Quota set to -1, Space Quota set to -1 
2023-11-17 09:55:49,379 [om1-OMStateMachineApplyTransactionThread - 0] INFO  bucket.OMBucketCreateRequest (OMBucketCreateRequest.java:validateAndUpdateCache(271)) - created bucket: 135e4f4b-8a3d-4943-b97b-70fec3244b88 of layout FILE_SYSTEM_OPTIMIZED in volume: d192d4e5-3d0c-44c3-a938-552fd4aa5676
2023-11-17 09:55:49,398 [IPC Server handler 7 on default port 15001] WARN  node.SCMNodeManager (SCMNodeManager.java:getNodesByAddress(1373)) - Cannot find node for address 127.0.0.1
2023-11-17 09:55:49,401 [IPC Server handler 10 on default port 15001] WARN  node.SCMNodeManager (SCMNodeManager.java:getNodesByAddress(1373)) - Cannot find node for address 127.0.0.1
2023-11-17 09:55:49,417 [main] INFO  client.DataStreamClient (ConfUtils.java:logGet(46)) - raft.datastream.type = NETTY (custom)
2023-11-17 09:55:49,417 [main] INFO  netty.NettyConfigKeys$DataStream (ConfUtils.java:logGet(46)) - raft.netty.dataStream.client.tls.conf = null (default)
2023-11-17 09:55:49,417 [main] INFO  netty.NettyConfigKeys$DataStream (ConfUtils.java:logGet(46)) - raft.netty.dataStream.client.reply.queue.grace-period = 1s (default)
2023-11-17 09:55:49,418 [main] INFO  netty.NettyConfigKeys$DataStream (ConfUtils.java:logGet(46)) - raft.netty.dataStream.client.worker-group.share = false (default)
2023-11-17 09:55:49,418 [main] INFO  netty.NettyConfigKeys$DataStream (ConfUtils.java:logGet(46)) - raft.netty.dataStream.client.worker-group.size = 8 (default)
2023-11-17 09:55:49,421 [54bd6e84-2e53-4956-b446-cc6ac26bbc90-NettyServerStreamRpc-bossGroup--thread1] INFO  logging.LoggingHandler (AbstractInternalLogger.java:log(148)) - [id: 0x2e939080, L:/0:0:0:0:0:0:0:0:15024] READ: [id: 0x40a559de, L:/10.1.0.9:15024 - R:/10.1.0.9:55448]
2023-11-17 09:55:49,421 [54bd6e84-2e53-4956-b446-cc6ac26bbc90-NettyServerStreamRpc-bossGroup--thread1] INFO  logging.LoggingHandler (AbstractInternalLogger.java:log(148)) - [id: 0x2e939080, L:/0:0:0:0:0:0:0:0:15024] READ COMPLETE
2023-11-17 09:55:49,460 [IPC Server handler 17 on default port 15001] WARN  node.SCMNodeManager (SCMNodeManager.java:getNodesByAddress(1373)) - Cannot find node for address 127.0.0.1
2023-11-17 09:55:49,463 [IPC Server handler 19 on default port 15001] WARN  node.SCMNodeManager (SCMNodeManager.java:getNodesByAddress(1373)) - Cannot find node for address 127.0.0.1
]]></system-out>
  </testcase>
  <testcase name="testLinkEncryptedBuckets(BucketLayout)[3]" classname="org.apache.hadoop.ozone.client.rpc.TestOzoneAtRestEncryption" time="0.124">
    <system-out><![CDATA[2023-11-17 09:55:49,474 [main] INFO  rpc.RpcClient (RpcClient.java:createVolume(464)) - Creating Volume: da703bf1-2816-48a5-b081-48fb5ab93494, with runner as owner and space quota set to -1 bytes, counts quota set to -1
2023-11-17 09:55:49,477 [om1-OMStateMachineApplyTransactionThread - 0] INFO  volume.OMVolumeCreateRequest (OMVolumeCreateRequest.java:validateAndUpdateCache(197)) - created volume:da703bf1-2816-48a5-b081-48fb5ab93494 for user:runner
2023-11-17 09:55:49,479 [main] INFO  rpc.RpcClient (RpcClient.java:createBucket(691)) - Creating Bucket: da703bf1-2816-48a5-b081-48fb5ab93494/9a21d49b-d5e9-4733-9c99-307aeb25c61e, with bucket layout LEGACY, runner as owner, Versioning false, Storage Type set to DISK and Encryption set to true, Replication Type set to server-side default replication type, Namespace Quota set to -1, Space Quota set to -1 
2023-11-17 09:55:49,481 [qtp149818403-25] INFO  kms-audit (SimpleKMSAuditLogger.java:logAuditSimpleFormat(93)) - OK[op=GET_METADATA, key=key1, user=runner] 
2023-11-17 09:55:49,483 [om1-OMStateMachineApplyTransactionThread - 0] INFO  bucket.OMBucketCreateRequest (OMBucketCreateRequest.java:validateAndUpdateCache(271)) - created bucket: 9a21d49b-d5e9-4733-9c99-307aeb25c61e of layout LEGACY in volume: da703bf1-2816-48a5-b081-48fb5ab93494
2023-11-17 09:55:49,486 [main] INFO  rpc.RpcClient (RpcClient.java:createVolume(464)) - Creating Volume: 6e04e7c1-b553-4fe9-9834-b0ba355f637a, with runner as owner and space quota set to -1 bytes, counts quota set to -1
2023-11-17 09:55:49,487 [om1-OMStateMachineApplyTransactionThread - 0] INFO  volume.OMVolumeCreateRequest (OMVolumeCreateRequest.java:validateAndUpdateCache(197)) - created volume:6e04e7c1-b553-4fe9-9834-b0ba355f637a for user:runner
2023-11-17 09:55:49,489 [main] INFO  rpc.RpcClient (RpcClient.java:createBucket(691)) - Creating Bucket: 6e04e7c1-b553-4fe9-9834-b0ba355f637a/4525b619-d326-45ba-b389-5ab16f641879, with server-side default bucket layout, runner as owner, Versioning false, Storage Type set to DISK and Encryption set to false, Replication Type set to server-side default replication type, Namespace Quota set to -1, Space Quota set to -1 
2023-11-17 09:55:49,491 [om1-OMStateMachineApplyTransactionThread - 0] INFO  bucket.OMBucketCreateRequest (OMBucketCreateRequest.java:validateAndUpdateCache(271)) - created bucket: 4525b619-d326-45ba-b389-5ab16f641879 of layout FILE_SYSTEM_OPTIMIZED in volume: 6e04e7c1-b553-4fe9-9834-b0ba355f637a
2023-11-17 09:55:49,511 [IPC Server handler 16 on default port 15001] WARN  node.SCMNodeManager (SCMNodeManager.java:getNodesByAddress(1373)) - Cannot find node for address 127.0.0.1
2023-11-17 09:55:49,513 [IPC Server handler 1 on default port 15001] WARN  node.SCMNodeManager (SCMNodeManager.java:getNodesByAddress(1373)) - Cannot find node for address 127.0.0.1
2023-11-17 09:55:49,531 [main] INFO  client.DataStreamClient (ConfUtils.java:logGet(46)) - raft.datastream.type = NETTY (custom)
2023-11-17 09:55:49,532 [main] INFO  netty.NettyConfigKeys$DataStream (ConfUtils.java:logGet(46)) - raft.netty.dataStream.client.tls.conf = null (default)
2023-11-17 09:55:49,532 [main] INFO  netty.NettyConfigKeys$DataStream (ConfUtils.java:logGet(46)) - raft.netty.dataStream.client.reply.queue.grace-period = 1s (default)
2023-11-17 09:55:49,532 [main] INFO  netty.NettyConfigKeys$DataStream (ConfUtils.java:logGet(46)) - raft.netty.dataStream.client.worker-group.share = false (default)
2023-11-17 09:55:49,533 [main] INFO  netty.NettyConfigKeys$DataStream (ConfUtils.java:logGet(46)) - raft.netty.dataStream.client.worker-group.size = 8 (default)
2023-11-17 09:55:49,536 [3172c264-2718-48bc-901b-d06defdb8935-NettyServerStreamRpc-bossGroup--thread1] INFO  logging.LoggingHandler (AbstractInternalLogger.java:log(148)) - [id: 0x0e52bef3, L:/0:0:0:0:0:0:0:0:15051] READ: [id: 0x3655ed02, L:/10.1.0.9:15051 - R:/10.1.0.9:49096]
2023-11-17 09:55:49,536 [3172c264-2718-48bc-901b-d06defdb8935-NettyServerStreamRpc-bossGroup--thread1] INFO  logging.LoggingHandler (AbstractInternalLogger.java:log(148)) - [id: 0x0e52bef3, L:/0:0:0:0:0:0:0:0:15051] READ COMPLETE
2023-11-17 09:55:49,584 [IPC Server handler 15 on default port 15001] WARN  node.SCMNodeManager (SCMNodeManager.java:getNodesByAddress(1373)) - Cannot find node for address 127.0.0.1
2023-11-17 09:55:49,587 [IPC Server handler 14 on default port 15001] WARN  node.SCMNodeManager (SCMNodeManager.java:getNodesByAddress(1373)) - Cannot find node for address 127.0.0.1
]]></system-out>
  </testcase>
  <testcase name="testGetKeyProvider" classname="org.apache.hadoop.ozone.client.rpc.TestOzoneAtRestEncryption" time="1.25">
    <system-out><![CDATA[2023-11-17 09:55:50,555 [JvmPauseMonitor4] WARN  util.JvmPauseMonitor (JvmPauseMonitor.java:detectPause(124)) - JvmPauseMonitor-652b82d9-1846-44d1-8352-7bf3439ad078: Detected pause in JVM or host machine approximately 0.117s without any GCs.
2023-11-17 09:55:50,558 [JvmPauseMonitor10] WARN  util.JvmPauseMonitor (JvmPauseMonitor.java:detectPause(124)) - JvmPauseMonitor-cb74a50f-08de-45ec-b832-8b69b058d768: Detected pause in JVM or host machine approximately 0.174s without any GCs.
2023-11-17 09:55:50,558 [JvmPauseMonitor9] WARN  util.JvmPauseMonitor (JvmPauseMonitor.java:detectPause(124)) - JvmPauseMonitor-a7578bdd-9139-4946-a78d-cc7981f76fa8: Detected pause in JVM or host machine approximately 0.175s without any GCs.
2023-11-17 09:55:50,558 [JvmPauseMonitor6] WARN  util.JvmPauseMonitor (JvmPauseMonitor.java:detectPause(124)) - JvmPauseMonitor-3172c264-2718-48bc-901b-d06defdb8935: Detected pause in JVM or host machine approximately 0.174s without any GCs.
2023-11-17 09:55:50,559 [JvmPauseMonitor2] WARN  util.JvmPauseMonitor (JvmPauseMonitor.java:detectPause(124)) - JvmPauseMonitor-54bd6e84-2e53-4956-b446-cc6ac26bbc90: Detected pause in JVM or host machine approximately 0.182s without any GCs.
2023-11-17 09:55:50,558 [JvmPauseMonitor0] WARN  util.JvmPauseMonitor (JvmPauseMonitor.java:detectPause(124)) - JvmPauseMonitor-c54a0d0f-cad0-48e8-9d93-7a5684d48de4: Detected pause in JVM or host machine approximately 0.175s without any GCs.
2023-11-17 09:55:50,560 [JvmPauseMonitor7] WARN  util.JvmPauseMonitor (JvmPauseMonitor.java:detectPause(124)) - JvmPauseMonitor-fea717c9-b406-422e-8ccb-799e860d7c03: Detected pause in JVM or host machine approximately 0.183s without any GCs.
2023-11-17 09:55:50,561 [JvmPauseMonitor3] WARN  util.JvmPauseMonitor (JvmPauseMonitor.java:detectPause(124)) - JvmPauseMonitor-3f7ce36a-008a-4440-b2ee-16e9e4e5a9e8: Detected pause in JVM or host machine approximately 0.184s without any GCs.
2023-11-17 09:55:50,561 [JvmPauseMonitor11] WARN  util.JvmPauseMonitor (JvmPauseMonitor.java:detectPause(124)) - JvmPauseMonitor-a7ddde4f-1380-4d54-ae4e-b71d3284ab6f: Detected pause in JVM or host machine approximately 0.184s without any GCs.
]]></system-out>
  </testcase>
  <testcase name="mpuThreePartsOverride(BucketLayout)[1]" classname="org.apache.hadoop.ozone.client.rpc.TestOzoneAtRestEncryption" time="4.117">
    <system-out><![CDATA[2023-11-17 09:55:50,867 [main] INFO  rpc.RpcClient (RpcClient.java:createVolume(464)) - Creating Volume: 7cd92b19-8e46-4d04-ba20-491a0e0d4479, with runner as owner and space quota set to -1 bytes, counts quota set to -1
2023-11-17 09:55:50,872 [om1-OMStateMachineApplyTransactionThread - 0] INFO  volume.OMVolumeCreateRequest (OMVolumeCreateRequest.java:validateAndUpdateCache(197)) - created volume:7cd92b19-8e46-4d04-ba20-491a0e0d4479 for user:runner
2023-11-17 09:55:50,877 [main] INFO  rpc.RpcClient (RpcClient.java:createBucket(691)) - Creating Bucket: 7cd92b19-8e46-4d04-ba20-491a0e0d4479/7b603d87-5975-4f76-b44a-7eb4d8eff466, with bucket layout FILE_SYSTEM_OPTIMIZED, runner as owner, Versioning false, Storage Type set to DISK and Encryption set to true, Replication Type set to server-side default replication type, Namespace Quota set to -1, Space Quota set to -1 
2023-11-17 09:55:50,884 [qtp149818403-24] INFO  kms-audit (SimpleKMSAuditLogger.java:logAuditSimpleFormat(93)) - OK[op=GET_METADATA, key=key1, user=runner] 
2023-11-17 09:55:50,890 [om1-OMStateMachineApplyTransactionThread - 0] INFO  bucket.OMBucketCreateRequest (OMBucketCreateRequest.java:validateAndUpdateCache(271)) - created bucket: 7b603d87-5975-4f76-b44a-7eb4d8eff466 of layout FILE_SYSTEM_OPTIMIZED in volume: 7cd92b19-8e46-4d04-ba20-491a0e0d4479
2023-11-17 09:55:50,948 [qtp149818403-24] ERROR generators.WadlGeneratorJAXBGrammarGenerator (WadlGeneratorJAXBGrammarGenerator.java:buildModelAndSchemas(207)) - Failed to generate the schema for the JAX-B elements
com.sun.xml.bind.v2.runtime.IllegalAnnotationsException: 1 counts of IllegalAnnotationExceptions
java.util.Map is an interface, and JAXB can't handle interfaces.
	this problem is related to the following location:
		at java.util.Map

	at com.sun.xml.bind.v2.runtime.IllegalAnnotationsException$Builder.check(IllegalAnnotationsException.java:106)
	at com.sun.xml.bind.v2.runtime.JAXBContextImpl.getTypeInfoSet(JAXBContextImpl.java:471)
	at com.sun.xml.bind.v2.runtime.JAXBContextImpl.<init>(JAXBContextImpl.java:303)
	at com.sun.xml.bind.v2.runtime.JAXBContextImpl.<init>(JAXBContextImpl.java:139)
	at com.sun.xml.bind.v2.runtime.JAXBContextImpl$JAXBContextBuilder.build(JAXBContextImpl.java:1156)
	at com.sun.xml.bind.v2.ContextFactory.createContext(ContextFactory.java:165)
	at sun.reflect.NativeMethodAccessorImpl.invoke0(Native Method)
	at sun.reflect.NativeMethodAccessorImpl.invoke(NativeMethodAccessorImpl.java:62)
	at sun.reflect.DelegatingMethodAccessorImpl.invoke(DelegatingMethodAccessorImpl.java:43)
	at java.lang.reflect.Method.invoke(Method.java:498)
	at javax.xml.bind.ContextFinder.newInstance(ContextFinder.java:247)
	at javax.xml.bind.ContextFinder.newInstance(ContextFinder.java:234)
	at javax.xml.bind.ContextFinder.find(ContextFinder.java:441)
	at javax.xml.bind.JAXBContext.newInstance(JAXBContext.java:641)
	at javax.xml.bind.JAXBContext.newInstance(JAXBContext.java:584)
	at com.sun.jersey.server.wadl.generators.WadlGeneratorJAXBGrammarGenerator.buildModelAndSchemas(WadlGeneratorJAXBGrammarGenerator.java:169)
	at com.sun.jersey.server.wadl.generators.AbstractWadlGeneratorGrammarGenerator.createExternalGrammar(AbstractWadlGeneratorGrammarGenerator.java:405)
	at com.sun.jersey.server.wadl.WadlBuilder.generate(WadlBuilder.java:149)
	at com.sun.jersey.server.impl.wadl.WadlApplicationContextImpl.getApplication(WadlApplicationContextImpl.java:119)
	at com.sun.jersey.server.impl.wadl.WadlApplicationContextImpl.getApplication(WadlApplicationContextImpl.java:138)
	at com.sun.jersey.server.impl.wadl.WadlMethodFactory$WadlOptionsMethodDispatcher.dispatch(WadlMethodFactory.java:110)
	at com.sun.jersey.server.impl.uri.rules.HttpMethodRule.accept(HttpMethodRule.java:302)
	at com.sun.jersey.server.impl.uri.rules.RightHandPathRule.accept(RightHandPathRule.java:147)
	at com.sun.jersey.server.impl.uri.rules.ResourceClassRule.accept(ResourceClassRule.java:108)
	at com.sun.jersey.server.impl.uri.rules.RightHandPathRule.accept(RightHandPathRule.java:147)
	at com.sun.jersey.server.impl.uri.rules.RootResourceClassesRule.accept(RootResourceClassesRule.java:84)
	at com.sun.jersey.server.impl.application.WebApplicationImpl._handleRequest(WebApplicationImpl.java:1542)
	at com.sun.jersey.server.impl.application.WebApplicationImpl._handleRequest(WebApplicationImpl.java:1473)
	at com.sun.jersey.server.impl.application.WebApplicationImpl.handleRequest(WebApplicationImpl.java:1419)
	at com.sun.jersey.server.impl.application.WebApplicationImpl.handleRequest(WebApplicationImpl.java:1409)
	at com.sun.jersey.spi.container.servlet.WebComponent.service(WebComponent.java:409)
	at com.sun.jersey.spi.container.servlet.ServletContainer.service(ServletContainer.java:558)
	at com.sun.jersey.spi.container.servlet.ServletContainer.service(ServletContainer.java:733)
	at javax.servlet.http.HttpServlet.service(HttpServlet.java:590)
	at org.eclipse.jetty.servlet.ServletHolder$NotAsync.service(ServletHolder.java:1459)
	at org.eclipse.jetty.servlet.ServletHolder.handle(ServletHolder.java:799)
	at org.eclipse.jetty.servlet.ServletHandler$ChainEnd.doFilter(ServletHandler.java:1656)
	at org.apache.hadoop.crypto.key.kms.server.KMSMDCFilter.doFilter(KMSMDCFilter.java:98)
	at org.eclipse.jetty.servlet.FilterHolder.doFilter(FilterHolder.java:193)
	at org.eclipse.jetty.servlet.ServletHandler$Chain.doFilter(ServletHandler.java:1626)
	at org.apache.hadoop.security.authentication.server.AuthenticationFilter.doFilter(AuthenticationFilter.java:650)
	at org.apache.hadoop.security.token.delegation.web.DelegationTokenAuthenticationFilter.doFilter(DelegationTokenAuthenticationFilter.java:305)
	at org.apache.hadoop.security.authentication.server.AuthenticationFilter.doFilter(AuthenticationFilter.java:592)
	at org.apache.hadoop.crypto.key.kms.server.KMSAuthenticationFilter.doFilter(KMSAuthenticationFilter.java:162)
	at org.eclipse.jetty.servlet.FilterHolder.doFilter(FilterHolder.java:201)
	at org.eclipse.jetty.servlet.ServletHandler$Chain.doFilter(ServletHandler.java:1626)
	at org.apache.hadoop.http.lib.StaticUserWebFilter$StaticUserFilter.doFilter(StaticUserWebFilter.java:110)
	at org.eclipse.jetty.servlet.FilterHolder.doFilter(FilterHolder.java:193)
	at org.eclipse.jetty.servlet.ServletHandler$Chain.doFilter(ServletHandler.java:1626)
	at org.apache.hadoop.http.HttpServer2$QuotingInputFilter.doFilter(HttpServer2.java:1794)
	at org.eclipse.jetty.servlet.FilterHolder.doFilter(FilterHolder.java:193)
	at org.eclipse.jetty.servlet.ServletHandler$Chain.doFilter(ServletHandler.java:1626)
	at org.apache.hadoop.http.NoCacheFilter.doFilter(NoCacheFilter.java:45)
	at org.eclipse.jetty.servlet.FilterHolder.doFilter(FilterHolder.java:193)
	at org.eclipse.jetty.servlet.ServletHandler$Chain.doFilter(ServletHandler.java:1626)
	at org.eclipse.jetty.servlet.ServletHandler.doHandle(ServletHandler.java:552)
	at org.eclipse.jetty.server.handler.ScopedHandler.handle(ScopedHandler.java:143)
	at org.eclipse.jetty.security.SecurityHandler.handle(SecurityHandler.java:600)
	at org.eclipse.jetty.server.handler.HandlerWrapper.handle(HandlerWrapper.java:127)
	at org.eclipse.jetty.server.handler.ScopedHandler.nextHandle(ScopedHandler.java:235)
	at org.eclipse.jetty.server.session.SessionHandler.doHandle(SessionHandler.java:1624)
	at org.eclipse.jetty.server.handler.ScopedHandler.nextHandle(ScopedHandler.java:233)
	at org.eclipse.jetty.server.handler.ContextHandler.doHandle(ContextHandler.java:1440)
	at org.eclipse.jetty.server.handler.ScopedHandler.nextScope(ScopedHandler.java:188)
	at org.eclipse.jetty.servlet.ServletHandler.doScope(ServletHandler.java:505)
	at org.eclipse.jetty.server.session.SessionHandler.doScope(SessionHandler.java:1594)
	at org.eclipse.jetty.server.handler.ScopedHandler.nextScope(ScopedHandler.java:186)
	at org.eclipse.jetty.server.handler.ContextHandler.doScope(ContextHandler.java:1355)
	at org.eclipse.jetty.server.handler.ScopedHandler.handle(ScopedHandler.java:141)
	at org.eclipse.jetty.server.handler.HandlerCollection.handle(HandlerCollection.java:146)
	at org.eclipse.jetty.server.handler.HandlerWrapper.handle(HandlerWrapper.java:127)
	at org.eclipse.jetty.server.Server.handle(Server.java:512)
	at org.eclipse.jetty.server.HttpChannel.lambda$handle$1(HttpChannel.java:487)
	at org.eclipse.jetty.server.HttpChannel.dispatch(HttpChannel.java:732)
	at org.eclipse.jetty.server.HttpChannel.handle(HttpChannel.java:479)
	at org.eclipse.jetty.server.HttpConnection.onFillable(HttpConnection.java:277)
	at org.eclipse.jetty.io.AbstractConnection$ReadCallback.succeeded(AbstractConnection.java:311)
	at org.eclipse.jetty.io.FillInterest.fillable(FillInterest.java:105)
	at org.eclipse.jetty.io.ChannelEndPoint$1.run(ChannelEndPoint.java:104)
	at org.eclipse.jetty.util.thread.strategy.EatWhatYouKill.runTask(EatWhatYouKill.java:338)
	at org.eclipse.jetty.util.thread.strategy.EatWhatYouKill.doProduce(EatWhatYouKill.java:315)
	at org.eclipse.jetty.util.thread.strategy.EatWhatYouKill.tryProduce(EatWhatYouKill.java:173)
	at org.eclipse.jetty.util.thread.strategy.EatWhatYouKill.run(EatWhatYouKill.java:131)
	at org.eclipse.jetty.util.thread.ReservedThreadExecutor$ReservedThread.run(ReservedThreadExecutor.java:409)
	at org.eclipse.jetty.util.thread.QueuedThreadPool.runJob(QueuedThreadPool.java:883)
	at org.eclipse.jetty.util.thread.QueuedThreadPool$Runner.run(QueuedThreadPool.java:1034)
	at java.lang.Thread.run(Thread.java:750)
2023-11-17 09:55:50,952 [qtp149818403-24] INFO  generators.AbstractWadlGeneratorGrammarGenerator (AbstractWadlGeneratorGrammarGenerator.java:attachTypes(479)) - Couldn't find grammar element for class javax.ws.rs.core.Response
2023-11-17 09:55:50,953 [qtp149818403-24] INFO  generators.AbstractWadlGeneratorGrammarGenerator (AbstractWadlGeneratorGrammarGenerator.java:attachTypes(479)) - Couldn't find grammar element for class java.util.Map
2023-11-17 09:55:50,954 [qtp149818403-24] INFO  generators.AbstractWadlGeneratorGrammarGenerator (AbstractWadlGeneratorGrammarGenerator.java:attachTypes(479)) - Couldn't find grammar element for class javax.ws.rs.core.Response
2023-11-17 09:55:50,955 [qtp149818403-24] INFO  generators.AbstractWadlGeneratorGrammarGenerator (AbstractWadlGeneratorGrammarGenerator.java:attachTypes(479)) - Couldn't find grammar element for class java.util.Map
2023-11-17 09:55:50,956 [qtp149818403-24] INFO  generators.AbstractWadlGeneratorGrammarGenerator (AbstractWadlGeneratorGrammarGenerator.java:attachTypes(479)) - Couldn't find grammar element for class java.util.Map
2023-11-17 09:55:50,956 [qtp149818403-24] INFO  generators.AbstractWadlGeneratorGrammarGenerator (AbstractWadlGeneratorGrammarGenerator.java:attachTypes(479)) - Couldn't find grammar element for class java.util.Map
2023-11-17 09:55:50,957 [qtp149818403-24] INFO  generators.AbstractWadlGeneratorGrammarGenerator (AbstractWadlGeneratorGrammarGenerator.java:attachTypes(479)) - Couldn't find grammar element for class javax.ws.rs.core.Response
2023-11-17 09:55:50,958 [qtp149818403-24] INFO  generators.AbstractWadlGeneratorGrammarGenerator (AbstractWadlGeneratorGrammarGenerator.java:attachTypes(479)) - Couldn't find grammar element for class java.util.Map
2023-11-17 09:55:52,321 [om1-OMStateMachineApplyTransactionThread - 0] DEBUG db.CodecBuffer (CodecBuffer.java:setCapacity(328)) - setCapacity: 4096 -> 10187, max=2147483647
2023-11-17 09:55:52,332 [om1-OMStateMachineApplyTransactionThread - 0] DEBUG db.CodecBuffer (CodecBuffer.java:setCapacity(328)) - setCapacity: 4096 -> 19183, max=2147483647
2023-11-17 09:55:52,346 [IPC Server handler 8 on default port 15001] WARN  node.SCMNodeManager (SCMNodeManager.java:getNodesByAddress(1373)) - Cannot find node for address 127.0.0.1
2023-11-17 09:55:52,347 [IPC Server handler 15 on default port 15001] WARN  node.SCMNodeManager (SCMNodeManager.java:getNodesByAddress(1373)) - Cannot find node for address 127.0.0.1
2023-11-17 09:55:52,349 [IPC Server handler 14 on default port 15001] WARN  node.SCMNodeManager (SCMNodeManager.java:getNodesByAddress(1373)) - Cannot find node for address 127.0.0.1
2023-11-17 09:55:52,350 [IPC Server handler 13 on default port 15001] WARN  node.SCMNodeManager (SCMNodeManager.java:getNodesByAddress(1373)) - Cannot find node for address 127.0.0.1
2023-11-17 09:55:52,351 [IPC Server handler 12 on default port 15001] WARN  node.SCMNodeManager (SCMNodeManager.java:getNodesByAddress(1373)) - Cannot find node for address 127.0.0.1
2023-11-17 09:55:52,352 [IPC Server handler 9 on default port 15001] WARN  node.SCMNodeManager (SCMNodeManager.java:getNodesByAddress(1373)) - Cannot find node for address 127.0.0.1
2023-11-17 09:55:52,353 [IPC Server handler 6 on default port 15001] WARN  node.SCMNodeManager (SCMNodeManager.java:getNodesByAddress(1373)) - Cannot find node for address 127.0.0.1
2023-11-17 09:55:52,354 [IPC Server handler 4 on default port 15001] WARN  node.SCMNodeManager (SCMNodeManager.java:getNodesByAddress(1373)) - Cannot find node for address 127.0.0.1
2023-11-17 09:55:52,356 [IPC Server handler 0 on default port 15001] WARN  node.SCMNodeManager (SCMNodeManager.java:getNodesByAddress(1373)) - Cannot find node for address 127.0.0.1
2023-11-17 09:55:52,357 [IPC Server handler 11 on default port 15001] WARN  node.SCMNodeManager (SCMNodeManager.java:getNodesByAddress(1373)) - Cannot find node for address 127.0.0.1
2023-11-17 09:55:54,290 [om1-OMStateMachineApplyTransactionThread - 0] DEBUG db.CodecBuffer (CodecBuffer.java:setCapacity(328)) - setCapacity: 4096 -> 10195, max=2147483647
2023-11-17 09:55:54,298 [om1-OMStateMachineApplyTransactionThread - 0] DEBUG db.CodecBuffer (CodecBuffer.java:setCapacity(328)) - setCapacity: 4096 -> 19199, max=2147483647
2023-11-17 09:55:54,308 [IPC Server handler 7 on default port 15001] WARN  node.SCMNodeManager (SCMNodeManager.java:getNodesByAddress(1373)) - Cannot find node for address 127.0.0.1
2023-11-17 09:55:54,309 [IPC Server handler 5 on default port 15001] WARN  node.SCMNodeManager (SCMNodeManager.java:getNodesByAddress(1373)) - Cannot find node for address 127.0.0.1
2023-11-17 09:55:54,309 [IPC Server handler 2 on default port 15001] WARN  node.SCMNodeManager (SCMNodeManager.java:getNodesByAddress(1373)) - Cannot find node for address 127.0.0.1
2023-11-17 09:55:54,311 [IPC Server handler 11 on default port 15001] WARN  node.SCMNodeManager (SCMNodeManager.java:getNodesByAddress(1373)) - Cannot find node for address 127.0.0.1
2023-11-17 09:55:54,311 [IPC Server handler 0 on default port 15001] WARN  node.SCMNodeManager (SCMNodeManager.java:getNodesByAddress(1373)) - Cannot find node for address 127.0.0.1
2023-11-17 09:55:54,312 [IPC Server handler 4 on default port 15001] WARN  node.SCMNodeManager (SCMNodeManager.java:getNodesByAddress(1373)) - Cannot find node for address 127.0.0.1
2023-11-17 09:55:54,313 [IPC Server handler 6 on default port 15001] WARN  node.SCMNodeManager (SCMNodeManager.java:getNodesByAddress(1373)) - Cannot find node for address 127.0.0.1
2023-11-17 09:55:54,314 [IPC Server handler 9 on default port 15001] WARN  node.SCMNodeManager (SCMNodeManager.java:getNodesByAddress(1373)) - Cannot find node for address 127.0.0.1
2023-11-17 09:55:54,315 [IPC Server handler 12 on default port 15001] WARN  node.SCMNodeManager (SCMNodeManager.java:getNodesByAddress(1373)) - Cannot find node for address 127.0.0.1
2023-11-17 09:55:54,316 [IPC Server handler 13 on default port 15001] WARN  node.SCMNodeManager (SCMNodeManager.java:getNodesByAddress(1373)) - Cannot find node for address 127.0.0.1
2023-11-17 09:55:54,823 [kms-audit_thread] INFO  kms-audit (SimpleKMSAuditLogger.java:logAuditEvent(59)) - OK[op=GENERATE_EEK, key=key1, user=runner, accessCount=2, interval=10248ms] 
]]></system-out>
  </testcase>
  <testcase name="mpuThreePartsOverride(BucketLayout)[2]" classname="org.apache.hadoop.ozone.client.rpc.TestOzoneAtRestEncryption" time="2.436">
    <system-out><![CDATA[2023-11-17 09:55:54,985 [main] INFO  rpc.RpcClient (RpcClient.java:createVolume(464)) - Creating Volume: 32a21937-38b3-4f69-a856-37cdaa27d8e1, with runner as owner and space quota set to -1 bytes, counts quota set to -1
2023-11-17 09:55:54,988 [om1-OMStateMachineApplyTransactionThread - 0] INFO  volume.OMVolumeCreateRequest (OMVolumeCreateRequest.java:validateAndUpdateCache(197)) - created volume:32a21937-38b3-4f69-a856-37cdaa27d8e1 for user:runner
2023-11-17 09:55:54,990 [main] INFO  rpc.RpcClient (RpcClient.java:createBucket(691)) - Creating Bucket: 32a21937-38b3-4f69-a856-37cdaa27d8e1/b0d47dbd-01a5-4331-b219-15d56364aa16, with bucket layout OBJECT_STORE, runner as owner, Versioning false, Storage Type set to DISK and Encryption set to true, Replication Type set to server-side default replication type, Namespace Quota set to -1, Space Quota set to -1 
2023-11-17 09:55:55,000 [qtp149818403-25] INFO  kms-audit (SimpleKMSAuditLogger.java:logAuditSimpleFormat(93)) - OK[op=GET_METADATA, key=key1, user=runner] 
2023-11-17 09:55:55,003 [om1-OMStateMachineApplyTransactionThread - 0] INFO  bucket.OMBucketCreateRequest (OMBucketCreateRequest.java:validateAndUpdateCache(271)) - created bucket: b0d47dbd-01a5-4331-b219-15d56364aa16 of layout OBJECT_STORE in volume: 32a21937-38b3-4f69-a856-37cdaa27d8e1
2023-11-17 09:55:55,017 [qtp149818403-24] INFO  kms-audit (SimpleKMSAuditLogger.java:logAuditEvent(59)) - OK[op=DECRYPT_EEK, key=key1, user=runner, accessCount=41, interval=10156ms] 
2023-11-17 09:55:55,021 [qtp149818403-24] INFO  kms-audit (SimpleKMSAuditLogger.java:logAuditEvent(59)) - OK[op=DECRYPT_EEK, key=key1, user=runner, accessCount=1, interval=4ms] 
2023-11-17 09:55:55,571 [om1-OMStateMachineApplyTransactionThread - 0] DEBUG db.CodecBuffer (CodecBuffer.java:setCapacity(328)) - setCapacity: 4096 -> 10169, max=2147483647
2023-11-17 09:55:55,575 [om1-OMStateMachineApplyTransactionThread - 0] DEBUG db.CodecBuffer (CodecBuffer.java:setCapacity(328)) - setCapacity: 4096 -> 19165, max=2147483647
2023-11-17 09:55:55,582 [IPC Server handler 0 on default port 15001] WARN  node.SCMNodeManager (SCMNodeManager.java:getNodesByAddress(1373)) - Cannot find node for address 127.0.0.1
2023-11-17 09:55:55,583 [IPC Server handler 4 on default port 15001] WARN  node.SCMNodeManager (SCMNodeManager.java:getNodesByAddress(1373)) - Cannot find node for address 127.0.0.1
2023-11-17 09:55:55,584 [IPC Server handler 6 on default port 15001] WARN  node.SCMNodeManager (SCMNodeManager.java:getNodesByAddress(1373)) - Cannot find node for address 127.0.0.1
2023-11-17 09:55:55,584 [IPC Server handler 9 on default port 15001] WARN  node.SCMNodeManager (SCMNodeManager.java:getNodesByAddress(1373)) - Cannot find node for address 127.0.0.1
2023-11-17 09:55:55,585 [IPC Server handler 12 on default port 15001] WARN  node.SCMNodeManager (SCMNodeManager.java:getNodesByAddress(1373)) - Cannot find node for address 127.0.0.1
2023-11-17 09:55:55,586 [IPC Server handler 13 on default port 15001] WARN  node.SCMNodeManager (SCMNodeManager.java:getNodesByAddress(1373)) - Cannot find node for address 127.0.0.1
2023-11-17 09:55:55,586 [IPC Server handler 14 on default port 15001] WARN  node.SCMNodeManager (SCMNodeManager.java:getNodesByAddress(1373)) - Cannot find node for address 127.0.0.1
2023-11-17 09:55:55,587 [IPC Server handler 15 on default port 15001] WARN  node.SCMNodeManager (SCMNodeManager.java:getNodesByAddress(1373)) - Cannot find node for address 127.0.0.1
2023-11-17 09:55:55,588 [IPC Server handler 8 on default port 15001] WARN  node.SCMNodeManager (SCMNodeManager.java:getNodesByAddress(1373)) - Cannot find node for address 127.0.0.1
2023-11-17 09:55:55,588 [IPC Server handler 1 on default port 15001] WARN  node.SCMNodeManager (SCMNodeManager.java:getNodesByAddress(1373)) - Cannot find node for address 127.0.0.1
2023-11-17 09:55:56,819 [om1-OMStateMachineApplyTransactionThread - 0] DEBUG db.CodecBuffer (CodecBuffer.java:setCapacity(328)) - setCapacity: 4096 -> 10168, max=2147483647
2023-11-17 09:55:56,825 [om1-OMStateMachineApplyTransactionThread - 0] DEBUG db.CodecBuffer (CodecBuffer.java:setCapacity(328)) - setCapacity: 4096 -> 19158, max=2147483647
2023-11-17 09:55:56,833 [IPC Server handler 9 on default port 15001] WARN  node.SCMNodeManager (SCMNodeManager.java:getNodesByAddress(1373)) - Cannot find node for address 127.0.0.1
2023-11-17 09:55:56,834 [IPC Server handler 12 on default port 15001] WARN  node.SCMNodeManager (SCMNodeManager.java:getNodesByAddress(1373)) - Cannot find node for address 127.0.0.1
2023-11-17 09:55:56,835 [IPC Server handler 15 on default port 15001] WARN  node.SCMNodeManager (SCMNodeManager.java:getNodesByAddress(1373)) - Cannot find node for address 127.0.0.1
2023-11-17 09:55:56,835 [IPC Server handler 14 on default port 15001] WARN  node.SCMNodeManager (SCMNodeManager.java:getNodesByAddress(1373)) - Cannot find node for address 127.0.0.1
2023-11-17 09:55:56,836 [IPC Server handler 8 on default port 15001] WARN  node.SCMNodeManager (SCMNodeManager.java:getNodesByAddress(1373)) - Cannot find node for address 127.0.0.1
2023-11-17 09:55:56,837 [IPC Server handler 13 on default port 15001] WARN  node.SCMNodeManager (SCMNodeManager.java:getNodesByAddress(1373)) - Cannot find node for address 127.0.0.1
2023-11-17 09:55:56,838 [IPC Server handler 1 on default port 15001] WARN  node.SCMNodeManager (SCMNodeManager.java:getNodesByAddress(1373)) - Cannot find node for address 127.0.0.1
2023-11-17 09:55:56,839 [IPC Server handler 16 on default port 15001] WARN  node.SCMNodeManager (SCMNodeManager.java:getNodesByAddress(1373)) - Cannot find node for address 127.0.0.1
2023-11-17 09:55:56,840 [IPC Server handler 18 on default port 15001] WARN  node.SCMNodeManager (SCMNodeManager.java:getNodesByAddress(1373)) - Cannot find node for address 127.0.0.1
2023-11-17 09:55:56,840 [IPC Server handler 19 on default port 15001] WARN  node.SCMNodeManager (SCMNodeManager.java:getNodesByAddress(1373)) - Cannot find node for address 127.0.0.1
]]></system-out>
  </testcase>
  <testcase name="mpuThreePartsOverride(BucketLayout)[3]" classname="org.apache.hadoop.ozone.client.rpc.TestOzoneAtRestEncryption" time="2.28">
    <system-out><![CDATA[2023-11-17 09:55:57,422 [main] INFO  rpc.RpcClient (RpcClient.java:createVolume(464)) - Creating Volume: 19e555fe-dc23-4e41-8f6f-5edf701140d4, with runner as owner and space quota set to -1 bytes, counts quota set to -1
2023-11-17 09:55:57,425 [om1-OMStateMachineApplyTransactionThread - 0] INFO  volume.OMVolumeCreateRequest (OMVolumeCreateRequest.java:validateAndUpdateCache(197)) - created volume:19e555fe-dc23-4e41-8f6f-5edf701140d4 for user:runner
2023-11-17 09:55:57,428 [main] INFO  rpc.RpcClient (RpcClient.java:createBucket(691)) - Creating Bucket: 19e555fe-dc23-4e41-8f6f-5edf701140d4/9201fc19-2dd2-4424-89fe-7bcf01d32b4d, with bucket layout LEGACY, runner as owner, Versioning false, Storage Type set to DISK and Encryption set to true, Replication Type set to server-side default replication type, Namespace Quota set to -1, Space Quota set to -1 
2023-11-17 09:55:57,431 [qtp149818403-25] INFO  kms-audit (SimpleKMSAuditLogger.java:logAuditSimpleFormat(93)) - OK[op=GET_METADATA, key=key1, user=runner] 
2023-11-17 09:55:57,433 [om1-OMStateMachineApplyTransactionThread - 0] INFO  bucket.OMBucketCreateRequest (OMBucketCreateRequest.java:validateAndUpdateCache(271)) - created bucket: 9201fc19-2dd2-4424-89fe-7bcf01d32b4d of layout LEGACY in volume: 19e555fe-dc23-4e41-8f6f-5edf701140d4
2023-11-17 09:55:57,844 [om1-OMStateMachineApplyTransactionThread - 0] DEBUG db.CodecBuffer (CodecBuffer.java:setCapacity(328)) - setCapacity: 4096 -> 10172, max=2147483647
2023-11-17 09:55:57,848 [om1-OMStateMachineApplyTransactionThread - 0] DEBUG db.CodecBuffer (CodecBuffer.java:setCapacity(328)) - setCapacity: 4096 -> 19177, max=2147483647
2023-11-17 09:55:57,853 [IPC Server handler 0 on default port 15001] WARN  node.SCMNodeManager (SCMNodeManager.java:getNodesByAddress(1373)) - Cannot find node for address 127.0.0.1
2023-11-17 09:55:57,854 [IPC Server handler 4 on default port 15001] WARN  node.SCMNodeManager (SCMNodeManager.java:getNodesByAddress(1373)) - Cannot find node for address 127.0.0.1
2023-11-17 09:55:57,854 [IPC Server handler 6 on default port 15001] WARN  node.SCMNodeManager (SCMNodeManager.java:getNodesByAddress(1373)) - Cannot find node for address 127.0.0.1
2023-11-17 09:55:57,855 [IPC Server handler 9 on default port 15001] WARN  node.SCMNodeManager (SCMNodeManager.java:getNodesByAddress(1373)) - Cannot find node for address 127.0.0.1
2023-11-17 09:55:57,856 [IPC Server handler 12 on default port 15001] WARN  node.SCMNodeManager (SCMNodeManager.java:getNodesByAddress(1373)) - Cannot find node for address 127.0.0.1
2023-11-17 09:55:57,857 [IPC Server handler 15 on default port 15001] WARN  node.SCMNodeManager (SCMNodeManager.java:getNodesByAddress(1373)) - Cannot find node for address 127.0.0.1
2023-11-17 09:55:57,857 [IPC Server handler 14 on default port 15001] WARN  node.SCMNodeManager (SCMNodeManager.java:getNodesByAddress(1373)) - Cannot find node for address 127.0.0.1
2023-11-17 09:55:57,858 [IPC Server handler 8 on default port 15001] WARN  node.SCMNodeManager (SCMNodeManager.java:getNodesByAddress(1373)) - Cannot find node for address 127.0.0.1
2023-11-17 09:55:58,991 [om1-OMStateMachineApplyTransactionThread - 0] DEBUG db.CodecBuffer (CodecBuffer.java:setCapacity(328)) - setCapacity: 4096 -> 10159, max=2147483647
2023-11-17 09:55:58,996 [om1-OMStateMachineApplyTransactionThread - 0] DEBUG db.CodecBuffer (CodecBuffer.java:setCapacity(328)) - setCapacity: 4096 -> 19152, max=2147483647
2023-11-17 09:55:59,000 [IPC Server handler 5 on default port 15001] WARN  node.SCMNodeManager (SCMNodeManager.java:getNodesByAddress(1373)) - Cannot find node for address 127.0.0.1
2023-11-17 09:55:59,001 [IPC Server handler 2 on default port 15001] WARN  node.SCMNodeManager (SCMNodeManager.java:getNodesByAddress(1373)) - Cannot find node for address 127.0.0.1
2023-11-17 09:55:59,001 [IPC Server handler 11 on default port 15001] WARN  node.SCMNodeManager (SCMNodeManager.java:getNodesByAddress(1373)) - Cannot find node for address 127.0.0.1
2023-11-17 09:55:59,002 [IPC Server handler 0 on default port 15001] WARN  node.SCMNodeManager (SCMNodeManager.java:getNodesByAddress(1373)) - Cannot find node for address 127.0.0.1
2023-11-17 09:55:59,003 [IPC Server handler 4 on default port 15001] WARN  node.SCMNodeManager (SCMNodeManager.java:getNodesByAddress(1373)) - Cannot find node for address 127.0.0.1
2023-11-17 09:55:59,003 [IPC Server handler 6 on default port 15001] WARN  node.SCMNodeManager (SCMNodeManager.java:getNodesByAddress(1373)) - Cannot find node for address 127.0.0.1
2023-11-17 09:55:59,004 [IPC Server handler 9 on default port 15001] WARN  node.SCMNodeManager (SCMNodeManager.java:getNodesByAddress(1373)) - Cannot find node for address 127.0.0.1
2023-11-17 09:55:59,005 [IPC Server handler 12 on default port 15001] WARN  node.SCMNodeManager (SCMNodeManager.java:getNodesByAddress(1373)) - Cannot find node for address 127.0.0.1
2023-11-17 09:55:59,005 [IPC Server handler 15 on default port 15001] WARN  node.SCMNodeManager (SCMNodeManager.java:getNodesByAddress(1373)) - Cannot find node for address 127.0.0.1
2023-11-17 09:55:59,006 [IPC Server handler 14 on default port 15001] WARN  node.SCMNodeManager (SCMNodeManager.java:getNodesByAddress(1373)) - Cannot find node for address 127.0.0.1
]]></system-out>
  </testcase>
  <testcase name="testKeyWithEncryptionAndGdpr(BucketLayout)[1]" classname="org.apache.hadoop.ozone.client.rpc.TestOzoneAtRestEncryption" time="0.093">
    <system-out><![CDATA[2023-11-17 09:55:59,706 [main] INFO  rpc.RpcClient (RpcClient.java:createVolume(464)) - Creating Volume: 5516139e-0421-400d-ab73-adc4fa5d8b37, with runner as owner and space quota set to -1 bytes, counts quota set to -1
2023-11-17 09:55:59,708 [om1-OMStateMachineApplyTransactionThread - 0] INFO  volume.OMVolumeCreateRequest (OMVolumeCreateRequest.java:validateAndUpdateCache(197)) - created volume:5516139e-0421-400d-ab73-adc4fa5d8b37 for user:runner
2023-11-17 09:55:59,710 [main] INFO  rpc.RpcClient (RpcClient.java:createBucket(691)) - Creating Bucket: 5516139e-0421-400d-ab73-adc4fa5d8b37/af4ee2a8-f600-40b1-9bc7-938d72d4ce13, with bucket layout FILE_SYSTEM_OPTIMIZED, runner as owner, Versioning false, Storage Type set to DISK and Encryption set to true, Replication Type set to server-side default replication type, Namespace Quota set to -1, Space Quota set to -1 
2023-11-17 09:55:59,712 [qtp149818403-25] INFO  kms-audit (SimpleKMSAuditLogger.java:logAuditSimpleFormat(93)) - OK[op=GET_METADATA, key=key1, user=runner] 
2023-11-17 09:55:59,715 [om1-OMStateMachineApplyTransactionThread - 0] INFO  bucket.OMBucketCreateRequest (OMBucketCreateRequest.java:validateAndUpdateCache(271)) - created bucket: af4ee2a8-f600-40b1-9bc7-938d72d4ce13 of layout FILE_SYSTEM_OPTIMIZED in volume: 5516139e-0421-400d-ab73-adc4fa5d8b37
2023-11-17 09:55:59,749 [IPC Server handler 13 on default port 15001] WARN  node.SCMNodeManager (SCMNodeManager.java:getNodesByAddress(1373)) - Cannot find node for address 127.0.0.1
2023-11-17 09:55:59,751 [IPC Server handler 1 on default port 15001] WARN  node.SCMNodeManager (SCMNodeManager.java:getNodesByAddress(1373)) - Cannot find node for address 127.0.0.1
]]></system-out>
  </testcase>
  <testcase name="testKeyWithEncryptionAndGdpr(BucketLayout)[2]" classname="org.apache.hadoop.ozone.client.rpc.TestOzoneAtRestEncryption" time="0.051">
    <system-out><![CDATA[2023-11-17 09:55:59,800 [main] INFO  rpc.RpcClient (RpcClient.java:createVolume(464)) - Creating Volume: 34a29e1d-f785-4e6e-95ac-fe3aa1814d89, with runner as owner and space quota set to -1 bytes, counts quota set to -1
2023-11-17 09:55:59,802 [om1-OMStateMachineApplyTransactionThread - 0] INFO  volume.OMVolumeCreateRequest (OMVolumeCreateRequest.java:validateAndUpdateCache(197)) - created volume:34a29e1d-f785-4e6e-95ac-fe3aa1814d89 for user:runner
2023-11-17 09:55:59,804 [main] INFO  rpc.RpcClient (RpcClient.java:createBucket(691)) - Creating Bucket: 34a29e1d-f785-4e6e-95ac-fe3aa1814d89/459b7c6b-e031-4cd0-8f63-5eb83109b60e, with bucket layout OBJECT_STORE, runner as owner, Versioning false, Storage Type set to DISK and Encryption set to true, Replication Type set to server-side default replication type, Namespace Quota set to -1, Space Quota set to -1 
2023-11-17 09:55:59,807 [qtp149818403-25] INFO  kms-audit (SimpleKMSAuditLogger.java:logAuditSimpleFormat(93)) - OK[op=GET_METADATA, key=key1, user=runner] 
2023-11-17 09:55:59,810 [om1-OMStateMachineApplyTransactionThread - 0] INFO  bucket.OMBucketCreateRequest (OMBucketCreateRequest.java:validateAndUpdateCache(271)) - created bucket: 459b7c6b-e031-4cd0-8f63-5eb83109b60e of layout OBJECT_STORE in volume: 34a29e1d-f785-4e6e-95ac-fe3aa1814d89
2023-11-17 09:55:59,833 [IPC Server handler 18 on default port 15001] WARN  node.SCMNodeManager (SCMNodeManager.java:getNodesByAddress(1373)) - Cannot find node for address 127.0.0.1
2023-11-17 09:55:59,836 [IPC Server handler 19 on default port 15001] WARN  node.SCMNodeManager (SCMNodeManager.java:getNodesByAddress(1373)) - Cannot find node for address 127.0.0.1
]]></system-out>
  </testcase>
  <testcase name="testKeyWithEncryptionAndGdpr(BucketLayout)[3]" classname="org.apache.hadoop.ozone.client.rpc.TestOzoneAtRestEncryption" time="0.54">
    <system-out><![CDATA[2023-11-17 09:55:59,852 [main] INFO  rpc.RpcClient (RpcClient.java:createVolume(464)) - Creating Volume: 9354b34e-8953-4c00-84c7-4e67702905c8, with runner as owner and space quota set to -1 bytes, counts quota set to -1
2023-11-17 09:55:59,854 [om1-OMStateMachineApplyTransactionThread - 0] INFO  volume.OMVolumeCreateRequest (OMVolumeCreateRequest.java:validateAndUpdateCache(197)) - created volume:9354b34e-8953-4c00-84c7-4e67702905c8 for user:runner
2023-11-17 09:55:59,856 [main] INFO  rpc.RpcClient (RpcClient.java:createBucket(691)) - Creating Bucket: 9354b34e-8953-4c00-84c7-4e67702905c8/200417c5-9c12-4856-a96f-f2c1208c8e3b, with bucket layout LEGACY, runner as owner, Versioning false, Storage Type set to DISK and Encryption set to true, Replication Type set to server-side default replication type, Namespace Quota set to -1, Space Quota set to -1 
2023-11-17 09:55:59,858 [qtp149818403-24] INFO  kms-audit (SimpleKMSAuditLogger.java:logAuditSimpleFormat(93)) - OK[op=GET_METADATA, key=key1, user=runner] 
2023-11-17 09:55:59,860 [om1-OMStateMachineApplyTransactionThread - 0] INFO  bucket.OMBucketCreateRequest (OMBucketCreateRequest.java:validateAndUpdateCache(271)) - created bucket: 200417c5-9c12-4856-a96f-f2c1208c8e3b of layout LEGACY in volume: 9354b34e-8953-4c00-84c7-4e67702905c8
2023-11-17 09:55:59,877 [IPC Server handler 3 on default port 15001] WARN  node.SCMNodeManager (SCMNodeManager.java:getNodesByAddress(1373)) - Cannot find node for address 127.0.0.1
2023-11-17 09:55:59,879 [IPC Server handler 10 on default port 15001] WARN  node.SCMNodeManager (SCMNodeManager.java:getNodesByAddress(1373)) - Cannot find node for address 127.0.0.1
]]></system-out>
  </testcase>
  <testcase name="mpuOnePart(BucketLayout)[1]" classname="org.apache.hadoop.ozone.client.rpc.TestOzoneAtRestEncryption" time="0.223">
    <system-out><![CDATA[2023-11-17 09:56:00,395 [main] INFO  rpc.RpcClient (RpcClient.java:createVolume(464)) - Creating Volume: 7d2e18a5-6cef-48b7-b2e3-9a27ba0c3f10, with runner as owner and space quota set to -1 bytes, counts quota set to -1
2023-11-17 09:56:00,397 [om1-OMStateMachineApplyTransactionThread - 0] INFO  volume.OMVolumeCreateRequest (OMVolumeCreateRequest.java:validateAndUpdateCache(197)) - created volume:7d2e18a5-6cef-48b7-b2e3-9a27ba0c3f10 for user:runner
2023-11-17 09:56:00,399 [main] INFO  rpc.RpcClient (RpcClient.java:createBucket(691)) - Creating Bucket: 7d2e18a5-6cef-48b7-b2e3-9a27ba0c3f10/de5adcf9-7089-487f-83fb-08a9da3671a2, with bucket layout FILE_SYSTEM_OPTIMIZED, runner as owner, Versioning false, Storage Type set to DISK and Encryption set to true, Replication Type set to server-side default replication type, Namespace Quota set to -1, Space Quota set to -1 
2023-11-17 09:56:00,402 [qtp149818403-25] INFO  kms-audit (SimpleKMSAuditLogger.java:logAuditSimpleFormat(93)) - OK[op=GET_METADATA, key=key1, user=runner] 
2023-11-17 09:56:00,404 [om1-OMStateMachineApplyTransactionThread - 0] INFO  bucket.OMBucketCreateRequest (OMBucketCreateRequest.java:validateAndUpdateCache(271)) - created bucket: de5adcf9-7089-487f-83fb-08a9da3671a2 of layout FILE_SYSTEM_OPTIMIZED in volume: 7d2e18a5-6cef-48b7-b2e3-9a27ba0c3f10
2023-11-17 09:56:00,488 [IPC Server handler 19 on default port 15001] WARN  node.SCMNodeManager (SCMNodeManager.java:getNodesByAddress(1373)) - Cannot find node for address 127.0.0.1
2023-11-17 09:56:00,489 [IPC Server handler 17 on default port 15001] WARN  node.SCMNodeManager (SCMNodeManager.java:getNodesByAddress(1373)) - Cannot find node for address 127.0.0.1
2023-11-17 09:56:00,490 [IPC Server handler 3 on default port 15001] WARN  node.SCMNodeManager (SCMNodeManager.java:getNodesByAddress(1373)) - Cannot find node for address 127.0.0.1
2023-11-17 09:56:00,491 [IPC Server handler 10 on default port 15001] WARN  node.SCMNodeManager (SCMNodeManager.java:getNodesByAddress(1373)) - Cannot find node for address 127.0.0.1
]]></system-out>
  </testcase>
  <testcase name="mpuOnePart(BucketLayout)[2]" classname="org.apache.hadoop.ozone.client.rpc.TestOzoneAtRestEncryption" time="0.255">
    <system-out><![CDATA[2023-11-17 09:56:00,621 [main] INFO  rpc.RpcClient (RpcClient.java:createVolume(464)) - Creating Volume: b0527f7c-73ff-4c80-81fa-2f68bcb4407b, with runner as owner and space quota set to -1 bytes, counts quota set to -1
2023-11-17 09:56:00,623 [om1-OMStateMachineApplyTransactionThread - 0] INFO  volume.OMVolumeCreateRequest (OMVolumeCreateRequest.java:validateAndUpdateCache(197)) - created volume:b0527f7c-73ff-4c80-81fa-2f68bcb4407b for user:runner
2023-11-17 09:56:00,625 [main] INFO  rpc.RpcClient (RpcClient.java:createBucket(691)) - Creating Bucket: b0527f7c-73ff-4c80-81fa-2f68bcb4407b/2e32c216-0a48-4384-a53c-091513484120, with bucket layout OBJECT_STORE, runner as owner, Versioning false, Storage Type set to DISK and Encryption set to true, Replication Type set to server-side default replication type, Namespace Quota set to -1, Space Quota set to -1 
2023-11-17 09:56:00,627 [qtp149818403-25] INFO  kms-audit (SimpleKMSAuditLogger.java:logAuditSimpleFormat(93)) - OK[op=GET_METADATA, key=key1, user=runner] 
2023-11-17 09:56:00,629 [om1-OMStateMachineApplyTransactionThread - 0] INFO  bucket.OMBucketCreateRequest (OMBucketCreateRequest.java:validateAndUpdateCache(271)) - created bucket: 2e32c216-0a48-4384-a53c-091513484120 of layout OBJECT_STORE in volume: b0527f7c-73ff-4c80-81fa-2f68bcb4407b
2023-11-17 09:56:00,714 [IPC Server handler 4 on default port 15001] WARN  node.SCMNodeManager (SCMNodeManager.java:getNodesByAddress(1373)) - Cannot find node for address 127.0.0.1
2023-11-17 09:56:00,714 [IPC Server handler 6 on default port 15001] WARN  node.SCMNodeManager (SCMNodeManager.java:getNodesByAddress(1373)) - Cannot find node for address 127.0.0.1
2023-11-17 09:56:00,715 [IPC Server handler 9 on default port 15001] WARN  node.SCMNodeManager (SCMNodeManager.java:getNodesByAddress(1373)) - Cannot find node for address 127.0.0.1
2023-11-17 09:56:00,715 [IPC Server handler 12 on default port 15001] WARN  node.SCMNodeManager (SCMNodeManager.java:getNodesByAddress(1373)) - Cannot find node for address 127.0.0.1
]]></system-out>
  </testcase>
  <testcase name="mpuOnePart(BucketLayout)[3]" classname="org.apache.hadoop.ozone.client.rpc.TestOzoneAtRestEncryption" time="0.235">
    <system-out><![CDATA[2023-11-17 09:56:00,876 [main] INFO  rpc.RpcClient (RpcClient.java:createVolume(464)) - Creating Volume: 06abfe09-42d8-4f3e-87d1-1265f4b822f1, with runner as owner and space quota set to -1 bytes, counts quota set to -1
2023-11-17 09:56:00,878 [om1-OMStateMachineApplyTransactionThread - 0] INFO  volume.OMVolumeCreateRequest (OMVolumeCreateRequest.java:validateAndUpdateCache(197)) - created volume:06abfe09-42d8-4f3e-87d1-1265f4b822f1 for user:runner
2023-11-17 09:56:00,880 [main] INFO  rpc.RpcClient (RpcClient.java:createBucket(691)) - Creating Bucket: 06abfe09-42d8-4f3e-87d1-1265f4b822f1/4cf686ad-b0ce-42c4-8e6c-b9e61695c1fe, with bucket layout LEGACY, runner as owner, Versioning false, Storage Type set to DISK and Encryption set to true, Replication Type set to server-side default replication type, Namespace Quota set to -1, Space Quota set to -1 
2023-11-17 09:56:00,882 [qtp149818403-24] INFO  kms-audit (SimpleKMSAuditLogger.java:logAuditSimpleFormat(93)) - OK[op=GET_METADATA, key=key1, user=runner] 
2023-11-17 09:56:00,884 [om1-OMStateMachineApplyTransactionThread - 0] INFO  bucket.OMBucketCreateRequest (OMBucketCreateRequest.java:validateAndUpdateCache(271)) - created bucket: 4cf686ad-b0ce-42c4-8e6c-b9e61695c1fe of layout LEGACY in volume: 06abfe09-42d8-4f3e-87d1-1265f4b822f1
2023-11-17 09:56:00,964 [IPC Server handler 16 on default port 15001] WARN  node.SCMNodeManager (SCMNodeManager.java:getNodesByAddress(1373)) - Cannot find node for address 127.0.0.1
2023-11-17 09:56:00,965 [IPC Server handler 18 on default port 15001] WARN  node.SCMNodeManager (SCMNodeManager.java:getNodesByAddress(1373)) - Cannot find node for address 127.0.0.1
2023-11-17 09:56:00,965 [IPC Server handler 19 on default port 15001] WARN  node.SCMNodeManager (SCMNodeManager.java:getNodesByAddress(1373)) - Cannot find node for address 127.0.0.1
2023-11-17 09:56:00,966 [IPC Server handler 17 on default port 15001] WARN  node.SCMNodeManager (SCMNodeManager.java:getNodesByAddress(1373)) - Cannot find node for address 127.0.0.1
]]></system-out>
  </testcase>
  <testcase name="mpuTwoParts(BucketLayout)[1]" classname="org.apache.hadoop.ozone.client.rpc.TestOzoneAtRestEncryption" time="0.544">
    <system-out><![CDATA[2023-11-17 09:56:01,114 [main] INFO  rpc.RpcClient (RpcClient.java:createVolume(464)) - Creating Volume: 264e1076-64ec-4636-9511-5a7df5e818e6, with runner as owner and space quota set to -1 bytes, counts quota set to -1
2023-11-17 09:56:01,116 [om1-OMStateMachineApplyTransactionThread - 0] INFO  volume.OMVolumeCreateRequest (OMVolumeCreateRequest.java:validateAndUpdateCache(197)) - created volume:264e1076-64ec-4636-9511-5a7df5e818e6 for user:runner
2023-11-17 09:56:01,117 [main] INFO  rpc.RpcClient (RpcClient.java:createBucket(691)) - Creating Bucket: 264e1076-64ec-4636-9511-5a7df5e818e6/06cd2b16-61ff-48e2-bf6b-d3e3c063e810, with bucket layout FILE_SYSTEM_OPTIMIZED, runner as owner, Versioning false, Storage Type set to DISK and Encryption set to true, Replication Type set to server-side default replication type, Namespace Quota set to -1, Space Quota set to -1 
2023-11-17 09:56:01,120 [qtp149818403-24] INFO  kms-audit (SimpleKMSAuditLogger.java:logAuditSimpleFormat(93)) - OK[op=GET_METADATA, key=key1, user=runner] 
2023-11-17 09:56:01,122 [om1-OMStateMachineApplyTransactionThread - 0] INFO  bucket.OMBucketCreateRequest (OMBucketCreateRequest.java:validateAndUpdateCache(271)) - created bucket: 06cd2b16-61ff-48e2-bf6b-d3e3c063e810 of layout FILE_SYSTEM_OPTIMIZED in volume: 264e1076-64ec-4636-9511-5a7df5e818e6
2023-11-17 09:56:01,306 [om1-OMStateMachineApplyTransactionThread - 0] DEBUG db.CodecBuffer (CodecBuffer.java:setCapacity(328)) - setCapacity: 4096 -> 10200, max=2147483647
2023-11-17 09:56:01,310 [IPC Server handler 13 on default port 15001] WARN  node.SCMNodeManager (SCMNodeManager.java:getNodesByAddress(1373)) - Cannot find node for address 127.0.0.1
2023-11-17 09:56:01,311 [IPC Server handler 1 on default port 15001] WARN  node.SCMNodeManager (SCMNodeManager.java:getNodesByAddress(1373)) - Cannot find node for address 127.0.0.1
2023-11-17 09:56:01,312 [IPC Server handler 16 on default port 15001] WARN  node.SCMNodeManager (SCMNodeManager.java:getNodesByAddress(1373)) - Cannot find node for address 127.0.0.1
2023-11-17 09:56:01,312 [IPC Server handler 18 on default port 15001] WARN  node.SCMNodeManager (SCMNodeManager.java:getNodesByAddress(1373)) - Cannot find node for address 127.0.0.1
2023-11-17 09:56:01,313 [IPC Server handler 19 on default port 15001] WARN  node.SCMNodeManager (SCMNodeManager.java:getNodesByAddress(1373)) - Cannot find node for address 127.0.0.1
2023-11-17 09:56:01,314 [IPC Server handler 17 on default port 15001] WARN  node.SCMNodeManager (SCMNodeManager.java:getNodesByAddress(1373)) - Cannot find node for address 127.0.0.1
2023-11-17 09:56:01,314 [IPC Server handler 3 on default port 15001] WARN  node.SCMNodeManager (SCMNodeManager.java:getNodesByAddress(1373)) - Cannot find node for address 127.0.0.1
2023-11-17 09:56:01,315 [IPC Server handler 10 on default port 15001] WARN  node.SCMNodeManager (SCMNodeManager.java:getNodesByAddress(1373)) - Cannot find node for address 127.0.0.1
2023-11-17 09:56:01,316 [IPC Server handler 7 on default port 15001] WARN  node.SCMNodeManager (SCMNodeManager.java:getNodesByAddress(1373)) - Cannot find node for address 127.0.0.1
]]></system-out>
  </testcase>
  <testcase name="mpuTwoParts(BucketLayout)[2]" classname="org.apache.hadoop.ozone.client.rpc.TestOzoneAtRestEncryption" time="0.472">
    <system-out><![CDATA[2023-11-17 09:56:01,659 [main] INFO  rpc.RpcClient (RpcClient.java:createVolume(464)) - Creating Volume: cfddf4a5-debe-446a-98b5-f871291be895, with runner as owner and space quota set to -1 bytes, counts quota set to -1
2023-11-17 09:56:01,662 [om1-OMStateMachineApplyTransactionThread - 0] INFO  volume.OMVolumeCreateRequest (OMVolumeCreateRequest.java:validateAndUpdateCache(197)) - created volume:cfddf4a5-debe-446a-98b5-f871291be895 for user:runner
2023-11-17 09:56:01,665 [main] INFO  rpc.RpcClient (RpcClient.java:createBucket(691)) - Creating Bucket: cfddf4a5-debe-446a-98b5-f871291be895/2e1acf2a-88e8-4079-a667-009583bb0a39, with bucket layout OBJECT_STORE, runner as owner, Versioning false, Storage Type set to DISK and Encryption set to true, Replication Type set to server-side default replication type, Namespace Quota set to -1, Space Quota set to -1 
2023-11-17 09:56:01,670 [qtp149818403-25] INFO  kms-audit (SimpleKMSAuditLogger.java:logAuditSimpleFormat(93)) - OK[op=GET_METADATA, key=key1, user=runner] 
2023-11-17 09:56:01,673 [om1-OMStateMachineApplyTransactionThread - 0] INFO  bucket.OMBucketCreateRequest (OMBucketCreateRequest.java:validateAndUpdateCache(271)) - created bucket: 2e1acf2a-88e8-4079-a667-009583bb0a39 of layout OBJECT_STORE in volume: cfddf4a5-debe-446a-98b5-f871291be895
2023-11-17 09:56:01,879 [om1-OMStateMachineApplyTransactionThread - 0] DEBUG db.CodecBuffer (CodecBuffer.java:setCapacity(328)) - setCapacity: 4096 -> 10169, max=2147483647
2023-11-17 09:56:01,883 [IPC Server handler 18 on default port 15001] WARN  node.SCMNodeManager (SCMNodeManager.java:getNodesByAddress(1373)) - Cannot find node for address 127.0.0.1
2023-11-17 09:56:01,884 [IPC Server handler 19 on default port 15001] WARN  node.SCMNodeManager (SCMNodeManager.java:getNodesByAddress(1373)) - Cannot find node for address 127.0.0.1
2023-11-17 09:56:01,885 [IPC Server handler 17 on default port 15001] WARN  node.SCMNodeManager (SCMNodeManager.java:getNodesByAddress(1373)) - Cannot find node for address 127.0.0.1
2023-11-17 09:56:01,885 [IPC Server handler 3 on default port 15001] WARN  node.SCMNodeManager (SCMNodeManager.java:getNodesByAddress(1373)) - Cannot find node for address 127.0.0.1
2023-11-17 09:56:01,886 [IPC Server handler 10 on default port 15001] WARN  node.SCMNodeManager (SCMNodeManager.java:getNodesByAddress(1373)) - Cannot find node for address 127.0.0.1
2023-11-17 09:56:01,886 [IPC Server handler 7 on default port 15001] WARN  node.SCMNodeManager (SCMNodeManager.java:getNodesByAddress(1373)) - Cannot find node for address 127.0.0.1
2023-11-17 09:56:01,887 [IPC Server handler 5 on default port 15001] WARN  node.SCMNodeManager (SCMNodeManager.java:getNodesByAddress(1373)) - Cannot find node for address 127.0.0.1
2023-11-17 09:56:01,888 [IPC Server handler 2 on default port 15001] WARN  node.SCMNodeManager (SCMNodeManager.java:getNodesByAddress(1373)) - Cannot find node for address 127.0.0.1
]]></system-out>
  </testcase>
  <testcase name="mpuTwoParts(BucketLayout)[3]" classname="org.apache.hadoop.ozone.client.rpc.TestOzoneAtRestEncryption" time="0.947">
    <system-out><![CDATA[2023-11-17 09:56:02,135 [main] INFO  rpc.RpcClient (RpcClient.java:createVolume(464)) - Creating Volume: 0983651e-acab-4f31-bc9c-5f45a13c56a4, with runner as owner and space quota set to -1 bytes, counts quota set to -1
2023-11-17 09:56:02,138 [om1-OMStateMachineApplyTransactionThread - 0] INFO  volume.OMVolumeCreateRequest (OMVolumeCreateRequest.java:validateAndUpdateCache(197)) - created volume:0983651e-acab-4f31-bc9c-5f45a13c56a4 for user:runner
2023-11-17 09:56:02,139 [main] INFO  rpc.RpcClient (RpcClient.java:createBucket(691)) - Creating Bucket: 0983651e-acab-4f31-bc9c-5f45a13c56a4/cb45ac49-0b36-4bf2-9b6c-539a1d2d9221, with bucket layout LEGACY, runner as owner, Versioning false, Storage Type set to DISK and Encryption set to true, Replication Type set to server-side default replication type, Namespace Quota set to -1, Space Quota set to -1 
2023-11-17 09:56:02,141 [qtp149818403-24] INFO  kms-audit (SimpleKMSAuditLogger.java:logAuditSimpleFormat(93)) - OK[op=GET_METADATA, key=key1, user=runner] 
2023-11-17 09:56:02,146 [om1-OMStateMachineApplyTransactionThread - 0] INFO  bucket.OMBucketCreateRequest (OMBucketCreateRequest.java:validateAndUpdateCache(271)) - created bucket: cb45ac49-0b36-4bf2-9b6c-539a1d2d9221 of layout LEGACY in volume: 0983651e-acab-4f31-bc9c-5f45a13c56a4
2023-11-17 09:56:02,323 [om1-OMStateMachineApplyTransactionThread - 0] DEBUG db.CodecBuffer (CodecBuffer.java:setCapacity(328)) - setCapacity: 4096 -> 10173, max=2147483647
2023-11-17 09:56:02,328 [IPC Server handler 17 on default port 15001] WARN  node.SCMNodeManager (SCMNodeManager.java:getNodesByAddress(1373)) - Cannot find node for address 127.0.0.1
2023-11-17 09:56:02,329 [IPC Server handler 3 on default port 15001] WARN  node.SCMNodeManager (SCMNodeManager.java:getNodesByAddress(1373)) - Cannot find node for address 127.0.0.1
2023-11-17 09:56:02,329 [IPC Server handler 10 on default port 15001] WARN  node.SCMNodeManager (SCMNodeManager.java:getNodesByAddress(1373)) - Cannot find node for address 127.0.0.1
2023-11-17 09:56:02,330 [IPC Server handler 7 on default port 15001] WARN  node.SCMNodeManager (SCMNodeManager.java:getNodesByAddress(1373)) - Cannot find node for address 127.0.0.1
2023-11-17 09:56:02,330 [IPC Server handler 5 on default port 15001] WARN  node.SCMNodeManager (SCMNodeManager.java:getNodesByAddress(1373)) - Cannot find node for address 127.0.0.1
2023-11-17 09:56:02,331 [IPC Server handler 2 on default port 15001] WARN  node.SCMNodeManager (SCMNodeManager.java:getNodesByAddress(1373)) - Cannot find node for address 127.0.0.1
2023-11-17 09:56:02,331 [IPC Server handler 11 on default port 15001] WARN  node.SCMNodeManager (SCMNodeManager.java:getNodesByAddress(1373)) - Cannot find node for address 127.0.0.1
2023-11-17 09:56:02,981 [JvmPauseMonitor11] WARN  util.JvmPauseMonitor (JvmPauseMonitor.java:detectPause(124)) - JvmPauseMonitor-a7ddde4f-1380-4d54-ae4e-b71d3284ab6f: Detected pause in JVM or host machine approximately 0.412s with 0.498s GC time.
GC pool 'PS MarkSweep' had collection(s): count=1 time=437ms
GC pool 'PS Scavenge' had collection(s): count=1 time=61ms
2023-11-17 09:56:02,981 [JvmPauseMonitor3] WARN  util.JvmPauseMonitor (JvmPauseMonitor.java:detectPause(124)) - JvmPauseMonitor-3f7ce36a-008a-4440-b2ee-16e9e4e5a9e8: Detected pause in JVM or host machine approximately 0.417s with 0.498s GC time.
GC pool 'PS MarkSweep' had collection(s): count=1 time=437ms
GC pool 'PS Scavenge' had collection(s): count=1 time=61ms
2023-11-17 09:56:02,982 [JvmPauseMonitor7] WARN  util.JvmPauseMonitor (JvmPauseMonitor.java:detectPause(124)) - JvmPauseMonitor-fea717c9-b406-422e-8ccb-799e860d7c03: Detected pause in JVM or host machine approximately 0.418s with 0.498s GC time.
GC pool 'PS MarkSweep' had collection(s): count=1 time=437ms
GC pool 'PS Scavenge' had collection(s): count=1 time=61ms
2023-11-17 09:56:02,982 [JvmPauseMonitor0] WARN  util.JvmPauseMonitor (JvmPauseMonitor.java:detectPause(124)) - JvmPauseMonitor-c54a0d0f-cad0-48e8-9d93-7a5684d48de4: Detected pause in JVM or host machine approximately 0.419s with 0.498s GC time.
GC pool 'PS MarkSweep' had collection(s): count=1 time=437ms
GC pool 'PS Scavenge' had collection(s): count=1 time=61ms
2023-11-17 09:56:02,982 [JvmPauseMonitor6] WARN  util.JvmPauseMonitor (JvmPauseMonitor.java:detectPause(124)) - JvmPauseMonitor-3172c264-2718-48bc-901b-d06defdb8935: Detected pause in JVM or host machine approximately 0.420s with 0.498s GC time.
GC pool 'PS MarkSweep' had collection(s): count=1 time=437ms
GC pool 'PS Scavenge' had collection(s): count=1 time=61ms
2023-11-17 09:56:02,982 [JvmPauseMonitor9] WARN  util.JvmPauseMonitor (JvmPauseMonitor.java:detectPause(124)) - JvmPauseMonitor-a7578bdd-9139-4946-a78d-cc7981f76fa8: Detected pause in JVM or host machine approximately 0.420s with 0.498s GC time.
GC pool 'PS MarkSweep' had collection(s): count=1 time=437ms
GC pool 'PS Scavenge' had collection(s): count=1 time=61ms
2023-11-17 09:56:02,982 [JvmPauseMonitor2] WARN  util.JvmPauseMonitor (JvmPauseMonitor.java:detectPause(124)) - JvmPauseMonitor-54bd6e84-2e53-4956-b446-cc6ac26bbc90: Detected pause in JVM or host machine approximately 0.420s with 0.498s GC time.
GC pool 'PS MarkSweep' had collection(s): count=1 time=437ms
GC pool 'PS Scavenge' had collection(s): count=1 time=61ms
2023-11-17 09:56:02,982 [JvmPauseMonitor10] WARN  util.JvmPauseMonitor (JvmPauseMonitor.java:detectPause(124)) - JvmPauseMonitor-cb74a50f-08de-45ec-b832-8b69b058d768: Detected pause in JVM or host machine approximately 0.420s with 0.498s GC time.
GC pool 'PS MarkSweep' had collection(s): count=1 time=437ms
GC pool 'PS Scavenge' had collection(s): count=1 time=61ms
2023-11-17 09:56:02,982 [JvmPauseMonitor4] WARN  util.JvmPauseMonitor (JvmPauseMonitor.java:detectPause(124)) - JvmPauseMonitor-652b82d9-1846-44d1-8352-7bf3439ad078: Detected pause in JVM or host machine approximately 0.424s with 0.498s GC time.
GC pool 'PS MarkSweep' had collection(s): count=1 time=437ms
GC pool 'PS Scavenge' had collection(s): count=1 time=61ms
2023-11-17 09:56:02,982 [JvmPauseMonitor5] WARN  util.JvmPauseMonitor (JvmPauseMonitor.java:detectPause(124)) - JvmPauseMonitor-2a883bf7-e5b8-4bdb-a368-a41799101186: Detected pause in JVM or host machine approximately 0.424s with 0.498s GC time.
GC pool 'PS MarkSweep' had collection(s): count=1 time=437ms
GC pool 'PS Scavenge' had collection(s): count=1 time=61ms
2023-11-17 09:56:02,983 [JvmPauseMonitor8] WARN  util.JvmPauseMonitor (JvmPauseMonitor.java:detectPause(124)) - JvmPauseMonitor-bfb594ff-14fd-40d9-830b-cf7a3dd84176: Detected pause in JVM or host machine approximately 0.428s with 0.498s GC time.
GC pool 'PS MarkSweep' had collection(s): count=1 time=437ms
GC pool 'PS Scavenge' had collection(s): count=1 time=61ms
2023-11-17 09:56:02,983 [JvmPauseMonitor1] WARN  util.JvmPauseMonitor (JvmPauseMonitor.java:detectPause(124)) - JvmPauseMonitor-om1: Detected pause in JVM or host machine approximately 0.428s with 0.498s GC time.
GC pool 'PS MarkSweep' had collection(s): count=1 time=437ms
GC pool 'PS Scavenge' had collection(s): count=1 time=61ms
]]></system-out>
  </testcase>
</testsuite>