<?xml version="1.0" encoding="UTF-8"?>
<testsuite xmlns:xsi="http://www.w3.org/2001/XMLSchema-instance" xsi:noNamespaceSchemaLocation="https://maven.apache.org/surefire/maven-surefire-plugin/xsd/surefire-test-report-3.0.xsd" version="3.0" name="org.apache.hadoop.ozone.om.snapshot.TestSnapshotDiffManager" time="17.649" tests="67" errors="0" skipped="0" failures="1">
  <properties>
    <property name="awt.toolkit" value="sun.awt.X11.XToolkit"/>
    <property name="file.encoding.pkg" value="sun.io"/>
    <property name="java.specification.version" value="1.8"/>
    <property name="sun.cpu.isalist" value=""/>
    <property name="sun.jnu.encoding" value="UTF-8"/>
    <property name="java.class.path" value="/home/runner/work/ozone/ozone/hadoop-ozone/ozone-manager/target/test-classes:/home/runner/work/ozone/ozone/hadoop-ozone/ozone-manager/target/classes:/home/runner/.m2/repository/org/aspectj/aspectjrt/1.9.7/aspectjrt-1.9.7.jar:/home/runner/.m2/repository/org/aspectj/aspectjweaver/1.9.7/aspectjweaver-1.9.7.jar:/home/runner/work/ozone/ozone/hadoop-ozone/common/target/classes:/home/runner/.m2/repository/io/grpc/grpc-netty/1.51.1/grpc-netty-1.51.1.jar:/home/runner/.m2/repository/io/grpc/grpc-core/1.51.1/grpc-core-1.51.1.jar:/home/runner/.m2/repository/com/google/android/annotations/4.1.1.4/annotations-4.1.1.4.jar:/home/runner/.m2/repository/org/codehaus/mojo/animal-sniffer-annotations/1.21/animal-sniffer-annotations-1.21.jar:/home/runner/.m2/repository/com/google/errorprone/error_prone_annotations/2.2.0/error_prone_annotations-2.2.0.jar:/home/runner/.m2/repository/io/perfmark/perfmark-api/0.25.0/perfmark-api-0.25.0.jar:/home/runner/.m2/repository/io/netty/netty-transport-native-unix-common/4.1.94.Final/netty-transport-native-unix-common-4.1.94.Final.jar:/home/runner/.m2/repository/io/netty/netty-codec-http2/4.1.94.Final/netty-codec-http2-4.1.94.Final.jar:/home/runner/.m2/repository/io/netty/netty-common/4.1.94.Final/netty-common-4.1.94.Final.jar:/home/runner/.m2/repository/io/netty/netty-buffer/4.1.94.Final/netty-buffer-4.1.94.Final.jar:/home/runner/.m2/repository/io/netty/netty-transport/4.1.94.Final/netty-transport-4.1.94.Final.jar:/home/runner/.m2/repository/io/netty/netty-resolver/4.1.94.Final/netty-resolver-4.1.94.Final.jar:/home/runner/.m2/repository/io/netty/netty-codec/4.1.94.Final/netty-codec-4.1.94.Final.jar:/home/runner/.m2/repository/io/netty/netty-handler/4.1.94.Final/netty-handler-4.1.94.Final.jar:/home/runner/.m2/repository/io/netty/netty-codec-http/4.1.94.Final/netty-codec-http-4.1.94.Final.jar:/home/runner/.m2/repository/io/netty/netty-handler-proxy/4.1.94.Final/netty-handler-proxy-4.1.94.Final.jar:/home/runner/.m2/repository/io/netty/netty-codec-socks/4.1.94.Final/netty-codec-socks-4.1.94.Final.jar:/home/runner/.m2/repository/org/apache/commons/commons-compress/1.21/commons-compress-1.21.jar:/home/runner/work/ozone/ozone/hadoop-hdds/common/target/classes:/home/runner/work/ozone/ozone/hadoop-hdds/client/target/classes:/home/runner/work/ozone/ozone/hadoop-ozone/interface-client/target/classes:/home/runner/.m2/repository/io/grpc/grpc-protobuf/1.51.1/grpc-protobuf-1.51.1.jar:/home/runner/.m2/repository/com/google/api/grpc/proto-google-common-protos/2.9.0/proto-google-common-protos-2.9.0.jar:/home/runner/.m2/repository/io/grpc/grpc-protobuf-lite/1.51.1/grpc-protobuf-lite-1.51.1.jar:/home/runner/.m2/repository/io/grpc/grpc-stub/1.51.1/grpc-stub-1.51.1.jar:/home/runner/.m2/repository/org/apache/hadoop/hadoop-hdfs-client/3.3.6/hadoop-hdfs-client-3.3.6.jar:/home/runner/.m2/repository/com/squareup/okhttp3/okhttp/4.9.3/okhttp-4.9.3.jar:/home/runner/.m2/repository/com/squareup/okio/okio/3.4.0/okio-3.4.0.jar:/home/runner/.m2/repository/com/squareup/okio/okio-jvm/3.4.0/okio-jvm-3.4.0.jar:/home/runner/.m2/repository/org/jetbrains/kotlin/kotlin-stdlib-jdk8/1.8.0/kotlin-stdlib-jdk8-1.8.0.jar:/home/runner/.m2/repository/org/jetbrains/kotlin/kotlin-stdlib-jdk7/1.8.0/kotlin-stdlib-jdk7-1.8.0.jar:/home/runner/.m2/repository/org/jetbrains/kotlin/kotlin-stdlib-common/1.6.21/kotlin-stdlib-common-1.6.21.jar:/home/runner/.m2/repository/com/fasterxml/jackson/core/jackson-databind/2.13.4.2/jackson-databind-2.13.4.2.jar:/home/runner/work/ozone/ozone/hadoop-ozone/client/target/classes:/home/runner/work/ozone/ozone/hadoop-hdds/erasurecode/target/classes:/home/runner/work/ozone/ozone/hadoop-hdds/docs/target/classes:/home/runner/work/ozone/ozone/hadoop-hdds/interface-client/target/classes:/home/runner/.m2/repository/com/google/protobuf/protobuf-java/2.5.0/protobuf-java-2.5.0.jar:/home/runner/.m2/repository/org/apache/hadoop/thirdparty/hadoop-shaded-protobuf_3_7/1.1.1/hadoop-shaded-protobuf_3_7-1.1.1.jar:/home/runner/.m2/repository/org/apache/ratis/ratis-thirdparty-misc/1.0.4/ratis-thirdparty-misc-1.0.4.jar:/home/runner/.m2/repository/javax/annotation/javax.annotation-api/1.2/javax.annotation-api-1.2.jar:/home/runner/.m2/repository/com/google/code/findbugs/jsr305/3.0.0/jsr305-3.0.0.jar:/home/runner/work/ozone/ozone/hadoop-ozone/interface-storage/target/classes:/home/runner/work/ozone/ozone/hadoop-hdds/test-utils/target/classes:/home/runner/.m2/repository/com/google/guava/guava/32.0.0-jre/guava-32.0.0-jre.jar:/home/runner/.m2/repository/com/google/guava/failureaccess/1.0.1/failureaccess-1.0.1.jar:/home/runner/.m2/repository/com/google/guava/listenablefuture/9999.0-empty-to-avoid-conflict-with-guava/listenablefuture-9999.0-empty-to-avoid-conflict-with-guava.jar:/home/runner/.m2/repository/org/checkerframework/checker-qual/3.33.0/checker-qual-3.33.0.jar:/home/runner/.m2/repository/com/google/j2objc/j2objc-annotations/2.8/j2objc-annotations-2.8.jar:/home/runner/.m2/repository/commons-io/commons-io/2.11.0/commons-io-2.11.0.jar:/home/runner/.m2/repository/commons-logging/commons-logging/1.2/commons-logging-1.2.jar:/home/runner/.m2/repository/org/junit/jupiter/junit-jupiter-api/5.8.2/junit-jupiter-api-5.8.2.jar:/home/runner/.m2/repository/org/opentest4j/opentest4j/1.2.0/opentest4j-1.2.0.jar:/home/runner/.m2/repository/org/junit/platform/junit-platform-commons/1.8.2/junit-platform-commons-1.8.2.jar:/home/runner/.m2/repository/ch/qos/reload4j/reload4j/1.2.22/reload4j-1.2.22.jar:/home/runner/.m2/repository/org/apache/commons/commons-lang3/3.7/commons-lang3-3.7.jar:/home/runner/.m2/repository/org/slf4j/slf4j-api/1.7.36/slf4j-api-1.7.36.jar:/home/runner/.m2/repository/org/apache/logging/log4j/log4j-api/2.17.1/log4j-api-2.17.1.jar:/home/runner/work/ozone/ozone/hadoop-hdds/framework/target/classes:/home/runner/work/ozone/ozone/hadoop-hdds/interface-server/target/classes:/home/runner/work/ozone/ozone/hadoop-hdds/interface-admin/target/classes:/home/runner/work/ozone/ozone/hadoop-hdds/managed-rocksdb/target/classes:/home/runner/.m2/repository/org/slf4j/slf4j-reload4j/1.7.36/slf4j-reload4j-1.7.36.jar:/home/runner/.m2/repository/org/apache/commons/commons-configuration2/2.1.1/commons-configuration2-2.1.1.jar:/home/runner/.m2/repository/commons-fileupload/commons-fileupload/1.5/commons-fileupload-1.5.jar:/home/runner/.m2/repository/org/apache/logging/log4j/log4j-core/2.17.1/log4j-core-2.17.1.jar:/home/runner/.m2/repository/com/lmax/disruptor/3.4.2/disruptor-3.4.2.jar:/home/runner/.m2/repository/org/eclipse/jetty/jetty-util/9.4.52.v20230823/jetty-util-9.4.52.v20230823.jar:/home/runner/.m2/repository/org/eclipse/jetty/jetty-server/9.4.52.v20230823/jetty-server-9.4.52.v20230823.jar:/home/runner/.m2/repository/javax/servlet/javax.servlet-api/3.1.0/javax.servlet-api-3.1.0.jar:/home/runner/.m2/repository/org/eclipse/jetty/jetty-http/9.4.52.v20230823/jetty-http-9.4.52.v20230823.jar:/home/runner/.m2/repository/org/eclipse/jetty/jetty-servlet/9.4.52.v20230823/jetty-servlet-9.4.52.v20230823.jar:/home/runner/.m2/repository/org/eclipse/jetty/jetty-security/9.4.52.v20230823/jetty-security-9.4.52.v20230823.jar:/home/runner/.m2/repository/org/eclipse/jetty/jetty-util-ajax/9.4.52.v20230823/jetty-util-ajax-9.4.52.v20230823.jar:/home/runner/.m2/repository/org/eclipse/jetty/jetty-webapp/9.4.52.v20230823/jetty-webapp-9.4.52.v20230823.jar:/home/runner/.m2/repository/org/eclipse/jetty/jetty-xml/9.4.52.v20230823/jetty-xml-9.4.52.v20230823.jar:/home/runner/.m2/repository/org/apache/ratis/ratis-server/2.5.1/ratis-server-2.5.1.jar:/home/runner/.m2/repository/org/apache/ratis/ratis-proto/2.5.1/ratis-proto-2.5.1.jar:/home/runner/.m2/repository/org/apache/ratis/ratis-common/2.5.1/ratis-common-2.5.1.jar:/home/runner/.m2/repository/org/apache/ratis/ratis-client/2.5.1/ratis-client-2.5.1.jar:/home/runner/.m2/repository/org/apache/ratis/ratis-server-api/2.5.1/ratis-server-api-2.5.1.jar:/home/runner/.m2/repository/org/apache/ratis/ratis-metrics/2.5.1/ratis-metrics-2.5.1.jar:/home/runner/.m2/repository/io/prometheus/simpleclient_dropwizard/0.7.0/simpleclient_dropwizard-0.7.0.jar:/home/runner/.m2/repository/io/prometheus/simpleclient/0.7.0/simpleclient-0.7.0.jar:/home/runner/.m2/repository/io/prometheus/simpleclient_common/0.7.0/simpleclient_common-0.7.0.jar:/home/runner/.m2/repository/com/fasterxml/jackson/datatype/jackson-datatype-jsr310/2.13.4/jackson-datatype-jsr310-2.13.4.jar:/home/runner/.m2/repository/com/fasterxml/jackson/core/jackson-core/2.13.4/jackson-core-2.13.4.jar:/home/runner/.m2/repository/org/awaitility/awaitility/4.2.0/awaitility-4.2.0.jar:/home/runner/.m2/repository/org/hamcrest/hamcrest/2.1/hamcrest-2.1.jar:/home/runner/work/ozone/ozone/hadoop-hdds/hadoop-dependency-server/target/classes:/home/runner/.m2/repository/org/apache/hadoop/hadoop-annotations/3.3.6/hadoop-annotations-3.3.6.jar:/usr/lib/jvm/temurin-8-jdk-amd64/jre/../lib/tools.jar:/home/runner/.m2/repository/org/apache/hadoop/hadoop-common/3.3.6/hadoop-common-3.3.6.jar:/home/runner/.m2/repository/org/apache/hadoop/thirdparty/hadoop-shaded-guava/1.1.1/hadoop-shaded-guava-1.1.1.jar:/home/runner/.m2/repository/org/apache/httpcomponents/httpclient/4.5.13/httpclient-4.5.13.jar:/home/runner/.m2/repository/org/apache/httpcomponents/httpcore/4.4.13/httpcore-4.4.13.jar:/home/runner/.m2/repository/commons-net/commons-net/3.9.0/commons-net-3.9.0.jar:/home/runner/.m2/repository/commons-collections/commons-collections/3.2.2/commons-collections-3.2.2.jar:/home/runner/.m2/repository/jakarta/activation/jakarta.activation-api/1.2.2/jakarta.activation-api-1.2.2.jar:/home/runner/.m2/repository/javax/servlet/jsp/jsp-api/2.1/jsp-api-2.1.jar:/home/runner/.m2/repository/com/sun/jersey/jersey-servlet/1.19/jersey-servlet-1.19.jar:/home/runner/.m2/repository/com/sun/jersey/jersey-server/1.19/jersey-server-1.19.jar:/home/runner/.m2/repository/commons-beanutils/commons-beanutils/1.9.4/commons-beanutils-1.9.4.jar:/home/runner/.m2/repository/com/google/re2j/re2j/1.1/re2j-1.1.jar:/home/runner/.m2/repository/com/google/code/gson/gson/2.9.0/gson-2.9.0.jar:/home/runner/.m2/repository/org/apache/hadoop/hadoop-auth/3.3.6/hadoop-auth-3.3.6.jar:/home/runner/.m2/repository/com/nimbusds/nimbus-jose-jwt/9.8.1/nimbus-jose-jwt-9.8.1.jar:/home/runner/.m2/repository/com/github/stephenc/jcip/jcip-annotations/1.0-1/jcip-annotations-1.0-1.jar:/home/runner/.m2/repository/com/jcraft/jsch/0.1.54/jsch-0.1.54.jar:/home/runner/.m2/repository/org/apache/kerby/kerb-core/1.0.1/kerb-core-1.0.1.jar:/home/runner/.m2/repository/org/apache/kerby/kerby-pkix/1.0.1/kerby-pkix-1.0.1.jar:/home/runner/.m2/repository/org/apache/kerby/kerby-asn1/1.0.1/kerby-asn1-1.0.1.jar:/home/runner/.m2/repository/org/apache/kerby/kerby-util/1.0.1/kerby-util-1.0.1.jar:/home/runner/.m2/repository/org/codehaus/woodstox/stax2-api/4.2.1/stax2-api-4.2.1.jar:/home/runner/.m2/repository/com/fasterxml/woodstox/woodstox-core/5.4.0/woodstox-core-5.4.0.jar:/home/runner/.m2/repository/dnsjava/dnsjava/2.1.7/dnsjava-2.1.7.jar:/home/runner/.m2/repository/org/xerial/snappy/snappy-java/1.1.8.2/snappy-java-1.1.8.2.jar:/home/runner/.m2/repository/commons-cli/commons-cli/1.2/commons-cli-1.2.jar:/home/runner/.m2/repository/org/apache/hadoop/hadoop-hdfs/3.3.6/hadoop-hdfs-3.3.6.jar:/home/runner/.m2/repository/commons-daemon/commons-daemon/1.0.13/commons-daemon-1.0.13.jar:/home/runner/work/ozone/ozone/hadoop-hdds/rocksdb-checkpoint-differ/target/classes:/home/runner/.m2/repository/org/rocksdb/rocksdbjni/7.7.3/rocksdbjni-7.7.3.jar:/home/runner/.m2/repository/org/jgrapht/jgrapht-core/1.0.1/jgrapht-core-1.0.1.jar:/home/runner/.m2/repository/org/jgrapht/jgrapht-ext/1.0.1/jgrapht-ext-1.0.1.jar:/home/runner/.m2/repository/org/tinyjee/jgraphx/jgraphx/2.0.0.1/jgraphx-2.0.0.1.jar:/home/runner/.m2/repository/jgraph/jgraph/5.13.0.0/jgraph-5.13.0.0.jar:/home/runner/.m2/repository/org/antlr/antlr4-runtime/4.5.3/antlr4-runtime-4.5.3.jar:/home/runner/.m2/repository/org/bouncycastle/bcprov-jdk15on/1.67/bcprov-jdk15on-1.67.jar:/home/runner/.m2/repository/io/netty/netty-tcnative-boringssl-static/2.0.61.Final/netty-tcnative-boringssl-static-2.0.61.Final.jar:/home/runner/.m2/repository/io/netty/netty-tcnative-classes/2.0.61.Final/netty-tcnative-classes-2.0.61.Final.jar:/home/runner/.m2/repository/io/netty/netty-tcnative-boringssl-static/2.0.61.Final/netty-tcnative-boringssl-static-2.0.61.Final-linux-x86_64.jar:/home/runner/.m2/repository/io/netty/netty-tcnative-boringssl-static/2.0.61.Final/netty-tcnative-boringssl-static-2.0.61.Final-linux-aarch_64.jar:/home/runner/.m2/repository/io/netty/netty-tcnative-boringssl-static/2.0.61.Final/netty-tcnative-boringssl-static-2.0.61.Final-osx-x86_64.jar:/home/runner/.m2/repository/io/netty/netty-tcnative-boringssl-static/2.0.61.Final/netty-tcnative-boringssl-static-2.0.61.Final-osx-aarch_64.jar:/home/runner/.m2/repository/io/netty/netty-tcnative-boringssl-static/2.0.61.Final/netty-tcnative-boringssl-static-2.0.61.Final-windows-x86_64.jar:/home/runner/.m2/repository/org/mockito/mockito-core/3.5.9/mockito-core-3.5.9.jar:/home/runner/.m2/repository/net/bytebuddy/byte-buddy/1.10.13/byte-buddy-1.10.13.jar:/home/runner/.m2/repository/net/bytebuddy/byte-buddy-agent/1.10.13/byte-buddy-agent-1.10.13.jar:/home/runner/.m2/repository/org/objenesis/objenesis/1.0/objenesis-1.0.jar:/home/runner/.m2/repository/com/github/spotbugs/spotbugs-annotations/3.1.12/spotbugs-annotations-3.1.12.jar:/home/runner/work/ozone/ozone/hadoop-hdds/common/target/test-classes:/home/runner/work/ozone/ozone/hadoop-hdds/hadoop-dependency-client/target/classes:/home/runner/.m2/repository/info/picocli/picocli/4.6.1/picocli-4.6.1.jar:/home/runner/.m2/repository/com/fasterxml/jackson/core/jackson-annotations/2.13.4/jackson-annotations-2.13.4.jar:/home/runner/work/ozone/ozone/hadoop-hdds/annotations/target/classes:/home/runner/work/ozone/ozone/hadoop-hdds/config/target/classes:/home/runner/.m2/repository/io/dropwizard/metrics/metrics-core/3.2.4/metrics-core-3.2.4.jar:/home/runner/.m2/repository/org/apache/ratis/ratis-netty/2.5.1/ratis-netty-2.5.1.jar:/home/runner/.m2/repository/org/apache/ratis/ratis-grpc/2.5.1/ratis-grpc-2.5.1.jar:/home/runner/.m2/repository/org/apache/commons/commons-pool2/2.6.0/commons-pool2-2.6.0.jar:/home/runner/.m2/repository/org/bouncycastle/bcpkix-jdk15on/1.67/bcpkix-jdk15on-1.67.jar:/home/runner/.m2/repository/commons-validator/commons-validator/1.6/commons-validator-1.6.jar:/home/runner/.m2/repository/commons-digester/commons-digester/1.8.1/commons-digester-1.8.1.jar:/home/runner/.m2/repository/io/jaegertracing/jaeger-client/1.6.0/jaeger-client-1.6.0.jar:/home/runner/.m2/repository/io/jaegertracing/jaeger-thrift/1.6.0/jaeger-thrift-1.6.0.jar:/home/runner/.m2/repository/org/apache/thrift/libthrift/0.14.1/libthrift-0.14.1.jar:/home/runner/.m2/repository/io/jaegertracing/jaeger-core/1.6.0/jaeger-core-1.6.0.jar:/home/runner/.m2/repository/io/jaegertracing/jaeger-tracerresolver/1.6.0/jaeger-tracerresolver-1.6.0.jar:/home/runner/.m2/repository/io/opentracing/contrib/opentracing-tracerresolver/0.1.8/opentracing-tracerresolver-0.1.8.jar:/home/runner/.m2/repository/org/jetbrains/kotlin/kotlin-stdlib/1.6.21/kotlin-stdlib-1.6.21.jar:/home/runner/.m2/repository/org/jetbrains/annotations/13.0/annotations-13.0.jar:/home/runner/.m2/repository/io/opentracing/opentracing-util/0.33.0/opentracing-util-0.33.0.jar:/home/runner/.m2/repository/io/opentracing/opentracing-api/0.33.0/opentracing-api-0.33.0.jar:/home/runner/.m2/repository/io/opentracing/opentracing-noop/0.33.0/opentracing-noop-0.33.0.jar:/home/runner/.m2/repository/org/yaml/snakeyaml/2.0/snakeyaml-2.0.jar:/home/runner/.m2/repository/io/grpc/grpc-api/1.51.1/grpc-api-1.51.1.jar:/home/runner/.m2/repository/io/grpc/grpc-context/1.51.1/grpc-context-1.51.1.jar:/home/runner/.m2/repository/com/fasterxml/uuid/java-uuid-generator/4.3.0/java-uuid-generator-4.3.0.jar:/home/runner/work/ozone/ozone/hadoop-hdds/hadoop-dependency-test/target/classes:/home/runner/.m2/repository/org/apache/hadoop/hadoop-common/3.3.6/hadoop-common-3.3.6-tests.jar:/home/runner/.m2/repository/org/apache/hadoop/hadoop-hdfs/3.3.6/hadoop-hdfs-3.3.6-tests.jar:/home/runner/.m2/repository/commons-codec/commons-codec/1.15/commons-codec-1.15.jar:/home/runner/.m2/repository/org/assertj/assertj-core/3.12.2/assertj-core-3.12.2.jar:/home/runner/work/ozone/ozone/hadoop-hdds/server-scm/target/test-classes:/home/runner/work/ozone/ozone/hadoop-hdds/container-service/target/classes:/home/runner/.m2/repository/com/github/luben/zstd-jni/1.5.2-5/zstd-jni-1.5.2-5.jar:/home/runner/.m2/repository/javax/xml/bind/jaxb-api/2.3.0/jaxb-api-2.3.0.jar:/home/runner/.m2/repository/org/glassfish/jaxb/jaxb-runtime/2.3.0.1/jaxb-runtime-2.3.0.1.jar:/home/runner/.m2/repository/org/glassfish/jaxb/jaxb-core/2.3.0.1/jaxb-core-2.3.0.1.jar:/home/runner/.m2/repository/org/glassfish/jaxb/txw2/2.3.0.1/txw2-2.3.0.1.jar:/home/runner/.m2/repository/com/sun/istack/istack-commons-runtime/3.0.5/istack-commons-runtime-3.0.5.jar:/home/runner/.m2/repository/org/jvnet/staxex/stax-ex/1.7.8/stax-ex-1.7.8.jar:/home/runner/.m2/repository/com/sun/xml/fastinfoset/FastInfoset/1.2.13/FastInfoset-1.2.13.jar:/home/runner/.m2/repository/org/apache/commons/commons-text/1.10.0/commons-text-1.10.0.jar:/home/runner/.m2/repository/junit/junit/4.13.1/junit-4.13.1.jar:/home/runner/.m2/repository/org/hamcrest/hamcrest-core/1.3/hamcrest-core-1.3.jar:/home/runner/.m2/repository/org/jmockit/jmockit/1.24/jmockit-1.24.jar:/home/runner/.m2/repository/org/hamcrest/hamcrest-all/1.3/hamcrest-all-1.3.jar:/home/runner/.m2/repository/com/google/testing/compile/compile-testing/0.19/compile-testing-0.19.jar:/home/runner/.m2/repository/com/google/truth/truth/1.1/truth-1.1.jar:/home/runner/.m2/repository/com/google/auto/value/auto-value-annotations/1.7.4/auto-value-annotations-1.7.4.jar:/home/runner/.m2/repository/org/ow2/asm/asm/5.0.4/asm-5.0.4.jar:/home/runner/.m2/repository/com/google/auto/value/auto-value/1.7.4/auto-value-1.7.4.jar:/home/runner/.m2/repository/com/google/auto/auto-common/0.11/auto-common-0.11.jar:/usr/lib/jvm/temurin-8-jdk-amd64/jre/../lib/tools.jar:/home/runner/.m2/repository/org/reflections/reflections/0.9.11/reflections-0.9.11.jar:/home/runner/.m2/repository/org/javassist/javassist/3.21.0-GA/javassist-3.21.0-GA.jar:/home/runner/.m2/repository/com/sun/jersey/jersey-client/1.19/jersey-client-1.19.jar:/home/runner/.m2/repository/com/sun/jersey/jersey-core/1.19/jersey-core-1.19.jar:/home/runner/.m2/repository/javax/ws/rs/jsr311-api/1.1.1/jsr311-api-1.1.1.jar:/home/runner/.m2/repository/org/codehaus/jackson/jackson-core-asl/1.9.13/jackson-core-asl-1.9.13.jar:/home/runner/.m2/repository/org/codehaus/jackson/jackson-mapper-asl/1.9.13/jackson-mapper-asl-1.9.13.jar:/home/runner/.m2/repository/org/codehaus/jackson/jackson-jaxrs/1.9.13/jackson-jaxrs-1.9.13.jar:/home/runner/.m2/repository/org/apache/ranger/ranger-intg/2.3.0/ranger-intg-2.3.0.jar:/home/runner/.m2/repository/org/apache/ranger/ranger-plugins-common/2.3.0/ranger-plugins-common-2.3.0.jar:/home/runner/.m2/repository/commons-lang/commons-lang/2.6/commons-lang-2.6.jar:/home/runner/.m2/repository/org/apache/ranger/ranger-plugins-cred/2.3.0/ranger-plugins-cred-2.3.0.jar:/home/runner/.m2/repository/org/apache/ranger/ranger-plugins-audit/2.3.0/ranger-plugins-audit-2.3.0.jar:/home/runner/.m2/repository/org/eclipse/jetty/jetty-client/9.4.52.v20230823/jetty-client-9.4.52.v20230823.jar:/home/runner/.m2/repository/org/apache/httpcomponents/httpmime/4.5.6/httpmime-4.5.6.jar:/home/runner/.m2/repository/org/apache/httpcomponents/httpcore-nio/4.4.13/httpcore-nio-4.4.13.jar:/home/runner/.m2/repository/org/apache/httpcomponents/httpasyncclient/4.1.3/httpasyncclient-4.1.3.jar:/home/runner/.m2/repository/joda-time/joda-time/2.10.6/joda-time-2.10.6.jar:/home/runner/.m2/repository/com/carrotsearch/hppc/0.8.0/hppc-0.8.0.jar:/home/runner/.m2/repository/org/apache/orc/orc-core/1.5.8/orc-core-1.5.8.jar:/home/runner/.m2/repository/net/java/dev/jna/jna/5.2.0/jna-5.2.0.jar:/home/runner/.m2/repository/net/java/dev/jna/jna-platform/5.2.0/jna-platform-5.2.0.jar:/home/runner/.m2/repository/com/kstruct/gethostname4j/0.0.2/gethostname4j-0.0.2.jar:/home/runner/.m2/repository/org/apache/ranger/ranger-plugin-classloader/2.3.0/ranger-plugin-classloader-2.3.0.jar:/home/runner/.m2/repository/org/junit/jupiter/junit-jupiter-params/5.8.2/junit-jupiter-params-5.8.2.jar:/home/runner/.m2/repository/org/apiguardian/apiguardian-api/1.1.2/apiguardian-api-1.1.2.jar:/home/runner/work/ozone/ozone/hadoop-hdds/rocks-native/target/classes:/home/runner/.m2/repository/org/eclipse/jetty/jetty-io/9.4.52.v20230823/jetty-io-9.4.52.v20230823.jar:/home/runner/.m2/repository/org/mockito/mockito-junit-jupiter/3.5.9/mockito-junit-jupiter-3.5.9.jar:"/>
    <property name="java.vm.vendor" value="Temurin"/>
    <property name="sun.arch.data.model" value="64"/>
    <property name="test.build.dir" value="/home/runner/work/ozone/ozone/hadoop-ozone/ozone-manager/target/test-dir"/>
    <property name="test.cache.data" value=""/>
    <property name="java.vendor.url" value="https://adoptium.net/"/>
    <property name="user.timezone" value="Etc/UTC"/>
    <property name="java.vm.specification.version" value="1.8"/>
    <property name="os.name" value="Linux"/>
    <property name="test.build.data" value="/home/runner/work/ozone/ozone/hadoop-ozone/ozone-manager/target/test-dir"/>
    <property name="sun.java.launcher" value="SUN_STANDARD"/>
    <property name="sun.boot.library.path" value="/usr/lib/jvm/temurin-8-jdk-amd64/jre/lib/amd64"/>
    <property name="sun.java.command" value="/home/runner/work/ozone/ozone/hadoop-ozone/ozone-manager/target/surefire/surefirebooter5271122826477261737.jar /home/runner/work/ozone/ozone/hadoop-ozone/ozone-manager/target/surefire 2023-10-11T09-19-12_092-jvmRun1 surefire6398658183971260143tmp surefire_537695842139291379587tmp"/>
    <property name="native.lib.tmp.dir" value="/tmp"/>
    <property name="surefire.test.class.path" value="/home/runner/work/ozone/ozone/hadoop-ozone/ozone-manager/target/test-classes:/home/runner/work/ozone/ozone/hadoop-ozone/ozone-manager/target/classes:/home/runner/.m2/repository/org/aspectj/aspectjrt/1.9.7/aspectjrt-1.9.7.jar:/home/runner/.m2/repository/org/aspectj/aspectjweaver/1.9.7/aspectjweaver-1.9.7.jar:/home/runner/work/ozone/ozone/hadoop-ozone/common/target/classes:/home/runner/.m2/repository/io/grpc/grpc-netty/1.51.1/grpc-netty-1.51.1.jar:/home/runner/.m2/repository/io/grpc/grpc-core/1.51.1/grpc-core-1.51.1.jar:/home/runner/.m2/repository/com/google/android/annotations/4.1.1.4/annotations-4.1.1.4.jar:/home/runner/.m2/repository/org/codehaus/mojo/animal-sniffer-annotations/1.21/animal-sniffer-annotations-1.21.jar:/home/runner/.m2/repository/com/google/errorprone/error_prone_annotations/2.2.0/error_prone_annotations-2.2.0.jar:/home/runner/.m2/repository/io/perfmark/perfmark-api/0.25.0/perfmark-api-0.25.0.jar:/home/runner/.m2/repository/io/netty/netty-transport-native-unix-common/4.1.94.Final/netty-transport-native-unix-common-4.1.94.Final.jar:/home/runner/.m2/repository/io/netty/netty-codec-http2/4.1.94.Final/netty-codec-http2-4.1.94.Final.jar:/home/runner/.m2/repository/io/netty/netty-common/4.1.94.Final/netty-common-4.1.94.Final.jar:/home/runner/.m2/repository/io/netty/netty-buffer/4.1.94.Final/netty-buffer-4.1.94.Final.jar:/home/runner/.m2/repository/io/netty/netty-transport/4.1.94.Final/netty-transport-4.1.94.Final.jar:/home/runner/.m2/repository/io/netty/netty-resolver/4.1.94.Final/netty-resolver-4.1.94.Final.jar:/home/runner/.m2/repository/io/netty/netty-codec/4.1.94.Final/netty-codec-4.1.94.Final.jar:/home/runner/.m2/repository/io/netty/netty-handler/4.1.94.Final/netty-handler-4.1.94.Final.jar:/home/runner/.m2/repository/io/netty/netty-codec-http/4.1.94.Final/netty-codec-http-4.1.94.Final.jar:/home/runner/.m2/repository/io/netty/netty-handler-proxy/4.1.94.Final/netty-handler-proxy-4.1.94.Final.jar:/home/runner/.m2/repository/io/netty/netty-codec-socks/4.1.94.Final/netty-codec-socks-4.1.94.Final.jar:/home/runner/.m2/repository/org/apache/commons/commons-compress/1.21/commons-compress-1.21.jar:/home/runner/work/ozone/ozone/hadoop-hdds/common/target/classes:/home/runner/work/ozone/ozone/hadoop-hdds/client/target/classes:/home/runner/work/ozone/ozone/hadoop-ozone/interface-client/target/classes:/home/runner/.m2/repository/io/grpc/grpc-protobuf/1.51.1/grpc-protobuf-1.51.1.jar:/home/runner/.m2/repository/com/google/api/grpc/proto-google-common-protos/2.9.0/proto-google-common-protos-2.9.0.jar:/home/runner/.m2/repository/io/grpc/grpc-protobuf-lite/1.51.1/grpc-protobuf-lite-1.51.1.jar:/home/runner/.m2/repository/io/grpc/grpc-stub/1.51.1/grpc-stub-1.51.1.jar:/home/runner/.m2/repository/org/apache/hadoop/hadoop-hdfs-client/3.3.6/hadoop-hdfs-client-3.3.6.jar:/home/runner/.m2/repository/com/squareup/okhttp3/okhttp/4.9.3/okhttp-4.9.3.jar:/home/runner/.m2/repository/com/squareup/okio/okio/3.4.0/okio-3.4.0.jar:/home/runner/.m2/repository/com/squareup/okio/okio-jvm/3.4.0/okio-jvm-3.4.0.jar:/home/runner/.m2/repository/org/jetbrains/kotlin/kotlin-stdlib-jdk8/1.8.0/kotlin-stdlib-jdk8-1.8.0.jar:/home/runner/.m2/repository/org/jetbrains/kotlin/kotlin-stdlib-jdk7/1.8.0/kotlin-stdlib-jdk7-1.8.0.jar:/home/runner/.m2/repository/org/jetbrains/kotlin/kotlin-stdlib-common/1.6.21/kotlin-stdlib-common-1.6.21.jar:/home/runner/.m2/repository/com/fasterxml/jackson/core/jackson-databind/2.13.4.2/jackson-databind-2.13.4.2.jar:/home/runner/work/ozone/ozone/hadoop-ozone/client/target/classes:/home/runner/work/ozone/ozone/hadoop-hdds/erasurecode/target/classes:/home/runner/work/ozone/ozone/hadoop-hdds/docs/target/classes:/home/runner/work/ozone/ozone/hadoop-hdds/interface-client/target/classes:/home/runner/.m2/repository/com/google/protobuf/protobuf-java/2.5.0/protobuf-java-2.5.0.jar:/home/runner/.m2/repository/org/apache/hadoop/thirdparty/hadoop-shaded-protobuf_3_7/1.1.1/hadoop-shaded-protobuf_3_7-1.1.1.jar:/home/runner/.m2/repository/org/apache/ratis/ratis-thirdparty-misc/1.0.4/ratis-thirdparty-misc-1.0.4.jar:/home/runner/.m2/repository/javax/annotation/javax.annotation-api/1.2/javax.annotation-api-1.2.jar:/home/runner/.m2/repository/com/google/code/findbugs/jsr305/3.0.0/jsr305-3.0.0.jar:/home/runner/work/ozone/ozone/hadoop-ozone/interface-storage/target/classes:/home/runner/work/ozone/ozone/hadoop-hdds/test-utils/target/classes:/home/runner/.m2/repository/com/google/guava/guava/32.0.0-jre/guava-32.0.0-jre.jar:/home/runner/.m2/repository/com/google/guava/failureaccess/1.0.1/failureaccess-1.0.1.jar:/home/runner/.m2/repository/com/google/guava/listenablefuture/9999.0-empty-to-avoid-conflict-with-guava/listenablefuture-9999.0-empty-to-avoid-conflict-with-guava.jar:/home/runner/.m2/repository/org/checkerframework/checker-qual/3.33.0/checker-qual-3.33.0.jar:/home/runner/.m2/repository/com/google/j2objc/j2objc-annotations/2.8/j2objc-annotations-2.8.jar:/home/runner/.m2/repository/commons-io/commons-io/2.11.0/commons-io-2.11.0.jar:/home/runner/.m2/repository/commons-logging/commons-logging/1.2/commons-logging-1.2.jar:/home/runner/.m2/repository/org/junit/jupiter/junit-jupiter-api/5.8.2/junit-jupiter-api-5.8.2.jar:/home/runner/.m2/repository/org/opentest4j/opentest4j/1.2.0/opentest4j-1.2.0.jar:/home/runner/.m2/repository/org/junit/platform/junit-platform-commons/1.8.2/junit-platform-commons-1.8.2.jar:/home/runner/.m2/repository/ch/qos/reload4j/reload4j/1.2.22/reload4j-1.2.22.jar:/home/runner/.m2/repository/org/apache/commons/commons-lang3/3.7/commons-lang3-3.7.jar:/home/runner/.m2/repository/org/slf4j/slf4j-api/1.7.36/slf4j-api-1.7.36.jar:/home/runner/.m2/repository/org/apache/logging/log4j/log4j-api/2.17.1/log4j-api-2.17.1.jar:/home/runner/work/ozone/ozone/hadoop-hdds/framework/target/classes:/home/runner/work/ozone/ozone/hadoop-hdds/interface-server/target/classes:/home/runner/work/ozone/ozone/hadoop-hdds/interface-admin/target/classes:/home/runner/work/ozone/ozone/hadoop-hdds/managed-rocksdb/target/classes:/home/runner/.m2/repository/org/slf4j/slf4j-reload4j/1.7.36/slf4j-reload4j-1.7.36.jar:/home/runner/.m2/repository/org/apache/commons/commons-configuration2/2.1.1/commons-configuration2-2.1.1.jar:/home/runner/.m2/repository/commons-fileupload/commons-fileupload/1.5/commons-fileupload-1.5.jar:/home/runner/.m2/repository/org/apache/logging/log4j/log4j-core/2.17.1/log4j-core-2.17.1.jar:/home/runner/.m2/repository/com/lmax/disruptor/3.4.2/disruptor-3.4.2.jar:/home/runner/.m2/repository/org/eclipse/jetty/jetty-util/9.4.52.v20230823/jetty-util-9.4.52.v20230823.jar:/home/runner/.m2/repository/org/eclipse/jetty/jetty-server/9.4.52.v20230823/jetty-server-9.4.52.v20230823.jar:/home/runner/.m2/repository/javax/servlet/javax.servlet-api/3.1.0/javax.servlet-api-3.1.0.jar:/home/runner/.m2/repository/org/eclipse/jetty/jetty-http/9.4.52.v20230823/jetty-http-9.4.52.v20230823.jar:/home/runner/.m2/repository/org/eclipse/jetty/jetty-servlet/9.4.52.v20230823/jetty-servlet-9.4.52.v20230823.jar:/home/runner/.m2/repository/org/eclipse/jetty/jetty-security/9.4.52.v20230823/jetty-security-9.4.52.v20230823.jar:/home/runner/.m2/repository/org/eclipse/jetty/jetty-util-ajax/9.4.52.v20230823/jetty-util-ajax-9.4.52.v20230823.jar:/home/runner/.m2/repository/org/eclipse/jetty/jetty-webapp/9.4.52.v20230823/jetty-webapp-9.4.52.v20230823.jar:/home/runner/.m2/repository/org/eclipse/jetty/jetty-xml/9.4.52.v20230823/jetty-xml-9.4.52.v20230823.jar:/home/runner/.m2/repository/org/apache/ratis/ratis-server/2.5.1/ratis-server-2.5.1.jar:/home/runner/.m2/repository/org/apache/ratis/ratis-proto/2.5.1/ratis-proto-2.5.1.jar:/home/runner/.m2/repository/org/apache/ratis/ratis-common/2.5.1/ratis-common-2.5.1.jar:/home/runner/.m2/repository/org/apache/ratis/ratis-client/2.5.1/ratis-client-2.5.1.jar:/home/runner/.m2/repository/org/apache/ratis/ratis-server-api/2.5.1/ratis-server-api-2.5.1.jar:/home/runner/.m2/repository/org/apache/ratis/ratis-metrics/2.5.1/ratis-metrics-2.5.1.jar:/home/runner/.m2/repository/io/prometheus/simpleclient_dropwizard/0.7.0/simpleclient_dropwizard-0.7.0.jar:/home/runner/.m2/repository/io/prometheus/simpleclient/0.7.0/simpleclient-0.7.0.jar:/home/runner/.m2/repository/io/prometheus/simpleclient_common/0.7.0/simpleclient_common-0.7.0.jar:/home/runner/.m2/repository/com/fasterxml/jackson/datatype/jackson-datatype-jsr310/2.13.4/jackson-datatype-jsr310-2.13.4.jar:/home/runner/.m2/repository/com/fasterxml/jackson/core/jackson-core/2.13.4/jackson-core-2.13.4.jar:/home/runner/.m2/repository/org/awaitility/awaitility/4.2.0/awaitility-4.2.0.jar:/home/runner/.m2/repository/org/hamcrest/hamcrest/2.1/hamcrest-2.1.jar:/home/runner/work/ozone/ozone/hadoop-hdds/hadoop-dependency-server/target/classes:/home/runner/.m2/repository/org/apache/hadoop/hadoop-annotations/3.3.6/hadoop-annotations-3.3.6.jar:/usr/lib/jvm/temurin-8-jdk-amd64/jre/../lib/tools.jar:/home/runner/.m2/repository/org/apache/hadoop/hadoop-common/3.3.6/hadoop-common-3.3.6.jar:/home/runner/.m2/repository/org/apache/hadoop/thirdparty/hadoop-shaded-guava/1.1.1/hadoop-shaded-guava-1.1.1.jar:/home/runner/.m2/repository/org/apache/httpcomponents/httpclient/4.5.13/httpclient-4.5.13.jar:/home/runner/.m2/repository/org/apache/httpcomponents/httpcore/4.4.13/httpcore-4.4.13.jar:/home/runner/.m2/repository/commons-net/commons-net/3.9.0/commons-net-3.9.0.jar:/home/runner/.m2/repository/commons-collections/commons-collections/3.2.2/commons-collections-3.2.2.jar:/home/runner/.m2/repository/jakarta/activation/jakarta.activation-api/1.2.2/jakarta.activation-api-1.2.2.jar:/home/runner/.m2/repository/javax/servlet/jsp/jsp-api/2.1/jsp-api-2.1.jar:/home/runner/.m2/repository/com/sun/jersey/jersey-servlet/1.19/jersey-servlet-1.19.jar:/home/runner/.m2/repository/com/sun/jersey/jersey-server/1.19/jersey-server-1.19.jar:/home/runner/.m2/repository/commons-beanutils/commons-beanutils/1.9.4/commons-beanutils-1.9.4.jar:/home/runner/.m2/repository/com/google/re2j/re2j/1.1/re2j-1.1.jar:/home/runner/.m2/repository/com/google/code/gson/gson/2.9.0/gson-2.9.0.jar:/home/runner/.m2/repository/org/apache/hadoop/hadoop-auth/3.3.6/hadoop-auth-3.3.6.jar:/home/runner/.m2/repository/com/nimbusds/nimbus-jose-jwt/9.8.1/nimbus-jose-jwt-9.8.1.jar:/home/runner/.m2/repository/com/github/stephenc/jcip/jcip-annotations/1.0-1/jcip-annotations-1.0-1.jar:/home/runner/.m2/repository/com/jcraft/jsch/0.1.54/jsch-0.1.54.jar:/home/runner/.m2/repository/org/apache/kerby/kerb-core/1.0.1/kerb-core-1.0.1.jar:/home/runner/.m2/repository/org/apache/kerby/kerby-pkix/1.0.1/kerby-pkix-1.0.1.jar:/home/runner/.m2/repository/org/apache/kerby/kerby-asn1/1.0.1/kerby-asn1-1.0.1.jar:/home/runner/.m2/repository/org/apache/kerby/kerby-util/1.0.1/kerby-util-1.0.1.jar:/home/runner/.m2/repository/org/codehaus/woodstox/stax2-api/4.2.1/stax2-api-4.2.1.jar:/home/runner/.m2/repository/com/fasterxml/woodstox/woodstox-core/5.4.0/woodstox-core-5.4.0.jar:/home/runner/.m2/repository/dnsjava/dnsjava/2.1.7/dnsjava-2.1.7.jar:/home/runner/.m2/repository/org/xerial/snappy/snappy-java/1.1.8.2/snappy-java-1.1.8.2.jar:/home/runner/.m2/repository/commons-cli/commons-cli/1.2/commons-cli-1.2.jar:/home/runner/.m2/repository/org/apache/hadoop/hadoop-hdfs/3.3.6/hadoop-hdfs-3.3.6.jar:/home/runner/.m2/repository/commons-daemon/commons-daemon/1.0.13/commons-daemon-1.0.13.jar:/home/runner/work/ozone/ozone/hadoop-hdds/rocksdb-checkpoint-differ/target/classes:/home/runner/.m2/repository/org/rocksdb/rocksdbjni/7.7.3/rocksdbjni-7.7.3.jar:/home/runner/.m2/repository/org/jgrapht/jgrapht-core/1.0.1/jgrapht-core-1.0.1.jar:/home/runner/.m2/repository/org/jgrapht/jgrapht-ext/1.0.1/jgrapht-ext-1.0.1.jar:/home/runner/.m2/repository/org/tinyjee/jgraphx/jgraphx/2.0.0.1/jgraphx-2.0.0.1.jar:/home/runner/.m2/repository/jgraph/jgraph/5.13.0.0/jgraph-5.13.0.0.jar:/home/runner/.m2/repository/org/antlr/antlr4-runtime/4.5.3/antlr4-runtime-4.5.3.jar:/home/runner/.m2/repository/org/bouncycastle/bcprov-jdk15on/1.67/bcprov-jdk15on-1.67.jar:/home/runner/.m2/repository/io/netty/netty-tcnative-boringssl-static/2.0.61.Final/netty-tcnative-boringssl-static-2.0.61.Final.jar:/home/runner/.m2/repository/io/netty/netty-tcnative-classes/2.0.61.Final/netty-tcnative-classes-2.0.61.Final.jar:/home/runner/.m2/repository/io/netty/netty-tcnative-boringssl-static/2.0.61.Final/netty-tcnative-boringssl-static-2.0.61.Final-linux-x86_64.jar:/home/runner/.m2/repository/io/netty/netty-tcnative-boringssl-static/2.0.61.Final/netty-tcnative-boringssl-static-2.0.61.Final-linux-aarch_64.jar:/home/runner/.m2/repository/io/netty/netty-tcnative-boringssl-static/2.0.61.Final/netty-tcnative-boringssl-static-2.0.61.Final-osx-x86_64.jar:/home/runner/.m2/repository/io/netty/netty-tcnative-boringssl-static/2.0.61.Final/netty-tcnative-boringssl-static-2.0.61.Final-osx-aarch_64.jar:/home/runner/.m2/repository/io/netty/netty-tcnative-boringssl-static/2.0.61.Final/netty-tcnative-boringssl-static-2.0.61.Final-windows-x86_64.jar:/home/runner/.m2/repository/org/mockito/mockito-core/3.5.9/mockito-core-3.5.9.jar:/home/runner/.m2/repository/net/bytebuddy/byte-buddy/1.10.13/byte-buddy-1.10.13.jar:/home/runner/.m2/repository/net/bytebuddy/byte-buddy-agent/1.10.13/byte-buddy-agent-1.10.13.jar:/home/runner/.m2/repository/org/objenesis/objenesis/1.0/objenesis-1.0.jar:/home/runner/.m2/repository/com/github/spotbugs/spotbugs-annotations/3.1.12/spotbugs-annotations-3.1.12.jar:/home/runner/work/ozone/ozone/hadoop-hdds/common/target/test-classes:/home/runner/work/ozone/ozone/hadoop-hdds/hadoop-dependency-client/target/classes:/home/runner/.m2/repository/info/picocli/picocli/4.6.1/picocli-4.6.1.jar:/home/runner/.m2/repository/com/fasterxml/jackson/core/jackson-annotations/2.13.4/jackson-annotations-2.13.4.jar:/home/runner/work/ozone/ozone/hadoop-hdds/annotations/target/classes:/home/runner/work/ozone/ozone/hadoop-hdds/config/target/classes:/home/runner/.m2/repository/io/dropwizard/metrics/metrics-core/3.2.4/metrics-core-3.2.4.jar:/home/runner/.m2/repository/org/apache/ratis/ratis-netty/2.5.1/ratis-netty-2.5.1.jar:/home/runner/.m2/repository/org/apache/ratis/ratis-grpc/2.5.1/ratis-grpc-2.5.1.jar:/home/runner/.m2/repository/org/apache/commons/commons-pool2/2.6.0/commons-pool2-2.6.0.jar:/home/runner/.m2/repository/org/bouncycastle/bcpkix-jdk15on/1.67/bcpkix-jdk15on-1.67.jar:/home/runner/.m2/repository/commons-validator/commons-validator/1.6/commons-validator-1.6.jar:/home/runner/.m2/repository/commons-digester/commons-digester/1.8.1/commons-digester-1.8.1.jar:/home/runner/.m2/repository/io/jaegertracing/jaeger-client/1.6.0/jaeger-client-1.6.0.jar:/home/runner/.m2/repository/io/jaegertracing/jaeger-thrift/1.6.0/jaeger-thrift-1.6.0.jar:/home/runner/.m2/repository/org/apache/thrift/libthrift/0.14.1/libthrift-0.14.1.jar:/home/runner/.m2/repository/io/jaegertracing/jaeger-core/1.6.0/jaeger-core-1.6.0.jar:/home/runner/.m2/repository/io/jaegertracing/jaeger-tracerresolver/1.6.0/jaeger-tracerresolver-1.6.0.jar:/home/runner/.m2/repository/io/opentracing/contrib/opentracing-tracerresolver/0.1.8/opentracing-tracerresolver-0.1.8.jar:/home/runner/.m2/repository/org/jetbrains/kotlin/kotlin-stdlib/1.6.21/kotlin-stdlib-1.6.21.jar:/home/runner/.m2/repository/org/jetbrains/annotations/13.0/annotations-13.0.jar:/home/runner/.m2/repository/io/opentracing/opentracing-util/0.33.0/opentracing-util-0.33.0.jar:/home/runner/.m2/repository/io/opentracing/opentracing-api/0.33.0/opentracing-api-0.33.0.jar:/home/runner/.m2/repository/io/opentracing/opentracing-noop/0.33.0/opentracing-noop-0.33.0.jar:/home/runner/.m2/repository/org/yaml/snakeyaml/2.0/snakeyaml-2.0.jar:/home/runner/.m2/repository/io/grpc/grpc-api/1.51.1/grpc-api-1.51.1.jar:/home/runner/.m2/repository/io/grpc/grpc-context/1.51.1/grpc-context-1.51.1.jar:/home/runner/.m2/repository/com/fasterxml/uuid/java-uuid-generator/4.3.0/java-uuid-generator-4.3.0.jar:/home/runner/work/ozone/ozone/hadoop-hdds/hadoop-dependency-test/target/classes:/home/runner/.m2/repository/org/apache/hadoop/hadoop-common/3.3.6/hadoop-common-3.3.6-tests.jar:/home/runner/.m2/repository/org/apache/hadoop/hadoop-hdfs/3.3.6/hadoop-hdfs-3.3.6-tests.jar:/home/runner/.m2/repository/commons-codec/commons-codec/1.15/commons-codec-1.15.jar:/home/runner/.m2/repository/org/assertj/assertj-core/3.12.2/assertj-core-3.12.2.jar:/home/runner/work/ozone/ozone/hadoop-hdds/server-scm/target/test-classes:/home/runner/work/ozone/ozone/hadoop-hdds/container-service/target/classes:/home/runner/.m2/repository/com/github/luben/zstd-jni/1.5.2-5/zstd-jni-1.5.2-5.jar:/home/runner/.m2/repository/javax/xml/bind/jaxb-api/2.3.0/jaxb-api-2.3.0.jar:/home/runner/.m2/repository/org/glassfish/jaxb/jaxb-runtime/2.3.0.1/jaxb-runtime-2.3.0.1.jar:/home/runner/.m2/repository/org/glassfish/jaxb/jaxb-core/2.3.0.1/jaxb-core-2.3.0.1.jar:/home/runner/.m2/repository/org/glassfish/jaxb/txw2/2.3.0.1/txw2-2.3.0.1.jar:/home/runner/.m2/repository/com/sun/istack/istack-commons-runtime/3.0.5/istack-commons-runtime-3.0.5.jar:/home/runner/.m2/repository/org/jvnet/staxex/stax-ex/1.7.8/stax-ex-1.7.8.jar:/home/runner/.m2/repository/com/sun/xml/fastinfoset/FastInfoset/1.2.13/FastInfoset-1.2.13.jar:/home/runner/.m2/repository/org/apache/commons/commons-text/1.10.0/commons-text-1.10.0.jar:/home/runner/.m2/repository/junit/junit/4.13.1/junit-4.13.1.jar:/home/runner/.m2/repository/org/hamcrest/hamcrest-core/1.3/hamcrest-core-1.3.jar:/home/runner/.m2/repository/org/jmockit/jmockit/1.24/jmockit-1.24.jar:/home/runner/.m2/repository/org/hamcrest/hamcrest-all/1.3/hamcrest-all-1.3.jar:/home/runner/.m2/repository/com/google/testing/compile/compile-testing/0.19/compile-testing-0.19.jar:/home/runner/.m2/repository/com/google/truth/truth/1.1/truth-1.1.jar:/home/runner/.m2/repository/com/google/auto/value/auto-value-annotations/1.7.4/auto-value-annotations-1.7.4.jar:/home/runner/.m2/repository/org/ow2/asm/asm/5.0.4/asm-5.0.4.jar:/home/runner/.m2/repository/com/google/auto/value/auto-value/1.7.4/auto-value-1.7.4.jar:/home/runner/.m2/repository/com/google/auto/auto-common/0.11/auto-common-0.11.jar:/usr/lib/jvm/temurin-8-jdk-amd64/jre/../lib/tools.jar:/home/runner/.m2/repository/org/reflections/reflections/0.9.11/reflections-0.9.11.jar:/home/runner/.m2/repository/org/javassist/javassist/3.21.0-GA/javassist-3.21.0-GA.jar:/home/runner/.m2/repository/com/sun/jersey/jersey-client/1.19/jersey-client-1.19.jar:/home/runner/.m2/repository/com/sun/jersey/jersey-core/1.19/jersey-core-1.19.jar:/home/runner/.m2/repository/javax/ws/rs/jsr311-api/1.1.1/jsr311-api-1.1.1.jar:/home/runner/.m2/repository/org/codehaus/jackson/jackson-core-asl/1.9.13/jackson-core-asl-1.9.13.jar:/home/runner/.m2/repository/org/codehaus/jackson/jackson-mapper-asl/1.9.13/jackson-mapper-asl-1.9.13.jar:/home/runner/.m2/repository/org/codehaus/jackson/jackson-jaxrs/1.9.13/jackson-jaxrs-1.9.13.jar:/home/runner/.m2/repository/org/apache/ranger/ranger-intg/2.3.0/ranger-intg-2.3.0.jar:/home/runner/.m2/repository/org/apache/ranger/ranger-plugins-common/2.3.0/ranger-plugins-common-2.3.0.jar:/home/runner/.m2/repository/commons-lang/commons-lang/2.6/commons-lang-2.6.jar:/home/runner/.m2/repository/org/apache/ranger/ranger-plugins-cred/2.3.0/ranger-plugins-cred-2.3.0.jar:/home/runner/.m2/repository/org/apache/ranger/ranger-plugins-audit/2.3.0/ranger-plugins-audit-2.3.0.jar:/home/runner/.m2/repository/org/eclipse/jetty/jetty-client/9.4.52.v20230823/jetty-client-9.4.52.v20230823.jar:/home/runner/.m2/repository/org/apache/httpcomponents/httpmime/4.5.6/httpmime-4.5.6.jar:/home/runner/.m2/repository/org/apache/httpcomponents/httpcore-nio/4.4.13/httpcore-nio-4.4.13.jar:/home/runner/.m2/repository/org/apache/httpcomponents/httpasyncclient/4.1.3/httpasyncclient-4.1.3.jar:/home/runner/.m2/repository/joda-time/joda-time/2.10.6/joda-time-2.10.6.jar:/home/runner/.m2/repository/com/carrotsearch/hppc/0.8.0/hppc-0.8.0.jar:/home/runner/.m2/repository/org/apache/orc/orc-core/1.5.8/orc-core-1.5.8.jar:/home/runner/.m2/repository/net/java/dev/jna/jna/5.2.0/jna-5.2.0.jar:/home/runner/.m2/repository/net/java/dev/jna/jna-platform/5.2.0/jna-platform-5.2.0.jar:/home/runner/.m2/repository/com/kstruct/gethostname4j/0.0.2/gethostname4j-0.0.2.jar:/home/runner/.m2/repository/org/apache/ranger/ranger-plugin-classloader/2.3.0/ranger-plugin-classloader-2.3.0.jar:/home/runner/.m2/repository/org/junit/jupiter/junit-jupiter-params/5.8.2/junit-jupiter-params-5.8.2.jar:/home/runner/.m2/repository/org/apiguardian/apiguardian-api/1.1.2/apiguardian-api-1.1.2.jar:/home/runner/work/ozone/ozone/hadoop-hdds/rocks-native/target/classes:/home/runner/.m2/repository/org/eclipse/jetty/jetty-io/9.4.52.v20230823/jetty-io-9.4.52.v20230823.jar:/home/runner/.m2/repository/org/mockito/mockito-junit-jupiter/3.5.9/mockito-junit-jupiter-3.5.9.jar:"/>
    <property name="sun.cpu.endian" value="little"/>
    <property name="user.home" value="/home/runner"/>
    <property name="user.language" value="en"/>
    <property name="java.specification.vendor" value="Oracle Corporation"/>
    <property name="java.home" value="/usr/lib/jvm/temurin-8-jdk-amd64/jre"/>
    <property name="java.security.krb5.conf" value="/home/runner/work/ozone/ozone/hadoop-ozone/ozone-manager/target/test-classes/krb5.conf"/>
    <property name="basedir" value="/home/runner/work/ozone/ozone/hadoop-ozone/ozone-manager"/>
    <property name="file.separator" value="/"/>
    <property name="line.separator" value="&#10;"/>
    <property name="java.vm.specification.vendor" value="Oracle Corporation"/>
    <property name="java.specification.name" value="Java Platform API Specification"/>
    <property name="java.awt.graphicsenv" value="sun.awt.X11GraphicsEnvironment"/>
    <property name="skip.installnpx" value="true"/>
    <property name="surefire.real.class.path" value="/home/runner/work/ozone/ozone/hadoop-ozone/ozone-manager/target/surefire/surefirebooter5271122826477261737.jar:/home/runner/.m2/repository/org/jacoco/org.jacoco.agent/0.8.5/org.jacoco.agent-0.8.5-runtime.jar"/>
    <property name="hadoop.log.dir" value="/home/runner/work/ozone/ozone/hadoop-ozone/ozone-manager/target/log"/>
    <property name="sun.boot.class.path" value="/usr/lib/jvm/temurin-8-jdk-amd64/jre/lib/resources.jar:/usr/lib/jvm/temurin-8-jdk-amd64/jre/lib/rt.jar:/usr/lib/jvm/temurin-8-jdk-amd64/jre/lib/sunrsasign.jar:/usr/lib/jvm/temurin-8-jdk-amd64/jre/lib/jsse.jar:/usr/lib/jvm/temurin-8-jdk-amd64/jre/lib/jce.jar:/usr/lib/jvm/temurin-8-jdk-amd64/jre/lib/charsets.jar:/usr/lib/jvm/temurin-8-jdk-amd64/jre/lib/jfr.jar:/usr/lib/jvm/temurin-8-jdk-amd64/jre/classes"/>
    <property name="sun.management.compiler" value="HotSpot 64-Bit Tiered Compilers"/>
    <property name="skip.npx" value="true"/>
    <property name="java.runtime.version" value="1.8.0_382-b05"/>
    <property name="java.net.preferIPv4Stack" value="true"/>
    <property name="user.name" value="runner"/>
    <property name="path.separator" value=":"/>
    <property name="java.security.egd" value="file:///dev/urandom"/>
    <property name="os.version" value="5.15.0-1047-azure"/>
    <property name="java.endorsed.dirs" value="/usr/lib/jvm/temurin-8-jdk-amd64/jre/lib/endorsed"/>
    <property name="java.runtime.name" value="OpenJDK Runtime Environment"/>
    <property name="file.encoding" value="UTF-8"/>
    <property name="java.vm.name" value="OpenJDK 64-Bit Server VM"/>
    <property name="test.build.webapps" value=""/>
    <property name="localRepository" value="/home/runner/.m2/repository"/>
    <property name="java.vendor.url.bug" value="https://github.com/adoptium/adoptium-support/issues"/>
    <property name="java.io.tmpdir" value="/tmp"/>
    <property name="require.test.libhadoop" value=""/>
    <property name="java.version" value="1.8.0_382"/>
    <property name="user.dir" value="/home/runner/work/ozone/ozone/hadoop-ozone/ozone-manager"/>
    <property name="os.arch" value="amd64"/>
    <property name="java.vm.specification.name" value="Java Virtual Machine Specification"/>
    <property name="test.build.classes" value="/home/runner/work/ozone/ozone/hadoop-ozone/ozone-manager/target/test-classes"/>
    <property name="java.awt.printerjob" value="sun.print.PSPrinterJob"/>
    <property name="sun.os.patch.level" value="unknown"/>
    <property name="excludedGroups" value="native | unhealthy | org.apache.ozone.test.UnhealthyTest"/>
    <property name="hadoop.tmp.dir" value="/home/runner/work/ozone/ozone/hadoop-ozone/ozone-manager/target/tmp"/>
    <property name="java.library.path" value="/usr/java/packages/lib/amd64:/usr/lib64:/lib64:/lib:/usr/lib"/>
    <property name="java.vm.info" value="mixed mode"/>
    <property name="java.vendor" value="Temurin"/>
    <property name="java.vm.version" value="25.382-b05"/>
    <property name="java.specification.maintenance.version" value="5"/>
    <property name="java.ext.dirs" value="/usr/lib/jvm/temurin-8-jdk-amd64/jre/lib/ext:/usr/java/packages/lib/ext"/>
    <property name="sun.io.unicode.encoding" value="UnicodeLittle"/>
    <property name="java.class.version" value="52.0"/>
  </properties>
  <testcase name="testGetSnapshotDiffReportHappyCase" classname="org.apache.hadoop.ozone.om.snapshot.TestSnapshotDiffManager" time="5.571">
    <system-out><![CDATA[2023-10-11 09:27:20,745 [main] INFO  audit.AuditLogger (AuditLogger.java:refreshDebugCmdSet(126)) - Refresh DebugCmdSet for OMAudit to [].
2023-10-11 09:27:22,483 [main] INFO  utils.NativeLibraryLoader (NativeLibraryLoader.java:loadLibrary(108)) - Loading Library: ozone_rocksdb_tools
2023-10-11 09:27:22,485 [main] INFO  snapshot.SnapshotDiffManager (SnapshotDiffManager.java:closeExecutorService(1720)) - Shutting down executorService: 'SstDumpToolExecutor'
2023-10-11 09:27:22,863 [main] INFO  snapshot.SnapshotDiffManager (SnapshotDiffManager.java:submitSnapDiffJob(732)) - Submitting snap diff report generation request for volume: volume, bucket: bucket, fromSnapshot: snap-3f752899-91e1-4ed9-b563-2136e0f411bc and toSnapshot: snap-3ebd8730-499a-4300-a8c8-e3e360aef4c1
2023-10-11 09:27:22,873 [snapshot-diff-job-thread-id-0] INFO  snapshot.SnapshotDiffManager (SnapshotDiffManager.java:generateSnapshotDiffReport(835)) - Started snap diff report generation for volume: 'volume', bucket: 'bucket', fromSnapshot: 'snap-3f752899-91e1-4ed9-b563-2136e0f411bc', toSnapshot: 'snap-3ebd8730-499a-4300-a8c8-e3e360aef4c1'
2023-10-11 09:27:22,879 [snapshot-diff-job-thread-id-0] INFO  snapshot.SnapshotCache (SnapshotCache.java:lambda$1(170)) - Loading snapshot. Table key: /volume/bucket/snap-3f752899-91e1-4ed9-b563-2136e0f411bc
2023-10-11 09:27:22,907 [snapshot-diff-job-thread-id-0] INFO  audit.AuditLogger (AuditLogger.java:refreshDebugCmdSet(126)) - Refresh DebugCmdSet for OMAudit to [].
2023-10-11 09:27:22,949 [snapshot-diff-job-thread-id-0] INFO  snapshot.SnapshotCache (SnapshotCache.java:lambda$1(170)) - Loading snapshot. Table key: /volume/bucket/snap-3ebd8730-499a-4300-a8c8-e3e360aef4c1
2023-10-11 09:27:23,889 [main] INFO  snapshot.SnapshotDiffManager (SnapshotDiffManager.java:closeExecutorService(1720)) - Shutting down executorService: 'SnapDiffExecutor'
2023-10-11 09:27:23,890 [main] INFO  snapshot.SnapshotDiffManager (SnapshotDiffManager.java:closeExecutorService(1720)) - Shutting down executorService: 'SstDumpToolExecutor'
]]></system-out>
  </testcase>
  <testcase name="testCreatePageResponse(int, int, int)[1]" classname="org.apache.hadoop.ozone.om.snapshot.TestSnapshotDiffManager" time="0.189">
    <system-out><![CDATA[2023-10-11 09:27:24,001 [main] INFO  snapshot.SnapshotDiffManager (SnapshotDiffManager.java:closeExecutorService(1720)) - Shutting down executorService: 'SstDumpToolExecutor'
2023-10-11 09:27:24,160 [main] INFO  snapshot.SnapshotDiffManager (SnapshotDiffManager.java:closeExecutorService(1720)) - Shutting down executorService: 'SnapDiffExecutor'
2023-10-11 09:27:24,164 [main] INFO  snapshot.SnapshotDiffManager (SnapshotDiffManager.java:closeExecutorService(1720)) - Shutting down executorService: 'SstDumpToolExecutor'
]]></system-out>
  </testcase>
  <testcase name="testCreatePageResponse(int, int, int)[2]" classname="org.apache.hadoop.ozone.om.snapshot.TestSnapshotDiffManager" time="0.035">
    <system-out><![CDATA[2023-10-11 09:27:24,196 [main] INFO  snapshot.SnapshotDiffManager (SnapshotDiffManager.java:closeExecutorService(1720)) - Shutting down executorService: 'SstDumpToolExecutor'
2023-10-11 09:27:24,204 [main] INFO  snapshot.SnapshotDiffManager (SnapshotDiffManager.java:closeExecutorService(1720)) - Shutting down executorService: 'SnapDiffExecutor'
2023-10-11 09:27:24,205 [main] INFO  snapshot.SnapshotDiffManager (SnapshotDiffManager.java:closeExecutorService(1720)) - Shutting down executorService: 'SstDumpToolExecutor'
]]></system-out>
  </testcase>
  <testcase name="testCreatePageResponse(int, int, int)[3]" classname="org.apache.hadoop.ozone.om.snapshot.TestSnapshotDiffManager" time="0.028">
    <system-out><![CDATA[2023-10-11 09:27:24,230 [main] INFO  snapshot.SnapshotDiffManager (SnapshotDiffManager.java:closeExecutorService(1720)) - Shutting down executorService: 'SstDumpToolExecutor'
2023-10-11 09:27:24,236 [main] INFO  snapshot.SnapshotDiffManager (SnapshotDiffManager.java:closeExecutorService(1720)) - Shutting down executorService: 'SnapDiffExecutor'
2023-10-11 09:27:24,237 [main] INFO  snapshot.SnapshotDiffManager (SnapshotDiffManager.java:closeExecutorService(1720)) - Shutting down executorService: 'SstDumpToolExecutor'
]]></system-out>
  </testcase>
  <testcase name="testCreatePageResponse(int, int, int)[4]" classname="org.apache.hadoop.ozone.om.snapshot.TestSnapshotDiffManager" time="0.304">
    <system-out><![CDATA[2023-10-11 09:27:24,262 [main] INFO  snapshot.SnapshotDiffManager (SnapshotDiffManager.java:closeExecutorService(1720)) - Shutting down executorService: 'SstDumpToolExecutor'
2023-10-11 09:27:24,544 [main] INFO  snapshot.SnapshotDiffManager (SnapshotDiffManager.java:closeExecutorService(1720)) - Shutting down executorService: 'SnapDiffExecutor'
2023-10-11 09:27:24,544 [main] INFO  snapshot.SnapshotDiffManager (SnapshotDiffManager.java:closeExecutorService(1720)) - Shutting down executorService: 'SstDumpToolExecutor'
]]></system-out>
  </testcase>
  <testcase name="testCreatePageResponse(int, int, int)[5]" classname="org.apache.hadoop.ozone.om.snapshot.TestSnapshotDiffManager" time="0.047">
    <system-out><![CDATA[2023-10-11 09:27:24,569 [main] INFO  snapshot.SnapshotDiffManager (SnapshotDiffManager.java:closeExecutorService(1720)) - Shutting down executorService: 'SstDumpToolExecutor'
2023-10-11 09:27:24,593 [main] INFO  snapshot.SnapshotDiffManager (SnapshotDiffManager.java:closeExecutorService(1720)) - Shutting down executorService: 'SnapDiffExecutor'
2023-10-11 09:27:24,593 [main] INFO  snapshot.SnapshotDiffManager (SnapshotDiffManager.java:closeExecutorService(1720)) - Shutting down executorService: 'SstDumpToolExecutor'
]]></system-out>
  </testcase>
  <testcase name="testCreatePageResponse(int, int, int)[6]" classname="org.apache.hadoop.ozone.om.snapshot.TestSnapshotDiffManager" time="0.045">
    <system-out><![CDATA[2023-10-11 09:27:24,620 [main] INFO  snapshot.SnapshotDiffManager (SnapshotDiffManager.java:closeExecutorService(1720)) - Shutting down executorService: 'SstDumpToolExecutor'
2023-10-11 09:27:24,641 [main] INFO  snapshot.SnapshotDiffManager (SnapshotDiffManager.java:closeExecutorService(1720)) - Shutting down executorService: 'SnapDiffExecutor'
2023-10-11 09:27:24,641 [main] INFO  snapshot.SnapshotDiffManager (SnapshotDiffManager.java:closeExecutorService(1720)) - Shutting down executorService: 'SstDumpToolExecutor'
]]></system-out>
  </testcase>
  <testcase name="testObjectIdMapWithTombstoneEntries(boolean, String)[1]" classname="org.apache.hadoop.ozone.om.snapshot.TestSnapshotDiffManager" time="0.147">
    <system-out><![CDATA[2023-10-11 09:27:24,665 [main] INFO  snapshot.SnapshotDiffManager (SnapshotDiffManager.java:closeExecutorService(1720)) - Shutting down executorService: 'SstDumpToolExecutor'
2023-10-11 09:27:24,792 [main] INFO  snapshot.SnapshotDiffManager (SnapshotDiffManager.java:closeExecutorService(1720)) - Shutting down executorService: 'SnapDiffExecutor'
2023-10-11 09:27:24,792 [main] INFO  snapshot.SnapshotDiffManager (SnapshotDiffManager.java:closeExecutorService(1720)) - Shutting down executorService: 'SstDumpToolExecutor'
]]></system-out>
  </testcase>
  <testcase name="testObjectIdMapWithTombstoneEntries(boolean, String)[2]" classname="org.apache.hadoop.ozone.om.snapshot.TestSnapshotDiffManager" time="0.036">
    <system-out><![CDATA[2023-10-11 09:27:24,816 [main] INFO  snapshot.SnapshotDiffManager (SnapshotDiffManager.java:closeExecutorService(1720)) - Shutting down executorService: 'SstDumpToolExecutor'
2023-10-11 09:27:24,832 [main] INFO  snapshot.SnapshotDiffManager (SnapshotDiffManager.java:closeExecutorService(1720)) - Shutting down executorService: 'SnapDiffExecutor'
2023-10-11 09:27:24,832 [main] INFO  snapshot.SnapshotDiffManager (SnapshotDiffManager.java:closeExecutorService(1720)) - Shutting down executorService: 'SstDumpToolExecutor'
]]></system-out>
  </testcase>
  <testcase name="testObjectIdMapWithTombstoneEntries(boolean, String)[3]" classname="org.apache.hadoop.ozone.om.snapshot.TestSnapshotDiffManager" time="0.047">
    <system-out><![CDATA[2023-10-11 09:27:24,851 [main] INFO  snapshot.SnapshotDiffManager (SnapshotDiffManager.java:closeExecutorService(1720)) - Shutting down executorService: 'SstDumpToolExecutor'
2023-10-11 09:27:24,881 [main] INFO  snapshot.SnapshotDiffManager (SnapshotDiffManager.java:closeExecutorService(1720)) - Shutting down executorService: 'SnapDiffExecutor'
2023-10-11 09:27:24,881 [main] INFO  snapshot.SnapshotDiffManager (SnapshotDiffManager.java:closeExecutorService(1720)) - Shutting down executorService: 'SstDumpToolExecutor'
]]></system-out>
  </testcase>
  <testcase name="testObjectIdMapWithTombstoneEntries(boolean, String)[4]" classname="org.apache.hadoop.ozone.om.snapshot.TestSnapshotDiffManager" time="0.038">
    <system-out><![CDATA[2023-10-11 09:27:24,908 [main] INFO  snapshot.SnapshotDiffManager (SnapshotDiffManager.java:closeExecutorService(1720)) - Shutting down executorService: 'SstDumpToolExecutor'
2023-10-11 09:27:24,920 [main] INFO  snapshot.SnapshotDiffManager (SnapshotDiffManager.java:closeExecutorService(1720)) - Shutting down executorService: 'SnapDiffExecutor'
2023-10-11 09:27:24,920 [main] INFO  snapshot.SnapshotDiffManager (SnapshotDiffManager.java:closeExecutorService(1720)) - Shutting down executorService: 'SstDumpToolExecutor'
]]></system-out>
  </testcase>
  <testcase name="testObjectIdMapWithTombstoneEntries(boolean, String)[5]" classname="org.apache.hadoop.ozone.om.snapshot.TestSnapshotDiffManager" time="0.029">
    <system-out><![CDATA[2023-10-11 09:27:24,944 [main] INFO  snapshot.SnapshotDiffManager (SnapshotDiffManager.java:closeExecutorService(1720)) - Shutting down executorService: 'SstDumpToolExecutor'
2023-10-11 09:27:24,951 [main] INFO  snapshot.SnapshotDiffManager (SnapshotDiffManager.java:closeExecutorService(1720)) - Shutting down executorService: 'SnapDiffExecutor'
2023-10-11 09:27:24,952 [main] INFO  snapshot.SnapshotDiffManager (SnapshotDiffManager.java:closeExecutorService(1720)) - Shutting down executorService: 'SstDumpToolExecutor'
]]></system-out>
  </testcase>
  <testcase name="testObjectIdMapWithTombstoneEntries(boolean, String)[6]" classname="org.apache.hadoop.ozone.om.snapshot.TestSnapshotDiffManager" time="0.053">
    <system-out><![CDATA[2023-10-11 09:27:24,988 [main] INFO  snapshot.SnapshotDiffManager (SnapshotDiffManager.java:closeExecutorService(1720)) - Shutting down executorService: 'SstDumpToolExecutor'
2023-10-11 09:27:25,005 [main] INFO  snapshot.SnapshotDiffManager (SnapshotDiffManager.java:closeExecutorService(1720)) - Shutting down executorService: 'SnapDiffExecutor'
2023-10-11 09:27:25,005 [main] INFO  snapshot.SnapshotDiffManager (SnapshotDiffManager.java:closeExecutorService(1720)) - Shutting down executorService: 'SstDumpToolExecutor'
]]></system-out>
  </testcase>
  <testcase name="testGetDeltaFilesWithDifferThrowException(int)[1]" classname="org.apache.hadoop.ozone.om.snapshot.TestSnapshotDiffManager" time="0.213">
    <system-out><![CDATA[2023-10-11 09:27:25,040 [main] INFO  snapshot.SnapshotDiffManager (SnapshotDiffManager.java:closeExecutorService(1720)) - Shutting down executorService: 'SstDumpToolExecutor'
2023-10-11 09:27:25,122 [main] INFO  snapshot.SnapshotCache (SnapshotCache.java:lambda$1(170)) - Loading snapshot. Table key: 9afaa5f1-537c-42c5-b92f-05a1e72e6f57
2023-10-11 09:27:25,124 [main] INFO  snapshot.SnapshotCache (SnapshotCache.java:lambda$1(170)) - Loading snapshot. Table key: 2f62c998-ef07-4188-9be3-996d6f4c0754
2023-10-11 09:27:25,211 [main] WARN  snapshot.SnapshotDiffManager (SnapshotDiffManager.java:getDeltaFiles(1220)) - Failed to get SST diff file using RocksDBCheckpointDiffer. It will fallback to full diff now.
java.io.FileNotFoundException: File not found exception.
	at org.apache.ozone.rocksdiff.RocksDBCheckpointDiffer.getSSTDiffListWithFullPath(RocksDBCheckpointDiffer.java:873)
	at org.apache.hadoop.ozone.om.snapshot.SnapshotDiffManager.getDeltaFiles(SnapshotDiffManager.java:1217)
	at org.apache.hadoop.ozone.om.snapshot.TestSnapshotDiffManager.testGetDeltaFilesWithDifferThrowException(TestSnapshotDiffManager.java:580)
	at sun.reflect.NativeMethodAccessorImpl.invoke0(Native Method)
	at sun.reflect.NativeMethodAccessorImpl.invoke(NativeMethodAccessorImpl.java:62)
	at sun.reflect.DelegatingMethodAccessorImpl.invoke(DelegatingMethodAccessorImpl.java:43)
	at java.lang.reflect.Method.invoke(Method.java:498)
	at org.junit.platform.commons.util.ReflectionUtils.invokeMethod(ReflectionUtils.java:725)
	at org.junit.jupiter.engine.execution.MethodInvocation.proceed(MethodInvocation.java:60)
	at org.junit.jupiter.engine.execution.InvocationInterceptorChain$ValidatingInvocation.proceed(InvocationInterceptorChain.java:131)
	at org.junit.jupiter.engine.extension.TimeoutExtension.intercept(TimeoutExtension.java:149)
	at org.junit.jupiter.engine.extension.TimeoutExtension.interceptTestableMethod(TimeoutExtension.java:140)
	at org.junit.jupiter.engine.extension.TimeoutExtension.interceptTestTemplateMethod(TimeoutExtension.java:92)
	at org.junit.jupiter.engine.execution.ExecutableInvoker$ReflectiveInterceptorCall.lambda$ofVoidMethod$0(ExecutableInvoker.java:115)
	at org.junit.jupiter.engine.execution.ExecutableInvoker.lambda$invoke$0(ExecutableInvoker.java:105)
	at org.junit.jupiter.engine.execution.InvocationInterceptorChain$InterceptedInvocation.proceed(InvocationInterceptorChain.java:106)
	at org.junit.jupiter.engine.execution.InvocationInterceptorChain.proceed(InvocationInterceptorChain.java:64)
	at org.junit.jupiter.engine.execution.InvocationInterceptorChain.chainAndInvoke(InvocationInterceptorChain.java:45)
	at org.junit.jupiter.engine.execution.InvocationInterceptorChain.invoke(InvocationInterceptorChain.java:37)
	at org.junit.jupiter.engine.execution.ExecutableInvoker.invoke(ExecutableInvoker.java:104)
	at org.junit.jupiter.engine.execution.ExecutableInvoker.invoke(ExecutableInvoker.java:98)
	at org.junit.jupiter.engine.descriptor.TestMethodTestDescriptor.lambda$invokeTestMethod$7(TestMethodTestDescriptor.java:214)
	at org.junit.platform.engine.support.hierarchical.ThrowableCollector.execute(ThrowableCollector.java:73)
	at org.junit.jupiter.engine.descriptor.TestMethodTestDescriptor.invokeTestMethod(TestMethodTestDescriptor.java:210)
	at org.junit.jupiter.engine.descriptor.TestMethodTestDescriptor.execute(TestMethodTestDescriptor.java:135)
	at org.junit.jupiter.engine.descriptor.TestMethodTestDescriptor.execute(TestMethodTestDescriptor.java:66)
	at org.junit.platform.engine.support.hierarchical.NodeTestTask.lambda$executeRecursively$6(NodeTestTask.java:151)
	at org.junit.platform.engine.support.hierarchical.ThrowableCollector.execute(ThrowableCollector.java:73)
	at org.junit.platform.engine.support.hierarchical.NodeTestTask.lambda$executeRecursively$8(NodeTestTask.java:141)
	at org.junit.platform.engine.support.hierarchical.Node.around(Node.java:137)
	at org.junit.platform.engine.support.hierarchical.NodeTestTask.lambda$executeRecursively$9(NodeTestTask.java:139)
	at org.junit.platform.engine.support.hierarchical.ThrowableCollector.execute(ThrowableCollector.java:73)
	at org.junit.platform.engine.support.hierarchical.NodeTestTask.executeRecursively(NodeTestTask.java:138)
	at org.junit.platform.engine.support.hierarchical.NodeTestTask.execute(NodeTestTask.java:95)
	at org.junit.platform.engine.support.hierarchical.SameThreadHierarchicalTestExecutorService.submit(SameThreadHierarchicalTestExecutorService.java:35)
	at org.junit.platform.engine.support.hierarchical.NodeTestTask$DefaultDynamicTestExecutor.execute(NodeTestTask.java:226)
	at org.junit.platform.engine.support.hierarchical.NodeTestTask$DefaultDynamicTestExecutor.execute(NodeTestTask.java:204)
	at org.junit.jupiter.engine.descriptor.TestTemplateTestDescriptor.execute(TestTemplateTestDescriptor.java:139)
	at org.junit.jupiter.engine.descriptor.TestTemplateTestDescriptor.lambda$execute$2(TestTemplateTestDescriptor.java:107)
	at java.util.stream.ForEachOps$ForEachOp$OfRef.accept(ForEachOps.java:183)
	at java.util.stream.ReferencePipeline$3$1.accept(ReferencePipeline.java:193)
	at java.util.stream.ReferencePipeline$2$1.accept(ReferencePipeline.java:175)
	at java.util.stream.ReferencePipeline$3$1.accept(ReferencePipeline.java:193)
	at java.util.stream.ForEachOps$ForEachOp$OfRef.accept(ForEachOps.java:183)
	at java.util.stream.ReferencePipeline$3$1.accept(ReferencePipeline.java:193)
	at java.util.stream.ReferencePipeline$3$1.accept(ReferencePipeline.java:193)
	at java.util.stream.ReferencePipeline$3$1.accept(ReferencePipeline.java:193)
	at java.util.stream.ForEachOps$ForEachOp$OfRef.accept(ForEachOps.java:183)
	at java.util.stream.ReferencePipeline$3$1.accept(ReferencePipeline.java:193)
	at java.util.Spliterators$ArraySpliterator.forEachRemaining(Spliterators.java:948)
	at java.util.stream.AbstractPipeline.copyInto(AbstractPipeline.java:482)
	at java.util.stream.AbstractPipeline.wrapAndCopyInto(AbstractPipeline.java:472)
	at java.util.stream.ForEachOps$ForEachOp.evaluateSequential(ForEachOps.java:150)
	at java.util.stream.ForEachOps$ForEachOp$OfRef.evaluateSequential(ForEachOps.java:173)
	at java.util.stream.AbstractPipeline.evaluate(AbstractPipeline.java:234)
	at java.util.stream.ReferencePipeline.forEach(ReferencePipeline.java:485)
	at java.util.stream.ReferencePipeline$7$1.accept(ReferencePipeline.java:272)
	at java.util.stream.ReferencePipeline$3$1.accept(ReferencePipeline.java:193)
	at java.util.stream.ReferencePipeline$3$1.accept(ReferencePipeline.java:193)
	at java.util.stream.ReferencePipeline$3$1.accept(ReferencePipeline.java:193)
	at java.util.ArrayList$ArrayListSpliterator.forEachRemaining(ArrayList.java:1384)
	at java.util.stream.AbstractPipeline.copyInto(AbstractPipeline.java:482)
	at java.util.stream.AbstractPipeline.wrapAndCopyInto(AbstractPipeline.java:472)
	at java.util.stream.ForEachOps$ForEachOp.evaluateSequential(ForEachOps.java:150)
	at java.util.stream.ForEachOps$ForEachOp$OfRef.evaluateSequential(ForEachOps.java:173)
	at java.util.stream.AbstractPipeline.evaluate(AbstractPipeline.java:234)
	at java.util.stream.ReferencePipeline.forEach(ReferencePipeline.java:485)
	at java.util.stream.ReferencePipeline$7$1.accept(ReferencePipeline.java:272)
	at java.util.ArrayList$ArrayListSpliterator.forEachRemaining(ArrayList.java:1384)
	at java.util.stream.AbstractPipeline.copyInto(AbstractPipeline.java:482)
	at java.util.stream.AbstractPipeline.wrapAndCopyInto(AbstractPipeline.java:472)
	at java.util.stream.ForEachOps$ForEachOp.evaluateSequential(ForEachOps.java:150)
	at java.util.stream.ForEachOps$ForEachOp$OfRef.evaluateSequential(ForEachOps.java:173)
	at java.util.stream.AbstractPipeline.evaluate(AbstractPipeline.java:234)
	at java.util.stream.ReferencePipeline.forEach(ReferencePipeline.java:485)
	at org.junit.jupiter.engine.descriptor.TestTemplateTestDescriptor.execute(TestTemplateTestDescriptor.java:107)
	at org.junit.jupiter.engine.descriptor.TestTemplateTestDescriptor.execute(TestTemplateTestDescriptor.java:42)
	at org.junit.platform.engine.support.hierarchical.NodeTestTask.lambda$executeRecursively$6(NodeTestTask.java:151)
	at org.junit.platform.engine.support.hierarchical.ThrowableCollector.execute(ThrowableCollector.java:73)
	at org.junit.platform.engine.support.hierarchical.NodeTestTask.lambda$executeRecursively$8(NodeTestTask.java:141)
	at org.junit.platform.engine.support.hierarchical.Node.around(Node.java:137)
	at org.junit.platform.engine.support.hierarchical.NodeTestTask.lambda$executeRecursively$9(NodeTestTask.java:139)
	at org.junit.platform.engine.support.hierarchical.ThrowableCollector.execute(ThrowableCollector.java:73)
	at org.junit.platform.engine.support.hierarchical.NodeTestTask.executeRecursively(NodeTestTask.java:138)
	at org.junit.platform.engine.support.hierarchical.NodeTestTask.execute(NodeTestTask.java:95)
	at java.util.ArrayList.forEach(ArrayList.java:1259)
	at org.junit.platform.engine.support.hierarchical.SameThreadHierarchicalTestExecutorService.invokeAll(SameThreadHierarchicalTestExecutorService.java:41)
	at org.junit.platform.engine.support.hierarchical.NodeTestTask.lambda$executeRecursively$6(NodeTestTask.java:155)
	at org.junit.platform.engine.support.hierarchical.ThrowableCollector.execute(ThrowableCollector.java:73)
	at org.junit.platform.engine.support.hierarchical.NodeTestTask.lambda$executeRecursively$8(NodeTestTask.java:141)
	at org.junit.platform.engine.support.hierarchical.Node.around(Node.java:137)
	at org.junit.platform.engine.support.hierarchical.NodeTestTask.lambda$executeRecursively$9(NodeTestTask.java:139)
	at org.junit.platform.engine.support.hierarchical.ThrowableCollector.execute(ThrowableCollector.java:73)
	at org.junit.platform.engine.support.hierarchical.NodeTestTask.executeRecursively(NodeTestTask.java:138)
	at org.junit.platform.engine.support.hierarchical.NodeTestTask.execute(NodeTestTask.java:95)
	at java.util.ArrayList.forEach(ArrayList.java:1259)
	at org.junit.platform.engine.support.hierarchical.SameThreadHierarchicalTestExecutorService.invokeAll(SameThreadHierarchicalTestExecutorService.java:41)
	at org.junit.platform.engine.support.hierarchical.NodeTestTask.lambda$executeRecursively$6(NodeTestTask.java:155)
	at org.junit.platform.engine.support.hierarchical.ThrowableCollector.execute(ThrowableCollector.java:73)
	at org.junit.platform.engine.support.hierarchical.NodeTestTask.lambda$executeRecursively$8(NodeTestTask.java:141)
	at org.junit.platform.engine.support.hierarchical.Node.around(Node.java:137)
	at org.junit.platform.engine.support.hierarchical.NodeTestTask.lambda$executeRecursively$9(NodeTestTask.java:139)
	at org.junit.platform.engine.support.hierarchical.ThrowableCollector.execute(ThrowableCollector.java:73)
	at org.junit.platform.engine.support.hierarchical.NodeTestTask.executeRecursively(NodeTestTask.java:138)
	at org.junit.platform.engine.support.hierarchical.NodeTestTask.execute(NodeTestTask.java:95)
	at org.junit.platform.engine.support.hierarchical.SameThreadHierarchicalTestExecutorService.submit(SameThreadHierarchicalTestExecutorService.java:35)
	at org.junit.platform.engine.support.hierarchical.HierarchicalTestExecutor.execute(HierarchicalTestExecutor.java:57)
	at org.junit.platform.engine.support.hierarchical.HierarchicalTestEngine.execute(HierarchicalTestEngine.java:54)
	at org.junit.platform.launcher.core.EngineExecutionOrchestrator.execute(EngineExecutionOrchestrator.java:107)
	at org.junit.platform.launcher.core.EngineExecutionOrchestrator.execute(EngineExecutionOrchestrator.java:88)
	at org.junit.platform.launcher.core.EngineExecutionOrchestrator.lambda$execute$0(EngineExecutionOrchestrator.java:54)
	at org.junit.platform.launcher.core.EngineExecutionOrchestrator.withInterceptedStreams(EngineExecutionOrchestrator.java:67)
	at org.junit.platform.launcher.core.EngineExecutionOrchestrator.execute(EngineExecutionOrchestrator.java:52)
	at org.junit.platform.launcher.core.DefaultLauncher.execute(DefaultLauncher.java:114)
	at org.junit.platform.launcher.core.DefaultLauncher.execute(DefaultLauncher.java:86)
	at org.junit.platform.launcher.core.DefaultLauncherSession$DelegatingLauncher.execute(DefaultLauncherSession.java:86)
	at org.junit.platform.launcher.core.SessionPerRequestLauncher.execute(SessionPerRequestLauncher.java:53)
	at org.apache.maven.surefire.junitplatform.JUnitPlatformProvider.execute(JUnitPlatformProvider.java:188)
	at org.apache.maven.surefire.junitplatform.JUnitPlatformProvider.invokeAllTests(JUnitPlatformProvider.java:154)
	at org.apache.maven.surefire.junitplatform.JUnitPlatformProvider.invoke(JUnitPlatformProvider.java:124)
	at org.apache.maven.surefire.booter.ForkedBooter.runSuitesInProcess(ForkedBooter.java:428)
	at org.apache.maven.surefire.booter.ForkedBooter.execute(ForkedBooter.java:162)
	at org.apache.maven.surefire.booter.ForkedBooter.run(ForkedBooter.java:562)
	at org.apache.maven.surefire.booter.ForkedBooter.main(ForkedBooter.java:548)
2023-10-11 09:27:25,222 [main] WARN  snapshot.SnapshotDiffManager (SnapshotDiffManager.java:getDeltaFiles(1229)) - RocksDBCheckpointDiffer is not available, falling back to slow path
2023-10-11 09:27:25,228 [main] INFO  snapshot.SnapshotDiffManager (SnapshotDiffManager.java:closeExecutorService(1720)) - Shutting down executorService: 'SnapDiffExecutor'
2023-10-11 09:27:25,229 [main] INFO  snapshot.SnapshotDiffManager (SnapshotDiffManager.java:closeExecutorService(1720)) - Shutting down executorService: 'SstDumpToolExecutor'
]]></system-out>
  </testcase>
  <testcase name="testGetDeltaFilesWithDifferThrowException(int)[2]" classname="org.apache.hadoop.ozone.om.snapshot.TestSnapshotDiffManager" time="0.035">
    <system-out><![CDATA[2023-10-11 09:27:25,256 [main] INFO  snapshot.SnapshotDiffManager (SnapshotDiffManager.java:closeExecutorService(1720)) - Shutting down executorService: 'SstDumpToolExecutor'
2023-10-11 09:27:25,259 [main] INFO  snapshot.SnapshotCache (SnapshotCache.java:lambda$1(170)) - Loading snapshot. Table key: b5b35d30-ea81-4d98-b74e-3cdfb4042350
2023-10-11 09:27:25,260 [main] INFO  snapshot.SnapshotCache (SnapshotCache.java:lambda$1(170)) - Loading snapshot. Table key: fc3c009f-fe29-4b84-8187-46c2758d9f26
2023-10-11 09:27:25,263 [main] WARN  snapshot.SnapshotDiffManager (SnapshotDiffManager.java:getDeltaFiles(1220)) - Failed to get SST diff file using RocksDBCheckpointDiffer. It will fallback to full diff now.
java.io.FileNotFoundException: File not found exception.
	at org.apache.ozone.rocksdiff.RocksDBCheckpointDiffer.getSSTDiffListWithFullPath(RocksDBCheckpointDiffer.java:873)
	at org.apache.hadoop.ozone.om.snapshot.SnapshotDiffManager.getDeltaFiles(SnapshotDiffManager.java:1217)
	at org.apache.hadoop.ozone.om.snapshot.TestSnapshotDiffManager.testGetDeltaFilesWithDifferThrowException(TestSnapshotDiffManager.java:580)
	at sun.reflect.NativeMethodAccessorImpl.invoke0(Native Method)
	at sun.reflect.NativeMethodAccessorImpl.invoke(NativeMethodAccessorImpl.java:62)
	at sun.reflect.DelegatingMethodAccessorImpl.invoke(DelegatingMethodAccessorImpl.java:43)
	at java.lang.reflect.Method.invoke(Method.java:498)
	at org.junit.platform.commons.util.ReflectionUtils.invokeMethod(ReflectionUtils.java:725)
	at org.junit.jupiter.engine.execution.MethodInvocation.proceed(MethodInvocation.java:60)
	at org.junit.jupiter.engine.execution.InvocationInterceptorChain$ValidatingInvocation.proceed(InvocationInterceptorChain.java:131)
	at org.junit.jupiter.engine.extension.TimeoutExtension.intercept(TimeoutExtension.java:149)
	at org.junit.jupiter.engine.extension.TimeoutExtension.interceptTestableMethod(TimeoutExtension.java:140)
	at org.junit.jupiter.engine.extension.TimeoutExtension.interceptTestTemplateMethod(TimeoutExtension.java:92)
	at org.junit.jupiter.engine.execution.ExecutableInvoker$ReflectiveInterceptorCall.lambda$ofVoidMethod$0(ExecutableInvoker.java:115)
	at org.junit.jupiter.engine.execution.ExecutableInvoker.lambda$invoke$0(ExecutableInvoker.java:105)
	at org.junit.jupiter.engine.execution.InvocationInterceptorChain$InterceptedInvocation.proceed(InvocationInterceptorChain.java:106)
	at org.junit.jupiter.engine.execution.InvocationInterceptorChain.proceed(InvocationInterceptorChain.java:64)
	at org.junit.jupiter.engine.execution.InvocationInterceptorChain.chainAndInvoke(InvocationInterceptorChain.java:45)
	at org.junit.jupiter.engine.execution.InvocationInterceptorChain.invoke(InvocationInterceptorChain.java:37)
	at org.junit.jupiter.engine.execution.ExecutableInvoker.invoke(ExecutableInvoker.java:104)
	at org.junit.jupiter.engine.execution.ExecutableInvoker.invoke(ExecutableInvoker.java:98)
	at org.junit.jupiter.engine.descriptor.TestMethodTestDescriptor.lambda$invokeTestMethod$7(TestMethodTestDescriptor.java:214)
	at org.junit.platform.engine.support.hierarchical.ThrowableCollector.execute(ThrowableCollector.java:73)
	at org.junit.jupiter.engine.descriptor.TestMethodTestDescriptor.invokeTestMethod(TestMethodTestDescriptor.java:210)
	at org.junit.jupiter.engine.descriptor.TestMethodTestDescriptor.execute(TestMethodTestDescriptor.java:135)
	at org.junit.jupiter.engine.descriptor.TestMethodTestDescriptor.execute(TestMethodTestDescriptor.java:66)
	at org.junit.platform.engine.support.hierarchical.NodeTestTask.lambda$executeRecursively$6(NodeTestTask.java:151)
	at org.junit.platform.engine.support.hierarchical.ThrowableCollector.execute(ThrowableCollector.java:73)
	at org.junit.platform.engine.support.hierarchical.NodeTestTask.lambda$executeRecursively$8(NodeTestTask.java:141)
	at org.junit.platform.engine.support.hierarchical.Node.around(Node.java:137)
	at org.junit.platform.engine.support.hierarchical.NodeTestTask.lambda$executeRecursively$9(NodeTestTask.java:139)
	at org.junit.platform.engine.support.hierarchical.ThrowableCollector.execute(ThrowableCollector.java:73)
	at org.junit.platform.engine.support.hierarchical.NodeTestTask.executeRecursively(NodeTestTask.java:138)
	at org.junit.platform.engine.support.hierarchical.NodeTestTask.execute(NodeTestTask.java:95)
	at org.junit.platform.engine.support.hierarchical.SameThreadHierarchicalTestExecutorService.submit(SameThreadHierarchicalTestExecutorService.java:35)
	at org.junit.platform.engine.support.hierarchical.NodeTestTask$DefaultDynamicTestExecutor.execute(NodeTestTask.java:226)
	at org.junit.platform.engine.support.hierarchical.NodeTestTask$DefaultDynamicTestExecutor.execute(NodeTestTask.java:204)
	at org.junit.jupiter.engine.descriptor.TestTemplateTestDescriptor.execute(TestTemplateTestDescriptor.java:139)
	at org.junit.jupiter.engine.descriptor.TestTemplateTestDescriptor.lambda$execute$2(TestTemplateTestDescriptor.java:107)
	at java.util.stream.ForEachOps$ForEachOp$OfRef.accept(ForEachOps.java:183)
	at java.util.stream.ReferencePipeline$3$1.accept(ReferencePipeline.java:193)
	at java.util.stream.ReferencePipeline$2$1.accept(ReferencePipeline.java:175)
	at java.util.stream.ReferencePipeline$3$1.accept(ReferencePipeline.java:193)
	at java.util.stream.ForEachOps$ForEachOp$OfRef.accept(ForEachOps.java:183)
	at java.util.stream.ReferencePipeline$3$1.accept(ReferencePipeline.java:193)
	at java.util.stream.ReferencePipeline$3$1.accept(ReferencePipeline.java:193)
	at java.util.stream.ReferencePipeline$3$1.accept(ReferencePipeline.java:193)
	at java.util.stream.ForEachOps$ForEachOp$OfRef.accept(ForEachOps.java:183)
	at java.util.stream.ReferencePipeline$3$1.accept(ReferencePipeline.java:193)
	at java.util.Spliterators$ArraySpliterator.forEachRemaining(Spliterators.java:948)
	at java.util.stream.AbstractPipeline.copyInto(AbstractPipeline.java:482)
	at java.util.stream.AbstractPipeline.wrapAndCopyInto(AbstractPipeline.java:472)
	at java.util.stream.ForEachOps$ForEachOp.evaluateSequential(ForEachOps.java:150)
	at java.util.stream.ForEachOps$ForEachOp$OfRef.evaluateSequential(ForEachOps.java:173)
	at java.util.stream.AbstractPipeline.evaluate(AbstractPipeline.java:234)
	at java.util.stream.ReferencePipeline.forEach(ReferencePipeline.java:485)
	at java.util.stream.ReferencePipeline$7$1.accept(ReferencePipeline.java:272)
	at java.util.stream.ReferencePipeline$3$1.accept(ReferencePipeline.java:193)
	at java.util.stream.ReferencePipeline$3$1.accept(ReferencePipeline.java:193)
	at java.util.stream.ReferencePipeline$3$1.accept(ReferencePipeline.java:193)
	at java.util.ArrayList$ArrayListSpliterator.forEachRemaining(ArrayList.java:1384)
	at java.util.stream.AbstractPipeline.copyInto(AbstractPipeline.java:482)
	at java.util.stream.AbstractPipeline.wrapAndCopyInto(AbstractPipeline.java:472)
	at java.util.stream.ForEachOps$ForEachOp.evaluateSequential(ForEachOps.java:150)
	at java.util.stream.ForEachOps$ForEachOp$OfRef.evaluateSequential(ForEachOps.java:173)
	at java.util.stream.AbstractPipeline.evaluate(AbstractPipeline.java:234)
	at java.util.stream.ReferencePipeline.forEach(ReferencePipeline.java:485)
	at java.util.stream.ReferencePipeline$7$1.accept(ReferencePipeline.java:272)
	at java.util.ArrayList$ArrayListSpliterator.forEachRemaining(ArrayList.java:1384)
	at java.util.stream.AbstractPipeline.copyInto(AbstractPipeline.java:482)
	at java.util.stream.AbstractPipeline.wrapAndCopyInto(AbstractPipeline.java:472)
	at java.util.stream.ForEachOps$ForEachOp.evaluateSequential(ForEachOps.java:150)
	at java.util.stream.ForEachOps$ForEachOp$OfRef.evaluateSequential(ForEachOps.java:173)
	at java.util.stream.AbstractPipeline.evaluate(AbstractPipeline.java:234)
	at java.util.stream.ReferencePipeline.forEach(ReferencePipeline.java:485)
	at org.junit.jupiter.engine.descriptor.TestTemplateTestDescriptor.execute(TestTemplateTestDescriptor.java:107)
	at org.junit.jupiter.engine.descriptor.TestTemplateTestDescriptor.execute(TestTemplateTestDescriptor.java:42)
	at org.junit.platform.engine.support.hierarchical.NodeTestTask.lambda$executeRecursively$6(NodeTestTask.java:151)
	at org.junit.platform.engine.support.hierarchical.ThrowableCollector.execute(ThrowableCollector.java:73)
	at org.junit.platform.engine.support.hierarchical.NodeTestTask.lambda$executeRecursively$8(NodeTestTask.java:141)
	at org.junit.platform.engine.support.hierarchical.Node.around(Node.java:137)
	at org.junit.platform.engine.support.hierarchical.NodeTestTask.lambda$executeRecursively$9(NodeTestTask.java:139)
	at org.junit.platform.engine.support.hierarchical.ThrowableCollector.execute(ThrowableCollector.java:73)
	at org.junit.platform.engine.support.hierarchical.NodeTestTask.executeRecursively(NodeTestTask.java:138)
	at org.junit.platform.engine.support.hierarchical.NodeTestTask.execute(NodeTestTask.java:95)
	at java.util.ArrayList.forEach(ArrayList.java:1259)
	at org.junit.platform.engine.support.hierarchical.SameThreadHierarchicalTestExecutorService.invokeAll(SameThreadHierarchicalTestExecutorService.java:41)
	at org.junit.platform.engine.support.hierarchical.NodeTestTask.lambda$executeRecursively$6(NodeTestTask.java:155)
	at org.junit.platform.engine.support.hierarchical.ThrowableCollector.execute(ThrowableCollector.java:73)
	at org.junit.platform.engine.support.hierarchical.NodeTestTask.lambda$executeRecursively$8(NodeTestTask.java:141)
	at org.junit.platform.engine.support.hierarchical.Node.around(Node.java:137)
	at org.junit.platform.engine.support.hierarchical.NodeTestTask.lambda$executeRecursively$9(NodeTestTask.java:139)
	at org.junit.platform.engine.support.hierarchical.ThrowableCollector.execute(ThrowableCollector.java:73)
	at org.junit.platform.engine.support.hierarchical.NodeTestTask.executeRecursively(NodeTestTask.java:138)
	at org.junit.platform.engine.support.hierarchical.NodeTestTask.execute(NodeTestTask.java:95)
	at java.util.ArrayList.forEach(ArrayList.java:1259)
	at org.junit.platform.engine.support.hierarchical.SameThreadHierarchicalTestExecutorService.invokeAll(SameThreadHierarchicalTestExecutorService.java:41)
	at org.junit.platform.engine.support.hierarchical.NodeTestTask.lambda$executeRecursively$6(NodeTestTask.java:155)
	at org.junit.platform.engine.support.hierarchical.ThrowableCollector.execute(ThrowableCollector.java:73)
	at org.junit.platform.engine.support.hierarchical.NodeTestTask.lambda$executeRecursively$8(NodeTestTask.java:141)
	at org.junit.platform.engine.support.hierarchical.Node.around(Node.java:137)
	at org.junit.platform.engine.support.hierarchical.NodeTestTask.lambda$executeRecursively$9(NodeTestTask.java:139)
	at org.junit.platform.engine.support.hierarchical.ThrowableCollector.execute(ThrowableCollector.java:73)
	at org.junit.platform.engine.support.hierarchical.NodeTestTask.executeRecursively(NodeTestTask.java:138)
	at org.junit.platform.engine.support.hierarchical.NodeTestTask.execute(NodeTestTask.java:95)
	at org.junit.platform.engine.support.hierarchical.SameThreadHierarchicalTestExecutorService.submit(SameThreadHierarchicalTestExecutorService.java:35)
	at org.junit.platform.engine.support.hierarchical.HierarchicalTestExecutor.execute(HierarchicalTestExecutor.java:57)
	at org.junit.platform.engine.support.hierarchical.HierarchicalTestEngine.execute(HierarchicalTestEngine.java:54)
	at org.junit.platform.launcher.core.EngineExecutionOrchestrator.execute(EngineExecutionOrchestrator.java:107)
	at org.junit.platform.launcher.core.EngineExecutionOrchestrator.execute(EngineExecutionOrchestrator.java:88)
	at org.junit.platform.launcher.core.EngineExecutionOrchestrator.lambda$execute$0(EngineExecutionOrchestrator.java:54)
	at org.junit.platform.launcher.core.EngineExecutionOrchestrator.withInterceptedStreams(EngineExecutionOrchestrator.java:67)
	at org.junit.platform.launcher.core.EngineExecutionOrchestrator.execute(EngineExecutionOrchestrator.java:52)
	at org.junit.platform.launcher.core.DefaultLauncher.execute(DefaultLauncher.java:114)
	at org.junit.platform.launcher.core.DefaultLauncher.execute(DefaultLauncher.java:86)
	at org.junit.platform.launcher.core.DefaultLauncherSession$DelegatingLauncher.execute(DefaultLauncherSession.java:86)
	at org.junit.platform.launcher.core.SessionPerRequestLauncher.execute(SessionPerRequestLauncher.java:53)
	at org.apache.maven.surefire.junitplatform.JUnitPlatformProvider.execute(JUnitPlatformProvider.java:188)
	at org.apache.maven.surefire.junitplatform.JUnitPlatformProvider.invokeAllTests(JUnitPlatformProvider.java:154)
	at org.apache.maven.surefire.junitplatform.JUnitPlatformProvider.invoke(JUnitPlatformProvider.java:124)
	at org.apache.maven.surefire.booter.ForkedBooter.runSuitesInProcess(ForkedBooter.java:428)
	at org.apache.maven.surefire.booter.ForkedBooter.execute(ForkedBooter.java:162)
	at org.apache.maven.surefire.booter.ForkedBooter.run(ForkedBooter.java:562)
	at org.apache.maven.surefire.booter.ForkedBooter.main(ForkedBooter.java:548)
2023-10-11 09:27:25,267 [main] WARN  snapshot.SnapshotDiffManager (SnapshotDiffManager.java:getDeltaFiles(1229)) - RocksDBCheckpointDiffer is not available, falling back to slow path
2023-10-11 09:27:25,269 [main] INFO  snapshot.SnapshotDiffManager (SnapshotDiffManager.java:closeExecutorService(1720)) - Shutting down executorService: 'SnapDiffExecutor'
2023-10-11 09:27:25,269 [main] INFO  snapshot.SnapshotDiffManager (SnapshotDiffManager.java:closeExecutorService(1720)) - Shutting down executorService: 'SstDumpToolExecutor'
]]></system-out>
  </testcase>
  <testcase name="testGetDeltaFilesWithDifferThrowException(int)[3]" classname="org.apache.hadoop.ozone.om.snapshot.TestSnapshotDiffManager" time="0.047">
    <system-out><![CDATA[2023-10-11 09:27:25,303 [main] INFO  snapshot.SnapshotDiffManager (SnapshotDiffManager.java:closeExecutorService(1720)) - Shutting down executorService: 'SstDumpToolExecutor'
2023-10-11 09:27:25,308 [main] INFO  snapshot.SnapshotCache (SnapshotCache.java:lambda$1(170)) - Loading snapshot. Table key: 5fdd1eda-bd36-42d5-8c17-e56550529041
2023-10-11 09:27:25,309 [main] INFO  snapshot.SnapshotCache (SnapshotCache.java:lambda$1(170)) - Loading snapshot. Table key: ef34fb78-649f-4df2-b18b-9de5a7a5391a
2023-10-11 09:27:25,311 [main] WARN  snapshot.SnapshotDiffManager (SnapshotDiffManager.java:getDeltaFiles(1220)) - Failed to get SST diff file using RocksDBCheckpointDiffer. It will fallback to full diff now.
java.io.FileNotFoundException: File not found exception.
	at org.apache.ozone.rocksdiff.RocksDBCheckpointDiffer.getSSTDiffListWithFullPath(RocksDBCheckpointDiffer.java:873)
	at org.apache.hadoop.ozone.om.snapshot.SnapshotDiffManager.getDeltaFiles(SnapshotDiffManager.java:1217)
	at org.apache.hadoop.ozone.om.snapshot.TestSnapshotDiffManager.testGetDeltaFilesWithDifferThrowException(TestSnapshotDiffManager.java:580)
	at sun.reflect.NativeMethodAccessorImpl.invoke0(Native Method)
	at sun.reflect.NativeMethodAccessorImpl.invoke(NativeMethodAccessorImpl.java:62)
	at sun.reflect.DelegatingMethodAccessorImpl.invoke(DelegatingMethodAccessorImpl.java:43)
	at java.lang.reflect.Method.invoke(Method.java:498)
	at org.junit.platform.commons.util.ReflectionUtils.invokeMethod(ReflectionUtils.java:725)
	at org.junit.jupiter.engine.execution.MethodInvocation.proceed(MethodInvocation.java:60)
	at org.junit.jupiter.engine.execution.InvocationInterceptorChain$ValidatingInvocation.proceed(InvocationInterceptorChain.java:131)
	at org.junit.jupiter.engine.extension.TimeoutExtension.intercept(TimeoutExtension.java:149)
	at org.junit.jupiter.engine.extension.TimeoutExtension.interceptTestableMethod(TimeoutExtension.java:140)
	at org.junit.jupiter.engine.extension.TimeoutExtension.interceptTestTemplateMethod(TimeoutExtension.java:92)
	at org.junit.jupiter.engine.execution.ExecutableInvoker$ReflectiveInterceptorCall.lambda$ofVoidMethod$0(ExecutableInvoker.java:115)
	at org.junit.jupiter.engine.execution.ExecutableInvoker.lambda$invoke$0(ExecutableInvoker.java:105)
	at org.junit.jupiter.engine.execution.InvocationInterceptorChain$InterceptedInvocation.proceed(InvocationInterceptorChain.java:106)
	at org.junit.jupiter.engine.execution.InvocationInterceptorChain.proceed(InvocationInterceptorChain.java:64)
	at org.junit.jupiter.engine.execution.InvocationInterceptorChain.chainAndInvoke(InvocationInterceptorChain.java:45)
	at org.junit.jupiter.engine.execution.InvocationInterceptorChain.invoke(InvocationInterceptorChain.java:37)
	at org.junit.jupiter.engine.execution.ExecutableInvoker.invoke(ExecutableInvoker.java:104)
	at org.junit.jupiter.engine.execution.ExecutableInvoker.invoke(ExecutableInvoker.java:98)
	at org.junit.jupiter.engine.descriptor.TestMethodTestDescriptor.lambda$invokeTestMethod$7(TestMethodTestDescriptor.java:214)
	at org.junit.platform.engine.support.hierarchical.ThrowableCollector.execute(ThrowableCollector.java:73)
	at org.junit.jupiter.engine.descriptor.TestMethodTestDescriptor.invokeTestMethod(TestMethodTestDescriptor.java:210)
	at org.junit.jupiter.engine.descriptor.TestMethodTestDescriptor.execute(TestMethodTestDescriptor.java:135)
	at org.junit.jupiter.engine.descriptor.TestMethodTestDescriptor.execute(TestMethodTestDescriptor.java:66)
	at org.junit.platform.engine.support.hierarchical.NodeTestTask.lambda$executeRecursively$6(NodeTestTask.java:151)
	at org.junit.platform.engine.support.hierarchical.ThrowableCollector.execute(ThrowableCollector.java:73)
	at org.junit.platform.engine.support.hierarchical.NodeTestTask.lambda$executeRecursively$8(NodeTestTask.java:141)
	at org.junit.platform.engine.support.hierarchical.Node.around(Node.java:137)
	at org.junit.platform.engine.support.hierarchical.NodeTestTask.lambda$executeRecursively$9(NodeTestTask.java:139)
	at org.junit.platform.engine.support.hierarchical.ThrowableCollector.execute(ThrowableCollector.java:73)
	at org.junit.platform.engine.support.hierarchical.NodeTestTask.executeRecursively(NodeTestTask.java:138)
	at org.junit.platform.engine.support.hierarchical.NodeTestTask.execute(NodeTestTask.java:95)
	at org.junit.platform.engine.support.hierarchical.SameThreadHierarchicalTestExecutorService.submit(SameThreadHierarchicalTestExecutorService.java:35)
	at org.junit.platform.engine.support.hierarchical.NodeTestTask$DefaultDynamicTestExecutor.execute(NodeTestTask.java:226)
	at org.junit.platform.engine.support.hierarchical.NodeTestTask$DefaultDynamicTestExecutor.execute(NodeTestTask.java:204)
	at org.junit.jupiter.engine.descriptor.TestTemplateTestDescriptor.execute(TestTemplateTestDescriptor.java:139)
	at org.junit.jupiter.engine.descriptor.TestTemplateTestDescriptor.lambda$execute$2(TestTemplateTestDescriptor.java:107)
	at java.util.stream.ForEachOps$ForEachOp$OfRef.accept(ForEachOps.java:183)
	at java.util.stream.ReferencePipeline$3$1.accept(ReferencePipeline.java:193)
	at java.util.stream.ReferencePipeline$2$1.accept(ReferencePipeline.java:175)
	at java.util.stream.ReferencePipeline$3$1.accept(ReferencePipeline.java:193)
	at java.util.stream.ForEachOps$ForEachOp$OfRef.accept(ForEachOps.java:183)
	at java.util.stream.ReferencePipeline$3$1.accept(ReferencePipeline.java:193)
	at java.util.stream.ReferencePipeline$3$1.accept(ReferencePipeline.java:193)
	at java.util.stream.ReferencePipeline$3$1.accept(ReferencePipeline.java:193)
	at java.util.stream.ForEachOps$ForEachOp$OfRef.accept(ForEachOps.java:183)
	at java.util.stream.ReferencePipeline$3$1.accept(ReferencePipeline.java:193)
	at java.util.Spliterators$ArraySpliterator.forEachRemaining(Spliterators.java:948)
	at java.util.stream.AbstractPipeline.copyInto(AbstractPipeline.java:482)
	at java.util.stream.AbstractPipeline.wrapAndCopyInto(AbstractPipeline.java:472)
	at java.util.stream.ForEachOps$ForEachOp.evaluateSequential(ForEachOps.java:150)
	at java.util.stream.ForEachOps$ForEachOp$OfRef.evaluateSequential(ForEachOps.java:173)
	at java.util.stream.AbstractPipeline.evaluate(AbstractPipeline.java:234)
	at java.util.stream.ReferencePipeline.forEach(ReferencePipeline.java:485)
	at java.util.stream.ReferencePipeline$7$1.accept(ReferencePipeline.java:272)
	at java.util.stream.ReferencePipeline$3$1.accept(ReferencePipeline.java:193)
	at java.util.stream.ReferencePipeline$3$1.accept(ReferencePipeline.java:193)
	at java.util.stream.ReferencePipeline$3$1.accept(ReferencePipeline.java:193)
	at java.util.ArrayList$ArrayListSpliterator.forEachRemaining(ArrayList.java:1384)
	at java.util.stream.AbstractPipeline.copyInto(AbstractPipeline.java:482)
	at java.util.stream.AbstractPipeline.wrapAndCopyInto(AbstractPipeline.java:472)
	at java.util.stream.ForEachOps$ForEachOp.evaluateSequential(ForEachOps.java:150)
	at java.util.stream.ForEachOps$ForEachOp$OfRef.evaluateSequential(ForEachOps.java:173)
	at java.util.stream.AbstractPipeline.evaluate(AbstractPipeline.java:234)
	at java.util.stream.ReferencePipeline.forEach(ReferencePipeline.java:485)
	at java.util.stream.ReferencePipeline$7$1.accept(ReferencePipeline.java:272)
	at java.util.ArrayList$ArrayListSpliterator.forEachRemaining(ArrayList.java:1384)
	at java.util.stream.AbstractPipeline.copyInto(AbstractPipeline.java:482)
	at java.util.stream.AbstractPipeline.wrapAndCopyInto(AbstractPipeline.java:472)
	at java.util.stream.ForEachOps$ForEachOp.evaluateSequential(ForEachOps.java:150)
	at java.util.stream.ForEachOps$ForEachOp$OfRef.evaluateSequential(ForEachOps.java:173)
	at java.util.stream.AbstractPipeline.evaluate(AbstractPipeline.java:234)
	at java.util.stream.ReferencePipeline.forEach(ReferencePipeline.java:485)
	at org.junit.jupiter.engine.descriptor.TestTemplateTestDescriptor.execute(TestTemplateTestDescriptor.java:107)
	at org.junit.jupiter.engine.descriptor.TestTemplateTestDescriptor.execute(TestTemplateTestDescriptor.java:42)
	at org.junit.platform.engine.support.hierarchical.NodeTestTask.lambda$executeRecursively$6(NodeTestTask.java:151)
	at org.junit.platform.engine.support.hierarchical.ThrowableCollector.execute(ThrowableCollector.java:73)
	at org.junit.platform.engine.support.hierarchical.NodeTestTask.lambda$executeRecursively$8(NodeTestTask.java:141)
	at org.junit.platform.engine.support.hierarchical.Node.around(Node.java:137)
	at org.junit.platform.engine.support.hierarchical.NodeTestTask.lambda$executeRecursively$9(NodeTestTask.java:139)
	at org.junit.platform.engine.support.hierarchical.ThrowableCollector.execute(ThrowableCollector.java:73)
	at org.junit.platform.engine.support.hierarchical.NodeTestTask.executeRecursively(NodeTestTask.java:138)
	at org.junit.platform.engine.support.hierarchical.NodeTestTask.execute(NodeTestTask.java:95)
	at java.util.ArrayList.forEach(ArrayList.java:1259)
	at org.junit.platform.engine.support.hierarchical.SameThreadHierarchicalTestExecutorService.invokeAll(SameThreadHierarchicalTestExecutorService.java:41)
	at org.junit.platform.engine.support.hierarchical.NodeTestTask.lambda$executeRecursively$6(NodeTestTask.java:155)
	at org.junit.platform.engine.support.hierarchical.ThrowableCollector.execute(ThrowableCollector.java:73)
	at org.junit.platform.engine.support.hierarchical.NodeTestTask.lambda$executeRecursively$8(NodeTestTask.java:141)
	at org.junit.platform.engine.support.hierarchical.Node.around(Node.java:137)
	at org.junit.platform.engine.support.hierarchical.NodeTestTask.lambda$executeRecursively$9(NodeTestTask.java:139)
	at org.junit.platform.engine.support.hierarchical.ThrowableCollector.execute(ThrowableCollector.java:73)
	at org.junit.platform.engine.support.hierarchical.NodeTestTask.executeRecursively(NodeTestTask.java:138)
	at org.junit.platform.engine.support.hierarchical.NodeTestTask.execute(NodeTestTask.java:95)
	at java.util.ArrayList.forEach(ArrayList.java:1259)
	at org.junit.platform.engine.support.hierarchical.SameThreadHierarchicalTestExecutorService.invokeAll(SameThreadHierarchicalTestExecutorService.java:41)
	at org.junit.platform.engine.support.hierarchical.NodeTestTask.lambda$executeRecursively$6(NodeTestTask.java:155)
	at org.junit.platform.engine.support.hierarchical.ThrowableCollector.execute(ThrowableCollector.java:73)
	at org.junit.platform.engine.support.hierarchical.NodeTestTask.lambda$executeRecursively$8(NodeTestTask.java:141)
	at org.junit.platform.engine.support.hierarchical.Node.around(Node.java:137)
	at org.junit.platform.engine.support.hierarchical.NodeTestTask.lambda$executeRecursively$9(NodeTestTask.java:139)
	at org.junit.platform.engine.support.hierarchical.ThrowableCollector.execute(ThrowableCollector.java:73)
	at org.junit.platform.engine.support.hierarchical.NodeTestTask.executeRecursively(NodeTestTask.java:138)
	at org.junit.platform.engine.support.hierarchical.NodeTestTask.execute(NodeTestTask.java:95)
	at org.junit.platform.engine.support.hierarchical.SameThreadHierarchicalTestExecutorService.submit(SameThreadHierarchicalTestExecutorService.java:35)
	at org.junit.platform.engine.support.hierarchical.HierarchicalTestExecutor.execute(HierarchicalTestExecutor.java:57)
	at org.junit.platform.engine.support.hierarchical.HierarchicalTestEngine.execute(HierarchicalTestEngine.java:54)
	at org.junit.platform.launcher.core.EngineExecutionOrchestrator.execute(EngineExecutionOrchestrator.java:107)
	at org.junit.platform.launcher.core.EngineExecutionOrchestrator.execute(EngineExecutionOrchestrator.java:88)
	at org.junit.platform.launcher.core.EngineExecutionOrchestrator.lambda$execute$0(EngineExecutionOrchestrator.java:54)
	at org.junit.platform.launcher.core.EngineExecutionOrchestrator.withInterceptedStreams(EngineExecutionOrchestrator.java:67)
	at org.junit.platform.launcher.core.EngineExecutionOrchestrator.execute(EngineExecutionOrchestrator.java:52)
	at org.junit.platform.launcher.core.DefaultLauncher.execute(DefaultLauncher.java:114)
	at org.junit.platform.launcher.core.DefaultLauncher.execute(DefaultLauncher.java:86)
	at org.junit.platform.launcher.core.DefaultLauncherSession$DelegatingLauncher.execute(DefaultLauncherSession.java:86)
	at org.junit.platform.launcher.core.SessionPerRequestLauncher.execute(SessionPerRequestLauncher.java:53)
	at org.apache.maven.surefire.junitplatform.JUnitPlatformProvider.execute(JUnitPlatformProvider.java:188)
	at org.apache.maven.surefire.junitplatform.JUnitPlatformProvider.invokeAllTests(JUnitPlatformProvider.java:154)
	at org.apache.maven.surefire.junitplatform.JUnitPlatformProvider.invoke(JUnitPlatformProvider.java:124)
	at org.apache.maven.surefire.booter.ForkedBooter.runSuitesInProcess(ForkedBooter.java:428)
	at org.apache.maven.surefire.booter.ForkedBooter.execute(ForkedBooter.java:162)
	at org.apache.maven.surefire.booter.ForkedBooter.run(ForkedBooter.java:562)
	at org.apache.maven.surefire.booter.ForkedBooter.main(ForkedBooter.java:548)
2023-10-11 09:27:25,316 [main] WARN  snapshot.SnapshotDiffManager (SnapshotDiffManager.java:getDeltaFiles(1229)) - RocksDBCheckpointDiffer is not available, falling back to slow path
2023-10-11 09:27:25,319 [main] INFO  snapshot.SnapshotDiffManager (SnapshotDiffManager.java:closeExecutorService(1720)) - Shutting down executorService: 'SnapDiffExecutor'
2023-10-11 09:27:25,319 [main] INFO  snapshot.SnapshotDiffManager (SnapshotDiffManager.java:closeExecutorService(1720)) - Shutting down executorService: 'SstDumpToolExecutor'
]]></system-out>
  </testcase>
  <testcase name="testGetDeltaFilesWithDifferThrowException(int)[4]" classname="org.apache.hadoop.ozone.om.snapshot.TestSnapshotDiffManager" time="0.03">
    <system-out><![CDATA[2023-10-11 09:27:25,349 [main] INFO  snapshot.SnapshotDiffManager (SnapshotDiffManager.java:closeExecutorService(1720)) - Shutting down executorService: 'SstDumpToolExecutor'
2023-10-11 09:27:25,350 [main] INFO  snapshot.SnapshotCache (SnapshotCache.java:lambda$1(170)) - Loading snapshot. Table key: a3f50ce4-49a2-489f-a5bf-bb6252327459
2023-10-11 09:27:25,350 [main] INFO  snapshot.SnapshotCache (SnapshotCache.java:lambda$1(170)) - Loading snapshot. Table key: 4862aa6d-f938-400a-ad10-f93e6b1ea3ff
2023-10-11 09:27:25,352 [main] WARN  snapshot.SnapshotDiffManager (SnapshotDiffManager.java:getDeltaFiles(1220)) - Failed to get SST diff file using RocksDBCheckpointDiffer. It will fallback to full diff now.
java.io.FileNotFoundException: File not found exception.
	at org.apache.ozone.rocksdiff.RocksDBCheckpointDiffer.getSSTDiffListWithFullPath(RocksDBCheckpointDiffer.java:873)
	at org.apache.hadoop.ozone.om.snapshot.SnapshotDiffManager.getDeltaFiles(SnapshotDiffManager.java:1217)
	at org.apache.hadoop.ozone.om.snapshot.TestSnapshotDiffManager.testGetDeltaFilesWithDifferThrowException(TestSnapshotDiffManager.java:580)
	at sun.reflect.NativeMethodAccessorImpl.invoke0(Native Method)
	at sun.reflect.NativeMethodAccessorImpl.invoke(NativeMethodAccessorImpl.java:62)
	at sun.reflect.DelegatingMethodAccessorImpl.invoke(DelegatingMethodAccessorImpl.java:43)
	at java.lang.reflect.Method.invoke(Method.java:498)
	at org.junit.platform.commons.util.ReflectionUtils.invokeMethod(ReflectionUtils.java:725)
	at org.junit.jupiter.engine.execution.MethodInvocation.proceed(MethodInvocation.java:60)
	at org.junit.jupiter.engine.execution.InvocationInterceptorChain$ValidatingInvocation.proceed(InvocationInterceptorChain.java:131)
	at org.junit.jupiter.engine.extension.TimeoutExtension.intercept(TimeoutExtension.java:149)
	at org.junit.jupiter.engine.extension.TimeoutExtension.interceptTestableMethod(TimeoutExtension.java:140)
	at org.junit.jupiter.engine.extension.TimeoutExtension.interceptTestTemplateMethod(TimeoutExtension.java:92)
	at org.junit.jupiter.engine.execution.ExecutableInvoker$ReflectiveInterceptorCall.lambda$ofVoidMethod$0(ExecutableInvoker.java:115)
	at org.junit.jupiter.engine.execution.ExecutableInvoker.lambda$invoke$0(ExecutableInvoker.java:105)
	at org.junit.jupiter.engine.execution.InvocationInterceptorChain$InterceptedInvocation.proceed(InvocationInterceptorChain.java:106)
	at org.junit.jupiter.engine.execution.InvocationInterceptorChain.proceed(InvocationInterceptorChain.java:64)
	at org.junit.jupiter.engine.execution.InvocationInterceptorChain.chainAndInvoke(InvocationInterceptorChain.java:45)
	at org.junit.jupiter.engine.execution.InvocationInterceptorChain.invoke(InvocationInterceptorChain.java:37)
	at org.junit.jupiter.engine.execution.ExecutableInvoker.invoke(ExecutableInvoker.java:104)
	at org.junit.jupiter.engine.execution.ExecutableInvoker.invoke(ExecutableInvoker.java:98)
	at org.junit.jupiter.engine.descriptor.TestMethodTestDescriptor.lambda$invokeTestMethod$7(TestMethodTestDescriptor.java:214)
	at org.junit.platform.engine.support.hierarchical.ThrowableCollector.execute(ThrowableCollector.java:73)
	at org.junit.jupiter.engine.descriptor.TestMethodTestDescriptor.invokeTestMethod(TestMethodTestDescriptor.java:210)
	at org.junit.jupiter.engine.descriptor.TestMethodTestDescriptor.execute(TestMethodTestDescriptor.java:135)
	at org.junit.jupiter.engine.descriptor.TestMethodTestDescriptor.execute(TestMethodTestDescriptor.java:66)
	at org.junit.platform.engine.support.hierarchical.NodeTestTask.lambda$executeRecursively$6(NodeTestTask.java:151)
	at org.junit.platform.engine.support.hierarchical.ThrowableCollector.execute(ThrowableCollector.java:73)
	at org.junit.platform.engine.support.hierarchical.NodeTestTask.lambda$executeRecursively$8(NodeTestTask.java:141)
	at org.junit.platform.engine.support.hierarchical.Node.around(Node.java:137)
	at org.junit.platform.engine.support.hierarchical.NodeTestTask.lambda$executeRecursively$9(NodeTestTask.java:139)
	at org.junit.platform.engine.support.hierarchical.ThrowableCollector.execute(ThrowableCollector.java:73)
	at org.junit.platform.engine.support.hierarchical.NodeTestTask.executeRecursively(NodeTestTask.java:138)
	at org.junit.platform.engine.support.hierarchical.NodeTestTask.execute(NodeTestTask.java:95)
	at org.junit.platform.engine.support.hierarchical.SameThreadHierarchicalTestExecutorService.submit(SameThreadHierarchicalTestExecutorService.java:35)
	at org.junit.platform.engine.support.hierarchical.NodeTestTask$DefaultDynamicTestExecutor.execute(NodeTestTask.java:226)
	at org.junit.platform.engine.support.hierarchical.NodeTestTask$DefaultDynamicTestExecutor.execute(NodeTestTask.java:204)
	at org.junit.jupiter.engine.descriptor.TestTemplateTestDescriptor.execute(TestTemplateTestDescriptor.java:139)
	at org.junit.jupiter.engine.descriptor.TestTemplateTestDescriptor.lambda$execute$2(TestTemplateTestDescriptor.java:107)
	at java.util.stream.ForEachOps$ForEachOp$OfRef.accept(ForEachOps.java:183)
	at java.util.stream.ReferencePipeline$3$1.accept(ReferencePipeline.java:193)
	at java.util.stream.ReferencePipeline$2$1.accept(ReferencePipeline.java:175)
	at java.util.stream.ReferencePipeline$3$1.accept(ReferencePipeline.java:193)
	at java.util.stream.ForEachOps$ForEachOp$OfRef.accept(ForEachOps.java:183)
	at java.util.stream.ReferencePipeline$3$1.accept(ReferencePipeline.java:193)
	at java.util.stream.ReferencePipeline$3$1.accept(ReferencePipeline.java:193)
	at java.util.stream.ReferencePipeline$3$1.accept(ReferencePipeline.java:193)
	at java.util.stream.ForEachOps$ForEachOp$OfRef.accept(ForEachOps.java:183)
	at java.util.stream.ReferencePipeline$3$1.accept(ReferencePipeline.java:193)
	at java.util.Spliterators$ArraySpliterator.forEachRemaining(Spliterators.java:948)
	at java.util.stream.AbstractPipeline.copyInto(AbstractPipeline.java:482)
	at java.util.stream.AbstractPipeline.wrapAndCopyInto(AbstractPipeline.java:472)
	at java.util.stream.ForEachOps$ForEachOp.evaluateSequential(ForEachOps.java:150)
	at java.util.stream.ForEachOps$ForEachOp$OfRef.evaluateSequential(ForEachOps.java:173)
	at java.util.stream.AbstractPipeline.evaluate(AbstractPipeline.java:234)
	at java.util.stream.ReferencePipeline.forEach(ReferencePipeline.java:485)
	at java.util.stream.ReferencePipeline$7$1.accept(ReferencePipeline.java:272)
	at java.util.stream.ReferencePipeline$3$1.accept(ReferencePipeline.java:193)
	at java.util.stream.ReferencePipeline$3$1.accept(ReferencePipeline.java:193)
	at java.util.stream.ReferencePipeline$3$1.accept(ReferencePipeline.java:193)
	at java.util.ArrayList$ArrayListSpliterator.forEachRemaining(ArrayList.java:1384)
	at java.util.stream.AbstractPipeline.copyInto(AbstractPipeline.java:482)
	at java.util.stream.AbstractPipeline.wrapAndCopyInto(AbstractPipeline.java:472)
	at java.util.stream.ForEachOps$ForEachOp.evaluateSequential(ForEachOps.java:150)
	at java.util.stream.ForEachOps$ForEachOp$OfRef.evaluateSequential(ForEachOps.java:173)
	at java.util.stream.AbstractPipeline.evaluate(AbstractPipeline.java:234)
	at java.util.stream.ReferencePipeline.forEach(ReferencePipeline.java:485)
	at java.util.stream.ReferencePipeline$7$1.accept(ReferencePipeline.java:272)
	at java.util.ArrayList$ArrayListSpliterator.forEachRemaining(ArrayList.java:1384)
	at java.util.stream.AbstractPipeline.copyInto(AbstractPipeline.java:482)
	at java.util.stream.AbstractPipeline.wrapAndCopyInto(AbstractPipeline.java:472)
	at java.util.stream.ForEachOps$ForEachOp.evaluateSequential(ForEachOps.java:150)
	at java.util.stream.ForEachOps$ForEachOp$OfRef.evaluateSequential(ForEachOps.java:173)
	at java.util.stream.AbstractPipeline.evaluate(AbstractPipeline.java:234)
	at java.util.stream.ReferencePipeline.forEach(ReferencePipeline.java:485)
	at org.junit.jupiter.engine.descriptor.TestTemplateTestDescriptor.execute(TestTemplateTestDescriptor.java:107)
	at org.junit.jupiter.engine.descriptor.TestTemplateTestDescriptor.execute(TestTemplateTestDescriptor.java:42)
	at org.junit.platform.engine.support.hierarchical.NodeTestTask.lambda$executeRecursively$6(NodeTestTask.java:151)
	at org.junit.platform.engine.support.hierarchical.ThrowableCollector.execute(ThrowableCollector.java:73)
	at org.junit.platform.engine.support.hierarchical.NodeTestTask.lambda$executeRecursively$8(NodeTestTask.java:141)
	at org.junit.platform.engine.support.hierarchical.Node.around(Node.java:137)
	at org.junit.platform.engine.support.hierarchical.NodeTestTask.lambda$executeRecursively$9(NodeTestTask.java:139)
	at org.junit.platform.engine.support.hierarchical.ThrowableCollector.execute(ThrowableCollector.java:73)
	at org.junit.platform.engine.support.hierarchical.NodeTestTask.executeRecursively(NodeTestTask.java:138)
	at org.junit.platform.engine.support.hierarchical.NodeTestTask.execute(NodeTestTask.java:95)
	at java.util.ArrayList.forEach(ArrayList.java:1259)
	at org.junit.platform.engine.support.hierarchical.SameThreadHierarchicalTestExecutorService.invokeAll(SameThreadHierarchicalTestExecutorService.java:41)
	at org.junit.platform.engine.support.hierarchical.NodeTestTask.lambda$executeRecursively$6(NodeTestTask.java:155)
	at org.junit.platform.engine.support.hierarchical.ThrowableCollector.execute(ThrowableCollector.java:73)
	at org.junit.platform.engine.support.hierarchical.NodeTestTask.lambda$executeRecursively$8(NodeTestTask.java:141)
	at org.junit.platform.engine.support.hierarchical.Node.around(Node.java:137)
	at org.junit.platform.engine.support.hierarchical.NodeTestTask.lambda$executeRecursively$9(NodeTestTask.java:139)
	at org.junit.platform.engine.support.hierarchical.ThrowableCollector.execute(ThrowableCollector.java:73)
	at org.junit.platform.engine.support.hierarchical.NodeTestTask.executeRecursively(NodeTestTask.java:138)
	at org.junit.platform.engine.support.hierarchical.NodeTestTask.execute(NodeTestTask.java:95)
	at java.util.ArrayList.forEach(ArrayList.java:1259)
	at org.junit.platform.engine.support.hierarchical.SameThreadHierarchicalTestExecutorService.invokeAll(SameThreadHierarchicalTestExecutorService.java:41)
	at org.junit.platform.engine.support.hierarchical.NodeTestTask.lambda$executeRecursively$6(NodeTestTask.java:155)
	at org.junit.platform.engine.support.hierarchical.ThrowableCollector.execute(ThrowableCollector.java:73)
	at org.junit.platform.engine.support.hierarchical.NodeTestTask.lambda$executeRecursively$8(NodeTestTask.java:141)
	at org.junit.platform.engine.support.hierarchical.Node.around(Node.java:137)
	at org.junit.platform.engine.support.hierarchical.NodeTestTask.lambda$executeRecursively$9(NodeTestTask.java:139)
	at org.junit.platform.engine.support.hierarchical.ThrowableCollector.execute(ThrowableCollector.java:73)
	at org.junit.platform.engine.support.hierarchical.NodeTestTask.executeRecursively(NodeTestTask.java:138)
	at org.junit.platform.engine.support.hierarchical.NodeTestTask.execute(NodeTestTask.java:95)
	at org.junit.platform.engine.support.hierarchical.SameThreadHierarchicalTestExecutorService.submit(SameThreadHierarchicalTestExecutorService.java:35)
	at org.junit.platform.engine.support.hierarchical.HierarchicalTestExecutor.execute(HierarchicalTestExecutor.java:57)
	at org.junit.platform.engine.support.hierarchical.HierarchicalTestEngine.execute(HierarchicalTestEngine.java:54)
	at org.junit.platform.launcher.core.EngineExecutionOrchestrator.execute(EngineExecutionOrchestrator.java:107)
	at org.junit.platform.launcher.core.EngineExecutionOrchestrator.execute(EngineExecutionOrchestrator.java:88)
	at org.junit.platform.launcher.core.EngineExecutionOrchestrator.lambda$execute$0(EngineExecutionOrchestrator.java:54)
	at org.junit.platform.launcher.core.EngineExecutionOrchestrator.withInterceptedStreams(EngineExecutionOrchestrator.java:67)
	at org.junit.platform.launcher.core.EngineExecutionOrchestrator.execute(EngineExecutionOrchestrator.java:52)
	at org.junit.platform.launcher.core.DefaultLauncher.execute(DefaultLauncher.java:114)
	at org.junit.platform.launcher.core.DefaultLauncher.execute(DefaultLauncher.java:86)
	at org.junit.platform.launcher.core.DefaultLauncherSession$DelegatingLauncher.execute(DefaultLauncherSession.java:86)
	at org.junit.platform.launcher.core.SessionPerRequestLauncher.execute(SessionPerRequestLauncher.java:53)
	at org.apache.maven.surefire.junitplatform.JUnitPlatformProvider.execute(JUnitPlatformProvider.java:188)
	at org.apache.maven.surefire.junitplatform.JUnitPlatformProvider.invokeAllTests(JUnitPlatformProvider.java:154)
	at org.apache.maven.surefire.junitplatform.JUnitPlatformProvider.invoke(JUnitPlatformProvider.java:124)
	at org.apache.maven.surefire.booter.ForkedBooter.runSuitesInProcess(ForkedBooter.java:428)
	at org.apache.maven.surefire.booter.ForkedBooter.execute(ForkedBooter.java:162)
	at org.apache.maven.surefire.booter.ForkedBooter.run(ForkedBooter.java:562)
	at org.apache.maven.surefire.booter.ForkedBooter.main(ForkedBooter.java:548)
2023-10-11 09:27:25,353 [main] WARN  snapshot.SnapshotDiffManager (SnapshotDiffManager.java:getDeltaFiles(1229)) - RocksDBCheckpointDiffer is not available, falling back to slow path
2023-10-11 09:27:25,354 [main] INFO  snapshot.SnapshotDiffManager (SnapshotDiffManager.java:closeExecutorService(1720)) - Shutting down executorService: 'SnapDiffExecutor'
2023-10-11 09:27:25,354 [main] INFO  snapshot.SnapshotDiffManager (SnapshotDiffManager.java:closeExecutorService(1720)) - Shutting down executorService: 'SstDumpToolExecutor'
]]></system-out>
  </testcase>
  <testcase name="testGetDeltaFilesWithDifferThrowException(int)[5]" classname="org.apache.hadoop.ozone.om.snapshot.TestSnapshotDiffManager" time="0.024">
    <system-out><![CDATA[2023-10-11 09:27:25,375 [main] INFO  snapshot.SnapshotDiffManager (SnapshotDiffManager.java:closeExecutorService(1720)) - Shutting down executorService: 'SstDumpToolExecutor'
2023-10-11 09:27:25,376 [main] INFO  snapshot.SnapshotCache (SnapshotCache.java:lambda$1(170)) - Loading snapshot. Table key: a48dfeaa-6dd7-4d57-a7ba-514f02896883
2023-10-11 09:27:25,377 [main] INFO  snapshot.SnapshotCache (SnapshotCache.java:lambda$1(170)) - Loading snapshot. Table key: 531edf88-6def-4869-8804-8fbc894531df
2023-10-11 09:27:25,378 [main] WARN  snapshot.SnapshotDiffManager (SnapshotDiffManager.java:getDeltaFiles(1220)) - Failed to get SST diff file using RocksDBCheckpointDiffer. It will fallback to full diff now.
java.io.FileNotFoundException: File not found exception.
	at org.apache.ozone.rocksdiff.RocksDBCheckpointDiffer.getSSTDiffListWithFullPath(RocksDBCheckpointDiffer.java:873)
	at org.apache.hadoop.ozone.om.snapshot.SnapshotDiffManager.getDeltaFiles(SnapshotDiffManager.java:1217)
	at org.apache.hadoop.ozone.om.snapshot.TestSnapshotDiffManager.testGetDeltaFilesWithDifferThrowException(TestSnapshotDiffManager.java:580)
	at sun.reflect.NativeMethodAccessorImpl.invoke0(Native Method)
	at sun.reflect.NativeMethodAccessorImpl.invoke(NativeMethodAccessorImpl.java:62)
	at sun.reflect.DelegatingMethodAccessorImpl.invoke(DelegatingMethodAccessorImpl.java:43)
	at java.lang.reflect.Method.invoke(Method.java:498)
	at org.junit.platform.commons.util.ReflectionUtils.invokeMethod(ReflectionUtils.java:725)
	at org.junit.jupiter.engine.execution.MethodInvocation.proceed(MethodInvocation.java:60)
	at org.junit.jupiter.engine.execution.InvocationInterceptorChain$ValidatingInvocation.proceed(InvocationInterceptorChain.java:131)
	at org.junit.jupiter.engine.extension.TimeoutExtension.intercept(TimeoutExtension.java:149)
	at org.junit.jupiter.engine.extension.TimeoutExtension.interceptTestableMethod(TimeoutExtension.java:140)
	at org.junit.jupiter.engine.extension.TimeoutExtension.interceptTestTemplateMethod(TimeoutExtension.java:92)
	at org.junit.jupiter.engine.execution.ExecutableInvoker$ReflectiveInterceptorCall.lambda$ofVoidMethod$0(ExecutableInvoker.java:115)
	at org.junit.jupiter.engine.execution.ExecutableInvoker.lambda$invoke$0(ExecutableInvoker.java:105)
	at org.junit.jupiter.engine.execution.InvocationInterceptorChain$InterceptedInvocation.proceed(InvocationInterceptorChain.java:106)
	at org.junit.jupiter.engine.execution.InvocationInterceptorChain.proceed(InvocationInterceptorChain.java:64)
	at org.junit.jupiter.engine.execution.InvocationInterceptorChain.chainAndInvoke(InvocationInterceptorChain.java:45)
	at org.junit.jupiter.engine.execution.InvocationInterceptorChain.invoke(InvocationInterceptorChain.java:37)
	at org.junit.jupiter.engine.execution.ExecutableInvoker.invoke(ExecutableInvoker.java:104)
	at org.junit.jupiter.engine.execution.ExecutableInvoker.invoke(ExecutableInvoker.java:98)
	at org.junit.jupiter.engine.descriptor.TestMethodTestDescriptor.lambda$invokeTestMethod$7(TestMethodTestDescriptor.java:214)
	at org.junit.platform.engine.support.hierarchical.ThrowableCollector.execute(ThrowableCollector.java:73)
	at org.junit.jupiter.engine.descriptor.TestMethodTestDescriptor.invokeTestMethod(TestMethodTestDescriptor.java:210)
	at org.junit.jupiter.engine.descriptor.TestMethodTestDescriptor.execute(TestMethodTestDescriptor.java:135)
	at org.junit.jupiter.engine.descriptor.TestMethodTestDescriptor.execute(TestMethodTestDescriptor.java:66)
	at org.junit.platform.engine.support.hierarchical.NodeTestTask.lambda$executeRecursively$6(NodeTestTask.java:151)
	at org.junit.platform.engine.support.hierarchical.ThrowableCollector.execute(ThrowableCollector.java:73)
	at org.junit.platform.engine.support.hierarchical.NodeTestTask.lambda$executeRecursively$8(NodeTestTask.java:141)
	at org.junit.platform.engine.support.hierarchical.Node.around(Node.java:137)
	at org.junit.platform.engine.support.hierarchical.NodeTestTask.lambda$executeRecursively$9(NodeTestTask.java:139)
	at org.junit.platform.engine.support.hierarchical.ThrowableCollector.execute(ThrowableCollector.java:73)
	at org.junit.platform.engine.support.hierarchical.NodeTestTask.executeRecursively(NodeTestTask.java:138)
	at org.junit.platform.engine.support.hierarchical.NodeTestTask.execute(NodeTestTask.java:95)
	at org.junit.platform.engine.support.hierarchical.SameThreadHierarchicalTestExecutorService.submit(SameThreadHierarchicalTestExecutorService.java:35)
	at org.junit.platform.engine.support.hierarchical.NodeTestTask$DefaultDynamicTestExecutor.execute(NodeTestTask.java:226)
	at org.junit.platform.engine.support.hierarchical.NodeTestTask$DefaultDynamicTestExecutor.execute(NodeTestTask.java:204)
	at org.junit.jupiter.engine.descriptor.TestTemplateTestDescriptor.execute(TestTemplateTestDescriptor.java:139)
	at org.junit.jupiter.engine.descriptor.TestTemplateTestDescriptor.lambda$execute$2(TestTemplateTestDescriptor.java:107)
	at java.util.stream.ForEachOps$ForEachOp$OfRef.accept(ForEachOps.java:183)
	at java.util.stream.ReferencePipeline$3$1.accept(ReferencePipeline.java:193)
	at java.util.stream.ReferencePipeline$2$1.accept(ReferencePipeline.java:175)
	at java.util.stream.ReferencePipeline$3$1.accept(ReferencePipeline.java:193)
	at java.util.stream.ForEachOps$ForEachOp$OfRef.accept(ForEachOps.java:183)
	at java.util.stream.ReferencePipeline$3$1.accept(ReferencePipeline.java:193)
	at java.util.stream.ReferencePipeline$3$1.accept(ReferencePipeline.java:193)
	at java.util.stream.ReferencePipeline$3$1.accept(ReferencePipeline.java:193)
	at java.util.stream.ForEachOps$ForEachOp$OfRef.accept(ForEachOps.java:183)
	at java.util.stream.ReferencePipeline$3$1.accept(ReferencePipeline.java:193)
	at java.util.Spliterators$ArraySpliterator.forEachRemaining(Spliterators.java:948)
	at java.util.stream.AbstractPipeline.copyInto(AbstractPipeline.java:482)
	at java.util.stream.AbstractPipeline.wrapAndCopyInto(AbstractPipeline.java:472)
	at java.util.stream.ForEachOps$ForEachOp.evaluateSequential(ForEachOps.java:150)
	at java.util.stream.ForEachOps$ForEachOp$OfRef.evaluateSequential(ForEachOps.java:173)
	at java.util.stream.AbstractPipeline.evaluate(AbstractPipeline.java:234)
	at java.util.stream.ReferencePipeline.forEach(ReferencePipeline.java:485)
	at java.util.stream.ReferencePipeline$7$1.accept(ReferencePipeline.java:272)
	at java.util.stream.ReferencePipeline$3$1.accept(ReferencePipeline.java:193)
	at java.util.stream.ReferencePipeline$3$1.accept(ReferencePipeline.java:193)
	at java.util.stream.ReferencePipeline$3$1.accept(ReferencePipeline.java:193)
	at java.util.ArrayList$ArrayListSpliterator.forEachRemaining(ArrayList.java:1384)
	at java.util.stream.AbstractPipeline.copyInto(AbstractPipeline.java:482)
	at java.util.stream.AbstractPipeline.wrapAndCopyInto(AbstractPipeline.java:472)
	at java.util.stream.ForEachOps$ForEachOp.evaluateSequential(ForEachOps.java:150)
	at java.util.stream.ForEachOps$ForEachOp$OfRef.evaluateSequential(ForEachOps.java:173)
	at java.util.stream.AbstractPipeline.evaluate(AbstractPipeline.java:234)
	at java.util.stream.ReferencePipeline.forEach(ReferencePipeline.java:485)
	at java.util.stream.ReferencePipeline$7$1.accept(ReferencePipeline.java:272)
	at java.util.ArrayList$ArrayListSpliterator.forEachRemaining(ArrayList.java:1384)
	at java.util.stream.AbstractPipeline.copyInto(AbstractPipeline.java:482)
	at java.util.stream.AbstractPipeline.wrapAndCopyInto(AbstractPipeline.java:472)
	at java.util.stream.ForEachOps$ForEachOp.evaluateSequential(ForEachOps.java:150)
	at java.util.stream.ForEachOps$ForEachOp$OfRef.evaluateSequential(ForEachOps.java:173)
	at java.util.stream.AbstractPipeline.evaluate(AbstractPipeline.java:234)
	at java.util.stream.ReferencePipeline.forEach(ReferencePipeline.java:485)
	at org.junit.jupiter.engine.descriptor.TestTemplateTestDescriptor.execute(TestTemplateTestDescriptor.java:107)
	at org.junit.jupiter.engine.descriptor.TestTemplateTestDescriptor.execute(TestTemplateTestDescriptor.java:42)
	at org.junit.platform.engine.support.hierarchical.NodeTestTask.lambda$executeRecursively$6(NodeTestTask.java:151)
	at org.junit.platform.engine.support.hierarchical.ThrowableCollector.execute(ThrowableCollector.java:73)
	at org.junit.platform.engine.support.hierarchical.NodeTestTask.lambda$executeRecursively$8(NodeTestTask.java:141)
	at org.junit.platform.engine.support.hierarchical.Node.around(Node.java:137)
	at org.junit.platform.engine.support.hierarchical.NodeTestTask.lambda$executeRecursively$9(NodeTestTask.java:139)
	at org.junit.platform.engine.support.hierarchical.ThrowableCollector.execute(ThrowableCollector.java:73)
	at org.junit.platform.engine.support.hierarchical.NodeTestTask.executeRecursively(NodeTestTask.java:138)
	at org.junit.platform.engine.support.hierarchical.NodeTestTask.execute(NodeTestTask.java:95)
	at java.util.ArrayList.forEach(ArrayList.java:1259)
	at org.junit.platform.engine.support.hierarchical.SameThreadHierarchicalTestExecutorService.invokeAll(SameThreadHierarchicalTestExecutorService.java:41)
	at org.junit.platform.engine.support.hierarchical.NodeTestTask.lambda$executeRecursively$6(NodeTestTask.java:155)
	at org.junit.platform.engine.support.hierarchical.ThrowableCollector.execute(ThrowableCollector.java:73)
	at org.junit.platform.engine.support.hierarchical.NodeTestTask.lambda$executeRecursively$8(NodeTestTask.java:141)
	at org.junit.platform.engine.support.hierarchical.Node.around(Node.java:137)
	at org.junit.platform.engine.support.hierarchical.NodeTestTask.lambda$executeRecursively$9(NodeTestTask.java:139)
	at org.junit.platform.engine.support.hierarchical.ThrowableCollector.execute(ThrowableCollector.java:73)
	at org.junit.platform.engine.support.hierarchical.NodeTestTask.executeRecursively(NodeTestTask.java:138)
	at org.junit.platform.engine.support.hierarchical.NodeTestTask.execute(NodeTestTask.java:95)
	at java.util.ArrayList.forEach(ArrayList.java:1259)
	at org.junit.platform.engine.support.hierarchical.SameThreadHierarchicalTestExecutorService.invokeAll(SameThreadHierarchicalTestExecutorService.java:41)
	at org.junit.platform.engine.support.hierarchical.NodeTestTask.lambda$executeRecursively$6(NodeTestTask.java:155)
	at org.junit.platform.engine.support.hierarchical.ThrowableCollector.execute(ThrowableCollector.java:73)
	at org.junit.platform.engine.support.hierarchical.NodeTestTask.lambda$executeRecursively$8(NodeTestTask.java:141)
	at org.junit.platform.engine.support.hierarchical.Node.around(Node.java:137)
	at org.junit.platform.engine.support.hierarchical.NodeTestTask.lambda$executeRecursively$9(NodeTestTask.java:139)
	at org.junit.platform.engine.support.hierarchical.ThrowableCollector.execute(ThrowableCollector.java:73)
	at org.junit.platform.engine.support.hierarchical.NodeTestTask.executeRecursively(NodeTestTask.java:138)
	at org.junit.platform.engine.support.hierarchical.NodeTestTask.execute(NodeTestTask.java:95)
	at org.junit.platform.engine.support.hierarchical.SameThreadHierarchicalTestExecutorService.submit(SameThreadHierarchicalTestExecutorService.java:35)
	at org.junit.platform.engine.support.hierarchical.HierarchicalTestExecutor.execute(HierarchicalTestExecutor.java:57)
	at org.junit.platform.engine.support.hierarchical.HierarchicalTestEngine.execute(HierarchicalTestEngine.java:54)
	at org.junit.platform.launcher.core.EngineExecutionOrchestrator.execute(EngineExecutionOrchestrator.java:107)
	at org.junit.platform.launcher.core.EngineExecutionOrchestrator.execute(EngineExecutionOrchestrator.java:88)
	at org.junit.platform.launcher.core.EngineExecutionOrchestrator.lambda$execute$0(EngineExecutionOrchestrator.java:54)
	at org.junit.platform.launcher.core.EngineExecutionOrchestrator.withInterceptedStreams(EngineExecutionOrchestrator.java:67)
	at org.junit.platform.launcher.core.EngineExecutionOrchestrator.execute(EngineExecutionOrchestrator.java:52)
	at org.junit.platform.launcher.core.DefaultLauncher.execute(DefaultLauncher.java:114)
	at org.junit.platform.launcher.core.DefaultLauncher.execute(DefaultLauncher.java:86)
	at org.junit.platform.launcher.core.DefaultLauncherSession$DelegatingLauncher.execute(DefaultLauncherSession.java:86)
	at org.junit.platform.launcher.core.SessionPerRequestLauncher.execute(SessionPerRequestLauncher.java:53)
	at org.apache.maven.surefire.junitplatform.JUnitPlatformProvider.execute(JUnitPlatformProvider.java:188)
	at org.apache.maven.surefire.junitplatform.JUnitPlatformProvider.invokeAllTests(JUnitPlatformProvider.java:154)
	at org.apache.maven.surefire.junitplatform.JUnitPlatformProvider.invoke(JUnitPlatformProvider.java:124)
	at org.apache.maven.surefire.booter.ForkedBooter.runSuitesInProcess(ForkedBooter.java:428)
	at org.apache.maven.surefire.booter.ForkedBooter.execute(ForkedBooter.java:162)
	at org.apache.maven.surefire.booter.ForkedBooter.run(ForkedBooter.java:562)
	at org.apache.maven.surefire.booter.ForkedBooter.main(ForkedBooter.java:548)
2023-10-11 09:27:25,379 [main] WARN  snapshot.SnapshotDiffManager (SnapshotDiffManager.java:getDeltaFiles(1229)) - RocksDBCheckpointDiffer is not available, falling back to slow path
2023-10-11 09:27:25,380 [main] INFO  snapshot.SnapshotDiffManager (SnapshotDiffManager.java:closeExecutorService(1720)) - Shutting down executorService: 'SnapDiffExecutor'
2023-10-11 09:27:25,381 [main] INFO  snapshot.SnapshotDiffManager (SnapshotDiffManager.java:closeExecutorService(1720)) - Shutting down executorService: 'SstDumpToolExecutor'
]]></system-out>
  </testcase>
  <testcase name="testGetDeltaFilesWithDifferThrowException(int)[6]" classname="org.apache.hadoop.ozone.om.snapshot.TestSnapshotDiffManager" time="0.03">
    <system-out><![CDATA[2023-10-11 09:27:25,407 [main] INFO  snapshot.SnapshotDiffManager (SnapshotDiffManager.java:closeExecutorService(1720)) - Shutting down executorService: 'SstDumpToolExecutor'
2023-10-11 09:27:25,408 [main] INFO  snapshot.SnapshotCache (SnapshotCache.java:lambda$1(170)) - Loading snapshot. Table key: b3d4d22a-f8c9-4797-ac22-73b1c7fb92b8
2023-10-11 09:27:25,409 [main] INFO  snapshot.SnapshotCache (SnapshotCache.java:lambda$1(170)) - Loading snapshot. Table key: 538ca4f0-8487-4437-ac42-e6f8be8e1f4b
2023-10-11 09:27:25,410 [main] WARN  snapshot.SnapshotDiffManager (SnapshotDiffManager.java:getDeltaFiles(1220)) - Failed to get SST diff file using RocksDBCheckpointDiffer. It will fallback to full diff now.
java.io.FileNotFoundException: File not found exception.
	at org.apache.ozone.rocksdiff.RocksDBCheckpointDiffer.getSSTDiffListWithFullPath(RocksDBCheckpointDiffer.java:873)
	at org.apache.hadoop.ozone.om.snapshot.SnapshotDiffManager.getDeltaFiles(SnapshotDiffManager.java:1217)
	at org.apache.hadoop.ozone.om.snapshot.TestSnapshotDiffManager.testGetDeltaFilesWithDifferThrowException(TestSnapshotDiffManager.java:580)
	at sun.reflect.NativeMethodAccessorImpl.invoke0(Native Method)
	at sun.reflect.NativeMethodAccessorImpl.invoke(NativeMethodAccessorImpl.java:62)
	at sun.reflect.DelegatingMethodAccessorImpl.invoke(DelegatingMethodAccessorImpl.java:43)
	at java.lang.reflect.Method.invoke(Method.java:498)
	at org.junit.platform.commons.util.ReflectionUtils.invokeMethod(ReflectionUtils.java:725)
	at org.junit.jupiter.engine.execution.MethodInvocation.proceed(MethodInvocation.java:60)
	at org.junit.jupiter.engine.execution.InvocationInterceptorChain$ValidatingInvocation.proceed(InvocationInterceptorChain.java:131)
	at org.junit.jupiter.engine.extension.TimeoutExtension.intercept(TimeoutExtension.java:149)
	at org.junit.jupiter.engine.extension.TimeoutExtension.interceptTestableMethod(TimeoutExtension.java:140)
	at org.junit.jupiter.engine.extension.TimeoutExtension.interceptTestTemplateMethod(TimeoutExtension.java:92)
	at org.junit.jupiter.engine.execution.ExecutableInvoker$ReflectiveInterceptorCall.lambda$ofVoidMethod$0(ExecutableInvoker.java:115)
	at org.junit.jupiter.engine.execution.ExecutableInvoker.lambda$invoke$0(ExecutableInvoker.java:105)
	at org.junit.jupiter.engine.execution.InvocationInterceptorChain$InterceptedInvocation.proceed(InvocationInterceptorChain.java:106)
	at org.junit.jupiter.engine.execution.InvocationInterceptorChain.proceed(InvocationInterceptorChain.java:64)
	at org.junit.jupiter.engine.execution.InvocationInterceptorChain.chainAndInvoke(InvocationInterceptorChain.java:45)
	at org.junit.jupiter.engine.execution.InvocationInterceptorChain.invoke(InvocationInterceptorChain.java:37)
	at org.junit.jupiter.engine.execution.ExecutableInvoker.invoke(ExecutableInvoker.java:104)
	at org.junit.jupiter.engine.execution.ExecutableInvoker.invoke(ExecutableInvoker.java:98)
	at org.junit.jupiter.engine.descriptor.TestMethodTestDescriptor.lambda$invokeTestMethod$7(TestMethodTestDescriptor.java:214)
	at org.junit.platform.engine.support.hierarchical.ThrowableCollector.execute(ThrowableCollector.java:73)
	at org.junit.jupiter.engine.descriptor.TestMethodTestDescriptor.invokeTestMethod(TestMethodTestDescriptor.java:210)
	at org.junit.jupiter.engine.descriptor.TestMethodTestDescriptor.execute(TestMethodTestDescriptor.java:135)
	at org.junit.jupiter.engine.descriptor.TestMethodTestDescriptor.execute(TestMethodTestDescriptor.java:66)
	at org.junit.platform.engine.support.hierarchical.NodeTestTask.lambda$executeRecursively$6(NodeTestTask.java:151)
	at org.junit.platform.engine.support.hierarchical.ThrowableCollector.execute(ThrowableCollector.java:73)
	at org.junit.platform.engine.support.hierarchical.NodeTestTask.lambda$executeRecursively$8(NodeTestTask.java:141)
	at org.junit.platform.engine.support.hierarchical.Node.around(Node.java:137)
	at org.junit.platform.engine.support.hierarchical.NodeTestTask.lambda$executeRecursively$9(NodeTestTask.java:139)
	at org.junit.platform.engine.support.hierarchical.ThrowableCollector.execute(ThrowableCollector.java:73)
	at org.junit.platform.engine.support.hierarchical.NodeTestTask.executeRecursively(NodeTestTask.java:138)
	at org.junit.platform.engine.support.hierarchical.NodeTestTask.execute(NodeTestTask.java:95)
	at org.junit.platform.engine.support.hierarchical.SameThreadHierarchicalTestExecutorService.submit(SameThreadHierarchicalTestExecutorService.java:35)
	at org.junit.platform.engine.support.hierarchical.NodeTestTask$DefaultDynamicTestExecutor.execute(NodeTestTask.java:226)
	at org.junit.platform.engine.support.hierarchical.NodeTestTask$DefaultDynamicTestExecutor.execute(NodeTestTask.java:204)
	at org.junit.jupiter.engine.descriptor.TestTemplateTestDescriptor.execute(TestTemplateTestDescriptor.java:139)
	at org.junit.jupiter.engine.descriptor.TestTemplateTestDescriptor.lambda$execute$2(TestTemplateTestDescriptor.java:107)
	at java.util.stream.ForEachOps$ForEachOp$OfRef.accept(ForEachOps.java:183)
	at java.util.stream.ReferencePipeline$3$1.accept(ReferencePipeline.java:193)
	at java.util.stream.ReferencePipeline$2$1.accept(ReferencePipeline.java:175)
	at java.util.stream.ReferencePipeline$3$1.accept(ReferencePipeline.java:193)
	at java.util.stream.ForEachOps$ForEachOp$OfRef.accept(ForEachOps.java:183)
	at java.util.stream.ReferencePipeline$3$1.accept(ReferencePipeline.java:193)
	at java.util.stream.ReferencePipeline$3$1.accept(ReferencePipeline.java:193)
	at java.util.stream.ReferencePipeline$3$1.accept(ReferencePipeline.java:193)
	at java.util.stream.ForEachOps$ForEachOp$OfRef.accept(ForEachOps.java:183)
	at java.util.stream.ReferencePipeline$3$1.accept(ReferencePipeline.java:193)
	at java.util.Spliterators$ArraySpliterator.forEachRemaining(Spliterators.java:948)
	at java.util.stream.AbstractPipeline.copyInto(AbstractPipeline.java:482)
	at java.util.stream.AbstractPipeline.wrapAndCopyInto(AbstractPipeline.java:472)
	at java.util.stream.ForEachOps$ForEachOp.evaluateSequential(ForEachOps.java:150)
	at java.util.stream.ForEachOps$ForEachOp$OfRef.evaluateSequential(ForEachOps.java:173)
	at java.util.stream.AbstractPipeline.evaluate(AbstractPipeline.java:234)
	at java.util.stream.ReferencePipeline.forEach(ReferencePipeline.java:485)
	at java.util.stream.ReferencePipeline$7$1.accept(ReferencePipeline.java:272)
	at java.util.stream.ReferencePipeline$3$1.accept(ReferencePipeline.java:193)
	at java.util.stream.ReferencePipeline$3$1.accept(ReferencePipeline.java:193)
	at java.util.stream.ReferencePipeline$3$1.accept(ReferencePipeline.java:193)
	at java.util.ArrayList$ArrayListSpliterator.forEachRemaining(ArrayList.java:1384)
	at java.util.stream.AbstractPipeline.copyInto(AbstractPipeline.java:482)
	at java.util.stream.AbstractPipeline.wrapAndCopyInto(AbstractPipeline.java:472)
	at java.util.stream.ForEachOps$ForEachOp.evaluateSequential(ForEachOps.java:150)
	at java.util.stream.ForEachOps$ForEachOp$OfRef.evaluateSequential(ForEachOps.java:173)
	at java.util.stream.AbstractPipeline.evaluate(AbstractPipeline.java:234)
	at java.util.stream.ReferencePipeline.forEach(ReferencePipeline.java:485)
	at java.util.stream.ReferencePipeline$7$1.accept(ReferencePipeline.java:272)
	at java.util.ArrayList$ArrayListSpliterator.forEachRemaining(ArrayList.java:1384)
	at java.util.stream.AbstractPipeline.copyInto(AbstractPipeline.java:482)
	at java.util.stream.AbstractPipeline.wrapAndCopyInto(AbstractPipeline.java:472)
	at java.util.stream.ForEachOps$ForEachOp.evaluateSequential(ForEachOps.java:150)
	at java.util.stream.ForEachOps$ForEachOp$OfRef.evaluateSequential(ForEachOps.java:173)
	at java.util.stream.AbstractPipeline.evaluate(AbstractPipeline.java:234)
	at java.util.stream.ReferencePipeline.forEach(ReferencePipeline.java:485)
	at org.junit.jupiter.engine.descriptor.TestTemplateTestDescriptor.execute(TestTemplateTestDescriptor.java:107)
	at org.junit.jupiter.engine.descriptor.TestTemplateTestDescriptor.execute(TestTemplateTestDescriptor.java:42)
	at org.junit.platform.engine.support.hierarchical.NodeTestTask.lambda$executeRecursively$6(NodeTestTask.java:151)
	at org.junit.platform.engine.support.hierarchical.ThrowableCollector.execute(ThrowableCollector.java:73)
	at org.junit.platform.engine.support.hierarchical.NodeTestTask.lambda$executeRecursively$8(NodeTestTask.java:141)
	at org.junit.platform.engine.support.hierarchical.Node.around(Node.java:137)
	at org.junit.platform.engine.support.hierarchical.NodeTestTask.lambda$executeRecursively$9(NodeTestTask.java:139)
	at org.junit.platform.engine.support.hierarchical.ThrowableCollector.execute(ThrowableCollector.java:73)
	at org.junit.platform.engine.support.hierarchical.NodeTestTask.executeRecursively(NodeTestTask.java:138)
	at org.junit.platform.engine.support.hierarchical.NodeTestTask.execute(NodeTestTask.java:95)
	at java.util.ArrayList.forEach(ArrayList.java:1259)
	at org.junit.platform.engine.support.hierarchical.SameThreadHierarchicalTestExecutorService.invokeAll(SameThreadHierarchicalTestExecutorService.java:41)
	at org.junit.platform.engine.support.hierarchical.NodeTestTask.lambda$executeRecursively$6(NodeTestTask.java:155)
	at org.junit.platform.engine.support.hierarchical.ThrowableCollector.execute(ThrowableCollector.java:73)
	at org.junit.platform.engine.support.hierarchical.NodeTestTask.lambda$executeRecursively$8(NodeTestTask.java:141)
	at org.junit.platform.engine.support.hierarchical.Node.around(Node.java:137)
	at org.junit.platform.engine.support.hierarchical.NodeTestTask.lambda$executeRecursively$9(NodeTestTask.java:139)
	at org.junit.platform.engine.support.hierarchical.ThrowableCollector.execute(ThrowableCollector.java:73)
	at org.junit.platform.engine.support.hierarchical.NodeTestTask.executeRecursively(NodeTestTask.java:138)
	at org.junit.platform.engine.support.hierarchical.NodeTestTask.execute(NodeTestTask.java:95)
	at java.util.ArrayList.forEach(ArrayList.java:1259)
	at org.junit.platform.engine.support.hierarchical.SameThreadHierarchicalTestExecutorService.invokeAll(SameThreadHierarchicalTestExecutorService.java:41)
	at org.junit.platform.engine.support.hierarchical.NodeTestTask.lambda$executeRecursively$6(NodeTestTask.java:155)
	at org.junit.platform.engine.support.hierarchical.ThrowableCollector.execute(ThrowableCollector.java:73)
	at org.junit.platform.engine.support.hierarchical.NodeTestTask.lambda$executeRecursively$8(NodeTestTask.java:141)
	at org.junit.platform.engine.support.hierarchical.Node.around(Node.java:137)
	at org.junit.platform.engine.support.hierarchical.NodeTestTask.lambda$executeRecursively$9(NodeTestTask.java:139)
	at org.junit.platform.engine.support.hierarchical.ThrowableCollector.execute(ThrowableCollector.java:73)
	at org.junit.platform.engine.support.hierarchical.NodeTestTask.executeRecursively(NodeTestTask.java:138)
	at org.junit.platform.engine.support.hierarchical.NodeTestTask.execute(NodeTestTask.java:95)
	at org.junit.platform.engine.support.hierarchical.SameThreadHierarchicalTestExecutorService.submit(SameThreadHierarchicalTestExecutorService.java:35)
	at org.junit.platform.engine.support.hierarchical.HierarchicalTestExecutor.execute(HierarchicalTestExecutor.java:57)
	at org.junit.platform.engine.support.hierarchical.HierarchicalTestEngine.execute(HierarchicalTestEngine.java:54)
	at org.junit.platform.launcher.core.EngineExecutionOrchestrator.execute(EngineExecutionOrchestrator.java:107)
	at org.junit.platform.launcher.core.EngineExecutionOrchestrator.execute(EngineExecutionOrchestrator.java:88)
	at org.junit.platform.launcher.core.EngineExecutionOrchestrator.lambda$execute$0(EngineExecutionOrchestrator.java:54)
	at org.junit.platform.launcher.core.EngineExecutionOrchestrator.withInterceptedStreams(EngineExecutionOrchestrator.java:67)
	at org.junit.platform.launcher.core.EngineExecutionOrchestrator.execute(EngineExecutionOrchestrator.java:52)
	at org.junit.platform.launcher.core.DefaultLauncher.execute(DefaultLauncher.java:114)
	at org.junit.platform.launcher.core.DefaultLauncher.execute(DefaultLauncher.java:86)
	at org.junit.platform.launcher.core.DefaultLauncherSession$DelegatingLauncher.execute(DefaultLauncherSession.java:86)
	at org.junit.platform.launcher.core.SessionPerRequestLauncher.execute(SessionPerRequestLauncher.java:53)
	at org.apache.maven.surefire.junitplatform.JUnitPlatformProvider.execute(JUnitPlatformProvider.java:188)
	at org.apache.maven.surefire.junitplatform.JUnitPlatformProvider.invokeAllTests(JUnitPlatformProvider.java:154)
	at org.apache.maven.surefire.junitplatform.JUnitPlatformProvider.invoke(JUnitPlatformProvider.java:124)
	at org.apache.maven.surefire.booter.ForkedBooter.runSuitesInProcess(ForkedBooter.java:428)
	at org.apache.maven.surefire.booter.ForkedBooter.execute(ForkedBooter.java:162)
	at org.apache.maven.surefire.booter.ForkedBooter.run(ForkedBooter.java:562)
	at org.apache.maven.surefire.booter.ForkedBooter.main(ForkedBooter.java:548)
2023-10-11 09:27:25,411 [main] WARN  snapshot.SnapshotDiffManager (SnapshotDiffManager.java:getDeltaFiles(1229)) - RocksDBCheckpointDiffer is not available, falling back to slow path
2023-10-11 09:27:25,413 [main] INFO  snapshot.SnapshotDiffManager (SnapshotDiffManager.java:closeExecutorService(1720)) - Shutting down executorService: 'SnapDiffExecutor'
2023-10-11 09:27:25,414 [main] INFO  snapshot.SnapshotDiffManager (SnapshotDiffManager.java:closeExecutorService(1720)) - Shutting down executorService: 'SstDumpToolExecutor'
]]></system-out>
  </testcase>
  <testcase name="testGetDeltaFilesWithDifferThrowException(int)[7]" classname="org.apache.hadoop.ozone.om.snapshot.TestSnapshotDiffManager" time="0.026">
    <system-out><![CDATA[2023-10-11 09:27:25,435 [main] INFO  snapshot.SnapshotDiffManager (SnapshotDiffManager.java:closeExecutorService(1720)) - Shutting down executorService: 'SstDumpToolExecutor'
2023-10-11 09:27:25,436 [main] INFO  snapshot.SnapshotCache (SnapshotCache.java:lambda$1(170)) - Loading snapshot. Table key: f166b1fd-b7b2-4a1a-8ac8-eb262a519b7e
2023-10-11 09:27:25,437 [main] INFO  snapshot.SnapshotCache (SnapshotCache.java:lambda$1(170)) - Loading snapshot. Table key: f53719d1-b885-4f24-ae8d-665631de83c8
2023-10-11 09:27:25,438 [main] WARN  snapshot.SnapshotDiffManager (SnapshotDiffManager.java:getDeltaFiles(1220)) - Failed to get SST diff file using RocksDBCheckpointDiffer. It will fallback to full diff now.
java.io.FileNotFoundException: File not found exception.
	at org.apache.ozone.rocksdiff.RocksDBCheckpointDiffer.getSSTDiffListWithFullPath(RocksDBCheckpointDiffer.java:873)
	at org.apache.hadoop.ozone.om.snapshot.SnapshotDiffManager.getDeltaFiles(SnapshotDiffManager.java:1217)
	at org.apache.hadoop.ozone.om.snapshot.TestSnapshotDiffManager.testGetDeltaFilesWithDifferThrowException(TestSnapshotDiffManager.java:580)
	at sun.reflect.NativeMethodAccessorImpl.invoke0(Native Method)
	at sun.reflect.NativeMethodAccessorImpl.invoke(NativeMethodAccessorImpl.java:62)
	at sun.reflect.DelegatingMethodAccessorImpl.invoke(DelegatingMethodAccessorImpl.java:43)
	at java.lang.reflect.Method.invoke(Method.java:498)
	at org.junit.platform.commons.util.ReflectionUtils.invokeMethod(ReflectionUtils.java:725)
	at org.junit.jupiter.engine.execution.MethodInvocation.proceed(MethodInvocation.java:60)
	at org.junit.jupiter.engine.execution.InvocationInterceptorChain$ValidatingInvocation.proceed(InvocationInterceptorChain.java:131)
	at org.junit.jupiter.engine.extension.TimeoutExtension.intercept(TimeoutExtension.java:149)
	at org.junit.jupiter.engine.extension.TimeoutExtension.interceptTestableMethod(TimeoutExtension.java:140)
	at org.junit.jupiter.engine.extension.TimeoutExtension.interceptTestTemplateMethod(TimeoutExtension.java:92)
	at org.junit.jupiter.engine.execution.ExecutableInvoker$ReflectiveInterceptorCall.lambda$ofVoidMethod$0(ExecutableInvoker.java:115)
	at org.junit.jupiter.engine.execution.ExecutableInvoker.lambda$invoke$0(ExecutableInvoker.java:105)
	at org.junit.jupiter.engine.execution.InvocationInterceptorChain$InterceptedInvocation.proceed(InvocationInterceptorChain.java:106)
	at org.junit.jupiter.engine.execution.InvocationInterceptorChain.proceed(InvocationInterceptorChain.java:64)
	at org.junit.jupiter.engine.execution.InvocationInterceptorChain.chainAndInvoke(InvocationInterceptorChain.java:45)
	at org.junit.jupiter.engine.execution.InvocationInterceptorChain.invoke(InvocationInterceptorChain.java:37)
	at org.junit.jupiter.engine.execution.ExecutableInvoker.invoke(ExecutableInvoker.java:104)
	at org.junit.jupiter.engine.execution.ExecutableInvoker.invoke(ExecutableInvoker.java:98)
	at org.junit.jupiter.engine.descriptor.TestMethodTestDescriptor.lambda$invokeTestMethod$7(TestMethodTestDescriptor.java:214)
	at org.junit.platform.engine.support.hierarchical.ThrowableCollector.execute(ThrowableCollector.java:73)
	at org.junit.jupiter.engine.descriptor.TestMethodTestDescriptor.invokeTestMethod(TestMethodTestDescriptor.java:210)
	at org.junit.jupiter.engine.descriptor.TestMethodTestDescriptor.execute(TestMethodTestDescriptor.java:135)
	at org.junit.jupiter.engine.descriptor.TestMethodTestDescriptor.execute(TestMethodTestDescriptor.java:66)
	at org.junit.platform.engine.support.hierarchical.NodeTestTask.lambda$executeRecursively$6(NodeTestTask.java:151)
	at org.junit.platform.engine.support.hierarchical.ThrowableCollector.execute(ThrowableCollector.java:73)
	at org.junit.platform.engine.support.hierarchical.NodeTestTask.lambda$executeRecursively$8(NodeTestTask.java:141)
	at org.junit.platform.engine.support.hierarchical.Node.around(Node.java:137)
	at org.junit.platform.engine.support.hierarchical.NodeTestTask.lambda$executeRecursively$9(NodeTestTask.java:139)
	at org.junit.platform.engine.support.hierarchical.ThrowableCollector.execute(ThrowableCollector.java:73)
	at org.junit.platform.engine.support.hierarchical.NodeTestTask.executeRecursively(NodeTestTask.java:138)
	at org.junit.platform.engine.support.hierarchical.NodeTestTask.execute(NodeTestTask.java:95)
	at org.junit.platform.engine.support.hierarchical.SameThreadHierarchicalTestExecutorService.submit(SameThreadHierarchicalTestExecutorService.java:35)
	at org.junit.platform.engine.support.hierarchical.NodeTestTask$DefaultDynamicTestExecutor.execute(NodeTestTask.java:226)
	at org.junit.platform.engine.support.hierarchical.NodeTestTask$DefaultDynamicTestExecutor.execute(NodeTestTask.java:204)
	at org.junit.jupiter.engine.descriptor.TestTemplateTestDescriptor.execute(TestTemplateTestDescriptor.java:139)
	at org.junit.jupiter.engine.descriptor.TestTemplateTestDescriptor.lambda$execute$2(TestTemplateTestDescriptor.java:107)
	at java.util.stream.ForEachOps$ForEachOp$OfRef.accept(ForEachOps.java:183)
	at java.util.stream.ReferencePipeline$3$1.accept(ReferencePipeline.java:193)
	at java.util.stream.ReferencePipeline$2$1.accept(ReferencePipeline.java:175)
	at java.util.stream.ReferencePipeline$3$1.accept(ReferencePipeline.java:193)
	at java.util.stream.ForEachOps$ForEachOp$OfRef.accept(ForEachOps.java:183)
	at java.util.stream.ReferencePipeline$3$1.accept(ReferencePipeline.java:193)
	at java.util.stream.ReferencePipeline$3$1.accept(ReferencePipeline.java:193)
	at java.util.stream.ReferencePipeline$3$1.accept(ReferencePipeline.java:193)
	at java.util.stream.ForEachOps$ForEachOp$OfRef.accept(ForEachOps.java:183)
	at java.util.stream.ReferencePipeline$3$1.accept(ReferencePipeline.java:193)
	at java.util.Spliterators$ArraySpliterator.forEachRemaining(Spliterators.java:948)
	at java.util.stream.AbstractPipeline.copyInto(AbstractPipeline.java:482)
	at java.util.stream.AbstractPipeline.wrapAndCopyInto(AbstractPipeline.java:472)
	at java.util.stream.ForEachOps$ForEachOp.evaluateSequential(ForEachOps.java:150)
	at java.util.stream.ForEachOps$ForEachOp$OfRef.evaluateSequential(ForEachOps.java:173)
	at java.util.stream.AbstractPipeline.evaluate(AbstractPipeline.java:234)
	at java.util.stream.ReferencePipeline.forEach(ReferencePipeline.java:485)
	at java.util.stream.ReferencePipeline$7$1.accept(ReferencePipeline.java:272)
	at java.util.stream.ReferencePipeline$3$1.accept(ReferencePipeline.java:193)
	at java.util.stream.ReferencePipeline$3$1.accept(ReferencePipeline.java:193)
	at java.util.stream.ReferencePipeline$3$1.accept(ReferencePipeline.java:193)
	at java.util.ArrayList$ArrayListSpliterator.forEachRemaining(ArrayList.java:1384)
	at java.util.stream.AbstractPipeline.copyInto(AbstractPipeline.java:482)
	at java.util.stream.AbstractPipeline.wrapAndCopyInto(AbstractPipeline.java:472)
	at java.util.stream.ForEachOps$ForEachOp.evaluateSequential(ForEachOps.java:150)
	at java.util.stream.ForEachOps$ForEachOp$OfRef.evaluateSequential(ForEachOps.java:173)
	at java.util.stream.AbstractPipeline.evaluate(AbstractPipeline.java:234)
	at java.util.stream.ReferencePipeline.forEach(ReferencePipeline.java:485)
	at java.util.stream.ReferencePipeline$7$1.accept(ReferencePipeline.java:272)
	at java.util.ArrayList$ArrayListSpliterator.forEachRemaining(ArrayList.java:1384)
	at java.util.stream.AbstractPipeline.copyInto(AbstractPipeline.java:482)
	at java.util.stream.AbstractPipeline.wrapAndCopyInto(AbstractPipeline.java:472)
	at java.util.stream.ForEachOps$ForEachOp.evaluateSequential(ForEachOps.java:150)
	at java.util.stream.ForEachOps$ForEachOp$OfRef.evaluateSequential(ForEachOps.java:173)
	at java.util.stream.AbstractPipeline.evaluate(AbstractPipeline.java:234)
	at java.util.stream.ReferencePipeline.forEach(ReferencePipeline.java:485)
	at org.junit.jupiter.engine.descriptor.TestTemplateTestDescriptor.execute(TestTemplateTestDescriptor.java:107)
	at org.junit.jupiter.engine.descriptor.TestTemplateTestDescriptor.execute(TestTemplateTestDescriptor.java:42)
	at org.junit.platform.engine.support.hierarchical.NodeTestTask.lambda$executeRecursively$6(NodeTestTask.java:151)
	at org.junit.platform.engine.support.hierarchical.ThrowableCollector.execute(ThrowableCollector.java:73)
	at org.junit.platform.engine.support.hierarchical.NodeTestTask.lambda$executeRecursively$8(NodeTestTask.java:141)
	at org.junit.platform.engine.support.hierarchical.Node.around(Node.java:137)
	at org.junit.platform.engine.support.hierarchical.NodeTestTask.lambda$executeRecursively$9(NodeTestTask.java:139)
	at org.junit.platform.engine.support.hierarchical.ThrowableCollector.execute(ThrowableCollector.java:73)
	at org.junit.platform.engine.support.hierarchical.NodeTestTask.executeRecursively(NodeTestTask.java:138)
	at org.junit.platform.engine.support.hierarchical.NodeTestTask.execute(NodeTestTask.java:95)
	at java.util.ArrayList.forEach(ArrayList.java:1259)
	at org.junit.platform.engine.support.hierarchical.SameThreadHierarchicalTestExecutorService.invokeAll(SameThreadHierarchicalTestExecutorService.java:41)
	at org.junit.platform.engine.support.hierarchical.NodeTestTask.lambda$executeRecursively$6(NodeTestTask.java:155)
	at org.junit.platform.engine.support.hierarchical.ThrowableCollector.execute(ThrowableCollector.java:73)
	at org.junit.platform.engine.support.hierarchical.NodeTestTask.lambda$executeRecursively$8(NodeTestTask.java:141)
	at org.junit.platform.engine.support.hierarchical.Node.around(Node.java:137)
	at org.junit.platform.engine.support.hierarchical.NodeTestTask.lambda$executeRecursively$9(NodeTestTask.java:139)
	at org.junit.platform.engine.support.hierarchical.ThrowableCollector.execute(ThrowableCollector.java:73)
	at org.junit.platform.engine.support.hierarchical.NodeTestTask.executeRecursively(NodeTestTask.java:138)
	at org.junit.platform.engine.support.hierarchical.NodeTestTask.execute(NodeTestTask.java:95)
	at java.util.ArrayList.forEach(ArrayList.java:1259)
	at org.junit.platform.engine.support.hierarchical.SameThreadHierarchicalTestExecutorService.invokeAll(SameThreadHierarchicalTestExecutorService.java:41)
	at org.junit.platform.engine.support.hierarchical.NodeTestTask.lambda$executeRecursively$6(NodeTestTask.java:155)
	at org.junit.platform.engine.support.hierarchical.ThrowableCollector.execute(ThrowableCollector.java:73)
	at org.junit.platform.engine.support.hierarchical.NodeTestTask.lambda$executeRecursively$8(NodeTestTask.java:141)
	at org.junit.platform.engine.support.hierarchical.Node.around(Node.java:137)
	at org.junit.platform.engine.support.hierarchical.NodeTestTask.lambda$executeRecursively$9(NodeTestTask.java:139)
	at org.junit.platform.engine.support.hierarchical.ThrowableCollector.execute(ThrowableCollector.java:73)
	at org.junit.platform.engine.support.hierarchical.NodeTestTask.executeRecursively(NodeTestTask.java:138)
	at org.junit.platform.engine.support.hierarchical.NodeTestTask.execute(NodeTestTask.java:95)
	at org.junit.platform.engine.support.hierarchical.SameThreadHierarchicalTestExecutorService.submit(SameThreadHierarchicalTestExecutorService.java:35)
	at org.junit.platform.engine.support.hierarchical.HierarchicalTestExecutor.execute(HierarchicalTestExecutor.java:57)
	at org.junit.platform.engine.support.hierarchical.HierarchicalTestEngine.execute(HierarchicalTestEngine.java:54)
	at org.junit.platform.launcher.core.EngineExecutionOrchestrator.execute(EngineExecutionOrchestrator.java:107)
	at org.junit.platform.launcher.core.EngineExecutionOrchestrator.execute(EngineExecutionOrchestrator.java:88)
	at org.junit.platform.launcher.core.EngineExecutionOrchestrator.lambda$execute$0(EngineExecutionOrchestrator.java:54)
	at org.junit.platform.launcher.core.EngineExecutionOrchestrator.withInterceptedStreams(EngineExecutionOrchestrator.java:67)
	at org.junit.platform.launcher.core.EngineExecutionOrchestrator.execute(EngineExecutionOrchestrator.java:52)
	at org.junit.platform.launcher.core.DefaultLauncher.execute(DefaultLauncher.java:114)
	at org.junit.platform.launcher.core.DefaultLauncher.execute(DefaultLauncher.java:86)
	at org.junit.platform.launcher.core.DefaultLauncherSession$DelegatingLauncher.execute(DefaultLauncherSession.java:86)
	at org.junit.platform.launcher.core.SessionPerRequestLauncher.execute(SessionPerRequestLauncher.java:53)
	at org.apache.maven.surefire.junitplatform.JUnitPlatformProvider.execute(JUnitPlatformProvider.java:188)
	at org.apache.maven.surefire.junitplatform.JUnitPlatformProvider.invokeAllTests(JUnitPlatformProvider.java:154)
	at org.apache.maven.surefire.junitplatform.JUnitPlatformProvider.invoke(JUnitPlatformProvider.java:124)
	at org.apache.maven.surefire.booter.ForkedBooter.runSuitesInProcess(ForkedBooter.java:428)
	at org.apache.maven.surefire.booter.ForkedBooter.execute(ForkedBooter.java:162)
	at org.apache.maven.surefire.booter.ForkedBooter.run(ForkedBooter.java:562)
	at org.apache.maven.surefire.booter.ForkedBooter.main(ForkedBooter.java:548)
2023-10-11 09:27:25,439 [main] WARN  snapshot.SnapshotDiffManager (SnapshotDiffManager.java:getDeltaFiles(1229)) - RocksDBCheckpointDiffer is not available, falling back to slow path
2023-10-11 09:27:25,443 [main] INFO  snapshot.SnapshotDiffManager (SnapshotDiffManager.java:closeExecutorService(1720)) - Shutting down executorService: 'SnapDiffExecutor'
2023-10-11 09:27:25,443 [main] INFO  snapshot.SnapshotDiffManager (SnapshotDiffManager.java:closeExecutorService(1720)) - Shutting down executorService: 'SstDumpToolExecutor'
]]></system-out>
  </testcase>
  <testcase name="testGetDeltaFilesWithDifferThrowException(int)[8]" classname="org.apache.hadoop.ozone.om.snapshot.TestSnapshotDiffManager" time="0.06">
    <system-out><![CDATA[2023-10-11 09:27:25,467 [main] INFO  snapshot.SnapshotDiffManager (SnapshotDiffManager.java:closeExecutorService(1720)) - Shutting down executorService: 'SstDumpToolExecutor'
2023-10-11 09:27:25,468 [main] INFO  snapshot.SnapshotCache (SnapshotCache.java:lambda$1(170)) - Loading snapshot. Table key: 3183252b-241d-4a2a-8666-a82f7903d71c
2023-10-11 09:27:25,469 [main] INFO  snapshot.SnapshotCache (SnapshotCache.java:lambda$1(170)) - Loading snapshot. Table key: 55a695fb-d285-4bfc-b859-8cb1624660ab
2023-10-11 09:27:25,471 [main] WARN  snapshot.SnapshotDiffManager (SnapshotDiffManager.java:getDeltaFiles(1220)) - Failed to get SST diff file using RocksDBCheckpointDiffer. It will fallback to full diff now.
java.io.FileNotFoundException: File not found exception.
	at org.apache.ozone.rocksdiff.RocksDBCheckpointDiffer.getSSTDiffListWithFullPath(RocksDBCheckpointDiffer.java:873)
	at org.apache.hadoop.ozone.om.snapshot.SnapshotDiffManager.getDeltaFiles(SnapshotDiffManager.java:1217)
	at org.apache.hadoop.ozone.om.snapshot.TestSnapshotDiffManager.testGetDeltaFilesWithDifferThrowException(TestSnapshotDiffManager.java:580)
	at sun.reflect.NativeMethodAccessorImpl.invoke0(Native Method)
	at sun.reflect.NativeMethodAccessorImpl.invoke(NativeMethodAccessorImpl.java:62)
	at sun.reflect.DelegatingMethodAccessorImpl.invoke(DelegatingMethodAccessorImpl.java:43)
	at java.lang.reflect.Method.invoke(Method.java:498)
	at org.junit.platform.commons.util.ReflectionUtils.invokeMethod(ReflectionUtils.java:725)
	at org.junit.jupiter.engine.execution.MethodInvocation.proceed(MethodInvocation.java:60)
	at org.junit.jupiter.engine.execution.InvocationInterceptorChain$ValidatingInvocation.proceed(InvocationInterceptorChain.java:131)
	at org.junit.jupiter.engine.extension.TimeoutExtension.intercept(TimeoutExtension.java:149)
	at org.junit.jupiter.engine.extension.TimeoutExtension.interceptTestableMethod(TimeoutExtension.java:140)
	at org.junit.jupiter.engine.extension.TimeoutExtension.interceptTestTemplateMethod(TimeoutExtension.java:92)
	at org.junit.jupiter.engine.execution.ExecutableInvoker$ReflectiveInterceptorCall.lambda$ofVoidMethod$0(ExecutableInvoker.java:115)
	at org.junit.jupiter.engine.execution.ExecutableInvoker.lambda$invoke$0(ExecutableInvoker.java:105)
	at org.junit.jupiter.engine.execution.InvocationInterceptorChain$InterceptedInvocation.proceed(InvocationInterceptorChain.java:106)
	at org.junit.jupiter.engine.execution.InvocationInterceptorChain.proceed(InvocationInterceptorChain.java:64)
	at org.junit.jupiter.engine.execution.InvocationInterceptorChain.chainAndInvoke(InvocationInterceptorChain.java:45)
	at org.junit.jupiter.engine.execution.InvocationInterceptorChain.invoke(InvocationInterceptorChain.java:37)
	at org.junit.jupiter.engine.execution.ExecutableInvoker.invoke(ExecutableInvoker.java:104)
	at org.junit.jupiter.engine.execution.ExecutableInvoker.invoke(ExecutableInvoker.java:98)
	at org.junit.jupiter.engine.descriptor.TestMethodTestDescriptor.lambda$invokeTestMethod$7(TestMethodTestDescriptor.java:214)
	at org.junit.platform.engine.support.hierarchical.ThrowableCollector.execute(ThrowableCollector.java:73)
	at org.junit.jupiter.engine.descriptor.TestMethodTestDescriptor.invokeTestMethod(TestMethodTestDescriptor.java:210)
	at org.junit.jupiter.engine.descriptor.TestMethodTestDescriptor.execute(TestMethodTestDescriptor.java:135)
	at org.junit.jupiter.engine.descriptor.TestMethodTestDescriptor.execute(TestMethodTestDescriptor.java:66)
	at org.junit.platform.engine.support.hierarchical.NodeTestTask.lambda$executeRecursively$6(NodeTestTask.java:151)
	at org.junit.platform.engine.support.hierarchical.ThrowableCollector.execute(ThrowableCollector.java:73)
	at org.junit.platform.engine.support.hierarchical.NodeTestTask.lambda$executeRecursively$8(NodeTestTask.java:141)
	at org.junit.platform.engine.support.hierarchical.Node.around(Node.java:137)
	at org.junit.platform.engine.support.hierarchical.NodeTestTask.lambda$executeRecursively$9(NodeTestTask.java:139)
	at org.junit.platform.engine.support.hierarchical.ThrowableCollector.execute(ThrowableCollector.java:73)
	at org.junit.platform.engine.support.hierarchical.NodeTestTask.executeRecursively(NodeTestTask.java:138)
	at org.junit.platform.engine.support.hierarchical.NodeTestTask.execute(NodeTestTask.java:95)
	at org.junit.platform.engine.support.hierarchical.SameThreadHierarchicalTestExecutorService.submit(SameThreadHierarchicalTestExecutorService.java:35)
	at org.junit.platform.engine.support.hierarchical.NodeTestTask$DefaultDynamicTestExecutor.execute(NodeTestTask.java:226)
	at org.junit.platform.engine.support.hierarchical.NodeTestTask$DefaultDynamicTestExecutor.execute(NodeTestTask.java:204)
	at org.junit.jupiter.engine.descriptor.TestTemplateTestDescriptor.execute(TestTemplateTestDescriptor.java:139)
	at org.junit.jupiter.engine.descriptor.TestTemplateTestDescriptor.lambda$execute$2(TestTemplateTestDescriptor.java:107)
	at java.util.stream.ForEachOps$ForEachOp$OfRef.accept(ForEachOps.java:183)
	at java.util.stream.ReferencePipeline$3$1.accept(ReferencePipeline.java:193)
	at java.util.stream.ReferencePipeline$2$1.accept(ReferencePipeline.java:175)
	at java.util.stream.ReferencePipeline$3$1.accept(ReferencePipeline.java:193)
	at java.util.stream.ForEachOps$ForEachOp$OfRef.accept(ForEachOps.java:183)
	at java.util.stream.ReferencePipeline$3$1.accept(ReferencePipeline.java:193)
	at java.util.stream.ReferencePipeline$3$1.accept(ReferencePipeline.java:193)
	at java.util.stream.ReferencePipeline$3$1.accept(ReferencePipeline.java:193)
	at java.util.stream.ForEachOps$ForEachOp$OfRef.accept(ForEachOps.java:183)
	at java.util.stream.ReferencePipeline$3$1.accept(ReferencePipeline.java:193)
	at java.util.Spliterators$ArraySpliterator.forEachRemaining(Spliterators.java:948)
	at java.util.stream.AbstractPipeline.copyInto(AbstractPipeline.java:482)
	at java.util.stream.AbstractPipeline.wrapAndCopyInto(AbstractPipeline.java:472)
	at java.util.stream.ForEachOps$ForEachOp.evaluateSequential(ForEachOps.java:150)
	at java.util.stream.ForEachOps$ForEachOp$OfRef.evaluateSequential(ForEachOps.java:173)
	at java.util.stream.AbstractPipeline.evaluate(AbstractPipeline.java:234)
	at java.util.stream.ReferencePipeline.forEach(ReferencePipeline.java:485)
	at java.util.stream.ReferencePipeline$7$1.accept(ReferencePipeline.java:272)
	at java.util.stream.ReferencePipeline$3$1.accept(ReferencePipeline.java:193)
	at java.util.stream.ReferencePipeline$3$1.accept(ReferencePipeline.java:193)
	at java.util.stream.ReferencePipeline$3$1.accept(ReferencePipeline.java:193)
	at java.util.ArrayList$ArrayListSpliterator.forEachRemaining(ArrayList.java:1384)
	at java.util.stream.AbstractPipeline.copyInto(AbstractPipeline.java:482)
	at java.util.stream.AbstractPipeline.wrapAndCopyInto(AbstractPipeline.java:472)
	at java.util.stream.ForEachOps$ForEachOp.evaluateSequential(ForEachOps.java:150)
	at java.util.stream.ForEachOps$ForEachOp$OfRef.evaluateSequential(ForEachOps.java:173)
	at java.util.stream.AbstractPipeline.evaluate(AbstractPipeline.java:234)
	at java.util.stream.ReferencePipeline.forEach(ReferencePipeline.java:485)
	at java.util.stream.ReferencePipeline$7$1.accept(ReferencePipeline.java:272)
	at java.util.ArrayList$ArrayListSpliterator.forEachRemaining(ArrayList.java:1384)
	at java.util.stream.AbstractPipeline.copyInto(AbstractPipeline.java:482)
	at java.util.stream.AbstractPipeline.wrapAndCopyInto(AbstractPipeline.java:472)
	at java.util.stream.ForEachOps$ForEachOp.evaluateSequential(ForEachOps.java:150)
	at java.util.stream.ForEachOps$ForEachOp$OfRef.evaluateSequential(ForEachOps.java:173)
	at java.util.stream.AbstractPipeline.evaluate(AbstractPipeline.java:234)
	at java.util.stream.ReferencePipeline.forEach(ReferencePipeline.java:485)
	at org.junit.jupiter.engine.descriptor.TestTemplateTestDescriptor.execute(TestTemplateTestDescriptor.java:107)
	at org.junit.jupiter.engine.descriptor.TestTemplateTestDescriptor.execute(TestTemplateTestDescriptor.java:42)
	at org.junit.platform.engine.support.hierarchical.NodeTestTask.lambda$executeRecursively$6(NodeTestTask.java:151)
	at org.junit.platform.engine.support.hierarchical.ThrowableCollector.execute(ThrowableCollector.java:73)
	at org.junit.platform.engine.support.hierarchical.NodeTestTask.lambda$executeRecursively$8(NodeTestTask.java:141)
	at org.junit.platform.engine.support.hierarchical.Node.around(Node.java:137)
	at org.junit.platform.engine.support.hierarchical.NodeTestTask.lambda$executeRecursively$9(NodeTestTask.java:139)
	at org.junit.platform.engine.support.hierarchical.ThrowableCollector.execute(ThrowableCollector.java:73)
	at org.junit.platform.engine.support.hierarchical.NodeTestTask.executeRecursively(NodeTestTask.java:138)
	at org.junit.platform.engine.support.hierarchical.NodeTestTask.execute(NodeTestTask.java:95)
	at java.util.ArrayList.forEach(ArrayList.java:1259)
	at org.junit.platform.engine.support.hierarchical.SameThreadHierarchicalTestExecutorService.invokeAll(SameThreadHierarchicalTestExecutorService.java:41)
	at org.junit.platform.engine.support.hierarchical.NodeTestTask.lambda$executeRecursively$6(NodeTestTask.java:155)
	at org.junit.platform.engine.support.hierarchical.ThrowableCollector.execute(ThrowableCollector.java:73)
	at org.junit.platform.engine.support.hierarchical.NodeTestTask.lambda$executeRecursively$8(NodeTestTask.java:141)
	at org.junit.platform.engine.support.hierarchical.Node.around(Node.java:137)
	at org.junit.platform.engine.support.hierarchical.NodeTestTask.lambda$executeRecursively$9(NodeTestTask.java:139)
	at org.junit.platform.engine.support.hierarchical.ThrowableCollector.execute(ThrowableCollector.java:73)
	at org.junit.platform.engine.support.hierarchical.NodeTestTask.executeRecursively(NodeTestTask.java:138)
	at org.junit.platform.engine.support.hierarchical.NodeTestTask.execute(NodeTestTask.java:95)
	at java.util.ArrayList.forEach(ArrayList.java:1259)
	at org.junit.platform.engine.support.hierarchical.SameThreadHierarchicalTestExecutorService.invokeAll(SameThreadHierarchicalTestExecutorService.java:41)
	at org.junit.platform.engine.support.hierarchical.NodeTestTask.lambda$executeRecursively$6(NodeTestTask.java:155)
	at org.junit.platform.engine.support.hierarchical.ThrowableCollector.execute(ThrowableCollector.java:73)
	at org.junit.platform.engine.support.hierarchical.NodeTestTask.lambda$executeRecursively$8(NodeTestTask.java:141)
	at org.junit.platform.engine.support.hierarchical.Node.around(Node.java:137)
	at org.junit.platform.engine.support.hierarchical.NodeTestTask.lambda$executeRecursively$9(NodeTestTask.java:139)
	at org.junit.platform.engine.support.hierarchical.ThrowableCollector.execute(ThrowableCollector.java:73)
	at org.junit.platform.engine.support.hierarchical.NodeTestTask.executeRecursively(NodeTestTask.java:138)
	at org.junit.platform.engine.support.hierarchical.NodeTestTask.execute(NodeTestTask.java:95)
	at org.junit.platform.engine.support.hierarchical.SameThreadHierarchicalTestExecutorService.submit(SameThreadHierarchicalTestExecutorService.java:35)
	at org.junit.platform.engine.support.hierarchical.HierarchicalTestExecutor.execute(HierarchicalTestExecutor.java:57)
	at org.junit.platform.engine.support.hierarchical.HierarchicalTestEngine.execute(HierarchicalTestEngine.java:54)
	at org.junit.platform.launcher.core.EngineExecutionOrchestrator.execute(EngineExecutionOrchestrator.java:107)
	at org.junit.platform.launcher.core.EngineExecutionOrchestrator.execute(EngineExecutionOrchestrator.java:88)
	at org.junit.platform.launcher.core.EngineExecutionOrchestrator.lambda$execute$0(EngineExecutionOrchestrator.java:54)
	at org.junit.platform.launcher.core.EngineExecutionOrchestrator.withInterceptedStreams(EngineExecutionOrchestrator.java:67)
	at org.junit.platform.launcher.core.EngineExecutionOrchestrator.execute(EngineExecutionOrchestrator.java:52)
	at org.junit.platform.launcher.core.DefaultLauncher.execute(DefaultLauncher.java:114)
	at org.junit.platform.launcher.core.DefaultLauncher.execute(DefaultLauncher.java:86)
	at org.junit.platform.launcher.core.DefaultLauncherSession$DelegatingLauncher.execute(DefaultLauncherSession.java:86)
	at org.junit.platform.launcher.core.SessionPerRequestLauncher.execute(SessionPerRequestLauncher.java:53)
	at org.apache.maven.surefire.junitplatform.JUnitPlatformProvider.execute(JUnitPlatformProvider.java:188)
	at org.apache.maven.surefire.junitplatform.JUnitPlatformProvider.invokeAllTests(JUnitPlatformProvider.java:154)
	at org.apache.maven.surefire.junitplatform.JUnitPlatformProvider.invoke(JUnitPlatformProvider.java:124)
	at org.apache.maven.surefire.booter.ForkedBooter.runSuitesInProcess(ForkedBooter.java:428)
	at org.apache.maven.surefire.booter.ForkedBooter.execute(ForkedBooter.java:162)
	at org.apache.maven.surefire.booter.ForkedBooter.run(ForkedBooter.java:562)
	at org.apache.maven.surefire.booter.ForkedBooter.main(ForkedBooter.java:548)
2023-10-11 09:27:25,471 [main] WARN  snapshot.SnapshotDiffManager (SnapshotDiffManager.java:getDeltaFiles(1229)) - RocksDBCheckpointDiffer is not available, falling back to slow path
2023-10-11 09:27:25,505 [main] INFO  snapshot.SnapshotDiffManager (SnapshotDiffManager.java:closeExecutorService(1720)) - Shutting down executorService: 'SnapDiffExecutor'
2023-10-11 09:27:25,506 [main] INFO  snapshot.SnapshotDiffManager (SnapshotDiffManager.java:closeExecutorService(1720)) - Shutting down executorService: 'SstDumpToolExecutor'
]]></system-out>
  </testcase>
  <testcase name="testThreadPoolIsFull(String, long, int, int)[1]" classname="org.apache.hadoop.ozone.om.snapshot.TestSnapshotDiffManager" time="6.068">
    <system-out><![CDATA[2023-10-11 09:27:25,531 [main] INFO  snapshot.SnapshotDiffManager (SnapshotDiffManager.java:closeExecutorService(1720)) - Shutting down executorService: 'SstDumpToolExecutor'
2023-10-11 09:27:25,558 [pool-59-thread-2] INFO  snapshot.SnapshotDiffManager (SnapshotDiffManager.java:submitSnapDiffJob(732)) - Submitting snap diff report generation request for volume: volume, bucket: bucket, fromSnapshot: snap-9ad15136-3364-4423-9943-17155eaa50fe and toSnapshot: snap-5c970ef4-e116-412a-ba07-e17601c0b4f3
2023-10-11 09:27:25,572 [pool-59-thread-6] INFO  snapshot.SnapshotDiffManager (SnapshotDiffManager.java:submitSnapDiffJob(732)) - Submitting snap diff report generation request for volume: volume, bucket: bucket, fromSnapshot: snap-9ad15136-3364-4423-9943-17155eaa50fe and toSnapshot: snap-48ab7087-28f6-433d-8b27-33fe1658b301
2023-10-11 09:27:25,577 [pool-59-thread-5] INFO  snapshot.SnapshotDiffManager (SnapshotDiffManager.java:submitSnapDiffJob(732)) - Submitting snap diff report generation request for volume: volume, bucket: bucket, fromSnapshot: snap-9ad15136-3364-4423-9943-17155eaa50fe and toSnapshot: snap-b8d7f7c1-8cdf-4ad1-955b-374a5cd69c8e
2023-10-11 09:27:25,580 [pool-59-thread-4] INFO  snapshot.SnapshotDiffManager (SnapshotDiffManager.java:submitSnapDiffJob(732)) - Submitting snap diff report generation request for volume: volume, bucket: bucket, fromSnapshot: snap-9ad15136-3364-4423-9943-17155eaa50fe and toSnapshot: snap-71da3b64-14cb-4f05-a0b7-0c1c46eca1a5
2023-10-11 09:27:25,582 [pool-59-thread-3] INFO  snapshot.SnapshotDiffManager (SnapshotDiffManager.java:submitSnapDiffJob(732)) - Submitting snap diff report generation request for volume: volume, bucket: bucket, fromSnapshot: snap-9ad15136-3364-4423-9943-17155eaa50fe and toSnapshot: snap-cfb8494a-2c80-44ee-87be-14a71d677426
2023-10-11 09:27:25,585 [pool-59-thread-1] INFO  snapshot.SnapshotDiffManager (SnapshotDiffManager.java:submitSnapDiffJob(732)) - Submitting snap diff report generation request for volume: volume, bucket: bucket, fromSnapshot: snap-9ad15136-3364-4423-9943-17155eaa50fe and toSnapshot: snap-b6e0ce9d-2a7b-4688-b6fd-7ec7160412e2
2023-10-11 09:27:25,590 [pool-59-thread-7] INFO  snapshot.SnapshotDiffManager (SnapshotDiffManager.java:submitSnapDiffJob(732)) - Submitting snap diff report generation request for volume: volume, bucket: bucket, fromSnapshot: snap-9ad15136-3364-4423-9943-17155eaa50fe and toSnapshot: snap-2122d198-6101-4d45-a0e3-3d410fd40dee
2023-10-11 09:27:25,592 [pool-59-thread-8] INFO  snapshot.SnapshotDiffManager (SnapshotDiffManager.java:submitSnapDiffJob(732)) - Submitting snap diff report generation request for volume: volume, bucket: bucket, fromSnapshot: snap-9ad15136-3364-4423-9943-17155eaa50fe and toSnapshot: snap-851fe00f-f753-4893-a943-196c04feb212
2023-10-11 09:27:25,597 [pool-59-thread-9] INFO  snapshot.SnapshotDiffManager (SnapshotDiffManager.java:submitSnapDiffJob(732)) - Submitting snap diff report generation request for volume: volume, bucket: bucket, fromSnapshot: snap-9ad15136-3364-4423-9943-17155eaa50fe and toSnapshot: snap-86a8a324-d297-499b-9cbc-3314f9b9ab7d
2023-10-11 09:27:26,054 [pool-59-thread-10] INFO  snapshot.SnapshotDiffManager (SnapshotDiffManager.java:submitSnapDiffJob(732)) - Submitting snap diff report generation request for volume: volume, bucket: bucket, fromSnapshot: snap-b6e0ce9d-2a7b-4688-b6fd-7ec7160412e2 and toSnapshot: snap-5c970ef4-e116-412a-ba07-e17601c0b4f3
2023-10-11 09:27:26,068 [pool-59-thread-12] INFO  snapshot.SnapshotDiffManager (SnapshotDiffManager.java:submitSnapDiffJob(732)) - Submitting snap diff report generation request for volume: volume, bucket: bucket, fromSnapshot: snap-b6e0ce9d-2a7b-4688-b6fd-7ec7160412e2 and toSnapshot: snap-71da3b64-14cb-4f05-a0b7-0c1c46eca1a5
2023-10-11 09:27:26,071 [pool-59-thread-11] INFO  snapshot.SnapshotDiffManager (SnapshotDiffManager.java:submitSnapDiffJob(732)) - Submitting snap diff report generation request for volume: volume, bucket: bucket, fromSnapshot: snap-b6e0ce9d-2a7b-4688-b6fd-7ec7160412e2 and toSnapshot: snap-cfb8494a-2c80-44ee-87be-14a71d677426
2023-10-11 09:27:26,072 [pool-59-thread-15] INFO  snapshot.SnapshotDiffManager (SnapshotDiffManager.java:submitSnapDiffJob(732)) - Submitting snap diff report generation request for volume: volume, bucket: bucket, fromSnapshot: snap-b6e0ce9d-2a7b-4688-b6fd-7ec7160412e2 and toSnapshot: snap-2122d198-6101-4d45-a0e3-3d410fd40dee
2023-10-11 09:27:26,074 [pool-59-thread-14] INFO  snapshot.SnapshotDiffManager (SnapshotDiffManager.java:submitSnapDiffJob(732)) - Submitting snap diff report generation request for volume: volume, bucket: bucket, fromSnapshot: snap-b6e0ce9d-2a7b-4688-b6fd-7ec7160412e2 and toSnapshot: snap-48ab7087-28f6-433d-8b27-33fe1658b301
2023-10-11 09:27:26,076 [pool-59-thread-13] INFO  snapshot.SnapshotDiffManager (SnapshotDiffManager.java:submitSnapDiffJob(732)) - Submitting snap diff report generation request for volume: volume, bucket: bucket, fromSnapshot: snap-b6e0ce9d-2a7b-4688-b6fd-7ec7160412e2 and toSnapshot: snap-b8d7f7c1-8cdf-4ad1-955b-374a5cd69c8e
2023-10-11 09:27:26,078 [pool-59-thread-17] INFO  snapshot.SnapshotDiffManager (SnapshotDiffManager.java:submitSnapDiffJob(732)) - Submitting snap diff report generation request for volume: volume, bucket: bucket, fromSnapshot: snap-b6e0ce9d-2a7b-4688-b6fd-7ec7160412e2 and toSnapshot: snap-86a8a324-d297-499b-9cbc-3314f9b9ab7d
2023-10-11 09:27:26,079 [pool-59-thread-16] INFO  snapshot.SnapshotDiffManager (SnapshotDiffManager.java:submitSnapDiffJob(732)) - Submitting snap diff report generation request for volume: volume, bucket: bucket, fromSnapshot: snap-b6e0ce9d-2a7b-4688-b6fd-7ec7160412e2 and toSnapshot: snap-851fe00f-f753-4893-a943-196c04feb212
2023-10-11 09:27:26,565 [pool-59-thread-18] INFO  snapshot.SnapshotDiffManager (SnapshotDiffManager.java:submitSnapDiffJob(732)) - Submitting snap diff report generation request for volume: volume, bucket: bucket, fromSnapshot: snap-5c970ef4-e116-412a-ba07-e17601c0b4f3 and toSnapshot: snap-cfb8494a-2c80-44ee-87be-14a71d677426
2023-10-11 09:27:26,566 [pool-59-thread-19] INFO  snapshot.SnapshotDiffManager (SnapshotDiffManager.java:submitSnapDiffJob(732)) - Submitting snap diff report generation request for volume: volume, bucket: bucket, fromSnapshot: snap-5c970ef4-e116-412a-ba07-e17601c0b4f3 and toSnapshot: snap-71da3b64-14cb-4f05-a0b7-0c1c46eca1a5
2023-10-11 09:27:26,568 [pool-59-thread-22] INFO  snapshot.SnapshotDiffManager (SnapshotDiffManager.java:submitSnapDiffJob(732)) - Submitting snap diff report generation request for volume: volume, bucket: bucket, fromSnapshot: snap-5c970ef4-e116-412a-ba07-e17601c0b4f3 and toSnapshot: snap-2122d198-6101-4d45-a0e3-3d410fd40dee
2023-10-11 09:27:26,573 [pool-59-thread-20] INFO  snapshot.SnapshotDiffManager (SnapshotDiffManager.java:submitSnapDiffJob(732)) - Submitting snap diff report generation request for volume: volume, bucket: bucket, fromSnapshot: snap-5c970ef4-e116-412a-ba07-e17601c0b4f3 and toSnapshot: snap-b8d7f7c1-8cdf-4ad1-955b-374a5cd69c8e
2023-10-11 09:27:26,574 [pool-59-thread-23] INFO  snapshot.SnapshotDiffManager (SnapshotDiffManager.java:submitSnapDiffJob(732)) - Submitting snap diff report generation request for volume: volume, bucket: bucket, fromSnapshot: snap-5c970ef4-e116-412a-ba07-e17601c0b4f3 and toSnapshot: snap-851fe00f-f753-4893-a943-196c04feb212
2023-10-11 09:27:26,576 [pool-59-thread-21] INFO  snapshot.SnapshotDiffManager (SnapshotDiffManager.java:submitSnapDiffJob(732)) - Submitting snap diff report generation request for volume: volume, bucket: bucket, fromSnapshot: snap-5c970ef4-e116-412a-ba07-e17601c0b4f3 and toSnapshot: snap-48ab7087-28f6-433d-8b27-33fe1658b301
2023-10-11 09:27:26,578 [pool-59-thread-24] INFO  snapshot.SnapshotDiffManager (SnapshotDiffManager.java:submitSnapDiffJob(732)) - Submitting snap diff report generation request for volume: volume, bucket: bucket, fromSnapshot: snap-5c970ef4-e116-412a-ba07-e17601c0b4f3 and toSnapshot: snap-86a8a324-d297-499b-9cbc-3314f9b9ab7d
2023-10-11 09:27:27,068 [pool-59-thread-25] INFO  snapshot.SnapshotDiffManager (SnapshotDiffManager.java:submitSnapDiffJob(732)) - Submitting snap diff report generation request for volume: volume, bucket: bucket, fromSnapshot: snap-cfb8494a-2c80-44ee-87be-14a71d677426 and toSnapshot: snap-71da3b64-14cb-4f05-a0b7-0c1c46eca1a5
2023-10-11 09:27:27,074 [pool-59-thread-26] INFO  snapshot.SnapshotDiffManager (SnapshotDiffManager.java:submitSnapDiffJob(732)) - Submitting snap diff report generation request for volume: volume, bucket: bucket, fromSnapshot: snap-cfb8494a-2c80-44ee-87be-14a71d677426 and toSnapshot: snap-b8d7f7c1-8cdf-4ad1-955b-374a5cd69c8e
2023-10-11 09:27:27,078 [pool-59-thread-27] INFO  snapshot.SnapshotDiffManager (SnapshotDiffManager.java:submitSnapDiffJob(732)) - Submitting snap diff report generation request for volume: volume, bucket: bucket, fromSnapshot: snap-cfb8494a-2c80-44ee-87be-14a71d677426 and toSnapshot: snap-48ab7087-28f6-433d-8b27-33fe1658b301
2023-10-11 09:27:27,080 [pool-59-thread-30] INFO  snapshot.SnapshotDiffManager (SnapshotDiffManager.java:submitSnapDiffJob(732)) - Submitting snap diff report generation request for volume: volume, bucket: bucket, fromSnapshot: snap-cfb8494a-2c80-44ee-87be-14a71d677426 and toSnapshot: snap-86a8a324-d297-499b-9cbc-3314f9b9ab7d
2023-10-11 09:27:27,081 [pool-59-thread-28] INFO  snapshot.SnapshotDiffManager (SnapshotDiffManager.java:submitSnapDiffJob(732)) - Submitting snap diff report generation request for volume: volume, bucket: bucket, fromSnapshot: snap-cfb8494a-2c80-44ee-87be-14a71d677426 and toSnapshot: snap-2122d198-6101-4d45-a0e3-3d410fd40dee
2023-10-11 09:27:27,084 [pool-59-thread-29] INFO  snapshot.SnapshotDiffManager (SnapshotDiffManager.java:submitSnapDiffJob(732)) - Submitting snap diff report generation request for volume: volume, bucket: bucket, fromSnapshot: snap-cfb8494a-2c80-44ee-87be-14a71d677426 and toSnapshot: snap-851fe00f-f753-4893-a943-196c04feb212
2023-10-11 09:27:27,573 [pool-59-thread-32] INFO  snapshot.SnapshotDiffManager (SnapshotDiffManager.java:submitSnapDiffJob(732)) - Submitting snap diff report generation request for volume: volume, bucket: bucket, fromSnapshot: snap-71da3b64-14cb-4f05-a0b7-0c1c46eca1a5 and toSnapshot: snap-48ab7087-28f6-433d-8b27-33fe1658b301
2023-10-11 09:27:27,574 [pool-59-thread-33] INFO  snapshot.SnapshotDiffManager (SnapshotDiffManager.java:submitSnapDiffJob(732)) - Submitting snap diff report generation request for volume: volume, bucket: bucket, fromSnapshot: snap-71da3b64-14cb-4f05-a0b7-0c1c46eca1a5 and toSnapshot: snap-2122d198-6101-4d45-a0e3-3d410fd40dee
2023-10-11 09:27:27,577 [pool-59-thread-31] INFO  snapshot.SnapshotDiffManager (SnapshotDiffManager.java:submitSnapDiffJob(732)) - Submitting snap diff report generation request for volume: volume, bucket: bucket, fromSnapshot: snap-71da3b64-14cb-4f05-a0b7-0c1c46eca1a5 and toSnapshot: snap-b8d7f7c1-8cdf-4ad1-955b-374a5cd69c8e
2023-10-11 09:27:27,583 [pool-59-thread-35] INFO  snapshot.SnapshotDiffManager (SnapshotDiffManager.java:submitSnapDiffJob(732)) - Submitting snap diff report generation request for volume: volume, bucket: bucket, fromSnapshot: snap-71da3b64-14cb-4f05-a0b7-0c1c46eca1a5 and toSnapshot: snap-86a8a324-d297-499b-9cbc-3314f9b9ab7d
2023-10-11 09:27:27,589 [pool-59-thread-34] INFO  snapshot.SnapshotDiffManager (SnapshotDiffManager.java:submitSnapDiffJob(732)) - Submitting snap diff report generation request for volume: volume, bucket: bucket, fromSnapshot: snap-71da3b64-14cb-4f05-a0b7-0c1c46eca1a5 and toSnapshot: snap-851fe00f-f753-4893-a943-196c04feb212
2023-10-11 09:27:28,073 [pool-59-thread-36] INFO  snapshot.SnapshotDiffManager (SnapshotDiffManager.java:submitSnapDiffJob(732)) - Submitting snap diff report generation request for volume: volume, bucket: bucket, fromSnapshot: snap-b8d7f7c1-8cdf-4ad1-955b-374a5cd69c8e and toSnapshot: snap-48ab7087-28f6-433d-8b27-33fe1658b301
2023-10-11 09:27:28,077 [pool-59-thread-38] INFO  snapshot.SnapshotDiffManager (SnapshotDiffManager.java:submitSnapDiffJob(732)) - Submitting snap diff report generation request for volume: volume, bucket: bucket, fromSnapshot: snap-b8d7f7c1-8cdf-4ad1-955b-374a5cd69c8e and toSnapshot: snap-851fe00f-f753-4893-a943-196c04feb212
2023-10-11 09:27:28,079 [pool-59-thread-39] INFO  snapshot.SnapshotDiffManager (SnapshotDiffManager.java:submitSnapDiffJob(732)) - Submitting snap diff report generation request for volume: volume, bucket: bucket, fromSnapshot: snap-b8d7f7c1-8cdf-4ad1-955b-374a5cd69c8e and toSnapshot: snap-86a8a324-d297-499b-9cbc-3314f9b9ab7d
2023-10-11 09:27:28,081 [pool-59-thread-37] INFO  snapshot.SnapshotDiffManager (SnapshotDiffManager.java:submitSnapDiffJob(732)) - Submitting snap diff report generation request for volume: volume, bucket: bucket, fromSnapshot: snap-b8d7f7c1-8cdf-4ad1-955b-374a5cd69c8e and toSnapshot: snap-2122d198-6101-4d45-a0e3-3d410fd40dee
2023-10-11 09:27:28,578 [pool-59-thread-41] INFO  snapshot.SnapshotDiffManager (SnapshotDiffManager.java:submitSnapDiffJob(732)) - Submitting snap diff report generation request for volume: volume, bucket: bucket, fromSnapshot: snap-48ab7087-28f6-433d-8b27-33fe1658b301 and toSnapshot: snap-851fe00f-f753-4893-a943-196c04feb212
2023-10-11 09:27:28,579 [pool-59-thread-40] INFO  snapshot.SnapshotDiffManager (SnapshotDiffManager.java:submitSnapDiffJob(732)) - Submitting snap diff report generation request for volume: volume, bucket: bucket, fromSnapshot: snap-48ab7087-28f6-433d-8b27-33fe1658b301 and toSnapshot: snap-2122d198-6101-4d45-a0e3-3d410fd40dee
2023-10-11 09:27:28,585 [pool-59-thread-42] INFO  snapshot.SnapshotDiffManager (SnapshotDiffManager.java:submitSnapDiffJob(732)) - Submitting snap diff report generation request for volume: volume, bucket: bucket, fromSnapshot: snap-48ab7087-28f6-433d-8b27-33fe1658b301 and toSnapshot: snap-86a8a324-d297-499b-9cbc-3314f9b9ab7d
2023-10-11 09:27:29,074 [pool-59-thread-43] INFO  snapshot.SnapshotDiffManager (SnapshotDiffManager.java:submitSnapDiffJob(732)) - Submitting snap diff report generation request for volume: volume, bucket: bucket, fromSnapshot: snap-2122d198-6101-4d45-a0e3-3d410fd40dee and toSnapshot: snap-851fe00f-f753-4893-a943-196c04feb212
2023-10-11 09:27:29,080 [pool-59-thread-44] INFO  snapshot.SnapshotDiffManager (SnapshotDiffManager.java:submitSnapDiffJob(732)) - Submitting snap diff report generation request for volume: volume, bucket: bucket, fromSnapshot: snap-2122d198-6101-4d45-a0e3-3d410fd40dee and toSnapshot: snap-86a8a324-d297-499b-9cbc-3314f9b9ab7d
2023-10-11 09:27:29,574 [pool-59-thread-45] INFO  snapshot.SnapshotDiffManager (SnapshotDiffManager.java:submitSnapDiffJob(732)) - Submitting snap diff report generation request for volume: volume, bucket: bucket, fromSnapshot: snap-851fe00f-f753-4893-a943-196c04feb212 and toSnapshot: snap-86a8a324-d297-499b-9cbc-3314f9b9ab7d
2023-10-11 09:27:31,580 [main] INFO  snapshot.SnapshotDiffManager (SnapshotDiffManager.java:closeExecutorService(1720)) - Shutting down executorService: 'SnapDiffExecutor'
2023-10-11 09:27:31,581 [main] INFO  snapshot.SnapshotDiffManager (SnapshotDiffManager.java:closeExecutorService(1720)) - Shutting down executorService: 'SstDumpToolExecutor'
]]></system-out>
  </testcase>
  <testcase name="testThreadPoolIsFull(String, long, int, int)[2]" classname="org.apache.hadoop.ozone.om.snapshot.TestSnapshotDiffManager" time="1.129">
    <system-out><![CDATA[2023-10-11 09:27:31,607 [main] INFO  snapshot.SnapshotDiffManager (SnapshotDiffManager.java:closeExecutorService(1720)) - Shutting down executorService: 'SstDumpToolExecutor'
2023-10-11 09:27:31,633 [pool-62-thread-1] INFO  snapshot.SnapshotDiffManager (SnapshotDiffManager.java:submitSnapDiffJob(732)) - Submitting snap diff report generation request for volume: volume, bucket: bucket, fromSnapshot: snap-3fbae2af-593e-481e-b13b-85ccaed99dd3 and toSnapshot: snap-575514fb-113b-4f79-95b2-b2b93c9c52af
2023-10-11 09:27:31,637 [pool-62-thread-8] INFO  snapshot.SnapshotDiffManager (SnapshotDiffManager.java:submitSnapDiffJob(732)) - Submitting snap diff report generation request for volume: volume, bucket: bucket, fromSnapshot: snap-3fbae2af-593e-481e-b13b-85ccaed99dd3 and toSnapshot: snap-0336a916-19d4-43d4-9758-e3704dcda001
2023-10-11 09:27:31,675 [pool-62-thread-7] INFO  snapshot.SnapshotDiffManager (SnapshotDiffManager.java:submitSnapDiffJob(732)) - Submitting snap diff report generation request for volume: volume, bucket: bucket, fromSnapshot: snap-3fbae2af-593e-481e-b13b-85ccaed99dd3 and toSnapshot: snap-7566bd44-cf22-43ad-a66d-51c1128f9666
2023-10-11 09:27:31,687 [pool-62-thread-5] INFO  snapshot.SnapshotDiffManager (SnapshotDiffManager.java:submitSnapDiffJob(732)) - Submitting snap diff report generation request for volume: volume, bucket: bucket, fromSnapshot: snap-3fbae2af-593e-481e-b13b-85ccaed99dd3 and toSnapshot: snap-16fa1be3-23d9-41ed-ae51-f6d209ed27e3
2023-10-11 09:27:31,689 [pool-62-thread-3] INFO  snapshot.SnapshotDiffManager (SnapshotDiffManager.java:submitSnapDiffJob(732)) - Submitting snap diff report generation request for volume: volume, bucket: bucket, fromSnapshot: snap-3fbae2af-593e-481e-b13b-85ccaed99dd3 and toSnapshot: snap-8994eca7-c63e-4291-a9bd-983730e9a8fb
2023-10-11 09:27:31,698 [pool-62-thread-4] INFO  snapshot.SnapshotDiffManager (SnapshotDiffManager.java:submitSnapDiffJob(732)) - Submitting snap diff report generation request for volume: volume, bucket: bucket, fromSnapshot: snap-3fbae2af-593e-481e-b13b-85ccaed99dd3 and toSnapshot: snap-efb37fcd-d83c-4956-8576-2cda82373b20
2023-10-11 09:27:31,702 [pool-62-thread-2] INFO  snapshot.SnapshotDiffManager (SnapshotDiffManager.java:submitSnapDiffJob(732)) - Submitting snap diff report generation request for volume: volume, bucket: bucket, fromSnapshot: snap-3fbae2af-593e-481e-b13b-85ccaed99dd3 and toSnapshot: snap-9217bb32-61a2-4d6c-8e01-64519989f758
2023-10-11 09:27:31,705 [pool-62-thread-42] INFO  snapshot.SnapshotDiffManager (SnapshotDiffManager.java:submitSnapDiffJob(732)) - Submitting snap diff report generation request for volume: volume, bucket: bucket, fromSnapshot: snap-30696b61-59a4-482d-a74c-6c7cdbc32f79 and toSnapshot: snap-037ba7bd-e4f0-409a-a043-084441dfd449
2023-10-11 09:27:31,708 [pool-62-thread-41] INFO  snapshot.SnapshotDiffManager (SnapshotDiffManager.java:submitSnapDiffJob(732)) - Submitting snap diff report generation request for volume: volume, bucket: bucket, fromSnapshot: snap-30696b61-59a4-482d-a74c-6c7cdbc32f79 and toSnapshot: snap-0336a916-19d4-43d4-9758-e3704dcda001
2023-10-11 09:27:31,711 [pool-62-thread-40] INFO  snapshot.SnapshotDiffManager (SnapshotDiffManager.java:submitSnapDiffJob(732)) - Submitting snap diff report generation request for volume: volume, bucket: bucket, fromSnapshot: snap-30696b61-59a4-482d-a74c-6c7cdbc32f79 and toSnapshot: snap-7566bd44-cf22-43ad-a66d-51c1128f9666
2023-10-11 09:27:31,714 [pool-62-thread-39] INFO  snapshot.SnapshotDiffManager (SnapshotDiffManager.java:submitSnapDiffJob(732)) - Submitting snap diff report generation request for volume: volume, bucket: bucket, fromSnapshot: snap-16fa1be3-23d9-41ed-ae51-f6d209ed27e3 and toSnapshot: snap-037ba7bd-e4f0-409a-a043-084441dfd449
2023-10-11 09:27:31,716 [pool-62-thread-38] INFO  snapshot.SnapshotDiffManager (SnapshotDiffManager.java:submitSnapDiffJob(732)) - Submitting snap diff report generation request for volume: volume, bucket: bucket, fromSnapshot: snap-16fa1be3-23d9-41ed-ae51-f6d209ed27e3 and toSnapshot: snap-0336a916-19d4-43d4-9758-e3704dcda001
2023-10-11 09:27:31,717 [pool-62-thread-37] INFO  snapshot.SnapshotDiffManager (SnapshotDiffManager.java:submitSnapDiffJob(732)) - Submitting snap diff report generation request for volume: volume, bucket: bucket, fromSnapshot: snap-16fa1be3-23d9-41ed-ae51-f6d209ed27e3 and toSnapshot: snap-7566bd44-cf22-43ad-a66d-51c1128f9666
2023-10-11 09:27:31,718 [pool-62-thread-36] INFO  snapshot.SnapshotDiffManager (SnapshotDiffManager.java:submitSnapDiffJob(732)) - Submitting snap diff report generation request for volume: volume, bucket: bucket, fromSnapshot: snap-16fa1be3-23d9-41ed-ae51-f6d209ed27e3 and toSnapshot: snap-30696b61-59a4-482d-a74c-6c7cdbc32f79
2023-10-11 09:27:31,719 [pool-62-thread-35] INFO  snapshot.SnapshotDiffManager (SnapshotDiffManager.java:submitSnapDiffJob(732)) - Submitting snap diff report generation request for volume: volume, bucket: bucket, fromSnapshot: snap-efb37fcd-d83c-4956-8576-2cda82373b20 and toSnapshot: snap-037ba7bd-e4f0-409a-a043-084441dfd449
2023-10-11 09:27:31,721 [pool-62-thread-17] INFO  snapshot.SnapshotDiffManager (SnapshotDiffManager.java:submitSnapDiffJob(732)) - Submitting snap diff report generation request for volume: volume, bucket: bucket, fromSnapshot: snap-575514fb-113b-4f79-95b2-b2b93c9c52af and toSnapshot: snap-037ba7bd-e4f0-409a-a043-084441dfd449
2023-10-11 09:27:31,722 [pool-62-thread-27] INFO  snapshot.SnapshotDiffManager (SnapshotDiffManager.java:submitSnapDiffJob(732)) - Submitting snap diff report generation request for volume: volume, bucket: bucket, fromSnapshot: snap-8994eca7-c63e-4291-a9bd-983730e9a8fb and toSnapshot: snap-30696b61-59a4-482d-a74c-6c7cdbc32f79
2023-10-11 09:27:31,723 [pool-62-thread-29] INFO  snapshot.SnapshotDiffManager (SnapshotDiffManager.java:submitSnapDiffJob(732)) - Submitting snap diff report generation request for volume: volume, bucket: bucket, fromSnapshot: snap-8994eca7-c63e-4291-a9bd-983730e9a8fb and toSnapshot: snap-0336a916-19d4-43d4-9758-e3704dcda001
2023-10-11 09:27:31,724 [pool-62-thread-30] INFO  snapshot.SnapshotDiffManager (SnapshotDiffManager.java:submitSnapDiffJob(732)) - Submitting snap diff report generation request for volume: volume, bucket: bucket, fromSnapshot: snap-8994eca7-c63e-4291-a9bd-983730e9a8fb and toSnapshot: snap-037ba7bd-e4f0-409a-a043-084441dfd449
2023-10-11 09:27:31,725 [pool-62-thread-31] INFO  snapshot.SnapshotDiffManager (SnapshotDiffManager.java:submitSnapDiffJob(732)) - Submitting snap diff report generation request for volume: volume, bucket: bucket, fromSnapshot: snap-efb37fcd-d83c-4956-8576-2cda82373b20 and toSnapshot: snap-16fa1be3-23d9-41ed-ae51-f6d209ed27e3
2023-10-11 09:27:31,727 [pool-62-thread-28] INFO  snapshot.SnapshotDiffManager (SnapshotDiffManager.java:submitSnapDiffJob(732)) - Submitting snap diff report generation request for volume: volume, bucket: bucket, fromSnapshot: snap-8994eca7-c63e-4291-a9bd-983730e9a8fb and toSnapshot: snap-7566bd44-cf22-43ad-a66d-51c1128f9666
2023-10-11 09:27:31,727 [pool-62-thread-28] INFO  snapshot.SnapshotDiffManager (SnapshotDiffManager.java:submitSnapDiffJob(757)) - Exceeded the snapDiff parallel requests progressing limit. Removed the jobKey: 8994eca7-c63e-4291-a9bd-983730e9a8fb-7566bd44-cf22-43ad-a66d-51c1128f9666. Please retry after 60000.
2023-10-11 09:27:31,728 [pool-62-thread-33] INFO  snapshot.SnapshotDiffManager (SnapshotDiffManager.java:submitSnapDiffJob(732)) - Submitting snap diff report generation request for volume: volume, bucket: bucket, fromSnapshot: snap-efb37fcd-d83c-4956-8576-2cda82373b20 and toSnapshot: snap-7566bd44-cf22-43ad-a66d-51c1128f9666
2023-10-11 09:27:31,729 [pool-62-thread-33] INFO  snapshot.SnapshotDiffManager (SnapshotDiffManager.java:submitSnapDiffJob(757)) - Exceeded the snapDiff parallel requests progressing limit. Removed the jobKey: efb37fcd-d83c-4956-8576-2cda82373b20-7566bd44-cf22-43ad-a66d-51c1128f9666. Please retry after 60000.
2023-10-11 09:27:31,729 [pool-62-thread-32] INFO  snapshot.SnapshotDiffManager (SnapshotDiffManager.java:submitSnapDiffJob(732)) - Submitting snap diff report generation request for volume: volume, bucket: bucket, fromSnapshot: snap-efb37fcd-d83c-4956-8576-2cda82373b20 and toSnapshot: snap-30696b61-59a4-482d-a74c-6c7cdbc32f79
2023-10-11 09:27:31,730 [pool-62-thread-32] INFO  snapshot.SnapshotDiffManager (SnapshotDiffManager.java:submitSnapDiffJob(757)) - Exceeded the snapDiff parallel requests progressing limit. Removed the jobKey: efb37fcd-d83c-4956-8576-2cda82373b20-30696b61-59a4-482d-a74c-6c7cdbc32f79. Please retry after 60000.
2023-10-11 09:27:31,731 [pool-62-thread-34] INFO  snapshot.SnapshotDiffManager (SnapshotDiffManager.java:submitSnapDiffJob(732)) - Submitting snap diff report generation request for volume: volume, bucket: bucket, fromSnapshot: snap-efb37fcd-d83c-4956-8576-2cda82373b20 and toSnapshot: snap-0336a916-19d4-43d4-9758-e3704dcda001
2023-10-11 09:27:31,731 [pool-62-thread-34] INFO  snapshot.SnapshotDiffManager (SnapshotDiffManager.java:submitSnapDiffJob(757)) - Exceeded the snapDiff parallel requests progressing limit. Removed the jobKey: efb37fcd-d83c-4956-8576-2cda82373b20-0336a916-19d4-43d4-9758-e3704dcda001. Please retry after 60000.
2023-10-11 09:27:31,732 [pool-62-thread-26] INFO  snapshot.SnapshotDiffManager (SnapshotDiffManager.java:submitSnapDiffJob(732)) - Submitting snap diff report generation request for volume: volume, bucket: bucket, fromSnapshot: snap-8994eca7-c63e-4291-a9bd-983730e9a8fb and toSnapshot: snap-16fa1be3-23d9-41ed-ae51-f6d209ed27e3
2023-10-11 09:27:31,732 [pool-62-thread-26] INFO  snapshot.SnapshotDiffManager (SnapshotDiffManager.java:submitSnapDiffJob(757)) - Exceeded the snapDiff parallel requests progressing limit. Removed the jobKey: 8994eca7-c63e-4291-a9bd-983730e9a8fb-16fa1be3-23d9-41ed-ae51-f6d209ed27e3. Please retry after 60000.
2023-10-11 09:27:31,733 [pool-62-thread-25] INFO  snapshot.SnapshotDiffManager (SnapshotDiffManager.java:submitSnapDiffJob(732)) - Submitting snap diff report generation request for volume: volume, bucket: bucket, fromSnapshot: snap-8994eca7-c63e-4291-a9bd-983730e9a8fb and toSnapshot: snap-efb37fcd-d83c-4956-8576-2cda82373b20
2023-10-11 09:27:31,733 [pool-62-thread-25] INFO  snapshot.SnapshotDiffManager (SnapshotDiffManager.java:submitSnapDiffJob(757)) - Exceeded the snapDiff parallel requests progressing limit. Removed the jobKey: 8994eca7-c63e-4291-a9bd-983730e9a8fb-efb37fcd-d83c-4956-8576-2cda82373b20. Please retry after 60000.
2023-10-11 09:27:31,734 [pool-62-thread-24] INFO  snapshot.SnapshotDiffManager (SnapshotDiffManager.java:submitSnapDiffJob(732)) - Submitting snap diff report generation request for volume: volume, bucket: bucket, fromSnapshot: snap-9217bb32-61a2-4d6c-8e01-64519989f758 and toSnapshot: snap-037ba7bd-e4f0-409a-a043-084441dfd449
2023-10-11 09:27:31,735 [pool-62-thread-24] INFO  snapshot.SnapshotDiffManager (SnapshotDiffManager.java:submitSnapDiffJob(757)) - Exceeded the snapDiff parallel requests progressing limit. Removed the jobKey: 9217bb32-61a2-4d6c-8e01-64519989f758-037ba7bd-e4f0-409a-a043-084441dfd449. Please retry after 60000.
2023-10-11 09:27:31,736 [pool-62-thread-23] INFO  snapshot.SnapshotDiffManager (SnapshotDiffManager.java:submitSnapDiffJob(732)) - Submitting snap diff report generation request for volume: volume, bucket: bucket, fromSnapshot: snap-9217bb32-61a2-4d6c-8e01-64519989f758 and toSnapshot: snap-0336a916-19d4-43d4-9758-e3704dcda001
2023-10-11 09:27:31,736 [pool-62-thread-23] INFO  snapshot.SnapshotDiffManager (SnapshotDiffManager.java:submitSnapDiffJob(757)) - Exceeded the snapDiff parallel requests progressing limit. Removed the jobKey: 9217bb32-61a2-4d6c-8e01-64519989f758-0336a916-19d4-43d4-9758-e3704dcda001. Please retry after 60000.
2023-10-11 09:27:31,737 [pool-62-thread-22] INFO  snapshot.SnapshotDiffManager (SnapshotDiffManager.java:submitSnapDiffJob(732)) - Submitting snap diff report generation request for volume: volume, bucket: bucket, fromSnapshot: snap-9217bb32-61a2-4d6c-8e01-64519989f758 and toSnapshot: snap-7566bd44-cf22-43ad-a66d-51c1128f9666
2023-10-11 09:27:31,737 [pool-62-thread-22] INFO  snapshot.SnapshotDiffManager (SnapshotDiffManager.java:submitSnapDiffJob(757)) - Exceeded the snapDiff parallel requests progressing limit. Removed the jobKey: 9217bb32-61a2-4d6c-8e01-64519989f758-7566bd44-cf22-43ad-a66d-51c1128f9666. Please retry after 60000.
2023-10-11 09:27:31,741 [pool-62-thread-21] INFO  snapshot.SnapshotDiffManager (SnapshotDiffManager.java:submitSnapDiffJob(732)) - Submitting snap diff report generation request for volume: volume, bucket: bucket, fromSnapshot: snap-9217bb32-61a2-4d6c-8e01-64519989f758 and toSnapshot: snap-30696b61-59a4-482d-a74c-6c7cdbc32f79
2023-10-11 09:27:31,741 [pool-62-thread-21] INFO  snapshot.SnapshotDiffManager (SnapshotDiffManager.java:submitSnapDiffJob(757)) - Exceeded the snapDiff parallel requests progressing limit. Removed the jobKey: 9217bb32-61a2-4d6c-8e01-64519989f758-30696b61-59a4-482d-a74c-6c7cdbc32f79. Please retry after 60000.
2023-10-11 09:27:31,742 [pool-62-thread-20] INFO  snapshot.SnapshotDiffManager (SnapshotDiffManager.java:submitSnapDiffJob(732)) - Submitting snap diff report generation request for volume: volume, bucket: bucket, fromSnapshot: snap-9217bb32-61a2-4d6c-8e01-64519989f758 and toSnapshot: snap-16fa1be3-23d9-41ed-ae51-f6d209ed27e3
2023-10-11 09:27:31,743 [pool-62-thread-20] INFO  snapshot.SnapshotDiffManager (SnapshotDiffManager.java:submitSnapDiffJob(757)) - Exceeded the snapDiff parallel requests progressing limit. Removed the jobKey: 9217bb32-61a2-4d6c-8e01-64519989f758-16fa1be3-23d9-41ed-ae51-f6d209ed27e3. Please retry after 60000.
2023-10-11 09:27:31,744 [pool-62-thread-19] INFO  snapshot.SnapshotDiffManager (SnapshotDiffManager.java:submitSnapDiffJob(732)) - Submitting snap diff report generation request for volume: volume, bucket: bucket, fromSnapshot: snap-9217bb32-61a2-4d6c-8e01-64519989f758 and toSnapshot: snap-efb37fcd-d83c-4956-8576-2cda82373b20
2023-10-11 09:27:31,744 [pool-62-thread-19] INFO  snapshot.SnapshotDiffManager (SnapshotDiffManager.java:submitSnapDiffJob(757)) - Exceeded the snapDiff parallel requests progressing limit. Removed the jobKey: 9217bb32-61a2-4d6c-8e01-64519989f758-efb37fcd-d83c-4956-8576-2cda82373b20. Please retry after 60000.
2023-10-11 09:27:31,745 [pool-62-thread-15] INFO  snapshot.SnapshotDiffManager (SnapshotDiffManager.java:submitSnapDiffJob(732)) - Submitting snap diff report generation request for volume: volume, bucket: bucket, fromSnapshot: snap-575514fb-113b-4f79-95b2-b2b93c9c52af and toSnapshot: snap-7566bd44-cf22-43ad-a66d-51c1128f9666
2023-10-11 09:27:31,745 [pool-62-thread-15] INFO  snapshot.SnapshotDiffManager (SnapshotDiffManager.java:submitSnapDiffJob(757)) - Exceeded the snapDiff parallel requests progressing limit. Removed the jobKey: 575514fb-113b-4f79-95b2-b2b93c9c52af-7566bd44-cf22-43ad-a66d-51c1128f9666. Please retry after 60000.
2023-10-11 09:27:31,746 [pool-62-thread-14] INFO  snapshot.SnapshotDiffManager (SnapshotDiffManager.java:submitSnapDiffJob(732)) - Submitting snap diff report generation request for volume: volume, bucket: bucket, fromSnapshot: snap-575514fb-113b-4f79-95b2-b2b93c9c52af and toSnapshot: snap-30696b61-59a4-482d-a74c-6c7cdbc32f79
2023-10-11 09:27:31,746 [pool-62-thread-14] INFO  snapshot.SnapshotDiffManager (SnapshotDiffManager.java:submitSnapDiffJob(757)) - Exceeded the snapDiff parallel requests progressing limit. Removed the jobKey: 575514fb-113b-4f79-95b2-b2b93c9c52af-30696b61-59a4-482d-a74c-6c7cdbc32f79. Please retry after 60000.
2023-10-11 09:27:31,748 [pool-62-thread-18] INFO  snapshot.SnapshotDiffManager (SnapshotDiffManager.java:submitSnapDiffJob(732)) - Submitting snap diff report generation request for volume: volume, bucket: bucket, fromSnapshot: snap-9217bb32-61a2-4d6c-8e01-64519989f758 and toSnapshot: snap-8994eca7-c63e-4291-a9bd-983730e9a8fb
2023-10-11 09:27:31,748 [pool-62-thread-18] INFO  snapshot.SnapshotDiffManager (SnapshotDiffManager.java:submitSnapDiffJob(757)) - Exceeded the snapDiff parallel requests progressing limit. Removed the jobKey: 9217bb32-61a2-4d6c-8e01-64519989f758-8994eca7-c63e-4291-a9bd-983730e9a8fb. Please retry after 60000.
2023-10-11 09:27:31,749 [pool-62-thread-16] INFO  snapshot.SnapshotDiffManager (SnapshotDiffManager.java:submitSnapDiffJob(732)) - Submitting snap diff report generation request for volume: volume, bucket: bucket, fromSnapshot: snap-575514fb-113b-4f79-95b2-b2b93c9c52af and toSnapshot: snap-0336a916-19d4-43d4-9758-e3704dcda001
2023-10-11 09:27:31,750 [pool-62-thread-16] INFO  snapshot.SnapshotDiffManager (SnapshotDiffManager.java:submitSnapDiffJob(757)) - Exceeded the snapDiff parallel requests progressing limit. Removed the jobKey: 575514fb-113b-4f79-95b2-b2b93c9c52af-0336a916-19d4-43d4-9758-e3704dcda001. Please retry after 60000.
2023-10-11 09:27:31,751 [pool-62-thread-12] INFO  snapshot.SnapshotDiffManager (SnapshotDiffManager.java:submitSnapDiffJob(732)) - Submitting snap diff report generation request for volume: volume, bucket: bucket, fromSnapshot: snap-575514fb-113b-4f79-95b2-b2b93c9c52af and toSnapshot: snap-efb37fcd-d83c-4956-8576-2cda82373b20
2023-10-11 09:27:31,751 [pool-62-thread-12] INFO  snapshot.SnapshotDiffManager (SnapshotDiffManager.java:submitSnapDiffJob(757)) - Exceeded the snapDiff parallel requests progressing limit. Removed the jobKey: 575514fb-113b-4f79-95b2-b2b93c9c52af-efb37fcd-d83c-4956-8576-2cda82373b20. Please retry after 60000.
2023-10-11 09:27:31,752 [pool-62-thread-11] INFO  snapshot.SnapshotDiffManager (SnapshotDiffManager.java:submitSnapDiffJob(732)) - Submitting snap diff report generation request for volume: volume, bucket: bucket, fromSnapshot: snap-575514fb-113b-4f79-95b2-b2b93c9c52af and toSnapshot: snap-8994eca7-c63e-4291-a9bd-983730e9a8fb
2023-10-11 09:27:31,752 [pool-62-thread-11] INFO  snapshot.SnapshotDiffManager (SnapshotDiffManager.java:submitSnapDiffJob(757)) - Exceeded the snapDiff parallel requests progressing limit. Removed the jobKey: 575514fb-113b-4f79-95b2-b2b93c9c52af-8994eca7-c63e-4291-a9bd-983730e9a8fb. Please retry after 60000.
2023-10-11 09:27:31,753 [pool-62-thread-10] INFO  snapshot.SnapshotDiffManager (SnapshotDiffManager.java:submitSnapDiffJob(732)) - Submitting snap diff report generation request for volume: volume, bucket: bucket, fromSnapshot: snap-575514fb-113b-4f79-95b2-b2b93c9c52af and toSnapshot: snap-9217bb32-61a2-4d6c-8e01-64519989f758
2023-10-11 09:27:31,753 [pool-62-thread-10] INFO  snapshot.SnapshotDiffManager (SnapshotDiffManager.java:submitSnapDiffJob(757)) - Exceeded the snapDiff parallel requests progressing limit. Removed the jobKey: 575514fb-113b-4f79-95b2-b2b93c9c52af-9217bb32-61a2-4d6c-8e01-64519989f758. Please retry after 60000.
2023-10-11 09:27:31,754 [pool-62-thread-9] INFO  snapshot.SnapshotDiffManager (SnapshotDiffManager.java:submitSnapDiffJob(732)) - Submitting snap diff report generation request for volume: volume, bucket: bucket, fromSnapshot: snap-3fbae2af-593e-481e-b13b-85ccaed99dd3 and toSnapshot: snap-037ba7bd-e4f0-409a-a043-084441dfd449
2023-10-11 09:27:31,754 [pool-62-thread-9] INFO  snapshot.SnapshotDiffManager (SnapshotDiffManager.java:submitSnapDiffJob(757)) - Exceeded the snapDiff parallel requests progressing limit. Removed the jobKey: 3fbae2af-593e-481e-b13b-85ccaed99dd3-037ba7bd-e4f0-409a-a043-084441dfd449. Please retry after 60000.
2023-10-11 09:27:31,755 [pool-62-thread-6] INFO  snapshot.SnapshotDiffManager (SnapshotDiffManager.java:submitSnapDiffJob(732)) - Submitting snap diff report generation request for volume: volume, bucket: bucket, fromSnapshot: snap-3fbae2af-593e-481e-b13b-85ccaed99dd3 and toSnapshot: snap-30696b61-59a4-482d-a74c-6c7cdbc32f79
2023-10-11 09:27:31,755 [pool-62-thread-6] INFO  snapshot.SnapshotDiffManager (SnapshotDiffManager.java:submitSnapDiffJob(757)) - Exceeded the snapDiff parallel requests progressing limit. Removed the jobKey: 3fbae2af-593e-481e-b13b-85ccaed99dd3-30696b61-59a4-482d-a74c-6c7cdbc32f79. Please retry after 60000.
2023-10-11 09:27:31,756 [pool-62-thread-13] INFO  snapshot.SnapshotDiffManager (SnapshotDiffManager.java:submitSnapDiffJob(732)) - Submitting snap diff report generation request for volume: volume, bucket: bucket, fromSnapshot: snap-575514fb-113b-4f79-95b2-b2b93c9c52af and toSnapshot: snap-16fa1be3-23d9-41ed-ae51-f6d209ed27e3
2023-10-11 09:27:31,756 [pool-62-thread-13] INFO  snapshot.SnapshotDiffManager (SnapshotDiffManager.java:submitSnapDiffJob(757)) - Exceeded the snapDiff parallel requests progressing limit. Removed the jobKey: 575514fb-113b-4f79-95b2-b2b93c9c52af-16fa1be3-23d9-41ed-ae51-f6d209ed27e3. Please retry after 60000.
2023-10-11 09:27:31,757 [pool-62-thread-45] INFO  snapshot.SnapshotDiffManager (SnapshotDiffManager.java:submitSnapDiffJob(732)) - Submitting snap diff report generation request for volume: volume, bucket: bucket, fromSnapshot: snap-0336a916-19d4-43d4-9758-e3704dcda001 and toSnapshot: snap-037ba7bd-e4f0-409a-a043-084441dfd449
2023-10-11 09:27:31,758 [pool-62-thread-45] INFO  snapshot.SnapshotDiffManager (SnapshotDiffManager.java:submitSnapDiffJob(757)) - Exceeded the snapDiff parallel requests progressing limit. Removed the jobKey: 0336a916-19d4-43d4-9758-e3704dcda001-037ba7bd-e4f0-409a-a043-084441dfd449. Please retry after 60000.
2023-10-11 09:27:31,759 [pool-62-thread-44] INFO  snapshot.SnapshotDiffManager (SnapshotDiffManager.java:submitSnapDiffJob(732)) - Submitting snap diff report generation request for volume: volume, bucket: bucket, fromSnapshot: snap-7566bd44-cf22-43ad-a66d-51c1128f9666 and toSnapshot: snap-037ba7bd-e4f0-409a-a043-084441dfd449
2023-10-11 09:27:31,759 [pool-62-thread-44] INFO  snapshot.SnapshotDiffManager (SnapshotDiffManager.java:submitSnapDiffJob(757)) - Exceeded the snapDiff parallel requests progressing limit. Removed the jobKey: 7566bd44-cf22-43ad-a66d-51c1128f9666-037ba7bd-e4f0-409a-a043-084441dfd449. Please retry after 60000.
2023-10-11 09:27:31,760 [pool-62-thread-43] INFO  snapshot.SnapshotDiffManager (SnapshotDiffManager.java:submitSnapDiffJob(732)) - Submitting snap diff report generation request for volume: volume, bucket: bucket, fromSnapshot: snap-7566bd44-cf22-43ad-a66d-51c1128f9666 and toSnapshot: snap-0336a916-19d4-43d4-9758-e3704dcda001
2023-10-11 09:27:31,760 [pool-62-thread-43] INFO  snapshot.SnapshotDiffManager (SnapshotDiffManager.java:submitSnapDiffJob(757)) - Exceeded the snapDiff parallel requests progressing limit. Removed the jobKey: 7566bd44-cf22-43ad-a66d-51c1128f9666-0336a916-19d4-43d4-9758-e3704dcda001. Please retry after 60000.
2023-10-11 09:27:32,709 [main] INFO  snapshot.SnapshotDiffManager (SnapshotDiffManager.java:closeExecutorService(1720)) - Shutting down executorService: 'SnapDiffExecutor'
2023-10-11 09:27:32,710 [main] INFO  snapshot.SnapshotDiffManager (SnapshotDiffManager.java:closeExecutorService(1720)) - Shutting down executorService: 'SstDumpToolExecutor'
]]></system-out>
  </testcase>
  <testcase name="testGetDeltaFilesWithFullDiff(int, boolean)[1]" classname="org.apache.hadoop.ozone.om.snapshot.TestSnapshotDiffManager" time="0.034">
    <system-out><![CDATA[2023-10-11 09:27:32,744 [main] INFO  snapshot.SnapshotDiffManager (SnapshotDiffManager.java:closeExecutorService(1720)) - Shutting down executorService: 'SstDumpToolExecutor'
2023-10-11 09:27:32,746 [main] INFO  snapshot.SnapshotCache (SnapshotCache.java:lambda$1(170)) - Loading snapshot. Table key: cbdb4163-c40f-4cb7-b899-9c264c753d05
2023-10-11 09:27:32,747 [main] INFO  snapshot.SnapshotCache (SnapshotCache.java:lambda$1(170)) - Loading snapshot. Table key: 8b995327-787e-450c-8ce1-29d4c006fbaa
2023-10-11 09:27:32,748 [main] WARN  snapshot.SnapshotDiffManager (SnapshotDiffManager.java:getDeltaFiles(1229)) - RocksDBCheckpointDiffer is not available, falling back to slow path
2023-10-11 09:27:32,750 [main] INFO  snapshot.SnapshotDiffManager (SnapshotDiffManager.java:closeExecutorService(1720)) - Shutting down executorService: 'SnapDiffExecutor'
2023-10-11 09:27:32,750 [main] INFO  snapshot.SnapshotDiffManager (SnapshotDiffManager.java:closeExecutorService(1720)) - Shutting down executorService: 'SstDumpToolExecutor'
]]></system-out>
  </testcase>
  <testcase name="testGetDeltaFilesWithFullDiff(int, boolean)[2]" classname="org.apache.hadoop.ozone.om.snapshot.TestSnapshotDiffManager" time="0.037">
    <system-out><![CDATA[2023-10-11 09:27:32,780 [main] INFO  snapshot.SnapshotDiffManager (SnapshotDiffManager.java:closeExecutorService(1720)) - Shutting down executorService: 'SstDumpToolExecutor'
2023-10-11 09:27:32,781 [main] INFO  snapshot.SnapshotCache (SnapshotCache.java:lambda$1(170)) - Loading snapshot. Table key: 2280f902-70ed-4c5a-b01f-6b3083e02769
2023-10-11 09:27:32,781 [main] INFO  snapshot.SnapshotCache (SnapshotCache.java:lambda$1(170)) - Loading snapshot. Table key: b12d72ab-30b2-48a8-b190-18e883f15045
2023-10-11 09:27:32,782 [main] WARN  snapshot.SnapshotDiffManager (SnapshotDiffManager.java:getDeltaFiles(1229)) - RocksDBCheckpointDiffer is not available, falling back to slow path
2023-10-11 09:27:32,788 [main] INFO  snapshot.SnapshotDiffManager (SnapshotDiffManager.java:closeExecutorService(1720)) - Shutting down executorService: 'SnapDiffExecutor'
2023-10-11 09:27:32,789 [main] INFO  snapshot.SnapshotDiffManager (SnapshotDiffManager.java:closeExecutorService(1720)) - Shutting down executorService: 'SstDumpToolExecutor'
]]></system-out>
  </testcase>
  <testcase name="testGetDeltaFilesWithFullDiff(int, boolean)[3]" classname="org.apache.hadoop.ozone.om.snapshot.TestSnapshotDiffManager" time="0.028">
    <system-out><![CDATA[2023-10-11 09:27:32,816 [main] INFO  snapshot.SnapshotDiffManager (SnapshotDiffManager.java:closeExecutorService(1720)) - Shutting down executorService: 'SstDumpToolExecutor'
2023-10-11 09:27:32,817 [main] INFO  snapshot.SnapshotCache (SnapshotCache.java:lambda$1(170)) - Loading snapshot. Table key: bfb8a1d1-2f8e-4c7a-8d08-5dadf1abb2ab
2023-10-11 09:27:32,819 [main] INFO  snapshot.SnapshotCache (SnapshotCache.java:lambda$1(170)) - Loading snapshot. Table key: 52ac95bf-cbba-4036-b4fe-17b7a480a42e
2023-10-11 09:27:32,820 [main] WARN  snapshot.SnapshotDiffManager (SnapshotDiffManager.java:getDeltaFiles(1229)) - RocksDBCheckpointDiffer is not available, falling back to slow path
2023-10-11 09:27:32,821 [main] INFO  snapshot.SnapshotDiffManager (SnapshotDiffManager.java:closeExecutorService(1720)) - Shutting down executorService: 'SnapDiffExecutor'
2023-10-11 09:27:32,821 [main] INFO  snapshot.SnapshotDiffManager (SnapshotDiffManager.java:closeExecutorService(1720)) - Shutting down executorService: 'SstDumpToolExecutor'
]]></system-out>
  </testcase>
  <testcase name="testGetDeltaFilesWithFullDiff(int, boolean)[4]" classname="org.apache.hadoop.ozone.om.snapshot.TestSnapshotDiffManager" time="0.031">
    <system-out><![CDATA[2023-10-11 09:27:32,847 [main] INFO  snapshot.SnapshotDiffManager (SnapshotDiffManager.java:closeExecutorService(1720)) - Shutting down executorService: 'SstDumpToolExecutor'
2023-10-11 09:27:32,849 [main] INFO  snapshot.SnapshotCache (SnapshotCache.java:lambda$1(170)) - Loading snapshot. Table key: fd0241f7-6f07-4014-b031-7f5ea2ed9e71
2023-10-11 09:27:32,849 [main] INFO  snapshot.SnapshotCache (SnapshotCache.java:lambda$1(170)) - Loading snapshot. Table key: b9ccced1-b6f6-46bf-b310-26bb41c707b8
2023-10-11 09:27:32,853 [main] WARN  snapshot.SnapshotDiffManager (SnapshotDiffManager.java:getDeltaFiles(1229)) - RocksDBCheckpointDiffer is not available, falling back to slow path
2023-10-11 09:27:32,854 [main] INFO  snapshot.SnapshotDiffManager (SnapshotDiffManager.java:closeExecutorService(1720)) - Shutting down executorService: 'SnapDiffExecutor'
2023-10-11 09:27:32,854 [main] INFO  snapshot.SnapshotDiffManager (SnapshotDiffManager.java:closeExecutorService(1720)) - Shutting down executorService: 'SstDumpToolExecutor'
]]></system-out>
  </testcase>
  <testcase name="testGetDeltaFilesWithFullDiff(int, boolean)[5]" classname="org.apache.hadoop.ozone.om.snapshot.TestSnapshotDiffManager" time="0.032">
    <system-out><![CDATA[2023-10-11 09:27:32,882 [main] INFO  snapshot.SnapshotDiffManager (SnapshotDiffManager.java:closeExecutorService(1720)) - Shutting down executorService: 'SstDumpToolExecutor'
2023-10-11 09:27:32,884 [main] INFO  snapshot.SnapshotCache (SnapshotCache.java:lambda$1(170)) - Loading snapshot. Table key: ec88b63a-6a6f-458b-bf7e-478d6e5649b4
2023-10-11 09:27:32,885 [main] INFO  snapshot.SnapshotCache (SnapshotCache.java:lambda$1(170)) - Loading snapshot. Table key: 6b5998c3-aab8-4e21-82cb-23ea2bdd0bce
2023-10-11 09:27:32,887 [main] WARN  snapshot.SnapshotDiffManager (SnapshotDiffManager.java:getDeltaFiles(1229)) - RocksDBCheckpointDiffer is not available, falling back to slow path
2023-10-11 09:27:32,888 [main] INFO  snapshot.SnapshotDiffManager (SnapshotDiffManager.java:closeExecutorService(1720)) - Shutting down executorService: 'SnapDiffExecutor'
2023-10-11 09:27:32,888 [main] INFO  snapshot.SnapshotDiffManager (SnapshotDiffManager.java:closeExecutorService(1720)) - Shutting down executorService: 'SstDumpToolExecutor'
]]></system-out>
  </testcase>
  <testcase name="testGetDeltaFilesWithFullDiff(int, boolean)[6]" classname="org.apache.hadoop.ozone.om.snapshot.TestSnapshotDiffManager" time="0.029">
    <system-out><![CDATA[2023-10-11 09:27:32,911 [main] INFO  snapshot.SnapshotDiffManager (SnapshotDiffManager.java:closeExecutorService(1720)) - Shutting down executorService: 'SstDumpToolExecutor'
2023-10-11 09:27:32,912 [main] INFO  snapshot.SnapshotCache (SnapshotCache.java:lambda$1(170)) - Loading snapshot. Table key: 19637d92-26da-4bf8-aeb7-9c8d9aba5bb1
2023-10-11 09:27:32,913 [main] INFO  snapshot.SnapshotCache (SnapshotCache.java:lambda$1(170)) - Loading snapshot. Table key: 4c0e1f65-0bd1-403b-9d76-db191d51b25d
2023-10-11 09:27:32,919 [main] WARN  snapshot.SnapshotDiffManager (SnapshotDiffManager.java:getDeltaFiles(1229)) - RocksDBCheckpointDiffer is not available, falling back to slow path
2023-10-11 09:27:32,921 [main] INFO  snapshot.SnapshotDiffManager (SnapshotDiffManager.java:closeExecutorService(1720)) - Shutting down executorService: 'SnapDiffExecutor'
2023-10-11 09:27:32,921 [main] INFO  snapshot.SnapshotDiffManager (SnapshotDiffManager.java:closeExecutorService(1720)) - Shutting down executorService: 'SstDumpToolExecutor'
]]></system-out>
  </testcase>
  <testcase name="testGetDeltaFilesWithFullDiff(int, boolean)[7]" classname="org.apache.hadoop.ozone.om.snapshot.TestSnapshotDiffManager" time="0.03">
    <system-out><![CDATA[2023-10-11 09:27:32,948 [main] INFO  snapshot.SnapshotDiffManager (SnapshotDiffManager.java:closeExecutorService(1720)) - Shutting down executorService: 'SstDumpToolExecutor'
2023-10-11 09:27:32,949 [main] INFO  snapshot.SnapshotCache (SnapshotCache.java:lambda$1(170)) - Loading snapshot. Table key: c0593432-d04c-4139-a0c4-8e74126859e7
2023-10-11 09:27:32,950 [main] INFO  snapshot.SnapshotCache (SnapshotCache.java:lambda$1(170)) - Loading snapshot. Table key: edab1f85-bd01-4b5d-b399-0e1a9a468718
2023-10-11 09:27:32,951 [main] WARN  snapshot.SnapshotDiffManager (SnapshotDiffManager.java:getDeltaFiles(1229)) - RocksDBCheckpointDiffer is not available, falling back to slow path
2023-10-11 09:27:32,954 [main] INFO  snapshot.SnapshotDiffManager (SnapshotDiffManager.java:closeExecutorService(1720)) - Shutting down executorService: 'SnapDiffExecutor'
2023-10-11 09:27:32,955 [main] INFO  snapshot.SnapshotDiffManager (SnapshotDiffManager.java:closeExecutorService(1720)) - Shutting down executorService: 'SstDumpToolExecutor'
]]></system-out>
  </testcase>
  <testcase name="testGetDeltaFilesWithFullDiff(int, boolean)[8]" classname="org.apache.hadoop.ozone.om.snapshot.TestSnapshotDiffManager" time="0.046">
    <system-out><![CDATA[2023-10-11 09:27:32,976 [main] INFO  snapshot.SnapshotDiffManager (SnapshotDiffManager.java:closeExecutorService(1720)) - Shutting down executorService: 'SstDumpToolExecutor'
2023-10-11 09:27:32,977 [main] INFO  snapshot.SnapshotCache (SnapshotCache.java:lambda$1(170)) - Loading snapshot. Table key: f4cf4980-70cc-4344-a5fb-1c26f70792de
2023-10-11 09:27:32,979 [main] INFO  snapshot.SnapshotCache (SnapshotCache.java:lambda$1(170)) - Loading snapshot. Table key: 84bab960-15fc-4969-a840-869d2718dd89
2023-10-11 09:27:32,980 [main] WARN  snapshot.SnapshotDiffManager (SnapshotDiffManager.java:getDeltaFiles(1229)) - RocksDBCheckpointDiffer is not available, falling back to slow path
2023-10-11 09:27:33,000 [main] INFO  snapshot.SnapshotDiffManager (SnapshotDiffManager.java:closeExecutorService(1720)) - Shutting down executorService: 'SnapDiffExecutor'
2023-10-11 09:27:33,001 [main] INFO  snapshot.SnapshotDiffManager (SnapshotDiffManager.java:closeExecutorService(1720)) - Shutting down executorService: 'SstDumpToolExecutor'
]]></system-out>
  </testcase>
  <testcase name="testGetDeltaFilesWithFullDiff(int, boolean)[9]" classname="org.apache.hadoop.ozone.om.snapshot.TestSnapshotDiffManager" time="0.031">
    <system-out><![CDATA[2023-10-11 09:27:33,033 [main] INFO  snapshot.SnapshotDiffManager (SnapshotDiffManager.java:closeExecutorService(1720)) - Shutting down executorService: 'SstDumpToolExecutor'
2023-10-11 09:27:33,035 [main] INFO  snapshot.SnapshotCache (SnapshotCache.java:lambda$1(170)) - Loading snapshot. Table key: bf39ee33-7879-460a-a16c-89c56effd974
2023-10-11 09:27:33,035 [main] INFO  snapshot.SnapshotCache (SnapshotCache.java:lambda$1(170)) - Loading snapshot. Table key: a78921b4-4172-4b53-9f74-88371c1ee524
2023-10-11 09:27:33,036 [main] WARN  snapshot.SnapshotDiffManager (SnapshotDiffManager.java:getDeltaFiles(1229)) - RocksDBCheckpointDiffer is not available, falling back to slow path
2023-10-11 09:27:33,037 [main] INFO  snapshot.SnapshotDiffManager (SnapshotDiffManager.java:closeExecutorService(1720)) - Shutting down executorService: 'SnapDiffExecutor'
2023-10-11 09:27:33,037 [main] INFO  snapshot.SnapshotDiffManager (SnapshotDiffManager.java:closeExecutorService(1720)) - Shutting down executorService: 'SstDumpToolExecutor'
]]></system-out>
  </testcase>
  <testcase name="testGetDeltaFilesWithFullDiff(int, boolean)[10]" classname="org.apache.hadoop.ozone.om.snapshot.TestSnapshotDiffManager" time="0.029">
    <system-out><![CDATA[2023-10-11 09:27:33,063 [main] INFO  snapshot.SnapshotDiffManager (SnapshotDiffManager.java:closeExecutorService(1720)) - Shutting down executorService: 'SstDumpToolExecutor'
2023-10-11 09:27:33,064 [main] INFO  snapshot.SnapshotCache (SnapshotCache.java:lambda$1(170)) - Loading snapshot. Table key: 34297bd8-5018-4578-8b92-ade496b850e8
2023-10-11 09:27:33,065 [main] INFO  snapshot.SnapshotCache (SnapshotCache.java:lambda$1(170)) - Loading snapshot. Table key: 75efcc27-d3ed-4665-b45a-d0e59c5f1d34
2023-10-11 09:27:33,067 [main] WARN  snapshot.SnapshotDiffManager (SnapshotDiffManager.java:getDeltaFiles(1229)) - RocksDBCheckpointDiffer is not available, falling back to slow path
2023-10-11 09:27:33,068 [main] INFO  snapshot.SnapshotDiffManager (SnapshotDiffManager.java:closeExecutorService(1720)) - Shutting down executorService: 'SnapDiffExecutor'
2023-10-11 09:27:33,068 [main] INFO  snapshot.SnapshotDiffManager (SnapshotDiffManager.java:closeExecutorService(1720)) - Shutting down executorService: 'SstDumpToolExecutor'
]]></system-out>
  </testcase>
  <testcase name="testGetDeltaFilesWithFullDiff(int, boolean)[11]" classname="org.apache.hadoop.ozone.om.snapshot.TestSnapshotDiffManager" time="0.027">
    <system-out><![CDATA[2023-10-11 09:27:33,091 [main] INFO  snapshot.SnapshotDiffManager (SnapshotDiffManager.java:closeExecutorService(1720)) - Shutting down executorService: 'SstDumpToolExecutor'
2023-10-11 09:27:33,092 [main] INFO  snapshot.SnapshotCache (SnapshotCache.java:lambda$1(170)) - Loading snapshot. Table key: 3112c1be-6b0e-4c4f-9e60-140a94d6c62a
2023-10-11 09:27:33,093 [main] INFO  snapshot.SnapshotCache (SnapshotCache.java:lambda$1(170)) - Loading snapshot. Table key: c899bf86-ff77-44b5-9cd0-41c12258c7ce
2023-10-11 09:27:33,094 [main] WARN  snapshot.SnapshotDiffManager (SnapshotDiffManager.java:getDeltaFiles(1229)) - RocksDBCheckpointDiffer is not available, falling back to slow path
2023-10-11 09:27:33,095 [main] INFO  snapshot.SnapshotDiffManager (SnapshotDiffManager.java:closeExecutorService(1720)) - Shutting down executorService: 'SnapDiffExecutor'
2023-10-11 09:27:33,097 [main] INFO  snapshot.SnapshotDiffManager (SnapshotDiffManager.java:closeExecutorService(1720)) - Shutting down executorService: 'SstDumpToolExecutor'
]]></system-out>
  </testcase>
  <testcase name="testGetDeltaFilesWithFullDiff(int, boolean)[12]" classname="org.apache.hadoop.ozone.om.snapshot.TestSnapshotDiffManager" time="0.03">
    <system-out><![CDATA[2023-10-11 09:27:33,123 [main] INFO  snapshot.SnapshotDiffManager (SnapshotDiffManager.java:closeExecutorService(1720)) - Shutting down executorService: 'SstDumpToolExecutor'
2023-10-11 09:27:33,126 [main] INFO  snapshot.SnapshotCache (SnapshotCache.java:lambda$1(170)) - Loading snapshot. Table key: db2405b0-c097-4a7c-b59f-1ae3980eb4a7
2023-10-11 09:27:33,126 [main] INFO  snapshot.SnapshotCache (SnapshotCache.java:lambda$1(170)) - Loading snapshot. Table key: eb885fba-0af6-4051-befa-39eb4da63501
2023-10-11 09:27:33,127 [main] WARN  snapshot.SnapshotDiffManager (SnapshotDiffManager.java:getDeltaFiles(1229)) - RocksDBCheckpointDiffer is not available, falling back to slow path
2023-10-11 09:27:33,128 [main] INFO  snapshot.SnapshotDiffManager (SnapshotDiffManager.java:closeExecutorService(1720)) - Shutting down executorService: 'SnapDiffExecutor'
2023-10-11 09:27:33,129 [main] INFO  snapshot.SnapshotDiffManager (SnapshotDiffManager.java:closeExecutorService(1720)) - Shutting down executorService: 'SstDumpToolExecutor'
]]></system-out>
  </testcase>
  <testcase name="testGetDeltaFilesWithFullDiff(int, boolean)[13]" classname="org.apache.hadoop.ozone.om.snapshot.TestSnapshotDiffManager" time="0.025">
    <system-out><![CDATA[2023-10-11 09:27:33,151 [main] INFO  snapshot.SnapshotDiffManager (SnapshotDiffManager.java:closeExecutorService(1720)) - Shutting down executorService: 'SstDumpToolExecutor'
2023-10-11 09:27:33,152 [main] INFO  snapshot.SnapshotCache (SnapshotCache.java:lambda$1(170)) - Loading snapshot. Table key: 9af05fc1-9038-4155-af2d-8cd34e881a25
2023-10-11 09:27:33,153 [main] INFO  snapshot.SnapshotCache (SnapshotCache.java:lambda$1(170)) - Loading snapshot. Table key: 2dbcc37a-8218-464e-af88-747841176ed3
2023-10-11 09:27:33,154 [main] WARN  snapshot.SnapshotDiffManager (SnapshotDiffManager.java:getDeltaFiles(1229)) - RocksDBCheckpointDiffer is not available, falling back to slow path
2023-10-11 09:27:33,156 [main] INFO  snapshot.SnapshotDiffManager (SnapshotDiffManager.java:closeExecutorService(1720)) - Shutting down executorService: 'SnapDiffExecutor'
2023-10-11 09:27:33,156 [main] INFO  snapshot.SnapshotDiffManager (SnapshotDiffManager.java:closeExecutorService(1720)) - Shutting down executorService: 'SstDumpToolExecutor'
]]></system-out>
  </testcase>
  <testcase name="testGetDeltaFilesWithFullDiff(int, boolean)[14]" classname="org.apache.hadoop.ozone.om.snapshot.TestSnapshotDiffManager" time="0.033">
    <system-out><![CDATA[2023-10-11 09:27:33,186 [main] INFO  snapshot.SnapshotDiffManager (SnapshotDiffManager.java:closeExecutorService(1720)) - Shutting down executorService: 'SstDumpToolExecutor'
2023-10-11 09:27:33,188 [main] INFO  snapshot.SnapshotCache (SnapshotCache.java:lambda$1(170)) - Loading snapshot. Table key: 0d7f64eb-d5ad-41f4-b820-ac0115e995b2
2023-10-11 09:27:33,188 [main] INFO  snapshot.SnapshotCache (SnapshotCache.java:lambda$1(170)) - Loading snapshot. Table key: ecc6cd29-bc24-4aad-9f51-444745fa1ea9
2023-10-11 09:27:33,189 [main] WARN  snapshot.SnapshotDiffManager (SnapshotDiffManager.java:getDeltaFiles(1229)) - RocksDBCheckpointDiffer is not available, falling back to slow path
2023-10-11 09:27:33,193 [main] INFO  snapshot.SnapshotDiffManager (SnapshotDiffManager.java:closeExecutorService(1720)) - Shutting down executorService: 'SnapDiffExecutor'
2023-10-11 09:27:33,193 [main] INFO  snapshot.SnapshotDiffManager (SnapshotDiffManager.java:closeExecutorService(1720)) - Shutting down executorService: 'SstDumpToolExecutor'
]]></system-out>
  </testcase>
  <testcase name="testGetDeltaFilesWithFullDiff(int, boolean)[15]" classname="org.apache.hadoop.ozone.om.snapshot.TestSnapshotDiffManager" time="0.039">
    <system-out><![CDATA[2023-10-11 09:27:33,224 [main] INFO  snapshot.SnapshotDiffManager (SnapshotDiffManager.java:closeExecutorService(1720)) - Shutting down executorService: 'SstDumpToolExecutor'
2023-10-11 09:27:33,225 [main] INFO  snapshot.SnapshotCache (SnapshotCache.java:lambda$1(170)) - Loading snapshot. Table key: eb1c44c7-84d6-4613-a9e4-f436a2a0ae56
2023-10-11 09:27:33,228 [main] INFO  snapshot.SnapshotCache (SnapshotCache.java:lambda$1(170)) - Loading snapshot. Table key: 657cd24f-c171-4cde-8532-1dee51157b23
2023-10-11 09:27:33,230 [main] WARN  snapshot.SnapshotDiffManager (SnapshotDiffManager.java:getDeltaFiles(1229)) - RocksDBCheckpointDiffer is not available, falling back to slow path
2023-10-11 09:27:33,234 [main] INFO  snapshot.SnapshotDiffManager (SnapshotDiffManager.java:closeExecutorService(1720)) - Shutting down executorService: 'SnapDiffExecutor'
2023-10-11 09:27:33,234 [main] INFO  snapshot.SnapshotDiffManager (SnapshotDiffManager.java:closeExecutorService(1720)) - Shutting down executorService: 'SstDumpToolExecutor'
]]></system-out>
  </testcase>
  <testcase name="testGetDeltaFilesWithFullDiff(int, boolean)[16]" classname="org.apache.hadoop.ozone.om.snapshot.TestSnapshotDiffManager" time="0.046">
    <system-out><![CDATA[2023-10-11 09:27:33,259 [main] INFO  snapshot.SnapshotDiffManager (SnapshotDiffManager.java:closeExecutorService(1720)) - Shutting down executorService: 'SstDumpToolExecutor'
2023-10-11 09:27:33,261 [main] INFO  snapshot.SnapshotCache (SnapshotCache.java:lambda$1(170)) - Loading snapshot. Table key: 4c686860-54c5-4376-ab4d-14d4aa674a59
2023-10-11 09:27:33,262 [main] INFO  snapshot.SnapshotCache (SnapshotCache.java:lambda$1(170)) - Loading snapshot. Table key: 7caefc45-3f2a-42c7-84eb-a9a1a711e087
2023-10-11 09:27:33,263 [main] WARN  snapshot.SnapshotDiffManager (SnapshotDiffManager.java:getDeltaFiles(1229)) - RocksDBCheckpointDiffer is not available, falling back to slow path
2023-10-11 09:27:33,281 [main] INFO  snapshot.SnapshotDiffManager (SnapshotDiffManager.java:closeExecutorService(1720)) - Shutting down executorService: 'SnapDiffExecutor'
2023-10-11 09:27:33,282 [main] INFO  snapshot.SnapshotDiffManager (SnapshotDiffManager.java:closeExecutorService(1720)) - Shutting down executorService: 'SstDumpToolExecutor'
]]></system-out>
  </testcase>
  <testcase name="testGenerateDiffReport" classname="org.apache.hadoop.ozone.om.snapshot.TestSnapshotDiffManager" time="0.337">
    <system-out><![CDATA[2023-10-11 09:27:33,309 [main] INFO  snapshot.SnapshotDiffManager (SnapshotDiffManager.java:closeExecutorService(1720)) - Shutting down executorService: 'SstDumpToolExecutor'
2023-10-11 09:27:33,463 [main] INFO  snapshot.SnapshotDiffManager (SnapshotDiffManager.java:generateDiffReport(1305)) - Starting diff report generation for jobId: jobId.
2023-10-11 09:27:33,623 [main] INFO  snapshot.SnapshotDiffManager (SnapshotDiffManager.java:closeExecutorService(1720)) - Shutting down executorService: 'SnapDiffExecutor'
2023-10-11 09:27:33,624 [main] INFO  snapshot.SnapshotDiffManager (SnapshotDiffManager.java:closeExecutorService(1720)) - Shutting down executorService: 'SstDumpToolExecutor'
]]></system-out>
  </testcase>
  <testcase name="testLoadJobsOnStartUp" classname="org.apache.hadoop.ozone.om.snapshot.TestSnapshotDiffManager" time="1.04">
    <failure type="org.opentest4j.AssertionFailedError"><![CDATA[org.opentest4j.AssertionFailedError: expected: <DONE> but was: <IN_PROGRESS>
	at org.junit.jupiter.api.AssertionUtils.fail(AssertionUtils.java:55)
	at org.junit.jupiter.api.AssertionUtils.failNotEqual(AssertionUtils.java:62)
	at org.junit.jupiter.api.AssertEquals.assertEquals(AssertEquals.java:182)
	at org.junit.jupiter.api.AssertEquals.assertEquals(AssertEquals.java:177)
	at org.junit.jupiter.api.Assertions.assertEquals(Assertions.java:1141)
	at org.apache.hadoop.ozone.om.snapshot.TestSnapshotDiffManager.testLoadJobsOnStartUp(TestSnapshotDiffManager.java:1317)
	at sun.reflect.NativeMethodAccessorImpl.invoke0(Native Method)
	at sun.reflect.NativeMethodAccessorImpl.invoke(NativeMethodAccessorImpl.java:62)
	at sun.reflect.DelegatingMethodAccessorImpl.invoke(DelegatingMethodAccessorImpl.java:43)
	at java.lang.reflect.Method.invoke(Method.java:498)
	at org.junit.platform.commons.util.ReflectionUtils.invokeMethod(ReflectionUtils.java:725)
	at org.junit.jupiter.engine.execution.MethodInvocation.proceed(MethodInvocation.java:60)
	at org.junit.jupiter.engine.execution.InvocationInterceptorChain$ValidatingInvocation.proceed(InvocationInterceptorChain.java:131)
	at org.junit.jupiter.engine.extension.TimeoutExtension.intercept(TimeoutExtension.java:149)
	at org.junit.jupiter.engine.extension.TimeoutExtension.interceptTestableMethod(TimeoutExtension.java:140)
	at org.junit.jupiter.engine.extension.TimeoutExtension.interceptTestMethod(TimeoutExtension.java:84)
	at org.junit.jupiter.engine.execution.ExecutableInvoker$ReflectiveInterceptorCall.lambda$ofVoidMethod$0(ExecutableInvoker.java:115)
	at org.junit.jupiter.engine.execution.ExecutableInvoker.lambda$invoke$0(ExecutableInvoker.java:105)
	at org.junit.jupiter.engine.execution.InvocationInterceptorChain$InterceptedInvocation.proceed(InvocationInterceptorChain.java:106)
	at org.junit.jupiter.engine.execution.InvocationInterceptorChain.proceed(InvocationInterceptorChain.java:64)
	at org.junit.jupiter.engine.execution.InvocationInterceptorChain.chainAndInvoke(InvocationInterceptorChain.java:45)
	at org.junit.jupiter.engine.execution.InvocationInterceptorChain.invoke(InvocationInterceptorChain.java:37)
	at org.junit.jupiter.engine.execution.ExecutableInvoker.invoke(ExecutableInvoker.java:104)
	at org.junit.jupiter.engine.execution.ExecutableInvoker.invoke(ExecutableInvoker.java:98)
	at org.junit.jupiter.engine.descriptor.TestMethodTestDescriptor.lambda$invokeTestMethod$7(TestMethodTestDescriptor.java:214)
	at org.junit.platform.engine.support.hierarchical.ThrowableCollector.execute(ThrowableCollector.java:73)
	at org.junit.jupiter.engine.descriptor.TestMethodTestDescriptor.invokeTestMethod(TestMethodTestDescriptor.java:210)
	at org.junit.jupiter.engine.descriptor.TestMethodTestDescriptor.execute(TestMethodTestDescriptor.java:135)
	at org.junit.jupiter.engine.descriptor.TestMethodTestDescriptor.execute(TestMethodTestDescriptor.java:66)
	at org.junit.platform.engine.support.hierarchical.NodeTestTask.lambda$executeRecursively$6(NodeTestTask.java:151)
	at org.junit.platform.engine.support.hierarchical.ThrowableCollector.execute(ThrowableCollector.java:73)
	at org.junit.platform.engine.support.hierarchical.NodeTestTask.lambda$executeRecursively$8(NodeTestTask.java:141)
	at org.junit.platform.engine.support.hierarchical.Node.around(Node.java:137)
	at org.junit.platform.engine.support.hierarchical.NodeTestTask.lambda$executeRecursively$9(NodeTestTask.java:139)
	at org.junit.platform.engine.support.hierarchical.ThrowableCollector.execute(ThrowableCollector.java:73)
	at org.junit.platform.engine.support.hierarchical.NodeTestTask.executeRecursively(NodeTestTask.java:138)
	at org.junit.platform.engine.support.hierarchical.NodeTestTask.execute(NodeTestTask.java:95)
	at java.util.ArrayList.forEach(ArrayList.java:1259)
	at org.junit.platform.engine.support.hierarchical.SameThreadHierarchicalTestExecutorService.invokeAll(SameThreadHierarchicalTestExecutorService.java:41)
	at org.junit.platform.engine.support.hierarchical.NodeTestTask.lambda$executeRecursively$6(NodeTestTask.java:155)
	at org.junit.platform.engine.support.hierarchical.ThrowableCollector.execute(ThrowableCollector.java:73)
	at org.junit.platform.engine.support.hierarchical.NodeTestTask.lambda$executeRecursively$8(NodeTestTask.java:141)
	at org.junit.platform.engine.support.hierarchical.Node.around(Node.java:137)
	at org.junit.platform.engine.support.hierarchical.NodeTestTask.lambda$executeRecursively$9(NodeTestTask.java:139)
	at org.junit.platform.engine.support.hierarchical.ThrowableCollector.execute(ThrowableCollector.java:73)
	at org.junit.platform.engine.support.hierarchical.NodeTestTask.executeRecursively(NodeTestTask.java:138)
	at org.junit.platform.engine.support.hierarchical.NodeTestTask.execute(NodeTestTask.java:95)
	at java.util.ArrayList.forEach(ArrayList.java:1259)
	at org.junit.platform.engine.support.hierarchical.SameThreadHierarchicalTestExecutorService.invokeAll(SameThreadHierarchicalTestExecutorService.java:41)
	at org.junit.platform.engine.support.hierarchical.NodeTestTask.lambda$executeRecursively$6(NodeTestTask.java:155)
	at org.junit.platform.engine.support.hierarchical.ThrowableCollector.execute(ThrowableCollector.java:73)
	at org.junit.platform.engine.support.hierarchical.NodeTestTask.lambda$executeRecursively$8(NodeTestTask.java:141)
	at org.junit.platform.engine.support.hierarchical.Node.around(Node.java:137)
	at org.junit.platform.engine.support.hierarchical.NodeTestTask.lambda$executeRecursively$9(NodeTestTask.java:139)
	at org.junit.platform.engine.support.hierarchical.ThrowableCollector.execute(ThrowableCollector.java:73)
	at org.junit.platform.engine.support.hierarchical.NodeTestTask.executeRecursively(NodeTestTask.java:138)
	at org.junit.platform.engine.support.hierarchical.NodeTestTask.execute(NodeTestTask.java:95)
	at org.junit.platform.engine.support.hierarchical.SameThreadHierarchicalTestExecutorService.submit(SameThreadHierarchicalTestExecutorService.java:35)
	at org.junit.platform.engine.support.hierarchical.HierarchicalTestExecutor.execute(HierarchicalTestExecutor.java:57)
	at org.junit.platform.engine.support.hierarchical.HierarchicalTestEngine.execute(HierarchicalTestEngine.java:54)
	at org.junit.platform.launcher.core.EngineExecutionOrchestrator.execute(EngineExecutionOrchestrator.java:107)
	at org.junit.platform.launcher.core.EngineExecutionOrchestrator.execute(EngineExecutionOrchestrator.java:88)
	at org.junit.platform.launcher.core.EngineExecutionOrchestrator.lambda$execute$0(EngineExecutionOrchestrator.java:54)
	at org.junit.platform.launcher.core.EngineExecutionOrchestrator.withInterceptedStreams(EngineExecutionOrchestrator.java:67)
	at org.junit.platform.launcher.core.EngineExecutionOrchestrator.execute(EngineExecutionOrchestrator.java:52)
	at org.junit.platform.launcher.core.DefaultLauncher.execute(DefaultLauncher.java:114)
	at org.junit.platform.launcher.core.DefaultLauncher.execute(DefaultLauncher.java:86)
	at org.junit.platform.launcher.core.DefaultLauncherSession$DelegatingLauncher.execute(DefaultLauncherSession.java:86)
	at org.junit.platform.launcher.core.SessionPerRequestLauncher.execute(SessionPerRequestLauncher.java:53)
	at org.apache.maven.surefire.junitplatform.JUnitPlatformProvider.execute(JUnitPlatformProvider.java:188)
	at org.apache.maven.surefire.junitplatform.JUnitPlatformProvider.invokeAllTests(JUnitPlatformProvider.java:154)
	at org.apache.maven.surefire.junitplatform.JUnitPlatformProvider.invoke(JUnitPlatformProvider.java:124)
	at org.apache.maven.surefire.booter.ForkedBooter.runSuitesInProcess(ForkedBooter.java:428)
	at org.apache.maven.surefire.booter.ForkedBooter.execute(ForkedBooter.java:162)
	at org.apache.maven.surefire.booter.ForkedBooter.run(ForkedBooter.java:562)
	at org.apache.maven.surefire.booter.ForkedBooter.main(ForkedBooter.java:548)
]]></failure>
    <system-out><![CDATA[2023-10-11 09:27:33,647 [main] INFO  snapshot.SnapshotDiffManager (SnapshotDiffManager.java:closeExecutorService(1720)) - Shutting down executorService: 'SstDumpToolExecutor'
2023-10-11 09:27:33,651 [main] INFO  snapshot.SnapshotDiffManager (SnapshotDiffManager.java:submitSnapDiffJob(732)) - Submitting snap diff report generation request for volume: volume, bucket: bucket, fromSnapshot: snap-94c847ee-fc1b-417b-899b-e8f0ce69f89b and toSnapshot: snap-bff7d03c-861a-435b-b181-54d83c587605
2023-10-11 09:27:34,666 [main] INFO  snapshot.SnapshotDiffManager (SnapshotDiffManager.java:closeExecutorService(1720)) - Shutting down executorService: 'SnapDiffExecutor'
2023-10-11 09:27:34,666 [main] INFO  snapshot.SnapshotDiffManager (SnapshotDiffManager.java:closeExecutorService(1720)) - Shutting down executorService: 'SstDumpToolExecutor'
]]></system-out>
  </testcase>
  <testcase name="testGenerateDiffReportFailure" classname="org.apache.hadoop.ozone.om.snapshot.TestSnapshotDiffManager" time="0.058">
    <system-out><![CDATA[2023-10-11 09:27:34,693 [main] INFO  snapshot.SnapshotDiffManager (SnapshotDiffManager.java:closeExecutorService(1720)) - Shutting down executorService: 'SstDumpToolExecutor'
2023-10-11 09:27:34,695 [main] INFO  snapshot.SnapshotDiffManager (SnapshotDiffManager.java:generateDiffReport(1305)) - Starting diff report generation for jobId: jobId.
2023-10-11 09:27:34,728 [main] INFO  snapshot.SnapshotDiffManager (SnapshotDiffManager.java:closeExecutorService(1720)) - Shutting down executorService: 'SnapDiffExecutor'
2023-10-11 09:27:34,728 [main] INFO  snapshot.SnapshotDiffManager (SnapshotDiffManager.java:closeExecutorService(1720)) - Shutting down executorService: 'SstDumpToolExecutor'
]]></system-out>
  </testcase>
  <testcase name="testGenerateDiffReportWhenThereInEntry" classname="org.apache.hadoop.ozone.om.snapshot.TestSnapshotDiffManager" time="0.063">
    <system-out><![CDATA[2023-10-11 09:27:34,759 [main] INFO  snapshot.SnapshotDiffManager (SnapshotDiffManager.java:closeExecutorService(1720)) - Shutting down executorService: 'SstDumpToolExecutor'
2023-10-11 09:27:34,760 [main] INFO  snapshot.SnapshotDiffManager (SnapshotDiffManager.java:generateDiffReport(1305)) - Starting diff report generation for jobId: jobId.
2023-10-11 09:27:34,798 [main] INFO  snapshot.SnapshotDiffManager (SnapshotDiffManager.java:closeExecutorService(1720)) - Shutting down executorService: 'SnapDiffExecutor'
2023-10-11 09:27:34,799 [main] INFO  snapshot.SnapshotDiffManager (SnapshotDiffManager.java:closeExecutorService(1720)) - Shutting down executorService: 'SstDumpToolExecutor'
]]></system-out>
  </testcase>
  <testcase name="testListSnapDiffWithInvalidStatus" classname="org.apache.hadoop.ozone.om.snapshot.TestSnapshotDiffManager" time="0.031">
    <system-out><![CDATA[2023-10-11 09:27:34,822 [main] INFO  snapshot.SnapshotDiffManager (SnapshotDiffManager.java:closeExecutorService(1720)) - Shutting down executorService: 'SstDumpToolExecutor'
2023-10-11 09:27:34,825 [main] INFO  snapshot.SnapshotDiffManager (SnapshotDiffManager.java:submitSnapDiffJob(732)) - Submitting snap diff report generation request for volume: vol-19443, bucket: bucket-25545, fromSnapshot: snap-30345 and toSnapshot: snap-60367
2023-10-11 09:27:34,826 [main] INFO  snapshot.SnapshotDiffManager (SnapshotDiffManager.java:getJobStatus(500)) - java.lang.IllegalArgumentException: No enum constant org.apache.hadoop.ozone.snapshot.SnapshotDiffResponse.JobStatus.INVALID
2023-10-11 09:27:34,832 [main] INFO  snapshot.SnapshotDiffManager (SnapshotDiffManager.java:closeExecutorService(1720)) - Shutting down executorService: 'SnapDiffExecutor'
2023-10-11 09:27:34,833 [main] INFO  snapshot.SnapshotDiffManager (SnapshotDiffManager.java:closeExecutorService(1720)) - Shutting down executorService: 'SstDumpToolExecutor'
]]></system-out>
  </testcase>
  <testcase name="testGetDeltaFilesWithDag(int)[1]" classname="org.apache.hadoop.ozone.om.snapshot.TestSnapshotDiffManager" time="0.043">
    <system-out><![CDATA[2023-10-11 09:27:34,870 [main] INFO  snapshot.SnapshotDiffManager (SnapshotDiffManager.java:closeExecutorService(1720)) - Shutting down executorService: 'SstDumpToolExecutor'
2023-10-11 09:27:34,874 [main] INFO  snapshot.SnapshotCache (SnapshotCache.java:lambda$1(170)) - Loading snapshot. Table key: 5b637429-d20a-466a-a8de-1be40311180c
2023-10-11 09:27:34,876 [main] INFO  snapshot.SnapshotCache (SnapshotCache.java:lambda$1(170)) - Loading snapshot. Table key: 7df88b37-d8b0-4f6d-b69d-07fc748c6f4a
2023-10-11 09:27:34,877 [main] INFO  snapshot.SnapshotDiffManager (SnapshotDiffManager.java:closeExecutorService(1720)) - Shutting down executorService: 'SnapDiffExecutor'
2023-10-11 09:27:34,878 [main] INFO  snapshot.SnapshotDiffManager (SnapshotDiffManager.java:closeExecutorService(1720)) - Shutting down executorService: 'SstDumpToolExecutor'
]]></system-out>
  </testcase>
  <testcase name="testGetDeltaFilesWithDag(int)[2]" classname="org.apache.hadoop.ozone.om.snapshot.TestSnapshotDiffManager" time="0.03">
    <system-out><![CDATA[2023-10-11 09:27:34,905 [main] INFO  snapshot.SnapshotDiffManager (SnapshotDiffManager.java:closeExecutorService(1720)) - Shutting down executorService: 'SstDumpToolExecutor'
2023-10-11 09:27:34,906 [main] INFO  snapshot.SnapshotCache (SnapshotCache.java:lambda$1(170)) - Loading snapshot. Table key: 8851484e-59c9-4b61-b8f1-bc31b965b88e
2023-10-11 09:27:34,907 [main] INFO  snapshot.SnapshotCache (SnapshotCache.java:lambda$1(170)) - Loading snapshot. Table key: fc24e0a7-3e33-410e-b0e8-9702f486b5ef
2023-10-11 09:27:34,912 [main] INFO  snapshot.SnapshotDiffManager (SnapshotDiffManager.java:closeExecutorService(1720)) - Shutting down executorService: 'SnapDiffExecutor'
2023-10-11 09:27:34,913 [main] INFO  snapshot.SnapshotDiffManager (SnapshotDiffManager.java:closeExecutorService(1720)) - Shutting down executorService: 'SstDumpToolExecutor'
]]></system-out>
  </testcase>
  <testcase name="testGetDeltaFilesWithDag(int)[3]" classname="org.apache.hadoop.ozone.om.snapshot.TestSnapshotDiffManager" time="0.03">
    <system-out><![CDATA[2023-10-11 09:27:34,934 [main] INFO  snapshot.SnapshotDiffManager (SnapshotDiffManager.java:closeExecutorService(1720)) - Shutting down executorService: 'SstDumpToolExecutor'
2023-10-11 09:27:34,936 [main] INFO  snapshot.SnapshotCache (SnapshotCache.java:lambda$1(170)) - Loading snapshot. Table key: 911be142-e368-4514-9c76-f5c08a1f6e6d
2023-10-11 09:27:34,937 [main] INFO  snapshot.SnapshotCache (SnapshotCache.java:lambda$1(170)) - Loading snapshot. Table key: ccfd5ce1-751a-42c6-acf2-fba61a43c24f
2023-10-11 09:27:34,943 [main] INFO  snapshot.SnapshotDiffManager (SnapshotDiffManager.java:closeExecutorService(1720)) - Shutting down executorService: 'SnapDiffExecutor'
2023-10-11 09:27:34,943 [main] INFO  snapshot.SnapshotDiffManager (SnapshotDiffManager.java:closeExecutorService(1720)) - Shutting down executorService: 'SstDumpToolExecutor'
]]></system-out>
  </testcase>
  <testcase name="testGetDeltaFilesWithDag(int)[4]" classname="org.apache.hadoop.ozone.om.snapshot.TestSnapshotDiffManager" time="0.025">
    <system-out><![CDATA[2023-10-11 09:27:34,968 [main] INFO  snapshot.SnapshotDiffManager (SnapshotDiffManager.java:closeExecutorService(1720)) - Shutting down executorService: 'SstDumpToolExecutor'
2023-10-11 09:27:34,970 [main] INFO  snapshot.SnapshotCache (SnapshotCache.java:lambda$1(170)) - Loading snapshot. Table key: 10c3ef90-3d0e-49c5-9d23-b8462703b353
2023-10-11 09:27:34,970 [main] INFO  snapshot.SnapshotCache (SnapshotCache.java:lambda$1(170)) - Loading snapshot. Table key: a24f4b96-49ec-4b99-96de-e8e855c3f5be
2023-10-11 09:27:34,972 [main] INFO  snapshot.SnapshotDiffManager (SnapshotDiffManager.java:closeExecutorService(1720)) - Shutting down executorService: 'SnapDiffExecutor'
2023-10-11 09:27:34,972 [main] INFO  snapshot.SnapshotDiffManager (SnapshotDiffManager.java:closeExecutorService(1720)) - Shutting down executorService: 'SstDumpToolExecutor'
]]></system-out>
  </testcase>
  <testcase name="testGetDeltaFilesWithDag(int)[5]" classname="org.apache.hadoop.ozone.om.snapshot.TestSnapshotDiffManager" time="0.031">
    <system-out><![CDATA[2023-10-11 09:27:34,997 [main] INFO  snapshot.SnapshotDiffManager (SnapshotDiffManager.java:closeExecutorService(1720)) - Shutting down executorService: 'SstDumpToolExecutor'
2023-10-11 09:27:34,999 [main] INFO  snapshot.SnapshotCache (SnapshotCache.java:lambda$1(170)) - Loading snapshot. Table key: 11a17c9d-7a7c-407c-8e92-364bc7f5ad5b
2023-10-11 09:27:35,000 [main] INFO  snapshot.SnapshotCache (SnapshotCache.java:lambda$1(170)) - Loading snapshot. Table key: 2554da27-586e-44f1-98d3-41b83856771b
2023-10-11 09:27:35,004 [main] INFO  snapshot.SnapshotDiffManager (SnapshotDiffManager.java:closeExecutorService(1720)) - Shutting down executorService: 'SnapDiffExecutor'
2023-10-11 09:27:35,005 [main] INFO  snapshot.SnapshotDiffManager (SnapshotDiffManager.java:closeExecutorService(1720)) - Shutting down executorService: 'SstDumpToolExecutor'
]]></system-out>
  </testcase>
  <testcase name="testGetDeltaFilesWithDag(int)[6]" classname="org.apache.hadoop.ozone.om.snapshot.TestSnapshotDiffManager" time="0.027">
    <system-out><![CDATA[2023-10-11 09:27:35,031 [main] INFO  snapshot.SnapshotDiffManager (SnapshotDiffManager.java:closeExecutorService(1720)) - Shutting down executorService: 'SstDumpToolExecutor'
2023-10-11 09:27:35,034 [main] INFO  snapshot.SnapshotCache (SnapshotCache.java:lambda$1(170)) - Loading snapshot. Table key: d3799ce3-a4ec-46c0-b733-a207ed55cdb1
2023-10-11 09:27:35,034 [main] INFO  snapshot.SnapshotCache (SnapshotCache.java:lambda$1(170)) - Loading snapshot. Table key: 7eb3cc90-20c5-4332-9e42-517d9a23f203
2023-10-11 09:27:35,036 [main] INFO  snapshot.SnapshotDiffManager (SnapshotDiffManager.java:closeExecutorService(1720)) - Shutting down executorService: 'SnapDiffExecutor'
2023-10-11 09:27:35,036 [main] INFO  snapshot.SnapshotDiffManager (SnapshotDiffManager.java:closeExecutorService(1720)) - Shutting down executorService: 'SstDumpToolExecutor'
]]></system-out>
  </testcase>
  <testcase name="testGetDeltaFilesWithDag(int)[7]" classname="org.apache.hadoop.ozone.om.snapshot.TestSnapshotDiffManager" time="0.044">
    <system-out><![CDATA[2023-10-11 09:27:35,061 [main] INFO  snapshot.SnapshotDiffManager (SnapshotDiffManager.java:closeExecutorService(1720)) - Shutting down executorService: 'SstDumpToolExecutor'
2023-10-11 09:27:35,076 [main] INFO  snapshot.SnapshotCache (SnapshotCache.java:lambda$1(170)) - Loading snapshot. Table key: cb19b67d-4123-4f0d-b3ea-1cec0c597613
2023-10-11 09:27:35,077 [main] INFO  snapshot.SnapshotCache (SnapshotCache.java:lambda$1(170)) - Loading snapshot. Table key: 13632464-7903-4de0-ab78-9750680d6560
2023-10-11 09:27:35,081 [main] INFO  snapshot.SnapshotDiffManager (SnapshotDiffManager.java:closeExecutorService(1720)) - Shutting down executorService: 'SnapDiffExecutor'
2023-10-11 09:27:35,081 [main] INFO  snapshot.SnapshotDiffManager (SnapshotDiffManager.java:closeExecutorService(1720)) - Shutting down executorService: 'SstDumpToolExecutor'
]]></system-out>
  </testcase>
  <testcase name="testCancelNewSnapshotDiff" classname="org.apache.hadoop.ozone.om.snapshot.TestSnapshotDiffManager" time="0.1">
    <system-out><![CDATA[2023-10-11 09:27:35,102 [main] INFO  snapshot.SnapshotDiffManager (SnapshotDiffManager.java:closeExecutorService(1720)) - Shutting down executorService: 'SstDumpToolExecutor'
2023-10-11 09:27:35,154 [main] WARN  util.NativeCodeLoader (NativeCodeLoader.java:<clinit>(60)) - Unable to load native-hadoop library for your platform... using builtin-java classes where applicable
2023-10-11 09:27:35,183 [main] INFO  snapshot.SnapshotDiffManager (SnapshotDiffManager.java:closeExecutorService(1720)) - Shutting down executorService: 'SnapDiffExecutor'
2023-10-11 09:27:35,183 [main] INFO  snapshot.SnapshotDiffManager (SnapshotDiffManager.java:closeExecutorService(1720)) - Shutting down executorService: 'SstDumpToolExecutor'
]]></system-out>
  </testcase>
  <testcase name="testListSnapshotDiffJobs(String, boolean, boolean)[1]" classname="org.apache.hadoop.ozone.om.snapshot.TestSnapshotDiffManager" time="0.052">
    <system-out><![CDATA[2023-10-11 09:27:35,214 [main] INFO  snapshot.SnapshotDiffManager (SnapshotDiffManager.java:closeExecutorService(1720)) - Shutting down executorService: 'SstDumpToolExecutor'
2023-10-11 09:27:35,217 [main] INFO  snapshot.SnapshotDiffManager (SnapshotDiffManager.java:submitSnapDiffJob(732)) - Submitting snap diff report generation request for volume: vol-97904, bucket: bucket-40558, fromSnapshot: snap-04359 and toSnapshot: snap-87422
2023-10-11 09:27:35,236 [main] INFO  snapshot.SnapshotDiffManager (SnapshotDiffManager.java:closeExecutorService(1720)) - Shutting down executorService: 'SnapDiffExecutor'
2023-10-11 09:27:35,237 [main] INFO  snapshot.SnapshotDiffManager (SnapshotDiffManager.java:closeExecutorService(1720)) - Shutting down executorService: 'SstDumpToolExecutor'
]]></system-out>
  </testcase>
  <testcase name="testListSnapshotDiffJobs(String, boolean, boolean)[2]" classname="org.apache.hadoop.ozone.om.snapshot.TestSnapshotDiffManager" time="0.034">
    <system-out><![CDATA[2023-10-11 09:27:35,267 [main] INFO  snapshot.SnapshotDiffManager (SnapshotDiffManager.java:closeExecutorService(1720)) - Shutting down executorService: 'SstDumpToolExecutor'
2023-10-11 09:27:35,270 [main] INFO  snapshot.SnapshotDiffManager (SnapshotDiffManager.java:submitSnapDiffJob(732)) - Submitting snap diff report generation request for volume: vol-17514, bucket: bucket-00587, fromSnapshot: snap-48656 and toSnapshot: snap-64238
2023-10-11 09:27:35,271 [main] INFO  snapshot.SnapshotDiffManager (SnapshotDiffManager.java:closeExecutorService(1720)) - Shutting down executorService: 'SnapDiffExecutor'
2023-10-11 09:27:35,272 [main] INFO  snapshot.SnapshotDiffManager (SnapshotDiffManager.java:closeExecutorService(1720)) - Shutting down executorService: 'SstDumpToolExecutor'
]]></system-out>
  </testcase>
  <testcase name="testListSnapshotDiffJobs(String, boolean, boolean)[3]" classname="org.apache.hadoop.ozone.om.snapshot.TestSnapshotDiffManager" time="0.036">
    <system-out><![CDATA[2023-10-11 09:27:35,298 [main] INFO  snapshot.SnapshotDiffManager (SnapshotDiffManager.java:closeExecutorService(1720)) - Shutting down executorService: 'SstDumpToolExecutor'
2023-10-11 09:27:35,301 [main] INFO  snapshot.SnapshotDiffManager (SnapshotDiffManager.java:submitSnapDiffJob(732)) - Submitting snap diff report generation request for volume: vol-69479, bucket: bucket-53873, fromSnapshot: snap-27423 and toSnapshot: snap-33924
2023-10-11 09:27:35,308 [main] INFO  snapshot.SnapshotDiffManager (SnapshotDiffManager.java:closeExecutorService(1720)) - Shutting down executorService: 'SnapDiffExecutor'
2023-10-11 09:27:35,309 [main] INFO  snapshot.SnapshotDiffManager (SnapshotDiffManager.java:closeExecutorService(1720)) - Shutting down executorService: 'SstDumpToolExecutor'
]]></system-out>
  </testcase>
  <testcase name="testListSnapshotDiffJobs(String, boolean, boolean)[4]" classname="org.apache.hadoop.ozone.om.snapshot.TestSnapshotDiffManager" time="0.044">
    <system-out><![CDATA[2023-10-11 09:27:35,344 [main] INFO  snapshot.SnapshotDiffManager (SnapshotDiffManager.java:closeExecutorService(1720)) - Shutting down executorService: 'SstDumpToolExecutor'
2023-10-11 09:27:35,347 [main] INFO  snapshot.SnapshotDiffManager (SnapshotDiffManager.java:submitSnapDiffJob(732)) - Submitting snap diff report generation request for volume: vol-02940, bucket: bucket-79665, fromSnapshot: snap-98311 and toSnapshot: snap-12775
2023-10-11 09:27:35,354 [main] INFO  snapshot.SnapshotDiffManager (SnapshotDiffManager.java:closeExecutorService(1720)) - Shutting down executorService: 'SnapDiffExecutor'
2023-10-11 09:27:35,355 [main] INFO  snapshot.SnapshotDiffManager (SnapshotDiffManager.java:closeExecutorService(1720)) - Shutting down executorService: 'SstDumpToolExecutor'
]]></system-out>
  </testcase>
  <testcase name="testListSnapshotDiffJobs(String, boolean, boolean)[5]" classname="org.apache.hadoop.ozone.om.snapshot.TestSnapshotDiffManager" time="0.046">
    <system-out><![CDATA[2023-10-11 09:27:35,387 [main] INFO  snapshot.SnapshotDiffManager (SnapshotDiffManager.java:closeExecutorService(1720)) - Shutting down executorService: 'SstDumpToolExecutor'
2023-10-11 09:27:35,390 [main] INFO  snapshot.SnapshotDiffManager (SnapshotDiffManager.java:submitSnapDiffJob(732)) - Submitting snap diff report generation request for volume: vol-24434, bucket: bucket-24927, fromSnapshot: snap-82709 and toSnapshot: snap-74691
2023-10-11 09:27:35,402 [main] INFO  snapshot.SnapshotDiffManager (SnapshotDiffManager.java:closeExecutorService(1720)) - Shutting down executorService: 'SnapDiffExecutor'
2023-10-11 09:27:35,402 [main] INFO  snapshot.SnapshotDiffManager (SnapshotDiffManager.java:closeExecutorService(1720)) - Shutting down executorService: 'SstDumpToolExecutor'
]]></system-out>
  </testcase>
  <testcase name="testListSnapshotDiffJobs(String, boolean, boolean)[6]" classname="org.apache.hadoop.ozone.om.snapshot.TestSnapshotDiffManager" time="0.036">
    <system-out><![CDATA[2023-10-11 09:27:35,427 [main] INFO  snapshot.SnapshotDiffManager (SnapshotDiffManager.java:closeExecutorService(1720)) - Shutting down executorService: 'SstDumpToolExecutor'
2023-10-11 09:27:35,434 [main] INFO  snapshot.SnapshotDiffManager (SnapshotDiffManager.java:submitSnapDiffJob(732)) - Submitting snap diff report generation request for volume: vol-08423, bucket: bucket-39792, fromSnapshot: snap-23965 and toSnapshot: snap-55132
2023-10-11 09:27:35,440 [main] INFO  snapshot.SnapshotDiffManager (SnapshotDiffManager.java:closeExecutorService(1720)) - Shutting down executorService: 'SnapDiffExecutor'
2023-10-11 09:27:35,440 [main] INFO  snapshot.SnapshotDiffManager (SnapshotDiffManager.java:closeExecutorService(1720)) - Shutting down executorService: 'SstDumpToolExecutor'
]]></system-out>
  </testcase>
  <testcase name="testListSnapshotDiffJobs(String, boolean, boolean)[7]" classname="org.apache.hadoop.ozone.om.snapshot.TestSnapshotDiffManager" time="0.024">
    <system-out><![CDATA[2023-10-11 09:27:35,459 [main] INFO  snapshot.SnapshotDiffManager (SnapshotDiffManager.java:closeExecutorService(1720)) - Shutting down executorService: 'SstDumpToolExecutor'
2023-10-11 09:27:35,462 [main] INFO  snapshot.SnapshotDiffManager (SnapshotDiffManager.java:submitSnapDiffJob(732)) - Submitting snap diff report generation request for volume: vol-64480, bucket: bucket-28861, fromSnapshot: snap-75677 and toSnapshot: snap-08675
2023-10-11 09:27:35,464 [main] INFO  snapshot.SnapshotDiffManager (SnapshotDiffManager.java:closeExecutorService(1720)) - Shutting down executorService: 'SnapDiffExecutor'
2023-10-11 09:27:35,465 [main] INFO  snapshot.SnapshotDiffManager (SnapshotDiffManager.java:closeExecutorService(1720)) - Shutting down executorService: 'SstDumpToolExecutor'
]]></system-out>
  </testcase>
  <testcase name="testListSnapshotDiffJobs(String, boolean, boolean)[8]" classname="org.apache.hadoop.ozone.om.snapshot.TestSnapshotDiffManager" time="0.04">
    <system-out><![CDATA[2023-10-11 09:27:35,499 [main] INFO  snapshot.SnapshotDiffManager (SnapshotDiffManager.java:closeExecutorService(1720)) - Shutting down executorService: 'SstDumpToolExecutor'
2023-10-11 09:27:35,502 [main] INFO  snapshot.SnapshotDiffManager (SnapshotDiffManager.java:submitSnapDiffJob(732)) - Submitting snap diff report generation request for volume: vol-27508, bucket: bucket-99353, fromSnapshot: snap-42369 and toSnapshot: snap-48649
2023-10-11 09:27:35,505 [main] INFO  snapshot.SnapshotDiffManager (SnapshotDiffManager.java:closeExecutorService(1720)) - Shutting down executorService: 'SnapDiffExecutor'
2023-10-11 09:27:35,506 [main] INFO  snapshot.SnapshotDiffManager (SnapshotDiffManager.java:closeExecutorService(1720)) - Shutting down executorService: 'SstDumpToolExecutor'
]]></system-out>
  </testcase>
  <testcase name="testSnapshotDiffCancelFailure(JobStatus, CancelMessage)[1]" classname="org.apache.hadoop.ozone.om.snapshot.TestSnapshotDiffManager" time="0.025">
    <system-out><![CDATA[2023-10-11 09:27:35,532 [main] INFO  snapshot.SnapshotDiffManager (SnapshotDiffManager.java:closeExecutorService(1720)) - Shutting down executorService: 'SstDumpToolExecutor'
2023-10-11 09:27:35,534 [main] INFO  snapshot.SnapshotDiffManager (SnapshotDiffManager.java:closeExecutorService(1720)) - Shutting down executorService: 'SnapDiffExecutor'
2023-10-11 09:27:35,535 [main] INFO  snapshot.SnapshotDiffManager (SnapshotDiffManager.java:closeExecutorService(1720)) - Shutting down executorService: 'SstDumpToolExecutor'
]]></system-out>
  </testcase>
  <testcase name="testSnapshotDiffCancelFailure(JobStatus, CancelMessage)[2]" classname="org.apache.hadoop.ozone.om.snapshot.TestSnapshotDiffManager" time="0.021">
    <system-out><![CDATA[2023-10-11 09:27:35,555 [main] INFO  snapshot.SnapshotDiffManager (SnapshotDiffManager.java:closeExecutorService(1720)) - Shutting down executorService: 'SstDumpToolExecutor'
2023-10-11 09:27:35,557 [main] INFO  snapshot.SnapshotDiffManager (SnapshotDiffManager.java:closeExecutorService(1720)) - Shutting down executorService: 'SnapDiffExecutor'
2023-10-11 09:27:35,557 [main] INFO  snapshot.SnapshotDiffManager (SnapshotDiffManager.java:closeExecutorService(1720)) - Shutting down executorService: 'SstDumpToolExecutor'
]]></system-out>
  </testcase>
  <testcase name="testSnapshotDiffCancelFailure(JobStatus, CancelMessage)[3]" classname="org.apache.hadoop.ozone.om.snapshot.TestSnapshotDiffManager" time="0.022">
    <system-out><![CDATA[2023-10-11 09:27:35,578 [main] INFO  snapshot.SnapshotDiffManager (SnapshotDiffManager.java:closeExecutorService(1720)) - Shutting down executorService: 'SstDumpToolExecutor'
2023-10-11 09:27:35,581 [main] INFO  snapshot.SnapshotDiffManager (SnapshotDiffManager.java:closeExecutorService(1720)) - Shutting down executorService: 'SnapDiffExecutor'
2023-10-11 09:27:35,581 [main] INFO  snapshot.SnapshotDiffManager (SnapshotDiffManager.java:closeExecutorService(1720)) - Shutting down executorService: 'SstDumpToolExecutor'
]]></system-out>
  </testcase>
  <testcase name="testSnapshotDiffCancelFailure(JobStatus, CancelMessage)[4]" classname="org.apache.hadoop.ozone.om.snapshot.TestSnapshotDiffManager" time="0.023">
    <system-out><![CDATA[2023-10-11 09:27:35,603 [main] INFO  snapshot.SnapshotDiffManager (SnapshotDiffManager.java:closeExecutorService(1720)) - Shutting down executorService: 'SstDumpToolExecutor'
2023-10-11 09:27:35,605 [main] INFO  snapshot.SnapshotDiffManager (SnapshotDiffManager.java:closeExecutorService(1720)) - Shutting down executorService: 'SnapDiffExecutor'
2023-10-11 09:27:35,605 [main] INFO  snapshot.SnapshotDiffManager (SnapshotDiffManager.java:closeExecutorService(1720)) - Shutting down executorService: 'SstDumpToolExecutor'
]]></system-out>
  </testcase>
  <testcase name="testSnapshotDiffCancelFailure(JobStatus, CancelMessage)[5]" classname="org.apache.hadoop.ozone.om.snapshot.TestSnapshotDiffManager" time="0.022">
    <system-out><![CDATA[2023-10-11 09:27:35,625 [main] INFO  snapshot.SnapshotDiffManager (SnapshotDiffManager.java:closeExecutorService(1720)) - Shutting down executorService: 'SstDumpToolExecutor'
2023-10-11 09:27:35,629 [main] INFO  snapshot.SnapshotDiffManager (SnapshotDiffManager.java:closeExecutorService(1720)) - Shutting down executorService: 'SnapDiffExecutor'
2023-10-11 09:27:35,629 [main] INFO  snapshot.SnapshotDiffManager (SnapshotDiffManager.java:closeExecutorService(1720)) - Shutting down executorService: 'SstDumpToolExecutor'
]]></system-out>
  </testcase>
  <testcase name="testSnapshotDiffCancelFailure(JobStatus, CancelMessage)[6]" classname="org.apache.hadoop.ozone.om.snapshot.TestSnapshotDiffManager" time="0.026">
    <system-out><![CDATA[2023-10-11 09:27:35,650 [main] INFO  snapshot.SnapshotDiffManager (SnapshotDiffManager.java:closeExecutorService(1720)) - Shutting down executorService: 'SstDumpToolExecutor'
2023-10-11 09:27:35,657 [main] INFO  snapshot.SnapshotDiffManager (SnapshotDiffManager.java:closeExecutorService(1720)) - Shutting down executorService: 'SnapDiffExecutor'
2023-10-11 09:27:35,657 [main] INFO  snapshot.SnapshotDiffManager (SnapshotDiffManager.java:closeExecutorService(1720)) - Shutting down executorService: 'SstDumpToolExecutor'
]]></system-out>
  </testcase>
  <testcase name="testGetSnapshotDiffReportForCancelledJob" classname="org.apache.hadoop.ozone.om.snapshot.TestSnapshotDiffManager" time="0.027">
    <system-out><![CDATA[2023-10-11 09:27:35,679 [main] INFO  snapshot.SnapshotDiffManager (SnapshotDiffManager.java:closeExecutorService(1720)) - Shutting down executorService: 'SstDumpToolExecutor'
2023-10-11 09:27:35,681 [main] INFO  snapshot.SnapshotDiffManager (SnapshotDiffManager.java:submitSnapDiffJob(732)) - Submitting snap diff report generation request for volume: vol-62786, bucket: bucket-41252, fromSnapshot: snap-02593 and toSnapshot: snap-23882
2023-10-11 09:27:35,684 [main] INFO  snapshot.SnapshotDiffManager (SnapshotDiffManager.java:closeExecutorService(1720)) - Shutting down executorService: 'SnapDiffExecutor'
2023-10-11 09:27:35,685 [main] INFO  snapshot.SnapshotDiffManager (SnapshotDiffManager.java:closeExecutorService(1720)) - Shutting down executorService: 'SstDumpToolExecutor'
]]></system-out>
  </testcase>
</testsuite>